<?xml version="1.0" encoding="UTF-8"?>
<testsuite xmlns:xsi="http://www.w3.org/2001/XMLSchema-instance" xsi:noNamespaceSchemaLocation="https://maven.apache.org/surefire/maven-surefire-plugin/xsd/surefire-test-report-3.0.xsd" version="3.0" name="org.apache.hadoop.ozone.client.rpc.TestWatchForCommit" time="25.169" tests="1" errors="0" skipped="0" failures="0">
  <properties>
    <property name="awt.toolkit" value="sun.awt.X11.XToolkit"/>
    <property name="file.encoding.pkg" value="sun.io"/>
    <property name="java.specification.version" value="1.8"/>
    <property name="sun.cpu.isalist" value=""/>
    <property name="sun.jnu.encoding" value="UTF-8"/>
    <property name="gradle.enterprise.listener.surefire.forkId" value="1"/>
    <property name="java.class.path" value="/home/runner/work/ozone/ozone/hadoop-ozone/integration-test/target/test-classes:/home/runner/work/ozone/ozone/hadoop-ozone/integration-test/target/classes:/home/runner/.m2/repository/org/apache/ozone/ozone-common/1.5.0-SNAPSHOT/ozone-common-1.5.0-SNAPSHOT.jar:/home/runner/.m2/repository/io/grpc/grpc-netty/1.58.0/grpc-netty-1.58.0.jar:/home/runner/.m2/repository/io/grpc/grpc-core/1.58.0/grpc-core-1.58.0.jar:/home/runner/.m2/repository/com/google/android/annotations/4.1.1.4/annotations-4.1.1.4.jar:/home/runner/.m2/repository/org/codehaus/mojo/animal-sniffer-annotations/1.23/animal-sniffer-annotations-1.23.jar:/home/runner/.m2/repository/io/grpc/grpc-context/1.58.0/grpc-context-1.58.0.jar:/home/runner/.m2/repository/io/grpc/grpc-util/1.58.0/grpc-util-1.58.0.jar:/home/runner/.m2/repository/com/google/errorprone/error_prone_annotations/2.2.0/error_prone_annotations-2.2.0.jar:/home/runner/.m2/repository/io/perfmark/perfmark-api/0.26.0/perfmark-api-0.26.0.jar:/home/runner/.m2/repository/io/netty/netty-codec-http2/4.1.100.Final/netty-codec-http2-4.1.100.Final.jar:/home/runner/.m2/repository/io/netty/netty-common/4.1.100.Final/netty-common-4.1.100.Final.jar:/home/runner/.m2/repository/io/netty/netty-buffer/4.1.100.Final/netty-buffer-4.1.100.Final.jar:/home/runner/.m2/repository/io/netty/netty-codec-http/4.1.100.Final/netty-codec-http-4.1.100.Final.jar:/home/runner/.m2/repository/io/netty/netty-handler-proxy/4.1.100.Final/netty-handler-proxy-4.1.100.Final.jar:/home/runner/.m2/repository/io/netty/netty-codec-socks/4.1.100.Final/netty-codec-socks-4.1.100.Final.jar:/home/runner/.m2/repository/io/netty/netty-tcnative-boringssl-static/2.0.61.Final/netty-tcnative-boringssl-static-2.0.61.Final.jar:/home/runner/.m2/repository/io/netty/netty-tcnative-classes/2.0.61.Final/netty-tcnative-classes-2.0.61.Final.jar:/home/runner/.m2/repository/io/netty/netty-tcnative-boringssl-static/2.0.61.Final/netty-tcnative-boringssl-static-2.0.61.Final-linux-x86_64.jar:/home/runner/.m2/repository/io/netty/netty-tcnative-boringssl-static/2.0.61.Final/netty-tcnative-boringssl-static-2.0.61.Final-linux-aarch_64.jar:/home/runner/.m2/repository/io/netty/netty-tcnative-boringssl-static/2.0.61.Final/netty-tcnative-boringssl-static-2.0.61.Final-osx-x86_64.jar:/home/runner/.m2/repository/io/netty/netty-tcnative-boringssl-static/2.0.61.Final/netty-tcnative-boringssl-static-2.0.61.Final-osx-aarch_64.jar:/home/runner/.m2/repository/io/netty/netty-tcnative-boringssl-static/2.0.61.Final/netty-tcnative-boringssl-static-2.0.61.Final-windows-x86_64.jar:/home/runner/.m2/repository/org/apache/commons/commons-compress/1.26.0/commons-compress-1.26.0.jar:/home/runner/.m2/repository/org/apache/ozone/hdds-common/1.5.0-SNAPSHOT/hdds-common-1.5.0-SNAPSHOT.jar:/home/runner/.m2/repository/org/apache/ozone/hdds-client/1.5.0-SNAPSHOT/hdds-client-1.5.0-SNAPSHOT.jar:/home/runner/.m2/repository/org/apache/ozone/ozone-interface-client/1.5.0-SNAPSHOT/ozone-interface-client-1.5.0-SNAPSHOT.jar:/home/runner/.m2/repository/org/apache/hadoop/hadoop-hdfs-client/3.3.6/hadoop-hdfs-client-3.3.6.jar:/home/runner/.m2/repository/com/squareup/okhttp3/okhttp/4.12.0/okhttp-4.12.0.jar:/home/runner/.m2/repository/com/squareup/okio/okio/3.6.0/okio-3.6.0.jar:/home/runner/.m2/repository/com/squareup/okio/okio-jvm/3.6.0/okio-jvm-3.6.0.jar:/home/runner/.m2/repository/org/jetbrains/kotlin/kotlin-stdlib-jdk8/1.9.22/kotlin-stdlib-jdk8-1.9.22.jar:/home/runner/.m2/repository/org/jetbrains/kotlin/kotlin-stdlib-jdk7/1.9.22/kotlin-stdlib-jdk7-1.9.22.jar:/home/runner/.m2/repository/org/jetbrains/kotlin/kotlin-stdlib-common/1.9.22/kotlin-stdlib-common-1.9.22.jar:/home/runner/.m2/repository/org/apache/ozone/hdds-test-utils/1.5.0-SNAPSHOT/hdds-test-utils-1.5.0-SNAPSHOT.jar:/home/runner/.m2/repository/org/assertj/assertj-core/3.12.2/assertj-core-3.12.2.jar:/home/runner/.m2/repository/com/google/guava/guava/32.0.0-jre/guava-32.0.0-jre.jar:/home/runner/.m2/repository/com/google/guava/failureaccess/1.0.1/failureaccess-1.0.1.jar:/home/runner/.m2/repository/com/google/guava/listenablefuture/9999.0-empty-to-avoid-conflict-with-guava/listenablefuture-9999.0-empty-to-avoid-conflict-with-guava.jar:/home/runner/.m2/repository/org/checkerframework/checker-qual/3.33.0/checker-qual-3.33.0.jar:/home/runner/.m2/repository/com/google/j2objc/j2objc-annotations/2.8/j2objc-annotations-2.8.jar:/home/runner/.m2/repository/commons-io/commons-io/2.15.1/commons-io-2.15.1.jar:/home/runner/.m2/repository/commons-logging/commons-logging/1.2/commons-logging-1.2.jar:/home/runner/.m2/repository/org/junit/jupiter/junit-jupiter-api/5.10.1/junit-jupiter-api-5.10.1.jar:/home/runner/.m2/repository/org/opentest4j/opentest4j/1.3.0/opentest4j-1.3.0.jar:/home/runner/.m2/repository/org/junit/platform/junit-platform-commons/1.10.1/junit-platform-commons-1.10.1.jar:/home/runner/.m2/repository/ch/qos/reload4j/reload4j/1.2.25/reload4j-1.2.25.jar:/home/runner/.m2/repository/jakarta/annotation/jakarta.annotation-api/2.1.1/jakarta.annotation-api-2.1.1.jar:/home/runner/.m2/repository/org/slf4j/slf4j-api/2.0.12/slf4j-api-2.0.12.jar:/home/runner/.m2/repository/org/apache/logging/log4j/log4j-api/2.17.1/log4j-api-2.17.1.jar:/home/runner/.m2/repository/org/apache/ozone/hdds-server-scm/1.5.0-SNAPSHOT/hdds-server-scm-1.5.0-SNAPSHOT.jar:/home/runner/.m2/repository/com/google/protobuf/protobuf-java/2.5.0/protobuf-java-2.5.0.jar:/home/runner/.m2/repository/org/apache/ozone/hdds-container-service/1.5.0-SNAPSHOT/hdds-container-service-1.5.0-SNAPSHOT.jar:/home/runner/.m2/repository/org/apache/ozone/hdds-hadoop-dependency-server/1.5.0-SNAPSHOT/hdds-hadoop-dependency-server-1.5.0-SNAPSHOT.jar:/home/runner/.m2/repository/org/apache/hadoop/hadoop-hdfs/3.3.6/hadoop-hdfs-3.3.6.jar:/home/runner/.m2/repository/commons-daemon/commons-daemon/1.0.13/commons-daemon-1.0.13.jar:/home/runner/.m2/repository/org/xerial/snappy/snappy-java/1.1.10.5/snappy-java-1.1.10.5.jar:/home/runner/.m2/repository/org/apache/ozone/hdds-server-framework/1.5.0-SNAPSHOT/hdds-server-framework-1.5.0-SNAPSHOT.jar:/home/runner/.m2/repository/org/bouncycastle/bcprov-jdk18on/1.77/bcprov-jdk18on-1.77.jar:/home/runner/.m2/repository/io/dropwizard/metrics/metrics-core/3.2.4/metrics-core-3.2.4.jar:/home/runner/.m2/repository/org/apache/commons/commons-text/1.11.0/commons-text-1.11.0.jar:/home/runner/.m2/repository/org/apache/ozone/hdds-server-framework/1.5.0-SNAPSHOT/hdds-server-framework-1.5.0-SNAPSHOT-tests.jar:/home/runner/.m2/repository/org/apache/ozone/hdds-interface-server/1.5.0-SNAPSHOT/hdds-interface-server-1.5.0-SNAPSHOT.jar:/home/runner/.m2/repository/org/apache/ozone/hdds-interface-admin/1.5.0-SNAPSHOT/hdds-interface-admin-1.5.0-SNAPSHOT.jar:/home/runner/.m2/repository/org/apache/ozone/hdds-managed-rocksdb/1.5.0-SNAPSHOT/hdds-managed-rocksdb-1.5.0-SNAPSHOT.jar:/home/runner/.m2/repository/org/rocksdb/rocksdbjni/7.7.3/rocksdbjni-7.7.3.jar:/home/runner/.m2/repository/org/slf4j/slf4j-reload4j/2.0.12/slf4j-reload4j-2.0.12.jar:/home/runner/.m2/repository/org/apache/commons/commons-configuration2/2.8.0/commons-configuration2-2.8.0.jar:/home/runner/.m2/repository/commons-fileupload/commons-fileupload/1.5/commons-fileupload-1.5.jar:/home/runner/.m2/repository/org/apache/logging/log4j/log4j-core/2.17.1/log4j-core-2.17.1.jar:/home/runner/.m2/repository/com/lmax/disruptor/3.4.2/disruptor-3.4.2.jar:/home/runner/.m2/repository/org/eclipse/jetty/jetty-util/9.4.53.v20231009/jetty-util-9.4.53.v20231009.jar:/home/runner/.m2/repository/org/eclipse/jetty/jetty-server/9.4.53.v20231009/jetty-server-9.4.53.v20231009.jar:/home/runner/.m2/repository/org/eclipse/jetty/jetty-http/9.4.53.v20231009/jetty-http-9.4.53.v20231009.jar:/home/runner/.m2/repository/org/eclipse/jetty/jetty-io/9.4.53.v20231009/jetty-io-9.4.53.v20231009.jar:/home/runner/.m2/repository/org/eclipse/jetty/jetty-servlet/9.4.53.v20231009/jetty-servlet-9.4.53.v20231009.jar:/home/runner/.m2/repository/org/eclipse/jetty/jetty-security/9.4.53.v20231009/jetty-security-9.4.53.v20231009.jar:/home/runner/.m2/repository/org/eclipse/jetty/jetty-util-ajax/9.4.53.v20231009/jetty-util-ajax-9.4.53.v20231009.jar:/home/runner/.m2/repository/org/eclipse/jetty/jetty-webapp/9.4.53.v20231009/jetty-webapp-9.4.53.v20231009.jar:/home/runner/.m2/repository/org/eclipse/jetty/jetty-xml/9.4.53.v20231009/jetty-xml-9.4.53.v20231009.jar:/home/runner/.m2/repository/org/apache/ratis/ratis-server/3.0.1/ratis-server-3.0.1.jar:/home/runner/.m2/repository/org/apache/ratis/ratis-thirdparty-misc/1.0.5/ratis-thirdparty-misc-1.0.5.jar:/home/runner/.m2/repository/org/apache/ratis/ratis-proto/3.0.1/ratis-proto-3.0.1.jar:/home/runner/.m2/repository/org/apache/ratis/ratis-common/3.0.1/ratis-common-3.0.1.jar:/home/runner/.m2/repository/org/apache/ratis/ratis-client/3.0.1/ratis-client-3.0.1.jar:/home/runner/.m2/repository/org/apache/ratis/ratis-server-api/3.0.1/ratis-server-api-3.0.1.jar:/home/runner/.m2/repository/org/apache/ratis/ratis-metrics-api/3.0.1/ratis-metrics-api-3.0.1.jar:/home/runner/.m2/repository/org/apache/ratis/ratis-metrics-dropwizard3/3.0.1/ratis-metrics-dropwizard3-3.0.1.jar:/home/runner/.m2/repository/io/prometheus/simpleclient_dropwizard/0.16.0/simpleclient_dropwizard-0.16.0.jar:/home/runner/.m2/repository/io/prometheus/simpleclient/0.16.0/simpleclient-0.16.0.jar:/home/runner/.m2/repository/io/prometheus/simpleclient_common/0.16.0/simpleclient_common-0.16.0.jar:/home/runner/.m2/repository/com/fasterxml/jackson/datatype/jackson-datatype-jsr310/2.13.4/jackson-datatype-jsr310-2.13.4.jar:/home/runner/.m2/repository/com/fasterxml/jackson/core/jackson-core/2.13.4/jackson-core-2.13.4.jar:/home/runner/.m2/repository/org/apache/ozone/rocksdb-checkpoint-differ/1.5.0-SNAPSHOT/rocksdb-checkpoint-differ-1.5.0-SNAPSHOT.jar:/home/runner/.m2/repository/org/jgrapht/jgrapht-core/1.0.1/jgrapht-core-1.0.1.jar:/home/runner/.m2/repository/org/jgrapht/jgrapht-ext/1.0.1/jgrapht-ext-1.0.1.jar:/home/runner/.m2/repository/org/tinyjee/jgraphx/jgraphx/2.0.0.1/jgraphx-2.0.0.1.jar:/home/runner/.m2/repository/jgraph/jgraph/5.13.0.0/jgraph-5.13.0.0.jar:/home/runner/.m2/repository/org/antlr/antlr4-runtime/4.5.3/antlr4-runtime-4.5.3.jar:/home/runner/.m2/repository/org/apache/ozone/ozone-manager/1.5.0-SNAPSHOT/ozone-manager-1.5.0-SNAPSHOT.jar:/home/runner/.m2/repository/org/aspectj/aspectjrt/1.9.7/aspectjrt-1.9.7.jar:/home/runner/.m2/repository/org/aspectj/aspectjweaver/1.9.7/aspectjweaver-1.9.7.jar:/home/runner/.m2/repository/org/apache/ozone/hdds-interface-client/1.5.0-SNAPSHOT/hdds-interface-client-1.5.0-SNAPSHOT.jar:/home/runner/.m2/repository/org/apache/hadoop/thirdparty/hadoop-shaded-protobuf_3_7/1.1.1/hadoop-shaded-protobuf_3_7-1.1.1.jar:/home/runner/.m2/repository/org/apache/ozone/ozone-interface-storage/1.5.0-SNAPSHOT/ozone-interface-storage-1.5.0-SNAPSHOT.jar:/home/runner/.m2/repository/org/reflections/reflections/0.9.11/reflections-0.9.11.jar:/home/runner/.m2/repository/com/sun/jersey/jersey-client/1.19.4/jersey-client-1.19.4.jar:/home/runner/.m2/repository/org/codehaus/jackson/jackson-core-asl/1.9.13/jackson-core-asl-1.9.13.jar:/home/runner/.m2/repository/org/codehaus/jackson/jackson-mapper-asl/1.9.13/jackson-mapper-asl-1.9.13.jar:/home/runner/.m2/repository/org/codehaus/jackson/jackson-jaxrs/1.9.13/jackson-jaxrs-1.9.13.jar:/home/runner/.m2/repository/org/apache/ranger/ranger-intg/2.3.0/ranger-intg-2.3.0.jar:/home/runner/.m2/repository/org/apache/ranger/ranger-plugins-common/2.3.0/ranger-plugins-common-2.3.0.jar:/home/runner/.m2/repository/commons-lang/commons-lang/2.6/commons-lang-2.6.jar:/home/runner/.m2/repository/org/apache/ranger/ranger-plugins-cred/2.3.0/ranger-plugins-cred-2.3.0.jar:/home/runner/.m2/repository/org/apache/ranger/ranger-plugins-audit/2.3.0/ranger-plugins-audit-2.3.0.jar:/home/runner/.m2/repository/org/eclipse/jetty/jetty-client/9.4.53.v20231009/jetty-client-9.4.53.v20231009.jar:/home/runner/.m2/repository/org/apache/httpcomponents/httpmime/4.5.6/httpmime-4.5.6.jar:/home/runner/.m2/repository/org/apache/httpcomponents/httpcore-nio/4.4.16/httpcore-nio-4.4.16.jar:/home/runner/.m2/repository/org/apache/httpcomponents/httpasyncclient/4.1.3/httpasyncclient-4.1.3.jar:/home/runner/.m2/repository/com/carrotsearch/hppc/0.8.0/hppc-0.8.0.jar:/home/runner/.m2/repository/org/apache/orc/orc-core/1.5.8/orc-core-1.5.8.jar:/home/runner/.m2/repository/net/java/dev/jna/jna/5.2.0/jna-5.2.0.jar:/home/runner/.m2/repository/net/java/dev/jna/jna-platform/5.2.0/jna-platform-5.2.0.jar:/home/runner/.m2/repository/com/kstruct/gethostname4j/0.0.2/gethostname4j-0.0.2.jar:/home/runner/.m2/repository/org/apache/ranger/ranger-plugin-classloader/2.3.0/ranger-plugin-classloader-2.3.0.jar:/home/runner/.m2/repository/org/apache/ozone/hdds-rocks-native/1.5.0-SNAPSHOT/hdds-rocks-native-1.5.0-SNAPSHOT.jar:/home/runner/.m2/repository/org/apache/hadoop/hadoop-minikdc/3.3.6/hadoop-minikdc-3.3.6.jar:/home/runner/.m2/repository/org/apache/kerby/kerb-simplekdc/1.0.1/kerb-simplekdc-1.0.1.jar:/home/runner/.m2/repository/org/apache/kerby/kerb-client/1.0.1/kerb-client-1.0.1.jar:/home/runner/.m2/repository/org/apache/kerby/kerby-config/1.0.1/kerby-config-1.0.1.jar:/home/runner/.m2/repository/org/apache/kerby/kerb-common/1.0.1/kerb-common-1.0.1.jar:/home/runner/.m2/repository/org/apache/kerby/kerb-crypto/1.0.1/kerb-crypto-1.0.1.jar:/home/runner/.m2/repository/org/apache/kerby/kerb-util/1.0.1/kerb-util-1.0.1.jar:/home/runner/.m2/repository/org/apache/kerby/token-provider/1.0.1/token-provider-1.0.1.jar:/home/runner/.m2/repository/org/apache/kerby/kerb-admin/1.0.1/kerb-admin-1.0.1.jar:/home/runner/.m2/repository/org/apache/kerby/kerb-server/1.0.1/kerb-server-1.0.1.jar:/home/runner/.m2/repository/org/apache/kerby/kerb-identity/1.0.1/kerb-identity-1.0.1.jar:/home/runner/.m2/repository/org/apache/kerby/kerby-xdr/1.0.1/kerby-xdr-1.0.1.jar:/home/runner/.m2/repository/junit/junit/4.13.2/junit-4.13.2.jar:/home/runner/.m2/repository/org/hamcrest/hamcrest-core/1.3/hamcrest-core-1.3.jar:/home/runner/.m2/repository/org/apache/ozone/ozone-s3gateway/1.5.0-SNAPSHOT/ozone-s3gateway-1.5.0-SNAPSHOT.jar:/home/runner/.m2/repository/org/javassist/javassist/3.21.0-GA/javassist-3.21.0-GA.jar:/home/runner/.m2/repository/org/jboss/weld/servlet/weld-servlet-shaded/3.1.9.Final/weld-servlet-shaded-3.1.9.Final.jar:/home/runner/.m2/repository/org/glassfish/jersey/containers/jersey-container-servlet-core/2.41/jersey-container-servlet-core-2.41.jar:/home/runner/.m2/repository/org/glassfish/hk2/external/jakarta.inject/2.6.1/jakarta.inject-2.6.1.jar:/home/runner/.m2/repository/org/glassfish/jersey/core/jersey-common/2.41/jersey-common-2.41.jar:/home/runner/.m2/repository/jakarta/ws/rs/jakarta.ws.rs-api/2.1.6/jakarta.ws.rs-api-2.1.6.jar:/home/runner/.m2/repository/org/glassfish/jersey/ext/cdi/jersey-cdi1x/2.41/jersey-cdi1x-2.41.jar:/home/runner/.m2/repository/org/glassfish/jersey/inject/jersey-hk2/2.41/jersey-hk2-2.41.jar:/home/runner/.m2/repository/org/glassfish/hk2/hk2-locator/2.6.1/hk2-locator-2.6.1.jar:/home/runner/.m2/repository/org/glassfish/jersey/media/jersey-media-jaxb/2.41/jersey-media-jaxb-2.41.jar:/home/runner/.m2/repository/org/glassfish/hk2/osgi-resource-locator/1.0.3/osgi-resource-locator-1.0.3.jar:/home/runner/.m2/repository/org/glassfish/hk2/hk2-api/2.6.1/hk2-api-2.6.1.jar:/home/runner/.m2/repository/org/glassfish/hk2/hk2-utils/2.6.1/hk2-utils-2.6.1.jar:/home/runner/.m2/repository/org/glassfish/hk2/external/aopalliance-repackaged/2.6.1/aopalliance-repackaged-2.6.1.jar:/home/runner/.m2/repository/com/fasterxml/jackson/dataformat/jackson-dataformat-xml/2.13.4/jackson-dataformat-xml-2.13.4.jar:/home/runner/.m2/repository/org/codehaus/woodstox/stax2-api/4.2.2/stax2-api-4.2.2.jar:/home/runner/.m2/repository/com/fasterxml/woodstox/woodstox-core/5.4.0/woodstox-core-5.4.0.jar:/home/runner/.m2/repository/com/fasterxml/jackson/module/jackson-module-jaxb-annotations/2.13.4/jackson-module-jaxb-annotations-2.13.4.jar:/home/runner/.m2/repository/javax/enterprise/cdi-api/2.0/cdi-api-2.0.jar:/home/runner/.m2/repository/javax/el/javax.el-api/3.0.0/javax.el-api-3.0.0.jar:/home/runner/.m2/repository/javax/interceptor/javax.interceptor-api/1.2/javax.interceptor-api-1.2.jar:/home/runner/.m2/repository/javax/inject/javax.inject/1/javax.inject-1.jar:/home/runner/.m2/repository/jakarta/xml/bind/jakarta.xml.bind-api/2.3.3/jakarta.xml.bind-api-2.3.3.jar:/home/runner/.m2/repository/org/glassfish/jaxb/jaxb-runtime/2.3.9/jaxb-runtime-2.3.9.jar:/home/runner/.m2/repository/org/glassfish/jaxb/txw2/2.3.9/txw2-2.3.9.jar:/home/runner/.m2/repository/com/sun/istack/istack-commons-runtime/3.0.12/istack-commons-runtime-3.0.12.jar:/home/runner/.m2/repository/com/sun/activation/jakarta.activation/1.2.2/jakarta.activation-1.2.2.jar:/home/runner/.m2/repository/jakarta/activation/jakarta.activation-api/1.2.2/jakarta.activation-api-1.2.2.jar:/home/runner/.m2/repository/io/grpc/grpc-protobuf/1.58.0/grpc-protobuf-1.58.0.jar:/home/runner/.m2/repository/com/google/api/grpc/proto-google-common-protos/2.22.0/proto-google-common-protos-2.22.0.jar:/home/runner/.m2/repository/io/grpc/grpc-protobuf-lite/1.58.0/grpc-protobuf-lite-1.58.0.jar:/home/runner/.m2/repository/io/grpc/grpc-stub/1.58.0/grpc-stub-1.58.0.jar:/home/runner/.m2/repository/io/netty/netty-transport/4.1.100.Final/netty-transport-4.1.100.Final.jar:/home/runner/.m2/repository/io/netty/netty-resolver/4.1.100.Final/netty-resolver-4.1.100.Final.jar:/home/runner/.m2/repository/org/apache/ozone/ozone-csi/1.5.0-SNAPSHOT/ozone-csi-1.5.0-SNAPSHOT.jar:/home/runner/.m2/repository/com/google/protobuf/protobuf-java-util/3.19.6/protobuf-java-util-3.19.6.jar:/home/runner/.m2/repository/com/google/code/gson/gson/2.9.0/gson-2.9.0.jar:/home/runner/.m2/repository/org/apache/ozone/hdds-config/1.5.0-SNAPSHOT/hdds-config-1.5.0-SNAPSHOT.jar:/home/runner/.m2/repository/io/netty/netty-transport-native-epoll/4.1.100.Final/netty-transport-native-epoll-4.1.100.Final-linux-x86_64.jar:/home/runner/.m2/repository/io/netty/netty-transport-classes-epoll/4.1.100.Final/netty-transport-classes-epoll-4.1.100.Final.jar:/home/runner/.m2/repository/io/netty/netty-transport-native-unix-common/4.1.100.Final/netty-transport-native-unix-common-4.1.100.Final.jar:/home/runner/.m2/repository/org/apache/ozone/ozone-recon/1.5.0-SNAPSHOT/ozone-recon-1.5.0-SNAPSHOT.jar:/home/runner/.m2/repository/org/apache/ozone/ozone-reconcodegen/1.5.0-SNAPSHOT/ozone-reconcodegen-1.5.0-SNAPSHOT.jar:/home/runner/.m2/repository/com/google/inject/guice/6.0.0/guice-6.0.0.jar:/home/runner/.m2/repository/jakarta/inject/jakarta.inject-api/2.0.1/jakarta.inject-api-2.0.1.jar:/home/runner/.m2/repository/aopalliance/aopalliance/1.0/aopalliance-1.0.jar:/home/runner/.m2/repository/com/google/inject/extensions/guice-assistedinject/6.0.0/guice-assistedinject-6.0.0.jar:/home/runner/.m2/repository/com/google/inject/extensions/guice-servlet/6.0.0/guice-servlet-6.0.0.jar:/home/runner/.m2/repository/org/glassfish/jersey/containers/jersey-container-servlet/2.41/jersey-container-servlet-2.41.jar:/home/runner/.m2/repository/org/glassfish/hk2/guice-bridge/2.6.1/guice-bridge-2.6.1.jar:/home/runner/.m2/repository/org/glassfish/jersey/core/jersey-server/2.41/jersey-server-2.41.jar:/home/runner/.m2/repository/org/glassfish/jersey/core/jersey-client/2.41/jersey-client-2.41.jar:/home/runner/.m2/repository/jakarta/validation/jakarta.validation-api/2.0.2/jakarta.validation-api-2.0.2.jar:/home/runner/.m2/repository/org/glassfish/jersey/media/jersey-media-json-jackson/2.41/jersey-media-json-jackson-2.41.jar:/home/runner/.m2/repository/org/glassfish/jersey/ext/jersey-entity-filtering/2.41/jersey-entity-filtering-2.41.jar:/home/runner/.m2/repository/org/jooq/jooq/3.11.10/jooq-3.11.10.jar:/home/runner/.m2/repository/org/jooq/jooq-meta/3.11.10/jooq-meta-3.11.10.jar:/home/runner/.m2/repository/org/jooq/jooq-codegen/3.11.10/jooq-codegen-3.11.10.jar:/home/runner/.m2/repository/com/jolbox/bonecp/0.8.0.RELEASE/bonecp-0.8.0.RELEASE.jar:/home/runner/.m2/repository/org/apache/derby/derby/10.14.2.0/derby-10.14.2.0.jar:/home/runner/.m2/repository/org/xerial/sqlite-jdbc/3.44.1.0/sqlite-jdbc-3.44.1.0.jar:/home/runner/.m2/repository/org/springframework/spring-jdbc/5.3.27/spring-jdbc-5.3.27.jar:/home/runner/.m2/repository/org/springframework/spring-beans/5.3.27/spring-beans-5.3.27.jar:/home/runner/.m2/repository/org/springframework/spring-core/5.3.27/spring-core-5.3.27.jar:/home/runner/.m2/repository/org/springframework/spring-tx/5.3.27/spring-tx-5.3.27.jar:/home/runner/.m2/repository/org/apache/ozone/ozone-client/1.5.0-SNAPSHOT/ozone-client-1.5.0-SNAPSHOT.jar:/home/runner/.m2/repository/org/apache/ozone/hdds-erasurecode/1.5.0-SNAPSHOT/hdds-erasurecode-1.5.0-SNAPSHOT.jar:/home/runner/.m2/repository/org/apache/ozone/ozone-filesystem/1.5.0-SNAPSHOT/ozone-filesystem-1.5.0-SNAPSHOT.jar:/home/runner/.m2/repository/org/apache/ozone/ozone-filesystem-common/1.5.0-SNAPSHOT/ozone-filesystem-common-1.5.0-SNAPSHOT.jar:/home/runner/.m2/repository/org/apache/ozone/ozone-tools/1.5.0-SNAPSHOT/ozone-tools-1.5.0-SNAPSHOT.jar:/home/runner/.m2/repository/com/amazonaws/aws-java-sdk-core/1.12.661/aws-java-sdk-core-1.12.661.jar:/home/runner/.m2/repository/org/apache/httpcomponents/httpclient/4.5.14/httpclient-4.5.14.jar:/home/runner/.m2/repository/org/apache/httpcomponents/httpcore/4.4.16/httpcore-4.4.16.jar:/home/runner/.m2/repository/com/fasterxml/jackson/dataformat/jackson-dataformat-cbor/2.13.4/jackson-dataformat-cbor-2.13.4.jar:/home/runner/.m2/repository/joda-time/joda-time/2.12.7/joda-time-2.12.7.jar:/home/runner/.m2/repository/com/amazonaws/aws-java-sdk-s3/1.12.661/aws-java-sdk-s3-1.12.661.jar:/home/runner/.m2/repository/com/amazonaws/aws-java-sdk-kms/1.12.661/aws-java-sdk-kms-1.12.661.jar:/home/runner/.m2/repository/com/amazonaws/jmespath-java/1.12.661/jmespath-java-1.12.661.jar:/home/runner/.m2/repository/org/kohsuke/metainf-services/metainf-services/1.8/metainf-services-1.8.jar:/home/runner/.m2/repository/org/apache/ozone/hdds-tools/1.5.0-SNAPSHOT/hdds-tools-1.5.0-SNAPSHOT.jar:/home/runner/.m2/repository/org/apache/ratis/ratis-tools/3.0.1/ratis-tools-3.0.1.jar:/home/runner/.m2/repository/commons-cli/commons-cli/1.6.0/commons-cli-1.6.0.jar:/home/runner/.m2/repository/org/apache/commons/commons-lang3/3.14.0/commons-lang3-3.14.0.jar:/home/runner/.m2/repository/org/apache/ozone/ozone-manager/1.5.0-SNAPSHOT/ozone-manager-1.5.0-SNAPSHOT-tests.jar:/home/runner/.m2/repository/org/apache/ozone/hdds-common/1.5.0-SNAPSHOT/hdds-common-1.5.0-SNAPSHOT-tests.jar:/home/runner/.m2/repository/org/apache/ozone/hdds-hadoop-dependency-client/1.5.0-SNAPSHOT/hdds-hadoop-dependency-client-1.5.0-SNAPSHOT.jar:/home/runner/.m2/repository/info/picocli/picocli/4.7.5/picocli-4.7.5.jar:/home/runner/.m2/repository/com/fasterxml/jackson/core/jackson-annotations/2.13.4/jackson-annotations-2.13.4.jar:/home/runner/.m2/repository/org/apache/ozone/hdds-annotation-processing/1.5.0-SNAPSHOT/hdds-annotation-processing-1.5.0-SNAPSHOT.jar:/home/runner/.m2/repository/javax/annotation/javax.annotation-api/1.3.2/javax.annotation-api-1.3.2.jar:/home/runner/.m2/repository/org/apache/ratis/ratis-netty/3.0.1/ratis-netty-3.0.1.jar:/home/runner/.m2/repository/org/apache/ratis/ratis-grpc/3.0.1/ratis-grpc-3.0.1.jar:/home/runner/.m2/repository/org/apache/commons/commons-pool2/2.6.0/commons-pool2-2.6.0.jar:/home/runner/.m2/repository/org/bouncycastle/bcpkix-jdk18on/1.77/bcpkix-jdk18on-1.77.jar:/home/runner/.m2/repository/org/bouncycastle/bcutil-jdk18on/1.77/bcutil-jdk18on-1.77.jar:/home/runner/.m2/repository/commons-validator/commons-validator/1.6/commons-validator-1.6.jar:/home/runner/.m2/repository/commons-beanutils/commons-beanutils/1.9.4/commons-beanutils-1.9.4.jar:/home/runner/.m2/repository/commons-digester/commons-digester/1.8.1/commons-digester-1.8.1.jar:/home/runner/.m2/repository/commons-collections/commons-collections/3.2.2/commons-collections-3.2.2.jar:/home/runner/.m2/repository/io/jaegertracing/jaeger-client/1.8.1/jaeger-client-1.8.1.jar:/home/runner/.m2/repository/io/jaegertracing/jaeger-thrift/1.8.1/jaeger-thrift-1.8.1.jar:/home/runner/.m2/repository/org/apache/thrift/libthrift/0.15.0/libthrift-0.15.0.jar:/home/runner/.m2/repository/io/jaegertracing/jaeger-core/1.8.1/jaeger-core-1.8.1.jar:/home/runner/.m2/repository/io/jaegertracing/jaeger-tracerresolver/1.8.1/jaeger-tracerresolver-1.8.1.jar:/home/runner/.m2/repository/io/opentracing/contrib/opentracing-tracerresolver/0.1.8/opentracing-tracerresolver-0.1.8.jar:/home/runner/.m2/repository/org/jetbrains/kotlin/kotlin-stdlib/1.9.22/kotlin-stdlib-1.9.22.jar:/home/runner/.m2/repository/org/jetbrains/annotations/13.0/annotations-13.0.jar:/home/runner/.m2/repository/io/opentracing/opentracing-util/0.33.0/opentracing-util-0.33.0.jar:/home/runner/.m2/repository/io/opentracing/opentracing-api/0.33.0/opentracing-api-0.33.0.jar:/home/runner/.m2/repository/io/opentracing/opentracing-noop/0.33.0/opentracing-noop-0.33.0.jar:/home/runner/.m2/repository/org/yaml/snakeyaml/2.0/snakeyaml-2.0.jar:/home/runner/.m2/repository/io/grpc/grpc-api/1.58.0/grpc-api-1.58.0.jar:/home/runner/.m2/repository/org/junit/jupiter/junit-jupiter-engine/5.10.1/junit-jupiter-engine-5.10.1.jar:/home/runner/.m2/repository/org/junit/platform/junit-platform-engine/1.10.1/junit-platform-engine-1.10.1.jar:/home/runner/.m2/repository/org/apiguardian/apiguardian-api/1.1.2/apiguardian-api-1.1.2.jar:/home/runner/.m2/repository/org/junit/platform/junit-platform-launcher/1.10.1/junit-platform-launcher-1.10.1.jar:/home/runner/.m2/repository/org/apache/hadoop/hadoop-kms/3.3.6/hadoop-kms-3.3.6.jar:/home/runner/.m2/repository/org/apache/hadoop/hadoop-auth/3.3.6/hadoop-auth-3.3.6.jar:/home/runner/.m2/repository/com/nimbusds/nimbus-jose-jwt/9.8.1/nimbus-jose-jwt-9.8.1.jar:/home/runner/.m2/repository/com/github/stephenc/jcip/jcip-annotations/1.0-1/jcip-annotations-1.0-1.jar:/home/runner/.m2/repository/org/apache/zookeeper/zookeeper/3.7.2/zookeeper-3.7.2.jar:/home/runner/.m2/repository/org/apache/zookeeper/zookeeper-jute/3.7.2/zookeeper-jute-3.7.2.jar:/home/runner/.m2/repository/org/apache/yetus/audience-annotations/0.12.0/audience-annotations-0.12.0.jar:/home/runner/.m2/repository/org/apache/curator/curator-framework/4.2.0/curator-framework-4.2.0.jar:/home/runner/.m2/repository/org/apache/hadoop/thirdparty/hadoop-shaded-guava/1.1.1/hadoop-shaded-guava-1.1.1.jar:/home/runner/.m2/repository/com/sun/jersey/jersey-core/1.19.4/jersey-core-1.19.4.jar:/home/runner/.m2/repository/javax/ws/rs/jsr311-api/1.1.1/jsr311-api-1.1.1.jar:/home/runner/.m2/repository/com/sun/jersey/jersey-server/1.19.4/jersey-server-1.19.4.jar:/home/runner/.m2/repository/javax/servlet/javax.servlet-api/3.1.0/javax.servlet-api-3.1.0.jar:/home/runner/.m2/repository/org/apache/hadoop/hadoop-common/3.3.6/hadoop-common-3.3.6.jar:/home/runner/.m2/repository/org/apache/commons/commons-math3/3.6.1/commons-math3-3.6.1.jar:/home/runner/.m2/repository/commons-net/commons-net/3.10.0/commons-net-3.10.0.jar:/home/runner/.m2/repository/com/sun/jersey/jersey-servlet/1.19.4/jersey-servlet-1.19.4.jar:/home/runner/.m2/repository/com/github/pjfanning/jersey-json/1.20/jersey-json-1.20.jar:/home/runner/.m2/repository/org/codehaus/jettison/jettison/1.1/jettison-1.1.jar:/home/runner/.m2/repository/com/sun/xml/bind/jaxb-impl/2.2.3-1/jaxb-impl-2.2.3-1.jar:/home/runner/.m2/repository/com/google/re2j/re2j/1.7/re2j-1.7.jar:/home/runner/.m2/repository/com/jcraft/jsch/0.1.54/jsch-0.1.54.jar:/home/runner/.m2/repository/org/apache/curator/curator-client/4.2.0/curator-client-4.2.0.jar:/home/runner/.m2/repository/org/apache/curator/curator-recipes/5.2.0/curator-recipes-5.2.0.jar:/home/runner/.m2/repository/com/google/code/findbugs/jsr305/3.0.2/jsr305-3.0.2.jar:/home/runner/.m2/repository/org/apache/kerby/kerb-core/1.0.1/kerb-core-1.0.1.jar:/home/runner/.m2/repository/org/apache/kerby/kerby-pkix/1.0.1/kerby-pkix-1.0.1.jar:/home/runner/.m2/repository/org/apache/kerby/kerby-asn1/1.0.1/kerby-asn1-1.0.1.jar:/home/runner/.m2/repository/org/apache/kerby/kerby-util/1.0.1/kerby-util-1.0.1.jar:/home/runner/.m2/repository/dnsjava/dnsjava/2.1.7/dnsjava-2.1.7.jar:/home/runner/.m2/repository/com/fasterxml/jackson/core/jackson-databind/2.13.4.2/jackson-databind-2.13.4.2.jar:/home/runner/.m2/repository/org/apache/hadoop/hadoop-kms/3.3.6/hadoop-kms-3.3.6-tests.jar:/home/runner/.m2/repository/org/apache/ozone/hdds-server-scm/1.5.0-SNAPSHOT/hdds-server-scm-1.5.0-SNAPSHOT-tests.jar:/home/runner/.m2/repository/org/apache/ozone/hdds-container-service/1.5.0-SNAPSHOT/hdds-container-service-1.5.0-SNAPSHOT-tests.jar:/home/runner/.m2/repository/com/github/luben/zstd-jni/1.5.2-5/zstd-jni-1.5.2-5.jar:/home/runner/.m2/repository/commons-codec/commons-codec/1.15/commons-codec-1.15.jar:/home/runner/.m2/repository/io/netty/netty-codec/4.1.100.Final/netty-codec-4.1.100.Final.jar:/home/runner/.m2/repository/io/netty/netty-handler/4.1.100.Final/netty-handler-4.1.100.Final.jar:/home/runner/.m2/repository/org/apache/ozone/hdds-hadoop-dependency-test/1.5.0-SNAPSHOT/hdds-hadoop-dependency-test-1.5.0-SNAPSHOT.jar:/home/runner/.m2/repository/org/apache/hadoop/hadoop-common/3.3.6/hadoop-common-3.3.6-tests.jar:/home/runner/.m2/repository/org/apache/hadoop/hadoop-hdfs/3.3.6/hadoop-hdfs-3.3.6-tests.jar:/home/runner/.m2/repository/org/junit/jupiter/junit-jupiter-params/5.10.1/junit-jupiter-params-5.10.1.jar:/home/runner/.m2/repository/org/mockito/mockito-core/4.11.0/mockito-core-4.11.0.jar:/home/runner/.m2/repository/net/bytebuddy/byte-buddy/1.12.19/byte-buddy-1.12.19.jar:/home/runner/.m2/repository/net/bytebuddy/byte-buddy-agent/1.12.19/byte-buddy-agent-1.12.19.jar:/home/runner/.m2/repository/org/objenesis/objenesis/1.0/objenesis-1.0.jar:/home/runner/.m2/repository/org/mockito/mockito-junit-jupiter/4.11.0/mockito-junit-jupiter-4.11.0.jar:/home/runner/.m2/repository/org/apache/hadoop/hadoop-distcp/3.3.6/hadoop-distcp-3.3.6.jar:/home/runner/.m2/repository/org/apache/hadoop/hadoop-mapreduce-client-jobclient/3.3.6/hadoop-mapreduce-client-jobclient-3.3.6.jar:/home/runner/.m2/repository/org/apache/hadoop/hadoop-mapreduce-client-common/3.3.6/hadoop-mapreduce-client-common-3.3.6.jar:/home/runner/.m2/repository/org/apache/hadoop/hadoop-yarn-common/3.3.6/hadoop-yarn-common-3.3.6.jar:/home/runner/.m2/repository/org/apache/hadoop/hadoop-yarn-api/3.3.6/hadoop-yarn-api-3.3.6.jar:/home/runner/.m2/repository/javax/xml/bind/jaxb-api/2.2.11/jaxb-api-2.2.11.jar:/home/runner/.m2/repository/com/sun/jersey/contribs/jersey-guice/1.19.4/jersey-guice-1.19.4.jar:/home/runner/.m2/repository/com/fasterxml/jackson/jaxrs/jackson-jaxrs-json-provider/2.13.4/jackson-jaxrs-json-provider-2.13.4.jar:/home/runner/.m2/repository/com/fasterxml/jackson/jaxrs/jackson-jaxrs-base/2.13.4/jackson-jaxrs-base-2.13.4.jar:/home/runner/.m2/repository/org/apache/hadoop/hadoop-yarn-client/3.3.6/hadoop-yarn-client-3.3.6.jar:/home/runner/.m2/repository/org/eclipse/jetty/websocket/websocket-client/9.4.51.v20230217/websocket-client-9.4.51.v20230217.jar:/home/runner/.m2/repository/org/eclipse/jetty/websocket/websocket-common/9.4.51.v20230217/websocket-common-9.4.51.v20230217.jar:/home/runner/.m2/repository/org/eclipse/jetty/websocket/websocket-api/9.4.51.v20230217/websocket-api-9.4.51.v20230217.jar:/home/runner/.m2/repository/org/jline/jline/3.9.0/jline-3.9.0.jar:/home/runner/.m2/repository/org/apache/hadoop/hadoop-mapreduce-client-core/3.3.6/hadoop-mapreduce-client-core-3.3.6.jar:/home/runner/.m2/repository/org/apache/avro/avro/1.7.7/avro-1.7.7.jar:/home/runner/.m2/repository/com/thoughtworks/paranamer/paranamer/2.3/paranamer-2.3.jar:/home/runner/.m2/repository/org/apache/hadoop/hadoop-annotations/3.3.6/hadoop-annotations-3.3.6.jar:/usr/lib/jvm/temurin-8-jdk-amd64/jre/../lib/tools.jar:/home/runner/.m2/repository/io/netty/netty/3.10.6.Final/netty-3.10.6.Final.jar:/home/runner/.m2/repository/org/apache/hadoop/hadoop-distcp/3.3.6/hadoop-distcp-3.3.6-tests.jar:/home/runner/.m2/repository/org/hamcrest/hamcrest/2.2/hamcrest-2.2.jar:/home/runner/.m2/repository/org/slf4j/jul-to-slf4j/2.0.12/jul-to-slf4j-2.0.12.jar:/home/runner/work/ozone/ozone/hadoop-ozone/integration-test/target/gradle-enterprise/test-listeners.jar:"/>
    <property name="java.vm.vendor" value="Temurin"/>
    <property name="sun.arch.data.model" value="64"/>
    <property name="test.build.dir" value="/home/runner/work/ozone/ozone/hadoop-ozone/integration-test/target/test-dir"/>
    <property name="test.cache.data" value=""/>
    <property name="java.vendor.url" value="https://adoptium.net/"/>
    <property name="user.timezone" value="Etc/UTC"/>
    <property name="maven-surefire-plugin.argLineAccessArgs" value=""/>
    <property name="os.name" value="Linux"/>
    <property name="java.vm.specification.version" value="1.8"/>
    <property name="test.build.data" value="/home/runner/work/ozone/ozone/hadoop-ozone/integration-test/target/test-dir"/>
    <property name="sun.java.launcher" value="SUN_STANDARD"/>
    <property name="sun.boot.library.path" value="/usr/lib/jvm/temurin-8-jdk-amd64/jre/lib/amd64"/>
    <property name="sun.java.command" value="/home/runner/work/ozone/ozone/hadoop-ozone/integration-test/target/surefire/surefirebooter3744731662985718352.jar /home/runner/work/ozone/ozone/hadoop-ozone/integration-test/target/surefire 2024-03-05T09-50-55_746-jvmRun1 surefire6783541998729913376tmp surefire_10810698748721460620tmp"/>
    <property name="native.lib.tmp.dir" value="/tmp"/>
    <property name="surefire.test.class.path" value="/home/runner/work/ozone/ozone/hadoop-ozone/integration-test/target/test-classes:/home/runner/work/ozone/ozone/hadoop-ozone/integration-test/target/classes:/home/runner/.m2/repository/org/apache/ozone/ozone-common/1.5.0-SNAPSHOT/ozone-common-1.5.0-SNAPSHOT.jar:/home/runner/.m2/repository/io/grpc/grpc-netty/1.58.0/grpc-netty-1.58.0.jar:/home/runner/.m2/repository/io/grpc/grpc-core/1.58.0/grpc-core-1.58.0.jar:/home/runner/.m2/repository/com/google/android/annotations/4.1.1.4/annotations-4.1.1.4.jar:/home/runner/.m2/repository/org/codehaus/mojo/animal-sniffer-annotations/1.23/animal-sniffer-annotations-1.23.jar:/home/runner/.m2/repository/io/grpc/grpc-context/1.58.0/grpc-context-1.58.0.jar:/home/runner/.m2/repository/io/grpc/grpc-util/1.58.0/grpc-util-1.58.0.jar:/home/runner/.m2/repository/com/google/errorprone/error_prone_annotations/2.2.0/error_prone_annotations-2.2.0.jar:/home/runner/.m2/repository/io/perfmark/perfmark-api/0.26.0/perfmark-api-0.26.0.jar:/home/runner/.m2/repository/io/netty/netty-codec-http2/4.1.100.Final/netty-codec-http2-4.1.100.Final.jar:/home/runner/.m2/repository/io/netty/netty-common/4.1.100.Final/netty-common-4.1.100.Final.jar:/home/runner/.m2/repository/io/netty/netty-buffer/4.1.100.Final/netty-buffer-4.1.100.Final.jar:/home/runner/.m2/repository/io/netty/netty-codec-http/4.1.100.Final/netty-codec-http-4.1.100.Final.jar:/home/runner/.m2/repository/io/netty/netty-handler-proxy/4.1.100.Final/netty-handler-proxy-4.1.100.Final.jar:/home/runner/.m2/repository/io/netty/netty-codec-socks/4.1.100.Final/netty-codec-socks-4.1.100.Final.jar:/home/runner/.m2/repository/io/netty/netty-tcnative-boringssl-static/2.0.61.Final/netty-tcnative-boringssl-static-2.0.61.Final.jar:/home/runner/.m2/repository/io/netty/netty-tcnative-classes/2.0.61.Final/netty-tcnative-classes-2.0.61.Final.jar:/home/runner/.m2/repository/io/netty/netty-tcnative-boringssl-static/2.0.61.Final/netty-tcnative-boringssl-static-2.0.61.Final-linux-x86_64.jar:/home/runner/.m2/repository/io/netty/netty-tcnative-boringssl-static/2.0.61.Final/netty-tcnative-boringssl-static-2.0.61.Final-linux-aarch_64.jar:/home/runner/.m2/repository/io/netty/netty-tcnative-boringssl-static/2.0.61.Final/netty-tcnative-boringssl-static-2.0.61.Final-osx-x86_64.jar:/home/runner/.m2/repository/io/netty/netty-tcnative-boringssl-static/2.0.61.Final/netty-tcnative-boringssl-static-2.0.61.Final-osx-aarch_64.jar:/home/runner/.m2/repository/io/netty/netty-tcnative-boringssl-static/2.0.61.Final/netty-tcnative-boringssl-static-2.0.61.Final-windows-x86_64.jar:/home/runner/.m2/repository/org/apache/commons/commons-compress/1.26.0/commons-compress-1.26.0.jar:/home/runner/.m2/repository/org/apache/ozone/hdds-common/1.5.0-SNAPSHOT/hdds-common-1.5.0-SNAPSHOT.jar:/home/runner/.m2/repository/org/apache/ozone/hdds-client/1.5.0-SNAPSHOT/hdds-client-1.5.0-SNAPSHOT.jar:/home/runner/.m2/repository/org/apache/ozone/ozone-interface-client/1.5.0-SNAPSHOT/ozone-interface-client-1.5.0-SNAPSHOT.jar:/home/runner/.m2/repository/org/apache/hadoop/hadoop-hdfs-client/3.3.6/hadoop-hdfs-client-3.3.6.jar:/home/runner/.m2/repository/com/squareup/okhttp3/okhttp/4.12.0/okhttp-4.12.0.jar:/home/runner/.m2/repository/com/squareup/okio/okio/3.6.0/okio-3.6.0.jar:/home/runner/.m2/repository/com/squareup/okio/okio-jvm/3.6.0/okio-jvm-3.6.0.jar:/home/runner/.m2/repository/org/jetbrains/kotlin/kotlin-stdlib-jdk8/1.9.22/kotlin-stdlib-jdk8-1.9.22.jar:/home/runner/.m2/repository/org/jetbrains/kotlin/kotlin-stdlib-jdk7/1.9.22/kotlin-stdlib-jdk7-1.9.22.jar:/home/runner/.m2/repository/org/jetbrains/kotlin/kotlin-stdlib-common/1.9.22/kotlin-stdlib-common-1.9.22.jar:/home/runner/.m2/repository/org/apache/ozone/hdds-test-utils/1.5.0-SNAPSHOT/hdds-test-utils-1.5.0-SNAPSHOT.jar:/home/runner/.m2/repository/org/assertj/assertj-core/3.12.2/assertj-core-3.12.2.jar:/home/runner/.m2/repository/com/google/guava/guava/32.0.0-jre/guava-32.0.0-jre.jar:/home/runner/.m2/repository/com/google/guava/failureaccess/1.0.1/failureaccess-1.0.1.jar:/home/runner/.m2/repository/com/google/guava/listenablefuture/9999.0-empty-to-avoid-conflict-with-guava/listenablefuture-9999.0-empty-to-avoid-conflict-with-guava.jar:/home/runner/.m2/repository/org/checkerframework/checker-qual/3.33.0/checker-qual-3.33.0.jar:/home/runner/.m2/repository/com/google/j2objc/j2objc-annotations/2.8/j2objc-annotations-2.8.jar:/home/runner/.m2/repository/commons-io/commons-io/2.15.1/commons-io-2.15.1.jar:/home/runner/.m2/repository/commons-logging/commons-logging/1.2/commons-logging-1.2.jar:/home/runner/.m2/repository/org/junit/jupiter/junit-jupiter-api/5.10.1/junit-jupiter-api-5.10.1.jar:/home/runner/.m2/repository/org/opentest4j/opentest4j/1.3.0/opentest4j-1.3.0.jar:/home/runner/.m2/repository/org/junit/platform/junit-platform-commons/1.10.1/junit-platform-commons-1.10.1.jar:/home/runner/.m2/repository/ch/qos/reload4j/reload4j/1.2.25/reload4j-1.2.25.jar:/home/runner/.m2/repository/jakarta/annotation/jakarta.annotation-api/2.1.1/jakarta.annotation-api-2.1.1.jar:/home/runner/.m2/repository/org/slf4j/slf4j-api/2.0.12/slf4j-api-2.0.12.jar:/home/runner/.m2/repository/org/apache/logging/log4j/log4j-api/2.17.1/log4j-api-2.17.1.jar:/home/runner/.m2/repository/org/apache/ozone/hdds-server-scm/1.5.0-SNAPSHOT/hdds-server-scm-1.5.0-SNAPSHOT.jar:/home/runner/.m2/repository/com/google/protobuf/protobuf-java/2.5.0/protobuf-java-2.5.0.jar:/home/runner/.m2/repository/org/apache/ozone/hdds-container-service/1.5.0-SNAPSHOT/hdds-container-service-1.5.0-SNAPSHOT.jar:/home/runner/.m2/repository/org/apache/ozone/hdds-hadoop-dependency-server/1.5.0-SNAPSHOT/hdds-hadoop-dependency-server-1.5.0-SNAPSHOT.jar:/home/runner/.m2/repository/org/apache/hadoop/hadoop-hdfs/3.3.6/hadoop-hdfs-3.3.6.jar:/home/runner/.m2/repository/commons-daemon/commons-daemon/1.0.13/commons-daemon-1.0.13.jar:/home/runner/.m2/repository/org/xerial/snappy/snappy-java/1.1.10.5/snappy-java-1.1.10.5.jar:/home/runner/.m2/repository/org/apache/ozone/hdds-server-framework/1.5.0-SNAPSHOT/hdds-server-framework-1.5.0-SNAPSHOT.jar:/home/runner/.m2/repository/org/bouncycastle/bcprov-jdk18on/1.77/bcprov-jdk18on-1.77.jar:/home/runner/.m2/repository/io/dropwizard/metrics/metrics-core/3.2.4/metrics-core-3.2.4.jar:/home/runner/.m2/repository/org/apache/commons/commons-text/1.11.0/commons-text-1.11.0.jar:/home/runner/.m2/repository/org/apache/ozone/hdds-server-framework/1.5.0-SNAPSHOT/hdds-server-framework-1.5.0-SNAPSHOT-tests.jar:/home/runner/.m2/repository/org/apache/ozone/hdds-interface-server/1.5.0-SNAPSHOT/hdds-interface-server-1.5.0-SNAPSHOT.jar:/home/runner/.m2/repository/org/apache/ozone/hdds-interface-admin/1.5.0-SNAPSHOT/hdds-interface-admin-1.5.0-SNAPSHOT.jar:/home/runner/.m2/repository/org/apache/ozone/hdds-managed-rocksdb/1.5.0-SNAPSHOT/hdds-managed-rocksdb-1.5.0-SNAPSHOT.jar:/home/runner/.m2/repository/org/rocksdb/rocksdbjni/7.7.3/rocksdbjni-7.7.3.jar:/home/runner/.m2/repository/org/slf4j/slf4j-reload4j/2.0.12/slf4j-reload4j-2.0.12.jar:/home/runner/.m2/repository/org/apache/commons/commons-configuration2/2.8.0/commons-configuration2-2.8.0.jar:/home/runner/.m2/repository/commons-fileupload/commons-fileupload/1.5/commons-fileupload-1.5.jar:/home/runner/.m2/repository/org/apache/logging/log4j/log4j-core/2.17.1/log4j-core-2.17.1.jar:/home/runner/.m2/repository/com/lmax/disruptor/3.4.2/disruptor-3.4.2.jar:/home/runner/.m2/repository/org/eclipse/jetty/jetty-util/9.4.53.v20231009/jetty-util-9.4.53.v20231009.jar:/home/runner/.m2/repository/org/eclipse/jetty/jetty-server/9.4.53.v20231009/jetty-server-9.4.53.v20231009.jar:/home/runner/.m2/repository/org/eclipse/jetty/jetty-http/9.4.53.v20231009/jetty-http-9.4.53.v20231009.jar:/home/runner/.m2/repository/org/eclipse/jetty/jetty-io/9.4.53.v20231009/jetty-io-9.4.53.v20231009.jar:/home/runner/.m2/repository/org/eclipse/jetty/jetty-servlet/9.4.53.v20231009/jetty-servlet-9.4.53.v20231009.jar:/home/runner/.m2/repository/org/eclipse/jetty/jetty-security/9.4.53.v20231009/jetty-security-9.4.53.v20231009.jar:/home/runner/.m2/repository/org/eclipse/jetty/jetty-util-ajax/9.4.53.v20231009/jetty-util-ajax-9.4.53.v20231009.jar:/home/runner/.m2/repository/org/eclipse/jetty/jetty-webapp/9.4.53.v20231009/jetty-webapp-9.4.53.v20231009.jar:/home/runner/.m2/repository/org/eclipse/jetty/jetty-xml/9.4.53.v20231009/jetty-xml-9.4.53.v20231009.jar:/home/runner/.m2/repository/org/apache/ratis/ratis-server/3.0.1/ratis-server-3.0.1.jar:/home/runner/.m2/repository/org/apache/ratis/ratis-thirdparty-misc/1.0.5/ratis-thirdparty-misc-1.0.5.jar:/home/runner/.m2/repository/org/apache/ratis/ratis-proto/3.0.1/ratis-proto-3.0.1.jar:/home/runner/.m2/repository/org/apache/ratis/ratis-common/3.0.1/ratis-common-3.0.1.jar:/home/runner/.m2/repository/org/apache/ratis/ratis-client/3.0.1/ratis-client-3.0.1.jar:/home/runner/.m2/repository/org/apache/ratis/ratis-server-api/3.0.1/ratis-server-api-3.0.1.jar:/home/runner/.m2/repository/org/apache/ratis/ratis-metrics-api/3.0.1/ratis-metrics-api-3.0.1.jar:/home/runner/.m2/repository/org/apache/ratis/ratis-metrics-dropwizard3/3.0.1/ratis-metrics-dropwizard3-3.0.1.jar:/home/runner/.m2/repository/io/prometheus/simpleclient_dropwizard/0.16.0/simpleclient_dropwizard-0.16.0.jar:/home/runner/.m2/repository/io/prometheus/simpleclient/0.16.0/simpleclient-0.16.0.jar:/home/runner/.m2/repository/io/prometheus/simpleclient_common/0.16.0/simpleclient_common-0.16.0.jar:/home/runner/.m2/repository/com/fasterxml/jackson/datatype/jackson-datatype-jsr310/2.13.4/jackson-datatype-jsr310-2.13.4.jar:/home/runner/.m2/repository/com/fasterxml/jackson/core/jackson-core/2.13.4/jackson-core-2.13.4.jar:/home/runner/.m2/repository/org/apache/ozone/rocksdb-checkpoint-differ/1.5.0-SNAPSHOT/rocksdb-checkpoint-differ-1.5.0-SNAPSHOT.jar:/home/runner/.m2/repository/org/jgrapht/jgrapht-core/1.0.1/jgrapht-core-1.0.1.jar:/home/runner/.m2/repository/org/jgrapht/jgrapht-ext/1.0.1/jgrapht-ext-1.0.1.jar:/home/runner/.m2/repository/org/tinyjee/jgraphx/jgraphx/2.0.0.1/jgraphx-2.0.0.1.jar:/home/runner/.m2/repository/jgraph/jgraph/5.13.0.0/jgraph-5.13.0.0.jar:/home/runner/.m2/repository/org/antlr/antlr4-runtime/4.5.3/antlr4-runtime-4.5.3.jar:/home/runner/.m2/repository/org/apache/ozone/ozone-manager/1.5.0-SNAPSHOT/ozone-manager-1.5.0-SNAPSHOT.jar:/home/runner/.m2/repository/org/aspectj/aspectjrt/1.9.7/aspectjrt-1.9.7.jar:/home/runner/.m2/repository/org/aspectj/aspectjweaver/1.9.7/aspectjweaver-1.9.7.jar:/home/runner/.m2/repository/org/apache/ozone/hdds-interface-client/1.5.0-SNAPSHOT/hdds-interface-client-1.5.0-SNAPSHOT.jar:/home/runner/.m2/repository/org/apache/hadoop/thirdparty/hadoop-shaded-protobuf_3_7/1.1.1/hadoop-shaded-protobuf_3_7-1.1.1.jar:/home/runner/.m2/repository/org/apache/ozone/ozone-interface-storage/1.5.0-SNAPSHOT/ozone-interface-storage-1.5.0-SNAPSHOT.jar:/home/runner/.m2/repository/org/reflections/reflections/0.9.11/reflections-0.9.11.jar:/home/runner/.m2/repository/com/sun/jersey/jersey-client/1.19.4/jersey-client-1.19.4.jar:/home/runner/.m2/repository/org/codehaus/jackson/jackson-core-asl/1.9.13/jackson-core-asl-1.9.13.jar:/home/runner/.m2/repository/org/codehaus/jackson/jackson-mapper-asl/1.9.13/jackson-mapper-asl-1.9.13.jar:/home/runner/.m2/repository/org/codehaus/jackson/jackson-jaxrs/1.9.13/jackson-jaxrs-1.9.13.jar:/home/runner/.m2/repository/org/apache/ranger/ranger-intg/2.3.0/ranger-intg-2.3.0.jar:/home/runner/.m2/repository/org/apache/ranger/ranger-plugins-common/2.3.0/ranger-plugins-common-2.3.0.jar:/home/runner/.m2/repository/commons-lang/commons-lang/2.6/commons-lang-2.6.jar:/home/runner/.m2/repository/org/apache/ranger/ranger-plugins-cred/2.3.0/ranger-plugins-cred-2.3.0.jar:/home/runner/.m2/repository/org/apache/ranger/ranger-plugins-audit/2.3.0/ranger-plugins-audit-2.3.0.jar:/home/runner/.m2/repository/org/eclipse/jetty/jetty-client/9.4.53.v20231009/jetty-client-9.4.53.v20231009.jar:/home/runner/.m2/repository/org/apache/httpcomponents/httpmime/4.5.6/httpmime-4.5.6.jar:/home/runner/.m2/repository/org/apache/httpcomponents/httpcore-nio/4.4.16/httpcore-nio-4.4.16.jar:/home/runner/.m2/repository/org/apache/httpcomponents/httpasyncclient/4.1.3/httpasyncclient-4.1.3.jar:/home/runner/.m2/repository/com/carrotsearch/hppc/0.8.0/hppc-0.8.0.jar:/home/runner/.m2/repository/org/apache/orc/orc-core/1.5.8/orc-core-1.5.8.jar:/home/runner/.m2/repository/net/java/dev/jna/jna/5.2.0/jna-5.2.0.jar:/home/runner/.m2/repository/net/java/dev/jna/jna-platform/5.2.0/jna-platform-5.2.0.jar:/home/runner/.m2/repository/com/kstruct/gethostname4j/0.0.2/gethostname4j-0.0.2.jar:/home/runner/.m2/repository/org/apache/ranger/ranger-plugin-classloader/2.3.0/ranger-plugin-classloader-2.3.0.jar:/home/runner/.m2/repository/org/apache/ozone/hdds-rocks-native/1.5.0-SNAPSHOT/hdds-rocks-native-1.5.0-SNAPSHOT.jar:/home/runner/.m2/repository/org/apache/hadoop/hadoop-minikdc/3.3.6/hadoop-minikdc-3.3.6.jar:/home/runner/.m2/repository/org/apache/kerby/kerb-simplekdc/1.0.1/kerb-simplekdc-1.0.1.jar:/home/runner/.m2/repository/org/apache/kerby/kerb-client/1.0.1/kerb-client-1.0.1.jar:/home/runner/.m2/repository/org/apache/kerby/kerby-config/1.0.1/kerby-config-1.0.1.jar:/home/runner/.m2/repository/org/apache/kerby/kerb-common/1.0.1/kerb-common-1.0.1.jar:/home/runner/.m2/repository/org/apache/kerby/kerb-crypto/1.0.1/kerb-crypto-1.0.1.jar:/home/runner/.m2/repository/org/apache/kerby/kerb-util/1.0.1/kerb-util-1.0.1.jar:/home/runner/.m2/repository/org/apache/kerby/token-provider/1.0.1/token-provider-1.0.1.jar:/home/runner/.m2/repository/org/apache/kerby/kerb-admin/1.0.1/kerb-admin-1.0.1.jar:/home/runner/.m2/repository/org/apache/kerby/kerb-server/1.0.1/kerb-server-1.0.1.jar:/home/runner/.m2/repository/org/apache/kerby/kerb-identity/1.0.1/kerb-identity-1.0.1.jar:/home/runner/.m2/repository/org/apache/kerby/kerby-xdr/1.0.1/kerby-xdr-1.0.1.jar:/home/runner/.m2/repository/junit/junit/4.13.2/junit-4.13.2.jar:/home/runner/.m2/repository/org/hamcrest/hamcrest-core/1.3/hamcrest-core-1.3.jar:/home/runner/.m2/repository/org/apache/ozone/ozone-s3gateway/1.5.0-SNAPSHOT/ozone-s3gateway-1.5.0-SNAPSHOT.jar:/home/runner/.m2/repository/org/javassist/javassist/3.21.0-GA/javassist-3.21.0-GA.jar:/home/runner/.m2/repository/org/jboss/weld/servlet/weld-servlet-shaded/3.1.9.Final/weld-servlet-shaded-3.1.9.Final.jar:/home/runner/.m2/repository/org/glassfish/jersey/containers/jersey-container-servlet-core/2.41/jersey-container-servlet-core-2.41.jar:/home/runner/.m2/repository/org/glassfish/hk2/external/jakarta.inject/2.6.1/jakarta.inject-2.6.1.jar:/home/runner/.m2/repository/org/glassfish/jersey/core/jersey-common/2.41/jersey-common-2.41.jar:/home/runner/.m2/repository/jakarta/ws/rs/jakarta.ws.rs-api/2.1.6/jakarta.ws.rs-api-2.1.6.jar:/home/runner/.m2/repository/org/glassfish/jersey/ext/cdi/jersey-cdi1x/2.41/jersey-cdi1x-2.41.jar:/home/runner/.m2/repository/org/glassfish/jersey/inject/jersey-hk2/2.41/jersey-hk2-2.41.jar:/home/runner/.m2/repository/org/glassfish/hk2/hk2-locator/2.6.1/hk2-locator-2.6.1.jar:/home/runner/.m2/repository/org/glassfish/jersey/media/jersey-media-jaxb/2.41/jersey-media-jaxb-2.41.jar:/home/runner/.m2/repository/org/glassfish/hk2/osgi-resource-locator/1.0.3/osgi-resource-locator-1.0.3.jar:/home/runner/.m2/repository/org/glassfish/hk2/hk2-api/2.6.1/hk2-api-2.6.1.jar:/home/runner/.m2/repository/org/glassfish/hk2/hk2-utils/2.6.1/hk2-utils-2.6.1.jar:/home/runner/.m2/repository/org/glassfish/hk2/external/aopalliance-repackaged/2.6.1/aopalliance-repackaged-2.6.1.jar:/home/runner/.m2/repository/com/fasterxml/jackson/dataformat/jackson-dataformat-xml/2.13.4/jackson-dataformat-xml-2.13.4.jar:/home/runner/.m2/repository/org/codehaus/woodstox/stax2-api/4.2.2/stax2-api-4.2.2.jar:/home/runner/.m2/repository/com/fasterxml/woodstox/woodstox-core/5.4.0/woodstox-core-5.4.0.jar:/home/runner/.m2/repository/com/fasterxml/jackson/module/jackson-module-jaxb-annotations/2.13.4/jackson-module-jaxb-annotations-2.13.4.jar:/home/runner/.m2/repository/javax/enterprise/cdi-api/2.0/cdi-api-2.0.jar:/home/runner/.m2/repository/javax/el/javax.el-api/3.0.0/javax.el-api-3.0.0.jar:/home/runner/.m2/repository/javax/interceptor/javax.interceptor-api/1.2/javax.interceptor-api-1.2.jar:/home/runner/.m2/repository/javax/inject/javax.inject/1/javax.inject-1.jar:/home/runner/.m2/repository/jakarta/xml/bind/jakarta.xml.bind-api/2.3.3/jakarta.xml.bind-api-2.3.3.jar:/home/runner/.m2/repository/org/glassfish/jaxb/jaxb-runtime/2.3.9/jaxb-runtime-2.3.9.jar:/home/runner/.m2/repository/org/glassfish/jaxb/txw2/2.3.9/txw2-2.3.9.jar:/home/runner/.m2/repository/com/sun/istack/istack-commons-runtime/3.0.12/istack-commons-runtime-3.0.12.jar:/home/runner/.m2/repository/com/sun/activation/jakarta.activation/1.2.2/jakarta.activation-1.2.2.jar:/home/runner/.m2/repository/jakarta/activation/jakarta.activation-api/1.2.2/jakarta.activation-api-1.2.2.jar:/home/runner/.m2/repository/io/grpc/grpc-protobuf/1.58.0/grpc-protobuf-1.58.0.jar:/home/runner/.m2/repository/com/google/api/grpc/proto-google-common-protos/2.22.0/proto-google-common-protos-2.22.0.jar:/home/runner/.m2/repository/io/grpc/grpc-protobuf-lite/1.58.0/grpc-protobuf-lite-1.58.0.jar:/home/runner/.m2/repository/io/grpc/grpc-stub/1.58.0/grpc-stub-1.58.0.jar:/home/runner/.m2/repository/io/netty/netty-transport/4.1.100.Final/netty-transport-4.1.100.Final.jar:/home/runner/.m2/repository/io/netty/netty-resolver/4.1.100.Final/netty-resolver-4.1.100.Final.jar:/home/runner/.m2/repository/org/apache/ozone/ozone-csi/1.5.0-SNAPSHOT/ozone-csi-1.5.0-SNAPSHOT.jar:/home/runner/.m2/repository/com/google/protobuf/protobuf-java-util/3.19.6/protobuf-java-util-3.19.6.jar:/home/runner/.m2/repository/com/google/code/gson/gson/2.9.0/gson-2.9.0.jar:/home/runner/.m2/repository/org/apache/ozone/hdds-config/1.5.0-SNAPSHOT/hdds-config-1.5.0-SNAPSHOT.jar:/home/runner/.m2/repository/io/netty/netty-transport-native-epoll/4.1.100.Final/netty-transport-native-epoll-4.1.100.Final-linux-x86_64.jar:/home/runner/.m2/repository/io/netty/netty-transport-classes-epoll/4.1.100.Final/netty-transport-classes-epoll-4.1.100.Final.jar:/home/runner/.m2/repository/io/netty/netty-transport-native-unix-common/4.1.100.Final/netty-transport-native-unix-common-4.1.100.Final.jar:/home/runner/.m2/repository/org/apache/ozone/ozone-recon/1.5.0-SNAPSHOT/ozone-recon-1.5.0-SNAPSHOT.jar:/home/runner/.m2/repository/org/apache/ozone/ozone-reconcodegen/1.5.0-SNAPSHOT/ozone-reconcodegen-1.5.0-SNAPSHOT.jar:/home/runner/.m2/repository/com/google/inject/guice/6.0.0/guice-6.0.0.jar:/home/runner/.m2/repository/jakarta/inject/jakarta.inject-api/2.0.1/jakarta.inject-api-2.0.1.jar:/home/runner/.m2/repository/aopalliance/aopalliance/1.0/aopalliance-1.0.jar:/home/runner/.m2/repository/com/google/inject/extensions/guice-assistedinject/6.0.0/guice-assistedinject-6.0.0.jar:/home/runner/.m2/repository/com/google/inject/extensions/guice-servlet/6.0.0/guice-servlet-6.0.0.jar:/home/runner/.m2/repository/org/glassfish/jersey/containers/jersey-container-servlet/2.41/jersey-container-servlet-2.41.jar:/home/runner/.m2/repository/org/glassfish/hk2/guice-bridge/2.6.1/guice-bridge-2.6.1.jar:/home/runner/.m2/repository/org/glassfish/jersey/core/jersey-server/2.41/jersey-server-2.41.jar:/home/runner/.m2/repository/org/glassfish/jersey/core/jersey-client/2.41/jersey-client-2.41.jar:/home/runner/.m2/repository/jakarta/validation/jakarta.validation-api/2.0.2/jakarta.validation-api-2.0.2.jar:/home/runner/.m2/repository/org/glassfish/jersey/media/jersey-media-json-jackson/2.41/jersey-media-json-jackson-2.41.jar:/home/runner/.m2/repository/org/glassfish/jersey/ext/jersey-entity-filtering/2.41/jersey-entity-filtering-2.41.jar:/home/runner/.m2/repository/org/jooq/jooq/3.11.10/jooq-3.11.10.jar:/home/runner/.m2/repository/org/jooq/jooq-meta/3.11.10/jooq-meta-3.11.10.jar:/home/runner/.m2/repository/org/jooq/jooq-codegen/3.11.10/jooq-codegen-3.11.10.jar:/home/runner/.m2/repository/com/jolbox/bonecp/0.8.0.RELEASE/bonecp-0.8.0.RELEASE.jar:/home/runner/.m2/repository/org/apache/derby/derby/10.14.2.0/derby-10.14.2.0.jar:/home/runner/.m2/repository/org/xerial/sqlite-jdbc/3.44.1.0/sqlite-jdbc-3.44.1.0.jar:/home/runner/.m2/repository/org/springframework/spring-jdbc/5.3.27/spring-jdbc-5.3.27.jar:/home/runner/.m2/repository/org/springframework/spring-beans/5.3.27/spring-beans-5.3.27.jar:/home/runner/.m2/repository/org/springframework/spring-core/5.3.27/spring-core-5.3.27.jar:/home/runner/.m2/repository/org/springframework/spring-tx/5.3.27/spring-tx-5.3.27.jar:/home/runner/.m2/repository/org/apache/ozone/ozone-client/1.5.0-SNAPSHOT/ozone-client-1.5.0-SNAPSHOT.jar:/home/runner/.m2/repository/org/apache/ozone/hdds-erasurecode/1.5.0-SNAPSHOT/hdds-erasurecode-1.5.0-SNAPSHOT.jar:/home/runner/.m2/repository/org/apache/ozone/ozone-filesystem/1.5.0-SNAPSHOT/ozone-filesystem-1.5.0-SNAPSHOT.jar:/home/runner/.m2/repository/org/apache/ozone/ozone-filesystem-common/1.5.0-SNAPSHOT/ozone-filesystem-common-1.5.0-SNAPSHOT.jar:/home/runner/.m2/repository/org/apache/ozone/ozone-tools/1.5.0-SNAPSHOT/ozone-tools-1.5.0-SNAPSHOT.jar:/home/runner/.m2/repository/com/amazonaws/aws-java-sdk-core/1.12.661/aws-java-sdk-core-1.12.661.jar:/home/runner/.m2/repository/org/apache/httpcomponents/httpclient/4.5.14/httpclient-4.5.14.jar:/home/runner/.m2/repository/org/apache/httpcomponents/httpcore/4.4.16/httpcore-4.4.16.jar:/home/runner/.m2/repository/com/fasterxml/jackson/dataformat/jackson-dataformat-cbor/2.13.4/jackson-dataformat-cbor-2.13.4.jar:/home/runner/.m2/repository/joda-time/joda-time/2.12.7/joda-time-2.12.7.jar:/home/runner/.m2/repository/com/amazonaws/aws-java-sdk-s3/1.12.661/aws-java-sdk-s3-1.12.661.jar:/home/runner/.m2/repository/com/amazonaws/aws-java-sdk-kms/1.12.661/aws-java-sdk-kms-1.12.661.jar:/home/runner/.m2/repository/com/amazonaws/jmespath-java/1.12.661/jmespath-java-1.12.661.jar:/home/runner/.m2/repository/org/kohsuke/metainf-services/metainf-services/1.8/metainf-services-1.8.jar:/home/runner/.m2/repository/org/apache/ozone/hdds-tools/1.5.0-SNAPSHOT/hdds-tools-1.5.0-SNAPSHOT.jar:/home/runner/.m2/repository/org/apache/ratis/ratis-tools/3.0.1/ratis-tools-3.0.1.jar:/home/runner/.m2/repository/commons-cli/commons-cli/1.6.0/commons-cli-1.6.0.jar:/home/runner/.m2/repository/org/apache/commons/commons-lang3/3.14.0/commons-lang3-3.14.0.jar:/home/runner/.m2/repository/org/apache/ozone/ozone-manager/1.5.0-SNAPSHOT/ozone-manager-1.5.0-SNAPSHOT-tests.jar:/home/runner/.m2/repository/org/apache/ozone/hdds-common/1.5.0-SNAPSHOT/hdds-common-1.5.0-SNAPSHOT-tests.jar:/home/runner/.m2/repository/org/apache/ozone/hdds-hadoop-dependency-client/1.5.0-SNAPSHOT/hdds-hadoop-dependency-client-1.5.0-SNAPSHOT.jar:/home/runner/.m2/repository/info/picocli/picocli/4.7.5/picocli-4.7.5.jar:/home/runner/.m2/repository/com/fasterxml/jackson/core/jackson-annotations/2.13.4/jackson-annotations-2.13.4.jar:/home/runner/.m2/repository/org/apache/ozone/hdds-annotation-processing/1.5.0-SNAPSHOT/hdds-annotation-processing-1.5.0-SNAPSHOT.jar:/home/runner/.m2/repository/javax/annotation/javax.annotation-api/1.3.2/javax.annotation-api-1.3.2.jar:/home/runner/.m2/repository/org/apache/ratis/ratis-netty/3.0.1/ratis-netty-3.0.1.jar:/home/runner/.m2/repository/org/apache/ratis/ratis-grpc/3.0.1/ratis-grpc-3.0.1.jar:/home/runner/.m2/repository/org/apache/commons/commons-pool2/2.6.0/commons-pool2-2.6.0.jar:/home/runner/.m2/repository/org/bouncycastle/bcpkix-jdk18on/1.77/bcpkix-jdk18on-1.77.jar:/home/runner/.m2/repository/org/bouncycastle/bcutil-jdk18on/1.77/bcutil-jdk18on-1.77.jar:/home/runner/.m2/repository/commons-validator/commons-validator/1.6/commons-validator-1.6.jar:/home/runner/.m2/repository/commons-beanutils/commons-beanutils/1.9.4/commons-beanutils-1.9.4.jar:/home/runner/.m2/repository/commons-digester/commons-digester/1.8.1/commons-digester-1.8.1.jar:/home/runner/.m2/repository/commons-collections/commons-collections/3.2.2/commons-collections-3.2.2.jar:/home/runner/.m2/repository/io/jaegertracing/jaeger-client/1.8.1/jaeger-client-1.8.1.jar:/home/runner/.m2/repository/io/jaegertracing/jaeger-thrift/1.8.1/jaeger-thrift-1.8.1.jar:/home/runner/.m2/repository/org/apache/thrift/libthrift/0.15.0/libthrift-0.15.0.jar:/home/runner/.m2/repository/io/jaegertracing/jaeger-core/1.8.1/jaeger-core-1.8.1.jar:/home/runner/.m2/repository/io/jaegertracing/jaeger-tracerresolver/1.8.1/jaeger-tracerresolver-1.8.1.jar:/home/runner/.m2/repository/io/opentracing/contrib/opentracing-tracerresolver/0.1.8/opentracing-tracerresolver-0.1.8.jar:/home/runner/.m2/repository/org/jetbrains/kotlin/kotlin-stdlib/1.9.22/kotlin-stdlib-1.9.22.jar:/home/runner/.m2/repository/org/jetbrains/annotations/13.0/annotations-13.0.jar:/home/runner/.m2/repository/io/opentracing/opentracing-util/0.33.0/opentracing-util-0.33.0.jar:/home/runner/.m2/repository/io/opentracing/opentracing-api/0.33.0/opentracing-api-0.33.0.jar:/home/runner/.m2/repository/io/opentracing/opentracing-noop/0.33.0/opentracing-noop-0.33.0.jar:/home/runner/.m2/repository/org/yaml/snakeyaml/2.0/snakeyaml-2.0.jar:/home/runner/.m2/repository/io/grpc/grpc-api/1.58.0/grpc-api-1.58.0.jar:/home/runner/.m2/repository/org/junit/jupiter/junit-jupiter-engine/5.10.1/junit-jupiter-engine-5.10.1.jar:/home/runner/.m2/repository/org/junit/platform/junit-platform-engine/1.10.1/junit-platform-engine-1.10.1.jar:/home/runner/.m2/repository/org/apiguardian/apiguardian-api/1.1.2/apiguardian-api-1.1.2.jar:/home/runner/.m2/repository/org/junit/platform/junit-platform-launcher/1.10.1/junit-platform-launcher-1.10.1.jar:/home/runner/.m2/repository/org/apache/hadoop/hadoop-kms/3.3.6/hadoop-kms-3.3.6.jar:/home/runner/.m2/repository/org/apache/hadoop/hadoop-auth/3.3.6/hadoop-auth-3.3.6.jar:/home/runner/.m2/repository/com/nimbusds/nimbus-jose-jwt/9.8.1/nimbus-jose-jwt-9.8.1.jar:/home/runner/.m2/repository/com/github/stephenc/jcip/jcip-annotations/1.0-1/jcip-annotations-1.0-1.jar:/home/runner/.m2/repository/org/apache/zookeeper/zookeeper/3.7.2/zookeeper-3.7.2.jar:/home/runner/.m2/repository/org/apache/zookeeper/zookeeper-jute/3.7.2/zookeeper-jute-3.7.2.jar:/home/runner/.m2/repository/org/apache/yetus/audience-annotations/0.12.0/audience-annotations-0.12.0.jar:/home/runner/.m2/repository/org/apache/curator/curator-framework/4.2.0/curator-framework-4.2.0.jar:/home/runner/.m2/repository/org/apache/hadoop/thirdparty/hadoop-shaded-guava/1.1.1/hadoop-shaded-guava-1.1.1.jar:/home/runner/.m2/repository/com/sun/jersey/jersey-core/1.19.4/jersey-core-1.19.4.jar:/home/runner/.m2/repository/javax/ws/rs/jsr311-api/1.1.1/jsr311-api-1.1.1.jar:/home/runner/.m2/repository/com/sun/jersey/jersey-server/1.19.4/jersey-server-1.19.4.jar:/home/runner/.m2/repository/javax/servlet/javax.servlet-api/3.1.0/javax.servlet-api-3.1.0.jar:/home/runner/.m2/repository/org/apache/hadoop/hadoop-common/3.3.6/hadoop-common-3.3.6.jar:/home/runner/.m2/repository/org/apache/commons/commons-math3/3.6.1/commons-math3-3.6.1.jar:/home/runner/.m2/repository/commons-net/commons-net/3.10.0/commons-net-3.10.0.jar:/home/runner/.m2/repository/com/sun/jersey/jersey-servlet/1.19.4/jersey-servlet-1.19.4.jar:/home/runner/.m2/repository/com/github/pjfanning/jersey-json/1.20/jersey-json-1.20.jar:/home/runner/.m2/repository/org/codehaus/jettison/jettison/1.1/jettison-1.1.jar:/home/runner/.m2/repository/com/sun/xml/bind/jaxb-impl/2.2.3-1/jaxb-impl-2.2.3-1.jar:/home/runner/.m2/repository/com/google/re2j/re2j/1.7/re2j-1.7.jar:/home/runner/.m2/repository/com/jcraft/jsch/0.1.54/jsch-0.1.54.jar:/home/runner/.m2/repository/org/apache/curator/curator-client/4.2.0/curator-client-4.2.0.jar:/home/runner/.m2/repository/org/apache/curator/curator-recipes/5.2.0/curator-recipes-5.2.0.jar:/home/runner/.m2/repository/com/google/code/findbugs/jsr305/3.0.2/jsr305-3.0.2.jar:/home/runner/.m2/repository/org/apache/kerby/kerb-core/1.0.1/kerb-core-1.0.1.jar:/home/runner/.m2/repository/org/apache/kerby/kerby-pkix/1.0.1/kerby-pkix-1.0.1.jar:/home/runner/.m2/repository/org/apache/kerby/kerby-asn1/1.0.1/kerby-asn1-1.0.1.jar:/home/runner/.m2/repository/org/apache/kerby/kerby-util/1.0.1/kerby-util-1.0.1.jar:/home/runner/.m2/repository/dnsjava/dnsjava/2.1.7/dnsjava-2.1.7.jar:/home/runner/.m2/repository/com/fasterxml/jackson/core/jackson-databind/2.13.4.2/jackson-databind-2.13.4.2.jar:/home/runner/.m2/repository/org/apache/hadoop/hadoop-kms/3.3.6/hadoop-kms-3.3.6-tests.jar:/home/runner/.m2/repository/org/apache/ozone/hdds-server-scm/1.5.0-SNAPSHOT/hdds-server-scm-1.5.0-SNAPSHOT-tests.jar:/home/runner/.m2/repository/org/apache/ozone/hdds-container-service/1.5.0-SNAPSHOT/hdds-container-service-1.5.0-SNAPSHOT-tests.jar:/home/runner/.m2/repository/com/github/luben/zstd-jni/1.5.2-5/zstd-jni-1.5.2-5.jar:/home/runner/.m2/repository/commons-codec/commons-codec/1.15/commons-codec-1.15.jar:/home/runner/.m2/repository/io/netty/netty-codec/4.1.100.Final/netty-codec-4.1.100.Final.jar:/home/runner/.m2/repository/io/netty/netty-handler/4.1.100.Final/netty-handler-4.1.100.Final.jar:/home/runner/.m2/repository/org/apache/ozone/hdds-hadoop-dependency-test/1.5.0-SNAPSHOT/hdds-hadoop-dependency-test-1.5.0-SNAPSHOT.jar:/home/runner/.m2/repository/org/apache/hadoop/hadoop-common/3.3.6/hadoop-common-3.3.6-tests.jar:/home/runner/.m2/repository/org/apache/hadoop/hadoop-hdfs/3.3.6/hadoop-hdfs-3.3.6-tests.jar:/home/runner/.m2/repository/org/junit/jupiter/junit-jupiter-params/5.10.1/junit-jupiter-params-5.10.1.jar:/home/runner/.m2/repository/org/mockito/mockito-core/4.11.0/mockito-core-4.11.0.jar:/home/runner/.m2/repository/net/bytebuddy/byte-buddy/1.12.19/byte-buddy-1.12.19.jar:/home/runner/.m2/repository/net/bytebuddy/byte-buddy-agent/1.12.19/byte-buddy-agent-1.12.19.jar:/home/runner/.m2/repository/org/objenesis/objenesis/1.0/objenesis-1.0.jar:/home/runner/.m2/repository/org/mockito/mockito-junit-jupiter/4.11.0/mockito-junit-jupiter-4.11.0.jar:/home/runner/.m2/repository/org/apache/hadoop/hadoop-distcp/3.3.6/hadoop-distcp-3.3.6.jar:/home/runner/.m2/repository/org/apache/hadoop/hadoop-mapreduce-client-jobclient/3.3.6/hadoop-mapreduce-client-jobclient-3.3.6.jar:/home/runner/.m2/repository/org/apache/hadoop/hadoop-mapreduce-client-common/3.3.6/hadoop-mapreduce-client-common-3.3.6.jar:/home/runner/.m2/repository/org/apache/hadoop/hadoop-yarn-common/3.3.6/hadoop-yarn-common-3.3.6.jar:/home/runner/.m2/repository/org/apache/hadoop/hadoop-yarn-api/3.3.6/hadoop-yarn-api-3.3.6.jar:/home/runner/.m2/repository/javax/xml/bind/jaxb-api/2.2.11/jaxb-api-2.2.11.jar:/home/runner/.m2/repository/com/sun/jersey/contribs/jersey-guice/1.19.4/jersey-guice-1.19.4.jar:/home/runner/.m2/repository/com/fasterxml/jackson/jaxrs/jackson-jaxrs-json-provider/2.13.4/jackson-jaxrs-json-provider-2.13.4.jar:/home/runner/.m2/repository/com/fasterxml/jackson/jaxrs/jackson-jaxrs-base/2.13.4/jackson-jaxrs-base-2.13.4.jar:/home/runner/.m2/repository/org/apache/hadoop/hadoop-yarn-client/3.3.6/hadoop-yarn-client-3.3.6.jar:/home/runner/.m2/repository/org/eclipse/jetty/websocket/websocket-client/9.4.51.v20230217/websocket-client-9.4.51.v20230217.jar:/home/runner/.m2/repository/org/eclipse/jetty/websocket/websocket-common/9.4.51.v20230217/websocket-common-9.4.51.v20230217.jar:/home/runner/.m2/repository/org/eclipse/jetty/websocket/websocket-api/9.4.51.v20230217/websocket-api-9.4.51.v20230217.jar:/home/runner/.m2/repository/org/jline/jline/3.9.0/jline-3.9.0.jar:/home/runner/.m2/repository/org/apache/hadoop/hadoop-mapreduce-client-core/3.3.6/hadoop-mapreduce-client-core-3.3.6.jar:/home/runner/.m2/repository/org/apache/avro/avro/1.7.7/avro-1.7.7.jar:/home/runner/.m2/repository/com/thoughtworks/paranamer/paranamer/2.3/paranamer-2.3.jar:/home/runner/.m2/repository/org/apache/hadoop/hadoop-annotations/3.3.6/hadoop-annotations-3.3.6.jar:/usr/lib/jvm/temurin-8-jdk-amd64/jre/../lib/tools.jar:/home/runner/.m2/repository/io/netty/netty/3.10.6.Final/netty-3.10.6.Final.jar:/home/runner/.m2/repository/org/apache/hadoop/hadoop-distcp/3.3.6/hadoop-distcp-3.3.6-tests.jar:/home/runner/.m2/repository/org/hamcrest/hamcrest/2.2/hamcrest-2.2.jar:/home/runner/.m2/repository/org/slf4j/jul-to-slf4j/2.0.12/jul-to-slf4j-2.0.12.jar:/home/runner/work/ozone/ozone/hadoop-ozone/integration-test/target/gradle-enterprise/test-listeners.jar:"/>
    <property name="sun.cpu.endian" value="little"/>
    <property name="user.home" value="/home/runner"/>
    <property name="user.language" value="en"/>
    <property name="java.specification.vendor" value="Oracle Corporation"/>
    <property name="java.home" value="/usr/lib/jvm/temurin-8-jdk-amd64/jre"/>
    <property name="java.security.krb5.conf" value="/home/runner/work/ozone/ozone/hadoop-ozone/integration-test/target/test-classes/krb5.conf"/>
    <property name="file.separator" value="/"/>
    <property name="basedir" value="/home/runner/work/ozone/ozone/hadoop-ozone/integration-test"/>
    <property name="line.separator" value="&#10;"/>
    <property name="java.vm.specification.vendor" value="Oracle Corporation"/>
    <property name="java.specification.name" value="Java Platform API Specification"/>
    <property name="skip.installnpx" value="true"/>
    <property name="java.awt.graphicsenv" value="sun.awt.X11GraphicsEnvironment"/>
    <property name="surefire.fork.timeout" value="3600"/>
    <property name="surefire.real.class.path" value="/home/runner/work/ozone/ozone/hadoop-ozone/integration-test/target/surefire/surefirebooter3744731662985718352.jar:/home/runner/.m2/repository/org/jacoco/org.jacoco.agent/0.8.11/org.jacoco.agent-0.8.11-runtime.jar"/>
    <property name="sun.boot.class.path" value="/usr/lib/jvm/temurin-8-jdk-amd64/jre/lib/resources.jar:/usr/lib/jvm/temurin-8-jdk-amd64/jre/lib/rt.jar:/usr/lib/jvm/temurin-8-jdk-amd64/jre/lib/sunrsasign.jar:/usr/lib/jvm/temurin-8-jdk-amd64/jre/lib/jsse.jar:/usr/lib/jvm/temurin-8-jdk-amd64/jre/lib/jce.jar:/usr/lib/jvm/temurin-8-jdk-amd64/jre/lib/charsets.jar:/usr/lib/jvm/temurin-8-jdk-amd64/jre/lib/jfr.jar:/usr/lib/jvm/temurin-8-jdk-amd64/jre/classes"/>
    <property name="hadoop.log.dir" value="/home/runner/work/ozone/ozone/hadoop-ozone/integration-test/target/log"/>
    <property name="sun.management.compiler" value="HotSpot 64-Bit Tiered Compilers"/>
    <property name="java.runtime.version" value="1.8.0_402-b06"/>
    <property name="skip.npx" value="true"/>
    <property name="user.name" value="runner"/>
    <property name="java.net.preferIPv4Stack" value="true"/>
    <property name="path.separator" value=":"/>
    <property name="java.security.egd" value="file:///dev/urandom"/>
    <property name="os.version" value="5.15.0-1057-azure"/>
    <property name="java.endorsed.dirs" value="/usr/lib/jvm/temurin-8-jdk-amd64/jre/lib/endorsed"/>
    <property name="java.runtime.name" value="OpenJDK Runtime Environment"/>
    <property name="com.gradle.maven.scan.extension.test.listener.junitplatform.NestedExecutionSafeDelegatingTestExecutionListener" value="342ea33"/>
    <property name="file.encoding" value="UTF-8"/>
    <property name="java.vm.name" value="OpenJDK 64-Bit Server VM"/>
    <property name="test.build.webapps" value=""/>
    <property name="localRepository" value="/home/runner/.m2/repository"/>
    <property name="gradle.enterprise.listener.port" value="39519"/>
    <property name="jetty.git.hash" value="27bde00a0b95a1d5bbee0eae7984f891d2d0f8c9"/>
    <property name="java.vendor.url.bug" value="https://github.com/adoptium/adoptium-support/issues"/>
    <property name="require.test.libhadoop" value=""/>
    <property name="java.io.tmpdir" value="/tmp"/>
    <property name="java.version" value="1.8.0_402"/>
    <property name="surefire.rerunFailingTestsCount" value="5"/>
    <property name="user.dir" value="/home/runner/work/ozone/ozone/hadoop-ozone/integration-test"/>
    <property name="os.arch" value="amd64"/>
    <property name="test.build.classes" value="/home/runner/work/ozone/ozone/hadoop-ozone/integration-test/target/test-classes"/>
    <property name="java.vm.specification.name" value="Java Virtual Machine Specification"/>
    <property name="java.awt.printerjob" value="sun.print.PSPrinterJob"/>
    <property name="sun.os.patch.level" value="unknown"/>
    <property name="org.apache.ratis.thirdparty.io.netty.allocator.useCacheForAllThreads" value="false"/>
    <property name="hadoop.tmp.dir" value="/home/runner/work/ozone/ozone/hadoop-ozone/integration-test/target/tmp"/>
    <property name="java.library.path" value="/usr/java/packages/lib/amd64:/usr/lib64:/lib64:/lib:/usr/lib"/>
    <property name="java.vendor" value="Temurin"/>
    <property name="java.vm.info" value="mixed mode"/>
    <property name="java.vm.version" value="25.402-b06"/>
    <property name="java.specification.maintenance.version" value="5"/>
    <property name="sun.io.unicode.encoding" value="UnicodeLittle"/>
    <property name="java.ext.dirs" value="/usr/lib/jvm/temurin-8-jdk-amd64/jre/lib/ext:/usr/java/packages/lib/ext"/>
    <property name="java.class.version" value="52.0"/>
  </properties>
  <testcase name="testWatchForCommitWithKeyWrite" classname="org.apache.hadoop.ozone.client.rpc.TestWatchForCommit" time="42.374"/>
  <testcase name="testWatchForCommitForRetryfailure" classname="org.apache.hadoop.ozone.client.rpc.TestWatchForCommit" time="37.948"/>
  <testcase name="testWatchForCommitForGroupMismatchException" classname="org.apache.hadoop.ozone.client.rpc.TestWatchForCommit" time="27.712"/>
  <testcase name="test2WayCommitForTimeoutException" classname="org.apache.hadoop.ozone.client.rpc.TestWatchForCommit" time="25.168">
    <flakyError type="java.util.concurrent.ExecutionException">
      <stackTrace><![CDATA[java.util.concurrent.ExecutionException: org.apache.ratis.protocol.exceptions.AlreadyClosedException: SlidingWindow$Client:client-818B0281EFB6->RAFT is closed.
	at java.util.concurrent.CompletableFuture.reportGet(CompletableFuture.java:357)
	at java.util.concurrent.CompletableFuture.get(CompletableFuture.java:1908)
	at org.apache.hadoop.ozone.client.rpc.TestWatchForCommit.test2WayCommitForTimeoutException(TestWatchForCommit.java:321)
	at java.lang.reflect.Method.invoke(Method.java:498)
	at java.util.ArrayList.forEach(ArrayList.java:1259)
	at java.util.ArrayList.forEach(ArrayList.java:1259)
Caused by: org.apache.ratis.protocol.exceptions.AlreadyClosedException: SlidingWindow$Client:client-818B0281EFB6->RAFT is closed.
	at org.apache.ratis.util.SlidingWindow$Client.alreadyClosed(SlidingWindow.java:406)
	at org.apache.ratis.util.SlidingWindow$Client.fail(SlidingWindow.java:394)
	at org.apache.ratis.client.impl.OrderedAsync.failAllAsyncRequests(OrderedAsync.java:149)
	at org.apache.ratis.client.impl.OrderedAsync.handleAsyncRetryFailure(OrderedAsync.java:153)
	at org.apache.ratis.client.impl.OrderedAsync.lambda$sendRequest$9(OrderedAsync.java:253)
	at java.util.concurrent.CompletableFuture.uniExceptionally(CompletableFuture.java:884)
	at java.util.concurrent.CompletableFuture$UniExceptionally.tryFire(CompletableFuture.java:866)
	at java.util.concurrent.CompletableFuture.postComplete(CompletableFuture.java:488)
	at java.util.concurrent.CompletableFuture.completeExceptionally(CompletableFuture.java:1990)
	at org.apache.ratis.grpc.client.GrpcClientProtocolClient$AsyncStreamObservers.completeReplyExceptionally(GrpcClientProtocolClient.java:394)
	at org.apache.ratis.grpc.client.GrpcClientProtocolClient$AsyncStreamObservers.access$000(GrpcClientProtocolClient.java:300)
	at org.apache.ratis.grpc.client.GrpcClientProtocolClient$AsyncStreamObservers$1.onNext(GrpcClientProtocolClient.java:314)
	at org.apache.ratis.grpc.client.GrpcClientProtocolClient$AsyncStreamObservers$1.onNext(GrpcClientProtocolClient.java:305)
	at org.apache.ratis.thirdparty.io.grpc.stub.ClientCalls$StreamObserverToCallListenerAdapter.onMessage(ClientCalls.java:468)
	at org.apache.ratis.thirdparty.io.grpc.ForwardingClientCallListener.onMessage(ForwardingClientCallListener.java:33)
	at org.apache.ratis.thirdparty.io.grpc.internal.DelayedClientCall$DelayedListener.onMessage(DelayedClientCall.java:473)
	at org.apache.ratis.thirdparty.io.grpc.internal.ClientCallImpl$ClientStreamListenerImpl$1MessagesAvailable.runInternal(ClientCallImpl.java:660)
	at org.apache.ratis.thirdparty.io.grpc.internal.ClientCallImpl$ClientStreamListenerImpl$1MessagesAvailable.runInContext(ClientCallImpl.java:647)
	at org.apache.ratis.thirdparty.io.grpc.internal.ContextRunnable.run(ContextRunnable.java:37)
	at org.apache.ratis.thirdparty.io.grpc.internal.SerializingExecutor.run(SerializingExecutor.java:133)
	at java.util.concurrent.ThreadPoolExecutor.runWorker(ThreadPoolExecutor.java:1149)
	at java.util.concurrent.ThreadPoolExecutor$Worker.run(ThreadPoolExecutor.java:624)
	at java.lang.Thread.run(Thread.java:750)
Caused by: org.apache.ratis.protocol.exceptions.RaftRetryFailureException: Failed RaftClientRequest:client-818B0281EFB6->deb5d253-51cb-42bf-a345-825603079b10@group-993DCF1EDE54, cid=60, seq=1*, Watch(0), null for 3 attempts with RequestTypeDependentRetryPolicy{WRITE->ExceptionDependentRetry(maxAttempts=2147483647; defaultPolicy=MultipleLinearRandomRetry[5x5s, 5x10s, 5x15s, 5x20s, 5x25s, 10x60s]; map={org.apache.ratis.protocol.exceptions.GroupMismatchException->NoRetry, org.apache.ratis.protocol.exceptions.NotReplicatedException->NoRetry, org.apache.ratis.protocol.exceptions.ResourceUnavailableException->org.apache.ratis.retry.ExponentialBackoffRetry@dadd55c, org.apache.ratis.protocol.exceptions.StateMachineException->NoRetry, org.apache.ratis.protocol.exceptions.TimeoutIOException->org.apache.ratis.retry.ExponentialBackoffRetry@dadd55c}), WATCH->ExceptionDependentRetry(maxAttempts=2147483647; defaultPolicy=MultipleLinearRandomRetry[5x5s, 5x10s, 5x15s, 5x20s, 5x25s, 10x60s]; map={org.apache.ratis.protocol.exceptions.GroupMismatchException->NoRetry, org.apache.ratis.protocol.exceptions.NotReplicatedException->NoRetry, org.apache.ratis.protocol.exceptions.ResourceUnavailableException->org.apache.ratis.retry.ExponentialBackoffRetry@dadd55c, org.apache.ratis.protocol.exceptions.StateMachineException->NoRetry, org.apache.ratis.protocol.exceptions.TimeoutIOException->NoRetry})}
	at org.apache.ratis.client.impl.RaftClientImpl.noMoreRetries(RaftClientImpl.java:353)
	... 20 more
Caused by: org.apache.ratis.protocol.exceptions.NotLeaderException: Server deb5d253-51cb-42bf-a345-825603079b10@group-993DCF1EDE54 is not the leader e7233910-62be-434d-8b50-630853f02a3c|10.1.0.29:15344
	at org.apache.ratis.client.impl.ClientProtoUtils.toRaftClientReply(ClientProtoUtils.java:397)
	at org.apache.ratis.grpc.client.GrpcClientProtocolClient$AsyncStreamObservers$1.onNext(GrpcClientProtocolClient.java:310)
	... 11 more
]]></stackTrace>
      <system-out><![CDATA[2024-03-05 10:11:13,400 [main] WARN  server.ServerUtils (ServerUtils.java:getScmDbDir(143)) - ozone.scm.db.dirs is not configured. We recommend adding this setting. Falling back to ozone.metadata.dirs instead.
2024-03-05 10:11:13,402 [main] WARN  server.ServerUtils (ServerUtils.java:getScmDbDir(143)) - ozone.scm.db.dirs is not configured. We recommend adding this setting. Falling back to ozone.metadata.dirs instead.
2024-03-05 10:11:13,403 [main] INFO  ha.SCMHANodeDetails (SCMHANodeDetails.java:loadSCMHAConfig(207)) - ServiceID for StorageContainerManager is null
2024-03-05 10:11:13,403 [main] INFO  ha.SCMHANodeDetails (SCMHANodeDetails.java:loadSCMHAConfig(212)) - ozone.scm.default.service.id is not defined, falling back to ozone.scm.service.ids to find serviceID for StorageContainerManager if it is HA enabled cluster
2024-03-05 10:11:13,403 [main] WARN  utils.HAUtils (HAUtils.java:getMetaDir(339)) - ozone.scm.db.dirs is not configured. We recommend adding this setting. Falling back to ozone.metadata.dirs instead.
2024-03-05 10:11:13,403 [main] WARN  db.DBStoreBuilder (DBStoreBuilder.java:applyDBDefinition(171)) - ozone.scm.db.dirs is not configured. We recommend adding this setting. Falling back to ozone.metadata.dirs instead.
2024-03-05 10:11:13,484 [main] INFO  net.NodeSchemaLoader (NodeSchemaLoader.java:loadSchemaFromFile(129)) - Loading schema from [jar:file:/home/runner/.m2/repository/org/apache/ozone/hdds-common/1.5.0-SNAPSHOT/hdds-common-1.5.0-SNAPSHOT.jar!/network-topology-default.xml]
2024-03-05 10:11:13,484 [main] INFO  net.NodeSchemaLoader (NodeSchemaLoader.java:loadSchema(176)) - Loading network topology layer schema file
2024-03-05 10:11:13,487 [main] INFO  upgrade.AbstractLayoutVersionManager (AbstractLayoutVersionManager.java:init(83)) - Initializing Layout version manager with metadata layout = HADOOP_PRC_PORTS_IN_DATANODEDETAILS (version = 7), software layout = HADOOP_PRC_PORTS_IN_DATANODEDETAILS (version = 7)
2024-03-05 10:11:13,488 [main] INFO  ha.SequenceIdGenerator (SequenceIdGenerator.java:upgradeToSequenceId(370)) - upgrade localId to 113750153625600000
2024-03-05 10:11:13,489 [main] INFO  ha.SequenceIdGenerator (SequenceIdGenerator.java:upgradeToSequenceId(380)) - upgrade delTxnId to 0
2024-03-05 10:11:13,490 [main] INFO  ha.SequenceIdGenerator (SequenceIdGenerator.java:upgradeToSequenceId(397)) - upgrade containerId to 0
2024-03-05 10:11:13,491 [main] INFO  ha.SequenceIdGenerator (SequenceIdGenerator.java:upgradeToCertificateSequenceId(444)) - upgrade CertificateId to 2
2024-03-05 10:11:13,491 [main] INFO  ha.SequenceIdGenerator (SequenceIdGenerator.java:<init>(241)) - Init the HA SequenceIdGenerator.
2024-03-05 10:11:13,492 [main] INFO  node.SCMNodeManager (SCMNodeManager.java:<init>(177)) - Entering startup safe mode.
2024-03-05 10:11:13,492 [main] INFO  algorithms.ContainerPlacementPolicyFactory (ContainerPlacementPolicyFactory.java:getPolicyInternal(86)) - Create container placement policy of type org.apache.hadoop.hdds.scm.container.placement.algorithms.SCMContainerPlacementRackAware
2024-03-05 10:11:13,492 [main] INFO  algorithms.ContainerPlacementPolicyFactory (ContainerPlacementPolicyFactory.java:getPolicyInternal(86)) - Create container placement policy of type org.apache.hadoop.hdds.scm.container.placement.algorithms.SCMContainerPlacementRackScatter
2024-03-05 10:11:13,492 [main] INFO  pipeline.PipelineStateManagerImpl (PipelineStateManagerImpl.java:initialize(78)) - No pipeline exists in current db
2024-03-05 10:11:13,492 [main] INFO  algorithms.LeaderChoosePolicyFactory (LeaderChoosePolicyFactory.java:getPolicy(57)) - Create leader choose policy of type org.apache.hadoop.hdds.scm.pipeline.leader.choose.algorithms.MinLeaderCountChoosePolicy
2024-03-05 10:11:13,492 [main] INFO  algorithms.ContainerPlacementPolicyFactory (ContainerPlacementPolicyFactory.java:getPolicyInternal(86)) - Create container placement policy of type org.apache.hadoop.hdds.scm.container.placement.algorithms.SCMContainerPlacementRackScatter
2024-03-05 10:11:13,493 [main] INFO  ha.SCMServiceManager (SCMServiceManager.java:register(42)) - Registering service BackgroundPipelineCreator.
2024-03-05 10:11:13,493 [main] INFO  pipeline.BackgroundPipelineCreator (BackgroundPipelineCreator.java:start(127)) - Starting RatisPipelineUtilsThread.
2024-03-05 10:11:13,493 [main] INFO  BackgroundPipelineScrubber (BackgroundSCMService.java:start(65)) - Starting BackgroundPipelineScrubber Service.
2024-03-05 10:11:13,493 [main] INFO  ha.SCMServiceManager (SCMServiceManager.java:register(42)) - Registering service BackgroundPipelineScrubber.
2024-03-05 10:11:13,493 [main] INFO  ExpiredContainerReplicaOpScrubber (BackgroundSCMService.java:start(65)) - Starting ExpiredContainerReplicaOpScrubber Service.
2024-03-05 10:11:13,493 [main] INFO  ha.SCMServiceManager (SCMServiceManager.java:register(42)) - Registering service ExpiredContainerReplicaOpScrubber.
2024-03-05 10:11:13,494 [main] INFO  algorithms.PipelineChoosePolicyFactory (PipelineChoosePolicyFactory.java:createPipelineChoosePolicyFromClass(80)) - Create pipeline choose policy of type org.apache.hadoop.hdds.scm.pipeline.choose.algorithms.RandomPipelineChoosePolicy
2024-03-05 10:11:13,494 [main] INFO  algorithms.PipelineChoosePolicyFactory (PipelineChoosePolicyFactory.java:createPipelineChoosePolicyFromClass(80)) - Create pipeline choose policy of type org.apache.hadoop.hdds.scm.pipeline.choose.algorithms.RandomPipelineChoosePolicy
2024-03-05 10:11:13,494 [main] INFO  ha.SCMServiceManager (SCMServiceManager.java:register(42)) - Registering service SCMBlockDeletingService.
2024-03-05 10:11:13,495 [main] INFO  replication.ReplicationManager (ReplicationManager.java:start(295)) - Starting Replication Monitor Thread.
2024-03-05 10:11:13,496 [ReplicationMonitor] INFO  replication.ReplicationManager (ReplicationManager.java:processAll(371)) - Replication Manager is not ready to run until 3000ms after safemode exit
2024-03-05 10:11:13,496 [main] INFO  ha.SCMServiceManager (SCMServiceManager.java:register(42)) - Registering service ReplicationManager.
2024-03-05 10:11:13,496 [main] INFO  safemode.ContainerSafeModeRule (ContainerSafeModeRule.java:<init>(91)) - containers with one replica threshold count 0
2024-03-05 10:11:13,496 [main] INFO  safemode.HealthyPipelineSafeModeRule (HealthyPipelineSafeModeRule.java:initializeRule(176)) - Total pipeline count is 0, healthy pipeline threshold count is 1
2024-03-05 10:11:13,497 [main] INFO  safemode.OneReplicaPipelineSafeModeRule (OneReplicaPipelineSafeModeRule.java:initializeRule(193)) - Total pipeline count is 0, pipeline's with at least one datanode reported threshold count is 0
2024-03-05 10:11:13,497 [main] INFO  server.StorageContainerManager (StorageContainerManager.java:<init>(440)) - SCM start with adminUsers: [runner]
2024-03-05 10:11:13,497 [main] INFO  ipc.CallQueueManager (CallQueueManager.java:<init>(90)) - Using callQueue: class java.util.concurrent.LinkedBlockingQueue, queueCapacity: 10000, scheduler: class org.apache.hadoop.ipc.DefaultRpcScheduler, ipcBackoff: false.
2024-03-05 10:11:13,497 [main] INFO  ipc.Server (Server.java:<init>(1287)) - Listener at 0.0.0.0:15269
2024-03-05 10:11:13,498 [Socket Reader #1 for port 15269] INFO  ipc.Server (Server.java:run(1323)) - Starting Socket Reader #1 for port 15269
2024-03-05 10:11:13,502 [main] INFO  ipc.CallQueueManager (CallQueueManager.java:<init>(90)) - Using callQueue: class java.util.concurrent.LinkedBlockingQueue, queueCapacity: 10000, scheduler: class org.apache.hadoop.ipc.DefaultRpcScheduler, ipcBackoff: false.
2024-03-05 10:11:13,502 [main] INFO  ipc.Server (Server.java:<init>(1287)) - Listener at 0.0.0.0:15268
2024-03-05 10:11:13,502 [Socket Reader #1 for port 15268] INFO  ipc.Server (Server.java:run(1323)) - Starting Socket Reader #1 for port 15268
2024-03-05 10:11:13,503 [main] INFO  ipc.CallQueueManager (CallQueueManager.java:<init>(90)) - Using callQueue: class java.util.concurrent.LinkedBlockingQueue, queueCapacity: 10000, scheduler: class org.apache.hadoop.ipc.DefaultRpcScheduler, ipcBackoff: false.
2024-03-05 10:11:13,503 [main] INFO  ipc.Server (Server.java:<init>(1287)) - Listener at 0.0.0.0:15267
2024-03-05 10:11:13,503 [Socket Reader #1 for port 15267] INFO  ipc.Server (Server.java:run(1323)) - Starting Socket Reader #1 for port 15267
2024-03-05 10:11:13,506 [main] INFO  ha.SCMServiceManager (SCMServiceManager.java:register(42)) - Registering service ContainerBalancer.
2024-03-05 10:11:13,506 [main] INFO  ha.SCMContext (SCMContext.java:updateSafeModeStatus(225)) - Update SafeModeStatus from SafeModeStatus{safeModeStatus=true, preCheckPassed=false} to SafeModeStatus{safeModeStatus=true, preCheckPassed=false}.
2024-03-05 10:11:13,506 [main] INFO  server.StorageContainerManager (StorageContainerManager.java:start(1545)) - StorageContainerLocationProtocol RPC server is listening at /0.0.0.0:15267
2024-03-05 10:11:13,507 [main] WARN  impl.MetricsConfig (MetricsConfig.java:loadFirst(136)) - Cannot locate configuration: tried hadoop-metrics2-storagecontainermanager.properties,hadoop-metrics2.properties
2024-03-05 10:11:13,508 [main] INFO  impl.MetricsSystemImpl (MetricsSystemImpl.java:startTimer(378)) - Scheduled Metric snapshot period at 10 second(s).
2024-03-05 10:11:13,508 [main] INFO  impl.MetricsSystemImpl (MetricsSystemImpl.java:start(191)) - StorageContainerManager metrics system started
2024-03-05 10:11:13,522 [main] INFO  impl.MetricsSinkAdapter (MetricsSinkAdapter.java:start(204)) - Sink prometheus started
2024-03-05 10:11:13,522 [main] INFO  impl.MetricsSystemImpl (MetricsSystemImpl.java:registerSink(305)) - Registered sink prometheus
2024-03-05 10:11:13,535 [main] INFO  server.SCMClientProtocolServer (SCMClientProtocolServer.java:start(204)) - RPC server for Client  is listening at /0.0.0.0:15267
2024-03-05 10:11:13,535 [IPC Server Responder] INFO  ipc.Server (Server.java:run(1562)) - IPC Server Responder: starting
2024-03-05 10:11:13,536 [IPC Server listener on 15267] INFO  ipc.Server (Server.java:run(1402)) - IPC Server listener on 15267: starting
2024-03-05 10:11:13,546 [main] INFO  server.StorageContainerManager (StorageContainerManager.java:start(1558)) - ScmBlockLocationProtocol RPC server is listening at /0.0.0.0:15268
2024-03-05 10:11:13,546 [main] INFO  server.SCMBlockProtocolServer (SCMBlockProtocolServer.java:start(161)) - RPC server for Block Protocol is listening at /0.0.0.0:15268
2024-03-05 10:11:13,547 [IPC Server Responder] INFO  ipc.Server (Server.java:run(1562)) - IPC Server Responder: starting
2024-03-05 10:11:13,547 [IPC Server listener on 15268] INFO  ipc.Server (Server.java:run(1402)) - IPC Server listener on 15268: starting
2024-03-05 10:11:13,555 [main] INFO  server.SCMDatanodeProtocolServer (SCMDatanodeProtocolServer.java:start(194)) - ScmDatanodeProtocol RPC server for DataNodes is listening at /0.0.0.0:15269
2024-03-05 10:11:13,555 [IPC Server Responder] INFO  ipc.Server (Server.java:run(1562)) - IPC Server Responder: starting
2024-03-05 10:11:13,555 [IPC Server listener on 15269] INFO  ipc.Server (Server.java:run(1402)) - IPC Server listener on 15269: starting
2024-03-05 10:11:13,566 [JvmPauseMonitor33] INFO  util.JvmPauseMonitor (JvmPauseMonitor.java:run(146)) - JvmPauseMonitor-59e30cee-0b08-446a-9868-1e01af09b4dd: Started
2024-03-05 10:11:13,567 [main] INFO  http.BaseHttpServer (BaseHttpServer.java:newHttpServer2BuilderForOzone(223)) - Starting Web-server for scm at: http://0.0.0.0:15270
2024-03-05 10:11:13,567 [main] INFO  http.BaseHttpServer (BaseHttpServer.java:<init>(110)) - Hadoop Security Enabled: false Ozone Security Enabled: false Ozone HTTP Security Enabled: false 
2024-03-05 10:11:13,568 [main] WARN  server.AuthenticationFilter (AuthenticationFilter.java:constructSecretProvider(240)) - Unable to initialize FileSignerSecretProvider, falling back to use random secrets. Reason: Could not read signature secret file: /home/runner/hadoop-http-auth-signature-secret
2024-03-05 10:11:13,568 [main] INFO  http.HttpRequestLog (HttpRequestLog.java:getRequestLog(86)) - Http request log for http.requests.scm is not defined
2024-03-05 10:11:13,569 [main] INFO  http.HttpServer2 (HttpServer2.java:addGlobalFilter(1036)) - Added global filter 'safety' (class=org.apache.hadoop.hdds.server.http.HttpServer2$QuotingInputFilter)
2024-03-05 10:11:13,569 [main] INFO  http.HttpServer2 (HttpServer2.java:addFilter(1012)) - Added filter static_user_filter (class=org.apache.hadoop.http.lib.StaticUserWebFilter$StaticUserFilter) to context scm
2024-03-05 10:11:13,570 [main] INFO  http.HttpServer2 (HttpServer2.java:addFilter(1020)) - Added filter static_user_filter (class=org.apache.hadoop.http.lib.StaticUserWebFilter$StaticUserFilter) to context logs
2024-03-05 10:11:13,570 [main] INFO  http.HttpServer2 (HttpServer2.java:addFilter(1020)) - Added filter static_user_filter (class=org.apache.hadoop.http.lib.StaticUserWebFilter$StaticUserFilter) to context static
2024-03-05 10:11:13,570 [main] INFO  http.BaseHttpServer (BaseHttpServer.java:<init>(189)) - HTTP server of scm uses base directory /home/runner/work/ozone/ozone/hadoop-ozone/integration-test/target/test-dir/MiniOzoneClusterImpl-58322414-df67-4d64-942a-a0d9644003f2/ozone-meta/webserver
2024-03-05 10:11:13,570 [main] INFO  http.HttpServer2 (HttpServer2.java:bindListener(1236)) - Jetty bound to port 15270
2024-03-05 10:11:13,571 [main] INFO  server.Server (Server.java:doStart(375)) - jetty-9.4.53.v20231009; built: 2023-10-09T12:29:09.265Z; git: 27bde00a0b95a1d5bbee0eae7984f891d2d0f8c9; jvm 1.8.0_402-b06
2024-03-05 10:11:13,572 [main] INFO  server.session (DefaultSessionIdManager.java:doStart(334)) - DefaultSessionIdManager workerName=node0
2024-03-05 10:11:13,572 [main] INFO  server.session (DefaultSessionIdManager.java:doStart(339)) - No SessionScavenger set, using defaults
2024-03-05 10:11:13,572 [main] INFO  server.session (HouseKeeper.java:startScavenging(132)) - node0 Scavenging every 660000ms
2024-03-05 10:11:13,572 [main] INFO  handler.ContextHandler (ContextHandler.java:doStart(921)) - Started o.e.j.s.ServletContextHandler@4c8bee11{logs,/logs,file:///home/runner/work/ozone/ozone/hadoop-ozone/integration-test/target/log,AVAILABLE}
2024-03-05 10:11:13,573 [main] INFO  handler.ContextHandler (ContextHandler.java:doStart(921)) - Started o.e.j.s.ServletContextHandler@73185553{static,/static,file:///home/runner/work/ozone/ozone/hadoop-ozone/integration-test/target/test-classes/webapps/static,AVAILABLE}
2024-03-05 10:11:13,575 [main] INFO  handler.ContextHandler (ContextHandler.java:doStart(921)) - Started o.e.j.w.WebAppContext@4e4232d2{scm,/,file:///home/runner/work/ozone/ozone/hadoop-ozone/integration-test/target/test-classes/webapps/scm/,AVAILABLE}{file:/home/runner/work/ozone/ozone/hadoop-ozone/integration-test/target/test-classes/webapps/scm}
2024-03-05 10:11:13,576 [main] INFO  server.AbstractConnector (AbstractConnector.java:doStart(333)) - Started ServerConnector@35edccfc{HTTP/1.1, (http/1.1)}{0.0.0.0:15270}
2024-03-05 10:11:13,576 [main] INFO  server.Server (Server.java:doStart(415)) - Started @109141ms
2024-03-05 10:11:13,576 [main] WARN  impl.MetricsSystemImpl (MetricsSystemImpl.java:register(279)) - Sink prometheus already exists!
2024-03-05 10:11:13,577 [main] INFO  http.BaseHttpServer (BaseHttpServer.java:updateConnectorAddress(354)) - HTTP server of scm listening at http://0.0.0.0:15270
2024-03-05 10:11:13,577 [main] WARN  server.ServerUtils (ServerUtils.java:getDBPath(299)) - ozone.om.db.dirs is not configured. We recommend adding this setting. Falling back to ozone.metadata.dirs instead.
2024-03-05 10:11:13,578 [main] INFO  ha.OMHANodeDetails (OMHANodeDetails.java:loadOMHAConfig(115)) - ozone.om.internal.service.id is not defined, falling back to ozone.om.service.ids to find serviceID for OzoneManager if it is HA enabled cluster
2024-03-05 10:11:13,578 [main] INFO  ha.OMHANodeDetails (OMHANodeDetails.java:loadOMHAConfig(226)) - Configuration does not have ozone.om.address set. Falling back to the default OM address /127.0.0.1:15271
2024-03-05 10:11:13,578 [main] INFO  ha.OMHANodeDetails (OMHANodeDetails.java:getOMNodeDetailsForNonHA(254)) - OM Service ID is not set. Setting it to the default ID: omServiceIdDefault
2024-03-05 10:11:13,578 [main] INFO  ha.OMHANodeDetails (OMHANodeDetails.java:getOMNodeDetailsForNonHA(261)) - OM Node ID is not set. Setting it to the default ID: om1
2024-03-05 10:11:13,579 [main] WARN  server.ServerUtils (ServerUtils.java:getDBPath(299)) - ozone.om.db.dirs is not configured. We recommend adding this setting. Falling back to ozone.metadata.dirs instead.
2024-03-05 10:11:13,580 [main] INFO  upgrade.AbstractLayoutVersionManager (AbstractLayoutVersionManager.java:init(83)) - Initializing Layout version manager with metadata layout = QUOTA (version = 6), software layout = QUOTA (version = 6)
2024-03-05 10:11:13,612 [main] INFO  upgrade.OMLayoutVersionManager (OMLayoutVersionManager.java:lambda$0(113)) - Skipping Upgrade Action QuotaRepairUpgradeAction since it has been finalized.
2024-03-05 10:11:13,612 [main] INFO  upgrade.OMLayoutVersionManager (OMLayoutVersionManager.java:lambda$0(113)) - Skipping Upgrade Action MockOmUpgradeAction since it has been finalized.
2024-03-05 10:11:13,613 [main] WARN  server.ServerUtils (ServerUtils.java:getDBPath(299)) - ozone.om.db.dirs is not configured. We recommend adding this setting. Falling back to ozone.metadata.dirs instead.
2024-03-05 10:11:13,613 [main] INFO  proxy.SCMBlockLocationFailoverProxyProvider (SCMBlockLocationFailoverProxyProvider.java:<init>(115)) - Created block location fail-over proxy with 1 nodes: [nodeId=scmNodeId,nodeAddress=/0.0.0.0:15268]
2024-03-05 10:11:13,614 [main] INFO  proxy.SCMBlockLocationFailoverProxyProvider (SCMBlockLocationFailoverProxyProvider.java:<init>(115)) - Created block location fail-over proxy with 1 nodes: [nodeId=scmNodeId,nodeAddress=/0.0.0.0:15268]
2024-03-05 10:11:13,620 [main] INFO  om.OzoneManager (OzoneManager.java:<init>(672)) - OM start with adminUsers: [runner]
2024-03-05 10:11:13,620 [main] WARN  server.ServerUtils (ServerUtils.java:getDBPath(299)) - ozone.om.db.dirs is not configured. We recommend adding this setting. Falling back to ozone.metadata.dirs instead.
2024-03-05 10:11:13,621 [main] INFO  helpers.OmKeyInfo (OmKeyInfo.java:getCodec(71)) - OmKeyInfo.getCodec ignorePipeline = true
2024-03-05 10:11:13,801 [main] INFO  om.OzoneManager (OzoneManager.java:instantiateServices(804)) - S3 Multi-Tenancy is disabled
2024-03-05 10:11:13,802 [main] INFO  om.OmSnapshotManager (OmSnapshotManager.java:<init>(177)) - Ozone filesystem snapshot feature is enabled.
2024-03-05 10:11:13,802 [main] WARN  server.ServerUtils (ServerUtils.java:getDBPath(299)) - ozone.om.snapshot.diff.db.dir is not configured. We recommend adding this setting. Falling back to ozone.metadata.dirs instead.
2024-03-05 10:11:13,819 [main] INFO  utils.NativeLibraryLoader (NativeLibraryLoader.java:loadLibrary(108)) - Loading Library: ozone_rocksdb_tools
2024-03-05 10:11:13,820 [main] ERROR snapshot.SnapshotDiffManager (SnapshotDiffManager.java:initNativeLibraryForEfficientDiff(287)) - Native Library for raw sst file reading loading failed.
org.apache.hadoop.hdds.utils.NativeLibraryNotLoadedException: Unable to load library ozone_rocksdb_tools from both java.library.path & resource file libozone_rocksdb_tools.so from jar.
	at org.apache.hadoop.hdds.utils.db.managed.ManagedRawSSTFileReader.loadLibrary(ManagedRawSSTFileReader.java:38)
	at org.apache.hadoop.ozone.om.snapshot.SnapshotDiffManager.initNativeLibraryForEfficientDiff(SnapshotDiffManager.java:285)
	at org.apache.hadoop.ozone.om.snapshot.SnapshotDiffManager.<init>(SnapshotDiffManager.java:259)
	at org.apache.hadoop.ozone.om.OmSnapshotManager.<init>(OmSnapshotManager.java:279)
	at org.apache.hadoop.ozone.om.OzoneManager.instantiateServices(OzoneManager.java:856)
	at org.apache.hadoop.ozone.om.OzoneManager.<init>(OzoneManager.java:682)
	at org.apache.hadoop.ozone.om.OzoneManager.createOm(OzoneManager.java:767)
	at org.apache.hadoop.ozone.MiniOzoneClusterImpl$Builder.createOM(MiniOzoneClusterImpl.java:687)
	at org.apache.hadoop.ozone.MiniOzoneClusterImpl$Builder.createAndStartSingleOM(MiniOzoneClusterImpl.java:671)
	at org.apache.hadoop.ozone.MiniOzoneClusterImpl$Builder.build(MiniOzoneClusterImpl.java:535)
	at org.apache.hadoop.ozone.client.rpc.TestWatchForCommit.init(TestWatchForCommit.java:154)
	at sun.reflect.NativeMethodAccessorImpl.invoke0(Native Method)
	at sun.reflect.NativeMethodAccessorImpl.invoke(NativeMethodAccessorImpl.java:62)
	at sun.reflect.DelegatingMethodAccessorImpl.invoke(DelegatingMethodAccessorImpl.java:43)
	at java.lang.reflect.Method.invoke(Method.java:498)
	at org.junit.platform.commons.util.ReflectionUtils.invokeMethod(ReflectionUtils.java:728)
	at org.junit.jupiter.engine.execution.MethodInvocation.proceed(MethodInvocation.java:60)
	at org.junit.jupiter.engine.execution.InvocationInterceptorChain$ValidatingInvocation.proceed(InvocationInterceptorChain.java:131)
	at org.junit.jupiter.engine.extension.TimeoutExtension.intercept(TimeoutExtension.java:156)
	at org.junit.jupiter.engine.extension.TimeoutExtension.interceptLifecycleMethod(TimeoutExtension.java:128)
	at org.junit.jupiter.engine.extension.TimeoutExtension.interceptBeforeEachMethod(TimeoutExtension.java:78)
	at org.junit.jupiter.engine.execution.InterceptingExecutableInvoker$ReflectiveInterceptorCall.lambda$ofVoidMethod$0(InterceptingExecutableInvoker.java:103)
	at org.junit.jupiter.engine.execution.InterceptingExecutableInvoker.lambda$invoke$0(InterceptingExecutableInvoker.java:93)
	at org.junit.jupiter.engine.execution.InvocationInterceptorChain$InterceptedInvocation.proceed(InvocationInterceptorChain.java:106)
	at org.junit.jupiter.engine.execution.InvocationInterceptorChain.proceed(InvocationInterceptorChain.java:64)
	at org.junit.jupiter.engine.execution.InvocationInterceptorChain.chainAndInvoke(InvocationInterceptorChain.java:45)
	at org.junit.jupiter.engine.execution.InvocationInterceptorChain.invoke(InvocationInterceptorChain.java:37)
	at org.junit.jupiter.engine.execution.InterceptingExecutableInvoker.invoke(InterceptingExecutableInvoker.java:92)
	at org.junit.jupiter.engine.execution.InterceptingExecutableInvoker.invoke(InterceptingExecutableInvoker.java:86)
	at org.junit.jupiter.engine.descriptor.ClassBasedTestDescriptor.invokeMethodInExtensionContext(ClassBasedTestDescriptor.java:521)
	at org.junit.jupiter.engine.descriptor.ClassBasedTestDescriptor.lambda$synthesizeBeforeEachMethodAdapter$23(ClassBasedTestDescriptor.java:506)
	at org.junit.jupiter.engine.descriptor.TestMethodTestDescriptor.lambda$invokeBeforeEachMethods$3(TestMethodTestDescriptor.java:175)
	at org.junit.jupiter.engine.descriptor.TestMethodTestDescriptor.lambda$invokeBeforeMethodsOrCallbacksUntilExceptionOccurs$6(TestMethodTestDescriptor.java:203)
	at org.junit.platform.engine.support.hierarchical.ThrowableCollector.execute(ThrowableCollector.java:73)
	at org.junit.jupiter.engine.descriptor.TestMethodTestDescriptor.invokeBeforeMethodsOrCallbacksUntilExceptionOccurs(TestMethodTestDescriptor.java:203)
	at org.junit.jupiter.engine.descriptor.TestMethodTestDescriptor.invokeBeforeEachMethods(TestMethodTestDescriptor.java:172)
	at org.junit.jupiter.engine.descriptor.TestMethodTestDescriptor.execute(TestMethodTestDescriptor.java:135)
	at org.junit.jupiter.engine.descriptor.TestMethodTestDescriptor.execute(TestMethodTestDescriptor.java:69)
	at org.junit.platform.engine.support.hierarchical.NodeTestTask.lambda$executeRecursively$6(NodeTestTask.java:151)
	at org.junit.platform.engine.support.hierarchical.ThrowableCollector.execute(ThrowableCollector.java:73)
	at org.junit.platform.engine.support.hierarchical.NodeTestTask.lambda$executeRecursively$8(NodeTestTask.java:141)
	at org.junit.platform.engine.support.hierarchical.Node.around(Node.java:137)
	at org.junit.platform.engine.support.hierarchical.NodeTestTask.lambda$executeRecursively$9(NodeTestTask.java:139)
	at org.junit.platform.engine.support.hierarchical.ThrowableCollector.execute(ThrowableCollector.java:73)
	at org.junit.platform.engine.support.hierarchical.NodeTestTask.executeRecursively(NodeTestTask.java:138)
	at org.junit.platform.engine.support.hierarchical.NodeTestTask.execute(NodeTestTask.java:95)
	at java.util.ArrayList.forEach(ArrayList.java:1259)
	at org.junit.platform.engine.support.hierarchical.SameThreadHierarchicalTestExecutorService.invokeAll(SameThreadHierarchicalTestExecutorService.java:41)
	at org.junit.platform.engine.support.hierarchical.NodeTestTask.lambda$executeRecursively$6(NodeTestTask.java:155)
	at org.junit.platform.engine.support.hierarchical.ThrowableCollector.execute(ThrowableCollector.java:73)
	at org.junit.platform.engine.support.hierarchical.NodeTestTask.lambda$executeRecursively$8(NodeTestTask.java:141)
	at org.junit.platform.engine.support.hierarchical.Node.around(Node.java:137)
	at org.junit.platform.engine.support.hierarchical.NodeTestTask.lambda$executeRecursively$9(NodeTestTask.java:139)
	at org.junit.platform.engine.support.hierarchical.ThrowableCollector.execute(ThrowableCollector.java:73)
	at org.junit.platform.engine.support.hierarchical.NodeTestTask.executeRecursively(NodeTestTask.java:138)
	at org.junit.platform.engine.support.hierarchical.NodeTestTask.execute(NodeTestTask.java:95)
	at java.util.ArrayList.forEach(ArrayList.java:1259)
	at org.junit.platform.engine.support.hierarchical.SameThreadHierarchicalTestExecutorService.invokeAll(SameThreadHierarchicalTestExecutorService.java:41)
	at org.junit.platform.engine.support.hierarchical.NodeTestTask.lambda$executeRecursively$6(NodeTestTask.java:155)
	at org.junit.platform.engine.support.hierarchical.ThrowableCollector.execute(ThrowableCollector.java:73)
	at org.junit.platform.engine.support.hierarchical.NodeTestTask.lambda$executeRecursively$8(NodeTestTask.java:141)
	at org.junit.platform.engine.support.hierarchical.Node.around(Node.java:137)
	at org.junit.platform.engine.support.hierarchical.NodeTestTask.lambda$executeRecursively$9(NodeTestTask.java:139)
	at org.junit.platform.engine.support.hierarchical.ThrowableCollector.execute(ThrowableCollector.java:73)
	at org.junit.platform.engine.support.hierarchical.NodeTestTask.executeRecursively(NodeTestTask.java:138)
	at org.junit.platform.engine.support.hierarchical.NodeTestTask.execute(NodeTestTask.java:95)
	at org.junit.platform.engine.support.hierarchical.SameThreadHierarchicalTestExecutorService.submit(SameThreadHierarchicalTestExecutorService.java:35)
	at org.junit.platform.engine.support.hierarchical.HierarchicalTestExecutor.execute(HierarchicalTestExecutor.java:57)
	at org.junit.platform.engine.support.hierarchical.HierarchicalTestEngine.execute(HierarchicalTestEngine.java:54)
	at org.junit.platform.launcher.core.EngineExecutionOrchestrator.execute(EngineExecutionOrchestrator.java:198)
	at org.junit.platform.launcher.core.EngineExecutionOrchestrator.execute(EngineExecutionOrchestrator.java:169)
	at org.junit.platform.launcher.core.EngineExecutionOrchestrator.execute(EngineExecutionOrchestrator.java:93)
	at org.junit.platform.launcher.core.EngineExecutionOrchestrator.lambda$execute$0(EngineExecutionOrchestrator.java:58)
	at org.junit.platform.launcher.core.EngineExecutionOrchestrator.withInterceptedStreams(EngineExecutionOrchestrator.java:141)
	at org.junit.platform.launcher.core.EngineExecutionOrchestrator.execute(EngineExecutionOrchestrator.java:57)
	at org.junit.platform.launcher.core.DefaultLauncher.execute(DefaultLauncher.java:103)
	at org.junit.platform.launcher.core.DefaultLauncher.execute(DefaultLauncher.java:85)
	at org.junit.platform.launcher.core.DelegatingLauncher.execute(DelegatingLauncher.java:47)
	at org.junit.platform.launcher.core.SessionPerRequestLauncher.execute(SessionPerRequestLauncher.java:63)
	at org.apache.maven.surefire.junitplatform.JUnitPlatformProvider.execute(JUnitPlatformProvider.java:188)
	at org.apache.maven.surefire.junitplatform.JUnitPlatformProvider.invokeAllTests(JUnitPlatformProvider.java:154)
	at org.apache.maven.surefire.junitplatform.JUnitPlatformProvider.invoke(JUnitPlatformProvider.java:124)
	at org.apache.maven.surefire.booter.ForkedBooter.runSuitesInProcess(ForkedBooter.java:428)
	at org.apache.maven.surefire.booter.ForkedBooter.execute(ForkedBooter.java:162)
	at org.apache.maven.surefire.booter.ForkedBooter.run(ForkedBooter.java:562)
	at org.apache.maven.surefire.booter.ForkedBooter.main(ForkedBooter.java:548)
2024-03-05 10:11:13,822 [main] INFO  om.OzoneManager (OzoneManager.java:addS3GVolumeToDB(4426)) - Created Volume s3v With Owner runner required for S3Gateway operations.
2024-03-05 10:11:13,822 [main] WARN  server.ServerUtils (ServerUtils.java:getDefaultRatisDirectory(311)) - Storage directory for Ratis is not configured. It is a good idea to map this to an SSD disk. Falling back to ozone.metadata.dirs
2024-03-05 10:11:13,822 [main] WARN  utils.OzoneManagerRatisUtils (OzoneManagerRatisUtils.java:getOMRatisSnapshotDirectory(476)) - ozone.om.ratis.snapshot.dir is not configured. Falling back to ozone.metadata.dirs config
2024-03-05 10:11:13,823 [main] WARN  server.ServerUtils (ServerUtils.java:getDefaultRatisDirectory(311)) - Storage directory for Ratis is not configured. It is a good idea to map this to an SSD disk. Falling back to ozone.metadata.dirs
2024-03-05 10:11:13,823 [main] INFO  ratis.OzoneManagerRatisServer (OzoneManagerRatisServer.java:<init>(167)) - Instantiating OM Ratis server with groupID: omServiceIdDefault and peers: localhost:15274
2024-03-05 10:11:13,824 [main] INFO  ratis.OzoneManagerStateMachine (OzoneManagerStateMachine.java:loadSnapshotInfoFromDB(575)) - TransactionInfo not found in OM DB.
2024-03-05 10:11:13,824 [main] INFO  server.RaftServer (ConfUtils.java:logGet(46)) - raft.rpc.type = GRPC (default)
2024-03-05 10:11:13,824 [main] INFO  grpc.GrpcConfigKeys (ConfUtils.java:logFallback(53)) - raft.grpc.admin.host = null (fallback to raft.grpc.server.host)
2024-03-05 10:11:13,824 [main] INFO  grpc.GrpcConfigKeys (ConfUtils.java:logFallback(53)) - raft.grpc.admin.port = 15274 (fallback to raft.grpc.server.port)
2024-03-05 10:11:13,825 [main] INFO  grpc.GrpcConfigKeys (ConfUtils.java:logFallback(53)) - raft.grpc.client.host = null (fallback to raft.grpc.server.host)
2024-03-05 10:11:13,825 [main] INFO  grpc.GrpcConfigKeys (ConfUtils.java:logFallback(53)) - raft.grpc.client.port = 15274 (fallback to raft.grpc.server.port)
2024-03-05 10:11:13,825 [main] INFO  grpc.GrpcConfigKeys (ConfUtils.java:logGet(46)) - raft.grpc.server.host = null (default)
2024-03-05 10:11:13,825 [main] INFO  grpc.GrpcConfigKeys (ConfUtils.java:logGet(46)) - raft.grpc.server.port = 15274 (custom)
2024-03-05 10:11:13,825 [main] INFO  server.GrpcService (ConfUtils.java:logGet(46)) - raft.grpc.message.size.max = 4194304 (custom)
2024-03-05 10:11:13,825 [main] INFO  server.RaftServerConfigKeys (ConfUtils.java:logGet(46)) - raft.server.log.appender.buffer.byte-limit = 4194304 (custom)
2024-03-05 10:11:13,825 [main] INFO  server.GrpcService (ConfUtils.java:logGet(46)) - raft.grpc.flow.control.window = 1MB (=1048576) (default)
2024-03-05 10:11:13,826 [main] INFO  server.RaftServerConfigKeys (ConfUtils.java:logGet(46)) - raft.server.rpc.request.timeout = 3000ms (default)
2024-03-05 10:11:13,826 [main] INFO  grpc.GrpcConfigKeys (ConfUtils.java:logGet(46)) - raft.grpc.server.heartbeat.channel = true (default)
2024-03-05 10:11:13,826 [main] INFO  grpc.GrpcConfigKeys (ConfUtils.java:logGet(46)) - raft.grpc.server.async.request.thread.pool.cached = true (default)
2024-03-05 10:11:13,826 [main] INFO  grpc.GrpcConfigKeys (ConfUtils.java:logGet(46)) - raft.grpc.server.async.request.thread.pool.size = 32 (default)
2024-03-05 10:11:13,827 [main] INFO  impl.DataStreamServerImpl (ConfUtils.java:logGet(46)) - raft.datastream.type = DISABLED (default)
2024-03-05 10:11:13,827 [main] INFO  server.RaftServerConfigKeys (ConfUtils.java:logGet(46)) - raft.server.sleep.deviation.threshold = 300ms (default)
2024-03-05 10:11:13,827 [main] INFO  server.RaftServerConfigKeys (ConfUtils.java:logGet(46)) - raft.server.close.threshold = 60s (default)
2024-03-05 10:11:13,827 [main] INFO  server.RaftServerConfigKeys (ConfUtils.java:logGet(46)) - raft.server.leaderelection.leader.step-down.wait-time = 10s (default)
2024-03-05 10:11:13,828 [main] INFO  server.RaftServerConfigKeys (ConfUtils.java:logGet(46)) - raft.server.storage.dir = [/home/runner/work/ozone/ozone/hadoop-ozone/integration-test/target/test-dir/MiniOzoneClusterImpl-58322414-df67-4d64-942a-a0d9644003f2/ozone-meta/ratis] (custom)
2024-03-05 10:11:13,828 [main] INFO  server.RaftServerConfigKeys (ConfUtils.java:logGet(46)) - raft.server.threadpool.proxy.cached = true (default)
2024-03-05 10:11:13,828 [main] INFO  server.RaftServerConfigKeys (ConfUtils.java:logGet(46)) - raft.server.threadpool.proxy.size = 0 (default)
2024-03-05 10:11:13,828 [main] INFO  server.RaftServer (RaftServerProxy.java:addNew(100)) - om1: addNew group-C5BA1605619E:[om1|localhost:15274] returns group-C5BA1605619E:java.util.concurrent.CompletableFuture@667c820e[Not completed]
2024-03-05 10:11:13,828 [om1-groupManagement] INFO  server.RaftServer$Division (RaftServerImpl.java:<init>(256)) - om1: new RaftServerImpl for group-C5BA1605619E:[om1|localhost:15274] with OzoneManagerStateMachine:uninitialized
2024-03-05 10:11:13,828 [main] INFO  om.OzoneManager (OzoneManager.java:initializeRatisServer(2140)) - OzoneManager Ratis server initialized at port 15274
2024-03-05 10:11:13,828 [om1-groupManagement] INFO  server.RaftServerConfigKeys (ConfUtils.java:logGet(46)) - raft.server.rpc.timeout.min = 1s (custom)
2024-03-05 10:11:13,829 [main] INFO  om.OzoneManager (OzoneManager.java:getRpcServer(1206)) - Creating RPC Server
2024-03-05 10:11:13,829 [om1-groupManagement] INFO  server.RaftServerConfigKeys (ConfUtils.java:logGet(46)) - raft.server.rpc.timeout.max = 1200ms (custom)
2024-03-05 10:11:13,829 [om1-groupManagement] INFO  server.RaftServerConfigKeys (ConfUtils.java:logGet(46)) - raft.server.rpc.sleep.time = 25ms (default)
2024-03-05 10:11:13,829 [om1-groupManagement] INFO  server.RaftServerConfigKeys (ConfUtils.java:logGet(46)) - raft.server.rpc.slowness.timeout = 120s (custom)
2024-03-05 10:11:13,829 [om1-groupManagement] INFO  server.RaftServerConfigKeys (ConfUtils.java:logGet(46)) - raft.server.leaderelection.leader.step-down.wait-time = 10s (default)
2024-03-05 10:11:13,829 [om1-groupManagement] INFO  server.RaftServerConfigKeys (ConfUtils.java:logGet(46)) - raft.server.leaderelection.member.majority-add = false (default)
2024-03-05 10:11:13,829 [om1-groupManagement] INFO  server.RaftServerConfigKeys (ConfUtils.java:logGet(46)) - raft.server.sleep.deviation.threshold = 300ms (default)
2024-03-05 10:11:13,829 [om1-groupManagement] INFO  server.RaftServer$Division (ServerState.java:<init>(113)) - om1@group-C5BA1605619E: ConfigurationManager, init=-1: peers:[om1|localhost:15274]|listeners:[], old=null, confs=<EMPTY_MAP>
2024-03-05 10:11:13,829 [om1-groupManagement] INFO  server.RaftServerConfigKeys (ConfUtils.java:logGet(46)) - raft.server.notification.no-leader.timeout = 120s (custom)
2024-03-05 10:11:13,829 [om1-groupManagement] INFO  server.RaftServerConfigKeys (ConfUtils.java:logGet(46)) - raft.server.read.timeout = 10s (default)
2024-03-05 10:11:13,829 [om1-groupManagement] INFO  server.RaftServerConfigKeys (ConfUtils.java:logGet(46)) - raft.server.retrycache.expirytime = 300s (custom)
2024-03-05 10:11:13,829 [om1-groupManagement] INFO  server.RaftServerConfigKeys (ConfUtils.java:logGet(46)) - raft.server.retrycache.statistics.expirytime = 100ms (default)
2024-03-05 10:11:13,829 [om1-groupManagement] INFO  server.RaftServerConfigKeys (ConfUtils.java:logGet(46)) - raft.server.read.option = DEFAULT (default)
2024-03-05 10:11:13,830 [om1-groupManagement] INFO  server.RaftServerConfigKeys (ConfUtils.java:logGet(46)) - raft.server.read.read-after-write-consistent.write-index-cache.expiry-time = 60s (default)
2024-03-05 10:11:13,830 [om1-groupManagement] INFO  server.RaftServerConfigKeys (ConfUtils.java:logGet(46)) - raft.server.rpc.request.timeout = 3000ms (default)
2024-03-05 10:11:13,830 [om1-groupManagement] INFO  server.RaftServerConfigKeys (ConfUtils.java:logGet(46)) - raft.server.log.appender.install.snapshot.enabled = false (custom)
2024-03-05 10:11:13,830 [om1-groupManagement] INFO  server.RaftServerConfigKeys (ConfUtils.java:logGet(46)) - raft.server.threadpool.server.cached = true (default)
2024-03-05 10:11:13,830 [om1-groupManagement] INFO  server.RaftServerConfigKeys (ConfUtils.java:logGet(46)) - raft.server.threadpool.server.size = 0 (default)
2024-03-05 10:11:13,830 [om1-groupManagement] INFO  server.RaftServerConfigKeys (ConfUtils.java:logGet(46)) - raft.server.threadpool.client.cached = true (default)
2024-03-05 10:11:13,830 [om1-groupManagement] INFO  server.RaftServerConfigKeys (ConfUtils.java:logGet(46)) - raft.server.threadpool.client.size = 0 (default)
2024-03-05 10:11:14,022 [main] INFO  ipc.CallQueueManager (CallQueueManager.java:<init>(90)) - Using callQueue: class java.util.concurrent.LinkedBlockingQueue, queueCapacity: 2000, scheduler: class org.apache.hadoop.ipc.DefaultRpcScheduler, ipcBackoff: false.
2024-03-05 10:11:14,022 [main] INFO  ipc.Server (Server.java:<init>(1287)) - Listener at 127.0.0.1:15271
2024-03-05 10:11:14,023 [Socket Reader #1 for port 15271] INFO  ipc.Server (Server.java:run(1323)) - Starting Socket Reader #1 for port 15271
2024-03-05 10:11:14,039 [main] INFO  impl.MetricsSystemImpl (MetricsSystemImpl.java:init(158)) - OzoneManager metrics system started (again)
2024-03-05 10:11:14,046 [main] INFO  om.OzoneManager (OzoneManager.java:start(1628)) - OzoneManager RPC server is listening at localhost/127.0.0.1:15271
2024-03-05 10:11:14,046 [main] INFO  ratis.OzoneManagerRatisServer (OzoneManagerRatisServer.java:start(588)) - Starting OzoneManagerRatisServer om1 at port 15274
2024-03-05 10:11:14,046 [om1-impl-thread1] INFO  server.RaftServerConfigKeys (ConfUtils.java:logGet(46)) - raft.server.storage.free-space.min = 0MB (=0) (default)
2024-03-05 10:11:14,046 [om1-impl-thread1] INFO  server.RaftServerConfigKeys (ConfUtils.java:logGet(46)) - raft.server.log.corruption.policy = EXCEPTION (default)
2024-03-05 10:11:14,046 [om1-impl-thread1] INFO  server.RaftServerConfigKeys (ConfUtils.java:logGet(46)) - raft.server.storage.dir = [/home/runner/work/ozone/ozone/hadoop-ozone/integration-test/target/test-dir/MiniOzoneClusterImpl-58322414-df67-4d64-942a-a0d9644003f2/ozone-meta/ratis] (custom)
2024-03-05 10:11:14,047 [om1-impl-thread1] INFO  storage.RaftStorageDirectory (RaftStorageDirectoryImpl.java:analyzeStorage(138)) - The storage directory /home/runner/work/ozone/ozone/hadoop-ozone/integration-test/target/test-dir/MiniOzoneClusterImpl-58322414-df67-4d64-942a-a0d9644003f2/ozone-meta/ratis/bf265839-605b-3f16-9796-c5ba1605619e does not exist. Creating ...
2024-03-05 10:11:14,048 [om1-impl-thread1] INFO  storage.RaftStorageDirectory (RaftStorageDirectoryImpl.java:tryLock(228)) - Lock on /home/runner/work/ozone/ozone/hadoop-ozone/integration-test/target/test-dir/MiniOzoneClusterImpl-58322414-df67-4d64-942a-a0d9644003f2/ozone-meta/ratis/bf265839-605b-3f16-9796-c5ba1605619e/in_use.lock acquired by nodename 65937@fv-az1018-62
2024-03-05 10:11:14,050 [om1-impl-thread1] INFO  storage.RaftStorage (RaftStorageImpl.java:format(99)) - Storage directory /home/runner/work/ozone/ozone/hadoop-ozone/integration-test/target/test-dir/MiniOzoneClusterImpl-58322414-df67-4d64-942a-a0d9644003f2/ozone-meta/ratis/bf265839-605b-3f16-9796-c5ba1605619e has been successfully formatted.
2024-03-05 10:11:14,050 [om1-impl-thread1] WARN  util.FileUtils (LogUtils.java:supplyAndLog(63)) - Failed to Files.newInputStream /home/runner/work/ozone/ozone/hadoop-ozone/integration-test/target/test-dir/MiniOzoneClusterImpl-58322414-df67-4d64-942a-a0d9644003f2/ozone-meta/ratis/bf265839-605b-3f16-9796-c5ba1605619e/current/raft-meta.conf with options []: java.nio.file.NoSuchFileException: /home/runner/work/ozone/ozone/hadoop-ozone/integration-test/target/test-dir/MiniOzoneClusterImpl-58322414-df67-4d64-942a-a0d9644003f2/ozone-meta/ratis/bf265839-605b-3f16-9796-c5ba1605619e/current/raft-meta.conf
2024-03-05 10:11:14,050 [om1-impl-thread1] INFO  server.RaftServerConfigKeys (ConfUtils.java:logGet(46)) - raft.server.log.use.memory = false (default)
2024-03-05 10:11:14,050 [om1-impl-thread1] INFO  server.RaftServerConfigKeys (ConfUtils.java:logGet(46)) - raft.server.log.purge.gap = 1000000 (custom)
2024-03-05 10:11:14,050 [om1-impl-thread1] INFO  server.RaftServerConfigKeys (ConfUtils.java:logGet(46)) - raft.server.log.appender.buffer.byte-limit = 4194304 (custom)
2024-03-05 10:11:14,050 [om1-impl-thread1] INFO  server.RaftServerConfigKeys (ConfUtils.java:logGet(46)) - raft.server.log.statemachine.data.read.timeout = 1000ms (default)
2024-03-05 10:11:14,050 [om1-impl-thread1] INFO  server.RaftServerConfigKeys (ConfUtils.java:logGet(46)) - raft.server.log.purge.preservation.log.num = 0 (default)
2024-03-05 10:11:14,050 [om1-impl-thread1] INFO  server.RaftServerConfigKeys (ConfUtils.java:logGet(46)) - raft.server.log.segment.size.max = 4194304 (custom)
2024-03-05 10:11:14,050 [om1-impl-thread1] INFO  server.RaftServerConfigKeys (ConfUtils.java:logGet(46)) - raft.server.log.segment.cache.num.max = 2 (custom)
2024-03-05 10:11:14,050 [om1-impl-thread1] INFO  server.RaftServerConfigKeys (ConfUtils.java:logGet(46)) - raft.server.log.segment.cache.size.max = 200MB (=209715200) (default)
2024-03-05 10:11:14,050 [om1-impl-thread1] INFO  server.RaftServerConfigKeys (ConfUtils.java:logGet(46)) - raft.server.log.appender.buffer.byte-limit = 4194304 (custom)
2024-03-05 10:11:14,051 [om1-impl-thread1] INFO  util.AwaitToRun (AwaitToRun.java:start(81)) - Thread[om1@group-C5BA1605619E-cacheEviction-AwaitToRun,5,main] started
2024-03-05 10:11:14,051 [om1-impl-thread1] INFO  segmented.SegmentedRaftLogWorker (SegmentedRaftLogWorker.java:<init>(182)) - new om1@group-C5BA1605619E-SegmentedRaftLogWorker for RaftStorageImpl:Storage Directory /home/runner/work/ozone/ozone/hadoop-ozone/integration-test/target/test-dir/MiniOzoneClusterImpl-58322414-df67-4d64-942a-a0d9644003f2/ozone-meta/ratis/bf265839-605b-3f16-9796-c5ba1605619e
2024-03-05 10:11:14,051 [om1-impl-thread1] INFO  server.RaftServerConfigKeys (ConfUtils.java:logGet(46)) - raft.server.log.queue.byte-limit = 64MB (=67108864) (default)
2024-03-05 10:11:14,051 [om1-impl-thread1] INFO  server.RaftServerConfigKeys (ConfUtils.java:logGet(46)) - raft.server.log.queue.element-limit = 4096 (default)
2024-03-05 10:11:14,051 [om1-impl-thread1] INFO  server.RaftServerConfigKeys (ConfUtils.java:logGet(46)) - raft.server.log.segment.size.max = 4194304 (custom)
2024-03-05 10:11:14,051 [om1-impl-thread1] INFO  server.RaftServerConfigKeys (ConfUtils.java:logGet(46)) - raft.server.log.preallocated.size = 4194304 (custom)
2024-03-05 10:11:14,051 [om1-impl-thread1] INFO  server.RaftServerConfigKeys (ConfUtils.java:logGet(46)) - raft.server.log.force.sync.num = 128 (default)
2024-03-05 10:11:14,051 [om1-impl-thread1] INFO  server.RaftServerConfigKeys (ConfUtils.java:logGet(46)) - raft.server.log.statemachine.data.sync = true (default)
2024-03-05 10:11:14,051 [om1-impl-thread1] INFO  server.RaftServerConfigKeys (ConfUtils.java:logGet(46)) - raft.server.log.statemachine.data.sync.timeout = 10s (default)
2024-03-05 10:11:14,051 [om1-impl-thread1] INFO  server.RaftServerConfigKeys (ConfUtils.java:logGet(46)) - raft.server.log.statemachine.data.sync.timeout.retry = -1 (default)
2024-03-05 10:11:14,051 [om1-impl-thread1] INFO  server.RaftServerConfigKeys (ConfUtils.java:logGet(46)) - raft.server.log.write.buffer.size = 4194312 (custom)
2024-03-05 10:11:14,052 [om1-impl-thread1] INFO  server.RaftServerConfigKeys (ConfUtils.java:logGet(46)) - raft.server.log.appender.buffer.byte-limit = 4194304 (custom)
2024-03-05 10:11:14,052 [om1-impl-thread1] INFO  server.RaftServerConfigKeys (ConfUtils.java:logGet(46)) - raft.server.log.unsafe-flush.enabled = false (default)
2024-03-05 10:11:14,052 [om1-impl-thread1] INFO  server.RaftServerConfigKeys (ConfUtils.java:logGet(46)) - raft.server.log.async-flush.enabled = false (default)
2024-03-05 10:11:14,052 [om1-impl-thread1] INFO  server.RaftServerConfigKeys (ConfUtils.java:logGet(46)) - raft.server.log.statemachine.data.caching.enabled = false (default)
2024-03-05 10:11:14,052 [om1-impl-thread1] INFO  segmented.SegmentedRaftLogWorker (SegmentedRaftLogWorker.java:lambda$new$0(134)) - om1@group-C5BA1605619E-SegmentedRaftLogWorker: flushIndex: setUnconditionally 0 -> -1
2024-03-05 10:11:14,052 [om1-impl-thread1] INFO  segmented.SegmentedRaftLogWorker (SegmentedRaftLogWorker.java:lambda$new$0(134)) - om1@group-C5BA1605619E-SegmentedRaftLogWorker: safeCacheEvictIndex: setUnconditionally 0 -> -1
2024-03-05 10:11:14,052 [om1-impl-thread1] INFO  server.RaftServer$Division (RaftServerImpl.java:start(396)) - om1@group-C5BA1605619E: start as a follower, conf=-1: peers:[om1|localhost:15274]|listeners:[], old=null
2024-03-05 10:11:14,052 [om1-impl-thread1] INFO  server.RaftServer$Division (RaftServerImpl.java:setRole(383)) - om1@group-C5BA1605619E: changes role from      null to FOLLOWER at term 0 for startAsFollower
2024-03-05 10:11:14,052 [om1-impl-thread1] INFO  impl.RoleInfo (RoleInfo.java:updateAndGet(139)) - om1: start om1@group-C5BA1605619E-FollowerState
2024-03-05 10:11:14,053 [om1@group-C5BA1605619E-FollowerState] INFO  server.RaftServerConfigKeys (ConfUtils.java:logFallback(53)) - raft.server.rpc.first-election.timeout.min = 1s (fallback to raft.server.rpc.timeout.min)
2024-03-05 10:11:14,054 [om1-impl-thread1] INFO  util.JmxRegister (JmxRegister.java:tryRegister(44)) - Successfully registered JMX Bean with object name Ratis:service=RaftServer,group=group-C5BA1605619E,id=om1
2024-03-05 10:11:14,054 [om1-impl-thread1] INFO  server.RaftServerConfigKeys (ConfUtils.java:logGet(46)) - raft.server.snapshot.trigger-when-stop.enabled = true (default)
2024-03-05 10:11:14,054 [om1-impl-thread1] INFO  server.RaftServerConfigKeys (ConfUtils.java:logGet(46)) - raft.server.snapshot.auto.trigger.enabled = true (custom)
2024-03-05 10:11:14,054 [om1-impl-thread1] INFO  server.RaftServerConfigKeys (ConfUtils.java:logGet(46)) - raft.server.snapshot.auto.trigger.threshold = 400000 (default)
2024-03-05 10:11:14,054 [om1-impl-thread1] INFO  server.RaftServerConfigKeys (ConfUtils.java:logGet(46)) - raft.server.snapshot.retention.file.num = -1 (default)
2024-03-05 10:11:14,054 [om1-impl-thread1] INFO  server.RaftServerConfigKeys (ConfUtils.java:logGet(46)) - raft.server.log.purge.upto.snapshot.index = true (custom)
2024-03-05 10:11:14,054 [om1@group-C5BA1605619E-FollowerState] INFO  server.RaftServerConfigKeys (ConfUtils.java:logFallback(53)) - raft.server.rpc.first-election.timeout.max = 1200ms (fallback to raft.server.rpc.timeout.max)
2024-03-05 10:11:14,055 [main] INFO  server.RaftServer (RaftServerProxy.java:startImpl(406)) - om1: start RPC server
2024-03-05 10:11:14,055 [main] INFO  server.GrpcService (GrpcService.java:startImpl(302)) - om1: GrpcService started, listening on 15274
2024-03-05 10:11:14,056 [JvmPauseMonitor34] INFO  util.JvmPauseMonitor (JvmPauseMonitor.java:run(146)) - JvmPauseMonitor-om1: Started
2024-03-05 10:11:14,056 [main] INFO  om.OzoneManager (OzoneManager.java:start(1644)) - Version File has different layout version (6) than OM DB (null). That is expected if this OM has never been finalized to a newer layout version.
2024-03-05 10:11:14,059 [main] INFO  http.BaseHttpServer (BaseHttpServer.java:newHttpServer2BuilderForOzone(223)) - Starting Web-server for ozoneManager at: http://0.0.0.0:15272
2024-03-05 10:11:14,059 [main] INFO  http.BaseHttpServer (BaseHttpServer.java:<init>(110)) - Hadoop Security Enabled: false Ozone Security Enabled: false Ozone HTTP Security Enabled: false 
2024-03-05 10:11:14,060 [main] WARN  server.AuthenticationFilter (AuthenticationFilter.java:constructSecretProvider(240)) - Unable to initialize FileSignerSecretProvider, falling back to use random secrets. Reason: Could not read signature secret file: /home/runner/hadoop-http-auth-signature-secret
2024-03-05 10:11:14,060 [main] INFO  http.HttpRequestLog (HttpRequestLog.java:getRequestLog(86)) - Http request log for http.requests.ozoneManager is not defined
2024-03-05 10:11:14,061 [main] INFO  http.HttpServer2 (HttpServer2.java:addGlobalFilter(1036)) - Added global filter 'safety' (class=org.apache.hadoop.hdds.server.http.HttpServer2$QuotingInputFilter)
2024-03-05 10:11:14,061 [main] INFO  http.HttpServer2 (HttpServer2.java:addFilter(1012)) - Added filter static_user_filter (class=org.apache.hadoop.http.lib.StaticUserWebFilter$StaticUserFilter) to context ozoneManager
2024-03-05 10:11:14,062 [main] INFO  http.HttpServer2 (HttpServer2.java:addFilter(1020)) - Added filter static_user_filter (class=org.apache.hadoop.http.lib.StaticUserWebFilter$StaticUserFilter) to context logs
2024-03-05 10:11:14,062 [main] INFO  http.HttpServer2 (HttpServer2.java:addFilter(1020)) - Added filter static_user_filter (class=org.apache.hadoop.http.lib.StaticUserWebFilter$StaticUserFilter) to context static
2024-03-05 10:11:14,062 [main] INFO  http.BaseHttpServer (BaseHttpServer.java:<init>(189)) - HTTP server of ozoneManager uses base directory /home/runner/work/ozone/ozone/hadoop-ozone/integration-test/target/test-dir/MiniOzoneClusterImpl-58322414-df67-4d64-942a-a0d9644003f2/ozone-meta/webserver
2024-03-05 10:11:14,062 [main] INFO  http.HttpServer2 (HttpServer2.java:bindListener(1236)) - Jetty bound to port 15272
2024-03-05 10:11:14,063 [main] INFO  server.Server (Server.java:doStart(375)) - jetty-9.4.53.v20231009; built: 2023-10-09T12:29:09.265Z; git: 27bde00a0b95a1d5bbee0eae7984f891d2d0f8c9; jvm 1.8.0_402-b06
2024-03-05 10:11:14,063 [main] INFO  server.session (DefaultSessionIdManager.java:doStart(334)) - DefaultSessionIdManager workerName=node0
2024-03-05 10:11:14,064 [main] INFO  server.session (DefaultSessionIdManager.java:doStart(339)) - No SessionScavenger set, using defaults
2024-03-05 10:11:14,064 [main] INFO  server.session (HouseKeeper.java:startScavenging(132)) - node0 Scavenging every 660000ms
2024-03-05 10:11:14,064 [main] INFO  handler.ContextHandler (ContextHandler.java:doStart(921)) - Started o.e.j.s.ServletContextHandler@5c95f908{logs,/logs,file:///home/runner/work/ozone/ozone/hadoop-ozone/integration-test/target/log,AVAILABLE}
2024-03-05 10:11:14,065 [main] INFO  handler.ContextHandler (ContextHandler.java:doStart(921)) - Started o.e.j.s.ServletContextHandler@36579f18{static,/static,file:///home/runner/work/ozone/ozone/hadoop-ozone/integration-test/target/test-classes/webapps/static,AVAILABLE}
2024-03-05 10:11:14,067 [main] INFO  handler.ContextHandler (ContextHandler.java:doStart(921)) - Started o.e.j.w.WebAppContext@5ee5558f{ozoneManager,/,file:///home/runner/work/ozone/ozone/hadoop-ozone/integration-test/target/test-classes/webapps/ozoneManager/,AVAILABLE}{file:/home/runner/work/ozone/ozone/hadoop-ozone/integration-test/target/test-classes/webapps/ozoneManager}
2024-03-05 10:11:14,068 [main] INFO  server.AbstractConnector (AbstractConnector.java:doStart(333)) - Started ServerConnector@bb68c0c{HTTP/1.1, (http/1.1)}{0.0.0.0:15272}
2024-03-05 10:11:14,069 [main] INFO  server.Server (Server.java:doStart(415)) - Started @109634ms
2024-03-05 10:11:14,069 [main] WARN  impl.MetricsSystemImpl (MetricsSystemImpl.java:register(279)) - Sink prometheus already exists!
2024-03-05 10:11:14,069 [main] INFO  http.BaseHttpServer (BaseHttpServer.java:updateConnectorAddress(354)) - HTTP server of ozoneManager listening at http://0.0.0.0:15272
2024-03-05 10:11:14,069 [IPC Server Responder] INFO  ipc.Server (Server.java:run(1562)) - IPC Server Responder: starting
2024-03-05 10:11:14,070 [IPC Server listener on 15271] INFO  ipc.Server (Server.java:run(1402)) - IPC Server listener on 15271: starting
2024-03-05 10:11:14,075 [main] INFO  om.OzoneManager (OzoneManager.java:startTrashEmptier(2093)) - Trash Interval set to 0. Files deleted won't move to trash
2024-03-05 10:11:14,090 [main] WARN  dropwizard3.Dm3MetricRegistriesImpl (Dm3MetricRegistriesImpl.java:addReporterRegistration(113)) - New reporters are added after registries were created. Some metrics will be missing from the reporter. Please add reporter before adding any new registry.
2024-03-05 10:11:14,090 [main] WARN  dropwizard3.Dm3MetricRegistriesImpl (Dm3MetricRegistriesImpl.java:addReporterRegistration(113)) - New reporters are added after registries were created. Some metrics will be missing from the reporter. Please add reporter before adding any new registry.
2024-03-05 10:11:14,090 [main] INFO  impl.MetricsSystemImpl (MetricsSystemImpl.java:init(158)) - HddsDatanode metrics system started (again)
2024-03-05 10:11:14,101 [main] INFO  ozone.HddsDatanodeService (HddsDatanodeService.java:start(240)) - HddsDatanodeService host:fv-az1018-62.rl0eir1mf1ienctnmugi53kcld.ex.internal.cloudapp.net ip:10.1.0.29
2024-03-05 10:11:14,121 [main] INFO  upgrade.AbstractLayoutVersionManager (AbstractLayoutVersionManager.java:init(83)) - Initializing Layout version manager with metadata layout = HADOOP_PRC_PORTS_IN_DATANODEDETAILS (version = 7), software layout = HADOOP_PRC_PORTS_IN_DATANODEDETAILS (version = 7)
2024-03-05 10:11:14,121 [main] INFO  statemachine.DatanodeStateMachine (DatanodeStateMachine.java:getEndPointTaskThreadPoolSize(299)) - Datanode State Machine Task Thread Pool size 2
2024-03-05 10:11:14,122 [main] INFO  volume.HddsVolume (HddsVolume.java:<init>(125)) - Creating HddsVolume: /home/runner/work/ozone/ozone/hadoop-ozone/integration-test/target/test-dir/MiniOzoneClusterImpl-58322414-df67-4d64-942a-a0d9644003f2/ozone-meta/datanode-1/data-0/hdds of storage type : DISK capacity : 9223372036854775807
2024-03-05 10:11:14,122 [main] INFO  volume.MutableVolumeSet (MutableVolumeSet.java:initializeVolumeSet(173)) - Added Volume : /home/runner/work/ozone/ozone/hadoop-ozone/integration-test/target/test-dir/MiniOzoneClusterImpl-58322414-df67-4d64-942a-a0d9644003f2/ozone-meta/datanode-1/data-0/hdds to VolumeSet
2024-03-05 10:11:14,123 [main] INFO  volume.MutableVolumeSet (MutableVolumeSet.java:initializeVolumeSet(173)) - Added Volume : /home/runner/work/ozone/ozone/hadoop-ozone/integration-test/target/test-dir/MiniOzoneClusterImpl-58322414-df67-4d64-942a-a0d9644003f2/ozone-meta/datanode-1/ratis to VolumeSet
2024-03-05 10:11:14,123 [main] INFO  ozoneimpl.OzoneContainer (HddsVolumeUtil.java:loadAllHddsVolumeDbStore(103)) - Load 1 volumes DbStore cost: 0ms
2024-03-05 10:11:14,125 [main] INFO  server.RaftServer (ConfUtils.java:logGet(46)) - raft.rpc.type = GRPC (default)
2024-03-05 10:11:14,125 [main] INFO  grpc.GrpcConfigKeys (ConfUtils.java:logFallback(53)) - raft.grpc.admin.host = null (fallback to raft.grpc.server.host)
2024-03-05 10:11:14,125 [main] INFO  grpc.GrpcConfigKeys (ConfUtils.java:logGet(46)) - raft.grpc.admin.port = 15280 (custom)
2024-03-05 10:11:14,125 [main] INFO  grpc.GrpcConfigKeys (ConfUtils.java:logFallback(53)) - raft.grpc.client.host = null (fallback to raft.grpc.server.host)
2024-03-05 10:11:14,125 [main] INFO  grpc.GrpcConfigKeys (ConfUtils.java:logGet(46)) - raft.grpc.client.port = 15279 (custom)
2024-03-05 10:11:14,125 [main] INFO  grpc.GrpcConfigKeys (ConfUtils.java:logGet(46)) - raft.grpc.server.host = null (default)
2024-03-05 10:11:14,125 [main] INFO  grpc.GrpcConfigKeys (ConfUtils.java:logGet(46)) - raft.grpc.server.port = 15281 (custom)
2024-03-05 10:11:14,125 [main] INFO  server.GrpcService (ConfUtils.java:logGet(46)) - raft.grpc.message.size.max = 32MB (=33554432) (custom)
2024-03-05 10:11:14,126 [main] INFO  server.RaftServerConfigKeys (ConfUtils.java:logGet(46)) - raft.server.log.appender.buffer.byte-limit = 8388608 (custom)
2024-03-05 10:11:14,126 [main] INFO  server.GrpcService (ConfUtils.java:logGet(46)) - raft.grpc.flow.control.window = 5MB (=5242880) (custom)
2024-03-05 10:11:14,126 [main] INFO  server.RaftServerConfigKeys (ConfUtils.java:logGet(46)) - raft.server.rpc.request.timeout = 3000ms (default)
2024-03-05 10:11:14,126 [main] INFO  grpc.GrpcConfigKeys (ConfUtils.java:logGet(46)) - raft.grpc.server.heartbeat.channel = true (default)
2024-03-05 10:11:14,126 [main] INFO  grpc.GrpcConfigKeys (ConfUtils.java:logGet(46)) - raft.grpc.server.async.request.thread.pool.cached = true (default)
2024-03-05 10:11:14,126 [main] INFO  grpc.GrpcConfigKeys (ConfUtils.java:logGet(46)) - raft.grpc.server.async.request.thread.pool.size = 32 (default)
2024-03-05 10:11:14,128 [main] INFO  impl.DataStreamServerImpl (ConfUtils.java:logGet(46)) - raft.datastream.type = NETTY (custom)
2024-03-05 10:11:14,128 [main] INFO  server.RaftServerConfigKeys (ConfUtils.java:logGet(46)) - raft.server.data-stream.async.request.thread.pool.cached = false (default)
2024-03-05 10:11:14,128 [main] INFO  server.RaftServerConfigKeys (ConfUtils.java:logGet(46)) - raft.server.data-stream.async.request.thread.pool.size = 20 (custom)
2024-03-05 10:11:14,128 [main] INFO  server.RaftServerConfigKeys (ConfUtils.java:logGet(46)) - raft.server.data-stream.async.write.thread.pool.size = 16 (default)
2024-03-05 10:11:14,128 [main] INFO  netty.NettyConfigKeys$DataStream (ConfUtils.java:logGet(46)) - raft.netty.dataStream.server.channel.inactive.grace-period = 10min (default)
2024-03-05 10:11:14,128 [main] INFO  server.RaftServerConfigKeys (ConfUtils.java:logGet(46)) - raft.server.data-stream.client.pool.size = 10 (default)
2024-03-05 10:11:14,129 [main] INFO  netty.NettyConfigKeys$DataStream (ConfUtils.java:logGet(46)) - raft.netty.dataStream.server.use-epoll = true (default)
2024-03-05 10:11:14,129 [main] INFO  netty.NettyConfigKeys$DataStream (ConfUtils.java:logGet(46)) - raft.netty.dataStream.server.boss-group.size = 0 (default)
2024-03-05 10:11:14,129 [main] INFO  netty.NettyUtils (NettyUtils.java:newEventLoopGroup(69)) - Create EpollEventLoopGroup for 96c5040e-cdea-4ff5-b94a-979666270d21-NettyServerStreamRpc-bossGroup; Thread size is 0.
2024-03-05 10:11:14,129 [main] INFO  netty.NettyConfigKeys$DataStream (ConfUtils.java:logGet(46)) - raft.netty.dataStream.server.worker-group.size = 0 (default)
2024-03-05 10:11:14,129 [main] INFO  netty.NettyUtils (NettyUtils.java:newEventLoopGroup(69)) - Create EpollEventLoopGroup for 96c5040e-cdea-4ff5-b94a-979666270d21-NettyServerStreamRpc-workerGroup; Thread size is 0.
2024-03-05 10:11:14,129 [main] INFO  netty.NettyConfigKeys$DataStream (ConfUtils.java:logGet(46)) - raft.netty.dataStream.server.tls.conf = null (default)
2024-03-05 10:11:14,130 [main] INFO  netty.NettyConfigKeys$DataStream (ConfUtils.java:logGet(46)) - raft.netty.dataStream.host = null (default)
2024-03-05 10:11:14,130 [main] INFO  netty.NettyConfigKeys$DataStream (ConfUtils.java:logGet(46)) - raft.netty.dataStream.port = 15282 (custom)
2024-03-05 10:11:14,130 [main] INFO  server.RaftServerConfigKeys (ConfUtils.java:logGet(46)) - raft.server.sleep.deviation.threshold = 300ms (default)
2024-03-05 10:11:14,130 [main] INFO  server.RaftServerConfigKeys (ConfUtils.java:logGet(46)) - raft.server.close.threshold = 60s (default)
2024-03-05 10:11:14,130 [96c5040e-cdea-4ff5-b94a-979666270d21-NettyServerStreamRpc-bossGroup--thread1] INFO  logging.LoggingHandler (AbstractInternalLogger.java:log(148)) - [id: 0xaaf40690] REGISTERED
2024-03-05 10:11:14,130 [main] INFO  server.RaftServerConfigKeys (ConfUtils.java:logGet(46)) - raft.server.leaderelection.leader.step-down.wait-time = 10s (default)
2024-03-05 10:11:14,130 [96c5040e-cdea-4ff5-b94a-979666270d21-NettyServerStreamRpc-bossGroup--thread1] INFO  logging.LoggingHandler (AbstractInternalLogger.java:log(148)) - [id: 0xaaf40690] BIND: 0.0.0.0/0.0.0.0:15282
2024-03-05 10:11:14,131 [main] INFO  server.RaftServerConfigKeys (ConfUtils.java:logGet(46)) - raft.server.storage.dir = [/home/runner/work/ozone/ozone/hadoop-ozone/integration-test/target/test-dir/MiniOzoneClusterImpl-58322414-df67-4d64-942a-a0d9644003f2/ozone-meta/datanode-1/ratis] (custom)
2024-03-05 10:11:14,131 [96c5040e-cdea-4ff5-b94a-979666270d21-NettyServerStreamRpc-bossGroup--thread1] INFO  logging.LoggingHandler (AbstractInternalLogger.java:log(148)) - [id: 0xaaf40690, L:/0.0.0.0:15282] ACTIVE
2024-03-05 10:11:14,131 [main] INFO  server.RaftServerConfigKeys (ConfUtils.java:logGet(46)) - raft.server.threadpool.proxy.cached = true (default)
2024-03-05 10:11:14,131 [main] INFO  server.RaftServerConfigKeys (ConfUtils.java:logGet(46)) - raft.server.threadpool.proxy.size = 0 (default)
2024-03-05 10:11:14,131 [96c5040e-cdea-4ff5-b94a-979666270d21-impl-thread1] INFO  server.RaftServer (RaftServerProxy.java:initGroupDir(264)) - 96c5040e-cdea-4ff5-b94a-979666270d21: found a subdirectory /home/runner/work/ozone/ozone/hadoop-ozone/integration-test/target/test-dir/MiniOzoneClusterImpl-58322414-df67-4d64-942a-a0d9644003f2/ozone-meta/datanode-1/ratis/tmp
2024-03-05 10:11:14,131 [96c5040e-cdea-4ff5-b94a-979666270d21-impl-thread1] INFO  server.RaftServer (RaftServerProxy.java:initGroupDir(269)) - 96c5040e-cdea-4ff5-b94a-979666270d21: The directory /home/runner/work/ozone/ozone/hadoop-ozone/integration-test/target/test-dir/MiniOzoneClusterImpl-58322414-df67-4d64-942a-a0d9644003f2/ozone-meta/datanode-1/ratis/tmp is not a group directory; ignoring it. 
2024-03-05 10:11:14,132 [main] INFO  replication.ReplicationServer (ReplicationServer.java:<init>(86)) - Initializing replication server with thread count = 10 queue length = 4096
2024-03-05 10:11:14,132 [main] INFO  server.XceiverServerGrpc (XceiverServerGrpc.java:<init>(141)) - GrpcServer channel type EpollServerSocketChannel
2024-03-05 10:11:14,133 [main] INFO  replication.ReplicationSupervisor (ReplicationSupervisor.java:build(163)) - Initializing replication supervisor with thread count = 10
2024-03-05 10:11:14,133 [main] INFO  replication.ReplicationSupervisor (ReplicationSupervisor.java:nodeStateUpdated(317)) - Node state updated to IN_SERVICE, scaling executor pool size to 10
2024-03-05 10:11:14,135 [main] INFO  http.BaseHttpServer (BaseHttpServer.java:newHttpServer2BuilderForOzone(223)) - Starting Web-server for hddsDatanode at: http://0.0.0.0:15276
2024-03-05 10:11:14,135 [main] INFO  http.BaseHttpServer (BaseHttpServer.java:<init>(110)) - Hadoop Security Enabled: false Ozone Security Enabled: false Ozone HTTP Security Enabled: false 
2024-03-05 10:11:14,136 [main] WARN  server.AuthenticationFilter (AuthenticationFilter.java:constructSecretProvider(240)) - Unable to initialize FileSignerSecretProvider, falling back to use random secrets. Reason: Could not read signature secret file: /home/runner/hadoop-http-auth-signature-secret
2024-03-05 10:11:14,136 [main] INFO  http.HttpRequestLog (HttpRequestLog.java:getRequestLog(86)) - Http request log for http.requests.hddsDatanode is not defined
2024-03-05 10:11:14,137 [main] INFO  http.HttpServer2 (HttpServer2.java:addGlobalFilter(1036)) - Added global filter 'safety' (class=org.apache.hadoop.hdds.server.http.HttpServer2$QuotingInputFilter)
2024-03-05 10:11:14,137 [main] INFO  http.HttpServer2 (HttpServer2.java:addFilter(1012)) - Added filter static_user_filter (class=org.apache.hadoop.http.lib.StaticUserWebFilter$StaticUserFilter) to context hddsDatanode
2024-03-05 10:11:14,137 [main] INFO  http.HttpServer2 (HttpServer2.java:addFilter(1020)) - Added filter static_user_filter (class=org.apache.hadoop.http.lib.StaticUserWebFilter$StaticUserFilter) to context logs
2024-03-05 10:11:14,137 [main] INFO  http.HttpServer2 (HttpServer2.java:addFilter(1020)) - Added filter static_user_filter (class=org.apache.hadoop.http.lib.StaticUserWebFilter$StaticUserFilter) to context static
2024-03-05 10:11:14,138 [main] INFO  http.BaseHttpServer (BaseHttpServer.java:<init>(189)) - HTTP server of hddsDatanode uses base directory /home/runner/work/ozone/ozone/hadoop-ozone/integration-test/target/test-dir/MiniOzoneClusterImpl-58322414-df67-4d64-942a-a0d9644003f2/ozone-meta/datanode-1/meta/webserver
2024-03-05 10:11:14,138 [main] INFO  http.HttpServer2 (HttpServer2.java:bindListener(1236)) - Jetty bound to port 15276
2024-03-05 10:11:14,138 [main] INFO  server.Server (Server.java:doStart(375)) - jetty-9.4.53.v20231009; built: 2023-10-09T12:29:09.265Z; git: 27bde00a0b95a1d5bbee0eae7984f891d2d0f8c9; jvm 1.8.0_402-b06
2024-03-05 10:11:14,139 [main] INFO  server.session (DefaultSessionIdManager.java:doStart(334)) - DefaultSessionIdManager workerName=node0
2024-03-05 10:11:14,139 [main] INFO  server.session (DefaultSessionIdManager.java:doStart(339)) - No SessionScavenger set, using defaults
2024-03-05 10:11:14,139 [main] INFO  server.session (HouseKeeper.java:startScavenging(132)) - node0 Scavenging every 600000ms
2024-03-05 10:11:14,140 [main] INFO  handler.ContextHandler (ContextHandler.java:doStart(921)) - Started o.e.j.s.ServletContextHandler@508b3a48{logs,/logs,file:///home/runner/work/ozone/ozone/hadoop-ozone/integration-test/target/log,AVAILABLE}
2024-03-05 10:11:14,140 [main] INFO  handler.ContextHandler (ContextHandler.java:doStart(921)) - Started o.e.j.s.ServletContextHandler@22354303{static,/static,jar:file:/home/runner/.m2/repository/org/apache/ozone/hdds-container-service/1.5.0-SNAPSHOT/hdds-container-service-1.5.0-SNAPSHOT.jar!/webapps/static,AVAILABLE}
2024-03-05 10:11:14,172 [main] INFO  handler.ContextHandler (ContextHandler.java:doStart(921)) - Started o.e.j.w.WebAppContext@16626abb{hddsDatanode,/,file:///home/runner/work/ozone/ozone/hadoop-ozone/integration-test/target/test-dir/MiniOzoneClusterImpl-58322414-df67-4d64-942a-a0d9644003f2/ozone-meta/datanode-1/meta/webserver/jetty-0_0_0_0-15276-hdds-container-service-1_5_0-SNAPSHOT_jar-_-any-9173490976924441528/webapp/,AVAILABLE}{jar:file:/home/runner/.m2/repository/org/apache/ozone/hdds-container-service/1.5.0-SNAPSHOT/hdds-container-service-1.5.0-SNAPSHOT.jar!/webapps/hddsDatanode}
2024-03-05 10:11:14,173 [main] INFO  server.AbstractConnector (AbstractConnector.java:doStart(333)) - Started ServerConnector@5cc4b1fb{HTTP/1.1, (http/1.1)}{0.0.0.0:15276}
2024-03-05 10:11:14,174 [main] INFO  server.Server (Server.java:doStart(415)) - Started @109739ms
2024-03-05 10:11:14,174 [main] WARN  impl.MetricsSystemImpl (MetricsSystemImpl.java:register(279)) - Sink prometheus already exists!
2024-03-05 10:11:14,174 [main] INFO  http.BaseHttpServer (BaseHttpServer.java:updateConnectorAddress(354)) - HTTP server of hddsDatanode listening at http://0.0.0.0:15276
2024-03-05 10:11:14,174 [main] INFO  ipc.CallQueueManager (CallQueueManager.java:<init>(90)) - Using callQueue: class java.util.concurrent.LinkedBlockingQueue, queueCapacity: 100, scheduler: class org.apache.hadoop.ipc.DefaultRpcScheduler, ipcBackoff: false.
2024-03-05 10:11:14,175 [main] INFO  ipc.Server (Server.java:<init>(1287)) - Listener at 0.0.0.0:15277
2024-03-05 10:11:14,175 [Socket Reader #1 for port 15277] INFO  ipc.Server (Server.java:run(1323)) - Starting Socket Reader #1 for port 15277
2024-03-05 10:11:14,176 [main] INFO  ozone.HddsDatanodeService (HddsDatanodeService.java:start(327)) - Datanode start with admins: [runner]
2024-03-05 10:11:14,176 [main] INFO  ozone.HddsDatanodeClientProtocolServer (HddsDatanodeClientProtocolServer.java:start(77)) - RPC server for Client /0.0.0.0:15277
2024-03-05 10:11:14,177 [IPC Server Responder] INFO  ipc.Server (Server.java:run(1562)) - IPC Server Responder: starting
2024-03-05 10:11:14,177 [IPC Server listener on 15277] INFO  ipc.Server (Server.java:run(1402)) - IPC Server listener on 15277: starting
2024-03-05 10:11:14,178 [96c5040e-cdea-4ff5-b94a-979666270d21-DatanodeStateMachineDaemonThread] INFO  statemachine.DatanodeStateMachine (DatanodeStateMachine.java:lambda$startDaemon$1(555)) - Ozone container server started.
2024-03-05 10:11:14,178 [main] WARN  dropwizard3.Dm3MetricRegistriesImpl (Dm3MetricRegistriesImpl.java:addReporterRegistration(113)) - New reporters are added after registries were created. Some metrics will be missing from the reporter. Please add reporter before adding any new registry.
2024-03-05 10:11:14,179 [main] WARN  dropwizard3.Dm3MetricRegistriesImpl (Dm3MetricRegistriesImpl.java:addReporterRegistration(113)) - New reporters are added after registries were created. Some metrics will be missing from the reporter. Please add reporter before adding any new registry.
2024-03-05 10:11:14,179 [main] INFO  impl.MetricsSystemImpl (MetricsSystemImpl.java:init(158)) - HddsDatanode metrics system started (again)
2024-03-05 10:11:14,181 [96c5040e-cdea-4ff5-b94a-979666270d21-DatanodeStateMachineTaskThread-0] INFO  datanode.InitDatanodeState (InitDatanodeState.java:persistContainerDatanodeDetails(139)) - DatanodeDetails is persisted to /home/runner/work/ozone/ozone/hadoop-ozone/integration-test/target/test-dir/MiniOzoneClusterImpl-58322414-df67-4d64-942a-a0d9644003f2/ozone-meta/datanode-1/meta/datanode.id
2024-03-05 10:11:14,187 [main] INFO  ozone.HddsDatanodeService (HddsDatanodeService.java:start(240)) - HddsDatanodeService host:fv-az1018-62.rl0eir1mf1ienctnmugi53kcld.ex.internal.cloudapp.net ip:10.1.0.29
2024-03-05 10:11:14,202 [main] INFO  upgrade.AbstractLayoutVersionManager (AbstractLayoutVersionManager.java:init(83)) - Initializing Layout version manager with metadata layout = HADOOP_PRC_PORTS_IN_DATANODEDETAILS (version = 7), software layout = HADOOP_PRC_PORTS_IN_DATANODEDETAILS (version = 7)
2024-03-05 10:11:14,202 [main] INFO  statemachine.DatanodeStateMachine (DatanodeStateMachine.java:getEndPointTaskThreadPoolSize(299)) - Datanode State Machine Task Thread Pool size 2
2024-03-05 10:11:14,203 [main] INFO  volume.HddsVolume (HddsVolume.java:<init>(125)) - Creating HddsVolume: /home/runner/work/ozone/ozone/hadoop-ozone/integration-test/target/test-dir/MiniOzoneClusterImpl-58322414-df67-4d64-942a-a0d9644003f2/ozone-meta/datanode-2/data-0/hdds of storage type : DISK capacity : 9223372036854775807
2024-03-05 10:11:14,203 [main] INFO  volume.MutableVolumeSet (MutableVolumeSet.java:initializeVolumeSet(173)) - Added Volume : /home/runner/work/ozone/ozone/hadoop-ozone/integration-test/target/test-dir/MiniOzoneClusterImpl-58322414-df67-4d64-942a-a0d9644003f2/ozone-meta/datanode-2/data-0/hdds to VolumeSet
2024-03-05 10:11:14,203 [main] INFO  volume.MutableVolumeSet (MutableVolumeSet.java:initializeVolumeSet(173)) - Added Volume : /home/runner/work/ozone/ozone/hadoop-ozone/integration-test/target/test-dir/MiniOzoneClusterImpl-58322414-df67-4d64-942a-a0d9644003f2/ozone-meta/datanode-2/ratis to VolumeSet
2024-03-05 10:11:14,204 [main] INFO  ozoneimpl.OzoneContainer (HddsVolumeUtil.java:loadAllHddsVolumeDbStore(103)) - Load 1 volumes DbStore cost: 0ms
2024-03-05 10:11:14,205 [main] INFO  server.RaftServer (ConfUtils.java:logGet(46)) - raft.rpc.type = GRPC (default)
2024-03-05 10:11:14,206 [main] INFO  grpc.GrpcConfigKeys (ConfUtils.java:logFallback(53)) - raft.grpc.admin.host = null (fallback to raft.grpc.server.host)
2024-03-05 10:11:14,206 [main] INFO  grpc.GrpcConfigKeys (ConfUtils.java:logGet(46)) - raft.grpc.admin.port = 15289 (custom)
2024-03-05 10:11:14,206 [main] INFO  grpc.GrpcConfigKeys (ConfUtils.java:logFallback(53)) - raft.grpc.client.host = null (fallback to raft.grpc.server.host)
2024-03-05 10:11:14,206 [main] INFO  grpc.GrpcConfigKeys (ConfUtils.java:logGet(46)) - raft.grpc.client.port = 15288 (custom)
2024-03-05 10:11:14,206 [main] INFO  grpc.GrpcConfigKeys (ConfUtils.java:logGet(46)) - raft.grpc.server.host = null (default)
2024-03-05 10:11:14,206 [main] INFO  grpc.GrpcConfigKeys (ConfUtils.java:logGet(46)) - raft.grpc.server.port = 15290 (custom)
2024-03-05 10:11:14,206 [main] INFO  server.GrpcService (ConfUtils.java:logGet(46)) - raft.grpc.message.size.max = 32MB (=33554432) (custom)
2024-03-05 10:11:14,206 [main] INFO  server.RaftServerConfigKeys (ConfUtils.java:logGet(46)) - raft.server.log.appender.buffer.byte-limit = 8388608 (custom)
2024-03-05 10:11:14,206 [main] INFO  server.GrpcService (ConfUtils.java:logGet(46)) - raft.grpc.flow.control.window = 5MB (=5242880) (custom)
2024-03-05 10:11:14,207 [main] INFO  server.RaftServerConfigKeys (ConfUtils.java:logGet(46)) - raft.server.rpc.request.timeout = 3000ms (default)
2024-03-05 10:11:14,207 [main] INFO  grpc.GrpcConfigKeys (ConfUtils.java:logGet(46)) - raft.grpc.server.heartbeat.channel = true (default)
2024-03-05 10:11:14,207 [main] INFO  grpc.GrpcConfigKeys (ConfUtils.java:logGet(46)) - raft.grpc.server.async.request.thread.pool.cached = true (default)
2024-03-05 10:11:14,207 [main] INFO  grpc.GrpcConfigKeys (ConfUtils.java:logGet(46)) - raft.grpc.server.async.request.thread.pool.size = 32 (default)
2024-03-05 10:11:14,209 [main] INFO  impl.DataStreamServerImpl (ConfUtils.java:logGet(46)) - raft.datastream.type = NETTY (custom)
2024-03-05 10:11:14,209 [main] INFO  server.RaftServerConfigKeys (ConfUtils.java:logGet(46)) - raft.server.data-stream.async.request.thread.pool.cached = false (default)
2024-03-05 10:11:14,209 [main] INFO  server.RaftServerConfigKeys (ConfUtils.java:logGet(46)) - raft.server.data-stream.async.request.thread.pool.size = 20 (custom)
2024-03-05 10:11:14,209 [main] INFO  server.RaftServerConfigKeys (ConfUtils.java:logGet(46)) - raft.server.data-stream.async.write.thread.pool.size = 16 (default)
2024-03-05 10:11:14,209 [main] INFO  netty.NettyConfigKeys$DataStream (ConfUtils.java:logGet(46)) - raft.netty.dataStream.server.channel.inactive.grace-period = 10min (default)
2024-03-05 10:11:14,209 [main] INFO  server.RaftServerConfigKeys (ConfUtils.java:logGet(46)) - raft.server.data-stream.client.pool.size = 10 (default)
2024-03-05 10:11:14,209 [main] INFO  netty.NettyConfigKeys$DataStream (ConfUtils.java:logGet(46)) - raft.netty.dataStream.server.use-epoll = true (default)
2024-03-05 10:11:14,209 [main] INFO  netty.NettyConfigKeys$DataStream (ConfUtils.java:logGet(46)) - raft.netty.dataStream.server.boss-group.size = 0 (default)
2024-03-05 10:11:14,210 [main] INFO  netty.NettyUtils (NettyUtils.java:newEventLoopGroup(69)) - Create EpollEventLoopGroup for 40c6403c-e697-43dc-b480-ae867bb88e33-NettyServerStreamRpc-bossGroup; Thread size is 0.
2024-03-05 10:11:14,210 [main] INFO  netty.NettyConfigKeys$DataStream (ConfUtils.java:logGet(46)) - raft.netty.dataStream.server.worker-group.size = 0 (default)
2024-03-05 10:11:14,210 [main] INFO  netty.NettyUtils (NettyUtils.java:newEventLoopGroup(69)) - Create EpollEventLoopGroup for 40c6403c-e697-43dc-b480-ae867bb88e33-NettyServerStreamRpc-workerGroup; Thread size is 0.
2024-03-05 10:11:14,210 [main] INFO  netty.NettyConfigKeys$DataStream (ConfUtils.java:logGet(46)) - raft.netty.dataStream.server.tls.conf = null (default)
2024-03-05 10:11:14,210 [main] INFO  netty.NettyConfigKeys$DataStream (ConfUtils.java:logGet(46)) - raft.netty.dataStream.host = null (default)
2024-03-05 10:11:14,211 [main] INFO  netty.NettyConfigKeys$DataStream (ConfUtils.java:logGet(46)) - raft.netty.dataStream.port = 15291 (custom)
2024-03-05 10:11:14,211 [main] INFO  server.RaftServerConfigKeys (ConfUtils.java:logGet(46)) - raft.server.sleep.deviation.threshold = 300ms (default)
2024-03-05 10:11:14,211 [40c6403c-e697-43dc-b480-ae867bb88e33-NettyServerStreamRpc-bossGroup--thread1] INFO  logging.LoggingHandler (AbstractInternalLogger.java:log(148)) - [id: 0x2c78b332] REGISTERED
2024-03-05 10:11:14,211 [main] INFO  server.RaftServerConfigKeys (ConfUtils.java:logGet(46)) - raft.server.close.threshold = 60s (default)
2024-03-05 10:11:14,211 [40c6403c-e697-43dc-b480-ae867bb88e33-NettyServerStreamRpc-bossGroup--thread1] INFO  logging.LoggingHandler (AbstractInternalLogger.java:log(148)) - [id: 0x2c78b332] BIND: 0.0.0.0/0.0.0.0:15291
2024-03-05 10:11:14,211 [main] INFO  server.RaftServerConfigKeys (ConfUtils.java:logGet(46)) - raft.server.leaderelection.leader.step-down.wait-time = 10s (default)
2024-03-05 10:11:14,211 [40c6403c-e697-43dc-b480-ae867bb88e33-NettyServerStreamRpc-bossGroup--thread1] INFO  logging.LoggingHandler (AbstractInternalLogger.java:log(148)) - [id: 0x2c78b332, L:/0.0.0.0:15291] ACTIVE
2024-03-05 10:11:14,212 [main] INFO  server.RaftServerConfigKeys (ConfUtils.java:logGet(46)) - raft.server.storage.dir = [/home/runner/work/ozone/ozone/hadoop-ozone/integration-test/target/test-dir/MiniOzoneClusterImpl-58322414-df67-4d64-942a-a0d9644003f2/ozone-meta/datanode-2/ratis] (custom)
2024-03-05 10:11:14,212 [main] INFO  server.RaftServerConfigKeys (ConfUtils.java:logGet(46)) - raft.server.threadpool.proxy.cached = true (default)
2024-03-05 10:11:14,212 [main] INFO  server.RaftServerConfigKeys (ConfUtils.java:logGet(46)) - raft.server.threadpool.proxy.size = 0 (default)
2024-03-05 10:11:14,212 [40c6403c-e697-43dc-b480-ae867bb88e33-impl-thread1] INFO  server.RaftServer (RaftServerProxy.java:initGroupDir(264)) - 40c6403c-e697-43dc-b480-ae867bb88e33: found a subdirectory /home/runner/work/ozone/ozone/hadoop-ozone/integration-test/target/test-dir/MiniOzoneClusterImpl-58322414-df67-4d64-942a-a0d9644003f2/ozone-meta/datanode-2/ratis/tmp
2024-03-05 10:11:14,212 [40c6403c-e697-43dc-b480-ae867bb88e33-impl-thread1] INFO  server.RaftServer (RaftServerProxy.java:initGroupDir(269)) - 40c6403c-e697-43dc-b480-ae867bb88e33: The directory /home/runner/work/ozone/ozone/hadoop-ozone/integration-test/target/test-dir/MiniOzoneClusterImpl-58322414-df67-4d64-942a-a0d9644003f2/ozone-meta/datanode-2/ratis/tmp is not a group directory; ignoring it. 
2024-03-05 10:11:14,212 [main] INFO  replication.ReplicationServer (ReplicationServer.java:<init>(86)) - Initializing replication server with thread count = 10 queue length = 4096
2024-03-05 10:11:14,213 [main] INFO  server.XceiverServerGrpc (XceiverServerGrpc.java:<init>(141)) - GrpcServer channel type EpollServerSocketChannel
2024-03-05 10:11:14,214 [main] INFO  replication.ReplicationSupervisor (ReplicationSupervisor.java:build(163)) - Initializing replication supervisor with thread count = 10
2024-03-05 10:11:14,214 [main] INFO  replication.ReplicationSupervisor (ReplicationSupervisor.java:nodeStateUpdated(317)) - Node state updated to IN_SERVICE, scaling executor pool size to 10
2024-03-05 10:11:14,215 [main] INFO  http.BaseHttpServer (BaseHttpServer.java:newHttpServer2BuilderForOzone(223)) - Starting Web-server for hddsDatanode at: http://0.0.0.0:15285
2024-03-05 10:11:14,216 [main] INFO  http.BaseHttpServer (BaseHttpServer.java:<init>(110)) - Hadoop Security Enabled: false Ozone Security Enabled: false Ozone HTTP Security Enabled: false 
2024-03-05 10:11:14,216 [main] WARN  server.AuthenticationFilter (AuthenticationFilter.java:constructSecretProvider(240)) - Unable to initialize FileSignerSecretProvider, falling back to use random secrets. Reason: Could not read signature secret file: /home/runner/hadoop-http-auth-signature-secret
2024-03-05 10:11:14,217 [main] INFO  http.HttpRequestLog (HttpRequestLog.java:getRequestLog(86)) - Http request log for http.requests.hddsDatanode is not defined
2024-03-05 10:11:14,217 [main] INFO  http.HttpServer2 (HttpServer2.java:addGlobalFilter(1036)) - Added global filter 'safety' (class=org.apache.hadoop.hdds.server.http.HttpServer2$QuotingInputFilter)
2024-03-05 10:11:14,218 [main] INFO  http.HttpServer2 (HttpServer2.java:addFilter(1012)) - Added filter static_user_filter (class=org.apache.hadoop.http.lib.StaticUserWebFilter$StaticUserFilter) to context hddsDatanode
2024-03-05 10:11:14,218 [main] INFO  http.HttpServer2 (HttpServer2.java:addFilter(1020)) - Added filter static_user_filter (class=org.apache.hadoop.http.lib.StaticUserWebFilter$StaticUserFilter) to context logs
2024-03-05 10:11:14,218 [main] INFO  http.HttpServer2 (HttpServer2.java:addFilter(1020)) - Added filter static_user_filter (class=org.apache.hadoop.http.lib.StaticUserWebFilter$StaticUserFilter) to context static
2024-03-05 10:11:14,218 [main] INFO  http.BaseHttpServer (BaseHttpServer.java:<init>(189)) - HTTP server of hddsDatanode uses base directory /home/runner/work/ozone/ozone/hadoop-ozone/integration-test/target/test-dir/MiniOzoneClusterImpl-58322414-df67-4d64-942a-a0d9644003f2/ozone-meta/datanode-2/meta/webserver
2024-03-05 10:11:14,218 [main] INFO  http.HttpServer2 (HttpServer2.java:bindListener(1236)) - Jetty bound to port 15285
2024-03-05 10:11:14,218 [main] INFO  server.Server (Server.java:doStart(375)) - jetty-9.4.53.v20231009; built: 2023-10-09T12:29:09.265Z; git: 27bde00a0b95a1d5bbee0eae7984f891d2d0f8c9; jvm 1.8.0_402-b06
2024-03-05 10:11:14,219 [main] INFO  server.session (DefaultSessionIdManager.java:doStart(334)) - DefaultSessionIdManager workerName=node0
2024-03-05 10:11:14,219 [main] INFO  server.session (DefaultSessionIdManager.java:doStart(339)) - No SessionScavenger set, using defaults
2024-03-05 10:11:14,219 [main] INFO  server.session (HouseKeeper.java:startScavenging(132)) - node0 Scavenging every 600000ms
2024-03-05 10:11:14,220 [main] INFO  handler.ContextHandler (ContextHandler.java:doStart(921)) - Started o.e.j.s.ServletContextHandler@3db9ec7c{logs,/logs,file:///home/runner/work/ozone/ozone/hadoop-ozone/integration-test/target/log,AVAILABLE}
2024-03-05 10:11:14,220 [main] INFO  handler.ContextHandler (ContextHandler.java:doStart(921)) - Started o.e.j.s.ServletContextHandler@8d8c2a{static,/static,jar:file:/home/runner/.m2/repository/org/apache/ozone/hdds-container-service/1.5.0-SNAPSHOT/hdds-container-service-1.5.0-SNAPSHOT.jar!/webapps/static,AVAILABLE}
2024-03-05 10:11:14,252 [main] INFO  handler.ContextHandler (ContextHandler.java:doStart(921)) - Started o.e.j.w.WebAppContext@330d72b4{hddsDatanode,/,file:///home/runner/work/ozone/ozone/hadoop-ozone/integration-test/target/test-dir/MiniOzoneClusterImpl-58322414-df67-4d64-942a-a0d9644003f2/ozone-meta/datanode-2/meta/webserver/jetty-0_0_0_0-15285-hdds-container-service-1_5_0-SNAPSHOT_jar-_-any-4480381339267056461/webapp/,AVAILABLE}{jar:file:/home/runner/.m2/repository/org/apache/ozone/hdds-container-service/1.5.0-SNAPSHOT/hdds-container-service-1.5.0-SNAPSHOT.jar!/webapps/hddsDatanode}
2024-03-05 10:11:14,254 [main] INFO  server.AbstractConnector (AbstractConnector.java:doStart(333)) - Started ServerConnector@37b68042{HTTP/1.1, (http/1.1)}{0.0.0.0:15285}
2024-03-05 10:11:14,254 [main] INFO  server.Server (Server.java:doStart(415)) - Started @109819ms
2024-03-05 10:11:14,254 [main] WARN  impl.MetricsSystemImpl (MetricsSystemImpl.java:register(279)) - Sink prometheus already exists!
2024-03-05 10:11:14,254 [main] INFO  http.BaseHttpServer (BaseHttpServer.java:updateConnectorAddress(354)) - HTTP server of hddsDatanode listening at http://0.0.0.0:15285
2024-03-05 10:11:14,254 [main] INFO  ipc.CallQueueManager (CallQueueManager.java:<init>(90)) - Using callQueue: class java.util.concurrent.LinkedBlockingQueue, queueCapacity: 100, scheduler: class org.apache.hadoop.ipc.DefaultRpcScheduler, ipcBackoff: false.
2024-03-05 10:11:14,255 [main] INFO  ipc.Server (Server.java:<init>(1287)) - Listener at 0.0.0.0:15286
2024-03-05 10:11:14,255 [Socket Reader #1 for port 15286] INFO  ipc.Server (Server.java:run(1323)) - Starting Socket Reader #1 for port 15286
2024-03-05 10:11:14,256 [main] INFO  ozone.HddsDatanodeService (HddsDatanodeService.java:start(327)) - Datanode start with admins: [runner]
2024-03-05 10:11:14,256 [main] INFO  ozone.HddsDatanodeClientProtocolServer (HddsDatanodeClientProtocolServer.java:start(77)) - RPC server for Client /0.0.0.0:15286
2024-03-05 10:11:14,256 [IPC Server Responder] INFO  ipc.Server (Server.java:run(1562)) - IPC Server Responder: starting
2024-03-05 10:11:14,256 [IPC Server listener on 15286] INFO  ipc.Server (Server.java:run(1402)) - IPC Server listener on 15286: starting
2024-03-05 10:11:14,258 [40c6403c-e697-43dc-b480-ae867bb88e33-DatanodeStateMachineDaemonThread] INFO  statemachine.DatanodeStateMachine (DatanodeStateMachine.java:lambda$startDaemon$1(555)) - Ozone container server started.
2024-03-05 10:11:14,259 [main] WARN  dropwizard3.Dm3MetricRegistriesImpl (Dm3MetricRegistriesImpl.java:addReporterRegistration(113)) - New reporters are added after registries were created. Some metrics will be missing from the reporter. Please add reporter before adding any new registry.
2024-03-05 10:11:14,259 [main] WARN  dropwizard3.Dm3MetricRegistriesImpl (Dm3MetricRegistriesImpl.java:addReporterRegistration(113)) - New reporters are added after registries were created. Some metrics will be missing from the reporter. Please add reporter before adding any new registry.
2024-03-05 10:11:14,260 [main] INFO  impl.MetricsSystemImpl (MetricsSystemImpl.java:init(158)) - HddsDatanode metrics system started (again)
2024-03-05 10:11:14,260 [40c6403c-e697-43dc-b480-ae867bb88e33-DatanodeStateMachineTaskThread-0] INFO  datanode.InitDatanodeState (InitDatanodeState.java:persistContainerDatanodeDetails(139)) - DatanodeDetails is persisted to /home/runner/work/ozone/ozone/hadoop-ozone/integration-test/target/test-dir/MiniOzoneClusterImpl-58322414-df67-4d64-942a-a0d9644003f2/ozone-meta/datanode-2/meta/datanode.id
2024-03-05 10:11:14,268 [main] INFO  ozone.HddsDatanodeService (HddsDatanodeService.java:start(240)) - HddsDatanodeService host:fv-az1018-62.rl0eir1mf1ienctnmugi53kcld.ex.internal.cloudapp.net ip:10.1.0.29
2024-03-05 10:11:14,286 [main] INFO  upgrade.AbstractLayoutVersionManager (AbstractLayoutVersionManager.java:init(83)) - Initializing Layout version manager with metadata layout = HADOOP_PRC_PORTS_IN_DATANODEDETAILS (version = 7), software layout = HADOOP_PRC_PORTS_IN_DATANODEDETAILS (version = 7)
2024-03-05 10:11:14,286 [main] INFO  statemachine.DatanodeStateMachine (DatanodeStateMachine.java:getEndPointTaskThreadPoolSize(299)) - Datanode State Machine Task Thread Pool size 2
2024-03-05 10:11:14,288 [main] INFO  volume.HddsVolume (HddsVolume.java:<init>(125)) - Creating HddsVolume: /home/runner/work/ozone/ozone/hadoop-ozone/integration-test/target/test-dir/MiniOzoneClusterImpl-58322414-df67-4d64-942a-a0d9644003f2/ozone-meta/datanode-3/data-0/hdds of storage type : DISK capacity : 9223372036854775807
2024-03-05 10:11:14,288 [main] INFO  volume.MutableVolumeSet (MutableVolumeSet.java:initializeVolumeSet(173)) - Added Volume : /home/runner/work/ozone/ozone/hadoop-ozone/integration-test/target/test-dir/MiniOzoneClusterImpl-58322414-df67-4d64-942a-a0d9644003f2/ozone-meta/datanode-3/data-0/hdds to VolumeSet
2024-03-05 10:11:14,289 [main] INFO  volume.MutableVolumeSet (MutableVolumeSet.java:initializeVolumeSet(173)) - Added Volume : /home/runner/work/ozone/ozone/hadoop-ozone/integration-test/target/test-dir/MiniOzoneClusterImpl-58322414-df67-4d64-942a-a0d9644003f2/ozone-meta/datanode-3/ratis to VolumeSet
2024-03-05 10:11:14,289 [main] INFO  ozoneimpl.OzoneContainer (HddsVolumeUtil.java:loadAllHddsVolumeDbStore(103)) - Load 1 volumes DbStore cost: 0ms
2024-03-05 10:11:14,291 [main] INFO  server.RaftServer (ConfUtils.java:logGet(46)) - raft.rpc.type = GRPC (default)
2024-03-05 10:11:14,291 [main] INFO  grpc.GrpcConfigKeys (ConfUtils.java:logFallback(53)) - raft.grpc.admin.host = null (fallback to raft.grpc.server.host)
2024-03-05 10:11:14,291 [main] INFO  grpc.GrpcConfigKeys (ConfUtils.java:logGet(46)) - raft.grpc.admin.port = 15298 (custom)
2024-03-05 10:11:14,291 [main] INFO  grpc.GrpcConfigKeys (ConfUtils.java:logFallback(53)) - raft.grpc.client.host = null (fallback to raft.grpc.server.host)
2024-03-05 10:11:14,291 [main] INFO  grpc.GrpcConfigKeys (ConfUtils.java:logGet(46)) - raft.grpc.client.port = 15297 (custom)
2024-03-05 10:11:14,292 [main] INFO  grpc.GrpcConfigKeys (ConfUtils.java:logGet(46)) - raft.grpc.server.host = null (default)
2024-03-05 10:11:14,292 [main] INFO  grpc.GrpcConfigKeys (ConfUtils.java:logGet(46)) - raft.grpc.server.port = 15299 (custom)
2024-03-05 10:11:14,292 [main] INFO  server.GrpcService (ConfUtils.java:logGet(46)) - raft.grpc.message.size.max = 32MB (=33554432) (custom)
2024-03-05 10:11:14,292 [main] INFO  server.RaftServerConfigKeys (ConfUtils.java:logGet(46)) - raft.server.log.appender.buffer.byte-limit = 8388608 (custom)
2024-03-05 10:11:14,292 [main] INFO  server.GrpcService (ConfUtils.java:logGet(46)) - raft.grpc.flow.control.window = 5MB (=5242880) (custom)
2024-03-05 10:11:14,293 [main] INFO  server.RaftServerConfigKeys (ConfUtils.java:logGet(46)) - raft.server.rpc.request.timeout = 3000ms (default)
2024-03-05 10:11:14,293 [main] INFO  grpc.GrpcConfigKeys (ConfUtils.java:logGet(46)) - raft.grpc.server.heartbeat.channel = true (default)
2024-03-05 10:11:14,293 [main] INFO  grpc.GrpcConfigKeys (ConfUtils.java:logGet(46)) - raft.grpc.server.async.request.thread.pool.cached = true (default)
2024-03-05 10:11:14,293 [main] INFO  grpc.GrpcConfigKeys (ConfUtils.java:logGet(46)) - raft.grpc.server.async.request.thread.pool.size = 32 (default)
2024-03-05 10:11:14,295 [main] INFO  impl.DataStreamServerImpl (ConfUtils.java:logGet(46)) - raft.datastream.type = NETTY (custom)
2024-03-05 10:11:14,295 [main] INFO  server.RaftServerConfigKeys (ConfUtils.java:logGet(46)) - raft.server.data-stream.async.request.thread.pool.cached = false (default)
2024-03-05 10:11:14,295 [main] INFO  server.RaftServerConfigKeys (ConfUtils.java:logGet(46)) - raft.server.data-stream.async.request.thread.pool.size = 20 (custom)
2024-03-05 10:11:14,295 [main] INFO  server.RaftServerConfigKeys (ConfUtils.java:logGet(46)) - raft.server.data-stream.async.write.thread.pool.size = 16 (default)
2024-03-05 10:11:14,295 [main] INFO  netty.NettyConfigKeys$DataStream (ConfUtils.java:logGet(46)) - raft.netty.dataStream.server.channel.inactive.grace-period = 10min (default)
2024-03-05 10:11:14,295 [main] INFO  server.RaftServerConfigKeys (ConfUtils.java:logGet(46)) - raft.server.data-stream.client.pool.size = 10 (default)
2024-03-05 10:11:14,295 [main] INFO  netty.NettyConfigKeys$DataStream (ConfUtils.java:logGet(46)) - raft.netty.dataStream.server.use-epoll = true (default)
2024-03-05 10:11:14,295 [main] INFO  netty.NettyConfigKeys$DataStream (ConfUtils.java:logGet(46)) - raft.netty.dataStream.server.boss-group.size = 0 (default)
2024-03-05 10:11:14,296 [main] INFO  netty.NettyUtils (NettyUtils.java:newEventLoopGroup(69)) - Create EpollEventLoopGroup for 71f4d41d-0e43-455a-af57-6dee494bca18-NettyServerStreamRpc-bossGroup; Thread size is 0.
2024-03-05 10:11:14,296 [main] INFO  netty.NettyConfigKeys$DataStream (ConfUtils.java:logGet(46)) - raft.netty.dataStream.server.worker-group.size = 0 (default)
2024-03-05 10:11:14,296 [main] INFO  netty.NettyUtils (NettyUtils.java:newEventLoopGroup(69)) - Create EpollEventLoopGroup for 71f4d41d-0e43-455a-af57-6dee494bca18-NettyServerStreamRpc-workerGroup; Thread size is 0.
2024-03-05 10:11:14,296 [main] INFO  netty.NettyConfigKeys$DataStream (ConfUtils.java:logGet(46)) - raft.netty.dataStream.server.tls.conf = null (default)
2024-03-05 10:11:14,297 [main] INFO  netty.NettyConfigKeys$DataStream (ConfUtils.java:logGet(46)) - raft.netty.dataStream.host = null (default)
2024-03-05 10:11:14,297 [main] INFO  netty.NettyConfigKeys$DataStream (ConfUtils.java:logGet(46)) - raft.netty.dataStream.port = 15300 (custom)
2024-03-05 10:11:14,297 [main] INFO  server.RaftServerConfigKeys (ConfUtils.java:logGet(46)) - raft.server.sleep.deviation.threshold = 300ms (default)
2024-03-05 10:11:14,297 [71f4d41d-0e43-455a-af57-6dee494bca18-NettyServerStreamRpc-bossGroup--thread1] INFO  logging.LoggingHandler (AbstractInternalLogger.java:log(148)) - [id: 0x5ead0cba] REGISTERED
2024-03-05 10:11:14,297 [main] INFO  server.RaftServerConfigKeys (ConfUtils.java:logGet(46)) - raft.server.close.threshold = 60s (default)
2024-03-05 10:11:14,298 [main] INFO  server.RaftServerConfigKeys (ConfUtils.java:logGet(46)) - raft.server.leaderelection.leader.step-down.wait-time = 10s (default)
2024-03-05 10:11:14,298 [main] INFO  server.RaftServerConfigKeys (ConfUtils.java:logGet(46)) - raft.server.storage.dir = [/home/runner/work/ozone/ozone/hadoop-ozone/integration-test/target/test-dir/MiniOzoneClusterImpl-58322414-df67-4d64-942a-a0d9644003f2/ozone-meta/datanode-3/ratis] (custom)
2024-03-05 10:11:14,298 [main] INFO  server.RaftServerConfigKeys (ConfUtils.java:logGet(46)) - raft.server.threadpool.proxy.cached = true (default)
2024-03-05 10:11:14,298 [71f4d41d-0e43-455a-af57-6dee494bca18-NettyServerStreamRpc-bossGroup--thread1] INFO  logging.LoggingHandler (AbstractInternalLogger.java:log(148)) - [id: 0x5ead0cba] BIND: 0.0.0.0/0.0.0.0:15300
2024-03-05 10:11:14,298 [main] INFO  server.RaftServerConfigKeys (ConfUtils.java:logGet(46)) - raft.server.threadpool.proxy.size = 0 (default)
2024-03-05 10:11:14,298 [71f4d41d-0e43-455a-af57-6dee494bca18-NettyServerStreamRpc-bossGroup--thread1] INFO  logging.LoggingHandler (AbstractInternalLogger.java:log(148)) - [id: 0x5ead0cba, L:/0.0.0.0:15300] ACTIVE
2024-03-05 10:11:14,301 [71f4d41d-0e43-455a-af57-6dee494bca18-impl-thread1] INFO  server.RaftServer (RaftServerProxy.java:initGroupDir(264)) - 71f4d41d-0e43-455a-af57-6dee494bca18: found a subdirectory /home/runner/work/ozone/ozone/hadoop-ozone/integration-test/target/test-dir/MiniOzoneClusterImpl-58322414-df67-4d64-942a-a0d9644003f2/ozone-meta/datanode-3/ratis/tmp
2024-03-05 10:11:14,301 [71f4d41d-0e43-455a-af57-6dee494bca18-impl-thread1] INFO  server.RaftServer (RaftServerProxy.java:initGroupDir(269)) - 71f4d41d-0e43-455a-af57-6dee494bca18: The directory /home/runner/work/ozone/ozone/hadoop-ozone/integration-test/target/test-dir/MiniOzoneClusterImpl-58322414-df67-4d64-942a-a0d9644003f2/ozone-meta/datanode-3/ratis/tmp is not a group directory; ignoring it. 
2024-03-05 10:11:14,301 [main] INFO  replication.ReplicationServer (ReplicationServer.java:<init>(86)) - Initializing replication server with thread count = 10 queue length = 4096
2024-03-05 10:11:14,302 [main] INFO  server.XceiverServerGrpc (XceiverServerGrpc.java:<init>(141)) - GrpcServer channel type EpollServerSocketChannel
2024-03-05 10:11:14,303 [main] INFO  replication.ReplicationSupervisor (ReplicationSupervisor.java:build(163)) - Initializing replication supervisor with thread count = 10
2024-03-05 10:11:14,303 [main] INFO  replication.ReplicationSupervisor (ReplicationSupervisor.java:nodeStateUpdated(317)) - Node state updated to IN_SERVICE, scaling executor pool size to 10
2024-03-05 10:11:14,305 [main] INFO  http.BaseHttpServer (BaseHttpServer.java:newHttpServer2BuilderForOzone(223)) - Starting Web-server for hddsDatanode at: http://0.0.0.0:15294
2024-03-05 10:11:14,305 [main] INFO  http.BaseHttpServer (BaseHttpServer.java:<init>(110)) - Hadoop Security Enabled: false Ozone Security Enabled: false Ozone HTTP Security Enabled: false 
2024-03-05 10:11:14,306 [main] WARN  server.AuthenticationFilter (AuthenticationFilter.java:constructSecretProvider(240)) - Unable to initialize FileSignerSecretProvider, falling back to use random secrets. Reason: Could not read signature secret file: /home/runner/hadoop-http-auth-signature-secret
2024-03-05 10:11:14,310 [main] INFO  http.HttpRequestLog (HttpRequestLog.java:getRequestLog(86)) - Http request log for http.requests.hddsDatanode is not defined
2024-03-05 10:11:14,310 [main] INFO  http.HttpServer2 (HttpServer2.java:addGlobalFilter(1036)) - Added global filter 'safety' (class=org.apache.hadoop.hdds.server.http.HttpServer2$QuotingInputFilter)
2024-03-05 10:11:14,311 [main] INFO  http.HttpServer2 (HttpServer2.java:addFilter(1012)) - Added filter static_user_filter (class=org.apache.hadoop.http.lib.StaticUserWebFilter$StaticUserFilter) to context hddsDatanode
2024-03-05 10:11:14,311 [main] INFO  http.HttpServer2 (HttpServer2.java:addFilter(1020)) - Added filter static_user_filter (class=org.apache.hadoop.http.lib.StaticUserWebFilter$StaticUserFilter) to context static
2024-03-05 10:11:14,311 [main] INFO  http.HttpServer2 (HttpServer2.java:addFilter(1020)) - Added filter static_user_filter (class=org.apache.hadoop.http.lib.StaticUserWebFilter$StaticUserFilter) to context logs
2024-03-05 10:11:14,311 [main] INFO  http.BaseHttpServer (BaseHttpServer.java:<init>(189)) - HTTP server of hddsDatanode uses base directory /home/runner/work/ozone/ozone/hadoop-ozone/integration-test/target/test-dir/MiniOzoneClusterImpl-58322414-df67-4d64-942a-a0d9644003f2/ozone-meta/datanode-3/meta/webserver
2024-03-05 10:11:14,311 [main] INFO  http.HttpServer2 (HttpServer2.java:bindListener(1236)) - Jetty bound to port 15294
2024-03-05 10:11:14,311 [main] INFO  server.Server (Server.java:doStart(375)) - jetty-9.4.53.v20231009; built: 2023-10-09T12:29:09.265Z; git: 27bde00a0b95a1d5bbee0eae7984f891d2d0f8c9; jvm 1.8.0_402-b06
2024-03-05 10:11:14,312 [main] INFO  server.session (DefaultSessionIdManager.java:doStart(334)) - DefaultSessionIdManager workerName=node0
2024-03-05 10:11:14,312 [main] INFO  server.session (DefaultSessionIdManager.java:doStart(339)) - No SessionScavenger set, using defaults
2024-03-05 10:11:14,312 [main] INFO  server.session (HouseKeeper.java:startScavenging(132)) - node0 Scavenging every 660000ms
2024-03-05 10:11:14,313 [main] INFO  handler.ContextHandler (ContextHandler.java:doStart(921)) - Started o.e.j.s.ServletContextHandler@183bf445{logs,/logs,file:///home/runner/work/ozone/ozone/hadoop-ozone/integration-test/target/log,AVAILABLE}
2024-03-05 10:11:14,313 [main] INFO  handler.ContextHandler (ContextHandler.java:doStart(921)) - Started o.e.j.s.ServletContextHandler@5190c1c4{static,/static,jar:file:/home/runner/.m2/repository/org/apache/ozone/hdds-container-service/1.5.0-SNAPSHOT/hdds-container-service-1.5.0-SNAPSHOT.jar!/webapps/static,AVAILABLE}
2024-03-05 10:11:14,345 [main] INFO  handler.ContextHandler (ContextHandler.java:doStart(921)) - Started o.e.j.w.WebAppContext@d1406c2{hddsDatanode,/,file:///home/runner/work/ozone/ozone/hadoop-ozone/integration-test/target/test-dir/MiniOzoneClusterImpl-58322414-df67-4d64-942a-a0d9644003f2/ozone-meta/datanode-3/meta/webserver/jetty-0_0_0_0-15294-hdds-container-service-1_5_0-SNAPSHOT_jar-_-any-7558152571031124580/webapp/,AVAILABLE}{jar:file:/home/runner/.m2/repository/org/apache/ozone/hdds-container-service/1.5.0-SNAPSHOT/hdds-container-service-1.5.0-SNAPSHOT.jar!/webapps/hddsDatanode}
2024-03-05 10:11:14,348 [main] INFO  server.AbstractConnector (AbstractConnector.java:doStart(333)) - Started ServerConnector@b1d9567{HTTP/1.1, (http/1.1)}{0.0.0.0:15294}
2024-03-05 10:11:14,348 [main] INFO  server.Server (Server.java:doStart(415)) - Started @109914ms
2024-03-05 10:11:14,349 [main] WARN  impl.MetricsSystemImpl (MetricsSystemImpl.java:register(279)) - Sink prometheus already exists!
2024-03-05 10:11:14,349 [main] INFO  http.BaseHttpServer (BaseHttpServer.java:updateConnectorAddress(354)) - HTTP server of hddsDatanode listening at http://0.0.0.0:15294
2024-03-05 10:11:14,349 [main] INFO  ipc.CallQueueManager (CallQueueManager.java:<init>(90)) - Using callQueue: class java.util.concurrent.LinkedBlockingQueue, queueCapacity: 100, scheduler: class org.apache.hadoop.ipc.DefaultRpcScheduler, ipcBackoff: false.
2024-03-05 10:11:14,350 [main] INFO  ipc.Server (Server.java:<init>(1287)) - Listener at 0.0.0.0:15295
2024-03-05 10:11:14,350 [Socket Reader #1 for port 15295] INFO  ipc.Server (Server.java:run(1323)) - Starting Socket Reader #1 for port 15295
2024-03-05 10:11:14,356 [main] INFO  ozone.HddsDatanodeService (HddsDatanodeService.java:start(327)) - Datanode start with admins: [runner]
2024-03-05 10:11:14,356 [main] INFO  ozone.HddsDatanodeClientProtocolServer (HddsDatanodeClientProtocolServer.java:start(77)) - RPC server for Client /0.0.0.0:15295
2024-03-05 10:11:14,356 [IPC Server Responder] INFO  ipc.Server (Server.java:run(1562)) - IPC Server Responder: starting
2024-03-05 10:11:14,358 [IPC Server listener on 15295] INFO  ipc.Server (Server.java:run(1402)) - IPC Server listener on 15295: starting
2024-03-05 10:11:14,364 [71f4d41d-0e43-455a-af57-6dee494bca18-DatanodeStateMachineDaemonThread] INFO  statemachine.DatanodeStateMachine (DatanodeStateMachine.java:lambda$startDaemon$1(555)) - Ozone container server started.
2024-03-05 10:11:14,365 [main] WARN  dropwizard3.Dm3MetricRegistriesImpl (Dm3MetricRegistriesImpl.java:addReporterRegistration(113)) - New reporters are added after registries were created. Some metrics will be missing from the reporter. Please add reporter before adding any new registry.
2024-03-05 10:11:14,365 [main] WARN  dropwizard3.Dm3MetricRegistriesImpl (Dm3MetricRegistriesImpl.java:addReporterRegistration(113)) - New reporters are added after registries were created. Some metrics will be missing from the reporter. Please add reporter before adding any new registry.
2024-03-05 10:11:14,366 [main] INFO  impl.MetricsSystemImpl (MetricsSystemImpl.java:init(158)) - HddsDatanode metrics system started (again)
2024-03-05 10:11:14,368 [71f4d41d-0e43-455a-af57-6dee494bca18-DatanodeStateMachineTaskThread-0] INFO  datanode.InitDatanodeState (InitDatanodeState.java:persistContainerDatanodeDetails(139)) - DatanodeDetails is persisted to /home/runner/work/ozone/ozone/hadoop-ozone/integration-test/target/test-dir/MiniOzoneClusterImpl-58322414-df67-4d64-942a-a0d9644003f2/ozone-meta/datanode-3/meta/datanode.id
2024-03-05 10:11:14,376 [main] INFO  ozone.HddsDatanodeService (HddsDatanodeService.java:start(240)) - HddsDatanodeService host:fv-az1018-62.rl0eir1mf1ienctnmugi53kcld.ex.internal.cloudapp.net ip:10.1.0.29
2024-03-05 10:11:14,392 [main] INFO  upgrade.AbstractLayoutVersionManager (AbstractLayoutVersionManager.java:init(83)) - Initializing Layout version manager with metadata layout = HADOOP_PRC_PORTS_IN_DATANODEDETAILS (version = 7), software layout = HADOOP_PRC_PORTS_IN_DATANODEDETAILS (version = 7)
2024-03-05 10:11:14,392 [main] INFO  statemachine.DatanodeStateMachine (DatanodeStateMachine.java:getEndPointTaskThreadPoolSize(299)) - Datanode State Machine Task Thread Pool size 2
2024-03-05 10:11:14,393 [main] INFO  volume.HddsVolume (HddsVolume.java:<init>(125)) - Creating HddsVolume: /home/runner/work/ozone/ozone/hadoop-ozone/integration-test/target/test-dir/MiniOzoneClusterImpl-58322414-df67-4d64-942a-a0d9644003f2/ozone-meta/datanode-4/data-0/hdds of storage type : DISK capacity : 9223372036854775807
2024-03-05 10:11:14,393 [main] INFO  volume.MutableVolumeSet (MutableVolumeSet.java:initializeVolumeSet(173)) - Added Volume : /home/runner/work/ozone/ozone/hadoop-ozone/integration-test/target/test-dir/MiniOzoneClusterImpl-58322414-df67-4d64-942a-a0d9644003f2/ozone-meta/datanode-4/data-0/hdds to VolumeSet
2024-03-05 10:11:14,394 [main] INFO  volume.MutableVolumeSet (MutableVolumeSet.java:initializeVolumeSet(173)) - Added Volume : /home/runner/work/ozone/ozone/hadoop-ozone/integration-test/target/test-dir/MiniOzoneClusterImpl-58322414-df67-4d64-942a-a0d9644003f2/ozone-meta/datanode-4/ratis to VolumeSet
2024-03-05 10:11:14,394 [main] INFO  ozoneimpl.OzoneContainer (HddsVolumeUtil.java:loadAllHddsVolumeDbStore(103)) - Load 1 volumes DbStore cost: 0ms
2024-03-05 10:11:14,396 [main] INFO  server.RaftServer (ConfUtils.java:logGet(46)) - raft.rpc.type = GRPC (default)
2024-03-05 10:11:14,396 [main] INFO  grpc.GrpcConfigKeys (ConfUtils.java:logFallback(53)) - raft.grpc.admin.host = null (fallback to raft.grpc.server.host)
2024-03-05 10:11:14,396 [main] INFO  grpc.GrpcConfigKeys (ConfUtils.java:logGet(46)) - raft.grpc.admin.port = 15307 (custom)
2024-03-05 10:11:14,396 [main] INFO  grpc.GrpcConfigKeys (ConfUtils.java:logFallback(53)) - raft.grpc.client.host = null (fallback to raft.grpc.server.host)
2024-03-05 10:11:14,396 [main] INFO  grpc.GrpcConfigKeys (ConfUtils.java:logGet(46)) - raft.grpc.client.port = 15306 (custom)
2024-03-05 10:11:14,396 [main] INFO  grpc.GrpcConfigKeys (ConfUtils.java:logGet(46)) - raft.grpc.server.host = null (default)
2024-03-05 10:11:14,396 [main] INFO  grpc.GrpcConfigKeys (ConfUtils.java:logGet(46)) - raft.grpc.server.port = 15308 (custom)
2024-03-05 10:11:14,396 [main] INFO  server.GrpcService (ConfUtils.java:logGet(46)) - raft.grpc.message.size.max = 32MB (=33554432) (custom)
2024-03-05 10:11:14,397 [main] INFO  server.RaftServerConfigKeys (ConfUtils.java:logGet(46)) - raft.server.log.appender.buffer.byte-limit = 8388608 (custom)
2024-03-05 10:11:14,397 [main] INFO  server.GrpcService (ConfUtils.java:logGet(46)) - raft.grpc.flow.control.window = 5MB (=5242880) (custom)
2024-03-05 10:11:14,397 [main] INFO  server.RaftServerConfigKeys (ConfUtils.java:logGet(46)) - raft.server.rpc.request.timeout = 3000ms (default)
2024-03-05 10:11:14,397 [main] INFO  grpc.GrpcConfigKeys (ConfUtils.java:logGet(46)) - raft.grpc.server.heartbeat.channel = true (default)
2024-03-05 10:11:14,397 [main] INFO  grpc.GrpcConfigKeys (ConfUtils.java:logGet(46)) - raft.grpc.server.async.request.thread.pool.cached = true (default)
2024-03-05 10:11:14,397 [main] INFO  grpc.GrpcConfigKeys (ConfUtils.java:logGet(46)) - raft.grpc.server.async.request.thread.pool.size = 32 (default)
2024-03-05 10:11:14,399 [main] INFO  impl.DataStreamServerImpl (ConfUtils.java:logGet(46)) - raft.datastream.type = NETTY (custom)
2024-03-05 10:11:14,399 [main] INFO  server.RaftServerConfigKeys (ConfUtils.java:logGet(46)) - raft.server.data-stream.async.request.thread.pool.cached = false (default)
2024-03-05 10:11:14,400 [main] INFO  server.RaftServerConfigKeys (ConfUtils.java:logGet(46)) - raft.server.data-stream.async.request.thread.pool.size = 20 (custom)
2024-03-05 10:11:14,400 [main] INFO  server.RaftServerConfigKeys (ConfUtils.java:logGet(46)) - raft.server.data-stream.async.write.thread.pool.size = 16 (default)
2024-03-05 10:11:14,400 [main] INFO  netty.NettyConfigKeys$DataStream (ConfUtils.java:logGet(46)) - raft.netty.dataStream.server.channel.inactive.grace-period = 10min (default)
2024-03-05 10:11:14,400 [main] INFO  server.RaftServerConfigKeys (ConfUtils.java:logGet(46)) - raft.server.data-stream.client.pool.size = 10 (default)
2024-03-05 10:11:14,400 [main] INFO  netty.NettyConfigKeys$DataStream (ConfUtils.java:logGet(46)) - raft.netty.dataStream.server.use-epoll = true (default)
2024-03-05 10:11:14,401 [main] INFO  netty.NettyConfigKeys$DataStream (ConfUtils.java:logGet(46)) - raft.netty.dataStream.server.boss-group.size = 0 (default)
2024-03-05 10:11:14,401 [main] INFO  netty.NettyUtils (NettyUtils.java:newEventLoopGroup(69)) - Create EpollEventLoopGroup for d931d63e-dd15-4e6c-a722-a504b4f57030-NettyServerStreamRpc-bossGroup; Thread size is 0.
2024-03-05 10:11:14,401 [main] INFO  netty.NettyConfigKeys$DataStream (ConfUtils.java:logGet(46)) - raft.netty.dataStream.server.worker-group.size = 0 (default)
2024-03-05 10:11:14,401 [main] INFO  netty.NettyUtils (NettyUtils.java:newEventLoopGroup(69)) - Create EpollEventLoopGroup for d931d63e-dd15-4e6c-a722-a504b4f57030-NettyServerStreamRpc-workerGroup; Thread size is 0.
2024-03-05 10:11:14,402 [main] INFO  netty.NettyConfigKeys$DataStream (ConfUtils.java:logGet(46)) - raft.netty.dataStream.server.tls.conf = null (default)
2024-03-05 10:11:14,402 [main] INFO  netty.NettyConfigKeys$DataStream (ConfUtils.java:logGet(46)) - raft.netty.dataStream.host = null (default)
2024-03-05 10:11:14,402 [main] INFO  netty.NettyConfigKeys$DataStream (ConfUtils.java:logGet(46)) - raft.netty.dataStream.port = 15309 (custom)
2024-03-05 10:11:14,402 [main] INFO  server.RaftServerConfigKeys (ConfUtils.java:logGet(46)) - raft.server.sleep.deviation.threshold = 300ms (default)
2024-03-05 10:11:14,402 [main] INFO  server.RaftServerConfigKeys (ConfUtils.java:logGet(46)) - raft.server.close.threshold = 60s (default)
2024-03-05 10:11:14,403 [main] INFO  server.RaftServerConfigKeys (ConfUtils.java:logGet(46)) - raft.server.leaderelection.leader.step-down.wait-time = 10s (default)
2024-03-05 10:11:14,402 [d931d63e-dd15-4e6c-a722-a504b4f57030-NettyServerStreamRpc-bossGroup--thread1] INFO  logging.LoggingHandler (AbstractInternalLogger.java:log(148)) - [id: 0x94f6938d] REGISTERED
2024-03-05 10:11:14,403 [main] INFO  server.RaftServerConfigKeys (ConfUtils.java:logGet(46)) - raft.server.storage.dir = [/home/runner/work/ozone/ozone/hadoop-ozone/integration-test/target/test-dir/MiniOzoneClusterImpl-58322414-df67-4d64-942a-a0d9644003f2/ozone-meta/datanode-4/ratis] (custom)
2024-03-05 10:11:14,403 [main] INFO  server.RaftServerConfigKeys (ConfUtils.java:logGet(46)) - raft.server.threadpool.proxy.cached = true (default)
2024-03-05 10:11:14,403 [main] INFO  server.RaftServerConfigKeys (ConfUtils.java:logGet(46)) - raft.server.threadpool.proxy.size = 0 (default)
2024-03-05 10:11:14,403 [d931d63e-dd15-4e6c-a722-a504b4f57030-NettyServerStreamRpc-bossGroup--thread1] INFO  logging.LoggingHandler (AbstractInternalLogger.java:log(148)) - [id: 0x94f6938d] BIND: 0.0.0.0/0.0.0.0:15309
2024-03-05 10:11:14,403 [d931d63e-dd15-4e6c-a722-a504b4f57030-NettyServerStreamRpc-bossGroup--thread1] INFO  logging.LoggingHandler (AbstractInternalLogger.java:log(148)) - [id: 0x94f6938d, L:/0.0.0.0:15309] ACTIVE
2024-03-05 10:11:14,404 [d931d63e-dd15-4e6c-a722-a504b4f57030-impl-thread1] INFO  server.RaftServer (RaftServerProxy.java:initGroupDir(264)) - d931d63e-dd15-4e6c-a722-a504b4f57030: found a subdirectory /home/runner/work/ozone/ozone/hadoop-ozone/integration-test/target/test-dir/MiniOzoneClusterImpl-58322414-df67-4d64-942a-a0d9644003f2/ozone-meta/datanode-4/ratis/tmp
2024-03-05 10:11:14,404 [d931d63e-dd15-4e6c-a722-a504b4f57030-impl-thread1] INFO  server.RaftServer (RaftServerProxy.java:initGroupDir(269)) - d931d63e-dd15-4e6c-a722-a504b4f57030: The directory /home/runner/work/ozone/ozone/hadoop-ozone/integration-test/target/test-dir/MiniOzoneClusterImpl-58322414-df67-4d64-942a-a0d9644003f2/ozone-meta/datanode-4/ratis/tmp is not a group directory; ignoring it. 
2024-03-05 10:11:14,404 [main] INFO  replication.ReplicationServer (ReplicationServer.java:<init>(86)) - Initializing replication server with thread count = 10 queue length = 4096
2024-03-05 10:11:14,405 [main] INFO  server.XceiverServerGrpc (XceiverServerGrpc.java:<init>(141)) - GrpcServer channel type EpollServerSocketChannel
2024-03-05 10:11:14,406 [main] INFO  replication.ReplicationSupervisor (ReplicationSupervisor.java:build(163)) - Initializing replication supervisor with thread count = 10
2024-03-05 10:11:14,406 [main] INFO  replication.ReplicationSupervisor (ReplicationSupervisor.java:nodeStateUpdated(317)) - Node state updated to IN_SERVICE, scaling executor pool size to 10
2024-03-05 10:11:14,408 [main] INFO  http.BaseHttpServer (BaseHttpServer.java:newHttpServer2BuilderForOzone(223)) - Starting Web-server for hddsDatanode at: http://0.0.0.0:15303
2024-03-05 10:11:14,408 [main] INFO  http.BaseHttpServer (BaseHttpServer.java:<init>(110)) - Hadoop Security Enabled: false Ozone Security Enabled: false Ozone HTTP Security Enabled: false 
2024-03-05 10:11:14,409 [main] WARN  server.AuthenticationFilter (AuthenticationFilter.java:constructSecretProvider(240)) - Unable to initialize FileSignerSecretProvider, falling back to use random secrets. Reason: Could not read signature secret file: /home/runner/hadoop-http-auth-signature-secret
2024-03-05 10:11:14,409 [main] INFO  http.HttpRequestLog (HttpRequestLog.java:getRequestLog(86)) - Http request log for http.requests.hddsDatanode is not defined
2024-03-05 10:11:14,410 [main] INFO  http.HttpServer2 (HttpServer2.java:addGlobalFilter(1036)) - Added global filter 'safety' (class=org.apache.hadoop.hdds.server.http.HttpServer2$QuotingInputFilter)
2024-03-05 10:11:14,410 [main] INFO  http.HttpServer2 (HttpServer2.java:addFilter(1012)) - Added filter static_user_filter (class=org.apache.hadoop.http.lib.StaticUserWebFilter$StaticUserFilter) to context hddsDatanode
2024-03-05 10:11:14,410 [main] INFO  http.HttpServer2 (HttpServer2.java:addFilter(1020)) - Added filter static_user_filter (class=org.apache.hadoop.http.lib.StaticUserWebFilter$StaticUserFilter) to context static
2024-03-05 10:11:14,410 [main] INFO  http.HttpServer2 (HttpServer2.java:addFilter(1020)) - Added filter static_user_filter (class=org.apache.hadoop.http.lib.StaticUserWebFilter$StaticUserFilter) to context logs
2024-03-05 10:11:14,411 [main] INFO  http.BaseHttpServer (BaseHttpServer.java:<init>(189)) - HTTP server of hddsDatanode uses base directory /home/runner/work/ozone/ozone/hadoop-ozone/integration-test/target/test-dir/MiniOzoneClusterImpl-58322414-df67-4d64-942a-a0d9644003f2/ozone-meta/datanode-4/meta/webserver
2024-03-05 10:11:14,411 [main] INFO  http.HttpServer2 (HttpServer2.java:bindListener(1236)) - Jetty bound to port 15303
2024-03-05 10:11:14,411 [main] INFO  server.Server (Server.java:doStart(375)) - jetty-9.4.53.v20231009; built: 2023-10-09T12:29:09.265Z; git: 27bde00a0b95a1d5bbee0eae7984f891d2d0f8c9; jvm 1.8.0_402-b06
2024-03-05 10:11:14,412 [main] INFO  server.session (DefaultSessionIdManager.java:doStart(334)) - DefaultSessionIdManager workerName=node0
2024-03-05 10:11:14,412 [main] INFO  server.session (DefaultSessionIdManager.java:doStart(339)) - No SessionScavenger set, using defaults
2024-03-05 10:11:14,412 [main] INFO  server.session (HouseKeeper.java:startScavenging(132)) - node0 Scavenging every 660000ms
2024-03-05 10:11:14,413 [main] INFO  handler.ContextHandler (ContextHandler.java:doStart(921)) - Started o.e.j.s.ServletContextHandler@7a4846b{logs,/logs,file:///home/runner/work/ozone/ozone/hadoop-ozone/integration-test/target/log,AVAILABLE}
2024-03-05 10:11:14,413 [main] INFO  handler.ContextHandler (ContextHandler.java:doStart(921)) - Started o.e.j.s.ServletContextHandler@6f9e98ea{static,/static,jar:file:/home/runner/.m2/repository/org/apache/ozone/hdds-container-service/1.5.0-SNAPSHOT/hdds-container-service-1.5.0-SNAPSHOT.jar!/webapps/static,AVAILABLE}
2024-03-05 10:11:14,444 [main] INFO  handler.ContextHandler (ContextHandler.java:doStart(921)) - Started o.e.j.w.WebAppContext@407d349b{hddsDatanode,/,file:///home/runner/work/ozone/ozone/hadoop-ozone/integration-test/target/test-dir/MiniOzoneClusterImpl-58322414-df67-4d64-942a-a0d9644003f2/ozone-meta/datanode-4/meta/webserver/jetty-0_0_0_0-15303-hdds-container-service-1_5_0-SNAPSHOT_jar-_-any-5832604758793955200/webapp/,AVAILABLE}{jar:file:/home/runner/.m2/repository/org/apache/ozone/hdds-container-service/1.5.0-SNAPSHOT/hdds-container-service-1.5.0-SNAPSHOT.jar!/webapps/hddsDatanode}
2024-03-05 10:11:14,446 [main] INFO  server.AbstractConnector (AbstractConnector.java:doStart(333)) - Started ServerConnector@6f97729f{HTTP/1.1, (http/1.1)}{0.0.0.0:15303}
2024-03-05 10:11:14,446 [main] INFO  server.Server (Server.java:doStart(415)) - Started @110012ms
2024-03-05 10:11:14,447 [main] WARN  impl.MetricsSystemImpl (MetricsSystemImpl.java:register(279)) - Sink prometheus already exists!
2024-03-05 10:11:14,447 [main] INFO  http.BaseHttpServer (BaseHttpServer.java:updateConnectorAddress(354)) - HTTP server of hddsDatanode listening at http://0.0.0.0:15303
2024-03-05 10:11:14,447 [main] INFO  ipc.CallQueueManager (CallQueueManager.java:<init>(90)) - Using callQueue: class java.util.concurrent.LinkedBlockingQueue, queueCapacity: 100, scheduler: class org.apache.hadoop.ipc.DefaultRpcScheduler, ipcBackoff: false.
2024-03-05 10:11:14,448 [main] INFO  ipc.Server (Server.java:<init>(1287)) - Listener at 0.0.0.0:15304
2024-03-05 10:11:14,448 [Socket Reader #1 for port 15304] INFO  ipc.Server (Server.java:run(1323)) - Starting Socket Reader #1 for port 15304
2024-03-05 10:11:14,454 [main] INFO  ozone.HddsDatanodeService (HddsDatanodeService.java:start(327)) - Datanode start with admins: [runner]
2024-03-05 10:11:14,455 [main] INFO  ozone.HddsDatanodeClientProtocolServer (HddsDatanodeClientProtocolServer.java:start(77)) - RPC server for Client /0.0.0.0:15304
2024-03-05 10:11:14,455 [IPC Server Responder] INFO  ipc.Server (Server.java:run(1562)) - IPC Server Responder: starting
2024-03-05 10:11:14,455 [IPC Server listener on 15304] INFO  ipc.Server (Server.java:run(1402)) - IPC Server listener on 15304: starting
2024-03-05 10:11:14,456 [main] WARN  dropwizard3.Dm3MetricRegistriesImpl (Dm3MetricRegistriesImpl.java:addReporterRegistration(113)) - New reporters are added after registries were created. Some metrics will be missing from the reporter. Please add reporter before adding any new registry.
2024-03-05 10:11:14,456 [d931d63e-dd15-4e6c-a722-a504b4f57030-DatanodeStateMachineDaemonThread] INFO  statemachine.DatanodeStateMachine (DatanodeStateMachine.java:lambda$startDaemon$1(555)) - Ozone container server started.
2024-03-05 10:11:14,457 [main] WARN  dropwizard3.Dm3MetricRegistriesImpl (Dm3MetricRegistriesImpl.java:addReporterRegistration(113)) - New reporters are added after registries were created. Some metrics will be missing from the reporter. Please add reporter before adding any new registry.
2024-03-05 10:11:14,458 [main] INFO  impl.MetricsSystemImpl (MetricsSystemImpl.java:init(158)) - HddsDatanode metrics system started (again)
2024-03-05 10:11:14,469 [main] INFO  ozone.HddsDatanodeService (HddsDatanodeService.java:start(240)) - HddsDatanodeService host:fv-az1018-62.rl0eir1mf1ienctnmugi53kcld.ex.internal.cloudapp.net ip:10.1.0.29
2024-03-05 10:11:14,476 [d931d63e-dd15-4e6c-a722-a504b4f57030-DatanodeStateMachineTaskThread-0] INFO  datanode.InitDatanodeState (InitDatanodeState.java:persistContainerDatanodeDetails(139)) - DatanodeDetails is persisted to /home/runner/work/ozone/ozone/hadoop-ozone/integration-test/target/test-dir/MiniOzoneClusterImpl-58322414-df67-4d64-942a-a0d9644003f2/ozone-meta/datanode-4/meta/datanode.id
2024-03-05 10:11:14,492 [main] INFO  upgrade.AbstractLayoutVersionManager (AbstractLayoutVersionManager.java:init(83)) - Initializing Layout version manager with metadata layout = HADOOP_PRC_PORTS_IN_DATANODEDETAILS (version = 7), software layout = HADOOP_PRC_PORTS_IN_DATANODEDETAILS (version = 7)
2024-03-05 10:11:14,492 [main] INFO  statemachine.DatanodeStateMachine (DatanodeStateMachine.java:getEndPointTaskThreadPoolSize(299)) - Datanode State Machine Task Thread Pool size 2
2024-03-05 10:11:14,493 [main] INFO  volume.HddsVolume (HddsVolume.java:<init>(125)) - Creating HddsVolume: /home/runner/work/ozone/ozone/hadoop-ozone/integration-test/target/test-dir/MiniOzoneClusterImpl-58322414-df67-4d64-942a-a0d9644003f2/ozone-meta/datanode-5/data-0/hdds of storage type : DISK capacity : 9223372036854775807
2024-03-05 10:11:14,494 [main] INFO  volume.MutableVolumeSet (MutableVolumeSet.java:initializeVolumeSet(173)) - Added Volume : /home/runner/work/ozone/ozone/hadoop-ozone/integration-test/target/test-dir/MiniOzoneClusterImpl-58322414-df67-4d64-942a-a0d9644003f2/ozone-meta/datanode-5/data-0/hdds to VolumeSet
2024-03-05 10:11:14,494 [main] INFO  volume.MutableVolumeSet (MutableVolumeSet.java:initializeVolumeSet(173)) - Added Volume : /home/runner/work/ozone/ozone/hadoop-ozone/integration-test/target/test-dir/MiniOzoneClusterImpl-58322414-df67-4d64-942a-a0d9644003f2/ozone-meta/datanode-5/ratis to VolumeSet
2024-03-05 10:11:14,495 [main] INFO  ozoneimpl.OzoneContainer (HddsVolumeUtil.java:loadAllHddsVolumeDbStore(103)) - Load 1 volumes DbStore cost: 0ms
2024-03-05 10:11:14,496 [main] INFO  server.RaftServer (ConfUtils.java:logGet(46)) - raft.rpc.type = GRPC (default)
2024-03-05 10:11:14,497 [main] INFO  grpc.GrpcConfigKeys (ConfUtils.java:logFallback(53)) - raft.grpc.admin.host = null (fallback to raft.grpc.server.host)
2024-03-05 10:11:14,497 [main] INFO  grpc.GrpcConfigKeys (ConfUtils.java:logGet(46)) - raft.grpc.admin.port = 15316 (custom)
2024-03-05 10:11:14,497 [main] INFO  grpc.GrpcConfigKeys (ConfUtils.java:logFallback(53)) - raft.grpc.client.host = null (fallback to raft.grpc.server.host)
2024-03-05 10:11:14,497 [main] INFO  grpc.GrpcConfigKeys (ConfUtils.java:logGet(46)) - raft.grpc.client.port = 15315 (custom)
2024-03-05 10:11:14,497 [main] INFO  grpc.GrpcConfigKeys (ConfUtils.java:logGet(46)) - raft.grpc.server.host = null (default)
2024-03-05 10:11:14,497 [main] INFO  grpc.GrpcConfigKeys (ConfUtils.java:logGet(46)) - raft.grpc.server.port = 15317 (custom)
2024-03-05 10:11:14,498 [main] INFO  server.GrpcService (ConfUtils.java:logGet(46)) - raft.grpc.message.size.max = 32MB (=33554432) (custom)
2024-03-05 10:11:14,498 [main] INFO  server.RaftServerConfigKeys (ConfUtils.java:logGet(46)) - raft.server.log.appender.buffer.byte-limit = 8388608 (custom)
2024-03-05 10:11:14,498 [main] INFO  server.GrpcService (ConfUtils.java:logGet(46)) - raft.grpc.flow.control.window = 5MB (=5242880) (custom)
2024-03-05 10:11:14,498 [main] INFO  server.RaftServerConfigKeys (ConfUtils.java:logGet(46)) - raft.server.rpc.request.timeout = 3000ms (default)
2024-03-05 10:11:14,498 [main] INFO  grpc.GrpcConfigKeys (ConfUtils.java:logGet(46)) - raft.grpc.server.heartbeat.channel = true (default)
2024-03-05 10:11:14,499 [main] INFO  grpc.GrpcConfigKeys (ConfUtils.java:logGet(46)) - raft.grpc.server.async.request.thread.pool.cached = true (default)
2024-03-05 10:11:14,499 [main] INFO  grpc.GrpcConfigKeys (ConfUtils.java:logGet(46)) - raft.grpc.server.async.request.thread.pool.size = 32 (default)
2024-03-05 10:11:14,500 [main] INFO  impl.DataStreamServerImpl (ConfUtils.java:logGet(46)) - raft.datastream.type = NETTY (custom)
2024-03-05 10:11:14,501 [main] INFO  server.RaftServerConfigKeys (ConfUtils.java:logGet(46)) - raft.server.data-stream.async.request.thread.pool.cached = false (default)
2024-03-05 10:11:14,501 [main] INFO  server.RaftServerConfigKeys (ConfUtils.java:logGet(46)) - raft.server.data-stream.async.request.thread.pool.size = 20 (custom)
2024-03-05 10:11:14,501 [main] INFO  server.RaftServerConfigKeys (ConfUtils.java:logGet(46)) - raft.server.data-stream.async.write.thread.pool.size = 16 (default)
2024-03-05 10:11:14,501 [main] INFO  netty.NettyConfigKeys$DataStream (ConfUtils.java:logGet(46)) - raft.netty.dataStream.server.channel.inactive.grace-period = 10min (default)
2024-03-05 10:11:14,501 [main] INFO  server.RaftServerConfigKeys (ConfUtils.java:logGet(46)) - raft.server.data-stream.client.pool.size = 10 (default)
2024-03-05 10:11:14,501 [main] INFO  netty.NettyConfigKeys$DataStream (ConfUtils.java:logGet(46)) - raft.netty.dataStream.server.use-epoll = true (default)
2024-03-05 10:11:14,501 [main] INFO  netty.NettyConfigKeys$DataStream (ConfUtils.java:logGet(46)) - raft.netty.dataStream.server.boss-group.size = 0 (default)
2024-03-05 10:11:14,502 [main] INFO  netty.NettyUtils (NettyUtils.java:newEventLoopGroup(69)) - Create EpollEventLoopGroup for e31e7e37-3da5-4192-a08f-644192942d08-NettyServerStreamRpc-bossGroup; Thread size is 0.
2024-03-05 10:11:14,502 [main] INFO  netty.NettyConfigKeys$DataStream (ConfUtils.java:logGet(46)) - raft.netty.dataStream.server.worker-group.size = 0 (default)
2024-03-05 10:11:14,502 [main] INFO  netty.NettyUtils (NettyUtils.java:newEventLoopGroup(69)) - Create EpollEventLoopGroup for e31e7e37-3da5-4192-a08f-644192942d08-NettyServerStreamRpc-workerGroup; Thread size is 0.
2024-03-05 10:11:14,502 [main] INFO  netty.NettyConfigKeys$DataStream (ConfUtils.java:logGet(46)) - raft.netty.dataStream.server.tls.conf = null (default)
2024-03-05 10:11:14,502 [main] INFO  netty.NettyConfigKeys$DataStream (ConfUtils.java:logGet(46)) - raft.netty.dataStream.host = null (default)
2024-03-05 10:11:14,502 [main] INFO  netty.NettyConfigKeys$DataStream (ConfUtils.java:logGet(46)) - raft.netty.dataStream.port = 15318 (custom)
2024-03-05 10:11:14,503 [main] INFO  server.RaftServerConfigKeys (ConfUtils.java:logGet(46)) - raft.server.sleep.deviation.threshold = 300ms (default)
2024-03-05 10:11:14,503 [e31e7e37-3da5-4192-a08f-644192942d08-NettyServerStreamRpc-bossGroup--thread1] INFO  logging.LoggingHandler (AbstractInternalLogger.java:log(148)) - [id: 0x90aefc38] REGISTERED
2024-03-05 10:11:14,503 [main] INFO  server.RaftServerConfigKeys (ConfUtils.java:logGet(46)) - raft.server.close.threshold = 60s (default)
2024-03-05 10:11:14,503 [e31e7e37-3da5-4192-a08f-644192942d08-NettyServerStreamRpc-bossGroup--thread1] INFO  logging.LoggingHandler (AbstractInternalLogger.java:log(148)) - [id: 0x90aefc38] BIND: 0.0.0.0/0.0.0.0:15318
2024-03-05 10:11:14,503 [main] INFO  server.RaftServerConfigKeys (ConfUtils.java:logGet(46)) - raft.server.leaderelection.leader.step-down.wait-time = 10s (default)
2024-03-05 10:11:14,503 [e31e7e37-3da5-4192-a08f-644192942d08-NettyServerStreamRpc-bossGroup--thread1] INFO  logging.LoggingHandler (AbstractInternalLogger.java:log(148)) - [id: 0x90aefc38, L:/0.0.0.0:15318] ACTIVE
2024-03-05 10:11:14,504 [main] INFO  server.RaftServerConfigKeys (ConfUtils.java:logGet(46)) - raft.server.storage.dir = [/home/runner/work/ozone/ozone/hadoop-ozone/integration-test/target/test-dir/MiniOzoneClusterImpl-58322414-df67-4d64-942a-a0d9644003f2/ozone-meta/datanode-5/ratis] (custom)
2024-03-05 10:11:14,504 [main] INFO  server.RaftServerConfigKeys (ConfUtils.java:logGet(46)) - raft.server.threadpool.proxy.cached = true (default)
2024-03-05 10:11:14,504 [main] INFO  server.RaftServerConfigKeys (ConfUtils.java:logGet(46)) - raft.server.threadpool.proxy.size = 0 (default)
2024-03-05 10:11:14,504 [e31e7e37-3da5-4192-a08f-644192942d08-impl-thread1] INFO  server.RaftServer (RaftServerProxy.java:initGroupDir(264)) - e31e7e37-3da5-4192-a08f-644192942d08: found a subdirectory /home/runner/work/ozone/ozone/hadoop-ozone/integration-test/target/test-dir/MiniOzoneClusterImpl-58322414-df67-4d64-942a-a0d9644003f2/ozone-meta/datanode-5/ratis/tmp
2024-03-05 10:11:14,504 [e31e7e37-3da5-4192-a08f-644192942d08-impl-thread1] INFO  server.RaftServer (RaftServerProxy.java:initGroupDir(269)) - e31e7e37-3da5-4192-a08f-644192942d08: The directory /home/runner/work/ozone/ozone/hadoop-ozone/integration-test/target/test-dir/MiniOzoneClusterImpl-58322414-df67-4d64-942a-a0d9644003f2/ozone-meta/datanode-5/ratis/tmp is not a group directory; ignoring it. 
2024-03-05 10:11:14,504 [main] INFO  replication.ReplicationServer (ReplicationServer.java:<init>(86)) - Initializing replication server with thread count = 10 queue length = 4096
2024-03-05 10:11:14,505 [main] INFO  server.XceiverServerGrpc (XceiverServerGrpc.java:<init>(141)) - GrpcServer channel type EpollServerSocketChannel
2024-03-05 10:11:14,506 [main] INFO  replication.ReplicationSupervisor (ReplicationSupervisor.java:build(163)) - Initializing replication supervisor with thread count = 10
2024-03-05 10:11:14,506 [main] INFO  replication.ReplicationSupervisor (ReplicationSupervisor.java:nodeStateUpdated(317)) - Node state updated to IN_SERVICE, scaling executor pool size to 10
2024-03-05 10:11:14,508 [main] INFO  http.BaseHttpServer (BaseHttpServer.java:newHttpServer2BuilderForOzone(223)) - Starting Web-server for hddsDatanode at: http://0.0.0.0:15312
2024-03-05 10:11:14,508 [main] INFO  http.BaseHttpServer (BaseHttpServer.java:<init>(110)) - Hadoop Security Enabled: false Ozone Security Enabled: false Ozone HTTP Security Enabled: false 
2024-03-05 10:11:14,509 [main] WARN  server.AuthenticationFilter (AuthenticationFilter.java:constructSecretProvider(240)) - Unable to initialize FileSignerSecretProvider, falling back to use random secrets. Reason: Could not read signature secret file: /home/runner/hadoop-http-auth-signature-secret
2024-03-05 10:11:14,509 [main] INFO  http.HttpRequestLog (HttpRequestLog.java:getRequestLog(86)) - Http request log for http.requests.hddsDatanode is not defined
2024-03-05 10:11:14,510 [main] INFO  http.HttpServer2 (HttpServer2.java:addGlobalFilter(1036)) - Added global filter 'safety' (class=org.apache.hadoop.hdds.server.http.HttpServer2$QuotingInputFilter)
2024-03-05 10:11:14,510 [main] INFO  http.HttpServer2 (HttpServer2.java:addFilter(1012)) - Added filter static_user_filter (class=org.apache.hadoop.http.lib.StaticUserWebFilter$StaticUserFilter) to context hddsDatanode
2024-03-05 10:11:14,510 [main] INFO  http.HttpServer2 (HttpServer2.java:addFilter(1020)) - Added filter static_user_filter (class=org.apache.hadoop.http.lib.StaticUserWebFilter$StaticUserFilter) to context static
2024-03-05 10:11:14,510 [main] INFO  http.HttpServer2 (HttpServer2.java:addFilter(1020)) - Added filter static_user_filter (class=org.apache.hadoop.http.lib.StaticUserWebFilter$StaticUserFilter) to context logs
2024-03-05 10:11:14,511 [main] INFO  http.BaseHttpServer (BaseHttpServer.java:<init>(189)) - HTTP server of hddsDatanode uses base directory /home/runner/work/ozone/ozone/hadoop-ozone/integration-test/target/test-dir/MiniOzoneClusterImpl-58322414-df67-4d64-942a-a0d9644003f2/ozone-meta/datanode-5/meta/webserver
2024-03-05 10:11:14,511 [main] INFO  http.HttpServer2 (HttpServer2.java:bindListener(1236)) - Jetty bound to port 15312
2024-03-05 10:11:14,511 [main] INFO  server.Server (Server.java:doStart(375)) - jetty-9.4.53.v20231009; built: 2023-10-09T12:29:09.265Z; git: 27bde00a0b95a1d5bbee0eae7984f891d2d0f8c9; jvm 1.8.0_402-b06
2024-03-05 10:11:14,512 [main] INFO  server.session (DefaultSessionIdManager.java:doStart(334)) - DefaultSessionIdManager workerName=node0
2024-03-05 10:11:14,512 [main] INFO  server.session (DefaultSessionIdManager.java:doStart(339)) - No SessionScavenger set, using defaults
2024-03-05 10:11:14,512 [main] INFO  server.session (HouseKeeper.java:startScavenging(132)) - node0 Scavenging every 660000ms
2024-03-05 10:11:14,512 [main] INFO  handler.ContextHandler (ContextHandler.java:doStart(921)) - Started o.e.j.s.ServletContextHandler@178792cf{logs,/logs,file:///home/runner/work/ozone/ozone/hadoop-ozone/integration-test/target/log,AVAILABLE}
2024-03-05 10:11:14,513 [main] INFO  handler.ContextHandler (ContextHandler.java:doStart(921)) - Started o.e.j.s.ServletContextHandler@4739033b{static,/static,jar:file:/home/runner/.m2/repository/org/apache/ozone/hdds-container-service/1.5.0-SNAPSHOT/hdds-container-service-1.5.0-SNAPSHOT.jar!/webapps/static,AVAILABLE}
2024-03-05 10:11:14,545 [main] INFO  handler.ContextHandler (ContextHandler.java:doStart(921)) - Started o.e.j.w.WebAppContext@4d38bb66{hddsDatanode,/,file:///home/runner/work/ozone/ozone/hadoop-ozone/integration-test/target/test-dir/MiniOzoneClusterImpl-58322414-df67-4d64-942a-a0d9644003f2/ozone-meta/datanode-5/meta/webserver/jetty-0_0_0_0-15312-hdds-container-service-1_5_0-SNAPSHOT_jar-_-any-2187692751621565565/webapp/,AVAILABLE}{jar:file:/home/runner/.m2/repository/org/apache/ozone/hdds-container-service/1.5.0-SNAPSHOT/hdds-container-service-1.5.0-SNAPSHOT.jar!/webapps/hddsDatanode}
2024-03-05 10:11:14,547 [main] INFO  server.AbstractConnector (AbstractConnector.java:doStart(333)) - Started ServerConnector@38ae445c{HTTP/1.1, (http/1.1)}{0.0.0.0:15312}
2024-03-05 10:11:14,547 [main] INFO  server.Server (Server.java:doStart(415)) - Started @110112ms
2024-03-05 10:11:14,547 [main] WARN  impl.MetricsSystemImpl (MetricsSystemImpl.java:register(279)) - Sink prometheus already exists!
2024-03-05 10:11:14,547 [main] INFO  http.BaseHttpServer (BaseHttpServer.java:updateConnectorAddress(354)) - HTTP server of hddsDatanode listening at http://0.0.0.0:15312
2024-03-05 10:11:14,548 [main] INFO  ipc.CallQueueManager (CallQueueManager.java:<init>(90)) - Using callQueue: class java.util.concurrent.LinkedBlockingQueue, queueCapacity: 100, scheduler: class org.apache.hadoop.ipc.DefaultRpcScheduler, ipcBackoff: false.
2024-03-05 10:11:14,548 [main] INFO  ipc.Server (Server.java:<init>(1287)) - Listener at 0.0.0.0:15313
2024-03-05 10:11:14,548 [Socket Reader #1 for port 15313] INFO  ipc.Server (Server.java:run(1323)) - Starting Socket Reader #1 for port 15313
2024-03-05 10:11:14,549 [main] INFO  ozone.HddsDatanodeService (HddsDatanodeService.java:start(327)) - Datanode start with admins: [runner]
2024-03-05 10:11:14,549 [main] INFO  ozone.HddsDatanodeClientProtocolServer (HddsDatanodeClientProtocolServer.java:start(77)) - RPC server for Client /0.0.0.0:15313
2024-03-05 10:11:14,550 [IPC Server Responder] INFO  ipc.Server (Server.java:run(1562)) - IPC Server Responder: starting
2024-03-05 10:11:14,550 [IPC Server listener on 15313] INFO  ipc.Server (Server.java:run(1402)) - IPC Server listener on 15313: starting
2024-03-05 10:11:14,551 [e31e7e37-3da5-4192-a08f-644192942d08-DatanodeStateMachineDaemonThread] INFO  statemachine.DatanodeStateMachine (DatanodeStateMachine.java:lambda$startDaemon$1(555)) - Ozone container server started.
2024-03-05 10:11:14,551 [main] WARN  dropwizard3.Dm3MetricRegistriesImpl (Dm3MetricRegistriesImpl.java:addReporterRegistration(113)) - New reporters are added after registries were created. Some metrics will be missing from the reporter. Please add reporter before adding any new registry.
2024-03-05 10:11:14,553 [main] WARN  dropwizard3.Dm3MetricRegistriesImpl (Dm3MetricRegistriesImpl.java:addReporterRegistration(113)) - New reporters are added after registries were created. Some metrics will be missing from the reporter. Please add reporter before adding any new registry.
2024-03-05 10:11:14,553 [main] INFO  impl.MetricsSystemImpl (MetricsSystemImpl.java:init(158)) - HddsDatanode metrics system started (again)
2024-03-05 10:11:14,555 [e31e7e37-3da5-4192-a08f-644192942d08-DatanodeStateMachineTaskThread-0] INFO  datanode.InitDatanodeState (InitDatanodeState.java:persistContainerDatanodeDetails(139)) - DatanodeDetails is persisted to /home/runner/work/ozone/ozone/hadoop-ozone/integration-test/target/test-dir/MiniOzoneClusterImpl-58322414-df67-4d64-942a-a0d9644003f2/ozone-meta/datanode-5/meta/datanode.id
2024-03-05 10:11:14,561 [main] INFO  ozone.HddsDatanodeService (HddsDatanodeService.java:start(240)) - HddsDatanodeService host:fv-az1018-62.rl0eir1mf1ienctnmugi53kcld.ex.internal.cloudapp.net ip:10.1.0.29
2024-03-05 10:11:14,581 [main] INFO  upgrade.AbstractLayoutVersionManager (AbstractLayoutVersionManager.java:init(83)) - Initializing Layout version manager with metadata layout = HADOOP_PRC_PORTS_IN_DATANODEDETAILS (version = 7), software layout = HADOOP_PRC_PORTS_IN_DATANODEDETAILS (version = 7)
2024-03-05 10:11:14,582 [main] INFO  statemachine.DatanodeStateMachine (DatanodeStateMachine.java:getEndPointTaskThreadPoolSize(299)) - Datanode State Machine Task Thread Pool size 2
2024-03-05 10:11:14,583 [main] INFO  volume.HddsVolume (HddsVolume.java:<init>(125)) - Creating HddsVolume: /home/runner/work/ozone/ozone/hadoop-ozone/integration-test/target/test-dir/MiniOzoneClusterImpl-58322414-df67-4d64-942a-a0d9644003f2/ozone-meta/datanode-6/data-0/hdds of storage type : DISK capacity : 9223372036854775807
2024-03-05 10:11:14,583 [main] INFO  volume.MutableVolumeSet (MutableVolumeSet.java:initializeVolumeSet(173)) - Added Volume : /home/runner/work/ozone/ozone/hadoop-ozone/integration-test/target/test-dir/MiniOzoneClusterImpl-58322414-df67-4d64-942a-a0d9644003f2/ozone-meta/datanode-6/data-0/hdds to VolumeSet
2024-03-05 10:11:14,583 [main] INFO  volume.MutableVolumeSet (MutableVolumeSet.java:initializeVolumeSet(173)) - Added Volume : /home/runner/work/ozone/ozone/hadoop-ozone/integration-test/target/test-dir/MiniOzoneClusterImpl-58322414-df67-4d64-942a-a0d9644003f2/ozone-meta/datanode-6/ratis to VolumeSet
2024-03-05 10:11:14,583 [main] INFO  ozoneimpl.OzoneContainer (HddsVolumeUtil.java:loadAllHddsVolumeDbStore(103)) - Load 1 volumes DbStore cost: 0ms
2024-03-05 10:11:14,585 [main] INFO  server.RaftServer (ConfUtils.java:logGet(46)) - raft.rpc.type = GRPC (default)
2024-03-05 10:11:14,585 [main] INFO  grpc.GrpcConfigKeys (ConfUtils.java:logFallback(53)) - raft.grpc.admin.host = null (fallback to raft.grpc.server.host)
2024-03-05 10:11:14,585 [main] INFO  grpc.GrpcConfigKeys (ConfUtils.java:logGet(46)) - raft.grpc.admin.port = 15325 (custom)
2024-03-05 10:11:14,585 [main] INFO  grpc.GrpcConfigKeys (ConfUtils.java:logFallback(53)) - raft.grpc.client.host = null (fallback to raft.grpc.server.host)
2024-03-05 10:11:14,585 [main] INFO  grpc.GrpcConfigKeys (ConfUtils.java:logGet(46)) - raft.grpc.client.port = 15324 (custom)
2024-03-05 10:11:14,585 [main] INFO  grpc.GrpcConfigKeys (ConfUtils.java:logGet(46)) - raft.grpc.server.host = null (default)
2024-03-05 10:11:14,585 [main] INFO  grpc.GrpcConfigKeys (ConfUtils.java:logGet(46)) - raft.grpc.server.port = 15326 (custom)
2024-03-05 10:11:14,585 [main] INFO  server.GrpcService (ConfUtils.java:logGet(46)) - raft.grpc.message.size.max = 32MB (=33554432) (custom)
2024-03-05 10:11:14,586 [main] INFO  server.RaftServerConfigKeys (ConfUtils.java:logGet(46)) - raft.server.log.appender.buffer.byte-limit = 8388608 (custom)
2024-03-05 10:11:14,586 [main] INFO  server.GrpcService (ConfUtils.java:logGet(46)) - raft.grpc.flow.control.window = 5MB (=5242880) (custom)
2024-03-05 10:11:14,586 [main] INFO  server.RaftServerConfigKeys (ConfUtils.java:logGet(46)) - raft.server.rpc.request.timeout = 3000ms (default)
2024-03-05 10:11:14,586 [main] INFO  grpc.GrpcConfigKeys (ConfUtils.java:logGet(46)) - raft.grpc.server.heartbeat.channel = true (default)
2024-03-05 10:11:14,586 [main] INFO  grpc.GrpcConfigKeys (ConfUtils.java:logGet(46)) - raft.grpc.server.async.request.thread.pool.cached = true (default)
2024-03-05 10:11:14,586 [main] INFO  grpc.GrpcConfigKeys (ConfUtils.java:logGet(46)) - raft.grpc.server.async.request.thread.pool.size = 32 (default)
2024-03-05 10:11:14,588 [main] INFO  impl.DataStreamServerImpl (ConfUtils.java:logGet(46)) - raft.datastream.type = NETTY (custom)
2024-03-05 10:11:14,588 [main] INFO  server.RaftServerConfigKeys (ConfUtils.java:logGet(46)) - raft.server.data-stream.async.request.thread.pool.cached = false (default)
2024-03-05 10:11:14,588 [main] INFO  server.RaftServerConfigKeys (ConfUtils.java:logGet(46)) - raft.server.data-stream.async.request.thread.pool.size = 20 (custom)
2024-03-05 10:11:14,588 [main] INFO  server.RaftServerConfigKeys (ConfUtils.java:logGet(46)) - raft.server.data-stream.async.write.thread.pool.size = 16 (default)
2024-03-05 10:11:14,588 [main] INFO  netty.NettyConfigKeys$DataStream (ConfUtils.java:logGet(46)) - raft.netty.dataStream.server.channel.inactive.grace-period = 10min (default)
2024-03-05 10:11:14,588 [main] INFO  server.RaftServerConfigKeys (ConfUtils.java:logGet(46)) - raft.server.data-stream.client.pool.size = 10 (default)
2024-03-05 10:11:14,589 [main] INFO  netty.NettyConfigKeys$DataStream (ConfUtils.java:logGet(46)) - raft.netty.dataStream.server.use-epoll = true (default)
2024-03-05 10:11:14,589 [main] INFO  netty.NettyConfigKeys$DataStream (ConfUtils.java:logGet(46)) - raft.netty.dataStream.server.boss-group.size = 0 (default)
2024-03-05 10:11:14,589 [main] INFO  netty.NettyUtils (NettyUtils.java:newEventLoopGroup(69)) - Create EpollEventLoopGroup for 76f60663-9351-4c92-a037-8f3a190b5659-NettyServerStreamRpc-bossGroup; Thread size is 0.
2024-03-05 10:11:14,589 [main] INFO  netty.NettyConfigKeys$DataStream (ConfUtils.java:logGet(46)) - raft.netty.dataStream.server.worker-group.size = 0 (default)
2024-03-05 10:11:14,589 [main] INFO  netty.NettyUtils (NettyUtils.java:newEventLoopGroup(69)) - Create EpollEventLoopGroup for 76f60663-9351-4c92-a037-8f3a190b5659-NettyServerStreamRpc-workerGroup; Thread size is 0.
2024-03-05 10:11:14,589 [main] INFO  netty.NettyConfigKeys$DataStream (ConfUtils.java:logGet(46)) - raft.netty.dataStream.server.tls.conf = null (default)
2024-03-05 10:11:14,589 [main] INFO  netty.NettyConfigKeys$DataStream (ConfUtils.java:logGet(46)) - raft.netty.dataStream.host = null (default)
2024-03-05 10:11:14,590 [main] INFO  netty.NettyConfigKeys$DataStream (ConfUtils.java:logGet(46)) - raft.netty.dataStream.port = 15327 (custom)
2024-03-05 10:11:14,590 [main] INFO  server.RaftServerConfigKeys (ConfUtils.java:logGet(46)) - raft.server.sleep.deviation.threshold = 300ms (default)
2024-03-05 10:11:14,590 [76f60663-9351-4c92-a037-8f3a190b5659-NettyServerStreamRpc-bossGroup--thread1] INFO  logging.LoggingHandler (AbstractInternalLogger.java:log(148)) - [id: 0x463efa77] REGISTERED
2024-03-05 10:11:14,590 [main] INFO  server.RaftServerConfigKeys (ConfUtils.java:logGet(46)) - raft.server.close.threshold = 60s (default)
2024-03-05 10:11:14,590 [76f60663-9351-4c92-a037-8f3a190b5659-NettyServerStreamRpc-bossGroup--thread1] INFO  logging.LoggingHandler (AbstractInternalLogger.java:log(148)) - [id: 0x463efa77] BIND: 0.0.0.0/0.0.0.0:15327
2024-03-05 10:11:14,590 [main] INFO  server.RaftServerConfigKeys (ConfUtils.java:logGet(46)) - raft.server.leaderelection.leader.step-down.wait-time = 10s (default)
2024-03-05 10:11:14,590 [76f60663-9351-4c92-a037-8f3a190b5659-NettyServerStreamRpc-bossGroup--thread1] INFO  logging.LoggingHandler (AbstractInternalLogger.java:log(148)) - [id: 0x463efa77, L:/0.0.0.0:15327] ACTIVE
2024-03-05 10:11:14,591 [main] INFO  server.RaftServerConfigKeys (ConfUtils.java:logGet(46)) - raft.server.storage.dir = [/home/runner/work/ozone/ozone/hadoop-ozone/integration-test/target/test-dir/MiniOzoneClusterImpl-58322414-df67-4d64-942a-a0d9644003f2/ozone-meta/datanode-6/ratis] (custom)
2024-03-05 10:11:14,591 [main] INFO  server.RaftServerConfigKeys (ConfUtils.java:logGet(46)) - raft.server.threadpool.proxy.cached = true (default)
2024-03-05 10:11:14,591 [main] INFO  server.RaftServerConfigKeys (ConfUtils.java:logGet(46)) - raft.server.threadpool.proxy.size = 0 (default)
2024-03-05 10:11:14,591 [76f60663-9351-4c92-a037-8f3a190b5659-impl-thread1] INFO  server.RaftServer (RaftServerProxy.java:initGroupDir(264)) - 76f60663-9351-4c92-a037-8f3a190b5659: found a subdirectory /home/runner/work/ozone/ozone/hadoop-ozone/integration-test/target/test-dir/MiniOzoneClusterImpl-58322414-df67-4d64-942a-a0d9644003f2/ozone-meta/datanode-6/ratis/tmp
2024-03-05 10:11:14,591 [76f60663-9351-4c92-a037-8f3a190b5659-impl-thread1] INFO  server.RaftServer (RaftServerProxy.java:initGroupDir(269)) - 76f60663-9351-4c92-a037-8f3a190b5659: The directory /home/runner/work/ozone/ozone/hadoop-ozone/integration-test/target/test-dir/MiniOzoneClusterImpl-58322414-df67-4d64-942a-a0d9644003f2/ozone-meta/datanode-6/ratis/tmp is not a group directory; ignoring it. 
2024-03-05 10:11:14,591 [main] INFO  replication.ReplicationServer (ReplicationServer.java:<init>(86)) - Initializing replication server with thread count = 10 queue length = 4096
2024-03-05 10:11:14,592 [main] INFO  server.XceiverServerGrpc (XceiverServerGrpc.java:<init>(141)) - GrpcServer channel type EpollServerSocketChannel
2024-03-05 10:11:14,593 [main] INFO  replication.ReplicationSupervisor (ReplicationSupervisor.java:build(163)) - Initializing replication supervisor with thread count = 10
2024-03-05 10:11:14,594 [main] INFO  replication.ReplicationSupervisor (ReplicationSupervisor.java:nodeStateUpdated(317)) - Node state updated to IN_SERVICE, scaling executor pool size to 10
2024-03-05 10:11:14,595 [main] INFO  http.BaseHttpServer (BaseHttpServer.java:newHttpServer2BuilderForOzone(223)) - Starting Web-server for hddsDatanode at: http://0.0.0.0:15321
2024-03-05 10:11:14,595 [main] INFO  http.BaseHttpServer (BaseHttpServer.java:<init>(110)) - Hadoop Security Enabled: false Ozone Security Enabled: false Ozone HTTP Security Enabled: false 
2024-03-05 10:11:14,596 [main] WARN  server.AuthenticationFilter (AuthenticationFilter.java:constructSecretProvider(240)) - Unable to initialize FileSignerSecretProvider, falling back to use random secrets. Reason: Could not read signature secret file: /home/runner/hadoop-http-auth-signature-secret
2024-03-05 10:11:14,596 [main] INFO  http.HttpRequestLog (HttpRequestLog.java:getRequestLog(86)) - Http request log for http.requests.hddsDatanode is not defined
2024-03-05 10:11:14,597 [main] INFO  http.HttpServer2 (HttpServer2.java:addGlobalFilter(1036)) - Added global filter 'safety' (class=org.apache.hadoop.hdds.server.http.HttpServer2$QuotingInputFilter)
2024-03-05 10:11:14,597 [main] INFO  http.HttpServer2 (HttpServer2.java:addFilter(1012)) - Added filter static_user_filter (class=org.apache.hadoop.http.lib.StaticUserWebFilter$StaticUserFilter) to context hddsDatanode
2024-03-05 10:11:14,597 [main] INFO  http.HttpServer2 (HttpServer2.java:addFilter(1020)) - Added filter static_user_filter (class=org.apache.hadoop.http.lib.StaticUserWebFilter$StaticUserFilter) to context logs
2024-03-05 10:11:14,598 [main] INFO  http.HttpServer2 (HttpServer2.java:addFilter(1020)) - Added filter static_user_filter (class=org.apache.hadoop.http.lib.StaticUserWebFilter$StaticUserFilter) to context static
2024-03-05 10:11:14,598 [main] INFO  http.BaseHttpServer (BaseHttpServer.java:<init>(189)) - HTTP server of hddsDatanode uses base directory /home/runner/work/ozone/ozone/hadoop-ozone/integration-test/target/test-dir/MiniOzoneClusterImpl-58322414-df67-4d64-942a-a0d9644003f2/ozone-meta/datanode-6/meta/webserver
2024-03-05 10:11:14,598 [main] INFO  http.HttpServer2 (HttpServer2.java:bindListener(1236)) - Jetty bound to port 15321
2024-03-05 10:11:14,598 [main] INFO  server.Server (Server.java:doStart(375)) - jetty-9.4.53.v20231009; built: 2023-10-09T12:29:09.265Z; git: 27bde00a0b95a1d5bbee0eae7984f891d2d0f8c9; jvm 1.8.0_402-b06
2024-03-05 10:11:14,599 [main] INFO  server.session (DefaultSessionIdManager.java:doStart(334)) - DefaultSessionIdManager workerName=node0
2024-03-05 10:11:14,599 [main] INFO  server.session (DefaultSessionIdManager.java:doStart(339)) - No SessionScavenger set, using defaults
2024-03-05 10:11:14,599 [main] INFO  server.session (HouseKeeper.java:startScavenging(132)) - node0 Scavenging every 600000ms
2024-03-05 10:11:14,600 [main] INFO  handler.ContextHandler (ContextHandler.java:doStart(921)) - Started o.e.j.s.ServletContextHandler@104e596a{logs,/logs,file:///home/runner/work/ozone/ozone/hadoop-ozone/integration-test/target/log,AVAILABLE}
2024-03-05 10:11:14,600 [main] INFO  handler.ContextHandler (ContextHandler.java:doStart(921)) - Started o.e.j.s.ServletContextHandler@2ab72528{static,/static,jar:file:/home/runner/.m2/repository/org/apache/ozone/hdds-container-service/1.5.0-SNAPSHOT/hdds-container-service-1.5.0-SNAPSHOT.jar!/webapps/static,AVAILABLE}
2024-03-05 10:11:14,631 [main] INFO  handler.ContextHandler (ContextHandler.java:doStart(921)) - Started o.e.j.w.WebAppContext@25ba1054{hddsDatanode,/,file:///home/runner/work/ozone/ozone/hadoop-ozone/integration-test/target/test-dir/MiniOzoneClusterImpl-58322414-df67-4d64-942a-a0d9644003f2/ozone-meta/datanode-6/meta/webserver/jetty-0_0_0_0-15321-hdds-container-service-1_5_0-SNAPSHOT_jar-_-any-3235921464096287554/webapp/,AVAILABLE}{jar:file:/home/runner/.m2/repository/org/apache/ozone/hdds-container-service/1.5.0-SNAPSHOT/hdds-container-service-1.5.0-SNAPSHOT.jar!/webapps/hddsDatanode}
2024-03-05 10:11:14,633 [main] INFO  server.AbstractConnector (AbstractConnector.java:doStart(333)) - Started ServerConnector@1c578bb6{HTTP/1.1, (http/1.1)}{0.0.0.0:15321}
2024-03-05 10:11:14,633 [main] INFO  server.Server (Server.java:doStart(415)) - Started @110199ms
2024-03-05 10:11:14,633 [main] WARN  impl.MetricsSystemImpl (MetricsSystemImpl.java:register(279)) - Sink prometheus already exists!
2024-03-05 10:11:14,634 [main] INFO  http.BaseHttpServer (BaseHttpServer.java:updateConnectorAddress(354)) - HTTP server of hddsDatanode listening at http://0.0.0.0:15321
2024-03-05 10:11:14,634 [main] INFO  ipc.CallQueueManager (CallQueueManager.java:<init>(90)) - Using callQueue: class java.util.concurrent.LinkedBlockingQueue, queueCapacity: 100, scheduler: class org.apache.hadoop.ipc.DefaultRpcScheduler, ipcBackoff: false.
2024-03-05 10:11:14,634 [main] INFO  ipc.Server (Server.java:<init>(1287)) - Listener at 0.0.0.0:15322
2024-03-05 10:11:14,635 [Socket Reader #1 for port 15322] INFO  ipc.Server (Server.java:run(1323)) - Starting Socket Reader #1 for port 15322
2024-03-05 10:11:14,636 [main] INFO  ozone.HddsDatanodeService (HddsDatanodeService.java:start(327)) - Datanode start with admins: [runner]
2024-03-05 10:11:14,636 [main] INFO  ozone.HddsDatanodeClientProtocolServer (HddsDatanodeClientProtocolServer.java:start(77)) - RPC server for Client /0.0.0.0:15322
2024-03-05 10:11:14,636 [IPC Server Responder] INFO  ipc.Server (Server.java:run(1562)) - IPC Server Responder: starting
2024-03-05 10:11:14,642 [IPC Server listener on 15322] INFO  ipc.Server (Server.java:run(1402)) - IPC Server listener on 15322: starting
2024-03-05 10:11:14,643 [76f60663-9351-4c92-a037-8f3a190b5659-DatanodeStateMachineDaemonThread] INFO  statemachine.DatanodeStateMachine (DatanodeStateMachine.java:lambda$startDaemon$1(555)) - Ozone container server started.
2024-03-05 10:11:14,643 [main] WARN  dropwizard3.Dm3MetricRegistriesImpl (Dm3MetricRegistriesImpl.java:addReporterRegistration(113)) - New reporters are added after registries were created. Some metrics will be missing from the reporter. Please add reporter before adding any new registry.
2024-03-05 10:11:14,643 [main] WARN  dropwizard3.Dm3MetricRegistriesImpl (Dm3MetricRegistriesImpl.java:addReporterRegistration(113)) - New reporters are added after registries were created. Some metrics will be missing from the reporter. Please add reporter before adding any new registry.
2024-03-05 10:11:14,643 [main] INFO  impl.MetricsSystemImpl (MetricsSystemImpl.java:init(158)) - HddsDatanode metrics system started (again)
2024-03-05 10:11:14,646 [76f60663-9351-4c92-a037-8f3a190b5659-DatanodeStateMachineTaskThread-0] INFO  datanode.InitDatanodeState (InitDatanodeState.java:persistContainerDatanodeDetails(139)) - DatanodeDetails is persisted to /home/runner/work/ozone/ozone/hadoop-ozone/integration-test/target/test-dir/MiniOzoneClusterImpl-58322414-df67-4d64-942a-a0d9644003f2/ozone-meta/datanode-6/meta/datanode.id
2024-03-05 10:11:14,653 [main] INFO  ozone.HddsDatanodeService (HddsDatanodeService.java:start(240)) - HddsDatanodeService host:fv-az1018-62.rl0eir1mf1ienctnmugi53kcld.ex.internal.cloudapp.net ip:10.1.0.29
2024-03-05 10:11:14,669 [main] INFO  upgrade.AbstractLayoutVersionManager (AbstractLayoutVersionManager.java:init(83)) - Initializing Layout version manager with metadata layout = HADOOP_PRC_PORTS_IN_DATANODEDETAILS (version = 7), software layout = HADOOP_PRC_PORTS_IN_DATANODEDETAILS (version = 7)
2024-03-05 10:11:14,670 [main] INFO  statemachine.DatanodeStateMachine (DatanodeStateMachine.java:getEndPointTaskThreadPoolSize(299)) - Datanode State Machine Task Thread Pool size 2
2024-03-05 10:11:14,671 [main] INFO  volume.HddsVolume (HddsVolume.java:<init>(125)) - Creating HddsVolume: /home/runner/work/ozone/ozone/hadoop-ozone/integration-test/target/test-dir/MiniOzoneClusterImpl-58322414-df67-4d64-942a-a0d9644003f2/ozone-meta/datanode-7/data-0/hdds of storage type : DISK capacity : 9223372036854775807
2024-03-05 10:11:14,671 [main] INFO  volume.MutableVolumeSet (MutableVolumeSet.java:initializeVolumeSet(173)) - Added Volume : /home/runner/work/ozone/ozone/hadoop-ozone/integration-test/target/test-dir/MiniOzoneClusterImpl-58322414-df67-4d64-942a-a0d9644003f2/ozone-meta/datanode-7/data-0/hdds to VolumeSet
2024-03-05 10:11:14,671 [main] INFO  volume.MutableVolumeSet (MutableVolumeSet.java:initializeVolumeSet(173)) - Added Volume : /home/runner/work/ozone/ozone/hadoop-ozone/integration-test/target/test-dir/MiniOzoneClusterImpl-58322414-df67-4d64-942a-a0d9644003f2/ozone-meta/datanode-7/ratis to VolumeSet
2024-03-05 10:11:14,671 [main] INFO  ozoneimpl.OzoneContainer (HddsVolumeUtil.java:loadAllHddsVolumeDbStore(103)) - Load 1 volumes DbStore cost: 0ms
2024-03-05 10:11:14,673 [main] INFO  server.RaftServer (ConfUtils.java:logGet(46)) - raft.rpc.type = GRPC (default)
2024-03-05 10:11:14,673 [main] INFO  grpc.GrpcConfigKeys (ConfUtils.java:logFallback(53)) - raft.grpc.admin.host = null (fallback to raft.grpc.server.host)
2024-03-05 10:11:14,673 [main] INFO  grpc.GrpcConfigKeys (ConfUtils.java:logGet(46)) - raft.grpc.admin.port = 15334 (custom)
2024-03-05 10:11:14,673 [main] INFO  grpc.GrpcConfigKeys (ConfUtils.java:logFallback(53)) - raft.grpc.client.host = null (fallback to raft.grpc.server.host)
2024-03-05 10:11:14,673 [main] INFO  grpc.GrpcConfigKeys (ConfUtils.java:logGet(46)) - raft.grpc.client.port = 15333 (custom)
2024-03-05 10:11:14,673 [main] INFO  grpc.GrpcConfigKeys (ConfUtils.java:logGet(46)) - raft.grpc.server.host = null (default)
2024-03-05 10:11:14,673 [main] INFO  grpc.GrpcConfigKeys (ConfUtils.java:logGet(46)) - raft.grpc.server.port = 15335 (custom)
2024-03-05 10:11:14,674 [main] INFO  server.GrpcService (ConfUtils.java:logGet(46)) - raft.grpc.message.size.max = 32MB (=33554432) (custom)
2024-03-05 10:11:14,674 [main] INFO  server.RaftServerConfigKeys (ConfUtils.java:logGet(46)) - raft.server.log.appender.buffer.byte-limit = 8388608 (custom)
2024-03-05 10:11:14,674 [main] INFO  server.GrpcService (ConfUtils.java:logGet(46)) - raft.grpc.flow.control.window = 5MB (=5242880) (custom)
2024-03-05 10:11:14,674 [main] INFO  server.RaftServerConfigKeys (ConfUtils.java:logGet(46)) - raft.server.rpc.request.timeout = 3000ms (default)
2024-03-05 10:11:14,674 [main] INFO  grpc.GrpcConfigKeys (ConfUtils.java:logGet(46)) - raft.grpc.server.heartbeat.channel = true (default)
2024-03-05 10:11:14,674 [main] INFO  grpc.GrpcConfigKeys (ConfUtils.java:logGet(46)) - raft.grpc.server.async.request.thread.pool.cached = true (default)
2024-03-05 10:11:14,674 [main] INFO  grpc.GrpcConfigKeys (ConfUtils.java:logGet(46)) - raft.grpc.server.async.request.thread.pool.size = 32 (default)
2024-03-05 10:11:14,676 [main] INFO  impl.DataStreamServerImpl (ConfUtils.java:logGet(46)) - raft.datastream.type = NETTY (custom)
2024-03-05 10:11:14,676 [main] INFO  server.RaftServerConfigKeys (ConfUtils.java:logGet(46)) - raft.server.data-stream.async.request.thread.pool.cached = false (default)
2024-03-05 10:11:14,676 [main] INFO  server.RaftServerConfigKeys (ConfUtils.java:logGet(46)) - raft.server.data-stream.async.request.thread.pool.size = 20 (custom)
2024-03-05 10:11:14,676 [main] INFO  server.RaftServerConfigKeys (ConfUtils.java:logGet(46)) - raft.server.data-stream.async.write.thread.pool.size = 16 (default)
2024-03-05 10:11:14,676 [main] INFO  netty.NettyConfigKeys$DataStream (ConfUtils.java:logGet(46)) - raft.netty.dataStream.server.channel.inactive.grace-period = 10min (default)
2024-03-05 10:11:14,677 [main] INFO  server.RaftServerConfigKeys (ConfUtils.java:logGet(46)) - raft.server.data-stream.client.pool.size = 10 (default)
2024-03-05 10:11:14,677 [main] INFO  netty.NettyConfigKeys$DataStream (ConfUtils.java:logGet(46)) - raft.netty.dataStream.server.use-epoll = true (default)
2024-03-05 10:11:14,677 [main] INFO  netty.NettyConfigKeys$DataStream (ConfUtils.java:logGet(46)) - raft.netty.dataStream.server.boss-group.size = 0 (default)
2024-03-05 10:11:14,677 [main] INFO  netty.NettyUtils (NettyUtils.java:newEventLoopGroup(69)) - Create EpollEventLoopGroup for aca6fe57-e7fe-4059-8fc7-aad793183b33-NettyServerStreamRpc-bossGroup; Thread size is 0.
2024-03-05 10:11:14,677 [main] INFO  netty.NettyConfigKeys$DataStream (ConfUtils.java:logGet(46)) - raft.netty.dataStream.server.worker-group.size = 0 (default)
2024-03-05 10:11:14,677 [main] INFO  netty.NettyUtils (NettyUtils.java:newEventLoopGroup(69)) - Create EpollEventLoopGroup for aca6fe57-e7fe-4059-8fc7-aad793183b33-NettyServerStreamRpc-workerGroup; Thread size is 0.
2024-03-05 10:11:14,678 [main] INFO  netty.NettyConfigKeys$DataStream (ConfUtils.java:logGet(46)) - raft.netty.dataStream.server.tls.conf = null (default)
2024-03-05 10:11:14,678 [main] INFO  netty.NettyConfigKeys$DataStream (ConfUtils.java:logGet(46)) - raft.netty.dataStream.host = null (default)
2024-03-05 10:11:14,678 [main] INFO  netty.NettyConfigKeys$DataStream (ConfUtils.java:logGet(46)) - raft.netty.dataStream.port = 15336 (custom)
2024-03-05 10:11:14,678 [main] INFO  server.RaftServerConfigKeys (ConfUtils.java:logGet(46)) - raft.server.sleep.deviation.threshold = 300ms (default)
2024-03-05 10:11:14,678 [main] INFO  server.RaftServerConfigKeys (ConfUtils.java:logGet(46)) - raft.server.close.threshold = 60s (default)
2024-03-05 10:11:14,678 [main] INFO  server.RaftServerConfigKeys (ConfUtils.java:logGet(46)) - raft.server.leaderelection.leader.step-down.wait-time = 10s (default)
2024-03-05 10:11:14,679 [main] INFO  server.RaftServerConfigKeys (ConfUtils.java:logGet(46)) - raft.server.storage.dir = [/home/runner/work/ozone/ozone/hadoop-ozone/integration-test/target/test-dir/MiniOzoneClusterImpl-58322414-df67-4d64-942a-a0d9644003f2/ozone-meta/datanode-7/ratis] (custom)
2024-03-05 10:11:14,679 [main] INFO  server.RaftServerConfigKeys (ConfUtils.java:logGet(46)) - raft.server.threadpool.proxy.cached = true (default)
2024-03-05 10:11:14,679 [main] INFO  server.RaftServerConfigKeys (ConfUtils.java:logGet(46)) - raft.server.threadpool.proxy.size = 0 (default)
2024-03-05 10:11:14,678 [aca6fe57-e7fe-4059-8fc7-aad793183b33-NettyServerStreamRpc-bossGroup--thread1] INFO  logging.LoggingHandler (AbstractInternalLogger.java:log(148)) - [id: 0x0cdf71da] REGISTERED
2024-03-05 10:11:14,679 [aca6fe57-e7fe-4059-8fc7-aad793183b33-NettyServerStreamRpc-bossGroup--thread1] INFO  logging.LoggingHandler (AbstractInternalLogger.java:log(148)) - [id: 0x0cdf71da] BIND: 0.0.0.0/0.0.0.0:15336
2024-03-05 10:11:14,679 [aca6fe57-e7fe-4059-8fc7-aad793183b33-impl-thread1] INFO  server.RaftServer (RaftServerProxy.java:initGroupDir(264)) - aca6fe57-e7fe-4059-8fc7-aad793183b33: found a subdirectory /home/runner/work/ozone/ozone/hadoop-ozone/integration-test/target/test-dir/MiniOzoneClusterImpl-58322414-df67-4d64-942a-a0d9644003f2/ozone-meta/datanode-7/ratis/tmp
2024-03-05 10:11:14,679 [aca6fe57-e7fe-4059-8fc7-aad793183b33-impl-thread1] INFO  server.RaftServer (RaftServerProxy.java:initGroupDir(269)) - aca6fe57-e7fe-4059-8fc7-aad793183b33: The directory /home/runner/work/ozone/ozone/hadoop-ozone/integration-test/target/test-dir/MiniOzoneClusterImpl-58322414-df67-4d64-942a-a0d9644003f2/ozone-meta/datanode-7/ratis/tmp is not a group directory; ignoring it. 
2024-03-05 10:11:14,679 [aca6fe57-e7fe-4059-8fc7-aad793183b33-NettyServerStreamRpc-bossGroup--thread1] INFO  logging.LoggingHandler (AbstractInternalLogger.java:log(148)) - [id: 0x0cdf71da, L:/0.0.0.0:15336] ACTIVE
2024-03-05 10:11:14,680 [main] INFO  replication.ReplicationServer (ReplicationServer.java:<init>(86)) - Initializing replication server with thread count = 10 queue length = 4096
2024-03-05 10:11:14,681 [main] INFO  server.XceiverServerGrpc (XceiverServerGrpc.java:<init>(141)) - GrpcServer channel type EpollServerSocketChannel
2024-03-05 10:11:14,682 [main] INFO  replication.ReplicationSupervisor (ReplicationSupervisor.java:build(163)) - Initializing replication supervisor with thread count = 10
2024-03-05 10:11:14,682 [main] INFO  replication.ReplicationSupervisor (ReplicationSupervisor.java:nodeStateUpdated(317)) - Node state updated to IN_SERVICE, scaling executor pool size to 10
2024-03-05 10:11:14,683 [main] INFO  http.BaseHttpServer (BaseHttpServer.java:newHttpServer2BuilderForOzone(223)) - Starting Web-server for hddsDatanode at: http://0.0.0.0:15330
2024-03-05 10:11:14,684 [main] INFO  http.BaseHttpServer (BaseHttpServer.java:<init>(110)) - Hadoop Security Enabled: false Ozone Security Enabled: false Ozone HTTP Security Enabled: false 
2024-03-05 10:11:14,686 [main] WARN  server.AuthenticationFilter (AuthenticationFilter.java:constructSecretProvider(240)) - Unable to initialize FileSignerSecretProvider, falling back to use random secrets. Reason: Could not read signature secret file: /home/runner/hadoop-http-auth-signature-secret
2024-03-05 10:11:14,687 [main] INFO  http.HttpRequestLog (HttpRequestLog.java:getRequestLog(86)) - Http request log for http.requests.hddsDatanode is not defined
2024-03-05 10:11:14,688 [main] INFO  http.HttpServer2 (HttpServer2.java:addGlobalFilter(1036)) - Added global filter 'safety' (class=org.apache.hadoop.hdds.server.http.HttpServer2$QuotingInputFilter)
2024-03-05 10:11:14,688 [main] INFO  http.HttpServer2 (HttpServer2.java:addFilter(1012)) - Added filter static_user_filter (class=org.apache.hadoop.http.lib.StaticUserWebFilter$StaticUserFilter) to context hddsDatanode
2024-03-05 10:11:14,688 [main] INFO  http.HttpServer2 (HttpServer2.java:addFilter(1020)) - Added filter static_user_filter (class=org.apache.hadoop.http.lib.StaticUserWebFilter$StaticUserFilter) to context logs
2024-03-05 10:11:14,688 [main] INFO  http.HttpServer2 (HttpServer2.java:addFilter(1020)) - Added filter static_user_filter (class=org.apache.hadoop.http.lib.StaticUserWebFilter$StaticUserFilter) to context static
2024-03-05 10:11:14,689 [main] INFO  http.BaseHttpServer (BaseHttpServer.java:<init>(189)) - HTTP server of hddsDatanode uses base directory /home/runner/work/ozone/ozone/hadoop-ozone/integration-test/target/test-dir/MiniOzoneClusterImpl-58322414-df67-4d64-942a-a0d9644003f2/ozone-meta/datanode-7/meta/webserver
2024-03-05 10:11:14,689 [main] INFO  http.HttpServer2 (HttpServer2.java:bindListener(1236)) - Jetty bound to port 15330
2024-03-05 10:11:14,689 [main] INFO  server.Server (Server.java:doStart(375)) - jetty-9.4.53.v20231009; built: 2023-10-09T12:29:09.265Z; git: 27bde00a0b95a1d5bbee0eae7984f891d2d0f8c9; jvm 1.8.0_402-b06
2024-03-05 10:11:14,690 [main] INFO  server.session (DefaultSessionIdManager.java:doStart(334)) - DefaultSessionIdManager workerName=node0
2024-03-05 10:11:14,690 [main] INFO  server.session (DefaultSessionIdManager.java:doStart(339)) - No SessionScavenger set, using defaults
2024-03-05 10:11:14,692 [main] INFO  server.session (HouseKeeper.java:startScavenging(132)) - node0 Scavenging every 660000ms
2024-03-05 10:11:14,693 [main] INFO  handler.ContextHandler (ContextHandler.java:doStart(921)) - Started o.e.j.s.ServletContextHandler@34f267d0{logs,/logs,file:///home/runner/work/ozone/ozone/hadoop-ozone/integration-test/target/log,AVAILABLE}
2024-03-05 10:11:14,693 [main] INFO  handler.ContextHandler (ContextHandler.java:doStart(921)) - Started o.e.j.s.ServletContextHandler@5526c68c{static,/static,jar:file:/home/runner/.m2/repository/org/apache/ozone/hdds-container-service/1.5.0-SNAPSHOT/hdds-container-service-1.5.0-SNAPSHOT.jar!/webapps/static,AVAILABLE}
2024-03-05 10:11:14,724 [main] INFO  handler.ContextHandler (ContextHandler.java:doStart(921)) - Started o.e.j.w.WebAppContext@49de2e63{hddsDatanode,/,file:///home/runner/work/ozone/ozone/hadoop-ozone/integration-test/target/test-dir/MiniOzoneClusterImpl-58322414-df67-4d64-942a-a0d9644003f2/ozone-meta/datanode-7/meta/webserver/jetty-0_0_0_0-15330-hdds-container-service-1_5_0-SNAPSHOT_jar-_-any-1843164828513674201/webapp/,AVAILABLE}{jar:file:/home/runner/.m2/repository/org/apache/ozone/hdds-container-service/1.5.0-SNAPSHOT/hdds-container-service-1.5.0-SNAPSHOT.jar!/webapps/hddsDatanode}
2024-03-05 10:11:14,726 [main] INFO  server.AbstractConnector (AbstractConnector.java:doStart(333)) - Started ServerConnector@34011195{HTTP/1.1, (http/1.1)}{0.0.0.0:15330}
2024-03-05 10:11:14,727 [main] INFO  server.Server (Server.java:doStart(415)) - Started @110292ms
2024-03-05 10:11:14,727 [main] WARN  impl.MetricsSystemImpl (MetricsSystemImpl.java:register(279)) - Sink prometheus already exists!
2024-03-05 10:11:14,727 [main] INFO  http.BaseHttpServer (BaseHttpServer.java:updateConnectorAddress(354)) - HTTP server of hddsDatanode listening at http://0.0.0.0:15330
2024-03-05 10:11:14,727 [main] INFO  ipc.CallQueueManager (CallQueueManager.java:<init>(90)) - Using callQueue: class java.util.concurrent.LinkedBlockingQueue, queueCapacity: 100, scheduler: class org.apache.hadoop.ipc.DefaultRpcScheduler, ipcBackoff: false.
2024-03-05 10:11:14,728 [main] INFO  ipc.Server (Server.java:<init>(1287)) - Listener at 0.0.0.0:15331
2024-03-05 10:11:14,728 [Socket Reader #1 for port 15331] INFO  ipc.Server (Server.java:run(1323)) - Starting Socket Reader #1 for port 15331
2024-03-05 10:11:14,729 [main] INFO  ozone.HddsDatanodeService (HddsDatanodeService.java:start(327)) - Datanode start with admins: [runner]
2024-03-05 10:11:14,729 [main] INFO  ozone.HddsDatanodeClientProtocolServer (HddsDatanodeClientProtocolServer.java:start(77)) - RPC server for Client /0.0.0.0:15331
2024-03-05 10:11:14,729 [IPC Server Responder] INFO  ipc.Server (Server.java:run(1562)) - IPC Server Responder: starting
2024-03-05 10:11:14,729 [IPC Server listener on 15331] INFO  ipc.Server (Server.java:run(1402)) - IPC Server listener on 15331: starting
2024-03-05 10:11:14,731 [aca6fe57-e7fe-4059-8fc7-aad793183b33-DatanodeStateMachineDaemonThread] INFO  statemachine.DatanodeStateMachine (DatanodeStateMachine.java:lambda$startDaemon$1(555)) - Ozone container server started.
2024-03-05 10:11:14,731 [main] WARN  dropwizard3.Dm3MetricRegistriesImpl (Dm3MetricRegistriesImpl.java:addReporterRegistration(113)) - New reporters are added after registries were created. Some metrics will be missing from the reporter. Please add reporter before adding any new registry.
2024-03-05 10:11:14,732 [main] WARN  dropwizard3.Dm3MetricRegistriesImpl (Dm3MetricRegistriesImpl.java:addReporterRegistration(113)) - New reporters are added after registries were created. Some metrics will be missing from the reporter. Please add reporter before adding any new registry.
2024-03-05 10:11:14,732 [main] INFO  impl.MetricsSystemImpl (MetricsSystemImpl.java:init(158)) - HddsDatanode metrics system started (again)
2024-03-05 10:11:14,734 [aca6fe57-e7fe-4059-8fc7-aad793183b33-DatanodeStateMachineTaskThread-0] INFO  datanode.InitDatanodeState (InitDatanodeState.java:persistContainerDatanodeDetails(139)) - DatanodeDetails is persisted to /home/runner/work/ozone/ozone/hadoop-ozone/integration-test/target/test-dir/MiniOzoneClusterImpl-58322414-df67-4d64-942a-a0d9644003f2/ozone-meta/datanode-7/meta/datanode.id
2024-03-05 10:11:14,742 [main] INFO  ozone.HddsDatanodeService (HddsDatanodeService.java:start(240)) - HddsDatanodeService host:fv-az1018-62.rl0eir1mf1ienctnmugi53kcld.ex.internal.cloudapp.net ip:10.1.0.29
2024-03-05 10:11:14,757 [main] INFO  upgrade.AbstractLayoutVersionManager (AbstractLayoutVersionManager.java:init(83)) - Initializing Layout version manager with metadata layout = HADOOP_PRC_PORTS_IN_DATANODEDETAILS (version = 7), software layout = HADOOP_PRC_PORTS_IN_DATANODEDETAILS (version = 7)
2024-03-05 10:11:14,757 [main] INFO  statemachine.DatanodeStateMachine (DatanodeStateMachine.java:getEndPointTaskThreadPoolSize(299)) - Datanode State Machine Task Thread Pool size 2
2024-03-05 10:11:14,758 [main] INFO  volume.HddsVolume (HddsVolume.java:<init>(125)) - Creating HddsVolume: /home/runner/work/ozone/ozone/hadoop-ozone/integration-test/target/test-dir/MiniOzoneClusterImpl-58322414-df67-4d64-942a-a0d9644003f2/ozone-meta/datanode-8/data-0/hdds of storage type : DISK capacity : 9223372036854775807
2024-03-05 10:11:14,759 [main] INFO  volume.MutableVolumeSet (MutableVolumeSet.java:initializeVolumeSet(173)) - Added Volume : /home/runner/work/ozone/ozone/hadoop-ozone/integration-test/target/test-dir/MiniOzoneClusterImpl-58322414-df67-4d64-942a-a0d9644003f2/ozone-meta/datanode-8/data-0/hdds to VolumeSet
2024-03-05 10:11:14,759 [main] INFO  volume.MutableVolumeSet (MutableVolumeSet.java:initializeVolumeSet(173)) - Added Volume : /home/runner/work/ozone/ozone/hadoop-ozone/integration-test/target/test-dir/MiniOzoneClusterImpl-58322414-df67-4d64-942a-a0d9644003f2/ozone-meta/datanode-8/ratis to VolumeSet
2024-03-05 10:11:14,760 [main] INFO  ozoneimpl.OzoneContainer (HddsVolumeUtil.java:loadAllHddsVolumeDbStore(103)) - Load 1 volumes DbStore cost: 0ms
2024-03-05 10:11:14,761 [main] INFO  server.RaftServer (ConfUtils.java:logGet(46)) - raft.rpc.type = GRPC (default)
2024-03-05 10:11:14,762 [main] INFO  grpc.GrpcConfigKeys (ConfUtils.java:logFallback(53)) - raft.grpc.admin.host = null (fallback to raft.grpc.server.host)
2024-03-05 10:11:14,762 [main] INFO  grpc.GrpcConfigKeys (ConfUtils.java:logGet(46)) - raft.grpc.admin.port = 15343 (custom)
2024-03-05 10:11:14,762 [main] INFO  grpc.GrpcConfigKeys (ConfUtils.java:logFallback(53)) - raft.grpc.client.host = null (fallback to raft.grpc.server.host)
2024-03-05 10:11:14,762 [main] INFO  grpc.GrpcConfigKeys (ConfUtils.java:logGet(46)) - raft.grpc.client.port = 15342 (custom)
2024-03-05 10:11:14,762 [main] INFO  grpc.GrpcConfigKeys (ConfUtils.java:logGet(46)) - raft.grpc.server.host = null (default)
2024-03-05 10:11:14,763 [main] INFO  grpc.GrpcConfigKeys (ConfUtils.java:logGet(46)) - raft.grpc.server.port = 15344 (custom)
2024-03-05 10:11:14,763 [main] INFO  server.GrpcService (ConfUtils.java:logGet(46)) - raft.grpc.message.size.max = 32MB (=33554432) (custom)
2024-03-05 10:11:14,763 [main] INFO  server.RaftServerConfigKeys (ConfUtils.java:logGet(46)) - raft.server.log.appender.buffer.byte-limit = 8388608 (custom)
2024-03-05 10:11:14,763 [main] INFO  server.GrpcService (ConfUtils.java:logGet(46)) - raft.grpc.flow.control.window = 5MB (=5242880) (custom)
2024-03-05 10:11:14,763 [main] INFO  server.RaftServerConfigKeys (ConfUtils.java:logGet(46)) - raft.server.rpc.request.timeout = 3000ms (default)
2024-03-05 10:11:14,763 [main] INFO  grpc.GrpcConfigKeys (ConfUtils.java:logGet(46)) - raft.grpc.server.heartbeat.channel = true (default)
2024-03-05 10:11:14,763 [main] INFO  grpc.GrpcConfigKeys (ConfUtils.java:logGet(46)) - raft.grpc.server.async.request.thread.pool.cached = true (default)
2024-03-05 10:11:14,764 [main] INFO  grpc.GrpcConfigKeys (ConfUtils.java:logGet(46)) - raft.grpc.server.async.request.thread.pool.size = 32 (default)
2024-03-05 10:11:14,765 [main] INFO  impl.DataStreamServerImpl (ConfUtils.java:logGet(46)) - raft.datastream.type = NETTY (custom)
2024-03-05 10:11:14,765 [main] INFO  server.RaftServerConfigKeys (ConfUtils.java:logGet(46)) - raft.server.data-stream.async.request.thread.pool.cached = false (default)
2024-03-05 10:11:14,766 [main] INFO  server.RaftServerConfigKeys (ConfUtils.java:logGet(46)) - raft.server.data-stream.async.request.thread.pool.size = 20 (custom)
2024-03-05 10:11:14,766 [main] INFO  server.RaftServerConfigKeys (ConfUtils.java:logGet(46)) - raft.server.data-stream.async.write.thread.pool.size = 16 (default)
2024-03-05 10:11:14,766 [main] INFO  netty.NettyConfigKeys$DataStream (ConfUtils.java:logGet(46)) - raft.netty.dataStream.server.channel.inactive.grace-period = 10min (default)
2024-03-05 10:11:14,766 [main] INFO  server.RaftServerConfigKeys (ConfUtils.java:logGet(46)) - raft.server.data-stream.client.pool.size = 10 (default)
2024-03-05 10:11:14,766 [main] INFO  netty.NettyConfigKeys$DataStream (ConfUtils.java:logGet(46)) - raft.netty.dataStream.server.use-epoll = true (default)
2024-03-05 10:11:14,766 [main] INFO  netty.NettyConfigKeys$DataStream (ConfUtils.java:logGet(46)) - raft.netty.dataStream.server.boss-group.size = 0 (default)
2024-03-05 10:11:14,766 [main] INFO  netty.NettyUtils (NettyUtils.java:newEventLoopGroup(69)) - Create EpollEventLoopGroup for e7233910-62be-434d-8b50-630853f02a3c-NettyServerStreamRpc-bossGroup; Thread size is 0.
2024-03-05 10:11:14,767 [main] INFO  netty.NettyConfigKeys$DataStream (ConfUtils.java:logGet(46)) - raft.netty.dataStream.server.worker-group.size = 0 (default)
2024-03-05 10:11:14,767 [main] INFO  netty.NettyUtils (NettyUtils.java:newEventLoopGroup(69)) - Create EpollEventLoopGroup for e7233910-62be-434d-8b50-630853f02a3c-NettyServerStreamRpc-workerGroup; Thread size is 0.
2024-03-05 10:11:14,767 [main] INFO  netty.NettyConfigKeys$DataStream (ConfUtils.java:logGet(46)) - raft.netty.dataStream.server.tls.conf = null (default)
2024-03-05 10:11:14,767 [main] INFO  netty.NettyConfigKeys$DataStream (ConfUtils.java:logGet(46)) - raft.netty.dataStream.host = null (default)
2024-03-05 10:11:14,767 [main] INFO  netty.NettyConfigKeys$DataStream (ConfUtils.java:logGet(46)) - raft.netty.dataStream.port = 15345 (custom)
2024-03-05 10:11:14,767 [main] INFO  server.RaftServerConfigKeys (ConfUtils.java:logGet(46)) - raft.server.sleep.deviation.threshold = 300ms (default)
2024-03-05 10:11:14,768 [main] INFO  server.RaftServerConfigKeys (ConfUtils.java:logGet(46)) - raft.server.close.threshold = 60s (default)
2024-03-05 10:11:14,768 [e7233910-62be-434d-8b50-630853f02a3c-NettyServerStreamRpc-bossGroup--thread1] INFO  logging.LoggingHandler (AbstractInternalLogger.java:log(148)) - [id: 0xf7ee5665] REGISTERED
2024-03-05 10:11:14,768 [main] INFO  server.RaftServerConfigKeys (ConfUtils.java:logGet(46)) - raft.server.leaderelection.leader.step-down.wait-time = 10s (default)
2024-03-05 10:11:14,768 [e7233910-62be-434d-8b50-630853f02a3c-NettyServerStreamRpc-bossGroup--thread1] INFO  logging.LoggingHandler (AbstractInternalLogger.java:log(148)) - [id: 0xf7ee5665] BIND: 0.0.0.0/0.0.0.0:15345
2024-03-05 10:11:14,768 [main] INFO  server.RaftServerConfigKeys (ConfUtils.java:logGet(46)) - raft.server.storage.dir = [/home/runner/work/ozone/ozone/hadoop-ozone/integration-test/target/test-dir/MiniOzoneClusterImpl-58322414-df67-4d64-942a-a0d9644003f2/ozone-meta/datanode-8/ratis] (custom)
2024-03-05 10:11:14,768 [e7233910-62be-434d-8b50-630853f02a3c-NettyServerStreamRpc-bossGroup--thread1] INFO  logging.LoggingHandler (AbstractInternalLogger.java:log(148)) - [id: 0xf7ee5665, L:/0.0.0.0:15345] ACTIVE
2024-03-05 10:11:14,768 [main] INFO  server.RaftServerConfigKeys (ConfUtils.java:logGet(46)) - raft.server.threadpool.proxy.cached = true (default)
2024-03-05 10:11:14,768 [main] INFO  server.RaftServerConfigKeys (ConfUtils.java:logGet(46)) - raft.server.threadpool.proxy.size = 0 (default)
2024-03-05 10:11:14,769 [e7233910-62be-434d-8b50-630853f02a3c-impl-thread1] INFO  server.RaftServer (RaftServerProxy.java:initGroupDir(264)) - e7233910-62be-434d-8b50-630853f02a3c: found a subdirectory /home/runner/work/ozone/ozone/hadoop-ozone/integration-test/target/test-dir/MiniOzoneClusterImpl-58322414-df67-4d64-942a-a0d9644003f2/ozone-meta/datanode-8/ratis/tmp
2024-03-05 10:11:14,769 [e7233910-62be-434d-8b50-630853f02a3c-impl-thread1] INFO  server.RaftServer (RaftServerProxy.java:initGroupDir(269)) - e7233910-62be-434d-8b50-630853f02a3c: The directory /home/runner/work/ozone/ozone/hadoop-ozone/integration-test/target/test-dir/MiniOzoneClusterImpl-58322414-df67-4d64-942a-a0d9644003f2/ozone-meta/datanode-8/ratis/tmp is not a group directory; ignoring it. 
2024-03-05 10:11:14,769 [main] INFO  replication.ReplicationServer (ReplicationServer.java:<init>(86)) - Initializing replication server with thread count = 10 queue length = 4096
2024-03-05 10:11:14,769 [main] INFO  server.XceiverServerGrpc (XceiverServerGrpc.java:<init>(141)) - GrpcServer channel type EpollServerSocketChannel
2024-03-05 10:11:14,771 [main] INFO  replication.ReplicationSupervisor (ReplicationSupervisor.java:build(163)) - Initializing replication supervisor with thread count = 10
2024-03-05 10:11:14,771 [main] INFO  replication.ReplicationSupervisor (ReplicationSupervisor.java:nodeStateUpdated(317)) - Node state updated to IN_SERVICE, scaling executor pool size to 10
2024-03-05 10:11:14,772 [main] INFO  http.BaseHttpServer (BaseHttpServer.java:newHttpServer2BuilderForOzone(223)) - Starting Web-server for hddsDatanode at: http://0.0.0.0:15339
2024-03-05 10:11:14,773 [main] INFO  http.BaseHttpServer (BaseHttpServer.java:<init>(110)) - Hadoop Security Enabled: false Ozone Security Enabled: false Ozone HTTP Security Enabled: false 
2024-03-05 10:11:14,773 [main] WARN  server.AuthenticationFilter (AuthenticationFilter.java:constructSecretProvider(240)) - Unable to initialize FileSignerSecretProvider, falling back to use random secrets. Reason: Could not read signature secret file: /home/runner/hadoop-http-auth-signature-secret
2024-03-05 10:11:14,774 [main] INFO  http.HttpRequestLog (HttpRequestLog.java:getRequestLog(86)) - Http request log for http.requests.hddsDatanode is not defined
2024-03-05 10:11:14,775 [main] INFO  http.HttpServer2 (HttpServer2.java:addGlobalFilter(1036)) - Added global filter 'safety' (class=org.apache.hadoop.hdds.server.http.HttpServer2$QuotingInputFilter)
2024-03-05 10:11:14,775 [main] INFO  http.HttpServer2 (HttpServer2.java:addFilter(1012)) - Added filter static_user_filter (class=org.apache.hadoop.http.lib.StaticUserWebFilter$StaticUserFilter) to context hddsDatanode
2024-03-05 10:11:14,775 [main] INFO  http.HttpServer2 (HttpServer2.java:addFilter(1020)) - Added filter static_user_filter (class=org.apache.hadoop.http.lib.StaticUserWebFilter$StaticUserFilter) to context logs
2024-03-05 10:11:14,775 [main] INFO  http.HttpServer2 (HttpServer2.java:addFilter(1020)) - Added filter static_user_filter (class=org.apache.hadoop.http.lib.StaticUserWebFilter$StaticUserFilter) to context static
2024-03-05 10:11:14,776 [main] INFO  http.BaseHttpServer (BaseHttpServer.java:<init>(189)) - HTTP server of hddsDatanode uses base directory /home/runner/work/ozone/ozone/hadoop-ozone/integration-test/target/test-dir/MiniOzoneClusterImpl-58322414-df67-4d64-942a-a0d9644003f2/ozone-meta/datanode-8/meta/webserver
2024-03-05 10:11:14,776 [main] INFO  http.HttpServer2 (HttpServer2.java:bindListener(1236)) - Jetty bound to port 15339
2024-03-05 10:11:14,776 [main] INFO  server.Server (Server.java:doStart(375)) - jetty-9.4.53.v20231009; built: 2023-10-09T12:29:09.265Z; git: 27bde00a0b95a1d5bbee0eae7984f891d2d0f8c9; jvm 1.8.0_402-b06
2024-03-05 10:11:14,782 [main] INFO  server.session (DefaultSessionIdManager.java:doStart(334)) - DefaultSessionIdManager workerName=node0
2024-03-05 10:11:14,782 [main] INFO  server.session (DefaultSessionIdManager.java:doStart(339)) - No SessionScavenger set, using defaults
2024-03-05 10:11:14,782 [main] INFO  server.session (HouseKeeper.java:startScavenging(132)) - node0 Scavenging every 660000ms
2024-03-05 10:11:14,783 [main] INFO  handler.ContextHandler (ContextHandler.java:doStart(921)) - Started o.e.j.s.ServletContextHandler@12f8f720{logs,/logs,file:///home/runner/work/ozone/ozone/hadoop-ozone/integration-test/target/log,AVAILABLE}
2024-03-05 10:11:14,783 [main] INFO  handler.ContextHandler (ContextHandler.java:doStart(921)) - Started o.e.j.s.ServletContextHandler@30e648bc{static,/static,jar:file:/home/runner/.m2/repository/org/apache/ozone/hdds-container-service/1.5.0-SNAPSHOT/hdds-container-service-1.5.0-SNAPSHOT.jar!/webapps/static,AVAILABLE}
2024-03-05 10:11:14,814 [main] INFO  handler.ContextHandler (ContextHandler.java:doStart(921)) - Started o.e.j.w.WebAppContext@77b639e{hddsDatanode,/,file:///home/runner/work/ozone/ozone/hadoop-ozone/integration-test/target/test-dir/MiniOzoneClusterImpl-58322414-df67-4d64-942a-a0d9644003f2/ozone-meta/datanode-8/meta/webserver/jetty-0_0_0_0-15339-hdds-container-service-1_5_0-SNAPSHOT_jar-_-any-5687256411757980670/webapp/,AVAILABLE}{jar:file:/home/runner/.m2/repository/org/apache/ozone/hdds-container-service/1.5.0-SNAPSHOT/hdds-container-service-1.5.0-SNAPSHOT.jar!/webapps/hddsDatanode}
2024-03-05 10:11:14,818 [main] INFO  server.AbstractConnector (AbstractConnector.java:doStart(333)) - Started ServerConnector@689316d8{HTTP/1.1, (http/1.1)}{0.0.0.0:15339}
2024-03-05 10:11:14,818 [main] INFO  server.Server (Server.java:doStart(415)) - Started @110384ms
2024-03-05 10:11:14,819 [main] WARN  impl.MetricsSystemImpl (MetricsSystemImpl.java:register(279)) - Sink prometheus already exists!
2024-03-05 10:11:14,819 [main] INFO  http.BaseHttpServer (BaseHttpServer.java:updateConnectorAddress(354)) - HTTP server of hddsDatanode listening at http://0.0.0.0:15339
2024-03-05 10:11:14,819 [main] INFO  ipc.CallQueueManager (CallQueueManager.java:<init>(90)) - Using callQueue: class java.util.concurrent.LinkedBlockingQueue, queueCapacity: 100, scheduler: class org.apache.hadoop.ipc.DefaultRpcScheduler, ipcBackoff: false.
2024-03-05 10:11:14,820 [main] INFO  ipc.Server (Server.java:<init>(1287)) - Listener at 0.0.0.0:15340
2024-03-05 10:11:14,820 [Socket Reader #1 for port 15340] INFO  ipc.Server (Server.java:run(1323)) - Starting Socket Reader #1 for port 15340
2024-03-05 10:11:14,822 [main] INFO  ozone.HddsDatanodeService (HddsDatanodeService.java:start(327)) - Datanode start with admins: [runner]
2024-03-05 10:11:14,822 [main] INFO  ozone.HddsDatanodeClientProtocolServer (HddsDatanodeClientProtocolServer.java:start(77)) - RPC server for Client /0.0.0.0:15340
2024-03-05 10:11:14,822 [IPC Server Responder] INFO  ipc.Server (Server.java:run(1562)) - IPC Server Responder: starting
2024-03-05 10:11:14,822 [IPC Server listener on 15340] INFO  ipc.Server (Server.java:run(1402)) - IPC Server listener on 15340: starting
2024-03-05 10:11:14,830 [e7233910-62be-434d-8b50-630853f02a3c-DatanodeStateMachineDaemonThread] INFO  statemachine.DatanodeStateMachine (DatanodeStateMachine.java:lambda$startDaemon$1(555)) - Ozone container server started.
2024-03-05 10:11:14,830 [main] WARN  dropwizard3.Dm3MetricRegistriesImpl (Dm3MetricRegistriesImpl.java:addReporterRegistration(113)) - New reporters are added after registries were created. Some metrics will be missing from the reporter. Please add reporter before adding any new registry.
2024-03-05 10:11:14,831 [main] WARN  dropwizard3.Dm3MetricRegistriesImpl (Dm3MetricRegistriesImpl.java:addReporterRegistration(113)) - New reporters are added after registries were created. Some metrics will be missing from the reporter. Please add reporter before adding any new registry.
2024-03-05 10:11:14,831 [main] INFO  impl.MetricsSystemImpl (MetricsSystemImpl.java:init(158)) - HddsDatanode metrics system started (again)
2024-03-05 10:11:14,833 [e7233910-62be-434d-8b50-630853f02a3c-DatanodeStateMachineTaskThread-0] INFO  datanode.InitDatanodeState (InitDatanodeState.java:persistContainerDatanodeDetails(139)) - DatanodeDetails is persisted to /home/runner/work/ozone/ozone/hadoop-ozone/integration-test/target/test-dir/MiniOzoneClusterImpl-58322414-df67-4d64-942a-a0d9644003f2/ozone-meta/datanode-8/meta/datanode.id
2024-03-05 10:11:14,842 [main] INFO  ozone.HddsDatanodeService (HddsDatanodeService.java:start(240)) - HddsDatanodeService host:fv-az1018-62.rl0eir1mf1ienctnmugi53kcld.ex.internal.cloudapp.net ip:10.1.0.29
2024-03-05 10:11:14,858 [main] INFO  upgrade.AbstractLayoutVersionManager (AbstractLayoutVersionManager.java:init(83)) - Initializing Layout version manager with metadata layout = HADOOP_PRC_PORTS_IN_DATANODEDETAILS (version = 7), software layout = HADOOP_PRC_PORTS_IN_DATANODEDETAILS (version = 7)
2024-03-05 10:11:14,859 [main] INFO  statemachine.DatanodeStateMachine (DatanodeStateMachine.java:getEndPointTaskThreadPoolSize(299)) - Datanode State Machine Task Thread Pool size 2
2024-03-05 10:11:14,859 [main] INFO  volume.HddsVolume (HddsVolume.java:<init>(125)) - Creating HddsVolume: /home/runner/work/ozone/ozone/hadoop-ozone/integration-test/target/test-dir/MiniOzoneClusterImpl-58322414-df67-4d64-942a-a0d9644003f2/ozone-meta/datanode-9/data-0/hdds of storage type : DISK capacity : 9223372036854775807
2024-03-05 10:11:14,860 [main] INFO  volume.MutableVolumeSet (MutableVolumeSet.java:initializeVolumeSet(173)) - Added Volume : /home/runner/work/ozone/ozone/hadoop-ozone/integration-test/target/test-dir/MiniOzoneClusterImpl-58322414-df67-4d64-942a-a0d9644003f2/ozone-meta/datanode-9/data-0/hdds to VolumeSet
2024-03-05 10:11:14,860 [main] INFO  volume.MutableVolumeSet (MutableVolumeSet.java:initializeVolumeSet(173)) - Added Volume : /home/runner/work/ozone/ozone/hadoop-ozone/integration-test/target/test-dir/MiniOzoneClusterImpl-58322414-df67-4d64-942a-a0d9644003f2/ozone-meta/datanode-9/ratis to VolumeSet
2024-03-05 10:11:14,863 [main] INFO  ozoneimpl.OzoneContainer (HddsVolumeUtil.java:loadAllHddsVolumeDbStore(103)) - Load 1 volumes DbStore cost: 3ms
2024-03-05 10:11:14,865 [main] INFO  server.RaftServer (ConfUtils.java:logGet(46)) - raft.rpc.type = GRPC (default)
2024-03-05 10:11:14,865 [main] INFO  grpc.GrpcConfigKeys (ConfUtils.java:logFallback(53)) - raft.grpc.admin.host = null (fallback to raft.grpc.server.host)
2024-03-05 10:11:14,865 [main] INFO  grpc.GrpcConfigKeys (ConfUtils.java:logGet(46)) - raft.grpc.admin.port = 15352 (custom)
2024-03-05 10:11:14,865 [main] INFO  grpc.GrpcConfigKeys (ConfUtils.java:logFallback(53)) - raft.grpc.client.host = null (fallback to raft.grpc.server.host)
2024-03-05 10:11:14,866 [main] INFO  grpc.GrpcConfigKeys (ConfUtils.java:logGet(46)) - raft.grpc.client.port = 15351 (custom)
2024-03-05 10:11:14,866 [main] INFO  grpc.GrpcConfigKeys (ConfUtils.java:logGet(46)) - raft.grpc.server.host = null (default)
2024-03-05 10:11:14,866 [main] INFO  grpc.GrpcConfigKeys (ConfUtils.java:logGet(46)) - raft.grpc.server.port = 15353 (custom)
2024-03-05 10:11:14,866 [main] INFO  server.GrpcService (ConfUtils.java:logGet(46)) - raft.grpc.message.size.max = 32MB (=33554432) (custom)
2024-03-05 10:11:14,866 [main] INFO  server.RaftServerConfigKeys (ConfUtils.java:logGet(46)) - raft.server.log.appender.buffer.byte-limit = 8388608 (custom)
2024-03-05 10:11:14,866 [main] INFO  server.GrpcService (ConfUtils.java:logGet(46)) - raft.grpc.flow.control.window = 5MB (=5242880) (custom)
2024-03-05 10:11:14,867 [main] INFO  server.RaftServerConfigKeys (ConfUtils.java:logGet(46)) - raft.server.rpc.request.timeout = 3000ms (default)
2024-03-05 10:11:14,867 [main] INFO  grpc.GrpcConfigKeys (ConfUtils.java:logGet(46)) - raft.grpc.server.heartbeat.channel = true (default)
2024-03-05 10:11:14,867 [main] INFO  grpc.GrpcConfigKeys (ConfUtils.java:logGet(46)) - raft.grpc.server.async.request.thread.pool.cached = true (default)
2024-03-05 10:11:14,867 [main] INFO  grpc.GrpcConfigKeys (ConfUtils.java:logGet(46)) - raft.grpc.server.async.request.thread.pool.size = 32 (default)
2024-03-05 10:11:14,869 [main] INFO  impl.DataStreamServerImpl (ConfUtils.java:logGet(46)) - raft.datastream.type = NETTY (custom)
2024-03-05 10:11:14,869 [main] INFO  server.RaftServerConfigKeys (ConfUtils.java:logGet(46)) - raft.server.data-stream.async.request.thread.pool.cached = false (default)
2024-03-05 10:11:14,869 [main] INFO  server.RaftServerConfigKeys (ConfUtils.java:logGet(46)) - raft.server.data-stream.async.request.thread.pool.size = 20 (custom)
2024-03-05 10:11:14,869 [main] INFO  server.RaftServerConfigKeys (ConfUtils.java:logGet(46)) - raft.server.data-stream.async.write.thread.pool.size = 16 (default)
2024-03-05 10:11:14,870 [main] INFO  netty.NettyConfigKeys$DataStream (ConfUtils.java:logGet(46)) - raft.netty.dataStream.server.channel.inactive.grace-period = 10min (default)
2024-03-05 10:11:14,870 [main] INFO  server.RaftServerConfigKeys (ConfUtils.java:logGet(46)) - raft.server.data-stream.client.pool.size = 10 (default)
2024-03-05 10:11:14,870 [main] INFO  netty.NettyConfigKeys$DataStream (ConfUtils.java:logGet(46)) - raft.netty.dataStream.server.use-epoll = true (default)
2024-03-05 10:11:14,870 [main] INFO  netty.NettyConfigKeys$DataStream (ConfUtils.java:logGet(46)) - raft.netty.dataStream.server.boss-group.size = 0 (default)
2024-03-05 10:11:14,870 [main] INFO  netty.NettyUtils (NettyUtils.java:newEventLoopGroup(69)) - Create EpollEventLoopGroup for deb5d253-51cb-42bf-a345-825603079b10-NettyServerStreamRpc-bossGroup; Thread size is 0.
2024-03-05 10:11:14,871 [main] INFO  netty.NettyConfigKeys$DataStream (ConfUtils.java:logGet(46)) - raft.netty.dataStream.server.worker-group.size = 0 (default)
2024-03-05 10:11:14,871 [main] INFO  netty.NettyUtils (NettyUtils.java:newEventLoopGroup(69)) - Create EpollEventLoopGroup for deb5d253-51cb-42bf-a345-825603079b10-NettyServerStreamRpc-workerGroup; Thread size is 0.
2024-03-05 10:11:14,871 [main] INFO  netty.NettyConfigKeys$DataStream (ConfUtils.java:logGet(46)) - raft.netty.dataStream.server.tls.conf = null (default)
2024-03-05 10:11:14,871 [main] INFO  netty.NettyConfigKeys$DataStream (ConfUtils.java:logGet(46)) - raft.netty.dataStream.host = null (default)
2024-03-05 10:11:14,871 [main] INFO  netty.NettyConfigKeys$DataStream (ConfUtils.java:logGet(46)) - raft.netty.dataStream.port = 15354 (custom)
2024-03-05 10:11:14,872 [main] INFO  server.RaftServerConfigKeys (ConfUtils.java:logGet(46)) - raft.server.sleep.deviation.threshold = 300ms (default)
2024-03-05 10:11:14,872 [main] INFO  server.RaftServerConfigKeys (ConfUtils.java:logGet(46)) - raft.server.close.threshold = 60s (default)
2024-03-05 10:11:14,872 [deb5d253-51cb-42bf-a345-825603079b10-NettyServerStreamRpc-bossGroup--thread1] INFO  logging.LoggingHandler (AbstractInternalLogger.java:log(148)) - [id: 0xe71c31b9] REGISTERED
2024-03-05 10:11:14,872 [main] INFO  server.RaftServerConfigKeys (ConfUtils.java:logGet(46)) - raft.server.leaderelection.leader.step-down.wait-time = 10s (default)
2024-03-05 10:11:14,872 [deb5d253-51cb-42bf-a345-825603079b10-NettyServerStreamRpc-bossGroup--thread1] INFO  logging.LoggingHandler (AbstractInternalLogger.java:log(148)) - [id: 0xe71c31b9] BIND: 0.0.0.0/0.0.0.0:15354
2024-03-05 10:11:14,872 [main] INFO  server.RaftServerConfigKeys (ConfUtils.java:logGet(46)) - raft.server.storage.dir = [/home/runner/work/ozone/ozone/hadoop-ozone/integration-test/target/test-dir/MiniOzoneClusterImpl-58322414-df67-4d64-942a-a0d9644003f2/ozone-meta/datanode-9/ratis] (custom)
2024-03-05 10:11:14,873 [deb5d253-51cb-42bf-a345-825603079b10-NettyServerStreamRpc-bossGroup--thread1] INFO  logging.LoggingHandler (AbstractInternalLogger.java:log(148)) - [id: 0xe71c31b9, L:/0.0.0.0:15354] ACTIVE
2024-03-05 10:11:14,873 [main] INFO  server.RaftServerConfigKeys (ConfUtils.java:logGet(46)) - raft.server.threadpool.proxy.cached = true (default)
2024-03-05 10:11:14,873 [main] INFO  server.RaftServerConfigKeys (ConfUtils.java:logGet(46)) - raft.server.threadpool.proxy.size = 0 (default)
2024-03-05 10:11:14,873 [deb5d253-51cb-42bf-a345-825603079b10-impl-thread1] INFO  server.RaftServer (RaftServerProxy.java:initGroupDir(264)) - deb5d253-51cb-42bf-a345-825603079b10: found a subdirectory /home/runner/work/ozone/ozone/hadoop-ozone/integration-test/target/test-dir/MiniOzoneClusterImpl-58322414-df67-4d64-942a-a0d9644003f2/ozone-meta/datanode-9/ratis/tmp
2024-03-05 10:11:14,873 [deb5d253-51cb-42bf-a345-825603079b10-impl-thread1] INFO  server.RaftServer (RaftServerProxy.java:initGroupDir(269)) - deb5d253-51cb-42bf-a345-825603079b10: The directory /home/runner/work/ozone/ozone/hadoop-ozone/integration-test/target/test-dir/MiniOzoneClusterImpl-58322414-df67-4d64-942a-a0d9644003f2/ozone-meta/datanode-9/ratis/tmp is not a group directory; ignoring it. 
2024-03-05 10:11:14,873 [main] INFO  replication.ReplicationServer (ReplicationServer.java:<init>(86)) - Initializing replication server with thread count = 10 queue length = 4096
2024-03-05 10:11:14,874 [main] INFO  server.XceiverServerGrpc (XceiverServerGrpc.java:<init>(141)) - GrpcServer channel type EpollServerSocketChannel
2024-03-05 10:11:14,875 [main] INFO  replication.ReplicationSupervisor (ReplicationSupervisor.java:build(163)) - Initializing replication supervisor with thread count = 10
2024-03-05 10:11:14,875 [main] INFO  replication.ReplicationSupervisor (ReplicationSupervisor.java:nodeStateUpdated(317)) - Node state updated to IN_SERVICE, scaling executor pool size to 10
2024-03-05 10:11:14,876 [main] INFO  http.BaseHttpServer (BaseHttpServer.java:newHttpServer2BuilderForOzone(223)) - Starting Web-server for hddsDatanode at: http://0.0.0.0:15348
2024-03-05 10:11:14,877 [main] INFO  http.BaseHttpServer (BaseHttpServer.java:<init>(110)) - Hadoop Security Enabled: false Ozone Security Enabled: false Ozone HTTP Security Enabled: false 
2024-03-05 10:11:14,877 [main] WARN  server.AuthenticationFilter (AuthenticationFilter.java:constructSecretProvider(240)) - Unable to initialize FileSignerSecretProvider, falling back to use random secrets. Reason: Could not read signature secret file: /home/runner/hadoop-http-auth-signature-secret
2024-03-05 10:11:14,878 [main] INFO  http.HttpRequestLog (HttpRequestLog.java:getRequestLog(86)) - Http request log for http.requests.hddsDatanode is not defined
2024-03-05 10:11:14,878 [main] INFO  http.HttpServer2 (HttpServer2.java:addGlobalFilter(1036)) - Added global filter 'safety' (class=org.apache.hadoop.hdds.server.http.HttpServer2$QuotingInputFilter)
2024-03-05 10:11:14,879 [main] INFO  http.HttpServer2 (HttpServer2.java:addFilter(1012)) - Added filter static_user_filter (class=org.apache.hadoop.http.lib.StaticUserWebFilter$StaticUserFilter) to context hddsDatanode
2024-03-05 10:11:14,879 [main] INFO  http.HttpServer2 (HttpServer2.java:addFilter(1020)) - Added filter static_user_filter (class=org.apache.hadoop.http.lib.StaticUserWebFilter$StaticUserFilter) to context static
2024-03-05 10:11:14,879 [main] INFO  http.HttpServer2 (HttpServer2.java:addFilter(1020)) - Added filter static_user_filter (class=org.apache.hadoop.http.lib.StaticUserWebFilter$StaticUserFilter) to context logs
2024-03-05 10:11:14,879 [main] INFO  http.BaseHttpServer (BaseHttpServer.java:<init>(189)) - HTTP server of hddsDatanode uses base directory /home/runner/work/ozone/ozone/hadoop-ozone/integration-test/target/test-dir/MiniOzoneClusterImpl-58322414-df67-4d64-942a-a0d9644003f2/ozone-meta/datanode-9/meta/webserver
2024-03-05 10:11:14,879 [main] INFO  http.HttpServer2 (HttpServer2.java:bindListener(1236)) - Jetty bound to port 15348
2024-03-05 10:11:14,879 [main] INFO  server.Server (Server.java:doStart(375)) - jetty-9.4.53.v20231009; built: 2023-10-09T12:29:09.265Z; git: 27bde00a0b95a1d5bbee0eae7984f891d2d0f8c9; jvm 1.8.0_402-b06
2024-03-05 10:11:14,880 [main] INFO  server.session (DefaultSessionIdManager.java:doStart(334)) - DefaultSessionIdManager workerName=node0
2024-03-05 10:11:14,880 [main] INFO  server.session (DefaultSessionIdManager.java:doStart(339)) - No SessionScavenger set, using defaults
2024-03-05 10:11:14,881 [main] INFO  server.session (HouseKeeper.java:startScavenging(132)) - node0 Scavenging every 660000ms
2024-03-05 10:11:14,881 [main] INFO  handler.ContextHandler (ContextHandler.java:doStart(921)) - Started o.e.j.s.ServletContextHandler@3c3aa5d7{logs,/logs,file:///home/runner/work/ozone/ozone/hadoop-ozone/integration-test/target/log,AVAILABLE}
2024-03-05 10:11:14,881 [main] INFO  handler.ContextHandler (ContextHandler.java:doStart(921)) - Started o.e.j.s.ServletContextHandler@152334da{static,/static,jar:file:/home/runner/.m2/repository/org/apache/ozone/hdds-container-service/1.5.0-SNAPSHOT/hdds-container-service-1.5.0-SNAPSHOT.jar!/webapps/static,AVAILABLE}
2024-03-05 10:11:14,913 [main] INFO  handler.ContextHandler (ContextHandler.java:doStart(921)) - Started o.e.j.w.WebAppContext@20cef728{hddsDatanode,/,file:///home/runner/work/ozone/ozone/hadoop-ozone/integration-test/target/test-dir/MiniOzoneClusterImpl-58322414-df67-4d64-942a-a0d9644003f2/ozone-meta/datanode-9/meta/webserver/jetty-0_0_0_0-15348-hdds-container-service-1_5_0-SNAPSHOT_jar-_-any-8673680600941075603/webapp/,AVAILABLE}{jar:file:/home/runner/.m2/repository/org/apache/ozone/hdds-container-service/1.5.0-SNAPSHOT/hdds-container-service-1.5.0-SNAPSHOT.jar!/webapps/hddsDatanode}
2024-03-05 10:11:14,914 [main] INFO  server.AbstractConnector (AbstractConnector.java:doStart(333)) - Started ServerConnector@2ce21e28{HTTP/1.1, (http/1.1)}{0.0.0.0:15348}
2024-03-05 10:11:14,914 [main] INFO  server.Server (Server.java:doStart(415)) - Started @110480ms
2024-03-05 10:11:14,914 [main] WARN  impl.MetricsSystemImpl (MetricsSystemImpl.java:register(279)) - Sink prometheus already exists!
2024-03-05 10:11:14,915 [main] INFO  http.BaseHttpServer (BaseHttpServer.java:updateConnectorAddress(354)) - HTTP server of hddsDatanode listening at http://0.0.0.0:15348
2024-03-05 10:11:14,915 [main] INFO  ipc.CallQueueManager (CallQueueManager.java:<init>(90)) - Using callQueue: class java.util.concurrent.LinkedBlockingQueue, queueCapacity: 100, scheduler: class org.apache.hadoop.ipc.DefaultRpcScheduler, ipcBackoff: false.
2024-03-05 10:11:14,915 [main] INFO  ipc.Server (Server.java:<init>(1287)) - Listener at 0.0.0.0:15349
2024-03-05 10:11:14,916 [Socket Reader #1 for port 15349] INFO  ipc.Server (Server.java:run(1323)) - Starting Socket Reader #1 for port 15349
2024-03-05 10:11:14,917 [main] INFO  ozone.HddsDatanodeService (HddsDatanodeService.java:start(327)) - Datanode start with admins: [runner]
2024-03-05 10:11:14,917 [main] INFO  ozone.HddsDatanodeClientProtocolServer (HddsDatanodeClientProtocolServer.java:start(77)) - RPC server for Client /0.0.0.0:15349
2024-03-05 10:11:14,917 [IPC Server Responder] INFO  ipc.Server (Server.java:run(1562)) - IPC Server Responder: starting
2024-03-05 10:11:14,918 [IPC Server listener on 15349] INFO  ipc.Server (Server.java:run(1402)) - IPC Server listener on 15349: starting
2024-03-05 10:11:14,919 [deb5d253-51cb-42bf-a345-825603079b10-DatanodeStateMachineDaemonThread] INFO  statemachine.DatanodeStateMachine (DatanodeStateMachine.java:lambda$startDaemon$1(555)) - Ozone container server started.
2024-03-05 10:11:14,921 [main] INFO  ozone.MiniOzoneClusterImpl (MiniOzoneClusterImpl.java:lambda$waitForClusterToBeReady$0(194)) - Waiting for nodes to be ready. Got 0 of 9 DN Heartbeats.
2024-03-05 10:11:14,922 [main] INFO  ozone.MiniOzoneClusterImpl (MiniOzoneClusterImpl.java:lambda$waitForClusterToBeReady$0(197)) - Waiting for cluster to exit safe mode
2024-03-05 10:11:14,922 [main] INFO  ozone.MiniOzoneClusterImpl (MiniOzoneClusterImpl.java:lambda$waitForClusterToBeReady$0(199)) - SCM became leader
2024-03-05 10:11:14,924 [deb5d253-51cb-42bf-a345-825603079b10-DatanodeStateMachineTaskThread-0] INFO  datanode.InitDatanodeState (InitDatanodeState.java:persistContainerDatanodeDetails(139)) - DatanodeDetails is persisted to /home/runner/work/ozone/ozone/hadoop-ozone/integration-test/target/test-dir/MiniOzoneClusterImpl-58322414-df67-4d64-942a-a0d9644003f2/ozone-meta/datanode-9/meta/datanode.id
2024-03-05 10:11:15,058 [om1@group-C5BA1605619E-FollowerState] INFO  impl.FollowerState (FollowerState.java:run(143)) - om1@group-C5BA1605619E-FollowerState: change to CANDIDATE, lastRpcElapsedTime:1005271379ns, electionTimeout:1003ms
2024-03-05 10:11:15,058 [om1@group-C5BA1605619E-FollowerState] INFO  impl.RoleInfo (RoleInfo.java:shutdownFollowerState(110)) - om1: shutdown om1@group-C5BA1605619E-FollowerState
2024-03-05 10:11:15,058 [om1@group-C5BA1605619E-FollowerState] INFO  server.RaftServer$Division (RaftServerImpl.java:setRole(383)) - om1@group-C5BA1605619E: changes role from  FOLLOWER to CANDIDATE at term 0 for changeToCandidate
2024-03-05 10:11:15,058 [om1@group-C5BA1605619E-FollowerState] INFO  server.RaftServerConfigKeys (ConfUtils.java:logGet(46)) - raft.server.leaderelection.pre-vote = true (default)
2024-03-05 10:11:15,058 [om1@group-C5BA1605619E-FollowerState] INFO  impl.RoleInfo (RoleInfo.java:updateAndGet(139)) - om1: start om1@group-C5BA1605619E-LeaderElection49
2024-03-05 10:11:15,061 [om1@group-C5BA1605619E-LeaderElection49] INFO  impl.LeaderElection (LeaderElection.java:askForVotes(321)) - om1@group-C5BA1605619E-LeaderElection49 PRE_VOTE round 0: submit vote requests at term 0 for -1: peers:[om1|localhost:15274]|listeners:[], old=null
2024-03-05 10:11:15,061 [om1@group-C5BA1605619E-LeaderElection49] INFO  impl.LeaderElection (LeaderElection.java:askForVotes(323)) - om1@group-C5BA1605619E-LeaderElection49 PRE_VOTE round 0: result PASSED (term=0)
2024-03-05 10:11:15,063 [om1@group-C5BA1605619E-LeaderElection49] INFO  impl.LeaderElection (LeaderElection.java:askForVotes(321)) - om1@group-C5BA1605619E-LeaderElection49 ELECTION round 0: submit vote requests at term 1 for -1: peers:[om1|localhost:15274]|listeners:[], old=null
2024-03-05 10:11:15,063 [om1@group-C5BA1605619E-LeaderElection49] INFO  impl.LeaderElection (LeaderElection.java:askForVotes(323)) - om1@group-C5BA1605619E-LeaderElection49 ELECTION round 0: result PASSED (term=1)
2024-03-05 10:11:15,063 [om1@group-C5BA1605619E-LeaderElection49] INFO  impl.RoleInfo (RoleInfo.java:shutdownLeaderElection(130)) - om1: shutdown om1@group-C5BA1605619E-LeaderElection49
2024-03-05 10:11:15,063 [om1@group-C5BA1605619E-LeaderElection49] INFO  server.RaftServer$Division (RaftServerImpl.java:setRole(383)) - om1@group-C5BA1605619E: changes role from CANDIDATE to LEADER at term 1 for changeToLeader
2024-03-05 10:11:15,063 [om1@group-C5BA1605619E-LeaderElection49] INFO  server.RaftServerConfigKeys (ConfUtils.java:logGet(46)) - raft.server.staging.catchup.gap = 1000 (default)
2024-03-05 10:11:15,063 [om1@group-C5BA1605619E-LeaderElection49] INFO  server.RaftServerConfigKeys (ConfUtils.java:logGet(46)) - raft.server.write.element-limit = 4096 (default)
2024-03-05 10:11:15,063 [om1@group-C5BA1605619E-LeaderElection49] INFO  server.RaftServerConfigKeys (ConfUtils.java:logGet(46)) - raft.server.write.byte-limit = 64MB (=67108864) (default)
2024-03-05 10:11:15,063 [om1@group-C5BA1605619E-LeaderElection49] INFO  server.RaftServerConfigKeys (ConfUtils.java:logGet(46)) - raft.server.watch.timeout = 10s (default)
2024-03-05 10:11:15,063 [om1@group-C5BA1605619E-LeaderElection49] INFO  server.RaftServerConfigKeys (ConfUtils.java:logGet(46)) - raft.server.watch.timeout.denomination = 1s (default)
2024-03-05 10:11:15,063 [om1@group-C5BA1605619E-LeaderElection49] INFO  server.RaftServerConfigKeys (ConfUtils.java:logGet(46)) - raft.server.watch.element-limit = 65536 (default)
2024-03-05 10:11:15,063 [om1@group-C5BA1605619E-LeaderElection49] INFO  server.RaftServerConfigKeys (ConfUtils.java:logGet(46)) - raft.server.read.leader.lease.enabled = false (default)
2024-03-05 10:11:15,063 [om1@group-C5BA1605619E-LeaderElection49] INFO  server.RaftServerConfigKeys (ConfUtils.java:logGet(46)) - raft.server.read.leader.lease.timeout.ratio = 0.9 (default)
2024-03-05 10:11:15,063 [om1@group-C5BA1605619E-LeaderElection49] INFO  server.RaftServerConfigKeys (ConfUtils.java:logGet(46)) - raft.server.rpc.timeout.min = 1s (custom)
2024-03-05 10:11:15,063 [om1@group-C5BA1605619E-LeaderElection49] INFO  server.RaftServerConfigKeys (ConfUtils.java:logGet(46)) - raft.server.write.element-limit = 4096 (default)
2024-03-05 10:11:15,064 [om1@group-C5BA1605619E-LeaderElection49] INFO  server.RaftServerConfigKeys (ConfUtils.java:logGet(46)) - raft.server.write.follower.gap.ratio.max = -1.0 (default)
2024-03-05 10:11:15,064 [om1@group-C5BA1605619E-LeaderElection49] INFO  impl.RoleInfo (RoleInfo.java:updateAndGet(139)) - om1: start om1@group-C5BA1605619E-LeaderStateImpl
2024-03-05 10:11:15,064 [om1@group-C5BA1605619E-LeaderElection49] INFO  server.RaftServer$Division (RaftServerImpl.java:setFirstElection(574)) - om1@group-C5BA1605619E: set firstElectionSinceStartup to false for becomeLeader
2024-03-05 10:11:15,064 [om1@group-C5BA1605619E-LeaderElection49] INFO  server.RaftServer$Division (ServerState.java:setLeader(269)) - om1@group-C5BA1605619E: change Leader from null to om1 at term 1 for becomeLeader, leader elected after 1234ms
2024-03-05 10:11:15,064 [om1@group-C5BA1605619E-LeaderElection49] INFO  segmented.SegmentedRaftLogWorker (SegmentedRaftLogWorker.java:startLogSegment(430)) - om1@group-C5BA1605619E-SegmentedRaftLogWorker: Starting segment from index:0
2024-03-05 10:11:15,066 [om1@group-C5BA1605619E-LeaderElection49] INFO  server.RaftServer$Division (ServerState.java:setRaftConf(386)) - om1@group-C5BA1605619E: set configuration 0: peers:[om1|localhost:15274]|listeners:[], old=null
2024-03-05 10:11:15,066 [om1@group-C5BA1605619E-SegmentedRaftLogWorker] INFO  segmented.BufferedWriteChannel (BufferedWriteChannel.java:open(62)) - open log_inprogress_0 at position 0
2024-03-05 10:11:15,074 [om1@group-C5BA1605619E-SegmentedRaftLogWorker] INFO  segmented.SegmentedRaftLogWorker (SegmentedRaftLogWorker.java:execute(634)) - om1@group-C5BA1605619E-SegmentedRaftLogWorker: created new log segment /home/runner/work/ozone/ozone/hadoop-ozone/integration-test/target/test-dir/MiniOzoneClusterImpl-58322414-df67-4d64-942a-a0d9644003f2/ozone-meta/ratis/bf265839-605b-3f16-9796-c5ba1605619e/current/log_inprogress_0
2024-03-05 10:11:15,075 [om1@group-C5BA1605619E-StateMachineUpdater] INFO  ratis.OzoneManagerStateMachine (OzoneManagerStateMachine.java:notifyConfigurationChanged(198)) - Received Configuration change notification from Ratis. New Peer list:
[id: "om1"
address: "localhost:15274"
startupRole: FOLLOWER
]
2024-03-05 10:11:15,075 [om1@group-C5BA1605619E-StateMachineUpdater] INFO  server.RaftServer$Division (LeaderStateImpl.java:isApplied(320)) - leader is ready since appliedIndex == 0 >= startIndex == 0
2024-03-05 10:11:15,278 [timer6] WARN  server.GrpcLogAppender (LogUtils.java:warn(121)) - 405d694d-9508-48e8-93fc-81c09e61c9dd@group-C62C0DB1A435->ae31565f-c354-431f-85da-4b7a306e8351-AppendLogResponseHandler: Failed appendEntries (Repeated 2 times in the last 5.000s): org.apache.ratis.thirdparty.io.grpc.StatusRuntimeException: CANCELLED: RST_STREAM closed stream. HTTP/2 error code: CANCEL
2024-03-05 10:11:15,279 [timer7] WARN  server.GrpcLogAppender (GrpcLogAppender.java:lambda$resetClient$1(217)) - 405d694d-9508-48e8-93fc-81c09e61c9dd@group-C62C0DB1A435->ae31565f-c354-431f-85da-4b7a306e8351-GrpcLogAppender: Follower failed (request=null, errorCount=2); keep nextIndex (1) unchanged and retry. (Repeated 2 times in the last 5.000s)
2024-03-05 10:11:15,922 [main] INFO  ozone.MiniOzoneClusterImpl (MiniOzoneClusterImpl.java:lambda$waitForClusterToBeReady$0(194)) - Waiting for nodes to be ready. Got 0 of 9 DN Heartbeats.
2024-03-05 10:11:15,922 [main] INFO  ozone.MiniOzoneClusterImpl (MiniOzoneClusterImpl.java:lambda$waitForClusterToBeReady$0(197)) - Waiting for cluster to exit safe mode
2024-03-05 10:11:15,922 [main] INFO  ozone.MiniOzoneClusterImpl (MiniOzoneClusterImpl.java:lambda$waitForClusterToBeReady$0(199)) - SCM became leader
2024-03-05 10:11:16,203 [96c5040e-cdea-4ff5-b94a-979666270d21-EndpointStateMachineTaskThread-/0.0.0.0:15269-0 ] INFO  utils.DatanodeStoreCache (DatanodeStoreCache.java:addDB(72)) - Added db /home/runner/work/ozone/ozone/hadoop-ozone/integration-test/target/test-dir/MiniOzoneClusterImpl-58322414-df67-4d64-942a-a0d9644003f2/ozone-meta/datanode-1/data-0/hdds/58322414-df67-4d64-942a-a0d9644003f2/DS-b0b90441-f085-4072-95f0-e2a27e2344d7/container.db to cache
2024-03-05 10:11:16,203 [96c5040e-cdea-4ff5-b94a-979666270d21-EndpointStateMachineTaskThread-/0.0.0.0:15269-0 ] INFO  volume.HddsVolume (HddsVolume.java:createDbStore(420)) - SchemaV3 db is created and loaded at /home/runner/work/ozone/ozone/hadoop-ozone/integration-test/target/test-dir/MiniOzoneClusterImpl-58322414-df67-4d64-942a-a0d9644003f2/ozone-meta/datanode-1/data-0/hdds/58322414-df67-4d64-942a-a0d9644003f2/DS-b0b90441-f085-4072-95f0-e2a27e2344d7/container.db for volume DS-b0b90441-f085-4072-95f0-e2a27e2344d7
2024-03-05 10:11:16,205 [96c5040e-cdea-4ff5-b94a-979666270d21-ContainerReader-0] INFO  ozoneimpl.ContainerReader (ContainerReader.java:readVolume(148)) - Start to verify containers on volume /home/runner/work/ozone/ozone/hadoop-ozone/integration-test/target/test-dir/MiniOzoneClusterImpl-58322414-df67-4d64-942a-a0d9644003f2/ozone-meta/datanode-1/data-0/hdds
2024-03-05 10:11:16,205 [96c5040e-cdea-4ff5-b94a-979666270d21-ContainerReader-0] INFO  ozoneimpl.ContainerReader (ContainerReader.java:readVolume(178)) - Finish verifying containers on volume /home/runner/work/ozone/ozone/hadoop-ozone/integration-test/target/test-dir/MiniOzoneClusterImpl-58322414-df67-4d64-942a-a0d9644003f2/ozone-meta/datanode-1/data-0/hdds
2024-03-05 10:11:16,205 [96c5040e-cdea-4ff5-b94a-979666270d21-EndpointStateMachineTaskThread-/0.0.0.0:15269-0 ] INFO  ozoneimpl.OzoneContainer (OzoneContainer.java:buildContainerSet(328)) - Build ContainerSet costs 0s
2024-03-05 10:11:16,205 [96c5040e-cdea-4ff5-b94a-979666270d21-EndpointStateMachineTaskThread-/0.0.0.0:15269-0 ] INFO  volume.ThrottledAsyncChecker (ThrottledAsyncChecker.java:schedule(141)) - Scheduling a check for /home/runner/work/ozone/ozone/hadoop-ozone/integration-test/target/test-dir/MiniOzoneClusterImpl-58322414-df67-4d64-942a-a0d9644003f2/ozone-meta/datanode-1/data-0/hdds
2024-03-05 10:11:16,205 [96c5040e-cdea-4ff5-b94a-979666270d21-EndpointStateMachineTaskThread-/0.0.0.0:15269-0 ] INFO  volume.StorageVolumeChecker (StorageVolumeChecker.java:checkAllVolumes(218)) - Scheduled health check for volume /home/runner/work/ozone/ozone/hadoop-ozone/integration-test/target/test-dir/MiniOzoneClusterImpl-58322414-df67-4d64-942a-a0d9644003f2/ozone-meta/datanode-1/data-0/hdds
2024-03-05 10:11:16,206 [96c5040e-cdea-4ff5-b94a-979666270d21-EndpointStateMachineTaskThread-/0.0.0.0:15269-0 ] INFO  volume.ThrottledAsyncChecker (ThrottledAsyncChecker.java:schedule(141)) - Scheduling a check for /home/runner/work/ozone/ozone/hadoop-ozone/integration-test/target/test-dir/MiniOzoneClusterImpl-58322414-df67-4d64-942a-a0d9644003f2/ozone-meta/datanode-1/ratis
2024-03-05 10:11:16,206 [96c5040e-cdea-4ff5-b94a-979666270d21-EndpointStateMachineTaskThread-/0.0.0.0:15269-0 ] INFO  volume.StorageVolumeChecker (StorageVolumeChecker.java:checkAllVolumes(218)) - Scheduled health check for volume /home/runner/work/ozone/ozone/hadoop-ozone/integration-test/target/test-dir/MiniOzoneClusterImpl-58322414-df67-4d64-942a-a0d9644003f2/ozone-meta/datanode-1/ratis
2024-03-05 10:11:16,207 [96c5040e-cdea-4ff5-b94a-979666270d21-EndpointStateMachineTaskThread-/0.0.0.0:15269-0 ] INFO  ozoneimpl.OzoneContainer (OzoneContainer.java:start(459)) - Attempting to start container services.
2024-03-05 10:11:16,207 [96c5040e-cdea-4ff5-b94a-979666270d21-EndpointStateMachineTaskThread-/0.0.0.0:15269-0 ] INFO  ozoneimpl.OzoneContainer (OzoneContainer.java:startContainerScrub(339)) - Scheduled background container scanners and the on-demand container scanner have been disabled.
2024-03-05 10:11:16,208 [96c5040e-cdea-4ff5-b94a-979666270d21-EndpointStateMachineTaskThread-/0.0.0.0:15269-0 ] INFO  replication.ReplicationServer (ReplicationServer.java:start(142)) - ReplicationServer is started using port 15283
2024-03-05 10:11:16,208 [96c5040e-cdea-4ff5-b94a-979666270d21-EndpointStateMachineTaskThread-/0.0.0.0:15269-0 ] INFO  ratis.XceiverServerRatis (XceiverServerRatis.java:start(566)) - Starting XceiverServerRatis 96c5040e-cdea-4ff5-b94a-979666270d21
2024-03-05 10:11:16,208 [96c5040e-cdea-4ff5-b94a-979666270d21-EndpointStateMachineTaskThread-/0.0.0.0:15269-0 ] INFO  server.RaftServer (RaftServerProxy.java:startImpl(406)) - 96c5040e-cdea-4ff5-b94a-979666270d21: start RPC server
2024-03-05 10:11:16,208 [96c5040e-cdea-4ff5-b94a-979666270d21-EndpointStateMachineTaskThread-/0.0.0.0:15269-0 ] INFO  server.GrpcService (GrpcService.java:startImpl(302)) - 96c5040e-cdea-4ff5-b94a-979666270d21: GrpcService started, listening on 15279
2024-03-05 10:11:16,209 [96c5040e-cdea-4ff5-b94a-979666270d21-EndpointStateMachineTaskThread-/0.0.0.0:15269-0 ] INFO  server.GrpcService (GrpcService.java:startImpl(302)) - 96c5040e-cdea-4ff5-b94a-979666270d21: GrpcService started, listening on 15281
2024-03-05 10:11:16,209 [96c5040e-cdea-4ff5-b94a-979666270d21-EndpointStateMachineTaskThread-/0.0.0.0:15269-0 ] INFO  server.GrpcService (GrpcService.java:startImpl(302)) - 96c5040e-cdea-4ff5-b94a-979666270d21: GrpcService started, listening on 15280
2024-03-05 10:11:16,209 [96c5040e-cdea-4ff5-b94a-979666270d21-EndpointStateMachineTaskThread-/0.0.0.0:15269-0 ] INFO  ratis.XceiverServerRatis (XceiverServerRatis.java:getRealPort(592)) - XceiverServerRatis 96c5040e-cdea-4ff5-b94a-979666270d21 is started using port 15279 for RATIS
2024-03-05 10:11:16,209 [JvmPauseMonitor35] INFO  util.JvmPauseMonitor (JvmPauseMonitor.java:run(146)) - JvmPauseMonitor-96c5040e-cdea-4ff5-b94a-979666270d21: Started
2024-03-05 10:11:16,209 [96c5040e-cdea-4ff5-b94a-979666270d21-EndpointStateMachineTaskThread-/0.0.0.0:15269-0 ] INFO  ratis.XceiverServerRatis (XceiverServerRatis.java:getRealPort(592)) - XceiverServerRatis 96c5040e-cdea-4ff5-b94a-979666270d21 is started using port 15280 for RATIS_ADMIN
2024-03-05 10:11:16,209 [96c5040e-cdea-4ff5-b94a-979666270d21-EndpointStateMachineTaskThread-/0.0.0.0:15269-0 ] INFO  ratis.XceiverServerRatis (XceiverServerRatis.java:getRealPort(592)) - XceiverServerRatis 96c5040e-cdea-4ff5-b94a-979666270d21 is started using port 15281 for RATIS_SERVER
2024-03-05 10:11:16,209 [96c5040e-cdea-4ff5-b94a-979666270d21-EndpointStateMachineTaskThread-/0.0.0.0:15269-0 ] INFO  ratis.XceiverServerRatis (XceiverServerRatis.java:getRealPort(592)) - XceiverServerRatis 96c5040e-cdea-4ff5-b94a-979666270d21 is started using port 15282 for RATIS_DATASTREAM
2024-03-05 10:11:16,210 [96c5040e-cdea-4ff5-b94a-979666270d21-BlockDeletingService#0] INFO  interfaces.ContainerDeletionChoosingPolicyTemplate (ContainerDeletionChoosingPolicyTemplate.java:chooseContainerForBlockDeletion(85)) - Chosen 0/5000 blocks from 0 candidate containers.
2024-03-05 10:11:16,280 [40c6403c-e697-43dc-b480-ae867bb88e33-EndpointStateMachineTaskThread-/0.0.0.0:15269-0 ] INFO  utils.DatanodeStoreCache (DatanodeStoreCache.java:addDB(72)) - Added db /home/runner/work/ozone/ozone/hadoop-ozone/integration-test/target/test-dir/MiniOzoneClusterImpl-58322414-df67-4d64-942a-a0d9644003f2/ozone-meta/datanode-2/data-0/hdds/58322414-df67-4d64-942a-a0d9644003f2/DS-12c40230-dbe8-4087-936e-7de453bb3c77/container.db to cache
2024-03-05 10:11:16,281 [40c6403c-e697-43dc-b480-ae867bb88e33-EndpointStateMachineTaskThread-/0.0.0.0:15269-0 ] INFO  volume.HddsVolume (HddsVolume.java:createDbStore(420)) - SchemaV3 db is created and loaded at /home/runner/work/ozone/ozone/hadoop-ozone/integration-test/target/test-dir/MiniOzoneClusterImpl-58322414-df67-4d64-942a-a0d9644003f2/ozone-meta/datanode-2/data-0/hdds/58322414-df67-4d64-942a-a0d9644003f2/DS-12c40230-dbe8-4087-936e-7de453bb3c77/container.db for volume DS-12c40230-dbe8-4087-936e-7de453bb3c77
2024-03-05 10:11:16,282 [40c6403c-e697-43dc-b480-ae867bb88e33-ContainerReader-0] INFO  ozoneimpl.ContainerReader (ContainerReader.java:readVolume(148)) - Start to verify containers on volume /home/runner/work/ozone/ozone/hadoop-ozone/integration-test/target/test-dir/MiniOzoneClusterImpl-58322414-df67-4d64-942a-a0d9644003f2/ozone-meta/datanode-2/data-0/hdds
2024-03-05 10:11:16,282 [40c6403c-e697-43dc-b480-ae867bb88e33-ContainerReader-0] INFO  ozoneimpl.ContainerReader (ContainerReader.java:readVolume(178)) - Finish verifying containers on volume /home/runner/work/ozone/ozone/hadoop-ozone/integration-test/target/test-dir/MiniOzoneClusterImpl-58322414-df67-4d64-942a-a0d9644003f2/ozone-meta/datanode-2/data-0/hdds
2024-03-05 10:11:16,282 [40c6403c-e697-43dc-b480-ae867bb88e33-EndpointStateMachineTaskThread-/0.0.0.0:15269-0 ] INFO  ozoneimpl.OzoneContainer (OzoneContainer.java:buildContainerSet(328)) - Build ContainerSet costs 0s
2024-03-05 10:11:16,282 [40c6403c-e697-43dc-b480-ae867bb88e33-EndpointStateMachineTaskThread-/0.0.0.0:15269-0 ] INFO  volume.ThrottledAsyncChecker (ThrottledAsyncChecker.java:schedule(141)) - Scheduling a check for /home/runner/work/ozone/ozone/hadoop-ozone/integration-test/target/test-dir/MiniOzoneClusterImpl-58322414-df67-4d64-942a-a0d9644003f2/ozone-meta/datanode-2/data-0/hdds
2024-03-05 10:11:16,283 [40c6403c-e697-43dc-b480-ae867bb88e33-EndpointStateMachineTaskThread-/0.0.0.0:15269-0 ] INFO  volume.StorageVolumeChecker (StorageVolumeChecker.java:checkAllVolumes(218)) - Scheduled health check for volume /home/runner/work/ozone/ozone/hadoop-ozone/integration-test/target/test-dir/MiniOzoneClusterImpl-58322414-df67-4d64-942a-a0d9644003f2/ozone-meta/datanode-2/data-0/hdds
2024-03-05 10:11:16,284 [40c6403c-e697-43dc-b480-ae867bb88e33-EndpointStateMachineTaskThread-/0.0.0.0:15269-0 ] INFO  volume.ThrottledAsyncChecker (ThrottledAsyncChecker.java:schedule(141)) - Scheduling a check for /home/runner/work/ozone/ozone/hadoop-ozone/integration-test/target/test-dir/MiniOzoneClusterImpl-58322414-df67-4d64-942a-a0d9644003f2/ozone-meta/datanode-2/ratis
2024-03-05 10:11:16,284 [40c6403c-e697-43dc-b480-ae867bb88e33-EndpointStateMachineTaskThread-/0.0.0.0:15269-0 ] INFO  volume.StorageVolumeChecker (StorageVolumeChecker.java:checkAllVolumes(218)) - Scheduled health check for volume /home/runner/work/ozone/ozone/hadoop-ozone/integration-test/target/test-dir/MiniOzoneClusterImpl-58322414-df67-4d64-942a-a0d9644003f2/ozone-meta/datanode-2/ratis
2024-03-05 10:11:16,285 [40c6403c-e697-43dc-b480-ae867bb88e33-EndpointStateMachineTaskThread-/0.0.0.0:15269-0 ] INFO  ozoneimpl.OzoneContainer (OzoneContainer.java:start(459)) - Attempting to start container services.
2024-03-05 10:11:16,285 [40c6403c-e697-43dc-b480-ae867bb88e33-EndpointStateMachineTaskThread-/0.0.0.0:15269-0 ] INFO  ozoneimpl.OzoneContainer (OzoneContainer.java:startContainerScrub(339)) - Scheduled background container scanners and the on-demand container scanner have been disabled.
2024-03-05 10:11:16,285 [40c6403c-e697-43dc-b480-ae867bb88e33-EndpointStateMachineTaskThread-/0.0.0.0:15269-0 ] INFO  replication.ReplicationServer (ReplicationServer.java:start(142)) - ReplicationServer is started using port 15292
2024-03-05 10:11:16,285 [40c6403c-e697-43dc-b480-ae867bb88e33-EndpointStateMachineTaskThread-/0.0.0.0:15269-0 ] INFO  ratis.XceiverServerRatis (XceiverServerRatis.java:start(566)) - Starting XceiverServerRatis 40c6403c-e697-43dc-b480-ae867bb88e33
2024-03-05 10:11:16,286 [40c6403c-e697-43dc-b480-ae867bb88e33-EndpointStateMachineTaskThread-/0.0.0.0:15269-0 ] INFO  server.RaftServer (RaftServerProxy.java:startImpl(406)) - 40c6403c-e697-43dc-b480-ae867bb88e33: start RPC server
2024-03-05 10:11:16,286 [40c6403c-e697-43dc-b480-ae867bb88e33-EndpointStateMachineTaskThread-/0.0.0.0:15269-0 ] INFO  server.GrpcService (GrpcService.java:startImpl(302)) - 40c6403c-e697-43dc-b480-ae867bb88e33: GrpcService started, listening on 15288
2024-03-05 10:11:16,286 [40c6403c-e697-43dc-b480-ae867bb88e33-EndpointStateMachineTaskThread-/0.0.0.0:15269-0 ] INFO  server.GrpcService (GrpcService.java:startImpl(302)) - 40c6403c-e697-43dc-b480-ae867bb88e33: GrpcService started, listening on 15290
2024-03-05 10:11:16,286 [40c6403c-e697-43dc-b480-ae867bb88e33-EndpointStateMachineTaskThread-/0.0.0.0:15269-0 ] INFO  server.GrpcService (GrpcService.java:startImpl(302)) - 40c6403c-e697-43dc-b480-ae867bb88e33: GrpcService started, listening on 15289
2024-03-05 10:11:16,287 [40c6403c-e697-43dc-b480-ae867bb88e33-EndpointStateMachineTaskThread-/0.0.0.0:15269-0 ] INFO  ratis.XceiverServerRatis (XceiverServerRatis.java:getRealPort(592)) - XceiverServerRatis 40c6403c-e697-43dc-b480-ae867bb88e33 is started using port 15288 for RATIS
2024-03-05 10:11:16,287 [JvmPauseMonitor36] INFO  util.JvmPauseMonitor (JvmPauseMonitor.java:run(146)) - JvmPauseMonitor-40c6403c-e697-43dc-b480-ae867bb88e33: Started
2024-03-05 10:11:16,287 [40c6403c-e697-43dc-b480-ae867bb88e33-EndpointStateMachineTaskThread-/0.0.0.0:15269-0 ] INFO  ratis.XceiverServerRatis (XceiverServerRatis.java:getRealPort(592)) - XceiverServerRatis 40c6403c-e697-43dc-b480-ae867bb88e33 is started using port 15289 for RATIS_ADMIN
2024-03-05 10:11:16,287 [40c6403c-e697-43dc-b480-ae867bb88e33-EndpointStateMachineTaskThread-/0.0.0.0:15269-0 ] INFO  ratis.XceiverServerRatis (XceiverServerRatis.java:getRealPort(592)) - XceiverServerRatis 40c6403c-e697-43dc-b480-ae867bb88e33 is started using port 15290 for RATIS_SERVER
2024-03-05 10:11:16,287 [40c6403c-e697-43dc-b480-ae867bb88e33-EndpointStateMachineTaskThread-/0.0.0.0:15269-0 ] INFO  ratis.XceiverServerRatis (XceiverServerRatis.java:getRealPort(592)) - XceiverServerRatis 40c6403c-e697-43dc-b480-ae867bb88e33 is started using port 15291 for RATIS_DATASTREAM
2024-03-05 10:11:16,288 [40c6403c-e697-43dc-b480-ae867bb88e33-BlockDeletingService#0] INFO  interfaces.ContainerDeletionChoosingPolicyTemplate (ContainerDeletionChoosingPolicyTemplate.java:chooseContainerForBlockDeletion(85)) - Chosen 0/5000 blocks from 0 candidate containers.
2024-03-05 10:11:16,389 [71f4d41d-0e43-455a-af57-6dee494bca18-EndpointStateMachineTaskThread-/0.0.0.0:15269-0 ] INFO  utils.DatanodeStoreCache (DatanodeStoreCache.java:addDB(72)) - Added db /home/runner/work/ozone/ozone/hadoop-ozone/integration-test/target/test-dir/MiniOzoneClusterImpl-58322414-df67-4d64-942a-a0d9644003f2/ozone-meta/datanode-3/data-0/hdds/58322414-df67-4d64-942a-a0d9644003f2/DS-6d8c73b5-bd49-4340-affc-f5cda0e0c957/container.db to cache
2024-03-05 10:11:16,389 [71f4d41d-0e43-455a-af57-6dee494bca18-EndpointStateMachineTaskThread-/0.0.0.0:15269-0 ] INFO  volume.HddsVolume (HddsVolume.java:createDbStore(420)) - SchemaV3 db is created and loaded at /home/runner/work/ozone/ozone/hadoop-ozone/integration-test/target/test-dir/MiniOzoneClusterImpl-58322414-df67-4d64-942a-a0d9644003f2/ozone-meta/datanode-3/data-0/hdds/58322414-df67-4d64-942a-a0d9644003f2/DS-6d8c73b5-bd49-4340-affc-f5cda0e0c957/container.db for volume DS-6d8c73b5-bd49-4340-affc-f5cda0e0c957
2024-03-05 10:11:16,391 [71f4d41d-0e43-455a-af57-6dee494bca18-ContainerReader-0] INFO  ozoneimpl.ContainerReader (ContainerReader.java:readVolume(148)) - Start to verify containers on volume /home/runner/work/ozone/ozone/hadoop-ozone/integration-test/target/test-dir/MiniOzoneClusterImpl-58322414-df67-4d64-942a-a0d9644003f2/ozone-meta/datanode-3/data-0/hdds
2024-03-05 10:11:16,391 [71f4d41d-0e43-455a-af57-6dee494bca18-ContainerReader-0] INFO  ozoneimpl.ContainerReader (ContainerReader.java:readVolume(178)) - Finish verifying containers on volume /home/runner/work/ozone/ozone/hadoop-ozone/integration-test/target/test-dir/MiniOzoneClusterImpl-58322414-df67-4d64-942a-a0d9644003f2/ozone-meta/datanode-3/data-0/hdds
2024-03-05 10:11:16,391 [71f4d41d-0e43-455a-af57-6dee494bca18-EndpointStateMachineTaskThread-/0.0.0.0:15269-0 ] INFO  ozoneimpl.OzoneContainer (OzoneContainer.java:buildContainerSet(328)) - Build ContainerSet costs 0s
2024-03-05 10:11:16,392 [71f4d41d-0e43-455a-af57-6dee494bca18-EndpointStateMachineTaskThread-/0.0.0.0:15269-0 ] INFO  volume.ThrottledAsyncChecker (ThrottledAsyncChecker.java:schedule(141)) - Scheduling a check for /home/runner/work/ozone/ozone/hadoop-ozone/integration-test/target/test-dir/MiniOzoneClusterImpl-58322414-df67-4d64-942a-a0d9644003f2/ozone-meta/datanode-3/data-0/hdds
2024-03-05 10:11:16,392 [71f4d41d-0e43-455a-af57-6dee494bca18-EndpointStateMachineTaskThread-/0.0.0.0:15269-0 ] INFO  volume.StorageVolumeChecker (StorageVolumeChecker.java:checkAllVolumes(218)) - Scheduled health check for volume /home/runner/work/ozone/ozone/hadoop-ozone/integration-test/target/test-dir/MiniOzoneClusterImpl-58322414-df67-4d64-942a-a0d9644003f2/ozone-meta/datanode-3/data-0/hdds
2024-03-05 10:11:16,394 [71f4d41d-0e43-455a-af57-6dee494bca18-EndpointStateMachineTaskThread-/0.0.0.0:15269-0 ] INFO  volume.ThrottledAsyncChecker (ThrottledAsyncChecker.java:schedule(141)) - Scheduling a check for /home/runner/work/ozone/ozone/hadoop-ozone/integration-test/target/test-dir/MiniOzoneClusterImpl-58322414-df67-4d64-942a-a0d9644003f2/ozone-meta/datanode-3/ratis
2024-03-05 10:11:16,394 [71f4d41d-0e43-455a-af57-6dee494bca18-EndpointStateMachineTaskThread-/0.0.0.0:15269-0 ] INFO  volume.StorageVolumeChecker (StorageVolumeChecker.java:checkAllVolumes(218)) - Scheduled health check for volume /home/runner/work/ozone/ozone/hadoop-ozone/integration-test/target/test-dir/MiniOzoneClusterImpl-58322414-df67-4d64-942a-a0d9644003f2/ozone-meta/datanode-3/ratis
2024-03-05 10:11:16,395 [71f4d41d-0e43-455a-af57-6dee494bca18-EndpointStateMachineTaskThread-/0.0.0.0:15269-0 ] INFO  ozoneimpl.OzoneContainer (OzoneContainer.java:start(459)) - Attempting to start container services.
2024-03-05 10:11:16,395 [71f4d41d-0e43-455a-af57-6dee494bca18-EndpointStateMachineTaskThread-/0.0.0.0:15269-0 ] INFO  ozoneimpl.OzoneContainer (OzoneContainer.java:startContainerScrub(339)) - Scheduled background container scanners and the on-demand container scanner have been disabled.
2024-03-05 10:11:16,395 [71f4d41d-0e43-455a-af57-6dee494bca18-EndpointStateMachineTaskThread-/0.0.0.0:15269-0 ] INFO  replication.ReplicationServer (ReplicationServer.java:start(142)) - ReplicationServer is started using port 15301
2024-03-05 10:11:16,395 [71f4d41d-0e43-455a-af57-6dee494bca18-EndpointStateMachineTaskThread-/0.0.0.0:15269-0 ] INFO  ratis.XceiverServerRatis (XceiverServerRatis.java:start(566)) - Starting XceiverServerRatis 71f4d41d-0e43-455a-af57-6dee494bca18
2024-03-05 10:11:16,398 [71f4d41d-0e43-455a-af57-6dee494bca18-EndpointStateMachineTaskThread-/0.0.0.0:15269-0 ] INFO  server.RaftServer (RaftServerProxy.java:startImpl(406)) - 71f4d41d-0e43-455a-af57-6dee494bca18: start RPC server
2024-03-05 10:11:16,398 [71f4d41d-0e43-455a-af57-6dee494bca18-EndpointStateMachineTaskThread-/0.0.0.0:15269-0 ] INFO  server.GrpcService (GrpcService.java:startImpl(302)) - 71f4d41d-0e43-455a-af57-6dee494bca18: GrpcService started, listening on 15297
2024-03-05 10:11:16,398 [71f4d41d-0e43-455a-af57-6dee494bca18-EndpointStateMachineTaskThread-/0.0.0.0:15269-0 ] INFO  server.GrpcService (GrpcService.java:startImpl(302)) - 71f4d41d-0e43-455a-af57-6dee494bca18: GrpcService started, listening on 15299
2024-03-05 10:11:16,398 [71f4d41d-0e43-455a-af57-6dee494bca18-EndpointStateMachineTaskThread-/0.0.0.0:15269-0 ] INFO  server.GrpcService (GrpcService.java:startImpl(302)) - 71f4d41d-0e43-455a-af57-6dee494bca18: GrpcService started, listening on 15298
2024-03-05 10:11:16,405 [71f4d41d-0e43-455a-af57-6dee494bca18-EndpointStateMachineTaskThread-/0.0.0.0:15269-0 ] INFO  ratis.XceiverServerRatis (XceiverServerRatis.java:getRealPort(592)) - XceiverServerRatis 71f4d41d-0e43-455a-af57-6dee494bca18 is started using port 15297 for RATIS
2024-03-05 10:11:16,406 [JvmPauseMonitor37] INFO  util.JvmPauseMonitor (JvmPauseMonitor.java:run(146)) - JvmPauseMonitor-71f4d41d-0e43-455a-af57-6dee494bca18: Started
2024-03-05 10:11:16,406 [71f4d41d-0e43-455a-af57-6dee494bca18-EndpointStateMachineTaskThread-/0.0.0.0:15269-0 ] INFO  ratis.XceiverServerRatis (XceiverServerRatis.java:getRealPort(592)) - XceiverServerRatis 71f4d41d-0e43-455a-af57-6dee494bca18 is started using port 15298 for RATIS_ADMIN
2024-03-05 10:11:16,406 [71f4d41d-0e43-455a-af57-6dee494bca18-EndpointStateMachineTaskThread-/0.0.0.0:15269-0 ] INFO  ratis.XceiverServerRatis (XceiverServerRatis.java:getRealPort(592)) - XceiverServerRatis 71f4d41d-0e43-455a-af57-6dee494bca18 is started using port 15299 for RATIS_SERVER
2024-03-05 10:11:16,406 [71f4d41d-0e43-455a-af57-6dee494bca18-EndpointStateMachineTaskThread-/0.0.0.0:15269-0 ] INFO  ratis.XceiverServerRatis (XceiverServerRatis.java:getRealPort(592)) - XceiverServerRatis 71f4d41d-0e43-455a-af57-6dee494bca18 is started using port 15300 for RATIS_DATASTREAM
2024-03-05 10:11:16,409 [71f4d41d-0e43-455a-af57-6dee494bca18-BlockDeletingService#0] INFO  interfaces.ContainerDeletionChoosingPolicyTemplate (ContainerDeletionChoosingPolicyTemplate.java:chooseContainerForBlockDeletion(85)) - Chosen 0/5000 blocks from 0 candidate containers.
2024-03-05 10:11:16,491 [d931d63e-dd15-4e6c-a722-a504b4f57030-EndpointStateMachineTaskThread-/0.0.0.0:15269-0 ] INFO  utils.DatanodeStoreCache (DatanodeStoreCache.java:addDB(72)) - Added db /home/runner/work/ozone/ozone/hadoop-ozone/integration-test/target/test-dir/MiniOzoneClusterImpl-58322414-df67-4d64-942a-a0d9644003f2/ozone-meta/datanode-4/data-0/hdds/58322414-df67-4d64-942a-a0d9644003f2/DS-ea1b6bd8-014a-4953-9052-d7238f566040/container.db to cache
2024-03-05 10:11:16,491 [d931d63e-dd15-4e6c-a722-a504b4f57030-EndpointStateMachineTaskThread-/0.0.0.0:15269-0 ] INFO  volume.HddsVolume (HddsVolume.java:createDbStore(420)) - SchemaV3 db is created and loaded at /home/runner/work/ozone/ozone/hadoop-ozone/integration-test/target/test-dir/MiniOzoneClusterImpl-58322414-df67-4d64-942a-a0d9644003f2/ozone-meta/datanode-4/data-0/hdds/58322414-df67-4d64-942a-a0d9644003f2/DS-ea1b6bd8-014a-4953-9052-d7238f566040/container.db for volume DS-ea1b6bd8-014a-4953-9052-d7238f566040
2024-03-05 10:11:16,493 [d931d63e-dd15-4e6c-a722-a504b4f57030-ContainerReader-0] INFO  ozoneimpl.ContainerReader (ContainerReader.java:readVolume(148)) - Start to verify containers on volume /home/runner/work/ozone/ozone/hadoop-ozone/integration-test/target/test-dir/MiniOzoneClusterImpl-58322414-df67-4d64-942a-a0d9644003f2/ozone-meta/datanode-4/data-0/hdds
2024-03-05 10:11:16,493 [d931d63e-dd15-4e6c-a722-a504b4f57030-ContainerReader-0] INFO  ozoneimpl.ContainerReader (ContainerReader.java:readVolume(178)) - Finish verifying containers on volume /home/runner/work/ozone/ozone/hadoop-ozone/integration-test/target/test-dir/MiniOzoneClusterImpl-58322414-df67-4d64-942a-a0d9644003f2/ozone-meta/datanode-4/data-0/hdds
2024-03-05 10:11:16,493 [d931d63e-dd15-4e6c-a722-a504b4f57030-EndpointStateMachineTaskThread-/0.0.0.0:15269-0 ] INFO  ozoneimpl.OzoneContainer (OzoneContainer.java:buildContainerSet(328)) - Build ContainerSet costs 0s
2024-03-05 10:11:16,493 [d931d63e-dd15-4e6c-a722-a504b4f57030-EndpointStateMachineTaskThread-/0.0.0.0:15269-0 ] INFO  volume.ThrottledAsyncChecker (ThrottledAsyncChecker.java:schedule(141)) - Scheduling a check for /home/runner/work/ozone/ozone/hadoop-ozone/integration-test/target/test-dir/MiniOzoneClusterImpl-58322414-df67-4d64-942a-a0d9644003f2/ozone-meta/datanode-4/data-0/hdds
2024-03-05 10:11:16,493 [d931d63e-dd15-4e6c-a722-a504b4f57030-EndpointStateMachineTaskThread-/0.0.0.0:15269-0 ] INFO  volume.StorageVolumeChecker (StorageVolumeChecker.java:checkAllVolumes(218)) - Scheduled health check for volume /home/runner/work/ozone/ozone/hadoop-ozone/integration-test/target/test-dir/MiniOzoneClusterImpl-58322414-df67-4d64-942a-a0d9644003f2/ozone-meta/datanode-4/data-0/hdds
2024-03-05 10:11:16,495 [d931d63e-dd15-4e6c-a722-a504b4f57030-EndpointStateMachineTaskThread-/0.0.0.0:15269-0 ] INFO  volume.ThrottledAsyncChecker (ThrottledAsyncChecker.java:schedule(141)) - Scheduling a check for /home/runner/work/ozone/ozone/hadoop-ozone/integration-test/target/test-dir/MiniOzoneClusterImpl-58322414-df67-4d64-942a-a0d9644003f2/ozone-meta/datanode-4/ratis
2024-03-05 10:11:16,495 [d931d63e-dd15-4e6c-a722-a504b4f57030-EndpointStateMachineTaskThread-/0.0.0.0:15269-0 ] INFO  volume.StorageVolumeChecker (StorageVolumeChecker.java:checkAllVolumes(218)) - Scheduled health check for volume /home/runner/work/ozone/ozone/hadoop-ozone/integration-test/target/test-dir/MiniOzoneClusterImpl-58322414-df67-4d64-942a-a0d9644003f2/ozone-meta/datanode-4/ratis
2024-03-05 10:11:16,496 [d931d63e-dd15-4e6c-a722-a504b4f57030-EndpointStateMachineTaskThread-/0.0.0.0:15269-0 ] INFO  ozoneimpl.OzoneContainer (OzoneContainer.java:start(459)) - Attempting to start container services.
2024-03-05 10:11:16,496 [d931d63e-dd15-4e6c-a722-a504b4f57030-EndpointStateMachineTaskThread-/0.0.0.0:15269-0 ] INFO  ozoneimpl.OzoneContainer (OzoneContainer.java:startContainerScrub(339)) - Scheduled background container scanners and the on-demand container scanner have been disabled.
2024-03-05 10:11:16,496 [d931d63e-dd15-4e6c-a722-a504b4f57030-EndpointStateMachineTaskThread-/0.0.0.0:15269-0 ] INFO  replication.ReplicationServer (ReplicationServer.java:start(142)) - ReplicationServer is started using port 15310
2024-03-05 10:11:16,496 [d931d63e-dd15-4e6c-a722-a504b4f57030-EndpointStateMachineTaskThread-/0.0.0.0:15269-0 ] INFO  ratis.XceiverServerRatis (XceiverServerRatis.java:start(566)) - Starting XceiverServerRatis d931d63e-dd15-4e6c-a722-a504b4f57030
2024-03-05 10:11:16,497 [d931d63e-dd15-4e6c-a722-a504b4f57030-EndpointStateMachineTaskThread-/0.0.0.0:15269-0 ] INFO  server.RaftServer (RaftServerProxy.java:startImpl(406)) - d931d63e-dd15-4e6c-a722-a504b4f57030: start RPC server
2024-03-05 10:11:16,498 [d931d63e-dd15-4e6c-a722-a504b4f57030-EndpointStateMachineTaskThread-/0.0.0.0:15269-0 ] INFO  server.GrpcService (GrpcService.java:startImpl(302)) - d931d63e-dd15-4e6c-a722-a504b4f57030: GrpcService started, listening on 15306
2024-03-05 10:11:16,498 [d931d63e-dd15-4e6c-a722-a504b4f57030-EndpointStateMachineTaskThread-/0.0.0.0:15269-0 ] INFO  server.GrpcService (GrpcService.java:startImpl(302)) - d931d63e-dd15-4e6c-a722-a504b4f57030: GrpcService started, listening on 15308
2024-03-05 10:11:16,498 [d931d63e-dd15-4e6c-a722-a504b4f57030-EndpointStateMachineTaskThread-/0.0.0.0:15269-0 ] INFO  server.GrpcService (GrpcService.java:startImpl(302)) - d931d63e-dd15-4e6c-a722-a504b4f57030: GrpcService started, listening on 15307
2024-03-05 10:11:16,498 [d931d63e-dd15-4e6c-a722-a504b4f57030-EndpointStateMachineTaskThread-/0.0.0.0:15269-0 ] INFO  ratis.XceiverServerRatis (XceiverServerRatis.java:getRealPort(592)) - XceiverServerRatis d931d63e-dd15-4e6c-a722-a504b4f57030 is started using port 15306 for RATIS
2024-03-05 10:11:16,498 [JvmPauseMonitor38] INFO  util.JvmPauseMonitor (JvmPauseMonitor.java:run(146)) - JvmPauseMonitor-d931d63e-dd15-4e6c-a722-a504b4f57030: Started
2024-03-05 10:11:16,498 [d931d63e-dd15-4e6c-a722-a504b4f57030-EndpointStateMachineTaskThread-/0.0.0.0:15269-0 ] INFO  ratis.XceiverServerRatis (XceiverServerRatis.java:getRealPort(592)) - XceiverServerRatis d931d63e-dd15-4e6c-a722-a504b4f57030 is started using port 15307 for RATIS_ADMIN
2024-03-05 10:11:16,499 [d931d63e-dd15-4e6c-a722-a504b4f57030-EndpointStateMachineTaskThread-/0.0.0.0:15269-0 ] INFO  ratis.XceiverServerRatis (XceiverServerRatis.java:getRealPort(592)) - XceiverServerRatis d931d63e-dd15-4e6c-a722-a504b4f57030 is started using port 15308 for RATIS_SERVER
2024-03-05 10:11:16,499 [d931d63e-dd15-4e6c-a722-a504b4f57030-EndpointStateMachineTaskThread-/0.0.0.0:15269-0 ] INFO  ratis.XceiverServerRatis (XceiverServerRatis.java:getRealPort(592)) - XceiverServerRatis d931d63e-dd15-4e6c-a722-a504b4f57030 is started using port 15309 for RATIS_DATASTREAM
2024-03-05 10:11:16,499 [d931d63e-dd15-4e6c-a722-a504b4f57030-BlockDeletingService#0] INFO  interfaces.ContainerDeletionChoosingPolicyTemplate (ContainerDeletionChoosingPolicyTemplate.java:chooseContainerForBlockDeletion(85)) - Chosen 0/5000 blocks from 0 candidate containers.
2024-03-05 10:11:16,575 [e31e7e37-3da5-4192-a08f-644192942d08-EndpointStateMachineTaskThread-/0.0.0.0:15269-0 ] INFO  utils.DatanodeStoreCache (DatanodeStoreCache.java:addDB(72)) - Added db /home/runner/work/ozone/ozone/hadoop-ozone/integration-test/target/test-dir/MiniOzoneClusterImpl-58322414-df67-4d64-942a-a0d9644003f2/ozone-meta/datanode-5/data-0/hdds/58322414-df67-4d64-942a-a0d9644003f2/DS-817bda44-bb11-4d84-9286-45c0a694d341/container.db to cache
2024-03-05 10:11:16,575 [e31e7e37-3da5-4192-a08f-644192942d08-EndpointStateMachineTaskThread-/0.0.0.0:15269-0 ] INFO  volume.HddsVolume (HddsVolume.java:createDbStore(420)) - SchemaV3 db is created and loaded at /home/runner/work/ozone/ozone/hadoop-ozone/integration-test/target/test-dir/MiniOzoneClusterImpl-58322414-df67-4d64-942a-a0d9644003f2/ozone-meta/datanode-5/data-0/hdds/58322414-df67-4d64-942a-a0d9644003f2/DS-817bda44-bb11-4d84-9286-45c0a694d341/container.db for volume DS-817bda44-bb11-4d84-9286-45c0a694d341
2024-03-05 10:11:16,577 [e31e7e37-3da5-4192-a08f-644192942d08-ContainerReader-0] INFO  ozoneimpl.ContainerReader (ContainerReader.java:readVolume(148)) - Start to verify containers on volume /home/runner/work/ozone/ozone/hadoop-ozone/integration-test/target/test-dir/MiniOzoneClusterImpl-58322414-df67-4d64-942a-a0d9644003f2/ozone-meta/datanode-5/data-0/hdds
2024-03-05 10:11:16,577 [e31e7e37-3da5-4192-a08f-644192942d08-ContainerReader-0] INFO  ozoneimpl.ContainerReader (ContainerReader.java:readVolume(178)) - Finish verifying containers on volume /home/runner/work/ozone/ozone/hadoop-ozone/integration-test/target/test-dir/MiniOzoneClusterImpl-58322414-df67-4d64-942a-a0d9644003f2/ozone-meta/datanode-5/data-0/hdds
2024-03-05 10:11:16,577 [e31e7e37-3da5-4192-a08f-644192942d08-EndpointStateMachineTaskThread-/0.0.0.0:15269-0 ] INFO  ozoneimpl.OzoneContainer (OzoneContainer.java:buildContainerSet(328)) - Build ContainerSet costs 0s
2024-03-05 10:11:16,577 [e31e7e37-3da5-4192-a08f-644192942d08-EndpointStateMachineTaskThread-/0.0.0.0:15269-0 ] INFO  volume.ThrottledAsyncChecker (ThrottledAsyncChecker.java:schedule(141)) - Scheduling a check for /home/runner/work/ozone/ozone/hadoop-ozone/integration-test/target/test-dir/MiniOzoneClusterImpl-58322414-df67-4d64-942a-a0d9644003f2/ozone-meta/datanode-5/data-0/hdds
2024-03-05 10:11:16,577 [e31e7e37-3da5-4192-a08f-644192942d08-EndpointStateMachineTaskThread-/0.0.0.0:15269-0 ] INFO  volume.StorageVolumeChecker (StorageVolumeChecker.java:checkAllVolumes(218)) - Scheduled health check for volume /home/runner/work/ozone/ozone/hadoop-ozone/integration-test/target/test-dir/MiniOzoneClusterImpl-58322414-df67-4d64-942a-a0d9644003f2/ozone-meta/datanode-5/data-0/hdds
2024-03-05 10:11:16,579 [e31e7e37-3da5-4192-a08f-644192942d08-EndpointStateMachineTaskThread-/0.0.0.0:15269-0 ] INFO  volume.ThrottledAsyncChecker (ThrottledAsyncChecker.java:schedule(141)) - Scheduling a check for /home/runner/work/ozone/ozone/hadoop-ozone/integration-test/target/test-dir/MiniOzoneClusterImpl-58322414-df67-4d64-942a-a0d9644003f2/ozone-meta/datanode-5/ratis
2024-03-05 10:11:16,579 [e31e7e37-3da5-4192-a08f-644192942d08-EndpointStateMachineTaskThread-/0.0.0.0:15269-0 ] INFO  volume.StorageVolumeChecker (StorageVolumeChecker.java:checkAllVolumes(218)) - Scheduled health check for volume /home/runner/work/ozone/ozone/hadoop-ozone/integration-test/target/test-dir/MiniOzoneClusterImpl-58322414-df67-4d64-942a-a0d9644003f2/ozone-meta/datanode-5/ratis
2024-03-05 10:11:16,580 [e31e7e37-3da5-4192-a08f-644192942d08-EndpointStateMachineTaskThread-/0.0.0.0:15269-0 ] INFO  ozoneimpl.OzoneContainer (OzoneContainer.java:start(459)) - Attempting to start container services.
2024-03-05 10:11:16,580 [e31e7e37-3da5-4192-a08f-644192942d08-EndpointStateMachineTaskThread-/0.0.0.0:15269-0 ] INFO  ozoneimpl.OzoneContainer (OzoneContainer.java:startContainerScrub(339)) - Scheduled background container scanners and the on-demand container scanner have been disabled.
2024-03-05 10:11:16,580 [e31e7e37-3da5-4192-a08f-644192942d08-EndpointStateMachineTaskThread-/0.0.0.0:15269-0 ] INFO  replication.ReplicationServer (ReplicationServer.java:start(142)) - ReplicationServer is started using port 15319
2024-03-05 10:11:16,580 [e31e7e37-3da5-4192-a08f-644192942d08-EndpointStateMachineTaskThread-/0.0.0.0:15269-0 ] INFO  ratis.XceiverServerRatis (XceiverServerRatis.java:start(566)) - Starting XceiverServerRatis e31e7e37-3da5-4192-a08f-644192942d08
2024-03-05 10:11:16,582 [e31e7e37-3da5-4192-a08f-644192942d08-EndpointStateMachineTaskThread-/0.0.0.0:15269-0 ] INFO  server.RaftServer (RaftServerProxy.java:startImpl(406)) - e31e7e37-3da5-4192-a08f-644192942d08: start RPC server
2024-03-05 10:11:16,582 [e31e7e37-3da5-4192-a08f-644192942d08-EndpointStateMachineTaskThread-/0.0.0.0:15269-0 ] INFO  server.GrpcService (GrpcService.java:startImpl(302)) - e31e7e37-3da5-4192-a08f-644192942d08: GrpcService started, listening on 15315
2024-03-05 10:11:16,582 [e31e7e37-3da5-4192-a08f-644192942d08-EndpointStateMachineTaskThread-/0.0.0.0:15269-0 ] INFO  server.GrpcService (GrpcService.java:startImpl(302)) - e31e7e37-3da5-4192-a08f-644192942d08: GrpcService started, listening on 15317
2024-03-05 10:11:16,582 [e31e7e37-3da5-4192-a08f-644192942d08-EndpointStateMachineTaskThread-/0.0.0.0:15269-0 ] INFO  server.GrpcService (GrpcService.java:startImpl(302)) - e31e7e37-3da5-4192-a08f-644192942d08: GrpcService started, listening on 15316
2024-03-05 10:11:16,582 [e31e7e37-3da5-4192-a08f-644192942d08-EndpointStateMachineTaskThread-/0.0.0.0:15269-0 ] INFO  ratis.XceiverServerRatis (XceiverServerRatis.java:getRealPort(592)) - XceiverServerRatis e31e7e37-3da5-4192-a08f-644192942d08 is started using port 15315 for RATIS
2024-03-05 10:11:16,582 [JvmPauseMonitor39] INFO  util.JvmPauseMonitor (JvmPauseMonitor.java:run(146)) - JvmPauseMonitor-e31e7e37-3da5-4192-a08f-644192942d08: Started
2024-03-05 10:11:16,583 [e31e7e37-3da5-4192-a08f-644192942d08-EndpointStateMachineTaskThread-/0.0.0.0:15269-0 ] INFO  ratis.XceiverServerRatis (XceiverServerRatis.java:getRealPort(592)) - XceiverServerRatis e31e7e37-3da5-4192-a08f-644192942d08 is started using port 15316 for RATIS_ADMIN
2024-03-05 10:11:16,583 [e31e7e37-3da5-4192-a08f-644192942d08-EndpointStateMachineTaskThread-/0.0.0.0:15269-0 ] INFO  ratis.XceiverServerRatis (XceiverServerRatis.java:getRealPort(592)) - XceiverServerRatis e31e7e37-3da5-4192-a08f-644192942d08 is started using port 15317 for RATIS_SERVER
2024-03-05 10:11:16,583 [e31e7e37-3da5-4192-a08f-644192942d08-EndpointStateMachineTaskThread-/0.0.0.0:15269-0 ] INFO  ratis.XceiverServerRatis (XceiverServerRatis.java:getRealPort(592)) - XceiverServerRatis e31e7e37-3da5-4192-a08f-644192942d08 is started using port 15318 for RATIS_DATASTREAM
2024-03-05 10:11:16,583 [e31e7e37-3da5-4192-a08f-644192942d08-BlockDeletingService#0] INFO  interfaces.ContainerDeletionChoosingPolicyTemplate (ContainerDeletionChoosingPolicyTemplate.java:chooseContainerForBlockDeletion(85)) - Chosen 0/5000 blocks from 0 candidate containers.
2024-03-05 10:11:16,666 [76f60663-9351-4c92-a037-8f3a190b5659-EndpointStateMachineTaskThread-/0.0.0.0:15269-0 ] INFO  utils.DatanodeStoreCache (DatanodeStoreCache.java:addDB(72)) - Added db /home/runner/work/ozone/ozone/hadoop-ozone/integration-test/target/test-dir/MiniOzoneClusterImpl-58322414-df67-4d64-942a-a0d9644003f2/ozone-meta/datanode-6/data-0/hdds/58322414-df67-4d64-942a-a0d9644003f2/DS-679b0111-2b57-462d-b18d-2ee9beabe320/container.db to cache
2024-03-05 10:11:16,666 [76f60663-9351-4c92-a037-8f3a190b5659-EndpointStateMachineTaskThread-/0.0.0.0:15269-0 ] INFO  volume.HddsVolume (HddsVolume.java:createDbStore(420)) - SchemaV3 db is created and loaded at /home/runner/work/ozone/ozone/hadoop-ozone/integration-test/target/test-dir/MiniOzoneClusterImpl-58322414-df67-4d64-942a-a0d9644003f2/ozone-meta/datanode-6/data-0/hdds/58322414-df67-4d64-942a-a0d9644003f2/DS-679b0111-2b57-462d-b18d-2ee9beabe320/container.db for volume DS-679b0111-2b57-462d-b18d-2ee9beabe320
2024-03-05 10:11:16,667 [76f60663-9351-4c92-a037-8f3a190b5659-ContainerReader-0] INFO  ozoneimpl.ContainerReader (ContainerReader.java:readVolume(148)) - Start to verify containers on volume /home/runner/work/ozone/ozone/hadoop-ozone/integration-test/target/test-dir/MiniOzoneClusterImpl-58322414-df67-4d64-942a-a0d9644003f2/ozone-meta/datanode-6/data-0/hdds
2024-03-05 10:11:16,667 [76f60663-9351-4c92-a037-8f3a190b5659-ContainerReader-0] INFO  ozoneimpl.ContainerReader (ContainerReader.java:readVolume(178)) - Finish verifying containers on volume /home/runner/work/ozone/ozone/hadoop-ozone/integration-test/target/test-dir/MiniOzoneClusterImpl-58322414-df67-4d64-942a-a0d9644003f2/ozone-meta/datanode-6/data-0/hdds
2024-03-05 10:11:16,667 [76f60663-9351-4c92-a037-8f3a190b5659-EndpointStateMachineTaskThread-/0.0.0.0:15269-0 ] INFO  ozoneimpl.OzoneContainer (OzoneContainer.java:buildContainerSet(328)) - Build ContainerSet costs 0s
2024-03-05 10:11:16,667 [76f60663-9351-4c92-a037-8f3a190b5659-EndpointStateMachineTaskThread-/0.0.0.0:15269-0 ] INFO  volume.ThrottledAsyncChecker (ThrottledAsyncChecker.java:schedule(141)) - Scheduling a check for /home/runner/work/ozone/ozone/hadoop-ozone/integration-test/target/test-dir/MiniOzoneClusterImpl-58322414-df67-4d64-942a-a0d9644003f2/ozone-meta/datanode-6/data-0/hdds
2024-03-05 10:11:16,667 [76f60663-9351-4c92-a037-8f3a190b5659-EndpointStateMachineTaskThread-/0.0.0.0:15269-0 ] INFO  volume.StorageVolumeChecker (StorageVolumeChecker.java:checkAllVolumes(218)) - Scheduled health check for volume /home/runner/work/ozone/ozone/hadoop-ozone/integration-test/target/test-dir/MiniOzoneClusterImpl-58322414-df67-4d64-942a-a0d9644003f2/ozone-meta/datanode-6/data-0/hdds
2024-03-05 10:11:16,669 [76f60663-9351-4c92-a037-8f3a190b5659-EndpointStateMachineTaskThread-/0.0.0.0:15269-0 ] INFO  volume.ThrottledAsyncChecker (ThrottledAsyncChecker.java:schedule(141)) - Scheduling a check for /home/runner/work/ozone/ozone/hadoop-ozone/integration-test/target/test-dir/MiniOzoneClusterImpl-58322414-df67-4d64-942a-a0d9644003f2/ozone-meta/datanode-6/ratis
2024-03-05 10:11:16,669 [76f60663-9351-4c92-a037-8f3a190b5659-EndpointStateMachineTaskThread-/0.0.0.0:15269-0 ] INFO  volume.StorageVolumeChecker (StorageVolumeChecker.java:checkAllVolumes(218)) - Scheduled health check for volume /home/runner/work/ozone/ozone/hadoop-ozone/integration-test/target/test-dir/MiniOzoneClusterImpl-58322414-df67-4d64-942a-a0d9644003f2/ozone-meta/datanode-6/ratis
2024-03-05 10:11:16,670 [76f60663-9351-4c92-a037-8f3a190b5659-EndpointStateMachineTaskThread-/0.0.0.0:15269-0 ] INFO  ozoneimpl.OzoneContainer (OzoneContainer.java:start(459)) - Attempting to start container services.
2024-03-05 10:11:16,670 [76f60663-9351-4c92-a037-8f3a190b5659-EndpointStateMachineTaskThread-/0.0.0.0:15269-0 ] INFO  ozoneimpl.OzoneContainer (OzoneContainer.java:startContainerScrub(339)) - Scheduled background container scanners and the on-demand container scanner have been disabled.
2024-03-05 10:11:16,671 [76f60663-9351-4c92-a037-8f3a190b5659-EndpointStateMachineTaskThread-/0.0.0.0:15269-0 ] INFO  replication.ReplicationServer (ReplicationServer.java:start(142)) - ReplicationServer is started using port 15328
2024-03-05 10:11:16,671 [76f60663-9351-4c92-a037-8f3a190b5659-EndpointStateMachineTaskThread-/0.0.0.0:15269-0 ] INFO  ratis.XceiverServerRatis (XceiverServerRatis.java:start(566)) - Starting XceiverServerRatis 76f60663-9351-4c92-a037-8f3a190b5659
2024-03-05 10:11:16,671 [76f60663-9351-4c92-a037-8f3a190b5659-EndpointStateMachineTaskThread-/0.0.0.0:15269-0 ] INFO  server.RaftServer (RaftServerProxy.java:startImpl(406)) - 76f60663-9351-4c92-a037-8f3a190b5659: start RPC server
2024-03-05 10:11:16,671 [76f60663-9351-4c92-a037-8f3a190b5659-EndpointStateMachineTaskThread-/0.0.0.0:15269-0 ] INFO  server.GrpcService (GrpcService.java:startImpl(302)) - 76f60663-9351-4c92-a037-8f3a190b5659: GrpcService started, listening on 15324
2024-03-05 10:11:16,672 [76f60663-9351-4c92-a037-8f3a190b5659-EndpointStateMachineTaskThread-/0.0.0.0:15269-0 ] INFO  server.GrpcService (GrpcService.java:startImpl(302)) - 76f60663-9351-4c92-a037-8f3a190b5659: GrpcService started, listening on 15326
2024-03-05 10:11:16,672 [76f60663-9351-4c92-a037-8f3a190b5659-EndpointStateMachineTaskThread-/0.0.0.0:15269-0 ] INFO  server.GrpcService (GrpcService.java:startImpl(302)) - 76f60663-9351-4c92-a037-8f3a190b5659: GrpcService started, listening on 15325
2024-03-05 10:11:16,672 [76f60663-9351-4c92-a037-8f3a190b5659-EndpointStateMachineTaskThread-/0.0.0.0:15269-0 ] INFO  ratis.XceiverServerRatis (XceiverServerRatis.java:getRealPort(592)) - XceiverServerRatis 76f60663-9351-4c92-a037-8f3a190b5659 is started using port 15324 for RATIS
2024-03-05 10:11:16,672 [JvmPauseMonitor40] INFO  util.JvmPauseMonitor (JvmPauseMonitor.java:run(146)) - JvmPauseMonitor-76f60663-9351-4c92-a037-8f3a190b5659: Started
2024-03-05 10:11:16,672 [76f60663-9351-4c92-a037-8f3a190b5659-EndpointStateMachineTaskThread-/0.0.0.0:15269-0 ] INFO  ratis.XceiverServerRatis (XceiverServerRatis.java:getRealPort(592)) - XceiverServerRatis 76f60663-9351-4c92-a037-8f3a190b5659 is started using port 15325 for RATIS_ADMIN
2024-03-05 10:11:16,672 [76f60663-9351-4c92-a037-8f3a190b5659-EndpointStateMachineTaskThread-/0.0.0.0:15269-0 ] INFO  ratis.XceiverServerRatis (XceiverServerRatis.java:getRealPort(592)) - XceiverServerRatis 76f60663-9351-4c92-a037-8f3a190b5659 is started using port 15326 for RATIS_SERVER
2024-03-05 10:11:16,672 [76f60663-9351-4c92-a037-8f3a190b5659-EndpointStateMachineTaskThread-/0.0.0.0:15269-0 ] INFO  ratis.XceiverServerRatis (XceiverServerRatis.java:getRealPort(592)) - XceiverServerRatis 76f60663-9351-4c92-a037-8f3a190b5659 is started using port 15327 for RATIS_DATASTREAM
2024-03-05 10:11:16,673 [76f60663-9351-4c92-a037-8f3a190b5659-BlockDeletingService#0] INFO  interfaces.ContainerDeletionChoosingPolicyTemplate (ContainerDeletionChoosingPolicyTemplate.java:chooseContainerForBlockDeletion(85)) - Chosen 0/5000 blocks from 0 candidate containers.
2024-03-05 10:11:16,755 [aca6fe57-e7fe-4059-8fc7-aad793183b33-EndpointStateMachineTaskThread-/0.0.0.0:15269-0 ] INFO  utils.DatanodeStoreCache (DatanodeStoreCache.java:addDB(72)) - Added db /home/runner/work/ozone/ozone/hadoop-ozone/integration-test/target/test-dir/MiniOzoneClusterImpl-58322414-df67-4d64-942a-a0d9644003f2/ozone-meta/datanode-7/data-0/hdds/58322414-df67-4d64-942a-a0d9644003f2/DS-d60b6945-2bf0-49fe-a3a2-cd93ca19a474/container.db to cache
2024-03-05 10:11:16,755 [aca6fe57-e7fe-4059-8fc7-aad793183b33-EndpointStateMachineTaskThread-/0.0.0.0:15269-0 ] INFO  volume.HddsVolume (HddsVolume.java:createDbStore(420)) - SchemaV3 db is created and loaded at /home/runner/work/ozone/ozone/hadoop-ozone/integration-test/target/test-dir/MiniOzoneClusterImpl-58322414-df67-4d64-942a-a0d9644003f2/ozone-meta/datanode-7/data-0/hdds/58322414-df67-4d64-942a-a0d9644003f2/DS-d60b6945-2bf0-49fe-a3a2-cd93ca19a474/container.db for volume DS-d60b6945-2bf0-49fe-a3a2-cd93ca19a474
2024-03-05 10:11:16,757 [aca6fe57-e7fe-4059-8fc7-aad793183b33-ContainerReader-0] INFO  ozoneimpl.ContainerReader (ContainerReader.java:readVolume(148)) - Start to verify containers on volume /home/runner/work/ozone/ozone/hadoop-ozone/integration-test/target/test-dir/MiniOzoneClusterImpl-58322414-df67-4d64-942a-a0d9644003f2/ozone-meta/datanode-7/data-0/hdds
2024-03-05 10:11:16,757 [aca6fe57-e7fe-4059-8fc7-aad793183b33-ContainerReader-0] INFO  ozoneimpl.ContainerReader (ContainerReader.java:readVolume(178)) - Finish verifying containers on volume /home/runner/work/ozone/ozone/hadoop-ozone/integration-test/target/test-dir/MiniOzoneClusterImpl-58322414-df67-4d64-942a-a0d9644003f2/ozone-meta/datanode-7/data-0/hdds
2024-03-05 10:11:16,757 [aca6fe57-e7fe-4059-8fc7-aad793183b33-EndpointStateMachineTaskThread-/0.0.0.0:15269-0 ] INFO  ozoneimpl.OzoneContainer (OzoneContainer.java:buildContainerSet(328)) - Build ContainerSet costs 0s
2024-03-05 10:11:16,757 [aca6fe57-e7fe-4059-8fc7-aad793183b33-EndpointStateMachineTaskThread-/0.0.0.0:15269-0 ] INFO  volume.ThrottledAsyncChecker (ThrottledAsyncChecker.java:schedule(141)) - Scheduling a check for /home/runner/work/ozone/ozone/hadoop-ozone/integration-test/target/test-dir/MiniOzoneClusterImpl-58322414-df67-4d64-942a-a0d9644003f2/ozone-meta/datanode-7/data-0/hdds
2024-03-05 10:11:16,757 [aca6fe57-e7fe-4059-8fc7-aad793183b33-EndpointStateMachineTaskThread-/0.0.0.0:15269-0 ] INFO  volume.StorageVolumeChecker (StorageVolumeChecker.java:checkAllVolumes(218)) - Scheduled health check for volume /home/runner/work/ozone/ozone/hadoop-ozone/integration-test/target/test-dir/MiniOzoneClusterImpl-58322414-df67-4d64-942a-a0d9644003f2/ozone-meta/datanode-7/data-0/hdds
2024-03-05 10:11:16,759 [aca6fe57-e7fe-4059-8fc7-aad793183b33-EndpointStateMachineTaskThread-/0.0.0.0:15269-0 ] INFO  volume.ThrottledAsyncChecker (ThrottledAsyncChecker.java:schedule(141)) - Scheduling a check for /home/runner/work/ozone/ozone/hadoop-ozone/integration-test/target/test-dir/MiniOzoneClusterImpl-58322414-df67-4d64-942a-a0d9644003f2/ozone-meta/datanode-7/ratis
2024-03-05 10:11:16,759 [aca6fe57-e7fe-4059-8fc7-aad793183b33-EndpointStateMachineTaskThread-/0.0.0.0:15269-0 ] INFO  volume.StorageVolumeChecker (StorageVolumeChecker.java:checkAllVolumes(218)) - Scheduled health check for volume /home/runner/work/ozone/ozone/hadoop-ozone/integration-test/target/test-dir/MiniOzoneClusterImpl-58322414-df67-4d64-942a-a0d9644003f2/ozone-meta/datanode-7/ratis
2024-03-05 10:11:16,760 [aca6fe57-e7fe-4059-8fc7-aad793183b33-EndpointStateMachineTaskThread-/0.0.0.0:15269-0 ] INFO  ozoneimpl.OzoneContainer (OzoneContainer.java:start(459)) - Attempting to start container services.
2024-03-05 10:11:16,760 [aca6fe57-e7fe-4059-8fc7-aad793183b33-EndpointStateMachineTaskThread-/0.0.0.0:15269-0 ] INFO  ozoneimpl.OzoneContainer (OzoneContainer.java:startContainerScrub(339)) - Scheduled background container scanners and the on-demand container scanner have been disabled.
2024-03-05 10:11:16,760 [aca6fe57-e7fe-4059-8fc7-aad793183b33-EndpointStateMachineTaskThread-/0.0.0.0:15269-0 ] INFO  replication.ReplicationServer (ReplicationServer.java:start(142)) - ReplicationServer is started using port 15337
2024-03-05 10:11:16,760 [aca6fe57-e7fe-4059-8fc7-aad793183b33-EndpointStateMachineTaskThread-/0.0.0.0:15269-0 ] INFO  ratis.XceiverServerRatis (XceiverServerRatis.java:start(566)) - Starting XceiverServerRatis aca6fe57-e7fe-4059-8fc7-aad793183b33
2024-03-05 10:11:16,761 [aca6fe57-e7fe-4059-8fc7-aad793183b33-EndpointStateMachineTaskThread-/0.0.0.0:15269-0 ] INFO  server.RaftServer (RaftServerProxy.java:startImpl(406)) - aca6fe57-e7fe-4059-8fc7-aad793183b33: start RPC server
2024-03-05 10:11:16,761 [aca6fe57-e7fe-4059-8fc7-aad793183b33-EndpointStateMachineTaskThread-/0.0.0.0:15269-0 ] INFO  server.GrpcService (GrpcService.java:startImpl(302)) - aca6fe57-e7fe-4059-8fc7-aad793183b33: GrpcService started, listening on 15333
2024-03-05 10:11:16,761 [aca6fe57-e7fe-4059-8fc7-aad793183b33-EndpointStateMachineTaskThread-/0.0.0.0:15269-0 ] INFO  server.GrpcService (GrpcService.java:startImpl(302)) - aca6fe57-e7fe-4059-8fc7-aad793183b33: GrpcService started, listening on 15335
2024-03-05 10:11:16,761 [aca6fe57-e7fe-4059-8fc7-aad793183b33-EndpointStateMachineTaskThread-/0.0.0.0:15269-0 ] INFO  server.GrpcService (GrpcService.java:startImpl(302)) - aca6fe57-e7fe-4059-8fc7-aad793183b33: GrpcService started, listening on 15334
2024-03-05 10:11:16,762 [aca6fe57-e7fe-4059-8fc7-aad793183b33-EndpointStateMachineTaskThread-/0.0.0.0:15269-0 ] INFO  ratis.XceiverServerRatis (XceiverServerRatis.java:getRealPort(592)) - XceiverServerRatis aca6fe57-e7fe-4059-8fc7-aad793183b33 is started using port 15333 for RATIS
2024-03-05 10:11:16,762 [JvmPauseMonitor41] INFO  util.JvmPauseMonitor (JvmPauseMonitor.java:run(146)) - JvmPauseMonitor-aca6fe57-e7fe-4059-8fc7-aad793183b33: Started
2024-03-05 10:11:16,762 [aca6fe57-e7fe-4059-8fc7-aad793183b33-EndpointStateMachineTaskThread-/0.0.0.0:15269-0 ] INFO  ratis.XceiverServerRatis (XceiverServerRatis.java:getRealPort(592)) - XceiverServerRatis aca6fe57-e7fe-4059-8fc7-aad793183b33 is started using port 15334 for RATIS_ADMIN
2024-03-05 10:11:16,762 [aca6fe57-e7fe-4059-8fc7-aad793183b33-EndpointStateMachineTaskThread-/0.0.0.0:15269-0 ] INFO  ratis.XceiverServerRatis (XceiverServerRatis.java:getRealPort(592)) - XceiverServerRatis aca6fe57-e7fe-4059-8fc7-aad793183b33 is started using port 15335 for RATIS_SERVER
2024-03-05 10:11:16,762 [aca6fe57-e7fe-4059-8fc7-aad793183b33-EndpointStateMachineTaskThread-/0.0.0.0:15269-0 ] INFO  ratis.XceiverServerRatis (XceiverServerRatis.java:getRealPort(592)) - XceiverServerRatis aca6fe57-e7fe-4059-8fc7-aad793183b33 is started using port 15336 for RATIS_DATASTREAM
2024-03-05 10:11:16,763 [aca6fe57-e7fe-4059-8fc7-aad793183b33-BlockDeletingService#0] INFO  interfaces.ContainerDeletionChoosingPolicyTemplate (ContainerDeletionChoosingPolicyTemplate.java:chooseContainerForBlockDeletion(85)) - Chosen 0/5000 blocks from 0 candidate containers.
2024-03-05 10:11:16,854 [e7233910-62be-434d-8b50-630853f02a3c-EndpointStateMachineTaskThread-/0.0.0.0:15269-0 ] INFO  utils.DatanodeStoreCache (DatanodeStoreCache.java:addDB(72)) - Added db /home/runner/work/ozone/ozone/hadoop-ozone/integration-test/target/test-dir/MiniOzoneClusterImpl-58322414-df67-4d64-942a-a0d9644003f2/ozone-meta/datanode-8/data-0/hdds/58322414-df67-4d64-942a-a0d9644003f2/DS-039ad517-ce7d-4adb-a413-2ae07597885a/container.db to cache
2024-03-05 10:11:16,854 [e7233910-62be-434d-8b50-630853f02a3c-EndpointStateMachineTaskThread-/0.0.0.0:15269-0 ] INFO  volume.HddsVolume (HddsVolume.java:createDbStore(420)) - SchemaV3 db is created and loaded at /home/runner/work/ozone/ozone/hadoop-ozone/integration-test/target/test-dir/MiniOzoneClusterImpl-58322414-df67-4d64-942a-a0d9644003f2/ozone-meta/datanode-8/data-0/hdds/58322414-df67-4d64-942a-a0d9644003f2/DS-039ad517-ce7d-4adb-a413-2ae07597885a/container.db for volume DS-039ad517-ce7d-4adb-a413-2ae07597885a
2024-03-05 10:11:16,855 [e7233910-62be-434d-8b50-630853f02a3c-ContainerReader-0] INFO  ozoneimpl.ContainerReader (ContainerReader.java:readVolume(148)) - Start to verify containers on volume /home/runner/work/ozone/ozone/hadoop-ozone/integration-test/target/test-dir/MiniOzoneClusterImpl-58322414-df67-4d64-942a-a0d9644003f2/ozone-meta/datanode-8/data-0/hdds
2024-03-05 10:11:16,855 [e7233910-62be-434d-8b50-630853f02a3c-ContainerReader-0] INFO  ozoneimpl.ContainerReader (ContainerReader.java:readVolume(178)) - Finish verifying containers on volume /home/runner/work/ozone/ozone/hadoop-ozone/integration-test/target/test-dir/MiniOzoneClusterImpl-58322414-df67-4d64-942a-a0d9644003f2/ozone-meta/datanode-8/data-0/hdds
2024-03-05 10:11:16,855 [e7233910-62be-434d-8b50-630853f02a3c-EndpointStateMachineTaskThread-/0.0.0.0:15269-0 ] INFO  ozoneimpl.OzoneContainer (OzoneContainer.java:buildContainerSet(328)) - Build ContainerSet costs 0s
2024-03-05 10:11:16,855 [e7233910-62be-434d-8b50-630853f02a3c-EndpointStateMachineTaskThread-/0.0.0.0:15269-0 ] INFO  volume.ThrottledAsyncChecker (ThrottledAsyncChecker.java:schedule(141)) - Scheduling a check for /home/runner/work/ozone/ozone/hadoop-ozone/integration-test/target/test-dir/MiniOzoneClusterImpl-58322414-df67-4d64-942a-a0d9644003f2/ozone-meta/datanode-8/data-0/hdds
2024-03-05 10:11:16,856 [e7233910-62be-434d-8b50-630853f02a3c-EndpointStateMachineTaskThread-/0.0.0.0:15269-0 ] INFO  volume.StorageVolumeChecker (StorageVolumeChecker.java:checkAllVolumes(218)) - Scheduled health check for volume /home/runner/work/ozone/ozone/hadoop-ozone/integration-test/target/test-dir/MiniOzoneClusterImpl-58322414-df67-4d64-942a-a0d9644003f2/ozone-meta/datanode-8/data-0/hdds
2024-03-05 10:11:16,857 [e7233910-62be-434d-8b50-630853f02a3c-EndpointStateMachineTaskThread-/0.0.0.0:15269-0 ] INFO  volume.ThrottledAsyncChecker (ThrottledAsyncChecker.java:schedule(141)) - Scheduling a check for /home/runner/work/ozone/ozone/hadoop-ozone/integration-test/target/test-dir/MiniOzoneClusterImpl-58322414-df67-4d64-942a-a0d9644003f2/ozone-meta/datanode-8/ratis
2024-03-05 10:11:16,858 [e7233910-62be-434d-8b50-630853f02a3c-EndpointStateMachineTaskThread-/0.0.0.0:15269-0 ] INFO  volume.StorageVolumeChecker (StorageVolumeChecker.java:checkAllVolumes(218)) - Scheduled health check for volume /home/runner/work/ozone/ozone/hadoop-ozone/integration-test/target/test-dir/MiniOzoneClusterImpl-58322414-df67-4d64-942a-a0d9644003f2/ozone-meta/datanode-8/ratis
2024-03-05 10:11:16,859 [e7233910-62be-434d-8b50-630853f02a3c-EndpointStateMachineTaskThread-/0.0.0.0:15269-0 ] INFO  ozoneimpl.OzoneContainer (OzoneContainer.java:start(459)) - Attempting to start container services.
2024-03-05 10:11:16,859 [e7233910-62be-434d-8b50-630853f02a3c-EndpointStateMachineTaskThread-/0.0.0.0:15269-0 ] INFO  ozoneimpl.OzoneContainer (OzoneContainer.java:startContainerScrub(339)) - Scheduled background container scanners and the on-demand container scanner have been disabled.
2024-03-05 10:11:16,859 [e7233910-62be-434d-8b50-630853f02a3c-EndpointStateMachineTaskThread-/0.0.0.0:15269-0 ] INFO  replication.ReplicationServer (ReplicationServer.java:start(142)) - ReplicationServer is started using port 15346
2024-03-05 10:11:16,859 [e7233910-62be-434d-8b50-630853f02a3c-EndpointStateMachineTaskThread-/0.0.0.0:15269-0 ] INFO  ratis.XceiverServerRatis (XceiverServerRatis.java:start(566)) - Starting XceiverServerRatis e7233910-62be-434d-8b50-630853f02a3c
2024-03-05 10:11:16,860 [e7233910-62be-434d-8b50-630853f02a3c-EndpointStateMachineTaskThread-/0.0.0.0:15269-0 ] INFO  server.RaftServer (RaftServerProxy.java:startImpl(406)) - e7233910-62be-434d-8b50-630853f02a3c: start RPC server
2024-03-05 10:11:16,860 [e7233910-62be-434d-8b50-630853f02a3c-EndpointStateMachineTaskThread-/0.0.0.0:15269-0 ] INFO  server.GrpcService (GrpcService.java:startImpl(302)) - e7233910-62be-434d-8b50-630853f02a3c: GrpcService started, listening on 15342
2024-03-05 10:11:16,860 [e7233910-62be-434d-8b50-630853f02a3c-EndpointStateMachineTaskThread-/0.0.0.0:15269-0 ] INFO  server.GrpcService (GrpcService.java:startImpl(302)) - e7233910-62be-434d-8b50-630853f02a3c: GrpcService started, listening on 15344
2024-03-05 10:11:16,860 [e7233910-62be-434d-8b50-630853f02a3c-EndpointStateMachineTaskThread-/0.0.0.0:15269-0 ] INFO  server.GrpcService (GrpcService.java:startImpl(302)) - e7233910-62be-434d-8b50-630853f02a3c: GrpcService started, listening on 15343
2024-03-05 10:11:16,861 [e7233910-62be-434d-8b50-630853f02a3c-EndpointStateMachineTaskThread-/0.0.0.0:15269-0 ] INFO  ratis.XceiverServerRatis (XceiverServerRatis.java:getRealPort(592)) - XceiverServerRatis e7233910-62be-434d-8b50-630853f02a3c is started using port 15342 for RATIS
2024-03-05 10:11:16,861 [JvmPauseMonitor42] INFO  util.JvmPauseMonitor (JvmPauseMonitor.java:run(146)) - JvmPauseMonitor-e7233910-62be-434d-8b50-630853f02a3c: Started
2024-03-05 10:11:16,861 [e7233910-62be-434d-8b50-630853f02a3c-EndpointStateMachineTaskThread-/0.0.0.0:15269-0 ] INFO  ratis.XceiverServerRatis (XceiverServerRatis.java:getRealPort(592)) - XceiverServerRatis e7233910-62be-434d-8b50-630853f02a3c is started using port 15343 for RATIS_ADMIN
2024-03-05 10:11:16,861 [e7233910-62be-434d-8b50-630853f02a3c-EndpointStateMachineTaskThread-/0.0.0.0:15269-0 ] INFO  ratis.XceiverServerRatis (XceiverServerRatis.java:getRealPort(592)) - XceiverServerRatis e7233910-62be-434d-8b50-630853f02a3c is started using port 15344 for RATIS_SERVER
2024-03-05 10:11:16,861 [e7233910-62be-434d-8b50-630853f02a3c-EndpointStateMachineTaskThread-/0.0.0.0:15269-0 ] INFO  ratis.XceiverServerRatis (XceiverServerRatis.java:getRealPort(592)) - XceiverServerRatis e7233910-62be-434d-8b50-630853f02a3c is started using port 15345 for RATIS_DATASTREAM
2024-03-05 10:11:16,862 [e7233910-62be-434d-8b50-630853f02a3c-BlockDeletingService#0] INFO  interfaces.ContainerDeletionChoosingPolicyTemplate (ContainerDeletionChoosingPolicyTemplate.java:chooseContainerForBlockDeletion(85)) - Chosen 0/5000 blocks from 0 candidate containers.
2024-03-05 10:11:16,922 [main] INFO  ozone.MiniOzoneClusterImpl (MiniOzoneClusterImpl.java:lambda$waitForClusterToBeReady$0(194)) - Waiting for nodes to be ready. Got 0 of 9 DN Heartbeats.
2024-03-05 10:11:16,923 [main] INFO  ozone.MiniOzoneClusterImpl (MiniOzoneClusterImpl.java:lambda$waitForClusterToBeReady$0(197)) - Waiting for cluster to exit safe mode
2024-03-05 10:11:16,923 [main] INFO  ozone.MiniOzoneClusterImpl (MiniOzoneClusterImpl.java:lambda$waitForClusterToBeReady$0(199)) - SCM became leader
2024-03-05 10:11:16,957 [deb5d253-51cb-42bf-a345-825603079b10-EndpointStateMachineTaskThread-/0.0.0.0:15269-0 ] INFO  utils.DatanodeStoreCache (DatanodeStoreCache.java:addDB(72)) - Added db /home/runner/work/ozone/ozone/hadoop-ozone/integration-test/target/test-dir/MiniOzoneClusterImpl-58322414-df67-4d64-942a-a0d9644003f2/ozone-meta/datanode-9/data-0/hdds/58322414-df67-4d64-942a-a0d9644003f2/DS-103c11df-10bd-46cb-b3cd-a6451c91af17/container.db to cache
2024-03-05 10:11:16,957 [deb5d253-51cb-42bf-a345-825603079b10-EndpointStateMachineTaskThread-/0.0.0.0:15269-0 ] INFO  volume.HddsVolume (HddsVolume.java:createDbStore(420)) - SchemaV3 db is created and loaded at /home/runner/work/ozone/ozone/hadoop-ozone/integration-test/target/test-dir/MiniOzoneClusterImpl-58322414-df67-4d64-942a-a0d9644003f2/ozone-meta/datanode-9/data-0/hdds/58322414-df67-4d64-942a-a0d9644003f2/DS-103c11df-10bd-46cb-b3cd-a6451c91af17/container.db for volume DS-103c11df-10bd-46cb-b3cd-a6451c91af17
2024-03-05 10:11:16,960 [deb5d253-51cb-42bf-a345-825603079b10-ContainerReader-0] INFO  ozoneimpl.ContainerReader (ContainerReader.java:readVolume(148)) - Start to verify containers on volume /home/runner/work/ozone/ozone/hadoop-ozone/integration-test/target/test-dir/MiniOzoneClusterImpl-58322414-df67-4d64-942a-a0d9644003f2/ozone-meta/datanode-9/data-0/hdds
2024-03-05 10:11:16,960 [deb5d253-51cb-42bf-a345-825603079b10-ContainerReader-0] INFO  ozoneimpl.ContainerReader (ContainerReader.java:readVolume(178)) - Finish verifying containers on volume /home/runner/work/ozone/ozone/hadoop-ozone/integration-test/target/test-dir/MiniOzoneClusterImpl-58322414-df67-4d64-942a-a0d9644003f2/ozone-meta/datanode-9/data-0/hdds
2024-03-05 10:11:16,960 [deb5d253-51cb-42bf-a345-825603079b10-EndpointStateMachineTaskThread-/0.0.0.0:15269-0 ] INFO  ozoneimpl.OzoneContainer (OzoneContainer.java:buildContainerSet(328)) - Build ContainerSet costs 0s
2024-03-05 10:11:16,960 [deb5d253-51cb-42bf-a345-825603079b10-EndpointStateMachineTaskThread-/0.0.0.0:15269-0 ] INFO  volume.ThrottledAsyncChecker (ThrottledAsyncChecker.java:schedule(141)) - Scheduling a check for /home/runner/work/ozone/ozone/hadoop-ozone/integration-test/target/test-dir/MiniOzoneClusterImpl-58322414-df67-4d64-942a-a0d9644003f2/ozone-meta/datanode-9/data-0/hdds
2024-03-05 10:11:16,960 [deb5d253-51cb-42bf-a345-825603079b10-EndpointStateMachineTaskThread-/0.0.0.0:15269-0 ] INFO  volume.StorageVolumeChecker (StorageVolumeChecker.java:checkAllVolumes(218)) - Scheduled health check for volume /home/runner/work/ozone/ozone/hadoop-ozone/integration-test/target/test-dir/MiniOzoneClusterImpl-58322414-df67-4d64-942a-a0d9644003f2/ozone-meta/datanode-9/data-0/hdds
2024-03-05 10:11:16,962 [deb5d253-51cb-42bf-a345-825603079b10-EndpointStateMachineTaskThread-/0.0.0.0:15269-0 ] INFO  volume.ThrottledAsyncChecker (ThrottledAsyncChecker.java:schedule(141)) - Scheduling a check for /home/runner/work/ozone/ozone/hadoop-ozone/integration-test/target/test-dir/MiniOzoneClusterImpl-58322414-df67-4d64-942a-a0d9644003f2/ozone-meta/datanode-9/ratis
2024-03-05 10:11:16,962 [deb5d253-51cb-42bf-a345-825603079b10-EndpointStateMachineTaskThread-/0.0.0.0:15269-0 ] INFO  volume.StorageVolumeChecker (StorageVolumeChecker.java:checkAllVolumes(218)) - Scheduled health check for volume /home/runner/work/ozone/ozone/hadoop-ozone/integration-test/target/test-dir/MiniOzoneClusterImpl-58322414-df67-4d64-942a-a0d9644003f2/ozone-meta/datanode-9/ratis
2024-03-05 10:11:16,963 [deb5d253-51cb-42bf-a345-825603079b10-EndpointStateMachineTaskThread-/0.0.0.0:15269-0 ] INFO  ozoneimpl.OzoneContainer (OzoneContainer.java:start(459)) - Attempting to start container services.
2024-03-05 10:11:16,963 [deb5d253-51cb-42bf-a345-825603079b10-EndpointStateMachineTaskThread-/0.0.0.0:15269-0 ] INFO  ozoneimpl.OzoneContainer (OzoneContainer.java:startContainerScrub(339)) - Scheduled background container scanners and the on-demand container scanner have been disabled.
2024-03-05 10:11:16,964 [deb5d253-51cb-42bf-a345-825603079b10-EndpointStateMachineTaskThread-/0.0.0.0:15269-0 ] INFO  replication.ReplicationServer (ReplicationServer.java:start(142)) - ReplicationServer is started using port 15355
2024-03-05 10:11:16,964 [deb5d253-51cb-42bf-a345-825603079b10-EndpointStateMachineTaskThread-/0.0.0.0:15269-0 ] INFO  ratis.XceiverServerRatis (XceiverServerRatis.java:start(566)) - Starting XceiverServerRatis deb5d253-51cb-42bf-a345-825603079b10
2024-03-05 10:11:16,969 [deb5d253-51cb-42bf-a345-825603079b10-EndpointStateMachineTaskThread-/0.0.0.0:15269-0 ] INFO  server.RaftServer (RaftServerProxy.java:startImpl(406)) - deb5d253-51cb-42bf-a345-825603079b10: start RPC server
2024-03-05 10:11:16,970 [deb5d253-51cb-42bf-a345-825603079b10-EndpointStateMachineTaskThread-/0.0.0.0:15269-0 ] INFO  server.GrpcService (GrpcService.java:startImpl(302)) - deb5d253-51cb-42bf-a345-825603079b10: GrpcService started, listening on 15351
2024-03-05 10:11:16,970 [deb5d253-51cb-42bf-a345-825603079b10-EndpointStateMachineTaskThread-/0.0.0.0:15269-0 ] INFO  server.GrpcService (GrpcService.java:startImpl(302)) - deb5d253-51cb-42bf-a345-825603079b10: GrpcService started, listening on 15353
2024-03-05 10:11:16,970 [deb5d253-51cb-42bf-a345-825603079b10-EndpointStateMachineTaskThread-/0.0.0.0:15269-0 ] INFO  server.GrpcService (GrpcService.java:startImpl(302)) - deb5d253-51cb-42bf-a345-825603079b10: GrpcService started, listening on 15352
2024-03-05 10:11:16,970 [deb5d253-51cb-42bf-a345-825603079b10-EndpointStateMachineTaskThread-/0.0.0.0:15269-0 ] INFO  ratis.XceiverServerRatis (XceiverServerRatis.java:getRealPort(592)) - XceiverServerRatis deb5d253-51cb-42bf-a345-825603079b10 is started using port 15351 for RATIS
2024-03-05 10:11:16,970 [deb5d253-51cb-42bf-a345-825603079b10-EndpointStateMachineTaskThread-/0.0.0.0:15269-0 ] INFO  ratis.XceiverServerRatis (XceiverServerRatis.java:getRealPort(592)) - XceiverServerRatis deb5d253-51cb-42bf-a345-825603079b10 is started using port 15352 for RATIS_ADMIN
2024-03-05 10:11:16,971 [deb5d253-51cb-42bf-a345-825603079b10-EndpointStateMachineTaskThread-/0.0.0.0:15269-0 ] INFO  ratis.XceiverServerRatis (XceiverServerRatis.java:getRealPort(592)) - XceiverServerRatis deb5d253-51cb-42bf-a345-825603079b10 is started using port 15353 for RATIS_SERVER
2024-03-05 10:11:16,971 [deb5d253-51cb-42bf-a345-825603079b10-EndpointStateMachineTaskThread-/0.0.0.0:15269-0 ] INFO  ratis.XceiverServerRatis (XceiverServerRatis.java:getRealPort(592)) - XceiverServerRatis deb5d253-51cb-42bf-a345-825603079b10 is started using port 15354 for RATIS_DATASTREAM
2024-03-05 10:11:16,971 [JvmPauseMonitor43] INFO  util.JvmPauseMonitor (JvmPauseMonitor.java:run(146)) - JvmPauseMonitor-deb5d253-51cb-42bf-a345-825603079b10: Started
2024-03-05 10:11:16,974 [deb5d253-51cb-42bf-a345-825603079b10-BlockDeletingService#0] INFO  interfaces.ContainerDeletionChoosingPolicyTemplate (ContainerDeletionChoosingPolicyTemplate.java:chooseContainerForBlockDeletion(85)) - Chosen 0/5000 blocks from 0 candidate containers.
2024-03-05 10:11:17,923 [main] INFO  ozone.MiniOzoneClusterImpl (MiniOzoneClusterImpl.java:lambda$waitForClusterToBeReady$0(194)) - Waiting for nodes to be ready. Got 0 of 9 DN Heartbeats.
2024-03-05 10:11:17,923 [main] INFO  ozone.MiniOzoneClusterImpl (MiniOzoneClusterImpl.java:lambda$waitForClusterToBeReady$0(197)) - Waiting for cluster to exit safe mode
2024-03-05 10:11:17,923 [main] INFO  ozone.MiniOzoneClusterImpl (MiniOzoneClusterImpl.java:lambda$waitForClusterToBeReady$0(199)) - SCM became leader
2024-03-05 10:11:18,180 [IPC Server handler 4 on default port 15269] INFO  net.NetworkTopologyImpl (NetworkTopologyImpl.java:add(124)) - Added a new node: /default-rack/96c5040e-cdea-4ff5-b94a-979666270d21
2024-03-05 10:11:18,180 [IPC Server handler 4 on default port 15269] INFO  node.SCMNodeManager (SCMNodeManager.java:register(421)) - Registered datanode: 96c5040e-cdea-4ff5-b94a-979666270d21{ip: 10.1.0.29, host: fv-az1018-62.rl0eir1mf1ienctnmugi53kcld.ex.internal.cloudapp.net, ports: [HTTP=15276, CLIENT_RPC=15277, REPLICATION=15283, RATIS=15279, RATIS_ADMIN=15280, RATIS_SERVER=15281, RATIS_DATASTREAM=15282, STANDALONE=15278], networkLocation: /default-rack, certSerialId: null, persistedOpState: null, persistedOpStateExpiryEpochSec: 0}
2024-03-05 10:11:18,182 [EventQueue-NewNodeForNewNodeHandler] INFO  pipeline.BackgroundPipelineCreator (BackgroundPipelineCreator.java:notifyEventTriggered(280)) - trigger a one-shot run on RatisPipelineUtilsThread.
2024-03-05 10:11:18,183 [EventQueue-NodeRegistrationContainerReportForDataNodeSafeModeRule] INFO  safemode.SCMSafeModeManager (DataNodeSafeModeRule.java:process(71)) - SCM in safe mode. 1 DataNodes registered, 3 required.
2024-03-05 10:11:18,183 [RatisPipelineUtilsThread-0] INFO  pipeline.RatisPipelineProvider (RatisPipelineProvider.java:lambda$create$0(205)) - Sending CreatePipelineCommand for pipeline:PipelineID=58322b97-ca47-4828-8efe-4213590eeddb to datanode:96c5040e-cdea-4ff5-b94a-979666270d21
2024-03-05 10:11:18,184 [RatisPipelineUtilsThread-0] INFO  pipeline.BackgroundPipelineCreator (BackgroundPipelineCreator.java:createPipelines(236)) - Created new pipeline Pipeline[ Id: 58322b97-ca47-4828-8efe-4213590eeddb, Nodes: 96c5040e-cdea-4ff5-b94a-979666270d21(fv-az1018-62.rl0eir1mf1ienctnmugi53kcld.ex.internal.cloudapp.net/10.1.0.29), ReplicationConfig: RATIS/ONE, State:ALLOCATED, leaderId:, CreationTimestamp2024-03-05T10:11:18.183Z[Etc/UTC]]
2024-03-05 10:11:18,183 [EventQueue-NodeRegistrationContainerReportForContainerSafeModeRule] INFO  safemode.SCMSafeModeManager (SCMSafeModeManager.java:validateSafeModeExitRules(200)) - ContainerSafeModeRule rule is successfully validated
2024-03-05 10:11:18,184 [EventQueue-PipelineReportForOneReplicaPipelineSafeModeRule] INFO  safemode.SCMSafeModeManager (SCMSafeModeManager.java:validateSafeModeExitRules(200)) - AtleastOneDatanodeReportedRule rule is successfully validated
2024-03-05 10:11:18,259 [IPC Server handler 6 on default port 15269] INFO  net.NetworkTopologyImpl (NetworkTopologyImpl.java:add(124)) - Added a new node: /default-rack/40c6403c-e697-43dc-b480-ae867bb88e33
2024-03-05 10:11:18,259 [IPC Server handler 6 on default port 15269] INFO  node.SCMNodeManager (SCMNodeManager.java:register(421)) - Registered datanode: 40c6403c-e697-43dc-b480-ae867bb88e33{ip: 10.1.0.29, host: fv-az1018-62.rl0eir1mf1ienctnmugi53kcld.ex.internal.cloudapp.net, ports: [HTTP=15285, CLIENT_RPC=15286, REPLICATION=15292, RATIS=15288, RATIS_ADMIN=15289, RATIS_SERVER=15290, RATIS_DATASTREAM=15291, STANDALONE=15287], networkLocation: /default-rack, certSerialId: null, persistedOpState: null, persistedOpStateExpiryEpochSec: 0}
2024-03-05 10:11:18,260 [EventQueue-NewNodeForNewNodeHandler] INFO  pipeline.BackgroundPipelineCreator (BackgroundPipelineCreator.java:notifyEventTriggered(280)) - trigger a one-shot run on RatisPipelineUtilsThread.
2024-03-05 10:11:18,260 [EventQueue-NodeRegistrationContainerReportForDataNodeSafeModeRule] INFO  safemode.SCMSafeModeManager (DataNodeSafeModeRule.java:process(71)) - SCM in safe mode. 2 DataNodes registered, 3 required.
2024-03-05 10:11:18,260 [RatisPipelineUtilsThread-0] INFO  pipeline.RatisPipelineProvider (RatisPipelineProvider.java:lambda$create$0(205)) - Sending CreatePipelineCommand for pipeline:PipelineID=569d738e-aa16-4ece-aa4f-7d51ccf26f14 to datanode:40c6403c-e697-43dc-b480-ae867bb88e33
2024-03-05 10:11:18,261 [RatisPipelineUtilsThread-0] INFO  pipeline.BackgroundPipelineCreator (BackgroundPipelineCreator.java:createPipelines(236)) - Created new pipeline Pipeline[ Id: 569d738e-aa16-4ece-aa4f-7d51ccf26f14, Nodes: 40c6403c-e697-43dc-b480-ae867bb88e33(fv-az1018-62.rl0eir1mf1ienctnmugi53kcld.ex.internal.cloudapp.net/10.1.0.29), ReplicationConfig: RATIS/ONE, State:ALLOCATED, leaderId:, CreationTimestamp2024-03-05T10:11:18.260Z[Etc/UTC]]
2024-03-05 10:11:18,367 [IPC Server handler 7 on default port 15269] INFO  net.NetworkTopologyImpl (NetworkTopologyImpl.java:add(124)) - Added a new node: /default-rack/71f4d41d-0e43-455a-af57-6dee494bca18
2024-03-05 10:11:18,367 [IPC Server handler 7 on default port 15269] INFO  node.SCMNodeManager (SCMNodeManager.java:register(421)) - Registered datanode: 71f4d41d-0e43-455a-af57-6dee494bca18{ip: 10.1.0.29, host: fv-az1018-62.rl0eir1mf1ienctnmugi53kcld.ex.internal.cloudapp.net, ports: [HTTP=15294, CLIENT_RPC=15295, REPLICATION=15301, RATIS=15297, RATIS_ADMIN=15298, RATIS_SERVER=15299, RATIS_DATASTREAM=15300, STANDALONE=15296], networkLocation: /default-rack, certSerialId: null, persistedOpState: null, persistedOpStateExpiryEpochSec: 0}
2024-03-05 10:11:18,367 [EventQueue-NodeRegistrationContainerReportForDataNodeSafeModeRule] INFO  safemode.SCMSafeModeManager (DataNodeSafeModeRule.java:process(71)) - SCM in safe mode. 3 DataNodes registered, 3 required.
2024-03-05 10:11:18,368 [EventQueue-NodeRegistrationContainerReportForDataNodeSafeModeRule] INFO  safemode.SCMSafeModeManager (SCMSafeModeManager.java:validateSafeModeExitRules(200)) - DataNodeSafeModeRule rule is successfully validated
2024-03-05 10:11:18,368 [EventQueue-NodeRegistrationContainerReportForDataNodeSafeModeRule] INFO  safemode.SCMSafeModeManager (SCMSafeModeManager.java:completePreCheck(229)) - All SCM safe mode pre check rules have passed
2024-03-05 10:11:18,368 [EventQueue-NodeRegistrationContainerReportForDataNodeSafeModeRule] INFO  ha.SCMContext (SCMContext.java:updateSafeModeStatus(225)) - Update SafeModeStatus from SafeModeStatus{safeModeStatus=true, preCheckPassed=false} to SafeModeStatus{safeModeStatus=true, preCheckPassed=true}.
2024-03-05 10:11:18,368 [EventQueue-NewNodeForNewNodeHandler] INFO  pipeline.BackgroundPipelineCreator (BackgroundPipelineCreator.java:notifyEventTriggered(280)) - trigger a one-shot run on RatisPipelineUtilsThread.
2024-03-05 10:11:18,368 [EventQueue-NodeRegistrationContainerReportForDataNodeSafeModeRule] INFO  pipeline.BackgroundPipelineCreator (BackgroundPipelineCreator.java:notifyEventTriggered(280)) - trigger a one-shot run on RatisPipelineUtilsThread.
2024-03-05 10:11:18,368 [RatisPipelineUtilsThread-0] INFO  pipeline.RatisPipelineProvider (RatisPipelineProvider.java:lambda$create$0(205)) - Sending CreatePipelineCommand for pipeline:PipelineID=6745923d-3986-41aa-8695-32bea8aeaf95 to datanode:71f4d41d-0e43-455a-af57-6dee494bca18
2024-03-05 10:11:18,368 [RatisPipelineUtilsThread-0] INFO  pipeline.BackgroundPipelineCreator (BackgroundPipelineCreator.java:createPipelines(236)) - Created new pipeline Pipeline[ Id: 6745923d-3986-41aa-8695-32bea8aeaf95, Nodes: 71f4d41d-0e43-455a-af57-6dee494bca18(fv-az1018-62.rl0eir1mf1ienctnmugi53kcld.ex.internal.cloudapp.net/10.1.0.29), ReplicationConfig: RATIS/ONE, State:ALLOCATED, leaderId:, CreationTimestamp2024-03-05T10:11:18.368Z[Etc/UTC]]
2024-03-05 10:11:18,369 [RatisPipelineUtilsThread-0] INFO  pipeline.RatisPipelineProvider (RatisPipelineProvider.java:lambda$create$0(205)) - Sending CreatePipelineCommand for pipeline:PipelineID=055c12ea-da00-423a-b21b-ab97d73b6ec3 to datanode:96c5040e-cdea-4ff5-b94a-979666270d21
2024-03-05 10:11:18,369 [RatisPipelineUtilsThread-0] INFO  pipeline.RatisPipelineProvider (RatisPipelineProvider.java:lambda$create$0(205)) - Sending CreatePipelineCommand for pipeline:PipelineID=055c12ea-da00-423a-b21b-ab97d73b6ec3 to datanode:71f4d41d-0e43-455a-af57-6dee494bca18
2024-03-05 10:11:18,369 [RatisPipelineUtilsThread-0] INFO  pipeline.RatisPipelineProvider (RatisPipelineProvider.java:lambda$create$0(205)) - Sending CreatePipelineCommand for pipeline:PipelineID=055c12ea-da00-423a-b21b-ab97d73b6ec3 to datanode:40c6403c-e697-43dc-b480-ae867bb88e33
2024-03-05 10:11:18,369 [RatisPipelineUtilsThread-0] INFO  pipeline.BackgroundPipelineCreator (BackgroundPipelineCreator.java:createPipelines(236)) - Created new pipeline Pipeline[ Id: 055c12ea-da00-423a-b21b-ab97d73b6ec3, Nodes: 96c5040e-cdea-4ff5-b94a-979666270d21(fv-az1018-62.rl0eir1mf1ienctnmugi53kcld.ex.internal.cloudapp.net/10.1.0.29)71f4d41d-0e43-455a-af57-6dee494bca18(fv-az1018-62.rl0eir1mf1ienctnmugi53kcld.ex.internal.cloudapp.net/10.1.0.29)40c6403c-e697-43dc-b480-ae867bb88e33(fv-az1018-62.rl0eir1mf1ienctnmugi53kcld.ex.internal.cloudapp.net/10.1.0.29), ReplicationConfig: RATIS/THREE, State:ALLOCATED, leaderId:, CreationTimestamp2024-03-05T10:11:18.369Z[Etc/UTC]]
2024-03-05 10:11:18,475 [IPC Server handler 8 on default port 15269] INFO  net.NetworkTopologyImpl (NetworkTopologyImpl.java:add(124)) - Added a new node: /default-rack/d931d63e-dd15-4e6c-a722-a504b4f57030
2024-03-05 10:11:18,475 [IPC Server handler 8 on default port 15269] INFO  node.SCMNodeManager (SCMNodeManager.java:register(421)) - Registered datanode: d931d63e-dd15-4e6c-a722-a504b4f57030{ip: 10.1.0.29, host: fv-az1018-62.rl0eir1mf1ienctnmugi53kcld.ex.internal.cloudapp.net, ports: [HTTP=15303, CLIENT_RPC=15304, REPLICATION=15310, RATIS=15306, RATIS_ADMIN=15307, RATIS_SERVER=15308, RATIS_DATASTREAM=15309, STANDALONE=15305], networkLocation: /default-rack, certSerialId: null, persistedOpState: null, persistedOpStateExpiryEpochSec: 0}
2024-03-05 10:11:18,476 [EventQueue-NewNodeForNewNodeHandler] INFO  pipeline.BackgroundPipelineCreator (BackgroundPipelineCreator.java:notifyEventTriggered(280)) - trigger a one-shot run on RatisPipelineUtilsThread.
2024-03-05 10:11:18,477 [RatisPipelineUtilsThread-0] INFO  pipeline.RatisPipelineProvider (RatisPipelineProvider.java:lambda$create$0(205)) - Sending CreatePipelineCommand for pipeline:PipelineID=7c0c2088-2e84-41c8-966c-a1c468f92b51 to datanode:d931d63e-dd15-4e6c-a722-a504b4f57030
2024-03-05 10:11:18,477 [RatisPipelineUtilsThread-0] INFO  pipeline.BackgroundPipelineCreator (BackgroundPipelineCreator.java:createPipelines(236)) - Created new pipeline Pipeline[ Id: 7c0c2088-2e84-41c8-966c-a1c468f92b51, Nodes: d931d63e-dd15-4e6c-a722-a504b4f57030(fv-az1018-62.rl0eir1mf1ienctnmugi53kcld.ex.internal.cloudapp.net/10.1.0.29), ReplicationConfig: RATIS/ONE, State:ALLOCATED, leaderId:, CreationTimestamp2024-03-05T10:11:18.477Z[Etc/UTC]]
2024-03-05 10:11:18,554 [IPC Server handler 9 on default port 15269] INFO  net.NetworkTopologyImpl (NetworkTopologyImpl.java:add(124)) - Added a new node: /default-rack/e31e7e37-3da5-4192-a08f-644192942d08
2024-03-05 10:11:18,554 [IPC Server handler 9 on default port 15269] INFO  node.SCMNodeManager (SCMNodeManager.java:register(421)) - Registered datanode: e31e7e37-3da5-4192-a08f-644192942d08{ip: 10.1.0.29, host: fv-az1018-62.rl0eir1mf1ienctnmugi53kcld.ex.internal.cloudapp.net, ports: [HTTP=15312, CLIENT_RPC=15313, REPLICATION=15319, RATIS=15315, RATIS_ADMIN=15316, RATIS_SERVER=15317, RATIS_DATASTREAM=15318, STANDALONE=15314], networkLocation: /default-rack, certSerialId: null, persistedOpState: null, persistedOpStateExpiryEpochSec: 0}
2024-03-05 10:11:18,554 [EventQueue-NewNodeForNewNodeHandler] INFO  pipeline.BackgroundPipelineCreator (BackgroundPipelineCreator.java:notifyEventTriggered(280)) - trigger a one-shot run on RatisPipelineUtilsThread.
2024-03-05 10:11:18,555 [RatisPipelineUtilsThread-0] INFO  pipeline.RatisPipelineProvider (RatisPipelineProvider.java:lambda$create$0(205)) - Sending CreatePipelineCommand for pipeline:PipelineID=6433912d-c48a-4f98-8238-ecc2e6ac77d1 to datanode:e31e7e37-3da5-4192-a08f-644192942d08
2024-03-05 10:11:18,555 [RatisPipelineUtilsThread-0] INFO  pipeline.BackgroundPipelineCreator (BackgroundPipelineCreator.java:createPipelines(236)) - Created new pipeline Pipeline[ Id: 6433912d-c48a-4f98-8238-ecc2e6ac77d1, Nodes: e31e7e37-3da5-4192-a08f-644192942d08(fv-az1018-62.rl0eir1mf1ienctnmugi53kcld.ex.internal.cloudapp.net/10.1.0.29), ReplicationConfig: RATIS/ONE, State:ALLOCATED, leaderId:, CreationTimestamp2024-03-05T10:11:18.555Z[Etc/UTC]]
2024-03-05 10:11:18,646 [IPC Server handler 1 on default port 15269] INFO  net.NetworkTopologyImpl (NetworkTopologyImpl.java:add(124)) - Added a new node: /default-rack/76f60663-9351-4c92-a037-8f3a190b5659
2024-03-05 10:11:18,646 [IPC Server handler 1 on default port 15269] INFO  node.SCMNodeManager (SCMNodeManager.java:register(421)) - Registered datanode: 76f60663-9351-4c92-a037-8f3a190b5659{ip: 10.1.0.29, host: fv-az1018-62.rl0eir1mf1ienctnmugi53kcld.ex.internal.cloudapp.net, ports: [HTTP=15321, CLIENT_RPC=15322, REPLICATION=15328, RATIS=15324, RATIS_ADMIN=15325, RATIS_SERVER=15326, RATIS_DATASTREAM=15327, STANDALONE=15323], networkLocation: /default-rack, certSerialId: null, persistedOpState: null, persistedOpStateExpiryEpochSec: 0}
2024-03-05 10:11:18,646 [EventQueue-NewNodeForNewNodeHandler] INFO  pipeline.BackgroundPipelineCreator (BackgroundPipelineCreator.java:notifyEventTriggered(280)) - trigger a one-shot run on RatisPipelineUtilsThread.
2024-03-05 10:11:18,646 [RatisPipelineUtilsThread-0] INFO  pipeline.RatisPipelineProvider (RatisPipelineProvider.java:lambda$create$0(205)) - Sending CreatePipelineCommand for pipeline:PipelineID=efb7f63c-52b5-4262-888a-5cf951fb94bd to datanode:76f60663-9351-4c92-a037-8f3a190b5659
2024-03-05 10:11:18,647 [RatisPipelineUtilsThread-0] INFO  pipeline.BackgroundPipelineCreator (BackgroundPipelineCreator.java:createPipelines(236)) - Created new pipeline Pipeline[ Id: efb7f63c-52b5-4262-888a-5cf951fb94bd, Nodes: 76f60663-9351-4c92-a037-8f3a190b5659(fv-az1018-62.rl0eir1mf1ienctnmugi53kcld.ex.internal.cloudapp.net/10.1.0.29), ReplicationConfig: RATIS/ONE, State:ALLOCATED, leaderId:, CreationTimestamp2024-03-05T10:11:18.646Z[Etc/UTC]]
2024-03-05 10:11:18,647 [RatisPipelineUtilsThread-0] INFO  pipeline.RatisPipelineProvider (RatisPipelineProvider.java:lambda$create$0(205)) - Sending CreatePipelineCommand for pipeline:PipelineID=cca8b0cd-9cc6-4a71-babf-f3a3bfa84ec7 to datanode:d931d63e-dd15-4e6c-a722-a504b4f57030
2024-03-05 10:11:18,647 [RatisPipelineUtilsThread-0] INFO  pipeline.RatisPipelineProvider (RatisPipelineProvider.java:lambda$create$0(205)) - Sending CreatePipelineCommand for pipeline:PipelineID=cca8b0cd-9cc6-4a71-babf-f3a3bfa84ec7 to datanode:e31e7e37-3da5-4192-a08f-644192942d08
2024-03-05 10:11:18,647 [RatisPipelineUtilsThread-0] INFO  pipeline.RatisPipelineProvider (RatisPipelineProvider.java:lambda$create$0(205)) - Sending CreatePipelineCommand for pipeline:PipelineID=cca8b0cd-9cc6-4a71-babf-f3a3bfa84ec7 to datanode:76f60663-9351-4c92-a037-8f3a190b5659
2024-03-05 10:11:18,647 [RatisPipelineUtilsThread-0] INFO  pipeline.BackgroundPipelineCreator (BackgroundPipelineCreator.java:createPipelines(236)) - Created new pipeline Pipeline[ Id: cca8b0cd-9cc6-4a71-babf-f3a3bfa84ec7, Nodes: d931d63e-dd15-4e6c-a722-a504b4f57030(fv-az1018-62.rl0eir1mf1ienctnmugi53kcld.ex.internal.cloudapp.net/10.1.0.29)e31e7e37-3da5-4192-a08f-644192942d08(fv-az1018-62.rl0eir1mf1ienctnmugi53kcld.ex.internal.cloudapp.net/10.1.0.29)76f60663-9351-4c92-a037-8f3a190b5659(fv-az1018-62.rl0eir1mf1ienctnmugi53kcld.ex.internal.cloudapp.net/10.1.0.29), ReplicationConfig: RATIS/THREE, State:ALLOCATED, leaderId:, CreationTimestamp2024-03-05T10:11:18.647Z[Etc/UTC]]
2024-03-05 10:11:18,733 [IPC Server handler 2 on default port 15269] INFO  net.NetworkTopologyImpl (NetworkTopologyImpl.java:add(124)) - Added a new node: /default-rack/aca6fe57-e7fe-4059-8fc7-aad793183b33
2024-03-05 10:11:18,734 [IPC Server handler 2 on default port 15269] INFO  node.SCMNodeManager (SCMNodeManager.java:register(421)) - Registered datanode: aca6fe57-e7fe-4059-8fc7-aad793183b33{ip: 10.1.0.29, host: fv-az1018-62.rl0eir1mf1ienctnmugi53kcld.ex.internal.cloudapp.net, ports: [HTTP=15330, CLIENT_RPC=15331, REPLICATION=15337, RATIS=15333, RATIS_ADMIN=15334, RATIS_SERVER=15335, RATIS_DATASTREAM=15336, STANDALONE=15332], networkLocation: /default-rack, certSerialId: null, persistedOpState: null, persistedOpStateExpiryEpochSec: 0}
2024-03-05 10:11:18,734 [EventQueue-NewNodeForNewNodeHandler] INFO  pipeline.BackgroundPipelineCreator (BackgroundPipelineCreator.java:notifyEventTriggered(280)) - trigger a one-shot run on RatisPipelineUtilsThread.
2024-03-05 10:11:18,734 [RatisPipelineUtilsThread-0] INFO  pipeline.RatisPipelineProvider (RatisPipelineProvider.java:lambda$create$0(205)) - Sending CreatePipelineCommand for pipeline:PipelineID=69e01a9d-2717-4b02-afb1-c9eb3d273e82 to datanode:aca6fe57-e7fe-4059-8fc7-aad793183b33
2024-03-05 10:11:18,735 [RatisPipelineUtilsThread-0] INFO  pipeline.BackgroundPipelineCreator (BackgroundPipelineCreator.java:createPipelines(236)) - Created new pipeline Pipeline[ Id: 69e01a9d-2717-4b02-afb1-c9eb3d273e82, Nodes: aca6fe57-e7fe-4059-8fc7-aad793183b33(fv-az1018-62.rl0eir1mf1ienctnmugi53kcld.ex.internal.cloudapp.net/10.1.0.29), ReplicationConfig: RATIS/ONE, State:ALLOCATED, leaderId:, CreationTimestamp2024-03-05T10:11:18.734Z[Etc/UTC]]
2024-03-05 10:11:18,833 [IPC Server handler 0 on default port 15269] INFO  net.NetworkTopologyImpl (NetworkTopologyImpl.java:add(124)) - Added a new node: /default-rack/e7233910-62be-434d-8b50-630853f02a3c
2024-03-05 10:11:18,833 [IPC Server handler 0 on default port 15269] INFO  node.SCMNodeManager (SCMNodeManager.java:register(421)) - Registered datanode: e7233910-62be-434d-8b50-630853f02a3c{ip: 10.1.0.29, host: fv-az1018-62.rl0eir1mf1ienctnmugi53kcld.ex.internal.cloudapp.net, ports: [HTTP=15339, CLIENT_RPC=15340, REPLICATION=15346, RATIS=15342, RATIS_ADMIN=15343, RATIS_SERVER=15344, RATIS_DATASTREAM=15345, STANDALONE=15341], networkLocation: /default-rack, certSerialId: null, persistedOpState: null, persistedOpStateExpiryEpochSec: 0}
2024-03-05 10:11:18,834 [EventQueue-NewNodeForNewNodeHandler] INFO  pipeline.BackgroundPipelineCreator (BackgroundPipelineCreator.java:notifyEventTriggered(280)) - trigger a one-shot run on RatisPipelineUtilsThread.
2024-03-05 10:11:18,835 [RatisPipelineUtilsThread-0] INFO  pipeline.RatisPipelineProvider (RatisPipelineProvider.java:lambda$create$0(205)) - Sending CreatePipelineCommand for pipeline:PipelineID=4ae47a6d-4ba0-4668-ad67-de9e02c7b6ff to datanode:e7233910-62be-434d-8b50-630853f02a3c
2024-03-05 10:11:18,835 [RatisPipelineUtilsThread-0] INFO  pipeline.BackgroundPipelineCreator (BackgroundPipelineCreator.java:createPipelines(236)) - Created new pipeline Pipeline[ Id: 4ae47a6d-4ba0-4668-ad67-de9e02c7b6ff, Nodes: e7233910-62be-434d-8b50-630853f02a3c(fv-az1018-62.rl0eir1mf1ienctnmugi53kcld.ex.internal.cloudapp.net/10.1.0.29), ReplicationConfig: RATIS/ONE, State:ALLOCATED, leaderId:, CreationTimestamp2024-03-05T10:11:18.834Z[Etc/UTC]]
2024-03-05 10:11:18,923 [IPC Server handler 4 on default port 15269] INFO  net.NetworkTopologyImpl (NetworkTopologyImpl.java:add(124)) - Added a new node: /default-rack/deb5d253-51cb-42bf-a345-825603079b10
2024-03-05 10:11:18,923 [IPC Server handler 4 on default port 15269] INFO  node.SCMNodeManager (SCMNodeManager.java:register(421)) - Registered datanode: deb5d253-51cb-42bf-a345-825603079b10{ip: 10.1.0.29, host: fv-az1018-62.rl0eir1mf1ienctnmugi53kcld.ex.internal.cloudapp.net, ports: [HTTP=15348, CLIENT_RPC=15349, REPLICATION=15355, RATIS=15351, RATIS_ADMIN=15352, RATIS_SERVER=15353, RATIS_DATASTREAM=15354, STANDALONE=15350], networkLocation: /default-rack, certSerialId: null, persistedOpState: null, persistedOpStateExpiryEpochSec: 0}
2024-03-05 10:11:18,923 [EventQueue-NewNodeForNewNodeHandler] INFO  pipeline.BackgroundPipelineCreator (BackgroundPipelineCreator.java:notifyEventTriggered(280)) - trigger a one-shot run on RatisPipelineUtilsThread.
2024-03-05 10:11:18,923 [RatisPipelineUtilsThread-0] INFO  pipeline.RatisPipelineProvider (RatisPipelineProvider.java:lambda$create$0(205)) - Sending CreatePipelineCommand for pipeline:PipelineID=c5124770-9dd3-41e8-b31d-650a1e4f157d to datanode:deb5d253-51cb-42bf-a345-825603079b10
2024-03-05 10:11:18,924 [main] INFO  ozone.MiniOzoneClusterImpl (MiniOzoneClusterImpl.java:lambda$waitForClusterToBeReady$0(194)) - Nodes are ready. Got 9 of 9 DN Heartbeats.
2024-03-05 10:11:18,924 [main] INFO  ozone.MiniOzoneClusterImpl (MiniOzoneClusterImpl.java:lambda$waitForClusterToBeReady$0(197)) - Waiting for cluster to exit safe mode
2024-03-05 10:11:18,924 [main] INFO  ozone.MiniOzoneClusterImpl (MiniOzoneClusterImpl.java:lambda$waitForClusterToBeReady$0(199)) - SCM became leader
2024-03-05 10:11:18,924 [RatisPipelineUtilsThread-0] INFO  pipeline.BackgroundPipelineCreator (BackgroundPipelineCreator.java:createPipelines(236)) - Created new pipeline Pipeline[ Id: c5124770-9dd3-41e8-b31d-650a1e4f157d, Nodes: deb5d253-51cb-42bf-a345-825603079b10(fv-az1018-62.rl0eir1mf1ienctnmugi53kcld.ex.internal.cloudapp.net/10.1.0.29), ReplicationConfig: RATIS/ONE, State:ALLOCATED, leaderId:, CreationTimestamp2024-03-05T10:11:18.923Z[Etc/UTC]]
2024-03-05 10:11:18,924 [RatisPipelineUtilsThread-0] INFO  pipeline.RatisPipelineProvider (RatisPipelineProvider.java:lambda$create$0(205)) - Sending CreatePipelineCommand for pipeline:PipelineID=b1db25c2-65ad-4f77-bb39-993dcf1ede54 to datanode:deb5d253-51cb-42bf-a345-825603079b10
2024-03-05 10:11:18,925 [RatisPipelineUtilsThread-0] INFO  pipeline.RatisPipelineProvider (RatisPipelineProvider.java:lambda$create$0(205)) - Sending CreatePipelineCommand for pipeline:PipelineID=b1db25c2-65ad-4f77-bb39-993dcf1ede54 to datanode:e7233910-62be-434d-8b50-630853f02a3c
2024-03-05 10:11:18,925 [RatisPipelineUtilsThread-0] INFO  pipeline.RatisPipelineProvider (RatisPipelineProvider.java:lambda$create$0(205)) - Sending CreatePipelineCommand for pipeline:PipelineID=b1db25c2-65ad-4f77-bb39-993dcf1ede54 to datanode:aca6fe57-e7fe-4059-8fc7-aad793183b33
2024-03-05 10:11:18,925 [RatisPipelineUtilsThread-0] INFO  pipeline.BackgroundPipelineCreator (BackgroundPipelineCreator.java:createPipelines(236)) - Created new pipeline Pipeline[ Id: b1db25c2-65ad-4f77-bb39-993dcf1ede54, Nodes: deb5d253-51cb-42bf-a345-825603079b10(fv-az1018-62.rl0eir1mf1ienctnmugi53kcld.ex.internal.cloudapp.net/10.1.0.29)e7233910-62be-434d-8b50-630853f02a3c(fv-az1018-62.rl0eir1mf1ienctnmugi53kcld.ex.internal.cloudapp.net/10.1.0.29)aca6fe57-e7fe-4059-8fc7-aad793183b33(fv-az1018-62.rl0eir1mf1ienctnmugi53kcld.ex.internal.cloudapp.net/10.1.0.29), ReplicationConfig: RATIS/THREE, State:ALLOCATED, leaderId:, CreationTimestamp2024-03-05T10:11:18.924Z[Etc/UTC]]
2024-03-05 10:11:19,924 [main] INFO  ozone.MiniOzoneClusterImpl (MiniOzoneClusterImpl.java:lambda$waitForClusterToBeReady$0(194)) - Nodes are ready. Got 9 of 9 DN Heartbeats.
2024-03-05 10:11:19,924 [main] INFO  ozone.MiniOzoneClusterImpl (MiniOzoneClusterImpl.java:lambda$waitForClusterToBeReady$0(197)) - Waiting for cluster to exit safe mode
2024-03-05 10:11:19,925 [main] INFO  ozone.MiniOzoneClusterImpl (MiniOzoneClusterImpl.java:lambda$waitForClusterToBeReady$0(199)) - SCM became leader
2024-03-05 10:11:20,925 [main] INFO  ozone.MiniOzoneClusterImpl (MiniOzoneClusterImpl.java:lambda$waitForClusterToBeReady$0(194)) - Nodes are ready. Got 9 of 9 DN Heartbeats.
2024-03-05 10:11:20,925 [main] INFO  ozone.MiniOzoneClusterImpl (MiniOzoneClusterImpl.java:lambda$waitForClusterToBeReady$0(197)) - Waiting for cluster to exit safe mode
2024-03-05 10:11:20,925 [main] INFO  ozone.MiniOzoneClusterImpl (MiniOzoneClusterImpl.java:lambda$waitForClusterToBeReady$0(199)) - SCM became leader
2024-03-05 10:11:21,180 [96c5040e-cdea-4ff5-b94a-979666270d21-PipelineCommandHandlerThread-0] INFO  server.RaftServer (RaftServerProxy.java:addNew(100)) - 96c5040e-cdea-4ff5-b94a-979666270d21: addNew group-4213590EEDDB:[96c5040e-cdea-4ff5-b94a-979666270d21|10.1.0.29:15281] returns group-4213590EEDDB:java.util.concurrent.CompletableFuture@791fd760[Not completed]
2024-03-05 10:11:21,181 [96c5040e-cdea-4ff5-b94a-979666270d21-groupManagement] INFO  server.RaftServer$Division (RaftServerImpl.java:<init>(256)) - 96c5040e-cdea-4ff5-b94a-979666270d21: new RaftServerImpl for group-4213590EEDDB:[96c5040e-cdea-4ff5-b94a-979666270d21|10.1.0.29:15281] with ContainerStateMachine:uninitialized
2024-03-05 10:11:21,181 [96c5040e-cdea-4ff5-b94a-979666270d21-groupManagement] INFO  server.RaftServerConfigKeys (ConfUtils.java:logGet(46)) - raft.server.rpc.timeout.min = 5s (custom)
2024-03-05 10:11:21,181 [96c5040e-cdea-4ff5-b94a-979666270d21-groupManagement] INFO  server.RaftServerConfigKeys (ConfUtils.java:logGet(46)) - raft.server.rpc.timeout.max = 5200ms (custom)
2024-03-05 10:11:21,181 [96c5040e-cdea-4ff5-b94a-979666270d21-groupManagement] INFO  server.RaftServerConfigKeys (ConfUtils.java:logGet(46)) - raft.server.rpc.sleep.time = 25ms (default)
2024-03-05 10:11:21,182 [96c5040e-cdea-4ff5-b94a-979666270d21-groupManagement] INFO  server.RaftServerConfigKeys (ConfUtils.java:logGet(46)) - raft.server.rpc.slowness.timeout = 300000ms (custom)
2024-03-05 10:11:21,182 [96c5040e-cdea-4ff5-b94a-979666270d21-groupManagement] INFO  server.RaftServerConfigKeys (ConfUtils.java:logGet(46)) - raft.server.leaderelection.leader.step-down.wait-time = 10s (default)
2024-03-05 10:11:21,182 [96c5040e-cdea-4ff5-b94a-979666270d21-groupManagement] INFO  server.RaftServerConfigKeys (ConfUtils.java:logGet(46)) - raft.server.leaderelection.member.majority-add = false (default)
2024-03-05 10:11:21,182 [96c5040e-cdea-4ff5-b94a-979666270d21-groupManagement] INFO  server.RaftServerConfigKeys (ConfUtils.java:logGet(46)) - raft.server.sleep.deviation.threshold = 300ms (default)
2024-03-05 10:11:21,182 [96c5040e-cdea-4ff5-b94a-979666270d21-groupManagement] INFO  server.RaftServer$Division (ServerState.java:<init>(113)) - 96c5040e-cdea-4ff5-b94a-979666270d21@group-4213590EEDDB: ConfigurationManager, init=-1: peers:[96c5040e-cdea-4ff5-b94a-979666270d21|10.1.0.29:15281]|listeners:[], old=null, confs=<EMPTY_MAP>
2024-03-05 10:11:21,182 [96c5040e-cdea-4ff5-b94a-979666270d21-groupManagement] INFO  server.RaftServerConfigKeys (ConfUtils.java:logGet(46)) - raft.server.notification.no-leader.timeout = 300000ms (custom)
2024-03-05 10:11:21,182 [96c5040e-cdea-4ff5-b94a-979666270d21-groupManagement] INFO  server.RaftServerConfigKeys (ConfUtils.java:logGet(46)) - raft.server.read.timeout = 10s (default)
2024-03-05 10:11:21,182 [96c5040e-cdea-4ff5-b94a-979666270d21-groupManagement] INFO  server.RaftServerConfigKeys (ConfUtils.java:logGet(46)) - raft.server.retrycache.expirytime = 600000ms (custom)
2024-03-05 10:11:21,182 [96c5040e-cdea-4ff5-b94a-979666270d21-groupManagement] INFO  server.RaftServerConfigKeys (ConfUtils.java:logGet(46)) - raft.server.retrycache.statistics.expirytime = 100ms (default)
2024-03-05 10:11:21,182 [96c5040e-cdea-4ff5-b94a-979666270d21-groupManagement] INFO  server.RaftServerConfigKeys (ConfUtils.java:logGet(46)) - raft.server.read.option = DEFAULT (default)
2024-03-05 10:11:21,182 [96c5040e-cdea-4ff5-b94a-979666270d21-groupManagement] INFO  server.RaftServerConfigKeys (ConfUtils.java:logGet(46)) - raft.server.read.read-after-write-consistent.write-index-cache.expiry-time = 60s (default)
2024-03-05 10:11:21,185 [96c5040e-cdea-4ff5-b94a-979666270d21-groupManagement] INFO  server.RaftServerConfigKeys (ConfUtils.java:logGet(46)) - raft.server.rpc.request.timeout = 3000ms (default)
2024-03-05 10:11:21,185 [96c5040e-cdea-4ff5-b94a-979666270d21-groupManagement] INFO  server.RaftServerConfigKeys (ConfUtils.java:logGet(46)) - raft.server.log.appender.install.snapshot.enabled = false (custom)
2024-03-05 10:11:21,185 [96c5040e-cdea-4ff5-b94a-979666270d21-groupManagement] INFO  server.RaftServerConfigKeys (ConfUtils.java:logGet(46)) - raft.server.threadpool.server.cached = true (default)
2024-03-05 10:11:21,185 [96c5040e-cdea-4ff5-b94a-979666270d21-groupManagement] INFO  server.RaftServerConfigKeys (ConfUtils.java:logGet(46)) - raft.server.threadpool.server.size = 0 (default)
2024-03-05 10:11:21,185 [96c5040e-cdea-4ff5-b94a-979666270d21-groupManagement] INFO  server.RaftServerConfigKeys (ConfUtils.java:logGet(46)) - raft.server.threadpool.client.cached = true (default)
2024-03-05 10:11:21,185 [96c5040e-cdea-4ff5-b94a-979666270d21-groupManagement] INFO  server.RaftServerConfigKeys (ConfUtils.java:logGet(46)) - raft.server.threadpool.client.size = 0 (default)
2024-03-05 10:11:21,185 [96c5040e-cdea-4ff5-b94a-979666270d21-groupManagement] INFO  server.RaftServerConfigKeys (ConfUtils.java:logGet(46)) - raft.server.storage.free-space.min = 0MB (=0) (default)
2024-03-05 10:11:21,186 [96c5040e-cdea-4ff5-b94a-979666270d21-groupManagement] INFO  server.RaftServerConfigKeys (ConfUtils.java:logGet(46)) - raft.server.log.corruption.policy = EXCEPTION (default)
2024-03-05 10:11:21,186 [96c5040e-cdea-4ff5-b94a-979666270d21-groupManagement] INFO  server.RaftServerConfigKeys (ConfUtils.java:logGet(46)) - raft.server.storage.dir = [/home/runner/work/ozone/ozone/hadoop-ozone/integration-test/target/test-dir/MiniOzoneClusterImpl-58322414-df67-4d64-942a-a0d9644003f2/ozone-meta/datanode-1/ratis] (custom)
2024-03-05 10:11:21,186 [96c5040e-cdea-4ff5-b94a-979666270d21-groupManagement] INFO  storage.RaftStorageDirectory (RaftStorageDirectoryImpl.java:analyzeStorage(138)) - The storage directory /home/runner/work/ozone/ozone/hadoop-ozone/integration-test/target/test-dir/MiniOzoneClusterImpl-58322414-df67-4d64-942a-a0d9644003f2/ozone-meta/datanode-1/ratis/58322b97-ca47-4828-8efe-4213590eeddb does not exist. Creating ...
2024-03-05 10:11:21,187 [96c5040e-cdea-4ff5-b94a-979666270d21-groupManagement] INFO  storage.RaftStorageDirectory (RaftStorageDirectoryImpl.java:tryLock(228)) - Lock on /home/runner/work/ozone/ozone/hadoop-ozone/integration-test/target/test-dir/MiniOzoneClusterImpl-58322414-df67-4d64-942a-a0d9644003f2/ozone-meta/datanode-1/ratis/58322b97-ca47-4828-8efe-4213590eeddb/in_use.lock acquired by nodename 65937@fv-az1018-62
2024-03-05 10:11:21,188 [96c5040e-cdea-4ff5-b94a-979666270d21-groupManagement] INFO  storage.RaftStorage (RaftStorageImpl.java:format(99)) - Storage directory /home/runner/work/ozone/ozone/hadoop-ozone/integration-test/target/test-dir/MiniOzoneClusterImpl-58322414-df67-4d64-942a-a0d9644003f2/ozone-meta/datanode-1/ratis/58322b97-ca47-4828-8efe-4213590eeddb has been successfully formatted.
2024-03-05 10:11:21,188 [96c5040e-cdea-4ff5-b94a-979666270d21-groupManagement] WARN  util.FileUtils (LogUtils.java:supplyAndLog(63)) - Failed to Files.newInputStream /home/runner/work/ozone/ozone/hadoop-ozone/integration-test/target/test-dir/MiniOzoneClusterImpl-58322414-df67-4d64-942a-a0d9644003f2/ozone-meta/datanode-1/ratis/58322b97-ca47-4828-8efe-4213590eeddb/current/raft-meta.conf with options []: java.nio.file.NoSuchFileException: /home/runner/work/ozone/ozone/hadoop-ozone/integration-test/target/test-dir/MiniOzoneClusterImpl-58322414-df67-4d64-942a-a0d9644003f2/ozone-meta/datanode-1/ratis/58322b97-ca47-4828-8efe-4213590eeddb/current/raft-meta.conf
2024-03-05 10:11:21,189 [96c5040e-cdea-4ff5-b94a-979666270d21-groupManagement] INFO  ratis.ContainerStateMachine (ContainerStateMachine.java:loadSnapshot(287)) - group-4213590EEDDB: The snapshot info is null. Setting the last applied index to:(t:0, i:~)
2024-03-05 10:11:21,189 [96c5040e-cdea-4ff5-b94a-979666270d21-groupManagement] INFO  server.RaftServerConfigKeys (ConfUtils.java:logGet(46)) - raft.server.log.use.memory = false (default)
2024-03-05 10:11:21,189 [96c5040e-cdea-4ff5-b94a-979666270d21-groupManagement] INFO  server.RaftServerConfigKeys (ConfUtils.java:logGet(46)) - raft.server.log.purge.gap = 1000000 (custom)
2024-03-05 10:11:21,190 [EventQueue-PipelineReportForPipelineReportHandler] INFO  pipeline.PipelineReportHandler (PipelineReportHandler.java:processPipelineReport(136)) - Opened pipeline PipelineID=58322b97-ca47-4828-8efe-4213590eeddb
2024-03-05 10:11:21,194 [96c5040e-cdea-4ff5-b94a-979666270d21-groupManagement] INFO  server.RaftServerConfigKeys (ConfUtils.java:logGet(46)) - raft.server.log.appender.buffer.byte-limit = 8388608 (custom)
2024-03-05 10:11:21,194 [96c5040e-cdea-4ff5-b94a-979666270d21-groupManagement] INFO  server.RaftServerConfigKeys (ConfUtils.java:logGet(46)) - raft.server.log.statemachine.data.read.timeout = 1000ms (default)
2024-03-05 10:11:21,194 [96c5040e-cdea-4ff5-b94a-979666270d21-groupManagement] INFO  server.RaftServerConfigKeys (ConfUtils.java:logGet(46)) - raft.server.log.purge.preservation.log.num = 0 (default)
2024-03-05 10:11:21,195 [EventQueue-OpenPipelineForHealthyPipelineSafeModeRule] INFO  safemode.SCMSafeModeManager (HealthyPipelineSafeModeRule.java:process(140)) - SCM in safe mode. Healthy pipelines reported count is 0, required healthy pipeline reported count is 1
2024-03-05 10:11:21,196 [96c5040e-cdea-4ff5-b94a-979666270d21-groupManagement] INFO  server.RaftServerConfigKeys (ConfUtils.java:logGet(46)) - raft.server.log.segment.size.max = 67108864 (custom)
2024-03-05 10:11:21,196 [96c5040e-cdea-4ff5-b94a-979666270d21-groupManagement] INFO  server.RaftServerConfigKeys (ConfUtils.java:logGet(46)) - raft.server.log.segment.cache.num.max = 2 (custom)
2024-03-05 10:11:21,196 [96c5040e-cdea-4ff5-b94a-979666270d21-groupManagement] INFO  server.RaftServerConfigKeys (ConfUtils.java:logGet(46)) - raft.server.log.segment.cache.size.max = 200MB (=209715200) (default)
2024-03-05 10:11:21,196 [96c5040e-cdea-4ff5-b94a-979666270d21-groupManagement] INFO  server.RaftServerConfigKeys (ConfUtils.java:logGet(46)) - raft.server.log.appender.buffer.byte-limit = 8388608 (custom)
2024-03-05 10:11:21,196 [96c5040e-cdea-4ff5-b94a-979666270d21-groupManagement] INFO  util.AwaitToRun (AwaitToRun.java:start(81)) - Thread[96c5040e-cdea-4ff5-b94a-979666270d21@group-4213590EEDDB-cacheEviction-AwaitToRun,5,main] started
2024-03-05 10:11:21,196 [96c5040e-cdea-4ff5-b94a-979666270d21-groupManagement] INFO  segmented.SegmentedRaftLogWorker (SegmentedRaftLogWorker.java:<init>(182)) - new 96c5040e-cdea-4ff5-b94a-979666270d21@group-4213590EEDDB-SegmentedRaftLogWorker for RaftStorageImpl:Storage Directory /home/runner/work/ozone/ozone/hadoop-ozone/integration-test/target/test-dir/MiniOzoneClusterImpl-58322414-df67-4d64-942a-a0d9644003f2/ozone-meta/datanode-1/ratis/58322b97-ca47-4828-8efe-4213590eeddb
2024-03-05 10:11:21,196 [96c5040e-cdea-4ff5-b94a-979666270d21-groupManagement] INFO  server.RaftServerConfigKeys (ConfUtils.java:logGet(46)) - raft.server.log.queue.byte-limit = 4294967296 (custom)
2024-03-05 10:11:21,196 [96c5040e-cdea-4ff5-b94a-979666270d21-groupManagement] INFO  server.RaftServerConfigKeys (ConfUtils.java:logGet(46)) - raft.server.log.queue.element-limit = 1024 (custom)
2024-03-05 10:11:21,196 [96c5040e-cdea-4ff5-b94a-979666270d21-groupManagement] INFO  server.RaftServerConfigKeys (ConfUtils.java:logGet(46)) - raft.server.log.segment.size.max = 67108864 (custom)
2024-03-05 10:11:21,196 [96c5040e-cdea-4ff5-b94a-979666270d21-groupManagement] INFO  server.RaftServerConfigKeys (ConfUtils.java:logGet(46)) - raft.server.log.preallocated.size = 4194304 (custom)
2024-03-05 10:11:21,196 [96c5040e-cdea-4ff5-b94a-979666270d21-groupManagement] INFO  server.RaftServerConfigKeys (ConfUtils.java:logGet(46)) - raft.server.log.force.sync.num = 128 (default)
2024-03-05 10:11:21,197 [96c5040e-cdea-4ff5-b94a-979666270d21-groupManagement] INFO  server.RaftServerConfigKeys (ConfUtils.java:logGet(46)) - raft.server.log.statemachine.data.sync = true (default)
2024-03-05 10:11:21,197 [96c5040e-cdea-4ff5-b94a-979666270d21-groupManagement] INFO  server.RaftServerConfigKeys (ConfUtils.java:logGet(46)) - raft.server.log.statemachine.data.sync.timeout = 10s (default)
2024-03-05 10:11:21,197 [96c5040e-cdea-4ff5-b94a-979666270d21-groupManagement] INFO  server.RaftServerConfigKeys (ConfUtils.java:logGet(46)) - raft.server.log.statemachine.data.sync.timeout.retry = 0 (custom)
2024-03-05 10:11:21,197 [96c5040e-cdea-4ff5-b94a-979666270d21-groupManagement] INFO  server.RaftServerConfigKeys (ConfUtils.java:logGet(46)) - raft.server.log.write.buffer.size = 8388616 (custom)
2024-03-05 10:11:21,198 [96c5040e-cdea-4ff5-b94a-979666270d21-groupManagement] INFO  server.RaftServerConfigKeys (ConfUtils.java:logGet(46)) - raft.server.log.appender.buffer.byte-limit = 8388608 (custom)
2024-03-05 10:11:21,198 [96c5040e-cdea-4ff5-b94a-979666270d21-groupManagement] INFO  server.RaftServerConfigKeys (ConfUtils.java:logGet(46)) - raft.server.log.unsafe-flush.enabled = false (default)
2024-03-05 10:11:21,198 [96c5040e-cdea-4ff5-b94a-979666270d21-groupManagement] INFO  server.RaftServerConfigKeys (ConfUtils.java:logGet(46)) - raft.server.log.async-flush.enabled = false (default)
2024-03-05 10:11:21,198 [96c5040e-cdea-4ff5-b94a-979666270d21-groupManagement] INFO  server.RaftServerConfigKeys (ConfUtils.java:logGet(46)) - raft.server.log.statemachine.data.caching.enabled = true (custom)
2024-03-05 10:11:21,198 [96c5040e-cdea-4ff5-b94a-979666270d21-groupManagement] INFO  segmented.SegmentedRaftLogWorker (SegmentedRaftLogWorker.java:lambda$new$0(134)) - 96c5040e-cdea-4ff5-b94a-979666270d21@group-4213590EEDDB-SegmentedRaftLogWorker: flushIndex: setUnconditionally 0 -> -1
2024-03-05 10:11:21,198 [96c5040e-cdea-4ff5-b94a-979666270d21-groupManagement] INFO  segmented.SegmentedRaftLogWorker (SegmentedRaftLogWorker.java:lambda$new$0(134)) - 96c5040e-cdea-4ff5-b94a-979666270d21@group-4213590EEDDB-SegmentedRaftLogWorker: safeCacheEvictIndex: setUnconditionally 0 -> -1
2024-03-05 10:11:21,199 [96c5040e-cdea-4ff5-b94a-979666270d21-groupManagement] INFO  server.RaftServer$Division (RaftServerImpl.java:start(396)) - 96c5040e-cdea-4ff5-b94a-979666270d21@group-4213590EEDDB: start as a follower, conf=-1: peers:[96c5040e-cdea-4ff5-b94a-979666270d21|10.1.0.29:15281]|listeners:[], old=null
2024-03-05 10:11:21,199 [96c5040e-cdea-4ff5-b94a-979666270d21-groupManagement] INFO  server.RaftServer$Division (RaftServerImpl.java:setRole(383)) - 96c5040e-cdea-4ff5-b94a-979666270d21@group-4213590EEDDB: changes role from      null to FOLLOWER at term 0 for startAsFollower
2024-03-05 10:11:21,199 [96c5040e-cdea-4ff5-b94a-979666270d21-groupManagement] INFO  impl.RoleInfo (RoleInfo.java:updateAndGet(139)) - 96c5040e-cdea-4ff5-b94a-979666270d21: start 96c5040e-cdea-4ff5-b94a-979666270d21@group-4213590EEDDB-FollowerState
2024-03-05 10:11:21,199 [96c5040e-cdea-4ff5-b94a-979666270d21@group-4213590EEDDB-FollowerState] INFO  server.RaftServerConfigKeys (ConfUtils.java:logFallback(53)) - raft.server.rpc.first-election.timeout.min = 5s (fallback to raft.server.rpc.timeout.min)
2024-03-05 10:11:21,199 [96c5040e-cdea-4ff5-b94a-979666270d21-groupManagement] INFO  util.JmxRegister (JmxRegister.java:tryRegister(44)) - Successfully registered JMX Bean with object name Ratis:service=RaftServer,group=group-4213590EEDDB,id=96c5040e-cdea-4ff5-b94a-979666270d21
2024-03-05 10:11:21,199 [96c5040e-cdea-4ff5-b94a-979666270d21@group-4213590EEDDB-FollowerState] INFO  server.RaftServerConfigKeys (ConfUtils.java:logFallback(53)) - raft.server.rpc.first-election.timeout.max = 5200ms (fallback to raft.server.rpc.timeout.max)
2024-03-05 10:11:21,199 [96c5040e-cdea-4ff5-b94a-979666270d21-groupManagement] INFO  server.RaftServerConfigKeys (ConfUtils.java:logGet(46)) - raft.server.snapshot.trigger-when-stop.enabled = true (default)
2024-03-05 10:11:21,199 [96c5040e-cdea-4ff5-b94a-979666270d21-groupManagement] INFO  server.RaftServerConfigKeys (ConfUtils.java:logGet(46)) - raft.server.snapshot.auto.trigger.enabled = true (custom)
2024-03-05 10:11:21,199 [96c5040e-cdea-4ff5-b94a-979666270d21-groupManagement] INFO  server.RaftServerConfigKeys (ConfUtils.java:logGet(46)) - raft.server.snapshot.auto.trigger.threshold = 10000 (custom)
2024-03-05 10:11:21,199 [96c5040e-cdea-4ff5-b94a-979666270d21-groupManagement] INFO  server.RaftServerConfigKeys (ConfUtils.java:logGet(46)) - raft.server.snapshot.retention.file.num = 5 (custom)
2024-03-05 10:11:21,199 [96c5040e-cdea-4ff5-b94a-979666270d21-groupManagement] INFO  server.RaftServerConfigKeys (ConfUtils.java:logGet(46)) - raft.server.log.purge.upto.snapshot.index = false (default)
2024-03-05 10:11:21,200 [96c5040e-cdea-4ff5-b94a-979666270d21-PipelineCommandHandlerThread-0] INFO  ratis.XceiverServerRatis (XceiverServerRatis.java:addGroup(864)) - Created group PipelineID=58322b97-ca47-4828-8efe-4213590eeddb
2024-03-05 10:11:21,200 [96c5040e-cdea-4ff5-b94a-979666270d21-PipelineCommandHandlerThread-0] INFO  commandhandler.CreatePipelineCommandHandler (CreatePipelineCommandHandler.java:lambda$handle$2(124)) - Created Pipeline RATIS ONE PipelineID=58322b97-ca47-4828-8efe-4213590eeddb.
2024-03-05 10:11:21,200 [96c5040e-cdea-4ff5-b94a-979666270d21-PipelineCommandHandlerThread-0] INFO  server.RaftServer (RaftServerProxy.java:addNew(100)) - 96c5040e-cdea-4ff5-b94a-979666270d21: addNew group-AB97D73B6EC3:[40c6403c-e697-43dc-b480-ae867bb88e33|10.1.0.29:15290, 96c5040e-cdea-4ff5-b94a-979666270d21|10.1.0.29:15281, 71f4d41d-0e43-455a-af57-6dee494bca18|10.1.0.29:15299] returns group-AB97D73B6EC3:java.util.concurrent.CompletableFuture@7d205c9b[Not completed]
2024-03-05 10:11:21,200 [96c5040e-cdea-4ff5-b94a-979666270d21-groupManagement] INFO  server.RaftServer$Division (RaftServerImpl.java:<init>(256)) - 96c5040e-cdea-4ff5-b94a-979666270d21: new RaftServerImpl for group-AB97D73B6EC3:[40c6403c-e697-43dc-b480-ae867bb88e33|10.1.0.29:15290, 96c5040e-cdea-4ff5-b94a-979666270d21|10.1.0.29:15281, 71f4d41d-0e43-455a-af57-6dee494bca18|10.1.0.29:15299] with ContainerStateMachine:uninitialized
2024-03-05 10:11:21,201 [96c5040e-cdea-4ff5-b94a-979666270d21-groupManagement] INFO  server.RaftServerConfigKeys (ConfUtils.java:logGet(46)) - raft.server.rpc.timeout.min = 5s (custom)
2024-03-05 10:11:21,201 [96c5040e-cdea-4ff5-b94a-979666270d21-groupManagement] INFO  server.RaftServerConfigKeys (ConfUtils.java:logGet(46)) - raft.server.rpc.timeout.max = 5200ms (custom)
2024-03-05 10:11:21,201 [96c5040e-cdea-4ff5-b94a-979666270d21-groupManagement] INFO  server.RaftServerConfigKeys (ConfUtils.java:logGet(46)) - raft.server.rpc.sleep.time = 25ms (default)
2024-03-05 10:11:21,201 [96c5040e-cdea-4ff5-b94a-979666270d21-groupManagement] INFO  server.RaftServerConfigKeys (ConfUtils.java:logGet(46)) - raft.server.rpc.slowness.timeout = 300000ms (custom)
2024-03-05 10:11:21,201 [96c5040e-cdea-4ff5-b94a-979666270d21-groupManagement] INFO  server.RaftServerConfigKeys (ConfUtils.java:logGet(46)) - raft.server.leaderelection.leader.step-down.wait-time = 10s (default)
2024-03-05 10:11:21,201 [96c5040e-cdea-4ff5-b94a-979666270d21-groupManagement] INFO  server.RaftServerConfigKeys (ConfUtils.java:logGet(46)) - raft.server.leaderelection.member.majority-add = false (default)
2024-03-05 10:11:21,201 [96c5040e-cdea-4ff5-b94a-979666270d21-groupManagement] INFO  server.RaftServerConfigKeys (ConfUtils.java:logGet(46)) - raft.server.sleep.deviation.threshold = 300ms (default)
2024-03-05 10:11:21,201 [96c5040e-cdea-4ff5-b94a-979666270d21-groupManagement] INFO  server.RaftServer$Division (ServerState.java:<init>(113)) - 96c5040e-cdea-4ff5-b94a-979666270d21@group-AB97D73B6EC3: ConfigurationManager, init=-1: peers:[40c6403c-e697-43dc-b480-ae867bb88e33|10.1.0.29:15290, 96c5040e-cdea-4ff5-b94a-979666270d21|10.1.0.29:15281, 71f4d41d-0e43-455a-af57-6dee494bca18|10.1.0.29:15299]|listeners:[], old=null, confs=<EMPTY_MAP>
2024-03-05 10:11:21,201 [96c5040e-cdea-4ff5-b94a-979666270d21-groupManagement] INFO  server.RaftServerConfigKeys (ConfUtils.java:logGet(46)) - raft.server.notification.no-leader.timeout = 300000ms (custom)
2024-03-05 10:11:21,201 [96c5040e-cdea-4ff5-b94a-979666270d21-groupManagement] INFO  server.RaftServerConfigKeys (ConfUtils.java:logGet(46)) - raft.server.read.timeout = 10s (default)
2024-03-05 10:11:21,201 [96c5040e-cdea-4ff5-b94a-979666270d21-groupManagement] INFO  server.RaftServerConfigKeys (ConfUtils.java:logGet(46)) - raft.server.retrycache.expirytime = 600000ms (custom)
2024-03-05 10:11:21,201 [96c5040e-cdea-4ff5-b94a-979666270d21-groupManagement] INFO  server.RaftServerConfigKeys (ConfUtils.java:logGet(46)) - raft.server.retrycache.statistics.expirytime = 100ms (default)
2024-03-05 10:11:21,201 [96c5040e-cdea-4ff5-b94a-979666270d21-groupManagement] INFO  server.RaftServerConfigKeys (ConfUtils.java:logGet(46)) - raft.server.read.option = DEFAULT (default)
2024-03-05 10:11:21,201 [96c5040e-cdea-4ff5-b94a-979666270d21-groupManagement] INFO  server.RaftServerConfigKeys (ConfUtils.java:logGet(46)) - raft.server.read.read-after-write-consistent.write-index-cache.expiry-time = 60s (default)
2024-03-05 10:11:21,202 [96c5040e-cdea-4ff5-b94a-979666270d21-groupManagement] INFO  server.RaftServerConfigKeys (ConfUtils.java:logGet(46)) - raft.server.rpc.request.timeout = 3000ms (default)
2024-03-05 10:11:21,203 [96c5040e-cdea-4ff5-b94a-979666270d21-groupManagement] INFO  server.RaftServerConfigKeys (ConfUtils.java:logGet(46)) - raft.server.log.appender.install.snapshot.enabled = false (custom)
2024-03-05 10:11:21,203 [96c5040e-cdea-4ff5-b94a-979666270d21-groupManagement] INFO  server.RaftServerConfigKeys (ConfUtils.java:logGet(46)) - raft.server.threadpool.server.cached = true (default)
2024-03-05 10:11:21,203 [96c5040e-cdea-4ff5-b94a-979666270d21-groupManagement] INFO  server.RaftServerConfigKeys (ConfUtils.java:logGet(46)) - raft.server.threadpool.server.size = 0 (default)
2024-03-05 10:11:21,203 [96c5040e-cdea-4ff5-b94a-979666270d21-groupManagement] INFO  server.RaftServerConfigKeys (ConfUtils.java:logGet(46)) - raft.server.threadpool.client.cached = true (default)
2024-03-05 10:11:21,203 [96c5040e-cdea-4ff5-b94a-979666270d21-groupManagement] INFO  server.RaftServerConfigKeys (ConfUtils.java:logGet(46)) - raft.server.threadpool.client.size = 0 (default)
2024-03-05 10:11:21,203 [96c5040e-cdea-4ff5-b94a-979666270d21-groupManagement] INFO  server.RaftServerConfigKeys (ConfUtils.java:logGet(46)) - raft.server.storage.free-space.min = 0MB (=0) (default)
2024-03-05 10:11:21,203 [96c5040e-cdea-4ff5-b94a-979666270d21-groupManagement] INFO  server.RaftServerConfigKeys (ConfUtils.java:logGet(46)) - raft.server.log.corruption.policy = EXCEPTION (default)
2024-03-05 10:11:21,203 [96c5040e-cdea-4ff5-b94a-979666270d21-groupManagement] INFO  server.RaftServerConfigKeys (ConfUtils.java:logGet(46)) - raft.server.storage.dir = [/home/runner/work/ozone/ozone/hadoop-ozone/integration-test/target/test-dir/MiniOzoneClusterImpl-58322414-df67-4d64-942a-a0d9644003f2/ozone-meta/datanode-1/ratis] (custom)
2024-03-05 10:11:21,203 [96c5040e-cdea-4ff5-b94a-979666270d21-groupManagement] INFO  storage.RaftStorageDirectory (RaftStorageDirectoryImpl.java:analyzeStorage(138)) - The storage directory /home/runner/work/ozone/ozone/hadoop-ozone/integration-test/target/test-dir/MiniOzoneClusterImpl-58322414-df67-4d64-942a-a0d9644003f2/ozone-meta/datanode-1/ratis/055c12ea-da00-423a-b21b-ab97d73b6ec3 does not exist. Creating ...
2024-03-05 10:11:21,204 [96c5040e-cdea-4ff5-b94a-979666270d21-groupManagement] INFO  storage.RaftStorageDirectory (RaftStorageDirectoryImpl.java:tryLock(228)) - Lock on /home/runner/work/ozone/ozone/hadoop-ozone/integration-test/target/test-dir/MiniOzoneClusterImpl-58322414-df67-4d64-942a-a0d9644003f2/ozone-meta/datanode-1/ratis/055c12ea-da00-423a-b21b-ab97d73b6ec3/in_use.lock acquired by nodename 65937@fv-az1018-62
2024-03-05 10:11:21,205 [96c5040e-cdea-4ff5-b94a-979666270d21-groupManagement] INFO  storage.RaftStorage (RaftStorageImpl.java:format(99)) - Storage directory /home/runner/work/ozone/ozone/hadoop-ozone/integration-test/target/test-dir/MiniOzoneClusterImpl-58322414-df67-4d64-942a-a0d9644003f2/ozone-meta/datanode-1/ratis/055c12ea-da00-423a-b21b-ab97d73b6ec3 has been successfully formatted.
2024-03-05 10:11:21,205 [96c5040e-cdea-4ff5-b94a-979666270d21-groupManagement] WARN  util.FileUtils (LogUtils.java:supplyAndLog(63)) - Failed to Files.newInputStream /home/runner/work/ozone/ozone/hadoop-ozone/integration-test/target/test-dir/MiniOzoneClusterImpl-58322414-df67-4d64-942a-a0d9644003f2/ozone-meta/datanode-1/ratis/055c12ea-da00-423a-b21b-ab97d73b6ec3/current/raft-meta.conf with options []: java.nio.file.NoSuchFileException: /home/runner/work/ozone/ozone/hadoop-ozone/integration-test/target/test-dir/MiniOzoneClusterImpl-58322414-df67-4d64-942a-a0d9644003f2/ozone-meta/datanode-1/ratis/055c12ea-da00-423a-b21b-ab97d73b6ec3/current/raft-meta.conf
2024-03-05 10:11:21,205 [96c5040e-cdea-4ff5-b94a-979666270d21-groupManagement] INFO  ratis.ContainerStateMachine (ContainerStateMachine.java:loadSnapshot(287)) - group-AB97D73B6EC3: The snapshot info is null. Setting the last applied index to:(t:0, i:~)
2024-03-05 10:11:21,205 [96c5040e-cdea-4ff5-b94a-979666270d21-groupManagement] INFO  server.RaftServerConfigKeys (ConfUtils.java:logGet(46)) - raft.server.log.use.memory = false (default)
2024-03-05 10:11:21,205 [96c5040e-cdea-4ff5-b94a-979666270d21-groupManagement] INFO  server.RaftServerConfigKeys (ConfUtils.java:logGet(46)) - raft.server.log.purge.gap = 1000000 (custom)
2024-03-05 10:11:21,205 [96c5040e-cdea-4ff5-b94a-979666270d21-groupManagement] INFO  server.RaftServerConfigKeys (ConfUtils.java:logGet(46)) - raft.server.log.appender.buffer.byte-limit = 8388608 (custom)
2024-03-05 10:11:21,205 [96c5040e-cdea-4ff5-b94a-979666270d21-groupManagement] INFO  server.RaftServerConfigKeys (ConfUtils.java:logGet(46)) - raft.server.log.statemachine.data.read.timeout = 1000ms (default)
2024-03-05 10:11:21,205 [96c5040e-cdea-4ff5-b94a-979666270d21-groupManagement] INFO  server.RaftServerConfigKeys (ConfUtils.java:logGet(46)) - raft.server.log.purge.preservation.log.num = 0 (default)
2024-03-05 10:11:21,206 [96c5040e-cdea-4ff5-b94a-979666270d21-groupManagement] INFO  server.RaftServerConfigKeys (ConfUtils.java:logGet(46)) - raft.server.log.segment.size.max = 67108864 (custom)
2024-03-05 10:11:21,207 [EventQueue-OpenPipelineForHealthyPipelineSafeModeRule] INFO  safemode.SCMSafeModeManager (HealthyPipelineSafeModeRule.java:process(140)) - SCM in safe mode. Healthy pipelines reported count is 0, required healthy pipeline reported count is 1
2024-03-05 10:11:21,207 [96c5040e-cdea-4ff5-b94a-979666270d21-groupManagement] INFO  server.RaftServerConfigKeys (ConfUtils.java:logGet(46)) - raft.server.log.segment.cache.num.max = 2 (custom)
2024-03-05 10:11:21,207 [96c5040e-cdea-4ff5-b94a-979666270d21-groupManagement] INFO  server.RaftServerConfigKeys (ConfUtils.java:logGet(46)) - raft.server.log.segment.cache.size.max = 200MB (=209715200) (default)
2024-03-05 10:11:21,207 [96c5040e-cdea-4ff5-b94a-979666270d21-groupManagement] INFO  server.RaftServerConfigKeys (ConfUtils.java:logGet(46)) - raft.server.log.appender.buffer.byte-limit = 8388608 (custom)
2024-03-05 10:11:21,208 [96c5040e-cdea-4ff5-b94a-979666270d21-groupManagement] INFO  util.AwaitToRun (AwaitToRun.java:start(81)) - Thread[96c5040e-cdea-4ff5-b94a-979666270d21@group-AB97D73B6EC3-cacheEviction-AwaitToRun,5,main] started
2024-03-05 10:11:21,208 [96c5040e-cdea-4ff5-b94a-979666270d21-groupManagement] INFO  segmented.SegmentedRaftLogWorker (SegmentedRaftLogWorker.java:<init>(182)) - new 96c5040e-cdea-4ff5-b94a-979666270d21@group-AB97D73B6EC3-SegmentedRaftLogWorker for RaftStorageImpl:Storage Directory /home/runner/work/ozone/ozone/hadoop-ozone/integration-test/target/test-dir/MiniOzoneClusterImpl-58322414-df67-4d64-942a-a0d9644003f2/ozone-meta/datanode-1/ratis/055c12ea-da00-423a-b21b-ab97d73b6ec3
2024-03-05 10:11:21,208 [96c5040e-cdea-4ff5-b94a-979666270d21-groupManagement] INFO  server.RaftServerConfigKeys (ConfUtils.java:logGet(46)) - raft.server.log.queue.byte-limit = 4294967296 (custom)
2024-03-05 10:11:21,208 [96c5040e-cdea-4ff5-b94a-979666270d21-groupManagement] INFO  server.RaftServerConfigKeys (ConfUtils.java:logGet(46)) - raft.server.log.queue.element-limit = 1024 (custom)
2024-03-05 10:11:21,208 [96c5040e-cdea-4ff5-b94a-979666270d21-groupManagement] INFO  server.RaftServerConfigKeys (ConfUtils.java:logGet(46)) - raft.server.log.segment.size.max = 67108864 (custom)
2024-03-05 10:11:21,208 [96c5040e-cdea-4ff5-b94a-979666270d21-groupManagement] INFO  server.RaftServerConfigKeys (ConfUtils.java:logGet(46)) - raft.server.log.preallocated.size = 4194304 (custom)
2024-03-05 10:11:21,208 [96c5040e-cdea-4ff5-b94a-979666270d21-groupManagement] INFO  server.RaftServerConfigKeys (ConfUtils.java:logGet(46)) - raft.server.log.force.sync.num = 128 (default)
2024-03-05 10:11:21,208 [96c5040e-cdea-4ff5-b94a-979666270d21-groupManagement] INFO  server.RaftServerConfigKeys (ConfUtils.java:logGet(46)) - raft.server.log.statemachine.data.sync = true (default)
2024-03-05 10:11:21,208 [96c5040e-cdea-4ff5-b94a-979666270d21-groupManagement] INFO  server.RaftServerConfigKeys (ConfUtils.java:logGet(46)) - raft.server.log.statemachine.data.sync.timeout = 10s (default)
2024-03-05 10:11:21,208 [96c5040e-cdea-4ff5-b94a-979666270d21-groupManagement] INFO  server.RaftServerConfigKeys (ConfUtils.java:logGet(46)) - raft.server.log.statemachine.data.sync.timeout.retry = 0 (custom)
2024-03-05 10:11:21,208 [96c5040e-cdea-4ff5-b94a-979666270d21-groupManagement] INFO  server.RaftServerConfigKeys (ConfUtils.java:logGet(46)) - raft.server.log.write.buffer.size = 8388616 (custom)
2024-03-05 10:11:21,210 [96c5040e-cdea-4ff5-b94a-979666270d21-groupManagement] INFO  server.RaftServerConfigKeys (ConfUtils.java:logGet(46)) - raft.server.log.appender.buffer.byte-limit = 8388608 (custom)
2024-03-05 10:11:21,210 [96c5040e-cdea-4ff5-b94a-979666270d21-groupManagement] INFO  server.RaftServerConfigKeys (ConfUtils.java:logGet(46)) - raft.server.log.unsafe-flush.enabled = false (default)
2024-03-05 10:11:21,210 [96c5040e-cdea-4ff5-b94a-979666270d21-groupManagement] INFO  server.RaftServerConfigKeys (ConfUtils.java:logGet(46)) - raft.server.log.async-flush.enabled = false (default)
2024-03-05 10:11:21,210 [96c5040e-cdea-4ff5-b94a-979666270d21-groupManagement] INFO  server.RaftServerConfigKeys (ConfUtils.java:logGet(46)) - raft.server.log.statemachine.data.caching.enabled = true (custom)
2024-03-05 10:11:21,210 [96c5040e-cdea-4ff5-b94a-979666270d21-groupManagement] INFO  segmented.SegmentedRaftLogWorker (SegmentedRaftLogWorker.java:lambda$new$0(134)) - 96c5040e-cdea-4ff5-b94a-979666270d21@group-AB97D73B6EC3-SegmentedRaftLogWorker: flushIndex: setUnconditionally 0 -> -1
2024-03-05 10:11:21,210 [96c5040e-cdea-4ff5-b94a-979666270d21-groupManagement] INFO  segmented.SegmentedRaftLogWorker (SegmentedRaftLogWorker.java:lambda$new$0(134)) - 96c5040e-cdea-4ff5-b94a-979666270d21@group-AB97D73B6EC3-SegmentedRaftLogWorker: safeCacheEvictIndex: setUnconditionally 0 -> -1
2024-03-05 10:11:21,210 [96c5040e-cdea-4ff5-b94a-979666270d21-groupManagement] INFO  server.RaftServer$Division (RaftServerImpl.java:start(396)) - 96c5040e-cdea-4ff5-b94a-979666270d21@group-AB97D73B6EC3: start as a follower, conf=-1: peers:[40c6403c-e697-43dc-b480-ae867bb88e33|10.1.0.29:15290, 96c5040e-cdea-4ff5-b94a-979666270d21|10.1.0.29:15281, 71f4d41d-0e43-455a-af57-6dee494bca18|10.1.0.29:15299]|listeners:[], old=null
2024-03-05 10:11:21,210 [96c5040e-cdea-4ff5-b94a-979666270d21-groupManagement] INFO  server.RaftServer$Division (RaftServerImpl.java:setRole(383)) - 96c5040e-cdea-4ff5-b94a-979666270d21@group-AB97D73B6EC3: changes role from      null to FOLLOWER at term 0 for startAsFollower
2024-03-05 10:11:21,210 [96c5040e-cdea-4ff5-b94a-979666270d21-groupManagement] INFO  impl.RoleInfo (RoleInfo.java:updateAndGet(139)) - 96c5040e-cdea-4ff5-b94a-979666270d21: start 96c5040e-cdea-4ff5-b94a-979666270d21@group-AB97D73B6EC3-FollowerState
2024-03-05 10:11:21,210 [96c5040e-cdea-4ff5-b94a-979666270d21-groupManagement] INFO  util.JmxRegister (JmxRegister.java:tryRegister(44)) - Successfully registered JMX Bean with object name Ratis:service=RaftServer,group=group-AB97D73B6EC3,id=96c5040e-cdea-4ff5-b94a-979666270d21
2024-03-05 10:11:21,210 [96c5040e-cdea-4ff5-b94a-979666270d21@group-AB97D73B6EC3-FollowerState] INFO  server.RaftServerConfigKeys (ConfUtils.java:logFallback(53)) - raft.server.rpc.first-election.timeout.min = 5s (fallback to raft.server.rpc.timeout.min)
2024-03-05 10:11:21,210 [96c5040e-cdea-4ff5-b94a-979666270d21-groupManagement] INFO  server.RaftServerConfigKeys (ConfUtils.java:logGet(46)) - raft.server.snapshot.trigger-when-stop.enabled = true (default)
2024-03-05 10:11:21,210 [96c5040e-cdea-4ff5-b94a-979666270d21@group-AB97D73B6EC3-FollowerState] INFO  server.RaftServerConfigKeys (ConfUtils.java:logFallback(53)) - raft.server.rpc.first-election.timeout.max = 5200ms (fallback to raft.server.rpc.timeout.max)
2024-03-05 10:11:21,210 [96c5040e-cdea-4ff5-b94a-979666270d21-groupManagement] INFO  server.RaftServerConfigKeys (ConfUtils.java:logGet(46)) - raft.server.snapshot.auto.trigger.enabled = true (custom)
2024-03-05 10:11:21,210 [96c5040e-cdea-4ff5-b94a-979666270d21-groupManagement] INFO  server.RaftServerConfigKeys (ConfUtils.java:logGet(46)) - raft.server.snapshot.auto.trigger.threshold = 10000 (custom)
2024-03-05 10:11:21,211 [96c5040e-cdea-4ff5-b94a-979666270d21-groupManagement] INFO  server.RaftServerConfigKeys (ConfUtils.java:logGet(46)) - raft.server.snapshot.retention.file.num = 5 (custom)
2024-03-05 10:11:21,211 [96c5040e-cdea-4ff5-b94a-979666270d21-groupManagement] INFO  server.RaftServerConfigKeys (ConfUtils.java:logGet(46)) - raft.server.log.purge.upto.snapshot.index = false (default)
2024-03-05 10:11:21,211 [96c5040e-cdea-4ff5-b94a-979666270d21-PipelineCommandHandlerThread-0] INFO  ratis.XceiverServerRatis (XceiverServerRatis.java:addGroup(864)) - Created group PipelineID=055c12ea-da00-423a-b21b-ab97d73b6ec3
2024-03-05 10:11:21,226 [grpc-default-executor-0] INFO  server.RaftServer (RaftServerProxy.java:addNew(100)) - 71f4d41d-0e43-455a-af57-6dee494bca18: addNew group-AB97D73B6EC3:[40c6403c-e697-43dc-b480-ae867bb88e33|10.1.0.29:15290, 96c5040e-cdea-4ff5-b94a-979666270d21|10.1.0.29:15281, 71f4d41d-0e43-455a-af57-6dee494bca18|10.1.0.29:15299] returns group-AB97D73B6EC3:java.util.concurrent.CompletableFuture@4dce3841[Not completed]
2024-03-05 10:11:21,227 [71f4d41d-0e43-455a-af57-6dee494bca18-groupManagement] INFO  server.RaftServer$Division (RaftServerImpl.java:<init>(256)) - 71f4d41d-0e43-455a-af57-6dee494bca18: new RaftServerImpl for group-AB97D73B6EC3:[40c6403c-e697-43dc-b480-ae867bb88e33|10.1.0.29:15290, 96c5040e-cdea-4ff5-b94a-979666270d21|10.1.0.29:15281, 71f4d41d-0e43-455a-af57-6dee494bca18|10.1.0.29:15299] with ContainerStateMachine:uninitialized
2024-03-05 10:11:21,228 [71f4d41d-0e43-455a-af57-6dee494bca18-groupManagement] INFO  server.RaftServerConfigKeys (ConfUtils.java:logGet(46)) - raft.server.rpc.timeout.min = 5s (custom)
2024-03-05 10:11:21,228 [71f4d41d-0e43-455a-af57-6dee494bca18-groupManagement] INFO  server.RaftServerConfigKeys (ConfUtils.java:logGet(46)) - raft.server.rpc.timeout.max = 5200ms (custom)
2024-03-05 10:11:21,228 [71f4d41d-0e43-455a-af57-6dee494bca18-groupManagement] INFO  server.RaftServerConfigKeys (ConfUtils.java:logGet(46)) - raft.server.rpc.sleep.time = 25ms (default)
2024-03-05 10:11:21,228 [71f4d41d-0e43-455a-af57-6dee494bca18-groupManagement] INFO  server.RaftServerConfigKeys (ConfUtils.java:logGet(46)) - raft.server.rpc.slowness.timeout = 300000ms (custom)
2024-03-05 10:11:21,228 [71f4d41d-0e43-455a-af57-6dee494bca18-groupManagement] INFO  server.RaftServerConfigKeys (ConfUtils.java:logGet(46)) - raft.server.leaderelection.leader.step-down.wait-time = 10s (default)
2024-03-05 10:11:21,228 [71f4d41d-0e43-455a-af57-6dee494bca18-groupManagement] INFO  server.RaftServerConfigKeys (ConfUtils.java:logGet(46)) - raft.server.leaderelection.member.majority-add = false (default)
2024-03-05 10:11:21,228 [71f4d41d-0e43-455a-af57-6dee494bca18-groupManagement] INFO  server.RaftServerConfigKeys (ConfUtils.java:logGet(46)) - raft.server.sleep.deviation.threshold = 300ms (default)
2024-03-05 10:11:21,228 [71f4d41d-0e43-455a-af57-6dee494bca18-groupManagement] INFO  server.RaftServer$Division (ServerState.java:<init>(113)) - 71f4d41d-0e43-455a-af57-6dee494bca18@group-AB97D73B6EC3: ConfigurationManager, init=-1: peers:[40c6403c-e697-43dc-b480-ae867bb88e33|10.1.0.29:15290, 96c5040e-cdea-4ff5-b94a-979666270d21|10.1.0.29:15281, 71f4d41d-0e43-455a-af57-6dee494bca18|10.1.0.29:15299]|listeners:[], old=null, confs=<EMPTY_MAP>
2024-03-05 10:11:21,228 [71f4d41d-0e43-455a-af57-6dee494bca18-groupManagement] INFO  server.RaftServerConfigKeys (ConfUtils.java:logGet(46)) - raft.server.notification.no-leader.timeout = 300000ms (custom)
2024-03-05 10:11:21,228 [71f4d41d-0e43-455a-af57-6dee494bca18-groupManagement] INFO  server.RaftServerConfigKeys (ConfUtils.java:logGet(46)) - raft.server.read.timeout = 10s (default)
2024-03-05 10:11:21,228 [71f4d41d-0e43-455a-af57-6dee494bca18-groupManagement] INFO  server.RaftServerConfigKeys (ConfUtils.java:logGet(46)) - raft.server.retrycache.expirytime = 600000ms (custom)
2024-03-05 10:11:21,228 [71f4d41d-0e43-455a-af57-6dee494bca18-groupManagement] INFO  server.RaftServerConfigKeys (ConfUtils.java:logGet(46)) - raft.server.retrycache.statistics.expirytime = 100ms (default)
2024-03-05 10:11:21,228 [71f4d41d-0e43-455a-af57-6dee494bca18-groupManagement] INFO  server.RaftServerConfigKeys (ConfUtils.java:logGet(46)) - raft.server.read.option = DEFAULT (default)
2024-03-05 10:11:21,228 [71f4d41d-0e43-455a-af57-6dee494bca18-groupManagement] INFO  server.RaftServerConfigKeys (ConfUtils.java:logGet(46)) - raft.server.read.read-after-write-consistent.write-index-cache.expiry-time = 60s (default)
2024-03-05 10:11:21,231 [71f4d41d-0e43-455a-af57-6dee494bca18-groupManagement] INFO  server.RaftServerConfigKeys (ConfUtils.java:logGet(46)) - raft.server.rpc.request.timeout = 3000ms (default)
2024-03-05 10:11:21,231 [71f4d41d-0e43-455a-af57-6dee494bca18-groupManagement] INFO  server.RaftServerConfigKeys (ConfUtils.java:logGet(46)) - raft.server.log.appender.install.snapshot.enabled = false (custom)
2024-03-05 10:11:21,231 [71f4d41d-0e43-455a-af57-6dee494bca18-groupManagement] INFO  server.RaftServerConfigKeys (ConfUtils.java:logGet(46)) - raft.server.threadpool.server.cached = true (default)
2024-03-05 10:11:21,231 [71f4d41d-0e43-455a-af57-6dee494bca18-groupManagement] INFO  server.RaftServerConfigKeys (ConfUtils.java:logGet(46)) - raft.server.threadpool.server.size = 0 (default)
2024-03-05 10:11:21,231 [71f4d41d-0e43-455a-af57-6dee494bca18-groupManagement] INFO  server.RaftServerConfigKeys (ConfUtils.java:logGet(46)) - raft.server.threadpool.client.cached = true (default)
2024-03-05 10:11:21,231 [71f4d41d-0e43-455a-af57-6dee494bca18-groupManagement] INFO  server.RaftServerConfigKeys (ConfUtils.java:logGet(46)) - raft.server.threadpool.client.size = 0 (default)
2024-03-05 10:11:21,231 [71f4d41d-0e43-455a-af57-6dee494bca18-groupManagement] INFO  server.RaftServerConfigKeys (ConfUtils.java:logGet(46)) - raft.server.storage.free-space.min = 0MB (=0) (default)
2024-03-05 10:11:21,231 [71f4d41d-0e43-455a-af57-6dee494bca18-groupManagement] INFO  server.RaftServerConfigKeys (ConfUtils.java:logGet(46)) - raft.server.log.corruption.policy = EXCEPTION (default)
2024-03-05 10:11:21,231 [71f4d41d-0e43-455a-af57-6dee494bca18-groupManagement] INFO  server.RaftServerConfigKeys (ConfUtils.java:logGet(46)) - raft.server.storage.dir = [/home/runner/work/ozone/ozone/hadoop-ozone/integration-test/target/test-dir/MiniOzoneClusterImpl-58322414-df67-4d64-942a-a0d9644003f2/ozone-meta/datanode-3/ratis] (custom)
2024-03-05 10:11:21,231 [71f4d41d-0e43-455a-af57-6dee494bca18-groupManagement] INFO  storage.RaftStorageDirectory (RaftStorageDirectoryImpl.java:analyzeStorage(138)) - The storage directory /home/runner/work/ozone/ozone/hadoop-ozone/integration-test/target/test-dir/MiniOzoneClusterImpl-58322414-df67-4d64-942a-a0d9644003f2/ozone-meta/datanode-3/ratis/055c12ea-da00-423a-b21b-ab97d73b6ec3 does not exist. Creating ...
2024-03-05 10:11:21,234 [71f4d41d-0e43-455a-af57-6dee494bca18-groupManagement] INFO  storage.RaftStorageDirectory (RaftStorageDirectoryImpl.java:tryLock(228)) - Lock on /home/runner/work/ozone/ozone/hadoop-ozone/integration-test/target/test-dir/MiniOzoneClusterImpl-58322414-df67-4d64-942a-a0d9644003f2/ozone-meta/datanode-3/ratis/055c12ea-da00-423a-b21b-ab97d73b6ec3/in_use.lock acquired by nodename 65937@fv-az1018-62
2024-03-05 10:11:21,235 [71f4d41d-0e43-455a-af57-6dee494bca18-groupManagement] INFO  storage.RaftStorage (RaftStorageImpl.java:format(99)) - Storage directory /home/runner/work/ozone/ozone/hadoop-ozone/integration-test/target/test-dir/MiniOzoneClusterImpl-58322414-df67-4d64-942a-a0d9644003f2/ozone-meta/datanode-3/ratis/055c12ea-da00-423a-b21b-ab97d73b6ec3 has been successfully formatted.
2024-03-05 10:11:21,235 [71f4d41d-0e43-455a-af57-6dee494bca18-groupManagement] WARN  util.FileUtils (LogUtils.java:supplyAndLog(63)) - Failed to Files.newInputStream /home/runner/work/ozone/ozone/hadoop-ozone/integration-test/target/test-dir/MiniOzoneClusterImpl-58322414-df67-4d64-942a-a0d9644003f2/ozone-meta/datanode-3/ratis/055c12ea-da00-423a-b21b-ab97d73b6ec3/current/raft-meta.conf with options []: java.nio.file.NoSuchFileException: /home/runner/work/ozone/ozone/hadoop-ozone/integration-test/target/test-dir/MiniOzoneClusterImpl-58322414-df67-4d64-942a-a0d9644003f2/ozone-meta/datanode-3/ratis/055c12ea-da00-423a-b21b-ab97d73b6ec3/current/raft-meta.conf
2024-03-05 10:11:21,236 [71f4d41d-0e43-455a-af57-6dee494bca18-groupManagement] INFO  ratis.ContainerStateMachine (ContainerStateMachine.java:loadSnapshot(287)) - group-AB97D73B6EC3: The snapshot info is null. Setting the last applied index to:(t:0, i:~)
2024-03-05 10:11:21,236 [71f4d41d-0e43-455a-af57-6dee494bca18-groupManagement] INFO  server.RaftServerConfigKeys (ConfUtils.java:logGet(46)) - raft.server.log.use.memory = false (default)
2024-03-05 10:11:21,236 [71f4d41d-0e43-455a-af57-6dee494bca18-groupManagement] INFO  server.RaftServerConfigKeys (ConfUtils.java:logGet(46)) - raft.server.log.purge.gap = 1000000 (custom)
2024-03-05 10:11:21,236 [71f4d41d-0e43-455a-af57-6dee494bca18-groupManagement] INFO  server.RaftServerConfigKeys (ConfUtils.java:logGet(46)) - raft.server.log.appender.buffer.byte-limit = 8388608 (custom)
2024-03-05 10:11:21,237 [71f4d41d-0e43-455a-af57-6dee494bca18-groupManagement] INFO  server.RaftServerConfigKeys (ConfUtils.java:logGet(46)) - raft.server.log.statemachine.data.read.timeout = 1000ms (default)
2024-03-05 10:11:21,237 [71f4d41d-0e43-455a-af57-6dee494bca18-groupManagement] INFO  server.RaftServerConfigKeys (ConfUtils.java:logGet(46)) - raft.server.log.purge.preservation.log.num = 0 (default)
2024-03-05 10:11:21,238 [71f4d41d-0e43-455a-af57-6dee494bca18-groupManagement] INFO  server.RaftServerConfigKeys (ConfUtils.java:logGet(46)) - raft.server.log.segment.size.max = 67108864 (custom)
2024-03-05 10:11:21,238 [71f4d41d-0e43-455a-af57-6dee494bca18-groupManagement] INFO  server.RaftServerConfigKeys (ConfUtils.java:logGet(46)) - raft.server.log.segment.cache.num.max = 2 (custom)
2024-03-05 10:11:21,238 [71f4d41d-0e43-455a-af57-6dee494bca18-groupManagement] INFO  server.RaftServerConfigKeys (ConfUtils.java:logGet(46)) - raft.server.log.segment.cache.size.max = 200MB (=209715200) (default)
2024-03-05 10:11:21,238 [71f4d41d-0e43-455a-af57-6dee494bca18-groupManagement] INFO  server.RaftServerConfigKeys (ConfUtils.java:logGet(46)) - raft.server.log.appender.buffer.byte-limit = 8388608 (custom)
2024-03-05 10:11:21,238 [71f4d41d-0e43-455a-af57-6dee494bca18-groupManagement] INFO  util.AwaitToRun (AwaitToRun.java:start(81)) - Thread[71f4d41d-0e43-455a-af57-6dee494bca18@group-AB97D73B6EC3-cacheEviction-AwaitToRun,5,main] started
2024-03-05 10:11:21,238 [71f4d41d-0e43-455a-af57-6dee494bca18-groupManagement] INFO  segmented.SegmentedRaftLogWorker (SegmentedRaftLogWorker.java:<init>(182)) - new 71f4d41d-0e43-455a-af57-6dee494bca18@group-AB97D73B6EC3-SegmentedRaftLogWorker for RaftStorageImpl:Storage Directory /home/runner/work/ozone/ozone/hadoop-ozone/integration-test/target/test-dir/MiniOzoneClusterImpl-58322414-df67-4d64-942a-a0d9644003f2/ozone-meta/datanode-3/ratis/055c12ea-da00-423a-b21b-ab97d73b6ec3
2024-03-05 10:11:21,238 [71f4d41d-0e43-455a-af57-6dee494bca18-groupManagement] INFO  server.RaftServerConfigKeys (ConfUtils.java:logGet(46)) - raft.server.log.queue.byte-limit = 4294967296 (custom)
2024-03-05 10:11:21,238 [71f4d41d-0e43-455a-af57-6dee494bca18-groupManagement] INFO  server.RaftServerConfigKeys (ConfUtils.java:logGet(46)) - raft.server.log.queue.element-limit = 1024 (custom)
2024-03-05 10:11:21,238 [71f4d41d-0e43-455a-af57-6dee494bca18-groupManagement] INFO  server.RaftServerConfigKeys (ConfUtils.java:logGet(46)) - raft.server.log.segment.size.max = 67108864 (custom)
2024-03-05 10:11:21,238 [71f4d41d-0e43-455a-af57-6dee494bca18-groupManagement] INFO  server.RaftServerConfigKeys (ConfUtils.java:logGet(46)) - raft.server.log.preallocated.size = 4194304 (custom)
2024-03-05 10:11:21,238 [71f4d41d-0e43-455a-af57-6dee494bca18-groupManagement] INFO  server.RaftServerConfigKeys (ConfUtils.java:logGet(46)) - raft.server.log.force.sync.num = 128 (default)
2024-03-05 10:11:21,238 [71f4d41d-0e43-455a-af57-6dee494bca18-groupManagement] INFO  server.RaftServerConfigKeys (ConfUtils.java:logGet(46)) - raft.server.log.statemachine.data.sync = true (default)
2024-03-05 10:11:21,239 [71f4d41d-0e43-455a-af57-6dee494bca18-groupManagement] INFO  server.RaftServerConfigKeys (ConfUtils.java:logGet(46)) - raft.server.log.statemachine.data.sync.timeout = 10s (default)
2024-03-05 10:11:21,239 [71f4d41d-0e43-455a-af57-6dee494bca18-groupManagement] INFO  server.RaftServerConfigKeys (ConfUtils.java:logGet(46)) - raft.server.log.statemachine.data.sync.timeout.retry = 0 (custom)
2024-03-05 10:11:21,239 [71f4d41d-0e43-455a-af57-6dee494bca18-groupManagement] INFO  server.RaftServerConfigKeys (ConfUtils.java:logGet(46)) - raft.server.log.write.buffer.size = 8388616 (custom)
2024-03-05 10:11:21,240 [71f4d41d-0e43-455a-af57-6dee494bca18-groupManagement] INFO  server.RaftServerConfigKeys (ConfUtils.java:logGet(46)) - raft.server.log.appender.buffer.byte-limit = 8388608 (custom)
2024-03-05 10:11:21,240 [71f4d41d-0e43-455a-af57-6dee494bca18-groupManagement] INFO  server.RaftServerConfigKeys (ConfUtils.java:logGet(46)) - raft.server.log.unsafe-flush.enabled = false (default)
2024-03-05 10:11:21,240 [71f4d41d-0e43-455a-af57-6dee494bca18-groupManagement] INFO  server.RaftServerConfigKeys (ConfUtils.java:logGet(46)) - raft.server.log.async-flush.enabled = false (default)
2024-03-05 10:11:21,240 [71f4d41d-0e43-455a-af57-6dee494bca18-groupManagement] INFO  server.RaftServerConfigKeys (ConfUtils.java:logGet(46)) - raft.server.log.statemachine.data.caching.enabled = true (custom)
2024-03-05 10:11:21,240 [71f4d41d-0e43-455a-af57-6dee494bca18-groupManagement] INFO  segmented.SegmentedRaftLogWorker (SegmentedRaftLogWorker.java:lambda$new$0(134)) - 71f4d41d-0e43-455a-af57-6dee494bca18@group-AB97D73B6EC3-SegmentedRaftLogWorker: flushIndex: setUnconditionally 0 -> -1
2024-03-05 10:11:21,240 [71f4d41d-0e43-455a-af57-6dee494bca18-groupManagement] INFO  segmented.SegmentedRaftLogWorker (SegmentedRaftLogWorker.java:lambda$new$0(134)) - 71f4d41d-0e43-455a-af57-6dee494bca18@group-AB97D73B6EC3-SegmentedRaftLogWorker: safeCacheEvictIndex: setUnconditionally 0 -> -1
2024-03-05 10:11:21,240 [71f4d41d-0e43-455a-af57-6dee494bca18-groupManagement] INFO  server.RaftServer$Division (RaftServerImpl.java:start(396)) - 71f4d41d-0e43-455a-af57-6dee494bca18@group-AB97D73B6EC3: start as a follower, conf=-1: peers:[40c6403c-e697-43dc-b480-ae867bb88e33|10.1.0.29:15290, 96c5040e-cdea-4ff5-b94a-979666270d21|10.1.0.29:15281, 71f4d41d-0e43-455a-af57-6dee494bca18|10.1.0.29:15299]|listeners:[], old=null
2024-03-05 10:11:21,240 [71f4d41d-0e43-455a-af57-6dee494bca18-groupManagement] INFO  server.RaftServer$Division (RaftServerImpl.java:setRole(383)) - 71f4d41d-0e43-455a-af57-6dee494bca18@group-AB97D73B6EC3: changes role from      null to FOLLOWER at term 0 for startAsFollower
2024-03-05 10:11:21,240 [71f4d41d-0e43-455a-af57-6dee494bca18-groupManagement] INFO  impl.RoleInfo (RoleInfo.java:updateAndGet(139)) - 71f4d41d-0e43-455a-af57-6dee494bca18: start 71f4d41d-0e43-455a-af57-6dee494bca18@group-AB97D73B6EC3-FollowerState
2024-03-05 10:11:21,241 [71f4d41d-0e43-455a-af57-6dee494bca18-groupManagement] INFO  util.JmxRegister (JmxRegister.java:tryRegister(44)) - Successfully registered JMX Bean with object name Ratis:service=RaftServer,group=group-AB97D73B6EC3,id=71f4d41d-0e43-455a-af57-6dee494bca18
2024-03-05 10:11:21,241 [71f4d41d-0e43-455a-af57-6dee494bca18@group-AB97D73B6EC3-FollowerState] INFO  server.RaftServerConfigKeys (ConfUtils.java:logFallback(53)) - raft.server.rpc.first-election.timeout.min = 5s (fallback to raft.server.rpc.timeout.min)
2024-03-05 10:11:21,241 [71f4d41d-0e43-455a-af57-6dee494bca18-groupManagement] INFO  server.RaftServerConfigKeys (ConfUtils.java:logGet(46)) - raft.server.snapshot.trigger-when-stop.enabled = true (default)
2024-03-05 10:11:21,241 [71f4d41d-0e43-455a-af57-6dee494bca18-groupManagement] INFO  server.RaftServerConfigKeys (ConfUtils.java:logGet(46)) - raft.server.snapshot.auto.trigger.enabled = true (custom)
2024-03-05 10:11:21,241 [71f4d41d-0e43-455a-af57-6dee494bca18@group-AB97D73B6EC3-FollowerState] INFO  server.RaftServerConfigKeys (ConfUtils.java:logFallback(53)) - raft.server.rpc.first-election.timeout.max = 5200ms (fallback to raft.server.rpc.timeout.max)
2024-03-05 10:11:21,241 [71f4d41d-0e43-455a-af57-6dee494bca18-groupManagement] INFO  server.RaftServerConfigKeys (ConfUtils.java:logGet(46)) - raft.server.snapshot.auto.trigger.threshold = 10000 (custom)
2024-03-05 10:11:21,241 [71f4d41d-0e43-455a-af57-6dee494bca18-groupManagement] INFO  server.RaftServerConfigKeys (ConfUtils.java:logGet(46)) - raft.server.snapshot.retention.file.num = 5 (custom)
2024-03-05 10:11:21,241 [71f4d41d-0e43-455a-af57-6dee494bca18-groupManagement] INFO  server.RaftServerConfigKeys (ConfUtils.java:logGet(46)) - raft.server.log.purge.upto.snapshot.index = false (default)
2024-03-05 10:11:21,251 [grpc-default-executor-0] INFO  server.RaftServer (RaftServerProxy.java:addNew(100)) - 40c6403c-e697-43dc-b480-ae867bb88e33: addNew group-AB97D73B6EC3:[40c6403c-e697-43dc-b480-ae867bb88e33|10.1.0.29:15290, 96c5040e-cdea-4ff5-b94a-979666270d21|10.1.0.29:15281, 71f4d41d-0e43-455a-af57-6dee494bca18|10.1.0.29:15299] returns group-AB97D73B6EC3:java.util.concurrent.CompletableFuture@7f20adf5[Not completed]
2024-03-05 10:11:21,252 [40c6403c-e697-43dc-b480-ae867bb88e33-groupManagement] INFO  server.RaftServer$Division (RaftServerImpl.java:<init>(256)) - 40c6403c-e697-43dc-b480-ae867bb88e33: new RaftServerImpl for group-AB97D73B6EC3:[40c6403c-e697-43dc-b480-ae867bb88e33|10.1.0.29:15290, 96c5040e-cdea-4ff5-b94a-979666270d21|10.1.0.29:15281, 71f4d41d-0e43-455a-af57-6dee494bca18|10.1.0.29:15299] with ContainerStateMachine:uninitialized
2024-03-05 10:11:21,252 [40c6403c-e697-43dc-b480-ae867bb88e33-groupManagement] INFO  server.RaftServerConfigKeys (ConfUtils.java:logGet(46)) - raft.server.rpc.timeout.min = 5s (custom)
2024-03-05 10:11:21,252 [40c6403c-e697-43dc-b480-ae867bb88e33-groupManagement] INFO  server.RaftServerConfigKeys (ConfUtils.java:logGet(46)) - raft.server.rpc.timeout.max = 5200ms (custom)
2024-03-05 10:11:21,252 [40c6403c-e697-43dc-b480-ae867bb88e33-groupManagement] INFO  server.RaftServerConfigKeys (ConfUtils.java:logGet(46)) - raft.server.rpc.sleep.time = 25ms (default)
2024-03-05 10:11:21,252 [40c6403c-e697-43dc-b480-ae867bb88e33-groupManagement] INFO  server.RaftServerConfigKeys (ConfUtils.java:logGet(46)) - raft.server.rpc.slowness.timeout = 300000ms (custom)
2024-03-05 10:11:21,252 [40c6403c-e697-43dc-b480-ae867bb88e33-groupManagement] INFO  server.RaftServerConfigKeys (ConfUtils.java:logGet(46)) - raft.server.leaderelection.leader.step-down.wait-time = 10s (default)
2024-03-05 10:11:21,252 [40c6403c-e697-43dc-b480-ae867bb88e33-groupManagement] INFO  server.RaftServerConfigKeys (ConfUtils.java:logGet(46)) - raft.server.leaderelection.member.majority-add = false (default)
2024-03-05 10:11:21,253 [40c6403c-e697-43dc-b480-ae867bb88e33-groupManagement] INFO  server.RaftServerConfigKeys (ConfUtils.java:logGet(46)) - raft.server.sleep.deviation.threshold = 300ms (default)
2024-03-05 10:11:21,253 [40c6403c-e697-43dc-b480-ae867bb88e33-groupManagement] INFO  server.RaftServer$Division (ServerState.java:<init>(113)) - 40c6403c-e697-43dc-b480-ae867bb88e33@group-AB97D73B6EC3: ConfigurationManager, init=-1: peers:[40c6403c-e697-43dc-b480-ae867bb88e33|10.1.0.29:15290, 96c5040e-cdea-4ff5-b94a-979666270d21|10.1.0.29:15281, 71f4d41d-0e43-455a-af57-6dee494bca18|10.1.0.29:15299]|listeners:[], old=null, confs=<EMPTY_MAP>
2024-03-05 10:11:21,253 [40c6403c-e697-43dc-b480-ae867bb88e33-groupManagement] INFO  server.RaftServerConfigKeys (ConfUtils.java:logGet(46)) - raft.server.notification.no-leader.timeout = 300000ms (custom)
2024-03-05 10:11:21,253 [40c6403c-e697-43dc-b480-ae867bb88e33-groupManagement] INFO  server.RaftServerConfigKeys (ConfUtils.java:logGet(46)) - raft.server.read.timeout = 10s (default)
2024-03-05 10:11:21,253 [40c6403c-e697-43dc-b480-ae867bb88e33-groupManagement] INFO  server.RaftServerConfigKeys (ConfUtils.java:logGet(46)) - raft.server.retrycache.expirytime = 600000ms (custom)
2024-03-05 10:11:21,253 [40c6403c-e697-43dc-b480-ae867bb88e33-groupManagement] INFO  server.RaftServerConfigKeys (ConfUtils.java:logGet(46)) - raft.server.retrycache.statistics.expirytime = 100ms (default)
2024-03-05 10:11:21,253 [40c6403c-e697-43dc-b480-ae867bb88e33-groupManagement] INFO  server.RaftServerConfigKeys (ConfUtils.java:logGet(46)) - raft.server.read.option = DEFAULT (default)
2024-03-05 10:11:21,253 [40c6403c-e697-43dc-b480-ae867bb88e33-groupManagement] INFO  server.RaftServerConfigKeys (ConfUtils.java:logGet(46)) - raft.server.read.read-after-write-consistent.write-index-cache.expiry-time = 60s (default)
2024-03-05 10:11:21,255 [40c6403c-e697-43dc-b480-ae867bb88e33-groupManagement] INFO  server.RaftServerConfigKeys (ConfUtils.java:logGet(46)) - raft.server.rpc.request.timeout = 3000ms (default)
2024-03-05 10:11:21,255 [40c6403c-e697-43dc-b480-ae867bb88e33-groupManagement] INFO  server.RaftServerConfigKeys (ConfUtils.java:logGet(46)) - raft.server.log.appender.install.snapshot.enabled = false (custom)
2024-03-05 10:11:21,255 [40c6403c-e697-43dc-b480-ae867bb88e33-groupManagement] INFO  server.RaftServerConfigKeys (ConfUtils.java:logGet(46)) - raft.server.threadpool.server.cached = true (default)
2024-03-05 10:11:21,255 [40c6403c-e697-43dc-b480-ae867bb88e33-groupManagement] INFO  server.RaftServerConfigKeys (ConfUtils.java:logGet(46)) - raft.server.threadpool.server.size = 0 (default)
2024-03-05 10:11:21,255 [40c6403c-e697-43dc-b480-ae867bb88e33-groupManagement] INFO  server.RaftServerConfigKeys (ConfUtils.java:logGet(46)) - raft.server.threadpool.client.cached = true (default)
2024-03-05 10:11:21,256 [40c6403c-e697-43dc-b480-ae867bb88e33-groupManagement] INFO  server.RaftServerConfigKeys (ConfUtils.java:logGet(46)) - raft.server.threadpool.client.size = 0 (default)
2024-03-05 10:11:21,256 [40c6403c-e697-43dc-b480-ae867bb88e33-groupManagement] INFO  server.RaftServerConfigKeys (ConfUtils.java:logGet(46)) - raft.server.storage.free-space.min = 0MB (=0) (default)
2024-03-05 10:11:21,256 [40c6403c-e697-43dc-b480-ae867bb88e33-groupManagement] INFO  server.RaftServerConfigKeys (ConfUtils.java:logGet(46)) - raft.server.log.corruption.policy = EXCEPTION (default)
2024-03-05 10:11:21,256 [40c6403c-e697-43dc-b480-ae867bb88e33-groupManagement] INFO  server.RaftServerConfigKeys (ConfUtils.java:logGet(46)) - raft.server.storage.dir = [/home/runner/work/ozone/ozone/hadoop-ozone/integration-test/target/test-dir/MiniOzoneClusterImpl-58322414-df67-4d64-942a-a0d9644003f2/ozone-meta/datanode-2/ratis] (custom)
2024-03-05 10:11:21,256 [40c6403c-e697-43dc-b480-ae867bb88e33-groupManagement] INFO  storage.RaftStorageDirectory (RaftStorageDirectoryImpl.java:analyzeStorage(138)) - The storage directory /home/runner/work/ozone/ozone/hadoop-ozone/integration-test/target/test-dir/MiniOzoneClusterImpl-58322414-df67-4d64-942a-a0d9644003f2/ozone-meta/datanode-2/ratis/055c12ea-da00-423a-b21b-ab97d73b6ec3 does not exist. Creating ...
2024-03-05 10:11:21,257 [40c6403c-e697-43dc-b480-ae867bb88e33-groupManagement] INFO  storage.RaftStorageDirectory (RaftStorageDirectoryImpl.java:tryLock(228)) - Lock on /home/runner/work/ozone/ozone/hadoop-ozone/integration-test/target/test-dir/MiniOzoneClusterImpl-58322414-df67-4d64-942a-a0d9644003f2/ozone-meta/datanode-2/ratis/055c12ea-da00-423a-b21b-ab97d73b6ec3/in_use.lock acquired by nodename 65937@fv-az1018-62
2024-03-05 10:11:21,258 [40c6403c-e697-43dc-b480-ae867bb88e33-groupManagement] INFO  storage.RaftStorage (RaftStorageImpl.java:format(99)) - Storage directory /home/runner/work/ozone/ozone/hadoop-ozone/integration-test/target/test-dir/MiniOzoneClusterImpl-58322414-df67-4d64-942a-a0d9644003f2/ozone-meta/datanode-2/ratis/055c12ea-da00-423a-b21b-ab97d73b6ec3 has been successfully formatted.
2024-03-05 10:11:21,258 [40c6403c-e697-43dc-b480-ae867bb88e33-groupManagement] WARN  util.FileUtils (LogUtils.java:supplyAndLog(63)) - Failed to Files.newInputStream /home/runner/work/ozone/ozone/hadoop-ozone/integration-test/target/test-dir/MiniOzoneClusterImpl-58322414-df67-4d64-942a-a0d9644003f2/ozone-meta/datanode-2/ratis/055c12ea-da00-423a-b21b-ab97d73b6ec3/current/raft-meta.conf with options []: java.nio.file.NoSuchFileException: /home/runner/work/ozone/ozone/hadoop-ozone/integration-test/target/test-dir/MiniOzoneClusterImpl-58322414-df67-4d64-942a-a0d9644003f2/ozone-meta/datanode-2/ratis/055c12ea-da00-423a-b21b-ab97d73b6ec3/current/raft-meta.conf
2024-03-05 10:11:21,259 [40c6403c-e697-43dc-b480-ae867bb88e33-groupManagement] INFO  ratis.ContainerStateMachine (ContainerStateMachine.java:loadSnapshot(287)) - group-AB97D73B6EC3: The snapshot info is null. Setting the last applied index to:(t:0, i:~)
2024-03-05 10:11:21,259 [40c6403c-e697-43dc-b480-ae867bb88e33-groupManagement] INFO  server.RaftServerConfigKeys (ConfUtils.java:logGet(46)) - raft.server.log.use.memory = false (default)
2024-03-05 10:11:21,259 [40c6403c-e697-43dc-b480-ae867bb88e33-groupManagement] INFO  server.RaftServerConfigKeys (ConfUtils.java:logGet(46)) - raft.server.log.purge.gap = 1000000 (custom)
2024-03-05 10:11:21,259 [40c6403c-e697-43dc-b480-ae867bb88e33-groupManagement] INFO  server.RaftServerConfigKeys (ConfUtils.java:logGet(46)) - raft.server.log.appender.buffer.byte-limit = 8388608 (custom)
2024-03-05 10:11:21,260 [40c6403c-e697-43dc-b480-ae867bb88e33-groupManagement] INFO  server.RaftServerConfigKeys (ConfUtils.java:logGet(46)) - raft.server.log.statemachine.data.read.timeout = 1000ms (default)
2024-03-05 10:11:21,260 [40c6403c-e697-43dc-b480-ae867bb88e33-groupManagement] INFO  server.RaftServerConfigKeys (ConfUtils.java:logGet(46)) - raft.server.log.purge.preservation.log.num = 0 (default)
2024-03-05 10:11:21,261 [40c6403c-e697-43dc-b480-ae867bb88e33-groupManagement] INFO  server.RaftServerConfigKeys (ConfUtils.java:logGet(46)) - raft.server.log.segment.size.max = 67108864 (custom)
2024-03-05 10:11:21,261 [40c6403c-e697-43dc-b480-ae867bb88e33-PipelineCommandHandlerThread-0] INFO  server.RaftServer (RaftServerProxy.java:addNew(100)) - 40c6403c-e697-43dc-b480-ae867bb88e33: addNew group-7D51CCF26F14:[40c6403c-e697-43dc-b480-ae867bb88e33|10.1.0.29:15290] returns group-7D51CCF26F14:java.util.concurrent.CompletableFuture@a9cd9b[Not completed]
2024-03-05 10:11:21,261 [40c6403c-e697-43dc-b480-ae867bb88e33-groupManagement] INFO  server.RaftServerConfigKeys (ConfUtils.java:logGet(46)) - raft.server.log.segment.cache.num.max = 2 (custom)
2024-03-05 10:11:21,261 [40c6403c-e697-43dc-b480-ae867bb88e33-groupManagement] INFO  server.RaftServerConfigKeys (ConfUtils.java:logGet(46)) - raft.server.log.segment.cache.size.max = 200MB (=209715200) (default)
2024-03-05 10:11:21,261 [40c6403c-e697-43dc-b480-ae867bb88e33-groupManagement] INFO  server.RaftServerConfigKeys (ConfUtils.java:logGet(46)) - raft.server.log.appender.buffer.byte-limit = 8388608 (custom)
2024-03-05 10:11:21,261 [40c6403c-e697-43dc-b480-ae867bb88e33-groupManagement] INFO  util.AwaitToRun (AwaitToRun.java:start(81)) - Thread[40c6403c-e697-43dc-b480-ae867bb88e33@group-AB97D73B6EC3-cacheEviction-AwaitToRun,5,main] started
2024-03-05 10:11:21,261 [40c6403c-e697-43dc-b480-ae867bb88e33-groupManagement] INFO  segmented.SegmentedRaftLogWorker (SegmentedRaftLogWorker.java:<init>(182)) - new 40c6403c-e697-43dc-b480-ae867bb88e33@group-AB97D73B6EC3-SegmentedRaftLogWorker for RaftStorageImpl:Storage Directory /home/runner/work/ozone/ozone/hadoop-ozone/integration-test/target/test-dir/MiniOzoneClusterImpl-58322414-df67-4d64-942a-a0d9644003f2/ozone-meta/datanode-2/ratis/055c12ea-da00-423a-b21b-ab97d73b6ec3
2024-03-05 10:11:21,262 [40c6403c-e697-43dc-b480-ae867bb88e33-groupManagement] INFO  server.RaftServerConfigKeys (ConfUtils.java:logGet(46)) - raft.server.log.queue.byte-limit = 4294967296 (custom)
2024-03-05 10:11:21,262 [40c6403c-e697-43dc-b480-ae867bb88e33-groupManagement] INFO  server.RaftServerConfigKeys (ConfUtils.java:logGet(46)) - raft.server.log.queue.element-limit = 1024 (custom)
2024-03-05 10:11:21,262 [40c6403c-e697-43dc-b480-ae867bb88e33-groupManagement] INFO  server.RaftServerConfigKeys (ConfUtils.java:logGet(46)) - raft.server.log.segment.size.max = 67108864 (custom)
2024-03-05 10:11:21,262 [40c6403c-e697-43dc-b480-ae867bb88e33-groupManagement] INFO  server.RaftServerConfigKeys (ConfUtils.java:logGet(46)) - raft.server.log.preallocated.size = 4194304 (custom)
2024-03-05 10:11:21,262 [40c6403c-e697-43dc-b480-ae867bb88e33-groupManagement] INFO  server.RaftServerConfigKeys (ConfUtils.java:logGet(46)) - raft.server.log.force.sync.num = 128 (default)
2024-03-05 10:11:21,262 [40c6403c-e697-43dc-b480-ae867bb88e33-groupManagement] INFO  server.RaftServerConfigKeys (ConfUtils.java:logGet(46)) - raft.server.log.statemachine.data.sync = true (default)
2024-03-05 10:11:21,262 [40c6403c-e697-43dc-b480-ae867bb88e33-groupManagement] INFO  server.RaftServerConfigKeys (ConfUtils.java:logGet(46)) - raft.server.log.statemachine.data.sync.timeout = 10s (default)
2024-03-05 10:11:21,262 [40c6403c-e697-43dc-b480-ae867bb88e33-groupManagement] INFO  server.RaftServerConfigKeys (ConfUtils.java:logGet(46)) - raft.server.log.statemachine.data.sync.timeout.retry = 0 (custom)
2024-03-05 10:11:21,262 [40c6403c-e697-43dc-b480-ae867bb88e33-groupManagement] INFO  server.RaftServerConfigKeys (ConfUtils.java:logGet(46)) - raft.server.log.write.buffer.size = 8388616 (custom)
2024-03-05 10:11:21,263 [40c6403c-e697-43dc-b480-ae867bb88e33-groupManagement] INFO  server.RaftServerConfigKeys (ConfUtils.java:logGet(46)) - raft.server.log.appender.buffer.byte-limit = 8388608 (custom)
2024-03-05 10:11:21,263 [40c6403c-e697-43dc-b480-ae867bb88e33-groupManagement] INFO  server.RaftServerConfigKeys (ConfUtils.java:logGet(46)) - raft.server.log.unsafe-flush.enabled = false (default)
2024-03-05 10:11:21,264 [40c6403c-e697-43dc-b480-ae867bb88e33-groupManagement] INFO  server.RaftServerConfigKeys (ConfUtils.java:logGet(46)) - raft.server.log.async-flush.enabled = false (default)
2024-03-05 10:11:21,264 [40c6403c-e697-43dc-b480-ae867bb88e33-groupManagement] INFO  server.RaftServerConfigKeys (ConfUtils.java:logGet(46)) - raft.server.log.statemachine.data.caching.enabled = true (custom)
2024-03-05 10:11:21,264 [40c6403c-e697-43dc-b480-ae867bb88e33-groupManagement] INFO  segmented.SegmentedRaftLogWorker (SegmentedRaftLogWorker.java:lambda$new$0(134)) - 40c6403c-e697-43dc-b480-ae867bb88e33@group-AB97D73B6EC3-SegmentedRaftLogWorker: flushIndex: setUnconditionally 0 -> -1
2024-03-05 10:11:21,264 [40c6403c-e697-43dc-b480-ae867bb88e33-groupManagement] INFO  segmented.SegmentedRaftLogWorker (SegmentedRaftLogWorker.java:lambda$new$0(134)) - 40c6403c-e697-43dc-b480-ae867bb88e33@group-AB97D73B6EC3-SegmentedRaftLogWorker: safeCacheEvictIndex: setUnconditionally 0 -> -1
2024-03-05 10:11:21,264 [40c6403c-e697-43dc-b480-ae867bb88e33-groupManagement] INFO  server.RaftServer$Division (RaftServerImpl.java:start(396)) - 40c6403c-e697-43dc-b480-ae867bb88e33@group-AB97D73B6EC3: start as a follower, conf=-1: peers:[40c6403c-e697-43dc-b480-ae867bb88e33|10.1.0.29:15290, 96c5040e-cdea-4ff5-b94a-979666270d21|10.1.0.29:15281, 71f4d41d-0e43-455a-af57-6dee494bca18|10.1.0.29:15299]|listeners:[], old=null
2024-03-05 10:11:21,264 [40c6403c-e697-43dc-b480-ae867bb88e33-groupManagement] INFO  server.RaftServer$Division (RaftServerImpl.java:setRole(383)) - 40c6403c-e697-43dc-b480-ae867bb88e33@group-AB97D73B6EC3: changes role from      null to FOLLOWER at term 0 for startAsFollower
2024-03-05 10:11:21,264 [40c6403c-e697-43dc-b480-ae867bb88e33-groupManagement] INFO  impl.RoleInfo (RoleInfo.java:updateAndGet(139)) - 40c6403c-e697-43dc-b480-ae867bb88e33: start 40c6403c-e697-43dc-b480-ae867bb88e33@group-AB97D73B6EC3-FollowerState
2024-03-05 10:11:21,264 [40c6403c-e697-43dc-b480-ae867bb88e33-groupManagement] INFO  util.JmxRegister (JmxRegister.java:tryRegister(44)) - Successfully registered JMX Bean with object name Ratis:service=RaftServer,group=group-AB97D73B6EC3,id=40c6403c-e697-43dc-b480-ae867bb88e33
2024-03-05 10:11:21,264 [40c6403c-e697-43dc-b480-ae867bb88e33@group-AB97D73B6EC3-FollowerState] INFO  server.RaftServerConfigKeys (ConfUtils.java:logFallback(53)) - raft.server.rpc.first-election.timeout.min = 5s (fallback to raft.server.rpc.timeout.min)
2024-03-05 10:11:21,264 [40c6403c-e697-43dc-b480-ae867bb88e33-groupManagement] INFO  server.RaftServerConfigKeys (ConfUtils.java:logGet(46)) - raft.server.snapshot.trigger-when-stop.enabled = true (default)
2024-03-05 10:11:21,264 [40c6403c-e697-43dc-b480-ae867bb88e33@group-AB97D73B6EC3-FollowerState] INFO  server.RaftServerConfigKeys (ConfUtils.java:logFallback(53)) - raft.server.rpc.first-election.timeout.max = 5200ms (fallback to raft.server.rpc.timeout.max)
2024-03-05 10:11:21,265 [40c6403c-e697-43dc-b480-ae867bb88e33-groupManagement] INFO  server.RaftServerConfigKeys (ConfUtils.java:logGet(46)) - raft.server.snapshot.auto.trigger.enabled = true (custom)
2024-03-05 10:11:21,265 [40c6403c-e697-43dc-b480-ae867bb88e33-groupManagement] INFO  server.RaftServerConfigKeys (ConfUtils.java:logGet(46)) - raft.server.snapshot.auto.trigger.threshold = 10000 (custom)
2024-03-05 10:11:21,265 [40c6403c-e697-43dc-b480-ae867bb88e33-groupManagement] INFO  server.RaftServerConfigKeys (ConfUtils.java:logGet(46)) - raft.server.snapshot.retention.file.num = 5 (custom)
2024-03-05 10:11:21,265 [40c6403c-e697-43dc-b480-ae867bb88e33-groupManagement] INFO  server.RaftServerConfigKeys (ConfUtils.java:logGet(46)) - raft.server.log.purge.upto.snapshot.index = false (default)
2024-03-05 10:11:21,267 [40c6403c-e697-43dc-b480-ae867bb88e33-groupManagement] INFO  server.RaftServer$Division (RaftServerImpl.java:<init>(256)) - 40c6403c-e697-43dc-b480-ae867bb88e33: new RaftServerImpl for group-7D51CCF26F14:[40c6403c-e697-43dc-b480-ae867bb88e33|10.1.0.29:15290] with ContainerStateMachine:uninitialized
2024-03-05 10:11:21,267 [40c6403c-e697-43dc-b480-ae867bb88e33-groupManagement] INFO  server.RaftServerConfigKeys (ConfUtils.java:logGet(46)) - raft.server.rpc.timeout.min = 5s (custom)
2024-03-05 10:11:21,268 [40c6403c-e697-43dc-b480-ae867bb88e33-groupManagement] INFO  server.RaftServerConfigKeys (ConfUtils.java:logGet(46)) - raft.server.rpc.timeout.max = 5200ms (custom)
2024-03-05 10:11:21,268 [40c6403c-e697-43dc-b480-ae867bb88e33-groupManagement] INFO  server.RaftServerConfigKeys (ConfUtils.java:logGet(46)) - raft.server.rpc.sleep.time = 25ms (default)
2024-03-05 10:11:21,268 [40c6403c-e697-43dc-b480-ae867bb88e33-groupManagement] INFO  server.RaftServerConfigKeys (ConfUtils.java:logGet(46)) - raft.server.rpc.slowness.timeout = 300000ms (custom)
2024-03-05 10:11:21,268 [40c6403c-e697-43dc-b480-ae867bb88e33-groupManagement] INFO  server.RaftServerConfigKeys (ConfUtils.java:logGet(46)) - raft.server.leaderelection.leader.step-down.wait-time = 10s (default)
2024-03-05 10:11:21,268 [40c6403c-e697-43dc-b480-ae867bb88e33-groupManagement] INFO  server.RaftServerConfigKeys (ConfUtils.java:logGet(46)) - raft.server.leaderelection.member.majority-add = false (default)
2024-03-05 10:11:21,268 [40c6403c-e697-43dc-b480-ae867bb88e33-groupManagement] INFO  server.RaftServerConfigKeys (ConfUtils.java:logGet(46)) - raft.server.sleep.deviation.threshold = 300ms (default)
2024-03-05 10:11:21,268 [40c6403c-e697-43dc-b480-ae867bb88e33-groupManagement] INFO  server.RaftServer$Division (ServerState.java:<init>(113)) - 40c6403c-e697-43dc-b480-ae867bb88e33@group-7D51CCF26F14: ConfigurationManager, init=-1: peers:[40c6403c-e697-43dc-b480-ae867bb88e33|10.1.0.29:15290]|listeners:[], old=null, confs=<EMPTY_MAP>
2024-03-05 10:11:21,268 [40c6403c-e697-43dc-b480-ae867bb88e33-groupManagement] INFO  server.RaftServerConfigKeys (ConfUtils.java:logGet(46)) - raft.server.notification.no-leader.timeout = 300000ms (custom)
2024-03-05 10:11:21,268 [96c5040e-cdea-4ff5-b94a-979666270d21-PipelineCommandHandlerThread-0] INFO  commandhandler.CreatePipelineCommandHandler (CreatePipelineCommandHandler.java:lambda$handle$2(124)) - Created Pipeline RATIS THREE PipelineID=055c12ea-da00-423a-b21b-ab97d73b6ec3.
2024-03-05 10:11:21,268 [40c6403c-e697-43dc-b480-ae867bb88e33-groupManagement] INFO  server.RaftServerConfigKeys (ConfUtils.java:logGet(46)) - raft.server.read.timeout = 10s (default)
2024-03-05 10:11:21,268 [40c6403c-e697-43dc-b480-ae867bb88e33-groupManagement] INFO  server.RaftServerConfigKeys (ConfUtils.java:logGet(46)) - raft.server.retrycache.expirytime = 600000ms (custom)
2024-03-05 10:11:21,268 [40c6403c-e697-43dc-b480-ae867bb88e33-groupManagement] INFO  server.RaftServerConfigKeys (ConfUtils.java:logGet(46)) - raft.server.retrycache.statistics.expirytime = 100ms (default)
2024-03-05 10:11:21,268 [40c6403c-e697-43dc-b480-ae867bb88e33-groupManagement] INFO  server.RaftServerConfigKeys (ConfUtils.java:logGet(46)) - raft.server.read.option = DEFAULT (default)
2024-03-05 10:11:21,268 [40c6403c-e697-43dc-b480-ae867bb88e33-groupManagement] INFO  server.RaftServerConfigKeys (ConfUtils.java:logGet(46)) - raft.server.read.read-after-write-consistent.write-index-cache.expiry-time = 60s (default)
2024-03-05 10:11:21,271 [40c6403c-e697-43dc-b480-ae867bb88e33-groupManagement] INFO  server.RaftServerConfigKeys (ConfUtils.java:logGet(46)) - raft.server.rpc.request.timeout = 3000ms (default)
2024-03-05 10:11:21,271 [40c6403c-e697-43dc-b480-ae867bb88e33-groupManagement] INFO  server.RaftServerConfigKeys (ConfUtils.java:logGet(46)) - raft.server.log.appender.install.snapshot.enabled = false (custom)
2024-03-05 10:11:21,271 [40c6403c-e697-43dc-b480-ae867bb88e33-groupManagement] INFO  server.RaftServerConfigKeys (ConfUtils.java:logGet(46)) - raft.server.threadpool.server.cached = true (default)
2024-03-05 10:11:21,271 [40c6403c-e697-43dc-b480-ae867bb88e33-groupManagement] INFO  server.RaftServerConfigKeys (ConfUtils.java:logGet(46)) - raft.server.threadpool.server.size = 0 (default)
2024-03-05 10:11:21,271 [40c6403c-e697-43dc-b480-ae867bb88e33-groupManagement] INFO  server.RaftServerConfigKeys (ConfUtils.java:logGet(46)) - raft.server.threadpool.client.cached = true (default)
2024-03-05 10:11:21,271 [40c6403c-e697-43dc-b480-ae867bb88e33-groupManagement] INFO  server.RaftServerConfigKeys (ConfUtils.java:logGet(46)) - raft.server.threadpool.client.size = 0 (default)
2024-03-05 10:11:21,271 [40c6403c-e697-43dc-b480-ae867bb88e33-groupManagement] INFO  server.RaftServerConfigKeys (ConfUtils.java:logGet(46)) - raft.server.storage.free-space.min = 0MB (=0) (default)
2024-03-05 10:11:21,271 [40c6403c-e697-43dc-b480-ae867bb88e33-groupManagement] INFO  server.RaftServerConfigKeys (ConfUtils.java:logGet(46)) - raft.server.log.corruption.policy = EXCEPTION (default)
2024-03-05 10:11:21,271 [40c6403c-e697-43dc-b480-ae867bb88e33-groupManagement] INFO  server.RaftServerConfigKeys (ConfUtils.java:logGet(46)) - raft.server.storage.dir = [/home/runner/work/ozone/ozone/hadoop-ozone/integration-test/target/test-dir/MiniOzoneClusterImpl-58322414-df67-4d64-942a-a0d9644003f2/ozone-meta/datanode-2/ratis] (custom)
2024-03-05 10:11:21,271 [40c6403c-e697-43dc-b480-ae867bb88e33-groupManagement] INFO  storage.RaftStorageDirectory (RaftStorageDirectoryImpl.java:analyzeStorage(138)) - The storage directory /home/runner/work/ozone/ozone/hadoop-ozone/integration-test/target/test-dir/MiniOzoneClusterImpl-58322414-df67-4d64-942a-a0d9644003f2/ozone-meta/datanode-2/ratis/569d738e-aa16-4ece-aa4f-7d51ccf26f14 does not exist. Creating ...
2024-03-05 10:11:21,272 [40c6403c-e697-43dc-b480-ae867bb88e33-groupManagement] INFO  storage.RaftStorageDirectory (RaftStorageDirectoryImpl.java:tryLock(228)) - Lock on /home/runner/work/ozone/ozone/hadoop-ozone/integration-test/target/test-dir/MiniOzoneClusterImpl-58322414-df67-4d64-942a-a0d9644003f2/ozone-meta/datanode-2/ratis/569d738e-aa16-4ece-aa4f-7d51ccf26f14/in_use.lock acquired by nodename 65937@fv-az1018-62
2024-03-05 10:11:21,273 [40c6403c-e697-43dc-b480-ae867bb88e33-groupManagement] INFO  storage.RaftStorage (RaftStorageImpl.java:format(99)) - Storage directory /home/runner/work/ozone/ozone/hadoop-ozone/integration-test/target/test-dir/MiniOzoneClusterImpl-58322414-df67-4d64-942a-a0d9644003f2/ozone-meta/datanode-2/ratis/569d738e-aa16-4ece-aa4f-7d51ccf26f14 has been successfully formatted.
2024-03-05 10:11:21,273 [40c6403c-e697-43dc-b480-ae867bb88e33-groupManagement] WARN  util.FileUtils (LogUtils.java:supplyAndLog(63)) - Failed to Files.newInputStream /home/runner/work/ozone/ozone/hadoop-ozone/integration-test/target/test-dir/MiniOzoneClusterImpl-58322414-df67-4d64-942a-a0d9644003f2/ozone-meta/datanode-2/ratis/569d738e-aa16-4ece-aa4f-7d51ccf26f14/current/raft-meta.conf with options []: java.nio.file.NoSuchFileException: /home/runner/work/ozone/ozone/hadoop-ozone/integration-test/target/test-dir/MiniOzoneClusterImpl-58322414-df67-4d64-942a-a0d9644003f2/ozone-meta/datanode-2/ratis/569d738e-aa16-4ece-aa4f-7d51ccf26f14/current/raft-meta.conf
2024-03-05 10:11:21,273 [40c6403c-e697-43dc-b480-ae867bb88e33-groupManagement] INFO  ratis.ContainerStateMachine (ContainerStateMachine.java:loadSnapshot(287)) - group-7D51CCF26F14: The snapshot info is null. Setting the last applied index to:(t:0, i:~)
2024-03-05 10:11:21,273 [40c6403c-e697-43dc-b480-ae867bb88e33-groupManagement] INFO  server.RaftServerConfigKeys (ConfUtils.java:logGet(46)) - raft.server.log.use.memory = false (default)
2024-03-05 10:11:21,274 [40c6403c-e697-43dc-b480-ae867bb88e33-groupManagement] INFO  server.RaftServerConfigKeys (ConfUtils.java:logGet(46)) - raft.server.log.purge.gap = 1000000 (custom)
2024-03-05 10:11:21,274 [40c6403c-e697-43dc-b480-ae867bb88e33-groupManagement] INFO  server.RaftServerConfigKeys (ConfUtils.java:logGet(46)) - raft.server.log.appender.buffer.byte-limit = 8388608 (custom)
2024-03-05 10:11:21,274 [40c6403c-e697-43dc-b480-ae867bb88e33-groupManagement] INFO  server.RaftServerConfigKeys (ConfUtils.java:logGet(46)) - raft.server.log.statemachine.data.read.timeout = 1000ms (default)
2024-03-05 10:11:21,274 [40c6403c-e697-43dc-b480-ae867bb88e33-groupManagement] INFO  server.RaftServerConfigKeys (ConfUtils.java:logGet(46)) - raft.server.log.purge.preservation.log.num = 0 (default)
2024-03-05 10:11:21,275 [EventQueue-PipelineReportForPipelineReportHandler] INFO  pipeline.PipelineReportHandler (PipelineReportHandler.java:processPipelineReport(136)) - Opened pipeline PipelineID=569d738e-aa16-4ece-aa4f-7d51ccf26f14
2024-03-05 10:11:21,275 [EventQueue-OpenPipelineForHealthyPipelineSafeModeRule] INFO  safemode.SCMSafeModeManager (HealthyPipelineSafeModeRule.java:process(140)) - SCM in safe mode. Healthy pipelines reported count is 0, required healthy pipeline reported count is 1
2024-03-05 10:11:21,275 [40c6403c-e697-43dc-b480-ae867bb88e33-groupManagement] INFO  server.RaftServerConfigKeys (ConfUtils.java:logGet(46)) - raft.server.log.segment.size.max = 67108864 (custom)
2024-03-05 10:11:21,275 [40c6403c-e697-43dc-b480-ae867bb88e33-groupManagement] INFO  server.RaftServerConfigKeys (ConfUtils.java:logGet(46)) - raft.server.log.segment.cache.num.max = 2 (custom)
2024-03-05 10:11:21,275 [40c6403c-e697-43dc-b480-ae867bb88e33-groupManagement] INFO  server.RaftServerConfigKeys (ConfUtils.java:logGet(46)) - raft.server.log.segment.cache.size.max = 200MB (=209715200) (default)
2024-03-05 10:11:21,275 [40c6403c-e697-43dc-b480-ae867bb88e33-groupManagement] INFO  server.RaftServerConfigKeys (ConfUtils.java:logGet(46)) - raft.server.log.appender.buffer.byte-limit = 8388608 (custom)
2024-03-05 10:11:21,276 [40c6403c-e697-43dc-b480-ae867bb88e33-groupManagement] INFO  util.AwaitToRun (AwaitToRun.java:start(81)) - Thread[40c6403c-e697-43dc-b480-ae867bb88e33@group-7D51CCF26F14-cacheEviction-AwaitToRun,5,main] started
2024-03-05 10:11:21,276 [40c6403c-e697-43dc-b480-ae867bb88e33-groupManagement] INFO  segmented.SegmentedRaftLogWorker (SegmentedRaftLogWorker.java:<init>(182)) - new 40c6403c-e697-43dc-b480-ae867bb88e33@group-7D51CCF26F14-SegmentedRaftLogWorker for RaftStorageImpl:Storage Directory /home/runner/work/ozone/ozone/hadoop-ozone/integration-test/target/test-dir/MiniOzoneClusterImpl-58322414-df67-4d64-942a-a0d9644003f2/ozone-meta/datanode-2/ratis/569d738e-aa16-4ece-aa4f-7d51ccf26f14
2024-03-05 10:11:21,276 [40c6403c-e697-43dc-b480-ae867bb88e33-groupManagement] INFO  server.RaftServerConfigKeys (ConfUtils.java:logGet(46)) - raft.server.log.queue.byte-limit = 4294967296 (custom)
2024-03-05 10:11:21,276 [40c6403c-e697-43dc-b480-ae867bb88e33-groupManagement] INFO  server.RaftServerConfigKeys (ConfUtils.java:logGet(46)) - raft.server.log.queue.element-limit = 1024 (custom)
2024-03-05 10:11:21,276 [40c6403c-e697-43dc-b480-ae867bb88e33-groupManagement] INFO  server.RaftServerConfigKeys (ConfUtils.java:logGet(46)) - raft.server.log.segment.size.max = 67108864 (custom)
2024-03-05 10:11:21,276 [40c6403c-e697-43dc-b480-ae867bb88e33-groupManagement] INFO  server.RaftServerConfigKeys (ConfUtils.java:logGet(46)) - raft.server.log.preallocated.size = 4194304 (custom)
2024-03-05 10:11:21,276 [40c6403c-e697-43dc-b480-ae867bb88e33-groupManagement] INFO  server.RaftServerConfigKeys (ConfUtils.java:logGet(46)) - raft.server.log.force.sync.num = 128 (default)
2024-03-05 10:11:21,276 [40c6403c-e697-43dc-b480-ae867bb88e33-groupManagement] INFO  server.RaftServerConfigKeys (ConfUtils.java:logGet(46)) - raft.server.log.statemachine.data.sync = true (default)
2024-03-05 10:11:21,276 [40c6403c-e697-43dc-b480-ae867bb88e33-groupManagement] INFO  server.RaftServerConfigKeys (ConfUtils.java:logGet(46)) - raft.server.log.statemachine.data.sync.timeout = 10s (default)
2024-03-05 10:11:21,276 [40c6403c-e697-43dc-b480-ae867bb88e33-groupManagement] INFO  server.RaftServerConfigKeys (ConfUtils.java:logGet(46)) - raft.server.log.statemachine.data.sync.timeout.retry = 0 (custom)
2024-03-05 10:11:21,276 [40c6403c-e697-43dc-b480-ae867bb88e33-groupManagement] INFO  server.RaftServerConfigKeys (ConfUtils.java:logGet(46)) - raft.server.log.write.buffer.size = 8388616 (custom)
2024-03-05 10:11:21,278 [40c6403c-e697-43dc-b480-ae867bb88e33-groupManagement] INFO  server.RaftServerConfigKeys (ConfUtils.java:logGet(46)) - raft.server.log.appender.buffer.byte-limit = 8388608 (custom)
2024-03-05 10:11:21,278 [40c6403c-e697-43dc-b480-ae867bb88e33-groupManagement] INFO  server.RaftServerConfigKeys (ConfUtils.java:logGet(46)) - raft.server.log.unsafe-flush.enabled = false (default)
2024-03-05 10:11:21,278 [40c6403c-e697-43dc-b480-ae867bb88e33-groupManagement] INFO  server.RaftServerConfigKeys (ConfUtils.java:logGet(46)) - raft.server.log.async-flush.enabled = false (default)
2024-03-05 10:11:21,278 [40c6403c-e697-43dc-b480-ae867bb88e33-groupManagement] INFO  server.RaftServerConfigKeys (ConfUtils.java:logGet(46)) - raft.server.log.statemachine.data.caching.enabled = true (custom)
2024-03-05 10:11:21,278 [40c6403c-e697-43dc-b480-ae867bb88e33-groupManagement] INFO  segmented.SegmentedRaftLogWorker (SegmentedRaftLogWorker.java:lambda$new$0(134)) - 40c6403c-e697-43dc-b480-ae867bb88e33@group-7D51CCF26F14-SegmentedRaftLogWorker: flushIndex: setUnconditionally 0 -> -1
2024-03-05 10:11:21,278 [40c6403c-e697-43dc-b480-ae867bb88e33-groupManagement] INFO  segmented.SegmentedRaftLogWorker (SegmentedRaftLogWorker.java:lambda$new$0(134)) - 40c6403c-e697-43dc-b480-ae867bb88e33@group-7D51CCF26F14-SegmentedRaftLogWorker: safeCacheEvictIndex: setUnconditionally 0 -> -1
2024-03-05 10:11:21,279 [40c6403c-e697-43dc-b480-ae867bb88e33-groupManagement] INFO  server.RaftServer$Division (RaftServerImpl.java:start(396)) - 40c6403c-e697-43dc-b480-ae867bb88e33@group-7D51CCF26F14: start as a follower, conf=-1: peers:[40c6403c-e697-43dc-b480-ae867bb88e33|10.1.0.29:15290]|listeners:[], old=null
2024-03-05 10:11:21,279 [40c6403c-e697-43dc-b480-ae867bb88e33-groupManagement] INFO  server.RaftServer$Division (RaftServerImpl.java:setRole(383)) - 40c6403c-e697-43dc-b480-ae867bb88e33@group-7D51CCF26F14: changes role from      null to FOLLOWER at term 0 for startAsFollower
2024-03-05 10:11:21,279 [40c6403c-e697-43dc-b480-ae867bb88e33-groupManagement] INFO  impl.RoleInfo (RoleInfo.java:updateAndGet(139)) - 40c6403c-e697-43dc-b480-ae867bb88e33: start 40c6403c-e697-43dc-b480-ae867bb88e33@group-7D51CCF26F14-FollowerState
2024-03-05 10:11:21,279 [40c6403c-e697-43dc-b480-ae867bb88e33-groupManagement] INFO  util.JmxRegister (JmxRegister.java:tryRegister(44)) - Successfully registered JMX Bean with object name Ratis:service=RaftServer,group=group-7D51CCF26F14,id=40c6403c-e697-43dc-b480-ae867bb88e33
2024-03-05 10:11:21,279 [40c6403c-e697-43dc-b480-ae867bb88e33@group-7D51CCF26F14-FollowerState] INFO  server.RaftServerConfigKeys (ConfUtils.java:logFallback(53)) - raft.server.rpc.first-election.timeout.min = 5s (fallback to raft.server.rpc.timeout.min)
2024-03-05 10:11:21,279 [40c6403c-e697-43dc-b480-ae867bb88e33-groupManagement] INFO  server.RaftServerConfigKeys (ConfUtils.java:logGet(46)) - raft.server.snapshot.trigger-when-stop.enabled = true (default)
2024-03-05 10:11:21,279 [40c6403c-e697-43dc-b480-ae867bb88e33@group-7D51CCF26F14-FollowerState] INFO  server.RaftServerConfigKeys (ConfUtils.java:logFallback(53)) - raft.server.rpc.first-election.timeout.max = 5200ms (fallback to raft.server.rpc.timeout.max)
2024-03-05 10:11:21,279 [40c6403c-e697-43dc-b480-ae867bb88e33-groupManagement] INFO  server.RaftServerConfigKeys (ConfUtils.java:logGet(46)) - raft.server.snapshot.auto.trigger.enabled = true (custom)
2024-03-05 10:11:21,279 [40c6403c-e697-43dc-b480-ae867bb88e33-groupManagement] INFO  server.RaftServerConfigKeys (ConfUtils.java:logGet(46)) - raft.server.snapshot.auto.trigger.threshold = 10000 (custom)
2024-03-05 10:11:21,279 [40c6403c-e697-43dc-b480-ae867bb88e33-groupManagement] INFO  server.RaftServerConfigKeys (ConfUtils.java:logGet(46)) - raft.server.snapshot.retention.file.num = 5 (custom)
2024-03-05 10:11:21,279 [40c6403c-e697-43dc-b480-ae867bb88e33-groupManagement] INFO  server.RaftServerConfigKeys (ConfUtils.java:logGet(46)) - raft.server.log.purge.upto.snapshot.index = false (default)
2024-03-05 10:11:21,280 [40c6403c-e697-43dc-b480-ae867bb88e33-PipelineCommandHandlerThread-0] INFO  ratis.XceiverServerRatis (XceiverServerRatis.java:addGroup(864)) - Created group PipelineID=569d738e-aa16-4ece-aa4f-7d51ccf26f14
2024-03-05 10:11:21,280 [40c6403c-e697-43dc-b480-ae867bb88e33-PipelineCommandHandlerThread-0] INFO  commandhandler.CreatePipelineCommandHandler (CreatePipelineCommandHandler.java:lambda$handle$2(124)) - Created Pipeline RATIS ONE PipelineID=569d738e-aa16-4ece-aa4f-7d51ccf26f14.
2024-03-05 10:11:21,367 [71f4d41d-0e43-455a-af57-6dee494bca18-PipelineCommandHandlerThread-0] INFO  server.RaftServer (RaftServerProxy.java:addNew(100)) - 71f4d41d-0e43-455a-af57-6dee494bca18: addNew group-32BEA8AEAF95:[71f4d41d-0e43-455a-af57-6dee494bca18|10.1.0.29:15299] returns group-32BEA8AEAF95:java.util.concurrent.CompletableFuture@2fb1deb2[Not completed]
2024-03-05 10:11:21,367 [71f4d41d-0e43-455a-af57-6dee494bca18-groupManagement] INFO  server.RaftServer$Division (RaftServerImpl.java:<init>(256)) - 71f4d41d-0e43-455a-af57-6dee494bca18: new RaftServerImpl for group-32BEA8AEAF95:[71f4d41d-0e43-455a-af57-6dee494bca18|10.1.0.29:15299] with ContainerStateMachine:uninitialized
2024-03-05 10:11:21,368 [71f4d41d-0e43-455a-af57-6dee494bca18-groupManagement] INFO  server.RaftServerConfigKeys (ConfUtils.java:logGet(46)) - raft.server.rpc.timeout.min = 5s (custom)
2024-03-05 10:11:21,368 [71f4d41d-0e43-455a-af57-6dee494bca18-groupManagement] INFO  server.RaftServerConfigKeys (ConfUtils.java:logGet(46)) - raft.server.rpc.timeout.max = 5200ms (custom)
2024-03-05 10:11:21,368 [71f4d41d-0e43-455a-af57-6dee494bca18-groupManagement] INFO  server.RaftServerConfigKeys (ConfUtils.java:logGet(46)) - raft.server.rpc.sleep.time = 25ms (default)
2024-03-05 10:11:21,368 [71f4d41d-0e43-455a-af57-6dee494bca18-groupManagement] INFO  server.RaftServerConfigKeys (ConfUtils.java:logGet(46)) - raft.server.rpc.slowness.timeout = 300000ms (custom)
2024-03-05 10:11:21,368 [71f4d41d-0e43-455a-af57-6dee494bca18-groupManagement] INFO  server.RaftServerConfigKeys (ConfUtils.java:logGet(46)) - raft.server.leaderelection.leader.step-down.wait-time = 10s (default)
2024-03-05 10:11:21,368 [71f4d41d-0e43-455a-af57-6dee494bca18-groupManagement] INFO  server.RaftServerConfigKeys (ConfUtils.java:logGet(46)) - raft.server.leaderelection.member.majority-add = false (default)
2024-03-05 10:11:21,368 [71f4d41d-0e43-455a-af57-6dee494bca18-groupManagement] INFO  server.RaftServerConfigKeys (ConfUtils.java:logGet(46)) - raft.server.sleep.deviation.threshold = 300ms (default)
2024-03-05 10:11:21,368 [71f4d41d-0e43-455a-af57-6dee494bca18-groupManagement] INFO  server.RaftServer$Division (ServerState.java:<init>(113)) - 71f4d41d-0e43-455a-af57-6dee494bca18@group-32BEA8AEAF95: ConfigurationManager, init=-1: peers:[71f4d41d-0e43-455a-af57-6dee494bca18|10.1.0.29:15299]|listeners:[], old=null, confs=<EMPTY_MAP>
2024-03-05 10:11:21,368 [71f4d41d-0e43-455a-af57-6dee494bca18-groupManagement] INFO  server.RaftServerConfigKeys (ConfUtils.java:logGet(46)) - raft.server.notification.no-leader.timeout = 300000ms (custom)
2024-03-05 10:11:21,368 [71f4d41d-0e43-455a-af57-6dee494bca18-groupManagement] INFO  server.RaftServerConfigKeys (ConfUtils.java:logGet(46)) - raft.server.read.timeout = 10s (default)
2024-03-05 10:11:21,368 [71f4d41d-0e43-455a-af57-6dee494bca18-groupManagement] INFO  server.RaftServerConfigKeys (ConfUtils.java:logGet(46)) - raft.server.retrycache.expirytime = 600000ms (custom)
2024-03-05 10:11:21,368 [71f4d41d-0e43-455a-af57-6dee494bca18-groupManagement] INFO  server.RaftServerConfigKeys (ConfUtils.java:logGet(46)) - raft.server.retrycache.statistics.expirytime = 100ms (default)
2024-03-05 10:11:21,368 [71f4d41d-0e43-455a-af57-6dee494bca18-groupManagement] INFO  server.RaftServerConfigKeys (ConfUtils.java:logGet(46)) - raft.server.read.option = DEFAULT (default)
2024-03-05 10:11:21,368 [71f4d41d-0e43-455a-af57-6dee494bca18-groupManagement] INFO  server.RaftServerConfigKeys (ConfUtils.java:logGet(46)) - raft.server.read.read-after-write-consistent.write-index-cache.expiry-time = 60s (default)
2024-03-05 10:11:21,371 [71f4d41d-0e43-455a-af57-6dee494bca18-groupManagement] INFO  server.RaftServerConfigKeys (ConfUtils.java:logGet(46)) - raft.server.rpc.request.timeout = 3000ms (default)
2024-03-05 10:11:21,371 [71f4d41d-0e43-455a-af57-6dee494bca18-groupManagement] INFO  server.RaftServerConfigKeys (ConfUtils.java:logGet(46)) - raft.server.log.appender.install.snapshot.enabled = false (custom)
2024-03-05 10:11:21,371 [71f4d41d-0e43-455a-af57-6dee494bca18-groupManagement] INFO  server.RaftServerConfigKeys (ConfUtils.java:logGet(46)) - raft.server.threadpool.server.cached = true (default)
2024-03-05 10:11:21,371 [71f4d41d-0e43-455a-af57-6dee494bca18-groupManagement] INFO  server.RaftServerConfigKeys (ConfUtils.java:logGet(46)) - raft.server.threadpool.server.size = 0 (default)
2024-03-05 10:11:21,371 [71f4d41d-0e43-455a-af57-6dee494bca18-groupManagement] INFO  server.RaftServerConfigKeys (ConfUtils.java:logGet(46)) - raft.server.threadpool.client.cached = true (default)
2024-03-05 10:11:21,371 [71f4d41d-0e43-455a-af57-6dee494bca18-groupManagement] INFO  server.RaftServerConfigKeys (ConfUtils.java:logGet(46)) - raft.server.threadpool.client.size = 0 (default)
2024-03-05 10:11:21,371 [71f4d41d-0e43-455a-af57-6dee494bca18-groupManagement] INFO  server.RaftServerConfigKeys (ConfUtils.java:logGet(46)) - raft.server.storage.free-space.min = 0MB (=0) (default)
2024-03-05 10:11:21,371 [71f4d41d-0e43-455a-af57-6dee494bca18-groupManagement] INFO  server.RaftServerConfigKeys (ConfUtils.java:logGet(46)) - raft.server.log.corruption.policy = EXCEPTION (default)
2024-03-05 10:11:21,371 [71f4d41d-0e43-455a-af57-6dee494bca18-groupManagement] INFO  server.RaftServerConfigKeys (ConfUtils.java:logGet(46)) - raft.server.storage.dir = [/home/runner/work/ozone/ozone/hadoop-ozone/integration-test/target/test-dir/MiniOzoneClusterImpl-58322414-df67-4d64-942a-a0d9644003f2/ozone-meta/datanode-3/ratis] (custom)
2024-03-05 10:11:21,371 [71f4d41d-0e43-455a-af57-6dee494bca18-groupManagement] INFO  storage.RaftStorageDirectory (RaftStorageDirectoryImpl.java:analyzeStorage(138)) - The storage directory /home/runner/work/ozone/ozone/hadoop-ozone/integration-test/target/test-dir/MiniOzoneClusterImpl-58322414-df67-4d64-942a-a0d9644003f2/ozone-meta/datanode-3/ratis/6745923d-3986-41aa-8695-32bea8aeaf95 does not exist. Creating ...
2024-03-05 10:11:21,372 [71f4d41d-0e43-455a-af57-6dee494bca18-groupManagement] INFO  storage.RaftStorageDirectory (RaftStorageDirectoryImpl.java:tryLock(228)) - Lock on /home/runner/work/ozone/ozone/hadoop-ozone/integration-test/target/test-dir/MiniOzoneClusterImpl-58322414-df67-4d64-942a-a0d9644003f2/ozone-meta/datanode-3/ratis/6745923d-3986-41aa-8695-32bea8aeaf95/in_use.lock acquired by nodename 65937@fv-az1018-62
2024-03-05 10:11:21,373 [71f4d41d-0e43-455a-af57-6dee494bca18-groupManagement] INFO  storage.RaftStorage (RaftStorageImpl.java:format(99)) - Storage directory /home/runner/work/ozone/ozone/hadoop-ozone/integration-test/target/test-dir/MiniOzoneClusterImpl-58322414-df67-4d64-942a-a0d9644003f2/ozone-meta/datanode-3/ratis/6745923d-3986-41aa-8695-32bea8aeaf95 has been successfully formatted.
2024-03-05 10:11:21,374 [71f4d41d-0e43-455a-af57-6dee494bca18-groupManagement] WARN  util.FileUtils (LogUtils.java:supplyAndLog(63)) - Failed to Files.newInputStream /home/runner/work/ozone/ozone/hadoop-ozone/integration-test/target/test-dir/MiniOzoneClusterImpl-58322414-df67-4d64-942a-a0d9644003f2/ozone-meta/datanode-3/ratis/6745923d-3986-41aa-8695-32bea8aeaf95/current/raft-meta.conf with options []: java.nio.file.NoSuchFileException: /home/runner/work/ozone/ozone/hadoop-ozone/integration-test/target/test-dir/MiniOzoneClusterImpl-58322414-df67-4d64-942a-a0d9644003f2/ozone-meta/datanode-3/ratis/6745923d-3986-41aa-8695-32bea8aeaf95/current/raft-meta.conf
2024-03-05 10:11:21,374 [71f4d41d-0e43-455a-af57-6dee494bca18-groupManagement] INFO  ratis.ContainerStateMachine (ContainerStateMachine.java:loadSnapshot(287)) - group-32BEA8AEAF95: The snapshot info is null. Setting the last applied index to:(t:0, i:~)
2024-03-05 10:11:21,374 [71f4d41d-0e43-455a-af57-6dee494bca18-groupManagement] INFO  server.RaftServerConfigKeys (ConfUtils.java:logGet(46)) - raft.server.log.use.memory = false (default)
2024-03-05 10:11:21,374 [71f4d41d-0e43-455a-af57-6dee494bca18-groupManagement] INFO  server.RaftServerConfigKeys (ConfUtils.java:logGet(46)) - raft.server.log.purge.gap = 1000000 (custom)
2024-03-05 10:11:21,374 [71f4d41d-0e43-455a-af57-6dee494bca18-groupManagement] INFO  server.RaftServerConfigKeys (ConfUtils.java:logGet(46)) - raft.server.log.appender.buffer.byte-limit = 8388608 (custom)
2024-03-05 10:11:21,374 [71f4d41d-0e43-455a-af57-6dee494bca18-groupManagement] INFO  server.RaftServerConfigKeys (ConfUtils.java:logGet(46)) - raft.server.log.statemachine.data.read.timeout = 1000ms (default)
2024-03-05 10:11:21,374 [71f4d41d-0e43-455a-af57-6dee494bca18-groupManagement] INFO  server.RaftServerConfigKeys (ConfUtils.java:logGet(46)) - raft.server.log.purge.preservation.log.num = 0 (default)
2024-03-05 10:11:21,375 [EventQueue-PipelineReportForPipelineReportHandler] INFO  pipeline.PipelineReportHandler (PipelineReportHandler.java:processPipelineReport(136)) - Opened pipeline PipelineID=6745923d-3986-41aa-8695-32bea8aeaf95
2024-03-05 10:11:21,375 [EventQueue-OpenPipelineForHealthyPipelineSafeModeRule] INFO  safemode.SCMSafeModeManager (HealthyPipelineSafeModeRule.java:process(140)) - SCM in safe mode. Healthy pipelines reported count is 0, required healthy pipeline reported count is 1
2024-03-05 10:11:21,376 [71f4d41d-0e43-455a-af57-6dee494bca18-groupManagement] INFO  server.RaftServerConfigKeys (ConfUtils.java:logGet(46)) - raft.server.log.segment.size.max = 67108864 (custom)
2024-03-05 10:11:21,376 [71f4d41d-0e43-455a-af57-6dee494bca18-groupManagement] INFO  server.RaftServerConfigKeys (ConfUtils.java:logGet(46)) - raft.server.log.segment.cache.num.max = 2 (custom)
2024-03-05 10:11:21,376 [71f4d41d-0e43-455a-af57-6dee494bca18-groupManagement] INFO  server.RaftServerConfigKeys (ConfUtils.java:logGet(46)) - raft.server.log.segment.cache.size.max = 200MB (=209715200) (default)
2024-03-05 10:11:21,376 [71f4d41d-0e43-455a-af57-6dee494bca18-groupManagement] INFO  server.RaftServerConfigKeys (ConfUtils.java:logGet(46)) - raft.server.log.appender.buffer.byte-limit = 8388608 (custom)
2024-03-05 10:11:21,376 [71f4d41d-0e43-455a-af57-6dee494bca18-groupManagement] INFO  util.AwaitToRun (AwaitToRun.java:start(81)) - Thread[71f4d41d-0e43-455a-af57-6dee494bca18@group-32BEA8AEAF95-cacheEviction-AwaitToRun,5,main] started
2024-03-05 10:11:21,376 [71f4d41d-0e43-455a-af57-6dee494bca18-groupManagement] INFO  segmented.SegmentedRaftLogWorker (SegmentedRaftLogWorker.java:<init>(182)) - new 71f4d41d-0e43-455a-af57-6dee494bca18@group-32BEA8AEAF95-SegmentedRaftLogWorker for RaftStorageImpl:Storage Directory /home/runner/work/ozone/ozone/hadoop-ozone/integration-test/target/test-dir/MiniOzoneClusterImpl-58322414-df67-4d64-942a-a0d9644003f2/ozone-meta/datanode-3/ratis/6745923d-3986-41aa-8695-32bea8aeaf95
2024-03-05 10:11:21,376 [71f4d41d-0e43-455a-af57-6dee494bca18-groupManagement] INFO  server.RaftServerConfigKeys (ConfUtils.java:logGet(46)) - raft.server.log.queue.byte-limit = 4294967296 (custom)
2024-03-05 10:11:21,376 [71f4d41d-0e43-455a-af57-6dee494bca18-groupManagement] INFO  server.RaftServerConfigKeys (ConfUtils.java:logGet(46)) - raft.server.log.queue.element-limit = 1024 (custom)
2024-03-05 10:11:21,376 [71f4d41d-0e43-455a-af57-6dee494bca18-groupManagement] INFO  server.RaftServerConfigKeys (ConfUtils.java:logGet(46)) - raft.server.log.segment.size.max = 67108864 (custom)
2024-03-05 10:11:21,377 [71f4d41d-0e43-455a-af57-6dee494bca18-groupManagement] INFO  server.RaftServerConfigKeys (ConfUtils.java:logGet(46)) - raft.server.log.preallocated.size = 4194304 (custom)
2024-03-05 10:11:21,377 [71f4d41d-0e43-455a-af57-6dee494bca18-groupManagement] INFO  server.RaftServerConfigKeys (ConfUtils.java:logGet(46)) - raft.server.log.force.sync.num = 128 (default)
2024-03-05 10:11:21,377 [71f4d41d-0e43-455a-af57-6dee494bca18-groupManagement] INFO  server.RaftServerConfigKeys (ConfUtils.java:logGet(46)) - raft.server.log.statemachine.data.sync = true (default)
2024-03-05 10:11:21,377 [71f4d41d-0e43-455a-af57-6dee494bca18-groupManagement] INFO  server.RaftServerConfigKeys (ConfUtils.java:logGet(46)) - raft.server.log.statemachine.data.sync.timeout = 10s (default)
2024-03-05 10:11:21,377 [71f4d41d-0e43-455a-af57-6dee494bca18-groupManagement] INFO  server.RaftServerConfigKeys (ConfUtils.java:logGet(46)) - raft.server.log.statemachine.data.sync.timeout.retry = 0 (custom)
2024-03-05 10:11:21,377 [71f4d41d-0e43-455a-af57-6dee494bca18-groupManagement] INFO  server.RaftServerConfigKeys (ConfUtils.java:logGet(46)) - raft.server.log.write.buffer.size = 8388616 (custom)
2024-03-05 10:11:21,378 [71f4d41d-0e43-455a-af57-6dee494bca18-groupManagement] INFO  server.RaftServerConfigKeys (ConfUtils.java:logGet(46)) - raft.server.log.appender.buffer.byte-limit = 8388608 (custom)
2024-03-05 10:11:21,378 [71f4d41d-0e43-455a-af57-6dee494bca18-groupManagement] INFO  server.RaftServerConfigKeys (ConfUtils.java:logGet(46)) - raft.server.log.unsafe-flush.enabled = false (default)
2024-03-05 10:11:21,378 [71f4d41d-0e43-455a-af57-6dee494bca18-groupManagement] INFO  server.RaftServerConfigKeys (ConfUtils.java:logGet(46)) - raft.server.log.async-flush.enabled = false (default)
2024-03-05 10:11:21,378 [71f4d41d-0e43-455a-af57-6dee494bca18-groupManagement] INFO  server.RaftServerConfigKeys (ConfUtils.java:logGet(46)) - raft.server.log.statemachine.data.caching.enabled = true (custom)
2024-03-05 10:11:21,379 [71f4d41d-0e43-455a-af57-6dee494bca18-groupManagement] INFO  segmented.SegmentedRaftLogWorker (SegmentedRaftLogWorker.java:lambda$new$0(134)) - 71f4d41d-0e43-455a-af57-6dee494bca18@group-32BEA8AEAF95-SegmentedRaftLogWorker: flushIndex: setUnconditionally 0 -> -1
2024-03-05 10:11:21,379 [71f4d41d-0e43-455a-af57-6dee494bca18-groupManagement] INFO  segmented.SegmentedRaftLogWorker (SegmentedRaftLogWorker.java:lambda$new$0(134)) - 71f4d41d-0e43-455a-af57-6dee494bca18@group-32BEA8AEAF95-SegmentedRaftLogWorker: safeCacheEvictIndex: setUnconditionally 0 -> -1
2024-03-05 10:11:21,379 [71f4d41d-0e43-455a-af57-6dee494bca18-groupManagement] INFO  server.RaftServer$Division (RaftServerImpl.java:start(396)) - 71f4d41d-0e43-455a-af57-6dee494bca18@group-32BEA8AEAF95: start as a follower, conf=-1: peers:[71f4d41d-0e43-455a-af57-6dee494bca18|10.1.0.29:15299]|listeners:[], old=null
2024-03-05 10:11:21,379 [71f4d41d-0e43-455a-af57-6dee494bca18-groupManagement] INFO  server.RaftServer$Division (RaftServerImpl.java:setRole(383)) - 71f4d41d-0e43-455a-af57-6dee494bca18@group-32BEA8AEAF95: changes role from      null to FOLLOWER at term 0 for startAsFollower
2024-03-05 10:11:21,379 [71f4d41d-0e43-455a-af57-6dee494bca18-groupManagement] INFO  impl.RoleInfo (RoleInfo.java:updateAndGet(139)) - 71f4d41d-0e43-455a-af57-6dee494bca18: start 71f4d41d-0e43-455a-af57-6dee494bca18@group-32BEA8AEAF95-FollowerState
2024-03-05 10:11:21,379 [71f4d41d-0e43-455a-af57-6dee494bca18-groupManagement] INFO  util.JmxRegister (JmxRegister.java:tryRegister(44)) - Successfully registered JMX Bean with object name Ratis:service=RaftServer,group=group-32BEA8AEAF95,id=71f4d41d-0e43-455a-af57-6dee494bca18
2024-03-05 10:11:21,379 [71f4d41d-0e43-455a-af57-6dee494bca18@group-32BEA8AEAF95-FollowerState] INFO  server.RaftServerConfigKeys (ConfUtils.java:logFallback(53)) - raft.server.rpc.first-election.timeout.min = 5s (fallback to raft.server.rpc.timeout.min)
2024-03-05 10:11:21,379 [71f4d41d-0e43-455a-af57-6dee494bca18-groupManagement] INFO  server.RaftServerConfigKeys (ConfUtils.java:logGet(46)) - raft.server.snapshot.trigger-when-stop.enabled = true (default)
2024-03-05 10:11:21,379 [71f4d41d-0e43-455a-af57-6dee494bca18-groupManagement] INFO  server.RaftServerConfigKeys (ConfUtils.java:logGet(46)) - raft.server.snapshot.auto.trigger.enabled = true (custom)
2024-03-05 10:11:21,379 [71f4d41d-0e43-455a-af57-6dee494bca18@group-32BEA8AEAF95-FollowerState] INFO  server.RaftServerConfigKeys (ConfUtils.java:logFallback(53)) - raft.server.rpc.first-election.timeout.max = 5200ms (fallback to raft.server.rpc.timeout.max)
2024-03-05 10:11:21,379 [71f4d41d-0e43-455a-af57-6dee494bca18-groupManagement] INFO  server.RaftServerConfigKeys (ConfUtils.java:logGet(46)) - raft.server.snapshot.auto.trigger.threshold = 10000 (custom)
2024-03-05 10:11:21,379 [71f4d41d-0e43-455a-af57-6dee494bca18-groupManagement] INFO  server.RaftServerConfigKeys (ConfUtils.java:logGet(46)) - raft.server.snapshot.retention.file.num = 5 (custom)
2024-03-05 10:11:21,379 [71f4d41d-0e43-455a-af57-6dee494bca18-groupManagement] INFO  server.RaftServerConfigKeys (ConfUtils.java:logGet(46)) - raft.server.log.purge.upto.snapshot.index = false (default)
2024-03-05 10:11:21,380 [71f4d41d-0e43-455a-af57-6dee494bca18-PipelineCommandHandlerThread-0] INFO  ratis.XceiverServerRatis (XceiverServerRatis.java:addGroup(864)) - Created group PipelineID=6745923d-3986-41aa-8695-32bea8aeaf95
2024-03-05 10:11:21,380 [71f4d41d-0e43-455a-af57-6dee494bca18-PipelineCommandHandlerThread-0] INFO  commandhandler.CreatePipelineCommandHandler (CreatePipelineCommandHandler.java:lambda$handle$2(124)) - Created Pipeline RATIS ONE PipelineID=6745923d-3986-41aa-8695-32bea8aeaf95.
2024-03-05 10:11:21,477 [d931d63e-dd15-4e6c-a722-a504b4f57030-PipelineCommandHandlerThread-0] INFO  server.RaftServer (RaftServerProxy.java:addNew(100)) - d931d63e-dd15-4e6c-a722-a504b4f57030: addNew group-A1C468F92B51:[d931d63e-dd15-4e6c-a722-a504b4f57030|10.1.0.29:15308] returns group-A1C468F92B51:java.util.concurrent.CompletableFuture@6559225b[Not completed]
2024-03-05 10:11:21,477 [d931d63e-dd15-4e6c-a722-a504b4f57030-groupManagement] INFO  server.RaftServer$Division (RaftServerImpl.java:<init>(256)) - d931d63e-dd15-4e6c-a722-a504b4f57030: new RaftServerImpl for group-A1C468F92B51:[d931d63e-dd15-4e6c-a722-a504b4f57030|10.1.0.29:15308] with ContainerStateMachine:uninitialized
2024-03-05 10:11:21,477 [d931d63e-dd15-4e6c-a722-a504b4f57030-groupManagement] INFO  server.RaftServerConfigKeys (ConfUtils.java:logGet(46)) - raft.server.rpc.timeout.min = 5s (custom)
2024-03-05 10:11:21,477 [d931d63e-dd15-4e6c-a722-a504b4f57030-groupManagement] INFO  server.RaftServerConfigKeys (ConfUtils.java:logGet(46)) - raft.server.rpc.timeout.max = 5200ms (custom)
2024-03-05 10:11:21,477 [d931d63e-dd15-4e6c-a722-a504b4f57030-groupManagement] INFO  server.RaftServerConfigKeys (ConfUtils.java:logGet(46)) - raft.server.rpc.sleep.time = 25ms (default)
2024-03-05 10:11:21,478 [d931d63e-dd15-4e6c-a722-a504b4f57030-groupManagement] INFO  server.RaftServerConfigKeys (ConfUtils.java:logGet(46)) - raft.server.rpc.slowness.timeout = 300000ms (custom)
2024-03-05 10:11:21,478 [d931d63e-dd15-4e6c-a722-a504b4f57030-groupManagement] INFO  server.RaftServerConfigKeys (ConfUtils.java:logGet(46)) - raft.server.leaderelection.leader.step-down.wait-time = 10s (default)
2024-03-05 10:11:21,478 [d931d63e-dd15-4e6c-a722-a504b4f57030-groupManagement] INFO  server.RaftServerConfigKeys (ConfUtils.java:logGet(46)) - raft.server.leaderelection.member.majority-add = false (default)
2024-03-05 10:11:21,478 [d931d63e-dd15-4e6c-a722-a504b4f57030-groupManagement] INFO  server.RaftServerConfigKeys (ConfUtils.java:logGet(46)) - raft.server.sleep.deviation.threshold = 300ms (default)
2024-03-05 10:11:21,478 [d931d63e-dd15-4e6c-a722-a504b4f57030-groupManagement] INFO  server.RaftServer$Division (ServerState.java:<init>(113)) - d931d63e-dd15-4e6c-a722-a504b4f57030@group-A1C468F92B51: ConfigurationManager, init=-1: peers:[d931d63e-dd15-4e6c-a722-a504b4f57030|10.1.0.29:15308]|listeners:[], old=null, confs=<EMPTY_MAP>
2024-03-05 10:11:21,478 [d931d63e-dd15-4e6c-a722-a504b4f57030-groupManagement] INFO  server.RaftServerConfigKeys (ConfUtils.java:logGet(46)) - raft.server.notification.no-leader.timeout = 300000ms (custom)
2024-03-05 10:11:21,478 [d931d63e-dd15-4e6c-a722-a504b4f57030-groupManagement] INFO  server.RaftServerConfigKeys (ConfUtils.java:logGet(46)) - raft.server.read.timeout = 10s (default)
2024-03-05 10:11:21,478 [d931d63e-dd15-4e6c-a722-a504b4f57030-groupManagement] INFO  server.RaftServerConfigKeys (ConfUtils.java:logGet(46)) - raft.server.retrycache.expirytime = 600000ms (custom)
2024-03-05 10:11:21,478 [d931d63e-dd15-4e6c-a722-a504b4f57030-groupManagement] INFO  server.RaftServerConfigKeys (ConfUtils.java:logGet(46)) - raft.server.retrycache.statistics.expirytime = 100ms (default)
2024-03-05 10:11:21,478 [d931d63e-dd15-4e6c-a722-a504b4f57030-groupManagement] INFO  server.RaftServerConfigKeys (ConfUtils.java:logGet(46)) - raft.server.read.option = DEFAULT (default)
2024-03-05 10:11:21,478 [d931d63e-dd15-4e6c-a722-a504b4f57030-groupManagement] INFO  server.RaftServerConfigKeys (ConfUtils.java:logGet(46)) - raft.server.read.read-after-write-consistent.write-index-cache.expiry-time = 60s (default)
2024-03-05 10:11:21,479 [d931d63e-dd15-4e6c-a722-a504b4f57030-groupManagement] INFO  server.RaftServerConfigKeys (ConfUtils.java:logGet(46)) - raft.server.rpc.request.timeout = 3000ms (default)
2024-03-05 10:11:21,479 [d931d63e-dd15-4e6c-a722-a504b4f57030-groupManagement] INFO  server.RaftServerConfigKeys (ConfUtils.java:logGet(46)) - raft.server.log.appender.install.snapshot.enabled = false (custom)
2024-03-05 10:11:21,480 [d931d63e-dd15-4e6c-a722-a504b4f57030-groupManagement] INFO  server.RaftServerConfigKeys (ConfUtils.java:logGet(46)) - raft.server.threadpool.server.cached = true (default)
2024-03-05 10:11:21,480 [d931d63e-dd15-4e6c-a722-a504b4f57030-groupManagement] INFO  server.RaftServerConfigKeys (ConfUtils.java:logGet(46)) - raft.server.threadpool.server.size = 0 (default)
2024-03-05 10:11:21,480 [d931d63e-dd15-4e6c-a722-a504b4f57030-groupManagement] INFO  server.RaftServerConfigKeys (ConfUtils.java:logGet(46)) - raft.server.threadpool.client.cached = true (default)
2024-03-05 10:11:21,480 [d931d63e-dd15-4e6c-a722-a504b4f57030-groupManagement] INFO  server.RaftServerConfigKeys (ConfUtils.java:logGet(46)) - raft.server.threadpool.client.size = 0 (default)
2024-03-05 10:11:21,480 [d931d63e-dd15-4e6c-a722-a504b4f57030-groupManagement] INFO  server.RaftServerConfigKeys (ConfUtils.java:logGet(46)) - raft.server.storage.free-space.min = 0MB (=0) (default)
2024-03-05 10:11:21,480 [d931d63e-dd15-4e6c-a722-a504b4f57030-groupManagement] INFO  server.RaftServerConfigKeys (ConfUtils.java:logGet(46)) - raft.server.log.corruption.policy = EXCEPTION (default)
2024-03-05 10:11:21,480 [d931d63e-dd15-4e6c-a722-a504b4f57030-groupManagement] INFO  server.RaftServerConfigKeys (ConfUtils.java:logGet(46)) - raft.server.storage.dir = [/home/runner/work/ozone/ozone/hadoop-ozone/integration-test/target/test-dir/MiniOzoneClusterImpl-58322414-df67-4d64-942a-a0d9644003f2/ozone-meta/datanode-4/ratis] (custom)
2024-03-05 10:11:21,480 [d931d63e-dd15-4e6c-a722-a504b4f57030-groupManagement] INFO  storage.RaftStorageDirectory (RaftStorageDirectoryImpl.java:analyzeStorage(138)) - The storage directory /home/runner/work/ozone/ozone/hadoop-ozone/integration-test/target/test-dir/MiniOzoneClusterImpl-58322414-df67-4d64-942a-a0d9644003f2/ozone-meta/datanode-4/ratis/7c0c2088-2e84-41c8-966c-a1c468f92b51 does not exist. Creating ...
2024-03-05 10:11:21,481 [d931d63e-dd15-4e6c-a722-a504b4f57030-groupManagement] INFO  storage.RaftStorageDirectory (RaftStorageDirectoryImpl.java:tryLock(228)) - Lock on /home/runner/work/ozone/ozone/hadoop-ozone/integration-test/target/test-dir/MiniOzoneClusterImpl-58322414-df67-4d64-942a-a0d9644003f2/ozone-meta/datanode-4/ratis/7c0c2088-2e84-41c8-966c-a1c468f92b51/in_use.lock acquired by nodename 65937@fv-az1018-62
2024-03-05 10:11:21,482 [d931d63e-dd15-4e6c-a722-a504b4f57030-groupManagement] INFO  storage.RaftStorage (RaftStorageImpl.java:format(99)) - Storage directory /home/runner/work/ozone/ozone/hadoop-ozone/integration-test/target/test-dir/MiniOzoneClusterImpl-58322414-df67-4d64-942a-a0d9644003f2/ozone-meta/datanode-4/ratis/7c0c2088-2e84-41c8-966c-a1c468f92b51 has been successfully formatted.
2024-03-05 10:11:21,482 [d931d63e-dd15-4e6c-a722-a504b4f57030-groupManagement] WARN  util.FileUtils (LogUtils.java:supplyAndLog(63)) - Failed to Files.newInputStream /home/runner/work/ozone/ozone/hadoop-ozone/integration-test/target/test-dir/MiniOzoneClusterImpl-58322414-df67-4d64-942a-a0d9644003f2/ozone-meta/datanode-4/ratis/7c0c2088-2e84-41c8-966c-a1c468f92b51/current/raft-meta.conf with options []: java.nio.file.NoSuchFileException: /home/runner/work/ozone/ozone/hadoop-ozone/integration-test/target/test-dir/MiniOzoneClusterImpl-58322414-df67-4d64-942a-a0d9644003f2/ozone-meta/datanode-4/ratis/7c0c2088-2e84-41c8-966c-a1c468f92b51/current/raft-meta.conf
2024-03-05 10:11:21,483 [d931d63e-dd15-4e6c-a722-a504b4f57030-groupManagement] INFO  ratis.ContainerStateMachine (ContainerStateMachine.java:loadSnapshot(287)) - group-A1C468F92B51: The snapshot info is null. Setting the last applied index to:(t:0, i:~)
2024-03-05 10:11:21,483 [d931d63e-dd15-4e6c-a722-a504b4f57030-groupManagement] INFO  server.RaftServerConfigKeys (ConfUtils.java:logGet(46)) - raft.server.log.use.memory = false (default)
2024-03-05 10:11:21,483 [d931d63e-dd15-4e6c-a722-a504b4f57030-groupManagement] INFO  server.RaftServerConfigKeys (ConfUtils.java:logGet(46)) - raft.server.log.purge.gap = 1000000 (custom)
2024-03-05 10:11:21,483 [d931d63e-dd15-4e6c-a722-a504b4f57030-groupManagement] INFO  server.RaftServerConfigKeys (ConfUtils.java:logGet(46)) - raft.server.log.appender.buffer.byte-limit = 8388608 (custom)
2024-03-05 10:11:21,483 [d931d63e-dd15-4e6c-a722-a504b4f57030-groupManagement] INFO  server.RaftServerConfigKeys (ConfUtils.java:logGet(46)) - raft.server.log.statemachine.data.read.timeout = 1000ms (default)
2024-03-05 10:11:21,483 [d931d63e-dd15-4e6c-a722-a504b4f57030-groupManagement] INFO  server.RaftServerConfigKeys (ConfUtils.java:logGet(46)) - raft.server.log.purge.preservation.log.num = 0 (default)
2024-03-05 10:11:21,484 [EventQueue-PipelineReportForPipelineReportHandler] INFO  pipeline.PipelineReportHandler (PipelineReportHandler.java:processPipelineReport(136)) - Opened pipeline PipelineID=7c0c2088-2e84-41c8-966c-a1c468f92b51
2024-03-05 10:11:21,484 [EventQueue-OpenPipelineForHealthyPipelineSafeModeRule] INFO  safemode.SCMSafeModeManager (HealthyPipelineSafeModeRule.java:process(140)) - SCM in safe mode. Healthy pipelines reported count is 0, required healthy pipeline reported count is 1
2024-03-05 10:11:21,484 [d931d63e-dd15-4e6c-a722-a504b4f57030-groupManagement] INFO  server.RaftServerConfigKeys (ConfUtils.java:logGet(46)) - raft.server.log.segment.size.max = 67108864 (custom)
2024-03-05 10:11:21,485 [d931d63e-dd15-4e6c-a722-a504b4f57030-groupManagement] INFO  server.RaftServerConfigKeys (ConfUtils.java:logGet(46)) - raft.server.log.segment.cache.num.max = 2 (custom)
2024-03-05 10:11:21,485 [d931d63e-dd15-4e6c-a722-a504b4f57030-groupManagement] INFO  server.RaftServerConfigKeys (ConfUtils.java:logGet(46)) - raft.server.log.segment.cache.size.max = 200MB (=209715200) (default)
2024-03-05 10:11:21,485 [d931d63e-dd15-4e6c-a722-a504b4f57030-groupManagement] INFO  server.RaftServerConfigKeys (ConfUtils.java:logGet(46)) - raft.server.log.appender.buffer.byte-limit = 8388608 (custom)
2024-03-05 10:11:21,485 [d931d63e-dd15-4e6c-a722-a504b4f57030-groupManagement] INFO  util.AwaitToRun (AwaitToRun.java:start(81)) - Thread[d931d63e-dd15-4e6c-a722-a504b4f57030@group-A1C468F92B51-cacheEviction-AwaitToRun,5,main] started
2024-03-05 10:11:21,485 [d931d63e-dd15-4e6c-a722-a504b4f57030-groupManagement] INFO  segmented.SegmentedRaftLogWorker (SegmentedRaftLogWorker.java:<init>(182)) - new d931d63e-dd15-4e6c-a722-a504b4f57030@group-A1C468F92B51-SegmentedRaftLogWorker for RaftStorageImpl:Storage Directory /home/runner/work/ozone/ozone/hadoop-ozone/integration-test/target/test-dir/MiniOzoneClusterImpl-58322414-df67-4d64-942a-a0d9644003f2/ozone-meta/datanode-4/ratis/7c0c2088-2e84-41c8-966c-a1c468f92b51
2024-03-05 10:11:21,485 [d931d63e-dd15-4e6c-a722-a504b4f57030-groupManagement] INFO  server.RaftServerConfigKeys (ConfUtils.java:logGet(46)) - raft.server.log.queue.byte-limit = 4294967296 (custom)
2024-03-05 10:11:21,485 [d931d63e-dd15-4e6c-a722-a504b4f57030-groupManagement] INFO  server.RaftServerConfigKeys (ConfUtils.java:logGet(46)) - raft.server.log.queue.element-limit = 1024 (custom)
2024-03-05 10:11:21,485 [d931d63e-dd15-4e6c-a722-a504b4f57030-groupManagement] INFO  server.RaftServerConfigKeys (ConfUtils.java:logGet(46)) - raft.server.log.segment.size.max = 67108864 (custom)
2024-03-05 10:11:21,485 [d931d63e-dd15-4e6c-a722-a504b4f57030-groupManagement] INFO  server.RaftServerConfigKeys (ConfUtils.java:logGet(46)) - raft.server.log.preallocated.size = 4194304 (custom)
2024-03-05 10:11:21,485 [d931d63e-dd15-4e6c-a722-a504b4f57030-groupManagement] INFO  server.RaftServerConfigKeys (ConfUtils.java:logGet(46)) - raft.server.log.force.sync.num = 128 (default)
2024-03-05 10:11:21,485 [d931d63e-dd15-4e6c-a722-a504b4f57030-groupManagement] INFO  server.RaftServerConfigKeys (ConfUtils.java:logGet(46)) - raft.server.log.statemachine.data.sync = true (default)
2024-03-05 10:11:21,485 [d931d63e-dd15-4e6c-a722-a504b4f57030-groupManagement] INFO  server.RaftServerConfigKeys (ConfUtils.java:logGet(46)) - raft.server.log.statemachine.data.sync.timeout = 10s (default)
2024-03-05 10:11:21,485 [d931d63e-dd15-4e6c-a722-a504b4f57030-groupManagement] INFO  server.RaftServerConfigKeys (ConfUtils.java:logGet(46)) - raft.server.log.statemachine.data.sync.timeout.retry = 0 (custom)
2024-03-05 10:11:21,485 [d931d63e-dd15-4e6c-a722-a504b4f57030-groupManagement] INFO  server.RaftServerConfigKeys (ConfUtils.java:logGet(46)) - raft.server.log.write.buffer.size = 8388616 (custom)
2024-03-05 10:11:21,487 [d931d63e-dd15-4e6c-a722-a504b4f57030-groupManagement] INFO  server.RaftServerConfigKeys (ConfUtils.java:logGet(46)) - raft.server.log.appender.buffer.byte-limit = 8388608 (custom)
2024-03-05 10:11:21,487 [d931d63e-dd15-4e6c-a722-a504b4f57030-groupManagement] INFO  server.RaftServerConfigKeys (ConfUtils.java:logGet(46)) - raft.server.log.unsafe-flush.enabled = false (default)
2024-03-05 10:11:21,487 [d931d63e-dd15-4e6c-a722-a504b4f57030-groupManagement] INFO  server.RaftServerConfigKeys (ConfUtils.java:logGet(46)) - raft.server.log.async-flush.enabled = false (default)
2024-03-05 10:11:21,487 [d931d63e-dd15-4e6c-a722-a504b4f57030-groupManagement] INFO  server.RaftServerConfigKeys (ConfUtils.java:logGet(46)) - raft.server.log.statemachine.data.caching.enabled = true (custom)
2024-03-05 10:11:21,487 [d931d63e-dd15-4e6c-a722-a504b4f57030-groupManagement] INFO  segmented.SegmentedRaftLogWorker (SegmentedRaftLogWorker.java:lambda$new$0(134)) - d931d63e-dd15-4e6c-a722-a504b4f57030@group-A1C468F92B51-SegmentedRaftLogWorker: flushIndex: setUnconditionally 0 -> -1
2024-03-05 10:11:21,487 [d931d63e-dd15-4e6c-a722-a504b4f57030-groupManagement] INFO  segmented.SegmentedRaftLogWorker (SegmentedRaftLogWorker.java:lambda$new$0(134)) - d931d63e-dd15-4e6c-a722-a504b4f57030@group-A1C468F92B51-SegmentedRaftLogWorker: safeCacheEvictIndex: setUnconditionally 0 -> -1
2024-03-05 10:11:21,487 [d931d63e-dd15-4e6c-a722-a504b4f57030-groupManagement] INFO  server.RaftServer$Division (RaftServerImpl.java:start(396)) - d931d63e-dd15-4e6c-a722-a504b4f57030@group-A1C468F92B51: start as a follower, conf=-1: peers:[d931d63e-dd15-4e6c-a722-a504b4f57030|10.1.0.29:15308]|listeners:[], old=null
2024-03-05 10:11:21,487 [d931d63e-dd15-4e6c-a722-a504b4f57030-groupManagement] INFO  server.RaftServer$Division (RaftServerImpl.java:setRole(383)) - d931d63e-dd15-4e6c-a722-a504b4f57030@group-A1C468F92B51: changes role from      null to FOLLOWER at term 0 for startAsFollower
2024-03-05 10:11:21,487 [d931d63e-dd15-4e6c-a722-a504b4f57030-groupManagement] INFO  impl.RoleInfo (RoleInfo.java:updateAndGet(139)) - d931d63e-dd15-4e6c-a722-a504b4f57030: start d931d63e-dd15-4e6c-a722-a504b4f57030@group-A1C468F92B51-FollowerState
2024-03-05 10:11:21,487 [d931d63e-dd15-4e6c-a722-a504b4f57030-groupManagement] INFO  util.JmxRegister (JmxRegister.java:tryRegister(44)) - Successfully registered JMX Bean with object name Ratis:service=RaftServer,group=group-A1C468F92B51,id=d931d63e-dd15-4e6c-a722-a504b4f57030
2024-03-05 10:11:21,487 [d931d63e-dd15-4e6c-a722-a504b4f57030@group-A1C468F92B51-FollowerState] INFO  server.RaftServerConfigKeys (ConfUtils.java:logFallback(53)) - raft.server.rpc.first-election.timeout.min = 5s (fallback to raft.server.rpc.timeout.min)
2024-03-05 10:11:21,487 [d931d63e-dd15-4e6c-a722-a504b4f57030-groupManagement] INFO  server.RaftServerConfigKeys (ConfUtils.java:logGet(46)) - raft.server.snapshot.trigger-when-stop.enabled = true (default)
2024-03-05 10:11:21,487 [d931d63e-dd15-4e6c-a722-a504b4f57030@group-A1C468F92B51-FollowerState] INFO  server.RaftServerConfigKeys (ConfUtils.java:logFallback(53)) - raft.server.rpc.first-election.timeout.max = 5200ms (fallback to raft.server.rpc.timeout.max)
2024-03-05 10:11:21,488 [d931d63e-dd15-4e6c-a722-a504b4f57030-groupManagement] INFO  server.RaftServerConfigKeys (ConfUtils.java:logGet(46)) - raft.server.snapshot.auto.trigger.enabled = true (custom)
2024-03-05 10:11:21,488 [d931d63e-dd15-4e6c-a722-a504b4f57030-groupManagement] INFO  server.RaftServerConfigKeys (ConfUtils.java:logGet(46)) - raft.server.snapshot.auto.trigger.threshold = 10000 (custom)
2024-03-05 10:11:21,488 [d931d63e-dd15-4e6c-a722-a504b4f57030-groupManagement] INFO  server.RaftServerConfigKeys (ConfUtils.java:logGet(46)) - raft.server.snapshot.retention.file.num = 5 (custom)
2024-03-05 10:11:21,488 [d931d63e-dd15-4e6c-a722-a504b4f57030-groupManagement] INFO  server.RaftServerConfigKeys (ConfUtils.java:logGet(46)) - raft.server.log.purge.upto.snapshot.index = false (default)
2024-03-05 10:11:21,488 [d931d63e-dd15-4e6c-a722-a504b4f57030-PipelineCommandHandlerThread-0] INFO  ratis.XceiverServerRatis (XceiverServerRatis.java:addGroup(864)) - Created group PipelineID=7c0c2088-2e84-41c8-966c-a1c468f92b51
2024-03-05 10:11:21,488 [d931d63e-dd15-4e6c-a722-a504b4f57030-PipelineCommandHandlerThread-0] INFO  commandhandler.CreatePipelineCommandHandler (CreatePipelineCommandHandler.java:lambda$handle$2(124)) - Created Pipeline RATIS ONE PipelineID=7c0c2088-2e84-41c8-966c-a1c468f92b51.
2024-03-05 10:11:21,488 [d931d63e-dd15-4e6c-a722-a504b4f57030-PipelineCommandHandlerThread-0] INFO  server.RaftServer (RaftServerProxy.java:addNew(100)) - d931d63e-dd15-4e6c-a722-a504b4f57030: addNew group-F3A3BFA84EC7:[76f60663-9351-4c92-a037-8f3a190b5659|10.1.0.29:15326, d931d63e-dd15-4e6c-a722-a504b4f57030|10.1.0.29:15308, e31e7e37-3da5-4192-a08f-644192942d08|10.1.0.29:15317] returns group-F3A3BFA84EC7:java.util.concurrent.CompletableFuture@6166ba28[Not completed]
2024-03-05 10:11:21,489 [d931d63e-dd15-4e6c-a722-a504b4f57030-groupManagement] INFO  server.RaftServer$Division (RaftServerImpl.java:<init>(256)) - d931d63e-dd15-4e6c-a722-a504b4f57030: new RaftServerImpl for group-F3A3BFA84EC7:[76f60663-9351-4c92-a037-8f3a190b5659|10.1.0.29:15326, d931d63e-dd15-4e6c-a722-a504b4f57030|10.1.0.29:15308, e31e7e37-3da5-4192-a08f-644192942d08|10.1.0.29:15317] with ContainerStateMachine:uninitialized
2024-03-05 10:11:21,489 [d931d63e-dd15-4e6c-a722-a504b4f57030-groupManagement] INFO  server.RaftServerConfigKeys (ConfUtils.java:logGet(46)) - raft.server.rpc.timeout.min = 5s (custom)
2024-03-05 10:11:21,489 [d931d63e-dd15-4e6c-a722-a504b4f57030-groupManagement] INFO  server.RaftServerConfigKeys (ConfUtils.java:logGet(46)) - raft.server.rpc.timeout.max = 5200ms (custom)
2024-03-05 10:11:21,489 [d931d63e-dd15-4e6c-a722-a504b4f57030-groupManagement] INFO  server.RaftServerConfigKeys (ConfUtils.java:logGet(46)) - raft.server.rpc.sleep.time = 25ms (default)
2024-03-05 10:11:21,489 [d931d63e-dd15-4e6c-a722-a504b4f57030-groupManagement] INFO  server.RaftServerConfigKeys (ConfUtils.java:logGet(46)) - raft.server.rpc.slowness.timeout = 300000ms (custom)
2024-03-05 10:11:21,489 [d931d63e-dd15-4e6c-a722-a504b4f57030-groupManagement] INFO  server.RaftServerConfigKeys (ConfUtils.java:logGet(46)) - raft.server.leaderelection.leader.step-down.wait-time = 10s (default)
2024-03-05 10:11:21,489 [d931d63e-dd15-4e6c-a722-a504b4f57030-groupManagement] INFO  server.RaftServerConfigKeys (ConfUtils.java:logGet(46)) - raft.server.leaderelection.member.majority-add = false (default)
2024-03-05 10:11:21,489 [d931d63e-dd15-4e6c-a722-a504b4f57030-groupManagement] INFO  server.RaftServerConfigKeys (ConfUtils.java:logGet(46)) - raft.server.sleep.deviation.threshold = 300ms (default)
2024-03-05 10:11:21,489 [d931d63e-dd15-4e6c-a722-a504b4f57030-groupManagement] INFO  server.RaftServer$Division (ServerState.java:<init>(113)) - d931d63e-dd15-4e6c-a722-a504b4f57030@group-F3A3BFA84EC7: ConfigurationManager, init=-1: peers:[76f60663-9351-4c92-a037-8f3a190b5659|10.1.0.29:15326, d931d63e-dd15-4e6c-a722-a504b4f57030|10.1.0.29:15308, e31e7e37-3da5-4192-a08f-644192942d08|10.1.0.29:15317]|listeners:[], old=null, confs=<EMPTY_MAP>
2024-03-05 10:11:21,489 [d931d63e-dd15-4e6c-a722-a504b4f57030-groupManagement] INFO  server.RaftServerConfigKeys (ConfUtils.java:logGet(46)) - raft.server.notification.no-leader.timeout = 300000ms (custom)
2024-03-05 10:11:21,489 [d931d63e-dd15-4e6c-a722-a504b4f57030-groupManagement] INFO  server.RaftServerConfigKeys (ConfUtils.java:logGet(46)) - raft.server.read.timeout = 10s (default)
2024-03-05 10:11:21,490 [d931d63e-dd15-4e6c-a722-a504b4f57030-groupManagement] INFO  server.RaftServerConfigKeys (ConfUtils.java:logGet(46)) - raft.server.retrycache.expirytime = 600000ms (custom)
2024-03-05 10:11:21,490 [d931d63e-dd15-4e6c-a722-a504b4f57030-groupManagement] INFO  server.RaftServerConfigKeys (ConfUtils.java:logGet(46)) - raft.server.retrycache.statistics.expirytime = 100ms (default)
2024-03-05 10:11:21,490 [d931d63e-dd15-4e6c-a722-a504b4f57030-groupManagement] INFO  server.RaftServerConfigKeys (ConfUtils.java:logGet(46)) - raft.server.read.option = DEFAULT (default)
2024-03-05 10:11:21,490 [d931d63e-dd15-4e6c-a722-a504b4f57030-groupManagement] INFO  server.RaftServerConfigKeys (ConfUtils.java:logGet(46)) - raft.server.read.read-after-write-consistent.write-index-cache.expiry-time = 60s (default)
2024-03-05 10:11:21,492 [d931d63e-dd15-4e6c-a722-a504b4f57030-groupManagement] INFO  server.RaftServerConfigKeys (ConfUtils.java:logGet(46)) - raft.server.rpc.request.timeout = 3000ms (default)
2024-03-05 10:11:21,492 [d931d63e-dd15-4e6c-a722-a504b4f57030-groupManagement] INFO  server.RaftServerConfigKeys (ConfUtils.java:logGet(46)) - raft.server.log.appender.install.snapshot.enabled = false (custom)
2024-03-05 10:11:21,492 [d931d63e-dd15-4e6c-a722-a504b4f57030-groupManagement] INFO  server.RaftServerConfigKeys (ConfUtils.java:logGet(46)) - raft.server.threadpool.server.cached = true (default)
2024-03-05 10:11:21,492 [d931d63e-dd15-4e6c-a722-a504b4f57030-groupManagement] INFO  server.RaftServerConfigKeys (ConfUtils.java:logGet(46)) - raft.server.threadpool.server.size = 0 (default)
2024-03-05 10:11:21,492 [d931d63e-dd15-4e6c-a722-a504b4f57030-groupManagement] INFO  server.RaftServerConfigKeys (ConfUtils.java:logGet(46)) - raft.server.threadpool.client.cached = true (default)
2024-03-05 10:11:21,492 [d931d63e-dd15-4e6c-a722-a504b4f57030-groupManagement] INFO  server.RaftServerConfigKeys (ConfUtils.java:logGet(46)) - raft.server.threadpool.client.size = 0 (default)
2024-03-05 10:11:21,492 [d931d63e-dd15-4e6c-a722-a504b4f57030-groupManagement] INFO  server.RaftServerConfigKeys (ConfUtils.java:logGet(46)) - raft.server.storage.free-space.min = 0MB (=0) (default)
2024-03-05 10:11:21,492 [d931d63e-dd15-4e6c-a722-a504b4f57030-groupManagement] INFO  server.RaftServerConfigKeys (ConfUtils.java:logGet(46)) - raft.server.log.corruption.policy = EXCEPTION (default)
2024-03-05 10:11:21,492 [d931d63e-dd15-4e6c-a722-a504b4f57030-groupManagement] INFO  server.RaftServerConfigKeys (ConfUtils.java:logGet(46)) - raft.server.storage.dir = [/home/runner/work/ozone/ozone/hadoop-ozone/integration-test/target/test-dir/MiniOzoneClusterImpl-58322414-df67-4d64-942a-a0d9644003f2/ozone-meta/datanode-4/ratis] (custom)
2024-03-05 10:11:21,492 [d931d63e-dd15-4e6c-a722-a504b4f57030-groupManagement] INFO  storage.RaftStorageDirectory (RaftStorageDirectoryImpl.java:analyzeStorage(138)) - The storage directory /home/runner/work/ozone/ozone/hadoop-ozone/integration-test/target/test-dir/MiniOzoneClusterImpl-58322414-df67-4d64-942a-a0d9644003f2/ozone-meta/datanode-4/ratis/cca8b0cd-9cc6-4a71-babf-f3a3bfa84ec7 does not exist. Creating ...
2024-03-05 10:11:21,493 [d931d63e-dd15-4e6c-a722-a504b4f57030-groupManagement] INFO  storage.RaftStorageDirectory (RaftStorageDirectoryImpl.java:tryLock(228)) - Lock on /home/runner/work/ozone/ozone/hadoop-ozone/integration-test/target/test-dir/MiniOzoneClusterImpl-58322414-df67-4d64-942a-a0d9644003f2/ozone-meta/datanode-4/ratis/cca8b0cd-9cc6-4a71-babf-f3a3bfa84ec7/in_use.lock acquired by nodename 65937@fv-az1018-62
2024-03-05 10:11:21,494 [d931d63e-dd15-4e6c-a722-a504b4f57030-groupManagement] INFO  storage.RaftStorage (RaftStorageImpl.java:format(99)) - Storage directory /home/runner/work/ozone/ozone/hadoop-ozone/integration-test/target/test-dir/MiniOzoneClusterImpl-58322414-df67-4d64-942a-a0d9644003f2/ozone-meta/datanode-4/ratis/cca8b0cd-9cc6-4a71-babf-f3a3bfa84ec7 has been successfully formatted.
2024-03-05 10:11:21,494 [d931d63e-dd15-4e6c-a722-a504b4f57030-groupManagement] WARN  util.FileUtils (LogUtils.java:supplyAndLog(63)) - Failed to Files.newInputStream /home/runner/work/ozone/ozone/hadoop-ozone/integration-test/target/test-dir/MiniOzoneClusterImpl-58322414-df67-4d64-942a-a0d9644003f2/ozone-meta/datanode-4/ratis/cca8b0cd-9cc6-4a71-babf-f3a3bfa84ec7/current/raft-meta.conf with options []: java.nio.file.NoSuchFileException: /home/runner/work/ozone/ozone/hadoop-ozone/integration-test/target/test-dir/MiniOzoneClusterImpl-58322414-df67-4d64-942a-a0d9644003f2/ozone-meta/datanode-4/ratis/cca8b0cd-9cc6-4a71-babf-f3a3bfa84ec7/current/raft-meta.conf
2024-03-05 10:11:21,494 [d931d63e-dd15-4e6c-a722-a504b4f57030-groupManagement] INFO  ratis.ContainerStateMachine (ContainerStateMachine.java:loadSnapshot(287)) - group-F3A3BFA84EC7: The snapshot info is null. Setting the last applied index to:(t:0, i:~)
2024-03-05 10:11:21,494 [d931d63e-dd15-4e6c-a722-a504b4f57030-groupManagement] INFO  server.RaftServerConfigKeys (ConfUtils.java:logGet(46)) - raft.server.log.use.memory = false (default)
2024-03-05 10:11:21,494 [d931d63e-dd15-4e6c-a722-a504b4f57030-groupManagement] INFO  server.RaftServerConfigKeys (ConfUtils.java:logGet(46)) - raft.server.log.purge.gap = 1000000 (custom)
2024-03-05 10:11:21,494 [d931d63e-dd15-4e6c-a722-a504b4f57030-groupManagement] INFO  server.RaftServerConfigKeys (ConfUtils.java:logGet(46)) - raft.server.log.appender.buffer.byte-limit = 8388608 (custom)
2024-03-05 10:11:21,494 [d931d63e-dd15-4e6c-a722-a504b4f57030-groupManagement] INFO  server.RaftServerConfigKeys (ConfUtils.java:logGet(46)) - raft.server.log.statemachine.data.read.timeout = 1000ms (default)
2024-03-05 10:11:21,494 [d931d63e-dd15-4e6c-a722-a504b4f57030-groupManagement] INFO  server.RaftServerConfigKeys (ConfUtils.java:logGet(46)) - raft.server.log.purge.preservation.log.num = 0 (default)
2024-03-05 10:11:21,495 [EventQueue-OpenPipelineForHealthyPipelineSafeModeRule] INFO  safemode.SCMSafeModeManager (HealthyPipelineSafeModeRule.java:process(140)) - SCM in safe mode. Healthy pipelines reported count is 0, required healthy pipeline reported count is 1
2024-03-05 10:11:21,495 [d931d63e-dd15-4e6c-a722-a504b4f57030-groupManagement] INFO  server.RaftServerConfigKeys (ConfUtils.java:logGet(46)) - raft.server.log.segment.size.max = 67108864 (custom)
2024-03-05 10:11:21,496 [d931d63e-dd15-4e6c-a722-a504b4f57030-groupManagement] INFO  server.RaftServerConfigKeys (ConfUtils.java:logGet(46)) - raft.server.log.segment.cache.num.max = 2 (custom)
2024-03-05 10:11:21,496 [d931d63e-dd15-4e6c-a722-a504b4f57030-groupManagement] INFO  server.RaftServerConfigKeys (ConfUtils.java:logGet(46)) - raft.server.log.segment.cache.size.max = 200MB (=209715200) (default)
2024-03-05 10:11:21,496 [d931d63e-dd15-4e6c-a722-a504b4f57030-groupManagement] INFO  server.RaftServerConfigKeys (ConfUtils.java:logGet(46)) - raft.server.log.appender.buffer.byte-limit = 8388608 (custom)
2024-03-05 10:11:21,496 [d931d63e-dd15-4e6c-a722-a504b4f57030-groupManagement] INFO  util.AwaitToRun (AwaitToRun.java:start(81)) - Thread[d931d63e-dd15-4e6c-a722-a504b4f57030@group-F3A3BFA84EC7-cacheEviction-AwaitToRun,5,main] started
2024-03-05 10:11:21,496 [d931d63e-dd15-4e6c-a722-a504b4f57030-groupManagement] INFO  segmented.SegmentedRaftLogWorker (SegmentedRaftLogWorker.java:<init>(182)) - new d931d63e-dd15-4e6c-a722-a504b4f57030@group-F3A3BFA84EC7-SegmentedRaftLogWorker for RaftStorageImpl:Storage Directory /home/runner/work/ozone/ozone/hadoop-ozone/integration-test/target/test-dir/MiniOzoneClusterImpl-58322414-df67-4d64-942a-a0d9644003f2/ozone-meta/datanode-4/ratis/cca8b0cd-9cc6-4a71-babf-f3a3bfa84ec7
2024-03-05 10:11:21,496 [d931d63e-dd15-4e6c-a722-a504b4f57030-groupManagement] INFO  server.RaftServerConfigKeys (ConfUtils.java:logGet(46)) - raft.server.log.queue.byte-limit = 4294967296 (custom)
2024-03-05 10:11:21,496 [d931d63e-dd15-4e6c-a722-a504b4f57030-groupManagement] INFO  server.RaftServerConfigKeys (ConfUtils.java:logGet(46)) - raft.server.log.queue.element-limit = 1024 (custom)
2024-03-05 10:11:21,496 [d931d63e-dd15-4e6c-a722-a504b4f57030-groupManagement] INFO  server.RaftServerConfigKeys (ConfUtils.java:logGet(46)) - raft.server.log.segment.size.max = 67108864 (custom)
2024-03-05 10:11:21,496 [d931d63e-dd15-4e6c-a722-a504b4f57030-groupManagement] INFO  server.RaftServerConfigKeys (ConfUtils.java:logGet(46)) - raft.server.log.preallocated.size = 4194304 (custom)
2024-03-05 10:11:21,496 [d931d63e-dd15-4e6c-a722-a504b4f57030-groupManagement] INFO  server.RaftServerConfigKeys (ConfUtils.java:logGet(46)) - raft.server.log.force.sync.num = 128 (default)
2024-03-05 10:11:21,496 [d931d63e-dd15-4e6c-a722-a504b4f57030-groupManagement] INFO  server.RaftServerConfigKeys (ConfUtils.java:logGet(46)) - raft.server.log.statemachine.data.sync = true (default)
2024-03-05 10:11:21,496 [d931d63e-dd15-4e6c-a722-a504b4f57030-groupManagement] INFO  server.RaftServerConfigKeys (ConfUtils.java:logGet(46)) - raft.server.log.statemachine.data.sync.timeout = 10s (default)
2024-03-05 10:11:21,497 [d931d63e-dd15-4e6c-a722-a504b4f57030-groupManagement] INFO  server.RaftServerConfigKeys (ConfUtils.java:logGet(46)) - raft.server.log.statemachine.data.sync.timeout.retry = 0 (custom)
2024-03-05 10:11:21,497 [d931d63e-dd15-4e6c-a722-a504b4f57030-groupManagement] INFO  server.RaftServerConfigKeys (ConfUtils.java:logGet(46)) - raft.server.log.write.buffer.size = 8388616 (custom)
2024-03-05 10:11:21,498 [d931d63e-dd15-4e6c-a722-a504b4f57030-groupManagement] INFO  server.RaftServerConfigKeys (ConfUtils.java:logGet(46)) - raft.server.log.appender.buffer.byte-limit = 8388608 (custom)
2024-03-05 10:11:21,498 [d931d63e-dd15-4e6c-a722-a504b4f57030-groupManagement] INFO  server.RaftServerConfigKeys (ConfUtils.java:logGet(46)) - raft.server.log.unsafe-flush.enabled = false (default)
2024-03-05 10:11:21,498 [d931d63e-dd15-4e6c-a722-a504b4f57030-groupManagement] INFO  server.RaftServerConfigKeys (ConfUtils.java:logGet(46)) - raft.server.log.async-flush.enabled = false (default)
2024-03-05 10:11:21,498 [d931d63e-dd15-4e6c-a722-a504b4f57030-groupManagement] INFO  server.RaftServerConfigKeys (ConfUtils.java:logGet(46)) - raft.server.log.statemachine.data.caching.enabled = true (custom)
2024-03-05 10:11:21,498 [d931d63e-dd15-4e6c-a722-a504b4f57030-groupManagement] INFO  segmented.SegmentedRaftLogWorker (SegmentedRaftLogWorker.java:lambda$new$0(134)) - d931d63e-dd15-4e6c-a722-a504b4f57030@group-F3A3BFA84EC7-SegmentedRaftLogWorker: flushIndex: setUnconditionally 0 -> -1
2024-03-05 10:11:21,498 [d931d63e-dd15-4e6c-a722-a504b4f57030-groupManagement] INFO  segmented.SegmentedRaftLogWorker (SegmentedRaftLogWorker.java:lambda$new$0(134)) - d931d63e-dd15-4e6c-a722-a504b4f57030@group-F3A3BFA84EC7-SegmentedRaftLogWorker: safeCacheEvictIndex: setUnconditionally 0 -> -1
2024-03-05 10:11:21,499 [d931d63e-dd15-4e6c-a722-a504b4f57030-groupManagement] INFO  server.RaftServer$Division (RaftServerImpl.java:start(396)) - d931d63e-dd15-4e6c-a722-a504b4f57030@group-F3A3BFA84EC7: start as a follower, conf=-1: peers:[76f60663-9351-4c92-a037-8f3a190b5659|10.1.0.29:15326, d931d63e-dd15-4e6c-a722-a504b4f57030|10.1.0.29:15308, e31e7e37-3da5-4192-a08f-644192942d08|10.1.0.29:15317]|listeners:[], old=null
2024-03-05 10:11:21,499 [d931d63e-dd15-4e6c-a722-a504b4f57030-groupManagement] INFO  server.RaftServer$Division (RaftServerImpl.java:setRole(383)) - d931d63e-dd15-4e6c-a722-a504b4f57030@group-F3A3BFA84EC7: changes role from      null to FOLLOWER at term 0 for startAsFollower
2024-03-05 10:11:21,499 [d931d63e-dd15-4e6c-a722-a504b4f57030-groupManagement] INFO  impl.RoleInfo (RoleInfo.java:updateAndGet(139)) - d931d63e-dd15-4e6c-a722-a504b4f57030: start d931d63e-dd15-4e6c-a722-a504b4f57030@group-F3A3BFA84EC7-FollowerState
2024-03-05 10:11:21,499 [d931d63e-dd15-4e6c-a722-a504b4f57030@group-F3A3BFA84EC7-FollowerState] INFO  server.RaftServerConfigKeys (ConfUtils.java:logFallback(53)) - raft.server.rpc.first-election.timeout.min = 5s (fallback to raft.server.rpc.timeout.min)
2024-03-05 10:11:21,499 [d931d63e-dd15-4e6c-a722-a504b4f57030-groupManagement] INFO  util.JmxRegister (JmxRegister.java:tryRegister(44)) - Successfully registered JMX Bean with object name Ratis:service=RaftServer,group=group-F3A3BFA84EC7,id=d931d63e-dd15-4e6c-a722-a504b4f57030
2024-03-05 10:11:21,499 [d931d63e-dd15-4e6c-a722-a504b4f57030-groupManagement] INFO  server.RaftServerConfigKeys (ConfUtils.java:logGet(46)) - raft.server.snapshot.trigger-when-stop.enabled = true (default)
2024-03-05 10:11:21,499 [d931d63e-dd15-4e6c-a722-a504b4f57030-groupManagement] INFO  server.RaftServerConfigKeys (ConfUtils.java:logGet(46)) - raft.server.snapshot.auto.trigger.enabled = true (custom)
2024-03-05 10:11:21,499 [d931d63e-dd15-4e6c-a722-a504b4f57030-groupManagement] INFO  server.RaftServerConfigKeys (ConfUtils.java:logGet(46)) - raft.server.snapshot.auto.trigger.threshold = 10000 (custom)
2024-03-05 10:11:21,499 [d931d63e-dd15-4e6c-a722-a504b4f57030-groupManagement] INFO  server.RaftServerConfigKeys (ConfUtils.java:logGet(46)) - raft.server.snapshot.retention.file.num = 5 (custom)
2024-03-05 10:11:21,499 [d931d63e-dd15-4e6c-a722-a504b4f57030-groupManagement] INFO  server.RaftServerConfigKeys (ConfUtils.java:logGet(46)) - raft.server.log.purge.upto.snapshot.index = false (default)
2024-03-05 10:11:21,500 [d931d63e-dd15-4e6c-a722-a504b4f57030@group-F3A3BFA84EC7-FollowerState] INFO  server.RaftServerConfigKeys (ConfUtils.java:logFallback(53)) - raft.server.rpc.first-election.timeout.max = 5200ms (fallback to raft.server.rpc.timeout.max)
2024-03-05 10:11:21,501 [d931d63e-dd15-4e6c-a722-a504b4f57030-PipelineCommandHandlerThread-0] INFO  ratis.XceiverServerRatis (XceiverServerRatis.java:addGroup(864)) - Created group PipelineID=cca8b0cd-9cc6-4a71-babf-f3a3bfa84ec7
2024-03-05 10:11:21,507 [grpc-default-executor-0] INFO  server.RaftServer (RaftServerProxy.java:addNew(100)) - e31e7e37-3da5-4192-a08f-644192942d08: addNew group-F3A3BFA84EC7:[76f60663-9351-4c92-a037-8f3a190b5659|10.1.0.29:15326, d931d63e-dd15-4e6c-a722-a504b4f57030|10.1.0.29:15308, e31e7e37-3da5-4192-a08f-644192942d08|10.1.0.29:15317] returns group-F3A3BFA84EC7:java.util.concurrent.CompletableFuture@26e0939b[Not completed]
2024-03-05 10:11:21,508 [e31e7e37-3da5-4192-a08f-644192942d08-groupManagement] INFO  server.RaftServer$Division (RaftServerImpl.java:<init>(256)) - e31e7e37-3da5-4192-a08f-644192942d08: new RaftServerImpl for group-F3A3BFA84EC7:[76f60663-9351-4c92-a037-8f3a190b5659|10.1.0.29:15326, d931d63e-dd15-4e6c-a722-a504b4f57030|10.1.0.29:15308, e31e7e37-3da5-4192-a08f-644192942d08|10.1.0.29:15317] with ContainerStateMachine:uninitialized
2024-03-05 10:11:21,508 [e31e7e37-3da5-4192-a08f-644192942d08-groupManagement] INFO  server.RaftServerConfigKeys (ConfUtils.java:logGet(46)) - raft.server.rpc.timeout.min = 5s (custom)
2024-03-05 10:11:21,508 [e31e7e37-3da5-4192-a08f-644192942d08-groupManagement] INFO  server.RaftServerConfigKeys (ConfUtils.java:logGet(46)) - raft.server.rpc.timeout.max = 5200ms (custom)
2024-03-05 10:11:21,508 [e31e7e37-3da5-4192-a08f-644192942d08-groupManagement] INFO  server.RaftServerConfigKeys (ConfUtils.java:logGet(46)) - raft.server.rpc.sleep.time = 25ms (default)
2024-03-05 10:11:21,508 [e31e7e37-3da5-4192-a08f-644192942d08-groupManagement] INFO  server.RaftServerConfigKeys (ConfUtils.java:logGet(46)) - raft.server.rpc.slowness.timeout = 300000ms (custom)
2024-03-05 10:11:21,508 [e31e7e37-3da5-4192-a08f-644192942d08-groupManagement] INFO  server.RaftServerConfigKeys (ConfUtils.java:logGet(46)) - raft.server.leaderelection.leader.step-down.wait-time = 10s (default)
2024-03-05 10:11:21,508 [e31e7e37-3da5-4192-a08f-644192942d08-groupManagement] INFO  server.RaftServerConfigKeys (ConfUtils.java:logGet(46)) - raft.server.leaderelection.member.majority-add = false (default)
2024-03-05 10:11:21,509 [e31e7e37-3da5-4192-a08f-644192942d08-groupManagement] INFO  server.RaftServerConfigKeys (ConfUtils.java:logGet(46)) - raft.server.sleep.deviation.threshold = 300ms (default)
2024-03-05 10:11:21,509 [e31e7e37-3da5-4192-a08f-644192942d08-groupManagement] INFO  server.RaftServer$Division (ServerState.java:<init>(113)) - e31e7e37-3da5-4192-a08f-644192942d08@group-F3A3BFA84EC7: ConfigurationManager, init=-1: peers:[76f60663-9351-4c92-a037-8f3a190b5659|10.1.0.29:15326, d931d63e-dd15-4e6c-a722-a504b4f57030|10.1.0.29:15308, e31e7e37-3da5-4192-a08f-644192942d08|10.1.0.29:15317]|listeners:[], old=null, confs=<EMPTY_MAP>
2024-03-05 10:11:21,509 [e31e7e37-3da5-4192-a08f-644192942d08-groupManagement] INFO  server.RaftServerConfigKeys (ConfUtils.java:logGet(46)) - raft.server.notification.no-leader.timeout = 300000ms (custom)
2024-03-05 10:11:21,509 [e31e7e37-3da5-4192-a08f-644192942d08-groupManagement] INFO  server.RaftServerConfigKeys (ConfUtils.java:logGet(46)) - raft.server.read.timeout = 10s (default)
2024-03-05 10:11:21,509 [e31e7e37-3da5-4192-a08f-644192942d08-groupManagement] INFO  server.RaftServerConfigKeys (ConfUtils.java:logGet(46)) - raft.server.retrycache.expirytime = 600000ms (custom)
2024-03-05 10:11:21,509 [e31e7e37-3da5-4192-a08f-644192942d08-groupManagement] INFO  server.RaftServerConfigKeys (ConfUtils.java:logGet(46)) - raft.server.retrycache.statistics.expirytime = 100ms (default)
2024-03-05 10:11:21,509 [e31e7e37-3da5-4192-a08f-644192942d08-groupManagement] INFO  server.RaftServerConfigKeys (ConfUtils.java:logGet(46)) - raft.server.read.option = DEFAULT (default)
2024-03-05 10:11:21,509 [e31e7e37-3da5-4192-a08f-644192942d08-groupManagement] INFO  server.RaftServerConfigKeys (ConfUtils.java:logGet(46)) - raft.server.read.read-after-write-consistent.write-index-cache.expiry-time = 60s (default)
2024-03-05 10:11:21,511 [e31e7e37-3da5-4192-a08f-644192942d08-groupManagement] INFO  server.RaftServerConfigKeys (ConfUtils.java:logGet(46)) - raft.server.rpc.request.timeout = 3000ms (default)
2024-03-05 10:11:21,511 [e31e7e37-3da5-4192-a08f-644192942d08-groupManagement] INFO  server.RaftServerConfigKeys (ConfUtils.java:logGet(46)) - raft.server.log.appender.install.snapshot.enabled = false (custom)
2024-03-05 10:11:21,511 [e31e7e37-3da5-4192-a08f-644192942d08-groupManagement] INFO  server.RaftServerConfigKeys (ConfUtils.java:logGet(46)) - raft.server.threadpool.server.cached = true (default)
2024-03-05 10:11:21,511 [e31e7e37-3da5-4192-a08f-644192942d08-groupManagement] INFO  server.RaftServerConfigKeys (ConfUtils.java:logGet(46)) - raft.server.threadpool.server.size = 0 (default)
2024-03-05 10:11:21,511 [e31e7e37-3da5-4192-a08f-644192942d08-groupManagement] INFO  server.RaftServerConfigKeys (ConfUtils.java:logGet(46)) - raft.server.threadpool.client.cached = true (default)
2024-03-05 10:11:21,511 [e31e7e37-3da5-4192-a08f-644192942d08-groupManagement] INFO  server.RaftServerConfigKeys (ConfUtils.java:logGet(46)) - raft.server.threadpool.client.size = 0 (default)
2024-03-05 10:11:21,512 [e31e7e37-3da5-4192-a08f-644192942d08-groupManagement] INFO  server.RaftServerConfigKeys (ConfUtils.java:logGet(46)) - raft.server.storage.free-space.min = 0MB (=0) (default)
2024-03-05 10:11:21,512 [e31e7e37-3da5-4192-a08f-644192942d08-groupManagement] INFO  server.RaftServerConfigKeys (ConfUtils.java:logGet(46)) - raft.server.log.corruption.policy = EXCEPTION (default)
2024-03-05 10:11:21,512 [e31e7e37-3da5-4192-a08f-644192942d08-groupManagement] INFO  server.RaftServerConfigKeys (ConfUtils.java:logGet(46)) - raft.server.storage.dir = [/home/runner/work/ozone/ozone/hadoop-ozone/integration-test/target/test-dir/MiniOzoneClusterImpl-58322414-df67-4d64-942a-a0d9644003f2/ozone-meta/datanode-5/ratis] (custom)
2024-03-05 10:11:21,512 [e31e7e37-3da5-4192-a08f-644192942d08-groupManagement] INFO  storage.RaftStorageDirectory (RaftStorageDirectoryImpl.java:analyzeStorage(138)) - The storage directory /home/runner/work/ozone/ozone/hadoop-ozone/integration-test/target/test-dir/MiniOzoneClusterImpl-58322414-df67-4d64-942a-a0d9644003f2/ozone-meta/datanode-5/ratis/cca8b0cd-9cc6-4a71-babf-f3a3bfa84ec7 does not exist. Creating ...
2024-03-05 10:11:21,513 [e31e7e37-3da5-4192-a08f-644192942d08-groupManagement] INFO  storage.RaftStorageDirectory (RaftStorageDirectoryImpl.java:tryLock(228)) - Lock on /home/runner/work/ozone/ozone/hadoop-ozone/integration-test/target/test-dir/MiniOzoneClusterImpl-58322414-df67-4d64-942a-a0d9644003f2/ozone-meta/datanode-5/ratis/cca8b0cd-9cc6-4a71-babf-f3a3bfa84ec7/in_use.lock acquired by nodename 65937@fv-az1018-62
2024-03-05 10:11:21,514 [e31e7e37-3da5-4192-a08f-644192942d08-groupManagement] INFO  storage.RaftStorage (RaftStorageImpl.java:format(99)) - Storage directory /home/runner/work/ozone/ozone/hadoop-ozone/integration-test/target/test-dir/MiniOzoneClusterImpl-58322414-df67-4d64-942a-a0d9644003f2/ozone-meta/datanode-5/ratis/cca8b0cd-9cc6-4a71-babf-f3a3bfa84ec7 has been successfully formatted.
2024-03-05 10:11:21,514 [e31e7e37-3da5-4192-a08f-644192942d08-groupManagement] WARN  util.FileUtils (LogUtils.java:supplyAndLog(63)) - Failed to Files.newInputStream /home/runner/work/ozone/ozone/hadoop-ozone/integration-test/target/test-dir/MiniOzoneClusterImpl-58322414-df67-4d64-942a-a0d9644003f2/ozone-meta/datanode-5/ratis/cca8b0cd-9cc6-4a71-babf-f3a3bfa84ec7/current/raft-meta.conf with options []: java.nio.file.NoSuchFileException: /home/runner/work/ozone/ozone/hadoop-ozone/integration-test/target/test-dir/MiniOzoneClusterImpl-58322414-df67-4d64-942a-a0d9644003f2/ozone-meta/datanode-5/ratis/cca8b0cd-9cc6-4a71-babf-f3a3bfa84ec7/current/raft-meta.conf
2024-03-05 10:11:21,515 [e31e7e37-3da5-4192-a08f-644192942d08-groupManagement] INFO  ratis.ContainerStateMachine (ContainerStateMachine.java:loadSnapshot(287)) - group-F3A3BFA84EC7: The snapshot info is null. Setting the last applied index to:(t:0, i:~)
2024-03-05 10:11:21,515 [e31e7e37-3da5-4192-a08f-644192942d08-groupManagement] INFO  server.RaftServerConfigKeys (ConfUtils.java:logGet(46)) - raft.server.log.use.memory = false (default)
2024-03-05 10:11:21,515 [e31e7e37-3da5-4192-a08f-644192942d08-groupManagement] INFO  server.RaftServerConfigKeys (ConfUtils.java:logGet(46)) - raft.server.log.purge.gap = 1000000 (custom)
2024-03-05 10:11:21,515 [e31e7e37-3da5-4192-a08f-644192942d08-groupManagement] INFO  server.RaftServerConfigKeys (ConfUtils.java:logGet(46)) - raft.server.log.appender.buffer.byte-limit = 8388608 (custom)
2024-03-05 10:11:21,515 [e31e7e37-3da5-4192-a08f-644192942d08-groupManagement] INFO  server.RaftServerConfigKeys (ConfUtils.java:logGet(46)) - raft.server.log.statemachine.data.read.timeout = 1000ms (default)
2024-03-05 10:11:21,516 [e31e7e37-3da5-4192-a08f-644192942d08-groupManagement] INFO  server.RaftServerConfigKeys (ConfUtils.java:logGet(46)) - raft.server.log.purge.preservation.log.num = 0 (default)
2024-03-05 10:11:21,517 [e31e7e37-3da5-4192-a08f-644192942d08-groupManagement] INFO  server.RaftServerConfigKeys (ConfUtils.java:logGet(46)) - raft.server.log.segment.size.max = 67108864 (custom)
2024-03-05 10:11:21,517 [e31e7e37-3da5-4192-a08f-644192942d08-groupManagement] INFO  server.RaftServerConfigKeys (ConfUtils.java:logGet(46)) - raft.server.log.segment.cache.num.max = 2 (custom)
2024-03-05 10:11:21,517 [e31e7e37-3da5-4192-a08f-644192942d08-groupManagement] INFO  server.RaftServerConfigKeys (ConfUtils.java:logGet(46)) - raft.server.log.segment.cache.size.max = 200MB (=209715200) (default)
2024-03-05 10:11:21,517 [e31e7e37-3da5-4192-a08f-644192942d08-groupManagement] INFO  server.RaftServerConfigKeys (ConfUtils.java:logGet(46)) - raft.server.log.appender.buffer.byte-limit = 8388608 (custom)
2024-03-05 10:11:21,517 [e31e7e37-3da5-4192-a08f-644192942d08-groupManagement] INFO  util.AwaitToRun (AwaitToRun.java:start(81)) - Thread[e31e7e37-3da5-4192-a08f-644192942d08@group-F3A3BFA84EC7-cacheEviction-AwaitToRun,5,main] started
2024-03-05 10:11:21,517 [e31e7e37-3da5-4192-a08f-644192942d08-groupManagement] INFO  segmented.SegmentedRaftLogWorker (SegmentedRaftLogWorker.java:<init>(182)) - new e31e7e37-3da5-4192-a08f-644192942d08@group-F3A3BFA84EC7-SegmentedRaftLogWorker for RaftStorageImpl:Storage Directory /home/runner/work/ozone/ozone/hadoop-ozone/integration-test/target/test-dir/MiniOzoneClusterImpl-58322414-df67-4d64-942a-a0d9644003f2/ozone-meta/datanode-5/ratis/cca8b0cd-9cc6-4a71-babf-f3a3bfa84ec7
2024-03-05 10:11:21,517 [e31e7e37-3da5-4192-a08f-644192942d08-groupManagement] INFO  server.RaftServerConfigKeys (ConfUtils.java:logGet(46)) - raft.server.log.queue.byte-limit = 4294967296 (custom)
2024-03-05 10:11:21,517 [e31e7e37-3da5-4192-a08f-644192942d08-groupManagement] INFO  server.RaftServerConfigKeys (ConfUtils.java:logGet(46)) - raft.server.log.queue.element-limit = 1024 (custom)
2024-03-05 10:11:21,517 [e31e7e37-3da5-4192-a08f-644192942d08-groupManagement] INFO  server.RaftServerConfigKeys (ConfUtils.java:logGet(46)) - raft.server.log.segment.size.max = 67108864 (custom)
2024-03-05 10:11:21,517 [e31e7e37-3da5-4192-a08f-644192942d08-groupManagement] INFO  server.RaftServerConfigKeys (ConfUtils.java:logGet(46)) - raft.server.log.preallocated.size = 4194304 (custom)
2024-03-05 10:11:21,517 [e31e7e37-3da5-4192-a08f-644192942d08-groupManagement] INFO  server.RaftServerConfigKeys (ConfUtils.java:logGet(46)) - raft.server.log.force.sync.num = 128 (default)
2024-03-05 10:11:21,517 [e31e7e37-3da5-4192-a08f-644192942d08-groupManagement] INFO  server.RaftServerConfigKeys (ConfUtils.java:logGet(46)) - raft.server.log.statemachine.data.sync = true (default)
2024-03-05 10:11:21,517 [e31e7e37-3da5-4192-a08f-644192942d08-groupManagement] INFO  server.RaftServerConfigKeys (ConfUtils.java:logGet(46)) - raft.server.log.statemachine.data.sync.timeout = 10s (default)
2024-03-05 10:11:21,517 [e31e7e37-3da5-4192-a08f-644192942d08-groupManagement] INFO  server.RaftServerConfigKeys (ConfUtils.java:logGet(46)) - raft.server.log.statemachine.data.sync.timeout.retry = 0 (custom)
2024-03-05 10:11:21,518 [e31e7e37-3da5-4192-a08f-644192942d08-groupManagement] INFO  server.RaftServerConfigKeys (ConfUtils.java:logGet(46)) - raft.server.log.write.buffer.size = 8388616 (custom)
2024-03-05 10:11:21,519 [e31e7e37-3da5-4192-a08f-644192942d08-groupManagement] INFO  server.RaftServerConfigKeys (ConfUtils.java:logGet(46)) - raft.server.log.appender.buffer.byte-limit = 8388608 (custom)
2024-03-05 10:11:21,519 [e31e7e37-3da5-4192-a08f-644192942d08-groupManagement] INFO  server.RaftServerConfigKeys (ConfUtils.java:logGet(46)) - raft.server.log.unsafe-flush.enabled = false (default)
2024-03-05 10:11:21,519 [e31e7e37-3da5-4192-a08f-644192942d08-groupManagement] INFO  server.RaftServerConfigKeys (ConfUtils.java:logGet(46)) - raft.server.log.async-flush.enabled = false (default)
2024-03-05 10:11:21,519 [e31e7e37-3da5-4192-a08f-644192942d08-groupManagement] INFO  server.RaftServerConfigKeys (ConfUtils.java:logGet(46)) - raft.server.log.statemachine.data.caching.enabled = true (custom)
2024-03-05 10:11:21,519 [e31e7e37-3da5-4192-a08f-644192942d08-groupManagement] INFO  segmented.SegmentedRaftLogWorker (SegmentedRaftLogWorker.java:lambda$new$0(134)) - e31e7e37-3da5-4192-a08f-644192942d08@group-F3A3BFA84EC7-SegmentedRaftLogWorker: flushIndex: setUnconditionally 0 -> -1
2024-03-05 10:11:21,519 [e31e7e37-3da5-4192-a08f-644192942d08-groupManagement] INFO  segmented.SegmentedRaftLogWorker (SegmentedRaftLogWorker.java:lambda$new$0(134)) - e31e7e37-3da5-4192-a08f-644192942d08@group-F3A3BFA84EC7-SegmentedRaftLogWorker: safeCacheEvictIndex: setUnconditionally 0 -> -1
2024-03-05 10:11:21,519 [e31e7e37-3da5-4192-a08f-644192942d08-groupManagement] INFO  server.RaftServer$Division (RaftServerImpl.java:start(396)) - e31e7e37-3da5-4192-a08f-644192942d08@group-F3A3BFA84EC7: start as a follower, conf=-1: peers:[76f60663-9351-4c92-a037-8f3a190b5659|10.1.0.29:15326, d931d63e-dd15-4e6c-a722-a504b4f57030|10.1.0.29:15308, e31e7e37-3da5-4192-a08f-644192942d08|10.1.0.29:15317]|listeners:[], old=null
2024-03-05 10:11:21,519 [e31e7e37-3da5-4192-a08f-644192942d08-groupManagement] INFO  server.RaftServer$Division (RaftServerImpl.java:setRole(383)) - e31e7e37-3da5-4192-a08f-644192942d08@group-F3A3BFA84EC7: changes role from      null to FOLLOWER at term 0 for startAsFollower
2024-03-05 10:11:21,519 [e31e7e37-3da5-4192-a08f-644192942d08-groupManagement] INFO  impl.RoleInfo (RoleInfo.java:updateAndGet(139)) - e31e7e37-3da5-4192-a08f-644192942d08: start e31e7e37-3da5-4192-a08f-644192942d08@group-F3A3BFA84EC7-FollowerState
2024-03-05 10:11:21,519 [e31e7e37-3da5-4192-a08f-644192942d08-groupManagement] INFO  util.JmxRegister (JmxRegister.java:tryRegister(44)) - Successfully registered JMX Bean with object name Ratis:service=RaftServer,group=group-F3A3BFA84EC7,id=e31e7e37-3da5-4192-a08f-644192942d08
2024-03-05 10:11:21,519 [e31e7e37-3da5-4192-a08f-644192942d08@group-F3A3BFA84EC7-FollowerState] INFO  server.RaftServerConfigKeys (ConfUtils.java:logFallback(53)) - raft.server.rpc.first-election.timeout.min = 5s (fallback to raft.server.rpc.timeout.min)
2024-03-05 10:11:21,519 [e31e7e37-3da5-4192-a08f-644192942d08-groupManagement] INFO  server.RaftServerConfigKeys (ConfUtils.java:logGet(46)) - raft.server.snapshot.trigger-when-stop.enabled = true (default)
2024-03-05 10:11:21,520 [e31e7e37-3da5-4192-a08f-644192942d08@group-F3A3BFA84EC7-FollowerState] INFO  server.RaftServerConfigKeys (ConfUtils.java:logFallback(53)) - raft.server.rpc.first-election.timeout.max = 5200ms (fallback to raft.server.rpc.timeout.max)
2024-03-05 10:11:21,520 [e31e7e37-3da5-4192-a08f-644192942d08-groupManagement] INFO  server.RaftServerConfigKeys (ConfUtils.java:logGet(46)) - raft.server.snapshot.auto.trigger.enabled = true (custom)
2024-03-05 10:11:21,520 [e31e7e37-3da5-4192-a08f-644192942d08-groupManagement] INFO  server.RaftServerConfigKeys (ConfUtils.java:logGet(46)) - raft.server.snapshot.auto.trigger.threshold = 10000 (custom)
2024-03-05 10:11:21,520 [e31e7e37-3da5-4192-a08f-644192942d08-groupManagement] INFO  server.RaftServerConfigKeys (ConfUtils.java:logGet(46)) - raft.server.snapshot.retention.file.num = 5 (custom)
2024-03-05 10:11:21,520 [e31e7e37-3da5-4192-a08f-644192942d08-groupManagement] INFO  server.RaftServerConfigKeys (ConfUtils.java:logGet(46)) - raft.server.log.purge.upto.snapshot.index = false (default)
2024-03-05 10:11:21,528 [grpc-default-executor-0] INFO  server.RaftServer (RaftServerProxy.java:addNew(100)) - 76f60663-9351-4c92-a037-8f3a190b5659: addNew group-F3A3BFA84EC7:[76f60663-9351-4c92-a037-8f3a190b5659|10.1.0.29:15326, d931d63e-dd15-4e6c-a722-a504b4f57030|10.1.0.29:15308, e31e7e37-3da5-4192-a08f-644192942d08|10.1.0.29:15317] returns group-F3A3BFA84EC7:java.util.concurrent.CompletableFuture@629981da[Not completed]
2024-03-05 10:11:21,529 [76f60663-9351-4c92-a037-8f3a190b5659-groupManagement] INFO  server.RaftServer$Division (RaftServerImpl.java:<init>(256)) - 76f60663-9351-4c92-a037-8f3a190b5659: new RaftServerImpl for group-F3A3BFA84EC7:[76f60663-9351-4c92-a037-8f3a190b5659|10.1.0.29:15326, d931d63e-dd15-4e6c-a722-a504b4f57030|10.1.0.29:15308, e31e7e37-3da5-4192-a08f-644192942d08|10.1.0.29:15317] with ContainerStateMachine:uninitialized
2024-03-05 10:11:21,529 [76f60663-9351-4c92-a037-8f3a190b5659-groupManagement] INFO  server.RaftServerConfigKeys (ConfUtils.java:logGet(46)) - raft.server.rpc.timeout.min = 5s (custom)
2024-03-05 10:11:21,529 [76f60663-9351-4c92-a037-8f3a190b5659-groupManagement] INFO  server.RaftServerConfigKeys (ConfUtils.java:logGet(46)) - raft.server.rpc.timeout.max = 5200ms (custom)
2024-03-05 10:11:21,529 [76f60663-9351-4c92-a037-8f3a190b5659-groupManagement] INFO  server.RaftServerConfigKeys (ConfUtils.java:logGet(46)) - raft.server.rpc.sleep.time = 25ms (default)
2024-03-05 10:11:21,529 [76f60663-9351-4c92-a037-8f3a190b5659-groupManagement] INFO  server.RaftServerConfigKeys (ConfUtils.java:logGet(46)) - raft.server.rpc.slowness.timeout = 300000ms (custom)
2024-03-05 10:11:21,529 [76f60663-9351-4c92-a037-8f3a190b5659-groupManagement] INFO  server.RaftServerConfigKeys (ConfUtils.java:logGet(46)) - raft.server.leaderelection.leader.step-down.wait-time = 10s (default)
2024-03-05 10:11:21,529 [76f60663-9351-4c92-a037-8f3a190b5659-groupManagement] INFO  server.RaftServerConfigKeys (ConfUtils.java:logGet(46)) - raft.server.leaderelection.member.majority-add = false (default)
2024-03-05 10:11:21,529 [76f60663-9351-4c92-a037-8f3a190b5659-groupManagement] INFO  server.RaftServerConfigKeys (ConfUtils.java:logGet(46)) - raft.server.sleep.deviation.threshold = 300ms (default)
2024-03-05 10:11:21,529 [76f60663-9351-4c92-a037-8f3a190b5659-groupManagement] INFO  server.RaftServer$Division (ServerState.java:<init>(113)) - 76f60663-9351-4c92-a037-8f3a190b5659@group-F3A3BFA84EC7: ConfigurationManager, init=-1: peers:[76f60663-9351-4c92-a037-8f3a190b5659|10.1.0.29:15326, d931d63e-dd15-4e6c-a722-a504b4f57030|10.1.0.29:15308, e31e7e37-3da5-4192-a08f-644192942d08|10.1.0.29:15317]|listeners:[], old=null, confs=<EMPTY_MAP>
2024-03-05 10:11:21,529 [76f60663-9351-4c92-a037-8f3a190b5659-groupManagement] INFO  server.RaftServerConfigKeys (ConfUtils.java:logGet(46)) - raft.server.notification.no-leader.timeout = 300000ms (custom)
2024-03-05 10:11:21,529 [76f60663-9351-4c92-a037-8f3a190b5659-groupManagement] INFO  server.RaftServerConfigKeys (ConfUtils.java:logGet(46)) - raft.server.read.timeout = 10s (default)
2024-03-05 10:11:21,529 [76f60663-9351-4c92-a037-8f3a190b5659-groupManagement] INFO  server.RaftServerConfigKeys (ConfUtils.java:logGet(46)) - raft.server.retrycache.expirytime = 600000ms (custom)
2024-03-05 10:11:21,529 [76f60663-9351-4c92-a037-8f3a190b5659-groupManagement] INFO  server.RaftServerConfigKeys (ConfUtils.java:logGet(46)) - raft.server.retrycache.statistics.expirytime = 100ms (default)
2024-03-05 10:11:21,529 [76f60663-9351-4c92-a037-8f3a190b5659-groupManagement] INFO  server.RaftServerConfigKeys (ConfUtils.java:logGet(46)) - raft.server.read.option = DEFAULT (default)
2024-03-05 10:11:21,529 [76f60663-9351-4c92-a037-8f3a190b5659-groupManagement] INFO  server.RaftServerConfigKeys (ConfUtils.java:logGet(46)) - raft.server.read.read-after-write-consistent.write-index-cache.expiry-time = 60s (default)
2024-03-05 10:11:21,531 [76f60663-9351-4c92-a037-8f3a190b5659-groupManagement] INFO  server.RaftServerConfigKeys (ConfUtils.java:logGet(46)) - raft.server.rpc.request.timeout = 3000ms (default)
2024-03-05 10:11:21,531 [76f60663-9351-4c92-a037-8f3a190b5659-groupManagement] INFO  server.RaftServerConfigKeys (ConfUtils.java:logGet(46)) - raft.server.log.appender.install.snapshot.enabled = false (custom)
2024-03-05 10:11:21,531 [76f60663-9351-4c92-a037-8f3a190b5659-groupManagement] INFO  server.RaftServerConfigKeys (ConfUtils.java:logGet(46)) - raft.server.threadpool.server.cached = true (default)
2024-03-05 10:11:21,531 [76f60663-9351-4c92-a037-8f3a190b5659-groupManagement] INFO  server.RaftServerConfigKeys (ConfUtils.java:logGet(46)) - raft.server.threadpool.server.size = 0 (default)
2024-03-05 10:11:21,531 [76f60663-9351-4c92-a037-8f3a190b5659-groupManagement] INFO  server.RaftServerConfigKeys (ConfUtils.java:logGet(46)) - raft.server.threadpool.client.cached = true (default)
2024-03-05 10:11:21,531 [76f60663-9351-4c92-a037-8f3a190b5659-groupManagement] INFO  server.RaftServerConfigKeys (ConfUtils.java:logGet(46)) - raft.server.threadpool.client.size = 0 (default)
2024-03-05 10:11:21,531 [76f60663-9351-4c92-a037-8f3a190b5659-groupManagement] INFO  server.RaftServerConfigKeys (ConfUtils.java:logGet(46)) - raft.server.storage.free-space.min = 0MB (=0) (default)
2024-03-05 10:11:21,531 [76f60663-9351-4c92-a037-8f3a190b5659-groupManagement] INFO  server.RaftServerConfigKeys (ConfUtils.java:logGet(46)) - raft.server.log.corruption.policy = EXCEPTION (default)
2024-03-05 10:11:21,531 [76f60663-9351-4c92-a037-8f3a190b5659-groupManagement] INFO  server.RaftServerConfigKeys (ConfUtils.java:logGet(46)) - raft.server.storage.dir = [/home/runner/work/ozone/ozone/hadoop-ozone/integration-test/target/test-dir/MiniOzoneClusterImpl-58322414-df67-4d64-942a-a0d9644003f2/ozone-meta/datanode-6/ratis] (custom)
2024-03-05 10:11:21,531 [76f60663-9351-4c92-a037-8f3a190b5659-groupManagement] INFO  storage.RaftStorageDirectory (RaftStorageDirectoryImpl.java:analyzeStorage(138)) - The storage directory /home/runner/work/ozone/ozone/hadoop-ozone/integration-test/target/test-dir/MiniOzoneClusterImpl-58322414-df67-4d64-942a-a0d9644003f2/ozone-meta/datanode-6/ratis/cca8b0cd-9cc6-4a71-babf-f3a3bfa84ec7 does not exist. Creating ...
2024-03-05 10:11:21,532 [76f60663-9351-4c92-a037-8f3a190b5659-groupManagement] INFO  storage.RaftStorageDirectory (RaftStorageDirectoryImpl.java:tryLock(228)) - Lock on /home/runner/work/ozone/ozone/hadoop-ozone/integration-test/target/test-dir/MiniOzoneClusterImpl-58322414-df67-4d64-942a-a0d9644003f2/ozone-meta/datanode-6/ratis/cca8b0cd-9cc6-4a71-babf-f3a3bfa84ec7/in_use.lock acquired by nodename 65937@fv-az1018-62
2024-03-05 10:11:21,534 [76f60663-9351-4c92-a037-8f3a190b5659-groupManagement] INFO  storage.RaftStorage (RaftStorageImpl.java:format(99)) - Storage directory /home/runner/work/ozone/ozone/hadoop-ozone/integration-test/target/test-dir/MiniOzoneClusterImpl-58322414-df67-4d64-942a-a0d9644003f2/ozone-meta/datanode-6/ratis/cca8b0cd-9cc6-4a71-babf-f3a3bfa84ec7 has been successfully formatted.
2024-03-05 10:11:21,534 [76f60663-9351-4c92-a037-8f3a190b5659-groupManagement] WARN  util.FileUtils (LogUtils.java:supplyAndLog(63)) - Failed to Files.newInputStream /home/runner/work/ozone/ozone/hadoop-ozone/integration-test/target/test-dir/MiniOzoneClusterImpl-58322414-df67-4d64-942a-a0d9644003f2/ozone-meta/datanode-6/ratis/cca8b0cd-9cc6-4a71-babf-f3a3bfa84ec7/current/raft-meta.conf with options []: java.nio.file.NoSuchFileException: /home/runner/work/ozone/ozone/hadoop-ozone/integration-test/target/test-dir/MiniOzoneClusterImpl-58322414-df67-4d64-942a-a0d9644003f2/ozone-meta/datanode-6/ratis/cca8b0cd-9cc6-4a71-babf-f3a3bfa84ec7/current/raft-meta.conf
2024-03-05 10:11:21,534 [76f60663-9351-4c92-a037-8f3a190b5659-groupManagement] INFO  ratis.ContainerStateMachine (ContainerStateMachine.java:loadSnapshot(287)) - group-F3A3BFA84EC7: The snapshot info is null. Setting the last applied index to:(t:0, i:~)
2024-03-05 10:11:21,534 [76f60663-9351-4c92-a037-8f3a190b5659-groupManagement] INFO  server.RaftServerConfigKeys (ConfUtils.java:logGet(46)) - raft.server.log.use.memory = false (default)
2024-03-05 10:11:21,535 [76f60663-9351-4c92-a037-8f3a190b5659-groupManagement] INFO  server.RaftServerConfigKeys (ConfUtils.java:logGet(46)) - raft.server.log.purge.gap = 1000000 (custom)
2024-03-05 10:11:21,535 [76f60663-9351-4c92-a037-8f3a190b5659-groupManagement] INFO  server.RaftServerConfigKeys (ConfUtils.java:logGet(46)) - raft.server.log.appender.buffer.byte-limit = 8388608 (custom)
2024-03-05 10:11:21,535 [76f60663-9351-4c92-a037-8f3a190b5659-groupManagement] INFO  server.RaftServerConfigKeys (ConfUtils.java:logGet(46)) - raft.server.log.statemachine.data.read.timeout = 1000ms (default)
2024-03-05 10:11:21,535 [76f60663-9351-4c92-a037-8f3a190b5659-groupManagement] INFO  server.RaftServerConfigKeys (ConfUtils.java:logGet(46)) - raft.server.log.purge.preservation.log.num = 0 (default)
2024-03-05 10:11:21,536 [76f60663-9351-4c92-a037-8f3a190b5659-groupManagement] INFO  server.RaftServerConfigKeys (ConfUtils.java:logGet(46)) - raft.server.log.segment.size.max = 67108864 (custom)
2024-03-05 10:11:21,536 [76f60663-9351-4c92-a037-8f3a190b5659-groupManagement] INFO  server.RaftServerConfigKeys (ConfUtils.java:logGet(46)) - raft.server.log.segment.cache.num.max = 2 (custom)
2024-03-05 10:11:21,536 [76f60663-9351-4c92-a037-8f3a190b5659-groupManagement] INFO  server.RaftServerConfigKeys (ConfUtils.java:logGet(46)) - raft.server.log.segment.cache.size.max = 200MB (=209715200) (default)
2024-03-05 10:11:21,536 [76f60663-9351-4c92-a037-8f3a190b5659-groupManagement] INFO  server.RaftServerConfigKeys (ConfUtils.java:logGet(46)) - raft.server.log.appender.buffer.byte-limit = 8388608 (custom)
2024-03-05 10:11:21,536 [76f60663-9351-4c92-a037-8f3a190b5659-groupManagement] INFO  util.AwaitToRun (AwaitToRun.java:start(81)) - Thread[76f60663-9351-4c92-a037-8f3a190b5659@group-F3A3BFA84EC7-cacheEviction-AwaitToRun,5,main] started
2024-03-05 10:11:21,536 [76f60663-9351-4c92-a037-8f3a190b5659-groupManagement] INFO  segmented.SegmentedRaftLogWorker (SegmentedRaftLogWorker.java:<init>(182)) - new 76f60663-9351-4c92-a037-8f3a190b5659@group-F3A3BFA84EC7-SegmentedRaftLogWorker for RaftStorageImpl:Storage Directory /home/runner/work/ozone/ozone/hadoop-ozone/integration-test/target/test-dir/MiniOzoneClusterImpl-58322414-df67-4d64-942a-a0d9644003f2/ozone-meta/datanode-6/ratis/cca8b0cd-9cc6-4a71-babf-f3a3bfa84ec7
2024-03-05 10:11:21,536 [76f60663-9351-4c92-a037-8f3a190b5659-groupManagement] INFO  server.RaftServerConfigKeys (ConfUtils.java:logGet(46)) - raft.server.log.queue.byte-limit = 4294967296 (custom)
2024-03-05 10:11:21,536 [76f60663-9351-4c92-a037-8f3a190b5659-groupManagement] INFO  server.RaftServerConfigKeys (ConfUtils.java:logGet(46)) - raft.server.log.queue.element-limit = 1024 (custom)
2024-03-05 10:11:21,536 [76f60663-9351-4c92-a037-8f3a190b5659-groupManagement] INFO  server.RaftServerConfigKeys (ConfUtils.java:logGet(46)) - raft.server.log.segment.size.max = 67108864 (custom)
2024-03-05 10:11:21,536 [76f60663-9351-4c92-a037-8f3a190b5659-groupManagement] INFO  server.RaftServerConfigKeys (ConfUtils.java:logGet(46)) - raft.server.log.preallocated.size = 4194304 (custom)
2024-03-05 10:11:21,536 [76f60663-9351-4c92-a037-8f3a190b5659-groupManagement] INFO  server.RaftServerConfigKeys (ConfUtils.java:logGet(46)) - raft.server.log.force.sync.num = 128 (default)
2024-03-05 10:11:21,537 [76f60663-9351-4c92-a037-8f3a190b5659-groupManagement] INFO  server.RaftServerConfigKeys (ConfUtils.java:logGet(46)) - raft.server.log.statemachine.data.sync = true (default)
2024-03-05 10:11:21,537 [76f60663-9351-4c92-a037-8f3a190b5659-groupManagement] INFO  server.RaftServerConfigKeys (ConfUtils.java:logGet(46)) - raft.server.log.statemachine.data.sync.timeout = 10s (default)
2024-03-05 10:11:21,537 [76f60663-9351-4c92-a037-8f3a190b5659-groupManagement] INFO  server.RaftServerConfigKeys (ConfUtils.java:logGet(46)) - raft.server.log.statemachine.data.sync.timeout.retry = 0 (custom)
2024-03-05 10:11:21,537 [76f60663-9351-4c92-a037-8f3a190b5659-groupManagement] INFO  server.RaftServerConfigKeys (ConfUtils.java:logGet(46)) - raft.server.log.write.buffer.size = 8388616 (custom)
2024-03-05 10:11:21,538 [76f60663-9351-4c92-a037-8f3a190b5659-groupManagement] INFO  server.RaftServerConfigKeys (ConfUtils.java:logGet(46)) - raft.server.log.appender.buffer.byte-limit = 8388608 (custom)
2024-03-05 10:11:21,538 [76f60663-9351-4c92-a037-8f3a190b5659-groupManagement] INFO  server.RaftServerConfigKeys (ConfUtils.java:logGet(46)) - raft.server.log.unsafe-flush.enabled = false (default)
2024-03-05 10:11:21,538 [76f60663-9351-4c92-a037-8f3a190b5659-groupManagement] INFO  server.RaftServerConfigKeys (ConfUtils.java:logGet(46)) - raft.server.log.async-flush.enabled = false (default)
2024-03-05 10:11:21,538 [76f60663-9351-4c92-a037-8f3a190b5659-groupManagement] INFO  server.RaftServerConfigKeys (ConfUtils.java:logGet(46)) - raft.server.log.statemachine.data.caching.enabled = true (custom)
2024-03-05 10:11:21,538 [76f60663-9351-4c92-a037-8f3a190b5659-groupManagement] INFO  segmented.SegmentedRaftLogWorker (SegmentedRaftLogWorker.java:lambda$new$0(134)) - 76f60663-9351-4c92-a037-8f3a190b5659@group-F3A3BFA84EC7-SegmentedRaftLogWorker: flushIndex: setUnconditionally 0 -> -1
2024-03-05 10:11:21,538 [76f60663-9351-4c92-a037-8f3a190b5659-groupManagement] INFO  segmented.SegmentedRaftLogWorker (SegmentedRaftLogWorker.java:lambda$new$0(134)) - 76f60663-9351-4c92-a037-8f3a190b5659@group-F3A3BFA84EC7-SegmentedRaftLogWorker: safeCacheEvictIndex: setUnconditionally 0 -> -1
2024-03-05 10:11:21,539 [76f60663-9351-4c92-a037-8f3a190b5659-groupManagement] INFO  server.RaftServer$Division (RaftServerImpl.java:start(396)) - 76f60663-9351-4c92-a037-8f3a190b5659@group-F3A3BFA84EC7: start as a follower, conf=-1: peers:[76f60663-9351-4c92-a037-8f3a190b5659|10.1.0.29:15326, d931d63e-dd15-4e6c-a722-a504b4f57030|10.1.0.29:15308, e31e7e37-3da5-4192-a08f-644192942d08|10.1.0.29:15317]|listeners:[], old=null
2024-03-05 10:11:21,539 [76f60663-9351-4c92-a037-8f3a190b5659-groupManagement] INFO  server.RaftServer$Division (RaftServerImpl.java:setRole(383)) - 76f60663-9351-4c92-a037-8f3a190b5659@group-F3A3BFA84EC7: changes role from      null to FOLLOWER at term 0 for startAsFollower
2024-03-05 10:11:21,539 [76f60663-9351-4c92-a037-8f3a190b5659-groupManagement] INFO  impl.RoleInfo (RoleInfo.java:updateAndGet(139)) - 76f60663-9351-4c92-a037-8f3a190b5659: start 76f60663-9351-4c92-a037-8f3a190b5659@group-F3A3BFA84EC7-FollowerState
2024-03-05 10:11:21,539 [76f60663-9351-4c92-a037-8f3a190b5659-groupManagement] INFO  util.JmxRegister (JmxRegister.java:tryRegister(44)) - Successfully registered JMX Bean with object name Ratis:service=RaftServer,group=group-F3A3BFA84EC7,id=76f60663-9351-4c92-a037-8f3a190b5659
2024-03-05 10:11:21,539 [76f60663-9351-4c92-a037-8f3a190b5659-groupManagement] INFO  server.RaftServerConfigKeys (ConfUtils.java:logGet(46)) - raft.server.snapshot.trigger-when-stop.enabled = true (default)
2024-03-05 10:11:21,539 [76f60663-9351-4c92-a037-8f3a190b5659-groupManagement] INFO  server.RaftServerConfigKeys (ConfUtils.java:logGet(46)) - raft.server.snapshot.auto.trigger.enabled = true (custom)
2024-03-05 10:11:21,539 [76f60663-9351-4c92-a037-8f3a190b5659-groupManagement] INFO  server.RaftServerConfigKeys (ConfUtils.java:logGet(46)) - raft.server.snapshot.auto.trigger.threshold = 10000 (custom)
2024-03-05 10:11:21,539 [76f60663-9351-4c92-a037-8f3a190b5659-groupManagement] INFO  server.RaftServerConfigKeys (ConfUtils.java:logGet(46)) - raft.server.snapshot.retention.file.num = 5 (custom)
2024-03-05 10:11:21,539 [76f60663-9351-4c92-a037-8f3a190b5659-groupManagement] INFO  server.RaftServerConfigKeys (ConfUtils.java:logGet(46)) - raft.server.log.purge.upto.snapshot.index = false (default)
2024-03-05 10:11:21,539 [76f60663-9351-4c92-a037-8f3a190b5659@group-F3A3BFA84EC7-FollowerState] INFO  server.RaftServerConfigKeys (ConfUtils.java:logFallback(53)) - raft.server.rpc.first-election.timeout.min = 5s (fallback to raft.server.rpc.timeout.min)
2024-03-05 10:11:21,539 [76f60663-9351-4c92-a037-8f3a190b5659@group-F3A3BFA84EC7-FollowerState] INFO  server.RaftServerConfigKeys (ConfUtils.java:logFallback(53)) - raft.server.rpc.first-election.timeout.max = 5200ms (fallback to raft.server.rpc.timeout.max)
2024-03-05 10:11:21,542 [d931d63e-dd15-4e6c-a722-a504b4f57030-PipelineCommandHandlerThread-0] INFO  commandhandler.CreatePipelineCommandHandler (CreatePipelineCommandHandler.java:lambda$handle$2(124)) - Created Pipeline RATIS THREE PipelineID=cca8b0cd-9cc6-4a71-babf-f3a3bfa84ec7.
2024-03-05 10:11:21,553 [e31e7e37-3da5-4192-a08f-644192942d08-PipelineCommandHandlerThread-0] INFO  server.RaftServer (RaftServerProxy.java:addNew(100)) - e31e7e37-3da5-4192-a08f-644192942d08: addNew group-ECC2E6AC77D1:[e31e7e37-3da5-4192-a08f-644192942d08|10.1.0.29:15317] returns group-ECC2E6AC77D1:java.util.concurrent.CompletableFuture@754adf77[Not completed]
2024-03-05 10:11:21,554 [e31e7e37-3da5-4192-a08f-644192942d08-groupManagement] INFO  server.RaftServer$Division (RaftServerImpl.java:<init>(256)) - e31e7e37-3da5-4192-a08f-644192942d08: new RaftServerImpl for group-ECC2E6AC77D1:[e31e7e37-3da5-4192-a08f-644192942d08|10.1.0.29:15317] with ContainerStateMachine:uninitialized
2024-03-05 10:11:21,554 [e31e7e37-3da5-4192-a08f-644192942d08-groupManagement] INFO  server.RaftServerConfigKeys (ConfUtils.java:logGet(46)) - raft.server.rpc.timeout.min = 5s (custom)
2024-03-05 10:11:21,554 [e31e7e37-3da5-4192-a08f-644192942d08-groupManagement] INFO  server.RaftServerConfigKeys (ConfUtils.java:logGet(46)) - raft.server.rpc.timeout.max = 5200ms (custom)
2024-03-05 10:11:21,554 [e31e7e37-3da5-4192-a08f-644192942d08-groupManagement] INFO  server.RaftServerConfigKeys (ConfUtils.java:logGet(46)) - raft.server.rpc.sleep.time = 25ms (default)
2024-03-05 10:11:21,554 [e31e7e37-3da5-4192-a08f-644192942d08-groupManagement] INFO  server.RaftServerConfigKeys (ConfUtils.java:logGet(46)) - raft.server.rpc.slowness.timeout = 300000ms (custom)
2024-03-05 10:11:21,554 [e31e7e37-3da5-4192-a08f-644192942d08-groupManagement] INFO  server.RaftServerConfigKeys (ConfUtils.java:logGet(46)) - raft.server.leaderelection.leader.step-down.wait-time = 10s (default)
2024-03-05 10:11:21,554 [e31e7e37-3da5-4192-a08f-644192942d08-groupManagement] INFO  server.RaftServerConfigKeys (ConfUtils.java:logGet(46)) - raft.server.leaderelection.member.majority-add = false (default)
2024-03-05 10:11:21,554 [e31e7e37-3da5-4192-a08f-644192942d08-groupManagement] INFO  server.RaftServerConfigKeys (ConfUtils.java:logGet(46)) - raft.server.sleep.deviation.threshold = 300ms (default)
2024-03-05 10:11:21,554 [e31e7e37-3da5-4192-a08f-644192942d08-groupManagement] INFO  server.RaftServer$Division (ServerState.java:<init>(113)) - e31e7e37-3da5-4192-a08f-644192942d08@group-ECC2E6AC77D1: ConfigurationManager, init=-1: peers:[e31e7e37-3da5-4192-a08f-644192942d08|10.1.0.29:15317]|listeners:[], old=null, confs=<EMPTY_MAP>
2024-03-05 10:11:21,554 [e31e7e37-3da5-4192-a08f-644192942d08-groupManagement] INFO  server.RaftServerConfigKeys (ConfUtils.java:logGet(46)) - raft.server.notification.no-leader.timeout = 300000ms (custom)
2024-03-05 10:11:21,554 [e31e7e37-3da5-4192-a08f-644192942d08-groupManagement] INFO  server.RaftServerConfigKeys (ConfUtils.java:logGet(46)) - raft.server.read.timeout = 10s (default)
2024-03-05 10:11:21,554 [e31e7e37-3da5-4192-a08f-644192942d08-groupManagement] INFO  server.RaftServerConfigKeys (ConfUtils.java:logGet(46)) - raft.server.retrycache.expirytime = 600000ms (custom)
2024-03-05 10:11:21,554 [e31e7e37-3da5-4192-a08f-644192942d08-groupManagement] INFO  server.RaftServerConfigKeys (ConfUtils.java:logGet(46)) - raft.server.retrycache.statistics.expirytime = 100ms (default)
2024-03-05 10:11:21,554 [e31e7e37-3da5-4192-a08f-644192942d08-groupManagement] INFO  server.RaftServerConfigKeys (ConfUtils.java:logGet(46)) - raft.server.read.option = DEFAULT (default)
2024-03-05 10:11:21,554 [e31e7e37-3da5-4192-a08f-644192942d08-groupManagement] INFO  server.RaftServerConfigKeys (ConfUtils.java:logGet(46)) - raft.server.read.read-after-write-consistent.write-index-cache.expiry-time = 60s (default)
2024-03-05 10:11:21,556 [e31e7e37-3da5-4192-a08f-644192942d08-groupManagement] INFO  server.RaftServerConfigKeys (ConfUtils.java:logGet(46)) - raft.server.rpc.request.timeout = 3000ms (default)
2024-03-05 10:11:21,557 [e31e7e37-3da5-4192-a08f-644192942d08-groupManagement] INFO  server.RaftServerConfigKeys (ConfUtils.java:logGet(46)) - raft.server.log.appender.install.snapshot.enabled = false (custom)
2024-03-05 10:11:21,557 [e31e7e37-3da5-4192-a08f-644192942d08-groupManagement] INFO  server.RaftServerConfigKeys (ConfUtils.java:logGet(46)) - raft.server.threadpool.server.cached = true (default)
2024-03-05 10:11:21,557 [e31e7e37-3da5-4192-a08f-644192942d08-groupManagement] INFO  server.RaftServerConfigKeys (ConfUtils.java:logGet(46)) - raft.server.threadpool.server.size = 0 (default)
2024-03-05 10:11:21,557 [e31e7e37-3da5-4192-a08f-644192942d08-groupManagement] INFO  server.RaftServerConfigKeys (ConfUtils.java:logGet(46)) - raft.server.threadpool.client.cached = true (default)
2024-03-05 10:11:21,557 [e31e7e37-3da5-4192-a08f-644192942d08-groupManagement] INFO  server.RaftServerConfigKeys (ConfUtils.java:logGet(46)) - raft.server.threadpool.client.size = 0 (default)
2024-03-05 10:11:21,557 [e31e7e37-3da5-4192-a08f-644192942d08-groupManagement] INFO  server.RaftServerConfigKeys (ConfUtils.java:logGet(46)) - raft.server.storage.free-space.min = 0MB (=0) (default)
2024-03-05 10:11:21,557 [e31e7e37-3da5-4192-a08f-644192942d08-groupManagement] INFO  server.RaftServerConfigKeys (ConfUtils.java:logGet(46)) - raft.server.log.corruption.policy = EXCEPTION (default)
2024-03-05 10:11:21,557 [e31e7e37-3da5-4192-a08f-644192942d08-groupManagement] INFO  server.RaftServerConfigKeys (ConfUtils.java:logGet(46)) - raft.server.storage.dir = [/home/runner/work/ozone/ozone/hadoop-ozone/integration-test/target/test-dir/MiniOzoneClusterImpl-58322414-df67-4d64-942a-a0d9644003f2/ozone-meta/datanode-5/ratis] (custom)
2024-03-05 10:11:21,557 [e31e7e37-3da5-4192-a08f-644192942d08-groupManagement] INFO  storage.RaftStorageDirectory (RaftStorageDirectoryImpl.java:analyzeStorage(138)) - The storage directory /home/runner/work/ozone/ozone/hadoop-ozone/integration-test/target/test-dir/MiniOzoneClusterImpl-58322414-df67-4d64-942a-a0d9644003f2/ozone-meta/datanode-5/ratis/6433912d-c48a-4f98-8238-ecc2e6ac77d1 does not exist. Creating ...
2024-03-05 10:11:21,558 [e31e7e37-3da5-4192-a08f-644192942d08-groupManagement] INFO  storage.RaftStorageDirectory (RaftStorageDirectoryImpl.java:tryLock(228)) - Lock on /home/runner/work/ozone/ozone/hadoop-ozone/integration-test/target/test-dir/MiniOzoneClusterImpl-58322414-df67-4d64-942a-a0d9644003f2/ozone-meta/datanode-5/ratis/6433912d-c48a-4f98-8238-ecc2e6ac77d1/in_use.lock acquired by nodename 65937@fv-az1018-62
2024-03-05 10:11:21,559 [e31e7e37-3da5-4192-a08f-644192942d08-groupManagement] INFO  storage.RaftStorage (RaftStorageImpl.java:format(99)) - Storage directory /home/runner/work/ozone/ozone/hadoop-ozone/integration-test/target/test-dir/MiniOzoneClusterImpl-58322414-df67-4d64-942a-a0d9644003f2/ozone-meta/datanode-5/ratis/6433912d-c48a-4f98-8238-ecc2e6ac77d1 has been successfully formatted.
2024-03-05 10:11:21,559 [e31e7e37-3da5-4192-a08f-644192942d08-groupManagement] WARN  util.FileUtils (LogUtils.java:supplyAndLog(63)) - Failed to Files.newInputStream /home/runner/work/ozone/ozone/hadoop-ozone/integration-test/target/test-dir/MiniOzoneClusterImpl-58322414-df67-4d64-942a-a0d9644003f2/ozone-meta/datanode-5/ratis/6433912d-c48a-4f98-8238-ecc2e6ac77d1/current/raft-meta.conf with options []: java.nio.file.NoSuchFileException: /home/runner/work/ozone/ozone/hadoop-ozone/integration-test/target/test-dir/MiniOzoneClusterImpl-58322414-df67-4d64-942a-a0d9644003f2/ozone-meta/datanode-5/ratis/6433912d-c48a-4f98-8238-ecc2e6ac77d1/current/raft-meta.conf
2024-03-05 10:11:21,560 [e31e7e37-3da5-4192-a08f-644192942d08-groupManagement] INFO  ratis.ContainerStateMachine (ContainerStateMachine.java:loadSnapshot(287)) - group-ECC2E6AC77D1: The snapshot info is null. Setting the last applied index to:(t:0, i:~)
2024-03-05 10:11:21,560 [e31e7e37-3da5-4192-a08f-644192942d08-groupManagement] INFO  server.RaftServerConfigKeys (ConfUtils.java:logGet(46)) - raft.server.log.use.memory = false (default)
2024-03-05 10:11:21,560 [e31e7e37-3da5-4192-a08f-644192942d08-groupManagement] INFO  server.RaftServerConfigKeys (ConfUtils.java:logGet(46)) - raft.server.log.purge.gap = 1000000 (custom)
2024-03-05 10:11:21,560 [e31e7e37-3da5-4192-a08f-644192942d08-groupManagement] INFO  server.RaftServerConfigKeys (ConfUtils.java:logGet(46)) - raft.server.log.appender.buffer.byte-limit = 8388608 (custom)
2024-03-05 10:11:21,560 [e31e7e37-3da5-4192-a08f-644192942d08-groupManagement] INFO  server.RaftServerConfigKeys (ConfUtils.java:logGet(46)) - raft.server.log.statemachine.data.read.timeout = 1000ms (default)
2024-03-05 10:11:21,560 [e31e7e37-3da5-4192-a08f-644192942d08-groupManagement] INFO  server.RaftServerConfigKeys (ConfUtils.java:logGet(46)) - raft.server.log.purge.preservation.log.num = 0 (default)
2024-03-05 10:11:21,561 [EventQueue-PipelineReportForPipelineReportHandler] INFO  pipeline.PipelineReportHandler (PipelineReportHandler.java:processPipelineReport(136)) - Opened pipeline PipelineID=6433912d-c48a-4f98-8238-ecc2e6ac77d1
2024-03-05 10:11:21,561 [EventQueue-OpenPipelineForHealthyPipelineSafeModeRule] INFO  safemode.SCMSafeModeManager (HealthyPipelineSafeModeRule.java:process(140)) - SCM in safe mode. Healthy pipelines reported count is 0, required healthy pipeline reported count is 1
2024-03-05 10:11:21,561 [e31e7e37-3da5-4192-a08f-644192942d08-groupManagement] INFO  server.RaftServerConfigKeys (ConfUtils.java:logGet(46)) - raft.server.log.segment.size.max = 67108864 (custom)
2024-03-05 10:11:21,562 [e31e7e37-3da5-4192-a08f-644192942d08-groupManagement] INFO  server.RaftServerConfigKeys (ConfUtils.java:logGet(46)) - raft.server.log.segment.cache.num.max = 2 (custom)
2024-03-05 10:11:21,562 [e31e7e37-3da5-4192-a08f-644192942d08-groupManagement] INFO  server.RaftServerConfigKeys (ConfUtils.java:logGet(46)) - raft.server.log.segment.cache.size.max = 200MB (=209715200) (default)
2024-03-05 10:11:21,562 [e31e7e37-3da5-4192-a08f-644192942d08-groupManagement] INFO  server.RaftServerConfigKeys (ConfUtils.java:logGet(46)) - raft.server.log.appender.buffer.byte-limit = 8388608 (custom)
2024-03-05 10:11:21,562 [e31e7e37-3da5-4192-a08f-644192942d08-groupManagement] INFO  util.AwaitToRun (AwaitToRun.java:start(81)) - Thread[e31e7e37-3da5-4192-a08f-644192942d08@group-ECC2E6AC77D1-cacheEviction-AwaitToRun,5,main] started
2024-03-05 10:11:21,562 [e31e7e37-3da5-4192-a08f-644192942d08-groupManagement] INFO  segmented.SegmentedRaftLogWorker (SegmentedRaftLogWorker.java:<init>(182)) - new e31e7e37-3da5-4192-a08f-644192942d08@group-ECC2E6AC77D1-SegmentedRaftLogWorker for RaftStorageImpl:Storage Directory /home/runner/work/ozone/ozone/hadoop-ozone/integration-test/target/test-dir/MiniOzoneClusterImpl-58322414-df67-4d64-942a-a0d9644003f2/ozone-meta/datanode-5/ratis/6433912d-c48a-4f98-8238-ecc2e6ac77d1
2024-03-05 10:11:21,562 [e31e7e37-3da5-4192-a08f-644192942d08-groupManagement] INFO  server.RaftServerConfigKeys (ConfUtils.java:logGet(46)) - raft.server.log.queue.byte-limit = 4294967296 (custom)
2024-03-05 10:11:21,562 [e31e7e37-3da5-4192-a08f-644192942d08-groupManagement] INFO  server.RaftServerConfigKeys (ConfUtils.java:logGet(46)) - raft.server.log.queue.element-limit = 1024 (custom)
2024-03-05 10:11:21,562 [e31e7e37-3da5-4192-a08f-644192942d08-groupManagement] INFO  server.RaftServerConfigKeys (ConfUtils.java:logGet(46)) - raft.server.log.segment.size.max = 67108864 (custom)
2024-03-05 10:11:21,562 [e31e7e37-3da5-4192-a08f-644192942d08-groupManagement] INFO  server.RaftServerConfigKeys (ConfUtils.java:logGet(46)) - raft.server.log.preallocated.size = 4194304 (custom)
2024-03-05 10:11:21,562 [e31e7e37-3da5-4192-a08f-644192942d08-groupManagement] INFO  server.RaftServerConfigKeys (ConfUtils.java:logGet(46)) - raft.server.log.force.sync.num = 128 (default)
2024-03-05 10:11:21,562 [e31e7e37-3da5-4192-a08f-644192942d08-groupManagement] INFO  server.RaftServerConfigKeys (ConfUtils.java:logGet(46)) - raft.server.log.statemachine.data.sync = true (default)
2024-03-05 10:11:21,562 [e31e7e37-3da5-4192-a08f-644192942d08-groupManagement] INFO  server.RaftServerConfigKeys (ConfUtils.java:logGet(46)) - raft.server.log.statemachine.data.sync.timeout = 10s (default)
2024-03-05 10:11:21,562 [e31e7e37-3da5-4192-a08f-644192942d08-groupManagement] INFO  server.RaftServerConfigKeys (ConfUtils.java:logGet(46)) - raft.server.log.statemachine.data.sync.timeout.retry = 0 (custom)
2024-03-05 10:11:21,563 [e31e7e37-3da5-4192-a08f-644192942d08-groupManagement] INFO  server.RaftServerConfigKeys (ConfUtils.java:logGet(46)) - raft.server.log.write.buffer.size = 8388616 (custom)
2024-03-05 10:11:21,564 [e31e7e37-3da5-4192-a08f-644192942d08-groupManagement] INFO  server.RaftServerConfigKeys (ConfUtils.java:logGet(46)) - raft.server.log.appender.buffer.byte-limit = 8388608 (custom)
2024-03-05 10:11:21,564 [e31e7e37-3da5-4192-a08f-644192942d08-groupManagement] INFO  server.RaftServerConfigKeys (ConfUtils.java:logGet(46)) - raft.server.log.unsafe-flush.enabled = false (default)
2024-03-05 10:11:21,564 [e31e7e37-3da5-4192-a08f-644192942d08-groupManagement] INFO  server.RaftServerConfigKeys (ConfUtils.java:logGet(46)) - raft.server.log.async-flush.enabled = false (default)
2024-03-05 10:11:21,564 [e31e7e37-3da5-4192-a08f-644192942d08-groupManagement] INFO  server.RaftServerConfigKeys (ConfUtils.java:logGet(46)) - raft.server.log.statemachine.data.caching.enabled = true (custom)
2024-03-05 10:11:21,564 [e31e7e37-3da5-4192-a08f-644192942d08-groupManagement] INFO  segmented.SegmentedRaftLogWorker (SegmentedRaftLogWorker.java:lambda$new$0(134)) - e31e7e37-3da5-4192-a08f-644192942d08@group-ECC2E6AC77D1-SegmentedRaftLogWorker: flushIndex: setUnconditionally 0 -> -1
2024-03-05 10:11:21,564 [e31e7e37-3da5-4192-a08f-644192942d08-groupManagement] INFO  segmented.SegmentedRaftLogWorker (SegmentedRaftLogWorker.java:lambda$new$0(134)) - e31e7e37-3da5-4192-a08f-644192942d08@group-ECC2E6AC77D1-SegmentedRaftLogWorker: safeCacheEvictIndex: setUnconditionally 0 -> -1
2024-03-05 10:11:21,565 [e31e7e37-3da5-4192-a08f-644192942d08-groupManagement] INFO  server.RaftServer$Division (RaftServerImpl.java:start(396)) - e31e7e37-3da5-4192-a08f-644192942d08@group-ECC2E6AC77D1: start as a follower, conf=-1: peers:[e31e7e37-3da5-4192-a08f-644192942d08|10.1.0.29:15317]|listeners:[], old=null
2024-03-05 10:11:21,565 [e31e7e37-3da5-4192-a08f-644192942d08-groupManagement] INFO  server.RaftServer$Division (RaftServerImpl.java:setRole(383)) - e31e7e37-3da5-4192-a08f-644192942d08@group-ECC2E6AC77D1: changes role from      null to FOLLOWER at term 0 for startAsFollower
2024-03-05 10:11:21,565 [e31e7e37-3da5-4192-a08f-644192942d08-groupManagement] INFO  impl.RoleInfo (RoleInfo.java:updateAndGet(139)) - e31e7e37-3da5-4192-a08f-644192942d08: start e31e7e37-3da5-4192-a08f-644192942d08@group-ECC2E6AC77D1-FollowerState
2024-03-05 10:11:21,565 [e31e7e37-3da5-4192-a08f-644192942d08@group-ECC2E6AC77D1-FollowerState] INFO  server.RaftServerConfigKeys (ConfUtils.java:logFallback(53)) - raft.server.rpc.first-election.timeout.min = 5s (fallback to raft.server.rpc.timeout.min)
2024-03-05 10:11:21,565 [e31e7e37-3da5-4192-a08f-644192942d08-groupManagement] INFO  util.JmxRegister (JmxRegister.java:tryRegister(44)) - Successfully registered JMX Bean with object name Ratis:service=RaftServer,group=group-ECC2E6AC77D1,id=e31e7e37-3da5-4192-a08f-644192942d08
2024-03-05 10:11:21,565 [e31e7e37-3da5-4192-a08f-644192942d08-groupManagement] INFO  server.RaftServerConfigKeys (ConfUtils.java:logGet(46)) - raft.server.snapshot.trigger-when-stop.enabled = true (default)
2024-03-05 10:11:21,565 [e31e7e37-3da5-4192-a08f-644192942d08-groupManagement] INFO  server.RaftServerConfigKeys (ConfUtils.java:logGet(46)) - raft.server.snapshot.auto.trigger.enabled = true (custom)
2024-03-05 10:11:21,565 [e31e7e37-3da5-4192-a08f-644192942d08-groupManagement] INFO  server.RaftServerConfigKeys (ConfUtils.java:logGet(46)) - raft.server.snapshot.auto.trigger.threshold = 10000 (custom)
2024-03-05 10:11:21,565 [e31e7e37-3da5-4192-a08f-644192942d08-groupManagement] INFO  server.RaftServerConfigKeys (ConfUtils.java:logGet(46)) - raft.server.snapshot.retention.file.num = 5 (custom)
2024-03-05 10:11:21,565 [e31e7e37-3da5-4192-a08f-644192942d08@group-ECC2E6AC77D1-FollowerState] INFO  server.RaftServerConfigKeys (ConfUtils.java:logFallback(53)) - raft.server.rpc.first-election.timeout.max = 5200ms (fallback to raft.server.rpc.timeout.max)
2024-03-05 10:11:21,565 [e31e7e37-3da5-4192-a08f-644192942d08-groupManagement] INFO  server.RaftServerConfigKeys (ConfUtils.java:logGet(46)) - raft.server.log.purge.upto.snapshot.index = false (default)
2024-03-05 10:11:21,566 [e31e7e37-3da5-4192-a08f-644192942d08-PipelineCommandHandlerThread-0] INFO  ratis.XceiverServerRatis (XceiverServerRatis.java:addGroup(864)) - Created group PipelineID=6433912d-c48a-4f98-8238-ecc2e6ac77d1
2024-03-05 10:11:21,566 [e31e7e37-3da5-4192-a08f-644192942d08-PipelineCommandHandlerThread-0] INFO  commandhandler.CreatePipelineCommandHandler (CreatePipelineCommandHandler.java:lambda$handle$2(124)) - Created Pipeline RATIS ONE PipelineID=6433912d-c48a-4f98-8238-ecc2e6ac77d1.
2024-03-05 10:11:21,645 [76f60663-9351-4c92-a037-8f3a190b5659-PipelineCommandHandlerThread-0] INFO  server.RaftServer (RaftServerProxy.java:addNew(100)) - 76f60663-9351-4c92-a037-8f3a190b5659: addNew group-5CF951FB94BD:[76f60663-9351-4c92-a037-8f3a190b5659|10.1.0.29:15326] returns group-5CF951FB94BD:java.util.concurrent.CompletableFuture@1c7db663[Not completed]
2024-03-05 10:11:21,646 [76f60663-9351-4c92-a037-8f3a190b5659-groupManagement] INFO  server.RaftServer$Division (RaftServerImpl.java:<init>(256)) - 76f60663-9351-4c92-a037-8f3a190b5659: new RaftServerImpl for group-5CF951FB94BD:[76f60663-9351-4c92-a037-8f3a190b5659|10.1.0.29:15326] with ContainerStateMachine:uninitialized
2024-03-05 10:11:21,646 [76f60663-9351-4c92-a037-8f3a190b5659-groupManagement] INFO  server.RaftServerConfigKeys (ConfUtils.java:logGet(46)) - raft.server.rpc.timeout.min = 5s (custom)
2024-03-05 10:11:21,646 [76f60663-9351-4c92-a037-8f3a190b5659-groupManagement] INFO  server.RaftServerConfigKeys (ConfUtils.java:logGet(46)) - raft.server.rpc.timeout.max = 5200ms (custom)
2024-03-05 10:11:21,646 [76f60663-9351-4c92-a037-8f3a190b5659-groupManagement] INFO  server.RaftServerConfigKeys (ConfUtils.java:logGet(46)) - raft.server.rpc.sleep.time = 25ms (default)
2024-03-05 10:11:21,646 [76f60663-9351-4c92-a037-8f3a190b5659-groupManagement] INFO  server.RaftServerConfigKeys (ConfUtils.java:logGet(46)) - raft.server.rpc.slowness.timeout = 300000ms (custom)
2024-03-05 10:11:21,646 [76f60663-9351-4c92-a037-8f3a190b5659-groupManagement] INFO  server.RaftServerConfigKeys (ConfUtils.java:logGet(46)) - raft.server.leaderelection.leader.step-down.wait-time = 10s (default)
2024-03-05 10:11:21,646 [76f60663-9351-4c92-a037-8f3a190b5659-groupManagement] INFO  server.RaftServerConfigKeys (ConfUtils.java:logGet(46)) - raft.server.leaderelection.member.majority-add = false (default)
2024-03-05 10:11:21,646 [76f60663-9351-4c92-a037-8f3a190b5659-groupManagement] INFO  server.RaftServerConfigKeys (ConfUtils.java:logGet(46)) - raft.server.sleep.deviation.threshold = 300ms (default)
2024-03-05 10:11:21,646 [76f60663-9351-4c92-a037-8f3a190b5659-groupManagement] INFO  server.RaftServer$Division (ServerState.java:<init>(113)) - 76f60663-9351-4c92-a037-8f3a190b5659@group-5CF951FB94BD: ConfigurationManager, init=-1: peers:[76f60663-9351-4c92-a037-8f3a190b5659|10.1.0.29:15326]|listeners:[], old=null, confs=<EMPTY_MAP>
2024-03-05 10:11:21,646 [76f60663-9351-4c92-a037-8f3a190b5659-groupManagement] INFO  server.RaftServerConfigKeys (ConfUtils.java:logGet(46)) - raft.server.notification.no-leader.timeout = 300000ms (custom)
2024-03-05 10:11:21,646 [76f60663-9351-4c92-a037-8f3a190b5659-groupManagement] INFO  server.RaftServerConfigKeys (ConfUtils.java:logGet(46)) - raft.server.read.timeout = 10s (default)
2024-03-05 10:11:21,646 [76f60663-9351-4c92-a037-8f3a190b5659-groupManagement] INFO  server.RaftServerConfigKeys (ConfUtils.java:logGet(46)) - raft.server.retrycache.expirytime = 600000ms (custom)
2024-03-05 10:11:21,647 [76f60663-9351-4c92-a037-8f3a190b5659-groupManagement] INFO  server.RaftServerConfigKeys (ConfUtils.java:logGet(46)) - raft.server.retrycache.statistics.expirytime = 100ms (default)
2024-03-05 10:11:21,647 [76f60663-9351-4c92-a037-8f3a190b5659-groupManagement] INFO  server.RaftServerConfigKeys (ConfUtils.java:logGet(46)) - raft.server.read.option = DEFAULT (default)
2024-03-05 10:11:21,647 [76f60663-9351-4c92-a037-8f3a190b5659-groupManagement] INFO  server.RaftServerConfigKeys (ConfUtils.java:logGet(46)) - raft.server.read.read-after-write-consistent.write-index-cache.expiry-time = 60s (default)
2024-03-05 10:11:21,648 [76f60663-9351-4c92-a037-8f3a190b5659-groupManagement] INFO  server.RaftServerConfigKeys (ConfUtils.java:logGet(46)) - raft.server.rpc.request.timeout = 3000ms (default)
2024-03-05 10:11:21,648 [76f60663-9351-4c92-a037-8f3a190b5659-groupManagement] INFO  server.RaftServerConfigKeys (ConfUtils.java:logGet(46)) - raft.server.log.appender.install.snapshot.enabled = false (custom)
2024-03-05 10:11:21,648 [76f60663-9351-4c92-a037-8f3a190b5659-groupManagement] INFO  server.RaftServerConfigKeys (ConfUtils.java:logGet(46)) - raft.server.threadpool.server.cached = true (default)
2024-03-05 10:11:21,648 [76f60663-9351-4c92-a037-8f3a190b5659-groupManagement] INFO  server.RaftServerConfigKeys (ConfUtils.java:logGet(46)) - raft.server.threadpool.server.size = 0 (default)
2024-03-05 10:11:21,648 [76f60663-9351-4c92-a037-8f3a190b5659-groupManagement] INFO  server.RaftServerConfigKeys (ConfUtils.java:logGet(46)) - raft.server.threadpool.client.cached = true (default)
2024-03-05 10:11:21,648 [76f60663-9351-4c92-a037-8f3a190b5659-groupManagement] INFO  server.RaftServerConfigKeys (ConfUtils.java:logGet(46)) - raft.server.threadpool.client.size = 0 (default)
2024-03-05 10:11:21,648 [76f60663-9351-4c92-a037-8f3a190b5659-groupManagement] INFO  server.RaftServerConfigKeys (ConfUtils.java:logGet(46)) - raft.server.storage.free-space.min = 0MB (=0) (default)
2024-03-05 10:11:21,649 [76f60663-9351-4c92-a037-8f3a190b5659-groupManagement] INFO  server.RaftServerConfigKeys (ConfUtils.java:logGet(46)) - raft.server.log.corruption.policy = EXCEPTION (default)
2024-03-05 10:11:21,649 [76f60663-9351-4c92-a037-8f3a190b5659-groupManagement] INFO  server.RaftServerConfigKeys (ConfUtils.java:logGet(46)) - raft.server.storage.dir = [/home/runner/work/ozone/ozone/hadoop-ozone/integration-test/target/test-dir/MiniOzoneClusterImpl-58322414-df67-4d64-942a-a0d9644003f2/ozone-meta/datanode-6/ratis] (custom)
2024-03-05 10:11:21,649 [76f60663-9351-4c92-a037-8f3a190b5659-groupManagement] INFO  storage.RaftStorageDirectory (RaftStorageDirectoryImpl.java:analyzeStorage(138)) - The storage directory /home/runner/work/ozone/ozone/hadoop-ozone/integration-test/target/test-dir/MiniOzoneClusterImpl-58322414-df67-4d64-942a-a0d9644003f2/ozone-meta/datanode-6/ratis/efb7f63c-52b5-4262-888a-5cf951fb94bd does not exist. Creating ...
2024-03-05 10:11:21,650 [76f60663-9351-4c92-a037-8f3a190b5659-groupManagement] INFO  storage.RaftStorageDirectory (RaftStorageDirectoryImpl.java:tryLock(228)) - Lock on /home/runner/work/ozone/ozone/hadoop-ozone/integration-test/target/test-dir/MiniOzoneClusterImpl-58322414-df67-4d64-942a-a0d9644003f2/ozone-meta/datanode-6/ratis/efb7f63c-52b5-4262-888a-5cf951fb94bd/in_use.lock acquired by nodename 65937@fv-az1018-62
2024-03-05 10:11:21,651 [76f60663-9351-4c92-a037-8f3a190b5659-groupManagement] INFO  storage.RaftStorage (RaftStorageImpl.java:format(99)) - Storage directory /home/runner/work/ozone/ozone/hadoop-ozone/integration-test/target/test-dir/MiniOzoneClusterImpl-58322414-df67-4d64-942a-a0d9644003f2/ozone-meta/datanode-6/ratis/efb7f63c-52b5-4262-888a-5cf951fb94bd has been successfully formatted.
2024-03-05 10:11:21,652 [76f60663-9351-4c92-a037-8f3a190b5659-groupManagement] WARN  util.FileUtils (LogUtils.java:supplyAndLog(63)) - Failed to Files.newInputStream /home/runner/work/ozone/ozone/hadoop-ozone/integration-test/target/test-dir/MiniOzoneClusterImpl-58322414-df67-4d64-942a-a0d9644003f2/ozone-meta/datanode-6/ratis/efb7f63c-52b5-4262-888a-5cf951fb94bd/current/raft-meta.conf with options []: java.nio.file.NoSuchFileException: /home/runner/work/ozone/ozone/hadoop-ozone/integration-test/target/test-dir/MiniOzoneClusterImpl-58322414-df67-4d64-942a-a0d9644003f2/ozone-meta/datanode-6/ratis/efb7f63c-52b5-4262-888a-5cf951fb94bd/current/raft-meta.conf
2024-03-05 10:11:21,652 [76f60663-9351-4c92-a037-8f3a190b5659-groupManagement] INFO  ratis.ContainerStateMachine (ContainerStateMachine.java:loadSnapshot(287)) - group-5CF951FB94BD: The snapshot info is null. Setting the last applied index to:(t:0, i:~)
2024-03-05 10:11:21,652 [76f60663-9351-4c92-a037-8f3a190b5659-groupManagement] INFO  server.RaftServerConfigKeys (ConfUtils.java:logGet(46)) - raft.server.log.use.memory = false (default)
2024-03-05 10:11:21,652 [76f60663-9351-4c92-a037-8f3a190b5659-groupManagement] INFO  server.RaftServerConfigKeys (ConfUtils.java:logGet(46)) - raft.server.log.purge.gap = 1000000 (custom)
2024-03-05 10:11:21,652 [76f60663-9351-4c92-a037-8f3a190b5659-groupManagement] INFO  server.RaftServerConfigKeys (ConfUtils.java:logGet(46)) - raft.server.log.appender.buffer.byte-limit = 8388608 (custom)
2024-03-05 10:11:21,652 [76f60663-9351-4c92-a037-8f3a190b5659-groupManagement] INFO  server.RaftServerConfigKeys (ConfUtils.java:logGet(46)) - raft.server.log.statemachine.data.read.timeout = 1000ms (default)
2024-03-05 10:11:21,652 [76f60663-9351-4c92-a037-8f3a190b5659-groupManagement] INFO  server.RaftServerConfigKeys (ConfUtils.java:logGet(46)) - raft.server.log.purge.preservation.log.num = 0 (default)
2024-03-05 10:11:21,653 [76f60663-9351-4c92-a037-8f3a190b5659-groupManagement] INFO  server.RaftServerConfigKeys (ConfUtils.java:logGet(46)) - raft.server.log.segment.size.max = 67108864 (custom)
2024-03-05 10:11:21,654 [76f60663-9351-4c92-a037-8f3a190b5659-groupManagement] INFO  server.RaftServerConfigKeys (ConfUtils.java:logGet(46)) - raft.server.log.segment.cache.num.max = 2 (custom)
2024-03-05 10:11:21,654 [76f60663-9351-4c92-a037-8f3a190b5659-groupManagement] INFO  server.RaftServerConfigKeys (ConfUtils.java:logGet(46)) - raft.server.log.segment.cache.size.max = 200MB (=209715200) (default)
2024-03-05 10:11:21,654 [76f60663-9351-4c92-a037-8f3a190b5659-groupManagement] INFO  server.RaftServerConfigKeys (ConfUtils.java:logGet(46)) - raft.server.log.appender.buffer.byte-limit = 8388608 (custom)
2024-03-05 10:11:21,654 [76f60663-9351-4c92-a037-8f3a190b5659-groupManagement] INFO  util.AwaitToRun (AwaitToRun.java:start(81)) - Thread[76f60663-9351-4c92-a037-8f3a190b5659@group-5CF951FB94BD-cacheEviction-AwaitToRun,5,main] started
2024-03-05 10:11:21,654 [76f60663-9351-4c92-a037-8f3a190b5659-groupManagement] INFO  segmented.SegmentedRaftLogWorker (SegmentedRaftLogWorker.java:<init>(182)) - new 76f60663-9351-4c92-a037-8f3a190b5659@group-5CF951FB94BD-SegmentedRaftLogWorker for RaftStorageImpl:Storage Directory /home/runner/work/ozone/ozone/hadoop-ozone/integration-test/target/test-dir/MiniOzoneClusterImpl-58322414-df67-4d64-942a-a0d9644003f2/ozone-meta/datanode-6/ratis/efb7f63c-52b5-4262-888a-5cf951fb94bd
2024-03-05 10:11:21,654 [76f60663-9351-4c92-a037-8f3a190b5659-groupManagement] INFO  server.RaftServerConfigKeys (ConfUtils.java:logGet(46)) - raft.server.log.queue.byte-limit = 4294967296 (custom)
2024-03-05 10:11:21,654 [76f60663-9351-4c92-a037-8f3a190b5659-groupManagement] INFO  server.RaftServerConfigKeys (ConfUtils.java:logGet(46)) - raft.server.log.queue.element-limit = 1024 (custom)
2024-03-05 10:11:21,654 [76f60663-9351-4c92-a037-8f3a190b5659-groupManagement] INFO  server.RaftServerConfigKeys (ConfUtils.java:logGet(46)) - raft.server.log.segment.size.max = 67108864 (custom)
2024-03-05 10:11:21,654 [76f60663-9351-4c92-a037-8f3a190b5659-groupManagement] INFO  server.RaftServerConfigKeys (ConfUtils.java:logGet(46)) - raft.server.log.preallocated.size = 4194304 (custom)
2024-03-05 10:11:21,654 [76f60663-9351-4c92-a037-8f3a190b5659-groupManagement] INFO  server.RaftServerConfigKeys (ConfUtils.java:logGet(46)) - raft.server.log.force.sync.num = 128 (default)
2024-03-05 10:11:21,654 [76f60663-9351-4c92-a037-8f3a190b5659-groupManagement] INFO  server.RaftServerConfigKeys (ConfUtils.java:logGet(46)) - raft.server.log.statemachine.data.sync = true (default)
2024-03-05 10:11:21,654 [76f60663-9351-4c92-a037-8f3a190b5659-groupManagement] INFO  server.RaftServerConfigKeys (ConfUtils.java:logGet(46)) - raft.server.log.statemachine.data.sync.timeout = 10s (default)
2024-03-05 10:11:21,654 [76f60663-9351-4c92-a037-8f3a190b5659-groupManagement] INFO  server.RaftServerConfigKeys (ConfUtils.java:logGet(46)) - raft.server.log.statemachine.data.sync.timeout.retry = 0 (custom)
2024-03-05 10:11:21,655 [76f60663-9351-4c92-a037-8f3a190b5659-groupManagement] INFO  server.RaftServerConfigKeys (ConfUtils.java:logGet(46)) - raft.server.log.write.buffer.size = 8388616 (custom)
2024-03-05 10:11:21,656 [76f60663-9351-4c92-a037-8f3a190b5659-groupManagement] INFO  server.RaftServerConfigKeys (ConfUtils.java:logGet(46)) - raft.server.log.appender.buffer.byte-limit = 8388608 (custom)
2024-03-05 10:11:21,656 [76f60663-9351-4c92-a037-8f3a190b5659-groupManagement] INFO  server.RaftServerConfigKeys (ConfUtils.java:logGet(46)) - raft.server.log.unsafe-flush.enabled = false (default)
2024-03-05 10:11:21,656 [76f60663-9351-4c92-a037-8f3a190b5659-groupManagement] INFO  server.RaftServerConfigKeys (ConfUtils.java:logGet(46)) - raft.server.log.async-flush.enabled = false (default)
2024-03-05 10:11:21,656 [76f60663-9351-4c92-a037-8f3a190b5659-groupManagement] INFO  server.RaftServerConfigKeys (ConfUtils.java:logGet(46)) - raft.server.log.statemachine.data.caching.enabled = true (custom)
2024-03-05 10:11:21,656 [76f60663-9351-4c92-a037-8f3a190b5659-groupManagement] INFO  segmented.SegmentedRaftLogWorker (SegmentedRaftLogWorker.java:lambda$new$0(134)) - 76f60663-9351-4c92-a037-8f3a190b5659@group-5CF951FB94BD-SegmentedRaftLogWorker: flushIndex: setUnconditionally 0 -> -1
2024-03-05 10:11:21,656 [76f60663-9351-4c92-a037-8f3a190b5659-groupManagement] INFO  segmented.SegmentedRaftLogWorker (SegmentedRaftLogWorker.java:lambda$new$0(134)) - 76f60663-9351-4c92-a037-8f3a190b5659@group-5CF951FB94BD-SegmentedRaftLogWorker: safeCacheEvictIndex: setUnconditionally 0 -> -1
2024-03-05 10:11:21,657 [76f60663-9351-4c92-a037-8f3a190b5659-groupManagement] INFO  server.RaftServer$Division (RaftServerImpl.java:start(396)) - 76f60663-9351-4c92-a037-8f3a190b5659@group-5CF951FB94BD: start as a follower, conf=-1: peers:[76f60663-9351-4c92-a037-8f3a190b5659|10.1.0.29:15326]|listeners:[], old=null
2024-03-05 10:11:21,657 [76f60663-9351-4c92-a037-8f3a190b5659-groupManagement] INFO  server.RaftServer$Division (RaftServerImpl.java:setRole(383)) - 76f60663-9351-4c92-a037-8f3a190b5659@group-5CF951FB94BD: changes role from      null to FOLLOWER at term 0 for startAsFollower
2024-03-05 10:11:21,657 [76f60663-9351-4c92-a037-8f3a190b5659-groupManagement] INFO  impl.RoleInfo (RoleInfo.java:updateAndGet(139)) - 76f60663-9351-4c92-a037-8f3a190b5659: start 76f60663-9351-4c92-a037-8f3a190b5659@group-5CF951FB94BD-FollowerState
2024-03-05 10:11:21,657 [76f60663-9351-4c92-a037-8f3a190b5659-groupManagement] INFO  util.JmxRegister (JmxRegister.java:tryRegister(44)) - Successfully registered JMX Bean with object name Ratis:service=RaftServer,group=group-5CF951FB94BD,id=76f60663-9351-4c92-a037-8f3a190b5659
2024-03-05 10:11:21,657 [76f60663-9351-4c92-a037-8f3a190b5659-groupManagement] INFO  server.RaftServerConfigKeys (ConfUtils.java:logGet(46)) - raft.server.snapshot.trigger-when-stop.enabled = true (default)
2024-03-05 10:11:21,657 [76f60663-9351-4c92-a037-8f3a190b5659-groupManagement] INFO  server.RaftServerConfigKeys (ConfUtils.java:logGet(46)) - raft.server.snapshot.auto.trigger.enabled = true (custom)
2024-03-05 10:11:21,657 [76f60663-9351-4c92-a037-8f3a190b5659-groupManagement] INFO  server.RaftServerConfigKeys (ConfUtils.java:logGet(46)) - raft.server.snapshot.auto.trigger.threshold = 10000 (custom)
2024-03-05 10:11:21,657 [76f60663-9351-4c92-a037-8f3a190b5659-groupManagement] INFO  server.RaftServerConfigKeys (ConfUtils.java:logGet(46)) - raft.server.snapshot.retention.file.num = 5 (custom)
2024-03-05 10:11:21,657 [76f60663-9351-4c92-a037-8f3a190b5659-groupManagement] INFO  server.RaftServerConfigKeys (ConfUtils.java:logGet(46)) - raft.server.log.purge.upto.snapshot.index = false (default)
2024-03-05 10:11:21,658 [EventQueue-PipelineReportForPipelineReportHandler] INFO  pipeline.PipelineReportHandler (PipelineReportHandler.java:processPipelineReport(136)) - Opened pipeline PipelineID=efb7f63c-52b5-4262-888a-5cf951fb94bd
2024-03-05 10:11:21,658 [EventQueue-OpenPipelineForHealthyPipelineSafeModeRule] INFO  safemode.SCMSafeModeManager (HealthyPipelineSafeModeRule.java:process(140)) - SCM in safe mode. Healthy pipelines reported count is 0, required healthy pipeline reported count is 1
2024-03-05 10:11:21,657 [76f60663-9351-4c92-a037-8f3a190b5659@group-5CF951FB94BD-FollowerState] INFO  server.RaftServerConfigKeys (ConfUtils.java:logFallback(53)) - raft.server.rpc.first-election.timeout.min = 5s (fallback to raft.server.rpc.timeout.min)
2024-03-05 10:11:21,658 [76f60663-9351-4c92-a037-8f3a190b5659@group-5CF951FB94BD-FollowerState] INFO  server.RaftServerConfigKeys (ConfUtils.java:logFallback(53)) - raft.server.rpc.first-election.timeout.max = 5200ms (fallback to raft.server.rpc.timeout.max)
2024-03-05 10:11:21,658 [76f60663-9351-4c92-a037-8f3a190b5659-PipelineCommandHandlerThread-0] INFO  ratis.XceiverServerRatis (XceiverServerRatis.java:addGroup(864)) - Created group PipelineID=efb7f63c-52b5-4262-888a-5cf951fb94bd
2024-03-05 10:11:21,658 [76f60663-9351-4c92-a037-8f3a190b5659-PipelineCommandHandlerThread-0] INFO  commandhandler.CreatePipelineCommandHandler (CreatePipelineCommandHandler.java:lambda$handle$2(124)) - Created Pipeline RATIS ONE PipelineID=efb7f63c-52b5-4262-888a-5cf951fb94bd.
2024-03-05 10:11:21,734 [aca6fe57-e7fe-4059-8fc7-aad793183b33-PipelineCommandHandlerThread-0] INFO  server.RaftServer (RaftServerProxy.java:addNew(100)) - aca6fe57-e7fe-4059-8fc7-aad793183b33: addNew group-C9EB3D273E82:[aca6fe57-e7fe-4059-8fc7-aad793183b33|10.1.0.29:15335] returns group-C9EB3D273E82:java.util.concurrent.CompletableFuture@71b28bd1[Not completed]
2024-03-05 10:11:21,735 [aca6fe57-e7fe-4059-8fc7-aad793183b33-groupManagement] INFO  server.RaftServer$Division (RaftServerImpl.java:<init>(256)) - aca6fe57-e7fe-4059-8fc7-aad793183b33: new RaftServerImpl for group-C9EB3D273E82:[aca6fe57-e7fe-4059-8fc7-aad793183b33|10.1.0.29:15335] with ContainerStateMachine:uninitialized
2024-03-05 10:11:21,735 [aca6fe57-e7fe-4059-8fc7-aad793183b33-groupManagement] INFO  server.RaftServerConfigKeys (ConfUtils.java:logGet(46)) - raft.server.rpc.timeout.min = 5s (custom)
2024-03-05 10:11:21,735 [aca6fe57-e7fe-4059-8fc7-aad793183b33-groupManagement] INFO  server.RaftServerConfigKeys (ConfUtils.java:logGet(46)) - raft.server.rpc.timeout.max = 5200ms (custom)
2024-03-05 10:11:21,735 [aca6fe57-e7fe-4059-8fc7-aad793183b33-groupManagement] INFO  server.RaftServerConfigKeys (ConfUtils.java:logGet(46)) - raft.server.rpc.sleep.time = 25ms (default)
2024-03-05 10:11:21,735 [aca6fe57-e7fe-4059-8fc7-aad793183b33-groupManagement] INFO  server.RaftServerConfigKeys (ConfUtils.java:logGet(46)) - raft.server.rpc.slowness.timeout = 300000ms (custom)
2024-03-05 10:11:21,735 [aca6fe57-e7fe-4059-8fc7-aad793183b33-groupManagement] INFO  server.RaftServerConfigKeys (ConfUtils.java:logGet(46)) - raft.server.leaderelection.leader.step-down.wait-time = 10s (default)
2024-03-05 10:11:21,736 [aca6fe57-e7fe-4059-8fc7-aad793183b33-groupManagement] INFO  server.RaftServerConfigKeys (ConfUtils.java:logGet(46)) - raft.server.leaderelection.member.majority-add = false (default)
2024-03-05 10:11:21,736 [aca6fe57-e7fe-4059-8fc7-aad793183b33-groupManagement] INFO  server.RaftServerConfigKeys (ConfUtils.java:logGet(46)) - raft.server.sleep.deviation.threshold = 300ms (default)
2024-03-05 10:11:21,736 [aca6fe57-e7fe-4059-8fc7-aad793183b33-groupManagement] INFO  server.RaftServer$Division (ServerState.java:<init>(113)) - aca6fe57-e7fe-4059-8fc7-aad793183b33@group-C9EB3D273E82: ConfigurationManager, init=-1: peers:[aca6fe57-e7fe-4059-8fc7-aad793183b33|10.1.0.29:15335]|listeners:[], old=null, confs=<EMPTY_MAP>
2024-03-05 10:11:21,736 [aca6fe57-e7fe-4059-8fc7-aad793183b33-groupManagement] INFO  server.RaftServerConfigKeys (ConfUtils.java:logGet(46)) - raft.server.notification.no-leader.timeout = 300000ms (custom)
2024-03-05 10:11:21,736 [aca6fe57-e7fe-4059-8fc7-aad793183b33-groupManagement] INFO  server.RaftServerConfigKeys (ConfUtils.java:logGet(46)) - raft.server.read.timeout = 10s (default)
2024-03-05 10:11:21,736 [aca6fe57-e7fe-4059-8fc7-aad793183b33-groupManagement] INFO  server.RaftServerConfigKeys (ConfUtils.java:logGet(46)) - raft.server.retrycache.expirytime = 600000ms (custom)
2024-03-05 10:11:21,736 [aca6fe57-e7fe-4059-8fc7-aad793183b33-groupManagement] INFO  server.RaftServerConfigKeys (ConfUtils.java:logGet(46)) - raft.server.retrycache.statistics.expirytime = 100ms (default)
2024-03-05 10:11:21,736 [aca6fe57-e7fe-4059-8fc7-aad793183b33-groupManagement] INFO  server.RaftServerConfigKeys (ConfUtils.java:logGet(46)) - raft.server.read.option = DEFAULT (default)
2024-03-05 10:11:21,736 [aca6fe57-e7fe-4059-8fc7-aad793183b33-groupManagement] INFO  server.RaftServerConfigKeys (ConfUtils.java:logGet(46)) - raft.server.read.read-after-write-consistent.write-index-cache.expiry-time = 60s (default)
2024-03-05 10:11:21,737 [aca6fe57-e7fe-4059-8fc7-aad793183b33-groupManagement] INFO  server.RaftServerConfigKeys (ConfUtils.java:logGet(46)) - raft.server.rpc.request.timeout = 3000ms (default)
2024-03-05 10:11:21,737 [aca6fe57-e7fe-4059-8fc7-aad793183b33-groupManagement] INFO  server.RaftServerConfigKeys (ConfUtils.java:logGet(46)) - raft.server.log.appender.install.snapshot.enabled = false (custom)
2024-03-05 10:11:21,738 [aca6fe57-e7fe-4059-8fc7-aad793183b33-groupManagement] INFO  server.RaftServerConfigKeys (ConfUtils.java:logGet(46)) - raft.server.threadpool.server.cached = true (default)
2024-03-05 10:11:21,738 [aca6fe57-e7fe-4059-8fc7-aad793183b33-groupManagement] INFO  server.RaftServerConfigKeys (ConfUtils.java:logGet(46)) - raft.server.threadpool.server.size = 0 (default)
2024-03-05 10:11:21,738 [aca6fe57-e7fe-4059-8fc7-aad793183b33-groupManagement] INFO  server.RaftServerConfigKeys (ConfUtils.java:logGet(46)) - raft.server.threadpool.client.cached = true (default)
2024-03-05 10:11:21,738 [aca6fe57-e7fe-4059-8fc7-aad793183b33-groupManagement] INFO  server.RaftServerConfigKeys (ConfUtils.java:logGet(46)) - raft.server.threadpool.client.size = 0 (default)
2024-03-05 10:11:21,738 [aca6fe57-e7fe-4059-8fc7-aad793183b33-groupManagement] INFO  server.RaftServerConfigKeys (ConfUtils.java:logGet(46)) - raft.server.storage.free-space.min = 0MB (=0) (default)
2024-03-05 10:11:21,738 [aca6fe57-e7fe-4059-8fc7-aad793183b33-groupManagement] INFO  server.RaftServerConfigKeys (ConfUtils.java:logGet(46)) - raft.server.log.corruption.policy = EXCEPTION (default)
2024-03-05 10:11:21,738 [aca6fe57-e7fe-4059-8fc7-aad793183b33-groupManagement] INFO  server.RaftServerConfigKeys (ConfUtils.java:logGet(46)) - raft.server.storage.dir = [/home/runner/work/ozone/ozone/hadoop-ozone/integration-test/target/test-dir/MiniOzoneClusterImpl-58322414-df67-4d64-942a-a0d9644003f2/ozone-meta/datanode-7/ratis] (custom)
2024-03-05 10:11:21,738 [aca6fe57-e7fe-4059-8fc7-aad793183b33-groupManagement] INFO  storage.RaftStorageDirectory (RaftStorageDirectoryImpl.java:analyzeStorage(138)) - The storage directory /home/runner/work/ozone/ozone/hadoop-ozone/integration-test/target/test-dir/MiniOzoneClusterImpl-58322414-df67-4d64-942a-a0d9644003f2/ozone-meta/datanode-7/ratis/69e01a9d-2717-4b02-afb1-c9eb3d273e82 does not exist. Creating ...
2024-03-05 10:11:21,739 [aca6fe57-e7fe-4059-8fc7-aad793183b33-groupManagement] INFO  storage.RaftStorageDirectory (RaftStorageDirectoryImpl.java:tryLock(228)) - Lock on /home/runner/work/ozone/ozone/hadoop-ozone/integration-test/target/test-dir/MiniOzoneClusterImpl-58322414-df67-4d64-942a-a0d9644003f2/ozone-meta/datanode-7/ratis/69e01a9d-2717-4b02-afb1-c9eb3d273e82/in_use.lock acquired by nodename 65937@fv-az1018-62
2024-03-05 10:11:21,740 [aca6fe57-e7fe-4059-8fc7-aad793183b33-groupManagement] INFO  storage.RaftStorage (RaftStorageImpl.java:format(99)) - Storage directory /home/runner/work/ozone/ozone/hadoop-ozone/integration-test/target/test-dir/MiniOzoneClusterImpl-58322414-df67-4d64-942a-a0d9644003f2/ozone-meta/datanode-7/ratis/69e01a9d-2717-4b02-afb1-c9eb3d273e82 has been successfully formatted.
2024-03-05 10:11:21,740 [aca6fe57-e7fe-4059-8fc7-aad793183b33-groupManagement] WARN  util.FileUtils (LogUtils.java:supplyAndLog(63)) - Failed to Files.newInputStream /home/runner/work/ozone/ozone/hadoop-ozone/integration-test/target/test-dir/MiniOzoneClusterImpl-58322414-df67-4d64-942a-a0d9644003f2/ozone-meta/datanode-7/ratis/69e01a9d-2717-4b02-afb1-c9eb3d273e82/current/raft-meta.conf with options []: java.nio.file.NoSuchFileException: /home/runner/work/ozone/ozone/hadoop-ozone/integration-test/target/test-dir/MiniOzoneClusterImpl-58322414-df67-4d64-942a-a0d9644003f2/ozone-meta/datanode-7/ratis/69e01a9d-2717-4b02-afb1-c9eb3d273e82/current/raft-meta.conf
2024-03-05 10:11:21,742 [aca6fe57-e7fe-4059-8fc7-aad793183b33-groupManagement] INFO  ratis.ContainerStateMachine (ContainerStateMachine.java:loadSnapshot(287)) - group-C9EB3D273E82: The snapshot info is null. Setting the last applied index to:(t:0, i:~)
2024-03-05 10:11:21,742 [aca6fe57-e7fe-4059-8fc7-aad793183b33-groupManagement] INFO  server.RaftServerConfigKeys (ConfUtils.java:logGet(46)) - raft.server.log.use.memory = false (default)
2024-03-05 10:11:21,742 [aca6fe57-e7fe-4059-8fc7-aad793183b33-groupManagement] INFO  server.RaftServerConfigKeys (ConfUtils.java:logGet(46)) - raft.server.log.purge.gap = 1000000 (custom)
2024-03-05 10:11:21,742 [aca6fe57-e7fe-4059-8fc7-aad793183b33-groupManagement] INFO  server.RaftServerConfigKeys (ConfUtils.java:logGet(46)) - raft.server.log.appender.buffer.byte-limit = 8388608 (custom)
2024-03-05 10:11:21,742 [aca6fe57-e7fe-4059-8fc7-aad793183b33-groupManagement] INFO  server.RaftServerConfigKeys (ConfUtils.java:logGet(46)) - raft.server.log.statemachine.data.read.timeout = 1000ms (default)
2024-03-05 10:11:21,742 [aca6fe57-e7fe-4059-8fc7-aad793183b33-groupManagement] INFO  server.RaftServerConfigKeys (ConfUtils.java:logGet(46)) - raft.server.log.purge.preservation.log.num = 0 (default)
2024-03-05 10:11:21,742 [EventQueue-PipelineReportForPipelineReportHandler] INFO  pipeline.PipelineReportHandler (PipelineReportHandler.java:processPipelineReport(136)) - Opened pipeline PipelineID=69e01a9d-2717-4b02-afb1-c9eb3d273e82
2024-03-05 10:11:21,742 [EventQueue-OpenPipelineForHealthyPipelineSafeModeRule] INFO  safemode.SCMSafeModeManager (HealthyPipelineSafeModeRule.java:process(140)) - SCM in safe mode. Healthy pipelines reported count is 0, required healthy pipeline reported count is 1
2024-03-05 10:11:21,743 [aca6fe57-e7fe-4059-8fc7-aad793183b33-groupManagement] INFO  server.RaftServerConfigKeys (ConfUtils.java:logGet(46)) - raft.server.log.segment.size.max = 67108864 (custom)
2024-03-05 10:11:21,743 [aca6fe57-e7fe-4059-8fc7-aad793183b33-groupManagement] INFO  server.RaftServerConfigKeys (ConfUtils.java:logGet(46)) - raft.server.log.segment.cache.num.max = 2 (custom)
2024-03-05 10:11:21,743 [aca6fe57-e7fe-4059-8fc7-aad793183b33-groupManagement] INFO  server.RaftServerConfigKeys (ConfUtils.java:logGet(46)) - raft.server.log.segment.cache.size.max = 200MB (=209715200) (default)
2024-03-05 10:11:21,743 [aca6fe57-e7fe-4059-8fc7-aad793183b33-groupManagement] INFO  server.RaftServerConfigKeys (ConfUtils.java:logGet(46)) - raft.server.log.appender.buffer.byte-limit = 8388608 (custom)
2024-03-05 10:11:21,744 [aca6fe57-e7fe-4059-8fc7-aad793183b33-groupManagement] INFO  util.AwaitToRun (AwaitToRun.java:start(81)) - Thread[aca6fe57-e7fe-4059-8fc7-aad793183b33@group-C9EB3D273E82-cacheEviction-AwaitToRun,5,main] started
2024-03-05 10:11:21,744 [aca6fe57-e7fe-4059-8fc7-aad793183b33-groupManagement] INFO  segmented.SegmentedRaftLogWorker (SegmentedRaftLogWorker.java:<init>(182)) - new aca6fe57-e7fe-4059-8fc7-aad793183b33@group-C9EB3D273E82-SegmentedRaftLogWorker for RaftStorageImpl:Storage Directory /home/runner/work/ozone/ozone/hadoop-ozone/integration-test/target/test-dir/MiniOzoneClusterImpl-58322414-df67-4d64-942a-a0d9644003f2/ozone-meta/datanode-7/ratis/69e01a9d-2717-4b02-afb1-c9eb3d273e82
2024-03-05 10:11:21,744 [aca6fe57-e7fe-4059-8fc7-aad793183b33-groupManagement] INFO  server.RaftServerConfigKeys (ConfUtils.java:logGet(46)) - raft.server.log.queue.byte-limit = 4294967296 (custom)
2024-03-05 10:11:21,744 [aca6fe57-e7fe-4059-8fc7-aad793183b33-groupManagement] INFO  server.RaftServerConfigKeys (ConfUtils.java:logGet(46)) - raft.server.log.queue.element-limit = 1024 (custom)
2024-03-05 10:11:21,744 [aca6fe57-e7fe-4059-8fc7-aad793183b33-groupManagement] INFO  server.RaftServerConfigKeys (ConfUtils.java:logGet(46)) - raft.server.log.segment.size.max = 67108864 (custom)
2024-03-05 10:11:21,744 [aca6fe57-e7fe-4059-8fc7-aad793183b33-groupManagement] INFO  server.RaftServerConfigKeys (ConfUtils.java:logGet(46)) - raft.server.log.preallocated.size = 4194304 (custom)
2024-03-05 10:11:21,744 [aca6fe57-e7fe-4059-8fc7-aad793183b33-groupManagement] INFO  server.RaftServerConfigKeys (ConfUtils.java:logGet(46)) - raft.server.log.force.sync.num = 128 (default)
2024-03-05 10:11:21,744 [aca6fe57-e7fe-4059-8fc7-aad793183b33-groupManagement] INFO  server.RaftServerConfigKeys (ConfUtils.java:logGet(46)) - raft.server.log.statemachine.data.sync = true (default)
2024-03-05 10:11:21,744 [aca6fe57-e7fe-4059-8fc7-aad793183b33-groupManagement] INFO  server.RaftServerConfigKeys (ConfUtils.java:logGet(46)) - raft.server.log.statemachine.data.sync.timeout = 10s (default)
2024-03-05 10:11:21,744 [aca6fe57-e7fe-4059-8fc7-aad793183b33-groupManagement] INFO  server.RaftServerConfigKeys (ConfUtils.java:logGet(46)) - raft.server.log.statemachine.data.sync.timeout.retry = 0 (custom)
2024-03-05 10:11:21,745 [aca6fe57-e7fe-4059-8fc7-aad793183b33-groupManagement] INFO  server.RaftServerConfigKeys (ConfUtils.java:logGet(46)) - raft.server.log.write.buffer.size = 8388616 (custom)
2024-03-05 10:11:21,746 [aca6fe57-e7fe-4059-8fc7-aad793183b33-groupManagement] INFO  server.RaftServerConfigKeys (ConfUtils.java:logGet(46)) - raft.server.log.appender.buffer.byte-limit = 8388608 (custom)
2024-03-05 10:11:21,746 [aca6fe57-e7fe-4059-8fc7-aad793183b33-groupManagement] INFO  server.RaftServerConfigKeys (ConfUtils.java:logGet(46)) - raft.server.log.unsafe-flush.enabled = false (default)
2024-03-05 10:11:21,746 [aca6fe57-e7fe-4059-8fc7-aad793183b33-groupManagement] INFO  server.RaftServerConfigKeys (ConfUtils.java:logGet(46)) - raft.server.log.async-flush.enabled = false (default)
2024-03-05 10:11:21,746 [aca6fe57-e7fe-4059-8fc7-aad793183b33-groupManagement] INFO  server.RaftServerConfigKeys (ConfUtils.java:logGet(46)) - raft.server.log.statemachine.data.caching.enabled = true (custom)
2024-03-05 10:11:21,746 [aca6fe57-e7fe-4059-8fc7-aad793183b33-groupManagement] INFO  segmented.SegmentedRaftLogWorker (SegmentedRaftLogWorker.java:lambda$new$0(134)) - aca6fe57-e7fe-4059-8fc7-aad793183b33@group-C9EB3D273E82-SegmentedRaftLogWorker: flushIndex: setUnconditionally 0 -> -1
2024-03-05 10:11:21,746 [aca6fe57-e7fe-4059-8fc7-aad793183b33-groupManagement] INFO  segmented.SegmentedRaftLogWorker (SegmentedRaftLogWorker.java:lambda$new$0(134)) - aca6fe57-e7fe-4059-8fc7-aad793183b33@group-C9EB3D273E82-SegmentedRaftLogWorker: safeCacheEvictIndex: setUnconditionally 0 -> -1
2024-03-05 10:11:21,746 [aca6fe57-e7fe-4059-8fc7-aad793183b33-groupManagement] INFO  server.RaftServer$Division (RaftServerImpl.java:start(396)) - aca6fe57-e7fe-4059-8fc7-aad793183b33@group-C9EB3D273E82: start as a follower, conf=-1: peers:[aca6fe57-e7fe-4059-8fc7-aad793183b33|10.1.0.29:15335]|listeners:[], old=null
2024-03-05 10:11:21,747 [aca6fe57-e7fe-4059-8fc7-aad793183b33-groupManagement] INFO  server.RaftServer$Division (RaftServerImpl.java:setRole(383)) - aca6fe57-e7fe-4059-8fc7-aad793183b33@group-C9EB3D273E82: changes role from      null to FOLLOWER at term 0 for startAsFollower
2024-03-05 10:11:21,747 [aca6fe57-e7fe-4059-8fc7-aad793183b33-groupManagement] INFO  impl.RoleInfo (RoleInfo.java:updateAndGet(139)) - aca6fe57-e7fe-4059-8fc7-aad793183b33: start aca6fe57-e7fe-4059-8fc7-aad793183b33@group-C9EB3D273E82-FollowerState
2024-03-05 10:11:21,747 [aca6fe57-e7fe-4059-8fc7-aad793183b33@group-C9EB3D273E82-FollowerState] INFO  server.RaftServerConfigKeys (ConfUtils.java:logFallback(53)) - raft.server.rpc.first-election.timeout.min = 5s (fallback to raft.server.rpc.timeout.min)
2024-03-05 10:11:21,747 [aca6fe57-e7fe-4059-8fc7-aad793183b33-groupManagement] INFO  util.JmxRegister (JmxRegister.java:tryRegister(44)) - Successfully registered JMX Bean with object name Ratis:service=RaftServer,group=group-C9EB3D273E82,id=aca6fe57-e7fe-4059-8fc7-aad793183b33
2024-03-05 10:11:21,747 [aca6fe57-e7fe-4059-8fc7-aad793183b33-groupManagement] INFO  server.RaftServerConfigKeys (ConfUtils.java:logGet(46)) - raft.server.snapshot.trigger-when-stop.enabled = true (default)
2024-03-05 10:11:21,747 [aca6fe57-e7fe-4059-8fc7-aad793183b33-groupManagement] INFO  server.RaftServerConfigKeys (ConfUtils.java:logGet(46)) - raft.server.snapshot.auto.trigger.enabled = true (custom)
2024-03-05 10:11:21,747 [aca6fe57-e7fe-4059-8fc7-aad793183b33-groupManagement] INFO  server.RaftServerConfigKeys (ConfUtils.java:logGet(46)) - raft.server.snapshot.auto.trigger.threshold = 10000 (custom)
2024-03-05 10:11:21,747 [aca6fe57-e7fe-4059-8fc7-aad793183b33@group-C9EB3D273E82-FollowerState] INFO  server.RaftServerConfigKeys (ConfUtils.java:logFallback(53)) - raft.server.rpc.first-election.timeout.max = 5200ms (fallback to raft.server.rpc.timeout.max)
2024-03-05 10:11:21,747 [aca6fe57-e7fe-4059-8fc7-aad793183b33-groupManagement] INFO  server.RaftServerConfigKeys (ConfUtils.java:logGet(46)) - raft.server.snapshot.retention.file.num = 5 (custom)
2024-03-05 10:11:21,747 [aca6fe57-e7fe-4059-8fc7-aad793183b33-groupManagement] INFO  server.RaftServerConfigKeys (ConfUtils.java:logGet(46)) - raft.server.log.purge.upto.snapshot.index = false (default)
2024-03-05 10:11:21,748 [aca6fe57-e7fe-4059-8fc7-aad793183b33-PipelineCommandHandlerThread-0] INFO  ratis.XceiverServerRatis (XceiverServerRatis.java:addGroup(864)) - Created group PipelineID=69e01a9d-2717-4b02-afb1-c9eb3d273e82
2024-03-05 10:11:21,748 [aca6fe57-e7fe-4059-8fc7-aad793183b33-PipelineCommandHandlerThread-0] INFO  commandhandler.CreatePipelineCommandHandler (CreatePipelineCommandHandler.java:lambda$handle$2(124)) - Created Pipeline RATIS ONE PipelineID=69e01a9d-2717-4b02-afb1-c9eb3d273e82.
2024-03-05 10:11:21,748 [aca6fe57-e7fe-4059-8fc7-aad793183b33-PipelineCommandHandlerThread-0] INFO  server.RaftServer (RaftServerProxy.java:addNew(100)) - aca6fe57-e7fe-4059-8fc7-aad793183b33: addNew group-993DCF1EDE54:[deb5d253-51cb-42bf-a345-825603079b10|10.1.0.29:15353, aca6fe57-e7fe-4059-8fc7-aad793183b33|10.1.0.29:15335, e7233910-62be-434d-8b50-630853f02a3c|10.1.0.29:15344] returns group-993DCF1EDE54:java.util.concurrent.CompletableFuture@758d013f[Not completed]
2024-03-05 10:11:21,749 [aca6fe57-e7fe-4059-8fc7-aad793183b33-groupManagement] INFO  server.RaftServer$Division (RaftServerImpl.java:<init>(256)) - aca6fe57-e7fe-4059-8fc7-aad793183b33: new RaftServerImpl for group-993DCF1EDE54:[deb5d253-51cb-42bf-a345-825603079b10|10.1.0.29:15353, aca6fe57-e7fe-4059-8fc7-aad793183b33|10.1.0.29:15335, e7233910-62be-434d-8b50-630853f02a3c|10.1.0.29:15344] with ContainerStateMachine:uninitialized
2024-03-05 10:11:21,749 [aca6fe57-e7fe-4059-8fc7-aad793183b33-groupManagement] INFO  server.RaftServerConfigKeys (ConfUtils.java:logGet(46)) - raft.server.rpc.timeout.min = 5s (custom)
2024-03-05 10:11:21,749 [aca6fe57-e7fe-4059-8fc7-aad793183b33-groupManagement] INFO  server.RaftServerConfigKeys (ConfUtils.java:logGet(46)) - raft.server.rpc.timeout.max = 5200ms (custom)
2024-03-05 10:11:21,749 [aca6fe57-e7fe-4059-8fc7-aad793183b33-groupManagement] INFO  server.RaftServerConfigKeys (ConfUtils.java:logGet(46)) - raft.server.rpc.sleep.time = 25ms (default)
2024-03-05 10:11:21,749 [aca6fe57-e7fe-4059-8fc7-aad793183b33-groupManagement] INFO  server.RaftServerConfigKeys (ConfUtils.java:logGet(46)) - raft.server.rpc.slowness.timeout = 300000ms (custom)
2024-03-05 10:11:21,749 [aca6fe57-e7fe-4059-8fc7-aad793183b33-groupManagement] INFO  server.RaftServerConfigKeys (ConfUtils.java:logGet(46)) - raft.server.leaderelection.leader.step-down.wait-time = 10s (default)
2024-03-05 10:11:21,749 [aca6fe57-e7fe-4059-8fc7-aad793183b33-groupManagement] INFO  server.RaftServerConfigKeys (ConfUtils.java:logGet(46)) - raft.server.leaderelection.member.majority-add = false (default)
2024-03-05 10:11:21,749 [aca6fe57-e7fe-4059-8fc7-aad793183b33-groupManagement] INFO  server.RaftServerConfigKeys (ConfUtils.java:logGet(46)) - raft.server.sleep.deviation.threshold = 300ms (default)
2024-03-05 10:11:21,749 [aca6fe57-e7fe-4059-8fc7-aad793183b33-groupManagement] INFO  server.RaftServer$Division (ServerState.java:<init>(113)) - aca6fe57-e7fe-4059-8fc7-aad793183b33@group-993DCF1EDE54: ConfigurationManager, init=-1: peers:[deb5d253-51cb-42bf-a345-825603079b10|10.1.0.29:15353, aca6fe57-e7fe-4059-8fc7-aad793183b33|10.1.0.29:15335, e7233910-62be-434d-8b50-630853f02a3c|10.1.0.29:15344]|listeners:[], old=null, confs=<EMPTY_MAP>
2024-03-05 10:11:21,749 [aca6fe57-e7fe-4059-8fc7-aad793183b33-groupManagement] INFO  server.RaftServerConfigKeys (ConfUtils.java:logGet(46)) - raft.server.notification.no-leader.timeout = 300000ms (custom)
2024-03-05 10:11:21,749 [aca6fe57-e7fe-4059-8fc7-aad793183b33-groupManagement] INFO  server.RaftServerConfigKeys (ConfUtils.java:logGet(46)) - raft.server.read.timeout = 10s (default)
2024-03-05 10:11:21,749 [aca6fe57-e7fe-4059-8fc7-aad793183b33-groupManagement] INFO  server.RaftServerConfigKeys (ConfUtils.java:logGet(46)) - raft.server.retrycache.expirytime = 600000ms (custom)
2024-03-05 10:11:21,750 [aca6fe57-e7fe-4059-8fc7-aad793183b33-groupManagement] INFO  server.RaftServerConfigKeys (ConfUtils.java:logGet(46)) - raft.server.retrycache.statistics.expirytime = 100ms (default)
2024-03-05 10:11:21,750 [aca6fe57-e7fe-4059-8fc7-aad793183b33-groupManagement] INFO  server.RaftServerConfigKeys (ConfUtils.java:logGet(46)) - raft.server.read.option = DEFAULT (default)
2024-03-05 10:11:21,750 [aca6fe57-e7fe-4059-8fc7-aad793183b33-groupManagement] INFO  server.RaftServerConfigKeys (ConfUtils.java:logGet(46)) - raft.server.read.read-after-write-consistent.write-index-cache.expiry-time = 60s (default)
2024-03-05 10:11:21,752 [aca6fe57-e7fe-4059-8fc7-aad793183b33-groupManagement] INFO  server.RaftServerConfigKeys (ConfUtils.java:logGet(46)) - raft.server.rpc.request.timeout = 3000ms (default)
2024-03-05 10:11:21,752 [aca6fe57-e7fe-4059-8fc7-aad793183b33-groupManagement] INFO  server.RaftServerConfigKeys (ConfUtils.java:logGet(46)) - raft.server.log.appender.install.snapshot.enabled = false (custom)
2024-03-05 10:11:21,752 [aca6fe57-e7fe-4059-8fc7-aad793183b33-groupManagement] INFO  server.RaftServerConfigKeys (ConfUtils.java:logGet(46)) - raft.server.threadpool.server.cached = true (default)
2024-03-05 10:11:21,752 [aca6fe57-e7fe-4059-8fc7-aad793183b33-groupManagement] INFO  server.RaftServerConfigKeys (ConfUtils.java:logGet(46)) - raft.server.threadpool.server.size = 0 (default)
2024-03-05 10:11:21,752 [aca6fe57-e7fe-4059-8fc7-aad793183b33-groupManagement] INFO  server.RaftServerConfigKeys (ConfUtils.java:logGet(46)) - raft.server.threadpool.client.cached = true (default)
2024-03-05 10:11:21,752 [aca6fe57-e7fe-4059-8fc7-aad793183b33-groupManagement] INFO  server.RaftServerConfigKeys (ConfUtils.java:logGet(46)) - raft.server.threadpool.client.size = 0 (default)
2024-03-05 10:11:21,752 [aca6fe57-e7fe-4059-8fc7-aad793183b33-groupManagement] INFO  server.RaftServerConfigKeys (ConfUtils.java:logGet(46)) - raft.server.storage.free-space.min = 0MB (=0) (default)
2024-03-05 10:11:21,752 [aca6fe57-e7fe-4059-8fc7-aad793183b33-groupManagement] INFO  server.RaftServerConfigKeys (ConfUtils.java:logGet(46)) - raft.server.log.corruption.policy = EXCEPTION (default)
2024-03-05 10:11:21,752 [aca6fe57-e7fe-4059-8fc7-aad793183b33-groupManagement] INFO  server.RaftServerConfigKeys (ConfUtils.java:logGet(46)) - raft.server.storage.dir = [/home/runner/work/ozone/ozone/hadoop-ozone/integration-test/target/test-dir/MiniOzoneClusterImpl-58322414-df67-4d64-942a-a0d9644003f2/ozone-meta/datanode-7/ratis] (custom)
2024-03-05 10:11:21,752 [aca6fe57-e7fe-4059-8fc7-aad793183b33-groupManagement] INFO  storage.RaftStorageDirectory (RaftStorageDirectoryImpl.java:analyzeStorage(138)) - The storage directory /home/runner/work/ozone/ozone/hadoop-ozone/integration-test/target/test-dir/MiniOzoneClusterImpl-58322414-df67-4d64-942a-a0d9644003f2/ozone-meta/datanode-7/ratis/b1db25c2-65ad-4f77-bb39-993dcf1ede54 does not exist. Creating ...
2024-03-05 10:11:21,753 [aca6fe57-e7fe-4059-8fc7-aad793183b33-groupManagement] INFO  storage.RaftStorageDirectory (RaftStorageDirectoryImpl.java:tryLock(228)) - Lock on /home/runner/work/ozone/ozone/hadoop-ozone/integration-test/target/test-dir/MiniOzoneClusterImpl-58322414-df67-4d64-942a-a0d9644003f2/ozone-meta/datanode-7/ratis/b1db25c2-65ad-4f77-bb39-993dcf1ede54/in_use.lock acquired by nodename 65937@fv-az1018-62
2024-03-05 10:11:21,754 [aca6fe57-e7fe-4059-8fc7-aad793183b33-groupManagement] INFO  storage.RaftStorage (RaftStorageImpl.java:format(99)) - Storage directory /home/runner/work/ozone/ozone/hadoop-ozone/integration-test/target/test-dir/MiniOzoneClusterImpl-58322414-df67-4d64-942a-a0d9644003f2/ozone-meta/datanode-7/ratis/b1db25c2-65ad-4f77-bb39-993dcf1ede54 has been successfully formatted.
2024-03-05 10:11:21,754 [aca6fe57-e7fe-4059-8fc7-aad793183b33-groupManagement] WARN  util.FileUtils (LogUtils.java:supplyAndLog(63)) - Failed to Files.newInputStream /home/runner/work/ozone/ozone/hadoop-ozone/integration-test/target/test-dir/MiniOzoneClusterImpl-58322414-df67-4d64-942a-a0d9644003f2/ozone-meta/datanode-7/ratis/b1db25c2-65ad-4f77-bb39-993dcf1ede54/current/raft-meta.conf with options []: java.nio.file.NoSuchFileException: /home/runner/work/ozone/ozone/hadoop-ozone/integration-test/target/test-dir/MiniOzoneClusterImpl-58322414-df67-4d64-942a-a0d9644003f2/ozone-meta/datanode-7/ratis/b1db25c2-65ad-4f77-bb39-993dcf1ede54/current/raft-meta.conf
2024-03-05 10:11:21,754 [aca6fe57-e7fe-4059-8fc7-aad793183b33-groupManagement] INFO  ratis.ContainerStateMachine (ContainerStateMachine.java:loadSnapshot(287)) - group-993DCF1EDE54: The snapshot info is null. Setting the last applied index to:(t:0, i:~)
2024-03-05 10:11:21,754 [aca6fe57-e7fe-4059-8fc7-aad793183b33-groupManagement] INFO  server.RaftServerConfigKeys (ConfUtils.java:logGet(46)) - raft.server.log.use.memory = false (default)
2024-03-05 10:11:21,755 [aca6fe57-e7fe-4059-8fc7-aad793183b33-groupManagement] INFO  server.RaftServerConfigKeys (ConfUtils.java:logGet(46)) - raft.server.log.purge.gap = 1000000 (custom)
2024-03-05 10:11:21,755 [aca6fe57-e7fe-4059-8fc7-aad793183b33-groupManagement] INFO  server.RaftServerConfigKeys (ConfUtils.java:logGet(46)) - raft.server.log.appender.buffer.byte-limit = 8388608 (custom)
2024-03-05 10:11:21,755 [aca6fe57-e7fe-4059-8fc7-aad793183b33-groupManagement] INFO  server.RaftServerConfigKeys (ConfUtils.java:logGet(46)) - raft.server.log.statemachine.data.read.timeout = 1000ms (default)
2024-03-05 10:11:21,755 [aca6fe57-e7fe-4059-8fc7-aad793183b33-groupManagement] INFO  server.RaftServerConfigKeys (ConfUtils.java:logGet(46)) - raft.server.log.purge.preservation.log.num = 0 (default)
2024-03-05 10:11:21,755 [EventQueue-OpenPipelineForHealthyPipelineSafeModeRule] INFO  safemode.SCMSafeModeManager (HealthyPipelineSafeModeRule.java:process(140)) - SCM in safe mode. Healthy pipelines reported count is 0, required healthy pipeline reported count is 1
2024-03-05 10:11:21,756 [aca6fe57-e7fe-4059-8fc7-aad793183b33-groupManagement] INFO  server.RaftServerConfigKeys (ConfUtils.java:logGet(46)) - raft.server.log.segment.size.max = 67108864 (custom)
2024-03-05 10:11:21,756 [aca6fe57-e7fe-4059-8fc7-aad793183b33-groupManagement] INFO  server.RaftServerConfigKeys (ConfUtils.java:logGet(46)) - raft.server.log.segment.cache.num.max = 2 (custom)
2024-03-05 10:11:21,756 [aca6fe57-e7fe-4059-8fc7-aad793183b33-groupManagement] INFO  server.RaftServerConfigKeys (ConfUtils.java:logGet(46)) - raft.server.log.segment.cache.size.max = 200MB (=209715200) (default)
2024-03-05 10:11:21,756 [aca6fe57-e7fe-4059-8fc7-aad793183b33-groupManagement] INFO  server.RaftServerConfigKeys (ConfUtils.java:logGet(46)) - raft.server.log.appender.buffer.byte-limit = 8388608 (custom)
2024-03-05 10:11:21,756 [aca6fe57-e7fe-4059-8fc7-aad793183b33-groupManagement] INFO  util.AwaitToRun (AwaitToRun.java:start(81)) - Thread[aca6fe57-e7fe-4059-8fc7-aad793183b33@group-993DCF1EDE54-cacheEviction-AwaitToRun,5,main] started
2024-03-05 10:11:21,757 [aca6fe57-e7fe-4059-8fc7-aad793183b33-groupManagement] INFO  segmented.SegmentedRaftLogWorker (SegmentedRaftLogWorker.java:<init>(182)) - new aca6fe57-e7fe-4059-8fc7-aad793183b33@group-993DCF1EDE54-SegmentedRaftLogWorker for RaftStorageImpl:Storage Directory /home/runner/work/ozone/ozone/hadoop-ozone/integration-test/target/test-dir/MiniOzoneClusterImpl-58322414-df67-4d64-942a-a0d9644003f2/ozone-meta/datanode-7/ratis/b1db25c2-65ad-4f77-bb39-993dcf1ede54
2024-03-05 10:11:21,757 [aca6fe57-e7fe-4059-8fc7-aad793183b33-groupManagement] INFO  server.RaftServerConfigKeys (ConfUtils.java:logGet(46)) - raft.server.log.queue.byte-limit = 4294967296 (custom)
2024-03-05 10:11:21,757 [aca6fe57-e7fe-4059-8fc7-aad793183b33-groupManagement] INFO  server.RaftServerConfigKeys (ConfUtils.java:logGet(46)) - raft.server.log.queue.element-limit = 1024 (custom)
2024-03-05 10:11:21,757 [aca6fe57-e7fe-4059-8fc7-aad793183b33-groupManagement] INFO  server.RaftServerConfigKeys (ConfUtils.java:logGet(46)) - raft.server.log.segment.size.max = 67108864 (custom)
2024-03-05 10:11:21,757 [aca6fe57-e7fe-4059-8fc7-aad793183b33-groupManagement] INFO  server.RaftServerConfigKeys (ConfUtils.java:logGet(46)) - raft.server.log.preallocated.size = 4194304 (custom)
2024-03-05 10:11:21,757 [aca6fe57-e7fe-4059-8fc7-aad793183b33-groupManagement] INFO  server.RaftServerConfigKeys (ConfUtils.java:logGet(46)) - raft.server.log.force.sync.num = 128 (default)
2024-03-05 10:11:21,757 [aca6fe57-e7fe-4059-8fc7-aad793183b33-groupManagement] INFO  server.RaftServerConfigKeys (ConfUtils.java:logGet(46)) - raft.server.log.statemachine.data.sync = true (default)
2024-03-05 10:11:21,757 [aca6fe57-e7fe-4059-8fc7-aad793183b33-groupManagement] INFO  server.RaftServerConfigKeys (ConfUtils.java:logGet(46)) - raft.server.log.statemachine.data.sync.timeout = 10s (default)
2024-03-05 10:11:21,757 [aca6fe57-e7fe-4059-8fc7-aad793183b33-groupManagement] INFO  server.RaftServerConfigKeys (ConfUtils.java:logGet(46)) - raft.server.log.statemachine.data.sync.timeout.retry = 0 (custom)
2024-03-05 10:11:21,757 [aca6fe57-e7fe-4059-8fc7-aad793183b33-groupManagement] INFO  server.RaftServerConfigKeys (ConfUtils.java:logGet(46)) - raft.server.log.write.buffer.size = 8388616 (custom)
2024-03-05 10:11:21,759 [aca6fe57-e7fe-4059-8fc7-aad793183b33-groupManagement] INFO  server.RaftServerConfigKeys (ConfUtils.java:logGet(46)) - raft.server.log.appender.buffer.byte-limit = 8388608 (custom)
2024-03-05 10:11:21,759 [aca6fe57-e7fe-4059-8fc7-aad793183b33-groupManagement] INFO  server.RaftServerConfigKeys (ConfUtils.java:logGet(46)) - raft.server.log.unsafe-flush.enabled = false (default)
2024-03-05 10:11:21,759 [aca6fe57-e7fe-4059-8fc7-aad793183b33-groupManagement] INFO  server.RaftServerConfigKeys (ConfUtils.java:logGet(46)) - raft.server.log.async-flush.enabled = false (default)
2024-03-05 10:11:21,759 [aca6fe57-e7fe-4059-8fc7-aad793183b33-groupManagement] INFO  server.RaftServerConfigKeys (ConfUtils.java:logGet(46)) - raft.server.log.statemachine.data.caching.enabled = true (custom)
2024-03-05 10:11:21,759 [aca6fe57-e7fe-4059-8fc7-aad793183b33-groupManagement] INFO  segmented.SegmentedRaftLogWorker (SegmentedRaftLogWorker.java:lambda$new$0(134)) - aca6fe57-e7fe-4059-8fc7-aad793183b33@group-993DCF1EDE54-SegmentedRaftLogWorker: flushIndex: setUnconditionally 0 -> -1
2024-03-05 10:11:21,759 [aca6fe57-e7fe-4059-8fc7-aad793183b33-groupManagement] INFO  segmented.SegmentedRaftLogWorker (SegmentedRaftLogWorker.java:lambda$new$0(134)) - aca6fe57-e7fe-4059-8fc7-aad793183b33@group-993DCF1EDE54-SegmentedRaftLogWorker: safeCacheEvictIndex: setUnconditionally 0 -> -1
2024-03-05 10:11:21,759 [aca6fe57-e7fe-4059-8fc7-aad793183b33-groupManagement] INFO  server.RaftServer$Division (RaftServerImpl.java:start(396)) - aca6fe57-e7fe-4059-8fc7-aad793183b33@group-993DCF1EDE54: start as a follower, conf=-1: peers:[deb5d253-51cb-42bf-a345-825603079b10|10.1.0.29:15353, aca6fe57-e7fe-4059-8fc7-aad793183b33|10.1.0.29:15335, e7233910-62be-434d-8b50-630853f02a3c|10.1.0.29:15344]|listeners:[], old=null
2024-03-05 10:11:21,759 [aca6fe57-e7fe-4059-8fc7-aad793183b33-groupManagement] INFO  server.RaftServer$Division (RaftServerImpl.java:setRole(383)) - aca6fe57-e7fe-4059-8fc7-aad793183b33@group-993DCF1EDE54: changes role from      null to FOLLOWER at term 0 for startAsFollower
2024-03-05 10:11:21,759 [aca6fe57-e7fe-4059-8fc7-aad793183b33-groupManagement] INFO  impl.RoleInfo (RoleInfo.java:updateAndGet(139)) - aca6fe57-e7fe-4059-8fc7-aad793183b33: start aca6fe57-e7fe-4059-8fc7-aad793183b33@group-993DCF1EDE54-FollowerState
2024-03-05 10:11:21,760 [aca6fe57-e7fe-4059-8fc7-aad793183b33@group-993DCF1EDE54-FollowerState] INFO  server.RaftServerConfigKeys (ConfUtils.java:logFallback(53)) - raft.server.rpc.first-election.timeout.min = 5s (fallback to raft.server.rpc.timeout.min)
2024-03-05 10:11:21,760 [aca6fe57-e7fe-4059-8fc7-aad793183b33-groupManagement] INFO  util.JmxRegister (JmxRegister.java:tryRegister(44)) - Successfully registered JMX Bean with object name Ratis:service=RaftServer,group=group-993DCF1EDE54,id=aca6fe57-e7fe-4059-8fc7-aad793183b33
2024-03-05 10:11:21,760 [aca6fe57-e7fe-4059-8fc7-aad793183b33@group-993DCF1EDE54-FollowerState] INFO  server.RaftServerConfigKeys (ConfUtils.java:logFallback(53)) - raft.server.rpc.first-election.timeout.max = 5200ms (fallback to raft.server.rpc.timeout.max)
2024-03-05 10:11:21,760 [aca6fe57-e7fe-4059-8fc7-aad793183b33-groupManagement] INFO  server.RaftServerConfigKeys (ConfUtils.java:logGet(46)) - raft.server.snapshot.trigger-when-stop.enabled = true (default)
2024-03-05 10:11:21,760 [aca6fe57-e7fe-4059-8fc7-aad793183b33-groupManagement] INFO  server.RaftServerConfigKeys (ConfUtils.java:logGet(46)) - raft.server.snapshot.auto.trigger.enabled = true (custom)
2024-03-05 10:11:21,760 [aca6fe57-e7fe-4059-8fc7-aad793183b33-groupManagement] INFO  server.RaftServerConfigKeys (ConfUtils.java:logGet(46)) - raft.server.snapshot.auto.trigger.threshold = 10000 (custom)
2024-03-05 10:11:21,760 [aca6fe57-e7fe-4059-8fc7-aad793183b33-groupManagement] INFO  server.RaftServerConfigKeys (ConfUtils.java:logGet(46)) - raft.server.snapshot.retention.file.num = 5 (custom)
2024-03-05 10:11:21,760 [aca6fe57-e7fe-4059-8fc7-aad793183b33-groupManagement] INFO  server.RaftServerConfigKeys (ConfUtils.java:logGet(46)) - raft.server.log.purge.upto.snapshot.index = false (default)
2024-03-05 10:11:21,760 [aca6fe57-e7fe-4059-8fc7-aad793183b33-PipelineCommandHandlerThread-0] INFO  ratis.XceiverServerRatis (XceiverServerRatis.java:addGroup(864)) - Created group PipelineID=b1db25c2-65ad-4f77-bb39-993dcf1ede54
2024-03-05 10:11:21,766 [grpc-default-executor-0] INFO  server.RaftServer (RaftServerProxy.java:addNew(100)) - deb5d253-51cb-42bf-a345-825603079b10: addNew group-993DCF1EDE54:[deb5d253-51cb-42bf-a345-825603079b10|10.1.0.29:15353, aca6fe57-e7fe-4059-8fc7-aad793183b33|10.1.0.29:15335, e7233910-62be-434d-8b50-630853f02a3c|10.1.0.29:15344] returns group-993DCF1EDE54:java.util.concurrent.CompletableFuture@5a4ed40[Not completed]
2024-03-05 10:11:21,767 [deb5d253-51cb-42bf-a345-825603079b10-groupManagement] INFO  server.RaftServer$Division (RaftServerImpl.java:<init>(256)) - deb5d253-51cb-42bf-a345-825603079b10: new RaftServerImpl for group-993DCF1EDE54:[deb5d253-51cb-42bf-a345-825603079b10|10.1.0.29:15353, aca6fe57-e7fe-4059-8fc7-aad793183b33|10.1.0.29:15335, e7233910-62be-434d-8b50-630853f02a3c|10.1.0.29:15344] with ContainerStateMachine:uninitialized
2024-03-05 10:11:21,767 [deb5d253-51cb-42bf-a345-825603079b10-groupManagement] INFO  server.RaftServerConfigKeys (ConfUtils.java:logGet(46)) - raft.server.rpc.timeout.min = 5s (custom)
2024-03-05 10:11:21,767 [deb5d253-51cb-42bf-a345-825603079b10-groupManagement] INFO  server.RaftServerConfigKeys (ConfUtils.java:logGet(46)) - raft.server.rpc.timeout.max = 5200ms (custom)
2024-03-05 10:11:21,767 [deb5d253-51cb-42bf-a345-825603079b10-groupManagement] INFO  server.RaftServerConfigKeys (ConfUtils.java:logGet(46)) - raft.server.rpc.sleep.time = 25ms (default)
2024-03-05 10:11:21,767 [deb5d253-51cb-42bf-a345-825603079b10-groupManagement] INFO  server.RaftServerConfigKeys (ConfUtils.java:logGet(46)) - raft.server.rpc.slowness.timeout = 300000ms (custom)
2024-03-05 10:11:21,767 [deb5d253-51cb-42bf-a345-825603079b10-groupManagement] INFO  server.RaftServerConfigKeys (ConfUtils.java:logGet(46)) - raft.server.leaderelection.leader.step-down.wait-time = 10s (default)
2024-03-05 10:11:21,767 [deb5d253-51cb-42bf-a345-825603079b10-groupManagement] INFO  server.RaftServerConfigKeys (ConfUtils.java:logGet(46)) - raft.server.leaderelection.member.majority-add = false (default)
2024-03-05 10:11:21,767 [deb5d253-51cb-42bf-a345-825603079b10-groupManagement] INFO  server.RaftServerConfigKeys (ConfUtils.java:logGet(46)) - raft.server.sleep.deviation.threshold = 300ms (default)
2024-03-05 10:11:21,767 [deb5d253-51cb-42bf-a345-825603079b10-groupManagement] INFO  server.RaftServer$Division (ServerState.java:<init>(113)) - deb5d253-51cb-42bf-a345-825603079b10@group-993DCF1EDE54: ConfigurationManager, init=-1: peers:[deb5d253-51cb-42bf-a345-825603079b10|10.1.0.29:15353, aca6fe57-e7fe-4059-8fc7-aad793183b33|10.1.0.29:15335, e7233910-62be-434d-8b50-630853f02a3c|10.1.0.29:15344]|listeners:[], old=null, confs=<EMPTY_MAP>
2024-03-05 10:11:21,767 [deb5d253-51cb-42bf-a345-825603079b10-groupManagement] INFO  server.RaftServerConfigKeys (ConfUtils.java:logGet(46)) - raft.server.notification.no-leader.timeout = 300000ms (custom)
2024-03-05 10:11:21,767 [deb5d253-51cb-42bf-a345-825603079b10-groupManagement] INFO  server.RaftServerConfigKeys (ConfUtils.java:logGet(46)) - raft.server.read.timeout = 10s (default)
2024-03-05 10:11:21,767 [deb5d253-51cb-42bf-a345-825603079b10-groupManagement] INFO  server.RaftServerConfigKeys (ConfUtils.java:logGet(46)) - raft.server.retrycache.expirytime = 600000ms (custom)
2024-03-05 10:11:21,767 [deb5d253-51cb-42bf-a345-825603079b10-groupManagement] INFO  server.RaftServerConfigKeys (ConfUtils.java:logGet(46)) - raft.server.retrycache.statistics.expirytime = 100ms (default)
2024-03-05 10:11:21,767 [deb5d253-51cb-42bf-a345-825603079b10-groupManagement] INFO  server.RaftServerConfigKeys (ConfUtils.java:logGet(46)) - raft.server.read.option = DEFAULT (default)
2024-03-05 10:11:21,767 [deb5d253-51cb-42bf-a345-825603079b10-groupManagement] INFO  server.RaftServerConfigKeys (ConfUtils.java:logGet(46)) - raft.server.read.read-after-write-consistent.write-index-cache.expiry-time = 60s (default)
2024-03-05 10:11:21,769 [deb5d253-51cb-42bf-a345-825603079b10-groupManagement] INFO  server.RaftServerConfigKeys (ConfUtils.java:logGet(46)) - raft.server.rpc.request.timeout = 3000ms (default)
2024-03-05 10:11:21,769 [deb5d253-51cb-42bf-a345-825603079b10-groupManagement] INFO  server.RaftServerConfigKeys (ConfUtils.java:logGet(46)) - raft.server.log.appender.install.snapshot.enabled = false (custom)
2024-03-05 10:11:21,769 [deb5d253-51cb-42bf-a345-825603079b10-groupManagement] INFO  server.RaftServerConfigKeys (ConfUtils.java:logGet(46)) - raft.server.threadpool.server.cached = true (default)
2024-03-05 10:11:21,769 [deb5d253-51cb-42bf-a345-825603079b10-groupManagement] INFO  server.RaftServerConfigKeys (ConfUtils.java:logGet(46)) - raft.server.threadpool.server.size = 0 (default)
2024-03-05 10:11:21,770 [deb5d253-51cb-42bf-a345-825603079b10-groupManagement] INFO  server.RaftServerConfigKeys (ConfUtils.java:logGet(46)) - raft.server.threadpool.client.cached = true (default)
2024-03-05 10:11:21,770 [deb5d253-51cb-42bf-a345-825603079b10-groupManagement] INFO  server.RaftServerConfigKeys (ConfUtils.java:logGet(46)) - raft.server.threadpool.client.size = 0 (default)
2024-03-05 10:11:21,770 [deb5d253-51cb-42bf-a345-825603079b10-groupManagement] INFO  server.RaftServerConfigKeys (ConfUtils.java:logGet(46)) - raft.server.storage.free-space.min = 0MB (=0) (default)
2024-03-05 10:11:21,770 [deb5d253-51cb-42bf-a345-825603079b10-groupManagement] INFO  server.RaftServerConfigKeys (ConfUtils.java:logGet(46)) - raft.server.log.corruption.policy = EXCEPTION (default)
2024-03-05 10:11:21,770 [deb5d253-51cb-42bf-a345-825603079b10-groupManagement] INFO  server.RaftServerConfigKeys (ConfUtils.java:logGet(46)) - raft.server.storage.dir = [/home/runner/work/ozone/ozone/hadoop-ozone/integration-test/target/test-dir/MiniOzoneClusterImpl-58322414-df67-4d64-942a-a0d9644003f2/ozone-meta/datanode-9/ratis] (custom)
2024-03-05 10:11:21,770 [deb5d253-51cb-42bf-a345-825603079b10-groupManagement] INFO  storage.RaftStorageDirectory (RaftStorageDirectoryImpl.java:analyzeStorage(138)) - The storage directory /home/runner/work/ozone/ozone/hadoop-ozone/integration-test/target/test-dir/MiniOzoneClusterImpl-58322414-df67-4d64-942a-a0d9644003f2/ozone-meta/datanode-9/ratis/b1db25c2-65ad-4f77-bb39-993dcf1ede54 does not exist. Creating ...
2024-03-05 10:11:21,771 [deb5d253-51cb-42bf-a345-825603079b10-groupManagement] INFO  storage.RaftStorageDirectory (RaftStorageDirectoryImpl.java:tryLock(228)) - Lock on /home/runner/work/ozone/ozone/hadoop-ozone/integration-test/target/test-dir/MiniOzoneClusterImpl-58322414-df67-4d64-942a-a0d9644003f2/ozone-meta/datanode-9/ratis/b1db25c2-65ad-4f77-bb39-993dcf1ede54/in_use.lock acquired by nodename 65937@fv-az1018-62
2024-03-05 10:11:21,772 [deb5d253-51cb-42bf-a345-825603079b10-groupManagement] INFO  storage.RaftStorage (RaftStorageImpl.java:format(99)) - Storage directory /home/runner/work/ozone/ozone/hadoop-ozone/integration-test/target/test-dir/MiniOzoneClusterImpl-58322414-df67-4d64-942a-a0d9644003f2/ozone-meta/datanode-9/ratis/b1db25c2-65ad-4f77-bb39-993dcf1ede54 has been successfully formatted.
2024-03-05 10:11:21,772 [deb5d253-51cb-42bf-a345-825603079b10-groupManagement] WARN  util.FileUtils (LogUtils.java:supplyAndLog(63)) - Failed to Files.newInputStream /home/runner/work/ozone/ozone/hadoop-ozone/integration-test/target/test-dir/MiniOzoneClusterImpl-58322414-df67-4d64-942a-a0d9644003f2/ozone-meta/datanode-9/ratis/b1db25c2-65ad-4f77-bb39-993dcf1ede54/current/raft-meta.conf with options []: java.nio.file.NoSuchFileException: /home/runner/work/ozone/ozone/hadoop-ozone/integration-test/target/test-dir/MiniOzoneClusterImpl-58322414-df67-4d64-942a-a0d9644003f2/ozone-meta/datanode-9/ratis/b1db25c2-65ad-4f77-bb39-993dcf1ede54/current/raft-meta.conf
2024-03-05 10:11:21,773 [deb5d253-51cb-42bf-a345-825603079b10-groupManagement] INFO  ratis.ContainerStateMachine (ContainerStateMachine.java:loadSnapshot(287)) - group-993DCF1EDE54: The snapshot info is null. Setting the last applied index to:(t:0, i:~)
2024-03-05 10:11:21,773 [deb5d253-51cb-42bf-a345-825603079b10-groupManagement] INFO  server.RaftServerConfigKeys (ConfUtils.java:logGet(46)) - raft.server.log.use.memory = false (default)
2024-03-05 10:11:21,774 [deb5d253-51cb-42bf-a345-825603079b10-groupManagement] INFO  server.RaftServerConfigKeys (ConfUtils.java:logGet(46)) - raft.server.log.purge.gap = 1000000 (custom)
2024-03-05 10:11:21,774 [deb5d253-51cb-42bf-a345-825603079b10-groupManagement] INFO  server.RaftServerConfigKeys (ConfUtils.java:logGet(46)) - raft.server.log.appender.buffer.byte-limit = 8388608 (custom)
2024-03-05 10:11:21,774 [deb5d253-51cb-42bf-a345-825603079b10-groupManagement] INFO  server.RaftServerConfigKeys (ConfUtils.java:logGet(46)) - raft.server.log.statemachine.data.read.timeout = 1000ms (default)
2024-03-05 10:11:21,774 [deb5d253-51cb-42bf-a345-825603079b10-groupManagement] INFO  server.RaftServerConfigKeys (ConfUtils.java:logGet(46)) - raft.server.log.purge.preservation.log.num = 0 (default)
2024-03-05 10:11:21,775 [deb5d253-51cb-42bf-a345-825603079b10-groupManagement] INFO  server.RaftServerConfigKeys (ConfUtils.java:logGet(46)) - raft.server.log.segment.size.max = 67108864 (custom)
2024-03-05 10:11:21,776 [deb5d253-51cb-42bf-a345-825603079b10-groupManagement] INFO  server.RaftServerConfigKeys (ConfUtils.java:logGet(46)) - raft.server.log.segment.cache.num.max = 2 (custom)
2024-03-05 10:11:21,776 [deb5d253-51cb-42bf-a345-825603079b10-groupManagement] INFO  server.RaftServerConfigKeys (ConfUtils.java:logGet(46)) - raft.server.log.segment.cache.size.max = 200MB (=209715200) (default)
2024-03-05 10:11:21,776 [deb5d253-51cb-42bf-a345-825603079b10-groupManagement] INFO  server.RaftServerConfigKeys (ConfUtils.java:logGet(46)) - raft.server.log.appender.buffer.byte-limit = 8388608 (custom)
2024-03-05 10:11:21,776 [deb5d253-51cb-42bf-a345-825603079b10-groupManagement] INFO  util.AwaitToRun (AwaitToRun.java:start(81)) - Thread[deb5d253-51cb-42bf-a345-825603079b10@group-993DCF1EDE54-cacheEviction-AwaitToRun,5,main] started
2024-03-05 10:11:21,776 [deb5d253-51cb-42bf-a345-825603079b10-groupManagement] INFO  segmented.SegmentedRaftLogWorker (SegmentedRaftLogWorker.java:<init>(182)) - new deb5d253-51cb-42bf-a345-825603079b10@group-993DCF1EDE54-SegmentedRaftLogWorker for RaftStorageImpl:Storage Directory /home/runner/work/ozone/ozone/hadoop-ozone/integration-test/target/test-dir/MiniOzoneClusterImpl-58322414-df67-4d64-942a-a0d9644003f2/ozone-meta/datanode-9/ratis/b1db25c2-65ad-4f77-bb39-993dcf1ede54
2024-03-05 10:11:21,776 [deb5d253-51cb-42bf-a345-825603079b10-groupManagement] INFO  server.RaftServerConfigKeys (ConfUtils.java:logGet(46)) - raft.server.log.queue.byte-limit = 4294967296 (custom)
2024-03-05 10:11:21,776 [deb5d253-51cb-42bf-a345-825603079b10-groupManagement] INFO  server.RaftServerConfigKeys (ConfUtils.java:logGet(46)) - raft.server.log.queue.element-limit = 1024 (custom)
2024-03-05 10:11:21,776 [deb5d253-51cb-42bf-a345-825603079b10-groupManagement] INFO  server.RaftServerConfigKeys (ConfUtils.java:logGet(46)) - raft.server.log.segment.size.max = 67108864 (custom)
2024-03-05 10:11:21,776 [deb5d253-51cb-42bf-a345-825603079b10-groupManagement] INFO  server.RaftServerConfigKeys (ConfUtils.java:logGet(46)) - raft.server.log.preallocated.size = 4194304 (custom)
2024-03-05 10:11:21,776 [deb5d253-51cb-42bf-a345-825603079b10-groupManagement] INFO  server.RaftServerConfigKeys (ConfUtils.java:logGet(46)) - raft.server.log.force.sync.num = 128 (default)
2024-03-05 10:11:21,777 [deb5d253-51cb-42bf-a345-825603079b10-groupManagement] INFO  server.RaftServerConfigKeys (ConfUtils.java:logGet(46)) - raft.server.log.statemachine.data.sync = true (default)
2024-03-05 10:11:21,777 [deb5d253-51cb-42bf-a345-825603079b10-groupManagement] INFO  server.RaftServerConfigKeys (ConfUtils.java:logGet(46)) - raft.server.log.statemachine.data.sync.timeout = 10s (default)
2024-03-05 10:11:21,777 [deb5d253-51cb-42bf-a345-825603079b10-groupManagement] INFO  server.RaftServerConfigKeys (ConfUtils.java:logGet(46)) - raft.server.log.statemachine.data.sync.timeout.retry = 0 (custom)
2024-03-05 10:11:21,777 [deb5d253-51cb-42bf-a345-825603079b10-groupManagement] INFO  server.RaftServerConfigKeys (ConfUtils.java:logGet(46)) - raft.server.log.write.buffer.size = 8388616 (custom)
2024-03-05 10:11:21,778 [deb5d253-51cb-42bf-a345-825603079b10-groupManagement] INFO  server.RaftServerConfigKeys (ConfUtils.java:logGet(46)) - raft.server.log.appender.buffer.byte-limit = 8388608 (custom)
2024-03-05 10:11:21,778 [deb5d253-51cb-42bf-a345-825603079b10-groupManagement] INFO  server.RaftServerConfigKeys (ConfUtils.java:logGet(46)) - raft.server.log.unsafe-flush.enabled = false (default)
2024-03-05 10:11:21,778 [deb5d253-51cb-42bf-a345-825603079b10-groupManagement] INFO  server.RaftServerConfigKeys (ConfUtils.java:logGet(46)) - raft.server.log.async-flush.enabled = false (default)
2024-03-05 10:11:21,778 [deb5d253-51cb-42bf-a345-825603079b10-groupManagement] INFO  server.RaftServerConfigKeys (ConfUtils.java:logGet(46)) - raft.server.log.statemachine.data.caching.enabled = true (custom)
2024-03-05 10:11:21,778 [deb5d253-51cb-42bf-a345-825603079b10-groupManagement] INFO  segmented.SegmentedRaftLogWorker (SegmentedRaftLogWorker.java:lambda$new$0(134)) - deb5d253-51cb-42bf-a345-825603079b10@group-993DCF1EDE54-SegmentedRaftLogWorker: flushIndex: setUnconditionally 0 -> -1
2024-03-05 10:11:21,778 [deb5d253-51cb-42bf-a345-825603079b10-groupManagement] INFO  segmented.SegmentedRaftLogWorker (SegmentedRaftLogWorker.java:lambda$new$0(134)) - deb5d253-51cb-42bf-a345-825603079b10@group-993DCF1EDE54-SegmentedRaftLogWorker: safeCacheEvictIndex: setUnconditionally 0 -> -1
2024-03-05 10:11:21,779 [deb5d253-51cb-42bf-a345-825603079b10-groupManagement] INFO  server.RaftServer$Division (RaftServerImpl.java:start(396)) - deb5d253-51cb-42bf-a345-825603079b10@group-993DCF1EDE54: start as a follower, conf=-1: peers:[deb5d253-51cb-42bf-a345-825603079b10|10.1.0.29:15353, aca6fe57-e7fe-4059-8fc7-aad793183b33|10.1.0.29:15335, e7233910-62be-434d-8b50-630853f02a3c|10.1.0.29:15344]|listeners:[], old=null
2024-03-05 10:11:21,779 [deb5d253-51cb-42bf-a345-825603079b10-groupManagement] INFO  server.RaftServer$Division (RaftServerImpl.java:setRole(383)) - deb5d253-51cb-42bf-a345-825603079b10@group-993DCF1EDE54: changes role from      null to FOLLOWER at term 0 for startAsFollower
2024-03-05 10:11:21,779 [deb5d253-51cb-42bf-a345-825603079b10-groupManagement] INFO  impl.RoleInfo (RoleInfo.java:updateAndGet(139)) - deb5d253-51cb-42bf-a345-825603079b10: start deb5d253-51cb-42bf-a345-825603079b10@group-993DCF1EDE54-FollowerState
2024-03-05 10:11:21,779 [deb5d253-51cb-42bf-a345-825603079b10@group-993DCF1EDE54-FollowerState] INFO  server.RaftServerConfigKeys (ConfUtils.java:logFallback(53)) - raft.server.rpc.first-election.timeout.min = 5s (fallback to raft.server.rpc.timeout.min)
2024-03-05 10:11:21,779 [deb5d253-51cb-42bf-a345-825603079b10@group-993DCF1EDE54-FollowerState] INFO  server.RaftServerConfigKeys (ConfUtils.java:logFallback(53)) - raft.server.rpc.first-election.timeout.max = 5200ms (fallback to raft.server.rpc.timeout.max)
2024-03-05 10:11:21,779 [deb5d253-51cb-42bf-a345-825603079b10-groupManagement] INFO  util.JmxRegister (JmxRegister.java:tryRegister(44)) - Successfully registered JMX Bean with object name Ratis:service=RaftServer,group=group-993DCF1EDE54,id=deb5d253-51cb-42bf-a345-825603079b10
2024-03-05 10:11:21,779 [deb5d253-51cb-42bf-a345-825603079b10-groupManagement] INFO  server.RaftServerConfigKeys (ConfUtils.java:logGet(46)) - raft.server.snapshot.trigger-when-stop.enabled = true (default)
2024-03-05 10:11:21,779 [deb5d253-51cb-42bf-a345-825603079b10-groupManagement] INFO  server.RaftServerConfigKeys (ConfUtils.java:logGet(46)) - raft.server.snapshot.auto.trigger.enabled = true (custom)
2024-03-05 10:11:21,779 [deb5d253-51cb-42bf-a345-825603079b10-groupManagement] INFO  server.RaftServerConfigKeys (ConfUtils.java:logGet(46)) - raft.server.snapshot.auto.trigger.threshold = 10000 (custom)
2024-03-05 10:11:21,779 [deb5d253-51cb-42bf-a345-825603079b10-groupManagement] INFO  server.RaftServerConfigKeys (ConfUtils.java:logGet(46)) - raft.server.snapshot.retention.file.num = 5 (custom)
2024-03-05 10:11:21,779 [deb5d253-51cb-42bf-a345-825603079b10-groupManagement] INFO  server.RaftServerConfigKeys (ConfUtils.java:logGet(46)) - raft.server.log.purge.upto.snapshot.index = false (default)
2024-03-05 10:11:21,787 [grpc-default-executor-0] INFO  server.RaftServer (RaftServerProxy.java:addNew(100)) - e7233910-62be-434d-8b50-630853f02a3c: addNew group-993DCF1EDE54:[deb5d253-51cb-42bf-a345-825603079b10|10.1.0.29:15353, aca6fe57-e7fe-4059-8fc7-aad793183b33|10.1.0.29:15335, e7233910-62be-434d-8b50-630853f02a3c|10.1.0.29:15344] returns group-993DCF1EDE54:java.util.concurrent.CompletableFuture@257863df[Not completed]
2024-03-05 10:11:21,787 [e7233910-62be-434d-8b50-630853f02a3c-groupManagement] INFO  server.RaftServer$Division (RaftServerImpl.java:<init>(256)) - e7233910-62be-434d-8b50-630853f02a3c: new RaftServerImpl for group-993DCF1EDE54:[deb5d253-51cb-42bf-a345-825603079b10|10.1.0.29:15353, aca6fe57-e7fe-4059-8fc7-aad793183b33|10.1.0.29:15335, e7233910-62be-434d-8b50-630853f02a3c|10.1.0.29:15344] with ContainerStateMachine:uninitialized
2024-03-05 10:11:21,787 [e7233910-62be-434d-8b50-630853f02a3c-groupManagement] INFO  server.RaftServerConfigKeys (ConfUtils.java:logGet(46)) - raft.server.rpc.timeout.min = 5s (custom)
2024-03-05 10:11:21,787 [e7233910-62be-434d-8b50-630853f02a3c-groupManagement] INFO  server.RaftServerConfigKeys (ConfUtils.java:logGet(46)) - raft.server.rpc.timeout.max = 5200ms (custom)
2024-03-05 10:11:21,787 [e7233910-62be-434d-8b50-630853f02a3c-groupManagement] INFO  server.RaftServerConfigKeys (ConfUtils.java:logGet(46)) - raft.server.rpc.sleep.time = 25ms (default)
2024-03-05 10:11:21,787 [e7233910-62be-434d-8b50-630853f02a3c-groupManagement] INFO  server.RaftServerConfigKeys (ConfUtils.java:logGet(46)) - raft.server.rpc.slowness.timeout = 300000ms (custom)
2024-03-05 10:11:21,787 [e7233910-62be-434d-8b50-630853f02a3c-groupManagement] INFO  server.RaftServerConfigKeys (ConfUtils.java:logGet(46)) - raft.server.leaderelection.leader.step-down.wait-time = 10s (default)
2024-03-05 10:11:21,787 [e7233910-62be-434d-8b50-630853f02a3c-groupManagement] INFO  server.RaftServerConfigKeys (ConfUtils.java:logGet(46)) - raft.server.leaderelection.member.majority-add = false (default)
2024-03-05 10:11:21,788 [e7233910-62be-434d-8b50-630853f02a3c-groupManagement] INFO  server.RaftServerConfigKeys (ConfUtils.java:logGet(46)) - raft.server.sleep.deviation.threshold = 300ms (default)
2024-03-05 10:11:21,788 [e7233910-62be-434d-8b50-630853f02a3c-groupManagement] INFO  server.RaftServer$Division (ServerState.java:<init>(113)) - e7233910-62be-434d-8b50-630853f02a3c@group-993DCF1EDE54: ConfigurationManager, init=-1: peers:[deb5d253-51cb-42bf-a345-825603079b10|10.1.0.29:15353, aca6fe57-e7fe-4059-8fc7-aad793183b33|10.1.0.29:15335, e7233910-62be-434d-8b50-630853f02a3c|10.1.0.29:15344]|listeners:[], old=null, confs=<EMPTY_MAP>
2024-03-05 10:11:21,788 [e7233910-62be-434d-8b50-630853f02a3c-groupManagement] INFO  server.RaftServerConfigKeys (ConfUtils.java:logGet(46)) - raft.server.notification.no-leader.timeout = 300000ms (custom)
2024-03-05 10:11:21,788 [e7233910-62be-434d-8b50-630853f02a3c-groupManagement] INFO  server.RaftServerConfigKeys (ConfUtils.java:logGet(46)) - raft.server.read.timeout = 10s (default)
2024-03-05 10:11:21,788 [e7233910-62be-434d-8b50-630853f02a3c-groupManagement] INFO  server.RaftServerConfigKeys (ConfUtils.java:logGet(46)) - raft.server.retrycache.expirytime = 600000ms (custom)
2024-03-05 10:11:21,788 [e7233910-62be-434d-8b50-630853f02a3c-groupManagement] INFO  server.RaftServerConfigKeys (ConfUtils.java:logGet(46)) - raft.server.retrycache.statistics.expirytime = 100ms (default)
2024-03-05 10:11:21,788 [e7233910-62be-434d-8b50-630853f02a3c-groupManagement] INFO  server.RaftServerConfigKeys (ConfUtils.java:logGet(46)) - raft.server.read.option = DEFAULT (default)
2024-03-05 10:11:21,788 [e7233910-62be-434d-8b50-630853f02a3c-groupManagement] INFO  server.RaftServerConfigKeys (ConfUtils.java:logGet(46)) - raft.server.read.read-after-write-consistent.write-index-cache.expiry-time = 60s (default)
2024-03-05 10:11:21,790 [e7233910-62be-434d-8b50-630853f02a3c-groupManagement] INFO  server.RaftServerConfigKeys (ConfUtils.java:logGet(46)) - raft.server.rpc.request.timeout = 3000ms (default)
2024-03-05 10:11:21,790 [e7233910-62be-434d-8b50-630853f02a3c-groupManagement] INFO  server.RaftServerConfigKeys (ConfUtils.java:logGet(46)) - raft.server.log.appender.install.snapshot.enabled = false (custom)
2024-03-05 10:11:21,790 [e7233910-62be-434d-8b50-630853f02a3c-groupManagement] INFO  server.RaftServerConfigKeys (ConfUtils.java:logGet(46)) - raft.server.threadpool.server.cached = true (default)
2024-03-05 10:11:21,790 [e7233910-62be-434d-8b50-630853f02a3c-groupManagement] INFO  server.RaftServerConfigKeys (ConfUtils.java:logGet(46)) - raft.server.threadpool.server.size = 0 (default)
2024-03-05 10:11:21,790 [e7233910-62be-434d-8b50-630853f02a3c-groupManagement] INFO  server.RaftServerConfigKeys (ConfUtils.java:logGet(46)) - raft.server.threadpool.client.cached = true (default)
2024-03-05 10:11:21,790 [e7233910-62be-434d-8b50-630853f02a3c-groupManagement] INFO  server.RaftServerConfigKeys (ConfUtils.java:logGet(46)) - raft.server.threadpool.client.size = 0 (default)
2024-03-05 10:11:21,790 [e7233910-62be-434d-8b50-630853f02a3c-groupManagement] INFO  server.RaftServerConfigKeys (ConfUtils.java:logGet(46)) - raft.server.storage.free-space.min = 0MB (=0) (default)
2024-03-05 10:11:21,790 [e7233910-62be-434d-8b50-630853f02a3c-groupManagement] INFO  server.RaftServerConfigKeys (ConfUtils.java:logGet(46)) - raft.server.log.corruption.policy = EXCEPTION (default)
2024-03-05 10:11:21,790 [e7233910-62be-434d-8b50-630853f02a3c-groupManagement] INFO  server.RaftServerConfigKeys (ConfUtils.java:logGet(46)) - raft.server.storage.dir = [/home/runner/work/ozone/ozone/hadoop-ozone/integration-test/target/test-dir/MiniOzoneClusterImpl-58322414-df67-4d64-942a-a0d9644003f2/ozone-meta/datanode-8/ratis] (custom)
2024-03-05 10:11:21,791 [e7233910-62be-434d-8b50-630853f02a3c-groupManagement] INFO  storage.RaftStorageDirectory (RaftStorageDirectoryImpl.java:analyzeStorage(138)) - The storage directory /home/runner/work/ozone/ozone/hadoop-ozone/integration-test/target/test-dir/MiniOzoneClusterImpl-58322414-df67-4d64-942a-a0d9644003f2/ozone-meta/datanode-8/ratis/b1db25c2-65ad-4f77-bb39-993dcf1ede54 does not exist. Creating ...
2024-03-05 10:11:21,792 [e7233910-62be-434d-8b50-630853f02a3c-groupManagement] INFO  storage.RaftStorageDirectory (RaftStorageDirectoryImpl.java:tryLock(228)) - Lock on /home/runner/work/ozone/ozone/hadoop-ozone/integration-test/target/test-dir/MiniOzoneClusterImpl-58322414-df67-4d64-942a-a0d9644003f2/ozone-meta/datanode-8/ratis/b1db25c2-65ad-4f77-bb39-993dcf1ede54/in_use.lock acquired by nodename 65937@fv-az1018-62
2024-03-05 10:11:21,793 [e7233910-62be-434d-8b50-630853f02a3c-groupManagement] INFO  storage.RaftStorage (RaftStorageImpl.java:format(99)) - Storage directory /home/runner/work/ozone/ozone/hadoop-ozone/integration-test/target/test-dir/MiniOzoneClusterImpl-58322414-df67-4d64-942a-a0d9644003f2/ozone-meta/datanode-8/ratis/b1db25c2-65ad-4f77-bb39-993dcf1ede54 has been successfully formatted.
2024-03-05 10:11:21,793 [e7233910-62be-434d-8b50-630853f02a3c-groupManagement] WARN  util.FileUtils (LogUtils.java:supplyAndLog(63)) - Failed to Files.newInputStream /home/runner/work/ozone/ozone/hadoop-ozone/integration-test/target/test-dir/MiniOzoneClusterImpl-58322414-df67-4d64-942a-a0d9644003f2/ozone-meta/datanode-8/ratis/b1db25c2-65ad-4f77-bb39-993dcf1ede54/current/raft-meta.conf with options []: java.nio.file.NoSuchFileException: /home/runner/work/ozone/ozone/hadoop-ozone/integration-test/target/test-dir/MiniOzoneClusterImpl-58322414-df67-4d64-942a-a0d9644003f2/ozone-meta/datanode-8/ratis/b1db25c2-65ad-4f77-bb39-993dcf1ede54/current/raft-meta.conf
2024-03-05 10:11:21,794 [e7233910-62be-434d-8b50-630853f02a3c-groupManagement] INFO  ratis.ContainerStateMachine (ContainerStateMachine.java:loadSnapshot(287)) - group-993DCF1EDE54: The snapshot info is null. Setting the last applied index to:(t:0, i:~)
2024-03-05 10:11:21,795 [e7233910-62be-434d-8b50-630853f02a3c-groupManagement] INFO  server.RaftServerConfigKeys (ConfUtils.java:logGet(46)) - raft.server.log.use.memory = false (default)
2024-03-05 10:11:21,795 [e7233910-62be-434d-8b50-630853f02a3c-groupManagement] INFO  server.RaftServerConfigKeys (ConfUtils.java:logGet(46)) - raft.server.log.purge.gap = 1000000 (custom)
2024-03-05 10:11:21,795 [e7233910-62be-434d-8b50-630853f02a3c-groupManagement] INFO  server.RaftServerConfigKeys (ConfUtils.java:logGet(46)) - raft.server.log.appender.buffer.byte-limit = 8388608 (custom)
2024-03-05 10:11:21,795 [e7233910-62be-434d-8b50-630853f02a3c-groupManagement] INFO  server.RaftServerConfigKeys (ConfUtils.java:logGet(46)) - raft.server.log.statemachine.data.read.timeout = 1000ms (default)
2024-03-05 10:11:21,795 [e7233910-62be-434d-8b50-630853f02a3c-groupManagement] INFO  server.RaftServerConfigKeys (ConfUtils.java:logGet(46)) - raft.server.log.purge.preservation.log.num = 0 (default)
2024-03-05 10:11:21,796 [e7233910-62be-434d-8b50-630853f02a3c-groupManagement] INFO  server.RaftServerConfigKeys (ConfUtils.java:logGet(46)) - raft.server.log.segment.size.max = 67108864 (custom)
2024-03-05 10:11:21,796 [e7233910-62be-434d-8b50-630853f02a3c-groupManagement] INFO  server.RaftServerConfigKeys (ConfUtils.java:logGet(46)) - raft.server.log.segment.cache.num.max = 2 (custom)
2024-03-05 10:11:21,796 [e7233910-62be-434d-8b50-630853f02a3c-groupManagement] INFO  server.RaftServerConfigKeys (ConfUtils.java:logGet(46)) - raft.server.log.segment.cache.size.max = 200MB (=209715200) (default)
2024-03-05 10:11:21,796 [e7233910-62be-434d-8b50-630853f02a3c-groupManagement] INFO  server.RaftServerConfigKeys (ConfUtils.java:logGet(46)) - raft.server.log.appender.buffer.byte-limit = 8388608 (custom)
2024-03-05 10:11:21,796 [e7233910-62be-434d-8b50-630853f02a3c-groupManagement] INFO  util.AwaitToRun (AwaitToRun.java:start(81)) - Thread[e7233910-62be-434d-8b50-630853f02a3c@group-993DCF1EDE54-cacheEviction-AwaitToRun,5,main] started
2024-03-05 10:11:21,796 [e7233910-62be-434d-8b50-630853f02a3c-groupManagement] INFO  segmented.SegmentedRaftLogWorker (SegmentedRaftLogWorker.java:<init>(182)) - new e7233910-62be-434d-8b50-630853f02a3c@group-993DCF1EDE54-SegmentedRaftLogWorker for RaftStorageImpl:Storage Directory /home/runner/work/ozone/ozone/hadoop-ozone/integration-test/target/test-dir/MiniOzoneClusterImpl-58322414-df67-4d64-942a-a0d9644003f2/ozone-meta/datanode-8/ratis/b1db25c2-65ad-4f77-bb39-993dcf1ede54
2024-03-05 10:11:21,796 [e7233910-62be-434d-8b50-630853f02a3c-groupManagement] INFO  server.RaftServerConfigKeys (ConfUtils.java:logGet(46)) - raft.server.log.queue.byte-limit = 4294967296 (custom)
2024-03-05 10:11:21,797 [e7233910-62be-434d-8b50-630853f02a3c-groupManagement] INFO  server.RaftServerConfigKeys (ConfUtils.java:logGet(46)) - raft.server.log.queue.element-limit = 1024 (custom)
2024-03-05 10:11:21,797 [e7233910-62be-434d-8b50-630853f02a3c-groupManagement] INFO  server.RaftServerConfigKeys (ConfUtils.java:logGet(46)) - raft.server.log.segment.size.max = 67108864 (custom)
2024-03-05 10:11:21,797 [e7233910-62be-434d-8b50-630853f02a3c-groupManagement] INFO  server.RaftServerConfigKeys (ConfUtils.java:logGet(46)) - raft.server.log.preallocated.size = 4194304 (custom)
2024-03-05 10:11:21,797 [e7233910-62be-434d-8b50-630853f02a3c-groupManagement] INFO  server.RaftServerConfigKeys (ConfUtils.java:logGet(46)) - raft.server.log.force.sync.num = 128 (default)
2024-03-05 10:11:21,797 [e7233910-62be-434d-8b50-630853f02a3c-groupManagement] INFO  server.RaftServerConfigKeys (ConfUtils.java:logGet(46)) - raft.server.log.statemachine.data.sync = true (default)
2024-03-05 10:11:21,797 [e7233910-62be-434d-8b50-630853f02a3c-groupManagement] INFO  server.RaftServerConfigKeys (ConfUtils.java:logGet(46)) - raft.server.log.statemachine.data.sync.timeout = 10s (default)
2024-03-05 10:11:21,797 [e7233910-62be-434d-8b50-630853f02a3c-groupManagement] INFO  server.RaftServerConfigKeys (ConfUtils.java:logGet(46)) - raft.server.log.statemachine.data.sync.timeout.retry = 0 (custom)
2024-03-05 10:11:21,797 [e7233910-62be-434d-8b50-630853f02a3c-groupManagement] INFO  server.RaftServerConfigKeys (ConfUtils.java:logGet(46)) - raft.server.log.write.buffer.size = 8388616 (custom)
2024-03-05 10:11:21,799 [e7233910-62be-434d-8b50-630853f02a3c-groupManagement] INFO  server.RaftServerConfigKeys (ConfUtils.java:logGet(46)) - raft.server.log.appender.buffer.byte-limit = 8388608 (custom)
2024-03-05 10:11:21,799 [e7233910-62be-434d-8b50-630853f02a3c-groupManagement] INFO  server.RaftServerConfigKeys (ConfUtils.java:logGet(46)) - raft.server.log.unsafe-flush.enabled = false (default)
2024-03-05 10:11:21,799 [e7233910-62be-434d-8b50-630853f02a3c-groupManagement] INFO  server.RaftServerConfigKeys (ConfUtils.java:logGet(46)) - raft.server.log.async-flush.enabled = false (default)
2024-03-05 10:11:21,799 [e7233910-62be-434d-8b50-630853f02a3c-groupManagement] INFO  server.RaftServerConfigKeys (ConfUtils.java:logGet(46)) - raft.server.log.statemachine.data.caching.enabled = true (custom)
2024-03-05 10:11:21,799 [e7233910-62be-434d-8b50-630853f02a3c-groupManagement] INFO  segmented.SegmentedRaftLogWorker (SegmentedRaftLogWorker.java:lambda$new$0(134)) - e7233910-62be-434d-8b50-630853f02a3c@group-993DCF1EDE54-SegmentedRaftLogWorker: flushIndex: setUnconditionally 0 -> -1
2024-03-05 10:11:21,799 [e7233910-62be-434d-8b50-630853f02a3c-groupManagement] INFO  segmented.SegmentedRaftLogWorker (SegmentedRaftLogWorker.java:lambda$new$0(134)) - e7233910-62be-434d-8b50-630853f02a3c@group-993DCF1EDE54-SegmentedRaftLogWorker: safeCacheEvictIndex: setUnconditionally 0 -> -1
2024-03-05 10:11:21,800 [e7233910-62be-434d-8b50-630853f02a3c-groupManagement] INFO  server.RaftServer$Division (RaftServerImpl.java:start(396)) - e7233910-62be-434d-8b50-630853f02a3c@group-993DCF1EDE54: start as a follower, conf=-1: peers:[deb5d253-51cb-42bf-a345-825603079b10|10.1.0.29:15353, aca6fe57-e7fe-4059-8fc7-aad793183b33|10.1.0.29:15335, e7233910-62be-434d-8b50-630853f02a3c|10.1.0.29:15344]|listeners:[], old=null
2024-03-05 10:11:21,800 [e7233910-62be-434d-8b50-630853f02a3c-groupManagement] INFO  server.RaftServer$Division (RaftServerImpl.java:setRole(383)) - e7233910-62be-434d-8b50-630853f02a3c@group-993DCF1EDE54: changes role from      null to FOLLOWER at term 0 for startAsFollower
2024-03-05 10:11:21,800 [e7233910-62be-434d-8b50-630853f02a3c-groupManagement] INFO  impl.RoleInfo (RoleInfo.java:updateAndGet(139)) - e7233910-62be-434d-8b50-630853f02a3c: start e7233910-62be-434d-8b50-630853f02a3c@group-993DCF1EDE54-FollowerState
2024-03-05 10:11:21,802 [e7233910-62be-434d-8b50-630853f02a3c-groupManagement] INFO  util.JmxRegister (JmxRegister.java:tryRegister(44)) - Successfully registered JMX Bean with object name Ratis:service=RaftServer,group=group-993DCF1EDE54,id=e7233910-62be-434d-8b50-630853f02a3c
2024-03-05 10:11:21,802 [e7233910-62be-434d-8b50-630853f02a3c-groupManagement] INFO  server.RaftServerConfigKeys (ConfUtils.java:logGet(46)) - raft.server.snapshot.trigger-when-stop.enabled = true (default)
2024-03-05 10:11:21,802 [e7233910-62be-434d-8b50-630853f02a3c-groupManagement] INFO  server.RaftServerConfigKeys (ConfUtils.java:logGet(46)) - raft.server.snapshot.auto.trigger.enabled = true (custom)
2024-03-05 10:11:21,802 [e7233910-62be-434d-8b50-630853f02a3c-groupManagement] INFO  server.RaftServerConfigKeys (ConfUtils.java:logGet(46)) - raft.server.snapshot.auto.trigger.threshold = 10000 (custom)
2024-03-05 10:11:21,802 [e7233910-62be-434d-8b50-630853f02a3c-groupManagement] INFO  server.RaftServerConfigKeys (ConfUtils.java:logGet(46)) - raft.server.snapshot.retention.file.num = 5 (custom)
2024-03-05 10:11:21,802 [e7233910-62be-434d-8b50-630853f02a3c-groupManagement] INFO  server.RaftServerConfigKeys (ConfUtils.java:logGet(46)) - raft.server.log.purge.upto.snapshot.index = false (default)
2024-03-05 10:11:21,802 [e7233910-62be-434d-8b50-630853f02a3c@group-993DCF1EDE54-FollowerState] INFO  server.RaftServerConfigKeys (ConfUtils.java:logFallback(53)) - raft.server.rpc.first-election.timeout.min = 5s (fallback to raft.server.rpc.timeout.min)
2024-03-05 10:11:21,802 [e7233910-62be-434d-8b50-630853f02a3c@group-993DCF1EDE54-FollowerState] INFO  server.RaftServerConfigKeys (ConfUtils.java:logFallback(53)) - raft.server.rpc.first-election.timeout.max = 5200ms (fallback to raft.server.rpc.timeout.max)
2024-03-05 10:11:21,812 [aca6fe57-e7fe-4059-8fc7-aad793183b33-PipelineCommandHandlerThread-0] INFO  commandhandler.CreatePipelineCommandHandler (CreatePipelineCommandHandler.java:lambda$handle$2(124)) - Created Pipeline RATIS THREE PipelineID=b1db25c2-65ad-4f77-bb39-993dcf1ede54.
2024-03-05 10:11:21,832 [e7233910-62be-434d-8b50-630853f02a3c-PipelineCommandHandlerThread-0] INFO  server.RaftServer (RaftServerProxy.java:addNew(100)) - e7233910-62be-434d-8b50-630853f02a3c: addNew group-DE9E02C7B6FF:[e7233910-62be-434d-8b50-630853f02a3c|10.1.0.29:15344] returns group-DE9E02C7B6FF:java.util.concurrent.CompletableFuture@7ef73eb8[Not completed]
2024-03-05 10:11:21,833 [e7233910-62be-434d-8b50-630853f02a3c-groupManagement] INFO  server.RaftServer$Division (RaftServerImpl.java:<init>(256)) - e7233910-62be-434d-8b50-630853f02a3c: new RaftServerImpl for group-DE9E02C7B6FF:[e7233910-62be-434d-8b50-630853f02a3c|10.1.0.29:15344] with ContainerStateMachine:uninitialized
2024-03-05 10:11:21,833 [e7233910-62be-434d-8b50-630853f02a3c-groupManagement] INFO  server.RaftServerConfigKeys (ConfUtils.java:logGet(46)) - raft.server.rpc.timeout.min = 5s (custom)
2024-03-05 10:11:21,833 [e7233910-62be-434d-8b50-630853f02a3c-groupManagement] INFO  server.RaftServerConfigKeys (ConfUtils.java:logGet(46)) - raft.server.rpc.timeout.max = 5200ms (custom)
2024-03-05 10:11:21,833 [e7233910-62be-434d-8b50-630853f02a3c-groupManagement] INFO  server.RaftServerConfigKeys (ConfUtils.java:logGet(46)) - raft.server.rpc.sleep.time = 25ms (default)
2024-03-05 10:11:21,833 [e7233910-62be-434d-8b50-630853f02a3c-groupManagement] INFO  server.RaftServerConfigKeys (ConfUtils.java:logGet(46)) - raft.server.rpc.slowness.timeout = 300000ms (custom)
2024-03-05 10:11:21,833 [e7233910-62be-434d-8b50-630853f02a3c-groupManagement] INFO  server.RaftServerConfigKeys (ConfUtils.java:logGet(46)) - raft.server.leaderelection.leader.step-down.wait-time = 10s (default)
2024-03-05 10:11:21,833 [e7233910-62be-434d-8b50-630853f02a3c-groupManagement] INFO  server.RaftServerConfigKeys (ConfUtils.java:logGet(46)) - raft.server.leaderelection.member.majority-add = false (default)
2024-03-05 10:11:21,833 [e7233910-62be-434d-8b50-630853f02a3c-groupManagement] INFO  server.RaftServerConfigKeys (ConfUtils.java:logGet(46)) - raft.server.sleep.deviation.threshold = 300ms (default)
2024-03-05 10:11:21,833 [e7233910-62be-434d-8b50-630853f02a3c-groupManagement] INFO  server.RaftServer$Division (ServerState.java:<init>(113)) - e7233910-62be-434d-8b50-630853f02a3c@group-DE9E02C7B6FF: ConfigurationManager, init=-1: peers:[e7233910-62be-434d-8b50-630853f02a3c|10.1.0.29:15344]|listeners:[], old=null, confs=<EMPTY_MAP>
2024-03-05 10:11:21,833 [e7233910-62be-434d-8b50-630853f02a3c-groupManagement] INFO  server.RaftServerConfigKeys (ConfUtils.java:logGet(46)) - raft.server.notification.no-leader.timeout = 300000ms (custom)
2024-03-05 10:11:21,833 [e7233910-62be-434d-8b50-630853f02a3c-groupManagement] INFO  server.RaftServerConfigKeys (ConfUtils.java:logGet(46)) - raft.server.read.timeout = 10s (default)
2024-03-05 10:11:21,833 [e7233910-62be-434d-8b50-630853f02a3c-groupManagement] INFO  server.RaftServerConfigKeys (ConfUtils.java:logGet(46)) - raft.server.retrycache.expirytime = 600000ms (custom)
2024-03-05 10:11:21,833 [e7233910-62be-434d-8b50-630853f02a3c-groupManagement] INFO  server.RaftServerConfigKeys (ConfUtils.java:logGet(46)) - raft.server.retrycache.statistics.expirytime = 100ms (default)
2024-03-05 10:11:21,834 [e7233910-62be-434d-8b50-630853f02a3c-groupManagement] INFO  server.RaftServerConfigKeys (ConfUtils.java:logGet(46)) - raft.server.read.option = DEFAULT (default)
2024-03-05 10:11:21,834 [e7233910-62be-434d-8b50-630853f02a3c-groupManagement] INFO  server.RaftServerConfigKeys (ConfUtils.java:logGet(46)) - raft.server.read.read-after-write-consistent.write-index-cache.expiry-time = 60s (default)
2024-03-05 10:11:21,835 [e7233910-62be-434d-8b50-630853f02a3c-groupManagement] INFO  server.RaftServerConfigKeys (ConfUtils.java:logGet(46)) - raft.server.rpc.request.timeout = 3000ms (default)
2024-03-05 10:11:21,835 [e7233910-62be-434d-8b50-630853f02a3c-groupManagement] INFO  server.RaftServerConfigKeys (ConfUtils.java:logGet(46)) - raft.server.log.appender.install.snapshot.enabled = false (custom)
2024-03-05 10:11:21,835 [e7233910-62be-434d-8b50-630853f02a3c-groupManagement] INFO  server.RaftServerConfigKeys (ConfUtils.java:logGet(46)) - raft.server.threadpool.server.cached = true (default)
2024-03-05 10:11:21,835 [e7233910-62be-434d-8b50-630853f02a3c-groupManagement] INFO  server.RaftServerConfigKeys (ConfUtils.java:logGet(46)) - raft.server.threadpool.server.size = 0 (default)
2024-03-05 10:11:21,835 [e7233910-62be-434d-8b50-630853f02a3c-groupManagement] INFO  server.RaftServerConfigKeys (ConfUtils.java:logGet(46)) - raft.server.threadpool.client.cached = true (default)
2024-03-05 10:11:21,835 [e7233910-62be-434d-8b50-630853f02a3c-groupManagement] INFO  server.RaftServerConfigKeys (ConfUtils.java:logGet(46)) - raft.server.threadpool.client.size = 0 (default)
2024-03-05 10:11:21,836 [e7233910-62be-434d-8b50-630853f02a3c-groupManagement] INFO  server.RaftServerConfigKeys (ConfUtils.java:logGet(46)) - raft.server.storage.free-space.min = 0MB (=0) (default)
2024-03-05 10:11:21,836 [e7233910-62be-434d-8b50-630853f02a3c-groupManagement] INFO  server.RaftServerConfigKeys (ConfUtils.java:logGet(46)) - raft.server.log.corruption.policy = EXCEPTION (default)
2024-03-05 10:11:21,836 [e7233910-62be-434d-8b50-630853f02a3c-groupManagement] INFO  server.RaftServerConfigKeys (ConfUtils.java:logGet(46)) - raft.server.storage.dir = [/home/runner/work/ozone/ozone/hadoop-ozone/integration-test/target/test-dir/MiniOzoneClusterImpl-58322414-df67-4d64-942a-a0d9644003f2/ozone-meta/datanode-8/ratis] (custom)
2024-03-05 10:11:21,836 [e7233910-62be-434d-8b50-630853f02a3c-groupManagement] INFO  storage.RaftStorageDirectory (RaftStorageDirectoryImpl.java:analyzeStorage(138)) - The storage directory /home/runner/work/ozone/ozone/hadoop-ozone/integration-test/target/test-dir/MiniOzoneClusterImpl-58322414-df67-4d64-942a-a0d9644003f2/ozone-meta/datanode-8/ratis/4ae47a6d-4ba0-4668-ad67-de9e02c7b6ff does not exist. Creating ...
2024-03-05 10:11:21,837 [e7233910-62be-434d-8b50-630853f02a3c-groupManagement] INFO  storage.RaftStorageDirectory (RaftStorageDirectoryImpl.java:tryLock(228)) - Lock on /home/runner/work/ozone/ozone/hadoop-ozone/integration-test/target/test-dir/MiniOzoneClusterImpl-58322414-df67-4d64-942a-a0d9644003f2/ozone-meta/datanode-8/ratis/4ae47a6d-4ba0-4668-ad67-de9e02c7b6ff/in_use.lock acquired by nodename 65937@fv-az1018-62
2024-03-05 10:11:21,838 [e7233910-62be-434d-8b50-630853f02a3c-groupManagement] INFO  storage.RaftStorage (RaftStorageImpl.java:format(99)) - Storage directory /home/runner/work/ozone/ozone/hadoop-ozone/integration-test/target/test-dir/MiniOzoneClusterImpl-58322414-df67-4d64-942a-a0d9644003f2/ozone-meta/datanode-8/ratis/4ae47a6d-4ba0-4668-ad67-de9e02c7b6ff has been successfully formatted.
2024-03-05 10:11:21,838 [e7233910-62be-434d-8b50-630853f02a3c-groupManagement] WARN  util.FileUtils (LogUtils.java:supplyAndLog(63)) - Failed to Files.newInputStream /home/runner/work/ozone/ozone/hadoop-ozone/integration-test/target/test-dir/MiniOzoneClusterImpl-58322414-df67-4d64-942a-a0d9644003f2/ozone-meta/datanode-8/ratis/4ae47a6d-4ba0-4668-ad67-de9e02c7b6ff/current/raft-meta.conf with options []: java.nio.file.NoSuchFileException: /home/runner/work/ozone/ozone/hadoop-ozone/integration-test/target/test-dir/MiniOzoneClusterImpl-58322414-df67-4d64-942a-a0d9644003f2/ozone-meta/datanode-8/ratis/4ae47a6d-4ba0-4668-ad67-de9e02c7b6ff/current/raft-meta.conf
2024-03-05 10:11:21,839 [e7233910-62be-434d-8b50-630853f02a3c-groupManagement] INFO  ratis.ContainerStateMachine (ContainerStateMachine.java:loadSnapshot(287)) - group-DE9E02C7B6FF: The snapshot info is null. Setting the last applied index to:(t:0, i:~)
2024-03-05 10:11:21,839 [e7233910-62be-434d-8b50-630853f02a3c-groupManagement] INFO  server.RaftServerConfigKeys (ConfUtils.java:logGet(46)) - raft.server.log.use.memory = false (default)
2024-03-05 10:11:21,839 [e7233910-62be-434d-8b50-630853f02a3c-groupManagement] INFO  server.RaftServerConfigKeys (ConfUtils.java:logGet(46)) - raft.server.log.purge.gap = 1000000 (custom)
2024-03-05 10:11:21,839 [e7233910-62be-434d-8b50-630853f02a3c-groupManagement] INFO  server.RaftServerConfigKeys (ConfUtils.java:logGet(46)) - raft.server.log.appender.buffer.byte-limit = 8388608 (custom)
2024-03-05 10:11:21,839 [e7233910-62be-434d-8b50-630853f02a3c-groupManagement] INFO  server.RaftServerConfigKeys (ConfUtils.java:logGet(46)) - raft.server.log.statemachine.data.read.timeout = 1000ms (default)
2024-03-05 10:11:21,839 [e7233910-62be-434d-8b50-630853f02a3c-groupManagement] INFO  server.RaftServerConfigKeys (ConfUtils.java:logGet(46)) - raft.server.log.purge.preservation.log.num = 0 (default)
2024-03-05 10:11:21,840 [e7233910-62be-434d-8b50-630853f02a3c-groupManagement] INFO  server.RaftServerConfigKeys (ConfUtils.java:logGet(46)) - raft.server.log.segment.size.max = 67108864 (custom)
2024-03-05 10:11:21,840 [EventQueue-PipelineReportForPipelineReportHandler] INFO  pipeline.PipelineReportHandler (PipelineReportHandler.java:processPipelineReport(136)) - Opened pipeline PipelineID=4ae47a6d-4ba0-4668-ad67-de9e02c7b6ff
2024-03-05 10:11:21,840 [EventQueue-OpenPipelineForHealthyPipelineSafeModeRule] INFO  safemode.SCMSafeModeManager (HealthyPipelineSafeModeRule.java:process(140)) - SCM in safe mode. Healthy pipelines reported count is 0, required healthy pipeline reported count is 1
2024-03-05 10:11:21,840 [e7233910-62be-434d-8b50-630853f02a3c-groupManagement] INFO  server.RaftServerConfigKeys (ConfUtils.java:logGet(46)) - raft.server.log.segment.cache.num.max = 2 (custom)
2024-03-05 10:11:21,841 [e7233910-62be-434d-8b50-630853f02a3c-groupManagement] INFO  server.RaftServerConfigKeys (ConfUtils.java:logGet(46)) - raft.server.log.segment.cache.size.max = 200MB (=209715200) (default)
2024-03-05 10:11:21,841 [e7233910-62be-434d-8b50-630853f02a3c-groupManagement] INFO  server.RaftServerConfigKeys (ConfUtils.java:logGet(46)) - raft.server.log.appender.buffer.byte-limit = 8388608 (custom)
2024-03-05 10:11:21,841 [e7233910-62be-434d-8b50-630853f02a3c-groupManagement] INFO  util.AwaitToRun (AwaitToRun.java:start(81)) - Thread[e7233910-62be-434d-8b50-630853f02a3c@group-DE9E02C7B6FF-cacheEviction-AwaitToRun,5,main] started
2024-03-05 10:11:21,841 [e7233910-62be-434d-8b50-630853f02a3c-groupManagement] INFO  segmented.SegmentedRaftLogWorker (SegmentedRaftLogWorker.java:<init>(182)) - new e7233910-62be-434d-8b50-630853f02a3c@group-DE9E02C7B6FF-SegmentedRaftLogWorker for RaftStorageImpl:Storage Directory /home/runner/work/ozone/ozone/hadoop-ozone/integration-test/target/test-dir/MiniOzoneClusterImpl-58322414-df67-4d64-942a-a0d9644003f2/ozone-meta/datanode-8/ratis/4ae47a6d-4ba0-4668-ad67-de9e02c7b6ff
2024-03-05 10:11:21,841 [e7233910-62be-434d-8b50-630853f02a3c-groupManagement] INFO  server.RaftServerConfigKeys (ConfUtils.java:logGet(46)) - raft.server.log.queue.byte-limit = 4294967296 (custom)
2024-03-05 10:11:21,841 [e7233910-62be-434d-8b50-630853f02a3c-groupManagement] INFO  server.RaftServerConfigKeys (ConfUtils.java:logGet(46)) - raft.server.log.queue.element-limit = 1024 (custom)
2024-03-05 10:11:21,841 [e7233910-62be-434d-8b50-630853f02a3c-groupManagement] INFO  server.RaftServerConfigKeys (ConfUtils.java:logGet(46)) - raft.server.log.segment.size.max = 67108864 (custom)
2024-03-05 10:11:21,841 [e7233910-62be-434d-8b50-630853f02a3c-groupManagement] INFO  server.RaftServerConfigKeys (ConfUtils.java:logGet(46)) - raft.server.log.preallocated.size = 4194304 (custom)
2024-03-05 10:11:21,841 [e7233910-62be-434d-8b50-630853f02a3c-groupManagement] INFO  server.RaftServerConfigKeys (ConfUtils.java:logGet(46)) - raft.server.log.force.sync.num = 128 (default)
2024-03-05 10:11:21,841 [e7233910-62be-434d-8b50-630853f02a3c-groupManagement] INFO  server.RaftServerConfigKeys (ConfUtils.java:logGet(46)) - raft.server.log.statemachine.data.sync = true (default)
2024-03-05 10:11:21,841 [e7233910-62be-434d-8b50-630853f02a3c-groupManagement] INFO  server.RaftServerConfigKeys (ConfUtils.java:logGet(46)) - raft.server.log.statemachine.data.sync.timeout = 10s (default)
2024-03-05 10:11:21,841 [e7233910-62be-434d-8b50-630853f02a3c-groupManagement] INFO  server.RaftServerConfigKeys (ConfUtils.java:logGet(46)) - raft.server.log.statemachine.data.sync.timeout.retry = 0 (custom)
2024-03-05 10:11:21,842 [e7233910-62be-434d-8b50-630853f02a3c-groupManagement] INFO  server.RaftServerConfigKeys (ConfUtils.java:logGet(46)) - raft.server.log.write.buffer.size = 8388616 (custom)
2024-03-05 10:11:21,843 [e7233910-62be-434d-8b50-630853f02a3c-groupManagement] INFO  server.RaftServerConfigKeys (ConfUtils.java:logGet(46)) - raft.server.log.appender.buffer.byte-limit = 8388608 (custom)
2024-03-05 10:11:21,843 [e7233910-62be-434d-8b50-630853f02a3c-groupManagement] INFO  server.RaftServerConfigKeys (ConfUtils.java:logGet(46)) - raft.server.log.unsafe-flush.enabled = false (default)
2024-03-05 10:11:21,843 [e7233910-62be-434d-8b50-630853f02a3c-groupManagement] INFO  server.RaftServerConfigKeys (ConfUtils.java:logGet(46)) - raft.server.log.async-flush.enabled = false (default)
2024-03-05 10:11:21,843 [e7233910-62be-434d-8b50-630853f02a3c-groupManagement] INFO  server.RaftServerConfigKeys (ConfUtils.java:logGet(46)) - raft.server.log.statemachine.data.caching.enabled = true (custom)
2024-03-05 10:11:21,843 [e7233910-62be-434d-8b50-630853f02a3c-groupManagement] INFO  segmented.SegmentedRaftLogWorker (SegmentedRaftLogWorker.java:lambda$new$0(134)) - e7233910-62be-434d-8b50-630853f02a3c@group-DE9E02C7B6FF-SegmentedRaftLogWorker: flushIndex: setUnconditionally 0 -> -1
2024-03-05 10:11:21,844 [e7233910-62be-434d-8b50-630853f02a3c-groupManagement] INFO  segmented.SegmentedRaftLogWorker (SegmentedRaftLogWorker.java:lambda$new$0(134)) - e7233910-62be-434d-8b50-630853f02a3c@group-DE9E02C7B6FF-SegmentedRaftLogWorker: safeCacheEvictIndex: setUnconditionally 0 -> -1
2024-03-05 10:11:21,844 [e7233910-62be-434d-8b50-630853f02a3c-groupManagement] INFO  server.RaftServer$Division (RaftServerImpl.java:start(396)) - e7233910-62be-434d-8b50-630853f02a3c@group-DE9E02C7B6FF: start as a follower, conf=-1: peers:[e7233910-62be-434d-8b50-630853f02a3c|10.1.0.29:15344]|listeners:[], old=null
2024-03-05 10:11:21,844 [e7233910-62be-434d-8b50-630853f02a3c-groupManagement] INFO  server.RaftServer$Division (RaftServerImpl.java:setRole(383)) - e7233910-62be-434d-8b50-630853f02a3c@group-DE9E02C7B6FF: changes role from      null to FOLLOWER at term 0 for startAsFollower
2024-03-05 10:11:21,844 [e7233910-62be-434d-8b50-630853f02a3c-groupManagement] INFO  impl.RoleInfo (RoleInfo.java:updateAndGet(139)) - e7233910-62be-434d-8b50-630853f02a3c: start e7233910-62be-434d-8b50-630853f02a3c@group-DE9E02C7B6FF-FollowerState
2024-03-05 10:11:21,844 [e7233910-62be-434d-8b50-630853f02a3c@group-DE9E02C7B6FF-FollowerState] INFO  server.RaftServerConfigKeys (ConfUtils.java:logFallback(53)) - raft.server.rpc.first-election.timeout.min = 5s (fallback to raft.server.rpc.timeout.min)
2024-03-05 10:11:21,844 [e7233910-62be-434d-8b50-630853f02a3c-groupManagement] INFO  util.JmxRegister (JmxRegister.java:tryRegister(44)) - Successfully registered JMX Bean with object name Ratis:service=RaftServer,group=group-DE9E02C7B6FF,id=e7233910-62be-434d-8b50-630853f02a3c
2024-03-05 10:11:21,844 [e7233910-62be-434d-8b50-630853f02a3c@group-DE9E02C7B6FF-FollowerState] INFO  server.RaftServerConfigKeys (ConfUtils.java:logFallback(53)) - raft.server.rpc.first-election.timeout.max = 5200ms (fallback to raft.server.rpc.timeout.max)
2024-03-05 10:11:21,844 [e7233910-62be-434d-8b50-630853f02a3c-groupManagement] INFO  server.RaftServerConfigKeys (ConfUtils.java:logGet(46)) - raft.server.snapshot.trigger-when-stop.enabled = true (default)
2024-03-05 10:11:21,844 [e7233910-62be-434d-8b50-630853f02a3c-groupManagement] INFO  server.RaftServerConfigKeys (ConfUtils.java:logGet(46)) - raft.server.snapshot.auto.trigger.enabled = true (custom)
2024-03-05 10:11:21,844 [e7233910-62be-434d-8b50-630853f02a3c-groupManagement] INFO  server.RaftServerConfigKeys (ConfUtils.java:logGet(46)) - raft.server.snapshot.auto.trigger.threshold = 10000 (custom)
2024-03-05 10:11:21,844 [e7233910-62be-434d-8b50-630853f02a3c-groupManagement] INFO  server.RaftServerConfigKeys (ConfUtils.java:logGet(46)) - raft.server.snapshot.retention.file.num = 5 (custom)
2024-03-05 10:11:21,844 [e7233910-62be-434d-8b50-630853f02a3c-groupManagement] INFO  server.RaftServerConfigKeys (ConfUtils.java:logGet(46)) - raft.server.log.purge.upto.snapshot.index = false (default)
2024-03-05 10:11:21,845 [e7233910-62be-434d-8b50-630853f02a3c-PipelineCommandHandlerThread-0] INFO  ratis.XceiverServerRatis (XceiverServerRatis.java:addGroup(864)) - Created group PipelineID=4ae47a6d-4ba0-4668-ad67-de9e02c7b6ff
2024-03-05 10:11:21,845 [e7233910-62be-434d-8b50-630853f02a3c-PipelineCommandHandlerThread-0] INFO  commandhandler.CreatePipelineCommandHandler (CreatePipelineCommandHandler.java:lambda$handle$2(124)) - Created Pipeline RATIS ONE PipelineID=4ae47a6d-4ba0-4668-ad67-de9e02c7b6ff.
2024-03-05 10:11:21,924 [deb5d253-51cb-42bf-a345-825603079b10-PipelineCommandHandlerThread-0] INFO  server.RaftServer (RaftServerProxy.java:addNew(100)) - deb5d253-51cb-42bf-a345-825603079b10: addNew group-650A1E4F157D:[deb5d253-51cb-42bf-a345-825603079b10|10.1.0.29:15353] returns group-650A1E4F157D:java.util.concurrent.CompletableFuture@46d0ffbd[Not completed]
2024-03-05 10:11:21,924 [deb5d253-51cb-42bf-a345-825603079b10-groupManagement] INFO  server.RaftServer$Division (RaftServerImpl.java:<init>(256)) - deb5d253-51cb-42bf-a345-825603079b10: new RaftServerImpl for group-650A1E4F157D:[deb5d253-51cb-42bf-a345-825603079b10|10.1.0.29:15353] with ContainerStateMachine:uninitialized
2024-03-05 10:11:21,925 [deb5d253-51cb-42bf-a345-825603079b10-groupManagement] INFO  server.RaftServerConfigKeys (ConfUtils.java:logGet(46)) - raft.server.rpc.timeout.min = 5s (custom)
2024-03-05 10:11:21,925 [deb5d253-51cb-42bf-a345-825603079b10-groupManagement] INFO  server.RaftServerConfigKeys (ConfUtils.java:logGet(46)) - raft.server.rpc.timeout.max = 5200ms (custom)
2024-03-05 10:11:21,925 [deb5d253-51cb-42bf-a345-825603079b10-groupManagement] INFO  server.RaftServerConfigKeys (ConfUtils.java:logGet(46)) - raft.server.rpc.sleep.time = 25ms (default)
2024-03-05 10:11:21,925 [deb5d253-51cb-42bf-a345-825603079b10-groupManagement] INFO  server.RaftServerConfigKeys (ConfUtils.java:logGet(46)) - raft.server.rpc.slowness.timeout = 300000ms (custom)
2024-03-05 10:11:21,925 [deb5d253-51cb-42bf-a345-825603079b10-groupManagement] INFO  server.RaftServerConfigKeys (ConfUtils.java:logGet(46)) - raft.server.leaderelection.leader.step-down.wait-time = 10s (default)
2024-03-05 10:11:21,925 [deb5d253-51cb-42bf-a345-825603079b10-groupManagement] INFO  server.RaftServerConfigKeys (ConfUtils.java:logGet(46)) - raft.server.leaderelection.member.majority-add = false (default)
2024-03-05 10:11:21,925 [deb5d253-51cb-42bf-a345-825603079b10-groupManagement] INFO  server.RaftServerConfigKeys (ConfUtils.java:logGet(46)) - raft.server.sleep.deviation.threshold = 300ms (default)
2024-03-05 10:11:21,925 [deb5d253-51cb-42bf-a345-825603079b10-groupManagement] INFO  server.RaftServer$Division (ServerState.java:<init>(113)) - deb5d253-51cb-42bf-a345-825603079b10@group-650A1E4F157D: ConfigurationManager, init=-1: peers:[deb5d253-51cb-42bf-a345-825603079b10|10.1.0.29:15353]|listeners:[], old=null, confs=<EMPTY_MAP>
2024-03-05 10:11:21,925 [deb5d253-51cb-42bf-a345-825603079b10-groupManagement] INFO  server.RaftServerConfigKeys (ConfUtils.java:logGet(46)) - raft.server.notification.no-leader.timeout = 300000ms (custom)
2024-03-05 10:11:21,925 [deb5d253-51cb-42bf-a345-825603079b10-groupManagement] INFO  server.RaftServerConfigKeys (ConfUtils.java:logGet(46)) - raft.server.read.timeout = 10s (default)
2024-03-05 10:11:21,925 [deb5d253-51cb-42bf-a345-825603079b10-groupManagement] INFO  server.RaftServerConfigKeys (ConfUtils.java:logGet(46)) - raft.server.retrycache.expirytime = 600000ms (custom)
2024-03-05 10:11:21,925 [deb5d253-51cb-42bf-a345-825603079b10-groupManagement] INFO  server.RaftServerConfigKeys (ConfUtils.java:logGet(46)) - raft.server.retrycache.statistics.expirytime = 100ms (default)
2024-03-05 10:11:21,925 [deb5d253-51cb-42bf-a345-825603079b10-groupManagement] INFO  server.RaftServerConfigKeys (ConfUtils.java:logGet(46)) - raft.server.read.option = DEFAULT (default)
2024-03-05 10:11:21,925 [deb5d253-51cb-42bf-a345-825603079b10-groupManagement] INFO  server.RaftServerConfigKeys (ConfUtils.java:logGet(46)) - raft.server.read.read-after-write-consistent.write-index-cache.expiry-time = 60s (default)
2024-03-05 10:11:21,926 [main] INFO  ozone.MiniOzoneClusterImpl (MiniOzoneClusterImpl.java:lambda$waitForClusterToBeReady$0(194)) - Nodes are ready. Got 9 of 9 DN Heartbeats.
2024-03-05 10:11:21,926 [main] INFO  ozone.MiniOzoneClusterImpl (MiniOzoneClusterImpl.java:lambda$waitForClusterToBeReady$0(197)) - Waiting for cluster to exit safe mode
2024-03-05 10:11:21,926 [main] INFO  ozone.MiniOzoneClusterImpl (MiniOzoneClusterImpl.java:lambda$waitForClusterToBeReady$0(199)) - SCM became leader
2024-03-05 10:11:21,927 [deb5d253-51cb-42bf-a345-825603079b10-groupManagement] INFO  server.RaftServerConfigKeys (ConfUtils.java:logGet(46)) - raft.server.rpc.request.timeout = 3000ms (default)
2024-03-05 10:11:21,927 [deb5d253-51cb-42bf-a345-825603079b10-groupManagement] INFO  server.RaftServerConfigKeys (ConfUtils.java:logGet(46)) - raft.server.log.appender.install.snapshot.enabled = false (custom)
2024-03-05 10:11:21,927 [deb5d253-51cb-42bf-a345-825603079b10-groupManagement] INFO  server.RaftServerConfigKeys (ConfUtils.java:logGet(46)) - raft.server.threadpool.server.cached = true (default)
2024-03-05 10:11:21,927 [deb5d253-51cb-42bf-a345-825603079b10-groupManagement] INFO  server.RaftServerConfigKeys (ConfUtils.java:logGet(46)) - raft.server.threadpool.server.size = 0 (default)
2024-03-05 10:11:21,927 [deb5d253-51cb-42bf-a345-825603079b10-groupManagement] INFO  server.RaftServerConfigKeys (ConfUtils.java:logGet(46)) - raft.server.threadpool.client.cached = true (default)
2024-03-05 10:11:21,927 [deb5d253-51cb-42bf-a345-825603079b10-groupManagement] INFO  server.RaftServerConfigKeys (ConfUtils.java:logGet(46)) - raft.server.threadpool.client.size = 0 (default)
2024-03-05 10:11:21,927 [deb5d253-51cb-42bf-a345-825603079b10-groupManagement] INFO  server.RaftServerConfigKeys (ConfUtils.java:logGet(46)) - raft.server.storage.free-space.min = 0MB (=0) (default)
2024-03-05 10:11:21,927 [deb5d253-51cb-42bf-a345-825603079b10-groupManagement] INFO  server.RaftServerConfigKeys (ConfUtils.java:logGet(46)) - raft.server.log.corruption.policy = EXCEPTION (default)
2024-03-05 10:11:21,927 [deb5d253-51cb-42bf-a345-825603079b10-groupManagement] INFO  server.RaftServerConfigKeys (ConfUtils.java:logGet(46)) - raft.server.storage.dir = [/home/runner/work/ozone/ozone/hadoop-ozone/integration-test/target/test-dir/MiniOzoneClusterImpl-58322414-df67-4d64-942a-a0d9644003f2/ozone-meta/datanode-9/ratis] (custom)
2024-03-05 10:11:21,928 [deb5d253-51cb-42bf-a345-825603079b10-groupManagement] INFO  storage.RaftStorageDirectory (RaftStorageDirectoryImpl.java:analyzeStorage(138)) - The storage directory /home/runner/work/ozone/ozone/hadoop-ozone/integration-test/target/test-dir/MiniOzoneClusterImpl-58322414-df67-4d64-942a-a0d9644003f2/ozone-meta/datanode-9/ratis/c5124770-9dd3-41e8-b31d-650a1e4f157d does not exist. Creating ...
2024-03-05 10:11:21,929 [deb5d253-51cb-42bf-a345-825603079b10-groupManagement] INFO  storage.RaftStorageDirectory (RaftStorageDirectoryImpl.java:tryLock(228)) - Lock on /home/runner/work/ozone/ozone/hadoop-ozone/integration-test/target/test-dir/MiniOzoneClusterImpl-58322414-df67-4d64-942a-a0d9644003f2/ozone-meta/datanode-9/ratis/c5124770-9dd3-41e8-b31d-650a1e4f157d/in_use.lock acquired by nodename 65937@fv-az1018-62
2024-03-05 10:11:21,930 [deb5d253-51cb-42bf-a345-825603079b10-groupManagement] INFO  storage.RaftStorage (RaftStorageImpl.java:format(99)) - Storage directory /home/runner/work/ozone/ozone/hadoop-ozone/integration-test/target/test-dir/MiniOzoneClusterImpl-58322414-df67-4d64-942a-a0d9644003f2/ozone-meta/datanode-9/ratis/c5124770-9dd3-41e8-b31d-650a1e4f157d has been successfully formatted.
2024-03-05 10:11:21,930 [deb5d253-51cb-42bf-a345-825603079b10-groupManagement] WARN  util.FileUtils (LogUtils.java:supplyAndLog(63)) - Failed to Files.newInputStream /home/runner/work/ozone/ozone/hadoop-ozone/integration-test/target/test-dir/MiniOzoneClusterImpl-58322414-df67-4d64-942a-a0d9644003f2/ozone-meta/datanode-9/ratis/c5124770-9dd3-41e8-b31d-650a1e4f157d/current/raft-meta.conf with options []: java.nio.file.NoSuchFileException: /home/runner/work/ozone/ozone/hadoop-ozone/integration-test/target/test-dir/MiniOzoneClusterImpl-58322414-df67-4d64-942a-a0d9644003f2/ozone-meta/datanode-9/ratis/c5124770-9dd3-41e8-b31d-650a1e4f157d/current/raft-meta.conf
2024-03-05 10:11:21,930 [deb5d253-51cb-42bf-a345-825603079b10-groupManagement] INFO  ratis.ContainerStateMachine (ContainerStateMachine.java:loadSnapshot(287)) - group-650A1E4F157D: The snapshot info is null. Setting the last applied index to:(t:0, i:~)
2024-03-05 10:11:21,930 [deb5d253-51cb-42bf-a345-825603079b10-groupManagement] INFO  server.RaftServerConfigKeys (ConfUtils.java:logGet(46)) - raft.server.log.use.memory = false (default)
2024-03-05 10:11:21,930 [deb5d253-51cb-42bf-a345-825603079b10-groupManagement] INFO  server.RaftServerConfigKeys (ConfUtils.java:logGet(46)) - raft.server.log.purge.gap = 1000000 (custom)
2024-03-05 10:11:21,930 [deb5d253-51cb-42bf-a345-825603079b10-groupManagement] INFO  server.RaftServerConfigKeys (ConfUtils.java:logGet(46)) - raft.server.log.appender.buffer.byte-limit = 8388608 (custom)
2024-03-05 10:11:21,930 [deb5d253-51cb-42bf-a345-825603079b10-groupManagement] INFO  server.RaftServerConfigKeys (ConfUtils.java:logGet(46)) - raft.server.log.statemachine.data.read.timeout = 1000ms (default)
2024-03-05 10:11:21,930 [deb5d253-51cb-42bf-a345-825603079b10-groupManagement] INFO  server.RaftServerConfigKeys (ConfUtils.java:logGet(46)) - raft.server.log.purge.preservation.log.num = 0 (default)
2024-03-05 10:11:21,931 [EventQueue-PipelineReportForPipelineReportHandler] INFO  pipeline.PipelineReportHandler (PipelineReportHandler.java:processPipelineReport(136)) - Opened pipeline PipelineID=c5124770-9dd3-41e8-b31d-650a1e4f157d
2024-03-05 10:11:21,931 [EventQueue-OpenPipelineForHealthyPipelineSafeModeRule] INFO  safemode.SCMSafeModeManager (HealthyPipelineSafeModeRule.java:process(140)) - SCM in safe mode. Healthy pipelines reported count is 0, required healthy pipeline reported count is 1
2024-03-05 10:11:21,931 [deb5d253-51cb-42bf-a345-825603079b10-groupManagement] INFO  server.RaftServerConfigKeys (ConfUtils.java:logGet(46)) - raft.server.log.segment.size.max = 67108864 (custom)
2024-03-05 10:11:21,932 [deb5d253-51cb-42bf-a345-825603079b10-groupManagement] INFO  server.RaftServerConfigKeys (ConfUtils.java:logGet(46)) - raft.server.log.segment.cache.num.max = 2 (custom)
2024-03-05 10:11:21,932 [deb5d253-51cb-42bf-a345-825603079b10-groupManagement] INFO  server.RaftServerConfigKeys (ConfUtils.java:logGet(46)) - raft.server.log.segment.cache.size.max = 200MB (=209715200) (default)
2024-03-05 10:11:21,932 [deb5d253-51cb-42bf-a345-825603079b10-groupManagement] INFO  server.RaftServerConfigKeys (ConfUtils.java:logGet(46)) - raft.server.log.appender.buffer.byte-limit = 8388608 (custom)
2024-03-05 10:11:21,932 [deb5d253-51cb-42bf-a345-825603079b10-groupManagement] INFO  util.AwaitToRun (AwaitToRun.java:start(81)) - Thread[deb5d253-51cb-42bf-a345-825603079b10@group-650A1E4F157D-cacheEviction-AwaitToRun,5,main] started
2024-03-05 10:11:21,932 [deb5d253-51cb-42bf-a345-825603079b10-groupManagement] INFO  segmented.SegmentedRaftLogWorker (SegmentedRaftLogWorker.java:<init>(182)) - new deb5d253-51cb-42bf-a345-825603079b10@group-650A1E4F157D-SegmentedRaftLogWorker for RaftStorageImpl:Storage Directory /home/runner/work/ozone/ozone/hadoop-ozone/integration-test/target/test-dir/MiniOzoneClusterImpl-58322414-df67-4d64-942a-a0d9644003f2/ozone-meta/datanode-9/ratis/c5124770-9dd3-41e8-b31d-650a1e4f157d
2024-03-05 10:11:21,932 [deb5d253-51cb-42bf-a345-825603079b10-groupManagement] INFO  server.RaftServerConfigKeys (ConfUtils.java:logGet(46)) - raft.server.log.queue.byte-limit = 4294967296 (custom)
2024-03-05 10:11:21,932 [deb5d253-51cb-42bf-a345-825603079b10-groupManagement] INFO  server.RaftServerConfigKeys (ConfUtils.java:logGet(46)) - raft.server.log.queue.element-limit = 1024 (custom)
2024-03-05 10:11:21,932 [deb5d253-51cb-42bf-a345-825603079b10-groupManagement] INFO  server.RaftServerConfigKeys (ConfUtils.java:logGet(46)) - raft.server.log.segment.size.max = 67108864 (custom)
2024-03-05 10:11:21,932 [deb5d253-51cb-42bf-a345-825603079b10-groupManagement] INFO  server.RaftServerConfigKeys (ConfUtils.java:logGet(46)) - raft.server.log.preallocated.size = 4194304 (custom)
2024-03-05 10:11:21,933 [deb5d253-51cb-42bf-a345-825603079b10-groupManagement] INFO  server.RaftServerConfigKeys (ConfUtils.java:logGet(46)) - raft.server.log.force.sync.num = 128 (default)
2024-03-05 10:11:21,933 [deb5d253-51cb-42bf-a345-825603079b10-groupManagement] INFO  server.RaftServerConfigKeys (ConfUtils.java:logGet(46)) - raft.server.log.statemachine.data.sync = true (default)
2024-03-05 10:11:21,933 [deb5d253-51cb-42bf-a345-825603079b10-groupManagement] INFO  server.RaftServerConfigKeys (ConfUtils.java:logGet(46)) - raft.server.log.statemachine.data.sync.timeout = 10s (default)
2024-03-05 10:11:21,933 [deb5d253-51cb-42bf-a345-825603079b10-groupManagement] INFO  server.RaftServerConfigKeys (ConfUtils.java:logGet(46)) - raft.server.log.statemachine.data.sync.timeout.retry = 0 (custom)
2024-03-05 10:11:21,933 [deb5d253-51cb-42bf-a345-825603079b10-groupManagement] INFO  server.RaftServerConfigKeys (ConfUtils.java:logGet(46)) - raft.server.log.write.buffer.size = 8388616 (custom)
2024-03-05 10:11:21,934 [deb5d253-51cb-42bf-a345-825603079b10-groupManagement] INFO  server.RaftServerConfigKeys (ConfUtils.java:logGet(46)) - raft.server.log.appender.buffer.byte-limit = 8388608 (custom)
2024-03-05 10:11:21,934 [deb5d253-51cb-42bf-a345-825603079b10-groupManagement] INFO  server.RaftServerConfigKeys (ConfUtils.java:logGet(46)) - raft.server.log.unsafe-flush.enabled = false (default)
2024-03-05 10:11:21,935 [deb5d253-51cb-42bf-a345-825603079b10-groupManagement] INFO  server.RaftServerConfigKeys (ConfUtils.java:logGet(46)) - raft.server.log.async-flush.enabled = false (default)
2024-03-05 10:11:21,935 [deb5d253-51cb-42bf-a345-825603079b10-groupManagement] INFO  server.RaftServerConfigKeys (ConfUtils.java:logGet(46)) - raft.server.log.statemachine.data.caching.enabled = true (custom)
2024-03-05 10:11:21,935 [deb5d253-51cb-42bf-a345-825603079b10-groupManagement] INFO  segmented.SegmentedRaftLogWorker (SegmentedRaftLogWorker.java:lambda$new$0(134)) - deb5d253-51cb-42bf-a345-825603079b10@group-650A1E4F157D-SegmentedRaftLogWorker: flushIndex: setUnconditionally 0 -> -1
2024-03-05 10:11:21,935 [deb5d253-51cb-42bf-a345-825603079b10-groupManagement] INFO  segmented.SegmentedRaftLogWorker (SegmentedRaftLogWorker.java:lambda$new$0(134)) - deb5d253-51cb-42bf-a345-825603079b10@group-650A1E4F157D-SegmentedRaftLogWorker: safeCacheEvictIndex: setUnconditionally 0 -> -1
2024-03-05 10:11:21,935 [deb5d253-51cb-42bf-a345-825603079b10-groupManagement] INFO  server.RaftServer$Division (RaftServerImpl.java:start(396)) - deb5d253-51cb-42bf-a345-825603079b10@group-650A1E4F157D: start as a follower, conf=-1: peers:[deb5d253-51cb-42bf-a345-825603079b10|10.1.0.29:15353]|listeners:[], old=null
2024-03-05 10:11:21,935 [deb5d253-51cb-42bf-a345-825603079b10-groupManagement] INFO  server.RaftServer$Division (RaftServerImpl.java:setRole(383)) - deb5d253-51cb-42bf-a345-825603079b10@group-650A1E4F157D: changes role from      null to FOLLOWER at term 0 for startAsFollower
2024-03-05 10:11:21,935 [deb5d253-51cb-42bf-a345-825603079b10-groupManagement] INFO  impl.RoleInfo (RoleInfo.java:updateAndGet(139)) - deb5d253-51cb-42bf-a345-825603079b10: start deb5d253-51cb-42bf-a345-825603079b10@group-650A1E4F157D-FollowerState
2024-03-05 10:11:21,935 [deb5d253-51cb-42bf-a345-825603079b10@group-650A1E4F157D-FollowerState] INFO  server.RaftServerConfigKeys (ConfUtils.java:logFallback(53)) - raft.server.rpc.first-election.timeout.min = 5s (fallback to raft.server.rpc.timeout.min)
2024-03-05 10:11:21,935 [deb5d253-51cb-42bf-a345-825603079b10-groupManagement] INFO  util.JmxRegister (JmxRegister.java:tryRegister(44)) - Successfully registered JMX Bean with object name Ratis:service=RaftServer,group=group-650A1E4F157D,id=deb5d253-51cb-42bf-a345-825603079b10
2024-03-05 10:11:21,935 [deb5d253-51cb-42bf-a345-825603079b10@group-650A1E4F157D-FollowerState] INFO  server.RaftServerConfigKeys (ConfUtils.java:logFallback(53)) - raft.server.rpc.first-election.timeout.max = 5200ms (fallback to raft.server.rpc.timeout.max)
2024-03-05 10:11:21,936 [deb5d253-51cb-42bf-a345-825603079b10-groupManagement] INFO  server.RaftServerConfigKeys (ConfUtils.java:logGet(46)) - raft.server.snapshot.trigger-when-stop.enabled = true (default)
2024-03-05 10:11:21,936 [deb5d253-51cb-42bf-a345-825603079b10-groupManagement] INFO  server.RaftServerConfigKeys (ConfUtils.java:logGet(46)) - raft.server.snapshot.auto.trigger.enabled = true (custom)
2024-03-05 10:11:21,936 [deb5d253-51cb-42bf-a345-825603079b10-groupManagement] INFO  server.RaftServerConfigKeys (ConfUtils.java:logGet(46)) - raft.server.snapshot.auto.trigger.threshold = 10000 (custom)
2024-03-05 10:11:21,936 [deb5d253-51cb-42bf-a345-825603079b10-groupManagement] INFO  server.RaftServerConfigKeys (ConfUtils.java:logGet(46)) - raft.server.snapshot.retention.file.num = 5 (custom)
2024-03-05 10:11:21,936 [deb5d253-51cb-42bf-a345-825603079b10-groupManagement] INFO  server.RaftServerConfigKeys (ConfUtils.java:logGet(46)) - raft.server.log.purge.upto.snapshot.index = false (default)
2024-03-05 10:11:21,936 [deb5d253-51cb-42bf-a345-825603079b10-PipelineCommandHandlerThread-0] INFO  ratis.XceiverServerRatis (XceiverServerRatis.java:addGroup(864)) - Created group PipelineID=c5124770-9dd3-41e8-b31d-650a1e4f157d
2024-03-05 10:11:21,936 [deb5d253-51cb-42bf-a345-825603079b10-PipelineCommandHandlerThread-0] INFO  commandhandler.CreatePipelineCommandHandler (CreatePipelineCommandHandler.java:lambda$handle$2(124)) - Created Pipeline RATIS ONE PipelineID=c5124770-9dd3-41e8-b31d-650a1e4f157d.
2024-03-05 10:11:22,926 [main] INFO  ozone.MiniOzoneClusterImpl (MiniOzoneClusterImpl.java:lambda$waitForClusterToBeReady$0(194)) - Nodes are ready. Got 9 of 9 DN Heartbeats.
2024-03-05 10:11:22,926 [main] INFO  ozone.MiniOzoneClusterImpl (MiniOzoneClusterImpl.java:lambda$waitForClusterToBeReady$0(197)) - Waiting for cluster to exit safe mode
2024-03-05 10:11:22,927 [main] INFO  ozone.MiniOzoneClusterImpl (MiniOzoneClusterImpl.java:lambda$waitForClusterToBeReady$0(199)) - SCM became leader
2024-03-05 10:11:23,927 [main] INFO  ozone.MiniOzoneClusterImpl (MiniOzoneClusterImpl.java:lambda$waitForClusterToBeReady$0(194)) - Nodes are ready. Got 9 of 9 DN Heartbeats.
2024-03-05 10:11:23,927 [main] INFO  ozone.MiniOzoneClusterImpl (MiniOzoneClusterImpl.java:lambda$waitForClusterToBeReady$0(197)) - Waiting for cluster to exit safe mode
2024-03-05 10:11:23,927 [main] INFO  ozone.MiniOzoneClusterImpl (MiniOzoneClusterImpl.java:lambda$waitForClusterToBeReady$0(199)) - SCM became leader
2024-03-05 10:11:24,927 [main] INFO  ozone.MiniOzoneClusterImpl (MiniOzoneClusterImpl.java:lambda$waitForClusterToBeReady$0(194)) - Nodes are ready. Got 9 of 9 DN Heartbeats.
2024-03-05 10:11:24,927 [main] INFO  ozone.MiniOzoneClusterImpl (MiniOzoneClusterImpl.java:lambda$waitForClusterToBeReady$0(197)) - Waiting for cluster to exit safe mode
2024-03-05 10:11:24,928 [main] INFO  ozone.MiniOzoneClusterImpl (MiniOzoneClusterImpl.java:lambda$waitForClusterToBeReady$0(199)) - SCM became leader
2024-03-05 10:11:25,928 [main] INFO  ozone.MiniOzoneClusterImpl (MiniOzoneClusterImpl.java:lambda$waitForClusterToBeReady$0(194)) - Nodes are ready. Got 9 of 9 DN Heartbeats.
2024-03-05 10:11:25,928 [main] INFO  ozone.MiniOzoneClusterImpl (MiniOzoneClusterImpl.java:lambda$waitForClusterToBeReady$0(197)) - Waiting for cluster to exit safe mode
2024-03-05 10:11:25,928 [main] INFO  ozone.MiniOzoneClusterImpl (MiniOzoneClusterImpl.java:lambda$waitForClusterToBeReady$0(199)) - SCM became leader
2024-03-05 10:11:26,335 [96c5040e-cdea-4ff5-b94a-979666270d21@group-4213590EEDDB-FollowerState] INFO  impl.FollowerState (FollowerState.java:run(143)) - 96c5040e-cdea-4ff5-b94a-979666270d21@group-4213590EEDDB-FollowerState: change to CANDIDATE, lastRpcElapsedTime:5136422647ns, electionTimeout:5136ms
2024-03-05 10:11:26,335 [96c5040e-cdea-4ff5-b94a-979666270d21@group-4213590EEDDB-FollowerState] INFO  impl.RoleInfo (RoleInfo.java:shutdownFollowerState(110)) - 96c5040e-cdea-4ff5-b94a-979666270d21: shutdown 96c5040e-cdea-4ff5-b94a-979666270d21@group-4213590EEDDB-FollowerState
2024-03-05 10:11:26,335 [96c5040e-cdea-4ff5-b94a-979666270d21@group-4213590EEDDB-FollowerState] INFO  server.RaftServer$Division (RaftServerImpl.java:setRole(383)) - 96c5040e-cdea-4ff5-b94a-979666270d21@group-4213590EEDDB: changes role from  FOLLOWER to CANDIDATE at term 0 for changeToCandidate
2024-03-05 10:11:26,335 [96c5040e-cdea-4ff5-b94a-979666270d21@group-4213590EEDDB-FollowerState] INFO  server.RaftServerConfigKeys (ConfUtils.java:logGet(46)) - raft.server.leaderelection.pre-vote = true (default)
2024-03-05 10:11:26,335 [96c5040e-cdea-4ff5-b94a-979666270d21@group-4213590EEDDB-FollowerState] INFO  impl.RoleInfo (RoleInfo.java:updateAndGet(139)) - 96c5040e-cdea-4ff5-b94a-979666270d21: start 96c5040e-cdea-4ff5-b94a-979666270d21@group-4213590EEDDB-LeaderElection50
2024-03-05 10:11:26,337 [96c5040e-cdea-4ff5-b94a-979666270d21@group-4213590EEDDB-LeaderElection50] INFO  impl.LeaderElection (LeaderElection.java:askForVotes(321)) - 96c5040e-cdea-4ff5-b94a-979666270d21@group-4213590EEDDB-LeaderElection50 PRE_VOTE round 0: submit vote requests at term 0 for -1: peers:[96c5040e-cdea-4ff5-b94a-979666270d21|10.1.0.29:15281]|listeners:[], old=null
2024-03-05 10:11:26,338 [96c5040e-cdea-4ff5-b94a-979666270d21@group-4213590EEDDB-LeaderElection50] INFO  impl.LeaderElection (LeaderElection.java:askForVotes(323)) - 96c5040e-cdea-4ff5-b94a-979666270d21@group-4213590EEDDB-LeaderElection50 PRE_VOTE round 0: result PASSED (term=0)
2024-03-05 10:11:26,339 [96c5040e-cdea-4ff5-b94a-979666270d21@group-4213590EEDDB-LeaderElection50] INFO  impl.LeaderElection (LeaderElection.java:askForVotes(321)) - 96c5040e-cdea-4ff5-b94a-979666270d21@group-4213590EEDDB-LeaderElection50 ELECTION round 0: submit vote requests at term 1 for -1: peers:[96c5040e-cdea-4ff5-b94a-979666270d21|10.1.0.29:15281]|listeners:[], old=null
2024-03-05 10:11:26,339 [96c5040e-cdea-4ff5-b94a-979666270d21@group-4213590EEDDB-LeaderElection50] INFO  impl.LeaderElection (LeaderElection.java:askForVotes(323)) - 96c5040e-cdea-4ff5-b94a-979666270d21@group-4213590EEDDB-LeaderElection50 ELECTION round 0: result PASSED (term=1)
2024-03-05 10:11:26,339 [96c5040e-cdea-4ff5-b94a-979666270d21@group-4213590EEDDB-LeaderElection50] INFO  impl.RoleInfo (RoleInfo.java:shutdownLeaderElection(130)) - 96c5040e-cdea-4ff5-b94a-979666270d21: shutdown 96c5040e-cdea-4ff5-b94a-979666270d21@group-4213590EEDDB-LeaderElection50
2024-03-05 10:11:26,339 [96c5040e-cdea-4ff5-b94a-979666270d21@group-4213590EEDDB-LeaderElection50] INFO  server.RaftServer$Division (RaftServerImpl.java:setRole(383)) - 96c5040e-cdea-4ff5-b94a-979666270d21@group-4213590EEDDB: changes role from CANDIDATE to LEADER at term 1 for changeToLeader
2024-03-05 10:11:26,339 [96c5040e-cdea-4ff5-b94a-979666270d21@group-4213590EEDDB-LeaderElection50] INFO  server.RaftServerConfigKeys (ConfUtils.java:logGet(46)) - raft.server.staging.catchup.gap = 1000 (default)
2024-03-05 10:11:26,339 [96c5040e-cdea-4ff5-b94a-979666270d21@group-4213590EEDDB-LeaderElection50] INFO  server.RaftServerConfigKeys (ConfUtils.java:logGet(46)) - raft.server.write.element-limit = 1024 (custom)
2024-03-05 10:11:26,339 [96c5040e-cdea-4ff5-b94a-979666270d21@group-4213590EEDDB-LeaderElection50] INFO  server.RaftServerConfigKeys (ConfUtils.java:logGet(46)) - raft.server.write.byte-limit = 1024 M (=1073741824) (custom)
2024-03-05 10:11:26,339 [96c5040e-cdea-4ff5-b94a-979666270d21@group-4213590EEDDB-LeaderElection50] INFO  server.RaftServerConfigKeys (ConfUtils.java:logGet(46)) - raft.server.watch.timeout = 3000ms (custom)
2024-03-05 10:11:26,339 [96c5040e-cdea-4ff5-b94a-979666270d21@group-4213590EEDDB-LeaderElection50] INFO  server.RaftServerConfigKeys (ConfUtils.java:logGet(46)) - raft.server.watch.timeout.denomination = 1s (default)
2024-03-05 10:11:26,339 [96c5040e-cdea-4ff5-b94a-979666270d21@group-4213590EEDDB-LeaderElection50] INFO  server.RaftServerConfigKeys (ConfUtils.java:logGet(46)) - raft.server.watch.element-limit = 65536 (default)
2024-03-05 10:11:26,339 [96c5040e-cdea-4ff5-b94a-979666270d21@group-4213590EEDDB-LeaderElection50] INFO  server.RaftServerConfigKeys (ConfUtils.java:logGet(46)) - raft.server.read.leader.lease.enabled = false (default)
2024-03-05 10:11:26,339 [96c5040e-cdea-4ff5-b94a-979666270d21@group-4213590EEDDB-LeaderElection50] INFO  server.RaftServerConfigKeys (ConfUtils.java:logGet(46)) - raft.server.read.leader.lease.timeout.ratio = 0.9 (default)
2024-03-05 10:11:26,339 [96c5040e-cdea-4ff5-b94a-979666270d21@group-4213590EEDDB-LeaderElection50] INFO  server.RaftServerConfigKeys (ConfUtils.java:logGet(46)) - raft.server.rpc.timeout.min = 5s (custom)
2024-03-05 10:11:26,339 [96c5040e-cdea-4ff5-b94a-979666270d21@group-4213590EEDDB-LeaderElection50] INFO  server.RaftServerConfigKeys (ConfUtils.java:logGet(46)) - raft.server.write.element-limit = 1024 (custom)
2024-03-05 10:11:26,339 [96c5040e-cdea-4ff5-b94a-979666270d21@group-4213590EEDDB-LeaderElection50] INFO  server.RaftServerConfigKeys (ConfUtils.java:logGet(46)) - raft.server.write.follower.gap.ratio.max = -1.0 (default)
2024-03-05 10:11:26,339 [96c5040e-cdea-4ff5-b94a-979666270d21@group-4213590EEDDB-LeaderElection50] INFO  impl.RoleInfo (RoleInfo.java:updateAndGet(139)) - 96c5040e-cdea-4ff5-b94a-979666270d21: start 96c5040e-cdea-4ff5-b94a-979666270d21@group-4213590EEDDB-LeaderStateImpl
2024-03-05 10:11:26,340 [96c5040e-cdea-4ff5-b94a-979666270d21@group-4213590EEDDB-LeaderElection50] INFO  server.RaftServer$Division (RaftServerImpl.java:setFirstElection(574)) - 96c5040e-cdea-4ff5-b94a-979666270d21@group-4213590EEDDB: set firstElectionSinceStartup to false for becomeLeader
2024-03-05 10:11:26,340 [96c5040e-cdea-4ff5-b94a-979666270d21@group-4213590EEDDB-LeaderElection50] INFO  ratis.XceiverServerRatis (XceiverServerRatis.java:handleLeaderChangedNotification(966)) - Leader change notification received for group: group-4213590EEDDB with new leaderId: 96c5040e-cdea-4ff5-b94a-979666270d21
2024-03-05 10:11:26,340 [96c5040e-cdea-4ff5-b94a-979666270d21@group-4213590EEDDB-LeaderElection50] INFO  server.RaftServer$Division (ServerState.java:setLeader(269)) - 96c5040e-cdea-4ff5-b94a-979666270d21@group-4213590EEDDB: change Leader from null to 96c5040e-cdea-4ff5-b94a-979666270d21 at term 1 for becomeLeader, leader elected after 5157ms
2024-03-05 10:11:26,340 [96c5040e-cdea-4ff5-b94a-979666270d21@group-4213590EEDDB-LeaderElection50] INFO  segmented.SegmentedRaftLogWorker (SegmentedRaftLogWorker.java:startLogSegment(430)) - 96c5040e-cdea-4ff5-b94a-979666270d21@group-4213590EEDDB-SegmentedRaftLogWorker: Starting segment from index:0
2024-03-05 10:11:26,340 [96c5040e-cdea-4ff5-b94a-979666270d21@group-4213590EEDDB-SegmentedRaftLogWorker] INFO  segmented.BufferedWriteChannel (BufferedWriteChannel.java:open(62)) - open log_inprogress_0 at position 0
2024-03-05 10:11:26,342 [EventQueue-OpenPipelineForHealthyPipelineSafeModeRule] INFO  safemode.SCMSafeModeManager (HealthyPipelineSafeModeRule.java:process(140)) - SCM in safe mode. Healthy pipelines reported count is 0, required healthy pipeline reported count is 1
2024-03-05 10:11:26,344 [96c5040e-cdea-4ff5-b94a-979666270d21@group-4213590EEDDB-LeaderElection50] INFO  server.RaftServer$Division (ServerState.java:setRaftConf(386)) - 96c5040e-cdea-4ff5-b94a-979666270d21@group-4213590EEDDB: set configuration 0: peers:[96c5040e-cdea-4ff5-b94a-979666270d21|10.1.0.29:15281]|listeners:[], old=null
2024-03-05 10:11:26,346 [96c5040e-cdea-4ff5-b94a-979666270d21@group-AB97D73B6EC3-FollowerState] INFO  impl.FollowerState (FollowerState.java:run(143)) - 96c5040e-cdea-4ff5-b94a-979666270d21@group-AB97D73B6EC3-FollowerState: change to CANDIDATE, lastRpcElapsedTime:5135456235ns, electionTimeout:5135ms
2024-03-05 10:11:26,346 [96c5040e-cdea-4ff5-b94a-979666270d21@group-AB97D73B6EC3-FollowerState] INFO  impl.RoleInfo (RoleInfo.java:shutdownFollowerState(110)) - 96c5040e-cdea-4ff5-b94a-979666270d21: shutdown 96c5040e-cdea-4ff5-b94a-979666270d21@group-AB97D73B6EC3-FollowerState
2024-03-05 10:11:26,346 [96c5040e-cdea-4ff5-b94a-979666270d21@group-AB97D73B6EC3-FollowerState] INFO  server.RaftServer$Division (RaftServerImpl.java:setRole(383)) - 96c5040e-cdea-4ff5-b94a-979666270d21@group-AB97D73B6EC3: changes role from  FOLLOWER to CANDIDATE at term 0 for changeToCandidate
2024-03-05 10:11:26,346 [96c5040e-cdea-4ff5-b94a-979666270d21@group-AB97D73B6EC3-FollowerState] INFO  server.RaftServerConfigKeys (ConfUtils.java:logGet(46)) - raft.server.leaderelection.pre-vote = true (default)
2024-03-05 10:11:26,346 [96c5040e-cdea-4ff5-b94a-979666270d21@group-AB97D73B6EC3-FollowerState] INFO  impl.RoleInfo (RoleInfo.java:updateAndGet(139)) - 96c5040e-cdea-4ff5-b94a-979666270d21: start 96c5040e-cdea-4ff5-b94a-979666270d21@group-AB97D73B6EC3-LeaderElection51
2024-03-05 10:11:26,347 [96c5040e-cdea-4ff5-b94a-979666270d21@group-AB97D73B6EC3-LeaderElection51] INFO  impl.LeaderElection (LeaderElection.java:askForVotes(321)) - 96c5040e-cdea-4ff5-b94a-979666270d21@group-AB97D73B6EC3-LeaderElection51 PRE_VOTE round 0: submit vote requests at term 0 for -1: peers:[40c6403c-e697-43dc-b480-ae867bb88e33|10.1.0.29:15290, 96c5040e-cdea-4ff5-b94a-979666270d21|10.1.0.29:15281, 71f4d41d-0e43-455a-af57-6dee494bca18|10.1.0.29:15299]|listeners:[], old=null
2024-03-05 10:11:26,347 [96c5040e-cdea-4ff5-b94a-979666270d21@group-4213590EEDDB-SegmentedRaftLogWorker] INFO  segmented.SegmentedRaftLogWorker (SegmentedRaftLogWorker.java:execute(634)) - 96c5040e-cdea-4ff5-b94a-979666270d21@group-4213590EEDDB-SegmentedRaftLogWorker: created new log segment /home/runner/work/ozone/ozone/hadoop-ozone/integration-test/target/test-dir/MiniOzoneClusterImpl-58322414-df67-4d64-942a-a0d9644003f2/ozone-meta/datanode-1/ratis/58322b97-ca47-4828-8efe-4213590eeddb/current/log_inprogress_0
2024-03-05 10:11:26,348 [96c5040e-cdea-4ff5-b94a-979666270d21@group-AB97D73B6EC3-LeaderElection51] INFO  server.RaftServerConfigKeys (ConfUtils.java:logFallback(53)) - raft.server.rpc.first-election.timeout.min = 5s (fallback to raft.server.rpc.timeout.min)
2024-03-05 10:11:26,348 [96c5040e-cdea-4ff5-b94a-979666270d21@group-AB97D73B6EC3-LeaderElection51] INFO  server.RaftServerConfigKeys (ConfUtils.java:logFallback(53)) - raft.server.rpc.first-election.timeout.max = 5200ms (fallback to raft.server.rpc.timeout.max)
2024-03-05 10:11:26,348 [96c5040e-cdea-4ff5-b94a-979666270d21@group-AB97D73B6EC3-LeaderElection51-1] INFO  server.GrpcServerProtocolClient (GrpcServerProtocolClient.java:<init>(65)) - Build channel for 40c6403c-e697-43dc-b480-ae867bb88e33|10.1.0.29:15290
2024-03-05 10:11:26,348 [71f4d41d-0e43-455a-af57-6dee494bca18@group-AB97D73B6EC3-FollowerState] INFO  impl.FollowerState (FollowerState.java:run(143)) - 71f4d41d-0e43-455a-af57-6dee494bca18@group-AB97D73B6EC3-FollowerState: change to CANDIDATE, lastRpcElapsedTime:5107567846ns, electionTimeout:5107ms
2024-03-05 10:11:26,348 [71f4d41d-0e43-455a-af57-6dee494bca18@group-AB97D73B6EC3-FollowerState] INFO  impl.RoleInfo (RoleInfo.java:shutdownFollowerState(110)) - 71f4d41d-0e43-455a-af57-6dee494bca18: shutdown 71f4d41d-0e43-455a-af57-6dee494bca18@group-AB97D73B6EC3-FollowerState
2024-03-05 10:11:26,348 [71f4d41d-0e43-455a-af57-6dee494bca18@group-AB97D73B6EC3-FollowerState] INFO  server.RaftServer$Division (RaftServerImpl.java:setRole(383)) - 71f4d41d-0e43-455a-af57-6dee494bca18@group-AB97D73B6EC3: changes role from  FOLLOWER to CANDIDATE at term 0 for changeToCandidate
2024-03-05 10:11:26,348 [71f4d41d-0e43-455a-af57-6dee494bca18@group-AB97D73B6EC3-FollowerState] INFO  server.RaftServerConfigKeys (ConfUtils.java:logGet(46)) - raft.server.leaderelection.pre-vote = true (default)
2024-03-05 10:11:26,348 [71f4d41d-0e43-455a-af57-6dee494bca18@group-AB97D73B6EC3-FollowerState] INFO  impl.RoleInfo (RoleInfo.java:updateAndGet(139)) - 71f4d41d-0e43-455a-af57-6dee494bca18: start 71f4d41d-0e43-455a-af57-6dee494bca18@group-AB97D73B6EC3-LeaderElection52
2024-03-05 10:11:26,348 [96c5040e-cdea-4ff5-b94a-979666270d21@group-AB97D73B6EC3-LeaderElection51-2] INFO  server.GrpcServerProtocolClient (GrpcServerProtocolClient.java:<init>(65)) - Build channel for 71f4d41d-0e43-455a-af57-6dee494bca18|10.1.0.29:15299
2024-03-05 10:11:26,349 [96c5040e-cdea-4ff5-b94a-979666270d21@group-4213590EEDDB-StateMachineUpdater] INFO  server.RaftServer$Division (LeaderStateImpl.java:isApplied(320)) - leader is ready since appliedIndex == 0 >= startIndex == 0
2024-03-05 10:11:26,349 [71f4d41d-0e43-455a-af57-6dee494bca18@group-AB97D73B6EC3-LeaderElection52] INFO  impl.LeaderElection (LeaderElection.java:askForVotes(321)) - 71f4d41d-0e43-455a-af57-6dee494bca18@group-AB97D73B6EC3-LeaderElection52 PRE_VOTE round 0: submit vote requests at term 0 for -1: peers:[40c6403c-e697-43dc-b480-ae867bb88e33|10.1.0.29:15290, 96c5040e-cdea-4ff5-b94a-979666270d21|10.1.0.29:15281, 71f4d41d-0e43-455a-af57-6dee494bca18|10.1.0.29:15299]|listeners:[], old=null
2024-03-05 10:11:26,350 [71f4d41d-0e43-455a-af57-6dee494bca18@group-AB97D73B6EC3-LeaderElection52-1] INFO  server.GrpcServerProtocolClient (GrpcServerProtocolClient.java:<init>(65)) - Build channel for 40c6403c-e697-43dc-b480-ae867bb88e33|10.1.0.29:15290
2024-03-05 10:11:26,350 [71f4d41d-0e43-455a-af57-6dee494bca18@group-AB97D73B6EC3-LeaderElection52] INFO  server.RaftServerConfigKeys (ConfUtils.java:logFallback(53)) - raft.server.rpc.first-election.timeout.min = 5s (fallback to raft.server.rpc.timeout.min)
2024-03-05 10:11:26,350 [71f4d41d-0e43-455a-af57-6dee494bca18@group-AB97D73B6EC3-LeaderElection52] INFO  server.RaftServerConfigKeys (ConfUtils.java:logFallback(53)) - raft.server.rpc.first-election.timeout.max = 5200ms (fallback to raft.server.rpc.timeout.max)
2024-03-05 10:11:26,351 [71f4d41d-0e43-455a-af57-6dee494bca18@group-AB97D73B6EC3-LeaderElection52-2] INFO  server.GrpcServerProtocolClient (GrpcServerProtocolClient.java:<init>(65)) - Build channel for 96c5040e-cdea-4ff5-b94a-979666270d21|10.1.0.29:15281
2024-03-05 10:11:26,355 [grpc-default-executor-1] INFO  server.RaftServer$Division (RaftServerImpl.java:requestVote(1389)) - 40c6403c-e697-43dc-b480-ae867bb88e33@group-AB97D73B6EC3: receive requestVote(PRE_VOTE, 96c5040e-cdea-4ff5-b94a-979666270d21, group-AB97D73B6EC3, 0, (t:0, i:0))
2024-03-05 10:11:26,356 [grpc-default-executor-1] INFO  impl.VoteContext (VoteContext.java:log(49)) - 40c6403c-e697-43dc-b480-ae867bb88e33@group-AB97D73B6EC3-FOLLOWER: accept PRE_VOTE from 96c5040e-cdea-4ff5-b94a-979666270d21: our priority 0 <= candidate's priority 0
2024-03-05 10:11:26,356 [grpc-default-executor-1] INFO  server.RaftServer$Division (RaftServerImpl.java:requestVote(1422)) - 40c6403c-e697-43dc-b480-ae867bb88e33@group-AB97D73B6EC3 replies to PRE_VOTE vote request: 96c5040e-cdea-4ff5-b94a-979666270d21<-40c6403c-e697-43dc-b480-ae867bb88e33#0:OK-t0. Peer's state: 40c6403c-e697-43dc-b480-ae867bb88e33@group-AB97D73B6EC3:t0, leader=null, voted=, raftlog=Memoized:40c6403c-e697-43dc-b480-ae867bb88e33@group-AB97D73B6EC3-SegmentedRaftLog:OPENED:c-1, conf=-1: peers:[40c6403c-e697-43dc-b480-ae867bb88e33|10.1.0.29:15290, 96c5040e-cdea-4ff5-b94a-979666270d21|10.1.0.29:15281, 71f4d41d-0e43-455a-af57-6dee494bca18|10.1.0.29:15299]|listeners:[], old=null
2024-03-05 10:11:26,360 [grpc-default-executor-1] INFO  server.RaftServer$Division (RaftServerImpl.java:requestVote(1389)) - 71f4d41d-0e43-455a-af57-6dee494bca18@group-AB97D73B6EC3: receive requestVote(PRE_VOTE, 96c5040e-cdea-4ff5-b94a-979666270d21, group-AB97D73B6EC3, 0, (t:0, i:0))
2024-03-05 10:11:26,363 [grpc-default-executor-0] INFO  server.RaftServer$Division (RaftServerImpl.java:requestVote(1389)) - 96c5040e-cdea-4ff5-b94a-979666270d21@group-AB97D73B6EC3: receive requestVote(PRE_VOTE, 71f4d41d-0e43-455a-af57-6dee494bca18, group-AB97D73B6EC3, 0, (t:0, i:0))
2024-03-05 10:11:26,363 [grpc-default-executor-0] INFO  impl.VoteContext (VoteContext.java:log(49)) - 96c5040e-cdea-4ff5-b94a-979666270d21@group-AB97D73B6EC3-CANDIDATE: accept PRE_VOTE from 71f4d41d-0e43-455a-af57-6dee494bca18: our priority 0 <= candidate's priority 1
2024-03-05 10:11:26,363 [grpc-default-executor-0] INFO  server.RaftServer$Division (RaftServerImpl.java:requestVote(1422)) - 96c5040e-cdea-4ff5-b94a-979666270d21@group-AB97D73B6EC3 replies to PRE_VOTE vote request: 71f4d41d-0e43-455a-af57-6dee494bca18<-96c5040e-cdea-4ff5-b94a-979666270d21#0:OK-t0. Peer's state: 96c5040e-cdea-4ff5-b94a-979666270d21@group-AB97D73B6EC3:t0, leader=null, voted=, raftlog=Memoized:96c5040e-cdea-4ff5-b94a-979666270d21@group-AB97D73B6EC3-SegmentedRaftLog:OPENED:c-1, conf=-1: peers:[40c6403c-e697-43dc-b480-ae867bb88e33|10.1.0.29:15290, 96c5040e-cdea-4ff5-b94a-979666270d21|10.1.0.29:15281, 71f4d41d-0e43-455a-af57-6dee494bca18|10.1.0.29:15299]|listeners:[], old=null
2024-03-05 10:11:26,364 [grpc-default-executor-1] INFO  impl.VoteContext (VoteContext.java:log(49)) - 71f4d41d-0e43-455a-af57-6dee494bca18@group-AB97D73B6EC3-CANDIDATE: reject PRE_VOTE from 96c5040e-cdea-4ff5-b94a-979666270d21: our priority 1 > candidate's priority 0
2024-03-05 10:11:26,364 [grpc-default-executor-1] INFO  server.RaftServer$Division (RaftServerImpl.java:requestVote(1422)) - 71f4d41d-0e43-455a-af57-6dee494bca18@group-AB97D73B6EC3 replies to PRE_VOTE vote request: 96c5040e-cdea-4ff5-b94a-979666270d21<-71f4d41d-0e43-455a-af57-6dee494bca18#0:FAIL-t0. Peer's state: 71f4d41d-0e43-455a-af57-6dee494bca18@group-AB97D73B6EC3:t0, leader=null, voted=, raftlog=Memoized:71f4d41d-0e43-455a-af57-6dee494bca18@group-AB97D73B6EC3-SegmentedRaftLog:OPENED:c-1, conf=-1: peers:[40c6403c-e697-43dc-b480-ae867bb88e33|10.1.0.29:15290, 96c5040e-cdea-4ff5-b94a-979666270d21|10.1.0.29:15281, 71f4d41d-0e43-455a-af57-6dee494bca18|10.1.0.29:15299]|listeners:[], old=null
2024-03-05 10:11:26,366 [grpc-default-executor-2] INFO  server.RaftServer$Division (RaftServerImpl.java:requestVote(1389)) - 40c6403c-e697-43dc-b480-ae867bb88e33@group-AB97D73B6EC3: receive requestVote(PRE_VOTE, 71f4d41d-0e43-455a-af57-6dee494bca18, group-AB97D73B6EC3, 0, (t:0, i:0))
2024-03-05 10:11:26,366 [71f4d41d-0e43-455a-af57-6dee494bca18@group-AB97D73B6EC3-LeaderElection52] INFO  impl.LeaderElection (LeaderElection.java:logAndReturn(89)) - 71f4d41d-0e43-455a-af57-6dee494bca18@group-AB97D73B6EC3-LeaderElection52: PRE_VOTE PASSED received 1 response(s) and 0 exception(s):
2024-03-05 10:11:26,366 [71f4d41d-0e43-455a-af57-6dee494bca18@group-AB97D73B6EC3-LeaderElection52] INFO  impl.LeaderElection (LeaderElection.java:logAndReturn(93)) -   Response 0: 71f4d41d-0e43-455a-af57-6dee494bca18<-96c5040e-cdea-4ff5-b94a-979666270d21#0:OK-t0
2024-03-05 10:11:26,366 [71f4d41d-0e43-455a-af57-6dee494bca18@group-AB97D73B6EC3-LeaderElection52] INFO  impl.LeaderElection (LeaderElection.java:askForVotes(323)) - 71f4d41d-0e43-455a-af57-6dee494bca18@group-AB97D73B6EC3-LeaderElection52 PRE_VOTE round 0: result PASSED
2024-03-05 10:11:26,367 [grpc-default-executor-2] INFO  impl.VoteContext (VoteContext.java:log(49)) - 40c6403c-e697-43dc-b480-ae867bb88e33@group-AB97D73B6EC3-FOLLOWER: accept PRE_VOTE from 71f4d41d-0e43-455a-af57-6dee494bca18: our priority 0 <= candidate's priority 1
2024-03-05 10:11:26,368 [96c5040e-cdea-4ff5-b94a-979666270d21@group-AB97D73B6EC3-LeaderElection51] INFO  impl.LeaderElection (LeaderElection.java:logAndReturn(89)) - 96c5040e-cdea-4ff5-b94a-979666270d21@group-AB97D73B6EC3-LeaderElection51: PRE_VOTE REJECTED received 2 response(s) and 0 exception(s):
2024-03-05 10:11:26,368 [grpc-default-executor-2] INFO  server.RaftServer$Division (RaftServerImpl.java:requestVote(1422)) - 40c6403c-e697-43dc-b480-ae867bb88e33@group-AB97D73B6EC3 replies to PRE_VOTE vote request: 71f4d41d-0e43-455a-af57-6dee494bca18<-40c6403c-e697-43dc-b480-ae867bb88e33#0:OK-t0. Peer's state: 40c6403c-e697-43dc-b480-ae867bb88e33@group-AB97D73B6EC3:t0, leader=null, voted=, raftlog=Memoized:40c6403c-e697-43dc-b480-ae867bb88e33@group-AB97D73B6EC3-SegmentedRaftLog:OPENED:c-1, conf=-1: peers:[40c6403c-e697-43dc-b480-ae867bb88e33|10.1.0.29:15290, 96c5040e-cdea-4ff5-b94a-979666270d21|10.1.0.29:15281, 71f4d41d-0e43-455a-af57-6dee494bca18|10.1.0.29:15299]|listeners:[], old=null
2024-03-05 10:11:26,368 [96c5040e-cdea-4ff5-b94a-979666270d21@group-AB97D73B6EC3-LeaderElection51] INFO  impl.LeaderElection (LeaderElection.java:logAndReturn(93)) -   Response 0: 96c5040e-cdea-4ff5-b94a-979666270d21<-40c6403c-e697-43dc-b480-ae867bb88e33#0:OK-t0
2024-03-05 10:11:26,368 [96c5040e-cdea-4ff5-b94a-979666270d21@group-AB97D73B6EC3-LeaderElection51] INFO  impl.LeaderElection (LeaderElection.java:logAndReturn(93)) -   Response 1: 96c5040e-cdea-4ff5-b94a-979666270d21<-71f4d41d-0e43-455a-af57-6dee494bca18#0:FAIL-t0
2024-03-05 10:11:26,368 [96c5040e-cdea-4ff5-b94a-979666270d21@group-AB97D73B6EC3-LeaderElection51] INFO  impl.LeaderElection (LeaderElection.java:askForVotes(323)) - 96c5040e-cdea-4ff5-b94a-979666270d21@group-AB97D73B6EC3-LeaderElection51 PRE_VOTE round 0: result REJECTED
2024-03-05 10:11:26,368 [96c5040e-cdea-4ff5-b94a-979666270d21@group-AB97D73B6EC3-LeaderElection51] INFO  server.RaftServer$Division (RaftServerImpl.java:setRole(383)) - 96c5040e-cdea-4ff5-b94a-979666270d21@group-AB97D73B6EC3: changes role from CANDIDATE to FOLLOWER at term 0 for REJECTED
2024-03-05 10:11:26,368 [96c5040e-cdea-4ff5-b94a-979666270d21@group-AB97D73B6EC3-LeaderElection51] INFO  impl.RoleInfo (RoleInfo.java:shutdownLeaderElection(130)) - 96c5040e-cdea-4ff5-b94a-979666270d21: shutdown 96c5040e-cdea-4ff5-b94a-979666270d21@group-AB97D73B6EC3-LeaderElection51
2024-03-05 10:11:26,368 [96c5040e-cdea-4ff5-b94a-979666270d21@group-AB97D73B6EC3-LeaderElection51] INFO  impl.RoleInfo (RoleInfo.java:updateAndGet(139)) - 96c5040e-cdea-4ff5-b94a-979666270d21: start 96c5040e-cdea-4ff5-b94a-979666270d21@group-AB97D73B6EC3-FollowerState
2024-03-05 10:11:26,368 [96c5040e-cdea-4ff5-b94a-979666270d21@group-AB97D73B6EC3-LeaderElection51] INFO  server.RaftServer$Division (RaftServerImpl.java:setFirstElection(574)) - 96c5040e-cdea-4ff5-b94a-979666270d21@group-AB97D73B6EC3: set firstElectionSinceStartup to false for REJECTED
2024-03-05 10:11:26,369 [71f4d41d-0e43-455a-af57-6dee494bca18@group-AB97D73B6EC3-LeaderElection52] INFO  impl.LeaderElection (LeaderElection.java:askForVotes(321)) - 71f4d41d-0e43-455a-af57-6dee494bca18@group-AB97D73B6EC3-LeaderElection52 ELECTION round 0: submit vote requests at term 1 for -1: peers:[40c6403c-e697-43dc-b480-ae867bb88e33|10.1.0.29:15290, 96c5040e-cdea-4ff5-b94a-979666270d21|10.1.0.29:15281, 71f4d41d-0e43-455a-af57-6dee494bca18|10.1.0.29:15299]|listeners:[], old=null
2024-03-05 10:11:26,370 [grpc-default-executor-2] INFO  server.RaftServer$Division (RaftServerImpl.java:requestVote(1389)) - 40c6403c-e697-43dc-b480-ae867bb88e33@group-AB97D73B6EC3: receive requestVote(ELECTION, 71f4d41d-0e43-455a-af57-6dee494bca18, group-AB97D73B6EC3, 1, (t:0, i:0))
2024-03-05 10:11:26,370 [grpc-default-executor-2] INFO  impl.VoteContext (VoteContext.java:log(49)) - 40c6403c-e697-43dc-b480-ae867bb88e33@group-AB97D73B6EC3-FOLLOWER: accept ELECTION from 71f4d41d-0e43-455a-af57-6dee494bca18: our priority 0 <= candidate's priority 1
2024-03-05 10:11:26,370 [grpc-default-executor-2] INFO  server.RaftServer$Division (RaftServerImpl.java:setRole(383)) - 40c6403c-e697-43dc-b480-ae867bb88e33@group-AB97D73B6EC3: changes role from  FOLLOWER to FOLLOWER at term 1 for candidate:71f4d41d-0e43-455a-af57-6dee494bca18
2024-03-05 10:11:26,370 [grpc-default-executor-2] INFO  impl.RoleInfo (RoleInfo.java:shutdownFollowerState(110)) - 40c6403c-e697-43dc-b480-ae867bb88e33: shutdown 40c6403c-e697-43dc-b480-ae867bb88e33@group-AB97D73B6EC3-FollowerState
2024-03-05 10:11:26,372 [71f4d41d-0e43-455a-af57-6dee494bca18@group-AB97D73B6EC3-LeaderElection52] INFO  server.RaftServerConfigKeys (ConfUtils.java:logFallback(53)) - raft.server.rpc.first-election.timeout.min = 5s (fallback to raft.server.rpc.timeout.min)
2024-03-05 10:11:26,372 [71f4d41d-0e43-455a-af57-6dee494bca18@group-AB97D73B6EC3-LeaderElection52] INFO  server.RaftServerConfigKeys (ConfUtils.java:logFallback(53)) - raft.server.rpc.first-election.timeout.max = 5200ms (fallback to raft.server.rpc.timeout.max)
2024-03-05 10:11:26,372 [grpc-default-executor-2] INFO  impl.RoleInfo (RoleInfo.java:updateAndGet(139)) - 40c6403c-e697-43dc-b480-ae867bb88e33: start 40c6403c-e697-43dc-b480-ae867bb88e33@group-AB97D73B6EC3-FollowerState
2024-03-05 10:11:26,372 [grpc-default-executor-1] INFO  server.RaftServer$Division (RaftServerImpl.java:requestVote(1389)) - 96c5040e-cdea-4ff5-b94a-979666270d21@group-AB97D73B6EC3: receive requestVote(ELECTION, 71f4d41d-0e43-455a-af57-6dee494bca18, group-AB97D73B6EC3, 1, (t:0, i:0))
2024-03-05 10:11:26,372 [grpc-default-executor-1] INFO  impl.VoteContext (VoteContext.java:log(49)) - 96c5040e-cdea-4ff5-b94a-979666270d21@group-AB97D73B6EC3-FOLLOWER: accept ELECTION from 71f4d41d-0e43-455a-af57-6dee494bca18: our priority 0 <= candidate's priority 1
2024-03-05 10:11:26,373 [grpc-default-executor-1] INFO  server.RaftServer$Division (RaftServerImpl.java:setRole(383)) - 96c5040e-cdea-4ff5-b94a-979666270d21@group-AB97D73B6EC3: changes role from  FOLLOWER to FOLLOWER at term 1 for candidate:71f4d41d-0e43-455a-af57-6dee494bca18
2024-03-05 10:11:26,373 [grpc-default-executor-2] INFO  server.RaftServer$Division (RaftServerImpl.java:setFirstElection(574)) - 40c6403c-e697-43dc-b480-ae867bb88e33@group-AB97D73B6EC3: set firstElectionSinceStartup to false for candidate:71f4d41d-0e43-455a-af57-6dee494bca18
2024-03-05 10:11:26,372 [40c6403c-e697-43dc-b480-ae867bb88e33@group-AB97D73B6EC3-FollowerState] INFO  impl.FollowerState (FollowerState.java:run(152)) - 40c6403c-e697-43dc-b480-ae867bb88e33@group-AB97D73B6EC3-FollowerState was interrupted
2024-03-05 10:11:26,373 [grpc-default-executor-1] INFO  impl.RoleInfo (RoleInfo.java:shutdownFollowerState(110)) - 96c5040e-cdea-4ff5-b94a-979666270d21: shutdown 96c5040e-cdea-4ff5-b94a-979666270d21@group-AB97D73B6EC3-FollowerState
2024-03-05 10:11:26,374 [grpc-default-executor-1] INFO  impl.RoleInfo (RoleInfo.java:updateAndGet(139)) - 96c5040e-cdea-4ff5-b94a-979666270d21: start 96c5040e-cdea-4ff5-b94a-979666270d21@group-AB97D73B6EC3-FollowerState
2024-03-05 10:11:26,374 [96c5040e-cdea-4ff5-b94a-979666270d21@group-AB97D73B6EC3-FollowerState] INFO  impl.FollowerState (FollowerState.java:run(152)) - 96c5040e-cdea-4ff5-b94a-979666270d21@group-AB97D73B6EC3-FollowerState was interrupted
2024-03-05 10:11:26,375 [grpc-default-executor-2] INFO  server.RaftServer$Division (RaftServerImpl.java:requestVote(1422)) - 40c6403c-e697-43dc-b480-ae867bb88e33@group-AB97D73B6EC3 replies to ELECTION vote request: 71f4d41d-0e43-455a-af57-6dee494bca18<-40c6403c-e697-43dc-b480-ae867bb88e33#0:OK-t1. Peer's state: 40c6403c-e697-43dc-b480-ae867bb88e33@group-AB97D73B6EC3:t1, leader=null, voted=71f4d41d-0e43-455a-af57-6dee494bca18, raftlog=Memoized:40c6403c-e697-43dc-b480-ae867bb88e33@group-AB97D73B6EC3-SegmentedRaftLog:OPENED:c-1, conf=-1: peers:[40c6403c-e697-43dc-b480-ae867bb88e33|10.1.0.29:15290, 96c5040e-cdea-4ff5-b94a-979666270d21|10.1.0.29:15281, 71f4d41d-0e43-455a-af57-6dee494bca18|10.1.0.29:15299]|listeners:[], old=null
2024-03-05 10:11:26,375 [71f4d41d-0e43-455a-af57-6dee494bca18@group-AB97D73B6EC3-LeaderElection52] INFO  impl.LeaderElection (LeaderElection.java:logAndReturn(89)) - 71f4d41d-0e43-455a-af57-6dee494bca18@group-AB97D73B6EC3-LeaderElection52: ELECTION PASSED received 1 response(s) and 0 exception(s):
2024-03-05 10:11:26,375 [71f4d41d-0e43-455a-af57-6dee494bca18@group-AB97D73B6EC3-LeaderElection52] INFO  impl.LeaderElection (LeaderElection.java:logAndReturn(93)) -   Response 0: 71f4d41d-0e43-455a-af57-6dee494bca18<-40c6403c-e697-43dc-b480-ae867bb88e33#0:OK-t1
2024-03-05 10:11:26,375 [71f4d41d-0e43-455a-af57-6dee494bca18@group-AB97D73B6EC3-LeaderElection52] INFO  impl.LeaderElection (LeaderElection.java:askForVotes(323)) - 71f4d41d-0e43-455a-af57-6dee494bca18@group-AB97D73B6EC3-LeaderElection52 ELECTION round 0: result PASSED
2024-03-05 10:11:26,375 [71f4d41d-0e43-455a-af57-6dee494bca18@group-AB97D73B6EC3-LeaderElection52] INFO  impl.RoleInfo (RoleInfo.java:shutdownLeaderElection(130)) - 71f4d41d-0e43-455a-af57-6dee494bca18: shutdown 71f4d41d-0e43-455a-af57-6dee494bca18@group-AB97D73B6EC3-LeaderElection52
2024-03-05 10:11:26,375 [71f4d41d-0e43-455a-af57-6dee494bca18@group-AB97D73B6EC3-LeaderElection52] INFO  server.RaftServer$Division (RaftServerImpl.java:setRole(383)) - 71f4d41d-0e43-455a-af57-6dee494bca18@group-AB97D73B6EC3: changes role from CANDIDATE to LEADER at term 1 for changeToLeader
2024-03-05 10:11:26,376 [71f4d41d-0e43-455a-af57-6dee494bca18@group-AB97D73B6EC3-LeaderElection52] INFO  server.RaftServerConfigKeys (ConfUtils.java:logGet(46)) - raft.server.staging.catchup.gap = 1000 (default)
2024-03-05 10:11:26,376 [71f4d41d-0e43-455a-af57-6dee494bca18@group-AB97D73B6EC3-LeaderElection52] INFO  server.RaftServerConfigKeys (ConfUtils.java:logGet(46)) - raft.server.write.element-limit = 1024 (custom)
2024-03-05 10:11:26,376 [71f4d41d-0e43-455a-af57-6dee494bca18@group-AB97D73B6EC3-LeaderElection52] INFO  server.RaftServerConfigKeys (ConfUtils.java:logGet(46)) - raft.server.write.byte-limit = 1024 M (=1073741824) (custom)
2024-03-05 10:11:26,376 [71f4d41d-0e43-455a-af57-6dee494bca18@group-AB97D73B6EC3-LeaderElection52] INFO  server.RaftServerConfigKeys (ConfUtils.java:logGet(46)) - raft.server.watch.timeout = 3000ms (custom)
2024-03-05 10:11:26,376 [71f4d41d-0e43-455a-af57-6dee494bca18@group-AB97D73B6EC3-LeaderElection52] INFO  server.RaftServerConfigKeys (ConfUtils.java:logGet(46)) - raft.server.watch.timeout.denomination = 1s (default)
2024-03-05 10:11:26,376 [71f4d41d-0e43-455a-af57-6dee494bca18@group-AB97D73B6EC3-LeaderElection52] INFO  server.RaftServerConfigKeys (ConfUtils.java:logGet(46)) - raft.server.watch.element-limit = 65536 (default)
2024-03-05 10:11:26,376 [71f4d41d-0e43-455a-af57-6dee494bca18@group-AB97D73B6EC3-LeaderElection52] INFO  server.RaftServerConfigKeys (ConfUtils.java:logGet(46)) - raft.server.read.leader.lease.enabled = false (default)
2024-03-05 10:11:26,376 [71f4d41d-0e43-455a-af57-6dee494bca18@group-AB97D73B6EC3-LeaderElection52] INFO  server.RaftServerConfigKeys (ConfUtils.java:logGet(46)) - raft.server.read.leader.lease.timeout.ratio = 0.9 (default)
2024-03-05 10:11:26,376 [71f4d41d-0e43-455a-af57-6dee494bca18@group-AB97D73B6EC3-LeaderElection52] INFO  server.RaftServerConfigKeys (ConfUtils.java:logGet(46)) - raft.server.rpc.timeout.min = 5s (custom)
2024-03-05 10:11:26,376 [71f4d41d-0e43-455a-af57-6dee494bca18@group-AB97D73B6EC3-LeaderElection52] INFO  server.RaftServerConfigKeys (ConfUtils.java:logGet(46)) - raft.server.write.element-limit = 1024 (custom)
2024-03-05 10:11:26,376 [71f4d41d-0e43-455a-af57-6dee494bca18@group-AB97D73B6EC3-LeaderElection52] INFO  server.RaftServerConfigKeys (ConfUtils.java:logGet(46)) - raft.server.write.follower.gap.ratio.max = -1.0 (default)
2024-03-05 10:11:26,377 [71f4d41d-0e43-455a-af57-6dee494bca18@group-AB97D73B6EC3-LeaderElection52] INFO  server.RaftServerConfigKeys (ConfUtils.java:logGet(46)) - raft.server.log.appender.snapshot.chunk.size.max = 16MB (=16777216) (default)
2024-03-05 10:11:26,377 [71f4d41d-0e43-455a-af57-6dee494bca18@group-AB97D73B6EC3-LeaderElection52] INFO  server.RaftServerConfigKeys (ConfUtils.java:logGet(46)) - raft.server.log.appender.buffer.byte-limit = 8388608 (custom)
2024-03-05 10:11:26,377 [71f4d41d-0e43-455a-af57-6dee494bca18@group-AB97D73B6EC3-LeaderElection52] INFO  server.RaftServerConfigKeys (ConfUtils.java:logGet(46)) - raft.server.log.appender.buffer.element-limit = 1 (custom)
2024-03-05 10:11:26,377 [grpc-default-executor-1] INFO  server.RaftServer$Division (RaftServerImpl.java:requestVote(1422)) - 96c5040e-cdea-4ff5-b94a-979666270d21@group-AB97D73B6EC3 replies to ELECTION vote request: 71f4d41d-0e43-455a-af57-6dee494bca18<-96c5040e-cdea-4ff5-b94a-979666270d21#0:OK-t1. Peer's state: 96c5040e-cdea-4ff5-b94a-979666270d21@group-AB97D73B6EC3:t1, leader=null, voted=71f4d41d-0e43-455a-af57-6dee494bca18, raftlog=Memoized:96c5040e-cdea-4ff5-b94a-979666270d21@group-AB97D73B6EC3-SegmentedRaftLog:OPENED:c-1, conf=-1: peers:[40c6403c-e697-43dc-b480-ae867bb88e33|10.1.0.29:15290, 96c5040e-cdea-4ff5-b94a-979666270d21|10.1.0.29:15281, 71f4d41d-0e43-455a-af57-6dee494bca18|10.1.0.29:15299]|listeners:[], old=null
2024-03-05 10:11:26,377 [71f4d41d-0e43-455a-af57-6dee494bca18@group-AB97D73B6EC3-LeaderElection52] INFO  server.RaftServerConfigKeys (ConfUtils.java:logGet(46)) - raft.server.log.appender.wait-time.min = 0ms (custom)
2024-03-05 10:11:26,377 [71f4d41d-0e43-455a-af57-6dee494bca18@group-AB97D73B6EC3-LeaderElection52] INFO  grpc.GrpcConfigKeys (ConfUtils.java:logGet(46)) - raft.grpc.server.leader.outstanding.appends.max = 8 (default)
2024-03-05 10:11:26,377 [71f4d41d-0e43-455a-af57-6dee494bca18@group-AB97D73B6EC3-LeaderElection52] INFO  server.RaftServerConfigKeys (ConfUtils.java:logGet(46)) - raft.server.rpc.request.timeout = 3000ms (default)
2024-03-05 10:11:26,377 [71f4d41d-0e43-455a-af57-6dee494bca18@group-AB97D73B6EC3-LeaderElection52] INFO  grpc.GrpcConfigKeys (ConfUtils.java:logGet(46)) - raft.grpc.server.install_snapshot.request.element-limit = 8 (default)
2024-03-05 10:11:26,377 [71f4d41d-0e43-455a-af57-6dee494bca18@group-AB97D73B6EC3-LeaderElection52] INFO  grpc.GrpcConfigKeys (ConfUtils.java:logGet(46)) - raft.grpc.server.install_snapshot.request.timeout = 3000ms (default)
2024-03-05 10:11:26,377 [71f4d41d-0e43-455a-af57-6dee494bca18@group-AB97D73B6EC3-LeaderElection52] INFO  grpc.GrpcConfigKeys (ConfUtils.java:logGet(46)) - raft.grpc.server.log-message.batch.duration = 5s (default)
2024-03-05 10:11:26,378 [71f4d41d-0e43-455a-af57-6dee494bca18@group-AB97D73B6EC3-LeaderElection52] INFO  server.RaftServerConfigKeys (ConfUtils.java:logGet(46)) - raft.server.log.appender.install.snapshot.enabled = false (custom)
2024-03-05 10:11:26,378 [71f4d41d-0e43-455a-af57-6dee494bca18@group-AB97D73B6EC3-LeaderElection52] INFO  grpc.GrpcConfigKeys (ConfUtils.java:logGet(46)) - raft.grpc.server.heartbeat.channel = true (default)
2024-03-05 10:11:26,378 [71f4d41d-0e43-455a-af57-6dee494bca18@group-AB97D73B6EC3-LeaderElection52] INFO  server.RaftServerConfigKeys (ConfUtils.java:logGet(46)) - raft.server.log.appender.snapshot.chunk.size.max = 16MB (=16777216) (default)
2024-03-05 10:11:26,378 [71f4d41d-0e43-455a-af57-6dee494bca18@group-AB97D73B6EC3-LeaderElection52] INFO  server.RaftServerConfigKeys (ConfUtils.java:logGet(46)) - raft.server.log.appender.buffer.byte-limit = 8388608 (custom)
2024-03-05 10:11:26,378 [71f4d41d-0e43-455a-af57-6dee494bca18@group-AB97D73B6EC3-LeaderElection52] INFO  server.RaftServerConfigKeys (ConfUtils.java:logGet(46)) - raft.server.log.appender.buffer.element-limit = 1 (custom)
2024-03-05 10:11:26,378 [71f4d41d-0e43-455a-af57-6dee494bca18@group-AB97D73B6EC3-LeaderElection52] INFO  server.RaftServerConfigKeys (ConfUtils.java:logGet(46)) - raft.server.log.appender.wait-time.min = 0ms (custom)
2024-03-05 10:11:26,378 [71f4d41d-0e43-455a-af57-6dee494bca18@group-AB97D73B6EC3-LeaderElection52] INFO  grpc.GrpcConfigKeys (ConfUtils.java:logGet(46)) - raft.grpc.server.leader.outstanding.appends.max = 8 (default)
2024-03-05 10:11:26,379 [71f4d41d-0e43-455a-af57-6dee494bca18@group-AB97D73B6EC3-LeaderElection52] INFO  server.RaftServerConfigKeys (ConfUtils.java:logGet(46)) - raft.server.rpc.request.timeout = 3000ms (default)
2024-03-05 10:11:26,379 [71f4d41d-0e43-455a-af57-6dee494bca18@group-AB97D73B6EC3-LeaderElection52] INFO  grpc.GrpcConfigKeys (ConfUtils.java:logGet(46)) - raft.grpc.server.install_snapshot.request.element-limit = 8 (default)
2024-03-05 10:11:26,379 [71f4d41d-0e43-455a-af57-6dee494bca18@group-AB97D73B6EC3-LeaderElection52] INFO  grpc.GrpcConfigKeys (ConfUtils.java:logGet(46)) - raft.grpc.server.install_snapshot.request.timeout = 3000ms (default)
2024-03-05 10:11:26,379 [71f4d41d-0e43-455a-af57-6dee494bca18@group-AB97D73B6EC3-LeaderElection52] INFO  grpc.GrpcConfigKeys (ConfUtils.java:logGet(46)) - raft.grpc.server.log-message.batch.duration = 5s (default)
2024-03-05 10:11:26,379 [71f4d41d-0e43-455a-af57-6dee494bca18@group-AB97D73B6EC3-LeaderElection52] INFO  server.RaftServerConfigKeys (ConfUtils.java:logGet(46)) - raft.server.log.appender.install.snapshot.enabled = false (custom)
2024-03-05 10:11:26,379 [71f4d41d-0e43-455a-af57-6dee494bca18@group-AB97D73B6EC3-LeaderElection52] INFO  grpc.GrpcConfigKeys (ConfUtils.java:logGet(46)) - raft.grpc.server.heartbeat.channel = true (default)
2024-03-05 10:11:26,379 [71f4d41d-0e43-455a-af57-6dee494bca18@group-AB97D73B6EC3-LeaderElection52] INFO  impl.RoleInfo (RoleInfo.java:updateAndGet(139)) - 71f4d41d-0e43-455a-af57-6dee494bca18: start 71f4d41d-0e43-455a-af57-6dee494bca18@group-AB97D73B6EC3-LeaderStateImpl
2024-03-05 10:11:26,379 [71f4d41d-0e43-455a-af57-6dee494bca18@group-AB97D73B6EC3-LeaderElection52] INFO  server.RaftServer$Division (RaftServerImpl.java:setFirstElection(574)) - 71f4d41d-0e43-455a-af57-6dee494bca18@group-AB97D73B6EC3: set firstElectionSinceStartup to false for becomeLeader
2024-03-05 10:11:26,379 [71f4d41d-0e43-455a-af57-6dee494bca18@group-AB97D73B6EC3-LeaderElection52] INFO  ratis.XceiverServerRatis (XceiverServerRatis.java:handleLeaderChangedNotification(966)) - Leader change notification received for group: group-AB97D73B6EC3 with new leaderId: 71f4d41d-0e43-455a-af57-6dee494bca18
2024-03-05 10:11:26,379 [71f4d41d-0e43-455a-af57-6dee494bca18@group-AB97D73B6EC3-LeaderElection52] INFO  server.RaftServer$Division (ServerState.java:setLeader(269)) - 71f4d41d-0e43-455a-af57-6dee494bca18@group-AB97D73B6EC3: change Leader from null to 71f4d41d-0e43-455a-af57-6dee494bca18 at term 1 for becomeLeader, leader elected after 5150ms
2024-03-05 10:11:26,379 [71f4d41d-0e43-455a-af57-6dee494bca18@group-AB97D73B6EC3-LeaderElection52] INFO  segmented.SegmentedRaftLogWorker (SegmentedRaftLogWorker.java:startLogSegment(430)) - 71f4d41d-0e43-455a-af57-6dee494bca18@group-AB97D73B6EC3-SegmentedRaftLogWorker: Starting segment from index:0
2024-03-05 10:11:26,381 [71f4d41d-0e43-455a-af57-6dee494bca18@group-AB97D73B6EC3-LeaderElection52] INFO  server.RaftServer$Division (ServerState.java:setRaftConf(386)) - 71f4d41d-0e43-455a-af57-6dee494bca18@group-AB97D73B6EC3: set configuration 0: peers:[40c6403c-e697-43dc-b480-ae867bb88e33|10.1.0.29:15290, 96c5040e-cdea-4ff5-b94a-979666270d21|10.1.0.29:15281, 71f4d41d-0e43-455a-af57-6dee494bca18|10.1.0.29:15299]|listeners:[], old=null
2024-03-05 10:11:26,381 [EventQueue-OpenPipelineForHealthyPipelineSafeModeRule] INFO  safemode.SCMSafeModeManager (HealthyPipelineSafeModeRule.java:process(140)) - SCM in safe mode. Healthy pipelines reported count is 0, required healthy pipeline reported count is 1
2024-03-05 10:11:26,382 [EventQueue-PipelineReportForPipelineReportHandler] INFO  pipeline.PipelineReportHandler (PipelineReportHandler.java:processPipelineReport(136)) - Opened pipeline PipelineID=055c12ea-da00-423a-b21b-ab97d73b6ec3
2024-03-05 10:11:26,382 [EventQueue-OpenPipelineForHealthyPipelineSafeModeRule] INFO  safemode.SCMSafeModeManager (HealthyPipelineSafeModeRule.java:process(140)) - SCM in safe mode. Healthy pipelines reported count is 1, required healthy pipeline reported count is 1
2024-03-05 10:11:26,382 [EventQueue-OpenPipelineForHealthyPipelineSafeModeRule] INFO  safemode.SCMSafeModeManager (SCMSafeModeManager.java:validateSafeModeExitRules(200)) - HealthyPipelineSafeModeRule rule is successfully validated
2024-03-05 10:11:26,382 [EventQueue-OpenPipelineForHealthyPipelineSafeModeRule] INFO  safemode.SCMSafeModeManager (SCMSafeModeManager.java:validateSafeModeExitRules(215)) - ScmSafeModeManager, all rules are successfully validated
2024-03-05 10:11:26,382 [EventQueue-OpenPipelineForHealthyPipelineSafeModeRule] INFO  safemode.SCMSafeModeManager (SCMSafeModeManager.java:exitSafeMode(244)) - SCM exiting safe mode.
2024-03-05 10:11:26,382 [EventQueue-OpenPipelineForHealthyPipelineSafeModeRule] INFO  ha.SCMContext (SCMContext.java:updateSafeModeStatus(225)) - Update SafeModeStatus from SafeModeStatus{safeModeStatus=true, preCheckPassed=true} to SafeModeStatus{safeModeStatus=false, preCheckPassed=true}.
2024-03-05 10:11:26,382 [EventQueue-OpenPipelineForHealthyPipelineSafeModeRule] INFO  pipeline.BackgroundPipelineCreator (BackgroundPipelineCreator.java:notifyStatusChanged(258)) - Service BackgroundPipelineCreator transitions to RUNNING.
2024-03-05 10:11:26,382 [EventQueue-OpenPipelineForHealthyPipelineSafeModeRule] INFO  BackgroundPipelineScrubber (BackgroundSCMService.java:notifyStatusChanged(79)) - Service BackgroundPipelineScrubber transitions to RUNNING.
2024-03-05 10:11:26,382 [EventQueue-OpenPipelineForHealthyPipelineSafeModeRule] INFO  ExpiredContainerReplicaOpScrubber (BackgroundSCMService.java:notifyStatusChanged(79)) - Service ExpiredContainerReplicaOpScrubber transitions to RUNNING.
2024-03-05 10:11:26,382 [EventQueue-OpenPipelineForHealthyPipelineSafeModeRule] INFO  block.SCMBlockDeletingService (SCMBlockDeletingService.java:notifyStatusChanged(247)) - notifyStatusChanged:RUNNING
2024-03-05 10:11:26,382 [EventQueue-OpenPipelineForHealthyPipelineSafeModeRule] INFO  replication.ReplicationManager (ReplicationManager.java:notifyStatusChanged(1403)) - Service ReplicationManager transitions to RUNNING.
2024-03-05 10:11:26,382 [EventQueue-OpenPipelineForHealthyPipelineSafeModeRule] WARN  balancer.ContainerBalancer (ContainerBalancer.java:shouldRun(134)) - Could not find persisted configuration for ContainerBalancer when checking if ContainerBalancer should run. ContainerBalancer should not run now.
2024-03-05 10:11:26,383 [71f4d41d-0e43-455a-af57-6dee494bca18@group-AB97D73B6EC3-SegmentedRaftLogWorker] INFO  segmented.BufferedWriteChannel (BufferedWriteChannel.java:open(62)) - open log_inprogress_0 at position 0
2024-03-05 10:11:26,389 [40c6403c-e697-43dc-b480-ae867bb88e33-server-thread1] INFO  ratis.XceiverServerRatis (XceiverServerRatis.java:handleLeaderChangedNotification(966)) - Leader change notification received for group: group-AB97D73B6EC3 with new leaderId: 71f4d41d-0e43-455a-af57-6dee494bca18
2024-03-05 10:11:26,390 [40c6403c-e697-43dc-b480-ae867bb88e33-server-thread1] INFO  server.RaftServer$Division (ServerState.java:setLeader(269)) - 40c6403c-e697-43dc-b480-ae867bb88e33@group-AB97D73B6EC3: change Leader from null to 71f4d41d-0e43-455a-af57-6dee494bca18 at term 1 for appendEntries, leader elected after 5136ms
2024-03-05 10:11:26,390 [71f4d41d-0e43-455a-af57-6dee494bca18@group-AB97D73B6EC3-SegmentedRaftLogWorker] INFO  segmented.SegmentedRaftLogWorker (SegmentedRaftLogWorker.java:execute(634)) - 71f4d41d-0e43-455a-af57-6dee494bca18@group-AB97D73B6EC3-SegmentedRaftLogWorker: created new log segment /home/runner/work/ozone/ozone/hadoop-ozone/integration-test/target/test-dir/MiniOzoneClusterImpl-58322414-df67-4d64-942a-a0d9644003f2/ozone-meta/datanode-3/ratis/055c12ea-da00-423a-b21b-ab97d73b6ec3/current/log_inprogress_0
2024-03-05 10:11:26,394 [40c6403c-e697-43dc-b480-ae867bb88e33-server-thread2] INFO  server.RaftServer$Division (ServerState.java:setRaftConf(386)) - 40c6403c-e697-43dc-b480-ae867bb88e33@group-AB97D73B6EC3: set configuration 0: peers:[40c6403c-e697-43dc-b480-ae867bb88e33|10.1.0.29:15290, 96c5040e-cdea-4ff5-b94a-979666270d21|10.1.0.29:15281, 71f4d41d-0e43-455a-af57-6dee494bca18|10.1.0.29:15299]|listeners:[], old=null
2024-03-05 10:11:26,395 [40c6403c-e697-43dc-b480-ae867bb88e33-server-thread2] INFO  segmented.SegmentedRaftLogWorker (SegmentedRaftLogWorker.java:startLogSegment(430)) - 40c6403c-e697-43dc-b480-ae867bb88e33@group-AB97D73B6EC3-SegmentedRaftLogWorker: Starting segment from index:0
2024-03-05 10:11:26,395 [96c5040e-cdea-4ff5-b94a-979666270d21-server-thread1] INFO  ratis.XceiverServerRatis (XceiverServerRatis.java:handleLeaderChangedNotification(966)) - Leader change notification received for group: group-AB97D73B6EC3 with new leaderId: 71f4d41d-0e43-455a-af57-6dee494bca18
2024-03-05 10:11:26,395 [96c5040e-cdea-4ff5-b94a-979666270d21-server-thread1] INFO  server.RaftServer$Division (ServerState.java:setLeader(269)) - 96c5040e-cdea-4ff5-b94a-979666270d21@group-AB97D73B6EC3: change Leader from null to 71f4d41d-0e43-455a-af57-6dee494bca18 at term 1 for appendEntries, leader elected after 5194ms
2024-03-05 10:11:26,395 [40c6403c-e697-43dc-b480-ae867bb88e33@group-AB97D73B6EC3-SegmentedRaftLogWorker] INFO  segmented.BufferedWriteChannel (BufferedWriteChannel.java:open(62)) - open log_inprogress_0 at position 0
2024-03-05 10:11:26,397 [71f4d41d-0e43-455a-af57-6dee494bca18@group-32BEA8AEAF95-FollowerState] INFO  impl.FollowerState (FollowerState.java:run(143)) - 71f4d41d-0e43-455a-af57-6dee494bca18@group-32BEA8AEAF95-FollowerState: change to CANDIDATE, lastRpcElapsedTime:5018513081ns, electionTimeout:5018ms
2024-03-05 10:11:26,397 [71f4d41d-0e43-455a-af57-6dee494bca18@group-32BEA8AEAF95-FollowerState] INFO  impl.RoleInfo (RoleInfo.java:shutdownFollowerState(110)) - 71f4d41d-0e43-455a-af57-6dee494bca18: shutdown 71f4d41d-0e43-455a-af57-6dee494bca18@group-32BEA8AEAF95-FollowerState
2024-03-05 10:11:26,398 [71f4d41d-0e43-455a-af57-6dee494bca18@group-32BEA8AEAF95-FollowerState] INFO  server.RaftServer$Division (RaftServerImpl.java:setRole(383)) - 71f4d41d-0e43-455a-af57-6dee494bca18@group-32BEA8AEAF95: changes role from  FOLLOWER to CANDIDATE at term 0 for changeToCandidate
2024-03-05 10:11:26,398 [96c5040e-cdea-4ff5-b94a-979666270d21-server-thread1] INFO  server.RaftServer$Division (ServerState.java:setRaftConf(386)) - 96c5040e-cdea-4ff5-b94a-979666270d21@group-AB97D73B6EC3: set configuration 0: peers:[40c6403c-e697-43dc-b480-ae867bb88e33|10.1.0.29:15290, 96c5040e-cdea-4ff5-b94a-979666270d21|10.1.0.29:15281, 71f4d41d-0e43-455a-af57-6dee494bca18|10.1.0.29:15299]|listeners:[], old=null
2024-03-05 10:11:26,399 [71f4d41d-0e43-455a-af57-6dee494bca18@group-32BEA8AEAF95-FollowerState] INFO  server.RaftServerConfigKeys (ConfUtils.java:logGet(46)) - raft.server.leaderelection.pre-vote = true (default)
2024-03-05 10:11:26,399 [96c5040e-cdea-4ff5-b94a-979666270d21-server-thread1] INFO  segmented.SegmentedRaftLogWorker (SegmentedRaftLogWorker.java:startLogSegment(430)) - 96c5040e-cdea-4ff5-b94a-979666270d21@group-AB97D73B6EC3-SegmentedRaftLogWorker: Starting segment from index:0
2024-03-05 10:11:26,399 [71f4d41d-0e43-455a-af57-6dee494bca18@group-32BEA8AEAF95-FollowerState] INFO  impl.RoleInfo (RoleInfo.java:updateAndGet(139)) - 71f4d41d-0e43-455a-af57-6dee494bca18: start 71f4d41d-0e43-455a-af57-6dee494bca18@group-32BEA8AEAF95-LeaderElection53
2024-03-05 10:11:26,400 [96c5040e-cdea-4ff5-b94a-979666270d21@group-AB97D73B6EC3-SegmentedRaftLogWorker] INFO  segmented.BufferedWriteChannel (BufferedWriteChannel.java:open(62)) - open log_inprogress_0 at position 0
2024-03-05 10:11:26,402 [71f4d41d-0e43-455a-af57-6dee494bca18@group-32BEA8AEAF95-LeaderElection53] INFO  impl.LeaderElection (LeaderElection.java:askForVotes(321)) - 71f4d41d-0e43-455a-af57-6dee494bca18@group-32BEA8AEAF95-LeaderElection53 PRE_VOTE round 0: submit vote requests at term 0 for -1: peers:[71f4d41d-0e43-455a-af57-6dee494bca18|10.1.0.29:15299]|listeners:[], old=null
2024-03-05 10:11:26,402 [71f4d41d-0e43-455a-af57-6dee494bca18@group-32BEA8AEAF95-LeaderElection53] INFO  impl.LeaderElection (LeaderElection.java:askForVotes(323)) - 71f4d41d-0e43-455a-af57-6dee494bca18@group-32BEA8AEAF95-LeaderElection53 PRE_VOTE round 0: result PASSED (term=0)
2024-03-05 10:11:26,407 [96c5040e-cdea-4ff5-b94a-979666270d21@group-AB97D73B6EC3-SegmentedRaftLogWorker] INFO  segmented.SegmentedRaftLogWorker (SegmentedRaftLogWorker.java:execute(634)) - 96c5040e-cdea-4ff5-b94a-979666270d21@group-AB97D73B6EC3-SegmentedRaftLogWorker: created new log segment /home/runner/work/ozone/ozone/hadoop-ozone/integration-test/target/test-dir/MiniOzoneClusterImpl-58322414-df67-4d64-942a-a0d9644003f2/ozone-meta/datanode-1/ratis/055c12ea-da00-423a-b21b-ab97d73b6ec3/current/log_inprogress_0
2024-03-05 10:11:26,408 [71f4d41d-0e43-455a-af57-6dee494bca18@group-32BEA8AEAF95-LeaderElection53] INFO  impl.LeaderElection (LeaderElection.java:askForVotes(321)) - 71f4d41d-0e43-455a-af57-6dee494bca18@group-32BEA8AEAF95-LeaderElection53 ELECTION round 0: submit vote requests at term 1 for -1: peers:[71f4d41d-0e43-455a-af57-6dee494bca18|10.1.0.29:15299]|listeners:[], old=null
2024-03-05 10:11:26,409 [71f4d41d-0e43-455a-af57-6dee494bca18@group-32BEA8AEAF95-LeaderElection53] INFO  impl.LeaderElection (LeaderElection.java:askForVotes(323)) - 71f4d41d-0e43-455a-af57-6dee494bca18@group-32BEA8AEAF95-LeaderElection53 ELECTION round 0: result PASSED (term=1)
2024-03-05 10:11:26,409 [71f4d41d-0e43-455a-af57-6dee494bca18@group-32BEA8AEAF95-LeaderElection53] INFO  impl.RoleInfo (RoleInfo.java:shutdownLeaderElection(130)) - 71f4d41d-0e43-455a-af57-6dee494bca18: shutdown 71f4d41d-0e43-455a-af57-6dee494bca18@group-32BEA8AEAF95-LeaderElection53
2024-03-05 10:11:26,409 [71f4d41d-0e43-455a-af57-6dee494bca18@group-32BEA8AEAF95-LeaderElection53] INFO  server.RaftServer$Division (RaftServerImpl.java:setRole(383)) - 71f4d41d-0e43-455a-af57-6dee494bca18@group-32BEA8AEAF95: changes role from CANDIDATE to LEADER at term 1 for changeToLeader
2024-03-05 10:11:26,409 [71f4d41d-0e43-455a-af57-6dee494bca18@group-32BEA8AEAF95-LeaderElection53] INFO  server.RaftServerConfigKeys (ConfUtils.java:logGet(46)) - raft.server.staging.catchup.gap = 1000 (default)
2024-03-05 10:11:26,409 [71f4d41d-0e43-455a-af57-6dee494bca18@group-32BEA8AEAF95-LeaderElection53] INFO  server.RaftServerConfigKeys (ConfUtils.java:logGet(46)) - raft.server.write.element-limit = 1024 (custom)
2024-03-05 10:11:26,409 [71f4d41d-0e43-455a-af57-6dee494bca18@group-32BEA8AEAF95-LeaderElection53] INFO  server.RaftServerConfigKeys (ConfUtils.java:logGet(46)) - raft.server.write.byte-limit = 1024 M (=1073741824) (custom)
2024-03-05 10:11:26,409 [71f4d41d-0e43-455a-af57-6dee494bca18@group-32BEA8AEAF95-LeaderElection53] INFO  server.RaftServerConfigKeys (ConfUtils.java:logGet(46)) - raft.server.watch.timeout = 3000ms (custom)
2024-03-05 10:11:26,409 [71f4d41d-0e43-455a-af57-6dee494bca18@group-32BEA8AEAF95-LeaderElection53] INFO  server.RaftServerConfigKeys (ConfUtils.java:logGet(46)) - raft.server.watch.timeout.denomination = 1s (default)
2024-03-05 10:11:26,409 [71f4d41d-0e43-455a-af57-6dee494bca18@group-32BEA8AEAF95-LeaderElection53] INFO  server.RaftServerConfigKeys (ConfUtils.java:logGet(46)) - raft.server.watch.element-limit = 65536 (default)
2024-03-05 10:11:26,410 [71f4d41d-0e43-455a-af57-6dee494bca18@group-32BEA8AEAF95-LeaderElection53] INFO  server.RaftServerConfigKeys (ConfUtils.java:logGet(46)) - raft.server.read.leader.lease.enabled = false (default)
2024-03-05 10:11:26,410 [71f4d41d-0e43-455a-af57-6dee494bca18@group-32BEA8AEAF95-LeaderElection53] INFO  server.RaftServerConfigKeys (ConfUtils.java:logGet(46)) - raft.server.read.leader.lease.timeout.ratio = 0.9 (default)
2024-03-05 10:11:26,410 [71f4d41d-0e43-455a-af57-6dee494bca18@group-32BEA8AEAF95-LeaderElection53] INFO  server.RaftServerConfigKeys (ConfUtils.java:logGet(46)) - raft.server.rpc.timeout.min = 5s (custom)
2024-03-05 10:11:26,410 [71f4d41d-0e43-455a-af57-6dee494bca18@group-32BEA8AEAF95-LeaderElection53] INFO  server.RaftServerConfigKeys (ConfUtils.java:logGet(46)) - raft.server.write.element-limit = 1024 (custom)
2024-03-05 10:11:26,410 [71f4d41d-0e43-455a-af57-6dee494bca18@group-32BEA8AEAF95-LeaderElection53] INFO  server.RaftServerConfigKeys (ConfUtils.java:logGet(46)) - raft.server.write.follower.gap.ratio.max = -1.0 (default)
2024-03-05 10:11:26,410 [71f4d41d-0e43-455a-af57-6dee494bca18@group-32BEA8AEAF95-LeaderElection53] INFO  impl.RoleInfo (RoleInfo.java:updateAndGet(139)) - 71f4d41d-0e43-455a-af57-6dee494bca18: start 71f4d41d-0e43-455a-af57-6dee494bca18@group-32BEA8AEAF95-LeaderStateImpl
2024-03-05 10:11:26,410 [71f4d41d-0e43-455a-af57-6dee494bca18@group-32BEA8AEAF95-LeaderElection53] INFO  server.RaftServer$Division (RaftServerImpl.java:setFirstElection(574)) - 71f4d41d-0e43-455a-af57-6dee494bca18@group-32BEA8AEAF95: set firstElectionSinceStartup to false for becomeLeader
2024-03-05 10:11:26,410 [71f4d41d-0e43-455a-af57-6dee494bca18@group-32BEA8AEAF95-LeaderElection53] INFO  ratis.XceiverServerRatis (XceiverServerRatis.java:handleLeaderChangedNotification(966)) - Leader change notification received for group: group-32BEA8AEAF95 with new leaderId: 71f4d41d-0e43-455a-af57-6dee494bca18
2024-03-05 10:11:26,410 [71f4d41d-0e43-455a-af57-6dee494bca18@group-32BEA8AEAF95-LeaderElection53] INFO  server.RaftServer$Division (ServerState.java:setLeader(269)) - 71f4d41d-0e43-455a-af57-6dee494bca18@group-32BEA8AEAF95: change Leader from null to 71f4d41d-0e43-455a-af57-6dee494bca18 at term 1 for becomeLeader, leader elected after 5041ms
2024-03-05 10:11:26,410 [71f4d41d-0e43-455a-af57-6dee494bca18@group-32BEA8AEAF95-LeaderElection53] INFO  segmented.SegmentedRaftLogWorker (SegmentedRaftLogWorker.java:startLogSegment(430)) - 71f4d41d-0e43-455a-af57-6dee494bca18@group-32BEA8AEAF95-SegmentedRaftLogWorker: Starting segment from index:0
2024-03-05 10:11:26,408 [40c6403c-e697-43dc-b480-ae867bb88e33@group-AB97D73B6EC3-SegmentedRaftLogWorker] INFO  segmented.SegmentedRaftLogWorker (SegmentedRaftLogWorker.java:execute(634)) - 40c6403c-e697-43dc-b480-ae867bb88e33@group-AB97D73B6EC3-SegmentedRaftLogWorker: created new log segment /home/runner/work/ozone/ozone/hadoop-ozone/integration-test/target/test-dir/MiniOzoneClusterImpl-58322414-df67-4d64-942a-a0d9644003f2/ozone-meta/datanode-2/ratis/055c12ea-da00-423a-b21b-ab97d73b6ec3/current/log_inprogress_0
2024-03-05 10:11:26,411 [71f4d41d-0e43-455a-af57-6dee494bca18@group-AB97D73B6EC3-StateMachineUpdater] INFO  server.RaftServer$Division (LeaderStateImpl.java:isApplied(320)) - leader is ready since appliedIndex == 0 >= startIndex == 0
2024-03-05 10:11:26,412 [71f4d41d-0e43-455a-af57-6dee494bca18@group-32BEA8AEAF95-SegmentedRaftLogWorker] INFO  segmented.BufferedWriteChannel (BufferedWriteChannel.java:open(62)) - open log_inprogress_0 at position 0
2024-03-05 10:11:26,413 [71f4d41d-0e43-455a-af57-6dee494bca18@group-32BEA8AEAF95-LeaderElection53] INFO  server.RaftServer$Division (ServerState.java:setRaftConf(386)) - 71f4d41d-0e43-455a-af57-6dee494bca18@group-32BEA8AEAF95: set configuration 0: peers:[71f4d41d-0e43-455a-af57-6dee494bca18|10.1.0.29:15299]|listeners:[], old=null
2024-03-05 10:11:26,421 [71f4d41d-0e43-455a-af57-6dee494bca18@group-32BEA8AEAF95-SegmentedRaftLogWorker] INFO  segmented.SegmentedRaftLogWorker (SegmentedRaftLogWorker.java:execute(634)) - 71f4d41d-0e43-455a-af57-6dee494bca18@group-32BEA8AEAF95-SegmentedRaftLogWorker: created new log segment /home/runner/work/ozone/ozone/hadoop-ozone/integration-test/target/test-dir/MiniOzoneClusterImpl-58322414-df67-4d64-942a-a0d9644003f2/ozone-meta/datanode-3/ratis/6745923d-3986-41aa-8695-32bea8aeaf95/current/log_inprogress_0
2024-03-05 10:11:26,422 [71f4d41d-0e43-455a-af57-6dee494bca18@group-32BEA8AEAF95-StateMachineUpdater] INFO  server.RaftServer$Division (LeaderStateImpl.java:isApplied(320)) - leader is ready since appliedIndex == 0 >= startIndex == 0
2024-03-05 10:11:26,476 [40c6403c-e697-43dc-b480-ae867bb88e33@group-7D51CCF26F14-FollowerState] INFO  impl.FollowerState (FollowerState.java:run(143)) - 40c6403c-e697-43dc-b480-ae867bb88e33@group-7D51CCF26F14-FollowerState: change to CANDIDATE, lastRpcElapsedTime:5197474348ns, electionTimeout:5197ms
2024-03-05 10:11:26,476 [40c6403c-e697-43dc-b480-ae867bb88e33@group-7D51CCF26F14-FollowerState] INFO  impl.RoleInfo (RoleInfo.java:shutdownFollowerState(110)) - 40c6403c-e697-43dc-b480-ae867bb88e33: shutdown 40c6403c-e697-43dc-b480-ae867bb88e33@group-7D51CCF26F14-FollowerState
2024-03-05 10:11:26,476 [40c6403c-e697-43dc-b480-ae867bb88e33@group-7D51CCF26F14-FollowerState] INFO  server.RaftServer$Division (RaftServerImpl.java:setRole(383)) - 40c6403c-e697-43dc-b480-ae867bb88e33@group-7D51CCF26F14: changes role from  FOLLOWER to CANDIDATE at term 0 for changeToCandidate
2024-03-05 10:11:26,476 [40c6403c-e697-43dc-b480-ae867bb88e33@group-7D51CCF26F14-FollowerState] INFO  server.RaftServerConfigKeys (ConfUtils.java:logGet(46)) - raft.server.leaderelection.pre-vote = true (default)
2024-03-05 10:11:26,476 [40c6403c-e697-43dc-b480-ae867bb88e33@group-7D51CCF26F14-FollowerState] INFO  impl.RoleInfo (RoleInfo.java:updateAndGet(139)) - 40c6403c-e697-43dc-b480-ae867bb88e33: start 40c6403c-e697-43dc-b480-ae867bb88e33@group-7D51CCF26F14-LeaderElection54
2024-03-05 10:11:26,478 [40c6403c-e697-43dc-b480-ae867bb88e33@group-7D51CCF26F14-LeaderElection54] INFO  impl.LeaderElection (LeaderElection.java:askForVotes(321)) - 40c6403c-e697-43dc-b480-ae867bb88e33@group-7D51CCF26F14-LeaderElection54 PRE_VOTE round 0: submit vote requests at term 0 for -1: peers:[40c6403c-e697-43dc-b480-ae867bb88e33|10.1.0.29:15290]|listeners:[], old=null
2024-03-05 10:11:26,478 [40c6403c-e697-43dc-b480-ae867bb88e33@group-7D51CCF26F14-LeaderElection54] INFO  impl.LeaderElection (LeaderElection.java:askForVotes(323)) - 40c6403c-e697-43dc-b480-ae867bb88e33@group-7D51CCF26F14-LeaderElection54 PRE_VOTE round 0: result PASSED (term=0)
2024-03-05 10:11:26,479 [40c6403c-e697-43dc-b480-ae867bb88e33@group-7D51CCF26F14-LeaderElection54] INFO  impl.LeaderElection (LeaderElection.java:askForVotes(321)) - 40c6403c-e697-43dc-b480-ae867bb88e33@group-7D51CCF26F14-LeaderElection54 ELECTION round 0: submit vote requests at term 1 for -1: peers:[40c6403c-e697-43dc-b480-ae867bb88e33|10.1.0.29:15290]|listeners:[], old=null
2024-03-05 10:11:26,479 [40c6403c-e697-43dc-b480-ae867bb88e33@group-7D51CCF26F14-LeaderElection54] INFO  impl.LeaderElection (LeaderElection.java:askForVotes(323)) - 40c6403c-e697-43dc-b480-ae867bb88e33@group-7D51CCF26F14-LeaderElection54 ELECTION round 0: result PASSED (term=1)
2024-03-05 10:11:26,479 [40c6403c-e697-43dc-b480-ae867bb88e33@group-7D51CCF26F14-LeaderElection54] INFO  impl.RoleInfo (RoleInfo.java:shutdownLeaderElection(130)) - 40c6403c-e697-43dc-b480-ae867bb88e33: shutdown 40c6403c-e697-43dc-b480-ae867bb88e33@group-7D51CCF26F14-LeaderElection54
2024-03-05 10:11:26,479 [40c6403c-e697-43dc-b480-ae867bb88e33@group-7D51CCF26F14-LeaderElection54] INFO  server.RaftServer$Division (RaftServerImpl.java:setRole(383)) - 40c6403c-e697-43dc-b480-ae867bb88e33@group-7D51CCF26F14: changes role from CANDIDATE to LEADER at term 1 for changeToLeader
2024-03-05 10:11:26,479 [40c6403c-e697-43dc-b480-ae867bb88e33@group-7D51CCF26F14-LeaderElection54] INFO  server.RaftServerConfigKeys (ConfUtils.java:logGet(46)) - raft.server.staging.catchup.gap = 1000 (default)
2024-03-05 10:11:26,479 [40c6403c-e697-43dc-b480-ae867bb88e33@group-7D51CCF26F14-LeaderElection54] INFO  server.RaftServerConfigKeys (ConfUtils.java:logGet(46)) - raft.server.write.element-limit = 1024 (custom)
2024-03-05 10:11:26,479 [40c6403c-e697-43dc-b480-ae867bb88e33@group-7D51CCF26F14-LeaderElection54] INFO  server.RaftServerConfigKeys (ConfUtils.java:logGet(46)) - raft.server.write.byte-limit = 1024 M (=1073741824) (custom)
2024-03-05 10:11:26,479 [40c6403c-e697-43dc-b480-ae867bb88e33@group-7D51CCF26F14-LeaderElection54] INFO  server.RaftServerConfigKeys (ConfUtils.java:logGet(46)) - raft.server.watch.timeout = 3000ms (custom)
2024-03-05 10:11:26,479 [40c6403c-e697-43dc-b480-ae867bb88e33@group-7D51CCF26F14-LeaderElection54] INFO  server.RaftServerConfigKeys (ConfUtils.java:logGet(46)) - raft.server.watch.timeout.denomination = 1s (default)
2024-03-05 10:11:26,479 [40c6403c-e697-43dc-b480-ae867bb88e33@group-7D51CCF26F14-LeaderElection54] INFO  server.RaftServerConfigKeys (ConfUtils.java:logGet(46)) - raft.server.watch.element-limit = 65536 (default)
2024-03-05 10:11:26,479 [40c6403c-e697-43dc-b480-ae867bb88e33@group-7D51CCF26F14-LeaderElection54] INFO  server.RaftServerConfigKeys (ConfUtils.java:logGet(46)) - raft.server.read.leader.lease.enabled = false (default)
2024-03-05 10:11:26,479 [40c6403c-e697-43dc-b480-ae867bb88e33@group-7D51CCF26F14-LeaderElection54] INFO  server.RaftServerConfigKeys (ConfUtils.java:logGet(46)) - raft.server.read.leader.lease.timeout.ratio = 0.9 (default)
2024-03-05 10:11:26,479 [40c6403c-e697-43dc-b480-ae867bb88e33@group-7D51CCF26F14-LeaderElection54] INFO  server.RaftServerConfigKeys (ConfUtils.java:logGet(46)) - raft.server.rpc.timeout.min = 5s (custom)
2024-03-05 10:11:26,479 [40c6403c-e697-43dc-b480-ae867bb88e33@group-7D51CCF26F14-LeaderElection54] INFO  server.RaftServerConfigKeys (ConfUtils.java:logGet(46)) - raft.server.write.element-limit = 1024 (custom)
2024-03-05 10:11:26,479 [40c6403c-e697-43dc-b480-ae867bb88e33@group-7D51CCF26F14-LeaderElection54] INFO  server.RaftServerConfigKeys (ConfUtils.java:logGet(46)) - raft.server.write.follower.gap.ratio.max = -1.0 (default)
2024-03-05 10:11:26,480 [40c6403c-e697-43dc-b480-ae867bb88e33@group-7D51CCF26F14-LeaderElection54] INFO  impl.RoleInfo (RoleInfo.java:updateAndGet(139)) - 40c6403c-e697-43dc-b480-ae867bb88e33: start 40c6403c-e697-43dc-b480-ae867bb88e33@group-7D51CCF26F14-LeaderStateImpl
2024-03-05 10:11:26,480 [40c6403c-e697-43dc-b480-ae867bb88e33@group-7D51CCF26F14-LeaderElection54] INFO  server.RaftServer$Division (RaftServerImpl.java:setFirstElection(574)) - 40c6403c-e697-43dc-b480-ae867bb88e33@group-7D51CCF26F14: set firstElectionSinceStartup to false for becomeLeader
2024-03-05 10:11:26,480 [40c6403c-e697-43dc-b480-ae867bb88e33@group-7D51CCF26F14-LeaderElection54] INFO  ratis.XceiverServerRatis (XceiverServerRatis.java:handleLeaderChangedNotification(966)) - Leader change notification received for group: group-7D51CCF26F14 with new leaderId: 40c6403c-e697-43dc-b480-ae867bb88e33
2024-03-05 10:11:26,480 [40c6403c-e697-43dc-b480-ae867bb88e33@group-7D51CCF26F14-LeaderElection54] INFO  server.RaftServer$Division (ServerState.java:setLeader(269)) - 40c6403c-e697-43dc-b480-ae867bb88e33@group-7D51CCF26F14: change Leader from null to 40c6403c-e697-43dc-b480-ae867bb88e33 at term 1 for becomeLeader, leader elected after 5211ms
2024-03-05 10:11:26,480 [40c6403c-e697-43dc-b480-ae867bb88e33@group-7D51CCF26F14-LeaderElection54] INFO  segmented.SegmentedRaftLogWorker (SegmentedRaftLogWorker.java:startLogSegment(430)) - 40c6403c-e697-43dc-b480-ae867bb88e33@group-7D51CCF26F14-SegmentedRaftLogWorker: Starting segment from index:0
2024-03-05 10:11:26,481 [40c6403c-e697-43dc-b480-ae867bb88e33@group-7D51CCF26F14-LeaderElection54] INFO  server.RaftServer$Division (ServerState.java:setRaftConf(386)) - 40c6403c-e697-43dc-b480-ae867bb88e33@group-7D51CCF26F14: set configuration 0: peers:[40c6403c-e697-43dc-b480-ae867bb88e33|10.1.0.29:15290]|listeners:[], old=null
2024-03-05 10:11:26,481 [40c6403c-e697-43dc-b480-ae867bb88e33@group-7D51CCF26F14-SegmentedRaftLogWorker] INFO  segmented.BufferedWriteChannel (BufferedWriteChannel.java:open(62)) - open log_inprogress_0 at position 0
2024-03-05 10:11:26,489 [40c6403c-e697-43dc-b480-ae867bb88e33@group-7D51CCF26F14-SegmentedRaftLogWorker] INFO  segmented.SegmentedRaftLogWorker (SegmentedRaftLogWorker.java:execute(634)) - 40c6403c-e697-43dc-b480-ae867bb88e33@group-7D51CCF26F14-SegmentedRaftLogWorker: created new log segment /home/runner/work/ozone/ozone/hadoop-ozone/integration-test/target/test-dir/MiniOzoneClusterImpl-58322414-df67-4d64-942a-a0d9644003f2/ozone-meta/datanode-2/ratis/569d738e-aa16-4ece-aa4f-7d51ccf26f14/current/log_inprogress_0
2024-03-05 10:11:26,491 [40c6403c-e697-43dc-b480-ae867bb88e33@group-7D51CCF26F14-StateMachineUpdater] INFO  server.RaftServer$Division (LeaderStateImpl.java:isApplied(320)) - leader is ready since appliedIndex == 0 >= startIndex == 0
2024-03-05 10:11:26,532 [d931d63e-dd15-4e6c-a722-a504b4f57030@group-F3A3BFA84EC7-FollowerState] INFO  impl.FollowerState (FollowerState.java:run(143)) - d931d63e-dd15-4e6c-a722-a504b4f57030@group-F3A3BFA84EC7-FollowerState: change to CANDIDATE, lastRpcElapsedTime:5032974526ns, electionTimeout:5032ms
2024-03-05 10:11:26,532 [d931d63e-dd15-4e6c-a722-a504b4f57030@group-F3A3BFA84EC7-FollowerState] INFO  impl.RoleInfo (RoleInfo.java:shutdownFollowerState(110)) - d931d63e-dd15-4e6c-a722-a504b4f57030: shutdown d931d63e-dd15-4e6c-a722-a504b4f57030@group-F3A3BFA84EC7-FollowerState
2024-03-05 10:11:26,532 [d931d63e-dd15-4e6c-a722-a504b4f57030@group-F3A3BFA84EC7-FollowerState] INFO  server.RaftServer$Division (RaftServerImpl.java:setRole(383)) - d931d63e-dd15-4e6c-a722-a504b4f57030@group-F3A3BFA84EC7: changes role from  FOLLOWER to CANDIDATE at term 0 for changeToCandidate
2024-03-05 10:11:26,532 [d931d63e-dd15-4e6c-a722-a504b4f57030@group-F3A3BFA84EC7-FollowerState] INFO  server.RaftServerConfigKeys (ConfUtils.java:logGet(46)) - raft.server.leaderelection.pre-vote = true (default)
2024-03-05 10:11:26,532 [d931d63e-dd15-4e6c-a722-a504b4f57030@group-F3A3BFA84EC7-FollowerState] INFO  impl.RoleInfo (RoleInfo.java:updateAndGet(139)) - d931d63e-dd15-4e6c-a722-a504b4f57030: start d931d63e-dd15-4e6c-a722-a504b4f57030@group-F3A3BFA84EC7-LeaderElection55
2024-03-05 10:11:26,534 [d931d63e-dd15-4e6c-a722-a504b4f57030@group-F3A3BFA84EC7-LeaderElection55] INFO  impl.LeaderElection (LeaderElection.java:askForVotes(321)) - d931d63e-dd15-4e6c-a722-a504b4f57030@group-F3A3BFA84EC7-LeaderElection55 PRE_VOTE round 0: submit vote requests at term 0 for -1: peers:[76f60663-9351-4c92-a037-8f3a190b5659|10.1.0.29:15326, d931d63e-dd15-4e6c-a722-a504b4f57030|10.1.0.29:15308, e31e7e37-3da5-4192-a08f-644192942d08|10.1.0.29:15317]|listeners:[], old=null
2024-03-05 10:11:26,534 [d931d63e-dd15-4e6c-a722-a504b4f57030@group-F3A3BFA84EC7-LeaderElection55-1] INFO  server.GrpcServerProtocolClient (GrpcServerProtocolClient.java:<init>(65)) - Build channel for 76f60663-9351-4c92-a037-8f3a190b5659|10.1.0.29:15326
2024-03-05 10:11:26,534 [d931d63e-dd15-4e6c-a722-a504b4f57030@group-F3A3BFA84EC7-LeaderElection55-2] INFO  server.GrpcServerProtocolClient (GrpcServerProtocolClient.java:<init>(65)) - Build channel for e31e7e37-3da5-4192-a08f-644192942d08|10.1.0.29:15317
2024-03-05 10:11:26,534 [d931d63e-dd15-4e6c-a722-a504b4f57030@group-F3A3BFA84EC7-LeaderElection55] INFO  server.RaftServerConfigKeys (ConfUtils.java:logFallback(53)) - raft.server.rpc.first-election.timeout.min = 5s (fallback to raft.server.rpc.timeout.min)
2024-03-05 10:11:26,534 [d931d63e-dd15-4e6c-a722-a504b4f57030@group-F3A3BFA84EC7-LeaderElection55] INFO  server.RaftServerConfigKeys (ConfUtils.java:logFallback(53)) - raft.server.rpc.first-election.timeout.max = 5200ms (fallback to raft.server.rpc.timeout.max)
2024-03-05 10:11:26,538 [grpc-default-executor-4] INFO  server.RaftServer$Division (RaftServerImpl.java:requestVote(1389)) - e31e7e37-3da5-4192-a08f-644192942d08@group-F3A3BFA84EC7: receive requestVote(PRE_VOTE, d931d63e-dd15-4e6c-a722-a504b4f57030, group-F3A3BFA84EC7, 0, (t:0, i:0))
2024-03-05 10:11:26,538 [grpc-default-executor-4] INFO  impl.VoteContext (VoteContext.java:log(49)) - e31e7e37-3da5-4192-a08f-644192942d08@group-F3A3BFA84EC7-FOLLOWER: accept PRE_VOTE from d931d63e-dd15-4e6c-a722-a504b4f57030: our priority 0 <= candidate's priority 1
2024-03-05 10:11:26,538 [grpc-default-executor-4] INFO  server.RaftServer$Division (RaftServerImpl.java:requestVote(1422)) - e31e7e37-3da5-4192-a08f-644192942d08@group-F3A3BFA84EC7 replies to PRE_VOTE vote request: d931d63e-dd15-4e6c-a722-a504b4f57030<-e31e7e37-3da5-4192-a08f-644192942d08#0:OK-t0. Peer's state: e31e7e37-3da5-4192-a08f-644192942d08@group-F3A3BFA84EC7:t0, leader=null, voted=, raftlog=Memoized:e31e7e37-3da5-4192-a08f-644192942d08@group-F3A3BFA84EC7-SegmentedRaftLog:OPENED:c-1, conf=-1: peers:[76f60663-9351-4c92-a037-8f3a190b5659|10.1.0.29:15326, d931d63e-dd15-4e6c-a722-a504b4f57030|10.1.0.29:15308, e31e7e37-3da5-4192-a08f-644192942d08|10.1.0.29:15317]|listeners:[], old=null
2024-03-05 10:11:26,538 [grpc-default-executor-3] INFO  server.RaftServer$Division (RaftServerImpl.java:requestVote(1389)) - 76f60663-9351-4c92-a037-8f3a190b5659@group-F3A3BFA84EC7: receive requestVote(PRE_VOTE, d931d63e-dd15-4e6c-a722-a504b4f57030, group-F3A3BFA84EC7, 0, (t:0, i:0))
2024-03-05 10:11:26,538 [grpc-default-executor-3] INFO  impl.VoteContext (VoteContext.java:log(49)) - 76f60663-9351-4c92-a037-8f3a190b5659@group-F3A3BFA84EC7-FOLLOWER: accept PRE_VOTE from d931d63e-dd15-4e6c-a722-a504b4f57030: our priority 0 <= candidate's priority 1
2024-03-05 10:11:26,539 [grpc-default-executor-3] INFO  server.RaftServer$Division (RaftServerImpl.java:requestVote(1422)) - 76f60663-9351-4c92-a037-8f3a190b5659@group-F3A3BFA84EC7 replies to PRE_VOTE vote request: d931d63e-dd15-4e6c-a722-a504b4f57030<-76f60663-9351-4c92-a037-8f3a190b5659#0:OK-t0. Peer's state: 76f60663-9351-4c92-a037-8f3a190b5659@group-F3A3BFA84EC7:t0, leader=null, voted=, raftlog=Memoized:76f60663-9351-4c92-a037-8f3a190b5659@group-F3A3BFA84EC7-SegmentedRaftLog:OPENED:c-1, conf=-1: peers:[76f60663-9351-4c92-a037-8f3a190b5659|10.1.0.29:15326, d931d63e-dd15-4e6c-a722-a504b4f57030|10.1.0.29:15308, e31e7e37-3da5-4192-a08f-644192942d08|10.1.0.29:15317]|listeners:[], old=null
2024-03-05 10:11:26,540 [d931d63e-dd15-4e6c-a722-a504b4f57030@group-F3A3BFA84EC7-LeaderElection55] INFO  impl.LeaderElection (LeaderElection.java:logAndReturn(89)) - d931d63e-dd15-4e6c-a722-a504b4f57030@group-F3A3BFA84EC7-LeaderElection55: PRE_VOTE PASSED received 1 response(s) and 0 exception(s):
2024-03-05 10:11:26,540 [d931d63e-dd15-4e6c-a722-a504b4f57030@group-F3A3BFA84EC7-LeaderElection55] INFO  impl.LeaderElection (LeaderElection.java:logAndReturn(93)) -   Response 0: d931d63e-dd15-4e6c-a722-a504b4f57030<-e31e7e37-3da5-4192-a08f-644192942d08#0:OK-t0
2024-03-05 10:11:26,540 [d931d63e-dd15-4e6c-a722-a504b4f57030@group-F3A3BFA84EC7-LeaderElection55] INFO  impl.LeaderElection (LeaderElection.java:askForVotes(323)) - d931d63e-dd15-4e6c-a722-a504b4f57030@group-F3A3BFA84EC7-LeaderElection55 PRE_VOTE round 0: result PASSED
2024-03-05 10:11:26,541 [d931d63e-dd15-4e6c-a722-a504b4f57030@group-F3A3BFA84EC7-LeaderElection55] INFO  impl.LeaderElection (LeaderElection.java:askForVotes(321)) - d931d63e-dd15-4e6c-a722-a504b4f57030@group-F3A3BFA84EC7-LeaderElection55 ELECTION round 0: submit vote requests at term 1 for -1: peers:[76f60663-9351-4c92-a037-8f3a190b5659|10.1.0.29:15326, d931d63e-dd15-4e6c-a722-a504b4f57030|10.1.0.29:15308, e31e7e37-3da5-4192-a08f-644192942d08|10.1.0.29:15317]|listeners:[], old=null
2024-03-05 10:11:26,542 [d931d63e-dd15-4e6c-a722-a504b4f57030@group-F3A3BFA84EC7-LeaderElection55] INFO  server.RaftServerConfigKeys (ConfUtils.java:logFallback(53)) - raft.server.rpc.first-election.timeout.min = 5s (fallback to raft.server.rpc.timeout.min)
2024-03-05 10:11:26,542 [d931d63e-dd15-4e6c-a722-a504b4f57030@group-F3A3BFA84EC7-LeaderElection55] INFO  server.RaftServerConfigKeys (ConfUtils.java:logFallback(53)) - raft.server.rpc.first-election.timeout.max = 5200ms (fallback to raft.server.rpc.timeout.max)
2024-03-05 10:11:26,542 [grpc-default-executor-3] INFO  server.RaftServer$Division (RaftServerImpl.java:requestVote(1389)) - 76f60663-9351-4c92-a037-8f3a190b5659@group-F3A3BFA84EC7: receive requestVote(ELECTION, d931d63e-dd15-4e6c-a722-a504b4f57030, group-F3A3BFA84EC7, 1, (t:0, i:0))
2024-03-05 10:11:26,542 [grpc-default-executor-3] INFO  impl.VoteContext (VoteContext.java:log(49)) - 76f60663-9351-4c92-a037-8f3a190b5659@group-F3A3BFA84EC7-FOLLOWER: accept ELECTION from d931d63e-dd15-4e6c-a722-a504b4f57030: our priority 0 <= candidate's priority 1
2024-03-05 10:11:26,542 [grpc-default-executor-3] INFO  server.RaftServer$Division (RaftServerImpl.java:setRole(383)) - 76f60663-9351-4c92-a037-8f3a190b5659@group-F3A3BFA84EC7: changes role from  FOLLOWER to FOLLOWER at term 1 for candidate:d931d63e-dd15-4e6c-a722-a504b4f57030
2024-03-05 10:11:26,542 [grpc-default-executor-3] INFO  impl.RoleInfo (RoleInfo.java:shutdownFollowerState(110)) - 76f60663-9351-4c92-a037-8f3a190b5659: shutdown 76f60663-9351-4c92-a037-8f3a190b5659@group-F3A3BFA84EC7-FollowerState
2024-03-05 10:11:26,543 [grpc-default-executor-3] INFO  impl.RoleInfo (RoleInfo.java:updateAndGet(139)) - 76f60663-9351-4c92-a037-8f3a190b5659: start 76f60663-9351-4c92-a037-8f3a190b5659@group-F3A3BFA84EC7-FollowerState
2024-03-05 10:11:26,543 [76f60663-9351-4c92-a037-8f3a190b5659@group-F3A3BFA84EC7-FollowerState] INFO  impl.FollowerState (FollowerState.java:run(152)) - 76f60663-9351-4c92-a037-8f3a190b5659@group-F3A3BFA84EC7-FollowerState was interrupted
2024-03-05 10:11:26,543 [grpc-default-executor-3] INFO  server.RaftServer$Division (RaftServerImpl.java:setFirstElection(574)) - 76f60663-9351-4c92-a037-8f3a190b5659@group-F3A3BFA84EC7: set firstElectionSinceStartup to false for candidate:d931d63e-dd15-4e6c-a722-a504b4f57030
2024-03-05 10:11:26,546 [grpc-default-executor-3] INFO  server.RaftServer$Division (RaftServerImpl.java:requestVote(1422)) - 76f60663-9351-4c92-a037-8f3a190b5659@group-F3A3BFA84EC7 replies to ELECTION vote request: d931d63e-dd15-4e6c-a722-a504b4f57030<-76f60663-9351-4c92-a037-8f3a190b5659#0:OK-t1. Peer's state: 76f60663-9351-4c92-a037-8f3a190b5659@group-F3A3BFA84EC7:t1, leader=null, voted=d931d63e-dd15-4e6c-a722-a504b4f57030, raftlog=Memoized:76f60663-9351-4c92-a037-8f3a190b5659@group-F3A3BFA84EC7-SegmentedRaftLog:OPENED:c-1, conf=-1: peers:[76f60663-9351-4c92-a037-8f3a190b5659|10.1.0.29:15326, d931d63e-dd15-4e6c-a722-a504b4f57030|10.1.0.29:15308, e31e7e37-3da5-4192-a08f-644192942d08|10.1.0.29:15317]|listeners:[], old=null
2024-03-05 10:11:26,547 [grpc-default-executor-3] INFO  server.RaftServer$Division (RaftServerImpl.java:requestVote(1389)) - e31e7e37-3da5-4192-a08f-644192942d08@group-F3A3BFA84EC7: receive requestVote(ELECTION, d931d63e-dd15-4e6c-a722-a504b4f57030, group-F3A3BFA84EC7, 1, (t:0, i:0))
2024-03-05 10:11:26,547 [d931d63e-dd15-4e6c-a722-a504b4f57030@group-F3A3BFA84EC7-LeaderElection55] INFO  impl.LeaderElection (LeaderElection.java:logAndReturn(89)) - d931d63e-dd15-4e6c-a722-a504b4f57030@group-F3A3BFA84EC7-LeaderElection55: ELECTION PASSED received 1 response(s) and 0 exception(s):
2024-03-05 10:11:26,547 [d931d63e-dd15-4e6c-a722-a504b4f57030@group-F3A3BFA84EC7-LeaderElection55] INFO  impl.LeaderElection (LeaderElection.java:logAndReturn(93)) -   Response 0: d931d63e-dd15-4e6c-a722-a504b4f57030<-76f60663-9351-4c92-a037-8f3a190b5659#0:OK-t1
2024-03-05 10:11:26,547 [d931d63e-dd15-4e6c-a722-a504b4f57030@group-F3A3BFA84EC7-LeaderElection55] INFO  impl.LeaderElection (LeaderElection.java:askForVotes(323)) - d931d63e-dd15-4e6c-a722-a504b4f57030@group-F3A3BFA84EC7-LeaderElection55 ELECTION round 0: result PASSED
2024-03-05 10:11:26,547 [d931d63e-dd15-4e6c-a722-a504b4f57030@group-F3A3BFA84EC7-LeaderElection55] INFO  impl.RoleInfo (RoleInfo.java:shutdownLeaderElection(130)) - d931d63e-dd15-4e6c-a722-a504b4f57030: shutdown d931d63e-dd15-4e6c-a722-a504b4f57030@group-F3A3BFA84EC7-LeaderElection55
2024-03-05 10:11:26,547 [d931d63e-dd15-4e6c-a722-a504b4f57030@group-F3A3BFA84EC7-LeaderElection55] INFO  server.RaftServer$Division (RaftServerImpl.java:setRole(383)) - d931d63e-dd15-4e6c-a722-a504b4f57030@group-F3A3BFA84EC7: changes role from CANDIDATE to LEADER at term 1 for changeToLeader
2024-03-05 10:11:26,547 [d931d63e-dd15-4e6c-a722-a504b4f57030@group-F3A3BFA84EC7-LeaderElection55] INFO  server.RaftServerConfigKeys (ConfUtils.java:logGet(46)) - raft.server.staging.catchup.gap = 1000 (default)
2024-03-05 10:11:26,548 [d931d63e-dd15-4e6c-a722-a504b4f57030@group-F3A3BFA84EC7-LeaderElection55] INFO  server.RaftServerConfigKeys (ConfUtils.java:logGet(46)) - raft.server.write.element-limit = 1024 (custom)
2024-03-05 10:11:26,548 [d931d63e-dd15-4e6c-a722-a504b4f57030@group-F3A3BFA84EC7-LeaderElection55] INFO  server.RaftServerConfigKeys (ConfUtils.java:logGet(46)) - raft.server.write.byte-limit = 1024 M (=1073741824) (custom)
2024-03-05 10:11:26,548 [d931d63e-dd15-4e6c-a722-a504b4f57030@group-F3A3BFA84EC7-LeaderElection55] INFO  server.RaftServerConfigKeys (ConfUtils.java:logGet(46)) - raft.server.watch.timeout = 3000ms (custom)
2024-03-05 10:11:26,548 [d931d63e-dd15-4e6c-a722-a504b4f57030@group-F3A3BFA84EC7-LeaderElection55] INFO  server.RaftServerConfigKeys (ConfUtils.java:logGet(46)) - raft.server.watch.timeout.denomination = 1s (default)
2024-03-05 10:11:26,548 [d931d63e-dd15-4e6c-a722-a504b4f57030@group-F3A3BFA84EC7-LeaderElection55] INFO  server.RaftServerConfigKeys (ConfUtils.java:logGet(46)) - raft.server.watch.element-limit = 65536 (default)
2024-03-05 10:11:26,548 [d931d63e-dd15-4e6c-a722-a504b4f57030@group-F3A3BFA84EC7-LeaderElection55] INFO  server.RaftServerConfigKeys (ConfUtils.java:logGet(46)) - raft.server.read.leader.lease.enabled = false (default)
2024-03-05 10:11:26,548 [d931d63e-dd15-4e6c-a722-a504b4f57030@group-F3A3BFA84EC7-LeaderElection55] INFO  server.RaftServerConfigKeys (ConfUtils.java:logGet(46)) - raft.server.read.leader.lease.timeout.ratio = 0.9 (default)
2024-03-05 10:11:26,548 [d931d63e-dd15-4e6c-a722-a504b4f57030@group-F3A3BFA84EC7-LeaderElection55] INFO  server.RaftServerConfigKeys (ConfUtils.java:logGet(46)) - raft.server.rpc.timeout.min = 5s (custom)
2024-03-05 10:11:26,548 [d931d63e-dd15-4e6c-a722-a504b4f57030@group-F3A3BFA84EC7-LeaderElection55] INFO  server.RaftServerConfigKeys (ConfUtils.java:logGet(46)) - raft.server.write.element-limit = 1024 (custom)
2024-03-05 10:11:26,548 [d931d63e-dd15-4e6c-a722-a504b4f57030@group-F3A3BFA84EC7-LeaderElection55] INFO  server.RaftServerConfigKeys (ConfUtils.java:logGet(46)) - raft.server.write.follower.gap.ratio.max = -1.0 (default)
2024-03-05 10:11:26,549 [d931d63e-dd15-4e6c-a722-a504b4f57030@group-F3A3BFA84EC7-LeaderElection55] INFO  server.RaftServerConfigKeys (ConfUtils.java:logGet(46)) - raft.server.log.appender.snapshot.chunk.size.max = 16MB (=16777216) (default)
2024-03-05 10:11:26,549 [d931d63e-dd15-4e6c-a722-a504b4f57030@group-F3A3BFA84EC7-LeaderElection55] INFO  server.RaftServerConfigKeys (ConfUtils.java:logGet(46)) - raft.server.log.appender.buffer.byte-limit = 8388608 (custom)
2024-03-05 10:11:26,549 [d931d63e-dd15-4e6c-a722-a504b4f57030@group-F3A3BFA84EC7-LeaderElection55] INFO  server.RaftServerConfigKeys (ConfUtils.java:logGet(46)) - raft.server.log.appender.buffer.element-limit = 1 (custom)
2024-03-05 10:11:26,549 [d931d63e-dd15-4e6c-a722-a504b4f57030@group-F3A3BFA84EC7-LeaderElection55] INFO  server.RaftServerConfigKeys (ConfUtils.java:logGet(46)) - raft.server.log.appender.wait-time.min = 0ms (custom)
2024-03-05 10:11:26,550 [grpc-default-executor-3] INFO  impl.VoteContext (VoteContext.java:log(49)) - e31e7e37-3da5-4192-a08f-644192942d08@group-F3A3BFA84EC7-FOLLOWER: accept ELECTION from d931d63e-dd15-4e6c-a722-a504b4f57030: our priority 0 <= candidate's priority 1
2024-03-05 10:11:26,550 [grpc-default-executor-3] INFO  server.RaftServer$Division (RaftServerImpl.java:setRole(383)) - e31e7e37-3da5-4192-a08f-644192942d08@group-F3A3BFA84EC7: changes role from  FOLLOWER to FOLLOWER at term 1 for candidate:d931d63e-dd15-4e6c-a722-a504b4f57030
2024-03-05 10:11:26,550 [grpc-default-executor-3] INFO  impl.RoleInfo (RoleInfo.java:shutdownFollowerState(110)) - e31e7e37-3da5-4192-a08f-644192942d08: shutdown e31e7e37-3da5-4192-a08f-644192942d08@group-F3A3BFA84EC7-FollowerState
2024-03-05 10:11:26,550 [grpc-default-executor-3] INFO  impl.RoleInfo (RoleInfo.java:updateAndGet(139)) - e31e7e37-3da5-4192-a08f-644192942d08: start e31e7e37-3da5-4192-a08f-644192942d08@group-F3A3BFA84EC7-FollowerState
2024-03-05 10:11:26,550 [e31e7e37-3da5-4192-a08f-644192942d08@group-F3A3BFA84EC7-FollowerState] INFO  impl.FollowerState (FollowerState.java:run(152)) - e31e7e37-3da5-4192-a08f-644192942d08@group-F3A3BFA84EC7-FollowerState was interrupted
2024-03-05 10:11:26,550 [grpc-default-executor-3] INFO  server.RaftServer$Division (RaftServerImpl.java:setFirstElection(574)) - e31e7e37-3da5-4192-a08f-644192942d08@group-F3A3BFA84EC7: set firstElectionSinceStartup to false for candidate:d931d63e-dd15-4e6c-a722-a504b4f57030
2024-03-05 10:11:26,550 [d931d63e-dd15-4e6c-a722-a504b4f57030@group-F3A3BFA84EC7-LeaderElection55] INFO  grpc.GrpcConfigKeys (ConfUtils.java:logGet(46)) - raft.grpc.server.leader.outstanding.appends.max = 8 (default)
2024-03-05 10:11:26,550 [d931d63e-dd15-4e6c-a722-a504b4f57030@group-F3A3BFA84EC7-LeaderElection55] INFO  server.RaftServerConfigKeys (ConfUtils.java:logGet(46)) - raft.server.rpc.request.timeout = 3000ms (default)
2024-03-05 10:11:26,550 [d931d63e-dd15-4e6c-a722-a504b4f57030@group-F3A3BFA84EC7-LeaderElection55] INFO  grpc.GrpcConfigKeys (ConfUtils.java:logGet(46)) - raft.grpc.server.install_snapshot.request.element-limit = 8 (default)
2024-03-05 10:11:26,550 [d931d63e-dd15-4e6c-a722-a504b4f57030@group-F3A3BFA84EC7-LeaderElection55] INFO  grpc.GrpcConfigKeys (ConfUtils.java:logGet(46)) - raft.grpc.server.install_snapshot.request.timeout = 3000ms (default)
2024-03-05 10:11:26,550 [d931d63e-dd15-4e6c-a722-a504b4f57030@group-F3A3BFA84EC7-LeaderElection55] INFO  grpc.GrpcConfigKeys (ConfUtils.java:logGet(46)) - raft.grpc.server.log-message.batch.duration = 5s (default)
2024-03-05 10:11:26,550 [d931d63e-dd15-4e6c-a722-a504b4f57030@group-F3A3BFA84EC7-LeaderElection55] INFO  server.RaftServerConfigKeys (ConfUtils.java:logGet(46)) - raft.server.log.appender.install.snapshot.enabled = false (custom)
2024-03-05 10:11:26,551 [d931d63e-dd15-4e6c-a722-a504b4f57030@group-F3A3BFA84EC7-LeaderElection55] INFO  grpc.GrpcConfigKeys (ConfUtils.java:logGet(46)) - raft.grpc.server.heartbeat.channel = true (default)
2024-03-05 10:11:26,551 [grpc-default-executor-3] INFO  server.RaftServer$Division (RaftServerImpl.java:requestVote(1422)) - e31e7e37-3da5-4192-a08f-644192942d08@group-F3A3BFA84EC7 replies to ELECTION vote request: d931d63e-dd15-4e6c-a722-a504b4f57030<-e31e7e37-3da5-4192-a08f-644192942d08#0:OK-t1. Peer's state: e31e7e37-3da5-4192-a08f-644192942d08@group-F3A3BFA84EC7:t1, leader=null, voted=d931d63e-dd15-4e6c-a722-a504b4f57030, raftlog=Memoized:e31e7e37-3da5-4192-a08f-644192942d08@group-F3A3BFA84EC7-SegmentedRaftLog:OPENED:c-1, conf=-1: peers:[76f60663-9351-4c92-a037-8f3a190b5659|10.1.0.29:15326, d931d63e-dd15-4e6c-a722-a504b4f57030|10.1.0.29:15308, e31e7e37-3da5-4192-a08f-644192942d08|10.1.0.29:15317]|listeners:[], old=null
2024-03-05 10:11:26,552 [d931d63e-dd15-4e6c-a722-a504b4f57030@group-F3A3BFA84EC7-LeaderElection55] INFO  server.RaftServerConfigKeys (ConfUtils.java:logGet(46)) - raft.server.log.appender.snapshot.chunk.size.max = 16MB (=16777216) (default)
2024-03-05 10:11:26,552 [d931d63e-dd15-4e6c-a722-a504b4f57030@group-F3A3BFA84EC7-LeaderElection55] INFO  server.RaftServerConfigKeys (ConfUtils.java:logGet(46)) - raft.server.log.appender.buffer.byte-limit = 8388608 (custom)
2024-03-05 10:11:26,552 [d931d63e-dd15-4e6c-a722-a504b4f57030@group-F3A3BFA84EC7-LeaderElection55] INFO  server.RaftServerConfigKeys (ConfUtils.java:logGet(46)) - raft.server.log.appender.buffer.element-limit = 1 (custom)
2024-03-05 10:11:26,553 [d931d63e-dd15-4e6c-a722-a504b4f57030@group-F3A3BFA84EC7-LeaderElection55] INFO  server.RaftServerConfigKeys (ConfUtils.java:logGet(46)) - raft.server.log.appender.wait-time.min = 0ms (custom)
2024-03-05 10:11:26,553 [d931d63e-dd15-4e6c-a722-a504b4f57030@group-F3A3BFA84EC7-LeaderElection55] INFO  grpc.GrpcConfigKeys (ConfUtils.java:logGet(46)) - raft.grpc.server.leader.outstanding.appends.max = 8 (default)
2024-03-05 10:11:26,553 [d931d63e-dd15-4e6c-a722-a504b4f57030@group-F3A3BFA84EC7-LeaderElection55] INFO  server.RaftServerConfigKeys (ConfUtils.java:logGet(46)) - raft.server.rpc.request.timeout = 3000ms (default)
2024-03-05 10:11:26,553 [d931d63e-dd15-4e6c-a722-a504b4f57030@group-F3A3BFA84EC7-LeaderElection55] INFO  grpc.GrpcConfigKeys (ConfUtils.java:logGet(46)) - raft.grpc.server.install_snapshot.request.element-limit = 8 (default)
2024-03-05 10:11:26,553 [d931d63e-dd15-4e6c-a722-a504b4f57030@group-F3A3BFA84EC7-LeaderElection55] INFO  grpc.GrpcConfigKeys (ConfUtils.java:logGet(46)) - raft.grpc.server.install_snapshot.request.timeout = 3000ms (default)
2024-03-05 10:11:26,553 [d931d63e-dd15-4e6c-a722-a504b4f57030@group-F3A3BFA84EC7-LeaderElection55] INFO  grpc.GrpcConfigKeys (ConfUtils.java:logGet(46)) - raft.grpc.server.log-message.batch.duration = 5s (default)
2024-03-05 10:11:26,553 [d931d63e-dd15-4e6c-a722-a504b4f57030@group-F3A3BFA84EC7-LeaderElection55] INFO  server.RaftServerConfigKeys (ConfUtils.java:logGet(46)) - raft.server.log.appender.install.snapshot.enabled = false (custom)
2024-03-05 10:11:26,553 [d931d63e-dd15-4e6c-a722-a504b4f57030@group-F3A3BFA84EC7-LeaderElection55] INFO  grpc.GrpcConfigKeys (ConfUtils.java:logGet(46)) - raft.grpc.server.heartbeat.channel = true (default)
2024-03-05 10:11:26,553 [d931d63e-dd15-4e6c-a722-a504b4f57030@group-F3A3BFA84EC7-LeaderElection55] INFO  impl.RoleInfo (RoleInfo.java:updateAndGet(139)) - d931d63e-dd15-4e6c-a722-a504b4f57030: start d931d63e-dd15-4e6c-a722-a504b4f57030@group-F3A3BFA84EC7-LeaderStateImpl
2024-03-05 10:11:26,553 [d931d63e-dd15-4e6c-a722-a504b4f57030@group-F3A3BFA84EC7-LeaderElection55] INFO  server.RaftServer$Division (RaftServerImpl.java:setFirstElection(574)) - d931d63e-dd15-4e6c-a722-a504b4f57030@group-F3A3BFA84EC7: set firstElectionSinceStartup to false for becomeLeader
2024-03-05 10:11:26,553 [d931d63e-dd15-4e6c-a722-a504b4f57030@group-F3A3BFA84EC7-LeaderElection55] INFO  ratis.XceiverServerRatis (XceiverServerRatis.java:handleLeaderChangedNotification(966)) - Leader change notification received for group: group-F3A3BFA84EC7 with new leaderId: d931d63e-dd15-4e6c-a722-a504b4f57030
2024-03-05 10:11:26,553 [d931d63e-dd15-4e6c-a722-a504b4f57030@group-F3A3BFA84EC7-LeaderElection55] INFO  server.RaftServer$Division (ServerState.java:setLeader(269)) - d931d63e-dd15-4e6c-a722-a504b4f57030@group-F3A3BFA84EC7: change Leader from null to d931d63e-dd15-4e6c-a722-a504b4f57030 at term 1 for becomeLeader, leader elected after 5063ms
2024-03-05 10:11:26,554 [d931d63e-dd15-4e6c-a722-a504b4f57030@group-F3A3BFA84EC7-LeaderElection55] INFO  segmented.SegmentedRaftLogWorker (SegmentedRaftLogWorker.java:startLogSegment(430)) - d931d63e-dd15-4e6c-a722-a504b4f57030@group-F3A3BFA84EC7-SegmentedRaftLogWorker: Starting segment from index:0
2024-03-05 10:11:26,554 [d931d63e-dd15-4e6c-a722-a504b4f57030@group-F3A3BFA84EC7-SegmentedRaftLogWorker] INFO  segmented.BufferedWriteChannel (BufferedWriteChannel.java:open(62)) - open log_inprogress_0 at position 0
2024-03-05 10:11:26,556 [d931d63e-dd15-4e6c-a722-a504b4f57030@group-F3A3BFA84EC7-LeaderElection55] INFO  server.RaftServer$Division (ServerState.java:setRaftConf(386)) - d931d63e-dd15-4e6c-a722-a504b4f57030@group-F3A3BFA84EC7: set configuration 0: peers:[76f60663-9351-4c92-a037-8f3a190b5659|10.1.0.29:15326, d931d63e-dd15-4e6c-a722-a504b4f57030|10.1.0.29:15308, e31e7e37-3da5-4192-a08f-644192942d08|10.1.0.29:15317]|listeners:[], old=null
2024-03-05 10:11:26,557 [EventQueue-PipelineReportForPipelineReportHandler] INFO  pipeline.PipelineReportHandler (PipelineReportHandler.java:processPipelineReport(136)) - Opened pipeline PipelineID=cca8b0cd-9cc6-4a71-babf-f3a3bfa84ec7
2024-03-05 10:11:26,564 [76f60663-9351-4c92-a037-8f3a190b5659-server-thread1] INFO  ratis.XceiverServerRatis (XceiverServerRatis.java:handleLeaderChangedNotification(966)) - Leader change notification received for group: group-F3A3BFA84EC7 with new leaderId: d931d63e-dd15-4e6c-a722-a504b4f57030
2024-03-05 10:11:26,564 [76f60663-9351-4c92-a037-8f3a190b5659-server-thread1] INFO  server.RaftServer$Division (ServerState.java:setLeader(269)) - 76f60663-9351-4c92-a037-8f3a190b5659@group-F3A3BFA84EC7: change Leader from null to d931d63e-dd15-4e6c-a722-a504b4f57030 at term 1 for appendEntries, leader elected after 5035ms
2024-03-05 10:11:26,567 [d931d63e-dd15-4e6c-a722-a504b4f57030@group-F3A3BFA84EC7-SegmentedRaftLogWorker] INFO  segmented.SegmentedRaftLogWorker (SegmentedRaftLogWorker.java:execute(634)) - d931d63e-dd15-4e6c-a722-a504b4f57030@group-F3A3BFA84EC7-SegmentedRaftLogWorker: created new log segment /home/runner/work/ozone/ozone/hadoop-ozone/integration-test/target/test-dir/MiniOzoneClusterImpl-58322414-df67-4d64-942a-a0d9644003f2/ozone-meta/datanode-4/ratis/cca8b0cd-9cc6-4a71-babf-f3a3bfa84ec7/current/log_inprogress_0
2024-03-05 10:11:26,567 [76f60663-9351-4c92-a037-8f3a190b5659-server-thread3] INFO  server.RaftServer$Division (ServerState.java:setRaftConf(386)) - 76f60663-9351-4c92-a037-8f3a190b5659@group-F3A3BFA84EC7: set configuration 0: peers:[76f60663-9351-4c92-a037-8f3a190b5659|10.1.0.29:15326, d931d63e-dd15-4e6c-a722-a504b4f57030|10.1.0.29:15308, e31e7e37-3da5-4192-a08f-644192942d08|10.1.0.29:15317]|listeners:[], old=null
2024-03-05 10:11:26,567 [76f60663-9351-4c92-a037-8f3a190b5659-server-thread3] INFO  segmented.SegmentedRaftLogWorker (SegmentedRaftLogWorker.java:startLogSegment(430)) - 76f60663-9351-4c92-a037-8f3a190b5659@group-F3A3BFA84EC7-SegmentedRaftLogWorker: Starting segment from index:0
2024-03-05 10:11:26,567 [76f60663-9351-4c92-a037-8f3a190b5659@group-F3A3BFA84EC7-SegmentedRaftLogWorker] INFO  segmented.BufferedWriteChannel (BufferedWriteChannel.java:open(62)) - open log_inprogress_0 at position 0
2024-03-05 10:11:26,572 [e31e7e37-3da5-4192-a08f-644192942d08@group-ECC2E6AC77D1-FollowerState] INFO  impl.FollowerState (FollowerState.java:run(143)) - e31e7e37-3da5-4192-a08f-644192942d08@group-ECC2E6AC77D1-FollowerState: change to CANDIDATE, lastRpcElapsedTime:5007199864ns, electionTimeout:5006ms
2024-03-05 10:11:26,572 [e31e7e37-3da5-4192-a08f-644192942d08@group-ECC2E6AC77D1-FollowerState] INFO  impl.RoleInfo (RoleInfo.java:shutdownFollowerState(110)) - e31e7e37-3da5-4192-a08f-644192942d08: shutdown e31e7e37-3da5-4192-a08f-644192942d08@group-ECC2E6AC77D1-FollowerState
2024-03-05 10:11:26,572 [e31e7e37-3da5-4192-a08f-644192942d08@group-ECC2E6AC77D1-FollowerState] INFO  server.RaftServer$Division (RaftServerImpl.java:setRole(383)) - e31e7e37-3da5-4192-a08f-644192942d08@group-ECC2E6AC77D1: changes role from  FOLLOWER to CANDIDATE at term 0 for changeToCandidate
2024-03-05 10:11:26,573 [e31e7e37-3da5-4192-a08f-644192942d08@group-ECC2E6AC77D1-FollowerState] INFO  server.RaftServerConfigKeys (ConfUtils.java:logGet(46)) - raft.server.leaderelection.pre-vote = true (default)
2024-03-05 10:11:26,574 [e31e7e37-3da5-4192-a08f-644192942d08-server-thread2] INFO  ratis.XceiverServerRatis (XceiverServerRatis.java:handleLeaderChangedNotification(966)) - Leader change notification received for group: group-F3A3BFA84EC7 with new leaderId: d931d63e-dd15-4e6c-a722-a504b4f57030
2024-03-05 10:11:26,574 [e31e7e37-3da5-4192-a08f-644192942d08@group-ECC2E6AC77D1-FollowerState] INFO  impl.RoleInfo (RoleInfo.java:updateAndGet(139)) - e31e7e37-3da5-4192-a08f-644192942d08: start e31e7e37-3da5-4192-a08f-644192942d08@group-ECC2E6AC77D1-LeaderElection56
2024-03-05 10:11:26,574 [e31e7e37-3da5-4192-a08f-644192942d08-server-thread2] INFO  server.RaftServer$Division (ServerState.java:setLeader(269)) - e31e7e37-3da5-4192-a08f-644192942d08@group-F3A3BFA84EC7: change Leader from null to d931d63e-dd15-4e6c-a722-a504b4f57030 at term 1 for appendEntries, leader elected after 5064ms
2024-03-05 10:11:26,574 [76f60663-9351-4c92-a037-8f3a190b5659@group-F3A3BFA84EC7-SegmentedRaftLogWorker] INFO  segmented.SegmentedRaftLogWorker (SegmentedRaftLogWorker.java:execute(634)) - 76f60663-9351-4c92-a037-8f3a190b5659@group-F3A3BFA84EC7-SegmentedRaftLogWorker: created new log segment /home/runner/work/ozone/ozone/hadoop-ozone/integration-test/target/test-dir/MiniOzoneClusterImpl-58322414-df67-4d64-942a-a0d9644003f2/ozone-meta/datanode-6/ratis/cca8b0cd-9cc6-4a71-babf-f3a3bfa84ec7/current/log_inprogress_0
2024-03-05 10:11:26,577 [e31e7e37-3da5-4192-a08f-644192942d08-server-thread1] INFO  server.RaftServer$Division (ServerState.java:setRaftConf(386)) - e31e7e37-3da5-4192-a08f-644192942d08@group-F3A3BFA84EC7: set configuration 0: peers:[76f60663-9351-4c92-a037-8f3a190b5659|10.1.0.29:15326, d931d63e-dd15-4e6c-a722-a504b4f57030|10.1.0.29:15308, e31e7e37-3da5-4192-a08f-644192942d08|10.1.0.29:15317]|listeners:[], old=null
2024-03-05 10:11:26,577 [e31e7e37-3da5-4192-a08f-644192942d08@group-ECC2E6AC77D1-LeaderElection56] INFO  impl.LeaderElection (LeaderElection.java:askForVotes(321)) - e31e7e37-3da5-4192-a08f-644192942d08@group-ECC2E6AC77D1-LeaderElection56 PRE_VOTE round 0: submit vote requests at term 0 for -1: peers:[e31e7e37-3da5-4192-a08f-644192942d08|10.1.0.29:15317]|listeners:[], old=null
2024-03-05 10:11:26,586 [e31e7e37-3da5-4192-a08f-644192942d08@group-ECC2E6AC77D1-LeaderElection56] INFO  impl.LeaderElection (LeaderElection.java:askForVotes(323)) - e31e7e37-3da5-4192-a08f-644192942d08@group-ECC2E6AC77D1-LeaderElection56 PRE_VOTE round 0: result PASSED (term=0)
2024-03-05 10:11:26,586 [d931d63e-dd15-4e6c-a722-a504b4f57030@group-F3A3BFA84EC7-StateMachineUpdater] INFO  server.RaftServer$Division (LeaderStateImpl.java:isApplied(320)) - leader is ready since appliedIndex == 0 >= startIndex == 0
2024-03-05 10:11:26,578 [e31e7e37-3da5-4192-a08f-644192942d08-server-thread1] INFO  segmented.SegmentedRaftLogWorker (SegmentedRaftLogWorker.java:startLogSegment(430)) - e31e7e37-3da5-4192-a08f-644192942d08@group-F3A3BFA84EC7-SegmentedRaftLogWorker: Starting segment from index:0
2024-03-05 10:11:26,587 [e31e7e37-3da5-4192-a08f-644192942d08@group-F3A3BFA84EC7-SegmentedRaftLogWorker] INFO  segmented.BufferedWriteChannel (BufferedWriteChannel.java:open(62)) - open log_inprogress_0 at position 0
2024-03-05 10:11:26,587 [e31e7e37-3da5-4192-a08f-644192942d08@group-ECC2E6AC77D1-LeaderElection56] INFO  impl.LeaderElection (LeaderElection.java:askForVotes(321)) - e31e7e37-3da5-4192-a08f-644192942d08@group-ECC2E6AC77D1-LeaderElection56 ELECTION round 0: submit vote requests at term 1 for -1: peers:[e31e7e37-3da5-4192-a08f-644192942d08|10.1.0.29:15317]|listeners:[], old=null
2024-03-05 10:11:26,587 [e31e7e37-3da5-4192-a08f-644192942d08@group-ECC2E6AC77D1-LeaderElection56] INFO  impl.LeaderElection (LeaderElection.java:askForVotes(323)) - e31e7e37-3da5-4192-a08f-644192942d08@group-ECC2E6AC77D1-LeaderElection56 ELECTION round 0: result PASSED (term=1)
2024-03-05 10:11:26,587 [e31e7e37-3da5-4192-a08f-644192942d08@group-ECC2E6AC77D1-LeaderElection56] INFO  impl.RoleInfo (RoleInfo.java:shutdownLeaderElection(130)) - e31e7e37-3da5-4192-a08f-644192942d08: shutdown e31e7e37-3da5-4192-a08f-644192942d08@group-ECC2E6AC77D1-LeaderElection56
2024-03-05 10:11:26,587 [e31e7e37-3da5-4192-a08f-644192942d08@group-ECC2E6AC77D1-LeaderElection56] INFO  server.RaftServer$Division (RaftServerImpl.java:setRole(383)) - e31e7e37-3da5-4192-a08f-644192942d08@group-ECC2E6AC77D1: changes role from CANDIDATE to LEADER at term 1 for changeToLeader
2024-03-05 10:11:26,588 [e31e7e37-3da5-4192-a08f-644192942d08@group-ECC2E6AC77D1-LeaderElection56] INFO  server.RaftServerConfigKeys (ConfUtils.java:logGet(46)) - raft.server.staging.catchup.gap = 1000 (default)
2024-03-05 10:11:26,588 [e31e7e37-3da5-4192-a08f-644192942d08@group-ECC2E6AC77D1-LeaderElection56] INFO  server.RaftServerConfigKeys (ConfUtils.java:logGet(46)) - raft.server.write.element-limit = 1024 (custom)
2024-03-05 10:11:26,588 [e31e7e37-3da5-4192-a08f-644192942d08@group-ECC2E6AC77D1-LeaderElection56] INFO  server.RaftServerConfigKeys (ConfUtils.java:logGet(46)) - raft.server.write.byte-limit = 1024 M (=1073741824) (custom)
2024-03-05 10:11:26,588 [e31e7e37-3da5-4192-a08f-644192942d08@group-ECC2E6AC77D1-LeaderElection56] INFO  server.RaftServerConfigKeys (ConfUtils.java:logGet(46)) - raft.server.watch.timeout = 3000ms (custom)
2024-03-05 10:11:26,588 [e31e7e37-3da5-4192-a08f-644192942d08@group-ECC2E6AC77D1-LeaderElection56] INFO  server.RaftServerConfigKeys (ConfUtils.java:logGet(46)) - raft.server.watch.timeout.denomination = 1s (default)
2024-03-05 10:11:26,588 [e31e7e37-3da5-4192-a08f-644192942d08@group-ECC2E6AC77D1-LeaderElection56] INFO  server.RaftServerConfigKeys (ConfUtils.java:logGet(46)) - raft.server.watch.element-limit = 65536 (default)
2024-03-05 10:11:26,588 [e31e7e37-3da5-4192-a08f-644192942d08@group-ECC2E6AC77D1-LeaderElection56] INFO  server.RaftServerConfigKeys (ConfUtils.java:logGet(46)) - raft.server.read.leader.lease.enabled = false (default)
2024-03-05 10:11:26,588 [e31e7e37-3da5-4192-a08f-644192942d08@group-ECC2E6AC77D1-LeaderElection56] INFO  server.RaftServerConfigKeys (ConfUtils.java:logGet(46)) - raft.server.read.leader.lease.timeout.ratio = 0.9 (default)
2024-03-05 10:11:26,588 [e31e7e37-3da5-4192-a08f-644192942d08@group-ECC2E6AC77D1-LeaderElection56] INFO  server.RaftServerConfigKeys (ConfUtils.java:logGet(46)) - raft.server.rpc.timeout.min = 5s (custom)
2024-03-05 10:11:26,588 [e31e7e37-3da5-4192-a08f-644192942d08@group-ECC2E6AC77D1-LeaderElection56] INFO  server.RaftServerConfigKeys (ConfUtils.java:logGet(46)) - raft.server.write.element-limit = 1024 (custom)
2024-03-05 10:11:26,588 [e31e7e37-3da5-4192-a08f-644192942d08@group-ECC2E6AC77D1-LeaderElection56] INFO  server.RaftServerConfigKeys (ConfUtils.java:logGet(46)) - raft.server.write.follower.gap.ratio.max = -1.0 (default)
2024-03-05 10:11:26,588 [e31e7e37-3da5-4192-a08f-644192942d08@group-ECC2E6AC77D1-LeaderElection56] INFO  impl.RoleInfo (RoleInfo.java:updateAndGet(139)) - e31e7e37-3da5-4192-a08f-644192942d08: start e31e7e37-3da5-4192-a08f-644192942d08@group-ECC2E6AC77D1-LeaderStateImpl
2024-03-05 10:11:26,588 [e31e7e37-3da5-4192-a08f-644192942d08@group-ECC2E6AC77D1-LeaderElection56] INFO  server.RaftServer$Division (RaftServerImpl.java:setFirstElection(574)) - e31e7e37-3da5-4192-a08f-644192942d08@group-ECC2E6AC77D1: set firstElectionSinceStartup to false for becomeLeader
2024-03-05 10:11:26,588 [e31e7e37-3da5-4192-a08f-644192942d08@group-ECC2E6AC77D1-LeaderElection56] INFO  ratis.XceiverServerRatis (XceiverServerRatis.java:handleLeaderChangedNotification(966)) - Leader change notification received for group: group-ECC2E6AC77D1 with new leaderId: e31e7e37-3da5-4192-a08f-644192942d08
2024-03-05 10:11:26,588 [e31e7e37-3da5-4192-a08f-644192942d08@group-ECC2E6AC77D1-LeaderElection56] INFO  server.RaftServer$Division (ServerState.java:setLeader(269)) - e31e7e37-3da5-4192-a08f-644192942d08@group-ECC2E6AC77D1: change Leader from null to e31e7e37-3da5-4192-a08f-644192942d08 at term 1 for becomeLeader, leader elected after 5034ms
2024-03-05 10:11:26,588 [e31e7e37-3da5-4192-a08f-644192942d08@group-ECC2E6AC77D1-LeaderElection56] INFO  segmented.SegmentedRaftLogWorker (SegmentedRaftLogWorker.java:startLogSegment(430)) - e31e7e37-3da5-4192-a08f-644192942d08@group-ECC2E6AC77D1-SegmentedRaftLogWorker: Starting segment from index:0
2024-03-05 10:11:26,589 [e31e7e37-3da5-4192-a08f-644192942d08@group-ECC2E6AC77D1-SegmentedRaftLogWorker] INFO  segmented.BufferedWriteChannel (BufferedWriteChannel.java:open(62)) - open log_inprogress_0 at position 0
2024-03-05 10:11:26,594 [e31e7e37-3da5-4192-a08f-644192942d08@group-ECC2E6AC77D1-LeaderElection56] INFO  server.RaftServer$Division (ServerState.java:setRaftConf(386)) - e31e7e37-3da5-4192-a08f-644192942d08@group-ECC2E6AC77D1: set configuration 0: peers:[e31e7e37-3da5-4192-a08f-644192942d08|10.1.0.29:15317]|listeners:[], old=null
2024-03-05 10:11:26,602 [e31e7e37-3da5-4192-a08f-644192942d08@group-F3A3BFA84EC7-SegmentedRaftLogWorker] INFO  segmented.SegmentedRaftLogWorker (SegmentedRaftLogWorker.java:execute(634)) - e31e7e37-3da5-4192-a08f-644192942d08@group-F3A3BFA84EC7-SegmentedRaftLogWorker: created new log segment /home/runner/work/ozone/ozone/hadoop-ozone/integration-test/target/test-dir/MiniOzoneClusterImpl-58322414-df67-4d64-942a-a0d9644003f2/ozone-meta/datanode-5/ratis/cca8b0cd-9cc6-4a71-babf-f3a3bfa84ec7/current/log_inprogress_0
2024-03-05 10:11:26,602 [e31e7e37-3da5-4192-a08f-644192942d08@group-ECC2E6AC77D1-SegmentedRaftLogWorker] INFO  segmented.SegmentedRaftLogWorker (SegmentedRaftLogWorker.java:execute(634)) - e31e7e37-3da5-4192-a08f-644192942d08@group-ECC2E6AC77D1-SegmentedRaftLogWorker: created new log segment /home/runner/work/ozone/ozone/hadoop-ozone/integration-test/target/test-dir/MiniOzoneClusterImpl-58322414-df67-4d64-942a-a0d9644003f2/ozone-meta/datanode-5/ratis/6433912d-c48a-4f98-8238-ecc2e6ac77d1/current/log_inprogress_0
2024-03-05 10:11:26,604 [e31e7e37-3da5-4192-a08f-644192942d08@group-ECC2E6AC77D1-StateMachineUpdater] INFO  server.RaftServer$Division (LeaderStateImpl.java:isApplied(320)) - leader is ready since appliedIndex == 0 >= startIndex == 0
2024-03-05 10:11:26,661 [d931d63e-dd15-4e6c-a722-a504b4f57030@group-A1C468F92B51-FollowerState] INFO  impl.FollowerState (FollowerState.java:run(143)) - d931d63e-dd15-4e6c-a722-a504b4f57030@group-A1C468F92B51-FollowerState: change to CANDIDATE, lastRpcElapsedTime:5173500687ns, electionTimeout:5173ms
2024-03-05 10:11:26,661 [d931d63e-dd15-4e6c-a722-a504b4f57030@group-A1C468F92B51-FollowerState] INFO  impl.RoleInfo (RoleInfo.java:shutdownFollowerState(110)) - d931d63e-dd15-4e6c-a722-a504b4f57030: shutdown d931d63e-dd15-4e6c-a722-a504b4f57030@group-A1C468F92B51-FollowerState
2024-03-05 10:11:26,661 [d931d63e-dd15-4e6c-a722-a504b4f57030@group-A1C468F92B51-FollowerState] INFO  server.RaftServer$Division (RaftServerImpl.java:setRole(383)) - d931d63e-dd15-4e6c-a722-a504b4f57030@group-A1C468F92B51: changes role from  FOLLOWER to CANDIDATE at term 0 for changeToCandidate
2024-03-05 10:11:26,661 [d931d63e-dd15-4e6c-a722-a504b4f57030@group-A1C468F92B51-FollowerState] INFO  server.RaftServerConfigKeys (ConfUtils.java:logGet(46)) - raft.server.leaderelection.pre-vote = true (default)
2024-03-05 10:11:26,661 [d931d63e-dd15-4e6c-a722-a504b4f57030@group-A1C468F92B51-FollowerState] INFO  impl.RoleInfo (RoleInfo.java:updateAndGet(139)) - d931d63e-dd15-4e6c-a722-a504b4f57030: start d931d63e-dd15-4e6c-a722-a504b4f57030@group-A1C468F92B51-LeaderElection57
2024-03-05 10:11:26,663 [d931d63e-dd15-4e6c-a722-a504b4f57030@group-A1C468F92B51-LeaderElection57] INFO  impl.LeaderElection (LeaderElection.java:askForVotes(321)) - d931d63e-dd15-4e6c-a722-a504b4f57030@group-A1C468F92B51-LeaderElection57 PRE_VOTE round 0: submit vote requests at term 0 for -1: peers:[d931d63e-dd15-4e6c-a722-a504b4f57030|10.1.0.29:15308]|listeners:[], old=null
2024-03-05 10:11:26,663 [d931d63e-dd15-4e6c-a722-a504b4f57030@group-A1C468F92B51-LeaderElection57] INFO  impl.LeaderElection (LeaderElection.java:askForVotes(323)) - d931d63e-dd15-4e6c-a722-a504b4f57030@group-A1C468F92B51-LeaderElection57 PRE_VOTE round 0: result PASSED (term=0)
2024-03-05 10:11:26,664 [d931d63e-dd15-4e6c-a722-a504b4f57030@group-A1C468F92B51-LeaderElection57] INFO  impl.LeaderElection (LeaderElection.java:askForVotes(321)) - d931d63e-dd15-4e6c-a722-a504b4f57030@group-A1C468F92B51-LeaderElection57 ELECTION round 0: submit vote requests at term 1 for -1: peers:[d931d63e-dd15-4e6c-a722-a504b4f57030|10.1.0.29:15308]|listeners:[], old=null
2024-03-05 10:11:26,664 [d931d63e-dd15-4e6c-a722-a504b4f57030@group-A1C468F92B51-LeaderElection57] INFO  impl.LeaderElection (LeaderElection.java:askForVotes(323)) - d931d63e-dd15-4e6c-a722-a504b4f57030@group-A1C468F92B51-LeaderElection57 ELECTION round 0: result PASSED (term=1)
2024-03-05 10:11:26,664 [d931d63e-dd15-4e6c-a722-a504b4f57030@group-A1C468F92B51-LeaderElection57] INFO  impl.RoleInfo (RoleInfo.java:shutdownLeaderElection(130)) - d931d63e-dd15-4e6c-a722-a504b4f57030: shutdown d931d63e-dd15-4e6c-a722-a504b4f57030@group-A1C468F92B51-LeaderElection57
2024-03-05 10:11:26,664 [d931d63e-dd15-4e6c-a722-a504b4f57030@group-A1C468F92B51-LeaderElection57] INFO  server.RaftServer$Division (RaftServerImpl.java:setRole(383)) - d931d63e-dd15-4e6c-a722-a504b4f57030@group-A1C468F92B51: changes role from CANDIDATE to LEADER at term 1 for changeToLeader
2024-03-05 10:11:26,664 [d931d63e-dd15-4e6c-a722-a504b4f57030@group-A1C468F92B51-LeaderElection57] INFO  server.RaftServerConfigKeys (ConfUtils.java:logGet(46)) - raft.server.staging.catchup.gap = 1000 (default)
2024-03-05 10:11:26,664 [d931d63e-dd15-4e6c-a722-a504b4f57030@group-A1C468F92B51-LeaderElection57] INFO  server.RaftServerConfigKeys (ConfUtils.java:logGet(46)) - raft.server.write.element-limit = 1024 (custom)
2024-03-05 10:11:26,664 [d931d63e-dd15-4e6c-a722-a504b4f57030@group-A1C468F92B51-LeaderElection57] INFO  server.RaftServerConfigKeys (ConfUtils.java:logGet(46)) - raft.server.write.byte-limit = 1024 M (=1073741824) (custom)
2024-03-05 10:11:26,664 [d931d63e-dd15-4e6c-a722-a504b4f57030@group-A1C468F92B51-LeaderElection57] INFO  server.RaftServerConfigKeys (ConfUtils.java:logGet(46)) - raft.server.watch.timeout = 3000ms (custom)
2024-03-05 10:11:26,664 [d931d63e-dd15-4e6c-a722-a504b4f57030@group-A1C468F92B51-LeaderElection57] INFO  server.RaftServerConfigKeys (ConfUtils.java:logGet(46)) - raft.server.watch.timeout.denomination = 1s (default)
2024-03-05 10:11:26,664 [d931d63e-dd15-4e6c-a722-a504b4f57030@group-A1C468F92B51-LeaderElection57] INFO  server.RaftServerConfigKeys (ConfUtils.java:logGet(46)) - raft.server.watch.element-limit = 65536 (default)
2024-03-05 10:11:26,665 [d931d63e-dd15-4e6c-a722-a504b4f57030@group-A1C468F92B51-LeaderElection57] INFO  server.RaftServerConfigKeys (ConfUtils.java:logGet(46)) - raft.server.read.leader.lease.enabled = false (default)
2024-03-05 10:11:26,665 [d931d63e-dd15-4e6c-a722-a504b4f57030@group-A1C468F92B51-LeaderElection57] INFO  server.RaftServerConfigKeys (ConfUtils.java:logGet(46)) - raft.server.read.leader.lease.timeout.ratio = 0.9 (default)
2024-03-05 10:11:26,665 [d931d63e-dd15-4e6c-a722-a504b4f57030@group-A1C468F92B51-LeaderElection57] INFO  server.RaftServerConfigKeys (ConfUtils.java:logGet(46)) - raft.server.rpc.timeout.min = 5s (custom)
2024-03-05 10:11:26,665 [d931d63e-dd15-4e6c-a722-a504b4f57030@group-A1C468F92B51-LeaderElection57] INFO  server.RaftServerConfigKeys (ConfUtils.java:logGet(46)) - raft.server.write.element-limit = 1024 (custom)
2024-03-05 10:11:26,665 [d931d63e-dd15-4e6c-a722-a504b4f57030@group-A1C468F92B51-LeaderElection57] INFO  server.RaftServerConfigKeys (ConfUtils.java:logGet(46)) - raft.server.write.follower.gap.ratio.max = -1.0 (default)
2024-03-05 10:11:26,665 [d931d63e-dd15-4e6c-a722-a504b4f57030@group-A1C468F92B51-LeaderElection57] INFO  impl.RoleInfo (RoleInfo.java:updateAndGet(139)) - d931d63e-dd15-4e6c-a722-a504b4f57030: start d931d63e-dd15-4e6c-a722-a504b4f57030@group-A1C468F92B51-LeaderStateImpl
2024-03-05 10:11:26,665 [d931d63e-dd15-4e6c-a722-a504b4f57030@group-A1C468F92B51-LeaderElection57] INFO  server.RaftServer$Division (RaftServerImpl.java:setFirstElection(574)) - d931d63e-dd15-4e6c-a722-a504b4f57030@group-A1C468F92B51: set firstElectionSinceStartup to false for becomeLeader
2024-03-05 10:11:26,665 [d931d63e-dd15-4e6c-a722-a504b4f57030@group-A1C468F92B51-LeaderElection57] INFO  ratis.XceiverServerRatis (XceiverServerRatis.java:handleLeaderChangedNotification(966)) - Leader change notification received for group: group-A1C468F92B51 with new leaderId: d931d63e-dd15-4e6c-a722-a504b4f57030
2024-03-05 10:11:26,665 [d931d63e-dd15-4e6c-a722-a504b4f57030@group-A1C468F92B51-LeaderElection57] INFO  server.RaftServer$Division (ServerState.java:setLeader(269)) - d931d63e-dd15-4e6c-a722-a504b4f57030@group-A1C468F92B51: change Leader from null to d931d63e-dd15-4e6c-a722-a504b4f57030 at term 1 for becomeLeader, leader elected after 5187ms
2024-03-05 10:11:26,665 [d931d63e-dd15-4e6c-a722-a504b4f57030@group-A1C468F92B51-LeaderElection57] INFO  segmented.SegmentedRaftLogWorker (SegmentedRaftLogWorker.java:startLogSegment(430)) - d931d63e-dd15-4e6c-a722-a504b4f57030@group-A1C468F92B51-SegmentedRaftLogWorker: Starting segment from index:0
2024-03-05 10:11:26,666 [d931d63e-dd15-4e6c-a722-a504b4f57030@group-A1C468F92B51-SegmentedRaftLogWorker] INFO  segmented.BufferedWriteChannel (BufferedWriteChannel.java:open(62)) - open log_inprogress_0 at position 0
2024-03-05 10:11:26,669 [d931d63e-dd15-4e6c-a722-a504b4f57030@group-A1C468F92B51-LeaderElection57] INFO  server.RaftServer$Division (ServerState.java:setRaftConf(386)) - d931d63e-dd15-4e6c-a722-a504b4f57030@group-A1C468F92B51: set configuration 0: peers:[d931d63e-dd15-4e6c-a722-a504b4f57030|10.1.0.29:15308]|listeners:[], old=null
2024-03-05 10:11:26,673 [d931d63e-dd15-4e6c-a722-a504b4f57030@group-A1C468F92B51-SegmentedRaftLogWorker] INFO  segmented.SegmentedRaftLogWorker (SegmentedRaftLogWorker.java:execute(634)) - d931d63e-dd15-4e6c-a722-a504b4f57030@group-A1C468F92B51-SegmentedRaftLogWorker: created new log segment /home/runner/work/ozone/ozone/hadoop-ozone/integration-test/target/test-dir/MiniOzoneClusterImpl-58322414-df67-4d64-942a-a0d9644003f2/ozone-meta/datanode-4/ratis/7c0c2088-2e84-41c8-966c-a1c468f92b51/current/log_inprogress_0
2024-03-05 10:11:26,675 [d931d63e-dd15-4e6c-a722-a504b4f57030@group-A1C468F92B51-StateMachineUpdater] INFO  server.RaftServer$Division (LeaderStateImpl.java:isApplied(320)) - leader is ready since appliedIndex == 0 >= startIndex == 0
2024-03-05 10:11:26,688 [76f60663-9351-4c92-a037-8f3a190b5659@group-5CF951FB94BD-FollowerState] INFO  impl.FollowerState (FollowerState.java:run(143)) - 76f60663-9351-4c92-a037-8f3a190b5659@group-5CF951FB94BD-FollowerState: change to CANDIDATE, lastRpcElapsedTime:5031247237ns, electionTimeout:5030ms
2024-03-05 10:11:26,688 [76f60663-9351-4c92-a037-8f3a190b5659@group-5CF951FB94BD-FollowerState] INFO  impl.RoleInfo (RoleInfo.java:shutdownFollowerState(110)) - 76f60663-9351-4c92-a037-8f3a190b5659: shutdown 76f60663-9351-4c92-a037-8f3a190b5659@group-5CF951FB94BD-FollowerState
2024-03-05 10:11:26,688 [76f60663-9351-4c92-a037-8f3a190b5659@group-5CF951FB94BD-FollowerState] INFO  server.RaftServer$Division (RaftServerImpl.java:setRole(383)) - 76f60663-9351-4c92-a037-8f3a190b5659@group-5CF951FB94BD: changes role from  FOLLOWER to CANDIDATE at term 0 for changeToCandidate
2024-03-05 10:11:26,688 [76f60663-9351-4c92-a037-8f3a190b5659@group-5CF951FB94BD-FollowerState] INFO  server.RaftServerConfigKeys (ConfUtils.java:logGet(46)) - raft.server.leaderelection.pre-vote = true (default)
2024-03-05 10:11:26,688 [76f60663-9351-4c92-a037-8f3a190b5659@group-5CF951FB94BD-FollowerState] INFO  impl.RoleInfo (RoleInfo.java:updateAndGet(139)) - 76f60663-9351-4c92-a037-8f3a190b5659: start 76f60663-9351-4c92-a037-8f3a190b5659@group-5CF951FB94BD-LeaderElection58
2024-03-05 10:11:26,690 [76f60663-9351-4c92-a037-8f3a190b5659@group-5CF951FB94BD-LeaderElection58] INFO  impl.LeaderElection (LeaderElection.java:askForVotes(321)) - 76f60663-9351-4c92-a037-8f3a190b5659@group-5CF951FB94BD-LeaderElection58 PRE_VOTE round 0: submit vote requests at term 0 for -1: peers:[76f60663-9351-4c92-a037-8f3a190b5659|10.1.0.29:15326]|listeners:[], old=null
2024-03-05 10:11:26,690 [76f60663-9351-4c92-a037-8f3a190b5659@group-5CF951FB94BD-LeaderElection58] INFO  impl.LeaderElection (LeaderElection.java:askForVotes(323)) - 76f60663-9351-4c92-a037-8f3a190b5659@group-5CF951FB94BD-LeaderElection58 PRE_VOTE round 0: result PASSED (term=0)
2024-03-05 10:11:26,691 [76f60663-9351-4c92-a037-8f3a190b5659@group-5CF951FB94BD-LeaderElection58] INFO  impl.LeaderElection (LeaderElection.java:askForVotes(321)) - 76f60663-9351-4c92-a037-8f3a190b5659@group-5CF951FB94BD-LeaderElection58 ELECTION round 0: submit vote requests at term 1 for -1: peers:[76f60663-9351-4c92-a037-8f3a190b5659|10.1.0.29:15326]|listeners:[], old=null
2024-03-05 10:11:26,691 [76f60663-9351-4c92-a037-8f3a190b5659@group-5CF951FB94BD-LeaderElection58] INFO  impl.LeaderElection (LeaderElection.java:askForVotes(323)) - 76f60663-9351-4c92-a037-8f3a190b5659@group-5CF951FB94BD-LeaderElection58 ELECTION round 0: result PASSED (term=1)
2024-03-05 10:11:26,691 [76f60663-9351-4c92-a037-8f3a190b5659@group-5CF951FB94BD-LeaderElection58] INFO  impl.RoleInfo (RoleInfo.java:shutdownLeaderElection(130)) - 76f60663-9351-4c92-a037-8f3a190b5659: shutdown 76f60663-9351-4c92-a037-8f3a190b5659@group-5CF951FB94BD-LeaderElection58
2024-03-05 10:11:26,691 [76f60663-9351-4c92-a037-8f3a190b5659@group-5CF951FB94BD-LeaderElection58] INFO  server.RaftServer$Division (RaftServerImpl.java:setRole(383)) - 76f60663-9351-4c92-a037-8f3a190b5659@group-5CF951FB94BD: changes role from CANDIDATE to LEADER at term 1 for changeToLeader
2024-03-05 10:11:26,691 [76f60663-9351-4c92-a037-8f3a190b5659@group-5CF951FB94BD-LeaderElection58] INFO  server.RaftServerConfigKeys (ConfUtils.java:logGet(46)) - raft.server.staging.catchup.gap = 1000 (default)
2024-03-05 10:11:26,691 [76f60663-9351-4c92-a037-8f3a190b5659@group-5CF951FB94BD-LeaderElection58] INFO  server.RaftServerConfigKeys (ConfUtils.java:logGet(46)) - raft.server.write.element-limit = 1024 (custom)
2024-03-05 10:11:26,691 [76f60663-9351-4c92-a037-8f3a190b5659@group-5CF951FB94BD-LeaderElection58] INFO  server.RaftServerConfigKeys (ConfUtils.java:logGet(46)) - raft.server.write.byte-limit = 1024 M (=1073741824) (custom)
2024-03-05 10:11:26,691 [76f60663-9351-4c92-a037-8f3a190b5659@group-5CF951FB94BD-LeaderElection58] INFO  server.RaftServerConfigKeys (ConfUtils.java:logGet(46)) - raft.server.watch.timeout = 3000ms (custom)
2024-03-05 10:11:26,691 [76f60663-9351-4c92-a037-8f3a190b5659@group-5CF951FB94BD-LeaderElection58] INFO  server.RaftServerConfigKeys (ConfUtils.java:logGet(46)) - raft.server.watch.timeout.denomination = 1s (default)
2024-03-05 10:11:26,691 [76f60663-9351-4c92-a037-8f3a190b5659@group-5CF951FB94BD-LeaderElection58] INFO  server.RaftServerConfigKeys (ConfUtils.java:logGet(46)) - raft.server.watch.element-limit = 65536 (default)
2024-03-05 10:11:26,691 [76f60663-9351-4c92-a037-8f3a190b5659@group-5CF951FB94BD-LeaderElection58] INFO  server.RaftServerConfigKeys (ConfUtils.java:logGet(46)) - raft.server.read.leader.lease.enabled = false (default)
2024-03-05 10:11:26,692 [76f60663-9351-4c92-a037-8f3a190b5659@group-5CF951FB94BD-LeaderElection58] INFO  server.RaftServerConfigKeys (ConfUtils.java:logGet(46)) - raft.server.read.leader.lease.timeout.ratio = 0.9 (default)
2024-03-05 10:11:26,692 [76f60663-9351-4c92-a037-8f3a190b5659@group-5CF951FB94BD-LeaderElection58] INFO  server.RaftServerConfigKeys (ConfUtils.java:logGet(46)) - raft.server.rpc.timeout.min = 5s (custom)
2024-03-05 10:11:26,692 [76f60663-9351-4c92-a037-8f3a190b5659@group-5CF951FB94BD-LeaderElection58] INFO  server.RaftServerConfigKeys (ConfUtils.java:logGet(46)) - raft.server.write.element-limit = 1024 (custom)
2024-03-05 10:11:26,692 [76f60663-9351-4c92-a037-8f3a190b5659@group-5CF951FB94BD-LeaderElection58] INFO  server.RaftServerConfigKeys (ConfUtils.java:logGet(46)) - raft.server.write.follower.gap.ratio.max = -1.0 (default)
2024-03-05 10:11:26,692 [76f60663-9351-4c92-a037-8f3a190b5659@group-5CF951FB94BD-LeaderElection58] INFO  impl.RoleInfo (RoleInfo.java:updateAndGet(139)) - 76f60663-9351-4c92-a037-8f3a190b5659: start 76f60663-9351-4c92-a037-8f3a190b5659@group-5CF951FB94BD-LeaderStateImpl
2024-03-05 10:11:26,692 [76f60663-9351-4c92-a037-8f3a190b5659@group-5CF951FB94BD-LeaderElection58] INFO  server.RaftServer$Division (RaftServerImpl.java:setFirstElection(574)) - 76f60663-9351-4c92-a037-8f3a190b5659@group-5CF951FB94BD: set firstElectionSinceStartup to false for becomeLeader
2024-03-05 10:11:26,692 [76f60663-9351-4c92-a037-8f3a190b5659@group-5CF951FB94BD-LeaderElection58] INFO  ratis.XceiverServerRatis (XceiverServerRatis.java:handleLeaderChangedNotification(966)) - Leader change notification received for group: group-5CF951FB94BD with new leaderId: 76f60663-9351-4c92-a037-8f3a190b5659
2024-03-05 10:11:26,692 [76f60663-9351-4c92-a037-8f3a190b5659@group-5CF951FB94BD-LeaderElection58] INFO  server.RaftServer$Division (ServerState.java:setLeader(269)) - 76f60663-9351-4c92-a037-8f3a190b5659@group-5CF951FB94BD: change Leader from null to 76f60663-9351-4c92-a037-8f3a190b5659 at term 1 for becomeLeader, leader elected after 5045ms
2024-03-05 10:11:26,692 [76f60663-9351-4c92-a037-8f3a190b5659@group-5CF951FB94BD-LeaderElection58] INFO  segmented.SegmentedRaftLogWorker (SegmentedRaftLogWorker.java:startLogSegment(430)) - 76f60663-9351-4c92-a037-8f3a190b5659@group-5CF951FB94BD-SegmentedRaftLogWorker: Starting segment from index:0
2024-03-05 10:11:26,692 [76f60663-9351-4c92-a037-8f3a190b5659@group-5CF951FB94BD-SegmentedRaftLogWorker] INFO  segmented.BufferedWriteChannel (BufferedWriteChannel.java:open(62)) - open log_inprogress_0 at position 0
2024-03-05 10:11:26,694 [76f60663-9351-4c92-a037-8f3a190b5659@group-5CF951FB94BD-LeaderElection58] INFO  server.RaftServer$Division (ServerState.java:setRaftConf(386)) - 76f60663-9351-4c92-a037-8f3a190b5659@group-5CF951FB94BD: set configuration 0: peers:[76f60663-9351-4c92-a037-8f3a190b5659|10.1.0.29:15326]|listeners:[], old=null
2024-03-05 10:11:26,700 [76f60663-9351-4c92-a037-8f3a190b5659@group-5CF951FB94BD-SegmentedRaftLogWorker] INFO  segmented.SegmentedRaftLogWorker (SegmentedRaftLogWorker.java:execute(634)) - 76f60663-9351-4c92-a037-8f3a190b5659@group-5CF951FB94BD-SegmentedRaftLogWorker: created new log segment /home/runner/work/ozone/ozone/hadoop-ozone/integration-test/target/test-dir/MiniOzoneClusterImpl-58322414-df67-4d64-942a-a0d9644003f2/ozone-meta/datanode-6/ratis/efb7f63c-52b5-4262-888a-5cf951fb94bd/current/log_inprogress_0
2024-03-05 10:11:26,701 [76f60663-9351-4c92-a037-8f3a190b5659@group-5CF951FB94BD-StateMachineUpdater] INFO  server.RaftServer$Division (LeaderStateImpl.java:isApplied(320)) - leader is ready since appliedIndex == 0 >= startIndex == 0
2024-03-05 10:11:26,766 [aca6fe57-e7fe-4059-8fc7-aad793183b33@group-993DCF1EDE54-FollowerState] INFO  impl.FollowerState (FollowerState.java:run(143)) - aca6fe57-e7fe-4059-8fc7-aad793183b33@group-993DCF1EDE54-FollowerState: change to CANDIDATE, lastRpcElapsedTime:5006398082ns, electionTimeout:5006ms
2024-03-05 10:11:26,766 [aca6fe57-e7fe-4059-8fc7-aad793183b33@group-993DCF1EDE54-FollowerState] INFO  impl.RoleInfo (RoleInfo.java:shutdownFollowerState(110)) - aca6fe57-e7fe-4059-8fc7-aad793183b33: shutdown aca6fe57-e7fe-4059-8fc7-aad793183b33@group-993DCF1EDE54-FollowerState
2024-03-05 10:11:26,766 [aca6fe57-e7fe-4059-8fc7-aad793183b33@group-993DCF1EDE54-FollowerState] INFO  server.RaftServer$Division (RaftServerImpl.java:setRole(383)) - aca6fe57-e7fe-4059-8fc7-aad793183b33@group-993DCF1EDE54: changes role from  FOLLOWER to CANDIDATE at term 0 for changeToCandidate
2024-03-05 10:11:26,766 [aca6fe57-e7fe-4059-8fc7-aad793183b33@group-993DCF1EDE54-FollowerState] INFO  server.RaftServerConfigKeys (ConfUtils.java:logGet(46)) - raft.server.leaderelection.pre-vote = true (default)
2024-03-05 10:11:26,766 [aca6fe57-e7fe-4059-8fc7-aad793183b33@group-993DCF1EDE54-FollowerState] INFO  impl.RoleInfo (RoleInfo.java:updateAndGet(139)) - aca6fe57-e7fe-4059-8fc7-aad793183b33: start aca6fe57-e7fe-4059-8fc7-aad793183b33@group-993DCF1EDE54-LeaderElection59
2024-03-05 10:11:26,767 [aca6fe57-e7fe-4059-8fc7-aad793183b33@group-993DCF1EDE54-LeaderElection59] INFO  impl.LeaderElection (LeaderElection.java:askForVotes(321)) - aca6fe57-e7fe-4059-8fc7-aad793183b33@group-993DCF1EDE54-LeaderElection59 PRE_VOTE round 0: submit vote requests at term 0 for -1: peers:[deb5d253-51cb-42bf-a345-825603079b10|10.1.0.29:15353, aca6fe57-e7fe-4059-8fc7-aad793183b33|10.1.0.29:15335, e7233910-62be-434d-8b50-630853f02a3c|10.1.0.29:15344]|listeners:[], old=null
2024-03-05 10:11:26,768 [aca6fe57-e7fe-4059-8fc7-aad793183b33@group-993DCF1EDE54-LeaderElection59-1] INFO  server.GrpcServerProtocolClient (GrpcServerProtocolClient.java:<init>(65)) - Build channel for deb5d253-51cb-42bf-a345-825603079b10|10.1.0.29:15353
2024-03-05 10:11:26,768 [aca6fe57-e7fe-4059-8fc7-aad793183b33@group-993DCF1EDE54-LeaderElection59-2] INFO  server.GrpcServerProtocolClient (GrpcServerProtocolClient.java:<init>(65)) - Build channel for e7233910-62be-434d-8b50-630853f02a3c|10.1.0.29:15344
2024-03-05 10:11:26,768 [aca6fe57-e7fe-4059-8fc7-aad793183b33@group-993DCF1EDE54-LeaderElection59] INFO  server.RaftServerConfigKeys (ConfUtils.java:logFallback(53)) - raft.server.rpc.first-election.timeout.min = 5s (fallback to raft.server.rpc.timeout.min)
2024-03-05 10:11:26,768 [aca6fe57-e7fe-4059-8fc7-aad793183b33@group-993DCF1EDE54-LeaderElection59] INFO  server.RaftServerConfigKeys (ConfUtils.java:logFallback(53)) - raft.server.rpc.first-election.timeout.max = 5200ms (fallback to raft.server.rpc.timeout.max)
2024-03-05 10:11:26,772 [grpc-default-executor-0] INFO  server.RaftServer$Division (RaftServerImpl.java:requestVote(1389)) - deb5d253-51cb-42bf-a345-825603079b10@group-993DCF1EDE54: receive requestVote(PRE_VOTE, aca6fe57-e7fe-4059-8fc7-aad793183b33, group-993DCF1EDE54, 0, (t:0, i:0))
2024-03-05 10:11:26,772 [grpc-default-executor-0] INFO  impl.VoteContext (VoteContext.java:log(49)) - deb5d253-51cb-42bf-a345-825603079b10@group-993DCF1EDE54-FOLLOWER: accept PRE_VOTE from aca6fe57-e7fe-4059-8fc7-aad793183b33: our priority 0 <= candidate's priority 0
2024-03-05 10:11:26,772 [grpc-default-executor-0] INFO  server.RaftServer$Division (RaftServerImpl.java:requestVote(1422)) - deb5d253-51cb-42bf-a345-825603079b10@group-993DCF1EDE54 replies to PRE_VOTE vote request: aca6fe57-e7fe-4059-8fc7-aad793183b33<-deb5d253-51cb-42bf-a345-825603079b10#0:OK-t0. Peer's state: deb5d253-51cb-42bf-a345-825603079b10@group-993DCF1EDE54:t0, leader=null, voted=, raftlog=Memoized:deb5d253-51cb-42bf-a345-825603079b10@group-993DCF1EDE54-SegmentedRaftLog:OPENED:c-1, conf=-1: peers:[deb5d253-51cb-42bf-a345-825603079b10|10.1.0.29:15353, aca6fe57-e7fe-4059-8fc7-aad793183b33|10.1.0.29:15335, e7233910-62be-434d-8b50-630853f02a3c|10.1.0.29:15344]|listeners:[], old=null
2024-03-05 10:11:26,774 [grpc-default-executor-0] INFO  server.RaftServer$Division (RaftServerImpl.java:requestVote(1389)) - e7233910-62be-434d-8b50-630853f02a3c@group-993DCF1EDE54: receive requestVote(PRE_VOTE, aca6fe57-e7fe-4059-8fc7-aad793183b33, group-993DCF1EDE54, 0, (t:0, i:0))
2024-03-05 10:11:26,774 [grpc-default-executor-0] INFO  impl.VoteContext (VoteContext.java:log(49)) - e7233910-62be-434d-8b50-630853f02a3c@group-993DCF1EDE54-FOLLOWER: reject PRE_VOTE from aca6fe57-e7fe-4059-8fc7-aad793183b33: our priority 1 > candidate's priority 0
2024-03-05 10:11:26,774 [grpc-default-executor-0] INFO  server.RaftServer$Division (RaftServerImpl.java:requestVote(1422)) - e7233910-62be-434d-8b50-630853f02a3c@group-993DCF1EDE54 replies to PRE_VOTE vote request: aca6fe57-e7fe-4059-8fc7-aad793183b33<-e7233910-62be-434d-8b50-630853f02a3c#0:FAIL-t0. Peer's state: e7233910-62be-434d-8b50-630853f02a3c@group-993DCF1EDE54:t0, leader=null, voted=, raftlog=Memoized:e7233910-62be-434d-8b50-630853f02a3c@group-993DCF1EDE54-SegmentedRaftLog:OPENED:c-1, conf=-1: peers:[deb5d253-51cb-42bf-a345-825603079b10|10.1.0.29:15353, aca6fe57-e7fe-4059-8fc7-aad793183b33|10.1.0.29:15335, e7233910-62be-434d-8b50-630853f02a3c|10.1.0.29:15344]|listeners:[], old=null
2024-03-05 10:11:26,776 [aca6fe57-e7fe-4059-8fc7-aad793183b33@group-993DCF1EDE54-LeaderElection59] INFO  impl.LeaderElection (LeaderElection.java:logAndReturn(89)) - aca6fe57-e7fe-4059-8fc7-aad793183b33@group-993DCF1EDE54-LeaderElection59: PRE_VOTE REJECTED received 2 response(s) and 0 exception(s):
2024-03-05 10:11:26,776 [aca6fe57-e7fe-4059-8fc7-aad793183b33@group-993DCF1EDE54-LeaderElection59] INFO  impl.LeaderElection (LeaderElection.java:logAndReturn(93)) -   Response 0: aca6fe57-e7fe-4059-8fc7-aad793183b33<-deb5d253-51cb-42bf-a345-825603079b10#0:OK-t0
2024-03-05 10:11:26,776 [aca6fe57-e7fe-4059-8fc7-aad793183b33@group-993DCF1EDE54-LeaderElection59] INFO  impl.LeaderElection (LeaderElection.java:logAndReturn(93)) -   Response 1: aca6fe57-e7fe-4059-8fc7-aad793183b33<-e7233910-62be-434d-8b50-630853f02a3c#0:FAIL-t0
2024-03-05 10:11:26,776 [aca6fe57-e7fe-4059-8fc7-aad793183b33@group-993DCF1EDE54-LeaderElection59] INFO  impl.LeaderElection (LeaderElection.java:askForVotes(323)) - aca6fe57-e7fe-4059-8fc7-aad793183b33@group-993DCF1EDE54-LeaderElection59 PRE_VOTE round 0: result REJECTED
2024-03-05 10:11:26,776 [aca6fe57-e7fe-4059-8fc7-aad793183b33@group-993DCF1EDE54-LeaderElection59] INFO  server.RaftServer$Division (RaftServerImpl.java:setRole(383)) - aca6fe57-e7fe-4059-8fc7-aad793183b33@group-993DCF1EDE54: changes role from CANDIDATE to FOLLOWER at term 0 for REJECTED
2024-03-05 10:11:26,776 [aca6fe57-e7fe-4059-8fc7-aad793183b33@group-993DCF1EDE54-LeaderElection59] INFO  impl.RoleInfo (RoleInfo.java:shutdownLeaderElection(130)) - aca6fe57-e7fe-4059-8fc7-aad793183b33: shutdown aca6fe57-e7fe-4059-8fc7-aad793183b33@group-993DCF1EDE54-LeaderElection59
2024-03-05 10:11:26,776 [aca6fe57-e7fe-4059-8fc7-aad793183b33@group-993DCF1EDE54-LeaderElection59] INFO  impl.RoleInfo (RoleInfo.java:updateAndGet(139)) - aca6fe57-e7fe-4059-8fc7-aad793183b33: start aca6fe57-e7fe-4059-8fc7-aad793183b33@group-993DCF1EDE54-FollowerState
2024-03-05 10:11:26,776 [aca6fe57-e7fe-4059-8fc7-aad793183b33@group-993DCF1EDE54-LeaderElection59] INFO  server.RaftServer$Division (RaftServerImpl.java:setFirstElection(574)) - aca6fe57-e7fe-4059-8fc7-aad793183b33@group-993DCF1EDE54: set firstElectionSinceStartup to false for REJECTED
2024-03-05 10:11:26,810 [deb5d253-51cb-42bf-a345-825603079b10@group-993DCF1EDE54-FollowerState] INFO  server.RaftServerConfigKeys (ConfUtils.java:logFallback(53)) - raft.server.rpc.first-election.timeout.min = 5s (fallback to raft.server.rpc.timeout.min)
2024-03-05 10:11:26,810 [deb5d253-51cb-42bf-a345-825603079b10@group-993DCF1EDE54-FollowerState] INFO  server.RaftServerConfigKeys (ConfUtils.java:logFallback(53)) - raft.server.rpc.first-election.timeout.max = 5200ms (fallback to raft.server.rpc.timeout.max)
2024-03-05 10:11:26,825 [aca6fe57-e7fe-4059-8fc7-aad793183b33@group-C9EB3D273E82-FollowerState] INFO  impl.FollowerState (FollowerState.java:run(143)) - aca6fe57-e7fe-4059-8fc7-aad793183b33@group-C9EB3D273E82-FollowerState: change to CANDIDATE, lastRpcElapsedTime:5078714438ns, electionTimeout:5078ms
2024-03-05 10:11:26,825 [aca6fe57-e7fe-4059-8fc7-aad793183b33@group-C9EB3D273E82-FollowerState] INFO  impl.RoleInfo (RoleInfo.java:shutdownFollowerState(110)) - aca6fe57-e7fe-4059-8fc7-aad793183b33: shutdown aca6fe57-e7fe-4059-8fc7-aad793183b33@group-C9EB3D273E82-FollowerState
2024-03-05 10:11:26,825 [aca6fe57-e7fe-4059-8fc7-aad793183b33@group-C9EB3D273E82-FollowerState] INFO  server.RaftServer$Division (RaftServerImpl.java:setRole(383)) - aca6fe57-e7fe-4059-8fc7-aad793183b33@group-C9EB3D273E82: changes role from  FOLLOWER to CANDIDATE at term 0 for changeToCandidate
2024-03-05 10:11:26,826 [aca6fe57-e7fe-4059-8fc7-aad793183b33@group-C9EB3D273E82-FollowerState] INFO  server.RaftServerConfigKeys (ConfUtils.java:logGet(46)) - raft.server.leaderelection.pre-vote = true (default)
2024-03-05 10:11:26,826 [aca6fe57-e7fe-4059-8fc7-aad793183b33@group-C9EB3D273E82-FollowerState] INFO  impl.RoleInfo (RoleInfo.java:updateAndGet(139)) - aca6fe57-e7fe-4059-8fc7-aad793183b33: start aca6fe57-e7fe-4059-8fc7-aad793183b33@group-C9EB3D273E82-LeaderElection60
2024-03-05 10:11:26,827 [aca6fe57-e7fe-4059-8fc7-aad793183b33@group-C9EB3D273E82-LeaderElection60] INFO  impl.LeaderElection (LeaderElection.java:askForVotes(321)) - aca6fe57-e7fe-4059-8fc7-aad793183b33@group-C9EB3D273E82-LeaderElection60 PRE_VOTE round 0: submit vote requests at term 0 for -1: peers:[aca6fe57-e7fe-4059-8fc7-aad793183b33|10.1.0.29:15335]|listeners:[], old=null
2024-03-05 10:11:26,827 [aca6fe57-e7fe-4059-8fc7-aad793183b33@group-C9EB3D273E82-LeaderElection60] INFO  impl.LeaderElection (LeaderElection.java:askForVotes(323)) - aca6fe57-e7fe-4059-8fc7-aad793183b33@group-C9EB3D273E82-LeaderElection60 PRE_VOTE round 0: result PASSED (term=0)
2024-03-05 10:11:26,828 [aca6fe57-e7fe-4059-8fc7-aad793183b33@group-C9EB3D273E82-LeaderElection60] INFO  impl.LeaderElection (LeaderElection.java:askForVotes(321)) - aca6fe57-e7fe-4059-8fc7-aad793183b33@group-C9EB3D273E82-LeaderElection60 ELECTION round 0: submit vote requests at term 1 for -1: peers:[aca6fe57-e7fe-4059-8fc7-aad793183b33|10.1.0.29:15335]|listeners:[], old=null
2024-03-05 10:11:26,828 [aca6fe57-e7fe-4059-8fc7-aad793183b33@group-C9EB3D273E82-LeaderElection60] INFO  impl.LeaderElection (LeaderElection.java:askForVotes(323)) - aca6fe57-e7fe-4059-8fc7-aad793183b33@group-C9EB3D273E82-LeaderElection60 ELECTION round 0: result PASSED (term=1)
2024-03-05 10:11:26,828 [aca6fe57-e7fe-4059-8fc7-aad793183b33@group-C9EB3D273E82-LeaderElection60] INFO  impl.RoleInfo (RoleInfo.java:shutdownLeaderElection(130)) - aca6fe57-e7fe-4059-8fc7-aad793183b33: shutdown aca6fe57-e7fe-4059-8fc7-aad793183b33@group-C9EB3D273E82-LeaderElection60
2024-03-05 10:11:26,829 [aca6fe57-e7fe-4059-8fc7-aad793183b33@group-C9EB3D273E82-LeaderElection60] INFO  server.RaftServer$Division (RaftServerImpl.java:setRole(383)) - aca6fe57-e7fe-4059-8fc7-aad793183b33@group-C9EB3D273E82: changes role from CANDIDATE to LEADER at term 1 for changeToLeader
2024-03-05 10:11:26,829 [aca6fe57-e7fe-4059-8fc7-aad793183b33@group-C9EB3D273E82-LeaderElection60] INFO  server.RaftServerConfigKeys (ConfUtils.java:logGet(46)) - raft.server.staging.catchup.gap = 1000 (default)
2024-03-05 10:11:26,829 [aca6fe57-e7fe-4059-8fc7-aad793183b33@group-C9EB3D273E82-LeaderElection60] INFO  server.RaftServerConfigKeys (ConfUtils.java:logGet(46)) - raft.server.write.element-limit = 1024 (custom)
2024-03-05 10:11:26,829 [aca6fe57-e7fe-4059-8fc7-aad793183b33@group-C9EB3D273E82-LeaderElection60] INFO  server.RaftServerConfigKeys (ConfUtils.java:logGet(46)) - raft.server.write.byte-limit = 1024 M (=1073741824) (custom)
2024-03-05 10:11:26,829 [aca6fe57-e7fe-4059-8fc7-aad793183b33@group-C9EB3D273E82-LeaderElection60] INFO  server.RaftServerConfigKeys (ConfUtils.java:logGet(46)) - raft.server.watch.timeout = 3000ms (custom)
2024-03-05 10:11:26,829 [aca6fe57-e7fe-4059-8fc7-aad793183b33@group-C9EB3D273E82-LeaderElection60] INFO  server.RaftServerConfigKeys (ConfUtils.java:logGet(46)) - raft.server.watch.timeout.denomination = 1s (default)
2024-03-05 10:11:26,829 [aca6fe57-e7fe-4059-8fc7-aad793183b33@group-C9EB3D273E82-LeaderElection60] INFO  server.RaftServerConfigKeys (ConfUtils.java:logGet(46)) - raft.server.watch.element-limit = 65536 (default)
2024-03-05 10:11:26,829 [aca6fe57-e7fe-4059-8fc7-aad793183b33@group-C9EB3D273E82-LeaderElection60] INFO  server.RaftServerConfigKeys (ConfUtils.java:logGet(46)) - raft.server.read.leader.lease.enabled = false (default)
2024-03-05 10:11:26,829 [aca6fe57-e7fe-4059-8fc7-aad793183b33@group-C9EB3D273E82-LeaderElection60] INFO  server.RaftServerConfigKeys (ConfUtils.java:logGet(46)) - raft.server.read.leader.lease.timeout.ratio = 0.9 (default)
2024-03-05 10:11:26,829 [aca6fe57-e7fe-4059-8fc7-aad793183b33@group-C9EB3D273E82-LeaderElection60] INFO  server.RaftServerConfigKeys (ConfUtils.java:logGet(46)) - raft.server.rpc.timeout.min = 5s (custom)
2024-03-05 10:11:26,829 [aca6fe57-e7fe-4059-8fc7-aad793183b33@group-C9EB3D273E82-LeaderElection60] INFO  server.RaftServerConfigKeys (ConfUtils.java:logGet(46)) - raft.server.write.element-limit = 1024 (custom)
2024-03-05 10:11:26,829 [aca6fe57-e7fe-4059-8fc7-aad793183b33@group-C9EB3D273E82-LeaderElection60] INFO  server.RaftServerConfigKeys (ConfUtils.java:logGet(46)) - raft.server.write.follower.gap.ratio.max = -1.0 (default)
2024-03-05 10:11:26,829 [aca6fe57-e7fe-4059-8fc7-aad793183b33@group-C9EB3D273E82-LeaderElection60] INFO  impl.RoleInfo (RoleInfo.java:updateAndGet(139)) - aca6fe57-e7fe-4059-8fc7-aad793183b33: start aca6fe57-e7fe-4059-8fc7-aad793183b33@group-C9EB3D273E82-LeaderStateImpl
2024-03-05 10:11:26,830 [aca6fe57-e7fe-4059-8fc7-aad793183b33@group-C9EB3D273E82-LeaderElection60] INFO  server.RaftServer$Division (RaftServerImpl.java:setFirstElection(574)) - aca6fe57-e7fe-4059-8fc7-aad793183b33@group-C9EB3D273E82: set firstElectionSinceStartup to false for becomeLeader
2024-03-05 10:11:26,830 [aca6fe57-e7fe-4059-8fc7-aad793183b33@group-C9EB3D273E82-LeaderElection60] INFO  ratis.XceiverServerRatis (XceiverServerRatis.java:handleLeaderChangedNotification(966)) - Leader change notification received for group: group-C9EB3D273E82 with new leaderId: aca6fe57-e7fe-4059-8fc7-aad793183b33
2024-03-05 10:11:26,830 [aca6fe57-e7fe-4059-8fc7-aad793183b33@group-C9EB3D273E82-LeaderElection60] INFO  server.RaftServer$Division (ServerState.java:setLeader(269)) - aca6fe57-e7fe-4059-8fc7-aad793183b33@group-C9EB3D273E82: change Leader from null to aca6fe57-e7fe-4059-8fc7-aad793183b33 at term 1 for becomeLeader, leader elected after 5093ms
2024-03-05 10:11:26,830 [aca6fe57-e7fe-4059-8fc7-aad793183b33@group-C9EB3D273E82-LeaderElection60] INFO  segmented.SegmentedRaftLogWorker (SegmentedRaftLogWorker.java:startLogSegment(430)) - aca6fe57-e7fe-4059-8fc7-aad793183b33@group-C9EB3D273E82-SegmentedRaftLogWorker: Starting segment from index:0
2024-03-05 10:11:26,830 [aca6fe57-e7fe-4059-8fc7-aad793183b33@group-C9EB3D273E82-SegmentedRaftLogWorker] INFO  segmented.BufferedWriteChannel (BufferedWriteChannel.java:open(62)) - open log_inprogress_0 at position 0
2024-03-05 10:11:26,833 [aca6fe57-e7fe-4059-8fc7-aad793183b33@group-C9EB3D273E82-LeaderElection60] INFO  server.RaftServer$Division (ServerState.java:setRaftConf(386)) - aca6fe57-e7fe-4059-8fc7-aad793183b33@group-C9EB3D273E82: set configuration 0: peers:[aca6fe57-e7fe-4059-8fc7-aad793183b33|10.1.0.29:15335]|listeners:[], old=null
2024-03-05 10:11:26,837 [aca6fe57-e7fe-4059-8fc7-aad793183b33@group-C9EB3D273E82-SegmentedRaftLogWorker] INFO  segmented.SegmentedRaftLogWorker (SegmentedRaftLogWorker.java:execute(634)) - aca6fe57-e7fe-4059-8fc7-aad793183b33@group-C9EB3D273E82-SegmentedRaftLogWorker: created new log segment /home/runner/work/ozone/ozone/hadoop-ozone/integration-test/target/test-dir/MiniOzoneClusterImpl-58322414-df67-4d64-942a-a0d9644003f2/ozone-meta/datanode-7/ratis/69e01a9d-2717-4b02-afb1-c9eb3d273e82/current/log_inprogress_0
2024-03-05 10:11:26,838 [aca6fe57-e7fe-4059-8fc7-aad793183b33@group-C9EB3D273E82-StateMachineUpdater] INFO  server.RaftServer$Division (LeaderStateImpl.java:isApplied(320)) - leader is ready since appliedIndex == 0 >= startIndex == 0
2024-03-05 10:11:26,886 [e7233910-62be-434d-8b50-630853f02a3c@group-DE9E02C7B6FF-FollowerState] INFO  impl.FollowerState (FollowerState.java:run(143)) - e7233910-62be-434d-8b50-630853f02a3c@group-DE9E02C7B6FF-FollowerState: change to CANDIDATE, lastRpcElapsedTime:5042424402ns, electionTimeout:5042ms
2024-03-05 10:11:26,886 [e7233910-62be-434d-8b50-630853f02a3c@group-DE9E02C7B6FF-FollowerState] INFO  impl.RoleInfo (RoleInfo.java:shutdownFollowerState(110)) - e7233910-62be-434d-8b50-630853f02a3c: shutdown e7233910-62be-434d-8b50-630853f02a3c@group-DE9E02C7B6FF-FollowerState
2024-03-05 10:11:26,886 [e7233910-62be-434d-8b50-630853f02a3c@group-DE9E02C7B6FF-FollowerState] INFO  server.RaftServer$Division (RaftServerImpl.java:setRole(383)) - e7233910-62be-434d-8b50-630853f02a3c@group-DE9E02C7B6FF: changes role from  FOLLOWER to CANDIDATE at term 0 for changeToCandidate
2024-03-05 10:11:26,886 [e7233910-62be-434d-8b50-630853f02a3c@group-DE9E02C7B6FF-FollowerState] INFO  server.RaftServerConfigKeys (ConfUtils.java:logGet(46)) - raft.server.leaderelection.pre-vote = true (default)
2024-03-05 10:11:26,886 [e7233910-62be-434d-8b50-630853f02a3c@group-DE9E02C7B6FF-FollowerState] INFO  impl.RoleInfo (RoleInfo.java:updateAndGet(139)) - e7233910-62be-434d-8b50-630853f02a3c: start e7233910-62be-434d-8b50-630853f02a3c@group-DE9E02C7B6FF-LeaderElection61
2024-03-05 10:11:26,888 [e7233910-62be-434d-8b50-630853f02a3c@group-DE9E02C7B6FF-LeaderElection61] INFO  impl.LeaderElection (LeaderElection.java:askForVotes(321)) - e7233910-62be-434d-8b50-630853f02a3c@group-DE9E02C7B6FF-LeaderElection61 PRE_VOTE round 0: submit vote requests at term 0 for -1: peers:[e7233910-62be-434d-8b50-630853f02a3c|10.1.0.29:15344]|listeners:[], old=null
2024-03-05 10:11:26,888 [e7233910-62be-434d-8b50-630853f02a3c@group-DE9E02C7B6FF-LeaderElection61] INFO  impl.LeaderElection (LeaderElection.java:askForVotes(323)) - e7233910-62be-434d-8b50-630853f02a3c@group-DE9E02C7B6FF-LeaderElection61 PRE_VOTE round 0: result PASSED (term=0)
2024-03-05 10:11:26,889 [e7233910-62be-434d-8b50-630853f02a3c@group-DE9E02C7B6FF-LeaderElection61] INFO  impl.LeaderElection (LeaderElection.java:askForVotes(321)) - e7233910-62be-434d-8b50-630853f02a3c@group-DE9E02C7B6FF-LeaderElection61 ELECTION round 0: submit vote requests at term 1 for -1: peers:[e7233910-62be-434d-8b50-630853f02a3c|10.1.0.29:15344]|listeners:[], old=null
2024-03-05 10:11:26,889 [e7233910-62be-434d-8b50-630853f02a3c@group-DE9E02C7B6FF-LeaderElection61] INFO  impl.LeaderElection (LeaderElection.java:askForVotes(323)) - e7233910-62be-434d-8b50-630853f02a3c@group-DE9E02C7B6FF-LeaderElection61 ELECTION round 0: result PASSED (term=1)
2024-03-05 10:11:26,889 [e7233910-62be-434d-8b50-630853f02a3c@group-DE9E02C7B6FF-LeaderElection61] INFO  impl.RoleInfo (RoleInfo.java:shutdownLeaderElection(130)) - e7233910-62be-434d-8b50-630853f02a3c: shutdown e7233910-62be-434d-8b50-630853f02a3c@group-DE9E02C7B6FF-LeaderElection61
2024-03-05 10:11:26,889 [e7233910-62be-434d-8b50-630853f02a3c@group-DE9E02C7B6FF-LeaderElection61] INFO  server.RaftServer$Division (RaftServerImpl.java:setRole(383)) - e7233910-62be-434d-8b50-630853f02a3c@group-DE9E02C7B6FF: changes role from CANDIDATE to LEADER at term 1 for changeToLeader
2024-03-05 10:11:26,889 [e7233910-62be-434d-8b50-630853f02a3c@group-DE9E02C7B6FF-LeaderElection61] INFO  server.RaftServerConfigKeys (ConfUtils.java:logGet(46)) - raft.server.staging.catchup.gap = 1000 (default)
2024-03-05 10:11:26,889 [e7233910-62be-434d-8b50-630853f02a3c@group-DE9E02C7B6FF-LeaderElection61] INFO  server.RaftServerConfigKeys (ConfUtils.java:logGet(46)) - raft.server.write.element-limit = 1024 (custom)
2024-03-05 10:11:26,889 [e7233910-62be-434d-8b50-630853f02a3c@group-DE9E02C7B6FF-LeaderElection61] INFO  server.RaftServerConfigKeys (ConfUtils.java:logGet(46)) - raft.server.write.byte-limit = 1024 M (=1073741824) (custom)
2024-03-05 10:11:26,890 [e7233910-62be-434d-8b50-630853f02a3c@group-DE9E02C7B6FF-LeaderElection61] INFO  server.RaftServerConfigKeys (ConfUtils.java:logGet(46)) - raft.server.watch.timeout = 3000ms (custom)
2024-03-05 10:11:26,890 [e7233910-62be-434d-8b50-630853f02a3c@group-DE9E02C7B6FF-LeaderElection61] INFO  server.RaftServerConfigKeys (ConfUtils.java:logGet(46)) - raft.server.watch.timeout.denomination = 1s (default)
2024-03-05 10:11:26,890 [e7233910-62be-434d-8b50-630853f02a3c@group-DE9E02C7B6FF-LeaderElection61] INFO  server.RaftServerConfigKeys (ConfUtils.java:logGet(46)) - raft.server.watch.element-limit = 65536 (default)
2024-03-05 10:11:26,890 [e7233910-62be-434d-8b50-630853f02a3c@group-DE9E02C7B6FF-LeaderElection61] INFO  server.RaftServerConfigKeys (ConfUtils.java:logGet(46)) - raft.server.read.leader.lease.enabled = false (default)
2024-03-05 10:11:26,890 [e7233910-62be-434d-8b50-630853f02a3c@group-DE9E02C7B6FF-LeaderElection61] INFO  server.RaftServerConfigKeys (ConfUtils.java:logGet(46)) - raft.server.read.leader.lease.timeout.ratio = 0.9 (default)
2024-03-05 10:11:26,890 [e7233910-62be-434d-8b50-630853f02a3c@group-DE9E02C7B6FF-LeaderElection61] INFO  server.RaftServerConfigKeys (ConfUtils.java:logGet(46)) - raft.server.rpc.timeout.min = 5s (custom)
2024-03-05 10:11:26,890 [e7233910-62be-434d-8b50-630853f02a3c@group-DE9E02C7B6FF-LeaderElection61] INFO  server.RaftServerConfigKeys (ConfUtils.java:logGet(46)) - raft.server.write.element-limit = 1024 (custom)
2024-03-05 10:11:26,890 [e7233910-62be-434d-8b50-630853f02a3c@group-DE9E02C7B6FF-LeaderElection61] INFO  server.RaftServerConfigKeys (ConfUtils.java:logGet(46)) - raft.server.write.follower.gap.ratio.max = -1.0 (default)
2024-03-05 10:11:26,890 [e7233910-62be-434d-8b50-630853f02a3c@group-DE9E02C7B6FF-LeaderElection61] INFO  impl.RoleInfo (RoleInfo.java:updateAndGet(139)) - e7233910-62be-434d-8b50-630853f02a3c: start e7233910-62be-434d-8b50-630853f02a3c@group-DE9E02C7B6FF-LeaderStateImpl
2024-03-05 10:11:26,890 [e7233910-62be-434d-8b50-630853f02a3c@group-DE9E02C7B6FF-LeaderElection61] INFO  server.RaftServer$Division (RaftServerImpl.java:setFirstElection(574)) - e7233910-62be-434d-8b50-630853f02a3c@group-DE9E02C7B6FF: set firstElectionSinceStartup to false for becomeLeader
2024-03-05 10:11:26,890 [e7233910-62be-434d-8b50-630853f02a3c@group-DE9E02C7B6FF-LeaderElection61] INFO  ratis.XceiverServerRatis (XceiverServerRatis.java:handleLeaderChangedNotification(966)) - Leader change notification received for group: group-DE9E02C7B6FF with new leaderId: e7233910-62be-434d-8b50-630853f02a3c
2024-03-05 10:11:26,890 [e7233910-62be-434d-8b50-630853f02a3c@group-DE9E02C7B6FF-LeaderElection61] INFO  server.RaftServer$Division (ServerState.java:setLeader(269)) - e7233910-62be-434d-8b50-630853f02a3c@group-DE9E02C7B6FF: change Leader from null to e7233910-62be-434d-8b50-630853f02a3c at term 1 for becomeLeader, leader elected after 5056ms
2024-03-05 10:11:26,890 [e7233910-62be-434d-8b50-630853f02a3c@group-DE9E02C7B6FF-LeaderElection61] INFO  segmented.SegmentedRaftLogWorker (SegmentedRaftLogWorker.java:startLogSegment(430)) - e7233910-62be-434d-8b50-630853f02a3c@group-DE9E02C7B6FF-SegmentedRaftLogWorker: Starting segment from index:0
2024-03-05 10:11:26,891 [e7233910-62be-434d-8b50-630853f02a3c@group-DE9E02C7B6FF-SegmentedRaftLogWorker] INFO  segmented.BufferedWriteChannel (BufferedWriteChannel.java:open(62)) - open log_inprogress_0 at position 0
2024-03-05 10:11:26,891 [e7233910-62be-434d-8b50-630853f02a3c@group-DE9E02C7B6FF-LeaderElection61] INFO  server.RaftServer$Division (ServerState.java:setRaftConf(386)) - e7233910-62be-434d-8b50-630853f02a3c@group-DE9E02C7B6FF: set configuration 0: peers:[e7233910-62be-434d-8b50-630853f02a3c|10.1.0.29:15344]|listeners:[], old=null
2024-03-05 10:11:26,898 [e7233910-62be-434d-8b50-630853f02a3c@group-DE9E02C7B6FF-SegmentedRaftLogWorker] INFO  segmented.SegmentedRaftLogWorker (SegmentedRaftLogWorker.java:execute(634)) - e7233910-62be-434d-8b50-630853f02a3c@group-DE9E02C7B6FF-SegmentedRaftLogWorker: created new log segment /home/runner/work/ozone/ozone/hadoop-ozone/integration-test/target/test-dir/MiniOzoneClusterImpl-58322414-df67-4d64-942a-a0d9644003f2/ozone-meta/datanode-8/ratis/4ae47a6d-4ba0-4668-ad67-de9e02c7b6ff/current/log_inprogress_0
2024-03-05 10:11:26,899 [e7233910-62be-434d-8b50-630853f02a3c@group-DE9E02C7B6FF-StateMachineUpdater] INFO  server.RaftServer$Division (LeaderStateImpl.java:isApplied(320)) - leader is ready since appliedIndex == 0 >= startIndex == 0
2024-03-05 10:11:26,915 [e7233910-62be-434d-8b50-630853f02a3c@group-993DCF1EDE54-FollowerState] INFO  impl.FollowerState (FollowerState.java:run(143)) - e7233910-62be-434d-8b50-630853f02a3c@group-993DCF1EDE54-FollowerState: change to CANDIDATE, lastRpcElapsedTime:5114918959ns, electionTimeout:5112ms
2024-03-05 10:11:26,915 [e7233910-62be-434d-8b50-630853f02a3c@group-993DCF1EDE54-FollowerState] INFO  impl.RoleInfo (RoleInfo.java:shutdownFollowerState(110)) - e7233910-62be-434d-8b50-630853f02a3c: shutdown e7233910-62be-434d-8b50-630853f02a3c@group-993DCF1EDE54-FollowerState
2024-03-05 10:11:26,916 [e7233910-62be-434d-8b50-630853f02a3c@group-993DCF1EDE54-FollowerState] INFO  server.RaftServer$Division (RaftServerImpl.java:setRole(383)) - e7233910-62be-434d-8b50-630853f02a3c@group-993DCF1EDE54: changes role from  FOLLOWER to CANDIDATE at term 0 for changeToCandidate
2024-03-05 10:11:26,916 [e7233910-62be-434d-8b50-630853f02a3c@group-993DCF1EDE54-FollowerState] INFO  server.RaftServerConfigKeys (ConfUtils.java:logGet(46)) - raft.server.leaderelection.pre-vote = true (default)
2024-03-05 10:11:26,916 [e7233910-62be-434d-8b50-630853f02a3c@group-993DCF1EDE54-FollowerState] INFO  impl.RoleInfo (RoleInfo.java:updateAndGet(139)) - e7233910-62be-434d-8b50-630853f02a3c: start e7233910-62be-434d-8b50-630853f02a3c@group-993DCF1EDE54-LeaderElection62
2024-03-05 10:11:26,917 [e7233910-62be-434d-8b50-630853f02a3c@group-993DCF1EDE54-LeaderElection62] INFO  impl.LeaderElection (LeaderElection.java:askForVotes(321)) - e7233910-62be-434d-8b50-630853f02a3c@group-993DCF1EDE54-LeaderElection62 PRE_VOTE round 0: submit vote requests at term 0 for -1: peers:[deb5d253-51cb-42bf-a345-825603079b10|10.1.0.29:15353, aca6fe57-e7fe-4059-8fc7-aad793183b33|10.1.0.29:15335, e7233910-62be-434d-8b50-630853f02a3c|10.1.0.29:15344]|listeners:[], old=null
2024-03-05 10:11:26,917 [e7233910-62be-434d-8b50-630853f02a3c@group-993DCF1EDE54-LeaderElection62-1] INFO  server.GrpcServerProtocolClient (GrpcServerProtocolClient.java:<init>(65)) - Build channel for deb5d253-51cb-42bf-a345-825603079b10|10.1.0.29:15353
2024-03-05 10:11:26,917 [e7233910-62be-434d-8b50-630853f02a3c@group-993DCF1EDE54-LeaderElection62-2] INFO  server.GrpcServerProtocolClient (GrpcServerProtocolClient.java:<init>(65)) - Build channel for aca6fe57-e7fe-4059-8fc7-aad793183b33|10.1.0.29:15335
2024-03-05 10:11:26,917 [e7233910-62be-434d-8b50-630853f02a3c@group-993DCF1EDE54-LeaderElection62] INFO  server.RaftServerConfigKeys (ConfUtils.java:logFallback(53)) - raft.server.rpc.first-election.timeout.min = 5s (fallback to raft.server.rpc.timeout.min)
2024-03-05 10:11:26,917 [e7233910-62be-434d-8b50-630853f02a3c@group-993DCF1EDE54-LeaderElection62] INFO  server.RaftServerConfigKeys (ConfUtils.java:logFallback(53)) - raft.server.rpc.first-election.timeout.max = 5200ms (fallback to raft.server.rpc.timeout.max)
2024-03-05 10:11:26,955 [main] INFO  ozone.MiniOzoneClusterImpl (MiniOzoneClusterImpl.java:lambda$waitForClusterToBeReady$0(194)) - Nodes are ready. Got 9 of 9 DN Heartbeats.
2024-03-05 10:11:26,960 [main] INFO  ozone.MiniOzoneClusterImpl (MiniOzoneClusterImpl.java:lambda$waitForClusterToBeReady$0(197)) - Cluster exits safe mode
2024-03-05 10:11:26,960 [main] INFO  ozone.MiniOzoneClusterImpl (MiniOzoneClusterImpl.java:lambda$waitForClusterToBeReady$0(199)) - SCM became leader
2024-03-05 10:11:26,962 [grpc-default-executor-0] INFO  server.RaftServer$Division (RaftServerImpl.java:requestVote(1389)) - aca6fe57-e7fe-4059-8fc7-aad793183b33@group-993DCF1EDE54: receive requestVote(PRE_VOTE, e7233910-62be-434d-8b50-630853f02a3c, group-993DCF1EDE54, 0, (t:0, i:0))
2024-03-05 10:11:26,962 [grpc-default-executor-0] INFO  impl.VoteContext (VoteContext.java:log(49)) - aca6fe57-e7fe-4059-8fc7-aad793183b33@group-993DCF1EDE54-FOLLOWER: accept PRE_VOTE from e7233910-62be-434d-8b50-630853f02a3c: our priority 0 <= candidate's priority 1
2024-03-05 10:11:26,963 [grpc-default-executor-0] INFO  server.RaftServer$Division (RaftServerImpl.java:requestVote(1422)) - aca6fe57-e7fe-4059-8fc7-aad793183b33@group-993DCF1EDE54 replies to PRE_VOTE vote request: e7233910-62be-434d-8b50-630853f02a3c<-aca6fe57-e7fe-4059-8fc7-aad793183b33#0:OK-t0. Peer's state: aca6fe57-e7fe-4059-8fc7-aad793183b33@group-993DCF1EDE54:t0, leader=null, voted=, raftlog=Memoized:aca6fe57-e7fe-4059-8fc7-aad793183b33@group-993DCF1EDE54-SegmentedRaftLog:OPENED:c-1, conf=-1: peers:[deb5d253-51cb-42bf-a345-825603079b10|10.1.0.29:15353, aca6fe57-e7fe-4059-8fc7-aad793183b33|10.1.0.29:15335, e7233910-62be-434d-8b50-630853f02a3c|10.1.0.29:15344]|listeners:[], old=null
2024-03-05 10:11:26,963 [main] INFO  protocolPB.OmTransportFactory (OmTransportFactory.java:createFactory(62)) - Loading OM transport implementation org.apache.hadoop.ozone.om.protocolPB.Hadoop3OmTransportFactory as specified by configuration.
2024-03-05 10:11:26,971 [e7233910-62be-434d-8b50-630853f02a3c@group-993DCF1EDE54-LeaderElection62] INFO  impl.LeaderElection (LeaderElection.java:logAndReturn(89)) - e7233910-62be-434d-8b50-630853f02a3c@group-993DCF1EDE54-LeaderElection62: PRE_VOTE PASSED received 1 response(s) and 0 exception(s):
2024-03-05 10:11:26,971 [e7233910-62be-434d-8b50-630853f02a3c@group-993DCF1EDE54-LeaderElection62] INFO  impl.LeaderElection (LeaderElection.java:logAndReturn(93)) -   Response 0: e7233910-62be-434d-8b50-630853f02a3c<-aca6fe57-e7fe-4059-8fc7-aad793183b33#0:OK-t0
2024-03-05 10:11:26,971 [grpc-default-executor-0] INFO  server.RaftServer$Division (RaftServerImpl.java:requestVote(1389)) - deb5d253-51cb-42bf-a345-825603079b10@group-993DCF1EDE54: receive requestVote(PRE_VOTE, e7233910-62be-434d-8b50-630853f02a3c, group-993DCF1EDE54, 0, (t:0, i:0))
2024-03-05 10:11:26,972 [grpc-default-executor-0] INFO  impl.VoteContext (VoteContext.java:log(49)) - deb5d253-51cb-42bf-a345-825603079b10@group-993DCF1EDE54-FOLLOWER: accept PRE_VOTE from e7233910-62be-434d-8b50-630853f02a3c: our priority 0 <= candidate's priority 1
2024-03-05 10:11:26,972 [grpc-default-executor-0] INFO  server.RaftServer$Division (RaftServerImpl.java:requestVote(1422)) - deb5d253-51cb-42bf-a345-825603079b10@group-993DCF1EDE54 replies to PRE_VOTE vote request: e7233910-62be-434d-8b50-630853f02a3c<-deb5d253-51cb-42bf-a345-825603079b10#0:OK-t0. Peer's state: deb5d253-51cb-42bf-a345-825603079b10@group-993DCF1EDE54:t0, leader=null, voted=, raftlog=Memoized:deb5d253-51cb-42bf-a345-825603079b10@group-993DCF1EDE54-SegmentedRaftLog:OPENED:c-1, conf=-1: peers:[deb5d253-51cb-42bf-a345-825603079b10|10.1.0.29:15353, aca6fe57-e7fe-4059-8fc7-aad793183b33|10.1.0.29:15335, e7233910-62be-434d-8b50-630853f02a3c|10.1.0.29:15344]|listeners:[], old=null
2024-03-05 10:11:26,971 [e7233910-62be-434d-8b50-630853f02a3c@group-993DCF1EDE54-LeaderElection62] INFO  impl.LeaderElection (LeaderElection.java:askForVotes(323)) - e7233910-62be-434d-8b50-630853f02a3c@group-993DCF1EDE54-LeaderElection62 PRE_VOTE round 0: result PASSED
2024-03-05 10:11:26,972 [main] INFO  rpc.RpcClient (RpcClient.java:createVolume(466)) - Creating Volume: watchforcommithandlingtest, with runner as owner and space quota set to -1 bytes, counts quota set to -1
2024-03-05 10:11:26,973 [e7233910-62be-434d-8b50-630853f02a3c@group-993DCF1EDE54-LeaderElection62] INFO  impl.LeaderElection (LeaderElection.java:askForVotes(321)) - e7233910-62be-434d-8b50-630853f02a3c@group-993DCF1EDE54-LeaderElection62 ELECTION round 0: submit vote requests at term 1 for -1: peers:[deb5d253-51cb-42bf-a345-825603079b10|10.1.0.29:15353, aca6fe57-e7fe-4059-8fc7-aad793183b33|10.1.0.29:15335, e7233910-62be-434d-8b50-630853f02a3c|10.1.0.29:15344]|listeners:[], old=null
2024-03-05 10:11:26,974 [e7233910-62be-434d-8b50-630853f02a3c@group-993DCF1EDE54-LeaderElection62] INFO  server.RaftServerConfigKeys (ConfUtils.java:logFallback(53)) - raft.server.rpc.first-election.timeout.min = 5s (fallback to raft.server.rpc.timeout.min)
2024-03-05 10:11:26,974 [e7233910-62be-434d-8b50-630853f02a3c@group-993DCF1EDE54-LeaderElection62] INFO  server.RaftServerConfigKeys (ConfUtils.java:logFallback(53)) - raft.server.rpc.first-election.timeout.max = 5200ms (fallback to raft.server.rpc.timeout.max)
2024-03-05 10:11:26,978 [grpc-default-executor-0] INFO  server.RaftServer$Division (RaftServerImpl.java:requestVote(1389)) - deb5d253-51cb-42bf-a345-825603079b10@group-993DCF1EDE54: receive requestVote(ELECTION, e7233910-62be-434d-8b50-630853f02a3c, group-993DCF1EDE54, 1, (t:0, i:0))
2024-03-05 10:11:26,978 [grpc-default-executor-4] INFO  server.RaftServer$Division (RaftServerImpl.java:requestVote(1389)) - aca6fe57-e7fe-4059-8fc7-aad793183b33@group-993DCF1EDE54: receive requestVote(ELECTION, e7233910-62be-434d-8b50-630853f02a3c, group-993DCF1EDE54, 1, (t:0, i:0))
2024-03-05 10:11:26,978 [grpc-default-executor-0] INFO  impl.VoteContext (VoteContext.java:log(49)) - deb5d253-51cb-42bf-a345-825603079b10@group-993DCF1EDE54-FOLLOWER: accept ELECTION from e7233910-62be-434d-8b50-630853f02a3c: our priority 0 <= candidate's priority 1
2024-03-05 10:11:26,978 [grpc-default-executor-4] INFO  impl.VoteContext (VoteContext.java:log(49)) - aca6fe57-e7fe-4059-8fc7-aad793183b33@group-993DCF1EDE54-FOLLOWER: accept ELECTION from e7233910-62be-434d-8b50-630853f02a3c: our priority 0 <= candidate's priority 1
2024-03-05 10:11:26,978 [grpc-default-executor-0] INFO  server.RaftServer$Division (RaftServerImpl.java:setRole(383)) - deb5d253-51cb-42bf-a345-825603079b10@group-993DCF1EDE54: changes role from  FOLLOWER to FOLLOWER at term 1 for candidate:e7233910-62be-434d-8b50-630853f02a3c
2024-03-05 10:11:26,978 [grpc-default-executor-0] INFO  impl.RoleInfo (RoleInfo.java:shutdownFollowerState(110)) - deb5d253-51cb-42bf-a345-825603079b10: shutdown deb5d253-51cb-42bf-a345-825603079b10@group-993DCF1EDE54-FollowerState
2024-03-05 10:11:26,978 [grpc-default-executor-0] INFO  impl.RoleInfo (RoleInfo.java:updateAndGet(139)) - deb5d253-51cb-42bf-a345-825603079b10: start deb5d253-51cb-42bf-a345-825603079b10@group-993DCF1EDE54-FollowerState
2024-03-05 10:11:26,978 [grpc-default-executor-0] INFO  server.RaftServer$Division (RaftServerImpl.java:setFirstElection(574)) - deb5d253-51cb-42bf-a345-825603079b10@group-993DCF1EDE54: set firstElectionSinceStartup to false for candidate:e7233910-62be-434d-8b50-630853f02a3c
2024-03-05 10:11:26,979 [deb5d253-51cb-42bf-a345-825603079b10@group-993DCF1EDE54-FollowerState] INFO  impl.FollowerState (FollowerState.java:run(152)) - deb5d253-51cb-42bf-a345-825603079b10@group-993DCF1EDE54-FollowerState was interrupted
2024-03-05 10:11:26,978 [grpc-default-executor-4] INFO  server.RaftServer$Division (RaftServerImpl.java:setRole(383)) - aca6fe57-e7fe-4059-8fc7-aad793183b33@group-993DCF1EDE54: changes role from  FOLLOWER to FOLLOWER at term 1 for candidate:e7233910-62be-434d-8b50-630853f02a3c
2024-03-05 10:11:26,980 [grpc-default-executor-4] INFO  impl.RoleInfo (RoleInfo.java:shutdownFollowerState(110)) - aca6fe57-e7fe-4059-8fc7-aad793183b33: shutdown aca6fe57-e7fe-4059-8fc7-aad793183b33@group-993DCF1EDE54-FollowerState
2024-03-05 10:11:26,980 [grpc-default-executor-0] INFO  server.RaftServer$Division (RaftServerImpl.java:requestVote(1422)) - deb5d253-51cb-42bf-a345-825603079b10@group-993DCF1EDE54 replies to ELECTION vote request: e7233910-62be-434d-8b50-630853f02a3c<-deb5d253-51cb-42bf-a345-825603079b10#0:OK-t1. Peer's state: deb5d253-51cb-42bf-a345-825603079b10@group-993DCF1EDE54:t1, leader=null, voted=e7233910-62be-434d-8b50-630853f02a3c, raftlog=Memoized:deb5d253-51cb-42bf-a345-825603079b10@group-993DCF1EDE54-SegmentedRaftLog:OPENED:c-1, conf=-1: peers:[deb5d253-51cb-42bf-a345-825603079b10|10.1.0.29:15353, aca6fe57-e7fe-4059-8fc7-aad793183b33|10.1.0.29:15335, e7233910-62be-434d-8b50-630853f02a3c|10.1.0.29:15344]|listeners:[], old=null
2024-03-05 10:11:26,980 [grpc-default-executor-4] INFO  impl.RoleInfo (RoleInfo.java:updateAndGet(139)) - aca6fe57-e7fe-4059-8fc7-aad793183b33: start aca6fe57-e7fe-4059-8fc7-aad793183b33@group-993DCF1EDE54-FollowerState
2024-03-05 10:11:26,980 [aca6fe57-e7fe-4059-8fc7-aad793183b33@group-993DCF1EDE54-FollowerState] INFO  impl.FollowerState (FollowerState.java:run(152)) - aca6fe57-e7fe-4059-8fc7-aad793183b33@group-993DCF1EDE54-FollowerState was interrupted
2024-03-05 10:11:26,980 [om1-OMStateMachineApplyTransactionThread - 0] INFO  volume.OMVolumeCreateRequest (OMVolumeCreateRequest.java:validateAndUpdateCache(198)) - created volume:watchforcommithandlingtest for user:runner
2024-03-05 10:11:26,980 [e7233910-62be-434d-8b50-630853f02a3c@group-993DCF1EDE54-LeaderElection62] INFO  impl.LeaderElection (LeaderElection.java:logAndReturn(89)) - e7233910-62be-434d-8b50-630853f02a3c@group-993DCF1EDE54-LeaderElection62: ELECTION PASSED received 1 response(s) and 0 exception(s):
2024-03-05 10:11:26,980 [e7233910-62be-434d-8b50-630853f02a3c@group-993DCF1EDE54-LeaderElection62] INFO  impl.LeaderElection (LeaderElection.java:logAndReturn(93)) -   Response 0: e7233910-62be-434d-8b50-630853f02a3c<-deb5d253-51cb-42bf-a345-825603079b10#0:OK-t1
2024-03-05 10:11:26,980 [e7233910-62be-434d-8b50-630853f02a3c@group-993DCF1EDE54-LeaderElection62] INFO  impl.LeaderElection (LeaderElection.java:askForVotes(323)) - e7233910-62be-434d-8b50-630853f02a3c@group-993DCF1EDE54-LeaderElection62 ELECTION round 0: result PASSED
2024-03-05 10:11:26,980 [e7233910-62be-434d-8b50-630853f02a3c@group-993DCF1EDE54-LeaderElection62] INFO  impl.RoleInfo (RoleInfo.java:shutdownLeaderElection(130)) - e7233910-62be-434d-8b50-630853f02a3c: shutdown e7233910-62be-434d-8b50-630853f02a3c@group-993DCF1EDE54-LeaderElection62
2024-03-05 10:11:26,980 [e7233910-62be-434d-8b50-630853f02a3c@group-993DCF1EDE54-LeaderElection62] INFO  server.RaftServer$Division (RaftServerImpl.java:setRole(383)) - e7233910-62be-434d-8b50-630853f02a3c@group-993DCF1EDE54: changes role from CANDIDATE to LEADER at term 1 for changeToLeader
2024-03-05 10:11:26,981 [e7233910-62be-434d-8b50-630853f02a3c@group-993DCF1EDE54-LeaderElection62] INFO  server.RaftServerConfigKeys (ConfUtils.java:logGet(46)) - raft.server.staging.catchup.gap = 1000 (default)
2024-03-05 10:11:26,981 [e7233910-62be-434d-8b50-630853f02a3c@group-993DCF1EDE54-LeaderElection62] INFO  server.RaftServerConfigKeys (ConfUtils.java:logGet(46)) - raft.server.write.element-limit = 1024 (custom)
2024-03-05 10:11:26,981 [e7233910-62be-434d-8b50-630853f02a3c@group-993DCF1EDE54-LeaderElection62] INFO  server.RaftServerConfigKeys (ConfUtils.java:logGet(46)) - raft.server.write.byte-limit = 1024 M (=1073741824) (custom)
2024-03-05 10:11:26,981 [grpc-default-executor-4] INFO  server.RaftServer$Division (RaftServerImpl.java:requestVote(1422)) - aca6fe57-e7fe-4059-8fc7-aad793183b33@group-993DCF1EDE54 replies to ELECTION vote request: e7233910-62be-434d-8b50-630853f02a3c<-aca6fe57-e7fe-4059-8fc7-aad793183b33#0:OK-t1. Peer's state: aca6fe57-e7fe-4059-8fc7-aad793183b33@group-993DCF1EDE54:t1, leader=null, voted=e7233910-62be-434d-8b50-630853f02a3c, raftlog=Memoized:aca6fe57-e7fe-4059-8fc7-aad793183b33@group-993DCF1EDE54-SegmentedRaftLog:OPENED:c-1, conf=-1: peers:[deb5d253-51cb-42bf-a345-825603079b10|10.1.0.29:15353, aca6fe57-e7fe-4059-8fc7-aad793183b33|10.1.0.29:15335, e7233910-62be-434d-8b50-630853f02a3c|10.1.0.29:15344]|listeners:[], old=null
2024-03-05 10:11:26,981 [e7233910-62be-434d-8b50-630853f02a3c@group-993DCF1EDE54-LeaderElection62] INFO  server.RaftServerConfigKeys (ConfUtils.java:logGet(46)) - raft.server.watch.timeout = 3000ms (custom)
2024-03-05 10:11:26,981 [e7233910-62be-434d-8b50-630853f02a3c@group-993DCF1EDE54-LeaderElection62] INFO  server.RaftServerConfigKeys (ConfUtils.java:logGet(46)) - raft.server.watch.timeout.denomination = 1s (default)
2024-03-05 10:11:26,981 [e7233910-62be-434d-8b50-630853f02a3c@group-993DCF1EDE54-LeaderElection62] INFO  server.RaftServerConfigKeys (ConfUtils.java:logGet(46)) - raft.server.watch.element-limit = 65536 (default)
2024-03-05 10:11:26,983 [e7233910-62be-434d-8b50-630853f02a3c@group-993DCF1EDE54-LeaderElection62] INFO  server.RaftServerConfigKeys (ConfUtils.java:logGet(46)) - raft.server.read.leader.lease.enabled = false (default)
2024-03-05 10:11:26,983 [e7233910-62be-434d-8b50-630853f02a3c@group-993DCF1EDE54-LeaderElection62] INFO  server.RaftServerConfigKeys (ConfUtils.java:logGet(46)) - raft.server.read.leader.lease.timeout.ratio = 0.9 (default)
2024-03-05 10:11:26,983 [e7233910-62be-434d-8b50-630853f02a3c@group-993DCF1EDE54-LeaderElection62] INFO  server.RaftServerConfigKeys (ConfUtils.java:logGet(46)) - raft.server.rpc.timeout.min = 5s (custom)
2024-03-05 10:11:26,983 [e7233910-62be-434d-8b50-630853f02a3c@group-993DCF1EDE54-LeaderElection62] INFO  server.RaftServerConfigKeys (ConfUtils.java:logGet(46)) - raft.server.write.element-limit = 1024 (custom)
2024-03-05 10:11:26,983 [e7233910-62be-434d-8b50-630853f02a3c@group-993DCF1EDE54-LeaderElection62] INFO  server.RaftServerConfigKeys (ConfUtils.java:logGet(46)) - raft.server.write.follower.gap.ratio.max = -1.0 (default)
2024-03-05 10:11:26,985 [e7233910-62be-434d-8b50-630853f02a3c@group-993DCF1EDE54-LeaderElection62] INFO  server.RaftServerConfigKeys (ConfUtils.java:logGet(46)) - raft.server.log.appender.snapshot.chunk.size.max = 16MB (=16777216) (default)
2024-03-05 10:11:26,985 [e7233910-62be-434d-8b50-630853f02a3c@group-993DCF1EDE54-LeaderElection62] INFO  server.RaftServerConfigKeys (ConfUtils.java:logGet(46)) - raft.server.log.appender.buffer.byte-limit = 8388608 (custom)
2024-03-05 10:11:26,985 [e7233910-62be-434d-8b50-630853f02a3c@group-993DCF1EDE54-LeaderElection62] INFO  server.RaftServerConfigKeys (ConfUtils.java:logGet(46)) - raft.server.log.appender.buffer.element-limit = 1 (custom)
2024-03-05 10:11:26,985 [e7233910-62be-434d-8b50-630853f02a3c@group-993DCF1EDE54-LeaderElection62] INFO  server.RaftServerConfigKeys (ConfUtils.java:logGet(46)) - raft.server.log.appender.wait-time.min = 0ms (custom)
2024-03-05 10:11:26,985 [e7233910-62be-434d-8b50-630853f02a3c@group-993DCF1EDE54-LeaderElection62] INFO  grpc.GrpcConfigKeys (ConfUtils.java:logGet(46)) - raft.grpc.server.leader.outstanding.appends.max = 8 (default)
2024-03-05 10:11:26,985 [e7233910-62be-434d-8b50-630853f02a3c@group-993DCF1EDE54-LeaderElection62] INFO  server.RaftServerConfigKeys (ConfUtils.java:logGet(46)) - raft.server.rpc.request.timeout = 3000ms (default)
2024-03-05 10:11:26,985 [e7233910-62be-434d-8b50-630853f02a3c@group-993DCF1EDE54-LeaderElection62] INFO  grpc.GrpcConfigKeys (ConfUtils.java:logGet(46)) - raft.grpc.server.install_snapshot.request.element-limit = 8 (default)
2024-03-05 10:11:26,985 [e7233910-62be-434d-8b50-630853f02a3c@group-993DCF1EDE54-LeaderElection62] INFO  grpc.GrpcConfigKeys (ConfUtils.java:logGet(46)) - raft.grpc.server.install_snapshot.request.timeout = 3000ms (default)
2024-03-05 10:11:26,985 [e7233910-62be-434d-8b50-630853f02a3c@group-993DCF1EDE54-LeaderElection62] INFO  grpc.GrpcConfigKeys (ConfUtils.java:logGet(46)) - raft.grpc.server.log-message.batch.duration = 5s (default)
2024-03-05 10:11:26,985 [e7233910-62be-434d-8b50-630853f02a3c@group-993DCF1EDE54-LeaderElection62] INFO  server.RaftServerConfigKeys (ConfUtils.java:logGet(46)) - raft.server.log.appender.install.snapshot.enabled = false (custom)
2024-03-05 10:11:26,985 [e7233910-62be-434d-8b50-630853f02a3c@group-993DCF1EDE54-LeaderElection62] INFO  grpc.GrpcConfigKeys (ConfUtils.java:logGet(46)) - raft.grpc.server.heartbeat.channel = true (default)
2024-03-05 10:11:26,986 [e7233910-62be-434d-8b50-630853f02a3c@group-993DCF1EDE54-LeaderElection62] INFO  server.RaftServerConfigKeys (ConfUtils.java:logGet(46)) - raft.server.log.appender.snapshot.chunk.size.max = 16MB (=16777216) (default)
2024-03-05 10:11:26,986 [main] INFO  rpc.RpcClient (RpcClient.java:createBucket(692)) - Creating Bucket: watchforcommithandlingtest/watchforcommithandlingtest, with server-side default bucket layout, runner as owner, Versioning false, Storage Type set to DISK and Encryption set to false, Replication Type set to server-side default replication type, Namespace Quota set to -1, Space Quota set to -1 
2024-03-05 10:11:26,986 [e7233910-62be-434d-8b50-630853f02a3c@group-993DCF1EDE54-LeaderElection62] INFO  server.RaftServerConfigKeys (ConfUtils.java:logGet(46)) - raft.server.log.appender.buffer.byte-limit = 8388608 (custom)
2024-03-05 10:11:26,987 [e7233910-62be-434d-8b50-630853f02a3c@group-993DCF1EDE54-LeaderElection62] INFO  server.RaftServerConfigKeys (ConfUtils.java:logGet(46)) - raft.server.log.appender.buffer.element-limit = 1 (custom)
2024-03-05 10:11:26,987 [e7233910-62be-434d-8b50-630853f02a3c@group-993DCF1EDE54-LeaderElection62] INFO  server.RaftServerConfigKeys (ConfUtils.java:logGet(46)) - raft.server.log.appender.wait-time.min = 0ms (custom)
2024-03-05 10:11:26,987 [e7233910-62be-434d-8b50-630853f02a3c@group-993DCF1EDE54-LeaderElection62] INFO  grpc.GrpcConfigKeys (ConfUtils.java:logGet(46)) - raft.grpc.server.leader.outstanding.appends.max = 8 (default)
2024-03-05 10:11:26,987 [e7233910-62be-434d-8b50-630853f02a3c@group-993DCF1EDE54-LeaderElection62] INFO  server.RaftServerConfigKeys (ConfUtils.java:logGet(46)) - raft.server.rpc.request.timeout = 3000ms (default)
2024-03-05 10:11:26,987 [e7233910-62be-434d-8b50-630853f02a3c@group-993DCF1EDE54-LeaderElection62] INFO  grpc.GrpcConfigKeys (ConfUtils.java:logGet(46)) - raft.grpc.server.install_snapshot.request.element-limit = 8 (default)
2024-03-05 10:11:26,987 [e7233910-62be-434d-8b50-630853f02a3c@group-993DCF1EDE54-LeaderElection62] INFO  grpc.GrpcConfigKeys (ConfUtils.java:logGet(46)) - raft.grpc.server.install_snapshot.request.timeout = 3000ms (default)
2024-03-05 10:11:26,987 [e7233910-62be-434d-8b50-630853f02a3c@group-993DCF1EDE54-LeaderElection62] INFO  grpc.GrpcConfigKeys (ConfUtils.java:logGet(46)) - raft.grpc.server.log-message.batch.duration = 5s (default)
2024-03-05 10:11:26,987 [e7233910-62be-434d-8b50-630853f02a3c@group-993DCF1EDE54-LeaderElection62] INFO  server.RaftServerConfigKeys (ConfUtils.java:logGet(46)) - raft.server.log.appender.install.snapshot.enabled = false (custom)
2024-03-05 10:11:26,987 [e7233910-62be-434d-8b50-630853f02a3c@group-993DCF1EDE54-LeaderElection62] INFO  grpc.GrpcConfigKeys (ConfUtils.java:logGet(46)) - raft.grpc.server.heartbeat.channel = true (default)
2024-03-05 10:11:26,987 [e7233910-62be-434d-8b50-630853f02a3c@group-993DCF1EDE54-LeaderElection62] INFO  impl.RoleInfo (RoleInfo.java:updateAndGet(139)) - e7233910-62be-434d-8b50-630853f02a3c: start e7233910-62be-434d-8b50-630853f02a3c@group-993DCF1EDE54-LeaderStateImpl
2024-03-05 10:11:26,987 [e7233910-62be-434d-8b50-630853f02a3c@group-993DCF1EDE54-LeaderElection62] INFO  server.RaftServer$Division (RaftServerImpl.java:setFirstElection(574)) - e7233910-62be-434d-8b50-630853f02a3c@group-993DCF1EDE54: set firstElectionSinceStartup to false for becomeLeader
2024-03-05 10:11:26,987 [e7233910-62be-434d-8b50-630853f02a3c@group-993DCF1EDE54-LeaderElection62] INFO  ratis.XceiverServerRatis (XceiverServerRatis.java:handleLeaderChangedNotification(966)) - Leader change notification received for group: group-993DCF1EDE54 with new leaderId: e7233910-62be-434d-8b50-630853f02a3c
2024-03-05 10:11:26,988 [e7233910-62be-434d-8b50-630853f02a3c@group-993DCF1EDE54-LeaderElection62] INFO  server.RaftServer$Division (ServerState.java:setLeader(269)) - e7233910-62be-434d-8b50-630853f02a3c@group-993DCF1EDE54: change Leader from null to e7233910-62be-434d-8b50-630853f02a3c at term 1 for becomeLeader, leader elected after 5199ms
2024-03-05 10:11:26,988 [e7233910-62be-434d-8b50-630853f02a3c@group-993DCF1EDE54-LeaderElection62] INFO  segmented.SegmentedRaftLogWorker (SegmentedRaftLogWorker.java:startLogSegment(430)) - e7233910-62be-434d-8b50-630853f02a3c@group-993DCF1EDE54-SegmentedRaftLogWorker: Starting segment from index:0
2024-03-05 10:11:26,988 [e7233910-62be-434d-8b50-630853f02a3c@group-993DCF1EDE54-SegmentedRaftLogWorker] INFO  segmented.BufferedWriteChannel (BufferedWriteChannel.java:open(62)) - open log_inprogress_0 at position 0
2024-03-05 10:11:26,989 [om1-OMStateMachineApplyTransactionThread - 0] INFO  bucket.OMBucketCreateRequest (OMBucketCreateRequest.java:validateAndUpdateCache(292)) - created bucket: watchforcommithandlingtest of layout FILE_SYSTEM_OPTIMIZED in volume: watchforcommithandlingtest
2024-03-05 10:11:26,992 [EventQueue-PipelineReportForPipelineReportHandler] INFO  pipeline.PipelineReportHandler (PipelineReportHandler.java:processPipelineReport(136)) - Opened pipeline PipelineID=b1db25c2-65ad-4f77-bb39-993dcf1ede54
2024-03-05 10:11:26,993 [e7233910-62be-434d-8b50-630853f02a3c@group-993DCF1EDE54-LeaderElection62] INFO  server.RaftServer$Division (ServerState.java:setRaftConf(386)) - e7233910-62be-434d-8b50-630853f02a3c@group-993DCF1EDE54: set configuration 0: peers:[deb5d253-51cb-42bf-a345-825603079b10|10.1.0.29:15353, aca6fe57-e7fe-4059-8fc7-aad793183b33|10.1.0.29:15335, e7233910-62be-434d-8b50-630853f02a3c|10.1.0.29:15344]|listeners:[], old=null
2024-03-05 10:11:26,996 [e7233910-62be-434d-8b50-630853f02a3c@group-993DCF1EDE54-SegmentedRaftLogWorker] INFO  segmented.SegmentedRaftLogWorker (SegmentedRaftLogWorker.java:execute(634)) - e7233910-62be-434d-8b50-630853f02a3c@group-993DCF1EDE54-SegmentedRaftLogWorker: created new log segment /home/runner/work/ozone/ozone/hadoop-ozone/integration-test/target/test-dir/MiniOzoneClusterImpl-58322414-df67-4d64-942a-a0d9644003f2/ozone-meta/datanode-8/ratis/b1db25c2-65ad-4f77-bb39-993dcf1ede54/current/log_inprogress_0
2024-03-05 10:11:27,001 [IPC Server handler 0 on default port 15267] INFO  ha.SequenceIdGenerator (SequenceIdGenerator.java:getNextId(145)) - Allocate a batch for containerId, change lastId from 0 to 1000.
2024-03-05 10:11:27,003 [deb5d253-51cb-42bf-a345-825603079b10-server-thread1] INFO  ratis.XceiverServerRatis (XceiverServerRatis.java:handleLeaderChangedNotification(966)) - Leader change notification received for group: group-993DCF1EDE54 with new leaderId: e7233910-62be-434d-8b50-630853f02a3c
2024-03-05 10:11:27,003 [deb5d253-51cb-42bf-a345-825603079b10-server-thread1] INFO  server.RaftServer$Division (ServerState.java:setLeader(269)) - deb5d253-51cb-42bf-a345-825603079b10@group-993DCF1EDE54: change Leader from null to e7233910-62be-434d-8b50-630853f02a3c at term 1 for appendEntries, leader elected after 5235ms
2024-03-05 10:11:27,010 [deb5d253-51cb-42bf-a345-825603079b10-server-thread2] INFO  server.RaftServer$Division (ServerState.java:setRaftConf(386)) - deb5d253-51cb-42bf-a345-825603079b10@group-993DCF1EDE54: set configuration 0: peers:[deb5d253-51cb-42bf-a345-825603079b10|10.1.0.29:15353, aca6fe57-e7fe-4059-8fc7-aad793183b33|10.1.0.29:15335, e7233910-62be-434d-8b50-630853f02a3c|10.1.0.29:15344]|listeners:[], old=null
2024-03-05 10:11:27,010 [deb5d253-51cb-42bf-a345-825603079b10-server-thread2] INFO  segmented.SegmentedRaftLogWorker (SegmentedRaftLogWorker.java:startLogSegment(430)) - deb5d253-51cb-42bf-a345-825603079b10@group-993DCF1EDE54-SegmentedRaftLogWorker: Starting segment from index:0
2024-03-05 10:11:27,010 [aca6fe57-e7fe-4059-8fc7-aad793183b33-server-thread1] INFO  ratis.XceiverServerRatis (XceiverServerRatis.java:handleLeaderChangedNotification(966)) - Leader change notification received for group: group-993DCF1EDE54 with new leaderId: e7233910-62be-434d-8b50-630853f02a3c
2024-03-05 10:11:27,010 [aca6fe57-e7fe-4059-8fc7-aad793183b33-server-thread1] INFO  server.RaftServer$Division (ServerState.java:setLeader(269)) - aca6fe57-e7fe-4059-8fc7-aad793183b33@group-993DCF1EDE54: change Leader from null to e7233910-62be-434d-8b50-630853f02a3c at term 1 for appendEntries, leader elected after 5260ms
2024-03-05 10:11:27,010 [deb5d253-51cb-42bf-a345-825603079b10@group-993DCF1EDE54-SegmentedRaftLogWorker] INFO  segmented.BufferedWriteChannel (BufferedWriteChannel.java:open(62)) - open log_inprogress_0 at position 0
2024-03-05 10:11:27,014 [aca6fe57-e7fe-4059-8fc7-aad793183b33-server-thread2] INFO  server.RaftServer$Division (ServerState.java:setRaftConf(386)) - aca6fe57-e7fe-4059-8fc7-aad793183b33@group-993DCF1EDE54: set configuration 0: peers:[deb5d253-51cb-42bf-a345-825603079b10|10.1.0.29:15353, aca6fe57-e7fe-4059-8fc7-aad793183b33|10.1.0.29:15335, e7233910-62be-434d-8b50-630853f02a3c|10.1.0.29:15344]|listeners:[], old=null
2024-03-05 10:11:27,014 [aca6fe57-e7fe-4059-8fc7-aad793183b33-server-thread2] INFO  segmented.SegmentedRaftLogWorker (SegmentedRaftLogWorker.java:startLogSegment(430)) - aca6fe57-e7fe-4059-8fc7-aad793183b33@group-993DCF1EDE54-SegmentedRaftLogWorker: Starting segment from index:0
2024-03-05 10:11:27,015 [aca6fe57-e7fe-4059-8fc7-aad793183b33@group-993DCF1EDE54-SegmentedRaftLogWorker] INFO  segmented.BufferedWriteChannel (BufferedWriteChannel.java:open(62)) - open log_inprogress_0 at position 0
2024-03-05 10:11:27,030 [grpc-default-executor-4] ERROR impl.OrderedAsync (OrderedAsync.java:lambda$sendRequest$9(247)) - client-818B0281EFB6: Failed* RaftClientRequest:client-818B0281EFB6->e7233910-62be-434d-8b50-630853f02a3c@group-993DCF1EDE54, cid=60, seq=1*, Watch(0), null
java.util.concurrent.CompletionException: org.apache.ratis.protocol.exceptions.LeaderNotReadyException: e7233910-62be-434d-8b50-630853f02a3c@group-993DCF1EDE54 is in LEADER state but not ready yet.
	at java.util.concurrent.CompletableFuture.encodeThrowable(CompletableFuture.java:292)
	at java.util.concurrent.CompletableFuture.completeThrowable(CompletableFuture.java:308)
	at java.util.concurrent.CompletableFuture.uniApply(CompletableFuture.java:607)
	at java.util.concurrent.CompletableFuture$UniApply.tryFire(CompletableFuture.java:591)
	at java.util.concurrent.CompletableFuture.postComplete(CompletableFuture.java:488)
	at java.util.concurrent.CompletableFuture.completeExceptionally(CompletableFuture.java:1990)
	at org.apache.ratis.grpc.client.GrpcClientProtocolClient$AsyncStreamObservers.completeReplyExceptionally(GrpcClientProtocolClient.java:394)
	at org.apache.ratis.grpc.client.GrpcClientProtocolClient$AsyncStreamObservers.access$000(GrpcClientProtocolClient.java:300)
	at org.apache.ratis.grpc.client.GrpcClientProtocolClient$AsyncStreamObservers$1.onNext(GrpcClientProtocolClient.java:319)
	at org.apache.ratis.grpc.client.GrpcClientProtocolClient$AsyncStreamObservers$1.onNext(GrpcClientProtocolClient.java:305)
	at org.apache.ratis.thirdparty.io.grpc.stub.ClientCalls$StreamObserverToCallListenerAdapter.onMessage(ClientCalls.java:468)
	at org.apache.ratis.thirdparty.io.grpc.ForwardingClientCallListener.onMessage(ForwardingClientCallListener.java:33)
	at org.apache.ratis.thirdparty.io.grpc.internal.DelayedClientCall$DelayedListener.onMessage(DelayedClientCall.java:473)
	at org.apache.ratis.thirdparty.io.grpc.internal.ClientCallImpl$ClientStreamListenerImpl$1MessagesAvailable.runInternal(ClientCallImpl.java:660)
	at org.apache.ratis.thirdparty.io.grpc.internal.ClientCallImpl$ClientStreamListenerImpl$1MessagesAvailable.runInContext(ClientCallImpl.java:647)
	at org.apache.ratis.thirdparty.io.grpc.internal.ContextRunnable.run(ContextRunnable.java:37)
	at org.apache.ratis.thirdparty.io.grpc.internal.SerializingExecutor.run(SerializingExecutor.java:133)
	at java.util.concurrent.ThreadPoolExecutor.runWorker(ThreadPoolExecutor.java:1149)
	at java.util.concurrent.ThreadPoolExecutor$Worker.run(ThreadPoolExecutor.java:624)
	at java.lang.Thread.run(Thread.java:750)
Caused by: org.apache.ratis.protocol.exceptions.LeaderNotReadyException: e7233910-62be-434d-8b50-630853f02a3c@group-993DCF1EDE54 is in LEADER state but not ready yet.
	at org.apache.ratis.client.impl.ClientProtoUtils.toRaftClientReply(ClientProtoUtils.java:407)
	at org.apache.ratis.grpc.client.GrpcClientProtocolClient$AsyncStreamObservers$1.onNext(GrpcClientProtocolClient.java:310)
	... 11 more
2024-03-05 10:11:27,033 [deb5d253-51cb-42bf-a345-825603079b10@group-993DCF1EDE54-SegmentedRaftLogWorker] INFO  segmented.SegmentedRaftLogWorker (SegmentedRaftLogWorker.java:execute(634)) - deb5d253-51cb-42bf-a345-825603079b10@group-993DCF1EDE54-SegmentedRaftLogWorker: created new log segment /home/runner/work/ozone/ozone/hadoop-ozone/integration-test/target/test-dir/MiniOzoneClusterImpl-58322414-df67-4d64-942a-a0d9644003f2/ozone-meta/datanode-9/ratis/b1db25c2-65ad-4f77-bb39-993dcf1ede54/current/log_inprogress_0
2024-03-05 10:11:27,034 [aca6fe57-e7fe-4059-8fc7-aad793183b33@group-993DCF1EDE54-SegmentedRaftLogWorker] INFO  segmented.SegmentedRaftLogWorker (SegmentedRaftLogWorker.java:execute(634)) - aca6fe57-e7fe-4059-8fc7-aad793183b33@group-993DCF1EDE54-SegmentedRaftLogWorker: created new log segment /home/runner/work/ozone/ozone/hadoop-ozone/integration-test/target/test-dir/MiniOzoneClusterImpl-58322414-df67-4d64-942a-a0d9644003f2/ozone-meta/datanode-7/ratis/b1db25c2-65ad-4f77-bb39-993dcf1ede54/current/log_inprogress_0
2024-03-05 10:11:27,036 [e7233910-62be-434d-8b50-630853f02a3c@group-993DCF1EDE54-StateMachineUpdater] INFO  server.RaftServer$Division (LeaderStateImpl.java:isApplied(320)) - leader is ready since appliedIndex == 0 >= startIndex == 0
2024-03-05 10:11:27,087 [deb5d253-51cb-42bf-a345-825603079b10@group-650A1E4F157D-FollowerState] INFO  impl.FollowerState (FollowerState.java:run(143)) - deb5d253-51cb-42bf-a345-825603079b10@group-650A1E4F157D-FollowerState: change to CANDIDATE, lastRpcElapsedTime:5151477489ns, electionTimeout:5151ms
2024-03-05 10:11:27,087 [deb5d253-51cb-42bf-a345-825603079b10@group-650A1E4F157D-FollowerState] INFO  impl.RoleInfo (RoleInfo.java:shutdownFollowerState(110)) - deb5d253-51cb-42bf-a345-825603079b10: shutdown deb5d253-51cb-42bf-a345-825603079b10@group-650A1E4F157D-FollowerState
2024-03-05 10:11:27,087 [deb5d253-51cb-42bf-a345-825603079b10@group-650A1E4F157D-FollowerState] INFO  server.RaftServer$Division (RaftServerImpl.java:setRole(383)) - deb5d253-51cb-42bf-a345-825603079b10@group-650A1E4F157D: changes role from  FOLLOWER to CANDIDATE at term 0 for changeToCandidate
2024-03-05 10:11:27,087 [deb5d253-51cb-42bf-a345-825603079b10@group-650A1E4F157D-FollowerState] INFO  server.RaftServerConfigKeys (ConfUtils.java:logGet(46)) - raft.server.leaderelection.pre-vote = true (default)
2024-03-05 10:11:27,087 [deb5d253-51cb-42bf-a345-825603079b10@group-650A1E4F157D-FollowerState] INFO  impl.RoleInfo (RoleInfo.java:updateAndGet(139)) - deb5d253-51cb-42bf-a345-825603079b10: start deb5d253-51cb-42bf-a345-825603079b10@group-650A1E4F157D-LeaderElection63
2024-03-05 10:11:27,091 [deb5d253-51cb-42bf-a345-825603079b10@group-650A1E4F157D-LeaderElection63] INFO  impl.LeaderElection (LeaderElection.java:askForVotes(321)) - deb5d253-51cb-42bf-a345-825603079b10@group-650A1E4F157D-LeaderElection63 PRE_VOTE round 0: submit vote requests at term 0 for -1: peers:[deb5d253-51cb-42bf-a345-825603079b10|10.1.0.29:15353]|listeners:[], old=null
2024-03-05 10:11:27,091 [deb5d253-51cb-42bf-a345-825603079b10@group-650A1E4F157D-LeaderElection63] INFO  impl.LeaderElection (LeaderElection.java:askForVotes(323)) - deb5d253-51cb-42bf-a345-825603079b10@group-650A1E4F157D-LeaderElection63 PRE_VOTE round 0: result PASSED (term=0)
2024-03-05 10:11:27,091 [deb5d253-51cb-42bf-a345-825603079b10@group-650A1E4F157D-LeaderElection63] INFO  impl.LeaderElection (LeaderElection.java:askForVotes(321)) - deb5d253-51cb-42bf-a345-825603079b10@group-650A1E4F157D-LeaderElection63 ELECTION round 0: submit vote requests at term 1 for -1: peers:[deb5d253-51cb-42bf-a345-825603079b10|10.1.0.29:15353]|listeners:[], old=null
2024-03-05 10:11:27,092 [deb5d253-51cb-42bf-a345-825603079b10@group-650A1E4F157D-LeaderElection63] INFO  impl.LeaderElection (LeaderElection.java:askForVotes(323)) - deb5d253-51cb-42bf-a345-825603079b10@group-650A1E4F157D-LeaderElection63 ELECTION round 0: result PASSED (term=1)
2024-03-05 10:11:27,092 [deb5d253-51cb-42bf-a345-825603079b10@group-650A1E4F157D-LeaderElection63] INFO  impl.RoleInfo (RoleInfo.java:shutdownLeaderElection(130)) - deb5d253-51cb-42bf-a345-825603079b10: shutdown deb5d253-51cb-42bf-a345-825603079b10@group-650A1E4F157D-LeaderElection63
2024-03-05 10:11:27,092 [deb5d253-51cb-42bf-a345-825603079b10@group-650A1E4F157D-LeaderElection63] INFO  server.RaftServer$Division (RaftServerImpl.java:setRole(383)) - deb5d253-51cb-42bf-a345-825603079b10@group-650A1E4F157D: changes role from CANDIDATE to LEADER at term 1 for changeToLeader
2024-03-05 10:11:27,092 [deb5d253-51cb-42bf-a345-825603079b10@group-650A1E4F157D-LeaderElection63] INFO  server.RaftServerConfigKeys (ConfUtils.java:logGet(46)) - raft.server.staging.catchup.gap = 1000 (default)
2024-03-05 10:11:27,092 [deb5d253-51cb-42bf-a345-825603079b10@group-650A1E4F157D-LeaderElection63] INFO  server.RaftServerConfigKeys (ConfUtils.java:logGet(46)) - raft.server.write.element-limit = 1024 (custom)
2024-03-05 10:11:27,092 [deb5d253-51cb-42bf-a345-825603079b10@group-650A1E4F157D-LeaderElection63] INFO  server.RaftServerConfigKeys (ConfUtils.java:logGet(46)) - raft.server.write.byte-limit = 1024 M (=1073741824) (custom)
2024-03-05 10:11:27,092 [deb5d253-51cb-42bf-a345-825603079b10@group-650A1E4F157D-LeaderElection63] INFO  server.RaftServerConfigKeys (ConfUtils.java:logGet(46)) - raft.server.watch.timeout = 3000ms (custom)
2024-03-05 10:11:27,092 [deb5d253-51cb-42bf-a345-825603079b10@group-650A1E4F157D-LeaderElection63] INFO  server.RaftServerConfigKeys (ConfUtils.java:logGet(46)) - raft.server.watch.timeout.denomination = 1s (default)
2024-03-05 10:11:27,092 [deb5d253-51cb-42bf-a345-825603079b10@group-650A1E4F157D-LeaderElection63] INFO  server.RaftServerConfigKeys (ConfUtils.java:logGet(46)) - raft.server.watch.element-limit = 65536 (default)
2024-03-05 10:11:27,092 [deb5d253-51cb-42bf-a345-825603079b10@group-650A1E4F157D-LeaderElection63] INFO  server.RaftServerConfigKeys (ConfUtils.java:logGet(46)) - raft.server.read.leader.lease.enabled = false (default)
2024-03-05 10:11:27,092 [deb5d253-51cb-42bf-a345-825603079b10@group-650A1E4F157D-LeaderElection63] INFO  server.RaftServerConfigKeys (ConfUtils.java:logGet(46)) - raft.server.read.leader.lease.timeout.ratio = 0.9 (default)
2024-03-05 10:11:27,092 [deb5d253-51cb-42bf-a345-825603079b10@group-650A1E4F157D-LeaderElection63] INFO  server.RaftServerConfigKeys (ConfUtils.java:logGet(46)) - raft.server.rpc.timeout.min = 5s (custom)
2024-03-05 10:11:27,092 [deb5d253-51cb-42bf-a345-825603079b10@group-650A1E4F157D-LeaderElection63] INFO  server.RaftServerConfigKeys (ConfUtils.java:logGet(46)) - raft.server.write.element-limit = 1024 (custom)
2024-03-05 10:11:27,092 [deb5d253-51cb-42bf-a345-825603079b10@group-650A1E4F157D-LeaderElection63] INFO  server.RaftServerConfigKeys (ConfUtils.java:logGet(46)) - raft.server.write.follower.gap.ratio.max = -1.0 (default)
2024-03-05 10:11:27,092 [deb5d253-51cb-42bf-a345-825603079b10@group-650A1E4F157D-LeaderElection63] INFO  impl.RoleInfo (RoleInfo.java:updateAndGet(139)) - deb5d253-51cb-42bf-a345-825603079b10: start deb5d253-51cb-42bf-a345-825603079b10@group-650A1E4F157D-LeaderStateImpl
2024-03-05 10:11:27,092 [deb5d253-51cb-42bf-a345-825603079b10@group-650A1E4F157D-LeaderElection63] INFO  server.RaftServer$Division (RaftServerImpl.java:setFirstElection(574)) - deb5d253-51cb-42bf-a345-825603079b10@group-650A1E4F157D: set firstElectionSinceStartup to false for becomeLeader
2024-03-05 10:11:27,093 [deb5d253-51cb-42bf-a345-825603079b10@group-650A1E4F157D-LeaderElection63] INFO  ratis.XceiverServerRatis (XceiverServerRatis.java:handleLeaderChangedNotification(966)) - Leader change notification received for group: group-650A1E4F157D with new leaderId: deb5d253-51cb-42bf-a345-825603079b10
2024-03-05 10:11:27,093 [deb5d253-51cb-42bf-a345-825603079b10@group-650A1E4F157D-LeaderElection63] INFO  server.RaftServer$Division (ServerState.java:setLeader(269)) - deb5d253-51cb-42bf-a345-825603079b10@group-650A1E4F157D: change Leader from null to deb5d253-51cb-42bf-a345-825603079b10 at term 1 for becomeLeader, leader elected after 5167ms
2024-03-05 10:11:27,093 [deb5d253-51cb-42bf-a345-825603079b10@group-650A1E4F157D-LeaderElection63] INFO  segmented.SegmentedRaftLogWorker (SegmentedRaftLogWorker.java:startLogSegment(430)) - deb5d253-51cb-42bf-a345-825603079b10@group-650A1E4F157D-SegmentedRaftLogWorker: Starting segment from index:0
2024-03-05 10:11:27,094 [deb5d253-51cb-42bf-a345-825603079b10@group-650A1E4F157D-SegmentedRaftLogWorker] INFO  segmented.BufferedWriteChannel (BufferedWriteChannel.java:open(62)) - open log_inprogress_0 at position 0
2024-03-05 10:11:27,097 [deb5d253-51cb-42bf-a345-825603079b10@group-650A1E4F157D-LeaderElection63] INFO  server.RaftServer$Division (ServerState.java:setRaftConf(386)) - deb5d253-51cb-42bf-a345-825603079b10@group-650A1E4F157D: set configuration 0: peers:[deb5d253-51cb-42bf-a345-825603079b10|10.1.0.29:15353]|listeners:[], old=null
2024-03-05 10:11:27,100 [deb5d253-51cb-42bf-a345-825603079b10@group-650A1E4F157D-SegmentedRaftLogWorker] INFO  segmented.SegmentedRaftLogWorker (SegmentedRaftLogWorker.java:execute(634)) - deb5d253-51cb-42bf-a345-825603079b10@group-650A1E4F157D-SegmentedRaftLogWorker: created new log segment /home/runner/work/ozone/ozone/hadoop-ozone/integration-test/target/test-dir/MiniOzoneClusterImpl-58322414-df67-4d64-942a-a0d9644003f2/ozone-meta/datanode-9/ratis/c5124770-9dd3-41e8-b31d-650a1e4f157d/current/log_inprogress_0
2024-03-05 10:11:27,101 [deb5d253-51cb-42bf-a345-825603079b10@group-650A1E4F157D-StateMachineUpdater] INFO  server.RaftServer$Division (LeaderStateImpl.java:isApplied(320)) - leader is ready since appliedIndex == 0 >= startIndex == 0
2024-03-05 10:11:33,868 [timer7] ERROR impl.OrderedAsync (OrderedAsync.java:lambda$sendRequest$9(247)) - client-818B0281EFB6: Failed* RaftClientRequest:client-818B0281EFB6->e7233910-62be-434d-8b50-630853f02a3c@group-993DCF1EDE54, cid=60, seq=1*, Watch(0), null
java.util.concurrent.CompletionException: org.apache.ratis.protocol.exceptions.AlreadyClosedException: client-818B0281EFB6->e7233910-62be-434d-8b50-630853f02a3c is closed.
	at java.util.concurrent.CompletableFuture.encodeThrowable(CompletableFuture.java:292)
	at java.util.concurrent.CompletableFuture.completeThrowable(CompletableFuture.java:308)
	at java.util.concurrent.CompletableFuture.uniApply(CompletableFuture.java:607)
	at java.util.concurrent.CompletableFuture.uniApplyStage(CompletableFuture.java:628)
	at java.util.concurrent.CompletableFuture.thenApply(CompletableFuture.java:1996)
	at org.apache.ratis.client.impl.OrderedAsync.sendRequest(OrderedAsync.java:239)
	at org.apache.ratis.client.impl.OrderedAsync.sendRequestWithRetry(OrderedAsync.java:203)
	at org.apache.ratis.util.SlidingWindow$Client.sendOrDelayRequest(SlidingWindow.java:312)
	at org.apache.ratis.util.SlidingWindow$Client.retry(SlidingWindow.java:328)
	at org.apache.ratis.client.impl.OrderedAsync.lambda$scheduleWithTimeout$6(OrderedAsync.java:227)
	at org.apache.ratis.util.TimeoutTimer.lambda$onTimeout$2(TimeoutTimer.java:101)
	at org.apache.ratis.util.LogUtils.runAndLog(LogUtils.java:38)
	at org.apache.ratis.util.LogUtils$1.run(LogUtils.java:78)
	at org.apache.ratis.util.TimeoutTimer$Task.run(TimeoutTimer.java:55)
	at java.util.TimerThread.mainLoop(Timer.java:555)
	at java.util.TimerThread.run(Timer.java:505)
Caused by: org.apache.ratis.protocol.exceptions.AlreadyClosedException: client-818B0281EFB6->e7233910-62be-434d-8b50-630853f02a3c is closed.
	at org.apache.ratis.grpc.client.GrpcClientProtocolClient$AsyncStreamObservers.onNext(GrpcClientProtocolClient.java:349)
	at org.apache.ratis.grpc.client.GrpcClientRpc.sendRequestAsync(GrpcClientRpc.java:71)
	... 11 more
2024-03-05 10:11:40,759 [grpc-default-executor-1] ERROR impl.OrderedAsync (OrderedAsync.java:lambda$sendRequest$9(247)) - client-818B0281EFB6: Failed* RaftClientRequest:client-818B0281EFB6->deb5d253-51cb-42bf-a345-825603079b10@group-993DCF1EDE54, cid=60, seq=1*, Watch(0), null
java.util.concurrent.CompletionException: org.apache.ratis.protocol.exceptions.NotLeaderException: Server deb5d253-51cb-42bf-a345-825603079b10@group-993DCF1EDE54 is not the leader e7233910-62be-434d-8b50-630853f02a3c|10.1.0.29:15344
	at java.util.concurrent.CompletableFuture.encodeThrowable(CompletableFuture.java:292)
	at java.util.concurrent.CompletableFuture.completeThrowable(CompletableFuture.java:308)
	at java.util.concurrent.CompletableFuture.uniApply(CompletableFuture.java:607)
	at java.util.concurrent.CompletableFuture$UniApply.tryFire(CompletableFuture.java:591)
	at java.util.concurrent.CompletableFuture.postComplete(CompletableFuture.java:488)
	at java.util.concurrent.CompletableFuture.completeExceptionally(CompletableFuture.java:1990)
	at org.apache.ratis.grpc.client.GrpcClientProtocolClient$AsyncStreamObservers.completeReplyExceptionally(GrpcClientProtocolClient.java:394)
	at org.apache.ratis.grpc.client.GrpcClientProtocolClient$AsyncStreamObservers.access$000(GrpcClientProtocolClient.java:300)
	at org.apache.ratis.grpc.client.GrpcClientProtocolClient$AsyncStreamObservers$1.onNext(GrpcClientProtocolClient.java:314)
	at org.apache.ratis.grpc.client.GrpcClientProtocolClient$AsyncStreamObservers$1.onNext(GrpcClientProtocolClient.java:305)
	at org.apache.ratis.thirdparty.io.grpc.stub.ClientCalls$StreamObserverToCallListenerAdapter.onMessage(ClientCalls.java:468)
	at org.apache.ratis.thirdparty.io.grpc.ForwardingClientCallListener.onMessage(ForwardingClientCallListener.java:33)
	at org.apache.ratis.thirdparty.io.grpc.internal.DelayedClientCall$DelayedListener.onMessage(DelayedClientCall.java:473)
	at org.apache.ratis.thirdparty.io.grpc.internal.ClientCallImpl$ClientStreamListenerImpl$1MessagesAvailable.runInternal(ClientCallImpl.java:660)
	at org.apache.ratis.thirdparty.io.grpc.internal.ClientCallImpl$ClientStreamListenerImpl$1MessagesAvailable.runInContext(ClientCallImpl.java:647)
	at org.apache.ratis.thirdparty.io.grpc.internal.ContextRunnable.run(ContextRunnable.java:37)
	at org.apache.ratis.thirdparty.io.grpc.internal.SerializingExecutor.run(SerializingExecutor.java:133)
	at java.util.concurrent.ThreadPoolExecutor.runWorker(ThreadPoolExecutor.java:1149)
	at java.util.concurrent.ThreadPoolExecutor$Worker.run(ThreadPoolExecutor.java:624)
	at java.lang.Thread.run(Thread.java:750)
Caused by: org.apache.ratis.protocol.exceptions.NotLeaderException: Server deb5d253-51cb-42bf-a345-825603079b10@group-993DCF1EDE54 is not the leader e7233910-62be-434d-8b50-630853f02a3c|10.1.0.29:15344
	at org.apache.ratis.client.impl.ClientProtoUtils.toRaftClientReply(ClientProtoUtils.java:397)
	at org.apache.ratis.grpc.client.GrpcClientProtocolClient$AsyncStreamObservers$1.onNext(GrpcClientProtocolClient.java:310)
	... 11 more
2024-03-05 10:11:40,760 [grpc-default-executor-1] ERROR impl.OrderedAsync (OrderedAsync.java:lambda$send$4(179)) - Failed to send request, message=null
java.util.concurrent.CompletionException: org.apache.ratis.protocol.exceptions.RaftRetryFailureException: Failed RaftClientRequest:client-818B0281EFB6->deb5d253-51cb-42bf-a345-825603079b10@group-993DCF1EDE54, cid=60, seq=1*, Watch(0), null for 3 attempts with RequestTypeDependentRetryPolicy{WRITE->ExceptionDependentRetry(maxAttempts=2147483647; defaultPolicy=MultipleLinearRandomRetry[5x5s, 5x10s, 5x15s, 5x20s, 5x25s, 10x60s]; map={org.apache.ratis.protocol.exceptions.GroupMismatchException->NoRetry, org.apache.ratis.protocol.exceptions.NotReplicatedException->NoRetry, org.apache.ratis.protocol.exceptions.ResourceUnavailableException->org.apache.ratis.retry.ExponentialBackoffRetry@dadd55c, org.apache.ratis.protocol.exceptions.StateMachineException->NoRetry, org.apache.ratis.protocol.exceptions.TimeoutIOException->org.apache.ratis.retry.ExponentialBackoffRetry@dadd55c}), WATCH->ExceptionDependentRetry(maxAttempts=2147483647; defaultPolicy=MultipleLinearRandomRetry[5x5s, 5x10s, 5x15s, 5x20s, 5x25s, 10x60s]; map={org.apache.ratis.protocol.exceptions.GroupMismatchException->NoRetry, org.apache.ratis.protocol.exceptions.NotReplicatedException->NoRetry, org.apache.ratis.protocol.exceptions.ResourceUnavailableException->org.apache.ratis.retry.ExponentialBackoffRetry@dadd55c, org.apache.ratis.protocol.exceptions.StateMachineException->NoRetry, org.apache.ratis.protocol.exceptions.TimeoutIOException->NoRetry})}
	at java.util.concurrent.CompletableFuture.encodeThrowable(CompletableFuture.java:292)
	at java.util.concurrent.CompletableFuture.completeThrowable(CompletableFuture.java:308)
	at java.util.concurrent.CompletableFuture.uniApply(CompletableFuture.java:607)
	at java.util.concurrent.CompletableFuture$UniApply.tryFire(CompletableFuture.java:591)
	at java.util.concurrent.CompletableFuture.postComplete(CompletableFuture.java:488)
	at java.util.concurrent.CompletableFuture.completeExceptionally(CompletableFuture.java:1990)
	at org.apache.ratis.client.impl.OrderedAsync$PendingOrderedRequest.fail(OrderedAsync.java:105)
	at org.apache.ratis.util.SlidingWindow$Client.fail(SlidingWindow.java:392)
	at org.apache.ratis.client.impl.OrderedAsync.failAllAsyncRequests(OrderedAsync.java:149)
	at org.apache.ratis.client.impl.OrderedAsync.handleAsyncRetryFailure(OrderedAsync.java:153)
	at org.apache.ratis.client.impl.OrderedAsync.lambda$sendRequest$9(OrderedAsync.java:253)
	at java.util.concurrent.CompletableFuture.uniExceptionally(CompletableFuture.java:884)
	at java.util.concurrent.CompletableFuture$UniExceptionally.tryFire(CompletableFuture.java:866)
	at java.util.concurrent.CompletableFuture.postComplete(CompletableFuture.java:488)
	at java.util.concurrent.CompletableFuture.completeExceptionally(CompletableFuture.java:1990)
	at org.apache.ratis.grpc.client.GrpcClientProtocolClient$AsyncStreamObservers.completeReplyExceptionally(GrpcClientProtocolClient.java:394)
	at org.apache.ratis.grpc.client.GrpcClientProtocolClient$AsyncStreamObservers.access$000(GrpcClientProtocolClient.java:300)
	at org.apache.ratis.grpc.client.GrpcClientProtocolClient$AsyncStreamObservers$1.onNext(GrpcClientProtocolClient.java:314)
	at org.apache.ratis.grpc.client.GrpcClientProtocolClient$AsyncStreamObservers$1.onNext(GrpcClientProtocolClient.java:305)
	at org.apache.ratis.thirdparty.io.grpc.stub.ClientCalls$StreamObserverToCallListenerAdapter.onMessage(ClientCalls.java:468)
	at org.apache.ratis.thirdparty.io.grpc.ForwardingClientCallListener.onMessage(ForwardingClientCallListener.java:33)
	at org.apache.ratis.thirdparty.io.grpc.internal.DelayedClientCall$DelayedListener.onMessage(DelayedClientCall.java:473)
	at org.apache.ratis.thirdparty.io.grpc.internal.ClientCallImpl$ClientStreamListenerImpl$1MessagesAvailable.runInternal(ClientCallImpl.java:660)
	at org.apache.ratis.thirdparty.io.grpc.internal.ClientCallImpl$ClientStreamListenerImpl$1MessagesAvailable.runInContext(ClientCallImpl.java:647)
	at org.apache.ratis.thirdparty.io.grpc.internal.ContextRunnable.run(ContextRunnable.java:37)
	at org.apache.ratis.thirdparty.io.grpc.internal.SerializingExecutor.run(SerializingExecutor.java:133)
	at java.util.concurrent.ThreadPoolExecutor.runWorker(ThreadPoolExecutor.java:1149)
	at java.util.concurrent.ThreadPoolExecutor$Worker.run(ThreadPoolExecutor.java:624)
	at java.lang.Thread.run(Thread.java:750)
Caused by: org.apache.ratis.protocol.exceptions.RaftRetryFailureException: Failed RaftClientRequest:client-818B0281EFB6->deb5d253-51cb-42bf-a345-825603079b10@group-993DCF1EDE54, cid=60, seq=1*, Watch(0), null for 3 attempts with RequestTypeDependentRetryPolicy{WRITE->ExceptionDependentRetry(maxAttempts=2147483647; defaultPolicy=MultipleLinearRandomRetry[5x5s, 5x10s, 5x15s, 5x20s, 5x25s, 10x60s]; map={org.apache.ratis.protocol.exceptions.GroupMismatchException->NoRetry, org.apache.ratis.protocol.exceptions.NotReplicatedException->NoRetry, org.apache.ratis.protocol.exceptions.ResourceUnavailableException->org.apache.ratis.retry.ExponentialBackoffRetry@dadd55c, org.apache.ratis.protocol.exceptions.StateMachineException->NoRetry, org.apache.ratis.protocol.exceptions.TimeoutIOException->org.apache.ratis.retry.ExponentialBackoffRetry@dadd55c}), WATCH->ExceptionDependentRetry(maxAttempts=2147483647; defaultPolicy=MultipleLinearRandomRetry[5x5s, 5x10s, 5x15s, 5x20s, 5x25s, 10x60s]; map={org.apache.ratis.protocol.exceptions.GroupMismatchException->NoRetry, org.apache.ratis.protocol.exceptions.NotReplicatedException->NoRetry, org.apache.ratis.protocol.exceptions.ResourceUnavailableException->org.apache.ratis.retry.ExponentialBackoffRetry@dadd55c, org.apache.ratis.protocol.exceptions.StateMachineException->NoRetry, org.apache.ratis.protocol.exceptions.TimeoutIOException->NoRetry})}
	at org.apache.ratis.client.impl.RaftClientImpl.noMoreRetries(RaftClientImpl.java:353)
	... 20 more
Caused by: org.apache.ratis.protocol.exceptions.NotLeaderException: Server deb5d253-51cb-42bf-a345-825603079b10@group-993DCF1EDE54 is not the leader e7233910-62be-434d-8b50-630853f02a3c|10.1.0.29:15344
	at org.apache.ratis.client.impl.ClientProtoUtils.toRaftClientReply(ClientProtoUtils.java:397)
	at org.apache.ratis.grpc.client.GrpcClientProtocolClient$AsyncStreamObservers$1.onNext(GrpcClientProtocolClient.java:310)
	... 11 more
2024-03-05 10:11:40,761 [grpc-default-executor-1] ERROR impl.OrderedAsync (OrderedAsync.java:lambda$send$4(177)) - Failed to send request, message=cmdType: CreateContainer
traceID: ""
containerID: 1
datanodeUuid: "deb5d253-51cb-42bf-a345-825603079b10"
createContainer {
}
, data.size=0 due to java.util.concurrent.CompletionException: org.apache.ratis.protocol.exceptions.AlreadyClosedException: SlidingWindow$Client:client-818B0281EFB6->RAFT is closed.
2024-03-05 10:11:40,764 [main] INFO  ozone.MiniOzoneClusterImpl (MiniOzoneClusterImpl.java:shutdown(396)) - Shutting down the Mini Ozone Cluster
2024-03-05 10:11:40,764 [main] INFO  db.CodecTestUtil (CodecTestUtil.java:gc(50)) - gc 0
2024-03-05 10:11:41,104 [main] INFO  ozone.MiniOzoneClusterImpl (MiniOzoneClusterImpl.java:stop(412)) - Stopping the Mini Ozone Cluster
2024-03-05 10:11:41,105 [main] INFO  om.OzoneManager (OzoneManager.java:stop(2204)) - om1[localhost:15271]: Stopping Ozone Manager
2024-03-05 10:11:41,105 [main] INFO  ipc.Server (Server.java:stop(3523)) - Stopping server on 15271
2024-03-05 10:11:41,111 [IPC Server Responder] INFO  ipc.Server (Server.java:run(1567)) - Stopping IPC Server Responder
2024-03-05 10:11:41,111 [IPC Server listener on 15271] INFO  ipc.Server (Server.java:run(1434)) - Stopping IPC Server listener on 15271
2024-03-05 10:11:41,114 [main] INFO  ratis.OzoneManagerRatisServer (OzoneManagerRatisServer.java:stop(594)) - Stopping org.apache.hadoop.ozone.om.ratis.OzoneManagerRatisServer@6c367b6e at port 15274
2024-03-05 10:11:41,118 [main] INFO  server.RaftServer (RaftServerProxy.java:lambda$close$9(416)) - om1: close
2024-03-05 10:11:41,118 [main] INFO  server.GrpcService (GrpcService.java:closeImpl(311)) - om1: shutdown server GrpcServerProtocolService now
2024-03-05 10:11:41,118 [om1-impl-thread1] INFO  server.RaftServer$Division (RaftServerImpl.java:lambda$close$3(526)) - om1@group-C5BA1605619E: shutdown
2024-03-05 10:11:41,118 [om1-impl-thread1] INFO  util.JmxRegister (JmxRegister.java:unregister(73)) - Successfully un-registered JMX Bean with object name Ratis:service=RaftServer,group=group-C5BA1605619E,id=om1
2024-03-05 10:11:41,118 [om1-impl-thread1] INFO  impl.RoleInfo (RoleInfo.java:shutdownLeaderState(94)) - om1: shutdown om1@group-C5BA1605619E-LeaderStateImpl
2024-03-05 10:11:41,118 [om1-impl-thread1] INFO  impl.PendingRequests (PendingRequests.java:sendNotLeaderResponses(289)) - om1@group-C5BA1605619E-PendingRequests: sendNotLeaderResponses
2024-03-05 10:11:41,122 [main] INFO  server.GrpcService (GrpcService.java:closeImpl(320)) - om1: shutdown server GrpcServerProtocolService successfully
2024-03-05 10:11:41,122 [om1@group-C5BA1605619E-StateMachineUpdater] INFO  ratis.OzoneManagerStateMachine (OzoneManagerStateMachine.java:takeSnapshotImpl(467)) -  applied = (t:1, i:3)
2024-03-05 10:11:41,122 [om1@group-C5BA1605619E-StateMachineUpdater] INFO  ratis.OzoneManagerStateMachine (OzoneManagerStateMachine.java:takeSnapshotImpl(468)) -  skipped = 3
2024-03-05 10:11:41,122 [om1@group-C5BA1605619E-StateMachineUpdater] INFO  ratis.OzoneManagerStateMachine (OzoneManagerStateMachine.java:takeSnapshotImpl(469)) - notified = (t:1, i:4)
2024-03-05 10:11:41,122 [om1@group-C5BA1605619E-StateMachineUpdater] INFO  ratis.OzoneManagerStateMachine (OzoneManagerStateMachine.java:takeSnapshotImpl(470)) - snapshot = (t:1, i:4)
2024-03-05 10:11:41,122 [om1-impl-thread1] INFO  impl.StateMachineUpdater (StateMachineUpdater.java:stopAndJoin(157)) - om1@group-C5BA1605619E-StateMachineUpdater: set stopIndex = 4
2024-03-05 10:11:41,134 [om1@group-C5BA1605619E-StateMachineUpdater] INFO  impl.StateMachineUpdater (StateMachineUpdater.java:takeSnapshot(295)) - om1@group-C5BA1605619E-StateMachineUpdater: Took a snapshot at index 4
2024-03-05 10:11:41,134 [om1@group-C5BA1605619E-StateMachineUpdater] INFO  impl.StateMachineUpdater (StateMachineUpdater.java:lambda$new$0(98)) - om1@group-C5BA1605619E-StateMachineUpdater: snapshotIndex: updateIncreasingly -1 -> 4
2024-03-05 10:11:41,134 [om1@group-C5BA1605619E-StateMachineUpdater] INFO  ratis.OzoneManagerStateMachine (OzoneManagerStateMachine.java:close(513)) - Stopping OzoneManagerStateMachine:om1:group-C5BA1605619E.
2024-03-05 10:11:41,134 [om1@group-C5BA1605619E-StateMachineUpdater] INFO  ratis.OzoneManagerDoubleBuffer (OzoneManagerDoubleBuffer.java:stopDaemon(518)) - Stopping OMDoubleBuffer flush thread
2024-03-05 10:11:41,134 [om1-OMDoubleBufferFlushThread] INFO  ratis.OzoneManagerDoubleBuffer (OzoneManagerDoubleBuffer.java:canFlush(582)) - OMDoubleBuffer flush thread om1-OMDoubleBufferFlushThread is interrupted and will exit.
2024-03-05 10:11:41,135 [om1-impl-thread1] INFO  server.RaftServer$Division (ServerState.java:close(427)) - om1@group-C5BA1605619E: applyIndex: 3
2024-03-05 10:11:41,135 [om1@group-C5BA1605619E-cacheEviction-AwaitToRun] INFO  util.AwaitToRun (AwaitToRun.java:run(49)) - om1@group-C5BA1605619E-cacheEviction-AwaitToRun-AwaitForSignal is interrupted
2024-03-05 10:11:42,006 [om1-impl-thread1] INFO  segmented.SegmentedRaftLogWorker (SegmentedRaftLogWorker.java:close(245)) - om1@group-C5BA1605619E-SegmentedRaftLogWorker close()
2024-03-05 10:11:42,007 [JvmPauseMonitor34] INFO  util.JvmPauseMonitor (JvmPauseMonitor.java:run(152)) - JvmPauseMonitor-om1: Stopped
2024-03-05 10:11:42,008 [main] INFO  utils.BackgroundService (BackgroundService.java:shutdown(160)) - Shutting down service KeyDeletingService
2024-03-05 10:11:42,008 [main] INFO  utils.BackgroundService (BackgroundService.java:shutdown(160)) - Shutting down service DirectoryDeletingService
2024-03-05 10:11:42,008 [main] INFO  utils.BackgroundService (BackgroundService.java:shutdown(160)) - Shutting down service OpenKeyCleanupService
2024-03-05 10:11:42,008 [main] INFO  utils.BackgroundService (BackgroundService.java:shutdown(160)) - Shutting down service SstFilteringService
2024-03-05 10:11:42,008 [main] INFO  utils.BackgroundService (BackgroundService.java:shutdown(160)) - Shutting down service SnapshotDeletingService
2024-03-05 10:11:42,009 [main] INFO  utils.BackgroundService (BackgroundService.java:shutdown(160)) - Shutting down service MultipartUploadCleanupService
2024-03-05 10:11:42,009 [main] INFO  utils.BackgroundService (BackgroundService.java:shutdown(160)) - Shutting down service SnapshotDirectoryCleaningService
2024-03-05 10:11:42,009 [main] INFO  handler.ContextHandler (ContextHandler.java:doStop(1159)) - Stopped o.e.j.w.WebAppContext@5ee5558f{ozoneManager,/,null,STOPPED}{file:/home/runner/work/ozone/ozone/hadoop-ozone/integration-test/target/test-classes/webapps/ozoneManager}
2024-03-05 10:11:42,010 [main] INFO  server.AbstractConnector (AbstractConnector.java:doStop(383)) - Stopped ServerConnector@bb68c0c{HTTP/1.1, (http/1.1)}{0.0.0.0:15272}
2024-03-05 10:11:42,010 [main] INFO  server.session (HouseKeeper.java:stopScavenging(149)) - node0 Stopped scavenging
2024-03-05 10:11:42,010 [main] INFO  handler.ContextHandler (ContextHandler.java:doStop(1159)) - Stopped o.e.j.s.ServletContextHandler@36579f18{static,/static,file:///home/runner/work/ozone/ozone/hadoop-ozone/integration-test/target/test-classes/webapps/static,STOPPED}
2024-03-05 10:11:42,010 [main] INFO  handler.ContextHandler (ContextHandler.java:doStop(1159)) - Stopped o.e.j.s.ServletContextHandler@5c95f908{logs,/logs,file:///home/runner/work/ozone/ozone/hadoop-ozone/integration-test/target/log,STOPPED}
2024-03-05 10:11:42,011 [main] INFO  rocksdiff.RocksDBCheckpointDiffer (RocksDBCheckpointDiffer.java:close(310)) - Shutting down CompactionDagPruningService.
2024-03-05 10:11:42,013 [main] INFO  snapshot.SnapshotDiffManager (SnapshotDiffManager.java:closeExecutorService(1657)) - Shutting down executorService: 'SnapDiffExecutor'
2024-03-05 10:11:42,013 [main] INFO  utils.BackgroundService (BackgroundService.java:shutdown(160)) - Shutting down service SnapshotDiffCleanupService
2024-03-05 10:11:42,014 [main] INFO  ozone.MiniOzoneClusterImpl (MiniOzoneClusterImpl.java:stopDatanodes(471)) - Stopping the HddsDatanodes
2024-03-05 10:11:42,019 [ForkJoinPool.commonPool-worker-5] INFO  ozoneimpl.OzoneContainer (OzoneContainer.java:stop(481)) - Attempting to stop container services.
2024-03-05 10:11:42,019 [main] INFO  ozoneimpl.OzoneContainer (OzoneContainer.java:stop(481)) - Attempting to stop container services.
2024-03-05 10:11:42,019 [ForkJoinPool.commonPool-worker-4] INFO  ozoneimpl.OzoneContainer (OzoneContainer.java:stop(481)) - Attempting to stop container services.
2024-03-05 10:11:42,019 [ForkJoinPool.commonPool-worker-5] INFO  server.RaftServer (RaftServerProxy.java:lambda$close$9(416)) - e7233910-62be-434d-8b50-630853f02a3c: close
2024-03-05 10:11:42,019 [main] INFO  server.RaftServer (RaftServerProxy.java:lambda$close$9(416)) - 76f60663-9351-4c92-a037-8f3a190b5659: close
2024-03-05 10:11:42,020 [e7233910-62be-434d-8b50-630853f02a3c-impl-thread2] INFO  server.RaftServer$Division (RaftServerImpl.java:lambda$close$3(526)) - e7233910-62be-434d-8b50-630853f02a3c@group-993DCF1EDE54: shutdown
2024-03-05 10:11:42,020 [main] INFO  server.GrpcService (GrpcService.java:closeImpl(311)) - 76f60663-9351-4c92-a037-8f3a190b5659: shutdown server org.apache.ratis.grpc.server.GrpcClientProtocolService now
2024-03-05 10:11:42,020 [ForkJoinPool.commonPool-worker-4] INFO  server.RaftServer (RaftServerProxy.java:lambda$close$9(416)) - 71f4d41d-0e43-455a-af57-6dee494bca18: close
2024-03-05 10:11:42,020 [71f4d41d-0e43-455a-af57-6dee494bca18-impl-thread1] INFO  server.RaftServer$Division (RaftServerImpl.java:lambda$close$3(526)) - 71f4d41d-0e43-455a-af57-6dee494bca18@group-32BEA8AEAF95: shutdown
2024-03-05 10:11:42,020 [71f4d41d-0e43-455a-af57-6dee494bca18-impl-thread1] INFO  util.JmxRegister (JmxRegister.java:unregister(73)) - Successfully un-registered JMX Bean with object name Ratis:service=RaftServer,group=group-32BEA8AEAF95,id=71f4d41d-0e43-455a-af57-6dee494bca18
2024-03-05 10:11:42,020 [71f4d41d-0e43-455a-af57-6dee494bca18-impl-thread1] INFO  impl.RoleInfo (RoleInfo.java:shutdownLeaderState(94)) - 71f4d41d-0e43-455a-af57-6dee494bca18: shutdown 71f4d41d-0e43-455a-af57-6dee494bca18@group-32BEA8AEAF95-LeaderStateImpl
2024-03-05 10:11:42,020 [71f4d41d-0e43-455a-af57-6dee494bca18-impl-thread1] INFO  impl.PendingRequests (PendingRequests.java:sendNotLeaderResponses(289)) - 71f4d41d-0e43-455a-af57-6dee494bca18@group-32BEA8AEAF95-PendingRequests: sendNotLeaderResponses
2024-03-05 10:11:42,021 [71f4d41d-0e43-455a-af57-6dee494bca18-impl-thread1] INFO  impl.StateMachineUpdater (StateMachineUpdater.java:stopAndJoin(157)) - 71f4d41d-0e43-455a-af57-6dee494bca18@group-32BEA8AEAF95-StateMachineUpdater: set stopIndex = 0
2024-03-05 10:11:42,021 [71f4d41d-0e43-455a-af57-6dee494bca18@group-32BEA8AEAF95-StateMachineUpdater] INFO  ratis.ContainerStateMachine (ContainerStateMachine.java:takeSnapshot(355)) - group-32BEA8AEAF95: Taking a snapshot at:(t:1, i:0) file /home/runner/work/ozone/ozone/hadoop-ozone/integration-test/target/test-dir/MiniOzoneClusterImpl-58322414-df67-4d64-942a-a0d9644003f2/ozone-meta/datanode-3/ratis/6745923d-3986-41aa-8695-32bea8aeaf95/sm/snapshot.1_0
2024-03-05 10:11:42,020 [ForkJoinPool.commonPool-worker-5] INFO  server.GrpcService (GrpcService.java:closeImpl(311)) - e7233910-62be-434d-8b50-630853f02a3c: shutdown server org.apache.ratis.grpc.server.GrpcClientProtocolService now
2024-03-05 10:11:42,020 [76f60663-9351-4c92-a037-8f3a190b5659-impl-thread2] INFO  server.RaftServer$Division (RaftServerImpl.java:lambda$close$3(526)) - 76f60663-9351-4c92-a037-8f3a190b5659@group-5CF951FB94BD: shutdown
2024-03-05 10:11:42,020 [e7233910-62be-434d-8b50-630853f02a3c-impl-thread1] INFO  server.RaftServer$Division (RaftServerImpl.java:lambda$close$3(526)) - e7233910-62be-434d-8b50-630853f02a3c@group-DE9E02C7B6FF: shutdown
2024-03-05 10:11:42,021 [e7233910-62be-434d-8b50-630853f02a3c-impl-thread1] INFO  util.JmxRegister (JmxRegister.java:unregister(73)) - Successfully un-registered JMX Bean with object name Ratis:service=RaftServer,group=group-DE9E02C7B6FF,id=e7233910-62be-434d-8b50-630853f02a3c
2024-03-05 10:11:42,020 [e7233910-62be-434d-8b50-630853f02a3c-impl-thread2] INFO  util.JmxRegister (JmxRegister.java:unregister(73)) - Successfully un-registered JMX Bean with object name Ratis:service=RaftServer,group=group-993DCF1EDE54,id=e7233910-62be-434d-8b50-630853f02a3c
2024-03-05 10:11:42,022 [e7233910-62be-434d-8b50-630853f02a3c-impl-thread2] INFO  impl.RoleInfo (RoleInfo.java:shutdownLeaderState(94)) - e7233910-62be-434d-8b50-630853f02a3c: shutdown e7233910-62be-434d-8b50-630853f02a3c@group-993DCF1EDE54-LeaderStateImpl
2024-03-05 10:11:42,022 [71f4d41d-0e43-455a-af57-6dee494bca18@group-32BEA8AEAF95-StateMachineUpdater] INFO  ratis.ContainerStateMachine (ContainerStateMachine.java:takeSnapshot(366)) - group-32BEA8AEAF95: Finished taking a snapshot at:(t:1, i:0) file:/home/runner/work/ozone/ozone/hadoop-ozone/integration-test/target/test-dir/MiniOzoneClusterImpl-58322414-df67-4d64-942a-a0d9644003f2/ozone-meta/datanode-3/ratis/6745923d-3986-41aa-8695-32bea8aeaf95/sm/snapshot.1_0 took: 1 ms
2024-03-05 10:11:42,022 [71f4d41d-0e43-455a-af57-6dee494bca18-impl-thread2] INFO  server.RaftServer$Division (RaftServerImpl.java:lambda$close$3(526)) - 71f4d41d-0e43-455a-af57-6dee494bca18@group-AB97D73B6EC3: shutdown
2024-03-05 10:11:42,022 [71f4d41d-0e43-455a-af57-6dee494bca18-impl-thread2] INFO  util.JmxRegister (JmxRegister.java:unregister(73)) - Successfully un-registered JMX Bean with object name Ratis:service=RaftServer,group=group-AB97D73B6EC3,id=71f4d41d-0e43-455a-af57-6dee494bca18
2024-03-05 10:11:42,022 [71f4d41d-0e43-455a-af57-6dee494bca18-impl-thread2] INFO  impl.RoleInfo (RoleInfo.java:shutdownLeaderState(94)) - 71f4d41d-0e43-455a-af57-6dee494bca18: shutdown 71f4d41d-0e43-455a-af57-6dee494bca18@group-AB97D73B6EC3-LeaderStateImpl
2024-03-05 10:11:42,022 [71f4d41d-0e43-455a-af57-6dee494bca18@group-32BEA8AEAF95-StateMachineUpdater] INFO  impl.StateMachineUpdater (StateMachineUpdater.java:takeSnapshot(295)) - 71f4d41d-0e43-455a-af57-6dee494bca18@group-32BEA8AEAF95-StateMachineUpdater: Took a snapshot at index 0
2024-03-05 10:11:42,022 [71f4d41d-0e43-455a-af57-6dee494bca18@group-32BEA8AEAF95-StateMachineUpdater] INFO  impl.StateMachineUpdater (StateMachineUpdater.java:lambda$new$0(98)) - 71f4d41d-0e43-455a-af57-6dee494bca18@group-32BEA8AEAF95-StateMachineUpdater: snapshotIndex: updateIncreasingly -1 -> 0
2024-03-05 10:11:42,022 [71f4d41d-0e43-455a-af57-6dee494bca18-impl-thread1] INFO  server.RaftServer$Division (ServerState.java:close(427)) - 71f4d41d-0e43-455a-af57-6dee494bca18@group-32BEA8AEAF95: applyIndex: 0
2024-03-05 10:11:42,022 [ForkJoinPool.commonPool-worker-4] INFO  server.GrpcService (GrpcService.java:closeImpl(311)) - 71f4d41d-0e43-455a-af57-6dee494bca18: shutdown server org.apache.ratis.grpc.server.GrpcClientProtocolService now
2024-03-05 10:11:42,021 [76f60663-9351-4c92-a037-8f3a190b5659-impl-thread1] INFO  server.RaftServer$Division (RaftServerImpl.java:lambda$close$3(526)) - 76f60663-9351-4c92-a037-8f3a190b5659@group-F3A3BFA84EC7: shutdown
2024-03-05 10:11:42,023 [76f60663-9351-4c92-a037-8f3a190b5659-impl-thread1] INFO  util.JmxRegister (JmxRegister.java:unregister(73)) - Successfully un-registered JMX Bean with object name Ratis:service=RaftServer,group=group-F3A3BFA84EC7,id=76f60663-9351-4c92-a037-8f3a190b5659
2024-03-05 10:11:42,023 [76f60663-9351-4c92-a037-8f3a190b5659-impl-thread1] INFO  impl.RoleInfo (RoleInfo.java:shutdownFollowerState(110)) - 76f60663-9351-4c92-a037-8f3a190b5659: shutdown 76f60663-9351-4c92-a037-8f3a190b5659@group-F3A3BFA84EC7-FollowerState
2024-03-05 10:11:42,021 [e7233910-62be-434d-8b50-630853f02a3c-impl-thread1] INFO  impl.RoleInfo (RoleInfo.java:shutdownLeaderState(94)) - e7233910-62be-434d-8b50-630853f02a3c: shutdown e7233910-62be-434d-8b50-630853f02a3c@group-DE9E02C7B6FF-LeaderStateImpl
2024-03-05 10:11:42,021 [76f60663-9351-4c92-a037-8f3a190b5659-impl-thread2] INFO  util.JmxRegister (JmxRegister.java:unregister(73)) - Successfully un-registered JMX Bean with object name Ratis:service=RaftServer,group=group-5CF951FB94BD,id=76f60663-9351-4c92-a037-8f3a190b5659
2024-03-05 10:11:42,023 [76f60663-9351-4c92-a037-8f3a190b5659-impl-thread2] INFO  impl.RoleInfo (RoleInfo.java:shutdownLeaderState(94)) - 76f60663-9351-4c92-a037-8f3a190b5659: shutdown 76f60663-9351-4c92-a037-8f3a190b5659@group-5CF951FB94BD-LeaderStateImpl
2024-03-05 10:11:42,023 [76f60663-9351-4c92-a037-8f3a190b5659-impl-thread2] INFO  impl.PendingRequests (PendingRequests.java:sendNotLeaderResponses(289)) - 76f60663-9351-4c92-a037-8f3a190b5659@group-5CF951FB94BD-PendingRequests: sendNotLeaderResponses
2024-03-05 10:11:42,024 [76f60663-9351-4c92-a037-8f3a190b5659-impl-thread2] INFO  impl.StateMachineUpdater (StateMachineUpdater.java:stopAndJoin(157)) - 76f60663-9351-4c92-a037-8f3a190b5659@group-5CF951FB94BD-StateMachineUpdater: set stopIndex = 0
2024-03-05 10:11:42,024 [76f60663-9351-4c92-a037-8f3a190b5659@group-5CF951FB94BD-StateMachineUpdater] INFO  ratis.ContainerStateMachine (ContainerStateMachine.java:takeSnapshot(355)) - group-5CF951FB94BD: Taking a snapshot at:(t:1, i:0) file /home/runner/work/ozone/ozone/hadoop-ozone/integration-test/target/test-dir/MiniOzoneClusterImpl-58322414-df67-4d64-942a-a0d9644003f2/ozone-meta/datanode-6/ratis/efb7f63c-52b5-4262-888a-5cf951fb94bd/sm/snapshot.1_0
2024-03-05 10:11:42,023 [e7233910-62be-434d-8b50-630853f02a3c-impl-thread1] INFO  impl.PendingRequests (PendingRequests.java:sendNotLeaderResponses(289)) - e7233910-62be-434d-8b50-630853f02a3c@group-DE9E02C7B6FF-PendingRequests: sendNotLeaderResponses
2024-03-05 10:11:42,024 [e7233910-62be-434d-8b50-630853f02a3c-impl-thread1] INFO  impl.StateMachineUpdater (StateMachineUpdater.java:stopAndJoin(157)) - e7233910-62be-434d-8b50-630853f02a3c@group-DE9E02C7B6FF-StateMachineUpdater: set stopIndex = 0
2024-03-05 10:11:42,024 [e7233910-62be-434d-8b50-630853f02a3c@group-DE9E02C7B6FF-StateMachineUpdater] INFO  ratis.ContainerStateMachine (ContainerStateMachine.java:takeSnapshot(355)) - group-DE9E02C7B6FF: Taking a snapshot at:(t:1, i:0) file /home/runner/work/ozone/ozone/hadoop-ozone/integration-test/target/test-dir/MiniOzoneClusterImpl-58322414-df67-4d64-942a-a0d9644003f2/ozone-meta/datanode-8/ratis/4ae47a6d-4ba0-4668-ad67-de9e02c7b6ff/sm/snapshot.1_0
2024-03-05 10:11:42,024 [76f60663-9351-4c92-a037-8f3a190b5659@group-5CF951FB94BD-StateMachineUpdater] INFO  ratis.ContainerStateMachine (ContainerStateMachine.java:takeSnapshot(366)) - group-5CF951FB94BD: Finished taking a snapshot at:(t:1, i:0) file:/home/runner/work/ozone/ozone/hadoop-ozone/integration-test/target/test-dir/MiniOzoneClusterImpl-58322414-df67-4d64-942a-a0d9644003f2/ozone-meta/datanode-6/ratis/efb7f63c-52b5-4262-888a-5cf951fb94bd/sm/snapshot.1_0 took: 0 ms
2024-03-05 10:11:42,024 [76f60663-9351-4c92-a037-8f3a190b5659@group-5CF951FB94BD-StateMachineUpdater] INFO  impl.StateMachineUpdater (StateMachineUpdater.java:takeSnapshot(295)) - 76f60663-9351-4c92-a037-8f3a190b5659@group-5CF951FB94BD-StateMachineUpdater: Took a snapshot at index 0
2024-03-05 10:11:42,024 [76f60663-9351-4c92-a037-8f3a190b5659@group-5CF951FB94BD-StateMachineUpdater] INFO  impl.StateMachineUpdater (StateMachineUpdater.java:lambda$new$0(98)) - 76f60663-9351-4c92-a037-8f3a190b5659@group-5CF951FB94BD-StateMachineUpdater: snapshotIndex: updateIncreasingly -1 -> 0
2024-03-05 10:11:42,024 [76f60663-9351-4c92-a037-8f3a190b5659-impl-thread2] INFO  server.RaftServer$Division (ServerState.java:close(427)) - 76f60663-9351-4c92-a037-8f3a190b5659@group-5CF951FB94BD: applyIndex: 0
2024-03-05 10:11:42,025 [e7233910-62be-434d-8b50-630853f02a3c@group-DE9E02C7B6FF-StateMachineUpdater] INFO  ratis.ContainerStateMachine (ContainerStateMachine.java:takeSnapshot(366)) - group-DE9E02C7B6FF: Finished taking a snapshot at:(t:1, i:0) file:/home/runner/work/ozone/ozone/hadoop-ozone/integration-test/target/test-dir/MiniOzoneClusterImpl-58322414-df67-4d64-942a-a0d9644003f2/ozone-meta/datanode-8/ratis/4ae47a6d-4ba0-4668-ad67-de9e02c7b6ff/sm/snapshot.1_0 took: 1 ms
2024-03-05 10:11:42,025 [e7233910-62be-434d-8b50-630853f02a3c@group-DE9E02C7B6FF-StateMachineUpdater] INFO  impl.StateMachineUpdater (StateMachineUpdater.java:takeSnapshot(295)) - e7233910-62be-434d-8b50-630853f02a3c@group-DE9E02C7B6FF-StateMachineUpdater: Took a snapshot at index 0
2024-03-05 10:11:42,025 [e7233910-62be-434d-8b50-630853f02a3c@group-DE9E02C7B6FF-StateMachineUpdater] INFO  impl.StateMachineUpdater (StateMachineUpdater.java:lambda$new$0(98)) - e7233910-62be-434d-8b50-630853f02a3c@group-DE9E02C7B6FF-StateMachineUpdater: snapshotIndex: updateIncreasingly -1 -> 0
2024-03-05 10:11:42,025 [e7233910-62be-434d-8b50-630853f02a3c-impl-thread1] INFO  server.RaftServer$Division (ServerState.java:close(427)) - e7233910-62be-434d-8b50-630853f02a3c@group-DE9E02C7B6FF: applyIndex: 0
2024-03-05 10:11:42,029 [Thread-4522] INFO  server.GrpcServerProtocolClient (GrpcServerProtocolClient.java:close(103)) - aca6fe57-e7fe-4059-8fc7-aad793183b33 Close channels
2024-03-05 10:11:42,030 [main] INFO  server.GrpcService (GrpcService.java:closeImpl(320)) - 76f60663-9351-4c92-a037-8f3a190b5659: shutdown server org.apache.ratis.grpc.server.GrpcClientProtocolService successfully
2024-03-05 10:11:42,030 [main] INFO  server.GrpcService (GrpcService.java:closeImpl(311)) - 76f60663-9351-4c92-a037-8f3a190b5659: shutdown server GrpcServerProtocolService now
2024-03-05 10:11:42,031 [grpc-default-executor-4] WARN  server.GrpcServerProtocolService (LogUtils.java:warn(121)) - 76f60663-9351-4c92-a037-8f3a190b5659: APPEND_ENTRIES onError, lastRequest: d931d63e-dd15-4e6c-a722-a504b4f57030->76f60663-9351-4c92-a037-8f3a190b5659#1-t1,previous=(t:0, i:0),leaderCommit=-1,initializing? false,entries: size=1, first=(t:1, i:0), CONFIGURATIONENTRY(current:id: "76f60663-9351-4c92-a037-8f3a190b5659"
address: "10.1.0.29:15326"
dataStreamAddress: "10.1.0.29:15327"
clientAddress: "10.1.0.29:15324"
adminAddress: "10.1.0.29:15325"
startupRole: FOLLOWER
,id: "d931d63e-dd15-4e6c-a722-a504b4f57030"
address: "10.1.0.29:15308"
priority: 1
dataStreamAddress: "10.1.0.29:15309"
clientAddress: "10.1.0.29:15306"
adminAddress: "10.1.0.29:15307"
startupRole: FOLLOWER
,id: "e31e7e37-3da5-4192-a08f-644192942d08"
address: "10.1.0.29:15317"
dataStreamAddress: "10.1.0.29:15318"
clientAddress: "10.1.0.29:15315"
adminAddress: "10.1.0.29:15316"
startupRole: FOLLOWER
, old:): org.apache.ratis.thirdparty.io.grpc.StatusRuntimeException: CANCELLED: client cancelled
2024-03-05 10:11:42,031 [grpc-default-executor-0] WARN  server.GrpcServerProtocolService (LogUtils.java:warn(121)) - 76f60663-9351-4c92-a037-8f3a190b5659: APPEND_ENTRIES onError, lastRequest: null: org.apache.ratis.thirdparty.io.grpc.StatusRuntimeException: CANCELLED: client cancelled
2024-03-05 10:11:42,032 [grpc-default-executor-4] WARN  server.GrpcLogAppender (LogUtils.java:warn(121)) - d931d63e-dd15-4e6c-a722-a504b4f57030@group-F3A3BFA84EC7->76f60663-9351-4c92-a037-8f3a190b5659-AppendLogResponseHandler: Failed appendEntries: org.apache.ratis.thirdparty.io.grpc.StatusRuntimeException: CANCELLED: RST_STREAM closed stream. HTTP/2 error code: CANCEL
2024-03-05 10:11:42,032 [grpc-default-executor-4] WARN  server.GrpcLogAppender (GrpcLogAppender.java:lambda$resetClient$1(217)) - d931d63e-dd15-4e6c-a722-a504b4f57030@group-F3A3BFA84EC7->76f60663-9351-4c92-a037-8f3a190b5659-GrpcLogAppender: Follower failed (request=null, errorCount=1); keep nextIndex (1) unchanged and retry.
2024-03-05 10:11:42,034 [e7233910-62be-434d-8b50-630853f02a3c@group-DE9E02C7B6FF-cacheEviction-AwaitToRun] INFO  util.AwaitToRun (AwaitToRun.java:run(49)) - e7233910-62be-434d-8b50-630853f02a3c@group-DE9E02C7B6FF-cacheEviction-AwaitToRun-AwaitForSignal is interrupted
2024-03-05 10:11:42,034 [Thread-4521] INFO  server.GrpcServerProtocolClient (GrpcServerProtocolClient.java:close(103)) - deb5d253-51cb-42bf-a345-825603079b10 Close channels
2024-03-05 10:11:42,035 [76f60663-9351-4c92-a037-8f3a190b5659-impl-thread1] INFO  impl.StateMachineUpdater (StateMachineUpdater.java:stopAndJoin(157)) - 76f60663-9351-4c92-a037-8f3a190b5659@group-F3A3BFA84EC7-StateMachineUpdater: set stopIndex = 0
2024-03-05 10:11:42,035 [76f60663-9351-4c92-a037-8f3a190b5659@group-F3A3BFA84EC7-FollowerState] INFO  impl.FollowerState (FollowerState.java:run(152)) - 76f60663-9351-4c92-a037-8f3a190b5659@group-F3A3BFA84EC7-FollowerState was interrupted
2024-03-05 10:11:42,035 [71f4d41d-0e43-455a-af57-6dee494bca18@group-32BEA8AEAF95-cacheEviction-AwaitToRun] INFO  util.AwaitToRun (AwaitToRun.java:run(49)) - 71f4d41d-0e43-455a-af57-6dee494bca18@group-32BEA8AEAF95-cacheEviction-AwaitToRun-AwaitForSignal is interrupted
2024-03-05 10:11:42,035 [71f4d41d-0e43-455a-af57-6dee494bca18@group-AB97D73B6EC3->40c6403c-e697-43dc-b480-ae867bb88e33-GrpcLogAppender-LogAppenderDaemon] WARN  server.GrpcLogAppender (GrpcLogAppender.java:mayWait(289)) - 71f4d41d-0e43-455a-af57-6dee494bca18@group-AB97D73B6EC3->40c6403c-e697-43dc-b480-ae867bb88e33-GrpcLogAppender: Wait interrupted by java.lang.InterruptedException
2024-03-05 10:11:42,035 [e7233910-62be-434d-8b50-630853f02a3c-impl-thread2] INFO  impl.PendingRequests (PendingRequests.java:sendNotLeaderResponses(289)) - e7233910-62be-434d-8b50-630853f02a3c@group-993DCF1EDE54-PendingRequests: sendNotLeaderResponses
2024-03-05 10:11:42,035 [e7233910-62be-434d-8b50-630853f02a3c@group-993DCF1EDE54->aca6fe57-e7fe-4059-8fc7-aad793183b33-GrpcLogAppender-LogAppenderDaemon] WARN  server.GrpcLogAppender (GrpcLogAppender.java:mayWait(289)) - e7233910-62be-434d-8b50-630853f02a3c@group-993DCF1EDE54->aca6fe57-e7fe-4059-8fc7-aad793183b33-GrpcLogAppender: Wait interrupted by java.lang.InterruptedException
2024-03-05 10:11:42,035 [e7233910-62be-434d-8b50-630853f02a3c@group-993DCF1EDE54->deb5d253-51cb-42bf-a345-825603079b10-GrpcLogAppender-LogAppenderDaemon] WARN  server.GrpcLogAppender (GrpcLogAppender.java:mayWait(289)) - e7233910-62be-434d-8b50-630853f02a3c@group-993DCF1EDE54->deb5d253-51cb-42bf-a345-825603079b10-GrpcLogAppender: Wait interrupted by java.lang.InterruptedException
2024-03-05 10:11:42,036 [e7233910-62be-434d-8b50-630853f02a3c-impl-thread2] INFO  impl.StateMachineUpdater (StateMachineUpdater.java:stopAndJoin(157)) - e7233910-62be-434d-8b50-630853f02a3c@group-993DCF1EDE54-StateMachineUpdater: set stopIndex = 0
2024-03-05 10:11:42,035 [76f60663-9351-4c92-a037-8f3a190b5659@group-F3A3BFA84EC7-StateMachineUpdater] INFO  ratis.ContainerStateMachine (ContainerStateMachine.java:takeSnapshot(355)) - group-F3A3BFA84EC7: Taking a snapshot at:(t:1, i:0) file /home/runner/work/ozone/ozone/hadoop-ozone/integration-test/target/test-dir/MiniOzoneClusterImpl-58322414-df67-4d64-942a-a0d9644003f2/ozone-meta/datanode-6/ratis/cca8b0cd-9cc6-4a71-babf-f3a3bfa84ec7/sm/snapshot.1_0
2024-03-05 10:11:42,036 [grpc-default-executor-1] INFO  server.GrpcServerProtocolService (GrpcServerProtocolService.java:onCompleted(157)) - 40c6403c-e697-43dc-b480-ae867bb88e33: Completed APPEND_ENTRIES, lastRequest: null
2024-03-05 10:11:42,036 [grpc-default-executor-4] INFO  server.GrpcServerProtocolService (GrpcServerProtocolService.java:onCompleted(157)) - 40c6403c-e697-43dc-b480-ae867bb88e33: Completed APPEND_ENTRIES, lastRequest: 71f4d41d-0e43-455a-af57-6dee494bca18->40c6403c-e697-43dc-b480-ae867bb88e33#1-t1,previous=(t:0, i:0),leaderCommit=-1,initializing? false,entries: size=1, first=(t:1, i:0), CONFIGURATIONENTRY(current:id: "40c6403c-e697-43dc-b480-ae867bb88e33"
address: "10.1.0.29:15290"
dataStreamAddress: "10.1.0.29:15291"
clientAddress: "10.1.0.29:15288"
adminAddress: "10.1.0.29:15289"
startupRole: FOLLOWER
,id: "96c5040e-cdea-4ff5-b94a-979666270d21"
address: "10.1.0.29:15281"
dataStreamAddress: "10.1.0.29:15282"
clientAddress: "10.1.0.29:15279"
adminAddress: "10.1.0.29:15280"
startupRole: FOLLOWER
,id: "71f4d41d-0e43-455a-af57-6dee494bca18"
address: "10.1.0.29:15299"
priority: 1
dataStreamAddress: "10.1.0.29:15300"
clientAddress: "10.1.0.29:15297"
adminAddress: "10.1.0.29:15298"
startupRole: FOLLOWER
, old:)
2024-03-05 10:11:42,035 [76f60663-9351-4c92-a037-8f3a190b5659@group-5CF951FB94BD-cacheEviction-AwaitToRun] INFO  util.AwaitToRun (AwaitToRun.java:run(49)) - 76f60663-9351-4c92-a037-8f3a190b5659@group-5CF951FB94BD-cacheEviction-AwaitToRun-AwaitForSignal is interrupted
2024-03-05 10:11:42,036 [grpc-default-executor-5] INFO  server.GrpcServerProtocolService (GrpcServerProtocolService.java:onCompleted(157)) - aca6fe57-e7fe-4059-8fc7-aad793183b33: Completed APPEND_ENTRIES, lastRequest: null
2024-03-05 10:11:42,036 [grpc-default-executor-1] INFO  server.GrpcServerProtocolService (GrpcServerProtocolService.java:lambda$onCompleted$5(159)) - 40c6403c-e697-43dc-b480-ae867bb88e33: Completed APPEND_ENTRIES, lastReply: serverReply {
  requestorId: "71f4d41d-0e43-455a-af57-6dee494bca18"
  replyId: "40c6403c-e697-43dc-b480-ae867bb88e33"
  raftGroupId {
    id: "\005\\\022\352\332\000B:\262\033\253\227\327;n\303"
  }
  callId: 10
  success: true
}
term: 1
nextIndex: 1
matchIndex: 18446744073709551615
isHearbeat: true

2024-03-05 10:11:42,036 [grpc-default-executor-5] INFO  server.GrpcServerProtocolService (GrpcServerProtocolService.java:lambda$onCompleted$5(159)) - aca6fe57-e7fe-4059-8fc7-aad793183b33: Completed APPEND_ENTRIES, lastReply: serverReply {
  requestorId: "e7233910-62be-434d-8b50-630853f02a3c"
  replyId: "aca6fe57-e7fe-4059-8fc7-aad793183b33"
  raftGroupId {
    id: "\261\333%\302e\255Ow\2739\231=\317\036\336T"
  }
  callId: 8
  success: true
}
term: 1
nextIndex: 1
matchIndex: 18446744073709551615
isHearbeat: true

2024-03-05 10:11:42,036 [grpc-default-executor-2] INFO  server.GrpcServerProtocolService (GrpcServerProtocolService.java:onCompleted(157)) - deb5d253-51cb-42bf-a345-825603079b10: Completed APPEND_ENTRIES, lastRequest: e7233910-62be-434d-8b50-630853f02a3c->deb5d253-51cb-42bf-a345-825603079b10#1-t1,previous=(t:0, i:0),leaderCommit=-1,initializing? false,entries: size=1, first=(t:1, i:0), CONFIGURATIONENTRY(current:id: "deb5d253-51cb-42bf-a345-825603079b10"
address: "10.1.0.29:15353"
dataStreamAddress: "10.1.0.29:15354"
clientAddress: "10.1.0.29:15351"
adminAddress: "10.1.0.29:15352"
startupRole: FOLLOWER
,id: "aca6fe57-e7fe-4059-8fc7-aad793183b33"
address: "10.1.0.29:15335"
dataStreamAddress: "10.1.0.29:15336"
clientAddress: "10.1.0.29:15333"
adminAddress: "10.1.0.29:15334"
startupRole: FOLLOWER
,id: "e7233910-62be-434d-8b50-630853f02a3c"
address: "10.1.0.29:15344"
priority: 1
dataStreamAddress: "10.1.0.29:15345"
clientAddress: "10.1.0.29:15342"
adminAddress: "10.1.0.29:15343"
startupRole: FOLLOWER
, old:)
2024-03-05 10:11:42,036 [grpc-default-executor-3] INFO  server.GrpcServerProtocolService (GrpcServerProtocolService.java:onCompleted(157)) - aca6fe57-e7fe-4059-8fc7-aad793183b33: Completed APPEND_ENTRIES, lastRequest: e7233910-62be-434d-8b50-630853f02a3c->aca6fe57-e7fe-4059-8fc7-aad793183b33#1-t1,previous=(t:0, i:0),leaderCommit=-1,initializing? false,entries: size=1, first=(t:1, i:0), CONFIGURATIONENTRY(current:id: "deb5d253-51cb-42bf-a345-825603079b10"
address: "10.1.0.29:15353"
dataStreamAddress: "10.1.0.29:15354"
clientAddress: "10.1.0.29:15351"
adminAddress: "10.1.0.29:15352"
startupRole: FOLLOWER
,id: "aca6fe57-e7fe-4059-8fc7-aad793183b33"
address: "10.1.0.29:15335"
dataStreamAddress: "10.1.0.29:15336"
clientAddress: "10.1.0.29:15333"
adminAddress: "10.1.0.29:15334"
startupRole: FOLLOWER
,id: "e7233910-62be-434d-8b50-630853f02a3c"
address: "10.1.0.29:15344"
priority: 1
dataStreamAddress: "10.1.0.29:15345"
clientAddress: "10.1.0.29:15342"
adminAddress: "10.1.0.29:15343"
startupRole: FOLLOWER
, old:)
2024-03-05 10:11:42,044 [grpc-default-executor-3] INFO  server.GrpcServerProtocolService (GrpcServerProtocolService.java:lambda$onCompleted$5(159)) - aca6fe57-e7fe-4059-8fc7-aad793183b33: Completed APPEND_ENTRIES, lastReply: null
2024-03-05 10:11:42,044 [71f4d41d-0e43-455a-af57-6dee494bca18@group-AB97D73B6EC3->96c5040e-cdea-4ff5-b94a-979666270d21-GrpcLogAppender-LogAppenderDaemon] WARN  server.GrpcLogAppender (GrpcLogAppender.java:mayWait(289)) - 71f4d41d-0e43-455a-af57-6dee494bca18@group-AB97D73B6EC3->96c5040e-cdea-4ff5-b94a-979666270d21-GrpcLogAppender: Wait interrupted by java.lang.InterruptedException
2024-03-05 10:11:42,036 [grpc-default-executor-4] INFO  server.GrpcServerProtocolService (GrpcServerProtocolService.java:lambda$onCompleted$5(159)) - 40c6403c-e697-43dc-b480-ae867bb88e33: Completed APPEND_ENTRIES, lastReply: null
2024-03-05 10:11:42,036 [e7233910-62be-434d-8b50-630853f02a3c@group-993DCF1EDE54-StateMachineUpdater] INFO  ratis.ContainerStateMachine (ContainerStateMachine.java:takeSnapshot(355)) - group-993DCF1EDE54: Taking a snapshot at:(t:1, i:0) file /home/runner/work/ozone/ozone/hadoop-ozone/integration-test/target/test-dir/MiniOzoneClusterImpl-58322414-df67-4d64-942a-a0d9644003f2/ozone-meta/datanode-8/ratis/b1db25c2-65ad-4f77-bb39-993dcf1ede54/sm/snapshot.1_0
2024-03-05 10:11:42,044 [grpc-default-executor-0] INFO  server.GrpcServerProtocolService (GrpcServerProtocolService.java:onCompleted(157)) - deb5d253-51cb-42bf-a345-825603079b10: Completed APPEND_ENTRIES, lastRequest: null
2024-03-05 10:11:42,044 [71f4d41d-0e43-455a-af57-6dee494bca18-impl-thread2] INFO  impl.PendingRequests (PendingRequests.java:sendNotLeaderResponses(289)) - 71f4d41d-0e43-455a-af57-6dee494bca18@group-AB97D73B6EC3-PendingRequests: sendNotLeaderResponses
2024-03-05 10:11:42,045 [grpc-default-executor-3] INFO  server.GrpcLogAppender (GrpcLogAppender.java:onCompleted(546)) - e7233910-62be-434d-8b50-630853f02a3c@group-993DCF1EDE54->aca6fe57-e7fe-4059-8fc7-aad793183b33-AppendLogResponseHandler: follower responses appendEntries COMPLETED
2024-03-05 10:11:42,039 [Thread-4530] INFO  server.GrpcServerProtocolClient (GrpcServerProtocolClient.java:close(103)) - 96c5040e-cdea-4ff5-b94a-979666270d21 Close channels
2024-03-05 10:11:42,039 [Thread-4524] INFO  server.GrpcServerProtocolClient (GrpcServerProtocolClient.java:close(103)) - 40c6403c-e697-43dc-b480-ae867bb88e33 Close channels
2024-03-05 10:11:42,039 [main] INFO  server.GrpcService (GrpcService.java:closeImpl(320)) - 76f60663-9351-4c92-a037-8f3a190b5659: shutdown server GrpcServerProtocolService successfully
2024-03-05 10:11:42,046 [main] INFO  server.GrpcService (GrpcService.java:closeImpl(311)) - 76f60663-9351-4c92-a037-8f3a190b5659: shutdown server org.apache.ratis.grpc.server.GrpcAdminProtocolService now
2024-03-05 10:11:42,036 [grpc-default-executor-2] INFO  server.GrpcServerProtocolService (GrpcServerProtocolService.java:lambda$onCompleted$5(159)) - deb5d253-51cb-42bf-a345-825603079b10: Completed APPEND_ENTRIES, lastReply: null
2024-03-05 10:11:42,046 [71f4d41d-0e43-455a-af57-6dee494bca18-impl-thread2] INFO  impl.StateMachineUpdater (StateMachineUpdater.java:stopAndJoin(157)) - 71f4d41d-0e43-455a-af57-6dee494bca18@group-AB97D73B6EC3-StateMachineUpdater: set stopIndex = 0
2024-03-05 10:11:42,047 [71f4d41d-0e43-455a-af57-6dee494bca18@group-AB97D73B6EC3-StateMachineUpdater] INFO  ratis.ContainerStateMachine (ContainerStateMachine.java:takeSnapshot(355)) - group-AB97D73B6EC3: Taking a snapshot at:(t:1, i:0) file /home/runner/work/ozone/ozone/hadoop-ozone/integration-test/target/test-dir/MiniOzoneClusterImpl-58322414-df67-4d64-942a-a0d9644003f2/ozone-meta/datanode-3/ratis/055c12ea-da00-423a-b21b-ab97d73b6ec3/sm/snapshot.1_0
2024-03-05 10:11:42,045 [grpc-default-executor-3] WARN  server.GrpcLogAppender (GrpcLogAppender.java:resetClient(226)) - e7233910-62be-434d-8b50-630853f02a3c@group-993DCF1EDE54->aca6fe57-e7fe-4059-8fc7-aad793183b33-GrpcLogAppender: Failed to getClient for aca6fe57-e7fe-4059-8fc7-aad793183b33
org.apache.ratis.protocol.exceptions.AlreadyClosedException: e7233910-62be-434d-8b50-630853f02a3c is already CLOSED
	at org.apache.ratis.util.PeerProxyMap$PeerAndProxy.getProxy(PeerProxyMap.java:65)
	at org.apache.ratis.util.PeerProxyMap.getProxy(PeerProxyMap.java:114)
	at org.apache.ratis.grpc.server.GrpcLogAppender.getClient(GrpcLogAppender.java:196)
	at org.apache.ratis.grpc.server.GrpcLogAppender.resetClient(GrpcLogAppender.java:201)
	at org.apache.ratis.grpc.server.GrpcLogAppender.access$800(GrpcLogAppender.java:62)
	at org.apache.ratis.grpc.server.GrpcLogAppender$AppendLogResponseHandler.onCompleted(GrpcLogAppender.java:547)
	at org.apache.ratis.thirdparty.io.grpc.stub.ClientCalls$StreamObserverToCallListenerAdapter.onClose(ClientCalls.java:479)
	at org.apache.ratis.thirdparty.io.grpc.internal.DelayedClientCall$DelayedListener$3.run(DelayedClientCall.java:489)
	at org.apache.ratis.thirdparty.io.grpc.internal.DelayedClientCall$DelayedListener.delayOrExecute(DelayedClientCall.java:453)
	at org.apache.ratis.thirdparty.io.grpc.internal.DelayedClientCall$DelayedListener.onClose(DelayedClientCall.java:486)
	at org.apache.ratis.thirdparty.io.grpc.internal.ClientCallImpl.closeObserver(ClientCallImpl.java:567)
	at org.apache.ratis.thirdparty.io.grpc.internal.ClientCallImpl.access$300(ClientCallImpl.java:71)
	at org.apache.ratis.thirdparty.io.grpc.internal.ClientCallImpl$ClientStreamListenerImpl$1StreamClosed.runInternal(ClientCallImpl.java:735)
	at org.apache.ratis.thirdparty.io.grpc.internal.ClientCallImpl$ClientStreamListenerImpl$1StreamClosed.runInContext(ClientCallImpl.java:716)
	at org.apache.ratis.thirdparty.io.grpc.internal.ContextRunnable.run(ContextRunnable.java:37)
	at org.apache.ratis.thirdparty.io.grpc.internal.SerializingExecutor.run(SerializingExecutor.java:133)
	at java.util.concurrent.ThreadPoolExecutor.runWorker(ThreadPoolExecutor.java:1149)
	at java.util.concurrent.ThreadPoolExecutor$Worker.run(ThreadPoolExecutor.java:624)
	at java.lang.Thread.run(Thread.java:750)
2024-03-05 10:11:42,045 [76f60663-9351-4c92-a037-8f3a190b5659@group-F3A3BFA84EC7-StateMachineUpdater] INFO  ratis.ContainerStateMachine (ContainerStateMachine.java:takeSnapshot(366)) - group-F3A3BFA84EC7: Finished taking a snapshot at:(t:1, i:0) file:/home/runner/work/ozone/ozone/hadoop-ozone/integration-test/target/test-dir/MiniOzoneClusterImpl-58322414-df67-4d64-942a-a0d9644003f2/ozone-meta/datanode-6/ratis/cca8b0cd-9cc6-4a71-babf-f3a3bfa84ec7/sm/snapshot.1_0 took: 10 ms
2024-03-05 10:11:42,047 [76f60663-9351-4c92-a037-8f3a190b5659@group-F3A3BFA84EC7-StateMachineUpdater] INFO  impl.StateMachineUpdater (StateMachineUpdater.java:takeSnapshot(295)) - 76f60663-9351-4c92-a037-8f3a190b5659@group-F3A3BFA84EC7-StateMachineUpdater: Took a snapshot at index 0
2024-03-05 10:11:42,047 [76f60663-9351-4c92-a037-8f3a190b5659@group-F3A3BFA84EC7-StateMachineUpdater] INFO  impl.StateMachineUpdater (StateMachineUpdater.java:lambda$new$0(98)) - 76f60663-9351-4c92-a037-8f3a190b5659@group-F3A3BFA84EC7-StateMachineUpdater: snapshotIndex: updateIncreasingly -1 -> 0
2024-03-05 10:11:42,047 [71f4d41d-0e43-455a-af57-6dee494bca18@group-AB97D73B6EC3-StateMachineUpdater] INFO  ratis.ContainerStateMachine (ContainerStateMachine.java:takeSnapshot(366)) - group-AB97D73B6EC3: Finished taking a snapshot at:(t:1, i:0) file:/home/runner/work/ozone/ozone/hadoop-ozone/integration-test/target/test-dir/MiniOzoneClusterImpl-58322414-df67-4d64-942a-a0d9644003f2/ozone-meta/datanode-3/ratis/055c12ea-da00-423a-b21b-ab97d73b6ec3/sm/snapshot.1_0 took: 0 ms
2024-03-05 10:11:42,047 [71f4d41d-0e43-455a-af57-6dee494bca18@group-AB97D73B6EC3-StateMachineUpdater] INFO  impl.StateMachineUpdater (StateMachineUpdater.java:takeSnapshot(295)) - 71f4d41d-0e43-455a-af57-6dee494bca18@group-AB97D73B6EC3-StateMachineUpdater: Took a snapshot at index 0
2024-03-05 10:11:42,047 [71f4d41d-0e43-455a-af57-6dee494bca18@group-AB97D73B6EC3-StateMachineUpdater] INFO  impl.StateMachineUpdater (StateMachineUpdater.java:lambda$new$0(98)) - 71f4d41d-0e43-455a-af57-6dee494bca18@group-AB97D73B6EC3-StateMachineUpdater: snapshotIndex: updateIncreasingly -1 -> 0
2024-03-05 10:11:42,047 [76f60663-9351-4c92-a037-8f3a190b5659-impl-thread1] INFO  server.RaftServer$Division (ServerState.java:close(427)) - 76f60663-9351-4c92-a037-8f3a190b5659@group-F3A3BFA84EC7: applyIndex: 0
2024-03-05 10:11:42,047 [71f4d41d-0e43-455a-af57-6dee494bca18-impl-thread2] INFO  server.RaftServer$Division (ServerState.java:close(427)) - 71f4d41d-0e43-455a-af57-6dee494bca18@group-AB97D73B6EC3: applyIndex: 0
2024-03-05 10:11:42,045 [grpc-default-executor-0] INFO  server.GrpcServerProtocolService (GrpcServerProtocolService.java:lambda$onCompleted$5(159)) - deb5d253-51cb-42bf-a345-825603079b10: Completed APPEND_ENTRIES, lastReply: serverReply {
  requestorId: "e7233910-62be-434d-8b50-630853f02a3c"
  replyId: "deb5d253-51cb-42bf-a345-825603079b10"
  raftGroupId {
    id: "\261\333%\302e\255Ow\2739\231=\317\036\336T"
  }
  callId: 7
  success: true
}
term: 1
nextIndex: 1
matchIndex: 18446744073709551615
isHearbeat: true

2024-03-05 10:11:42,045 [grpc-default-executor-4] INFO  server.GrpcLogAppender (GrpcLogAppender.java:onCompleted(546)) - 71f4d41d-0e43-455a-af57-6dee494bca18@group-AB97D73B6EC3->40c6403c-e697-43dc-b480-ae867bb88e33-AppendLogResponseHandler: follower responses appendEntries COMPLETED
2024-03-05 10:11:42,048 [grpc-default-executor-4] WARN  server.GrpcLogAppender (GrpcLogAppender.java:resetClient(226)) - 71f4d41d-0e43-455a-af57-6dee494bca18@group-AB97D73B6EC3->40c6403c-e697-43dc-b480-ae867bb88e33-GrpcLogAppender: Failed to getClient for 40c6403c-e697-43dc-b480-ae867bb88e33
org.apache.ratis.protocol.exceptions.AlreadyClosedException: 71f4d41d-0e43-455a-af57-6dee494bca18 is already CLOSED
	at org.apache.ratis.util.PeerProxyMap$PeerAndProxy.getProxy(PeerProxyMap.java:65)
	at org.apache.ratis.util.PeerProxyMap.getProxy(PeerProxyMap.java:114)
	at org.apache.ratis.grpc.server.GrpcLogAppender.getClient(GrpcLogAppender.java:196)
	at org.apache.ratis.grpc.server.GrpcLogAppender.resetClient(GrpcLogAppender.java:201)
	at org.apache.ratis.grpc.server.GrpcLogAppender.access$800(GrpcLogAppender.java:62)
	at org.apache.ratis.grpc.server.GrpcLogAppender$AppendLogResponseHandler.onCompleted(GrpcLogAppender.java:547)
	at org.apache.ratis.thirdparty.io.grpc.stub.ClientCalls$StreamObserverToCallListenerAdapter.onClose(ClientCalls.java:479)
	at org.apache.ratis.thirdparty.io.grpc.internal.ClientCallImpl.closeObserver(ClientCallImpl.java:567)
	at org.apache.ratis.thirdparty.io.grpc.internal.ClientCallImpl.access$300(ClientCallImpl.java:71)
	at org.apache.ratis.thirdparty.io.grpc.internal.ClientCallImpl$ClientStreamListenerImpl$1StreamClosed.runInternal(ClientCallImpl.java:735)
	at org.apache.ratis.thirdparty.io.grpc.internal.ClientCallImpl$ClientStreamListenerImpl$1StreamClosed.runInContext(ClientCallImpl.java:716)
	at org.apache.ratis.thirdparty.io.grpc.internal.ContextRunnable.run(ContextRunnable.java:37)
	at org.apache.ratis.thirdparty.io.grpc.internal.SerializingExecutor.run(SerializingExecutor.java:133)
	at java.util.concurrent.ThreadPoolExecutor.runWorker(ThreadPoolExecutor.java:1149)
	at java.util.concurrent.ThreadPoolExecutor$Worker.run(ThreadPoolExecutor.java:624)
	at java.lang.Thread.run(Thread.java:750)
2024-03-05 10:11:42,045 [grpc-default-executor-6] INFO  server.GrpcLogAppender (GrpcLogAppender.java:onCompleted(546)) - e7233910-62be-434d-8b50-630853f02a3c@group-993DCF1EDE54->aca6fe57-e7fe-4059-8fc7-aad793183b33-AppendLogResponseHandler: follower responses appendEntries COMPLETED
2024-03-05 10:11:42,049 [grpc-default-executor-6] WARN  server.GrpcLogAppender (GrpcLogAppender.java:resetClient(226)) - e7233910-62be-434d-8b50-630853f02a3c@group-993DCF1EDE54->aca6fe57-e7fe-4059-8fc7-aad793183b33-GrpcLogAppender: Failed to getClient for aca6fe57-e7fe-4059-8fc7-aad793183b33
org.apache.ratis.protocol.exceptions.AlreadyClosedException: e7233910-62be-434d-8b50-630853f02a3c is already CLOSED
	at org.apache.ratis.util.PeerProxyMap$PeerAndProxy.getProxy(PeerProxyMap.java:65)
	at org.apache.ratis.util.PeerProxyMap.getProxy(PeerProxyMap.java:114)
	at org.apache.ratis.grpc.server.GrpcLogAppender.getClient(GrpcLogAppender.java:196)
	at org.apache.ratis.grpc.server.GrpcLogAppender.resetClient(GrpcLogAppender.java:201)
	at org.apache.ratis.grpc.server.GrpcLogAppender.access$800(GrpcLogAppender.java:62)
	at org.apache.ratis.grpc.server.GrpcLogAppender$AppendLogResponseHandler.onCompleted(GrpcLogAppender.java:547)
	at org.apache.ratis.thirdparty.io.grpc.stub.ClientCalls$StreamObserverToCallListenerAdapter.onClose(ClientCalls.java:479)
	at org.apache.ratis.thirdparty.io.grpc.internal.ClientCallImpl.closeObserver(ClientCallImpl.java:567)
	at org.apache.ratis.thirdparty.io.grpc.internal.ClientCallImpl.access$300(ClientCallImpl.java:71)
	at org.apache.ratis.thirdparty.io.grpc.internal.ClientCallImpl$ClientStreamListenerImpl$1StreamClosed.runInternal(ClientCallImpl.java:735)
	at org.apache.ratis.thirdparty.io.grpc.internal.ClientCallImpl$ClientStreamListenerImpl$1StreamClosed.runInContext(ClientCallImpl.java:716)
	at org.apache.ratis.thirdparty.io.grpc.internal.ContextRunnable.run(ContextRunnable.java:37)
	at org.apache.ratis.thirdparty.io.grpc.internal.SerializingExecutor.run(SerializingExecutor.java:133)
	at java.util.concurrent.ThreadPoolExecutor.runWorker(ThreadPoolExecutor.java:1149)
	at java.util.concurrent.ThreadPoolExecutor$Worker.run(ThreadPoolExecutor.java:624)
	at java.lang.Thread.run(Thread.java:750)
2024-03-05 10:11:42,045 [e7233910-62be-434d-8b50-630853f02a3c@group-993DCF1EDE54-StateMachineUpdater] INFO  ratis.ContainerStateMachine (ContainerStateMachine.java:takeSnapshot(366)) - group-993DCF1EDE54: Finished taking a snapshot at:(t:1, i:0) file:/home/runner/work/ozone/ozone/hadoop-ozone/integration-test/target/test-dir/MiniOzoneClusterImpl-58322414-df67-4d64-942a-a0d9644003f2/ozone-meta/datanode-8/ratis/b1db25c2-65ad-4f77-bb39-993dcf1ede54/sm/snapshot.1_0 took: 9 ms
2024-03-05 10:11:42,049 [e7233910-62be-434d-8b50-630853f02a3c@group-993DCF1EDE54-StateMachineUpdater] INFO  impl.StateMachineUpdater (StateMachineUpdater.java:takeSnapshot(295)) - e7233910-62be-434d-8b50-630853f02a3c@group-993DCF1EDE54-StateMachineUpdater: Took a snapshot at index 0
2024-03-05 10:11:42,049 [e7233910-62be-434d-8b50-630853f02a3c@group-993DCF1EDE54-StateMachineUpdater] INFO  impl.StateMachineUpdater (StateMachineUpdater.java:lambda$new$0(98)) - e7233910-62be-434d-8b50-630853f02a3c@group-993DCF1EDE54-StateMachineUpdater: snapshotIndex: updateIncreasingly -1 -> 0
2024-03-05 10:11:42,049 [e7233910-62be-434d-8b50-630853f02a3c-impl-thread2] INFO  server.RaftServer$Division (ServerState.java:close(427)) - e7233910-62be-434d-8b50-630853f02a3c@group-993DCF1EDE54: applyIndex: 0
2024-03-05 10:11:42,050 [main] INFO  server.GrpcService (GrpcService.java:closeImpl(320)) - 76f60663-9351-4c92-a037-8f3a190b5659: shutdown server org.apache.ratis.grpc.server.GrpcAdminProtocolService successfully
2024-03-05 10:11:42,051 [e7233910-62be-434d-8b50-630853f02a3c@group-993DCF1EDE54-cacheEviction-AwaitToRun] INFO  util.AwaitToRun (AwaitToRun.java:run(49)) - e7233910-62be-434d-8b50-630853f02a3c@group-993DCF1EDE54-cacheEviction-AwaitToRun-AwaitForSignal is interrupted
2024-03-05 10:11:42,051 [76f60663-9351-4c92-a037-8f3a190b5659@group-F3A3BFA84EC7-cacheEviction-AwaitToRun] INFO  util.AwaitToRun (AwaitToRun.java:run(49)) - 76f60663-9351-4c92-a037-8f3a190b5659@group-F3A3BFA84EC7-cacheEviction-AwaitToRun-AwaitForSignal is interrupted
2024-03-05 10:11:42,051 [71f4d41d-0e43-455a-af57-6dee494bca18@group-AB97D73B6EC3-cacheEviction-AwaitToRun] INFO  util.AwaitToRun (AwaitToRun.java:run(49)) - 71f4d41d-0e43-455a-af57-6dee494bca18@group-AB97D73B6EC3-cacheEviction-AwaitToRun-AwaitForSignal is interrupted
2024-03-05 10:11:42,051 [grpc-default-executor-5] INFO  server.GrpcServerProtocolService (GrpcServerProtocolService.java:onCompleted(157)) - 96c5040e-cdea-4ff5-b94a-979666270d21: Completed APPEND_ENTRIES, lastRequest: null
2024-03-05 10:11:42,052 [grpc-default-executor-6] INFO  server.GrpcLogAppender (GrpcLogAppender.java:onCompleted(546)) - 71f4d41d-0e43-455a-af57-6dee494bca18@group-AB97D73B6EC3->40c6403c-e697-43dc-b480-ae867bb88e33-AppendLogResponseHandler: follower responses appendEntries COMPLETED
2024-03-05 10:11:42,052 [grpc-default-executor-6] WARN  server.GrpcLogAppender (GrpcLogAppender.java:resetClient(226)) - 71f4d41d-0e43-455a-af57-6dee494bca18@group-AB97D73B6EC3->40c6403c-e697-43dc-b480-ae867bb88e33-GrpcLogAppender: Failed to getClient for 40c6403c-e697-43dc-b480-ae867bb88e33
org.apache.ratis.protocol.exceptions.AlreadyClosedException: 71f4d41d-0e43-455a-af57-6dee494bca18 is already CLOSED
	at org.apache.ratis.util.PeerProxyMap$PeerAndProxy.getProxy(PeerProxyMap.java:65)
	at org.apache.ratis.util.PeerProxyMap.getProxy(PeerProxyMap.java:114)
	at org.apache.ratis.grpc.server.GrpcLogAppender.getClient(GrpcLogAppender.java:196)
	at org.apache.ratis.grpc.server.GrpcLogAppender.resetClient(GrpcLogAppender.java:201)
	at org.apache.ratis.grpc.server.GrpcLogAppender.access$800(GrpcLogAppender.java:62)
	at org.apache.ratis.grpc.server.GrpcLogAppender$AppendLogResponseHandler.onCompleted(GrpcLogAppender.java:547)
	at org.apache.ratis.thirdparty.io.grpc.stub.ClientCalls$StreamObserverToCallListenerAdapter.onClose(ClientCalls.java:479)
	at org.apache.ratis.thirdparty.io.grpc.internal.ClientCallImpl.closeObserver(ClientCallImpl.java:567)
	at org.apache.ratis.thirdparty.io.grpc.internal.ClientCallImpl.access$300(ClientCallImpl.java:71)
	at org.apache.ratis.thirdparty.io.grpc.internal.ClientCallImpl$ClientStreamListenerImpl$1StreamClosed.runInternal(ClientCallImpl.java:735)
	at org.apache.ratis.thirdparty.io.grpc.internal.ClientCallImpl$ClientStreamListenerImpl$1StreamClosed.runInContext(ClientCallImpl.java:716)
	at org.apache.ratis.thirdparty.io.grpc.internal.ContextRunnable.run(ContextRunnable.java:37)
	at org.apache.ratis.thirdparty.io.grpc.internal.SerializingExecutor.run(SerializingExecutor.java:133)
	at java.util.concurrent.ThreadPoolExecutor.runWorker(ThreadPoolExecutor.java:1149)
	at java.util.concurrent.ThreadPoolExecutor$Worker.run(ThreadPoolExecutor.java:624)
	at java.lang.Thread.run(Thread.java:750)
2024-03-05 10:11:42,053 [grpc-default-executor-7] INFO  server.GrpcServerProtocolService (GrpcServerProtocolService.java:onCompleted(157)) - 96c5040e-cdea-4ff5-b94a-979666270d21: Completed APPEND_ENTRIES, lastRequest: 71f4d41d-0e43-455a-af57-6dee494bca18->96c5040e-cdea-4ff5-b94a-979666270d21#1-t1,previous=(t:0, i:0),leaderCommit=-1,initializing? false,entries: size=1, first=(t:1, i:0), CONFIGURATIONENTRY(current:id: "40c6403c-e697-43dc-b480-ae867bb88e33"
address: "10.1.0.29:15290"
dataStreamAddress: "10.1.0.29:15291"
clientAddress: "10.1.0.29:15288"
adminAddress: "10.1.0.29:15289"
startupRole: FOLLOWER
,id: "96c5040e-cdea-4ff5-b94a-979666270d21"
address: "10.1.0.29:15281"
dataStreamAddress: "10.1.0.29:15282"
clientAddress: "10.1.0.29:15279"
adminAddress: "10.1.0.29:15280"
startupRole: FOLLOWER
,id: "71f4d41d-0e43-455a-af57-6dee494bca18"
address: "10.1.0.29:15299"
priority: 1
dataStreamAddress: "10.1.0.29:15300"
clientAddress: "10.1.0.29:15297"
adminAddress: "10.1.0.29:15298"
startupRole: FOLLOWER
, old:)
2024-03-05 10:11:42,061 [grpc-default-executor-7] INFO  server.GrpcServerProtocolService (GrpcServerProtocolService.java:lambda$onCompleted$5(159)) - 96c5040e-cdea-4ff5-b94a-979666270d21: Completed APPEND_ENTRIES, lastReply: null
2024-03-05 10:11:42,053 [grpc-default-executor-5] INFO  server.GrpcServerProtocolService (GrpcServerProtocolService.java:lambda$onCompleted$5(159)) - 96c5040e-cdea-4ff5-b94a-979666270d21: Completed APPEND_ENTRIES, lastReply: serverReply {
  requestorId: "71f4d41d-0e43-455a-af57-6dee494bca18"
  replyId: "96c5040e-cdea-4ff5-b94a-979666270d21"
  raftGroupId {
    id: "\005\\\022\352\332\000B:\262\033\253\227\327;n\303"
  }
  callId: 8
  success: true
}
term: 1
nextIndex: 1
matchIndex: 18446744073709551615
isHearbeat: true

2024-03-05 10:11:42,052 [ForkJoinPool.commonPool-worker-5] INFO  server.GrpcService (GrpcService.java:closeImpl(320)) - e7233910-62be-434d-8b50-630853f02a3c: shutdown server org.apache.ratis.grpc.server.GrpcClientProtocolService successfully
2024-03-05 10:11:42,063 [ForkJoinPool.commonPool-worker-5] INFO  server.GrpcService (GrpcService.java:closeImpl(311)) - e7233910-62be-434d-8b50-630853f02a3c: shutdown server GrpcServerProtocolService now
2024-03-05 10:11:42,052 [grpc-default-executor-3] INFO  server.GrpcLogAppender (GrpcLogAppender.java:onCompleted(546)) - e7233910-62be-434d-8b50-630853f02a3c@group-993DCF1EDE54->deb5d253-51cb-42bf-a345-825603079b10-AppendLogResponseHandler: follower responses appendEntries COMPLETED
2024-03-05 10:11:42,052 [grpc-default-executor-0] INFO  server.GrpcLogAppender (GrpcLogAppender.java:onCompleted(546)) - e7233910-62be-434d-8b50-630853f02a3c@group-993DCF1EDE54->deb5d253-51cb-42bf-a345-825603079b10-AppendLogResponseHandler: follower responses appendEntries COMPLETED
2024-03-05 10:11:42,064 [grpc-default-executor-3] WARN  server.GrpcLogAppender (GrpcLogAppender.java:resetClient(226)) - e7233910-62be-434d-8b50-630853f02a3c@group-993DCF1EDE54->deb5d253-51cb-42bf-a345-825603079b10-GrpcLogAppender: Failed to getClient for deb5d253-51cb-42bf-a345-825603079b10
org.apache.ratis.protocol.exceptions.AlreadyClosedException: e7233910-62be-434d-8b50-630853f02a3c is already CLOSED
	at org.apache.ratis.util.PeerProxyMap$PeerAndProxy.getProxy(PeerProxyMap.java:65)
	at org.apache.ratis.util.PeerProxyMap.getProxy(PeerProxyMap.java:114)
	at org.apache.ratis.grpc.server.GrpcLogAppender.getClient(GrpcLogAppender.java:196)
	at org.apache.ratis.grpc.server.GrpcLogAppender.resetClient(GrpcLogAppender.java:201)
	at org.apache.ratis.grpc.server.GrpcLogAppender.access$800(GrpcLogAppender.java:62)
	at org.apache.ratis.grpc.server.GrpcLogAppender$AppendLogResponseHandler.onCompleted(GrpcLogAppender.java:547)
	at org.apache.ratis.thirdparty.io.grpc.stub.ClientCalls$StreamObserverToCallListenerAdapter.onClose(ClientCalls.java:479)
	at org.apache.ratis.thirdparty.io.grpc.internal.ClientCallImpl.closeObserver(ClientCallImpl.java:567)
	at org.apache.ratis.thirdparty.io.grpc.internal.ClientCallImpl.access$300(ClientCallImpl.java:71)
	at org.apache.ratis.thirdparty.io.grpc.internal.ClientCallImpl$ClientStreamListenerImpl$1StreamClosed.runInternal(ClientCallImpl.java:735)
	at org.apache.ratis.thirdparty.io.grpc.internal.ClientCallImpl$ClientStreamListenerImpl$1StreamClosed.runInContext(ClientCallImpl.java:716)
	at org.apache.ratis.thirdparty.io.grpc.internal.ContextRunnable.run(ContextRunnable.java:37)
	at org.apache.ratis.thirdparty.io.grpc.internal.SerializingExecutor.run(SerializingExecutor.java:133)
	at java.util.concurrent.ThreadPoolExecutor.runWorker(ThreadPoolExecutor.java:1149)
	at java.util.concurrent.ThreadPoolExecutor$Worker.run(ThreadPoolExecutor.java:624)
	at java.lang.Thread.run(Thread.java:750)
2024-03-05 10:11:42,063 [ForkJoinPool.commonPool-worker-6] INFO  ozoneimpl.OzoneContainer (OzoneContainer.java:stop(481)) - Attempting to stop container services.
2024-03-05 10:11:42,063 [ForkJoinPool.commonPool-worker-7] INFO  ozoneimpl.OzoneContainer (OzoneContainer.java:stop(481)) - Attempting to stop container services.
2024-03-05 10:11:42,063 [grpc-default-executor-7] INFO  server.GrpcLogAppender (GrpcLogAppender.java:onCompleted(546)) - 71f4d41d-0e43-455a-af57-6dee494bca18@group-AB97D73B6EC3->96c5040e-cdea-4ff5-b94a-979666270d21-AppendLogResponseHandler: follower responses appendEntries COMPLETED
2024-03-05 10:11:42,064 [grpc-default-executor-7] WARN  server.GrpcLogAppender (GrpcLogAppender.java:resetClient(226)) - 71f4d41d-0e43-455a-af57-6dee494bca18@group-AB97D73B6EC3->96c5040e-cdea-4ff5-b94a-979666270d21-GrpcLogAppender: Failed to getClient for 96c5040e-cdea-4ff5-b94a-979666270d21
org.apache.ratis.protocol.exceptions.AlreadyClosedException: 71f4d41d-0e43-455a-af57-6dee494bca18 is already CLOSED
	at org.apache.ratis.util.PeerProxyMap$PeerAndProxy.getProxy(PeerProxyMap.java:65)
	at org.apache.ratis.util.PeerProxyMap.getProxy(PeerProxyMap.java:114)
	at org.apache.ratis.grpc.server.GrpcLogAppender.getClient(GrpcLogAppender.java:196)
	at org.apache.ratis.grpc.server.GrpcLogAppender.resetClient(GrpcLogAppender.java:201)
	at org.apache.ratis.grpc.server.GrpcLogAppender.access$800(GrpcLogAppender.java:62)
	at org.apache.ratis.grpc.server.GrpcLogAppender$AppendLogResponseHandler.onCompleted(GrpcLogAppender.java:547)
	at org.apache.ratis.thirdparty.io.grpc.stub.ClientCalls$StreamObserverToCallListenerAdapter.onClose(ClientCalls.java:479)
	at org.apache.ratis.thirdparty.io.grpc.internal.DelayedClientCall$DelayedListener$3.run(DelayedClientCall.java:489)
	at org.apache.ratis.thirdparty.io.grpc.internal.DelayedClientCall$DelayedListener.delayOrExecute(DelayedClientCall.java:453)
	at org.apache.ratis.thirdparty.io.grpc.internal.DelayedClientCall$DelayedListener.onClose(DelayedClientCall.java:486)
	at org.apache.ratis.thirdparty.io.grpc.internal.ClientCallImpl.closeObserver(ClientCallImpl.java:567)
	at org.apache.ratis.thirdparty.io.grpc.internal.ClientCallImpl.access$300(ClientCallImpl.java:71)
	at org.apache.ratis.thirdparty.io.grpc.internal.ClientCallImpl$ClientStreamListenerImpl$1StreamClosed.runInternal(ClientCallImpl.java:735)
	at org.apache.ratis.thirdparty.io.grpc.internal.ClientCallImpl$ClientStreamListenerImpl$1StreamClosed.runInContext(ClientCallImpl.java:716)
	at org.apache.ratis.thirdparty.io.grpc.internal.ContextRunnable.run(ContextRunnable.java:37)
	at org.apache.ratis.thirdparty.io.grpc.internal.SerializingExecutor.run(SerializingExecutor.java:133)
	at java.util.concurrent.ThreadPoolExecutor.runWorker(ThreadPoolExecutor.java:1149)
	at java.util.concurrent.ThreadPoolExecutor$Worker.run(ThreadPoolExecutor.java:624)
	at java.lang.Thread.run(Thread.java:750)
2024-03-05 10:11:42,065 [ForkJoinPool.commonPool-worker-7] INFO  server.RaftServer (RaftServerProxy.java:lambda$close$9(416)) - 40c6403c-e697-43dc-b480-ae867bb88e33: close
2024-03-05 10:11:42,064 [ForkJoinPool.commonPool-worker-6] INFO  server.RaftServer (RaftServerProxy.java:lambda$close$9(416)) - e31e7e37-3da5-4192-a08f-644192942d08: close
2024-03-05 10:11:42,064 [grpc-default-executor-0] WARN  server.GrpcLogAppender (GrpcLogAppender.java:resetClient(226)) - e7233910-62be-434d-8b50-630853f02a3c@group-993DCF1EDE54->deb5d253-51cb-42bf-a345-825603079b10-GrpcLogAppender: Failed to getClient for deb5d253-51cb-42bf-a345-825603079b10
org.apache.ratis.protocol.exceptions.AlreadyClosedException: e7233910-62be-434d-8b50-630853f02a3c is already CLOSED
	at org.apache.ratis.util.PeerProxyMap$PeerAndProxy.getProxy(PeerProxyMap.java:65)
	at org.apache.ratis.util.PeerProxyMap.getProxy(PeerProxyMap.java:114)
	at org.apache.ratis.grpc.server.GrpcLogAppender.getClient(GrpcLogAppender.java:196)
	at org.apache.ratis.grpc.server.GrpcLogAppender.resetClient(GrpcLogAppender.java:201)
	at org.apache.ratis.grpc.server.GrpcLogAppender.access$800(GrpcLogAppender.java:62)
	at org.apache.ratis.grpc.server.GrpcLogAppender$AppendLogResponseHandler.onCompleted(GrpcLogAppender.java:547)
	at org.apache.ratis.thirdparty.io.grpc.stub.ClientCalls$StreamObserverToCallListenerAdapter.onClose(ClientCalls.java:479)
	at org.apache.ratis.thirdparty.io.grpc.internal.ClientCallImpl.closeObserver(ClientCallImpl.java:567)
	at org.apache.ratis.thirdparty.io.grpc.internal.ClientCallImpl.access$300(ClientCallImpl.java:71)
	at org.apache.ratis.thirdparty.io.grpc.internal.ClientCallImpl$ClientStreamListenerImpl$1StreamClosed.runInternal(ClientCallImpl.java:735)
	at org.apache.ratis.thirdparty.io.grpc.internal.ClientCallImpl$ClientStreamListenerImpl$1StreamClosed.runInContext(ClientCallImpl.java:716)
	at org.apache.ratis.thirdparty.io.grpc.internal.ContextRunnable.run(ContextRunnable.java:37)
	at org.apache.ratis.thirdparty.io.grpc.internal.SerializingExecutor.run(SerializingExecutor.java:133)
	at java.util.concurrent.ThreadPoolExecutor.runWorker(ThreadPoolExecutor.java:1149)
	at java.util.concurrent.ThreadPoolExecutor$Worker.run(ThreadPoolExecutor.java:624)
	at java.lang.Thread.run(Thread.java:750)
2024-03-05 10:11:42,065 [grpc-default-executor-0] INFO  server.GrpcLogAppender (GrpcLogAppender.java:onCompleted(546)) - 71f4d41d-0e43-455a-af57-6dee494bca18@group-AB97D73B6EC3->96c5040e-cdea-4ff5-b94a-979666270d21-AppendLogResponseHandler: follower responses appendEntries COMPLETED
2024-03-05 10:11:42,065 [grpc-default-executor-0] WARN  server.GrpcLogAppender (GrpcLogAppender.java:resetClient(226)) - 71f4d41d-0e43-455a-af57-6dee494bca18@group-AB97D73B6EC3->96c5040e-cdea-4ff5-b94a-979666270d21-GrpcLogAppender: Failed to getClient for 96c5040e-cdea-4ff5-b94a-979666270d21
org.apache.ratis.protocol.exceptions.AlreadyClosedException: 71f4d41d-0e43-455a-af57-6dee494bca18 is already CLOSED
	at org.apache.ratis.util.PeerProxyMap$PeerAndProxy.getProxy(PeerProxyMap.java:65)
	at org.apache.ratis.util.PeerProxyMap.getProxy(PeerProxyMap.java:114)
	at org.apache.ratis.grpc.server.GrpcLogAppender.getClient(GrpcLogAppender.java:196)
	at org.apache.ratis.grpc.server.GrpcLogAppender.resetClient(GrpcLogAppender.java:201)
	at org.apache.ratis.grpc.server.GrpcLogAppender.access$800(GrpcLogAppender.java:62)
	at org.apache.ratis.grpc.server.GrpcLogAppender$AppendLogResponseHandler.onCompleted(GrpcLogAppender.java:547)
	at org.apache.ratis.thirdparty.io.grpc.stub.ClientCalls$StreamObserverToCallListenerAdapter.onClose(ClientCalls.java:479)
	at org.apache.ratis.thirdparty.io.grpc.internal.ClientCallImpl.closeObserver(ClientCallImpl.java:567)
	at org.apache.ratis.thirdparty.io.grpc.internal.ClientCallImpl.access$300(ClientCallImpl.java:71)
	at org.apache.ratis.thirdparty.io.grpc.internal.ClientCallImpl$ClientStreamListenerImpl$1StreamClosed.runInternal(ClientCallImpl.java:735)
	at org.apache.ratis.thirdparty.io.grpc.internal.ClientCallImpl$ClientStreamListenerImpl$1StreamClosed.runInContext(ClientCallImpl.java:716)
	at org.apache.ratis.thirdparty.io.grpc.internal.ContextRunnable.run(ContextRunnable.java:37)
	at org.apache.ratis.thirdparty.io.grpc.internal.SerializingExecutor.run(SerializingExecutor.java:133)
	at java.util.concurrent.ThreadPoolExecutor.runWorker(ThreadPoolExecutor.java:1149)
	at java.util.concurrent.ThreadPoolExecutor$Worker.run(ThreadPoolExecutor.java:624)
	at java.lang.Thread.run(Thread.java:750)
2024-03-05 10:11:42,070 [40c6403c-e697-43dc-b480-ae867bb88e33-impl-thread1] INFO  server.RaftServer$Division (RaftServerImpl.java:lambda$close$3(526)) - 40c6403c-e697-43dc-b480-ae867bb88e33@group-7D51CCF26F14: shutdown
2024-03-05 10:11:42,070 [ForkJoinPool.commonPool-worker-6] INFO  server.GrpcService (GrpcService.java:closeImpl(311)) - e31e7e37-3da5-4192-a08f-644192942d08: shutdown server org.apache.ratis.grpc.server.GrpcClientProtocolService now
2024-03-05 10:11:42,070 [e31e7e37-3da5-4192-a08f-644192942d08-impl-thread2] INFO  server.RaftServer$Division (RaftServerImpl.java:lambda$close$3(526)) - e31e7e37-3da5-4192-a08f-644192942d08@group-ECC2E6AC77D1: shutdown
2024-03-05 10:11:42,070 [40c6403c-e697-43dc-b480-ae867bb88e33-impl-thread1] INFO  util.JmxRegister (JmxRegister.java:unregister(73)) - Successfully un-registered JMX Bean with object name Ratis:service=RaftServer,group=group-7D51CCF26F14,id=40c6403c-e697-43dc-b480-ae867bb88e33
2024-03-05 10:11:42,070 [40c6403c-e697-43dc-b480-ae867bb88e33-impl-thread1] INFO  impl.RoleInfo (RoleInfo.java:shutdownLeaderState(94)) - 40c6403c-e697-43dc-b480-ae867bb88e33: shutdown 40c6403c-e697-43dc-b480-ae867bb88e33@group-7D51CCF26F14-LeaderStateImpl
2024-03-05 10:11:42,070 [e31e7e37-3da5-4192-a08f-644192942d08-impl-thread1] INFO  server.RaftServer$Division (RaftServerImpl.java:lambda$close$3(526)) - e31e7e37-3da5-4192-a08f-644192942d08@group-F3A3BFA84EC7: shutdown
2024-03-05 10:11:42,070 [e31e7e37-3da5-4192-a08f-644192942d08-impl-thread1] INFO  util.JmxRegister (JmxRegister.java:unregister(73)) - Successfully un-registered JMX Bean with object name Ratis:service=RaftServer,group=group-F3A3BFA84EC7,id=e31e7e37-3da5-4192-a08f-644192942d08
2024-03-05 10:11:42,070 [e31e7e37-3da5-4192-a08f-644192942d08-impl-thread1] INFO  impl.RoleInfo (RoleInfo.java:shutdownFollowerState(110)) - e31e7e37-3da5-4192-a08f-644192942d08: shutdown e31e7e37-3da5-4192-a08f-644192942d08@group-F3A3BFA84EC7-FollowerState
2024-03-05 10:11:42,070 [40c6403c-e697-43dc-b480-ae867bb88e33-impl-thread1] INFO  impl.PendingRequests (PendingRequests.java:sendNotLeaderResponses(289)) - 40c6403c-e697-43dc-b480-ae867bb88e33@group-7D51CCF26F14-PendingRequests: sendNotLeaderResponses
2024-03-05 10:11:42,070 [e31e7e37-3da5-4192-a08f-644192942d08-impl-thread2] INFO  util.JmxRegister (JmxRegister.java:unregister(73)) - Successfully un-registered JMX Bean with object name Ratis:service=RaftServer,group=group-ECC2E6AC77D1,id=e31e7e37-3da5-4192-a08f-644192942d08
2024-03-05 10:11:42,070 [e31e7e37-3da5-4192-a08f-644192942d08-impl-thread2] INFO  impl.RoleInfo (RoleInfo.java:shutdownLeaderState(94)) - e31e7e37-3da5-4192-a08f-644192942d08: shutdown e31e7e37-3da5-4192-a08f-644192942d08@group-ECC2E6AC77D1-LeaderStateImpl
2024-03-05 10:11:42,070 [e31e7e37-3da5-4192-a08f-644192942d08-impl-thread2] INFO  impl.PendingRequests (PendingRequests.java:sendNotLeaderResponses(289)) - e31e7e37-3da5-4192-a08f-644192942d08@group-ECC2E6AC77D1-PendingRequests: sendNotLeaderResponses
2024-03-05 10:11:42,070 [40c6403c-e697-43dc-b480-ae867bb88e33-impl-thread1] INFO  impl.StateMachineUpdater (StateMachineUpdater.java:stopAndJoin(157)) - 40c6403c-e697-43dc-b480-ae867bb88e33@group-7D51CCF26F14-StateMachineUpdater: set stopIndex = 0
2024-03-05 10:11:42,071 [40c6403c-e697-43dc-b480-ae867bb88e33@group-7D51CCF26F14-StateMachineUpdater] INFO  ratis.ContainerStateMachine (ContainerStateMachine.java:takeSnapshot(355)) - group-7D51CCF26F14: Taking a snapshot at:(t:1, i:0) file /home/runner/work/ozone/ozone/hadoop-ozone/integration-test/target/test-dir/MiniOzoneClusterImpl-58322414-df67-4d64-942a-a0d9644003f2/ozone-meta/datanode-2/ratis/569d738e-aa16-4ece-aa4f-7d51ccf26f14/sm/snapshot.1_0
2024-03-05 10:11:42,071 [e31e7e37-3da5-4192-a08f-644192942d08-impl-thread2] INFO  impl.StateMachineUpdater (StateMachineUpdater.java:stopAndJoin(157)) - e31e7e37-3da5-4192-a08f-644192942d08@group-ECC2E6AC77D1-StateMachineUpdater: set stopIndex = 0
2024-03-05 10:11:42,071 [e31e7e37-3da5-4192-a08f-644192942d08@group-ECC2E6AC77D1-StateMachineUpdater] INFO  ratis.ContainerStateMachine (ContainerStateMachine.java:takeSnapshot(355)) - group-ECC2E6AC77D1: Taking a snapshot at:(t:1, i:0) file /home/runner/work/ozone/ozone/hadoop-ozone/integration-test/target/test-dir/MiniOzoneClusterImpl-58322414-df67-4d64-942a-a0d9644003f2/ozone-meta/datanode-5/ratis/6433912d-c48a-4f98-8238-ecc2e6ac77d1/sm/snapshot.1_0
2024-03-05 10:11:42,071 [40c6403c-e697-43dc-b480-ae867bb88e33@group-7D51CCF26F14-StateMachineUpdater] INFO  ratis.ContainerStateMachine (ContainerStateMachine.java:takeSnapshot(366)) - group-7D51CCF26F14: Finished taking a snapshot at:(t:1, i:0) file:/home/runner/work/ozone/ozone/hadoop-ozone/integration-test/target/test-dir/MiniOzoneClusterImpl-58322414-df67-4d64-942a-a0d9644003f2/ozone-meta/datanode-2/ratis/569d738e-aa16-4ece-aa4f-7d51ccf26f14/sm/snapshot.1_0 took: 0 ms
2024-03-05 10:11:42,071 [40c6403c-e697-43dc-b480-ae867bb88e33@group-7D51CCF26F14-StateMachineUpdater] INFO  impl.StateMachineUpdater (StateMachineUpdater.java:takeSnapshot(295)) - 40c6403c-e697-43dc-b480-ae867bb88e33@group-7D51CCF26F14-StateMachineUpdater: Took a snapshot at index 0
2024-03-05 10:11:42,071 [40c6403c-e697-43dc-b480-ae867bb88e33@group-7D51CCF26F14-StateMachineUpdater] INFO  impl.StateMachineUpdater (StateMachineUpdater.java:lambda$new$0(98)) - 40c6403c-e697-43dc-b480-ae867bb88e33@group-7D51CCF26F14-StateMachineUpdater: snapshotIndex: updateIncreasingly -1 -> 0
2024-03-05 10:11:42,072 [40c6403c-e697-43dc-b480-ae867bb88e33-impl-thread1] INFO  server.RaftServer$Division (ServerState.java:close(427)) - 40c6403c-e697-43dc-b480-ae867bb88e33@group-7D51CCF26F14: applyIndex: 0
2024-03-05 10:11:42,072 [e31e7e37-3da5-4192-a08f-644192942d08@group-ECC2E6AC77D1-StateMachineUpdater] INFO  ratis.ContainerStateMachine (ContainerStateMachine.java:takeSnapshot(366)) - group-ECC2E6AC77D1: Finished taking a snapshot at:(t:1, i:0) file:/home/runner/work/ozone/ozone/hadoop-ozone/integration-test/target/test-dir/MiniOzoneClusterImpl-58322414-df67-4d64-942a-a0d9644003f2/ozone-meta/datanode-5/ratis/6433912d-c48a-4f98-8238-ecc2e6ac77d1/sm/snapshot.1_0 took: 1 ms
2024-03-05 10:11:42,072 [e31e7e37-3da5-4192-a08f-644192942d08@group-ECC2E6AC77D1-StateMachineUpdater] INFO  impl.StateMachineUpdater (StateMachineUpdater.java:takeSnapshot(295)) - e31e7e37-3da5-4192-a08f-644192942d08@group-ECC2E6AC77D1-StateMachineUpdater: Took a snapshot at index 0
2024-03-05 10:11:42,072 [e31e7e37-3da5-4192-a08f-644192942d08@group-ECC2E6AC77D1-StateMachineUpdater] INFO  impl.StateMachineUpdater (StateMachineUpdater.java:lambda$new$0(98)) - e31e7e37-3da5-4192-a08f-644192942d08@group-ECC2E6AC77D1-StateMachineUpdater: snapshotIndex: updateIncreasingly -1 -> 0
2024-03-05 10:11:42,072 [e31e7e37-3da5-4192-a08f-644192942d08-impl-thread2] INFO  server.RaftServer$Division (ServerState.java:close(427)) - e31e7e37-3da5-4192-a08f-644192942d08@group-ECC2E6AC77D1: applyIndex: 0
2024-03-05 10:11:42,077 [e31e7e37-3da5-4192-a08f-644192942d08@group-ECC2E6AC77D1-cacheEviction-AwaitToRun] INFO  util.AwaitToRun (AwaitToRun.java:run(49)) - e31e7e37-3da5-4192-a08f-644192942d08@group-ECC2E6AC77D1-cacheEviction-AwaitToRun-AwaitForSignal is interrupted
2024-03-05 10:11:42,077 [40c6403c-e697-43dc-b480-ae867bb88e33@group-7D51CCF26F14-cacheEviction-AwaitToRun] INFO  util.AwaitToRun (AwaitToRun.java:run(49)) - 40c6403c-e697-43dc-b480-ae867bb88e33@group-7D51CCF26F14-cacheEviction-AwaitToRun-AwaitForSignal is interrupted
2024-03-05 10:11:42,081 [ForkJoinPool.commonPool-worker-4] INFO  server.GrpcService (GrpcService.java:closeImpl(320)) - 71f4d41d-0e43-455a-af57-6dee494bca18: shutdown server org.apache.ratis.grpc.server.GrpcClientProtocolService successfully
2024-03-05 10:11:42,082 [ForkJoinPool.commonPool-worker-4] INFO  server.GrpcService (GrpcService.java:closeImpl(311)) - 71f4d41d-0e43-455a-af57-6dee494bca18: shutdown server GrpcServerProtocolService now
2024-03-05 10:11:42,082 [ForkJoinPool.commonPool-worker-7] INFO  server.GrpcService (GrpcService.java:closeImpl(311)) - 40c6403c-e697-43dc-b480-ae867bb88e33: shutdown server org.apache.ratis.grpc.server.GrpcClientProtocolService now
2024-03-05 10:11:42,078 [e31e7e37-3da5-4192-a08f-644192942d08@group-F3A3BFA84EC7-StateMachineUpdater] INFO  ratis.ContainerStateMachine (ContainerStateMachine.java:takeSnapshot(355)) - group-F3A3BFA84EC7: Taking a snapshot at:(t:1, i:0) file /home/runner/work/ozone/ozone/hadoop-ozone/integration-test/target/test-dir/MiniOzoneClusterImpl-58322414-df67-4d64-942a-a0d9644003f2/ozone-meta/datanode-5/ratis/cca8b0cd-9cc6-4a71-babf-f3a3bfa84ec7/sm/snapshot.1_0
2024-03-05 10:11:42,078 [e31e7e37-3da5-4192-a08f-644192942d08@group-F3A3BFA84EC7-FollowerState] INFO  impl.FollowerState (FollowerState.java:run(152)) - e31e7e37-3da5-4192-a08f-644192942d08@group-F3A3BFA84EC7-FollowerState was interrupted
2024-03-05 10:11:42,078 [e31e7e37-3da5-4192-a08f-644192942d08-impl-thread1] INFO  impl.StateMachineUpdater (StateMachineUpdater.java:stopAndJoin(157)) - e31e7e37-3da5-4192-a08f-644192942d08@group-F3A3BFA84EC7-StateMachineUpdater: set stopIndex = 0
2024-03-05 10:11:42,083 [e31e7e37-3da5-4192-a08f-644192942d08@group-F3A3BFA84EC7-StateMachineUpdater] INFO  ratis.ContainerStateMachine (ContainerStateMachine.java:takeSnapshot(366)) - group-F3A3BFA84EC7: Finished taking a snapshot at:(t:1, i:0) file:/home/runner/work/ozone/ozone/hadoop-ozone/integration-test/target/test-dir/MiniOzoneClusterImpl-58322414-df67-4d64-942a-a0d9644003f2/ozone-meta/datanode-5/ratis/cca8b0cd-9cc6-4a71-babf-f3a3bfa84ec7/sm/snapshot.1_0 took: 5 ms
2024-03-05 10:11:42,083 [ForkJoinPool.commonPool-worker-6] INFO  server.GrpcService (GrpcService.java:closeImpl(320)) - e31e7e37-3da5-4192-a08f-644192942d08: shutdown server org.apache.ratis.grpc.server.GrpcClientProtocolService successfully
2024-03-05 10:11:42,083 [ForkJoinPool.commonPool-worker-6] INFO  server.GrpcService (GrpcService.java:closeImpl(311)) - e31e7e37-3da5-4192-a08f-644192942d08: shutdown server GrpcServerProtocolService now
2024-03-05 10:11:42,083 [ForkJoinPool.commonPool-worker-5] INFO  server.GrpcService (GrpcService.java:closeImpl(320)) - e7233910-62be-434d-8b50-630853f02a3c: shutdown server GrpcServerProtocolService successfully
2024-03-05 10:11:42,083 [ForkJoinPool.commonPool-worker-5] INFO  server.GrpcService (GrpcService.java:closeImpl(311)) - e7233910-62be-434d-8b50-630853f02a3c: shutdown server org.apache.ratis.grpc.server.GrpcAdminProtocolService now
2024-03-05 10:11:42,083 [e31e7e37-3da5-4192-a08f-644192942d08@group-F3A3BFA84EC7-StateMachineUpdater] INFO  impl.StateMachineUpdater (StateMachineUpdater.java:takeSnapshot(295)) - e31e7e37-3da5-4192-a08f-644192942d08@group-F3A3BFA84EC7-StateMachineUpdater: Took a snapshot at index 0
2024-03-05 10:11:42,084 [e31e7e37-3da5-4192-a08f-644192942d08@group-F3A3BFA84EC7-StateMachineUpdater] INFO  impl.StateMachineUpdater (StateMachineUpdater.java:lambda$new$0(98)) - e31e7e37-3da5-4192-a08f-644192942d08@group-F3A3BFA84EC7-StateMachineUpdater: snapshotIndex: updateIncreasingly -1 -> 0
2024-03-05 10:11:42,084 [40c6403c-e697-43dc-b480-ae867bb88e33-impl-thread2] INFO  server.RaftServer$Division (RaftServerImpl.java:lambda$close$3(526)) - 40c6403c-e697-43dc-b480-ae867bb88e33@group-AB97D73B6EC3: shutdown
2024-03-05 10:11:42,084 [40c6403c-e697-43dc-b480-ae867bb88e33-impl-thread2] INFO  util.JmxRegister (JmxRegister.java:unregister(73)) - Successfully un-registered JMX Bean with object name Ratis:service=RaftServer,group=group-AB97D73B6EC3,id=40c6403c-e697-43dc-b480-ae867bb88e33
2024-03-05 10:11:42,084 [40c6403c-e697-43dc-b480-ae867bb88e33-impl-thread2] INFO  impl.RoleInfo (RoleInfo.java:shutdownFollowerState(110)) - 40c6403c-e697-43dc-b480-ae867bb88e33: shutdown 40c6403c-e697-43dc-b480-ae867bb88e33@group-AB97D73B6EC3-FollowerState
2024-03-05 10:11:42,084 [e31e7e37-3da5-4192-a08f-644192942d08-impl-thread1] INFO  server.RaftServer$Division (ServerState.java:close(427)) - e31e7e37-3da5-4192-a08f-644192942d08@group-F3A3BFA84EC7: applyIndex: 0
2024-03-05 10:11:42,084 [40c6403c-e697-43dc-b480-ae867bb88e33-impl-thread2] INFO  impl.StateMachineUpdater (StateMachineUpdater.java:stopAndJoin(157)) - 40c6403c-e697-43dc-b480-ae867bb88e33@group-AB97D73B6EC3-StateMachineUpdater: set stopIndex = 0
2024-03-05 10:11:42,085 [40c6403c-e697-43dc-b480-ae867bb88e33@group-AB97D73B6EC3-FollowerState] INFO  impl.FollowerState (FollowerState.java:run(152)) - 40c6403c-e697-43dc-b480-ae867bb88e33@group-AB97D73B6EC3-FollowerState was interrupted
2024-03-05 10:11:42,085 [40c6403c-e697-43dc-b480-ae867bb88e33@group-AB97D73B6EC3-StateMachineUpdater] INFO  ratis.ContainerStateMachine (ContainerStateMachine.java:takeSnapshot(355)) - group-AB97D73B6EC3: Taking a snapshot at:(t:1, i:0) file /home/runner/work/ozone/ozone/hadoop-ozone/integration-test/target/test-dir/MiniOzoneClusterImpl-58322414-df67-4d64-942a-a0d9644003f2/ozone-meta/datanode-2/ratis/055c12ea-da00-423a-b21b-ab97d73b6ec3/sm/snapshot.1_0
2024-03-05 10:11:42,085 [e31e7e37-3da5-4192-a08f-644192942d08@group-F3A3BFA84EC7-cacheEviction-AwaitToRun] INFO  util.AwaitToRun (AwaitToRun.java:run(49)) - e31e7e37-3da5-4192-a08f-644192942d08@group-F3A3BFA84EC7-cacheEviction-AwaitToRun-AwaitForSignal is interrupted
2024-03-05 10:11:42,086 [grpc-default-executor-7] WARN  server.GrpcServerProtocolService (LogUtils.java:warn(121)) - e31e7e37-3da5-4192-a08f-644192942d08: APPEND_ENTRIES onError, lastRequest: d931d63e-dd15-4e6c-a722-a504b4f57030->e31e7e37-3da5-4192-a08f-644192942d08#1-t1,previous=(t:0, i:0),leaderCommit=-1,initializing? false,entries: size=1, first=(t:1, i:0), CONFIGURATIONENTRY(current:id: "76f60663-9351-4c92-a037-8f3a190b5659"
address: "10.1.0.29:15326"
dataStreamAddress: "10.1.0.29:15327"
clientAddress: "10.1.0.29:15324"
adminAddress: "10.1.0.29:15325"
startupRole: FOLLOWER
,id: "d931d63e-dd15-4e6c-a722-a504b4f57030"
address: "10.1.0.29:15308"
priority: 1
dataStreamAddress: "10.1.0.29:15309"
clientAddress: "10.1.0.29:15306"
adminAddress: "10.1.0.29:15307"
startupRole: FOLLOWER
,id: "e31e7e37-3da5-4192-a08f-644192942d08"
address: "10.1.0.29:15317"
dataStreamAddress: "10.1.0.29:15318"
clientAddress: "10.1.0.29:15315"
adminAddress: "10.1.0.29:15316"
startupRole: FOLLOWER
, old:): org.apache.ratis.thirdparty.io.grpc.StatusRuntimeException: CANCELLED: client cancelled
2024-03-05 10:11:42,086 [40c6403c-e697-43dc-b480-ae867bb88e33@group-AB97D73B6EC3-StateMachineUpdater] INFO  ratis.ContainerStateMachine (ContainerStateMachine.java:takeSnapshot(366)) - group-AB97D73B6EC3: Finished taking a snapshot at:(t:1, i:0) file:/home/runner/work/ozone/ozone/hadoop-ozone/integration-test/target/test-dir/MiniOzoneClusterImpl-58322414-df67-4d64-942a-a0d9644003f2/ozone-meta/datanode-2/ratis/055c12ea-da00-423a-b21b-ab97d73b6ec3/sm/snapshot.1_0 took: 1 ms
2024-03-05 10:11:42,086 [40c6403c-e697-43dc-b480-ae867bb88e33@group-AB97D73B6EC3-StateMachineUpdater] INFO  impl.StateMachineUpdater (StateMachineUpdater.java:takeSnapshot(295)) - 40c6403c-e697-43dc-b480-ae867bb88e33@group-AB97D73B6EC3-StateMachineUpdater: Took a snapshot at index 0
2024-03-05 10:11:42,086 [40c6403c-e697-43dc-b480-ae867bb88e33@group-AB97D73B6EC3-StateMachineUpdater] INFO  impl.StateMachineUpdater (StateMachineUpdater.java:lambda$new$0(98)) - 40c6403c-e697-43dc-b480-ae867bb88e33@group-AB97D73B6EC3-StateMachineUpdater: snapshotIndex: updateIncreasingly -1 -> 0
2024-03-05 10:11:42,086 [40c6403c-e697-43dc-b480-ae867bb88e33-impl-thread2] INFO  server.RaftServer$Division (ServerState.java:close(427)) - 40c6403c-e697-43dc-b480-ae867bb88e33@group-AB97D73B6EC3: applyIndex: 0
2024-03-05 10:11:42,086 [grpc-default-executor-0] WARN  server.GrpcLogAppender (LogUtils.java:warn(121)) - d931d63e-dd15-4e6c-a722-a504b4f57030@group-F3A3BFA84EC7->e31e7e37-3da5-4192-a08f-644192942d08-AppendLogResponseHandler: Failed appendEntries: org.apache.ratis.thirdparty.io.grpc.StatusRuntimeException: CANCELLED: RST_STREAM closed stream. HTTP/2 error code: CANCEL
2024-03-05 10:11:42,086 [grpc-default-executor-0] WARN  server.GrpcLogAppender (GrpcLogAppender.java:lambda$resetClient$1(217)) - d931d63e-dd15-4e6c-a722-a504b4f57030@group-F3A3BFA84EC7->e31e7e37-3da5-4192-a08f-644192942d08-GrpcLogAppender: Follower failed (request=null, errorCount=1); keep nextIndex (1) unchanged and retry.
2024-03-05 10:11:42,088 [ForkJoinPool.commonPool-worker-7] INFO  server.GrpcService (GrpcService.java:closeImpl(320)) - 40c6403c-e697-43dc-b480-ae867bb88e33: shutdown server org.apache.ratis.grpc.server.GrpcClientProtocolService successfully
2024-03-05 10:11:42,088 [ForkJoinPool.commonPool-worker-7] INFO  server.GrpcService (GrpcService.java:closeImpl(311)) - 40c6403c-e697-43dc-b480-ae867bb88e33: shutdown server GrpcServerProtocolService now
2024-03-05 10:11:42,088 [grpc-default-executor-7] WARN  server.GrpcServerProtocolService (LogUtils.java:warn(121)) - e31e7e37-3da5-4192-a08f-644192942d08: APPEND_ENTRIES onError, lastRequest: null: org.apache.ratis.thirdparty.io.grpc.StatusRuntimeException: CANCELLED: client cancelled
2024-03-05 10:11:42,093 [ForkJoinPool.commonPool-worker-4] INFO  server.GrpcService (GrpcService.java:closeImpl(320)) - 71f4d41d-0e43-455a-af57-6dee494bca18: shutdown server GrpcServerProtocolService successfully
2024-03-05 10:11:42,094 [ForkJoinPool.commonPool-worker-4] INFO  server.GrpcService (GrpcService.java:closeImpl(311)) - 71f4d41d-0e43-455a-af57-6dee494bca18: shutdown server org.apache.ratis.grpc.server.GrpcAdminProtocolService now
2024-03-05 10:11:42,094 [ForkJoinPool.commonPool-worker-4] INFO  server.GrpcService (GrpcService.java:closeImpl(320)) - 71f4d41d-0e43-455a-af57-6dee494bca18: shutdown server org.apache.ratis.grpc.server.GrpcAdminProtocolService successfully
2024-03-05 10:11:42,095 [ForkJoinPool.commonPool-worker-5] INFO  server.GrpcService (GrpcService.java:closeImpl(320)) - e7233910-62be-434d-8b50-630853f02a3c: shutdown server org.apache.ratis.grpc.server.GrpcAdminProtocolService successfully
2024-03-05 10:11:42,099 [40c6403c-e697-43dc-b480-ae867bb88e33@group-AB97D73B6EC3-cacheEviction-AwaitToRun] INFO  util.AwaitToRun (AwaitToRun.java:run(49)) - 40c6403c-e697-43dc-b480-ae867bb88e33@group-AB97D73B6EC3-cacheEviction-AwaitToRun-AwaitForSignal is interrupted
2024-03-05 10:11:42,099 [ForkJoinPool.commonPool-worker-0] INFO  ozoneimpl.OzoneContainer (OzoneContainer.java:stop(481)) - Attempting to stop container services.
2024-03-05 10:11:42,099 [ForkJoinPool.commonPool-worker-0] INFO  server.RaftServer (RaftServerProxy.java:lambda$close$9(416)) - d931d63e-dd15-4e6c-a722-a504b4f57030: close
2024-03-05 10:11:42,100 [ForkJoinPool.commonPool-worker-7] INFO  server.GrpcService (GrpcService.java:closeImpl(320)) - 40c6403c-e697-43dc-b480-ae867bb88e33: shutdown server GrpcServerProtocolService successfully
2024-03-05 10:11:42,100 [ForkJoinPool.commonPool-worker-6] INFO  server.GrpcService (GrpcService.java:closeImpl(320)) - e31e7e37-3da5-4192-a08f-644192942d08: shutdown server GrpcServerProtocolService successfully
2024-03-05 10:11:42,101 [ForkJoinPool.commonPool-worker-6] INFO  server.GrpcService (GrpcService.java:closeImpl(311)) - e31e7e37-3da5-4192-a08f-644192942d08: shutdown server org.apache.ratis.grpc.server.GrpcAdminProtocolService now
2024-03-05 10:11:42,100 [ForkJoinPool.commonPool-worker-7] INFO  server.GrpcService (GrpcService.java:closeImpl(311)) - 40c6403c-e697-43dc-b480-ae867bb88e33: shutdown server org.apache.ratis.grpc.server.GrpcAdminProtocolService now
2024-03-05 10:11:42,101 [ForkJoinPool.commonPool-worker-6] INFO  server.GrpcService (GrpcService.java:closeImpl(320)) - e31e7e37-3da5-4192-a08f-644192942d08: shutdown server org.apache.ratis.grpc.server.GrpcAdminProtocolService successfully
2024-03-05 10:11:42,103 [ForkJoinPool.commonPool-worker-7] INFO  server.GrpcService (GrpcService.java:closeImpl(320)) - 40c6403c-e697-43dc-b480-ae867bb88e33: shutdown server org.apache.ratis.grpc.server.GrpcAdminProtocolService successfully
2024-03-05 10:11:42,104 [d931d63e-dd15-4e6c-a722-a504b4f57030-impl-thread1] INFO  server.RaftServer$Division (RaftServerImpl.java:lambda$close$3(526)) - d931d63e-dd15-4e6c-a722-a504b4f57030@group-F3A3BFA84EC7: shutdown
2024-03-05 10:11:42,104 [d931d63e-dd15-4e6c-a722-a504b4f57030-impl-thread1] INFO  util.JmxRegister (JmxRegister.java:unregister(73)) - Successfully un-registered JMX Bean with object name Ratis:service=RaftServer,group=group-F3A3BFA84EC7,id=d931d63e-dd15-4e6c-a722-a504b4f57030
2024-03-05 10:11:42,104 [d931d63e-dd15-4e6c-a722-a504b4f57030-impl-thread1] INFO  impl.RoleInfo (RoleInfo.java:shutdownLeaderState(94)) - d931d63e-dd15-4e6c-a722-a504b4f57030: shutdown d931d63e-dd15-4e6c-a722-a504b4f57030@group-F3A3BFA84EC7-LeaderStateImpl
2024-03-05 10:11:42,104 [ForkJoinPool.commonPool-worker-0] INFO  server.GrpcService (GrpcService.java:closeImpl(311)) - d931d63e-dd15-4e6c-a722-a504b4f57030: shutdown server org.apache.ratis.grpc.server.GrpcClientProtocolService now
2024-03-05 10:11:42,104 [d931d63e-dd15-4e6c-a722-a504b4f57030-impl-thread2] INFO  server.RaftServer$Division (RaftServerImpl.java:lambda$close$3(526)) - d931d63e-dd15-4e6c-a722-a504b4f57030@group-A1C468F92B51: shutdown
2024-03-05 10:11:42,106 [d931d63e-dd15-4e6c-a722-a504b4f57030-impl-thread2] INFO  util.JmxRegister (JmxRegister.java:unregister(73)) - Successfully un-registered JMX Bean with object name Ratis:service=RaftServer,group=group-A1C468F92B51,id=d931d63e-dd15-4e6c-a722-a504b4f57030
2024-03-05 10:11:42,106 [d931d63e-dd15-4e6c-a722-a504b4f57030-impl-thread2] INFO  impl.RoleInfo (RoleInfo.java:shutdownLeaderState(94)) - d931d63e-dd15-4e6c-a722-a504b4f57030: shutdown d931d63e-dd15-4e6c-a722-a504b4f57030@group-A1C468F92B51-LeaderStateImpl
2024-03-05 10:11:42,106 [Thread-4604] INFO  server.GrpcServerProtocolClient (GrpcServerProtocolClient.java:close(103)) - 76f60663-9351-4c92-a037-8f3a190b5659 Close channels
2024-03-05 10:11:42,106 [d931d63e-dd15-4e6c-a722-a504b4f57030-impl-thread2] INFO  impl.PendingRequests (PendingRequests.java:sendNotLeaderResponses(289)) - d931d63e-dd15-4e6c-a722-a504b4f57030@group-A1C468F92B51-PendingRequests: sendNotLeaderResponses
2024-03-05 10:11:42,107 [d931d63e-dd15-4e6c-a722-a504b4f57030-impl-thread2] INFO  impl.StateMachineUpdater (StateMachineUpdater.java:stopAndJoin(157)) - d931d63e-dd15-4e6c-a722-a504b4f57030@group-A1C468F92B51-StateMachineUpdater: set stopIndex = 0
2024-03-05 10:11:42,107 [d931d63e-dd15-4e6c-a722-a504b4f57030@group-A1C468F92B51-StateMachineUpdater] INFO  ratis.ContainerStateMachine (ContainerStateMachine.java:takeSnapshot(355)) - group-A1C468F92B51: Taking a snapshot at:(t:1, i:0) file /home/runner/work/ozone/ozone/hadoop-ozone/integration-test/target/test-dir/MiniOzoneClusterImpl-58322414-df67-4d64-942a-a0d9644003f2/ozone-meta/datanode-4/ratis/7c0c2088-2e84-41c8-966c-a1c468f92b51/sm/snapshot.1_0
2024-03-05 10:11:42,107 [d931d63e-dd15-4e6c-a722-a504b4f57030-impl-thread1] INFO  impl.PendingRequests (PendingRequests.java:sendNotLeaderResponses(289)) - d931d63e-dd15-4e6c-a722-a504b4f57030@group-F3A3BFA84EC7-PendingRequests: sendNotLeaderResponses
2024-03-05 10:11:42,107 [d931d63e-dd15-4e6c-a722-a504b4f57030@group-F3A3BFA84EC7->e31e7e37-3da5-4192-a08f-644192942d08-GrpcLogAppender-LogAppenderDaemon] WARN  server.GrpcLogAppender (GrpcLogAppender.java:mayWait(289)) - d931d63e-dd15-4e6c-a722-a504b4f57030@group-F3A3BFA84EC7->e31e7e37-3da5-4192-a08f-644192942d08-GrpcLogAppender: Wait interrupted by java.lang.InterruptedException
2024-03-05 10:11:42,108 [d931d63e-dd15-4e6c-a722-a504b4f57030@group-A1C468F92B51-StateMachineUpdater] INFO  ratis.ContainerStateMachine (ContainerStateMachine.java:takeSnapshot(366)) - group-A1C468F92B51: Finished taking a snapshot at:(t:1, i:0) file:/home/runner/work/ozone/ozone/hadoop-ozone/integration-test/target/test-dir/MiniOzoneClusterImpl-58322414-df67-4d64-942a-a0d9644003f2/ozone-meta/datanode-4/ratis/7c0c2088-2e84-41c8-966c-a1c468f92b51/sm/snapshot.1_0 took: 1 ms
2024-03-05 10:11:42,108 [d931d63e-dd15-4e6c-a722-a504b4f57030@group-A1C468F92B51-StateMachineUpdater] INFO  impl.StateMachineUpdater (StateMachineUpdater.java:takeSnapshot(295)) - d931d63e-dd15-4e6c-a722-a504b4f57030@group-A1C468F92B51-StateMachineUpdater: Took a snapshot at index 0
2024-03-05 10:11:42,108 [d931d63e-dd15-4e6c-a722-a504b4f57030@group-A1C468F92B51-StateMachineUpdater] INFO  impl.StateMachineUpdater (StateMachineUpdater.java:lambda$new$0(98)) - d931d63e-dd15-4e6c-a722-a504b4f57030@group-A1C468F92B51-StateMachineUpdater: snapshotIndex: updateIncreasingly -1 -> 0
2024-03-05 10:11:42,108 [Thread-4616] INFO  server.GrpcServerProtocolClient (GrpcServerProtocolClient.java:close(103)) - e31e7e37-3da5-4192-a08f-644192942d08 Close channels
2024-03-05 10:11:42,109 [ForkJoinPool.commonPool-worker-0] INFO  server.GrpcService (GrpcService.java:closeImpl(320)) - d931d63e-dd15-4e6c-a722-a504b4f57030: shutdown server org.apache.ratis.grpc.server.GrpcClientProtocolService successfully
2024-03-05 10:11:42,109 [ForkJoinPool.commonPool-worker-0] INFO  server.GrpcService (GrpcService.java:closeImpl(311)) - d931d63e-dd15-4e6c-a722-a504b4f57030: shutdown server GrpcServerProtocolService now
2024-03-05 10:11:42,110 [ForkJoinPool.commonPool-worker-0] INFO  server.GrpcService (GrpcService.java:closeImpl(320)) - d931d63e-dd15-4e6c-a722-a504b4f57030: shutdown server GrpcServerProtocolService successfully
2024-03-05 10:11:42,110 [ForkJoinPool.commonPool-worker-0] INFO  server.GrpcService (GrpcService.java:closeImpl(311)) - d931d63e-dd15-4e6c-a722-a504b4f57030: shutdown server org.apache.ratis.grpc.server.GrpcAdminProtocolService now
2024-03-05 10:11:42,110 [ForkJoinPool.commonPool-worker-0] INFO  server.GrpcService (GrpcService.java:closeImpl(320)) - d931d63e-dd15-4e6c-a722-a504b4f57030: shutdown server org.apache.ratis.grpc.server.GrpcAdminProtocolService successfully
2024-03-05 10:11:42,112 [d931d63e-dd15-4e6c-a722-a504b4f57030-NettyServerStreamRpc-bossGroup--thread1] INFO  logging.LoggingHandler (AbstractInternalLogger.java:log(148)) - [id: 0x94f6938d, L:/0.0.0.0:15309] CLOSE
2024-03-05 10:11:42,112 [d931d63e-dd15-4e6c-a722-a504b4f57030-NettyServerStreamRpc-bossGroup--thread1] INFO  logging.LoggingHandler (AbstractInternalLogger.java:log(148)) - [id: 0x94f6938d, L:/0.0.0.0:15309] INACTIVE
2024-03-05 10:11:42,112 [d931d63e-dd15-4e6c-a722-a504b4f57030-NettyServerStreamRpc-bossGroup--thread1] INFO  logging.LoggingHandler (AbstractInternalLogger.java:log(148)) - [id: 0x94f6938d, L:/0.0.0.0:15309] UNREGISTERED
2024-03-05 10:11:42,113 [d931d63e-dd15-4e6c-a722-a504b4f57030-impl-thread2] INFO  server.RaftServer$Division (ServerState.java:close(427)) - d931d63e-dd15-4e6c-a722-a504b4f57030@group-A1C468F92B51: applyIndex: 0
2024-03-05 10:11:42,114 [d931d63e-dd15-4e6c-a722-a504b4f57030@group-F3A3BFA84EC7->76f60663-9351-4c92-a037-8f3a190b5659-GrpcLogAppender-LogAppenderDaemon] WARN  server.GrpcLogAppender (GrpcLogAppender.java:mayWait(289)) - d931d63e-dd15-4e6c-a722-a504b4f57030@group-F3A3BFA84EC7->76f60663-9351-4c92-a037-8f3a190b5659-GrpcLogAppender: Wait interrupted by java.lang.InterruptedException
2024-03-05 10:11:42,115 [d931d63e-dd15-4e6c-a722-a504b4f57030-impl-thread1] INFO  impl.StateMachineUpdater (StateMachineUpdater.java:stopAndJoin(157)) - d931d63e-dd15-4e6c-a722-a504b4f57030@group-F3A3BFA84EC7-StateMachineUpdater: set stopIndex = 0
2024-03-05 10:11:42,115 [d931d63e-dd15-4e6c-a722-a504b4f57030@group-F3A3BFA84EC7-StateMachineUpdater] INFO  ratis.ContainerStateMachine (ContainerStateMachine.java:takeSnapshot(355)) - group-F3A3BFA84EC7: Taking a snapshot at:(t:1, i:0) file /home/runner/work/ozone/ozone/hadoop-ozone/integration-test/target/test-dir/MiniOzoneClusterImpl-58322414-df67-4d64-942a-a0d9644003f2/ozone-meta/datanode-4/ratis/cca8b0cd-9cc6-4a71-babf-f3a3bfa84ec7/sm/snapshot.1_0
2024-03-05 10:11:42,115 [d931d63e-dd15-4e6c-a722-a504b4f57030@group-F3A3BFA84EC7-StateMachineUpdater] INFO  ratis.ContainerStateMachine (ContainerStateMachine.java:takeSnapshot(366)) - group-F3A3BFA84EC7: Finished taking a snapshot at:(t:1, i:0) file:/home/runner/work/ozone/ozone/hadoop-ozone/integration-test/target/test-dir/MiniOzoneClusterImpl-58322414-df67-4d64-942a-a0d9644003f2/ozone-meta/datanode-4/ratis/cca8b0cd-9cc6-4a71-babf-f3a3bfa84ec7/sm/snapshot.1_0 took: 0 ms
2024-03-05 10:11:42,115 [d931d63e-dd15-4e6c-a722-a504b4f57030@group-F3A3BFA84EC7-StateMachineUpdater] INFO  impl.StateMachineUpdater (StateMachineUpdater.java:takeSnapshot(295)) - d931d63e-dd15-4e6c-a722-a504b4f57030@group-F3A3BFA84EC7-StateMachineUpdater: Took a snapshot at index 0
2024-03-05 10:11:42,115 [d931d63e-dd15-4e6c-a722-a504b4f57030@group-F3A3BFA84EC7-StateMachineUpdater] INFO  impl.StateMachineUpdater (StateMachineUpdater.java:lambda$new$0(98)) - d931d63e-dd15-4e6c-a722-a504b4f57030@group-F3A3BFA84EC7-StateMachineUpdater: snapshotIndex: updateIncreasingly -1 -> 0
2024-03-05 10:11:42,116 [d931d63e-dd15-4e6c-a722-a504b4f57030-impl-thread1] INFO  server.RaftServer$Division (ServerState.java:close(427)) - d931d63e-dd15-4e6c-a722-a504b4f57030@group-F3A3BFA84EC7: applyIndex: 0
2024-03-05 10:11:42,116 [d931d63e-dd15-4e6c-a722-a504b4f57030@group-F3A3BFA84EC7-cacheEviction-AwaitToRun] INFO  util.AwaitToRun (AwaitToRun.java:run(49)) - d931d63e-dd15-4e6c-a722-a504b4f57030@group-F3A3BFA84EC7-cacheEviction-AwaitToRun-AwaitForSignal is interrupted
2024-03-05 10:11:42,117 [ForkJoinPool.commonPool-worker-3] INFO  ozoneimpl.OzoneContainer (OzoneContainer.java:stop(481)) - Attempting to stop container services.
2024-03-05 10:11:42,117 [ForkJoinPool.commonPool-worker-1] INFO  ozoneimpl.OzoneContainer (OzoneContainer.java:stop(481)) - Attempting to stop container services.
2024-03-05 10:11:42,117 [ForkJoinPool.commonPool-worker-3] INFO  server.RaftServer (RaftServerProxy.java:lambda$close$9(416)) - 96c5040e-cdea-4ff5-b94a-979666270d21: close
2024-03-05 10:11:42,117 [ForkJoinPool.commonPool-worker-3] INFO  server.GrpcService (GrpcService.java:closeImpl(311)) - 96c5040e-cdea-4ff5-b94a-979666270d21: shutdown server org.apache.ratis.grpc.server.GrpcClientProtocolService now
2024-03-05 10:11:42,117 [ForkJoinPool.commonPool-worker-1] INFO  server.RaftServer (RaftServerProxy.java:lambda$close$9(416)) - aca6fe57-e7fe-4059-8fc7-aad793183b33: close
2024-03-05 10:11:42,118 [aca6fe57-e7fe-4059-8fc7-aad793183b33-impl-thread1] INFO  server.RaftServer$Division (RaftServerImpl.java:lambda$close$3(526)) - aca6fe57-e7fe-4059-8fc7-aad793183b33@group-C9EB3D273E82: shutdown
2024-03-05 10:11:42,118 [ForkJoinPool.commonPool-worker-1] INFO  server.GrpcService (GrpcService.java:closeImpl(311)) - aca6fe57-e7fe-4059-8fc7-aad793183b33: shutdown server org.apache.ratis.grpc.server.GrpcClientProtocolService now
2024-03-05 10:11:42,118 [aca6fe57-e7fe-4059-8fc7-aad793183b33-impl-thread1] INFO  util.JmxRegister (JmxRegister.java:unregister(73)) - Successfully un-registered JMX Bean with object name Ratis:service=RaftServer,group=group-C9EB3D273E82,id=aca6fe57-e7fe-4059-8fc7-aad793183b33
2024-03-05 10:11:42,118 [aca6fe57-e7fe-4059-8fc7-aad793183b33-impl-thread1] INFO  impl.RoleInfo (RoleInfo.java:shutdownLeaderState(94)) - aca6fe57-e7fe-4059-8fc7-aad793183b33: shutdown aca6fe57-e7fe-4059-8fc7-aad793183b33@group-C9EB3D273E82-LeaderStateImpl
2024-03-05 10:11:42,118 [aca6fe57-e7fe-4059-8fc7-aad793183b33-impl-thread1] INFO  impl.PendingRequests (PendingRequests.java:sendNotLeaderResponses(289)) - aca6fe57-e7fe-4059-8fc7-aad793183b33@group-C9EB3D273E82-PendingRequests: sendNotLeaderResponses
2024-03-05 10:11:42,118 [aca6fe57-e7fe-4059-8fc7-aad793183b33-impl-thread1] INFO  impl.StateMachineUpdater (StateMachineUpdater.java:stopAndJoin(157)) - aca6fe57-e7fe-4059-8fc7-aad793183b33@group-C9EB3D273E82-StateMachineUpdater: set stopIndex = 0
2024-03-05 10:11:42,118 [aca6fe57-e7fe-4059-8fc7-aad793183b33@group-C9EB3D273E82-StateMachineUpdater] INFO  ratis.ContainerStateMachine (ContainerStateMachine.java:takeSnapshot(355)) - group-C9EB3D273E82: Taking a snapshot at:(t:1, i:0) file /home/runner/work/ozone/ozone/hadoop-ozone/integration-test/target/test-dir/MiniOzoneClusterImpl-58322414-df67-4d64-942a-a0d9644003f2/ozone-meta/datanode-7/ratis/69e01a9d-2717-4b02-afb1-c9eb3d273e82/sm/snapshot.1_0
2024-03-05 10:11:42,119 [aca6fe57-e7fe-4059-8fc7-aad793183b33@group-C9EB3D273E82-StateMachineUpdater] INFO  ratis.ContainerStateMachine (ContainerStateMachine.java:takeSnapshot(366)) - group-C9EB3D273E82: Finished taking a snapshot at:(t:1, i:0) file:/home/runner/work/ozone/ozone/hadoop-ozone/integration-test/target/test-dir/MiniOzoneClusterImpl-58322414-df67-4d64-942a-a0d9644003f2/ozone-meta/datanode-7/ratis/69e01a9d-2717-4b02-afb1-c9eb3d273e82/sm/snapshot.1_0 took: 1 ms
2024-03-05 10:11:42,119 [aca6fe57-e7fe-4059-8fc7-aad793183b33@group-C9EB3D273E82-StateMachineUpdater] INFO  impl.StateMachineUpdater (StateMachineUpdater.java:takeSnapshot(295)) - aca6fe57-e7fe-4059-8fc7-aad793183b33@group-C9EB3D273E82-StateMachineUpdater: Took a snapshot at index 0
2024-03-05 10:11:42,119 [96c5040e-cdea-4ff5-b94a-979666270d21-impl-thread1] INFO  server.RaftServer$Division (RaftServerImpl.java:lambda$close$3(526)) - 96c5040e-cdea-4ff5-b94a-979666270d21@group-4213590EEDDB: shutdown
2024-03-05 10:11:42,119 [aca6fe57-e7fe-4059-8fc7-aad793183b33@group-C9EB3D273E82-StateMachineUpdater] INFO  impl.StateMachineUpdater (StateMachineUpdater.java:lambda$new$0(98)) - aca6fe57-e7fe-4059-8fc7-aad793183b33@group-C9EB3D273E82-StateMachineUpdater: snapshotIndex: updateIncreasingly -1 -> 0
2024-03-05 10:11:42,119 [d931d63e-dd15-4e6c-a722-a504b4f57030@group-A1C468F92B51-cacheEviction-AwaitToRun] INFO  util.AwaitToRun (AwaitToRun.java:run(49)) - d931d63e-dd15-4e6c-a722-a504b4f57030@group-A1C468F92B51-cacheEviction-AwaitToRun-AwaitForSignal is interrupted
2024-03-05 10:11:42,119 [96c5040e-cdea-4ff5-b94a-979666270d21-impl-thread1] INFO  util.JmxRegister (JmxRegister.java:unregister(73)) - Successfully un-registered JMX Bean with object name Ratis:service=RaftServer,group=group-4213590EEDDB,id=96c5040e-cdea-4ff5-b94a-979666270d21
2024-03-05 10:11:42,119 [96c5040e-cdea-4ff5-b94a-979666270d21-impl-thread1] INFO  impl.RoleInfo (RoleInfo.java:shutdownLeaderState(94)) - 96c5040e-cdea-4ff5-b94a-979666270d21: shutdown 96c5040e-cdea-4ff5-b94a-979666270d21@group-4213590EEDDB-LeaderStateImpl
2024-03-05 10:11:42,119 [96c5040e-cdea-4ff5-b94a-979666270d21-impl-thread1] INFO  impl.PendingRequests (PendingRequests.java:sendNotLeaderResponses(289)) - 96c5040e-cdea-4ff5-b94a-979666270d21@group-4213590EEDDB-PendingRequests: sendNotLeaderResponses
2024-03-05 10:11:42,119 [96c5040e-cdea-4ff5-b94a-979666270d21-impl-thread1] INFO  impl.StateMachineUpdater (StateMachineUpdater.java:stopAndJoin(157)) - 96c5040e-cdea-4ff5-b94a-979666270d21@group-4213590EEDDB-StateMachineUpdater: set stopIndex = 0
2024-03-05 10:11:42,120 [96c5040e-cdea-4ff5-b94a-979666270d21@group-4213590EEDDB-StateMachineUpdater] INFO  ratis.ContainerStateMachine (ContainerStateMachine.java:takeSnapshot(355)) - group-4213590EEDDB: Taking a snapshot at:(t:1, i:0) file /home/runner/work/ozone/ozone/hadoop-ozone/integration-test/target/test-dir/MiniOzoneClusterImpl-58322414-df67-4d64-942a-a0d9644003f2/ozone-meta/datanode-1/ratis/58322b97-ca47-4828-8efe-4213590eeddb/sm/snapshot.1_0
2024-03-05 10:11:42,120 [aca6fe57-e7fe-4059-8fc7-aad793183b33-impl-thread1] INFO  server.RaftServer$Division (ServerState.java:close(427)) - aca6fe57-e7fe-4059-8fc7-aad793183b33@group-C9EB3D273E82: applyIndex: 0
2024-03-05 10:11:42,120 [96c5040e-cdea-4ff5-b94a-979666270d21@group-4213590EEDDB-StateMachineUpdater] INFO  ratis.ContainerStateMachine (ContainerStateMachine.java:takeSnapshot(366)) - group-4213590EEDDB: Finished taking a snapshot at:(t:1, i:0) file:/home/runner/work/ozone/ozone/hadoop-ozone/integration-test/target/test-dir/MiniOzoneClusterImpl-58322414-df67-4d64-942a-a0d9644003f2/ozone-meta/datanode-1/ratis/58322b97-ca47-4828-8efe-4213590eeddb/sm/snapshot.1_0 took: 0 ms
2024-03-05 10:11:42,120 [aca6fe57-e7fe-4059-8fc7-aad793183b33@group-C9EB3D273E82-cacheEviction-AwaitToRun] INFO  util.AwaitToRun (AwaitToRun.java:run(49)) - aca6fe57-e7fe-4059-8fc7-aad793183b33@group-C9EB3D273E82-cacheEviction-AwaitToRun-AwaitForSignal is interrupted
2024-03-05 10:11:42,120 [96c5040e-cdea-4ff5-b94a-979666270d21@group-4213590EEDDB-StateMachineUpdater] INFO  impl.StateMachineUpdater (StateMachineUpdater.java:takeSnapshot(295)) - 96c5040e-cdea-4ff5-b94a-979666270d21@group-4213590EEDDB-StateMachineUpdater: Took a snapshot at index 0
2024-03-05 10:11:42,120 [96c5040e-cdea-4ff5-b94a-979666270d21@group-4213590EEDDB-StateMachineUpdater] INFO  impl.StateMachineUpdater (StateMachineUpdater.java:lambda$new$0(98)) - 96c5040e-cdea-4ff5-b94a-979666270d21@group-4213590EEDDB-StateMachineUpdater: snapshotIndex: updateIncreasingly -1 -> 0
2024-03-05 10:11:42,120 [96c5040e-cdea-4ff5-b94a-979666270d21-impl-thread1] INFO  server.RaftServer$Division (ServerState.java:close(427)) - 96c5040e-cdea-4ff5-b94a-979666270d21@group-4213590EEDDB: applyIndex: 0
2024-03-05 10:11:42,120 [96c5040e-cdea-4ff5-b94a-979666270d21@group-4213590EEDDB-cacheEviction-AwaitToRun] INFO  util.AwaitToRun (AwaitToRun.java:run(49)) - 96c5040e-cdea-4ff5-b94a-979666270d21@group-4213590EEDDB-cacheEviction-AwaitToRun-AwaitForSignal is interrupted
2024-03-05 10:11:42,121 [76f60663-9351-4c92-a037-8f3a190b5659-NettyServerStreamRpc-bossGroup--thread1] INFO  logging.LoggingHandler (AbstractInternalLogger.java:log(148)) - [id: 0x463efa77, L:/0.0.0.0:15327] CLOSE
2024-03-05 10:11:42,121 [Thread-4679] INFO  server.GrpcServerProtocolClient (GrpcServerProtocolClient.java:close(103)) - e7233910-62be-434d-8b50-630853f02a3c Close channels
2024-03-05 10:11:42,121 [Thread-4677] INFO  server.GrpcServerProtocolClient (GrpcServerProtocolClient.java:close(103)) - deb5d253-51cb-42bf-a345-825603079b10 Close channels
2024-03-05 10:11:42,121 [aca6fe57-e7fe-4059-8fc7-aad793183b33-impl-thread2] INFO  server.RaftServer$Division (RaftServerImpl.java:lambda$close$3(526)) - aca6fe57-e7fe-4059-8fc7-aad793183b33@group-993DCF1EDE54: shutdown
2024-03-05 10:11:42,122 [96c5040e-cdea-4ff5-b94a-979666270d21-impl-thread2] INFO  server.RaftServer$Division (RaftServerImpl.java:lambda$close$3(526)) - 96c5040e-cdea-4ff5-b94a-979666270d21@group-AB97D73B6EC3: shutdown
2024-03-05 10:11:42,122 [96c5040e-cdea-4ff5-b94a-979666270d21-impl-thread2] INFO  util.JmxRegister (JmxRegister.java:unregister(73)) - Successfully un-registered JMX Bean with object name Ratis:service=RaftServer,group=group-AB97D73B6EC3,id=96c5040e-cdea-4ff5-b94a-979666270d21
2024-03-05 10:11:42,122 [96c5040e-cdea-4ff5-b94a-979666270d21-impl-thread2] INFO  impl.RoleInfo (RoleInfo.java:shutdownFollowerState(110)) - 96c5040e-cdea-4ff5-b94a-979666270d21: shutdown 96c5040e-cdea-4ff5-b94a-979666270d21@group-AB97D73B6EC3-FollowerState
2024-03-05 10:11:42,122 [Thread-4676] INFO  server.GrpcServerProtocolClient (GrpcServerProtocolClient.java:close(103)) - 40c6403c-e697-43dc-b480-ae867bb88e33 Close channels
2024-03-05 10:11:42,121 [76f60663-9351-4c92-a037-8f3a190b5659-NettyServerStreamRpc-bossGroup--thread1] INFO  logging.LoggingHandler (AbstractInternalLogger.java:log(148)) - [id: 0x463efa77, L:/0.0.0.0:15327] INACTIVE
2024-03-05 10:11:42,123 [76f60663-9351-4c92-a037-8f3a190b5659-NettyServerStreamRpc-bossGroup--thread1] INFO  logging.LoggingHandler (AbstractInternalLogger.java:log(148)) - [id: 0x463efa77, L:/0.0.0.0:15327] UNREGISTERED
2024-03-05 10:11:42,122 [aca6fe57-e7fe-4059-8fc7-aad793183b33-impl-thread2] INFO  util.JmxRegister (JmxRegister.java:unregister(73)) - Successfully un-registered JMX Bean with object name Ratis:service=RaftServer,group=group-993DCF1EDE54,id=aca6fe57-e7fe-4059-8fc7-aad793183b33
2024-03-05 10:11:42,123 [aca6fe57-e7fe-4059-8fc7-aad793183b33-impl-thread2] INFO  impl.RoleInfo (RoleInfo.java:shutdownFollowerState(110)) - aca6fe57-e7fe-4059-8fc7-aad793183b33: shutdown aca6fe57-e7fe-4059-8fc7-aad793183b33@group-993DCF1EDE54-FollowerState
2024-03-05 10:11:42,123 [Thread-4682] INFO  server.GrpcServerProtocolClient (GrpcServerProtocolClient.java:close(103)) - 71f4d41d-0e43-455a-af57-6dee494bca18 Close channels
2024-03-05 10:11:42,123 [ForkJoinPool.commonPool-worker-3] INFO  server.GrpcService (GrpcService.java:closeImpl(320)) - 96c5040e-cdea-4ff5-b94a-979666270d21: shutdown server org.apache.ratis.grpc.server.GrpcClientProtocolService successfully
2024-03-05 10:11:42,124 [ForkJoinPool.commonPool-worker-3] INFO  server.GrpcService (GrpcService.java:closeImpl(311)) - 96c5040e-cdea-4ff5-b94a-979666270d21: shutdown server GrpcServerProtocolService now
2024-03-05 10:11:42,124 [aca6fe57-e7fe-4059-8fc7-aad793183b33-impl-thread2] INFO  impl.StateMachineUpdater (StateMachineUpdater.java:stopAndJoin(157)) - aca6fe57-e7fe-4059-8fc7-aad793183b33@group-993DCF1EDE54-StateMachineUpdater: set stopIndex = 0
2024-03-05 10:11:42,124 [aca6fe57-e7fe-4059-8fc7-aad793183b33@group-993DCF1EDE54-FollowerState] INFO  impl.FollowerState (FollowerState.java:run(152)) - aca6fe57-e7fe-4059-8fc7-aad793183b33@group-993DCF1EDE54-FollowerState was interrupted
2024-03-05 10:11:42,124 [aca6fe57-e7fe-4059-8fc7-aad793183b33@group-993DCF1EDE54-StateMachineUpdater] INFO  ratis.ContainerStateMachine (ContainerStateMachine.java:takeSnapshot(355)) - group-993DCF1EDE54: Taking a snapshot at:(t:1, i:0) file /home/runner/work/ozone/ozone/hadoop-ozone/integration-test/target/test-dir/MiniOzoneClusterImpl-58322414-df67-4d64-942a-a0d9644003f2/ozone-meta/datanode-7/ratis/b1db25c2-65ad-4f77-bb39-993dcf1ede54/sm/snapshot.1_0
2024-03-05 10:11:42,125 [aca6fe57-e7fe-4059-8fc7-aad793183b33@group-993DCF1EDE54-StateMachineUpdater] INFO  ratis.ContainerStateMachine (ContainerStateMachine.java:takeSnapshot(366)) - group-993DCF1EDE54: Finished taking a snapshot at:(t:1, i:0) file:/home/runner/work/ozone/ozone/hadoop-ozone/integration-test/target/test-dir/MiniOzoneClusterImpl-58322414-df67-4d64-942a-a0d9644003f2/ozone-meta/datanode-7/ratis/b1db25c2-65ad-4f77-bb39-993dcf1ede54/sm/snapshot.1_0 took: 1 ms
2024-03-05 10:11:42,125 [aca6fe57-e7fe-4059-8fc7-aad793183b33@group-993DCF1EDE54-StateMachineUpdater] INFO  impl.StateMachineUpdater (StateMachineUpdater.java:takeSnapshot(295)) - aca6fe57-e7fe-4059-8fc7-aad793183b33@group-993DCF1EDE54-StateMachineUpdater: Took a snapshot at index 0
2024-03-05 10:11:42,125 [aca6fe57-e7fe-4059-8fc7-aad793183b33@group-993DCF1EDE54-StateMachineUpdater] INFO  impl.StateMachineUpdater (StateMachineUpdater.java:lambda$new$0(98)) - aca6fe57-e7fe-4059-8fc7-aad793183b33@group-993DCF1EDE54-StateMachineUpdater: snapshotIndex: updateIncreasingly -1 -> 0
2024-03-05 10:11:42,126 [96c5040e-cdea-4ff5-b94a-979666270d21-impl-thread2] INFO  impl.StateMachineUpdater (StateMachineUpdater.java:stopAndJoin(157)) - 96c5040e-cdea-4ff5-b94a-979666270d21@group-AB97D73B6EC3-StateMachineUpdater: set stopIndex = 0
2024-03-05 10:11:42,126 [96c5040e-cdea-4ff5-b94a-979666270d21@group-AB97D73B6EC3-FollowerState] INFO  impl.FollowerState (FollowerState.java:run(152)) - 96c5040e-cdea-4ff5-b94a-979666270d21@group-AB97D73B6EC3-FollowerState was interrupted
2024-03-05 10:11:42,126 [ForkJoinPool.commonPool-worker-1] INFO  server.GrpcService (GrpcService.java:closeImpl(320)) - aca6fe57-e7fe-4059-8fc7-aad793183b33: shutdown server org.apache.ratis.grpc.server.GrpcClientProtocolService successfully
2024-03-05 10:11:42,126 [ForkJoinPool.commonPool-worker-1] INFO  server.GrpcService (GrpcService.java:closeImpl(311)) - aca6fe57-e7fe-4059-8fc7-aad793183b33: shutdown server GrpcServerProtocolService now
2024-03-05 10:11:42,127 [ForkJoinPool.commonPool-worker-2] INFO  ozoneimpl.OzoneContainer (OzoneContainer.java:stop(481)) - Attempting to stop container services.
2024-03-05 10:11:42,126 [96c5040e-cdea-4ff5-b94a-979666270d21@group-AB97D73B6EC3-StateMachineUpdater] INFO  ratis.ContainerStateMachine (ContainerStateMachine.java:takeSnapshot(355)) - group-AB97D73B6EC3: Taking a snapshot at:(t:1, i:0) file /home/runner/work/ozone/ozone/hadoop-ozone/integration-test/target/test-dir/MiniOzoneClusterImpl-58322414-df67-4d64-942a-a0d9644003f2/ozone-meta/datanode-1/ratis/055c12ea-da00-423a-b21b-ab97d73b6ec3/sm/snapshot.1_0
2024-03-05 10:11:42,127 [ForkJoinPool.commonPool-worker-2] INFO  server.RaftServer (RaftServerProxy.java:lambda$close$9(416)) - deb5d253-51cb-42bf-a345-825603079b10: close
2024-03-05 10:11:42,127 [deb5d253-51cb-42bf-a345-825603079b10-impl-thread1] INFO  server.RaftServer$Division (RaftServerImpl.java:lambda$close$3(526)) - deb5d253-51cb-42bf-a345-825603079b10@group-650A1E4F157D: shutdown
2024-03-05 10:11:42,127 [deb5d253-51cb-42bf-a345-825603079b10-impl-thread1] INFO  util.JmxRegister (JmxRegister.java:unregister(73)) - Successfully un-registered JMX Bean with object name Ratis:service=RaftServer,group=group-650A1E4F157D,id=deb5d253-51cb-42bf-a345-825603079b10
2024-03-05 10:11:42,127 [ForkJoinPool.commonPool-worker-1] INFO  server.GrpcService (GrpcService.java:closeImpl(320)) - aca6fe57-e7fe-4059-8fc7-aad793183b33: shutdown server GrpcServerProtocolService successfully
2024-03-05 10:11:42,127 [ForkJoinPool.commonPool-worker-1] INFO  server.GrpcService (GrpcService.java:closeImpl(311)) - aca6fe57-e7fe-4059-8fc7-aad793183b33: shutdown server org.apache.ratis.grpc.server.GrpcAdminProtocolService now
2024-03-05 10:11:42,127 [aca6fe57-e7fe-4059-8fc7-aad793183b33-impl-thread2] INFO  server.RaftServer$Division (ServerState.java:close(427)) - aca6fe57-e7fe-4059-8fc7-aad793183b33@group-993DCF1EDE54: applyIndex: 0
2024-03-05 10:11:42,127 [96c5040e-cdea-4ff5-b94a-979666270d21@group-AB97D73B6EC3-StateMachineUpdater] INFO  ratis.ContainerStateMachine (ContainerStateMachine.java:takeSnapshot(366)) - group-AB97D73B6EC3: Finished taking a snapshot at:(t:1, i:0) file:/home/runner/work/ozone/ozone/hadoop-ozone/integration-test/target/test-dir/MiniOzoneClusterImpl-58322414-df67-4d64-942a-a0d9644003f2/ozone-meta/datanode-1/ratis/055c12ea-da00-423a-b21b-ab97d73b6ec3/sm/snapshot.1_0 took: 1 ms
2024-03-05 10:11:42,128 [96c5040e-cdea-4ff5-b94a-979666270d21@group-AB97D73B6EC3-StateMachineUpdater] INFO  impl.StateMachineUpdater (StateMachineUpdater.java:takeSnapshot(295)) - 96c5040e-cdea-4ff5-b94a-979666270d21@group-AB97D73B6EC3-StateMachineUpdater: Took a snapshot at index 0
2024-03-05 10:11:42,128 [96c5040e-cdea-4ff5-b94a-979666270d21@group-AB97D73B6EC3-StateMachineUpdater] INFO  impl.StateMachineUpdater (StateMachineUpdater.java:lambda$new$0(98)) - 96c5040e-cdea-4ff5-b94a-979666270d21@group-AB97D73B6EC3-StateMachineUpdater: snapshotIndex: updateIncreasingly -1 -> 0
2024-03-05 10:11:42,127 [deb5d253-51cb-42bf-a345-825603079b10-impl-thread1] INFO  impl.RoleInfo (RoleInfo.java:shutdownLeaderState(94)) - deb5d253-51cb-42bf-a345-825603079b10: shutdown deb5d253-51cb-42bf-a345-825603079b10@group-650A1E4F157D-LeaderStateImpl
2024-03-05 10:11:42,128 [deb5d253-51cb-42bf-a345-825603079b10-impl-thread1] INFO  impl.PendingRequests (PendingRequests.java:sendNotLeaderResponses(289)) - deb5d253-51cb-42bf-a345-825603079b10@group-650A1E4F157D-PendingRequests: sendNotLeaderResponses
2024-03-05 10:11:42,128 [deb5d253-51cb-42bf-a345-825603079b10-impl-thread1] INFO  impl.StateMachineUpdater (StateMachineUpdater.java:stopAndJoin(157)) - deb5d253-51cb-42bf-a345-825603079b10@group-650A1E4F157D-StateMachineUpdater: set stopIndex = 0
2024-03-05 10:11:42,128 [ForkJoinPool.commonPool-worker-3] INFO  server.GrpcService (GrpcService.java:closeImpl(320)) - 96c5040e-cdea-4ff5-b94a-979666270d21: shutdown server GrpcServerProtocolService successfully
2024-03-05 10:11:42,129 [ForkJoinPool.commonPool-worker-3] INFO  server.GrpcService (GrpcService.java:closeImpl(311)) - 96c5040e-cdea-4ff5-b94a-979666270d21: shutdown server org.apache.ratis.grpc.server.GrpcAdminProtocolService now
2024-03-05 10:11:42,129 [deb5d253-51cb-42bf-a345-825603079b10@group-650A1E4F157D-StateMachineUpdater] INFO  ratis.ContainerStateMachine (ContainerStateMachine.java:takeSnapshot(355)) - group-650A1E4F157D: Taking a snapshot at:(t:1, i:0) file /home/runner/work/ozone/ozone/hadoop-ozone/integration-test/target/test-dir/MiniOzoneClusterImpl-58322414-df67-4d64-942a-a0d9644003f2/ozone-meta/datanode-9/ratis/c5124770-9dd3-41e8-b31d-650a1e4f157d/sm/snapshot.1_0
2024-03-05 10:11:42,129 [96c5040e-cdea-4ff5-b94a-979666270d21-impl-thread2] INFO  server.RaftServer$Division (ServerState.java:close(427)) - 96c5040e-cdea-4ff5-b94a-979666270d21@group-AB97D73B6EC3: applyIndex: 0
2024-03-05 10:11:42,129 [deb5d253-51cb-42bf-a345-825603079b10@group-650A1E4F157D-StateMachineUpdater] INFO  ratis.ContainerStateMachine (ContainerStateMachine.java:takeSnapshot(366)) - group-650A1E4F157D: Finished taking a snapshot at:(t:1, i:0) file:/home/runner/work/ozone/ozone/hadoop-ozone/integration-test/target/test-dir/MiniOzoneClusterImpl-58322414-df67-4d64-942a-a0d9644003f2/ozone-meta/datanode-9/ratis/c5124770-9dd3-41e8-b31d-650a1e4f157d/sm/snapshot.1_0 took: 1 ms
2024-03-05 10:11:42,130 [e31e7e37-3da5-4192-a08f-644192942d08-NettyServerStreamRpc-bossGroup--thread1] INFO  logging.LoggingHandler (AbstractInternalLogger.java:log(148)) - [id: 0x90aefc38, L:/0.0.0.0:15318] CLOSE
2024-03-05 10:11:42,130 [deb5d253-51cb-42bf-a345-825603079b10@group-650A1E4F157D-StateMachineUpdater] INFO  impl.StateMachineUpdater (StateMachineUpdater.java:takeSnapshot(295)) - deb5d253-51cb-42bf-a345-825603079b10@group-650A1E4F157D-StateMachineUpdater: Took a snapshot at index 0
2024-03-05 10:11:42,130 [e31e7e37-3da5-4192-a08f-644192942d08-NettyServerStreamRpc-bossGroup--thread1] INFO  logging.LoggingHandler (AbstractInternalLogger.java:log(148)) - [id: 0x90aefc38, L:/0.0.0.0:15318] INACTIVE
2024-03-05 10:11:42,130 [e31e7e37-3da5-4192-a08f-644192942d08-NettyServerStreamRpc-bossGroup--thread1] INFO  logging.LoggingHandler (AbstractInternalLogger.java:log(148)) - [id: 0x90aefc38, L:/0.0.0.0:15318] UNREGISTERED
2024-03-05 10:11:42,130 [deb5d253-51cb-42bf-a345-825603079b10@group-650A1E4F157D-StateMachineUpdater] INFO  impl.StateMachineUpdater (StateMachineUpdater.java:lambda$new$0(98)) - deb5d253-51cb-42bf-a345-825603079b10@group-650A1E4F157D-StateMachineUpdater: snapshotIndex: updateIncreasingly -1 -> 0
2024-03-05 10:11:42,130 [deb5d253-51cb-42bf-a345-825603079b10-impl-thread1] INFO  server.RaftServer$Division (ServerState.java:close(427)) - deb5d253-51cb-42bf-a345-825603079b10@group-650A1E4F157D: applyIndex: 0
2024-03-05 10:11:42,131 [71f4d41d-0e43-455a-af57-6dee494bca18-NettyServerStreamRpc-bossGroup--thread1] INFO  logging.LoggingHandler (AbstractInternalLogger.java:log(148)) - [id: 0x5ead0cba, L:/0.0.0.0:15300] CLOSE
2024-03-05 10:11:42,131 [71f4d41d-0e43-455a-af57-6dee494bca18-NettyServerStreamRpc-bossGroup--thread1] INFO  logging.LoggingHandler (AbstractInternalLogger.java:log(148)) - [id: 0x5ead0cba, L:/0.0.0.0:15300] INACTIVE
2024-03-05 10:11:42,131 [71f4d41d-0e43-455a-af57-6dee494bca18-NettyServerStreamRpc-bossGroup--thread1] INFO  logging.LoggingHandler (AbstractInternalLogger.java:log(148)) - [id: 0x5ead0cba, L:/0.0.0.0:15300] UNREGISTERED
2024-03-05 10:11:42,132 [aca6fe57-e7fe-4059-8fc7-aad793183b33@group-993DCF1EDE54-cacheEviction-AwaitToRun] INFO  util.AwaitToRun (AwaitToRun.java:run(49)) - aca6fe57-e7fe-4059-8fc7-aad793183b33@group-993DCF1EDE54-cacheEviction-AwaitToRun-AwaitForSignal is interrupted
2024-03-05 10:11:42,133 [ForkJoinPool.commonPool-worker-2] INFO  server.GrpcService (GrpcService.java:closeImpl(311)) - deb5d253-51cb-42bf-a345-825603079b10: shutdown server org.apache.ratis.grpc.server.GrpcClientProtocolService now
2024-03-05 10:11:42,133 [deb5d253-51cb-42bf-a345-825603079b10-impl-thread2] INFO  server.RaftServer$Division (RaftServerImpl.java:lambda$close$3(526)) - deb5d253-51cb-42bf-a345-825603079b10@group-993DCF1EDE54: shutdown
2024-03-05 10:11:42,134 [deb5d253-51cb-42bf-a345-825603079b10-impl-thread2] INFO  util.JmxRegister (JmxRegister.java:unregister(73)) - Successfully un-registered JMX Bean with object name Ratis:service=RaftServer,group=group-993DCF1EDE54,id=deb5d253-51cb-42bf-a345-825603079b10
2024-03-05 10:11:42,134 [deb5d253-51cb-42bf-a345-825603079b10-impl-thread2] INFO  impl.RoleInfo (RoleInfo.java:shutdownFollowerState(110)) - deb5d253-51cb-42bf-a345-825603079b10: shutdown deb5d253-51cb-42bf-a345-825603079b10@group-993DCF1EDE54-FollowerState
2024-03-05 10:11:42,133 [grpc-default-executor-7] WARN  server.GrpcClientProtocolService (LogUtils.java:warn(121)) - 0-OrderedRequestStreamObserver0: onError: org.apache.ratis.thirdparty.io.grpc.StatusRuntimeException: CANCELLED: client cancelled
2024-03-05 10:11:42,135 [ForkJoinPool.commonPool-worker-1] INFO  server.GrpcService (GrpcService.java:closeImpl(320)) - aca6fe57-e7fe-4059-8fc7-aad793183b33: shutdown server org.apache.ratis.grpc.server.GrpcAdminProtocolService successfully
2024-03-05 10:11:42,137 [deb5d253-51cb-42bf-a345-825603079b10@group-650A1E4F157D-cacheEviction-AwaitToRun] INFO  util.AwaitToRun (AwaitToRun.java:run(49)) - deb5d253-51cb-42bf-a345-825603079b10@group-650A1E4F157D-cacheEviction-AwaitToRun-AwaitForSignal is interrupted
2024-03-05 10:11:42,139 [96c5040e-cdea-4ff5-b94a-979666270d21@group-AB97D73B6EC3-cacheEviction-AwaitToRun] INFO  util.AwaitToRun (AwaitToRun.java:run(49)) - 96c5040e-cdea-4ff5-b94a-979666270d21@group-AB97D73B6EC3-cacheEviction-AwaitToRun-AwaitForSignal is interrupted
2024-03-05 10:11:42,140 [ForkJoinPool.commonPool-worker-3] INFO  server.GrpcService (GrpcService.java:closeImpl(320)) - 96c5040e-cdea-4ff5-b94a-979666270d21: shutdown server org.apache.ratis.grpc.server.GrpcAdminProtocolService successfully
2024-03-05 10:11:42,146 [40c6403c-e697-43dc-b480-ae867bb88e33-NettyServerStreamRpc-bossGroup--thread1] INFO  logging.LoggingHandler (AbstractInternalLogger.java:log(148)) - [id: 0x2c78b332, L:/0.0.0.0:15291] CLOSE
2024-03-05 10:11:42,146 [40c6403c-e697-43dc-b480-ae867bb88e33-NettyServerStreamRpc-bossGroup--thread1] INFO  logging.LoggingHandler (AbstractInternalLogger.java:log(148)) - [id: 0x2c78b332, L:/0.0.0.0:15291] INACTIVE
2024-03-05 10:11:42,152 [deb5d253-51cb-42bf-a345-825603079b10@group-993DCF1EDE54-StateMachineUpdater] INFO  ratis.ContainerStateMachine (ContainerStateMachine.java:takeSnapshot(355)) - group-993DCF1EDE54: Taking a snapshot at:(t:1, i:0) file /home/runner/work/ozone/ozone/hadoop-ozone/integration-test/target/test-dir/MiniOzoneClusterImpl-58322414-df67-4d64-942a-a0d9644003f2/ozone-meta/datanode-9/ratis/b1db25c2-65ad-4f77-bb39-993dcf1ede54/sm/snapshot.1_0
2024-03-05 10:11:42,152 [deb5d253-51cb-42bf-a345-825603079b10@group-993DCF1EDE54-FollowerState] INFO  impl.FollowerState (FollowerState.java:run(152)) - deb5d253-51cb-42bf-a345-825603079b10@group-993DCF1EDE54-FollowerState was interrupted
2024-03-05 10:11:42,152 [deb5d253-51cb-42bf-a345-825603079b10-impl-thread2] INFO  impl.StateMachineUpdater (StateMachineUpdater.java:stopAndJoin(157)) - deb5d253-51cb-42bf-a345-825603079b10@group-993DCF1EDE54-StateMachineUpdater: set stopIndex = 0
2024-03-05 10:11:42,152 [ForkJoinPool.commonPool-worker-2] INFO  server.GrpcService (GrpcService.java:closeImpl(320)) - deb5d253-51cb-42bf-a345-825603079b10: shutdown server org.apache.ratis.grpc.server.GrpcClientProtocolService successfully
2024-03-05 10:11:42,152 [ForkJoinPool.commonPool-worker-2] INFO  server.GrpcService (GrpcService.java:closeImpl(311)) - deb5d253-51cb-42bf-a345-825603079b10: shutdown server GrpcServerProtocolService now
2024-03-05 10:11:42,152 [deb5d253-51cb-42bf-a345-825603079b10@group-993DCF1EDE54-StateMachineUpdater] INFO  ratis.ContainerStateMachine (ContainerStateMachine.java:takeSnapshot(366)) - group-993DCF1EDE54: Finished taking a snapshot at:(t:1, i:0) file:/home/runner/work/ozone/ozone/hadoop-ozone/integration-test/target/test-dir/MiniOzoneClusterImpl-58322414-df67-4d64-942a-a0d9644003f2/ozone-meta/datanode-9/ratis/b1db25c2-65ad-4f77-bb39-993dcf1ede54/sm/snapshot.1_0 took: 1 ms
2024-03-05 10:11:42,153 [deb5d253-51cb-42bf-a345-825603079b10@group-993DCF1EDE54-StateMachineUpdater] INFO  impl.StateMachineUpdater (StateMachineUpdater.java:takeSnapshot(295)) - deb5d253-51cb-42bf-a345-825603079b10@group-993DCF1EDE54-StateMachineUpdater: Took a snapshot at index 0
2024-03-05 10:11:42,153 [deb5d253-51cb-42bf-a345-825603079b10@group-993DCF1EDE54-StateMachineUpdater] INFO  impl.StateMachineUpdater (StateMachineUpdater.java:lambda$new$0(98)) - deb5d253-51cb-42bf-a345-825603079b10@group-993DCF1EDE54-StateMachineUpdater: snapshotIndex: updateIncreasingly -1 -> 0
2024-03-05 10:11:42,152 [40c6403c-e697-43dc-b480-ae867bb88e33-NettyServerStreamRpc-bossGroup--thread1] INFO  logging.LoggingHandler (AbstractInternalLogger.java:log(148)) - [id: 0x2c78b332, L:/0.0.0.0:15291] UNREGISTERED
2024-03-05 10:11:42,153 [deb5d253-51cb-42bf-a345-825603079b10-impl-thread2] INFO  server.RaftServer$Division (ServerState.java:close(427)) - deb5d253-51cb-42bf-a345-825603079b10@group-993DCF1EDE54: applyIndex: 0
2024-03-05 10:11:42,153 [deb5d253-51cb-42bf-a345-825603079b10@group-993DCF1EDE54-cacheEviction-AwaitToRun] INFO  util.AwaitToRun (AwaitToRun.java:run(49)) - deb5d253-51cb-42bf-a345-825603079b10@group-993DCF1EDE54-cacheEviction-AwaitToRun-AwaitForSignal is interrupted
2024-03-05 10:11:42,153 [e7233910-62be-434d-8b50-630853f02a3c-NettyServerStreamRpc-bossGroup--thread1] INFO  logging.LoggingHandler (AbstractInternalLogger.java:log(148)) - [id: 0xf7ee5665, L:/0.0.0.0:15345] CLOSE
2024-03-05 10:11:42,153 [e7233910-62be-434d-8b50-630853f02a3c-NettyServerStreamRpc-bossGroup--thread1] INFO  logging.LoggingHandler (AbstractInternalLogger.java:log(148)) - [id: 0xf7ee5665, L:/0.0.0.0:15345] INACTIVE
2024-03-05 10:11:42,153 [e7233910-62be-434d-8b50-630853f02a3c-NettyServerStreamRpc-bossGroup--thread1] INFO  logging.LoggingHandler (AbstractInternalLogger.java:log(148)) - [id: 0xf7ee5665, L:/0.0.0.0:15345] UNREGISTERED
2024-03-05 10:11:42,155 [ForkJoinPool.commonPool-worker-2] INFO  server.GrpcService (GrpcService.java:closeImpl(320)) - deb5d253-51cb-42bf-a345-825603079b10: shutdown server GrpcServerProtocolService successfully
2024-03-05 10:11:42,155 [ForkJoinPool.commonPool-worker-2] INFO  server.GrpcService (GrpcService.java:closeImpl(311)) - deb5d253-51cb-42bf-a345-825603079b10: shutdown server org.apache.ratis.grpc.server.GrpcAdminProtocolService now
2024-03-05 10:11:42,157 [ForkJoinPool.commonPool-worker-2] INFO  server.GrpcService (GrpcService.java:closeImpl(320)) - deb5d253-51cb-42bf-a345-825603079b10: shutdown server org.apache.ratis.grpc.server.GrpcAdminProtocolService successfully
2024-03-05 10:11:42,161 [aca6fe57-e7fe-4059-8fc7-aad793183b33-NettyServerStreamRpc-bossGroup--thread1] INFO  logging.LoggingHandler (AbstractInternalLogger.java:log(148)) - [id: 0x0cdf71da, L:/0.0.0.0:15336] CLOSE
2024-03-05 10:11:42,161 [aca6fe57-e7fe-4059-8fc7-aad793183b33-NettyServerStreamRpc-bossGroup--thread1] INFO  logging.LoggingHandler (AbstractInternalLogger.java:log(148)) - [id: 0x0cdf71da, L:/0.0.0.0:15336] INACTIVE
2024-03-05 10:11:42,161 [aca6fe57-e7fe-4059-8fc7-aad793183b33-NettyServerStreamRpc-bossGroup--thread1] INFO  logging.LoggingHandler (AbstractInternalLogger.java:log(148)) - [id: 0x0cdf71da, L:/0.0.0.0:15336] UNREGISTERED
2024-03-05 10:11:42,164 [deb5d253-51cb-42bf-a345-825603079b10-NettyServerStreamRpc-bossGroup--thread1] INFO  logging.LoggingHandler (AbstractInternalLogger.java:log(148)) - [id: 0xe71c31b9, L:/0.0.0.0:15354] CLOSE
2024-03-05 10:11:42,164 [deb5d253-51cb-42bf-a345-825603079b10-NettyServerStreamRpc-bossGroup--thread1] INFO  logging.LoggingHandler (AbstractInternalLogger.java:log(148)) - [id: 0xe71c31b9, L:/0.0.0.0:15354] INACTIVE
2024-03-05 10:11:42,164 [deb5d253-51cb-42bf-a345-825603079b10-NettyServerStreamRpc-bossGroup--thread1] INFO  logging.LoggingHandler (AbstractInternalLogger.java:log(148)) - [id: 0xe71c31b9, L:/0.0.0.0:15354] UNREGISTERED
2024-03-05 10:11:42,165 [96c5040e-cdea-4ff5-b94a-979666270d21-NettyServerStreamRpc-bossGroup--thread1] INFO  logging.LoggingHandler (AbstractInternalLogger.java:log(148)) - [id: 0xaaf40690, L:/0.0.0.0:15282] CLOSE
2024-03-05 10:11:42,165 [96c5040e-cdea-4ff5-b94a-979666270d21-NettyServerStreamRpc-bossGroup--thread1] INFO  logging.LoggingHandler (AbstractInternalLogger.java:log(148)) - [id: 0xaaf40690, L:/0.0.0.0:15282] INACTIVE
2024-03-05 10:11:42,165 [96c5040e-cdea-4ff5-b94a-979666270d21-NettyServerStreamRpc-bossGroup--thread1] INFO  logging.LoggingHandler (AbstractInternalLogger.java:log(148)) - [id: 0xaaf40690, L:/0.0.0.0:15282] UNREGISTERED
2024-03-05 10:11:42,350 [96c5040e-cdea-4ff5-b94a-979666270d21-impl-thread1] INFO  segmented.SegmentedRaftLogWorker (SegmentedRaftLogWorker.java:close(245)) - 96c5040e-cdea-4ff5-b94a-979666270d21@group-4213590EEDDB-SegmentedRaftLogWorker close()
2024-03-05 10:11:42,396 [71f4d41d-0e43-455a-af57-6dee494bca18-impl-thread2] INFO  segmented.SegmentedRaftLogWorker (SegmentedRaftLogWorker.java:close(245)) - 71f4d41d-0e43-455a-af57-6dee494bca18@group-AB97D73B6EC3-SegmentedRaftLogWorker close()
2024-03-05 10:11:42,411 [96c5040e-cdea-4ff5-b94a-979666270d21-impl-thread2] INFO  segmented.SegmentedRaftLogWorker (SegmentedRaftLogWorker.java:close(245)) - 96c5040e-cdea-4ff5-b94a-979666270d21@group-AB97D73B6EC3-SegmentedRaftLogWorker close()
2024-03-05 10:11:42,412 [JvmPauseMonitor35] INFO  util.JvmPauseMonitor (JvmPauseMonitor.java:run(152)) - JvmPauseMonitor-96c5040e-cdea-4ff5-b94a-979666270d21: Stopped
2024-03-05 10:11:42,415 [40c6403c-e697-43dc-b480-ae867bb88e33-impl-thread2] INFO  segmented.SegmentedRaftLogWorker (SegmentedRaftLogWorker.java:close(245)) - 40c6403c-e697-43dc-b480-ae867bb88e33@group-AB97D73B6EC3-SegmentedRaftLogWorker close()
2024-03-05 10:11:42,423 [71f4d41d-0e43-455a-af57-6dee494bca18-impl-thread1] INFO  segmented.SegmentedRaftLogWorker (SegmentedRaftLogWorker.java:close(245)) - 71f4d41d-0e43-455a-af57-6dee494bca18@group-32BEA8AEAF95-SegmentedRaftLogWorker close()
2024-03-05 10:11:42,424 [JvmPauseMonitor37] INFO  util.JvmPauseMonitor (JvmPauseMonitor.java:run(152)) - JvmPauseMonitor-71f4d41d-0e43-455a-af57-6dee494bca18: Stopped
2024-03-05 10:11:42,491 [40c6403c-e697-43dc-b480-ae867bb88e33-impl-thread1] INFO  segmented.SegmentedRaftLogWorker (SegmentedRaftLogWorker.java:close(245)) - 40c6403c-e697-43dc-b480-ae867bb88e33@group-7D51CCF26F14-SegmentedRaftLogWorker close()
2024-03-05 10:11:42,492 [JvmPauseMonitor36] INFO  util.JvmPauseMonitor (JvmPauseMonitor.java:run(152)) - JvmPauseMonitor-40c6403c-e697-43dc-b480-ae867bb88e33: Stopped
2024-03-05 10:11:42,569 [d931d63e-dd15-4e6c-a722-a504b4f57030-impl-thread1] INFO  segmented.SegmentedRaftLogWorker (SegmentedRaftLogWorker.java:close(245)) - d931d63e-dd15-4e6c-a722-a504b4f57030@group-F3A3BFA84EC7-SegmentedRaftLogWorker close()
2024-03-05 10:11:42,579 [76f60663-9351-4c92-a037-8f3a190b5659-impl-thread1] INFO  segmented.SegmentedRaftLogWorker (SegmentedRaftLogWorker.java:close(245)) - 76f60663-9351-4c92-a037-8f3a190b5659@group-F3A3BFA84EC7-SegmentedRaftLogWorker close()
2024-03-05 10:11:42,605 [e31e7e37-3da5-4192-a08f-644192942d08-impl-thread1] INFO  segmented.SegmentedRaftLogWorker (SegmentedRaftLogWorker.java:close(245)) - e31e7e37-3da5-4192-a08f-644192942d08@group-F3A3BFA84EC7-SegmentedRaftLogWorker close()
2024-03-05 10:11:42,607 [e31e7e37-3da5-4192-a08f-644192942d08-impl-thread2] INFO  segmented.SegmentedRaftLogWorker (SegmentedRaftLogWorker.java:close(245)) - e31e7e37-3da5-4192-a08f-644192942d08@group-ECC2E6AC77D1-SegmentedRaftLogWorker close()
2024-03-05 10:11:42,607 [JvmPauseMonitor39] INFO  util.JvmPauseMonitor (JvmPauseMonitor.java:run(152)) - JvmPauseMonitor-e31e7e37-3da5-4192-a08f-644192942d08: Stopped
2024-03-05 10:11:42,675 [d931d63e-dd15-4e6c-a722-a504b4f57030-impl-thread2] INFO  segmented.SegmentedRaftLogWorker (SegmentedRaftLogWorker.java:close(245)) - d931d63e-dd15-4e6c-a722-a504b4f57030@group-A1C468F92B51-SegmentedRaftLogWorker close()
2024-03-05 10:11:42,675 [JvmPauseMonitor38] INFO  util.JvmPauseMonitor (JvmPauseMonitor.java:run(152)) - JvmPauseMonitor-d931d63e-dd15-4e6c-a722-a504b4f57030: Stopped
2024-03-05 10:11:42,702 [76f60663-9351-4c92-a037-8f3a190b5659-impl-thread2] INFO  segmented.SegmentedRaftLogWorker (SegmentedRaftLogWorker.java:close(245)) - 76f60663-9351-4c92-a037-8f3a190b5659@group-5CF951FB94BD-SegmentedRaftLogWorker close()
2024-03-05 10:11:42,702 [JvmPauseMonitor40] INFO  util.JvmPauseMonitor (JvmPauseMonitor.java:run(152)) - JvmPauseMonitor-76f60663-9351-4c92-a037-8f3a190b5659: Stopped
2024-03-05 10:11:43,005 [e7233910-62be-434d-8b50-630853f02a3c-impl-thread2] INFO  segmented.SegmentedRaftLogWorker (SegmentedRaftLogWorker.java:close(245)) - e7233910-62be-434d-8b50-630853f02a3c@group-993DCF1EDE54-SegmentedRaftLogWorker close()
2024-03-05 10:11:43,006 [aca6fe57-e7fe-4059-8fc7-aad793183b33-impl-thread1] INFO  segmented.SegmentedRaftLogWorker (SegmentedRaftLogWorker.java:close(245)) - aca6fe57-e7fe-4059-8fc7-aad793183b33@group-C9EB3D273E82-SegmentedRaftLogWorker close()
2024-03-05 10:11:43,006 [e7233910-62be-434d-8b50-630853f02a3c-impl-thread1] INFO  segmented.SegmentedRaftLogWorker (SegmentedRaftLogWorker.java:close(245)) - e7233910-62be-434d-8b50-630853f02a3c@group-DE9E02C7B6FF-SegmentedRaftLogWorker close()
2024-03-05 10:11:43,007 [JvmPauseMonitor42] INFO  util.JvmPauseMonitor (JvmPauseMonitor.java:run(152)) - JvmPauseMonitor-e7233910-62be-434d-8b50-630853f02a3c: Stopped
2024-03-05 10:11:43,035 [deb5d253-51cb-42bf-a345-825603079b10-impl-thread2] INFO  segmented.SegmentedRaftLogWorker (SegmentedRaftLogWorker.java:close(245)) - deb5d253-51cb-42bf-a345-825603079b10@group-993DCF1EDE54-SegmentedRaftLogWorker close()
2024-03-05 10:11:43,036 [aca6fe57-e7fe-4059-8fc7-aad793183b33-impl-thread2] INFO  segmented.SegmentedRaftLogWorker (SegmentedRaftLogWorker.java:close(245)) - aca6fe57-e7fe-4059-8fc7-aad793183b33@group-993DCF1EDE54-SegmentedRaftLogWorker close()
2024-03-05 10:11:43,036 [JvmPauseMonitor41] INFO  util.JvmPauseMonitor (JvmPauseMonitor.java:run(152)) - JvmPauseMonitor-aca6fe57-e7fe-4059-8fc7-aad793183b33: Stopped
2024-03-05 10:11:43,102 [deb5d253-51cb-42bf-a345-825603079b10-impl-thread1] INFO  segmented.SegmentedRaftLogWorker (SegmentedRaftLogWorker.java:close(245)) - deb5d253-51cb-42bf-a345-825603079b10@group-650A1E4F157D-SegmentedRaftLogWorker close()
2024-03-05 10:11:43,102 [JvmPauseMonitor43] INFO  util.JvmPauseMonitor (JvmPauseMonitor.java:run(152)) - JvmPauseMonitor-deb5d253-51cb-42bf-a345-825603079b10: Stopped
2024-03-05 10:11:44,414 [ForkJoinPool.commonPool-worker-3] INFO  utils.DatanodeStoreCache (DatanodeStoreCache.java:shutdownCache(116)) - Skip clearing cache in mini cluster mode. Entries left: [/home/runner/work/ozone/ozone/hadoop-ozone/integration-test/target/test-dir/MiniOzoneClusterImpl-58322414-df67-4d64-942a-a0d9644003f2/ozone-meta/datanode-1/data-0/hdds/58322414-df67-4d64-942a-a0d9644003f2/DS-b0b90441-f085-4072-95f0-e2a27e2344d7/container.db, /home/runner/work/ozone/ozone/hadoop-ozone/integration-test/target/test-dir/MiniOzoneClusterImpl-58322414-df67-4d64-942a-a0d9644003f2/ozone-meta/datanode-2/data-0/hdds/58322414-df67-4d64-942a-a0d9644003f2/DS-12c40230-dbe8-4087-936e-7de453bb3c77/container.db, /home/runner/work/ozone/ozone/hadoop-ozone/integration-test/target/test-dir/MiniOzoneClusterImpl-58322414-df67-4d64-942a-a0d9644003f2/ozone-meta/datanode-3/data-0/hdds/58322414-df67-4d64-942a-a0d9644003f2/DS-6d8c73b5-bd49-4340-affc-f5cda0e0c957/container.db, /home/runner/work/ozone/ozone/hadoop-ozone/integration-test/target/test-dir/MiniOzoneClusterImpl-58322414-df67-4d64-942a-a0d9644003f2/ozone-meta/datanode-4/data-0/hdds/58322414-df67-4d64-942a-a0d9644003f2/DS-ea1b6bd8-014a-4953-9052-d7238f566040/container.db, /home/runner/work/ozone/ozone/hadoop-ozone/integration-test/target/test-dir/MiniOzoneClusterImpl-58322414-df67-4d64-942a-a0d9644003f2/ozone-meta/datanode-5/data-0/hdds/58322414-df67-4d64-942a-a0d9644003f2/DS-817bda44-bb11-4d84-9286-45c0a694d341/container.db, /home/runner/work/ozone/ozone/hadoop-ozone/integration-test/target/test-dir/MiniOzoneClusterImpl-58322414-df67-4d64-942a-a0d9644003f2/ozone-meta/datanode-6/data-0/hdds/58322414-df67-4d64-942a-a0d9644003f2/DS-679b0111-2b57-462d-b18d-2ee9beabe320/container.db, /home/runner/work/ozone/ozone/hadoop-ozone/integration-test/target/test-dir/MiniOzoneClusterImpl-58322414-df67-4d64-942a-a0d9644003f2/ozone-meta/datanode-7/data-0/hdds/58322414-df67-4d64-942a-a0d9644003f2/DS-d60b6945-2bf0-49fe-a3a2-cd93ca19a474/container.db, /home/runner/work/ozone/ozone/hadoop-ozone/integration-test/target/test-dir/MiniOzoneClusterImpl-58322414-df67-4d64-942a-a0d9644003f2/ozone-meta/datanode-8/data-0/hdds/58322414-df67-4d64-942a-a0d9644003f2/DS-039ad517-ce7d-4adb-a413-2ae07597885a/container.db, /home/runner/work/ozone/ozone/hadoop-ozone/integration-test/target/test-dir/MiniOzoneClusterImpl-58322414-df67-4d64-942a-a0d9644003f2/ozone-meta/datanode-9/data-0/hdds/58322414-df67-4d64-942a-a0d9644003f2/DS-103c11df-10bd-46cb-b3cd-a6451c91af17/container.db]
2024-03-05 10:11:44,417 [ForkJoinPool.commonPool-worker-3] INFO  utils.DatanodeStoreCache (DatanodeStoreCache.java:removeDB(110)) - Removed db /home/runner/work/ozone/ozone/hadoop-ozone/integration-test/target/test-dir/MiniOzoneClusterImpl-58322414-df67-4d64-942a-a0d9644003f2/ozone-meta/datanode-1/data-0/hdds/58322414-df67-4d64-942a-a0d9644003f2/DS-b0b90441-f085-4072-95f0-e2a27e2344d7/container.db from cache
2024-03-05 10:11:44,418 [ForkJoinPool.commonPool-worker-3] INFO  volume.HddsVolume (HddsVolume.java:closeDbStore(451)) - SchemaV3 db is stopped at /home/runner/work/ozone/ozone/hadoop-ozone/integration-test/target/test-dir/MiniOzoneClusterImpl-58322414-df67-4d64-942a-a0d9644003f2/ozone-meta/datanode-1/data-0/hdds/58322414-df67-4d64-942a-a0d9644003f2/DS-b0b90441-f085-4072-95f0-e2a27e2344d7/container.db for volume DS-b0b90441-f085-4072-95f0-e2a27e2344d7
2024-03-05 10:11:44,418 [ForkJoinPool.commonPool-worker-3] INFO  utils.BackgroundService (BackgroundService.java:shutdown(160)) - Shutting down service BlockDeletingService
2024-03-05 10:11:44,418 [ForkJoinPool.commonPool-worker-3] INFO  utils.BackgroundService (BackgroundService.java:shutdown(160)) - Shutting down service StaleRecoveringContainerScrubbingService
2024-03-05 10:11:44,421 [ForkJoinPool.commonPool-worker-3] INFO  statemachine.DatanodeStateMachine (DatanodeStateMachine.java:stopDaemon(638)) - Ozone container server stopped.
2024-03-05 10:11:44,423 [ForkJoinPool.commonPool-worker-3] INFO  handler.ContextHandler (ContextHandler.java:doStop(1159)) - Stopped o.e.j.w.WebAppContext@16626abb{hddsDatanode,/,null,STOPPED}{jar:file:/home/runner/.m2/repository/org/apache/ozone/hdds-container-service/1.5.0-SNAPSHOT/hdds-container-service-1.5.0-SNAPSHOT.jar!/webapps/hddsDatanode}
2024-03-05 10:11:44,423 [ForkJoinPool.commonPool-worker-3] INFO  server.AbstractConnector (AbstractConnector.java:doStop(383)) - Stopped ServerConnector@5cc4b1fb{HTTP/1.1, (http/1.1)}{0.0.0.0:15276}
2024-03-05 10:11:44,423 [ForkJoinPool.commonPool-worker-3] INFO  server.session (HouseKeeper.java:stopScavenging(149)) - node0 Stopped scavenging
2024-03-05 10:11:44,424 [ForkJoinPool.commonPool-worker-3] INFO  handler.ContextHandler (ContextHandler.java:doStop(1159)) - Stopped o.e.j.s.ServletContextHandler@22354303{static,/static,jar:file:/home/runner/.m2/repository/org/apache/ozone/hdds-container-service/1.5.0-SNAPSHOT/hdds-container-service-1.5.0-SNAPSHOT.jar!/webapps/static,STOPPED}
2024-03-05 10:11:44,425 [ForkJoinPool.commonPool-worker-3] INFO  handler.ContextHandler (ContextHandler.java:doStop(1159)) - Stopped o.e.j.s.ServletContextHandler@508b3a48{logs,/logs,file:///home/runner/work/ozone/ozone/hadoop-ozone/integration-test/target/log,STOPPED}
2024-03-05 10:11:44,425 [ForkJoinPool.commonPool-worker-3] INFO  ozone.HddsDatanodeClientProtocolServer (HddsDatanodeClientProtocolServer.java:stop(83)) - Stopping the RPC server for Client Protocol
2024-03-05 10:11:44,426 [ForkJoinPool.commonPool-worker-3] INFO  ipc.Server (Server.java:stop(3523)) - Stopping server on 15277
2024-03-05 10:11:44,426 [ForkJoinPool.commonPool-worker-4] INFO  utils.DatanodeStoreCache (DatanodeStoreCache.java:shutdownCache(116)) - Skip clearing cache in mini cluster mode. Entries left: [/home/runner/work/ozone/ozone/hadoop-ozone/integration-test/target/test-dir/MiniOzoneClusterImpl-58322414-df67-4d64-942a-a0d9644003f2/ozone-meta/datanode-2/data-0/hdds/58322414-df67-4d64-942a-a0d9644003f2/DS-12c40230-dbe8-4087-936e-7de453bb3c77/container.db, /home/runner/work/ozone/ozone/hadoop-ozone/integration-test/target/test-dir/MiniOzoneClusterImpl-58322414-df67-4d64-942a-a0d9644003f2/ozone-meta/datanode-3/data-0/hdds/58322414-df67-4d64-942a-a0d9644003f2/DS-6d8c73b5-bd49-4340-affc-f5cda0e0c957/container.db, /home/runner/work/ozone/ozone/hadoop-ozone/integration-test/target/test-dir/MiniOzoneClusterImpl-58322414-df67-4d64-942a-a0d9644003f2/ozone-meta/datanode-4/data-0/hdds/58322414-df67-4d64-942a-a0d9644003f2/DS-ea1b6bd8-014a-4953-9052-d7238f566040/container.db, /home/runner/work/ozone/ozone/hadoop-ozone/integration-test/target/test-dir/MiniOzoneClusterImpl-58322414-df67-4d64-942a-a0d9644003f2/ozone-meta/datanode-5/data-0/hdds/58322414-df67-4d64-942a-a0d9644003f2/DS-817bda44-bb11-4d84-9286-45c0a694d341/container.db, /home/runner/work/ozone/ozone/hadoop-ozone/integration-test/target/test-dir/MiniOzoneClusterImpl-58322414-df67-4d64-942a-a0d9644003f2/ozone-meta/datanode-6/data-0/hdds/58322414-df67-4d64-942a-a0d9644003f2/DS-679b0111-2b57-462d-b18d-2ee9beabe320/container.db, /home/runner/work/ozone/ozone/hadoop-ozone/integration-test/target/test-dir/MiniOzoneClusterImpl-58322414-df67-4d64-942a-a0d9644003f2/ozone-meta/datanode-7/data-0/hdds/58322414-df67-4d64-942a-a0d9644003f2/DS-d60b6945-2bf0-49fe-a3a2-cd93ca19a474/container.db, /home/runner/work/ozone/ozone/hadoop-ozone/integration-test/target/test-dir/MiniOzoneClusterImpl-58322414-df67-4d64-942a-a0d9644003f2/ozone-meta/datanode-8/data-0/hdds/58322414-df67-4d64-942a-a0d9644003f2/DS-039ad517-ce7d-4adb-a413-2ae07597885a/container.db, /home/runner/work/ozone/ozone/hadoop-ozone/integration-test/target/test-dir/MiniOzoneClusterImpl-58322414-df67-4d64-942a-a0d9644003f2/ozone-meta/datanode-9/data-0/hdds/58322414-df67-4d64-942a-a0d9644003f2/DS-103c11df-10bd-46cb-b3cd-a6451c91af17/container.db]
2024-03-05 10:11:44,426 [IPC Server Responder] INFO  ipc.Server (Server.java:run(1567)) - Stopping IPC Server Responder
2024-03-05 10:11:44,426 [IPC Server listener on 15277] INFO  ipc.Server (Server.java:run(1434)) - Stopping IPC Server listener on 15277
2024-03-05 10:11:44,429 [ForkJoinPool.commonPool-worker-4] INFO  utils.DatanodeStoreCache (DatanodeStoreCache.java:removeDB(110)) - Removed db /home/runner/work/ozone/ozone/hadoop-ozone/integration-test/target/test-dir/MiniOzoneClusterImpl-58322414-df67-4d64-942a-a0d9644003f2/ozone-meta/datanode-3/data-0/hdds/58322414-df67-4d64-942a-a0d9644003f2/DS-6d8c73b5-bd49-4340-affc-f5cda0e0c957/container.db from cache
2024-03-05 10:11:44,429 [ForkJoinPool.commonPool-worker-4] INFO  volume.HddsVolume (HddsVolume.java:closeDbStore(451)) - SchemaV3 db is stopped at /home/runner/work/ozone/ozone/hadoop-ozone/integration-test/target/test-dir/MiniOzoneClusterImpl-58322414-df67-4d64-942a-a0d9644003f2/ozone-meta/datanode-3/data-0/hdds/58322414-df67-4d64-942a-a0d9644003f2/DS-6d8c73b5-bd49-4340-affc-f5cda0e0c957/container.db for volume DS-6d8c73b5-bd49-4340-affc-f5cda0e0c957
2024-03-05 10:11:44,432 [ForkJoinPool.commonPool-worker-4] INFO  utils.BackgroundService (BackgroundService.java:shutdown(160)) - Shutting down service BlockDeletingService
2024-03-05 10:11:44,432 [ForkJoinPool.commonPool-worker-4] INFO  utils.BackgroundService (BackgroundService.java:shutdown(160)) - Shutting down service StaleRecoveringContainerScrubbingService
2024-03-05 10:11:44,433 [ForkJoinPool.commonPool-worker-4] INFO  statemachine.DatanodeStateMachine (DatanodeStateMachine.java:stopDaemon(638)) - Ozone container server stopped.
2024-03-05 10:11:44,434 [ForkJoinPool.commonPool-worker-4] INFO  handler.ContextHandler (ContextHandler.java:doStop(1159)) - Stopped o.e.j.w.WebAppContext@d1406c2{hddsDatanode,/,null,STOPPED}{jar:file:/home/runner/.m2/repository/org/apache/ozone/hdds-container-service/1.5.0-SNAPSHOT/hdds-container-service-1.5.0-SNAPSHOT.jar!/webapps/hddsDatanode}
2024-03-05 10:11:44,435 [ForkJoinPool.commonPool-worker-4] INFO  server.AbstractConnector (AbstractConnector.java:doStop(383)) - Stopped ServerConnector@b1d9567{HTTP/1.1, (http/1.1)}{0.0.0.0:15294}
2024-03-05 10:11:44,435 [ForkJoinPool.commonPool-worker-4] INFO  server.session (HouseKeeper.java:stopScavenging(149)) - node0 Stopped scavenging
2024-03-05 10:11:44,436 [ForkJoinPool.commonPool-worker-4] INFO  handler.ContextHandler (ContextHandler.java:doStop(1159)) - Stopped o.e.j.s.ServletContextHandler@5190c1c4{static,/static,jar:file:/home/runner/.m2/repository/org/apache/ozone/hdds-container-service/1.5.0-SNAPSHOT/hdds-container-service-1.5.0-SNAPSHOT.jar!/webapps/static,STOPPED}
2024-03-05 10:11:44,436 [ForkJoinPool.commonPool-worker-4] INFO  handler.ContextHandler (ContextHandler.java:doStop(1159)) - Stopped o.e.j.s.ServletContextHandler@183bf445{logs,/logs,file:///home/runner/work/ozone/ozone/hadoop-ozone/integration-test/target/log,STOPPED}
2024-03-05 10:11:44,436 [ForkJoinPool.commonPool-worker-4] INFO  ozone.HddsDatanodeClientProtocolServer (HddsDatanodeClientProtocolServer.java:stop(83)) - Stopping the RPC server for Client Protocol
2024-03-05 10:11:44,437 [ForkJoinPool.commonPool-worker-4] INFO  ipc.Server (Server.java:stop(3523)) - Stopping server on 15295
2024-03-05 10:11:44,437 [IPC Server listener on 15295] INFO  ipc.Server (Server.java:run(1434)) - Stopping IPC Server listener on 15295
2024-03-05 10:11:44,438 [IPC Server Responder] INFO  ipc.Server (Server.java:run(1567)) - Stopping IPC Server Responder
2024-03-05 10:11:44,494 [ForkJoinPool.commonPool-worker-7] INFO  utils.DatanodeStoreCache (DatanodeStoreCache.java:shutdownCache(116)) - Skip clearing cache in mini cluster mode. Entries left: [/home/runner/work/ozone/ozone/hadoop-ozone/integration-test/target/test-dir/MiniOzoneClusterImpl-58322414-df67-4d64-942a-a0d9644003f2/ozone-meta/datanode-2/data-0/hdds/58322414-df67-4d64-942a-a0d9644003f2/DS-12c40230-dbe8-4087-936e-7de453bb3c77/container.db, /home/runner/work/ozone/ozone/hadoop-ozone/integration-test/target/test-dir/MiniOzoneClusterImpl-58322414-df67-4d64-942a-a0d9644003f2/ozone-meta/datanode-4/data-0/hdds/58322414-df67-4d64-942a-a0d9644003f2/DS-ea1b6bd8-014a-4953-9052-d7238f566040/container.db, /home/runner/work/ozone/ozone/hadoop-ozone/integration-test/target/test-dir/MiniOzoneClusterImpl-58322414-df67-4d64-942a-a0d9644003f2/ozone-meta/datanode-5/data-0/hdds/58322414-df67-4d64-942a-a0d9644003f2/DS-817bda44-bb11-4d84-9286-45c0a694d341/container.db, /home/runner/work/ozone/ozone/hadoop-ozone/integration-test/target/test-dir/MiniOzoneClusterImpl-58322414-df67-4d64-942a-a0d9644003f2/ozone-meta/datanode-6/data-0/hdds/58322414-df67-4d64-942a-a0d9644003f2/DS-679b0111-2b57-462d-b18d-2ee9beabe320/container.db, /home/runner/work/ozone/ozone/hadoop-ozone/integration-test/target/test-dir/MiniOzoneClusterImpl-58322414-df67-4d64-942a-a0d9644003f2/ozone-meta/datanode-7/data-0/hdds/58322414-df67-4d64-942a-a0d9644003f2/DS-d60b6945-2bf0-49fe-a3a2-cd93ca19a474/container.db, /home/runner/work/ozone/ozone/hadoop-ozone/integration-test/target/test-dir/MiniOzoneClusterImpl-58322414-df67-4d64-942a-a0d9644003f2/ozone-meta/datanode-8/data-0/hdds/58322414-df67-4d64-942a-a0d9644003f2/DS-039ad517-ce7d-4adb-a413-2ae07597885a/container.db, /home/runner/work/ozone/ozone/hadoop-ozone/integration-test/target/test-dir/MiniOzoneClusterImpl-58322414-df67-4d64-942a-a0d9644003f2/ozone-meta/datanode-9/data-0/hdds/58322414-df67-4d64-942a-a0d9644003f2/DS-103c11df-10bd-46cb-b3cd-a6451c91af17/container.db]
2024-03-05 10:11:44,494 [ForkJoinPool.commonPool-worker-7] INFO  utils.DatanodeStoreCache (DatanodeStoreCache.java:removeDB(110)) - Removed db /home/runner/work/ozone/ozone/hadoop-ozone/integration-test/target/test-dir/MiniOzoneClusterImpl-58322414-df67-4d64-942a-a0d9644003f2/ozone-meta/datanode-2/data-0/hdds/58322414-df67-4d64-942a-a0d9644003f2/DS-12c40230-dbe8-4087-936e-7de453bb3c77/container.db from cache
2024-03-05 10:11:44,494 [ForkJoinPool.commonPool-worker-7] INFO  volume.HddsVolume (HddsVolume.java:closeDbStore(451)) - SchemaV3 db is stopped at /home/runner/work/ozone/ozone/hadoop-ozone/integration-test/target/test-dir/MiniOzoneClusterImpl-58322414-df67-4d64-942a-a0d9644003f2/ozone-meta/datanode-2/data-0/hdds/58322414-df67-4d64-942a-a0d9644003f2/DS-12c40230-dbe8-4087-936e-7de453bb3c77/container.db for volume DS-12c40230-dbe8-4087-936e-7de453bb3c77
2024-03-05 10:11:44,495 [ForkJoinPool.commonPool-worker-7] INFO  utils.BackgroundService (BackgroundService.java:shutdown(160)) - Shutting down service BlockDeletingService
2024-03-05 10:11:44,495 [ForkJoinPool.commonPool-worker-7] INFO  utils.BackgroundService (BackgroundService.java:shutdown(160)) - Shutting down service StaleRecoveringContainerScrubbingService
2024-03-05 10:11:44,496 [ForkJoinPool.commonPool-worker-7] INFO  statemachine.DatanodeStateMachine (DatanodeStateMachine.java:stopDaemon(638)) - Ozone container server stopped.
2024-03-05 10:11:44,498 [ForkJoinPool.commonPool-worker-7] INFO  handler.ContextHandler (ContextHandler.java:doStop(1159)) - Stopped o.e.j.w.WebAppContext@330d72b4{hddsDatanode,/,null,STOPPED}{jar:file:/home/runner/.m2/repository/org/apache/ozone/hdds-container-service/1.5.0-SNAPSHOT/hdds-container-service-1.5.0-SNAPSHOT.jar!/webapps/hddsDatanode}
2024-03-05 10:11:44,498 [ForkJoinPool.commonPool-worker-7] INFO  server.AbstractConnector (AbstractConnector.java:doStop(383)) - Stopped ServerConnector@37b68042{HTTP/1.1, (http/1.1)}{0.0.0.0:15285}
2024-03-05 10:11:44,498 [ForkJoinPool.commonPool-worker-7] INFO  server.session (HouseKeeper.java:stopScavenging(149)) - node0 Stopped scavenging
2024-03-05 10:11:44,499 [ForkJoinPool.commonPool-worker-7] INFO  handler.ContextHandler (ContextHandler.java:doStop(1159)) - Stopped o.e.j.s.ServletContextHandler@8d8c2a{static,/static,jar:file:/home/runner/.m2/repository/org/apache/ozone/hdds-container-service/1.5.0-SNAPSHOT/hdds-container-service-1.5.0-SNAPSHOT.jar!/webapps/static,STOPPED}
2024-03-05 10:11:44,500 [ForkJoinPool.commonPool-worker-7] INFO  handler.ContextHandler (ContextHandler.java:doStop(1159)) - Stopped o.e.j.s.ServletContextHandler@3db9ec7c{logs,/logs,file:///home/runner/work/ozone/ozone/hadoop-ozone/integration-test/target/log,STOPPED}
2024-03-05 10:11:44,501 [ForkJoinPool.commonPool-worker-7] INFO  ozone.HddsDatanodeClientProtocolServer (HddsDatanodeClientProtocolServer.java:stop(83)) - Stopping the RPC server for Client Protocol
2024-03-05 10:11:44,506 [ForkJoinPool.commonPool-worker-7] INFO  ipc.Server (Server.java:stop(3523)) - Stopping server on 15286
2024-03-05 10:11:44,507 [IPC Server listener on 15286] INFO  ipc.Server (Server.java:run(1434)) - Stopping IPC Server listener on 15286
2024-03-05 10:11:44,507 [IPC Server Responder] INFO  ipc.Server (Server.java:run(1567)) - Stopping IPC Server Responder
2024-03-05 10:11:44,609 [ForkJoinPool.commonPool-worker-6] INFO  utils.DatanodeStoreCache (DatanodeStoreCache.java:shutdownCache(116)) - Skip clearing cache in mini cluster mode. Entries left: [/home/runner/work/ozone/ozone/hadoop-ozone/integration-test/target/test-dir/MiniOzoneClusterImpl-58322414-df67-4d64-942a-a0d9644003f2/ozone-meta/datanode-4/data-0/hdds/58322414-df67-4d64-942a-a0d9644003f2/DS-ea1b6bd8-014a-4953-9052-d7238f566040/container.db, /home/runner/work/ozone/ozone/hadoop-ozone/integration-test/target/test-dir/MiniOzoneClusterImpl-58322414-df67-4d64-942a-a0d9644003f2/ozone-meta/datanode-5/data-0/hdds/58322414-df67-4d64-942a-a0d9644003f2/DS-817bda44-bb11-4d84-9286-45c0a694d341/container.db, /home/runner/work/ozone/ozone/hadoop-ozone/integration-test/target/test-dir/MiniOzoneClusterImpl-58322414-df67-4d64-942a-a0d9644003f2/ozone-meta/datanode-6/data-0/hdds/58322414-df67-4d64-942a-a0d9644003f2/DS-679b0111-2b57-462d-b18d-2ee9beabe320/container.db, /home/runner/work/ozone/ozone/hadoop-ozone/integration-test/target/test-dir/MiniOzoneClusterImpl-58322414-df67-4d64-942a-a0d9644003f2/ozone-meta/datanode-7/data-0/hdds/58322414-df67-4d64-942a-a0d9644003f2/DS-d60b6945-2bf0-49fe-a3a2-cd93ca19a474/container.db, /home/runner/work/ozone/ozone/hadoop-ozone/integration-test/target/test-dir/MiniOzoneClusterImpl-58322414-df67-4d64-942a-a0d9644003f2/ozone-meta/datanode-8/data-0/hdds/58322414-df67-4d64-942a-a0d9644003f2/DS-039ad517-ce7d-4adb-a413-2ae07597885a/container.db, /home/runner/work/ozone/ozone/hadoop-ozone/integration-test/target/test-dir/MiniOzoneClusterImpl-58322414-df67-4d64-942a-a0d9644003f2/ozone-meta/datanode-9/data-0/hdds/58322414-df67-4d64-942a-a0d9644003f2/DS-103c11df-10bd-46cb-b3cd-a6451c91af17/container.db]
2024-03-05 10:11:44,610 [ForkJoinPool.commonPool-worker-6] INFO  utils.DatanodeStoreCache (DatanodeStoreCache.java:removeDB(110)) - Removed db /home/runner/work/ozone/ozone/hadoop-ozone/integration-test/target/test-dir/MiniOzoneClusterImpl-58322414-df67-4d64-942a-a0d9644003f2/ozone-meta/datanode-5/data-0/hdds/58322414-df67-4d64-942a-a0d9644003f2/DS-817bda44-bb11-4d84-9286-45c0a694d341/container.db from cache
2024-03-05 10:11:44,610 [ForkJoinPool.commonPool-worker-6] INFO  volume.HddsVolume (HddsVolume.java:closeDbStore(451)) - SchemaV3 db is stopped at /home/runner/work/ozone/ozone/hadoop-ozone/integration-test/target/test-dir/MiniOzoneClusterImpl-58322414-df67-4d64-942a-a0d9644003f2/ozone-meta/datanode-5/data-0/hdds/58322414-df67-4d64-942a-a0d9644003f2/DS-817bda44-bb11-4d84-9286-45c0a694d341/container.db for volume DS-817bda44-bb11-4d84-9286-45c0a694d341
2024-03-05 10:11:44,611 [ForkJoinPool.commonPool-worker-6] INFO  utils.BackgroundService (BackgroundService.java:shutdown(160)) - Shutting down service BlockDeletingService
2024-03-05 10:11:44,611 [ForkJoinPool.commonPool-worker-6] INFO  utils.BackgroundService (BackgroundService.java:shutdown(160)) - Shutting down service StaleRecoveringContainerScrubbingService
2024-03-05 10:11:44,613 [ForkJoinPool.commonPool-worker-6] INFO  statemachine.DatanodeStateMachine (DatanodeStateMachine.java:stopDaemon(638)) - Ozone container server stopped.
2024-03-05 10:11:44,615 [ForkJoinPool.commonPool-worker-6] INFO  handler.ContextHandler (ContextHandler.java:doStop(1159)) - Stopped o.e.j.w.WebAppContext@4d38bb66{hddsDatanode,/,null,STOPPED}{jar:file:/home/runner/.m2/repository/org/apache/ozone/hdds-container-service/1.5.0-SNAPSHOT/hdds-container-service-1.5.0-SNAPSHOT.jar!/webapps/hddsDatanode}
2024-03-05 10:11:44,615 [ForkJoinPool.commonPool-worker-6] INFO  server.AbstractConnector (AbstractConnector.java:doStop(383)) - Stopped ServerConnector@38ae445c{HTTP/1.1, (http/1.1)}{0.0.0.0:15312}
2024-03-05 10:11:44,615 [ForkJoinPool.commonPool-worker-6] INFO  server.session (HouseKeeper.java:stopScavenging(149)) - node0 Stopped scavenging
2024-03-05 10:11:44,616 [ForkJoinPool.commonPool-worker-6] INFO  handler.ContextHandler (ContextHandler.java:doStop(1159)) - Stopped o.e.j.s.ServletContextHandler@4739033b{static,/static,jar:file:/home/runner/.m2/repository/org/apache/ozone/hdds-container-service/1.5.0-SNAPSHOT/hdds-container-service-1.5.0-SNAPSHOT.jar!/webapps/static,STOPPED}
2024-03-05 10:11:44,617 [ForkJoinPool.commonPool-worker-6] INFO  handler.ContextHandler (ContextHandler.java:doStop(1159)) - Stopped o.e.j.s.ServletContextHandler@178792cf{logs,/logs,file:///home/runner/work/ozone/ozone/hadoop-ozone/integration-test/target/log,STOPPED}
2024-03-05 10:11:44,617 [ForkJoinPool.commonPool-worker-6] INFO  ozone.HddsDatanodeClientProtocolServer (HddsDatanodeClientProtocolServer.java:stop(83)) - Stopping the RPC server for Client Protocol
2024-03-05 10:11:44,618 [ForkJoinPool.commonPool-worker-6] INFO  ipc.Server (Server.java:stop(3523)) - Stopping server on 15313
2024-03-05 10:11:44,619 [IPC Server listener on 15313] INFO  ipc.Server (Server.java:run(1434)) - Stopping IPC Server listener on 15313
2024-03-05 10:11:44,619 [IPC Server Responder] INFO  ipc.Server (Server.java:run(1567)) - Stopping IPC Server Responder
2024-03-05 10:11:44,677 [ForkJoinPool.commonPool-worker-0] INFO  utils.DatanodeStoreCache (DatanodeStoreCache.java:shutdownCache(116)) - Skip clearing cache in mini cluster mode. Entries left: [/home/runner/work/ozone/ozone/hadoop-ozone/integration-test/target/test-dir/MiniOzoneClusterImpl-58322414-df67-4d64-942a-a0d9644003f2/ozone-meta/datanode-4/data-0/hdds/58322414-df67-4d64-942a-a0d9644003f2/DS-ea1b6bd8-014a-4953-9052-d7238f566040/container.db, /home/runner/work/ozone/ozone/hadoop-ozone/integration-test/target/test-dir/MiniOzoneClusterImpl-58322414-df67-4d64-942a-a0d9644003f2/ozone-meta/datanode-6/data-0/hdds/58322414-df67-4d64-942a-a0d9644003f2/DS-679b0111-2b57-462d-b18d-2ee9beabe320/container.db, /home/runner/work/ozone/ozone/hadoop-ozone/integration-test/target/test-dir/MiniOzoneClusterImpl-58322414-df67-4d64-942a-a0d9644003f2/ozone-meta/datanode-7/data-0/hdds/58322414-df67-4d64-942a-a0d9644003f2/DS-d60b6945-2bf0-49fe-a3a2-cd93ca19a474/container.db, /home/runner/work/ozone/ozone/hadoop-ozone/integration-test/target/test-dir/MiniOzoneClusterImpl-58322414-df67-4d64-942a-a0d9644003f2/ozone-meta/datanode-8/data-0/hdds/58322414-df67-4d64-942a-a0d9644003f2/DS-039ad517-ce7d-4adb-a413-2ae07597885a/container.db, /home/runner/work/ozone/ozone/hadoop-ozone/integration-test/target/test-dir/MiniOzoneClusterImpl-58322414-df67-4d64-942a-a0d9644003f2/ozone-meta/datanode-9/data-0/hdds/58322414-df67-4d64-942a-a0d9644003f2/DS-103c11df-10bd-46cb-b3cd-a6451c91af17/container.db]
2024-03-05 10:11:44,677 [ForkJoinPool.commonPool-worker-0] INFO  utils.DatanodeStoreCache (DatanodeStoreCache.java:removeDB(110)) - Removed db /home/runner/work/ozone/ozone/hadoop-ozone/integration-test/target/test-dir/MiniOzoneClusterImpl-58322414-df67-4d64-942a-a0d9644003f2/ozone-meta/datanode-4/data-0/hdds/58322414-df67-4d64-942a-a0d9644003f2/DS-ea1b6bd8-014a-4953-9052-d7238f566040/container.db from cache
2024-03-05 10:11:44,677 [ForkJoinPool.commonPool-worker-0] INFO  volume.HddsVolume (HddsVolume.java:closeDbStore(451)) - SchemaV3 db is stopped at /home/runner/work/ozone/ozone/hadoop-ozone/integration-test/target/test-dir/MiniOzoneClusterImpl-58322414-df67-4d64-942a-a0d9644003f2/ozone-meta/datanode-4/data-0/hdds/58322414-df67-4d64-942a-a0d9644003f2/DS-ea1b6bd8-014a-4953-9052-d7238f566040/container.db for volume DS-ea1b6bd8-014a-4953-9052-d7238f566040
2024-03-05 10:11:44,677 [ForkJoinPool.commonPool-worker-0] INFO  utils.BackgroundService (BackgroundService.java:shutdown(160)) - Shutting down service BlockDeletingService
2024-03-05 10:11:44,678 [ForkJoinPool.commonPool-worker-0] INFO  utils.BackgroundService (BackgroundService.java:shutdown(160)) - Shutting down service StaleRecoveringContainerScrubbingService
2024-03-05 10:11:44,678 [ForkJoinPool.commonPool-worker-0] INFO  statemachine.DatanodeStateMachine (DatanodeStateMachine.java:stopDaemon(638)) - Ozone container server stopped.
2024-03-05 10:11:44,680 [ForkJoinPool.commonPool-worker-0] INFO  handler.ContextHandler (ContextHandler.java:doStop(1159)) - Stopped o.e.j.w.WebAppContext@407d349b{hddsDatanode,/,null,STOPPED}{jar:file:/home/runner/.m2/repository/org/apache/ozone/hdds-container-service/1.5.0-SNAPSHOT/hdds-container-service-1.5.0-SNAPSHOT.jar!/webapps/hddsDatanode}
2024-03-05 10:11:44,680 [ForkJoinPool.commonPool-worker-0] INFO  server.AbstractConnector (AbstractConnector.java:doStop(383)) - Stopped ServerConnector@6f97729f{HTTP/1.1, (http/1.1)}{0.0.0.0:15303}
2024-03-05 10:11:44,680 [ForkJoinPool.commonPool-worker-0] INFO  server.session (HouseKeeper.java:stopScavenging(149)) - node0 Stopped scavenging
2024-03-05 10:11:44,681 [ForkJoinPool.commonPool-worker-0] INFO  handler.ContextHandler (ContextHandler.java:doStop(1159)) - Stopped o.e.j.s.ServletContextHandler@6f9e98ea{static,/static,jar:file:/home/runner/.m2/repository/org/apache/ozone/hdds-container-service/1.5.0-SNAPSHOT/hdds-container-service-1.5.0-SNAPSHOT.jar!/webapps/static,STOPPED}
2024-03-05 10:11:44,681 [ForkJoinPool.commonPool-worker-0] INFO  handler.ContextHandler (ContextHandler.java:doStop(1159)) - Stopped o.e.j.s.ServletContextHandler@7a4846b{logs,/logs,file:///home/runner/work/ozone/ozone/hadoop-ozone/integration-test/target/log,STOPPED}
2024-03-05 10:11:44,682 [ForkJoinPool.commonPool-worker-0] INFO  ozone.HddsDatanodeClientProtocolServer (HddsDatanodeClientProtocolServer.java:stop(83)) - Stopping the RPC server for Client Protocol
2024-03-05 10:11:44,682 [ForkJoinPool.commonPool-worker-0] INFO  ipc.Server (Server.java:stop(3523)) - Stopping server on 15304
2024-03-05 10:11:44,683 [IPC Server listener on 15304] INFO  ipc.Server (Server.java:run(1434)) - Stopping IPC Server listener on 15304
2024-03-05 10:11:44,683 [IPC Server Responder] INFO  ipc.Server (Server.java:run(1567)) - Stopping IPC Server Responder
2024-03-05 10:11:44,704 [main] INFO  utils.DatanodeStoreCache (DatanodeStoreCache.java:shutdownCache(116)) - Skip clearing cache in mini cluster mode. Entries left: [/home/runner/work/ozone/ozone/hadoop-ozone/integration-test/target/test-dir/MiniOzoneClusterImpl-58322414-df67-4d64-942a-a0d9644003f2/ozone-meta/datanode-6/data-0/hdds/58322414-df67-4d64-942a-a0d9644003f2/DS-679b0111-2b57-462d-b18d-2ee9beabe320/container.db, /home/runner/work/ozone/ozone/hadoop-ozone/integration-test/target/test-dir/MiniOzoneClusterImpl-58322414-df67-4d64-942a-a0d9644003f2/ozone-meta/datanode-7/data-0/hdds/58322414-df67-4d64-942a-a0d9644003f2/DS-d60b6945-2bf0-49fe-a3a2-cd93ca19a474/container.db, /home/runner/work/ozone/ozone/hadoop-ozone/integration-test/target/test-dir/MiniOzoneClusterImpl-58322414-df67-4d64-942a-a0d9644003f2/ozone-meta/datanode-8/data-0/hdds/58322414-df67-4d64-942a-a0d9644003f2/DS-039ad517-ce7d-4adb-a413-2ae07597885a/container.db, /home/runner/work/ozone/ozone/hadoop-ozone/integration-test/target/test-dir/MiniOzoneClusterImpl-58322414-df67-4d64-942a-a0d9644003f2/ozone-meta/datanode-9/data-0/hdds/58322414-df67-4d64-942a-a0d9644003f2/DS-103c11df-10bd-46cb-b3cd-a6451c91af17/container.db]
2024-03-05 10:11:44,704 [main] INFO  utils.DatanodeStoreCache (DatanodeStoreCache.java:removeDB(110)) - Removed db /home/runner/work/ozone/ozone/hadoop-ozone/integration-test/target/test-dir/MiniOzoneClusterImpl-58322414-df67-4d64-942a-a0d9644003f2/ozone-meta/datanode-6/data-0/hdds/58322414-df67-4d64-942a-a0d9644003f2/DS-679b0111-2b57-462d-b18d-2ee9beabe320/container.db from cache
2024-03-05 10:11:44,705 [main] INFO  volume.HddsVolume (HddsVolume.java:closeDbStore(451)) - SchemaV3 db is stopped at /home/runner/work/ozone/ozone/hadoop-ozone/integration-test/target/test-dir/MiniOzoneClusterImpl-58322414-df67-4d64-942a-a0d9644003f2/ozone-meta/datanode-6/data-0/hdds/58322414-df67-4d64-942a-a0d9644003f2/DS-679b0111-2b57-462d-b18d-2ee9beabe320/container.db for volume DS-679b0111-2b57-462d-b18d-2ee9beabe320
2024-03-05 10:11:44,705 [main] INFO  utils.BackgroundService (BackgroundService.java:shutdown(160)) - Shutting down service BlockDeletingService
2024-03-05 10:11:44,705 [main] INFO  utils.BackgroundService (BackgroundService.java:shutdown(160)) - Shutting down service StaleRecoveringContainerScrubbingService
2024-03-05 10:11:44,705 [main] INFO  statemachine.DatanodeStateMachine (DatanodeStateMachine.java:stopDaemon(638)) - Ozone container server stopped.
2024-03-05 10:11:44,706 [main] INFO  handler.ContextHandler (ContextHandler.java:doStop(1159)) - Stopped o.e.j.w.WebAppContext@25ba1054{hddsDatanode,/,null,STOPPED}{jar:file:/home/runner/.m2/repository/org/apache/ozone/hdds-container-service/1.5.0-SNAPSHOT/hdds-container-service-1.5.0-SNAPSHOT.jar!/webapps/hddsDatanode}
2024-03-05 10:11:44,706 [main] INFO  server.AbstractConnector (AbstractConnector.java:doStop(383)) - Stopped ServerConnector@1c578bb6{HTTP/1.1, (http/1.1)}{0.0.0.0:15321}
2024-03-05 10:11:44,706 [main] INFO  server.session (HouseKeeper.java:stopScavenging(149)) - node0 Stopped scavenging
2024-03-05 10:11:44,707 [main] INFO  handler.ContextHandler (ContextHandler.java:doStop(1159)) - Stopped o.e.j.s.ServletContextHandler@2ab72528{static,/static,jar:file:/home/runner/.m2/repository/org/apache/ozone/hdds-container-service/1.5.0-SNAPSHOT/hdds-container-service-1.5.0-SNAPSHOT.jar!/webapps/static,STOPPED}
2024-03-05 10:11:44,707 [main] INFO  handler.ContextHandler (ContextHandler.java:doStop(1159)) - Stopped o.e.j.s.ServletContextHandler@104e596a{logs,/logs,file:///home/runner/work/ozone/ozone/hadoop-ozone/integration-test/target/log,STOPPED}
2024-03-05 10:11:44,707 [main] INFO  ozone.HddsDatanodeClientProtocolServer (HddsDatanodeClientProtocolServer.java:stop(83)) - Stopping the RPC server for Client Protocol
2024-03-05 10:11:44,707 [main] INFO  ipc.Server (Server.java:stop(3523)) - Stopping server on 15322
2024-03-05 10:11:44,708 [IPC Server listener on 15322] INFO  ipc.Server (Server.java:run(1434)) - Stopping IPC Server listener on 15322
2024-03-05 10:11:44,708 [IPC Server Responder] INFO  ipc.Server (Server.java:run(1567)) - Stopping IPC Server Responder
2024-03-05 10:11:45,008 [ForkJoinPool.commonPool-worker-5] INFO  utils.DatanodeStoreCache (DatanodeStoreCache.java:shutdownCache(116)) - Skip clearing cache in mini cluster mode. Entries left: [/home/runner/work/ozone/ozone/hadoop-ozone/integration-test/target/test-dir/MiniOzoneClusterImpl-58322414-df67-4d64-942a-a0d9644003f2/ozone-meta/datanode-7/data-0/hdds/58322414-df67-4d64-942a-a0d9644003f2/DS-d60b6945-2bf0-49fe-a3a2-cd93ca19a474/container.db, /home/runner/work/ozone/ozone/hadoop-ozone/integration-test/target/test-dir/MiniOzoneClusterImpl-58322414-df67-4d64-942a-a0d9644003f2/ozone-meta/datanode-8/data-0/hdds/58322414-df67-4d64-942a-a0d9644003f2/DS-039ad517-ce7d-4adb-a413-2ae07597885a/container.db, /home/runner/work/ozone/ozone/hadoop-ozone/integration-test/target/test-dir/MiniOzoneClusterImpl-58322414-df67-4d64-942a-a0d9644003f2/ozone-meta/datanode-9/data-0/hdds/58322414-df67-4d64-942a-a0d9644003f2/DS-103c11df-10bd-46cb-b3cd-a6451c91af17/container.db]
2024-03-05 10:11:45,009 [ForkJoinPool.commonPool-worker-5] INFO  utils.DatanodeStoreCache (DatanodeStoreCache.java:removeDB(110)) - Removed db /home/runner/work/ozone/ozone/hadoop-ozone/integration-test/target/test-dir/MiniOzoneClusterImpl-58322414-df67-4d64-942a-a0d9644003f2/ozone-meta/datanode-8/data-0/hdds/58322414-df67-4d64-942a-a0d9644003f2/DS-039ad517-ce7d-4adb-a413-2ae07597885a/container.db from cache
2024-03-05 10:11:45,009 [ForkJoinPool.commonPool-worker-5] INFO  volume.HddsVolume (HddsVolume.java:closeDbStore(451)) - SchemaV3 db is stopped at /home/runner/work/ozone/ozone/hadoop-ozone/integration-test/target/test-dir/MiniOzoneClusterImpl-58322414-df67-4d64-942a-a0d9644003f2/ozone-meta/datanode-8/data-0/hdds/58322414-df67-4d64-942a-a0d9644003f2/DS-039ad517-ce7d-4adb-a413-2ae07597885a/container.db for volume DS-039ad517-ce7d-4adb-a413-2ae07597885a
2024-03-05 10:11:45,010 [ForkJoinPool.commonPool-worker-5] INFO  utils.BackgroundService (BackgroundService.java:shutdown(160)) - Shutting down service BlockDeletingService
2024-03-05 10:11:45,010 [ForkJoinPool.commonPool-worker-5] INFO  utils.BackgroundService (BackgroundService.java:shutdown(160)) - Shutting down service StaleRecoveringContainerScrubbingService
2024-03-05 10:11:45,010 [ForkJoinPool.commonPool-worker-5] INFO  statemachine.DatanodeStateMachine (DatanodeStateMachine.java:stopDaemon(638)) - Ozone container server stopped.
2024-03-05 10:11:45,012 [ForkJoinPool.commonPool-worker-5] INFO  handler.ContextHandler (ContextHandler.java:doStop(1159)) - Stopped o.e.j.w.WebAppContext@77b639e{hddsDatanode,/,null,STOPPED}{jar:file:/home/runner/.m2/repository/org/apache/ozone/hdds-container-service/1.5.0-SNAPSHOT/hdds-container-service-1.5.0-SNAPSHOT.jar!/webapps/hddsDatanode}
2024-03-05 10:11:45,013 [ForkJoinPool.commonPool-worker-5] INFO  server.AbstractConnector (AbstractConnector.java:doStop(383)) - Stopped ServerConnector@689316d8{HTTP/1.1, (http/1.1)}{0.0.0.0:15339}
2024-03-05 10:11:45,013 [ForkJoinPool.commonPool-worker-5] INFO  server.session (HouseKeeper.java:stopScavenging(149)) - node0 Stopped scavenging
2024-03-05 10:11:45,013 [ForkJoinPool.commonPool-worker-5] INFO  handler.ContextHandler (ContextHandler.java:doStop(1159)) - Stopped o.e.j.s.ServletContextHandler@30e648bc{static,/static,jar:file:/home/runner/.m2/repository/org/apache/ozone/hdds-container-service/1.5.0-SNAPSHOT/hdds-container-service-1.5.0-SNAPSHOT.jar!/webapps/static,STOPPED}
2024-03-05 10:11:45,014 [ForkJoinPool.commonPool-worker-5] INFO  handler.ContextHandler (ContextHandler.java:doStop(1159)) - Stopped o.e.j.s.ServletContextHandler@12f8f720{logs,/logs,file:///home/runner/work/ozone/ozone/hadoop-ozone/integration-test/target/log,STOPPED}
2024-03-05 10:11:45,014 [ForkJoinPool.commonPool-worker-5] INFO  ozone.HddsDatanodeClientProtocolServer (HddsDatanodeClientProtocolServer.java:stop(83)) - Stopping the RPC server for Client Protocol
2024-03-05 10:11:45,016 [ForkJoinPool.commonPool-worker-5] INFO  ipc.Server (Server.java:stop(3523)) - Stopping server on 15340
2024-03-05 10:11:45,018 [IPC Server listener on 15340] INFO  ipc.Server (Server.java:run(1434)) - Stopping IPC Server listener on 15340
2024-03-05 10:11:45,018 [IPC Server Responder] INFO  ipc.Server (Server.java:run(1567)) - Stopping IPC Server Responder
2024-03-05 10:11:45,038 [ForkJoinPool.commonPool-worker-1] INFO  utils.DatanodeStoreCache (DatanodeStoreCache.java:shutdownCache(116)) - Skip clearing cache in mini cluster mode. Entries left: [/home/runner/work/ozone/ozone/hadoop-ozone/integration-test/target/test-dir/MiniOzoneClusterImpl-58322414-df67-4d64-942a-a0d9644003f2/ozone-meta/datanode-7/data-0/hdds/58322414-df67-4d64-942a-a0d9644003f2/DS-d60b6945-2bf0-49fe-a3a2-cd93ca19a474/container.db, /home/runner/work/ozone/ozone/hadoop-ozone/integration-test/target/test-dir/MiniOzoneClusterImpl-58322414-df67-4d64-942a-a0d9644003f2/ozone-meta/datanode-9/data-0/hdds/58322414-df67-4d64-942a-a0d9644003f2/DS-103c11df-10bd-46cb-b3cd-a6451c91af17/container.db]
2024-03-05 10:11:45,039 [ForkJoinPool.commonPool-worker-1] INFO  utils.DatanodeStoreCache (DatanodeStoreCache.java:removeDB(110)) - Removed db /home/runner/work/ozone/ozone/hadoop-ozone/integration-test/target/test-dir/MiniOzoneClusterImpl-58322414-df67-4d64-942a-a0d9644003f2/ozone-meta/datanode-7/data-0/hdds/58322414-df67-4d64-942a-a0d9644003f2/DS-d60b6945-2bf0-49fe-a3a2-cd93ca19a474/container.db from cache
2024-03-05 10:11:45,039 [ForkJoinPool.commonPool-worker-1] INFO  volume.HddsVolume (HddsVolume.java:closeDbStore(451)) - SchemaV3 db is stopped at /home/runner/work/ozone/ozone/hadoop-ozone/integration-test/target/test-dir/MiniOzoneClusterImpl-58322414-df67-4d64-942a-a0d9644003f2/ozone-meta/datanode-7/data-0/hdds/58322414-df67-4d64-942a-a0d9644003f2/DS-d60b6945-2bf0-49fe-a3a2-cd93ca19a474/container.db for volume DS-d60b6945-2bf0-49fe-a3a2-cd93ca19a474
2024-03-05 10:11:45,040 [ForkJoinPool.commonPool-worker-1] INFO  utils.BackgroundService (BackgroundService.java:shutdown(160)) - Shutting down service BlockDeletingService
2024-03-05 10:11:45,040 [ForkJoinPool.commonPool-worker-1] INFO  utils.BackgroundService (BackgroundService.java:shutdown(160)) - Shutting down service StaleRecoveringContainerScrubbingService
2024-03-05 10:11:45,040 [ForkJoinPool.commonPool-worker-1] INFO  statemachine.DatanodeStateMachine (DatanodeStateMachine.java:stopDaemon(638)) - Ozone container server stopped.
2024-03-05 10:11:45,042 [ForkJoinPool.commonPool-worker-1] INFO  handler.ContextHandler (ContextHandler.java:doStop(1159)) - Stopped o.e.j.w.WebAppContext@49de2e63{hddsDatanode,/,null,STOPPED}{jar:file:/home/runner/.m2/repository/org/apache/ozone/hdds-container-service/1.5.0-SNAPSHOT/hdds-container-service-1.5.0-SNAPSHOT.jar!/webapps/hddsDatanode}
2024-03-05 10:11:45,043 [ForkJoinPool.commonPool-worker-1] INFO  server.AbstractConnector (AbstractConnector.java:doStop(383)) - Stopped ServerConnector@34011195{HTTP/1.1, (http/1.1)}{0.0.0.0:15330}
2024-03-05 10:11:45,043 [ForkJoinPool.commonPool-worker-1] INFO  server.session (HouseKeeper.java:stopScavenging(149)) - node0 Stopped scavenging
2024-03-05 10:11:45,044 [ForkJoinPool.commonPool-worker-1] INFO  handler.ContextHandler (ContextHandler.java:doStop(1159)) - Stopped o.e.j.s.ServletContextHandler@5526c68c{static,/static,jar:file:/home/runner/.m2/repository/org/apache/ozone/hdds-container-service/1.5.0-SNAPSHOT/hdds-container-service-1.5.0-SNAPSHOT.jar!/webapps/static,STOPPED}
2024-03-05 10:11:45,044 [ForkJoinPool.commonPool-worker-1] INFO  handler.ContextHandler (ContextHandler.java:doStop(1159)) - Stopped o.e.j.s.ServletContextHandler@34f267d0{logs,/logs,file:///home/runner/work/ozone/ozone/hadoop-ozone/integration-test/target/log,STOPPED}
2024-03-05 10:11:45,045 [ForkJoinPool.commonPool-worker-1] INFO  ozone.HddsDatanodeClientProtocolServer (HddsDatanodeClientProtocolServer.java:stop(83)) - Stopping the RPC server for Client Protocol
2024-03-05 10:11:45,045 [ForkJoinPool.commonPool-worker-1] INFO  ipc.Server (Server.java:stop(3523)) - Stopping server on 15331
2024-03-05 10:11:45,045 [IPC Server listener on 15331] INFO  ipc.Server (Server.java:run(1434)) - Stopping IPC Server listener on 15331
2024-03-05 10:11:45,046 [IPC Server Responder] INFO  ipc.Server (Server.java:run(1567)) - Stopping IPC Server Responder
2024-03-05 10:11:45,104 [ForkJoinPool.commonPool-worker-2] INFO  utils.DatanodeStoreCache (DatanodeStoreCache.java:shutdownCache(116)) - Skip clearing cache in mini cluster mode. Entries left: [/home/runner/work/ozone/ozone/hadoop-ozone/integration-test/target/test-dir/MiniOzoneClusterImpl-58322414-df67-4d64-942a-a0d9644003f2/ozone-meta/datanode-9/data-0/hdds/58322414-df67-4d64-942a-a0d9644003f2/DS-103c11df-10bd-46cb-b3cd-a6451c91af17/container.db]
2024-03-05 10:11:45,105 [ForkJoinPool.commonPool-worker-2] INFO  utils.DatanodeStoreCache (DatanodeStoreCache.java:removeDB(110)) - Removed db /home/runner/work/ozone/ozone/hadoop-ozone/integration-test/target/test-dir/MiniOzoneClusterImpl-58322414-df67-4d64-942a-a0d9644003f2/ozone-meta/datanode-9/data-0/hdds/58322414-df67-4d64-942a-a0d9644003f2/DS-103c11df-10bd-46cb-b3cd-a6451c91af17/container.db from cache
2024-03-05 10:11:45,105 [ForkJoinPool.commonPool-worker-2] INFO  volume.HddsVolume (HddsVolume.java:closeDbStore(451)) - SchemaV3 db is stopped at /home/runner/work/ozone/ozone/hadoop-ozone/integration-test/target/test-dir/MiniOzoneClusterImpl-58322414-df67-4d64-942a-a0d9644003f2/ozone-meta/datanode-9/data-0/hdds/58322414-df67-4d64-942a-a0d9644003f2/DS-103c11df-10bd-46cb-b3cd-a6451c91af17/container.db for volume DS-103c11df-10bd-46cb-b3cd-a6451c91af17
2024-03-05 10:11:45,105 [ForkJoinPool.commonPool-worker-2] INFO  utils.BackgroundService (BackgroundService.java:shutdown(160)) - Shutting down service BlockDeletingService
2024-03-05 10:11:45,105 [ForkJoinPool.commonPool-worker-2] INFO  utils.BackgroundService (BackgroundService.java:shutdown(160)) - Shutting down service StaleRecoveringContainerScrubbingService
2024-03-05 10:11:45,105 [ForkJoinPool.commonPool-worker-2] INFO  statemachine.DatanodeStateMachine (DatanodeStateMachine.java:stopDaemon(638)) - Ozone container server stopped.
2024-03-05 10:11:45,107 [ForkJoinPool.commonPool-worker-2] INFO  handler.ContextHandler (ContextHandler.java:doStop(1159)) - Stopped o.e.j.w.WebAppContext@20cef728{hddsDatanode,/,null,STOPPED}{jar:file:/home/runner/.m2/repository/org/apache/ozone/hdds-container-service/1.5.0-SNAPSHOT/hdds-container-service-1.5.0-SNAPSHOT.jar!/webapps/hddsDatanode}
2024-03-05 10:11:45,107 [ForkJoinPool.commonPool-worker-2] INFO  server.AbstractConnector (AbstractConnector.java:doStop(383)) - Stopped ServerConnector@2ce21e28{HTTP/1.1, (http/1.1)}{0.0.0.0:15348}
2024-03-05 10:11:45,107 [ForkJoinPool.commonPool-worker-2] INFO  server.session (HouseKeeper.java:stopScavenging(149)) - node0 Stopped scavenging
2024-03-05 10:11:45,107 [ForkJoinPool.commonPool-worker-2] INFO  handler.ContextHandler (ContextHandler.java:doStop(1159)) - Stopped o.e.j.s.ServletContextHandler@152334da{static,/static,jar:file:/home/runner/.m2/repository/org/apache/ozone/hdds-container-service/1.5.0-SNAPSHOT/hdds-container-service-1.5.0-SNAPSHOT.jar!/webapps/static,STOPPED}
2024-03-05 10:11:45,108 [ForkJoinPool.commonPool-worker-2] INFO  handler.ContextHandler (ContextHandler.java:doStop(1159)) - Stopped o.e.j.s.ServletContextHandler@3c3aa5d7{logs,/logs,file:///home/runner/work/ozone/ozone/hadoop-ozone/integration-test/target/log,STOPPED}
2024-03-05 10:11:45,108 [ForkJoinPool.commonPool-worker-2] INFO  ozone.HddsDatanodeClientProtocolServer (HddsDatanodeClientProtocolServer.java:stop(83)) - Stopping the RPC server for Client Protocol
2024-03-05 10:11:45,108 [ForkJoinPool.commonPool-worker-2] INFO  ipc.Server (Server.java:stop(3523)) - Stopping server on 15349
2024-03-05 10:11:45,109 [IPC Server listener on 15349] INFO  ipc.Server (Server.java:run(1434)) - Stopping IPC Server listener on 15349
2024-03-05 10:11:45,109 [IPC Server Responder] INFO  ipc.Server (Server.java:run(1567)) - Stopping IPC Server Responder
2024-03-05 10:11:45,109 [main] INFO  ozone.MiniOzoneClusterImpl (MiniOzoneClusterImpl.java:stopSCM(486)) - Stopping the StorageContainerManager
2024-03-05 10:11:45,109 [main] INFO  server.StorageContainerManager (StorageContainerManager.java:stop(1653)) - Container Balancer is not running.
2024-03-05 10:11:45,110 [main] INFO  server.StorageContainerManager (StorageContainerManager.java:stopReplicationManager(1786)) - Stopping Replication Manager Service.
2024-03-05 10:11:45,110 [main] INFO  replication.ReplicationManager (ReplicationManager.java:stop(328)) - Stopping Replication Monitor Thread.
2024-03-05 10:11:45,110 [main] INFO  server.StorageContainerManager (StorageContainerManager.java:stop(1662)) - Stopping the Datanode Admin Monitor.
2024-03-05 10:11:45,110 [UnderReplicatedProcessor] WARN  replication.UnhealthyReplicationProcessor (UnhealthyReplicationProcessor.java:run(180)) - UnderReplicatedProcessor interrupted. Exiting...
2024-03-05 10:11:45,110 [main] INFO  server.StorageContainerManager (StorageContainerManager.java:stop(1669)) - Stopping datanode service RPC server
2024-03-05 10:11:45,111 [main] INFO  server.SCMDatanodeProtocolServer (SCMDatanodeProtocolServer.java:stop(425)) - Stopping the RPC server for DataNodes
2024-03-05 10:11:45,111 [main] INFO  ipc.Server (Server.java:stop(3523)) - Stopping server on 15269
2024-03-05 10:11:45,111 [OverReplicatedProcessor] WARN  replication.UnhealthyReplicationProcessor (UnhealthyReplicationProcessor.java:run(180)) - OverReplicatedProcessor interrupted. Exiting...
2024-03-05 10:11:45,111 [ReplicationMonitor] INFO  replication.ReplicationManager (ReplicationManager.java:run(935)) - Replication Monitor Thread is stopped
2024-03-05 10:11:45,113 [IPC Server Responder] INFO  ipc.Server (Server.java:run(1567)) - Stopping IPC Server Responder
2024-03-05 10:11:45,113 [IPC Server listener on 15269] INFO  ipc.Server (Server.java:run(1434)) - Stopping IPC Server listener on 15269
2024-03-05 10:11:45,212 [SCMHeartbeatProcessor-0] WARN  node.NodeStateManager (NodeStateManager.java:scheduleNextHealthCheck(878)) - Current Thread is interrupted, shutting down HB processing thread for Node Manager.
2024-03-05 10:11:45,212 [main] INFO  server.StorageContainerManager (StorageContainerManager.java:stop(1677)) - Stopping block service RPC server
2024-03-05 10:11:45,212 [main] INFO  server.SCMBlockProtocolServer (SCMBlockProtocolServer.java:stop(170)) - Stopping the RPC server for Block Protocol
2024-03-05 10:11:45,212 [main] INFO  ipc.Server (Server.java:stop(3523)) - Stopping server on 15268
2024-03-05 10:11:45,214 [IPC Server listener on 15268] INFO  ipc.Server (Server.java:run(1434)) - Stopping IPC Server listener on 15268
2024-03-05 10:11:45,214 [IPC Server Responder] INFO  ipc.Server (Server.java:run(1567)) - Stopping IPC Server Responder
2024-03-05 10:11:45,214 [main] INFO  server.StorageContainerManager (StorageContainerManager.java:stop(1684)) - Stopping the StorageContainerLocationProtocol RPC server
2024-03-05 10:11:45,214 [main] INFO  server.SCMClientProtocolServer (SCMClientProtocolServer.java:stop(213)) - Stopping the RPC server for Client Protocol
2024-03-05 10:11:45,214 [main] INFO  ipc.Server (Server.java:stop(3523)) - Stopping server on 15267
2024-03-05 10:11:45,215 [IPC Server listener on 15267] INFO  ipc.Server (Server.java:run(1434)) - Stopping IPC Server listener on 15267
2024-03-05 10:11:45,216 [IPC Server Responder] INFO  ipc.Server (Server.java:run(1567)) - Stopping IPC Server Responder
2024-03-05 10:11:45,216 [main] INFO  server.StorageContainerManager (StorageContainerManager.java:stop(1691)) - Stopping Storage Container Manager HTTP server.
2024-03-05 10:11:45,217 [main] INFO  handler.ContextHandler (ContextHandler.java:doStop(1159)) - Stopped o.e.j.w.WebAppContext@4e4232d2{scm,/,null,STOPPED}{file:/home/runner/work/ozone/ozone/hadoop-ozone/integration-test/target/test-classes/webapps/scm}
2024-03-05 10:11:45,217 [main] INFO  server.AbstractConnector (AbstractConnector.java:doStop(383)) - Stopped ServerConnector@35edccfc{HTTP/1.1, (http/1.1)}{0.0.0.0:15270}
2024-03-05 10:11:45,218 [main] INFO  server.session (HouseKeeper.java:stopScavenging(149)) - node0 Stopped scavenging
2024-03-05 10:11:45,218 [main] INFO  handler.ContextHandler (ContextHandler.java:doStop(1159)) - Stopped o.e.j.s.ServletContextHandler@73185553{static,/static,file:///home/runner/work/ozone/ozone/hadoop-ozone/integration-test/target/test-classes/webapps/static,STOPPED}
2024-03-05 10:11:45,218 [main] INFO  handler.ContextHandler (ContextHandler.java:doStop(1159)) - Stopped o.e.j.s.ServletContextHandler@4c8bee11{logs,/logs,file:///home/runner/work/ozone/ozone/hadoop-ozone/integration-test/target/log,STOPPED}
2024-03-05 10:11:45,219 [main] INFO  server.StorageContainerManager (StorageContainerManager.java:stop(1699)) - Stopping SCM LayoutVersionManager Service.
2024-03-05 10:11:45,219 [main] INFO  server.StorageContainerManager (StorageContainerManager.java:stop(1711)) - Stopping Block Manager Service.
2024-03-05 10:11:45,219 [main] INFO  utils.BackgroundService (BackgroundService.java:shutdown(160)) - Shutting down service SCMBlockDeletingService
2024-03-05 10:11:45,219 [main] INFO  utils.BackgroundService (BackgroundService.java:shutdown(160)) - Shutting down service SCMBlockDeletingService
2024-03-05 10:11:45,220 [main] INFO  server.StorageContainerManager (StorageContainerManager.java:stop(1731)) - Stopping SCM Event Queue.
2024-03-05 10:11:45,221 [JvmPauseMonitor33] INFO  util.JvmPauseMonitor (JvmPauseMonitor.java:run(152)) - JvmPauseMonitor-59e30cee-0b08-446a-9868-1e01af09b4dd: Stopped
2024-03-05 10:11:45,221 [main] INFO  server.StorageContainerManager (StorageContainerManager.java:stop(1742)) - Stopping SCM HA services.
2024-03-05 10:11:45,221 [main] INFO  pipeline.BackgroundPipelineCreator (BackgroundPipelineCreator.java:stop(152)) - Stopping RatisPipelineUtilsThread.
2024-03-05 10:11:45,221 [RatisPipelineUtilsThread-0] WARN  pipeline.BackgroundPipelineCreator (BackgroundPipelineCreator.java:run(183)) - RatisPipelineUtilsThread is interrupted.
2024-03-05 10:11:45,221 [BackgroundPipelineScrubber] WARN  BackgroundPipelineScrubber (BackgroundSCMService.java:run(112)) - BackgroundPipelineScrubber is interrupted, exit
2024-03-05 10:11:45,221 [main] INFO  BackgroundPipelineScrubber (BackgroundSCMService.java:stop(128)) - Stopping BackgroundPipelineScrubber Service.
2024-03-05 10:11:45,222 [main] INFO  impl.MetricsSystemImpl (MetricsSystemImpl.java:stop(210)) - Stopping HddsDatanode metrics system...
2024-03-05 10:11:45,224 [prometheus] INFO  impl.MetricsSinkAdapter (MetricsSinkAdapter.java:publishMetricsFromQueue(141)) - prometheus thread interrupted.
2024-03-05 10:11:45,225 [main] INFO  impl.MetricsSystemImpl (MetricsSystemImpl.java:stop(216)) - HddsDatanode metrics system stopped.
2024-03-05 10:11:45,225 [main] WARN  pipeline.BackgroundPipelineCreator (BackgroundPipelineCreator.java:stop(148)) - RatisPipelineUtilsThread is not running, just ignore.
2024-03-05 10:11:45,225 [main] INFO  BackgroundPipelineScrubber (BackgroundSCMService.java:stop(123)) - BackgroundPipelineScrubber Service is not running, skip stop.
2024-03-05 10:11:45,225 [ExpiredContainerReplicaOpScrubber] WARN  ExpiredContainerReplicaOpScrubber (BackgroundSCMService.java:run(112)) - ExpiredContainerReplicaOpScrubber is interrupted, exit
2024-03-05 10:11:45,225 [main] INFO  ExpiredContainerReplicaOpScrubber (BackgroundSCMService.java:stop(128)) - Stopping ExpiredContainerReplicaOpScrubber Service.
2024-03-05 10:11:45,226 [main] INFO  utils.BackgroundService (BackgroundService.java:shutdown(160)) - Shutting down service SCMBlockDeletingService
2024-03-05 10:11:45,226 [main] INFO  replication.ReplicationManager (ReplicationManager.java:stop(338)) - Replication Monitor Thread is not running.
2024-03-05 10:11:45,226 [main] WARN  balancer.ContainerBalancer (ContainerBalancer.java:stop(327)) - Cannot stop Container Balancer because it's not running or stopping
2024-03-05 10:11:45,226 [LeaseManager#LeaseMonitor] WARN  lease.LeaseManager (LeaseManager.java:run(287)) - Lease manager is interrupted. Shutting down...
java.lang.InterruptedException
	at java.util.concurrent.locks.AbstractQueuedSynchronizer.doAcquireSharedNanos(AbstractQueuedSynchronizer.java:1039)
	at java.util.concurrent.locks.AbstractQueuedSynchronizer.tryAcquireSharedNanos(AbstractQueuedSynchronizer.java:1328)
	at java.util.concurrent.Semaphore.tryAcquire(Semaphore.java:409)
	at org.apache.hadoop.ozone.lease.LeaseManager$LeaseMonitor.run(LeaseManager.java:285)
	at java.lang.Thread.run(Thread.java:750)
2024-03-05 10:11:45,226 [main] INFO  server.StorageContainerManager (StorageContainerManager.java:stop(1777)) - Stopping SCM MetadataStore.
]]></system-out>
    </flakyError>
  </testcase>
</testsuite>