<?xml version="1.0" encoding="UTF-8"?>
<testsuite xmlns:xsi="http://www.w3.org/2001/XMLSchema-instance" xsi:noNamespaceSchemaLocation="https://maven.apache.org/surefire/maven-surefire-plugin/xsd/surefire-test-report-3.0.xsd" version="3.0" name="org.apache.hadoop.fs.ozone.contract.ITestOzoneContractDelete" time="50.508" tests="16" errors="0" skipped="0" failures="1">
  <properties>
    <property name="awt.toolkit" value="sun.awt.X11.XToolkit"/>
    <property name="file.encoding.pkg" value="sun.io"/>
    <property name="java.specification.version" value="1.8"/>
    <property name="sun.cpu.isalist" value=""/>
    <property name="sun.jnu.encoding" value="UTF-8"/>
    <property name="java.class.path" value="/home/runner/work/ozone/ozone/hadoop-ozone/integration-test/target/test-classes:/home/runner/work/ozone/ozone/hadoop-ozone/integration-test/target/classes:/home/runner/.m2/repository/org/apache/ozone/ozone-common/1.4.0-SNAPSHOT/ozone-common-1.4.0-SNAPSHOT.jar:/home/runner/.m2/repository/io/grpc/grpc-netty/1.51.1/grpc-netty-1.51.1.jar:/home/runner/.m2/repository/io/grpc/grpc-core/1.51.1/grpc-core-1.51.1.jar:/home/runner/.m2/repository/com/google/android/annotations/4.1.1.4/annotations-4.1.1.4.jar:/home/runner/.m2/repository/org/codehaus/mojo/animal-sniffer-annotations/1.21/animal-sniffer-annotations-1.21.jar:/home/runner/.m2/repository/com/google/errorprone/error_prone_annotations/2.2.0/error_prone_annotations-2.2.0.jar:/home/runner/.m2/repository/io/perfmark/perfmark-api/0.25.0/perfmark-api-0.25.0.jar:/home/runner/.m2/repository/io/netty/netty-codec-http2/4.1.86.Final/netty-codec-http2-4.1.86.Final.jar:/home/runner/.m2/repository/io/netty/netty-common/4.1.86.Final/netty-common-4.1.86.Final.jar:/home/runner/.m2/repository/io/netty/netty-buffer/4.1.86.Final/netty-buffer-4.1.86.Final.jar:/home/runner/.m2/repository/io/netty/netty-codec-http/4.1.86.Final/netty-codec-http-4.1.86.Final.jar:/home/runner/.m2/repository/io/netty/netty-handler-proxy/4.1.86.Final/netty-handler-proxy-4.1.86.Final.jar:/home/runner/.m2/repository/io/netty/netty-codec-socks/4.1.86.Final/netty-codec-socks-4.1.86.Final.jar:/home/runner/.m2/repository/io/netty/netty-tcnative-boringssl-static/2.0.54.Final/netty-tcnative-boringssl-static-2.0.54.Final.jar:/home/runner/.m2/repository/io/netty/netty-tcnative-classes/2.0.54.Final/netty-tcnative-classes-2.0.54.Final.jar:/home/runner/.m2/repository/io/netty/netty-tcnative-boringssl-static/2.0.54.Final/netty-tcnative-boringssl-static-2.0.54.Final-linux-x86_64.jar:/home/runner/.m2/repository/io/netty/netty-tcnative-boringssl-static/2.0.54.Final/netty-tcnative-boringssl-static-2.0.54.Final-linux-aarch_64.jar:/home/runner/.m2/repository/io/netty/netty-tcnative-boringssl-static/2.0.54.Final/netty-tcnative-boringssl-static-2.0.54.Final-osx-x86_64.jar:/home/runner/.m2/repository/io/netty/netty-tcnative-boringssl-static/2.0.54.Final/netty-tcnative-boringssl-static-2.0.54.Final-osx-aarch_64.jar:/home/runner/.m2/repository/io/netty/netty-tcnative-boringssl-static/2.0.54.Final/netty-tcnative-boringssl-static-2.0.54.Final-windows-x86_64.jar:/home/runner/.m2/repository/org/apache/commons/commons-compress/1.21/commons-compress-1.21.jar:/home/runner/.m2/repository/org/apache/ozone/hdds-common/1.4.0-SNAPSHOT/hdds-common-1.4.0-SNAPSHOT.jar:/home/runner/.m2/repository/org/apache/ozone/hdds-client/1.4.0-SNAPSHOT/hdds-client-1.4.0-SNAPSHOT.jar:/home/runner/.m2/repository/org/apache/ozone/ozone-interface-client/1.4.0-SNAPSHOT/ozone-interface-client-1.4.0-SNAPSHOT.jar:/home/runner/.m2/repository/org/apache/ozone/hdds-test-utils/1.4.0-SNAPSHOT/hdds-test-utils-1.4.0-SNAPSHOT.jar:/home/runner/.m2/repository/com/google/guava/guava/31.1-jre/guava-31.1-jre.jar:/home/runner/.m2/repository/com/google/guava/failureaccess/1.0.1/failureaccess-1.0.1.jar:/home/runner/.m2/repository/com/google/guava/listenablefuture/9999.0-empty-to-avoid-conflict-with-guava/listenablefuture-9999.0-empty-to-avoid-conflict-with-guava.jar:/home/runner/.m2/repository/com/google/code/findbugs/jsr305/3.0.0/jsr305-3.0.0.jar:/home/runner/.m2/repository/org/checkerframework/checker-qual/3.12.0/checker-qual-3.12.0.jar:/home/runner/.m2/repository/com/google/j2objc/j2objc-annotations/1.3/j2objc-annotations-1.3.jar:/home/runner/.m2/repository/commons-io/commons-io/2.11.0/commons-io-2.11.0.jar:/home/runner/.m2/repository/commons-logging/commons-logging/1.2/commons-logging-1.2.jar:/home/runner/.m2/repository/ch/qos/reload4j/reload4j/1.2.22/reload4j-1.2.22.jar:/home/runner/.m2/repository/org/slf4j/slf4j-api/1.7.36/slf4j-api-1.7.36.jar:/home/runner/.m2/repository/org/apache/ozone/hdds-server-scm/1.4.0-SNAPSHOT/hdds-server-scm-1.4.0-SNAPSHOT.jar:/home/runner/.m2/repository/org/apache/ozone/hdds-container-service/1.4.0-SNAPSHOT/hdds-container-service-1.4.0-SNAPSHOT.jar:/home/runner/.m2/repository/org/apache/ozone/hdds-hadoop-dependency-server/1.4.0-SNAPSHOT/hdds-hadoop-dependency-server-1.4.0-SNAPSHOT.jar:/home/runner/.m2/repository/org/apache/hadoop/hadoop-hdfs/3.3.4/hadoop-hdfs-3.3.4.jar:/home/runner/.m2/repository/org/eclipse/jetty/jetty-util-ajax/9.4.49.v20220914/jetty-util-ajax-9.4.49.v20220914.jar:/home/runner/.m2/repository/commons-daemon/commons-daemon/1.0.13/commons-daemon-1.0.13.jar:/home/runner/.m2/repository/org/apache/ozone/hdds-server-framework/1.4.0-SNAPSHOT/hdds-server-framework-1.4.0-SNAPSHOT.jar:/home/runner/.m2/repository/org/apache/ozone/hdds-interface-server/1.4.0-SNAPSHOT/hdds-interface-server-1.4.0-SNAPSHOT.jar:/home/runner/.m2/repository/org/apache/commons/commons-configuration2/2.1.1/commons-configuration2-2.1.1.jar:/home/runner/.m2/repository/org/apache/logging/log4j/log4j-core/2.17.1/log4j-core-2.17.1.jar:/home/runner/.m2/repository/com/lmax/disruptor/3.4.2/disruptor-3.4.2.jar:/home/runner/.m2/repository/org/eclipse/jetty/jetty-servlet/9.4.49.v20220914/jetty-servlet-9.4.49.v20220914.jar:/home/runner/.m2/repository/org/eclipse/jetty/jetty-security/9.4.49.v20220914/jetty-security-9.4.49.v20220914.jar:/home/runner/.m2/repository/org/rocksdb/rocksdbjni/7.7.3/rocksdbjni-7.7.3.jar:/home/runner/.m2/repository/io/prometheus/simpleclient_dropwizard/0.7.0/simpleclient_dropwizard-0.7.0.jar:/home/runner/.m2/repository/io/prometheus/simpleclient/0.7.0/simpleclient-0.7.0.jar:/home/runner/.m2/repository/io/prometheus/simpleclient_common/0.7.0/simpleclient_common-0.7.0.jar:/home/runner/.m2/repository/com/github/spotbugs/spotbugs-annotations/3.1.12/spotbugs-annotations-3.1.12.jar:/home/runner/.m2/repository/org/awaitility/awaitility/4.2.0/awaitility-4.2.0.jar:/home/runner/.m2/repository/org/hamcrest/hamcrest/2.1/hamcrest-2.1.jar:/home/runner/.m2/repository/io/dropwizard/metrics/metrics-core/3.2.4/metrics-core-3.2.4.jar:/home/runner/.m2/repository/org/apache/commons/commons-text/1.4/commons-text-1.4.jar:/home/runner/.m2/repository/org/apache/hadoop/hadoop-hdfs-client/3.3.4/hadoop-hdfs-client-3.3.4.jar:/home/runner/.m2/repository/com/squareup/okhttp3/okhttp/4.9.3/okhttp-4.9.3.jar:/home/runner/.m2/repository/com/squareup/okio/okio/2.8.0/okio-2.8.0.jar:/home/runner/.m2/repository/org/jetbrains/kotlin/kotlin-stdlib-common/1.6.21/kotlin-stdlib-common-1.6.21.jar:/home/runner/.m2/repository/org/bouncycastle/bcprov-jdk15on/1.67/bcprov-jdk15on-1.67.jar:/home/runner/.m2/repository/com/google/protobuf/protobuf-java/2.5.0/protobuf-java-2.5.0.jar:/home/runner/.m2/repository/org/apache/ozone/ozone-manager/1.4.0-SNAPSHOT/ozone-manager-1.4.0-SNAPSHOT.jar:/home/runner/.m2/repository/org/aspectj/aspectjrt/1.9.7/aspectjrt-1.9.7.jar:/home/runner/.m2/repository/org/aspectj/aspectjweaver/1.9.7/aspectjweaver-1.9.7.jar:/home/runner/.m2/repository/org/apache/ozone/hdds-interface-client/1.4.0-SNAPSHOT/hdds-interface-client-1.4.0-SNAPSHOT.jar:/home/runner/.m2/repository/org/apache/hadoop/thirdparty/hadoop-shaded-protobuf_3_7/1.1.1/hadoop-shaded-protobuf_3_7-1.1.1.jar:/home/runner/.m2/repository/org/apache/ratis/ratis-thirdparty-misc/1.0.3/ratis-thirdparty-misc-1.0.3.jar:/home/runner/.m2/repository/org/apache/ozone/ozone-interface-storage/1.4.0-SNAPSHOT/ozone-interface-storage-1.4.0-SNAPSHOT.jar:/home/runner/.m2/repository/org/apache/ozone/rocksdb-checkpoint-differ/1.4.0-SNAPSHOT/rocksdb-checkpoint-differ-1.4.0-SNAPSHOT.jar:/home/runner/.m2/repository/org/reflections/reflections/0.9.11/reflections-0.9.11.jar:/home/runner/.m2/repository/com/sun/jersey/jersey-client/1.19/jersey-client-1.19.jar:/home/runner/.m2/repository/org/apache/ranger/ranger-intg/2.3.0/ranger-intg-2.3.0.jar:/home/runner/.m2/repository/org/apache/ranger/ranger-plugins-common/2.3.0/ranger-plugins-common-2.3.0.jar:/home/runner/.m2/repository/commons-lang/commons-lang/2.6/commons-lang-2.6.jar:/home/runner/.m2/repository/org/apache/ranger/ranger-plugins-cred/2.3.0/ranger-plugins-cred-2.3.0.jar:/home/runner/.m2/repository/org/apache/ranger/ranger-plugins-audit/2.3.0/ranger-plugins-audit-2.3.0.jar:/home/runner/.m2/repository/org/eclipse/jetty/jetty-client/9.4.49.v20220914/jetty-client-9.4.49.v20220914.jar:/home/runner/.m2/repository/org/apache/httpcomponents/httpmime/4.5.6/httpmime-4.5.6.jar:/home/runner/.m2/repository/org/apache/httpcomponents/httpcore-nio/4.4.13/httpcore-nio-4.4.13.jar:/home/runner/.m2/repository/org/apache/httpcomponents/httpasyncclient/4.1.3/httpasyncclient-4.1.3.jar:/home/runner/.m2/repository/com/carrotsearch/hppc/0.8.0/hppc-0.8.0.jar:/home/runner/.m2/repository/org/apache/orc/orc-core/1.5.8/orc-core-1.5.8.jar:/home/runner/.m2/repository/net/java/dev/jna/jna/5.2.0/jna-5.2.0.jar:/home/runner/.m2/repository/net/java/dev/jna/jna-platform/5.2.0/jna-platform-5.2.0.jar:/home/runner/.m2/repository/com/kstruct/gethostname4j/0.0.2/gethostname4j-0.0.2.jar:/home/runner/.m2/repository/org/apache/ranger/ranger-plugin-classloader/2.3.0/ranger-plugin-classloader-2.3.0.jar:/home/runner/.m2/repository/org/apache/hadoop/hadoop-minikdc/3.3.4/hadoop-minikdc-3.3.4.jar:/home/runner/.m2/repository/org/apache/kerby/kerb-simplekdc/1.0.1/kerb-simplekdc-1.0.1.jar:/home/runner/.m2/repository/org/apache/kerby/kerb-client/1.0.1/kerb-client-1.0.1.jar:/home/runner/.m2/repository/org/apache/kerby/kerby-config/1.0.1/kerby-config-1.0.1.jar:/home/runner/.m2/repository/org/apache/kerby/kerb-common/1.0.1/kerb-common-1.0.1.jar:/home/runner/.m2/repository/org/apache/kerby/kerb-crypto/1.0.1/kerb-crypto-1.0.1.jar:/home/runner/.m2/repository/org/apache/kerby/kerb-util/1.0.1/kerb-util-1.0.1.jar:/home/runner/.m2/repository/org/apache/kerby/token-provider/1.0.1/token-provider-1.0.1.jar:/home/runner/.m2/repository/org/apache/kerby/kerb-admin/1.0.1/kerb-admin-1.0.1.jar:/home/runner/.m2/repository/org/apache/kerby/kerb-server/1.0.1/kerb-server-1.0.1.jar:/home/runner/.m2/repository/org/apache/kerby/kerb-identity/1.0.1/kerb-identity-1.0.1.jar:/home/runner/.m2/repository/org/apache/kerby/kerby-xdr/1.0.1/kerby-xdr-1.0.1.jar:/home/runner/.m2/repository/org/apache/ozone/ozone-s3gateway/1.4.0-SNAPSHOT/ozone-s3gateway-1.4.0-SNAPSHOT.jar:/home/runner/.m2/repository/org/javassist/javassist/3.21.0-GA/javassist-3.21.0-GA.jar:/home/runner/.m2/repository/org/jboss/weld/servlet/weld-servlet/2.4.7.Final/weld-servlet-2.4.7.Final.jar:/home/runner/.m2/repository/org/glassfish/jersey/containers/jersey-container-servlet-core/2.34/jersey-container-servlet-core-2.34.jar:/home/runner/.m2/repository/org/glassfish/hk2/external/jakarta.inject/2.6.1/jakarta.inject-2.6.1.jar:/home/runner/.m2/repository/org/glassfish/jersey/core/jersey-common/2.34/jersey-common-2.34.jar:/home/runner/.m2/repository/jakarta/ws/rs/jakarta.ws.rs-api/2.1.6/jakarta.ws.rs-api-2.1.6.jar:/home/runner/.m2/repository/org/glassfish/jersey/ext/cdi/jersey-cdi1x/2.34/jersey-cdi1x-2.34.jar:/home/runner/.m2/repository/org/glassfish/jersey/inject/jersey-hk2/2.34/jersey-hk2-2.34.jar:/home/runner/.m2/repository/org/glassfish/hk2/hk2-locator/2.6.1/hk2-locator-2.6.1.jar:/home/runner/.m2/repository/org/glassfish/jersey/media/jersey-media-jaxb/2.34/jersey-media-jaxb-2.34.jar:/home/runner/.m2/repository/org/glassfish/hk2/osgi-resource-locator/1.0.3/osgi-resource-locator-1.0.3.jar:/home/runner/.m2/repository/org/glassfish/hk2/hk2-api/2.5.0/hk2-api-2.5.0.jar:/home/runner/.m2/repository/org/glassfish/hk2/hk2-utils/2.5.0/hk2-utils-2.5.0.jar:/home/runner/.m2/repository/org/glassfish/hk2/external/aopalliance-repackaged/2.5.0/aopalliance-repackaged-2.5.0.jar:/home/runner/.m2/repository/com/fasterxml/jackson/dataformat/jackson-dataformat-xml/2.13.4/jackson-dataformat-xml-2.13.4.jar:/home/runner/.m2/repository/com/fasterxml/jackson/core/jackson-core/2.13.4/jackson-core-2.13.4.jar:/home/runner/.m2/repository/org/codehaus/woodstox/stax2-api/4.2.1/stax2-api-4.2.1.jar:/home/runner/.m2/repository/com/fasterxml/woodstox/woodstox-core/5.4.0/woodstox-core-5.4.0.jar:/home/runner/.m2/repository/com/fasterxml/jackson/module/jackson-module-jaxb-annotations/2.13.4/jackson-module-jaxb-annotations-2.13.4.jar:/home/runner/.m2/repository/jakarta/xml/bind/jakarta.xml.bind-api/2.3.3/jakarta.xml.bind-api-2.3.3.jar:/home/runner/.m2/repository/jakarta/activation/jakarta.activation-api/1.2.2/jakarta.activation-api-1.2.2.jar:/home/runner/.m2/repository/javax/enterprise/cdi-api/1.2/cdi-api-1.2.jar:/home/runner/.m2/repository/javax/el/javax.el-api/3.0.0/javax.el-api-3.0.0.jar:/home/runner/.m2/repository/javax/interceptor/javax.interceptor-api/1.2/javax.interceptor-api-1.2.jar:/home/runner/.m2/repository/javax/inject/javax.inject/1/javax.inject-1.jar:/home/runner/.m2/repository/javax/xml/bind/jaxb-api/2.3.0/jaxb-api-2.3.0.jar:/home/runner/.m2/repository/org/glassfish/jaxb/jaxb-runtime/2.3.0.1/jaxb-runtime-2.3.0.1.jar:/home/runner/.m2/repository/org/glassfish/jaxb/jaxb-core/2.3.0.1/jaxb-core-2.3.0.1.jar:/home/runner/.m2/repository/org/glassfish/jaxb/txw2/2.3.0.1/txw2-2.3.0.1.jar:/home/runner/.m2/repository/com/sun/istack/istack-commons-runtime/3.0.5/istack-commons-runtime-3.0.5.jar:/home/runner/.m2/repository/org/jvnet/staxex/stax-ex/1.7.8/stax-ex-1.7.8.jar:/home/runner/.m2/repository/com/sun/xml/fastinfoset/FastInfoset/1.2.13/FastInfoset-1.2.13.jar:/home/runner/.m2/repository/javax/activation/activation/1.1.1/activation-1.1.1.jar:/home/runner/.m2/repository/io/grpc/grpc-protobuf/1.51.1/grpc-protobuf-1.51.1.jar:/home/runner/.m2/repository/io/grpc/grpc-api/1.51.1/grpc-api-1.51.1.jar:/home/runner/.m2/repository/io/grpc/grpc-context/1.51.1/grpc-context-1.51.1.jar:/home/runner/.m2/repository/com/google/api/grpc/proto-google-common-protos/2.9.0/proto-google-common-protos-2.9.0.jar:/home/runner/.m2/repository/io/grpc/grpc-protobuf-lite/1.51.1/grpc-protobuf-lite-1.51.1.jar:/home/runner/.m2/repository/io/grpc/grpc-stub/1.51.1/grpc-stub-1.51.1.jar:/home/runner/.m2/repository/io/netty/netty-transport/4.1.86.Final/netty-transport-4.1.86.Final.jar:/home/runner/.m2/repository/io/netty/netty-resolver/4.1.86.Final/netty-resolver-4.1.86.Final.jar:/home/runner/.m2/repository/org/apache/ozone/ozone-csi/1.4.0-SNAPSHOT/ozone-csi-1.4.0-SNAPSHOT.jar:/home/runner/.m2/repository/com/google/protobuf/protobuf-java-util/3.19.6/protobuf-java-util-3.19.6.jar:/home/runner/.m2/repository/com/google/code/gson/gson/2.9.0/gson-2.9.0.jar:/home/runner/.m2/repository/org/apache/ozone/hdds-config/1.4.0-SNAPSHOT/hdds-config-1.4.0-SNAPSHOT.jar:/home/runner/.m2/repository/io/netty/netty-transport-native-epoll/4.1.86.Final/netty-transport-native-epoll-4.1.86.Final-linux-x86_64.jar:/home/runner/.m2/repository/io/netty/netty-transport-classes-epoll/4.1.86.Final/netty-transport-classes-epoll-4.1.86.Final.jar:/home/runner/.m2/repository/io/netty/netty-transport-native-unix-common/4.1.86.Final/netty-transport-native-unix-common-4.1.86.Final.jar:/home/runner/.m2/repository/org/slf4j/slf4j-reload4j/1.7.36/slf4j-reload4j-1.7.36.jar:/home/runner/.m2/repository/org/apache/ozone/ozone-recon/1.4.0-SNAPSHOT/ozone-recon-1.4.0-SNAPSHOT.jar:/home/runner/.m2/repository/org/apache/ozone/ozone-reconcodegen/1.4.0-SNAPSHOT/ozone-reconcodegen-1.4.0-SNAPSHOT.jar:/home/runner/.m2/repository/com/google/inject/extensions/guice-multibindings/4.0/guice-multibindings-4.0.jar:/home/runner/.m2/repository/com/google/inject/guice/4.0/guice-4.0.jar:/home/runner/.m2/repository/aopalliance/aopalliance/1.0/aopalliance-1.0.jar:/home/runner/.m2/repository/com/google/inject/extensions/guice-assistedinject/4.0/guice-assistedinject-4.0.jar:/home/runner/.m2/repository/com/google/inject/extensions/guice-servlet/4.0/guice-servlet-4.0.jar:/home/runner/.m2/repository/org/glassfish/jersey/containers/jersey-container-servlet/2.34/jersey-container-servlet-2.34.jar:/home/runner/.m2/repository/org/glassfish/hk2/guice-bridge/2.5.0/guice-bridge-2.5.0.jar:/home/runner/.m2/repository/org/glassfish/jersey/core/jersey-server/2.34/jersey-server-2.34.jar:/home/runner/.m2/repository/org/glassfish/jersey/core/jersey-client/2.34/jersey-client-2.34.jar:/home/runner/.m2/repository/jakarta/annotation/jakarta.annotation-api/1.3.5/jakarta.annotation-api-1.3.5.jar:/home/runner/.m2/repository/jakarta/validation/jakarta.validation-api/2.0.2/jakarta.validation-api-2.0.2.jar:/home/runner/.m2/repository/org/glassfish/jersey/media/jersey-media-json-jackson/2.34/jersey-media-json-jackson-2.34.jar:/home/runner/.m2/repository/org/glassfish/jersey/ext/jersey-entity-filtering/2.34/jersey-entity-filtering-2.34.jar:/home/runner/.m2/repository/org/jooq/jooq/3.11.10/jooq-3.11.10.jar:/home/runner/.m2/repository/org/jooq/jooq-meta/3.11.10/jooq-meta-3.11.10.jar:/home/runner/.m2/repository/org/jooq/jooq-codegen/3.11.10/jooq-codegen-3.11.10.jar:/home/runner/.m2/repository/com/jolbox/bonecp/0.8.0.RELEASE/bonecp-0.8.0.RELEASE.jar:/home/runner/.m2/repository/org/apache/derby/derby/10.14.2.0/derby-10.14.2.0.jar:/home/runner/.m2/repository/org/xerial/sqlite-jdbc/3.25.2/sqlite-jdbc-3.25.2.jar:/home/runner/.m2/repository/org/springframework/spring-jdbc/5.3.23/spring-jdbc-5.3.23.jar:/home/runner/.m2/repository/org/springframework/spring-beans/5.3.23/spring-beans-5.3.23.jar:/home/runner/.m2/repository/org/springframework/spring-core/5.3.23/spring-core-5.3.23.jar:/home/runner/.m2/repository/org/springframework/spring-jcl/5.3.23/spring-jcl-5.3.23.jar:/home/runner/.m2/repository/org/springframework/spring-tx/5.3.23/spring-tx-5.3.23.jar:/home/runner/.m2/repository/org/apache/ozone/ozone-client/1.4.0-SNAPSHOT/ozone-client-1.4.0-SNAPSHOT.jar:/home/runner/.m2/repository/org/apache/ozone/hdds-erasurecode/1.4.0-SNAPSHOT/hdds-erasurecode-1.4.0-SNAPSHOT.jar:/home/runner/.m2/repository/org/apache/ozone/ozone-filesystem/1.4.0-SNAPSHOT/ozone-filesystem-1.4.0-SNAPSHOT.jar:/home/runner/.m2/repository/org/apache/ozone/ozone-filesystem-common/1.4.0-SNAPSHOT/ozone-filesystem-common-1.4.0-SNAPSHOT.jar:/home/runner/.m2/repository/org/apache/ozone/ozone-tools/1.4.0-SNAPSHOT/ozone-tools-1.4.0-SNAPSHOT.jar:/home/runner/.m2/repository/com/amazonaws/aws-java-sdk-core/1.12.261/aws-java-sdk-core-1.12.261.jar:/home/runner/.m2/repository/org/apache/httpcomponents/httpclient/4.5.13/httpclient-4.5.13.jar:/home/runner/.m2/repository/org/apache/httpcomponents/httpcore/4.4.13/httpcore-4.4.13.jar:/home/runner/.m2/repository/software/amazon/ion/ion-java/1.0.2/ion-java-1.0.2.jar:/home/runner/.m2/repository/com/fasterxml/jackson/dataformat/jackson-dataformat-cbor/2.13.4/jackson-dataformat-cbor-2.13.4.jar:/home/runner/.m2/repository/joda-time/joda-time/2.10.6/joda-time-2.10.6.jar:/home/runner/.m2/repository/com/amazonaws/aws-java-sdk-s3/1.12.261/aws-java-sdk-s3-1.12.261.jar:/home/runner/.m2/repository/com/amazonaws/aws-java-sdk-kms/1.12.261/aws-java-sdk-kms-1.12.261.jar:/home/runner/.m2/repository/com/amazonaws/jmespath-java/1.12.261/jmespath-java-1.12.261.jar:/home/runner/.m2/repository/org/kohsuke/metainf-services/metainf-services/1.8/metainf-services-1.8.jar:/home/runner/.m2/repository/org/apache/ozone/hdds-tools/1.4.0-SNAPSHOT/hdds-tools-1.4.0-SNAPSHOT.jar:/home/runner/.m2/repository/org/apache/ratis/ratis-tools/2.4.2-8b8bdda-SNAPSHOT/ratis-tools-2.4.2-8b8bdda-SNAPSHOT.jar:/home/runner/.m2/repository/org/apache/ratis/ratis-proto/2.4.2-8b8bdda-SNAPSHOT/ratis-proto-2.4.2-8b8bdda-SNAPSHOT.jar:/home/runner/.m2/repository/org/apache/ratis/ratis-common/2.4.2-8b8bdda-SNAPSHOT/ratis-common-2.4.2-8b8bdda-SNAPSHOT.jar:/home/runner/.m2/repository/commons-cli/commons-cli/1.2/commons-cli-1.2.jar:/home/runner/.m2/repository/org/apache/commons/commons-lang3/3.7/commons-lang3-3.7.jar:/home/runner/.m2/repository/org/apache/ozone/ozone-manager/1.4.0-SNAPSHOT/ozone-manager-1.4.0-SNAPSHOT-tests.jar:/home/runner/.m2/repository/org/apache/ozone/hdds-common/1.4.0-SNAPSHOT/hdds-common-1.4.0-SNAPSHOT-tests.jar:/home/runner/.m2/repository/org/apache/ozone/hdds-hadoop-dependency-client/1.4.0-SNAPSHOT/hdds-hadoop-dependency-client-1.4.0-SNAPSHOT.jar:/home/runner/.m2/repository/info/picocli/picocli/4.6.1/picocli-4.6.1.jar:/home/runner/.m2/repository/com/fasterxml/jackson/core/jackson-annotations/2.13.4/jackson-annotations-2.13.4.jar:/home/runner/.m2/repository/com/fasterxml/jackson/datatype/jackson-datatype-jsr310/2.13.4/jackson-datatype-jsr310-2.13.4.jar:/home/runner/.m2/repository/org/apache/ozone/hdds-annotation-processing/1.4.0-SNAPSHOT/hdds-annotation-processing-1.4.0-SNAPSHOT.jar:/home/runner/.m2/repository/javax/annotation/javax.annotation-api/1.2/javax.annotation-api-1.2.jar:/home/runner/.m2/repository/org/apache/ratis/ratis-server/2.4.2-8b8bdda-SNAPSHOT/ratis-server-2.4.2-8b8bdda-SNAPSHOT.jar:/home/runner/.m2/repository/org/apache/ratis/ratis-client/2.4.2-8b8bdda-SNAPSHOT/ratis-client-2.4.2-8b8bdda-SNAPSHOT.jar:/home/runner/.m2/repository/org/apache/ratis/ratis-server-api/2.4.2-8b8bdda-SNAPSHOT/ratis-server-api-2.4.2-8b8bdda-SNAPSHOT.jar:/home/runner/.m2/repository/org/apache/ratis/ratis-metrics/2.4.2-8b8bdda-SNAPSHOT/ratis-metrics-2.4.2-8b8bdda-SNAPSHOT.jar:/home/runner/.m2/repository/org/apache/ratis/ratis-netty/2.4.2-8b8bdda-SNAPSHOT/ratis-netty-2.4.2-8b8bdda-SNAPSHOT.jar:/home/runner/.m2/repository/org/apache/ratis/ratis-grpc/2.4.2-8b8bdda-SNAPSHOT/ratis-grpc-2.4.2-8b8bdda-SNAPSHOT.jar:/home/runner/.m2/repository/org/apache/logging/log4j/log4j-api/2.17.1/log4j-api-2.17.1.jar:/home/runner/.m2/repository/org/apache/commons/commons-pool2/2.6.0/commons-pool2-2.6.0.jar:/home/runner/.m2/repository/org/bouncycastle/bcpkix-jdk15on/1.67/bcpkix-jdk15on-1.67.jar:/home/runner/.m2/repository/commons-validator/commons-validator/1.6/commons-validator-1.6.jar:/home/runner/.m2/repository/commons-beanutils/commons-beanutils/1.9.4/commons-beanutils-1.9.4.jar:/home/runner/.m2/repository/commons-digester/commons-digester/1.8.1/commons-digester-1.8.1.jar:/home/runner/.m2/repository/commons-collections/commons-collections/3.2.2/commons-collections-3.2.2.jar:/home/runner/.m2/repository/io/jaegertracing/jaeger-client/1.6.0/jaeger-client-1.6.0.jar:/home/runner/.m2/repository/io/jaegertracing/jaeger-thrift/1.6.0/jaeger-thrift-1.6.0.jar:/home/runner/.m2/repository/org/apache/thrift/libthrift/0.14.1/libthrift-0.14.1.jar:/home/runner/.m2/repository/io/jaegertracing/jaeger-core/1.6.0/jaeger-core-1.6.0.jar:/home/runner/.m2/repository/io/jaegertracing/jaeger-tracerresolver/1.6.0/jaeger-tracerresolver-1.6.0.jar:/home/runner/.m2/repository/io/opentracing/contrib/opentracing-tracerresolver/0.1.8/opentracing-tracerresolver-0.1.8.jar:/home/runner/.m2/repository/org/jetbrains/kotlin/kotlin-stdlib/1.6.21/kotlin-stdlib-1.6.21.jar:/home/runner/.m2/repository/org/jetbrains/annotations/13.0/annotations-13.0.jar:/home/runner/.m2/repository/io/opentracing/opentracing-util/0.33.0/opentracing-util-0.33.0.jar:/home/runner/.m2/repository/io/opentracing/opentracing-api/0.33.0/opentracing-api-0.33.0.jar:/home/runner/.m2/repository/io/opentracing/opentracing-noop/0.33.0/opentracing-noop-0.33.0.jar:/home/runner/.m2/repository/org/yaml/snakeyaml/1.33/snakeyaml-1.33.jar:/home/runner/.m2/repository/org/apache/ozone/hdds-interface-admin/1.4.0-SNAPSHOT/hdds-interface-admin-1.4.0-SNAPSHOT.jar:/home/runner/.m2/repository/junit/junit/4.13.1/junit-4.13.1.jar:/home/runner/.m2/repository/org/hamcrest/hamcrest-core/1.3/hamcrest-core-1.3.jar:/home/runner/.m2/repository/org/junit/jupiter/junit-jupiter-api/5.8.2/junit-jupiter-api-5.8.2.jar:/home/runner/.m2/repository/org/opentest4j/opentest4j/1.2.0/opentest4j-1.2.0.jar:/home/runner/.m2/repository/org/junit/platform/junit-platform-commons/1.8.2/junit-platform-commons-1.8.2.jar:/home/runner/.m2/repository/org/apiguardian/apiguardian-api/1.1.2/apiguardian-api-1.1.2.jar:/home/runner/.m2/repository/org/junit/jupiter/junit-jupiter-params/5.8.2/junit-jupiter-params-5.8.2.jar:/home/runner/.m2/repository/org/junit/jupiter/junit-jupiter-migrationsupport/5.8.2/junit-jupiter-migrationsupport-5.8.2.jar:/home/runner/.m2/repository/org/junit/jupiter/junit-jupiter-engine/5.8.2/junit-jupiter-engine-5.8.2.jar:/home/runner/.m2/repository/org/junit/platform/junit-platform-engine/1.8.2/junit-platform-engine-1.8.2.jar:/home/runner/.m2/repository/org/junit/vintage/junit-vintage-engine/5.8.2/junit-vintage-engine-5.8.2.jar:/home/runner/.m2/repository/org/junit/platform/junit-platform-launcher/1.8.2/junit-platform-launcher-1.8.2.jar:/home/runner/.m2/repository/org/mockito/mockito-core/2.28.2/mockito-core-2.28.2.jar:/home/runner/.m2/repository/net/bytebuddy/byte-buddy/1.9.10/byte-buddy-1.9.10.jar:/home/runner/.m2/repository/net/bytebuddy/byte-buddy-agent/1.9.10/byte-buddy-agent-1.9.10.jar:/home/runner/.m2/repository/org/objenesis/objenesis/1.0/objenesis-1.0.jar:/home/runner/.m2/repository/org/apache/hadoop/hadoop-kms/3.3.4/hadoop-kms-3.3.4.jar:/home/runner/.m2/repository/org/apache/hadoop/hadoop-auth/3.3.4/hadoop-auth-3.3.4.jar:/home/runner/.m2/repository/com/nimbusds/nimbus-jose-jwt/9.8.1/nimbus-jose-jwt-9.8.1.jar:/home/runner/.m2/repository/com/github/stephenc/jcip/jcip-annotations/1.0-1/jcip-annotations-1.0-1.jar:/home/runner/.m2/repository/net/minidev/json-smart/2.4.7/json-smart-2.4.7.jar:/home/runner/.m2/repository/net/minidev/accessors-smart/2.4.7/accessors-smart-2.4.7.jar:/home/runner/.m2/repository/org/ow2/asm/asm/5.0.4/asm-5.0.4.jar:/home/runner/.m2/repository/org/apache/zookeeper/zookeeper/3.5.6/zookeeper-3.5.6.jar:/home/runner/.m2/repository/org/apache/zookeeper/zookeeper-jute/3.5.6/zookeeper-jute-3.5.6.jar:/home/runner/.m2/repository/org/apache/yetus/audience-annotations/0.5.0/audience-annotations-0.5.0.jar:/home/runner/.m2/repository/org/apache/curator/curator-framework/4.2.0/curator-framework-4.2.0.jar:/home/runner/.m2/repository/org/apache/hadoop/thirdparty/hadoop-shaded-guava/1.1.1/hadoop-shaded-guava-1.1.1.jar:/home/runner/.m2/repository/com/sun/jersey/jersey-core/1.19/jersey-core-1.19.jar:/home/runner/.m2/repository/javax/ws/rs/jsr311-api/1.1.1/jsr311-api-1.1.1.jar:/home/runner/.m2/repository/com/sun/jersey/jersey-server/1.19/jersey-server-1.19.jar:/home/runner/.m2/repository/javax/servlet/javax.servlet-api/3.1.0/javax.servlet-api-3.1.0.jar:/home/runner/.m2/repository/org/eclipse/jetty/jetty-server/9.4.49.v20220914/jetty-server-9.4.49.v20220914.jar:/home/runner/.m2/repository/org/eclipse/jetty/jetty-http/9.4.49.v20220914/jetty-http-9.4.49.v20220914.jar:/home/runner/.m2/repository/org/eclipse/jetty/jetty-io/9.4.49.v20220914/jetty-io-9.4.49.v20220914.jar:/home/runner/.m2/repository/org/eclipse/jetty/jetty-webapp/9.4.49.v20220914/jetty-webapp-9.4.49.v20220914.jar:/home/runner/.m2/repository/org/eclipse/jetty/jetty-xml/9.4.49.v20220914/jetty-xml-9.4.49.v20220914.jar:/home/runner/.m2/repository/org/apache/hadoop/hadoop-common/3.3.4/hadoop-common-3.3.4.jar:/home/runner/.m2/repository/org/apache/commons/commons-math3/3.1.1/commons-math3-3.1.1.jar:/home/runner/.m2/repository/commons-net/commons-net/3.9.0/commons-net-3.9.0.jar:/home/runner/.m2/repository/com/sun/jersey/jersey-servlet/1.19/jersey-servlet-1.19.jar:/home/runner/.m2/repository/com/sun/jersey/jersey-json/1.19/jersey-json-1.19.jar:/home/runner/.m2/repository/org/codehaus/jettison/jettison/1.1/jettison-1.1.jar:/home/runner/.m2/repository/com/sun/xml/bind/jaxb-impl/2.2.3-1/jaxb-impl-2.2.3-1.jar:/home/runner/.m2/repository/org/codehaus/jackson/jackson-jaxrs/1.9.2/jackson-jaxrs-1.9.2.jar:/home/runner/.m2/repository/org/codehaus/jackson/jackson-xc/1.9.2/jackson-xc-1.9.2.jar:/home/runner/.m2/repository/com/google/re2j/re2j/1.1/re2j-1.1.jar:/home/runner/.m2/repository/com/jcraft/jsch/0.1.54/jsch-0.1.54.jar:/home/runner/.m2/repository/org/apache/curator/curator-client/4.2.0/curator-client-4.2.0.jar:/home/runner/.m2/repository/org/apache/curator/curator-recipes/4.2.0/curator-recipes-4.2.0.jar:/home/runner/.m2/repository/org/apache/kerby/kerb-core/1.0.1/kerb-core-1.0.1.jar:/home/runner/.m2/repository/org/apache/kerby/kerby-pkix/1.0.1/kerby-pkix-1.0.1.jar:/home/runner/.m2/repository/org/apache/kerby/kerby-asn1/1.0.1/kerby-asn1-1.0.1.jar:/home/runner/.m2/repository/org/apache/kerby/kerby-util/1.0.1/kerby-util-1.0.1.jar:/home/runner/.m2/repository/dnsjava/dnsjava/2.1.7/dnsjava-2.1.7.jar:/home/runner/.m2/repository/org/xerial/snappy/snappy-java/1.1.8.2/snappy-java-1.1.8.2.jar:/home/runner/.m2/repository/org/eclipse/jetty/jetty-util/9.4.49.v20220914/jetty-util-9.4.49.v20220914.jar:/home/runner/.m2/repository/com/fasterxml/jackson/core/jackson-databind/2.13.4.2/jackson-databind-2.13.4.2.jar:/home/runner/.m2/repository/org/apache/hadoop/hadoop-kms/3.3.4/hadoop-kms-3.3.4-tests.jar:/home/runner/.m2/repository/org/apache/ozone/hdds-server-scm/1.4.0-SNAPSHOT/hdds-server-scm-1.4.0-SNAPSHOT-tests.jar:/home/runner/.m2/repository/org/apache/ozone/hdds-container-service/1.4.0-SNAPSHOT/hdds-container-service-1.4.0-SNAPSHOT-tests.jar:/home/runner/.m2/repository/com/github/luben/zstd-jni/1.5.2-5/zstd-jni-1.5.2-5.jar:/home/runner/.m2/repository/commons-codec/commons-codec/1.15/commons-codec-1.15.jar:/home/runner/.m2/repository/io/netty/netty-codec/4.1.86.Final/netty-codec-4.1.86.Final.jar:/home/runner/.m2/repository/io/netty/netty-handler/4.1.86.Final/netty-handler-4.1.86.Final.jar:/home/runner/.m2/repository/org/apache/ozone/hdds-hadoop-dependency-test/1.4.0-SNAPSHOT/hdds-hadoop-dependency-test-1.4.0-SNAPSHOT.jar:/home/runner/.m2/repository/org/apache/hadoop/hadoop-common/3.3.4/hadoop-common-3.3.4-tests.jar:/home/runner/.m2/repository/org/apache/hadoop/hadoop-hdfs/3.3.4/hadoop-hdfs-3.3.4-tests.jar:/home/runner/.m2/repository/org/assertj/assertj-core/3.12.2/assertj-core-3.12.2.jar:/home/runner/.m2/repository/org/apache/hadoop/hadoop-distcp/3.3.4/hadoop-distcp-3.3.4.jar:/home/runner/.m2/repository/org/apache/hadoop/hadoop-mapreduce-client-jobclient/3.3.4/hadoop-mapreduce-client-jobclient-3.3.4.jar:/home/runner/.m2/repository/org/apache/hadoop/hadoop-mapreduce-client-common/3.3.4/hadoop-mapreduce-client-common-3.3.4.jar:/home/runner/.m2/repository/org/apache/hadoop/hadoop-yarn-common/3.3.4/hadoop-yarn-common-3.3.4.jar:/home/runner/.m2/repository/org/apache/hadoop/hadoop-yarn-api/3.3.4/hadoop-yarn-api-3.3.4.jar:/home/runner/.m2/repository/com/sun/jersey/contribs/jersey-guice/1.19/jersey-guice-1.19.jar:/home/runner/.m2/repository/com/fasterxml/jackson/jaxrs/jackson-jaxrs-json-provider/2.13.4/jackson-jaxrs-json-provider-2.13.4.jar:/home/runner/.m2/repository/com/fasterxml/jackson/jaxrs/jackson-jaxrs-base/2.13.4/jackson-jaxrs-base-2.13.4.jar:/home/runner/.m2/repository/org/apache/hadoop/hadoop-yarn-client/3.3.4/hadoop-yarn-client-3.3.4.jar:/home/runner/.m2/repository/org/eclipse/jetty/websocket/websocket-client/9.4.43.v20210629/websocket-client-9.4.43.v20210629.jar:/home/runner/.m2/repository/org/eclipse/jetty/websocket/websocket-common/9.4.43.v20210629/websocket-common-9.4.43.v20210629.jar:/home/runner/.m2/repository/org/eclipse/jetty/websocket/websocket-api/9.4.43.v20210629/websocket-api-9.4.43.v20210629.jar:/home/runner/.m2/repository/org/jline/jline/3.9.0/jline-3.9.0.jar:/home/runner/.m2/repository/org/apache/hadoop/hadoop-mapreduce-client-core/3.3.4/hadoop-mapreduce-client-core-3.3.4.jar:/home/runner/.m2/repository/org/apache/avro/avro/1.7.7/avro-1.7.7.jar:/home/runner/.m2/repository/org/codehaus/jackson/jackson-core-asl/1.9.13/jackson-core-asl-1.9.13.jar:/home/runner/.m2/repository/org/codehaus/jackson/jackson-mapper-asl/1.9.13/jackson-mapper-asl-1.9.13.jar:/home/runner/.m2/repository/com/thoughtworks/paranamer/paranamer/2.3/paranamer-2.3.jar:/home/runner/.m2/repository/org/apache/hadoop/hadoop-annotations/3.3.4/hadoop-annotations-3.3.4.jar:/usr/lib/jvm/temurin-8-jdk-amd64/jre/../lib/tools.jar:/home/runner/.m2/repository/io/netty/netty/3.10.6.Final/netty-3.10.6.Final.jar:/home/runner/.m2/repository/org/apache/hadoop/hadoop-distcp/3.3.4/hadoop-distcp-3.3.4-tests.jar:/home/runner/.m2/repository/org/slf4j/jul-to-slf4j/1.7.36/jul-to-slf4j-1.7.36.jar:"/>
    <property name="java.vm.vendor" value="Temurin"/>
    <property name="sun.arch.data.model" value="64"/>
    <property name="test.build.dir" value="/home/runner/work/ozone/ozone/hadoop-ozone/integration-test/target/test-dir"/>
    <property name="test.cache.data" value=""/>
    <property name="java.vendor.url" value="https://adoptium.net/"/>
    <property name="user.timezone" value="Etc/UTC"/>
    <property name="java.vm.specification.version" value="1.8"/>
    <property name="os.name" value="Linux"/>
    <property name="test.build.data" value="/home/runner/work/ozone/ozone/hadoop-ozone/integration-test/target/test-dir"/>
    <property name="sun.java.launcher" value="SUN_STANDARD"/>
    <property name="sun.boot.library.path" value="/usr/lib/jvm/temurin-8-jdk-amd64/jre/lib/amd64"/>
    <property name="sun.java.command" value="/home/runner/work/ozone/ozone/hadoop-ozone/integration-test/target/surefire/surefirebooter2728216006085996226.jar /home/runner/work/ozone/ozone/hadoop-ozone/integration-test/target/surefire 2023-02-17T00-58-52_368-jvmRun1 surefire6025410612129490604tmp surefire_362485217448032672751tmp"/>
    <property name="surefire.test.class.path" value="/home/runner/work/ozone/ozone/hadoop-ozone/integration-test/target/test-classes:/home/runner/work/ozone/ozone/hadoop-ozone/integration-test/target/classes:/home/runner/.m2/repository/org/apache/ozone/ozone-common/1.4.0-SNAPSHOT/ozone-common-1.4.0-SNAPSHOT.jar:/home/runner/.m2/repository/io/grpc/grpc-netty/1.51.1/grpc-netty-1.51.1.jar:/home/runner/.m2/repository/io/grpc/grpc-core/1.51.1/grpc-core-1.51.1.jar:/home/runner/.m2/repository/com/google/android/annotations/4.1.1.4/annotations-4.1.1.4.jar:/home/runner/.m2/repository/org/codehaus/mojo/animal-sniffer-annotations/1.21/animal-sniffer-annotations-1.21.jar:/home/runner/.m2/repository/com/google/errorprone/error_prone_annotations/2.2.0/error_prone_annotations-2.2.0.jar:/home/runner/.m2/repository/io/perfmark/perfmark-api/0.25.0/perfmark-api-0.25.0.jar:/home/runner/.m2/repository/io/netty/netty-codec-http2/4.1.86.Final/netty-codec-http2-4.1.86.Final.jar:/home/runner/.m2/repository/io/netty/netty-common/4.1.86.Final/netty-common-4.1.86.Final.jar:/home/runner/.m2/repository/io/netty/netty-buffer/4.1.86.Final/netty-buffer-4.1.86.Final.jar:/home/runner/.m2/repository/io/netty/netty-codec-http/4.1.86.Final/netty-codec-http-4.1.86.Final.jar:/home/runner/.m2/repository/io/netty/netty-handler-proxy/4.1.86.Final/netty-handler-proxy-4.1.86.Final.jar:/home/runner/.m2/repository/io/netty/netty-codec-socks/4.1.86.Final/netty-codec-socks-4.1.86.Final.jar:/home/runner/.m2/repository/io/netty/netty-tcnative-boringssl-static/2.0.54.Final/netty-tcnative-boringssl-static-2.0.54.Final.jar:/home/runner/.m2/repository/io/netty/netty-tcnative-classes/2.0.54.Final/netty-tcnative-classes-2.0.54.Final.jar:/home/runner/.m2/repository/io/netty/netty-tcnative-boringssl-static/2.0.54.Final/netty-tcnative-boringssl-static-2.0.54.Final-linux-x86_64.jar:/home/runner/.m2/repository/io/netty/netty-tcnative-boringssl-static/2.0.54.Final/netty-tcnative-boringssl-static-2.0.54.Final-linux-aarch_64.jar:/home/runner/.m2/repository/io/netty/netty-tcnative-boringssl-static/2.0.54.Final/netty-tcnative-boringssl-static-2.0.54.Final-osx-x86_64.jar:/home/runner/.m2/repository/io/netty/netty-tcnative-boringssl-static/2.0.54.Final/netty-tcnative-boringssl-static-2.0.54.Final-osx-aarch_64.jar:/home/runner/.m2/repository/io/netty/netty-tcnative-boringssl-static/2.0.54.Final/netty-tcnative-boringssl-static-2.0.54.Final-windows-x86_64.jar:/home/runner/.m2/repository/org/apache/commons/commons-compress/1.21/commons-compress-1.21.jar:/home/runner/.m2/repository/org/apache/ozone/hdds-common/1.4.0-SNAPSHOT/hdds-common-1.4.0-SNAPSHOT.jar:/home/runner/.m2/repository/org/apache/ozone/hdds-client/1.4.0-SNAPSHOT/hdds-client-1.4.0-SNAPSHOT.jar:/home/runner/.m2/repository/org/apache/ozone/ozone-interface-client/1.4.0-SNAPSHOT/ozone-interface-client-1.4.0-SNAPSHOT.jar:/home/runner/.m2/repository/org/apache/ozone/hdds-test-utils/1.4.0-SNAPSHOT/hdds-test-utils-1.4.0-SNAPSHOT.jar:/home/runner/.m2/repository/com/google/guava/guava/31.1-jre/guava-31.1-jre.jar:/home/runner/.m2/repository/com/google/guava/failureaccess/1.0.1/failureaccess-1.0.1.jar:/home/runner/.m2/repository/com/google/guava/listenablefuture/9999.0-empty-to-avoid-conflict-with-guava/listenablefuture-9999.0-empty-to-avoid-conflict-with-guava.jar:/home/runner/.m2/repository/com/google/code/findbugs/jsr305/3.0.0/jsr305-3.0.0.jar:/home/runner/.m2/repository/org/checkerframework/checker-qual/3.12.0/checker-qual-3.12.0.jar:/home/runner/.m2/repository/com/google/j2objc/j2objc-annotations/1.3/j2objc-annotations-1.3.jar:/home/runner/.m2/repository/commons-io/commons-io/2.11.0/commons-io-2.11.0.jar:/home/runner/.m2/repository/commons-logging/commons-logging/1.2/commons-logging-1.2.jar:/home/runner/.m2/repository/ch/qos/reload4j/reload4j/1.2.22/reload4j-1.2.22.jar:/home/runner/.m2/repository/org/slf4j/slf4j-api/1.7.36/slf4j-api-1.7.36.jar:/home/runner/.m2/repository/org/apache/ozone/hdds-server-scm/1.4.0-SNAPSHOT/hdds-server-scm-1.4.0-SNAPSHOT.jar:/home/runner/.m2/repository/org/apache/ozone/hdds-container-service/1.4.0-SNAPSHOT/hdds-container-service-1.4.0-SNAPSHOT.jar:/home/runner/.m2/repository/org/apache/ozone/hdds-hadoop-dependency-server/1.4.0-SNAPSHOT/hdds-hadoop-dependency-server-1.4.0-SNAPSHOT.jar:/home/runner/.m2/repository/org/apache/hadoop/hadoop-hdfs/3.3.4/hadoop-hdfs-3.3.4.jar:/home/runner/.m2/repository/org/eclipse/jetty/jetty-util-ajax/9.4.49.v20220914/jetty-util-ajax-9.4.49.v20220914.jar:/home/runner/.m2/repository/commons-daemon/commons-daemon/1.0.13/commons-daemon-1.0.13.jar:/home/runner/.m2/repository/org/apache/ozone/hdds-server-framework/1.4.0-SNAPSHOT/hdds-server-framework-1.4.0-SNAPSHOT.jar:/home/runner/.m2/repository/org/apache/ozone/hdds-interface-server/1.4.0-SNAPSHOT/hdds-interface-server-1.4.0-SNAPSHOT.jar:/home/runner/.m2/repository/org/apache/commons/commons-configuration2/2.1.1/commons-configuration2-2.1.1.jar:/home/runner/.m2/repository/org/apache/logging/log4j/log4j-core/2.17.1/log4j-core-2.17.1.jar:/home/runner/.m2/repository/com/lmax/disruptor/3.4.2/disruptor-3.4.2.jar:/home/runner/.m2/repository/org/eclipse/jetty/jetty-servlet/9.4.49.v20220914/jetty-servlet-9.4.49.v20220914.jar:/home/runner/.m2/repository/org/eclipse/jetty/jetty-security/9.4.49.v20220914/jetty-security-9.4.49.v20220914.jar:/home/runner/.m2/repository/org/rocksdb/rocksdbjni/7.7.3/rocksdbjni-7.7.3.jar:/home/runner/.m2/repository/io/prometheus/simpleclient_dropwizard/0.7.0/simpleclient_dropwizard-0.7.0.jar:/home/runner/.m2/repository/io/prometheus/simpleclient/0.7.0/simpleclient-0.7.0.jar:/home/runner/.m2/repository/io/prometheus/simpleclient_common/0.7.0/simpleclient_common-0.7.0.jar:/home/runner/.m2/repository/com/github/spotbugs/spotbugs-annotations/3.1.12/spotbugs-annotations-3.1.12.jar:/home/runner/.m2/repository/org/awaitility/awaitility/4.2.0/awaitility-4.2.0.jar:/home/runner/.m2/repository/org/hamcrest/hamcrest/2.1/hamcrest-2.1.jar:/home/runner/.m2/repository/io/dropwizard/metrics/metrics-core/3.2.4/metrics-core-3.2.4.jar:/home/runner/.m2/repository/org/apache/commons/commons-text/1.4/commons-text-1.4.jar:/home/runner/.m2/repository/org/apache/hadoop/hadoop-hdfs-client/3.3.4/hadoop-hdfs-client-3.3.4.jar:/home/runner/.m2/repository/com/squareup/okhttp3/okhttp/4.9.3/okhttp-4.9.3.jar:/home/runner/.m2/repository/com/squareup/okio/okio/2.8.0/okio-2.8.0.jar:/home/runner/.m2/repository/org/jetbrains/kotlin/kotlin-stdlib-common/1.6.21/kotlin-stdlib-common-1.6.21.jar:/home/runner/.m2/repository/org/bouncycastle/bcprov-jdk15on/1.67/bcprov-jdk15on-1.67.jar:/home/runner/.m2/repository/com/google/protobuf/protobuf-java/2.5.0/protobuf-java-2.5.0.jar:/home/runner/.m2/repository/org/apache/ozone/ozone-manager/1.4.0-SNAPSHOT/ozone-manager-1.4.0-SNAPSHOT.jar:/home/runner/.m2/repository/org/aspectj/aspectjrt/1.9.7/aspectjrt-1.9.7.jar:/home/runner/.m2/repository/org/aspectj/aspectjweaver/1.9.7/aspectjweaver-1.9.7.jar:/home/runner/.m2/repository/org/apache/ozone/hdds-interface-client/1.4.0-SNAPSHOT/hdds-interface-client-1.4.0-SNAPSHOT.jar:/home/runner/.m2/repository/org/apache/hadoop/thirdparty/hadoop-shaded-protobuf_3_7/1.1.1/hadoop-shaded-protobuf_3_7-1.1.1.jar:/home/runner/.m2/repository/org/apache/ratis/ratis-thirdparty-misc/1.0.3/ratis-thirdparty-misc-1.0.3.jar:/home/runner/.m2/repository/org/apache/ozone/ozone-interface-storage/1.4.0-SNAPSHOT/ozone-interface-storage-1.4.0-SNAPSHOT.jar:/home/runner/.m2/repository/org/apache/ozone/rocksdb-checkpoint-differ/1.4.0-SNAPSHOT/rocksdb-checkpoint-differ-1.4.0-SNAPSHOT.jar:/home/runner/.m2/repository/org/reflections/reflections/0.9.11/reflections-0.9.11.jar:/home/runner/.m2/repository/com/sun/jersey/jersey-client/1.19/jersey-client-1.19.jar:/home/runner/.m2/repository/org/apache/ranger/ranger-intg/2.3.0/ranger-intg-2.3.0.jar:/home/runner/.m2/repository/org/apache/ranger/ranger-plugins-common/2.3.0/ranger-plugins-common-2.3.0.jar:/home/runner/.m2/repository/commons-lang/commons-lang/2.6/commons-lang-2.6.jar:/home/runner/.m2/repository/org/apache/ranger/ranger-plugins-cred/2.3.0/ranger-plugins-cred-2.3.0.jar:/home/runner/.m2/repository/org/apache/ranger/ranger-plugins-audit/2.3.0/ranger-plugins-audit-2.3.0.jar:/home/runner/.m2/repository/org/eclipse/jetty/jetty-client/9.4.49.v20220914/jetty-client-9.4.49.v20220914.jar:/home/runner/.m2/repository/org/apache/httpcomponents/httpmime/4.5.6/httpmime-4.5.6.jar:/home/runner/.m2/repository/org/apache/httpcomponents/httpcore-nio/4.4.13/httpcore-nio-4.4.13.jar:/home/runner/.m2/repository/org/apache/httpcomponents/httpasyncclient/4.1.3/httpasyncclient-4.1.3.jar:/home/runner/.m2/repository/com/carrotsearch/hppc/0.8.0/hppc-0.8.0.jar:/home/runner/.m2/repository/org/apache/orc/orc-core/1.5.8/orc-core-1.5.8.jar:/home/runner/.m2/repository/net/java/dev/jna/jna/5.2.0/jna-5.2.0.jar:/home/runner/.m2/repository/net/java/dev/jna/jna-platform/5.2.0/jna-platform-5.2.0.jar:/home/runner/.m2/repository/com/kstruct/gethostname4j/0.0.2/gethostname4j-0.0.2.jar:/home/runner/.m2/repository/org/apache/ranger/ranger-plugin-classloader/2.3.0/ranger-plugin-classloader-2.3.0.jar:/home/runner/.m2/repository/org/apache/hadoop/hadoop-minikdc/3.3.4/hadoop-minikdc-3.3.4.jar:/home/runner/.m2/repository/org/apache/kerby/kerb-simplekdc/1.0.1/kerb-simplekdc-1.0.1.jar:/home/runner/.m2/repository/org/apache/kerby/kerb-client/1.0.1/kerb-client-1.0.1.jar:/home/runner/.m2/repository/org/apache/kerby/kerby-config/1.0.1/kerby-config-1.0.1.jar:/home/runner/.m2/repository/org/apache/kerby/kerb-common/1.0.1/kerb-common-1.0.1.jar:/home/runner/.m2/repository/org/apache/kerby/kerb-crypto/1.0.1/kerb-crypto-1.0.1.jar:/home/runner/.m2/repository/org/apache/kerby/kerb-util/1.0.1/kerb-util-1.0.1.jar:/home/runner/.m2/repository/org/apache/kerby/token-provider/1.0.1/token-provider-1.0.1.jar:/home/runner/.m2/repository/org/apache/kerby/kerb-admin/1.0.1/kerb-admin-1.0.1.jar:/home/runner/.m2/repository/org/apache/kerby/kerb-server/1.0.1/kerb-server-1.0.1.jar:/home/runner/.m2/repository/org/apache/kerby/kerb-identity/1.0.1/kerb-identity-1.0.1.jar:/home/runner/.m2/repository/org/apache/kerby/kerby-xdr/1.0.1/kerby-xdr-1.0.1.jar:/home/runner/.m2/repository/org/apache/ozone/ozone-s3gateway/1.4.0-SNAPSHOT/ozone-s3gateway-1.4.0-SNAPSHOT.jar:/home/runner/.m2/repository/org/javassist/javassist/3.21.0-GA/javassist-3.21.0-GA.jar:/home/runner/.m2/repository/org/jboss/weld/servlet/weld-servlet/2.4.7.Final/weld-servlet-2.4.7.Final.jar:/home/runner/.m2/repository/org/glassfish/jersey/containers/jersey-container-servlet-core/2.34/jersey-container-servlet-core-2.34.jar:/home/runner/.m2/repository/org/glassfish/hk2/external/jakarta.inject/2.6.1/jakarta.inject-2.6.1.jar:/home/runner/.m2/repository/org/glassfish/jersey/core/jersey-common/2.34/jersey-common-2.34.jar:/home/runner/.m2/repository/jakarta/ws/rs/jakarta.ws.rs-api/2.1.6/jakarta.ws.rs-api-2.1.6.jar:/home/runner/.m2/repository/org/glassfish/jersey/ext/cdi/jersey-cdi1x/2.34/jersey-cdi1x-2.34.jar:/home/runner/.m2/repository/org/glassfish/jersey/inject/jersey-hk2/2.34/jersey-hk2-2.34.jar:/home/runner/.m2/repository/org/glassfish/hk2/hk2-locator/2.6.1/hk2-locator-2.6.1.jar:/home/runner/.m2/repository/org/glassfish/jersey/media/jersey-media-jaxb/2.34/jersey-media-jaxb-2.34.jar:/home/runner/.m2/repository/org/glassfish/hk2/osgi-resource-locator/1.0.3/osgi-resource-locator-1.0.3.jar:/home/runner/.m2/repository/org/glassfish/hk2/hk2-api/2.5.0/hk2-api-2.5.0.jar:/home/runner/.m2/repository/org/glassfish/hk2/hk2-utils/2.5.0/hk2-utils-2.5.0.jar:/home/runner/.m2/repository/org/glassfish/hk2/external/aopalliance-repackaged/2.5.0/aopalliance-repackaged-2.5.0.jar:/home/runner/.m2/repository/com/fasterxml/jackson/dataformat/jackson-dataformat-xml/2.13.4/jackson-dataformat-xml-2.13.4.jar:/home/runner/.m2/repository/com/fasterxml/jackson/core/jackson-core/2.13.4/jackson-core-2.13.4.jar:/home/runner/.m2/repository/org/codehaus/woodstox/stax2-api/4.2.1/stax2-api-4.2.1.jar:/home/runner/.m2/repository/com/fasterxml/woodstox/woodstox-core/5.4.0/woodstox-core-5.4.0.jar:/home/runner/.m2/repository/com/fasterxml/jackson/module/jackson-module-jaxb-annotations/2.13.4/jackson-module-jaxb-annotations-2.13.4.jar:/home/runner/.m2/repository/jakarta/xml/bind/jakarta.xml.bind-api/2.3.3/jakarta.xml.bind-api-2.3.3.jar:/home/runner/.m2/repository/jakarta/activation/jakarta.activation-api/1.2.2/jakarta.activation-api-1.2.2.jar:/home/runner/.m2/repository/javax/enterprise/cdi-api/1.2/cdi-api-1.2.jar:/home/runner/.m2/repository/javax/el/javax.el-api/3.0.0/javax.el-api-3.0.0.jar:/home/runner/.m2/repository/javax/interceptor/javax.interceptor-api/1.2/javax.interceptor-api-1.2.jar:/home/runner/.m2/repository/javax/inject/javax.inject/1/javax.inject-1.jar:/home/runner/.m2/repository/javax/xml/bind/jaxb-api/2.3.0/jaxb-api-2.3.0.jar:/home/runner/.m2/repository/org/glassfish/jaxb/jaxb-runtime/2.3.0.1/jaxb-runtime-2.3.0.1.jar:/home/runner/.m2/repository/org/glassfish/jaxb/jaxb-core/2.3.0.1/jaxb-core-2.3.0.1.jar:/home/runner/.m2/repository/org/glassfish/jaxb/txw2/2.3.0.1/txw2-2.3.0.1.jar:/home/runner/.m2/repository/com/sun/istack/istack-commons-runtime/3.0.5/istack-commons-runtime-3.0.5.jar:/home/runner/.m2/repository/org/jvnet/staxex/stax-ex/1.7.8/stax-ex-1.7.8.jar:/home/runner/.m2/repository/com/sun/xml/fastinfoset/FastInfoset/1.2.13/FastInfoset-1.2.13.jar:/home/runner/.m2/repository/javax/activation/activation/1.1.1/activation-1.1.1.jar:/home/runner/.m2/repository/io/grpc/grpc-protobuf/1.51.1/grpc-protobuf-1.51.1.jar:/home/runner/.m2/repository/io/grpc/grpc-api/1.51.1/grpc-api-1.51.1.jar:/home/runner/.m2/repository/io/grpc/grpc-context/1.51.1/grpc-context-1.51.1.jar:/home/runner/.m2/repository/com/google/api/grpc/proto-google-common-protos/2.9.0/proto-google-common-protos-2.9.0.jar:/home/runner/.m2/repository/io/grpc/grpc-protobuf-lite/1.51.1/grpc-protobuf-lite-1.51.1.jar:/home/runner/.m2/repository/io/grpc/grpc-stub/1.51.1/grpc-stub-1.51.1.jar:/home/runner/.m2/repository/io/netty/netty-transport/4.1.86.Final/netty-transport-4.1.86.Final.jar:/home/runner/.m2/repository/io/netty/netty-resolver/4.1.86.Final/netty-resolver-4.1.86.Final.jar:/home/runner/.m2/repository/org/apache/ozone/ozone-csi/1.4.0-SNAPSHOT/ozone-csi-1.4.0-SNAPSHOT.jar:/home/runner/.m2/repository/com/google/protobuf/protobuf-java-util/3.19.6/protobuf-java-util-3.19.6.jar:/home/runner/.m2/repository/com/google/code/gson/gson/2.9.0/gson-2.9.0.jar:/home/runner/.m2/repository/org/apache/ozone/hdds-config/1.4.0-SNAPSHOT/hdds-config-1.4.0-SNAPSHOT.jar:/home/runner/.m2/repository/io/netty/netty-transport-native-epoll/4.1.86.Final/netty-transport-native-epoll-4.1.86.Final-linux-x86_64.jar:/home/runner/.m2/repository/io/netty/netty-transport-classes-epoll/4.1.86.Final/netty-transport-classes-epoll-4.1.86.Final.jar:/home/runner/.m2/repository/io/netty/netty-transport-native-unix-common/4.1.86.Final/netty-transport-native-unix-common-4.1.86.Final.jar:/home/runner/.m2/repository/org/slf4j/slf4j-reload4j/1.7.36/slf4j-reload4j-1.7.36.jar:/home/runner/.m2/repository/org/apache/ozone/ozone-recon/1.4.0-SNAPSHOT/ozone-recon-1.4.0-SNAPSHOT.jar:/home/runner/.m2/repository/org/apache/ozone/ozone-reconcodegen/1.4.0-SNAPSHOT/ozone-reconcodegen-1.4.0-SNAPSHOT.jar:/home/runner/.m2/repository/com/google/inject/extensions/guice-multibindings/4.0/guice-multibindings-4.0.jar:/home/runner/.m2/repository/com/google/inject/guice/4.0/guice-4.0.jar:/home/runner/.m2/repository/aopalliance/aopalliance/1.0/aopalliance-1.0.jar:/home/runner/.m2/repository/com/google/inject/extensions/guice-assistedinject/4.0/guice-assistedinject-4.0.jar:/home/runner/.m2/repository/com/google/inject/extensions/guice-servlet/4.0/guice-servlet-4.0.jar:/home/runner/.m2/repository/org/glassfish/jersey/containers/jersey-container-servlet/2.34/jersey-container-servlet-2.34.jar:/home/runner/.m2/repository/org/glassfish/hk2/guice-bridge/2.5.0/guice-bridge-2.5.0.jar:/home/runner/.m2/repository/org/glassfish/jersey/core/jersey-server/2.34/jersey-server-2.34.jar:/home/runner/.m2/repository/org/glassfish/jersey/core/jersey-client/2.34/jersey-client-2.34.jar:/home/runner/.m2/repository/jakarta/annotation/jakarta.annotation-api/1.3.5/jakarta.annotation-api-1.3.5.jar:/home/runner/.m2/repository/jakarta/validation/jakarta.validation-api/2.0.2/jakarta.validation-api-2.0.2.jar:/home/runner/.m2/repository/org/glassfish/jersey/media/jersey-media-json-jackson/2.34/jersey-media-json-jackson-2.34.jar:/home/runner/.m2/repository/org/glassfish/jersey/ext/jersey-entity-filtering/2.34/jersey-entity-filtering-2.34.jar:/home/runner/.m2/repository/org/jooq/jooq/3.11.10/jooq-3.11.10.jar:/home/runner/.m2/repository/org/jooq/jooq-meta/3.11.10/jooq-meta-3.11.10.jar:/home/runner/.m2/repository/org/jooq/jooq-codegen/3.11.10/jooq-codegen-3.11.10.jar:/home/runner/.m2/repository/com/jolbox/bonecp/0.8.0.RELEASE/bonecp-0.8.0.RELEASE.jar:/home/runner/.m2/repository/org/apache/derby/derby/10.14.2.0/derby-10.14.2.0.jar:/home/runner/.m2/repository/org/xerial/sqlite-jdbc/3.25.2/sqlite-jdbc-3.25.2.jar:/home/runner/.m2/repository/org/springframework/spring-jdbc/5.3.23/spring-jdbc-5.3.23.jar:/home/runner/.m2/repository/org/springframework/spring-beans/5.3.23/spring-beans-5.3.23.jar:/home/runner/.m2/repository/org/springframework/spring-core/5.3.23/spring-core-5.3.23.jar:/home/runner/.m2/repository/org/springframework/spring-jcl/5.3.23/spring-jcl-5.3.23.jar:/home/runner/.m2/repository/org/springframework/spring-tx/5.3.23/spring-tx-5.3.23.jar:/home/runner/.m2/repository/org/apache/ozone/ozone-client/1.4.0-SNAPSHOT/ozone-client-1.4.0-SNAPSHOT.jar:/home/runner/.m2/repository/org/apache/ozone/hdds-erasurecode/1.4.0-SNAPSHOT/hdds-erasurecode-1.4.0-SNAPSHOT.jar:/home/runner/.m2/repository/org/apache/ozone/ozone-filesystem/1.4.0-SNAPSHOT/ozone-filesystem-1.4.0-SNAPSHOT.jar:/home/runner/.m2/repository/org/apache/ozone/ozone-filesystem-common/1.4.0-SNAPSHOT/ozone-filesystem-common-1.4.0-SNAPSHOT.jar:/home/runner/.m2/repository/org/apache/ozone/ozone-tools/1.4.0-SNAPSHOT/ozone-tools-1.4.0-SNAPSHOT.jar:/home/runner/.m2/repository/com/amazonaws/aws-java-sdk-core/1.12.261/aws-java-sdk-core-1.12.261.jar:/home/runner/.m2/repository/org/apache/httpcomponents/httpclient/4.5.13/httpclient-4.5.13.jar:/home/runner/.m2/repository/org/apache/httpcomponents/httpcore/4.4.13/httpcore-4.4.13.jar:/home/runner/.m2/repository/software/amazon/ion/ion-java/1.0.2/ion-java-1.0.2.jar:/home/runner/.m2/repository/com/fasterxml/jackson/dataformat/jackson-dataformat-cbor/2.13.4/jackson-dataformat-cbor-2.13.4.jar:/home/runner/.m2/repository/joda-time/joda-time/2.10.6/joda-time-2.10.6.jar:/home/runner/.m2/repository/com/amazonaws/aws-java-sdk-s3/1.12.261/aws-java-sdk-s3-1.12.261.jar:/home/runner/.m2/repository/com/amazonaws/aws-java-sdk-kms/1.12.261/aws-java-sdk-kms-1.12.261.jar:/home/runner/.m2/repository/com/amazonaws/jmespath-java/1.12.261/jmespath-java-1.12.261.jar:/home/runner/.m2/repository/org/kohsuke/metainf-services/metainf-services/1.8/metainf-services-1.8.jar:/home/runner/.m2/repository/org/apache/ozone/hdds-tools/1.4.0-SNAPSHOT/hdds-tools-1.4.0-SNAPSHOT.jar:/home/runner/.m2/repository/org/apache/ratis/ratis-tools/2.4.2-8b8bdda-SNAPSHOT/ratis-tools-2.4.2-8b8bdda-SNAPSHOT.jar:/home/runner/.m2/repository/org/apache/ratis/ratis-proto/2.4.2-8b8bdda-SNAPSHOT/ratis-proto-2.4.2-8b8bdda-SNAPSHOT.jar:/home/runner/.m2/repository/org/apache/ratis/ratis-common/2.4.2-8b8bdda-SNAPSHOT/ratis-common-2.4.2-8b8bdda-SNAPSHOT.jar:/home/runner/.m2/repository/commons-cli/commons-cli/1.2/commons-cli-1.2.jar:/home/runner/.m2/repository/org/apache/commons/commons-lang3/3.7/commons-lang3-3.7.jar:/home/runner/.m2/repository/org/apache/ozone/ozone-manager/1.4.0-SNAPSHOT/ozone-manager-1.4.0-SNAPSHOT-tests.jar:/home/runner/.m2/repository/org/apache/ozone/hdds-common/1.4.0-SNAPSHOT/hdds-common-1.4.0-SNAPSHOT-tests.jar:/home/runner/.m2/repository/org/apache/ozone/hdds-hadoop-dependency-client/1.4.0-SNAPSHOT/hdds-hadoop-dependency-client-1.4.0-SNAPSHOT.jar:/home/runner/.m2/repository/info/picocli/picocli/4.6.1/picocli-4.6.1.jar:/home/runner/.m2/repository/com/fasterxml/jackson/core/jackson-annotations/2.13.4/jackson-annotations-2.13.4.jar:/home/runner/.m2/repository/com/fasterxml/jackson/datatype/jackson-datatype-jsr310/2.13.4/jackson-datatype-jsr310-2.13.4.jar:/home/runner/.m2/repository/org/apache/ozone/hdds-annotation-processing/1.4.0-SNAPSHOT/hdds-annotation-processing-1.4.0-SNAPSHOT.jar:/home/runner/.m2/repository/javax/annotation/javax.annotation-api/1.2/javax.annotation-api-1.2.jar:/home/runner/.m2/repository/org/apache/ratis/ratis-server/2.4.2-8b8bdda-SNAPSHOT/ratis-server-2.4.2-8b8bdda-SNAPSHOT.jar:/home/runner/.m2/repository/org/apache/ratis/ratis-client/2.4.2-8b8bdda-SNAPSHOT/ratis-client-2.4.2-8b8bdda-SNAPSHOT.jar:/home/runner/.m2/repository/org/apache/ratis/ratis-server-api/2.4.2-8b8bdda-SNAPSHOT/ratis-server-api-2.4.2-8b8bdda-SNAPSHOT.jar:/home/runner/.m2/repository/org/apache/ratis/ratis-metrics/2.4.2-8b8bdda-SNAPSHOT/ratis-metrics-2.4.2-8b8bdda-SNAPSHOT.jar:/home/runner/.m2/repository/org/apache/ratis/ratis-netty/2.4.2-8b8bdda-SNAPSHOT/ratis-netty-2.4.2-8b8bdda-SNAPSHOT.jar:/home/runner/.m2/repository/org/apache/ratis/ratis-grpc/2.4.2-8b8bdda-SNAPSHOT/ratis-grpc-2.4.2-8b8bdda-SNAPSHOT.jar:/home/runner/.m2/repository/org/apache/logging/log4j/log4j-api/2.17.1/log4j-api-2.17.1.jar:/home/runner/.m2/repository/org/apache/commons/commons-pool2/2.6.0/commons-pool2-2.6.0.jar:/home/runner/.m2/repository/org/bouncycastle/bcpkix-jdk15on/1.67/bcpkix-jdk15on-1.67.jar:/home/runner/.m2/repository/commons-validator/commons-validator/1.6/commons-validator-1.6.jar:/home/runner/.m2/repository/commons-beanutils/commons-beanutils/1.9.4/commons-beanutils-1.9.4.jar:/home/runner/.m2/repository/commons-digester/commons-digester/1.8.1/commons-digester-1.8.1.jar:/home/runner/.m2/repository/commons-collections/commons-collections/3.2.2/commons-collections-3.2.2.jar:/home/runner/.m2/repository/io/jaegertracing/jaeger-client/1.6.0/jaeger-client-1.6.0.jar:/home/runner/.m2/repository/io/jaegertracing/jaeger-thrift/1.6.0/jaeger-thrift-1.6.0.jar:/home/runner/.m2/repository/org/apache/thrift/libthrift/0.14.1/libthrift-0.14.1.jar:/home/runner/.m2/repository/io/jaegertracing/jaeger-core/1.6.0/jaeger-core-1.6.0.jar:/home/runner/.m2/repository/io/jaegertracing/jaeger-tracerresolver/1.6.0/jaeger-tracerresolver-1.6.0.jar:/home/runner/.m2/repository/io/opentracing/contrib/opentracing-tracerresolver/0.1.8/opentracing-tracerresolver-0.1.8.jar:/home/runner/.m2/repository/org/jetbrains/kotlin/kotlin-stdlib/1.6.21/kotlin-stdlib-1.6.21.jar:/home/runner/.m2/repository/org/jetbrains/annotations/13.0/annotations-13.0.jar:/home/runner/.m2/repository/io/opentracing/opentracing-util/0.33.0/opentracing-util-0.33.0.jar:/home/runner/.m2/repository/io/opentracing/opentracing-api/0.33.0/opentracing-api-0.33.0.jar:/home/runner/.m2/repository/io/opentracing/opentracing-noop/0.33.0/opentracing-noop-0.33.0.jar:/home/runner/.m2/repository/org/yaml/snakeyaml/1.33/snakeyaml-1.33.jar:/home/runner/.m2/repository/org/apache/ozone/hdds-interface-admin/1.4.0-SNAPSHOT/hdds-interface-admin-1.4.0-SNAPSHOT.jar:/home/runner/.m2/repository/junit/junit/4.13.1/junit-4.13.1.jar:/home/runner/.m2/repository/org/hamcrest/hamcrest-core/1.3/hamcrest-core-1.3.jar:/home/runner/.m2/repository/org/junit/jupiter/junit-jupiter-api/5.8.2/junit-jupiter-api-5.8.2.jar:/home/runner/.m2/repository/org/opentest4j/opentest4j/1.2.0/opentest4j-1.2.0.jar:/home/runner/.m2/repository/org/junit/platform/junit-platform-commons/1.8.2/junit-platform-commons-1.8.2.jar:/home/runner/.m2/repository/org/apiguardian/apiguardian-api/1.1.2/apiguardian-api-1.1.2.jar:/home/runner/.m2/repository/org/junit/jupiter/junit-jupiter-params/5.8.2/junit-jupiter-params-5.8.2.jar:/home/runner/.m2/repository/org/junit/jupiter/junit-jupiter-migrationsupport/5.8.2/junit-jupiter-migrationsupport-5.8.2.jar:/home/runner/.m2/repository/org/junit/jupiter/junit-jupiter-engine/5.8.2/junit-jupiter-engine-5.8.2.jar:/home/runner/.m2/repository/org/junit/platform/junit-platform-engine/1.8.2/junit-platform-engine-1.8.2.jar:/home/runner/.m2/repository/org/junit/vintage/junit-vintage-engine/5.8.2/junit-vintage-engine-5.8.2.jar:/home/runner/.m2/repository/org/junit/platform/junit-platform-launcher/1.8.2/junit-platform-launcher-1.8.2.jar:/home/runner/.m2/repository/org/mockito/mockito-core/2.28.2/mockito-core-2.28.2.jar:/home/runner/.m2/repository/net/bytebuddy/byte-buddy/1.9.10/byte-buddy-1.9.10.jar:/home/runner/.m2/repository/net/bytebuddy/byte-buddy-agent/1.9.10/byte-buddy-agent-1.9.10.jar:/home/runner/.m2/repository/org/objenesis/objenesis/1.0/objenesis-1.0.jar:/home/runner/.m2/repository/org/apache/hadoop/hadoop-kms/3.3.4/hadoop-kms-3.3.4.jar:/home/runner/.m2/repository/org/apache/hadoop/hadoop-auth/3.3.4/hadoop-auth-3.3.4.jar:/home/runner/.m2/repository/com/nimbusds/nimbus-jose-jwt/9.8.1/nimbus-jose-jwt-9.8.1.jar:/home/runner/.m2/repository/com/github/stephenc/jcip/jcip-annotations/1.0-1/jcip-annotations-1.0-1.jar:/home/runner/.m2/repository/net/minidev/json-smart/2.4.7/json-smart-2.4.7.jar:/home/runner/.m2/repository/net/minidev/accessors-smart/2.4.7/accessors-smart-2.4.7.jar:/home/runner/.m2/repository/org/ow2/asm/asm/5.0.4/asm-5.0.4.jar:/home/runner/.m2/repository/org/apache/zookeeper/zookeeper/3.5.6/zookeeper-3.5.6.jar:/home/runner/.m2/repository/org/apache/zookeeper/zookeeper-jute/3.5.6/zookeeper-jute-3.5.6.jar:/home/runner/.m2/repository/org/apache/yetus/audience-annotations/0.5.0/audience-annotations-0.5.0.jar:/home/runner/.m2/repository/org/apache/curator/curator-framework/4.2.0/curator-framework-4.2.0.jar:/home/runner/.m2/repository/org/apache/hadoop/thirdparty/hadoop-shaded-guava/1.1.1/hadoop-shaded-guava-1.1.1.jar:/home/runner/.m2/repository/com/sun/jersey/jersey-core/1.19/jersey-core-1.19.jar:/home/runner/.m2/repository/javax/ws/rs/jsr311-api/1.1.1/jsr311-api-1.1.1.jar:/home/runner/.m2/repository/com/sun/jersey/jersey-server/1.19/jersey-server-1.19.jar:/home/runner/.m2/repository/javax/servlet/javax.servlet-api/3.1.0/javax.servlet-api-3.1.0.jar:/home/runner/.m2/repository/org/eclipse/jetty/jetty-server/9.4.49.v20220914/jetty-server-9.4.49.v20220914.jar:/home/runner/.m2/repository/org/eclipse/jetty/jetty-http/9.4.49.v20220914/jetty-http-9.4.49.v20220914.jar:/home/runner/.m2/repository/org/eclipse/jetty/jetty-io/9.4.49.v20220914/jetty-io-9.4.49.v20220914.jar:/home/runner/.m2/repository/org/eclipse/jetty/jetty-webapp/9.4.49.v20220914/jetty-webapp-9.4.49.v20220914.jar:/home/runner/.m2/repository/org/eclipse/jetty/jetty-xml/9.4.49.v20220914/jetty-xml-9.4.49.v20220914.jar:/home/runner/.m2/repository/org/apache/hadoop/hadoop-common/3.3.4/hadoop-common-3.3.4.jar:/home/runner/.m2/repository/org/apache/commons/commons-math3/3.1.1/commons-math3-3.1.1.jar:/home/runner/.m2/repository/commons-net/commons-net/3.9.0/commons-net-3.9.0.jar:/home/runner/.m2/repository/com/sun/jersey/jersey-servlet/1.19/jersey-servlet-1.19.jar:/home/runner/.m2/repository/com/sun/jersey/jersey-json/1.19/jersey-json-1.19.jar:/home/runner/.m2/repository/org/codehaus/jettison/jettison/1.1/jettison-1.1.jar:/home/runner/.m2/repository/com/sun/xml/bind/jaxb-impl/2.2.3-1/jaxb-impl-2.2.3-1.jar:/home/runner/.m2/repository/org/codehaus/jackson/jackson-jaxrs/1.9.2/jackson-jaxrs-1.9.2.jar:/home/runner/.m2/repository/org/codehaus/jackson/jackson-xc/1.9.2/jackson-xc-1.9.2.jar:/home/runner/.m2/repository/com/google/re2j/re2j/1.1/re2j-1.1.jar:/home/runner/.m2/repository/com/jcraft/jsch/0.1.54/jsch-0.1.54.jar:/home/runner/.m2/repository/org/apache/curator/curator-client/4.2.0/curator-client-4.2.0.jar:/home/runner/.m2/repository/org/apache/curator/curator-recipes/4.2.0/curator-recipes-4.2.0.jar:/home/runner/.m2/repository/org/apache/kerby/kerb-core/1.0.1/kerb-core-1.0.1.jar:/home/runner/.m2/repository/org/apache/kerby/kerby-pkix/1.0.1/kerby-pkix-1.0.1.jar:/home/runner/.m2/repository/org/apache/kerby/kerby-asn1/1.0.1/kerby-asn1-1.0.1.jar:/home/runner/.m2/repository/org/apache/kerby/kerby-util/1.0.1/kerby-util-1.0.1.jar:/home/runner/.m2/repository/dnsjava/dnsjava/2.1.7/dnsjava-2.1.7.jar:/home/runner/.m2/repository/org/xerial/snappy/snappy-java/1.1.8.2/snappy-java-1.1.8.2.jar:/home/runner/.m2/repository/org/eclipse/jetty/jetty-util/9.4.49.v20220914/jetty-util-9.4.49.v20220914.jar:/home/runner/.m2/repository/com/fasterxml/jackson/core/jackson-databind/2.13.4.2/jackson-databind-2.13.4.2.jar:/home/runner/.m2/repository/org/apache/hadoop/hadoop-kms/3.3.4/hadoop-kms-3.3.4-tests.jar:/home/runner/.m2/repository/org/apache/ozone/hdds-server-scm/1.4.0-SNAPSHOT/hdds-server-scm-1.4.0-SNAPSHOT-tests.jar:/home/runner/.m2/repository/org/apache/ozone/hdds-container-service/1.4.0-SNAPSHOT/hdds-container-service-1.4.0-SNAPSHOT-tests.jar:/home/runner/.m2/repository/com/github/luben/zstd-jni/1.5.2-5/zstd-jni-1.5.2-5.jar:/home/runner/.m2/repository/commons-codec/commons-codec/1.15/commons-codec-1.15.jar:/home/runner/.m2/repository/io/netty/netty-codec/4.1.86.Final/netty-codec-4.1.86.Final.jar:/home/runner/.m2/repository/io/netty/netty-handler/4.1.86.Final/netty-handler-4.1.86.Final.jar:/home/runner/.m2/repository/org/apache/ozone/hdds-hadoop-dependency-test/1.4.0-SNAPSHOT/hdds-hadoop-dependency-test-1.4.0-SNAPSHOT.jar:/home/runner/.m2/repository/org/apache/hadoop/hadoop-common/3.3.4/hadoop-common-3.3.4-tests.jar:/home/runner/.m2/repository/org/apache/hadoop/hadoop-hdfs/3.3.4/hadoop-hdfs-3.3.4-tests.jar:/home/runner/.m2/repository/org/assertj/assertj-core/3.12.2/assertj-core-3.12.2.jar:/home/runner/.m2/repository/org/apache/hadoop/hadoop-distcp/3.3.4/hadoop-distcp-3.3.4.jar:/home/runner/.m2/repository/org/apache/hadoop/hadoop-mapreduce-client-jobclient/3.3.4/hadoop-mapreduce-client-jobclient-3.3.4.jar:/home/runner/.m2/repository/org/apache/hadoop/hadoop-mapreduce-client-common/3.3.4/hadoop-mapreduce-client-common-3.3.4.jar:/home/runner/.m2/repository/org/apache/hadoop/hadoop-yarn-common/3.3.4/hadoop-yarn-common-3.3.4.jar:/home/runner/.m2/repository/org/apache/hadoop/hadoop-yarn-api/3.3.4/hadoop-yarn-api-3.3.4.jar:/home/runner/.m2/repository/com/sun/jersey/contribs/jersey-guice/1.19/jersey-guice-1.19.jar:/home/runner/.m2/repository/com/fasterxml/jackson/jaxrs/jackson-jaxrs-json-provider/2.13.4/jackson-jaxrs-json-provider-2.13.4.jar:/home/runner/.m2/repository/com/fasterxml/jackson/jaxrs/jackson-jaxrs-base/2.13.4/jackson-jaxrs-base-2.13.4.jar:/home/runner/.m2/repository/org/apache/hadoop/hadoop-yarn-client/3.3.4/hadoop-yarn-client-3.3.4.jar:/home/runner/.m2/repository/org/eclipse/jetty/websocket/websocket-client/9.4.43.v20210629/websocket-client-9.4.43.v20210629.jar:/home/runner/.m2/repository/org/eclipse/jetty/websocket/websocket-common/9.4.43.v20210629/websocket-common-9.4.43.v20210629.jar:/home/runner/.m2/repository/org/eclipse/jetty/websocket/websocket-api/9.4.43.v20210629/websocket-api-9.4.43.v20210629.jar:/home/runner/.m2/repository/org/jline/jline/3.9.0/jline-3.9.0.jar:/home/runner/.m2/repository/org/apache/hadoop/hadoop-mapreduce-client-core/3.3.4/hadoop-mapreduce-client-core-3.3.4.jar:/home/runner/.m2/repository/org/apache/avro/avro/1.7.7/avro-1.7.7.jar:/home/runner/.m2/repository/org/codehaus/jackson/jackson-core-asl/1.9.13/jackson-core-asl-1.9.13.jar:/home/runner/.m2/repository/org/codehaus/jackson/jackson-mapper-asl/1.9.13/jackson-mapper-asl-1.9.13.jar:/home/runner/.m2/repository/com/thoughtworks/paranamer/paranamer/2.3/paranamer-2.3.jar:/home/runner/.m2/repository/org/apache/hadoop/hadoop-annotations/3.3.4/hadoop-annotations-3.3.4.jar:/usr/lib/jvm/temurin-8-jdk-amd64/jre/../lib/tools.jar:/home/runner/.m2/repository/io/netty/netty/3.10.6.Final/netty-3.10.6.Final.jar:/home/runner/.m2/repository/org/apache/hadoop/hadoop-distcp/3.3.4/hadoop-distcp-3.3.4-tests.jar:/home/runner/.m2/repository/org/slf4j/jul-to-slf4j/1.7.36/jul-to-slf4j-1.7.36.jar:"/>
    <property name="sun.cpu.endian" value="little"/>
    <property name="user.home" value="/home/runner"/>
    <property name="user.language" value="en"/>
    <property name="java.specification.vendor" value="Oracle Corporation"/>
    <property name="java.home" value="/usr/lib/jvm/temurin-8-jdk-amd64/jre"/>
    <property name="java.security.krb5.conf" value="/home/runner/work/ozone/ozone/hadoop-ozone/integration-test/target/test-classes/krb5.conf"/>
    <property name="basedir" value="/home/runner/work/ozone/ozone/hadoop-ozone/integration-test"/>
    <property name="file.separator" value="/"/>
    <property name="line.separator" value="&#10;"/>
    <property name="java.vm.specification.vendor" value="Oracle Corporation"/>
    <property name="java.specification.name" value="Java Platform API Specification"/>
    <property name="java.awt.graphicsenv" value="sun.awt.X11GraphicsEnvironment"/>
    <property name="skip.installnpx" value="true"/>
    <property name="surefire.real.class.path" value="/home/runner/work/ozone/ozone/hadoop-ozone/integration-test/target/surefire/surefirebooter2728216006085996226.jar:/home/runner/.m2/repository/org/jacoco/org.jacoco.agent/0.8.5/org.jacoco.agent-0.8.5-runtime.jar"/>
    <property name="hadoop.log.dir" value="/home/runner/work/ozone/ozone/hadoop-ozone/integration-test/target/log"/>
    <property name="sun.boot.class.path" value="/usr/lib/jvm/temurin-8-jdk-amd64/jre/lib/resources.jar:/usr/lib/jvm/temurin-8-jdk-amd64/jre/lib/rt.jar:/usr/lib/jvm/temurin-8-jdk-amd64/jre/lib/sunrsasign.jar:/usr/lib/jvm/temurin-8-jdk-amd64/jre/lib/jsse.jar:/usr/lib/jvm/temurin-8-jdk-amd64/jre/lib/jce.jar:/usr/lib/jvm/temurin-8-jdk-amd64/jre/lib/charsets.jar:/usr/lib/jvm/temurin-8-jdk-amd64/jre/lib/jfr.jar:/usr/lib/jvm/temurin-8-jdk-amd64/jre/classes"/>
    <property name="sun.management.compiler" value="HotSpot 64-Bit Tiered Compilers"/>
    <property name="skip.npx" value="true"/>
    <property name="java.runtime.version" value="1.8.0_362-b09"/>
    <property name="java.net.preferIPv4Stack" value="true"/>
    <property name="user.name" value="runner"/>
    <property name="path.separator" value=":"/>
    <property name="java.security.egd" value="file:///dev/urandom"/>
    <property name="os.version" value="5.15.0-1031-azure"/>
    <property name="java.endorsed.dirs" value="/usr/lib/jvm/temurin-8-jdk-amd64/jre/lib/endorsed"/>
    <property name="java.runtime.name" value="OpenJDK Runtime Environment"/>
    <property name="file.encoding" value="UTF-8"/>
    <property name="java.vm.name" value="OpenJDK 64-Bit Server VM"/>
    <property name="test.build.webapps" value=""/>
    <property name="localRepository" value="/home/runner/.m2/repository"/>
    <property name="jetty.git.hash" value="4231a3b2e4cb8548a412a789936d640a97b1aa0a"/>
    <property name="java.vendor.url.bug" value="https://github.com/adoptium/adoptium-support/issues"/>
    <property name="java.io.tmpdir" value="/tmp"/>
    <property name="require.test.libhadoop" value=""/>
    <property name="java.version" value="1.8.0_362"/>
    <property name="user.dir" value="/home/runner/work/ozone/ozone/hadoop-ozone/integration-test"/>
    <property name="os.arch" value="amd64"/>
    <property name="java.vm.specification.name" value="Java Virtual Machine Specification"/>
    <property name="test.build.classes" value="/home/runner/work/ozone/ozone/hadoop-ozone/integration-test/target/test-classes"/>
    <property name="java.awt.printerjob" value="sun.print.PSPrinterJob"/>
    <property name="sun.os.patch.level" value="unknown"/>
    <property name="org.apache.ratis.thirdparty.io.netty.allocator.useCacheForAllThreads" value="false"/>
    <property name="hadoop.tmp.dir" value="/home/runner/work/ozone/ozone/hadoop-ozone/integration-test/target/tmp"/>
    <property name="java.library.path" value="/usr/java/packages/lib/amd64:/usr/lib64:/lib64:/lib:/usr/lib"/>
    <property name="java.vm.info" value="mixed mode"/>
    <property name="java.vendor" value="Temurin"/>
    <property name="java.vm.version" value="25.362-b09"/>
    <property name="java.specification.maintenance.version" value="4"/>
    <property name="java.ext.dirs" value="/usr/lib/jvm/temurin-8-jdk-amd64/jre/lib/ext:/usr/java/packages/lib/ext"/>
    <property name="sun.io.unicode.encoding" value="UnicodeLittle"/>
    <property name="java.class.version" value="52.0"/>
  </properties>
  <testcase name="testDeleteNonEmptyDirNonRecursive" classname="ITestOzoneContractDelete" time="21.661">
    <system-out><![CDATA[2023-02-17 01:32:07,882 [JUnit] WARN  server.ServerUtils (ServerUtils.java:getScmDbDir(148)) - ozone.scm.db.dirs is not configured. We recommend adding this setting. Falling back to ozone.metadata.dirs instead.
2023-02-17 01:32:07,983 [JUnit] WARN  server.ServerUtils (ServerUtils.java:getScmDbDir(148)) - ozone.scm.db.dirs is not configured. We recommend adding this setting. Falling back to ozone.metadata.dirs instead.
2023-02-17 01:32:07,987 [JUnit] INFO  ha.SCMHANodeDetails (SCMHANodeDetails.java:loadSCMHAConfig(209)) - ServiceID for StorageContainerManager is null
2023-02-17 01:32:07,996 [JUnit] WARN  ha.SCMHANodeDetails (SCMHANodeDetails.java:validateSCMHAConfig(182)) - Invalid config ozone.scm.ratis.enable. The config was not specified, but the default value true conflicts with the expected config value false. Falling back to the expected value. Current State of SCM: SCM is running in Non-HA without Ratis Ratis SCM -> Non Ratis SCM or Non HA SCM -> HA SCM is not supported
2023-02-17 01:32:07,996 [JUnit] INFO  ha.SCMHANodeDetails (SCMHANodeDetails.java:loadSCMHAConfig(214)) - ozone.scm.default.service.id is not defined, falling back to ozone.scm.service.ids to find serviceID for StorageContainerManager if it is HA enabled cluster
2023-02-17 01:32:08,398 [JUnit] WARN  utils.HAUtils (HAUtils.java:getMetaDir(342)) - ozone.scm.db.dirs is not configured. We recommend adding this setting. Falling back to ozone.metadata.dirs instead.
2023-02-17 01:32:08,612 [JUnit] WARN  db.DBStoreBuilder (DBStoreBuilder.java:applyDBDefinition(172)) - ozone.scm.db.dirs is not configured. We recommend adding this setting. Falling back to ozone.metadata.dirs instead.
2023-02-17 01:32:08,813 [JUnit] INFO  net.NodeSchemaLoader (NodeSchemaLoader.java:loadSchemaFromFile(129)) - Loading schema from [jar:file:/home/runner/.m2/repository/org/apache/ozone/hdds-common/1.4.0-SNAPSHOT/hdds-common-1.4.0-SNAPSHOT.jar!/network-topology-default.xml]
2023-02-17 01:32:08,815 [JUnit] INFO  net.NodeSchemaLoader (NodeSchemaLoader.java:loadSchema(176)) - Loading network topology layer schema file
2023-02-17 01:32:08,854 [JUnit] INFO  metrics.MetricRegistries (MetricRegistriesLoader.java:load(64)) - Loaded MetricRegistries class org.apache.ratis.metrics.impl.MetricRegistriesImpl
2023-02-17 01:32:08,859 [JUnit] INFO  upgrade.AbstractLayoutVersionManager (AbstractLayoutVersionManager.java:init(83)) - Initializing Layout version manager with metadata layout = DATANODE_SCHEMA_V3 (version = 4), software layout = DATANODE_SCHEMA_V3 (version = 4)
2023-02-17 01:32:09,042 [JUnit] INFO  reflections.Reflections (Reflections.java:scan(232)) - Reflections took 124 ms to scan 7 urls, producing 150 keys and 362 values 
2023-02-17 01:32:09,130 [JUnit] INFO  ha.SequenceIdGenerator (SequenceIdGenerator.java:upgradeToSequenceId(349)) - upgrade localId to 111677748019200000
2023-02-17 01:32:09,131 [JUnit] INFO  ha.SequenceIdGenerator (SequenceIdGenerator.java:upgradeToSequenceId(359)) - upgrade delTxnId to 0
2023-02-17 01:32:09,134 [JUnit] INFO  ha.SequenceIdGenerator (SequenceIdGenerator.java:upgradeToSequenceId(376)) - upgrade containerId to 0
2023-02-17 01:32:09,136 [JUnit] INFO  ha.SequenceIdGenerator (SequenceIdGenerator.java:<init>(220)) - Init the HA SequenceIdGenerator.
2023-02-17 01:32:09,189 [JUnit] WARN  server.ServerUtils (ServerUtils.java:sanitizeUserArgs(73)) - ozone.scm.stale.node.interval value = 300000 is larger than max = 100000 based on the key value of ozone.scm.heartbeat.thread.interval, reset to the max value 100000.
2023-02-17 01:32:09,190 [JUnit] WARN  server.ServerUtils (ServerUtils.java:sanitizeUserArgs(73)) - ozone.scm.stale.node.interval value = 300000 is larger than max = 100000 based on the key value of ozone.scm.heartbeat.thread.interval, reset to the max value 100000.
2023-02-17 01:32:09,195 [JUnit] INFO  node.SCMNodeManager (SCMNodeManager.java:<init>(149)) - Entering startup safe mode.
2023-02-17 01:32:09,249 [JUnit] INFO  algorithms.ContainerPlacementPolicyFactory (ContainerPlacementPolicyFactory.java:getPolicyInternal(86)) - Create container placement policy of type org.apache.hadoop.hdds.scm.container.placement.algorithms.SCMContainerPlacementRandom
2023-02-17 01:32:09,252 [JUnit] INFO  algorithms.ContainerPlacementPolicyFactory (ContainerPlacementPolicyFactory.java:getPolicyInternal(86)) - Create container placement policy of type org.apache.hadoop.hdds.scm.container.placement.algorithms.SCMContainerPlacementRackScatter
2023-02-17 01:32:09,260 [JUnit] INFO  pipeline.PipelineStateManagerImpl (PipelineStateManagerImpl.java:initialize(78)) - No pipeline exists in current db
2023-02-17 01:32:09,291 [JUnit] INFO  algorithms.LeaderChoosePolicyFactory (LeaderChoosePolicyFactory.java:getPolicy(57)) - Create leader choose policy of type org.apache.hadoop.hdds.scm.pipeline.leader.choose.algorithms.MinLeaderCountChoosePolicy
2023-02-17 01:32:09,292 [JUnit] INFO  algorithms.ContainerPlacementPolicyFactory (ContainerPlacementPolicyFactory.java:getPolicyInternal(86)) - Create container placement policy of type org.apache.hadoop.hdds.scm.container.placement.algorithms.SCMContainerPlacementRackScatter
2023-02-17 01:32:09,299 [JUnit] INFO  ha.SCMServiceManager (SCMServiceManager.java:register(42)) - Registering service BackgroundPipelineCreator.
2023-02-17 01:32:09,300 [JUnit] INFO  pipeline.BackgroundPipelineCreator (BackgroundPipelineCreator.java:start(124)) - Starting RatisPipelineUtilsThread.
2023-02-17 01:32:09,303 [JUnit] INFO  BackgroundPipelineScrubber (BackgroundSCMService.java:start(68)) - Starting BackgroundPipelineScrubber Service.
2023-02-17 01:32:09,306 [JUnit] INFO  ha.SCMServiceManager (SCMServiceManager.java:register(42)) - Registering service BackgroundPipelineScrubber.
2023-02-17 01:32:09,312 [JUnit] INFO  ExpiredContainerReplicaOpScrubber (BackgroundSCMService.java:start(68)) - Starting ExpiredContainerReplicaOpScrubber Service.
2023-02-17 01:32:09,318 [JUnit] INFO  ha.SCMServiceManager (SCMServiceManager.java:register(42)) - Registering service ExpiredContainerReplicaOpScrubber.
2023-02-17 01:32:09,355 [JUnit] INFO  algorithms.PipelineChoosePolicyFactory (PipelineChoosePolicyFactory.java:createPipelineChoosePolicyFromClass(73)) - Create pipeline choose policy of type org.apache.hadoop.hdds.scm.pipeline.choose.algorithms.RandomPipelineChoosePolicy
2023-02-17 01:32:09,384 [JUnit] INFO  ha.SCMServiceManager (SCMServiceManager.java:register(42)) - Registering service SCMBlockDeletingService.
2023-02-17 01:32:09,448 [JUnit] INFO  replication.ReplicationManager (ReplicationManager.java:start(265)) - Starting Replication Monitor Thread.
2023-02-17 01:32:09,457 [JUnit] INFO  ha.SCMServiceManager (SCMServiceManager.java:register(42)) - Registering service ReplicationManager.
2023-02-17 01:32:09,460 [ReplicationMonitor] INFO  replication.ReplicationManager (ReplicationManager.java:processAll(340)) - Replication Manager is not ready to run until 3000ms after safemode exit
2023-02-17 01:32:09,472 [JUnit] INFO  safemode.ContainerSafeModeRule (ContainerSafeModeRule.java:<init>(89)) - containers with one replica threshold count 0
2023-02-17 01:32:09,477 [JUnit] INFO  safemode.HealthyPipelineSafeModeRule (HealthyPipelineSafeModeRule.java:initializeRule(169)) - Total pipeline count is 0, healthy pipeline threshold count is 1
2023-02-17 01:32:09,487 [JUnit] INFO  safemode.OneReplicaPipelineSafeModeRule (OneReplicaPipelineSafeModeRule.java:initializeRule(180)) - Total pipeline count is 0, pipeline's with at least one datanode reported threshold count is 0
2023-02-17 01:32:09,766 [JUnit] INFO  audit.AuditLogger (AuditLogger.java:refreshDebugCmdSet(126)) - Refresh DebugCmdSet for SCMAudit to [].
2023-02-17 01:32:09,796 [JUnit] INFO  ipc.CallQueueManager (CallQueueManager.java:<init>(90)) - Using callQueue: class java.util.concurrent.LinkedBlockingQueue, queueCapacity: 2000, scheduler: class org.apache.hadoop.ipc.DefaultRpcScheduler, ipcBackoff: false.
2023-02-17 01:32:09,832 [Socket Reader #1 for port 0] INFO  ipc.Server (Server.java:run(1273)) - Starting Socket Reader #1 for port 0
2023-02-17 01:32:09,902 [Listener at 0.0.0.0/38871] INFO  audit.AuditLogger (AuditLogger.java:refreshDebugCmdSet(126)) - Refresh DebugCmdSet for SCMAudit to [].
2023-02-17 01:32:09,907 [Listener at 0.0.0.0/38871] INFO  ipc.CallQueueManager (CallQueueManager.java:<init>(90)) - Using callQueue: class java.util.concurrent.LinkedBlockingQueue, queueCapacity: 2000, scheduler: class org.apache.hadoop.ipc.DefaultRpcScheduler, ipcBackoff: false.
2023-02-17 01:32:09,908 [Socket Reader #1 for port 0] INFO  ipc.Server (Server.java:run(1273)) - Starting Socket Reader #1 for port 0
2023-02-17 01:32:09,936 [Listener at 0.0.0.0/40117] INFO  audit.AuditLogger (AuditLogger.java:refreshDebugCmdSet(126)) - Refresh DebugCmdSet for SCMAudit to [].
2023-02-17 01:32:09,947 [Listener at 0.0.0.0/40117] INFO  ipc.CallQueueManager (CallQueueManager.java:<init>(90)) - Using callQueue: class java.util.concurrent.LinkedBlockingQueue, queueCapacity: 2000, scheduler: class org.apache.hadoop.ipc.DefaultRpcScheduler, ipcBackoff: false.
2023-02-17 01:32:09,948 [Socket Reader #1 for port 0] INFO  ipc.Server (Server.java:run(1273)) - Starting Socket Reader #1 for port 0
2023-02-17 01:32:09,988 [Listener at 0.0.0.0/34293] INFO  ha.SCMServiceManager (SCMServiceManager.java:register(42)) - Registering service ContainerBalancer.
2023-02-17 01:32:09,993 [Listener at 0.0.0.0/34293] INFO  server.StorageContainerManager (StorageContainerManager.java:<init>(402)) - 
Container Balancer status:
Key                            Value
Running                        true
Container Balancer Configuration values:
Key                                                Value
Threshold                                          10
Max Datanodes to Involve per Iteration(percent)    20
Max Size to Move per Iteration                     500GB
Max Size Entering Target per Iteration             26GB
Max Size Leaving Source per Iteration              26GB

2023-02-17 01:32:09,993 [Listener at 0.0.0.0/34293] INFO  ha.SCMContext (SCMContext.java:updateSafeModeStatus(228)) - Update SafeModeStatus from SafeModeStatus{safeModeStatus=true, preCheckPassed=false} to SafeModeStatus{safeModeStatus=true, preCheckPassed=false}.
2023-02-17 01:32:10,005 [Listener at 0.0.0.0/34293] INFO  server.StorageContainerManager (StorageContainerManager.java:start(1436)) - StorageContainerLocationProtocol RPC server is listening at /0.0.0.0:34293
2023-02-17 01:32:10,131 [Listener at 0.0.0.0/34293] WARN  impl.MetricsConfig (MetricsConfig.java:loadFirst(136)) - Cannot locate configuration: tried hadoop-metrics2-storagecontainermanager.properties,hadoop-metrics2.properties
2023-02-17 01:32:10,144 [Listener at 0.0.0.0/34293] INFO  impl.MetricsSystemImpl (MetricsSystemImpl.java:startTimer(378)) - Scheduled Metric snapshot period at 10 second(s).
2023-02-17 01:32:10,144 [Listener at 0.0.0.0/34293] INFO  impl.MetricsSystemImpl (MetricsSystemImpl.java:start(191)) - StorageContainerManager metrics system started
2023-02-17 01:32:10,385 [Listener at 0.0.0.0/34293] INFO  server.SCMClientProtocolServer (SCMClientProtocolServer.java:start(169)) - RPC server for Client  is listening at /0.0.0.0:34293
2023-02-17 01:32:10,386 [IPC Server Responder] INFO  ipc.Server (Server.java:run(1512)) - IPC Server Responder: starting
2023-02-17 01:32:10,387 [IPC Server listener on 0] INFO  ipc.Server (Server.java:run(1352)) - IPC Server listener on 0: starting
2023-02-17 01:32:10,389 [Listener at 0.0.0.0/34293] INFO  server.StorageContainerManager (StorageContainerManager.java:start(1450)) - ScmBlockLocationProtocol RPC server is listening at /0.0.0.0:40117
2023-02-17 01:32:10,390 [Listener at 0.0.0.0/34293] INFO  server.SCMBlockProtocolServer (SCMBlockProtocolServer.java:start(152)) - RPC server for Block Protocol is listening at /0.0.0.0:40117
2023-02-17 01:32:10,390 [IPC Server Responder] INFO  ipc.Server (Server.java:run(1512)) - IPC Server Responder: starting
2023-02-17 01:32:10,390 [IPC Server listener on 0] INFO  ipc.Server (Server.java:run(1352)) - IPC Server listener on 0: starting
2023-02-17 01:32:10,392 [Listener at 0.0.0.0/34293] INFO  server.SCMDatanodeProtocolServer (SCMDatanodeProtocolServer.java:start(193)) - ScmDatanodeProtocol RPC server for DataNodes is listening at /0.0.0.0:38871
2023-02-17 01:32:10,393 [IPC Server Responder] INFO  ipc.Server (Server.java:run(1512)) - IPC Server Responder: starting
2023-02-17 01:32:10,393 [IPC Server listener on 0] INFO  ipc.Server (Server.java:run(1352)) - IPC Server listener on 0: starting
2023-02-17 01:32:10,411 [org.apache.hadoop.util.JvmPauseMonitor$Monitor@68fc1e7f] INFO  util.JvmPauseMonitor (JvmPauseMonitor.java:run(188)) - Starting JVM pause monitor
2023-02-17 01:32:10,415 [Listener at 0.0.0.0/34293] INFO  http.BaseHttpServer (BaseHttpServer.java:newHttpServer2BuilderForOzone(213)) - Starting Web-server for scm at: http://0.0.0.0:0
2023-02-17 01:32:10,416 [Listener at 0.0.0.0/34293] INFO  http.BaseHttpServer (BaseHttpServer.java:<init>(108)) - Hadoop Security Enabled: false Ozone Security Enabled: false Ozone HTTP Security Enabled: false 
2023-02-17 01:32:10,443 [Listener at 0.0.0.0/34293] INFO  util.log (Log.java:initialized(170)) - Logging initialized @4037ms to org.eclipse.jetty.util.log.Slf4jLog
2023-02-17 01:32:10,540 [Listener at 0.0.0.0/34293] WARN  server.AuthenticationFilter (AuthenticationFilter.java:constructSecretProvider(240)) - Unable to initialize FileSignerSecretProvider, falling back to use random secrets. Reason: Could not read signature secret file: /home/runner/hadoop-http-auth-signature-secret
2023-02-17 01:32:10,547 [Listener at 0.0.0.0/34293] WARN  http.HttpRequestLog (HttpRequestLog.java:getRequestLog(103)) - Jetty request log can only be enabled using Log4j
2023-02-17 01:32:10,553 [Listener at 0.0.0.0/34293] INFO  http.HttpServer2 (HttpServer2.java:addGlobalFilter(1031)) - Added global filter 'safety' (class=org.apache.hadoop.hdds.server.http.HttpServer2$QuotingInputFilter)
2023-02-17 01:32:10,556 [Listener at 0.0.0.0/34293] INFO  http.HttpServer2 (HttpServer2.java:addFilter(1007)) - Added filter static_user_filter (class=org.apache.hadoop.http.lib.StaticUserWebFilter$StaticUserFilter) to context scm
2023-02-17 01:32:10,556 [Listener at 0.0.0.0/34293] INFO  http.HttpServer2 (HttpServer2.java:addFilter(1015)) - Added filter static_user_filter (class=org.apache.hadoop.http.lib.StaticUserWebFilter$StaticUserFilter) to context static
2023-02-17 01:32:10,556 [Listener at 0.0.0.0/34293] INFO  http.HttpServer2 (HttpServer2.java:addFilter(1015)) - Added filter static_user_filter (class=org.apache.hadoop.http.lib.StaticUserWebFilter$StaticUserFilter) to context logs
2023-02-17 01:32:10,603 [Listener at 0.0.0.0/34293] INFO  http.HttpServer2 (HttpServer2.java:bindListener(1250)) - Jetty bound to port 46883
2023-02-17 01:32:10,605 [Listener at 0.0.0.0/34293] INFO  server.Server (Server.java:doStart(375)) - jetty-9.4.49.v20220914; built: 2022-09-14T01:07:36.601Z; git: 4231a3b2e4cb8548a412a789936d640a97b1aa0a; jvm 1.8.0_362-b09
2023-02-17 01:32:10,635 [Listener at 0.0.0.0/34293] INFO  server.session (DefaultSessionIdManager.java:doStart(334)) - DefaultSessionIdManager workerName=node0
2023-02-17 01:32:10,636 [Listener at 0.0.0.0/34293] INFO  server.session (DefaultSessionIdManager.java:doStart(339)) - No SessionScavenger set, using defaults
2023-02-17 01:32:10,638 [Listener at 0.0.0.0/34293] INFO  server.session (HouseKeeper.java:startScavenging(132)) - node0 Scavenging every 600000ms
2023-02-17 01:32:10,663 [Listener at 0.0.0.0/34293] INFO  handler.ContextHandler (ContextHandler.java:doStart(921)) - Started o.e.j.s.ServletContextHandler@6f12fca0{logs,/logs,file:///home/runner/work/ozone/ozone/hadoop-ozone/integration-test/target/log,AVAILABLE}
2023-02-17 01:32:10,664 [Listener at 0.0.0.0/34293] INFO  handler.ContextHandler (ContextHandler.java:doStart(921)) - Started o.e.j.s.ServletContextHandler@70680f88{static,/static,file:///home/runner/work/ozone/ozone/hadoop-ozone/integration-test/target/test-classes/webapps/static,AVAILABLE}
2023-02-17 01:32:10,712 [Listener at 0.0.0.0/34293] INFO  handler.ContextHandler (ContextHandler.java:doStart(921)) - Started o.e.j.w.WebAppContext@5ff8d76f{scm,/,file:///home/runner/work/ozone/ozone/hadoop-ozone/integration-test/target/test-classes/webapps/scm/,AVAILABLE}{file:/home/runner/work/ozone/ozone/hadoop-ozone/integration-test/target/test-classes/webapps/scm}
2023-02-17 01:32:10,724 [Listener at 0.0.0.0/34293] INFO  server.AbstractConnector (AbstractConnector.java:doStart(333)) - Started ServerConnector@c770b57{HTTP/1.1, (http/1.1)}{0.0.0.0:46883}
2023-02-17 01:32:10,725 [Listener at 0.0.0.0/34293] INFO  server.Server (Server.java:doStart(415)) - Started @4319ms
2023-02-17 01:32:10,727 [Listener at 0.0.0.0/34293] INFO  impl.MetricsSinkAdapter (MetricsSinkAdapter.java:start(204)) - Sink prometheus started
2023-02-17 01:32:10,727 [Listener at 0.0.0.0/34293] INFO  impl.MetricsSystemImpl (MetricsSystemImpl.java:registerSink(305)) - Registered sink prometheus
2023-02-17 01:32:10,728 [Listener at 0.0.0.0/34293] INFO  http.BaseHttpServer (BaseHttpServer.java:updateConnectorAddress(333)) - HTTP server of scm listening at http://0.0.0.0:46883
2023-02-17 01:32:10,730 [Listener at 0.0.0.0/34293] WARN  server.ServerUtils (ServerUtils.java:getDBPath(225)) - ozone.om.db.dirs is not configured. We recommend adding this setting. Falling back to ozone.metadata.dirs instead.
2023-02-17 01:32:10,784 [Listener at 0.0.0.0/34293] INFO  audit.AuditLogger (AuditLogger.java:refreshDebugCmdSet(126)) - Refresh DebugCmdSet for OMAudit to [].
2023-02-17 01:32:10,860 [Listener at 0.0.0.0/34293] INFO  ha.OMHANodeDetails (OMHANodeDetails.java:loadOMHAConfig(115)) - ozone.om.internal.service.id is not defined, falling back to ozone.om.service.ids to find serviceID for OzoneManager if it is HA enabled cluster
2023-02-17 01:32:10,863 [Listener at 0.0.0.0/34293] INFO  ha.OMHANodeDetails (OMHANodeDetails.java:loadOMHAConfig(226)) - Configuration does not have ozone.om.address set. Falling back to the default OM address /127.0.0.1:0
2023-02-17 01:32:10,864 [Listener at 0.0.0.0/34293] INFO  ha.OMHANodeDetails (OMHANodeDetails.java:getOMNodeDetailsForNonHA(254)) - OM Service ID is not set. Setting it to the default ID: omServiceIdDefault
2023-02-17 01:32:10,864 [Listener at 0.0.0.0/34293] INFO  ha.OMHANodeDetails (OMHANodeDetails.java:getOMNodeDetailsForNonHA(261)) - OM Node ID is not set. Setting it to the default ID: om1
2023-02-17 01:32:10,867 [Listener at 0.0.0.0/34293] WARN  server.ServerUtils (ServerUtils.java:getDBPath(225)) - ozone.om.db.dirs is not configured. We recommend adding this setting. Falling back to ozone.metadata.dirs instead.
2023-02-17 01:32:10,870 [Listener at 0.0.0.0/34293] INFO  upgrade.AbstractLayoutVersionManager (AbstractLayoutVersionManager.java:init(83)) - Initializing Layout version manager with metadata layout = MULTITENANCY_SCHEMA (version = 3), software layout = MULTITENANCY_SCHEMA (version = 3)
2023-02-17 01:32:10,941 [Listener at 0.0.0.0/34293] INFO  reflections.Reflections (Reflections.java:scan(232)) - Reflections took 65 ms to scan 2 urls, producing 166 keys and 457 values [using 2 cores]
2023-02-17 01:32:10,945 [Listener at 0.0.0.0/34293] INFO  upgrade.OMLayoutVersionManager (OMLayoutVersionManager.java:lambda$0(115)) - Skipping Upgrade Action MockOmUpgradeAction since it has been finalized.
2023-02-17 01:32:10,946 [Listener at 0.0.0.0/34293] WARN  server.ServerUtils (ServerUtils.java:getDBPath(225)) - ozone.om.db.dirs is not configured. We recommend adding this setting. Falling back to ozone.metadata.dirs instead.
2023-02-17 01:32:11,096 [Listener at 0.0.0.0/34293] INFO  proxy.SCMBlockLocationFailoverProxyProvider (SCMBlockLocationFailoverProxyProvider.java:<init>(114)) - Created block location fail-over proxy with 1 nodes: [nodeId=scmNodeId,nodeAddress=/0.0.0.0:40117]
2023-02-17 01:32:11,127 [Listener at 0.0.0.0/34293] INFO  proxy.SCMBlockLocationFailoverProxyProvider (SCMBlockLocationFailoverProxyProvider.java:<init>(114)) - Created block location fail-over proxy with 1 nodes: [nodeId=scmNodeId,nodeAddress=/0.0.0.0:40117]
2023-02-17 01:32:11,350 [Listener at 0.0.0.0/34293] INFO  om.OzoneManager (OzoneManager.java:<init>(615)) - OM start with adminUsers: [runner]
2023-02-17 01:32:11,362 [Listener at 0.0.0.0/34293] WARN  server.ServerUtils (ServerUtils.java:getDBPath(225)) - ozone.om.db.dirs is not configured. We recommend adding this setting. Falling back to ozone.metadata.dirs instead.
2023-02-17 01:32:11,368 [Listener at 0.0.0.0/34293] INFO  codec.OmKeyInfoCodec (OmKeyInfoCodec.java:<init>(49)) - OmKeyInfoCodec ignorePipeline = true
2023-02-17 01:32:11,369 [Listener at 0.0.0.0/34293] INFO  codec.RepeatedOmKeyInfoCodec (RepeatedOmKeyInfoCodec.java:<init>(41)) - RepeatedOmKeyInfoCodec ignorePipeline = true
2023-02-17 01:32:11,570 [Listener at 0.0.0.0/34293] INFO  om.OzoneManager (OzoneManager.java:instantiateServices(745)) - S3 Multi-Tenancy is disabled
2023-02-17 01:32:11,596 [Listener at 0.0.0.0/34293] WARN  server.ServerUtils (ServerUtils.java:getDBPath(225)) - ozone.om.snapshot.diff.db.dir is not configured. We recommend adding this setting. Falling back to ozone.metadata.dirs instead.
2023-02-17 01:32:11,671 [Listener at 0.0.0.0/34293] INFO  om.OzoneManager (OzoneManager.java:addS3GVolumeToDB(4177)) - Created Volume s3v With Owner runner required for S3Gateway operations.
2023-02-17 01:32:11,728 [Listener at 0.0.0.0/34293] WARN  server.ServerUtils (ServerUtils.java:getDefaultRatisDirectory(237)) - Storage directory for Ratis is not configured. It is a good idea to map this to an SSD disk. Falling back to ozone.metadata.dirs
2023-02-17 01:32:11,728 [Listener at 0.0.0.0/34293] WARN  utils.OzoneManagerRatisUtils (OzoneManagerRatisUtils.java:getOMRatisSnapshotDirectory(436)) - ozone.om.ratis.snapshot.dir is not configured. Falling back to ozone.metadata.dirs config
2023-02-17 01:32:11,746 [Listener at 0.0.0.0/34293] WARN  server.ServerUtils (ServerUtils.java:getDefaultRatisDirectory(237)) - Storage directory for Ratis is not configured. It is a good idea to map this to an SSD disk. Falling back to ozone.metadata.dirs
2023-02-17 01:32:11,775 [Listener at 0.0.0.0/34293] INFO  ratis.OzoneManagerRatisServer (OzoneManagerRatisServer.java:<init>(160)) - Instantiating OM Ratis server with groupID: omServiceIdDefault and peers: localhost:9872
2023-02-17 01:32:11,784 [Listener at 0.0.0.0/34293] INFO  ratis.OzoneManagerStateMachine (OzoneManagerStateMachine.java:loadSnapshotInfoFromDB(636)) - LastAppliedIndex is set from TransactionInfo from OM DB as (t:0, i:~)
2023-02-17 01:32:11,833 [Listener at 0.0.0.0/34293] INFO  server.RaftServer (ConfUtils.java:logGet(46)) - raft.rpc.type = GRPC (default)
2023-02-17 01:32:11,901 [Listener at 0.0.0.0/34293] INFO  grpc.GrpcConfigKeys (ConfUtils.java:logFallback(53)) - raft.grpc.admin.host = null (fallback to raft.grpc.server.host)
2023-02-17 01:32:11,902 [Listener at 0.0.0.0/34293] INFO  grpc.GrpcConfigKeys (ConfUtils.java:logFallback(53)) - raft.grpc.admin.port = 9872 (fallback to raft.grpc.server.port)
2023-02-17 01:32:11,903 [Listener at 0.0.0.0/34293] INFO  grpc.GrpcConfigKeys (ConfUtils.java:logFallback(53)) - raft.grpc.client.host = null (fallback to raft.grpc.server.host)
2023-02-17 01:32:11,903 [Listener at 0.0.0.0/34293] INFO  grpc.GrpcConfigKeys (ConfUtils.java:logFallback(53)) - raft.grpc.client.port = 9872 (fallback to raft.grpc.server.port)
2023-02-17 01:32:11,903 [Listener at 0.0.0.0/34293] INFO  grpc.GrpcConfigKeys (ConfUtils.java:logGet(46)) - raft.grpc.server.host = null (default)
2023-02-17 01:32:11,904 [Listener at 0.0.0.0/34293] INFO  grpc.GrpcConfigKeys (ConfUtils.java:logGet(46)) - raft.grpc.server.port = 9872 (custom)
2023-02-17 01:32:11,904 [Listener at 0.0.0.0/34293] INFO  server.GrpcService (ConfUtils.java:logGet(46)) - raft.grpc.message.size.max = 33554432 (custom)
2023-02-17 01:32:11,905 [Listener at 0.0.0.0/34293] INFO  server.RaftServerConfigKeys (ConfUtils.java:logGet(46)) - raft.server.log.appender.buffer.byte-limit = 33554432 (custom)
2023-02-17 01:32:11,906 [Listener at 0.0.0.0/34293] INFO  server.GrpcService (ConfUtils.java:logGet(46)) - raft.grpc.flow.control.window = 1MB (=1048576) (default)
2023-02-17 01:32:11,906 [Listener at 0.0.0.0/34293] INFO  server.RaftServerConfigKeys (ConfUtils.java:logGet(46)) - raft.server.rpc.request.timeout = 3000ms (default)
2023-02-17 01:32:11,919 [Listener at 0.0.0.0/34293] INFO  grpc.GrpcConfigKeys (ConfUtils.java:logGet(46)) - raft.grpc.server.heartbeat.channel = true (default)
2023-02-17 01:32:11,922 [Listener at 0.0.0.0/34293] INFO  grpc.GrpcConfigKeys (ConfUtils.java:logGet(46)) - raft.grpc.server.async.request.thread.pool.cached = true (default)
2023-02-17 01:32:11,922 [Listener at 0.0.0.0/34293] INFO  grpc.GrpcConfigKeys (ConfUtils.java:logGet(46)) - raft.grpc.server.async.request.thread.pool.size = 32 (default)
2023-02-17 01:32:12,125 [Listener at 0.0.0.0/34293] INFO  impl.DataStreamServerImpl (ConfUtils.java:logGet(46)) - raft.datastream.type = DISABLED (default)
2023-02-17 01:32:12,128 [Listener at 0.0.0.0/34293] INFO  server.RaftServerConfigKeys (ConfUtils.java:logGet(46)) - raft.server.threadpool.proxy.cached = true (default)
2023-02-17 01:32:12,129 [Listener at 0.0.0.0/34293] INFO  server.RaftServerConfigKeys (ConfUtils.java:logGet(46)) - raft.server.threadpool.proxy.size = 0 (default)
2023-02-17 01:32:12,129 [Listener at 0.0.0.0/34293] INFO  server.RaftServerConfigKeys (ConfUtils.java:logGet(46)) - raft.server.rpc.slowness.timeout = 120s (custom)
2023-02-17 01:32:12,129 [Listener at 0.0.0.0/34293] INFO  server.RaftServerConfigKeys (ConfUtils.java:logGet(46)) - raft.server.leaderelection.leader.step-down.wait-time = 10s (default)
2023-02-17 01:32:12,132 [Listener at 0.0.0.0/34293] INFO  server.RaftServerConfigKeys (ConfUtils.java:logGet(46)) - raft.server.storage.dir = [/home/runner/work/ozone/ozone/hadoop-ozone/integration-test/target/test-dir/MiniOzoneClusterImpl-699c85d0-1a2e-49ef-96e2-8d5cf650a041/ozone-meta/ratis] (custom)
2023-02-17 01:32:12,139 [Listener at 0.0.0.0/34293] INFO  server.RaftServer (RaftServerProxy.java:addNew(96)) - om1: addNew group-C5BA1605619E:[om1|rpc:localhost:9872|priority:0|startupRole:FOLLOWER] returns group-C5BA1605619E:java.util.concurrent.CompletableFuture@242b48ef[Not completed]
2023-02-17 01:32:12,139 [Listener at 0.0.0.0/34293] INFO  om.OzoneManager (OzoneManager.java:initializeRatisServer(2080)) - OzoneManager Ratis server initialized at port 9872
2023-02-17 01:32:12,142 [Listener at 0.0.0.0/34293] INFO  om.OzoneManager (OzoneManager.java:getRpcServer(1128)) - Creating RPC Server
2023-02-17 01:32:12,183 [pool-56-thread-1] INFO  server.RaftServer$Division (RaftServerImpl.java:<init>(195)) - om1: new RaftServerImpl for group-C5BA1605619E:[om1|rpc:localhost:9872|priority:0|startupRole:FOLLOWER] with OzoneManagerStateMachine:uninitialized
2023-02-17 01:32:12,199 [pool-56-thread-1] INFO  server.RaftServerConfigKeys (ConfUtils.java:logGet(46)) - raft.server.rpc.timeout.min = 1s (custom)
2023-02-17 01:32:12,215 [pool-56-thread-1] INFO  server.RaftServerConfigKeys (ConfUtils.java:logGet(46)) - raft.server.rpc.timeout.max = 1200ms (custom)
2023-02-17 01:32:12,215 [pool-56-thread-1] INFO  server.RaftServerConfigKeys (ConfUtils.java:logGet(46)) - raft.server.rpc.sleep.time = 25ms (default)
2023-02-17 01:32:12,215 [pool-56-thread-1] INFO  server.RaftServerConfigKeys (ConfUtils.java:logGet(46)) - raft.server.rpc.slowness.timeout = 120s (custom)
2023-02-17 01:32:12,215 [pool-56-thread-1] INFO  server.RaftServerConfigKeys (ConfUtils.java:logGet(46)) - raft.server.leaderelection.leader.step-down.wait-time = 10s (default)
2023-02-17 01:32:12,215 [pool-56-thread-1] INFO  server.RaftServerConfigKeys (ConfUtils.java:logGet(46)) - raft.server.sleep.deviation.threshold = 300ms (default)
2023-02-17 01:32:12,253 [pool-56-thread-1] INFO  server.RaftServer$Division (ServerState.java:<init>(118)) - om1@group-C5BA1605619E: ConfigurationManager, init=-1: peers:[om1|rpc:localhost:9872|priority:0|startupRole:FOLLOWER]|listeners:[], old=null, confs=<EMPTY_MAP>
2023-02-17 01:32:12,256 [pool-56-thread-1] INFO  server.RaftServerConfigKeys (ConfUtils.java:logGet(46)) - raft.server.storage.dir = [/home/runner/work/ozone/ozone/hadoop-ozone/integration-test/target/test-dir/MiniOzoneClusterImpl-699c85d0-1a2e-49ef-96e2-8d5cf650a041/ozone-meta/ratis] (custom)
2023-02-17 01:32:12,280 [pool-56-thread-1] INFO  server.RaftServerConfigKeys (ConfUtils.java:logGet(46)) - raft.server.log.corruption.policy = EXCEPTION (default)
2023-02-17 01:32:12,280 [pool-56-thread-1] INFO  server.RaftServerConfigKeys (ConfUtils.java:logGet(46)) - raft.server.storage.free-space.min = 0MB (=0) (default)
2023-02-17 01:32:12,289 [pool-56-thread-1] INFO  server.RaftServerConfigKeys (ConfUtils.java:logGet(46)) - raft.server.notification.no-leader.timeout = 120s (custom)
2023-02-17 01:32:12,294 [pool-56-thread-1] INFO  server.RaftServerConfigKeys (ConfUtils.java:logGet(46)) - raft.server.retrycache.expirytime = 300s (custom)
2023-02-17 01:32:12,295 [pool-56-thread-1] INFO  server.RaftServerConfigKeys (ConfUtils.java:logGet(46)) - raft.server.retrycache.statistics.expirytime = 100μs (default)
2023-02-17 01:32:12,395 [pool-56-thread-1] INFO  server.RaftServerConfigKeys (ConfUtils.java:logGet(46)) - raft.server.log.appender.install.snapshot.enabled = false (custom)
2023-02-17 01:32:12,396 [pool-56-thread-1] INFO  server.RaftServerConfigKeys (ConfUtils.java:logGet(46)) - raft.server.threadpool.server.cached = true (default)
2023-02-17 01:32:12,396 [pool-56-thread-1] INFO  server.RaftServerConfigKeys (ConfUtils.java:logGet(46)) - raft.server.threadpool.server.size = 0 (default)
2023-02-17 01:32:12,397 [pool-56-thread-1] INFO  server.RaftServerConfigKeys (ConfUtils.java:logGet(46)) - raft.server.threadpool.client.cached = true (default)
2023-02-17 01:32:12,397 [pool-56-thread-1] INFO  server.RaftServerConfigKeys (ConfUtils.java:logGet(46)) - raft.server.threadpool.client.size = 0 (default)
2023-02-17 01:32:12,908 [Listener at 0.0.0.0/34293] INFO  reflections.Reflections (Reflections.java:scan(232)) - Reflections took 720 ms to scan 19 urls, producing 69 keys and 4807 values [using 2 cores]
2023-02-17 01:32:13,224 [Listener at 0.0.0.0/34293] INFO  ipc.CallQueueManager (CallQueueManager.java:<init>(90)) - Using callQueue: class java.util.concurrent.LinkedBlockingQueue, queueCapacity: 2000, scheduler: class org.apache.hadoop.ipc.DefaultRpcScheduler, ipcBackoff: false.
2023-02-17 01:32:13,225 [Socket Reader #1 for port 0] INFO  ipc.Server (Server.java:run(1273)) - Starting Socket Reader #1 for port 0
2023-02-17 01:32:13,251 [Listener at 127.0.0.1/36463] INFO  impl.MetricsSystemImpl (MetricsSystemImpl.java:init(158)) - OzoneManager metrics system started (again)
2023-02-17 01:32:13,264 [Listener at 127.0.0.1/36463] INFO  om.OzoneManager (OzoneManager.java:start(1548)) - OzoneManager RPC server is listening at localhost/127.0.0.1:36463
2023-02-17 01:32:13,264 [Listener at 127.0.0.1/36463] INFO  ratis.OzoneManagerRatisServer (OzoneManagerRatisServer.java:start(555)) - Starting OzoneManagerRatisServer om1 at port 9872
2023-02-17 01:32:13,267 [om1-impl-thread1] INFO  storage.RaftStorageDirectory (RaftStorageDirectoryImpl.java:analyzeStorage(137)) - The storage directory /home/runner/work/ozone/ozone/hadoop-ozone/integration-test/target/test-dir/MiniOzoneClusterImpl-699c85d0-1a2e-49ef-96e2-8d5cf650a041/ozone-meta/ratis/bf265839-605b-3f16-9796-c5ba1605619e does not exist. Creating ...
2023-02-17 01:32:13,271 [om1-impl-thread1] INFO  storage.RaftStorageDirectory (RaftStorageDirectoryImpl.java:tryLock(231)) - Lock on /home/runner/work/ozone/ozone/hadoop-ozone/integration-test/target/test-dir/MiniOzoneClusterImpl-699c85d0-1a2e-49ef-96e2-8d5cf650a041/ozone-meta/ratis/bf265839-605b-3f16-9796-c5ba1605619e/in_use.lock acquired by nodename 65990@fv-az249-264
2023-02-17 01:32:13,277 [om1-impl-thread1] INFO  storage.RaftStorage (RaftStorageImpl.java:format(96)) - Storage directory /home/runner/work/ozone/ozone/hadoop-ozone/integration-test/target/test-dir/MiniOzoneClusterImpl-699c85d0-1a2e-49ef-96e2-8d5cf650a041/ozone-meta/ratis/bf265839-605b-3f16-9796-c5ba1605619e has been successfully formatted.
2023-02-17 01:32:13,279 [om1-impl-thread1] INFO  server.RaftServerConfigKeys (ConfUtils.java:logGet(46)) - raft.server.log.use.memory = false (default)
2023-02-17 01:32:13,286 [om1-impl-thread1] INFO  server.RaftServerConfigKeys (ConfUtils.java:logGet(46)) - raft.server.log.purge.gap = 1000000 (custom)
2023-02-17 01:32:13,286 [om1-impl-thread1] INFO  server.RaftServerConfigKeys (ConfUtils.java:logGet(46)) - raft.server.log.appender.buffer.byte-limit = 33554432 (custom)
2023-02-17 01:32:13,288 [om1-impl-thread1] INFO  server.RaftServerConfigKeys (ConfUtils.java:logGet(46)) - raft.server.log.statemachine.data.read.timeout = 1000ms (default)
2023-02-17 01:32:13,289 [om1-impl-thread1] INFO  server.RaftServerConfigKeys (ConfUtils.java:logGet(46)) - raft.server.log.purge.preservation.log.num = 0 (default)
2023-02-17 01:32:13,291 [om1-impl-thread1] INFO  server.RaftServerConfigKeys (ConfUtils.java:logGet(46)) - raft.server.log.segment.size.max = 4194304 (custom)
2023-02-17 01:32:13,296 [om1-impl-thread1] INFO  server.RaftServerConfigKeys (ConfUtils.java:logGet(46)) - raft.server.log.segment.cache.num.max = 2 (custom)
2023-02-17 01:32:13,297 [om1-impl-thread1] INFO  server.RaftServerConfigKeys (ConfUtils.java:logGet(46)) - raft.server.log.segment.cache.size.max = 200MB (=209715200) (default)
2023-02-17 01:32:13,303 [om1-impl-thread1] INFO  segmented.SegmentedRaftLogWorker (SegmentedRaftLogWorker.java:<init>(189)) - new om1@group-C5BA1605619E-SegmentedRaftLogWorker for RaftStorageImpl:Storage Directory /home/runner/work/ozone/ozone/hadoop-ozone/integration-test/target/test-dir/MiniOzoneClusterImpl-699c85d0-1a2e-49ef-96e2-8d5cf650a041/ozone-meta/ratis/bf265839-605b-3f16-9796-c5ba1605619e
2023-02-17 01:32:13,303 [om1-impl-thread1] INFO  server.RaftServerConfigKeys (ConfUtils.java:logGet(46)) - raft.server.log.queue.byte-limit = 64MB (=67108864) (default)
2023-02-17 01:32:13,303 [om1-impl-thread1] INFO  server.RaftServerConfigKeys (ConfUtils.java:logGet(46)) - raft.server.log.queue.element-limit = 4096 (default)
2023-02-17 01:32:13,304 [om1-impl-thread1] INFO  server.RaftServerConfigKeys (ConfUtils.java:logGet(46)) - raft.server.log.segment.size.max = 4194304 (custom)
2023-02-17 01:32:13,305 [om1-impl-thread1] INFO  server.RaftServerConfigKeys (ConfUtils.java:logGet(46)) - raft.server.log.preallocated.size = 4194304 (custom)
2023-02-17 01:32:13,305 [om1-impl-thread1] INFO  server.RaftServerConfigKeys (ConfUtils.java:logGet(46)) - raft.server.log.force.sync.num = 128 (default)
2023-02-17 01:32:13,306 [om1-impl-thread1] INFO  server.RaftServerConfigKeys (ConfUtils.java:logGet(46)) - raft.server.log.statemachine.data.sync = true (default)
2023-02-17 01:32:13,306 [om1-impl-thread1] INFO  server.RaftServerConfigKeys (ConfUtils.java:logGet(46)) - raft.server.log.statemachine.data.sync.timeout = 10s (default)
2023-02-17 01:32:13,306 [om1-impl-thread1] INFO  server.RaftServerConfigKeys (ConfUtils.java:logGet(46)) - raft.server.log.statemachine.data.sync.timeout.retry = -1 (default)
2023-02-17 01:32:13,314 [om1-impl-thread1] INFO  server.RaftServerConfigKeys (ConfUtils.java:logGet(46)) - raft.server.log.write.buffer.size = 64KB (=65536) (default)
2023-02-17 01:32:13,314 [om1-impl-thread1] INFO  server.RaftServerConfigKeys (ConfUtils.java:logGet(46)) - raft.server.log.appender.buffer.byte-limit = 33554432 (custom)
2023-02-17 01:32:13,318 [om1-impl-thread1] INFO  server.RaftServerConfigKeys (ConfUtils.java:logGet(46)) - raft.server.log.unsafe-flush.enabled = false (default)
2023-02-17 01:32:13,318 [om1-impl-thread1] INFO  server.RaftServerConfigKeys (ConfUtils.java:logGet(46)) - raft.server.log.async-flush.enabled = false (default)
2023-02-17 01:32:13,318 [om1-impl-thread1] INFO  server.RaftServerConfigKeys (ConfUtils.java:logGet(46)) - raft.server.log.statemachine.data.caching.enabled = false (default)
2023-02-17 01:32:13,324 [om1-impl-thread1] INFO  segmented.SegmentedRaftLogWorker (SegmentedRaftLogWorker.java:lambda$new$0(135)) - om1@group-C5BA1605619E-SegmentedRaftLogWorker: flushIndex: setUnconditionally 0 -> -1
2023-02-17 01:32:13,325 [om1-impl-thread1] INFO  segmented.SegmentedRaftLogWorker (SegmentedRaftLogWorker.java:lambda$new$0(135)) - om1@group-C5BA1605619E-SegmentedRaftLogWorker: safeCacheEvictIndex: setUnconditionally 0 -> -1
2023-02-17 01:32:13,330 [om1-impl-thread1] INFO  server.RaftServer$Division (RaftServerImpl.java:start(334)) - om1@group-C5BA1605619E: start as a follower, conf=-1: peers:[om1|rpc:localhost:9872|priority:0|startupRole:FOLLOWER]|listeners:[], old=null
2023-02-17 01:32:13,330 [om1-impl-thread1] INFO  server.RaftServer$Division (RaftServerImpl.java:setRole(321)) - om1@group-C5BA1605619E: changes role from      null to FOLLOWER at term 0 for startAsFollower
2023-02-17 01:32:13,332 [om1-impl-thread1] INFO  impl.RoleInfo (RoleInfo.java:updateAndGet(139)) - om1: start om1@group-C5BA1605619E-FollowerState
2023-02-17 01:32:13,335 [om1-impl-thread1] INFO  util.JmxRegister (JmxRegister.java:tryRegister(44)) - Successfully registered JMX Bean with object name Ratis:service=RaftServer,group=group-C5BA1605619E,id=om1
2023-02-17 01:32:13,336 [om1-impl-thread1] INFO  server.RaftServerConfigKeys (ConfUtils.java:logGet(46)) - raft.server.snapshot.auto.trigger.enabled = true (custom)
2023-02-17 01:32:13,337 [om1-impl-thread1] INFO  server.RaftServerConfigKeys (ConfUtils.java:logGet(46)) - raft.server.snapshot.auto.trigger.threshold = 400000 (default)
2023-02-17 01:32:13,337 [om1-impl-thread1] INFO  server.RaftServerConfigKeys (ConfUtils.java:logGet(46)) - raft.server.snapshot.retention.file.num = -1 (default)
2023-02-17 01:32:13,338 [om1@group-C5BA1605619E-FollowerState] INFO  server.RaftServerConfigKeys (ConfUtils.java:logFallback(53)) - raft.server.rpc.first-election.timeout.min = 1s (fallback to raft.server.rpc.timeout.min)
2023-02-17 01:32:13,338 [om1@group-C5BA1605619E-FollowerState] INFO  server.RaftServerConfigKeys (ConfUtils.java:logFallback(53)) - raft.server.rpc.first-election.timeout.max = 1200ms (fallback to raft.server.rpc.timeout.max)
2023-02-17 01:32:13,338 [om1-impl-thread1] INFO  server.RaftServerConfigKeys (ConfUtils.java:logGet(46)) - raft.server.log.purge.upto.snapshot.index = true (custom)
2023-02-17 01:32:13,341 [Listener at 127.0.0.1/36463] INFO  server.RaftServer (RaftServerProxy.java:startImpl(393)) - om1: start RPC server
2023-02-17 01:32:13,386 [Listener at 127.0.0.1/36463] INFO  server.GrpcService (GrpcService.java:startImpl(262)) - om1: GrpcService started, listening on 9872
2023-02-17 01:32:13,389 [Listener at 127.0.0.1/36463] INFO  om.OzoneManager (OzoneManager.java:start(1564)) - Version File has different layout version (3) than OM DB (null). That is expected if this OM has never been finalized to a newer layout version.
2023-02-17 01:32:13,390 [JvmPauseMonitor0] INFO  util.JvmPauseMonitor (JvmPauseMonitor.java:run(105)) - JvmPauseMonitor-om1: Started
2023-02-17 01:32:13,415 [Listener at 127.0.0.1/36463] INFO  http.BaseHttpServer (BaseHttpServer.java:newHttpServer2BuilderForOzone(213)) - Starting Web-server for ozoneManager at: http://0.0.0.0:0
2023-02-17 01:32:13,415 [Listener at 127.0.0.1/36463] INFO  http.BaseHttpServer (BaseHttpServer.java:<init>(108)) - Hadoop Security Enabled: false Ozone Security Enabled: false Ozone HTTP Security Enabled: false 
2023-02-17 01:32:13,417 [Listener at 127.0.0.1/36463] WARN  server.AuthenticationFilter (AuthenticationFilter.java:constructSecretProvider(240)) - Unable to initialize FileSignerSecretProvider, falling back to use random secrets. Reason: Could not read signature secret file: /home/runner/hadoop-http-auth-signature-secret
2023-02-17 01:32:13,419 [Listener at 127.0.0.1/36463] WARN  http.HttpRequestLog (HttpRequestLog.java:getRequestLog(103)) - Jetty request log can only be enabled using Log4j
2023-02-17 01:32:13,421 [Listener at 127.0.0.1/36463] INFO  http.HttpServer2 (HttpServer2.java:addGlobalFilter(1031)) - Added global filter 'safety' (class=org.apache.hadoop.hdds.server.http.HttpServer2$QuotingInputFilter)
2023-02-17 01:32:13,422 [Listener at 127.0.0.1/36463] INFO  http.HttpServer2 (HttpServer2.java:addFilter(1007)) - Added filter static_user_filter (class=org.apache.hadoop.http.lib.StaticUserWebFilter$StaticUserFilter) to context ozoneManager
2023-02-17 01:32:13,423 [Listener at 127.0.0.1/36463] INFO  http.HttpServer2 (HttpServer2.java:addFilter(1015)) - Added filter static_user_filter (class=org.apache.hadoop.http.lib.StaticUserWebFilter$StaticUserFilter) to context logs
2023-02-17 01:32:13,423 [Listener at 127.0.0.1/36463] INFO  http.HttpServer2 (HttpServer2.java:addFilter(1015)) - Added filter static_user_filter (class=org.apache.hadoop.http.lib.StaticUserWebFilter$StaticUserFilter) to context static
2023-02-17 01:32:13,425 [Listener at 127.0.0.1/36463] INFO  http.HttpServer2 (HttpServer2.java:bindListener(1250)) - Jetty bound to port 34899
2023-02-17 01:32:13,425 [Listener at 127.0.0.1/36463] INFO  server.Server (Server.java:doStart(375)) - jetty-9.4.49.v20220914; built: 2022-09-14T01:07:36.601Z; git: 4231a3b2e4cb8548a412a789936d640a97b1aa0a; jvm 1.8.0_362-b09
2023-02-17 01:32:13,438 [Listener at 127.0.0.1/36463] INFO  server.session (DefaultSessionIdManager.java:doStart(334)) - DefaultSessionIdManager workerName=node0
2023-02-17 01:32:13,439 [Listener at 127.0.0.1/36463] INFO  server.session (DefaultSessionIdManager.java:doStart(339)) - No SessionScavenger set, using defaults
2023-02-17 01:32:13,439 [Listener at 127.0.0.1/36463] INFO  server.session (HouseKeeper.java:startScavenging(132)) - node0 Scavenging every 600000ms
2023-02-17 01:32:13,440 [Listener at 127.0.0.1/36463] INFO  handler.ContextHandler (ContextHandler.java:doStart(921)) - Started o.e.j.s.ServletContextHandler@7bd276f2{logs,/logs,file:///home/runner/work/ozone/ozone/hadoop-ozone/integration-test/target/log,AVAILABLE}
2023-02-17 01:32:13,441 [Listener at 127.0.0.1/36463] INFO  handler.ContextHandler (ContextHandler.java:doStart(921)) - Started o.e.j.s.ServletContextHandler@237b3ab6{static,/static,file:///home/runner/work/ozone/ozone/hadoop-ozone/integration-test/target/test-classes/webapps/static,AVAILABLE}
2023-02-17 01:32:13,444 [Listener at 127.0.0.1/36463] INFO  handler.ContextHandler (ContextHandler.java:doStart(921)) - Started o.e.j.w.WebAppContext@798ba61{ozoneManager,/,file:///home/runner/work/ozone/ozone/hadoop-ozone/integration-test/target/test-classes/webapps/ozoneManager/,AVAILABLE}{file:/home/runner/work/ozone/ozone/hadoop-ozone/integration-test/target/test-classes/webapps/ozoneManager}
2023-02-17 01:32:13,447 [Listener at 127.0.0.1/36463] INFO  server.AbstractConnector (AbstractConnector.java:doStart(333)) - Started ServerConnector@532ad0fd{HTTP/1.1, (http/1.1)}{0.0.0.0:34899}
2023-02-17 01:32:13,447 [Listener at 127.0.0.1/36463] INFO  server.Server (Server.java:doStart(415)) - Started @7041ms
2023-02-17 01:32:13,447 [Listener at 127.0.0.1/36463] WARN  impl.MetricsSystemImpl (MetricsSystemImpl.java:register(279)) - Sink prometheus already exists!
2023-02-17 01:32:13,448 [Listener at 127.0.0.1/36463] INFO  http.BaseHttpServer (BaseHttpServer.java:updateConnectorAddress(333)) - HTTP server of ozoneManager listening at http://0.0.0.0:34899
2023-02-17 01:32:13,450 [IPC Server Responder] INFO  ipc.Server (Server.java:run(1512)) - IPC Server Responder: starting
2023-02-17 01:32:13,450 [IPC Server listener on 0] INFO  ipc.Server (Server.java:run(1352)) - IPC Server listener on 0: starting
2023-02-17 01:32:13,456 [Listener at 127.0.0.1/36463] INFO  om.OzoneManager (OzoneManager.java:startTrashEmptier(2024)) - Trash Interval set to 0. Files deleted won't move to trash
2023-02-17 01:32:13,466 [org.apache.hadoop.util.JvmPauseMonitor$Monitor@4260a1c] INFO  util.JvmPauseMonitor (JvmPauseMonitor.java:run(188)) - Starting JVM pause monitor
2023-02-17 01:32:13,597 [Listener at 127.0.0.1/36463] WARN  impl.MetricRegistriesImpl (MetricRegistriesImpl.java:addReporterRegistration(111)) - New reporters are added after registries were created. Some metrics will be missing from the reporter. Please add reporter before adding any new registry.
2023-02-17 01:32:13,597 [Listener at 127.0.0.1/36463] WARN  impl.MetricRegistriesImpl (MetricRegistriesImpl.java:addReporterRegistration(111)) - New reporters are added after registries were created. Some metrics will be missing from the reporter. Please add reporter before adding any new registry.
2023-02-17 01:32:13,597 [Listener at 127.0.0.1/36463] INFO  impl.MetricsSystemImpl (MetricsSystemImpl.java:init(158)) - HddsDatanode metrics system started (again)
2023-02-17 01:32:13,614 [Listener at 127.0.0.1/36463] INFO  ozone.HddsDatanodeService (HddsDatanodeService.java:start(228)) - HddsDatanodeService host:fv-az249-264.ubt5suc3ufjutoeqyo4zsso0he.gx.internal.cloudapp.net ip:10.1.0.190
2023-02-17 01:32:13,639 [Listener at 127.0.0.1/36463] INFO  upgrade.AbstractLayoutVersionManager (AbstractLayoutVersionManager.java:init(83)) - Initializing Layout version manager with metadata layout = DATANODE_SCHEMA_V3 (version = 4), software layout = DATANODE_SCHEMA_V3 (version = 4)
2023-02-17 01:32:13,691 [Listener at 127.0.0.1/36463] INFO  reflections.Reflections (Reflections.java:scan(232)) - Reflections took 51 ms to scan 7 urls, producing 150 keys and 362 values 
2023-02-17 01:32:13,694 [Listener at 127.0.0.1/36463] INFO  statemachine.DatanodeStateMachine (DatanodeStateMachine.java:getEndPointTaskThreadPoolSize(260)) - Datanode State Machine Task Thread Pool size 2
2023-02-17 01:32:13,748 [Listener at 127.0.0.1/36463] INFO  volume.HddsVolume (HddsVolume.java:<init>(122)) - Creating HddsVolume: /home/runner/work/ozone/ozone/hadoop-ozone/integration-test/target/test-dir/MiniOzoneClusterImpl-699c85d0-1a2e-49ef-96e2-8d5cf650a041/datanode-0/data-0/containers/hdds of storage type : DISK capacity : 9223372036854775807
2023-02-17 01:32:13,750 [Listener at 127.0.0.1/36463] INFO  volume.MutableVolumeSet (MutableVolumeSet.java:initializeVolumeSet(174)) - Added Volume : /home/runner/work/ozone/ozone/hadoop-ozone/integration-test/target/test-dir/MiniOzoneClusterImpl-699c85d0-1a2e-49ef-96e2-8d5cf650a041/datanode-0/data-0/containers/hdds to VolumeSet
2023-02-17 01:32:13,751 [Listener at 127.0.0.1/36463] INFO  volume.ThrottledAsyncChecker (ThrottledAsyncChecker.java:schedule(141)) - Scheduling a check for /home/runner/work/ozone/ozone/hadoop-ozone/integration-test/target/test-dir/MiniOzoneClusterImpl-699c85d0-1a2e-49ef-96e2-8d5cf650a041/datanode-0/data-0/containers/hdds
2023-02-17 01:32:13,772 [Listener at 127.0.0.1/36463] INFO  volume.StorageVolumeChecker (StorageVolumeChecker.java:checkAllVolumes(202)) - Scheduled health check for volume /home/runner/work/ozone/ozone/hadoop-ozone/integration-test/target/test-dir/MiniOzoneClusterImpl-699c85d0-1a2e-49ef-96e2-8d5cf650a041/datanode-0/data-0/containers/hdds
2023-02-17 01:32:13,790 [Listener at 127.0.0.1/36463] INFO  volume.MutableVolumeSet (MutableVolumeSet.java:initializeVolumeSet(174)) - Added Volume : /home/runner/work/ozone/ozone/hadoop-ozone/integration-test/target/test-dir/MiniOzoneClusterImpl-699c85d0-1a2e-49ef-96e2-8d5cf650a041/datanode-0/data/ratis to VolumeSet
2023-02-17 01:32:13,790 [Listener at 127.0.0.1/36463] INFO  volume.ThrottledAsyncChecker (ThrottledAsyncChecker.java:schedule(141)) - Scheduling a check for /home/runner/work/ozone/ozone/hadoop-ozone/integration-test/target/test-dir/MiniOzoneClusterImpl-699c85d0-1a2e-49ef-96e2-8d5cf650a041/datanode-0/data/ratis
2023-02-17 01:32:13,790 [Listener at 127.0.0.1/36463] INFO  volume.StorageVolumeChecker (StorageVolumeChecker.java:checkAllVolumes(202)) - Scheduled health check for volume /home/runner/work/ozone/ozone/hadoop-ozone/integration-test/target/test-dir/MiniOzoneClusterImpl-699c85d0-1a2e-49ef-96e2-8d5cf650a041/datanode-0/data/ratis
2023-02-17 01:32:13,813 [Thread-136] INFO  ozoneimpl.ContainerReader (ContainerReader.java:readVolume(175)) - Finish verifying containers on volume /home/runner/work/ozone/ozone/hadoop-ozone/integration-test/target/test-dir/MiniOzoneClusterImpl-699c85d0-1a2e-49ef-96e2-8d5cf650a041/datanode-0/data-0/containers/hdds
2023-02-17 01:32:13,814 [Listener at 127.0.0.1/36463] INFO  ozoneimpl.OzoneContainer (OzoneContainer.java:buildContainerSet(304)) - Build ContainerSet costs 0s
2023-02-17 01:32:13,861 [Listener at 127.0.0.1/36463] INFO  audit.AuditLogger (AuditLogger.java:refreshDebugCmdSet(126)) - Refresh DebugCmdSet for DNAudit to [].
2023-02-17 01:32:13,889 [Listener at 127.0.0.1/36463] INFO  server.RaftServer (ConfUtils.java:logGet(46)) - raft.rpc.type = GRPC (default)
2023-02-17 01:32:13,889 [Listener at 127.0.0.1/36463] INFO  grpc.GrpcConfigKeys (ConfUtils.java:logFallback(53)) - raft.grpc.admin.host = null (fallback to raft.grpc.server.host)
2023-02-17 01:32:13,890 [Listener at 127.0.0.1/36463] INFO  grpc.GrpcConfigKeys (ConfUtils.java:logGet(46)) - raft.grpc.admin.port = 0 (custom)
2023-02-17 01:32:13,890 [Listener at 127.0.0.1/36463] INFO  grpc.GrpcConfigKeys (ConfUtils.java:logFallback(53)) - raft.grpc.client.host = null (fallback to raft.grpc.server.host)
2023-02-17 01:32:13,890 [Listener at 127.0.0.1/36463] INFO  grpc.GrpcConfigKeys (ConfUtils.java:logGet(46)) - raft.grpc.client.port = 0 (custom)
2023-02-17 01:32:13,890 [Listener at 127.0.0.1/36463] INFO  grpc.GrpcConfigKeys (ConfUtils.java:logGet(46)) - raft.grpc.server.host = null (default)
2023-02-17 01:32:13,890 [Listener at 127.0.0.1/36463] INFO  grpc.GrpcConfigKeys (ConfUtils.java:logGet(46)) - raft.grpc.server.port = 0 (default)
2023-02-17 01:32:13,890 [Listener at 127.0.0.1/36463] INFO  server.GrpcService (ConfUtils.java:logGet(46)) - raft.grpc.message.size.max = 32MB (=33554432) (custom)
2023-02-17 01:32:13,890 [Listener at 127.0.0.1/36463] INFO  server.RaftServerConfigKeys (ConfUtils.java:logGet(46)) - raft.server.log.appender.buffer.byte-limit = 33554432 (custom)
2023-02-17 01:32:13,891 [Listener at 127.0.0.1/36463] INFO  server.GrpcService (ConfUtils.java:logGet(46)) - raft.grpc.flow.control.window = 5MB (=5242880) (custom)
2023-02-17 01:32:13,891 [Listener at 127.0.0.1/36463] INFO  server.RaftServerConfigKeys (ConfUtils.java:logGet(46)) - raft.server.rpc.request.timeout = 3000ms (default)
2023-02-17 01:32:13,891 [Listener at 127.0.0.1/36463] INFO  grpc.GrpcConfigKeys (ConfUtils.java:logGet(46)) - raft.grpc.server.heartbeat.channel = true (default)
2023-02-17 01:32:13,891 [Listener at 127.0.0.1/36463] INFO  grpc.GrpcConfigKeys (ConfUtils.java:logGet(46)) - raft.grpc.server.async.request.thread.pool.cached = true (default)
2023-02-17 01:32:13,891 [Listener at 127.0.0.1/36463] INFO  grpc.GrpcConfigKeys (ConfUtils.java:logGet(46)) - raft.grpc.server.async.request.thread.pool.size = 32 (default)
2023-02-17 01:32:13,892 [Listener at 127.0.0.1/36463] INFO  impl.DataStreamServerImpl (ConfUtils.java:logGet(46)) - raft.datastream.type = NETTY (custom)
2023-02-17 01:32:13,901 [Listener at 127.0.0.1/36463] INFO  server.RaftServerConfigKeys (ConfUtils.java:logGet(46)) - raft.server.data-stream.async.request.thread.pool.cached = false (default)
2023-02-17 01:32:13,902 [Listener at 127.0.0.1/36463] INFO  server.RaftServerConfigKeys (ConfUtils.java:logGet(46)) - raft.server.data-stream.async.request.thread.pool.size = 20 (custom)
2023-02-17 01:32:13,902 [Listener at 127.0.0.1/36463] INFO  server.RaftServerConfigKeys (ConfUtils.java:logGet(46)) - raft.server.data-stream.async.write.thread.pool.size = 16 (default)
2023-02-17 01:32:13,903 [Listener at 127.0.0.1/36463] INFO  server.RaftServerConfigKeys (ConfUtils.java:logGet(46)) - raft.server.data-stream.client.pool.size = 10 (default)
2023-02-17 01:32:13,906 [Listener at 127.0.0.1/36463] INFO  netty.NettyConfigKeys$DataStream (ConfUtils.java:logGet(46)) - raft.netty.dataStream.server.use-epoll = false (default)
2023-02-17 01:32:13,906 [Listener at 127.0.0.1/36463] INFO  netty.NettyConfigKeys$DataStream (ConfUtils.java:logGet(46)) - raft.netty.dataStream.server.boss-group.size = 0 (default)
2023-02-17 01:32:13,912 [Listener at 127.0.0.1/36463] INFO  netty.NettyConfigKeys$DataStream (ConfUtils.java:logGet(46)) - raft.netty.dataStream.server.worker-group.size = 0 (default)
2023-02-17 01:32:13,913 [Listener at 127.0.0.1/36463] INFO  netty.NettyConfigKeys$DataStream (ConfUtils.java:logGet(46)) - raft.netty.dataStream.server.tls.conf = null (default)
2023-02-17 01:32:13,914 [Listener at 127.0.0.1/36463] INFO  netty.NettyConfigKeys$DataStream (ConfUtils.java:logGet(46)) - raft.netty.dataStream.host = null (default)
2023-02-17 01:32:13,915 [Listener at 127.0.0.1/36463] INFO  netty.NettyConfigKeys$DataStream (ConfUtils.java:logGet(46)) - raft.netty.dataStream.port = 0 (default)
2023-02-17 01:32:13,922 [Listener at 127.0.0.1/36463] INFO  server.RaftServerConfigKeys (ConfUtils.java:logGet(46)) - raft.server.threadpool.proxy.cached = true (default)
2023-02-17 01:32:13,922 [Listener at 127.0.0.1/36463] INFO  server.RaftServerConfigKeys (ConfUtils.java:logGet(46)) - raft.server.threadpool.proxy.size = 0 (default)
2023-02-17 01:32:13,923 [Listener at 127.0.0.1/36463] INFO  server.RaftServerConfigKeys (ConfUtils.java:logGet(46)) - raft.server.rpc.slowness.timeout = 300000ms (custom)
2023-02-17 01:32:13,923 [Listener at 127.0.0.1/36463] INFO  server.RaftServerConfigKeys (ConfUtils.java:logGet(46)) - raft.server.leaderelection.leader.step-down.wait-time = 10s (default)
2023-02-17 01:32:13,923 [Listener at 127.0.0.1/36463] INFO  server.RaftServerConfigKeys (ConfUtils.java:logGet(46)) - raft.server.storage.dir = [/home/runner/work/ozone/ozone/hadoop-ozone/integration-test/target/test-dir/MiniOzoneClusterImpl-699c85d0-1a2e-49ef-96e2-8d5cf650a041/datanode-0/data/ratis] (custom)
2023-02-17 01:32:13,956 [b2981eac-b4c3-4266-a3be-ebd453a2e2b7-NettyServerStreamRpc-bossGroup--thread1] INFO  logging.LoggingHandler (AbstractInternalLogger.java:log(148)) - [id: 0x7ee57609] REGISTERED
2023-02-17 01:32:13,957 [b2981eac-b4c3-4266-a3be-ebd453a2e2b7-NettyServerStreamRpc-bossGroup--thread1] INFO  logging.LoggingHandler (AbstractInternalLogger.java:log(148)) - [id: 0x7ee57609] BIND: 0.0.0.0/0.0.0.0:0
2023-02-17 01:32:13,957 [b2981eac-b4c3-4266-a3be-ebd453a2e2b7-NettyServerStreamRpc-bossGroup--thread1] INFO  logging.LoggingHandler (AbstractInternalLogger.java:log(148)) - [id: 0x7ee57609, L:/0:0:0:0:0:0:0:0:41231] ACTIVE
2023-02-17 01:32:13,967 [Listener at 127.0.0.1/36463] INFO  server.XceiverServerGrpc (XceiverServerGrpc.java:<init>(132)) - GrpcServer channel type EpollServerSocketChannel
2023-02-17 01:32:14,034 [Listener at 127.0.0.1/36463] INFO  http.BaseHttpServer (BaseHttpServer.java:newHttpServer2BuilderForOzone(213)) - Starting Web-server for hddsDatanode at: http://0.0.0.0:0
2023-02-17 01:32:14,034 [Listener at 127.0.0.1/36463] INFO  http.BaseHttpServer (BaseHttpServer.java:<init>(108)) - Hadoop Security Enabled: false Ozone Security Enabled: false Ozone HTTP Security Enabled: false 
2023-02-17 01:32:14,035 [Listener at 127.0.0.1/36463] WARN  server.AuthenticationFilter (AuthenticationFilter.java:constructSecretProvider(240)) - Unable to initialize FileSignerSecretProvider, falling back to use random secrets. Reason: Could not read signature secret file: /home/runner/hadoop-http-auth-signature-secret
2023-02-17 01:32:14,038 [Listener at 127.0.0.1/36463] WARN  http.HttpRequestLog (HttpRequestLog.java:getRequestLog(103)) - Jetty request log can only be enabled using Log4j
2023-02-17 01:32:14,040 [Listener at 127.0.0.1/36463] INFO  http.HttpServer2 (HttpServer2.java:addGlobalFilter(1031)) - Added global filter 'safety' (class=org.apache.hadoop.hdds.server.http.HttpServer2$QuotingInputFilter)
2023-02-17 01:32:14,041 [Listener at 127.0.0.1/36463] INFO  http.HttpServer2 (HttpServer2.java:addFilter(1007)) - Added filter static_user_filter (class=org.apache.hadoop.http.lib.StaticUserWebFilter$StaticUserFilter) to context hddsDatanode
2023-02-17 01:32:14,041 [Listener at 127.0.0.1/36463] INFO  http.HttpServer2 (HttpServer2.java:addFilter(1015)) - Added filter static_user_filter (class=org.apache.hadoop.http.lib.StaticUserWebFilter$StaticUserFilter) to context static
2023-02-17 01:32:14,041 [Listener at 127.0.0.1/36463] INFO  http.HttpServer2 (HttpServer2.java:addFilter(1015)) - Added filter static_user_filter (class=org.apache.hadoop.http.lib.StaticUserWebFilter$StaticUserFilter) to context logs
2023-02-17 01:32:14,042 [Listener at 127.0.0.1/36463] INFO  http.HttpServer2 (HttpServer2.java:bindListener(1250)) - Jetty bound to port 43501
2023-02-17 01:32:14,042 [Listener at 127.0.0.1/36463] INFO  server.Server (Server.java:doStart(375)) - jetty-9.4.49.v20220914; built: 2022-09-14T01:07:36.601Z; git: 4231a3b2e4cb8548a412a789936d640a97b1aa0a; jvm 1.8.0_362-b09
2023-02-17 01:32:14,046 [Listener at 127.0.0.1/36463] INFO  server.session (DefaultSessionIdManager.java:doStart(334)) - DefaultSessionIdManager workerName=node0
2023-02-17 01:32:14,046 [Listener at 127.0.0.1/36463] INFO  server.session (DefaultSessionIdManager.java:doStart(339)) - No SessionScavenger set, using defaults
2023-02-17 01:32:14,046 [Listener at 127.0.0.1/36463] INFO  server.session (HouseKeeper.java:startScavenging(132)) - node0 Scavenging every 660000ms
2023-02-17 01:32:14,048 [Listener at 127.0.0.1/36463] INFO  handler.ContextHandler (ContextHandler.java:doStart(921)) - Started o.e.j.s.ServletContextHandler@73e3227c{logs,/logs,file:///home/runner/work/ozone/ozone/hadoop-ozone/integration-test/target/log,AVAILABLE}
2023-02-17 01:32:14,048 [Listener at 127.0.0.1/36463] INFO  handler.ContextHandler (ContextHandler.java:doStart(921)) - Started o.e.j.s.ServletContextHandler@5e9771a5{static,/static,jar:file:/home/runner/.m2/repository/org/apache/ozone/hdds-container-service/1.4.0-SNAPSHOT/hdds-container-service-1.4.0-SNAPSHOT.jar!/webapps/static,AVAILABLE}
2023-02-17 01:32:14,301 [Listener at 127.0.0.1/36463] INFO  handler.ContextHandler (ContextHandler.java:doStart(921)) - Started o.e.j.w.WebAppContext@7eee26ae{hddsDatanode,/,file:///tmp/jetty-0_0_0_0-43501-hdds-container-service-1_4_0-SNAPSHOT_jar-_-any-3758917598987245475/webapp/,AVAILABLE}{jar:file:/home/runner/.m2/repository/org/apache/ozone/hdds-container-service/1.4.0-SNAPSHOT/hdds-container-service-1.4.0-SNAPSHOT.jar!/webapps/hddsDatanode}
2023-02-17 01:32:14,304 [Listener at 127.0.0.1/36463] INFO  server.AbstractConnector (AbstractConnector.java:doStart(333)) - Started ServerConnector@5a56aa85{HTTP/1.1, (http/1.1)}{0.0.0.0:43501}
2023-02-17 01:32:14,304 [Listener at 127.0.0.1/36463] INFO  server.Server (Server.java:doStart(415)) - Started @7898ms
2023-02-17 01:32:14,304 [Listener at 127.0.0.1/36463] WARN  impl.MetricsSystemImpl (MetricsSystemImpl.java:register(279)) - Sink prometheus already exists!
2023-02-17 01:32:14,318 [Listener at 127.0.0.1/36463] INFO  http.BaseHttpServer (BaseHttpServer.java:updateConnectorAddress(333)) - HTTP server of hddsDatanode listening at http://0.0.0.0:43501
2023-02-17 01:32:14,319 [Datanode State Machine Daemon Thread] INFO  statemachine.DatanodeStateMachine (DatanodeStateMachine.java:lambda$startDaemon$0(516)) - Ozone container server started.
2023-02-17 01:32:14,321 [Listener at 127.0.0.1/36463] WARN  impl.MetricRegistriesImpl (MetricRegistriesImpl.java:addReporterRegistration(111)) - New reporters are added after registries were created. Some metrics will be missing from the reporter. Please add reporter before adding any new registry.
2023-02-17 01:32:14,322 [Listener at 127.0.0.1/36463] WARN  impl.MetricRegistriesImpl (MetricRegistriesImpl.java:addReporterRegistration(111)) - New reporters are added after registries were created. Some metrics will be missing from the reporter. Please add reporter before adding any new registry.
2023-02-17 01:32:14,322 [Listener at 127.0.0.1/36463] INFO  impl.MetricsSystemImpl (MetricsSystemImpl.java:init(158)) - HddsDatanode metrics system started (again)
2023-02-17 01:32:14,350 [org.apache.hadoop.util.JvmPauseMonitor$Monitor@54882a5e] INFO  util.JvmPauseMonitor (JvmPauseMonitor.java:run(188)) - Starting JVM pause monitor
2023-02-17 01:32:14,359 [Listener at 127.0.0.1/36463] INFO  ozone.HddsDatanodeService (HddsDatanodeService.java:start(228)) - HddsDatanodeService host:fv-az249-264.ubt5suc3ufjutoeqyo4zsso0he.gx.internal.cloudapp.net ip:10.1.0.190
2023-02-17 01:32:14,389 [Listener at 127.0.0.1/36463] INFO  upgrade.AbstractLayoutVersionManager (AbstractLayoutVersionManager.java:init(83)) - Initializing Layout version manager with metadata layout = DATANODE_SCHEMA_V3 (version = 4), software layout = DATANODE_SCHEMA_V3 (version = 4)
2023-02-17 01:32:14,483 [Datanode State Machine Task Thread - 0] INFO  datanode.InitDatanodeState (InitDatanodeState.java:persistContainerDatanodeDetails(138)) - DatanodeDetails is persisted to /home/runner/work/ozone/ozone/hadoop-ozone/integration-test/target/test-dir/MiniOzoneClusterImpl-699c85d0-1a2e-49ef-96e2-8d5cf650a041/datanode-0/meta/datanode.id
2023-02-17 01:32:14,501 [Listener at 127.0.0.1/36463] INFO  reflections.Reflections (Reflections.java:scan(232)) - Reflections took 111 ms to scan 7 urls, producing 150 keys and 362 values 
2023-02-17 01:32:14,503 [Listener at 127.0.0.1/36463] INFO  statemachine.DatanodeStateMachine (DatanodeStateMachine.java:getEndPointTaskThreadPoolSize(260)) - Datanode State Machine Task Thread Pool size 2
2023-02-17 01:32:14,505 [Listener at 127.0.0.1/36463] INFO  volume.HddsVolume (HddsVolume.java:<init>(122)) - Creating HddsVolume: /home/runner/work/ozone/ozone/hadoop-ozone/integration-test/target/test-dir/MiniOzoneClusterImpl-699c85d0-1a2e-49ef-96e2-8d5cf650a041/datanode-1/data-0/containers/hdds of storage type : DISK capacity : 9223372036854775807
2023-02-17 01:32:14,505 [Listener at 127.0.0.1/36463] INFO  volume.MutableVolumeSet (MutableVolumeSet.java:initializeVolumeSet(174)) - Added Volume : /home/runner/work/ozone/ozone/hadoop-ozone/integration-test/target/test-dir/MiniOzoneClusterImpl-699c85d0-1a2e-49ef-96e2-8d5cf650a041/datanode-1/data-0/containers/hdds to VolumeSet
2023-02-17 01:32:14,506 [Listener at 127.0.0.1/36463] INFO  volume.ThrottledAsyncChecker (ThrottledAsyncChecker.java:schedule(141)) - Scheduling a check for /home/runner/work/ozone/ozone/hadoop-ozone/integration-test/target/test-dir/MiniOzoneClusterImpl-699c85d0-1a2e-49ef-96e2-8d5cf650a041/datanode-1/data-0/containers/hdds
2023-02-17 01:32:14,510 [Listener at 127.0.0.1/36463] INFO  volume.StorageVolumeChecker (StorageVolumeChecker.java:checkAllVolumes(202)) - Scheduled health check for volume /home/runner/work/ozone/ozone/hadoop-ozone/integration-test/target/test-dir/MiniOzoneClusterImpl-699c85d0-1a2e-49ef-96e2-8d5cf650a041/datanode-1/data-0/containers/hdds
2023-02-17 01:32:14,521 [Listener at 127.0.0.1/36463] INFO  volume.MutableVolumeSet (MutableVolumeSet.java:initializeVolumeSet(174)) - Added Volume : /home/runner/work/ozone/ozone/hadoop-ozone/integration-test/target/test-dir/MiniOzoneClusterImpl-699c85d0-1a2e-49ef-96e2-8d5cf650a041/datanode-1/data/ratis to VolumeSet
2023-02-17 01:32:14,522 [Listener at 127.0.0.1/36463] INFO  volume.ThrottledAsyncChecker (ThrottledAsyncChecker.java:schedule(141)) - Scheduling a check for /home/runner/work/ozone/ozone/hadoop-ozone/integration-test/target/test-dir/MiniOzoneClusterImpl-699c85d0-1a2e-49ef-96e2-8d5cf650a041/datanode-1/data/ratis
2023-02-17 01:32:14,522 [Listener at 127.0.0.1/36463] INFO  volume.StorageVolumeChecker (StorageVolumeChecker.java:checkAllVolumes(202)) - Scheduled health check for volume /home/runner/work/ozone/ozone/hadoop-ozone/integration-test/target/test-dir/MiniOzoneClusterImpl-699c85d0-1a2e-49ef-96e2-8d5cf650a041/datanode-1/data/ratis
2023-02-17 01:32:14,524 [om1@group-C5BA1605619E-FollowerState] INFO  impl.FollowerState (FollowerState.java:run(143)) - om1@group-C5BA1605619E-FollowerState: change to CANDIDATE, lastRpcElapsedTime:1191793349ns, electionTimeout:1183ms
2023-02-17 01:32:14,525 [om1@group-C5BA1605619E-FollowerState] INFO  impl.RoleInfo (RoleInfo.java:shutdownFollowerState(110)) - om1: shutdown om1@group-C5BA1605619E-FollowerState
2023-02-17 01:32:14,525 [om1@group-C5BA1605619E-FollowerState] INFO  server.RaftServer$Division (RaftServerImpl.java:setRole(321)) - om1@group-C5BA1605619E: changes role from  FOLLOWER to CANDIDATE at term 0 for changeToCandidate
2023-02-17 01:32:14,528 [om1@group-C5BA1605619E-FollowerState] INFO  server.RaftServerConfigKeys (ConfUtils.java:logGet(46)) - raft.server.leaderelection.pre-vote = true (default)
2023-02-17 01:32:14,529 [om1@group-C5BA1605619E-FollowerState] INFO  impl.RoleInfo (RoleInfo.java:updateAndGet(139)) - om1: start om1@group-C5BA1605619E-LeaderElection1
2023-02-17 01:32:14,534 [om1@group-C5BA1605619E-LeaderElection1] INFO  impl.LeaderElection (LeaderElection.java:askForVotes(312)) - om1@group-C5BA1605619E-LeaderElection1 PRE_VOTE round 0: submit vote requests at term 0 for -1: peers:[om1|rpc:localhost:9872|priority:0|startupRole:FOLLOWER]|listeners:[], old=null
2023-02-17 01:32:14,535 [om1@group-C5BA1605619E-LeaderElection1] INFO  impl.LeaderElection (LeaderElection.java:askForVotes(314)) - om1@group-C5BA1605619E-LeaderElection1 PRE_VOTE round 0: result PASSED (term=0)
2023-02-17 01:32:14,538 [om1@group-C5BA1605619E-LeaderElection1] INFO  impl.LeaderElection (LeaderElection.java:askForVotes(312)) - om1@group-C5BA1605619E-LeaderElection1 ELECTION round 0: submit vote requests at term 1 for -1: peers:[om1|rpc:localhost:9872|priority:0|startupRole:FOLLOWER]|listeners:[], old=null
2023-02-17 01:32:14,538 [om1@group-C5BA1605619E-LeaderElection1] INFO  impl.LeaderElection (LeaderElection.java:askForVotes(314)) - om1@group-C5BA1605619E-LeaderElection1 ELECTION round 0: result PASSED (term=1)
2023-02-17 01:32:14,538 [om1@group-C5BA1605619E-LeaderElection1] INFO  impl.RoleInfo (RoleInfo.java:shutdownLeaderElection(130)) - om1: shutdown om1@group-C5BA1605619E-LeaderElection1
2023-02-17 01:32:14,540 [om1@group-C5BA1605619E-LeaderElection1] INFO  server.RaftServer$Division (RaftServerImpl.java:setRole(321)) - om1@group-C5BA1605619E: changes role from CANDIDATE to LEADER at term 1 for changeToLeader
2023-02-17 01:32:14,540 [om1@group-C5BA1605619E-LeaderElection1] INFO  server.RaftServer$Division (ServerState.java:setLeader(313)) - om1@group-C5BA1605619E: change Leader from null to om1 at term 1 for becomeLeader, leader elected after 2251ms
2023-02-17 01:32:14,550 [om1@group-C5BA1605619E-LeaderElection1] INFO  server.RaftServerConfigKeys (ConfUtils.java:logGet(46)) - raft.server.staging.catchup.gap = 1000 (default)
2023-02-17 01:32:14,554 [Thread-151] INFO  ozoneimpl.ContainerReader (ContainerReader.java:readVolume(175)) - Finish verifying containers on volume /home/runner/work/ozone/ozone/hadoop-ozone/integration-test/target/test-dir/MiniOzoneClusterImpl-699c85d0-1a2e-49ef-96e2-8d5cf650a041/datanode-1/data-0/containers/hdds
2023-02-17 01:32:14,554 [Listener at 127.0.0.1/36463] INFO  ozoneimpl.OzoneContainer (OzoneContainer.java:buildContainerSet(304)) - Build ContainerSet costs 0s
2023-02-17 01:32:14,561 [Listener at 127.0.0.1/36463] INFO  server.RaftServer (ConfUtils.java:logGet(46)) - raft.rpc.type = GRPC (default)
2023-02-17 01:32:14,562 [Listener at 127.0.0.1/36463] INFO  grpc.GrpcConfigKeys (ConfUtils.java:logFallback(53)) - raft.grpc.admin.host = null (fallback to raft.grpc.server.host)
2023-02-17 01:32:14,562 [Listener at 127.0.0.1/36463] INFO  grpc.GrpcConfigKeys (ConfUtils.java:logGet(46)) - raft.grpc.admin.port = 0 (custom)
2023-02-17 01:32:14,563 [Listener at 127.0.0.1/36463] INFO  grpc.GrpcConfigKeys (ConfUtils.java:logFallback(53)) - raft.grpc.client.host = null (fallback to raft.grpc.server.host)
2023-02-17 01:32:14,566 [Listener at 127.0.0.1/36463] INFO  grpc.GrpcConfigKeys (ConfUtils.java:logGet(46)) - raft.grpc.client.port = 0 (custom)
2023-02-17 01:32:14,566 [Listener at 127.0.0.1/36463] INFO  grpc.GrpcConfigKeys (ConfUtils.java:logGet(46)) - raft.grpc.server.host = null (default)
2023-02-17 01:32:14,566 [Listener at 127.0.0.1/36463] INFO  grpc.GrpcConfigKeys (ConfUtils.java:logGet(46)) - raft.grpc.server.port = 0 (default)
2023-02-17 01:32:14,566 [Listener at 127.0.0.1/36463] INFO  server.GrpcService (ConfUtils.java:logGet(46)) - raft.grpc.message.size.max = 32MB (=33554432) (custom)
2023-02-17 01:32:14,566 [Listener at 127.0.0.1/36463] INFO  server.RaftServerConfigKeys (ConfUtils.java:logGet(46)) - raft.server.log.appender.buffer.byte-limit = 33554432 (custom)
2023-02-17 01:32:14,567 [Listener at 127.0.0.1/36463] INFO  server.GrpcService (ConfUtils.java:logGet(46)) - raft.grpc.flow.control.window = 5MB (=5242880) (custom)
2023-02-17 01:32:14,568 [Listener at 127.0.0.1/36463] INFO  server.RaftServerConfigKeys (ConfUtils.java:logGet(46)) - raft.server.rpc.request.timeout = 3000ms (default)
2023-02-17 01:32:14,568 [Listener at 127.0.0.1/36463] INFO  grpc.GrpcConfigKeys (ConfUtils.java:logGet(46)) - raft.grpc.server.heartbeat.channel = true (default)
2023-02-17 01:32:14,568 [Listener at 127.0.0.1/36463] INFO  grpc.GrpcConfigKeys (ConfUtils.java:logGet(46)) - raft.grpc.server.async.request.thread.pool.cached = true (default)
2023-02-17 01:32:14,568 [Listener at 127.0.0.1/36463] INFO  grpc.GrpcConfigKeys (ConfUtils.java:logGet(46)) - raft.grpc.server.async.request.thread.pool.size = 32 (default)
2023-02-17 01:32:14,570 [Listener at 127.0.0.1/36463] INFO  impl.DataStreamServerImpl (ConfUtils.java:logGet(46)) - raft.datastream.type = NETTY (custom)
2023-02-17 01:32:14,570 [om1@group-C5BA1605619E-LeaderElection1] INFO  server.RaftServerConfigKeys (ConfUtils.java:logGet(46)) - raft.server.write.element-limit = 4096 (default)
2023-02-17 01:32:14,571 [om1@group-C5BA1605619E-LeaderElection1] INFO  server.RaftServerConfigKeys (ConfUtils.java:logGet(46)) - raft.server.write.byte-limit = 64MB (=67108864) (default)
2023-02-17 01:32:14,572 [Listener at 127.0.0.1/36463] INFO  server.RaftServerConfigKeys (ConfUtils.java:logGet(46)) - raft.server.data-stream.async.request.thread.pool.cached = false (default)
2023-02-17 01:32:14,573 [Listener at 127.0.0.1/36463] INFO  server.RaftServerConfigKeys (ConfUtils.java:logGet(46)) - raft.server.data-stream.async.request.thread.pool.size = 20 (custom)
2023-02-17 01:32:14,573 [Listener at 127.0.0.1/36463] INFO  server.RaftServerConfigKeys (ConfUtils.java:logGet(46)) - raft.server.data-stream.async.write.thread.pool.size = 16 (default)
2023-02-17 01:32:14,573 [Listener at 127.0.0.1/36463] INFO  server.RaftServerConfigKeys (ConfUtils.java:logGet(46)) - raft.server.data-stream.client.pool.size = 10 (default)
2023-02-17 01:32:14,574 [Listener at 127.0.0.1/36463] INFO  netty.NettyConfigKeys$DataStream (ConfUtils.java:logGet(46)) - raft.netty.dataStream.server.use-epoll = false (default)
2023-02-17 01:32:14,574 [Listener at 127.0.0.1/36463] INFO  netty.NettyConfigKeys$DataStream (ConfUtils.java:logGet(46)) - raft.netty.dataStream.server.boss-group.size = 0 (default)
2023-02-17 01:32:14,574 [Listener at 127.0.0.1/36463] INFO  netty.NettyConfigKeys$DataStream (ConfUtils.java:logGet(46)) - raft.netty.dataStream.server.worker-group.size = 0 (default)
2023-02-17 01:32:14,576 [Listener at 127.0.0.1/36463] INFO  netty.NettyConfigKeys$DataStream (ConfUtils.java:logGet(46)) - raft.netty.dataStream.server.tls.conf = null (default)
2023-02-17 01:32:14,576 [Listener at 127.0.0.1/36463] INFO  netty.NettyConfigKeys$DataStream (ConfUtils.java:logGet(46)) - raft.netty.dataStream.host = null (default)
2023-02-17 01:32:14,576 [Listener at 127.0.0.1/36463] INFO  netty.NettyConfigKeys$DataStream (ConfUtils.java:logGet(46)) - raft.netty.dataStream.port = 0 (default)
2023-02-17 01:32:14,580 [om1@group-C5BA1605619E-LeaderElection1] INFO  server.RaftServerConfigKeys (ConfUtils.java:logGet(46)) - raft.server.watch.timeout = 10s (default)
2023-02-17 01:32:14,581 [om1@group-C5BA1605619E-LeaderElection1] INFO  server.RaftServerConfigKeys (ConfUtils.java:logGet(46)) - raft.server.watch.timeout.denomination = 1s (default)
2023-02-17 01:32:14,582 [om1@group-C5BA1605619E-LeaderElection1] INFO  server.RaftServerConfigKeys (ConfUtils.java:logGet(46)) - raft.server.watch.element-limit = 65536 (default)
2023-02-17 01:32:14,586 [Listener at 127.0.0.1/36463] INFO  server.RaftServerConfigKeys (ConfUtils.java:logGet(46)) - raft.server.threadpool.proxy.cached = true (default)
2023-02-17 01:32:14,586 [Listener at 127.0.0.1/36463] INFO  server.RaftServerConfigKeys (ConfUtils.java:logGet(46)) - raft.server.threadpool.proxy.size = 0 (default)
2023-02-17 01:32:14,586 [Listener at 127.0.0.1/36463] INFO  server.RaftServerConfigKeys (ConfUtils.java:logGet(46)) - raft.server.rpc.slowness.timeout = 300000ms (custom)
2023-02-17 01:32:14,586 [Listener at 127.0.0.1/36463] INFO  server.RaftServerConfigKeys (ConfUtils.java:logGet(46)) - raft.server.leaderelection.leader.step-down.wait-time = 10s (default)
2023-02-17 01:32:14,586 [Listener at 127.0.0.1/36463] INFO  server.RaftServerConfigKeys (ConfUtils.java:logGet(46)) - raft.server.storage.dir = [/home/runner/work/ozone/ozone/hadoop-ozone/integration-test/target/test-dir/MiniOzoneClusterImpl-699c85d0-1a2e-49ef-96e2-8d5cf650a041/datanode-1/data/ratis] (custom)
2023-02-17 01:32:14,588 [om1@group-C5BA1605619E-LeaderElection1] INFO  server.RaftServerConfigKeys (ConfUtils.java:logGet(46)) - raft.server.write.element-limit = 4096 (default)
2023-02-17 01:32:14,591 [om1@group-C5BA1605619E-LeaderElection1] INFO  server.RaftServerConfigKeys (ConfUtils.java:logGet(46)) - raft.server.write.follower.gap.ratio.max = -1.0 (default)
2023-02-17 01:32:14,597 [Listener at 127.0.0.1/36463] INFO  server.XceiverServerGrpc (XceiverServerGrpc.java:<init>(132)) - GrpcServer channel type EpollServerSocketChannel
2023-02-17 01:32:14,602 [90b5d626-740c-4e6b-9ad1-03df535f3e79-NettyServerStreamRpc-bossGroup--thread1] INFO  logging.LoggingHandler (AbstractInternalLogger.java:log(148)) - [id: 0x23b436e7] REGISTERED
2023-02-17 01:32:14,602 [90b5d626-740c-4e6b-9ad1-03df535f3e79-NettyServerStreamRpc-bossGroup--thread1] INFO  logging.LoggingHandler (AbstractInternalLogger.java:log(148)) - [id: 0x23b436e7] BIND: 0.0.0.0/0.0.0.0:0
2023-02-17 01:32:14,602 [90b5d626-740c-4e6b-9ad1-03df535f3e79-NettyServerStreamRpc-bossGroup--thread1] INFO  logging.LoggingHandler (AbstractInternalLogger.java:log(148)) - [id: 0x23b436e7, L:/0:0:0:0:0:0:0:0:41071] ACTIVE
2023-02-17 01:32:14,605 [om1@group-C5BA1605619E-LeaderElection1] INFO  impl.RoleInfo (RoleInfo.java:updateAndGet(139)) - om1: start om1@group-C5BA1605619E-LeaderStateImpl
2023-02-17 01:32:14,615 [Listener at 127.0.0.1/36463] INFO  http.BaseHttpServer (BaseHttpServer.java:newHttpServer2BuilderForOzone(213)) - Starting Web-server for hddsDatanode at: http://0.0.0.0:0
2023-02-17 01:32:14,615 [Listener at 127.0.0.1/36463] INFO  http.BaseHttpServer (BaseHttpServer.java:<init>(108)) - Hadoop Security Enabled: false Ozone Security Enabled: false Ozone HTTP Security Enabled: false 
2023-02-17 01:32:14,616 [Listener at 127.0.0.1/36463] WARN  server.AuthenticationFilter (AuthenticationFilter.java:constructSecretProvider(240)) - Unable to initialize FileSignerSecretProvider, falling back to use random secrets. Reason: Could not read signature secret file: /home/runner/hadoop-http-auth-signature-secret
2023-02-17 01:32:14,626 [Listener at 127.0.0.1/36463] WARN  http.HttpRequestLog (HttpRequestLog.java:getRequestLog(103)) - Jetty request log can only be enabled using Log4j
2023-02-17 01:32:14,628 [Listener at 127.0.0.1/36463] INFO  http.HttpServer2 (HttpServer2.java:addGlobalFilter(1031)) - Added global filter 'safety' (class=org.apache.hadoop.hdds.server.http.HttpServer2$QuotingInputFilter)
2023-02-17 01:32:14,629 [Listener at 127.0.0.1/36463] INFO  http.HttpServer2 (HttpServer2.java:addFilter(1007)) - Added filter static_user_filter (class=org.apache.hadoop.http.lib.StaticUserWebFilter$StaticUserFilter) to context hddsDatanode
2023-02-17 01:32:14,629 [Listener at 127.0.0.1/36463] INFO  http.HttpServer2 (HttpServer2.java:addFilter(1015)) - Added filter static_user_filter (class=org.apache.hadoop.http.lib.StaticUserWebFilter$StaticUserFilter) to context static
2023-02-17 01:32:14,629 [Listener at 127.0.0.1/36463] INFO  http.HttpServer2 (HttpServer2.java:addFilter(1015)) - Added filter static_user_filter (class=org.apache.hadoop.http.lib.StaticUserWebFilter$StaticUserFilter) to context logs
2023-02-17 01:32:14,629 [Listener at 127.0.0.1/36463] INFO  http.HttpServer2 (HttpServer2.java:bindListener(1250)) - Jetty bound to port 42135
2023-02-17 01:32:14,630 [Listener at 127.0.0.1/36463] INFO  server.Server (Server.java:doStart(375)) - jetty-9.4.49.v20220914; built: 2022-09-14T01:07:36.601Z; git: 4231a3b2e4cb8548a412a789936d640a97b1aa0a; jvm 1.8.0_362-b09
2023-02-17 01:32:14,638 [Listener at 127.0.0.1/36463] INFO  server.session (DefaultSessionIdManager.java:doStart(334)) - DefaultSessionIdManager workerName=node0
2023-02-17 01:32:14,638 [Listener at 127.0.0.1/36463] INFO  server.session (DefaultSessionIdManager.java:doStart(339)) - No SessionScavenger set, using defaults
2023-02-17 01:32:14,638 [Listener at 127.0.0.1/36463] INFO  server.session (HouseKeeper.java:startScavenging(132)) - node0 Scavenging every 660000ms
2023-02-17 01:32:14,639 [Listener at 127.0.0.1/36463] INFO  handler.ContextHandler (ContextHandler.java:doStart(921)) - Started o.e.j.s.ServletContextHandler@617f624b{logs,/logs,file:///home/runner/work/ozone/ozone/hadoop-ozone/integration-test/target/log,AVAILABLE}
2023-02-17 01:32:14,639 [Listener at 127.0.0.1/36463] INFO  handler.ContextHandler (ContextHandler.java:doStart(921)) - Started o.e.j.s.ServletContextHandler@f9b0bfb{static,/static,jar:file:/home/runner/.m2/repository/org/apache/ozone/hdds-container-service/1.4.0-SNAPSHOT/hdds-container-service-1.4.0-SNAPSHOT.jar!/webapps/static,AVAILABLE}
2023-02-17 01:32:14,634 [om1@group-C5BA1605619E-LeaderElection1] INFO  segmented.SegmentedRaftLogWorker (SegmentedRaftLogWorker.java:startLogSegment(452)) - om1@group-C5BA1605619E-SegmentedRaftLogWorker: Starting segment from index:0
2023-02-17 01:32:14,694 [om1@group-C5BA1605619E-LeaderElection1] INFO  server.RaftServer$Division (ServerState.java:setRaftConf(430)) - om1@group-C5BA1605619E: set configuration 0: peers:[om1|rpc:localhost:9872|admin:|client:|dataStream:|priority:0|startupRole:FOLLOWER]|listeners:[], old=null
2023-02-17 01:32:14,822 [om1@group-C5BA1605619E-SegmentedRaftLogWorker] INFO  segmented.SegmentedRaftLogWorker (SegmentedRaftLogWorker.java:execute(656)) - om1@group-C5BA1605619E-SegmentedRaftLogWorker: created new log segment /home/runner/work/ozone/ozone/hadoop-ozone/integration-test/target/test-dir/MiniOzoneClusterImpl-699c85d0-1a2e-49ef-96e2-8d5cf650a041/ozone-meta/ratis/bf265839-605b-3f16-9796-c5ba1605619e/current/log_inprogress_0
2023-02-17 01:32:14,954 [om1@group-C5BA1605619E-StateMachineUpdater] INFO  ratis.OzoneManagerStateMachine (OzoneManagerStateMachine.java:notifyConfigurationChanged(192)) - Received Configuration change notification from Ratis. New Peer list:
[id: "om1"
address: "localhost:9872"
startupRole: FOLLOWER
]
2023-02-17 01:32:14,976 [Listener at 127.0.0.1/36463] INFO  handler.ContextHandler (ContextHandler.java:doStart(921)) - Started o.e.j.w.WebAppContext@5c7ad877{hddsDatanode,/,file:///tmp/jetty-0_0_0_0-42135-hdds-container-service-1_4_0-SNAPSHOT_jar-_-any-6057542817131140367/webapp/,AVAILABLE}{jar:file:/home/runner/.m2/repository/org/apache/ozone/hdds-container-service/1.4.0-SNAPSHOT/hdds-container-service-1.4.0-SNAPSHOT.jar!/webapps/hddsDatanode}
2023-02-17 01:32:14,977 [Listener at 127.0.0.1/36463] INFO  server.AbstractConnector (AbstractConnector.java:doStart(333)) - Started ServerConnector@365a82c6{HTTP/1.1, (http/1.1)}{0.0.0.0:42135}
2023-02-17 01:32:14,978 [Listener at 127.0.0.1/36463] INFO  server.Server (Server.java:doStart(415)) - Started @8572ms
2023-02-17 01:32:14,978 [Listener at 127.0.0.1/36463] WARN  impl.MetricsSystemImpl (MetricsSystemImpl.java:register(279)) - Sink prometheus already exists!
2023-02-17 01:32:14,978 [Listener at 127.0.0.1/36463] INFO  http.BaseHttpServer (BaseHttpServer.java:updateConnectorAddress(333)) - HTTP server of hddsDatanode listening at http://0.0.0.0:42135
2023-02-17 01:32:14,979 [Listener at 127.0.0.1/36463] WARN  impl.MetricRegistriesImpl (MetricRegistriesImpl.java:addReporterRegistration(111)) - New reporters are added after registries were created. Some metrics will be missing from the reporter. Please add reporter before adding any new registry.
2023-02-17 01:32:14,979 [Listener at 127.0.0.1/36463] WARN  impl.MetricRegistriesImpl (MetricRegistriesImpl.java:addReporterRegistration(111)) - New reporters are added after registries were created. Some metrics will be missing from the reporter. Please add reporter before adding any new registry.
2023-02-17 01:32:14,979 [Listener at 127.0.0.1/36463] INFO  impl.MetricsSystemImpl (MetricsSystemImpl.java:init(158)) - HddsDatanode metrics system started (again)
2023-02-17 01:32:14,985 [Datanode State Machine Daemon Thread] INFO  statemachine.DatanodeStateMachine (DatanodeStateMachine.java:lambda$startDaemon$0(516)) - Ozone container server started.
2023-02-17 01:32:14,998 [org.apache.hadoop.util.JvmPauseMonitor$Monitor@2605ec79] INFO  util.JvmPauseMonitor (JvmPauseMonitor.java:run(188)) - Starting JVM pause monitor
2023-02-17 01:32:15,001 [Listener at 127.0.0.1/36463] INFO  ozone.HddsDatanodeService (HddsDatanodeService.java:start(228)) - HddsDatanodeService host:fv-az249-264.ubt5suc3ufjutoeqyo4zsso0he.gx.internal.cloudapp.net ip:10.1.0.190
2023-02-17 01:32:15,011 [Datanode State Machine Task Thread - 0] INFO  datanode.InitDatanodeState (InitDatanodeState.java:persistContainerDatanodeDetails(138)) - DatanodeDetails is persisted to /home/runner/work/ozone/ozone/hadoop-ozone/integration-test/target/test-dir/MiniOzoneClusterImpl-699c85d0-1a2e-49ef-96e2-8d5cf650a041/datanode-1/meta/datanode.id
2023-02-17 01:32:15,026 [Listener at 127.0.0.1/36463] INFO  upgrade.AbstractLayoutVersionManager (AbstractLayoutVersionManager.java:init(83)) - Initializing Layout version manager with metadata layout = DATANODE_SCHEMA_V3 (version = 4), software layout = DATANODE_SCHEMA_V3 (version = 4)
2023-02-17 01:32:15,096 [Listener at 127.0.0.1/36463] INFO  reflections.Reflections (Reflections.java:scan(232)) - Reflections took 66 ms to scan 7 urls, producing 150 keys and 362 values 
2023-02-17 01:32:15,099 [Listener at 127.0.0.1/36463] INFO  statemachine.DatanodeStateMachine (DatanodeStateMachine.java:getEndPointTaskThreadPoolSize(260)) - Datanode State Machine Task Thread Pool size 2
2023-02-17 01:32:15,101 [Listener at 127.0.0.1/36463] INFO  volume.HddsVolume (HddsVolume.java:<init>(122)) - Creating HddsVolume: /home/runner/work/ozone/ozone/hadoop-ozone/integration-test/target/test-dir/MiniOzoneClusterImpl-699c85d0-1a2e-49ef-96e2-8d5cf650a041/datanode-2/data-0/containers/hdds of storage type : DISK capacity : 9223372036854775807
2023-02-17 01:32:15,102 [Listener at 127.0.0.1/36463] INFO  volume.MutableVolumeSet (MutableVolumeSet.java:initializeVolumeSet(174)) - Added Volume : /home/runner/work/ozone/ozone/hadoop-ozone/integration-test/target/test-dir/MiniOzoneClusterImpl-699c85d0-1a2e-49ef-96e2-8d5cf650a041/datanode-2/data-0/containers/hdds to VolumeSet
2023-02-17 01:32:15,102 [Listener at 127.0.0.1/36463] INFO  volume.ThrottledAsyncChecker (ThrottledAsyncChecker.java:schedule(141)) - Scheduling a check for /home/runner/work/ozone/ozone/hadoop-ozone/integration-test/target/test-dir/MiniOzoneClusterImpl-699c85d0-1a2e-49ef-96e2-8d5cf650a041/datanode-2/data-0/containers/hdds
2023-02-17 01:32:15,107 [Listener at 127.0.0.1/36463] INFO  volume.StorageVolumeChecker (StorageVolumeChecker.java:checkAllVolumes(202)) - Scheduled health check for volume /home/runner/work/ozone/ozone/hadoop-ozone/integration-test/target/test-dir/MiniOzoneClusterImpl-699c85d0-1a2e-49ef-96e2-8d5cf650a041/datanode-2/data-0/containers/hdds
2023-02-17 01:32:15,119 [Listener at 127.0.0.1/36463] INFO  volume.MutableVolumeSet (MutableVolumeSet.java:initializeVolumeSet(174)) - Added Volume : /home/runner/work/ozone/ozone/hadoop-ozone/integration-test/target/test-dir/MiniOzoneClusterImpl-699c85d0-1a2e-49ef-96e2-8d5cf650a041/datanode-2/data/ratis to VolumeSet
2023-02-17 01:32:15,119 [Listener at 127.0.0.1/36463] INFO  volume.ThrottledAsyncChecker (ThrottledAsyncChecker.java:schedule(141)) - Scheduling a check for /home/runner/work/ozone/ozone/hadoop-ozone/integration-test/target/test-dir/MiniOzoneClusterImpl-699c85d0-1a2e-49ef-96e2-8d5cf650a041/datanode-2/data/ratis
2023-02-17 01:32:15,120 [Listener at 127.0.0.1/36463] INFO  volume.StorageVolumeChecker (StorageVolumeChecker.java:checkAllVolumes(202)) - Scheduled health check for volume /home/runner/work/ozone/ozone/hadoop-ozone/integration-test/target/test-dir/MiniOzoneClusterImpl-699c85d0-1a2e-49ef-96e2-8d5cf650a041/datanode-2/data/ratis
2023-02-17 01:32:15,132 [Thread-166] INFO  ozoneimpl.ContainerReader (ContainerReader.java:readVolume(175)) - Finish verifying containers on volume /home/runner/work/ozone/ozone/hadoop-ozone/integration-test/target/test-dir/MiniOzoneClusterImpl-699c85d0-1a2e-49ef-96e2-8d5cf650a041/datanode-2/data-0/containers/hdds
2023-02-17 01:32:15,132 [Listener at 127.0.0.1/36463] INFO  ozoneimpl.OzoneContainer (OzoneContainer.java:buildContainerSet(304)) - Build ContainerSet costs 0s
2023-02-17 01:32:15,136 [Listener at 127.0.0.1/36463] INFO  server.RaftServer (ConfUtils.java:logGet(46)) - raft.rpc.type = GRPC (default)
2023-02-17 01:32:15,136 [Listener at 127.0.0.1/36463] INFO  grpc.GrpcConfigKeys (ConfUtils.java:logFallback(53)) - raft.grpc.admin.host = null (fallback to raft.grpc.server.host)
2023-02-17 01:32:15,136 [Listener at 127.0.0.1/36463] INFO  grpc.GrpcConfigKeys (ConfUtils.java:logGet(46)) - raft.grpc.admin.port = 0 (custom)
2023-02-17 01:32:15,136 [Listener at 127.0.0.1/36463] INFO  grpc.GrpcConfigKeys (ConfUtils.java:logFallback(53)) - raft.grpc.client.host = null (fallback to raft.grpc.server.host)
2023-02-17 01:32:15,136 [Listener at 127.0.0.1/36463] INFO  grpc.GrpcConfigKeys (ConfUtils.java:logGet(46)) - raft.grpc.client.port = 0 (custom)
2023-02-17 01:32:15,136 [Listener at 127.0.0.1/36463] INFO  grpc.GrpcConfigKeys (ConfUtils.java:logGet(46)) - raft.grpc.server.host = null (default)
2023-02-17 01:32:15,136 [Listener at 127.0.0.1/36463] INFO  grpc.GrpcConfigKeys (ConfUtils.java:logGet(46)) - raft.grpc.server.port = 0 (default)
2023-02-17 01:32:15,136 [Listener at 127.0.0.1/36463] INFO  server.GrpcService (ConfUtils.java:logGet(46)) - raft.grpc.message.size.max = 32MB (=33554432) (custom)
2023-02-17 01:32:15,137 [Listener at 127.0.0.1/36463] INFO  server.RaftServerConfigKeys (ConfUtils.java:logGet(46)) - raft.server.log.appender.buffer.byte-limit = 33554432 (custom)
2023-02-17 01:32:15,137 [Listener at 127.0.0.1/36463] INFO  server.GrpcService (ConfUtils.java:logGet(46)) - raft.grpc.flow.control.window = 5MB (=5242880) (custom)
2023-02-17 01:32:15,137 [Listener at 127.0.0.1/36463] INFO  server.RaftServerConfigKeys (ConfUtils.java:logGet(46)) - raft.server.rpc.request.timeout = 3000ms (default)
2023-02-17 01:32:15,137 [Listener at 127.0.0.1/36463] INFO  grpc.GrpcConfigKeys (ConfUtils.java:logGet(46)) - raft.grpc.server.heartbeat.channel = true (default)
2023-02-17 01:32:15,137 [Listener at 127.0.0.1/36463] INFO  grpc.GrpcConfigKeys (ConfUtils.java:logGet(46)) - raft.grpc.server.async.request.thread.pool.cached = true (default)
2023-02-17 01:32:15,137 [Listener at 127.0.0.1/36463] INFO  grpc.GrpcConfigKeys (ConfUtils.java:logGet(46)) - raft.grpc.server.async.request.thread.pool.size = 32 (default)
2023-02-17 01:32:15,139 [Listener at 127.0.0.1/36463] INFO  impl.DataStreamServerImpl (ConfUtils.java:logGet(46)) - raft.datastream.type = NETTY (custom)
2023-02-17 01:32:15,140 [Listener at 127.0.0.1/36463] INFO  server.RaftServerConfigKeys (ConfUtils.java:logGet(46)) - raft.server.data-stream.async.request.thread.pool.cached = false (default)
2023-02-17 01:32:15,140 [Listener at 127.0.0.1/36463] INFO  server.RaftServerConfigKeys (ConfUtils.java:logGet(46)) - raft.server.data-stream.async.request.thread.pool.size = 20 (custom)
2023-02-17 01:32:15,140 [Listener at 127.0.0.1/36463] INFO  server.RaftServerConfigKeys (ConfUtils.java:logGet(46)) - raft.server.data-stream.async.write.thread.pool.size = 16 (default)
2023-02-17 01:32:15,140 [Listener at 127.0.0.1/36463] INFO  server.RaftServerConfigKeys (ConfUtils.java:logGet(46)) - raft.server.data-stream.client.pool.size = 10 (default)
2023-02-17 01:32:15,140 [Listener at 127.0.0.1/36463] INFO  netty.NettyConfigKeys$DataStream (ConfUtils.java:logGet(46)) - raft.netty.dataStream.server.use-epoll = false (default)
2023-02-17 01:32:15,140 [Listener at 127.0.0.1/36463] INFO  netty.NettyConfigKeys$DataStream (ConfUtils.java:logGet(46)) - raft.netty.dataStream.server.boss-group.size = 0 (default)
2023-02-17 01:32:15,141 [Listener at 127.0.0.1/36463] INFO  netty.NettyConfigKeys$DataStream (ConfUtils.java:logGet(46)) - raft.netty.dataStream.server.worker-group.size = 0 (default)
2023-02-17 01:32:15,141 [Listener at 127.0.0.1/36463] INFO  netty.NettyConfigKeys$DataStream (ConfUtils.java:logGet(46)) - raft.netty.dataStream.server.tls.conf = null (default)
2023-02-17 01:32:15,142 [Listener at 127.0.0.1/36463] INFO  netty.NettyConfigKeys$DataStream (ConfUtils.java:logGet(46)) - raft.netty.dataStream.host = null (default)
2023-02-17 01:32:15,142 [Listener at 127.0.0.1/36463] INFO  netty.NettyConfigKeys$DataStream (ConfUtils.java:logGet(46)) - raft.netty.dataStream.port = 0 (default)
2023-02-17 01:32:15,143 [Listener at 127.0.0.1/36463] INFO  server.RaftServerConfigKeys (ConfUtils.java:logGet(46)) - raft.server.threadpool.proxy.cached = true (default)
2023-02-17 01:32:15,143 [Listener at 127.0.0.1/36463] INFO  server.RaftServerConfigKeys (ConfUtils.java:logGet(46)) - raft.server.threadpool.proxy.size = 0 (default)
2023-02-17 01:32:15,143 [Listener at 127.0.0.1/36463] INFO  server.RaftServerConfigKeys (ConfUtils.java:logGet(46)) - raft.server.rpc.slowness.timeout = 300000ms (custom)
2023-02-17 01:32:15,143 [Listener at 127.0.0.1/36463] INFO  server.RaftServerConfigKeys (ConfUtils.java:logGet(46)) - raft.server.leaderelection.leader.step-down.wait-time = 10s (default)
2023-02-17 01:32:15,143 [Listener at 127.0.0.1/36463] INFO  server.RaftServerConfigKeys (ConfUtils.java:logGet(46)) - raft.server.storage.dir = [/home/runner/work/ozone/ozone/hadoop-ozone/integration-test/target/test-dir/MiniOzoneClusterImpl-699c85d0-1a2e-49ef-96e2-8d5cf650a041/datanode-2/data/ratis] (custom)
2023-02-17 01:32:15,147 [9f9ca560-66e6-43f3-a3dc-218554c09834-NettyServerStreamRpc-bossGroup--thread1] INFO  logging.LoggingHandler (AbstractInternalLogger.java:log(148)) - [id: 0x59adb971] REGISTERED
2023-02-17 01:32:15,148 [Listener at 127.0.0.1/36463] INFO  server.XceiverServerGrpc (XceiverServerGrpc.java:<init>(132)) - GrpcServer channel type EpollServerSocketChannel
2023-02-17 01:32:15,150 [9f9ca560-66e6-43f3-a3dc-218554c09834-NettyServerStreamRpc-bossGroup--thread1] INFO  logging.LoggingHandler (AbstractInternalLogger.java:log(148)) - [id: 0x59adb971] BIND: 0.0.0.0/0.0.0.0:0
2023-02-17 01:32:15,150 [9f9ca560-66e6-43f3-a3dc-218554c09834-NettyServerStreamRpc-bossGroup--thread1] INFO  logging.LoggingHandler (AbstractInternalLogger.java:log(148)) - [id: 0x59adb971, L:/0:0:0:0:0:0:0:0:34715] ACTIVE
2023-02-17 01:32:15,155 [Listener at 127.0.0.1/36463] INFO  http.BaseHttpServer (BaseHttpServer.java:newHttpServer2BuilderForOzone(213)) - Starting Web-server for hddsDatanode at: http://0.0.0.0:0
2023-02-17 01:32:15,155 [Listener at 127.0.0.1/36463] INFO  http.BaseHttpServer (BaseHttpServer.java:<init>(108)) - Hadoop Security Enabled: false Ozone Security Enabled: false Ozone HTTP Security Enabled: false 
2023-02-17 01:32:15,156 [Listener at 127.0.0.1/36463] WARN  server.AuthenticationFilter (AuthenticationFilter.java:constructSecretProvider(240)) - Unable to initialize FileSignerSecretProvider, falling back to use random secrets. Reason: Could not read signature secret file: /home/runner/hadoop-http-auth-signature-secret
2023-02-17 01:32:15,157 [Listener at 127.0.0.1/36463] WARN  http.HttpRequestLog (HttpRequestLog.java:getRequestLog(103)) - Jetty request log can only be enabled using Log4j
2023-02-17 01:32:15,158 [Listener at 127.0.0.1/36463] INFO  http.HttpServer2 (HttpServer2.java:addGlobalFilter(1031)) - Added global filter 'safety' (class=org.apache.hadoop.hdds.server.http.HttpServer2$QuotingInputFilter)
2023-02-17 01:32:15,159 [Listener at 127.0.0.1/36463] INFO  http.HttpServer2 (HttpServer2.java:addFilter(1007)) - Added filter static_user_filter (class=org.apache.hadoop.http.lib.StaticUserWebFilter$StaticUserFilter) to context hddsDatanode
2023-02-17 01:32:15,159 [Listener at 127.0.0.1/36463] INFO  http.HttpServer2 (HttpServer2.java:addFilter(1015)) - Added filter static_user_filter (class=org.apache.hadoop.http.lib.StaticUserWebFilter$StaticUserFilter) to context logs
2023-02-17 01:32:15,160 [Listener at 127.0.0.1/36463] INFO  http.HttpServer2 (HttpServer2.java:addFilter(1015)) - Added filter static_user_filter (class=org.apache.hadoop.http.lib.StaticUserWebFilter$StaticUserFilter) to context static
2023-02-17 01:32:15,160 [Listener at 127.0.0.1/36463] INFO  http.HttpServer2 (HttpServer2.java:bindListener(1250)) - Jetty bound to port 35701
2023-02-17 01:32:15,160 [Listener at 127.0.0.1/36463] INFO  server.Server (Server.java:doStart(375)) - jetty-9.4.49.v20220914; built: 2022-09-14T01:07:36.601Z; git: 4231a3b2e4cb8548a412a789936d640a97b1aa0a; jvm 1.8.0_362-b09
2023-02-17 01:32:15,167 [Listener at 127.0.0.1/36463] INFO  server.session (DefaultSessionIdManager.java:doStart(334)) - DefaultSessionIdManager workerName=node0
2023-02-17 01:32:15,167 [Listener at 127.0.0.1/36463] INFO  server.session (DefaultSessionIdManager.java:doStart(339)) - No SessionScavenger set, using defaults
2023-02-17 01:32:15,167 [Listener at 127.0.0.1/36463] INFO  server.session (HouseKeeper.java:startScavenging(132)) - node0 Scavenging every 600000ms
2023-02-17 01:32:15,168 [Listener at 127.0.0.1/36463] INFO  handler.ContextHandler (ContextHandler.java:doStart(921)) - Started o.e.j.s.ServletContextHandler@52e27305{logs,/logs,file:///home/runner/work/ozone/ozone/hadoop-ozone/integration-test/target/log,AVAILABLE}
2023-02-17 01:32:15,169 [Listener at 127.0.0.1/36463] INFO  handler.ContextHandler (ContextHandler.java:doStart(921)) - Started o.e.j.s.ServletContextHandler@30bffa35{static,/static,jar:file:/home/runner/.m2/repository/org/apache/ozone/hdds-container-service/1.4.0-SNAPSHOT/hdds-container-service-1.4.0-SNAPSHOT.jar!/webapps/static,AVAILABLE}
2023-02-17 01:32:15,372 [Listener at 127.0.0.1/36463] INFO  handler.ContextHandler (ContextHandler.java:doStart(921)) - Started o.e.j.w.WebAppContext@2ce56d1c{hddsDatanode,/,file:///tmp/jetty-0_0_0_0-35701-hdds-container-service-1_4_0-SNAPSHOT_jar-_-any-8279408890387831903/webapp/,AVAILABLE}{jar:file:/home/runner/.m2/repository/org/apache/ozone/hdds-container-service/1.4.0-SNAPSHOT/hdds-container-service-1.4.0-SNAPSHOT.jar!/webapps/hddsDatanode}
2023-02-17 01:32:15,373 [Listener at 127.0.0.1/36463] INFO  server.AbstractConnector (AbstractConnector.java:doStart(333)) - Started ServerConnector@69ec3204{HTTP/1.1, (http/1.1)}{0.0.0.0:35701}
2023-02-17 01:32:15,374 [Listener at 127.0.0.1/36463] INFO  server.Server (Server.java:doStart(415)) - Started @8968ms
2023-02-17 01:32:15,374 [Listener at 127.0.0.1/36463] WARN  impl.MetricsSystemImpl (MetricsSystemImpl.java:register(279)) - Sink prometheus already exists!
2023-02-17 01:32:15,375 [Listener at 127.0.0.1/36463] INFO  http.BaseHttpServer (BaseHttpServer.java:updateConnectorAddress(333)) - HTTP server of hddsDatanode listening at http://0.0.0.0:35701
2023-02-17 01:32:15,375 [Datanode State Machine Daemon Thread] INFO  statemachine.DatanodeStateMachine (DatanodeStateMachine.java:lambda$startDaemon$0(516)) - Ozone container server started.
2023-02-17 01:32:15,375 [Listener at 127.0.0.1/36463] WARN  impl.MetricRegistriesImpl (MetricRegistriesImpl.java:addReporterRegistration(111)) - New reporters are added after registries were created. Some metrics will be missing from the reporter. Please add reporter before adding any new registry.
2023-02-17 01:32:15,382 [Listener at 127.0.0.1/36463] WARN  impl.MetricRegistriesImpl (MetricRegistriesImpl.java:addReporterRegistration(111)) - New reporters are added after registries were created. Some metrics will be missing from the reporter. Please add reporter before adding any new registry.
2023-02-17 01:32:15,382 [Listener at 127.0.0.1/36463] INFO  impl.MetricsSystemImpl (MetricsSystemImpl.java:init(158)) - HddsDatanode metrics system started (again)
2023-02-17 01:32:15,396 [org.apache.hadoop.util.JvmPauseMonitor$Monitor@2a46a187] INFO  util.JvmPauseMonitor (JvmPauseMonitor.java:run(188)) - Starting JVM pause monitor
2023-02-17 01:32:15,408 [Listener at 127.0.0.1/36463] INFO  ozone.HddsDatanodeService (HddsDatanodeService.java:start(228)) - HddsDatanodeService host:fv-az249-264.ubt5suc3ufjutoeqyo4zsso0he.gx.internal.cloudapp.net ip:10.1.0.190
2023-02-17 01:32:15,408 [Datanode State Machine Task Thread - 0] INFO  datanode.InitDatanodeState (InitDatanodeState.java:persistContainerDatanodeDetails(138)) - DatanodeDetails is persisted to /home/runner/work/ozone/ozone/hadoop-ozone/integration-test/target/test-dir/MiniOzoneClusterImpl-699c85d0-1a2e-49ef-96e2-8d5cf650a041/datanode-2/meta/datanode.id
2023-02-17 01:32:15,435 [Listener at 127.0.0.1/36463] INFO  upgrade.AbstractLayoutVersionManager (AbstractLayoutVersionManager.java:init(83)) - Initializing Layout version manager with metadata layout = DATANODE_SCHEMA_V3 (version = 4), software layout = DATANODE_SCHEMA_V3 (version = 4)
2023-02-17 01:32:15,498 [Listener at 127.0.0.1/36463] INFO  reflections.Reflections (Reflections.java:scan(232)) - Reflections took 58 ms to scan 7 urls, producing 150 keys and 362 values 
2023-02-17 01:32:15,501 [Listener at 127.0.0.1/36463] INFO  statemachine.DatanodeStateMachine (DatanodeStateMachine.java:getEndPointTaskThreadPoolSize(260)) - Datanode State Machine Task Thread Pool size 2
2023-02-17 01:32:15,507 [Listener at 127.0.0.1/36463] INFO  volume.HddsVolume (HddsVolume.java:<init>(122)) - Creating HddsVolume: /home/runner/work/ozone/ozone/hadoop-ozone/integration-test/target/test-dir/MiniOzoneClusterImpl-699c85d0-1a2e-49ef-96e2-8d5cf650a041/datanode-3/data-0/containers/hdds of storage type : DISK capacity : 9223372036854775807
2023-02-17 01:32:15,510 [Listener at 127.0.0.1/36463] INFO  volume.MutableVolumeSet (MutableVolumeSet.java:initializeVolumeSet(174)) - Added Volume : /home/runner/work/ozone/ozone/hadoop-ozone/integration-test/target/test-dir/MiniOzoneClusterImpl-699c85d0-1a2e-49ef-96e2-8d5cf650a041/datanode-3/data-0/containers/hdds to VolumeSet
2023-02-17 01:32:15,511 [Listener at 127.0.0.1/36463] INFO  volume.ThrottledAsyncChecker (ThrottledAsyncChecker.java:schedule(141)) - Scheduling a check for /home/runner/work/ozone/ozone/hadoop-ozone/integration-test/target/test-dir/MiniOzoneClusterImpl-699c85d0-1a2e-49ef-96e2-8d5cf650a041/datanode-3/data-0/containers/hdds
2023-02-17 01:32:15,514 [Listener at 127.0.0.1/36463] INFO  volume.StorageVolumeChecker (StorageVolumeChecker.java:checkAllVolumes(202)) - Scheduled health check for volume /home/runner/work/ozone/ozone/hadoop-ozone/integration-test/target/test-dir/MiniOzoneClusterImpl-699c85d0-1a2e-49ef-96e2-8d5cf650a041/datanode-3/data-0/containers/hdds
2023-02-17 01:32:15,526 [Listener at 127.0.0.1/36463] INFO  volume.MutableVolumeSet (MutableVolumeSet.java:initializeVolumeSet(174)) - Added Volume : /home/runner/work/ozone/ozone/hadoop-ozone/integration-test/target/test-dir/MiniOzoneClusterImpl-699c85d0-1a2e-49ef-96e2-8d5cf650a041/datanode-3/data/ratis to VolumeSet
2023-02-17 01:32:15,527 [Listener at 127.0.0.1/36463] INFO  volume.ThrottledAsyncChecker (ThrottledAsyncChecker.java:schedule(141)) - Scheduling a check for /home/runner/work/ozone/ozone/hadoop-ozone/integration-test/target/test-dir/MiniOzoneClusterImpl-699c85d0-1a2e-49ef-96e2-8d5cf650a041/datanode-3/data/ratis
2023-02-17 01:32:15,527 [Listener at 127.0.0.1/36463] INFO  volume.StorageVolumeChecker (StorageVolumeChecker.java:checkAllVolumes(202)) - Scheduled health check for volume /home/runner/work/ozone/ozone/hadoop-ozone/integration-test/target/test-dir/MiniOzoneClusterImpl-699c85d0-1a2e-49ef-96e2-8d5cf650a041/datanode-3/data/ratis
2023-02-17 01:32:15,541 [Thread-180] INFO  ozoneimpl.ContainerReader (ContainerReader.java:readVolume(175)) - Finish verifying containers on volume /home/runner/work/ozone/ozone/hadoop-ozone/integration-test/target/test-dir/MiniOzoneClusterImpl-699c85d0-1a2e-49ef-96e2-8d5cf650a041/datanode-3/data-0/containers/hdds
2023-02-17 01:32:15,542 [Listener at 127.0.0.1/36463] INFO  ozoneimpl.OzoneContainer (OzoneContainer.java:buildContainerSet(304)) - Build ContainerSet costs 0s
2023-02-17 01:32:15,545 [Listener at 127.0.0.1/36463] INFO  server.RaftServer (ConfUtils.java:logGet(46)) - raft.rpc.type = GRPC (default)
2023-02-17 01:32:15,545 [Listener at 127.0.0.1/36463] INFO  grpc.GrpcConfigKeys (ConfUtils.java:logFallback(53)) - raft.grpc.admin.host = null (fallback to raft.grpc.server.host)
2023-02-17 01:32:15,545 [Listener at 127.0.0.1/36463] INFO  grpc.GrpcConfigKeys (ConfUtils.java:logGet(46)) - raft.grpc.admin.port = 0 (custom)
2023-02-17 01:32:15,545 [Listener at 127.0.0.1/36463] INFO  grpc.GrpcConfigKeys (ConfUtils.java:logFallback(53)) - raft.grpc.client.host = null (fallback to raft.grpc.server.host)
2023-02-17 01:32:15,545 [Listener at 127.0.0.1/36463] INFO  grpc.GrpcConfigKeys (ConfUtils.java:logGet(46)) - raft.grpc.client.port = 0 (custom)
2023-02-17 01:32:15,545 [Listener at 127.0.0.1/36463] INFO  grpc.GrpcConfigKeys (ConfUtils.java:logGet(46)) - raft.grpc.server.host = null (default)
2023-02-17 01:32:15,545 [Listener at 127.0.0.1/36463] INFO  grpc.GrpcConfigKeys (ConfUtils.java:logGet(46)) - raft.grpc.server.port = 0 (default)
2023-02-17 01:32:15,546 [Listener at 127.0.0.1/36463] INFO  server.GrpcService (ConfUtils.java:logGet(46)) - raft.grpc.message.size.max = 32MB (=33554432) (custom)
2023-02-17 01:32:15,550 [Listener at 127.0.0.1/36463] INFO  server.RaftServerConfigKeys (ConfUtils.java:logGet(46)) - raft.server.log.appender.buffer.byte-limit = 33554432 (custom)
2023-02-17 01:32:15,550 [Listener at 127.0.0.1/36463] INFO  server.GrpcService (ConfUtils.java:logGet(46)) - raft.grpc.flow.control.window = 5MB (=5242880) (custom)
2023-02-17 01:32:15,550 [Listener at 127.0.0.1/36463] INFO  server.RaftServerConfigKeys (ConfUtils.java:logGet(46)) - raft.server.rpc.request.timeout = 3000ms (default)
2023-02-17 01:32:15,551 [Listener at 127.0.0.1/36463] INFO  grpc.GrpcConfigKeys (ConfUtils.java:logGet(46)) - raft.grpc.server.heartbeat.channel = true (default)
2023-02-17 01:32:15,551 [Listener at 127.0.0.1/36463] INFO  grpc.GrpcConfigKeys (ConfUtils.java:logGet(46)) - raft.grpc.server.async.request.thread.pool.cached = true (default)
2023-02-17 01:32:15,551 [Listener at 127.0.0.1/36463] INFO  grpc.GrpcConfigKeys (ConfUtils.java:logGet(46)) - raft.grpc.server.async.request.thread.pool.size = 32 (default)
2023-02-17 01:32:15,552 [Listener at 127.0.0.1/36463] INFO  impl.DataStreamServerImpl (ConfUtils.java:logGet(46)) - raft.datastream.type = NETTY (custom)
2023-02-17 01:32:15,554 [Listener at 127.0.0.1/36463] INFO  server.RaftServerConfigKeys (ConfUtils.java:logGet(46)) - raft.server.data-stream.async.request.thread.pool.cached = false (default)
2023-02-17 01:32:15,554 [Listener at 127.0.0.1/36463] INFO  server.RaftServerConfigKeys (ConfUtils.java:logGet(46)) - raft.server.data-stream.async.request.thread.pool.size = 20 (custom)
2023-02-17 01:32:15,554 [Listener at 127.0.0.1/36463] INFO  server.RaftServerConfigKeys (ConfUtils.java:logGet(46)) - raft.server.data-stream.async.write.thread.pool.size = 16 (default)
2023-02-17 01:32:15,554 [Listener at 127.0.0.1/36463] INFO  server.RaftServerConfigKeys (ConfUtils.java:logGet(46)) - raft.server.data-stream.client.pool.size = 10 (default)
2023-02-17 01:32:15,554 [Listener at 127.0.0.1/36463] INFO  netty.NettyConfigKeys$DataStream (ConfUtils.java:logGet(46)) - raft.netty.dataStream.server.use-epoll = false (default)
2023-02-17 01:32:15,555 [Listener at 127.0.0.1/36463] INFO  netty.NettyConfigKeys$DataStream (ConfUtils.java:logGet(46)) - raft.netty.dataStream.server.boss-group.size = 0 (default)
2023-02-17 01:32:15,555 [Listener at 127.0.0.1/36463] INFO  netty.NettyConfigKeys$DataStream (ConfUtils.java:logGet(46)) - raft.netty.dataStream.server.worker-group.size = 0 (default)
2023-02-17 01:32:15,556 [Listener at 127.0.0.1/36463] INFO  netty.NettyConfigKeys$DataStream (ConfUtils.java:logGet(46)) - raft.netty.dataStream.server.tls.conf = null (default)
2023-02-17 01:32:15,556 [Listener at 127.0.0.1/36463] INFO  netty.NettyConfigKeys$DataStream (ConfUtils.java:logGet(46)) - raft.netty.dataStream.host = null (default)
2023-02-17 01:32:15,556 [Listener at 127.0.0.1/36463] INFO  netty.NettyConfigKeys$DataStream (ConfUtils.java:logGet(46)) - raft.netty.dataStream.port = 0 (default)
2023-02-17 01:32:15,557 [Listener at 127.0.0.1/36463] INFO  server.RaftServerConfigKeys (ConfUtils.java:logGet(46)) - raft.server.threadpool.proxy.cached = true (default)
2023-02-17 01:32:15,557 [Listener at 127.0.0.1/36463] INFO  server.RaftServerConfigKeys (ConfUtils.java:logGet(46)) - raft.server.threadpool.proxy.size = 0 (default)
2023-02-17 01:32:15,557 [Listener at 127.0.0.1/36463] INFO  server.RaftServerConfigKeys (ConfUtils.java:logGet(46)) - raft.server.rpc.slowness.timeout = 300000ms (custom)
2023-02-17 01:32:15,557 [Listener at 127.0.0.1/36463] INFO  server.RaftServerConfigKeys (ConfUtils.java:logGet(46)) - raft.server.leaderelection.leader.step-down.wait-time = 10s (default)
2023-02-17 01:32:15,557 [Listener at 127.0.0.1/36463] INFO  server.RaftServerConfigKeys (ConfUtils.java:logGet(46)) - raft.server.storage.dir = [/home/runner/work/ozone/ozone/hadoop-ozone/integration-test/target/test-dir/MiniOzoneClusterImpl-699c85d0-1a2e-49ef-96e2-8d5cf650a041/datanode-3/data/ratis] (custom)
2023-02-17 01:32:15,561 [Listener at 127.0.0.1/36463] INFO  server.XceiverServerGrpc (XceiverServerGrpc.java:<init>(132)) - GrpcServer channel type EpollServerSocketChannel
2023-02-17 01:32:15,566 [d782bd41-882b-47e1-953e-397b7991c8ca-NettyServerStreamRpc-bossGroup--thread1] INFO  logging.LoggingHandler (AbstractInternalLogger.java:log(148)) - [id: 0x0dd49c81] REGISTERED
2023-02-17 01:32:15,566 [d782bd41-882b-47e1-953e-397b7991c8ca-NettyServerStreamRpc-bossGroup--thread1] INFO  logging.LoggingHandler (AbstractInternalLogger.java:log(148)) - [id: 0x0dd49c81] BIND: 0.0.0.0/0.0.0.0:0
2023-02-17 01:32:15,566 [d782bd41-882b-47e1-953e-397b7991c8ca-NettyServerStreamRpc-bossGroup--thread1] INFO  logging.LoggingHandler (AbstractInternalLogger.java:log(148)) - [id: 0x0dd49c81, L:/0:0:0:0:0:0:0:0:45055] ACTIVE
2023-02-17 01:32:15,573 [Listener at 127.0.0.1/36463] INFO  http.BaseHttpServer (BaseHttpServer.java:newHttpServer2BuilderForOzone(213)) - Starting Web-server for hddsDatanode at: http://0.0.0.0:0
2023-02-17 01:32:15,573 [Listener at 127.0.0.1/36463] INFO  http.BaseHttpServer (BaseHttpServer.java:<init>(108)) - Hadoop Security Enabled: false Ozone Security Enabled: false Ozone HTTP Security Enabled: false 
2023-02-17 01:32:15,574 [Listener at 127.0.0.1/36463] WARN  server.AuthenticationFilter (AuthenticationFilter.java:constructSecretProvider(240)) - Unable to initialize FileSignerSecretProvider, falling back to use random secrets. Reason: Could not read signature secret file: /home/runner/hadoop-http-auth-signature-secret
2023-02-17 01:32:15,577 [Listener at 127.0.0.1/36463] WARN  http.HttpRequestLog (HttpRequestLog.java:getRequestLog(103)) - Jetty request log can only be enabled using Log4j
2023-02-17 01:32:15,579 [Listener at 127.0.0.1/36463] INFO  http.HttpServer2 (HttpServer2.java:addGlobalFilter(1031)) - Added global filter 'safety' (class=org.apache.hadoop.hdds.server.http.HttpServer2$QuotingInputFilter)
2023-02-17 01:32:15,581 [Listener at 127.0.0.1/36463] INFO  http.HttpServer2 (HttpServer2.java:addFilter(1007)) - Added filter static_user_filter (class=org.apache.hadoop.http.lib.StaticUserWebFilter$StaticUserFilter) to context hddsDatanode
2023-02-17 01:32:15,581 [Listener at 127.0.0.1/36463] INFO  http.HttpServer2 (HttpServer2.java:addFilter(1015)) - Added filter static_user_filter (class=org.apache.hadoop.http.lib.StaticUserWebFilter$StaticUserFilter) to context logs
2023-02-17 01:32:15,582 [Listener at 127.0.0.1/36463] INFO  http.HttpServer2 (HttpServer2.java:addFilter(1015)) - Added filter static_user_filter (class=org.apache.hadoop.http.lib.StaticUserWebFilter$StaticUserFilter) to context static
2023-02-17 01:32:15,583 [Listener at 127.0.0.1/36463] INFO  http.HttpServer2 (HttpServer2.java:bindListener(1250)) - Jetty bound to port 41865
2023-02-17 01:32:15,584 [Listener at 127.0.0.1/36463] INFO  server.Server (Server.java:doStart(375)) - jetty-9.4.49.v20220914; built: 2022-09-14T01:07:36.601Z; git: 4231a3b2e4cb8548a412a789936d640a97b1aa0a; jvm 1.8.0_362-b09
2023-02-17 01:32:15,586 [Listener at 127.0.0.1/36463] INFO  server.session (DefaultSessionIdManager.java:doStart(334)) - DefaultSessionIdManager workerName=node0
2023-02-17 01:32:15,586 [Listener at 127.0.0.1/36463] INFO  server.session (DefaultSessionIdManager.java:doStart(339)) - No SessionScavenger set, using defaults
2023-02-17 01:32:15,586 [Listener at 127.0.0.1/36463] INFO  server.session (HouseKeeper.java:startScavenging(132)) - node0 Scavenging every 660000ms
2023-02-17 01:32:15,588 [Listener at 127.0.0.1/36463] INFO  handler.ContextHandler (ContextHandler.java:doStart(921)) - Started o.e.j.s.ServletContextHandler@66645fd2{logs,/logs,file:///home/runner/work/ozone/ozone/hadoop-ozone/integration-test/target/log,AVAILABLE}
2023-02-17 01:32:15,588 [Listener at 127.0.0.1/36463] INFO  handler.ContextHandler (ContextHandler.java:doStart(921)) - Started o.e.j.s.ServletContextHandler@307997a4{static,/static,jar:file:/home/runner/.m2/repository/org/apache/ozone/hdds-container-service/1.4.0-SNAPSHOT/hdds-container-service-1.4.0-SNAPSHOT.jar!/webapps/static,AVAILABLE}
2023-02-17 01:32:15,797 [Listener at 127.0.0.1/36463] INFO  handler.ContextHandler (ContextHandler.java:doStart(921)) - Started o.e.j.w.WebAppContext@53d3faa9{hddsDatanode,/,file:///tmp/jetty-0_0_0_0-41865-hdds-container-service-1_4_0-SNAPSHOT_jar-_-any-5243225575462880327/webapp/,AVAILABLE}{jar:file:/home/runner/.m2/repository/org/apache/ozone/hdds-container-service/1.4.0-SNAPSHOT/hdds-container-service-1.4.0-SNAPSHOT.jar!/webapps/hddsDatanode}
2023-02-17 01:32:15,799 [Listener at 127.0.0.1/36463] INFO  server.AbstractConnector (AbstractConnector.java:doStart(333)) - Started ServerConnector@29b96be0{HTTP/1.1, (http/1.1)}{0.0.0.0:41865}
2023-02-17 01:32:15,799 [Listener at 127.0.0.1/36463] INFO  server.Server (Server.java:doStart(415)) - Started @9393ms
2023-02-17 01:32:15,799 [Listener at 127.0.0.1/36463] WARN  impl.MetricsSystemImpl (MetricsSystemImpl.java:register(279)) - Sink prometheus already exists!
2023-02-17 01:32:15,799 [Listener at 127.0.0.1/36463] INFO  http.BaseHttpServer (BaseHttpServer.java:updateConnectorAddress(333)) - HTTP server of hddsDatanode listening at http://0.0.0.0:41865
2023-02-17 01:32:15,802 [Listener at 127.0.0.1/36463] WARN  impl.MetricRegistriesImpl (MetricRegistriesImpl.java:addReporterRegistration(111)) - New reporters are added after registries were created. Some metrics will be missing from the reporter. Please add reporter before adding any new registry.
2023-02-17 01:32:15,802 [Listener at 127.0.0.1/36463] WARN  impl.MetricRegistriesImpl (MetricRegistriesImpl.java:addReporterRegistration(111)) - New reporters are added after registries were created. Some metrics will be missing from the reporter. Please add reporter before adding any new registry.
2023-02-17 01:32:15,802 [Listener at 127.0.0.1/36463] INFO  impl.MetricsSystemImpl (MetricsSystemImpl.java:init(158)) - HddsDatanode metrics system started (again)
2023-02-17 01:32:15,807 [Datanode State Machine Daemon Thread] INFO  statemachine.DatanodeStateMachine (DatanodeStateMachine.java:lambda$startDaemon$0(516)) - Ozone container server started.
2023-02-17 01:32:15,821 [Listener at 127.0.0.1/36463] INFO  ozone.HddsDatanodeService (HddsDatanodeService.java:start(228)) - HddsDatanodeService host:fv-az249-264.ubt5suc3ufjutoeqyo4zsso0he.gx.internal.cloudapp.net ip:10.1.0.190
2023-02-17 01:32:15,828 [org.apache.hadoop.util.JvmPauseMonitor$Monitor@3b2c249b] INFO  util.JvmPauseMonitor (JvmPauseMonitor.java:run(188)) - Starting JVM pause monitor
2023-02-17 01:32:15,834 [Datanode State Machine Task Thread - 0] INFO  datanode.InitDatanodeState (InitDatanodeState.java:persistContainerDatanodeDetails(138)) - DatanodeDetails is persisted to /home/runner/work/ozone/ozone/hadoop-ozone/integration-test/target/test-dir/MiniOzoneClusterImpl-699c85d0-1a2e-49ef-96e2-8d5cf650a041/datanode-3/meta/datanode.id
2023-02-17 01:32:15,847 [Listener at 127.0.0.1/36463] INFO  upgrade.AbstractLayoutVersionManager (AbstractLayoutVersionManager.java:init(83)) - Initializing Layout version manager with metadata layout = DATANODE_SCHEMA_V3 (version = 4), software layout = DATANODE_SCHEMA_V3 (version = 4)
2023-02-17 01:32:15,898 [Listener at 127.0.0.1/36463] INFO  reflections.Reflections (Reflections.java:scan(232)) - Reflections took 49 ms to scan 7 urls, producing 150 keys and 362 values 
2023-02-17 01:32:15,899 [Listener at 127.0.0.1/36463] INFO  statemachine.DatanodeStateMachine (DatanodeStateMachine.java:getEndPointTaskThreadPoolSize(260)) - Datanode State Machine Task Thread Pool size 2
2023-02-17 01:32:15,908 [Listener at 127.0.0.1/36463] INFO  volume.HddsVolume (HddsVolume.java:<init>(122)) - Creating HddsVolume: /home/runner/work/ozone/ozone/hadoop-ozone/integration-test/target/test-dir/MiniOzoneClusterImpl-699c85d0-1a2e-49ef-96e2-8d5cf650a041/datanode-4/data-0/containers/hdds of storage type : DISK capacity : 9223372036854775807
2023-02-17 01:32:15,909 [Listener at 127.0.0.1/36463] INFO  volume.MutableVolumeSet (MutableVolumeSet.java:initializeVolumeSet(174)) - Added Volume : /home/runner/work/ozone/ozone/hadoop-ozone/integration-test/target/test-dir/MiniOzoneClusterImpl-699c85d0-1a2e-49ef-96e2-8d5cf650a041/datanode-4/data-0/containers/hdds to VolumeSet
2023-02-17 01:32:15,909 [Listener at 127.0.0.1/36463] INFO  volume.ThrottledAsyncChecker (ThrottledAsyncChecker.java:schedule(141)) - Scheduling a check for /home/runner/work/ozone/ozone/hadoop-ozone/integration-test/target/test-dir/MiniOzoneClusterImpl-699c85d0-1a2e-49ef-96e2-8d5cf650a041/datanode-4/data-0/containers/hdds
2023-02-17 01:32:15,910 [Listener at 127.0.0.1/36463] INFO  volume.StorageVolumeChecker (StorageVolumeChecker.java:checkAllVolumes(202)) - Scheduled health check for volume /home/runner/work/ozone/ozone/hadoop-ozone/integration-test/target/test-dir/MiniOzoneClusterImpl-699c85d0-1a2e-49ef-96e2-8d5cf650a041/datanode-4/data-0/containers/hdds
2023-02-17 01:32:15,921 [Listener at 127.0.0.1/36463] INFO  volume.MutableVolumeSet (MutableVolumeSet.java:initializeVolumeSet(174)) - Added Volume : /home/runner/work/ozone/ozone/hadoop-ozone/integration-test/target/test-dir/MiniOzoneClusterImpl-699c85d0-1a2e-49ef-96e2-8d5cf650a041/datanode-4/data/ratis to VolumeSet
2023-02-17 01:32:15,922 [Listener at 127.0.0.1/36463] INFO  volume.ThrottledAsyncChecker (ThrottledAsyncChecker.java:schedule(141)) - Scheduling a check for /home/runner/work/ozone/ozone/hadoop-ozone/integration-test/target/test-dir/MiniOzoneClusterImpl-699c85d0-1a2e-49ef-96e2-8d5cf650a041/datanode-4/data/ratis
2023-02-17 01:32:15,922 [Listener at 127.0.0.1/36463] INFO  volume.StorageVolumeChecker (StorageVolumeChecker.java:checkAllVolumes(202)) - Scheduled health check for volume /home/runner/work/ozone/ozone/hadoop-ozone/integration-test/target/test-dir/MiniOzoneClusterImpl-699c85d0-1a2e-49ef-96e2-8d5cf650a041/datanode-4/data/ratis
2023-02-17 01:32:15,936 [Thread-194] INFO  ozoneimpl.ContainerReader (ContainerReader.java:readVolume(175)) - Finish verifying containers on volume /home/runner/work/ozone/ozone/hadoop-ozone/integration-test/target/test-dir/MiniOzoneClusterImpl-699c85d0-1a2e-49ef-96e2-8d5cf650a041/datanode-4/data-0/containers/hdds
2023-02-17 01:32:15,937 [Listener at 127.0.0.1/36463] INFO  ozoneimpl.OzoneContainer (OzoneContainer.java:buildContainerSet(304)) - Build ContainerSet costs 0s
2023-02-17 01:32:15,945 [Listener at 127.0.0.1/36463] INFO  server.RaftServer (ConfUtils.java:logGet(46)) - raft.rpc.type = GRPC (default)
2023-02-17 01:32:15,945 [Listener at 127.0.0.1/36463] INFO  grpc.GrpcConfigKeys (ConfUtils.java:logFallback(53)) - raft.grpc.admin.host = null (fallback to raft.grpc.server.host)
2023-02-17 01:32:15,946 [Listener at 127.0.0.1/36463] INFO  grpc.GrpcConfigKeys (ConfUtils.java:logGet(46)) - raft.grpc.admin.port = 0 (custom)
2023-02-17 01:32:15,946 [Listener at 127.0.0.1/36463] INFO  grpc.GrpcConfigKeys (ConfUtils.java:logFallback(53)) - raft.grpc.client.host = null (fallback to raft.grpc.server.host)
2023-02-17 01:32:15,946 [Listener at 127.0.0.1/36463] INFO  grpc.GrpcConfigKeys (ConfUtils.java:logGet(46)) - raft.grpc.client.port = 0 (custom)
2023-02-17 01:32:15,950 [Listener at 127.0.0.1/36463] INFO  grpc.GrpcConfigKeys (ConfUtils.java:logGet(46)) - raft.grpc.server.host = null (default)
2023-02-17 01:32:15,950 [Listener at 127.0.0.1/36463] INFO  grpc.GrpcConfigKeys (ConfUtils.java:logGet(46)) - raft.grpc.server.port = 0 (default)
2023-02-17 01:32:15,950 [Listener at 127.0.0.1/36463] INFO  server.GrpcService (ConfUtils.java:logGet(46)) - raft.grpc.message.size.max = 32MB (=33554432) (custom)
2023-02-17 01:32:15,951 [Listener at 127.0.0.1/36463] INFO  server.RaftServerConfigKeys (ConfUtils.java:logGet(46)) - raft.server.log.appender.buffer.byte-limit = 33554432 (custom)
2023-02-17 01:32:15,951 [Listener at 127.0.0.1/36463] INFO  server.GrpcService (ConfUtils.java:logGet(46)) - raft.grpc.flow.control.window = 5MB (=5242880) (custom)
2023-02-17 01:32:15,952 [Listener at 127.0.0.1/36463] INFO  server.RaftServerConfigKeys (ConfUtils.java:logGet(46)) - raft.server.rpc.request.timeout = 3000ms (default)
2023-02-17 01:32:15,952 [Listener at 127.0.0.1/36463] INFO  grpc.GrpcConfigKeys (ConfUtils.java:logGet(46)) - raft.grpc.server.heartbeat.channel = true (default)
2023-02-17 01:32:15,952 [Listener at 127.0.0.1/36463] INFO  grpc.GrpcConfigKeys (ConfUtils.java:logGet(46)) - raft.grpc.server.async.request.thread.pool.cached = true (default)
2023-02-17 01:32:15,952 [Listener at 127.0.0.1/36463] INFO  grpc.GrpcConfigKeys (ConfUtils.java:logGet(46)) - raft.grpc.server.async.request.thread.pool.size = 32 (default)
2023-02-17 01:32:15,953 [Listener at 127.0.0.1/36463] INFO  impl.DataStreamServerImpl (ConfUtils.java:logGet(46)) - raft.datastream.type = NETTY (custom)
2023-02-17 01:32:15,953 [Listener at 127.0.0.1/36463] INFO  server.RaftServerConfigKeys (ConfUtils.java:logGet(46)) - raft.server.data-stream.async.request.thread.pool.cached = false (default)
2023-02-17 01:32:15,954 [Listener at 127.0.0.1/36463] INFO  server.RaftServerConfigKeys (ConfUtils.java:logGet(46)) - raft.server.data-stream.async.request.thread.pool.size = 20 (custom)
2023-02-17 01:32:15,954 [Listener at 127.0.0.1/36463] INFO  server.RaftServerConfigKeys (ConfUtils.java:logGet(46)) - raft.server.data-stream.async.write.thread.pool.size = 16 (default)
2023-02-17 01:32:15,954 [Listener at 127.0.0.1/36463] INFO  server.RaftServerConfigKeys (ConfUtils.java:logGet(46)) - raft.server.data-stream.client.pool.size = 10 (default)
2023-02-17 01:32:15,954 [Listener at 127.0.0.1/36463] INFO  netty.NettyConfigKeys$DataStream (ConfUtils.java:logGet(46)) - raft.netty.dataStream.server.use-epoll = false (default)
2023-02-17 01:32:15,954 [Listener at 127.0.0.1/36463] INFO  netty.NettyConfigKeys$DataStream (ConfUtils.java:logGet(46)) - raft.netty.dataStream.server.boss-group.size = 0 (default)
2023-02-17 01:32:15,954 [Listener at 127.0.0.1/36463] INFO  netty.NettyConfigKeys$DataStream (ConfUtils.java:logGet(46)) - raft.netty.dataStream.server.worker-group.size = 0 (default)
2023-02-17 01:32:15,955 [Listener at 127.0.0.1/36463] INFO  netty.NettyConfigKeys$DataStream (ConfUtils.java:logGet(46)) - raft.netty.dataStream.server.tls.conf = null (default)
2023-02-17 01:32:15,955 [Listener at 127.0.0.1/36463] INFO  netty.NettyConfigKeys$DataStream (ConfUtils.java:logGet(46)) - raft.netty.dataStream.host = null (default)
2023-02-17 01:32:15,955 [Listener at 127.0.0.1/36463] INFO  netty.NettyConfigKeys$DataStream (ConfUtils.java:logGet(46)) - raft.netty.dataStream.port = 0 (default)
2023-02-17 01:32:15,955 [Listener at 127.0.0.1/36463] INFO  server.RaftServerConfigKeys (ConfUtils.java:logGet(46)) - raft.server.threadpool.proxy.cached = true (default)
2023-02-17 01:32:15,955 [Listener at 127.0.0.1/36463] INFO  server.RaftServerConfigKeys (ConfUtils.java:logGet(46)) - raft.server.threadpool.proxy.size = 0 (default)
2023-02-17 01:32:15,956 [Listener at 127.0.0.1/36463] INFO  server.RaftServerConfigKeys (ConfUtils.java:logGet(46)) - raft.server.rpc.slowness.timeout = 300000ms (custom)
2023-02-17 01:32:15,956 [Listener at 127.0.0.1/36463] INFO  server.RaftServerConfigKeys (ConfUtils.java:logGet(46)) - raft.server.leaderelection.leader.step-down.wait-time = 10s (default)
2023-02-17 01:32:15,956 [Listener at 127.0.0.1/36463] INFO  server.RaftServerConfigKeys (ConfUtils.java:logGet(46)) - raft.server.storage.dir = [/home/runner/work/ozone/ozone/hadoop-ozone/integration-test/target/test-dir/MiniOzoneClusterImpl-699c85d0-1a2e-49ef-96e2-8d5cf650a041/datanode-4/data/ratis] (custom)
2023-02-17 01:32:15,958 [Listener at 127.0.0.1/36463] INFO  server.XceiverServerGrpc (XceiverServerGrpc.java:<init>(132)) - GrpcServer channel type EpollServerSocketChannel
2023-02-17 01:32:15,961 [Listener at 127.0.0.1/36463] INFO  http.BaseHttpServer (BaseHttpServer.java:newHttpServer2BuilderForOzone(213)) - Starting Web-server for hddsDatanode at: http://0.0.0.0:0
2023-02-17 01:32:15,961 [Listener at 127.0.0.1/36463] INFO  http.BaseHttpServer (BaseHttpServer.java:<init>(108)) - Hadoop Security Enabled: false Ozone Security Enabled: false Ozone HTTP Security Enabled: false 
2023-02-17 01:32:15,962 [Listener at 127.0.0.1/36463] WARN  server.AuthenticationFilter (AuthenticationFilter.java:constructSecretProvider(240)) - Unable to initialize FileSignerSecretProvider, falling back to use random secrets. Reason: Could not read signature secret file: /home/runner/hadoop-http-auth-signature-secret
2023-02-17 01:32:15,963 [Listener at 127.0.0.1/36463] WARN  http.HttpRequestLog (HttpRequestLog.java:getRequestLog(103)) - Jetty request log can only be enabled using Log4j
2023-02-17 01:32:15,964 [Listener at 127.0.0.1/36463] INFO  http.HttpServer2 (HttpServer2.java:addGlobalFilter(1031)) - Added global filter 'safety' (class=org.apache.hadoop.hdds.server.http.HttpServer2$QuotingInputFilter)
2023-02-17 01:32:15,965 [Listener at 127.0.0.1/36463] INFO  http.HttpServer2 (HttpServer2.java:addFilter(1007)) - Added filter static_user_filter (class=org.apache.hadoop.http.lib.StaticUserWebFilter$StaticUserFilter) to context hddsDatanode
2023-02-17 01:32:15,965 [Listener at 127.0.0.1/36463] INFO  http.HttpServer2 (HttpServer2.java:addFilter(1015)) - Added filter static_user_filter (class=org.apache.hadoop.http.lib.StaticUserWebFilter$StaticUserFilter) to context static
2023-02-17 01:32:15,965 [Listener at 127.0.0.1/36463] INFO  http.HttpServer2 (HttpServer2.java:addFilter(1015)) - Added filter static_user_filter (class=org.apache.hadoop.http.lib.StaticUserWebFilter$StaticUserFilter) to context logs
2023-02-17 01:32:15,966 [Listener at 127.0.0.1/36463] INFO  http.HttpServer2 (HttpServer2.java:bindListener(1250)) - Jetty bound to port 42631
2023-02-17 01:32:15,966 [Listener at 127.0.0.1/36463] INFO  server.Server (Server.java:doStart(375)) - jetty-9.4.49.v20220914; built: 2022-09-14T01:07:36.601Z; git: 4231a3b2e4cb8548a412a789936d640a97b1aa0a; jvm 1.8.0_362-b09
2023-02-17 01:32:15,969 [Listener at 127.0.0.1/36463] INFO  server.session (DefaultSessionIdManager.java:doStart(334)) - DefaultSessionIdManager workerName=node0
2023-02-17 01:32:15,969 [Listener at 127.0.0.1/36463] INFO  server.session (DefaultSessionIdManager.java:doStart(339)) - No SessionScavenger set, using defaults
2023-02-17 01:32:15,970 [b89e5d3c-4eef-45e0-ba5c-9f890042010d-NettyServerStreamRpc-bossGroup--thread1] INFO  logging.LoggingHandler (AbstractInternalLogger.java:log(148)) - [id: 0x7141fdd2] REGISTERED
2023-02-17 01:32:15,971 [Listener at 127.0.0.1/36463] INFO  server.session (HouseKeeper.java:startScavenging(132)) - node0 Scavenging every 660000ms
2023-02-17 01:32:15,971 [b89e5d3c-4eef-45e0-ba5c-9f890042010d-NettyServerStreamRpc-bossGroup--thread1] INFO  logging.LoggingHandler (AbstractInternalLogger.java:log(148)) - [id: 0x7141fdd2] BIND: 0.0.0.0/0.0.0.0:0
2023-02-17 01:32:15,971 [b89e5d3c-4eef-45e0-ba5c-9f890042010d-NettyServerStreamRpc-bossGroup--thread1] INFO  logging.LoggingHandler (AbstractInternalLogger.java:log(148)) - [id: 0x7141fdd2, L:/0:0:0:0:0:0:0:0:42187] ACTIVE
2023-02-17 01:32:15,975 [Listener at 127.0.0.1/36463] INFO  handler.ContextHandler (ContextHandler.java:doStart(921)) - Started o.e.j.s.ServletContextHandler@4c7b06f7{logs,/logs,file:///home/runner/work/ozone/ozone/hadoop-ozone/integration-test/target/log,AVAILABLE}
2023-02-17 01:32:15,975 [Listener at 127.0.0.1/36463] INFO  handler.ContextHandler (ContextHandler.java:doStart(921)) - Started o.e.j.s.ServletContextHandler@7eca07bd{static,/static,jar:file:/home/runner/.m2/repository/org/apache/ozone/hdds-container-service/1.4.0-SNAPSHOT/hdds-container-service-1.4.0-SNAPSHOT.jar!/webapps/static,AVAILABLE}
2023-02-17 01:32:16,179 [Listener at 127.0.0.1/36463] INFO  handler.ContextHandler (ContextHandler.java:doStart(921)) - Started o.e.j.w.WebAppContext@2a19df5a{hddsDatanode,/,file:///tmp/jetty-0_0_0_0-42631-hdds-container-service-1_4_0-SNAPSHOT_jar-_-any-569439382373702999/webapp/,AVAILABLE}{jar:file:/home/runner/.m2/repository/org/apache/ozone/hdds-container-service/1.4.0-SNAPSHOT/hdds-container-service-1.4.0-SNAPSHOT.jar!/webapps/hddsDatanode}
2023-02-17 01:32:16,182 [Listener at 127.0.0.1/36463] INFO  server.AbstractConnector (AbstractConnector.java:doStart(333)) - Started ServerConnector@58241679{HTTP/1.1, (http/1.1)}{0.0.0.0:42631}
2023-02-17 01:32:16,182 [Listener at 127.0.0.1/36463] INFO  server.Server (Server.java:doStart(415)) - Started @9776ms
2023-02-17 01:32:16,182 [Listener at 127.0.0.1/36463] WARN  impl.MetricsSystemImpl (MetricsSystemImpl.java:register(279)) - Sink prometheus already exists!
2023-02-17 01:32:16,183 [Listener at 127.0.0.1/36463] INFO  http.BaseHttpServer (BaseHttpServer.java:updateConnectorAddress(333)) - HTTP server of hddsDatanode listening at http://0.0.0.0:42631
2023-02-17 01:32:16,185 [Listener at 127.0.0.1/36463] INFO  ozone.MiniOzoneClusterImpl (MiniOzoneClusterImpl.java:lambda$waitForClusterToBeReady$0(218)) - Waiting for nodes to be ready. Got 0 of 5 DN Heartbeats.
2023-02-17 01:32:16,185 [Listener at 127.0.0.1/36463] INFO  ozone.MiniOzoneClusterImpl (MiniOzoneClusterImpl.java:lambda$waitForClusterToBeReady$0(221)) - Waiting for cluster to exit safe mode
2023-02-17 01:32:16,185 [Listener at 127.0.0.1/36463] INFO  ozone.MiniOzoneClusterImpl (MiniOzoneClusterImpl.java:lambda$waitForClusterToBeReady$0(223)) - SCM became leader
2023-02-17 01:32:16,185 [Datanode State Machine Daemon Thread] INFO  statemachine.DatanodeStateMachine (DatanodeStateMachine.java:lambda$startDaemon$0(516)) - Ozone container server started.
2023-02-17 01:32:16,194 [org.apache.hadoop.util.JvmPauseMonitor$Monitor@69e2a17a] INFO  util.JvmPauseMonitor (JvmPauseMonitor.java:run(188)) - Starting JVM pause monitor
2023-02-17 01:32:16,197 [Datanode State Machine Task Thread - 0] INFO  datanode.InitDatanodeState (InitDatanodeState.java:persistContainerDatanodeDetails(138)) - DatanodeDetails is persisted to /home/runner/work/ozone/ozone/hadoop-ozone/integration-test/target/test-dir/MiniOzoneClusterImpl-699c85d0-1a2e-49ef-96e2-8d5cf650a041/datanode-4/meta/datanode.id
2023-02-17 01:32:16,448 [EndpointStateMachine task thread for /0.0.0.0:38871 - 0 ] INFO  utils.DatanodeStoreCache (DatanodeStoreCache.java:addDB(58)) - Added db /home/runner/work/ozone/ozone/hadoop-ozone/integration-test/target/test-dir/MiniOzoneClusterImpl-699c85d0-1a2e-49ef-96e2-8d5cf650a041/datanode-0/data-0/containers/hdds/699c85d0-1a2e-49ef-96e2-8d5cf650a041/DS-97618407-5a8c-49ff-a97d-272980880b68/container.db to cache
2023-02-17 01:32:16,448 [EndpointStateMachine task thread for /0.0.0.0:38871 - 0 ] INFO  volume.HddsVolume (HddsVolume.java:createDbStore(331)) - SchemaV3 db is created and loaded at /home/runner/work/ozone/ozone/hadoop-ozone/integration-test/target/test-dir/MiniOzoneClusterImpl-699c85d0-1a2e-49ef-96e2-8d5cf650a041/datanode-0/data-0/containers/hdds/699c85d0-1a2e-49ef-96e2-8d5cf650a041/DS-97618407-5a8c-49ff-a97d-272980880b68/container.db for volume DS-97618407-5a8c-49ff-a97d-272980880b68
2023-02-17 01:32:16,449 [EndpointStateMachine task thread for /0.0.0.0:38871 - 0 ] INFO  ozoneimpl.OzoneContainer (OzoneContainer.java:start(398)) - Attempting to start container services.
2023-02-17 01:32:16,451 [EndpointStateMachine task thread for /0.0.0.0:38871 - 0 ] INFO  ozoneimpl.OzoneContainer (OzoneContainer.java:startContainerScrub(315)) - Scheduled background container scanners and the on-demand container scanner have been disabled.
2023-02-17 01:32:16,453 [EndpointStateMachine task thread for /0.0.0.0:38871 - 0 ] INFO  replication.ReplicationServer (ReplicationServer.java:start(109)) - ReplicationServer is started using port 45259
2023-02-17 01:32:16,455 [EndpointStateMachine task thread for /0.0.0.0:38871 - 0 ] INFO  ratis.XceiverServerRatis (XceiverServerRatis.java:start(518)) - Starting XceiverServerRatis b2981eac-b4c3-4266-a3be-ebd453a2e2b7
2023-02-17 01:32:16,461 [EndpointStateMachine task thread for /0.0.0.0:38871 - 0 ] INFO  server.RaftServer (RaftServerProxy.java:startImpl(393)) - b2981eac-b4c3-4266-a3be-ebd453a2e2b7: start RPC server
2023-02-17 01:32:16,469 [EndpointStateMachine task thread for /0.0.0.0:38871 - 0 ] INFO  server.GrpcService (GrpcService.java:startImpl(262)) - b2981eac-b4c3-4266-a3be-ebd453a2e2b7: GrpcService started, listening on 40169
2023-02-17 01:32:16,470 [EndpointStateMachine task thread for /0.0.0.0:38871 - 0 ] INFO  ratis.XceiverServerRatis (XceiverServerRatis.java:getRealPort(544)) - XceiverServerRatis b2981eac-b4c3-4266-a3be-ebd453a2e2b7 is started using port 40169 for RATIS
2023-02-17 01:32:16,470 [EndpointStateMachine task thread for /0.0.0.0:38871 - 0 ] INFO  ratis.XceiverServerRatis (XceiverServerRatis.java:getRealPort(544)) - XceiverServerRatis b2981eac-b4c3-4266-a3be-ebd453a2e2b7 is started using port 40169 for RATIS_ADMIN
2023-02-17 01:32:16,470 [EndpointStateMachine task thread for /0.0.0.0:38871 - 0 ] INFO  ratis.XceiverServerRatis (XceiverServerRatis.java:getRealPort(544)) - XceiverServerRatis b2981eac-b4c3-4266-a3be-ebd453a2e2b7 is started using port 40169 for RATIS_SERVER
2023-02-17 01:32:16,470 [EndpointStateMachine task thread for /0.0.0.0:38871 - 0 ] INFO  ratis.XceiverServerRatis (XceiverServerRatis.java:getRealPort(544)) - XceiverServerRatis b2981eac-b4c3-4266-a3be-ebd453a2e2b7 is started using port 41231 for RATIS_DATASTREAM
2023-02-17 01:32:16,470 [JvmPauseMonitor1] INFO  util.JvmPauseMonitor (JvmPauseMonitor.java:run(105)) - JvmPauseMonitor-b2981eac-b4c3-4266-a3be-ebd453a2e2b7: Started
2023-02-17 01:32:16,482 [EndpointStateMachine task thread for /0.0.0.0:38871 - 0 ] INFO  server.XceiverServerGrpc (XceiverServerGrpc.java:start(180)) - XceiverServerGrpc b2981eac-b4c3-4266-a3be-ebd453a2e2b7 is started using port 41219
2023-02-17 01:32:17,026 [EndpointStateMachine task thread for /0.0.0.0:38871 - 0 ] INFO  utils.DatanodeStoreCache (DatanodeStoreCache.java:addDB(58)) - Added db /home/runner/work/ozone/ozone/hadoop-ozone/integration-test/target/test-dir/MiniOzoneClusterImpl-699c85d0-1a2e-49ef-96e2-8d5cf650a041/datanode-1/data-0/containers/hdds/699c85d0-1a2e-49ef-96e2-8d5cf650a041/DS-60a6b6c5-635b-49f4-b067-10ed1da79320/container.db to cache
2023-02-17 01:32:17,027 [EndpointStateMachine task thread for /0.0.0.0:38871 - 0 ] INFO  volume.HddsVolume (HddsVolume.java:createDbStore(331)) - SchemaV3 db is created and loaded at /home/runner/work/ozone/ozone/hadoop-ozone/integration-test/target/test-dir/MiniOzoneClusterImpl-699c85d0-1a2e-49ef-96e2-8d5cf650a041/datanode-1/data-0/containers/hdds/699c85d0-1a2e-49ef-96e2-8d5cf650a041/DS-60a6b6c5-635b-49f4-b067-10ed1da79320/container.db for volume DS-60a6b6c5-635b-49f4-b067-10ed1da79320
2023-02-17 01:32:17,027 [EndpointStateMachine task thread for /0.0.0.0:38871 - 0 ] INFO  ozoneimpl.OzoneContainer (OzoneContainer.java:start(398)) - Attempting to start container services.
2023-02-17 01:32:17,027 [EndpointStateMachine task thread for /0.0.0.0:38871 - 0 ] INFO  ozoneimpl.OzoneContainer (OzoneContainer.java:startContainerScrub(315)) - Scheduled background container scanners and the on-demand container scanner have been disabled.
2023-02-17 01:32:17,028 [EndpointStateMachine task thread for /0.0.0.0:38871 - 0 ] INFO  replication.ReplicationServer (ReplicationServer.java:start(109)) - ReplicationServer is started using port 33803
2023-02-17 01:32:17,029 [EndpointStateMachine task thread for /0.0.0.0:38871 - 0 ] INFO  ratis.XceiverServerRatis (XceiverServerRatis.java:start(518)) - Starting XceiverServerRatis 90b5d626-740c-4e6b-9ad1-03df535f3e79
2023-02-17 01:32:17,030 [EndpointStateMachine task thread for /0.0.0.0:38871 - 0 ] INFO  server.RaftServer (RaftServerProxy.java:startImpl(393)) - 90b5d626-740c-4e6b-9ad1-03df535f3e79: start RPC server
2023-02-17 01:32:17,034 [EndpointStateMachine task thread for /0.0.0.0:38871 - 0 ] INFO  server.GrpcService (GrpcService.java:startImpl(262)) - 90b5d626-740c-4e6b-9ad1-03df535f3e79: GrpcService started, listening on 44941
2023-02-17 01:32:17,035 [EndpointStateMachine task thread for /0.0.0.0:38871 - 0 ] INFO  ratis.XceiverServerRatis (XceiverServerRatis.java:getRealPort(544)) - XceiverServerRatis 90b5d626-740c-4e6b-9ad1-03df535f3e79 is started using port 44941 for RATIS
2023-02-17 01:32:17,035 [JvmPauseMonitor2] INFO  util.JvmPauseMonitor (JvmPauseMonitor.java:run(105)) - JvmPauseMonitor-90b5d626-740c-4e6b-9ad1-03df535f3e79: Started
2023-02-17 01:32:17,035 [EndpointStateMachine task thread for /0.0.0.0:38871 - 0 ] INFO  ratis.XceiverServerRatis (XceiverServerRatis.java:getRealPort(544)) - XceiverServerRatis 90b5d626-740c-4e6b-9ad1-03df535f3e79 is started using port 44941 for RATIS_ADMIN
2023-02-17 01:32:17,035 [EndpointStateMachine task thread for /0.0.0.0:38871 - 0 ] INFO  ratis.XceiverServerRatis (XceiverServerRatis.java:getRealPort(544)) - XceiverServerRatis 90b5d626-740c-4e6b-9ad1-03df535f3e79 is started using port 44941 for RATIS_SERVER
2023-02-17 01:32:17,035 [EndpointStateMachine task thread for /0.0.0.0:38871 - 0 ] INFO  ratis.XceiverServerRatis (XceiverServerRatis.java:getRealPort(544)) - XceiverServerRatis 90b5d626-740c-4e6b-9ad1-03df535f3e79 is started using port 41071 for RATIS_DATASTREAM
2023-02-17 01:32:17,038 [EndpointStateMachine task thread for /0.0.0.0:38871 - 0 ] INFO  server.XceiverServerGrpc (XceiverServerGrpc.java:start(180)) - XceiverServerGrpc 90b5d626-740c-4e6b-9ad1-03df535f3e79 is started using port 42201
2023-02-17 01:32:17,185 [Listener at 127.0.0.1/36463] INFO  ozone.MiniOzoneClusterImpl (MiniOzoneClusterImpl.java:lambda$waitForClusterToBeReady$0(218)) - Waiting for nodes to be ready. Got 0 of 5 DN Heartbeats.
2023-02-17 01:32:17,185 [Listener at 127.0.0.1/36463] INFO  ozone.MiniOzoneClusterImpl (MiniOzoneClusterImpl.java:lambda$waitForClusterToBeReady$0(221)) - Waiting for cluster to exit safe mode
2023-02-17 01:32:17,185 [Listener at 127.0.0.1/36463] INFO  ozone.MiniOzoneClusterImpl (MiniOzoneClusterImpl.java:lambda$waitForClusterToBeReady$0(223)) - SCM became leader
2023-02-17 01:32:17,428 [EndpointStateMachine task thread for /0.0.0.0:38871 - 0 ] INFO  utils.DatanodeStoreCache (DatanodeStoreCache.java:addDB(58)) - Added db /home/runner/work/ozone/ozone/hadoop-ozone/integration-test/target/test-dir/MiniOzoneClusterImpl-699c85d0-1a2e-49ef-96e2-8d5cf650a041/datanode-2/data-0/containers/hdds/699c85d0-1a2e-49ef-96e2-8d5cf650a041/DS-08f2c79b-fde5-4cbb-b621-df7ff466c39c/container.db to cache
2023-02-17 01:32:17,429 [EndpointStateMachine task thread for /0.0.0.0:38871 - 0 ] INFO  volume.HddsVolume (HddsVolume.java:createDbStore(331)) - SchemaV3 db is created and loaded at /home/runner/work/ozone/ozone/hadoop-ozone/integration-test/target/test-dir/MiniOzoneClusterImpl-699c85d0-1a2e-49ef-96e2-8d5cf650a041/datanode-2/data-0/containers/hdds/699c85d0-1a2e-49ef-96e2-8d5cf650a041/DS-08f2c79b-fde5-4cbb-b621-df7ff466c39c/container.db for volume DS-08f2c79b-fde5-4cbb-b621-df7ff466c39c
2023-02-17 01:32:17,429 [EndpointStateMachine task thread for /0.0.0.0:38871 - 0 ] INFO  ozoneimpl.OzoneContainer (OzoneContainer.java:start(398)) - Attempting to start container services.
2023-02-17 01:32:17,429 [EndpointStateMachine task thread for /0.0.0.0:38871 - 0 ] INFO  ozoneimpl.OzoneContainer (OzoneContainer.java:startContainerScrub(315)) - Scheduled background container scanners and the on-demand container scanner have been disabled.
2023-02-17 01:32:17,431 [EndpointStateMachine task thread for /0.0.0.0:38871 - 0 ] INFO  replication.ReplicationServer (ReplicationServer.java:start(109)) - ReplicationServer is started using port 44615
2023-02-17 01:32:17,431 [EndpointStateMachine task thread for /0.0.0.0:38871 - 0 ] INFO  ratis.XceiverServerRatis (XceiverServerRatis.java:start(518)) - Starting XceiverServerRatis 9f9ca560-66e6-43f3-a3dc-218554c09834
2023-02-17 01:32:17,432 [EndpointStateMachine task thread for /0.0.0.0:38871 - 0 ] INFO  server.RaftServer (RaftServerProxy.java:startImpl(393)) - 9f9ca560-66e6-43f3-a3dc-218554c09834: start RPC server
2023-02-17 01:32:17,435 [EndpointStateMachine task thread for /0.0.0.0:38871 - 0 ] INFO  server.GrpcService (GrpcService.java:startImpl(262)) - 9f9ca560-66e6-43f3-a3dc-218554c09834: GrpcService started, listening on 35607
2023-02-17 01:32:17,435 [EndpointStateMachine task thread for /0.0.0.0:38871 - 0 ] INFO  ratis.XceiverServerRatis (XceiverServerRatis.java:getRealPort(544)) - XceiverServerRatis 9f9ca560-66e6-43f3-a3dc-218554c09834 is started using port 35607 for RATIS
2023-02-17 01:32:17,435 [EndpointStateMachine task thread for /0.0.0.0:38871 - 0 ] INFO  ratis.XceiverServerRatis (XceiverServerRatis.java:getRealPort(544)) - XceiverServerRatis 9f9ca560-66e6-43f3-a3dc-218554c09834 is started using port 35607 for RATIS_ADMIN
2023-02-17 01:32:17,435 [JvmPauseMonitor3] INFO  util.JvmPauseMonitor (JvmPauseMonitor.java:run(105)) - JvmPauseMonitor-9f9ca560-66e6-43f3-a3dc-218554c09834: Started
2023-02-17 01:32:17,435 [EndpointStateMachine task thread for /0.0.0.0:38871 - 0 ] INFO  ratis.XceiverServerRatis (XceiverServerRatis.java:getRealPort(544)) - XceiverServerRatis 9f9ca560-66e6-43f3-a3dc-218554c09834 is started using port 35607 for RATIS_SERVER
2023-02-17 01:32:17,435 [EndpointStateMachine task thread for /0.0.0.0:38871 - 0 ] INFO  ratis.XceiverServerRatis (XceiverServerRatis.java:getRealPort(544)) - XceiverServerRatis 9f9ca560-66e6-43f3-a3dc-218554c09834 is started using port 34715 for RATIS_DATASTREAM
2023-02-17 01:32:17,441 [EndpointStateMachine task thread for /0.0.0.0:38871 - 0 ] INFO  server.XceiverServerGrpc (XceiverServerGrpc.java:start(180)) - XceiverServerGrpc 9f9ca560-66e6-43f3-a3dc-218554c09834 is started using port 44041
2023-02-17 01:32:17,873 [EndpointStateMachine task thread for /0.0.0.0:38871 - 0 ] INFO  utils.DatanodeStoreCache (DatanodeStoreCache.java:addDB(58)) - Added db /home/runner/work/ozone/ozone/hadoop-ozone/integration-test/target/test-dir/MiniOzoneClusterImpl-699c85d0-1a2e-49ef-96e2-8d5cf650a041/datanode-3/data-0/containers/hdds/699c85d0-1a2e-49ef-96e2-8d5cf650a041/DS-8e6c807f-3726-4673-b8d7-2a688698c28a/container.db to cache
2023-02-17 01:32:17,873 [EndpointStateMachine task thread for /0.0.0.0:38871 - 0 ] INFO  volume.HddsVolume (HddsVolume.java:createDbStore(331)) - SchemaV3 db is created and loaded at /home/runner/work/ozone/ozone/hadoop-ozone/integration-test/target/test-dir/MiniOzoneClusterImpl-699c85d0-1a2e-49ef-96e2-8d5cf650a041/datanode-3/data-0/containers/hdds/699c85d0-1a2e-49ef-96e2-8d5cf650a041/DS-8e6c807f-3726-4673-b8d7-2a688698c28a/container.db for volume DS-8e6c807f-3726-4673-b8d7-2a688698c28a
2023-02-17 01:32:17,873 [EndpointStateMachine task thread for /0.0.0.0:38871 - 0 ] INFO  ozoneimpl.OzoneContainer (OzoneContainer.java:start(398)) - Attempting to start container services.
2023-02-17 01:32:17,873 [EndpointStateMachine task thread for /0.0.0.0:38871 - 0 ] INFO  ozoneimpl.OzoneContainer (OzoneContainer.java:startContainerScrub(315)) - Scheduled background container scanners and the on-demand container scanner have been disabled.
2023-02-17 01:32:17,875 [EndpointStateMachine task thread for /0.0.0.0:38871 - 0 ] INFO  replication.ReplicationServer (ReplicationServer.java:start(109)) - ReplicationServer is started using port 41049
2023-02-17 01:32:17,876 [EndpointStateMachine task thread for /0.0.0.0:38871 - 0 ] INFO  ratis.XceiverServerRatis (XceiverServerRatis.java:start(518)) - Starting XceiverServerRatis d782bd41-882b-47e1-953e-397b7991c8ca
2023-02-17 01:32:17,877 [EndpointStateMachine task thread for /0.0.0.0:38871 - 0 ] INFO  server.RaftServer (RaftServerProxy.java:startImpl(393)) - d782bd41-882b-47e1-953e-397b7991c8ca: start RPC server
2023-02-17 01:32:17,879 [EndpointStateMachine task thread for /0.0.0.0:38871 - 0 ] INFO  server.GrpcService (GrpcService.java:startImpl(262)) - d782bd41-882b-47e1-953e-397b7991c8ca: GrpcService started, listening on 41127
2023-02-17 01:32:17,879 [EndpointStateMachine task thread for /0.0.0.0:38871 - 0 ] INFO  ratis.XceiverServerRatis (XceiverServerRatis.java:getRealPort(544)) - XceiverServerRatis d782bd41-882b-47e1-953e-397b7991c8ca is started using port 41127 for RATIS
2023-02-17 01:32:17,879 [JvmPauseMonitor4] INFO  util.JvmPauseMonitor (JvmPauseMonitor.java:run(105)) - JvmPauseMonitor-d782bd41-882b-47e1-953e-397b7991c8ca: Started
2023-02-17 01:32:17,879 [EndpointStateMachine task thread for /0.0.0.0:38871 - 0 ] INFO  ratis.XceiverServerRatis (XceiverServerRatis.java:getRealPort(544)) - XceiverServerRatis d782bd41-882b-47e1-953e-397b7991c8ca is started using port 41127 for RATIS_ADMIN
2023-02-17 01:32:17,880 [EndpointStateMachine task thread for /0.0.0.0:38871 - 0 ] INFO  ratis.XceiverServerRatis (XceiverServerRatis.java:getRealPort(544)) - XceiverServerRatis d782bd41-882b-47e1-953e-397b7991c8ca is started using port 41127 for RATIS_SERVER
2023-02-17 01:32:17,880 [EndpointStateMachine task thread for /0.0.0.0:38871 - 0 ] INFO  ratis.XceiverServerRatis (XceiverServerRatis.java:getRealPort(544)) - XceiverServerRatis d782bd41-882b-47e1-953e-397b7991c8ca is started using port 45055 for RATIS_DATASTREAM
2023-02-17 01:32:17,883 [EndpointStateMachine task thread for /0.0.0.0:38871 - 0 ] INFO  server.XceiverServerGrpc (XceiverServerGrpc.java:start(180)) - XceiverServerGrpc d782bd41-882b-47e1-953e-397b7991c8ca is started using port 35147
2023-02-17 01:32:18,186 [Listener at 127.0.0.1/36463] INFO  ozone.MiniOzoneClusterImpl (MiniOzoneClusterImpl.java:lambda$waitForClusterToBeReady$0(218)) - Waiting for nodes to be ready. Got 0 of 5 DN Heartbeats.
2023-02-17 01:32:18,186 [Listener at 127.0.0.1/36463] INFO  ozone.MiniOzoneClusterImpl (MiniOzoneClusterImpl.java:lambda$waitForClusterToBeReady$0(221)) - Waiting for cluster to exit safe mode
2023-02-17 01:32:18,186 [Listener at 127.0.0.1/36463] INFO  ozone.MiniOzoneClusterImpl (MiniOzoneClusterImpl.java:lambda$waitForClusterToBeReady$0(223)) - SCM became leader
2023-02-17 01:32:18,229 [EndpointStateMachine task thread for /0.0.0.0:38871 - 0 ] INFO  utils.DatanodeStoreCache (DatanodeStoreCache.java:addDB(58)) - Added db /home/runner/work/ozone/ozone/hadoop-ozone/integration-test/target/test-dir/MiniOzoneClusterImpl-699c85d0-1a2e-49ef-96e2-8d5cf650a041/datanode-4/data-0/containers/hdds/699c85d0-1a2e-49ef-96e2-8d5cf650a041/DS-302b225f-d27f-4bbc-a4de-9f55e1b7eedb/container.db to cache
2023-02-17 01:32:18,230 [EndpointStateMachine task thread for /0.0.0.0:38871 - 0 ] INFO  volume.HddsVolume (HddsVolume.java:createDbStore(331)) - SchemaV3 db is created and loaded at /home/runner/work/ozone/ozone/hadoop-ozone/integration-test/target/test-dir/MiniOzoneClusterImpl-699c85d0-1a2e-49ef-96e2-8d5cf650a041/datanode-4/data-0/containers/hdds/699c85d0-1a2e-49ef-96e2-8d5cf650a041/DS-302b225f-d27f-4bbc-a4de-9f55e1b7eedb/container.db for volume DS-302b225f-d27f-4bbc-a4de-9f55e1b7eedb
2023-02-17 01:32:18,230 [EndpointStateMachine task thread for /0.0.0.0:38871 - 0 ] INFO  ozoneimpl.OzoneContainer (OzoneContainer.java:start(398)) - Attempting to start container services.
2023-02-17 01:32:18,230 [EndpointStateMachine task thread for /0.0.0.0:38871 - 0 ] INFO  ozoneimpl.OzoneContainer (OzoneContainer.java:startContainerScrub(315)) - Scheduled background container scanners and the on-demand container scanner have been disabled.
2023-02-17 01:32:18,232 [EndpointStateMachine task thread for /0.0.0.0:38871 - 0 ] INFO  replication.ReplicationServer (ReplicationServer.java:start(109)) - ReplicationServer is started using port 38135
2023-02-17 01:32:18,232 [EndpointStateMachine task thread for /0.0.0.0:38871 - 0 ] INFO  ratis.XceiverServerRatis (XceiverServerRatis.java:start(518)) - Starting XceiverServerRatis b89e5d3c-4eef-45e0-ba5c-9f890042010d
2023-02-17 01:32:18,233 [EndpointStateMachine task thread for /0.0.0.0:38871 - 0 ] INFO  server.RaftServer (RaftServerProxy.java:startImpl(393)) - b89e5d3c-4eef-45e0-ba5c-9f890042010d: start RPC server
2023-02-17 01:32:18,234 [EndpointStateMachine task thread for /0.0.0.0:38871 - 0 ] INFO  server.GrpcService (GrpcService.java:startImpl(262)) - b89e5d3c-4eef-45e0-ba5c-9f890042010d: GrpcService started, listening on 40109
2023-02-17 01:32:18,234 [EndpointStateMachine task thread for /0.0.0.0:38871 - 0 ] INFO  ratis.XceiverServerRatis (XceiverServerRatis.java:getRealPort(544)) - XceiverServerRatis b89e5d3c-4eef-45e0-ba5c-9f890042010d is started using port 40109 for RATIS
2023-02-17 01:32:18,234 [EndpointStateMachine task thread for /0.0.0.0:38871 - 0 ] INFO  ratis.XceiverServerRatis (XceiverServerRatis.java:getRealPort(544)) - XceiverServerRatis b89e5d3c-4eef-45e0-ba5c-9f890042010d is started using port 40109 for RATIS_ADMIN
2023-02-17 01:32:18,235 [JvmPauseMonitor5] INFO  util.JvmPauseMonitor (JvmPauseMonitor.java:run(105)) - JvmPauseMonitor-b89e5d3c-4eef-45e0-ba5c-9f890042010d: Started
2023-02-17 01:32:18,235 [EndpointStateMachine task thread for /0.0.0.0:38871 - 0 ] INFO  ratis.XceiverServerRatis (XceiverServerRatis.java:getRealPort(544)) - XceiverServerRatis b89e5d3c-4eef-45e0-ba5c-9f890042010d is started using port 40109 for RATIS_SERVER
2023-02-17 01:32:18,235 [EndpointStateMachine task thread for /0.0.0.0:38871 - 0 ] INFO  ratis.XceiverServerRatis (XceiverServerRatis.java:getRealPort(544)) - XceiverServerRatis b89e5d3c-4eef-45e0-ba5c-9f890042010d is started using port 42187 for RATIS_DATASTREAM
2023-02-17 01:32:18,237 [EndpointStateMachine task thread for /0.0.0.0:38871 - 0 ] INFO  server.XceiverServerGrpc (XceiverServerGrpc.java:start(180)) - XceiverServerGrpc b89e5d3c-4eef-45e0-ba5c-9f890042010d is started using port 38771
2023-02-17 01:32:18,379 [IPC Server handler 3 on default port 38871] INFO  net.NetworkTopologyImpl (NetworkTopologyImpl.java:add(112)) - Added a new node: /default-rack/b2981eac-b4c3-4266-a3be-ebd453a2e2b7
2023-02-17 01:32:18,381 [IPC Server handler 3 on default port 38871] INFO  node.SCMNodeManager (SCMNodeManager.java:register(397)) - Registered Data node : b2981eac-b4c3-4266-a3be-ebd453a2e2b7{ip: 10.1.0.190, host: fv-az249-264.ubt5suc3ufjutoeqyo4zsso0he.gx.internal.cloudapp.net, ports: [REPLICATION=45259, RATIS=40169, RATIS_ADMIN=40169, RATIS_SERVER=40169, RATIS_DATASTREAM=41231, STANDALONE=41219], networkLocation: /default-rack, certSerialId: null, persistedOpState: null, persistedOpStateExpiryEpochSec: 0}
2023-02-17 01:32:18,389 [EventQueue-NewNodeForNewNodeHandler] INFO  pipeline.BackgroundPipelineCreator (BackgroundPipelineCreator.java:notifyEventTriggered(276)) - trigger a one-shot run on RatisPipelineUtilsThread.
2023-02-17 01:32:18,393 [EventQueue-NodeRegistrationContainerReportForDataNodeSafeModeRule] INFO  safemode.SCMSafeModeManager (DataNodeSafeModeRule.java:process(71)) - SCM in safe mode. 1 DataNodes registered, 3 required.
2023-02-17 01:32:18,397 [EventQueue-NodeRegistrationContainerReportForContainerSafeModeRule] INFO  safemode.SCMSafeModeManager (SCMSafeModeManager.java:validateSafeModeExitRules(200)) - ContainerSafeModeRule rule is successfully validated
2023-02-17 01:32:18,398 [RatisPipelineUtilsThread - 0] INFO  pipeline.RatisPipelineProvider (RatisPipelineProvider.java:lambda$create$0(206)) - Sending CreatePipelineCommand for pipeline:PipelineID=7da80e71-5aa3-4f50-bf40-b44390472305 to datanode:b2981eac-b4c3-4266-a3be-ebd453a2e2b7
2023-02-17 01:32:18,398 [EventQueue-PipelineReportForOneReplicaPipelineSafeModeRule] INFO  safemode.SCMSafeModeManager (SCMSafeModeManager.java:validateSafeModeExitRules(200)) - AtleastOneDatanodeReportedRule rule is successfully validated
2023-02-17 01:32:18,419 [RatisPipelineUtilsThread - 0] INFO  pipeline.PipelineStateManagerImpl (PipelineStateManagerImpl.java:addPipeline(103)) - Created pipeline Pipeline[ Id: 7da80e71-5aa3-4f50-bf40-b44390472305, Nodes: b2981eac-b4c3-4266-a3be-ebd453a2e2b7(fv-az249-264.ubt5suc3ufjutoeqyo4zsso0he.gx.internal.cloudapp.net/10.1.0.190), ReplicationConfig: RATIS/ONE, State:ALLOCATED, leaderId:, CreationTimestamp2023-02-17T01:32:18.396Z[Etc/UTC]].
2023-02-17 01:32:18,998 [IPC Server handler 2 on default port 38871] INFO  net.NetworkTopologyImpl (NetworkTopologyImpl.java:add(112)) - Added a new node: /default-rack/90b5d626-740c-4e6b-9ad1-03df535f3e79
2023-02-17 01:32:18,998 [IPC Server handler 2 on default port 38871] INFO  node.SCMNodeManager (SCMNodeManager.java:register(397)) - Registered Data node : 90b5d626-740c-4e6b-9ad1-03df535f3e79{ip: 10.1.0.190, host: fv-az249-264.ubt5suc3ufjutoeqyo4zsso0he.gx.internal.cloudapp.net, ports: [REPLICATION=33803, RATIS=44941, RATIS_ADMIN=44941, RATIS_SERVER=44941, RATIS_DATASTREAM=41071, STANDALONE=42201], networkLocation: /default-rack, certSerialId: null, persistedOpState: null, persistedOpStateExpiryEpochSec: 0}
2023-02-17 01:32:18,999 [EventQueue-NewNodeForNewNodeHandler] INFO  pipeline.BackgroundPipelineCreator (BackgroundPipelineCreator.java:notifyEventTriggered(276)) - trigger a one-shot run on RatisPipelineUtilsThread.
2023-02-17 01:32:18,999 [EventQueue-NodeRegistrationContainerReportForDataNodeSafeModeRule] INFO  safemode.SCMSafeModeManager (DataNodeSafeModeRule.java:process(71)) - SCM in safe mode. 2 DataNodes registered, 3 required.
2023-02-17 01:32:19,001 [RatisPipelineUtilsThread - 0] INFO  pipeline.RatisPipelineProvider (RatisPipelineProvider.java:lambda$create$0(206)) - Sending CreatePipelineCommand for pipeline:PipelineID=1478227c-b32b-48ce-bffe-5dfe29aa0311 to datanode:90b5d626-740c-4e6b-9ad1-03df535f3e79
2023-02-17 01:32:19,004 [RatisPipelineUtilsThread - 0] INFO  pipeline.PipelineStateManagerImpl (PipelineStateManagerImpl.java:addPipeline(103)) - Created pipeline Pipeline[ Id: 1478227c-b32b-48ce-bffe-5dfe29aa0311, Nodes: 90b5d626-740c-4e6b-9ad1-03df535f3e79(fv-az249-264.ubt5suc3ufjutoeqyo4zsso0he.gx.internal.cloudapp.net/10.1.0.190), ReplicationConfig: RATIS/ONE, State:ALLOCATED, leaderId:, CreationTimestamp2023-02-17T01:32:19.001Z[Etc/UTC]].
2023-02-17 01:32:19,186 [Listener at 127.0.0.1/36463] INFO  ozone.MiniOzoneClusterImpl (MiniOzoneClusterImpl.java:lambda$waitForClusterToBeReady$0(218)) - Waiting for nodes to be ready. Got 2 of 5 DN Heartbeats.
2023-02-17 01:32:19,186 [Listener at 127.0.0.1/36463] INFO  ozone.MiniOzoneClusterImpl (MiniOzoneClusterImpl.java:lambda$waitForClusterToBeReady$0(221)) - Waiting for cluster to exit safe mode
2023-02-17 01:32:19,187 [Listener at 127.0.0.1/36463] INFO  ozone.MiniOzoneClusterImpl (MiniOzoneClusterImpl.java:lambda$waitForClusterToBeReady$0(223)) - SCM became leader
2023-02-17 01:32:19,398 [IPC Server handler 5 on default port 38871] INFO  net.NetworkTopologyImpl (NetworkTopologyImpl.java:add(112)) - Added a new node: /default-rack/9f9ca560-66e6-43f3-a3dc-218554c09834
2023-02-17 01:32:19,398 [IPC Server handler 5 on default port 38871] INFO  node.SCMNodeManager (SCMNodeManager.java:register(397)) - Registered Data node : 9f9ca560-66e6-43f3-a3dc-218554c09834{ip: 10.1.0.190, host: fv-az249-264.ubt5suc3ufjutoeqyo4zsso0he.gx.internal.cloudapp.net, ports: [REPLICATION=44615, RATIS=35607, RATIS_ADMIN=35607, RATIS_SERVER=35607, RATIS_DATASTREAM=34715, STANDALONE=44041], networkLocation: /default-rack, certSerialId: null, persistedOpState: null, persistedOpStateExpiryEpochSec: 0}
2023-02-17 01:32:19,398 [EventQueue-NewNodeForNewNodeHandler] INFO  pipeline.BackgroundPipelineCreator (BackgroundPipelineCreator.java:notifyEventTriggered(276)) - trigger a one-shot run on RatisPipelineUtilsThread.
2023-02-17 01:32:19,398 [EventQueue-NodeRegistrationContainerReportForDataNodeSafeModeRule] INFO  safemode.SCMSafeModeManager (DataNodeSafeModeRule.java:process(71)) - SCM in safe mode. 3 DataNodes registered, 3 required.
2023-02-17 01:32:19,398 [EventQueue-NodeRegistrationContainerReportForDataNodeSafeModeRule] INFO  safemode.SCMSafeModeManager (SCMSafeModeManager.java:validateSafeModeExitRules(200)) - DataNodeSafeModeRule rule is successfully validated
2023-02-17 01:32:19,398 [EventQueue-NodeRegistrationContainerReportForDataNodeSafeModeRule] INFO  safemode.SCMSafeModeManager (SCMSafeModeManager.java:completePreCheck(229)) - All SCM safe mode pre check rules have passed
2023-02-17 01:32:19,398 [EventQueue-NodeRegistrationContainerReportForDataNodeSafeModeRule] INFO  ha.SCMContext (SCMContext.java:updateSafeModeStatus(228)) - Update SafeModeStatus from SafeModeStatus{safeModeStatus=true, preCheckPassed=false} to SafeModeStatus{safeModeStatus=true, preCheckPassed=true}.
2023-02-17 01:32:19,398 [EventQueue-NodeRegistrationContainerReportForDataNodeSafeModeRule] INFO  pipeline.BackgroundPipelineCreator (BackgroundPipelineCreator.java:notifyEventTriggered(276)) - trigger a one-shot run on RatisPipelineUtilsThread.
2023-02-17 01:32:19,399 [RatisPipelineUtilsThread - 0] INFO  pipeline.RatisPipelineProvider (RatisPipelineProvider.java:lambda$create$0(206)) - Sending CreatePipelineCommand for pipeline:PipelineID=da0ec83c-f1d7-492d-8b4e-32ef4db1718c to datanode:9f9ca560-66e6-43f3-a3dc-218554c09834
2023-02-17 01:32:19,401 [RatisPipelineUtilsThread - 0] INFO  pipeline.PipelineStateManagerImpl (PipelineStateManagerImpl.java:addPipeline(103)) - Created pipeline Pipeline[ Id: da0ec83c-f1d7-492d-8b4e-32ef4db1718c, Nodes: 9f9ca560-66e6-43f3-a3dc-218554c09834(fv-az249-264.ubt5suc3ufjutoeqyo4zsso0he.gx.internal.cloudapp.net/10.1.0.190), ReplicationConfig: RATIS/ONE, State:ALLOCATED, leaderId:, CreationTimestamp2023-02-17T01:32:19.399Z[Etc/UTC]].
2023-02-17 01:32:19,407 [RatisPipelineUtilsThread - 0] INFO  pipeline.RatisPipelineProvider (RatisPipelineProvider.java:lambda$create$0(206)) - Sending CreatePipelineCommand for pipeline:PipelineID=e9959d7e-43ed-40c8-b667-a234537c4734 to datanode:b2981eac-b4c3-4266-a3be-ebd453a2e2b7
2023-02-17 01:32:19,407 [RatisPipelineUtilsThread - 0] INFO  pipeline.RatisPipelineProvider (RatisPipelineProvider.java:lambda$create$0(206)) - Sending CreatePipelineCommand for pipeline:PipelineID=e9959d7e-43ed-40c8-b667-a234537c4734 to datanode:90b5d626-740c-4e6b-9ad1-03df535f3e79
2023-02-17 01:32:19,407 [RatisPipelineUtilsThread - 0] INFO  pipeline.RatisPipelineProvider (RatisPipelineProvider.java:lambda$create$0(206)) - Sending CreatePipelineCommand for pipeline:PipelineID=e9959d7e-43ed-40c8-b667-a234537c4734 to datanode:9f9ca560-66e6-43f3-a3dc-218554c09834
2023-02-17 01:32:19,410 [RatisPipelineUtilsThread - 0] INFO  pipeline.PipelineStateManagerImpl (PipelineStateManagerImpl.java:addPipeline(103)) - Created pipeline Pipeline[ Id: e9959d7e-43ed-40c8-b667-a234537c4734, Nodes: b2981eac-b4c3-4266-a3be-ebd453a2e2b7(fv-az249-264.ubt5suc3ufjutoeqyo4zsso0he.gx.internal.cloudapp.net/10.1.0.190)90b5d626-740c-4e6b-9ad1-03df535f3e79(fv-az249-264.ubt5suc3ufjutoeqyo4zsso0he.gx.internal.cloudapp.net/10.1.0.190)9f9ca560-66e6-43f3-a3dc-218554c09834(fv-az249-264.ubt5suc3ufjutoeqyo4zsso0he.gx.internal.cloudapp.net/10.1.0.190), ReplicationConfig: RATIS/THREE, State:ALLOCATED, leaderId:, CreationTimestamp2023-02-17T01:32:19.406Z[Etc/UTC]].
2023-02-17 01:32:19,412 [RatisPipelineUtilsThread - 0] INFO  pipeline.RatisPipelineProvider (RatisPipelineProvider.java:lambda$create$0(206)) - Sending CreatePipelineCommand for pipeline:PipelineID=f7298cde-bae2-4f16-aa73-cfe66e6c93f0 to datanode:90b5d626-740c-4e6b-9ad1-03df535f3e79
2023-02-17 01:32:19,413 [RatisPipelineUtilsThread - 0] INFO  pipeline.RatisPipelineProvider (RatisPipelineProvider.java:lambda$create$0(206)) - Sending CreatePipelineCommand for pipeline:PipelineID=f7298cde-bae2-4f16-aa73-cfe66e6c93f0 to datanode:9f9ca560-66e6-43f3-a3dc-218554c09834
2023-02-17 01:32:19,413 [RatisPipelineUtilsThread - 0] INFO  pipeline.RatisPipelineProvider (RatisPipelineProvider.java:lambda$create$0(206)) - Sending CreatePipelineCommand for pipeline:PipelineID=f7298cde-bae2-4f16-aa73-cfe66e6c93f0 to datanode:b2981eac-b4c3-4266-a3be-ebd453a2e2b7
2023-02-17 01:32:19,416 [RatisPipelineUtilsThread - 0] INFO  pipeline.PipelineStateManagerImpl (PipelineStateManagerImpl.java:addPipeline(103)) - Created pipeline Pipeline[ Id: f7298cde-bae2-4f16-aa73-cfe66e6c93f0, Nodes: 90b5d626-740c-4e6b-9ad1-03df535f3e79(fv-az249-264.ubt5suc3ufjutoeqyo4zsso0he.gx.internal.cloudapp.net/10.1.0.190)9f9ca560-66e6-43f3-a3dc-218554c09834(fv-az249-264.ubt5suc3ufjutoeqyo4zsso0he.gx.internal.cloudapp.net/10.1.0.190)b2981eac-b4c3-4266-a3be-ebd453a2e2b7(fv-az249-264.ubt5suc3ufjutoeqyo4zsso0he.gx.internal.cloudapp.net/10.1.0.190), ReplicationConfig: RATIS/THREE, State:ALLOCATED, leaderId:, CreationTimestamp2023-02-17T01:32:19.412Z[Etc/UTC]].
2023-02-17 01:32:19,416 [RatisPipelineUtilsThread - 0] INFO  pipeline.PipelineManagerImpl (PipelineManagerImpl.java:recordMetricsForPipeline(826)) - Pipeline: PipelineID=f7298cde-bae2-4f16-aa73-cfe66e6c93f0 contains same datanodes as previous pipelines: PipelineID=e9959d7e-43ed-40c8-b667-a234537c4734 nodeIds: 90b5d626-740c-4e6b-9ad1-03df535f3e79, 9f9ca560-66e6-43f3-a3dc-218554c09834, b2981eac-b4c3-4266-a3be-ebd453a2e2b7
2023-02-17 01:32:19,419 [RatisPipelineUtilsThread - 0] WARN  pipeline.PipelinePlacementPolicy (PipelinePlacementPolicy.java:filterViableNodes(158)) - Pipeline creation failed due to no sufficient healthy datanodes. Required 3. Found 0.
2023-02-17 01:32:19,421 [RatisPipelineUtilsThread - 0] WARN  pipeline.PipelinePlacementPolicy (PipelinePlacementPolicy.java:filterViableNodes(158)) - Pipeline creation failed due to no sufficient healthy datanodes. Required 3. Found 0.
2023-02-17 01:32:19,831 [IPC Server handler 1 on default port 38871] INFO  net.NetworkTopologyImpl (NetworkTopologyImpl.java:add(112)) - Added a new node: /default-rack/d782bd41-882b-47e1-953e-397b7991c8ca
2023-02-17 01:32:19,831 [IPC Server handler 1 on default port 38871] INFO  node.SCMNodeManager (SCMNodeManager.java:register(397)) - Registered Data node : d782bd41-882b-47e1-953e-397b7991c8ca{ip: 10.1.0.190, host: fv-az249-264.ubt5suc3ufjutoeqyo4zsso0he.gx.internal.cloudapp.net, ports: [REPLICATION=41049, RATIS=41127, RATIS_ADMIN=41127, RATIS_SERVER=41127, RATIS_DATASTREAM=45055, STANDALONE=35147], networkLocation: /default-rack, certSerialId: null, persistedOpState: null, persistedOpStateExpiryEpochSec: 0}
2023-02-17 01:32:19,832 [EventQueue-NewNodeForNewNodeHandler] INFO  pipeline.BackgroundPipelineCreator (BackgroundPipelineCreator.java:notifyEventTriggered(276)) - trigger a one-shot run on RatisPipelineUtilsThread.
2023-02-17 01:32:19,833 [RatisPipelineUtilsThread - 0] INFO  pipeline.RatisPipelineProvider (RatisPipelineProvider.java:lambda$create$0(206)) - Sending CreatePipelineCommand for pipeline:PipelineID=21facdcc-e714-40c9-ba84-ef535f42268b to datanode:d782bd41-882b-47e1-953e-397b7991c8ca
2023-02-17 01:32:19,834 [RatisPipelineUtilsThread - 0] INFO  pipeline.PipelineStateManagerImpl (PipelineStateManagerImpl.java:addPipeline(103)) - Created pipeline Pipeline[ Id: 21facdcc-e714-40c9-ba84-ef535f42268b, Nodes: d782bd41-882b-47e1-953e-397b7991c8ca(fv-az249-264.ubt5suc3ufjutoeqyo4zsso0he.gx.internal.cloudapp.net/10.1.0.190), ReplicationConfig: RATIS/ONE, State:ALLOCATED, leaderId:, CreationTimestamp2023-02-17T01:32:19.832Z[Etc/UTC]].
2023-02-17 01:32:19,834 [RatisPipelineUtilsThread - 0] WARN  pipeline.PipelinePlacementPolicy (PipelinePlacementPolicy.java:filterViableNodes(158)) - Pipeline creation failed due to no sufficient healthy datanodes. Required 3. Found 1.
2023-02-17 01:32:20,187 [Listener at 127.0.0.1/36463] INFO  ozone.MiniOzoneClusterImpl (MiniOzoneClusterImpl.java:lambda$waitForClusterToBeReady$0(218)) - Waiting for nodes to be ready. Got 4 of 5 DN Heartbeats.
2023-02-17 01:32:20,187 [Listener at 127.0.0.1/36463] INFO  ozone.MiniOzoneClusterImpl (MiniOzoneClusterImpl.java:lambda$waitForClusterToBeReady$0(221)) - Waiting for cluster to exit safe mode
2023-02-17 01:32:20,187 [Listener at 127.0.0.1/36463] INFO  ozone.MiniOzoneClusterImpl (MiniOzoneClusterImpl.java:lambda$waitForClusterToBeReady$0(223)) - SCM became leader
2023-02-17 01:32:20,200 [IPC Server handler 4 on default port 38871] INFO  net.NetworkTopologyImpl (NetworkTopologyImpl.java:add(112)) - Added a new node: /default-rack/b89e5d3c-4eef-45e0-ba5c-9f890042010d
2023-02-17 01:32:20,200 [IPC Server handler 4 on default port 38871] INFO  node.SCMNodeManager (SCMNodeManager.java:register(397)) - Registered Data node : b89e5d3c-4eef-45e0-ba5c-9f890042010d{ip: 10.1.0.190, host: fv-az249-264.ubt5suc3ufjutoeqyo4zsso0he.gx.internal.cloudapp.net, ports: [REPLICATION=38135, RATIS=40109, RATIS_ADMIN=40109, RATIS_SERVER=40109, RATIS_DATASTREAM=42187, STANDALONE=38771], networkLocation: /default-rack, certSerialId: null, persistedOpState: null, persistedOpStateExpiryEpochSec: 0}
2023-02-17 01:32:20,201 [EventQueue-NewNodeForNewNodeHandler] INFO  pipeline.BackgroundPipelineCreator (BackgroundPipelineCreator.java:notifyEventTriggered(276)) - trigger a one-shot run on RatisPipelineUtilsThread.
2023-02-17 01:32:20,201 [RatisPipelineUtilsThread - 0] INFO  pipeline.RatisPipelineProvider (RatisPipelineProvider.java:lambda$create$0(206)) - Sending CreatePipelineCommand for pipeline:PipelineID=b6590e57-44cc-4d3c-a429-574030753ae2 to datanode:b89e5d3c-4eef-45e0-ba5c-9f890042010d
2023-02-17 01:32:20,202 [RatisPipelineUtilsThread - 0] INFO  pipeline.PipelineStateManagerImpl (PipelineStateManagerImpl.java:addPipeline(103)) - Created pipeline Pipeline[ Id: b6590e57-44cc-4d3c-a429-574030753ae2, Nodes: b89e5d3c-4eef-45e0-ba5c-9f890042010d(fv-az249-264.ubt5suc3ufjutoeqyo4zsso0he.gx.internal.cloudapp.net/10.1.0.190), ReplicationConfig: RATIS/ONE, State:ALLOCATED, leaderId:, CreationTimestamp2023-02-17T01:32:20.201Z[Etc/UTC]].
2023-02-17 01:32:20,203 [RatisPipelineUtilsThread - 0] WARN  pipeline.PipelinePlacementPolicy (PipelinePlacementPolicy.java:filterViableNodes(158)) - Pipeline creation failed due to no sufficient healthy datanodes. Required 3. Found 2.
2023-02-17 01:32:21,187 [Listener at 127.0.0.1/36463] INFO  ozone.MiniOzoneClusterImpl (MiniOzoneClusterImpl.java:lambda$waitForClusterToBeReady$0(218)) - Nodes are ready. Got 5 of 5 DN Heartbeats.
2023-02-17 01:32:21,188 [Listener at 127.0.0.1/36463] INFO  ozone.MiniOzoneClusterImpl (MiniOzoneClusterImpl.java:lambda$waitForClusterToBeReady$0(221)) - Waiting for cluster to exit safe mode
2023-02-17 01:32:21,188 [Listener at 127.0.0.1/36463] INFO  ozone.MiniOzoneClusterImpl (MiniOzoneClusterImpl.java:lambda$waitForClusterToBeReady$0(223)) - SCM became leader
2023-02-17 01:32:21,373 [Command processor thread] INFO  server.RaftServer (RaftServerProxy.java:addNew(96)) - b2981eac-b4c3-4266-a3be-ebd453a2e2b7: addNew group-B44390472305:[b2981eac-b4c3-4266-a3be-ebd453a2e2b7|rpc:10.1.0.190:40169|dataStream:10.1.0.190:41231|priority:1|startupRole:FOLLOWER] returns group-B44390472305:java.util.concurrent.CompletableFuture@6accafe5[Not completed]
2023-02-17 01:32:21,382 [pool-73-thread-1] INFO  server.RaftServer$Division (RaftServerImpl.java:<init>(195)) - b2981eac-b4c3-4266-a3be-ebd453a2e2b7: new RaftServerImpl for group-B44390472305:[b2981eac-b4c3-4266-a3be-ebd453a2e2b7|rpc:10.1.0.190:40169|dataStream:10.1.0.190:41231|priority:1|startupRole:FOLLOWER] with ContainerStateMachine:uninitialized
2023-02-17 01:32:21,382 [pool-73-thread-1] INFO  server.RaftServerConfigKeys (ConfUtils.java:logGet(46)) - raft.server.rpc.timeout.min = 5s (custom)
2023-02-17 01:32:21,382 [pool-73-thread-1] INFO  server.RaftServerConfigKeys (ConfUtils.java:logGet(46)) - raft.server.rpc.timeout.max = 5200ms (custom)
2023-02-17 01:32:21,382 [pool-73-thread-1] INFO  server.RaftServerConfigKeys (ConfUtils.java:logGet(46)) - raft.server.rpc.sleep.time = 25ms (default)
2023-02-17 01:32:21,382 [pool-73-thread-1] INFO  server.RaftServerConfigKeys (ConfUtils.java:logGet(46)) - raft.server.rpc.slowness.timeout = 300000ms (custom)
2023-02-17 01:32:21,382 [pool-73-thread-1] INFO  server.RaftServerConfigKeys (ConfUtils.java:logGet(46)) - raft.server.leaderelection.leader.step-down.wait-time = 10s (default)
2023-02-17 01:32:21,382 [pool-73-thread-1] INFO  server.RaftServerConfigKeys (ConfUtils.java:logGet(46)) - raft.server.sleep.deviation.threshold = 300ms (default)
2023-02-17 01:32:21,383 [pool-73-thread-1] INFO  server.RaftServer$Division (ServerState.java:<init>(118)) - b2981eac-b4c3-4266-a3be-ebd453a2e2b7@group-B44390472305: ConfigurationManager, init=-1: peers:[b2981eac-b4c3-4266-a3be-ebd453a2e2b7|rpc:10.1.0.190:40169|dataStream:10.1.0.190:41231|priority:1|startupRole:FOLLOWER]|listeners:[], old=null, confs=<EMPTY_MAP>
2023-02-17 01:32:21,383 [pool-73-thread-1] INFO  server.RaftServerConfigKeys (ConfUtils.java:logGet(46)) - raft.server.storage.dir = [/home/runner/work/ozone/ozone/hadoop-ozone/integration-test/target/test-dir/MiniOzoneClusterImpl-699c85d0-1a2e-49ef-96e2-8d5cf650a041/datanode-0/data/ratis] (custom)
2023-02-17 01:32:21,383 [pool-73-thread-1] INFO  server.RaftServerConfigKeys (ConfUtils.java:logGet(46)) - raft.server.log.corruption.policy = EXCEPTION (default)
2023-02-17 01:32:21,383 [pool-73-thread-1] INFO  server.RaftServerConfigKeys (ConfUtils.java:logGet(46)) - raft.server.storage.free-space.min = 0MB (=0) (default)
2023-02-17 01:32:21,383 [pool-73-thread-1] INFO  server.RaftServerConfigKeys (ConfUtils.java:logGet(46)) - raft.server.notification.no-leader.timeout = 300000ms (custom)
2023-02-17 01:32:21,383 [pool-73-thread-1] INFO  server.RaftServerConfigKeys (ConfUtils.java:logGet(46)) - raft.server.retrycache.expirytime = 600000ms (custom)
2023-02-17 01:32:21,383 [pool-73-thread-1] INFO  server.RaftServerConfigKeys (ConfUtils.java:logGet(46)) - raft.server.retrycache.statistics.expirytime = 100μs (default)
2023-02-17 01:32:21,385 [pool-73-thread-1] INFO  server.RaftServerConfigKeys (ConfUtils.java:logGet(46)) - raft.server.log.appender.install.snapshot.enabled = false (custom)
2023-02-17 01:32:21,386 [pool-73-thread-1] INFO  server.RaftServerConfigKeys (ConfUtils.java:logGet(46)) - raft.server.threadpool.server.cached = true (default)
2023-02-17 01:32:21,386 [pool-73-thread-1] INFO  server.RaftServerConfigKeys (ConfUtils.java:logGet(46)) - raft.server.threadpool.server.size = 0 (default)
2023-02-17 01:32:21,386 [pool-73-thread-1] INFO  server.RaftServerConfigKeys (ConfUtils.java:logGet(46)) - raft.server.threadpool.client.cached = true (default)
2023-02-17 01:32:21,386 [pool-73-thread-1] INFO  server.RaftServerConfigKeys (ConfUtils.java:logGet(46)) - raft.server.threadpool.client.size = 0 (default)
2023-02-17 01:32:21,386 [pool-73-thread-1] INFO  storage.RaftStorageDirectory (RaftStorageDirectoryImpl.java:analyzeStorage(137)) - The storage directory /home/runner/work/ozone/ozone/hadoop-ozone/integration-test/target/test-dir/MiniOzoneClusterImpl-699c85d0-1a2e-49ef-96e2-8d5cf650a041/datanode-0/data/ratis/7da80e71-5aa3-4f50-bf40-b44390472305 does not exist. Creating ...
2023-02-17 01:32:21,389 [pool-73-thread-1] INFO  storage.RaftStorageDirectory (RaftStorageDirectoryImpl.java:tryLock(231)) - Lock on /home/runner/work/ozone/ozone/hadoop-ozone/integration-test/target/test-dir/MiniOzoneClusterImpl-699c85d0-1a2e-49ef-96e2-8d5cf650a041/datanode-0/data/ratis/7da80e71-5aa3-4f50-bf40-b44390472305/in_use.lock acquired by nodename 65990@fv-az249-264
2023-02-17 01:32:21,390 [pool-73-thread-1] INFO  storage.RaftStorage (RaftStorageImpl.java:format(96)) - Storage directory /home/runner/work/ozone/ozone/hadoop-ozone/integration-test/target/test-dir/MiniOzoneClusterImpl-699c85d0-1a2e-49ef-96e2-8d5cf650a041/datanode-0/data/ratis/7da80e71-5aa3-4f50-bf40-b44390472305 has been successfully formatted.
2023-02-17 01:32:21,395 [pool-73-thread-1] INFO  ratis.ContainerStateMachine (ContainerStateMachine.java:loadSnapshot(240)) - group-B44390472305: The snapshot info is null. Setting the last applied indexto:(t:0, i:~)
2023-02-17 01:32:21,396 [pool-73-thread-1] INFO  server.RaftServerConfigKeys (ConfUtils.java:logGet(46)) - raft.server.log.use.memory = false (default)
2023-02-17 01:32:21,396 [pool-73-thread-1] INFO  server.RaftServerConfigKeys (ConfUtils.java:logGet(46)) - raft.server.log.purge.gap = 1000000 (custom)
2023-02-17 01:32:21,396 [pool-73-thread-1] INFO  server.RaftServerConfigKeys (ConfUtils.java:logGet(46)) - raft.server.log.appender.buffer.byte-limit = 33554432 (custom)
2023-02-17 01:32:21,396 [pool-73-thread-1] INFO  server.RaftServerConfigKeys (ConfUtils.java:logGet(46)) - raft.server.log.statemachine.data.read.timeout = 1000ms (default)
2023-02-17 01:32:21,396 [pool-73-thread-1] INFO  server.RaftServerConfigKeys (ConfUtils.java:logGet(46)) - raft.server.log.purge.preservation.log.num = 0 (default)
2023-02-17 01:32:21,396 [pool-73-thread-1] INFO  server.RaftServerConfigKeys (ConfUtils.java:logGet(46)) - raft.server.log.segment.size.max = 1048576 (custom)
2023-02-17 01:32:21,397 [pool-73-thread-1] INFO  server.RaftServerConfigKeys (ConfUtils.java:logGet(46)) - raft.server.log.segment.cache.num.max = 2 (custom)
2023-02-17 01:32:21,397 [pool-73-thread-1] INFO  server.RaftServerConfigKeys (ConfUtils.java:logGet(46)) - raft.server.log.segment.cache.size.max = 200MB (=209715200) (default)
2023-02-17 01:32:21,397 [pool-73-thread-1] INFO  segmented.SegmentedRaftLogWorker (SegmentedRaftLogWorker.java:<init>(189)) - new b2981eac-b4c3-4266-a3be-ebd453a2e2b7@group-B44390472305-SegmentedRaftLogWorker for RaftStorageImpl:Storage Directory /home/runner/work/ozone/ozone/hadoop-ozone/integration-test/target/test-dir/MiniOzoneClusterImpl-699c85d0-1a2e-49ef-96e2-8d5cf650a041/datanode-0/data/ratis/7da80e71-5aa3-4f50-bf40-b44390472305
2023-02-17 01:32:21,397 [pool-73-thread-1] INFO  server.RaftServerConfigKeys (ConfUtils.java:logGet(46)) - raft.server.log.queue.byte-limit = 4294967296 (custom)
2023-02-17 01:32:21,397 [pool-73-thread-1] INFO  server.RaftServerConfigKeys (ConfUtils.java:logGet(46)) - raft.server.log.queue.element-limit = 1024 (custom)
2023-02-17 01:32:21,397 [pool-73-thread-1] INFO  server.RaftServerConfigKeys (ConfUtils.java:logGet(46)) - raft.server.log.segment.size.max = 1048576 (custom)
2023-02-17 01:32:21,397 [pool-73-thread-1] INFO  server.RaftServerConfigKeys (ConfUtils.java:logGet(46)) - raft.server.log.preallocated.size = 16384 (custom)
2023-02-17 01:32:21,397 [pool-73-thread-1] INFO  server.RaftServerConfigKeys (ConfUtils.java:logGet(46)) - raft.server.log.force.sync.num = 128 (default)
2023-02-17 01:32:21,397 [pool-73-thread-1] INFO  server.RaftServerConfigKeys (ConfUtils.java:logGet(46)) - raft.server.log.statemachine.data.sync = true (default)
2023-02-17 01:32:21,397 [pool-73-thread-1] INFO  server.RaftServerConfigKeys (ConfUtils.java:logGet(46)) - raft.server.log.statemachine.data.sync.timeout = 10s (default)
2023-02-17 01:32:21,398 [pool-73-thread-1] INFO  server.RaftServerConfigKeys (ConfUtils.java:logGet(46)) - raft.server.log.statemachine.data.sync.timeout.retry = -1 (default)
2023-02-17 01:32:21,404 [pool-73-thread-1] INFO  server.RaftServerConfigKeys (ConfUtils.java:logGet(46)) - raft.server.log.write.buffer.size = 1048576 (custom)
2023-02-17 01:32:21,404 [pool-73-thread-1] INFO  server.RaftServerConfigKeys (ConfUtils.java:logGet(46)) - raft.server.log.appender.buffer.byte-limit = 33554432 (custom)
2023-02-17 01:32:21,415 [pool-73-thread-1] INFO  server.RaftServerConfigKeys (ConfUtils.java:logGet(46)) - raft.server.log.unsafe-flush.enabled = false (default)
2023-02-17 01:32:21,415 [pool-73-thread-1] INFO  server.RaftServerConfigKeys (ConfUtils.java:logGet(46)) - raft.server.log.async-flush.enabled = false (default)
2023-02-17 01:32:21,415 [pool-73-thread-1] INFO  server.RaftServerConfigKeys (ConfUtils.java:logGet(46)) - raft.server.log.statemachine.data.caching.enabled = true (custom)
2023-02-17 01:32:21,416 [pool-73-thread-1] INFO  segmented.SegmentedRaftLogWorker (SegmentedRaftLogWorker.java:lambda$new$0(135)) - b2981eac-b4c3-4266-a3be-ebd453a2e2b7@group-B44390472305-SegmentedRaftLogWorker: flushIndex: setUnconditionally 0 -> -1
2023-02-17 01:32:21,416 [pool-73-thread-1] INFO  segmented.SegmentedRaftLogWorker (SegmentedRaftLogWorker.java:lambda$new$0(135)) - b2981eac-b4c3-4266-a3be-ebd453a2e2b7@group-B44390472305-SegmentedRaftLogWorker: safeCacheEvictIndex: setUnconditionally 0 -> -1
2023-02-17 01:32:21,422 [pool-73-thread-1] INFO  server.RaftServer$Division (RaftServerImpl.java:start(334)) - b2981eac-b4c3-4266-a3be-ebd453a2e2b7@group-B44390472305: start as a follower, conf=-1: peers:[b2981eac-b4c3-4266-a3be-ebd453a2e2b7|rpc:10.1.0.190:40169|dataStream:10.1.0.190:41231|priority:1|startupRole:FOLLOWER]|listeners:[], old=null
2023-02-17 01:32:21,422 [pool-73-thread-1] INFO  server.RaftServer$Division (RaftServerImpl.java:setRole(321)) - b2981eac-b4c3-4266-a3be-ebd453a2e2b7@group-B44390472305: changes role from      null to FOLLOWER at term 0 for startAsFollower
2023-02-17 01:32:21,422 [pool-73-thread-1] INFO  impl.RoleInfo (RoleInfo.java:updateAndGet(139)) - b2981eac-b4c3-4266-a3be-ebd453a2e2b7: start b2981eac-b4c3-4266-a3be-ebd453a2e2b7@group-B44390472305-FollowerState
2023-02-17 01:32:21,424 [EventQueue-PipelineReportForPipelineReportHandler] INFO  pipeline.PipelineManagerImpl (PipelineManagerImpl.java:openPipeline(367)) - Pipeline Pipeline[ Id: 7da80e71-5aa3-4f50-bf40-b44390472305, Nodes: b2981eac-b4c3-4266-a3be-ebd453a2e2b7(fv-az249-264.ubt5suc3ufjutoeqyo4zsso0he.gx.internal.cloudapp.net/10.1.0.190), ReplicationConfig: RATIS/ONE, State:ALLOCATED, leaderId:b2981eac-b4c3-4266-a3be-ebd453a2e2b7, CreationTimestamp2023-02-17T01:32:18.396Z[Etc/UTC]] moved to OPEN state
2023-02-17 01:32:21,425 [pool-73-thread-1] INFO  util.JmxRegister (JmxRegister.java:tryRegister(44)) - Successfully registered JMX Bean with object name Ratis:service=RaftServer,group=group-B44390472305,id=b2981eac-b4c3-4266-a3be-ebd453a2e2b7
2023-02-17 01:32:21,425 [pool-73-thread-1] INFO  server.RaftServerConfigKeys (ConfUtils.java:logGet(46)) - raft.server.snapshot.auto.trigger.enabled = true (custom)
2023-02-17 01:32:21,425 [pool-73-thread-1] INFO  server.RaftServerConfigKeys (ConfUtils.java:logGet(46)) - raft.server.snapshot.auto.trigger.threshold = 10000 (custom)
2023-02-17 01:32:21,425 [pool-73-thread-1] INFO  server.RaftServerConfigKeys (ConfUtils.java:logGet(46)) - raft.server.snapshot.retention.file.num = 5 (custom)
2023-02-17 01:32:21,425 [pool-73-thread-1] INFO  server.RaftServerConfigKeys (ConfUtils.java:logGet(46)) - raft.server.log.purge.upto.snapshot.index = false (default)
2023-02-17 01:32:21,430 [EventQueue-OpenPipelineForHealthyPipelineSafeModeRule] INFO  safemode.SCMSafeModeManager (HealthyPipelineSafeModeRule.java:process(137)) - SCM in safe mode. Healthy pipelines reported count is 0, required healthy pipeline reported count is 1
2023-02-17 01:32:21,437 [b2981eac-b4c3-4266-a3be-ebd453a2e2b7@group-B44390472305-FollowerState] INFO  server.RaftServerConfigKeys (ConfUtils.java:logFallback(53)) - raft.server.rpc.first-election.timeout.min = 5s (fallback to raft.server.rpc.timeout.min)
2023-02-17 01:32:21,437 [b2981eac-b4c3-4266-a3be-ebd453a2e2b7@group-B44390472305-FollowerState] INFO  server.RaftServerConfigKeys (ConfUtils.java:logFallback(53)) - raft.server.rpc.first-election.timeout.max = 5200ms (fallback to raft.server.rpc.timeout.max)
2023-02-17 01:32:21,440 [Command processor thread] INFO  ratis.XceiverServerRatis (XceiverServerRatis.java:addGroup(807)) - Created group PipelineID=7da80e71-5aa3-4f50-bf40-b44390472305
2023-02-17 01:32:21,440 [Command processor thread] INFO  commandhandler.CreatePipelineCommandHandler (CreatePipelineCommandHandler.java:handle(113)) - Created Pipeline RATIS ONE PipelineID=7da80e71-5aa3-4f50-bf40-b44390472305.
2023-02-17 01:32:21,441 [Command processor thread] INFO  server.RaftServer (RaftServerProxy.java:addNew(96)) - b2981eac-b4c3-4266-a3be-ebd453a2e2b7: addNew group-A234537C4734:[90b5d626-740c-4e6b-9ad1-03df535f3e79|rpc:10.1.0.190:44941|dataStream:10.1.0.190:41071|priority:0|startupRole:FOLLOWER, 9f9ca560-66e6-43f3-a3dc-218554c09834|rpc:10.1.0.190:35607|dataStream:10.1.0.190:34715|priority:1|startupRole:FOLLOWER, b2981eac-b4c3-4266-a3be-ebd453a2e2b7|rpc:10.1.0.190:40169|dataStream:10.1.0.190:41231|priority:0|startupRole:FOLLOWER] returns group-A234537C4734:java.util.concurrent.CompletableFuture@57d6f9f8[Not completed]
2023-02-17 01:32:21,449 [pool-73-thread-1] INFO  server.RaftServer$Division (RaftServerImpl.java:<init>(195)) - b2981eac-b4c3-4266-a3be-ebd453a2e2b7: new RaftServerImpl for group-A234537C4734:[90b5d626-740c-4e6b-9ad1-03df535f3e79|rpc:10.1.0.190:44941|dataStream:10.1.0.190:41071|priority:0|startupRole:FOLLOWER, 9f9ca560-66e6-43f3-a3dc-218554c09834|rpc:10.1.0.190:35607|dataStream:10.1.0.190:34715|priority:1|startupRole:FOLLOWER, b2981eac-b4c3-4266-a3be-ebd453a2e2b7|rpc:10.1.0.190:40169|dataStream:10.1.0.190:41231|priority:0|startupRole:FOLLOWER] with ContainerStateMachine:uninitialized
2023-02-17 01:32:21,449 [pool-73-thread-1] INFO  server.RaftServerConfigKeys (ConfUtils.java:logGet(46)) - raft.server.rpc.timeout.min = 5s (custom)
2023-02-17 01:32:21,449 [pool-73-thread-1] INFO  server.RaftServerConfigKeys (ConfUtils.java:logGet(46)) - raft.server.rpc.timeout.max = 5200ms (custom)
2023-02-17 01:32:21,449 [pool-73-thread-1] INFO  server.RaftServerConfigKeys (ConfUtils.java:logGet(46)) - raft.server.rpc.sleep.time = 25ms (default)
2023-02-17 01:32:21,449 [pool-73-thread-1] INFO  server.RaftServerConfigKeys (ConfUtils.java:logGet(46)) - raft.server.rpc.slowness.timeout = 300000ms (custom)
2023-02-17 01:32:21,449 [pool-73-thread-1] INFO  server.RaftServerConfigKeys (ConfUtils.java:logGet(46)) - raft.server.leaderelection.leader.step-down.wait-time = 10s (default)
2023-02-17 01:32:21,449 [pool-73-thread-1] INFO  server.RaftServerConfigKeys (ConfUtils.java:logGet(46)) - raft.server.sleep.deviation.threshold = 300ms (default)
2023-02-17 01:32:21,449 [pool-73-thread-1] INFO  server.RaftServer$Division (ServerState.java:<init>(118)) - b2981eac-b4c3-4266-a3be-ebd453a2e2b7@group-A234537C4734: ConfigurationManager, init=-1: peers:[90b5d626-740c-4e6b-9ad1-03df535f3e79|rpc:10.1.0.190:44941|dataStream:10.1.0.190:41071|priority:0|startupRole:FOLLOWER, 9f9ca560-66e6-43f3-a3dc-218554c09834|rpc:10.1.0.190:35607|dataStream:10.1.0.190:34715|priority:1|startupRole:FOLLOWER, b2981eac-b4c3-4266-a3be-ebd453a2e2b7|rpc:10.1.0.190:40169|dataStream:10.1.0.190:41231|priority:0|startupRole:FOLLOWER]|listeners:[], old=null, confs=<EMPTY_MAP>
2023-02-17 01:32:21,449 [pool-73-thread-1] INFO  server.RaftServerConfigKeys (ConfUtils.java:logGet(46)) - raft.server.storage.dir = [/home/runner/work/ozone/ozone/hadoop-ozone/integration-test/target/test-dir/MiniOzoneClusterImpl-699c85d0-1a2e-49ef-96e2-8d5cf650a041/datanode-0/data/ratis] (custom)
2023-02-17 01:32:21,451 [pool-73-thread-1] INFO  server.RaftServerConfigKeys (ConfUtils.java:logGet(46)) - raft.server.log.corruption.policy = EXCEPTION (default)
2023-02-17 01:32:21,451 [pool-73-thread-1] INFO  server.RaftServerConfigKeys (ConfUtils.java:logGet(46)) - raft.server.storage.free-space.min = 0MB (=0) (default)
2023-02-17 01:32:21,451 [pool-73-thread-1] INFO  server.RaftServerConfigKeys (ConfUtils.java:logGet(46)) - raft.server.notification.no-leader.timeout = 300000ms (custom)
2023-02-17 01:32:21,451 [pool-73-thread-1] INFO  server.RaftServerConfigKeys (ConfUtils.java:logGet(46)) - raft.server.retrycache.expirytime = 600000ms (custom)
2023-02-17 01:32:21,451 [pool-73-thread-1] INFO  server.RaftServerConfigKeys (ConfUtils.java:logGet(46)) - raft.server.retrycache.statistics.expirytime = 100μs (default)
2023-02-17 01:32:21,456 [pool-73-thread-1] INFO  server.RaftServerConfigKeys (ConfUtils.java:logGet(46)) - raft.server.log.appender.install.snapshot.enabled = false (custom)
2023-02-17 01:32:21,456 [pool-73-thread-1] INFO  server.RaftServerConfigKeys (ConfUtils.java:logGet(46)) - raft.server.threadpool.server.cached = true (default)
2023-02-17 01:32:21,456 [pool-73-thread-1] INFO  server.RaftServerConfigKeys (ConfUtils.java:logGet(46)) - raft.server.threadpool.server.size = 0 (default)
2023-02-17 01:32:21,456 [pool-73-thread-1] INFO  server.RaftServerConfigKeys (ConfUtils.java:logGet(46)) - raft.server.threadpool.client.cached = true (default)
2023-02-17 01:32:21,456 [pool-73-thread-1] INFO  server.RaftServerConfigKeys (ConfUtils.java:logGet(46)) - raft.server.threadpool.client.size = 0 (default)
2023-02-17 01:32:21,457 [pool-73-thread-1] INFO  storage.RaftStorageDirectory (RaftStorageDirectoryImpl.java:analyzeStorage(137)) - The storage directory /home/runner/work/ozone/ozone/hadoop-ozone/integration-test/target/test-dir/MiniOzoneClusterImpl-699c85d0-1a2e-49ef-96e2-8d5cf650a041/datanode-0/data/ratis/e9959d7e-43ed-40c8-b667-a234537c4734 does not exist. Creating ...
2023-02-17 01:32:21,459 [pool-73-thread-1] INFO  storage.RaftStorageDirectory (RaftStorageDirectoryImpl.java:tryLock(231)) - Lock on /home/runner/work/ozone/ozone/hadoop-ozone/integration-test/target/test-dir/MiniOzoneClusterImpl-699c85d0-1a2e-49ef-96e2-8d5cf650a041/datanode-0/data/ratis/e9959d7e-43ed-40c8-b667-a234537c4734/in_use.lock acquired by nodename 65990@fv-az249-264
2023-02-17 01:32:21,460 [pool-73-thread-1] INFO  storage.RaftStorage (RaftStorageImpl.java:format(96)) - Storage directory /home/runner/work/ozone/ozone/hadoop-ozone/integration-test/target/test-dir/MiniOzoneClusterImpl-699c85d0-1a2e-49ef-96e2-8d5cf650a041/datanode-0/data/ratis/e9959d7e-43ed-40c8-b667-a234537c4734 has been successfully formatted.
2023-02-17 01:32:21,466 [pool-73-thread-1] INFO  ratis.ContainerStateMachine (ContainerStateMachine.java:loadSnapshot(240)) - group-A234537C4734: The snapshot info is null. Setting the last applied indexto:(t:0, i:~)
2023-02-17 01:32:21,466 [pool-73-thread-1] INFO  server.RaftServerConfigKeys (ConfUtils.java:logGet(46)) - raft.server.log.use.memory = false (default)
2023-02-17 01:32:21,466 [pool-73-thread-1] INFO  server.RaftServerConfigKeys (ConfUtils.java:logGet(46)) - raft.server.log.purge.gap = 1000000 (custom)
2023-02-17 01:32:21,467 [EventQueue-OpenPipelineForHealthyPipelineSafeModeRule] INFO  safemode.SCMSafeModeManager (HealthyPipelineSafeModeRule.java:process(137)) - SCM in safe mode. Healthy pipelines reported count is 0, required healthy pipeline reported count is 1
2023-02-17 01:32:21,474 [pool-73-thread-1] INFO  server.RaftServerConfigKeys (ConfUtils.java:logGet(46)) - raft.server.log.appender.buffer.byte-limit = 33554432 (custom)
2023-02-17 01:32:21,474 [pool-73-thread-1] INFO  server.RaftServerConfigKeys (ConfUtils.java:logGet(46)) - raft.server.log.statemachine.data.read.timeout = 1000ms (default)
2023-02-17 01:32:21,474 [pool-73-thread-1] INFO  server.RaftServerConfigKeys (ConfUtils.java:logGet(46)) - raft.server.log.purge.preservation.log.num = 0 (default)
2023-02-17 01:32:21,474 [pool-73-thread-1] INFO  server.RaftServerConfigKeys (ConfUtils.java:logGet(46)) - raft.server.log.segment.size.max = 1048576 (custom)
2023-02-17 01:32:21,475 [pool-73-thread-1] INFO  server.RaftServerConfigKeys (ConfUtils.java:logGet(46)) - raft.server.log.segment.cache.num.max = 2 (custom)
2023-02-17 01:32:21,475 [pool-73-thread-1] INFO  server.RaftServerConfigKeys (ConfUtils.java:logGet(46)) - raft.server.log.segment.cache.size.max = 200MB (=209715200) (default)
2023-02-17 01:32:21,475 [pool-73-thread-1] INFO  segmented.SegmentedRaftLogWorker (SegmentedRaftLogWorker.java:<init>(189)) - new b2981eac-b4c3-4266-a3be-ebd453a2e2b7@group-A234537C4734-SegmentedRaftLogWorker for RaftStorageImpl:Storage Directory /home/runner/work/ozone/ozone/hadoop-ozone/integration-test/target/test-dir/MiniOzoneClusterImpl-699c85d0-1a2e-49ef-96e2-8d5cf650a041/datanode-0/data/ratis/e9959d7e-43ed-40c8-b667-a234537c4734
2023-02-17 01:32:21,475 [pool-73-thread-1] INFO  server.RaftServerConfigKeys (ConfUtils.java:logGet(46)) - raft.server.log.queue.byte-limit = 4294967296 (custom)
2023-02-17 01:32:21,475 [pool-73-thread-1] INFO  server.RaftServerConfigKeys (ConfUtils.java:logGet(46)) - raft.server.log.queue.element-limit = 1024 (custom)
2023-02-17 01:32:21,475 [pool-73-thread-1] INFO  server.RaftServerConfigKeys (ConfUtils.java:logGet(46)) - raft.server.log.segment.size.max = 1048576 (custom)
2023-02-17 01:32:21,475 [pool-73-thread-1] INFO  server.RaftServerConfigKeys (ConfUtils.java:logGet(46)) - raft.server.log.preallocated.size = 16384 (custom)
2023-02-17 01:32:21,475 [pool-73-thread-1] INFO  server.RaftServerConfigKeys (ConfUtils.java:logGet(46)) - raft.server.log.force.sync.num = 128 (default)
2023-02-17 01:32:21,475 [pool-73-thread-1] INFO  server.RaftServerConfigKeys (ConfUtils.java:logGet(46)) - raft.server.log.statemachine.data.sync = true (default)
2023-02-17 01:32:21,475 [pool-73-thread-1] INFO  server.RaftServerConfigKeys (ConfUtils.java:logGet(46)) - raft.server.log.statemachine.data.sync.timeout = 10s (default)
2023-02-17 01:32:21,475 [pool-73-thread-1] INFO  server.RaftServerConfigKeys (ConfUtils.java:logGet(46)) - raft.server.log.statemachine.data.sync.timeout.retry = -1 (default)
2023-02-17 01:32:21,477 [pool-73-thread-1] INFO  server.RaftServerConfigKeys (ConfUtils.java:logGet(46)) - raft.server.log.write.buffer.size = 1048576 (custom)
2023-02-17 01:32:21,478 [pool-73-thread-1] INFO  server.RaftServerConfigKeys (ConfUtils.java:logGet(46)) - raft.server.log.appender.buffer.byte-limit = 33554432 (custom)
2023-02-17 01:32:21,481 [pool-73-thread-1] INFO  server.RaftServerConfigKeys (ConfUtils.java:logGet(46)) - raft.server.log.unsafe-flush.enabled = false (default)
2023-02-17 01:32:21,481 [pool-73-thread-1] INFO  server.RaftServerConfigKeys (ConfUtils.java:logGet(46)) - raft.server.log.async-flush.enabled = false (default)
2023-02-17 01:32:21,481 [pool-73-thread-1] INFO  server.RaftServerConfigKeys (ConfUtils.java:logGet(46)) - raft.server.log.statemachine.data.caching.enabled = true (custom)
2023-02-17 01:32:21,481 [pool-73-thread-1] INFO  segmented.SegmentedRaftLogWorker (SegmentedRaftLogWorker.java:lambda$new$0(135)) - b2981eac-b4c3-4266-a3be-ebd453a2e2b7@group-A234537C4734-SegmentedRaftLogWorker: flushIndex: setUnconditionally 0 -> -1
2023-02-17 01:32:21,481 [pool-73-thread-1] INFO  segmented.SegmentedRaftLogWorker (SegmentedRaftLogWorker.java:lambda$new$0(135)) - b2981eac-b4c3-4266-a3be-ebd453a2e2b7@group-A234537C4734-SegmentedRaftLogWorker: safeCacheEvictIndex: setUnconditionally 0 -> -1
2023-02-17 01:32:21,481 [pool-73-thread-1] INFO  server.RaftServer$Division (RaftServerImpl.java:start(334)) - b2981eac-b4c3-4266-a3be-ebd453a2e2b7@group-A234537C4734: start as a follower, conf=-1: peers:[90b5d626-740c-4e6b-9ad1-03df535f3e79|rpc:10.1.0.190:44941|dataStream:10.1.0.190:41071|priority:0|startupRole:FOLLOWER, 9f9ca560-66e6-43f3-a3dc-218554c09834|rpc:10.1.0.190:35607|dataStream:10.1.0.190:34715|priority:1|startupRole:FOLLOWER, b2981eac-b4c3-4266-a3be-ebd453a2e2b7|rpc:10.1.0.190:40169|dataStream:10.1.0.190:41231|priority:0|startupRole:FOLLOWER]|listeners:[], old=null
2023-02-17 01:32:21,481 [pool-73-thread-1] INFO  server.RaftServer$Division (RaftServerImpl.java:setRole(321)) - b2981eac-b4c3-4266-a3be-ebd453a2e2b7@group-A234537C4734: changes role from      null to FOLLOWER at term 0 for startAsFollower
2023-02-17 01:32:21,481 [pool-73-thread-1] INFO  impl.RoleInfo (RoleInfo.java:updateAndGet(139)) - b2981eac-b4c3-4266-a3be-ebd453a2e2b7: start b2981eac-b4c3-4266-a3be-ebd453a2e2b7@group-A234537C4734-FollowerState
2023-02-17 01:32:21,482 [pool-73-thread-1] INFO  util.JmxRegister (JmxRegister.java:tryRegister(44)) - Successfully registered JMX Bean with object name Ratis:service=RaftServer,group=group-A234537C4734,id=b2981eac-b4c3-4266-a3be-ebd453a2e2b7
2023-02-17 01:32:21,482 [pool-73-thread-1] INFO  server.RaftServerConfigKeys (ConfUtils.java:logGet(46)) - raft.server.snapshot.auto.trigger.enabled = true (custom)
2023-02-17 01:32:21,482 [pool-73-thread-1] INFO  server.RaftServerConfigKeys (ConfUtils.java:logGet(46)) - raft.server.snapshot.auto.trigger.threshold = 10000 (custom)
2023-02-17 01:32:21,482 [pool-73-thread-1] INFO  server.RaftServerConfigKeys (ConfUtils.java:logGet(46)) - raft.server.snapshot.retention.file.num = 5 (custom)
2023-02-17 01:32:21,482 [pool-73-thread-1] INFO  server.RaftServerConfigKeys (ConfUtils.java:logGet(46)) - raft.server.log.purge.upto.snapshot.index = false (default)
2023-02-17 01:32:21,483 [b2981eac-b4c3-4266-a3be-ebd453a2e2b7@group-A234537C4734-FollowerState] INFO  server.RaftServerConfigKeys (ConfUtils.java:logFallback(53)) - raft.server.rpc.first-election.timeout.min = 5s (fallback to raft.server.rpc.timeout.min)
2023-02-17 01:32:21,491 [Command processor thread] INFO  ratis.XceiverServerRatis (XceiverServerRatis.java:addGroup(807)) - Created group PipelineID=e9959d7e-43ed-40c8-b667-a234537c4734
2023-02-17 01:32:21,495 [b2981eac-b4c3-4266-a3be-ebd453a2e2b7@group-A234537C4734-FollowerState] INFO  server.RaftServerConfigKeys (ConfUtils.java:logFallback(53)) - raft.server.rpc.first-election.timeout.max = 5200ms (fallback to raft.server.rpc.timeout.max)
2023-02-17 01:32:21,852 [grpc-default-executor-0] INFO  server.RaftServer (RaftServerProxy.java:addNew(96)) - 90b5d626-740c-4e6b-9ad1-03df535f3e79: addNew group-A234537C4734:[90b5d626-740c-4e6b-9ad1-03df535f3e79|rpc:10.1.0.190:44941|dataStream:10.1.0.190:41071|priority:0|startupRole:FOLLOWER, 9f9ca560-66e6-43f3-a3dc-218554c09834|rpc:10.1.0.190:35607|dataStream:10.1.0.190:34715|priority:1|startupRole:FOLLOWER, b2981eac-b4c3-4266-a3be-ebd453a2e2b7|rpc:10.1.0.190:40169|dataStream:10.1.0.190:41231|priority:0|startupRole:FOLLOWER] returns group-A234537C4734:java.util.concurrent.CompletableFuture@77e670bb[Not completed]
2023-02-17 01:32:21,854 [pool-95-thread-1] INFO  server.RaftServer$Division (RaftServerImpl.java:<init>(195)) - 90b5d626-740c-4e6b-9ad1-03df535f3e79: new RaftServerImpl for group-A234537C4734:[90b5d626-740c-4e6b-9ad1-03df535f3e79|rpc:10.1.0.190:44941|dataStream:10.1.0.190:41071|priority:0|startupRole:FOLLOWER, 9f9ca560-66e6-43f3-a3dc-218554c09834|rpc:10.1.0.190:35607|dataStream:10.1.0.190:34715|priority:1|startupRole:FOLLOWER, b2981eac-b4c3-4266-a3be-ebd453a2e2b7|rpc:10.1.0.190:40169|dataStream:10.1.0.190:41231|priority:0|startupRole:FOLLOWER] with ContainerStateMachine:uninitialized
2023-02-17 01:32:21,854 [pool-95-thread-1] INFO  server.RaftServerConfigKeys (ConfUtils.java:logGet(46)) - raft.server.rpc.timeout.min = 5s (custom)
2023-02-17 01:32:21,854 [pool-95-thread-1] INFO  server.RaftServerConfigKeys (ConfUtils.java:logGet(46)) - raft.server.rpc.timeout.max = 5200ms (custom)
2023-02-17 01:32:21,854 [pool-95-thread-1] INFO  server.RaftServerConfigKeys (ConfUtils.java:logGet(46)) - raft.server.rpc.sleep.time = 25ms (default)
2023-02-17 01:32:21,854 [pool-95-thread-1] INFO  server.RaftServerConfigKeys (ConfUtils.java:logGet(46)) - raft.server.rpc.slowness.timeout = 300000ms (custom)
2023-02-17 01:32:21,854 [pool-95-thread-1] INFO  server.RaftServerConfigKeys (ConfUtils.java:logGet(46)) - raft.server.leaderelection.leader.step-down.wait-time = 10s (default)
2023-02-17 01:32:21,854 [pool-95-thread-1] INFO  server.RaftServerConfigKeys (ConfUtils.java:logGet(46)) - raft.server.sleep.deviation.threshold = 300ms (default)
2023-02-17 01:32:21,854 [pool-95-thread-1] INFO  server.RaftServer$Division (ServerState.java:<init>(118)) - 90b5d626-740c-4e6b-9ad1-03df535f3e79@group-A234537C4734: ConfigurationManager, init=-1: peers:[90b5d626-740c-4e6b-9ad1-03df535f3e79|rpc:10.1.0.190:44941|dataStream:10.1.0.190:41071|priority:0|startupRole:FOLLOWER, 9f9ca560-66e6-43f3-a3dc-218554c09834|rpc:10.1.0.190:35607|dataStream:10.1.0.190:34715|priority:1|startupRole:FOLLOWER, b2981eac-b4c3-4266-a3be-ebd453a2e2b7|rpc:10.1.0.190:40169|dataStream:10.1.0.190:41231|priority:0|startupRole:FOLLOWER]|listeners:[], old=null, confs=<EMPTY_MAP>
2023-02-17 01:32:21,855 [pool-95-thread-1] INFO  server.RaftServerConfigKeys (ConfUtils.java:logGet(46)) - raft.server.storage.dir = [/home/runner/work/ozone/ozone/hadoop-ozone/integration-test/target/test-dir/MiniOzoneClusterImpl-699c85d0-1a2e-49ef-96e2-8d5cf650a041/datanode-1/data/ratis] (custom)
2023-02-17 01:32:21,855 [pool-95-thread-1] INFO  server.RaftServerConfigKeys (ConfUtils.java:logGet(46)) - raft.server.log.corruption.policy = EXCEPTION (default)
2023-02-17 01:32:21,855 [pool-95-thread-1] INFO  server.RaftServerConfigKeys (ConfUtils.java:logGet(46)) - raft.server.storage.free-space.min = 0MB (=0) (default)
2023-02-17 01:32:21,855 [pool-95-thread-1] INFO  server.RaftServerConfigKeys (ConfUtils.java:logGet(46)) - raft.server.notification.no-leader.timeout = 300000ms (custom)
2023-02-17 01:32:21,855 [pool-95-thread-1] INFO  server.RaftServerConfigKeys (ConfUtils.java:logGet(46)) - raft.server.retrycache.expirytime = 600000ms (custom)
2023-02-17 01:32:21,855 [pool-95-thread-1] INFO  server.RaftServerConfigKeys (ConfUtils.java:logGet(46)) - raft.server.retrycache.statistics.expirytime = 100μs (default)
2023-02-17 01:32:21,856 [pool-95-thread-1] INFO  server.RaftServerConfigKeys (ConfUtils.java:logGet(46)) - raft.server.log.appender.install.snapshot.enabled = false (custom)
2023-02-17 01:32:21,856 [pool-95-thread-1] INFO  server.RaftServerConfigKeys (ConfUtils.java:logGet(46)) - raft.server.threadpool.server.cached = true (default)
2023-02-17 01:32:21,857 [pool-95-thread-1] INFO  server.RaftServerConfigKeys (ConfUtils.java:logGet(46)) - raft.server.threadpool.server.size = 0 (default)
2023-02-17 01:32:21,857 [pool-95-thread-1] INFO  server.RaftServerConfigKeys (ConfUtils.java:logGet(46)) - raft.server.threadpool.client.cached = true (default)
2023-02-17 01:32:21,857 [pool-95-thread-1] INFO  server.RaftServerConfigKeys (ConfUtils.java:logGet(46)) - raft.server.threadpool.client.size = 0 (default)
2023-02-17 01:32:21,857 [pool-95-thread-1] INFO  storage.RaftStorageDirectory (RaftStorageDirectoryImpl.java:analyzeStorage(137)) - The storage directory /home/runner/work/ozone/ozone/hadoop-ozone/integration-test/target/test-dir/MiniOzoneClusterImpl-699c85d0-1a2e-49ef-96e2-8d5cf650a041/datanode-1/data/ratis/e9959d7e-43ed-40c8-b667-a234537c4734 does not exist. Creating ...
2023-02-17 01:32:21,858 [pool-95-thread-1] INFO  storage.RaftStorageDirectory (RaftStorageDirectoryImpl.java:tryLock(231)) - Lock on /home/runner/work/ozone/ozone/hadoop-ozone/integration-test/target/test-dir/MiniOzoneClusterImpl-699c85d0-1a2e-49ef-96e2-8d5cf650a041/datanode-1/data/ratis/e9959d7e-43ed-40c8-b667-a234537c4734/in_use.lock acquired by nodename 65990@fv-az249-264
2023-02-17 01:32:21,859 [pool-95-thread-1] INFO  storage.RaftStorage (RaftStorageImpl.java:format(96)) - Storage directory /home/runner/work/ozone/ozone/hadoop-ozone/integration-test/target/test-dir/MiniOzoneClusterImpl-699c85d0-1a2e-49ef-96e2-8d5cf650a041/datanode-1/data/ratis/e9959d7e-43ed-40c8-b667-a234537c4734 has been successfully formatted.
2023-02-17 01:32:21,861 [pool-95-thread-1] INFO  ratis.ContainerStateMachine (ContainerStateMachine.java:loadSnapshot(240)) - group-A234537C4734: The snapshot info is null. Setting the last applied indexto:(t:0, i:~)
2023-02-17 01:32:21,863 [pool-95-thread-1] INFO  server.RaftServerConfigKeys (ConfUtils.java:logGet(46)) - raft.server.log.use.memory = false (default)
2023-02-17 01:32:21,863 [pool-95-thread-1] INFO  server.RaftServerConfigKeys (ConfUtils.java:logGet(46)) - raft.server.log.purge.gap = 1000000 (custom)
2023-02-17 01:32:21,863 [pool-95-thread-1] INFO  server.RaftServerConfigKeys (ConfUtils.java:logGet(46)) - raft.server.log.appender.buffer.byte-limit = 33554432 (custom)
2023-02-17 01:32:21,863 [pool-95-thread-1] INFO  server.RaftServerConfigKeys (ConfUtils.java:logGet(46)) - raft.server.log.statemachine.data.read.timeout = 1000ms (default)
2023-02-17 01:32:21,863 [pool-95-thread-1] INFO  server.RaftServerConfigKeys (ConfUtils.java:logGet(46)) - raft.server.log.purge.preservation.log.num = 0 (default)
2023-02-17 01:32:21,863 [pool-95-thread-1] INFO  server.RaftServerConfigKeys (ConfUtils.java:logGet(46)) - raft.server.log.segment.size.max = 1048576 (custom)
2023-02-17 01:32:21,864 [pool-95-thread-1] INFO  server.RaftServerConfigKeys (ConfUtils.java:logGet(46)) - raft.server.log.segment.cache.num.max = 2 (custom)
2023-02-17 01:32:21,864 [pool-95-thread-1] INFO  server.RaftServerConfigKeys (ConfUtils.java:logGet(46)) - raft.server.log.segment.cache.size.max = 200MB (=209715200) (default)
2023-02-17 01:32:21,864 [pool-95-thread-1] INFO  segmented.SegmentedRaftLogWorker (SegmentedRaftLogWorker.java:<init>(189)) - new 90b5d626-740c-4e6b-9ad1-03df535f3e79@group-A234537C4734-SegmentedRaftLogWorker for RaftStorageImpl:Storage Directory /home/runner/work/ozone/ozone/hadoop-ozone/integration-test/target/test-dir/MiniOzoneClusterImpl-699c85d0-1a2e-49ef-96e2-8d5cf650a041/datanode-1/data/ratis/e9959d7e-43ed-40c8-b667-a234537c4734
2023-02-17 01:32:21,864 [pool-95-thread-1] INFO  server.RaftServerConfigKeys (ConfUtils.java:logGet(46)) - raft.server.log.queue.byte-limit = 4294967296 (custom)
2023-02-17 01:32:21,864 [pool-95-thread-1] INFO  server.RaftServerConfigKeys (ConfUtils.java:logGet(46)) - raft.server.log.queue.element-limit = 1024 (custom)
2023-02-17 01:32:21,864 [pool-95-thread-1] INFO  server.RaftServerConfigKeys (ConfUtils.java:logGet(46)) - raft.server.log.segment.size.max = 1048576 (custom)
2023-02-17 01:32:21,864 [pool-95-thread-1] INFO  server.RaftServerConfigKeys (ConfUtils.java:logGet(46)) - raft.server.log.preallocated.size = 16384 (custom)
2023-02-17 01:32:21,864 [pool-95-thread-1] INFO  server.RaftServerConfigKeys (ConfUtils.java:logGet(46)) - raft.server.log.force.sync.num = 128 (default)
2023-02-17 01:32:21,864 [pool-95-thread-1] INFO  server.RaftServerConfigKeys (ConfUtils.java:logGet(46)) - raft.server.log.statemachine.data.sync = true (default)
2023-02-17 01:32:21,864 [pool-95-thread-1] INFO  server.RaftServerConfigKeys (ConfUtils.java:logGet(46)) - raft.server.log.statemachine.data.sync.timeout = 10s (default)
2023-02-17 01:32:21,864 [pool-95-thread-1] INFO  server.RaftServerConfigKeys (ConfUtils.java:logGet(46)) - raft.server.log.statemachine.data.sync.timeout.retry = -1 (default)
2023-02-17 01:32:21,865 [pool-95-thread-1] INFO  server.RaftServerConfigKeys (ConfUtils.java:logGet(46)) - raft.server.log.write.buffer.size = 1048576 (custom)
2023-02-17 01:32:21,866 [pool-95-thread-1] INFO  server.RaftServerConfigKeys (ConfUtils.java:logGet(46)) - raft.server.log.appender.buffer.byte-limit = 33554432 (custom)
2023-02-17 01:32:21,869 [pool-95-thread-1] INFO  server.RaftServerConfigKeys (ConfUtils.java:logGet(46)) - raft.server.log.unsafe-flush.enabled = false (default)
2023-02-17 01:32:21,869 [pool-95-thread-1] INFO  server.RaftServerConfigKeys (ConfUtils.java:logGet(46)) - raft.server.log.async-flush.enabled = false (default)
2023-02-17 01:32:21,869 [pool-95-thread-1] INFO  server.RaftServerConfigKeys (ConfUtils.java:logGet(46)) - raft.server.log.statemachine.data.caching.enabled = true (custom)
2023-02-17 01:32:21,869 [pool-95-thread-1] INFO  segmented.SegmentedRaftLogWorker (SegmentedRaftLogWorker.java:lambda$new$0(135)) - 90b5d626-740c-4e6b-9ad1-03df535f3e79@group-A234537C4734-SegmentedRaftLogWorker: flushIndex: setUnconditionally 0 -> -1
2023-02-17 01:32:21,869 [pool-95-thread-1] INFO  segmented.SegmentedRaftLogWorker (SegmentedRaftLogWorker.java:lambda$new$0(135)) - 90b5d626-740c-4e6b-9ad1-03df535f3e79@group-A234537C4734-SegmentedRaftLogWorker: safeCacheEvictIndex: setUnconditionally 0 -> -1
2023-02-17 01:32:21,869 [pool-95-thread-1] INFO  server.RaftServer$Division (RaftServerImpl.java:start(334)) - 90b5d626-740c-4e6b-9ad1-03df535f3e79@group-A234537C4734: start as a follower, conf=-1: peers:[90b5d626-740c-4e6b-9ad1-03df535f3e79|rpc:10.1.0.190:44941|dataStream:10.1.0.190:41071|priority:0|startupRole:FOLLOWER, 9f9ca560-66e6-43f3-a3dc-218554c09834|rpc:10.1.0.190:35607|dataStream:10.1.0.190:34715|priority:1|startupRole:FOLLOWER, b2981eac-b4c3-4266-a3be-ebd453a2e2b7|rpc:10.1.0.190:40169|dataStream:10.1.0.190:41231|priority:0|startupRole:FOLLOWER]|listeners:[], old=null
2023-02-17 01:32:21,869 [pool-95-thread-1] INFO  server.RaftServer$Division (RaftServerImpl.java:setRole(321)) - 90b5d626-740c-4e6b-9ad1-03df535f3e79@group-A234537C4734: changes role from      null to FOLLOWER at term 0 for startAsFollower
2023-02-17 01:32:21,870 [pool-95-thread-1] INFO  impl.RoleInfo (RoleInfo.java:updateAndGet(139)) - 90b5d626-740c-4e6b-9ad1-03df535f3e79: start 90b5d626-740c-4e6b-9ad1-03df535f3e79@group-A234537C4734-FollowerState
2023-02-17 01:32:21,870 [pool-95-thread-1] INFO  util.JmxRegister (JmxRegister.java:tryRegister(44)) - Successfully registered JMX Bean with object name Ratis:service=RaftServer,group=group-A234537C4734,id=90b5d626-740c-4e6b-9ad1-03df535f3e79
2023-02-17 01:32:21,871 [pool-95-thread-1] INFO  server.RaftServerConfigKeys (ConfUtils.java:logGet(46)) - raft.server.snapshot.auto.trigger.enabled = true (custom)
2023-02-17 01:32:21,871 [pool-95-thread-1] INFO  server.RaftServerConfigKeys (ConfUtils.java:logGet(46)) - raft.server.snapshot.auto.trigger.threshold = 10000 (custom)
2023-02-17 01:32:21,871 [pool-95-thread-1] INFO  server.RaftServerConfigKeys (ConfUtils.java:logGet(46)) - raft.server.snapshot.retention.file.num = 5 (custom)
2023-02-17 01:32:21,871 [pool-95-thread-1] INFO  server.RaftServerConfigKeys (ConfUtils.java:logGet(46)) - raft.server.log.purge.upto.snapshot.index = false (default)
2023-02-17 01:32:21,872 [90b5d626-740c-4e6b-9ad1-03df535f3e79@group-A234537C4734-FollowerState] INFO  server.RaftServerConfigKeys (ConfUtils.java:logFallback(53)) - raft.server.rpc.first-election.timeout.min = 5s (fallback to raft.server.rpc.timeout.min)
2023-02-17 01:32:21,875 [90b5d626-740c-4e6b-9ad1-03df535f3e79@group-A234537C4734-FollowerState] INFO  server.RaftServerConfigKeys (ConfUtils.java:logFallback(53)) - raft.server.rpc.first-election.timeout.max = 5200ms (fallback to raft.server.rpc.timeout.max)
2023-02-17 01:32:21,935 [grpc-default-executor-0] INFO  server.RaftServer (RaftServerProxy.java:addNew(96)) - 9f9ca560-66e6-43f3-a3dc-218554c09834: addNew group-A234537C4734:[90b5d626-740c-4e6b-9ad1-03df535f3e79|rpc:10.1.0.190:44941|dataStream:10.1.0.190:41071|priority:0|startupRole:FOLLOWER, 9f9ca560-66e6-43f3-a3dc-218554c09834|rpc:10.1.0.190:35607|dataStream:10.1.0.190:34715|priority:1|startupRole:FOLLOWER, b2981eac-b4c3-4266-a3be-ebd453a2e2b7|rpc:10.1.0.190:40169|dataStream:10.1.0.190:41231|priority:0|startupRole:FOLLOWER] returns group-A234537C4734:java.util.concurrent.CompletableFuture@7b721199[Not completed]
2023-02-17 01:32:21,936 [pool-117-thread-1] INFO  server.RaftServer$Division (RaftServerImpl.java:<init>(195)) - 9f9ca560-66e6-43f3-a3dc-218554c09834: new RaftServerImpl for group-A234537C4734:[90b5d626-740c-4e6b-9ad1-03df535f3e79|rpc:10.1.0.190:44941|dataStream:10.1.0.190:41071|priority:0|startupRole:FOLLOWER, 9f9ca560-66e6-43f3-a3dc-218554c09834|rpc:10.1.0.190:35607|dataStream:10.1.0.190:34715|priority:1|startupRole:FOLLOWER, b2981eac-b4c3-4266-a3be-ebd453a2e2b7|rpc:10.1.0.190:40169|dataStream:10.1.0.190:41231|priority:0|startupRole:FOLLOWER] with ContainerStateMachine:uninitialized
2023-02-17 01:32:21,936 [pool-117-thread-1] INFO  server.RaftServerConfigKeys (ConfUtils.java:logGet(46)) - raft.server.rpc.timeout.min = 5s (custom)
2023-02-17 01:32:21,936 [pool-117-thread-1] INFO  server.RaftServerConfigKeys (ConfUtils.java:logGet(46)) - raft.server.rpc.timeout.max = 5200ms (custom)
2023-02-17 01:32:21,936 [pool-117-thread-1] INFO  server.RaftServerConfigKeys (ConfUtils.java:logGet(46)) - raft.server.rpc.sleep.time = 25ms (default)
2023-02-17 01:32:21,936 [pool-117-thread-1] INFO  server.RaftServerConfigKeys (ConfUtils.java:logGet(46)) - raft.server.rpc.slowness.timeout = 300000ms (custom)
2023-02-17 01:32:21,936 [pool-117-thread-1] INFO  server.RaftServerConfigKeys (ConfUtils.java:logGet(46)) - raft.server.leaderelection.leader.step-down.wait-time = 10s (default)
2023-02-17 01:32:21,936 [pool-117-thread-1] INFO  server.RaftServerConfigKeys (ConfUtils.java:logGet(46)) - raft.server.sleep.deviation.threshold = 300ms (default)
2023-02-17 01:32:21,937 [pool-117-thread-1] INFO  server.RaftServer$Division (ServerState.java:<init>(118)) - 9f9ca560-66e6-43f3-a3dc-218554c09834@group-A234537C4734: ConfigurationManager, init=-1: peers:[90b5d626-740c-4e6b-9ad1-03df535f3e79|rpc:10.1.0.190:44941|dataStream:10.1.0.190:41071|priority:0|startupRole:FOLLOWER, 9f9ca560-66e6-43f3-a3dc-218554c09834|rpc:10.1.0.190:35607|dataStream:10.1.0.190:34715|priority:1|startupRole:FOLLOWER, b2981eac-b4c3-4266-a3be-ebd453a2e2b7|rpc:10.1.0.190:40169|dataStream:10.1.0.190:41231|priority:0|startupRole:FOLLOWER]|listeners:[], old=null, confs=<EMPTY_MAP>
2023-02-17 01:32:21,937 [pool-117-thread-1] INFO  server.RaftServerConfigKeys (ConfUtils.java:logGet(46)) - raft.server.storage.dir = [/home/runner/work/ozone/ozone/hadoop-ozone/integration-test/target/test-dir/MiniOzoneClusterImpl-699c85d0-1a2e-49ef-96e2-8d5cf650a041/datanode-2/data/ratis] (custom)
2023-02-17 01:32:21,937 [pool-117-thread-1] INFO  server.RaftServerConfigKeys (ConfUtils.java:logGet(46)) - raft.server.log.corruption.policy = EXCEPTION (default)
2023-02-17 01:32:21,937 [pool-117-thread-1] INFO  server.RaftServerConfigKeys (ConfUtils.java:logGet(46)) - raft.server.storage.free-space.min = 0MB (=0) (default)
2023-02-17 01:32:21,937 [pool-117-thread-1] INFO  server.RaftServerConfigKeys (ConfUtils.java:logGet(46)) - raft.server.notification.no-leader.timeout = 300000ms (custom)
2023-02-17 01:32:21,937 [pool-117-thread-1] INFO  server.RaftServerConfigKeys (ConfUtils.java:logGet(46)) - raft.server.retrycache.expirytime = 600000ms (custom)
2023-02-17 01:32:21,937 [pool-117-thread-1] INFO  server.RaftServerConfigKeys (ConfUtils.java:logGet(46)) - raft.server.retrycache.statistics.expirytime = 100μs (default)
2023-02-17 01:32:21,938 [pool-117-thread-1] INFO  server.RaftServerConfigKeys (ConfUtils.java:logGet(46)) - raft.server.log.appender.install.snapshot.enabled = false (custom)
2023-02-17 01:32:21,938 [pool-117-thread-1] INFO  server.RaftServerConfigKeys (ConfUtils.java:logGet(46)) - raft.server.threadpool.server.cached = true (default)
2023-02-17 01:32:21,938 [pool-117-thread-1] INFO  server.RaftServerConfigKeys (ConfUtils.java:logGet(46)) - raft.server.threadpool.server.size = 0 (default)
2023-02-17 01:32:21,938 [pool-117-thread-1] INFO  server.RaftServerConfigKeys (ConfUtils.java:logGet(46)) - raft.server.threadpool.client.cached = true (default)
2023-02-17 01:32:21,938 [pool-117-thread-1] INFO  server.RaftServerConfigKeys (ConfUtils.java:logGet(46)) - raft.server.threadpool.client.size = 0 (default)
2023-02-17 01:32:21,938 [pool-117-thread-1] INFO  storage.RaftStorageDirectory (RaftStorageDirectoryImpl.java:analyzeStorage(137)) - The storage directory /home/runner/work/ozone/ozone/hadoop-ozone/integration-test/target/test-dir/MiniOzoneClusterImpl-699c85d0-1a2e-49ef-96e2-8d5cf650a041/datanode-2/data/ratis/e9959d7e-43ed-40c8-b667-a234537c4734 does not exist. Creating ...
2023-02-17 01:32:21,939 [pool-117-thread-1] INFO  storage.RaftStorageDirectory (RaftStorageDirectoryImpl.java:tryLock(231)) - Lock on /home/runner/work/ozone/ozone/hadoop-ozone/integration-test/target/test-dir/MiniOzoneClusterImpl-699c85d0-1a2e-49ef-96e2-8d5cf650a041/datanode-2/data/ratis/e9959d7e-43ed-40c8-b667-a234537c4734/in_use.lock acquired by nodename 65990@fv-az249-264
2023-02-17 01:32:21,940 [pool-117-thread-1] INFO  storage.RaftStorage (RaftStorageImpl.java:format(96)) - Storage directory /home/runner/work/ozone/ozone/hadoop-ozone/integration-test/target/test-dir/MiniOzoneClusterImpl-699c85d0-1a2e-49ef-96e2-8d5cf650a041/datanode-2/data/ratis/e9959d7e-43ed-40c8-b667-a234537c4734 has been successfully formatted.
2023-02-17 01:32:21,943 [pool-117-thread-1] INFO  ratis.ContainerStateMachine (ContainerStateMachine.java:loadSnapshot(240)) - group-A234537C4734: The snapshot info is null. Setting the last applied indexto:(t:0, i:~)
2023-02-17 01:32:21,943 [pool-117-thread-1] INFO  server.RaftServerConfigKeys (ConfUtils.java:logGet(46)) - raft.server.log.use.memory = false (default)
2023-02-17 01:32:21,943 [pool-117-thread-1] INFO  server.RaftServerConfigKeys (ConfUtils.java:logGet(46)) - raft.server.log.purge.gap = 1000000 (custom)
2023-02-17 01:32:21,943 [pool-117-thread-1] INFO  server.RaftServerConfigKeys (ConfUtils.java:logGet(46)) - raft.server.log.appender.buffer.byte-limit = 33554432 (custom)
2023-02-17 01:32:21,943 [pool-117-thread-1] INFO  server.RaftServerConfigKeys (ConfUtils.java:logGet(46)) - raft.server.log.statemachine.data.read.timeout = 1000ms (default)
2023-02-17 01:32:21,943 [pool-117-thread-1] INFO  server.RaftServerConfigKeys (ConfUtils.java:logGet(46)) - raft.server.log.purge.preservation.log.num = 0 (default)
2023-02-17 01:32:21,944 [pool-117-thread-1] INFO  server.RaftServerConfigKeys (ConfUtils.java:logGet(46)) - raft.server.log.segment.size.max = 1048576 (custom)
2023-02-17 01:32:21,944 [pool-117-thread-1] INFO  server.RaftServerConfigKeys (ConfUtils.java:logGet(46)) - raft.server.log.segment.cache.num.max = 2 (custom)
2023-02-17 01:32:21,945 [pool-117-thread-1] INFO  server.RaftServerConfigKeys (ConfUtils.java:logGet(46)) - raft.server.log.segment.cache.size.max = 200MB (=209715200) (default)
2023-02-17 01:32:21,946 [pool-117-thread-1] INFO  segmented.SegmentedRaftLogWorker (SegmentedRaftLogWorker.java:<init>(189)) - new 9f9ca560-66e6-43f3-a3dc-218554c09834@group-A234537C4734-SegmentedRaftLogWorker for RaftStorageImpl:Storage Directory /home/runner/work/ozone/ozone/hadoop-ozone/integration-test/target/test-dir/MiniOzoneClusterImpl-699c85d0-1a2e-49ef-96e2-8d5cf650a041/datanode-2/data/ratis/e9959d7e-43ed-40c8-b667-a234537c4734
2023-02-17 01:32:21,946 [pool-117-thread-1] INFO  server.RaftServerConfigKeys (ConfUtils.java:logGet(46)) - raft.server.log.queue.byte-limit = 4294967296 (custom)
2023-02-17 01:32:21,946 [pool-117-thread-1] INFO  server.RaftServerConfigKeys (ConfUtils.java:logGet(46)) - raft.server.log.queue.element-limit = 1024 (custom)
2023-02-17 01:32:21,946 [pool-117-thread-1] INFO  server.RaftServerConfigKeys (ConfUtils.java:logGet(46)) - raft.server.log.segment.size.max = 1048576 (custom)
2023-02-17 01:32:21,946 [pool-117-thread-1] INFO  server.RaftServerConfigKeys (ConfUtils.java:logGet(46)) - raft.server.log.preallocated.size = 16384 (custom)
2023-02-17 01:32:21,946 [pool-117-thread-1] INFO  server.RaftServerConfigKeys (ConfUtils.java:logGet(46)) - raft.server.log.force.sync.num = 128 (default)
2023-02-17 01:32:21,946 [pool-117-thread-1] INFO  server.RaftServerConfigKeys (ConfUtils.java:logGet(46)) - raft.server.log.statemachine.data.sync = true (default)
2023-02-17 01:32:21,946 [pool-117-thread-1] INFO  server.RaftServerConfigKeys (ConfUtils.java:logGet(46)) - raft.server.log.statemachine.data.sync.timeout = 10s (default)
2023-02-17 01:32:21,946 [pool-117-thread-1] INFO  server.RaftServerConfigKeys (ConfUtils.java:logGet(46)) - raft.server.log.statemachine.data.sync.timeout.retry = -1 (default)
2023-02-17 01:32:21,947 [pool-117-thread-1] INFO  server.RaftServerConfigKeys (ConfUtils.java:logGet(46)) - raft.server.log.write.buffer.size = 1048576 (custom)
2023-02-17 01:32:21,947 [pool-117-thread-1] INFO  server.RaftServerConfigKeys (ConfUtils.java:logGet(46)) - raft.server.log.appender.buffer.byte-limit = 33554432 (custom)
2023-02-17 01:32:21,950 [pool-117-thread-1] INFO  server.RaftServerConfigKeys (ConfUtils.java:logGet(46)) - raft.server.log.unsafe-flush.enabled = false (default)
2023-02-17 01:32:21,950 [pool-117-thread-1] INFO  server.RaftServerConfigKeys (ConfUtils.java:logGet(46)) - raft.server.log.async-flush.enabled = false (default)
2023-02-17 01:32:21,950 [pool-117-thread-1] INFO  server.RaftServerConfigKeys (ConfUtils.java:logGet(46)) - raft.server.log.statemachine.data.caching.enabled = true (custom)
2023-02-17 01:32:21,951 [pool-117-thread-1] INFO  segmented.SegmentedRaftLogWorker (SegmentedRaftLogWorker.java:lambda$new$0(135)) - 9f9ca560-66e6-43f3-a3dc-218554c09834@group-A234537C4734-SegmentedRaftLogWorker: flushIndex: setUnconditionally 0 -> -1
2023-02-17 01:32:21,951 [pool-117-thread-1] INFO  segmented.SegmentedRaftLogWorker (SegmentedRaftLogWorker.java:lambda$new$0(135)) - 9f9ca560-66e6-43f3-a3dc-218554c09834@group-A234537C4734-SegmentedRaftLogWorker: safeCacheEvictIndex: setUnconditionally 0 -> -1
2023-02-17 01:32:21,951 [pool-117-thread-1] INFO  server.RaftServer$Division (RaftServerImpl.java:start(334)) - 9f9ca560-66e6-43f3-a3dc-218554c09834@group-A234537C4734: start as a follower, conf=-1: peers:[90b5d626-740c-4e6b-9ad1-03df535f3e79|rpc:10.1.0.190:44941|dataStream:10.1.0.190:41071|priority:0|startupRole:FOLLOWER, 9f9ca560-66e6-43f3-a3dc-218554c09834|rpc:10.1.0.190:35607|dataStream:10.1.0.190:34715|priority:1|startupRole:FOLLOWER, b2981eac-b4c3-4266-a3be-ebd453a2e2b7|rpc:10.1.0.190:40169|dataStream:10.1.0.190:41231|priority:0|startupRole:FOLLOWER]|listeners:[], old=null
2023-02-17 01:32:21,951 [pool-117-thread-1] INFO  server.RaftServer$Division (RaftServerImpl.java:setRole(321)) - 9f9ca560-66e6-43f3-a3dc-218554c09834@group-A234537C4734: changes role from      null to FOLLOWER at term 0 for startAsFollower
2023-02-17 01:32:21,951 [pool-117-thread-1] INFO  impl.RoleInfo (RoleInfo.java:updateAndGet(139)) - 9f9ca560-66e6-43f3-a3dc-218554c09834: start 9f9ca560-66e6-43f3-a3dc-218554c09834@group-A234537C4734-FollowerState
2023-02-17 01:32:21,951 [pool-117-thread-1] INFO  util.JmxRegister (JmxRegister.java:tryRegister(44)) - Successfully registered JMX Bean with object name Ratis:service=RaftServer,group=group-A234537C4734,id=9f9ca560-66e6-43f3-a3dc-218554c09834
2023-02-17 01:32:21,951 [pool-117-thread-1] INFO  server.RaftServerConfigKeys (ConfUtils.java:logGet(46)) - raft.server.snapshot.auto.trigger.enabled = true (custom)
2023-02-17 01:32:21,951 [pool-117-thread-1] INFO  server.RaftServerConfigKeys (ConfUtils.java:logGet(46)) - raft.server.snapshot.auto.trigger.threshold = 10000 (custom)
2023-02-17 01:32:21,951 [pool-117-thread-1] INFO  server.RaftServerConfigKeys (ConfUtils.java:logGet(46)) - raft.server.snapshot.retention.file.num = 5 (custom)
2023-02-17 01:32:21,952 [pool-117-thread-1] INFO  server.RaftServerConfigKeys (ConfUtils.java:logGet(46)) - raft.server.log.purge.upto.snapshot.index = false (default)
2023-02-17 01:32:21,952 [9f9ca560-66e6-43f3-a3dc-218554c09834@group-A234537C4734-FollowerState] INFO  server.RaftServerConfigKeys (ConfUtils.java:logFallback(53)) - raft.server.rpc.first-election.timeout.min = 5s (fallback to raft.server.rpc.timeout.min)
2023-02-17 01:32:21,953 [9f9ca560-66e6-43f3-a3dc-218554c09834@group-A234537C4734-FollowerState] INFO  server.RaftServerConfigKeys (ConfUtils.java:logFallback(53)) - raft.server.rpc.first-election.timeout.max = 5200ms (fallback to raft.server.rpc.timeout.max)
2023-02-17 01:32:21,960 [Command processor thread] INFO  commandhandler.CreatePipelineCommandHandler (CreatePipelineCommandHandler.java:handle(113)) - Created Pipeline RATIS THREE PipelineID=e9959d7e-43ed-40c8-b667-a234537c4734.
2023-02-17 01:32:21,960 [Command processor thread] INFO  server.RaftServer (RaftServerProxy.java:addNew(96)) - b2981eac-b4c3-4266-a3be-ebd453a2e2b7: addNew group-CFE66E6C93F0:[90b5d626-740c-4e6b-9ad1-03df535f3e79|rpc:10.1.0.190:44941|dataStream:10.1.0.190:41071|priority:1|startupRole:FOLLOWER, 9f9ca560-66e6-43f3-a3dc-218554c09834|rpc:10.1.0.190:35607|dataStream:10.1.0.190:34715|priority:0|startupRole:FOLLOWER, b2981eac-b4c3-4266-a3be-ebd453a2e2b7|rpc:10.1.0.190:40169|dataStream:10.1.0.190:41231|priority:0|startupRole:FOLLOWER] returns group-CFE66E6C93F0:java.util.concurrent.CompletableFuture@355ea60e[Not completed]
2023-02-17 01:32:21,961 [pool-73-thread-1] INFO  server.RaftServer$Division (RaftServerImpl.java:<init>(195)) - b2981eac-b4c3-4266-a3be-ebd453a2e2b7: new RaftServerImpl for group-CFE66E6C93F0:[90b5d626-740c-4e6b-9ad1-03df535f3e79|rpc:10.1.0.190:44941|dataStream:10.1.0.190:41071|priority:1|startupRole:FOLLOWER, 9f9ca560-66e6-43f3-a3dc-218554c09834|rpc:10.1.0.190:35607|dataStream:10.1.0.190:34715|priority:0|startupRole:FOLLOWER, b2981eac-b4c3-4266-a3be-ebd453a2e2b7|rpc:10.1.0.190:40169|dataStream:10.1.0.190:41231|priority:0|startupRole:FOLLOWER] with ContainerStateMachine:uninitialized
2023-02-17 01:32:21,961 [pool-73-thread-1] INFO  server.RaftServerConfigKeys (ConfUtils.java:logGet(46)) - raft.server.rpc.timeout.min = 5s (custom)
2023-02-17 01:32:21,961 [pool-73-thread-1] INFO  server.RaftServerConfigKeys (ConfUtils.java:logGet(46)) - raft.server.rpc.timeout.max = 5200ms (custom)
2023-02-17 01:32:21,961 [pool-73-thread-1] INFO  server.RaftServerConfigKeys (ConfUtils.java:logGet(46)) - raft.server.rpc.sleep.time = 25ms (default)
2023-02-17 01:32:21,961 [pool-73-thread-1] INFO  server.RaftServerConfigKeys (ConfUtils.java:logGet(46)) - raft.server.rpc.slowness.timeout = 300000ms (custom)
2023-02-17 01:32:21,961 [pool-73-thread-1] INFO  server.RaftServerConfigKeys (ConfUtils.java:logGet(46)) - raft.server.leaderelection.leader.step-down.wait-time = 10s (default)
2023-02-17 01:32:21,961 [pool-73-thread-1] INFO  server.RaftServerConfigKeys (ConfUtils.java:logGet(46)) - raft.server.sleep.deviation.threshold = 300ms (default)
2023-02-17 01:32:21,962 [pool-73-thread-1] INFO  server.RaftServer$Division (ServerState.java:<init>(118)) - b2981eac-b4c3-4266-a3be-ebd453a2e2b7@group-CFE66E6C93F0: ConfigurationManager, init=-1: peers:[90b5d626-740c-4e6b-9ad1-03df535f3e79|rpc:10.1.0.190:44941|dataStream:10.1.0.190:41071|priority:1|startupRole:FOLLOWER, 9f9ca560-66e6-43f3-a3dc-218554c09834|rpc:10.1.0.190:35607|dataStream:10.1.0.190:34715|priority:0|startupRole:FOLLOWER, b2981eac-b4c3-4266-a3be-ebd453a2e2b7|rpc:10.1.0.190:40169|dataStream:10.1.0.190:41231|priority:0|startupRole:FOLLOWER]|listeners:[], old=null, confs=<EMPTY_MAP>
2023-02-17 01:32:21,962 [pool-73-thread-1] INFO  server.RaftServerConfigKeys (ConfUtils.java:logGet(46)) - raft.server.storage.dir = [/home/runner/work/ozone/ozone/hadoop-ozone/integration-test/target/test-dir/MiniOzoneClusterImpl-699c85d0-1a2e-49ef-96e2-8d5cf650a041/datanode-0/data/ratis] (custom)
2023-02-17 01:32:21,962 [pool-73-thread-1] INFO  server.RaftServerConfigKeys (ConfUtils.java:logGet(46)) - raft.server.log.corruption.policy = EXCEPTION (default)
2023-02-17 01:32:21,962 [pool-73-thread-1] INFO  server.RaftServerConfigKeys (ConfUtils.java:logGet(46)) - raft.server.storage.free-space.min = 0MB (=0) (default)
2023-02-17 01:32:21,962 [pool-73-thread-1] INFO  server.RaftServerConfigKeys (ConfUtils.java:logGet(46)) - raft.server.notification.no-leader.timeout = 300000ms (custom)
2023-02-17 01:32:21,962 [pool-73-thread-1] INFO  server.RaftServerConfigKeys (ConfUtils.java:logGet(46)) - raft.server.retrycache.expirytime = 600000ms (custom)
2023-02-17 01:32:21,962 [pool-73-thread-1] INFO  server.RaftServerConfigKeys (ConfUtils.java:logGet(46)) - raft.server.retrycache.statistics.expirytime = 100μs (default)
2023-02-17 01:32:21,963 [pool-73-thread-1] INFO  server.RaftServerConfigKeys (ConfUtils.java:logGet(46)) - raft.server.log.appender.install.snapshot.enabled = false (custom)
2023-02-17 01:32:21,963 [pool-73-thread-1] INFO  server.RaftServerConfigKeys (ConfUtils.java:logGet(46)) - raft.server.threadpool.server.cached = true (default)
2023-02-17 01:32:21,963 [pool-73-thread-1] INFO  server.RaftServerConfigKeys (ConfUtils.java:logGet(46)) - raft.server.threadpool.server.size = 0 (default)
2023-02-17 01:32:21,963 [pool-73-thread-1] INFO  server.RaftServerConfigKeys (ConfUtils.java:logGet(46)) - raft.server.threadpool.client.cached = true (default)
2023-02-17 01:32:21,963 [pool-73-thread-1] INFO  server.RaftServerConfigKeys (ConfUtils.java:logGet(46)) - raft.server.threadpool.client.size = 0 (default)
2023-02-17 01:32:21,963 [pool-73-thread-1] INFO  storage.RaftStorageDirectory (RaftStorageDirectoryImpl.java:analyzeStorage(137)) - The storage directory /home/runner/work/ozone/ozone/hadoop-ozone/integration-test/target/test-dir/MiniOzoneClusterImpl-699c85d0-1a2e-49ef-96e2-8d5cf650a041/datanode-0/data/ratis/f7298cde-bae2-4f16-aa73-cfe66e6c93f0 does not exist. Creating ...
2023-02-17 01:32:21,964 [pool-73-thread-1] INFO  storage.RaftStorageDirectory (RaftStorageDirectoryImpl.java:tryLock(231)) - Lock on /home/runner/work/ozone/ozone/hadoop-ozone/integration-test/target/test-dir/MiniOzoneClusterImpl-699c85d0-1a2e-49ef-96e2-8d5cf650a041/datanode-0/data/ratis/f7298cde-bae2-4f16-aa73-cfe66e6c93f0/in_use.lock acquired by nodename 65990@fv-az249-264
2023-02-17 01:32:21,965 [pool-73-thread-1] INFO  storage.RaftStorage (RaftStorageImpl.java:format(96)) - Storage directory /home/runner/work/ozone/ozone/hadoop-ozone/integration-test/target/test-dir/MiniOzoneClusterImpl-699c85d0-1a2e-49ef-96e2-8d5cf650a041/datanode-0/data/ratis/f7298cde-bae2-4f16-aa73-cfe66e6c93f0 has been successfully formatted.
2023-02-17 01:32:21,968 [pool-73-thread-1] INFO  ratis.ContainerStateMachine (ContainerStateMachine.java:loadSnapshot(240)) - group-CFE66E6C93F0: The snapshot info is null. Setting the last applied indexto:(t:0, i:~)
2023-02-17 01:32:21,968 [pool-73-thread-1] INFO  server.RaftServerConfigKeys (ConfUtils.java:logGet(46)) - raft.server.log.use.memory = false (default)
2023-02-17 01:32:21,968 [pool-73-thread-1] INFO  server.RaftServerConfigKeys (ConfUtils.java:logGet(46)) - raft.server.log.purge.gap = 1000000 (custom)
2023-02-17 01:32:21,968 [pool-73-thread-1] INFO  server.RaftServerConfigKeys (ConfUtils.java:logGet(46)) - raft.server.log.appender.buffer.byte-limit = 33554432 (custom)
2023-02-17 01:32:21,968 [pool-73-thread-1] INFO  server.RaftServerConfigKeys (ConfUtils.java:logGet(46)) - raft.server.log.statemachine.data.read.timeout = 1000ms (default)
2023-02-17 01:32:21,968 [pool-73-thread-1] INFO  server.RaftServerConfigKeys (ConfUtils.java:logGet(46)) - raft.server.log.purge.preservation.log.num = 0 (default)
2023-02-17 01:32:21,969 [EventQueue-OpenPipelineForHealthyPipelineSafeModeRule] INFO  safemode.SCMSafeModeManager (HealthyPipelineSafeModeRule.java:process(137)) - SCM in safe mode. Healthy pipelines reported count is 0, required healthy pipeline reported count is 1
2023-02-17 01:32:21,970 [pool-73-thread-1] INFO  server.RaftServerConfigKeys (ConfUtils.java:logGet(46)) - raft.server.log.segment.size.max = 1048576 (custom)
2023-02-17 01:32:21,971 [pool-73-thread-1] INFO  server.RaftServerConfigKeys (ConfUtils.java:logGet(46)) - raft.server.log.segment.cache.num.max = 2 (custom)
2023-02-17 01:32:21,971 [pool-73-thread-1] INFO  server.RaftServerConfigKeys (ConfUtils.java:logGet(46)) - raft.server.log.segment.cache.size.max = 200MB (=209715200) (default)
2023-02-17 01:32:21,971 [pool-73-thread-1] INFO  segmented.SegmentedRaftLogWorker (SegmentedRaftLogWorker.java:<init>(189)) - new b2981eac-b4c3-4266-a3be-ebd453a2e2b7@group-CFE66E6C93F0-SegmentedRaftLogWorker for RaftStorageImpl:Storage Directory /home/runner/work/ozone/ozone/hadoop-ozone/integration-test/target/test-dir/MiniOzoneClusterImpl-699c85d0-1a2e-49ef-96e2-8d5cf650a041/datanode-0/data/ratis/f7298cde-bae2-4f16-aa73-cfe66e6c93f0
2023-02-17 01:32:21,971 [pool-73-thread-1] INFO  server.RaftServerConfigKeys (ConfUtils.java:logGet(46)) - raft.server.log.queue.byte-limit = 4294967296 (custom)
2023-02-17 01:32:21,971 [pool-73-thread-1] INFO  server.RaftServerConfigKeys (ConfUtils.java:logGet(46)) - raft.server.log.queue.element-limit = 1024 (custom)
2023-02-17 01:32:21,971 [pool-73-thread-1] INFO  server.RaftServerConfigKeys (ConfUtils.java:logGet(46)) - raft.server.log.segment.size.max = 1048576 (custom)
2023-02-17 01:32:21,971 [pool-73-thread-1] INFO  server.RaftServerConfigKeys (ConfUtils.java:logGet(46)) - raft.server.log.preallocated.size = 16384 (custom)
2023-02-17 01:32:21,971 [pool-73-thread-1] INFO  server.RaftServerConfigKeys (ConfUtils.java:logGet(46)) - raft.server.log.force.sync.num = 128 (default)
2023-02-17 01:32:21,971 [pool-73-thread-1] INFO  server.RaftServerConfigKeys (ConfUtils.java:logGet(46)) - raft.server.log.statemachine.data.sync = true (default)
2023-02-17 01:32:21,971 [pool-73-thread-1] INFO  server.RaftServerConfigKeys (ConfUtils.java:logGet(46)) - raft.server.log.statemachine.data.sync.timeout = 10s (default)
2023-02-17 01:32:21,971 [pool-73-thread-1] INFO  server.RaftServerConfigKeys (ConfUtils.java:logGet(46)) - raft.server.log.statemachine.data.sync.timeout.retry = -1 (default)
2023-02-17 01:32:21,972 [pool-73-thread-1] INFO  server.RaftServerConfigKeys (ConfUtils.java:logGet(46)) - raft.server.log.write.buffer.size = 1048576 (custom)
2023-02-17 01:32:21,972 [pool-73-thread-1] INFO  server.RaftServerConfigKeys (ConfUtils.java:logGet(46)) - raft.server.log.appender.buffer.byte-limit = 33554432 (custom)
2023-02-17 01:32:21,977 [pool-73-thread-1] INFO  server.RaftServerConfigKeys (ConfUtils.java:logGet(46)) - raft.server.log.unsafe-flush.enabled = false (default)
2023-02-17 01:32:21,977 [pool-73-thread-1] INFO  server.RaftServerConfigKeys (ConfUtils.java:logGet(46)) - raft.server.log.async-flush.enabled = false (default)
2023-02-17 01:32:21,977 [pool-73-thread-1] INFO  server.RaftServerConfigKeys (ConfUtils.java:logGet(46)) - raft.server.log.statemachine.data.caching.enabled = true (custom)
2023-02-17 01:32:21,977 [pool-73-thread-1] INFO  segmented.SegmentedRaftLogWorker (SegmentedRaftLogWorker.java:lambda$new$0(135)) - b2981eac-b4c3-4266-a3be-ebd453a2e2b7@group-CFE66E6C93F0-SegmentedRaftLogWorker: flushIndex: setUnconditionally 0 -> -1
2023-02-17 01:32:21,977 [pool-73-thread-1] INFO  segmented.SegmentedRaftLogWorker (SegmentedRaftLogWorker.java:lambda$new$0(135)) - b2981eac-b4c3-4266-a3be-ebd453a2e2b7@group-CFE66E6C93F0-SegmentedRaftLogWorker: safeCacheEvictIndex: setUnconditionally 0 -> -1
2023-02-17 01:32:21,977 [pool-73-thread-1] INFO  server.RaftServer$Division (RaftServerImpl.java:start(334)) - b2981eac-b4c3-4266-a3be-ebd453a2e2b7@group-CFE66E6C93F0: start as a follower, conf=-1: peers:[90b5d626-740c-4e6b-9ad1-03df535f3e79|rpc:10.1.0.190:44941|dataStream:10.1.0.190:41071|priority:1|startupRole:FOLLOWER, 9f9ca560-66e6-43f3-a3dc-218554c09834|rpc:10.1.0.190:35607|dataStream:10.1.0.190:34715|priority:0|startupRole:FOLLOWER, b2981eac-b4c3-4266-a3be-ebd453a2e2b7|rpc:10.1.0.190:40169|dataStream:10.1.0.190:41231|priority:0|startupRole:FOLLOWER]|listeners:[], old=null
2023-02-17 01:32:21,977 [pool-73-thread-1] INFO  server.RaftServer$Division (RaftServerImpl.java:setRole(321)) - b2981eac-b4c3-4266-a3be-ebd453a2e2b7@group-CFE66E6C93F0: changes role from      null to FOLLOWER at term 0 for startAsFollower
2023-02-17 01:32:21,977 [pool-73-thread-1] INFO  impl.RoleInfo (RoleInfo.java:updateAndGet(139)) - b2981eac-b4c3-4266-a3be-ebd453a2e2b7: start b2981eac-b4c3-4266-a3be-ebd453a2e2b7@group-CFE66E6C93F0-FollowerState
2023-02-17 01:32:21,978 [pool-73-thread-1] INFO  util.JmxRegister (JmxRegister.java:tryRegister(44)) - Successfully registered JMX Bean with object name Ratis:service=RaftServer,group=group-CFE66E6C93F0,id=b2981eac-b4c3-4266-a3be-ebd453a2e2b7
2023-02-17 01:32:21,978 [pool-73-thread-1] INFO  server.RaftServerConfigKeys (ConfUtils.java:logGet(46)) - raft.server.snapshot.auto.trigger.enabled = true (custom)
2023-02-17 01:32:21,978 [pool-73-thread-1] INFO  server.RaftServerConfigKeys (ConfUtils.java:logGet(46)) - raft.server.snapshot.auto.trigger.threshold = 10000 (custom)
2023-02-17 01:32:21,978 [pool-73-thread-1] INFO  server.RaftServerConfigKeys (ConfUtils.java:logGet(46)) - raft.server.snapshot.retention.file.num = 5 (custom)
2023-02-17 01:32:21,978 [pool-73-thread-1] INFO  server.RaftServerConfigKeys (ConfUtils.java:logGet(46)) - raft.server.log.purge.upto.snapshot.index = false (default)
2023-02-17 01:32:21,979 [b2981eac-b4c3-4266-a3be-ebd453a2e2b7@group-CFE66E6C93F0-FollowerState] INFO  server.RaftServerConfigKeys (ConfUtils.java:logFallback(53)) - raft.server.rpc.first-election.timeout.min = 5s (fallback to raft.server.rpc.timeout.min)
2023-02-17 01:32:21,986 [Command processor thread] INFO  ratis.XceiverServerRatis (XceiverServerRatis.java:addGroup(807)) - Created group PipelineID=f7298cde-bae2-4f16-aa73-cfe66e6c93f0
2023-02-17 01:32:21,994 [b2981eac-b4c3-4266-a3be-ebd453a2e2b7@group-CFE66E6C93F0-FollowerState] INFO  server.RaftServerConfigKeys (ConfUtils.java:logFallback(53)) - raft.server.rpc.first-election.timeout.max = 5200ms (fallback to raft.server.rpc.timeout.max)
2023-02-17 01:32:21,999 [Command processor thread] INFO  server.RaftServer (RaftServerProxy.java:addNew(96)) - 90b5d626-740c-4e6b-9ad1-03df535f3e79: addNew group-5DFE29AA0311:[90b5d626-740c-4e6b-9ad1-03df535f3e79|rpc:10.1.0.190:44941|dataStream:10.1.0.190:41071|priority:1|startupRole:FOLLOWER] returns group-5DFE29AA0311:java.util.concurrent.CompletableFuture@798f3c2f[Not completed]
2023-02-17 01:32:22,000 [pool-95-thread-1] INFO  server.RaftServer$Division (RaftServerImpl.java:<init>(195)) - 90b5d626-740c-4e6b-9ad1-03df535f3e79: new RaftServerImpl for group-5DFE29AA0311:[90b5d626-740c-4e6b-9ad1-03df535f3e79|rpc:10.1.0.190:44941|dataStream:10.1.0.190:41071|priority:1|startupRole:FOLLOWER] with ContainerStateMachine:uninitialized
2023-02-17 01:32:22,000 [pool-95-thread-1] INFO  server.RaftServerConfigKeys (ConfUtils.java:logGet(46)) - raft.server.rpc.timeout.min = 5s (custom)
2023-02-17 01:32:22,000 [pool-95-thread-1] INFO  server.RaftServerConfigKeys (ConfUtils.java:logGet(46)) - raft.server.rpc.timeout.max = 5200ms (custom)
2023-02-17 01:32:22,000 [pool-95-thread-1] INFO  server.RaftServerConfigKeys (ConfUtils.java:logGet(46)) - raft.server.rpc.sleep.time = 25ms (default)
2023-02-17 01:32:22,000 [pool-95-thread-1] INFO  server.RaftServerConfigKeys (ConfUtils.java:logGet(46)) - raft.server.rpc.slowness.timeout = 300000ms (custom)
2023-02-17 01:32:22,000 [pool-95-thread-1] INFO  server.RaftServerConfigKeys (ConfUtils.java:logGet(46)) - raft.server.leaderelection.leader.step-down.wait-time = 10s (default)
2023-02-17 01:32:22,000 [pool-95-thread-1] INFO  server.RaftServerConfigKeys (ConfUtils.java:logGet(46)) - raft.server.sleep.deviation.threshold = 300ms (default)
2023-02-17 01:32:22,000 [pool-95-thread-1] INFO  server.RaftServer$Division (ServerState.java:<init>(118)) - 90b5d626-740c-4e6b-9ad1-03df535f3e79@group-5DFE29AA0311: ConfigurationManager, init=-1: peers:[90b5d626-740c-4e6b-9ad1-03df535f3e79|rpc:10.1.0.190:44941|dataStream:10.1.0.190:41071|priority:1|startupRole:FOLLOWER]|listeners:[], old=null, confs=<EMPTY_MAP>
2023-02-17 01:32:22,000 [pool-95-thread-1] INFO  server.RaftServerConfigKeys (ConfUtils.java:logGet(46)) - raft.server.storage.dir = [/home/runner/work/ozone/ozone/hadoop-ozone/integration-test/target/test-dir/MiniOzoneClusterImpl-699c85d0-1a2e-49ef-96e2-8d5cf650a041/datanode-1/data/ratis] (custom)
2023-02-17 01:32:22,000 [pool-95-thread-1] INFO  server.RaftServerConfigKeys (ConfUtils.java:logGet(46)) - raft.server.log.corruption.policy = EXCEPTION (default)
2023-02-17 01:32:22,000 [pool-95-thread-1] INFO  server.RaftServerConfigKeys (ConfUtils.java:logGet(46)) - raft.server.storage.free-space.min = 0MB (=0) (default)
2023-02-17 01:32:22,000 [pool-95-thread-1] INFO  server.RaftServerConfigKeys (ConfUtils.java:logGet(46)) - raft.server.notification.no-leader.timeout = 300000ms (custom)
2023-02-17 01:32:22,001 [pool-95-thread-1] INFO  server.RaftServerConfigKeys (ConfUtils.java:logGet(46)) - raft.server.retrycache.expirytime = 600000ms (custom)
2023-02-17 01:32:22,001 [pool-95-thread-1] INFO  server.RaftServerConfigKeys (ConfUtils.java:logGet(46)) - raft.server.retrycache.statistics.expirytime = 100μs (default)
2023-02-17 01:32:22,002 [pool-95-thread-1] INFO  server.RaftServerConfigKeys (ConfUtils.java:logGet(46)) - raft.server.log.appender.install.snapshot.enabled = false (custom)
2023-02-17 01:32:22,002 [pool-95-thread-1] INFO  server.RaftServerConfigKeys (ConfUtils.java:logGet(46)) - raft.server.threadpool.server.cached = true (default)
2023-02-17 01:32:22,002 [pool-95-thread-1] INFO  server.RaftServerConfigKeys (ConfUtils.java:logGet(46)) - raft.server.threadpool.server.size = 0 (default)
2023-02-17 01:32:22,002 [pool-95-thread-1] INFO  server.RaftServerConfigKeys (ConfUtils.java:logGet(46)) - raft.server.threadpool.client.cached = true (default)
2023-02-17 01:32:22,002 [pool-95-thread-1] INFO  server.RaftServerConfigKeys (ConfUtils.java:logGet(46)) - raft.server.threadpool.client.size = 0 (default)
2023-02-17 01:32:22,002 [pool-95-thread-1] INFO  storage.RaftStorageDirectory (RaftStorageDirectoryImpl.java:analyzeStorage(137)) - The storage directory /home/runner/work/ozone/ozone/hadoop-ozone/integration-test/target/test-dir/MiniOzoneClusterImpl-699c85d0-1a2e-49ef-96e2-8d5cf650a041/datanode-1/data/ratis/1478227c-b32b-48ce-bffe-5dfe29aa0311 does not exist. Creating ...
2023-02-17 01:32:22,004 [pool-95-thread-1] INFO  storage.RaftStorageDirectory (RaftStorageDirectoryImpl.java:tryLock(231)) - Lock on /home/runner/work/ozone/ozone/hadoop-ozone/integration-test/target/test-dir/MiniOzoneClusterImpl-699c85d0-1a2e-49ef-96e2-8d5cf650a041/datanode-1/data/ratis/1478227c-b32b-48ce-bffe-5dfe29aa0311/in_use.lock acquired by nodename 65990@fv-az249-264
2023-02-17 01:32:22,007 [pool-95-thread-1] INFO  storage.RaftStorage (RaftStorageImpl.java:format(96)) - Storage directory /home/runner/work/ozone/ozone/hadoop-ozone/integration-test/target/test-dir/MiniOzoneClusterImpl-699c85d0-1a2e-49ef-96e2-8d5cf650a041/datanode-1/data/ratis/1478227c-b32b-48ce-bffe-5dfe29aa0311 has been successfully formatted.
2023-02-17 01:32:22,009 [pool-95-thread-1] INFO  ratis.ContainerStateMachine (ContainerStateMachine.java:loadSnapshot(240)) - group-5DFE29AA0311: The snapshot info is null. Setting the last applied indexto:(t:0, i:~)
2023-02-17 01:32:22,009 [pool-95-thread-1] INFO  server.RaftServerConfigKeys (ConfUtils.java:logGet(46)) - raft.server.log.use.memory = false (default)
2023-02-17 01:32:22,009 [pool-95-thread-1] INFO  server.RaftServerConfigKeys (ConfUtils.java:logGet(46)) - raft.server.log.purge.gap = 1000000 (custom)
2023-02-17 01:32:22,009 [pool-95-thread-1] INFO  server.RaftServerConfigKeys (ConfUtils.java:logGet(46)) - raft.server.log.appender.buffer.byte-limit = 33554432 (custom)
2023-02-17 01:32:22,009 [pool-95-thread-1] INFO  server.RaftServerConfigKeys (ConfUtils.java:logGet(46)) - raft.server.log.statemachine.data.read.timeout = 1000ms (default)
2023-02-17 01:32:22,009 [pool-95-thread-1] INFO  server.RaftServerConfigKeys (ConfUtils.java:logGet(46)) - raft.server.log.purge.preservation.log.num = 0 (default)
2023-02-17 01:32:22,009 [pool-95-thread-1] INFO  server.RaftServerConfigKeys (ConfUtils.java:logGet(46)) - raft.server.log.segment.size.max = 1048576 (custom)
2023-02-17 01:32:22,009 [pool-95-thread-1] INFO  server.RaftServerConfigKeys (ConfUtils.java:logGet(46)) - raft.server.log.segment.cache.num.max = 2 (custom)
2023-02-17 01:32:22,010 [pool-95-thread-1] INFO  server.RaftServerConfigKeys (ConfUtils.java:logGet(46)) - raft.server.log.segment.cache.size.max = 200MB (=209715200) (default)
2023-02-17 01:32:22,010 [pool-95-thread-1] INFO  segmented.SegmentedRaftLogWorker (SegmentedRaftLogWorker.java:<init>(189)) - new 90b5d626-740c-4e6b-9ad1-03df535f3e79@group-5DFE29AA0311-SegmentedRaftLogWorker for RaftStorageImpl:Storage Directory /home/runner/work/ozone/ozone/hadoop-ozone/integration-test/target/test-dir/MiniOzoneClusterImpl-699c85d0-1a2e-49ef-96e2-8d5cf650a041/datanode-1/data/ratis/1478227c-b32b-48ce-bffe-5dfe29aa0311
2023-02-17 01:32:22,010 [pool-95-thread-1] INFO  server.RaftServerConfigKeys (ConfUtils.java:logGet(46)) - raft.server.log.queue.byte-limit = 4294967296 (custom)
2023-02-17 01:32:22,010 [pool-95-thread-1] INFO  server.RaftServerConfigKeys (ConfUtils.java:logGet(46)) - raft.server.log.queue.element-limit = 1024 (custom)
2023-02-17 01:32:22,010 [pool-95-thread-1] INFO  server.RaftServerConfigKeys (ConfUtils.java:logGet(46)) - raft.server.log.segment.size.max = 1048576 (custom)
2023-02-17 01:32:22,010 [pool-95-thread-1] INFO  server.RaftServerConfigKeys (ConfUtils.java:logGet(46)) - raft.server.log.preallocated.size = 16384 (custom)
2023-02-17 01:32:22,010 [pool-95-thread-1] INFO  server.RaftServerConfigKeys (ConfUtils.java:logGet(46)) - raft.server.log.force.sync.num = 128 (default)
2023-02-17 01:32:22,010 [pool-95-thread-1] INFO  server.RaftServerConfigKeys (ConfUtils.java:logGet(46)) - raft.server.log.statemachine.data.sync = true (default)
2023-02-17 01:32:22,011 [EventQueue-PipelineReportForPipelineReportHandler] INFO  pipeline.PipelineManagerImpl (PipelineManagerImpl.java:openPipeline(367)) - Pipeline Pipeline[ Id: 1478227c-b32b-48ce-bffe-5dfe29aa0311, Nodes: 90b5d626-740c-4e6b-9ad1-03df535f3e79(fv-az249-264.ubt5suc3ufjutoeqyo4zsso0he.gx.internal.cloudapp.net/10.1.0.190), ReplicationConfig: RATIS/ONE, State:ALLOCATED, leaderId:90b5d626-740c-4e6b-9ad1-03df535f3e79, CreationTimestamp2023-02-17T01:32:19.001Z[Etc/UTC]] moved to OPEN state
2023-02-17 01:32:22,014 [EventQueue-OpenPipelineForHealthyPipelineSafeModeRule] INFO  safemode.SCMSafeModeManager (HealthyPipelineSafeModeRule.java:process(137)) - SCM in safe mode. Healthy pipelines reported count is 0, required healthy pipeline reported count is 1
2023-02-17 01:32:22,014 [pool-95-thread-1] INFO  server.RaftServerConfigKeys (ConfUtils.java:logGet(46)) - raft.server.log.statemachine.data.sync.timeout = 10s (default)
2023-02-17 01:32:22,015 [pool-95-thread-1] INFO  server.RaftServerConfigKeys (ConfUtils.java:logGet(46)) - raft.server.log.statemachine.data.sync.timeout.retry = -1 (default)
2023-02-17 01:32:22,016 [grpc-default-executor-0] INFO  server.RaftServer (RaftServerProxy.java:addNew(96)) - 90b5d626-740c-4e6b-9ad1-03df535f3e79: addNew group-CFE66E6C93F0:[90b5d626-740c-4e6b-9ad1-03df535f3e79|rpc:10.1.0.190:44941|dataStream:10.1.0.190:41071|priority:1|startupRole:FOLLOWER, 9f9ca560-66e6-43f3-a3dc-218554c09834|rpc:10.1.0.190:35607|dataStream:10.1.0.190:34715|priority:0|startupRole:FOLLOWER, b2981eac-b4c3-4266-a3be-ebd453a2e2b7|rpc:10.1.0.190:40169|dataStream:10.1.0.190:41231|priority:0|startupRole:FOLLOWER] returns group-CFE66E6C93F0:java.util.concurrent.CompletableFuture@2a090631[Not completed]
2023-02-17 01:32:22,017 [pool-95-thread-1] INFO  server.RaftServerConfigKeys (ConfUtils.java:logGet(46)) - raft.server.log.write.buffer.size = 1048576 (custom)
2023-02-17 01:32:22,018 [pool-95-thread-1] INFO  server.RaftServerConfigKeys (ConfUtils.java:logGet(46)) - raft.server.log.appender.buffer.byte-limit = 33554432 (custom)
2023-02-17 01:32:22,023 [pool-95-thread-1] INFO  server.RaftServerConfigKeys (ConfUtils.java:logGet(46)) - raft.server.log.unsafe-flush.enabled = false (default)
2023-02-17 01:32:22,023 [pool-95-thread-1] INFO  server.RaftServerConfigKeys (ConfUtils.java:logGet(46)) - raft.server.log.async-flush.enabled = false (default)
2023-02-17 01:32:22,023 [pool-95-thread-1] INFO  server.RaftServerConfigKeys (ConfUtils.java:logGet(46)) - raft.server.log.statemachine.data.caching.enabled = true (custom)
2023-02-17 01:32:22,023 [pool-95-thread-1] INFO  segmented.SegmentedRaftLogWorker (SegmentedRaftLogWorker.java:lambda$new$0(135)) - 90b5d626-740c-4e6b-9ad1-03df535f3e79@group-5DFE29AA0311-SegmentedRaftLogWorker: flushIndex: setUnconditionally 0 -> -1
2023-02-17 01:32:22,023 [pool-95-thread-1] INFO  segmented.SegmentedRaftLogWorker (SegmentedRaftLogWorker.java:lambda$new$0(135)) - 90b5d626-740c-4e6b-9ad1-03df535f3e79@group-5DFE29AA0311-SegmentedRaftLogWorker: safeCacheEvictIndex: setUnconditionally 0 -> -1
2023-02-17 01:32:22,024 [pool-95-thread-1] INFO  server.RaftServer$Division (RaftServerImpl.java:start(334)) - 90b5d626-740c-4e6b-9ad1-03df535f3e79@group-5DFE29AA0311: start as a follower, conf=-1: peers:[90b5d626-740c-4e6b-9ad1-03df535f3e79|rpc:10.1.0.190:44941|dataStream:10.1.0.190:41071|priority:1|startupRole:FOLLOWER]|listeners:[], old=null
2023-02-17 01:32:22,024 [pool-95-thread-1] INFO  server.RaftServer$Division (RaftServerImpl.java:setRole(321)) - 90b5d626-740c-4e6b-9ad1-03df535f3e79@group-5DFE29AA0311: changes role from      null to FOLLOWER at term 0 for startAsFollower
2023-02-17 01:32:22,024 [pool-95-thread-1] INFO  impl.RoleInfo (RoleInfo.java:updateAndGet(139)) - 90b5d626-740c-4e6b-9ad1-03df535f3e79: start 90b5d626-740c-4e6b-9ad1-03df535f3e79@group-5DFE29AA0311-FollowerState
2023-02-17 01:32:22,024 [pool-95-thread-1] INFO  util.JmxRegister (JmxRegister.java:tryRegister(44)) - Successfully registered JMX Bean with object name Ratis:service=RaftServer,group=group-5DFE29AA0311,id=90b5d626-740c-4e6b-9ad1-03df535f3e79
2023-02-17 01:32:22,024 [pool-95-thread-1] INFO  server.RaftServerConfigKeys (ConfUtils.java:logGet(46)) - raft.server.snapshot.auto.trigger.enabled = true (custom)
2023-02-17 01:32:22,024 [pool-95-thread-1] INFO  server.RaftServerConfigKeys (ConfUtils.java:logGet(46)) - raft.server.snapshot.auto.trigger.threshold = 10000 (custom)
2023-02-17 01:32:22,024 [pool-95-thread-1] INFO  server.RaftServerConfigKeys (ConfUtils.java:logGet(46)) - raft.server.snapshot.retention.file.num = 5 (custom)
2023-02-17 01:32:22,024 [pool-95-thread-1] INFO  server.RaftServerConfigKeys (ConfUtils.java:logGet(46)) - raft.server.log.purge.upto.snapshot.index = false (default)
2023-02-17 01:32:22,025 [90b5d626-740c-4e6b-9ad1-03df535f3e79@group-5DFE29AA0311-FollowerState] INFO  server.RaftServerConfigKeys (ConfUtils.java:logFallback(53)) - raft.server.rpc.first-election.timeout.min = 5s (fallback to raft.server.rpc.timeout.min)
2023-02-17 01:32:22,026 [pool-95-thread-1] INFO  server.RaftServer$Division (RaftServerImpl.java:<init>(195)) - 90b5d626-740c-4e6b-9ad1-03df535f3e79: new RaftServerImpl for group-CFE66E6C93F0:[90b5d626-740c-4e6b-9ad1-03df535f3e79|rpc:10.1.0.190:44941|dataStream:10.1.0.190:41071|priority:1|startupRole:FOLLOWER, 9f9ca560-66e6-43f3-a3dc-218554c09834|rpc:10.1.0.190:35607|dataStream:10.1.0.190:34715|priority:0|startupRole:FOLLOWER, b2981eac-b4c3-4266-a3be-ebd453a2e2b7|rpc:10.1.0.190:40169|dataStream:10.1.0.190:41231|priority:0|startupRole:FOLLOWER] with ContainerStateMachine:uninitialized
2023-02-17 01:32:22,027 [pool-95-thread-1] INFO  server.RaftServerConfigKeys (ConfUtils.java:logGet(46)) - raft.server.rpc.timeout.min = 5s (custom)
2023-02-17 01:32:22,027 [pool-95-thread-1] INFO  server.RaftServerConfigKeys (ConfUtils.java:logGet(46)) - raft.server.rpc.timeout.max = 5200ms (custom)
2023-02-17 01:32:22,027 [pool-95-thread-1] INFO  server.RaftServerConfigKeys (ConfUtils.java:logGet(46)) - raft.server.rpc.sleep.time = 25ms (default)
2023-02-17 01:32:22,027 [pool-95-thread-1] INFO  server.RaftServerConfigKeys (ConfUtils.java:logGet(46)) - raft.server.rpc.slowness.timeout = 300000ms (custom)
2023-02-17 01:32:22,028 [pool-95-thread-1] INFO  server.RaftServerConfigKeys (ConfUtils.java:logGet(46)) - raft.server.leaderelection.leader.step-down.wait-time = 10s (default)
2023-02-17 01:32:22,028 [pool-95-thread-1] INFO  server.RaftServerConfigKeys (ConfUtils.java:logGet(46)) - raft.server.sleep.deviation.threshold = 300ms (default)
2023-02-17 01:32:22,028 [pool-95-thread-1] INFO  server.RaftServer$Division (ServerState.java:<init>(118)) - 90b5d626-740c-4e6b-9ad1-03df535f3e79@group-CFE66E6C93F0: ConfigurationManager, init=-1: peers:[90b5d626-740c-4e6b-9ad1-03df535f3e79|rpc:10.1.0.190:44941|dataStream:10.1.0.190:41071|priority:1|startupRole:FOLLOWER, 9f9ca560-66e6-43f3-a3dc-218554c09834|rpc:10.1.0.190:35607|dataStream:10.1.0.190:34715|priority:0|startupRole:FOLLOWER, b2981eac-b4c3-4266-a3be-ebd453a2e2b7|rpc:10.1.0.190:40169|dataStream:10.1.0.190:41231|priority:0|startupRole:FOLLOWER]|listeners:[], old=null, confs=<EMPTY_MAP>
2023-02-17 01:32:22,028 [pool-95-thread-1] INFO  server.RaftServerConfigKeys (ConfUtils.java:logGet(46)) - raft.server.storage.dir = [/home/runner/work/ozone/ozone/hadoop-ozone/integration-test/target/test-dir/MiniOzoneClusterImpl-699c85d0-1a2e-49ef-96e2-8d5cf650a041/datanode-1/data/ratis] (custom)
2023-02-17 01:32:22,028 [pool-95-thread-1] INFO  server.RaftServerConfigKeys (ConfUtils.java:logGet(46)) - raft.server.log.corruption.policy = EXCEPTION (default)
2023-02-17 01:32:22,028 [pool-95-thread-1] INFO  server.RaftServerConfigKeys (ConfUtils.java:logGet(46)) - raft.server.storage.free-space.min = 0MB (=0) (default)
2023-02-17 01:32:22,028 [pool-95-thread-1] INFO  server.RaftServerConfigKeys (ConfUtils.java:logGet(46)) - raft.server.notification.no-leader.timeout = 300000ms (custom)
2023-02-17 01:32:22,028 [pool-95-thread-1] INFO  server.RaftServerConfigKeys (ConfUtils.java:logGet(46)) - raft.server.retrycache.expirytime = 600000ms (custom)
2023-02-17 01:32:22,028 [pool-95-thread-1] INFO  server.RaftServerConfigKeys (ConfUtils.java:logGet(46)) - raft.server.retrycache.statistics.expirytime = 100μs (default)
2023-02-17 01:32:22,029 [pool-95-thread-1] INFO  server.RaftServerConfigKeys (ConfUtils.java:logGet(46)) - raft.server.log.appender.install.snapshot.enabled = false (custom)
2023-02-17 01:32:22,029 [pool-95-thread-1] INFO  server.RaftServerConfigKeys (ConfUtils.java:logGet(46)) - raft.server.threadpool.server.cached = true (default)
2023-02-17 01:32:22,026 [Command processor thread] INFO  ratis.XceiverServerRatis (XceiverServerRatis.java:addGroup(807)) - Created group PipelineID=1478227c-b32b-48ce-bffe-5dfe29aa0311
2023-02-17 01:32:22,029 [90b5d626-740c-4e6b-9ad1-03df535f3e79@group-5DFE29AA0311-FollowerState] INFO  server.RaftServerConfigKeys (ConfUtils.java:logFallback(53)) - raft.server.rpc.first-election.timeout.max = 5200ms (fallback to raft.server.rpc.timeout.max)
2023-02-17 01:32:22,029 [pool-95-thread-1] INFO  server.RaftServerConfigKeys (ConfUtils.java:logGet(46)) - raft.server.threadpool.server.size = 0 (default)
2023-02-17 01:32:22,031 [Command processor thread] INFO  commandhandler.CreatePipelineCommandHandler (CreatePipelineCommandHandler.java:handle(113)) - Created Pipeline RATIS ONE PipelineID=1478227c-b32b-48ce-bffe-5dfe29aa0311.
2023-02-17 01:32:22,033 [pool-95-thread-1] INFO  server.RaftServerConfigKeys (ConfUtils.java:logGet(46)) - raft.server.threadpool.client.cached = true (default)
2023-02-17 01:32:22,033 [pool-95-thread-1] INFO  server.RaftServerConfigKeys (ConfUtils.java:logGet(46)) - raft.server.threadpool.client.size = 0 (default)
2023-02-17 01:32:22,033 [pool-95-thread-1] INFO  storage.RaftStorageDirectory (RaftStorageDirectoryImpl.java:analyzeStorage(137)) - The storage directory /home/runner/work/ozone/ozone/hadoop-ozone/integration-test/target/test-dir/MiniOzoneClusterImpl-699c85d0-1a2e-49ef-96e2-8d5cf650a041/datanode-1/data/ratis/f7298cde-bae2-4f16-aa73-cfe66e6c93f0 does not exist. Creating ...
2023-02-17 01:32:22,034 [pool-95-thread-1] INFO  storage.RaftStorageDirectory (RaftStorageDirectoryImpl.java:tryLock(231)) - Lock on /home/runner/work/ozone/ozone/hadoop-ozone/integration-test/target/test-dir/MiniOzoneClusterImpl-699c85d0-1a2e-49ef-96e2-8d5cf650a041/datanode-1/data/ratis/f7298cde-bae2-4f16-aa73-cfe66e6c93f0/in_use.lock acquired by nodename 65990@fv-az249-264
2023-02-17 01:32:22,035 [pool-95-thread-1] INFO  storage.RaftStorage (RaftStorageImpl.java:format(96)) - Storage directory /home/runner/work/ozone/ozone/hadoop-ozone/integration-test/target/test-dir/MiniOzoneClusterImpl-699c85d0-1a2e-49ef-96e2-8d5cf650a041/datanode-1/data/ratis/f7298cde-bae2-4f16-aa73-cfe66e6c93f0 has been successfully formatted.
2023-02-17 01:32:22,036 [pool-95-thread-1] INFO  ratis.ContainerStateMachine (ContainerStateMachine.java:loadSnapshot(240)) - group-CFE66E6C93F0: The snapshot info is null. Setting the last applied indexto:(t:0, i:~)
2023-02-17 01:32:22,036 [pool-95-thread-1] INFO  server.RaftServerConfigKeys (ConfUtils.java:logGet(46)) - raft.server.log.use.memory = false (default)
2023-02-17 01:32:22,036 [pool-95-thread-1] INFO  server.RaftServerConfigKeys (ConfUtils.java:logGet(46)) - raft.server.log.purge.gap = 1000000 (custom)
2023-02-17 01:32:22,036 [pool-95-thread-1] INFO  server.RaftServerConfigKeys (ConfUtils.java:logGet(46)) - raft.server.log.appender.buffer.byte-limit = 33554432 (custom)
2023-02-17 01:32:22,036 [pool-95-thread-1] INFO  server.RaftServerConfigKeys (ConfUtils.java:logGet(46)) - raft.server.log.statemachine.data.read.timeout = 1000ms (default)
2023-02-17 01:32:22,036 [pool-95-thread-1] INFO  server.RaftServerConfigKeys (ConfUtils.java:logGet(46)) - raft.server.log.purge.preservation.log.num = 0 (default)
2023-02-17 01:32:22,038 [pool-95-thread-1] INFO  server.RaftServerConfigKeys (ConfUtils.java:logGet(46)) - raft.server.log.segment.size.max = 1048576 (custom)
2023-02-17 01:32:22,038 [pool-95-thread-1] INFO  server.RaftServerConfigKeys (ConfUtils.java:logGet(46)) - raft.server.log.segment.cache.num.max = 2 (custom)
2023-02-17 01:32:22,038 [pool-95-thread-1] INFO  server.RaftServerConfigKeys (ConfUtils.java:logGet(46)) - raft.server.log.segment.cache.size.max = 200MB (=209715200) (default)
2023-02-17 01:32:22,038 [pool-95-thread-1] INFO  segmented.SegmentedRaftLogWorker (SegmentedRaftLogWorker.java:<init>(189)) - new 90b5d626-740c-4e6b-9ad1-03df535f3e79@group-CFE66E6C93F0-SegmentedRaftLogWorker for RaftStorageImpl:Storage Directory /home/runner/work/ozone/ozone/hadoop-ozone/integration-test/target/test-dir/MiniOzoneClusterImpl-699c85d0-1a2e-49ef-96e2-8d5cf650a041/datanode-1/data/ratis/f7298cde-bae2-4f16-aa73-cfe66e6c93f0
2023-02-17 01:32:22,038 [pool-95-thread-1] INFO  server.RaftServerConfigKeys (ConfUtils.java:logGet(46)) - raft.server.log.queue.byte-limit = 4294967296 (custom)
2023-02-17 01:32:22,038 [pool-95-thread-1] INFO  server.RaftServerConfigKeys (ConfUtils.java:logGet(46)) - raft.server.log.queue.element-limit = 1024 (custom)
2023-02-17 01:32:22,039 [pool-95-thread-1] INFO  server.RaftServerConfigKeys (ConfUtils.java:logGet(46)) - raft.server.log.segment.size.max = 1048576 (custom)
2023-02-17 01:32:22,039 [pool-95-thread-1] INFO  server.RaftServerConfigKeys (ConfUtils.java:logGet(46)) - raft.server.log.preallocated.size = 16384 (custom)
2023-02-17 01:32:22,039 [pool-95-thread-1] INFO  server.RaftServerConfigKeys (ConfUtils.java:logGet(46)) - raft.server.log.force.sync.num = 128 (default)
2023-02-17 01:32:22,039 [pool-95-thread-1] INFO  server.RaftServerConfigKeys (ConfUtils.java:logGet(46)) - raft.server.log.statemachine.data.sync = true (default)
2023-02-17 01:32:22,039 [pool-95-thread-1] INFO  server.RaftServerConfigKeys (ConfUtils.java:logGet(46)) - raft.server.log.statemachine.data.sync.timeout = 10s (default)
2023-02-17 01:32:22,039 [pool-95-thread-1] INFO  server.RaftServerConfigKeys (ConfUtils.java:logGet(46)) - raft.server.log.statemachine.data.sync.timeout.retry = -1 (default)
2023-02-17 01:32:22,039 [pool-95-thread-1] INFO  server.RaftServerConfigKeys (ConfUtils.java:logGet(46)) - raft.server.log.write.buffer.size = 1048576 (custom)
2023-02-17 01:32:22,039 [EventQueue-OpenPipelineForHealthyPipelineSafeModeRule] INFO  safemode.SCMSafeModeManager (HealthyPipelineSafeModeRule.java:process(137)) - SCM in safe mode. Healthy pipelines reported count is 0, required healthy pipeline reported count is 1
2023-02-17 01:32:22,040 [pool-95-thread-1] INFO  server.RaftServerConfigKeys (ConfUtils.java:logGet(46)) - raft.server.log.appender.buffer.byte-limit = 33554432 (custom)
2023-02-17 01:32:22,048 [pool-95-thread-1] INFO  server.RaftServerConfigKeys (ConfUtils.java:logGet(46)) - raft.server.log.unsafe-flush.enabled = false (default)
2023-02-17 01:32:22,048 [pool-95-thread-1] INFO  server.RaftServerConfigKeys (ConfUtils.java:logGet(46)) - raft.server.log.async-flush.enabled = false (default)
2023-02-17 01:32:22,050 [pool-95-thread-1] INFO  server.RaftServerConfigKeys (ConfUtils.java:logGet(46)) - raft.server.log.statemachine.data.caching.enabled = true (custom)
2023-02-17 01:32:22,050 [pool-95-thread-1] INFO  segmented.SegmentedRaftLogWorker (SegmentedRaftLogWorker.java:lambda$new$0(135)) - 90b5d626-740c-4e6b-9ad1-03df535f3e79@group-CFE66E6C93F0-SegmentedRaftLogWorker: flushIndex: setUnconditionally 0 -> -1
2023-02-17 01:32:22,050 [pool-95-thread-1] INFO  segmented.SegmentedRaftLogWorker (SegmentedRaftLogWorker.java:lambda$new$0(135)) - 90b5d626-740c-4e6b-9ad1-03df535f3e79@group-CFE66E6C93F0-SegmentedRaftLogWorker: safeCacheEvictIndex: setUnconditionally 0 -> -1
2023-02-17 01:32:22,050 [pool-95-thread-1] INFO  server.RaftServer$Division (RaftServerImpl.java:start(334)) - 90b5d626-740c-4e6b-9ad1-03df535f3e79@group-CFE66E6C93F0: start as a follower, conf=-1: peers:[90b5d626-740c-4e6b-9ad1-03df535f3e79|rpc:10.1.0.190:44941|dataStream:10.1.0.190:41071|priority:1|startupRole:FOLLOWER, 9f9ca560-66e6-43f3-a3dc-218554c09834|rpc:10.1.0.190:35607|dataStream:10.1.0.190:34715|priority:0|startupRole:FOLLOWER, b2981eac-b4c3-4266-a3be-ebd453a2e2b7|rpc:10.1.0.190:40169|dataStream:10.1.0.190:41231|priority:0|startupRole:FOLLOWER]|listeners:[], old=null
2023-02-17 01:32:22,050 [pool-95-thread-1] INFO  server.RaftServer$Division (RaftServerImpl.java:setRole(321)) - 90b5d626-740c-4e6b-9ad1-03df535f3e79@group-CFE66E6C93F0: changes role from      null to FOLLOWER at term 0 for startAsFollower
2023-02-17 01:32:22,050 [pool-95-thread-1] INFO  impl.RoleInfo (RoleInfo.java:updateAndGet(139)) - 90b5d626-740c-4e6b-9ad1-03df535f3e79: start 90b5d626-740c-4e6b-9ad1-03df535f3e79@group-CFE66E6C93F0-FollowerState
2023-02-17 01:32:22,055 [pool-95-thread-1] INFO  util.JmxRegister (JmxRegister.java:tryRegister(44)) - Successfully registered JMX Bean with object name Ratis:service=RaftServer,group=group-CFE66E6C93F0,id=90b5d626-740c-4e6b-9ad1-03df535f3e79
2023-02-17 01:32:22,055 [pool-95-thread-1] INFO  server.RaftServerConfigKeys (ConfUtils.java:logGet(46)) - raft.server.snapshot.auto.trigger.enabled = true (custom)
2023-02-17 01:32:22,055 [pool-95-thread-1] INFO  server.RaftServerConfigKeys (ConfUtils.java:logGet(46)) - raft.server.snapshot.auto.trigger.threshold = 10000 (custom)
2023-02-17 01:32:22,055 [pool-95-thread-1] INFO  server.RaftServerConfigKeys (ConfUtils.java:logGet(46)) - raft.server.snapshot.retention.file.num = 5 (custom)
2023-02-17 01:32:22,055 [pool-95-thread-1] INFO  server.RaftServerConfigKeys (ConfUtils.java:logGet(46)) - raft.server.log.purge.upto.snapshot.index = false (default)
2023-02-17 01:32:22,057 [90b5d626-740c-4e6b-9ad1-03df535f3e79@group-CFE66E6C93F0-FollowerState] INFO  server.RaftServerConfigKeys (ConfUtils.java:logFallback(53)) - raft.server.rpc.first-election.timeout.min = 5s (fallback to raft.server.rpc.timeout.min)
2023-02-17 01:32:22,058 [90b5d626-740c-4e6b-9ad1-03df535f3e79@group-CFE66E6C93F0-FollowerState] INFO  server.RaftServerConfigKeys (ConfUtils.java:logFallback(53)) - raft.server.rpc.first-election.timeout.max = 5200ms (fallback to raft.server.rpc.timeout.max)
2023-02-17 01:32:22,084 [grpc-default-executor-0] INFO  server.RaftServer (RaftServerProxy.java:addNew(96)) - 9f9ca560-66e6-43f3-a3dc-218554c09834: addNew group-CFE66E6C93F0:[90b5d626-740c-4e6b-9ad1-03df535f3e79|rpc:10.1.0.190:44941|dataStream:10.1.0.190:41071|priority:1|startupRole:FOLLOWER, 9f9ca560-66e6-43f3-a3dc-218554c09834|rpc:10.1.0.190:35607|dataStream:10.1.0.190:34715|priority:0|startupRole:FOLLOWER, b2981eac-b4c3-4266-a3be-ebd453a2e2b7|rpc:10.1.0.190:40169|dataStream:10.1.0.190:41231|priority:0|startupRole:FOLLOWER] returns group-CFE66E6C93F0:java.util.concurrent.CompletableFuture@7306d095[Not completed]
2023-02-17 01:32:22,085 [pool-117-thread-1] INFO  server.RaftServer$Division (RaftServerImpl.java:<init>(195)) - 9f9ca560-66e6-43f3-a3dc-218554c09834: new RaftServerImpl for group-CFE66E6C93F0:[90b5d626-740c-4e6b-9ad1-03df535f3e79|rpc:10.1.0.190:44941|dataStream:10.1.0.190:41071|priority:1|startupRole:FOLLOWER, 9f9ca560-66e6-43f3-a3dc-218554c09834|rpc:10.1.0.190:35607|dataStream:10.1.0.190:34715|priority:0|startupRole:FOLLOWER, b2981eac-b4c3-4266-a3be-ebd453a2e2b7|rpc:10.1.0.190:40169|dataStream:10.1.0.190:41231|priority:0|startupRole:FOLLOWER] with ContainerStateMachine:uninitialized
2023-02-17 01:32:22,085 [pool-117-thread-1] INFO  server.RaftServerConfigKeys (ConfUtils.java:logGet(46)) - raft.server.rpc.timeout.min = 5s (custom)
2023-02-17 01:32:22,086 [pool-117-thread-1] INFO  server.RaftServerConfigKeys (ConfUtils.java:logGet(46)) - raft.server.rpc.timeout.max = 5200ms (custom)
2023-02-17 01:32:22,086 [pool-117-thread-1] INFO  server.RaftServerConfigKeys (ConfUtils.java:logGet(46)) - raft.server.rpc.sleep.time = 25ms (default)
2023-02-17 01:32:22,086 [pool-117-thread-1] INFO  server.RaftServerConfigKeys (ConfUtils.java:logGet(46)) - raft.server.rpc.slowness.timeout = 300000ms (custom)
2023-02-17 01:32:22,086 [pool-117-thread-1] INFO  server.RaftServerConfigKeys (ConfUtils.java:logGet(46)) - raft.server.leaderelection.leader.step-down.wait-time = 10s (default)
2023-02-17 01:32:22,086 [pool-117-thread-1] INFO  server.RaftServerConfigKeys (ConfUtils.java:logGet(46)) - raft.server.sleep.deviation.threshold = 300ms (default)
2023-02-17 01:32:22,086 [pool-117-thread-1] INFO  server.RaftServer$Division (ServerState.java:<init>(118)) - 9f9ca560-66e6-43f3-a3dc-218554c09834@group-CFE66E6C93F0: ConfigurationManager, init=-1: peers:[90b5d626-740c-4e6b-9ad1-03df535f3e79|rpc:10.1.0.190:44941|dataStream:10.1.0.190:41071|priority:1|startupRole:FOLLOWER, 9f9ca560-66e6-43f3-a3dc-218554c09834|rpc:10.1.0.190:35607|dataStream:10.1.0.190:34715|priority:0|startupRole:FOLLOWER, b2981eac-b4c3-4266-a3be-ebd453a2e2b7|rpc:10.1.0.190:40169|dataStream:10.1.0.190:41231|priority:0|startupRole:FOLLOWER]|listeners:[], old=null, confs=<EMPTY_MAP>
2023-02-17 01:32:22,086 [pool-117-thread-1] INFO  server.RaftServerConfigKeys (ConfUtils.java:logGet(46)) - raft.server.storage.dir = [/home/runner/work/ozone/ozone/hadoop-ozone/integration-test/target/test-dir/MiniOzoneClusterImpl-699c85d0-1a2e-49ef-96e2-8d5cf650a041/datanode-2/data/ratis] (custom)
2023-02-17 01:32:22,086 [pool-117-thread-1] INFO  server.RaftServerConfigKeys (ConfUtils.java:logGet(46)) - raft.server.log.corruption.policy = EXCEPTION (default)
2023-02-17 01:32:22,086 [pool-117-thread-1] INFO  server.RaftServerConfigKeys (ConfUtils.java:logGet(46)) - raft.server.storage.free-space.min = 0MB (=0) (default)
2023-02-17 01:32:22,086 [pool-117-thread-1] INFO  server.RaftServerConfigKeys (ConfUtils.java:logGet(46)) - raft.server.notification.no-leader.timeout = 300000ms (custom)
2023-02-17 01:32:22,086 [pool-117-thread-1] INFO  server.RaftServerConfigKeys (ConfUtils.java:logGet(46)) - raft.server.retrycache.expirytime = 600000ms (custom)
2023-02-17 01:32:22,086 [pool-117-thread-1] INFO  server.RaftServerConfigKeys (ConfUtils.java:logGet(46)) - raft.server.retrycache.statistics.expirytime = 100μs (default)
2023-02-17 01:32:22,087 [pool-117-thread-1] INFO  server.RaftServerConfigKeys (ConfUtils.java:logGet(46)) - raft.server.log.appender.install.snapshot.enabled = false (custom)
2023-02-17 01:32:22,087 [pool-117-thread-1] INFO  server.RaftServerConfigKeys (ConfUtils.java:logGet(46)) - raft.server.threadpool.server.cached = true (default)
2023-02-17 01:32:22,087 [pool-117-thread-1] INFO  server.RaftServerConfigKeys (ConfUtils.java:logGet(46)) - raft.server.threadpool.server.size = 0 (default)
2023-02-17 01:32:22,087 [pool-117-thread-1] INFO  server.RaftServerConfigKeys (ConfUtils.java:logGet(46)) - raft.server.threadpool.client.cached = true (default)
2023-02-17 01:32:22,087 [pool-117-thread-1] INFO  server.RaftServerConfigKeys (ConfUtils.java:logGet(46)) - raft.server.threadpool.client.size = 0 (default)
2023-02-17 01:32:22,087 [pool-117-thread-1] INFO  storage.RaftStorageDirectory (RaftStorageDirectoryImpl.java:analyzeStorage(137)) - The storage directory /home/runner/work/ozone/ozone/hadoop-ozone/integration-test/target/test-dir/MiniOzoneClusterImpl-699c85d0-1a2e-49ef-96e2-8d5cf650a041/datanode-2/data/ratis/f7298cde-bae2-4f16-aa73-cfe66e6c93f0 does not exist. Creating ...
2023-02-17 01:32:22,089 [pool-117-thread-1] INFO  storage.RaftStorageDirectory (RaftStorageDirectoryImpl.java:tryLock(231)) - Lock on /home/runner/work/ozone/ozone/hadoop-ozone/integration-test/target/test-dir/MiniOzoneClusterImpl-699c85d0-1a2e-49ef-96e2-8d5cf650a041/datanode-2/data/ratis/f7298cde-bae2-4f16-aa73-cfe66e6c93f0/in_use.lock acquired by nodename 65990@fv-az249-264
2023-02-17 01:32:22,090 [pool-117-thread-1] INFO  storage.RaftStorage (RaftStorageImpl.java:format(96)) - Storage directory /home/runner/work/ozone/ozone/hadoop-ozone/integration-test/target/test-dir/MiniOzoneClusterImpl-699c85d0-1a2e-49ef-96e2-8d5cf650a041/datanode-2/data/ratis/f7298cde-bae2-4f16-aa73-cfe66e6c93f0 has been successfully formatted.
2023-02-17 01:32:22,090 [pool-117-thread-1] INFO  ratis.ContainerStateMachine (ContainerStateMachine.java:loadSnapshot(240)) - group-CFE66E6C93F0: The snapshot info is null. Setting the last applied indexto:(t:0, i:~)
2023-02-17 01:32:22,091 [pool-117-thread-1] INFO  server.RaftServerConfigKeys (ConfUtils.java:logGet(46)) - raft.server.log.use.memory = false (default)
2023-02-17 01:32:22,093 [pool-117-thread-1] INFO  server.RaftServerConfigKeys (ConfUtils.java:logGet(46)) - raft.server.log.purge.gap = 1000000 (custom)
2023-02-17 01:32:22,093 [pool-117-thread-1] INFO  server.RaftServerConfigKeys (ConfUtils.java:logGet(46)) - raft.server.log.appender.buffer.byte-limit = 33554432 (custom)
2023-02-17 01:32:22,094 [pool-117-thread-1] INFO  server.RaftServerConfigKeys (ConfUtils.java:logGet(46)) - raft.server.log.statemachine.data.read.timeout = 1000ms (default)
2023-02-17 01:32:22,094 [pool-117-thread-1] INFO  server.RaftServerConfigKeys (ConfUtils.java:logGet(46)) - raft.server.log.purge.preservation.log.num = 0 (default)
2023-02-17 01:32:22,094 [pool-117-thread-1] INFO  server.RaftServerConfigKeys (ConfUtils.java:logGet(46)) - raft.server.log.segment.size.max = 1048576 (custom)
2023-02-17 01:32:22,094 [pool-117-thread-1] INFO  server.RaftServerConfigKeys (ConfUtils.java:logGet(46)) - raft.server.log.segment.cache.num.max = 2 (custom)
2023-02-17 01:32:22,094 [pool-117-thread-1] INFO  server.RaftServerConfigKeys (ConfUtils.java:logGet(46)) - raft.server.log.segment.cache.size.max = 200MB (=209715200) (default)
2023-02-17 01:32:22,094 [pool-117-thread-1] INFO  segmented.SegmentedRaftLogWorker (SegmentedRaftLogWorker.java:<init>(189)) - new 9f9ca560-66e6-43f3-a3dc-218554c09834@group-CFE66E6C93F0-SegmentedRaftLogWorker for RaftStorageImpl:Storage Directory /home/runner/work/ozone/ozone/hadoop-ozone/integration-test/target/test-dir/MiniOzoneClusterImpl-699c85d0-1a2e-49ef-96e2-8d5cf650a041/datanode-2/data/ratis/f7298cde-bae2-4f16-aa73-cfe66e6c93f0
2023-02-17 01:32:22,094 [pool-117-thread-1] INFO  server.RaftServerConfigKeys (ConfUtils.java:logGet(46)) - raft.server.log.queue.byte-limit = 4294967296 (custom)
2023-02-17 01:32:22,094 [pool-117-thread-1] INFO  server.RaftServerConfigKeys (ConfUtils.java:logGet(46)) - raft.server.log.queue.element-limit = 1024 (custom)
2023-02-17 01:32:22,094 [pool-117-thread-1] INFO  server.RaftServerConfigKeys (ConfUtils.java:logGet(46)) - raft.server.log.segment.size.max = 1048576 (custom)
2023-02-17 01:32:22,094 [pool-117-thread-1] INFO  server.RaftServerConfigKeys (ConfUtils.java:logGet(46)) - raft.server.log.preallocated.size = 16384 (custom)
2023-02-17 01:32:22,095 [pool-117-thread-1] INFO  server.RaftServerConfigKeys (ConfUtils.java:logGet(46)) - raft.server.log.force.sync.num = 128 (default)
2023-02-17 01:32:22,095 [pool-117-thread-1] INFO  server.RaftServerConfigKeys (ConfUtils.java:logGet(46)) - raft.server.log.statemachine.data.sync = true (default)
2023-02-17 01:32:22,095 [pool-117-thread-1] INFO  server.RaftServerConfigKeys (ConfUtils.java:logGet(46)) - raft.server.log.statemachine.data.sync.timeout = 10s (default)
2023-02-17 01:32:22,095 [pool-117-thread-1] INFO  server.RaftServerConfigKeys (ConfUtils.java:logGet(46)) - raft.server.log.statemachine.data.sync.timeout.retry = -1 (default)
2023-02-17 01:32:22,095 [pool-117-thread-1] INFO  server.RaftServerConfigKeys (ConfUtils.java:logGet(46)) - raft.server.log.write.buffer.size = 1048576 (custom)
2023-02-17 01:32:22,096 [pool-117-thread-1] INFO  server.RaftServerConfigKeys (ConfUtils.java:logGet(46)) - raft.server.log.appender.buffer.byte-limit = 33554432 (custom)
2023-02-17 01:32:22,346 [JvmPauseMonitor5] WARN  util.JvmPauseMonitor (JvmPauseMonitor.java:detectPause(126)) - JvmPauseMonitor-b89e5d3c-4eef-45e0-ba5c-9f890042010d: Detected pause in JVM or host machine (eg GC): pause of approximately 109999563ns.
GC pool 'PS MarkSweep' had collection(s): count=1 time=174ms
GC pool 'PS Scavenge' had collection(s): count=1 time=75ms
2023-02-17 01:32:22,346 [Listener at 127.0.0.1/36463] INFO  ozone.MiniOzoneClusterImpl (MiniOzoneClusterImpl.java:lambda$waitForClusterToBeReady$0(218)) - Nodes are ready. Got 5 of 5 DN Heartbeats.
2023-02-17 01:32:22,353 [Listener at 127.0.0.1/36463] INFO  ozone.MiniOzoneClusterImpl (MiniOzoneClusterImpl.java:lambda$waitForClusterToBeReady$0(221)) - Waiting for cluster to exit safe mode
2023-02-17 01:32:22,353 [Listener at 127.0.0.1/36463] INFO  ozone.MiniOzoneClusterImpl (MiniOzoneClusterImpl.java:lambda$waitForClusterToBeReady$0(223)) - SCM became leader
2023-02-17 01:32:22,361 [pool-117-thread-1] INFO  server.RaftServerConfigKeys (ConfUtils.java:logGet(46)) - raft.server.log.unsafe-flush.enabled = false (default)
2023-02-17 01:32:22,361 [pool-117-thread-1] INFO  server.RaftServerConfigKeys (ConfUtils.java:logGet(46)) - raft.server.log.async-flush.enabled = false (default)
2023-02-17 01:32:22,361 [pool-117-thread-1] INFO  server.RaftServerConfigKeys (ConfUtils.java:logGet(46)) - raft.server.log.statemachine.data.caching.enabled = true (custom)
2023-02-17 01:32:22,361 [pool-117-thread-1] INFO  segmented.SegmentedRaftLogWorker (SegmentedRaftLogWorker.java:lambda$new$0(135)) - 9f9ca560-66e6-43f3-a3dc-218554c09834@group-CFE66E6C93F0-SegmentedRaftLogWorker: flushIndex: setUnconditionally 0 -> -1
2023-02-17 01:32:22,361 [pool-117-thread-1] INFO  segmented.SegmentedRaftLogWorker (SegmentedRaftLogWorker.java:lambda$new$0(135)) - 9f9ca560-66e6-43f3-a3dc-218554c09834@group-CFE66E6C93F0-SegmentedRaftLogWorker: safeCacheEvictIndex: setUnconditionally 0 -> -1
2023-02-17 01:32:22,365 [pool-117-thread-1] INFO  server.RaftServer$Division (RaftServerImpl.java:start(334)) - 9f9ca560-66e6-43f3-a3dc-218554c09834@group-CFE66E6C93F0: start as a follower, conf=-1: peers:[90b5d626-740c-4e6b-9ad1-03df535f3e79|rpc:10.1.0.190:44941|dataStream:10.1.0.190:41071|priority:1|startupRole:FOLLOWER, 9f9ca560-66e6-43f3-a3dc-218554c09834|rpc:10.1.0.190:35607|dataStream:10.1.0.190:34715|priority:0|startupRole:FOLLOWER, b2981eac-b4c3-4266-a3be-ebd453a2e2b7|rpc:10.1.0.190:40169|dataStream:10.1.0.190:41231|priority:0|startupRole:FOLLOWER]|listeners:[], old=null
2023-02-17 01:32:22,365 [pool-117-thread-1] INFO  server.RaftServer$Division (RaftServerImpl.java:setRole(321)) - 9f9ca560-66e6-43f3-a3dc-218554c09834@group-CFE66E6C93F0: changes role from      null to FOLLOWER at term 0 for startAsFollower
2023-02-17 01:32:22,365 [pool-117-thread-1] INFO  impl.RoleInfo (RoleInfo.java:updateAndGet(139)) - 9f9ca560-66e6-43f3-a3dc-218554c09834: start 9f9ca560-66e6-43f3-a3dc-218554c09834@group-CFE66E6C93F0-FollowerState
2023-02-17 01:32:22,366 [pool-117-thread-1] INFO  util.JmxRegister (JmxRegister.java:tryRegister(44)) - Successfully registered JMX Bean with object name Ratis:service=RaftServer,group=group-CFE66E6C93F0,id=9f9ca560-66e6-43f3-a3dc-218554c09834
2023-02-17 01:32:22,366 [pool-117-thread-1] INFO  server.RaftServerConfigKeys (ConfUtils.java:logGet(46)) - raft.server.snapshot.auto.trigger.enabled = true (custom)
2023-02-17 01:32:22,366 [pool-117-thread-1] INFO  server.RaftServerConfigKeys (ConfUtils.java:logGet(46)) - raft.server.snapshot.auto.trigger.threshold = 10000 (custom)
2023-02-17 01:32:22,366 [9f9ca560-66e6-43f3-a3dc-218554c09834@group-CFE66E6C93F0-FollowerState] INFO  server.RaftServerConfigKeys (ConfUtils.java:logFallback(53)) - raft.server.rpc.first-election.timeout.min = 5s (fallback to raft.server.rpc.timeout.min)
2023-02-17 01:32:22,366 [pool-117-thread-1] INFO  server.RaftServerConfigKeys (ConfUtils.java:logGet(46)) - raft.server.snapshot.retention.file.num = 5 (custom)
2023-02-17 01:32:22,367 [9f9ca560-66e6-43f3-a3dc-218554c09834@group-CFE66E6C93F0-FollowerState] INFO  server.RaftServerConfigKeys (ConfUtils.java:logFallback(53)) - raft.server.rpc.first-election.timeout.max = 5200ms (fallback to raft.server.rpc.timeout.max)
2023-02-17 01:32:22,367 [pool-117-thread-1] INFO  server.RaftServerConfigKeys (ConfUtils.java:logGet(46)) - raft.server.log.purge.upto.snapshot.index = false (default)
2023-02-17 01:32:22,372 [Command processor thread] INFO  commandhandler.CreatePipelineCommandHandler (CreatePipelineCommandHandler.java:handle(113)) - Created Pipeline RATIS THREE PipelineID=f7298cde-bae2-4f16-aa73-cfe66e6c93f0.
2023-02-17 01:32:22,396 [Command processor thread] INFO  server.RaftServer (RaftServerProxy.java:addNew(96)) - 9f9ca560-66e6-43f3-a3dc-218554c09834: addNew group-32EF4DB1718C:[9f9ca560-66e6-43f3-a3dc-218554c09834|rpc:10.1.0.190:35607|dataStream:10.1.0.190:34715|priority:1|startupRole:FOLLOWER] returns group-32EF4DB1718C:java.util.concurrent.CompletableFuture@cbcbadd[Not completed]
2023-02-17 01:32:22,397 [pool-117-thread-1] INFO  server.RaftServer$Division (RaftServerImpl.java:<init>(195)) - 9f9ca560-66e6-43f3-a3dc-218554c09834: new RaftServerImpl for group-32EF4DB1718C:[9f9ca560-66e6-43f3-a3dc-218554c09834|rpc:10.1.0.190:35607|dataStream:10.1.0.190:34715|priority:1|startupRole:FOLLOWER] with ContainerStateMachine:uninitialized
2023-02-17 01:32:22,397 [pool-117-thread-1] INFO  server.RaftServerConfigKeys (ConfUtils.java:logGet(46)) - raft.server.rpc.timeout.min = 5s (custom)
2023-02-17 01:32:22,397 [pool-117-thread-1] INFO  server.RaftServerConfigKeys (ConfUtils.java:logGet(46)) - raft.server.rpc.timeout.max = 5200ms (custom)
2023-02-17 01:32:22,397 [pool-117-thread-1] INFO  server.RaftServerConfigKeys (ConfUtils.java:logGet(46)) - raft.server.rpc.sleep.time = 25ms (default)
2023-02-17 01:32:22,398 [pool-117-thread-1] INFO  server.RaftServerConfigKeys (ConfUtils.java:logGet(46)) - raft.server.rpc.slowness.timeout = 300000ms (custom)
2023-02-17 01:32:22,398 [pool-117-thread-1] INFO  server.RaftServerConfigKeys (ConfUtils.java:logGet(46)) - raft.server.leaderelection.leader.step-down.wait-time = 10s (default)
2023-02-17 01:32:22,398 [pool-117-thread-1] INFO  server.RaftServerConfigKeys (ConfUtils.java:logGet(46)) - raft.server.sleep.deviation.threshold = 300ms (default)
2023-02-17 01:32:22,398 [pool-117-thread-1] INFO  server.RaftServer$Division (ServerState.java:<init>(118)) - 9f9ca560-66e6-43f3-a3dc-218554c09834@group-32EF4DB1718C: ConfigurationManager, init=-1: peers:[9f9ca560-66e6-43f3-a3dc-218554c09834|rpc:10.1.0.190:35607|dataStream:10.1.0.190:34715|priority:1|startupRole:FOLLOWER]|listeners:[], old=null, confs=<EMPTY_MAP>
2023-02-17 01:32:22,398 [pool-117-thread-1] INFO  server.RaftServerConfigKeys (ConfUtils.java:logGet(46)) - raft.server.storage.dir = [/home/runner/work/ozone/ozone/hadoop-ozone/integration-test/target/test-dir/MiniOzoneClusterImpl-699c85d0-1a2e-49ef-96e2-8d5cf650a041/datanode-2/data/ratis] (custom)
2023-02-17 01:32:22,398 [pool-117-thread-1] INFO  server.RaftServerConfigKeys (ConfUtils.java:logGet(46)) - raft.server.log.corruption.policy = EXCEPTION (default)
2023-02-17 01:32:22,398 [pool-117-thread-1] INFO  server.RaftServerConfigKeys (ConfUtils.java:logGet(46)) - raft.server.storage.free-space.min = 0MB (=0) (default)
2023-02-17 01:32:22,398 [pool-117-thread-1] INFO  server.RaftServerConfigKeys (ConfUtils.java:logGet(46)) - raft.server.notification.no-leader.timeout = 300000ms (custom)
2023-02-17 01:32:22,398 [pool-117-thread-1] INFO  server.RaftServerConfigKeys (ConfUtils.java:logGet(46)) - raft.server.retrycache.expirytime = 600000ms (custom)
2023-02-17 01:32:22,398 [pool-117-thread-1] INFO  server.RaftServerConfigKeys (ConfUtils.java:logGet(46)) - raft.server.retrycache.statistics.expirytime = 100μs (default)
2023-02-17 01:32:22,399 [pool-117-thread-1] INFO  server.RaftServerConfigKeys (ConfUtils.java:logGet(46)) - raft.server.log.appender.install.snapshot.enabled = false (custom)
2023-02-17 01:32:22,399 [pool-117-thread-1] INFO  server.RaftServerConfigKeys (ConfUtils.java:logGet(46)) - raft.server.threadpool.server.cached = true (default)
2023-02-17 01:32:22,399 [pool-117-thread-1] INFO  server.RaftServerConfigKeys (ConfUtils.java:logGet(46)) - raft.server.threadpool.server.size = 0 (default)
2023-02-17 01:32:22,399 [pool-117-thread-1] INFO  server.RaftServerConfigKeys (ConfUtils.java:logGet(46)) - raft.server.threadpool.client.cached = true (default)
2023-02-17 01:32:22,399 [pool-117-thread-1] INFO  server.RaftServerConfigKeys (ConfUtils.java:logGet(46)) - raft.server.threadpool.client.size = 0 (default)
2023-02-17 01:32:22,400 [pool-117-thread-1] INFO  storage.RaftStorageDirectory (RaftStorageDirectoryImpl.java:analyzeStorage(137)) - The storage directory /home/runner/work/ozone/ozone/hadoop-ozone/integration-test/target/test-dir/MiniOzoneClusterImpl-699c85d0-1a2e-49ef-96e2-8d5cf650a041/datanode-2/data/ratis/da0ec83c-f1d7-492d-8b4e-32ef4db1718c does not exist. Creating ...
2023-02-17 01:32:22,401 [pool-117-thread-1] INFO  storage.RaftStorageDirectory (RaftStorageDirectoryImpl.java:tryLock(231)) - Lock on /home/runner/work/ozone/ozone/hadoop-ozone/integration-test/target/test-dir/MiniOzoneClusterImpl-699c85d0-1a2e-49ef-96e2-8d5cf650a041/datanode-2/data/ratis/da0ec83c-f1d7-492d-8b4e-32ef4db1718c/in_use.lock acquired by nodename 65990@fv-az249-264
2023-02-17 01:32:22,402 [pool-117-thread-1] INFO  storage.RaftStorage (RaftStorageImpl.java:format(96)) - Storage directory /home/runner/work/ozone/ozone/hadoop-ozone/integration-test/target/test-dir/MiniOzoneClusterImpl-699c85d0-1a2e-49ef-96e2-8d5cf650a041/datanode-2/data/ratis/da0ec83c-f1d7-492d-8b4e-32ef4db1718c has been successfully formatted.
2023-02-17 01:32:22,402 [pool-117-thread-1] INFO  ratis.ContainerStateMachine (ContainerStateMachine.java:loadSnapshot(240)) - group-32EF4DB1718C: The snapshot info is null. Setting the last applied indexto:(t:0, i:~)
2023-02-17 01:32:22,402 [pool-117-thread-1] INFO  server.RaftServerConfigKeys (ConfUtils.java:logGet(46)) - raft.server.log.use.memory = false (default)
2023-02-17 01:32:22,402 [pool-117-thread-1] INFO  server.RaftServerConfigKeys (ConfUtils.java:logGet(46)) - raft.server.log.purge.gap = 1000000 (custom)
2023-02-17 01:32:22,402 [pool-117-thread-1] INFO  server.RaftServerConfigKeys (ConfUtils.java:logGet(46)) - raft.server.log.appender.buffer.byte-limit = 33554432 (custom)
2023-02-17 01:32:22,403 [pool-117-thread-1] INFO  server.RaftServerConfigKeys (ConfUtils.java:logGet(46)) - raft.server.log.statemachine.data.read.timeout = 1000ms (default)
2023-02-17 01:32:22,403 [pool-117-thread-1] INFO  server.RaftServerConfigKeys (ConfUtils.java:logGet(46)) - raft.server.log.purge.preservation.log.num = 0 (default)
2023-02-17 01:32:22,403 [pool-117-thread-1] INFO  server.RaftServerConfigKeys (ConfUtils.java:logGet(46)) - raft.server.log.segment.size.max = 1048576 (custom)
2023-02-17 01:32:22,405 [EventQueue-PipelineReportForPipelineReportHandler] INFO  pipeline.PipelineManagerImpl (PipelineManagerImpl.java:openPipeline(367)) - Pipeline Pipeline[ Id: da0ec83c-f1d7-492d-8b4e-32ef4db1718c, Nodes: 9f9ca560-66e6-43f3-a3dc-218554c09834(fv-az249-264.ubt5suc3ufjutoeqyo4zsso0he.gx.internal.cloudapp.net/10.1.0.190), ReplicationConfig: RATIS/ONE, State:ALLOCATED, leaderId:9f9ca560-66e6-43f3-a3dc-218554c09834, CreationTimestamp2023-02-17T01:32:19.399Z[Etc/UTC]] moved to OPEN state
2023-02-17 01:32:22,405 [EventQueue-OpenPipelineForHealthyPipelineSafeModeRule] INFO  safemode.SCMSafeModeManager (HealthyPipelineSafeModeRule.java:process(137)) - SCM in safe mode. Healthy pipelines reported count is 0, required healthy pipeline reported count is 1
2023-02-17 01:32:22,405 [pool-117-thread-1] INFO  server.RaftServerConfigKeys (ConfUtils.java:logGet(46)) - raft.server.log.segment.cache.num.max = 2 (custom)
2023-02-17 01:32:22,405 [pool-117-thread-1] INFO  server.RaftServerConfigKeys (ConfUtils.java:logGet(46)) - raft.server.log.segment.cache.size.max = 200MB (=209715200) (default)
2023-02-17 01:32:22,406 [pool-117-thread-1] INFO  segmented.SegmentedRaftLogWorker (SegmentedRaftLogWorker.java:<init>(189)) - new 9f9ca560-66e6-43f3-a3dc-218554c09834@group-32EF4DB1718C-SegmentedRaftLogWorker for RaftStorageImpl:Storage Directory /home/runner/work/ozone/ozone/hadoop-ozone/integration-test/target/test-dir/MiniOzoneClusterImpl-699c85d0-1a2e-49ef-96e2-8d5cf650a041/datanode-2/data/ratis/da0ec83c-f1d7-492d-8b4e-32ef4db1718c
2023-02-17 01:32:22,406 [pool-117-thread-1] INFO  server.RaftServerConfigKeys (ConfUtils.java:logGet(46)) - raft.server.log.queue.byte-limit = 4294967296 (custom)
2023-02-17 01:32:22,406 [pool-117-thread-1] INFO  server.RaftServerConfigKeys (ConfUtils.java:logGet(46)) - raft.server.log.queue.element-limit = 1024 (custom)
2023-02-17 01:32:22,406 [pool-117-thread-1] INFO  server.RaftServerConfigKeys (ConfUtils.java:logGet(46)) - raft.server.log.segment.size.max = 1048576 (custom)
2023-02-17 01:32:22,406 [pool-117-thread-1] INFO  server.RaftServerConfigKeys (ConfUtils.java:logGet(46)) - raft.server.log.preallocated.size = 16384 (custom)
2023-02-17 01:32:22,406 [pool-117-thread-1] INFO  server.RaftServerConfigKeys (ConfUtils.java:logGet(46)) - raft.server.log.force.sync.num = 128 (default)
2023-02-17 01:32:22,406 [pool-117-thread-1] INFO  server.RaftServerConfigKeys (ConfUtils.java:logGet(46)) - raft.server.log.statemachine.data.sync = true (default)
2023-02-17 01:32:22,406 [pool-117-thread-1] INFO  server.RaftServerConfigKeys (ConfUtils.java:logGet(46)) - raft.server.log.statemachine.data.sync.timeout = 10s (default)
2023-02-17 01:32:22,406 [pool-117-thread-1] INFO  server.RaftServerConfigKeys (ConfUtils.java:logGet(46)) - raft.server.log.statemachine.data.sync.timeout.retry = -1 (default)
2023-02-17 01:32:22,407 [pool-117-thread-1] INFO  server.RaftServerConfigKeys (ConfUtils.java:logGet(46)) - raft.server.log.write.buffer.size = 1048576 (custom)
2023-02-17 01:32:22,407 [pool-117-thread-1] INFO  server.RaftServerConfigKeys (ConfUtils.java:logGet(46)) - raft.server.log.appender.buffer.byte-limit = 33554432 (custom)
2023-02-17 01:32:22,410 [pool-117-thread-1] INFO  server.RaftServerConfigKeys (ConfUtils.java:logGet(46)) - raft.server.log.unsafe-flush.enabled = false (default)
2023-02-17 01:32:22,410 [pool-117-thread-1] INFO  server.RaftServerConfigKeys (ConfUtils.java:logGet(46)) - raft.server.log.async-flush.enabled = false (default)
2023-02-17 01:32:22,410 [pool-117-thread-1] INFO  server.RaftServerConfigKeys (ConfUtils.java:logGet(46)) - raft.server.log.statemachine.data.caching.enabled = true (custom)
2023-02-17 01:32:22,411 [pool-117-thread-1] INFO  segmented.SegmentedRaftLogWorker (SegmentedRaftLogWorker.java:lambda$new$0(135)) - 9f9ca560-66e6-43f3-a3dc-218554c09834@group-32EF4DB1718C-SegmentedRaftLogWorker: flushIndex: setUnconditionally 0 -> -1
2023-02-17 01:32:22,411 [pool-117-thread-1] INFO  segmented.SegmentedRaftLogWorker (SegmentedRaftLogWorker.java:lambda$new$0(135)) - 9f9ca560-66e6-43f3-a3dc-218554c09834@group-32EF4DB1718C-SegmentedRaftLogWorker: safeCacheEvictIndex: setUnconditionally 0 -> -1
2023-02-17 01:32:22,414 [pool-117-thread-1] INFO  server.RaftServer$Division (RaftServerImpl.java:start(334)) - 9f9ca560-66e6-43f3-a3dc-218554c09834@group-32EF4DB1718C: start as a follower, conf=-1: peers:[9f9ca560-66e6-43f3-a3dc-218554c09834|rpc:10.1.0.190:35607|dataStream:10.1.0.190:34715|priority:1|startupRole:FOLLOWER]|listeners:[], old=null
2023-02-17 01:32:22,414 [pool-117-thread-1] INFO  server.RaftServer$Division (RaftServerImpl.java:setRole(321)) - 9f9ca560-66e6-43f3-a3dc-218554c09834@group-32EF4DB1718C: changes role from      null to FOLLOWER at term 0 for startAsFollower
2023-02-17 01:32:22,414 [pool-117-thread-1] INFO  impl.RoleInfo (RoleInfo.java:updateAndGet(139)) - 9f9ca560-66e6-43f3-a3dc-218554c09834: start 9f9ca560-66e6-43f3-a3dc-218554c09834@group-32EF4DB1718C-FollowerState
2023-02-17 01:32:22,417 [pool-117-thread-1] INFO  util.JmxRegister (JmxRegister.java:tryRegister(44)) - Successfully registered JMX Bean with object name Ratis:service=RaftServer,group=group-32EF4DB1718C,id=9f9ca560-66e6-43f3-a3dc-218554c09834
2023-02-17 01:32:22,417 [9f9ca560-66e6-43f3-a3dc-218554c09834@group-32EF4DB1718C-FollowerState] INFO  server.RaftServerConfigKeys (ConfUtils.java:logFallback(53)) - raft.server.rpc.first-election.timeout.min = 5s (fallback to raft.server.rpc.timeout.min)
2023-02-17 01:32:22,417 [pool-117-thread-1] INFO  server.RaftServerConfigKeys (ConfUtils.java:logGet(46)) - raft.server.snapshot.auto.trigger.enabled = true (custom)
2023-02-17 01:32:22,417 [9f9ca560-66e6-43f3-a3dc-218554c09834@group-32EF4DB1718C-FollowerState] INFO  server.RaftServerConfigKeys (ConfUtils.java:logFallback(53)) - raft.server.rpc.first-election.timeout.max = 5200ms (fallback to raft.server.rpc.timeout.max)
2023-02-17 01:32:22,417 [pool-117-thread-1] INFO  server.RaftServerConfigKeys (ConfUtils.java:logGet(46)) - raft.server.snapshot.auto.trigger.threshold = 10000 (custom)
2023-02-17 01:32:22,417 [pool-117-thread-1] INFO  server.RaftServerConfigKeys (ConfUtils.java:logGet(46)) - raft.server.snapshot.retention.file.num = 5 (custom)
2023-02-17 01:32:22,417 [pool-117-thread-1] INFO  server.RaftServerConfigKeys (ConfUtils.java:logGet(46)) - raft.server.log.purge.upto.snapshot.index = false (default)
2023-02-17 01:32:22,418 [Command processor thread] INFO  ratis.XceiverServerRatis (XceiverServerRatis.java:addGroup(807)) - Created group PipelineID=da0ec83c-f1d7-492d-8b4e-32ef4db1718c
2023-02-17 01:32:22,418 [Command processor thread] INFO  commandhandler.CreatePipelineCommandHandler (CreatePipelineCommandHandler.java:handle(113)) - Created Pipeline RATIS ONE PipelineID=da0ec83c-f1d7-492d-8b4e-32ef4db1718c.
2023-02-17 01:32:22,830 [Command processor thread] INFO  server.RaftServer (RaftServerProxy.java:addNew(96)) - d782bd41-882b-47e1-953e-397b7991c8ca: addNew group-EF535F42268B:[d782bd41-882b-47e1-953e-397b7991c8ca|rpc:10.1.0.190:41127|dataStream:10.1.0.190:45055|priority:1|startupRole:FOLLOWER] returns group-EF535F42268B:java.util.concurrent.CompletableFuture@2e37bb8e[Not completed]
2023-02-17 01:32:22,833 [pool-139-thread-1] INFO  server.RaftServer$Division (RaftServerImpl.java:<init>(195)) - d782bd41-882b-47e1-953e-397b7991c8ca: new RaftServerImpl for group-EF535F42268B:[d782bd41-882b-47e1-953e-397b7991c8ca|rpc:10.1.0.190:41127|dataStream:10.1.0.190:45055|priority:1|startupRole:FOLLOWER] with ContainerStateMachine:uninitialized
2023-02-17 01:32:22,833 [pool-139-thread-1] INFO  server.RaftServerConfigKeys (ConfUtils.java:logGet(46)) - raft.server.rpc.timeout.min = 5s (custom)
2023-02-17 01:32:22,834 [pool-139-thread-1] INFO  server.RaftServerConfigKeys (ConfUtils.java:logGet(46)) - raft.server.rpc.timeout.max = 5200ms (custom)
2023-02-17 01:32:22,834 [pool-139-thread-1] INFO  server.RaftServerConfigKeys (ConfUtils.java:logGet(46)) - raft.server.rpc.sleep.time = 25ms (default)
2023-02-17 01:32:22,834 [pool-139-thread-1] INFO  server.RaftServerConfigKeys (ConfUtils.java:logGet(46)) - raft.server.rpc.slowness.timeout = 300000ms (custom)
2023-02-17 01:32:22,834 [pool-139-thread-1] INFO  server.RaftServerConfigKeys (ConfUtils.java:logGet(46)) - raft.server.leaderelection.leader.step-down.wait-time = 10s (default)
2023-02-17 01:32:22,834 [pool-139-thread-1] INFO  server.RaftServerConfigKeys (ConfUtils.java:logGet(46)) - raft.server.sleep.deviation.threshold = 300ms (default)
2023-02-17 01:32:22,834 [pool-139-thread-1] INFO  server.RaftServer$Division (ServerState.java:<init>(118)) - d782bd41-882b-47e1-953e-397b7991c8ca@group-EF535F42268B: ConfigurationManager, init=-1: peers:[d782bd41-882b-47e1-953e-397b7991c8ca|rpc:10.1.0.190:41127|dataStream:10.1.0.190:45055|priority:1|startupRole:FOLLOWER]|listeners:[], old=null, confs=<EMPTY_MAP>
2023-02-17 01:32:22,834 [pool-139-thread-1] INFO  server.RaftServerConfigKeys (ConfUtils.java:logGet(46)) - raft.server.storage.dir = [/home/runner/work/ozone/ozone/hadoop-ozone/integration-test/target/test-dir/MiniOzoneClusterImpl-699c85d0-1a2e-49ef-96e2-8d5cf650a041/datanode-3/data/ratis] (custom)
2023-02-17 01:32:22,834 [pool-139-thread-1] INFO  server.RaftServerConfigKeys (ConfUtils.java:logGet(46)) - raft.server.log.corruption.policy = EXCEPTION (default)
2023-02-17 01:32:22,834 [pool-139-thread-1] INFO  server.RaftServerConfigKeys (ConfUtils.java:logGet(46)) - raft.server.storage.free-space.min = 0MB (=0) (default)
2023-02-17 01:32:22,834 [pool-139-thread-1] INFO  server.RaftServerConfigKeys (ConfUtils.java:logGet(46)) - raft.server.notification.no-leader.timeout = 300000ms (custom)
2023-02-17 01:32:22,834 [pool-139-thread-1] INFO  server.RaftServerConfigKeys (ConfUtils.java:logGet(46)) - raft.server.retrycache.expirytime = 600000ms (custom)
2023-02-17 01:32:22,834 [pool-139-thread-1] INFO  server.RaftServerConfigKeys (ConfUtils.java:logGet(46)) - raft.server.retrycache.statistics.expirytime = 100μs (default)
2023-02-17 01:32:22,836 [pool-139-thread-1] INFO  server.RaftServerConfigKeys (ConfUtils.java:logGet(46)) - raft.server.log.appender.install.snapshot.enabled = false (custom)
2023-02-17 01:32:22,836 [pool-139-thread-1] INFO  server.RaftServerConfigKeys (ConfUtils.java:logGet(46)) - raft.server.threadpool.server.cached = true (default)
2023-02-17 01:32:22,836 [pool-139-thread-1] INFO  server.RaftServerConfigKeys (ConfUtils.java:logGet(46)) - raft.server.threadpool.server.size = 0 (default)
2023-02-17 01:32:22,836 [pool-139-thread-1] INFO  server.RaftServerConfigKeys (ConfUtils.java:logGet(46)) - raft.server.threadpool.client.cached = true (default)
2023-02-17 01:32:22,836 [pool-139-thread-1] INFO  server.RaftServerConfigKeys (ConfUtils.java:logGet(46)) - raft.server.threadpool.client.size = 0 (default)
2023-02-17 01:32:22,836 [pool-139-thread-1] INFO  storage.RaftStorageDirectory (RaftStorageDirectoryImpl.java:analyzeStorage(137)) - The storage directory /home/runner/work/ozone/ozone/hadoop-ozone/integration-test/target/test-dir/MiniOzoneClusterImpl-699c85d0-1a2e-49ef-96e2-8d5cf650a041/datanode-3/data/ratis/21facdcc-e714-40c9-ba84-ef535f42268b does not exist. Creating ...
2023-02-17 01:32:22,837 [pool-139-thread-1] INFO  storage.RaftStorageDirectory (RaftStorageDirectoryImpl.java:tryLock(231)) - Lock on /home/runner/work/ozone/ozone/hadoop-ozone/integration-test/target/test-dir/MiniOzoneClusterImpl-699c85d0-1a2e-49ef-96e2-8d5cf650a041/datanode-3/data/ratis/21facdcc-e714-40c9-ba84-ef535f42268b/in_use.lock acquired by nodename 65990@fv-az249-264
2023-02-17 01:32:22,838 [pool-139-thread-1] INFO  storage.RaftStorage (RaftStorageImpl.java:format(96)) - Storage directory /home/runner/work/ozone/ozone/hadoop-ozone/integration-test/target/test-dir/MiniOzoneClusterImpl-699c85d0-1a2e-49ef-96e2-8d5cf650a041/datanode-3/data/ratis/21facdcc-e714-40c9-ba84-ef535f42268b has been successfully formatted.
2023-02-17 01:32:22,839 [pool-139-thread-1] INFO  ratis.ContainerStateMachine (ContainerStateMachine.java:loadSnapshot(240)) - group-EF535F42268B: The snapshot info is null. Setting the last applied indexto:(t:0, i:~)
2023-02-17 01:32:22,839 [pool-139-thread-1] INFO  server.RaftServerConfigKeys (ConfUtils.java:logGet(46)) - raft.server.log.use.memory = false (default)
2023-02-17 01:32:22,839 [pool-139-thread-1] INFO  server.RaftServerConfigKeys (ConfUtils.java:logGet(46)) - raft.server.log.purge.gap = 1000000 (custom)
2023-02-17 01:32:22,840 [pool-139-thread-1] INFO  server.RaftServerConfigKeys (ConfUtils.java:logGet(46)) - raft.server.log.appender.buffer.byte-limit = 33554432 (custom)
2023-02-17 01:32:22,840 [pool-139-thread-1] INFO  server.RaftServerConfigKeys (ConfUtils.java:logGet(46)) - raft.server.log.statemachine.data.read.timeout = 1000ms (default)
2023-02-17 01:32:22,841 [EventQueue-PipelineReportForPipelineReportHandler] INFO  pipeline.PipelineManagerImpl (PipelineManagerImpl.java:openPipeline(367)) - Pipeline Pipeline[ Id: 21facdcc-e714-40c9-ba84-ef535f42268b, Nodes: d782bd41-882b-47e1-953e-397b7991c8ca(fv-az249-264.ubt5suc3ufjutoeqyo4zsso0he.gx.internal.cloudapp.net/10.1.0.190), ReplicationConfig: RATIS/ONE, State:ALLOCATED, leaderId:d782bd41-882b-47e1-953e-397b7991c8ca, CreationTimestamp2023-02-17T01:32:19.832Z[Etc/UTC]] moved to OPEN state
2023-02-17 01:32:22,845 [pool-139-thread-1] INFO  server.RaftServerConfigKeys (ConfUtils.java:logGet(46)) - raft.server.log.purge.preservation.log.num = 0 (default)
2023-02-17 01:32:22,845 [pool-139-thread-1] INFO  server.RaftServerConfigKeys (ConfUtils.java:logGet(46)) - raft.server.log.segment.size.max = 1048576 (custom)
2023-02-17 01:32:22,845 [EventQueue-OpenPipelineForHealthyPipelineSafeModeRule] INFO  safemode.SCMSafeModeManager (HealthyPipelineSafeModeRule.java:process(137)) - SCM in safe mode. Healthy pipelines reported count is 0, required healthy pipeline reported count is 1
2023-02-17 01:32:22,845 [pool-139-thread-1] INFO  server.RaftServerConfigKeys (ConfUtils.java:logGet(46)) - raft.server.log.segment.cache.num.max = 2 (custom)
2023-02-17 01:32:22,849 [pool-139-thread-1] INFO  server.RaftServerConfigKeys (ConfUtils.java:logGet(46)) - raft.server.log.segment.cache.size.max = 200MB (=209715200) (default)
2023-02-17 01:32:22,850 [pool-139-thread-1] INFO  segmented.SegmentedRaftLogWorker (SegmentedRaftLogWorker.java:<init>(189)) - new d782bd41-882b-47e1-953e-397b7991c8ca@group-EF535F42268B-SegmentedRaftLogWorker for RaftStorageImpl:Storage Directory /home/runner/work/ozone/ozone/hadoop-ozone/integration-test/target/test-dir/MiniOzoneClusterImpl-699c85d0-1a2e-49ef-96e2-8d5cf650a041/datanode-3/data/ratis/21facdcc-e714-40c9-ba84-ef535f42268b
2023-02-17 01:32:22,850 [pool-139-thread-1] INFO  server.RaftServerConfigKeys (ConfUtils.java:logGet(46)) - raft.server.log.queue.byte-limit = 4294967296 (custom)
2023-02-17 01:32:22,850 [pool-139-thread-1] INFO  server.RaftServerConfigKeys (ConfUtils.java:logGet(46)) - raft.server.log.queue.element-limit = 1024 (custom)
2023-02-17 01:32:22,850 [pool-139-thread-1] INFO  server.RaftServerConfigKeys (ConfUtils.java:logGet(46)) - raft.server.log.segment.size.max = 1048576 (custom)
2023-02-17 01:32:22,850 [pool-139-thread-1] INFO  server.RaftServerConfigKeys (ConfUtils.java:logGet(46)) - raft.server.log.preallocated.size = 16384 (custom)
2023-02-17 01:32:22,850 [pool-139-thread-1] INFO  server.RaftServerConfigKeys (ConfUtils.java:logGet(46)) - raft.server.log.force.sync.num = 128 (default)
2023-02-17 01:32:22,850 [pool-139-thread-1] INFO  server.RaftServerConfigKeys (ConfUtils.java:logGet(46)) - raft.server.log.statemachine.data.sync = true (default)
2023-02-17 01:32:22,850 [pool-139-thread-1] INFO  server.RaftServerConfigKeys (ConfUtils.java:logGet(46)) - raft.server.log.statemachine.data.sync.timeout = 10s (default)
2023-02-17 01:32:22,850 [pool-139-thread-1] INFO  server.RaftServerConfigKeys (ConfUtils.java:logGet(46)) - raft.server.log.statemachine.data.sync.timeout.retry = -1 (default)
2023-02-17 01:32:22,851 [pool-139-thread-1] INFO  server.RaftServerConfigKeys (ConfUtils.java:logGet(46)) - raft.server.log.write.buffer.size = 1048576 (custom)
2023-02-17 01:32:22,851 [pool-139-thread-1] INFO  server.RaftServerConfigKeys (ConfUtils.java:logGet(46)) - raft.server.log.appender.buffer.byte-limit = 33554432 (custom)
2023-02-17 01:32:22,854 [pool-139-thread-1] INFO  server.RaftServerConfigKeys (ConfUtils.java:logGet(46)) - raft.server.log.unsafe-flush.enabled = false (default)
2023-02-17 01:32:22,854 [pool-139-thread-1] INFO  server.RaftServerConfigKeys (ConfUtils.java:logGet(46)) - raft.server.log.async-flush.enabled = false (default)
2023-02-17 01:32:22,854 [pool-139-thread-1] INFO  server.RaftServerConfigKeys (ConfUtils.java:logGet(46)) - raft.server.log.statemachine.data.caching.enabled = true (custom)
2023-02-17 01:32:22,854 [pool-139-thread-1] INFO  segmented.SegmentedRaftLogWorker (SegmentedRaftLogWorker.java:lambda$new$0(135)) - d782bd41-882b-47e1-953e-397b7991c8ca@group-EF535F42268B-SegmentedRaftLogWorker: flushIndex: setUnconditionally 0 -> -1
2023-02-17 01:32:22,854 [pool-139-thread-1] INFO  segmented.SegmentedRaftLogWorker (SegmentedRaftLogWorker.java:lambda$new$0(135)) - d782bd41-882b-47e1-953e-397b7991c8ca@group-EF535F42268B-SegmentedRaftLogWorker: safeCacheEvictIndex: setUnconditionally 0 -> -1
2023-02-17 01:32:22,855 [pool-139-thread-1] INFO  server.RaftServer$Division (RaftServerImpl.java:start(334)) - d782bd41-882b-47e1-953e-397b7991c8ca@group-EF535F42268B: start as a follower, conf=-1: peers:[d782bd41-882b-47e1-953e-397b7991c8ca|rpc:10.1.0.190:41127|dataStream:10.1.0.190:45055|priority:1|startupRole:FOLLOWER]|listeners:[], old=null
2023-02-17 01:32:22,855 [pool-139-thread-1] INFO  server.RaftServer$Division (RaftServerImpl.java:setRole(321)) - d782bd41-882b-47e1-953e-397b7991c8ca@group-EF535F42268B: changes role from      null to FOLLOWER at term 0 for startAsFollower
2023-02-17 01:32:22,855 [pool-139-thread-1] INFO  impl.RoleInfo (RoleInfo.java:updateAndGet(139)) - d782bd41-882b-47e1-953e-397b7991c8ca: start d782bd41-882b-47e1-953e-397b7991c8ca@group-EF535F42268B-FollowerState
2023-02-17 01:32:22,855 [pool-139-thread-1] INFO  util.JmxRegister (JmxRegister.java:tryRegister(44)) - Successfully registered JMX Bean with object name Ratis:service=RaftServer,group=group-EF535F42268B,id=d782bd41-882b-47e1-953e-397b7991c8ca
2023-02-17 01:32:22,855 [pool-139-thread-1] INFO  server.RaftServerConfigKeys (ConfUtils.java:logGet(46)) - raft.server.snapshot.auto.trigger.enabled = true (custom)
2023-02-17 01:32:22,855 [pool-139-thread-1] INFO  server.RaftServerConfigKeys (ConfUtils.java:logGet(46)) - raft.server.snapshot.auto.trigger.threshold = 10000 (custom)
2023-02-17 01:32:22,855 [pool-139-thread-1] INFO  server.RaftServerConfigKeys (ConfUtils.java:logGet(46)) - raft.server.snapshot.retention.file.num = 5 (custom)
2023-02-17 01:32:22,855 [pool-139-thread-1] INFO  server.RaftServerConfigKeys (ConfUtils.java:logGet(46)) - raft.server.log.purge.upto.snapshot.index = false (default)
2023-02-17 01:32:22,856 [d782bd41-882b-47e1-953e-397b7991c8ca@group-EF535F42268B-FollowerState] INFO  server.RaftServerConfigKeys (ConfUtils.java:logFallback(53)) - raft.server.rpc.first-election.timeout.min = 5s (fallback to raft.server.rpc.timeout.min)
2023-02-17 01:32:22,856 [d782bd41-882b-47e1-953e-397b7991c8ca@group-EF535F42268B-FollowerState] INFO  server.RaftServerConfigKeys (ConfUtils.java:logFallback(53)) - raft.server.rpc.first-election.timeout.max = 5200ms (fallback to raft.server.rpc.timeout.max)
2023-02-17 01:32:22,858 [Command processor thread] INFO  ratis.XceiverServerRatis (XceiverServerRatis.java:addGroup(807)) - Created group PipelineID=21facdcc-e714-40c9-ba84-ef535f42268b
2023-02-17 01:32:22,858 [Command processor thread] INFO  commandhandler.CreatePipelineCommandHandler (CreatePipelineCommandHandler.java:handle(113)) - Created Pipeline RATIS ONE PipelineID=21facdcc-e714-40c9-ba84-ef535f42268b.
2023-02-17 01:32:23,195 [Command processor thread] INFO  server.RaftServer (RaftServerProxy.java:addNew(96)) - b89e5d3c-4eef-45e0-ba5c-9f890042010d: addNew group-574030753AE2:[b89e5d3c-4eef-45e0-ba5c-9f890042010d|rpc:10.1.0.190:40109|dataStream:10.1.0.190:42187|priority:1|startupRole:FOLLOWER] returns group-574030753AE2:java.util.concurrent.CompletableFuture@6f86d16d[Not completed]
2023-02-17 01:32:23,196 [pool-161-thread-1] INFO  server.RaftServer$Division (RaftServerImpl.java:<init>(195)) - b89e5d3c-4eef-45e0-ba5c-9f890042010d: new RaftServerImpl for group-574030753AE2:[b89e5d3c-4eef-45e0-ba5c-9f890042010d|rpc:10.1.0.190:40109|dataStream:10.1.0.190:42187|priority:1|startupRole:FOLLOWER] with ContainerStateMachine:uninitialized
2023-02-17 01:32:23,196 [pool-161-thread-1] INFO  server.RaftServerConfigKeys (ConfUtils.java:logGet(46)) - raft.server.rpc.timeout.min = 5s (custom)
2023-02-17 01:32:23,196 [pool-161-thread-1] INFO  server.RaftServerConfigKeys (ConfUtils.java:logGet(46)) - raft.server.rpc.timeout.max = 5200ms (custom)
2023-02-17 01:32:23,196 [pool-161-thread-1] INFO  server.RaftServerConfigKeys (ConfUtils.java:logGet(46)) - raft.server.rpc.sleep.time = 25ms (default)
2023-02-17 01:32:23,196 [pool-161-thread-1] INFO  server.RaftServerConfigKeys (ConfUtils.java:logGet(46)) - raft.server.rpc.slowness.timeout = 300000ms (custom)
2023-02-17 01:32:23,196 [pool-161-thread-1] INFO  server.RaftServerConfigKeys (ConfUtils.java:logGet(46)) - raft.server.leaderelection.leader.step-down.wait-time = 10s (default)
2023-02-17 01:32:23,196 [pool-161-thread-1] INFO  server.RaftServerConfigKeys (ConfUtils.java:logGet(46)) - raft.server.sleep.deviation.threshold = 300ms (default)
2023-02-17 01:32:23,196 [pool-161-thread-1] INFO  server.RaftServer$Division (ServerState.java:<init>(118)) - b89e5d3c-4eef-45e0-ba5c-9f890042010d@group-574030753AE2: ConfigurationManager, init=-1: peers:[b89e5d3c-4eef-45e0-ba5c-9f890042010d|rpc:10.1.0.190:40109|dataStream:10.1.0.190:42187|priority:1|startupRole:FOLLOWER]|listeners:[], old=null, confs=<EMPTY_MAP>
2023-02-17 01:32:23,196 [pool-161-thread-1] INFO  server.RaftServerConfigKeys (ConfUtils.java:logGet(46)) - raft.server.storage.dir = [/home/runner/work/ozone/ozone/hadoop-ozone/integration-test/target/test-dir/MiniOzoneClusterImpl-699c85d0-1a2e-49ef-96e2-8d5cf650a041/datanode-4/data/ratis] (custom)
2023-02-17 01:32:23,196 [pool-161-thread-1] INFO  server.RaftServerConfigKeys (ConfUtils.java:logGet(46)) - raft.server.log.corruption.policy = EXCEPTION (default)
2023-02-17 01:32:23,196 [pool-161-thread-1] INFO  server.RaftServerConfigKeys (ConfUtils.java:logGet(46)) - raft.server.storage.free-space.min = 0MB (=0) (default)
2023-02-17 01:32:23,197 [pool-161-thread-1] INFO  server.RaftServerConfigKeys (ConfUtils.java:logGet(46)) - raft.server.notification.no-leader.timeout = 300000ms (custom)
2023-02-17 01:32:23,197 [pool-161-thread-1] INFO  server.RaftServerConfigKeys (ConfUtils.java:logGet(46)) - raft.server.retrycache.expirytime = 600000ms (custom)
2023-02-17 01:32:23,197 [pool-161-thread-1] INFO  server.RaftServerConfigKeys (ConfUtils.java:logGet(46)) - raft.server.retrycache.statistics.expirytime = 100μs (default)
2023-02-17 01:32:23,198 [pool-161-thread-1] INFO  server.RaftServerConfigKeys (ConfUtils.java:logGet(46)) - raft.server.log.appender.install.snapshot.enabled = false (custom)
2023-02-17 01:32:23,198 [pool-161-thread-1] INFO  server.RaftServerConfigKeys (ConfUtils.java:logGet(46)) - raft.server.threadpool.server.cached = true (default)
2023-02-17 01:32:23,198 [pool-161-thread-1] INFO  server.RaftServerConfigKeys (ConfUtils.java:logGet(46)) - raft.server.threadpool.server.size = 0 (default)
2023-02-17 01:32:23,198 [pool-161-thread-1] INFO  server.RaftServerConfigKeys (ConfUtils.java:logGet(46)) - raft.server.threadpool.client.cached = true (default)
2023-02-17 01:32:23,199 [pool-161-thread-1] INFO  server.RaftServerConfigKeys (ConfUtils.java:logGet(46)) - raft.server.threadpool.client.size = 0 (default)
2023-02-17 01:32:23,199 [pool-161-thread-1] INFO  storage.RaftStorageDirectory (RaftStorageDirectoryImpl.java:analyzeStorage(137)) - The storage directory /home/runner/work/ozone/ozone/hadoop-ozone/integration-test/target/test-dir/MiniOzoneClusterImpl-699c85d0-1a2e-49ef-96e2-8d5cf650a041/datanode-4/data/ratis/b6590e57-44cc-4d3c-a429-574030753ae2 does not exist. Creating ...
2023-02-17 01:32:23,200 [pool-161-thread-1] INFO  storage.RaftStorageDirectory (RaftStorageDirectoryImpl.java:tryLock(231)) - Lock on /home/runner/work/ozone/ozone/hadoop-ozone/integration-test/target/test-dir/MiniOzoneClusterImpl-699c85d0-1a2e-49ef-96e2-8d5cf650a041/datanode-4/data/ratis/b6590e57-44cc-4d3c-a429-574030753ae2/in_use.lock acquired by nodename 65990@fv-az249-264
2023-02-17 01:32:23,202 [pool-161-thread-1] INFO  storage.RaftStorage (RaftStorageImpl.java:format(96)) - Storage directory /home/runner/work/ozone/ozone/hadoop-ozone/integration-test/target/test-dir/MiniOzoneClusterImpl-699c85d0-1a2e-49ef-96e2-8d5cf650a041/datanode-4/data/ratis/b6590e57-44cc-4d3c-a429-574030753ae2 has been successfully formatted.
2023-02-17 01:32:23,202 [pool-161-thread-1] INFO  ratis.ContainerStateMachine (ContainerStateMachine.java:loadSnapshot(240)) - group-574030753AE2: The snapshot info is null. Setting the last applied indexto:(t:0, i:~)
2023-02-17 01:32:23,203 [pool-161-thread-1] INFO  server.RaftServerConfigKeys (ConfUtils.java:logGet(46)) - raft.server.log.use.memory = false (default)
2023-02-17 01:32:23,203 [pool-161-thread-1] INFO  server.RaftServerConfigKeys (ConfUtils.java:logGet(46)) - raft.server.log.purge.gap = 1000000 (custom)
2023-02-17 01:32:23,203 [pool-161-thread-1] INFO  server.RaftServerConfigKeys (ConfUtils.java:logGet(46)) - raft.server.log.appender.buffer.byte-limit = 33554432 (custom)
2023-02-17 01:32:23,203 [pool-161-thread-1] INFO  server.RaftServerConfigKeys (ConfUtils.java:logGet(46)) - raft.server.log.statemachine.data.read.timeout = 1000ms (default)
2023-02-17 01:32:23,203 [pool-161-thread-1] INFO  server.RaftServerConfigKeys (ConfUtils.java:logGet(46)) - raft.server.log.purge.preservation.log.num = 0 (default)
2023-02-17 01:32:23,203 [pool-161-thread-1] INFO  server.RaftServerConfigKeys (ConfUtils.java:logGet(46)) - raft.server.log.segment.size.max = 1048576 (custom)
2023-02-17 01:32:23,204 [pool-161-thread-1] INFO  server.RaftServerConfigKeys (ConfUtils.java:logGet(46)) - raft.server.log.segment.cache.num.max = 2 (custom)
2023-02-17 01:32:23,205 [pool-161-thread-1] INFO  server.RaftServerConfigKeys (ConfUtils.java:logGet(46)) - raft.server.log.segment.cache.size.max = 200MB (=209715200) (default)
2023-02-17 01:32:23,205 [pool-161-thread-1] INFO  segmented.SegmentedRaftLogWorker (SegmentedRaftLogWorker.java:<init>(189)) - new b89e5d3c-4eef-45e0-ba5c-9f890042010d@group-574030753AE2-SegmentedRaftLogWorker for RaftStorageImpl:Storage Directory /home/runner/work/ozone/ozone/hadoop-ozone/integration-test/target/test-dir/MiniOzoneClusterImpl-699c85d0-1a2e-49ef-96e2-8d5cf650a041/datanode-4/data/ratis/b6590e57-44cc-4d3c-a429-574030753ae2
2023-02-17 01:32:23,205 [pool-161-thread-1] INFO  server.RaftServerConfigKeys (ConfUtils.java:logGet(46)) - raft.server.log.queue.byte-limit = 4294967296 (custom)
2023-02-17 01:32:23,205 [pool-161-thread-1] INFO  server.RaftServerConfigKeys (ConfUtils.java:logGet(46)) - raft.server.log.queue.element-limit = 1024 (custom)
2023-02-17 01:32:23,205 [pool-161-thread-1] INFO  server.RaftServerConfigKeys (ConfUtils.java:logGet(46)) - raft.server.log.segment.size.max = 1048576 (custom)
2023-02-17 01:32:23,205 [pool-161-thread-1] INFO  server.RaftServerConfigKeys (ConfUtils.java:logGet(46)) - raft.server.log.preallocated.size = 16384 (custom)
2023-02-17 01:32:23,205 [pool-161-thread-1] INFO  server.RaftServerConfigKeys (ConfUtils.java:logGet(46)) - raft.server.log.force.sync.num = 128 (default)
2023-02-17 01:32:23,205 [pool-161-thread-1] INFO  server.RaftServerConfigKeys (ConfUtils.java:logGet(46)) - raft.server.log.statemachine.data.sync = true (default)
2023-02-17 01:32:23,205 [EventQueue-PipelineReportForPipelineReportHandler] INFO  pipeline.PipelineManagerImpl (PipelineManagerImpl.java:openPipeline(367)) - Pipeline Pipeline[ Id: b6590e57-44cc-4d3c-a429-574030753ae2, Nodes: b89e5d3c-4eef-45e0-ba5c-9f890042010d(fv-az249-264.ubt5suc3ufjutoeqyo4zsso0he.gx.internal.cloudapp.net/10.1.0.190), ReplicationConfig: RATIS/ONE, State:ALLOCATED, leaderId:b89e5d3c-4eef-45e0-ba5c-9f890042010d, CreationTimestamp2023-02-17T01:32:20.201Z[Etc/UTC]] moved to OPEN state
2023-02-17 01:32:23,205 [pool-161-thread-1] INFO  server.RaftServerConfigKeys (ConfUtils.java:logGet(46)) - raft.server.log.statemachine.data.sync.timeout = 10s (default)
2023-02-17 01:32:23,206 [pool-161-thread-1] INFO  server.RaftServerConfigKeys (ConfUtils.java:logGet(46)) - raft.server.log.statemachine.data.sync.timeout.retry = -1 (default)
2023-02-17 01:32:23,206 [EventQueue-OpenPipelineForHealthyPipelineSafeModeRule] INFO  safemode.SCMSafeModeManager (HealthyPipelineSafeModeRule.java:process(137)) - SCM in safe mode. Healthy pipelines reported count is 0, required healthy pipeline reported count is 1
2023-02-17 01:32:23,206 [pool-161-thread-1] INFO  server.RaftServerConfigKeys (ConfUtils.java:logGet(46)) - raft.server.log.write.buffer.size = 1048576 (custom)
2023-02-17 01:32:23,206 [pool-161-thread-1] INFO  server.RaftServerConfigKeys (ConfUtils.java:logGet(46)) - raft.server.log.appender.buffer.byte-limit = 33554432 (custom)
2023-02-17 01:32:23,209 [pool-161-thread-1] INFO  server.RaftServerConfigKeys (ConfUtils.java:logGet(46)) - raft.server.log.unsafe-flush.enabled = false (default)
2023-02-17 01:32:23,210 [pool-161-thread-1] INFO  server.RaftServerConfigKeys (ConfUtils.java:logGet(46)) - raft.server.log.async-flush.enabled = false (default)
2023-02-17 01:32:23,210 [pool-161-thread-1] INFO  server.RaftServerConfigKeys (ConfUtils.java:logGet(46)) - raft.server.log.statemachine.data.caching.enabled = true (custom)
2023-02-17 01:32:23,210 [pool-161-thread-1] INFO  segmented.SegmentedRaftLogWorker (SegmentedRaftLogWorker.java:lambda$new$0(135)) - b89e5d3c-4eef-45e0-ba5c-9f890042010d@group-574030753AE2-SegmentedRaftLogWorker: flushIndex: setUnconditionally 0 -> -1
2023-02-17 01:32:23,210 [pool-161-thread-1] INFO  segmented.SegmentedRaftLogWorker (SegmentedRaftLogWorker.java:lambda$new$0(135)) - b89e5d3c-4eef-45e0-ba5c-9f890042010d@group-574030753AE2-SegmentedRaftLogWorker: safeCacheEvictIndex: setUnconditionally 0 -> -1
2023-02-17 01:32:23,210 [pool-161-thread-1] INFO  server.RaftServer$Division (RaftServerImpl.java:start(334)) - b89e5d3c-4eef-45e0-ba5c-9f890042010d@group-574030753AE2: start as a follower, conf=-1: peers:[b89e5d3c-4eef-45e0-ba5c-9f890042010d|rpc:10.1.0.190:40109|dataStream:10.1.0.190:42187|priority:1|startupRole:FOLLOWER]|listeners:[], old=null
2023-02-17 01:32:23,210 [pool-161-thread-1] INFO  server.RaftServer$Division (RaftServerImpl.java:setRole(321)) - b89e5d3c-4eef-45e0-ba5c-9f890042010d@group-574030753AE2: changes role from      null to FOLLOWER at term 0 for startAsFollower
2023-02-17 01:32:23,210 [pool-161-thread-1] INFO  impl.RoleInfo (RoleInfo.java:updateAndGet(139)) - b89e5d3c-4eef-45e0-ba5c-9f890042010d: start b89e5d3c-4eef-45e0-ba5c-9f890042010d@group-574030753AE2-FollowerState
2023-02-17 01:32:23,211 [pool-161-thread-1] INFO  util.JmxRegister (JmxRegister.java:tryRegister(44)) - Successfully registered JMX Bean with object name Ratis:service=RaftServer,group=group-574030753AE2,id=b89e5d3c-4eef-45e0-ba5c-9f890042010d
2023-02-17 01:32:23,211 [pool-161-thread-1] INFO  server.RaftServerConfigKeys (ConfUtils.java:logGet(46)) - raft.server.snapshot.auto.trigger.enabled = true (custom)
2023-02-17 01:32:23,211 [pool-161-thread-1] INFO  server.RaftServerConfigKeys (ConfUtils.java:logGet(46)) - raft.server.snapshot.auto.trigger.threshold = 10000 (custom)
2023-02-17 01:32:23,211 [pool-161-thread-1] INFO  server.RaftServerConfigKeys (ConfUtils.java:logGet(46)) - raft.server.snapshot.retention.file.num = 5 (custom)
2023-02-17 01:32:23,211 [pool-161-thread-1] INFO  server.RaftServerConfigKeys (ConfUtils.java:logGet(46)) - raft.server.log.purge.upto.snapshot.index = false (default)
2023-02-17 01:32:23,211 [b89e5d3c-4eef-45e0-ba5c-9f890042010d@group-574030753AE2-FollowerState] INFO  server.RaftServerConfigKeys (ConfUtils.java:logFallback(53)) - raft.server.rpc.first-election.timeout.min = 5s (fallback to raft.server.rpc.timeout.min)
2023-02-17 01:32:23,211 [b89e5d3c-4eef-45e0-ba5c-9f890042010d@group-574030753AE2-FollowerState] INFO  server.RaftServerConfigKeys (ConfUtils.java:logFallback(53)) - raft.server.rpc.first-election.timeout.max = 5200ms (fallback to raft.server.rpc.timeout.max)
2023-02-17 01:32:23,214 [Command processor thread] INFO  ratis.XceiverServerRatis (XceiverServerRatis.java:addGroup(807)) - Created group PipelineID=b6590e57-44cc-4d3c-a429-574030753ae2
2023-02-17 01:32:23,214 [Command processor thread] INFO  commandhandler.CreatePipelineCommandHandler (CreatePipelineCommandHandler.java:handle(113)) - Created Pipeline RATIS ONE PipelineID=b6590e57-44cc-4d3c-a429-574030753ae2.
2023-02-17 01:32:23,353 [Listener at 127.0.0.1/36463] INFO  ozone.MiniOzoneClusterImpl (MiniOzoneClusterImpl.java:lambda$waitForClusterToBeReady$0(218)) - Nodes are ready. Got 5 of 5 DN Heartbeats.
2023-02-17 01:32:23,354 [Listener at 127.0.0.1/36463] INFO  ozone.MiniOzoneClusterImpl (MiniOzoneClusterImpl.java:lambda$waitForClusterToBeReady$0(221)) - Waiting for cluster to exit safe mode
2023-02-17 01:32:23,354 [Listener at 127.0.0.1/36463] INFO  ozone.MiniOzoneClusterImpl (MiniOzoneClusterImpl.java:lambda$waitForClusterToBeReady$0(223)) - SCM became leader
2023-02-17 01:32:24,354 [Listener at 127.0.0.1/36463] INFO  ozone.MiniOzoneClusterImpl (MiniOzoneClusterImpl.java:lambda$waitForClusterToBeReady$0(218)) - Nodes are ready. Got 5 of 5 DN Heartbeats.
2023-02-17 01:32:24,354 [Listener at 127.0.0.1/36463] INFO  ozone.MiniOzoneClusterImpl (MiniOzoneClusterImpl.java:lambda$waitForClusterToBeReady$0(221)) - Waiting for cluster to exit safe mode
2023-02-17 01:32:24,354 [Listener at 127.0.0.1/36463] INFO  ozone.MiniOzoneClusterImpl (MiniOzoneClusterImpl.java:lambda$waitForClusterToBeReady$0(223)) - SCM became leader
2023-02-17 01:32:25,355 [Listener at 127.0.0.1/36463] INFO  ozone.MiniOzoneClusterImpl (MiniOzoneClusterImpl.java:lambda$waitForClusterToBeReady$0(218)) - Nodes are ready. Got 5 of 5 DN Heartbeats.
2023-02-17 01:32:25,355 [Listener at 127.0.0.1/36463] INFO  ozone.MiniOzoneClusterImpl (MiniOzoneClusterImpl.java:lambda$waitForClusterToBeReady$0(221)) - Waiting for cluster to exit safe mode
2023-02-17 01:32:25,355 [Listener at 127.0.0.1/36463] INFO  ozone.MiniOzoneClusterImpl (MiniOzoneClusterImpl.java:lambda$waitForClusterToBeReady$0(223)) - SCM became leader
2023-02-17 01:32:26,355 [Listener at 127.0.0.1/36463] INFO  ozone.MiniOzoneClusterImpl (MiniOzoneClusterImpl.java:lambda$waitForClusterToBeReady$0(218)) - Nodes are ready. Got 5 of 5 DN Heartbeats.
2023-02-17 01:32:26,355 [Listener at 127.0.0.1/36463] INFO  ozone.MiniOzoneClusterImpl (MiniOzoneClusterImpl.java:lambda$waitForClusterToBeReady$0(221)) - Waiting for cluster to exit safe mode
2023-02-17 01:32:26,355 [Listener at 127.0.0.1/36463] INFO  ozone.MiniOzoneClusterImpl (MiniOzoneClusterImpl.java:lambda$waitForClusterToBeReady$0(223)) - SCM became leader
2023-02-17 01:32:26,543 [b2981eac-b4c3-4266-a3be-ebd453a2e2b7@group-B44390472305-FollowerState] INFO  impl.FollowerState (FollowerState.java:run(143)) - b2981eac-b4c3-4266-a3be-ebd453a2e2b7@group-B44390472305-FollowerState: change to CANDIDATE, lastRpcElapsedTime:5120812449ns, electionTimeout:5106ms
2023-02-17 01:32:26,544 [b2981eac-b4c3-4266-a3be-ebd453a2e2b7@group-B44390472305-FollowerState] INFO  impl.RoleInfo (RoleInfo.java:shutdownFollowerState(110)) - b2981eac-b4c3-4266-a3be-ebd453a2e2b7: shutdown b2981eac-b4c3-4266-a3be-ebd453a2e2b7@group-B44390472305-FollowerState
2023-02-17 01:32:26,544 [b2981eac-b4c3-4266-a3be-ebd453a2e2b7@group-B44390472305-FollowerState] INFO  server.RaftServer$Division (RaftServerImpl.java:setRole(321)) - b2981eac-b4c3-4266-a3be-ebd453a2e2b7@group-B44390472305: changes role from  FOLLOWER to CANDIDATE at term 0 for changeToCandidate
2023-02-17 01:32:26,544 [b2981eac-b4c3-4266-a3be-ebd453a2e2b7@group-B44390472305-FollowerState] INFO  server.RaftServerConfigKeys (ConfUtils.java:logGet(46)) - raft.server.leaderelection.pre-vote = true (default)
2023-02-17 01:32:26,544 [b2981eac-b4c3-4266-a3be-ebd453a2e2b7@group-B44390472305-FollowerState] INFO  impl.RoleInfo (RoleInfo.java:updateAndGet(139)) - b2981eac-b4c3-4266-a3be-ebd453a2e2b7: start b2981eac-b4c3-4266-a3be-ebd453a2e2b7@group-B44390472305-LeaderElection2
2023-02-17 01:32:26,550 [b2981eac-b4c3-4266-a3be-ebd453a2e2b7@group-B44390472305-LeaderElection2] INFO  impl.LeaderElection (LeaderElection.java:askForVotes(312)) - b2981eac-b4c3-4266-a3be-ebd453a2e2b7@group-B44390472305-LeaderElection2 PRE_VOTE round 0: submit vote requests at term 0 for -1: peers:[b2981eac-b4c3-4266-a3be-ebd453a2e2b7|rpc:10.1.0.190:40169|dataStream:10.1.0.190:41231|priority:1|startupRole:FOLLOWER]|listeners:[], old=null
2023-02-17 01:32:26,550 [b2981eac-b4c3-4266-a3be-ebd453a2e2b7@group-B44390472305-LeaderElection2] INFO  impl.LeaderElection (LeaderElection.java:askForVotes(314)) - b2981eac-b4c3-4266-a3be-ebd453a2e2b7@group-B44390472305-LeaderElection2 PRE_VOTE round 0: result PASSED (term=0)
2023-02-17 01:32:26,552 [b2981eac-b4c3-4266-a3be-ebd453a2e2b7@group-B44390472305-LeaderElection2] INFO  impl.LeaderElection (LeaderElection.java:askForVotes(312)) - b2981eac-b4c3-4266-a3be-ebd453a2e2b7@group-B44390472305-LeaderElection2 ELECTION round 0: submit vote requests at term 1 for -1: peers:[b2981eac-b4c3-4266-a3be-ebd453a2e2b7|rpc:10.1.0.190:40169|dataStream:10.1.0.190:41231|priority:1|startupRole:FOLLOWER]|listeners:[], old=null
2023-02-17 01:32:26,552 [b2981eac-b4c3-4266-a3be-ebd453a2e2b7@group-B44390472305-LeaderElection2] INFO  impl.LeaderElection (LeaderElection.java:askForVotes(314)) - b2981eac-b4c3-4266-a3be-ebd453a2e2b7@group-B44390472305-LeaderElection2 ELECTION round 0: result PASSED (term=1)
2023-02-17 01:32:26,552 [b2981eac-b4c3-4266-a3be-ebd453a2e2b7@group-B44390472305-LeaderElection2] INFO  impl.RoleInfo (RoleInfo.java:shutdownLeaderElection(130)) - b2981eac-b4c3-4266-a3be-ebd453a2e2b7: shutdown b2981eac-b4c3-4266-a3be-ebd453a2e2b7@group-B44390472305-LeaderElection2
2023-02-17 01:32:26,552 [b2981eac-b4c3-4266-a3be-ebd453a2e2b7@group-B44390472305-LeaderElection2] INFO  server.RaftServer$Division (RaftServerImpl.java:setRole(321)) - b2981eac-b4c3-4266-a3be-ebd453a2e2b7@group-B44390472305: changes role from CANDIDATE to LEADER at term 1 for changeToLeader
2023-02-17 01:32:26,552 [b2981eac-b4c3-4266-a3be-ebd453a2e2b7@group-B44390472305-LeaderElection2] INFO  ratis.XceiverServerRatis (XceiverServerRatis.java:handleLeaderChangedNotification(905)) - Leader change notification received for group: group-B44390472305 with new leaderId: b2981eac-b4c3-4266-a3be-ebd453a2e2b7
2023-02-17 01:32:26,553 [b2981eac-b4c3-4266-a3be-ebd453a2e2b7@group-B44390472305-LeaderElection2] INFO  server.RaftServer$Division (ServerState.java:setLeader(313)) - b2981eac-b4c3-4266-a3be-ebd453a2e2b7@group-B44390472305: change Leader from null to b2981eac-b4c3-4266-a3be-ebd453a2e2b7 at term 1 for becomeLeader, leader elected after 5169ms
2023-02-17 01:32:26,553 [b2981eac-b4c3-4266-a3be-ebd453a2e2b7@group-B44390472305-LeaderElection2] INFO  server.RaftServerConfigKeys (ConfUtils.java:logGet(46)) - raft.server.staging.catchup.gap = 1000 (default)
2023-02-17 01:32:26,553 [b2981eac-b4c3-4266-a3be-ebd453a2e2b7@group-B44390472305-LeaderElection2] INFO  server.RaftServerConfigKeys (ConfUtils.java:logGet(46)) - raft.server.write.element-limit = 1024 (custom)
2023-02-17 01:32:26,553 [b2981eac-b4c3-4266-a3be-ebd453a2e2b7@group-B44390472305-LeaderElection2] INFO  server.RaftServerConfigKeys (ConfUtils.java:logGet(46)) - raft.server.write.byte-limit = 1024 M (=1073741824) (custom)
2023-02-17 01:32:26,553 [b2981eac-b4c3-4266-a3be-ebd453a2e2b7@group-B44390472305-LeaderElection2] INFO  server.RaftServerConfigKeys (ConfUtils.java:logGet(46)) - raft.server.watch.timeout = 10000ms (default)
2023-02-17 01:32:26,553 [b2981eac-b4c3-4266-a3be-ebd453a2e2b7@group-B44390472305-LeaderElection2] INFO  server.RaftServerConfigKeys (ConfUtils.java:logGet(46)) - raft.server.watch.timeout.denomination = 1s (default)
2023-02-17 01:32:26,553 [b2981eac-b4c3-4266-a3be-ebd453a2e2b7@group-B44390472305-LeaderElection2] INFO  server.RaftServerConfigKeys (ConfUtils.java:logGet(46)) - raft.server.watch.element-limit = 65536 (default)
2023-02-17 01:32:26,553 [b2981eac-b4c3-4266-a3be-ebd453a2e2b7@group-B44390472305-LeaderElection2] INFO  server.RaftServerConfigKeys (ConfUtils.java:logGet(46)) - raft.server.write.element-limit = 1024 (custom)
2023-02-17 01:32:26,553 [b2981eac-b4c3-4266-a3be-ebd453a2e2b7@group-B44390472305-LeaderElection2] INFO  server.RaftServerConfigKeys (ConfUtils.java:logGet(46)) - raft.server.write.follower.gap.ratio.max = -1.0 (default)
2023-02-17 01:32:26,554 [b2981eac-b4c3-4266-a3be-ebd453a2e2b7@group-B44390472305-LeaderElection2] INFO  impl.RoleInfo (RoleInfo.java:updateAndGet(139)) - b2981eac-b4c3-4266-a3be-ebd453a2e2b7: start b2981eac-b4c3-4266-a3be-ebd453a2e2b7@group-B44390472305-LeaderStateImpl
2023-02-17 01:32:26,554 [b2981eac-b4c3-4266-a3be-ebd453a2e2b7@group-B44390472305-LeaderElection2] INFO  segmented.SegmentedRaftLogWorker (SegmentedRaftLogWorker.java:startLogSegment(452)) - b2981eac-b4c3-4266-a3be-ebd453a2e2b7@group-B44390472305-SegmentedRaftLogWorker: Starting segment from index:0
2023-02-17 01:32:26,554 [EventQueue-OpenPipelineForHealthyPipelineSafeModeRule] INFO  safemode.SCMSafeModeManager (HealthyPipelineSafeModeRule.java:process(137)) - SCM in safe mode. Healthy pipelines reported count is 0, required healthy pipeline reported count is 1
2023-02-17 01:32:26,555 [b2981eac-b4c3-4266-a3be-ebd453a2e2b7@group-B44390472305-SegmentedRaftLogWorker] INFO  segmented.SegmentedRaftLogWorker (SegmentedRaftLogWorker.java:execute(656)) - b2981eac-b4c3-4266-a3be-ebd453a2e2b7@group-B44390472305-SegmentedRaftLogWorker: created new log segment /home/runner/work/ozone/ozone/hadoop-ozone/integration-test/target/test-dir/MiniOzoneClusterImpl-699c85d0-1a2e-49ef-96e2-8d5cf650a041/datanode-0/data/ratis/7da80e71-5aa3-4f50-bf40-b44390472305/current/log_inprogress_0
2023-02-17 01:32:26,560 [b2981eac-b4c3-4266-a3be-ebd453a2e2b7@group-B44390472305-LeaderElection2] INFO  server.RaftServer$Division (ServerState.java:setRaftConf(430)) - b2981eac-b4c3-4266-a3be-ebd453a2e2b7@group-B44390472305: set configuration 0: peers:[b2981eac-b4c3-4266-a3be-ebd453a2e2b7|rpc:10.1.0.190:40169|dataStream:10.1.0.190:41231|priority:1|startupRole:FOLLOWER]|listeners:[], old=null
2023-02-17 01:32:26,619 [b2981eac-b4c3-4266-a3be-ebd453a2e2b7@group-A234537C4734-FollowerState] INFO  impl.FollowerState (FollowerState.java:run(143)) - b2981eac-b4c3-4266-a3be-ebd453a2e2b7@group-A234537C4734-FollowerState: change to CANDIDATE, lastRpcElapsedTime:5137729962ns, electionTimeout:5124ms
2023-02-17 01:32:26,620 [b2981eac-b4c3-4266-a3be-ebd453a2e2b7@group-A234537C4734-FollowerState] INFO  impl.RoleInfo (RoleInfo.java:shutdownFollowerState(110)) - b2981eac-b4c3-4266-a3be-ebd453a2e2b7: shutdown b2981eac-b4c3-4266-a3be-ebd453a2e2b7@group-A234537C4734-FollowerState
2023-02-17 01:32:26,620 [b2981eac-b4c3-4266-a3be-ebd453a2e2b7@group-A234537C4734-FollowerState] INFO  server.RaftServer$Division (RaftServerImpl.java:setRole(321)) - b2981eac-b4c3-4266-a3be-ebd453a2e2b7@group-A234537C4734: changes role from  FOLLOWER to CANDIDATE at term 0 for changeToCandidate
2023-02-17 01:32:26,620 [b2981eac-b4c3-4266-a3be-ebd453a2e2b7@group-A234537C4734-FollowerState] INFO  server.RaftServerConfigKeys (ConfUtils.java:logGet(46)) - raft.server.leaderelection.pre-vote = true (default)
2023-02-17 01:32:26,621 [b2981eac-b4c3-4266-a3be-ebd453a2e2b7@group-A234537C4734-FollowerState] INFO  impl.RoleInfo (RoleInfo.java:updateAndGet(139)) - b2981eac-b4c3-4266-a3be-ebd453a2e2b7: start b2981eac-b4c3-4266-a3be-ebd453a2e2b7@group-A234537C4734-LeaderElection3
2023-02-17 01:32:26,623 [b2981eac-b4c3-4266-a3be-ebd453a2e2b7@group-A234537C4734-LeaderElection3] INFO  impl.LeaderElection (LeaderElection.java:askForVotes(312)) - b2981eac-b4c3-4266-a3be-ebd453a2e2b7@group-A234537C4734-LeaderElection3 PRE_VOTE round 0: submit vote requests at term 0 for -1: peers:[90b5d626-740c-4e6b-9ad1-03df535f3e79|rpc:10.1.0.190:44941|dataStream:10.1.0.190:41071|priority:0|startupRole:FOLLOWER, 9f9ca560-66e6-43f3-a3dc-218554c09834|rpc:10.1.0.190:35607|dataStream:10.1.0.190:34715|priority:1|startupRole:FOLLOWER, b2981eac-b4c3-4266-a3be-ebd453a2e2b7|rpc:10.1.0.190:40169|dataStream:10.1.0.190:41231|priority:0|startupRole:FOLLOWER]|listeners:[], old=null
2023-02-17 01:32:26,628 [b2981eac-b4c3-4266-a3be-ebd453a2e2b7@group-A234537C4734-LeaderElection3] INFO  server.RaftServerConfigKeys (ConfUtils.java:logFallback(53)) - raft.server.rpc.first-election.timeout.min = 5s (fallback to raft.server.rpc.timeout.min)
2023-02-17 01:32:26,628 [b2981eac-b4c3-4266-a3be-ebd453a2e2b7@group-A234537C4734-LeaderElection3] INFO  server.RaftServerConfigKeys (ConfUtils.java:logFallback(53)) - raft.server.rpc.first-election.timeout.max = 5200ms (fallback to raft.server.rpc.timeout.max)
2023-02-17 01:32:26,628 [b2981eac-b4c3-4266-a3be-ebd453a2e2b7@group-A234537C4734-LeaderElection3-1] INFO  server.GrpcServerProtocolClient (GrpcServerProtocolClient.java:<init>(63)) - Build channel for 90b5d626-740c-4e6b-9ad1-03df535f3e79
2023-02-17 01:32:26,629 [b2981eac-b4c3-4266-a3be-ebd453a2e2b7@group-A234537C4734-LeaderElection3-2] INFO  server.GrpcServerProtocolClient (GrpcServerProtocolClient.java:<init>(63)) - Build channel for 9f9ca560-66e6-43f3-a3dc-218554c09834
2023-02-17 01:32:26,649 [grpc-default-executor-0] INFO  server.RaftServer$Division (RaftServerImpl.java:requestVote(1218)) - 9f9ca560-66e6-43f3-a3dc-218554c09834@group-A234537C4734: receive requestVote(PRE_VOTE, b2981eac-b4c3-4266-a3be-ebd453a2e2b7, group-A234537C4734, 0, (t:0, i:0))
2023-02-17 01:32:26,650 [grpc-default-executor-0] INFO  impl.VoteContext (VoteContext.java:log(49)) - 9f9ca560-66e6-43f3-a3dc-218554c09834@group-A234537C4734-FOLLOWER: reject PRE_VOTE from b2981eac-b4c3-4266-a3be-ebd453a2e2b7: our priority 1 > candidate's priority 0
2023-02-17 01:32:26,654 [grpc-default-executor-1] INFO  server.RaftServer$Division (RaftServerImpl.java:requestVote(1218)) - 90b5d626-740c-4e6b-9ad1-03df535f3e79@group-A234537C4734: receive requestVote(PRE_VOTE, b2981eac-b4c3-4266-a3be-ebd453a2e2b7, group-A234537C4734, 0, (t:0, i:0))
2023-02-17 01:32:26,654 [grpc-default-executor-1] INFO  impl.VoteContext (VoteContext.java:log(49)) - 90b5d626-740c-4e6b-9ad1-03df535f3e79@group-A234537C4734-FOLLOWER: accept PRE_VOTE from b2981eac-b4c3-4266-a3be-ebd453a2e2b7: our priority 0 <= candidate's priority 0
2023-02-17 01:32:26,654 [grpc-default-executor-0] INFO  server.RaftServer$Division (RaftServerImpl.java:requestVote(1251)) - 9f9ca560-66e6-43f3-a3dc-218554c09834@group-A234537C4734 replies to PRE_VOTE vote request: b2981eac-b4c3-4266-a3be-ebd453a2e2b7<-9f9ca560-66e6-43f3-a3dc-218554c09834#0:FAIL-t0. Peer's state: 9f9ca560-66e6-43f3-a3dc-218554c09834@group-A234537C4734:t0, leader=null, voted=, raftlog=Memoized:9f9ca560-66e6-43f3-a3dc-218554c09834@group-A234537C4734-SegmentedRaftLog:OPENED:c-1, conf=-1: peers:[90b5d626-740c-4e6b-9ad1-03df535f3e79|rpc:10.1.0.190:44941|dataStream:10.1.0.190:41071|priority:0|startupRole:FOLLOWER, 9f9ca560-66e6-43f3-a3dc-218554c09834|rpc:10.1.0.190:35607|dataStream:10.1.0.190:34715|priority:1|startupRole:FOLLOWER, b2981eac-b4c3-4266-a3be-ebd453a2e2b7|rpc:10.1.0.190:40169|dataStream:10.1.0.190:41231|priority:0|startupRole:FOLLOWER]|listeners:[], old=null
2023-02-17 01:32:26,665 [b2981eac-b4c3-4266-a3be-ebd453a2e2b7@group-A234537C4734-LeaderElection3] INFO  impl.LeaderElection (LeaderElection.java:logAndReturn(90)) - b2981eac-b4c3-4266-a3be-ebd453a2e2b7@group-A234537C4734-LeaderElection3: PRE_VOTE REJECTED received 1 response(s) and 0 exception(s):
2023-02-17 01:32:26,665 [b2981eac-b4c3-4266-a3be-ebd453a2e2b7@group-A234537C4734-LeaderElection3] INFO  impl.LeaderElection (LeaderElection.java:logAndReturn(94)) -   Response 0: b2981eac-b4c3-4266-a3be-ebd453a2e2b7<-9f9ca560-66e6-43f3-a3dc-218554c09834#0:FAIL-t0
2023-02-17 01:32:26,665 [b2981eac-b4c3-4266-a3be-ebd453a2e2b7@group-A234537C4734-LeaderElection3] INFO  impl.LeaderElection (LeaderElection.java:askForVotes(314)) - b2981eac-b4c3-4266-a3be-ebd453a2e2b7@group-A234537C4734-LeaderElection3 PRE_VOTE round 0: result REJECTED
2023-02-17 01:32:26,666 [b2981eac-b4c3-4266-a3be-ebd453a2e2b7@group-A234537C4734-LeaderElection3] INFO  server.RaftServer$Division (RaftServerImpl.java:setRole(321)) - b2981eac-b4c3-4266-a3be-ebd453a2e2b7@group-A234537C4734: changes role from CANDIDATE to FOLLOWER at term 0 for REJECTED
2023-02-17 01:32:26,666 [b2981eac-b4c3-4266-a3be-ebd453a2e2b7@group-A234537C4734-LeaderElection3] INFO  impl.RoleInfo (RoleInfo.java:shutdownLeaderElection(130)) - b2981eac-b4c3-4266-a3be-ebd453a2e2b7: shutdown b2981eac-b4c3-4266-a3be-ebd453a2e2b7@group-A234537C4734-LeaderElection3
2023-02-17 01:32:26,666 [b2981eac-b4c3-4266-a3be-ebd453a2e2b7@group-A234537C4734-LeaderElection3] INFO  impl.RoleInfo (RoleInfo.java:updateAndGet(139)) - b2981eac-b4c3-4266-a3be-ebd453a2e2b7: start b2981eac-b4c3-4266-a3be-ebd453a2e2b7@group-A234537C4734-FollowerState
2023-02-17 01:32:26,670 [grpc-default-executor-1] INFO  server.RaftServer$Division (RaftServerImpl.java:requestVote(1251)) - 90b5d626-740c-4e6b-9ad1-03df535f3e79@group-A234537C4734 replies to PRE_VOTE vote request: b2981eac-b4c3-4266-a3be-ebd453a2e2b7<-90b5d626-740c-4e6b-9ad1-03df535f3e79#0:OK-t0. Peer's state: 90b5d626-740c-4e6b-9ad1-03df535f3e79@group-A234537C4734:t0, leader=null, voted=, raftlog=Memoized:90b5d626-740c-4e6b-9ad1-03df535f3e79@group-A234537C4734-SegmentedRaftLog:OPENED:c-1, conf=-1: peers:[90b5d626-740c-4e6b-9ad1-03df535f3e79|rpc:10.1.0.190:44941|dataStream:10.1.0.190:41071|priority:0|startupRole:FOLLOWER, 9f9ca560-66e6-43f3-a3dc-218554c09834|rpc:10.1.0.190:35607|dataStream:10.1.0.190:34715|priority:1|startupRole:FOLLOWER, b2981eac-b4c3-4266-a3be-ebd453a2e2b7|rpc:10.1.0.190:40169|dataStream:10.1.0.190:41231|priority:0|startupRole:FOLLOWER]|listeners:[], old=null
2023-02-17 01:32:26,672 [b2981eac-b4c3-4266-a3be-ebd453a2e2b7@group-A234537C4734-FollowerState] INFO  server.RaftServerConfigKeys (ConfUtils.java:logFallback(53)) - raft.server.rpc.first-election.timeout.min = 5s (fallback to raft.server.rpc.timeout.min)
2023-02-17 01:32:26,672 [b2981eac-b4c3-4266-a3be-ebd453a2e2b7@group-A234537C4734-FollowerState] INFO  server.RaftServerConfigKeys (ConfUtils.java:logFallback(53)) - raft.server.rpc.first-election.timeout.max = 5200ms (fallback to raft.server.rpc.timeout.max)
2023-02-17 01:32:27,006 [90b5d626-740c-4e6b-9ad1-03df535f3e79@group-A234537C4734-FollowerState] INFO  server.RaftServerConfigKeys (ConfUtils.java:logFallback(53)) - raft.server.rpc.first-election.timeout.min = 5s (fallback to raft.server.rpc.timeout.min)
2023-02-17 01:32:27,007 [90b5d626-740c-4e6b-9ad1-03df535f3e79@group-A234537C4734-FollowerState] INFO  server.RaftServerConfigKeys (ConfUtils.java:logFallback(53)) - raft.server.rpc.first-election.timeout.max = 5200ms (fallback to raft.server.rpc.timeout.max)
2023-02-17 01:32:27,033 [9f9ca560-66e6-43f3-a3dc-218554c09834@group-A234537C4734-FollowerState] INFO  impl.FollowerState (FollowerState.java:run(143)) - 9f9ca560-66e6-43f3-a3dc-218554c09834@group-A234537C4734-FollowerState: change to CANDIDATE, lastRpcElapsedTime:5081736980ns, electionTimeout:5079ms
2023-02-17 01:32:27,033 [9f9ca560-66e6-43f3-a3dc-218554c09834@group-A234537C4734-FollowerState] INFO  impl.RoleInfo (RoleInfo.java:shutdownFollowerState(110)) - 9f9ca560-66e6-43f3-a3dc-218554c09834: shutdown 9f9ca560-66e6-43f3-a3dc-218554c09834@group-A234537C4734-FollowerState
2023-02-17 01:32:27,033 [9f9ca560-66e6-43f3-a3dc-218554c09834@group-A234537C4734-FollowerState] INFO  server.RaftServer$Division (RaftServerImpl.java:setRole(321)) - 9f9ca560-66e6-43f3-a3dc-218554c09834@group-A234537C4734: changes role from  FOLLOWER to CANDIDATE at term 0 for changeToCandidate
2023-02-17 01:32:27,034 [9f9ca560-66e6-43f3-a3dc-218554c09834@group-A234537C4734-FollowerState] INFO  server.RaftServerConfigKeys (ConfUtils.java:logGet(46)) - raft.server.leaderelection.pre-vote = true (default)
2023-02-17 01:32:27,034 [9f9ca560-66e6-43f3-a3dc-218554c09834@group-A234537C4734-FollowerState] INFO  impl.RoleInfo (RoleInfo.java:updateAndGet(139)) - 9f9ca560-66e6-43f3-a3dc-218554c09834: start 9f9ca560-66e6-43f3-a3dc-218554c09834@group-A234537C4734-LeaderElection4
2023-02-17 01:32:27,042 [9f9ca560-66e6-43f3-a3dc-218554c09834@group-A234537C4734-LeaderElection4] INFO  impl.LeaderElection (LeaderElection.java:askForVotes(312)) - 9f9ca560-66e6-43f3-a3dc-218554c09834@group-A234537C4734-LeaderElection4 PRE_VOTE round 0: submit vote requests at term 0 for -1: peers:[90b5d626-740c-4e6b-9ad1-03df535f3e79|rpc:10.1.0.190:44941|dataStream:10.1.0.190:41071|priority:0|startupRole:FOLLOWER, 9f9ca560-66e6-43f3-a3dc-218554c09834|rpc:10.1.0.190:35607|dataStream:10.1.0.190:34715|priority:1|startupRole:FOLLOWER, b2981eac-b4c3-4266-a3be-ebd453a2e2b7|rpc:10.1.0.190:40169|dataStream:10.1.0.190:41231|priority:0|startupRole:FOLLOWER]|listeners:[], old=null
2023-02-17 01:32:27,043 [9f9ca560-66e6-43f3-a3dc-218554c09834@group-A234537C4734-LeaderElection4-1] INFO  server.GrpcServerProtocolClient (GrpcServerProtocolClient.java:<init>(63)) - Build channel for 90b5d626-740c-4e6b-9ad1-03df535f3e79
2023-02-17 01:32:27,054 [9f9ca560-66e6-43f3-a3dc-218554c09834@group-A234537C4734-LeaderElection4] INFO  server.RaftServerConfigKeys (ConfUtils.java:logFallback(53)) - raft.server.rpc.first-election.timeout.min = 5s (fallback to raft.server.rpc.timeout.min)
2023-02-17 01:32:27,055 [9f9ca560-66e6-43f3-a3dc-218554c09834@group-A234537C4734-LeaderElection4] INFO  server.RaftServerConfigKeys (ConfUtils.java:logFallback(53)) - raft.server.rpc.first-election.timeout.max = 5200ms (fallback to raft.server.rpc.timeout.max)
2023-02-17 01:32:27,065 [9f9ca560-66e6-43f3-a3dc-218554c09834@group-A234537C4734-LeaderElection4-2] INFO  server.GrpcServerProtocolClient (GrpcServerProtocolClient.java:<init>(63)) - Build channel for b2981eac-b4c3-4266-a3be-ebd453a2e2b7
2023-02-17 01:32:27,071 [grpc-default-executor-1] INFO  server.RaftServer$Division (RaftServerImpl.java:requestVote(1218)) - 90b5d626-740c-4e6b-9ad1-03df535f3e79@group-A234537C4734: receive requestVote(PRE_VOTE, 9f9ca560-66e6-43f3-a3dc-218554c09834, group-A234537C4734, 0, (t:0, i:0))
2023-02-17 01:32:27,071 [grpc-default-executor-1] INFO  impl.VoteContext (VoteContext.java:log(49)) - 90b5d626-740c-4e6b-9ad1-03df535f3e79@group-A234537C4734-FOLLOWER: accept PRE_VOTE from 9f9ca560-66e6-43f3-a3dc-218554c09834: our priority 0 <= candidate's priority 1
2023-02-17 01:32:27,071 [grpc-default-executor-1] INFO  server.RaftServer$Division (RaftServerImpl.java:requestVote(1251)) - 90b5d626-740c-4e6b-9ad1-03df535f3e79@group-A234537C4734 replies to PRE_VOTE vote request: 9f9ca560-66e6-43f3-a3dc-218554c09834<-90b5d626-740c-4e6b-9ad1-03df535f3e79#0:OK-t0. Peer's state: 90b5d626-740c-4e6b-9ad1-03df535f3e79@group-A234537C4734:t0, leader=null, voted=, raftlog=Memoized:90b5d626-740c-4e6b-9ad1-03df535f3e79@group-A234537C4734-SegmentedRaftLog:OPENED:c-1, conf=-1: peers:[90b5d626-740c-4e6b-9ad1-03df535f3e79|rpc:10.1.0.190:44941|dataStream:10.1.0.190:41071|priority:0|startupRole:FOLLOWER, 9f9ca560-66e6-43f3-a3dc-218554c09834|rpc:10.1.0.190:35607|dataStream:10.1.0.190:34715|priority:1|startupRole:FOLLOWER, b2981eac-b4c3-4266-a3be-ebd453a2e2b7|rpc:10.1.0.190:40169|dataStream:10.1.0.190:41231|priority:0|startupRole:FOLLOWER]|listeners:[], old=null
2023-02-17 01:32:27,074 [9f9ca560-66e6-43f3-a3dc-218554c09834@group-A234537C4734-LeaderElection4] INFO  impl.LeaderElection (LeaderElection.java:logAndReturn(90)) - 9f9ca560-66e6-43f3-a3dc-218554c09834@group-A234537C4734-LeaderElection4: PRE_VOTE PASSED received 1 response(s) and 0 exception(s):
2023-02-17 01:32:27,074 [9f9ca560-66e6-43f3-a3dc-218554c09834@group-A234537C4734-LeaderElection4] INFO  impl.LeaderElection (LeaderElection.java:logAndReturn(94)) -   Response 0: 9f9ca560-66e6-43f3-a3dc-218554c09834<-90b5d626-740c-4e6b-9ad1-03df535f3e79#0:OK-t0
2023-02-17 01:32:27,074 [9f9ca560-66e6-43f3-a3dc-218554c09834@group-A234537C4734-LeaderElection4] INFO  impl.LeaderElection (LeaderElection.java:askForVotes(314)) - 9f9ca560-66e6-43f3-a3dc-218554c09834@group-A234537C4734-LeaderElection4 PRE_VOTE round 0: result PASSED
2023-02-17 01:32:27,075 [9f9ca560-66e6-43f3-a3dc-218554c09834@group-A234537C4734-LeaderElection4] INFO  impl.LeaderElection (LeaderElection.java:askForVotes(312)) - 9f9ca560-66e6-43f3-a3dc-218554c09834@group-A234537C4734-LeaderElection4 ELECTION round 0: submit vote requests at term 1 for -1: peers:[90b5d626-740c-4e6b-9ad1-03df535f3e79|rpc:10.1.0.190:44941|dataStream:10.1.0.190:41071|priority:0|startupRole:FOLLOWER, 9f9ca560-66e6-43f3-a3dc-218554c09834|rpc:10.1.0.190:35607|dataStream:10.1.0.190:34715|priority:1|startupRole:FOLLOWER, b2981eac-b4c3-4266-a3be-ebd453a2e2b7|rpc:10.1.0.190:40169|dataStream:10.1.0.190:41231|priority:0|startupRole:FOLLOWER]|listeners:[], old=null
2023-02-17 01:32:27,081 [9f9ca560-66e6-43f3-a3dc-218554c09834@group-A234537C4734-LeaderElection4] INFO  server.RaftServerConfigKeys (ConfUtils.java:logFallback(53)) - raft.server.rpc.first-election.timeout.min = 5s (fallback to raft.server.rpc.timeout.min)
2023-02-17 01:32:27,081 [9f9ca560-66e6-43f3-a3dc-218554c09834@group-A234537C4734-LeaderElection4] INFO  server.RaftServerConfigKeys (ConfUtils.java:logFallback(53)) - raft.server.rpc.first-election.timeout.max = 5200ms (fallback to raft.server.rpc.timeout.max)
2023-02-17 01:32:27,086 [grpc-default-executor-1] INFO  server.RaftServer$Division (RaftServerImpl.java:requestVote(1218)) - 90b5d626-740c-4e6b-9ad1-03df535f3e79@group-A234537C4734: receive requestVote(ELECTION, 9f9ca560-66e6-43f3-a3dc-218554c09834, group-A234537C4734, 1, (t:0, i:0))
2023-02-17 01:32:27,088 [grpc-default-executor-1] INFO  impl.VoteContext (VoteContext.java:log(49)) - 90b5d626-740c-4e6b-9ad1-03df535f3e79@group-A234537C4734-FOLLOWER: accept ELECTION from 9f9ca560-66e6-43f3-a3dc-218554c09834: our priority 0 <= candidate's priority 1
2023-02-17 01:32:27,088 [grpc-default-executor-1] INFO  server.RaftServer$Division (RaftServerImpl.java:setRole(321)) - 90b5d626-740c-4e6b-9ad1-03df535f3e79@group-A234537C4734: changes role from  FOLLOWER to FOLLOWER at term 1 for candidate:9f9ca560-66e6-43f3-a3dc-218554c09834
2023-02-17 01:32:27,088 [grpc-default-executor-1] INFO  impl.RoleInfo (RoleInfo.java:shutdownFollowerState(110)) - 90b5d626-740c-4e6b-9ad1-03df535f3e79: shutdown 90b5d626-740c-4e6b-9ad1-03df535f3e79@group-A234537C4734-FollowerState
2023-02-17 01:32:27,090 [grpc-default-executor-1] INFO  impl.RoleInfo (RoleInfo.java:updateAndGet(139)) - 90b5d626-740c-4e6b-9ad1-03df535f3e79: start 90b5d626-740c-4e6b-9ad1-03df535f3e79@group-A234537C4734-FollowerState
2023-02-17 01:32:27,090 [90b5d626-740c-4e6b-9ad1-03df535f3e79@group-A234537C4734-FollowerState] INFO  impl.FollowerState (FollowerState.java:run(152)) - 90b5d626-740c-4e6b-9ad1-03df535f3e79@group-A234537C4734-FollowerState was interrupted
2023-02-17 01:32:27,096 [grpc-default-executor-0] INFO  server.RaftServer$Division (RaftServerImpl.java:requestVote(1218)) - b2981eac-b4c3-4266-a3be-ebd453a2e2b7@group-A234537C4734: receive requestVote(PRE_VOTE, 9f9ca560-66e6-43f3-a3dc-218554c09834, group-A234537C4734, 0, (t:0, i:0))
2023-02-17 01:32:27,096 [grpc-default-executor-0] INFO  impl.VoteContext (VoteContext.java:log(49)) - b2981eac-b4c3-4266-a3be-ebd453a2e2b7@group-A234537C4734-FOLLOWER: accept PRE_VOTE from 9f9ca560-66e6-43f3-a3dc-218554c09834: our priority 0 <= candidate's priority 1
2023-02-17 01:32:27,096 [grpc-default-executor-0] INFO  server.RaftServer$Division (RaftServerImpl.java:requestVote(1251)) - b2981eac-b4c3-4266-a3be-ebd453a2e2b7@group-A234537C4734 replies to PRE_VOTE vote request: 9f9ca560-66e6-43f3-a3dc-218554c09834<-b2981eac-b4c3-4266-a3be-ebd453a2e2b7#0:OK-t0. Peer's state: b2981eac-b4c3-4266-a3be-ebd453a2e2b7@group-A234537C4734:t0, leader=null, voted=, raftlog=Memoized:b2981eac-b4c3-4266-a3be-ebd453a2e2b7@group-A234537C4734-SegmentedRaftLog:OPENED:c-1, conf=-1: peers:[90b5d626-740c-4e6b-9ad1-03df535f3e79|rpc:10.1.0.190:44941|dataStream:10.1.0.190:41071|priority:0|startupRole:FOLLOWER, 9f9ca560-66e6-43f3-a3dc-218554c09834|rpc:10.1.0.190:35607|dataStream:10.1.0.190:34715|priority:1|startupRole:FOLLOWER, b2981eac-b4c3-4266-a3be-ebd453a2e2b7|rpc:10.1.0.190:40169|dataStream:10.1.0.190:41231|priority:0|startupRole:FOLLOWER]|listeners:[], old=null
2023-02-17 01:32:27,096 [grpc-default-executor-1] INFO  server.RaftServer$Division (RaftServerImpl.java:requestVote(1251)) - 90b5d626-740c-4e6b-9ad1-03df535f3e79@group-A234537C4734 replies to ELECTION vote request: 9f9ca560-66e6-43f3-a3dc-218554c09834<-90b5d626-740c-4e6b-9ad1-03df535f3e79#0:OK-t1. Peer's state: 90b5d626-740c-4e6b-9ad1-03df535f3e79@group-A234537C4734:t1, leader=null, voted=9f9ca560-66e6-43f3-a3dc-218554c09834, raftlog=Memoized:90b5d626-740c-4e6b-9ad1-03df535f3e79@group-A234537C4734-SegmentedRaftLog:OPENED:c-1, conf=-1: peers:[90b5d626-740c-4e6b-9ad1-03df535f3e79|rpc:10.1.0.190:44941|dataStream:10.1.0.190:41071|priority:0|startupRole:FOLLOWER, 9f9ca560-66e6-43f3-a3dc-218554c09834|rpc:10.1.0.190:35607|dataStream:10.1.0.190:34715|priority:1|startupRole:FOLLOWER, b2981eac-b4c3-4266-a3be-ebd453a2e2b7|rpc:10.1.0.190:40169|dataStream:10.1.0.190:41231|priority:0|startupRole:FOLLOWER]|listeners:[], old=null
2023-02-17 01:32:27,098 [90b5d626-740c-4e6b-9ad1-03df535f3e79@group-A234537C4734-FollowerState] INFO  server.RaftServerConfigKeys (ConfUtils.java:logFallback(53)) - raft.server.rpc.first-election.timeout.min = 5s (fallback to raft.server.rpc.timeout.min)
2023-02-17 01:32:27,100 [90b5d626-740c-4e6b-9ad1-03df535f3e79@group-A234537C4734-FollowerState] INFO  server.RaftServerConfigKeys (ConfUtils.java:logFallback(53)) - raft.server.rpc.first-election.timeout.max = 5200ms (fallback to raft.server.rpc.timeout.max)
2023-02-17 01:32:27,098 [9f9ca560-66e6-43f3-a3dc-218554c09834@group-A234537C4734-LeaderElection4] INFO  impl.LeaderElection (LeaderElection.java:logAndReturn(90)) - 9f9ca560-66e6-43f3-a3dc-218554c09834@group-A234537C4734-LeaderElection4: ELECTION PASSED received 1 response(s) and 0 exception(s):
2023-02-17 01:32:27,101 [9f9ca560-66e6-43f3-a3dc-218554c09834@group-A234537C4734-LeaderElection4] INFO  impl.LeaderElection (LeaderElection.java:logAndReturn(94)) -   Response 0: 9f9ca560-66e6-43f3-a3dc-218554c09834<-90b5d626-740c-4e6b-9ad1-03df535f3e79#0:OK-t1
2023-02-17 01:32:27,101 [9f9ca560-66e6-43f3-a3dc-218554c09834@group-A234537C4734-LeaderElection4] INFO  impl.LeaderElection (LeaderElection.java:askForVotes(314)) - 9f9ca560-66e6-43f3-a3dc-218554c09834@group-A234537C4734-LeaderElection4 ELECTION round 0: result PASSED
2023-02-17 01:32:27,101 [9f9ca560-66e6-43f3-a3dc-218554c09834@group-A234537C4734-LeaderElection4] INFO  impl.RoleInfo (RoleInfo.java:shutdownLeaderElection(130)) - 9f9ca560-66e6-43f3-a3dc-218554c09834: shutdown 9f9ca560-66e6-43f3-a3dc-218554c09834@group-A234537C4734-LeaderElection4
2023-02-17 01:32:27,101 [9f9ca560-66e6-43f3-a3dc-218554c09834@group-A234537C4734-LeaderElection4] INFO  server.RaftServer$Division (RaftServerImpl.java:setRole(321)) - 9f9ca560-66e6-43f3-a3dc-218554c09834@group-A234537C4734: changes role from CANDIDATE to LEADER at term 1 for changeToLeader
2023-02-17 01:32:27,101 [9f9ca560-66e6-43f3-a3dc-218554c09834@group-A234537C4734-LeaderElection4] INFO  ratis.XceiverServerRatis (XceiverServerRatis.java:handleLeaderChangedNotification(905)) - Leader change notification received for group: group-A234537C4734 with new leaderId: 9f9ca560-66e6-43f3-a3dc-218554c09834
2023-02-17 01:32:27,101 [9f9ca560-66e6-43f3-a3dc-218554c09834@group-A234537C4734-LeaderElection4] INFO  server.RaftServer$Division (ServerState.java:setLeader(313)) - 9f9ca560-66e6-43f3-a3dc-218554c09834@group-A234537C4734: change Leader from null to 9f9ca560-66e6-43f3-a3dc-218554c09834 at term 1 for becomeLeader, leader elected after 5163ms
2023-02-17 01:32:27,101 [9f9ca560-66e6-43f3-a3dc-218554c09834@group-A234537C4734-LeaderElection4] INFO  server.RaftServerConfigKeys (ConfUtils.java:logGet(46)) - raft.server.staging.catchup.gap = 1000 (default)
2023-02-17 01:32:27,101 [9f9ca560-66e6-43f3-a3dc-218554c09834@group-A234537C4734-LeaderElection4] INFO  server.RaftServerConfigKeys (ConfUtils.java:logGet(46)) - raft.server.write.element-limit = 1024 (custom)
2023-02-17 01:32:27,101 [9f9ca560-66e6-43f3-a3dc-218554c09834@group-A234537C4734-LeaderElection4] INFO  server.RaftServerConfigKeys (ConfUtils.java:logGet(46)) - raft.server.write.byte-limit = 1024 M (=1073741824) (custom)
2023-02-17 01:32:27,101 [9f9ca560-66e6-43f3-a3dc-218554c09834@group-A234537C4734-LeaderElection4] INFO  server.RaftServerConfigKeys (ConfUtils.java:logGet(46)) - raft.server.watch.timeout = 10000ms (default)
2023-02-17 01:32:27,102 [9f9ca560-66e6-43f3-a3dc-218554c09834@group-A234537C4734-LeaderElection4] INFO  server.RaftServerConfigKeys (ConfUtils.java:logGet(46)) - raft.server.watch.timeout.denomination = 1s (default)
2023-02-17 01:32:27,102 [9f9ca560-66e6-43f3-a3dc-218554c09834@group-A234537C4734-LeaderElection4] INFO  server.RaftServerConfigKeys (ConfUtils.java:logGet(46)) - raft.server.watch.element-limit = 65536 (default)
2023-02-17 01:32:27,102 [9f9ca560-66e6-43f3-a3dc-218554c09834@group-A234537C4734-LeaderElection4] INFO  server.RaftServerConfigKeys (ConfUtils.java:logGet(46)) - raft.server.write.element-limit = 1024 (custom)
2023-02-17 01:32:27,102 [9f9ca560-66e6-43f3-a3dc-218554c09834@group-A234537C4734-LeaderElection4] INFO  server.RaftServerConfigKeys (ConfUtils.java:logGet(46)) - raft.server.write.follower.gap.ratio.max = -1.0 (default)
2023-02-17 01:32:27,110 [b2981eac-b4c3-4266-a3be-ebd453a2e2b7@group-CFE66E6C93F0-FollowerState] INFO  impl.FollowerState (FollowerState.java:run(143)) - b2981eac-b4c3-4266-a3be-ebd453a2e2b7@group-CFE66E6C93F0-FollowerState: change to CANDIDATE, lastRpcElapsedTime:5132803816ns, electionTimeout:5115ms
2023-02-17 01:32:27,110 [b2981eac-b4c3-4266-a3be-ebd453a2e2b7@group-CFE66E6C93F0-FollowerState] INFO  impl.RoleInfo (RoleInfo.java:shutdownFollowerState(110)) - b2981eac-b4c3-4266-a3be-ebd453a2e2b7: shutdown b2981eac-b4c3-4266-a3be-ebd453a2e2b7@group-CFE66E6C93F0-FollowerState
2023-02-17 01:32:27,110 [b2981eac-b4c3-4266-a3be-ebd453a2e2b7@group-CFE66E6C93F0-FollowerState] INFO  server.RaftServer$Division (RaftServerImpl.java:setRole(321)) - b2981eac-b4c3-4266-a3be-ebd453a2e2b7@group-CFE66E6C93F0: changes role from  FOLLOWER to CANDIDATE at term 0 for changeToCandidate
2023-02-17 01:32:27,111 [b2981eac-b4c3-4266-a3be-ebd453a2e2b7@group-CFE66E6C93F0-FollowerState] INFO  server.RaftServerConfigKeys (ConfUtils.java:logGet(46)) - raft.server.leaderelection.pre-vote = true (default)
2023-02-17 01:32:27,111 [b2981eac-b4c3-4266-a3be-ebd453a2e2b7@group-CFE66E6C93F0-FollowerState] INFO  impl.RoleInfo (RoleInfo.java:updateAndGet(139)) - b2981eac-b4c3-4266-a3be-ebd453a2e2b7: start b2981eac-b4c3-4266-a3be-ebd453a2e2b7@group-CFE66E6C93F0-LeaderElection5
2023-02-17 01:32:27,120 [EventQueue-PipelineReportForPipelineReportHandler] INFO  pipeline.PipelineManagerImpl (PipelineManagerImpl.java:openPipeline(367)) - Pipeline Pipeline[ Id: e9959d7e-43ed-40c8-b667-a234537c4734, Nodes: b2981eac-b4c3-4266-a3be-ebd453a2e2b7(fv-az249-264.ubt5suc3ufjutoeqyo4zsso0he.gx.internal.cloudapp.net/10.1.0.190)90b5d626-740c-4e6b-9ad1-03df535f3e79(fv-az249-264.ubt5suc3ufjutoeqyo4zsso0he.gx.internal.cloudapp.net/10.1.0.190)9f9ca560-66e6-43f3-a3dc-218554c09834(fv-az249-264.ubt5suc3ufjutoeqyo4zsso0he.gx.internal.cloudapp.net/10.1.0.190), ReplicationConfig: RATIS/THREE, State:ALLOCATED, leaderId:9f9ca560-66e6-43f3-a3dc-218554c09834, CreationTimestamp2023-02-17T01:32:19.406Z[Etc/UTC]] moved to OPEN state
2023-02-17 01:32:27,121 [EventQueue-OpenPipelineForHealthyPipelineSafeModeRule] INFO  safemode.SCMSafeModeManager (HealthyPipelineSafeModeRule.java:process(137)) - SCM in safe mode. Healthy pipelines reported count is 0, required healthy pipeline reported count is 1
2023-02-17 01:32:27,121 [EventQueue-OpenPipelineForHealthyPipelineSafeModeRule] INFO  safemode.SCMSafeModeManager (HealthyPipelineSafeModeRule.java:process(137)) - SCM in safe mode. Healthy pipelines reported count is 1, required healthy pipeline reported count is 1
2023-02-17 01:32:27,121 [EventQueue-OpenPipelineForHealthyPipelineSafeModeRule] INFO  safemode.SCMSafeModeManager (SCMSafeModeManager.java:validateSafeModeExitRules(200)) - HealthyPipelineSafeModeRule rule is successfully validated
2023-02-17 01:32:27,121 [EventQueue-OpenPipelineForHealthyPipelineSafeModeRule] INFO  safemode.SCMSafeModeManager (SCMSafeModeManager.java:validateSafeModeExitRules(215)) - ScmSafeModeManager, all rules are successfully validated
2023-02-17 01:32:27,121 [EventQueue-OpenPipelineForHealthyPipelineSafeModeRule] INFO  safemode.SCMSafeModeManager (SCMSafeModeManager.java:exitSafeMode(244)) - SCM exiting safe mode.
2023-02-17 01:32:27,121 [EventQueue-OpenPipelineForHealthyPipelineSafeModeRule] INFO  ha.SCMContext (SCMContext.java:updateSafeModeStatus(228)) - Update SafeModeStatus from SafeModeStatus{safeModeStatus=true, preCheckPassed=true} to SafeModeStatus{safeModeStatus=false, preCheckPassed=true}.
2023-02-17 01:32:27,121 [EventQueue-OpenPipelineForHealthyPipelineSafeModeRule] INFO  pipeline.BackgroundPipelineCreator (BackgroundPipelineCreator.java:notifyStatusChanged(254)) - Service BackgroundPipelineCreator transitions to RUNNING.
2023-02-17 01:32:27,121 [EventQueue-OpenPipelineForHealthyPipelineSafeModeRule] INFO  BackgroundPipelineScrubber (BackgroundSCMService.java:notifyStatusChanged(82)) - Service BackgroundPipelineScrubber transitions to RUNNING.
2023-02-17 01:32:27,121 [EventQueue-OpenPipelineForHealthyPipelineSafeModeRule] INFO  ExpiredContainerReplicaOpScrubber (BackgroundSCMService.java:notifyStatusChanged(82)) - Service ExpiredContainerReplicaOpScrubber transitions to RUNNING.
2023-02-17 01:32:27,121 [EventQueue-OpenPipelineForHealthyPipelineSafeModeRule] INFO  replication.ReplicationManager (ReplicationManager.java:notifyStatusChanged(1036)) - Service ReplicationManager transitions to RUNNING.
2023-02-17 01:32:27,125 [90b5d626-740c-4e6b-9ad1-03df535f3e79@group-5DFE29AA0311-FollowerState] INFO  impl.FollowerState (FollowerState.java:run(143)) - 90b5d626-740c-4e6b-9ad1-03df535f3e79@group-5DFE29AA0311-FollowerState: change to CANDIDATE, lastRpcElapsedTime:5101439762ns, electionTimeout:5093ms
2023-02-17 01:32:27,128 [90b5d626-740c-4e6b-9ad1-03df535f3e79@group-5DFE29AA0311-FollowerState] INFO  impl.RoleInfo (RoleInfo.java:shutdownFollowerState(110)) - 90b5d626-740c-4e6b-9ad1-03df535f3e79: shutdown 90b5d626-740c-4e6b-9ad1-03df535f3e79@group-5DFE29AA0311-FollowerState
2023-02-17 01:32:27,128 [90b5d626-740c-4e6b-9ad1-03df535f3e79@group-5DFE29AA0311-FollowerState] INFO  server.RaftServer$Division (RaftServerImpl.java:setRole(321)) - 90b5d626-740c-4e6b-9ad1-03df535f3e79@group-5DFE29AA0311: changes role from  FOLLOWER to CANDIDATE at term 0 for changeToCandidate
2023-02-17 01:32:27,126 [grpc-default-executor-2] INFO  server.RaftServer$Division (RaftServerImpl.java:requestVote(1218)) - b2981eac-b4c3-4266-a3be-ebd453a2e2b7@group-A234537C4734: receive requestVote(ELECTION, 9f9ca560-66e6-43f3-a3dc-218554c09834, group-A234537C4734, 1, (t:0, i:0))
2023-02-17 01:32:27,126 [EventQueue-OpenPipelineForHealthyPipelineSafeModeRule] WARN  balancer.ContainerBalancer (ContainerBalancer.java:shouldRun(131)) - Could not find persisted configuration for ContainerBalancer when checking if ContainerBalancer should run. ContainerBalancer should not run now.
2023-02-17 01:32:27,134 [grpc-default-executor-2] INFO  impl.VoteContext (VoteContext.java:log(49)) - b2981eac-b4c3-4266-a3be-ebd453a2e2b7@group-A234537C4734-FOLLOWER: accept ELECTION from 9f9ca560-66e6-43f3-a3dc-218554c09834: our priority 0 <= candidate's priority 1
2023-02-17 01:32:27,134 [grpc-default-executor-2] INFO  server.RaftServer$Division (RaftServerImpl.java:setRole(321)) - b2981eac-b4c3-4266-a3be-ebd453a2e2b7@group-A234537C4734: changes role from  FOLLOWER to FOLLOWER at term 1 for candidate:9f9ca560-66e6-43f3-a3dc-218554c09834
2023-02-17 01:32:27,135 [grpc-default-executor-2] INFO  impl.RoleInfo (RoleInfo.java:shutdownFollowerState(110)) - b2981eac-b4c3-4266-a3be-ebd453a2e2b7: shutdown b2981eac-b4c3-4266-a3be-ebd453a2e2b7@group-A234537C4734-FollowerState
2023-02-17 01:32:27,135 [grpc-default-executor-2] INFO  impl.RoleInfo (RoleInfo.java:updateAndGet(139)) - b2981eac-b4c3-4266-a3be-ebd453a2e2b7: start b2981eac-b4c3-4266-a3be-ebd453a2e2b7@group-A234537C4734-FollowerState
2023-02-17 01:32:27,135 [b2981eac-b4c3-4266-a3be-ebd453a2e2b7@group-A234537C4734-FollowerState] INFO  impl.FollowerState (FollowerState.java:run(152)) - b2981eac-b4c3-4266-a3be-ebd453a2e2b7@group-A234537C4734-FollowerState was interrupted
2023-02-17 01:32:27,134 [90b5d626-740c-4e6b-9ad1-03df535f3e79@group-5DFE29AA0311-FollowerState] INFO  server.RaftServerConfigKeys (ConfUtils.java:logGet(46)) - raft.server.leaderelection.pre-vote = true (default)
2023-02-17 01:32:27,135 [90b5d626-740c-4e6b-9ad1-03df535f3e79@group-5DFE29AA0311-FollowerState] INFO  impl.RoleInfo (RoleInfo.java:updateAndGet(139)) - 90b5d626-740c-4e6b-9ad1-03df535f3e79: start 90b5d626-740c-4e6b-9ad1-03df535f3e79@group-5DFE29AA0311-LeaderElection6
2023-02-17 01:32:27,134 [b2981eac-b4c3-4266-a3be-ebd453a2e2b7@group-CFE66E6C93F0-LeaderElection5] INFO  impl.LeaderElection (LeaderElection.java:askForVotes(312)) - b2981eac-b4c3-4266-a3be-ebd453a2e2b7@group-CFE66E6C93F0-LeaderElection5 PRE_VOTE round 0: submit vote requests at term 0 for -1: peers:[90b5d626-740c-4e6b-9ad1-03df535f3e79|rpc:10.1.0.190:44941|dataStream:10.1.0.190:41071|priority:1|startupRole:FOLLOWER, 9f9ca560-66e6-43f3-a3dc-218554c09834|rpc:10.1.0.190:35607|dataStream:10.1.0.190:34715|priority:0|startupRole:FOLLOWER, b2981eac-b4c3-4266-a3be-ebd453a2e2b7|rpc:10.1.0.190:40169|dataStream:10.1.0.190:41231|priority:0|startupRole:FOLLOWER]|listeners:[], old=null
2023-02-17 01:32:27,135 [9f9ca560-66e6-43f3-a3dc-218554c09834@group-A234537C4734-LeaderElection4] INFO  server.RaftServerConfigKeys (ConfUtils.java:logGet(46)) - raft.server.log.appender.snapshot.chunk.size.max = 16MB (=16777216) (default)
2023-02-17 01:32:27,135 [9f9ca560-66e6-43f3-a3dc-218554c09834@group-A234537C4734-LeaderElection4] INFO  server.RaftServerConfigKeys (ConfUtils.java:logGet(46)) - raft.server.log.appender.buffer.byte-limit = 33554432 (custom)
2023-02-17 01:32:27,137 [9f9ca560-66e6-43f3-a3dc-218554c09834@group-A234537C4734-LeaderElection4] INFO  server.RaftServerConfigKeys (ConfUtils.java:logGet(46)) - raft.server.log.appender.buffer.element-limit = 1 (custom)
2023-02-17 01:32:27,138 [grpc-default-executor-2] INFO  server.RaftServer$Division (RaftServerImpl.java:requestVote(1251)) - b2981eac-b4c3-4266-a3be-ebd453a2e2b7@group-A234537C4734 replies to ELECTION vote request: 9f9ca560-66e6-43f3-a3dc-218554c09834<-b2981eac-b4c3-4266-a3be-ebd453a2e2b7#0:OK-t1. Peer's state: b2981eac-b4c3-4266-a3be-ebd453a2e2b7@group-A234537C4734:t1, leader=null, voted=9f9ca560-66e6-43f3-a3dc-218554c09834, raftlog=Memoized:b2981eac-b4c3-4266-a3be-ebd453a2e2b7@group-A234537C4734-SegmentedRaftLog:OPENED:c-1, conf=-1: peers:[90b5d626-740c-4e6b-9ad1-03df535f3e79|rpc:10.1.0.190:44941|dataStream:10.1.0.190:41071|priority:0|startupRole:FOLLOWER, 9f9ca560-66e6-43f3-a3dc-218554c09834|rpc:10.1.0.190:35607|dataStream:10.1.0.190:34715|priority:1|startupRole:FOLLOWER, b2981eac-b4c3-4266-a3be-ebd453a2e2b7|rpc:10.1.0.190:40169|dataStream:10.1.0.190:41231|priority:0|startupRole:FOLLOWER]|listeners:[], old=null
2023-02-17 01:32:27,140 [b2981eac-b4c3-4266-a3be-ebd453a2e2b7@group-CFE66E6C93F0-LeaderElection5] INFO  server.RaftServerConfigKeys (ConfUtils.java:logFallback(53)) - raft.server.rpc.first-election.timeout.min = 5s (fallback to raft.server.rpc.timeout.min)
2023-02-17 01:32:27,142 [b2981eac-b4c3-4266-a3be-ebd453a2e2b7@group-CFE66E6C93F0-LeaderElection5] INFO  server.RaftServerConfigKeys (ConfUtils.java:logFallback(53)) - raft.server.rpc.first-election.timeout.max = 5200ms (fallback to raft.server.rpc.timeout.max)
2023-02-17 01:32:27,139 [b2981eac-b4c3-4266-a3be-ebd453a2e2b7@group-A234537C4734-FollowerState] INFO  server.RaftServerConfigKeys (ConfUtils.java:logFallback(53)) - raft.server.rpc.first-election.timeout.min = 5s (fallback to raft.server.rpc.timeout.min)
2023-02-17 01:32:27,145 [9f9ca560-66e6-43f3-a3dc-218554c09834@group-A234537C4734-LeaderElection4] INFO  grpc.GrpcConfigKeys (ConfUtils.java:logGet(46)) - raft.grpc.server.leader.outstanding.appends.max = 128 (default)
2023-02-17 01:32:27,145 [9f9ca560-66e6-43f3-a3dc-218554c09834@group-A234537C4734-LeaderElection4] INFO  server.RaftServerConfigKeys (ConfUtils.java:logGet(46)) - raft.server.rpc.request.timeout = 3000ms (default)
2023-02-17 01:32:27,145 [9f9ca560-66e6-43f3-a3dc-218554c09834@group-A234537C4734-LeaderElection4] INFO  server.RaftServerConfigKeys (ConfUtils.java:logGet(46)) - raft.server.log.appender.install.snapshot.enabled = false (custom)
2023-02-17 01:32:27,145 [9f9ca560-66e6-43f3-a3dc-218554c09834@group-A234537C4734-LeaderElection4] INFO  grpc.GrpcConfigKeys (ConfUtils.java:logGet(46)) - raft.grpc.server.heartbeat.channel = true (default)
2023-02-17 01:32:27,145 [9f9ca560-66e6-43f3-a3dc-218554c09834@group-A234537C4734-LeaderElection4] INFO  server.RaftServerConfigKeys (ConfUtils.java:logGet(46)) - raft.server.log.appender.wait-time.min = 10ms (default)
2023-02-17 01:32:27,144 [90b5d626-740c-4e6b-9ad1-03df535f3e79@group-5DFE29AA0311-LeaderElection6] INFO  impl.LeaderElection (LeaderElection.java:askForVotes(312)) - 90b5d626-740c-4e6b-9ad1-03df535f3e79@group-5DFE29AA0311-LeaderElection6 PRE_VOTE round 0: submit vote requests at term 0 for -1: peers:[90b5d626-740c-4e6b-9ad1-03df535f3e79|rpc:10.1.0.190:44941|dataStream:10.1.0.190:41071|priority:1|startupRole:FOLLOWER]|listeners:[], old=null
2023-02-17 01:32:27,144 [90b5d626-740c-4e6b-9ad1-03df535f3e79@group-CFE66E6C93F0-FollowerState] INFO  impl.FollowerState (FollowerState.java:run(143)) - 90b5d626-740c-4e6b-9ad1-03df535f3e79@group-CFE66E6C93F0-FollowerState: change to CANDIDATE, lastRpcElapsedTime:5093112755ns, electionTimeout:5085ms
2023-02-17 01:32:27,145 [b2981eac-b4c3-4266-a3be-ebd453a2e2b7@group-A234537C4734-FollowerState] INFO  server.RaftServerConfigKeys (ConfUtils.java:logFallback(53)) - raft.server.rpc.first-election.timeout.max = 5200ms (fallback to raft.server.rpc.timeout.max)
2023-02-17 01:32:27,146 [90b5d626-740c-4e6b-9ad1-03df535f3e79@group-CFE66E6C93F0-FollowerState] INFO  impl.RoleInfo (RoleInfo.java:shutdownFollowerState(110)) - 90b5d626-740c-4e6b-9ad1-03df535f3e79: shutdown 90b5d626-740c-4e6b-9ad1-03df535f3e79@group-CFE66E6C93F0-FollowerState
2023-02-17 01:32:27,146 [90b5d626-740c-4e6b-9ad1-03df535f3e79@group-CFE66E6C93F0-FollowerState] INFO  server.RaftServer$Division (RaftServerImpl.java:setRole(321)) - 90b5d626-740c-4e6b-9ad1-03df535f3e79@group-CFE66E6C93F0: changes role from  FOLLOWER to CANDIDATE at term 0 for changeToCandidate
2023-02-17 01:32:27,146 [90b5d626-740c-4e6b-9ad1-03df535f3e79@group-5DFE29AA0311-LeaderElection6] INFO  impl.LeaderElection (LeaderElection.java:askForVotes(314)) - 90b5d626-740c-4e6b-9ad1-03df535f3e79@group-5DFE29AA0311-LeaderElection6 PRE_VOTE round 0: result PASSED (term=0)
2023-02-17 01:32:27,148 [90b5d626-740c-4e6b-9ad1-03df535f3e79@group-CFE66E6C93F0-FollowerState] INFO  server.RaftServerConfigKeys (ConfUtils.java:logGet(46)) - raft.server.leaderelection.pre-vote = true (default)
2023-02-17 01:32:27,148 [90b5d626-740c-4e6b-9ad1-03df535f3e79@group-CFE66E6C93F0-FollowerState] INFO  impl.RoleInfo (RoleInfo.java:updateAndGet(139)) - 90b5d626-740c-4e6b-9ad1-03df535f3e79: start 90b5d626-740c-4e6b-9ad1-03df535f3e79@group-CFE66E6C93F0-LeaderElection7
2023-02-17 01:32:27,151 [9f9ca560-66e6-43f3-a3dc-218554c09834@group-A234537C4734-LeaderElection4] INFO  server.RaftServerConfigKeys (ConfUtils.java:logGet(46)) - raft.server.log.appender.snapshot.chunk.size.max = 16MB (=16777216) (default)
2023-02-17 01:32:27,151 [9f9ca560-66e6-43f3-a3dc-218554c09834@group-A234537C4734-LeaderElection4] INFO  server.RaftServerConfigKeys (ConfUtils.java:logGet(46)) - raft.server.log.appender.buffer.byte-limit = 33554432 (custom)
2023-02-17 01:32:27,151 [9f9ca560-66e6-43f3-a3dc-218554c09834@group-A234537C4734-LeaderElection4] INFO  server.RaftServerConfigKeys (ConfUtils.java:logGet(46)) - raft.server.log.appender.buffer.element-limit = 1 (custom)
2023-02-17 01:32:27,151 [9f9ca560-66e6-43f3-a3dc-218554c09834@group-A234537C4734-LeaderElection4] INFO  grpc.GrpcConfigKeys (ConfUtils.java:logGet(46)) - raft.grpc.server.leader.outstanding.appends.max = 128 (default)
2023-02-17 01:32:27,151 [9f9ca560-66e6-43f3-a3dc-218554c09834@group-A234537C4734-LeaderElection4] INFO  server.RaftServerConfigKeys (ConfUtils.java:logGet(46)) - raft.server.rpc.request.timeout = 3000ms (default)
2023-02-17 01:32:27,151 [9f9ca560-66e6-43f3-a3dc-218554c09834@group-A234537C4734-LeaderElection4] INFO  server.RaftServerConfigKeys (ConfUtils.java:logGet(46)) - raft.server.log.appender.install.snapshot.enabled = false (custom)
2023-02-17 01:32:27,151 [9f9ca560-66e6-43f3-a3dc-218554c09834@group-A234537C4734-LeaderElection4] INFO  grpc.GrpcConfigKeys (ConfUtils.java:logGet(46)) - raft.grpc.server.heartbeat.channel = true (default)
2023-02-17 01:32:27,151 [9f9ca560-66e6-43f3-a3dc-218554c09834@group-A234537C4734-LeaderElection4] INFO  server.RaftServerConfigKeys (ConfUtils.java:logGet(46)) - raft.server.log.appender.wait-time.min = 10ms (default)
2023-02-17 01:32:27,153 [90b5d626-740c-4e6b-9ad1-03df535f3e79@group-5DFE29AA0311-LeaderElection6] INFO  impl.LeaderElection (LeaderElection.java:askForVotes(312)) - 90b5d626-740c-4e6b-9ad1-03df535f3e79@group-5DFE29AA0311-LeaderElection6 ELECTION round 0: submit vote requests at term 1 for -1: peers:[90b5d626-740c-4e6b-9ad1-03df535f3e79|rpc:10.1.0.190:44941|dataStream:10.1.0.190:41071|priority:1|startupRole:FOLLOWER]|listeners:[], old=null
2023-02-17 01:32:27,153 [90b5d626-740c-4e6b-9ad1-03df535f3e79@group-5DFE29AA0311-LeaderElection6] INFO  impl.LeaderElection (LeaderElection.java:askForVotes(314)) - 90b5d626-740c-4e6b-9ad1-03df535f3e79@group-5DFE29AA0311-LeaderElection6 ELECTION round 0: result PASSED (term=1)
2023-02-17 01:32:27,153 [90b5d626-740c-4e6b-9ad1-03df535f3e79@group-5DFE29AA0311-LeaderElection6] INFO  impl.RoleInfo (RoleInfo.java:shutdownLeaderElection(130)) - 90b5d626-740c-4e6b-9ad1-03df535f3e79: shutdown 90b5d626-740c-4e6b-9ad1-03df535f3e79@group-5DFE29AA0311-LeaderElection6
2023-02-17 01:32:27,153 [90b5d626-740c-4e6b-9ad1-03df535f3e79@group-5DFE29AA0311-LeaderElection6] INFO  server.RaftServer$Division (RaftServerImpl.java:setRole(321)) - 90b5d626-740c-4e6b-9ad1-03df535f3e79@group-5DFE29AA0311: changes role from CANDIDATE to LEADER at term 1 for changeToLeader
2023-02-17 01:32:27,153 [90b5d626-740c-4e6b-9ad1-03df535f3e79@group-5DFE29AA0311-LeaderElection6] INFO  ratis.XceiverServerRatis (XceiverServerRatis.java:handleLeaderChangedNotification(905)) - Leader change notification received for group: group-5DFE29AA0311 with new leaderId: 90b5d626-740c-4e6b-9ad1-03df535f3e79
2023-02-17 01:32:27,153 [90b5d626-740c-4e6b-9ad1-03df535f3e79@group-5DFE29AA0311-LeaderElection6] INFO  server.RaftServer$Division (ServerState.java:setLeader(313)) - 90b5d626-740c-4e6b-9ad1-03df535f3e79@group-5DFE29AA0311: change Leader from null to 90b5d626-740c-4e6b-9ad1-03df535f3e79 at term 1 for becomeLeader, leader elected after 5152ms
2023-02-17 01:32:27,153 [90b5d626-740c-4e6b-9ad1-03df535f3e79@group-5DFE29AA0311-LeaderElection6] INFO  server.RaftServerConfigKeys (ConfUtils.java:logGet(46)) - raft.server.staging.catchup.gap = 1000 (default)
2023-02-17 01:32:27,153 [90b5d626-740c-4e6b-9ad1-03df535f3e79@group-5DFE29AA0311-LeaderElection6] INFO  server.RaftServerConfigKeys (ConfUtils.java:logGet(46)) - raft.server.write.element-limit = 1024 (custom)
2023-02-17 01:32:27,153 [90b5d626-740c-4e6b-9ad1-03df535f3e79@group-5DFE29AA0311-LeaderElection6] INFO  server.RaftServerConfigKeys (ConfUtils.java:logGet(46)) - raft.server.write.byte-limit = 1024 M (=1073741824) (custom)
2023-02-17 01:32:27,154 [90b5d626-740c-4e6b-9ad1-03df535f3e79@group-5DFE29AA0311-LeaderElection6] INFO  server.RaftServerConfigKeys (ConfUtils.java:logGet(46)) - raft.server.watch.timeout = 10000ms (default)
2023-02-17 01:32:27,154 [90b5d626-740c-4e6b-9ad1-03df535f3e79@group-5DFE29AA0311-LeaderElection6] INFO  server.RaftServerConfigKeys (ConfUtils.java:logGet(46)) - raft.server.watch.timeout.denomination = 1s (default)
2023-02-17 01:32:27,154 [90b5d626-740c-4e6b-9ad1-03df535f3e79@group-5DFE29AA0311-LeaderElection6] INFO  server.RaftServerConfigKeys (ConfUtils.java:logGet(46)) - raft.server.watch.element-limit = 65536 (default)
2023-02-17 01:32:27,154 [90b5d626-740c-4e6b-9ad1-03df535f3e79@group-5DFE29AA0311-LeaderElection6] INFO  server.RaftServerConfigKeys (ConfUtils.java:logGet(46)) - raft.server.write.element-limit = 1024 (custom)
2023-02-17 01:32:27,154 [90b5d626-740c-4e6b-9ad1-03df535f3e79@group-5DFE29AA0311-LeaderElection6] INFO  server.RaftServerConfigKeys (ConfUtils.java:logGet(46)) - raft.server.write.follower.gap.ratio.max = -1.0 (default)
2023-02-17 01:32:27,154 [90b5d626-740c-4e6b-9ad1-03df535f3e79@group-5DFE29AA0311-LeaderElection6] INFO  impl.RoleInfo (RoleInfo.java:updateAndGet(139)) - 90b5d626-740c-4e6b-9ad1-03df535f3e79: start 90b5d626-740c-4e6b-9ad1-03df535f3e79@group-5DFE29AA0311-LeaderStateImpl
2023-02-17 01:32:27,154 [90b5d626-740c-4e6b-9ad1-03df535f3e79@group-5DFE29AA0311-LeaderElection6] INFO  segmented.SegmentedRaftLogWorker (SegmentedRaftLogWorker.java:startLogSegment(452)) - 90b5d626-740c-4e6b-9ad1-03df535f3e79@group-5DFE29AA0311-SegmentedRaftLogWorker: Starting segment from index:0
2023-02-17 01:32:27,155 [90b5d626-740c-4e6b-9ad1-03df535f3e79@group-5DFE29AA0311-SegmentedRaftLogWorker] INFO  segmented.SegmentedRaftLogWorker (SegmentedRaftLogWorker.java:execute(656)) - 90b5d626-740c-4e6b-9ad1-03df535f3e79@group-5DFE29AA0311-SegmentedRaftLogWorker: created new log segment /home/runner/work/ozone/ozone/hadoop-ozone/integration-test/target/test-dir/MiniOzoneClusterImpl-699c85d0-1a2e-49ef-96e2-8d5cf650a041/datanode-1/data/ratis/1478227c-b32b-48ce-bffe-5dfe29aa0311/current/log_inprogress_0
2023-02-17 01:32:27,159 [9f9ca560-66e6-43f3-a3dc-218554c09834@group-A234537C4734-LeaderElection4] INFO  impl.RoleInfo (RoleInfo.java:updateAndGet(139)) - 9f9ca560-66e6-43f3-a3dc-218554c09834: start 9f9ca560-66e6-43f3-a3dc-218554c09834@group-A234537C4734-LeaderStateImpl
2023-02-17 01:32:27,159 [9f9ca560-66e6-43f3-a3dc-218554c09834@group-A234537C4734-LeaderElection4] INFO  segmented.SegmentedRaftLogWorker (SegmentedRaftLogWorker.java:startLogSegment(452)) - 9f9ca560-66e6-43f3-a3dc-218554c09834@group-A234537C4734-SegmentedRaftLogWorker: Starting segment from index:0
2023-02-17 01:32:27,162 [grpc-default-executor-2] INFO  server.RaftServer$Division (RaftServerImpl.java:requestVote(1218)) - 90b5d626-740c-4e6b-9ad1-03df535f3e79@group-CFE66E6C93F0: receive requestVote(PRE_VOTE, b2981eac-b4c3-4266-a3be-ebd453a2e2b7, group-CFE66E6C93F0, 0, (t:0, i:0))
2023-02-17 01:32:27,162 [grpc-default-executor-0] INFO  server.RaftServer$Division (RaftServerImpl.java:requestVote(1218)) - 9f9ca560-66e6-43f3-a3dc-218554c09834@group-CFE66E6C93F0: receive requestVote(PRE_VOTE, b2981eac-b4c3-4266-a3be-ebd453a2e2b7, group-CFE66E6C93F0, 0, (t:0, i:0))
2023-02-17 01:32:27,162 [grpc-default-executor-2] INFO  impl.VoteContext (VoteContext.java:log(49)) - 90b5d626-740c-4e6b-9ad1-03df535f3e79@group-CFE66E6C93F0-CANDIDATE: reject PRE_VOTE from b2981eac-b4c3-4266-a3be-ebd453a2e2b7: our priority 1 > candidate's priority 0
2023-02-17 01:32:27,162 [grpc-default-executor-0] INFO  impl.VoteContext (VoteContext.java:log(49)) - 9f9ca560-66e6-43f3-a3dc-218554c09834@group-CFE66E6C93F0-FOLLOWER: accept PRE_VOTE from b2981eac-b4c3-4266-a3be-ebd453a2e2b7: our priority 0 <= candidate's priority 0
2023-02-17 01:32:27,162 [grpc-default-executor-2] INFO  server.RaftServer$Division (RaftServerImpl.java:requestVote(1251)) - 90b5d626-740c-4e6b-9ad1-03df535f3e79@group-CFE66E6C93F0 replies to PRE_VOTE vote request: b2981eac-b4c3-4266-a3be-ebd453a2e2b7<-90b5d626-740c-4e6b-9ad1-03df535f3e79#0:FAIL-t0. Peer's state: 90b5d626-740c-4e6b-9ad1-03df535f3e79@group-CFE66E6C93F0:t0, leader=null, voted=, raftlog=Memoized:90b5d626-740c-4e6b-9ad1-03df535f3e79@group-CFE66E6C93F0-SegmentedRaftLog:OPENED:c-1, conf=-1: peers:[90b5d626-740c-4e6b-9ad1-03df535f3e79|rpc:10.1.0.190:44941|dataStream:10.1.0.190:41071|priority:1|startupRole:FOLLOWER, 9f9ca560-66e6-43f3-a3dc-218554c09834|rpc:10.1.0.190:35607|dataStream:10.1.0.190:34715|priority:0|startupRole:FOLLOWER, b2981eac-b4c3-4266-a3be-ebd453a2e2b7|rpc:10.1.0.190:40169|dataStream:10.1.0.190:41231|priority:0|startupRole:FOLLOWER]|listeners:[], old=null
2023-02-17 01:32:27,162 [grpc-default-executor-0] INFO  server.RaftServer$Division (RaftServerImpl.java:requestVote(1251)) - 9f9ca560-66e6-43f3-a3dc-218554c09834@group-CFE66E6C93F0 replies to PRE_VOTE vote request: b2981eac-b4c3-4266-a3be-ebd453a2e2b7<-9f9ca560-66e6-43f3-a3dc-218554c09834#0:OK-t0. Peer's state: 9f9ca560-66e6-43f3-a3dc-218554c09834@group-CFE66E6C93F0:t0, leader=null, voted=, raftlog=Memoized:9f9ca560-66e6-43f3-a3dc-218554c09834@group-CFE66E6C93F0-SegmentedRaftLog:OPENED:c-1, conf=-1: peers:[90b5d626-740c-4e6b-9ad1-03df535f3e79|rpc:10.1.0.190:44941|dataStream:10.1.0.190:41071|priority:1|startupRole:FOLLOWER, 9f9ca560-66e6-43f3-a3dc-218554c09834|rpc:10.1.0.190:35607|dataStream:10.1.0.190:34715|priority:0|startupRole:FOLLOWER, b2981eac-b4c3-4266-a3be-ebd453a2e2b7|rpc:10.1.0.190:40169|dataStream:10.1.0.190:41231|priority:0|startupRole:FOLLOWER]|listeners:[], old=null
2023-02-17 01:32:27,164 [9f9ca560-66e6-43f3-a3dc-218554c09834@group-A234537C4734-SegmentedRaftLogWorker] INFO  segmented.SegmentedRaftLogWorker (SegmentedRaftLogWorker.java:execute(656)) - 9f9ca560-66e6-43f3-a3dc-218554c09834@group-A234537C4734-SegmentedRaftLogWorker: created new log segment /home/runner/work/ozone/ozone/hadoop-ozone/integration-test/target/test-dir/MiniOzoneClusterImpl-699c85d0-1a2e-49ef-96e2-8d5cf650a041/datanode-2/data/ratis/e9959d7e-43ed-40c8-b667-a234537c4734/current/log_inprogress_0
2023-02-17 01:32:27,164 [90b5d626-740c-4e6b-9ad1-03df535f3e79@group-5DFE29AA0311-LeaderElection6] INFO  server.RaftServer$Division (ServerState.java:setRaftConf(430)) - 90b5d626-740c-4e6b-9ad1-03df535f3e79@group-5DFE29AA0311: set configuration 0: peers:[90b5d626-740c-4e6b-9ad1-03df535f3e79|rpc:10.1.0.190:44941|dataStream:10.1.0.190:41071|priority:1|startupRole:FOLLOWER]|listeners:[], old=null
2023-02-17 01:32:27,170 [9f9ca560-66e6-43f3-a3dc-218554c09834@group-A234537C4734-LeaderElection4] INFO  server.RaftServer$Division (ServerState.java:setRaftConf(430)) - 9f9ca560-66e6-43f3-a3dc-218554c09834@group-A234537C4734: set configuration 0: peers:[90b5d626-740c-4e6b-9ad1-03df535f3e79|rpc:10.1.0.190:44941|dataStream:10.1.0.190:41071|priority:0|startupRole:FOLLOWER, 9f9ca560-66e6-43f3-a3dc-218554c09834|rpc:10.1.0.190:35607|dataStream:10.1.0.190:34715|priority:1|startupRole:FOLLOWER, b2981eac-b4c3-4266-a3be-ebd453a2e2b7|rpc:10.1.0.190:40169|dataStream:10.1.0.190:41231|priority:0|startupRole:FOLLOWER]|listeners:[], old=null
2023-02-17 01:32:27,165 [b2981eac-b4c3-4266-a3be-ebd453a2e2b7@group-CFE66E6C93F0-LeaderElection5] INFO  impl.LeaderElection (LeaderElection.java:logAndReturn(90)) - b2981eac-b4c3-4266-a3be-ebd453a2e2b7@group-CFE66E6C93F0-LeaderElection5: PRE_VOTE REJECTED received 2 response(s) and 0 exception(s):
2023-02-17 01:32:27,170 [b2981eac-b4c3-4266-a3be-ebd453a2e2b7@group-CFE66E6C93F0-LeaderElection5] INFO  impl.LeaderElection (LeaderElection.java:logAndReturn(94)) -   Response 0: b2981eac-b4c3-4266-a3be-ebd453a2e2b7<-90b5d626-740c-4e6b-9ad1-03df535f3e79#0:FAIL-t0
2023-02-17 01:32:27,170 [b2981eac-b4c3-4266-a3be-ebd453a2e2b7@group-CFE66E6C93F0-LeaderElection5] INFO  impl.LeaderElection (LeaderElection.java:logAndReturn(94)) -   Response 1: b2981eac-b4c3-4266-a3be-ebd453a2e2b7<-9f9ca560-66e6-43f3-a3dc-218554c09834#0:OK-t0
2023-02-17 01:32:27,170 [b2981eac-b4c3-4266-a3be-ebd453a2e2b7@group-CFE66E6C93F0-LeaderElection5] INFO  impl.LeaderElection (LeaderElection.java:askForVotes(314)) - b2981eac-b4c3-4266-a3be-ebd453a2e2b7@group-CFE66E6C93F0-LeaderElection5 PRE_VOTE round 0: result REJECTED
2023-02-17 01:32:27,171 [b2981eac-b4c3-4266-a3be-ebd453a2e2b7@group-CFE66E6C93F0-LeaderElection5] INFO  server.RaftServer$Division (RaftServerImpl.java:setRole(321)) - b2981eac-b4c3-4266-a3be-ebd453a2e2b7@group-CFE66E6C93F0: changes role from CANDIDATE to FOLLOWER at term 0 for REJECTED
2023-02-17 01:32:27,171 [b2981eac-b4c3-4266-a3be-ebd453a2e2b7@group-CFE66E6C93F0-LeaderElection5] INFO  impl.RoleInfo (RoleInfo.java:shutdownLeaderElection(130)) - b2981eac-b4c3-4266-a3be-ebd453a2e2b7: shutdown b2981eac-b4c3-4266-a3be-ebd453a2e2b7@group-CFE66E6C93F0-LeaderElection5
2023-02-17 01:32:27,171 [b2981eac-b4c3-4266-a3be-ebd453a2e2b7@group-CFE66E6C93F0-LeaderElection5] INFO  impl.RoleInfo (RoleInfo.java:updateAndGet(139)) - b2981eac-b4c3-4266-a3be-ebd453a2e2b7: start b2981eac-b4c3-4266-a3be-ebd453a2e2b7@group-CFE66E6C93F0-FollowerState
2023-02-17 01:32:27,164 [90b5d626-740c-4e6b-9ad1-03df535f3e79@group-CFE66E6C93F0-LeaderElection7] INFO  impl.LeaderElection (LeaderElection.java:askForVotes(312)) - 90b5d626-740c-4e6b-9ad1-03df535f3e79@group-CFE66E6C93F0-LeaderElection7 PRE_VOTE round 0: submit vote requests at term 0 for -1: peers:[90b5d626-740c-4e6b-9ad1-03df535f3e79|rpc:10.1.0.190:44941|dataStream:10.1.0.190:41071|priority:1|startupRole:FOLLOWER, 9f9ca560-66e6-43f3-a3dc-218554c09834|rpc:10.1.0.190:35607|dataStream:10.1.0.190:34715|priority:0|startupRole:FOLLOWER, b2981eac-b4c3-4266-a3be-ebd453a2e2b7|rpc:10.1.0.190:40169|dataStream:10.1.0.190:41231|priority:0|startupRole:FOLLOWER]|listeners:[], old=null
2023-02-17 01:32:27,176 [b2981eac-b4c3-4266-a3be-ebd453a2e2b7@group-CFE66E6C93F0-FollowerState] INFO  server.RaftServerConfigKeys (ConfUtils.java:logFallback(53)) - raft.server.rpc.first-election.timeout.min = 5s (fallback to raft.server.rpc.timeout.min)
2023-02-17 01:32:27,187 [b2981eac-b4c3-4266-a3be-ebd453a2e2b7@group-CFE66E6C93F0-FollowerState] INFO  server.RaftServerConfigKeys (ConfUtils.java:logFallback(53)) - raft.server.rpc.first-election.timeout.max = 5200ms (fallback to raft.server.rpc.timeout.max)
2023-02-17 01:32:27,189 [90b5d626-740c-4e6b-9ad1-03df535f3e79@group-CFE66E6C93F0-LeaderElection7-1] INFO  server.GrpcServerProtocolClient (GrpcServerProtocolClient.java:<init>(63)) - Build channel for 9f9ca560-66e6-43f3-a3dc-218554c09834
2023-02-17 01:32:27,192 [90b5d626-740c-4e6b-9ad1-03df535f3e79@group-CFE66E6C93F0-LeaderElection7-2] INFO  server.GrpcServerProtocolClient (GrpcServerProtocolClient.java:<init>(63)) - Build channel for b2981eac-b4c3-4266-a3be-ebd453a2e2b7
2023-02-17 01:32:27,189 [90b5d626-740c-4e6b-9ad1-03df535f3e79@group-CFE66E6C93F0-LeaderElection7] INFO  server.RaftServerConfigKeys (ConfUtils.java:logFallback(53)) - raft.server.rpc.first-election.timeout.min = 5s (fallback to raft.server.rpc.timeout.min)
2023-02-17 01:32:27,200 [90b5d626-740c-4e6b-9ad1-03df535f3e79@group-CFE66E6C93F0-LeaderElection7] INFO  server.RaftServerConfigKeys (ConfUtils.java:logFallback(53)) - raft.server.rpc.first-election.timeout.max = 5200ms (fallback to raft.server.rpc.timeout.max)
2023-02-17 01:32:27,225 [90b5d626-740c-4e6b-9ad1-03df535f3e79-server-thread2] INFO  ratis.XceiverServerRatis (XceiverServerRatis.java:handleLeaderChangedNotification(905)) - Leader change notification received for group: group-A234537C4734 with new leaderId: 9f9ca560-66e6-43f3-a3dc-218554c09834
2023-02-17 01:32:27,226 [90b5d626-740c-4e6b-9ad1-03df535f3e79-server-thread2] INFO  server.RaftServer$Division (ServerState.java:setLeader(313)) - 90b5d626-740c-4e6b-9ad1-03df535f3e79@group-A234537C4734: change Leader from null to 9f9ca560-66e6-43f3-a3dc-218554c09834 at term 1 for appendEntries, leader elected after 5370ms
2023-02-17 01:32:27,234 [b2981eac-b4c3-4266-a3be-ebd453a2e2b7-server-thread2] INFO  ratis.XceiverServerRatis (XceiverServerRatis.java:handleLeaderChangedNotification(905)) - Leader change notification received for group: group-A234537C4734 with new leaderId: 9f9ca560-66e6-43f3-a3dc-218554c09834
2023-02-17 01:32:27,235 [b2981eac-b4c3-4266-a3be-ebd453a2e2b7-server-thread2] INFO  server.RaftServer$Division (ServerState.java:setLeader(313)) - b2981eac-b4c3-4266-a3be-ebd453a2e2b7@group-A234537C4734: change Leader from null to 9f9ca560-66e6-43f3-a3dc-218554c09834 at term 1 for appendEntries, leader elected after 5783ms
2023-02-17 01:32:27,242 [grpc-default-executor-4] INFO  server.RaftServer$Division (RaftServerImpl.java:requestVote(1218)) - b2981eac-b4c3-4266-a3be-ebd453a2e2b7@group-CFE66E6C93F0: receive requestVote(PRE_VOTE, 90b5d626-740c-4e6b-9ad1-03df535f3e79, group-CFE66E6C93F0, 0, (t:0, i:0))
2023-02-17 01:32:27,242 [grpc-default-executor-5] INFO  server.RaftServer$Division (RaftServerImpl.java:requestVote(1218)) - 9f9ca560-66e6-43f3-a3dc-218554c09834@group-CFE66E6C93F0: receive requestVote(PRE_VOTE, 90b5d626-740c-4e6b-9ad1-03df535f3e79, group-CFE66E6C93F0, 0, (t:0, i:0))
2023-02-17 01:32:27,242 [grpc-default-executor-4] INFO  impl.VoteContext (VoteContext.java:log(49)) - b2981eac-b4c3-4266-a3be-ebd453a2e2b7@group-CFE66E6C93F0-FOLLOWER: accept PRE_VOTE from 90b5d626-740c-4e6b-9ad1-03df535f3e79: our priority 0 <= candidate's priority 1
2023-02-17 01:32:27,243 [grpc-default-executor-5] INFO  impl.VoteContext (VoteContext.java:log(49)) - 9f9ca560-66e6-43f3-a3dc-218554c09834@group-CFE66E6C93F0-FOLLOWER: accept PRE_VOTE from 90b5d626-740c-4e6b-9ad1-03df535f3e79: our priority 0 <= candidate's priority 1
2023-02-17 01:32:27,243 [grpc-default-executor-4] INFO  server.RaftServer$Division (RaftServerImpl.java:requestVote(1251)) - b2981eac-b4c3-4266-a3be-ebd453a2e2b7@group-CFE66E6C93F0 replies to PRE_VOTE vote request: 90b5d626-740c-4e6b-9ad1-03df535f3e79<-b2981eac-b4c3-4266-a3be-ebd453a2e2b7#0:OK-t0. Peer's state: b2981eac-b4c3-4266-a3be-ebd453a2e2b7@group-CFE66E6C93F0:t0, leader=null, voted=, raftlog=Memoized:b2981eac-b4c3-4266-a3be-ebd453a2e2b7@group-CFE66E6C93F0-SegmentedRaftLog:OPENED:c-1, conf=-1: peers:[90b5d626-740c-4e6b-9ad1-03df535f3e79|rpc:10.1.0.190:44941|dataStream:10.1.0.190:41071|priority:1|startupRole:FOLLOWER, 9f9ca560-66e6-43f3-a3dc-218554c09834|rpc:10.1.0.190:35607|dataStream:10.1.0.190:34715|priority:0|startupRole:FOLLOWER, b2981eac-b4c3-4266-a3be-ebd453a2e2b7|rpc:10.1.0.190:40169|dataStream:10.1.0.190:41231|priority:0|startupRole:FOLLOWER]|listeners:[], old=null
2023-02-17 01:32:27,243 [grpc-default-executor-5] INFO  server.RaftServer$Division (RaftServerImpl.java:requestVote(1251)) - 9f9ca560-66e6-43f3-a3dc-218554c09834@group-CFE66E6C93F0 replies to PRE_VOTE vote request: 90b5d626-740c-4e6b-9ad1-03df535f3e79<-9f9ca560-66e6-43f3-a3dc-218554c09834#0:OK-t0. Peer's state: 9f9ca560-66e6-43f3-a3dc-218554c09834@group-CFE66E6C93F0:t0, leader=null, voted=, raftlog=Memoized:9f9ca560-66e6-43f3-a3dc-218554c09834@group-CFE66E6C93F0-SegmentedRaftLog:OPENED:c-1, conf=-1: peers:[90b5d626-740c-4e6b-9ad1-03df535f3e79|rpc:10.1.0.190:44941|dataStream:10.1.0.190:41071|priority:1|startupRole:FOLLOWER, 9f9ca560-66e6-43f3-a3dc-218554c09834|rpc:10.1.0.190:35607|dataStream:10.1.0.190:34715|priority:0|startupRole:FOLLOWER, b2981eac-b4c3-4266-a3be-ebd453a2e2b7|rpc:10.1.0.190:40169|dataStream:10.1.0.190:41231|priority:0|startupRole:FOLLOWER]|listeners:[], old=null
2023-02-17 01:32:27,248 [90b5d626-740c-4e6b-9ad1-03df535f3e79@group-CFE66E6C93F0-LeaderElection7] INFO  impl.LeaderElection (LeaderElection.java:logAndReturn(90)) - 90b5d626-740c-4e6b-9ad1-03df535f3e79@group-CFE66E6C93F0-LeaderElection7: PRE_VOTE PASSED received 1 response(s) and 0 exception(s):
2023-02-17 01:32:27,248 [90b5d626-740c-4e6b-9ad1-03df535f3e79@group-CFE66E6C93F0-LeaderElection7] INFO  impl.LeaderElection (LeaderElection.java:logAndReturn(94)) -   Response 0: 90b5d626-740c-4e6b-9ad1-03df535f3e79<-9f9ca560-66e6-43f3-a3dc-218554c09834#0:OK-t0
2023-02-17 01:32:27,248 [90b5d626-740c-4e6b-9ad1-03df535f3e79@group-CFE66E6C93F0-LeaderElection7] INFO  impl.LeaderElection (LeaderElection.java:askForVotes(314)) - 90b5d626-740c-4e6b-9ad1-03df535f3e79@group-CFE66E6C93F0-LeaderElection7 PRE_VOTE round 0: result PASSED
2023-02-17 01:32:27,250 [90b5d626-740c-4e6b-9ad1-03df535f3e79@group-CFE66E6C93F0-LeaderElection7] INFO  impl.LeaderElection (LeaderElection.java:askForVotes(312)) - 90b5d626-740c-4e6b-9ad1-03df535f3e79@group-CFE66E6C93F0-LeaderElection7 ELECTION round 0: submit vote requests at term 1 for -1: peers:[90b5d626-740c-4e6b-9ad1-03df535f3e79|rpc:10.1.0.190:44941|dataStream:10.1.0.190:41071|priority:1|startupRole:FOLLOWER, 9f9ca560-66e6-43f3-a3dc-218554c09834|rpc:10.1.0.190:35607|dataStream:10.1.0.190:34715|priority:0|startupRole:FOLLOWER, b2981eac-b4c3-4266-a3be-ebd453a2e2b7|rpc:10.1.0.190:40169|dataStream:10.1.0.190:41231|priority:0|startupRole:FOLLOWER]|listeners:[], old=null
2023-02-17 01:32:27,251 [90b5d626-740c-4e6b-9ad1-03df535f3e79-server-thread1] INFO  server.RaftServer$Division (ServerState.java:setRaftConf(430)) - 90b5d626-740c-4e6b-9ad1-03df535f3e79@group-A234537C4734: set configuration 0: peers:[90b5d626-740c-4e6b-9ad1-03df535f3e79|rpc:10.1.0.190:44941|dataStream:10.1.0.190:41071|priority:0|startupRole:FOLLOWER, 9f9ca560-66e6-43f3-a3dc-218554c09834|rpc:10.1.0.190:35607|dataStream:10.1.0.190:34715|priority:1|startupRole:FOLLOWER, b2981eac-b4c3-4266-a3be-ebd453a2e2b7|rpc:10.1.0.190:40169|dataStream:10.1.0.190:41231|priority:0|startupRole:FOLLOWER]|listeners:[], old=null
2023-02-17 01:32:27,263 [90b5d626-740c-4e6b-9ad1-03df535f3e79-server-thread1] INFO  segmented.SegmentedRaftLogWorker (SegmentedRaftLogWorker.java:startLogSegment(452)) - 90b5d626-740c-4e6b-9ad1-03df535f3e79@group-A234537C4734-SegmentedRaftLogWorker: Starting segment from index:0
2023-02-17 01:32:27,258 [90b5d626-740c-4e6b-9ad1-03df535f3e79@group-CFE66E6C93F0-LeaderElection7] INFO  server.RaftServerConfigKeys (ConfUtils.java:logFallback(53)) - raft.server.rpc.first-election.timeout.min = 5s (fallback to raft.server.rpc.timeout.min)
2023-02-17 01:32:27,251 [b2981eac-b4c3-4266-a3be-ebd453a2e2b7-server-thread1] INFO  server.RaftServer$Division (ServerState.java:setRaftConf(430)) - b2981eac-b4c3-4266-a3be-ebd453a2e2b7@group-A234537C4734: set configuration 0: peers:[90b5d626-740c-4e6b-9ad1-03df535f3e79|rpc:10.1.0.190:44941|dataStream:10.1.0.190:41071|priority:0|startupRole:FOLLOWER, 9f9ca560-66e6-43f3-a3dc-218554c09834|rpc:10.1.0.190:35607|dataStream:10.1.0.190:34715|priority:1|startupRole:FOLLOWER, b2981eac-b4c3-4266-a3be-ebd453a2e2b7|rpc:10.1.0.190:40169|dataStream:10.1.0.190:41231|priority:0|startupRole:FOLLOWER]|listeners:[], old=null
2023-02-17 01:32:27,268 [90b5d626-740c-4e6b-9ad1-03df535f3e79@group-CFE66E6C93F0-LeaderElection7] INFO  server.RaftServerConfigKeys (ConfUtils.java:logFallback(53)) - raft.server.rpc.first-election.timeout.max = 5200ms (fallback to raft.server.rpc.timeout.max)
2023-02-17 01:32:27,268 [b2981eac-b4c3-4266-a3be-ebd453a2e2b7-server-thread1] INFO  segmented.SegmentedRaftLogWorker (SegmentedRaftLogWorker.java:startLogSegment(452)) - b2981eac-b4c3-4266-a3be-ebd453a2e2b7@group-A234537C4734-SegmentedRaftLogWorker: Starting segment from index:0
2023-02-17 01:32:27,272 [90b5d626-740c-4e6b-9ad1-03df535f3e79@group-A234537C4734-SegmentedRaftLogWorker] INFO  segmented.SegmentedRaftLogWorker (SegmentedRaftLogWorker.java:execute(656)) - 90b5d626-740c-4e6b-9ad1-03df535f3e79@group-A234537C4734-SegmentedRaftLogWorker: created new log segment /home/runner/work/ozone/ozone/hadoop-ozone/integration-test/target/test-dir/MiniOzoneClusterImpl-699c85d0-1a2e-49ef-96e2-8d5cf650a041/datanode-1/data/ratis/e9959d7e-43ed-40c8-b667-a234537c4734/current/log_inprogress_0
2023-02-17 01:32:27,274 [grpc-default-executor-5] INFO  server.RaftServer$Division (RaftServerImpl.java:requestVote(1218)) - 9f9ca560-66e6-43f3-a3dc-218554c09834@group-CFE66E6C93F0: receive requestVote(ELECTION, 90b5d626-740c-4e6b-9ad1-03df535f3e79, group-CFE66E6C93F0, 1, (t:0, i:0))
2023-02-17 01:32:27,274 [grpc-default-executor-5] INFO  impl.VoteContext (VoteContext.java:log(49)) - 9f9ca560-66e6-43f3-a3dc-218554c09834@group-CFE66E6C93F0-FOLLOWER: accept ELECTION from 90b5d626-740c-4e6b-9ad1-03df535f3e79: our priority 0 <= candidate's priority 1
2023-02-17 01:32:27,274 [grpc-default-executor-5] INFO  server.RaftServer$Division (RaftServerImpl.java:setRole(321)) - 9f9ca560-66e6-43f3-a3dc-218554c09834@group-CFE66E6C93F0: changes role from  FOLLOWER to FOLLOWER at term 1 for candidate:90b5d626-740c-4e6b-9ad1-03df535f3e79
2023-02-17 01:32:27,274 [grpc-default-executor-5] INFO  impl.RoleInfo (RoleInfo.java:shutdownFollowerState(110)) - 9f9ca560-66e6-43f3-a3dc-218554c09834: shutdown 9f9ca560-66e6-43f3-a3dc-218554c09834@group-CFE66E6C93F0-FollowerState
2023-02-17 01:32:27,274 [9f9ca560-66e6-43f3-a3dc-218554c09834@group-CFE66E6C93F0-FollowerState] INFO  impl.FollowerState (FollowerState.java:run(152)) - 9f9ca560-66e6-43f3-a3dc-218554c09834@group-CFE66E6C93F0-FollowerState was interrupted
2023-02-17 01:32:27,274 [b2981eac-b4c3-4266-a3be-ebd453a2e2b7@group-A234537C4734-SegmentedRaftLogWorker] INFO  segmented.SegmentedRaftLogWorker (SegmentedRaftLogWorker.java:execute(656)) - b2981eac-b4c3-4266-a3be-ebd453a2e2b7@group-A234537C4734-SegmentedRaftLogWorker: created new log segment /home/runner/work/ozone/ozone/hadoop-ozone/integration-test/target/test-dir/MiniOzoneClusterImpl-699c85d0-1a2e-49ef-96e2-8d5cf650a041/datanode-0/data/ratis/e9959d7e-43ed-40c8-b667-a234537c4734/current/log_inprogress_0
2023-02-17 01:32:27,275 [grpc-default-executor-5] INFO  impl.RoleInfo (RoleInfo.java:updateAndGet(139)) - 9f9ca560-66e6-43f3-a3dc-218554c09834: start 9f9ca560-66e6-43f3-a3dc-218554c09834@group-CFE66E6C93F0-FollowerState
2023-02-17 01:32:27,279 [grpc-default-executor-5] INFO  server.RaftServer$Division (RaftServerImpl.java:requestVote(1251)) - 9f9ca560-66e6-43f3-a3dc-218554c09834@group-CFE66E6C93F0 replies to ELECTION vote request: 90b5d626-740c-4e6b-9ad1-03df535f3e79<-9f9ca560-66e6-43f3-a3dc-218554c09834#0:OK-t1. Peer's state: 9f9ca560-66e6-43f3-a3dc-218554c09834@group-CFE66E6C93F0:t1, leader=null, voted=90b5d626-740c-4e6b-9ad1-03df535f3e79, raftlog=Memoized:9f9ca560-66e6-43f3-a3dc-218554c09834@group-CFE66E6C93F0-SegmentedRaftLog:OPENED:c-1, conf=-1: peers:[90b5d626-740c-4e6b-9ad1-03df535f3e79|rpc:10.1.0.190:44941|dataStream:10.1.0.190:41071|priority:1|startupRole:FOLLOWER, 9f9ca560-66e6-43f3-a3dc-218554c09834|rpc:10.1.0.190:35607|dataStream:10.1.0.190:34715|priority:0|startupRole:FOLLOWER, b2981eac-b4c3-4266-a3be-ebd453a2e2b7|rpc:10.1.0.190:40169|dataStream:10.1.0.190:41231|priority:0|startupRole:FOLLOWER]|listeners:[], old=null
2023-02-17 01:32:27,291 [9f9ca560-66e6-43f3-a3dc-218554c09834@group-CFE66E6C93F0-FollowerState] INFO  server.RaftServerConfigKeys (ConfUtils.java:logFallback(53)) - raft.server.rpc.first-election.timeout.min = 5s (fallback to raft.server.rpc.timeout.min)
2023-02-17 01:32:27,291 [9f9ca560-66e6-43f3-a3dc-218554c09834@group-CFE66E6C93F0-FollowerState] INFO  server.RaftServerConfigKeys (ConfUtils.java:logFallback(53)) - raft.server.rpc.first-election.timeout.max = 5200ms (fallback to raft.server.rpc.timeout.max)
2023-02-17 01:32:27,293 [grpc-default-executor-0] INFO  server.RaftServer$Division (RaftServerImpl.java:requestVote(1218)) - b2981eac-b4c3-4266-a3be-ebd453a2e2b7@group-CFE66E6C93F0: receive requestVote(ELECTION, 90b5d626-740c-4e6b-9ad1-03df535f3e79, group-CFE66E6C93F0, 1, (t:0, i:0))
2023-02-17 01:32:27,298 [grpc-default-executor-0] INFO  impl.VoteContext (VoteContext.java:log(49)) - b2981eac-b4c3-4266-a3be-ebd453a2e2b7@group-CFE66E6C93F0-FOLLOWER: accept ELECTION from 90b5d626-740c-4e6b-9ad1-03df535f3e79: our priority 0 <= candidate's priority 1
2023-02-17 01:32:27,298 [grpc-default-executor-0] INFO  server.RaftServer$Division (RaftServerImpl.java:setRole(321)) - b2981eac-b4c3-4266-a3be-ebd453a2e2b7@group-CFE66E6C93F0: changes role from  FOLLOWER to FOLLOWER at term 1 for candidate:90b5d626-740c-4e6b-9ad1-03df535f3e79
2023-02-17 01:32:27,298 [grpc-default-executor-0] INFO  impl.RoleInfo (RoleInfo.java:shutdownFollowerState(110)) - b2981eac-b4c3-4266-a3be-ebd453a2e2b7: shutdown b2981eac-b4c3-4266-a3be-ebd453a2e2b7@group-CFE66E6C93F0-FollowerState
2023-02-17 01:32:27,298 [grpc-default-executor-0] INFO  impl.RoleInfo (RoleInfo.java:updateAndGet(139)) - b2981eac-b4c3-4266-a3be-ebd453a2e2b7: start b2981eac-b4c3-4266-a3be-ebd453a2e2b7@group-CFE66E6C93F0-FollowerState
2023-02-17 01:32:27,298 [b2981eac-b4c3-4266-a3be-ebd453a2e2b7@group-CFE66E6C93F0-FollowerState] INFO  impl.FollowerState (FollowerState.java:run(152)) - b2981eac-b4c3-4266-a3be-ebd453a2e2b7@group-CFE66E6C93F0-FollowerState was interrupted
2023-02-17 01:32:27,295 [90b5d626-740c-4e6b-9ad1-03df535f3e79@group-CFE66E6C93F0-LeaderElection7] INFO  impl.LeaderElection (LeaderElection.java:logAndReturn(90)) - 90b5d626-740c-4e6b-9ad1-03df535f3e79@group-CFE66E6C93F0-LeaderElection7: ELECTION PASSED received 1 response(s) and 0 exception(s):
2023-02-17 01:32:27,298 [90b5d626-740c-4e6b-9ad1-03df535f3e79@group-CFE66E6C93F0-LeaderElection7] INFO  impl.LeaderElection (LeaderElection.java:logAndReturn(94)) -   Response 0: 90b5d626-740c-4e6b-9ad1-03df535f3e79<-9f9ca560-66e6-43f3-a3dc-218554c09834#0:OK-t1
2023-02-17 01:32:27,303 [90b5d626-740c-4e6b-9ad1-03df535f3e79@group-CFE66E6C93F0-LeaderElection7] INFO  impl.LeaderElection (LeaderElection.java:askForVotes(314)) - 90b5d626-740c-4e6b-9ad1-03df535f3e79@group-CFE66E6C93F0-LeaderElection7 ELECTION round 0: result PASSED
2023-02-17 01:32:27,303 [90b5d626-740c-4e6b-9ad1-03df535f3e79@group-CFE66E6C93F0-LeaderElection7] INFO  impl.RoleInfo (RoleInfo.java:shutdownLeaderElection(130)) - 90b5d626-740c-4e6b-9ad1-03df535f3e79: shutdown 90b5d626-740c-4e6b-9ad1-03df535f3e79@group-CFE66E6C93F0-LeaderElection7
2023-02-17 01:32:27,303 [90b5d626-740c-4e6b-9ad1-03df535f3e79@group-CFE66E6C93F0-LeaderElection7] INFO  server.RaftServer$Division (RaftServerImpl.java:setRole(321)) - 90b5d626-740c-4e6b-9ad1-03df535f3e79@group-CFE66E6C93F0: changes role from CANDIDATE to LEADER at term 1 for changeToLeader
2023-02-17 01:32:27,303 [90b5d626-740c-4e6b-9ad1-03df535f3e79@group-CFE66E6C93F0-LeaderElection7] INFO  ratis.XceiverServerRatis (XceiverServerRatis.java:handleLeaderChangedNotification(905)) - Leader change notification received for group: group-CFE66E6C93F0 with new leaderId: 90b5d626-740c-4e6b-9ad1-03df535f3e79
2023-02-17 01:32:27,303 [90b5d626-740c-4e6b-9ad1-03df535f3e79@group-CFE66E6C93F0-LeaderElection7] INFO  server.RaftServer$Division (ServerState.java:setLeader(313)) - 90b5d626-740c-4e6b-9ad1-03df535f3e79@group-CFE66E6C93F0: change Leader from null to 90b5d626-740c-4e6b-9ad1-03df535f3e79 at term 1 for becomeLeader, leader elected after 5275ms
2023-02-17 01:32:27,304 [90b5d626-740c-4e6b-9ad1-03df535f3e79@group-CFE66E6C93F0-LeaderElection7] INFO  server.RaftServerConfigKeys (ConfUtils.java:logGet(46)) - raft.server.staging.catchup.gap = 1000 (default)
2023-02-17 01:32:27,304 [90b5d626-740c-4e6b-9ad1-03df535f3e79@group-CFE66E6C93F0-LeaderElection7] INFO  server.RaftServerConfigKeys (ConfUtils.java:logGet(46)) - raft.server.write.element-limit = 1024 (custom)
2023-02-17 01:32:27,304 [90b5d626-740c-4e6b-9ad1-03df535f3e79@group-CFE66E6C93F0-LeaderElection7] INFO  server.RaftServerConfigKeys (ConfUtils.java:logGet(46)) - raft.server.write.byte-limit = 1024 M (=1073741824) (custom)
2023-02-17 01:32:27,304 [90b5d626-740c-4e6b-9ad1-03df535f3e79@group-CFE66E6C93F0-LeaderElection7] INFO  server.RaftServerConfigKeys (ConfUtils.java:logGet(46)) - raft.server.watch.timeout = 10000ms (default)
2023-02-17 01:32:27,304 [90b5d626-740c-4e6b-9ad1-03df535f3e79@group-CFE66E6C93F0-LeaderElection7] INFO  server.RaftServerConfigKeys (ConfUtils.java:logGet(46)) - raft.server.watch.timeout.denomination = 1s (default)
2023-02-17 01:32:27,304 [90b5d626-740c-4e6b-9ad1-03df535f3e79@group-CFE66E6C93F0-LeaderElection7] INFO  server.RaftServerConfigKeys (ConfUtils.java:logGet(46)) - raft.server.watch.element-limit = 65536 (default)
2023-02-17 01:32:27,304 [90b5d626-740c-4e6b-9ad1-03df535f3e79@group-CFE66E6C93F0-LeaderElection7] INFO  server.RaftServerConfigKeys (ConfUtils.java:logGet(46)) - raft.server.write.element-limit = 1024 (custom)
2023-02-17 01:32:27,304 [90b5d626-740c-4e6b-9ad1-03df535f3e79@group-CFE66E6C93F0-LeaderElection7] INFO  server.RaftServerConfigKeys (ConfUtils.java:logGet(46)) - raft.server.write.follower.gap.ratio.max = -1.0 (default)
2023-02-17 01:32:27,305 [90b5d626-740c-4e6b-9ad1-03df535f3e79@group-CFE66E6C93F0-LeaderElection7] INFO  server.RaftServerConfigKeys (ConfUtils.java:logGet(46)) - raft.server.log.appender.snapshot.chunk.size.max = 16MB (=16777216) (default)
2023-02-17 01:32:27,305 [90b5d626-740c-4e6b-9ad1-03df535f3e79@group-CFE66E6C93F0-LeaderElection7] INFO  server.RaftServerConfigKeys (ConfUtils.java:logGet(46)) - raft.server.log.appender.buffer.byte-limit = 33554432 (custom)
2023-02-17 01:32:27,305 [90b5d626-740c-4e6b-9ad1-03df535f3e79@group-CFE66E6C93F0-LeaderElection7] INFO  server.RaftServerConfigKeys (ConfUtils.java:logGet(46)) - raft.server.log.appender.buffer.element-limit = 1 (custom)
2023-02-17 01:32:27,305 [grpc-default-executor-0] INFO  server.RaftServer$Division (RaftServerImpl.java:requestVote(1251)) - b2981eac-b4c3-4266-a3be-ebd453a2e2b7@group-CFE66E6C93F0 replies to ELECTION vote request: 90b5d626-740c-4e6b-9ad1-03df535f3e79<-b2981eac-b4c3-4266-a3be-ebd453a2e2b7#0:OK-t1. Peer's state: b2981eac-b4c3-4266-a3be-ebd453a2e2b7@group-CFE66E6C93F0:t1, leader=null, voted=90b5d626-740c-4e6b-9ad1-03df535f3e79, raftlog=Memoized:b2981eac-b4c3-4266-a3be-ebd453a2e2b7@group-CFE66E6C93F0-SegmentedRaftLog:OPENED:c-1, conf=-1: peers:[90b5d626-740c-4e6b-9ad1-03df535f3e79|rpc:10.1.0.190:44941|dataStream:10.1.0.190:41071|priority:1|startupRole:FOLLOWER, 9f9ca560-66e6-43f3-a3dc-218554c09834|rpc:10.1.0.190:35607|dataStream:10.1.0.190:34715|priority:0|startupRole:FOLLOWER, b2981eac-b4c3-4266-a3be-ebd453a2e2b7|rpc:10.1.0.190:40169|dataStream:10.1.0.190:41231|priority:0|startupRole:FOLLOWER]|listeners:[], old=null
2023-02-17 01:32:27,306 [EventQueue-PipelineReportForPipelineReportHandler] INFO  pipeline.PipelineManagerImpl (PipelineManagerImpl.java:openPipeline(367)) - Pipeline Pipeline[ Id: f7298cde-bae2-4f16-aa73-cfe66e6c93f0, Nodes: 90b5d626-740c-4e6b-9ad1-03df535f3e79(fv-az249-264.ubt5suc3ufjutoeqyo4zsso0he.gx.internal.cloudapp.net/10.1.0.190)9f9ca560-66e6-43f3-a3dc-218554c09834(fv-az249-264.ubt5suc3ufjutoeqyo4zsso0he.gx.internal.cloudapp.net/10.1.0.190)b2981eac-b4c3-4266-a3be-ebd453a2e2b7(fv-az249-264.ubt5suc3ufjutoeqyo4zsso0he.gx.internal.cloudapp.net/10.1.0.190), ReplicationConfig: RATIS/THREE, State:ALLOCATED, leaderId:90b5d626-740c-4e6b-9ad1-03df535f3e79, CreationTimestamp2023-02-17T01:32:19.412Z[Etc/UTC]] moved to OPEN state
2023-02-17 01:32:27,306 [b2981eac-b4c3-4266-a3be-ebd453a2e2b7@group-CFE66E6C93F0-FollowerState] INFO  server.RaftServerConfigKeys (ConfUtils.java:logFallback(53)) - raft.server.rpc.first-election.timeout.min = 5s (fallback to raft.server.rpc.timeout.min)
2023-02-17 01:32:27,305 [90b5d626-740c-4e6b-9ad1-03df535f3e79@group-CFE66E6C93F0-LeaderElection7] INFO  grpc.GrpcConfigKeys (ConfUtils.java:logGet(46)) - raft.grpc.server.leader.outstanding.appends.max = 128 (default)
2023-02-17 01:32:27,310 [90b5d626-740c-4e6b-9ad1-03df535f3e79@group-CFE66E6C93F0-LeaderElection7] INFO  server.RaftServerConfigKeys (ConfUtils.java:logGet(46)) - raft.server.rpc.request.timeout = 3000ms (default)
2023-02-17 01:32:27,310 [90b5d626-740c-4e6b-9ad1-03df535f3e79@group-CFE66E6C93F0-LeaderElection7] INFO  server.RaftServerConfigKeys (ConfUtils.java:logGet(46)) - raft.server.log.appender.install.snapshot.enabled = false (custom)
2023-02-17 01:32:27,310 [90b5d626-740c-4e6b-9ad1-03df535f3e79@group-CFE66E6C93F0-LeaderElection7] INFO  grpc.GrpcConfigKeys (ConfUtils.java:logGet(46)) - raft.grpc.server.heartbeat.channel = true (default)
2023-02-17 01:32:27,310 [90b5d626-740c-4e6b-9ad1-03df535f3e79@group-CFE66E6C93F0-LeaderElection7] INFO  server.RaftServerConfigKeys (ConfUtils.java:logGet(46)) - raft.server.log.appender.wait-time.min = 10ms (default)
2023-02-17 01:32:27,310 [90b5d626-740c-4e6b-9ad1-03df535f3e79@group-CFE66E6C93F0-LeaderElection7] INFO  server.RaftServerConfigKeys (ConfUtils.java:logGet(46)) - raft.server.log.appender.snapshot.chunk.size.max = 16MB (=16777216) (default)
2023-02-17 01:32:27,310 [90b5d626-740c-4e6b-9ad1-03df535f3e79@group-CFE66E6C93F0-LeaderElection7] INFO  server.RaftServerConfigKeys (ConfUtils.java:logGet(46)) - raft.server.log.appender.buffer.byte-limit = 33554432 (custom)
2023-02-17 01:32:27,310 [90b5d626-740c-4e6b-9ad1-03df535f3e79@group-CFE66E6C93F0-LeaderElection7] INFO  server.RaftServerConfigKeys (ConfUtils.java:logGet(46)) - raft.server.log.appender.buffer.element-limit = 1 (custom)
2023-02-17 01:32:27,310 [90b5d626-740c-4e6b-9ad1-03df535f3e79@group-CFE66E6C93F0-LeaderElection7] INFO  grpc.GrpcConfigKeys (ConfUtils.java:logGet(46)) - raft.grpc.server.leader.outstanding.appends.max = 128 (default)
2023-02-17 01:32:27,311 [90b5d626-740c-4e6b-9ad1-03df535f3e79@group-CFE66E6C93F0-LeaderElection7] INFO  server.RaftServerConfigKeys (ConfUtils.java:logGet(46)) - raft.server.rpc.request.timeout = 3000ms (default)
2023-02-17 01:32:27,311 [90b5d626-740c-4e6b-9ad1-03df535f3e79@group-CFE66E6C93F0-LeaderElection7] INFO  server.RaftServerConfigKeys (ConfUtils.java:logGet(46)) - raft.server.log.appender.install.snapshot.enabled = false (custom)
2023-02-17 01:32:27,311 [90b5d626-740c-4e6b-9ad1-03df535f3e79@group-CFE66E6C93F0-LeaderElection7] INFO  grpc.GrpcConfigKeys (ConfUtils.java:logGet(46)) - raft.grpc.server.heartbeat.channel = true (default)
2023-02-17 01:32:27,311 [90b5d626-740c-4e6b-9ad1-03df535f3e79@group-CFE66E6C93F0-LeaderElection7] INFO  server.RaftServerConfigKeys (ConfUtils.java:logGet(46)) - raft.server.log.appender.wait-time.min = 10ms (default)
2023-02-17 01:32:27,311 [90b5d626-740c-4e6b-9ad1-03df535f3e79@group-CFE66E6C93F0-LeaderElection7] INFO  impl.RoleInfo (RoleInfo.java:updateAndGet(139)) - 90b5d626-740c-4e6b-9ad1-03df535f3e79: start 90b5d626-740c-4e6b-9ad1-03df535f3e79@group-CFE66E6C93F0-LeaderStateImpl
2023-02-17 01:32:27,311 [90b5d626-740c-4e6b-9ad1-03df535f3e79@group-CFE66E6C93F0-LeaderElection7] INFO  segmented.SegmentedRaftLogWorker (SegmentedRaftLogWorker.java:startLogSegment(452)) - 90b5d626-740c-4e6b-9ad1-03df535f3e79@group-CFE66E6C93F0-SegmentedRaftLogWorker: Starting segment from index:0
2023-02-17 01:32:27,309 [b2981eac-b4c3-4266-a3be-ebd453a2e2b7@group-CFE66E6C93F0-FollowerState] INFO  server.RaftServerConfigKeys (ConfUtils.java:logFallback(53)) - raft.server.rpc.first-election.timeout.max = 5200ms (fallback to raft.server.rpc.timeout.max)
2023-02-17 01:32:27,312 [90b5d626-740c-4e6b-9ad1-03df535f3e79@group-CFE66E6C93F0-SegmentedRaftLogWorker] INFO  segmented.SegmentedRaftLogWorker (SegmentedRaftLogWorker.java:execute(656)) - 90b5d626-740c-4e6b-9ad1-03df535f3e79@group-CFE66E6C93F0-SegmentedRaftLogWorker: created new log segment /home/runner/work/ozone/ozone/hadoop-ozone/integration-test/target/test-dir/MiniOzoneClusterImpl-699c85d0-1a2e-49ef-96e2-8d5cf650a041/datanode-1/data/ratis/f7298cde-bae2-4f16-aa73-cfe66e6c93f0/current/log_inprogress_0
2023-02-17 01:32:27,321 [90b5d626-740c-4e6b-9ad1-03df535f3e79@group-CFE66E6C93F0-LeaderElection7] INFO  server.RaftServer$Division (ServerState.java:setRaftConf(430)) - 90b5d626-740c-4e6b-9ad1-03df535f3e79@group-CFE66E6C93F0: set configuration 0: peers:[90b5d626-740c-4e6b-9ad1-03df535f3e79|rpc:10.1.0.190:44941|dataStream:10.1.0.190:41071|priority:1|startupRole:FOLLOWER, 9f9ca560-66e6-43f3-a3dc-218554c09834|rpc:10.1.0.190:35607|dataStream:10.1.0.190:34715|priority:0|startupRole:FOLLOWER, b2981eac-b4c3-4266-a3be-ebd453a2e2b7|rpc:10.1.0.190:40169|dataStream:10.1.0.190:41231|priority:0|startupRole:FOLLOWER]|listeners:[], old=null
2023-02-17 01:32:27,335 [9f9ca560-66e6-43f3-a3dc-218554c09834-server-thread2] INFO  ratis.XceiverServerRatis (XceiverServerRatis.java:handleLeaderChangedNotification(905)) - Leader change notification received for group: group-CFE66E6C93F0 with new leaderId: 90b5d626-740c-4e6b-9ad1-03df535f3e79
2023-02-17 01:32:27,335 [9f9ca560-66e6-43f3-a3dc-218554c09834-server-thread2] INFO  server.RaftServer$Division (ServerState.java:setLeader(313)) - 9f9ca560-66e6-43f3-a3dc-218554c09834@group-CFE66E6C93F0: change Leader from null to 90b5d626-740c-4e6b-9ad1-03df535f3e79 at term 1 for appendEntries, leader elected after 5248ms
2023-02-17 01:32:27,339 [9f9ca560-66e6-43f3-a3dc-218554c09834-server-thread2] INFO  server.RaftServer$Division (ServerState.java:setRaftConf(430)) - 9f9ca560-66e6-43f3-a3dc-218554c09834@group-CFE66E6C93F0: set configuration 0: peers:[90b5d626-740c-4e6b-9ad1-03df535f3e79|rpc:10.1.0.190:44941|dataStream:10.1.0.190:41071|priority:1|startupRole:FOLLOWER, 9f9ca560-66e6-43f3-a3dc-218554c09834|rpc:10.1.0.190:35607|dataStream:10.1.0.190:34715|priority:0|startupRole:FOLLOWER, b2981eac-b4c3-4266-a3be-ebd453a2e2b7|rpc:10.1.0.190:40169|dataStream:10.1.0.190:41231|priority:0|startupRole:FOLLOWER]|listeners:[], old=null
2023-02-17 01:32:27,344 [9f9ca560-66e6-43f3-a3dc-218554c09834-server-thread2] INFO  segmented.SegmentedRaftLogWorker (SegmentedRaftLogWorker.java:startLogSegment(452)) - 9f9ca560-66e6-43f3-a3dc-218554c09834@group-CFE66E6C93F0-SegmentedRaftLogWorker: Starting segment from index:0
2023-02-17 01:32:27,348 [b2981eac-b4c3-4266-a3be-ebd453a2e2b7-server-thread1] INFO  ratis.XceiverServerRatis (XceiverServerRatis.java:handleLeaderChangedNotification(905)) - Leader change notification received for group: group-CFE66E6C93F0 with new leaderId: 90b5d626-740c-4e6b-9ad1-03df535f3e79
2023-02-17 01:32:27,356 [b2981eac-b4c3-4266-a3be-ebd453a2e2b7-server-thread1] INFO  server.RaftServer$Division (ServerState.java:setLeader(313)) - b2981eac-b4c3-4266-a3be-ebd453a2e2b7@group-CFE66E6C93F0: change Leader from null to 90b5d626-740c-4e6b-9ad1-03df535f3e79 at term 1 for appendEntries, leader elected after 5385ms
2023-02-17 01:32:27,357 [Listener at 127.0.0.1/36463] INFO  ozone.MiniOzoneClusterImpl (MiniOzoneClusterImpl.java:lambda$waitForClusterToBeReady$0(218)) - Nodes are ready. Got 5 of 5 DN Heartbeats.
2023-02-17 01:32:27,357 [Listener at 127.0.0.1/36463] INFO  ozone.MiniOzoneClusterImpl (MiniOzoneClusterImpl.java:lambda$waitForClusterToBeReady$0(221)) - Cluster exits safe mode
2023-02-17 01:32:27,357 [Listener at 127.0.0.1/36463] INFO  ozone.MiniOzoneClusterImpl (MiniOzoneClusterImpl.java:lambda$waitForClusterToBeReady$0(223)) - SCM became leader
2023-02-17 01:32:27,361 [9f9ca560-66e6-43f3-a3dc-218554c09834@group-CFE66E6C93F0-SegmentedRaftLogWorker] INFO  segmented.SegmentedRaftLogWorker (SegmentedRaftLogWorker.java:execute(656)) - 9f9ca560-66e6-43f3-a3dc-218554c09834@group-CFE66E6C93F0-SegmentedRaftLogWorker: created new log segment /home/runner/work/ozone/ozone/hadoop-ozone/integration-test/target/test-dir/MiniOzoneClusterImpl-699c85d0-1a2e-49ef-96e2-8d5cf650a041/datanode-2/data/ratis/f7298cde-bae2-4f16-aa73-cfe66e6c93f0/current/log_inprogress_0
2023-02-17 01:32:27,366 [b2981eac-b4c3-4266-a3be-ebd453a2e2b7-server-thread2] INFO  server.RaftServer$Division (ServerState.java:setRaftConf(430)) - b2981eac-b4c3-4266-a3be-ebd453a2e2b7@group-CFE66E6C93F0: set configuration 0: peers:[90b5d626-740c-4e6b-9ad1-03df535f3e79|rpc:10.1.0.190:44941|dataStream:10.1.0.190:41071|priority:1|startupRole:FOLLOWER, 9f9ca560-66e6-43f3-a3dc-218554c09834|rpc:10.1.0.190:35607|dataStream:10.1.0.190:34715|priority:0|startupRole:FOLLOWER, b2981eac-b4c3-4266-a3be-ebd453a2e2b7|rpc:10.1.0.190:40169|dataStream:10.1.0.190:41231|priority:0|startupRole:FOLLOWER]|listeners:[], old=null
2023-02-17 01:32:27,367 [b2981eac-b4c3-4266-a3be-ebd453a2e2b7-server-thread2] INFO  segmented.SegmentedRaftLogWorker (SegmentedRaftLogWorker.java:startLogSegment(452)) - b2981eac-b4c3-4266-a3be-ebd453a2e2b7@group-CFE66E6C93F0-SegmentedRaftLogWorker: Starting segment from index:0
2023-02-17 01:32:27,369 [b2981eac-b4c3-4266-a3be-ebd453a2e2b7@group-CFE66E6C93F0-SegmentedRaftLogWorker] INFO  segmented.SegmentedRaftLogWorker (SegmentedRaftLogWorker.java:execute(656)) - b2981eac-b4c3-4266-a3be-ebd453a2e2b7@group-CFE66E6C93F0-SegmentedRaftLogWorker: created new log segment /home/runner/work/ozone/ozone/hadoop-ozone/integration-test/target/test-dir/MiniOzoneClusterImpl-699c85d0-1a2e-49ef-96e2-8d5cf650a041/datanode-0/data/ratis/f7298cde-bae2-4f16-aa73-cfe66e6c93f0/current/log_inprogress_0
2023-02-17 01:32:27,446 [9f9ca560-66e6-43f3-a3dc-218554c09834@group-32EF4DB1718C-FollowerState] INFO  impl.FollowerState (FollowerState.java:run(143)) - 9f9ca560-66e6-43f3-a3dc-218554c09834@group-32EF4DB1718C-FollowerState: change to CANDIDATE, lastRpcElapsedTime:5032298027ns, electionTimeout:5029ms
2023-02-17 01:32:27,446 [9f9ca560-66e6-43f3-a3dc-218554c09834@group-32EF4DB1718C-FollowerState] INFO  impl.RoleInfo (RoleInfo.java:shutdownFollowerState(110)) - 9f9ca560-66e6-43f3-a3dc-218554c09834: shutdown 9f9ca560-66e6-43f3-a3dc-218554c09834@group-32EF4DB1718C-FollowerState
2023-02-17 01:32:27,447 [9f9ca560-66e6-43f3-a3dc-218554c09834@group-32EF4DB1718C-FollowerState] INFO  server.RaftServer$Division (RaftServerImpl.java:setRole(321)) - 9f9ca560-66e6-43f3-a3dc-218554c09834@group-32EF4DB1718C: changes role from  FOLLOWER to CANDIDATE at term 0 for changeToCandidate
2023-02-17 01:32:27,448 [9f9ca560-66e6-43f3-a3dc-218554c09834@group-32EF4DB1718C-FollowerState] INFO  server.RaftServerConfigKeys (ConfUtils.java:logGet(46)) - raft.server.leaderelection.pre-vote = true (default)
2023-02-17 01:32:27,448 [9f9ca560-66e6-43f3-a3dc-218554c09834@group-32EF4DB1718C-FollowerState] INFO  impl.RoleInfo (RoleInfo.java:updateAndGet(139)) - 9f9ca560-66e6-43f3-a3dc-218554c09834: start 9f9ca560-66e6-43f3-a3dc-218554c09834@group-32EF4DB1718C-LeaderElection8
2023-02-17 01:32:27,467 [9f9ca560-66e6-43f3-a3dc-218554c09834@group-32EF4DB1718C-LeaderElection8] INFO  impl.LeaderElection (LeaderElection.java:askForVotes(312)) - 9f9ca560-66e6-43f3-a3dc-218554c09834@group-32EF4DB1718C-LeaderElection8 PRE_VOTE round 0: submit vote requests at term 0 for -1: peers:[9f9ca560-66e6-43f3-a3dc-218554c09834|rpc:10.1.0.190:35607|dataStream:10.1.0.190:34715|priority:1|startupRole:FOLLOWER]|listeners:[], old=null
2023-02-17 01:32:27,467 [9f9ca560-66e6-43f3-a3dc-218554c09834@group-32EF4DB1718C-LeaderElection8] INFO  impl.LeaderElection (LeaderElection.java:askForVotes(314)) - 9f9ca560-66e6-43f3-a3dc-218554c09834@group-32EF4DB1718C-LeaderElection8 PRE_VOTE round 0: result PASSED (term=0)
2023-02-17 01:32:27,469 [9f9ca560-66e6-43f3-a3dc-218554c09834@group-32EF4DB1718C-LeaderElection8] INFO  impl.LeaderElection (LeaderElection.java:askForVotes(312)) - 9f9ca560-66e6-43f3-a3dc-218554c09834@group-32EF4DB1718C-LeaderElection8 ELECTION round 0: submit vote requests at term 1 for -1: peers:[9f9ca560-66e6-43f3-a3dc-218554c09834|rpc:10.1.0.190:35607|dataStream:10.1.0.190:34715|priority:1|startupRole:FOLLOWER]|listeners:[], old=null
2023-02-17 01:32:27,469 [9f9ca560-66e6-43f3-a3dc-218554c09834@group-32EF4DB1718C-LeaderElection8] INFO  impl.LeaderElection (LeaderElection.java:askForVotes(314)) - 9f9ca560-66e6-43f3-a3dc-218554c09834@group-32EF4DB1718C-LeaderElection8 ELECTION round 0: result PASSED (term=1)
2023-02-17 01:32:27,469 [9f9ca560-66e6-43f3-a3dc-218554c09834@group-32EF4DB1718C-LeaderElection8] INFO  impl.RoleInfo (RoleInfo.java:shutdownLeaderElection(130)) - 9f9ca560-66e6-43f3-a3dc-218554c09834: shutdown 9f9ca560-66e6-43f3-a3dc-218554c09834@group-32EF4DB1718C-LeaderElection8
2023-02-17 01:32:27,469 [9f9ca560-66e6-43f3-a3dc-218554c09834@group-32EF4DB1718C-LeaderElection8] INFO  server.RaftServer$Division (RaftServerImpl.java:setRole(321)) - 9f9ca560-66e6-43f3-a3dc-218554c09834@group-32EF4DB1718C: changes role from CANDIDATE to LEADER at term 1 for changeToLeader
2023-02-17 01:32:27,469 [9f9ca560-66e6-43f3-a3dc-218554c09834@group-32EF4DB1718C-LeaderElection8] INFO  ratis.XceiverServerRatis (XceiverServerRatis.java:handleLeaderChangedNotification(905)) - Leader change notification received for group: group-32EF4DB1718C with new leaderId: 9f9ca560-66e6-43f3-a3dc-218554c09834
2023-02-17 01:32:27,471 [9f9ca560-66e6-43f3-a3dc-218554c09834@group-32EF4DB1718C-LeaderElection8] INFO  server.RaftServer$Division (ServerState.java:setLeader(313)) - 9f9ca560-66e6-43f3-a3dc-218554c09834@group-32EF4DB1718C: change Leader from null to 9f9ca560-66e6-43f3-a3dc-218554c09834 at term 1 for becomeLeader, leader elected after 5070ms
2023-02-17 01:32:27,471 [9f9ca560-66e6-43f3-a3dc-218554c09834@group-32EF4DB1718C-LeaderElection8] INFO  server.RaftServerConfigKeys (ConfUtils.java:logGet(46)) - raft.server.staging.catchup.gap = 1000 (default)
2023-02-17 01:32:27,472 [9f9ca560-66e6-43f3-a3dc-218554c09834@group-32EF4DB1718C-LeaderElection8] INFO  server.RaftServerConfigKeys (ConfUtils.java:logGet(46)) - raft.server.write.element-limit = 1024 (custom)
2023-02-17 01:32:27,472 [9f9ca560-66e6-43f3-a3dc-218554c09834@group-32EF4DB1718C-LeaderElection8] INFO  server.RaftServerConfigKeys (ConfUtils.java:logGet(46)) - raft.server.write.byte-limit = 1024 M (=1073741824) (custom)
2023-02-17 01:32:27,472 [9f9ca560-66e6-43f3-a3dc-218554c09834@group-32EF4DB1718C-LeaderElection8] INFO  server.RaftServerConfigKeys (ConfUtils.java:logGet(46)) - raft.server.watch.timeout = 10000ms (default)
2023-02-17 01:32:27,472 [9f9ca560-66e6-43f3-a3dc-218554c09834@group-32EF4DB1718C-LeaderElection8] INFO  server.RaftServerConfigKeys (ConfUtils.java:logGet(46)) - raft.server.watch.timeout.denomination = 1s (default)
2023-02-17 01:32:27,472 [9f9ca560-66e6-43f3-a3dc-218554c09834@group-32EF4DB1718C-LeaderElection8] INFO  server.RaftServerConfigKeys (ConfUtils.java:logGet(46)) - raft.server.watch.element-limit = 65536 (default)
2023-02-17 01:32:27,472 [9f9ca560-66e6-43f3-a3dc-218554c09834@group-32EF4DB1718C-LeaderElection8] INFO  server.RaftServerConfigKeys (ConfUtils.java:logGet(46)) - raft.server.write.element-limit = 1024 (custom)
2023-02-17 01:32:27,472 [9f9ca560-66e6-43f3-a3dc-218554c09834@group-32EF4DB1718C-LeaderElection8] INFO  server.RaftServerConfigKeys (ConfUtils.java:logGet(46)) - raft.server.write.follower.gap.ratio.max = -1.0 (default)
2023-02-17 01:32:27,472 [9f9ca560-66e6-43f3-a3dc-218554c09834@group-32EF4DB1718C-LeaderElection8] INFO  impl.RoleInfo (RoleInfo.java:updateAndGet(139)) - 9f9ca560-66e6-43f3-a3dc-218554c09834: start 9f9ca560-66e6-43f3-a3dc-218554c09834@group-32EF4DB1718C-LeaderStateImpl
2023-02-17 01:32:27,473 [9f9ca560-66e6-43f3-a3dc-218554c09834@group-32EF4DB1718C-LeaderElection8] INFO  segmented.SegmentedRaftLogWorker (SegmentedRaftLogWorker.java:startLogSegment(452)) - 9f9ca560-66e6-43f3-a3dc-218554c09834@group-32EF4DB1718C-SegmentedRaftLogWorker: Starting segment from index:0
2023-02-17 01:32:27,475 [9f9ca560-66e6-43f3-a3dc-218554c09834@group-32EF4DB1718C-SegmentedRaftLogWorker] INFO  segmented.SegmentedRaftLogWorker (SegmentedRaftLogWorker.java:execute(656)) - 9f9ca560-66e6-43f3-a3dc-218554c09834@group-32EF4DB1718C-SegmentedRaftLogWorker: created new log segment /home/runner/work/ozone/ozone/hadoop-ozone/integration-test/target/test-dir/MiniOzoneClusterImpl-699c85d0-1a2e-49ef-96e2-8d5cf650a041/datanode-2/data/ratis/da0ec83c-f1d7-492d-8b4e-32ef4db1718c/current/log_inprogress_0
2023-02-17 01:32:27,479 [9f9ca560-66e6-43f3-a3dc-218554c09834@group-32EF4DB1718C-LeaderElection8] INFO  server.RaftServer$Division (ServerState.java:setRaftConf(430)) - 9f9ca560-66e6-43f3-a3dc-218554c09834@group-32EF4DB1718C: set configuration 0: peers:[9f9ca560-66e6-43f3-a3dc-218554c09834|rpc:10.1.0.190:35607|dataStream:10.1.0.190:34715|priority:1|startupRole:FOLLOWER]|listeners:[], old=null
2023-02-17 01:32:27,862 [setup] INFO  rpc.RpcClient (RpcClient.java:createVolume(476)) - Creating Volume: volume85997, with user72650 as owner and space quota set to -1 bytes, counts quota set to -1
2023-02-17 01:32:27,903 [OM StateMachine ApplyTransaction Thread - 0] INFO  volume.OMVolumeCreateRequest (OMVolumeCreateRequest.java:validateAndUpdateCache(195)) - created volume:volume85997 for user:user72650
2023-02-17 01:32:27,926 [setup] INFO  rpc.RpcClient (RpcClient.java:createBucket(698)) - Creating Bucket: volume85997/bucket84422, with bucket layout LEGACY, runner as owner, Versioning false, Storage Type set to DISK and Encryption set to false, Replication Type set to server-side default replication type, Namespace Quota set to -1, Space Quota set to -1 
2023-02-17 01:32:27,942 [OM StateMachine ApplyTransaction Thread - 0] INFO  bucket.OMBucketCreateRequest (OMBucketCreateRequest.java:validateAndUpdateCache(263)) - created bucket: bucket84422 of layout LEGACY in volume: volume85997
2023-02-17 01:32:28,041 [d782bd41-882b-47e1-953e-397b7991c8ca@group-EF535F42268B-FollowerState] INFO  impl.FollowerState (FollowerState.java:run(143)) - d782bd41-882b-47e1-953e-397b7991c8ca@group-EF535F42268B-FollowerState: change to CANDIDATE, lastRpcElapsedTime:5186270730ns, electionTimeout:5185ms
2023-02-17 01:32:28,041 [d782bd41-882b-47e1-953e-397b7991c8ca@group-EF535F42268B-FollowerState] INFO  impl.RoleInfo (RoleInfo.java:shutdownFollowerState(110)) - d782bd41-882b-47e1-953e-397b7991c8ca: shutdown d782bd41-882b-47e1-953e-397b7991c8ca@group-EF535F42268B-FollowerState
2023-02-17 01:32:28,041 [d782bd41-882b-47e1-953e-397b7991c8ca@group-EF535F42268B-FollowerState] INFO  server.RaftServer$Division (RaftServerImpl.java:setRole(321)) - d782bd41-882b-47e1-953e-397b7991c8ca@group-EF535F42268B: changes role from  FOLLOWER to CANDIDATE at term 0 for changeToCandidate
2023-02-17 01:32:28,042 [d782bd41-882b-47e1-953e-397b7991c8ca@group-EF535F42268B-FollowerState] INFO  server.RaftServerConfigKeys (ConfUtils.java:logGet(46)) - raft.server.leaderelection.pre-vote = true (default)
2023-02-17 01:32:28,042 [d782bd41-882b-47e1-953e-397b7991c8ca@group-EF535F42268B-FollowerState] INFO  impl.RoleInfo (RoleInfo.java:updateAndGet(139)) - d782bd41-882b-47e1-953e-397b7991c8ca: start d782bd41-882b-47e1-953e-397b7991c8ca@group-EF535F42268B-LeaderElection9
2023-02-17 01:32:28,046 [d782bd41-882b-47e1-953e-397b7991c8ca@group-EF535F42268B-LeaderElection9] INFO  impl.LeaderElection (LeaderElection.java:askForVotes(312)) - d782bd41-882b-47e1-953e-397b7991c8ca@group-EF535F42268B-LeaderElection9 PRE_VOTE round 0: submit vote requests at term 0 for -1: peers:[d782bd41-882b-47e1-953e-397b7991c8ca|rpc:10.1.0.190:41127|dataStream:10.1.0.190:45055|priority:1|startupRole:FOLLOWER]|listeners:[], old=null
2023-02-17 01:32:28,046 [d782bd41-882b-47e1-953e-397b7991c8ca@group-EF535F42268B-LeaderElection9] INFO  impl.LeaderElection (LeaderElection.java:askForVotes(314)) - d782bd41-882b-47e1-953e-397b7991c8ca@group-EF535F42268B-LeaderElection9 PRE_VOTE round 0: result PASSED (term=0)
2023-02-17 01:32:28,047 [d782bd41-882b-47e1-953e-397b7991c8ca@group-EF535F42268B-LeaderElection9] INFO  impl.LeaderElection (LeaderElection.java:askForVotes(312)) - d782bd41-882b-47e1-953e-397b7991c8ca@group-EF535F42268B-LeaderElection9 ELECTION round 0: submit vote requests at term 1 for -1: peers:[d782bd41-882b-47e1-953e-397b7991c8ca|rpc:10.1.0.190:41127|dataStream:10.1.0.190:45055|priority:1|startupRole:FOLLOWER]|listeners:[], old=null
2023-02-17 01:32:28,047 [d782bd41-882b-47e1-953e-397b7991c8ca@group-EF535F42268B-LeaderElection9] INFO  impl.LeaderElection (LeaderElection.java:askForVotes(314)) - d782bd41-882b-47e1-953e-397b7991c8ca@group-EF535F42268B-LeaderElection9 ELECTION round 0: result PASSED (term=1)
2023-02-17 01:32:28,047 [d782bd41-882b-47e1-953e-397b7991c8ca@group-EF535F42268B-LeaderElection9] INFO  impl.RoleInfo (RoleInfo.java:shutdownLeaderElection(130)) - d782bd41-882b-47e1-953e-397b7991c8ca: shutdown d782bd41-882b-47e1-953e-397b7991c8ca@group-EF535F42268B-LeaderElection9
2023-02-17 01:32:28,047 [d782bd41-882b-47e1-953e-397b7991c8ca@group-EF535F42268B-LeaderElection9] INFO  server.RaftServer$Division (RaftServerImpl.java:setRole(321)) - d782bd41-882b-47e1-953e-397b7991c8ca@group-EF535F42268B: changes role from CANDIDATE to LEADER at term 1 for changeToLeader
2023-02-17 01:32:28,047 [d782bd41-882b-47e1-953e-397b7991c8ca@group-EF535F42268B-LeaderElection9] INFO  ratis.XceiverServerRatis (XceiverServerRatis.java:handleLeaderChangedNotification(905)) - Leader change notification received for group: group-EF535F42268B with new leaderId: d782bd41-882b-47e1-953e-397b7991c8ca
2023-02-17 01:32:28,047 [d782bd41-882b-47e1-953e-397b7991c8ca@group-EF535F42268B-LeaderElection9] INFO  server.RaftServer$Division (ServerState.java:setLeader(313)) - d782bd41-882b-47e1-953e-397b7991c8ca@group-EF535F42268B: change Leader from null to d782bd41-882b-47e1-953e-397b7991c8ca at term 1 for becomeLeader, leader elected after 5212ms
2023-02-17 01:32:28,047 [d782bd41-882b-47e1-953e-397b7991c8ca@group-EF535F42268B-LeaderElection9] INFO  server.RaftServerConfigKeys (ConfUtils.java:logGet(46)) - raft.server.staging.catchup.gap = 1000 (default)
2023-02-17 01:32:28,047 [d782bd41-882b-47e1-953e-397b7991c8ca@group-EF535F42268B-LeaderElection9] INFO  server.RaftServerConfigKeys (ConfUtils.java:logGet(46)) - raft.server.write.element-limit = 1024 (custom)
2023-02-17 01:32:28,047 [d782bd41-882b-47e1-953e-397b7991c8ca@group-EF535F42268B-LeaderElection9] INFO  server.RaftServerConfigKeys (ConfUtils.java:logGet(46)) - raft.server.write.byte-limit = 1024 M (=1073741824) (custom)
2023-02-17 01:32:28,048 [d782bd41-882b-47e1-953e-397b7991c8ca@group-EF535F42268B-LeaderElection9] INFO  server.RaftServerConfigKeys (ConfUtils.java:logGet(46)) - raft.server.watch.timeout = 10000ms (default)
2023-02-17 01:32:28,048 [d782bd41-882b-47e1-953e-397b7991c8ca@group-EF535F42268B-LeaderElection9] INFO  server.RaftServerConfigKeys (ConfUtils.java:logGet(46)) - raft.server.watch.timeout.denomination = 1s (default)
2023-02-17 01:32:28,048 [d782bd41-882b-47e1-953e-397b7991c8ca@group-EF535F42268B-LeaderElection9] INFO  server.RaftServerConfigKeys (ConfUtils.java:logGet(46)) - raft.server.watch.element-limit = 65536 (default)
2023-02-17 01:32:28,048 [d782bd41-882b-47e1-953e-397b7991c8ca@group-EF535F42268B-LeaderElection9] INFO  server.RaftServerConfigKeys (ConfUtils.java:logGet(46)) - raft.server.write.element-limit = 1024 (custom)
2023-02-17 01:32:28,048 [d782bd41-882b-47e1-953e-397b7991c8ca@group-EF535F42268B-LeaderElection9] INFO  server.RaftServerConfigKeys (ConfUtils.java:logGet(46)) - raft.server.write.follower.gap.ratio.max = -1.0 (default)
2023-02-17 01:32:28,048 [d782bd41-882b-47e1-953e-397b7991c8ca@group-EF535F42268B-LeaderElection9] INFO  impl.RoleInfo (RoleInfo.java:updateAndGet(139)) - d782bd41-882b-47e1-953e-397b7991c8ca: start d782bd41-882b-47e1-953e-397b7991c8ca@group-EF535F42268B-LeaderStateImpl
2023-02-17 01:32:28,048 [d782bd41-882b-47e1-953e-397b7991c8ca@group-EF535F42268B-LeaderElection9] INFO  segmented.SegmentedRaftLogWorker (SegmentedRaftLogWorker.java:startLogSegment(452)) - d782bd41-882b-47e1-953e-397b7991c8ca@group-EF535F42268B-SegmentedRaftLogWorker: Starting segment from index:0
2023-02-17 01:32:28,054 [d782bd41-882b-47e1-953e-397b7991c8ca@group-EF535F42268B-SegmentedRaftLogWorker] INFO  segmented.SegmentedRaftLogWorker (SegmentedRaftLogWorker.java:execute(656)) - d782bd41-882b-47e1-953e-397b7991c8ca@group-EF535F42268B-SegmentedRaftLogWorker: created new log segment /home/runner/work/ozone/ozone/hadoop-ozone/integration-test/target/test-dir/MiniOzoneClusterImpl-699c85d0-1a2e-49ef-96e2-8d5cf650a041/datanode-3/data/ratis/21facdcc-e714-40c9-ba84-ef535f42268b/current/log_inprogress_0
2023-02-17 01:32:28,070 [d782bd41-882b-47e1-953e-397b7991c8ca@group-EF535F42268B-LeaderElection9] INFO  server.RaftServer$Division (ServerState.java:setRaftConf(430)) - d782bd41-882b-47e1-953e-397b7991c8ca@group-EF535F42268B: set configuration 0: peers:[d782bd41-882b-47e1-953e-397b7991c8ca|rpc:10.1.0.190:41127|dataStream:10.1.0.190:45055|priority:1|startupRole:FOLLOWER]|listeners:[], old=null
2023-02-17 01:32:28,138 [setup] INFO  contract.AbstractFSContractTestBase (AbstractFSContractTestBase.java:setup(194)) - Test filesystem = o3fs://bucket84422.volume85997 implemented by OzoneFileSystem{URI=o3fs://bucket84422.volume85997, workingDir=o3fs://bucket84422.volume85997/user/runner, userName=runner, statistics=0 bytes read, 0 bytes written, 0 read ops, 0 large read ops, 0 write ops}
2023-02-17 01:32:28,227 [IPC Server handler 0 on default port 40117] INFO  ha.SequenceIdGenerator (SequenceIdGenerator.java:getNextId(128)) - Allocate a batch for containerId, change lastId from 0 to 1000.
2023-02-17 01:32:28,246 [IPC Server handler 0 on default port 40117] WARN  ha.SequenceIdGenerator (SequenceIdGenerator.java:allocateBatch(237)) - Failed to allocate a batch for localId, expected lastId is 0, actual lastId is 111677748019200000.
2023-02-17 01:32:28,246 [IPC Server handler 0 on default port 40117] INFO  ha.SequenceIdGenerator (SequenceIdGenerator.java:getNextId(128)) - Allocate a batch for localId, change lastId from 111677748019200000 to 111677748019201000.
2023-02-17 01:32:28,295 [b89e5d3c-4eef-45e0-ba5c-9f890042010d@group-574030753AE2-FollowerState] INFO  impl.FollowerState (FollowerState.java:run(143)) - b89e5d3c-4eef-45e0-ba5c-9f890042010d@group-574030753AE2-FollowerState: change to CANDIDATE, lastRpcElapsedTime:5084303058ns, electionTimeout:5083ms
2023-02-17 01:32:28,295 [b89e5d3c-4eef-45e0-ba5c-9f890042010d@group-574030753AE2-FollowerState] INFO  impl.RoleInfo (RoleInfo.java:shutdownFollowerState(110)) - b89e5d3c-4eef-45e0-ba5c-9f890042010d: shutdown b89e5d3c-4eef-45e0-ba5c-9f890042010d@group-574030753AE2-FollowerState
2023-02-17 01:32:28,295 [b89e5d3c-4eef-45e0-ba5c-9f890042010d@group-574030753AE2-FollowerState] INFO  server.RaftServer$Division (RaftServerImpl.java:setRole(321)) - b89e5d3c-4eef-45e0-ba5c-9f890042010d@group-574030753AE2: changes role from  FOLLOWER to CANDIDATE at term 0 for changeToCandidate
2023-02-17 01:32:28,298 [b89e5d3c-4eef-45e0-ba5c-9f890042010d@group-574030753AE2-FollowerState] INFO  server.RaftServerConfigKeys (ConfUtils.java:logGet(46)) - raft.server.leaderelection.pre-vote = true (default)
2023-02-17 01:32:28,298 [b89e5d3c-4eef-45e0-ba5c-9f890042010d@group-574030753AE2-FollowerState] INFO  impl.RoleInfo (RoleInfo.java:updateAndGet(139)) - b89e5d3c-4eef-45e0-ba5c-9f890042010d: start b89e5d3c-4eef-45e0-ba5c-9f890042010d@group-574030753AE2-LeaderElection10
2023-02-17 01:32:28,304 [b89e5d3c-4eef-45e0-ba5c-9f890042010d@group-574030753AE2-LeaderElection10] INFO  impl.LeaderElection (LeaderElection.java:askForVotes(312)) - b89e5d3c-4eef-45e0-ba5c-9f890042010d@group-574030753AE2-LeaderElection10 PRE_VOTE round 0: submit vote requests at term 0 for -1: peers:[b89e5d3c-4eef-45e0-ba5c-9f890042010d|rpc:10.1.0.190:40109|dataStream:10.1.0.190:42187|priority:1|startupRole:FOLLOWER]|listeners:[], old=null
2023-02-17 01:32:28,304 [b89e5d3c-4eef-45e0-ba5c-9f890042010d@group-574030753AE2-LeaderElection10] INFO  impl.LeaderElection (LeaderElection.java:askForVotes(314)) - b89e5d3c-4eef-45e0-ba5c-9f890042010d@group-574030753AE2-LeaderElection10 PRE_VOTE round 0: result PASSED (term=0)
2023-02-17 01:32:28,306 [b89e5d3c-4eef-45e0-ba5c-9f890042010d@group-574030753AE2-LeaderElection10] INFO  impl.LeaderElection (LeaderElection.java:askForVotes(312)) - b89e5d3c-4eef-45e0-ba5c-9f890042010d@group-574030753AE2-LeaderElection10 ELECTION round 0: submit vote requests at term 1 for -1: peers:[b89e5d3c-4eef-45e0-ba5c-9f890042010d|rpc:10.1.0.190:40109|dataStream:10.1.0.190:42187|priority:1|startupRole:FOLLOWER]|listeners:[], old=null
2023-02-17 01:32:28,306 [b89e5d3c-4eef-45e0-ba5c-9f890042010d@group-574030753AE2-LeaderElection10] INFO  impl.LeaderElection (LeaderElection.java:askForVotes(314)) - b89e5d3c-4eef-45e0-ba5c-9f890042010d@group-574030753AE2-LeaderElection10 ELECTION round 0: result PASSED (term=1)
2023-02-17 01:32:28,306 [b89e5d3c-4eef-45e0-ba5c-9f890042010d@group-574030753AE2-LeaderElection10] INFO  impl.RoleInfo (RoleInfo.java:shutdownLeaderElection(130)) - b89e5d3c-4eef-45e0-ba5c-9f890042010d: shutdown b89e5d3c-4eef-45e0-ba5c-9f890042010d@group-574030753AE2-LeaderElection10
2023-02-17 01:32:28,306 [b89e5d3c-4eef-45e0-ba5c-9f890042010d@group-574030753AE2-LeaderElection10] INFO  server.RaftServer$Division (RaftServerImpl.java:setRole(321)) - b89e5d3c-4eef-45e0-ba5c-9f890042010d@group-574030753AE2: changes role from CANDIDATE to LEADER at term 1 for changeToLeader
2023-02-17 01:32:28,306 [b89e5d3c-4eef-45e0-ba5c-9f890042010d@group-574030753AE2-LeaderElection10] INFO  ratis.XceiverServerRatis (XceiverServerRatis.java:handleLeaderChangedNotification(905)) - Leader change notification received for group: group-574030753AE2 with new leaderId: b89e5d3c-4eef-45e0-ba5c-9f890042010d
2023-02-17 01:32:28,306 [b89e5d3c-4eef-45e0-ba5c-9f890042010d@group-574030753AE2-LeaderElection10] INFO  server.RaftServer$Division (ServerState.java:setLeader(313)) - b89e5d3c-4eef-45e0-ba5c-9f890042010d@group-574030753AE2: change Leader from null to b89e5d3c-4eef-45e0-ba5c-9f890042010d at term 1 for becomeLeader, leader elected after 5109ms
2023-02-17 01:32:28,306 [b89e5d3c-4eef-45e0-ba5c-9f890042010d@group-574030753AE2-LeaderElection10] INFO  server.RaftServerConfigKeys (ConfUtils.java:logGet(46)) - raft.server.staging.catchup.gap = 1000 (default)
2023-02-17 01:32:28,306 [b89e5d3c-4eef-45e0-ba5c-9f890042010d@group-574030753AE2-LeaderElection10] INFO  server.RaftServerConfigKeys (ConfUtils.java:logGet(46)) - raft.server.write.element-limit = 1024 (custom)
2023-02-17 01:32:28,306 [b89e5d3c-4eef-45e0-ba5c-9f890042010d@group-574030753AE2-LeaderElection10] INFO  server.RaftServerConfigKeys (ConfUtils.java:logGet(46)) - raft.server.write.byte-limit = 1024 M (=1073741824) (custom)
2023-02-17 01:32:28,307 [b89e5d3c-4eef-45e0-ba5c-9f890042010d@group-574030753AE2-LeaderElection10] INFO  server.RaftServerConfigKeys (ConfUtils.java:logGet(46)) - raft.server.watch.timeout = 10000ms (default)
2023-02-17 01:32:28,307 [b89e5d3c-4eef-45e0-ba5c-9f890042010d@group-574030753AE2-LeaderElection10] INFO  server.RaftServerConfigKeys (ConfUtils.java:logGet(46)) - raft.server.watch.timeout.denomination = 1s (default)
2023-02-17 01:32:28,307 [b89e5d3c-4eef-45e0-ba5c-9f890042010d@group-574030753AE2-LeaderElection10] INFO  server.RaftServerConfigKeys (ConfUtils.java:logGet(46)) - raft.server.watch.element-limit = 65536 (default)
2023-02-17 01:32:28,307 [b89e5d3c-4eef-45e0-ba5c-9f890042010d@group-574030753AE2-LeaderElection10] INFO  server.RaftServerConfigKeys (ConfUtils.java:logGet(46)) - raft.server.write.element-limit = 1024 (custom)
2023-02-17 01:32:28,307 [b89e5d3c-4eef-45e0-ba5c-9f890042010d@group-574030753AE2-LeaderElection10] INFO  server.RaftServerConfigKeys (ConfUtils.java:logGet(46)) - raft.server.write.follower.gap.ratio.max = -1.0 (default)
2023-02-17 01:32:28,307 [b89e5d3c-4eef-45e0-ba5c-9f890042010d@group-574030753AE2-LeaderElection10] INFO  impl.RoleInfo (RoleInfo.java:updateAndGet(139)) - b89e5d3c-4eef-45e0-ba5c-9f890042010d: start b89e5d3c-4eef-45e0-ba5c-9f890042010d@group-574030753AE2-LeaderStateImpl
2023-02-17 01:32:28,307 [b89e5d3c-4eef-45e0-ba5c-9f890042010d@group-574030753AE2-LeaderElection10] INFO  segmented.SegmentedRaftLogWorker (SegmentedRaftLogWorker.java:startLogSegment(452)) - b89e5d3c-4eef-45e0-ba5c-9f890042010d@group-574030753AE2-SegmentedRaftLogWorker: Starting segment from index:0
2023-02-17 01:32:28,310 [b89e5d3c-4eef-45e0-ba5c-9f890042010d@group-574030753AE2-SegmentedRaftLogWorker] INFO  segmented.SegmentedRaftLogWorker (SegmentedRaftLogWorker.java:execute(656)) - b89e5d3c-4eef-45e0-ba5c-9f890042010d@group-574030753AE2-SegmentedRaftLogWorker: created new log segment /home/runner/work/ozone/ozone/hadoop-ozone/integration-test/target/test-dir/MiniOzoneClusterImpl-699c85d0-1a2e-49ef-96e2-8d5cf650a041/datanode-4/data/ratis/b6590e57-44cc-4d3c-a429-574030753ae2/current/log_inprogress_0
2023-02-17 01:32:28,310 [b89e5d3c-4eef-45e0-ba5c-9f890042010d@group-574030753AE2-LeaderElection10] INFO  server.RaftServer$Division (ServerState.java:setRaftConf(430)) - b89e5d3c-4eef-45e0-ba5c-9f890042010d@group-574030753AE2: set configuration 0: peers:[b89e5d3c-4eef-45e0-ba5c-9f890042010d|rpc:10.1.0.190:40109|dataStream:10.1.0.190:42187|priority:1|startupRole:FOLLOWER]|listeners:[], old=null
2023-02-17 01:32:28,327 [JUnit-testDeleteNonEmptyDirNonRecursive[0]] INFO  impl.MetricsSystemImpl (MetricsSystemImpl.java:init(158)) - XceiverClientMetrics metrics system started (again)
2023-02-17 01:32:28,594 [JvmPauseMonitor1] WARN  util.JvmPauseMonitor (JvmPauseMonitor.java:detectPause(126)) - JvmPauseMonitor-b2981eac-b4c3-4266-a3be-ebd453a2e2b7: Detected pause in JVM or host machine (eg GC): pause of approximately 105673716ns.
GC pool 'PS MarkSweep' had collection(s): count=1 time=154ms
GC pool 'PS Scavenge' had collection(s): count=1 time=45ms
2023-02-17 01:32:28,596 [JvmPauseMonitor3] WARN  util.JvmPauseMonitor (JvmPauseMonitor.java:detectPause(126)) - JvmPauseMonitor-9f9ca560-66e6-43f3-a3dc-218554c09834: Detected pause in JVM or host machine (eg GC): pause of approximately 155662864ns.
GC pool 'PS MarkSweep' had collection(s): count=1 time=154ms
GC pool 'PS Scavenge' had collection(s): count=1 time=45ms
2023-02-17 01:32:28,596 [JvmPauseMonitor0] WARN  util.JvmPauseMonitor (JvmPauseMonitor.java:detectPause(126)) - JvmPauseMonitor-om1: Detected pause in JVM or host machine (eg GC): pause of approximately 177539223ns.
GC pool 'PS MarkSweep' had collection(s): count=1 time=154ms
GC pool 'PS Scavenge' had collection(s): count=1 time=45ms
]]></system-out>
  </testcase>
  <testcase name="testDeleteNonEmptyDirNonRecursive" classname="ITestOzoneContractDelete" time="20.69">
    <system-out><![CDATA[2023-02-17 01:32:30,130 [Listener at 127.0.0.1/36463] INFO  ozone.MiniOzoneClusterImpl (MiniOzoneClusterImpl.java:shutdown(450)) - Shutting down the Mini Ozone Cluster
2023-02-17 01:32:30,131 [Listener at 127.0.0.1/36463] INFO  ozone.MiniOzoneClusterImpl (MiniOzoneClusterImpl.java:stop(465)) - Stopping the Mini Ozone Cluster
2023-02-17 01:32:30,131 [Listener at 127.0.0.1/36463] INFO  ozone.MiniOzoneClusterImpl (MiniOzoneClusterImpl.java:stopOM(547)) - Stopping the OzoneManager
2023-02-17 01:32:30,131 [Listener at 127.0.0.1/36463] INFO  om.OzoneManager (OzoneManager.java:stop(2139)) - om1[localhost:0]: Stopping Ozone Manager
2023-02-17 01:32:30,133 [Listener at 127.0.0.1/36463] INFO  ipc.Server (Server.java:stop(3428)) - Stopping server on 36463
2023-02-17 01:32:30,139 [IPC Server listener on 0] INFO  ipc.Server (Server.java:run(1384)) - Stopping IPC Server listener on 0
2023-02-17 01:32:30,141 [IPC Server Responder] INFO  ipc.Server (Server.java:run(1517)) - Stopping IPC Server Responder
2023-02-17 01:32:30,142 [Listener at 127.0.0.1/36463] INFO  server.RaftServer (RaftServerProxy.java:lambda$close$6(409)) - om1: close
2023-02-17 01:32:30,143 [Listener at 127.0.0.1/36463] INFO  server.GrpcService (GrpcService.java:closeImpl(271)) - om1: shutdown server GrpcServerProtocolService now
2023-02-17 01:32:30,143 [om1-impl-thread1] INFO  server.RaftServer$Division (RaftServerImpl.java:lambda$close$4(458)) - om1@group-C5BA1605619E: shutdown
2023-02-17 01:32:30,143 [om1-impl-thread1] INFO  util.JmxRegister (JmxRegister.java:unregister(73)) - Successfully un-registered JMX Bean with object name Ratis:service=RaftServer,group=group-C5BA1605619E,id=om1
2023-02-17 01:32:30,143 [om1-impl-thread1] INFO  impl.RoleInfo (RoleInfo.java:shutdownLeaderState(93)) - om1: shutdown om1@group-C5BA1605619E-LeaderStateImpl
2023-02-17 01:32:30,143 [om1-impl-thread1] INFO  impl.PendingRequests (PendingRequests.java:sendNotLeaderResponses(282)) - om1@group-C5BA1605619E-PendingRequests: sendNotLeaderResponses
2023-02-17 01:32:30,149 [om1-impl-thread1] INFO  impl.StateMachineUpdater (StateMachineUpdater.java:stopAndJoin(153)) - om1@group-C5BA1605619E-StateMachineUpdater: set stopIndex = 98
2023-02-17 01:32:30,150 [om1@group-C5BA1605619E-StateMachineUpdater] INFO  ratis.OzoneManagerStateMachine (OzoneManagerStateMachine.java:takeSnapshot(445)) - Current Snapshot Index (t:1, i:98)
2023-02-17 01:32:30,153 [Listener at 127.0.0.1/36463] INFO  server.GrpcService (GrpcService.java:closeImpl(280)) - om1: shutdown server GrpcServerProtocolService successfully
2023-02-17 01:32:30,190 [om1@group-C5BA1605619E-StateMachineUpdater] INFO  impl.StateMachineUpdater (StateMachineUpdater.java:takeSnapshot(287)) - om1@group-C5BA1605619E-StateMachineUpdater: Took a snapshot at index 98
2023-02-17 01:32:30,190 [om1@group-C5BA1605619E-StateMachineUpdater] INFO  impl.StateMachineUpdater (StateMachineUpdater.java:lambda$new$0(92)) - om1@group-C5BA1605619E-StateMachineUpdater: snapshotIndex: updateIncreasingly -1 -> 98
2023-02-17 01:32:30,191 [om1@group-C5BA1605619E-StateMachineUpdater] INFO  ratis.OzoneManagerStateMachine (OzoneManagerStateMachine.java:close(499)) - StateMachine has shutdown. Shutdown OzoneManager if not already shutdown.
2023-02-17 01:32:30,191 [om1@group-C5BA1605619E-StateMachineUpdater] INFO  ratis.OzoneManagerDoubleBuffer (OzoneManagerDoubleBuffer.java:stopDaemon(541)) - Stopping OMDoubleBuffer flush thread
2023-02-17 01:32:30,191 [OMDoubleBufferFlushThread] INFO  ratis.OzoneManagerDoubleBuffer (OzoneManagerDoubleBuffer.java:canFlush(626)) - OMDoubleBuffer flush thread OMDoubleBufferFlushThread is interrupted and will exit.
2023-02-17 01:32:30,192 [om1-impl-thread1] INFO  server.RaftServer$Division (ServerState.java:close(466)) - om1@group-C5BA1605619E: closes. applyIndex: 98
2023-02-17 01:32:30,193 [om1@group-C5BA1605619E-SegmentedRaftLogWorker] INFO  segmented.SegmentedRaftLogWorker (SegmentedRaftLogWorker.java:run(347)) - om1@group-C5BA1605619E-SegmentedRaftLogWorker was interrupted, exiting. There are 0 tasks remaining in the queue.
2023-02-17 01:32:30,195 [om1-impl-thread1] INFO  segmented.SegmentedRaftLogWorker (SegmentedRaftLogWorker.java:close(257)) - om1@group-C5BA1605619E-SegmentedRaftLogWorker close()
2023-02-17 01:32:30,195 [JvmPauseMonitor0] INFO  util.JvmPauseMonitor (JvmPauseMonitor.java:run(111)) - JvmPauseMonitor-om1: Stopped
2023-02-17 01:32:30,196 [Listener at 127.0.0.1/36463] INFO  ratis.OzoneManagerStateMachine (OzoneManagerStateMachine.java:close(499)) - StateMachine has shutdown. Shutdown OzoneManager if not already shutdown.
2023-02-17 01:32:30,196 [Listener at 127.0.0.1/36463] INFO  ratis.OzoneManagerDoubleBuffer (OzoneManagerDoubleBuffer.java:stopDaemon(550)) - OMDoubleBuffer flush thread is not running.
2023-02-17 01:32:30,196 [Listener at 127.0.0.1/36463] INFO  utils.BackgroundService (BackgroundService.java:shutdown(141)) - Shutting down service KeyDeletingService
2023-02-17 01:32:30,196 [Listener at 127.0.0.1/36463] INFO  utils.BackgroundService (BackgroundService.java:shutdown(141)) - Shutting down service DirectoryDeletingService
2023-02-17 01:32:30,196 [Listener at 127.0.0.1/36463] INFO  utils.BackgroundService (BackgroundService.java:shutdown(141)) - Shutting down service OpenKeyCleanupService
2023-02-17 01:32:30,196 [Listener at 127.0.0.1/36463] INFO  utils.BackgroundService (BackgroundService.java:shutdown(141)) - Shutting down service SstFilteringService
2023-02-17 01:32:30,198 [Listener at 127.0.0.1/36463] INFO  handler.ContextHandler (ContextHandler.java:doStop(1159)) - Stopped o.e.j.w.WebAppContext@798ba61{ozoneManager,/,null,STOPPED}{file:/home/runner/work/ozone/ozone/hadoop-ozone/integration-test/target/test-classes/webapps/ozoneManager}
2023-02-17 01:32:30,202 [Listener at 127.0.0.1/36463] INFO  server.AbstractConnector (AbstractConnector.java:doStop(383)) - Stopped ServerConnector@532ad0fd{HTTP/1.1, (http/1.1)}{0.0.0.0:0}
2023-02-17 01:32:30,202 [Listener at 127.0.0.1/36463] INFO  server.session (HouseKeeper.java:stopScavenging(149)) - node0 Stopped scavenging
2023-02-17 01:32:30,204 [Listener at 127.0.0.1/36463] INFO  handler.ContextHandler (ContextHandler.java:doStop(1159)) - Stopped o.e.j.s.ServletContextHandler@237b3ab6{static,/static,file:///home/runner/work/ozone/ozone/hadoop-ozone/integration-test/target/test-classes/webapps/static,STOPPED}
2023-02-17 01:32:30,205 [Listener at 127.0.0.1/36463] INFO  handler.ContextHandler (ContextHandler.java:doStop(1159)) - Stopped o.e.j.s.ServletContextHandler@7bd276f2{logs,/logs,file:///home/runner/work/ozone/ozone/hadoop-ozone/integration-test/target/log,STOPPED}
2023-02-17 01:32:30,220 [Listener at 127.0.0.1/36463] INFO  ozone.MiniOzoneClusterImpl (MiniOzoneClusterImpl.java:stopDatanodes(524)) - Stopping the HddsDatanodes
2023-02-17 01:32:30,223 [ForkJoinPool.commonPool-worker-0] INFO  ozoneimpl.OzoneContainer (OzoneContainer.java:stop(420)) - Attempting to stop container services.
2023-02-17 01:32:30,223 [Listener at 127.0.0.1/36463] INFO  ozoneimpl.OzoneContainer (OzoneContainer.java:stop(420)) - Attempting to stop container services.
2023-02-17 01:32:30,225 [Listener at 127.0.0.1/36463] INFO  server.RaftServer (RaftServerProxy.java:lambda$close$6(409)) - 9f9ca560-66e6-43f3-a3dc-218554c09834: close
2023-02-17 01:32:30,225 [ForkJoinPool.commonPool-worker-0] INFO  server.RaftServer (RaftServerProxy.java:lambda$close$6(409)) - 90b5d626-740c-4e6b-9ad1-03df535f3e79: close
2023-02-17 01:32:30,225 [9f9ca560-66e6-43f3-a3dc-218554c09834-impl-thread1] INFO  server.RaftServer$Division (RaftServerImpl.java:lambda$close$4(458)) - 9f9ca560-66e6-43f3-a3dc-218554c09834@group-32EF4DB1718C: shutdown
2023-02-17 01:32:30,225 [90b5d626-740c-4e6b-9ad1-03df535f3e79-impl-thread1] INFO  server.RaftServer$Division (RaftServerImpl.java:lambda$close$4(458)) - 90b5d626-740c-4e6b-9ad1-03df535f3e79@group-A234537C4734: shutdown
2023-02-17 01:32:30,226 [9f9ca560-66e6-43f3-a3dc-218554c09834-impl-thread1] INFO  util.JmxRegister (JmxRegister.java:unregister(73)) - Successfully un-registered JMX Bean with object name Ratis:service=RaftServer,group=group-32EF4DB1718C,id=9f9ca560-66e6-43f3-a3dc-218554c09834
2023-02-17 01:32:30,226 [90b5d626-740c-4e6b-9ad1-03df535f3e79-impl-thread1] INFO  util.JmxRegister (JmxRegister.java:unregister(73)) - Successfully un-registered JMX Bean with object name Ratis:service=RaftServer,group=group-A234537C4734,id=90b5d626-740c-4e6b-9ad1-03df535f3e79
2023-02-17 01:32:30,226 [9f9ca560-66e6-43f3-a3dc-218554c09834-impl-thread1] INFO  impl.RoleInfo (RoleInfo.java:shutdownLeaderState(93)) - 9f9ca560-66e6-43f3-a3dc-218554c09834: shutdown 9f9ca560-66e6-43f3-a3dc-218554c09834@group-32EF4DB1718C-LeaderStateImpl
2023-02-17 01:32:30,226 [90b5d626-740c-4e6b-9ad1-03df535f3e79-impl-thread1] INFO  impl.RoleInfo (RoleInfo.java:shutdownFollowerState(110)) - 90b5d626-740c-4e6b-9ad1-03df535f3e79: shutdown 90b5d626-740c-4e6b-9ad1-03df535f3e79@group-A234537C4734-FollowerState
2023-02-17 01:32:30,226 [90b5d626-740c-4e6b-9ad1-03df535f3e79-impl-thread1] INFO  impl.StateMachineUpdater (StateMachineUpdater.java:stopAndJoin(153)) - 90b5d626-740c-4e6b-9ad1-03df535f3e79@group-A234537C4734-StateMachineUpdater: set stopIndex = 6
2023-02-17 01:32:30,226 [90b5d626-740c-4e6b-9ad1-03df535f3e79@group-A234537C4734-FollowerState] INFO  impl.FollowerState (FollowerState.java:run(152)) - 90b5d626-740c-4e6b-9ad1-03df535f3e79@group-A234537C4734-FollowerState was interrupted
2023-02-17 01:32:30,226 [9f9ca560-66e6-43f3-a3dc-218554c09834-impl-thread1] INFO  impl.PendingRequests (PendingRequests.java:sendNotLeaderResponses(282)) - 9f9ca560-66e6-43f3-a3dc-218554c09834@group-32EF4DB1718C-PendingRequests: sendNotLeaderResponses
2023-02-17 01:32:30,228 [9f9ca560-66e6-43f3-a3dc-218554c09834-impl-thread1] INFO  impl.StateMachineUpdater (StateMachineUpdater.java:stopAndJoin(153)) - 9f9ca560-66e6-43f3-a3dc-218554c09834@group-32EF4DB1718C-StateMachineUpdater: set stopIndex = 0
2023-02-17 01:32:30,228 [9f9ca560-66e6-43f3-a3dc-218554c09834@group-32EF4DB1718C-StateMachineUpdater] INFO  ratis.ContainerStateMachine (ContainerStateMachine.java:takeSnapshot(308)) - group-32EF4DB1718C: Taking a snapshot at:(t:1, i:0) file /home/runner/work/ozone/ozone/hadoop-ozone/integration-test/target/test-dir/MiniOzoneClusterImpl-699c85d0-1a2e-49ef-96e2-8d5cf650a041/datanode-2/data/ratis/da0ec83c-f1d7-492d-8b4e-32ef4db1718c/sm/snapshot.1_0
2023-02-17 01:32:30,227 [90b5d626-740c-4e6b-9ad1-03df535f3e79@group-A234537C4734-StateMachineUpdater] INFO  ratis.ContainerStateMachine (ContainerStateMachine.java:takeSnapshot(308)) - group-A234537C4734: Taking a snapshot at:(t:1, i:6) file /home/runner/work/ozone/ozone/hadoop-ozone/integration-test/target/test-dir/MiniOzoneClusterImpl-699c85d0-1a2e-49ef-96e2-8d5cf650a041/datanode-1/data/ratis/e9959d7e-43ed-40c8-b667-a234537c4734/sm/snapshot.1_6
2023-02-17 01:32:30,234 [90b5d626-740c-4e6b-9ad1-03df535f3e79-impl-thread2] INFO  server.RaftServer$Division (RaftServerImpl.java:lambda$close$4(458)) - 90b5d626-740c-4e6b-9ad1-03df535f3e79@group-5DFE29AA0311: shutdown
2023-02-17 01:32:30,234 [90b5d626-740c-4e6b-9ad1-03df535f3e79-impl-thread2] INFO  util.JmxRegister (JmxRegister.java:unregister(73)) - Successfully un-registered JMX Bean with object name Ratis:service=RaftServer,group=group-5DFE29AA0311,id=90b5d626-740c-4e6b-9ad1-03df535f3e79
2023-02-17 01:32:30,234 [90b5d626-740c-4e6b-9ad1-03df535f3e79-impl-thread2] INFO  impl.RoleInfo (RoleInfo.java:shutdownLeaderState(93)) - 90b5d626-740c-4e6b-9ad1-03df535f3e79: shutdown 90b5d626-740c-4e6b-9ad1-03df535f3e79@group-5DFE29AA0311-LeaderStateImpl
2023-02-17 01:32:30,234 [90b5d626-740c-4e6b-9ad1-03df535f3e79-impl-thread2] INFO  impl.PendingRequests (PendingRequests.java:sendNotLeaderResponses(282)) - 90b5d626-740c-4e6b-9ad1-03df535f3e79@group-5DFE29AA0311-PendingRequests: sendNotLeaderResponses
2023-02-17 01:32:30,234 [90b5d626-740c-4e6b-9ad1-03df535f3e79-impl-thread2] INFO  impl.StateMachineUpdater (StateMachineUpdater.java:stopAndJoin(153)) - 90b5d626-740c-4e6b-9ad1-03df535f3e79@group-5DFE29AA0311-StateMachineUpdater: set stopIndex = 0
2023-02-17 01:32:30,235 [90b5d626-740c-4e6b-9ad1-03df535f3e79@group-5DFE29AA0311-StateMachineUpdater] INFO  ratis.ContainerStateMachine (ContainerStateMachine.java:takeSnapshot(308)) - group-5DFE29AA0311: Taking a snapshot at:(t:1, i:0) file /home/runner/work/ozone/ozone/hadoop-ozone/integration-test/target/test-dir/MiniOzoneClusterImpl-699c85d0-1a2e-49ef-96e2-8d5cf650a041/datanode-1/data/ratis/1478227c-b32b-48ce-bffe-5dfe29aa0311/sm/snapshot.1_0
2023-02-17 01:32:30,237 [ForkJoinPool.commonPool-worker-0] INFO  server.GrpcService (GrpcService.java:closeImpl(271)) - 90b5d626-740c-4e6b-9ad1-03df535f3e79: shutdown server GrpcServerProtocolService now
2023-02-17 01:32:30,237 [90b5d626-740c-4e6b-9ad1-03df535f3e79-impl-thread3] INFO  server.RaftServer$Division (RaftServerImpl.java:lambda$close$4(458)) - 90b5d626-740c-4e6b-9ad1-03df535f3e79@group-CFE66E6C93F0: shutdown
2023-02-17 01:32:30,238 [ForkJoinPool.commonPool-worker-0] INFO  server.GrpcServerProtocolClient (GrpcServerProtocolClient.java:close(101)) - 9f9ca560-66e6-43f3-a3dc-218554c09834 Close channels
2023-02-17 01:32:30,241 [grpc-default-executor-0] WARN  server.GrpcServerProtocolService (LogUtils.java:warn(122)) - 90b5d626-740c-4e6b-9ad1-03df535f3e79: installSnapshot onError, lastRequest: 9f9ca560-66e6-43f3-a3dc-218554c09834->90b5d626-740c-4e6b-9ad1-03df535f3e79#69-t1,previous=(t:1, i:7),leaderCommit=6,initializing? true,entries: size=1, first=(t:1, i:8), METADATAENTRY(c:6): org.apache.ratis.thirdparty.io.grpc.StatusRuntimeException: CANCELLED: client cancelled
2023-02-17 01:32:30,242 [90b5d626-740c-4e6b-9ad1-03df535f3e79-impl-thread3] INFO  util.JmxRegister (JmxRegister.java:unregister(73)) - Successfully un-registered JMX Bean with object name Ratis:service=RaftServer,group=group-CFE66E6C93F0,id=90b5d626-740c-4e6b-9ad1-03df535f3e79
2023-02-17 01:32:30,242 [90b5d626-740c-4e6b-9ad1-03df535f3e79-impl-thread3] INFO  impl.RoleInfo (RoleInfo.java:shutdownLeaderState(93)) - 90b5d626-740c-4e6b-9ad1-03df535f3e79: shutdown 90b5d626-740c-4e6b-9ad1-03df535f3e79@group-CFE66E6C93F0-LeaderStateImpl
2023-02-17 01:32:30,242 [90b5d626-740c-4e6b-9ad1-03df535f3e79@group-CFE66E6C93F0->9f9ca560-66e6-43f3-a3dc-218554c09834-GrpcLogAppender-LogAppenderDaemon] WARN  server.GrpcLogAppender (GrpcLogAppender.java:mayWait(200)) - 90b5d626-740c-4e6b-9ad1-03df535f3e79@group-CFE66E6C93F0->9f9ca560-66e6-43f3-a3dc-218554c09834-GrpcLogAppender: Wait interrupted by java.lang.InterruptedException
2023-02-17 01:32:30,243 [90b5d626-740c-4e6b-9ad1-03df535f3e79@group-CFE66E6C93F0->b2981eac-b4c3-4266-a3be-ebd453a2e2b7-GrpcLogAppender-LogAppenderDaemon] WARN  server.GrpcLogAppender (GrpcLogAppender.java:mayWait(200)) - 90b5d626-740c-4e6b-9ad1-03df535f3e79@group-CFE66E6C93F0->b2981eac-b4c3-4266-a3be-ebd453a2e2b7-GrpcLogAppender: Wait interrupted by java.lang.InterruptedException
2023-02-17 01:32:30,246 [Listener at 127.0.0.1/36463] INFO  server.GrpcService (GrpcService.java:closeImpl(271)) - 9f9ca560-66e6-43f3-a3dc-218554c09834: shutdown server GrpcServerProtocolService now
2023-02-17 01:32:30,249 [grpc-default-executor-0] INFO  server.GrpcServerProtocolService (GrpcServerProtocolService.java:onCompleted(143)) - 9f9ca560-66e6-43f3-a3dc-218554c09834: Completed APPEND_ENTRIES, lastRequest: null
2023-02-17 01:32:30,254 [Listener at 127.0.0.1/36463] INFO  server.GrpcServerProtocolClient (GrpcServerProtocolClient.java:close(101)) - 90b5d626-740c-4e6b-9ad1-03df535f3e79 Close channels
2023-02-17 01:32:30,258 [90b5d626-740c-4e6b-9ad1-03df535f3e79-impl-thread3] INFO  impl.PendingRequests (PendingRequests.java:sendNotLeaderResponses(282)) - 90b5d626-740c-4e6b-9ad1-03df535f3e79@group-CFE66E6C93F0-PendingRequests: sendNotLeaderResponses
2023-02-17 01:32:30,261 [grpc-default-executor-4] WARN  server.GrpcClientProtocolService (LogUtils.java:warn(122)) - 0-OrderedRequestStreamObserver0: onError: org.apache.ratis.thirdparty.io.grpc.StatusRuntimeException: CANCELLED: client cancelled
2023-02-17 01:32:30,258 [grpc-default-executor-5] WARN  server.GrpcServerProtocolService (LogUtils.java:warn(122)) - 90b5d626-740c-4e6b-9ad1-03df535f3e79: installSnapshot onError, lastRequest: null: org.apache.ratis.thirdparty.io.grpc.StatusRuntimeException: CANCELLED: client cancelled
2023-02-17 01:32:30,267 [grpc-default-executor-4] WARN  server.GrpcServerProtocolService (LogUtils.java:warn(122)) - 9f9ca560-66e6-43f3-a3dc-218554c09834: installSnapshot onError, lastRequest: 90b5d626-740c-4e6b-9ad1-03df535f3e79->9f9ca560-66e6-43f3-a3dc-218554c09834#6-t1,previous=(t:1, i:2),leaderCommit=2,initializing? true,entries: size=1, first=(t:1, i:3), METADATAENTRY(c:2): org.apache.ratis.thirdparty.io.grpc.StatusRuntimeException: CANCELLED: client cancelled
2023-02-17 01:32:30,268 [grpc-default-executor-5] WARN  server.GrpcLogAppender (LogUtils.java:warn(122)) - 9f9ca560-66e6-43f3-a3dc-218554c09834@group-A234537C4734->90b5d626-740c-4e6b-9ad1-03df535f3e79-AppendLogResponseHandler: Failed appendEntries: org.apache.ratis.thirdparty.io.grpc.StatusRuntimeException: CANCELLED: RST_STREAM closed stream. HTTP/2 error code: CANCEL
2023-02-17 01:32:30,269 [grpc-default-executor-5] WARN  server.GrpcLogAppender (GrpcLogAppender.java:resetClient(137)) - 9f9ca560-66e6-43f3-a3dc-218554c09834@group-A234537C4734->90b5d626-740c-4e6b-9ad1-03df535f3e79-GrpcLogAppender: Failed to getClient for 90b5d626-740c-4e6b-9ad1-03df535f3e79
org.apache.ratis.protocol.exceptions.AlreadyClosedException: 9f9ca560-66e6-43f3-a3dc-218554c09834 is already CLOSED
	at org.apache.ratis.util.PeerProxyMap$PeerAndProxy.getProxy(PeerProxyMap.java:61)
	at org.apache.ratis.util.PeerProxyMap.getProxy(PeerProxyMap.java:115)
	at org.apache.ratis.grpc.server.GrpcLogAppender.getClient(GrpcLogAppender.java:116)
	at org.apache.ratis.grpc.server.GrpcLogAppender.resetClient(GrpcLogAppender.java:121)
	at org.apache.ratis.grpc.server.GrpcLogAppender.access$500(GrpcLogAppender.java:58)
	at org.apache.ratis.grpc.server.GrpcLogAppender$AppendLogResponseHandler.onError(GrpcLogAppender.java:410)
	at org.apache.ratis.thirdparty.io.grpc.stub.ClientCalls$StreamObserverToCallListenerAdapter.onClose(ClientCalls.java:487)
	at org.apache.ratis.thirdparty.io.grpc.internal.ClientCallImpl.closeObserver(ClientCallImpl.java:562)
	at org.apache.ratis.thirdparty.io.grpc.internal.ClientCallImpl.access$300(ClientCallImpl.java:70)
	at org.apache.ratis.thirdparty.io.grpc.internal.ClientCallImpl$ClientStreamListenerImpl$1StreamClosed.runInternal(ClientCallImpl.java:743)
	at org.apache.ratis.thirdparty.io.grpc.internal.ClientCallImpl$ClientStreamListenerImpl$1StreamClosed.runInContext(ClientCallImpl.java:722)
	at org.apache.ratis.thirdparty.io.grpc.internal.ContextRunnable.run(ContextRunnable.java:37)
	at org.apache.ratis.thirdparty.io.grpc.internal.SerializingExecutor.run(SerializingExecutor.java:133)
	at java.util.concurrent.ThreadPoolExecutor.runWorker(ThreadPoolExecutor.java:1149)
	at java.util.concurrent.ThreadPoolExecutor$Worker.run(ThreadPoolExecutor.java:624)
	at java.lang.Thread.run(Thread.java:750)
2023-02-17 01:32:30,271 [90b5d626-740c-4e6b-9ad1-03df535f3e79@group-CFE66E6C93F0-StateMachineUpdater] INFO  ratis.ContainerStateMachine (ContainerStateMachine.java:takeSnapshot(308)) - group-CFE66E6C93F0: Taking a snapshot at:(t:1, i:3) file /home/runner/work/ozone/ozone/hadoop-ozone/integration-test/target/test-dir/MiniOzoneClusterImpl-699c85d0-1a2e-49ef-96e2-8d5cf650a041/datanode-1/data/ratis/f7298cde-bae2-4f16-aa73-cfe66e6c93f0/sm/snapshot.1_3
2023-02-17 01:32:30,265 [grpc-default-executor-3] WARN  server.GrpcClientProtocolService (LogUtils.java:warn(122)) - 0-OrderedRequestStreamObserver0: onError: org.apache.ratis.thirdparty.io.grpc.StatusRuntimeException: CANCELLED: client cancelled
2023-02-17 01:32:30,271 [90b5d626-740c-4e6b-9ad1-03df535f3e79-impl-thread3] INFO  impl.StateMachineUpdater (StateMachineUpdater.java:stopAndJoin(153)) - 90b5d626-740c-4e6b-9ad1-03df535f3e79@group-CFE66E6C93F0-StateMachineUpdater: set stopIndex = 3
2023-02-17 01:32:30,272 [grpc-default-executor-5] WARN  server.GrpcClientProtocolService (LogUtils.java:warn(122)) - 1-OrderedRequestStreamObserver1: onError: org.apache.ratis.thirdparty.io.grpc.StatusRuntimeException: CANCELLED: client cancelled
2023-02-17 01:32:30,272 [grpc-default-executor-3] INFO  server.GrpcServerProtocolService (GrpcServerProtocolService.java:onCompleted(143)) - b2981eac-b4c3-4266-a3be-ebd453a2e2b7: Completed APPEND_ENTRIES, lastRequest: 90b5d626-740c-4e6b-9ad1-03df535f3e79->b2981eac-b4c3-4266-a3be-ebd453a2e2b7#5-t1,previous=(t:1, i:2),leaderCommit=2,initializing? true,entries: size=1, first=(t:1, i:3), METADATAENTRY(c:2)
2023-02-17 01:32:30,270 [9f9ca560-66e6-43f3-a3dc-218554c09834-impl-thread3] INFO  server.RaftServer$Division (RaftServerImpl.java:lambda$close$4(458)) - 9f9ca560-66e6-43f3-a3dc-218554c09834@group-CFE66E6C93F0: shutdown
2023-02-17 01:32:30,278 [grpc-default-executor-4] INFO  server.GrpcServerProtocolService (GrpcServerProtocolService.java:onCompleted(143)) - b2981eac-b4c3-4266-a3be-ebd453a2e2b7: Completed APPEND_ENTRIES, lastRequest: null
2023-02-17 01:32:30,277 [grpc-default-executor-0] INFO  server.GrpcLogAppender (GrpcLogAppender.java:onCompleted(415)) - 90b5d626-740c-4e6b-9ad1-03df535f3e79@group-CFE66E6C93F0->b2981eac-b4c3-4266-a3be-ebd453a2e2b7-AppendLogResponseHandler: follower responses appendEntries COMPLETED
2023-02-17 01:32:30,277 [grpc-default-executor-1] INFO  server.GrpcLogAppender (GrpcLogAppender.java:onError(404)) - 90b5d626-740c-4e6b-9ad1-03df535f3e79@group-CFE66E6C93F0->9f9ca560-66e6-43f3-a3dc-218554c09834-GrpcLogAppender is already stopped
2023-02-17 01:32:30,277 [9f9ca560-66e6-43f3-a3dc-218554c09834-impl-thread2] INFO  server.RaftServer$Division (RaftServerImpl.java:lambda$close$4(458)) - 9f9ca560-66e6-43f3-a3dc-218554c09834@group-A234537C4734: shutdown
2023-02-17 01:32:30,275 [grpc-default-executor-5] WARN  server.GrpcLogAppender (LogUtils.java:warn(122)) - 9f9ca560-66e6-43f3-a3dc-218554c09834@group-A234537C4734->90b5d626-740c-4e6b-9ad1-03df535f3e79-AppendLogResponseHandler: Failed appendEntries: org.apache.ratis.thirdparty.io.grpc.StatusRuntimeException: CANCELLED: RST_STREAM closed stream. HTTP/2 error code: CANCEL
2023-02-17 01:32:30,274 [grpc-default-executor-2] INFO  server.GrpcLogAppender (GrpcLogAppender.java:onCompleted(415)) - 90b5d626-740c-4e6b-9ad1-03df535f3e79@group-CFE66E6C93F0->9f9ca560-66e6-43f3-a3dc-218554c09834-AppendLogResponseHandler: follower responses appendEntries COMPLETED
2023-02-17 01:32:30,282 [grpc-default-executor-2] WARN  server.GrpcLogAppender (GrpcLogAppender.java:resetClient(137)) - 90b5d626-740c-4e6b-9ad1-03df535f3e79@group-CFE66E6C93F0->9f9ca560-66e6-43f3-a3dc-218554c09834-GrpcLogAppender: Failed to getClient for 9f9ca560-66e6-43f3-a3dc-218554c09834
org.apache.ratis.protocol.exceptions.AlreadyClosedException: 90b5d626-740c-4e6b-9ad1-03df535f3e79 is already CLOSED
	at org.apache.ratis.util.PeerProxyMap$PeerAndProxy.getProxy(PeerProxyMap.java:61)
	at org.apache.ratis.util.PeerProxyMap.getProxy(PeerProxyMap.java:115)
	at org.apache.ratis.grpc.server.GrpcLogAppender.getClient(GrpcLogAppender.java:116)
	at org.apache.ratis.grpc.server.GrpcLogAppender.resetClient(GrpcLogAppender.java:121)
	at org.apache.ratis.grpc.server.GrpcLogAppender.access$500(GrpcLogAppender.java:58)
	at org.apache.ratis.grpc.server.GrpcLogAppender$AppendLogResponseHandler.onCompleted(GrpcLogAppender.java:416)
	at org.apache.ratis.thirdparty.io.grpc.stub.ClientCalls$StreamObserverToCallListenerAdapter.onClose(ClientCalls.java:485)
	at org.apache.ratis.thirdparty.io.grpc.internal.DelayedClientCall$DelayedListener$3.run(DelayedClientCall.java:468)
	at org.apache.ratis.thirdparty.io.grpc.internal.DelayedClientCall$DelayedListener.delayOrExecute(DelayedClientCall.java:432)
	at org.apache.ratis.thirdparty.io.grpc.internal.DelayedClientCall$DelayedListener.onClose(DelayedClientCall.java:465)
	at org.apache.ratis.thirdparty.io.grpc.internal.ClientCallImpl.closeObserver(ClientCallImpl.java:562)
	at org.apache.ratis.thirdparty.io.grpc.internal.ClientCallImpl.access$300(ClientCallImpl.java:70)
	at org.apache.ratis.thirdparty.io.grpc.internal.ClientCallImpl$ClientStreamListenerImpl$1StreamClosed.runInternal(ClientCallImpl.java:743)
	at org.apache.ratis.thirdparty.io.grpc.internal.ClientCallImpl$ClientStreamListenerImpl$1StreamClosed.runInContext(ClientCallImpl.java:722)
	at org.apache.ratis.thirdparty.io.grpc.internal.ContextRunnable.run(ContextRunnable.java:37)
	at org.apache.ratis.thirdparty.io.grpc.internal.SerializingExecutor.run(SerializingExecutor.java:133)
	at java.util.concurrent.ThreadPoolExecutor.runWorker(ThreadPoolExecutor.java:1149)
	at java.util.concurrent.ThreadPoolExecutor$Worker.run(ThreadPoolExecutor.java:624)
	at java.lang.Thread.run(Thread.java:750)
2023-02-17 01:32:30,282 [grpc-default-executor-0] INFO  leader.FollowerInfo (FollowerInfoImpl.java:lambda$new$0(48)) - 90b5d626-740c-4e6b-9ad1-03df535f3e79@group-CFE66E6C93F0->b2981eac-b4c3-4266-a3be-ebd453a2e2b7: nextIndex: updateUnconditionally 4 -> 3
2023-02-17 01:32:30,282 [grpc-default-executor-5] WARN  server.GrpcLogAppender (GrpcLogAppender.java:resetClient(137)) - 9f9ca560-66e6-43f3-a3dc-218554c09834@group-A234537C4734->90b5d626-740c-4e6b-9ad1-03df535f3e79-GrpcLogAppender: Failed to getClient for 90b5d626-740c-4e6b-9ad1-03df535f3e79
org.apache.ratis.protocol.exceptions.AlreadyClosedException: 9f9ca560-66e6-43f3-a3dc-218554c09834 is already CLOSED
	at org.apache.ratis.util.PeerProxyMap$PeerAndProxy.getProxy(PeerProxyMap.java:61)
	at org.apache.ratis.util.PeerProxyMap.getProxy(PeerProxyMap.java:115)
	at org.apache.ratis.grpc.server.GrpcLogAppender.getClient(GrpcLogAppender.java:116)
	at org.apache.ratis.grpc.server.GrpcLogAppender.resetClient(GrpcLogAppender.java:121)
	at org.apache.ratis.grpc.server.GrpcLogAppender.access$500(GrpcLogAppender.java:58)
	at org.apache.ratis.grpc.server.GrpcLogAppender$AppendLogResponseHandler.onError(GrpcLogAppender.java:410)
	at org.apache.ratis.thirdparty.io.grpc.stub.ClientCalls$StreamObserverToCallListenerAdapter.onClose(ClientCalls.java:487)
	at org.apache.ratis.thirdparty.io.grpc.internal.ClientCallImpl.closeObserver(ClientCallImpl.java:562)
	at org.apache.ratis.thirdparty.io.grpc.internal.ClientCallImpl.access$300(ClientCallImpl.java:70)
	at org.apache.ratis.thirdparty.io.grpc.internal.ClientCallImpl$ClientStreamListenerImpl$1StreamClosed.runInternal(ClientCallImpl.java:743)
	at org.apache.ratis.thirdparty.io.grpc.internal.ClientCallImpl$ClientStreamListenerImpl$1StreamClosed.runInContext(ClientCallImpl.java:722)
	at org.apache.ratis.thirdparty.io.grpc.internal.ContextRunnable.run(ContextRunnable.java:37)
	at org.apache.ratis.thirdparty.io.grpc.internal.SerializingExecutor.run(SerializingExecutor.java:133)
	at java.util.concurrent.ThreadPoolExecutor.runWorker(ThreadPoolExecutor.java:1149)
	at java.util.concurrent.ThreadPoolExecutor$Worker.run(ThreadPoolExecutor.java:624)
	at java.lang.Thread.run(Thread.java:750)
2023-02-17 01:32:30,283 [9f9ca560-66e6-43f3-a3dc-218554c09834-impl-thread2] INFO  util.JmxRegister (JmxRegister.java:unregister(73)) - Successfully un-registered JMX Bean with object name Ratis:service=RaftServer,group=group-A234537C4734,id=9f9ca560-66e6-43f3-a3dc-218554c09834
2023-02-17 01:32:30,283 [9f9ca560-66e6-43f3-a3dc-218554c09834-impl-thread2] INFO  impl.RoleInfo (RoleInfo.java:shutdownLeaderState(93)) - 9f9ca560-66e6-43f3-a3dc-218554c09834: shutdown 9f9ca560-66e6-43f3-a3dc-218554c09834@group-A234537C4734-LeaderStateImpl
2023-02-17 01:32:30,283 [9f9ca560-66e6-43f3-a3dc-218554c09834@group-A234537C4734->90b5d626-740c-4e6b-9ad1-03df535f3e79-GrpcLogAppender-LogAppenderDaemon] WARN  server.GrpcLogAppender (GrpcLogAppender.java:mayWait(200)) - 9f9ca560-66e6-43f3-a3dc-218554c09834@group-A234537C4734->90b5d626-740c-4e6b-9ad1-03df535f3e79-GrpcLogAppender: Wait interrupted by java.lang.InterruptedException
2023-02-17 01:32:30,284 [9f9ca560-66e6-43f3-a3dc-218554c09834@group-A234537C4734->b2981eac-b4c3-4266-a3be-ebd453a2e2b7-GrpcLogAppender-LogAppenderDaemon] WARN  server.GrpcLogAppender (GrpcLogAppender.java:mayWait(200)) - 9f9ca560-66e6-43f3-a3dc-218554c09834@group-A234537C4734->b2981eac-b4c3-4266-a3be-ebd453a2e2b7-GrpcLogAppender: Wait interrupted by java.lang.InterruptedException
2023-02-17 01:32:30,284 [9f9ca560-66e6-43f3-a3dc-218554c09834-impl-thread2] INFO  impl.PendingRequests (PendingRequests.java:sendNotLeaderResponses(282)) - 9f9ca560-66e6-43f3-a3dc-218554c09834@group-A234537C4734-PendingRequests: sendNotLeaderResponses
2023-02-17 01:32:30,278 [9f9ca560-66e6-43f3-a3dc-218554c09834-impl-thread3] INFO  util.JmxRegister (JmxRegister.java:unregister(73)) - Successfully un-registered JMX Bean with object name Ratis:service=RaftServer,group=group-CFE66E6C93F0,id=9f9ca560-66e6-43f3-a3dc-218554c09834
2023-02-17 01:32:30,285 [9f9ca560-66e6-43f3-a3dc-218554c09834-impl-thread3] INFO  impl.RoleInfo (RoleInfo.java:shutdownFollowerState(110)) - 9f9ca560-66e6-43f3-a3dc-218554c09834: shutdown 9f9ca560-66e6-43f3-a3dc-218554c09834@group-CFE66E6C93F0-FollowerState
2023-02-17 01:32:30,285 [9f9ca560-66e6-43f3-a3dc-218554c09834@group-CFE66E6C93F0-FollowerState] INFO  impl.FollowerState (FollowerState.java:run(152)) - 9f9ca560-66e6-43f3-a3dc-218554c09834@group-CFE66E6C93F0-FollowerState was interrupted
2023-02-17 01:32:30,285 [9f9ca560-66e6-43f3-a3dc-218554c09834@group-CFE66E6C93F0-StateMachineUpdater] INFO  ratis.ContainerStateMachine (ContainerStateMachine.java:takeSnapshot(308)) - group-CFE66E6C93F0: Taking a snapshot at:(t:1, i:2) file /home/runner/work/ozone/ozone/hadoop-ozone/integration-test/target/test-dir/MiniOzoneClusterImpl-699c85d0-1a2e-49ef-96e2-8d5cf650a041/datanode-2/data/ratis/f7298cde-bae2-4f16-aa73-cfe66e6c93f0/sm/snapshot.1_2
2023-02-17 01:32:30,286 [9f9ca560-66e6-43f3-a3dc-218554c09834-impl-thread3] INFO  impl.StateMachineUpdater (StateMachineUpdater.java:stopAndJoin(153)) - 9f9ca560-66e6-43f3-a3dc-218554c09834@group-CFE66E6C93F0-StateMachineUpdater: set stopIndex = 2
2023-02-17 01:32:30,286 [9f9ca560-66e6-43f3-a3dc-218554c09834@group-A234537C4734-StateMachineUpdater] INFO  ratis.ContainerStateMachine (ContainerStateMachine.java:takeSnapshot(308)) - group-A234537C4734: Taking a snapshot at:(t:1, i:8) file /home/runner/work/ozone/ozone/hadoop-ozone/integration-test/target/test-dir/MiniOzoneClusterImpl-699c85d0-1a2e-49ef-96e2-8d5cf650a041/datanode-2/data/ratis/e9959d7e-43ed-40c8-b667-a234537c4734/sm/snapshot.1_8
2023-02-17 01:32:30,286 [9f9ca560-66e6-43f3-a3dc-218554c09834-impl-thread2] INFO  impl.StateMachineUpdater (StateMachineUpdater.java:stopAndJoin(153)) - 9f9ca560-66e6-43f3-a3dc-218554c09834@group-A234537C4734-StateMachineUpdater: set stopIndex = 8
2023-02-17 01:32:30,289 [grpc-default-executor-0] INFO  server.GrpcLogAppender (GrpcLogAppender.java:onCompleted(415)) - 90b5d626-740c-4e6b-9ad1-03df535f3e79@group-CFE66E6C93F0->b2981eac-b4c3-4266-a3be-ebd453a2e2b7-AppendLogResponseHandler: follower responses appendEntries COMPLETED
2023-02-17 01:32:30,290 [grpc-default-executor-0] INFO  leader.FollowerInfo (FollowerInfoImpl.java:lambda$new$0(48)) - 90b5d626-740c-4e6b-9ad1-03df535f3e79@group-CFE66E6C93F0->b2981eac-b4c3-4266-a3be-ebd453a2e2b7: nextIndex: updateUnconditionally 3 -> 2
2023-02-17 01:32:30,291 [grpc-default-executor-0] INFO  server.GrpcServerProtocolService (GrpcServerProtocolService.java:onCompleted(143)) - b2981eac-b4c3-4266-a3be-ebd453a2e2b7: Completed APPEND_ENTRIES, lastRequest: null
2023-02-17 01:32:30,292 [grpc-default-executor-5] INFO  server.GrpcServerProtocolService (GrpcServerProtocolService.java:onCompleted(143)) - b2981eac-b4c3-4266-a3be-ebd453a2e2b7: Completed APPEND_ENTRIES, lastRequest: 9f9ca560-66e6-43f3-a3dc-218554c09834->b2981eac-b4c3-4266-a3be-ebd453a2e2b7#9-t1,previous=(t:1, i:7),leaderCommit=6,initializing? true,entries: size=1, first=(t:1, i:8), METADATAENTRY(c:6)
2023-02-17 01:32:30,292 [grpc-default-executor-0] INFO  server.GrpcLogAppender (GrpcLogAppender.java:onCompleted(415)) - 9f9ca560-66e6-43f3-a3dc-218554c09834@group-A234537C4734->b2981eac-b4c3-4266-a3be-ebd453a2e2b7-AppendLogResponseHandler: follower responses appendEntries COMPLETED
2023-02-17 01:32:30,292 [grpc-default-executor-0] INFO  leader.FollowerInfo (FollowerInfoImpl.java:lambda$new$0(48)) - 9f9ca560-66e6-43f3-a3dc-218554c09834@group-A234537C4734->b2981eac-b4c3-4266-a3be-ebd453a2e2b7: nextIndex: updateUnconditionally 9 -> 8
2023-02-17 01:32:30,293 [ForkJoinPool.commonPool-worker-0] INFO  server.GrpcServerProtocolClient (GrpcServerProtocolClient.java:close(101)) - b2981eac-b4c3-4266-a3be-ebd453a2e2b7 Close channels
2023-02-17 01:32:30,294 [grpc-default-executor-5] INFO  server.GrpcLogAppender (GrpcLogAppender.java:onCompleted(415)) - 9f9ca560-66e6-43f3-a3dc-218554c09834@group-A234537C4734->b2981eac-b4c3-4266-a3be-ebd453a2e2b7-AppendLogResponseHandler: follower responses appendEntries COMPLETED
2023-02-17 01:32:30,294 [Listener at 127.0.0.1/36463] INFO  server.GrpcServerProtocolClient (GrpcServerProtocolClient.java:close(101)) - b2981eac-b4c3-4266-a3be-ebd453a2e2b7 Close channels
2023-02-17 01:32:30,294 [grpc-default-executor-5] WARN  server.GrpcLogAppender (GrpcLogAppender.java:resetClient(137)) - 9f9ca560-66e6-43f3-a3dc-218554c09834@group-A234537C4734->b2981eac-b4c3-4266-a3be-ebd453a2e2b7-GrpcLogAppender: Failed to getClient for b2981eac-b4c3-4266-a3be-ebd453a2e2b7
org.apache.ratis.protocol.exceptions.AlreadyClosedException: 9f9ca560-66e6-43f3-a3dc-218554c09834 is already CLOSED
	at org.apache.ratis.util.PeerProxyMap$PeerAndProxy.getProxy(PeerProxyMap.java:61)
	at org.apache.ratis.util.PeerProxyMap.getProxy(PeerProxyMap.java:115)
	at org.apache.ratis.grpc.server.GrpcLogAppender.getClient(GrpcLogAppender.java:116)
	at org.apache.ratis.grpc.server.GrpcLogAppender.resetClient(GrpcLogAppender.java:121)
	at org.apache.ratis.grpc.server.GrpcLogAppender.access$500(GrpcLogAppender.java:58)
	at org.apache.ratis.grpc.server.GrpcLogAppender$AppendLogResponseHandler.onCompleted(GrpcLogAppender.java:416)
	at org.apache.ratis.thirdparty.io.grpc.stub.ClientCalls$StreamObserverToCallListenerAdapter.onClose(ClientCalls.java:485)
	at org.apache.ratis.thirdparty.io.grpc.internal.DelayedClientCall$DelayedListener$3.run(DelayedClientCall.java:468)
	at org.apache.ratis.thirdparty.io.grpc.internal.DelayedClientCall$DelayedListener.delayOrExecute(DelayedClientCall.java:432)
	at org.apache.ratis.thirdparty.io.grpc.internal.DelayedClientCall$DelayedListener.onClose(DelayedClientCall.java:465)
	at org.apache.ratis.thirdparty.io.grpc.internal.ClientCallImpl.closeObserver(ClientCallImpl.java:562)
	at org.apache.ratis.thirdparty.io.grpc.internal.ClientCallImpl.access$300(ClientCallImpl.java:70)
	at org.apache.ratis.thirdparty.io.grpc.internal.ClientCallImpl$ClientStreamListenerImpl$1StreamClosed.runInternal(ClientCallImpl.java:743)
	at org.apache.ratis.thirdparty.io.grpc.internal.ClientCallImpl$ClientStreamListenerImpl$1StreamClosed.runInContext(ClientCallImpl.java:722)
	at org.apache.ratis.thirdparty.io.grpc.internal.ContextRunnable.run(ContextRunnable.java:37)
	at org.apache.ratis.thirdparty.io.grpc.internal.SerializingExecutor.run(SerializingExecutor.java:133)
	at java.util.concurrent.ThreadPoolExecutor.runWorker(ThreadPoolExecutor.java:1149)
	at java.util.concurrent.ThreadPoolExecutor$Worker.run(ThreadPoolExecutor.java:624)
	at java.lang.Thread.run(Thread.java:750)
2023-02-17 01:32:30,297 [Listener at 127.0.0.1/36463] INFO  server.GrpcService (GrpcService.java:closeImpl(280)) - 9f9ca560-66e6-43f3-a3dc-218554c09834: shutdown server GrpcServerProtocolService successfully
2023-02-17 01:32:30,295 [ForkJoinPool.commonPool-worker-0] INFO  server.GrpcService (GrpcService.java:closeImpl(280)) - 90b5d626-740c-4e6b-9ad1-03df535f3e79: shutdown server GrpcServerProtocolService successfully
2023-02-17 01:32:30,297 [9f9ca560-66e6-43f3-a3dc-218554c09834-NettyServerStreamRpc-bossGroup--thread1] INFO  logging.LoggingHandler (AbstractInternalLogger.java:log(148)) - [id: 0x59adb971, L:/0:0:0:0:0:0:0:0:34715] CLOSE
2023-02-17 01:32:30,297 [9f9ca560-66e6-43f3-a3dc-218554c09834-NettyServerStreamRpc-bossGroup--thread1] INFO  logging.LoggingHandler (AbstractInternalLogger.java:log(148)) - [id: 0x59adb971, L:/0:0:0:0:0:0:0:0:34715] INACTIVE
2023-02-17 01:32:30,297 [9f9ca560-66e6-43f3-a3dc-218554c09834-NettyServerStreamRpc-bossGroup--thread1] INFO  logging.LoggingHandler (AbstractInternalLogger.java:log(148)) - [id: 0x59adb971, L:/0:0:0:0:0:0:0:0:34715] UNREGISTERED
2023-02-17 01:32:30,298 [90b5d626-740c-4e6b-9ad1-03df535f3e79-NettyServerStreamRpc-bossGroup--thread1] INFO  logging.LoggingHandler (AbstractInternalLogger.java:log(148)) - [id: 0x23b436e7, L:/0:0:0:0:0:0:0:0:41071] CLOSE
2023-02-17 01:32:30,298 [90b5d626-740c-4e6b-9ad1-03df535f3e79-NettyServerStreamRpc-bossGroup--thread1] INFO  logging.LoggingHandler (AbstractInternalLogger.java:log(148)) - [id: 0x23b436e7, L:/0:0:0:0:0:0:0:0:41071] INACTIVE
2023-02-17 01:32:30,298 [90b5d626-740c-4e6b-9ad1-03df535f3e79-NettyServerStreamRpc-bossGroup--thread1] INFO  logging.LoggingHandler (AbstractInternalLogger.java:log(148)) - [id: 0x23b436e7, L:/0:0:0:0:0:0:0:0:41071] UNREGISTERED
2023-02-17 01:32:30,314 [90b5d626-740c-4e6b-9ad1-03df535f3e79@group-5DFE29AA0311-StateMachineUpdater] INFO  ratis.ContainerStateMachine (ContainerStateMachine.java:takeSnapshot(319)) - group-5DFE29AA0311: Finished taking a snapshot at:(t:1, i:0) file:/home/runner/work/ozone/ozone/hadoop-ozone/integration-test/target/test-dir/MiniOzoneClusterImpl-699c85d0-1a2e-49ef-96e2-8d5cf650a041/datanode-1/data/ratis/1478227c-b32b-48ce-bffe-5dfe29aa0311/sm/snapshot.1_0 took: 79 ms
2023-02-17 01:32:30,314 [9f9ca560-66e6-43f3-a3dc-218554c09834@group-CFE66E6C93F0-StateMachineUpdater] INFO  ratis.ContainerStateMachine (ContainerStateMachine.java:takeSnapshot(319)) - group-CFE66E6C93F0: Finished taking a snapshot at:(t:1, i:2) file:/home/runner/work/ozone/ozone/hadoop-ozone/integration-test/target/test-dir/MiniOzoneClusterImpl-699c85d0-1a2e-49ef-96e2-8d5cf650a041/datanode-2/data/ratis/f7298cde-bae2-4f16-aa73-cfe66e6c93f0/sm/snapshot.1_2 took: 29 ms
2023-02-17 01:32:30,316 [9f9ca560-66e6-43f3-a3dc-218554c09834@group-CFE66E6C93F0-StateMachineUpdater] INFO  impl.StateMachineUpdater (StateMachineUpdater.java:takeSnapshot(287)) - 9f9ca560-66e6-43f3-a3dc-218554c09834@group-CFE66E6C93F0-StateMachineUpdater: Took a snapshot at index 2
2023-02-17 01:32:30,316 [9f9ca560-66e6-43f3-a3dc-218554c09834@group-CFE66E6C93F0-StateMachineUpdater] INFO  impl.StateMachineUpdater (StateMachineUpdater.java:lambda$new$0(92)) - 9f9ca560-66e6-43f3-a3dc-218554c09834@group-CFE66E6C93F0-StateMachineUpdater: snapshotIndex: updateIncreasingly -1 -> 2
2023-02-17 01:32:30,316 [90b5d626-740c-4e6b-9ad1-03df535f3e79@group-5DFE29AA0311-StateMachineUpdater] INFO  impl.StateMachineUpdater (StateMachineUpdater.java:takeSnapshot(287)) - 90b5d626-740c-4e6b-9ad1-03df535f3e79@group-5DFE29AA0311-StateMachineUpdater: Took a snapshot at index 0
2023-02-17 01:32:30,317 [90b5d626-740c-4e6b-9ad1-03df535f3e79@group-5DFE29AA0311-StateMachineUpdater] INFO  impl.StateMachineUpdater (StateMachineUpdater.java:lambda$new$0(92)) - 90b5d626-740c-4e6b-9ad1-03df535f3e79@group-5DFE29AA0311-StateMachineUpdater: snapshotIndex: updateIncreasingly -1 -> 0
2023-02-17 01:32:30,317 [9f9ca560-66e6-43f3-a3dc-218554c09834@group-A234537C4734-StateMachineUpdater] INFO  ratis.ContainerStateMachine (ContainerStateMachine.java:takeSnapshot(319)) - group-A234537C4734: Finished taking a snapshot at:(t:1, i:8) file:/home/runner/work/ozone/ozone/hadoop-ozone/integration-test/target/test-dir/MiniOzoneClusterImpl-699c85d0-1a2e-49ef-96e2-8d5cf650a041/datanode-2/data/ratis/e9959d7e-43ed-40c8-b667-a234537c4734/sm/snapshot.1_8 took: 30 ms
2023-02-17 01:32:30,317 [9f9ca560-66e6-43f3-a3dc-218554c09834@group-A234537C4734-StateMachineUpdater] INFO  impl.StateMachineUpdater (StateMachineUpdater.java:takeSnapshot(287)) - 9f9ca560-66e6-43f3-a3dc-218554c09834@group-A234537C4734-StateMachineUpdater: Took a snapshot at index 8
2023-02-17 01:32:30,317 [9f9ca560-66e6-43f3-a3dc-218554c09834@group-A234537C4734-StateMachineUpdater] INFO  impl.StateMachineUpdater (StateMachineUpdater.java:lambda$new$0(92)) - 9f9ca560-66e6-43f3-a3dc-218554c09834@group-A234537C4734-StateMachineUpdater: snapshotIndex: updateIncreasingly -1 -> 8
2023-02-17 01:32:30,317 [9f9ca560-66e6-43f3-a3dc-218554c09834@group-32EF4DB1718C-StateMachineUpdater] INFO  ratis.ContainerStateMachine (ContainerStateMachine.java:takeSnapshot(319)) - group-32EF4DB1718C: Finished taking a snapshot at:(t:1, i:0) file:/home/runner/work/ozone/ozone/hadoop-ozone/integration-test/target/test-dir/MiniOzoneClusterImpl-699c85d0-1a2e-49ef-96e2-8d5cf650a041/datanode-2/data/ratis/da0ec83c-f1d7-492d-8b4e-32ef4db1718c/sm/snapshot.1_0 took: 89 ms
2023-02-17 01:32:30,317 [9f9ca560-66e6-43f3-a3dc-218554c09834@group-32EF4DB1718C-StateMachineUpdater] INFO  impl.StateMachineUpdater (StateMachineUpdater.java:takeSnapshot(287)) - 9f9ca560-66e6-43f3-a3dc-218554c09834@group-32EF4DB1718C-StateMachineUpdater: Took a snapshot at index 0
2023-02-17 01:32:30,317 [9f9ca560-66e6-43f3-a3dc-218554c09834@group-32EF4DB1718C-StateMachineUpdater] INFO  impl.StateMachineUpdater (StateMachineUpdater.java:lambda$new$0(92)) - 9f9ca560-66e6-43f3-a3dc-218554c09834@group-32EF4DB1718C-StateMachineUpdater: snapshotIndex: updateIncreasingly -1 -> 0
2023-02-17 01:32:30,317 [90b5d626-740c-4e6b-9ad1-03df535f3e79@group-CFE66E6C93F0-StateMachineUpdater] INFO  ratis.ContainerStateMachine (ContainerStateMachine.java:takeSnapshot(319)) - group-CFE66E6C93F0: Finished taking a snapshot at:(t:1, i:3) file:/home/runner/work/ozone/ozone/hadoop-ozone/integration-test/target/test-dir/MiniOzoneClusterImpl-699c85d0-1a2e-49ef-96e2-8d5cf650a041/datanode-1/data/ratis/f7298cde-bae2-4f16-aa73-cfe66e6c93f0/sm/snapshot.1_3 took: 47 ms
2023-02-17 01:32:30,317 [90b5d626-740c-4e6b-9ad1-03df535f3e79@group-CFE66E6C93F0-StateMachineUpdater] INFO  impl.StateMachineUpdater (StateMachineUpdater.java:takeSnapshot(287)) - 90b5d626-740c-4e6b-9ad1-03df535f3e79@group-CFE66E6C93F0-StateMachineUpdater: Took a snapshot at index 3
2023-02-17 01:32:30,317 [90b5d626-740c-4e6b-9ad1-03df535f3e79@group-CFE66E6C93F0-StateMachineUpdater] INFO  impl.StateMachineUpdater (StateMachineUpdater.java:lambda$new$0(92)) - 90b5d626-740c-4e6b-9ad1-03df535f3e79@group-CFE66E6C93F0-StateMachineUpdater: snapshotIndex: updateIncreasingly -1 -> 3
2023-02-17 01:32:30,318 [90b5d626-740c-4e6b-9ad1-03df535f3e79@group-A234537C4734-StateMachineUpdater] INFO  ratis.ContainerStateMachine (ContainerStateMachine.java:takeSnapshot(319)) - group-A234537C4734: Finished taking a snapshot at:(t:1, i:6) file:/home/runner/work/ozone/ozone/hadoop-ozone/integration-test/target/test-dir/MiniOzoneClusterImpl-699c85d0-1a2e-49ef-96e2-8d5cf650a041/datanode-1/data/ratis/e9959d7e-43ed-40c8-b667-a234537c4734/sm/snapshot.1_6 took: 91 ms
2023-02-17 01:32:30,318 [90b5d626-740c-4e6b-9ad1-03df535f3e79@group-A234537C4734-StateMachineUpdater] INFO  impl.StateMachineUpdater (StateMachineUpdater.java:takeSnapshot(287)) - 90b5d626-740c-4e6b-9ad1-03df535f3e79@group-A234537C4734-StateMachineUpdater: Took a snapshot at index 6
2023-02-17 01:32:30,318 [90b5d626-740c-4e6b-9ad1-03df535f3e79@group-A234537C4734-StateMachineUpdater] INFO  impl.StateMachineUpdater (StateMachineUpdater.java:lambda$new$0(92)) - 90b5d626-740c-4e6b-9ad1-03df535f3e79@group-A234537C4734-StateMachineUpdater: snapshotIndex: updateIncreasingly -1 -> 6
2023-02-17 01:32:30,326 [9f9ca560-66e6-43f3-a3dc-218554c09834-impl-thread3] INFO  server.RaftServer$Division (ServerState.java:close(466)) - 9f9ca560-66e6-43f3-a3dc-218554c09834@group-CFE66E6C93F0: closes. applyIndex: 2
2023-02-17 01:32:30,328 [9f9ca560-66e6-43f3-a3dc-218554c09834-impl-thread1] INFO  server.RaftServer$Division (ServerState.java:close(466)) - 9f9ca560-66e6-43f3-a3dc-218554c09834@group-32EF4DB1718C: closes. applyIndex: 0
2023-02-17 01:32:30,328 [90b5d626-740c-4e6b-9ad1-03df535f3e79-impl-thread2] INFO  server.RaftServer$Division (ServerState.java:close(466)) - 90b5d626-740c-4e6b-9ad1-03df535f3e79@group-5DFE29AA0311: closes. applyIndex: 0
2023-02-17 01:32:30,328 [90b5d626-740c-4e6b-9ad1-03df535f3e79@group-5DFE29AA0311-SegmentedRaftLogWorker] INFO  segmented.SegmentedRaftLogWorker (SegmentedRaftLogWorker.java:run(347)) - 90b5d626-740c-4e6b-9ad1-03df535f3e79@group-5DFE29AA0311-SegmentedRaftLogWorker was interrupted, exiting. There are 0 tasks remaining in the queue.
2023-02-17 01:32:30,329 [9f9ca560-66e6-43f3-a3dc-218554c09834@group-32EF4DB1718C-SegmentedRaftLogWorker] INFO  segmented.SegmentedRaftLogWorker (SegmentedRaftLogWorker.java:run(347)) - 9f9ca560-66e6-43f3-a3dc-218554c09834@group-32EF4DB1718C-SegmentedRaftLogWorker was interrupted, exiting. There are 0 tasks remaining in the queue.
2023-02-17 01:32:30,329 [90b5d626-740c-4e6b-9ad1-03df535f3e79-impl-thread1] INFO  server.RaftServer$Division (ServerState.java:close(466)) - 90b5d626-740c-4e6b-9ad1-03df535f3e79@group-A234537C4734: closes. applyIndex: 6
2023-02-17 01:32:30,329 [90b5d626-740c-4e6b-9ad1-03df535f3e79@group-A234537C4734-SegmentedRaftLogWorker] INFO  segmented.SegmentedRaftLogWorker (SegmentedRaftLogWorker.java:run(347)) - 90b5d626-740c-4e6b-9ad1-03df535f3e79@group-A234537C4734-SegmentedRaftLogWorker was interrupted, exiting. There are 0 tasks remaining in the queue.
2023-02-17 01:32:30,329 [9f9ca560-66e6-43f3-a3dc-218554c09834-impl-thread2] INFO  server.RaftServer$Division (ServerState.java:close(466)) - 9f9ca560-66e6-43f3-a3dc-218554c09834@group-A234537C4734: closes. applyIndex: 8
2023-02-17 01:32:30,330 [9f9ca560-66e6-43f3-a3dc-218554c09834@group-A234537C4734-SegmentedRaftLogWorker] INFO  segmented.SegmentedRaftLogWorker (SegmentedRaftLogWorker.java:run(347)) - 9f9ca560-66e6-43f3-a3dc-218554c09834@group-A234537C4734-SegmentedRaftLogWorker was interrupted, exiting. There are 0 tasks remaining in the queue.
2023-02-17 01:32:30,330 [9f9ca560-66e6-43f3-a3dc-218554c09834@group-CFE66E6C93F0-SegmentedRaftLogWorker] INFO  segmented.SegmentedRaftLogWorker (SegmentedRaftLogWorker.java:run(347)) - 9f9ca560-66e6-43f3-a3dc-218554c09834@group-CFE66E6C93F0-SegmentedRaftLogWorker was interrupted, exiting. There are 0 tasks remaining in the queue.
2023-02-17 01:32:30,330 [90b5d626-740c-4e6b-9ad1-03df535f3e79-impl-thread3] INFO  server.RaftServer$Division (ServerState.java:close(466)) - 90b5d626-740c-4e6b-9ad1-03df535f3e79@group-CFE66E6C93F0: closes. applyIndex: 3
2023-02-17 01:32:30,330 [90b5d626-740c-4e6b-9ad1-03df535f3e79@group-CFE66E6C93F0-SegmentedRaftLogWorker] INFO  segmented.SegmentedRaftLogWorker (SegmentedRaftLogWorker.java:run(347)) - 90b5d626-740c-4e6b-9ad1-03df535f3e79@group-CFE66E6C93F0-SegmentedRaftLogWorker was interrupted, exiting. There are 0 tasks remaining in the queue.
2023-02-17 01:32:30,337 [90b5d626-740c-4e6b-9ad1-03df535f3e79-impl-thread2] INFO  segmented.SegmentedRaftLogWorker (SegmentedRaftLogWorker.java:close(257)) - 90b5d626-740c-4e6b-9ad1-03df535f3e79@group-5DFE29AA0311-SegmentedRaftLogWorker close()
2023-02-17 01:32:30,337 [90b5d626-740c-4e6b-9ad1-03df535f3e79-impl-thread1] INFO  segmented.SegmentedRaftLogWorker (SegmentedRaftLogWorker.java:close(257)) - 90b5d626-740c-4e6b-9ad1-03df535f3e79@group-A234537C4734-SegmentedRaftLogWorker close()
2023-02-17 01:32:30,337 [9f9ca560-66e6-43f3-a3dc-218554c09834-impl-thread2] INFO  segmented.SegmentedRaftLogWorker (SegmentedRaftLogWorker.java:close(257)) - 9f9ca560-66e6-43f3-a3dc-218554c09834@group-A234537C4734-SegmentedRaftLogWorker close()
2023-02-17 01:32:30,338 [9f9ca560-66e6-43f3-a3dc-218554c09834-impl-thread1] INFO  segmented.SegmentedRaftLogWorker (SegmentedRaftLogWorker.java:close(257)) - 9f9ca560-66e6-43f3-a3dc-218554c09834@group-32EF4DB1718C-SegmentedRaftLogWorker close()
2023-02-17 01:32:30,337 [90b5d626-740c-4e6b-9ad1-03df535f3e79-impl-thread3] INFO  segmented.SegmentedRaftLogWorker (SegmentedRaftLogWorker.java:close(257)) - 90b5d626-740c-4e6b-9ad1-03df535f3e79@group-CFE66E6C93F0-SegmentedRaftLogWorker close()
2023-02-17 01:32:30,338 [9f9ca560-66e6-43f3-a3dc-218554c09834-impl-thread3] INFO  segmented.SegmentedRaftLogWorker (SegmentedRaftLogWorker.java:close(257)) - 9f9ca560-66e6-43f3-a3dc-218554c09834@group-CFE66E6C93F0-SegmentedRaftLogWorker close()
2023-02-17 01:32:30,341 [JvmPauseMonitor2] INFO  util.JvmPauseMonitor (JvmPauseMonitor.java:run(111)) - JvmPauseMonitor-90b5d626-740c-4e6b-9ad1-03df535f3e79: Stopped
2023-02-17 01:32:30,343 [JvmPauseMonitor3] INFO  util.JvmPauseMonitor (JvmPauseMonitor.java:run(111)) - JvmPauseMonitor-9f9ca560-66e6-43f3-a3dc-218554c09834: Stopped
2023-02-17 01:32:32,374 [Listener at 127.0.0.1/36463] INFO  volume.HddsVolume (HddsVolume.java:closeDbStore(362)) - SchemaV3 db is stopped at /home/runner/work/ozone/ozone/hadoop-ozone/integration-test/target/test-dir/MiniOzoneClusterImpl-699c85d0-1a2e-49ef-96e2-8d5cf650a041/datanode-2/data-0/containers/hdds/699c85d0-1a2e-49ef-96e2-8d5cf650a041/DS-08f2c79b-fde5-4cbb-b621-df7ff466c39c/container.db for volume DS-08f2c79b-fde5-4cbb-b621-df7ff466c39c
2023-02-17 01:32:32,374 [Listener at 127.0.0.1/36463] INFO  utils.BackgroundService (BackgroundService.java:shutdown(141)) - Shutting down service BlockDeletingService
2023-02-17 01:32:32,374 [Listener at 127.0.0.1/36463] INFO  utils.BackgroundService (BackgroundService.java:shutdown(141)) - Shutting down service StaleRecoveringContainerScrubbingService
2023-02-17 01:32:32,376 [ForkJoinPool.commonPool-worker-0] INFO  volume.HddsVolume (HddsVolume.java:closeDbStore(362)) - SchemaV3 db is stopped at /home/runner/work/ozone/ozone/hadoop-ozone/integration-test/target/test-dir/MiniOzoneClusterImpl-699c85d0-1a2e-49ef-96e2-8d5cf650a041/datanode-1/data-0/containers/hdds/699c85d0-1a2e-49ef-96e2-8d5cf650a041/DS-60a6b6c5-635b-49f4-b067-10ed1da79320/container.db for volume DS-60a6b6c5-635b-49f4-b067-10ed1da79320
2023-02-17 01:32:32,377 [ForkJoinPool.commonPool-worker-0] INFO  utils.BackgroundService (BackgroundService.java:shutdown(141)) - Shutting down service BlockDeletingService
2023-02-17 01:32:32,377 [Listener at 127.0.0.1/36463] INFO  statemachine.DatanodeStateMachine (DatanodeStateMachine.java:stopDaemon(600)) - Ozone container server stopped.
2023-02-17 01:32:32,381 [ForkJoinPool.commonPool-worker-0] INFO  utils.BackgroundService (BackgroundService.java:shutdown(141)) - Shutting down service StaleRecoveringContainerScrubbingService
2023-02-17 01:32:32,383 [ForkJoinPool.commonPool-worker-0] INFO  statemachine.DatanodeStateMachine (DatanodeStateMachine.java:stopDaemon(600)) - Ozone container server stopped.
2023-02-17 01:32:32,387 [Listener at 127.0.0.1/36463] INFO  handler.ContextHandler (ContextHandler.java:doStop(1159)) - Stopped o.e.j.w.WebAppContext@2ce56d1c{hddsDatanode,/,null,STOPPED}{jar:file:/home/runner/.m2/repository/org/apache/ozone/hdds-container-service/1.4.0-SNAPSHOT/hdds-container-service-1.4.0-SNAPSHOT.jar!/webapps/hddsDatanode}
2023-02-17 01:32:32,387 [Listener at 127.0.0.1/36463] INFO  server.AbstractConnector (AbstractConnector.java:doStop(383)) - Stopped ServerConnector@69ec3204{HTTP/1.1, (http/1.1)}{0.0.0.0:0}
2023-02-17 01:32:32,388 [Listener at 127.0.0.1/36463] INFO  server.session (HouseKeeper.java:stopScavenging(149)) - node0 Stopped scavenging
2023-02-17 01:32:32,388 [Listener at 127.0.0.1/36463] INFO  handler.ContextHandler (ContextHandler.java:doStop(1159)) - Stopped o.e.j.s.ServletContextHandler@30bffa35{static,/static,jar:file:/home/runner/.m2/repository/org/apache/ozone/hdds-container-service/1.4.0-SNAPSHOT/hdds-container-service-1.4.0-SNAPSHOT.jar!/webapps/static,STOPPED}
2023-02-17 01:32:32,388 [Listener at 127.0.0.1/36463] INFO  handler.ContextHandler (ContextHandler.java:doStop(1159)) - Stopped o.e.j.s.ServletContextHandler@52e27305{logs,/logs,file:///home/runner/work/ozone/ozone/hadoop-ozone/integration-test/target/log,STOPPED}
2023-02-17 01:32:32,391 [Listener at 127.0.0.1/36463] INFO  ozoneimpl.OzoneContainer (OzoneContainer.java:stop(420)) - Attempting to stop container services.
2023-02-17 01:32:32,392 [Listener at 127.0.0.1/36463] INFO  server.RaftServer (RaftServerProxy.java:lambda$close$6(409)) - b89e5d3c-4eef-45e0-ba5c-9f890042010d: close
2023-02-17 01:32:32,392 [b89e5d3c-4eef-45e0-ba5c-9f890042010d-impl-thread1] INFO  server.RaftServer$Division (RaftServerImpl.java:lambda$close$4(458)) - b89e5d3c-4eef-45e0-ba5c-9f890042010d@group-574030753AE2: shutdown
2023-02-17 01:32:32,392 [b89e5d3c-4eef-45e0-ba5c-9f890042010d-impl-thread1] INFO  util.JmxRegister (JmxRegister.java:unregister(73)) - Successfully un-registered JMX Bean with object name Ratis:service=RaftServer,group=group-574030753AE2,id=b89e5d3c-4eef-45e0-ba5c-9f890042010d
2023-02-17 01:32:32,392 [b89e5d3c-4eef-45e0-ba5c-9f890042010d-impl-thread1] INFO  impl.RoleInfo (RoleInfo.java:shutdownLeaderState(93)) - b89e5d3c-4eef-45e0-ba5c-9f890042010d: shutdown b89e5d3c-4eef-45e0-ba5c-9f890042010d@group-574030753AE2-LeaderStateImpl
2023-02-17 01:32:32,392 [b89e5d3c-4eef-45e0-ba5c-9f890042010d-impl-thread1] INFO  impl.PendingRequests (PendingRequests.java:sendNotLeaderResponses(282)) - b89e5d3c-4eef-45e0-ba5c-9f890042010d@group-574030753AE2-PendingRequests: sendNotLeaderResponses
2023-02-17 01:32:32,392 [b89e5d3c-4eef-45e0-ba5c-9f890042010d-impl-thread1] INFO  impl.StateMachineUpdater (StateMachineUpdater.java:stopAndJoin(153)) - b89e5d3c-4eef-45e0-ba5c-9f890042010d@group-574030753AE2-StateMachineUpdater: set stopIndex = 0
2023-02-17 01:32:32,392 [b89e5d3c-4eef-45e0-ba5c-9f890042010d@group-574030753AE2-StateMachineUpdater] INFO  ratis.ContainerStateMachine (ContainerStateMachine.java:takeSnapshot(308)) - group-574030753AE2: Taking a snapshot at:(t:1, i:0) file /home/runner/work/ozone/ozone/hadoop-ozone/integration-test/target/test-dir/MiniOzoneClusterImpl-699c85d0-1a2e-49ef-96e2-8d5cf650a041/datanode-4/data/ratis/b6590e57-44cc-4d3c-a429-574030753ae2/sm/snapshot.1_0
2023-02-17 01:32:32,393 [Listener at 127.0.0.1/36463] INFO  server.GrpcService (GrpcService.java:closeImpl(271)) - b89e5d3c-4eef-45e0-ba5c-9f890042010d: shutdown server GrpcServerProtocolService now
2023-02-17 01:32:32,393 [Listener at 127.0.0.1/36463] INFO  server.GrpcService (GrpcService.java:closeImpl(280)) - b89e5d3c-4eef-45e0-ba5c-9f890042010d: shutdown server GrpcServerProtocolService successfully
2023-02-17 01:32:32,394 [b89e5d3c-4eef-45e0-ba5c-9f890042010d-NettyServerStreamRpc-bossGroup--thread1] INFO  logging.LoggingHandler (AbstractInternalLogger.java:log(148)) - [id: 0x7141fdd2, L:/0:0:0:0:0:0:0:0:42187] CLOSE
2023-02-17 01:32:32,394 [b89e5d3c-4eef-45e0-ba5c-9f890042010d@group-574030753AE2-StateMachineUpdater] INFO  ratis.ContainerStateMachine (ContainerStateMachine.java:takeSnapshot(319)) - group-574030753AE2: Finished taking a snapshot at:(t:1, i:0) file:/home/runner/work/ozone/ozone/hadoop-ozone/integration-test/target/test-dir/MiniOzoneClusterImpl-699c85d0-1a2e-49ef-96e2-8d5cf650a041/datanode-4/data/ratis/b6590e57-44cc-4d3c-a429-574030753ae2/sm/snapshot.1_0 took: 2 ms
2023-02-17 01:32:32,394 [b89e5d3c-4eef-45e0-ba5c-9f890042010d-NettyServerStreamRpc-bossGroup--thread1] INFO  logging.LoggingHandler (AbstractInternalLogger.java:log(148)) - [id: 0x7141fdd2, L:/0:0:0:0:0:0:0:0:42187] INACTIVE
2023-02-17 01:32:32,394 [b89e5d3c-4eef-45e0-ba5c-9f890042010d-NettyServerStreamRpc-bossGroup--thread1] INFO  logging.LoggingHandler (AbstractInternalLogger.java:log(148)) - [id: 0x7141fdd2, L:/0:0:0:0:0:0:0:0:42187] UNREGISTERED
2023-02-17 01:32:32,394 [b89e5d3c-4eef-45e0-ba5c-9f890042010d@group-574030753AE2-StateMachineUpdater] INFO  impl.StateMachineUpdater (StateMachineUpdater.java:takeSnapshot(287)) - b89e5d3c-4eef-45e0-ba5c-9f890042010d@group-574030753AE2-StateMachineUpdater: Took a snapshot at index 0
2023-02-17 01:32:32,394 [b89e5d3c-4eef-45e0-ba5c-9f890042010d@group-574030753AE2-StateMachineUpdater] INFO  impl.StateMachineUpdater (StateMachineUpdater.java:lambda$new$0(92)) - b89e5d3c-4eef-45e0-ba5c-9f890042010d@group-574030753AE2-StateMachineUpdater: snapshotIndex: updateIncreasingly -1 -> 0
2023-02-17 01:32:32,395 [b89e5d3c-4eef-45e0-ba5c-9f890042010d-impl-thread1] INFO  server.RaftServer$Division (ServerState.java:close(466)) - b89e5d3c-4eef-45e0-ba5c-9f890042010d@group-574030753AE2: closes. applyIndex: 0
2023-02-17 01:32:32,395 [b89e5d3c-4eef-45e0-ba5c-9f890042010d@group-574030753AE2-SegmentedRaftLogWorker] INFO  segmented.SegmentedRaftLogWorker (SegmentedRaftLogWorker.java:run(347)) - b89e5d3c-4eef-45e0-ba5c-9f890042010d@group-574030753AE2-SegmentedRaftLogWorker was interrupted, exiting. There are 0 tasks remaining in the queue.
2023-02-17 01:32:32,395 [b89e5d3c-4eef-45e0-ba5c-9f890042010d-impl-thread1] INFO  segmented.SegmentedRaftLogWorker (SegmentedRaftLogWorker.java:close(257)) - b89e5d3c-4eef-45e0-ba5c-9f890042010d@group-574030753AE2-SegmentedRaftLogWorker close()
2023-02-17 01:32:32,413 [JvmPauseMonitor5] INFO  util.JvmPauseMonitor (JvmPauseMonitor.java:run(111)) - JvmPauseMonitor-b89e5d3c-4eef-45e0-ba5c-9f890042010d: Stopped
2023-02-17 01:32:32,416 [ForkJoinPool.commonPool-worker-0] INFO  handler.ContextHandler (ContextHandler.java:doStop(1159)) - Stopped o.e.j.w.WebAppContext@5c7ad877{hddsDatanode,/,null,STOPPED}{jar:file:/home/runner/.m2/repository/org/apache/ozone/hdds-container-service/1.4.0-SNAPSHOT/hdds-container-service-1.4.0-SNAPSHOT.jar!/webapps/hddsDatanode}
2023-02-17 01:32:32,417 [ForkJoinPool.commonPool-worker-0] INFO  server.AbstractConnector (AbstractConnector.java:doStop(383)) - Stopped ServerConnector@365a82c6{HTTP/1.1, (http/1.1)}{0.0.0.0:0}
2023-02-17 01:32:32,417 [ForkJoinPool.commonPool-worker-0] INFO  server.session (HouseKeeper.java:stopScavenging(149)) - node0 Stopped scavenging
2023-02-17 01:32:32,418 [ForkJoinPool.commonPool-worker-0] INFO  handler.ContextHandler (ContextHandler.java:doStop(1159)) - Stopped o.e.j.s.ServletContextHandler@f9b0bfb{static,/static,jar:file:/home/runner/.m2/repository/org/apache/ozone/hdds-container-service/1.4.0-SNAPSHOT/hdds-container-service-1.4.0-SNAPSHOT.jar!/webapps/static,STOPPED}
2023-02-17 01:32:32,419 [ForkJoinPool.commonPool-worker-0] INFO  handler.ContextHandler (ContextHandler.java:doStop(1159)) - Stopped o.e.j.s.ServletContextHandler@617f624b{logs,/logs,file:///home/runner/work/ozone/ozone/hadoop-ozone/integration-test/target/log,STOPPED}
2023-02-17 01:32:32,422 [ForkJoinPool.commonPool-worker-0] INFO  ozoneimpl.OzoneContainer (OzoneContainer.java:stop(420)) - Attempting to stop container services.
2023-02-17 01:32:32,423 [ForkJoinPool.commonPool-worker-0] INFO  server.RaftServer (RaftServerProxy.java:lambda$close$6(409)) - b2981eac-b4c3-4266-a3be-ebd453a2e2b7: close
2023-02-17 01:32:32,423 [b2981eac-b4c3-4266-a3be-ebd453a2e2b7-impl-thread1] INFO  server.RaftServer$Division (RaftServerImpl.java:lambda$close$4(458)) - b2981eac-b4c3-4266-a3be-ebd453a2e2b7@group-A234537C4734: shutdown
2023-02-17 01:32:32,423 [b2981eac-b4c3-4266-a3be-ebd453a2e2b7-impl-thread1] INFO  util.JmxRegister (JmxRegister.java:unregister(73)) - Successfully un-registered JMX Bean with object name Ratis:service=RaftServer,group=group-A234537C4734,id=b2981eac-b4c3-4266-a3be-ebd453a2e2b7
2023-02-17 01:32:32,423 [b2981eac-b4c3-4266-a3be-ebd453a2e2b7-impl-thread1] INFO  impl.RoleInfo (RoleInfo.java:shutdownFollowerState(110)) - b2981eac-b4c3-4266-a3be-ebd453a2e2b7: shutdown b2981eac-b4c3-4266-a3be-ebd453a2e2b7@group-A234537C4734-FollowerState
2023-02-17 01:32:32,423 [b2981eac-b4c3-4266-a3be-ebd453a2e2b7-impl-thread1] INFO  impl.StateMachineUpdater (StateMachineUpdater.java:stopAndJoin(153)) - b2981eac-b4c3-4266-a3be-ebd453a2e2b7@group-A234537C4734-StateMachineUpdater: set stopIndex = 6
2023-02-17 01:32:32,423 [b2981eac-b4c3-4266-a3be-ebd453a2e2b7@group-A234537C4734-FollowerState] INFO  impl.FollowerState (FollowerState.java:run(152)) - b2981eac-b4c3-4266-a3be-ebd453a2e2b7@group-A234537C4734-FollowerState was interrupted
2023-02-17 01:32:32,424 [b2981eac-b4c3-4266-a3be-ebd453a2e2b7@group-A234537C4734-StateMachineUpdater] INFO  ratis.ContainerStateMachine (ContainerStateMachine.java:takeSnapshot(308)) - group-A234537C4734: Taking a snapshot at:(t:1, i:6) file /home/runner/work/ozone/ozone/hadoop-ozone/integration-test/target/test-dir/MiniOzoneClusterImpl-699c85d0-1a2e-49ef-96e2-8d5cf650a041/datanode-0/data/ratis/e9959d7e-43ed-40c8-b667-a234537c4734/sm/snapshot.1_6
2023-02-17 01:32:32,424 [b2981eac-b4c3-4266-a3be-ebd453a2e2b7-impl-thread2] INFO  server.RaftServer$Division (RaftServerImpl.java:lambda$close$4(458)) - b2981eac-b4c3-4266-a3be-ebd453a2e2b7@group-CFE66E6C93F0: shutdown
2023-02-17 01:32:32,424 [b2981eac-b4c3-4266-a3be-ebd453a2e2b7-impl-thread2] INFO  util.JmxRegister (JmxRegister.java:unregister(73)) - Successfully un-registered JMX Bean with object name Ratis:service=RaftServer,group=group-CFE66E6C93F0,id=b2981eac-b4c3-4266-a3be-ebd453a2e2b7
2023-02-17 01:32:32,424 [b2981eac-b4c3-4266-a3be-ebd453a2e2b7-impl-thread2] INFO  impl.RoleInfo (RoleInfo.java:shutdownFollowerState(110)) - b2981eac-b4c3-4266-a3be-ebd453a2e2b7: shutdown b2981eac-b4c3-4266-a3be-ebd453a2e2b7@group-CFE66E6C93F0-FollowerState
2023-02-17 01:32:32,425 [b2981eac-b4c3-4266-a3be-ebd453a2e2b7@group-A234537C4734-StateMachineUpdater] INFO  ratis.ContainerStateMachine (ContainerStateMachine.java:takeSnapshot(319)) - group-A234537C4734: Finished taking a snapshot at:(t:1, i:6) file:/home/runner/work/ozone/ozone/hadoop-ozone/integration-test/target/test-dir/MiniOzoneClusterImpl-699c85d0-1a2e-49ef-96e2-8d5cf650a041/datanode-0/data/ratis/e9959d7e-43ed-40c8-b667-a234537c4734/sm/snapshot.1_6 took: 1 ms
2023-02-17 01:32:32,425 [b2981eac-b4c3-4266-a3be-ebd453a2e2b7@group-A234537C4734-StateMachineUpdater] INFO  impl.StateMachineUpdater (StateMachineUpdater.java:takeSnapshot(287)) - b2981eac-b4c3-4266-a3be-ebd453a2e2b7@group-A234537C4734-StateMachineUpdater: Took a snapshot at index 6
2023-02-17 01:32:32,425 [b2981eac-b4c3-4266-a3be-ebd453a2e2b7@group-A234537C4734-StateMachineUpdater] INFO  impl.StateMachineUpdater (StateMachineUpdater.java:lambda$new$0(92)) - b2981eac-b4c3-4266-a3be-ebd453a2e2b7@group-A234537C4734-StateMachineUpdater: snapshotIndex: updateIncreasingly -1 -> 6
2023-02-17 01:32:32,425 [ForkJoinPool.commonPool-worker-0] INFO  server.GrpcService (GrpcService.java:closeImpl(271)) - b2981eac-b4c3-4266-a3be-ebd453a2e2b7: shutdown server GrpcServerProtocolService now
2023-02-17 01:32:32,425 [b2981eac-b4c3-4266-a3be-ebd453a2e2b7@group-CFE66E6C93F0-StateMachineUpdater] INFO  ratis.ContainerStateMachine (ContainerStateMachine.java:takeSnapshot(308)) - group-CFE66E6C93F0: Taking a snapshot at:(t:1, i:2) file /home/runner/work/ozone/ozone/hadoop-ozone/integration-test/target/test-dir/MiniOzoneClusterImpl-699c85d0-1a2e-49ef-96e2-8d5cf650a041/datanode-0/data/ratis/f7298cde-bae2-4f16-aa73-cfe66e6c93f0/sm/snapshot.1_2
2023-02-17 01:32:32,425 [b2981eac-b4c3-4266-a3be-ebd453a2e2b7-impl-thread3] INFO  server.RaftServer$Division (RaftServerImpl.java:lambda$close$4(458)) - b2981eac-b4c3-4266-a3be-ebd453a2e2b7@group-B44390472305: shutdown
2023-02-17 01:32:32,426 [b2981eac-b4c3-4266-a3be-ebd453a2e2b7-impl-thread1] INFO  server.RaftServer$Division (ServerState.java:close(466)) - b2981eac-b4c3-4266-a3be-ebd453a2e2b7@group-A234537C4734: closes. applyIndex: 6
2023-02-17 01:32:32,426 [b2981eac-b4c3-4266-a3be-ebd453a2e2b7@group-A234537C4734-SegmentedRaftLogWorker] INFO  segmented.SegmentedRaftLogWorker (SegmentedRaftLogWorker.java:run(347)) - b2981eac-b4c3-4266-a3be-ebd453a2e2b7@group-A234537C4734-SegmentedRaftLogWorker was interrupted, exiting. There are 0 tasks remaining in the queue.
2023-02-17 01:32:32,425 [b2981eac-b4c3-4266-a3be-ebd453a2e2b7@group-CFE66E6C93F0-FollowerState] INFO  impl.FollowerState (FollowerState.java:run(152)) - b2981eac-b4c3-4266-a3be-ebd453a2e2b7@group-CFE66E6C93F0-FollowerState was interrupted
2023-02-17 01:32:32,426 [b2981eac-b4c3-4266-a3be-ebd453a2e2b7-impl-thread3] INFO  util.JmxRegister (JmxRegister.java:unregister(73)) - Successfully un-registered JMX Bean with object name Ratis:service=RaftServer,group=group-B44390472305,id=b2981eac-b4c3-4266-a3be-ebd453a2e2b7
2023-02-17 01:32:32,427 [b2981eac-b4c3-4266-a3be-ebd453a2e2b7-impl-thread3] INFO  impl.RoleInfo (RoleInfo.java:shutdownLeaderState(93)) - b2981eac-b4c3-4266-a3be-ebd453a2e2b7: shutdown b2981eac-b4c3-4266-a3be-ebd453a2e2b7@group-B44390472305-LeaderStateImpl
2023-02-17 01:32:32,425 [b2981eac-b4c3-4266-a3be-ebd453a2e2b7-impl-thread2] INFO  impl.StateMachineUpdater (StateMachineUpdater.java:stopAndJoin(153)) - b2981eac-b4c3-4266-a3be-ebd453a2e2b7@group-CFE66E6C93F0-StateMachineUpdater: set stopIndex = 2
2023-02-17 01:32:32,428 [b2981eac-b4c3-4266-a3be-ebd453a2e2b7-impl-thread3] INFO  impl.PendingRequests (PendingRequests.java:sendNotLeaderResponses(282)) - b2981eac-b4c3-4266-a3be-ebd453a2e2b7@group-B44390472305-PendingRequests: sendNotLeaderResponses
2023-02-17 01:32:32,427 [b2981eac-b4c3-4266-a3be-ebd453a2e2b7@group-CFE66E6C93F0-StateMachineUpdater] INFO  ratis.ContainerStateMachine (ContainerStateMachine.java:takeSnapshot(319)) - group-CFE66E6C93F0: Finished taking a snapshot at:(t:1, i:2) file:/home/runner/work/ozone/ozone/hadoop-ozone/integration-test/target/test-dir/MiniOzoneClusterImpl-699c85d0-1a2e-49ef-96e2-8d5cf650a041/datanode-0/data/ratis/f7298cde-bae2-4f16-aa73-cfe66e6c93f0/sm/snapshot.1_2 took: 2 ms
2023-02-17 01:32:32,429 [b2981eac-b4c3-4266-a3be-ebd453a2e2b7@group-CFE66E6C93F0-StateMachineUpdater] INFO  impl.StateMachineUpdater (StateMachineUpdater.java:takeSnapshot(287)) - b2981eac-b4c3-4266-a3be-ebd453a2e2b7@group-CFE66E6C93F0-StateMachineUpdater: Took a snapshot at index 2
2023-02-17 01:32:32,429 [b2981eac-b4c3-4266-a3be-ebd453a2e2b7-impl-thread3] INFO  impl.StateMachineUpdater (StateMachineUpdater.java:stopAndJoin(153)) - b2981eac-b4c3-4266-a3be-ebd453a2e2b7@group-B44390472305-StateMachineUpdater: set stopIndex = 0
2023-02-17 01:32:32,427 [ForkJoinPool.commonPool-worker-0] INFO  server.GrpcServerProtocolClient (GrpcServerProtocolClient.java:close(101)) - 90b5d626-740c-4e6b-9ad1-03df535f3e79 Close channels
2023-02-17 01:32:32,429 [b2981eac-b4c3-4266-a3be-ebd453a2e2b7@group-B44390472305-StateMachineUpdater] INFO  ratis.ContainerStateMachine (ContainerStateMachine.java:takeSnapshot(308)) - group-B44390472305: Taking a snapshot at:(t:1, i:0) file /home/runner/work/ozone/ozone/hadoop-ozone/integration-test/target/test-dir/MiniOzoneClusterImpl-699c85d0-1a2e-49ef-96e2-8d5cf650a041/datanode-0/data/ratis/7da80e71-5aa3-4f50-bf40-b44390472305/sm/snapshot.1_0
2023-02-17 01:32:32,426 [b2981eac-b4c3-4266-a3be-ebd453a2e2b7-impl-thread1] INFO  segmented.SegmentedRaftLogWorker (SegmentedRaftLogWorker.java:close(257)) - b2981eac-b4c3-4266-a3be-ebd453a2e2b7@group-A234537C4734-SegmentedRaftLogWorker close()
2023-02-17 01:32:32,429 [b2981eac-b4c3-4266-a3be-ebd453a2e2b7@group-CFE66E6C93F0-StateMachineUpdater] INFO  impl.StateMachineUpdater (StateMachineUpdater.java:lambda$new$0(92)) - b2981eac-b4c3-4266-a3be-ebd453a2e2b7@group-CFE66E6C93F0-StateMachineUpdater: snapshotIndex: updateIncreasingly -1 -> 2
2023-02-17 01:32:32,430 [b2981eac-b4c3-4266-a3be-ebd453a2e2b7@group-B44390472305-StateMachineUpdater] INFO  ratis.ContainerStateMachine (ContainerStateMachine.java:takeSnapshot(319)) - group-B44390472305: Finished taking a snapshot at:(t:1, i:0) file:/home/runner/work/ozone/ozone/hadoop-ozone/integration-test/target/test-dir/MiniOzoneClusterImpl-699c85d0-1a2e-49ef-96e2-8d5cf650a041/datanode-0/data/ratis/7da80e71-5aa3-4f50-bf40-b44390472305/sm/snapshot.1_0 took: 1 ms
2023-02-17 01:32:32,430 [b2981eac-b4c3-4266-a3be-ebd453a2e2b7@group-B44390472305-StateMachineUpdater] INFO  impl.StateMachineUpdater (StateMachineUpdater.java:takeSnapshot(287)) - b2981eac-b4c3-4266-a3be-ebd453a2e2b7@group-B44390472305-StateMachineUpdater: Took a snapshot at index 0
2023-02-17 01:32:32,430 [b2981eac-b4c3-4266-a3be-ebd453a2e2b7@group-B44390472305-StateMachineUpdater] INFO  impl.StateMachineUpdater (StateMachineUpdater.java:lambda$new$0(92)) - b2981eac-b4c3-4266-a3be-ebd453a2e2b7@group-B44390472305-StateMachineUpdater: snapshotIndex: updateIncreasingly -1 -> 0
2023-02-17 01:32:32,430 [b2981eac-b4c3-4266-a3be-ebd453a2e2b7-impl-thread3] INFO  server.RaftServer$Division (ServerState.java:close(466)) - b2981eac-b4c3-4266-a3be-ebd453a2e2b7@group-B44390472305: closes. applyIndex: 0
2023-02-17 01:32:32,430 [b2981eac-b4c3-4266-a3be-ebd453a2e2b7-impl-thread2] INFO  server.RaftServer$Division (ServerState.java:close(466)) - b2981eac-b4c3-4266-a3be-ebd453a2e2b7@group-CFE66E6C93F0: closes. applyIndex: 2
2023-02-17 01:32:32,430 [b2981eac-b4c3-4266-a3be-ebd453a2e2b7@group-B44390472305-SegmentedRaftLogWorker] INFO  segmented.SegmentedRaftLogWorker (SegmentedRaftLogWorker.java:run(347)) - b2981eac-b4c3-4266-a3be-ebd453a2e2b7@group-B44390472305-SegmentedRaftLogWorker was interrupted, exiting. There are 0 tasks remaining in the queue.
2023-02-17 01:32:32,430 [b2981eac-b4c3-4266-a3be-ebd453a2e2b7@group-CFE66E6C93F0-SegmentedRaftLogWorker] INFO  segmented.SegmentedRaftLogWorker (SegmentedRaftLogWorker.java:run(347)) - b2981eac-b4c3-4266-a3be-ebd453a2e2b7@group-CFE66E6C93F0-SegmentedRaftLogWorker was interrupted, exiting. There are 0 tasks remaining in the queue.
2023-02-17 01:32:32,430 [b2981eac-b4c3-4266-a3be-ebd453a2e2b7-impl-thread3] INFO  segmented.SegmentedRaftLogWorker (SegmentedRaftLogWorker.java:close(257)) - b2981eac-b4c3-4266-a3be-ebd453a2e2b7@group-B44390472305-SegmentedRaftLogWorker close()
2023-02-17 01:32:32,430 [b2981eac-b4c3-4266-a3be-ebd453a2e2b7-impl-thread2] INFO  segmented.SegmentedRaftLogWorker (SegmentedRaftLogWorker.java:close(257)) - b2981eac-b4c3-4266-a3be-ebd453a2e2b7@group-CFE66E6C93F0-SegmentedRaftLogWorker close()
2023-02-17 01:32:32,432 [ForkJoinPool.commonPool-worker-0] INFO  server.GrpcServerProtocolClient (GrpcServerProtocolClient.java:close(101)) - 9f9ca560-66e6-43f3-a3dc-218554c09834 Close channels
2023-02-17 01:32:32,432 [ForkJoinPool.commonPool-worker-0] INFO  server.GrpcService (GrpcService.java:closeImpl(280)) - b2981eac-b4c3-4266-a3be-ebd453a2e2b7: shutdown server GrpcServerProtocolService successfully
2023-02-17 01:32:32,432 [b2981eac-b4c3-4266-a3be-ebd453a2e2b7-NettyServerStreamRpc-bossGroup--thread1] INFO  logging.LoggingHandler (AbstractInternalLogger.java:log(148)) - [id: 0x7ee57609, L:/0:0:0:0:0:0:0:0:41231] CLOSE
2023-02-17 01:32:32,433 [b2981eac-b4c3-4266-a3be-ebd453a2e2b7-NettyServerStreamRpc-bossGroup--thread1] INFO  logging.LoggingHandler (AbstractInternalLogger.java:log(148)) - [id: 0x7ee57609, L:/0:0:0:0:0:0:0:0:41231] INACTIVE
2023-02-17 01:32:32,433 [b2981eac-b4c3-4266-a3be-ebd453a2e2b7-NettyServerStreamRpc-bossGroup--thread1] INFO  logging.LoggingHandler (AbstractInternalLogger.java:log(148)) - [id: 0x7ee57609, L:/0:0:0:0:0:0:0:0:41231] UNREGISTERED
2023-02-17 01:32:32,442 [JvmPauseMonitor1] INFO  util.JvmPauseMonitor (JvmPauseMonitor.java:run(111)) - JvmPauseMonitor-b2981eac-b4c3-4266-a3be-ebd453a2e2b7: Stopped
2023-02-17 01:32:34,418 [Listener at 127.0.0.1/36463] INFO  volume.HddsVolume (HddsVolume.java:closeDbStore(362)) - SchemaV3 db is stopped at /home/runner/work/ozone/ozone/hadoop-ozone/integration-test/target/test-dir/MiniOzoneClusterImpl-699c85d0-1a2e-49ef-96e2-8d5cf650a041/datanode-4/data-0/containers/hdds/699c85d0-1a2e-49ef-96e2-8d5cf650a041/DS-302b225f-d27f-4bbc-a4de-9f55e1b7eedb/container.db for volume DS-302b225f-d27f-4bbc-a4de-9f55e1b7eedb
2023-02-17 01:32:34,419 [Listener at 127.0.0.1/36463] INFO  utils.BackgroundService (BackgroundService.java:shutdown(141)) - Shutting down service BlockDeletingService
2023-02-17 01:32:34,419 [Listener at 127.0.0.1/36463] INFO  utils.BackgroundService (BackgroundService.java:shutdown(141)) - Shutting down service StaleRecoveringContainerScrubbingService
2023-02-17 01:32:34,420 [Listener at 127.0.0.1/36463] INFO  statemachine.DatanodeStateMachine (DatanodeStateMachine.java:stopDaemon(600)) - Ozone container server stopped.
2023-02-17 01:32:34,428 [Listener at 127.0.0.1/36463] INFO  handler.ContextHandler (ContextHandler.java:doStop(1159)) - Stopped o.e.j.w.WebAppContext@2a19df5a{hddsDatanode,/,null,STOPPED}{jar:file:/home/runner/.m2/repository/org/apache/ozone/hdds-container-service/1.4.0-SNAPSHOT/hdds-container-service-1.4.0-SNAPSHOT.jar!/webapps/hddsDatanode}
2023-02-17 01:32:34,430 [Listener at 127.0.0.1/36463] INFO  server.AbstractConnector (AbstractConnector.java:doStop(383)) - Stopped ServerConnector@58241679{HTTP/1.1, (http/1.1)}{0.0.0.0:0}
2023-02-17 01:32:34,431 [Listener at 127.0.0.1/36463] INFO  server.session (HouseKeeper.java:stopScavenging(149)) - node0 Stopped scavenging
2023-02-17 01:32:34,431 [Listener at 127.0.0.1/36463] INFO  handler.ContextHandler (ContextHandler.java:doStop(1159)) - Stopped o.e.j.s.ServletContextHandler@7eca07bd{static,/static,jar:file:/home/runner/.m2/repository/org/apache/ozone/hdds-container-service/1.4.0-SNAPSHOT/hdds-container-service-1.4.0-SNAPSHOT.jar!/webapps/static,STOPPED}
2023-02-17 01:32:34,432 [Listener at 127.0.0.1/36463] INFO  handler.ContextHandler (ContextHandler.java:doStop(1159)) - Stopped o.e.j.s.ServletContextHandler@4c7b06f7{logs,/logs,file:///home/runner/work/ozone/ozone/hadoop-ozone/integration-test/target/log,STOPPED}
2023-02-17 01:32:34,436 [Listener at 127.0.0.1/36463] INFO  ozoneimpl.OzoneContainer (OzoneContainer.java:stop(420)) - Attempting to stop container services.
2023-02-17 01:32:34,436 [Listener at 127.0.0.1/36463] INFO  server.RaftServer (RaftServerProxy.java:lambda$close$6(409)) - d782bd41-882b-47e1-953e-397b7991c8ca: close
2023-02-17 01:32:34,437 [d782bd41-882b-47e1-953e-397b7991c8ca-impl-thread1] INFO  server.RaftServer$Division (RaftServerImpl.java:lambda$close$4(458)) - d782bd41-882b-47e1-953e-397b7991c8ca@group-EF535F42268B: shutdown
2023-02-17 01:32:34,437 [d782bd41-882b-47e1-953e-397b7991c8ca-impl-thread1] INFO  util.JmxRegister (JmxRegister.java:unregister(73)) - Successfully un-registered JMX Bean with object name Ratis:service=RaftServer,group=group-EF535F42268B,id=d782bd41-882b-47e1-953e-397b7991c8ca
2023-02-17 01:32:34,437 [d782bd41-882b-47e1-953e-397b7991c8ca-impl-thread1] INFO  impl.RoleInfo (RoleInfo.java:shutdownLeaderState(93)) - d782bd41-882b-47e1-953e-397b7991c8ca: shutdown d782bd41-882b-47e1-953e-397b7991c8ca@group-EF535F42268B-LeaderStateImpl
2023-02-17 01:32:34,437 [d782bd41-882b-47e1-953e-397b7991c8ca-impl-thread1] INFO  impl.PendingRequests (PendingRequests.java:sendNotLeaderResponses(282)) - d782bd41-882b-47e1-953e-397b7991c8ca@group-EF535F42268B-PendingRequests: sendNotLeaderResponses
2023-02-17 01:32:34,437 [d782bd41-882b-47e1-953e-397b7991c8ca-impl-thread1] INFO  impl.StateMachineUpdater (StateMachineUpdater.java:stopAndJoin(153)) - d782bd41-882b-47e1-953e-397b7991c8ca@group-EF535F42268B-StateMachineUpdater: set stopIndex = 0
2023-02-17 01:32:34,437 [Listener at 127.0.0.1/36463] INFO  server.GrpcService (GrpcService.java:closeImpl(271)) - d782bd41-882b-47e1-953e-397b7991c8ca: shutdown server GrpcServerProtocolService now
2023-02-17 01:32:34,437 [d782bd41-882b-47e1-953e-397b7991c8ca@group-EF535F42268B-StateMachineUpdater] INFO  ratis.ContainerStateMachine (ContainerStateMachine.java:takeSnapshot(308)) - group-EF535F42268B: Taking a snapshot at:(t:1, i:0) file /home/runner/work/ozone/ozone/hadoop-ozone/integration-test/target/test-dir/MiniOzoneClusterImpl-699c85d0-1a2e-49ef-96e2-8d5cf650a041/datanode-3/data/ratis/21facdcc-e714-40c9-ba84-ef535f42268b/sm/snapshot.1_0
2023-02-17 01:32:34,439 [d782bd41-882b-47e1-953e-397b7991c8ca@group-EF535F42268B-StateMachineUpdater] INFO  ratis.ContainerStateMachine (ContainerStateMachine.java:takeSnapshot(319)) - group-EF535F42268B: Finished taking a snapshot at:(t:1, i:0) file:/home/runner/work/ozone/ozone/hadoop-ozone/integration-test/target/test-dir/MiniOzoneClusterImpl-699c85d0-1a2e-49ef-96e2-8d5cf650a041/datanode-3/data/ratis/21facdcc-e714-40c9-ba84-ef535f42268b/sm/snapshot.1_0 took: 1 ms
2023-02-17 01:32:34,439 [d782bd41-882b-47e1-953e-397b7991c8ca@group-EF535F42268B-StateMachineUpdater] INFO  impl.StateMachineUpdater (StateMachineUpdater.java:takeSnapshot(287)) - d782bd41-882b-47e1-953e-397b7991c8ca@group-EF535F42268B-StateMachineUpdater: Took a snapshot at index 0
2023-02-17 01:32:34,439 [d782bd41-882b-47e1-953e-397b7991c8ca@group-EF535F42268B-StateMachineUpdater] INFO  impl.StateMachineUpdater (StateMachineUpdater.java:lambda$new$0(92)) - d782bd41-882b-47e1-953e-397b7991c8ca@group-EF535F42268B-StateMachineUpdater: snapshotIndex: updateIncreasingly -1 -> 0
2023-02-17 01:32:34,439 [d782bd41-882b-47e1-953e-397b7991c8ca-impl-thread1] INFO  server.RaftServer$Division (ServerState.java:close(466)) - d782bd41-882b-47e1-953e-397b7991c8ca@group-EF535F42268B: closes. applyIndex: 0
2023-02-17 01:32:34,439 [d782bd41-882b-47e1-953e-397b7991c8ca@group-EF535F42268B-SegmentedRaftLogWorker] INFO  segmented.SegmentedRaftLogWorker (SegmentedRaftLogWorker.java:run(347)) - d782bd41-882b-47e1-953e-397b7991c8ca@group-EF535F42268B-SegmentedRaftLogWorker was interrupted, exiting. There are 0 tasks remaining in the queue.
2023-02-17 01:32:34,439 [d782bd41-882b-47e1-953e-397b7991c8ca-impl-thread1] INFO  segmented.SegmentedRaftLogWorker (SegmentedRaftLogWorker.java:close(257)) - d782bd41-882b-47e1-953e-397b7991c8ca@group-EF535F42268B-SegmentedRaftLogWorker close()
2023-02-17 01:32:34,440 [Listener at 127.0.0.1/36463] INFO  server.GrpcService (GrpcService.java:closeImpl(280)) - d782bd41-882b-47e1-953e-397b7991c8ca: shutdown server GrpcServerProtocolService successfully
2023-02-17 01:32:34,440 [d782bd41-882b-47e1-953e-397b7991c8ca-NettyServerStreamRpc-bossGroup--thread1] INFO  logging.LoggingHandler (AbstractInternalLogger.java:log(148)) - [id: 0x0dd49c81, L:/0:0:0:0:0:0:0:0:45055] CLOSE
2023-02-17 01:32:34,441 [d782bd41-882b-47e1-953e-397b7991c8ca-NettyServerStreamRpc-bossGroup--thread1] INFO  logging.LoggingHandler (AbstractInternalLogger.java:log(148)) - [id: 0x0dd49c81, L:/0:0:0:0:0:0:0:0:45055] INACTIVE
2023-02-17 01:32:34,441 [d782bd41-882b-47e1-953e-397b7991c8ca-NettyServerStreamRpc-bossGroup--thread1] INFO  logging.LoggingHandler (AbstractInternalLogger.java:log(148)) - [id: 0x0dd49c81, L:/0:0:0:0:0:0:0:0:45055] UNREGISTERED
2023-02-17 01:32:34,455 [JvmPauseMonitor4] INFO  util.JvmPauseMonitor (JvmPauseMonitor.java:run(111)) - JvmPauseMonitor-d782bd41-882b-47e1-953e-397b7991c8ca: Stopped
2023-02-17 01:32:34,460 [ForkJoinPool.commonPool-worker-0] INFO  volume.HddsVolume (HddsVolume.java:closeDbStore(362)) - SchemaV3 db is stopped at /home/runner/work/ozone/ozone/hadoop-ozone/integration-test/target/test-dir/MiniOzoneClusterImpl-699c85d0-1a2e-49ef-96e2-8d5cf650a041/datanode-0/data-0/containers/hdds/699c85d0-1a2e-49ef-96e2-8d5cf650a041/DS-97618407-5a8c-49ff-a97d-272980880b68/container.db for volume DS-97618407-5a8c-49ff-a97d-272980880b68
2023-02-17 01:32:34,461 [ForkJoinPool.commonPool-worker-0] INFO  utils.BackgroundService (BackgroundService.java:shutdown(141)) - Shutting down service BlockDeletingService
2023-02-17 01:32:34,461 [ForkJoinPool.commonPool-worker-0] INFO  utils.BackgroundService (BackgroundService.java:shutdown(141)) - Shutting down service StaleRecoveringContainerScrubbingService
2023-02-17 01:32:34,462 [ForkJoinPool.commonPool-worker-0] INFO  statemachine.DatanodeStateMachine (DatanodeStateMachine.java:stopDaemon(600)) - Ozone container server stopped.
2023-02-17 01:32:34,473 [ForkJoinPool.commonPool-worker-0] INFO  handler.ContextHandler (ContextHandler.java:doStop(1159)) - Stopped o.e.j.w.WebAppContext@7eee26ae{hddsDatanode,/,null,STOPPED}{jar:file:/home/runner/.m2/repository/org/apache/ozone/hdds-container-service/1.4.0-SNAPSHOT/hdds-container-service-1.4.0-SNAPSHOT.jar!/webapps/hddsDatanode}
2023-02-17 01:32:34,473 [ForkJoinPool.commonPool-worker-0] INFO  server.AbstractConnector (AbstractConnector.java:doStop(383)) - Stopped ServerConnector@5a56aa85{HTTP/1.1, (http/1.1)}{0.0.0.0:0}
2023-02-17 01:32:34,473 [ForkJoinPool.commonPool-worker-0] INFO  server.session (HouseKeeper.java:stopScavenging(149)) - node0 Stopped scavenging
2023-02-17 01:32:34,476 [ForkJoinPool.commonPool-worker-0] INFO  handler.ContextHandler (ContextHandler.java:doStop(1159)) - Stopped o.e.j.s.ServletContextHandler@5e9771a5{static,/static,jar:file:/home/runner/.m2/repository/org/apache/ozone/hdds-container-service/1.4.0-SNAPSHOT/hdds-container-service-1.4.0-SNAPSHOT.jar!/webapps/static,STOPPED}
2023-02-17 01:32:34,476 [ForkJoinPool.commonPool-worker-0] INFO  handler.ContextHandler (ContextHandler.java:doStop(1159)) - Stopped o.e.j.s.ServletContextHandler@73e3227c{logs,/logs,file:///home/runner/work/ozone/ozone/hadoop-ozone/integration-test/target/log,STOPPED}
2023-02-17 01:32:36,463 [Listener at 127.0.0.1/36463] INFO  volume.HddsVolume (HddsVolume.java:closeDbStore(362)) - SchemaV3 db is stopped at /home/runner/work/ozone/ozone/hadoop-ozone/integration-test/target/test-dir/MiniOzoneClusterImpl-699c85d0-1a2e-49ef-96e2-8d5cf650a041/datanode-3/data-0/containers/hdds/699c85d0-1a2e-49ef-96e2-8d5cf650a041/DS-8e6c807f-3726-4673-b8d7-2a688698c28a/container.db for volume DS-8e6c807f-3726-4673-b8d7-2a688698c28a
2023-02-17 01:32:36,463 [Listener at 127.0.0.1/36463] INFO  utils.BackgroundService (BackgroundService.java:shutdown(141)) - Shutting down service BlockDeletingService
2023-02-17 01:32:36,464 [Listener at 127.0.0.1/36463] INFO  utils.BackgroundService (BackgroundService.java:shutdown(141)) - Shutting down service StaleRecoveringContainerScrubbingService
2023-02-17 01:32:36,467 [Listener at 127.0.0.1/36463] INFO  statemachine.DatanodeStateMachine (DatanodeStateMachine.java:stopDaemon(600)) - Ozone container server stopped.
2023-02-17 01:32:36,475 [Listener at 127.0.0.1/36463] INFO  handler.ContextHandler (ContextHandler.java:doStop(1159)) - Stopped o.e.j.w.WebAppContext@53d3faa9{hddsDatanode,/,null,STOPPED}{jar:file:/home/runner/.m2/repository/org/apache/ozone/hdds-container-service/1.4.0-SNAPSHOT/hdds-container-service-1.4.0-SNAPSHOT.jar!/webapps/hddsDatanode}
2023-02-17 01:32:36,476 [Listener at 127.0.0.1/36463] INFO  server.AbstractConnector (AbstractConnector.java:doStop(383)) - Stopped ServerConnector@29b96be0{HTTP/1.1, (http/1.1)}{0.0.0.0:0}
2023-02-17 01:32:36,476 [Listener at 127.0.0.1/36463] INFO  server.session (HouseKeeper.java:stopScavenging(149)) - node0 Stopped scavenging
2023-02-17 01:32:36,476 [Listener at 127.0.0.1/36463] INFO  handler.ContextHandler (ContextHandler.java:doStop(1159)) - Stopped o.e.j.s.ServletContextHandler@307997a4{static,/static,jar:file:/home/runner/.m2/repository/org/apache/ozone/hdds-container-service/1.4.0-SNAPSHOT/hdds-container-service-1.4.0-SNAPSHOT.jar!/webapps/static,STOPPED}
2023-02-17 01:32:36,476 [Listener at 127.0.0.1/36463] INFO  handler.ContextHandler (ContextHandler.java:doStop(1159)) - Stopped o.e.j.s.ServletContextHandler@66645fd2{logs,/logs,file:///home/runner/work/ozone/ozone/hadoop-ozone/integration-test/target/log,STOPPED}
2023-02-17 01:32:36,477 [Listener at 127.0.0.1/36463] INFO  ozone.MiniOzoneClusterImpl (MiniOzoneClusterImpl.java:stopSCM(539)) - Stopping the StorageContainerManager
2023-02-17 01:32:36,478 [Listener at 127.0.0.1/36463] INFO  server.StorageContainerManager (StorageContainerManager.java:stop(1531)) - Container Balancer is not running.
2023-02-17 01:32:36,478 [Listener at 127.0.0.1/36463] INFO  server.StorageContainerManager (StorageContainerManager.java:stop(1538)) - Stopping Replication Manager Service.
2023-02-17 01:32:36,478 [Listener at 127.0.0.1/36463] INFO  replication.ReplicationManager (ReplicationManager.java:stop(298)) - Stopping Replication Monitor Thread.
2023-02-17 01:32:36,478 [Under Replicated Processor] WARN  replication.UnhealthyReplicationProcessor (UnhealthyReplicationProcessor.java:run(142)) - Under Replicated Processor interrupted. Exiting...
2023-02-17 01:32:36,478 [Over Replicated Processor] WARN  replication.UnhealthyReplicationProcessor (UnhealthyReplicationProcessor.java:run(142)) - Over Replicated Processor interrupted. Exiting...
2023-02-17 01:32:36,478 [ReplicationMonitor] INFO  replication.ReplicationManager (ReplicationManager.java:run(741)) - Replication Monitor Thread is stopped
2023-02-17 01:32:36,478 [Listener at 127.0.0.1/36463] INFO  server.StorageContainerManager (StorageContainerManager.java:stop(1545)) - Stopping the Datanode Admin Monitor.
2023-02-17 01:32:36,479 [Listener at 127.0.0.1/36463] INFO  server.StorageContainerManager (StorageContainerManager.java:stop(1552)) - Stopping datanode service RPC server
2023-02-17 01:32:36,479 [Listener at 127.0.0.1/36463] INFO  server.SCMDatanodeProtocolServer (SCMDatanodeProtocolServer.java:stop(424)) - Stopping the RPC server for DataNodes
2023-02-17 01:32:36,479 [Listener at 127.0.0.1/36463] INFO  ipc.Server (Server.java:stop(3428)) - Stopping server on 38871
2023-02-17 01:32:36,481 [IPC Server listener on 0] INFO  ipc.Server (Server.java:run(1384)) - Stopping IPC Server listener on 0
2023-02-17 01:32:36,481 [IPC Server Responder] INFO  ipc.Server (Server.java:run(1517)) - Stopping IPC Server Responder
2023-02-17 01:32:36,516 [SCM Heartbeat Processing Thread - 0] WARN  node.NodeStateManager (NodeStateManager.java:scheduleNextHealthCheck(870)) - Current Thread is interrupted, shutting down HB processing thread for Node Manager.
2023-02-17 01:32:36,516 [Listener at 127.0.0.1/36463] INFO  server.StorageContainerManager (StorageContainerManager.java:stop(1560)) - Stopping block service RPC server
2023-02-17 01:32:36,516 [Listener at 127.0.0.1/36463] INFO  server.SCMBlockProtocolServer (SCMBlockProtocolServer.java:stop(161)) - Stopping the RPC server for Block Protocol
2023-02-17 01:32:36,516 [Listener at 127.0.0.1/36463] INFO  ipc.Server (Server.java:stop(3428)) - Stopping server on 40117
2023-02-17 01:32:36,517 [IPC Server listener on 0] INFO  ipc.Server (Server.java:run(1384)) - Stopping IPC Server listener on 0
2023-02-17 01:32:36,518 [IPC Server Responder] INFO  ipc.Server (Server.java:run(1517)) - Stopping IPC Server Responder
2023-02-17 01:32:36,518 [Listener at 127.0.0.1/36463] INFO  server.StorageContainerManager (StorageContainerManager.java:stop(1567)) - Stopping the StorageContainerLocationProtocol RPC server
2023-02-17 01:32:36,518 [Listener at 127.0.0.1/36463] INFO  server.SCMClientProtocolServer (SCMClientProtocolServer.java:stop(178)) - Stopping the RPC server for Client Protocol
2023-02-17 01:32:36,519 [Listener at 127.0.0.1/36463] INFO  ipc.Server (Server.java:stop(3428)) - Stopping server on 34293
2023-02-17 01:32:36,520 [IPC Server Responder] INFO  ipc.Server (Server.java:run(1517)) - Stopping IPC Server Responder
2023-02-17 01:32:36,520 [Listener at 127.0.0.1/36463] INFO  server.StorageContainerManager (StorageContainerManager.java:stop(1574)) - Stopping Storage Container Manager HTTP server.
2023-02-17 01:32:36,520 [IPC Server listener on 0] INFO  ipc.Server (Server.java:run(1384)) - Stopping IPC Server listener on 0
2023-02-17 01:32:36,521 [Listener at 127.0.0.1/36463] INFO  handler.ContextHandler (ContextHandler.java:doStop(1159)) - Stopped o.e.j.w.WebAppContext@5ff8d76f{scm,/,null,STOPPED}{file:/home/runner/work/ozone/ozone/hadoop-ozone/integration-test/target/test-classes/webapps/scm}
2023-02-17 01:32:36,521 [Listener at 127.0.0.1/36463] INFO  server.AbstractConnector (AbstractConnector.java:doStop(383)) - Stopped ServerConnector@c770b57{HTTP/1.1, (http/1.1)}{0.0.0.0:0}
2023-02-17 01:32:36,521 [Listener at 127.0.0.1/36463] INFO  server.session (HouseKeeper.java:stopScavenging(149)) - node0 Stopped scavenging
2023-02-17 01:32:36,522 [Listener at 127.0.0.1/36463] INFO  handler.ContextHandler (ContextHandler.java:doStop(1159)) - Stopped o.e.j.s.ServletContextHandler@70680f88{static,/static,file:///home/runner/work/ozone/ozone/hadoop-ozone/integration-test/target/test-classes/webapps/static,STOPPED}
2023-02-17 01:32:36,522 [Listener at 127.0.0.1/36463] INFO  handler.ContextHandler (ContextHandler.java:doStop(1159)) - Stopped o.e.j.s.ServletContextHandler@6f12fca0{logs,/logs,file:///home/runner/work/ozone/ozone/hadoop-ozone/integration-test/target/log,STOPPED}
2023-02-17 01:32:36,523 [Listener at 127.0.0.1/36463] INFO  server.StorageContainerManager (StorageContainerManager.java:stop(1580)) - Stopping SCM LayoutVersionManager Service.
2023-02-17 01:32:36,523 [Listener at 127.0.0.1/36463] INFO  server.StorageContainerManager (StorageContainerManager.java:stop(1588)) - Stopping Block Manager Service.
2023-02-17 01:32:36,523 [Listener at 127.0.0.1/36463] INFO  utils.BackgroundService (BackgroundService.java:shutdown(141)) - Shutting down service SCMBlockDeletingService
2023-02-17 01:32:36,526 [Listener at 127.0.0.1/36463] INFO  utils.BackgroundService (BackgroundService.java:shutdown(141)) - Shutting down service SCMBlockDeletingService
2023-02-17 01:32:36,526 [Listener at 127.0.0.1/36463] INFO  server.StorageContainerManager (StorageContainerManager.java:stop(1610)) - Stopping SCM Event Queue.
2023-02-17 01:32:36,528 [Listener at 127.0.0.1/36463] INFO  server.StorageContainerManager (StorageContainerManager.java:stop(1621)) - Stopping SCM HA services.
2023-02-17 01:32:36,529 [Listener at 127.0.0.1/36463] INFO  pipeline.BackgroundPipelineCreator (BackgroundPipelineCreator.java:stop(149)) - Stopping RatisPipelineUtilsThread.
2023-02-17 01:32:36,529 [RatisPipelineUtilsThread - 0] WARN  pipeline.BackgroundPipelineCreator (BackgroundPipelineCreator.java:run(180)) - RatisPipelineUtilsThread is interrupted.
2023-02-17 01:32:36,529 [BackgroundPipelineScrubberThread] WARN  BackgroundPipelineScrubber (BackgroundSCMService.java:run(115)) - BackgroundPipelineScrubber is interrupted, exit
2023-02-17 01:32:36,529 [Listener at 127.0.0.1/36463] INFO  BackgroundPipelineScrubber (BackgroundSCMService.java:stop(131)) - Stopping BackgroundPipelineScrubber Service.
2023-02-17 01:32:36,530 [Listener at 127.0.0.1/36463] INFO  impl.MetricsSystemImpl (MetricsSystemImpl.java:stop(210)) - Stopping XceiverClientMetrics metrics system...
2023-02-17 01:32:36,533 [prometheus] INFO  impl.MetricsSinkAdapter (MetricsSinkAdapter.java:publishMetricsFromQueue(141)) - prometheus thread interrupted.
2023-02-17 01:32:36,533 [Listener at 127.0.0.1/36463] INFO  impl.MetricsSystemImpl (MetricsSystemImpl.java:stop(216)) - XceiverClientMetrics metrics system stopped.
2023-02-17 01:32:36,533 [Listener at 127.0.0.1/36463] WARN  pipeline.BackgroundPipelineCreator (BackgroundPipelineCreator.java:stop(145)) - RatisPipelineUtilsThread is not running, just ignore.
2023-02-17 01:32:36,538 [Listener at 127.0.0.1/36463] INFO  BackgroundPipelineScrubber (BackgroundSCMService.java:stop(126)) - BackgroundPipelineScrubber Service is not running, skip stop.
2023-02-17 01:32:36,540 [ExpiredContainerReplicaOpScrubberThread] WARN  ExpiredContainerReplicaOpScrubber (BackgroundSCMService.java:run(115)) - ExpiredContainerReplicaOpScrubber is interrupted, exit
2023-02-17 01:32:36,540 [Listener at 127.0.0.1/36463] INFO  ExpiredContainerReplicaOpScrubber (BackgroundSCMService.java:stop(131)) - Stopping ExpiredContainerReplicaOpScrubber Service.
2023-02-17 01:32:36,540 [Listener at 127.0.0.1/36463] INFO  utils.BackgroundService (BackgroundService.java:shutdown(141)) - Shutting down service SCMBlockDeletingService
2023-02-17 01:32:36,540 [Listener at 127.0.0.1/36463] INFO  replication.ReplicationManager (ReplicationManager.java:stop(308)) - Replication Monitor Thread is not running.
2023-02-17 01:32:36,540 [Listener at 127.0.0.1/36463] WARN  balancer.ContainerBalancer (ContainerBalancer.java:stop(322)) - Cannot stop Container Balancer because it's not running or stopping
2023-02-17 01:32:36,540 [Listener at 127.0.0.1/36463] INFO  server.StorageContainerManager (StorageContainerManager.java:stop(1639)) - Stopping SCM MetadataStore.
2023-02-17 01:32:36,598 [Listener at 127.0.0.1/36463] WARN  server.ServerUtils (ServerUtils.java:getScmDbDir(148)) - ozone.scm.db.dirs is not configured. We recommend adding this setting. Falling back to ozone.metadata.dirs instead.
2023-02-17 01:32:36,601 [Listener at 127.0.0.1/36463] WARN  server.ServerUtils (ServerUtils.java:getScmDbDir(148)) - ozone.scm.db.dirs is not configured. We recommend adding this setting. Falling back to ozone.metadata.dirs instead.
2023-02-17 01:32:36,601 [Listener at 127.0.0.1/36463] INFO  ha.SCMHANodeDetails (SCMHANodeDetails.java:loadSCMHAConfig(209)) - ServiceID for StorageContainerManager is null
2023-02-17 01:32:36,601 [Listener at 127.0.0.1/36463] INFO  ha.SCMHANodeDetails (SCMHANodeDetails.java:loadSCMHAConfig(214)) - ozone.scm.default.service.id is not defined, falling back to ozone.scm.service.ids to find serviceID for StorageContainerManager if it is HA enabled cluster
2023-02-17 01:32:36,602 [Listener at 127.0.0.1/36463] WARN  utils.HAUtils (HAUtils.java:getMetaDir(342)) - ozone.scm.db.dirs is not configured. We recommend adding this setting. Falling back to ozone.metadata.dirs instead.
2023-02-17 01:32:36,602 [Listener at 127.0.0.1/36463] WARN  db.DBStoreBuilder (DBStoreBuilder.java:applyDBDefinition(172)) - ozone.scm.db.dirs is not configured. We recommend adding this setting. Falling back to ozone.metadata.dirs instead.
2023-02-17 01:32:36,686 [Listener at 127.0.0.1/36463] INFO  net.NodeSchemaLoader (NodeSchemaLoader.java:loadSchemaFromFile(129)) - Loading schema from [jar:file:/home/runner/.m2/repository/org/apache/ozone/hdds-common/1.4.0-SNAPSHOT/hdds-common-1.4.0-SNAPSHOT.jar!/network-topology-default.xml]
2023-02-17 01:32:36,686 [Listener at 127.0.0.1/36463] INFO  net.NodeSchemaLoader (NodeSchemaLoader.java:loadSchema(176)) - Loading network topology layer schema file
2023-02-17 01:32:36,688 [Listener at 127.0.0.1/36463] INFO  upgrade.AbstractLayoutVersionManager (AbstractLayoutVersionManager.java:init(83)) - Initializing Layout version manager with metadata layout = DATANODE_SCHEMA_V3 (version = 4), software layout = DATANODE_SCHEMA_V3 (version = 4)
2023-02-17 01:32:36,734 [Listener at 127.0.0.1/36463] INFO  reflections.Reflections (Reflections.java:scan(232)) - Reflections took 44 ms to scan 7 urls, producing 150 keys and 362 values 
2023-02-17 01:32:36,735 [Listener at 127.0.0.1/36463] INFO  ha.SequenceIdGenerator (SequenceIdGenerator.java:upgradeToSequenceId(349)) - upgrade localId to 111677748019200000
2023-02-17 01:32:36,736 [Listener at 127.0.0.1/36463] INFO  ha.SequenceIdGenerator (SequenceIdGenerator.java:upgradeToSequenceId(359)) - upgrade delTxnId to 0
2023-02-17 01:32:36,736 [Listener at 127.0.0.1/36463] INFO  ha.SequenceIdGenerator (SequenceIdGenerator.java:upgradeToSequenceId(376)) - upgrade containerId to 0
2023-02-17 01:32:36,736 [Listener at 127.0.0.1/36463] INFO  ha.SequenceIdGenerator (SequenceIdGenerator.java:<init>(220)) - Init the HA SequenceIdGenerator.
2023-02-17 01:32:36,736 [Listener at 127.0.0.1/36463] WARN  server.ServerUtils (ServerUtils.java:sanitizeUserArgs(73)) - ozone.scm.stale.node.interval value = 300000 is larger than max = 100000 based on the key value of ozone.scm.heartbeat.thread.interval, reset to the max value 100000.
2023-02-17 01:32:36,736 [Listener at 127.0.0.1/36463] WARN  server.ServerUtils (ServerUtils.java:sanitizeUserArgs(73)) - ozone.scm.stale.node.interval value = 300000 is larger than max = 100000 based on the key value of ozone.scm.heartbeat.thread.interval, reset to the max value 100000.
2023-02-17 01:32:36,737 [Listener at 127.0.0.1/36463] INFO  node.SCMNodeManager (SCMNodeManager.java:<init>(149)) - Entering startup safe mode.
2023-02-17 01:32:36,738 [Listener at 127.0.0.1/36463] INFO  algorithms.ContainerPlacementPolicyFactory (ContainerPlacementPolicyFactory.java:getPolicyInternal(86)) - Create container placement policy of type org.apache.hadoop.hdds.scm.container.placement.algorithms.SCMContainerPlacementRandom
2023-02-17 01:32:36,738 [Listener at 127.0.0.1/36463] INFO  algorithms.ContainerPlacementPolicyFactory (ContainerPlacementPolicyFactory.java:getPolicyInternal(86)) - Create container placement policy of type org.apache.hadoop.hdds.scm.container.placement.algorithms.SCMContainerPlacementRackScatter
2023-02-17 01:32:36,738 [Listener at 127.0.0.1/36463] INFO  pipeline.PipelineStateManagerImpl (PipelineStateManagerImpl.java:initialize(78)) - No pipeline exists in current db
2023-02-17 01:32:36,738 [Listener at 127.0.0.1/36463] INFO  algorithms.LeaderChoosePolicyFactory (LeaderChoosePolicyFactory.java:getPolicy(57)) - Create leader choose policy of type org.apache.hadoop.hdds.scm.pipeline.leader.choose.algorithms.MinLeaderCountChoosePolicy
2023-02-17 01:32:36,738 [Listener at 127.0.0.1/36463] INFO  algorithms.ContainerPlacementPolicyFactory (ContainerPlacementPolicyFactory.java:getPolicyInternal(86)) - Create container placement policy of type org.apache.hadoop.hdds.scm.container.placement.algorithms.SCMContainerPlacementRackScatter
2023-02-17 01:32:36,739 [Listener at 127.0.0.1/36463] INFO  ha.SCMServiceManager (SCMServiceManager.java:register(42)) - Registering service BackgroundPipelineCreator.
2023-02-17 01:32:36,739 [Listener at 127.0.0.1/36463] INFO  pipeline.BackgroundPipelineCreator (BackgroundPipelineCreator.java:start(124)) - Starting RatisPipelineUtilsThread.
2023-02-17 01:32:36,739 [Listener at 127.0.0.1/36463] INFO  BackgroundPipelineScrubber (BackgroundSCMService.java:start(68)) - Starting BackgroundPipelineScrubber Service.
2023-02-17 01:32:36,739 [Listener at 127.0.0.1/36463] INFO  ha.SCMServiceManager (SCMServiceManager.java:register(42)) - Registering service BackgroundPipelineScrubber.
2023-02-17 01:32:36,739 [Listener at 127.0.0.1/36463] INFO  ExpiredContainerReplicaOpScrubber (BackgroundSCMService.java:start(68)) - Starting ExpiredContainerReplicaOpScrubber Service.
2023-02-17 01:32:36,739 [Listener at 127.0.0.1/36463] INFO  ha.SCMServiceManager (SCMServiceManager.java:register(42)) - Registering service ExpiredContainerReplicaOpScrubber.
2023-02-17 01:32:36,740 [Listener at 127.0.0.1/36463] INFO  algorithms.PipelineChoosePolicyFactory (PipelineChoosePolicyFactory.java:createPipelineChoosePolicyFromClass(73)) - Create pipeline choose policy of type org.apache.hadoop.hdds.scm.pipeline.choose.algorithms.RandomPipelineChoosePolicy
2023-02-17 01:32:36,741 [Listener at 127.0.0.1/36463] INFO  ha.SCMServiceManager (SCMServiceManager.java:register(42)) - Registering service SCMBlockDeletingService.
2023-02-17 01:32:36,741 [Listener at 127.0.0.1/36463] INFO  replication.ReplicationManager (ReplicationManager.java:start(265)) - Starting Replication Monitor Thread.
2023-02-17 01:32:36,746 [ReplicationMonitor] INFO  replication.ReplicationManager (ReplicationManager.java:processAll(340)) - Replication Manager is not ready to run until 3000ms after safemode exit
2023-02-17 01:32:36,746 [Listener at 127.0.0.1/36463] INFO  ha.SCMServiceManager (SCMServiceManager.java:register(42)) - Registering service ReplicationManager.
2023-02-17 01:32:36,747 [Listener at 127.0.0.1/36463] INFO  safemode.ContainerSafeModeRule (ContainerSafeModeRule.java:<init>(89)) - containers with one replica threshold count 0
2023-02-17 01:32:36,747 [Listener at 127.0.0.1/36463] INFO  safemode.HealthyPipelineSafeModeRule (HealthyPipelineSafeModeRule.java:initializeRule(169)) - Total pipeline count is 0, healthy pipeline threshold count is 1
2023-02-17 01:32:36,747 [Listener at 127.0.0.1/36463] INFO  safemode.OneReplicaPipelineSafeModeRule (OneReplicaPipelineSafeModeRule.java:initializeRule(180)) - Total pipeline count is 0, pipeline's with at least one datanode reported threshold count is 0
2023-02-17 01:32:36,755 [Listener at 127.0.0.1/36463] INFO  ipc.CallQueueManager (CallQueueManager.java:<init>(90)) - Using callQueue: class java.util.concurrent.LinkedBlockingQueue, queueCapacity: 2000, scheduler: class org.apache.hadoop.ipc.DefaultRpcScheduler, ipcBackoff: false.
2023-02-17 01:32:36,756 [Socket Reader #1 for port 0] INFO  ipc.Server (Server.java:run(1273)) - Starting Socket Reader #1 for port 0
2023-02-17 01:32:36,760 [Listener at 0.0.0.0/36807] INFO  ipc.CallQueueManager (CallQueueManager.java:<init>(90)) - Using callQueue: class java.util.concurrent.LinkedBlockingQueue, queueCapacity: 2000, scheduler: class org.apache.hadoop.ipc.DefaultRpcScheduler, ipcBackoff: false.
2023-02-17 01:32:36,761 [Socket Reader #1 for port 0] INFO  ipc.Server (Server.java:run(1273)) - Starting Socket Reader #1 for port 0
2023-02-17 01:32:36,761 [Listener at 0.0.0.0/44301] INFO  ipc.CallQueueManager (CallQueueManager.java:<init>(90)) - Using callQueue: class java.util.concurrent.LinkedBlockingQueue, queueCapacity: 2000, scheduler: class org.apache.hadoop.ipc.DefaultRpcScheduler, ipcBackoff: false.
2023-02-17 01:32:36,762 [Socket Reader #1 for port 0] INFO  ipc.Server (Server.java:run(1273)) - Starting Socket Reader #1 for port 0
2023-02-17 01:32:36,769 [Listener at 0.0.0.0/34361] INFO  ha.SCMServiceManager (SCMServiceManager.java:register(42)) - Registering service ContainerBalancer.
2023-02-17 01:32:36,769 [Listener at 0.0.0.0/34361] INFO  server.StorageContainerManager (StorageContainerManager.java:<init>(402)) - 
Container Balancer status:
Key                            Value
Running                        true
Container Balancer Configuration values:
Key                                                Value
Threshold                                          10
Max Datanodes to Involve per Iteration(percent)    20
Max Size to Move per Iteration                     500GB
Max Size Entering Target per Iteration             26GB
Max Size Leaving Source per Iteration              26GB

2023-02-17 01:32:36,770 [Listener at 0.0.0.0/34361] INFO  ha.SCMContext (SCMContext.java:updateSafeModeStatus(228)) - Update SafeModeStatus from SafeModeStatus{safeModeStatus=true, preCheckPassed=false} to SafeModeStatus{safeModeStatus=true, preCheckPassed=false}.
2023-02-17 01:32:36,770 [Listener at 0.0.0.0/34361] INFO  server.StorageContainerManager (StorageContainerManager.java:start(1436)) - StorageContainerLocationProtocol RPC server is listening at /0.0.0.0:34361
2023-02-17 01:32:36,771 [Listener at 0.0.0.0/34361] WARN  impl.MetricsConfig (MetricsConfig.java:loadFirst(136)) - Cannot locate configuration: tried hadoop-metrics2-storagecontainermanager.properties,hadoop-metrics2.properties
2023-02-17 01:32:36,774 [Listener at 0.0.0.0/34361] INFO  impl.MetricsSystemImpl (MetricsSystemImpl.java:startTimer(378)) - Scheduled Metric snapshot period at 10 second(s).
2023-02-17 01:32:36,774 [Listener at 0.0.0.0/34361] INFO  impl.MetricsSystemImpl (MetricsSystemImpl.java:start(191)) - StorageContainerManager metrics system started
2023-02-17 01:32:36,788 [Listener at 0.0.0.0/34361] INFO  impl.MetricsSinkAdapter (MetricsSinkAdapter.java:start(204)) - Sink prometheus started
2023-02-17 01:32:36,788 [Listener at 0.0.0.0/34361] INFO  impl.MetricsSystemImpl (MetricsSystemImpl.java:registerSink(305)) - Registered sink prometheus
2023-02-17 01:32:36,808 [Listener at 0.0.0.0/34361] INFO  server.SCMClientProtocolServer (SCMClientProtocolServer.java:start(169)) - RPC server for Client  is listening at /0.0.0.0:34361
2023-02-17 01:32:36,809 [IPC Server Responder] INFO  ipc.Server (Server.java:run(1512)) - IPC Server Responder: starting
2023-02-17 01:32:36,809 [IPC Server listener on 0] INFO  ipc.Server (Server.java:run(1352)) - IPC Server listener on 0: starting
2023-02-17 01:32:36,812 [Listener at 0.0.0.0/34361] INFO  server.StorageContainerManager (StorageContainerManager.java:start(1450)) - ScmBlockLocationProtocol RPC server is listening at /0.0.0.0:44301
2023-02-17 01:32:36,812 [Listener at 0.0.0.0/34361] INFO  server.SCMBlockProtocolServer (SCMBlockProtocolServer.java:start(152)) - RPC server for Block Protocol is listening at /0.0.0.0:44301
2023-02-17 01:32:36,813 [IPC Server Responder] INFO  ipc.Server (Server.java:run(1512)) - IPC Server Responder: starting
2023-02-17 01:32:36,813 [IPC Server listener on 0] INFO  ipc.Server (Server.java:run(1352)) - IPC Server listener on 0: starting
2023-02-17 01:32:36,815 [Listener at 0.0.0.0/34361] INFO  server.SCMDatanodeProtocolServer (SCMDatanodeProtocolServer.java:start(193)) - ScmDatanodeProtocol RPC server for DataNodes is listening at /0.0.0.0:36807
2023-02-17 01:32:36,816 [IPC Server Responder] INFO  ipc.Server (Server.java:run(1512)) - IPC Server Responder: starting
2023-02-17 01:32:36,816 [IPC Server listener on 0] INFO  ipc.Server (Server.java:run(1352)) - IPC Server listener on 0: starting
2023-02-17 01:32:36,825 [Listener at 0.0.0.0/34361] INFO  http.BaseHttpServer (BaseHttpServer.java:newHttpServer2BuilderForOzone(213)) - Starting Web-server for scm at: http://0.0.0.0:0
2023-02-17 01:32:36,825 [Listener at 0.0.0.0/34361] INFO  http.BaseHttpServer (BaseHttpServer.java:<init>(108)) - Hadoop Security Enabled: false Ozone Security Enabled: false Ozone HTTP Security Enabled: false 
2023-02-17 01:32:36,826 [Listener at 0.0.0.0/34361] WARN  server.AuthenticationFilter (AuthenticationFilter.java:constructSecretProvider(240)) - Unable to initialize FileSignerSecretProvider, falling back to use random secrets. Reason: Could not read signature secret file: /home/runner/hadoop-http-auth-signature-secret
2023-02-17 01:32:36,827 [org.apache.hadoop.util.JvmPauseMonitor$Monitor@4135d15d] INFO  util.JvmPauseMonitor (JvmPauseMonitor.java:run(188)) - Starting JVM pause monitor
2023-02-17 01:32:36,828 [Listener at 0.0.0.0/34361] WARN  http.HttpRequestLog (HttpRequestLog.java:getRequestLog(103)) - Jetty request log can only be enabled using Log4j
2023-02-17 01:32:36,829 [Listener at 0.0.0.0/34361] INFO  http.HttpServer2 (HttpServer2.java:addGlobalFilter(1031)) - Added global filter 'safety' (class=org.apache.hadoop.hdds.server.http.HttpServer2$QuotingInputFilter)
2023-02-17 01:32:36,831 [Listener at 0.0.0.0/34361] INFO  http.HttpServer2 (HttpServer2.java:addFilter(1007)) - Added filter static_user_filter (class=org.apache.hadoop.http.lib.StaticUserWebFilter$StaticUserFilter) to context scm
2023-02-17 01:32:36,832 [Listener at 0.0.0.0/34361] INFO  http.HttpServer2 (HttpServer2.java:addFilter(1015)) - Added filter static_user_filter (class=org.apache.hadoop.http.lib.StaticUserWebFilter$StaticUserFilter) to context logs
2023-02-17 01:32:36,832 [Listener at 0.0.0.0/34361] INFO  http.HttpServer2 (HttpServer2.java:addFilter(1015)) - Added filter static_user_filter (class=org.apache.hadoop.http.lib.StaticUserWebFilter$StaticUserFilter) to context static
2023-02-17 01:32:36,832 [Listener at 0.0.0.0/34361] INFO  http.HttpServer2 (HttpServer2.java:bindListener(1250)) - Jetty bound to port 32921
2023-02-17 01:32:36,832 [Listener at 0.0.0.0/34361] INFO  server.Server (Server.java:doStart(375)) - jetty-9.4.49.v20220914; built: 2022-09-14T01:07:36.601Z; git: 4231a3b2e4cb8548a412a789936d640a97b1aa0a; jvm 1.8.0_362-b09
2023-02-17 01:32:36,834 [Listener at 0.0.0.0/34361] INFO  server.session (DefaultSessionIdManager.java:doStart(334)) - DefaultSessionIdManager workerName=node0
2023-02-17 01:32:36,834 [Listener at 0.0.0.0/34361] INFO  server.session (DefaultSessionIdManager.java:doStart(339)) - No SessionScavenger set, using defaults
2023-02-17 01:32:36,834 [Listener at 0.0.0.0/34361] INFO  server.session (HouseKeeper.java:startScavenging(132)) - node0 Scavenging every 660000ms
2023-02-17 01:32:36,835 [Listener at 0.0.0.0/34361] INFO  handler.ContextHandler (ContextHandler.java:doStart(921)) - Started o.e.j.s.ServletContextHandler@304b2629{logs,/logs,file:///home/runner/work/ozone/ozone/hadoop-ozone/integration-test/target/log,AVAILABLE}
2023-02-17 01:32:36,835 [Listener at 0.0.0.0/34361] INFO  handler.ContextHandler (ContextHandler.java:doStart(921)) - Started o.e.j.s.ServletContextHandler@5b871b4d{static,/static,file:///home/runner/work/ozone/ozone/hadoop-ozone/integration-test/target/test-classes/webapps/static,AVAILABLE}
2023-02-17 01:32:36,838 [Listener at 0.0.0.0/34361] INFO  handler.ContextHandler (ContextHandler.java:doStart(921)) - Started o.e.j.w.WebAppContext@5536c56d{scm,/,file:///home/runner/work/ozone/ozone/hadoop-ozone/integration-test/target/test-classes/webapps/scm/,AVAILABLE}{file:/home/runner/work/ozone/ozone/hadoop-ozone/integration-test/target/test-classes/webapps/scm}
2023-02-17 01:32:36,840 [Listener at 0.0.0.0/34361] INFO  server.AbstractConnector (AbstractConnector.java:doStart(333)) - Started ServerConnector@3702c19{HTTP/1.1, (http/1.1)}{0.0.0.0:32921}
2023-02-17 01:32:36,840 [Listener at 0.0.0.0/34361] INFO  server.Server (Server.java:doStart(415)) - Started @30434ms
2023-02-17 01:32:36,840 [Listener at 0.0.0.0/34361] WARN  impl.MetricsSystemImpl (MetricsSystemImpl.java:register(279)) - Sink prometheus already exists!
2023-02-17 01:32:36,841 [Listener at 0.0.0.0/34361] INFO  http.BaseHttpServer (BaseHttpServer.java:updateConnectorAddress(333)) - HTTP server of scm listening at http://0.0.0.0:32921
2023-02-17 01:32:36,841 [Listener at 0.0.0.0/34361] WARN  server.ServerUtils (ServerUtils.java:getDBPath(225)) - ozone.om.db.dirs is not configured. We recommend adding this setting. Falling back to ozone.metadata.dirs instead.
2023-02-17 01:32:36,842 [Listener at 0.0.0.0/34361] INFO  ha.OMHANodeDetails (OMHANodeDetails.java:loadOMHAConfig(115)) - ozone.om.internal.service.id is not defined, falling back to ozone.om.service.ids to find serviceID for OzoneManager if it is HA enabled cluster
2023-02-17 01:32:36,842 [Listener at 0.0.0.0/34361] INFO  ha.OMHANodeDetails (OMHANodeDetails.java:loadOMHAConfig(226)) - Configuration does not have ozone.om.address set. Falling back to the default OM address /127.0.0.1:0
2023-02-17 01:32:36,843 [Listener at 0.0.0.0/34361] INFO  ha.OMHANodeDetails (OMHANodeDetails.java:getOMNodeDetailsForNonHA(254)) - OM Service ID is not set. Setting it to the default ID: omServiceIdDefault
2023-02-17 01:32:36,843 [Listener at 0.0.0.0/34361] INFO  ha.OMHANodeDetails (OMHANodeDetails.java:getOMNodeDetailsForNonHA(261)) - OM Node ID is not set. Setting it to the default ID: om1
2023-02-17 01:32:36,843 [Listener at 0.0.0.0/34361] WARN  server.ServerUtils (ServerUtils.java:getDBPath(225)) - ozone.om.db.dirs is not configured. We recommend adding this setting. Falling back to ozone.metadata.dirs instead.
2023-02-17 01:32:36,844 [Listener at 0.0.0.0/34361] INFO  upgrade.AbstractLayoutVersionManager (AbstractLayoutVersionManager.java:init(83)) - Initializing Layout version manager with metadata layout = MULTITENANCY_SCHEMA (version = 3), software layout = MULTITENANCY_SCHEMA (version = 3)
2023-02-17 01:32:36,926 [Listener at 0.0.0.0/34361] INFO  reflections.Reflections (Reflections.java:scan(232)) - Reflections took 81 ms to scan 2 urls, producing 166 keys and 457 values [using 2 cores]
2023-02-17 01:32:36,926 [Listener at 0.0.0.0/34361] INFO  upgrade.OMLayoutVersionManager (OMLayoutVersionManager.java:lambda$0(115)) - Skipping Upgrade Action MockOmUpgradeAction since it has been finalized.
2023-02-17 01:32:36,927 [Listener at 0.0.0.0/34361] WARN  server.ServerUtils (ServerUtils.java:getDBPath(225)) - ozone.om.db.dirs is not configured. We recommend adding this setting. Falling back to ozone.metadata.dirs instead.
2023-02-17 01:32:36,927 [Listener at 0.0.0.0/34361] INFO  proxy.SCMBlockLocationFailoverProxyProvider (SCMBlockLocationFailoverProxyProvider.java:<init>(114)) - Created block location fail-over proxy with 1 nodes: [nodeId=scmNodeId,nodeAddress=/0.0.0.0:44301]
2023-02-17 01:32:36,928 [Listener at 0.0.0.0/34361] INFO  proxy.SCMBlockLocationFailoverProxyProvider (SCMBlockLocationFailoverProxyProvider.java:<init>(114)) - Created block location fail-over proxy with 1 nodes: [nodeId=scmNodeId,nodeAddress=/0.0.0.0:44301]
2023-02-17 01:32:36,938 [Listener at 0.0.0.0/34361] INFO  om.OzoneManager (OzoneManager.java:<init>(615)) - OM start with adminUsers: [runner]
2023-02-17 01:32:36,941 [Listener at 0.0.0.0/34361] WARN  server.ServerUtils (ServerUtils.java:getDBPath(225)) - ozone.om.db.dirs is not configured. We recommend adding this setting. Falling back to ozone.metadata.dirs instead.
2023-02-17 01:32:36,942 [Listener at 0.0.0.0/34361] INFO  codec.OmKeyInfoCodec (OmKeyInfoCodec.java:<init>(49)) - OmKeyInfoCodec ignorePipeline = true
2023-02-17 01:32:36,942 [Listener at 0.0.0.0/34361] INFO  codec.RepeatedOmKeyInfoCodec (RepeatedOmKeyInfoCodec.java:<init>(41)) - RepeatedOmKeyInfoCodec ignorePipeline = true
2023-02-17 01:32:37,090 [Listener at 0.0.0.0/34361] INFO  om.OzoneManager (OzoneManager.java:instantiateServices(745)) - S3 Multi-Tenancy is disabled
2023-02-17 01:32:37,091 [Listener at 0.0.0.0/34361] WARN  server.ServerUtils (ServerUtils.java:getDBPath(225)) - ozone.om.snapshot.diff.db.dir is not configured. We recommend adding this setting. Falling back to ozone.metadata.dirs instead.
2023-02-17 01:32:37,100 [Listener at 0.0.0.0/34361] INFO  om.OzoneManager (OzoneManager.java:addS3GVolumeToDB(4177)) - Created Volume s3v With Owner runner required for S3Gateway operations.
2023-02-17 01:32:37,101 [Listener at 0.0.0.0/34361] WARN  server.ServerUtils (ServerUtils.java:getDefaultRatisDirectory(237)) - Storage directory for Ratis is not configured. It is a good idea to map this to an SSD disk. Falling back to ozone.metadata.dirs
2023-02-17 01:32:37,101 [Listener at 0.0.0.0/34361] WARN  utils.OzoneManagerRatisUtils (OzoneManagerRatisUtils.java:getOMRatisSnapshotDirectory(436)) - ozone.om.ratis.snapshot.dir is not configured. Falling back to ozone.metadata.dirs config
2023-02-17 01:32:37,101 [Listener at 0.0.0.0/34361] WARN  server.ServerUtils (ServerUtils.java:getDefaultRatisDirectory(237)) - Storage directory for Ratis is not configured. It is a good idea to map this to an SSD disk. Falling back to ozone.metadata.dirs
2023-02-17 01:32:37,102 [Listener at 0.0.0.0/34361] INFO  ratis.OzoneManagerRatisServer (OzoneManagerRatisServer.java:<init>(160)) - Instantiating OM Ratis server with groupID: omServiceIdDefault and peers: localhost:9872
2023-02-17 01:32:37,102 [Listener at 0.0.0.0/34361] INFO  ratis.OzoneManagerStateMachine (OzoneManagerStateMachine.java:loadSnapshotInfoFromDB(636)) - LastAppliedIndex is set from TransactionInfo from OM DB as (t:0, i:~)
2023-02-17 01:32:37,103 [Listener at 0.0.0.0/34361] INFO  server.RaftServer (ConfUtils.java:logGet(46)) - raft.rpc.type = GRPC (default)
2023-02-17 01:32:37,103 [Listener at 0.0.0.0/34361] INFO  grpc.GrpcConfigKeys (ConfUtils.java:logFallback(53)) - raft.grpc.admin.host = null (fallback to raft.grpc.server.host)
2023-02-17 01:32:37,103 [Listener at 0.0.0.0/34361] INFO  grpc.GrpcConfigKeys (ConfUtils.java:logFallback(53)) - raft.grpc.admin.port = 9872 (fallback to raft.grpc.server.port)
2023-02-17 01:32:37,103 [Listener at 0.0.0.0/34361] INFO  grpc.GrpcConfigKeys (ConfUtils.java:logFallback(53)) - raft.grpc.client.host = null (fallback to raft.grpc.server.host)
2023-02-17 01:32:37,103 [Listener at 0.0.0.0/34361] INFO  grpc.GrpcConfigKeys (ConfUtils.java:logFallback(53)) - raft.grpc.client.port = 9872 (fallback to raft.grpc.server.port)
2023-02-17 01:32:37,103 [Listener at 0.0.0.0/34361] INFO  grpc.GrpcConfigKeys (ConfUtils.java:logGet(46)) - raft.grpc.server.host = null (default)
2023-02-17 01:32:37,103 [Listener at 0.0.0.0/34361] INFO  grpc.GrpcConfigKeys (ConfUtils.java:logGet(46)) - raft.grpc.server.port = 9872 (custom)
2023-02-17 01:32:37,104 [Listener at 0.0.0.0/34361] INFO  server.GrpcService (ConfUtils.java:logGet(46)) - raft.grpc.message.size.max = 33554432 (custom)
2023-02-17 01:32:37,104 [Listener at 0.0.0.0/34361] INFO  server.RaftServerConfigKeys (ConfUtils.java:logGet(46)) - raft.server.log.appender.buffer.byte-limit = 33554432 (custom)
2023-02-17 01:32:37,104 [Listener at 0.0.0.0/34361] INFO  server.GrpcService (ConfUtils.java:logGet(46)) - raft.grpc.flow.control.window = 1MB (=1048576) (default)
2023-02-17 01:32:37,104 [Listener at 0.0.0.0/34361] INFO  server.RaftServerConfigKeys (ConfUtils.java:logGet(46)) - raft.server.rpc.request.timeout = 3000ms (default)
2023-02-17 01:32:37,104 [Listener at 0.0.0.0/34361] INFO  grpc.GrpcConfigKeys (ConfUtils.java:logGet(46)) - raft.grpc.server.heartbeat.channel = true (default)
2023-02-17 01:32:37,104 [Listener at 0.0.0.0/34361] INFO  grpc.GrpcConfigKeys (ConfUtils.java:logGet(46)) - raft.grpc.server.async.request.thread.pool.cached = true (default)
2023-02-17 01:32:37,104 [Listener at 0.0.0.0/34361] INFO  grpc.GrpcConfigKeys (ConfUtils.java:logGet(46)) - raft.grpc.server.async.request.thread.pool.size = 32 (default)
2023-02-17 01:32:37,105 [Listener at 0.0.0.0/34361] INFO  impl.DataStreamServerImpl (ConfUtils.java:logGet(46)) - raft.datastream.type = DISABLED (default)
2023-02-17 01:32:37,105 [Listener at 0.0.0.0/34361] INFO  server.RaftServerConfigKeys (ConfUtils.java:logGet(46)) - raft.server.threadpool.proxy.cached = true (default)
2023-02-17 01:32:37,106 [Listener at 0.0.0.0/34361] INFO  server.RaftServerConfigKeys (ConfUtils.java:logGet(46)) - raft.server.threadpool.proxy.size = 0 (default)
2023-02-17 01:32:37,106 [Listener at 0.0.0.0/34361] INFO  server.RaftServerConfigKeys (ConfUtils.java:logGet(46)) - raft.server.rpc.slowness.timeout = 120s (custom)
2023-02-17 01:32:37,106 [Listener at 0.0.0.0/34361] INFO  server.RaftServerConfigKeys (ConfUtils.java:logGet(46)) - raft.server.leaderelection.leader.step-down.wait-time = 10s (default)
2023-02-17 01:32:37,106 [Listener at 0.0.0.0/34361] INFO  server.RaftServerConfigKeys (ConfUtils.java:logGet(46)) - raft.server.storage.dir = [/home/runner/work/ozone/ozone/hadoop-ozone/integration-test/target/test-dir/MiniOzoneClusterImpl-89702d93-5b91-44b6-9f2b-a559f3ead11e/ozone-meta/ratis] (custom)
2023-02-17 01:32:37,107 [Listener at 0.0.0.0/34361] INFO  server.RaftServer (RaftServerProxy.java:addNew(96)) - om1: addNew group-C5BA1605619E:[om1|rpc:localhost:9872|priority:0|startupRole:FOLLOWER] returns group-C5BA1605619E:java.util.concurrent.CompletableFuture@34993f6d[Not completed]
2023-02-17 01:32:37,107 [pool-259-thread-1] INFO  server.RaftServer$Division (RaftServerImpl.java:<init>(195)) - om1: new RaftServerImpl for group-C5BA1605619E:[om1|rpc:localhost:9872|priority:0|startupRole:FOLLOWER] with OzoneManagerStateMachine:uninitialized
2023-02-17 01:32:37,107 [Listener at 0.0.0.0/34361] INFO  om.OzoneManager (OzoneManager.java:initializeRatisServer(2080)) - OzoneManager Ratis server initialized at port 9872
2023-02-17 01:32:37,107 [pool-259-thread-1] INFO  server.RaftServerConfigKeys (ConfUtils.java:logGet(46)) - raft.server.rpc.timeout.min = 1s (custom)
2023-02-17 01:32:37,107 [Listener at 0.0.0.0/34361] INFO  om.OzoneManager (OzoneManager.java:getRpcServer(1128)) - Creating RPC Server
2023-02-17 01:32:37,107 [pool-259-thread-1] INFO  server.RaftServerConfigKeys (ConfUtils.java:logGet(46)) - raft.server.rpc.timeout.max = 1200ms (custom)
2023-02-17 01:32:37,107 [pool-259-thread-1] INFO  server.RaftServerConfigKeys (ConfUtils.java:logGet(46)) - raft.server.rpc.sleep.time = 25ms (default)
2023-02-17 01:32:37,107 [pool-259-thread-1] INFO  server.RaftServerConfigKeys (ConfUtils.java:logGet(46)) - raft.server.rpc.slowness.timeout = 120s (custom)
2023-02-17 01:32:37,107 [pool-259-thread-1] INFO  server.RaftServerConfigKeys (ConfUtils.java:logGet(46)) - raft.server.leaderelection.leader.step-down.wait-time = 10s (default)
2023-02-17 01:32:37,107 [pool-259-thread-1] INFO  server.RaftServerConfigKeys (ConfUtils.java:logGet(46)) - raft.server.sleep.deviation.threshold = 300ms (default)
2023-02-17 01:32:37,107 [pool-259-thread-1] INFO  server.RaftServer$Division (ServerState.java:<init>(118)) - om1@group-C5BA1605619E: ConfigurationManager, init=-1: peers:[om1|rpc:localhost:9872|priority:0|startupRole:FOLLOWER]|listeners:[], old=null, confs=<EMPTY_MAP>
2023-02-17 01:32:37,107 [pool-259-thread-1] INFO  server.RaftServerConfigKeys (ConfUtils.java:logGet(46)) - raft.server.storage.dir = [/home/runner/work/ozone/ozone/hadoop-ozone/integration-test/target/test-dir/MiniOzoneClusterImpl-89702d93-5b91-44b6-9f2b-a559f3ead11e/ozone-meta/ratis] (custom)
2023-02-17 01:32:37,107 [pool-259-thread-1] INFO  server.RaftServerConfigKeys (ConfUtils.java:logGet(46)) - raft.server.log.corruption.policy = EXCEPTION (default)
2023-02-17 01:32:37,107 [pool-259-thread-1] INFO  server.RaftServerConfigKeys (ConfUtils.java:logGet(46)) - raft.server.storage.free-space.min = 0MB (=0) (default)
2023-02-17 01:32:37,108 [pool-259-thread-1] INFO  server.RaftServerConfigKeys (ConfUtils.java:logGet(46)) - raft.server.notification.no-leader.timeout = 120s (custom)
2023-02-17 01:32:37,108 [pool-259-thread-1] INFO  server.RaftServerConfigKeys (ConfUtils.java:logGet(46)) - raft.server.retrycache.expirytime = 300s (custom)
2023-02-17 01:32:37,108 [pool-259-thread-1] INFO  server.RaftServerConfigKeys (ConfUtils.java:logGet(46)) - raft.server.retrycache.statistics.expirytime = 100μs (default)
2023-02-17 01:32:37,109 [pool-259-thread-1] INFO  server.RaftServerConfigKeys (ConfUtils.java:logGet(46)) - raft.server.log.appender.install.snapshot.enabled = false (custom)
2023-02-17 01:32:37,109 [pool-259-thread-1] INFO  server.RaftServerConfigKeys (ConfUtils.java:logGet(46)) - raft.server.threadpool.server.cached = true (default)
2023-02-17 01:32:37,109 [pool-259-thread-1] INFO  server.RaftServerConfigKeys (ConfUtils.java:logGet(46)) - raft.server.threadpool.server.size = 0 (default)
2023-02-17 01:32:37,109 [pool-259-thread-1] INFO  server.RaftServerConfigKeys (ConfUtils.java:logGet(46)) - raft.server.threadpool.client.cached = true (default)
2023-02-17 01:32:37,109 [pool-259-thread-1] INFO  server.RaftServerConfigKeys (ConfUtils.java:logGet(46)) - raft.server.threadpool.client.size = 0 (default)
2023-02-17 01:32:37,571 [Listener at 0.0.0.0/34361] INFO  reflections.Reflections (Reflections.java:scan(232)) - Reflections took 463 ms to scan 19 urls, producing 69 keys and 4807 values [using 2 cores]
2023-02-17 01:32:37,572 [Listener at 0.0.0.0/34361] INFO  ipc.CallQueueManager (CallQueueManager.java:<init>(90)) - Using callQueue: class java.util.concurrent.LinkedBlockingQueue, queueCapacity: 2000, scheduler: class org.apache.hadoop.ipc.DefaultRpcScheduler, ipcBackoff: false.
2023-02-17 01:32:37,573 [Socket Reader #1 for port 0] INFO  ipc.Server (Server.java:run(1273)) - Starting Socket Reader #1 for port 0
2023-02-17 01:32:37,590 [Listener at 127.0.0.1/33393] INFO  impl.MetricsSystemImpl (MetricsSystemImpl.java:init(158)) - OzoneManager metrics system started (again)
2023-02-17 01:32:37,601 [Listener at 127.0.0.1/33393] INFO  om.OzoneManager (OzoneManager.java:start(1548)) - OzoneManager RPC server is listening at localhost/127.0.0.1:33393
2023-02-17 01:32:37,601 [Listener at 127.0.0.1/33393] INFO  ratis.OzoneManagerRatisServer (OzoneManagerRatisServer.java:start(555)) - Starting OzoneManagerRatisServer om1 at port 9872
2023-02-17 01:32:37,601 [om1-impl-thread1] INFO  storage.RaftStorageDirectory (RaftStorageDirectoryImpl.java:analyzeStorage(137)) - The storage directory /home/runner/work/ozone/ozone/hadoop-ozone/integration-test/target/test-dir/MiniOzoneClusterImpl-89702d93-5b91-44b6-9f2b-a559f3ead11e/ozone-meta/ratis/bf265839-605b-3f16-9796-c5ba1605619e does not exist. Creating ...
2023-02-17 01:32:37,603 [om1-impl-thread1] INFO  storage.RaftStorageDirectory (RaftStorageDirectoryImpl.java:tryLock(231)) - Lock on /home/runner/work/ozone/ozone/hadoop-ozone/integration-test/target/test-dir/MiniOzoneClusterImpl-89702d93-5b91-44b6-9f2b-a559f3ead11e/ozone-meta/ratis/bf265839-605b-3f16-9796-c5ba1605619e/in_use.lock acquired by nodename 65990@fv-az249-264
2023-02-17 01:32:37,604 [om1-impl-thread1] INFO  storage.RaftStorage (RaftStorageImpl.java:format(96)) - Storage directory /home/runner/work/ozone/ozone/hadoop-ozone/integration-test/target/test-dir/MiniOzoneClusterImpl-89702d93-5b91-44b6-9f2b-a559f3ead11e/ozone-meta/ratis/bf265839-605b-3f16-9796-c5ba1605619e has been successfully formatted.
2023-02-17 01:32:37,604 [om1-impl-thread1] INFO  server.RaftServerConfigKeys (ConfUtils.java:logGet(46)) - raft.server.log.use.memory = false (default)
2023-02-17 01:32:37,604 [om1-impl-thread1] INFO  server.RaftServerConfigKeys (ConfUtils.java:logGet(46)) - raft.server.log.purge.gap = 1000000 (custom)
2023-02-17 01:32:37,604 [om1-impl-thread1] INFO  server.RaftServerConfigKeys (ConfUtils.java:logGet(46)) - raft.server.log.appender.buffer.byte-limit = 33554432 (custom)
2023-02-17 01:32:37,604 [om1-impl-thread1] INFO  server.RaftServerConfigKeys (ConfUtils.java:logGet(46)) - raft.server.log.statemachine.data.read.timeout = 1000ms (default)
2023-02-17 01:32:37,604 [om1-impl-thread1] INFO  server.RaftServerConfigKeys (ConfUtils.java:logGet(46)) - raft.server.log.purge.preservation.log.num = 0 (default)
2023-02-17 01:32:37,605 [om1-impl-thread1] INFO  server.RaftServerConfigKeys (ConfUtils.java:logGet(46)) - raft.server.log.segment.size.max = 4194304 (custom)
2023-02-17 01:32:37,605 [om1-impl-thread1] INFO  server.RaftServerConfigKeys (ConfUtils.java:logGet(46)) - raft.server.log.segment.cache.num.max = 2 (custom)
2023-02-17 01:32:37,605 [om1-impl-thread1] INFO  server.RaftServerConfigKeys (ConfUtils.java:logGet(46)) - raft.server.log.segment.cache.size.max = 200MB (=209715200) (default)
2023-02-17 01:32:37,605 [om1-impl-thread1] INFO  segmented.SegmentedRaftLogWorker (SegmentedRaftLogWorker.java:<init>(189)) - new om1@group-C5BA1605619E-SegmentedRaftLogWorker for RaftStorageImpl:Storage Directory /home/runner/work/ozone/ozone/hadoop-ozone/integration-test/target/test-dir/MiniOzoneClusterImpl-89702d93-5b91-44b6-9f2b-a559f3ead11e/ozone-meta/ratis/bf265839-605b-3f16-9796-c5ba1605619e
2023-02-17 01:32:37,605 [om1-impl-thread1] INFO  server.RaftServerConfigKeys (ConfUtils.java:logGet(46)) - raft.server.log.queue.byte-limit = 64MB (=67108864) (default)
2023-02-17 01:32:37,605 [om1-impl-thread1] INFO  server.RaftServerConfigKeys (ConfUtils.java:logGet(46)) - raft.server.log.queue.element-limit = 4096 (default)
2023-02-17 01:32:37,605 [om1-impl-thread1] INFO  server.RaftServerConfigKeys (ConfUtils.java:logGet(46)) - raft.server.log.segment.size.max = 4194304 (custom)
2023-02-17 01:32:37,605 [om1-impl-thread1] INFO  server.RaftServerConfigKeys (ConfUtils.java:logGet(46)) - raft.server.log.preallocated.size = 4194304 (custom)
2023-02-17 01:32:37,605 [om1-impl-thread1] INFO  server.RaftServerConfigKeys (ConfUtils.java:logGet(46)) - raft.server.log.force.sync.num = 128 (default)
2023-02-17 01:32:37,605 [om1-impl-thread1] INFO  server.RaftServerConfigKeys (ConfUtils.java:logGet(46)) - raft.server.log.statemachine.data.sync = true (default)
2023-02-17 01:32:37,605 [om1-impl-thread1] INFO  server.RaftServerConfigKeys (ConfUtils.java:logGet(46)) - raft.server.log.statemachine.data.sync.timeout = 10s (default)
2023-02-17 01:32:37,605 [om1-impl-thread1] INFO  server.RaftServerConfigKeys (ConfUtils.java:logGet(46)) - raft.server.log.statemachine.data.sync.timeout.retry = -1 (default)
2023-02-17 01:32:37,605 [om1-impl-thread1] INFO  server.RaftServerConfigKeys (ConfUtils.java:logGet(46)) - raft.server.log.write.buffer.size = 64KB (=65536) (default)
2023-02-17 01:32:37,606 [om1-impl-thread1] INFO  server.RaftServerConfigKeys (ConfUtils.java:logGet(46)) - raft.server.log.appender.buffer.byte-limit = 33554432 (custom)
2023-02-17 01:32:37,609 [om1-impl-thread1] INFO  server.RaftServerConfigKeys (ConfUtils.java:logGet(46)) - raft.server.log.unsafe-flush.enabled = false (default)
2023-02-17 01:32:37,609 [om1-impl-thread1] INFO  server.RaftServerConfigKeys (ConfUtils.java:logGet(46)) - raft.server.log.async-flush.enabled = false (default)
2023-02-17 01:32:37,609 [om1-impl-thread1] INFO  server.RaftServerConfigKeys (ConfUtils.java:logGet(46)) - raft.server.log.statemachine.data.caching.enabled = false (default)
2023-02-17 01:32:37,609 [om1-impl-thread1] INFO  segmented.SegmentedRaftLogWorker (SegmentedRaftLogWorker.java:lambda$new$0(135)) - om1@group-C5BA1605619E-SegmentedRaftLogWorker: flushIndex: setUnconditionally 0 -> -1
2023-02-17 01:32:37,609 [om1-impl-thread1] INFO  segmented.SegmentedRaftLogWorker (SegmentedRaftLogWorker.java:lambda$new$0(135)) - om1@group-C5BA1605619E-SegmentedRaftLogWorker: safeCacheEvictIndex: setUnconditionally 0 -> -1
2023-02-17 01:32:37,609 [om1-impl-thread1] INFO  server.RaftServer$Division (RaftServerImpl.java:start(334)) - om1@group-C5BA1605619E: start as a follower, conf=-1: peers:[om1|rpc:localhost:9872|priority:0|startupRole:FOLLOWER]|listeners:[], old=null
2023-02-17 01:32:37,609 [om1-impl-thread1] INFO  server.RaftServer$Division (RaftServerImpl.java:setRole(321)) - om1@group-C5BA1605619E: changes role from      null to FOLLOWER at term 0 for startAsFollower
2023-02-17 01:32:37,610 [om1-impl-thread1] INFO  impl.RoleInfo (RoleInfo.java:updateAndGet(139)) - om1: start om1@group-C5BA1605619E-FollowerState
2023-02-17 01:32:37,611 [om1-impl-thread1] INFO  util.JmxRegister (JmxRegister.java:tryRegister(44)) - Successfully registered JMX Bean with object name Ratis:service=RaftServer,group=group-C5BA1605619E,id=om1
2023-02-17 01:32:37,611 [om1-impl-thread1] INFO  server.RaftServerConfigKeys (ConfUtils.java:logGet(46)) - raft.server.snapshot.auto.trigger.enabled = true (custom)
2023-02-17 01:32:37,611 [om1-impl-thread1] INFO  server.RaftServerConfigKeys (ConfUtils.java:logGet(46)) - raft.server.snapshot.auto.trigger.threshold = 400000 (default)
2023-02-17 01:32:37,611 [om1-impl-thread1] INFO  server.RaftServerConfigKeys (ConfUtils.java:logGet(46)) - raft.server.snapshot.retention.file.num = -1 (default)
2023-02-17 01:32:37,611 [om1-impl-thread1] INFO  server.RaftServerConfigKeys (ConfUtils.java:logGet(46)) - raft.server.log.purge.upto.snapshot.index = true (custom)
2023-02-17 01:32:37,612 [om1@group-C5BA1605619E-FollowerState] INFO  server.RaftServerConfigKeys (ConfUtils.java:logFallback(53)) - raft.server.rpc.first-election.timeout.min = 1s (fallback to raft.server.rpc.timeout.min)
2023-02-17 01:32:37,612 [om1@group-C5BA1605619E-FollowerState] INFO  server.RaftServerConfigKeys (ConfUtils.java:logFallback(53)) - raft.server.rpc.first-election.timeout.max = 1200ms (fallback to raft.server.rpc.timeout.max)
2023-02-17 01:32:37,612 [Listener at 127.0.0.1/33393] INFO  server.RaftServer (RaftServerProxy.java:startImpl(393)) - om1: start RPC server
2023-02-17 01:32:37,614 [Listener at 127.0.0.1/33393] INFO  server.GrpcService (GrpcService.java:startImpl(262)) - om1: GrpcService started, listening on 9872
2023-02-17 01:32:37,614 [Listener at 127.0.0.1/33393] INFO  om.OzoneManager (OzoneManager.java:start(1564)) - Version File has different layout version (3) than OM DB (null). That is expected if this OM has never been finalized to a newer layout version.
2023-02-17 01:32:37,615 [JvmPauseMonitor6] INFO  util.JvmPauseMonitor (JvmPauseMonitor.java:run(105)) - JvmPauseMonitor-om1: Started
2023-02-17 01:32:37,619 [Listener at 127.0.0.1/33393] INFO  http.BaseHttpServer (BaseHttpServer.java:newHttpServer2BuilderForOzone(213)) - Starting Web-server for ozoneManager at: http://0.0.0.0:0
2023-02-17 01:32:37,619 [Listener at 127.0.0.1/33393] INFO  http.BaseHttpServer (BaseHttpServer.java:<init>(108)) - Hadoop Security Enabled: false Ozone Security Enabled: false Ozone HTTP Security Enabled: false 
2023-02-17 01:32:37,620 [Listener at 127.0.0.1/33393] WARN  server.AuthenticationFilter (AuthenticationFilter.java:constructSecretProvider(240)) - Unable to initialize FileSignerSecretProvider, falling back to use random secrets. Reason: Could not read signature secret file: /home/runner/hadoop-http-auth-signature-secret
2023-02-17 01:32:37,622 [Listener at 127.0.0.1/33393] WARN  http.HttpRequestLog (HttpRequestLog.java:getRequestLog(103)) - Jetty request log can only be enabled using Log4j
2023-02-17 01:32:37,623 [Listener at 127.0.0.1/33393] INFO  http.HttpServer2 (HttpServer2.java:addGlobalFilter(1031)) - Added global filter 'safety' (class=org.apache.hadoop.hdds.server.http.HttpServer2$QuotingInputFilter)
2023-02-17 01:32:37,624 [Listener at 127.0.0.1/33393] INFO  http.HttpServer2 (HttpServer2.java:addFilter(1007)) - Added filter static_user_filter (class=org.apache.hadoop.http.lib.StaticUserWebFilter$StaticUserFilter) to context ozoneManager
2023-02-17 01:32:37,624 [Listener at 127.0.0.1/33393] INFO  http.HttpServer2 (HttpServer2.java:addFilter(1015)) - Added filter static_user_filter (class=org.apache.hadoop.http.lib.StaticUserWebFilter$StaticUserFilter) to context static
2023-02-17 01:32:37,624 [Listener at 127.0.0.1/33393] INFO  http.HttpServer2 (HttpServer2.java:addFilter(1015)) - Added filter static_user_filter (class=org.apache.hadoop.http.lib.StaticUserWebFilter$StaticUserFilter) to context logs
2023-02-17 01:32:37,624 [Listener at 127.0.0.1/33393] INFO  http.HttpServer2 (HttpServer2.java:bindListener(1250)) - Jetty bound to port 34511
2023-02-17 01:32:37,624 [Listener at 127.0.0.1/33393] INFO  server.Server (Server.java:doStart(375)) - jetty-9.4.49.v20220914; built: 2022-09-14T01:07:36.601Z; git: 4231a3b2e4cb8548a412a789936d640a97b1aa0a; jvm 1.8.0_362-b09
2023-02-17 01:32:37,627 [Listener at 127.0.0.1/33393] INFO  server.session (DefaultSessionIdManager.java:doStart(334)) - DefaultSessionIdManager workerName=node0
2023-02-17 01:32:37,627 [Listener at 127.0.0.1/33393] INFO  server.session (DefaultSessionIdManager.java:doStart(339)) - No SessionScavenger set, using defaults
2023-02-17 01:32:37,627 [Listener at 127.0.0.1/33393] INFO  server.session (HouseKeeper.java:startScavenging(132)) - node0 Scavenging every 600000ms
2023-02-17 01:32:37,628 [Listener at 127.0.0.1/33393] INFO  handler.ContextHandler (ContextHandler.java:doStart(921)) - Started o.e.j.s.ServletContextHandler@4355f900{logs,/logs,file:///home/runner/work/ozone/ozone/hadoop-ozone/integration-test/target/log,AVAILABLE}
2023-02-17 01:32:37,629 [Listener at 127.0.0.1/33393] INFO  handler.ContextHandler (ContextHandler.java:doStart(921)) - Started o.e.j.s.ServletContextHandler@3c6f420f{static,/static,file:///home/runner/work/ozone/ozone/hadoop-ozone/integration-test/target/test-classes/webapps/static,AVAILABLE}
2023-02-17 01:32:37,632 [Listener at 127.0.0.1/33393] INFO  handler.ContextHandler (ContextHandler.java:doStart(921)) - Started o.e.j.w.WebAppContext@44143892{ozoneManager,/,file:///home/runner/work/ozone/ozone/hadoop-ozone/integration-test/target/test-classes/webapps/ozoneManager/,AVAILABLE}{file:/home/runner/work/ozone/ozone/hadoop-ozone/integration-test/target/test-classes/webapps/ozoneManager}
2023-02-17 01:32:37,637 [Listener at 127.0.0.1/33393] INFO  server.AbstractConnector (AbstractConnector.java:doStart(333)) - Started ServerConnector@46273c1f{HTTP/1.1, (http/1.1)}{0.0.0.0:34511}
2023-02-17 01:32:37,637 [Listener at 127.0.0.1/33393] INFO  server.Server (Server.java:doStart(415)) - Started @31231ms
2023-02-17 01:32:37,637 [Listener at 127.0.0.1/33393] WARN  impl.MetricsSystemImpl (MetricsSystemImpl.java:register(279)) - Sink prometheus already exists!
2023-02-17 01:32:37,638 [Listener at 127.0.0.1/33393] INFO  http.BaseHttpServer (BaseHttpServer.java:updateConnectorAddress(333)) - HTTP server of ozoneManager listening at http://0.0.0.0:34511
2023-02-17 01:32:37,641 [IPC Server Responder] INFO  ipc.Server (Server.java:run(1512)) - IPC Server Responder: starting
2023-02-17 01:32:37,641 [IPC Server listener on 0] INFO  ipc.Server (Server.java:run(1352)) - IPC Server listener on 0: starting
2023-02-17 01:32:37,644 [Listener at 127.0.0.1/33393] INFO  om.OzoneManager (OzoneManager.java:startTrashEmptier(2024)) - Trash Interval set to 0. Files deleted won't move to trash
2023-02-17 01:32:37,660 [org.apache.hadoop.util.JvmPauseMonitor$Monitor@6f450846] INFO  util.JvmPauseMonitor (JvmPauseMonitor.java:run(188)) - Starting JVM pause monitor
2023-02-17 01:32:37,671 [Listener at 127.0.0.1/33393] WARN  impl.MetricRegistriesImpl (MetricRegistriesImpl.java:addReporterRegistration(111)) - New reporters are added after registries were created. Some metrics will be missing from the reporter. Please add reporter before adding any new registry.
2023-02-17 01:32:37,671 [Listener at 127.0.0.1/33393] WARN  impl.MetricRegistriesImpl (MetricRegistriesImpl.java:addReporterRegistration(111)) - New reporters are added after registries were created. Some metrics will be missing from the reporter. Please add reporter before adding any new registry.
2023-02-17 01:32:37,671 [Listener at 127.0.0.1/33393] INFO  impl.MetricsSystemImpl (MetricsSystemImpl.java:init(158)) - HddsDatanode metrics system started (again)
2023-02-17 01:32:37,683 [Listener at 127.0.0.1/33393] INFO  ozone.HddsDatanodeService (HddsDatanodeService.java:start(228)) - HddsDatanodeService host:fv-az249-264.ubt5suc3ufjutoeqyo4zsso0he.gx.internal.cloudapp.net ip:10.1.0.190
2023-02-17 01:32:37,713 [Listener at 127.0.0.1/33393] INFO  upgrade.AbstractLayoutVersionManager (AbstractLayoutVersionManager.java:init(83)) - Initializing Layout version manager with metadata layout = DATANODE_SCHEMA_V3 (version = 4), software layout = DATANODE_SCHEMA_V3 (version = 4)
2023-02-17 01:32:37,767 [Listener at 127.0.0.1/33393] INFO  reflections.Reflections (Reflections.java:scan(232)) - Reflections took 53 ms to scan 7 urls, producing 150 keys and 362 values 
2023-02-17 01:32:37,770 [Listener at 127.0.0.1/33393] INFO  statemachine.DatanodeStateMachine (DatanodeStateMachine.java:getEndPointTaskThreadPoolSize(260)) - Datanode State Machine Task Thread Pool size 2
2023-02-17 01:32:37,778 [Listener at 127.0.0.1/33393] INFO  volume.HddsVolume (HddsVolume.java:<init>(122)) - Creating HddsVolume: /home/runner/work/ozone/ozone/hadoop-ozone/integration-test/target/test-dir/MiniOzoneClusterImpl-89702d93-5b91-44b6-9f2b-a559f3ead11e/datanode-0/data-0/containers/hdds of storage type : DISK capacity : 9223372036854775807
2023-02-17 01:32:37,778 [Listener at 127.0.0.1/33393] INFO  volume.MutableVolumeSet (MutableVolumeSet.java:initializeVolumeSet(174)) - Added Volume : /home/runner/work/ozone/ozone/hadoop-ozone/integration-test/target/test-dir/MiniOzoneClusterImpl-89702d93-5b91-44b6-9f2b-a559f3ead11e/datanode-0/data-0/containers/hdds to VolumeSet
2023-02-17 01:32:37,778 [Listener at 127.0.0.1/33393] INFO  volume.ThrottledAsyncChecker (ThrottledAsyncChecker.java:schedule(141)) - Scheduling a check for /home/runner/work/ozone/ozone/hadoop-ozone/integration-test/target/test-dir/MiniOzoneClusterImpl-89702d93-5b91-44b6-9f2b-a559f3ead11e/datanode-0/data-0/containers/hdds
2023-02-17 01:32:37,779 [Listener at 127.0.0.1/33393] INFO  volume.StorageVolumeChecker (StorageVolumeChecker.java:checkAllVolumes(202)) - Scheduled health check for volume /home/runner/work/ozone/ozone/hadoop-ozone/integration-test/target/test-dir/MiniOzoneClusterImpl-89702d93-5b91-44b6-9f2b-a559f3ead11e/datanode-0/data-0/containers/hdds
2023-02-17 01:32:37,791 [Listener at 127.0.0.1/33393] INFO  volume.MutableVolumeSet (MutableVolumeSet.java:initializeVolumeSet(174)) - Added Volume : /home/runner/work/ozone/ozone/hadoop-ozone/integration-test/target/test-dir/MiniOzoneClusterImpl-89702d93-5b91-44b6-9f2b-a559f3ead11e/datanode-0/data/ratis to VolumeSet
2023-02-17 01:32:37,792 [Listener at 127.0.0.1/33393] INFO  volume.ThrottledAsyncChecker (ThrottledAsyncChecker.java:schedule(141)) - Scheduling a check for /home/runner/work/ozone/ozone/hadoop-ozone/integration-test/target/test-dir/MiniOzoneClusterImpl-89702d93-5b91-44b6-9f2b-a559f3ead11e/datanode-0/data/ratis
2023-02-17 01:32:37,792 [Listener at 127.0.0.1/33393] INFO  volume.StorageVolumeChecker (StorageVolumeChecker.java:checkAllVolumes(202)) - Scheduled health check for volume /home/runner/work/ozone/ozone/hadoop-ozone/integration-test/target/test-dir/MiniOzoneClusterImpl-89702d93-5b91-44b6-9f2b-a559f3ead11e/datanode-0/data/ratis
2023-02-17 01:32:37,803 [Thread-613] INFO  ozoneimpl.ContainerReader (ContainerReader.java:readVolume(175)) - Finish verifying containers on volume /home/runner/work/ozone/ozone/hadoop-ozone/integration-test/target/test-dir/MiniOzoneClusterImpl-89702d93-5b91-44b6-9f2b-a559f3ead11e/datanode-0/data-0/containers/hdds
2023-02-17 01:32:37,803 [Listener at 127.0.0.1/33393] INFO  ozoneimpl.OzoneContainer (OzoneContainer.java:buildContainerSet(304)) - Build ContainerSet costs 0s
2023-02-17 01:32:37,806 [Listener at 127.0.0.1/33393] INFO  server.RaftServer (ConfUtils.java:logGet(46)) - raft.rpc.type = GRPC (default)
2023-02-17 01:32:37,806 [Listener at 127.0.0.1/33393] INFO  grpc.GrpcConfigKeys (ConfUtils.java:logFallback(53)) - raft.grpc.admin.host = null (fallback to raft.grpc.server.host)
2023-02-17 01:32:37,807 [Listener at 127.0.0.1/33393] INFO  grpc.GrpcConfigKeys (ConfUtils.java:logGet(46)) - raft.grpc.admin.port = 0 (custom)
2023-02-17 01:32:37,807 [Listener at 127.0.0.1/33393] INFO  grpc.GrpcConfigKeys (ConfUtils.java:logFallback(53)) - raft.grpc.client.host = null (fallback to raft.grpc.server.host)
2023-02-17 01:32:37,807 [Listener at 127.0.0.1/33393] INFO  grpc.GrpcConfigKeys (ConfUtils.java:logGet(46)) - raft.grpc.client.port = 0 (custom)
2023-02-17 01:32:37,807 [Listener at 127.0.0.1/33393] INFO  grpc.GrpcConfigKeys (ConfUtils.java:logGet(46)) - raft.grpc.server.host = null (default)
2023-02-17 01:32:37,807 [Listener at 127.0.0.1/33393] INFO  grpc.GrpcConfigKeys (ConfUtils.java:logGet(46)) - raft.grpc.server.port = 0 (default)
2023-02-17 01:32:37,807 [Listener at 127.0.0.1/33393] INFO  server.GrpcService (ConfUtils.java:logGet(46)) - raft.grpc.message.size.max = 32MB (=33554432) (custom)
2023-02-17 01:32:37,807 [Listener at 127.0.0.1/33393] INFO  server.RaftServerConfigKeys (ConfUtils.java:logGet(46)) - raft.server.log.appender.buffer.byte-limit = 33554432 (custom)
2023-02-17 01:32:37,807 [Listener at 127.0.0.1/33393] INFO  server.GrpcService (ConfUtils.java:logGet(46)) - raft.grpc.flow.control.window = 5MB (=5242880) (custom)
2023-02-17 01:32:37,807 [Listener at 127.0.0.1/33393] INFO  server.RaftServerConfigKeys (ConfUtils.java:logGet(46)) - raft.server.rpc.request.timeout = 3000ms (default)
2023-02-17 01:32:37,808 [Listener at 127.0.0.1/33393] INFO  grpc.GrpcConfigKeys (ConfUtils.java:logGet(46)) - raft.grpc.server.heartbeat.channel = true (default)
2023-02-17 01:32:37,808 [Listener at 127.0.0.1/33393] INFO  grpc.GrpcConfigKeys (ConfUtils.java:logGet(46)) - raft.grpc.server.async.request.thread.pool.cached = true (default)
2023-02-17 01:32:37,808 [Listener at 127.0.0.1/33393] INFO  grpc.GrpcConfigKeys (ConfUtils.java:logGet(46)) - raft.grpc.server.async.request.thread.pool.size = 32 (default)
2023-02-17 01:32:37,809 [Listener at 127.0.0.1/33393] INFO  impl.DataStreamServerImpl (ConfUtils.java:logGet(46)) - raft.datastream.type = NETTY (custom)
2023-02-17 01:32:37,809 [Listener at 127.0.0.1/33393] INFO  server.RaftServerConfigKeys (ConfUtils.java:logGet(46)) - raft.server.data-stream.async.request.thread.pool.cached = false (default)
2023-02-17 01:32:37,809 [Listener at 127.0.0.1/33393] INFO  server.RaftServerConfigKeys (ConfUtils.java:logGet(46)) - raft.server.data-stream.async.request.thread.pool.size = 20 (custom)
2023-02-17 01:32:37,810 [Listener at 127.0.0.1/33393] INFO  server.RaftServerConfigKeys (ConfUtils.java:logGet(46)) - raft.server.data-stream.async.write.thread.pool.size = 16 (default)
2023-02-17 01:32:37,810 [Listener at 127.0.0.1/33393] INFO  server.RaftServerConfigKeys (ConfUtils.java:logGet(46)) - raft.server.data-stream.client.pool.size = 10 (default)
2023-02-17 01:32:37,810 [Listener at 127.0.0.1/33393] INFO  netty.NettyConfigKeys$DataStream (ConfUtils.java:logGet(46)) - raft.netty.dataStream.server.use-epoll = false (default)
2023-02-17 01:32:37,810 [Listener at 127.0.0.1/33393] INFO  netty.NettyConfigKeys$DataStream (ConfUtils.java:logGet(46)) - raft.netty.dataStream.server.boss-group.size = 0 (default)
2023-02-17 01:32:37,811 [Listener at 127.0.0.1/33393] INFO  netty.NettyConfigKeys$DataStream (ConfUtils.java:logGet(46)) - raft.netty.dataStream.server.worker-group.size = 0 (default)
2023-02-17 01:32:37,812 [Listener at 127.0.0.1/33393] INFO  netty.NettyConfigKeys$DataStream (ConfUtils.java:logGet(46)) - raft.netty.dataStream.server.tls.conf = null (default)
2023-02-17 01:32:37,812 [Listener at 127.0.0.1/33393] INFO  netty.NettyConfigKeys$DataStream (ConfUtils.java:logGet(46)) - raft.netty.dataStream.host = null (default)
2023-02-17 01:32:37,812 [Listener at 127.0.0.1/33393] INFO  netty.NettyConfigKeys$DataStream (ConfUtils.java:logGet(46)) - raft.netty.dataStream.port = 0 (default)
2023-02-17 01:32:37,813 [Listener at 127.0.0.1/33393] INFO  server.RaftServerConfigKeys (ConfUtils.java:logGet(46)) - raft.server.threadpool.proxy.cached = true (default)
2023-02-17 01:32:37,813 [Listener at 127.0.0.1/33393] INFO  server.RaftServerConfigKeys (ConfUtils.java:logGet(46)) - raft.server.threadpool.proxy.size = 0 (default)
2023-02-17 01:32:37,813 [Listener at 127.0.0.1/33393] INFO  server.RaftServerConfigKeys (ConfUtils.java:logGet(46)) - raft.server.rpc.slowness.timeout = 300000ms (custom)
2023-02-17 01:32:37,813 [Listener at 127.0.0.1/33393] INFO  server.RaftServerConfigKeys (ConfUtils.java:logGet(46)) - raft.server.leaderelection.leader.step-down.wait-time = 10s (default)
2023-02-17 01:32:37,813 [Listener at 127.0.0.1/33393] INFO  server.RaftServerConfigKeys (ConfUtils.java:logGet(46)) - raft.server.storage.dir = [/home/runner/work/ozone/ozone/hadoop-ozone/integration-test/target/test-dir/MiniOzoneClusterImpl-89702d93-5b91-44b6-9f2b-a559f3ead11e/datanode-0/data/ratis] (custom)
2023-02-17 01:32:37,820 [fbb73901-9846-46e5-9041-04081d17ecdb-NettyServerStreamRpc-bossGroup--thread1] INFO  logging.LoggingHandler (AbstractInternalLogger.java:log(148)) - [id: 0x6384eaf4] REGISTERED
2023-02-17 01:32:37,820 [fbb73901-9846-46e5-9041-04081d17ecdb-NettyServerStreamRpc-bossGroup--thread1] INFO  logging.LoggingHandler (AbstractInternalLogger.java:log(148)) - [id: 0x6384eaf4] BIND: 0.0.0.0/0.0.0.0:0
2023-02-17 01:32:37,820 [fbb73901-9846-46e5-9041-04081d17ecdb-NettyServerStreamRpc-bossGroup--thread1] INFO  logging.LoggingHandler (AbstractInternalLogger.java:log(148)) - [id: 0x6384eaf4, L:/0:0:0:0:0:0:0:0:41727] ACTIVE
2023-02-17 01:32:37,823 [Listener at 127.0.0.1/33393] INFO  server.XceiverServerGrpc (XceiverServerGrpc.java:<init>(132)) - GrpcServer channel type EpollServerSocketChannel
2023-02-17 01:32:37,827 [Listener at 127.0.0.1/33393] INFO  http.BaseHttpServer (BaseHttpServer.java:newHttpServer2BuilderForOzone(213)) - Starting Web-server for hddsDatanode at: http://0.0.0.0:0
2023-02-17 01:32:37,827 [Listener at 127.0.0.1/33393] INFO  http.BaseHttpServer (BaseHttpServer.java:<init>(108)) - Hadoop Security Enabled: false Ozone Security Enabled: false Ozone HTTP Security Enabled: false 
2023-02-17 01:32:37,830 [Listener at 127.0.0.1/33393] WARN  server.AuthenticationFilter (AuthenticationFilter.java:constructSecretProvider(240)) - Unable to initialize FileSignerSecretProvider, falling back to use random secrets. Reason: Could not read signature secret file: /home/runner/hadoop-http-auth-signature-secret
2023-02-17 01:32:37,833 [Listener at 127.0.0.1/33393] WARN  http.HttpRequestLog (HttpRequestLog.java:getRequestLog(103)) - Jetty request log can only be enabled using Log4j
2023-02-17 01:32:37,835 [Listener at 127.0.0.1/33393] INFO  http.HttpServer2 (HttpServer2.java:addGlobalFilter(1031)) - Added global filter 'safety' (class=org.apache.hadoop.hdds.server.http.HttpServer2$QuotingInputFilter)
2023-02-17 01:32:37,835 [Listener at 127.0.0.1/33393] INFO  http.HttpServer2 (HttpServer2.java:addFilter(1007)) - Added filter static_user_filter (class=org.apache.hadoop.http.lib.StaticUserWebFilter$StaticUserFilter) to context hddsDatanode
2023-02-17 01:32:37,836 [Listener at 127.0.0.1/33393] INFO  http.HttpServer2 (HttpServer2.java:addFilter(1015)) - Added filter static_user_filter (class=org.apache.hadoop.http.lib.StaticUserWebFilter$StaticUserFilter) to context static
2023-02-17 01:32:37,836 [Listener at 127.0.0.1/33393] INFO  http.HttpServer2 (HttpServer2.java:addFilter(1015)) - Added filter static_user_filter (class=org.apache.hadoop.http.lib.StaticUserWebFilter$StaticUserFilter) to context logs
2023-02-17 01:32:37,837 [Listener at 127.0.0.1/33393] INFO  http.HttpServer2 (HttpServer2.java:bindListener(1250)) - Jetty bound to port 35605
2023-02-17 01:32:37,837 [Listener at 127.0.0.1/33393] INFO  server.Server (Server.java:doStart(375)) - jetty-9.4.49.v20220914; built: 2022-09-14T01:07:36.601Z; git: 4231a3b2e4cb8548a412a789936d640a97b1aa0a; jvm 1.8.0_362-b09
2023-02-17 01:32:37,838 [Listener at 127.0.0.1/33393] INFO  server.session (DefaultSessionIdManager.java:doStart(334)) - DefaultSessionIdManager workerName=node0
2023-02-17 01:32:37,839 [Listener at 127.0.0.1/33393] INFO  server.session (DefaultSessionIdManager.java:doStart(339)) - No SessionScavenger set, using defaults
2023-02-17 01:32:37,839 [Listener at 127.0.0.1/33393] INFO  server.session (HouseKeeper.java:startScavenging(132)) - node0 Scavenging every 600000ms
2023-02-17 01:32:37,839 [Listener at 127.0.0.1/33393] INFO  handler.ContextHandler (ContextHandler.java:doStart(921)) - Started o.e.j.s.ServletContextHandler@6335a939{logs,/logs,file:///home/runner/work/ozone/ozone/hadoop-ozone/integration-test/target/log,AVAILABLE}
2023-02-17 01:32:37,840 [Listener at 127.0.0.1/33393] INFO  handler.ContextHandler (ContextHandler.java:doStart(921)) - Started o.e.j.s.ServletContextHandler@36d49430{static,/static,jar:file:/home/runner/.m2/repository/org/apache/ozone/hdds-container-service/1.4.0-SNAPSHOT/hdds-container-service-1.4.0-SNAPSHOT.jar!/webapps/static,AVAILABLE}
2023-02-17 01:32:38,050 [Listener at 127.0.0.1/33393] INFO  handler.ContextHandler (ContextHandler.java:doStart(921)) - Started o.e.j.w.WebAppContext@6ec5e204{hddsDatanode,/,file:///tmp/jetty-0_0_0_0-35605-hdds-container-service-1_4_0-SNAPSHOT_jar-_-any-7815654354895721400/webapp/,AVAILABLE}{jar:file:/home/runner/.m2/repository/org/apache/ozone/hdds-container-service/1.4.0-SNAPSHOT/hdds-container-service-1.4.0-SNAPSHOT.jar!/webapps/hddsDatanode}
2023-02-17 01:32:38,051 [Listener at 127.0.0.1/33393] INFO  server.AbstractConnector (AbstractConnector.java:doStart(333)) - Started ServerConnector@4248a15b{HTTP/1.1, (http/1.1)}{0.0.0.0:35605}
2023-02-17 01:32:38,051 [Listener at 127.0.0.1/33393] INFO  server.Server (Server.java:doStart(415)) - Started @31645ms
2023-02-17 01:32:38,051 [Listener at 127.0.0.1/33393] WARN  impl.MetricsSystemImpl (MetricsSystemImpl.java:register(279)) - Sink prometheus already exists!
2023-02-17 01:32:38,052 [Listener at 127.0.0.1/33393] INFO  http.BaseHttpServer (BaseHttpServer.java:updateConnectorAddress(333)) - HTTP server of hddsDatanode listening at http://0.0.0.0:35605
2023-02-17 01:32:38,054 [Listener at 127.0.0.1/33393] WARN  impl.MetricRegistriesImpl (MetricRegistriesImpl.java:addReporterRegistration(111)) - New reporters are added after registries were created. Some metrics will be missing from the reporter. Please add reporter before adding any new registry.
2023-02-17 01:32:38,054 [Listener at 127.0.0.1/33393] WARN  impl.MetricRegistriesImpl (MetricRegistriesImpl.java:addReporterRegistration(111)) - New reporters are added after registries were created. Some metrics will be missing from the reporter. Please add reporter before adding any new registry.
2023-02-17 01:32:38,054 [Listener at 127.0.0.1/33393] INFO  impl.MetricsSystemImpl (MetricsSystemImpl.java:init(158)) - HddsDatanode metrics system started (again)
2023-02-17 01:32:38,059 [Datanode State Machine Daemon Thread] INFO  statemachine.DatanodeStateMachine (DatanodeStateMachine.java:lambda$startDaemon$0(516)) - Ozone container server started.
2023-02-17 01:32:38,068 [org.apache.hadoop.util.JvmPauseMonitor$Monitor@70281cd7] INFO  util.JvmPauseMonitor (JvmPauseMonitor.java:run(188)) - Starting JVM pause monitor
2023-02-17 01:32:38,071 [Listener at 127.0.0.1/33393] INFO  ozone.HddsDatanodeService (HddsDatanodeService.java:start(228)) - HddsDatanodeService host:fv-az249-264.ubt5suc3ufjutoeqyo4zsso0he.gx.internal.cloudapp.net ip:10.1.0.190
2023-02-17 01:32:38,080 [Datanode State Machine Task Thread - 0] INFO  datanode.InitDatanodeState (InitDatanodeState.java:persistContainerDatanodeDetails(138)) - DatanodeDetails is persisted to /home/runner/work/ozone/ozone/hadoop-ozone/integration-test/target/test-dir/MiniOzoneClusterImpl-89702d93-5b91-44b6-9f2b-a559f3ead11e/datanode-0/meta/datanode.id
2023-02-17 01:32:38,099 [Listener at 127.0.0.1/33393] INFO  upgrade.AbstractLayoutVersionManager (AbstractLayoutVersionManager.java:init(83)) - Initializing Layout version manager with metadata layout = DATANODE_SCHEMA_V3 (version = 4), software layout = DATANODE_SCHEMA_V3 (version = 4)
2023-02-17 01:32:38,148 [Listener at 127.0.0.1/33393] INFO  reflections.Reflections (Reflections.java:scan(232)) - Reflections took 48 ms to scan 7 urls, producing 150 keys and 362 values 
2023-02-17 01:32:38,152 [Listener at 127.0.0.1/33393] INFO  statemachine.DatanodeStateMachine (DatanodeStateMachine.java:getEndPointTaskThreadPoolSize(260)) - Datanode State Machine Task Thread Pool size 2
2023-02-17 01:32:38,160 [Listener at 127.0.0.1/33393] INFO  volume.HddsVolume (HddsVolume.java:<init>(122)) - Creating HddsVolume: /home/runner/work/ozone/ozone/hadoop-ozone/integration-test/target/test-dir/MiniOzoneClusterImpl-89702d93-5b91-44b6-9f2b-a559f3ead11e/datanode-1/data-0/containers/hdds of storage type : DISK capacity : 9223372036854775807
2023-02-17 01:32:38,160 [Listener at 127.0.0.1/33393] INFO  volume.MutableVolumeSet (MutableVolumeSet.java:initializeVolumeSet(174)) - Added Volume : /home/runner/work/ozone/ozone/hadoop-ozone/integration-test/target/test-dir/MiniOzoneClusterImpl-89702d93-5b91-44b6-9f2b-a559f3ead11e/datanode-1/data-0/containers/hdds to VolumeSet
2023-02-17 01:32:38,160 [Listener at 127.0.0.1/33393] INFO  volume.ThrottledAsyncChecker (ThrottledAsyncChecker.java:schedule(141)) - Scheduling a check for /home/runner/work/ozone/ozone/hadoop-ozone/integration-test/target/test-dir/MiniOzoneClusterImpl-89702d93-5b91-44b6-9f2b-a559f3ead11e/datanode-1/data-0/containers/hdds
2023-02-17 01:32:38,163 [Listener at 127.0.0.1/33393] INFO  volume.StorageVolumeChecker (StorageVolumeChecker.java:checkAllVolumes(202)) - Scheduled health check for volume /home/runner/work/ozone/ozone/hadoop-ozone/integration-test/target/test-dir/MiniOzoneClusterImpl-89702d93-5b91-44b6-9f2b-a559f3ead11e/datanode-1/data-0/containers/hdds
2023-02-17 01:32:38,176 [Listener at 127.0.0.1/33393] INFO  volume.MutableVolumeSet (MutableVolumeSet.java:initializeVolumeSet(174)) - Added Volume : /home/runner/work/ozone/ozone/hadoop-ozone/integration-test/target/test-dir/MiniOzoneClusterImpl-89702d93-5b91-44b6-9f2b-a559f3ead11e/datanode-1/data/ratis to VolumeSet
2023-02-17 01:32:38,177 [Listener at 127.0.0.1/33393] INFO  volume.ThrottledAsyncChecker (ThrottledAsyncChecker.java:schedule(141)) - Scheduling a check for /home/runner/work/ozone/ozone/hadoop-ozone/integration-test/target/test-dir/MiniOzoneClusterImpl-89702d93-5b91-44b6-9f2b-a559f3ead11e/datanode-1/data/ratis
2023-02-17 01:32:38,177 [Listener at 127.0.0.1/33393] INFO  volume.StorageVolumeChecker (StorageVolumeChecker.java:checkAllVolumes(202)) - Scheduled health check for volume /home/runner/work/ozone/ozone/hadoop-ozone/integration-test/target/test-dir/MiniOzoneClusterImpl-89702d93-5b91-44b6-9f2b-a559f3ead11e/datanode-1/data/ratis
2023-02-17 01:32:38,189 [Thread-627] INFO  ozoneimpl.ContainerReader (ContainerReader.java:readVolume(175)) - Finish verifying containers on volume /home/runner/work/ozone/ozone/hadoop-ozone/integration-test/target/test-dir/MiniOzoneClusterImpl-89702d93-5b91-44b6-9f2b-a559f3ead11e/datanode-1/data-0/containers/hdds
2023-02-17 01:32:38,189 [Listener at 127.0.0.1/33393] INFO  ozoneimpl.OzoneContainer (OzoneContainer.java:buildContainerSet(304)) - Build ContainerSet costs 0s
2023-02-17 01:32:38,191 [Listener at 127.0.0.1/33393] INFO  server.RaftServer (ConfUtils.java:logGet(46)) - raft.rpc.type = GRPC (default)
2023-02-17 01:32:38,191 [Listener at 127.0.0.1/33393] INFO  grpc.GrpcConfigKeys (ConfUtils.java:logFallback(53)) - raft.grpc.admin.host = null (fallback to raft.grpc.server.host)
2023-02-17 01:32:38,191 [Listener at 127.0.0.1/33393] INFO  grpc.GrpcConfigKeys (ConfUtils.java:logGet(46)) - raft.grpc.admin.port = 0 (custom)
2023-02-17 01:32:38,192 [Listener at 127.0.0.1/33393] INFO  grpc.GrpcConfigKeys (ConfUtils.java:logFallback(53)) - raft.grpc.client.host = null (fallback to raft.grpc.server.host)
2023-02-17 01:32:38,192 [Listener at 127.0.0.1/33393] INFO  grpc.GrpcConfigKeys (ConfUtils.java:logGet(46)) - raft.grpc.client.port = 0 (custom)
2023-02-17 01:32:38,192 [Listener at 127.0.0.1/33393] INFO  grpc.GrpcConfigKeys (ConfUtils.java:logGet(46)) - raft.grpc.server.host = null (default)
2023-02-17 01:32:38,192 [Listener at 127.0.0.1/33393] INFO  grpc.GrpcConfigKeys (ConfUtils.java:logGet(46)) - raft.grpc.server.port = 0 (default)
2023-02-17 01:32:38,192 [Listener at 127.0.0.1/33393] INFO  server.GrpcService (ConfUtils.java:logGet(46)) - raft.grpc.message.size.max = 32MB (=33554432) (custom)
2023-02-17 01:32:38,192 [Listener at 127.0.0.1/33393] INFO  server.RaftServerConfigKeys (ConfUtils.java:logGet(46)) - raft.server.log.appender.buffer.byte-limit = 33554432 (custom)
2023-02-17 01:32:38,192 [Listener at 127.0.0.1/33393] INFO  server.GrpcService (ConfUtils.java:logGet(46)) - raft.grpc.flow.control.window = 5MB (=5242880) (custom)
2023-02-17 01:32:38,192 [Listener at 127.0.0.1/33393] INFO  server.RaftServerConfigKeys (ConfUtils.java:logGet(46)) - raft.server.rpc.request.timeout = 3000ms (default)
2023-02-17 01:32:38,192 [Listener at 127.0.0.1/33393] INFO  grpc.GrpcConfigKeys (ConfUtils.java:logGet(46)) - raft.grpc.server.heartbeat.channel = true (default)
2023-02-17 01:32:38,192 [Listener at 127.0.0.1/33393] INFO  grpc.GrpcConfigKeys (ConfUtils.java:logGet(46)) - raft.grpc.server.async.request.thread.pool.cached = true (default)
2023-02-17 01:32:38,192 [Listener at 127.0.0.1/33393] INFO  grpc.GrpcConfigKeys (ConfUtils.java:logGet(46)) - raft.grpc.server.async.request.thread.pool.size = 32 (default)
2023-02-17 01:32:38,193 [Listener at 127.0.0.1/33393] INFO  impl.DataStreamServerImpl (ConfUtils.java:logGet(46)) - raft.datastream.type = NETTY (custom)
2023-02-17 01:32:38,194 [Listener at 127.0.0.1/33393] INFO  server.RaftServerConfigKeys (ConfUtils.java:logGet(46)) - raft.server.data-stream.async.request.thread.pool.cached = false (default)
2023-02-17 01:32:38,195 [Listener at 127.0.0.1/33393] INFO  server.RaftServerConfigKeys (ConfUtils.java:logGet(46)) - raft.server.data-stream.async.request.thread.pool.size = 20 (custom)
2023-02-17 01:32:38,195 [Listener at 127.0.0.1/33393] INFO  server.RaftServerConfigKeys (ConfUtils.java:logGet(46)) - raft.server.data-stream.async.write.thread.pool.size = 16 (default)
2023-02-17 01:32:38,195 [Listener at 127.0.0.1/33393] INFO  server.RaftServerConfigKeys (ConfUtils.java:logGet(46)) - raft.server.data-stream.client.pool.size = 10 (default)
2023-02-17 01:32:38,195 [Listener at 127.0.0.1/33393] INFO  netty.NettyConfigKeys$DataStream (ConfUtils.java:logGet(46)) - raft.netty.dataStream.server.use-epoll = false (default)
2023-02-17 01:32:38,195 [Listener at 127.0.0.1/33393] INFO  netty.NettyConfigKeys$DataStream (ConfUtils.java:logGet(46)) - raft.netty.dataStream.server.boss-group.size = 0 (default)
2023-02-17 01:32:38,195 [Listener at 127.0.0.1/33393] INFO  netty.NettyConfigKeys$DataStream (ConfUtils.java:logGet(46)) - raft.netty.dataStream.server.worker-group.size = 0 (default)
2023-02-17 01:32:38,196 [Listener at 127.0.0.1/33393] INFO  netty.NettyConfigKeys$DataStream (ConfUtils.java:logGet(46)) - raft.netty.dataStream.server.tls.conf = null (default)
2023-02-17 01:32:38,196 [Listener at 127.0.0.1/33393] INFO  netty.NettyConfigKeys$DataStream (ConfUtils.java:logGet(46)) - raft.netty.dataStream.host = null (default)
2023-02-17 01:32:38,196 [Listener at 127.0.0.1/33393] INFO  netty.NettyConfigKeys$DataStream (ConfUtils.java:logGet(46)) - raft.netty.dataStream.port = 0 (default)
2023-02-17 01:32:38,196 [Listener at 127.0.0.1/33393] INFO  server.RaftServerConfigKeys (ConfUtils.java:logGet(46)) - raft.server.threadpool.proxy.cached = true (default)
2023-02-17 01:32:38,197 [Listener at 127.0.0.1/33393] INFO  server.RaftServerConfigKeys (ConfUtils.java:logGet(46)) - raft.server.threadpool.proxy.size = 0 (default)
2023-02-17 01:32:38,197 [Listener at 127.0.0.1/33393] INFO  server.RaftServerConfigKeys (ConfUtils.java:logGet(46)) - raft.server.rpc.slowness.timeout = 300000ms (custom)
2023-02-17 01:32:38,197 [Listener at 127.0.0.1/33393] INFO  server.RaftServerConfigKeys (ConfUtils.java:logGet(46)) - raft.server.leaderelection.leader.step-down.wait-time = 10s (default)
2023-02-17 01:32:38,197 [Listener at 127.0.0.1/33393] INFO  server.RaftServerConfigKeys (ConfUtils.java:logGet(46)) - raft.server.storage.dir = [/home/runner/work/ozone/ozone/hadoop-ozone/integration-test/target/test-dir/MiniOzoneClusterImpl-89702d93-5b91-44b6-9f2b-a559f3ead11e/datanode-1/data/ratis] (custom)
2023-02-17 01:32:38,197 [1131348d-894a-4e58-906f-f7279fcc8226-NettyServerStreamRpc-bossGroup--thread1] INFO  logging.LoggingHandler (AbstractInternalLogger.java:log(148)) - [id: 0x825fa339] REGISTERED
2023-02-17 01:32:38,198 [1131348d-894a-4e58-906f-f7279fcc8226-NettyServerStreamRpc-bossGroup--thread1] INFO  logging.LoggingHandler (AbstractInternalLogger.java:log(148)) - [id: 0x825fa339] BIND: 0.0.0.0/0.0.0.0:0
2023-02-17 01:32:38,198 [1131348d-894a-4e58-906f-f7279fcc8226-NettyServerStreamRpc-bossGroup--thread1] INFO  logging.LoggingHandler (AbstractInternalLogger.java:log(148)) - [id: 0x825fa339, L:/0:0:0:0:0:0:0:0:37409] ACTIVE
2023-02-17 01:32:38,200 [Listener at 127.0.0.1/33393] INFO  server.XceiverServerGrpc (XceiverServerGrpc.java:<init>(132)) - GrpcServer channel type EpollServerSocketChannel
2023-02-17 01:32:38,203 [Listener at 127.0.0.1/33393] INFO  http.BaseHttpServer (BaseHttpServer.java:newHttpServer2BuilderForOzone(213)) - Starting Web-server for hddsDatanode at: http://0.0.0.0:0
2023-02-17 01:32:38,203 [Listener at 127.0.0.1/33393] INFO  http.BaseHttpServer (BaseHttpServer.java:<init>(108)) - Hadoop Security Enabled: false Ozone Security Enabled: false Ozone HTTP Security Enabled: false 
2023-02-17 01:32:38,205 [Listener at 127.0.0.1/33393] WARN  server.AuthenticationFilter (AuthenticationFilter.java:constructSecretProvider(240)) - Unable to initialize FileSignerSecretProvider, falling back to use random secrets. Reason: Could not read signature secret file: /home/runner/hadoop-http-auth-signature-secret
2023-02-17 01:32:38,206 [Listener at 127.0.0.1/33393] WARN  http.HttpRequestLog (HttpRequestLog.java:getRequestLog(103)) - Jetty request log can only be enabled using Log4j
2023-02-17 01:32:38,207 [Listener at 127.0.0.1/33393] INFO  http.HttpServer2 (HttpServer2.java:addGlobalFilter(1031)) - Added global filter 'safety' (class=org.apache.hadoop.hdds.server.http.HttpServer2$QuotingInputFilter)
2023-02-17 01:32:38,208 [Listener at 127.0.0.1/33393] INFO  http.HttpServer2 (HttpServer2.java:addFilter(1007)) - Added filter static_user_filter (class=org.apache.hadoop.http.lib.StaticUserWebFilter$StaticUserFilter) to context hddsDatanode
2023-02-17 01:32:38,208 [Listener at 127.0.0.1/33393] INFO  http.HttpServer2 (HttpServer2.java:addFilter(1015)) - Added filter static_user_filter (class=org.apache.hadoop.http.lib.StaticUserWebFilter$StaticUserFilter) to context logs
2023-02-17 01:32:38,208 [Listener at 127.0.0.1/33393] INFO  http.HttpServer2 (HttpServer2.java:addFilter(1015)) - Added filter static_user_filter (class=org.apache.hadoop.http.lib.StaticUserWebFilter$StaticUserFilter) to context static
2023-02-17 01:32:38,208 [Listener at 127.0.0.1/33393] INFO  http.HttpServer2 (HttpServer2.java:bindListener(1250)) - Jetty bound to port 40119
2023-02-17 01:32:38,208 [Listener at 127.0.0.1/33393] INFO  server.Server (Server.java:doStart(375)) - jetty-9.4.49.v20220914; built: 2022-09-14T01:07:36.601Z; git: 4231a3b2e4cb8548a412a789936d640a97b1aa0a; jvm 1.8.0_362-b09
2023-02-17 01:32:38,212 [Listener at 127.0.0.1/33393] INFO  server.session (DefaultSessionIdManager.java:doStart(334)) - DefaultSessionIdManager workerName=node0
2023-02-17 01:32:38,212 [Listener at 127.0.0.1/33393] INFO  server.session (DefaultSessionIdManager.java:doStart(339)) - No SessionScavenger set, using defaults
2023-02-17 01:32:38,212 [Listener at 127.0.0.1/33393] INFO  server.session (HouseKeeper.java:startScavenging(132)) - node0 Scavenging every 660000ms
2023-02-17 01:32:38,213 [Listener at 127.0.0.1/33393] INFO  handler.ContextHandler (ContextHandler.java:doStart(921)) - Started o.e.j.s.ServletContextHandler@52d55407{logs,/logs,file:///home/runner/work/ozone/ozone/hadoop-ozone/integration-test/target/log,AVAILABLE}
2023-02-17 01:32:38,213 [Listener at 127.0.0.1/33393] INFO  handler.ContextHandler (ContextHandler.java:doStart(921)) - Started o.e.j.s.ServletContextHandler@22f6ff13{static,/static,jar:file:/home/runner/.m2/repository/org/apache/ozone/hdds-container-service/1.4.0-SNAPSHOT/hdds-container-service-1.4.0-SNAPSHOT.jar!/webapps/static,AVAILABLE}
2023-02-17 01:32:38,425 [Listener at 127.0.0.1/33393] INFO  handler.ContextHandler (ContextHandler.java:doStart(921)) - Started o.e.j.w.WebAppContext@49e49cac{hddsDatanode,/,file:///tmp/jetty-0_0_0_0-40119-hdds-container-service-1_4_0-SNAPSHOT_jar-_-any-2524476534828638581/webapp/,AVAILABLE}{jar:file:/home/runner/.m2/repository/org/apache/ozone/hdds-container-service/1.4.0-SNAPSHOT/hdds-container-service-1.4.0-SNAPSHOT.jar!/webapps/hddsDatanode}
2023-02-17 01:32:38,426 [Listener at 127.0.0.1/33393] INFO  server.AbstractConnector (AbstractConnector.java:doStart(333)) - Started ServerConnector@1202f3a2{HTTP/1.1, (http/1.1)}{0.0.0.0:40119}
2023-02-17 01:32:38,426 [Listener at 127.0.0.1/33393] INFO  server.Server (Server.java:doStart(415)) - Started @32020ms
2023-02-17 01:32:38,426 [Listener at 127.0.0.1/33393] WARN  impl.MetricsSystemImpl (MetricsSystemImpl.java:register(279)) - Sink prometheus already exists!
2023-02-17 01:32:38,427 [Listener at 127.0.0.1/33393] INFO  http.BaseHttpServer (BaseHttpServer.java:updateConnectorAddress(333)) - HTTP server of hddsDatanode listening at http://0.0.0.0:40119
2023-02-17 01:32:38,427 [Listener at 127.0.0.1/33393] WARN  impl.MetricRegistriesImpl (MetricRegistriesImpl.java:addReporterRegistration(111)) - New reporters are added after registries were created. Some metrics will be missing from the reporter. Please add reporter before adding any new registry.
2023-02-17 01:32:38,427 [Listener at 127.0.0.1/33393] WARN  impl.MetricRegistriesImpl (MetricRegistriesImpl.java:addReporterRegistration(111)) - New reporters are added after registries were created. Some metrics will be missing from the reporter. Please add reporter before adding any new registry.
2023-02-17 01:32:38,427 [Listener at 127.0.0.1/33393] INFO  impl.MetricsSystemImpl (MetricsSystemImpl.java:init(158)) - HddsDatanode metrics system started (again)
2023-02-17 01:32:38,434 [Datanode State Machine Daemon Thread] INFO  statemachine.DatanodeStateMachine (DatanodeStateMachine.java:lambda$startDaemon$0(516)) - Ozone container server started.
2023-02-17 01:32:38,447 [org.apache.hadoop.util.JvmPauseMonitor$Monitor@4736338e] INFO  util.JvmPauseMonitor (JvmPauseMonitor.java:run(188)) - Starting JVM pause monitor
2023-02-17 01:32:38,450 [Datanode State Machine Task Thread - 0] INFO  datanode.InitDatanodeState (InitDatanodeState.java:persistContainerDatanodeDetails(138)) - DatanodeDetails is persisted to /home/runner/work/ozone/ozone/hadoop-ozone/integration-test/target/test-dir/MiniOzoneClusterImpl-89702d93-5b91-44b6-9f2b-a559f3ead11e/datanode-1/meta/datanode.id
2023-02-17 01:32:38,452 [Listener at 127.0.0.1/33393] INFO  ozone.HddsDatanodeService (HddsDatanodeService.java:start(228)) - HddsDatanodeService host:fv-az249-264.ubt5suc3ufjutoeqyo4zsso0he.gx.internal.cloudapp.net ip:10.1.0.190
2023-02-17 01:32:38,474 [Listener at 127.0.0.1/33393] INFO  upgrade.AbstractLayoutVersionManager (AbstractLayoutVersionManager.java:init(83)) - Initializing Layout version manager with metadata layout = DATANODE_SCHEMA_V3 (version = 4), software layout = DATANODE_SCHEMA_V3 (version = 4)
2023-02-17 01:32:38,583 [Listener at 127.0.0.1/33393] INFO  reflections.Reflections (Reflections.java:scan(232)) - Reflections took 107 ms to scan 7 urls, producing 150 keys and 362 values 
2023-02-17 01:32:38,584 [Listener at 127.0.0.1/33393] INFO  statemachine.DatanodeStateMachine (DatanodeStateMachine.java:getEndPointTaskThreadPoolSize(260)) - Datanode State Machine Task Thread Pool size 2
2023-02-17 01:32:38,585 [Listener at 127.0.0.1/33393] INFO  volume.HddsVolume (HddsVolume.java:<init>(122)) - Creating HddsVolume: /home/runner/work/ozone/ozone/hadoop-ozone/integration-test/target/test-dir/MiniOzoneClusterImpl-89702d93-5b91-44b6-9f2b-a559f3ead11e/datanode-2/data-0/containers/hdds of storage type : DISK capacity : 9223372036854775807
2023-02-17 01:32:38,586 [Listener at 127.0.0.1/33393] INFO  volume.MutableVolumeSet (MutableVolumeSet.java:initializeVolumeSet(174)) - Added Volume : /home/runner/work/ozone/ozone/hadoop-ozone/integration-test/target/test-dir/MiniOzoneClusterImpl-89702d93-5b91-44b6-9f2b-a559f3ead11e/datanode-2/data-0/containers/hdds to VolumeSet
2023-02-17 01:32:38,586 [Listener at 127.0.0.1/33393] INFO  volume.ThrottledAsyncChecker (ThrottledAsyncChecker.java:schedule(141)) - Scheduling a check for /home/runner/work/ozone/ozone/hadoop-ozone/integration-test/target/test-dir/MiniOzoneClusterImpl-89702d93-5b91-44b6-9f2b-a559f3ead11e/datanode-2/data-0/containers/hdds
2023-02-17 01:32:38,587 [Listener at 127.0.0.1/33393] INFO  volume.StorageVolumeChecker (StorageVolumeChecker.java:checkAllVolumes(202)) - Scheduled health check for volume /home/runner/work/ozone/ozone/hadoop-ozone/integration-test/target/test-dir/MiniOzoneClusterImpl-89702d93-5b91-44b6-9f2b-a559f3ead11e/datanode-2/data-0/containers/hdds
2023-02-17 01:32:38,599 [Listener at 127.0.0.1/33393] INFO  volume.MutableVolumeSet (MutableVolumeSet.java:initializeVolumeSet(174)) - Added Volume : /home/runner/work/ozone/ozone/hadoop-ozone/integration-test/target/test-dir/MiniOzoneClusterImpl-89702d93-5b91-44b6-9f2b-a559f3ead11e/datanode-2/data/ratis to VolumeSet
2023-02-17 01:32:38,599 [Listener at 127.0.0.1/33393] INFO  volume.ThrottledAsyncChecker (ThrottledAsyncChecker.java:schedule(141)) - Scheduling a check for /home/runner/work/ozone/ozone/hadoop-ozone/integration-test/target/test-dir/MiniOzoneClusterImpl-89702d93-5b91-44b6-9f2b-a559f3ead11e/datanode-2/data/ratis
2023-02-17 01:32:38,599 [Listener at 127.0.0.1/33393] INFO  volume.StorageVolumeChecker (StorageVolumeChecker.java:checkAllVolumes(202)) - Scheduled health check for volume /home/runner/work/ozone/ozone/hadoop-ozone/integration-test/target/test-dir/MiniOzoneClusterImpl-89702d93-5b91-44b6-9f2b-a559f3ead11e/datanode-2/data/ratis
2023-02-17 01:32:38,610 [Thread-641] INFO  ozoneimpl.ContainerReader (ContainerReader.java:readVolume(175)) - Finish verifying containers on volume /home/runner/work/ozone/ozone/hadoop-ozone/integration-test/target/test-dir/MiniOzoneClusterImpl-89702d93-5b91-44b6-9f2b-a559f3ead11e/datanode-2/data-0/containers/hdds
2023-02-17 01:32:38,610 [Listener at 127.0.0.1/33393] INFO  ozoneimpl.OzoneContainer (OzoneContainer.java:buildContainerSet(304)) - Build ContainerSet costs 0s
2023-02-17 01:32:38,612 [Listener at 127.0.0.1/33393] INFO  server.RaftServer (ConfUtils.java:logGet(46)) - raft.rpc.type = GRPC (default)
2023-02-17 01:32:38,612 [Listener at 127.0.0.1/33393] INFO  grpc.GrpcConfigKeys (ConfUtils.java:logFallback(53)) - raft.grpc.admin.host = null (fallback to raft.grpc.server.host)
2023-02-17 01:32:38,612 [Listener at 127.0.0.1/33393] INFO  grpc.GrpcConfigKeys (ConfUtils.java:logGet(46)) - raft.grpc.admin.port = 0 (custom)
2023-02-17 01:32:38,612 [Listener at 127.0.0.1/33393] INFO  grpc.GrpcConfigKeys (ConfUtils.java:logFallback(53)) - raft.grpc.client.host = null (fallback to raft.grpc.server.host)
2023-02-17 01:32:38,612 [Listener at 127.0.0.1/33393] INFO  grpc.GrpcConfigKeys (ConfUtils.java:logGet(46)) - raft.grpc.client.port = 0 (custom)
2023-02-17 01:32:38,613 [Listener at 127.0.0.1/33393] INFO  grpc.GrpcConfigKeys (ConfUtils.java:logGet(46)) - raft.grpc.server.host = null (default)
2023-02-17 01:32:38,613 [Listener at 127.0.0.1/33393] INFO  grpc.GrpcConfigKeys (ConfUtils.java:logGet(46)) - raft.grpc.server.port = 0 (default)
2023-02-17 01:32:38,613 [Listener at 127.0.0.1/33393] INFO  server.GrpcService (ConfUtils.java:logGet(46)) - raft.grpc.message.size.max = 32MB (=33554432) (custom)
2023-02-17 01:32:38,613 [Listener at 127.0.0.1/33393] INFO  server.RaftServerConfigKeys (ConfUtils.java:logGet(46)) - raft.server.log.appender.buffer.byte-limit = 33554432 (custom)
2023-02-17 01:32:38,613 [Listener at 127.0.0.1/33393] INFO  server.GrpcService (ConfUtils.java:logGet(46)) - raft.grpc.flow.control.window = 5MB (=5242880) (custom)
2023-02-17 01:32:38,613 [Listener at 127.0.0.1/33393] INFO  server.RaftServerConfigKeys (ConfUtils.java:logGet(46)) - raft.server.rpc.request.timeout = 3000ms (default)
2023-02-17 01:32:38,613 [Listener at 127.0.0.1/33393] INFO  grpc.GrpcConfigKeys (ConfUtils.java:logGet(46)) - raft.grpc.server.heartbeat.channel = true (default)
2023-02-17 01:32:38,613 [Listener at 127.0.0.1/33393] INFO  grpc.GrpcConfigKeys (ConfUtils.java:logGet(46)) - raft.grpc.server.async.request.thread.pool.cached = true (default)
2023-02-17 01:32:38,613 [Listener at 127.0.0.1/33393] INFO  grpc.GrpcConfigKeys (ConfUtils.java:logGet(46)) - raft.grpc.server.async.request.thread.pool.size = 32 (default)
2023-02-17 01:32:38,614 [Listener at 127.0.0.1/33393] INFO  impl.DataStreamServerImpl (ConfUtils.java:logGet(46)) - raft.datastream.type = NETTY (custom)
2023-02-17 01:32:38,614 [Listener at 127.0.0.1/33393] INFO  server.RaftServerConfigKeys (ConfUtils.java:logGet(46)) - raft.server.data-stream.async.request.thread.pool.cached = false (default)
2023-02-17 01:32:38,615 [Listener at 127.0.0.1/33393] INFO  server.RaftServerConfigKeys (ConfUtils.java:logGet(46)) - raft.server.data-stream.async.request.thread.pool.size = 20 (custom)
2023-02-17 01:32:38,615 [Listener at 127.0.0.1/33393] INFO  server.RaftServerConfigKeys (ConfUtils.java:logGet(46)) - raft.server.data-stream.async.write.thread.pool.size = 16 (default)
2023-02-17 01:32:38,615 [Listener at 127.0.0.1/33393] INFO  server.RaftServerConfigKeys (ConfUtils.java:logGet(46)) - raft.server.data-stream.client.pool.size = 10 (default)
2023-02-17 01:32:38,615 [Listener at 127.0.0.1/33393] INFO  netty.NettyConfigKeys$DataStream (ConfUtils.java:logGet(46)) - raft.netty.dataStream.server.use-epoll = false (default)
2023-02-17 01:32:38,615 [Listener at 127.0.0.1/33393] INFO  netty.NettyConfigKeys$DataStream (ConfUtils.java:logGet(46)) - raft.netty.dataStream.server.boss-group.size = 0 (default)
2023-02-17 01:32:38,615 [Listener at 127.0.0.1/33393] INFO  netty.NettyConfigKeys$DataStream (ConfUtils.java:logGet(46)) - raft.netty.dataStream.server.worker-group.size = 0 (default)
2023-02-17 01:32:38,616 [Listener at 127.0.0.1/33393] INFO  netty.NettyConfigKeys$DataStream (ConfUtils.java:logGet(46)) - raft.netty.dataStream.server.tls.conf = null (default)
2023-02-17 01:32:38,617 [Listener at 127.0.0.1/33393] INFO  netty.NettyConfigKeys$DataStream (ConfUtils.java:logGet(46)) - raft.netty.dataStream.host = null (default)
2023-02-17 01:32:38,617 [Listener at 127.0.0.1/33393] INFO  netty.NettyConfigKeys$DataStream (ConfUtils.java:logGet(46)) - raft.netty.dataStream.port = 0 (default)
2023-02-17 01:32:38,617 [Listener at 127.0.0.1/33393] INFO  server.RaftServerConfigKeys (ConfUtils.java:logGet(46)) - raft.server.threadpool.proxy.cached = true (default)
2023-02-17 01:32:38,617 [Listener at 127.0.0.1/33393] INFO  server.RaftServerConfigKeys (ConfUtils.java:logGet(46)) - raft.server.threadpool.proxy.size = 0 (default)
2023-02-17 01:32:38,617 [Listener at 127.0.0.1/33393] INFO  server.RaftServerConfigKeys (ConfUtils.java:logGet(46)) - raft.server.rpc.slowness.timeout = 300000ms (custom)
2023-02-17 01:32:38,617 [Listener at 127.0.0.1/33393] INFO  server.RaftServerConfigKeys (ConfUtils.java:logGet(46)) - raft.server.leaderelection.leader.step-down.wait-time = 10s (default)
2023-02-17 01:32:38,618 [Listener at 127.0.0.1/33393] INFO  server.RaftServerConfigKeys (ConfUtils.java:logGet(46)) - raft.server.storage.dir = [/home/runner/work/ozone/ozone/hadoop-ozone/integration-test/target/test-dir/MiniOzoneClusterImpl-89702d93-5b91-44b6-9f2b-a559f3ead11e/datanode-2/data/ratis] (custom)
2023-02-17 01:32:38,618 [87f673cb-bc85-4117-8855-8087f234659e-NettyServerStreamRpc-bossGroup--thread1] INFO  logging.LoggingHandler (AbstractInternalLogger.java:log(148)) - [id: 0xe793c660] REGISTERED
2023-02-17 01:32:38,618 [87f673cb-bc85-4117-8855-8087f234659e-NettyServerStreamRpc-bossGroup--thread1] INFO  logging.LoggingHandler (AbstractInternalLogger.java:log(148)) - [id: 0xe793c660] BIND: 0.0.0.0/0.0.0.0:0
2023-02-17 01:32:38,619 [87f673cb-bc85-4117-8855-8087f234659e-NettyServerStreamRpc-bossGroup--thread1] INFO  logging.LoggingHandler (AbstractInternalLogger.java:log(148)) - [id: 0xe793c660, L:/0:0:0:0:0:0:0:0:42939] ACTIVE
2023-02-17 01:32:38,620 [Listener at 127.0.0.1/33393] INFO  server.XceiverServerGrpc (XceiverServerGrpc.java:<init>(132)) - GrpcServer channel type EpollServerSocketChannel
2023-02-17 01:32:38,624 [Listener at 127.0.0.1/33393] INFO  http.BaseHttpServer (BaseHttpServer.java:newHttpServer2BuilderForOzone(213)) - Starting Web-server for hddsDatanode at: http://0.0.0.0:0
2023-02-17 01:32:38,624 [Listener at 127.0.0.1/33393] INFO  http.BaseHttpServer (BaseHttpServer.java:<init>(108)) - Hadoop Security Enabled: false Ozone Security Enabled: false Ozone HTTP Security Enabled: false 
2023-02-17 01:32:38,625 [Listener at 127.0.0.1/33393] WARN  server.AuthenticationFilter (AuthenticationFilter.java:constructSecretProvider(240)) - Unable to initialize FileSignerSecretProvider, falling back to use random secrets. Reason: Could not read signature secret file: /home/runner/hadoop-http-auth-signature-secret
2023-02-17 01:32:38,625 [Listener at 127.0.0.1/33393] WARN  http.HttpRequestLog (HttpRequestLog.java:getRequestLog(103)) - Jetty request log can only be enabled using Log4j
2023-02-17 01:32:38,626 [Listener at 127.0.0.1/33393] INFO  http.HttpServer2 (HttpServer2.java:addGlobalFilter(1031)) - Added global filter 'safety' (class=org.apache.hadoop.hdds.server.http.HttpServer2$QuotingInputFilter)
2023-02-17 01:32:38,627 [Listener at 127.0.0.1/33393] INFO  http.HttpServer2 (HttpServer2.java:addFilter(1007)) - Added filter static_user_filter (class=org.apache.hadoop.http.lib.StaticUserWebFilter$StaticUserFilter) to context hddsDatanode
2023-02-17 01:32:38,627 [Listener at 127.0.0.1/33393] INFO  http.HttpServer2 (HttpServer2.java:addFilter(1015)) - Added filter static_user_filter (class=org.apache.hadoop.http.lib.StaticUserWebFilter$StaticUserFilter) to context logs
2023-02-17 01:32:38,627 [Listener at 127.0.0.1/33393] INFO  http.HttpServer2 (HttpServer2.java:addFilter(1015)) - Added filter static_user_filter (class=org.apache.hadoop.http.lib.StaticUserWebFilter$StaticUserFilter) to context static
2023-02-17 01:32:38,628 [Listener at 127.0.0.1/33393] INFO  http.HttpServer2 (HttpServer2.java:bindListener(1250)) - Jetty bound to port 35353
2023-02-17 01:32:38,628 [Listener at 127.0.0.1/33393] INFO  server.Server (Server.java:doStart(375)) - jetty-9.4.49.v20220914; built: 2022-09-14T01:07:36.601Z; git: 4231a3b2e4cb8548a412a789936d640a97b1aa0a; jvm 1.8.0_362-b09
2023-02-17 01:32:38,630 [Listener at 127.0.0.1/33393] INFO  server.session (DefaultSessionIdManager.java:doStart(334)) - DefaultSessionIdManager workerName=node0
2023-02-17 01:32:38,630 [Listener at 127.0.0.1/33393] INFO  server.session (DefaultSessionIdManager.java:doStart(339)) - No SessionScavenger set, using defaults
2023-02-17 01:32:38,630 [Listener at 127.0.0.1/33393] INFO  server.session (HouseKeeper.java:startScavenging(132)) - node0 Scavenging every 660000ms
2023-02-17 01:32:38,631 [Listener at 127.0.0.1/33393] INFO  handler.ContextHandler (ContextHandler.java:doStart(921)) - Started o.e.j.s.ServletContextHandler@56704452{logs,/logs,file:///home/runner/work/ozone/ozone/hadoop-ozone/integration-test/target/log,AVAILABLE}
2023-02-17 01:32:38,631 [Listener at 127.0.0.1/33393] INFO  handler.ContextHandler (ContextHandler.java:doStart(921)) - Started o.e.j.s.ServletContextHandler@7ec16fa4{static,/static,jar:file:/home/runner/.m2/repository/org/apache/ozone/hdds-container-service/1.4.0-SNAPSHOT/hdds-container-service-1.4.0-SNAPSHOT.jar!/webapps/static,AVAILABLE}
2023-02-17 01:32:38,739 [om1@group-C5BA1605619E-FollowerState] INFO  impl.FollowerState (FollowerState.java:run(143)) - om1@group-C5BA1605619E-FollowerState: change to CANDIDATE, lastRpcElapsedTime:1129285527ns, electionTimeout:1127ms
2023-02-17 01:32:38,739 [om1@group-C5BA1605619E-FollowerState] INFO  impl.RoleInfo (RoleInfo.java:shutdownFollowerState(110)) - om1: shutdown om1@group-C5BA1605619E-FollowerState
2023-02-17 01:32:38,739 [om1@group-C5BA1605619E-FollowerState] INFO  server.RaftServer$Division (RaftServerImpl.java:setRole(321)) - om1@group-C5BA1605619E: changes role from  FOLLOWER to CANDIDATE at term 0 for changeToCandidate
2023-02-17 01:32:38,739 [om1@group-C5BA1605619E-FollowerState] INFO  server.RaftServerConfigKeys (ConfUtils.java:logGet(46)) - raft.server.leaderelection.pre-vote = true (default)
2023-02-17 01:32:38,739 [om1@group-C5BA1605619E-FollowerState] INFO  impl.RoleInfo (RoleInfo.java:updateAndGet(139)) - om1: start om1@group-C5BA1605619E-LeaderElection11
2023-02-17 01:32:38,743 [om1@group-C5BA1605619E-LeaderElection11] INFO  impl.LeaderElection (LeaderElection.java:askForVotes(312)) - om1@group-C5BA1605619E-LeaderElection11 PRE_VOTE round 0: submit vote requests at term 0 for -1: peers:[om1|rpc:localhost:9872|priority:0|startupRole:FOLLOWER]|listeners:[], old=null
2023-02-17 01:32:38,743 [om1@group-C5BA1605619E-LeaderElection11] INFO  impl.LeaderElection (LeaderElection.java:askForVotes(314)) - om1@group-C5BA1605619E-LeaderElection11 PRE_VOTE round 0: result PASSED (term=0)
2023-02-17 01:32:38,746 [om1@group-C5BA1605619E-LeaderElection11] INFO  impl.LeaderElection (LeaderElection.java:askForVotes(312)) - om1@group-C5BA1605619E-LeaderElection11 ELECTION round 0: submit vote requests at term 1 for -1: peers:[om1|rpc:localhost:9872|priority:0|startupRole:FOLLOWER]|listeners:[], old=null
2023-02-17 01:32:38,746 [om1@group-C5BA1605619E-LeaderElection11] INFO  impl.LeaderElection (LeaderElection.java:askForVotes(314)) - om1@group-C5BA1605619E-LeaderElection11 ELECTION round 0: result PASSED (term=1)
2023-02-17 01:32:38,746 [om1@group-C5BA1605619E-LeaderElection11] INFO  impl.RoleInfo (RoleInfo.java:shutdownLeaderElection(130)) - om1: shutdown om1@group-C5BA1605619E-LeaderElection11
2023-02-17 01:32:38,747 [om1@group-C5BA1605619E-LeaderElection11] INFO  server.RaftServer$Division (RaftServerImpl.java:setRole(321)) - om1@group-C5BA1605619E: changes role from CANDIDATE to LEADER at term 1 for changeToLeader
2023-02-17 01:32:38,747 [om1@group-C5BA1605619E-LeaderElection11] INFO  server.RaftServer$Division (ServerState.java:setLeader(313)) - om1@group-C5BA1605619E: change Leader from null to om1 at term 1 for becomeLeader, leader elected after 1638ms
2023-02-17 01:32:38,747 [om1@group-C5BA1605619E-LeaderElection11] INFO  server.RaftServerConfigKeys (ConfUtils.java:logGet(46)) - raft.server.staging.catchup.gap = 1000 (default)
2023-02-17 01:32:38,747 [om1@group-C5BA1605619E-LeaderElection11] INFO  server.RaftServerConfigKeys (ConfUtils.java:logGet(46)) - raft.server.write.element-limit = 4096 (default)
2023-02-17 01:32:38,747 [om1@group-C5BA1605619E-LeaderElection11] INFO  server.RaftServerConfigKeys (ConfUtils.java:logGet(46)) - raft.server.write.byte-limit = 64MB (=67108864) (default)
2023-02-17 01:32:38,747 [om1@group-C5BA1605619E-LeaderElection11] INFO  server.RaftServerConfigKeys (ConfUtils.java:logGet(46)) - raft.server.watch.timeout = 10s (default)
2023-02-17 01:32:38,747 [om1@group-C5BA1605619E-LeaderElection11] INFO  server.RaftServerConfigKeys (ConfUtils.java:logGet(46)) - raft.server.watch.timeout.denomination = 1s (default)
2023-02-17 01:32:38,747 [om1@group-C5BA1605619E-LeaderElection11] INFO  server.RaftServerConfigKeys (ConfUtils.java:logGet(46)) - raft.server.watch.element-limit = 65536 (default)
2023-02-17 01:32:38,747 [om1@group-C5BA1605619E-LeaderElection11] INFO  server.RaftServerConfigKeys (ConfUtils.java:logGet(46)) - raft.server.write.element-limit = 4096 (default)
2023-02-17 01:32:38,747 [om1@group-C5BA1605619E-LeaderElection11] INFO  server.RaftServerConfigKeys (ConfUtils.java:logGet(46)) - raft.server.write.follower.gap.ratio.max = -1.0 (default)
2023-02-17 01:32:38,747 [om1@group-C5BA1605619E-LeaderElection11] INFO  impl.RoleInfo (RoleInfo.java:updateAndGet(139)) - om1: start om1@group-C5BA1605619E-LeaderStateImpl
2023-02-17 01:32:38,748 [om1@group-C5BA1605619E-LeaderElection11] INFO  segmented.SegmentedRaftLogWorker (SegmentedRaftLogWorker.java:startLogSegment(452)) - om1@group-C5BA1605619E-SegmentedRaftLogWorker: Starting segment from index:0
2023-02-17 01:32:38,757 [om1@group-C5BA1605619E-LeaderElection11] INFO  server.RaftServer$Division (ServerState.java:setRaftConf(430)) - om1@group-C5BA1605619E: set configuration 0: peers:[om1|rpc:localhost:9872|admin:|client:|dataStream:|priority:0|startupRole:FOLLOWER]|listeners:[], old=null
2023-02-17 01:32:38,757 [om1@group-C5BA1605619E-SegmentedRaftLogWorker] INFO  segmented.SegmentedRaftLogWorker (SegmentedRaftLogWorker.java:execute(656)) - om1@group-C5BA1605619E-SegmentedRaftLogWorker: created new log segment /home/runner/work/ozone/ozone/hadoop-ozone/integration-test/target/test-dir/MiniOzoneClusterImpl-89702d93-5b91-44b6-9f2b-a559f3ead11e/ozone-meta/ratis/bf265839-605b-3f16-9796-c5ba1605619e/current/log_inprogress_0
2023-02-17 01:32:38,759 [om1@group-C5BA1605619E-StateMachineUpdater] INFO  ratis.OzoneManagerStateMachine (OzoneManagerStateMachine.java:notifyConfigurationChanged(192)) - Received Configuration change notification from Ratis. New Peer list:
[id: "om1"
address: "localhost:9872"
startupRole: FOLLOWER
]
2023-02-17 01:32:38,843 [Listener at 127.0.0.1/33393] INFO  handler.ContextHandler (ContextHandler.java:doStart(921)) - Started o.e.j.w.WebAppContext@6823bbb7{hddsDatanode,/,file:///tmp/jetty-0_0_0_0-35353-hdds-container-service-1_4_0-SNAPSHOT_jar-_-any-665597353369635570/webapp/,AVAILABLE}{jar:file:/home/runner/.m2/repository/org/apache/ozone/hdds-container-service/1.4.0-SNAPSHOT/hdds-container-service-1.4.0-SNAPSHOT.jar!/webapps/hddsDatanode}
2023-02-17 01:32:38,845 [Listener at 127.0.0.1/33393] INFO  server.AbstractConnector (AbstractConnector.java:doStart(333)) - Started ServerConnector@236c9f6{HTTP/1.1, (http/1.1)}{0.0.0.0:35353}
2023-02-17 01:32:38,845 [Listener at 127.0.0.1/33393] INFO  server.Server (Server.java:doStart(415)) - Started @32439ms
2023-02-17 01:32:38,845 [Listener at 127.0.0.1/33393] WARN  impl.MetricsSystemImpl (MetricsSystemImpl.java:register(279)) - Sink prometheus already exists!
2023-02-17 01:32:38,846 [Listener at 127.0.0.1/33393] INFO  http.BaseHttpServer (BaseHttpServer.java:updateConnectorAddress(333)) - HTTP server of hddsDatanode listening at http://0.0.0.0:35353
2023-02-17 01:32:38,851 [Listener at 127.0.0.1/33393] WARN  impl.MetricRegistriesImpl (MetricRegistriesImpl.java:addReporterRegistration(111)) - New reporters are added after registries were created. Some metrics will be missing from the reporter. Please add reporter before adding any new registry.
2023-02-17 01:32:38,851 [Listener at 127.0.0.1/33393] WARN  impl.MetricRegistriesImpl (MetricRegistriesImpl.java:addReporterRegistration(111)) - New reporters are added after registries were created. Some metrics will be missing from the reporter. Please add reporter before adding any new registry.
2023-02-17 01:32:38,851 [Listener at 127.0.0.1/33393] INFO  impl.MetricsSystemImpl (MetricsSystemImpl.java:init(158)) - HddsDatanode metrics system started (again)
2023-02-17 01:32:38,853 [Datanode State Machine Daemon Thread] INFO  statemachine.DatanodeStateMachine (DatanodeStateMachine.java:lambda$startDaemon$0(516)) - Ozone container server started.
2023-02-17 01:32:38,869 [org.apache.hadoop.util.JvmPauseMonitor$Monitor@450646b7] INFO  util.JvmPauseMonitor (JvmPauseMonitor.java:run(188)) - Starting JVM pause monitor
2023-02-17 01:32:38,875 [Datanode State Machine Task Thread - 0] INFO  datanode.InitDatanodeState (InitDatanodeState.java:persistContainerDatanodeDetails(138)) - DatanodeDetails is persisted to /home/runner/work/ozone/ozone/hadoop-ozone/integration-test/target/test-dir/MiniOzoneClusterImpl-89702d93-5b91-44b6-9f2b-a559f3ead11e/datanode-2/meta/datanode.id
2023-02-17 01:32:38,884 [Listener at 127.0.0.1/33393] INFO  ozone.HddsDatanodeService (HddsDatanodeService.java:start(228)) - HddsDatanodeService host:fv-az249-264.ubt5suc3ufjutoeqyo4zsso0he.gx.internal.cloudapp.net ip:10.1.0.190
2023-02-17 01:32:38,907 [Listener at 127.0.0.1/33393] INFO  upgrade.AbstractLayoutVersionManager (AbstractLayoutVersionManager.java:init(83)) - Initializing Layout version manager with metadata layout = DATANODE_SCHEMA_V3 (version = 4), software layout = DATANODE_SCHEMA_V3 (version = 4)
2023-02-17 01:32:38,954 [Listener at 127.0.0.1/33393] INFO  reflections.Reflections (Reflections.java:scan(232)) - Reflections took 46 ms to scan 7 urls, producing 150 keys and 362 values 
2023-02-17 01:32:38,955 [Listener at 127.0.0.1/33393] INFO  statemachine.DatanodeStateMachine (DatanodeStateMachine.java:getEndPointTaskThreadPoolSize(260)) - Datanode State Machine Task Thread Pool size 2
2023-02-17 01:32:38,965 [Listener at 127.0.0.1/33393] INFO  volume.HddsVolume (HddsVolume.java:<init>(122)) - Creating HddsVolume: /home/runner/work/ozone/ozone/hadoop-ozone/integration-test/target/test-dir/MiniOzoneClusterImpl-89702d93-5b91-44b6-9f2b-a559f3ead11e/datanode-3/data-0/containers/hdds of storage type : DISK capacity : 9223372036854775807
2023-02-17 01:32:38,965 [Listener at 127.0.0.1/33393] INFO  volume.MutableVolumeSet (MutableVolumeSet.java:initializeVolumeSet(174)) - Added Volume : /home/runner/work/ozone/ozone/hadoop-ozone/integration-test/target/test-dir/MiniOzoneClusterImpl-89702d93-5b91-44b6-9f2b-a559f3ead11e/datanode-3/data-0/containers/hdds to VolumeSet
2023-02-17 01:32:38,965 [Listener at 127.0.0.1/33393] INFO  volume.ThrottledAsyncChecker (ThrottledAsyncChecker.java:schedule(141)) - Scheduling a check for /home/runner/work/ozone/ozone/hadoop-ozone/integration-test/target/test-dir/MiniOzoneClusterImpl-89702d93-5b91-44b6-9f2b-a559f3ead11e/datanode-3/data-0/containers/hdds
2023-02-17 01:32:38,966 [Listener at 127.0.0.1/33393] INFO  volume.StorageVolumeChecker (StorageVolumeChecker.java:checkAllVolumes(202)) - Scheduled health check for volume /home/runner/work/ozone/ozone/hadoop-ozone/integration-test/target/test-dir/MiniOzoneClusterImpl-89702d93-5b91-44b6-9f2b-a559f3ead11e/datanode-3/data-0/containers/hdds
2023-02-17 01:32:38,977 [Listener at 127.0.0.1/33393] INFO  volume.MutableVolumeSet (MutableVolumeSet.java:initializeVolumeSet(174)) - Added Volume : /home/runner/work/ozone/ozone/hadoop-ozone/integration-test/target/test-dir/MiniOzoneClusterImpl-89702d93-5b91-44b6-9f2b-a559f3ead11e/datanode-3/data/ratis to VolumeSet
2023-02-17 01:32:38,977 [Listener at 127.0.0.1/33393] INFO  volume.ThrottledAsyncChecker (ThrottledAsyncChecker.java:schedule(141)) - Scheduling a check for /home/runner/work/ozone/ozone/hadoop-ozone/integration-test/target/test-dir/MiniOzoneClusterImpl-89702d93-5b91-44b6-9f2b-a559f3ead11e/datanode-3/data/ratis
2023-02-17 01:32:38,977 [Listener at 127.0.0.1/33393] INFO  volume.StorageVolumeChecker (StorageVolumeChecker.java:checkAllVolumes(202)) - Scheduled health check for volume /home/runner/work/ozone/ozone/hadoop-ozone/integration-test/target/test-dir/MiniOzoneClusterImpl-89702d93-5b91-44b6-9f2b-a559f3ead11e/datanode-3/data/ratis
2023-02-17 01:32:38,989 [Thread-657] INFO  ozoneimpl.ContainerReader (ContainerReader.java:readVolume(175)) - Finish verifying containers on volume /home/runner/work/ozone/ozone/hadoop-ozone/integration-test/target/test-dir/MiniOzoneClusterImpl-89702d93-5b91-44b6-9f2b-a559f3ead11e/datanode-3/data-0/containers/hdds
2023-02-17 01:32:38,989 [Listener at 127.0.0.1/33393] INFO  ozoneimpl.OzoneContainer (OzoneContainer.java:buildContainerSet(304)) - Build ContainerSet costs 0s
2023-02-17 01:32:38,992 [Listener at 127.0.0.1/33393] INFO  server.RaftServer (ConfUtils.java:logGet(46)) - raft.rpc.type = GRPC (default)
2023-02-17 01:32:38,992 [Listener at 127.0.0.1/33393] INFO  grpc.GrpcConfigKeys (ConfUtils.java:logFallback(53)) - raft.grpc.admin.host = null (fallback to raft.grpc.server.host)
2023-02-17 01:32:38,992 [Listener at 127.0.0.1/33393] INFO  grpc.GrpcConfigKeys (ConfUtils.java:logGet(46)) - raft.grpc.admin.port = 0 (custom)
2023-02-17 01:32:38,992 [Listener at 127.0.0.1/33393] INFO  grpc.GrpcConfigKeys (ConfUtils.java:logFallback(53)) - raft.grpc.client.host = null (fallback to raft.grpc.server.host)
2023-02-17 01:32:38,992 [Listener at 127.0.0.1/33393] INFO  grpc.GrpcConfigKeys (ConfUtils.java:logGet(46)) - raft.grpc.client.port = 0 (custom)
2023-02-17 01:32:38,992 [Listener at 127.0.0.1/33393] INFO  grpc.GrpcConfigKeys (ConfUtils.java:logGet(46)) - raft.grpc.server.host = null (default)
2023-02-17 01:32:38,993 [Listener at 127.0.0.1/33393] INFO  grpc.GrpcConfigKeys (ConfUtils.java:logGet(46)) - raft.grpc.server.port = 0 (default)
2023-02-17 01:32:38,993 [Listener at 127.0.0.1/33393] INFO  server.GrpcService (ConfUtils.java:logGet(46)) - raft.grpc.message.size.max = 32MB (=33554432) (custom)
2023-02-17 01:32:38,993 [Listener at 127.0.0.1/33393] INFO  server.RaftServerConfigKeys (ConfUtils.java:logGet(46)) - raft.server.log.appender.buffer.byte-limit = 33554432 (custom)
2023-02-17 01:32:38,993 [Listener at 127.0.0.1/33393] INFO  server.GrpcService (ConfUtils.java:logGet(46)) - raft.grpc.flow.control.window = 5MB (=5242880) (custom)
2023-02-17 01:32:38,993 [Listener at 127.0.0.1/33393] INFO  server.RaftServerConfigKeys (ConfUtils.java:logGet(46)) - raft.server.rpc.request.timeout = 3000ms (default)
2023-02-17 01:32:38,993 [Listener at 127.0.0.1/33393] INFO  grpc.GrpcConfigKeys (ConfUtils.java:logGet(46)) - raft.grpc.server.heartbeat.channel = true (default)
2023-02-17 01:32:38,993 [Listener at 127.0.0.1/33393] INFO  grpc.GrpcConfigKeys (ConfUtils.java:logGet(46)) - raft.grpc.server.async.request.thread.pool.cached = true (default)
2023-02-17 01:32:38,993 [Listener at 127.0.0.1/33393] INFO  grpc.GrpcConfigKeys (ConfUtils.java:logGet(46)) - raft.grpc.server.async.request.thread.pool.size = 32 (default)
2023-02-17 01:32:38,994 [Listener at 127.0.0.1/33393] INFO  impl.DataStreamServerImpl (ConfUtils.java:logGet(46)) - raft.datastream.type = NETTY (custom)
2023-02-17 01:32:38,995 [Listener at 127.0.0.1/33393] INFO  server.RaftServerConfigKeys (ConfUtils.java:logGet(46)) - raft.server.data-stream.async.request.thread.pool.cached = false (default)
2023-02-17 01:32:38,995 [Listener at 127.0.0.1/33393] INFO  server.RaftServerConfigKeys (ConfUtils.java:logGet(46)) - raft.server.data-stream.async.request.thread.pool.size = 20 (custom)
2023-02-17 01:32:38,995 [Listener at 127.0.0.1/33393] INFO  server.RaftServerConfigKeys (ConfUtils.java:logGet(46)) - raft.server.data-stream.async.write.thread.pool.size = 16 (default)
2023-02-17 01:32:38,996 [Listener at 127.0.0.1/33393] INFO  server.RaftServerConfigKeys (ConfUtils.java:logGet(46)) - raft.server.data-stream.client.pool.size = 10 (default)
2023-02-17 01:32:38,996 [Listener at 127.0.0.1/33393] INFO  netty.NettyConfigKeys$DataStream (ConfUtils.java:logGet(46)) - raft.netty.dataStream.server.use-epoll = false (default)
2023-02-17 01:32:38,996 [Listener at 127.0.0.1/33393] INFO  netty.NettyConfigKeys$DataStream (ConfUtils.java:logGet(46)) - raft.netty.dataStream.server.boss-group.size = 0 (default)
2023-02-17 01:32:38,996 [Listener at 127.0.0.1/33393] INFO  netty.NettyConfigKeys$DataStream (ConfUtils.java:logGet(46)) - raft.netty.dataStream.server.worker-group.size = 0 (default)
2023-02-17 01:32:38,997 [Listener at 127.0.0.1/33393] INFO  netty.NettyConfigKeys$DataStream (ConfUtils.java:logGet(46)) - raft.netty.dataStream.server.tls.conf = null (default)
2023-02-17 01:32:38,997 [Listener at 127.0.0.1/33393] INFO  netty.NettyConfigKeys$DataStream (ConfUtils.java:logGet(46)) - raft.netty.dataStream.host = null (default)
2023-02-17 01:32:38,997 [Listener at 127.0.0.1/33393] INFO  netty.NettyConfigKeys$DataStream (ConfUtils.java:logGet(46)) - raft.netty.dataStream.port = 0 (default)
2023-02-17 01:32:38,998 [Listener at 127.0.0.1/33393] INFO  server.RaftServerConfigKeys (ConfUtils.java:logGet(46)) - raft.server.threadpool.proxy.cached = true (default)
2023-02-17 01:32:38,998 [Listener at 127.0.0.1/33393] INFO  server.RaftServerConfigKeys (ConfUtils.java:logGet(46)) - raft.server.threadpool.proxy.size = 0 (default)
2023-02-17 01:32:38,998 [Listener at 127.0.0.1/33393] INFO  server.RaftServerConfigKeys (ConfUtils.java:logGet(46)) - raft.server.rpc.slowness.timeout = 300000ms (custom)
2023-02-17 01:32:38,998 [Listener at 127.0.0.1/33393] INFO  server.RaftServerConfigKeys (ConfUtils.java:logGet(46)) - raft.server.leaderelection.leader.step-down.wait-time = 10s (default)
2023-02-17 01:32:38,998 [Listener at 127.0.0.1/33393] INFO  server.RaftServerConfigKeys (ConfUtils.java:logGet(46)) - raft.server.storage.dir = [/home/runner/work/ozone/ozone/hadoop-ozone/integration-test/target/test-dir/MiniOzoneClusterImpl-89702d93-5b91-44b6-9f2b-a559f3ead11e/datanode-3/data/ratis] (custom)
2023-02-17 01:32:38,999 [8cde0c14-0821-4c97-8217-69da976cfafe-NettyServerStreamRpc-bossGroup--thread1] INFO  logging.LoggingHandler (AbstractInternalLogger.java:log(148)) - [id: 0x54837cb2] REGISTERED
2023-02-17 01:32:38,999 [8cde0c14-0821-4c97-8217-69da976cfafe-NettyServerStreamRpc-bossGroup--thread1] INFO  logging.LoggingHandler (AbstractInternalLogger.java:log(148)) - [id: 0x54837cb2] BIND: 0.0.0.0/0.0.0.0:0
2023-02-17 01:32:38,999 [8cde0c14-0821-4c97-8217-69da976cfafe-NettyServerStreamRpc-bossGroup--thread1] INFO  logging.LoggingHandler (AbstractInternalLogger.java:log(148)) - [id: 0x54837cb2, L:/0:0:0:0:0:0:0:0:35959] ACTIVE
2023-02-17 01:32:39,002 [Listener at 127.0.0.1/33393] INFO  server.XceiverServerGrpc (XceiverServerGrpc.java:<init>(132)) - GrpcServer channel type EpollServerSocketChannel
2023-02-17 01:32:39,006 [Listener at 127.0.0.1/33393] INFO  http.BaseHttpServer (BaseHttpServer.java:newHttpServer2BuilderForOzone(213)) - Starting Web-server for hddsDatanode at: http://0.0.0.0:0
2023-02-17 01:32:39,006 [Listener at 127.0.0.1/33393] INFO  http.BaseHttpServer (BaseHttpServer.java:<init>(108)) - Hadoop Security Enabled: false Ozone Security Enabled: false Ozone HTTP Security Enabled: false 
2023-02-17 01:32:39,007 [Listener at 127.0.0.1/33393] WARN  server.AuthenticationFilter (AuthenticationFilter.java:constructSecretProvider(240)) - Unable to initialize FileSignerSecretProvider, falling back to use random secrets. Reason: Could not read signature secret file: /home/runner/hadoop-http-auth-signature-secret
2023-02-17 01:32:39,008 [Listener at 127.0.0.1/33393] WARN  http.HttpRequestLog (HttpRequestLog.java:getRequestLog(103)) - Jetty request log can only be enabled using Log4j
2023-02-17 01:32:39,009 [Listener at 127.0.0.1/33393] INFO  http.HttpServer2 (HttpServer2.java:addGlobalFilter(1031)) - Added global filter 'safety' (class=org.apache.hadoop.hdds.server.http.HttpServer2$QuotingInputFilter)
2023-02-17 01:32:39,010 [Listener at 127.0.0.1/33393] INFO  http.HttpServer2 (HttpServer2.java:addFilter(1007)) - Added filter static_user_filter (class=org.apache.hadoop.http.lib.StaticUserWebFilter$StaticUserFilter) to context hddsDatanode
2023-02-17 01:32:39,010 [Listener at 127.0.0.1/33393] INFO  http.HttpServer2 (HttpServer2.java:addFilter(1015)) - Added filter static_user_filter (class=org.apache.hadoop.http.lib.StaticUserWebFilter$StaticUserFilter) to context static
2023-02-17 01:32:39,010 [Listener at 127.0.0.1/33393] INFO  http.HttpServer2 (HttpServer2.java:addFilter(1015)) - Added filter static_user_filter (class=org.apache.hadoop.http.lib.StaticUserWebFilter$StaticUserFilter) to context logs
2023-02-17 01:32:39,011 [Listener at 127.0.0.1/33393] INFO  http.HttpServer2 (HttpServer2.java:bindListener(1250)) - Jetty bound to port 39431
2023-02-17 01:32:39,012 [Listener at 127.0.0.1/33393] INFO  server.Server (Server.java:doStart(375)) - jetty-9.4.49.v20220914; built: 2022-09-14T01:07:36.601Z; git: 4231a3b2e4cb8548a412a789936d640a97b1aa0a; jvm 1.8.0_362-b09
2023-02-17 01:32:39,018 [Listener at 127.0.0.1/33393] INFO  server.session (DefaultSessionIdManager.java:doStart(334)) - DefaultSessionIdManager workerName=node0
2023-02-17 01:32:39,018 [Listener at 127.0.0.1/33393] INFO  server.session (DefaultSessionIdManager.java:doStart(339)) - No SessionScavenger set, using defaults
2023-02-17 01:32:39,019 [Listener at 127.0.0.1/33393] INFO  server.session (HouseKeeper.java:startScavenging(132)) - node0 Scavenging every 600000ms
2023-02-17 01:32:39,019 [Listener at 127.0.0.1/33393] INFO  handler.ContextHandler (ContextHandler.java:doStart(921)) - Started o.e.j.s.ServletContextHandler@11ff6da2{logs,/logs,file:///home/runner/work/ozone/ozone/hadoop-ozone/integration-test/target/log,AVAILABLE}
2023-02-17 01:32:39,020 [Listener at 127.0.0.1/33393] INFO  handler.ContextHandler (ContextHandler.java:doStart(921)) - Started o.e.j.s.ServletContextHandler@4479ba5d{static,/static,jar:file:/home/runner/.m2/repository/org/apache/ozone/hdds-container-service/1.4.0-SNAPSHOT/hdds-container-service-1.4.0-SNAPSHOT.jar!/webapps/static,AVAILABLE}
2023-02-17 01:32:39,223 [Listener at 127.0.0.1/33393] INFO  handler.ContextHandler (ContextHandler.java:doStart(921)) - Started o.e.j.w.WebAppContext@36031883{hddsDatanode,/,file:///tmp/jetty-0_0_0_0-39431-hdds-container-service-1_4_0-SNAPSHOT_jar-_-any-1203526998771541939/webapp/,AVAILABLE}{jar:file:/home/runner/.m2/repository/org/apache/ozone/hdds-container-service/1.4.0-SNAPSHOT/hdds-container-service-1.4.0-SNAPSHOT.jar!/webapps/hddsDatanode}
2023-02-17 01:32:39,225 [Listener at 127.0.0.1/33393] INFO  server.AbstractConnector (AbstractConnector.java:doStart(333)) - Started ServerConnector@103a0cf8{HTTP/1.1, (http/1.1)}{0.0.0.0:39431}
2023-02-17 01:32:39,225 [Listener at 127.0.0.1/33393] INFO  server.Server (Server.java:doStart(415)) - Started @32819ms
2023-02-17 01:32:39,225 [Listener at 127.0.0.1/33393] WARN  impl.MetricsSystemImpl (MetricsSystemImpl.java:register(279)) - Sink prometheus already exists!
2023-02-17 01:32:39,225 [Listener at 127.0.0.1/33393] INFO  http.BaseHttpServer (BaseHttpServer.java:updateConnectorAddress(333)) - HTTP server of hddsDatanode listening at http://0.0.0.0:39431
2023-02-17 01:32:39,227 [Listener at 127.0.0.1/33393] WARN  impl.MetricRegistriesImpl (MetricRegistriesImpl.java:addReporterRegistration(111)) - New reporters are added after registries were created. Some metrics will be missing from the reporter. Please add reporter before adding any new registry.
2023-02-17 01:32:39,227 [Listener at 127.0.0.1/33393] WARN  impl.MetricRegistriesImpl (MetricRegistriesImpl.java:addReporterRegistration(111)) - New reporters are added after registries were created. Some metrics will be missing from the reporter. Please add reporter before adding any new registry.
2023-02-17 01:32:39,227 [Listener at 127.0.0.1/33393] INFO  impl.MetricsSystemImpl (MetricsSystemImpl.java:init(158)) - HddsDatanode metrics system started (again)
2023-02-17 01:32:39,229 [Datanode State Machine Daemon Thread] INFO  statemachine.DatanodeStateMachine (DatanodeStateMachine.java:lambda$startDaemon$0(516)) - Ozone container server started.
2023-02-17 01:32:39,233 [org.apache.hadoop.util.JvmPauseMonitor$Monitor@53416973] INFO  util.JvmPauseMonitor (JvmPauseMonitor.java:run(188)) - Starting JVM pause monitor
2023-02-17 01:32:39,241 [Listener at 127.0.0.1/33393] INFO  ozone.HddsDatanodeService (HddsDatanodeService.java:start(228)) - HddsDatanodeService host:fv-az249-264.ubt5suc3ufjutoeqyo4zsso0he.gx.internal.cloudapp.net ip:10.1.0.190
2023-02-17 01:32:39,241 [Datanode State Machine Task Thread - 0] INFO  datanode.InitDatanodeState (InitDatanodeState.java:persistContainerDatanodeDetails(138)) - DatanodeDetails is persisted to /home/runner/work/ozone/ozone/hadoop-ozone/integration-test/target/test-dir/MiniOzoneClusterImpl-89702d93-5b91-44b6-9f2b-a559f3ead11e/datanode-3/meta/datanode.id
2023-02-17 01:32:39,259 [Listener at 127.0.0.1/33393] INFO  upgrade.AbstractLayoutVersionManager (AbstractLayoutVersionManager.java:init(83)) - Initializing Layout version manager with metadata layout = DATANODE_SCHEMA_V3 (version = 4), software layout = DATANODE_SCHEMA_V3 (version = 4)
2023-02-17 01:32:39,308 [Listener at 127.0.0.1/33393] INFO  reflections.Reflections (Reflections.java:scan(232)) - Reflections took 46 ms to scan 7 urls, producing 150 keys and 362 values 
2023-02-17 01:32:39,310 [Listener at 127.0.0.1/33393] INFO  statemachine.DatanodeStateMachine (DatanodeStateMachine.java:getEndPointTaskThreadPoolSize(260)) - Datanode State Machine Task Thread Pool size 2
2023-02-17 01:32:39,315 [Listener at 127.0.0.1/33393] INFO  volume.HddsVolume (HddsVolume.java:<init>(122)) - Creating HddsVolume: /home/runner/work/ozone/ozone/hadoop-ozone/integration-test/target/test-dir/MiniOzoneClusterImpl-89702d93-5b91-44b6-9f2b-a559f3ead11e/datanode-4/data-0/containers/hdds of storage type : DISK capacity : 9223372036854775807
2023-02-17 01:32:39,316 [Listener at 127.0.0.1/33393] INFO  volume.MutableVolumeSet (MutableVolumeSet.java:initializeVolumeSet(174)) - Added Volume : /home/runner/work/ozone/ozone/hadoop-ozone/integration-test/target/test-dir/MiniOzoneClusterImpl-89702d93-5b91-44b6-9f2b-a559f3ead11e/datanode-4/data-0/containers/hdds to VolumeSet
2023-02-17 01:32:39,317 [Listener at 127.0.0.1/33393] INFO  volume.ThrottledAsyncChecker (ThrottledAsyncChecker.java:schedule(141)) - Scheduling a check for /home/runner/work/ozone/ozone/hadoop-ozone/integration-test/target/test-dir/MiniOzoneClusterImpl-89702d93-5b91-44b6-9f2b-a559f3ead11e/datanode-4/data-0/containers/hdds
2023-02-17 01:32:39,320 [Listener at 127.0.0.1/33393] INFO  volume.StorageVolumeChecker (StorageVolumeChecker.java:checkAllVolumes(202)) - Scheduled health check for volume /home/runner/work/ozone/ozone/hadoop-ozone/integration-test/target/test-dir/MiniOzoneClusterImpl-89702d93-5b91-44b6-9f2b-a559f3ead11e/datanode-4/data-0/containers/hdds
2023-02-17 01:32:39,331 [Listener at 127.0.0.1/33393] INFO  volume.MutableVolumeSet (MutableVolumeSet.java:initializeVolumeSet(174)) - Added Volume : /home/runner/work/ozone/ozone/hadoop-ozone/integration-test/target/test-dir/MiniOzoneClusterImpl-89702d93-5b91-44b6-9f2b-a559f3ead11e/datanode-4/data/ratis to VolumeSet
2023-02-17 01:32:39,332 [Listener at 127.0.0.1/33393] INFO  volume.ThrottledAsyncChecker (ThrottledAsyncChecker.java:schedule(141)) - Scheduling a check for /home/runner/work/ozone/ozone/hadoop-ozone/integration-test/target/test-dir/MiniOzoneClusterImpl-89702d93-5b91-44b6-9f2b-a559f3ead11e/datanode-4/data/ratis
2023-02-17 01:32:39,332 [Listener at 127.0.0.1/33393] INFO  volume.StorageVolumeChecker (StorageVolumeChecker.java:checkAllVolumes(202)) - Scheduled health check for volume /home/runner/work/ozone/ozone/hadoop-ozone/integration-test/target/test-dir/MiniOzoneClusterImpl-89702d93-5b91-44b6-9f2b-a559f3ead11e/datanode-4/data/ratis
2023-02-17 01:32:39,344 [Thread-671] INFO  ozoneimpl.ContainerReader (ContainerReader.java:readVolume(175)) - Finish verifying containers on volume /home/runner/work/ozone/ozone/hadoop-ozone/integration-test/target/test-dir/MiniOzoneClusterImpl-89702d93-5b91-44b6-9f2b-a559f3ead11e/datanode-4/data-0/containers/hdds
2023-02-17 01:32:39,344 [Listener at 127.0.0.1/33393] INFO  ozoneimpl.OzoneContainer (OzoneContainer.java:buildContainerSet(304)) - Build ContainerSet costs 0s
2023-02-17 01:32:39,347 [Listener at 127.0.0.1/33393] INFO  server.RaftServer (ConfUtils.java:logGet(46)) - raft.rpc.type = GRPC (default)
2023-02-17 01:32:39,347 [Listener at 127.0.0.1/33393] INFO  grpc.GrpcConfigKeys (ConfUtils.java:logFallback(53)) - raft.grpc.admin.host = null (fallback to raft.grpc.server.host)
2023-02-17 01:32:39,347 [Listener at 127.0.0.1/33393] INFO  grpc.GrpcConfigKeys (ConfUtils.java:logGet(46)) - raft.grpc.admin.port = 0 (custom)
2023-02-17 01:32:39,347 [Listener at 127.0.0.1/33393] INFO  grpc.GrpcConfigKeys (ConfUtils.java:logFallback(53)) - raft.grpc.client.host = null (fallback to raft.grpc.server.host)
2023-02-17 01:32:39,348 [Listener at 127.0.0.1/33393] INFO  grpc.GrpcConfigKeys (ConfUtils.java:logGet(46)) - raft.grpc.client.port = 0 (custom)
2023-02-17 01:32:39,348 [Listener at 127.0.0.1/33393] INFO  grpc.GrpcConfigKeys (ConfUtils.java:logGet(46)) - raft.grpc.server.host = null (default)
2023-02-17 01:32:39,348 [Listener at 127.0.0.1/33393] INFO  grpc.GrpcConfigKeys (ConfUtils.java:logGet(46)) - raft.grpc.server.port = 0 (default)
2023-02-17 01:32:39,348 [Listener at 127.0.0.1/33393] INFO  server.GrpcService (ConfUtils.java:logGet(46)) - raft.grpc.message.size.max = 32MB (=33554432) (custom)
2023-02-17 01:32:39,348 [Listener at 127.0.0.1/33393] INFO  server.RaftServerConfigKeys (ConfUtils.java:logGet(46)) - raft.server.log.appender.buffer.byte-limit = 33554432 (custom)
2023-02-17 01:32:39,348 [Listener at 127.0.0.1/33393] INFO  server.GrpcService (ConfUtils.java:logGet(46)) - raft.grpc.flow.control.window = 5MB (=5242880) (custom)
2023-02-17 01:32:39,348 [Listener at 127.0.0.1/33393] INFO  server.RaftServerConfigKeys (ConfUtils.java:logGet(46)) - raft.server.rpc.request.timeout = 3000ms (default)
2023-02-17 01:32:39,348 [Listener at 127.0.0.1/33393] INFO  grpc.GrpcConfigKeys (ConfUtils.java:logGet(46)) - raft.grpc.server.heartbeat.channel = true (default)
2023-02-17 01:32:39,348 [Listener at 127.0.0.1/33393] INFO  grpc.GrpcConfigKeys (ConfUtils.java:logGet(46)) - raft.grpc.server.async.request.thread.pool.cached = true (default)
2023-02-17 01:32:39,348 [Listener at 127.0.0.1/33393] INFO  grpc.GrpcConfigKeys (ConfUtils.java:logGet(46)) - raft.grpc.server.async.request.thread.pool.size = 32 (default)
2023-02-17 01:32:39,350 [Listener at 127.0.0.1/33393] INFO  impl.DataStreamServerImpl (ConfUtils.java:logGet(46)) - raft.datastream.type = NETTY (custom)
2023-02-17 01:32:39,353 [Listener at 127.0.0.1/33393] INFO  server.RaftServerConfigKeys (ConfUtils.java:logGet(46)) - raft.server.data-stream.async.request.thread.pool.cached = false (default)
2023-02-17 01:32:39,353 [Listener at 127.0.0.1/33393] INFO  server.RaftServerConfigKeys (ConfUtils.java:logGet(46)) - raft.server.data-stream.async.request.thread.pool.size = 20 (custom)
2023-02-17 01:32:39,353 [Listener at 127.0.0.1/33393] INFO  server.RaftServerConfigKeys (ConfUtils.java:logGet(46)) - raft.server.data-stream.async.write.thread.pool.size = 16 (default)
2023-02-17 01:32:39,353 [Listener at 127.0.0.1/33393] INFO  server.RaftServerConfigKeys (ConfUtils.java:logGet(46)) - raft.server.data-stream.client.pool.size = 10 (default)
2023-02-17 01:32:39,353 [Listener at 127.0.0.1/33393] INFO  netty.NettyConfigKeys$DataStream (ConfUtils.java:logGet(46)) - raft.netty.dataStream.server.use-epoll = false (default)
2023-02-17 01:32:39,353 [Listener at 127.0.0.1/33393] INFO  netty.NettyConfigKeys$DataStream (ConfUtils.java:logGet(46)) - raft.netty.dataStream.server.boss-group.size = 0 (default)
2023-02-17 01:32:39,354 [Listener at 127.0.0.1/33393] INFO  netty.NettyConfigKeys$DataStream (ConfUtils.java:logGet(46)) - raft.netty.dataStream.server.worker-group.size = 0 (default)
2023-02-17 01:32:39,354 [Listener at 127.0.0.1/33393] INFO  netty.NettyConfigKeys$DataStream (ConfUtils.java:logGet(46)) - raft.netty.dataStream.server.tls.conf = null (default)
2023-02-17 01:32:39,355 [Listener at 127.0.0.1/33393] INFO  netty.NettyConfigKeys$DataStream (ConfUtils.java:logGet(46)) - raft.netty.dataStream.host = null (default)
2023-02-17 01:32:39,355 [Listener at 127.0.0.1/33393] INFO  netty.NettyConfigKeys$DataStream (ConfUtils.java:logGet(46)) - raft.netty.dataStream.port = 0 (default)
2023-02-17 01:32:39,355 [Listener at 127.0.0.1/33393] INFO  server.RaftServerConfigKeys (ConfUtils.java:logGet(46)) - raft.server.threadpool.proxy.cached = true (default)
2023-02-17 01:32:39,355 [Listener at 127.0.0.1/33393] INFO  server.RaftServerConfigKeys (ConfUtils.java:logGet(46)) - raft.server.threadpool.proxy.size = 0 (default)
2023-02-17 01:32:39,355 [Listener at 127.0.0.1/33393] INFO  server.RaftServerConfigKeys (ConfUtils.java:logGet(46)) - raft.server.rpc.slowness.timeout = 300000ms (custom)
2023-02-17 01:32:39,355 [Listener at 127.0.0.1/33393] INFO  server.RaftServerConfigKeys (ConfUtils.java:logGet(46)) - raft.server.leaderelection.leader.step-down.wait-time = 10s (default)
2023-02-17 01:32:39,356 [Listener at 127.0.0.1/33393] INFO  server.RaftServerConfigKeys (ConfUtils.java:logGet(46)) - raft.server.storage.dir = [/home/runner/work/ozone/ozone/hadoop-ozone/integration-test/target/test-dir/MiniOzoneClusterImpl-89702d93-5b91-44b6-9f2b-a559f3ead11e/datanode-4/data/ratis] (custom)
2023-02-17 01:32:39,356 [e3571a67-d8a4-45a2-97d0-612fce96ab5f-NettyServerStreamRpc-bossGroup--thread1] INFO  logging.LoggingHandler (AbstractInternalLogger.java:log(148)) - [id: 0xb03df25f] REGISTERED
2023-02-17 01:32:39,356 [e3571a67-d8a4-45a2-97d0-612fce96ab5f-NettyServerStreamRpc-bossGroup--thread1] INFO  logging.LoggingHandler (AbstractInternalLogger.java:log(148)) - [id: 0xb03df25f] BIND: 0.0.0.0/0.0.0.0:0
2023-02-17 01:32:39,356 [e3571a67-d8a4-45a2-97d0-612fce96ab5f-NettyServerStreamRpc-bossGroup--thread1] INFO  logging.LoggingHandler (AbstractInternalLogger.java:log(148)) - [id: 0xb03df25f, L:/0:0:0:0:0:0:0:0:33401] ACTIVE
2023-02-17 01:32:39,358 [Listener at 127.0.0.1/33393] INFO  server.XceiverServerGrpc (XceiverServerGrpc.java:<init>(132)) - GrpcServer channel type EpollServerSocketChannel
2023-02-17 01:32:39,364 [Listener at 127.0.0.1/33393] INFO  http.BaseHttpServer (BaseHttpServer.java:newHttpServer2BuilderForOzone(213)) - Starting Web-server for hddsDatanode at: http://0.0.0.0:0
2023-02-17 01:32:39,364 [Listener at 127.0.0.1/33393] INFO  http.BaseHttpServer (BaseHttpServer.java:<init>(108)) - Hadoop Security Enabled: false Ozone Security Enabled: false Ozone HTTP Security Enabled: false 
2023-02-17 01:32:39,365 [Listener at 127.0.0.1/33393] WARN  server.AuthenticationFilter (AuthenticationFilter.java:constructSecretProvider(240)) - Unable to initialize FileSignerSecretProvider, falling back to use random secrets. Reason: Could not read signature secret file: /home/runner/hadoop-http-auth-signature-secret
2023-02-17 01:32:39,366 [Listener at 127.0.0.1/33393] WARN  http.HttpRequestLog (HttpRequestLog.java:getRequestLog(103)) - Jetty request log can only be enabled using Log4j
2023-02-17 01:32:39,368 [Listener at 127.0.0.1/33393] INFO  http.HttpServer2 (HttpServer2.java:addGlobalFilter(1031)) - Added global filter 'safety' (class=org.apache.hadoop.hdds.server.http.HttpServer2$QuotingInputFilter)
2023-02-17 01:32:39,369 [Listener at 127.0.0.1/33393] INFO  http.HttpServer2 (HttpServer2.java:addFilter(1007)) - Added filter static_user_filter (class=org.apache.hadoop.http.lib.StaticUserWebFilter$StaticUserFilter) to context hddsDatanode
2023-02-17 01:32:39,369 [Listener at 127.0.0.1/33393] INFO  http.HttpServer2 (HttpServer2.java:addFilter(1015)) - Added filter static_user_filter (class=org.apache.hadoop.http.lib.StaticUserWebFilter$StaticUserFilter) to context static
2023-02-17 01:32:39,369 [Listener at 127.0.0.1/33393] INFO  http.HttpServer2 (HttpServer2.java:addFilter(1015)) - Added filter static_user_filter (class=org.apache.hadoop.http.lib.StaticUserWebFilter$StaticUserFilter) to context logs
2023-02-17 01:32:39,369 [Listener at 127.0.0.1/33393] INFO  http.HttpServer2 (HttpServer2.java:bindListener(1250)) - Jetty bound to port 36033
2023-02-17 01:32:39,369 [Listener at 127.0.0.1/33393] INFO  server.Server (Server.java:doStart(375)) - jetty-9.4.49.v20220914; built: 2022-09-14T01:07:36.601Z; git: 4231a3b2e4cb8548a412a789936d640a97b1aa0a; jvm 1.8.0_362-b09
2023-02-17 01:32:39,373 [Listener at 127.0.0.1/33393] INFO  server.session (DefaultSessionIdManager.java:doStart(334)) - DefaultSessionIdManager workerName=node0
2023-02-17 01:32:39,374 [Listener at 127.0.0.1/33393] INFO  server.session (DefaultSessionIdManager.java:doStart(339)) - No SessionScavenger set, using defaults
2023-02-17 01:32:39,374 [Listener at 127.0.0.1/33393] INFO  server.session (HouseKeeper.java:startScavenging(132)) - node0 Scavenging every 660000ms
2023-02-17 01:32:39,374 [Listener at 127.0.0.1/33393] INFO  handler.ContextHandler (ContextHandler.java:doStart(921)) - Started o.e.j.s.ServletContextHandler@37be0d45{logs,/logs,file:///home/runner/work/ozone/ozone/hadoop-ozone/integration-test/target/log,AVAILABLE}
2023-02-17 01:32:39,375 [Listener at 127.0.0.1/33393] INFO  handler.ContextHandler (ContextHandler.java:doStart(921)) - Started o.e.j.s.ServletContextHandler@2e2a1bdc{static,/static,jar:file:/home/runner/.m2/repository/org/apache/ozone/hdds-container-service/1.4.0-SNAPSHOT/hdds-container-service-1.4.0-SNAPSHOT.jar!/webapps/static,AVAILABLE}
2023-02-17 01:32:39,576 [Listener at 127.0.0.1/33393] INFO  handler.ContextHandler (ContextHandler.java:doStart(921)) - Started o.e.j.w.WebAppContext@575a3deb{hddsDatanode,/,file:///tmp/jetty-0_0_0_0-36033-hdds-container-service-1_4_0-SNAPSHOT_jar-_-any-5780276817889947983/webapp/,AVAILABLE}{jar:file:/home/runner/.m2/repository/org/apache/ozone/hdds-container-service/1.4.0-SNAPSHOT/hdds-container-service-1.4.0-SNAPSHOT.jar!/webapps/hddsDatanode}
2023-02-17 01:32:39,578 [Listener at 127.0.0.1/33393] INFO  server.AbstractConnector (AbstractConnector.java:doStart(333)) - Started ServerConnector@11224390{HTTP/1.1, (http/1.1)}{0.0.0.0:36033}
2023-02-17 01:32:39,578 [Listener at 127.0.0.1/33393] INFO  server.Server (Server.java:doStart(415)) - Started @33172ms
2023-02-17 01:32:39,578 [Listener at 127.0.0.1/33393] WARN  impl.MetricsSystemImpl (MetricsSystemImpl.java:register(279)) - Sink prometheus already exists!
2023-02-17 01:32:39,579 [Listener at 127.0.0.1/33393] INFO  http.BaseHttpServer (BaseHttpServer.java:updateConnectorAddress(333)) - HTTP server of hddsDatanode listening at http://0.0.0.0:36033
2023-02-17 01:32:39,582 [Listener at 127.0.0.1/33393] INFO  ozone.MiniOzoneClusterImpl (MiniOzoneClusterImpl.java:lambda$waitForClusterToBeReady$0(218)) - Waiting for nodes to be ready. Got 0 of 5 DN Heartbeats.
2023-02-17 01:32:39,582 [Listener at 127.0.0.1/33393] INFO  ozone.MiniOzoneClusterImpl (MiniOzoneClusterImpl.java:lambda$waitForClusterToBeReady$0(221)) - Waiting for cluster to exit safe mode
2023-02-17 01:32:39,582 [Listener at 127.0.0.1/33393] INFO  ozone.MiniOzoneClusterImpl (MiniOzoneClusterImpl.java:lambda$waitForClusterToBeReady$0(223)) - SCM became leader
2023-02-17 01:32:39,582 [Datanode State Machine Daemon Thread] INFO  statemachine.DatanodeStateMachine (DatanodeStateMachine.java:lambda$startDaemon$0(516)) - Ozone container server started.
2023-02-17 01:32:39,593 [org.apache.hadoop.util.JvmPauseMonitor$Monitor@7d0f9a49] INFO  util.JvmPauseMonitor (JvmPauseMonitor.java:run(188)) - Starting JVM pause monitor
2023-02-17 01:32:39,594 [Datanode State Machine Task Thread - 0] INFO  datanode.InitDatanodeState (InitDatanodeState.java:persistContainerDatanodeDetails(138)) - DatanodeDetails is persisted to /home/runner/work/ozone/ozone/hadoop-ozone/integration-test/target/test-dir/MiniOzoneClusterImpl-89702d93-5b91-44b6-9f2b-a559f3ead11e/datanode-4/meta/datanode.id
2023-02-17 01:32:40,109 [EndpointStateMachine task thread for /0.0.0.0:36807 - 0 ] INFO  utils.DatanodeStoreCache (DatanodeStoreCache.java:addDB(58)) - Added db /home/runner/work/ozone/ozone/hadoop-ozone/integration-test/target/test-dir/MiniOzoneClusterImpl-89702d93-5b91-44b6-9f2b-a559f3ead11e/datanode-0/data-0/containers/hdds/89702d93-5b91-44b6-9f2b-a559f3ead11e/DS-3a2e84b9-fdf0-4ea8-8782-d824f9e03b61/container.db to cache
2023-02-17 01:32:40,109 [EndpointStateMachine task thread for /0.0.0.0:36807 - 0 ] INFO  volume.HddsVolume (HddsVolume.java:createDbStore(331)) - SchemaV3 db is created and loaded at /home/runner/work/ozone/ozone/hadoop-ozone/integration-test/target/test-dir/MiniOzoneClusterImpl-89702d93-5b91-44b6-9f2b-a559f3ead11e/datanode-0/data-0/containers/hdds/89702d93-5b91-44b6-9f2b-a559f3ead11e/DS-3a2e84b9-fdf0-4ea8-8782-d824f9e03b61/container.db for volume DS-3a2e84b9-fdf0-4ea8-8782-d824f9e03b61
2023-02-17 01:32:40,109 [EndpointStateMachine task thread for /0.0.0.0:36807 - 0 ] INFO  ozoneimpl.OzoneContainer (OzoneContainer.java:start(398)) - Attempting to start container services.
2023-02-17 01:32:40,109 [EndpointStateMachine task thread for /0.0.0.0:36807 - 0 ] INFO  ozoneimpl.OzoneContainer (OzoneContainer.java:startContainerScrub(315)) - Scheduled background container scanners and the on-demand container scanner have been disabled.
2023-02-17 01:32:40,111 [EndpointStateMachine task thread for /0.0.0.0:36807 - 0 ] INFO  replication.ReplicationServer (ReplicationServer.java:start(109)) - ReplicationServer is started using port 35257
2023-02-17 01:32:40,111 [EndpointStateMachine task thread for /0.0.0.0:36807 - 0 ] INFO  ratis.XceiverServerRatis (XceiverServerRatis.java:start(518)) - Starting XceiverServerRatis fbb73901-9846-46e5-9041-04081d17ecdb
2023-02-17 01:32:40,112 [EndpointStateMachine task thread for /0.0.0.0:36807 - 0 ] INFO  server.RaftServer (RaftServerProxy.java:startImpl(393)) - fbb73901-9846-46e5-9041-04081d17ecdb: start RPC server
2023-02-17 01:32:40,117 [EndpointStateMachine task thread for /0.0.0.0:36807 - 0 ] INFO  server.GrpcService (GrpcService.java:startImpl(262)) - fbb73901-9846-46e5-9041-04081d17ecdb: GrpcService started, listening on 44701
2023-02-17 01:32:40,118 [EndpointStateMachine task thread for /0.0.0.0:36807 - 0 ] INFO  ratis.XceiverServerRatis (XceiverServerRatis.java:getRealPort(544)) - XceiverServerRatis fbb73901-9846-46e5-9041-04081d17ecdb is started using port 44701 for RATIS
2023-02-17 01:32:40,118 [EndpointStateMachine task thread for /0.0.0.0:36807 - 0 ] INFO  ratis.XceiverServerRatis (XceiverServerRatis.java:getRealPort(544)) - XceiverServerRatis fbb73901-9846-46e5-9041-04081d17ecdb is started using port 44701 for RATIS_ADMIN
2023-02-17 01:32:40,118 [EndpointStateMachine task thread for /0.0.0.0:36807 - 0 ] INFO  ratis.XceiverServerRatis (XceiverServerRatis.java:getRealPort(544)) - XceiverServerRatis fbb73901-9846-46e5-9041-04081d17ecdb is started using port 44701 for RATIS_SERVER
2023-02-17 01:32:40,118 [EndpointStateMachine task thread for /0.0.0.0:36807 - 0 ] INFO  ratis.XceiverServerRatis (XceiverServerRatis.java:getRealPort(544)) - XceiverServerRatis fbb73901-9846-46e5-9041-04081d17ecdb is started using port 41727 for RATIS_DATASTREAM
2023-02-17 01:32:40,118 [JvmPauseMonitor7] INFO  util.JvmPauseMonitor (JvmPauseMonitor.java:run(105)) - JvmPauseMonitor-fbb73901-9846-46e5-9041-04081d17ecdb: Started
2023-02-17 01:32:40,124 [EndpointStateMachine task thread for /0.0.0.0:36807 - 0 ] INFO  server.XceiverServerGrpc (XceiverServerGrpc.java:start(180)) - XceiverServerGrpc fbb73901-9846-46e5-9041-04081d17ecdb is started using port 36035
2023-02-17 01:32:40,476 [EndpointStateMachine task thread for /0.0.0.0:36807 - 0 ] INFO  utils.DatanodeStoreCache (DatanodeStoreCache.java:addDB(58)) - Added db /home/runner/work/ozone/ozone/hadoop-ozone/integration-test/target/test-dir/MiniOzoneClusterImpl-89702d93-5b91-44b6-9f2b-a559f3ead11e/datanode-1/data-0/containers/hdds/89702d93-5b91-44b6-9f2b-a559f3ead11e/DS-1ae54a10-1b29-4b26-8655-a2ba797be840/container.db to cache
2023-02-17 01:32:40,476 [EndpointStateMachine task thread for /0.0.0.0:36807 - 0 ] INFO  volume.HddsVolume (HddsVolume.java:createDbStore(331)) - SchemaV3 db is created and loaded at /home/runner/work/ozone/ozone/hadoop-ozone/integration-test/target/test-dir/MiniOzoneClusterImpl-89702d93-5b91-44b6-9f2b-a559f3ead11e/datanode-1/data-0/containers/hdds/89702d93-5b91-44b6-9f2b-a559f3ead11e/DS-1ae54a10-1b29-4b26-8655-a2ba797be840/container.db for volume DS-1ae54a10-1b29-4b26-8655-a2ba797be840
2023-02-17 01:32:40,476 [EndpointStateMachine task thread for /0.0.0.0:36807 - 0 ] INFO  ozoneimpl.OzoneContainer (OzoneContainer.java:start(398)) - Attempting to start container services.
2023-02-17 01:32:40,477 [EndpointStateMachine task thread for /0.0.0.0:36807 - 0 ] INFO  ozoneimpl.OzoneContainer (OzoneContainer.java:startContainerScrub(315)) - Scheduled background container scanners and the on-demand container scanner have been disabled.
2023-02-17 01:32:40,479 [EndpointStateMachine task thread for /0.0.0.0:36807 - 0 ] INFO  replication.ReplicationServer (ReplicationServer.java:start(109)) - ReplicationServer is started using port 38161
2023-02-17 01:32:40,479 [EndpointStateMachine task thread for /0.0.0.0:36807 - 0 ] INFO  ratis.XceiverServerRatis (XceiverServerRatis.java:start(518)) - Starting XceiverServerRatis 1131348d-894a-4e58-906f-f7279fcc8226
2023-02-17 01:32:40,480 [EndpointStateMachine task thread for /0.0.0.0:36807 - 0 ] INFO  server.RaftServer (RaftServerProxy.java:startImpl(393)) - 1131348d-894a-4e58-906f-f7279fcc8226: start RPC server
2023-02-17 01:32:40,481 [EndpointStateMachine task thread for /0.0.0.0:36807 - 0 ] INFO  server.GrpcService (GrpcService.java:startImpl(262)) - 1131348d-894a-4e58-906f-f7279fcc8226: GrpcService started, listening on 44211
2023-02-17 01:32:40,481 [EndpointStateMachine task thread for /0.0.0.0:36807 - 0 ] INFO  ratis.XceiverServerRatis (XceiverServerRatis.java:getRealPort(544)) - XceiverServerRatis 1131348d-894a-4e58-906f-f7279fcc8226 is started using port 44211 for RATIS
2023-02-17 01:32:40,481 [EndpointStateMachine task thread for /0.0.0.0:36807 - 0 ] INFO  ratis.XceiverServerRatis (XceiverServerRatis.java:getRealPort(544)) - XceiverServerRatis 1131348d-894a-4e58-906f-f7279fcc8226 is started using port 44211 for RATIS_ADMIN
2023-02-17 01:32:40,481 [EndpointStateMachine task thread for /0.0.0.0:36807 - 0 ] INFO  ratis.XceiverServerRatis (XceiverServerRatis.java:getRealPort(544)) - XceiverServerRatis 1131348d-894a-4e58-906f-f7279fcc8226 is started using port 44211 for RATIS_SERVER
2023-02-17 01:32:40,481 [JvmPauseMonitor8] INFO  util.JvmPauseMonitor (JvmPauseMonitor.java:run(105)) - JvmPauseMonitor-1131348d-894a-4e58-906f-f7279fcc8226: Started
2023-02-17 01:32:40,481 [EndpointStateMachine task thread for /0.0.0.0:36807 - 0 ] INFO  ratis.XceiverServerRatis (XceiverServerRatis.java:getRealPort(544)) - XceiverServerRatis 1131348d-894a-4e58-906f-f7279fcc8226 is started using port 37409 for RATIS_DATASTREAM
2023-02-17 01:32:40,483 [EndpointStateMachine task thread for /0.0.0.0:36807 - 0 ] INFO  server.XceiverServerGrpc (XceiverServerGrpc.java:start(180)) - XceiverServerGrpc 1131348d-894a-4e58-906f-f7279fcc8226 is started using port 38915
2023-02-17 01:32:40,582 [Listener at 127.0.0.1/33393] INFO  ozone.MiniOzoneClusterImpl (MiniOzoneClusterImpl.java:lambda$waitForClusterToBeReady$0(218)) - Waiting for nodes to be ready. Got 0 of 5 DN Heartbeats.
2023-02-17 01:32:40,582 [Listener at 127.0.0.1/33393] INFO  ozone.MiniOzoneClusterImpl (MiniOzoneClusterImpl.java:lambda$waitForClusterToBeReady$0(221)) - Waiting for cluster to exit safe mode
2023-02-17 01:32:40,583 [Listener at 127.0.0.1/33393] INFO  ozone.MiniOzoneClusterImpl (MiniOzoneClusterImpl.java:lambda$waitForClusterToBeReady$0(223)) - SCM became leader
2023-02-17 01:32:40,900 [EndpointStateMachine task thread for /0.0.0.0:36807 - 0 ] INFO  utils.DatanodeStoreCache (DatanodeStoreCache.java:addDB(58)) - Added db /home/runner/work/ozone/ozone/hadoop-ozone/integration-test/target/test-dir/MiniOzoneClusterImpl-89702d93-5b91-44b6-9f2b-a559f3ead11e/datanode-2/data-0/containers/hdds/89702d93-5b91-44b6-9f2b-a559f3ead11e/DS-b3e7c671-df5b-4663-87fa-5fee369cebba/container.db to cache
2023-02-17 01:32:40,900 [EndpointStateMachine task thread for /0.0.0.0:36807 - 0 ] INFO  volume.HddsVolume (HddsVolume.java:createDbStore(331)) - SchemaV3 db is created and loaded at /home/runner/work/ozone/ozone/hadoop-ozone/integration-test/target/test-dir/MiniOzoneClusterImpl-89702d93-5b91-44b6-9f2b-a559f3ead11e/datanode-2/data-0/containers/hdds/89702d93-5b91-44b6-9f2b-a559f3ead11e/DS-b3e7c671-df5b-4663-87fa-5fee369cebba/container.db for volume DS-b3e7c671-df5b-4663-87fa-5fee369cebba
2023-02-17 01:32:40,900 [EndpointStateMachine task thread for /0.0.0.0:36807 - 0 ] INFO  ozoneimpl.OzoneContainer (OzoneContainer.java:start(398)) - Attempting to start container services.
2023-02-17 01:32:40,900 [EndpointStateMachine task thread for /0.0.0.0:36807 - 0 ] INFO  ozoneimpl.OzoneContainer (OzoneContainer.java:startContainerScrub(315)) - Scheduled background container scanners and the on-demand container scanner have been disabled.
2023-02-17 01:32:40,901 [EndpointStateMachine task thread for /0.0.0.0:36807 - 0 ] INFO  replication.ReplicationServer (ReplicationServer.java:start(109)) - ReplicationServer is started using port 33737
2023-02-17 01:32:40,902 [EndpointStateMachine task thread for /0.0.0.0:36807 - 0 ] INFO  ratis.XceiverServerRatis (XceiverServerRatis.java:start(518)) - Starting XceiverServerRatis 87f673cb-bc85-4117-8855-8087f234659e
2023-02-17 01:32:40,902 [EndpointStateMachine task thread for /0.0.0.0:36807 - 0 ] INFO  server.RaftServer (RaftServerProxy.java:startImpl(393)) - 87f673cb-bc85-4117-8855-8087f234659e: start RPC server
2023-02-17 01:32:40,903 [EndpointStateMachine task thread for /0.0.0.0:36807 - 0 ] INFO  server.GrpcService (GrpcService.java:startImpl(262)) - 87f673cb-bc85-4117-8855-8087f234659e: GrpcService started, listening on 44783
2023-02-17 01:32:40,904 [EndpointStateMachine task thread for /0.0.0.0:36807 - 0 ] INFO  ratis.XceiverServerRatis (XceiverServerRatis.java:getRealPort(544)) - XceiverServerRatis 87f673cb-bc85-4117-8855-8087f234659e is started using port 44783 for RATIS
2023-02-17 01:32:40,904 [EndpointStateMachine task thread for /0.0.0.0:36807 - 0 ] INFO  ratis.XceiverServerRatis (XceiverServerRatis.java:getRealPort(544)) - XceiverServerRatis 87f673cb-bc85-4117-8855-8087f234659e is started using port 44783 for RATIS_ADMIN
2023-02-17 01:32:40,904 [EndpointStateMachine task thread for /0.0.0.0:36807 - 0 ] INFO  ratis.XceiverServerRatis (XceiverServerRatis.java:getRealPort(544)) - XceiverServerRatis 87f673cb-bc85-4117-8855-8087f234659e is started using port 44783 for RATIS_SERVER
2023-02-17 01:32:40,904 [EndpointStateMachine task thread for /0.0.0.0:36807 - 0 ] INFO  ratis.XceiverServerRatis (XceiverServerRatis.java:getRealPort(544)) - XceiverServerRatis 87f673cb-bc85-4117-8855-8087f234659e is started using port 42939 for RATIS_DATASTREAM
2023-02-17 01:32:40,907 [JvmPauseMonitor9] INFO  util.JvmPauseMonitor (JvmPauseMonitor.java:run(105)) - JvmPauseMonitor-87f673cb-bc85-4117-8855-8087f234659e: Started
2023-02-17 01:32:40,909 [EndpointStateMachine task thread for /0.0.0.0:36807 - 0 ] INFO  server.XceiverServerGrpc (XceiverServerGrpc.java:start(180)) - XceiverServerGrpc 87f673cb-bc85-4117-8855-8087f234659e is started using port 37479
2023-02-17 01:32:41,259 [EndpointStateMachine task thread for /0.0.0.0:36807 - 0 ] INFO  utils.DatanodeStoreCache (DatanodeStoreCache.java:addDB(58)) - Added db /home/runner/work/ozone/ozone/hadoop-ozone/integration-test/target/test-dir/MiniOzoneClusterImpl-89702d93-5b91-44b6-9f2b-a559f3ead11e/datanode-3/data-0/containers/hdds/89702d93-5b91-44b6-9f2b-a559f3ead11e/DS-a36aca85-cd40-4913-8901-91549c950cd2/container.db to cache
2023-02-17 01:32:41,259 [EndpointStateMachine task thread for /0.0.0.0:36807 - 0 ] INFO  volume.HddsVolume (HddsVolume.java:createDbStore(331)) - SchemaV3 db is created and loaded at /home/runner/work/ozone/ozone/hadoop-ozone/integration-test/target/test-dir/MiniOzoneClusterImpl-89702d93-5b91-44b6-9f2b-a559f3ead11e/datanode-3/data-0/containers/hdds/89702d93-5b91-44b6-9f2b-a559f3ead11e/DS-a36aca85-cd40-4913-8901-91549c950cd2/container.db for volume DS-a36aca85-cd40-4913-8901-91549c950cd2
2023-02-17 01:32:41,259 [EndpointStateMachine task thread for /0.0.0.0:36807 - 0 ] INFO  ozoneimpl.OzoneContainer (OzoneContainer.java:start(398)) - Attempting to start container services.
2023-02-17 01:32:41,259 [EndpointStateMachine task thread for /0.0.0.0:36807 - 0 ] INFO  ozoneimpl.OzoneContainer (OzoneContainer.java:startContainerScrub(315)) - Scheduled background container scanners and the on-demand container scanner have been disabled.
2023-02-17 01:32:41,261 [EndpointStateMachine task thread for /0.0.0.0:36807 - 0 ] INFO  replication.ReplicationServer (ReplicationServer.java:start(109)) - ReplicationServer is started using port 38713
2023-02-17 01:32:41,261 [EndpointStateMachine task thread for /0.0.0.0:36807 - 0 ] INFO  ratis.XceiverServerRatis (XceiverServerRatis.java:start(518)) - Starting XceiverServerRatis 8cde0c14-0821-4c97-8217-69da976cfafe
2023-02-17 01:32:41,262 [EndpointStateMachine task thread for /0.0.0.0:36807 - 0 ] INFO  server.RaftServer (RaftServerProxy.java:startImpl(393)) - 8cde0c14-0821-4c97-8217-69da976cfafe: start RPC server
2023-02-17 01:32:41,263 [EndpointStateMachine task thread for /0.0.0.0:36807 - 0 ] INFO  server.GrpcService (GrpcService.java:startImpl(262)) - 8cde0c14-0821-4c97-8217-69da976cfafe: GrpcService started, listening on 33245
2023-02-17 01:32:41,264 [EndpointStateMachine task thread for /0.0.0.0:36807 - 0 ] INFO  ratis.XceiverServerRatis (XceiverServerRatis.java:getRealPort(544)) - XceiverServerRatis 8cde0c14-0821-4c97-8217-69da976cfafe is started using port 33245 for RATIS
2023-02-17 01:32:41,264 [EndpointStateMachine task thread for /0.0.0.0:36807 - 0 ] INFO  ratis.XceiverServerRatis (XceiverServerRatis.java:getRealPort(544)) - XceiverServerRatis 8cde0c14-0821-4c97-8217-69da976cfafe is started using port 33245 for RATIS_ADMIN
2023-02-17 01:32:41,264 [JvmPauseMonitor10] INFO  util.JvmPauseMonitor (JvmPauseMonitor.java:run(105)) - JvmPauseMonitor-8cde0c14-0821-4c97-8217-69da976cfafe: Started
2023-02-17 01:32:41,264 [EndpointStateMachine task thread for /0.0.0.0:36807 - 0 ] INFO  ratis.XceiverServerRatis (XceiverServerRatis.java:getRealPort(544)) - XceiverServerRatis 8cde0c14-0821-4c97-8217-69da976cfafe is started using port 33245 for RATIS_SERVER
2023-02-17 01:32:41,264 [EndpointStateMachine task thread for /0.0.0.0:36807 - 0 ] INFO  ratis.XceiverServerRatis (XceiverServerRatis.java:getRealPort(544)) - XceiverServerRatis 8cde0c14-0821-4c97-8217-69da976cfafe is started using port 35959 for RATIS_DATASTREAM
2023-02-17 01:32:41,266 [EndpointStateMachine task thread for /0.0.0.0:36807 - 0 ] INFO  server.XceiverServerGrpc (XceiverServerGrpc.java:start(180)) - XceiverServerGrpc 8cde0c14-0821-4c97-8217-69da976cfafe is started using port 39575
2023-02-17 01:32:41,583 [Listener at 127.0.0.1/33393] INFO  ozone.MiniOzoneClusterImpl (MiniOzoneClusterImpl.java:lambda$waitForClusterToBeReady$0(218)) - Waiting for nodes to be ready. Got 0 of 5 DN Heartbeats.
2023-02-17 01:32:41,583 [Listener at 127.0.0.1/33393] INFO  ozone.MiniOzoneClusterImpl (MiniOzoneClusterImpl.java:lambda$waitForClusterToBeReady$0(221)) - Waiting for cluster to exit safe mode
2023-02-17 01:32:41,583 [Listener at 127.0.0.1/33393] INFO  ozone.MiniOzoneClusterImpl (MiniOzoneClusterImpl.java:lambda$waitForClusterToBeReady$0(223)) - SCM became leader
2023-02-17 01:32:41,620 [EndpointStateMachine task thread for /0.0.0.0:36807 - 0 ] INFO  utils.DatanodeStoreCache (DatanodeStoreCache.java:addDB(58)) - Added db /home/runner/work/ozone/ozone/hadoop-ozone/integration-test/target/test-dir/MiniOzoneClusterImpl-89702d93-5b91-44b6-9f2b-a559f3ead11e/datanode-4/data-0/containers/hdds/89702d93-5b91-44b6-9f2b-a559f3ead11e/DS-f722c5b8-27c2-4ad3-9ee7-7fb4a44e8f4a/container.db to cache
2023-02-17 01:32:41,620 [EndpointStateMachine task thread for /0.0.0.0:36807 - 0 ] INFO  volume.HddsVolume (HddsVolume.java:createDbStore(331)) - SchemaV3 db is created and loaded at /home/runner/work/ozone/ozone/hadoop-ozone/integration-test/target/test-dir/MiniOzoneClusterImpl-89702d93-5b91-44b6-9f2b-a559f3ead11e/datanode-4/data-0/containers/hdds/89702d93-5b91-44b6-9f2b-a559f3ead11e/DS-f722c5b8-27c2-4ad3-9ee7-7fb4a44e8f4a/container.db for volume DS-f722c5b8-27c2-4ad3-9ee7-7fb4a44e8f4a
2023-02-17 01:32:41,620 [EndpointStateMachine task thread for /0.0.0.0:36807 - 0 ] INFO  ozoneimpl.OzoneContainer (OzoneContainer.java:start(398)) - Attempting to start container services.
2023-02-17 01:32:41,621 [EndpointStateMachine task thread for /0.0.0.0:36807 - 0 ] INFO  ozoneimpl.OzoneContainer (OzoneContainer.java:startContainerScrub(315)) - Scheduled background container scanners and the on-demand container scanner have been disabled.
2023-02-17 01:32:41,622 [EndpointStateMachine task thread for /0.0.0.0:36807 - 0 ] INFO  replication.ReplicationServer (ReplicationServer.java:start(109)) - ReplicationServer is started using port 42349
2023-02-17 01:32:41,622 [EndpointStateMachine task thread for /0.0.0.0:36807 - 0 ] INFO  ratis.XceiverServerRatis (XceiverServerRatis.java:start(518)) - Starting XceiverServerRatis e3571a67-d8a4-45a2-97d0-612fce96ab5f
2023-02-17 01:32:41,623 [EndpointStateMachine task thread for /0.0.0.0:36807 - 0 ] INFO  server.RaftServer (RaftServerProxy.java:startImpl(393)) - e3571a67-d8a4-45a2-97d0-612fce96ab5f: start RPC server
2023-02-17 01:32:41,623 [EndpointStateMachine task thread for /0.0.0.0:36807 - 0 ] INFO  server.GrpcService (GrpcService.java:startImpl(262)) - e3571a67-d8a4-45a2-97d0-612fce96ab5f: GrpcService started, listening on 37977
2023-02-17 01:32:41,624 [EndpointStateMachine task thread for /0.0.0.0:36807 - 0 ] INFO  ratis.XceiverServerRatis (XceiverServerRatis.java:getRealPort(544)) - XceiverServerRatis e3571a67-d8a4-45a2-97d0-612fce96ab5f is started using port 37977 for RATIS
2023-02-17 01:32:41,624 [EndpointStateMachine task thread for /0.0.0.0:36807 - 0 ] INFO  ratis.XceiverServerRatis (XceiverServerRatis.java:getRealPort(544)) - XceiverServerRatis e3571a67-d8a4-45a2-97d0-612fce96ab5f is started using port 37977 for RATIS_ADMIN
2023-02-17 01:32:41,624 [JvmPauseMonitor11] INFO  util.JvmPauseMonitor (JvmPauseMonitor.java:run(105)) - JvmPauseMonitor-e3571a67-d8a4-45a2-97d0-612fce96ab5f: Started
2023-02-17 01:32:41,624 [EndpointStateMachine task thread for /0.0.0.0:36807 - 0 ] INFO  ratis.XceiverServerRatis (XceiverServerRatis.java:getRealPort(544)) - XceiverServerRatis e3571a67-d8a4-45a2-97d0-612fce96ab5f is started using port 37977 for RATIS_SERVER
2023-02-17 01:32:41,624 [EndpointStateMachine task thread for /0.0.0.0:36807 - 0 ] INFO  ratis.XceiverServerRatis (XceiverServerRatis.java:getRealPort(544)) - XceiverServerRatis e3571a67-d8a4-45a2-97d0-612fce96ab5f is started using port 33401 for RATIS_DATASTREAM
2023-02-17 01:32:41,625 [EndpointStateMachine task thread for /0.0.0.0:36807 - 0 ] INFO  server.XceiverServerGrpc (XceiverServerGrpc.java:start(180)) - XceiverServerGrpc e3571a67-d8a4-45a2-97d0-612fce96ab5f is started using port 35175
2023-02-17 01:32:42,073 [IPC Server handler 19 on default port 36807] INFO  net.NetworkTopologyImpl (NetworkTopologyImpl.java:add(112)) - Added a new node: /default-rack/fbb73901-9846-46e5-9041-04081d17ecdb
2023-02-17 01:32:42,073 [IPC Server handler 19 on default port 36807] INFO  node.SCMNodeManager (SCMNodeManager.java:register(397)) - Registered Data node : fbb73901-9846-46e5-9041-04081d17ecdb{ip: 10.1.0.190, host: fv-az249-264.ubt5suc3ufjutoeqyo4zsso0he.gx.internal.cloudapp.net, ports: [REPLICATION=35257, RATIS=44701, RATIS_ADMIN=44701, RATIS_SERVER=44701, RATIS_DATASTREAM=41727, STANDALONE=36035], networkLocation: /default-rack, certSerialId: null, persistedOpState: null, persistedOpStateExpiryEpochSec: 0}
2023-02-17 01:32:42,075 [EventQueue-NodeRegistrationContainerReportForDataNodeSafeModeRule] INFO  safemode.SCMSafeModeManager (DataNodeSafeModeRule.java:process(71)) - SCM in safe mode. 1 DataNodes registered, 3 required.
2023-02-17 01:32:42,075 [EventQueue-NodeRegistrationContainerReportForContainerSafeModeRule] INFO  safemode.SCMSafeModeManager (SCMSafeModeManager.java:validateSafeModeExitRules(200)) - ContainerSafeModeRule rule is successfully validated
2023-02-17 01:32:42,078 [EventQueue-NewNodeForNewNodeHandler] INFO  pipeline.BackgroundPipelineCreator (BackgroundPipelineCreator.java:notifyEventTriggered(276)) - trigger a one-shot run on RatisPipelineUtilsThread.
2023-02-17 01:32:42,078 [RatisPipelineUtilsThread - 0] INFO  pipeline.RatisPipelineProvider (RatisPipelineProvider.java:lambda$create$0(206)) - Sending CreatePipelineCommand for pipeline:PipelineID=49fb14fc-0f2f-4a00-8360-0142fead4dc7 to datanode:fbb73901-9846-46e5-9041-04081d17ecdb
2023-02-17 01:32:42,079 [RatisPipelineUtilsThread - 0] INFO  pipeline.PipelineStateManagerImpl (PipelineStateManagerImpl.java:addPipeline(103)) - Created pipeline Pipeline[ Id: 49fb14fc-0f2f-4a00-8360-0142fead4dc7, Nodes: fbb73901-9846-46e5-9041-04081d17ecdb(fv-az249-264.ubt5suc3ufjutoeqyo4zsso0he.gx.internal.cloudapp.net/10.1.0.190), ReplicationConfig: RATIS/ONE, State:ALLOCATED, leaderId:, CreationTimestamp2023-02-17T01:32:42.078Z[Etc/UTC]].
2023-02-17 01:32:42,083 [EventQueue-PipelineReportForOneReplicaPipelineSafeModeRule] INFO  safemode.SCMSafeModeManager (SCMSafeModeManager.java:validateSafeModeExitRules(200)) - AtleastOneDatanodeReportedRule rule is successfully validated
2023-02-17 01:32:42,448 [IPC Server handler 16 on default port 36807] INFO  net.NetworkTopologyImpl (NetworkTopologyImpl.java:add(112)) - Added a new node: /default-rack/1131348d-894a-4e58-906f-f7279fcc8226
2023-02-17 01:32:42,448 [IPC Server handler 16 on default port 36807] INFO  node.SCMNodeManager (SCMNodeManager.java:register(397)) - Registered Data node : 1131348d-894a-4e58-906f-f7279fcc8226{ip: 10.1.0.190, host: fv-az249-264.ubt5suc3ufjutoeqyo4zsso0he.gx.internal.cloudapp.net, ports: [REPLICATION=38161, RATIS=44211, RATIS_ADMIN=44211, RATIS_SERVER=44211, RATIS_DATASTREAM=37409, STANDALONE=38915], networkLocation: /default-rack, certSerialId: null, persistedOpState: null, persistedOpStateExpiryEpochSec: 0}
2023-02-17 01:32:42,448 [EventQueue-NewNodeForNewNodeHandler] INFO  pipeline.BackgroundPipelineCreator (BackgroundPipelineCreator.java:notifyEventTriggered(276)) - trigger a one-shot run on RatisPipelineUtilsThread.
2023-02-17 01:32:42,449 [RatisPipelineUtilsThread - 0] INFO  pipeline.RatisPipelineProvider (RatisPipelineProvider.java:lambda$create$0(206)) - Sending CreatePipelineCommand for pipeline:PipelineID=b83c5ab2-5440-4756-ab72-596d5cad1d12 to datanode:1131348d-894a-4e58-906f-f7279fcc8226
2023-02-17 01:32:42,449 [RatisPipelineUtilsThread - 0] INFO  pipeline.PipelineStateManagerImpl (PipelineStateManagerImpl.java:addPipeline(103)) - Created pipeline Pipeline[ Id: b83c5ab2-5440-4756-ab72-596d5cad1d12, Nodes: 1131348d-894a-4e58-906f-f7279fcc8226(fv-az249-264.ubt5suc3ufjutoeqyo4zsso0he.gx.internal.cloudapp.net/10.1.0.190), ReplicationConfig: RATIS/ONE, State:ALLOCATED, leaderId:, CreationTimestamp2023-02-17T01:32:42.449Z[Etc/UTC]].
2023-02-17 01:32:42,454 [EventQueue-NodeRegistrationContainerReportForDataNodeSafeModeRule] INFO  safemode.SCMSafeModeManager (DataNodeSafeModeRule.java:process(71)) - SCM in safe mode. 2 DataNodes registered, 3 required.
2023-02-17 01:32:42,583 [Listener at 127.0.0.1/33393] INFO  ozone.MiniOzoneClusterImpl (MiniOzoneClusterImpl.java:lambda$waitForClusterToBeReady$0(218)) - Waiting for nodes to be ready. Got 2 of 5 DN Heartbeats.
2023-02-17 01:32:42,583 [Listener at 127.0.0.1/33393] INFO  ozone.MiniOzoneClusterImpl (MiniOzoneClusterImpl.java:lambda$waitForClusterToBeReady$0(221)) - Waiting for cluster to exit safe mode
2023-02-17 01:32:42,584 [Listener at 127.0.0.1/33393] INFO  ozone.MiniOzoneClusterImpl (MiniOzoneClusterImpl.java:lambda$waitForClusterToBeReady$0(223)) - SCM became leader
2023-02-17 01:32:42,872 [IPC Server handler 18 on default port 36807] INFO  net.NetworkTopologyImpl (NetworkTopologyImpl.java:add(112)) - Added a new node: /default-rack/87f673cb-bc85-4117-8855-8087f234659e
2023-02-17 01:32:42,872 [IPC Server handler 18 on default port 36807] INFO  node.SCMNodeManager (SCMNodeManager.java:register(397)) - Registered Data node : 87f673cb-bc85-4117-8855-8087f234659e{ip: 10.1.0.190, host: fv-az249-264.ubt5suc3ufjutoeqyo4zsso0he.gx.internal.cloudapp.net, ports: [REPLICATION=33737, RATIS=44783, RATIS_ADMIN=44783, RATIS_SERVER=44783, RATIS_DATASTREAM=42939, STANDALONE=37479], networkLocation: /default-rack, certSerialId: null, persistedOpState: null, persistedOpStateExpiryEpochSec: 0}
2023-02-17 01:32:42,873 [EventQueue-NewNodeForNewNodeHandler] INFO  pipeline.BackgroundPipelineCreator (BackgroundPipelineCreator.java:notifyEventTriggered(276)) - trigger a one-shot run on RatisPipelineUtilsThread.
2023-02-17 01:32:42,873 [RatisPipelineUtilsThread - 0] INFO  pipeline.RatisPipelineProvider (RatisPipelineProvider.java:lambda$create$0(206)) - Sending CreatePipelineCommand for pipeline:PipelineID=a9b92907-a825-47be-a979-b5749ebdbfba to datanode:87f673cb-bc85-4117-8855-8087f234659e
2023-02-17 01:32:42,874 [EventQueue-NodeRegistrationContainerReportForDataNodeSafeModeRule] INFO  safemode.SCMSafeModeManager (DataNodeSafeModeRule.java:process(71)) - SCM in safe mode. 3 DataNodes registered, 3 required.
2023-02-17 01:32:42,874 [EventQueue-NodeRegistrationContainerReportForDataNodeSafeModeRule] INFO  safemode.SCMSafeModeManager (SCMSafeModeManager.java:validateSafeModeExitRules(200)) - DataNodeSafeModeRule rule is successfully validated
2023-02-17 01:32:42,874 [EventQueue-NodeRegistrationContainerReportForDataNodeSafeModeRule] INFO  safemode.SCMSafeModeManager (SCMSafeModeManager.java:completePreCheck(229)) - All SCM safe mode pre check rules have passed
2023-02-17 01:32:42,874 [EventQueue-NodeRegistrationContainerReportForDataNodeSafeModeRule] INFO  ha.SCMContext (SCMContext.java:updateSafeModeStatus(228)) - Update SafeModeStatus from SafeModeStatus{safeModeStatus=true, preCheckPassed=false} to SafeModeStatus{safeModeStatus=true, preCheckPassed=true}.
2023-02-17 01:32:42,874 [EventQueue-NodeRegistrationContainerReportForDataNodeSafeModeRule] INFO  pipeline.BackgroundPipelineCreator (BackgroundPipelineCreator.java:notifyEventTriggered(276)) - trigger a one-shot run on RatisPipelineUtilsThread.
2023-02-17 01:32:42,874 [RatisPipelineUtilsThread - 0] INFO  pipeline.PipelineStateManagerImpl (PipelineStateManagerImpl.java:addPipeline(103)) - Created pipeline Pipeline[ Id: a9b92907-a825-47be-a979-b5749ebdbfba, Nodes: 87f673cb-bc85-4117-8855-8087f234659e(fv-az249-264.ubt5suc3ufjutoeqyo4zsso0he.gx.internal.cloudapp.net/10.1.0.190), ReplicationConfig: RATIS/ONE, State:ALLOCATED, leaderId:, CreationTimestamp2023-02-17T01:32:42.873Z[Etc/UTC]].
2023-02-17 01:32:42,875 [RatisPipelineUtilsThread - 0] INFO  pipeline.RatisPipelineProvider (RatisPipelineProvider.java:lambda$create$0(206)) - Sending CreatePipelineCommand for pipeline:PipelineID=cf3d9123-e01b-4124-8670-324feff592b5 to datanode:1131348d-894a-4e58-906f-f7279fcc8226
2023-02-17 01:32:42,875 [RatisPipelineUtilsThread - 0] INFO  pipeline.RatisPipelineProvider (RatisPipelineProvider.java:lambda$create$0(206)) - Sending CreatePipelineCommand for pipeline:PipelineID=cf3d9123-e01b-4124-8670-324feff592b5 to datanode:fbb73901-9846-46e5-9041-04081d17ecdb
2023-02-17 01:32:42,875 [RatisPipelineUtilsThread - 0] INFO  pipeline.RatisPipelineProvider (RatisPipelineProvider.java:lambda$create$0(206)) - Sending CreatePipelineCommand for pipeline:PipelineID=cf3d9123-e01b-4124-8670-324feff592b5 to datanode:87f673cb-bc85-4117-8855-8087f234659e
2023-02-17 01:32:42,876 [RatisPipelineUtilsThread - 0] INFO  pipeline.PipelineStateManagerImpl (PipelineStateManagerImpl.java:addPipeline(103)) - Created pipeline Pipeline[ Id: cf3d9123-e01b-4124-8670-324feff592b5, Nodes: 1131348d-894a-4e58-906f-f7279fcc8226(fv-az249-264.ubt5suc3ufjutoeqyo4zsso0he.gx.internal.cloudapp.net/10.1.0.190)fbb73901-9846-46e5-9041-04081d17ecdb(fv-az249-264.ubt5suc3ufjutoeqyo4zsso0he.gx.internal.cloudapp.net/10.1.0.190)87f673cb-bc85-4117-8855-8087f234659e(fv-az249-264.ubt5suc3ufjutoeqyo4zsso0he.gx.internal.cloudapp.net/10.1.0.190), ReplicationConfig: RATIS/THREE, State:ALLOCATED, leaderId:, CreationTimestamp2023-02-17T01:32:42.875Z[Etc/UTC]].
2023-02-17 01:32:42,876 [RatisPipelineUtilsThread - 0] INFO  pipeline.RatisPipelineProvider (RatisPipelineProvider.java:lambda$create$0(206)) - Sending CreatePipelineCommand for pipeline:PipelineID=1b6a77e3-027c-408d-bbfe-06060b034be9 to datanode:1131348d-894a-4e58-906f-f7279fcc8226
2023-02-17 01:32:42,876 [RatisPipelineUtilsThread - 0] INFO  pipeline.RatisPipelineProvider (RatisPipelineProvider.java:lambda$create$0(206)) - Sending CreatePipelineCommand for pipeline:PipelineID=1b6a77e3-027c-408d-bbfe-06060b034be9 to datanode:87f673cb-bc85-4117-8855-8087f234659e
2023-02-17 01:32:42,876 [RatisPipelineUtilsThread - 0] INFO  pipeline.RatisPipelineProvider (RatisPipelineProvider.java:lambda$create$0(206)) - Sending CreatePipelineCommand for pipeline:PipelineID=1b6a77e3-027c-408d-bbfe-06060b034be9 to datanode:fbb73901-9846-46e5-9041-04081d17ecdb
2023-02-17 01:32:42,877 [RatisPipelineUtilsThread - 0] INFO  pipeline.PipelineStateManagerImpl (PipelineStateManagerImpl.java:addPipeline(103)) - Created pipeline Pipeline[ Id: 1b6a77e3-027c-408d-bbfe-06060b034be9, Nodes: 1131348d-894a-4e58-906f-f7279fcc8226(fv-az249-264.ubt5suc3ufjutoeqyo4zsso0he.gx.internal.cloudapp.net/10.1.0.190)87f673cb-bc85-4117-8855-8087f234659e(fv-az249-264.ubt5suc3ufjutoeqyo4zsso0he.gx.internal.cloudapp.net/10.1.0.190)fbb73901-9846-46e5-9041-04081d17ecdb(fv-az249-264.ubt5suc3ufjutoeqyo4zsso0he.gx.internal.cloudapp.net/10.1.0.190), ReplicationConfig: RATIS/THREE, State:ALLOCATED, leaderId:, CreationTimestamp2023-02-17T01:32:42.876Z[Etc/UTC]].
2023-02-17 01:32:42,877 [RatisPipelineUtilsThread - 0] INFO  pipeline.PipelineManagerImpl (PipelineManagerImpl.java:recordMetricsForPipeline(826)) - Pipeline: PipelineID=1b6a77e3-027c-408d-bbfe-06060b034be9 contains same datanodes as previous pipelines: PipelineID=cf3d9123-e01b-4124-8670-324feff592b5 nodeIds: 1131348d-894a-4e58-906f-f7279fcc8226, 87f673cb-bc85-4117-8855-8087f234659e, fbb73901-9846-46e5-9041-04081d17ecdb
2023-02-17 01:32:42,878 [RatisPipelineUtilsThread - 0] WARN  pipeline.PipelinePlacementPolicy (PipelinePlacementPolicy.java:filterViableNodes(158)) - Pipeline creation failed due to no sufficient healthy datanodes. Required 3. Found 0.
2023-02-17 01:32:42,878 [RatisPipelineUtilsThread - 0] WARN  pipeline.PipelinePlacementPolicy (PipelinePlacementPolicy.java:filterViableNodes(158)) - Pipeline creation failed due to no sufficient healthy datanodes. Required 3. Found 0.
2023-02-17 01:32:43,233 [IPC Server handler 16 on default port 36807] INFO  net.NetworkTopologyImpl (NetworkTopologyImpl.java:add(112)) - Added a new node: /default-rack/8cde0c14-0821-4c97-8217-69da976cfafe
2023-02-17 01:32:43,233 [IPC Server handler 16 on default port 36807] INFO  node.SCMNodeManager (SCMNodeManager.java:register(397)) - Registered Data node : 8cde0c14-0821-4c97-8217-69da976cfafe{ip: 10.1.0.190, host: fv-az249-264.ubt5suc3ufjutoeqyo4zsso0he.gx.internal.cloudapp.net, ports: [REPLICATION=38713, RATIS=33245, RATIS_ADMIN=33245, RATIS_SERVER=33245, RATIS_DATASTREAM=35959, STANDALONE=39575], networkLocation: /default-rack, certSerialId: null, persistedOpState: null, persistedOpStateExpiryEpochSec: 0}
2023-02-17 01:32:43,234 [EventQueue-NewNodeForNewNodeHandler] INFO  pipeline.BackgroundPipelineCreator (BackgroundPipelineCreator.java:notifyEventTriggered(276)) - trigger a one-shot run on RatisPipelineUtilsThread.
2023-02-17 01:32:43,234 [RatisPipelineUtilsThread - 0] INFO  pipeline.RatisPipelineProvider (RatisPipelineProvider.java:lambda$create$0(206)) - Sending CreatePipelineCommand for pipeline:PipelineID=6375dc5e-5816-4542-a68b-67b9d14921cf to datanode:8cde0c14-0821-4c97-8217-69da976cfafe
2023-02-17 01:32:43,235 [RatisPipelineUtilsThread - 0] INFO  pipeline.PipelineStateManagerImpl (PipelineStateManagerImpl.java:addPipeline(103)) - Created pipeline Pipeline[ Id: 6375dc5e-5816-4542-a68b-67b9d14921cf, Nodes: 8cde0c14-0821-4c97-8217-69da976cfafe(fv-az249-264.ubt5suc3ufjutoeqyo4zsso0he.gx.internal.cloudapp.net/10.1.0.190), ReplicationConfig: RATIS/ONE, State:ALLOCATED, leaderId:, CreationTimestamp2023-02-17T01:32:43.234Z[Etc/UTC]].
2023-02-17 01:32:43,236 [RatisPipelineUtilsThread - 0] WARN  pipeline.PipelinePlacementPolicy (PipelinePlacementPolicy.java:filterViableNodes(158)) - Pipeline creation failed due to no sufficient healthy datanodes. Required 3. Found 1.
2023-02-17 01:32:43,584 [Listener at 127.0.0.1/33393] INFO  ozone.MiniOzoneClusterImpl (MiniOzoneClusterImpl.java:lambda$waitForClusterToBeReady$0(218)) - Waiting for nodes to be ready. Got 4 of 5 DN Heartbeats.
2023-02-17 01:32:43,584 [Listener at 127.0.0.1/33393] INFO  ozone.MiniOzoneClusterImpl (MiniOzoneClusterImpl.java:lambda$waitForClusterToBeReady$0(221)) - Waiting for cluster to exit safe mode
2023-02-17 01:32:43,584 [Listener at 127.0.0.1/33393] INFO  ozone.MiniOzoneClusterImpl (MiniOzoneClusterImpl.java:lambda$waitForClusterToBeReady$0(223)) - SCM became leader
2023-02-17 01:32:43,594 [IPC Server handler 17 on default port 36807] INFO  net.NetworkTopologyImpl (NetworkTopologyImpl.java:add(112)) - Added a new node: /default-rack/e3571a67-d8a4-45a2-97d0-612fce96ab5f
2023-02-17 01:32:43,595 [IPC Server handler 17 on default port 36807] INFO  node.SCMNodeManager (SCMNodeManager.java:register(397)) - Registered Data node : e3571a67-d8a4-45a2-97d0-612fce96ab5f{ip: 10.1.0.190, host: fv-az249-264.ubt5suc3ufjutoeqyo4zsso0he.gx.internal.cloudapp.net, ports: [REPLICATION=42349, RATIS=37977, RATIS_ADMIN=37977, RATIS_SERVER=37977, RATIS_DATASTREAM=33401, STANDALONE=35175], networkLocation: /default-rack, certSerialId: null, persistedOpState: null, persistedOpStateExpiryEpochSec: 0}
2023-02-17 01:32:43,595 [EventQueue-NewNodeForNewNodeHandler] INFO  pipeline.BackgroundPipelineCreator (BackgroundPipelineCreator.java:notifyEventTriggered(276)) - trigger a one-shot run on RatisPipelineUtilsThread.
2023-02-17 01:32:43,596 [RatisPipelineUtilsThread - 0] INFO  pipeline.RatisPipelineProvider (RatisPipelineProvider.java:lambda$create$0(206)) - Sending CreatePipelineCommand for pipeline:PipelineID=43d39d45-8017-4596-af55-2dae7bd82728 to datanode:e3571a67-d8a4-45a2-97d0-612fce96ab5f
2023-02-17 01:32:43,596 [RatisPipelineUtilsThread - 0] INFO  pipeline.PipelineStateManagerImpl (PipelineStateManagerImpl.java:addPipeline(103)) - Created pipeline Pipeline[ Id: 43d39d45-8017-4596-af55-2dae7bd82728, Nodes: e3571a67-d8a4-45a2-97d0-612fce96ab5f(fv-az249-264.ubt5suc3ufjutoeqyo4zsso0he.gx.internal.cloudapp.net/10.1.0.190), ReplicationConfig: RATIS/ONE, State:ALLOCATED, leaderId:, CreationTimestamp2023-02-17T01:32:43.596Z[Etc/UTC]].
2023-02-17 01:32:43,597 [RatisPipelineUtilsThread - 0] WARN  pipeline.PipelinePlacementPolicy (PipelinePlacementPolicy.java:filterViableNodes(158)) - Pipeline creation failed due to no sufficient healthy datanodes. Required 3. Found 2.
2023-02-17 01:32:44,584 [Listener at 127.0.0.1/33393] INFO  ozone.MiniOzoneClusterImpl (MiniOzoneClusterImpl.java:lambda$waitForClusterToBeReady$0(218)) - Nodes are ready. Got 5 of 5 DN Heartbeats.
2023-02-17 01:32:44,584 [Listener at 127.0.0.1/33393] INFO  ozone.MiniOzoneClusterImpl (MiniOzoneClusterImpl.java:lambda$waitForClusterToBeReady$0(221)) - Waiting for cluster to exit safe mode
2023-02-17 01:32:44,585 [Listener at 127.0.0.1/33393] INFO  ozone.MiniOzoneClusterImpl (MiniOzoneClusterImpl.java:lambda$waitForClusterToBeReady$0(223)) - SCM became leader
2023-02-17 01:32:45,072 [Command processor thread] INFO  server.RaftServer (RaftServerProxy.java:addNew(96)) - fbb73901-9846-46e5-9041-04081d17ecdb: addNew group-0142FEAD4DC7:[fbb73901-9846-46e5-9041-04081d17ecdb|rpc:10.1.0.190:44701|dataStream:10.1.0.190:41727|priority:1|startupRole:FOLLOWER] returns group-0142FEAD4DC7:java.util.concurrent.CompletableFuture@528fa7d6[Not completed]
2023-02-17 01:32:45,074 [pool-273-thread-1] INFO  server.RaftServer$Division (RaftServerImpl.java:<init>(195)) - fbb73901-9846-46e5-9041-04081d17ecdb: new RaftServerImpl for group-0142FEAD4DC7:[fbb73901-9846-46e5-9041-04081d17ecdb|rpc:10.1.0.190:44701|dataStream:10.1.0.190:41727|priority:1|startupRole:FOLLOWER] with ContainerStateMachine:uninitialized
2023-02-17 01:32:45,074 [pool-273-thread-1] INFO  server.RaftServerConfigKeys (ConfUtils.java:logGet(46)) - raft.server.rpc.timeout.min = 5s (custom)
2023-02-17 01:32:45,074 [pool-273-thread-1] INFO  server.RaftServerConfigKeys (ConfUtils.java:logGet(46)) - raft.server.rpc.timeout.max = 5200ms (custom)
2023-02-17 01:32:45,074 [pool-273-thread-1] INFO  server.RaftServerConfigKeys (ConfUtils.java:logGet(46)) - raft.server.rpc.sleep.time = 25ms (default)
2023-02-17 01:32:45,074 [pool-273-thread-1] INFO  server.RaftServerConfigKeys (ConfUtils.java:logGet(46)) - raft.server.rpc.slowness.timeout = 300000ms (custom)
2023-02-17 01:32:45,074 [pool-273-thread-1] INFO  server.RaftServerConfigKeys (ConfUtils.java:logGet(46)) - raft.server.leaderelection.leader.step-down.wait-time = 10s (default)
2023-02-17 01:32:45,074 [pool-273-thread-1] INFO  server.RaftServerConfigKeys (ConfUtils.java:logGet(46)) - raft.server.sleep.deviation.threshold = 300ms (default)
2023-02-17 01:32:45,074 [pool-273-thread-1] INFO  server.RaftServer$Division (ServerState.java:<init>(118)) - fbb73901-9846-46e5-9041-04081d17ecdb@group-0142FEAD4DC7: ConfigurationManager, init=-1: peers:[fbb73901-9846-46e5-9041-04081d17ecdb|rpc:10.1.0.190:44701|dataStream:10.1.0.190:41727|priority:1|startupRole:FOLLOWER]|listeners:[], old=null, confs=<EMPTY_MAP>
2023-02-17 01:32:45,074 [pool-273-thread-1] INFO  server.RaftServerConfigKeys (ConfUtils.java:logGet(46)) - raft.server.storage.dir = [/home/runner/work/ozone/ozone/hadoop-ozone/integration-test/target/test-dir/MiniOzoneClusterImpl-89702d93-5b91-44b6-9f2b-a559f3ead11e/datanode-0/data/ratis] (custom)
2023-02-17 01:32:45,075 [pool-273-thread-1] INFO  server.RaftServerConfigKeys (ConfUtils.java:logGet(46)) - raft.server.log.corruption.policy = EXCEPTION (default)
2023-02-17 01:32:45,075 [pool-273-thread-1] INFO  server.RaftServerConfigKeys (ConfUtils.java:logGet(46)) - raft.server.storage.free-space.min = 0MB (=0) (default)
2023-02-17 01:32:45,075 [pool-273-thread-1] INFO  server.RaftServerConfigKeys (ConfUtils.java:logGet(46)) - raft.server.notification.no-leader.timeout = 300000ms (custom)
2023-02-17 01:32:45,075 [pool-273-thread-1] INFO  server.RaftServerConfigKeys (ConfUtils.java:logGet(46)) - raft.server.retrycache.expirytime = 600000ms (custom)
2023-02-17 01:32:45,075 [pool-273-thread-1] INFO  server.RaftServerConfigKeys (ConfUtils.java:logGet(46)) - raft.server.retrycache.statistics.expirytime = 100μs (default)
2023-02-17 01:32:45,076 [pool-273-thread-1] INFO  server.RaftServerConfigKeys (ConfUtils.java:logGet(46)) - raft.server.log.appender.install.snapshot.enabled = false (custom)
2023-02-17 01:32:45,076 [pool-273-thread-1] INFO  server.RaftServerConfigKeys (ConfUtils.java:logGet(46)) - raft.server.threadpool.server.cached = true (default)
2023-02-17 01:32:45,076 [pool-273-thread-1] INFO  server.RaftServerConfigKeys (ConfUtils.java:logGet(46)) - raft.server.threadpool.server.size = 0 (default)
2023-02-17 01:32:45,076 [pool-273-thread-1] INFO  server.RaftServerConfigKeys (ConfUtils.java:logGet(46)) - raft.server.threadpool.client.cached = true (default)
2023-02-17 01:32:45,076 [pool-273-thread-1] INFO  server.RaftServerConfigKeys (ConfUtils.java:logGet(46)) - raft.server.threadpool.client.size = 0 (default)
2023-02-17 01:32:45,077 [pool-273-thread-1] INFO  storage.RaftStorageDirectory (RaftStorageDirectoryImpl.java:analyzeStorage(137)) - The storage directory /home/runner/work/ozone/ozone/hadoop-ozone/integration-test/target/test-dir/MiniOzoneClusterImpl-89702d93-5b91-44b6-9f2b-a559f3ead11e/datanode-0/data/ratis/49fb14fc-0f2f-4a00-8360-0142fead4dc7 does not exist. Creating ...
2023-02-17 01:32:45,078 [pool-273-thread-1] INFO  storage.RaftStorageDirectory (RaftStorageDirectoryImpl.java:tryLock(231)) - Lock on /home/runner/work/ozone/ozone/hadoop-ozone/integration-test/target/test-dir/MiniOzoneClusterImpl-89702d93-5b91-44b6-9f2b-a559f3ead11e/datanode-0/data/ratis/49fb14fc-0f2f-4a00-8360-0142fead4dc7/in_use.lock acquired by nodename 65990@fv-az249-264
2023-02-17 01:32:45,079 [pool-273-thread-1] INFO  storage.RaftStorage (RaftStorageImpl.java:format(96)) - Storage directory /home/runner/work/ozone/ozone/hadoop-ozone/integration-test/target/test-dir/MiniOzoneClusterImpl-89702d93-5b91-44b6-9f2b-a559f3ead11e/datanode-0/data/ratis/49fb14fc-0f2f-4a00-8360-0142fead4dc7 has been successfully formatted.
2023-02-17 01:32:45,080 [pool-273-thread-1] INFO  ratis.ContainerStateMachine (ContainerStateMachine.java:loadSnapshot(240)) - group-0142FEAD4DC7: The snapshot info is null. Setting the last applied indexto:(t:0, i:~)
2023-02-17 01:32:45,080 [pool-273-thread-1] INFO  server.RaftServerConfigKeys (ConfUtils.java:logGet(46)) - raft.server.log.use.memory = false (default)
2023-02-17 01:32:45,080 [pool-273-thread-1] INFO  server.RaftServerConfigKeys (ConfUtils.java:logGet(46)) - raft.server.log.purge.gap = 1000000 (custom)
2023-02-17 01:32:45,080 [pool-273-thread-1] INFO  server.RaftServerConfigKeys (ConfUtils.java:logGet(46)) - raft.server.log.appender.buffer.byte-limit = 33554432 (custom)
2023-02-17 01:32:45,080 [pool-273-thread-1] INFO  server.RaftServerConfigKeys (ConfUtils.java:logGet(46)) - raft.server.log.statemachine.data.read.timeout = 1000ms (default)
2023-02-17 01:32:45,080 [pool-273-thread-1] INFO  server.RaftServerConfigKeys (ConfUtils.java:logGet(46)) - raft.server.log.purge.preservation.log.num = 0 (default)
2023-02-17 01:32:45,080 [pool-273-thread-1] INFO  server.RaftServerConfigKeys (ConfUtils.java:logGet(46)) - raft.server.log.segment.size.max = 1048576 (custom)
2023-02-17 01:32:45,081 [pool-273-thread-1] INFO  server.RaftServerConfigKeys (ConfUtils.java:logGet(46)) - raft.server.log.segment.cache.num.max = 2 (custom)
2023-02-17 01:32:45,081 [pool-273-thread-1] INFO  server.RaftServerConfigKeys (ConfUtils.java:logGet(46)) - raft.server.log.segment.cache.size.max = 200MB (=209715200) (default)
2023-02-17 01:32:45,081 [pool-273-thread-1] INFO  segmented.SegmentedRaftLogWorker (SegmentedRaftLogWorker.java:<init>(189)) - new fbb73901-9846-46e5-9041-04081d17ecdb@group-0142FEAD4DC7-SegmentedRaftLogWorker for RaftStorageImpl:Storage Directory /home/runner/work/ozone/ozone/hadoop-ozone/integration-test/target/test-dir/MiniOzoneClusterImpl-89702d93-5b91-44b6-9f2b-a559f3ead11e/datanode-0/data/ratis/49fb14fc-0f2f-4a00-8360-0142fead4dc7
2023-02-17 01:32:45,081 [pool-273-thread-1] INFO  server.RaftServerConfigKeys (ConfUtils.java:logGet(46)) - raft.server.log.queue.byte-limit = 4294967296 (custom)
2023-02-17 01:32:45,081 [pool-273-thread-1] INFO  server.RaftServerConfigKeys (ConfUtils.java:logGet(46)) - raft.server.log.queue.element-limit = 1024 (custom)
2023-02-17 01:32:45,081 [pool-273-thread-1] INFO  server.RaftServerConfigKeys (ConfUtils.java:logGet(46)) - raft.server.log.segment.size.max = 1048576 (custom)
2023-02-17 01:32:45,081 [pool-273-thread-1] INFO  server.RaftServerConfigKeys (ConfUtils.java:logGet(46)) - raft.server.log.preallocated.size = 16384 (custom)
2023-02-17 01:32:45,081 [pool-273-thread-1] INFO  server.RaftServerConfigKeys (ConfUtils.java:logGet(46)) - raft.server.log.force.sync.num = 128 (default)
2023-02-17 01:32:45,081 [pool-273-thread-1] INFO  server.RaftServerConfigKeys (ConfUtils.java:logGet(46)) - raft.server.log.statemachine.data.sync = true (default)
2023-02-17 01:32:45,081 [EventQueue-PipelineReportForPipelineReportHandler] INFO  pipeline.PipelineManagerImpl (PipelineManagerImpl.java:openPipeline(367)) - Pipeline Pipeline[ Id: 49fb14fc-0f2f-4a00-8360-0142fead4dc7, Nodes: fbb73901-9846-46e5-9041-04081d17ecdb(fv-az249-264.ubt5suc3ufjutoeqyo4zsso0he.gx.internal.cloudapp.net/10.1.0.190), ReplicationConfig: RATIS/ONE, State:ALLOCATED, leaderId:fbb73901-9846-46e5-9041-04081d17ecdb, CreationTimestamp2023-02-17T01:32:42.078Z[Etc/UTC]] moved to OPEN state
2023-02-17 01:32:45,081 [pool-273-thread-1] INFO  server.RaftServerConfigKeys (ConfUtils.java:logGet(46)) - raft.server.log.statemachine.data.sync.timeout = 10s (default)
2023-02-17 01:32:45,081 [pool-273-thread-1] INFO  server.RaftServerConfigKeys (ConfUtils.java:logGet(46)) - raft.server.log.statemachine.data.sync.timeout.retry = -1 (default)
2023-02-17 01:32:45,085 [pool-273-thread-1] INFO  server.RaftServerConfigKeys (ConfUtils.java:logGet(46)) - raft.server.log.write.buffer.size = 1048576 (custom)
2023-02-17 01:32:45,085 [pool-273-thread-1] INFO  server.RaftServerConfigKeys (ConfUtils.java:logGet(46)) - raft.server.log.appender.buffer.byte-limit = 33554432 (custom)
2023-02-17 01:32:45,088 [pool-273-thread-1] INFO  server.RaftServerConfigKeys (ConfUtils.java:logGet(46)) - raft.server.log.unsafe-flush.enabled = false (default)
2023-02-17 01:32:45,089 [EventQueue-OpenPipelineForHealthyPipelineSafeModeRule] INFO  safemode.SCMSafeModeManager (HealthyPipelineSafeModeRule.java:process(137)) - SCM in safe mode. Healthy pipelines reported count is 0, required healthy pipeline reported count is 1
2023-02-17 01:32:45,089 [pool-273-thread-1] INFO  server.RaftServerConfigKeys (ConfUtils.java:logGet(46)) - raft.server.log.async-flush.enabled = false (default)
2023-02-17 01:32:45,089 [pool-273-thread-1] INFO  server.RaftServerConfigKeys (ConfUtils.java:logGet(46)) - raft.server.log.statemachine.data.caching.enabled = true (custom)
2023-02-17 01:32:45,089 [pool-273-thread-1] INFO  segmented.SegmentedRaftLogWorker (SegmentedRaftLogWorker.java:lambda$new$0(135)) - fbb73901-9846-46e5-9041-04081d17ecdb@group-0142FEAD4DC7-SegmentedRaftLogWorker: flushIndex: setUnconditionally 0 -> -1
2023-02-17 01:32:45,089 [pool-273-thread-1] INFO  segmented.SegmentedRaftLogWorker (SegmentedRaftLogWorker.java:lambda$new$0(135)) - fbb73901-9846-46e5-9041-04081d17ecdb@group-0142FEAD4DC7-SegmentedRaftLogWorker: safeCacheEvictIndex: setUnconditionally 0 -> -1
2023-02-17 01:32:45,089 [pool-273-thread-1] INFO  server.RaftServer$Division (RaftServerImpl.java:start(334)) - fbb73901-9846-46e5-9041-04081d17ecdb@group-0142FEAD4DC7: start as a follower, conf=-1: peers:[fbb73901-9846-46e5-9041-04081d17ecdb|rpc:10.1.0.190:44701|dataStream:10.1.0.190:41727|priority:1|startupRole:FOLLOWER]|listeners:[], old=null
2023-02-17 01:32:45,089 [pool-273-thread-1] INFO  server.RaftServer$Division (RaftServerImpl.java:setRole(321)) - fbb73901-9846-46e5-9041-04081d17ecdb@group-0142FEAD4DC7: changes role from      null to FOLLOWER at term 0 for startAsFollower
2023-02-17 01:32:45,089 [pool-273-thread-1] INFO  impl.RoleInfo (RoleInfo.java:updateAndGet(139)) - fbb73901-9846-46e5-9041-04081d17ecdb: start fbb73901-9846-46e5-9041-04081d17ecdb@group-0142FEAD4DC7-FollowerState
2023-02-17 01:32:45,089 [pool-273-thread-1] INFO  util.JmxRegister (JmxRegister.java:tryRegister(44)) - Successfully registered JMX Bean with object name Ratis:service=RaftServer,group=group-0142FEAD4DC7,id=fbb73901-9846-46e5-9041-04081d17ecdb
2023-02-17 01:32:45,089 [fbb73901-9846-46e5-9041-04081d17ecdb@group-0142FEAD4DC7-FollowerState] INFO  server.RaftServerConfigKeys (ConfUtils.java:logFallback(53)) - raft.server.rpc.first-election.timeout.min = 5s (fallback to raft.server.rpc.timeout.min)
2023-02-17 01:32:45,090 [pool-273-thread-1] INFO  server.RaftServerConfigKeys (ConfUtils.java:logGet(46)) - raft.server.snapshot.auto.trigger.enabled = true (custom)
2023-02-17 01:32:45,090 [fbb73901-9846-46e5-9041-04081d17ecdb@group-0142FEAD4DC7-FollowerState] INFO  server.RaftServerConfigKeys (ConfUtils.java:logFallback(53)) - raft.server.rpc.first-election.timeout.max = 5200ms (fallback to raft.server.rpc.timeout.max)
2023-02-17 01:32:45,090 [pool-273-thread-1] INFO  server.RaftServerConfigKeys (ConfUtils.java:logGet(46)) - raft.server.snapshot.auto.trigger.threshold = 10000 (custom)
2023-02-17 01:32:45,090 [pool-273-thread-1] INFO  server.RaftServerConfigKeys (ConfUtils.java:logGet(46)) - raft.server.snapshot.retention.file.num = 5 (custom)
2023-02-17 01:32:45,090 [pool-273-thread-1] INFO  server.RaftServerConfigKeys (ConfUtils.java:logGet(46)) - raft.server.log.purge.upto.snapshot.index = false (default)
2023-02-17 01:32:45,090 [Command processor thread] INFO  ratis.XceiverServerRatis (XceiverServerRatis.java:addGroup(807)) - Created group PipelineID=49fb14fc-0f2f-4a00-8360-0142fead4dc7
2023-02-17 01:32:45,090 [Command processor thread] INFO  commandhandler.CreatePipelineCommandHandler (CreatePipelineCommandHandler.java:handle(113)) - Created Pipeline RATIS ONE PipelineID=49fb14fc-0f2f-4a00-8360-0142fead4dc7.
2023-02-17 01:32:45,091 [Command processor thread] INFO  server.RaftServer (RaftServerProxy.java:addNew(96)) - fbb73901-9846-46e5-9041-04081d17ecdb: addNew group-324FEFF592B5:[fbb73901-9846-46e5-9041-04081d17ecdb|rpc:10.1.0.190:44701|dataStream:10.1.0.190:41727|priority:1|startupRole:FOLLOWER, 1131348d-894a-4e58-906f-f7279fcc8226|rpc:10.1.0.190:44211|dataStream:10.1.0.190:37409|priority:0|startupRole:FOLLOWER, 87f673cb-bc85-4117-8855-8087f234659e|rpc:10.1.0.190:44783|dataStream:10.1.0.190:42939|priority:0|startupRole:FOLLOWER] returns group-324FEFF592B5:java.util.concurrent.CompletableFuture@56b0295f[Not completed]
2023-02-17 01:32:45,092 [pool-273-thread-1] INFO  server.RaftServer$Division (RaftServerImpl.java:<init>(195)) - fbb73901-9846-46e5-9041-04081d17ecdb: new RaftServerImpl for group-324FEFF592B5:[fbb73901-9846-46e5-9041-04081d17ecdb|rpc:10.1.0.190:44701|dataStream:10.1.0.190:41727|priority:1|startupRole:FOLLOWER, 1131348d-894a-4e58-906f-f7279fcc8226|rpc:10.1.0.190:44211|dataStream:10.1.0.190:37409|priority:0|startupRole:FOLLOWER, 87f673cb-bc85-4117-8855-8087f234659e|rpc:10.1.0.190:44783|dataStream:10.1.0.190:42939|priority:0|startupRole:FOLLOWER] with ContainerStateMachine:uninitialized
2023-02-17 01:32:45,092 [pool-273-thread-1] INFO  server.RaftServerConfigKeys (ConfUtils.java:logGet(46)) - raft.server.rpc.timeout.min = 5s (custom)
2023-02-17 01:32:45,092 [pool-273-thread-1] INFO  server.RaftServerConfigKeys (ConfUtils.java:logGet(46)) - raft.server.rpc.timeout.max = 5200ms (custom)
2023-02-17 01:32:45,092 [pool-273-thread-1] INFO  server.RaftServerConfigKeys (ConfUtils.java:logGet(46)) - raft.server.rpc.sleep.time = 25ms (default)
2023-02-17 01:32:45,092 [pool-273-thread-1] INFO  server.RaftServerConfigKeys (ConfUtils.java:logGet(46)) - raft.server.rpc.slowness.timeout = 300000ms (custom)
2023-02-17 01:32:45,092 [pool-273-thread-1] INFO  server.RaftServerConfigKeys (ConfUtils.java:logGet(46)) - raft.server.leaderelection.leader.step-down.wait-time = 10s (default)
2023-02-17 01:32:45,092 [pool-273-thread-1] INFO  server.RaftServerConfigKeys (ConfUtils.java:logGet(46)) - raft.server.sleep.deviation.threshold = 300ms (default)
2023-02-17 01:32:45,092 [pool-273-thread-1] INFO  server.RaftServer$Division (ServerState.java:<init>(118)) - fbb73901-9846-46e5-9041-04081d17ecdb@group-324FEFF592B5: ConfigurationManager, init=-1: peers:[fbb73901-9846-46e5-9041-04081d17ecdb|rpc:10.1.0.190:44701|dataStream:10.1.0.190:41727|priority:1|startupRole:FOLLOWER, 1131348d-894a-4e58-906f-f7279fcc8226|rpc:10.1.0.190:44211|dataStream:10.1.0.190:37409|priority:0|startupRole:FOLLOWER, 87f673cb-bc85-4117-8855-8087f234659e|rpc:10.1.0.190:44783|dataStream:10.1.0.190:42939|priority:0|startupRole:FOLLOWER]|listeners:[], old=null, confs=<EMPTY_MAP>
2023-02-17 01:32:45,092 [pool-273-thread-1] INFO  server.RaftServerConfigKeys (ConfUtils.java:logGet(46)) - raft.server.storage.dir = [/home/runner/work/ozone/ozone/hadoop-ozone/integration-test/target/test-dir/MiniOzoneClusterImpl-89702d93-5b91-44b6-9f2b-a559f3ead11e/datanode-0/data/ratis] (custom)
2023-02-17 01:32:45,092 [pool-273-thread-1] INFO  server.RaftServerConfigKeys (ConfUtils.java:logGet(46)) - raft.server.log.corruption.policy = EXCEPTION (default)
2023-02-17 01:32:45,092 [pool-273-thread-1] INFO  server.RaftServerConfigKeys (ConfUtils.java:logGet(46)) - raft.server.storage.free-space.min = 0MB (=0) (default)
2023-02-17 01:32:45,092 [pool-273-thread-1] INFO  server.RaftServerConfigKeys (ConfUtils.java:logGet(46)) - raft.server.notification.no-leader.timeout = 300000ms (custom)
2023-02-17 01:32:45,092 [pool-273-thread-1] INFO  server.RaftServerConfigKeys (ConfUtils.java:logGet(46)) - raft.server.retrycache.expirytime = 600000ms (custom)
2023-02-17 01:32:45,092 [pool-273-thread-1] INFO  server.RaftServerConfigKeys (ConfUtils.java:logGet(46)) - raft.server.retrycache.statistics.expirytime = 100μs (default)
2023-02-17 01:32:45,093 [pool-273-thread-1] INFO  server.RaftServerConfigKeys (ConfUtils.java:logGet(46)) - raft.server.log.appender.install.snapshot.enabled = false (custom)
2023-02-17 01:32:45,093 [pool-273-thread-1] INFO  server.RaftServerConfigKeys (ConfUtils.java:logGet(46)) - raft.server.threadpool.server.cached = true (default)
2023-02-17 01:32:45,093 [pool-273-thread-1] INFO  server.RaftServerConfigKeys (ConfUtils.java:logGet(46)) - raft.server.threadpool.server.size = 0 (default)
2023-02-17 01:32:45,093 [pool-273-thread-1] INFO  server.RaftServerConfigKeys (ConfUtils.java:logGet(46)) - raft.server.threadpool.client.cached = true (default)
2023-02-17 01:32:45,093 [pool-273-thread-1] INFO  server.RaftServerConfigKeys (ConfUtils.java:logGet(46)) - raft.server.threadpool.client.size = 0 (default)
2023-02-17 01:32:45,093 [pool-273-thread-1] INFO  storage.RaftStorageDirectory (RaftStorageDirectoryImpl.java:analyzeStorage(137)) - The storage directory /home/runner/work/ozone/ozone/hadoop-ozone/integration-test/target/test-dir/MiniOzoneClusterImpl-89702d93-5b91-44b6-9f2b-a559f3ead11e/datanode-0/data/ratis/cf3d9123-e01b-4124-8670-324feff592b5 does not exist. Creating ...
2023-02-17 01:32:45,098 [pool-273-thread-1] INFO  storage.RaftStorageDirectory (RaftStorageDirectoryImpl.java:tryLock(231)) - Lock on /home/runner/work/ozone/ozone/hadoop-ozone/integration-test/target/test-dir/MiniOzoneClusterImpl-89702d93-5b91-44b6-9f2b-a559f3ead11e/datanode-0/data/ratis/cf3d9123-e01b-4124-8670-324feff592b5/in_use.lock acquired by nodename 65990@fv-az249-264
2023-02-17 01:32:45,099 [pool-273-thread-1] INFO  storage.RaftStorage (RaftStorageImpl.java:format(96)) - Storage directory /home/runner/work/ozone/ozone/hadoop-ozone/integration-test/target/test-dir/MiniOzoneClusterImpl-89702d93-5b91-44b6-9f2b-a559f3ead11e/datanode-0/data/ratis/cf3d9123-e01b-4124-8670-324feff592b5 has been successfully formatted.
2023-02-17 01:32:45,100 [pool-273-thread-1] INFO  ratis.ContainerStateMachine (ContainerStateMachine.java:loadSnapshot(240)) - group-324FEFF592B5: The snapshot info is null. Setting the last applied indexto:(t:0, i:~)
2023-02-17 01:32:45,100 [pool-273-thread-1] INFO  server.RaftServerConfigKeys (ConfUtils.java:logGet(46)) - raft.server.log.use.memory = false (default)
2023-02-17 01:32:45,100 [pool-273-thread-1] INFO  server.RaftServerConfigKeys (ConfUtils.java:logGet(46)) - raft.server.log.purge.gap = 1000000 (custom)
2023-02-17 01:32:45,100 [pool-273-thread-1] INFO  server.RaftServerConfigKeys (ConfUtils.java:logGet(46)) - raft.server.log.appender.buffer.byte-limit = 33554432 (custom)
2023-02-17 01:32:45,100 [pool-273-thread-1] INFO  server.RaftServerConfigKeys (ConfUtils.java:logGet(46)) - raft.server.log.statemachine.data.read.timeout = 1000ms (default)
2023-02-17 01:32:45,100 [pool-273-thread-1] INFO  server.RaftServerConfigKeys (ConfUtils.java:logGet(46)) - raft.server.log.purge.preservation.log.num = 0 (default)
2023-02-17 01:32:45,100 [pool-273-thread-1] INFO  server.RaftServerConfigKeys (ConfUtils.java:logGet(46)) - raft.server.log.segment.size.max = 1048576 (custom)
2023-02-17 01:32:45,101 [pool-273-thread-1] INFO  server.RaftServerConfigKeys (ConfUtils.java:logGet(46)) - raft.server.log.segment.cache.num.max = 2 (custom)
2023-02-17 01:32:45,101 [pool-273-thread-1] INFO  server.RaftServerConfigKeys (ConfUtils.java:logGet(46)) - raft.server.log.segment.cache.size.max = 200MB (=209715200) (default)
2023-02-17 01:32:45,101 [pool-273-thread-1] INFO  segmented.SegmentedRaftLogWorker (SegmentedRaftLogWorker.java:<init>(189)) - new fbb73901-9846-46e5-9041-04081d17ecdb@group-324FEFF592B5-SegmentedRaftLogWorker for RaftStorageImpl:Storage Directory /home/runner/work/ozone/ozone/hadoop-ozone/integration-test/target/test-dir/MiniOzoneClusterImpl-89702d93-5b91-44b6-9f2b-a559f3ead11e/datanode-0/data/ratis/cf3d9123-e01b-4124-8670-324feff592b5
2023-02-17 01:32:45,101 [pool-273-thread-1] INFO  server.RaftServerConfigKeys (ConfUtils.java:logGet(46)) - raft.server.log.queue.byte-limit = 4294967296 (custom)
2023-02-17 01:32:45,101 [pool-273-thread-1] INFO  server.RaftServerConfigKeys (ConfUtils.java:logGet(46)) - raft.server.log.queue.element-limit = 1024 (custom)
2023-02-17 01:32:45,101 [pool-273-thread-1] INFO  server.RaftServerConfigKeys (ConfUtils.java:logGet(46)) - raft.server.log.segment.size.max = 1048576 (custom)
2023-02-17 01:32:45,101 [pool-273-thread-1] INFO  server.RaftServerConfigKeys (ConfUtils.java:logGet(46)) - raft.server.log.preallocated.size = 16384 (custom)
2023-02-17 01:32:45,101 [pool-273-thread-1] INFO  server.RaftServerConfigKeys (ConfUtils.java:logGet(46)) - raft.server.log.force.sync.num = 128 (default)
2023-02-17 01:32:45,101 [EventQueue-OpenPipelineForHealthyPipelineSafeModeRule] INFO  safemode.SCMSafeModeManager (HealthyPipelineSafeModeRule.java:process(137)) - SCM in safe mode. Healthy pipelines reported count is 0, required healthy pipeline reported count is 1
2023-02-17 01:32:45,101 [pool-273-thread-1] INFO  server.RaftServerConfigKeys (ConfUtils.java:logGet(46)) - raft.server.log.statemachine.data.sync = true (default)
2023-02-17 01:32:45,101 [pool-273-thread-1] INFO  server.RaftServerConfigKeys (ConfUtils.java:logGet(46)) - raft.server.log.statemachine.data.sync.timeout = 10s (default)
2023-02-17 01:32:45,101 [pool-273-thread-1] INFO  server.RaftServerConfigKeys (ConfUtils.java:logGet(46)) - raft.server.log.statemachine.data.sync.timeout.retry = -1 (default)
2023-02-17 01:32:45,105 [pool-273-thread-1] INFO  server.RaftServerConfigKeys (ConfUtils.java:logGet(46)) - raft.server.log.write.buffer.size = 1048576 (custom)
2023-02-17 01:32:45,105 [pool-273-thread-1] INFO  server.RaftServerConfigKeys (ConfUtils.java:logGet(46)) - raft.server.log.appender.buffer.byte-limit = 33554432 (custom)
2023-02-17 01:32:45,108 [pool-273-thread-1] INFO  server.RaftServerConfigKeys (ConfUtils.java:logGet(46)) - raft.server.log.unsafe-flush.enabled = false (default)
2023-02-17 01:32:45,109 [pool-273-thread-1] INFO  server.RaftServerConfigKeys (ConfUtils.java:logGet(46)) - raft.server.log.async-flush.enabled = false (default)
2023-02-17 01:32:45,109 [pool-273-thread-1] INFO  server.RaftServerConfigKeys (ConfUtils.java:logGet(46)) - raft.server.log.statemachine.data.caching.enabled = true (custom)
2023-02-17 01:32:45,109 [pool-273-thread-1] INFO  segmented.SegmentedRaftLogWorker (SegmentedRaftLogWorker.java:lambda$new$0(135)) - fbb73901-9846-46e5-9041-04081d17ecdb@group-324FEFF592B5-SegmentedRaftLogWorker: flushIndex: setUnconditionally 0 -> -1
2023-02-17 01:32:45,109 [pool-273-thread-1] INFO  segmented.SegmentedRaftLogWorker (SegmentedRaftLogWorker.java:lambda$new$0(135)) - fbb73901-9846-46e5-9041-04081d17ecdb@group-324FEFF592B5-SegmentedRaftLogWorker: safeCacheEvictIndex: setUnconditionally 0 -> -1
2023-02-17 01:32:45,109 [pool-273-thread-1] INFO  server.RaftServer$Division (RaftServerImpl.java:start(334)) - fbb73901-9846-46e5-9041-04081d17ecdb@group-324FEFF592B5: start as a follower, conf=-1: peers:[fbb73901-9846-46e5-9041-04081d17ecdb|rpc:10.1.0.190:44701|dataStream:10.1.0.190:41727|priority:1|startupRole:FOLLOWER, 1131348d-894a-4e58-906f-f7279fcc8226|rpc:10.1.0.190:44211|dataStream:10.1.0.190:37409|priority:0|startupRole:FOLLOWER, 87f673cb-bc85-4117-8855-8087f234659e|rpc:10.1.0.190:44783|dataStream:10.1.0.190:42939|priority:0|startupRole:FOLLOWER]|listeners:[], old=null
2023-02-17 01:32:45,109 [pool-273-thread-1] INFO  server.RaftServer$Division (RaftServerImpl.java:setRole(321)) - fbb73901-9846-46e5-9041-04081d17ecdb@group-324FEFF592B5: changes role from      null to FOLLOWER at term 0 for startAsFollower
2023-02-17 01:32:45,109 [pool-273-thread-1] INFO  impl.RoleInfo (RoleInfo.java:updateAndGet(139)) - fbb73901-9846-46e5-9041-04081d17ecdb: start fbb73901-9846-46e5-9041-04081d17ecdb@group-324FEFF592B5-FollowerState
2023-02-17 01:32:45,109 [pool-273-thread-1] INFO  util.JmxRegister (JmxRegister.java:tryRegister(44)) - Successfully registered JMX Bean with object name Ratis:service=RaftServer,group=group-324FEFF592B5,id=fbb73901-9846-46e5-9041-04081d17ecdb
2023-02-17 01:32:45,109 [fbb73901-9846-46e5-9041-04081d17ecdb@group-324FEFF592B5-FollowerState] INFO  server.RaftServerConfigKeys (ConfUtils.java:logFallback(53)) - raft.server.rpc.first-election.timeout.min = 5s (fallback to raft.server.rpc.timeout.min)
2023-02-17 01:32:45,110 [pool-273-thread-1] INFO  server.RaftServerConfigKeys (ConfUtils.java:logGet(46)) - raft.server.snapshot.auto.trigger.enabled = true (custom)
2023-02-17 01:32:45,110 [fbb73901-9846-46e5-9041-04081d17ecdb@group-324FEFF592B5-FollowerState] INFO  server.RaftServerConfigKeys (ConfUtils.java:logFallback(53)) - raft.server.rpc.first-election.timeout.max = 5200ms (fallback to raft.server.rpc.timeout.max)
2023-02-17 01:32:45,110 [pool-273-thread-1] INFO  server.RaftServerConfigKeys (ConfUtils.java:logGet(46)) - raft.server.snapshot.auto.trigger.threshold = 10000 (custom)
2023-02-17 01:32:45,110 [pool-273-thread-1] INFO  server.RaftServerConfigKeys (ConfUtils.java:logGet(46)) - raft.server.snapshot.retention.file.num = 5 (custom)
2023-02-17 01:32:45,110 [pool-273-thread-1] INFO  server.RaftServerConfigKeys (ConfUtils.java:logGet(46)) - raft.server.log.purge.upto.snapshot.index = false (default)
2023-02-17 01:32:45,110 [Command processor thread] INFO  ratis.XceiverServerRatis (XceiverServerRatis.java:addGroup(807)) - Created group PipelineID=cf3d9123-e01b-4124-8670-324feff592b5
2023-02-17 01:32:45,122 [grpc-default-executor-5] INFO  server.RaftServer (RaftServerProxy.java:addNew(96)) - 1131348d-894a-4e58-906f-f7279fcc8226: addNew group-324FEFF592B5:[fbb73901-9846-46e5-9041-04081d17ecdb|rpc:10.1.0.190:44701|dataStream:10.1.0.190:41727|priority:1|startupRole:FOLLOWER, 1131348d-894a-4e58-906f-f7279fcc8226|rpc:10.1.0.190:44211|dataStream:10.1.0.190:37409|priority:0|startupRole:FOLLOWER, 87f673cb-bc85-4117-8855-8087f234659e|rpc:10.1.0.190:44783|dataStream:10.1.0.190:42939|priority:0|startupRole:FOLLOWER] returns group-324FEFF592B5:java.util.concurrent.CompletableFuture@2f5c616c[Not completed]
2023-02-17 01:32:45,126 [pool-295-thread-1] INFO  server.RaftServer$Division (RaftServerImpl.java:<init>(195)) - 1131348d-894a-4e58-906f-f7279fcc8226: new RaftServerImpl for group-324FEFF592B5:[fbb73901-9846-46e5-9041-04081d17ecdb|rpc:10.1.0.190:44701|dataStream:10.1.0.190:41727|priority:1|startupRole:FOLLOWER, 1131348d-894a-4e58-906f-f7279fcc8226|rpc:10.1.0.190:44211|dataStream:10.1.0.190:37409|priority:0|startupRole:FOLLOWER, 87f673cb-bc85-4117-8855-8087f234659e|rpc:10.1.0.190:44783|dataStream:10.1.0.190:42939|priority:0|startupRole:FOLLOWER] with ContainerStateMachine:uninitialized
2023-02-17 01:32:45,127 [pool-295-thread-1] INFO  server.RaftServerConfigKeys (ConfUtils.java:logGet(46)) - raft.server.rpc.timeout.min = 5s (custom)
2023-02-17 01:32:45,127 [pool-295-thread-1] INFO  server.RaftServerConfigKeys (ConfUtils.java:logGet(46)) - raft.server.rpc.timeout.max = 5200ms (custom)
2023-02-17 01:32:45,127 [pool-295-thread-1] INFO  server.RaftServerConfigKeys (ConfUtils.java:logGet(46)) - raft.server.rpc.sleep.time = 25ms (default)
2023-02-17 01:32:45,127 [pool-295-thread-1] INFO  server.RaftServerConfigKeys (ConfUtils.java:logGet(46)) - raft.server.rpc.slowness.timeout = 300000ms (custom)
2023-02-17 01:32:45,127 [pool-295-thread-1] INFO  server.RaftServerConfigKeys (ConfUtils.java:logGet(46)) - raft.server.leaderelection.leader.step-down.wait-time = 10s (default)
2023-02-17 01:32:45,127 [pool-295-thread-1] INFO  server.RaftServerConfigKeys (ConfUtils.java:logGet(46)) - raft.server.sleep.deviation.threshold = 300ms (default)
2023-02-17 01:32:45,127 [pool-295-thread-1] INFO  server.RaftServer$Division (ServerState.java:<init>(118)) - 1131348d-894a-4e58-906f-f7279fcc8226@group-324FEFF592B5: ConfigurationManager, init=-1: peers:[fbb73901-9846-46e5-9041-04081d17ecdb|rpc:10.1.0.190:44701|dataStream:10.1.0.190:41727|priority:1|startupRole:FOLLOWER, 1131348d-894a-4e58-906f-f7279fcc8226|rpc:10.1.0.190:44211|dataStream:10.1.0.190:37409|priority:0|startupRole:FOLLOWER, 87f673cb-bc85-4117-8855-8087f234659e|rpc:10.1.0.190:44783|dataStream:10.1.0.190:42939|priority:0|startupRole:FOLLOWER]|listeners:[], old=null, confs=<EMPTY_MAP>
2023-02-17 01:32:45,127 [pool-295-thread-1] INFO  server.RaftServerConfigKeys (ConfUtils.java:logGet(46)) - raft.server.storage.dir = [/home/runner/work/ozone/ozone/hadoop-ozone/integration-test/target/test-dir/MiniOzoneClusterImpl-89702d93-5b91-44b6-9f2b-a559f3ead11e/datanode-1/data/ratis] (custom)
2023-02-17 01:32:45,127 [pool-295-thread-1] INFO  server.RaftServerConfigKeys (ConfUtils.java:logGet(46)) - raft.server.log.corruption.policy = EXCEPTION (default)
2023-02-17 01:32:45,127 [pool-295-thread-1] INFO  server.RaftServerConfigKeys (ConfUtils.java:logGet(46)) - raft.server.storage.free-space.min = 0MB (=0) (default)
2023-02-17 01:32:45,128 [pool-295-thread-1] INFO  server.RaftServerConfigKeys (ConfUtils.java:logGet(46)) - raft.server.notification.no-leader.timeout = 300000ms (custom)
2023-02-17 01:32:45,128 [pool-295-thread-1] INFO  server.RaftServerConfigKeys (ConfUtils.java:logGet(46)) - raft.server.retrycache.expirytime = 600000ms (custom)
2023-02-17 01:32:45,128 [pool-295-thread-1] INFO  server.RaftServerConfigKeys (ConfUtils.java:logGet(46)) - raft.server.retrycache.statistics.expirytime = 100μs (default)
2023-02-17 01:32:45,129 [pool-295-thread-1] INFO  server.RaftServerConfigKeys (ConfUtils.java:logGet(46)) - raft.server.log.appender.install.snapshot.enabled = false (custom)
2023-02-17 01:32:45,129 [pool-295-thread-1] INFO  server.RaftServerConfigKeys (ConfUtils.java:logGet(46)) - raft.server.threadpool.server.cached = true (default)
2023-02-17 01:32:45,129 [pool-295-thread-1] INFO  server.RaftServerConfigKeys (ConfUtils.java:logGet(46)) - raft.server.threadpool.server.size = 0 (default)
2023-02-17 01:32:45,129 [pool-295-thread-1] INFO  server.RaftServerConfigKeys (ConfUtils.java:logGet(46)) - raft.server.threadpool.client.cached = true (default)
2023-02-17 01:32:45,129 [pool-295-thread-1] INFO  server.RaftServerConfigKeys (ConfUtils.java:logGet(46)) - raft.server.threadpool.client.size = 0 (default)
2023-02-17 01:32:45,129 [pool-295-thread-1] INFO  storage.RaftStorageDirectory (RaftStorageDirectoryImpl.java:analyzeStorage(137)) - The storage directory /home/runner/work/ozone/ozone/hadoop-ozone/integration-test/target/test-dir/MiniOzoneClusterImpl-89702d93-5b91-44b6-9f2b-a559f3ead11e/datanode-1/data/ratis/cf3d9123-e01b-4124-8670-324feff592b5 does not exist. Creating ...
2023-02-17 01:32:45,130 [pool-295-thread-1] INFO  storage.RaftStorageDirectory (RaftStorageDirectoryImpl.java:tryLock(231)) - Lock on /home/runner/work/ozone/ozone/hadoop-ozone/integration-test/target/test-dir/MiniOzoneClusterImpl-89702d93-5b91-44b6-9f2b-a559f3ead11e/datanode-1/data/ratis/cf3d9123-e01b-4124-8670-324feff592b5/in_use.lock acquired by nodename 65990@fv-az249-264
2023-02-17 01:32:45,131 [pool-295-thread-1] INFO  storage.RaftStorage (RaftStorageImpl.java:format(96)) - Storage directory /home/runner/work/ozone/ozone/hadoop-ozone/integration-test/target/test-dir/MiniOzoneClusterImpl-89702d93-5b91-44b6-9f2b-a559f3ead11e/datanode-1/data/ratis/cf3d9123-e01b-4124-8670-324feff592b5 has been successfully formatted.
2023-02-17 01:32:45,132 [pool-295-thread-1] INFO  ratis.ContainerStateMachine (ContainerStateMachine.java:loadSnapshot(240)) - group-324FEFF592B5: The snapshot info is null. Setting the last applied indexto:(t:0, i:~)
2023-02-17 01:32:45,132 [pool-295-thread-1] INFO  server.RaftServerConfigKeys (ConfUtils.java:logGet(46)) - raft.server.log.use.memory = false (default)
2023-02-17 01:32:45,132 [pool-295-thread-1] INFO  server.RaftServerConfigKeys (ConfUtils.java:logGet(46)) - raft.server.log.purge.gap = 1000000 (custom)
2023-02-17 01:32:45,132 [pool-295-thread-1] INFO  server.RaftServerConfigKeys (ConfUtils.java:logGet(46)) - raft.server.log.appender.buffer.byte-limit = 33554432 (custom)
2023-02-17 01:32:45,132 [pool-295-thread-1] INFO  server.RaftServerConfigKeys (ConfUtils.java:logGet(46)) - raft.server.log.statemachine.data.read.timeout = 1000ms (default)
2023-02-17 01:32:45,132 [pool-295-thread-1] INFO  server.RaftServerConfigKeys (ConfUtils.java:logGet(46)) - raft.server.log.purge.preservation.log.num = 0 (default)
2023-02-17 01:32:45,133 [pool-295-thread-1] INFO  server.RaftServerConfigKeys (ConfUtils.java:logGet(46)) - raft.server.log.segment.size.max = 1048576 (custom)
2023-02-17 01:32:45,135 [pool-295-thread-1] INFO  server.RaftServerConfigKeys (ConfUtils.java:logGet(46)) - raft.server.log.segment.cache.num.max = 2 (custom)
2023-02-17 01:32:45,135 [pool-295-thread-1] INFO  server.RaftServerConfigKeys (ConfUtils.java:logGet(46)) - raft.server.log.segment.cache.size.max = 200MB (=209715200) (default)
2023-02-17 01:32:45,135 [pool-295-thread-1] INFO  segmented.SegmentedRaftLogWorker (SegmentedRaftLogWorker.java:<init>(189)) - new 1131348d-894a-4e58-906f-f7279fcc8226@group-324FEFF592B5-SegmentedRaftLogWorker for RaftStorageImpl:Storage Directory /home/runner/work/ozone/ozone/hadoop-ozone/integration-test/target/test-dir/MiniOzoneClusterImpl-89702d93-5b91-44b6-9f2b-a559f3ead11e/datanode-1/data/ratis/cf3d9123-e01b-4124-8670-324feff592b5
2023-02-17 01:32:45,135 [pool-295-thread-1] INFO  server.RaftServerConfigKeys (ConfUtils.java:logGet(46)) - raft.server.log.queue.byte-limit = 4294967296 (custom)
2023-02-17 01:32:45,135 [pool-295-thread-1] INFO  server.RaftServerConfigKeys (ConfUtils.java:logGet(46)) - raft.server.log.queue.element-limit = 1024 (custom)
2023-02-17 01:32:45,135 [pool-295-thread-1] INFO  server.RaftServerConfigKeys (ConfUtils.java:logGet(46)) - raft.server.log.segment.size.max = 1048576 (custom)
2023-02-17 01:32:45,136 [pool-295-thread-1] INFO  server.RaftServerConfigKeys (ConfUtils.java:logGet(46)) - raft.server.log.preallocated.size = 16384 (custom)
2023-02-17 01:32:45,136 [pool-295-thread-1] INFO  server.RaftServerConfigKeys (ConfUtils.java:logGet(46)) - raft.server.log.force.sync.num = 128 (default)
2023-02-17 01:32:45,136 [pool-295-thread-1] INFO  server.RaftServerConfigKeys (ConfUtils.java:logGet(46)) - raft.server.log.statemachine.data.sync = true (default)
2023-02-17 01:32:45,136 [pool-295-thread-1] INFO  server.RaftServerConfigKeys (ConfUtils.java:logGet(46)) - raft.server.log.statemachine.data.sync.timeout = 10s (default)
2023-02-17 01:32:45,136 [pool-295-thread-1] INFO  server.RaftServerConfigKeys (ConfUtils.java:logGet(46)) - raft.server.log.statemachine.data.sync.timeout.retry = -1 (default)
2023-02-17 01:32:45,136 [pool-295-thread-1] INFO  server.RaftServerConfigKeys (ConfUtils.java:logGet(46)) - raft.server.log.write.buffer.size = 1048576 (custom)
2023-02-17 01:32:45,137 [pool-295-thread-1] INFO  server.RaftServerConfigKeys (ConfUtils.java:logGet(46)) - raft.server.log.appender.buffer.byte-limit = 33554432 (custom)
2023-02-17 01:32:45,140 [pool-295-thread-1] INFO  server.RaftServerConfigKeys (ConfUtils.java:logGet(46)) - raft.server.log.unsafe-flush.enabled = false (default)
2023-02-17 01:32:45,140 [pool-295-thread-1] INFO  server.RaftServerConfigKeys (ConfUtils.java:logGet(46)) - raft.server.log.async-flush.enabled = false (default)
2023-02-17 01:32:45,141 [pool-295-thread-1] INFO  server.RaftServerConfigKeys (ConfUtils.java:logGet(46)) - raft.server.log.statemachine.data.caching.enabled = true (custom)
2023-02-17 01:32:45,141 [pool-295-thread-1] INFO  segmented.SegmentedRaftLogWorker (SegmentedRaftLogWorker.java:lambda$new$0(135)) - 1131348d-894a-4e58-906f-f7279fcc8226@group-324FEFF592B5-SegmentedRaftLogWorker: flushIndex: setUnconditionally 0 -> -1
2023-02-17 01:32:45,141 [pool-295-thread-1] INFO  segmented.SegmentedRaftLogWorker (SegmentedRaftLogWorker.java:lambda$new$0(135)) - 1131348d-894a-4e58-906f-f7279fcc8226@group-324FEFF592B5-SegmentedRaftLogWorker: safeCacheEvictIndex: setUnconditionally 0 -> -1
2023-02-17 01:32:45,142 [pool-295-thread-1] INFO  server.RaftServer$Division (RaftServerImpl.java:start(334)) - 1131348d-894a-4e58-906f-f7279fcc8226@group-324FEFF592B5: start as a follower, conf=-1: peers:[fbb73901-9846-46e5-9041-04081d17ecdb|rpc:10.1.0.190:44701|dataStream:10.1.0.190:41727|priority:1|startupRole:FOLLOWER, 1131348d-894a-4e58-906f-f7279fcc8226|rpc:10.1.0.190:44211|dataStream:10.1.0.190:37409|priority:0|startupRole:FOLLOWER, 87f673cb-bc85-4117-8855-8087f234659e|rpc:10.1.0.190:44783|dataStream:10.1.0.190:42939|priority:0|startupRole:FOLLOWER]|listeners:[], old=null
2023-02-17 01:32:45,142 [pool-295-thread-1] INFO  server.RaftServer$Division (RaftServerImpl.java:setRole(321)) - 1131348d-894a-4e58-906f-f7279fcc8226@group-324FEFF592B5: changes role from      null to FOLLOWER at term 0 for startAsFollower
2023-02-17 01:32:45,142 [pool-295-thread-1] INFO  impl.RoleInfo (RoleInfo.java:updateAndGet(139)) - 1131348d-894a-4e58-906f-f7279fcc8226: start 1131348d-894a-4e58-906f-f7279fcc8226@group-324FEFF592B5-FollowerState
2023-02-17 01:32:45,142 [pool-295-thread-1] INFO  util.JmxRegister (JmxRegister.java:tryRegister(44)) - Successfully registered JMX Bean with object name Ratis:service=RaftServer,group=group-324FEFF592B5,id=1131348d-894a-4e58-906f-f7279fcc8226
2023-02-17 01:32:45,142 [1131348d-894a-4e58-906f-f7279fcc8226@group-324FEFF592B5-FollowerState] INFO  server.RaftServerConfigKeys (ConfUtils.java:logFallback(53)) - raft.server.rpc.first-election.timeout.min = 5s (fallback to raft.server.rpc.timeout.min)
2023-02-17 01:32:45,142 [pool-295-thread-1] INFO  server.RaftServerConfigKeys (ConfUtils.java:logGet(46)) - raft.server.snapshot.auto.trigger.enabled = true (custom)
2023-02-17 01:32:45,142 [1131348d-894a-4e58-906f-f7279fcc8226@group-324FEFF592B5-FollowerState] INFO  server.RaftServerConfigKeys (ConfUtils.java:logFallback(53)) - raft.server.rpc.first-election.timeout.max = 5200ms (fallback to raft.server.rpc.timeout.max)
2023-02-17 01:32:45,142 [pool-295-thread-1] INFO  server.RaftServerConfigKeys (ConfUtils.java:logGet(46)) - raft.server.snapshot.auto.trigger.threshold = 10000 (custom)
2023-02-17 01:32:45,142 [pool-295-thread-1] INFO  server.RaftServerConfigKeys (ConfUtils.java:logGet(46)) - raft.server.snapshot.retention.file.num = 5 (custom)
2023-02-17 01:32:45,142 [pool-295-thread-1] INFO  server.RaftServerConfigKeys (ConfUtils.java:logGet(46)) - raft.server.log.purge.upto.snapshot.index = false (default)
2023-02-17 01:32:45,167 [grpc-default-executor-5] INFO  server.RaftServer (RaftServerProxy.java:addNew(96)) - 87f673cb-bc85-4117-8855-8087f234659e: addNew group-324FEFF592B5:[fbb73901-9846-46e5-9041-04081d17ecdb|rpc:10.1.0.190:44701|dataStream:10.1.0.190:41727|priority:1|startupRole:FOLLOWER, 1131348d-894a-4e58-906f-f7279fcc8226|rpc:10.1.0.190:44211|dataStream:10.1.0.190:37409|priority:0|startupRole:FOLLOWER, 87f673cb-bc85-4117-8855-8087f234659e|rpc:10.1.0.190:44783|dataStream:10.1.0.190:42939|priority:0|startupRole:FOLLOWER] returns group-324FEFF592B5:java.util.concurrent.CompletableFuture@105809dc[Not completed]
2023-02-17 01:32:45,169 [pool-317-thread-1] INFO  server.RaftServer$Division (RaftServerImpl.java:<init>(195)) - 87f673cb-bc85-4117-8855-8087f234659e: new RaftServerImpl for group-324FEFF592B5:[fbb73901-9846-46e5-9041-04081d17ecdb|rpc:10.1.0.190:44701|dataStream:10.1.0.190:41727|priority:1|startupRole:FOLLOWER, 1131348d-894a-4e58-906f-f7279fcc8226|rpc:10.1.0.190:44211|dataStream:10.1.0.190:37409|priority:0|startupRole:FOLLOWER, 87f673cb-bc85-4117-8855-8087f234659e|rpc:10.1.0.190:44783|dataStream:10.1.0.190:42939|priority:0|startupRole:FOLLOWER] with ContainerStateMachine:uninitialized
2023-02-17 01:32:45,169 [pool-317-thread-1] INFO  server.RaftServerConfigKeys (ConfUtils.java:logGet(46)) - raft.server.rpc.timeout.min = 5s (custom)
2023-02-17 01:32:45,169 [pool-317-thread-1] INFO  server.RaftServerConfigKeys (ConfUtils.java:logGet(46)) - raft.server.rpc.timeout.max = 5200ms (custom)
2023-02-17 01:32:45,169 [pool-317-thread-1] INFO  server.RaftServerConfigKeys (ConfUtils.java:logGet(46)) - raft.server.rpc.sleep.time = 25ms (default)
2023-02-17 01:32:45,169 [pool-317-thread-1] INFO  server.RaftServerConfigKeys (ConfUtils.java:logGet(46)) - raft.server.rpc.slowness.timeout = 300000ms (custom)
2023-02-17 01:32:45,169 [pool-317-thread-1] INFO  server.RaftServerConfigKeys (ConfUtils.java:logGet(46)) - raft.server.leaderelection.leader.step-down.wait-time = 10s (default)
2023-02-17 01:32:45,169 [pool-317-thread-1] INFO  server.RaftServerConfigKeys (ConfUtils.java:logGet(46)) - raft.server.sleep.deviation.threshold = 300ms (default)
2023-02-17 01:32:45,170 [pool-317-thread-1] INFO  server.RaftServer$Division (ServerState.java:<init>(118)) - 87f673cb-bc85-4117-8855-8087f234659e@group-324FEFF592B5: ConfigurationManager, init=-1: peers:[fbb73901-9846-46e5-9041-04081d17ecdb|rpc:10.1.0.190:44701|dataStream:10.1.0.190:41727|priority:1|startupRole:FOLLOWER, 1131348d-894a-4e58-906f-f7279fcc8226|rpc:10.1.0.190:44211|dataStream:10.1.0.190:37409|priority:0|startupRole:FOLLOWER, 87f673cb-bc85-4117-8855-8087f234659e|rpc:10.1.0.190:44783|dataStream:10.1.0.190:42939|priority:0|startupRole:FOLLOWER]|listeners:[], old=null, confs=<EMPTY_MAP>
2023-02-17 01:32:45,170 [pool-317-thread-1] INFO  server.RaftServerConfigKeys (ConfUtils.java:logGet(46)) - raft.server.storage.dir = [/home/runner/work/ozone/ozone/hadoop-ozone/integration-test/target/test-dir/MiniOzoneClusterImpl-89702d93-5b91-44b6-9f2b-a559f3ead11e/datanode-2/data/ratis] (custom)
2023-02-17 01:32:45,170 [pool-317-thread-1] INFO  server.RaftServerConfigKeys (ConfUtils.java:logGet(46)) - raft.server.log.corruption.policy = EXCEPTION (default)
2023-02-17 01:32:45,170 [pool-317-thread-1] INFO  server.RaftServerConfigKeys (ConfUtils.java:logGet(46)) - raft.server.storage.free-space.min = 0MB (=0) (default)
2023-02-17 01:32:45,170 [pool-317-thread-1] INFO  server.RaftServerConfigKeys (ConfUtils.java:logGet(46)) - raft.server.notification.no-leader.timeout = 300000ms (custom)
2023-02-17 01:32:45,170 [pool-317-thread-1] INFO  server.RaftServerConfigKeys (ConfUtils.java:logGet(46)) - raft.server.retrycache.expirytime = 600000ms (custom)
2023-02-17 01:32:45,170 [pool-317-thread-1] INFO  server.RaftServerConfigKeys (ConfUtils.java:logGet(46)) - raft.server.retrycache.statistics.expirytime = 100μs (default)
2023-02-17 01:32:45,171 [pool-317-thread-1] INFO  server.RaftServerConfigKeys (ConfUtils.java:logGet(46)) - raft.server.log.appender.install.snapshot.enabled = false (custom)
2023-02-17 01:32:45,172 [pool-317-thread-1] INFO  server.RaftServerConfigKeys (ConfUtils.java:logGet(46)) - raft.server.threadpool.server.cached = true (default)
2023-02-17 01:32:45,172 [pool-317-thread-1] INFO  server.RaftServerConfigKeys (ConfUtils.java:logGet(46)) - raft.server.threadpool.server.size = 0 (default)
2023-02-17 01:32:45,172 [pool-317-thread-1] INFO  server.RaftServerConfigKeys (ConfUtils.java:logGet(46)) - raft.server.threadpool.client.cached = true (default)
2023-02-17 01:32:45,172 [pool-317-thread-1] INFO  server.RaftServerConfigKeys (ConfUtils.java:logGet(46)) - raft.server.threadpool.client.size = 0 (default)
2023-02-17 01:32:45,172 [pool-317-thread-1] INFO  storage.RaftStorageDirectory (RaftStorageDirectoryImpl.java:analyzeStorage(137)) - The storage directory /home/runner/work/ozone/ozone/hadoop-ozone/integration-test/target/test-dir/MiniOzoneClusterImpl-89702d93-5b91-44b6-9f2b-a559f3ead11e/datanode-2/data/ratis/cf3d9123-e01b-4124-8670-324feff592b5 does not exist. Creating ...
2023-02-17 01:32:45,174 [pool-317-thread-1] INFO  storage.RaftStorageDirectory (RaftStorageDirectoryImpl.java:tryLock(231)) - Lock on /home/runner/work/ozone/ozone/hadoop-ozone/integration-test/target/test-dir/MiniOzoneClusterImpl-89702d93-5b91-44b6-9f2b-a559f3ead11e/datanode-2/data/ratis/cf3d9123-e01b-4124-8670-324feff592b5/in_use.lock acquired by nodename 65990@fv-az249-264
2023-02-17 01:32:45,175 [pool-317-thread-1] INFO  storage.RaftStorage (RaftStorageImpl.java:format(96)) - Storage directory /home/runner/work/ozone/ozone/hadoop-ozone/integration-test/target/test-dir/MiniOzoneClusterImpl-89702d93-5b91-44b6-9f2b-a559f3ead11e/datanode-2/data/ratis/cf3d9123-e01b-4124-8670-324feff592b5 has been successfully formatted.
2023-02-17 01:32:45,176 [pool-317-thread-1] INFO  ratis.ContainerStateMachine (ContainerStateMachine.java:loadSnapshot(240)) - group-324FEFF592B5: The snapshot info is null. Setting the last applied indexto:(t:0, i:~)
2023-02-17 01:32:45,176 [pool-317-thread-1] INFO  server.RaftServerConfigKeys (ConfUtils.java:logGet(46)) - raft.server.log.use.memory = false (default)
2023-02-17 01:32:45,176 [pool-317-thread-1] INFO  server.RaftServerConfigKeys (ConfUtils.java:logGet(46)) - raft.server.log.purge.gap = 1000000 (custom)
2023-02-17 01:32:45,177 [pool-317-thread-1] INFO  server.RaftServerConfigKeys (ConfUtils.java:logGet(46)) - raft.server.log.appender.buffer.byte-limit = 33554432 (custom)
2023-02-17 01:32:45,177 [pool-317-thread-1] INFO  server.RaftServerConfigKeys (ConfUtils.java:logGet(46)) - raft.server.log.statemachine.data.read.timeout = 1000ms (default)
2023-02-17 01:32:45,177 [pool-317-thread-1] INFO  server.RaftServerConfigKeys (ConfUtils.java:logGet(46)) - raft.server.log.purge.preservation.log.num = 0 (default)
2023-02-17 01:32:45,177 [pool-317-thread-1] INFO  server.RaftServerConfigKeys (ConfUtils.java:logGet(46)) - raft.server.log.segment.size.max = 1048576 (custom)
2023-02-17 01:32:45,179 [pool-317-thread-1] INFO  server.RaftServerConfigKeys (ConfUtils.java:logGet(46)) - raft.server.log.segment.cache.num.max = 2 (custom)
2023-02-17 01:32:45,179 [pool-317-thread-1] INFO  server.RaftServerConfigKeys (ConfUtils.java:logGet(46)) - raft.server.log.segment.cache.size.max = 200MB (=209715200) (default)
2023-02-17 01:32:45,179 [pool-317-thread-1] INFO  segmented.SegmentedRaftLogWorker (SegmentedRaftLogWorker.java:<init>(189)) - new 87f673cb-bc85-4117-8855-8087f234659e@group-324FEFF592B5-SegmentedRaftLogWorker for RaftStorageImpl:Storage Directory /home/runner/work/ozone/ozone/hadoop-ozone/integration-test/target/test-dir/MiniOzoneClusterImpl-89702d93-5b91-44b6-9f2b-a559f3ead11e/datanode-2/data/ratis/cf3d9123-e01b-4124-8670-324feff592b5
2023-02-17 01:32:45,180 [pool-317-thread-1] INFO  server.RaftServerConfigKeys (ConfUtils.java:logGet(46)) - raft.server.log.queue.byte-limit = 4294967296 (custom)
2023-02-17 01:32:45,180 [pool-317-thread-1] INFO  server.RaftServerConfigKeys (ConfUtils.java:logGet(46)) - raft.server.log.queue.element-limit = 1024 (custom)
2023-02-17 01:32:45,180 [pool-317-thread-1] INFO  server.RaftServerConfigKeys (ConfUtils.java:logGet(46)) - raft.server.log.segment.size.max = 1048576 (custom)
2023-02-17 01:32:45,180 [pool-317-thread-1] INFO  server.RaftServerConfigKeys (ConfUtils.java:logGet(46)) - raft.server.log.preallocated.size = 16384 (custom)
2023-02-17 01:32:45,180 [pool-317-thread-1] INFO  server.RaftServerConfigKeys (ConfUtils.java:logGet(46)) - raft.server.log.force.sync.num = 128 (default)
2023-02-17 01:32:45,180 [pool-317-thread-1] INFO  server.RaftServerConfigKeys (ConfUtils.java:logGet(46)) - raft.server.log.statemachine.data.sync = true (default)
2023-02-17 01:32:45,180 [pool-317-thread-1] INFO  server.RaftServerConfigKeys (ConfUtils.java:logGet(46)) - raft.server.log.statemachine.data.sync.timeout = 10s (default)
2023-02-17 01:32:45,180 [pool-317-thread-1] INFO  server.RaftServerConfigKeys (ConfUtils.java:logGet(46)) - raft.server.log.statemachine.data.sync.timeout.retry = -1 (default)
2023-02-17 01:32:45,180 [pool-317-thread-1] INFO  server.RaftServerConfigKeys (ConfUtils.java:logGet(46)) - raft.server.log.write.buffer.size = 1048576 (custom)
2023-02-17 01:32:45,181 [pool-317-thread-1] INFO  server.RaftServerConfigKeys (ConfUtils.java:logGet(46)) - raft.server.log.appender.buffer.byte-limit = 33554432 (custom)
2023-02-17 01:32:45,184 [pool-317-thread-1] INFO  server.RaftServerConfigKeys (ConfUtils.java:logGet(46)) - raft.server.log.unsafe-flush.enabled = false (default)
2023-02-17 01:32:45,184 [pool-317-thread-1] INFO  server.RaftServerConfigKeys (ConfUtils.java:logGet(46)) - raft.server.log.async-flush.enabled = false (default)
2023-02-17 01:32:45,184 [pool-317-thread-1] INFO  server.RaftServerConfigKeys (ConfUtils.java:logGet(46)) - raft.server.log.statemachine.data.caching.enabled = true (custom)
2023-02-17 01:32:45,184 [pool-317-thread-1] INFO  segmented.SegmentedRaftLogWorker (SegmentedRaftLogWorker.java:lambda$new$0(135)) - 87f673cb-bc85-4117-8855-8087f234659e@group-324FEFF592B5-SegmentedRaftLogWorker: flushIndex: setUnconditionally 0 -> -1
2023-02-17 01:32:45,184 [pool-317-thread-1] INFO  segmented.SegmentedRaftLogWorker (SegmentedRaftLogWorker.java:lambda$new$0(135)) - 87f673cb-bc85-4117-8855-8087f234659e@group-324FEFF592B5-SegmentedRaftLogWorker: safeCacheEvictIndex: setUnconditionally 0 -> -1
2023-02-17 01:32:45,184 [pool-317-thread-1] INFO  server.RaftServer$Division (RaftServerImpl.java:start(334)) - 87f673cb-bc85-4117-8855-8087f234659e@group-324FEFF592B5: start as a follower, conf=-1: peers:[fbb73901-9846-46e5-9041-04081d17ecdb|rpc:10.1.0.190:44701|dataStream:10.1.0.190:41727|priority:1|startupRole:FOLLOWER, 1131348d-894a-4e58-906f-f7279fcc8226|rpc:10.1.0.190:44211|dataStream:10.1.0.190:37409|priority:0|startupRole:FOLLOWER, 87f673cb-bc85-4117-8855-8087f234659e|rpc:10.1.0.190:44783|dataStream:10.1.0.190:42939|priority:0|startupRole:FOLLOWER]|listeners:[], old=null
2023-02-17 01:32:45,185 [pool-317-thread-1] INFO  server.RaftServer$Division (RaftServerImpl.java:setRole(321)) - 87f673cb-bc85-4117-8855-8087f234659e@group-324FEFF592B5: changes role from      null to FOLLOWER at term 0 for startAsFollower
2023-02-17 01:32:45,185 [pool-317-thread-1] INFO  impl.RoleInfo (RoleInfo.java:updateAndGet(139)) - 87f673cb-bc85-4117-8855-8087f234659e: start 87f673cb-bc85-4117-8855-8087f234659e@group-324FEFF592B5-FollowerState
2023-02-17 01:32:45,186 [pool-317-thread-1] INFO  util.JmxRegister (JmxRegister.java:tryRegister(44)) - Successfully registered JMX Bean with object name Ratis:service=RaftServer,group=group-324FEFF592B5,id=87f673cb-bc85-4117-8855-8087f234659e
2023-02-17 01:32:45,186 [pool-317-thread-1] INFO  server.RaftServerConfigKeys (ConfUtils.java:logGet(46)) - raft.server.snapshot.auto.trigger.enabled = true (custom)
2023-02-17 01:32:45,186 [pool-317-thread-1] INFO  server.RaftServerConfigKeys (ConfUtils.java:logGet(46)) - raft.server.snapshot.auto.trigger.threshold = 10000 (custom)
2023-02-17 01:32:45,186 [pool-317-thread-1] INFO  server.RaftServerConfigKeys (ConfUtils.java:logGet(46)) - raft.server.snapshot.retention.file.num = 5 (custom)
2023-02-17 01:32:45,186 [pool-317-thread-1] INFO  server.RaftServerConfigKeys (ConfUtils.java:logGet(46)) - raft.server.log.purge.upto.snapshot.index = false (default)
2023-02-17 01:32:45,187 [87f673cb-bc85-4117-8855-8087f234659e@group-324FEFF592B5-FollowerState] INFO  server.RaftServerConfigKeys (ConfUtils.java:logFallback(53)) - raft.server.rpc.first-election.timeout.min = 5s (fallback to raft.server.rpc.timeout.min)
2023-02-17 01:32:45,187 [87f673cb-bc85-4117-8855-8087f234659e@group-324FEFF592B5-FollowerState] INFO  server.RaftServerConfigKeys (ConfUtils.java:logFallback(53)) - raft.server.rpc.first-election.timeout.max = 5200ms (fallback to raft.server.rpc.timeout.max)
2023-02-17 01:32:45,197 [Command processor thread] INFO  commandhandler.CreatePipelineCommandHandler (CreatePipelineCommandHandler.java:handle(113)) - Created Pipeline RATIS THREE PipelineID=cf3d9123-e01b-4124-8670-324feff592b5.
2023-02-17 01:32:45,197 [Command processor thread] INFO  server.RaftServer (RaftServerProxy.java:addNew(96)) - fbb73901-9846-46e5-9041-04081d17ecdb: addNew group-06060B034BE9:[fbb73901-9846-46e5-9041-04081d17ecdb|rpc:10.1.0.190:44701|dataStream:10.1.0.190:41727|priority:0|startupRole:FOLLOWER, 1131348d-894a-4e58-906f-f7279fcc8226|rpc:10.1.0.190:44211|dataStream:10.1.0.190:37409|priority:0|startupRole:FOLLOWER, 87f673cb-bc85-4117-8855-8087f234659e|rpc:10.1.0.190:44783|dataStream:10.1.0.190:42939|priority:1|startupRole:FOLLOWER] returns group-06060B034BE9:java.util.concurrent.CompletableFuture@505b4e7c[Not completed]
2023-02-17 01:32:45,198 [pool-273-thread-1] INFO  server.RaftServer$Division (RaftServerImpl.java:<init>(195)) - fbb73901-9846-46e5-9041-04081d17ecdb: new RaftServerImpl for group-06060B034BE9:[fbb73901-9846-46e5-9041-04081d17ecdb|rpc:10.1.0.190:44701|dataStream:10.1.0.190:41727|priority:0|startupRole:FOLLOWER, 1131348d-894a-4e58-906f-f7279fcc8226|rpc:10.1.0.190:44211|dataStream:10.1.0.190:37409|priority:0|startupRole:FOLLOWER, 87f673cb-bc85-4117-8855-8087f234659e|rpc:10.1.0.190:44783|dataStream:10.1.0.190:42939|priority:1|startupRole:FOLLOWER] with ContainerStateMachine:uninitialized
2023-02-17 01:32:45,198 [pool-273-thread-1] INFO  server.RaftServerConfigKeys (ConfUtils.java:logGet(46)) - raft.server.rpc.timeout.min = 5s (custom)
2023-02-17 01:32:45,198 [pool-273-thread-1] INFO  server.RaftServerConfigKeys (ConfUtils.java:logGet(46)) - raft.server.rpc.timeout.max = 5200ms (custom)
2023-02-17 01:32:45,198 [pool-273-thread-1] INFO  server.RaftServerConfigKeys (ConfUtils.java:logGet(46)) - raft.server.rpc.sleep.time = 25ms (default)
2023-02-17 01:32:45,198 [pool-273-thread-1] INFO  server.RaftServerConfigKeys (ConfUtils.java:logGet(46)) - raft.server.rpc.slowness.timeout = 300000ms (custom)
2023-02-17 01:32:45,198 [pool-273-thread-1] INFO  server.RaftServerConfigKeys (ConfUtils.java:logGet(46)) - raft.server.leaderelection.leader.step-down.wait-time = 10s (default)
2023-02-17 01:32:45,198 [pool-273-thread-1] INFO  server.RaftServerConfigKeys (ConfUtils.java:logGet(46)) - raft.server.sleep.deviation.threshold = 300ms (default)
2023-02-17 01:32:45,198 [pool-273-thread-1] INFO  server.RaftServer$Division (ServerState.java:<init>(118)) - fbb73901-9846-46e5-9041-04081d17ecdb@group-06060B034BE9: ConfigurationManager, init=-1: peers:[fbb73901-9846-46e5-9041-04081d17ecdb|rpc:10.1.0.190:44701|dataStream:10.1.0.190:41727|priority:0|startupRole:FOLLOWER, 1131348d-894a-4e58-906f-f7279fcc8226|rpc:10.1.0.190:44211|dataStream:10.1.0.190:37409|priority:0|startupRole:FOLLOWER, 87f673cb-bc85-4117-8855-8087f234659e|rpc:10.1.0.190:44783|dataStream:10.1.0.190:42939|priority:1|startupRole:FOLLOWER]|listeners:[], old=null, confs=<EMPTY_MAP>
2023-02-17 01:32:45,198 [pool-273-thread-1] INFO  server.RaftServerConfigKeys (ConfUtils.java:logGet(46)) - raft.server.storage.dir = [/home/runner/work/ozone/ozone/hadoop-ozone/integration-test/target/test-dir/MiniOzoneClusterImpl-89702d93-5b91-44b6-9f2b-a559f3ead11e/datanode-0/data/ratis] (custom)
2023-02-17 01:32:45,198 [pool-273-thread-1] INFO  server.RaftServerConfigKeys (ConfUtils.java:logGet(46)) - raft.server.log.corruption.policy = EXCEPTION (default)
2023-02-17 01:32:45,198 [pool-273-thread-1] INFO  server.RaftServerConfigKeys (ConfUtils.java:logGet(46)) - raft.server.storage.free-space.min = 0MB (=0) (default)
2023-02-17 01:32:45,199 [pool-273-thread-1] INFO  server.RaftServerConfigKeys (ConfUtils.java:logGet(46)) - raft.server.notification.no-leader.timeout = 300000ms (custom)
2023-02-17 01:32:45,199 [pool-273-thread-1] INFO  server.RaftServerConfigKeys (ConfUtils.java:logGet(46)) - raft.server.retrycache.expirytime = 600000ms (custom)
2023-02-17 01:32:45,199 [pool-273-thread-1] INFO  server.RaftServerConfigKeys (ConfUtils.java:logGet(46)) - raft.server.retrycache.statistics.expirytime = 100μs (default)
2023-02-17 01:32:45,199 [pool-273-thread-1] INFO  server.RaftServerConfigKeys (ConfUtils.java:logGet(46)) - raft.server.log.appender.install.snapshot.enabled = false (custom)
2023-02-17 01:32:45,199 [pool-273-thread-1] INFO  server.RaftServerConfigKeys (ConfUtils.java:logGet(46)) - raft.server.threadpool.server.cached = true (default)
2023-02-17 01:32:45,199 [pool-273-thread-1] INFO  server.RaftServerConfigKeys (ConfUtils.java:logGet(46)) - raft.server.threadpool.server.size = 0 (default)
2023-02-17 01:32:45,199 [pool-273-thread-1] INFO  server.RaftServerConfigKeys (ConfUtils.java:logGet(46)) - raft.server.threadpool.client.cached = true (default)
2023-02-17 01:32:45,199 [pool-273-thread-1] INFO  server.RaftServerConfigKeys (ConfUtils.java:logGet(46)) - raft.server.threadpool.client.size = 0 (default)
2023-02-17 01:32:45,200 [pool-273-thread-1] INFO  storage.RaftStorageDirectory (RaftStorageDirectoryImpl.java:analyzeStorage(137)) - The storage directory /home/runner/work/ozone/ozone/hadoop-ozone/integration-test/target/test-dir/MiniOzoneClusterImpl-89702d93-5b91-44b6-9f2b-a559f3ead11e/datanode-0/data/ratis/1b6a77e3-027c-408d-bbfe-06060b034be9 does not exist. Creating ...
2023-02-17 01:32:45,200 [pool-273-thread-1] INFO  storage.RaftStorageDirectory (RaftStorageDirectoryImpl.java:tryLock(231)) - Lock on /home/runner/work/ozone/ozone/hadoop-ozone/integration-test/target/test-dir/MiniOzoneClusterImpl-89702d93-5b91-44b6-9f2b-a559f3ead11e/datanode-0/data/ratis/1b6a77e3-027c-408d-bbfe-06060b034be9/in_use.lock acquired by nodename 65990@fv-az249-264
2023-02-17 01:32:45,201 [pool-273-thread-1] INFO  storage.RaftStorage (RaftStorageImpl.java:format(96)) - Storage directory /home/runner/work/ozone/ozone/hadoop-ozone/integration-test/target/test-dir/MiniOzoneClusterImpl-89702d93-5b91-44b6-9f2b-a559f3ead11e/datanode-0/data/ratis/1b6a77e3-027c-408d-bbfe-06060b034be9 has been successfully formatted.
2023-02-17 01:32:45,202 [pool-273-thread-1] INFO  ratis.ContainerStateMachine (ContainerStateMachine.java:loadSnapshot(240)) - group-06060B034BE9: The snapshot info is null. Setting the last applied indexto:(t:0, i:~)
2023-02-17 01:32:45,203 [pool-273-thread-1] INFO  server.RaftServerConfigKeys (ConfUtils.java:logGet(46)) - raft.server.log.use.memory = false (default)
2023-02-17 01:32:45,203 [pool-273-thread-1] INFO  server.RaftServerConfigKeys (ConfUtils.java:logGet(46)) - raft.server.log.purge.gap = 1000000 (custom)
2023-02-17 01:32:45,203 [pool-273-thread-1] INFO  server.RaftServerConfigKeys (ConfUtils.java:logGet(46)) - raft.server.log.appender.buffer.byte-limit = 33554432 (custom)
2023-02-17 01:32:45,203 [pool-273-thread-1] INFO  server.RaftServerConfigKeys (ConfUtils.java:logGet(46)) - raft.server.log.statemachine.data.read.timeout = 1000ms (default)
2023-02-17 01:32:45,203 [pool-273-thread-1] INFO  server.RaftServerConfigKeys (ConfUtils.java:logGet(46)) - raft.server.log.purge.preservation.log.num = 0 (default)
2023-02-17 01:32:45,203 [pool-273-thread-1] INFO  server.RaftServerConfigKeys (ConfUtils.java:logGet(46)) - raft.server.log.segment.size.max = 1048576 (custom)
2023-02-17 01:32:45,203 [pool-273-thread-1] INFO  server.RaftServerConfigKeys (ConfUtils.java:logGet(46)) - raft.server.log.segment.cache.num.max = 2 (custom)
2023-02-17 01:32:45,203 [pool-273-thread-1] INFO  server.RaftServerConfigKeys (ConfUtils.java:logGet(46)) - raft.server.log.segment.cache.size.max = 200MB (=209715200) (default)
2023-02-17 01:32:45,203 [pool-273-thread-1] INFO  segmented.SegmentedRaftLogWorker (SegmentedRaftLogWorker.java:<init>(189)) - new fbb73901-9846-46e5-9041-04081d17ecdb@group-06060B034BE9-SegmentedRaftLogWorker for RaftStorageImpl:Storage Directory /home/runner/work/ozone/ozone/hadoop-ozone/integration-test/target/test-dir/MiniOzoneClusterImpl-89702d93-5b91-44b6-9f2b-a559f3ead11e/datanode-0/data/ratis/1b6a77e3-027c-408d-bbfe-06060b034be9
2023-02-17 01:32:45,203 [EventQueue-OpenPipelineForHealthyPipelineSafeModeRule] INFO  safemode.SCMSafeModeManager (HealthyPipelineSafeModeRule.java:process(137)) - SCM in safe mode. Healthy pipelines reported count is 0, required healthy pipeline reported count is 1
2023-02-17 01:32:45,203 [pool-273-thread-1] INFO  server.RaftServerConfigKeys (ConfUtils.java:logGet(46)) - raft.server.log.queue.byte-limit = 4294967296 (custom)
2023-02-17 01:32:45,203 [pool-273-thread-1] INFO  server.RaftServerConfigKeys (ConfUtils.java:logGet(46)) - raft.server.log.queue.element-limit = 1024 (custom)
2023-02-17 01:32:45,204 [pool-273-thread-1] INFO  server.RaftServerConfigKeys (ConfUtils.java:logGet(46)) - raft.server.log.segment.size.max = 1048576 (custom)
2023-02-17 01:32:45,204 [pool-273-thread-1] INFO  server.RaftServerConfigKeys (ConfUtils.java:logGet(46)) - raft.server.log.preallocated.size = 16384 (custom)
2023-02-17 01:32:45,204 [pool-273-thread-1] INFO  server.RaftServerConfigKeys (ConfUtils.java:logGet(46)) - raft.server.log.force.sync.num = 128 (default)
2023-02-17 01:32:45,204 [pool-273-thread-1] INFO  server.RaftServerConfigKeys (ConfUtils.java:logGet(46)) - raft.server.log.statemachine.data.sync = true (default)
2023-02-17 01:32:45,204 [pool-273-thread-1] INFO  server.RaftServerConfigKeys (ConfUtils.java:logGet(46)) - raft.server.log.statemachine.data.sync.timeout = 10s (default)
2023-02-17 01:32:45,204 [pool-273-thread-1] INFO  server.RaftServerConfigKeys (ConfUtils.java:logGet(46)) - raft.server.log.statemachine.data.sync.timeout.retry = -1 (default)
2023-02-17 01:32:45,204 [pool-273-thread-1] INFO  server.RaftServerConfigKeys (ConfUtils.java:logGet(46)) - raft.server.log.write.buffer.size = 1048576 (custom)
2023-02-17 01:32:45,205 [pool-273-thread-1] INFO  server.RaftServerConfigKeys (ConfUtils.java:logGet(46)) - raft.server.log.appender.buffer.byte-limit = 33554432 (custom)
2023-02-17 01:32:45,208 [pool-273-thread-1] INFO  server.RaftServerConfigKeys (ConfUtils.java:logGet(46)) - raft.server.log.unsafe-flush.enabled = false (default)
2023-02-17 01:32:45,208 [pool-273-thread-1] INFO  server.RaftServerConfigKeys (ConfUtils.java:logGet(46)) - raft.server.log.async-flush.enabled = false (default)
2023-02-17 01:32:45,208 [pool-273-thread-1] INFO  server.RaftServerConfigKeys (ConfUtils.java:logGet(46)) - raft.server.log.statemachine.data.caching.enabled = true (custom)
2023-02-17 01:32:45,208 [pool-273-thread-1] INFO  segmented.SegmentedRaftLogWorker (SegmentedRaftLogWorker.java:lambda$new$0(135)) - fbb73901-9846-46e5-9041-04081d17ecdb@group-06060B034BE9-SegmentedRaftLogWorker: flushIndex: setUnconditionally 0 -> -1
2023-02-17 01:32:45,208 [pool-273-thread-1] INFO  segmented.SegmentedRaftLogWorker (SegmentedRaftLogWorker.java:lambda$new$0(135)) - fbb73901-9846-46e5-9041-04081d17ecdb@group-06060B034BE9-SegmentedRaftLogWorker: safeCacheEvictIndex: setUnconditionally 0 -> -1
2023-02-17 01:32:45,208 [pool-273-thread-1] INFO  server.RaftServer$Division (RaftServerImpl.java:start(334)) - fbb73901-9846-46e5-9041-04081d17ecdb@group-06060B034BE9: start as a follower, conf=-1: peers:[fbb73901-9846-46e5-9041-04081d17ecdb|rpc:10.1.0.190:44701|dataStream:10.1.0.190:41727|priority:0|startupRole:FOLLOWER, 1131348d-894a-4e58-906f-f7279fcc8226|rpc:10.1.0.190:44211|dataStream:10.1.0.190:37409|priority:0|startupRole:FOLLOWER, 87f673cb-bc85-4117-8855-8087f234659e|rpc:10.1.0.190:44783|dataStream:10.1.0.190:42939|priority:1|startupRole:FOLLOWER]|listeners:[], old=null
2023-02-17 01:32:45,208 [pool-273-thread-1] INFO  server.RaftServer$Division (RaftServerImpl.java:setRole(321)) - fbb73901-9846-46e5-9041-04081d17ecdb@group-06060B034BE9: changes role from      null to FOLLOWER at term 0 for startAsFollower
2023-02-17 01:32:45,209 [pool-273-thread-1] INFO  impl.RoleInfo (RoleInfo.java:updateAndGet(139)) - fbb73901-9846-46e5-9041-04081d17ecdb: start fbb73901-9846-46e5-9041-04081d17ecdb@group-06060B034BE9-FollowerState
2023-02-17 01:32:45,209 [pool-273-thread-1] INFO  util.JmxRegister (JmxRegister.java:tryRegister(44)) - Successfully registered JMX Bean with object name Ratis:service=RaftServer,group=group-06060B034BE9,id=fbb73901-9846-46e5-9041-04081d17ecdb
2023-02-17 01:32:45,209 [pool-273-thread-1] INFO  server.RaftServerConfigKeys (ConfUtils.java:logGet(46)) - raft.server.snapshot.auto.trigger.enabled = true (custom)
2023-02-17 01:32:45,209 [pool-273-thread-1] INFO  server.RaftServerConfigKeys (ConfUtils.java:logGet(46)) - raft.server.snapshot.auto.trigger.threshold = 10000 (custom)
2023-02-17 01:32:45,209 [pool-273-thread-1] INFO  server.RaftServerConfigKeys (ConfUtils.java:logGet(46)) - raft.server.snapshot.retention.file.num = 5 (custom)
2023-02-17 01:32:45,209 [pool-273-thread-1] INFO  server.RaftServerConfigKeys (ConfUtils.java:logGet(46)) - raft.server.log.purge.upto.snapshot.index = false (default)
2023-02-17 01:32:45,209 [fbb73901-9846-46e5-9041-04081d17ecdb@group-06060B034BE9-FollowerState] INFO  server.RaftServerConfigKeys (ConfUtils.java:logFallback(53)) - raft.server.rpc.first-election.timeout.min = 5s (fallback to raft.server.rpc.timeout.min)
2023-02-17 01:32:45,210 [fbb73901-9846-46e5-9041-04081d17ecdb@group-06060B034BE9-FollowerState] INFO  server.RaftServerConfigKeys (ConfUtils.java:logFallback(53)) - raft.server.rpc.first-election.timeout.max = 5200ms (fallback to raft.server.rpc.timeout.max)
2023-02-17 01:32:45,210 [Command processor thread] INFO  ratis.XceiverServerRatis (XceiverServerRatis.java:addGroup(807)) - Created group PipelineID=1b6a77e3-027c-408d-bbfe-06060b034be9
2023-02-17 01:32:45,219 [grpc-default-executor-5] INFO  server.RaftServer (RaftServerProxy.java:addNew(96)) - 1131348d-894a-4e58-906f-f7279fcc8226: addNew group-06060B034BE9:[fbb73901-9846-46e5-9041-04081d17ecdb|rpc:10.1.0.190:44701|dataStream:10.1.0.190:41727|priority:0|startupRole:FOLLOWER, 1131348d-894a-4e58-906f-f7279fcc8226|rpc:10.1.0.190:44211|dataStream:10.1.0.190:37409|priority:0|startupRole:FOLLOWER, 87f673cb-bc85-4117-8855-8087f234659e|rpc:10.1.0.190:44783|dataStream:10.1.0.190:42939|priority:1|startupRole:FOLLOWER] returns group-06060B034BE9:java.util.concurrent.CompletableFuture@28f40d7[Not completed]
2023-02-17 01:32:45,220 [pool-295-thread-1] INFO  server.RaftServer$Division (RaftServerImpl.java:<init>(195)) - 1131348d-894a-4e58-906f-f7279fcc8226: new RaftServerImpl for group-06060B034BE9:[fbb73901-9846-46e5-9041-04081d17ecdb|rpc:10.1.0.190:44701|dataStream:10.1.0.190:41727|priority:0|startupRole:FOLLOWER, 1131348d-894a-4e58-906f-f7279fcc8226|rpc:10.1.0.190:44211|dataStream:10.1.0.190:37409|priority:0|startupRole:FOLLOWER, 87f673cb-bc85-4117-8855-8087f234659e|rpc:10.1.0.190:44783|dataStream:10.1.0.190:42939|priority:1|startupRole:FOLLOWER] with ContainerStateMachine:uninitialized
2023-02-17 01:32:45,220 [pool-295-thread-1] INFO  server.RaftServerConfigKeys (ConfUtils.java:logGet(46)) - raft.server.rpc.timeout.min = 5s (custom)
2023-02-17 01:32:45,220 [pool-295-thread-1] INFO  server.RaftServerConfigKeys (ConfUtils.java:logGet(46)) - raft.server.rpc.timeout.max = 5200ms (custom)
2023-02-17 01:32:45,220 [pool-295-thread-1] INFO  server.RaftServerConfigKeys (ConfUtils.java:logGet(46)) - raft.server.rpc.sleep.time = 25ms (default)
2023-02-17 01:32:45,220 [pool-295-thread-1] INFO  server.RaftServerConfigKeys (ConfUtils.java:logGet(46)) - raft.server.rpc.slowness.timeout = 300000ms (custom)
2023-02-17 01:32:45,220 [pool-295-thread-1] INFO  server.RaftServerConfigKeys (ConfUtils.java:logGet(46)) - raft.server.leaderelection.leader.step-down.wait-time = 10s (default)
2023-02-17 01:32:45,220 [pool-295-thread-1] INFO  server.RaftServerConfigKeys (ConfUtils.java:logGet(46)) - raft.server.sleep.deviation.threshold = 300ms (default)
2023-02-17 01:32:45,220 [pool-295-thread-1] INFO  server.RaftServer$Division (ServerState.java:<init>(118)) - 1131348d-894a-4e58-906f-f7279fcc8226@group-06060B034BE9: ConfigurationManager, init=-1: peers:[fbb73901-9846-46e5-9041-04081d17ecdb|rpc:10.1.0.190:44701|dataStream:10.1.0.190:41727|priority:0|startupRole:FOLLOWER, 1131348d-894a-4e58-906f-f7279fcc8226|rpc:10.1.0.190:44211|dataStream:10.1.0.190:37409|priority:0|startupRole:FOLLOWER, 87f673cb-bc85-4117-8855-8087f234659e|rpc:10.1.0.190:44783|dataStream:10.1.0.190:42939|priority:1|startupRole:FOLLOWER]|listeners:[], old=null, confs=<EMPTY_MAP>
2023-02-17 01:32:45,221 [pool-295-thread-1] INFO  server.RaftServerConfigKeys (ConfUtils.java:logGet(46)) - raft.server.storage.dir = [/home/runner/work/ozone/ozone/hadoop-ozone/integration-test/target/test-dir/MiniOzoneClusterImpl-89702d93-5b91-44b6-9f2b-a559f3ead11e/datanode-1/data/ratis] (custom)
2023-02-17 01:32:45,221 [pool-295-thread-1] INFO  server.RaftServerConfigKeys (ConfUtils.java:logGet(46)) - raft.server.log.corruption.policy = EXCEPTION (default)
2023-02-17 01:32:45,221 [pool-295-thread-1] INFO  server.RaftServerConfigKeys (ConfUtils.java:logGet(46)) - raft.server.storage.free-space.min = 0MB (=0) (default)
2023-02-17 01:32:45,221 [pool-295-thread-1] INFO  server.RaftServerConfigKeys (ConfUtils.java:logGet(46)) - raft.server.notification.no-leader.timeout = 300000ms (custom)
2023-02-17 01:32:45,221 [pool-295-thread-1] INFO  server.RaftServerConfigKeys (ConfUtils.java:logGet(46)) - raft.server.retrycache.expirytime = 600000ms (custom)
2023-02-17 01:32:45,221 [pool-295-thread-1] INFO  server.RaftServerConfigKeys (ConfUtils.java:logGet(46)) - raft.server.retrycache.statistics.expirytime = 100μs (default)
2023-02-17 01:32:45,221 [pool-295-thread-1] INFO  server.RaftServerConfigKeys (ConfUtils.java:logGet(46)) - raft.server.log.appender.install.snapshot.enabled = false (custom)
2023-02-17 01:32:45,222 [pool-295-thread-1] INFO  server.RaftServerConfigKeys (ConfUtils.java:logGet(46)) - raft.server.threadpool.server.cached = true (default)
2023-02-17 01:32:45,222 [pool-295-thread-1] INFO  server.RaftServerConfigKeys (ConfUtils.java:logGet(46)) - raft.server.threadpool.server.size = 0 (default)
2023-02-17 01:32:45,222 [pool-295-thread-1] INFO  server.RaftServerConfigKeys (ConfUtils.java:logGet(46)) - raft.server.threadpool.client.cached = true (default)
2023-02-17 01:32:45,222 [pool-295-thread-1] INFO  server.RaftServerConfigKeys (ConfUtils.java:logGet(46)) - raft.server.threadpool.client.size = 0 (default)
2023-02-17 01:32:45,222 [pool-295-thread-1] INFO  storage.RaftStorageDirectory (RaftStorageDirectoryImpl.java:analyzeStorage(137)) - The storage directory /home/runner/work/ozone/ozone/hadoop-ozone/integration-test/target/test-dir/MiniOzoneClusterImpl-89702d93-5b91-44b6-9f2b-a559f3ead11e/datanode-1/data/ratis/1b6a77e3-027c-408d-bbfe-06060b034be9 does not exist. Creating ...
2023-02-17 01:32:45,223 [pool-295-thread-1] INFO  storage.RaftStorageDirectory (RaftStorageDirectoryImpl.java:tryLock(231)) - Lock on /home/runner/work/ozone/ozone/hadoop-ozone/integration-test/target/test-dir/MiniOzoneClusterImpl-89702d93-5b91-44b6-9f2b-a559f3ead11e/datanode-1/data/ratis/1b6a77e3-027c-408d-bbfe-06060b034be9/in_use.lock acquired by nodename 65990@fv-az249-264
2023-02-17 01:32:45,224 [pool-295-thread-1] INFO  storage.RaftStorage (RaftStorageImpl.java:format(96)) - Storage directory /home/runner/work/ozone/ozone/hadoop-ozone/integration-test/target/test-dir/MiniOzoneClusterImpl-89702d93-5b91-44b6-9f2b-a559f3ead11e/datanode-1/data/ratis/1b6a77e3-027c-408d-bbfe-06060b034be9 has been successfully formatted.
2023-02-17 01:32:45,224 [pool-295-thread-1] INFO  ratis.ContainerStateMachine (ContainerStateMachine.java:loadSnapshot(240)) - group-06060B034BE9: The snapshot info is null. Setting the last applied indexto:(t:0, i:~)
2023-02-17 01:32:45,224 [pool-295-thread-1] INFO  server.RaftServerConfigKeys (ConfUtils.java:logGet(46)) - raft.server.log.use.memory = false (default)
2023-02-17 01:32:45,224 [pool-295-thread-1] INFO  server.RaftServerConfigKeys (ConfUtils.java:logGet(46)) - raft.server.log.purge.gap = 1000000 (custom)
2023-02-17 01:32:45,224 [pool-295-thread-1] INFO  server.RaftServerConfigKeys (ConfUtils.java:logGet(46)) - raft.server.log.appender.buffer.byte-limit = 33554432 (custom)
2023-02-17 01:32:45,224 [pool-295-thread-1] INFO  server.RaftServerConfigKeys (ConfUtils.java:logGet(46)) - raft.server.log.statemachine.data.read.timeout = 1000ms (default)
2023-02-17 01:32:45,224 [pool-295-thread-1] INFO  server.RaftServerConfigKeys (ConfUtils.java:logGet(46)) - raft.server.log.purge.preservation.log.num = 0 (default)
2023-02-17 01:32:45,225 [pool-295-thread-1] INFO  server.RaftServerConfigKeys (ConfUtils.java:logGet(46)) - raft.server.log.segment.size.max = 1048576 (custom)
2023-02-17 01:32:45,226 [pool-295-thread-1] INFO  server.RaftServerConfigKeys (ConfUtils.java:logGet(46)) - raft.server.log.segment.cache.num.max = 2 (custom)
2023-02-17 01:32:45,226 [pool-295-thread-1] INFO  server.RaftServerConfigKeys (ConfUtils.java:logGet(46)) - raft.server.log.segment.cache.size.max = 200MB (=209715200) (default)
2023-02-17 01:32:45,226 [pool-295-thread-1] INFO  segmented.SegmentedRaftLogWorker (SegmentedRaftLogWorker.java:<init>(189)) - new 1131348d-894a-4e58-906f-f7279fcc8226@group-06060B034BE9-SegmentedRaftLogWorker for RaftStorageImpl:Storage Directory /home/runner/work/ozone/ozone/hadoop-ozone/integration-test/target/test-dir/MiniOzoneClusterImpl-89702d93-5b91-44b6-9f2b-a559f3ead11e/datanode-1/data/ratis/1b6a77e3-027c-408d-bbfe-06060b034be9
2023-02-17 01:32:45,226 [pool-295-thread-1] INFO  server.RaftServerConfigKeys (ConfUtils.java:logGet(46)) - raft.server.log.queue.byte-limit = 4294967296 (custom)
2023-02-17 01:32:45,226 [pool-295-thread-1] INFO  server.RaftServerConfigKeys (ConfUtils.java:logGet(46)) - raft.server.log.queue.element-limit = 1024 (custom)
2023-02-17 01:32:45,226 [pool-295-thread-1] INFO  server.RaftServerConfigKeys (ConfUtils.java:logGet(46)) - raft.server.log.segment.size.max = 1048576 (custom)
2023-02-17 01:32:45,226 [pool-295-thread-1] INFO  server.RaftServerConfigKeys (ConfUtils.java:logGet(46)) - raft.server.log.preallocated.size = 16384 (custom)
2023-02-17 01:32:45,226 [pool-295-thread-1] INFO  server.RaftServerConfigKeys (ConfUtils.java:logGet(46)) - raft.server.log.force.sync.num = 128 (default)
2023-02-17 01:32:45,228 [pool-295-thread-1] INFO  server.RaftServerConfigKeys (ConfUtils.java:logGet(46)) - raft.server.log.statemachine.data.sync = true (default)
2023-02-17 01:32:45,228 [pool-295-thread-1] INFO  server.RaftServerConfigKeys (ConfUtils.java:logGet(46)) - raft.server.log.statemachine.data.sync.timeout = 10s (default)
2023-02-17 01:32:45,228 [pool-295-thread-1] INFO  server.RaftServerConfigKeys (ConfUtils.java:logGet(46)) - raft.server.log.statemachine.data.sync.timeout.retry = -1 (default)
2023-02-17 01:32:45,228 [pool-295-thread-1] INFO  server.RaftServerConfigKeys (ConfUtils.java:logGet(46)) - raft.server.log.write.buffer.size = 1048576 (custom)
2023-02-17 01:32:45,229 [pool-295-thread-1] INFO  server.RaftServerConfigKeys (ConfUtils.java:logGet(46)) - raft.server.log.appender.buffer.byte-limit = 33554432 (custom)
2023-02-17 01:32:45,234 [pool-295-thread-1] INFO  server.RaftServerConfigKeys (ConfUtils.java:logGet(46)) - raft.server.log.unsafe-flush.enabled = false (default)
2023-02-17 01:32:45,234 [pool-295-thread-1] INFO  server.RaftServerConfigKeys (ConfUtils.java:logGet(46)) - raft.server.log.async-flush.enabled = false (default)
2023-02-17 01:32:45,234 [pool-295-thread-1] INFO  server.RaftServerConfigKeys (ConfUtils.java:logGet(46)) - raft.server.log.statemachine.data.caching.enabled = true (custom)
2023-02-17 01:32:45,234 [pool-295-thread-1] INFO  segmented.SegmentedRaftLogWorker (SegmentedRaftLogWorker.java:lambda$new$0(135)) - 1131348d-894a-4e58-906f-f7279fcc8226@group-06060B034BE9-SegmentedRaftLogWorker: flushIndex: setUnconditionally 0 -> -1
2023-02-17 01:32:45,234 [pool-295-thread-1] INFO  segmented.SegmentedRaftLogWorker (SegmentedRaftLogWorker.java:lambda$new$0(135)) - 1131348d-894a-4e58-906f-f7279fcc8226@group-06060B034BE9-SegmentedRaftLogWorker: safeCacheEvictIndex: setUnconditionally 0 -> -1
2023-02-17 01:32:45,235 [pool-295-thread-1] INFO  server.RaftServer$Division (RaftServerImpl.java:start(334)) - 1131348d-894a-4e58-906f-f7279fcc8226@group-06060B034BE9: start as a follower, conf=-1: peers:[fbb73901-9846-46e5-9041-04081d17ecdb|rpc:10.1.0.190:44701|dataStream:10.1.0.190:41727|priority:0|startupRole:FOLLOWER, 1131348d-894a-4e58-906f-f7279fcc8226|rpc:10.1.0.190:44211|dataStream:10.1.0.190:37409|priority:0|startupRole:FOLLOWER, 87f673cb-bc85-4117-8855-8087f234659e|rpc:10.1.0.190:44783|dataStream:10.1.0.190:42939|priority:1|startupRole:FOLLOWER]|listeners:[], old=null
2023-02-17 01:32:45,235 [pool-295-thread-1] INFO  server.RaftServer$Division (RaftServerImpl.java:setRole(321)) - 1131348d-894a-4e58-906f-f7279fcc8226@group-06060B034BE9: changes role from      null to FOLLOWER at term 0 for startAsFollower
2023-02-17 01:32:45,235 [pool-295-thread-1] INFO  impl.RoleInfo (RoleInfo.java:updateAndGet(139)) - 1131348d-894a-4e58-906f-f7279fcc8226: start 1131348d-894a-4e58-906f-f7279fcc8226@group-06060B034BE9-FollowerState
2023-02-17 01:32:45,235 [1131348d-894a-4e58-906f-f7279fcc8226@group-06060B034BE9-FollowerState] INFO  server.RaftServerConfigKeys (ConfUtils.java:logFallback(53)) - raft.server.rpc.first-election.timeout.min = 5s (fallback to raft.server.rpc.timeout.min)
2023-02-17 01:32:45,235 [pool-295-thread-1] INFO  util.JmxRegister (JmxRegister.java:tryRegister(44)) - Successfully registered JMX Bean with object name Ratis:service=RaftServer,group=group-06060B034BE9,id=1131348d-894a-4e58-906f-f7279fcc8226
2023-02-17 01:32:45,235 [1131348d-894a-4e58-906f-f7279fcc8226@group-06060B034BE9-FollowerState] INFO  server.RaftServerConfigKeys (ConfUtils.java:logFallback(53)) - raft.server.rpc.first-election.timeout.max = 5200ms (fallback to raft.server.rpc.timeout.max)
2023-02-17 01:32:45,235 [pool-295-thread-1] INFO  server.RaftServerConfigKeys (ConfUtils.java:logGet(46)) - raft.server.snapshot.auto.trigger.enabled = true (custom)
2023-02-17 01:32:45,235 [pool-295-thread-1] INFO  server.RaftServerConfigKeys (ConfUtils.java:logGet(46)) - raft.server.snapshot.auto.trigger.threshold = 10000 (custom)
2023-02-17 01:32:45,235 [pool-295-thread-1] INFO  server.RaftServerConfigKeys (ConfUtils.java:logGet(46)) - raft.server.snapshot.retention.file.num = 5 (custom)
2023-02-17 01:32:45,235 [pool-295-thread-1] INFO  server.RaftServerConfigKeys (ConfUtils.java:logGet(46)) - raft.server.log.purge.upto.snapshot.index = false (default)
2023-02-17 01:32:45,254 [grpc-default-executor-5] INFO  server.RaftServer (RaftServerProxy.java:addNew(96)) - 87f673cb-bc85-4117-8855-8087f234659e: addNew group-06060B034BE9:[fbb73901-9846-46e5-9041-04081d17ecdb|rpc:10.1.0.190:44701|dataStream:10.1.0.190:41727|priority:0|startupRole:FOLLOWER, 1131348d-894a-4e58-906f-f7279fcc8226|rpc:10.1.0.190:44211|dataStream:10.1.0.190:37409|priority:0|startupRole:FOLLOWER, 87f673cb-bc85-4117-8855-8087f234659e|rpc:10.1.0.190:44783|dataStream:10.1.0.190:42939|priority:1|startupRole:FOLLOWER] returns group-06060B034BE9:java.util.concurrent.CompletableFuture@5a580d6c[Not completed]
2023-02-17 01:32:45,255 [pool-317-thread-1] INFO  server.RaftServer$Division (RaftServerImpl.java:<init>(195)) - 87f673cb-bc85-4117-8855-8087f234659e: new RaftServerImpl for group-06060B034BE9:[fbb73901-9846-46e5-9041-04081d17ecdb|rpc:10.1.0.190:44701|dataStream:10.1.0.190:41727|priority:0|startupRole:FOLLOWER, 1131348d-894a-4e58-906f-f7279fcc8226|rpc:10.1.0.190:44211|dataStream:10.1.0.190:37409|priority:0|startupRole:FOLLOWER, 87f673cb-bc85-4117-8855-8087f234659e|rpc:10.1.0.190:44783|dataStream:10.1.0.190:42939|priority:1|startupRole:FOLLOWER] with ContainerStateMachine:uninitialized
2023-02-17 01:32:45,255 [pool-317-thread-1] INFO  server.RaftServerConfigKeys (ConfUtils.java:logGet(46)) - raft.server.rpc.timeout.min = 5s (custom)
2023-02-17 01:32:45,255 [pool-317-thread-1] INFO  server.RaftServerConfigKeys (ConfUtils.java:logGet(46)) - raft.server.rpc.timeout.max = 5200ms (custom)
2023-02-17 01:32:45,255 [pool-317-thread-1] INFO  server.RaftServerConfigKeys (ConfUtils.java:logGet(46)) - raft.server.rpc.sleep.time = 25ms (default)
2023-02-17 01:32:45,256 [pool-317-thread-1] INFO  server.RaftServerConfigKeys (ConfUtils.java:logGet(46)) - raft.server.rpc.slowness.timeout = 300000ms (custom)
2023-02-17 01:32:45,256 [pool-317-thread-1] INFO  server.RaftServerConfigKeys (ConfUtils.java:logGet(46)) - raft.server.leaderelection.leader.step-down.wait-time = 10s (default)
2023-02-17 01:32:45,256 [pool-317-thread-1] INFO  server.RaftServerConfigKeys (ConfUtils.java:logGet(46)) - raft.server.sleep.deviation.threshold = 300ms (default)
2023-02-17 01:32:45,256 [pool-317-thread-1] INFO  server.RaftServer$Division (ServerState.java:<init>(118)) - 87f673cb-bc85-4117-8855-8087f234659e@group-06060B034BE9: ConfigurationManager, init=-1: peers:[fbb73901-9846-46e5-9041-04081d17ecdb|rpc:10.1.0.190:44701|dataStream:10.1.0.190:41727|priority:0|startupRole:FOLLOWER, 1131348d-894a-4e58-906f-f7279fcc8226|rpc:10.1.0.190:44211|dataStream:10.1.0.190:37409|priority:0|startupRole:FOLLOWER, 87f673cb-bc85-4117-8855-8087f234659e|rpc:10.1.0.190:44783|dataStream:10.1.0.190:42939|priority:1|startupRole:FOLLOWER]|listeners:[], old=null, confs=<EMPTY_MAP>
2023-02-17 01:32:45,256 [pool-317-thread-1] INFO  server.RaftServerConfigKeys (ConfUtils.java:logGet(46)) - raft.server.storage.dir = [/home/runner/work/ozone/ozone/hadoop-ozone/integration-test/target/test-dir/MiniOzoneClusterImpl-89702d93-5b91-44b6-9f2b-a559f3ead11e/datanode-2/data/ratis] (custom)
2023-02-17 01:32:45,256 [pool-317-thread-1] INFO  server.RaftServerConfigKeys (ConfUtils.java:logGet(46)) - raft.server.log.corruption.policy = EXCEPTION (default)
2023-02-17 01:32:45,256 [pool-317-thread-1] INFO  server.RaftServerConfigKeys (ConfUtils.java:logGet(46)) - raft.server.storage.free-space.min = 0MB (=0) (default)
2023-02-17 01:32:45,256 [pool-317-thread-1] INFO  server.RaftServerConfigKeys (ConfUtils.java:logGet(46)) - raft.server.notification.no-leader.timeout = 300000ms (custom)
2023-02-17 01:32:45,256 [pool-317-thread-1] INFO  server.RaftServerConfigKeys (ConfUtils.java:logGet(46)) - raft.server.retrycache.expirytime = 600000ms (custom)
2023-02-17 01:32:45,256 [pool-317-thread-1] INFO  server.RaftServerConfigKeys (ConfUtils.java:logGet(46)) - raft.server.retrycache.statistics.expirytime = 100μs (default)
2023-02-17 01:32:45,257 [pool-317-thread-1] INFO  server.RaftServerConfigKeys (ConfUtils.java:logGet(46)) - raft.server.log.appender.install.snapshot.enabled = false (custom)
2023-02-17 01:32:45,257 [pool-317-thread-1] INFO  server.RaftServerConfigKeys (ConfUtils.java:logGet(46)) - raft.server.threadpool.server.cached = true (default)
2023-02-17 01:32:45,257 [pool-317-thread-1] INFO  server.RaftServerConfigKeys (ConfUtils.java:logGet(46)) - raft.server.threadpool.server.size = 0 (default)
2023-02-17 01:32:45,257 [pool-317-thread-1] INFO  server.RaftServerConfigKeys (ConfUtils.java:logGet(46)) - raft.server.threadpool.client.cached = true (default)
2023-02-17 01:32:45,257 [pool-317-thread-1] INFO  server.RaftServerConfigKeys (ConfUtils.java:logGet(46)) - raft.server.threadpool.client.size = 0 (default)
2023-02-17 01:32:45,257 [pool-317-thread-1] INFO  storage.RaftStorageDirectory (RaftStorageDirectoryImpl.java:analyzeStorage(137)) - The storage directory /home/runner/work/ozone/ozone/hadoop-ozone/integration-test/target/test-dir/MiniOzoneClusterImpl-89702d93-5b91-44b6-9f2b-a559f3ead11e/datanode-2/data/ratis/1b6a77e3-027c-408d-bbfe-06060b034be9 does not exist. Creating ...
2023-02-17 01:32:45,258 [pool-317-thread-1] INFO  storage.RaftStorageDirectory (RaftStorageDirectoryImpl.java:tryLock(231)) - Lock on /home/runner/work/ozone/ozone/hadoop-ozone/integration-test/target/test-dir/MiniOzoneClusterImpl-89702d93-5b91-44b6-9f2b-a559f3ead11e/datanode-2/data/ratis/1b6a77e3-027c-408d-bbfe-06060b034be9/in_use.lock acquired by nodename 65990@fv-az249-264
2023-02-17 01:32:45,259 [pool-317-thread-1] INFO  storage.RaftStorage (RaftStorageImpl.java:format(96)) - Storage directory /home/runner/work/ozone/ozone/hadoop-ozone/integration-test/target/test-dir/MiniOzoneClusterImpl-89702d93-5b91-44b6-9f2b-a559f3ead11e/datanode-2/data/ratis/1b6a77e3-027c-408d-bbfe-06060b034be9 has been successfully formatted.
2023-02-17 01:32:45,260 [pool-317-thread-1] INFO  ratis.ContainerStateMachine (ContainerStateMachine.java:loadSnapshot(240)) - group-06060B034BE9: The snapshot info is null. Setting the last applied indexto:(t:0, i:~)
2023-02-17 01:32:45,260 [pool-317-thread-1] INFO  server.RaftServerConfigKeys (ConfUtils.java:logGet(46)) - raft.server.log.use.memory = false (default)
2023-02-17 01:32:45,261 [pool-317-thread-1] INFO  server.RaftServerConfigKeys (ConfUtils.java:logGet(46)) - raft.server.log.purge.gap = 1000000 (custom)
2023-02-17 01:32:45,261 [pool-317-thread-1] INFO  server.RaftServerConfigKeys (ConfUtils.java:logGet(46)) - raft.server.log.appender.buffer.byte-limit = 33554432 (custom)
2023-02-17 01:32:45,261 [pool-317-thread-1] INFO  server.RaftServerConfigKeys (ConfUtils.java:logGet(46)) - raft.server.log.statemachine.data.read.timeout = 1000ms (default)
2023-02-17 01:32:45,261 [pool-317-thread-1] INFO  server.RaftServerConfigKeys (ConfUtils.java:logGet(46)) - raft.server.log.purge.preservation.log.num = 0 (default)
2023-02-17 01:32:45,261 [pool-317-thread-1] INFO  server.RaftServerConfigKeys (ConfUtils.java:logGet(46)) - raft.server.log.segment.size.max = 1048576 (custom)
2023-02-17 01:32:45,262 [pool-317-thread-1] INFO  server.RaftServerConfigKeys (ConfUtils.java:logGet(46)) - raft.server.log.segment.cache.num.max = 2 (custom)
2023-02-17 01:32:45,262 [pool-317-thread-1] INFO  server.RaftServerConfigKeys (ConfUtils.java:logGet(46)) - raft.server.log.segment.cache.size.max = 200MB (=209715200) (default)
2023-02-17 01:32:45,262 [pool-317-thread-1] INFO  segmented.SegmentedRaftLogWorker (SegmentedRaftLogWorker.java:<init>(189)) - new 87f673cb-bc85-4117-8855-8087f234659e@group-06060B034BE9-SegmentedRaftLogWorker for RaftStorageImpl:Storage Directory /home/runner/work/ozone/ozone/hadoop-ozone/integration-test/target/test-dir/MiniOzoneClusterImpl-89702d93-5b91-44b6-9f2b-a559f3ead11e/datanode-2/data/ratis/1b6a77e3-027c-408d-bbfe-06060b034be9
2023-02-17 01:32:45,262 [pool-317-thread-1] INFO  server.RaftServerConfigKeys (ConfUtils.java:logGet(46)) - raft.server.log.queue.byte-limit = 4294967296 (custom)
2023-02-17 01:32:45,262 [pool-317-thread-1] INFO  server.RaftServerConfigKeys (ConfUtils.java:logGet(46)) - raft.server.log.queue.element-limit = 1024 (custom)
2023-02-17 01:32:45,262 [pool-317-thread-1] INFO  server.RaftServerConfigKeys (ConfUtils.java:logGet(46)) - raft.server.log.segment.size.max = 1048576 (custom)
2023-02-17 01:32:45,262 [pool-317-thread-1] INFO  server.RaftServerConfigKeys (ConfUtils.java:logGet(46)) - raft.server.log.preallocated.size = 16384 (custom)
2023-02-17 01:32:45,262 [pool-317-thread-1] INFO  server.RaftServerConfigKeys (ConfUtils.java:logGet(46)) - raft.server.log.force.sync.num = 128 (default)
2023-02-17 01:32:45,262 [pool-317-thread-1] INFO  server.RaftServerConfigKeys (ConfUtils.java:logGet(46)) - raft.server.log.statemachine.data.sync = true (default)
2023-02-17 01:32:45,262 [pool-317-thread-1] INFO  server.RaftServerConfigKeys (ConfUtils.java:logGet(46)) - raft.server.log.statemachine.data.sync.timeout = 10s (default)
2023-02-17 01:32:45,262 [pool-317-thread-1] INFO  server.RaftServerConfigKeys (ConfUtils.java:logGet(46)) - raft.server.log.statemachine.data.sync.timeout.retry = -1 (default)
2023-02-17 01:32:45,263 [pool-317-thread-1] INFO  server.RaftServerConfigKeys (ConfUtils.java:logGet(46)) - raft.server.log.write.buffer.size = 1048576 (custom)
2023-02-17 01:32:45,263 [pool-317-thread-1] INFO  server.RaftServerConfigKeys (ConfUtils.java:logGet(46)) - raft.server.log.appender.buffer.byte-limit = 33554432 (custom)
2023-02-17 01:32:45,266 [pool-317-thread-1] INFO  server.RaftServerConfigKeys (ConfUtils.java:logGet(46)) - raft.server.log.unsafe-flush.enabled = false (default)
2023-02-17 01:32:45,266 [pool-317-thread-1] INFO  server.RaftServerConfigKeys (ConfUtils.java:logGet(46)) - raft.server.log.async-flush.enabled = false (default)
2023-02-17 01:32:45,266 [pool-317-thread-1] INFO  server.RaftServerConfigKeys (ConfUtils.java:logGet(46)) - raft.server.log.statemachine.data.caching.enabled = true (custom)
2023-02-17 01:32:45,267 [pool-317-thread-1] INFO  segmented.SegmentedRaftLogWorker (SegmentedRaftLogWorker.java:lambda$new$0(135)) - 87f673cb-bc85-4117-8855-8087f234659e@group-06060B034BE9-SegmentedRaftLogWorker: flushIndex: setUnconditionally 0 -> -1
2023-02-17 01:32:45,267 [pool-317-thread-1] INFO  segmented.SegmentedRaftLogWorker (SegmentedRaftLogWorker.java:lambda$new$0(135)) - 87f673cb-bc85-4117-8855-8087f234659e@group-06060B034BE9-SegmentedRaftLogWorker: safeCacheEvictIndex: setUnconditionally 0 -> -1
2023-02-17 01:32:45,267 [pool-317-thread-1] INFO  server.RaftServer$Division (RaftServerImpl.java:start(334)) - 87f673cb-bc85-4117-8855-8087f234659e@group-06060B034BE9: start as a follower, conf=-1: peers:[fbb73901-9846-46e5-9041-04081d17ecdb|rpc:10.1.0.190:44701|dataStream:10.1.0.190:41727|priority:0|startupRole:FOLLOWER, 1131348d-894a-4e58-906f-f7279fcc8226|rpc:10.1.0.190:44211|dataStream:10.1.0.190:37409|priority:0|startupRole:FOLLOWER, 87f673cb-bc85-4117-8855-8087f234659e|rpc:10.1.0.190:44783|dataStream:10.1.0.190:42939|priority:1|startupRole:FOLLOWER]|listeners:[], old=null
2023-02-17 01:32:45,267 [pool-317-thread-1] INFO  server.RaftServer$Division (RaftServerImpl.java:setRole(321)) - 87f673cb-bc85-4117-8855-8087f234659e@group-06060B034BE9: changes role from      null to FOLLOWER at term 0 for startAsFollower
2023-02-17 01:32:45,267 [pool-317-thread-1] INFO  impl.RoleInfo (RoleInfo.java:updateAndGet(139)) - 87f673cb-bc85-4117-8855-8087f234659e: start 87f673cb-bc85-4117-8855-8087f234659e@group-06060B034BE9-FollowerState
2023-02-17 01:32:45,271 [pool-317-thread-1] INFO  util.JmxRegister (JmxRegister.java:tryRegister(44)) - Successfully registered JMX Bean with object name Ratis:service=RaftServer,group=group-06060B034BE9,id=87f673cb-bc85-4117-8855-8087f234659e
2023-02-17 01:32:45,272 [pool-317-thread-1] INFO  server.RaftServerConfigKeys (ConfUtils.java:logGet(46)) - raft.server.snapshot.auto.trigger.enabled = true (custom)
2023-02-17 01:32:45,272 [pool-317-thread-1] INFO  server.RaftServerConfigKeys (ConfUtils.java:logGet(46)) - raft.server.snapshot.auto.trigger.threshold = 10000 (custom)
2023-02-17 01:32:45,272 [pool-317-thread-1] INFO  server.RaftServerConfigKeys (ConfUtils.java:logGet(46)) - raft.server.snapshot.retention.file.num = 5 (custom)
2023-02-17 01:32:45,272 [pool-317-thread-1] INFO  server.RaftServerConfigKeys (ConfUtils.java:logGet(46)) - raft.server.log.purge.upto.snapshot.index = false (default)
2023-02-17 01:32:45,273 [87f673cb-bc85-4117-8855-8087f234659e@group-06060B034BE9-FollowerState] INFO  server.RaftServerConfigKeys (ConfUtils.java:logFallback(53)) - raft.server.rpc.first-election.timeout.min = 5s (fallback to raft.server.rpc.timeout.min)
2023-02-17 01:32:45,275 [87f673cb-bc85-4117-8855-8087f234659e@group-06060B034BE9-FollowerState] INFO  server.RaftServerConfigKeys (ConfUtils.java:logFallback(53)) - raft.server.rpc.first-election.timeout.max = 5200ms (fallback to raft.server.rpc.timeout.max)
2023-02-17 01:32:45,276 [Command processor thread] INFO  commandhandler.CreatePipelineCommandHandler (CreatePipelineCommandHandler.java:handle(113)) - Created Pipeline RATIS THREE PipelineID=1b6a77e3-027c-408d-bbfe-06060b034be9.
2023-02-17 01:32:45,446 [Command processor thread] INFO  server.RaftServer (RaftServerProxy.java:addNew(96)) - 1131348d-894a-4e58-906f-f7279fcc8226: addNew group-596D5CAD1D12:[1131348d-894a-4e58-906f-f7279fcc8226|rpc:10.1.0.190:44211|dataStream:10.1.0.190:37409|priority:1|startupRole:FOLLOWER] returns group-596D5CAD1D12:java.util.concurrent.CompletableFuture@c00e36e[Not completed]
2023-02-17 01:32:45,447 [pool-295-thread-1] INFO  server.RaftServer$Division (RaftServerImpl.java:<init>(195)) - 1131348d-894a-4e58-906f-f7279fcc8226: new RaftServerImpl for group-596D5CAD1D12:[1131348d-894a-4e58-906f-f7279fcc8226|rpc:10.1.0.190:44211|dataStream:10.1.0.190:37409|priority:1|startupRole:FOLLOWER] with ContainerStateMachine:uninitialized
2023-02-17 01:32:45,447 [pool-295-thread-1] INFO  server.RaftServerConfigKeys (ConfUtils.java:logGet(46)) - raft.server.rpc.timeout.min = 5s (custom)
2023-02-17 01:32:45,447 [pool-295-thread-1] INFO  server.RaftServerConfigKeys (ConfUtils.java:logGet(46)) - raft.server.rpc.timeout.max = 5200ms (custom)
2023-02-17 01:32:45,447 [pool-295-thread-1] INFO  server.RaftServerConfigKeys (ConfUtils.java:logGet(46)) - raft.server.rpc.sleep.time = 25ms (default)
2023-02-17 01:32:45,447 [pool-295-thread-1] INFO  server.RaftServerConfigKeys (ConfUtils.java:logGet(46)) - raft.server.rpc.slowness.timeout = 300000ms (custom)
2023-02-17 01:32:45,447 [pool-295-thread-1] INFO  server.RaftServerConfigKeys (ConfUtils.java:logGet(46)) - raft.server.leaderelection.leader.step-down.wait-time = 10s (default)
2023-02-17 01:32:45,447 [pool-295-thread-1] INFO  server.RaftServerConfigKeys (ConfUtils.java:logGet(46)) - raft.server.sleep.deviation.threshold = 300ms (default)
2023-02-17 01:32:45,448 [pool-295-thread-1] INFO  server.RaftServer$Division (ServerState.java:<init>(118)) - 1131348d-894a-4e58-906f-f7279fcc8226@group-596D5CAD1D12: ConfigurationManager, init=-1: peers:[1131348d-894a-4e58-906f-f7279fcc8226|rpc:10.1.0.190:44211|dataStream:10.1.0.190:37409|priority:1|startupRole:FOLLOWER]|listeners:[], old=null, confs=<EMPTY_MAP>
2023-02-17 01:32:45,448 [pool-295-thread-1] INFO  server.RaftServerConfigKeys (ConfUtils.java:logGet(46)) - raft.server.storage.dir = [/home/runner/work/ozone/ozone/hadoop-ozone/integration-test/target/test-dir/MiniOzoneClusterImpl-89702d93-5b91-44b6-9f2b-a559f3ead11e/datanode-1/data/ratis] (custom)
2023-02-17 01:32:45,448 [pool-295-thread-1] INFO  server.RaftServerConfigKeys (ConfUtils.java:logGet(46)) - raft.server.log.corruption.policy = EXCEPTION (default)
2023-02-17 01:32:45,448 [pool-295-thread-1] INFO  server.RaftServerConfigKeys (ConfUtils.java:logGet(46)) - raft.server.storage.free-space.min = 0MB (=0) (default)
2023-02-17 01:32:45,448 [pool-295-thread-1] INFO  server.RaftServerConfigKeys (ConfUtils.java:logGet(46)) - raft.server.notification.no-leader.timeout = 300000ms (custom)
2023-02-17 01:32:45,448 [pool-295-thread-1] INFO  server.RaftServerConfigKeys (ConfUtils.java:logGet(46)) - raft.server.retrycache.expirytime = 600000ms (custom)
2023-02-17 01:32:45,448 [pool-295-thread-1] INFO  server.RaftServerConfigKeys (ConfUtils.java:logGet(46)) - raft.server.retrycache.statistics.expirytime = 100μs (default)
2023-02-17 01:32:45,449 [pool-295-thread-1] INFO  server.RaftServerConfigKeys (ConfUtils.java:logGet(46)) - raft.server.log.appender.install.snapshot.enabled = false (custom)
2023-02-17 01:32:45,449 [pool-295-thread-1] INFO  server.RaftServerConfigKeys (ConfUtils.java:logGet(46)) - raft.server.threadpool.server.cached = true (default)
2023-02-17 01:32:45,449 [pool-295-thread-1] INFO  server.RaftServerConfigKeys (ConfUtils.java:logGet(46)) - raft.server.threadpool.server.size = 0 (default)
2023-02-17 01:32:45,449 [pool-295-thread-1] INFO  server.RaftServerConfigKeys (ConfUtils.java:logGet(46)) - raft.server.threadpool.client.cached = true (default)
2023-02-17 01:32:45,449 [pool-295-thread-1] INFO  server.RaftServerConfigKeys (ConfUtils.java:logGet(46)) - raft.server.threadpool.client.size = 0 (default)
2023-02-17 01:32:45,449 [pool-295-thread-1] INFO  storage.RaftStorageDirectory (RaftStorageDirectoryImpl.java:analyzeStorage(137)) - The storage directory /home/runner/work/ozone/ozone/hadoop-ozone/integration-test/target/test-dir/MiniOzoneClusterImpl-89702d93-5b91-44b6-9f2b-a559f3ead11e/datanode-1/data/ratis/b83c5ab2-5440-4756-ab72-596d5cad1d12 does not exist. Creating ...
2023-02-17 01:32:45,450 [pool-295-thread-1] INFO  storage.RaftStorageDirectory (RaftStorageDirectoryImpl.java:tryLock(231)) - Lock on /home/runner/work/ozone/ozone/hadoop-ozone/integration-test/target/test-dir/MiniOzoneClusterImpl-89702d93-5b91-44b6-9f2b-a559f3ead11e/datanode-1/data/ratis/b83c5ab2-5440-4756-ab72-596d5cad1d12/in_use.lock acquired by nodename 65990@fv-az249-264
2023-02-17 01:32:45,451 [pool-295-thread-1] INFO  storage.RaftStorage (RaftStorageImpl.java:format(96)) - Storage directory /home/runner/work/ozone/ozone/hadoop-ozone/integration-test/target/test-dir/MiniOzoneClusterImpl-89702d93-5b91-44b6-9f2b-a559f3ead11e/datanode-1/data/ratis/b83c5ab2-5440-4756-ab72-596d5cad1d12 has been successfully formatted.
2023-02-17 01:32:45,452 [pool-295-thread-1] INFO  ratis.ContainerStateMachine (ContainerStateMachine.java:loadSnapshot(240)) - group-596D5CAD1D12: The snapshot info is null. Setting the last applied indexto:(t:0, i:~)
2023-02-17 01:32:45,452 [pool-295-thread-1] INFO  server.RaftServerConfigKeys (ConfUtils.java:logGet(46)) - raft.server.log.use.memory = false (default)
2023-02-17 01:32:45,452 [pool-295-thread-1] INFO  server.RaftServerConfigKeys (ConfUtils.java:logGet(46)) - raft.server.log.purge.gap = 1000000 (custom)
2023-02-17 01:32:45,452 [pool-295-thread-1] INFO  server.RaftServerConfigKeys (ConfUtils.java:logGet(46)) - raft.server.log.appender.buffer.byte-limit = 33554432 (custom)
2023-02-17 01:32:45,453 [pool-295-thread-1] INFO  server.RaftServerConfigKeys (ConfUtils.java:logGet(46)) - raft.server.log.statemachine.data.read.timeout = 1000ms (default)
2023-02-17 01:32:45,453 [pool-295-thread-1] INFO  server.RaftServerConfigKeys (ConfUtils.java:logGet(46)) - raft.server.log.purge.preservation.log.num = 0 (default)
2023-02-17 01:32:45,453 [pool-295-thread-1] INFO  server.RaftServerConfigKeys (ConfUtils.java:logGet(46)) - raft.server.log.segment.size.max = 1048576 (custom)
2023-02-17 01:32:45,453 [pool-295-thread-1] INFO  server.RaftServerConfigKeys (ConfUtils.java:logGet(46)) - raft.server.log.segment.cache.num.max = 2 (custom)
2023-02-17 01:32:45,453 [pool-295-thread-1] INFO  server.RaftServerConfigKeys (ConfUtils.java:logGet(46)) - raft.server.log.segment.cache.size.max = 200MB (=209715200) (default)
2023-02-17 01:32:45,453 [EventQueue-PipelineReportForPipelineReportHandler] INFO  pipeline.PipelineManagerImpl (PipelineManagerImpl.java:openPipeline(367)) - Pipeline Pipeline[ Id: b83c5ab2-5440-4756-ab72-596d5cad1d12, Nodes: 1131348d-894a-4e58-906f-f7279fcc8226(fv-az249-264.ubt5suc3ufjutoeqyo4zsso0he.gx.internal.cloudapp.net/10.1.0.190), ReplicationConfig: RATIS/ONE, State:ALLOCATED, leaderId:1131348d-894a-4e58-906f-f7279fcc8226, CreationTimestamp2023-02-17T01:32:42.449Z[Etc/UTC]] moved to OPEN state
2023-02-17 01:32:45,453 [pool-295-thread-1] INFO  segmented.SegmentedRaftLogWorker (SegmentedRaftLogWorker.java:<init>(189)) - new 1131348d-894a-4e58-906f-f7279fcc8226@group-596D5CAD1D12-SegmentedRaftLogWorker for RaftStorageImpl:Storage Directory /home/runner/work/ozone/ozone/hadoop-ozone/integration-test/target/test-dir/MiniOzoneClusterImpl-89702d93-5b91-44b6-9f2b-a559f3ead11e/datanode-1/data/ratis/b83c5ab2-5440-4756-ab72-596d5cad1d12
2023-02-17 01:32:45,453 [pool-295-thread-1] INFO  server.RaftServerConfigKeys (ConfUtils.java:logGet(46)) - raft.server.log.queue.byte-limit = 4294967296 (custom)
2023-02-17 01:32:45,453 [pool-295-thread-1] INFO  server.RaftServerConfigKeys (ConfUtils.java:logGet(46)) - raft.server.log.queue.element-limit = 1024 (custom)
2023-02-17 01:32:45,453 [pool-295-thread-1] INFO  server.RaftServerConfigKeys (ConfUtils.java:logGet(46)) - raft.server.log.segment.size.max = 1048576 (custom)
2023-02-17 01:32:45,453 [pool-295-thread-1] INFO  server.RaftServerConfigKeys (ConfUtils.java:logGet(46)) - raft.server.log.preallocated.size = 16384 (custom)
2023-02-17 01:32:45,453 [pool-295-thread-1] INFO  server.RaftServerConfigKeys (ConfUtils.java:logGet(46)) - raft.server.log.force.sync.num = 128 (default)
2023-02-17 01:32:45,453 [pool-295-thread-1] INFO  server.RaftServerConfigKeys (ConfUtils.java:logGet(46)) - raft.server.log.statemachine.data.sync = true (default)
2023-02-17 01:32:45,454 [pool-295-thread-1] INFO  server.RaftServerConfigKeys (ConfUtils.java:logGet(46)) - raft.server.log.statemachine.data.sync.timeout = 10s (default)
2023-02-17 01:32:45,454 [EventQueue-OpenPipelineForHealthyPipelineSafeModeRule] INFO  safemode.SCMSafeModeManager (HealthyPipelineSafeModeRule.java:process(137)) - SCM in safe mode. Healthy pipelines reported count is 0, required healthy pipeline reported count is 1
2023-02-17 01:32:45,454 [pool-295-thread-1] INFO  server.RaftServerConfigKeys (ConfUtils.java:logGet(46)) - raft.server.log.statemachine.data.sync.timeout.retry = -1 (default)
2023-02-17 01:32:45,454 [pool-295-thread-1] INFO  server.RaftServerConfigKeys (ConfUtils.java:logGet(46)) - raft.server.log.write.buffer.size = 1048576 (custom)
2023-02-17 01:32:45,455 [pool-295-thread-1] INFO  server.RaftServerConfigKeys (ConfUtils.java:logGet(46)) - raft.server.log.appender.buffer.byte-limit = 33554432 (custom)
2023-02-17 01:32:45,462 [pool-295-thread-1] INFO  server.RaftServerConfigKeys (ConfUtils.java:logGet(46)) - raft.server.log.unsafe-flush.enabled = false (default)
2023-02-17 01:32:45,462 [pool-295-thread-1] INFO  server.RaftServerConfigKeys (ConfUtils.java:logGet(46)) - raft.server.log.async-flush.enabled = false (default)
2023-02-17 01:32:45,462 [pool-295-thread-1] INFO  server.RaftServerConfigKeys (ConfUtils.java:logGet(46)) - raft.server.log.statemachine.data.caching.enabled = true (custom)
2023-02-17 01:32:45,462 [pool-295-thread-1] INFO  segmented.SegmentedRaftLogWorker (SegmentedRaftLogWorker.java:lambda$new$0(135)) - 1131348d-894a-4e58-906f-f7279fcc8226@group-596D5CAD1D12-SegmentedRaftLogWorker: flushIndex: setUnconditionally 0 -> -1
2023-02-17 01:32:45,462 [pool-295-thread-1] INFO  segmented.SegmentedRaftLogWorker (SegmentedRaftLogWorker.java:lambda$new$0(135)) - 1131348d-894a-4e58-906f-f7279fcc8226@group-596D5CAD1D12-SegmentedRaftLogWorker: safeCacheEvictIndex: setUnconditionally 0 -> -1
2023-02-17 01:32:45,463 [pool-295-thread-1] INFO  server.RaftServer$Division (RaftServerImpl.java:start(334)) - 1131348d-894a-4e58-906f-f7279fcc8226@group-596D5CAD1D12: start as a follower, conf=-1: peers:[1131348d-894a-4e58-906f-f7279fcc8226|rpc:10.1.0.190:44211|dataStream:10.1.0.190:37409|priority:1|startupRole:FOLLOWER]|listeners:[], old=null
2023-02-17 01:32:45,463 [pool-295-thread-1] INFO  server.RaftServer$Division (RaftServerImpl.java:setRole(321)) - 1131348d-894a-4e58-906f-f7279fcc8226@group-596D5CAD1D12: changes role from      null to FOLLOWER at term 0 for startAsFollower
2023-02-17 01:32:45,463 [pool-295-thread-1] INFO  impl.RoleInfo (RoleInfo.java:updateAndGet(139)) - 1131348d-894a-4e58-906f-f7279fcc8226: start 1131348d-894a-4e58-906f-f7279fcc8226@group-596D5CAD1D12-FollowerState
2023-02-17 01:32:45,463 [pool-295-thread-1] INFO  util.JmxRegister (JmxRegister.java:tryRegister(44)) - Successfully registered JMX Bean with object name Ratis:service=RaftServer,group=group-596D5CAD1D12,id=1131348d-894a-4e58-906f-f7279fcc8226
2023-02-17 01:32:45,463 [pool-295-thread-1] INFO  server.RaftServerConfigKeys (ConfUtils.java:logGet(46)) - raft.server.snapshot.auto.trigger.enabled = true (custom)
2023-02-17 01:32:45,463 [pool-295-thread-1] INFO  server.RaftServerConfigKeys (ConfUtils.java:logGet(46)) - raft.server.snapshot.auto.trigger.threshold = 10000 (custom)
2023-02-17 01:32:45,463 [pool-295-thread-1] INFO  server.RaftServerConfigKeys (ConfUtils.java:logGet(46)) - raft.server.snapshot.retention.file.num = 5 (custom)
2023-02-17 01:32:45,463 [pool-295-thread-1] INFO  server.RaftServerConfigKeys (ConfUtils.java:logGet(46)) - raft.server.log.purge.upto.snapshot.index = false (default)
2023-02-17 01:32:45,464 [1131348d-894a-4e58-906f-f7279fcc8226@group-596D5CAD1D12-FollowerState] INFO  server.RaftServerConfigKeys (ConfUtils.java:logFallback(53)) - raft.server.rpc.first-election.timeout.min = 5s (fallback to raft.server.rpc.timeout.min)
2023-02-17 01:32:45,464 [1131348d-894a-4e58-906f-f7279fcc8226@group-596D5CAD1D12-FollowerState] INFO  server.RaftServerConfigKeys (ConfUtils.java:logFallback(53)) - raft.server.rpc.first-election.timeout.max = 5200ms (fallback to raft.server.rpc.timeout.max)
2023-02-17 01:32:45,464 [Command processor thread] INFO  ratis.XceiverServerRatis (XceiverServerRatis.java:addGroup(807)) - Created group PipelineID=b83c5ab2-5440-4756-ab72-596d5cad1d12
2023-02-17 01:32:45,464 [Command processor thread] INFO  commandhandler.CreatePipelineCommandHandler (CreatePipelineCommandHandler.java:handle(113)) - Created Pipeline RATIS ONE PipelineID=b83c5ab2-5440-4756-ab72-596d5cad1d12.
2023-02-17 01:32:45,585 [Listener at 127.0.0.1/33393] INFO  ozone.MiniOzoneClusterImpl (MiniOzoneClusterImpl.java:lambda$waitForClusterToBeReady$0(218)) - Nodes are ready. Got 5 of 5 DN Heartbeats.
2023-02-17 01:32:45,585 [Listener at 127.0.0.1/33393] INFO  ozone.MiniOzoneClusterImpl (MiniOzoneClusterImpl.java:lambda$waitForClusterToBeReady$0(221)) - Waiting for cluster to exit safe mode
2023-02-17 01:32:45,585 [Listener at 127.0.0.1/33393] INFO  ozone.MiniOzoneClusterImpl (MiniOzoneClusterImpl.java:lambda$waitForClusterToBeReady$0(223)) - SCM became leader
2023-02-17 01:32:45,871 [Command processor thread] INFO  server.RaftServer (RaftServerProxy.java:addNew(96)) - 87f673cb-bc85-4117-8855-8087f234659e: addNew group-B5749EBDBFBA:[87f673cb-bc85-4117-8855-8087f234659e|rpc:10.1.0.190:44783|dataStream:10.1.0.190:42939|priority:1|startupRole:FOLLOWER] returns group-B5749EBDBFBA:java.util.concurrent.CompletableFuture@126ecdbb[Not completed]
2023-02-17 01:32:45,872 [pool-317-thread-1] INFO  server.RaftServer$Division (RaftServerImpl.java:<init>(195)) - 87f673cb-bc85-4117-8855-8087f234659e: new RaftServerImpl for group-B5749EBDBFBA:[87f673cb-bc85-4117-8855-8087f234659e|rpc:10.1.0.190:44783|dataStream:10.1.0.190:42939|priority:1|startupRole:FOLLOWER] with ContainerStateMachine:uninitialized
2023-02-17 01:32:45,872 [pool-317-thread-1] INFO  server.RaftServerConfigKeys (ConfUtils.java:logGet(46)) - raft.server.rpc.timeout.min = 5s (custom)
2023-02-17 01:32:45,872 [pool-317-thread-1] INFO  server.RaftServerConfigKeys (ConfUtils.java:logGet(46)) - raft.server.rpc.timeout.max = 5200ms (custom)
2023-02-17 01:32:45,872 [pool-317-thread-1] INFO  server.RaftServerConfigKeys (ConfUtils.java:logGet(46)) - raft.server.rpc.sleep.time = 25ms (default)
2023-02-17 01:32:45,872 [pool-317-thread-1] INFO  server.RaftServerConfigKeys (ConfUtils.java:logGet(46)) - raft.server.rpc.slowness.timeout = 300000ms (custom)
2023-02-17 01:32:45,872 [pool-317-thread-1] INFO  server.RaftServerConfigKeys (ConfUtils.java:logGet(46)) - raft.server.leaderelection.leader.step-down.wait-time = 10s (default)
2023-02-17 01:32:45,872 [pool-317-thread-1] INFO  server.RaftServerConfigKeys (ConfUtils.java:logGet(46)) - raft.server.sleep.deviation.threshold = 300ms (default)
2023-02-17 01:32:45,872 [pool-317-thread-1] INFO  server.RaftServer$Division (ServerState.java:<init>(118)) - 87f673cb-bc85-4117-8855-8087f234659e@group-B5749EBDBFBA: ConfigurationManager, init=-1: peers:[87f673cb-bc85-4117-8855-8087f234659e|rpc:10.1.0.190:44783|dataStream:10.1.0.190:42939|priority:1|startupRole:FOLLOWER]|listeners:[], old=null, confs=<EMPTY_MAP>
2023-02-17 01:32:45,872 [pool-317-thread-1] INFO  server.RaftServerConfigKeys (ConfUtils.java:logGet(46)) - raft.server.storage.dir = [/home/runner/work/ozone/ozone/hadoop-ozone/integration-test/target/test-dir/MiniOzoneClusterImpl-89702d93-5b91-44b6-9f2b-a559f3ead11e/datanode-2/data/ratis] (custom)
2023-02-17 01:32:45,872 [pool-317-thread-1] INFO  server.RaftServerConfigKeys (ConfUtils.java:logGet(46)) - raft.server.log.corruption.policy = EXCEPTION (default)
2023-02-17 01:32:45,872 [pool-317-thread-1] INFO  server.RaftServerConfigKeys (ConfUtils.java:logGet(46)) - raft.server.storage.free-space.min = 0MB (=0) (default)
2023-02-17 01:32:45,872 [pool-317-thread-1] INFO  server.RaftServerConfigKeys (ConfUtils.java:logGet(46)) - raft.server.notification.no-leader.timeout = 300000ms (custom)
2023-02-17 01:32:45,873 [pool-317-thread-1] INFO  server.RaftServerConfigKeys (ConfUtils.java:logGet(46)) - raft.server.retrycache.expirytime = 600000ms (custom)
2023-02-17 01:32:45,873 [pool-317-thread-1] INFO  server.RaftServerConfigKeys (ConfUtils.java:logGet(46)) - raft.server.retrycache.statistics.expirytime = 100μs (default)
2023-02-17 01:32:45,874 [pool-317-thread-1] INFO  server.RaftServerConfigKeys (ConfUtils.java:logGet(46)) - raft.server.log.appender.install.snapshot.enabled = false (custom)
2023-02-17 01:32:45,874 [pool-317-thread-1] INFO  server.RaftServerConfigKeys (ConfUtils.java:logGet(46)) - raft.server.threadpool.server.cached = true (default)
2023-02-17 01:32:45,874 [pool-317-thread-1] INFO  server.RaftServerConfigKeys (ConfUtils.java:logGet(46)) - raft.server.threadpool.server.size = 0 (default)
2023-02-17 01:32:45,874 [pool-317-thread-1] INFO  server.RaftServerConfigKeys (ConfUtils.java:logGet(46)) - raft.server.threadpool.client.cached = true (default)
2023-02-17 01:32:45,874 [pool-317-thread-1] INFO  server.RaftServerConfigKeys (ConfUtils.java:logGet(46)) - raft.server.threadpool.client.size = 0 (default)
2023-02-17 01:32:45,874 [pool-317-thread-1] INFO  storage.RaftStorageDirectory (RaftStorageDirectoryImpl.java:analyzeStorage(137)) - The storage directory /home/runner/work/ozone/ozone/hadoop-ozone/integration-test/target/test-dir/MiniOzoneClusterImpl-89702d93-5b91-44b6-9f2b-a559f3ead11e/datanode-2/data/ratis/a9b92907-a825-47be-a979-b5749ebdbfba does not exist. Creating ...
2023-02-17 01:32:45,875 [pool-317-thread-1] INFO  storage.RaftStorageDirectory (RaftStorageDirectoryImpl.java:tryLock(231)) - Lock on /home/runner/work/ozone/ozone/hadoop-ozone/integration-test/target/test-dir/MiniOzoneClusterImpl-89702d93-5b91-44b6-9f2b-a559f3ead11e/datanode-2/data/ratis/a9b92907-a825-47be-a979-b5749ebdbfba/in_use.lock acquired by nodename 65990@fv-az249-264
2023-02-17 01:32:45,877 [pool-317-thread-1] INFO  storage.RaftStorage (RaftStorageImpl.java:format(96)) - Storage directory /home/runner/work/ozone/ozone/hadoop-ozone/integration-test/target/test-dir/MiniOzoneClusterImpl-89702d93-5b91-44b6-9f2b-a559f3ead11e/datanode-2/data/ratis/a9b92907-a825-47be-a979-b5749ebdbfba has been successfully formatted.
2023-02-17 01:32:45,877 [pool-317-thread-1] INFO  ratis.ContainerStateMachine (ContainerStateMachine.java:loadSnapshot(240)) - group-B5749EBDBFBA: The snapshot info is null. Setting the last applied indexto:(t:0, i:~)
2023-02-17 01:32:45,877 [pool-317-thread-1] INFO  server.RaftServerConfigKeys (ConfUtils.java:logGet(46)) - raft.server.log.use.memory = false (default)
2023-02-17 01:32:45,877 [pool-317-thread-1] INFO  server.RaftServerConfigKeys (ConfUtils.java:logGet(46)) - raft.server.log.purge.gap = 1000000 (custom)
2023-02-17 01:32:45,877 [pool-317-thread-1] INFO  server.RaftServerConfigKeys (ConfUtils.java:logGet(46)) - raft.server.log.appender.buffer.byte-limit = 33554432 (custom)
2023-02-17 01:32:45,877 [pool-317-thread-1] INFO  server.RaftServerConfigKeys (ConfUtils.java:logGet(46)) - raft.server.log.statemachine.data.read.timeout = 1000ms (default)
2023-02-17 01:32:45,877 [pool-317-thread-1] INFO  server.RaftServerConfigKeys (ConfUtils.java:logGet(46)) - raft.server.log.purge.preservation.log.num = 0 (default)
2023-02-17 01:32:45,877 [pool-317-thread-1] INFO  server.RaftServerConfigKeys (ConfUtils.java:logGet(46)) - raft.server.log.segment.size.max = 1048576 (custom)
2023-02-17 01:32:45,878 [pool-317-thread-1] INFO  server.RaftServerConfigKeys (ConfUtils.java:logGet(46)) - raft.server.log.segment.cache.num.max = 2 (custom)
2023-02-17 01:32:45,878 [pool-317-thread-1] INFO  server.RaftServerConfigKeys (ConfUtils.java:logGet(46)) - raft.server.log.segment.cache.size.max = 200MB (=209715200) (default)
2023-02-17 01:32:45,878 [pool-317-thread-1] INFO  segmented.SegmentedRaftLogWorker (SegmentedRaftLogWorker.java:<init>(189)) - new 87f673cb-bc85-4117-8855-8087f234659e@group-B5749EBDBFBA-SegmentedRaftLogWorker for RaftStorageImpl:Storage Directory /home/runner/work/ozone/ozone/hadoop-ozone/integration-test/target/test-dir/MiniOzoneClusterImpl-89702d93-5b91-44b6-9f2b-a559f3ead11e/datanode-2/data/ratis/a9b92907-a825-47be-a979-b5749ebdbfba
2023-02-17 01:32:45,878 [pool-317-thread-1] INFO  server.RaftServerConfigKeys (ConfUtils.java:logGet(46)) - raft.server.log.queue.byte-limit = 4294967296 (custom)
2023-02-17 01:32:45,878 [pool-317-thread-1] INFO  server.RaftServerConfigKeys (ConfUtils.java:logGet(46)) - raft.server.log.queue.element-limit = 1024 (custom)
2023-02-17 01:32:45,879 [EventQueue-PipelineReportForPipelineReportHandler] INFO  pipeline.PipelineManagerImpl (PipelineManagerImpl.java:openPipeline(367)) - Pipeline Pipeline[ Id: a9b92907-a825-47be-a979-b5749ebdbfba, Nodes: 87f673cb-bc85-4117-8855-8087f234659e(fv-az249-264.ubt5suc3ufjutoeqyo4zsso0he.gx.internal.cloudapp.net/10.1.0.190), ReplicationConfig: RATIS/ONE, State:ALLOCATED, leaderId:87f673cb-bc85-4117-8855-8087f234659e, CreationTimestamp2023-02-17T01:32:42.873Z[Etc/UTC]] moved to OPEN state
2023-02-17 01:32:45,880 [pool-317-thread-1] INFO  server.RaftServerConfigKeys (ConfUtils.java:logGet(46)) - raft.server.log.segment.size.max = 1048576 (custom)
2023-02-17 01:32:45,880 [pool-317-thread-1] INFO  server.RaftServerConfigKeys (ConfUtils.java:logGet(46)) - raft.server.log.preallocated.size = 16384 (custom)
2023-02-17 01:32:45,880 [pool-317-thread-1] INFO  server.RaftServerConfigKeys (ConfUtils.java:logGet(46)) - raft.server.log.force.sync.num = 128 (default)
2023-02-17 01:32:45,880 [pool-317-thread-1] INFO  server.RaftServerConfigKeys (ConfUtils.java:logGet(46)) - raft.server.log.statemachine.data.sync = true (default)
2023-02-17 01:32:45,880 [pool-317-thread-1] INFO  server.RaftServerConfigKeys (ConfUtils.java:logGet(46)) - raft.server.log.statemachine.data.sync.timeout = 10s (default)
2023-02-17 01:32:45,880 [pool-317-thread-1] INFO  server.RaftServerConfigKeys (ConfUtils.java:logGet(46)) - raft.server.log.statemachine.data.sync.timeout.retry = -1 (default)
2023-02-17 01:32:45,880 [EventQueue-OpenPipelineForHealthyPipelineSafeModeRule] INFO  safemode.SCMSafeModeManager (HealthyPipelineSafeModeRule.java:process(137)) - SCM in safe mode. Healthy pipelines reported count is 0, required healthy pipeline reported count is 1
2023-02-17 01:32:45,881 [pool-317-thread-1] INFO  server.RaftServerConfigKeys (ConfUtils.java:logGet(46)) - raft.server.log.write.buffer.size = 1048576 (custom)
2023-02-17 01:32:45,881 [pool-317-thread-1] INFO  server.RaftServerConfigKeys (ConfUtils.java:logGet(46)) - raft.server.log.appender.buffer.byte-limit = 33554432 (custom)
2023-02-17 01:32:45,884 [pool-317-thread-1] INFO  server.RaftServerConfigKeys (ConfUtils.java:logGet(46)) - raft.server.log.unsafe-flush.enabled = false (default)
2023-02-17 01:32:45,884 [pool-317-thread-1] INFO  server.RaftServerConfigKeys (ConfUtils.java:logGet(46)) - raft.server.log.async-flush.enabled = false (default)
2023-02-17 01:32:45,885 [pool-317-thread-1] INFO  server.RaftServerConfigKeys (ConfUtils.java:logGet(46)) - raft.server.log.statemachine.data.caching.enabled = true (custom)
2023-02-17 01:32:45,885 [pool-317-thread-1] INFO  segmented.SegmentedRaftLogWorker (SegmentedRaftLogWorker.java:lambda$new$0(135)) - 87f673cb-bc85-4117-8855-8087f234659e@group-B5749EBDBFBA-SegmentedRaftLogWorker: flushIndex: setUnconditionally 0 -> -1
2023-02-17 01:32:45,885 [pool-317-thread-1] INFO  segmented.SegmentedRaftLogWorker (SegmentedRaftLogWorker.java:lambda$new$0(135)) - 87f673cb-bc85-4117-8855-8087f234659e@group-B5749EBDBFBA-SegmentedRaftLogWorker: safeCacheEvictIndex: setUnconditionally 0 -> -1
2023-02-17 01:32:45,886 [pool-317-thread-1] INFO  server.RaftServer$Division (RaftServerImpl.java:start(334)) - 87f673cb-bc85-4117-8855-8087f234659e@group-B5749EBDBFBA: start as a follower, conf=-1: peers:[87f673cb-bc85-4117-8855-8087f234659e|rpc:10.1.0.190:44783|dataStream:10.1.0.190:42939|priority:1|startupRole:FOLLOWER]|listeners:[], old=null
2023-02-17 01:32:45,886 [pool-317-thread-1] INFO  server.RaftServer$Division (RaftServerImpl.java:setRole(321)) - 87f673cb-bc85-4117-8855-8087f234659e@group-B5749EBDBFBA: changes role from      null to FOLLOWER at term 0 for startAsFollower
2023-02-17 01:32:45,886 [pool-317-thread-1] INFO  impl.RoleInfo (RoleInfo.java:updateAndGet(139)) - 87f673cb-bc85-4117-8855-8087f234659e: start 87f673cb-bc85-4117-8855-8087f234659e@group-B5749EBDBFBA-FollowerState
2023-02-17 01:32:45,886 [pool-317-thread-1] INFO  util.JmxRegister (JmxRegister.java:tryRegister(44)) - Successfully registered JMX Bean with object name Ratis:service=RaftServer,group=group-B5749EBDBFBA,id=87f673cb-bc85-4117-8855-8087f234659e
2023-02-17 01:32:45,886 [pool-317-thread-1] INFO  server.RaftServerConfigKeys (ConfUtils.java:logGet(46)) - raft.server.snapshot.auto.trigger.enabled = true (custom)
2023-02-17 01:32:45,887 [pool-317-thread-1] INFO  server.RaftServerConfigKeys (ConfUtils.java:logGet(46)) - raft.server.snapshot.auto.trigger.threshold = 10000 (custom)
2023-02-17 01:32:45,887 [pool-317-thread-1] INFO  server.RaftServerConfigKeys (ConfUtils.java:logGet(46)) - raft.server.snapshot.retention.file.num = 5 (custom)
2023-02-17 01:32:45,887 [pool-317-thread-1] INFO  server.RaftServerConfigKeys (ConfUtils.java:logGet(46)) - raft.server.log.purge.upto.snapshot.index = false (default)
2023-02-17 01:32:45,887 [87f673cb-bc85-4117-8855-8087f234659e@group-B5749EBDBFBA-FollowerState] INFO  server.RaftServerConfigKeys (ConfUtils.java:logFallback(53)) - raft.server.rpc.first-election.timeout.min = 5s (fallback to raft.server.rpc.timeout.min)
2023-02-17 01:32:45,887 [Command processor thread] INFO  ratis.XceiverServerRatis (XceiverServerRatis.java:addGroup(807)) - Created group PipelineID=a9b92907-a825-47be-a979-b5749ebdbfba
2023-02-17 01:32:45,887 [Command processor thread] INFO  commandhandler.CreatePipelineCommandHandler (CreatePipelineCommandHandler.java:handle(113)) - Created Pipeline RATIS ONE PipelineID=a9b92907-a825-47be-a979-b5749ebdbfba.
2023-02-17 01:32:45,887 [87f673cb-bc85-4117-8855-8087f234659e@group-B5749EBDBFBA-FollowerState] INFO  server.RaftServerConfigKeys (ConfUtils.java:logFallback(53)) - raft.server.rpc.first-election.timeout.max = 5200ms (fallback to raft.server.rpc.timeout.max)
2023-02-17 01:32:46,233 [Command processor thread] INFO  server.RaftServer (RaftServerProxy.java:addNew(96)) - 8cde0c14-0821-4c97-8217-69da976cfafe: addNew group-67B9D14921CF:[8cde0c14-0821-4c97-8217-69da976cfafe|rpc:10.1.0.190:33245|dataStream:10.1.0.190:35959|priority:1|startupRole:FOLLOWER] returns group-67B9D14921CF:java.util.concurrent.CompletableFuture@2d7c062f[Not completed]
2023-02-17 01:32:46,235 [pool-339-thread-1] INFO  server.RaftServer$Division (RaftServerImpl.java:<init>(195)) - 8cde0c14-0821-4c97-8217-69da976cfafe: new RaftServerImpl for group-67B9D14921CF:[8cde0c14-0821-4c97-8217-69da976cfafe|rpc:10.1.0.190:33245|dataStream:10.1.0.190:35959|priority:1|startupRole:FOLLOWER] with ContainerStateMachine:uninitialized
2023-02-17 01:32:46,235 [pool-339-thread-1] INFO  server.RaftServerConfigKeys (ConfUtils.java:logGet(46)) - raft.server.rpc.timeout.min = 5s (custom)
2023-02-17 01:32:46,235 [pool-339-thread-1] INFO  server.RaftServerConfigKeys (ConfUtils.java:logGet(46)) - raft.server.rpc.timeout.max = 5200ms (custom)
2023-02-17 01:32:46,235 [pool-339-thread-1] INFO  server.RaftServerConfigKeys (ConfUtils.java:logGet(46)) - raft.server.rpc.sleep.time = 25ms (default)
2023-02-17 01:32:46,235 [pool-339-thread-1] INFO  server.RaftServerConfigKeys (ConfUtils.java:logGet(46)) - raft.server.rpc.slowness.timeout = 300000ms (custom)
2023-02-17 01:32:46,235 [pool-339-thread-1] INFO  server.RaftServerConfigKeys (ConfUtils.java:logGet(46)) - raft.server.leaderelection.leader.step-down.wait-time = 10s (default)
2023-02-17 01:32:46,236 [pool-339-thread-1] INFO  server.RaftServerConfigKeys (ConfUtils.java:logGet(46)) - raft.server.sleep.deviation.threshold = 300ms (default)
2023-02-17 01:32:46,236 [pool-339-thread-1] INFO  server.RaftServer$Division (ServerState.java:<init>(118)) - 8cde0c14-0821-4c97-8217-69da976cfafe@group-67B9D14921CF: ConfigurationManager, init=-1: peers:[8cde0c14-0821-4c97-8217-69da976cfafe|rpc:10.1.0.190:33245|dataStream:10.1.0.190:35959|priority:1|startupRole:FOLLOWER]|listeners:[], old=null, confs=<EMPTY_MAP>
2023-02-17 01:32:46,236 [pool-339-thread-1] INFO  server.RaftServerConfigKeys (ConfUtils.java:logGet(46)) - raft.server.storage.dir = [/home/runner/work/ozone/ozone/hadoop-ozone/integration-test/target/test-dir/MiniOzoneClusterImpl-89702d93-5b91-44b6-9f2b-a559f3ead11e/datanode-3/data/ratis] (custom)
2023-02-17 01:32:46,236 [pool-339-thread-1] INFO  server.RaftServerConfigKeys (ConfUtils.java:logGet(46)) - raft.server.log.corruption.policy = EXCEPTION (default)
2023-02-17 01:32:46,236 [pool-339-thread-1] INFO  server.RaftServerConfigKeys (ConfUtils.java:logGet(46)) - raft.server.storage.free-space.min = 0MB (=0) (default)
2023-02-17 01:32:46,236 [pool-339-thread-1] INFO  server.RaftServerConfigKeys (ConfUtils.java:logGet(46)) - raft.server.notification.no-leader.timeout = 300000ms (custom)
2023-02-17 01:32:46,236 [pool-339-thread-1] INFO  server.RaftServerConfigKeys (ConfUtils.java:logGet(46)) - raft.server.retrycache.expirytime = 600000ms (custom)
2023-02-17 01:32:46,236 [pool-339-thread-1] INFO  server.RaftServerConfigKeys (ConfUtils.java:logGet(46)) - raft.server.retrycache.statistics.expirytime = 100μs (default)
2023-02-17 01:32:46,237 [pool-339-thread-1] INFO  server.RaftServerConfigKeys (ConfUtils.java:logGet(46)) - raft.server.log.appender.install.snapshot.enabled = false (custom)
2023-02-17 01:32:46,237 [pool-339-thread-1] INFO  server.RaftServerConfigKeys (ConfUtils.java:logGet(46)) - raft.server.threadpool.server.cached = true (default)
2023-02-17 01:32:46,237 [pool-339-thread-1] INFO  server.RaftServerConfigKeys (ConfUtils.java:logGet(46)) - raft.server.threadpool.server.size = 0 (default)
2023-02-17 01:32:46,237 [pool-339-thread-1] INFO  server.RaftServerConfigKeys (ConfUtils.java:logGet(46)) - raft.server.threadpool.client.cached = true (default)
2023-02-17 01:32:46,237 [pool-339-thread-1] INFO  server.RaftServerConfigKeys (ConfUtils.java:logGet(46)) - raft.server.threadpool.client.size = 0 (default)
2023-02-17 01:32:46,237 [pool-339-thread-1] INFO  storage.RaftStorageDirectory (RaftStorageDirectoryImpl.java:analyzeStorage(137)) - The storage directory /home/runner/work/ozone/ozone/hadoop-ozone/integration-test/target/test-dir/MiniOzoneClusterImpl-89702d93-5b91-44b6-9f2b-a559f3ead11e/datanode-3/data/ratis/6375dc5e-5816-4542-a68b-67b9d14921cf does not exist. Creating ...
2023-02-17 01:32:46,238 [pool-339-thread-1] INFO  storage.RaftStorageDirectory (RaftStorageDirectoryImpl.java:tryLock(231)) - Lock on /home/runner/work/ozone/ozone/hadoop-ozone/integration-test/target/test-dir/MiniOzoneClusterImpl-89702d93-5b91-44b6-9f2b-a559f3ead11e/datanode-3/data/ratis/6375dc5e-5816-4542-a68b-67b9d14921cf/in_use.lock acquired by nodename 65990@fv-az249-264
2023-02-17 01:32:46,240 [pool-339-thread-1] INFO  storage.RaftStorage (RaftStorageImpl.java:format(96)) - Storage directory /home/runner/work/ozone/ozone/hadoop-ozone/integration-test/target/test-dir/MiniOzoneClusterImpl-89702d93-5b91-44b6-9f2b-a559f3ead11e/datanode-3/data/ratis/6375dc5e-5816-4542-a68b-67b9d14921cf has been successfully formatted.
2023-02-17 01:32:46,241 [pool-339-thread-1] INFO  ratis.ContainerStateMachine (ContainerStateMachine.java:loadSnapshot(240)) - group-67B9D14921CF: The snapshot info is null. Setting the last applied indexto:(t:0, i:~)
2023-02-17 01:32:46,241 [pool-339-thread-1] INFO  server.RaftServerConfigKeys (ConfUtils.java:logGet(46)) - raft.server.log.use.memory = false (default)
2023-02-17 01:32:46,241 [pool-339-thread-1] INFO  server.RaftServerConfigKeys (ConfUtils.java:logGet(46)) - raft.server.log.purge.gap = 1000000 (custom)
2023-02-17 01:32:46,241 [pool-339-thread-1] INFO  server.RaftServerConfigKeys (ConfUtils.java:logGet(46)) - raft.server.log.appender.buffer.byte-limit = 33554432 (custom)
2023-02-17 01:32:46,241 [pool-339-thread-1] INFO  server.RaftServerConfigKeys (ConfUtils.java:logGet(46)) - raft.server.log.statemachine.data.read.timeout = 1000ms (default)
2023-02-17 01:32:46,241 [pool-339-thread-1] INFO  server.RaftServerConfigKeys (ConfUtils.java:logGet(46)) - raft.server.log.purge.preservation.log.num = 0 (default)
2023-02-17 01:32:46,241 [pool-339-thread-1] INFO  server.RaftServerConfigKeys (ConfUtils.java:logGet(46)) - raft.server.log.segment.size.max = 1048576 (custom)
2023-02-17 01:32:46,242 [pool-339-thread-1] INFO  server.RaftServerConfigKeys (ConfUtils.java:logGet(46)) - raft.server.log.segment.cache.num.max = 2 (custom)
2023-02-17 01:32:46,242 [pool-339-thread-1] INFO  server.RaftServerConfigKeys (ConfUtils.java:logGet(46)) - raft.server.log.segment.cache.size.max = 200MB (=209715200) (default)
2023-02-17 01:32:46,242 [pool-339-thread-1] INFO  segmented.SegmentedRaftLogWorker (SegmentedRaftLogWorker.java:<init>(189)) - new 8cde0c14-0821-4c97-8217-69da976cfafe@group-67B9D14921CF-SegmentedRaftLogWorker for RaftStorageImpl:Storage Directory /home/runner/work/ozone/ozone/hadoop-ozone/integration-test/target/test-dir/MiniOzoneClusterImpl-89702d93-5b91-44b6-9f2b-a559f3ead11e/datanode-3/data/ratis/6375dc5e-5816-4542-a68b-67b9d14921cf
2023-02-17 01:32:46,242 [pool-339-thread-1] INFO  server.RaftServerConfigKeys (ConfUtils.java:logGet(46)) - raft.server.log.queue.byte-limit = 4294967296 (custom)
2023-02-17 01:32:46,242 [pool-339-thread-1] INFO  server.RaftServerConfigKeys (ConfUtils.java:logGet(46)) - raft.server.log.queue.element-limit = 1024 (custom)
2023-02-17 01:32:46,242 [pool-339-thread-1] INFO  server.RaftServerConfigKeys (ConfUtils.java:logGet(46)) - raft.server.log.segment.size.max = 1048576 (custom)
2023-02-17 01:32:46,242 [pool-339-thread-1] INFO  server.RaftServerConfigKeys (ConfUtils.java:logGet(46)) - raft.server.log.preallocated.size = 16384 (custom)
2023-02-17 01:32:46,242 [pool-339-thread-1] INFO  server.RaftServerConfigKeys (ConfUtils.java:logGet(46)) - raft.server.log.force.sync.num = 128 (default)
2023-02-17 01:32:46,242 [pool-339-thread-1] INFO  server.RaftServerConfigKeys (ConfUtils.java:logGet(46)) - raft.server.log.statemachine.data.sync = true (default)
2023-02-17 01:32:46,242 [pool-339-thread-1] INFO  server.RaftServerConfigKeys (ConfUtils.java:logGet(46)) - raft.server.log.statemachine.data.sync.timeout = 10s (default)
2023-02-17 01:32:46,242 [pool-339-thread-1] INFO  server.RaftServerConfigKeys (ConfUtils.java:logGet(46)) - raft.server.log.statemachine.data.sync.timeout.retry = -1 (default)
2023-02-17 01:32:46,243 [pool-339-thread-1] INFO  server.RaftServerConfigKeys (ConfUtils.java:logGet(46)) - raft.server.log.write.buffer.size = 1048576 (custom)
2023-02-17 01:32:46,243 [pool-339-thread-1] INFO  server.RaftServerConfigKeys (ConfUtils.java:logGet(46)) - raft.server.log.appender.buffer.byte-limit = 33554432 (custom)
2023-02-17 01:32:46,510 [JvmPauseMonitor9] WARN  util.JvmPauseMonitor (JvmPauseMonitor.java:detectPause(126)) - JvmPauseMonitor-87f673cb-bc85-4117-8855-8087f234659e: Detected pause in JVM or host machine (eg GC): pause of approximately 101058657ns.
GC pool 'PS MarkSweep' had collection(s): count=1 time=182ms
GC pool 'PS Scavenge' had collection(s): count=1 time=79ms
2023-02-17 01:32:46,512 [JvmPauseMonitor10] WARN  util.JvmPauseMonitor (JvmPauseMonitor.java:detectPause(126)) - JvmPauseMonitor-8cde0c14-0821-4c97-8217-69da976cfafe: Detected pause in JVM or host machine (eg GC): pause of approximately 247306840ns.
GC pool 'PS MarkSweep' had collection(s): count=1 time=182ms
GC pool 'PS Scavenge' had collection(s): count=1 time=79ms
2023-02-17 01:32:46,517 [pool-339-thread-1] INFO  server.RaftServerConfigKeys (ConfUtils.java:logGet(46)) - raft.server.log.unsafe-flush.enabled = false (default)
2023-02-17 01:32:46,517 [pool-339-thread-1] INFO  server.RaftServerConfigKeys (ConfUtils.java:logGet(46)) - raft.server.log.async-flush.enabled = false (default)
2023-02-17 01:32:46,517 [pool-339-thread-1] INFO  server.RaftServerConfigKeys (ConfUtils.java:logGet(46)) - raft.server.log.statemachine.data.caching.enabled = true (custom)
2023-02-17 01:32:46,517 [pool-339-thread-1] INFO  segmented.SegmentedRaftLogWorker (SegmentedRaftLogWorker.java:lambda$new$0(135)) - 8cde0c14-0821-4c97-8217-69da976cfafe@group-67B9D14921CF-SegmentedRaftLogWorker: flushIndex: setUnconditionally 0 -> -1
2023-02-17 01:32:46,518 [pool-339-thread-1] INFO  segmented.SegmentedRaftLogWorker (SegmentedRaftLogWorker.java:lambda$new$0(135)) - 8cde0c14-0821-4c97-8217-69da976cfafe@group-67B9D14921CF-SegmentedRaftLogWorker: safeCacheEvictIndex: setUnconditionally 0 -> -1
2023-02-17 01:32:46,518 [pool-339-thread-1] INFO  server.RaftServer$Division (RaftServerImpl.java:start(334)) - 8cde0c14-0821-4c97-8217-69da976cfafe@group-67B9D14921CF: start as a follower, conf=-1: peers:[8cde0c14-0821-4c97-8217-69da976cfafe|rpc:10.1.0.190:33245|dataStream:10.1.0.190:35959|priority:1|startupRole:FOLLOWER]|listeners:[], old=null
2023-02-17 01:32:46,518 [EventQueue-PipelineReportForPipelineReportHandler] INFO  pipeline.PipelineManagerImpl (PipelineManagerImpl.java:openPipeline(367)) - Pipeline Pipeline[ Id: 6375dc5e-5816-4542-a68b-67b9d14921cf, Nodes: 8cde0c14-0821-4c97-8217-69da976cfafe(fv-az249-264.ubt5suc3ufjutoeqyo4zsso0he.gx.internal.cloudapp.net/10.1.0.190), ReplicationConfig: RATIS/ONE, State:ALLOCATED, leaderId:8cde0c14-0821-4c97-8217-69da976cfafe, CreationTimestamp2023-02-17T01:32:43.234Z[Etc/UTC]] moved to OPEN state
2023-02-17 01:32:46,518 [pool-339-thread-1] INFO  server.RaftServer$Division (RaftServerImpl.java:setRole(321)) - 8cde0c14-0821-4c97-8217-69da976cfafe@group-67B9D14921CF: changes role from      null to FOLLOWER at term 0 for startAsFollower
2023-02-17 01:32:46,518 [pool-339-thread-1] INFO  impl.RoleInfo (RoleInfo.java:updateAndGet(139)) - 8cde0c14-0821-4c97-8217-69da976cfafe: start 8cde0c14-0821-4c97-8217-69da976cfafe@group-67B9D14921CF-FollowerState
2023-02-17 01:32:46,518 [pool-339-thread-1] INFO  util.JmxRegister (JmxRegister.java:tryRegister(44)) - Successfully registered JMX Bean with object name Ratis:service=RaftServer,group=group-67B9D14921CF,id=8cde0c14-0821-4c97-8217-69da976cfafe
2023-02-17 01:32:46,518 [pool-339-thread-1] INFO  server.RaftServerConfigKeys (ConfUtils.java:logGet(46)) - raft.server.snapshot.auto.trigger.enabled = true (custom)
2023-02-17 01:32:46,518 [pool-339-thread-1] INFO  server.RaftServerConfigKeys (ConfUtils.java:logGet(46)) - raft.server.snapshot.auto.trigger.threshold = 10000 (custom)
2023-02-17 01:32:46,518 [pool-339-thread-1] INFO  server.RaftServerConfigKeys (ConfUtils.java:logGet(46)) - raft.server.snapshot.retention.file.num = 5 (custom)
2023-02-17 01:32:46,519 [pool-339-thread-1] INFO  server.RaftServerConfigKeys (ConfUtils.java:logGet(46)) - raft.server.log.purge.upto.snapshot.index = false (default)
2023-02-17 01:32:46,519 [EventQueue-OpenPipelineForHealthyPipelineSafeModeRule] INFO  safemode.SCMSafeModeManager (HealthyPipelineSafeModeRule.java:process(137)) - SCM in safe mode. Healthy pipelines reported count is 0, required healthy pipeline reported count is 1
2023-02-17 01:32:46,521 [8cde0c14-0821-4c97-8217-69da976cfafe@group-67B9D14921CF-FollowerState] INFO  server.RaftServerConfigKeys (ConfUtils.java:logFallback(53)) - raft.server.rpc.first-election.timeout.min = 5s (fallback to raft.server.rpc.timeout.min)
2023-02-17 01:32:46,521 [8cde0c14-0821-4c97-8217-69da976cfafe@group-67B9D14921CF-FollowerState] INFO  server.RaftServerConfigKeys (ConfUtils.java:logFallback(53)) - raft.server.rpc.first-election.timeout.max = 5200ms (fallback to raft.server.rpc.timeout.max)
2023-02-17 01:32:46,531 [Command processor thread] INFO  ratis.XceiverServerRatis (XceiverServerRatis.java:addGroup(807)) - Created group PipelineID=6375dc5e-5816-4542-a68b-67b9d14921cf
2023-02-17 01:32:46,531 [Command processor thread] INFO  commandhandler.CreatePipelineCommandHandler (CreatePipelineCommandHandler.java:handle(113)) - Created Pipeline RATIS ONE PipelineID=6375dc5e-5816-4542-a68b-67b9d14921cf.
2023-02-17 01:32:46,585 [Listener at 127.0.0.1/33393] INFO  ozone.MiniOzoneClusterImpl (MiniOzoneClusterImpl.java:lambda$waitForClusterToBeReady$0(218)) - Nodes are ready. Got 5 of 5 DN Heartbeats.
2023-02-17 01:32:46,585 [Listener at 127.0.0.1/33393] INFO  ozone.MiniOzoneClusterImpl (MiniOzoneClusterImpl.java:lambda$waitForClusterToBeReady$0(221)) - Waiting for cluster to exit safe mode
2023-02-17 01:32:46,586 [Listener at 127.0.0.1/33393] INFO  ozone.MiniOzoneClusterImpl (MiniOzoneClusterImpl.java:lambda$waitForClusterToBeReady$0(223)) - SCM became leader
2023-02-17 01:32:46,596 [Command processor thread] INFO  server.RaftServer (RaftServerProxy.java:addNew(96)) - e3571a67-d8a4-45a2-97d0-612fce96ab5f: addNew group-2DAE7BD82728:[e3571a67-d8a4-45a2-97d0-612fce96ab5f|rpc:10.1.0.190:37977|dataStream:10.1.0.190:33401|priority:1|startupRole:FOLLOWER] returns group-2DAE7BD82728:java.util.concurrent.CompletableFuture@66533a38[Not completed]
2023-02-17 01:32:46,598 [pool-361-thread-1] INFO  server.RaftServer$Division (RaftServerImpl.java:<init>(195)) - e3571a67-d8a4-45a2-97d0-612fce96ab5f: new RaftServerImpl for group-2DAE7BD82728:[e3571a67-d8a4-45a2-97d0-612fce96ab5f|rpc:10.1.0.190:37977|dataStream:10.1.0.190:33401|priority:1|startupRole:FOLLOWER] with ContainerStateMachine:uninitialized
2023-02-17 01:32:46,598 [pool-361-thread-1] INFO  server.RaftServerConfigKeys (ConfUtils.java:logGet(46)) - raft.server.rpc.timeout.min = 5s (custom)
2023-02-17 01:32:46,599 [pool-361-thread-1] INFO  server.RaftServerConfigKeys (ConfUtils.java:logGet(46)) - raft.server.rpc.timeout.max = 5200ms (custom)
2023-02-17 01:32:46,599 [pool-361-thread-1] INFO  server.RaftServerConfigKeys (ConfUtils.java:logGet(46)) - raft.server.rpc.sleep.time = 25ms (default)
2023-02-17 01:32:46,599 [pool-361-thread-1] INFO  server.RaftServerConfigKeys (ConfUtils.java:logGet(46)) - raft.server.rpc.slowness.timeout = 300000ms (custom)
2023-02-17 01:32:46,599 [pool-361-thread-1] INFO  server.RaftServerConfigKeys (ConfUtils.java:logGet(46)) - raft.server.leaderelection.leader.step-down.wait-time = 10s (default)
2023-02-17 01:32:46,599 [pool-361-thread-1] INFO  server.RaftServerConfigKeys (ConfUtils.java:logGet(46)) - raft.server.sleep.deviation.threshold = 300ms (default)
2023-02-17 01:32:46,599 [pool-361-thread-1] INFO  server.RaftServer$Division (ServerState.java:<init>(118)) - e3571a67-d8a4-45a2-97d0-612fce96ab5f@group-2DAE7BD82728: ConfigurationManager, init=-1: peers:[e3571a67-d8a4-45a2-97d0-612fce96ab5f|rpc:10.1.0.190:37977|dataStream:10.1.0.190:33401|priority:1|startupRole:FOLLOWER]|listeners:[], old=null, confs=<EMPTY_MAP>
2023-02-17 01:32:46,599 [pool-361-thread-1] INFO  server.RaftServerConfigKeys (ConfUtils.java:logGet(46)) - raft.server.storage.dir = [/home/runner/work/ozone/ozone/hadoop-ozone/integration-test/target/test-dir/MiniOzoneClusterImpl-89702d93-5b91-44b6-9f2b-a559f3ead11e/datanode-4/data/ratis] (custom)
2023-02-17 01:32:46,599 [pool-361-thread-1] INFO  server.RaftServerConfigKeys (ConfUtils.java:logGet(46)) - raft.server.log.corruption.policy = EXCEPTION (default)
2023-02-17 01:32:46,599 [pool-361-thread-1] INFO  server.RaftServerConfigKeys (ConfUtils.java:logGet(46)) - raft.server.storage.free-space.min = 0MB (=0) (default)
2023-02-17 01:32:46,599 [pool-361-thread-1] INFO  server.RaftServerConfigKeys (ConfUtils.java:logGet(46)) - raft.server.notification.no-leader.timeout = 300000ms (custom)
2023-02-17 01:32:46,599 [pool-361-thread-1] INFO  server.RaftServerConfigKeys (ConfUtils.java:logGet(46)) - raft.server.retrycache.expirytime = 600000ms (custom)
2023-02-17 01:32:46,599 [pool-361-thread-1] INFO  server.RaftServerConfigKeys (ConfUtils.java:logGet(46)) - raft.server.retrycache.statistics.expirytime = 100μs (default)
2023-02-17 01:32:46,600 [pool-361-thread-1] INFO  server.RaftServerConfigKeys (ConfUtils.java:logGet(46)) - raft.server.log.appender.install.snapshot.enabled = false (custom)
2023-02-17 01:32:46,600 [pool-361-thread-1] INFO  server.RaftServerConfigKeys (ConfUtils.java:logGet(46)) - raft.server.threadpool.server.cached = true (default)
2023-02-17 01:32:46,600 [pool-361-thread-1] INFO  server.RaftServerConfigKeys (ConfUtils.java:logGet(46)) - raft.server.threadpool.server.size = 0 (default)
2023-02-17 01:32:46,600 [pool-361-thread-1] INFO  server.RaftServerConfigKeys (ConfUtils.java:logGet(46)) - raft.server.threadpool.client.cached = true (default)
2023-02-17 01:32:46,600 [pool-361-thread-1] INFO  server.RaftServerConfigKeys (ConfUtils.java:logGet(46)) - raft.server.threadpool.client.size = 0 (default)
2023-02-17 01:32:46,600 [pool-361-thread-1] INFO  storage.RaftStorageDirectory (RaftStorageDirectoryImpl.java:analyzeStorage(137)) - The storage directory /home/runner/work/ozone/ozone/hadoop-ozone/integration-test/target/test-dir/MiniOzoneClusterImpl-89702d93-5b91-44b6-9f2b-a559f3ead11e/datanode-4/data/ratis/43d39d45-8017-4596-af55-2dae7bd82728 does not exist. Creating ...
2023-02-17 01:32:46,602 [pool-361-thread-1] INFO  storage.RaftStorageDirectory (RaftStorageDirectoryImpl.java:tryLock(231)) - Lock on /home/runner/work/ozone/ozone/hadoop-ozone/integration-test/target/test-dir/MiniOzoneClusterImpl-89702d93-5b91-44b6-9f2b-a559f3ead11e/datanode-4/data/ratis/43d39d45-8017-4596-af55-2dae7bd82728/in_use.lock acquired by nodename 65990@fv-az249-264
2023-02-17 01:32:46,603 [pool-361-thread-1] INFO  storage.RaftStorage (RaftStorageImpl.java:format(96)) - Storage directory /home/runner/work/ozone/ozone/hadoop-ozone/integration-test/target/test-dir/MiniOzoneClusterImpl-89702d93-5b91-44b6-9f2b-a559f3ead11e/datanode-4/data/ratis/43d39d45-8017-4596-af55-2dae7bd82728 has been successfully formatted.
2023-02-17 01:32:46,604 [pool-361-thread-1] INFO  ratis.ContainerStateMachine (ContainerStateMachine.java:loadSnapshot(240)) - group-2DAE7BD82728: The snapshot info is null. Setting the last applied indexto:(t:0, i:~)
2023-02-17 01:32:46,604 [pool-361-thread-1] INFO  server.RaftServerConfigKeys (ConfUtils.java:logGet(46)) - raft.server.log.use.memory = false (default)
2023-02-17 01:32:46,604 [pool-361-thread-1] INFO  server.RaftServerConfigKeys (ConfUtils.java:logGet(46)) - raft.server.log.purge.gap = 1000000 (custom)
2023-02-17 01:32:46,605 [pool-361-thread-1] INFO  server.RaftServerConfigKeys (ConfUtils.java:logGet(46)) - raft.server.log.appender.buffer.byte-limit = 33554432 (custom)
2023-02-17 01:32:46,605 [pool-361-thread-1] INFO  server.RaftServerConfigKeys (ConfUtils.java:logGet(46)) - raft.server.log.statemachine.data.read.timeout = 1000ms (default)
2023-02-17 01:32:46,605 [pool-361-thread-1] INFO  server.RaftServerConfigKeys (ConfUtils.java:logGet(46)) - raft.server.log.purge.preservation.log.num = 0 (default)
2023-02-17 01:32:46,605 [pool-361-thread-1] INFO  server.RaftServerConfigKeys (ConfUtils.java:logGet(46)) - raft.server.log.segment.size.max = 1048576 (custom)
2023-02-17 01:32:46,605 [pool-361-thread-1] INFO  server.RaftServerConfigKeys (ConfUtils.java:logGet(46)) - raft.server.log.segment.cache.num.max = 2 (custom)
2023-02-17 01:32:46,605 [pool-361-thread-1] INFO  server.RaftServerConfigKeys (ConfUtils.java:logGet(46)) - raft.server.log.segment.cache.size.max = 200MB (=209715200) (default)
2023-02-17 01:32:46,605 [pool-361-thread-1] INFO  segmented.SegmentedRaftLogWorker (SegmentedRaftLogWorker.java:<init>(189)) - new e3571a67-d8a4-45a2-97d0-612fce96ab5f@group-2DAE7BD82728-SegmentedRaftLogWorker for RaftStorageImpl:Storage Directory /home/runner/work/ozone/ozone/hadoop-ozone/integration-test/target/test-dir/MiniOzoneClusterImpl-89702d93-5b91-44b6-9f2b-a559f3ead11e/datanode-4/data/ratis/43d39d45-8017-4596-af55-2dae7bd82728
2023-02-17 01:32:46,606 [pool-361-thread-1] INFO  server.RaftServerConfigKeys (ConfUtils.java:logGet(46)) - raft.server.log.queue.byte-limit = 4294967296 (custom)
2023-02-17 01:32:46,606 [pool-361-thread-1] INFO  server.RaftServerConfigKeys (ConfUtils.java:logGet(46)) - raft.server.log.queue.element-limit = 1024 (custom)
2023-02-17 01:32:46,606 [pool-361-thread-1] INFO  server.RaftServerConfigKeys (ConfUtils.java:logGet(46)) - raft.server.log.segment.size.max = 1048576 (custom)
2023-02-17 01:32:46,606 [EventQueue-PipelineReportForPipelineReportHandler] INFO  pipeline.PipelineManagerImpl (PipelineManagerImpl.java:openPipeline(367)) - Pipeline Pipeline[ Id: 43d39d45-8017-4596-af55-2dae7bd82728, Nodes: e3571a67-d8a4-45a2-97d0-612fce96ab5f(fv-az249-264.ubt5suc3ufjutoeqyo4zsso0he.gx.internal.cloudapp.net/10.1.0.190), ReplicationConfig: RATIS/ONE, State:ALLOCATED, leaderId:e3571a67-d8a4-45a2-97d0-612fce96ab5f, CreationTimestamp2023-02-17T01:32:43.596Z[Etc/UTC]] moved to OPEN state
2023-02-17 01:32:46,606 [pool-361-thread-1] INFO  server.RaftServerConfigKeys (ConfUtils.java:logGet(46)) - raft.server.log.preallocated.size = 16384 (custom)
2023-02-17 01:32:46,606 [pool-361-thread-1] INFO  server.RaftServerConfigKeys (ConfUtils.java:logGet(46)) - raft.server.log.force.sync.num = 128 (default)
2023-02-17 01:32:46,606 [pool-361-thread-1] INFO  server.RaftServerConfigKeys (ConfUtils.java:logGet(46)) - raft.server.log.statemachine.data.sync = true (default)
2023-02-17 01:32:46,606 [pool-361-thread-1] INFO  server.RaftServerConfigKeys (ConfUtils.java:logGet(46)) - raft.server.log.statemachine.data.sync.timeout = 10s (default)
2023-02-17 01:32:46,606 [pool-361-thread-1] INFO  server.RaftServerConfigKeys (ConfUtils.java:logGet(46)) - raft.server.log.statemachine.data.sync.timeout.retry = -1 (default)
2023-02-17 01:32:46,606 [EventQueue-OpenPipelineForHealthyPipelineSafeModeRule] INFO  safemode.SCMSafeModeManager (HealthyPipelineSafeModeRule.java:process(137)) - SCM in safe mode. Healthy pipelines reported count is 0, required healthy pipeline reported count is 1
2023-02-17 01:32:46,607 [pool-361-thread-1] INFO  server.RaftServerConfigKeys (ConfUtils.java:logGet(46)) - raft.server.log.write.buffer.size = 1048576 (custom)
2023-02-17 01:32:46,608 [pool-361-thread-1] INFO  server.RaftServerConfigKeys (ConfUtils.java:logGet(46)) - raft.server.log.appender.buffer.byte-limit = 33554432 (custom)
2023-02-17 01:32:46,611 [pool-361-thread-1] INFO  server.RaftServerConfigKeys (ConfUtils.java:logGet(46)) - raft.server.log.unsafe-flush.enabled = false (default)
2023-02-17 01:32:46,611 [pool-361-thread-1] INFO  server.RaftServerConfigKeys (ConfUtils.java:logGet(46)) - raft.server.log.async-flush.enabled = false (default)
2023-02-17 01:32:46,611 [pool-361-thread-1] INFO  server.RaftServerConfigKeys (ConfUtils.java:logGet(46)) - raft.server.log.statemachine.data.caching.enabled = true (custom)
2023-02-17 01:32:46,612 [pool-361-thread-1] INFO  segmented.SegmentedRaftLogWorker (SegmentedRaftLogWorker.java:lambda$new$0(135)) - e3571a67-d8a4-45a2-97d0-612fce96ab5f@group-2DAE7BD82728-SegmentedRaftLogWorker: flushIndex: setUnconditionally 0 -> -1
2023-02-17 01:32:46,612 [pool-361-thread-1] INFO  segmented.SegmentedRaftLogWorker (SegmentedRaftLogWorker.java:lambda$new$0(135)) - e3571a67-d8a4-45a2-97d0-612fce96ab5f@group-2DAE7BD82728-SegmentedRaftLogWorker: safeCacheEvictIndex: setUnconditionally 0 -> -1
2023-02-17 01:32:46,612 [pool-361-thread-1] INFO  server.RaftServer$Division (RaftServerImpl.java:start(334)) - e3571a67-d8a4-45a2-97d0-612fce96ab5f@group-2DAE7BD82728: start as a follower, conf=-1: peers:[e3571a67-d8a4-45a2-97d0-612fce96ab5f|rpc:10.1.0.190:37977|dataStream:10.1.0.190:33401|priority:1|startupRole:FOLLOWER]|listeners:[], old=null
2023-02-17 01:32:46,612 [pool-361-thread-1] INFO  server.RaftServer$Division (RaftServerImpl.java:setRole(321)) - e3571a67-d8a4-45a2-97d0-612fce96ab5f@group-2DAE7BD82728: changes role from      null to FOLLOWER at term 0 for startAsFollower
2023-02-17 01:32:46,612 [pool-361-thread-1] INFO  impl.RoleInfo (RoleInfo.java:updateAndGet(139)) - e3571a67-d8a4-45a2-97d0-612fce96ab5f: start e3571a67-d8a4-45a2-97d0-612fce96ab5f@group-2DAE7BD82728-FollowerState
2023-02-17 01:32:46,612 [pool-361-thread-1] INFO  util.JmxRegister (JmxRegister.java:tryRegister(44)) - Successfully registered JMX Bean with object name Ratis:service=RaftServer,group=group-2DAE7BD82728,id=e3571a67-d8a4-45a2-97d0-612fce96ab5f
2023-02-17 01:32:46,612 [e3571a67-d8a4-45a2-97d0-612fce96ab5f@group-2DAE7BD82728-FollowerState] INFO  server.RaftServerConfigKeys (ConfUtils.java:logFallback(53)) - raft.server.rpc.first-election.timeout.min = 5s (fallback to raft.server.rpc.timeout.min)
2023-02-17 01:32:46,612 [pool-361-thread-1] INFO  server.RaftServerConfigKeys (ConfUtils.java:logGet(46)) - raft.server.snapshot.auto.trigger.enabled = true (custom)
2023-02-17 01:32:46,612 [e3571a67-d8a4-45a2-97d0-612fce96ab5f@group-2DAE7BD82728-FollowerState] INFO  server.RaftServerConfigKeys (ConfUtils.java:logFallback(53)) - raft.server.rpc.first-election.timeout.max = 5200ms (fallback to raft.server.rpc.timeout.max)
2023-02-17 01:32:46,612 [pool-361-thread-1] INFO  server.RaftServerConfigKeys (ConfUtils.java:logGet(46)) - raft.server.snapshot.auto.trigger.threshold = 10000 (custom)
2023-02-17 01:32:46,612 [pool-361-thread-1] INFO  server.RaftServerConfigKeys (ConfUtils.java:logGet(46)) - raft.server.snapshot.retention.file.num = 5 (custom)
2023-02-17 01:32:46,613 [pool-361-thread-1] INFO  server.RaftServerConfigKeys (ConfUtils.java:logGet(46)) - raft.server.log.purge.upto.snapshot.index = false (default)
2023-02-17 01:32:46,613 [Command processor thread] INFO  ratis.XceiverServerRatis (XceiverServerRatis.java:addGroup(807)) - Created group PipelineID=43d39d45-8017-4596-af55-2dae7bd82728
2023-02-17 01:32:46,613 [Command processor thread] INFO  commandhandler.CreatePipelineCommandHandler (CreatePipelineCommandHandler.java:handle(113)) - Created Pipeline RATIS ONE PipelineID=43d39d45-8017-4596-af55-2dae7bd82728.
2023-02-17 01:32:47,586 [Listener at 127.0.0.1/33393] INFO  ozone.MiniOzoneClusterImpl (MiniOzoneClusterImpl.java:lambda$waitForClusterToBeReady$0(218)) - Nodes are ready. Got 5 of 5 DN Heartbeats.
2023-02-17 01:32:47,586 [Listener at 127.0.0.1/33393] INFO  ozone.MiniOzoneClusterImpl (MiniOzoneClusterImpl.java:lambda$waitForClusterToBeReady$0(221)) - Waiting for cluster to exit safe mode
2023-02-17 01:32:47,586 [Listener at 127.0.0.1/33393] INFO  ozone.MiniOzoneClusterImpl (MiniOzoneClusterImpl.java:lambda$waitForClusterToBeReady$0(223)) - SCM became leader
2023-02-17 01:32:48,586 [Listener at 127.0.0.1/33393] INFO  ozone.MiniOzoneClusterImpl (MiniOzoneClusterImpl.java:lambda$waitForClusterToBeReady$0(218)) - Nodes are ready. Got 5 of 5 DN Heartbeats.
2023-02-17 01:32:48,586 [Listener at 127.0.0.1/33393] INFO  ozone.MiniOzoneClusterImpl (MiniOzoneClusterImpl.java:lambda$waitForClusterToBeReady$0(221)) - Waiting for cluster to exit safe mode
2023-02-17 01:32:48,587 [Listener at 127.0.0.1/33393] INFO  ozone.MiniOzoneClusterImpl (MiniOzoneClusterImpl.java:lambda$waitForClusterToBeReady$0(223)) - SCM became leader
2023-02-17 01:32:49,587 [Listener at 127.0.0.1/33393] INFO  ozone.MiniOzoneClusterImpl (MiniOzoneClusterImpl.java:lambda$waitForClusterToBeReady$0(218)) - Nodes are ready. Got 5 of 5 DN Heartbeats.
2023-02-17 01:32:49,587 [Listener at 127.0.0.1/33393] INFO  ozone.MiniOzoneClusterImpl (MiniOzoneClusterImpl.java:lambda$waitForClusterToBeReady$0(221)) - Waiting for cluster to exit safe mode
2023-02-17 01:32:49,587 [Listener at 127.0.0.1/33393] INFO  ozone.MiniOzoneClusterImpl (MiniOzoneClusterImpl.java:lambda$waitForClusterToBeReady$0(223)) - SCM became leader
2023-02-17 01:32:50,143 [fbb73901-9846-46e5-9041-04081d17ecdb@group-324FEFF592B5-FollowerState] INFO  impl.FollowerState (FollowerState.java:run(143)) - fbb73901-9846-46e5-9041-04081d17ecdb@group-324FEFF592B5-FollowerState: change to CANDIDATE, lastRpcElapsedTime:5033567261ns, electionTimeout:5033ms
2023-02-17 01:32:50,143 [fbb73901-9846-46e5-9041-04081d17ecdb@group-324FEFF592B5-FollowerState] INFO  impl.RoleInfo (RoleInfo.java:shutdownFollowerState(110)) - fbb73901-9846-46e5-9041-04081d17ecdb: shutdown fbb73901-9846-46e5-9041-04081d17ecdb@group-324FEFF592B5-FollowerState
2023-02-17 01:32:50,143 [fbb73901-9846-46e5-9041-04081d17ecdb@group-324FEFF592B5-FollowerState] INFO  server.RaftServer$Division (RaftServerImpl.java:setRole(321)) - fbb73901-9846-46e5-9041-04081d17ecdb@group-324FEFF592B5: changes role from  FOLLOWER to CANDIDATE at term 0 for changeToCandidate
2023-02-17 01:32:50,143 [fbb73901-9846-46e5-9041-04081d17ecdb@group-324FEFF592B5-FollowerState] INFO  server.RaftServerConfigKeys (ConfUtils.java:logGet(46)) - raft.server.leaderelection.pre-vote = true (default)
2023-02-17 01:32:50,143 [fbb73901-9846-46e5-9041-04081d17ecdb@group-324FEFF592B5-FollowerState] INFO  impl.RoleInfo (RoleInfo.java:updateAndGet(139)) - fbb73901-9846-46e5-9041-04081d17ecdb: start fbb73901-9846-46e5-9041-04081d17ecdb@group-324FEFF592B5-LeaderElection12
2023-02-17 01:32:50,150 [fbb73901-9846-46e5-9041-04081d17ecdb@group-324FEFF592B5-LeaderElection12] INFO  impl.LeaderElection (LeaderElection.java:askForVotes(312)) - fbb73901-9846-46e5-9041-04081d17ecdb@group-324FEFF592B5-LeaderElection12 PRE_VOTE round 0: submit vote requests at term 0 for -1: peers:[fbb73901-9846-46e5-9041-04081d17ecdb|rpc:10.1.0.190:44701|dataStream:10.1.0.190:41727|priority:1|startupRole:FOLLOWER, 1131348d-894a-4e58-906f-f7279fcc8226|rpc:10.1.0.190:44211|dataStream:10.1.0.190:37409|priority:0|startupRole:FOLLOWER, 87f673cb-bc85-4117-8855-8087f234659e|rpc:10.1.0.190:44783|dataStream:10.1.0.190:42939|priority:0|startupRole:FOLLOWER]|listeners:[], old=null
2023-02-17 01:32:50,150 [fbb73901-9846-46e5-9041-04081d17ecdb@group-324FEFF592B5-LeaderElection12-1] INFO  server.GrpcServerProtocolClient (GrpcServerProtocolClient.java:<init>(63)) - Build channel for 1131348d-894a-4e58-906f-f7279fcc8226
2023-02-17 01:32:50,156 [fbb73901-9846-46e5-9041-04081d17ecdb@group-324FEFF592B5-LeaderElection12] INFO  server.RaftServerConfigKeys (ConfUtils.java:logFallback(53)) - raft.server.rpc.first-election.timeout.min = 5s (fallback to raft.server.rpc.timeout.min)
2023-02-17 01:32:50,156 [fbb73901-9846-46e5-9041-04081d17ecdb@group-324FEFF592B5-LeaderElection12] INFO  server.RaftServerConfigKeys (ConfUtils.java:logFallback(53)) - raft.server.rpc.first-election.timeout.max = 5200ms (fallback to raft.server.rpc.timeout.max)
2023-02-17 01:32:50,156 [fbb73901-9846-46e5-9041-04081d17ecdb@group-324FEFF592B5-LeaderElection12-2] INFO  server.GrpcServerProtocolClient (GrpcServerProtocolClient.java:<init>(63)) - Build channel for 87f673cb-bc85-4117-8855-8087f234659e
2023-02-17 01:32:50,160 [grpc-default-executor-5] INFO  server.RaftServer$Division (RaftServerImpl.java:requestVote(1218)) - 1131348d-894a-4e58-906f-f7279fcc8226@group-324FEFF592B5: receive requestVote(PRE_VOTE, fbb73901-9846-46e5-9041-04081d17ecdb, group-324FEFF592B5, 0, (t:0, i:0))
2023-02-17 01:32:50,160 [grpc-default-executor-5] INFO  impl.VoteContext (VoteContext.java:log(49)) - 1131348d-894a-4e58-906f-f7279fcc8226@group-324FEFF592B5-FOLLOWER: accept PRE_VOTE from fbb73901-9846-46e5-9041-04081d17ecdb: our priority 0 <= candidate's priority 1
2023-02-17 01:32:50,160 [grpc-default-executor-5] INFO  server.RaftServer$Division (RaftServerImpl.java:requestVote(1251)) - 1131348d-894a-4e58-906f-f7279fcc8226@group-324FEFF592B5 replies to PRE_VOTE vote request: fbb73901-9846-46e5-9041-04081d17ecdb<-1131348d-894a-4e58-906f-f7279fcc8226#0:OK-t0. Peer's state: 1131348d-894a-4e58-906f-f7279fcc8226@group-324FEFF592B5:t0, leader=null, voted=, raftlog=Memoized:1131348d-894a-4e58-906f-f7279fcc8226@group-324FEFF592B5-SegmentedRaftLog:OPENED:c-1, conf=-1: peers:[fbb73901-9846-46e5-9041-04081d17ecdb|rpc:10.1.0.190:44701|dataStream:10.1.0.190:41727|priority:1|startupRole:FOLLOWER, 1131348d-894a-4e58-906f-f7279fcc8226|rpc:10.1.0.190:44211|dataStream:10.1.0.190:37409|priority:0|startupRole:FOLLOWER, 87f673cb-bc85-4117-8855-8087f234659e|rpc:10.1.0.190:44783|dataStream:10.1.0.190:42939|priority:0|startupRole:FOLLOWER]|listeners:[], old=null
2023-02-17 01:32:50,162 [fbb73901-9846-46e5-9041-04081d17ecdb@group-324FEFF592B5-LeaderElection12] INFO  impl.LeaderElection (LeaderElection.java:logAndReturn(90)) - fbb73901-9846-46e5-9041-04081d17ecdb@group-324FEFF592B5-LeaderElection12: PRE_VOTE PASSED received 1 response(s) and 0 exception(s):
2023-02-17 01:32:50,162 [fbb73901-9846-46e5-9041-04081d17ecdb@group-324FEFF592B5-LeaderElection12] INFO  impl.LeaderElection (LeaderElection.java:logAndReturn(94)) -   Response 0: fbb73901-9846-46e5-9041-04081d17ecdb<-1131348d-894a-4e58-906f-f7279fcc8226#0:OK-t0
2023-02-17 01:32:50,162 [fbb73901-9846-46e5-9041-04081d17ecdb@group-324FEFF592B5-LeaderElection12] INFO  impl.LeaderElection (LeaderElection.java:askForVotes(314)) - fbb73901-9846-46e5-9041-04081d17ecdb@group-324FEFF592B5-LeaderElection12 PRE_VOTE round 0: result PASSED
2023-02-17 01:32:50,163 [fbb73901-9846-46e5-9041-04081d17ecdb@group-324FEFF592B5-LeaderElection12] INFO  impl.LeaderElection (LeaderElection.java:askForVotes(312)) - fbb73901-9846-46e5-9041-04081d17ecdb@group-324FEFF592B5-LeaderElection12 ELECTION round 0: submit vote requests at term 1 for -1: peers:[fbb73901-9846-46e5-9041-04081d17ecdb|rpc:10.1.0.190:44701|dataStream:10.1.0.190:41727|priority:1|startupRole:FOLLOWER, 1131348d-894a-4e58-906f-f7279fcc8226|rpc:10.1.0.190:44211|dataStream:10.1.0.190:37409|priority:0|startupRole:FOLLOWER, 87f673cb-bc85-4117-8855-8087f234659e|rpc:10.1.0.190:44783|dataStream:10.1.0.190:42939|priority:0|startupRole:FOLLOWER]|listeners:[], old=null
2023-02-17 01:32:50,165 [grpc-default-executor-5] INFO  server.RaftServer$Division (RaftServerImpl.java:requestVote(1218)) - 87f673cb-bc85-4117-8855-8087f234659e@group-324FEFF592B5: receive requestVote(PRE_VOTE, fbb73901-9846-46e5-9041-04081d17ecdb, group-324FEFF592B5, 0, (t:0, i:0))
2023-02-17 01:32:50,165 [grpc-default-executor-5] INFO  impl.VoteContext (VoteContext.java:log(49)) - 87f673cb-bc85-4117-8855-8087f234659e@group-324FEFF592B5-FOLLOWER: accept PRE_VOTE from fbb73901-9846-46e5-9041-04081d17ecdb: our priority 0 <= candidate's priority 1
2023-02-17 01:32:50,165 [grpc-default-executor-5] INFO  server.RaftServer$Division (RaftServerImpl.java:requestVote(1251)) - 87f673cb-bc85-4117-8855-8087f234659e@group-324FEFF592B5 replies to PRE_VOTE vote request: fbb73901-9846-46e5-9041-04081d17ecdb<-87f673cb-bc85-4117-8855-8087f234659e#0:OK-t0. Peer's state: 87f673cb-bc85-4117-8855-8087f234659e@group-324FEFF592B5:t0, leader=null, voted=, raftlog=Memoized:87f673cb-bc85-4117-8855-8087f234659e@group-324FEFF592B5-SegmentedRaftLog:OPENED:c-1, conf=-1: peers:[fbb73901-9846-46e5-9041-04081d17ecdb|rpc:10.1.0.190:44701|dataStream:10.1.0.190:41727|priority:1|startupRole:FOLLOWER, 1131348d-894a-4e58-906f-f7279fcc8226|rpc:10.1.0.190:44211|dataStream:10.1.0.190:37409|priority:0|startupRole:FOLLOWER, 87f673cb-bc85-4117-8855-8087f234659e|rpc:10.1.0.190:44783|dataStream:10.1.0.190:42939|priority:0|startupRole:FOLLOWER]|listeners:[], old=null
2023-02-17 01:32:50,167 [fbb73901-9846-46e5-9041-04081d17ecdb@group-324FEFF592B5-LeaderElection12] INFO  server.RaftServerConfigKeys (ConfUtils.java:logFallback(53)) - raft.server.rpc.first-election.timeout.min = 5s (fallback to raft.server.rpc.timeout.min)
2023-02-17 01:32:50,167 [fbb73901-9846-46e5-9041-04081d17ecdb@group-324FEFF592B5-LeaderElection12] INFO  server.RaftServerConfigKeys (ConfUtils.java:logFallback(53)) - raft.server.rpc.first-election.timeout.max = 5200ms (fallback to raft.server.rpc.timeout.max)
2023-02-17 01:32:50,170 [grpc-default-executor-0] INFO  server.RaftServer$Division (RaftServerImpl.java:requestVote(1218)) - 87f673cb-bc85-4117-8855-8087f234659e@group-324FEFF592B5: receive requestVote(ELECTION, fbb73901-9846-46e5-9041-04081d17ecdb, group-324FEFF592B5, 1, (t:0, i:0))
2023-02-17 01:32:50,170 [grpc-default-executor-0] INFO  impl.VoteContext (VoteContext.java:log(49)) - 87f673cb-bc85-4117-8855-8087f234659e@group-324FEFF592B5-FOLLOWER: accept ELECTION from fbb73901-9846-46e5-9041-04081d17ecdb: our priority 0 <= candidate's priority 1
2023-02-17 01:32:50,170 [grpc-default-executor-0] INFO  server.RaftServer$Division (RaftServerImpl.java:setRole(321)) - 87f673cb-bc85-4117-8855-8087f234659e@group-324FEFF592B5: changes role from  FOLLOWER to FOLLOWER at term 1 for candidate:fbb73901-9846-46e5-9041-04081d17ecdb
2023-02-17 01:32:50,170 [grpc-default-executor-0] INFO  impl.RoleInfo (RoleInfo.java:shutdownFollowerState(110)) - 87f673cb-bc85-4117-8855-8087f234659e: shutdown 87f673cb-bc85-4117-8855-8087f234659e@group-324FEFF592B5-FollowerState
2023-02-17 01:32:50,170 [grpc-default-executor-0] INFO  impl.RoleInfo (RoleInfo.java:updateAndGet(139)) - 87f673cb-bc85-4117-8855-8087f234659e: start 87f673cb-bc85-4117-8855-8087f234659e@group-324FEFF592B5-FollowerState
2023-02-17 01:32:50,171 [87f673cb-bc85-4117-8855-8087f234659e@group-324FEFF592B5-FollowerState] INFO  impl.FollowerState (FollowerState.java:run(152)) - 87f673cb-bc85-4117-8855-8087f234659e@group-324FEFF592B5-FollowerState was interrupted
2023-02-17 01:32:50,174 [87f673cb-bc85-4117-8855-8087f234659e@group-324FEFF592B5-FollowerState] INFO  server.RaftServerConfigKeys (ConfUtils.java:logFallback(53)) - raft.server.rpc.first-election.timeout.min = 5s (fallback to raft.server.rpc.timeout.min)
2023-02-17 01:32:50,174 [87f673cb-bc85-4117-8855-8087f234659e@group-324FEFF592B5-FollowerState] INFO  server.RaftServerConfigKeys (ConfUtils.java:logFallback(53)) - raft.server.rpc.first-election.timeout.max = 5200ms (fallback to raft.server.rpc.timeout.max)
2023-02-17 01:32:50,174 [grpc-default-executor-5] INFO  server.RaftServer$Division (RaftServerImpl.java:requestVote(1218)) - 1131348d-894a-4e58-906f-f7279fcc8226@group-324FEFF592B5: receive requestVote(ELECTION, fbb73901-9846-46e5-9041-04081d17ecdb, group-324FEFF592B5, 1, (t:0, i:0))
2023-02-17 01:32:50,174 [grpc-default-executor-5] INFO  impl.VoteContext (VoteContext.java:log(49)) - 1131348d-894a-4e58-906f-f7279fcc8226@group-324FEFF592B5-FOLLOWER: accept ELECTION from fbb73901-9846-46e5-9041-04081d17ecdb: our priority 0 <= candidate's priority 1
2023-02-17 01:32:50,174 [grpc-default-executor-5] INFO  server.RaftServer$Division (RaftServerImpl.java:setRole(321)) - 1131348d-894a-4e58-906f-f7279fcc8226@group-324FEFF592B5: changes role from  FOLLOWER to FOLLOWER at term 1 for candidate:fbb73901-9846-46e5-9041-04081d17ecdb
2023-02-17 01:32:50,174 [grpc-default-executor-5] INFO  impl.RoleInfo (RoleInfo.java:shutdownFollowerState(110)) - 1131348d-894a-4e58-906f-f7279fcc8226: shutdown 1131348d-894a-4e58-906f-f7279fcc8226@group-324FEFF592B5-FollowerState
2023-02-17 01:32:50,175 [grpc-default-executor-5] INFO  impl.RoleInfo (RoleInfo.java:updateAndGet(139)) - 1131348d-894a-4e58-906f-f7279fcc8226: start 1131348d-894a-4e58-906f-f7279fcc8226@group-324FEFF592B5-FollowerState
2023-02-17 01:32:50,175 [1131348d-894a-4e58-906f-f7279fcc8226@group-324FEFF592B5-FollowerState] INFO  impl.FollowerState (FollowerState.java:run(152)) - 1131348d-894a-4e58-906f-f7279fcc8226@group-324FEFF592B5-FollowerState was interrupted
2023-02-17 01:32:50,175 [1131348d-894a-4e58-906f-f7279fcc8226@group-324FEFF592B5-FollowerState] INFO  server.RaftServerConfigKeys (ConfUtils.java:logFallback(53)) - raft.server.rpc.first-election.timeout.min = 5s (fallback to raft.server.rpc.timeout.min)
2023-02-17 01:32:50,175 [grpc-default-executor-0] INFO  server.RaftServer$Division (RaftServerImpl.java:requestVote(1251)) - 87f673cb-bc85-4117-8855-8087f234659e@group-324FEFF592B5 replies to ELECTION vote request: fbb73901-9846-46e5-9041-04081d17ecdb<-87f673cb-bc85-4117-8855-8087f234659e#0:OK-t1. Peer's state: 87f673cb-bc85-4117-8855-8087f234659e@group-324FEFF592B5:t1, leader=null, voted=fbb73901-9846-46e5-9041-04081d17ecdb, raftlog=Memoized:87f673cb-bc85-4117-8855-8087f234659e@group-324FEFF592B5-SegmentedRaftLog:OPENED:c-1, conf=-1: peers:[fbb73901-9846-46e5-9041-04081d17ecdb|rpc:10.1.0.190:44701|dataStream:10.1.0.190:41727|priority:1|startupRole:FOLLOWER, 1131348d-894a-4e58-906f-f7279fcc8226|rpc:10.1.0.190:44211|dataStream:10.1.0.190:37409|priority:0|startupRole:FOLLOWER, 87f673cb-bc85-4117-8855-8087f234659e|rpc:10.1.0.190:44783|dataStream:10.1.0.190:42939|priority:0|startupRole:FOLLOWER]|listeners:[], old=null
2023-02-17 01:32:50,176 [grpc-default-executor-5] INFO  server.RaftServer$Division (RaftServerImpl.java:requestVote(1251)) - 1131348d-894a-4e58-906f-f7279fcc8226@group-324FEFF592B5 replies to ELECTION vote request: fbb73901-9846-46e5-9041-04081d17ecdb<-1131348d-894a-4e58-906f-f7279fcc8226#0:OK-t1. Peer's state: 1131348d-894a-4e58-906f-f7279fcc8226@group-324FEFF592B5:t1, leader=null, voted=fbb73901-9846-46e5-9041-04081d17ecdb, raftlog=Memoized:1131348d-894a-4e58-906f-f7279fcc8226@group-324FEFF592B5-SegmentedRaftLog:OPENED:c-1, conf=-1: peers:[fbb73901-9846-46e5-9041-04081d17ecdb|rpc:10.1.0.190:44701|dataStream:10.1.0.190:41727|priority:1|startupRole:FOLLOWER, 1131348d-894a-4e58-906f-f7279fcc8226|rpc:10.1.0.190:44211|dataStream:10.1.0.190:37409|priority:0|startupRole:FOLLOWER, 87f673cb-bc85-4117-8855-8087f234659e|rpc:10.1.0.190:44783|dataStream:10.1.0.190:42939|priority:0|startupRole:FOLLOWER]|listeners:[], old=null
2023-02-17 01:32:50,178 [1131348d-894a-4e58-906f-f7279fcc8226@group-324FEFF592B5-FollowerState] INFO  server.RaftServerConfigKeys (ConfUtils.java:logFallback(53)) - raft.server.rpc.first-election.timeout.max = 5200ms (fallback to raft.server.rpc.timeout.max)
2023-02-17 01:32:50,178 [fbb73901-9846-46e5-9041-04081d17ecdb@group-324FEFF592B5-LeaderElection12] INFO  impl.LeaderElection (LeaderElection.java:logAndReturn(90)) - fbb73901-9846-46e5-9041-04081d17ecdb@group-324FEFF592B5-LeaderElection12: ELECTION PASSED received 1 response(s) and 0 exception(s):
2023-02-17 01:32:50,178 [fbb73901-9846-46e5-9041-04081d17ecdb@group-324FEFF592B5-LeaderElection12] INFO  impl.LeaderElection (LeaderElection.java:logAndReturn(94)) -   Response 0: fbb73901-9846-46e5-9041-04081d17ecdb<-1131348d-894a-4e58-906f-f7279fcc8226#0:OK-t1
2023-02-17 01:32:50,178 [fbb73901-9846-46e5-9041-04081d17ecdb@group-324FEFF592B5-LeaderElection12] INFO  impl.LeaderElection (LeaderElection.java:askForVotes(314)) - fbb73901-9846-46e5-9041-04081d17ecdb@group-324FEFF592B5-LeaderElection12 ELECTION round 0: result PASSED
2023-02-17 01:32:50,178 [fbb73901-9846-46e5-9041-04081d17ecdb@group-324FEFF592B5-LeaderElection12] INFO  impl.RoleInfo (RoleInfo.java:shutdownLeaderElection(130)) - fbb73901-9846-46e5-9041-04081d17ecdb: shutdown fbb73901-9846-46e5-9041-04081d17ecdb@group-324FEFF592B5-LeaderElection12
2023-02-17 01:32:50,178 [fbb73901-9846-46e5-9041-04081d17ecdb@group-324FEFF592B5-LeaderElection12] INFO  server.RaftServer$Division (RaftServerImpl.java:setRole(321)) - fbb73901-9846-46e5-9041-04081d17ecdb@group-324FEFF592B5: changes role from CANDIDATE to LEADER at term 1 for changeToLeader
2023-02-17 01:32:50,178 [fbb73901-9846-46e5-9041-04081d17ecdb@group-324FEFF592B5-LeaderElection12] INFO  ratis.XceiverServerRatis (XceiverServerRatis.java:handleLeaderChangedNotification(905)) - Leader change notification received for group: group-324FEFF592B5 with new leaderId: fbb73901-9846-46e5-9041-04081d17ecdb
2023-02-17 01:32:50,178 [fbb73901-9846-46e5-9041-04081d17ecdb@group-324FEFF592B5-LeaderElection12] INFO  server.RaftServer$Division (ServerState.java:setLeader(313)) - fbb73901-9846-46e5-9041-04081d17ecdb@group-324FEFF592B5: change Leader from null to fbb73901-9846-46e5-9041-04081d17ecdb at term 1 for becomeLeader, leader elected after 5085ms
2023-02-17 01:32:50,179 [fbb73901-9846-46e5-9041-04081d17ecdb@group-324FEFF592B5-LeaderElection12] INFO  server.RaftServerConfigKeys (ConfUtils.java:logGet(46)) - raft.server.staging.catchup.gap = 1000 (default)
2023-02-17 01:32:50,179 [fbb73901-9846-46e5-9041-04081d17ecdb@group-324FEFF592B5-LeaderElection12] INFO  server.RaftServerConfigKeys (ConfUtils.java:logGet(46)) - raft.server.write.element-limit = 1024 (custom)
2023-02-17 01:32:50,179 [fbb73901-9846-46e5-9041-04081d17ecdb@group-324FEFF592B5-LeaderElection12] INFO  server.RaftServerConfigKeys (ConfUtils.java:logGet(46)) - raft.server.write.byte-limit = 1024 M (=1073741824) (custom)
2023-02-17 01:32:50,180 [fbb73901-9846-46e5-9041-04081d17ecdb@group-324FEFF592B5-LeaderElection12] INFO  server.RaftServerConfigKeys (ConfUtils.java:logGet(46)) - raft.server.watch.timeout = 10000ms (default)
2023-02-17 01:32:50,180 [fbb73901-9846-46e5-9041-04081d17ecdb@group-324FEFF592B5-LeaderElection12] INFO  server.RaftServerConfigKeys (ConfUtils.java:logGet(46)) - raft.server.watch.timeout.denomination = 1s (default)
2023-02-17 01:32:50,180 [fbb73901-9846-46e5-9041-04081d17ecdb@group-324FEFF592B5-LeaderElection12] INFO  server.RaftServerConfigKeys (ConfUtils.java:logGet(46)) - raft.server.watch.element-limit = 65536 (default)
2023-02-17 01:32:50,180 [fbb73901-9846-46e5-9041-04081d17ecdb@group-324FEFF592B5-LeaderElection12] INFO  server.RaftServerConfigKeys (ConfUtils.java:logGet(46)) - raft.server.write.element-limit = 1024 (custom)
2023-02-17 01:32:50,180 [EventQueue-PipelineReportForPipelineReportHandler] INFO  pipeline.PipelineManagerImpl (PipelineManagerImpl.java:openPipeline(367)) - Pipeline Pipeline[ Id: cf3d9123-e01b-4124-8670-324feff592b5, Nodes: 1131348d-894a-4e58-906f-f7279fcc8226(fv-az249-264.ubt5suc3ufjutoeqyo4zsso0he.gx.internal.cloudapp.net/10.1.0.190)fbb73901-9846-46e5-9041-04081d17ecdb(fv-az249-264.ubt5suc3ufjutoeqyo4zsso0he.gx.internal.cloudapp.net/10.1.0.190)87f673cb-bc85-4117-8855-8087f234659e(fv-az249-264.ubt5suc3ufjutoeqyo4zsso0he.gx.internal.cloudapp.net/10.1.0.190), ReplicationConfig: RATIS/THREE, State:ALLOCATED, leaderId:fbb73901-9846-46e5-9041-04081d17ecdb, CreationTimestamp2023-02-17T01:32:42.875Z[Etc/UTC]] moved to OPEN state
2023-02-17 01:32:50,180 [fbb73901-9846-46e5-9041-04081d17ecdb@group-324FEFF592B5-LeaderElection12] INFO  server.RaftServerConfigKeys (ConfUtils.java:logGet(46)) - raft.server.write.follower.gap.ratio.max = -1.0 (default)
2023-02-17 01:32:50,180 [fbb73901-9846-46e5-9041-04081d17ecdb@group-324FEFF592B5-LeaderElection12] INFO  server.RaftServerConfigKeys (ConfUtils.java:logGet(46)) - raft.server.log.appender.snapshot.chunk.size.max = 16MB (=16777216) (default)
2023-02-17 01:32:50,180 [EventQueue-OpenPipelineForHealthyPipelineSafeModeRule] INFO  safemode.SCMSafeModeManager (HealthyPipelineSafeModeRule.java:process(137)) - SCM in safe mode. Healthy pipelines reported count is 0, required healthy pipeline reported count is 1
2023-02-17 01:32:50,180 [fbb73901-9846-46e5-9041-04081d17ecdb@group-324FEFF592B5-LeaderElection12] INFO  server.RaftServerConfigKeys (ConfUtils.java:logGet(46)) - raft.server.log.appender.buffer.byte-limit = 33554432 (custom)
2023-02-17 01:32:50,180 [EventQueue-OpenPipelineForHealthyPipelineSafeModeRule] INFO  safemode.SCMSafeModeManager (HealthyPipelineSafeModeRule.java:process(137)) - SCM in safe mode. Healthy pipelines reported count is 1, required healthy pipeline reported count is 1
2023-02-17 01:32:50,180 [fbb73901-9846-46e5-9041-04081d17ecdb@group-324FEFF592B5-LeaderElection12] INFO  server.RaftServerConfigKeys (ConfUtils.java:logGet(46)) - raft.server.log.appender.buffer.element-limit = 1 (custom)
2023-02-17 01:32:50,180 [EventQueue-OpenPipelineForHealthyPipelineSafeModeRule] INFO  safemode.SCMSafeModeManager (SCMSafeModeManager.java:validateSafeModeExitRules(200)) - HealthyPipelineSafeModeRule rule is successfully validated
2023-02-17 01:32:50,180 [EventQueue-OpenPipelineForHealthyPipelineSafeModeRule] INFO  safemode.SCMSafeModeManager (SCMSafeModeManager.java:validateSafeModeExitRules(215)) - ScmSafeModeManager, all rules are successfully validated
2023-02-17 01:32:50,180 [fbb73901-9846-46e5-9041-04081d17ecdb@group-324FEFF592B5-LeaderElection12] INFO  grpc.GrpcConfigKeys (ConfUtils.java:logGet(46)) - raft.grpc.server.leader.outstanding.appends.max = 128 (default)
2023-02-17 01:32:50,180 [EventQueue-OpenPipelineForHealthyPipelineSafeModeRule] INFO  safemode.SCMSafeModeManager (SCMSafeModeManager.java:exitSafeMode(244)) - SCM exiting safe mode.
2023-02-17 01:32:50,180 [fbb73901-9846-46e5-9041-04081d17ecdb@group-324FEFF592B5-LeaderElection12] INFO  server.RaftServerConfigKeys (ConfUtils.java:logGet(46)) - raft.server.rpc.request.timeout = 3000ms (default)
2023-02-17 01:32:50,180 [EventQueue-OpenPipelineForHealthyPipelineSafeModeRule] INFO  ha.SCMContext (SCMContext.java:updateSafeModeStatus(228)) - Update SafeModeStatus from SafeModeStatus{safeModeStatus=true, preCheckPassed=true} to SafeModeStatus{safeModeStatus=false, preCheckPassed=true}.
2023-02-17 01:32:50,181 [fbb73901-9846-46e5-9041-04081d17ecdb@group-324FEFF592B5-LeaderElection12] INFO  server.RaftServerConfigKeys (ConfUtils.java:logGet(46)) - raft.server.log.appender.install.snapshot.enabled = false (custom)
2023-02-17 01:32:50,181 [EventQueue-OpenPipelineForHealthyPipelineSafeModeRule] INFO  pipeline.BackgroundPipelineCreator (BackgroundPipelineCreator.java:notifyStatusChanged(254)) - Service BackgroundPipelineCreator transitions to RUNNING.
2023-02-17 01:32:50,181 [fbb73901-9846-46e5-9041-04081d17ecdb@group-324FEFF592B5-LeaderElection12] INFO  grpc.GrpcConfigKeys (ConfUtils.java:logGet(46)) - raft.grpc.server.heartbeat.channel = true (default)
2023-02-17 01:32:50,181 [EventQueue-OpenPipelineForHealthyPipelineSafeModeRule] INFO  BackgroundPipelineScrubber (BackgroundSCMService.java:notifyStatusChanged(82)) - Service BackgroundPipelineScrubber transitions to RUNNING.
2023-02-17 01:32:50,181 [fbb73901-9846-46e5-9041-04081d17ecdb@group-324FEFF592B5-LeaderElection12] INFO  server.RaftServerConfigKeys (ConfUtils.java:logGet(46)) - raft.server.log.appender.wait-time.min = 10ms (default)
2023-02-17 01:32:50,181 [EventQueue-OpenPipelineForHealthyPipelineSafeModeRule] INFO  ExpiredContainerReplicaOpScrubber (BackgroundSCMService.java:notifyStatusChanged(82)) - Service ExpiredContainerReplicaOpScrubber transitions to RUNNING.
2023-02-17 01:32:50,181 [EventQueue-OpenPipelineForHealthyPipelineSafeModeRule] INFO  replication.ReplicationManager (ReplicationManager.java:notifyStatusChanged(1036)) - Service ReplicationManager transitions to RUNNING.
2023-02-17 01:32:50,181 [EventQueue-OpenPipelineForHealthyPipelineSafeModeRule] WARN  balancer.ContainerBalancer (ContainerBalancer.java:shouldRun(131)) - Could not find persisted configuration for ContainerBalancer when checking if ContainerBalancer should run. ContainerBalancer should not run now.
2023-02-17 01:32:50,181 [fbb73901-9846-46e5-9041-04081d17ecdb@group-324FEFF592B5-LeaderElection12] INFO  server.RaftServerConfigKeys (ConfUtils.java:logGet(46)) - raft.server.log.appender.snapshot.chunk.size.max = 16MB (=16777216) (default)
2023-02-17 01:32:50,181 [fbb73901-9846-46e5-9041-04081d17ecdb@group-324FEFF592B5-LeaderElection12] INFO  server.RaftServerConfigKeys (ConfUtils.java:logGet(46)) - raft.server.log.appender.buffer.byte-limit = 33554432 (custom)
2023-02-17 01:32:50,181 [fbb73901-9846-46e5-9041-04081d17ecdb@group-324FEFF592B5-LeaderElection12] INFO  server.RaftServerConfigKeys (ConfUtils.java:logGet(46)) - raft.server.log.appender.buffer.element-limit = 1 (custom)
2023-02-17 01:32:50,181 [fbb73901-9846-46e5-9041-04081d17ecdb@group-324FEFF592B5-LeaderElection12] INFO  grpc.GrpcConfigKeys (ConfUtils.java:logGet(46)) - raft.grpc.server.leader.outstanding.appends.max = 128 (default)
2023-02-17 01:32:50,181 [fbb73901-9846-46e5-9041-04081d17ecdb@group-324FEFF592B5-LeaderElection12] INFO  server.RaftServerConfigKeys (ConfUtils.java:logGet(46)) - raft.server.rpc.request.timeout = 3000ms (default)
2023-02-17 01:32:50,181 [fbb73901-9846-46e5-9041-04081d17ecdb@group-324FEFF592B5-LeaderElection12] INFO  server.RaftServerConfigKeys (ConfUtils.java:logGet(46)) - raft.server.log.appender.install.snapshot.enabled = false (custom)
2023-02-17 01:32:50,182 [fbb73901-9846-46e5-9041-04081d17ecdb@group-324FEFF592B5-LeaderElection12] INFO  grpc.GrpcConfigKeys (ConfUtils.java:logGet(46)) - raft.grpc.server.heartbeat.channel = true (default)
2023-02-17 01:32:50,182 [fbb73901-9846-46e5-9041-04081d17ecdb@group-324FEFF592B5-LeaderElection12] INFO  server.RaftServerConfigKeys (ConfUtils.java:logGet(46)) - raft.server.log.appender.wait-time.min = 10ms (default)
2023-02-17 01:32:50,182 [fbb73901-9846-46e5-9041-04081d17ecdb@group-324FEFF592B5-LeaderElection12] INFO  impl.RoleInfo (RoleInfo.java:updateAndGet(139)) - fbb73901-9846-46e5-9041-04081d17ecdb: start fbb73901-9846-46e5-9041-04081d17ecdb@group-324FEFF592B5-LeaderStateImpl
2023-02-17 01:32:50,182 [fbb73901-9846-46e5-9041-04081d17ecdb@group-324FEFF592B5-LeaderElection12] INFO  segmented.SegmentedRaftLogWorker (SegmentedRaftLogWorker.java:startLogSegment(452)) - fbb73901-9846-46e5-9041-04081d17ecdb@group-324FEFF592B5-SegmentedRaftLogWorker: Starting segment from index:0
2023-02-17 01:32:50,183 [fbb73901-9846-46e5-9041-04081d17ecdb@group-324FEFF592B5-SegmentedRaftLogWorker] INFO  segmented.SegmentedRaftLogWorker (SegmentedRaftLogWorker.java:execute(656)) - fbb73901-9846-46e5-9041-04081d17ecdb@group-324FEFF592B5-SegmentedRaftLogWorker: created new log segment /home/runner/work/ozone/ozone/hadoop-ozone/integration-test/target/test-dir/MiniOzoneClusterImpl-89702d93-5b91-44b6-9f2b-a559f3ead11e/datanode-0/data/ratis/cf3d9123-e01b-4124-8670-324feff592b5/current/log_inprogress_0
2023-02-17 01:32:50,190 [fbb73901-9846-46e5-9041-04081d17ecdb@group-324FEFF592B5-LeaderElection12] INFO  server.RaftServer$Division (ServerState.java:setRaftConf(430)) - fbb73901-9846-46e5-9041-04081d17ecdb@group-324FEFF592B5: set configuration 0: peers:[fbb73901-9846-46e5-9041-04081d17ecdb|rpc:10.1.0.190:44701|dataStream:10.1.0.190:41727|priority:1|startupRole:FOLLOWER, 1131348d-894a-4e58-906f-f7279fcc8226|rpc:10.1.0.190:44211|dataStream:10.1.0.190:37409|priority:0|startupRole:FOLLOWER, 87f673cb-bc85-4117-8855-8087f234659e|rpc:10.1.0.190:44783|dataStream:10.1.0.190:42939|priority:0|startupRole:FOLLOWER]|listeners:[], old=null
2023-02-17 01:32:50,198 [1131348d-894a-4e58-906f-f7279fcc8226-server-thread1] INFO  ratis.XceiverServerRatis (XceiverServerRatis.java:handleLeaderChangedNotification(905)) - Leader change notification received for group: group-324FEFF592B5 with new leaderId: fbb73901-9846-46e5-9041-04081d17ecdb
2023-02-17 01:32:50,198 [1131348d-894a-4e58-906f-f7279fcc8226-server-thread1] INFO  server.RaftServer$Division (ServerState.java:setLeader(313)) - 1131348d-894a-4e58-906f-f7279fcc8226@group-324FEFF592B5: change Leader from null to fbb73901-9846-46e5-9041-04081d17ecdb at term 1 for appendEntries, leader elected after 5070ms
2023-02-17 01:32:50,199 [1131348d-894a-4e58-906f-f7279fcc8226-server-thread1] INFO  server.RaftServer$Division (ServerState.java:setRaftConf(430)) - 1131348d-894a-4e58-906f-f7279fcc8226@group-324FEFF592B5: set configuration 0: peers:[fbb73901-9846-46e5-9041-04081d17ecdb|rpc:10.1.0.190:44701|dataStream:10.1.0.190:41727|priority:1|startupRole:FOLLOWER, 1131348d-894a-4e58-906f-f7279fcc8226|rpc:10.1.0.190:44211|dataStream:10.1.0.190:37409|priority:0|startupRole:FOLLOWER, 87f673cb-bc85-4117-8855-8087f234659e|rpc:10.1.0.190:44783|dataStream:10.1.0.190:42939|priority:0|startupRole:FOLLOWER]|listeners:[], old=null
2023-02-17 01:32:50,199 [1131348d-894a-4e58-906f-f7279fcc8226-server-thread1] INFO  segmented.SegmentedRaftLogWorker (SegmentedRaftLogWorker.java:startLogSegment(452)) - 1131348d-894a-4e58-906f-f7279fcc8226@group-324FEFF592B5-SegmentedRaftLogWorker: Starting segment from index:0
2023-02-17 01:32:50,202 [1131348d-894a-4e58-906f-f7279fcc8226@group-324FEFF592B5-SegmentedRaftLogWorker] INFO  segmented.SegmentedRaftLogWorker (SegmentedRaftLogWorker.java:execute(656)) - 1131348d-894a-4e58-906f-f7279fcc8226@group-324FEFF592B5-SegmentedRaftLogWorker: created new log segment /home/runner/work/ozone/ozone/hadoop-ozone/integration-test/target/test-dir/MiniOzoneClusterImpl-89702d93-5b91-44b6-9f2b-a559f3ead11e/datanode-1/data/ratis/cf3d9123-e01b-4124-8670-324feff592b5/current/log_inprogress_0
2023-02-17 01:32:50,205 [87f673cb-bc85-4117-8855-8087f234659e-server-thread1] INFO  ratis.XceiverServerRatis (XceiverServerRatis.java:handleLeaderChangedNotification(905)) - Leader change notification received for group: group-324FEFF592B5 with new leaderId: fbb73901-9846-46e5-9041-04081d17ecdb
2023-02-17 01:32:50,205 [87f673cb-bc85-4117-8855-8087f234659e-server-thread1] INFO  server.RaftServer$Division (ServerState.java:setLeader(313)) - 87f673cb-bc85-4117-8855-8087f234659e@group-324FEFF592B5: change Leader from null to fbb73901-9846-46e5-9041-04081d17ecdb at term 1 for appendEntries, leader elected after 5034ms
2023-02-17 01:32:50,210 [87f673cb-bc85-4117-8855-8087f234659e-server-thread2] INFO  server.RaftServer$Division (ServerState.java:setRaftConf(430)) - 87f673cb-bc85-4117-8855-8087f234659e@group-324FEFF592B5: set configuration 0: peers:[fbb73901-9846-46e5-9041-04081d17ecdb|rpc:10.1.0.190:44701|dataStream:10.1.0.190:41727|priority:1|startupRole:FOLLOWER, 1131348d-894a-4e58-906f-f7279fcc8226|rpc:10.1.0.190:44211|dataStream:10.1.0.190:37409|priority:0|startupRole:FOLLOWER, 87f673cb-bc85-4117-8855-8087f234659e|rpc:10.1.0.190:44783|dataStream:10.1.0.190:42939|priority:0|startupRole:FOLLOWER]|listeners:[], old=null
2023-02-17 01:32:50,211 [87f673cb-bc85-4117-8855-8087f234659e-server-thread2] INFO  segmented.SegmentedRaftLogWorker (SegmentedRaftLogWorker.java:startLogSegment(452)) - 87f673cb-bc85-4117-8855-8087f234659e@group-324FEFF592B5-SegmentedRaftLogWorker: Starting segment from index:0
2023-02-17 01:32:50,212 [87f673cb-bc85-4117-8855-8087f234659e@group-324FEFF592B5-SegmentedRaftLogWorker] INFO  segmented.SegmentedRaftLogWorker (SegmentedRaftLogWorker.java:execute(656)) - 87f673cb-bc85-4117-8855-8087f234659e@group-324FEFF592B5-SegmentedRaftLogWorker: created new log segment /home/runner/work/ozone/ozone/hadoop-ozone/integration-test/target/test-dir/MiniOzoneClusterImpl-89702d93-5b91-44b6-9f2b-a559f3ead11e/datanode-2/data/ratis/cf3d9123-e01b-4124-8670-324feff592b5/current/log_inprogress_0
2023-02-17 01:32:50,260 [fbb73901-9846-46e5-9041-04081d17ecdb@group-06060B034BE9-FollowerState] INFO  impl.FollowerState (FollowerState.java:run(143)) - fbb73901-9846-46e5-9041-04081d17ecdb@group-06060B034BE9-FollowerState: change to CANDIDATE, lastRpcElapsedTime:5051143067ns, electionTimeout:5050ms
2023-02-17 01:32:50,260 [fbb73901-9846-46e5-9041-04081d17ecdb@group-06060B034BE9-FollowerState] INFO  impl.RoleInfo (RoleInfo.java:shutdownFollowerState(110)) - fbb73901-9846-46e5-9041-04081d17ecdb: shutdown fbb73901-9846-46e5-9041-04081d17ecdb@group-06060B034BE9-FollowerState
2023-02-17 01:32:50,260 [fbb73901-9846-46e5-9041-04081d17ecdb@group-06060B034BE9-FollowerState] INFO  server.RaftServer$Division (RaftServerImpl.java:setRole(321)) - fbb73901-9846-46e5-9041-04081d17ecdb@group-06060B034BE9: changes role from  FOLLOWER to CANDIDATE at term 0 for changeToCandidate
2023-02-17 01:32:50,260 [fbb73901-9846-46e5-9041-04081d17ecdb@group-06060B034BE9-FollowerState] INFO  server.RaftServerConfigKeys (ConfUtils.java:logGet(46)) - raft.server.leaderelection.pre-vote = true (default)
2023-02-17 01:32:50,260 [fbb73901-9846-46e5-9041-04081d17ecdb@group-06060B034BE9-FollowerState] INFO  impl.RoleInfo (RoleInfo.java:updateAndGet(139)) - fbb73901-9846-46e5-9041-04081d17ecdb: start fbb73901-9846-46e5-9041-04081d17ecdb@group-06060B034BE9-LeaderElection13
2023-02-17 01:32:50,261 [fbb73901-9846-46e5-9041-04081d17ecdb@group-06060B034BE9-LeaderElection13] INFO  impl.LeaderElection (LeaderElection.java:askForVotes(312)) - fbb73901-9846-46e5-9041-04081d17ecdb@group-06060B034BE9-LeaderElection13 PRE_VOTE round 0: submit vote requests at term 0 for -1: peers:[fbb73901-9846-46e5-9041-04081d17ecdb|rpc:10.1.0.190:44701|dataStream:10.1.0.190:41727|priority:0|startupRole:FOLLOWER, 1131348d-894a-4e58-906f-f7279fcc8226|rpc:10.1.0.190:44211|dataStream:10.1.0.190:37409|priority:0|startupRole:FOLLOWER, 87f673cb-bc85-4117-8855-8087f234659e|rpc:10.1.0.190:44783|dataStream:10.1.0.190:42939|priority:1|startupRole:FOLLOWER]|listeners:[], old=null
2023-02-17 01:32:50,262 [fbb73901-9846-46e5-9041-04081d17ecdb@group-06060B034BE9-LeaderElection13] INFO  server.RaftServerConfigKeys (ConfUtils.java:logFallback(53)) - raft.server.rpc.first-election.timeout.min = 5s (fallback to raft.server.rpc.timeout.min)
2023-02-17 01:32:50,262 [fbb73901-9846-46e5-9041-04081d17ecdb@group-06060B034BE9-LeaderElection13] INFO  server.RaftServerConfigKeys (ConfUtils.java:logFallback(53)) - raft.server.rpc.first-election.timeout.max = 5200ms (fallback to raft.server.rpc.timeout.max)
2023-02-17 01:32:50,265 [grpc-default-executor-2] INFO  server.RaftServer$Division (RaftServerImpl.java:requestVote(1218)) - 87f673cb-bc85-4117-8855-8087f234659e@group-06060B034BE9: receive requestVote(PRE_VOTE, fbb73901-9846-46e5-9041-04081d17ecdb, group-06060B034BE9, 0, (t:0, i:0))
2023-02-17 01:32:50,265 [grpc-default-executor-2] INFO  impl.VoteContext (VoteContext.java:log(49)) - 87f673cb-bc85-4117-8855-8087f234659e@group-06060B034BE9-FOLLOWER: reject PRE_VOTE from fbb73901-9846-46e5-9041-04081d17ecdb: our priority 1 > candidate's priority 0
2023-02-17 01:32:50,265 [grpc-default-executor-2] INFO  server.RaftServer$Division (RaftServerImpl.java:requestVote(1251)) - 87f673cb-bc85-4117-8855-8087f234659e@group-06060B034BE9 replies to PRE_VOTE vote request: fbb73901-9846-46e5-9041-04081d17ecdb<-87f673cb-bc85-4117-8855-8087f234659e#0:FAIL-t0. Peer's state: 87f673cb-bc85-4117-8855-8087f234659e@group-06060B034BE9:t0, leader=null, voted=, raftlog=Memoized:87f673cb-bc85-4117-8855-8087f234659e@group-06060B034BE9-SegmentedRaftLog:OPENED:c-1, conf=-1: peers:[fbb73901-9846-46e5-9041-04081d17ecdb|rpc:10.1.0.190:44701|dataStream:10.1.0.190:41727|priority:0|startupRole:FOLLOWER, 1131348d-894a-4e58-906f-f7279fcc8226|rpc:10.1.0.190:44211|dataStream:10.1.0.190:37409|priority:0|startupRole:FOLLOWER, 87f673cb-bc85-4117-8855-8087f234659e|rpc:10.1.0.190:44783|dataStream:10.1.0.190:42939|priority:1|startupRole:FOLLOWER]|listeners:[], old=null
2023-02-17 01:32:50,265 [grpc-default-executor-0] INFO  server.RaftServer$Division (RaftServerImpl.java:requestVote(1218)) - 1131348d-894a-4e58-906f-f7279fcc8226@group-06060B034BE9: receive requestVote(PRE_VOTE, fbb73901-9846-46e5-9041-04081d17ecdb, group-06060B034BE9, 0, (t:0, i:0))
2023-02-17 01:32:50,265 [grpc-default-executor-0] INFO  impl.VoteContext (VoteContext.java:log(49)) - 1131348d-894a-4e58-906f-f7279fcc8226@group-06060B034BE9-FOLLOWER: accept PRE_VOTE from fbb73901-9846-46e5-9041-04081d17ecdb: our priority 0 <= candidate's priority 0
2023-02-17 01:32:50,265 [grpc-default-executor-0] INFO  server.RaftServer$Division (RaftServerImpl.java:requestVote(1251)) - 1131348d-894a-4e58-906f-f7279fcc8226@group-06060B034BE9 replies to PRE_VOTE vote request: fbb73901-9846-46e5-9041-04081d17ecdb<-1131348d-894a-4e58-906f-f7279fcc8226#0:OK-t0. Peer's state: 1131348d-894a-4e58-906f-f7279fcc8226@group-06060B034BE9:t0, leader=null, voted=, raftlog=Memoized:1131348d-894a-4e58-906f-f7279fcc8226@group-06060B034BE9-SegmentedRaftLog:OPENED:c-1, conf=-1: peers:[fbb73901-9846-46e5-9041-04081d17ecdb|rpc:10.1.0.190:44701|dataStream:10.1.0.190:41727|priority:0|startupRole:FOLLOWER, 1131348d-894a-4e58-906f-f7279fcc8226|rpc:10.1.0.190:44211|dataStream:10.1.0.190:37409|priority:0|startupRole:FOLLOWER, 87f673cb-bc85-4117-8855-8087f234659e|rpc:10.1.0.190:44783|dataStream:10.1.0.190:42939|priority:1|startupRole:FOLLOWER]|listeners:[], old=null
2023-02-17 01:32:50,270 [1131348d-894a-4e58-906f-f7279fcc8226@group-06060B034BE9-FollowerState] INFO  server.RaftServerConfigKeys (ConfUtils.java:logFallback(53)) - raft.server.rpc.first-election.timeout.min = 5s (fallback to raft.server.rpc.timeout.min)
2023-02-17 01:32:50,270 [1131348d-894a-4e58-906f-f7279fcc8226@group-06060B034BE9-FollowerState] INFO  server.RaftServerConfigKeys (ConfUtils.java:logFallback(53)) - raft.server.rpc.first-election.timeout.max = 5200ms (fallback to raft.server.rpc.timeout.max)
2023-02-17 01:32:50,273 [fbb73901-9846-46e5-9041-04081d17ecdb@group-06060B034BE9-LeaderElection13] INFO  impl.LeaderElection (LeaderElection.java:logAndReturn(90)) - fbb73901-9846-46e5-9041-04081d17ecdb@group-06060B034BE9-LeaderElection13: PRE_VOTE REJECTED received 2 response(s) and 0 exception(s):
2023-02-17 01:32:50,273 [fbb73901-9846-46e5-9041-04081d17ecdb@group-06060B034BE9-LeaderElection13] INFO  impl.LeaderElection (LeaderElection.java:logAndReturn(94)) -   Response 0: fbb73901-9846-46e5-9041-04081d17ecdb<-1131348d-894a-4e58-906f-f7279fcc8226#0:OK-t0
2023-02-17 01:32:50,273 [fbb73901-9846-46e5-9041-04081d17ecdb@group-06060B034BE9-LeaderElection13] INFO  impl.LeaderElection (LeaderElection.java:logAndReturn(94)) -   Response 1: fbb73901-9846-46e5-9041-04081d17ecdb<-87f673cb-bc85-4117-8855-8087f234659e#0:FAIL-t0
2023-02-17 01:32:50,273 [fbb73901-9846-46e5-9041-04081d17ecdb@group-06060B034BE9-LeaderElection13] INFO  impl.LeaderElection (LeaderElection.java:askForVotes(314)) - fbb73901-9846-46e5-9041-04081d17ecdb@group-06060B034BE9-LeaderElection13 PRE_VOTE round 0: result REJECTED
2023-02-17 01:32:50,273 [fbb73901-9846-46e5-9041-04081d17ecdb@group-06060B034BE9-LeaderElection13] INFO  server.RaftServer$Division (RaftServerImpl.java:setRole(321)) - fbb73901-9846-46e5-9041-04081d17ecdb@group-06060B034BE9: changes role from CANDIDATE to FOLLOWER at term 0 for REJECTED
2023-02-17 01:32:50,273 [fbb73901-9846-46e5-9041-04081d17ecdb@group-06060B034BE9-LeaderElection13] INFO  impl.RoleInfo (RoleInfo.java:shutdownLeaderElection(130)) - fbb73901-9846-46e5-9041-04081d17ecdb: shutdown fbb73901-9846-46e5-9041-04081d17ecdb@group-06060B034BE9-LeaderElection13
2023-02-17 01:32:50,273 [fbb73901-9846-46e5-9041-04081d17ecdb@group-06060B034BE9-LeaderElection13] INFO  impl.RoleInfo (RoleInfo.java:updateAndGet(139)) - fbb73901-9846-46e5-9041-04081d17ecdb: start fbb73901-9846-46e5-9041-04081d17ecdb@group-06060B034BE9-FollowerState
2023-02-17 01:32:50,274 [fbb73901-9846-46e5-9041-04081d17ecdb@group-06060B034BE9-FollowerState] INFO  server.RaftServerConfigKeys (ConfUtils.java:logFallback(53)) - raft.server.rpc.first-election.timeout.min = 5s (fallback to raft.server.rpc.timeout.min)
2023-02-17 01:32:50,274 [fbb73901-9846-46e5-9041-04081d17ecdb@group-06060B034BE9-FollowerState] INFO  server.RaftServerConfigKeys (ConfUtils.java:logFallback(53)) - raft.server.rpc.first-election.timeout.max = 5200ms (fallback to raft.server.rpc.timeout.max)
2023-02-17 01:32:50,277 [fbb73901-9846-46e5-9041-04081d17ecdb@group-0142FEAD4DC7-FollowerState] INFO  impl.FollowerState (FollowerState.java:run(143)) - fbb73901-9846-46e5-9041-04081d17ecdb@group-0142FEAD4DC7-FollowerState: change to CANDIDATE, lastRpcElapsedTime:5187519659ns, electionTimeout:5187ms
2023-02-17 01:32:50,277 [fbb73901-9846-46e5-9041-04081d17ecdb@group-0142FEAD4DC7-FollowerState] INFO  impl.RoleInfo (RoleInfo.java:shutdownFollowerState(110)) - fbb73901-9846-46e5-9041-04081d17ecdb: shutdown fbb73901-9846-46e5-9041-04081d17ecdb@group-0142FEAD4DC7-FollowerState
2023-02-17 01:32:50,277 [fbb73901-9846-46e5-9041-04081d17ecdb@group-0142FEAD4DC7-FollowerState] INFO  server.RaftServer$Division (RaftServerImpl.java:setRole(321)) - fbb73901-9846-46e5-9041-04081d17ecdb@group-0142FEAD4DC7: changes role from  FOLLOWER to CANDIDATE at term 0 for changeToCandidate
2023-02-17 01:32:50,277 [fbb73901-9846-46e5-9041-04081d17ecdb@group-0142FEAD4DC7-FollowerState] INFO  server.RaftServerConfigKeys (ConfUtils.java:logGet(46)) - raft.server.leaderelection.pre-vote = true (default)
2023-02-17 01:32:50,277 [fbb73901-9846-46e5-9041-04081d17ecdb@group-0142FEAD4DC7-FollowerState] INFO  impl.RoleInfo (RoleInfo.java:updateAndGet(139)) - fbb73901-9846-46e5-9041-04081d17ecdb: start fbb73901-9846-46e5-9041-04081d17ecdb@group-0142FEAD4DC7-LeaderElection14
2023-02-17 01:32:50,278 [fbb73901-9846-46e5-9041-04081d17ecdb@group-0142FEAD4DC7-LeaderElection14] INFO  impl.LeaderElection (LeaderElection.java:askForVotes(312)) - fbb73901-9846-46e5-9041-04081d17ecdb@group-0142FEAD4DC7-LeaderElection14 PRE_VOTE round 0: submit vote requests at term 0 for -1: peers:[fbb73901-9846-46e5-9041-04081d17ecdb|rpc:10.1.0.190:44701|dataStream:10.1.0.190:41727|priority:1|startupRole:FOLLOWER]|listeners:[], old=null
2023-02-17 01:32:50,278 [fbb73901-9846-46e5-9041-04081d17ecdb@group-0142FEAD4DC7-LeaderElection14] INFO  impl.LeaderElection (LeaderElection.java:askForVotes(314)) - fbb73901-9846-46e5-9041-04081d17ecdb@group-0142FEAD4DC7-LeaderElection14 PRE_VOTE round 0: result PASSED (term=0)
2023-02-17 01:32:50,279 [fbb73901-9846-46e5-9041-04081d17ecdb@group-0142FEAD4DC7-LeaderElection14] INFO  impl.LeaderElection (LeaderElection.java:askForVotes(312)) - fbb73901-9846-46e5-9041-04081d17ecdb@group-0142FEAD4DC7-LeaderElection14 ELECTION round 0: submit vote requests at term 1 for -1: peers:[fbb73901-9846-46e5-9041-04081d17ecdb|rpc:10.1.0.190:44701|dataStream:10.1.0.190:41727|priority:1|startupRole:FOLLOWER]|listeners:[], old=null
2023-02-17 01:32:50,279 [fbb73901-9846-46e5-9041-04081d17ecdb@group-0142FEAD4DC7-LeaderElection14] INFO  impl.LeaderElection (LeaderElection.java:askForVotes(314)) - fbb73901-9846-46e5-9041-04081d17ecdb@group-0142FEAD4DC7-LeaderElection14 ELECTION round 0: result PASSED (term=1)
2023-02-17 01:32:50,279 [fbb73901-9846-46e5-9041-04081d17ecdb@group-0142FEAD4DC7-LeaderElection14] INFO  impl.RoleInfo (RoleInfo.java:shutdownLeaderElection(130)) - fbb73901-9846-46e5-9041-04081d17ecdb: shutdown fbb73901-9846-46e5-9041-04081d17ecdb@group-0142FEAD4DC7-LeaderElection14
2023-02-17 01:32:50,279 [fbb73901-9846-46e5-9041-04081d17ecdb@group-0142FEAD4DC7-LeaderElection14] INFO  server.RaftServer$Division (RaftServerImpl.java:setRole(321)) - fbb73901-9846-46e5-9041-04081d17ecdb@group-0142FEAD4DC7: changes role from CANDIDATE to LEADER at term 1 for changeToLeader
2023-02-17 01:32:50,280 [fbb73901-9846-46e5-9041-04081d17ecdb@group-0142FEAD4DC7-LeaderElection14] INFO  ratis.XceiverServerRatis (XceiverServerRatis.java:handleLeaderChangedNotification(905)) - Leader change notification received for group: group-0142FEAD4DC7 with new leaderId: fbb73901-9846-46e5-9041-04081d17ecdb
2023-02-17 01:32:50,280 [fbb73901-9846-46e5-9041-04081d17ecdb@group-0142FEAD4DC7-LeaderElection14] INFO  server.RaftServer$Division (ServerState.java:setLeader(313)) - fbb73901-9846-46e5-9041-04081d17ecdb@group-0142FEAD4DC7: change Leader from null to fbb73901-9846-46e5-9041-04081d17ecdb at term 1 for becomeLeader, leader elected after 5204ms
2023-02-17 01:32:50,280 [fbb73901-9846-46e5-9041-04081d17ecdb@group-0142FEAD4DC7-LeaderElection14] INFO  server.RaftServerConfigKeys (ConfUtils.java:logGet(46)) - raft.server.staging.catchup.gap = 1000 (default)
2023-02-17 01:32:50,280 [fbb73901-9846-46e5-9041-04081d17ecdb@group-0142FEAD4DC7-LeaderElection14] INFO  server.RaftServerConfigKeys (ConfUtils.java:logGet(46)) - raft.server.write.element-limit = 1024 (custom)
2023-02-17 01:32:50,280 [fbb73901-9846-46e5-9041-04081d17ecdb@group-0142FEAD4DC7-LeaderElection14] INFO  server.RaftServerConfigKeys (ConfUtils.java:logGet(46)) - raft.server.write.byte-limit = 1024 M (=1073741824) (custom)
2023-02-17 01:32:50,280 [fbb73901-9846-46e5-9041-04081d17ecdb@group-0142FEAD4DC7-LeaderElection14] INFO  server.RaftServerConfigKeys (ConfUtils.java:logGet(46)) - raft.server.watch.timeout = 10000ms (default)
2023-02-17 01:32:50,280 [fbb73901-9846-46e5-9041-04081d17ecdb@group-0142FEAD4DC7-LeaderElection14] INFO  server.RaftServerConfigKeys (ConfUtils.java:logGet(46)) - raft.server.watch.timeout.denomination = 1s (default)
2023-02-17 01:32:50,280 [fbb73901-9846-46e5-9041-04081d17ecdb@group-0142FEAD4DC7-LeaderElection14] INFO  server.RaftServerConfigKeys (ConfUtils.java:logGet(46)) - raft.server.watch.element-limit = 65536 (default)
2023-02-17 01:32:50,280 [fbb73901-9846-46e5-9041-04081d17ecdb@group-0142FEAD4DC7-LeaderElection14] INFO  server.RaftServerConfigKeys (ConfUtils.java:logGet(46)) - raft.server.write.element-limit = 1024 (custom)
2023-02-17 01:32:50,281 [fbb73901-9846-46e5-9041-04081d17ecdb@group-0142FEAD4DC7-LeaderElection14] INFO  server.RaftServerConfigKeys (ConfUtils.java:logGet(46)) - raft.server.write.follower.gap.ratio.max = -1.0 (default)
2023-02-17 01:32:50,281 [fbb73901-9846-46e5-9041-04081d17ecdb@group-0142FEAD4DC7-LeaderElection14] INFO  impl.RoleInfo (RoleInfo.java:updateAndGet(139)) - fbb73901-9846-46e5-9041-04081d17ecdb: start fbb73901-9846-46e5-9041-04081d17ecdb@group-0142FEAD4DC7-LeaderStateImpl
2023-02-17 01:32:50,281 [fbb73901-9846-46e5-9041-04081d17ecdb@group-0142FEAD4DC7-LeaderElection14] INFO  segmented.SegmentedRaftLogWorker (SegmentedRaftLogWorker.java:startLogSegment(452)) - fbb73901-9846-46e5-9041-04081d17ecdb@group-0142FEAD4DC7-SegmentedRaftLogWorker: Starting segment from index:0
2023-02-17 01:32:50,282 [fbb73901-9846-46e5-9041-04081d17ecdb@group-0142FEAD4DC7-LeaderElection14] INFO  server.RaftServer$Division (ServerState.java:setRaftConf(430)) - fbb73901-9846-46e5-9041-04081d17ecdb@group-0142FEAD4DC7: set configuration 0: peers:[fbb73901-9846-46e5-9041-04081d17ecdb|rpc:10.1.0.190:44701|dataStream:10.1.0.190:41727|priority:1|startupRole:FOLLOWER]|listeners:[], old=null
2023-02-17 01:32:50,288 [fbb73901-9846-46e5-9041-04081d17ecdb@group-0142FEAD4DC7-SegmentedRaftLogWorker] INFO  segmented.SegmentedRaftLogWorker (SegmentedRaftLogWorker.java:execute(656)) - fbb73901-9846-46e5-9041-04081d17ecdb@group-0142FEAD4DC7-SegmentedRaftLogWorker: created new log segment /home/runner/work/ozone/ozone/hadoop-ozone/integration-test/target/test-dir/MiniOzoneClusterImpl-89702d93-5b91-44b6-9f2b-a559f3ead11e/datanode-0/data/ratis/49fb14fc-0f2f-4a00-8360-0142fead4dc7/current/log_inprogress_0
2023-02-17 01:32:50,343 [87f673cb-bc85-4117-8855-8087f234659e@group-06060B034BE9-FollowerState] INFO  impl.FollowerState (FollowerState.java:run(143)) - 87f673cb-bc85-4117-8855-8087f234659e@group-06060B034BE9-FollowerState: change to CANDIDATE, lastRpcElapsedTime:5076245589ns, electionTimeout:5066ms
2023-02-17 01:32:50,343 [87f673cb-bc85-4117-8855-8087f234659e@group-06060B034BE9-FollowerState] INFO  impl.RoleInfo (RoleInfo.java:shutdownFollowerState(110)) - 87f673cb-bc85-4117-8855-8087f234659e: shutdown 87f673cb-bc85-4117-8855-8087f234659e@group-06060B034BE9-FollowerState
2023-02-17 01:32:50,343 [87f673cb-bc85-4117-8855-8087f234659e@group-06060B034BE9-FollowerState] INFO  server.RaftServer$Division (RaftServerImpl.java:setRole(321)) - 87f673cb-bc85-4117-8855-8087f234659e@group-06060B034BE9: changes role from  FOLLOWER to CANDIDATE at term 0 for changeToCandidate
2023-02-17 01:32:50,344 [87f673cb-bc85-4117-8855-8087f234659e@group-06060B034BE9-FollowerState] INFO  server.RaftServerConfigKeys (ConfUtils.java:logGet(46)) - raft.server.leaderelection.pre-vote = true (default)
2023-02-17 01:32:50,344 [87f673cb-bc85-4117-8855-8087f234659e@group-06060B034BE9-FollowerState] INFO  impl.RoleInfo (RoleInfo.java:updateAndGet(139)) - 87f673cb-bc85-4117-8855-8087f234659e: start 87f673cb-bc85-4117-8855-8087f234659e@group-06060B034BE9-LeaderElection15
2023-02-17 01:32:50,344 [87f673cb-bc85-4117-8855-8087f234659e@group-06060B034BE9-LeaderElection15] INFO  impl.LeaderElection (LeaderElection.java:askForVotes(312)) - 87f673cb-bc85-4117-8855-8087f234659e@group-06060B034BE9-LeaderElection15 PRE_VOTE round 0: submit vote requests at term 0 for -1: peers:[fbb73901-9846-46e5-9041-04081d17ecdb|rpc:10.1.0.190:44701|dataStream:10.1.0.190:41727|priority:0|startupRole:FOLLOWER, 1131348d-894a-4e58-906f-f7279fcc8226|rpc:10.1.0.190:44211|dataStream:10.1.0.190:37409|priority:0|startupRole:FOLLOWER, 87f673cb-bc85-4117-8855-8087f234659e|rpc:10.1.0.190:44783|dataStream:10.1.0.190:42939|priority:1|startupRole:FOLLOWER]|listeners:[], old=null
2023-02-17 01:32:50,345 [87f673cb-bc85-4117-8855-8087f234659e@group-06060B034BE9-LeaderElection15] INFO  server.RaftServerConfigKeys (ConfUtils.java:logFallback(53)) - raft.server.rpc.first-election.timeout.min = 5s (fallback to raft.server.rpc.timeout.min)
2023-02-17 01:32:50,345 [87f673cb-bc85-4117-8855-8087f234659e@group-06060B034BE9-LeaderElection15-1] INFO  server.GrpcServerProtocolClient (GrpcServerProtocolClient.java:<init>(63)) - Build channel for fbb73901-9846-46e5-9041-04081d17ecdb
2023-02-17 01:32:50,345 [87f673cb-bc85-4117-8855-8087f234659e@group-06060B034BE9-LeaderElection15] INFO  server.RaftServerConfigKeys (ConfUtils.java:logFallback(53)) - raft.server.rpc.first-election.timeout.max = 5200ms (fallback to raft.server.rpc.timeout.max)
2023-02-17 01:32:50,345 [87f673cb-bc85-4117-8855-8087f234659e@group-06060B034BE9-LeaderElection15-2] INFO  server.GrpcServerProtocolClient (GrpcServerProtocolClient.java:<init>(63)) - Build channel for 1131348d-894a-4e58-906f-f7279fcc8226
2023-02-17 01:32:50,352 [grpc-default-executor-2] INFO  server.RaftServer$Division (RaftServerImpl.java:requestVote(1218)) - fbb73901-9846-46e5-9041-04081d17ecdb@group-06060B034BE9: receive requestVote(PRE_VOTE, 87f673cb-bc85-4117-8855-8087f234659e, group-06060B034BE9, 0, (t:0, i:0))
2023-02-17 01:32:50,353 [grpc-default-executor-2] INFO  impl.VoteContext (VoteContext.java:log(49)) - fbb73901-9846-46e5-9041-04081d17ecdb@group-06060B034BE9-FOLLOWER: accept PRE_VOTE from 87f673cb-bc85-4117-8855-8087f234659e: our priority 0 <= candidate's priority 1
2023-02-17 01:32:50,353 [grpc-default-executor-2] INFO  server.RaftServer$Division (RaftServerImpl.java:requestVote(1251)) - fbb73901-9846-46e5-9041-04081d17ecdb@group-06060B034BE9 replies to PRE_VOTE vote request: 87f673cb-bc85-4117-8855-8087f234659e<-fbb73901-9846-46e5-9041-04081d17ecdb#0:OK-t0. Peer's state: fbb73901-9846-46e5-9041-04081d17ecdb@group-06060B034BE9:t0, leader=null, voted=, raftlog=Memoized:fbb73901-9846-46e5-9041-04081d17ecdb@group-06060B034BE9-SegmentedRaftLog:OPENED:c-1, conf=-1: peers:[fbb73901-9846-46e5-9041-04081d17ecdb|rpc:10.1.0.190:44701|dataStream:10.1.0.190:41727|priority:0|startupRole:FOLLOWER, 1131348d-894a-4e58-906f-f7279fcc8226|rpc:10.1.0.190:44211|dataStream:10.1.0.190:37409|priority:0|startupRole:FOLLOWER, 87f673cb-bc85-4117-8855-8087f234659e|rpc:10.1.0.190:44783|dataStream:10.1.0.190:42939|priority:1|startupRole:FOLLOWER]|listeners:[], old=null
2023-02-17 01:32:50,355 [87f673cb-bc85-4117-8855-8087f234659e@group-06060B034BE9-LeaderElection15] INFO  impl.LeaderElection (LeaderElection.java:logAndReturn(90)) - 87f673cb-bc85-4117-8855-8087f234659e@group-06060B034BE9-LeaderElection15: PRE_VOTE PASSED received 1 response(s) and 0 exception(s):
2023-02-17 01:32:50,355 [87f673cb-bc85-4117-8855-8087f234659e@group-06060B034BE9-LeaderElection15] INFO  impl.LeaderElection (LeaderElection.java:logAndReturn(94)) -   Response 0: 87f673cb-bc85-4117-8855-8087f234659e<-fbb73901-9846-46e5-9041-04081d17ecdb#0:OK-t0
2023-02-17 01:32:50,355 [87f673cb-bc85-4117-8855-8087f234659e@group-06060B034BE9-LeaderElection15] INFO  impl.LeaderElection (LeaderElection.java:askForVotes(314)) - 87f673cb-bc85-4117-8855-8087f234659e@group-06060B034BE9-LeaderElection15 PRE_VOTE round 0: result PASSED
2023-02-17 01:32:50,358 [87f673cb-bc85-4117-8855-8087f234659e@group-06060B034BE9-LeaderElection15] INFO  impl.LeaderElection (LeaderElection.java:askForVotes(312)) - 87f673cb-bc85-4117-8855-8087f234659e@group-06060B034BE9-LeaderElection15 ELECTION round 0: submit vote requests at term 1 for -1: peers:[fbb73901-9846-46e5-9041-04081d17ecdb|rpc:10.1.0.190:44701|dataStream:10.1.0.190:41727|priority:0|startupRole:FOLLOWER, 1131348d-894a-4e58-906f-f7279fcc8226|rpc:10.1.0.190:44211|dataStream:10.1.0.190:37409|priority:0|startupRole:FOLLOWER, 87f673cb-bc85-4117-8855-8087f234659e|rpc:10.1.0.190:44783|dataStream:10.1.0.190:42939|priority:1|startupRole:FOLLOWER]|listeners:[], old=null
2023-02-17 01:32:50,362 [grpc-default-executor-2] INFO  server.RaftServer$Division (RaftServerImpl.java:requestVote(1218)) - 1131348d-894a-4e58-906f-f7279fcc8226@group-06060B034BE9: receive requestVote(PRE_VOTE, 87f673cb-bc85-4117-8855-8087f234659e, group-06060B034BE9, 0, (t:0, i:0))
2023-02-17 01:32:50,363 [grpc-default-executor-2] INFO  impl.VoteContext (VoteContext.java:log(49)) - 1131348d-894a-4e58-906f-f7279fcc8226@group-06060B034BE9-FOLLOWER: accept PRE_VOTE from 87f673cb-bc85-4117-8855-8087f234659e: our priority 0 <= candidate's priority 1
2023-02-17 01:32:50,363 [grpc-default-executor-2] INFO  server.RaftServer$Division (RaftServerImpl.java:requestVote(1251)) - 1131348d-894a-4e58-906f-f7279fcc8226@group-06060B034BE9 replies to PRE_VOTE vote request: 87f673cb-bc85-4117-8855-8087f234659e<-1131348d-894a-4e58-906f-f7279fcc8226#0:OK-t0. Peer's state: 1131348d-894a-4e58-906f-f7279fcc8226@group-06060B034BE9:t0, leader=null, voted=, raftlog=Memoized:1131348d-894a-4e58-906f-f7279fcc8226@group-06060B034BE9-SegmentedRaftLog:OPENED:c-1, conf=-1: peers:[fbb73901-9846-46e5-9041-04081d17ecdb|rpc:10.1.0.190:44701|dataStream:10.1.0.190:41727|priority:0|startupRole:FOLLOWER, 1131348d-894a-4e58-906f-f7279fcc8226|rpc:10.1.0.190:44211|dataStream:10.1.0.190:37409|priority:0|startupRole:FOLLOWER, 87f673cb-bc85-4117-8855-8087f234659e|rpc:10.1.0.190:44783|dataStream:10.1.0.190:42939|priority:1|startupRole:FOLLOWER]|listeners:[], old=null
2023-02-17 01:32:50,364 [87f673cb-bc85-4117-8855-8087f234659e@group-06060B034BE9-LeaderElection15] INFO  server.RaftServerConfigKeys (ConfUtils.java:logFallback(53)) - raft.server.rpc.first-election.timeout.min = 5s (fallback to raft.server.rpc.timeout.min)
2023-02-17 01:32:50,365 [87f673cb-bc85-4117-8855-8087f234659e@group-06060B034BE9-LeaderElection15] INFO  server.RaftServerConfigKeys (ConfUtils.java:logFallback(53)) - raft.server.rpc.first-election.timeout.max = 5200ms (fallback to raft.server.rpc.timeout.max)
2023-02-17 01:32:50,369 [grpc-default-executor-2] INFO  server.RaftServer$Division (RaftServerImpl.java:requestVote(1218)) - fbb73901-9846-46e5-9041-04081d17ecdb@group-06060B034BE9: receive requestVote(ELECTION, 87f673cb-bc85-4117-8855-8087f234659e, group-06060B034BE9, 1, (t:0, i:0))
2023-02-17 01:32:50,369 [grpc-default-executor-2] INFO  impl.VoteContext (VoteContext.java:log(49)) - fbb73901-9846-46e5-9041-04081d17ecdb@group-06060B034BE9-FOLLOWER: accept ELECTION from 87f673cb-bc85-4117-8855-8087f234659e: our priority 0 <= candidate's priority 1
2023-02-17 01:32:50,369 [grpc-default-executor-2] INFO  server.RaftServer$Division (RaftServerImpl.java:setRole(321)) - fbb73901-9846-46e5-9041-04081d17ecdb@group-06060B034BE9: changes role from  FOLLOWER to FOLLOWER at term 1 for candidate:87f673cb-bc85-4117-8855-8087f234659e
2023-02-17 01:32:50,369 [grpc-default-executor-2] INFO  impl.RoleInfo (RoleInfo.java:shutdownFollowerState(110)) - fbb73901-9846-46e5-9041-04081d17ecdb: shutdown fbb73901-9846-46e5-9041-04081d17ecdb@group-06060B034BE9-FollowerState
2023-02-17 01:32:50,369 [grpc-default-executor-2] INFO  impl.RoleInfo (RoleInfo.java:updateAndGet(139)) - fbb73901-9846-46e5-9041-04081d17ecdb: start fbb73901-9846-46e5-9041-04081d17ecdb@group-06060B034BE9-FollowerState
2023-02-17 01:32:50,369 [fbb73901-9846-46e5-9041-04081d17ecdb@group-06060B034BE9-FollowerState] INFO  impl.FollowerState (FollowerState.java:run(152)) - fbb73901-9846-46e5-9041-04081d17ecdb@group-06060B034BE9-FollowerState was interrupted
2023-02-17 01:32:50,379 [grpc-default-executor-0] INFO  server.RaftServer$Division (RaftServerImpl.java:requestVote(1218)) - 1131348d-894a-4e58-906f-f7279fcc8226@group-06060B034BE9: receive requestVote(ELECTION, 87f673cb-bc85-4117-8855-8087f234659e, group-06060B034BE9, 1, (t:0, i:0))
2023-02-17 01:32:50,379 [grpc-default-executor-0] INFO  impl.VoteContext (VoteContext.java:log(49)) - 1131348d-894a-4e58-906f-f7279fcc8226@group-06060B034BE9-FOLLOWER: accept ELECTION from 87f673cb-bc85-4117-8855-8087f234659e: our priority 0 <= candidate's priority 1
2023-02-17 01:32:50,379 [grpc-default-executor-0] INFO  server.RaftServer$Division (RaftServerImpl.java:setRole(321)) - 1131348d-894a-4e58-906f-f7279fcc8226@group-06060B034BE9: changes role from  FOLLOWER to FOLLOWER at term 1 for candidate:87f673cb-bc85-4117-8855-8087f234659e
2023-02-17 01:32:50,379 [grpc-default-executor-0] INFO  impl.RoleInfo (RoleInfo.java:shutdownFollowerState(110)) - 1131348d-894a-4e58-906f-f7279fcc8226: shutdown 1131348d-894a-4e58-906f-f7279fcc8226@group-06060B034BE9-FollowerState
2023-02-17 01:32:50,379 [grpc-default-executor-0] INFO  impl.RoleInfo (RoleInfo.java:updateAndGet(139)) - 1131348d-894a-4e58-906f-f7279fcc8226: start 1131348d-894a-4e58-906f-f7279fcc8226@group-06060B034BE9-FollowerState
2023-02-17 01:32:50,379 [1131348d-894a-4e58-906f-f7279fcc8226@group-06060B034BE9-FollowerState] INFO  impl.FollowerState (FollowerState.java:run(152)) - 1131348d-894a-4e58-906f-f7279fcc8226@group-06060B034BE9-FollowerState was interrupted
2023-02-17 01:32:50,379 [1131348d-894a-4e58-906f-f7279fcc8226@group-06060B034BE9-FollowerState] INFO  server.RaftServerConfigKeys (ConfUtils.java:logFallback(53)) - raft.server.rpc.first-election.timeout.min = 5s (fallback to raft.server.rpc.timeout.min)
2023-02-17 01:32:50,379 [1131348d-894a-4e58-906f-f7279fcc8226@group-06060B034BE9-FollowerState] INFO  server.RaftServerConfigKeys (ConfUtils.java:logFallback(53)) - raft.server.rpc.first-election.timeout.max = 5200ms (fallback to raft.server.rpc.timeout.max)
2023-02-17 01:32:50,380 [grpc-default-executor-2] INFO  server.RaftServer$Division (RaftServerImpl.java:requestVote(1251)) - fbb73901-9846-46e5-9041-04081d17ecdb@group-06060B034BE9 replies to ELECTION vote request: 87f673cb-bc85-4117-8855-8087f234659e<-fbb73901-9846-46e5-9041-04081d17ecdb#0:OK-t1. Peer's state: fbb73901-9846-46e5-9041-04081d17ecdb@group-06060B034BE9:t1, leader=null, voted=87f673cb-bc85-4117-8855-8087f234659e, raftlog=Memoized:fbb73901-9846-46e5-9041-04081d17ecdb@group-06060B034BE9-SegmentedRaftLog:OPENED:c-1, conf=-1: peers:[fbb73901-9846-46e5-9041-04081d17ecdb|rpc:10.1.0.190:44701|dataStream:10.1.0.190:41727|priority:0|startupRole:FOLLOWER, 1131348d-894a-4e58-906f-f7279fcc8226|rpc:10.1.0.190:44211|dataStream:10.1.0.190:37409|priority:0|startupRole:FOLLOWER, 87f673cb-bc85-4117-8855-8087f234659e|rpc:10.1.0.190:44783|dataStream:10.1.0.190:42939|priority:1|startupRole:FOLLOWER]|listeners:[], old=null
2023-02-17 01:32:50,383 [87f673cb-bc85-4117-8855-8087f234659e@group-06060B034BE9-LeaderElection15] INFO  impl.LeaderElection (LeaderElection.java:logAndReturn(90)) - 87f673cb-bc85-4117-8855-8087f234659e@group-06060B034BE9-LeaderElection15: ELECTION PASSED received 1 response(s) and 0 exception(s):
2023-02-17 01:32:50,383 [87f673cb-bc85-4117-8855-8087f234659e@group-06060B034BE9-LeaderElection15] INFO  impl.LeaderElection (LeaderElection.java:logAndReturn(94)) -   Response 0: 87f673cb-bc85-4117-8855-8087f234659e<-fbb73901-9846-46e5-9041-04081d17ecdb#0:OK-t1
2023-02-17 01:32:50,383 [87f673cb-bc85-4117-8855-8087f234659e@group-06060B034BE9-LeaderElection15] INFO  impl.LeaderElection (LeaderElection.java:askForVotes(314)) - 87f673cb-bc85-4117-8855-8087f234659e@group-06060B034BE9-LeaderElection15 ELECTION round 0: result PASSED
2023-02-17 01:32:50,383 [87f673cb-bc85-4117-8855-8087f234659e@group-06060B034BE9-LeaderElection15] INFO  impl.RoleInfo (RoleInfo.java:shutdownLeaderElection(130)) - 87f673cb-bc85-4117-8855-8087f234659e: shutdown 87f673cb-bc85-4117-8855-8087f234659e@group-06060B034BE9-LeaderElection15
2023-02-17 01:32:50,383 [87f673cb-bc85-4117-8855-8087f234659e@group-06060B034BE9-LeaderElection15] INFO  server.RaftServer$Division (RaftServerImpl.java:setRole(321)) - 87f673cb-bc85-4117-8855-8087f234659e@group-06060B034BE9: changes role from CANDIDATE to LEADER at term 1 for changeToLeader
2023-02-17 01:32:50,383 [87f673cb-bc85-4117-8855-8087f234659e@group-06060B034BE9-LeaderElection15] INFO  ratis.XceiverServerRatis (XceiverServerRatis.java:handleLeaderChangedNotification(905)) - Leader change notification received for group: group-06060B034BE9 with new leaderId: 87f673cb-bc85-4117-8855-8087f234659e
2023-02-17 01:32:50,383 [fbb73901-9846-46e5-9041-04081d17ecdb@group-06060B034BE9-FollowerState] INFO  server.RaftServerConfigKeys (ConfUtils.java:logFallback(53)) - raft.server.rpc.first-election.timeout.min = 5s (fallback to raft.server.rpc.timeout.min)
2023-02-17 01:32:50,383 [87f673cb-bc85-4117-8855-8087f234659e@group-06060B034BE9-LeaderElection15] INFO  server.RaftServer$Division (ServerState.java:setLeader(313)) - 87f673cb-bc85-4117-8855-8087f234659e@group-06060B034BE9: change Leader from null to 87f673cb-bc85-4117-8855-8087f234659e at term 1 for becomeLeader, leader elected after 5127ms
2023-02-17 01:32:50,383 [fbb73901-9846-46e5-9041-04081d17ecdb@group-06060B034BE9-FollowerState] INFO  server.RaftServerConfigKeys (ConfUtils.java:logFallback(53)) - raft.server.rpc.first-election.timeout.max = 5200ms (fallback to raft.server.rpc.timeout.max)
2023-02-17 01:32:50,383 [87f673cb-bc85-4117-8855-8087f234659e@group-06060B034BE9-LeaderElection15] INFO  server.RaftServerConfigKeys (ConfUtils.java:logGet(46)) - raft.server.staging.catchup.gap = 1000 (default)
2023-02-17 01:32:50,384 [87f673cb-bc85-4117-8855-8087f234659e@group-06060B034BE9-LeaderElection15] INFO  server.RaftServerConfigKeys (ConfUtils.java:logGet(46)) - raft.server.write.element-limit = 1024 (custom)
2023-02-17 01:32:50,384 [87f673cb-bc85-4117-8855-8087f234659e@group-06060B034BE9-LeaderElection15] INFO  server.RaftServerConfigKeys (ConfUtils.java:logGet(46)) - raft.server.write.byte-limit = 1024 M (=1073741824) (custom)
2023-02-17 01:32:50,384 [87f673cb-bc85-4117-8855-8087f234659e@group-06060B034BE9-LeaderElection15] INFO  server.RaftServerConfigKeys (ConfUtils.java:logGet(46)) - raft.server.watch.timeout = 10000ms (default)
2023-02-17 01:32:50,384 [87f673cb-bc85-4117-8855-8087f234659e@group-06060B034BE9-LeaderElection15] INFO  server.RaftServerConfigKeys (ConfUtils.java:logGet(46)) - raft.server.watch.timeout.denomination = 1s (default)
2023-02-17 01:32:50,384 [87f673cb-bc85-4117-8855-8087f234659e@group-06060B034BE9-LeaderElection15] INFO  server.RaftServerConfigKeys (ConfUtils.java:logGet(46)) - raft.server.watch.element-limit = 65536 (default)
2023-02-17 01:32:50,384 [87f673cb-bc85-4117-8855-8087f234659e@group-06060B034BE9-LeaderElection15] INFO  server.RaftServerConfigKeys (ConfUtils.java:logGet(46)) - raft.server.write.element-limit = 1024 (custom)
2023-02-17 01:32:50,384 [87f673cb-bc85-4117-8855-8087f234659e@group-06060B034BE9-LeaderElection15] INFO  server.RaftServerConfigKeys (ConfUtils.java:logGet(46)) - raft.server.write.follower.gap.ratio.max = -1.0 (default)
2023-02-17 01:32:50,384 [87f673cb-bc85-4117-8855-8087f234659e@group-06060B034BE9-LeaderElection15] INFO  server.RaftServerConfigKeys (ConfUtils.java:logGet(46)) - raft.server.log.appender.snapshot.chunk.size.max = 16MB (=16777216) (default)
2023-02-17 01:32:50,385 [87f673cb-bc85-4117-8855-8087f234659e@group-06060B034BE9-LeaderElection15] INFO  server.RaftServerConfigKeys (ConfUtils.java:logGet(46)) - raft.server.log.appender.buffer.byte-limit = 33554432 (custom)
2023-02-17 01:32:50,385 [87f673cb-bc85-4117-8855-8087f234659e@group-06060B034BE9-LeaderElection15] INFO  server.RaftServerConfigKeys (ConfUtils.java:logGet(46)) - raft.server.log.appender.buffer.element-limit = 1 (custom)
2023-02-17 01:32:50,385 [87f673cb-bc85-4117-8855-8087f234659e@group-06060B034BE9-LeaderElection15] INFO  grpc.GrpcConfigKeys (ConfUtils.java:logGet(46)) - raft.grpc.server.leader.outstanding.appends.max = 128 (default)
2023-02-17 01:32:50,385 [87f673cb-bc85-4117-8855-8087f234659e@group-06060B034BE9-LeaderElection15] INFO  server.RaftServerConfigKeys (ConfUtils.java:logGet(46)) - raft.server.rpc.request.timeout = 3000ms (default)
2023-02-17 01:32:50,385 [87f673cb-bc85-4117-8855-8087f234659e@group-06060B034BE9-LeaderElection15] INFO  server.RaftServerConfigKeys (ConfUtils.java:logGet(46)) - raft.server.log.appender.install.snapshot.enabled = false (custom)
2023-02-17 01:32:50,385 [grpc-default-executor-0] INFO  server.RaftServer$Division (RaftServerImpl.java:requestVote(1251)) - 1131348d-894a-4e58-906f-f7279fcc8226@group-06060B034BE9 replies to ELECTION vote request: 87f673cb-bc85-4117-8855-8087f234659e<-1131348d-894a-4e58-906f-f7279fcc8226#0:OK-t1. Peer's state: 1131348d-894a-4e58-906f-f7279fcc8226@group-06060B034BE9:t1, leader=null, voted=87f673cb-bc85-4117-8855-8087f234659e, raftlog=Memoized:1131348d-894a-4e58-906f-f7279fcc8226@group-06060B034BE9-SegmentedRaftLog:OPENED:c-1, conf=-1: peers:[fbb73901-9846-46e5-9041-04081d17ecdb|rpc:10.1.0.190:44701|dataStream:10.1.0.190:41727|priority:0|startupRole:FOLLOWER, 1131348d-894a-4e58-906f-f7279fcc8226|rpc:10.1.0.190:44211|dataStream:10.1.0.190:37409|priority:0|startupRole:FOLLOWER, 87f673cb-bc85-4117-8855-8087f234659e|rpc:10.1.0.190:44783|dataStream:10.1.0.190:42939|priority:1|startupRole:FOLLOWER]|listeners:[], old=null
2023-02-17 01:32:50,386 [EventQueue-PipelineReportForPipelineReportHandler] INFO  pipeline.PipelineManagerImpl (PipelineManagerImpl.java:openPipeline(367)) - Pipeline Pipeline[ Id: 1b6a77e3-027c-408d-bbfe-06060b034be9, Nodes: 1131348d-894a-4e58-906f-f7279fcc8226(fv-az249-264.ubt5suc3ufjutoeqyo4zsso0he.gx.internal.cloudapp.net/10.1.0.190)87f673cb-bc85-4117-8855-8087f234659e(fv-az249-264.ubt5suc3ufjutoeqyo4zsso0he.gx.internal.cloudapp.net/10.1.0.190)fbb73901-9846-46e5-9041-04081d17ecdb(fv-az249-264.ubt5suc3ufjutoeqyo4zsso0he.gx.internal.cloudapp.net/10.1.0.190), ReplicationConfig: RATIS/THREE, State:ALLOCATED, leaderId:87f673cb-bc85-4117-8855-8087f234659e, CreationTimestamp2023-02-17T01:32:42.876Z[Etc/UTC]] moved to OPEN state
2023-02-17 01:32:50,385 [87f673cb-bc85-4117-8855-8087f234659e@group-06060B034BE9-LeaderElection15] INFO  grpc.GrpcConfigKeys (ConfUtils.java:logGet(46)) - raft.grpc.server.heartbeat.channel = true (default)
2023-02-17 01:32:50,388 [87f673cb-bc85-4117-8855-8087f234659e@group-06060B034BE9-LeaderElection15] INFO  server.RaftServerConfigKeys (ConfUtils.java:logGet(46)) - raft.server.log.appender.wait-time.min = 10ms (default)
2023-02-17 01:32:50,388 [87f673cb-bc85-4117-8855-8087f234659e@group-06060B034BE9-LeaderElection15] INFO  server.RaftServerConfigKeys (ConfUtils.java:logGet(46)) - raft.server.log.appender.snapshot.chunk.size.max = 16MB (=16777216) (default)
2023-02-17 01:32:50,388 [87f673cb-bc85-4117-8855-8087f234659e@group-06060B034BE9-LeaderElection15] INFO  server.RaftServerConfigKeys (ConfUtils.java:logGet(46)) - raft.server.log.appender.buffer.byte-limit = 33554432 (custom)
2023-02-17 01:32:50,388 [87f673cb-bc85-4117-8855-8087f234659e@group-06060B034BE9-LeaderElection15] INFO  server.RaftServerConfigKeys (ConfUtils.java:logGet(46)) - raft.server.log.appender.buffer.element-limit = 1 (custom)
2023-02-17 01:32:50,388 [87f673cb-bc85-4117-8855-8087f234659e@group-06060B034BE9-LeaderElection15] INFO  grpc.GrpcConfigKeys (ConfUtils.java:logGet(46)) - raft.grpc.server.leader.outstanding.appends.max = 128 (default)
2023-02-17 01:32:50,388 [87f673cb-bc85-4117-8855-8087f234659e@group-06060B034BE9-LeaderElection15] INFO  server.RaftServerConfigKeys (ConfUtils.java:logGet(46)) - raft.server.rpc.request.timeout = 3000ms (default)
2023-02-17 01:32:50,388 [87f673cb-bc85-4117-8855-8087f234659e@group-06060B034BE9-LeaderElection15] INFO  server.RaftServerConfigKeys (ConfUtils.java:logGet(46)) - raft.server.log.appender.install.snapshot.enabled = false (custom)
2023-02-17 01:32:50,388 [87f673cb-bc85-4117-8855-8087f234659e@group-06060B034BE9-LeaderElection15] INFO  grpc.GrpcConfigKeys (ConfUtils.java:logGet(46)) - raft.grpc.server.heartbeat.channel = true (default)
2023-02-17 01:32:50,388 [87f673cb-bc85-4117-8855-8087f234659e@group-06060B034BE9-LeaderElection15] INFO  server.RaftServerConfigKeys (ConfUtils.java:logGet(46)) - raft.server.log.appender.wait-time.min = 10ms (default)
2023-02-17 01:32:50,389 [87f673cb-bc85-4117-8855-8087f234659e@group-06060B034BE9-LeaderElection15] INFO  impl.RoleInfo (RoleInfo.java:updateAndGet(139)) - 87f673cb-bc85-4117-8855-8087f234659e: start 87f673cb-bc85-4117-8855-8087f234659e@group-06060B034BE9-LeaderStateImpl
2023-02-17 01:32:50,389 [87f673cb-bc85-4117-8855-8087f234659e@group-06060B034BE9-LeaderElection15] INFO  segmented.SegmentedRaftLogWorker (SegmentedRaftLogWorker.java:startLogSegment(452)) - 87f673cb-bc85-4117-8855-8087f234659e@group-06060B034BE9-SegmentedRaftLogWorker: Starting segment from index:0
2023-02-17 01:32:50,391 [87f673cb-bc85-4117-8855-8087f234659e@group-06060B034BE9-SegmentedRaftLogWorker] INFO  segmented.SegmentedRaftLogWorker (SegmentedRaftLogWorker.java:execute(656)) - 87f673cb-bc85-4117-8855-8087f234659e@group-06060B034BE9-SegmentedRaftLogWorker: created new log segment /home/runner/work/ozone/ozone/hadoop-ozone/integration-test/target/test-dir/MiniOzoneClusterImpl-89702d93-5b91-44b6-9f2b-a559f3ead11e/datanode-2/data/ratis/1b6a77e3-027c-408d-bbfe-06060b034be9/current/log_inprogress_0
2023-02-17 01:32:50,410 [87f673cb-bc85-4117-8855-8087f234659e@group-06060B034BE9-LeaderElection15] INFO  server.RaftServer$Division (ServerState.java:setRaftConf(430)) - 87f673cb-bc85-4117-8855-8087f234659e@group-06060B034BE9: set configuration 0: peers:[fbb73901-9846-46e5-9041-04081d17ecdb|rpc:10.1.0.190:44701|dataStream:10.1.0.190:41727|priority:0|startupRole:FOLLOWER, 1131348d-894a-4e58-906f-f7279fcc8226|rpc:10.1.0.190:44211|dataStream:10.1.0.190:37409|priority:0|startupRole:FOLLOWER, 87f673cb-bc85-4117-8855-8087f234659e|rpc:10.1.0.190:44783|dataStream:10.1.0.190:42939|priority:1|startupRole:FOLLOWER]|listeners:[], old=null
2023-02-17 01:32:50,421 [1131348d-894a-4e58-906f-f7279fcc8226-server-thread1] INFO  ratis.XceiverServerRatis (XceiverServerRatis.java:handleLeaderChangedNotification(905)) - Leader change notification received for group: group-06060B034BE9 with new leaderId: 87f673cb-bc85-4117-8855-8087f234659e
2023-02-17 01:32:50,421 [1131348d-894a-4e58-906f-f7279fcc8226-server-thread1] INFO  server.RaftServer$Division (ServerState.java:setLeader(313)) - 1131348d-894a-4e58-906f-f7279fcc8226@group-06060B034BE9: change Leader from null to 87f673cb-bc85-4117-8855-8087f234659e at term 1 for appendEntries, leader elected after 5200ms
2023-02-17 01:32:50,421 [fbb73901-9846-46e5-9041-04081d17ecdb-server-thread1] INFO  ratis.XceiverServerRatis (XceiverServerRatis.java:handleLeaderChangedNotification(905)) - Leader change notification received for group: group-06060B034BE9 with new leaderId: 87f673cb-bc85-4117-8855-8087f234659e
2023-02-17 01:32:50,422 [fbb73901-9846-46e5-9041-04081d17ecdb-server-thread1] INFO  server.RaftServer$Division (ServerState.java:setLeader(313)) - fbb73901-9846-46e5-9041-04081d17ecdb@group-06060B034BE9: change Leader from null to 87f673cb-bc85-4117-8855-8087f234659e at term 1 for appendEntries, leader elected after 5222ms
2023-02-17 01:32:50,431 [fbb73901-9846-46e5-9041-04081d17ecdb-server-thread2] INFO  server.RaftServer$Division (ServerState.java:setRaftConf(430)) - fbb73901-9846-46e5-9041-04081d17ecdb@group-06060B034BE9: set configuration 0: peers:[fbb73901-9846-46e5-9041-04081d17ecdb|rpc:10.1.0.190:44701|dataStream:10.1.0.190:41727|priority:0|startupRole:FOLLOWER, 1131348d-894a-4e58-906f-f7279fcc8226|rpc:10.1.0.190:44211|dataStream:10.1.0.190:37409|priority:0|startupRole:FOLLOWER, 87f673cb-bc85-4117-8855-8087f234659e|rpc:10.1.0.190:44783|dataStream:10.1.0.190:42939|priority:1|startupRole:FOLLOWER]|listeners:[], old=null
2023-02-17 01:32:50,431 [fbb73901-9846-46e5-9041-04081d17ecdb-server-thread2] INFO  segmented.SegmentedRaftLogWorker (SegmentedRaftLogWorker.java:startLogSegment(452)) - fbb73901-9846-46e5-9041-04081d17ecdb@group-06060B034BE9-SegmentedRaftLogWorker: Starting segment from index:0
2023-02-17 01:32:50,436 [fbb73901-9846-46e5-9041-04081d17ecdb@group-06060B034BE9-SegmentedRaftLogWorker] INFO  segmented.SegmentedRaftLogWorker (SegmentedRaftLogWorker.java:execute(656)) - fbb73901-9846-46e5-9041-04081d17ecdb@group-06060B034BE9-SegmentedRaftLogWorker: created new log segment /home/runner/work/ozone/ozone/hadoop-ozone/integration-test/target/test-dir/MiniOzoneClusterImpl-89702d93-5b91-44b6-9f2b-a559f3ead11e/datanode-0/data/ratis/1b6a77e3-027c-408d-bbfe-06060b034be9/current/log_inprogress_0
2023-02-17 01:32:50,436 [1131348d-894a-4e58-906f-f7279fcc8226-server-thread3] INFO  server.RaftServer$Division (ServerState.java:setRaftConf(430)) - 1131348d-894a-4e58-906f-f7279fcc8226@group-06060B034BE9: set configuration 0: peers:[fbb73901-9846-46e5-9041-04081d17ecdb|rpc:10.1.0.190:44701|dataStream:10.1.0.190:41727|priority:0|startupRole:FOLLOWER, 1131348d-894a-4e58-906f-f7279fcc8226|rpc:10.1.0.190:44211|dataStream:10.1.0.190:37409|priority:0|startupRole:FOLLOWER, 87f673cb-bc85-4117-8855-8087f234659e|rpc:10.1.0.190:44783|dataStream:10.1.0.190:42939|priority:1|startupRole:FOLLOWER]|listeners:[], old=null
2023-02-17 01:32:50,438 [1131348d-894a-4e58-906f-f7279fcc8226-server-thread3] INFO  segmented.SegmentedRaftLogWorker (SegmentedRaftLogWorker.java:startLogSegment(452)) - 1131348d-894a-4e58-906f-f7279fcc8226@group-06060B034BE9-SegmentedRaftLogWorker: Starting segment from index:0
2023-02-17 01:32:50,440 [1131348d-894a-4e58-906f-f7279fcc8226@group-06060B034BE9-SegmentedRaftLogWorker] INFO  segmented.SegmentedRaftLogWorker (SegmentedRaftLogWorker.java:execute(656)) - 1131348d-894a-4e58-906f-f7279fcc8226@group-06060B034BE9-SegmentedRaftLogWorker: created new log segment /home/runner/work/ozone/ozone/hadoop-ozone/integration-test/target/test-dir/MiniOzoneClusterImpl-89702d93-5b91-44b6-9f2b-a559f3ead11e/datanode-1/data/ratis/1b6a77e3-027c-408d-bbfe-06060b034be9/current/log_inprogress_0
2023-02-17 01:32:50,476 [1131348d-894a-4e58-906f-f7279fcc8226@group-596D5CAD1D12-FollowerState] INFO  impl.FollowerState (FollowerState.java:run(143)) - 1131348d-894a-4e58-906f-f7279fcc8226@group-596D5CAD1D12-FollowerState: change to CANDIDATE, lastRpcElapsedTime:5013292185ns, electionTimeout:5012ms
2023-02-17 01:32:50,476 [1131348d-894a-4e58-906f-f7279fcc8226@group-596D5CAD1D12-FollowerState] INFO  impl.RoleInfo (RoleInfo.java:shutdownFollowerState(110)) - 1131348d-894a-4e58-906f-f7279fcc8226: shutdown 1131348d-894a-4e58-906f-f7279fcc8226@group-596D5CAD1D12-FollowerState
2023-02-17 01:32:50,476 [1131348d-894a-4e58-906f-f7279fcc8226@group-596D5CAD1D12-FollowerState] INFO  server.RaftServer$Division (RaftServerImpl.java:setRole(321)) - 1131348d-894a-4e58-906f-f7279fcc8226@group-596D5CAD1D12: changes role from  FOLLOWER to CANDIDATE at term 0 for changeToCandidate
2023-02-17 01:32:50,476 [1131348d-894a-4e58-906f-f7279fcc8226@group-596D5CAD1D12-FollowerState] INFO  server.RaftServerConfigKeys (ConfUtils.java:logGet(46)) - raft.server.leaderelection.pre-vote = true (default)
2023-02-17 01:32:50,476 [1131348d-894a-4e58-906f-f7279fcc8226@group-596D5CAD1D12-FollowerState] INFO  impl.RoleInfo (RoleInfo.java:updateAndGet(139)) - 1131348d-894a-4e58-906f-f7279fcc8226: start 1131348d-894a-4e58-906f-f7279fcc8226@group-596D5CAD1D12-LeaderElection16
2023-02-17 01:32:50,477 [1131348d-894a-4e58-906f-f7279fcc8226@group-596D5CAD1D12-LeaderElection16] INFO  impl.LeaderElection (LeaderElection.java:askForVotes(312)) - 1131348d-894a-4e58-906f-f7279fcc8226@group-596D5CAD1D12-LeaderElection16 PRE_VOTE round 0: submit vote requests at term 0 for -1: peers:[1131348d-894a-4e58-906f-f7279fcc8226|rpc:10.1.0.190:44211|dataStream:10.1.0.190:37409|priority:1|startupRole:FOLLOWER]|listeners:[], old=null
2023-02-17 01:32:50,478 [1131348d-894a-4e58-906f-f7279fcc8226@group-596D5CAD1D12-LeaderElection16] INFO  impl.LeaderElection (LeaderElection.java:askForVotes(314)) - 1131348d-894a-4e58-906f-f7279fcc8226@group-596D5CAD1D12-LeaderElection16 PRE_VOTE round 0: result PASSED (term=0)
2023-02-17 01:32:50,479 [1131348d-894a-4e58-906f-f7279fcc8226@group-596D5CAD1D12-LeaderElection16] INFO  impl.LeaderElection (LeaderElection.java:askForVotes(312)) - 1131348d-894a-4e58-906f-f7279fcc8226@group-596D5CAD1D12-LeaderElection16 ELECTION round 0: submit vote requests at term 1 for -1: peers:[1131348d-894a-4e58-906f-f7279fcc8226|rpc:10.1.0.190:44211|dataStream:10.1.0.190:37409|priority:1|startupRole:FOLLOWER]|listeners:[], old=null
2023-02-17 01:32:50,479 [1131348d-894a-4e58-906f-f7279fcc8226@group-596D5CAD1D12-LeaderElection16] INFO  impl.LeaderElection (LeaderElection.java:askForVotes(314)) - 1131348d-894a-4e58-906f-f7279fcc8226@group-596D5CAD1D12-LeaderElection16 ELECTION round 0: result PASSED (term=1)
2023-02-17 01:32:50,479 [1131348d-894a-4e58-906f-f7279fcc8226@group-596D5CAD1D12-LeaderElection16] INFO  impl.RoleInfo (RoleInfo.java:shutdownLeaderElection(130)) - 1131348d-894a-4e58-906f-f7279fcc8226: shutdown 1131348d-894a-4e58-906f-f7279fcc8226@group-596D5CAD1D12-LeaderElection16
2023-02-17 01:32:50,479 [1131348d-894a-4e58-906f-f7279fcc8226@group-596D5CAD1D12-LeaderElection16] INFO  server.RaftServer$Division (RaftServerImpl.java:setRole(321)) - 1131348d-894a-4e58-906f-f7279fcc8226@group-596D5CAD1D12: changes role from CANDIDATE to LEADER at term 1 for changeToLeader
2023-02-17 01:32:50,479 [1131348d-894a-4e58-906f-f7279fcc8226@group-596D5CAD1D12-LeaderElection16] INFO  ratis.XceiverServerRatis (XceiverServerRatis.java:handleLeaderChangedNotification(905)) - Leader change notification received for group: group-596D5CAD1D12 with new leaderId: 1131348d-894a-4e58-906f-f7279fcc8226
2023-02-17 01:32:50,479 [1131348d-894a-4e58-906f-f7279fcc8226@group-596D5CAD1D12-LeaderElection16] INFO  server.RaftServer$Division (ServerState.java:setLeader(313)) - 1131348d-894a-4e58-906f-f7279fcc8226@group-596D5CAD1D12: change Leader from null to 1131348d-894a-4e58-906f-f7279fcc8226 at term 1 for becomeLeader, leader elected after 5031ms
2023-02-17 01:32:50,489 [1131348d-894a-4e58-906f-f7279fcc8226@group-596D5CAD1D12-LeaderElection16] INFO  server.RaftServerConfigKeys (ConfUtils.java:logGet(46)) - raft.server.staging.catchup.gap = 1000 (default)
2023-02-17 01:32:50,489 [1131348d-894a-4e58-906f-f7279fcc8226@group-596D5CAD1D12-LeaderElection16] INFO  server.RaftServerConfigKeys (ConfUtils.java:logGet(46)) - raft.server.write.element-limit = 1024 (custom)
2023-02-17 01:32:50,489 [1131348d-894a-4e58-906f-f7279fcc8226@group-596D5CAD1D12-LeaderElection16] INFO  server.RaftServerConfigKeys (ConfUtils.java:logGet(46)) - raft.server.write.byte-limit = 1024 M (=1073741824) (custom)
2023-02-17 01:32:50,489 [1131348d-894a-4e58-906f-f7279fcc8226@group-596D5CAD1D12-LeaderElection16] INFO  server.RaftServerConfigKeys (ConfUtils.java:logGet(46)) - raft.server.watch.timeout = 10000ms (default)
2023-02-17 01:32:50,489 [1131348d-894a-4e58-906f-f7279fcc8226@group-596D5CAD1D12-LeaderElection16] INFO  server.RaftServerConfigKeys (ConfUtils.java:logGet(46)) - raft.server.watch.timeout.denomination = 1s (default)
2023-02-17 01:32:50,489 [1131348d-894a-4e58-906f-f7279fcc8226@group-596D5CAD1D12-LeaderElection16] INFO  server.RaftServerConfigKeys (ConfUtils.java:logGet(46)) - raft.server.watch.element-limit = 65536 (default)
2023-02-17 01:32:50,489 [1131348d-894a-4e58-906f-f7279fcc8226@group-596D5CAD1D12-LeaderElection16] INFO  server.RaftServerConfigKeys (ConfUtils.java:logGet(46)) - raft.server.write.element-limit = 1024 (custom)
2023-02-17 01:32:50,490 [1131348d-894a-4e58-906f-f7279fcc8226@group-596D5CAD1D12-LeaderElection16] INFO  server.RaftServerConfigKeys (ConfUtils.java:logGet(46)) - raft.server.write.follower.gap.ratio.max = -1.0 (default)
2023-02-17 01:32:50,490 [1131348d-894a-4e58-906f-f7279fcc8226@group-596D5CAD1D12-LeaderElection16] INFO  impl.RoleInfo (RoleInfo.java:updateAndGet(139)) - 1131348d-894a-4e58-906f-f7279fcc8226: start 1131348d-894a-4e58-906f-f7279fcc8226@group-596D5CAD1D12-LeaderStateImpl
2023-02-17 01:32:50,490 [1131348d-894a-4e58-906f-f7279fcc8226@group-596D5CAD1D12-LeaderElection16] INFO  segmented.SegmentedRaftLogWorker (SegmentedRaftLogWorker.java:startLogSegment(452)) - 1131348d-894a-4e58-906f-f7279fcc8226@group-596D5CAD1D12-SegmentedRaftLogWorker: Starting segment from index:0
2023-02-17 01:32:50,491 [1131348d-894a-4e58-906f-f7279fcc8226@group-596D5CAD1D12-SegmentedRaftLogWorker] INFO  segmented.SegmentedRaftLogWorker (SegmentedRaftLogWorker.java:execute(656)) - 1131348d-894a-4e58-906f-f7279fcc8226@group-596D5CAD1D12-SegmentedRaftLogWorker: created new log segment /home/runner/work/ozone/ozone/hadoop-ozone/integration-test/target/test-dir/MiniOzoneClusterImpl-89702d93-5b91-44b6-9f2b-a559f3ead11e/datanode-1/data/ratis/b83c5ab2-5440-4756-ab72-596d5cad1d12/current/log_inprogress_0
2023-02-17 01:32:50,493 [1131348d-894a-4e58-906f-f7279fcc8226@group-596D5CAD1D12-LeaderElection16] INFO  server.RaftServer$Division (ServerState.java:setRaftConf(430)) - 1131348d-894a-4e58-906f-f7279fcc8226@group-596D5CAD1D12: set configuration 0: peers:[1131348d-894a-4e58-906f-f7279fcc8226|rpc:10.1.0.190:44211|dataStream:10.1.0.190:37409|priority:1|startupRole:FOLLOWER]|listeners:[], old=null
2023-02-17 01:32:50,587 [Listener at 127.0.0.1/33393] INFO  ozone.MiniOzoneClusterImpl (MiniOzoneClusterImpl.java:lambda$waitForClusterToBeReady$0(218)) - Nodes are ready. Got 5 of 5 DN Heartbeats.
2023-02-17 01:32:50,587 [Listener at 127.0.0.1/33393] INFO  ozone.MiniOzoneClusterImpl (MiniOzoneClusterImpl.java:lambda$waitForClusterToBeReady$0(221)) - Cluster exits safe mode
2023-02-17 01:32:50,587 [Listener at 127.0.0.1/33393] INFO  ozone.MiniOzoneClusterImpl (MiniOzoneClusterImpl.java:lambda$waitForClusterToBeReady$0(223)) - SCM became leader
2023-02-17 01:32:50,605 [setup] INFO  rpc.RpcClient (RpcClient.java:createVolume(476)) - Creating Volume: volume60856, with user48579 as owner and space quota set to -1 bytes, counts quota set to -1
2023-02-17 01:32:50,619 [OM StateMachine ApplyTransaction Thread - 0] INFO  volume.OMVolumeCreateRequest (OMVolumeCreateRequest.java:validateAndUpdateCache(195)) - created volume:volume60856 for user:user48579
2023-02-17 01:32:50,625 [setup] INFO  rpc.RpcClient (RpcClient.java:createBucket(698)) - Creating Bucket: volume60856/bucket48187, with bucket layout LEGACY, runner as owner, Versioning false, Storage Type set to DISK and Encryption set to false, Replication Type set to server-side default replication type, Namespace Quota set to -1, Space Quota set to -1 
2023-02-17 01:32:50,631 [OM StateMachine ApplyTransaction Thread - 0] INFO  bucket.OMBucketCreateRequest (OMBucketCreateRequest.java:validateAndUpdateCache(263)) - created bucket: bucket48187 of layout LEGACY in volume: volume60856
2023-02-17 01:32:50,681 [setup] INFO  contract.AbstractFSContractTestBase (AbstractFSContractTestBase.java:setup(194)) - Test filesystem = o3fs://bucket48187.volume60856 implemented by OzoneFileSystem{URI=o3fs://bucket48187.volume60856, workingDir=o3fs://bucket48187.volume60856/user/runner, userName=runner, statistics=0 bytes read, 54 bytes written, 54 read ops, 0 large read ops, 19 write ops}
2023-02-17 01:32:50,701 [IPC Server handler 4 on default port 44301] INFO  ha.SequenceIdGenerator (SequenceIdGenerator.java:getNextId(128)) - Allocate a batch for containerId, change lastId from 0 to 1000.
2023-02-17 01:32:50,702 [IPC Server handler 4 on default port 44301] WARN  ha.SequenceIdGenerator (SequenceIdGenerator.java:allocateBatch(237)) - Failed to allocate a batch for localId, expected lastId is 0, actual lastId is 111677748019200000.
2023-02-17 01:32:50,702 [IPC Server handler 4 on default port 44301] INFO  ha.SequenceIdGenerator (SequenceIdGenerator.java:getNextId(128)) - Allocate a batch for localId, change lastId from 111677748019200000 to 111677748019201000.
]]></system-out>
  </testcase>
  <testcase name="testDeleteDeepEmptyDir" classname="ITestOzoneContractDelete" time="0.156">
    <system-out><![CDATA[2023-02-17 01:32:29,176 [setup] INFO  rpc.RpcClient (RpcClient.java:createVolume(476)) - Creating Volume: volume79743, with user79168 as owner and space quota set to -1 bytes, counts quota set to -1
2023-02-17 01:32:29,182 [OM StateMachine ApplyTransaction Thread - 0] INFO  volume.OMVolumeCreateRequest (OMVolumeCreateRequest.java:validateAndUpdateCache(195)) - created volume:volume79743 for user:user79168
2023-02-17 01:32:29,186 [setup] INFO  rpc.RpcClient (RpcClient.java:createBucket(698)) - Creating Bucket: volume79743/bucket06051, with bucket layout LEGACY, runner as owner, Versioning false, Storage Type set to DISK and Encryption set to false, Replication Type set to server-side default replication type, Namespace Quota set to -1, Space Quota set to -1 
2023-02-17 01:32:29,189 [OM StateMachine ApplyTransaction Thread - 0] INFO  bucket.OMBucketCreateRequest (OMBucketCreateRequest.java:validateAndUpdateCache(263)) - created bucket: bucket06051 of layout LEGACY in volume: volume79743
2023-02-17 01:32:29,232 [setup] INFO  contract.AbstractFSContractTestBase (AbstractFSContractTestBase.java:setup(194)) - Test filesystem = o3fs://bucket06051.volume79743 implemented by OzoneFileSystem{URI=o3fs://bucket06051.volume79743, workingDir=o3fs://bucket06051.volume79743/user/runner, userName=runner, statistics=0 bytes read, 14 bytes written, 6 read ops, 0 large read ops, 3 write ops}
01:32:29.262 [IPC Server handler 9 on default port 36463] ERROR OMAudit - user=runner | ip=127.0.0.1 | op=GET_FILE_STATUS {volume=volume79743, bucket=bucket06051, key=test/testDeleteDeepEmptyDir/d1/d2/d3, dataSize=0, replicationConfig=null} | ret=FAILURE
org.apache.hadoop.ozone.om.exceptions.OMException: Unable to get file status: volume: volume79743 bucket: bucket06051 key: test/testDeleteDeepEmptyDir/d1/d2/d3
	at org.apache.hadoop.ozone.om.KeyManagerImpl.getOzoneFileStatus(KeyManagerImpl.java:1162) ~[ozone-manager-1.4.0-SNAPSHOT.jar:?]
	at org.apache.hadoop.ozone.om.KeyManagerImpl.getFileStatus(KeyManagerImpl.java:1080) ~[ozone-manager-1.4.0-SNAPSHOT.jar:?]
	at org.apache.hadoop.ozone.om.OmMetadataReader.getFileStatus(OmMetadataReader.java:288) ~[ozone-manager-1.4.0-SNAPSHOT.jar:?]
	at org.apache.hadoop.ozone.om.OzoneManager.getFileStatus(OzoneManager.java:3450) ~[ozone-manager-1.4.0-SNAPSHOT.jar:?]
	at org.apache.hadoop.ozone.protocolPB.OzoneManagerRequestHandler.getOzoneFileStatus(OzoneManagerRequestHandler.java:933) ~[ozone-manager-1.4.0-SNAPSHOT.jar:?]
	at org.apache.hadoop.ozone.protocolPB.OzoneManagerRequestHandler.handleReadRequest(OzoneManagerRequestHandler.java:238) ~[ozone-manager-1.4.0-SNAPSHOT.jar:?]
	at org.apache.hadoop.ozone.protocolPB.OzoneManagerProtocolServerSideTranslatorPB.submitReadRequestToOM(OzoneManagerProtocolServerSideTranslatorPB.java:223) ~[ozone-manager-1.4.0-SNAPSHOT.jar:?]
	at org.apache.hadoop.ozone.protocolPB.OzoneManagerProtocolServerSideTranslatorPB.processRequest(OzoneManagerProtocolServerSideTranslatorPB.java:177) ~[ozone-manager-1.4.0-SNAPSHOT.jar:?]
	at org.apache.hadoop.hdds.server.OzoneProtocolMessageDispatcher.processRequest(OzoneProtocolMessageDispatcher.java:87) [hdds-server-framework-1.4.0-SNAPSHOT.jar:?]
	at org.apache.hadoop.ozone.protocolPB.OzoneManagerProtocolServerSideTranslatorPB.submitRequest(OzoneManagerProtocolServerSideTranslatorPB.java:147) [ozone-manager-1.4.0-SNAPSHOT.jar:?]
	at org.apache.hadoop.ozone.protocol.proto.OzoneManagerProtocolProtos$OzoneManagerService$2.callBlockingMethod(OzoneManagerProtocolProtos.java) [ozone-interface-client-1.4.0-SNAPSHOT.jar:?]
	at org.apache.hadoop.ipc.ProtobufRpcEngine$Server.processCall(ProtobufRpcEngine.java:465) [hadoop-common-3.3.4.jar:?]
	at org.apache.hadoop.ipc.ProtobufRpcEngine2$Server$ProtoBufRpcInvoker.call(ProtobufRpcEngine2.java:578) [hadoop-common-3.3.4.jar:?]
	at org.apache.hadoop.ipc.ProtobufRpcEngine2$Server$ProtoBufRpcInvoker.call(ProtobufRpcEngine2.java:556) [hadoop-common-3.3.4.jar:?]
	at org.apache.hadoop.ipc.RPC$Server.call(RPC.java:1093) [hadoop-common-3.3.4.jar:?]
	at org.apache.hadoop.ipc.Server$RpcCall.run(Server.java:1043) [hadoop-common-3.3.4.jar:?]
	at org.apache.hadoop.ipc.Server$RpcCall.run(Server.java:971) [hadoop-common-3.3.4.jar:?]
	at java.security.AccessController.doPrivileged(Native Method) ~[?:1.8.0_362]
	at javax.security.auth.Subject.doAs(Subject.java:422) [?:1.8.0_362]
	at org.apache.hadoop.security.UserGroupInformation.doAs(UserGroupInformation.java:1878) [hadoop-common-3.3.4.jar:?]
	at org.apache.hadoop.ipc.Server$Handler.run(Server.java:2976) [hadoop-common-3.3.4.jar:?]
01:32:29.281 [IPC Server handler 8 on default port 36463] ERROR OMAudit - user=runner | ip=127.0.0.1 | op=GET_FILE_STATUS {volume=volume79743, bucket=bucket06051, key=test/testDeleteDeepEmptyDir/d1/d2/d3/d4, dataSize=0, replicationConfig=null} | ret=FAILURE
org.apache.hadoop.ozone.om.exceptions.OMException: Unable to get file status: volume: volume79743 bucket: bucket06051 key: test/testDeleteDeepEmptyDir/d1/d2/d3/d4
	at org.apache.hadoop.ozone.om.KeyManagerImpl.getOzoneFileStatus(KeyManagerImpl.java:1162) ~[ozone-manager-1.4.0-SNAPSHOT.jar:?]
	at org.apache.hadoop.ozone.om.KeyManagerImpl.getFileStatus(KeyManagerImpl.java:1080) ~[ozone-manager-1.4.0-SNAPSHOT.jar:?]
	at org.apache.hadoop.ozone.om.OmMetadataReader.getFileStatus(OmMetadataReader.java:288) ~[ozone-manager-1.4.0-SNAPSHOT.jar:?]
	at org.apache.hadoop.ozone.om.OzoneManager.getFileStatus(OzoneManager.java:3450) ~[ozone-manager-1.4.0-SNAPSHOT.jar:?]
	at org.apache.hadoop.ozone.protocolPB.OzoneManagerRequestHandler.getOzoneFileStatus(OzoneManagerRequestHandler.java:933) ~[ozone-manager-1.4.0-SNAPSHOT.jar:?]
	at org.apache.hadoop.ozone.protocolPB.OzoneManagerRequestHandler.handleReadRequest(OzoneManagerRequestHandler.java:238) ~[ozone-manager-1.4.0-SNAPSHOT.jar:?]
	at org.apache.hadoop.ozone.protocolPB.OzoneManagerProtocolServerSideTranslatorPB.submitReadRequestToOM(OzoneManagerProtocolServerSideTranslatorPB.java:223) ~[ozone-manager-1.4.0-SNAPSHOT.jar:?]
	at org.apache.hadoop.ozone.protocolPB.OzoneManagerProtocolServerSideTranslatorPB.processRequest(OzoneManagerProtocolServerSideTranslatorPB.java:177) ~[ozone-manager-1.4.0-SNAPSHOT.jar:?]
	at org.apache.hadoop.hdds.server.OzoneProtocolMessageDispatcher.processRequest(OzoneProtocolMessageDispatcher.java:87) [hdds-server-framework-1.4.0-SNAPSHOT.jar:?]
	at org.apache.hadoop.ozone.protocolPB.OzoneManagerProtocolServerSideTranslatorPB.submitRequest(OzoneManagerProtocolServerSideTranslatorPB.java:147) [ozone-manager-1.4.0-SNAPSHOT.jar:?]
	at org.apache.hadoop.ozone.protocol.proto.OzoneManagerProtocolProtos$OzoneManagerService$2.callBlockingMethod(OzoneManagerProtocolProtos.java) [ozone-interface-client-1.4.0-SNAPSHOT.jar:?]
	at org.apache.hadoop.ipc.ProtobufRpcEngine$Server.processCall(ProtobufRpcEngine.java:465) [hadoop-common-3.3.4.jar:?]
	at org.apache.hadoop.ipc.ProtobufRpcEngine2$Server$ProtoBufRpcInvoker.call(ProtobufRpcEngine2.java:578) [hadoop-common-3.3.4.jar:?]
	at org.apache.hadoop.ipc.ProtobufRpcEngine2$Server$ProtoBufRpcInvoker.call(ProtobufRpcEngine2.java:556) [hadoop-common-3.3.4.jar:?]
	at org.apache.hadoop.ipc.RPC$Server.call(RPC.java:1093) [hadoop-common-3.3.4.jar:?]
	at org.apache.hadoop.ipc.Server$RpcCall.run(Server.java:1043) [hadoop-common-3.3.4.jar:?]
	at org.apache.hadoop.ipc.Server$RpcCall.run(Server.java:971) [hadoop-common-3.3.4.jar:?]
	at java.security.AccessController.doPrivileged(Native Method) ~[?:1.8.0_362]
	at javax.security.auth.Subject.doAs(Subject.java:422) [?:1.8.0_362]
	at org.apache.hadoop.security.UserGroupInformation.doAs(UserGroupInformation.java:1878) [hadoop-common-3.3.4.jar:?]
	at org.apache.hadoop.ipc.Server$Handler.run(Server.java:2976) [hadoop-common-3.3.4.jar:?]
01:32:29.283 [IPC Server handler 0 on default port 36463] ERROR OMAudit - user=runner | ip=127.0.0.1 | op=GET_FILE_STATUS {volume=volume79743, bucket=bucket06051, key=test/testDeleteDeepEmptyDir/d1/d2/d3, dataSize=0, replicationConfig=null} | ret=FAILURE
org.apache.hadoop.ozone.om.exceptions.OMException: Unable to get file status: volume: volume79743 bucket: bucket06051 key: test/testDeleteDeepEmptyDir/d1/d2/d3
	at org.apache.hadoop.ozone.om.KeyManagerImpl.getOzoneFileStatus(KeyManagerImpl.java:1162) ~[ozone-manager-1.4.0-SNAPSHOT.jar:?]
	at org.apache.hadoop.ozone.om.KeyManagerImpl.getFileStatus(KeyManagerImpl.java:1080) ~[ozone-manager-1.4.0-SNAPSHOT.jar:?]
	at org.apache.hadoop.ozone.om.OmMetadataReader.getFileStatus(OmMetadataReader.java:288) ~[ozone-manager-1.4.0-SNAPSHOT.jar:?]
	at org.apache.hadoop.ozone.om.OzoneManager.getFileStatus(OzoneManager.java:3450) ~[ozone-manager-1.4.0-SNAPSHOT.jar:?]
	at org.apache.hadoop.ozone.protocolPB.OzoneManagerRequestHandler.getOzoneFileStatus(OzoneManagerRequestHandler.java:933) ~[ozone-manager-1.4.0-SNAPSHOT.jar:?]
	at org.apache.hadoop.ozone.protocolPB.OzoneManagerRequestHandler.handleReadRequest(OzoneManagerRequestHandler.java:238) ~[ozone-manager-1.4.0-SNAPSHOT.jar:?]
	at org.apache.hadoop.ozone.protocolPB.OzoneManagerProtocolServerSideTranslatorPB.submitReadRequestToOM(OzoneManagerProtocolServerSideTranslatorPB.java:223) ~[ozone-manager-1.4.0-SNAPSHOT.jar:?]
	at org.apache.hadoop.ozone.protocolPB.OzoneManagerProtocolServerSideTranslatorPB.processRequest(OzoneManagerProtocolServerSideTranslatorPB.java:177) ~[ozone-manager-1.4.0-SNAPSHOT.jar:?]
	at org.apache.hadoop.hdds.server.OzoneProtocolMessageDispatcher.processRequest(OzoneProtocolMessageDispatcher.java:87) [hdds-server-framework-1.4.0-SNAPSHOT.jar:?]
	at org.apache.hadoop.ozone.protocolPB.OzoneManagerProtocolServerSideTranslatorPB.submitRequest(OzoneManagerProtocolServerSideTranslatorPB.java:147) [ozone-manager-1.4.0-SNAPSHOT.jar:?]
	at org.apache.hadoop.ozone.protocol.proto.OzoneManagerProtocolProtos$OzoneManagerService$2.callBlockingMethod(OzoneManagerProtocolProtos.java) [ozone-interface-client-1.4.0-SNAPSHOT.jar:?]
	at org.apache.hadoop.ipc.ProtobufRpcEngine$Server.processCall(ProtobufRpcEngine.java:465) [hadoop-common-3.3.4.jar:?]
	at org.apache.hadoop.ipc.ProtobufRpcEngine2$Server$ProtoBufRpcInvoker.call(ProtobufRpcEngine2.java:578) [hadoop-common-3.3.4.jar:?]
	at org.apache.hadoop.ipc.ProtobufRpcEngine2$Server$ProtoBufRpcInvoker.call(ProtobufRpcEngine2.java:556) [hadoop-common-3.3.4.jar:?]
	at org.apache.hadoop.ipc.RPC$Server.call(RPC.java:1093) [hadoop-common-3.3.4.jar:?]
	at org.apache.hadoop.ipc.Server$RpcCall.run(Server.java:1043) [hadoop-common-3.3.4.jar:?]
	at org.apache.hadoop.ipc.Server$RpcCall.run(Server.java:971) [hadoop-common-3.3.4.jar:?]
	at java.security.AccessController.doPrivileged(Native Method) ~[?:1.8.0_362]
	at javax.security.auth.Subject.doAs(Subject.java:422) [?:1.8.0_362]
	at org.apache.hadoop.security.UserGroupInformation.doAs(UserGroupInformation.java:1878) [hadoop-common-3.3.4.jar:?]
	at org.apache.hadoop.ipc.Server$Handler.run(Server.java:2976) [hadoop-common-3.3.4.jar:?]
]]></system-out>
  </testcase>
  <testcase name="testDeleteDeepEmptyDir" classname="ITestOzoneContractDelete" time="0.117">
    <system-out><![CDATA[2023-02-17 01:32:50,843 [setup] INFO  rpc.RpcClient (RpcClient.java:createVolume(476)) - Creating Volume: volume32229, with user07651 as owner and space quota set to -1 bytes, counts quota set to -1
2023-02-17 01:32:50,848 [OM StateMachine ApplyTransaction Thread - 0] INFO  volume.OMVolumeCreateRequest (OMVolumeCreateRequest.java:validateAndUpdateCache(195)) - created volume:volume32229 for user:user07651
2023-02-17 01:32:50,853 [setup] INFO  rpc.RpcClient (RpcClient.java:createBucket(698)) - Creating Bucket: volume32229/bucket69517, with bucket layout LEGACY, runner as owner, Versioning false, Storage Type set to DISK and Encryption set to false, Replication Type set to server-side default replication type, Namespace Quota set to -1, Space Quota set to -1 
2023-02-17 01:32:50,856 [OM StateMachine ApplyTransaction Thread - 0] INFO  bucket.OMBucketCreateRequest (OMBucketCreateRequest.java:validateAndUpdateCache(263)) - created bucket: bucket69517 of layout LEGACY in volume: volume32229
2023-02-17 01:32:50,889 [87f673cb-bc85-4117-8855-8087f234659e@group-B5749EBDBFBA-FollowerState] INFO  impl.FollowerState (FollowerState.java:run(143)) - 87f673cb-bc85-4117-8855-8087f234659e@group-B5749EBDBFBA-FollowerState: change to CANDIDATE, lastRpcElapsedTime:5002965199ns, electionTimeout:5001ms
2023-02-17 01:32:50,889 [87f673cb-bc85-4117-8855-8087f234659e@group-B5749EBDBFBA-FollowerState] INFO  impl.RoleInfo (RoleInfo.java:shutdownFollowerState(110)) - 87f673cb-bc85-4117-8855-8087f234659e: shutdown 87f673cb-bc85-4117-8855-8087f234659e@group-B5749EBDBFBA-FollowerState
2023-02-17 01:32:50,889 [87f673cb-bc85-4117-8855-8087f234659e@group-B5749EBDBFBA-FollowerState] INFO  server.RaftServer$Division (RaftServerImpl.java:setRole(321)) - 87f673cb-bc85-4117-8855-8087f234659e@group-B5749EBDBFBA: changes role from  FOLLOWER to CANDIDATE at term 0 for changeToCandidate
2023-02-17 01:32:50,889 [87f673cb-bc85-4117-8855-8087f234659e@group-B5749EBDBFBA-FollowerState] INFO  server.RaftServerConfigKeys (ConfUtils.java:logGet(46)) - raft.server.leaderelection.pre-vote = true (default)
2023-02-17 01:32:50,889 [87f673cb-bc85-4117-8855-8087f234659e@group-B5749EBDBFBA-FollowerState] INFO  impl.RoleInfo (RoleInfo.java:updateAndGet(139)) - 87f673cb-bc85-4117-8855-8087f234659e: start 87f673cb-bc85-4117-8855-8087f234659e@group-B5749EBDBFBA-LeaderElection17
2023-02-17 01:32:50,897 [87f673cb-bc85-4117-8855-8087f234659e@group-B5749EBDBFBA-LeaderElection17] INFO  impl.LeaderElection (LeaderElection.java:askForVotes(312)) - 87f673cb-bc85-4117-8855-8087f234659e@group-B5749EBDBFBA-LeaderElection17 PRE_VOTE round 0: submit vote requests at term 0 for -1: peers:[87f673cb-bc85-4117-8855-8087f234659e|rpc:10.1.0.190:44783|dataStream:10.1.0.190:42939|priority:1|startupRole:FOLLOWER]|listeners:[], old=null
2023-02-17 01:32:50,897 [87f673cb-bc85-4117-8855-8087f234659e@group-B5749EBDBFBA-LeaderElection17] INFO  impl.LeaderElection (LeaderElection.java:askForVotes(314)) - 87f673cb-bc85-4117-8855-8087f234659e@group-B5749EBDBFBA-LeaderElection17 PRE_VOTE round 0: result PASSED (term=0)
2023-02-17 01:32:50,898 [setup] INFO  contract.AbstractFSContractTestBase (AbstractFSContractTestBase.java:setup(194)) - Test filesystem = o3fs://bucket69517.volume32229 implemented by OzoneFileSystem{URI=o3fs://bucket69517.volume32229, workingDir=o3fs://bucket69517.volume32229/user/runner, userName=runner, statistics=0 bytes read, 68 bytes written, 60 read ops, 0 large read ops, 22 write ops}
2023-02-17 01:32:50,901 [87f673cb-bc85-4117-8855-8087f234659e@group-B5749EBDBFBA-LeaderElection17] INFO  impl.LeaderElection (LeaderElection.java:askForVotes(312)) - 87f673cb-bc85-4117-8855-8087f234659e@group-B5749EBDBFBA-LeaderElection17 ELECTION round 0: submit vote requests at term 1 for -1: peers:[87f673cb-bc85-4117-8855-8087f234659e|rpc:10.1.0.190:44783|dataStream:10.1.0.190:42939|priority:1|startupRole:FOLLOWER]|listeners:[], old=null
2023-02-17 01:32:50,903 [87f673cb-bc85-4117-8855-8087f234659e@group-B5749EBDBFBA-LeaderElection17] INFO  impl.LeaderElection (LeaderElection.java:askForVotes(314)) - 87f673cb-bc85-4117-8855-8087f234659e@group-B5749EBDBFBA-LeaderElection17 ELECTION round 0: result PASSED (term=1)
2023-02-17 01:32:50,904 [87f673cb-bc85-4117-8855-8087f234659e@group-B5749EBDBFBA-LeaderElection17] INFO  impl.RoleInfo (RoleInfo.java:shutdownLeaderElection(130)) - 87f673cb-bc85-4117-8855-8087f234659e: shutdown 87f673cb-bc85-4117-8855-8087f234659e@group-B5749EBDBFBA-LeaderElection17
2023-02-17 01:32:50,904 [87f673cb-bc85-4117-8855-8087f234659e@group-B5749EBDBFBA-LeaderElection17] INFO  server.RaftServer$Division (RaftServerImpl.java:setRole(321)) - 87f673cb-bc85-4117-8855-8087f234659e@group-B5749EBDBFBA: changes role from CANDIDATE to LEADER at term 1 for changeToLeader
2023-02-17 01:32:50,904 [87f673cb-bc85-4117-8855-8087f234659e@group-B5749EBDBFBA-LeaderElection17] INFO  ratis.XceiverServerRatis (XceiverServerRatis.java:handleLeaderChangedNotification(905)) - Leader change notification received for group: group-B5749EBDBFBA with new leaderId: 87f673cb-bc85-4117-8855-8087f234659e
2023-02-17 01:32:50,904 [87f673cb-bc85-4117-8855-8087f234659e@group-B5749EBDBFBA-LeaderElection17] INFO  server.RaftServer$Division (ServerState.java:setLeader(313)) - 87f673cb-bc85-4117-8855-8087f234659e@group-B5749EBDBFBA: change Leader from null to 87f673cb-bc85-4117-8855-8087f234659e at term 1 for becomeLeader, leader elected after 5031ms
2023-02-17 01:32:50,905 [87f673cb-bc85-4117-8855-8087f234659e@group-B5749EBDBFBA-LeaderElection17] INFO  server.RaftServerConfigKeys (ConfUtils.java:logGet(46)) - raft.server.staging.catchup.gap = 1000 (default)
2023-02-17 01:32:50,905 [87f673cb-bc85-4117-8855-8087f234659e@group-B5749EBDBFBA-LeaderElection17] INFO  server.RaftServerConfigKeys (ConfUtils.java:logGet(46)) - raft.server.write.element-limit = 1024 (custom)
2023-02-17 01:32:50,905 [87f673cb-bc85-4117-8855-8087f234659e@group-B5749EBDBFBA-LeaderElection17] INFO  server.RaftServerConfigKeys (ConfUtils.java:logGet(46)) - raft.server.write.byte-limit = 1024 M (=1073741824) (custom)
2023-02-17 01:32:50,905 [87f673cb-bc85-4117-8855-8087f234659e@group-B5749EBDBFBA-LeaderElection17] INFO  server.RaftServerConfigKeys (ConfUtils.java:logGet(46)) - raft.server.watch.timeout = 10000ms (default)
2023-02-17 01:32:50,905 [87f673cb-bc85-4117-8855-8087f234659e@group-B5749EBDBFBA-LeaderElection17] INFO  server.RaftServerConfigKeys (ConfUtils.java:logGet(46)) - raft.server.watch.timeout.denomination = 1s (default)
2023-02-17 01:32:50,905 [87f673cb-bc85-4117-8855-8087f234659e@group-B5749EBDBFBA-LeaderElection17] INFO  server.RaftServerConfigKeys (ConfUtils.java:logGet(46)) - raft.server.watch.element-limit = 65536 (default)
2023-02-17 01:32:50,906 [87f673cb-bc85-4117-8855-8087f234659e@group-B5749EBDBFBA-LeaderElection17] INFO  server.RaftServerConfigKeys (ConfUtils.java:logGet(46)) - raft.server.write.element-limit = 1024 (custom)
2023-02-17 01:32:50,906 [87f673cb-bc85-4117-8855-8087f234659e@group-B5749EBDBFBA-LeaderElection17] INFO  server.RaftServerConfigKeys (ConfUtils.java:logGet(46)) - raft.server.write.follower.gap.ratio.max = -1.0 (default)
2023-02-17 01:32:50,906 [87f673cb-bc85-4117-8855-8087f234659e@group-B5749EBDBFBA-LeaderElection17] INFO  impl.RoleInfo (RoleInfo.java:updateAndGet(139)) - 87f673cb-bc85-4117-8855-8087f234659e: start 87f673cb-bc85-4117-8855-8087f234659e@group-B5749EBDBFBA-LeaderStateImpl
2023-02-17 01:32:50,906 [87f673cb-bc85-4117-8855-8087f234659e@group-B5749EBDBFBA-LeaderElection17] INFO  segmented.SegmentedRaftLogWorker (SegmentedRaftLogWorker.java:startLogSegment(452)) - 87f673cb-bc85-4117-8855-8087f234659e@group-B5749EBDBFBA-SegmentedRaftLogWorker: Starting segment from index:0
2023-02-17 01:32:50,907 [87f673cb-bc85-4117-8855-8087f234659e@group-B5749EBDBFBA-LeaderElection17] INFO  server.RaftServer$Division (ServerState.java:setRaftConf(430)) - 87f673cb-bc85-4117-8855-8087f234659e@group-B5749EBDBFBA: set configuration 0: peers:[87f673cb-bc85-4117-8855-8087f234659e|rpc:10.1.0.190:44783|dataStream:10.1.0.190:42939|priority:1|startupRole:FOLLOWER]|listeners:[], old=null
2023-02-17 01:32:50,908 [87f673cb-bc85-4117-8855-8087f234659e@group-B5749EBDBFBA-SegmentedRaftLogWorker] INFO  segmented.SegmentedRaftLogWorker (SegmentedRaftLogWorker.java:execute(656)) - 87f673cb-bc85-4117-8855-8087f234659e@group-B5749EBDBFBA-SegmentedRaftLogWorker: created new log segment /home/runner/work/ozone/ozone/hadoop-ozone/integration-test/target/test-dir/MiniOzoneClusterImpl-89702d93-5b91-44b6-9f2b-a559f3ead11e/datanode-2/data/ratis/a9b92907-a825-47be-a979-b5749ebdbfba/current/log_inprogress_0
01:32:50.923 [IPC Server handler 14 on default port 33393] ERROR OMAudit - user=runner | ip=127.0.0.1 | op=GET_FILE_STATUS {volume=volume32229, bucket=bucket69517, key=test/testDeleteDeepEmptyDir/d1/d2/d3, dataSize=0, replicationConfig=null} | ret=FAILURE
org.apache.hadoop.ozone.om.exceptions.OMException: Unable to get file status: volume: volume32229 bucket: bucket69517 key: test/testDeleteDeepEmptyDir/d1/d2/d3
	at org.apache.hadoop.ozone.om.KeyManagerImpl.getOzoneFileStatus(KeyManagerImpl.java:1162) ~[ozone-manager-1.4.0-SNAPSHOT.jar:?]
	at org.apache.hadoop.ozone.om.KeyManagerImpl.getFileStatus(KeyManagerImpl.java:1080) ~[ozone-manager-1.4.0-SNAPSHOT.jar:?]
	at org.apache.hadoop.ozone.om.OmMetadataReader.getFileStatus(OmMetadataReader.java:288) ~[ozone-manager-1.4.0-SNAPSHOT.jar:?]
	at org.apache.hadoop.ozone.om.OzoneManager.getFileStatus(OzoneManager.java:3450) ~[ozone-manager-1.4.0-SNAPSHOT.jar:?]
	at org.apache.hadoop.ozone.protocolPB.OzoneManagerRequestHandler.getOzoneFileStatus(OzoneManagerRequestHandler.java:933) ~[ozone-manager-1.4.0-SNAPSHOT.jar:?]
	at org.apache.hadoop.ozone.protocolPB.OzoneManagerRequestHandler.handleReadRequest(OzoneManagerRequestHandler.java:238) ~[ozone-manager-1.4.0-SNAPSHOT.jar:?]
	at org.apache.hadoop.ozone.protocolPB.OzoneManagerProtocolServerSideTranslatorPB.submitReadRequestToOM(OzoneManagerProtocolServerSideTranslatorPB.java:223) ~[ozone-manager-1.4.0-SNAPSHOT.jar:?]
	at org.apache.hadoop.ozone.protocolPB.OzoneManagerProtocolServerSideTranslatorPB.processRequest(OzoneManagerProtocolServerSideTranslatorPB.java:177) ~[ozone-manager-1.4.0-SNAPSHOT.jar:?]
	at org.apache.hadoop.hdds.server.OzoneProtocolMessageDispatcher.processRequest(OzoneProtocolMessageDispatcher.java:87) [hdds-server-framework-1.4.0-SNAPSHOT.jar:?]
	at org.apache.hadoop.ozone.protocolPB.OzoneManagerProtocolServerSideTranslatorPB.submitRequest(OzoneManagerProtocolServerSideTranslatorPB.java:147) [ozone-manager-1.4.0-SNAPSHOT.jar:?]
	at org.apache.hadoop.ozone.protocol.proto.OzoneManagerProtocolProtos$OzoneManagerService$2.callBlockingMethod(OzoneManagerProtocolProtos.java) [ozone-interface-client-1.4.0-SNAPSHOT.jar:?]
	at org.apache.hadoop.ipc.ProtobufRpcEngine$Server.processCall(ProtobufRpcEngine.java:465) [hadoop-common-3.3.4.jar:?]
	at org.apache.hadoop.ipc.ProtobufRpcEngine2$Server$ProtoBufRpcInvoker.call(ProtobufRpcEngine2.java:578) [hadoop-common-3.3.4.jar:?]
	at org.apache.hadoop.ipc.ProtobufRpcEngine2$Server$ProtoBufRpcInvoker.call(ProtobufRpcEngine2.java:556) [hadoop-common-3.3.4.jar:?]
	at org.apache.hadoop.ipc.RPC$Server.call(RPC.java:1093) [hadoop-common-3.3.4.jar:?]
	at org.apache.hadoop.ipc.Server$RpcCall.run(Server.java:1043) [hadoop-common-3.3.4.jar:?]
	at org.apache.hadoop.ipc.Server$RpcCall.run(Server.java:971) [hadoop-common-3.3.4.jar:?]
	at java.security.AccessController.doPrivileged(Native Method) ~[?:1.8.0_362]
	at javax.security.auth.Subject.doAs(Subject.java:422) [?:1.8.0_362]
	at org.apache.hadoop.security.UserGroupInformation.doAs(UserGroupInformation.java:1878) [hadoop-common-3.3.4.jar:?]
	at org.apache.hadoop.ipc.Server$Handler.run(Server.java:2976) [hadoop-common-3.3.4.jar:?]
01:32:50.925 [IPC Server handler 15 on default port 33393] ERROR OMAudit - user=runner | ip=127.0.0.1 | op=GET_FILE_STATUS {volume=volume32229, bucket=bucket69517, key=test/testDeleteDeepEmptyDir/d1/d2/d3/d4, dataSize=0, replicationConfig=null} | ret=FAILURE
org.apache.hadoop.ozone.om.exceptions.OMException: Unable to get file status: volume: volume32229 bucket: bucket69517 key: test/testDeleteDeepEmptyDir/d1/d2/d3/d4
	at org.apache.hadoop.ozone.om.KeyManagerImpl.getOzoneFileStatus(KeyManagerImpl.java:1162) ~[ozone-manager-1.4.0-SNAPSHOT.jar:?]
	at org.apache.hadoop.ozone.om.KeyManagerImpl.getFileStatus(KeyManagerImpl.java:1080) ~[ozone-manager-1.4.0-SNAPSHOT.jar:?]
	at org.apache.hadoop.ozone.om.OmMetadataReader.getFileStatus(OmMetadataReader.java:288) ~[ozone-manager-1.4.0-SNAPSHOT.jar:?]
	at org.apache.hadoop.ozone.om.OzoneManager.getFileStatus(OzoneManager.java:3450) ~[ozone-manager-1.4.0-SNAPSHOT.jar:?]
	at org.apache.hadoop.ozone.protocolPB.OzoneManagerRequestHandler.getOzoneFileStatus(OzoneManagerRequestHandler.java:933) ~[ozone-manager-1.4.0-SNAPSHOT.jar:?]
	at org.apache.hadoop.ozone.protocolPB.OzoneManagerRequestHandler.handleReadRequest(OzoneManagerRequestHandler.java:238) ~[ozone-manager-1.4.0-SNAPSHOT.jar:?]
	at org.apache.hadoop.ozone.protocolPB.OzoneManagerProtocolServerSideTranslatorPB.submitReadRequestToOM(OzoneManagerProtocolServerSideTranslatorPB.java:223) ~[ozone-manager-1.4.0-SNAPSHOT.jar:?]
	at org.apache.hadoop.ozone.protocolPB.OzoneManagerProtocolServerSideTranslatorPB.processRequest(OzoneManagerProtocolServerSideTranslatorPB.java:177) ~[ozone-manager-1.4.0-SNAPSHOT.jar:?]
	at org.apache.hadoop.hdds.server.OzoneProtocolMessageDispatcher.processRequest(OzoneProtocolMessageDispatcher.java:87) [hdds-server-framework-1.4.0-SNAPSHOT.jar:?]
	at org.apache.hadoop.ozone.protocolPB.OzoneManagerProtocolServerSideTranslatorPB.submitRequest(OzoneManagerProtocolServerSideTranslatorPB.java:147) [ozone-manager-1.4.0-SNAPSHOT.jar:?]
	at org.apache.hadoop.ozone.protocol.proto.OzoneManagerProtocolProtos$OzoneManagerService$2.callBlockingMethod(OzoneManagerProtocolProtos.java) [ozone-interface-client-1.4.0-SNAPSHOT.jar:?]
	at org.apache.hadoop.ipc.ProtobufRpcEngine$Server.processCall(ProtobufRpcEngine.java:465) [hadoop-common-3.3.4.jar:?]
	at org.apache.hadoop.ipc.ProtobufRpcEngine2$Server$ProtoBufRpcInvoker.call(ProtobufRpcEngine2.java:578) [hadoop-common-3.3.4.jar:?]
	at org.apache.hadoop.ipc.ProtobufRpcEngine2$Server$ProtoBufRpcInvoker.call(ProtobufRpcEngine2.java:556) [hadoop-common-3.3.4.jar:?]
	at org.apache.hadoop.ipc.RPC$Server.call(RPC.java:1093) [hadoop-common-3.3.4.jar:?]
	at org.apache.hadoop.ipc.Server$RpcCall.run(Server.java:1043) [hadoop-common-3.3.4.jar:?]
	at org.apache.hadoop.ipc.Server$RpcCall.run(Server.java:971) [hadoop-common-3.3.4.jar:?]
	at java.security.AccessController.doPrivileged(Native Method) ~[?:1.8.0_362]
	at javax.security.auth.Subject.doAs(Subject.java:422) [?:1.8.0_362]
	at org.apache.hadoop.security.UserGroupInformation.doAs(UserGroupInformation.java:1878) [hadoop-common-3.3.4.jar:?]
	at org.apache.hadoop.ipc.Server$Handler.run(Server.java:2976) [hadoop-common-3.3.4.jar:?]
01:32:50.926 [IPC Server handler 16 on default port 33393] ERROR OMAudit - user=runner | ip=127.0.0.1 | op=GET_FILE_STATUS {volume=volume32229, bucket=bucket69517, key=test/testDeleteDeepEmptyDir/d1/d2/d3, dataSize=0, replicationConfig=null} | ret=FAILURE
org.apache.hadoop.ozone.om.exceptions.OMException: Unable to get file status: volume: volume32229 bucket: bucket69517 key: test/testDeleteDeepEmptyDir/d1/d2/d3
	at org.apache.hadoop.ozone.om.KeyManagerImpl.getOzoneFileStatus(KeyManagerImpl.java:1162) ~[ozone-manager-1.4.0-SNAPSHOT.jar:?]
	at org.apache.hadoop.ozone.om.KeyManagerImpl.getFileStatus(KeyManagerImpl.java:1080) ~[ozone-manager-1.4.0-SNAPSHOT.jar:?]
	at org.apache.hadoop.ozone.om.OmMetadataReader.getFileStatus(OmMetadataReader.java:288) ~[ozone-manager-1.4.0-SNAPSHOT.jar:?]
	at org.apache.hadoop.ozone.om.OzoneManager.getFileStatus(OzoneManager.java:3450) ~[ozone-manager-1.4.0-SNAPSHOT.jar:?]
	at org.apache.hadoop.ozone.protocolPB.OzoneManagerRequestHandler.getOzoneFileStatus(OzoneManagerRequestHandler.java:933) ~[ozone-manager-1.4.0-SNAPSHOT.jar:?]
	at org.apache.hadoop.ozone.protocolPB.OzoneManagerRequestHandler.handleReadRequest(OzoneManagerRequestHandler.java:238) ~[ozone-manager-1.4.0-SNAPSHOT.jar:?]
	at org.apache.hadoop.ozone.protocolPB.OzoneManagerProtocolServerSideTranslatorPB.submitReadRequestToOM(OzoneManagerProtocolServerSideTranslatorPB.java:223) ~[ozone-manager-1.4.0-SNAPSHOT.jar:?]
	at org.apache.hadoop.ozone.protocolPB.OzoneManagerProtocolServerSideTranslatorPB.processRequest(OzoneManagerProtocolServerSideTranslatorPB.java:177) ~[ozone-manager-1.4.0-SNAPSHOT.jar:?]
	at org.apache.hadoop.hdds.server.OzoneProtocolMessageDispatcher.processRequest(OzoneProtocolMessageDispatcher.java:87) [hdds-server-framework-1.4.0-SNAPSHOT.jar:?]
	at org.apache.hadoop.ozone.protocolPB.OzoneManagerProtocolServerSideTranslatorPB.submitRequest(OzoneManagerProtocolServerSideTranslatorPB.java:147) [ozone-manager-1.4.0-SNAPSHOT.jar:?]
	at org.apache.hadoop.ozone.protocol.proto.OzoneManagerProtocolProtos$OzoneManagerService$2.callBlockingMethod(OzoneManagerProtocolProtos.java) [ozone-interface-client-1.4.0-SNAPSHOT.jar:?]
	at org.apache.hadoop.ipc.ProtobufRpcEngine$Server.processCall(ProtobufRpcEngine.java:465) [hadoop-common-3.3.4.jar:?]
	at org.apache.hadoop.ipc.ProtobufRpcEngine2$Server$ProtoBufRpcInvoker.call(ProtobufRpcEngine2.java:578) [hadoop-common-3.3.4.jar:?]
	at org.apache.hadoop.ipc.ProtobufRpcEngine2$Server$ProtoBufRpcInvoker.call(ProtobufRpcEngine2.java:556) [hadoop-common-3.3.4.jar:?]
	at org.apache.hadoop.ipc.RPC$Server.call(RPC.java:1093) [hadoop-common-3.3.4.jar:?]
	at org.apache.hadoop.ipc.Server$RpcCall.run(Server.java:1043) [hadoop-common-3.3.4.jar:?]
	at org.apache.hadoop.ipc.Server$RpcCall.run(Server.java:971) [hadoop-common-3.3.4.jar:?]
	at java.security.AccessController.doPrivileged(Native Method) ~[?:1.8.0_362]
	at javax.security.auth.Subject.doAs(Subject.java:422) [?:1.8.0_362]
	at org.apache.hadoop.security.UserGroupInformation.doAs(UserGroupInformation.java:1878) [hadoop-common-3.3.4.jar:?]
	at org.apache.hadoop.ipc.Server$Handler.run(Server.java:2976) [hadoop-common-3.3.4.jar:?]
]]></system-out>
  </testcase>
  <testcase name="testDeleteSingleFile" classname="ITestOzoneContractDelete" time="0.213">
    <system-out><![CDATA[2023-02-17 01:32:29,327 [setup] INFO  rpc.RpcClient (RpcClient.java:createVolume(476)) - Creating Volume: volume35663, with user87076 as owner and space quota set to -1 bytes, counts quota set to -1
2023-02-17 01:32:29,332 [OM StateMachine ApplyTransaction Thread - 0] INFO  volume.OMVolumeCreateRequest (OMVolumeCreateRequest.java:validateAndUpdateCache(195)) - created volume:volume35663 for user:user87076
2023-02-17 01:32:29,336 [setup] INFO  rpc.RpcClient (RpcClient.java:createBucket(698)) - Creating Bucket: volume35663/bucket60597, with bucket layout LEGACY, runner as owner, Versioning false, Storage Type set to DISK and Encryption set to false, Replication Type set to server-side default replication type, Namespace Quota set to -1, Space Quota set to -1 
2023-02-17 01:32:29,339 [OM StateMachine ApplyTransaction Thread - 0] INFO  bucket.OMBucketCreateRequest (OMBucketCreateRequest.java:validateAndUpdateCache(263)) - created bucket: bucket60597 of layout LEGACY in volume: volume35663
2023-02-17 01:32:29,385 [setup] INFO  contract.AbstractFSContractTestBase (AbstractFSContractTestBase.java:setup(194)) - Test filesystem = o3fs://bucket60597.volume35663 implemented by OzoneFileSystem{URI=o3fs://bucket60597.volume35663, workingDir=o3fs://bucket60597.volume35663/user/runner, userName=runner, statistics=0 bytes read, 14 bytes written, 16 read ops, 0 large read ops, 5 write ops}
01:32:29.499 [IPC Server handler 4 on default port 36463] ERROR OMAudit - user=runner | ip=127.0.0.1 | op=GET_FILE_STATUS {volume=volume35663, bucket=bucket60597, key=test/testDeleteSingleFile/d1/d2/childfile, dataSize=0, replicationConfig=null} | ret=FAILURE
org.apache.hadoop.ozone.om.exceptions.OMException: Unable to get file status: volume: volume35663 bucket: bucket60597 key: test/testDeleteSingleFile/d1/d2/childfile
	at org.apache.hadoop.ozone.om.KeyManagerImpl.getOzoneFileStatus(KeyManagerImpl.java:1162) ~[ozone-manager-1.4.0-SNAPSHOT.jar:?]
	at org.apache.hadoop.ozone.om.KeyManagerImpl.getFileStatus(KeyManagerImpl.java:1080) ~[ozone-manager-1.4.0-SNAPSHOT.jar:?]
	at org.apache.hadoop.ozone.om.OmMetadataReader.getFileStatus(OmMetadataReader.java:288) ~[ozone-manager-1.4.0-SNAPSHOT.jar:?]
	at org.apache.hadoop.ozone.om.OzoneManager.getFileStatus(OzoneManager.java:3450) ~[ozone-manager-1.4.0-SNAPSHOT.jar:?]
	at org.apache.hadoop.ozone.protocolPB.OzoneManagerRequestHandler.getOzoneFileStatus(OzoneManagerRequestHandler.java:933) ~[ozone-manager-1.4.0-SNAPSHOT.jar:?]
	at org.apache.hadoop.ozone.protocolPB.OzoneManagerRequestHandler.handleReadRequest(OzoneManagerRequestHandler.java:238) ~[ozone-manager-1.4.0-SNAPSHOT.jar:?]
	at org.apache.hadoop.ozone.protocolPB.OzoneManagerProtocolServerSideTranslatorPB.submitReadRequestToOM(OzoneManagerProtocolServerSideTranslatorPB.java:223) ~[ozone-manager-1.4.0-SNAPSHOT.jar:?]
	at org.apache.hadoop.ozone.protocolPB.OzoneManagerProtocolServerSideTranslatorPB.processRequest(OzoneManagerProtocolServerSideTranslatorPB.java:177) ~[ozone-manager-1.4.0-SNAPSHOT.jar:?]
	at org.apache.hadoop.hdds.server.OzoneProtocolMessageDispatcher.processRequest(OzoneProtocolMessageDispatcher.java:87) [hdds-server-framework-1.4.0-SNAPSHOT.jar:?]
	at org.apache.hadoop.ozone.protocolPB.OzoneManagerProtocolServerSideTranslatorPB.submitRequest(OzoneManagerProtocolServerSideTranslatorPB.java:147) [ozone-manager-1.4.0-SNAPSHOT.jar:?]
	at org.apache.hadoop.ozone.protocol.proto.OzoneManagerProtocolProtos$OzoneManagerService$2.callBlockingMethod(OzoneManagerProtocolProtos.java) [ozone-interface-client-1.4.0-SNAPSHOT.jar:?]
	at org.apache.hadoop.ipc.ProtobufRpcEngine$Server.processCall(ProtobufRpcEngine.java:465) [hadoop-common-3.3.4.jar:?]
	at org.apache.hadoop.ipc.ProtobufRpcEngine2$Server$ProtoBufRpcInvoker.call(ProtobufRpcEngine2.java:578) [hadoop-common-3.3.4.jar:?]
	at org.apache.hadoop.ipc.ProtobufRpcEngine2$Server$ProtoBufRpcInvoker.call(ProtobufRpcEngine2.java:556) [hadoop-common-3.3.4.jar:?]
	at org.apache.hadoop.ipc.RPC$Server.call(RPC.java:1093) [hadoop-common-3.3.4.jar:?]
	at org.apache.hadoop.ipc.Server$RpcCall.run(Server.java:1043) [hadoop-common-3.3.4.jar:?]
	at org.apache.hadoop.ipc.Server$RpcCall.run(Server.java:971) [hadoop-common-3.3.4.jar:?]
	at java.security.AccessController.doPrivileged(Native Method) ~[?:1.8.0_362]
	at javax.security.auth.Subject.doAs(Subject.java:422) [?:1.8.0_362]
	at org.apache.hadoop.security.UserGroupInformation.doAs(UserGroupInformation.java:1878) [hadoop-common-3.3.4.jar:?]
	at org.apache.hadoop.ipc.Server$Handler.run(Server.java:2976) [hadoop-common-3.3.4.jar:?]
]]></system-out>
  </testcase>
  <testcase name="testDeleteSingleFile" classname="ITestOzoneContractDelete" time="0.176">
    <system-out><![CDATA[2023-02-17 01:32:50,957 [setup] INFO  rpc.RpcClient (RpcClient.java:createVolume(476)) - Creating Volume: volume52866, with user96083 as owner and space quota set to -1 bytes, counts quota set to -1
2023-02-17 01:32:50,960 [OM StateMachine ApplyTransaction Thread - 0] INFO  volume.OMVolumeCreateRequest (OMVolumeCreateRequest.java:validateAndUpdateCache(195)) - created volume:volume52866 for user:user96083
2023-02-17 01:32:50,963 [setup] INFO  rpc.RpcClient (RpcClient.java:createBucket(698)) - Creating Bucket: volume52866/bucket29024, with bucket layout LEGACY, runner as owner, Versioning false, Storage Type set to DISK and Encryption set to false, Replication Type set to server-side default replication type, Namespace Quota set to -1, Space Quota set to -1 
2023-02-17 01:32:50,965 [OM StateMachine ApplyTransaction Thread - 0] INFO  bucket.OMBucketCreateRequest (OMBucketCreateRequest.java:validateAndUpdateCache(263)) - created bucket: bucket29024 of layout LEGACY in volume: volume52866
2023-02-17 01:32:51,003 [setup] INFO  contract.AbstractFSContractTestBase (AbstractFSContractTestBase.java:setup(194)) - Test filesystem = o3fs://bucket29024.volume52866 implemented by OzoneFileSystem{URI=o3fs://bucket29024.volume52866, workingDir=o3fs://bucket29024.volume52866/user/runner, userName=runner, statistics=0 bytes read, 68 bytes written, 70 read ops, 0 large read ops, 24 write ops}
01:32:51.100 [IPC Server handler 0 on default port 33393] ERROR OMAudit - user=runner | ip=127.0.0.1 | op=GET_FILE_STATUS {volume=volume52866, bucket=bucket29024, key=test/testDeleteSingleFile/d1/d2/childfile, dataSize=0, replicationConfig=null} | ret=FAILURE
org.apache.hadoop.ozone.om.exceptions.OMException: Unable to get file status: volume: volume52866 bucket: bucket29024 key: test/testDeleteSingleFile/d1/d2/childfile
	at org.apache.hadoop.ozone.om.KeyManagerImpl.getOzoneFileStatus(KeyManagerImpl.java:1162) ~[ozone-manager-1.4.0-SNAPSHOT.jar:?]
	at org.apache.hadoop.ozone.om.KeyManagerImpl.getFileStatus(KeyManagerImpl.java:1080) ~[ozone-manager-1.4.0-SNAPSHOT.jar:?]
	at org.apache.hadoop.ozone.om.OmMetadataReader.getFileStatus(OmMetadataReader.java:288) ~[ozone-manager-1.4.0-SNAPSHOT.jar:?]
	at org.apache.hadoop.ozone.om.OzoneManager.getFileStatus(OzoneManager.java:3450) ~[ozone-manager-1.4.0-SNAPSHOT.jar:?]
	at org.apache.hadoop.ozone.protocolPB.OzoneManagerRequestHandler.getOzoneFileStatus(OzoneManagerRequestHandler.java:933) ~[ozone-manager-1.4.0-SNAPSHOT.jar:?]
	at org.apache.hadoop.ozone.protocolPB.OzoneManagerRequestHandler.handleReadRequest(OzoneManagerRequestHandler.java:238) ~[ozone-manager-1.4.0-SNAPSHOT.jar:?]
	at org.apache.hadoop.ozone.protocolPB.OzoneManagerProtocolServerSideTranslatorPB.submitReadRequestToOM(OzoneManagerProtocolServerSideTranslatorPB.java:223) ~[ozone-manager-1.4.0-SNAPSHOT.jar:?]
	at org.apache.hadoop.ozone.protocolPB.OzoneManagerProtocolServerSideTranslatorPB.processRequest(OzoneManagerProtocolServerSideTranslatorPB.java:177) ~[ozone-manager-1.4.0-SNAPSHOT.jar:?]
	at org.apache.hadoop.hdds.server.OzoneProtocolMessageDispatcher.processRequest(OzoneProtocolMessageDispatcher.java:87) [hdds-server-framework-1.4.0-SNAPSHOT.jar:?]
	at org.apache.hadoop.ozone.protocolPB.OzoneManagerProtocolServerSideTranslatorPB.submitRequest(OzoneManagerProtocolServerSideTranslatorPB.java:147) [ozone-manager-1.4.0-SNAPSHOT.jar:?]
	at org.apache.hadoop.ozone.protocol.proto.OzoneManagerProtocolProtos$OzoneManagerService$2.callBlockingMethod(OzoneManagerProtocolProtos.java) [ozone-interface-client-1.4.0-SNAPSHOT.jar:?]
	at org.apache.hadoop.ipc.ProtobufRpcEngine$Server.processCall(ProtobufRpcEngine.java:465) [hadoop-common-3.3.4.jar:?]
	at org.apache.hadoop.ipc.ProtobufRpcEngine2$Server$ProtoBufRpcInvoker.call(ProtobufRpcEngine2.java:578) [hadoop-common-3.3.4.jar:?]
	at org.apache.hadoop.ipc.ProtobufRpcEngine2$Server$ProtoBufRpcInvoker.call(ProtobufRpcEngine2.java:556) [hadoop-common-3.3.4.jar:?]
	at org.apache.hadoop.ipc.RPC$Server.call(RPC.java:1093) [hadoop-common-3.3.4.jar:?]
	at org.apache.hadoop.ipc.Server$RpcCall.run(Server.java:1043) [hadoop-common-3.3.4.jar:?]
	at org.apache.hadoop.ipc.Server$RpcCall.run(Server.java:971) [hadoop-common-3.3.4.jar:?]
	at java.security.AccessController.doPrivileged(Native Method) ~[?:1.8.0_362]
	at javax.security.auth.Subject.doAs(Subject.java:422) [?:1.8.0_362]
	at org.apache.hadoop.security.UserGroupInformation.doAs(UserGroupInformation.java:1878) [hadoop-common-3.3.4.jar:?]
	at org.apache.hadoop.ipc.Server$Handler.run(Server.java:2976) [hadoop-common-3.3.4.jar:?]
]]></system-out>
  </testcase>
  <testcase name="testDeleteNonEmptyDirRecursive" classname="ITestOzoneContractDelete" time="0.196">
    <system-out><![CDATA[2023-02-17 01:32:29,530 [setup] INFO  rpc.RpcClient (RpcClient.java:createVolume(476)) - Creating Volume: volume76734, with user75009 as owner and space quota set to -1 bytes, counts quota set to -1
2023-02-17 01:32:29,534 [OM StateMachine ApplyTransaction Thread - 0] INFO  volume.OMVolumeCreateRequest (OMVolumeCreateRequest.java:validateAndUpdateCache(195)) - created volume:volume76734 for user:user75009
2023-02-17 01:32:29,541 [setup] INFO  rpc.RpcClient (RpcClient.java:createBucket(698)) - Creating Bucket: volume76734/bucket10453, with bucket layout LEGACY, runner as owner, Versioning false, Storage Type set to DISK and Encryption set to false, Replication Type set to server-side default replication type, Namespace Quota set to -1, Space Quota set to -1 
2023-02-17 01:32:29,544 [OM StateMachine ApplyTransaction Thread - 0] INFO  bucket.OMBucketCreateRequest (OMBucketCreateRequest.java:validateAndUpdateCache(263)) - created bucket: bucket10453 of layout LEGACY in volume: volume76734
2023-02-17 01:32:29,574 [setup] INFO  contract.AbstractFSContractTestBase (AbstractFSContractTestBase.java:setup(194)) - Test filesystem = o3fs://bucket10453.volume76734 implemented by OzoneFileSystem{URI=o3fs://bucket10453.volume76734, workingDir=o3fs://bucket10453.volume76734/user/runner, userName=runner, statistics=0 bytes read, 40 bytes written, 23 read ops, 0 large read ops, 8 write ops}
01:32:29.694 [IPC Server handler 19 on default port 36463] ERROR OMAudit - user=runner | ip=127.0.0.1 | op=GET_FILE_STATUS {volume=volume76734, bucket=bucket10453, key=test/testDeleteNonEmptyDirRecursive, dataSize=0, replicationConfig=null} | ret=FAILURE
org.apache.hadoop.ozone.om.exceptions.OMException: Unable to get file status: volume: volume76734 bucket: bucket10453 key: test/testDeleteNonEmptyDirRecursive
	at org.apache.hadoop.ozone.om.KeyManagerImpl.getOzoneFileStatus(KeyManagerImpl.java:1162) ~[ozone-manager-1.4.0-SNAPSHOT.jar:?]
	at org.apache.hadoop.ozone.om.KeyManagerImpl.getFileStatus(KeyManagerImpl.java:1080) ~[ozone-manager-1.4.0-SNAPSHOT.jar:?]
	at org.apache.hadoop.ozone.om.OmMetadataReader.getFileStatus(OmMetadataReader.java:288) ~[ozone-manager-1.4.0-SNAPSHOT.jar:?]
	at org.apache.hadoop.ozone.om.OzoneManager.getFileStatus(OzoneManager.java:3450) ~[ozone-manager-1.4.0-SNAPSHOT.jar:?]
	at org.apache.hadoop.ozone.protocolPB.OzoneManagerRequestHandler.getOzoneFileStatus(OzoneManagerRequestHandler.java:933) ~[ozone-manager-1.4.0-SNAPSHOT.jar:?]
	at org.apache.hadoop.ozone.protocolPB.OzoneManagerRequestHandler.handleReadRequest(OzoneManagerRequestHandler.java:238) ~[ozone-manager-1.4.0-SNAPSHOT.jar:?]
	at org.apache.hadoop.ozone.protocolPB.OzoneManagerProtocolServerSideTranslatorPB.submitReadRequestToOM(OzoneManagerProtocolServerSideTranslatorPB.java:223) ~[ozone-manager-1.4.0-SNAPSHOT.jar:?]
	at org.apache.hadoop.ozone.protocolPB.OzoneManagerProtocolServerSideTranslatorPB.processRequest(OzoneManagerProtocolServerSideTranslatorPB.java:177) ~[ozone-manager-1.4.0-SNAPSHOT.jar:?]
	at org.apache.hadoop.hdds.server.OzoneProtocolMessageDispatcher.processRequest(OzoneProtocolMessageDispatcher.java:87) [hdds-server-framework-1.4.0-SNAPSHOT.jar:?]
	at org.apache.hadoop.ozone.protocolPB.OzoneManagerProtocolServerSideTranslatorPB.submitRequest(OzoneManagerProtocolServerSideTranslatorPB.java:147) [ozone-manager-1.4.0-SNAPSHOT.jar:?]
	at org.apache.hadoop.ozone.protocol.proto.OzoneManagerProtocolProtos$OzoneManagerService$2.callBlockingMethod(OzoneManagerProtocolProtos.java) [ozone-interface-client-1.4.0-SNAPSHOT.jar:?]
	at org.apache.hadoop.ipc.ProtobufRpcEngine$Server.processCall(ProtobufRpcEngine.java:465) [hadoop-common-3.3.4.jar:?]
	at org.apache.hadoop.ipc.ProtobufRpcEngine2$Server$ProtoBufRpcInvoker.call(ProtobufRpcEngine2.java:578) [hadoop-common-3.3.4.jar:?]
	at org.apache.hadoop.ipc.ProtobufRpcEngine2$Server$ProtoBufRpcInvoker.call(ProtobufRpcEngine2.java:556) [hadoop-common-3.3.4.jar:?]
	at org.apache.hadoop.ipc.RPC$Server.call(RPC.java:1093) [hadoop-common-3.3.4.jar:?]
	at org.apache.hadoop.ipc.Server$RpcCall.run(Server.java:1043) [hadoop-common-3.3.4.jar:?]
	at org.apache.hadoop.ipc.Server$RpcCall.run(Server.java:971) [hadoop-common-3.3.4.jar:?]
	at java.security.AccessController.doPrivileged(Native Method) ~[?:1.8.0_362]
	at javax.security.auth.Subject.doAs(Subject.java:422) [?:1.8.0_362]
	at org.apache.hadoop.security.UserGroupInformation.doAs(UserGroupInformation.java:1878) [hadoop-common-3.3.4.jar:?]
	at org.apache.hadoop.ipc.Server$Handler.run(Server.java:2976) [hadoop-common-3.3.4.jar:?]
01:32:29.696 [IPC Server handler 18 on default port 36463] ERROR OMAudit - user=runner | ip=127.0.0.1 | op=GET_FILE_STATUS {volume=volume76734, bucket=bucket10453, key=test/testDeleteNonEmptyDirRecursive/childfile, dataSize=0, replicationConfig=null} | ret=FAILURE
org.apache.hadoop.ozone.om.exceptions.OMException: Unable to get file status: volume: volume76734 bucket: bucket10453 key: test/testDeleteNonEmptyDirRecursive/childfile
	at org.apache.hadoop.ozone.om.KeyManagerImpl.getOzoneFileStatus(KeyManagerImpl.java:1162) ~[ozone-manager-1.4.0-SNAPSHOT.jar:?]
	at org.apache.hadoop.ozone.om.KeyManagerImpl.getFileStatus(KeyManagerImpl.java:1080) ~[ozone-manager-1.4.0-SNAPSHOT.jar:?]
	at org.apache.hadoop.ozone.om.OmMetadataReader.getFileStatus(OmMetadataReader.java:288) ~[ozone-manager-1.4.0-SNAPSHOT.jar:?]
	at org.apache.hadoop.ozone.om.OzoneManager.getFileStatus(OzoneManager.java:3450) ~[ozone-manager-1.4.0-SNAPSHOT.jar:?]
	at org.apache.hadoop.ozone.protocolPB.OzoneManagerRequestHandler.getOzoneFileStatus(OzoneManagerRequestHandler.java:933) ~[ozone-manager-1.4.0-SNAPSHOT.jar:?]
	at org.apache.hadoop.ozone.protocolPB.OzoneManagerRequestHandler.handleReadRequest(OzoneManagerRequestHandler.java:238) ~[ozone-manager-1.4.0-SNAPSHOT.jar:?]
	at org.apache.hadoop.ozone.protocolPB.OzoneManagerProtocolServerSideTranslatorPB.submitReadRequestToOM(OzoneManagerProtocolServerSideTranslatorPB.java:223) ~[ozone-manager-1.4.0-SNAPSHOT.jar:?]
	at org.apache.hadoop.ozone.protocolPB.OzoneManagerProtocolServerSideTranslatorPB.processRequest(OzoneManagerProtocolServerSideTranslatorPB.java:177) ~[ozone-manager-1.4.0-SNAPSHOT.jar:?]
	at org.apache.hadoop.hdds.server.OzoneProtocolMessageDispatcher.processRequest(OzoneProtocolMessageDispatcher.java:87) [hdds-server-framework-1.4.0-SNAPSHOT.jar:?]
	at org.apache.hadoop.ozone.protocolPB.OzoneManagerProtocolServerSideTranslatorPB.submitRequest(OzoneManagerProtocolServerSideTranslatorPB.java:147) [ozone-manager-1.4.0-SNAPSHOT.jar:?]
	at org.apache.hadoop.ozone.protocol.proto.OzoneManagerProtocolProtos$OzoneManagerService$2.callBlockingMethod(OzoneManagerProtocolProtos.java) [ozone-interface-client-1.4.0-SNAPSHOT.jar:?]
	at org.apache.hadoop.ipc.ProtobufRpcEngine$Server.processCall(ProtobufRpcEngine.java:465) [hadoop-common-3.3.4.jar:?]
	at org.apache.hadoop.ipc.ProtobufRpcEngine2$Server$ProtoBufRpcInvoker.call(ProtobufRpcEngine2.java:578) [hadoop-common-3.3.4.jar:?]
	at org.apache.hadoop.ipc.ProtobufRpcEngine2$Server$ProtoBufRpcInvoker.call(ProtobufRpcEngine2.java:556) [hadoop-common-3.3.4.jar:?]
	at org.apache.hadoop.ipc.RPC$Server.call(RPC.java:1093) [hadoop-common-3.3.4.jar:?]
	at org.apache.hadoop.ipc.Server$RpcCall.run(Server.java:1043) [hadoop-common-3.3.4.jar:?]
	at org.apache.hadoop.ipc.Server$RpcCall.run(Server.java:971) [hadoop-common-3.3.4.jar:?]
	at java.security.AccessController.doPrivileged(Native Method) ~[?:1.8.0_362]
	at javax.security.auth.Subject.doAs(Subject.java:422) [?:1.8.0_362]
	at org.apache.hadoop.security.UserGroupInformation.doAs(UserGroupInformation.java:1878) [hadoop-common-3.3.4.jar:?]
	at org.apache.hadoop.ipc.Server$Handler.run(Server.java:2976) [hadoop-common-3.3.4.jar:?]
]]></system-out>
  </testcase>
  <testcase name="testDeleteNonEmptyDirRecursive" classname="ITestOzoneContractDelete" time="0.184">
    <failure type="java.lang.AssertionError"><![CDATA[java.lang.AssertionError: Deleted file: unexpectedly found o3fs://bucket17885.volume94145/test/testDeleteNonEmptyDirRecursive as  FileStatus{path=o3fs://bucket17885.volume94145/test/testDeleteNonEmptyDirRecursive; isDirectory=true; modification_time=1676597571285; access_time=1676597571285; owner=runner; group=runner; permission=rwxrwxrwx; isSymlink=false; hasAcl=false; isEncrypted=false; isErasureCoded=false}
	at org.junit.Assert.fail(Assert.java:89)
	at org.apache.hadoop.fs.contract.ContractTestUtils.assertPathDoesNotExist(ContractTestUtils.java:1004)
	at org.apache.hadoop.fs.contract.ContractTestUtils.assertDeleted(ContractTestUtils.java:733)
	at org.apache.hadoop.fs.contract.ContractTestUtils.assertDeleted(ContractTestUtils.java:706)
	at org.apache.hadoop.fs.contract.ContractTestUtils.assertDeleted(ContractTestUtils.java:688)
	at org.apache.hadoop.fs.contract.AbstractFSContractTestBase.assertDeleted(AbstractFSContractTestBase.java:372)
	at org.apache.hadoop.fs.contract.AbstractContractDeleteTest.testDeleteNonEmptyDirRecursive(AbstractContractDeleteTest.java:93)
	at sun.reflect.NativeMethodAccessorImpl.invoke0(Native Method)
	at sun.reflect.NativeMethodAccessorImpl.invoke(NativeMethodAccessorImpl.java:62)
	at sun.reflect.DelegatingMethodAccessorImpl.invoke(DelegatingMethodAccessorImpl.java:43)
	at java.lang.reflect.Method.invoke(Method.java:498)
	at org.junit.runners.model.FrameworkMethod$1.runReflectiveCall(FrameworkMethod.java:59)
	at org.junit.internal.runners.model.ReflectiveCallable.run(ReflectiveCallable.java:12)
	at org.junit.runners.model.FrameworkMethod.invokeExplosively(FrameworkMethod.java:56)
	at org.junit.internal.runners.statements.InvokeMethod.evaluate(InvokeMethod.java:17)
	at org.junit.internal.runners.statements.RunBefores.evaluate(RunBefores.java:26)
	at org.junit.internal.runners.statements.RunAfters.evaluate(RunAfters.java:27)
	at org.junit.rules.TestWatcher$1.evaluate(TestWatcher.java:61)
	at org.junit.internal.runners.statements.FailOnTimeout$CallableStatement.call(FailOnTimeout.java:288)
	at org.junit.internal.runners.statements.FailOnTimeout$CallableStatement.call(FailOnTimeout.java:282)
	at java.util.concurrent.FutureTask.run(FutureTask.java:266)
	at java.lang.Thread.run(Thread.java:750)
]]></failure>
    <system-out><![CDATA[2023-02-17 01:32:51,134 [setup] INFO  rpc.RpcClient (RpcClient.java:createVolume(476)) - Creating Volume: volume94145, with user37254 as owner and space quota set to -1 bytes, counts quota set to -1
2023-02-17 01:32:51,140 [OM StateMachine ApplyTransaction Thread - 0] INFO  volume.OMVolumeCreateRequest (OMVolumeCreateRequest.java:validateAndUpdateCache(195)) - created volume:volume94145 for user:user37254
2023-02-17 01:32:51,143 [setup] INFO  rpc.RpcClient (RpcClient.java:createBucket(698)) - Creating Bucket: volume94145/bucket17885, with bucket layout LEGACY, runner as owner, Versioning false, Storage Type set to DISK and Encryption set to false, Replication Type set to server-side default replication type, Namespace Quota set to -1, Space Quota set to -1 
2023-02-17 01:32:51,145 [OM StateMachine ApplyTransaction Thread - 0] INFO  bucket.OMBucketCreateRequest (OMBucketCreateRequest.java:validateAndUpdateCache(263)) - created bucket: bucket17885 of layout LEGACY in volume: volume94145
2023-02-17 01:32:51,177 [setup] INFO  contract.AbstractFSContractTestBase (AbstractFSContractTestBase.java:setup(194)) - Test filesystem = o3fs://bucket17885.volume94145 implemented by OzoneFileSystem{URI=o3fs://bucket17885.volume94145, workingDir=o3fs://bucket17885.volume94145/user/runner, userName=runner, statistics=0 bytes read, 94 bytes written, 77 read ops, 0 large read ops, 27 write ops}
]]></system-out>
  </testcase>
  <testcase name="testDeleteNonexistentPathRecursive" classname="ITestOzoneContractDelete" time="0.09">
    <system-out><![CDATA[2023-02-17 01:32:29,732 [setup] INFO  rpc.RpcClient (RpcClient.java:createVolume(476)) - Creating Volume: volume04077, with user79374 as owner and space quota set to -1 bytes, counts quota set to -1
2023-02-17 01:32:29,738 [OM StateMachine ApplyTransaction Thread - 0] INFO  volume.OMVolumeCreateRequest (OMVolumeCreateRequest.java:validateAndUpdateCache(195)) - created volume:volume04077 for user:user79374
2023-02-17 01:32:29,741 [setup] INFO  rpc.RpcClient (RpcClient.java:createBucket(698)) - Creating Bucket: volume04077/bucket16224, with bucket layout LEGACY, runner as owner, Versioning false, Storage Type set to DISK and Encryption set to false, Replication Type set to server-side default replication type, Namespace Quota set to -1, Space Quota set to -1 
2023-02-17 01:32:29,744 [OM StateMachine ApplyTransaction Thread - 0] INFO  bucket.OMBucketCreateRequest (OMBucketCreateRequest.java:validateAndUpdateCache(263)) - created bucket: bucket16224 of layout LEGACY in volume: volume04077
2023-02-17 01:32:29,780 [setup] INFO  contract.AbstractFSContractTestBase (AbstractFSContractTestBase.java:setup(194)) - Test filesystem = o3fs://bucket16224.volume04077 implemented by OzoneFileSystem{URI=o3fs://bucket16224.volume04077, workingDir=o3fs://bucket16224.volume04077/user/runner, userName=runner, statistics=0 bytes read, 54 bytes written, 31 read ops, 0 large read ops, 11 write ops}
01:32:29.785 [IPC Server handler 3 on default port 36463] ERROR OMAudit - user=runner | ip=127.0.0.1 | op=GET_FILE_STATUS {volume=volume04077, bucket=bucket16224, key=test/testDeleteNonexistentPathRecursive, dataSize=0, replicationConfig=null} | ret=FAILURE
org.apache.hadoop.ozone.om.exceptions.OMException: Unable to get file status: volume: volume04077 bucket: bucket16224 key: test/testDeleteNonexistentPathRecursive
	at org.apache.hadoop.ozone.om.KeyManagerImpl.getOzoneFileStatus(KeyManagerImpl.java:1162) ~[ozone-manager-1.4.0-SNAPSHOT.jar:?]
	at org.apache.hadoop.ozone.om.KeyManagerImpl.getFileStatus(KeyManagerImpl.java:1080) ~[ozone-manager-1.4.0-SNAPSHOT.jar:?]
	at org.apache.hadoop.ozone.om.OmMetadataReader.getFileStatus(OmMetadataReader.java:288) ~[ozone-manager-1.4.0-SNAPSHOT.jar:?]
	at org.apache.hadoop.ozone.om.OzoneManager.getFileStatus(OzoneManager.java:3450) ~[ozone-manager-1.4.0-SNAPSHOT.jar:?]
	at org.apache.hadoop.ozone.protocolPB.OzoneManagerRequestHandler.getOzoneFileStatus(OzoneManagerRequestHandler.java:933) ~[ozone-manager-1.4.0-SNAPSHOT.jar:?]
	at org.apache.hadoop.ozone.protocolPB.OzoneManagerRequestHandler.handleReadRequest(OzoneManagerRequestHandler.java:238) ~[ozone-manager-1.4.0-SNAPSHOT.jar:?]
	at org.apache.hadoop.ozone.protocolPB.OzoneManagerProtocolServerSideTranslatorPB.submitReadRequestToOM(OzoneManagerProtocolServerSideTranslatorPB.java:223) ~[ozone-manager-1.4.0-SNAPSHOT.jar:?]
	at org.apache.hadoop.ozone.protocolPB.OzoneManagerProtocolServerSideTranslatorPB.processRequest(OzoneManagerProtocolServerSideTranslatorPB.java:177) ~[ozone-manager-1.4.0-SNAPSHOT.jar:?]
	at org.apache.hadoop.hdds.server.OzoneProtocolMessageDispatcher.processRequest(OzoneProtocolMessageDispatcher.java:87) [hdds-server-framework-1.4.0-SNAPSHOT.jar:?]
	at org.apache.hadoop.ozone.protocolPB.OzoneManagerProtocolServerSideTranslatorPB.submitRequest(OzoneManagerProtocolServerSideTranslatorPB.java:147) [ozone-manager-1.4.0-SNAPSHOT.jar:?]
	at org.apache.hadoop.ozone.protocol.proto.OzoneManagerProtocolProtos$OzoneManagerService$2.callBlockingMethod(OzoneManagerProtocolProtos.java) [ozone-interface-client-1.4.0-SNAPSHOT.jar:?]
	at org.apache.hadoop.ipc.ProtobufRpcEngine$Server.processCall(ProtobufRpcEngine.java:465) [hadoop-common-3.3.4.jar:?]
	at org.apache.hadoop.ipc.ProtobufRpcEngine2$Server$ProtoBufRpcInvoker.call(ProtobufRpcEngine2.java:578) [hadoop-common-3.3.4.jar:?]
	at org.apache.hadoop.ipc.ProtobufRpcEngine2$Server$ProtoBufRpcInvoker.call(ProtobufRpcEngine2.java:556) [hadoop-common-3.3.4.jar:?]
	at org.apache.hadoop.ipc.RPC$Server.call(RPC.java:1093) [hadoop-common-3.3.4.jar:?]
	at org.apache.hadoop.ipc.Server$RpcCall.run(Server.java:1043) [hadoop-common-3.3.4.jar:?]
	at org.apache.hadoop.ipc.Server$RpcCall.run(Server.java:971) [hadoop-common-3.3.4.jar:?]
	at java.security.AccessController.doPrivileged(Native Method) ~[?:1.8.0_362]
	at javax.security.auth.Subject.doAs(Subject.java:422) [?:1.8.0_362]
	at org.apache.hadoop.security.UserGroupInformation.doAs(UserGroupInformation.java:1878) [hadoop-common-3.3.4.jar:?]
	at org.apache.hadoop.ipc.Server$Handler.run(Server.java:2976) [hadoop-common-3.3.4.jar:?]
01:32:29.787 [IPC Server handler 1 on default port 36463] ERROR OMAudit - user=runner | ip=127.0.0.1 | op=GET_FILE_STATUS {volume=volume04077, bucket=bucket16224, key=test/testDeleteNonexistentPathRecursive, dataSize=0, replicationConfig=null} | ret=FAILURE
org.apache.hadoop.ozone.om.exceptions.OMException: Unable to get file status: volume: volume04077 bucket: bucket16224 key: test/testDeleteNonexistentPathRecursive
	at org.apache.hadoop.ozone.om.KeyManagerImpl.getOzoneFileStatus(KeyManagerImpl.java:1162) ~[ozone-manager-1.4.0-SNAPSHOT.jar:?]
	at org.apache.hadoop.ozone.om.KeyManagerImpl.getFileStatus(KeyManagerImpl.java:1080) ~[ozone-manager-1.4.0-SNAPSHOT.jar:?]
	at org.apache.hadoop.ozone.om.OmMetadataReader.getFileStatus(OmMetadataReader.java:288) ~[ozone-manager-1.4.0-SNAPSHOT.jar:?]
	at org.apache.hadoop.ozone.om.OzoneManager.getFileStatus(OzoneManager.java:3450) ~[ozone-manager-1.4.0-SNAPSHOT.jar:?]
	at org.apache.hadoop.ozone.protocolPB.OzoneManagerRequestHandler.getOzoneFileStatus(OzoneManagerRequestHandler.java:933) ~[ozone-manager-1.4.0-SNAPSHOT.jar:?]
	at org.apache.hadoop.ozone.protocolPB.OzoneManagerRequestHandler.handleReadRequest(OzoneManagerRequestHandler.java:238) ~[ozone-manager-1.4.0-SNAPSHOT.jar:?]
	at org.apache.hadoop.ozone.protocolPB.OzoneManagerProtocolServerSideTranslatorPB.submitReadRequestToOM(OzoneManagerProtocolServerSideTranslatorPB.java:223) ~[ozone-manager-1.4.0-SNAPSHOT.jar:?]
	at org.apache.hadoop.ozone.protocolPB.OzoneManagerProtocolServerSideTranslatorPB.processRequest(OzoneManagerProtocolServerSideTranslatorPB.java:177) ~[ozone-manager-1.4.0-SNAPSHOT.jar:?]
	at org.apache.hadoop.hdds.server.OzoneProtocolMessageDispatcher.processRequest(OzoneProtocolMessageDispatcher.java:87) [hdds-server-framework-1.4.0-SNAPSHOT.jar:?]
	at org.apache.hadoop.ozone.protocolPB.OzoneManagerProtocolServerSideTranslatorPB.submitRequest(OzoneManagerProtocolServerSideTranslatorPB.java:147) [ozone-manager-1.4.0-SNAPSHOT.jar:?]
	at org.apache.hadoop.ozone.protocol.proto.OzoneManagerProtocolProtos$OzoneManagerService$2.callBlockingMethod(OzoneManagerProtocolProtos.java) [ozone-interface-client-1.4.0-SNAPSHOT.jar:?]
	at org.apache.hadoop.ipc.ProtobufRpcEngine$Server.processCall(ProtobufRpcEngine.java:465) [hadoop-common-3.3.4.jar:?]
	at org.apache.hadoop.ipc.ProtobufRpcEngine2$Server$ProtoBufRpcInvoker.call(ProtobufRpcEngine2.java:578) [hadoop-common-3.3.4.jar:?]
	at org.apache.hadoop.ipc.ProtobufRpcEngine2$Server$ProtoBufRpcInvoker.call(ProtobufRpcEngine2.java:556) [hadoop-common-3.3.4.jar:?]
	at org.apache.hadoop.ipc.RPC$Server.call(RPC.java:1093) [hadoop-common-3.3.4.jar:?]
	at org.apache.hadoop.ipc.Server$RpcCall.run(Server.java:1043) [hadoop-common-3.3.4.jar:?]
	at org.apache.hadoop.ipc.Server$RpcCall.run(Server.java:971) [hadoop-common-3.3.4.jar:?]
	at java.security.AccessController.doPrivileged(Native Method) ~[?:1.8.0_362]
	at javax.security.auth.Subject.doAs(Subject.java:422) [?:1.8.0_362]
	at org.apache.hadoop.security.UserGroupInformation.doAs(UserGroupInformation.java:1878) [hadoop-common-3.3.4.jar:?]
	at org.apache.hadoop.ipc.Server$Handler.run(Server.java:2976) [hadoop-common-3.3.4.jar:?]
2023-02-17 01:32:29,788 [JUnit-testDeleteNonexistentPathRecursive[0]] WARN  ozone.BasicOzoneFileSystem (BasicOzoneFileSystem.java:delete(559)) - delete: Path does not exist: o3fs://bucket16224.volume04077/test/testDeleteNonexistentPathRecursive
]]></system-out>
  </testcase>
  <testcase name="testDeleteNonexistentPathRecursive" classname="ITestOzoneContractDelete" time="0.072">
    <system-out><![CDATA[2023-02-17 01:32:51,321 [setup] INFO  rpc.RpcClient (RpcClient.java:createVolume(476)) - Creating Volume: volume81863, with user93687 as owner and space quota set to -1 bytes, counts quota set to -1
2023-02-17 01:32:51,326 [OM StateMachine ApplyTransaction Thread - 0] INFO  volume.OMVolumeCreateRequest (OMVolumeCreateRequest.java:validateAndUpdateCache(195)) - created volume:volume81863 for user:user93687
2023-02-17 01:32:51,328 [setup] INFO  rpc.RpcClient (RpcClient.java:createBucket(698)) - Creating Bucket: volume81863/bucket55295, with bucket layout LEGACY, runner as owner, Versioning false, Storage Type set to DISK and Encryption set to false, Replication Type set to server-side default replication type, Namespace Quota set to -1, Space Quota set to -1 
2023-02-17 01:32:51,330 [OM StateMachine ApplyTransaction Thread - 0] INFO  bucket.OMBucketCreateRequest (OMBucketCreateRequest.java:validateAndUpdateCache(263)) - created bucket: bucket55295 of layout LEGACY in volume: volume81863
2023-02-17 01:32:51,359 [setup] INFO  contract.AbstractFSContractTestBase (AbstractFSContractTestBase.java:setup(194)) - Test filesystem = o3fs://bucket55295.volume81863 implemented by OzoneFileSystem{URI=o3fs://bucket55295.volume81863, workingDir=o3fs://bucket55295.volume81863/user/runner, userName=runner, statistics=0 bytes read, 108 bytes written, 84 read ops, 0 large read ops, 30 write ops}
01:32:51.364 [IPC Server handler 0 on default port 33393] ERROR OMAudit - user=runner | ip=127.0.0.1 | op=GET_FILE_STATUS {volume=volume81863, bucket=bucket55295, key=test/testDeleteNonexistentPathRecursive, dataSize=0, replicationConfig=null} | ret=FAILURE
org.apache.hadoop.ozone.om.exceptions.OMException: Unable to get file status: volume: volume81863 bucket: bucket55295 key: test/testDeleteNonexistentPathRecursive
	at org.apache.hadoop.ozone.om.KeyManagerImpl.getOzoneFileStatus(KeyManagerImpl.java:1162) ~[ozone-manager-1.4.0-SNAPSHOT.jar:?]
	at org.apache.hadoop.ozone.om.KeyManagerImpl.getFileStatus(KeyManagerImpl.java:1080) ~[ozone-manager-1.4.0-SNAPSHOT.jar:?]
	at org.apache.hadoop.ozone.om.OmMetadataReader.getFileStatus(OmMetadataReader.java:288) ~[ozone-manager-1.4.0-SNAPSHOT.jar:?]
	at org.apache.hadoop.ozone.om.OzoneManager.getFileStatus(OzoneManager.java:3450) ~[ozone-manager-1.4.0-SNAPSHOT.jar:?]
	at org.apache.hadoop.ozone.protocolPB.OzoneManagerRequestHandler.getOzoneFileStatus(OzoneManagerRequestHandler.java:933) ~[ozone-manager-1.4.0-SNAPSHOT.jar:?]
	at org.apache.hadoop.ozone.protocolPB.OzoneManagerRequestHandler.handleReadRequest(OzoneManagerRequestHandler.java:238) ~[ozone-manager-1.4.0-SNAPSHOT.jar:?]
	at org.apache.hadoop.ozone.protocolPB.OzoneManagerProtocolServerSideTranslatorPB.submitReadRequestToOM(OzoneManagerProtocolServerSideTranslatorPB.java:223) ~[ozone-manager-1.4.0-SNAPSHOT.jar:?]
	at org.apache.hadoop.ozone.protocolPB.OzoneManagerProtocolServerSideTranslatorPB.processRequest(OzoneManagerProtocolServerSideTranslatorPB.java:177) ~[ozone-manager-1.4.0-SNAPSHOT.jar:?]
	at org.apache.hadoop.hdds.server.OzoneProtocolMessageDispatcher.processRequest(OzoneProtocolMessageDispatcher.java:87) [hdds-server-framework-1.4.0-SNAPSHOT.jar:?]
	at org.apache.hadoop.ozone.protocolPB.OzoneManagerProtocolServerSideTranslatorPB.submitRequest(OzoneManagerProtocolServerSideTranslatorPB.java:147) [ozone-manager-1.4.0-SNAPSHOT.jar:?]
	at org.apache.hadoop.ozone.protocol.proto.OzoneManagerProtocolProtos$OzoneManagerService$2.callBlockingMethod(OzoneManagerProtocolProtos.java) [ozone-interface-client-1.4.0-SNAPSHOT.jar:?]
	at org.apache.hadoop.ipc.ProtobufRpcEngine$Server.processCall(ProtobufRpcEngine.java:465) [hadoop-common-3.3.4.jar:?]
	at org.apache.hadoop.ipc.ProtobufRpcEngine2$Server$ProtoBufRpcInvoker.call(ProtobufRpcEngine2.java:578) [hadoop-common-3.3.4.jar:?]
	at org.apache.hadoop.ipc.ProtobufRpcEngine2$Server$ProtoBufRpcInvoker.call(ProtobufRpcEngine2.java:556) [hadoop-common-3.3.4.jar:?]
	at org.apache.hadoop.ipc.RPC$Server.call(RPC.java:1093) [hadoop-common-3.3.4.jar:?]
	at org.apache.hadoop.ipc.Server$RpcCall.run(Server.java:1043) [hadoop-common-3.3.4.jar:?]
	at org.apache.hadoop.ipc.Server$RpcCall.run(Server.java:971) [hadoop-common-3.3.4.jar:?]
	at java.security.AccessController.doPrivileged(Native Method) ~[?:1.8.0_362]
	at javax.security.auth.Subject.doAs(Subject.java:422) [?:1.8.0_362]
	at org.apache.hadoop.security.UserGroupInformation.doAs(UserGroupInformation.java:1878) [hadoop-common-3.3.4.jar:?]
	at org.apache.hadoop.ipc.Server$Handler.run(Server.java:2976) [hadoop-common-3.3.4.jar:?]
01:32:51.365 [IPC Server handler 1 on default port 33393] ERROR OMAudit - user=runner | ip=127.0.0.1 | op=GET_FILE_STATUS {volume=volume81863, bucket=bucket55295, key=test/testDeleteNonexistentPathRecursive, dataSize=0, replicationConfig=null} | ret=FAILURE
org.apache.hadoop.ozone.om.exceptions.OMException: Unable to get file status: volume: volume81863 bucket: bucket55295 key: test/testDeleteNonexistentPathRecursive
	at org.apache.hadoop.ozone.om.KeyManagerImpl.getOzoneFileStatus(KeyManagerImpl.java:1162) ~[ozone-manager-1.4.0-SNAPSHOT.jar:?]
	at org.apache.hadoop.ozone.om.KeyManagerImpl.getFileStatus(KeyManagerImpl.java:1080) ~[ozone-manager-1.4.0-SNAPSHOT.jar:?]
	at org.apache.hadoop.ozone.om.OmMetadataReader.getFileStatus(OmMetadataReader.java:288) ~[ozone-manager-1.4.0-SNAPSHOT.jar:?]
	at org.apache.hadoop.ozone.om.OzoneManager.getFileStatus(OzoneManager.java:3450) ~[ozone-manager-1.4.0-SNAPSHOT.jar:?]
	at org.apache.hadoop.ozone.protocolPB.OzoneManagerRequestHandler.getOzoneFileStatus(OzoneManagerRequestHandler.java:933) ~[ozone-manager-1.4.0-SNAPSHOT.jar:?]
	at org.apache.hadoop.ozone.protocolPB.OzoneManagerRequestHandler.handleReadRequest(OzoneManagerRequestHandler.java:238) ~[ozone-manager-1.4.0-SNAPSHOT.jar:?]
	at org.apache.hadoop.ozone.protocolPB.OzoneManagerProtocolServerSideTranslatorPB.submitReadRequestToOM(OzoneManagerProtocolServerSideTranslatorPB.java:223) ~[ozone-manager-1.4.0-SNAPSHOT.jar:?]
	at org.apache.hadoop.ozone.protocolPB.OzoneManagerProtocolServerSideTranslatorPB.processRequest(OzoneManagerProtocolServerSideTranslatorPB.java:177) ~[ozone-manager-1.4.0-SNAPSHOT.jar:?]
	at org.apache.hadoop.hdds.server.OzoneProtocolMessageDispatcher.processRequest(OzoneProtocolMessageDispatcher.java:87) [hdds-server-framework-1.4.0-SNAPSHOT.jar:?]
	at org.apache.hadoop.ozone.protocolPB.OzoneManagerProtocolServerSideTranslatorPB.submitRequest(OzoneManagerProtocolServerSideTranslatorPB.java:147) [ozone-manager-1.4.0-SNAPSHOT.jar:?]
	at org.apache.hadoop.ozone.protocol.proto.OzoneManagerProtocolProtos$OzoneManagerService$2.callBlockingMethod(OzoneManagerProtocolProtos.java) [ozone-interface-client-1.4.0-SNAPSHOT.jar:?]
	at org.apache.hadoop.ipc.ProtobufRpcEngine$Server.processCall(ProtobufRpcEngine.java:465) [hadoop-common-3.3.4.jar:?]
	at org.apache.hadoop.ipc.ProtobufRpcEngine2$Server$ProtoBufRpcInvoker.call(ProtobufRpcEngine2.java:578) [hadoop-common-3.3.4.jar:?]
	at org.apache.hadoop.ipc.ProtobufRpcEngine2$Server$ProtoBufRpcInvoker.call(ProtobufRpcEngine2.java:556) [hadoop-common-3.3.4.jar:?]
	at org.apache.hadoop.ipc.RPC$Server.call(RPC.java:1093) [hadoop-common-3.3.4.jar:?]
	at org.apache.hadoop.ipc.Server$RpcCall.run(Server.java:1043) [hadoop-common-3.3.4.jar:?]
	at org.apache.hadoop.ipc.Server$RpcCall.run(Server.java:971) [hadoop-common-3.3.4.jar:?]
	at java.security.AccessController.doPrivileged(Native Method) ~[?:1.8.0_362]
	at javax.security.auth.Subject.doAs(Subject.java:422) [?:1.8.0_362]
	at org.apache.hadoop.security.UserGroupInformation.doAs(UserGroupInformation.java:1878) [hadoop-common-3.3.4.jar:?]
	at org.apache.hadoop.ipc.Server$Handler.run(Server.java:2976) [hadoop-common-3.3.4.jar:?]
2023-02-17 01:32:51,365 [JUnit-testDeleteNonexistentPathRecursive[1]] WARN  ozone.BasicOzoneFileSystem (BasicOzoneFileSystem.java:delete(559)) - delete: Path does not exist: o3fs://bucket55295.volume81863/test/testDeleteNonexistentPathRecursive
]]></system-out>
  </testcase>
  <testcase name="testDeleteNonexistentPathNonRecursive" classname="ITestOzoneContractDelete" time="0.096">
    <system-out><![CDATA[2023-02-17 01:32:29,830 [setup] INFO  rpc.RpcClient (RpcClient.java:createVolume(476)) - Creating Volume: volume61906, with user69129 as owner and space quota set to -1 bytes, counts quota set to -1
2023-02-17 01:32:29,834 [OM StateMachine ApplyTransaction Thread - 0] INFO  volume.OMVolumeCreateRequest (OMVolumeCreateRequest.java:validateAndUpdateCache(195)) - created volume:volume61906 for user:user69129
2023-02-17 01:32:29,837 [setup] INFO  rpc.RpcClient (RpcClient.java:createBucket(698)) - Creating Bucket: volume61906/bucket82967, with bucket layout LEGACY, runner as owner, Versioning false, Storage Type set to DISK and Encryption set to false, Replication Type set to server-side default replication type, Namespace Quota set to -1, Space Quota set to -1 
2023-02-17 01:32:29,840 [OM StateMachine ApplyTransaction Thread - 0] INFO  bucket.OMBucketCreateRequest (OMBucketCreateRequest.java:validateAndUpdateCache(263)) - created bucket: bucket82967 of layout LEGACY in volume: volume61906
2023-02-17 01:32:29,875 [setup] INFO  contract.AbstractFSContractTestBase (AbstractFSContractTestBase.java:setup(194)) - Test filesystem = o3fs://bucket82967.volume61906 implemented by OzoneFileSystem{URI=o3fs://bucket82967.volume61906, workingDir=o3fs://bucket82967.volume61906/user/runner, userName=runner, statistics=0 bytes read, 54 bytes written, 35 read ops, 0 large read ops, 13 write ops}
01:32:29.881 [IPC Server handler 10 on default port 36463] ERROR OMAudit - user=runner | ip=127.0.0.1 | op=GET_FILE_STATUS {volume=volume61906, bucket=bucket82967, key=test/testDeleteNonexistentPathNonRecursive, dataSize=0, replicationConfig=null} | ret=FAILURE
org.apache.hadoop.ozone.om.exceptions.OMException: Unable to get file status: volume: volume61906 bucket: bucket82967 key: test/testDeleteNonexistentPathNonRecursive
	at org.apache.hadoop.ozone.om.KeyManagerImpl.getOzoneFileStatus(KeyManagerImpl.java:1162) ~[ozone-manager-1.4.0-SNAPSHOT.jar:?]
	at org.apache.hadoop.ozone.om.KeyManagerImpl.getFileStatus(KeyManagerImpl.java:1080) ~[ozone-manager-1.4.0-SNAPSHOT.jar:?]
	at org.apache.hadoop.ozone.om.OmMetadataReader.getFileStatus(OmMetadataReader.java:288) ~[ozone-manager-1.4.0-SNAPSHOT.jar:?]
	at org.apache.hadoop.ozone.om.OzoneManager.getFileStatus(OzoneManager.java:3450) ~[ozone-manager-1.4.0-SNAPSHOT.jar:?]
	at org.apache.hadoop.ozone.protocolPB.OzoneManagerRequestHandler.getOzoneFileStatus(OzoneManagerRequestHandler.java:933) ~[ozone-manager-1.4.0-SNAPSHOT.jar:?]
	at org.apache.hadoop.ozone.protocolPB.OzoneManagerRequestHandler.handleReadRequest(OzoneManagerRequestHandler.java:238) ~[ozone-manager-1.4.0-SNAPSHOT.jar:?]
	at org.apache.hadoop.ozone.protocolPB.OzoneManagerProtocolServerSideTranslatorPB.submitReadRequestToOM(OzoneManagerProtocolServerSideTranslatorPB.java:223) ~[ozone-manager-1.4.0-SNAPSHOT.jar:?]
	at org.apache.hadoop.ozone.protocolPB.OzoneManagerProtocolServerSideTranslatorPB.processRequest(OzoneManagerProtocolServerSideTranslatorPB.java:177) ~[ozone-manager-1.4.0-SNAPSHOT.jar:?]
	at org.apache.hadoop.hdds.server.OzoneProtocolMessageDispatcher.processRequest(OzoneProtocolMessageDispatcher.java:87) [hdds-server-framework-1.4.0-SNAPSHOT.jar:?]
	at org.apache.hadoop.ozone.protocolPB.OzoneManagerProtocolServerSideTranslatorPB.submitRequest(OzoneManagerProtocolServerSideTranslatorPB.java:147) [ozone-manager-1.4.0-SNAPSHOT.jar:?]
	at org.apache.hadoop.ozone.protocol.proto.OzoneManagerProtocolProtos$OzoneManagerService$2.callBlockingMethod(OzoneManagerProtocolProtos.java) [ozone-interface-client-1.4.0-SNAPSHOT.jar:?]
	at org.apache.hadoop.ipc.ProtobufRpcEngine$Server.processCall(ProtobufRpcEngine.java:465) [hadoop-common-3.3.4.jar:?]
	at org.apache.hadoop.ipc.ProtobufRpcEngine2$Server$ProtoBufRpcInvoker.call(ProtobufRpcEngine2.java:578) [hadoop-common-3.3.4.jar:?]
	at org.apache.hadoop.ipc.ProtobufRpcEngine2$Server$ProtoBufRpcInvoker.call(ProtobufRpcEngine2.java:556) [hadoop-common-3.3.4.jar:?]
	at org.apache.hadoop.ipc.RPC$Server.call(RPC.java:1093) [hadoop-common-3.3.4.jar:?]
	at org.apache.hadoop.ipc.Server$RpcCall.run(Server.java:1043) [hadoop-common-3.3.4.jar:?]
	at org.apache.hadoop.ipc.Server$RpcCall.run(Server.java:971) [hadoop-common-3.3.4.jar:?]
	at java.security.AccessController.doPrivileged(Native Method) ~[?:1.8.0_362]
	at javax.security.auth.Subject.doAs(Subject.java:422) [?:1.8.0_362]
	at org.apache.hadoop.security.UserGroupInformation.doAs(UserGroupInformation.java:1878) [hadoop-common-3.3.4.jar:?]
	at org.apache.hadoop.ipc.Server$Handler.run(Server.java:2976) [hadoop-common-3.3.4.jar:?]
01:32:29.882 [IPC Server handler 6 on default port 36463] ERROR OMAudit - user=runner | ip=127.0.0.1 | op=GET_FILE_STATUS {volume=volume61906, bucket=bucket82967, key=test/testDeleteNonexistentPathNonRecursive, dataSize=0, replicationConfig=null} | ret=FAILURE
org.apache.hadoop.ozone.om.exceptions.OMException: Unable to get file status: volume: volume61906 bucket: bucket82967 key: test/testDeleteNonexistentPathNonRecursive
	at org.apache.hadoop.ozone.om.KeyManagerImpl.getOzoneFileStatus(KeyManagerImpl.java:1162) ~[ozone-manager-1.4.0-SNAPSHOT.jar:?]
	at org.apache.hadoop.ozone.om.KeyManagerImpl.getFileStatus(KeyManagerImpl.java:1080) ~[ozone-manager-1.4.0-SNAPSHOT.jar:?]
	at org.apache.hadoop.ozone.om.OmMetadataReader.getFileStatus(OmMetadataReader.java:288) ~[ozone-manager-1.4.0-SNAPSHOT.jar:?]
	at org.apache.hadoop.ozone.om.OzoneManager.getFileStatus(OzoneManager.java:3450) ~[ozone-manager-1.4.0-SNAPSHOT.jar:?]
	at org.apache.hadoop.ozone.protocolPB.OzoneManagerRequestHandler.getOzoneFileStatus(OzoneManagerRequestHandler.java:933) ~[ozone-manager-1.4.0-SNAPSHOT.jar:?]
	at org.apache.hadoop.ozone.protocolPB.OzoneManagerRequestHandler.handleReadRequest(OzoneManagerRequestHandler.java:238) ~[ozone-manager-1.4.0-SNAPSHOT.jar:?]
	at org.apache.hadoop.ozone.protocolPB.OzoneManagerProtocolServerSideTranslatorPB.submitReadRequestToOM(OzoneManagerProtocolServerSideTranslatorPB.java:223) ~[ozone-manager-1.4.0-SNAPSHOT.jar:?]
	at org.apache.hadoop.ozone.protocolPB.OzoneManagerProtocolServerSideTranslatorPB.processRequest(OzoneManagerProtocolServerSideTranslatorPB.java:177) ~[ozone-manager-1.4.0-SNAPSHOT.jar:?]
	at org.apache.hadoop.hdds.server.OzoneProtocolMessageDispatcher.processRequest(OzoneProtocolMessageDispatcher.java:87) [hdds-server-framework-1.4.0-SNAPSHOT.jar:?]
	at org.apache.hadoop.ozone.protocolPB.OzoneManagerProtocolServerSideTranslatorPB.submitRequest(OzoneManagerProtocolServerSideTranslatorPB.java:147) [ozone-manager-1.4.0-SNAPSHOT.jar:?]
	at org.apache.hadoop.ozone.protocol.proto.OzoneManagerProtocolProtos$OzoneManagerService$2.callBlockingMethod(OzoneManagerProtocolProtos.java) [ozone-interface-client-1.4.0-SNAPSHOT.jar:?]
	at org.apache.hadoop.ipc.ProtobufRpcEngine$Server.processCall(ProtobufRpcEngine.java:465) [hadoop-common-3.3.4.jar:?]
	at org.apache.hadoop.ipc.ProtobufRpcEngine2$Server$ProtoBufRpcInvoker.call(ProtobufRpcEngine2.java:578) [hadoop-common-3.3.4.jar:?]
	at org.apache.hadoop.ipc.ProtobufRpcEngine2$Server$ProtoBufRpcInvoker.call(ProtobufRpcEngine2.java:556) [hadoop-common-3.3.4.jar:?]
	at org.apache.hadoop.ipc.RPC$Server.call(RPC.java:1093) [hadoop-common-3.3.4.jar:?]
	at org.apache.hadoop.ipc.Server$RpcCall.run(Server.java:1043) [hadoop-common-3.3.4.jar:?]
	at org.apache.hadoop.ipc.Server$RpcCall.run(Server.java:971) [hadoop-common-3.3.4.jar:?]
	at java.security.AccessController.doPrivileged(Native Method) ~[?:1.8.0_362]
	at javax.security.auth.Subject.doAs(Subject.java:422) [?:1.8.0_362]
	at org.apache.hadoop.security.UserGroupInformation.doAs(UserGroupInformation.java:1878) [hadoop-common-3.3.4.jar:?]
	at org.apache.hadoop.ipc.Server$Handler.run(Server.java:2976) [hadoop-common-3.3.4.jar:?]
2023-02-17 01:32:29,883 [JUnit-testDeleteNonexistentPathNonRecursive[0]] WARN  ozone.BasicOzoneFileSystem (BasicOzoneFileSystem.java:delete(559)) - delete: Path does not exist: o3fs://bucket82967.volume61906/test/testDeleteNonexistentPathNonRecursive
]]></system-out>
  </testcase>
  <testcase name="testDeleteNonexistentPathNonRecursive" classname="ITestOzoneContractDelete" time="0.085">
    <system-out><![CDATA[2023-02-17 01:32:51,399 [setup] INFO  rpc.RpcClient (RpcClient.java:createVolume(476)) - Creating Volume: volume86927, with user28232 as owner and space quota set to -1 bytes, counts quota set to -1
2023-02-17 01:32:51,402 [OM StateMachine ApplyTransaction Thread - 0] INFO  volume.OMVolumeCreateRequest (OMVolumeCreateRequest.java:validateAndUpdateCache(195)) - created volume:volume86927 for user:user28232
2023-02-17 01:32:51,405 [setup] INFO  rpc.RpcClient (RpcClient.java:createBucket(698)) - Creating Bucket: volume86927/bucket94152, with bucket layout LEGACY, runner as owner, Versioning false, Storage Type set to DISK and Encryption set to false, Replication Type set to server-side default replication type, Namespace Quota set to -1, Space Quota set to -1 
2023-02-17 01:32:51,411 [OM StateMachine ApplyTransaction Thread - 0] INFO  bucket.OMBucketCreateRequest (OMBucketCreateRequest.java:validateAndUpdateCache(263)) - created bucket: bucket94152 of layout LEGACY in volume: volume86927
2023-02-17 01:32:51,443 [setup] INFO  contract.AbstractFSContractTestBase (AbstractFSContractTestBase.java:setup(194)) - Test filesystem = o3fs://bucket94152.volume86927 implemented by OzoneFileSystem{URI=o3fs://bucket94152.volume86927, workingDir=o3fs://bucket94152.volume86927/user/runner, userName=runner, statistics=0 bytes read, 108 bytes written, 88 read ops, 0 large read ops, 32 write ops}
01:32:51.448 [IPC Server handler 16 on default port 33393] ERROR OMAudit - user=runner | ip=127.0.0.1 | op=GET_FILE_STATUS {volume=volume86927, bucket=bucket94152, key=test/testDeleteNonexistentPathNonRecursive, dataSize=0, replicationConfig=null} | ret=FAILURE
org.apache.hadoop.ozone.om.exceptions.OMException: Unable to get file status: volume: volume86927 bucket: bucket94152 key: test/testDeleteNonexistentPathNonRecursive
	at org.apache.hadoop.ozone.om.KeyManagerImpl.getOzoneFileStatus(KeyManagerImpl.java:1162) ~[ozone-manager-1.4.0-SNAPSHOT.jar:?]
	at org.apache.hadoop.ozone.om.KeyManagerImpl.getFileStatus(KeyManagerImpl.java:1080) ~[ozone-manager-1.4.0-SNAPSHOT.jar:?]
	at org.apache.hadoop.ozone.om.OmMetadataReader.getFileStatus(OmMetadataReader.java:288) ~[ozone-manager-1.4.0-SNAPSHOT.jar:?]
	at org.apache.hadoop.ozone.om.OzoneManager.getFileStatus(OzoneManager.java:3450) ~[ozone-manager-1.4.0-SNAPSHOT.jar:?]
	at org.apache.hadoop.ozone.protocolPB.OzoneManagerRequestHandler.getOzoneFileStatus(OzoneManagerRequestHandler.java:933) ~[ozone-manager-1.4.0-SNAPSHOT.jar:?]
	at org.apache.hadoop.ozone.protocolPB.OzoneManagerRequestHandler.handleReadRequest(OzoneManagerRequestHandler.java:238) ~[ozone-manager-1.4.0-SNAPSHOT.jar:?]
	at org.apache.hadoop.ozone.protocolPB.OzoneManagerProtocolServerSideTranslatorPB.submitReadRequestToOM(OzoneManagerProtocolServerSideTranslatorPB.java:223) ~[ozone-manager-1.4.0-SNAPSHOT.jar:?]
	at org.apache.hadoop.ozone.protocolPB.OzoneManagerProtocolServerSideTranslatorPB.processRequest(OzoneManagerProtocolServerSideTranslatorPB.java:177) ~[ozone-manager-1.4.0-SNAPSHOT.jar:?]
	at org.apache.hadoop.hdds.server.OzoneProtocolMessageDispatcher.processRequest(OzoneProtocolMessageDispatcher.java:87) [hdds-server-framework-1.4.0-SNAPSHOT.jar:?]
	at org.apache.hadoop.ozone.protocolPB.OzoneManagerProtocolServerSideTranslatorPB.submitRequest(OzoneManagerProtocolServerSideTranslatorPB.java:147) [ozone-manager-1.4.0-SNAPSHOT.jar:?]
	at org.apache.hadoop.ozone.protocol.proto.OzoneManagerProtocolProtos$OzoneManagerService$2.callBlockingMethod(OzoneManagerProtocolProtos.java) [ozone-interface-client-1.4.0-SNAPSHOT.jar:?]
	at org.apache.hadoop.ipc.ProtobufRpcEngine$Server.processCall(ProtobufRpcEngine.java:465) [hadoop-common-3.3.4.jar:?]
	at org.apache.hadoop.ipc.ProtobufRpcEngine2$Server$ProtoBufRpcInvoker.call(ProtobufRpcEngine2.java:578) [hadoop-common-3.3.4.jar:?]
	at org.apache.hadoop.ipc.ProtobufRpcEngine2$Server$ProtoBufRpcInvoker.call(ProtobufRpcEngine2.java:556) [hadoop-common-3.3.4.jar:?]
	at org.apache.hadoop.ipc.RPC$Server.call(RPC.java:1093) [hadoop-common-3.3.4.jar:?]
	at org.apache.hadoop.ipc.Server$RpcCall.run(Server.java:1043) [hadoop-common-3.3.4.jar:?]
	at org.apache.hadoop.ipc.Server$RpcCall.run(Server.java:971) [hadoop-common-3.3.4.jar:?]
	at java.security.AccessController.doPrivileged(Native Method) ~[?:1.8.0_362]
	at javax.security.auth.Subject.doAs(Subject.java:422) [?:1.8.0_362]
	at org.apache.hadoop.security.UserGroupInformation.doAs(UserGroupInformation.java:1878) [hadoop-common-3.3.4.jar:?]
	at org.apache.hadoop.ipc.Server$Handler.run(Server.java:2976) [hadoop-common-3.3.4.jar:?]
01:32:51.449 [IPC Server handler 17 on default port 33393] ERROR OMAudit - user=runner | ip=127.0.0.1 | op=GET_FILE_STATUS {volume=volume86927, bucket=bucket94152, key=test/testDeleteNonexistentPathNonRecursive, dataSize=0, replicationConfig=null} | ret=FAILURE
org.apache.hadoop.ozone.om.exceptions.OMException: Unable to get file status: volume: volume86927 bucket: bucket94152 key: test/testDeleteNonexistentPathNonRecursive
	at org.apache.hadoop.ozone.om.KeyManagerImpl.getOzoneFileStatus(KeyManagerImpl.java:1162) ~[ozone-manager-1.4.0-SNAPSHOT.jar:?]
	at org.apache.hadoop.ozone.om.KeyManagerImpl.getFileStatus(KeyManagerImpl.java:1080) ~[ozone-manager-1.4.0-SNAPSHOT.jar:?]
	at org.apache.hadoop.ozone.om.OmMetadataReader.getFileStatus(OmMetadataReader.java:288) ~[ozone-manager-1.4.0-SNAPSHOT.jar:?]
	at org.apache.hadoop.ozone.om.OzoneManager.getFileStatus(OzoneManager.java:3450) ~[ozone-manager-1.4.0-SNAPSHOT.jar:?]
	at org.apache.hadoop.ozone.protocolPB.OzoneManagerRequestHandler.getOzoneFileStatus(OzoneManagerRequestHandler.java:933) ~[ozone-manager-1.4.0-SNAPSHOT.jar:?]
	at org.apache.hadoop.ozone.protocolPB.OzoneManagerRequestHandler.handleReadRequest(OzoneManagerRequestHandler.java:238) ~[ozone-manager-1.4.0-SNAPSHOT.jar:?]
	at org.apache.hadoop.ozone.protocolPB.OzoneManagerProtocolServerSideTranslatorPB.submitReadRequestToOM(OzoneManagerProtocolServerSideTranslatorPB.java:223) ~[ozone-manager-1.4.0-SNAPSHOT.jar:?]
	at org.apache.hadoop.ozone.protocolPB.OzoneManagerProtocolServerSideTranslatorPB.processRequest(OzoneManagerProtocolServerSideTranslatorPB.java:177) ~[ozone-manager-1.4.0-SNAPSHOT.jar:?]
	at org.apache.hadoop.hdds.server.OzoneProtocolMessageDispatcher.processRequest(OzoneProtocolMessageDispatcher.java:87) [hdds-server-framework-1.4.0-SNAPSHOT.jar:?]
	at org.apache.hadoop.ozone.protocolPB.OzoneManagerProtocolServerSideTranslatorPB.submitRequest(OzoneManagerProtocolServerSideTranslatorPB.java:147) [ozone-manager-1.4.0-SNAPSHOT.jar:?]
	at org.apache.hadoop.ozone.protocol.proto.OzoneManagerProtocolProtos$OzoneManagerService$2.callBlockingMethod(OzoneManagerProtocolProtos.java) [ozone-interface-client-1.4.0-SNAPSHOT.jar:?]
	at org.apache.hadoop.ipc.ProtobufRpcEngine$Server.processCall(ProtobufRpcEngine.java:465) [hadoop-common-3.3.4.jar:?]
	at org.apache.hadoop.ipc.ProtobufRpcEngine2$Server$ProtoBufRpcInvoker.call(ProtobufRpcEngine2.java:578) [hadoop-common-3.3.4.jar:?]
	at org.apache.hadoop.ipc.ProtobufRpcEngine2$Server$ProtoBufRpcInvoker.call(ProtobufRpcEngine2.java:556) [hadoop-common-3.3.4.jar:?]
	at org.apache.hadoop.ipc.RPC$Server.call(RPC.java:1093) [hadoop-common-3.3.4.jar:?]
	at org.apache.hadoop.ipc.Server$RpcCall.run(Server.java:1043) [hadoop-common-3.3.4.jar:?]
	at org.apache.hadoop.ipc.Server$RpcCall.run(Server.java:971) [hadoop-common-3.3.4.jar:?]
	at java.security.AccessController.doPrivileged(Native Method) ~[?:1.8.0_362]
	at javax.security.auth.Subject.doAs(Subject.java:422) [?:1.8.0_362]
	at org.apache.hadoop.security.UserGroupInformation.doAs(UserGroupInformation.java:1878) [hadoop-common-3.3.4.jar:?]
	at org.apache.hadoop.ipc.Server$Handler.run(Server.java:2976) [hadoop-common-3.3.4.jar:?]
2023-02-17 01:32:51,450 [JUnit-testDeleteNonexistentPathNonRecursive[1]] WARN  ozone.BasicOzoneFileSystem (BasicOzoneFileSystem.java:delete(559)) - delete: Path does not exist: o3fs://bucket94152.volume86927/test/testDeleteNonexistentPathNonRecursive
]]></system-out>
  </testcase>
  <testcase name="testDeleteEmptyDirRecursive" classname="ITestOzoneContractDelete" time="0.108">
    <system-out><![CDATA[2023-02-17 01:32:29,916 [setup] INFO  rpc.RpcClient (RpcClient.java:createVolume(476)) - Creating Volume: volume11851, with user74174 as owner and space quota set to -1 bytes, counts quota set to -1
2023-02-17 01:32:29,920 [OM StateMachine ApplyTransaction Thread - 0] INFO  volume.OMVolumeCreateRequest (OMVolumeCreateRequest.java:validateAndUpdateCache(195)) - created volume:volume11851 for user:user74174
2023-02-17 01:32:29,924 [setup] INFO  rpc.RpcClient (RpcClient.java:createBucket(698)) - Creating Bucket: volume11851/bucket05065, with bucket layout LEGACY, runner as owner, Versioning false, Storage Type set to DISK and Encryption set to false, Replication Type set to server-side default replication type, Namespace Quota set to -1, Space Quota set to -1 
2023-02-17 01:32:29,928 [OM StateMachine ApplyTransaction Thread - 0] INFO  bucket.OMBucketCreateRequest (OMBucketCreateRequest.java:validateAndUpdateCache(263)) - created bucket: bucket05065 of layout LEGACY in volume: volume11851
2023-02-17 01:32:29,968 [setup] INFO  contract.AbstractFSContractTestBase (AbstractFSContractTestBase.java:setup(194)) - Test filesystem = o3fs://bucket05065.volume11851 implemented by OzoneFileSystem{URI=o3fs://bucket05065.volume11851, workingDir=o3fs://bucket05065.volume11851/user/runner, userName=runner, statistics=0 bytes read, 54 bytes written, 39 read ops, 0 large read ops, 15 write ops}
01:32:29.991 [IPC Server handler 3 on default port 36463] ERROR OMAudit - user=runner | ip=127.0.0.1 | op=GET_FILE_STATUS {volume=volume11851, bucket=bucket05065, key=test/testDeleteEmptyDirRecursive, dataSize=0, replicationConfig=null} | ret=FAILURE
org.apache.hadoop.ozone.om.exceptions.OMException: Unable to get file status: volume: volume11851 bucket: bucket05065 key: test/testDeleteEmptyDirRecursive
	at org.apache.hadoop.ozone.om.KeyManagerImpl.getOzoneFileStatus(KeyManagerImpl.java:1162) ~[ozone-manager-1.4.0-SNAPSHOT.jar:?]
	at org.apache.hadoop.ozone.om.KeyManagerImpl.getFileStatus(KeyManagerImpl.java:1080) ~[ozone-manager-1.4.0-SNAPSHOT.jar:?]
	at org.apache.hadoop.ozone.om.OmMetadataReader.getFileStatus(OmMetadataReader.java:288) ~[ozone-manager-1.4.0-SNAPSHOT.jar:?]
	at org.apache.hadoop.ozone.om.OzoneManager.getFileStatus(OzoneManager.java:3450) ~[ozone-manager-1.4.0-SNAPSHOT.jar:?]
	at org.apache.hadoop.ozone.protocolPB.OzoneManagerRequestHandler.getOzoneFileStatus(OzoneManagerRequestHandler.java:933) ~[ozone-manager-1.4.0-SNAPSHOT.jar:?]
	at org.apache.hadoop.ozone.protocolPB.OzoneManagerRequestHandler.handleReadRequest(OzoneManagerRequestHandler.java:238) ~[ozone-manager-1.4.0-SNAPSHOT.jar:?]
	at org.apache.hadoop.ozone.protocolPB.OzoneManagerProtocolServerSideTranslatorPB.submitReadRequestToOM(OzoneManagerProtocolServerSideTranslatorPB.java:223) ~[ozone-manager-1.4.0-SNAPSHOT.jar:?]
	at org.apache.hadoop.ozone.protocolPB.OzoneManagerProtocolServerSideTranslatorPB.processRequest(OzoneManagerProtocolServerSideTranslatorPB.java:177) ~[ozone-manager-1.4.0-SNAPSHOT.jar:?]
	at org.apache.hadoop.hdds.server.OzoneProtocolMessageDispatcher.processRequest(OzoneProtocolMessageDispatcher.java:87) [hdds-server-framework-1.4.0-SNAPSHOT.jar:?]
	at org.apache.hadoop.ozone.protocolPB.OzoneManagerProtocolServerSideTranslatorPB.submitRequest(OzoneManagerProtocolServerSideTranslatorPB.java:147) [ozone-manager-1.4.0-SNAPSHOT.jar:?]
	at org.apache.hadoop.ozone.protocol.proto.OzoneManagerProtocolProtos$OzoneManagerService$2.callBlockingMethod(OzoneManagerProtocolProtos.java) [ozone-interface-client-1.4.0-SNAPSHOT.jar:?]
	at org.apache.hadoop.ipc.ProtobufRpcEngine$Server.processCall(ProtobufRpcEngine.java:465) [hadoop-common-3.3.4.jar:?]
	at org.apache.hadoop.ipc.ProtobufRpcEngine2$Server$ProtoBufRpcInvoker.call(ProtobufRpcEngine2.java:578) [hadoop-common-3.3.4.jar:?]
	at org.apache.hadoop.ipc.ProtobufRpcEngine2$Server$ProtoBufRpcInvoker.call(ProtobufRpcEngine2.java:556) [hadoop-common-3.3.4.jar:?]
	at org.apache.hadoop.ipc.RPC$Server.call(RPC.java:1093) [hadoop-common-3.3.4.jar:?]
	at org.apache.hadoop.ipc.Server$RpcCall.run(Server.java:1043) [hadoop-common-3.3.4.jar:?]
	at org.apache.hadoop.ipc.Server$RpcCall.run(Server.java:971) [hadoop-common-3.3.4.jar:?]
	at java.security.AccessController.doPrivileged(Native Method) ~[?:1.8.0_362]
	at javax.security.auth.Subject.doAs(Subject.java:422) [?:1.8.0_362]
	at org.apache.hadoop.security.UserGroupInformation.doAs(UserGroupInformation.java:1878) [hadoop-common-3.3.4.jar:?]
	at org.apache.hadoop.ipc.Server$Handler.run(Server.java:2976) [hadoop-common-3.3.4.jar:?]
]]></system-out>
  </testcase>
  <testcase name="testDeleteEmptyDirRecursive" classname="ITestOzoneContractDelete" time="0.097">
    <system-out><![CDATA[2023-02-17 01:32:51,480 [setup] INFO  rpc.RpcClient (RpcClient.java:createVolume(476)) - Creating Volume: volume95081, with user90349 as owner and space quota set to -1 bytes, counts quota set to -1
2023-02-17 01:32:51,483 [OM StateMachine ApplyTransaction Thread - 0] INFO  volume.OMVolumeCreateRequest (OMVolumeCreateRequest.java:validateAndUpdateCache(195)) - created volume:volume95081 for user:user90349
2023-02-17 01:32:51,486 [setup] INFO  rpc.RpcClient (RpcClient.java:createBucket(698)) - Creating Bucket: volume95081/bucket46094, with bucket layout LEGACY, runner as owner, Versioning false, Storage Type set to DISK and Encryption set to false, Replication Type set to server-side default replication type, Namespace Quota set to -1, Space Quota set to -1 
2023-02-17 01:32:51,488 [OM StateMachine ApplyTransaction Thread - 0] INFO  bucket.OMBucketCreateRequest (OMBucketCreateRequest.java:validateAndUpdateCache(263)) - created bucket: bucket46094 of layout LEGACY in volume: volume95081
2023-02-17 01:32:51,523 [setup] INFO  contract.AbstractFSContractTestBase (AbstractFSContractTestBase.java:setup(194)) - Test filesystem = o3fs://bucket46094.volume95081 implemented by OzoneFileSystem{URI=o3fs://bucket46094.volume95081, workingDir=o3fs://bucket46094.volume95081/user/runner, userName=runner, statistics=0 bytes read, 108 bytes written, 92 read ops, 0 large read ops, 34 write ops}
01:32:51.540 [IPC Server handler 0 on default port 33393] ERROR OMAudit - user=runner | ip=127.0.0.1 | op=GET_FILE_STATUS {volume=volume95081, bucket=bucket46094, key=test/testDeleteEmptyDirRecursive, dataSize=0, replicationConfig=null} | ret=FAILURE
org.apache.hadoop.ozone.om.exceptions.OMException: Unable to get file status: volume: volume95081 bucket: bucket46094 key: test/testDeleteEmptyDirRecursive
	at org.apache.hadoop.ozone.om.KeyManagerImpl.getOzoneFileStatus(KeyManagerImpl.java:1162) ~[ozone-manager-1.4.0-SNAPSHOT.jar:?]
	at org.apache.hadoop.ozone.om.KeyManagerImpl.getFileStatus(KeyManagerImpl.java:1080) ~[ozone-manager-1.4.0-SNAPSHOT.jar:?]
	at org.apache.hadoop.ozone.om.OmMetadataReader.getFileStatus(OmMetadataReader.java:288) ~[ozone-manager-1.4.0-SNAPSHOT.jar:?]
	at org.apache.hadoop.ozone.om.OzoneManager.getFileStatus(OzoneManager.java:3450) ~[ozone-manager-1.4.0-SNAPSHOT.jar:?]
	at org.apache.hadoop.ozone.protocolPB.OzoneManagerRequestHandler.getOzoneFileStatus(OzoneManagerRequestHandler.java:933) ~[ozone-manager-1.4.0-SNAPSHOT.jar:?]
	at org.apache.hadoop.ozone.protocolPB.OzoneManagerRequestHandler.handleReadRequest(OzoneManagerRequestHandler.java:238) ~[ozone-manager-1.4.0-SNAPSHOT.jar:?]
	at org.apache.hadoop.ozone.protocolPB.OzoneManagerProtocolServerSideTranslatorPB.submitReadRequestToOM(OzoneManagerProtocolServerSideTranslatorPB.java:223) ~[ozone-manager-1.4.0-SNAPSHOT.jar:?]
	at org.apache.hadoop.ozone.protocolPB.OzoneManagerProtocolServerSideTranslatorPB.processRequest(OzoneManagerProtocolServerSideTranslatorPB.java:177) ~[ozone-manager-1.4.0-SNAPSHOT.jar:?]
	at org.apache.hadoop.hdds.server.OzoneProtocolMessageDispatcher.processRequest(OzoneProtocolMessageDispatcher.java:87) [hdds-server-framework-1.4.0-SNAPSHOT.jar:?]
	at org.apache.hadoop.ozone.protocolPB.OzoneManagerProtocolServerSideTranslatorPB.submitRequest(OzoneManagerProtocolServerSideTranslatorPB.java:147) [ozone-manager-1.4.0-SNAPSHOT.jar:?]
	at org.apache.hadoop.ozone.protocol.proto.OzoneManagerProtocolProtos$OzoneManagerService$2.callBlockingMethod(OzoneManagerProtocolProtos.java) [ozone-interface-client-1.4.0-SNAPSHOT.jar:?]
	at org.apache.hadoop.ipc.ProtobufRpcEngine$Server.processCall(ProtobufRpcEngine.java:465) [hadoop-common-3.3.4.jar:?]
	at org.apache.hadoop.ipc.ProtobufRpcEngine2$Server$ProtoBufRpcInvoker.call(ProtobufRpcEngine2.java:578) [hadoop-common-3.3.4.jar:?]
	at org.apache.hadoop.ipc.ProtobufRpcEngine2$Server$ProtoBufRpcInvoker.call(ProtobufRpcEngine2.java:556) [hadoop-common-3.3.4.jar:?]
	at org.apache.hadoop.ipc.RPC$Server.call(RPC.java:1093) [hadoop-common-3.3.4.jar:?]
	at org.apache.hadoop.ipc.Server$RpcCall.run(Server.java:1043) [hadoop-common-3.3.4.jar:?]
	at org.apache.hadoop.ipc.Server$RpcCall.run(Server.java:971) [hadoop-common-3.3.4.jar:?]
	at java.security.AccessController.doPrivileged(Native Method) ~[?:1.8.0_362]
	at javax.security.auth.Subject.doAs(Subject.java:422) [?:1.8.0_362]
	at org.apache.hadoop.security.UserGroupInformation.doAs(UserGroupInformation.java:1878) [hadoop-common-3.3.4.jar:?]
	at org.apache.hadoop.ipc.Server$Handler.run(Server.java:2976) [hadoop-common-3.3.4.jar:?]
]]></system-out>
  </testcase>
  <testcase name="testDeleteEmptyDirNonRecursive" classname="ITestOzoneContractDelete" time="0.126">
    <system-out><![CDATA[2023-02-17 01:32:30,031 [setup] INFO  rpc.RpcClient (RpcClient.java:createVolume(476)) - Creating Volume: volume47451, with user29756 as owner and space quota set to -1 bytes, counts quota set to -1
2023-02-17 01:32:30,036 [OM StateMachine ApplyTransaction Thread - 0] INFO  volume.OMVolumeCreateRequest (OMVolumeCreateRequest.java:validateAndUpdateCache(195)) - created volume:volume47451 for user:user29756
2023-02-17 01:32:30,041 [setup] INFO  rpc.RpcClient (RpcClient.java:createBucket(698)) - Creating Bucket: volume47451/bucket63076, with bucket layout LEGACY, runner as owner, Versioning false, Storage Type set to DISK and Encryption set to false, Replication Type set to server-side default replication type, Namespace Quota set to -1, Space Quota set to -1 
2023-02-17 01:32:30,044 [OM StateMachine ApplyTransaction Thread - 0] INFO  bucket.OMBucketCreateRequest (OMBucketCreateRequest.java:validateAndUpdateCache(263)) - created bucket: bucket63076 of layout LEGACY in volume: volume47451
2023-02-17 01:32:30,096 [setup] INFO  contract.AbstractFSContractTestBase (AbstractFSContractTestBase.java:setup(194)) - Test filesystem = o3fs://bucket63076.volume47451 implemented by OzoneFileSystem{URI=o3fs://bucket63076.volume47451, workingDir=o3fs://bucket63076.volume47451/user/runner, userName=runner, statistics=0 bytes read, 54 bytes written, 46 read ops, 0 large read ops, 17 write ops}
01:32:30.119 [IPC Server handler 19 on default port 36463] ERROR OMAudit - user=runner | ip=127.0.0.1 | op=GET_FILE_STATUS {volume=volume47451, bucket=bucket63076, key=test/testDeleteEmptyDirNonRecursive, dataSize=0, replicationConfig=null} | ret=FAILURE
org.apache.hadoop.ozone.om.exceptions.OMException: Unable to get file status: volume: volume47451 bucket: bucket63076 key: test/testDeleteEmptyDirNonRecursive
	at org.apache.hadoop.ozone.om.KeyManagerImpl.getOzoneFileStatus(KeyManagerImpl.java:1162) ~[ozone-manager-1.4.0-SNAPSHOT.jar:?]
	at org.apache.hadoop.ozone.om.KeyManagerImpl.getFileStatus(KeyManagerImpl.java:1080) ~[ozone-manager-1.4.0-SNAPSHOT.jar:?]
	at org.apache.hadoop.ozone.om.OmMetadataReader.getFileStatus(OmMetadataReader.java:288) ~[ozone-manager-1.4.0-SNAPSHOT.jar:?]
	at org.apache.hadoop.ozone.om.OzoneManager.getFileStatus(OzoneManager.java:3450) ~[ozone-manager-1.4.0-SNAPSHOT.jar:?]
	at org.apache.hadoop.ozone.protocolPB.OzoneManagerRequestHandler.getOzoneFileStatus(OzoneManagerRequestHandler.java:933) ~[ozone-manager-1.4.0-SNAPSHOT.jar:?]
	at org.apache.hadoop.ozone.protocolPB.OzoneManagerRequestHandler.handleReadRequest(OzoneManagerRequestHandler.java:238) ~[ozone-manager-1.4.0-SNAPSHOT.jar:?]
	at org.apache.hadoop.ozone.protocolPB.OzoneManagerProtocolServerSideTranslatorPB.submitReadRequestToOM(OzoneManagerProtocolServerSideTranslatorPB.java:223) ~[ozone-manager-1.4.0-SNAPSHOT.jar:?]
	at org.apache.hadoop.ozone.protocolPB.OzoneManagerProtocolServerSideTranslatorPB.processRequest(OzoneManagerProtocolServerSideTranslatorPB.java:177) ~[ozone-manager-1.4.0-SNAPSHOT.jar:?]
	at org.apache.hadoop.hdds.server.OzoneProtocolMessageDispatcher.processRequest(OzoneProtocolMessageDispatcher.java:87) [hdds-server-framework-1.4.0-SNAPSHOT.jar:?]
	at org.apache.hadoop.ozone.protocolPB.OzoneManagerProtocolServerSideTranslatorPB.submitRequest(OzoneManagerProtocolServerSideTranslatorPB.java:147) [ozone-manager-1.4.0-SNAPSHOT.jar:?]
	at org.apache.hadoop.ozone.protocol.proto.OzoneManagerProtocolProtos$OzoneManagerService$2.callBlockingMethod(OzoneManagerProtocolProtos.java) [ozone-interface-client-1.4.0-SNAPSHOT.jar:?]
	at org.apache.hadoop.ipc.ProtobufRpcEngine$Server.processCall(ProtobufRpcEngine.java:465) [hadoop-common-3.3.4.jar:?]
	at org.apache.hadoop.ipc.ProtobufRpcEngine2$Server$ProtoBufRpcInvoker.call(ProtobufRpcEngine2.java:578) [hadoop-common-3.3.4.jar:?]
	at org.apache.hadoop.ipc.ProtobufRpcEngine2$Server$ProtoBufRpcInvoker.call(ProtobufRpcEngine2.java:556) [hadoop-common-3.3.4.jar:?]
	at org.apache.hadoop.ipc.RPC$Server.call(RPC.java:1093) [hadoop-common-3.3.4.jar:?]
	at org.apache.hadoop.ipc.Server$RpcCall.run(Server.java:1043) [hadoop-common-3.3.4.jar:?]
	at org.apache.hadoop.ipc.Server$RpcCall.run(Server.java:971) [hadoop-common-3.3.4.jar:?]
	at java.security.AccessController.doPrivileged(Native Method) ~[?:1.8.0_362]
	at javax.security.auth.Subject.doAs(Subject.java:422) [?:1.8.0_362]
	at org.apache.hadoop.security.UserGroupInformation.doAs(UserGroupInformation.java:1878) [hadoop-common-3.3.4.jar:?]
	at org.apache.hadoop.ipc.Server$Handler.run(Server.java:2976) [hadoop-common-3.3.4.jar:?]
]]></system-out>
  </testcase>
  <testcase name="testDeleteEmptyDirNonRecursive" classname="ITestOzoneContractDelete" time="0.1">
    <system-out><![CDATA[2023-02-17 01:32:51,578 [setup] INFO  rpc.RpcClient (RpcClient.java:createVolume(476)) - Creating Volume: volume43643, with user47291 as owner and space quota set to -1 bytes, counts quota set to -1
2023-02-17 01:32:51,578 [8cde0c14-0821-4c97-8217-69da976cfafe@group-67B9D14921CF-FollowerState] INFO  impl.FollowerState (FollowerState.java:run(143)) - 8cde0c14-0821-4c97-8217-69da976cfafe@group-67B9D14921CF-FollowerState: change to CANDIDATE, lastRpcElapsedTime:5060511866ns, electionTimeout:5057ms
2023-02-17 01:32:51,579 [8cde0c14-0821-4c97-8217-69da976cfafe@group-67B9D14921CF-FollowerState] INFO  impl.RoleInfo (RoleInfo.java:shutdownFollowerState(110)) - 8cde0c14-0821-4c97-8217-69da976cfafe: shutdown 8cde0c14-0821-4c97-8217-69da976cfafe@group-67B9D14921CF-FollowerState
2023-02-17 01:32:51,579 [8cde0c14-0821-4c97-8217-69da976cfafe@group-67B9D14921CF-FollowerState] INFO  server.RaftServer$Division (RaftServerImpl.java:setRole(321)) - 8cde0c14-0821-4c97-8217-69da976cfafe@group-67B9D14921CF: changes role from  FOLLOWER to CANDIDATE at term 0 for changeToCandidate
2023-02-17 01:32:51,579 [8cde0c14-0821-4c97-8217-69da976cfafe@group-67B9D14921CF-FollowerState] INFO  server.RaftServerConfigKeys (ConfUtils.java:logGet(46)) - raft.server.leaderelection.pre-vote = true (default)
2023-02-17 01:32:51,579 [8cde0c14-0821-4c97-8217-69da976cfafe@group-67B9D14921CF-FollowerState] INFO  impl.RoleInfo (RoleInfo.java:updateAndGet(139)) - 8cde0c14-0821-4c97-8217-69da976cfafe: start 8cde0c14-0821-4c97-8217-69da976cfafe@group-67B9D14921CF-LeaderElection18
2023-02-17 01:32:51,581 [OM StateMachine ApplyTransaction Thread - 0] INFO  volume.OMVolumeCreateRequest (OMVolumeCreateRequest.java:validateAndUpdateCache(195)) - created volume:volume43643 for user:user47291
2023-02-17 01:32:51,583 [8cde0c14-0821-4c97-8217-69da976cfafe@group-67B9D14921CF-LeaderElection18] INFO  impl.LeaderElection (LeaderElection.java:askForVotes(312)) - 8cde0c14-0821-4c97-8217-69da976cfafe@group-67B9D14921CF-LeaderElection18 PRE_VOTE round 0: submit vote requests at term 0 for -1: peers:[8cde0c14-0821-4c97-8217-69da976cfafe|rpc:10.1.0.190:33245|dataStream:10.1.0.190:35959|priority:1|startupRole:FOLLOWER]|listeners:[], old=null
2023-02-17 01:32:51,583 [8cde0c14-0821-4c97-8217-69da976cfafe@group-67B9D14921CF-LeaderElection18] INFO  impl.LeaderElection (LeaderElection.java:askForVotes(314)) - 8cde0c14-0821-4c97-8217-69da976cfafe@group-67B9D14921CF-LeaderElection18 PRE_VOTE round 0: result PASSED (term=0)
2023-02-17 01:32:51,584 [8cde0c14-0821-4c97-8217-69da976cfafe@group-67B9D14921CF-LeaderElection18] INFO  impl.LeaderElection (LeaderElection.java:askForVotes(312)) - 8cde0c14-0821-4c97-8217-69da976cfafe@group-67B9D14921CF-LeaderElection18 ELECTION round 0: submit vote requests at term 1 for -1: peers:[8cde0c14-0821-4c97-8217-69da976cfafe|rpc:10.1.0.190:33245|dataStream:10.1.0.190:35959|priority:1|startupRole:FOLLOWER]|listeners:[], old=null
2023-02-17 01:32:51,584 [8cde0c14-0821-4c97-8217-69da976cfafe@group-67B9D14921CF-LeaderElection18] INFO  impl.LeaderElection (LeaderElection.java:askForVotes(314)) - 8cde0c14-0821-4c97-8217-69da976cfafe@group-67B9D14921CF-LeaderElection18 ELECTION round 0: result PASSED (term=1)
2023-02-17 01:32:51,584 [8cde0c14-0821-4c97-8217-69da976cfafe@group-67B9D14921CF-LeaderElection18] INFO  impl.RoleInfo (RoleInfo.java:shutdownLeaderElection(130)) - 8cde0c14-0821-4c97-8217-69da976cfafe: shutdown 8cde0c14-0821-4c97-8217-69da976cfafe@group-67B9D14921CF-LeaderElection18
2023-02-17 01:32:51,584 [8cde0c14-0821-4c97-8217-69da976cfafe@group-67B9D14921CF-LeaderElection18] INFO  server.RaftServer$Division (RaftServerImpl.java:setRole(321)) - 8cde0c14-0821-4c97-8217-69da976cfafe@group-67B9D14921CF: changes role from CANDIDATE to LEADER at term 1 for changeToLeader
2023-02-17 01:32:51,584 [8cde0c14-0821-4c97-8217-69da976cfafe@group-67B9D14921CF-LeaderElection18] INFO  ratis.XceiverServerRatis (XceiverServerRatis.java:handleLeaderChangedNotification(905)) - Leader change notification received for group: group-67B9D14921CF with new leaderId: 8cde0c14-0821-4c97-8217-69da976cfafe
2023-02-17 01:32:51,584 [setup] INFO  rpc.RpcClient (RpcClient.java:createBucket(698)) - Creating Bucket: volume43643/bucket52051, with bucket layout LEGACY, runner as owner, Versioning false, Storage Type set to DISK and Encryption set to false, Replication Type set to server-side default replication type, Namespace Quota set to -1, Space Quota set to -1 
2023-02-17 01:32:51,585 [8cde0c14-0821-4c97-8217-69da976cfafe@group-67B9D14921CF-LeaderElection18] INFO  server.RaftServer$Division (ServerState.java:setLeader(313)) - 8cde0c14-0821-4c97-8217-69da976cfafe@group-67B9D14921CF: change Leader from null to 8cde0c14-0821-4c97-8217-69da976cfafe at term 1 for becomeLeader, leader elected after 5348ms
2023-02-17 01:32:51,585 [8cde0c14-0821-4c97-8217-69da976cfafe@group-67B9D14921CF-LeaderElection18] INFO  server.RaftServerConfigKeys (ConfUtils.java:logGet(46)) - raft.server.staging.catchup.gap = 1000 (default)
2023-02-17 01:32:51,585 [8cde0c14-0821-4c97-8217-69da976cfafe@group-67B9D14921CF-LeaderElection18] INFO  server.RaftServerConfigKeys (ConfUtils.java:logGet(46)) - raft.server.write.element-limit = 1024 (custom)
2023-02-17 01:32:51,585 [8cde0c14-0821-4c97-8217-69da976cfafe@group-67B9D14921CF-LeaderElection18] INFO  server.RaftServerConfigKeys (ConfUtils.java:logGet(46)) - raft.server.write.byte-limit = 1024 M (=1073741824) (custom)
2023-02-17 01:32:51,591 [OM StateMachine ApplyTransaction Thread - 0] INFO  bucket.OMBucketCreateRequest (OMBucketCreateRequest.java:validateAndUpdateCache(263)) - created bucket: bucket52051 of layout LEGACY in volume: volume43643
2023-02-17 01:32:51,594 [8cde0c14-0821-4c97-8217-69da976cfafe@group-67B9D14921CF-LeaderElection18] INFO  server.RaftServerConfigKeys (ConfUtils.java:logGet(46)) - raft.server.watch.timeout = 10000ms (default)
2023-02-17 01:32:51,594 [8cde0c14-0821-4c97-8217-69da976cfafe@group-67B9D14921CF-LeaderElection18] INFO  server.RaftServerConfigKeys (ConfUtils.java:logGet(46)) - raft.server.watch.timeout.denomination = 1s (default)
2023-02-17 01:32:51,594 [8cde0c14-0821-4c97-8217-69da976cfafe@group-67B9D14921CF-LeaderElection18] INFO  server.RaftServerConfigKeys (ConfUtils.java:logGet(46)) - raft.server.watch.element-limit = 65536 (default)
2023-02-17 01:32:51,594 [8cde0c14-0821-4c97-8217-69da976cfafe@group-67B9D14921CF-LeaderElection18] INFO  server.RaftServerConfigKeys (ConfUtils.java:logGet(46)) - raft.server.write.element-limit = 1024 (custom)
2023-02-17 01:32:51,594 [8cde0c14-0821-4c97-8217-69da976cfafe@group-67B9D14921CF-LeaderElection18] INFO  server.RaftServerConfigKeys (ConfUtils.java:logGet(46)) - raft.server.write.follower.gap.ratio.max = -1.0 (default)
2023-02-17 01:32:51,594 [8cde0c14-0821-4c97-8217-69da976cfafe@group-67B9D14921CF-LeaderElection18] INFO  impl.RoleInfo (RoleInfo.java:updateAndGet(139)) - 8cde0c14-0821-4c97-8217-69da976cfafe: start 8cde0c14-0821-4c97-8217-69da976cfafe@group-67B9D14921CF-LeaderStateImpl
2023-02-17 01:32:51,594 [8cde0c14-0821-4c97-8217-69da976cfafe@group-67B9D14921CF-LeaderElection18] INFO  segmented.SegmentedRaftLogWorker (SegmentedRaftLogWorker.java:startLogSegment(452)) - 8cde0c14-0821-4c97-8217-69da976cfafe@group-67B9D14921CF-SegmentedRaftLogWorker: Starting segment from index:0
2023-02-17 01:32:51,595 [8cde0c14-0821-4c97-8217-69da976cfafe@group-67B9D14921CF-SegmentedRaftLogWorker] INFO  segmented.SegmentedRaftLogWorker (SegmentedRaftLogWorker.java:execute(656)) - 8cde0c14-0821-4c97-8217-69da976cfafe@group-67B9D14921CF-SegmentedRaftLogWorker: created new log segment /home/runner/work/ozone/ozone/hadoop-ozone/integration-test/target/test-dir/MiniOzoneClusterImpl-89702d93-5b91-44b6-9f2b-a559f3ead11e/datanode-3/data/ratis/6375dc5e-5816-4542-a68b-67b9d14921cf/current/log_inprogress_0
2023-02-17 01:32:51,597 [8cde0c14-0821-4c97-8217-69da976cfafe@group-67B9D14921CF-LeaderElection18] INFO  server.RaftServer$Division (ServerState.java:setRaftConf(430)) - 8cde0c14-0821-4c97-8217-69da976cfafe@group-67B9D14921CF: set configuration 0: peers:[8cde0c14-0821-4c97-8217-69da976cfafe|rpc:10.1.0.190:33245|dataStream:10.1.0.190:35959|priority:1|startupRole:FOLLOWER]|listeners:[], old=null
2023-02-17 01:32:51,628 [setup] INFO  contract.AbstractFSContractTestBase (AbstractFSContractTestBase.java:setup(194)) - Test filesystem = o3fs://bucket52051.volume43643 implemented by OzoneFileSystem{URI=o3fs://bucket52051.volume43643, workingDir=o3fs://bucket52051.volume43643/user/runner, userName=runner, statistics=0 bytes read, 108 bytes written, 99 read ops, 0 large read ops, 36 write ops}
01:32:51.647 [IPC Server handler 4 on default port 33393] ERROR OMAudit - user=runner | ip=127.0.0.1 | op=GET_FILE_STATUS {volume=volume43643, bucket=bucket52051, key=test/testDeleteEmptyDirNonRecursive, dataSize=0, replicationConfig=null} | ret=FAILURE
org.apache.hadoop.ozone.om.exceptions.OMException: Unable to get file status: volume: volume43643 bucket: bucket52051 key: test/testDeleteEmptyDirNonRecursive
	at org.apache.hadoop.ozone.om.KeyManagerImpl.getOzoneFileStatus(KeyManagerImpl.java:1162) ~[ozone-manager-1.4.0-SNAPSHOT.jar:?]
	at org.apache.hadoop.ozone.om.KeyManagerImpl.getFileStatus(KeyManagerImpl.java:1080) ~[ozone-manager-1.4.0-SNAPSHOT.jar:?]
	at org.apache.hadoop.ozone.om.OmMetadataReader.getFileStatus(OmMetadataReader.java:288) ~[ozone-manager-1.4.0-SNAPSHOT.jar:?]
	at org.apache.hadoop.ozone.om.OzoneManager.getFileStatus(OzoneManager.java:3450) ~[ozone-manager-1.4.0-SNAPSHOT.jar:?]
	at org.apache.hadoop.ozone.protocolPB.OzoneManagerRequestHandler.getOzoneFileStatus(OzoneManagerRequestHandler.java:933) ~[ozone-manager-1.4.0-SNAPSHOT.jar:?]
	at org.apache.hadoop.ozone.protocolPB.OzoneManagerRequestHandler.handleReadRequest(OzoneManagerRequestHandler.java:238) ~[ozone-manager-1.4.0-SNAPSHOT.jar:?]
	at org.apache.hadoop.ozone.protocolPB.OzoneManagerProtocolServerSideTranslatorPB.submitReadRequestToOM(OzoneManagerProtocolServerSideTranslatorPB.java:223) ~[ozone-manager-1.4.0-SNAPSHOT.jar:?]
	at org.apache.hadoop.ozone.protocolPB.OzoneManagerProtocolServerSideTranslatorPB.processRequest(OzoneManagerProtocolServerSideTranslatorPB.java:177) ~[ozone-manager-1.4.0-SNAPSHOT.jar:?]
	at org.apache.hadoop.hdds.server.OzoneProtocolMessageDispatcher.processRequest(OzoneProtocolMessageDispatcher.java:87) [hdds-server-framework-1.4.0-SNAPSHOT.jar:?]
	at org.apache.hadoop.ozone.protocolPB.OzoneManagerProtocolServerSideTranslatorPB.submitRequest(OzoneManagerProtocolServerSideTranslatorPB.java:147) [ozone-manager-1.4.0-SNAPSHOT.jar:?]
	at org.apache.hadoop.ozone.protocol.proto.OzoneManagerProtocolProtos$OzoneManagerService$2.callBlockingMethod(OzoneManagerProtocolProtos.java) [ozone-interface-client-1.4.0-SNAPSHOT.jar:?]
	at org.apache.hadoop.ipc.ProtobufRpcEngine$Server.processCall(ProtobufRpcEngine.java:465) [hadoop-common-3.3.4.jar:?]
	at org.apache.hadoop.ipc.ProtobufRpcEngine2$Server$ProtoBufRpcInvoker.call(ProtobufRpcEngine2.java:578) [hadoop-common-3.3.4.jar:?]
	at org.apache.hadoop.ipc.ProtobufRpcEngine2$Server$ProtoBufRpcInvoker.call(ProtobufRpcEngine2.java:556) [hadoop-common-3.3.4.jar:?]
	at org.apache.hadoop.ipc.RPC$Server.call(RPC.java:1093) [hadoop-common-3.3.4.jar:?]
	at org.apache.hadoop.ipc.Server$RpcCall.run(Server.java:1043) [hadoop-common-3.3.4.jar:?]
	at org.apache.hadoop.ipc.Server$RpcCall.run(Server.java:971) [hadoop-common-3.3.4.jar:?]
	at java.security.AccessController.doPrivileged(Native Method) ~[?:1.8.0_362]
	at javax.security.auth.Subject.doAs(Subject.java:422) [?:1.8.0_362]
	at org.apache.hadoop.security.UserGroupInformation.doAs(UserGroupInformation.java:1878) [hadoop-common-3.3.4.jar:?]
	at org.apache.hadoop.ipc.Server$Handler.run(Server.java:2976) [hadoop-common-3.3.4.jar:?]
]]></system-out>
  </testcase>
</testsuite>