<?xml version="1.0" encoding="UTF-8"?>
<testsuite xmlns:xsi="http://www.w3.org/2001/XMLSchema-instance" xsi:noNamespaceSchemaLocation="https://maven.apache.org/surefire/maven-surefire-plugin/xsd/surefire-test-report-3.0.xsd" version="3.0" name="org.apache.hadoop.hdds.scm.storage.TestCommitWatcher" time="53.41" tests="2" errors="1" skipped="0" failures="0">
  <properties>
    <property name="awt.toolkit" value="sun.awt.X11.XToolkit"/>
    <property name="file.encoding.pkg" value="sun.io"/>
    <property name="java.specification.version" value="1.8"/>
    <property name="sun.cpu.isalist" value=""/>
    <property name="sun.jnu.encoding" value="UTF-8"/>
    <property name="gradle.enterprise.listener.surefire.forkId" value="1"/>
    <property name="java.class.path" value="/home/runner/work/ozone/ozone/hadoop-ozone/integration-test/target/test-classes:/home/runner/work/ozone/ozone/hadoop-ozone/integration-test/target/classes:/home/runner/.m2/repository/org/apache/ozone/ozone-common/1.5.0-SNAPSHOT/ozone-common-1.5.0-SNAPSHOT.jar:/home/runner/.m2/repository/io/grpc/grpc-netty/1.58.0/grpc-netty-1.58.0.jar:/home/runner/.m2/repository/io/grpc/grpc-core/1.58.0/grpc-core-1.58.0.jar:/home/runner/.m2/repository/com/google/android/annotations/4.1.1.4/annotations-4.1.1.4.jar:/home/runner/.m2/repository/org/codehaus/mojo/animal-sniffer-annotations/1.23/animal-sniffer-annotations-1.23.jar:/home/runner/.m2/repository/io/grpc/grpc-context/1.58.0/grpc-context-1.58.0.jar:/home/runner/.m2/repository/io/grpc/grpc-util/1.58.0/grpc-util-1.58.0.jar:/home/runner/.m2/repository/com/google/errorprone/error_prone_annotations/2.2.0/error_prone_annotations-2.2.0.jar:/home/runner/.m2/repository/io/perfmark/perfmark-api/0.26.0/perfmark-api-0.26.0.jar:/home/runner/.m2/repository/io/netty/netty-codec-http2/4.1.100.Final/netty-codec-http2-4.1.100.Final.jar:/home/runner/.m2/repository/io/netty/netty-common/4.1.100.Final/netty-common-4.1.100.Final.jar:/home/runner/.m2/repository/io/netty/netty-buffer/4.1.100.Final/netty-buffer-4.1.100.Final.jar:/home/runner/.m2/repository/io/netty/netty-codec-http/4.1.100.Final/netty-codec-http-4.1.100.Final.jar:/home/runner/.m2/repository/io/netty/netty-handler-proxy/4.1.100.Final/netty-handler-proxy-4.1.100.Final.jar:/home/runner/.m2/repository/io/netty/netty-codec-socks/4.1.100.Final/netty-codec-socks-4.1.100.Final.jar:/home/runner/.m2/repository/io/netty/netty-tcnative-boringssl-static/2.0.61.Final/netty-tcnative-boringssl-static-2.0.61.Final.jar:/home/runner/.m2/repository/io/netty/netty-tcnative-classes/2.0.61.Final/netty-tcnative-classes-2.0.61.Final.jar:/home/runner/.m2/repository/io/netty/netty-tcnative-boringssl-static/2.0.61.Final/netty-tcnative-boringssl-static-2.0.61.Final-linux-x86_64.jar:/home/runner/.m2/repository/io/netty/netty-tcnative-boringssl-static/2.0.61.Final/netty-tcnative-boringssl-static-2.0.61.Final-linux-aarch_64.jar:/home/runner/.m2/repository/io/netty/netty-tcnative-boringssl-static/2.0.61.Final/netty-tcnative-boringssl-static-2.0.61.Final-osx-x86_64.jar:/home/runner/.m2/repository/io/netty/netty-tcnative-boringssl-static/2.0.61.Final/netty-tcnative-boringssl-static-2.0.61.Final-osx-aarch_64.jar:/home/runner/.m2/repository/io/netty/netty-tcnative-boringssl-static/2.0.61.Final/netty-tcnative-boringssl-static-2.0.61.Final-windows-x86_64.jar:/home/runner/.m2/repository/org/apache/commons/commons-compress/1.25.0/commons-compress-1.25.0.jar:/home/runner/.m2/repository/org/apache/ozone/hdds-common/1.5.0-SNAPSHOT/hdds-common-1.5.0-SNAPSHOT.jar:/home/runner/.m2/repository/org/apache/ozone/hdds-client/1.5.0-SNAPSHOT/hdds-client-1.5.0-SNAPSHOT.jar:/home/runner/.m2/repository/org/apache/ozone/ozone-interface-client/1.5.0-SNAPSHOT/ozone-interface-client-1.5.0-SNAPSHOT.jar:/home/runner/.m2/repository/org/apache/hadoop/hadoop-hdfs-client/3.3.6/hadoop-hdfs-client-3.3.6.jar:/home/runner/.m2/repository/com/squareup/okhttp3/okhttp/4.12.0/okhttp-4.12.0.jar:/home/runner/.m2/repository/com/squareup/okio/okio/3.6.0/okio-3.6.0.jar:/home/runner/.m2/repository/com/squareup/okio/okio-jvm/3.6.0/okio-jvm-3.6.0.jar:/home/runner/.m2/repository/org/jetbrains/kotlin/kotlin-stdlib-jdk8/1.9.22/kotlin-stdlib-jdk8-1.9.22.jar:/home/runner/.m2/repository/org/jetbrains/kotlin/kotlin-stdlib-jdk7/1.9.22/kotlin-stdlib-jdk7-1.9.22.jar:/home/runner/.m2/repository/org/jetbrains/kotlin/kotlin-stdlib-common/1.9.22/kotlin-stdlib-common-1.9.22.jar:/home/runner/.m2/repository/org/apache/ozone/hdds-test-utils/1.5.0-SNAPSHOT/hdds-test-utils-1.5.0-SNAPSHOT.jar:/home/runner/.m2/repository/org/assertj/assertj-core/3.12.2/assertj-core-3.12.2.jar:/home/runner/.m2/repository/com/google/guava/guava/32.0.0-jre/guava-32.0.0-jre.jar:/home/runner/.m2/repository/com/google/guava/failureaccess/1.0.1/failureaccess-1.0.1.jar:/home/runner/.m2/repository/com/google/guava/listenablefuture/9999.0-empty-to-avoid-conflict-with-guava/listenablefuture-9999.0-empty-to-avoid-conflict-with-guava.jar:/home/runner/.m2/repository/com/google/code/findbugs/jsr305/3.0.0/jsr305-3.0.0.jar:/home/runner/.m2/repository/org/checkerframework/checker-qual/3.33.0/checker-qual-3.33.0.jar:/home/runner/.m2/repository/com/google/j2objc/j2objc-annotations/2.8/j2objc-annotations-2.8.jar:/home/runner/.m2/repository/commons-io/commons-io/2.11.0/commons-io-2.11.0.jar:/home/runner/.m2/repository/commons-logging/commons-logging/1.2/commons-logging-1.2.jar:/home/runner/.m2/repository/org/junit/jupiter/junit-jupiter-api/5.10.1/junit-jupiter-api-5.10.1.jar:/home/runner/.m2/repository/org/opentest4j/opentest4j/1.3.0/opentest4j-1.3.0.jar:/home/runner/.m2/repository/org/junit/platform/junit-platform-commons/1.10.1/junit-platform-commons-1.10.1.jar:/home/runner/.m2/repository/ch/qos/reload4j/reload4j/1.2.25/reload4j-1.2.25.jar:/home/runner/.m2/repository/org/slf4j/slf4j-api/2.0.10/slf4j-api-2.0.10.jar:/home/runner/.m2/repository/org/apache/logging/log4j/log4j-api/2.17.1/log4j-api-2.17.1.jar:/home/runner/.m2/repository/org/apache/ozone/hdds-server-scm/1.5.0-SNAPSHOT/hdds-server-scm-1.5.0-SNAPSHOT.jar:/home/runner/.m2/repository/com/google/protobuf/protobuf-java/2.5.0/protobuf-java-2.5.0.jar:/home/runner/.m2/repository/org/apache/ozone/hdds-container-service/1.5.0-SNAPSHOT/hdds-container-service-1.5.0-SNAPSHOT.jar:/home/runner/.m2/repository/org/apache/ozone/hdds-hadoop-dependency-server/1.5.0-SNAPSHOT/hdds-hadoop-dependency-server-1.5.0-SNAPSHOT.jar:/home/runner/.m2/repository/org/apache/hadoop/hadoop-hdfs/3.3.6/hadoop-hdfs-3.3.6.jar:/home/runner/.m2/repository/commons-daemon/commons-daemon/1.0.13/commons-daemon-1.0.13.jar:/home/runner/.m2/repository/org/apache/ozone/hdds-server-framework/1.5.0-SNAPSHOT/hdds-server-framework-1.5.0-SNAPSHOT.jar:/home/runner/.m2/repository/org/bouncycastle/bcprov-jdk15on/1.67/bcprov-jdk15on-1.67.jar:/home/runner/.m2/repository/io/dropwizard/metrics/metrics-core/3.2.4/metrics-core-3.2.4.jar:/home/runner/.m2/repository/org/apache/commons/commons-text/1.10.0/commons-text-1.10.0.jar:/home/runner/.m2/repository/org/apache/ozone/hdds-server-framework/1.5.0-SNAPSHOT/hdds-server-framework-1.5.0-SNAPSHOT-tests.jar:/home/runner/.m2/repository/org/apache/ozone/hdds-interface-server/1.5.0-SNAPSHOT/hdds-interface-server-1.5.0-SNAPSHOT.jar:/home/runner/.m2/repository/org/apache/ozone/hdds-interface-admin/1.5.0-SNAPSHOT/hdds-interface-admin-1.5.0-SNAPSHOT.jar:/home/runner/.m2/repository/org/apache/ozone/hdds-managed-rocksdb/1.5.0-SNAPSHOT/hdds-managed-rocksdb-1.5.0-SNAPSHOT.jar:/home/runner/.m2/repository/org/rocksdb/rocksdbjni/7.7.3/rocksdbjni-7.7.3.jar:/home/runner/.m2/repository/org/slf4j/slf4j-reload4j/2.0.10/slf4j-reload4j-2.0.10.jar:/home/runner/.m2/repository/org/apache/commons/commons-configuration2/2.1.1/commons-configuration2-2.1.1.jar:/home/runner/.m2/repository/commons-fileupload/commons-fileupload/1.5/commons-fileupload-1.5.jar:/home/runner/.m2/repository/org/apache/logging/log4j/log4j-core/2.17.1/log4j-core-2.17.1.jar:/home/runner/.m2/repository/com/lmax/disruptor/3.4.2/disruptor-3.4.2.jar:/home/runner/.m2/repository/org/eclipse/jetty/jetty-util/9.4.53.v20231009/jetty-util-9.4.53.v20231009.jar:/home/runner/.m2/repository/org/eclipse/jetty/jetty-server/9.4.53.v20231009/jetty-server-9.4.53.v20231009.jar:/home/runner/.m2/repository/org/eclipse/jetty/jetty-http/9.4.53.v20231009/jetty-http-9.4.53.v20231009.jar:/home/runner/.m2/repository/org/eclipse/jetty/jetty-io/9.4.53.v20231009/jetty-io-9.4.53.v20231009.jar:/home/runner/.m2/repository/org/eclipse/jetty/jetty-servlet/9.4.53.v20231009/jetty-servlet-9.4.53.v20231009.jar:/home/runner/.m2/repository/org/eclipse/jetty/jetty-security/9.4.53.v20231009/jetty-security-9.4.53.v20231009.jar:/home/runner/.m2/repository/org/eclipse/jetty/jetty-util-ajax/9.4.53.v20231009/jetty-util-ajax-9.4.53.v20231009.jar:/home/runner/.m2/repository/org/eclipse/jetty/jetty-webapp/9.4.53.v20231009/jetty-webapp-9.4.53.v20231009.jar:/home/runner/.m2/repository/org/eclipse/jetty/jetty-xml/9.4.53.v20231009/jetty-xml-9.4.53.v20231009.jar:/home/runner/.m2/repository/org/apache/ratis/ratis-server/3.0.1/ratis-server-3.0.1.jar:/home/runner/.m2/repository/org/apache/ratis/ratis-thirdparty-misc/1.0.5/ratis-thirdparty-misc-1.0.5.jar:/home/runner/.m2/repository/org/apache/ratis/ratis-proto/3.0.1/ratis-proto-3.0.1.jar:/home/runner/.m2/repository/org/apache/ratis/ratis-common/3.0.1/ratis-common-3.0.1.jar:/home/runner/.m2/repository/org/apache/ratis/ratis-client/3.0.1/ratis-client-3.0.1.jar:/home/runner/.m2/repository/org/apache/ratis/ratis-server-api/3.0.1/ratis-server-api-3.0.1.jar:/home/runner/.m2/repository/org/apache/ratis/ratis-metrics-api/3.0.1/ratis-metrics-api-3.0.1.jar:/home/runner/.m2/repository/org/apache/ratis/ratis-metrics-dropwizard3/3.0.1/ratis-metrics-dropwizard3-3.0.1.jar:/home/runner/.m2/repository/io/prometheus/simpleclient_dropwizard/0.16.0/simpleclient_dropwizard-0.16.0.jar:/home/runner/.m2/repository/io/prometheus/simpleclient/0.16.0/simpleclient-0.16.0.jar:/home/runner/.m2/repository/io/prometheus/simpleclient_common/0.16.0/simpleclient_common-0.16.0.jar:/home/runner/.m2/repository/com/fasterxml/jackson/datatype/jackson-datatype-jsr310/2.13.4/jackson-datatype-jsr310-2.13.4.jar:/home/runner/.m2/repository/com/fasterxml/jackson/core/jackson-core/2.13.4/jackson-core-2.13.4.jar:/home/runner/.m2/repository/org/apache/ozone/rocksdb-checkpoint-differ/1.5.0-SNAPSHOT/rocksdb-checkpoint-differ-1.5.0-SNAPSHOT.jar:/home/runner/.m2/repository/org/jgrapht/jgrapht-core/1.0.1/jgrapht-core-1.0.1.jar:/home/runner/.m2/repository/org/jgrapht/jgrapht-ext/1.0.1/jgrapht-ext-1.0.1.jar:/home/runner/.m2/repository/org/tinyjee/jgraphx/jgraphx/2.0.0.1/jgraphx-2.0.0.1.jar:/home/runner/.m2/repository/jgraph/jgraph/5.13.0.0/jgraph-5.13.0.0.jar:/home/runner/.m2/repository/org/antlr/antlr4-runtime/4.5.3/antlr4-runtime-4.5.3.jar:/home/runner/.m2/repository/org/apache/ozone/ozone-manager/1.5.0-SNAPSHOT/ozone-manager-1.5.0-SNAPSHOT.jar:/home/runner/.m2/repository/org/aspectj/aspectjrt/1.9.7/aspectjrt-1.9.7.jar:/home/runner/.m2/repository/org/aspectj/aspectjweaver/1.9.7/aspectjweaver-1.9.7.jar:/home/runner/.m2/repository/org/apache/ozone/hdds-interface-client/1.5.0-SNAPSHOT/hdds-interface-client-1.5.0-SNAPSHOT.jar:/home/runner/.m2/repository/org/apache/hadoop/thirdparty/hadoop-shaded-protobuf_3_7/1.1.1/hadoop-shaded-protobuf_3_7-1.1.1.jar:/home/runner/.m2/repository/org/apache/ozone/ozone-interface-storage/1.5.0-SNAPSHOT/ozone-interface-storage-1.5.0-SNAPSHOT.jar:/home/runner/.m2/repository/org/reflections/reflections/0.9.11/reflections-0.9.11.jar:/home/runner/.m2/repository/com/sun/jersey/jersey-client/1.19.4/jersey-client-1.19.4.jar:/home/runner/.m2/repository/org/codehaus/jackson/jackson-core-asl/1.9.13/jackson-core-asl-1.9.13.jar:/home/runner/.m2/repository/org/codehaus/jackson/jackson-mapper-asl/1.9.13/jackson-mapper-asl-1.9.13.jar:/home/runner/.m2/repository/org/codehaus/jackson/jackson-jaxrs/1.9.13/jackson-jaxrs-1.9.13.jar:/home/runner/.m2/repository/org/apache/ranger/ranger-intg/2.3.0/ranger-intg-2.3.0.jar:/home/runner/.m2/repository/org/apache/ranger/ranger-plugins-common/2.3.0/ranger-plugins-common-2.3.0.jar:/home/runner/.m2/repository/commons-lang/commons-lang/2.6/commons-lang-2.6.jar:/home/runner/.m2/repository/org/apache/ranger/ranger-plugins-cred/2.3.0/ranger-plugins-cred-2.3.0.jar:/home/runner/.m2/repository/org/apache/ranger/ranger-plugins-audit/2.3.0/ranger-plugins-audit-2.3.0.jar:/home/runner/.m2/repository/org/eclipse/jetty/jetty-client/9.4.53.v20231009/jetty-client-9.4.53.v20231009.jar:/home/runner/.m2/repository/org/apache/httpcomponents/httpmime/4.5.6/httpmime-4.5.6.jar:/home/runner/.m2/repository/org/apache/httpcomponents/httpcore-nio/4.4.16/httpcore-nio-4.4.16.jar:/home/runner/.m2/repository/org/apache/httpcomponents/httpasyncclient/4.1.3/httpasyncclient-4.1.3.jar:/home/runner/.m2/repository/com/carrotsearch/hppc/0.8.0/hppc-0.8.0.jar:/home/runner/.m2/repository/org/apache/orc/orc-core/1.5.8/orc-core-1.5.8.jar:/home/runner/.m2/repository/net/java/dev/jna/jna/5.2.0/jna-5.2.0.jar:/home/runner/.m2/repository/net/java/dev/jna/jna-platform/5.2.0/jna-platform-5.2.0.jar:/home/runner/.m2/repository/com/kstruct/gethostname4j/0.0.2/gethostname4j-0.0.2.jar:/home/runner/.m2/repository/org/apache/ranger/ranger-plugin-classloader/2.3.0/ranger-plugin-classloader-2.3.0.jar:/home/runner/.m2/repository/org/apache/ozone/hdds-rocks-native/1.5.0-SNAPSHOT/hdds-rocks-native-1.5.0-SNAPSHOT.jar:/home/runner/.m2/repository/org/apache/hadoop/hadoop-minikdc/3.3.6/hadoop-minikdc-3.3.6.jar:/home/runner/.m2/repository/org/apache/kerby/kerb-simplekdc/1.0.1/kerb-simplekdc-1.0.1.jar:/home/runner/.m2/repository/org/apache/kerby/kerb-client/1.0.1/kerb-client-1.0.1.jar:/home/runner/.m2/repository/org/apache/kerby/kerby-config/1.0.1/kerby-config-1.0.1.jar:/home/runner/.m2/repository/org/apache/kerby/kerb-common/1.0.1/kerb-common-1.0.1.jar:/home/runner/.m2/repository/org/apache/kerby/kerb-crypto/1.0.1/kerb-crypto-1.0.1.jar:/home/runner/.m2/repository/org/apache/kerby/kerb-util/1.0.1/kerb-util-1.0.1.jar:/home/runner/.m2/repository/org/apache/kerby/token-provider/1.0.1/token-provider-1.0.1.jar:/home/runner/.m2/repository/org/apache/kerby/kerb-admin/1.0.1/kerb-admin-1.0.1.jar:/home/runner/.m2/repository/org/apache/kerby/kerb-server/1.0.1/kerb-server-1.0.1.jar:/home/runner/.m2/repository/org/apache/kerby/kerb-identity/1.0.1/kerb-identity-1.0.1.jar:/home/runner/.m2/repository/org/apache/kerby/kerby-xdr/1.0.1/kerby-xdr-1.0.1.jar:/home/runner/.m2/repository/org/apache/ozone/ozone-s3gateway/1.5.0-SNAPSHOT/ozone-s3gateway-1.5.0-SNAPSHOT.jar:/home/runner/.m2/repository/org/javassist/javassist/3.21.0-GA/javassist-3.21.0-GA.jar:/home/runner/.m2/repository/org/jboss/weld/servlet/weld-servlet-shaded/3.1.9.Final/weld-servlet-shaded-3.1.9.Final.jar:/home/runner/.m2/repository/org/glassfish/jersey/containers/jersey-container-servlet-core/2.41/jersey-container-servlet-core-2.41.jar:/home/runner/.m2/repository/org/glassfish/hk2/external/jakarta.inject/2.6.1/jakarta.inject-2.6.1.jar:/home/runner/.m2/repository/org/glassfish/jersey/core/jersey-common/2.41/jersey-common-2.41.jar:/home/runner/.m2/repository/jakarta/ws/rs/jakarta.ws.rs-api/2.1.6/jakarta.ws.rs-api-2.1.6.jar:/home/runner/.m2/repository/org/glassfish/jersey/ext/cdi/jersey-cdi1x/2.41/jersey-cdi1x-2.41.jar:/home/runner/.m2/repository/org/glassfish/jersey/inject/jersey-hk2/2.41/jersey-hk2-2.41.jar:/home/runner/.m2/repository/org/glassfish/hk2/hk2-locator/2.6.1/hk2-locator-2.6.1.jar:/home/runner/.m2/repository/org/glassfish/jersey/media/jersey-media-jaxb/2.41/jersey-media-jaxb-2.41.jar:/home/runner/.m2/repository/org/glassfish/hk2/osgi-resource-locator/1.0.3/osgi-resource-locator-1.0.3.jar:/home/runner/.m2/repository/org/glassfish/hk2/hk2-api/2.5.0/hk2-api-2.5.0.jar:/home/runner/.m2/repository/org/glassfish/hk2/hk2-utils/2.5.0/hk2-utils-2.5.0.jar:/home/runner/.m2/repository/org/glassfish/hk2/external/aopalliance-repackaged/2.5.0/aopalliance-repackaged-2.5.0.jar:/home/runner/.m2/repository/com/fasterxml/jackson/dataformat/jackson-dataformat-xml/2.13.4/jackson-dataformat-xml-2.13.4.jar:/home/runner/.m2/repository/org/codehaus/woodstox/stax2-api/4.2.2/stax2-api-4.2.2.jar:/home/runner/.m2/repository/com/fasterxml/woodstox/woodstox-core/5.4.0/woodstox-core-5.4.0.jar:/home/runner/.m2/repository/com/fasterxml/jackson/module/jackson-module-jaxb-annotations/2.13.4/jackson-module-jaxb-annotations-2.13.4.jar:/home/runner/.m2/repository/javax/enterprise/cdi-api/2.0/cdi-api-2.0.jar:/home/runner/.m2/repository/javax/el/javax.el-api/3.0.0/javax.el-api-3.0.0.jar:/home/runner/.m2/repository/javax/interceptor/javax.interceptor-api/1.2/javax.interceptor-api-1.2.jar:/home/runner/.m2/repository/javax/inject/javax.inject/1/javax.inject-1.jar:/home/runner/.m2/repository/jakarta/xml/bind/jakarta.xml.bind-api/2.3.3/jakarta.xml.bind-api-2.3.3.jar:/home/runner/.m2/repository/org/glassfish/jaxb/jaxb-runtime/2.3.9/jaxb-runtime-2.3.9.jar:/home/runner/.m2/repository/org/glassfish/jaxb/txw2/2.3.9/txw2-2.3.9.jar:/home/runner/.m2/repository/com/sun/istack/istack-commons-runtime/3.0.12/istack-commons-runtime-3.0.12.jar:/home/runner/.m2/repository/com/sun/activation/jakarta.activation/1.2.2/jakarta.activation-1.2.2.jar:/home/runner/.m2/repository/jakarta/activation/jakarta.activation-api/1.2.2/jakarta.activation-api-1.2.2.jar:/home/runner/.m2/repository/io/grpc/grpc-protobuf/1.58.0/grpc-protobuf-1.58.0.jar:/home/runner/.m2/repository/com/google/api/grpc/proto-google-common-protos/2.22.0/proto-google-common-protos-2.22.0.jar:/home/runner/.m2/repository/io/grpc/grpc-protobuf-lite/1.58.0/grpc-protobuf-lite-1.58.0.jar:/home/runner/.m2/repository/io/grpc/grpc-stub/1.58.0/grpc-stub-1.58.0.jar:/home/runner/.m2/repository/io/netty/netty-transport/4.1.100.Final/netty-transport-4.1.100.Final.jar:/home/runner/.m2/repository/io/netty/netty-resolver/4.1.100.Final/netty-resolver-4.1.100.Final.jar:/home/runner/.m2/repository/org/apache/ozone/ozone-csi/1.5.0-SNAPSHOT/ozone-csi-1.5.0-SNAPSHOT.jar:/home/runner/.m2/repository/com/google/protobuf/protobuf-java-util/3.19.6/protobuf-java-util-3.19.6.jar:/home/runner/.m2/repository/com/google/code/gson/gson/2.9.0/gson-2.9.0.jar:/home/runner/.m2/repository/org/apache/ozone/hdds-config/1.5.0-SNAPSHOT/hdds-config-1.5.0-SNAPSHOT.jar:/home/runner/.m2/repository/io/netty/netty-transport-native-epoll/4.1.100.Final/netty-transport-native-epoll-4.1.100.Final-linux-x86_64.jar:/home/runner/.m2/repository/io/netty/netty-transport-classes-epoll/4.1.100.Final/netty-transport-classes-epoll-4.1.100.Final.jar:/home/runner/.m2/repository/io/netty/netty-transport-native-unix-common/4.1.100.Final/netty-transport-native-unix-common-4.1.100.Final.jar:/home/runner/.m2/repository/org/apache/ozone/ozone-recon/1.5.0-SNAPSHOT/ozone-recon-1.5.0-SNAPSHOT.jar:/home/runner/.m2/repository/org/apache/ozone/ozone-reconcodegen/1.5.0-SNAPSHOT/ozone-reconcodegen-1.5.0-SNAPSHOT.jar:/home/runner/.m2/repository/com/google/inject/guice/5.1.0/guice-5.1.0.jar:/home/runner/.m2/repository/aopalliance/aopalliance/1.0/aopalliance-1.0.jar:/home/runner/.m2/repository/com/google/inject/extensions/guice-assistedinject/5.1.0/guice-assistedinject-5.1.0.jar:/home/runner/.m2/repository/com/google/inject/extensions/guice-servlet/5.1.0/guice-servlet-5.1.0.jar:/home/runner/.m2/repository/org/glassfish/jersey/containers/jersey-container-servlet/2.41/jersey-container-servlet-2.41.jar:/home/runner/.m2/repository/org/glassfish/hk2/guice-bridge/2.5.0/guice-bridge-2.5.0.jar:/home/runner/.m2/repository/org/glassfish/jersey/core/jersey-server/2.41/jersey-server-2.41.jar:/home/runner/.m2/repository/org/glassfish/jersey/core/jersey-client/2.41/jersey-client-2.41.jar:/home/runner/.m2/repository/jakarta/annotation/jakarta.annotation-api/1.3.5/jakarta.annotation-api-1.3.5.jar:/home/runner/.m2/repository/jakarta/validation/jakarta.validation-api/2.0.2/jakarta.validation-api-2.0.2.jar:/home/runner/.m2/repository/org/glassfish/jersey/media/jersey-media-json-jackson/2.41/jersey-media-json-jackson-2.41.jar:/home/runner/.m2/repository/org/glassfish/jersey/ext/jersey-entity-filtering/2.41/jersey-entity-filtering-2.41.jar:/home/runner/.m2/repository/org/jooq/jooq/3.11.10/jooq-3.11.10.jar:/home/runner/.m2/repository/org/jooq/jooq-meta/3.11.10/jooq-meta-3.11.10.jar:/home/runner/.m2/repository/org/jooq/jooq-codegen/3.11.10/jooq-codegen-3.11.10.jar:/home/runner/.m2/repository/com/jolbox/bonecp/0.8.0.RELEASE/bonecp-0.8.0.RELEASE.jar:/home/runner/.m2/repository/org/apache/derby/derby/10.14.2.0/derby-10.14.2.0.jar:/home/runner/.m2/repository/org/xerial/sqlite-jdbc/3.44.1.0/sqlite-jdbc-3.44.1.0.jar:/home/runner/.m2/repository/org/springframework/spring-jdbc/5.3.27/spring-jdbc-5.3.27.jar:/home/runner/.m2/repository/org/springframework/spring-beans/5.3.27/spring-beans-5.3.27.jar:/home/runner/.m2/repository/org/springframework/spring-core/5.3.27/spring-core-5.3.27.jar:/home/runner/.m2/repository/org/springframework/spring-tx/5.3.27/spring-tx-5.3.27.jar:/home/runner/.m2/repository/org/apache/ozone/ozone-client/1.5.0-SNAPSHOT/ozone-client-1.5.0-SNAPSHOT.jar:/home/runner/.m2/repository/org/apache/ozone/hdds-erasurecode/1.5.0-SNAPSHOT/hdds-erasurecode-1.5.0-SNAPSHOT.jar:/home/runner/.m2/repository/org/apache/ozone/ozone-filesystem/1.5.0-SNAPSHOT/ozone-filesystem-1.5.0-SNAPSHOT.jar:/home/runner/.m2/repository/org/apache/ozone/ozone-filesystem-common/1.5.0-SNAPSHOT/ozone-filesystem-common-1.5.0-SNAPSHOT.jar:/home/runner/.m2/repository/org/apache/ozone/ozone-tools/1.5.0-SNAPSHOT/ozone-tools-1.5.0-SNAPSHOT.jar:/home/runner/.m2/repository/com/amazonaws/aws-java-sdk-core/1.12.632/aws-java-sdk-core-1.12.632.jar:/home/runner/.m2/repository/org/apache/httpcomponents/httpclient/4.5.13/httpclient-4.5.13.jar:/home/runner/.m2/repository/org/apache/httpcomponents/httpcore/4.4.16/httpcore-4.4.16.jar:/home/runner/.m2/repository/software/amazon/ion/ion-java/1.0.2/ion-java-1.0.2.jar:/home/runner/.m2/repository/com/fasterxml/jackson/dataformat/jackson-dataformat-cbor/2.13.4/jackson-dataformat-cbor-2.13.4.jar:/home/runner/.m2/repository/joda-time/joda-time/2.12.5/joda-time-2.12.5.jar:/home/runner/.m2/repository/com/amazonaws/aws-java-sdk-s3/1.12.632/aws-java-sdk-s3-1.12.632.jar:/home/runner/.m2/repository/com/amazonaws/aws-java-sdk-kms/1.12.632/aws-java-sdk-kms-1.12.632.jar:/home/runner/.m2/repository/com/amazonaws/jmespath-java/1.12.632/jmespath-java-1.12.632.jar:/home/runner/.m2/repository/org/kohsuke/metainf-services/metainf-services/1.8/metainf-services-1.8.jar:/home/runner/.m2/repository/org/apache/ozone/hdds-tools/1.5.0-SNAPSHOT/hdds-tools-1.5.0-SNAPSHOT.jar:/home/runner/.m2/repository/org/apache/ratis/ratis-tools/3.0.1/ratis-tools-3.0.1.jar:/home/runner/.m2/repository/commons-cli/commons-cli/1.6.0/commons-cli-1.6.0.jar:/home/runner/.m2/repository/org/apache/commons/commons-lang3/3.14.0/commons-lang3-3.14.0.jar:/home/runner/.m2/repository/org/apache/ozone/ozone-manager/1.5.0-SNAPSHOT/ozone-manager-1.5.0-SNAPSHOT-tests.jar:/home/runner/.m2/repository/org/apache/ozone/hdds-common/1.5.0-SNAPSHOT/hdds-common-1.5.0-SNAPSHOT-tests.jar:/home/runner/.m2/repository/org/apache/ozone/hdds-hadoop-dependency-client/1.5.0-SNAPSHOT/hdds-hadoop-dependency-client-1.5.0-SNAPSHOT.jar:/home/runner/.m2/repository/info/picocli/picocli/4.7.5/picocli-4.7.5.jar:/home/runner/.m2/repository/com/fasterxml/jackson/core/jackson-annotations/2.13.4/jackson-annotations-2.13.4.jar:/home/runner/.m2/repository/org/apache/ozone/hdds-annotation-processing/1.5.0-SNAPSHOT/hdds-annotation-processing-1.5.0-SNAPSHOT.jar:/home/runner/.m2/repository/javax/annotation/javax.annotation-api/1.3.2/javax.annotation-api-1.3.2.jar:/home/runner/.m2/repository/org/apache/ratis/ratis-netty/3.0.1/ratis-netty-3.0.1.jar:/home/runner/.m2/repository/org/apache/ratis/ratis-grpc/3.0.1/ratis-grpc-3.0.1.jar:/home/runner/.m2/repository/org/apache/commons/commons-pool2/2.6.0/commons-pool2-2.6.0.jar:/home/runner/.m2/repository/org/bouncycastle/bcpkix-jdk15on/1.67/bcpkix-jdk15on-1.67.jar:/home/runner/.m2/repository/commons-validator/commons-validator/1.6/commons-validator-1.6.jar:/home/runner/.m2/repository/commons-beanutils/commons-beanutils/1.9.4/commons-beanutils-1.9.4.jar:/home/runner/.m2/repository/commons-digester/commons-digester/1.8.1/commons-digester-1.8.1.jar:/home/runner/.m2/repository/commons-collections/commons-collections/3.2.2/commons-collections-3.2.2.jar:/home/runner/.m2/repository/io/jaegertracing/jaeger-client/1.6.0/jaeger-client-1.6.0.jar:/home/runner/.m2/repository/io/jaegertracing/jaeger-thrift/1.6.0/jaeger-thrift-1.6.0.jar:/home/runner/.m2/repository/org/apache/thrift/libthrift/0.14.1/libthrift-0.14.1.jar:/home/runner/.m2/repository/io/jaegertracing/jaeger-core/1.6.0/jaeger-core-1.6.0.jar:/home/runner/.m2/repository/io/jaegertracing/jaeger-tracerresolver/1.6.0/jaeger-tracerresolver-1.6.0.jar:/home/runner/.m2/repository/io/opentracing/contrib/opentracing-tracerresolver/0.1.8/opentracing-tracerresolver-0.1.8.jar:/home/runner/.m2/repository/org/jetbrains/kotlin/kotlin-stdlib/1.9.22/kotlin-stdlib-1.9.22.jar:/home/runner/.m2/repository/org/jetbrains/annotations/13.0/annotations-13.0.jar:/home/runner/.m2/repository/io/opentracing/opentracing-util/0.33.0/opentracing-util-0.33.0.jar:/home/runner/.m2/repository/io/opentracing/opentracing-api/0.33.0/opentracing-api-0.33.0.jar:/home/runner/.m2/repository/io/opentracing/opentracing-noop/0.33.0/opentracing-noop-0.33.0.jar:/home/runner/.m2/repository/org/yaml/snakeyaml/2.0/snakeyaml-2.0.jar:/home/runner/.m2/repository/io/grpc/grpc-api/1.58.0/grpc-api-1.58.0.jar:/home/runner/.m2/repository/junit/junit/4.13.1/junit-4.13.1.jar:/home/runner/.m2/repository/org/junit/jupiter/junit-jupiter-engine/5.10.1/junit-jupiter-engine-5.10.1.jar:/home/runner/.m2/repository/org/junit/platform/junit-platform-engine/1.10.1/junit-platform-engine-1.10.1.jar:/home/runner/.m2/repository/org/apiguardian/apiguardian-api/1.1.2/apiguardian-api-1.1.2.jar:/home/runner/.m2/repository/org/junit/vintage/junit-vintage-engine/5.10.1/junit-vintage-engine-5.10.1.jar:/home/runner/.m2/repository/org/junit/platform/junit-platform-launcher/1.10.1/junit-platform-launcher-1.10.1.jar:/home/runner/.m2/repository/org/apache/hadoop/hadoop-kms/3.3.6/hadoop-kms-3.3.6.jar:/home/runner/.m2/repository/org/apache/hadoop/hadoop-auth/3.3.6/hadoop-auth-3.3.6.jar:/home/runner/.m2/repository/com/nimbusds/nimbus-jose-jwt/9.8.1/nimbus-jose-jwt-9.8.1.jar:/home/runner/.m2/repository/com/github/stephenc/jcip/jcip-annotations/1.0-1/jcip-annotations-1.0-1.jar:/home/runner/.m2/repository/org/apache/zookeeper/zookeeper/3.7.2/zookeeper-3.7.2.jar:/home/runner/.m2/repository/org/apache/zookeeper/zookeeper-jute/3.7.2/zookeeper-jute-3.7.2.jar:/home/runner/.m2/repository/org/apache/yetus/audience-annotations/0.12.0/audience-annotations-0.12.0.jar:/home/runner/.m2/repository/org/apache/curator/curator-framework/4.2.0/curator-framework-4.2.0.jar:/home/runner/.m2/repository/org/apache/hadoop/thirdparty/hadoop-shaded-guava/1.1.1/hadoop-shaded-guava-1.1.1.jar:/home/runner/.m2/repository/com/sun/jersey/jersey-core/1.19.4/jersey-core-1.19.4.jar:/home/runner/.m2/repository/javax/ws/rs/jsr311-api/1.1.1/jsr311-api-1.1.1.jar:/home/runner/.m2/repository/com/sun/jersey/jersey-server/1.19.4/jersey-server-1.19.4.jar:/home/runner/.m2/repository/javax/servlet/javax.servlet-api/3.1.0/javax.servlet-api-3.1.0.jar:/home/runner/.m2/repository/org/apache/hadoop/hadoop-common/3.3.6/hadoop-common-3.3.6.jar:/home/runner/.m2/repository/org/apache/commons/commons-math3/3.1.1/commons-math3-3.1.1.jar:/home/runner/.m2/repository/commons-net/commons-net/3.10.0/commons-net-3.10.0.jar:/home/runner/.m2/repository/com/sun/jersey/jersey-servlet/1.19.4/jersey-servlet-1.19.4.jar:/home/runner/.m2/repository/com/github/pjfanning/jersey-json/1.20/jersey-json-1.20.jar:/home/runner/.m2/repository/org/codehaus/jettison/jettison/1.1/jettison-1.1.jar:/home/runner/.m2/repository/com/sun/xml/bind/jaxb-impl/2.2.3-1/jaxb-impl-2.2.3-1.jar:/home/runner/.m2/repository/com/google/re2j/re2j/1.1/re2j-1.1.jar:/home/runner/.m2/repository/com/jcraft/jsch/0.1.54/jsch-0.1.54.jar:/home/runner/.m2/repository/org/apache/curator/curator-client/4.2.0/curator-client-4.2.0.jar:/home/runner/.m2/repository/org/apache/curator/curator-recipes/5.2.0/curator-recipes-5.2.0.jar:/home/runner/.m2/repository/org/apache/kerby/kerb-core/1.0.1/kerb-core-1.0.1.jar:/home/runner/.m2/repository/org/apache/kerby/kerby-pkix/1.0.1/kerby-pkix-1.0.1.jar:/home/runner/.m2/repository/org/apache/kerby/kerby-asn1/1.0.1/kerby-asn1-1.0.1.jar:/home/runner/.m2/repository/org/apache/kerby/kerby-util/1.0.1/kerby-util-1.0.1.jar:/home/runner/.m2/repository/dnsjava/dnsjava/2.1.7/dnsjava-2.1.7.jar:/home/runner/.m2/repository/org/xerial/snappy/snappy-java/1.1.8.2/snappy-java-1.1.8.2.jar:/home/runner/.m2/repository/com/fasterxml/jackson/core/jackson-databind/2.13.4.2/jackson-databind-2.13.4.2.jar:/home/runner/.m2/repository/org/apache/hadoop/hadoop-kms/3.3.6/hadoop-kms-3.3.6-tests.jar:/home/runner/.m2/repository/org/apache/ozone/hdds-server-scm/1.5.0-SNAPSHOT/hdds-server-scm-1.5.0-SNAPSHOT-tests.jar:/home/runner/.m2/repository/org/apache/ozone/hdds-container-service/1.5.0-SNAPSHOT/hdds-container-service-1.5.0-SNAPSHOT-tests.jar:/home/runner/.m2/repository/com/github/luben/zstd-jni/1.5.2-5/zstd-jni-1.5.2-5.jar:/home/runner/.m2/repository/commons-codec/commons-codec/1.15/commons-codec-1.15.jar:/home/runner/.m2/repository/io/netty/netty-codec/4.1.100.Final/netty-codec-4.1.100.Final.jar:/home/runner/.m2/repository/io/netty/netty-handler/4.1.100.Final/netty-handler-4.1.100.Final.jar:/home/runner/.m2/repository/org/apache/ozone/hdds-hadoop-dependency-test/1.5.0-SNAPSHOT/hdds-hadoop-dependency-test-1.5.0-SNAPSHOT.jar:/home/runner/.m2/repository/org/apache/hadoop/hadoop-common/3.3.6/hadoop-common-3.3.6-tests.jar:/home/runner/.m2/repository/org/apache/hadoop/hadoop-hdfs/3.3.6/hadoop-hdfs-3.3.6-tests.jar:/home/runner/.m2/repository/org/junit/jupiter/junit-jupiter-params/5.10.1/junit-jupiter-params-5.10.1.jar:/home/runner/.m2/repository/org/mockito/mockito-core/3.5.9/mockito-core-3.5.9.jar:/home/runner/.m2/repository/net/bytebuddy/byte-buddy/1.10.13/byte-buddy-1.10.13.jar:/home/runner/.m2/repository/net/bytebuddy/byte-buddy-agent/1.10.13/byte-buddy-agent-1.10.13.jar:/home/runner/.m2/repository/org/objenesis/objenesis/1.0/objenesis-1.0.jar:/home/runner/.m2/repository/org/mockito/mockito-junit-jupiter/3.5.9/mockito-junit-jupiter-3.5.9.jar:/home/runner/.m2/repository/org/apache/hadoop/hadoop-distcp/3.3.6/hadoop-distcp-3.3.6.jar:/home/runner/.m2/repository/org/apache/hadoop/hadoop-mapreduce-client-jobclient/3.3.6/hadoop-mapreduce-client-jobclient-3.3.6.jar:/home/runner/.m2/repository/org/apache/hadoop/hadoop-mapreduce-client-common/3.3.6/hadoop-mapreduce-client-common-3.3.6.jar:/home/runner/.m2/repository/org/apache/hadoop/hadoop-yarn-common/3.3.6/hadoop-yarn-common-3.3.6.jar:/home/runner/.m2/repository/org/apache/hadoop/hadoop-yarn-api/3.3.6/hadoop-yarn-api-3.3.6.jar:/home/runner/.m2/repository/javax/xml/bind/jaxb-api/2.2.11/jaxb-api-2.2.11.jar:/home/runner/.m2/repository/com/sun/jersey/contribs/jersey-guice/1.19.4/jersey-guice-1.19.4.jar:/home/runner/.m2/repository/com/fasterxml/jackson/jaxrs/jackson-jaxrs-json-provider/2.13.4/jackson-jaxrs-json-provider-2.13.4.jar:/home/runner/.m2/repository/com/fasterxml/jackson/jaxrs/jackson-jaxrs-base/2.13.4/jackson-jaxrs-base-2.13.4.jar:/home/runner/.m2/repository/org/apache/hadoop/hadoop-yarn-client/3.3.6/hadoop-yarn-client-3.3.6.jar:/home/runner/.m2/repository/org/eclipse/jetty/websocket/websocket-client/9.4.51.v20230217/websocket-client-9.4.51.v20230217.jar:/home/runner/.m2/repository/org/eclipse/jetty/websocket/websocket-common/9.4.51.v20230217/websocket-common-9.4.51.v20230217.jar:/home/runner/.m2/repository/org/eclipse/jetty/websocket/websocket-api/9.4.51.v20230217/websocket-api-9.4.51.v20230217.jar:/home/runner/.m2/repository/org/jline/jline/3.9.0/jline-3.9.0.jar:/home/runner/.m2/repository/org/apache/hadoop/hadoop-mapreduce-client-core/3.3.6/hadoop-mapreduce-client-core-3.3.6.jar:/home/runner/.m2/repository/org/apache/avro/avro/1.7.7/avro-1.7.7.jar:/home/runner/.m2/repository/com/thoughtworks/paranamer/paranamer/2.3/paranamer-2.3.jar:/home/runner/.m2/repository/org/apache/hadoop/hadoop-annotations/3.3.6/hadoop-annotations-3.3.6.jar:/usr/lib/jvm/temurin-8-jdk-amd64/jre/../lib/tools.jar:/home/runner/.m2/repository/io/netty/netty/3.10.6.Final/netty-3.10.6.Final.jar:/home/runner/.m2/repository/org/apache/hadoop/hadoop-distcp/3.3.6/hadoop-distcp-3.3.6-tests.jar:/home/runner/.m2/repository/org/hamcrest/hamcrest/2.2/hamcrest-2.2.jar:/home/runner/.m2/repository/org/slf4j/jul-to-slf4j/2.0.10/jul-to-slf4j-2.0.10.jar:/home/runner/work/ozone/ozone/hadoop-ozone/integration-test/target/gradle-enterprise/test-listeners.jar:"/>
    <property name="java.vm.vendor" value="Temurin"/>
    <property name="sun.arch.data.model" value="64"/>
    <property name="test.build.dir" value="/home/runner/work/ozone/ozone/hadoop-ozone/integration-test/target/test-dir"/>
    <property name="test.cache.data" value=""/>
    <property name="java.vendor.url" value="https://adoptium.net/"/>
    <property name="user.timezone" value="Etc/UTC"/>
    <property name="os.name" value="Linux"/>
    <property name="java.vm.specification.version" value="1.8"/>
    <property name="test.build.data" value="/home/runner/work/ozone/ozone/hadoop-ozone/integration-test/target/test-dir"/>
    <property name="sun.java.launcher" value="SUN_STANDARD"/>
    <property name="sun.boot.library.path" value="/usr/lib/jvm/temurin-8-jdk-amd64/jre/lib/amd64"/>
    <property name="sun.java.command" value="/home/runner/work/ozone/ozone/hadoop-ozone/integration-test/target/surefire/surefirebooter-20240114075229473_107.jar /home/runner/work/ozone/ozone/hadoop-ozone/integration-test/target/surefire 2024-01-14T07-52-26_871-jvmRun1 surefire-20240114075229473_105tmp surefire_16-20240114075229473_106tmp"/>
    <property name="native.lib.tmp.dir" value="/tmp"/>
    <property name="surefire.test.class.path" value="/home/runner/work/ozone/ozone/hadoop-ozone/integration-test/target/test-classes:/home/runner/work/ozone/ozone/hadoop-ozone/integration-test/target/classes:/home/runner/.m2/repository/org/apache/ozone/ozone-common/1.5.0-SNAPSHOT/ozone-common-1.5.0-SNAPSHOT.jar:/home/runner/.m2/repository/io/grpc/grpc-netty/1.58.0/grpc-netty-1.58.0.jar:/home/runner/.m2/repository/io/grpc/grpc-core/1.58.0/grpc-core-1.58.0.jar:/home/runner/.m2/repository/com/google/android/annotations/4.1.1.4/annotations-4.1.1.4.jar:/home/runner/.m2/repository/org/codehaus/mojo/animal-sniffer-annotations/1.23/animal-sniffer-annotations-1.23.jar:/home/runner/.m2/repository/io/grpc/grpc-context/1.58.0/grpc-context-1.58.0.jar:/home/runner/.m2/repository/io/grpc/grpc-util/1.58.0/grpc-util-1.58.0.jar:/home/runner/.m2/repository/com/google/errorprone/error_prone_annotations/2.2.0/error_prone_annotations-2.2.0.jar:/home/runner/.m2/repository/io/perfmark/perfmark-api/0.26.0/perfmark-api-0.26.0.jar:/home/runner/.m2/repository/io/netty/netty-codec-http2/4.1.100.Final/netty-codec-http2-4.1.100.Final.jar:/home/runner/.m2/repository/io/netty/netty-common/4.1.100.Final/netty-common-4.1.100.Final.jar:/home/runner/.m2/repository/io/netty/netty-buffer/4.1.100.Final/netty-buffer-4.1.100.Final.jar:/home/runner/.m2/repository/io/netty/netty-codec-http/4.1.100.Final/netty-codec-http-4.1.100.Final.jar:/home/runner/.m2/repository/io/netty/netty-handler-proxy/4.1.100.Final/netty-handler-proxy-4.1.100.Final.jar:/home/runner/.m2/repository/io/netty/netty-codec-socks/4.1.100.Final/netty-codec-socks-4.1.100.Final.jar:/home/runner/.m2/repository/io/netty/netty-tcnative-boringssl-static/2.0.61.Final/netty-tcnative-boringssl-static-2.0.61.Final.jar:/home/runner/.m2/repository/io/netty/netty-tcnative-classes/2.0.61.Final/netty-tcnative-classes-2.0.61.Final.jar:/home/runner/.m2/repository/io/netty/netty-tcnative-boringssl-static/2.0.61.Final/netty-tcnative-boringssl-static-2.0.61.Final-linux-x86_64.jar:/home/runner/.m2/repository/io/netty/netty-tcnative-boringssl-static/2.0.61.Final/netty-tcnative-boringssl-static-2.0.61.Final-linux-aarch_64.jar:/home/runner/.m2/repository/io/netty/netty-tcnative-boringssl-static/2.0.61.Final/netty-tcnative-boringssl-static-2.0.61.Final-osx-x86_64.jar:/home/runner/.m2/repository/io/netty/netty-tcnative-boringssl-static/2.0.61.Final/netty-tcnative-boringssl-static-2.0.61.Final-osx-aarch_64.jar:/home/runner/.m2/repository/io/netty/netty-tcnative-boringssl-static/2.0.61.Final/netty-tcnative-boringssl-static-2.0.61.Final-windows-x86_64.jar:/home/runner/.m2/repository/org/apache/commons/commons-compress/1.25.0/commons-compress-1.25.0.jar:/home/runner/.m2/repository/org/apache/ozone/hdds-common/1.5.0-SNAPSHOT/hdds-common-1.5.0-SNAPSHOT.jar:/home/runner/.m2/repository/org/apache/ozone/hdds-client/1.5.0-SNAPSHOT/hdds-client-1.5.0-SNAPSHOT.jar:/home/runner/.m2/repository/org/apache/ozone/ozone-interface-client/1.5.0-SNAPSHOT/ozone-interface-client-1.5.0-SNAPSHOT.jar:/home/runner/.m2/repository/org/apache/hadoop/hadoop-hdfs-client/3.3.6/hadoop-hdfs-client-3.3.6.jar:/home/runner/.m2/repository/com/squareup/okhttp3/okhttp/4.12.0/okhttp-4.12.0.jar:/home/runner/.m2/repository/com/squareup/okio/okio/3.6.0/okio-3.6.0.jar:/home/runner/.m2/repository/com/squareup/okio/okio-jvm/3.6.0/okio-jvm-3.6.0.jar:/home/runner/.m2/repository/org/jetbrains/kotlin/kotlin-stdlib-jdk8/1.9.22/kotlin-stdlib-jdk8-1.9.22.jar:/home/runner/.m2/repository/org/jetbrains/kotlin/kotlin-stdlib-jdk7/1.9.22/kotlin-stdlib-jdk7-1.9.22.jar:/home/runner/.m2/repository/org/jetbrains/kotlin/kotlin-stdlib-common/1.9.22/kotlin-stdlib-common-1.9.22.jar:/home/runner/.m2/repository/org/apache/ozone/hdds-test-utils/1.5.0-SNAPSHOT/hdds-test-utils-1.5.0-SNAPSHOT.jar:/home/runner/.m2/repository/org/assertj/assertj-core/3.12.2/assertj-core-3.12.2.jar:/home/runner/.m2/repository/com/google/guava/guava/32.0.0-jre/guava-32.0.0-jre.jar:/home/runner/.m2/repository/com/google/guava/failureaccess/1.0.1/failureaccess-1.0.1.jar:/home/runner/.m2/repository/com/google/guava/listenablefuture/9999.0-empty-to-avoid-conflict-with-guava/listenablefuture-9999.0-empty-to-avoid-conflict-with-guava.jar:/home/runner/.m2/repository/com/google/code/findbugs/jsr305/3.0.0/jsr305-3.0.0.jar:/home/runner/.m2/repository/org/checkerframework/checker-qual/3.33.0/checker-qual-3.33.0.jar:/home/runner/.m2/repository/com/google/j2objc/j2objc-annotations/2.8/j2objc-annotations-2.8.jar:/home/runner/.m2/repository/commons-io/commons-io/2.11.0/commons-io-2.11.0.jar:/home/runner/.m2/repository/commons-logging/commons-logging/1.2/commons-logging-1.2.jar:/home/runner/.m2/repository/org/junit/jupiter/junit-jupiter-api/5.10.1/junit-jupiter-api-5.10.1.jar:/home/runner/.m2/repository/org/opentest4j/opentest4j/1.3.0/opentest4j-1.3.0.jar:/home/runner/.m2/repository/org/junit/platform/junit-platform-commons/1.10.1/junit-platform-commons-1.10.1.jar:/home/runner/.m2/repository/ch/qos/reload4j/reload4j/1.2.25/reload4j-1.2.25.jar:/home/runner/.m2/repository/org/slf4j/slf4j-api/2.0.10/slf4j-api-2.0.10.jar:/home/runner/.m2/repository/org/apache/logging/log4j/log4j-api/2.17.1/log4j-api-2.17.1.jar:/home/runner/.m2/repository/org/apache/ozone/hdds-server-scm/1.5.0-SNAPSHOT/hdds-server-scm-1.5.0-SNAPSHOT.jar:/home/runner/.m2/repository/com/google/protobuf/protobuf-java/2.5.0/protobuf-java-2.5.0.jar:/home/runner/.m2/repository/org/apache/ozone/hdds-container-service/1.5.0-SNAPSHOT/hdds-container-service-1.5.0-SNAPSHOT.jar:/home/runner/.m2/repository/org/apache/ozone/hdds-hadoop-dependency-server/1.5.0-SNAPSHOT/hdds-hadoop-dependency-server-1.5.0-SNAPSHOT.jar:/home/runner/.m2/repository/org/apache/hadoop/hadoop-hdfs/3.3.6/hadoop-hdfs-3.3.6.jar:/home/runner/.m2/repository/commons-daemon/commons-daemon/1.0.13/commons-daemon-1.0.13.jar:/home/runner/.m2/repository/org/apache/ozone/hdds-server-framework/1.5.0-SNAPSHOT/hdds-server-framework-1.5.0-SNAPSHOT.jar:/home/runner/.m2/repository/org/bouncycastle/bcprov-jdk15on/1.67/bcprov-jdk15on-1.67.jar:/home/runner/.m2/repository/io/dropwizard/metrics/metrics-core/3.2.4/metrics-core-3.2.4.jar:/home/runner/.m2/repository/org/apache/commons/commons-text/1.10.0/commons-text-1.10.0.jar:/home/runner/.m2/repository/org/apache/ozone/hdds-server-framework/1.5.0-SNAPSHOT/hdds-server-framework-1.5.0-SNAPSHOT-tests.jar:/home/runner/.m2/repository/org/apache/ozone/hdds-interface-server/1.5.0-SNAPSHOT/hdds-interface-server-1.5.0-SNAPSHOT.jar:/home/runner/.m2/repository/org/apache/ozone/hdds-interface-admin/1.5.0-SNAPSHOT/hdds-interface-admin-1.5.0-SNAPSHOT.jar:/home/runner/.m2/repository/org/apache/ozone/hdds-managed-rocksdb/1.5.0-SNAPSHOT/hdds-managed-rocksdb-1.5.0-SNAPSHOT.jar:/home/runner/.m2/repository/org/rocksdb/rocksdbjni/7.7.3/rocksdbjni-7.7.3.jar:/home/runner/.m2/repository/org/slf4j/slf4j-reload4j/2.0.10/slf4j-reload4j-2.0.10.jar:/home/runner/.m2/repository/org/apache/commons/commons-configuration2/2.1.1/commons-configuration2-2.1.1.jar:/home/runner/.m2/repository/commons-fileupload/commons-fileupload/1.5/commons-fileupload-1.5.jar:/home/runner/.m2/repository/org/apache/logging/log4j/log4j-core/2.17.1/log4j-core-2.17.1.jar:/home/runner/.m2/repository/com/lmax/disruptor/3.4.2/disruptor-3.4.2.jar:/home/runner/.m2/repository/org/eclipse/jetty/jetty-util/9.4.53.v20231009/jetty-util-9.4.53.v20231009.jar:/home/runner/.m2/repository/org/eclipse/jetty/jetty-server/9.4.53.v20231009/jetty-server-9.4.53.v20231009.jar:/home/runner/.m2/repository/org/eclipse/jetty/jetty-http/9.4.53.v20231009/jetty-http-9.4.53.v20231009.jar:/home/runner/.m2/repository/org/eclipse/jetty/jetty-io/9.4.53.v20231009/jetty-io-9.4.53.v20231009.jar:/home/runner/.m2/repository/org/eclipse/jetty/jetty-servlet/9.4.53.v20231009/jetty-servlet-9.4.53.v20231009.jar:/home/runner/.m2/repository/org/eclipse/jetty/jetty-security/9.4.53.v20231009/jetty-security-9.4.53.v20231009.jar:/home/runner/.m2/repository/org/eclipse/jetty/jetty-util-ajax/9.4.53.v20231009/jetty-util-ajax-9.4.53.v20231009.jar:/home/runner/.m2/repository/org/eclipse/jetty/jetty-webapp/9.4.53.v20231009/jetty-webapp-9.4.53.v20231009.jar:/home/runner/.m2/repository/org/eclipse/jetty/jetty-xml/9.4.53.v20231009/jetty-xml-9.4.53.v20231009.jar:/home/runner/.m2/repository/org/apache/ratis/ratis-server/3.0.1/ratis-server-3.0.1.jar:/home/runner/.m2/repository/org/apache/ratis/ratis-thirdparty-misc/1.0.5/ratis-thirdparty-misc-1.0.5.jar:/home/runner/.m2/repository/org/apache/ratis/ratis-proto/3.0.1/ratis-proto-3.0.1.jar:/home/runner/.m2/repository/org/apache/ratis/ratis-common/3.0.1/ratis-common-3.0.1.jar:/home/runner/.m2/repository/org/apache/ratis/ratis-client/3.0.1/ratis-client-3.0.1.jar:/home/runner/.m2/repository/org/apache/ratis/ratis-server-api/3.0.1/ratis-server-api-3.0.1.jar:/home/runner/.m2/repository/org/apache/ratis/ratis-metrics-api/3.0.1/ratis-metrics-api-3.0.1.jar:/home/runner/.m2/repository/org/apache/ratis/ratis-metrics-dropwizard3/3.0.1/ratis-metrics-dropwizard3-3.0.1.jar:/home/runner/.m2/repository/io/prometheus/simpleclient_dropwizard/0.16.0/simpleclient_dropwizard-0.16.0.jar:/home/runner/.m2/repository/io/prometheus/simpleclient/0.16.0/simpleclient-0.16.0.jar:/home/runner/.m2/repository/io/prometheus/simpleclient_common/0.16.0/simpleclient_common-0.16.0.jar:/home/runner/.m2/repository/com/fasterxml/jackson/datatype/jackson-datatype-jsr310/2.13.4/jackson-datatype-jsr310-2.13.4.jar:/home/runner/.m2/repository/com/fasterxml/jackson/core/jackson-core/2.13.4/jackson-core-2.13.4.jar:/home/runner/.m2/repository/org/apache/ozone/rocksdb-checkpoint-differ/1.5.0-SNAPSHOT/rocksdb-checkpoint-differ-1.5.0-SNAPSHOT.jar:/home/runner/.m2/repository/org/jgrapht/jgrapht-core/1.0.1/jgrapht-core-1.0.1.jar:/home/runner/.m2/repository/org/jgrapht/jgrapht-ext/1.0.1/jgrapht-ext-1.0.1.jar:/home/runner/.m2/repository/org/tinyjee/jgraphx/jgraphx/2.0.0.1/jgraphx-2.0.0.1.jar:/home/runner/.m2/repository/jgraph/jgraph/5.13.0.0/jgraph-5.13.0.0.jar:/home/runner/.m2/repository/org/antlr/antlr4-runtime/4.5.3/antlr4-runtime-4.5.3.jar:/home/runner/.m2/repository/org/apache/ozone/ozone-manager/1.5.0-SNAPSHOT/ozone-manager-1.5.0-SNAPSHOT.jar:/home/runner/.m2/repository/org/aspectj/aspectjrt/1.9.7/aspectjrt-1.9.7.jar:/home/runner/.m2/repository/org/aspectj/aspectjweaver/1.9.7/aspectjweaver-1.9.7.jar:/home/runner/.m2/repository/org/apache/ozone/hdds-interface-client/1.5.0-SNAPSHOT/hdds-interface-client-1.5.0-SNAPSHOT.jar:/home/runner/.m2/repository/org/apache/hadoop/thirdparty/hadoop-shaded-protobuf_3_7/1.1.1/hadoop-shaded-protobuf_3_7-1.1.1.jar:/home/runner/.m2/repository/org/apache/ozone/ozone-interface-storage/1.5.0-SNAPSHOT/ozone-interface-storage-1.5.0-SNAPSHOT.jar:/home/runner/.m2/repository/org/reflections/reflections/0.9.11/reflections-0.9.11.jar:/home/runner/.m2/repository/com/sun/jersey/jersey-client/1.19.4/jersey-client-1.19.4.jar:/home/runner/.m2/repository/org/codehaus/jackson/jackson-core-asl/1.9.13/jackson-core-asl-1.9.13.jar:/home/runner/.m2/repository/org/codehaus/jackson/jackson-mapper-asl/1.9.13/jackson-mapper-asl-1.9.13.jar:/home/runner/.m2/repository/org/codehaus/jackson/jackson-jaxrs/1.9.13/jackson-jaxrs-1.9.13.jar:/home/runner/.m2/repository/org/apache/ranger/ranger-intg/2.3.0/ranger-intg-2.3.0.jar:/home/runner/.m2/repository/org/apache/ranger/ranger-plugins-common/2.3.0/ranger-plugins-common-2.3.0.jar:/home/runner/.m2/repository/commons-lang/commons-lang/2.6/commons-lang-2.6.jar:/home/runner/.m2/repository/org/apache/ranger/ranger-plugins-cred/2.3.0/ranger-plugins-cred-2.3.0.jar:/home/runner/.m2/repository/org/apache/ranger/ranger-plugins-audit/2.3.0/ranger-plugins-audit-2.3.0.jar:/home/runner/.m2/repository/org/eclipse/jetty/jetty-client/9.4.53.v20231009/jetty-client-9.4.53.v20231009.jar:/home/runner/.m2/repository/org/apache/httpcomponents/httpmime/4.5.6/httpmime-4.5.6.jar:/home/runner/.m2/repository/org/apache/httpcomponents/httpcore-nio/4.4.16/httpcore-nio-4.4.16.jar:/home/runner/.m2/repository/org/apache/httpcomponents/httpasyncclient/4.1.3/httpasyncclient-4.1.3.jar:/home/runner/.m2/repository/com/carrotsearch/hppc/0.8.0/hppc-0.8.0.jar:/home/runner/.m2/repository/org/apache/orc/orc-core/1.5.8/orc-core-1.5.8.jar:/home/runner/.m2/repository/net/java/dev/jna/jna/5.2.0/jna-5.2.0.jar:/home/runner/.m2/repository/net/java/dev/jna/jna-platform/5.2.0/jna-platform-5.2.0.jar:/home/runner/.m2/repository/com/kstruct/gethostname4j/0.0.2/gethostname4j-0.0.2.jar:/home/runner/.m2/repository/org/apache/ranger/ranger-plugin-classloader/2.3.0/ranger-plugin-classloader-2.3.0.jar:/home/runner/.m2/repository/org/apache/ozone/hdds-rocks-native/1.5.0-SNAPSHOT/hdds-rocks-native-1.5.0-SNAPSHOT.jar:/home/runner/.m2/repository/org/apache/hadoop/hadoop-minikdc/3.3.6/hadoop-minikdc-3.3.6.jar:/home/runner/.m2/repository/org/apache/kerby/kerb-simplekdc/1.0.1/kerb-simplekdc-1.0.1.jar:/home/runner/.m2/repository/org/apache/kerby/kerb-client/1.0.1/kerb-client-1.0.1.jar:/home/runner/.m2/repository/org/apache/kerby/kerby-config/1.0.1/kerby-config-1.0.1.jar:/home/runner/.m2/repository/org/apache/kerby/kerb-common/1.0.1/kerb-common-1.0.1.jar:/home/runner/.m2/repository/org/apache/kerby/kerb-crypto/1.0.1/kerb-crypto-1.0.1.jar:/home/runner/.m2/repository/org/apache/kerby/kerb-util/1.0.1/kerb-util-1.0.1.jar:/home/runner/.m2/repository/org/apache/kerby/token-provider/1.0.1/token-provider-1.0.1.jar:/home/runner/.m2/repository/org/apache/kerby/kerb-admin/1.0.1/kerb-admin-1.0.1.jar:/home/runner/.m2/repository/org/apache/kerby/kerb-server/1.0.1/kerb-server-1.0.1.jar:/home/runner/.m2/repository/org/apache/kerby/kerb-identity/1.0.1/kerb-identity-1.0.1.jar:/home/runner/.m2/repository/org/apache/kerby/kerby-xdr/1.0.1/kerby-xdr-1.0.1.jar:/home/runner/.m2/repository/org/apache/ozone/ozone-s3gateway/1.5.0-SNAPSHOT/ozone-s3gateway-1.5.0-SNAPSHOT.jar:/home/runner/.m2/repository/org/javassist/javassist/3.21.0-GA/javassist-3.21.0-GA.jar:/home/runner/.m2/repository/org/jboss/weld/servlet/weld-servlet-shaded/3.1.9.Final/weld-servlet-shaded-3.1.9.Final.jar:/home/runner/.m2/repository/org/glassfish/jersey/containers/jersey-container-servlet-core/2.41/jersey-container-servlet-core-2.41.jar:/home/runner/.m2/repository/org/glassfish/hk2/external/jakarta.inject/2.6.1/jakarta.inject-2.6.1.jar:/home/runner/.m2/repository/org/glassfish/jersey/core/jersey-common/2.41/jersey-common-2.41.jar:/home/runner/.m2/repository/jakarta/ws/rs/jakarta.ws.rs-api/2.1.6/jakarta.ws.rs-api-2.1.6.jar:/home/runner/.m2/repository/org/glassfish/jersey/ext/cdi/jersey-cdi1x/2.41/jersey-cdi1x-2.41.jar:/home/runner/.m2/repository/org/glassfish/jersey/inject/jersey-hk2/2.41/jersey-hk2-2.41.jar:/home/runner/.m2/repository/org/glassfish/hk2/hk2-locator/2.6.1/hk2-locator-2.6.1.jar:/home/runner/.m2/repository/org/glassfish/jersey/media/jersey-media-jaxb/2.41/jersey-media-jaxb-2.41.jar:/home/runner/.m2/repository/org/glassfish/hk2/osgi-resource-locator/1.0.3/osgi-resource-locator-1.0.3.jar:/home/runner/.m2/repository/org/glassfish/hk2/hk2-api/2.5.0/hk2-api-2.5.0.jar:/home/runner/.m2/repository/org/glassfish/hk2/hk2-utils/2.5.0/hk2-utils-2.5.0.jar:/home/runner/.m2/repository/org/glassfish/hk2/external/aopalliance-repackaged/2.5.0/aopalliance-repackaged-2.5.0.jar:/home/runner/.m2/repository/com/fasterxml/jackson/dataformat/jackson-dataformat-xml/2.13.4/jackson-dataformat-xml-2.13.4.jar:/home/runner/.m2/repository/org/codehaus/woodstox/stax2-api/4.2.2/stax2-api-4.2.2.jar:/home/runner/.m2/repository/com/fasterxml/woodstox/woodstox-core/5.4.0/woodstox-core-5.4.0.jar:/home/runner/.m2/repository/com/fasterxml/jackson/module/jackson-module-jaxb-annotations/2.13.4/jackson-module-jaxb-annotations-2.13.4.jar:/home/runner/.m2/repository/javax/enterprise/cdi-api/2.0/cdi-api-2.0.jar:/home/runner/.m2/repository/javax/el/javax.el-api/3.0.0/javax.el-api-3.0.0.jar:/home/runner/.m2/repository/javax/interceptor/javax.interceptor-api/1.2/javax.interceptor-api-1.2.jar:/home/runner/.m2/repository/javax/inject/javax.inject/1/javax.inject-1.jar:/home/runner/.m2/repository/jakarta/xml/bind/jakarta.xml.bind-api/2.3.3/jakarta.xml.bind-api-2.3.3.jar:/home/runner/.m2/repository/org/glassfish/jaxb/jaxb-runtime/2.3.9/jaxb-runtime-2.3.9.jar:/home/runner/.m2/repository/org/glassfish/jaxb/txw2/2.3.9/txw2-2.3.9.jar:/home/runner/.m2/repository/com/sun/istack/istack-commons-runtime/3.0.12/istack-commons-runtime-3.0.12.jar:/home/runner/.m2/repository/com/sun/activation/jakarta.activation/1.2.2/jakarta.activation-1.2.2.jar:/home/runner/.m2/repository/jakarta/activation/jakarta.activation-api/1.2.2/jakarta.activation-api-1.2.2.jar:/home/runner/.m2/repository/io/grpc/grpc-protobuf/1.58.0/grpc-protobuf-1.58.0.jar:/home/runner/.m2/repository/com/google/api/grpc/proto-google-common-protos/2.22.0/proto-google-common-protos-2.22.0.jar:/home/runner/.m2/repository/io/grpc/grpc-protobuf-lite/1.58.0/grpc-protobuf-lite-1.58.0.jar:/home/runner/.m2/repository/io/grpc/grpc-stub/1.58.0/grpc-stub-1.58.0.jar:/home/runner/.m2/repository/io/netty/netty-transport/4.1.100.Final/netty-transport-4.1.100.Final.jar:/home/runner/.m2/repository/io/netty/netty-resolver/4.1.100.Final/netty-resolver-4.1.100.Final.jar:/home/runner/.m2/repository/org/apache/ozone/ozone-csi/1.5.0-SNAPSHOT/ozone-csi-1.5.0-SNAPSHOT.jar:/home/runner/.m2/repository/com/google/protobuf/protobuf-java-util/3.19.6/protobuf-java-util-3.19.6.jar:/home/runner/.m2/repository/com/google/code/gson/gson/2.9.0/gson-2.9.0.jar:/home/runner/.m2/repository/org/apache/ozone/hdds-config/1.5.0-SNAPSHOT/hdds-config-1.5.0-SNAPSHOT.jar:/home/runner/.m2/repository/io/netty/netty-transport-native-epoll/4.1.100.Final/netty-transport-native-epoll-4.1.100.Final-linux-x86_64.jar:/home/runner/.m2/repository/io/netty/netty-transport-classes-epoll/4.1.100.Final/netty-transport-classes-epoll-4.1.100.Final.jar:/home/runner/.m2/repository/io/netty/netty-transport-native-unix-common/4.1.100.Final/netty-transport-native-unix-common-4.1.100.Final.jar:/home/runner/.m2/repository/org/apache/ozone/ozone-recon/1.5.0-SNAPSHOT/ozone-recon-1.5.0-SNAPSHOT.jar:/home/runner/.m2/repository/org/apache/ozone/ozone-reconcodegen/1.5.0-SNAPSHOT/ozone-reconcodegen-1.5.0-SNAPSHOT.jar:/home/runner/.m2/repository/com/google/inject/guice/5.1.0/guice-5.1.0.jar:/home/runner/.m2/repository/aopalliance/aopalliance/1.0/aopalliance-1.0.jar:/home/runner/.m2/repository/com/google/inject/extensions/guice-assistedinject/5.1.0/guice-assistedinject-5.1.0.jar:/home/runner/.m2/repository/com/google/inject/extensions/guice-servlet/5.1.0/guice-servlet-5.1.0.jar:/home/runner/.m2/repository/org/glassfish/jersey/containers/jersey-container-servlet/2.41/jersey-container-servlet-2.41.jar:/home/runner/.m2/repository/org/glassfish/hk2/guice-bridge/2.5.0/guice-bridge-2.5.0.jar:/home/runner/.m2/repository/org/glassfish/jersey/core/jersey-server/2.41/jersey-server-2.41.jar:/home/runner/.m2/repository/org/glassfish/jersey/core/jersey-client/2.41/jersey-client-2.41.jar:/home/runner/.m2/repository/jakarta/annotation/jakarta.annotation-api/1.3.5/jakarta.annotation-api-1.3.5.jar:/home/runner/.m2/repository/jakarta/validation/jakarta.validation-api/2.0.2/jakarta.validation-api-2.0.2.jar:/home/runner/.m2/repository/org/glassfish/jersey/media/jersey-media-json-jackson/2.41/jersey-media-json-jackson-2.41.jar:/home/runner/.m2/repository/org/glassfish/jersey/ext/jersey-entity-filtering/2.41/jersey-entity-filtering-2.41.jar:/home/runner/.m2/repository/org/jooq/jooq/3.11.10/jooq-3.11.10.jar:/home/runner/.m2/repository/org/jooq/jooq-meta/3.11.10/jooq-meta-3.11.10.jar:/home/runner/.m2/repository/org/jooq/jooq-codegen/3.11.10/jooq-codegen-3.11.10.jar:/home/runner/.m2/repository/com/jolbox/bonecp/0.8.0.RELEASE/bonecp-0.8.0.RELEASE.jar:/home/runner/.m2/repository/org/apache/derby/derby/10.14.2.0/derby-10.14.2.0.jar:/home/runner/.m2/repository/org/xerial/sqlite-jdbc/3.44.1.0/sqlite-jdbc-3.44.1.0.jar:/home/runner/.m2/repository/org/springframework/spring-jdbc/5.3.27/spring-jdbc-5.3.27.jar:/home/runner/.m2/repository/org/springframework/spring-beans/5.3.27/spring-beans-5.3.27.jar:/home/runner/.m2/repository/org/springframework/spring-core/5.3.27/spring-core-5.3.27.jar:/home/runner/.m2/repository/org/springframework/spring-tx/5.3.27/spring-tx-5.3.27.jar:/home/runner/.m2/repository/org/apache/ozone/ozone-client/1.5.0-SNAPSHOT/ozone-client-1.5.0-SNAPSHOT.jar:/home/runner/.m2/repository/org/apache/ozone/hdds-erasurecode/1.5.0-SNAPSHOT/hdds-erasurecode-1.5.0-SNAPSHOT.jar:/home/runner/.m2/repository/org/apache/ozone/ozone-filesystem/1.5.0-SNAPSHOT/ozone-filesystem-1.5.0-SNAPSHOT.jar:/home/runner/.m2/repository/org/apache/ozone/ozone-filesystem-common/1.5.0-SNAPSHOT/ozone-filesystem-common-1.5.0-SNAPSHOT.jar:/home/runner/.m2/repository/org/apache/ozone/ozone-tools/1.5.0-SNAPSHOT/ozone-tools-1.5.0-SNAPSHOT.jar:/home/runner/.m2/repository/com/amazonaws/aws-java-sdk-core/1.12.632/aws-java-sdk-core-1.12.632.jar:/home/runner/.m2/repository/org/apache/httpcomponents/httpclient/4.5.13/httpclient-4.5.13.jar:/home/runner/.m2/repository/org/apache/httpcomponents/httpcore/4.4.16/httpcore-4.4.16.jar:/home/runner/.m2/repository/software/amazon/ion/ion-java/1.0.2/ion-java-1.0.2.jar:/home/runner/.m2/repository/com/fasterxml/jackson/dataformat/jackson-dataformat-cbor/2.13.4/jackson-dataformat-cbor-2.13.4.jar:/home/runner/.m2/repository/joda-time/joda-time/2.12.5/joda-time-2.12.5.jar:/home/runner/.m2/repository/com/amazonaws/aws-java-sdk-s3/1.12.632/aws-java-sdk-s3-1.12.632.jar:/home/runner/.m2/repository/com/amazonaws/aws-java-sdk-kms/1.12.632/aws-java-sdk-kms-1.12.632.jar:/home/runner/.m2/repository/com/amazonaws/jmespath-java/1.12.632/jmespath-java-1.12.632.jar:/home/runner/.m2/repository/org/kohsuke/metainf-services/metainf-services/1.8/metainf-services-1.8.jar:/home/runner/.m2/repository/org/apache/ozone/hdds-tools/1.5.0-SNAPSHOT/hdds-tools-1.5.0-SNAPSHOT.jar:/home/runner/.m2/repository/org/apache/ratis/ratis-tools/3.0.1/ratis-tools-3.0.1.jar:/home/runner/.m2/repository/commons-cli/commons-cli/1.6.0/commons-cli-1.6.0.jar:/home/runner/.m2/repository/org/apache/commons/commons-lang3/3.14.0/commons-lang3-3.14.0.jar:/home/runner/.m2/repository/org/apache/ozone/ozone-manager/1.5.0-SNAPSHOT/ozone-manager-1.5.0-SNAPSHOT-tests.jar:/home/runner/.m2/repository/org/apache/ozone/hdds-common/1.5.0-SNAPSHOT/hdds-common-1.5.0-SNAPSHOT-tests.jar:/home/runner/.m2/repository/org/apache/ozone/hdds-hadoop-dependency-client/1.5.0-SNAPSHOT/hdds-hadoop-dependency-client-1.5.0-SNAPSHOT.jar:/home/runner/.m2/repository/info/picocli/picocli/4.7.5/picocli-4.7.5.jar:/home/runner/.m2/repository/com/fasterxml/jackson/core/jackson-annotations/2.13.4/jackson-annotations-2.13.4.jar:/home/runner/.m2/repository/org/apache/ozone/hdds-annotation-processing/1.5.0-SNAPSHOT/hdds-annotation-processing-1.5.0-SNAPSHOT.jar:/home/runner/.m2/repository/javax/annotation/javax.annotation-api/1.3.2/javax.annotation-api-1.3.2.jar:/home/runner/.m2/repository/org/apache/ratis/ratis-netty/3.0.1/ratis-netty-3.0.1.jar:/home/runner/.m2/repository/org/apache/ratis/ratis-grpc/3.0.1/ratis-grpc-3.0.1.jar:/home/runner/.m2/repository/org/apache/commons/commons-pool2/2.6.0/commons-pool2-2.6.0.jar:/home/runner/.m2/repository/org/bouncycastle/bcpkix-jdk15on/1.67/bcpkix-jdk15on-1.67.jar:/home/runner/.m2/repository/commons-validator/commons-validator/1.6/commons-validator-1.6.jar:/home/runner/.m2/repository/commons-beanutils/commons-beanutils/1.9.4/commons-beanutils-1.9.4.jar:/home/runner/.m2/repository/commons-digester/commons-digester/1.8.1/commons-digester-1.8.1.jar:/home/runner/.m2/repository/commons-collections/commons-collections/3.2.2/commons-collections-3.2.2.jar:/home/runner/.m2/repository/io/jaegertracing/jaeger-client/1.6.0/jaeger-client-1.6.0.jar:/home/runner/.m2/repository/io/jaegertracing/jaeger-thrift/1.6.0/jaeger-thrift-1.6.0.jar:/home/runner/.m2/repository/org/apache/thrift/libthrift/0.14.1/libthrift-0.14.1.jar:/home/runner/.m2/repository/io/jaegertracing/jaeger-core/1.6.0/jaeger-core-1.6.0.jar:/home/runner/.m2/repository/io/jaegertracing/jaeger-tracerresolver/1.6.0/jaeger-tracerresolver-1.6.0.jar:/home/runner/.m2/repository/io/opentracing/contrib/opentracing-tracerresolver/0.1.8/opentracing-tracerresolver-0.1.8.jar:/home/runner/.m2/repository/org/jetbrains/kotlin/kotlin-stdlib/1.9.22/kotlin-stdlib-1.9.22.jar:/home/runner/.m2/repository/org/jetbrains/annotations/13.0/annotations-13.0.jar:/home/runner/.m2/repository/io/opentracing/opentracing-util/0.33.0/opentracing-util-0.33.0.jar:/home/runner/.m2/repository/io/opentracing/opentracing-api/0.33.0/opentracing-api-0.33.0.jar:/home/runner/.m2/repository/io/opentracing/opentracing-noop/0.33.0/opentracing-noop-0.33.0.jar:/home/runner/.m2/repository/org/yaml/snakeyaml/2.0/snakeyaml-2.0.jar:/home/runner/.m2/repository/io/grpc/grpc-api/1.58.0/grpc-api-1.58.0.jar:/home/runner/.m2/repository/junit/junit/4.13.1/junit-4.13.1.jar:/home/runner/.m2/repository/org/junit/jupiter/junit-jupiter-engine/5.10.1/junit-jupiter-engine-5.10.1.jar:/home/runner/.m2/repository/org/junit/platform/junit-platform-engine/1.10.1/junit-platform-engine-1.10.1.jar:/home/runner/.m2/repository/org/apiguardian/apiguardian-api/1.1.2/apiguardian-api-1.1.2.jar:/home/runner/.m2/repository/org/junit/vintage/junit-vintage-engine/5.10.1/junit-vintage-engine-5.10.1.jar:/home/runner/.m2/repository/org/junit/platform/junit-platform-launcher/1.10.1/junit-platform-launcher-1.10.1.jar:/home/runner/.m2/repository/org/apache/hadoop/hadoop-kms/3.3.6/hadoop-kms-3.3.6.jar:/home/runner/.m2/repository/org/apache/hadoop/hadoop-auth/3.3.6/hadoop-auth-3.3.6.jar:/home/runner/.m2/repository/com/nimbusds/nimbus-jose-jwt/9.8.1/nimbus-jose-jwt-9.8.1.jar:/home/runner/.m2/repository/com/github/stephenc/jcip/jcip-annotations/1.0-1/jcip-annotations-1.0-1.jar:/home/runner/.m2/repository/org/apache/zookeeper/zookeeper/3.7.2/zookeeper-3.7.2.jar:/home/runner/.m2/repository/org/apache/zookeeper/zookeeper-jute/3.7.2/zookeeper-jute-3.7.2.jar:/home/runner/.m2/repository/org/apache/yetus/audience-annotations/0.12.0/audience-annotations-0.12.0.jar:/home/runner/.m2/repository/org/apache/curator/curator-framework/4.2.0/curator-framework-4.2.0.jar:/home/runner/.m2/repository/org/apache/hadoop/thirdparty/hadoop-shaded-guava/1.1.1/hadoop-shaded-guava-1.1.1.jar:/home/runner/.m2/repository/com/sun/jersey/jersey-core/1.19.4/jersey-core-1.19.4.jar:/home/runner/.m2/repository/javax/ws/rs/jsr311-api/1.1.1/jsr311-api-1.1.1.jar:/home/runner/.m2/repository/com/sun/jersey/jersey-server/1.19.4/jersey-server-1.19.4.jar:/home/runner/.m2/repository/javax/servlet/javax.servlet-api/3.1.0/javax.servlet-api-3.1.0.jar:/home/runner/.m2/repository/org/apache/hadoop/hadoop-common/3.3.6/hadoop-common-3.3.6.jar:/home/runner/.m2/repository/org/apache/commons/commons-math3/3.1.1/commons-math3-3.1.1.jar:/home/runner/.m2/repository/commons-net/commons-net/3.10.0/commons-net-3.10.0.jar:/home/runner/.m2/repository/com/sun/jersey/jersey-servlet/1.19.4/jersey-servlet-1.19.4.jar:/home/runner/.m2/repository/com/github/pjfanning/jersey-json/1.20/jersey-json-1.20.jar:/home/runner/.m2/repository/org/codehaus/jettison/jettison/1.1/jettison-1.1.jar:/home/runner/.m2/repository/com/sun/xml/bind/jaxb-impl/2.2.3-1/jaxb-impl-2.2.3-1.jar:/home/runner/.m2/repository/com/google/re2j/re2j/1.1/re2j-1.1.jar:/home/runner/.m2/repository/com/jcraft/jsch/0.1.54/jsch-0.1.54.jar:/home/runner/.m2/repository/org/apache/curator/curator-client/4.2.0/curator-client-4.2.0.jar:/home/runner/.m2/repository/org/apache/curator/curator-recipes/5.2.0/curator-recipes-5.2.0.jar:/home/runner/.m2/repository/org/apache/kerby/kerb-core/1.0.1/kerb-core-1.0.1.jar:/home/runner/.m2/repository/org/apache/kerby/kerby-pkix/1.0.1/kerby-pkix-1.0.1.jar:/home/runner/.m2/repository/org/apache/kerby/kerby-asn1/1.0.1/kerby-asn1-1.0.1.jar:/home/runner/.m2/repository/org/apache/kerby/kerby-util/1.0.1/kerby-util-1.0.1.jar:/home/runner/.m2/repository/dnsjava/dnsjava/2.1.7/dnsjava-2.1.7.jar:/home/runner/.m2/repository/org/xerial/snappy/snappy-java/1.1.8.2/snappy-java-1.1.8.2.jar:/home/runner/.m2/repository/com/fasterxml/jackson/core/jackson-databind/2.13.4.2/jackson-databind-2.13.4.2.jar:/home/runner/.m2/repository/org/apache/hadoop/hadoop-kms/3.3.6/hadoop-kms-3.3.6-tests.jar:/home/runner/.m2/repository/org/apache/ozone/hdds-server-scm/1.5.0-SNAPSHOT/hdds-server-scm-1.5.0-SNAPSHOT-tests.jar:/home/runner/.m2/repository/org/apache/ozone/hdds-container-service/1.5.0-SNAPSHOT/hdds-container-service-1.5.0-SNAPSHOT-tests.jar:/home/runner/.m2/repository/com/github/luben/zstd-jni/1.5.2-5/zstd-jni-1.5.2-5.jar:/home/runner/.m2/repository/commons-codec/commons-codec/1.15/commons-codec-1.15.jar:/home/runner/.m2/repository/io/netty/netty-codec/4.1.100.Final/netty-codec-4.1.100.Final.jar:/home/runner/.m2/repository/io/netty/netty-handler/4.1.100.Final/netty-handler-4.1.100.Final.jar:/home/runner/.m2/repository/org/apache/ozone/hdds-hadoop-dependency-test/1.5.0-SNAPSHOT/hdds-hadoop-dependency-test-1.5.0-SNAPSHOT.jar:/home/runner/.m2/repository/org/apache/hadoop/hadoop-common/3.3.6/hadoop-common-3.3.6-tests.jar:/home/runner/.m2/repository/org/apache/hadoop/hadoop-hdfs/3.3.6/hadoop-hdfs-3.3.6-tests.jar:/home/runner/.m2/repository/org/junit/jupiter/junit-jupiter-params/5.10.1/junit-jupiter-params-5.10.1.jar:/home/runner/.m2/repository/org/mockito/mockito-core/3.5.9/mockito-core-3.5.9.jar:/home/runner/.m2/repository/net/bytebuddy/byte-buddy/1.10.13/byte-buddy-1.10.13.jar:/home/runner/.m2/repository/net/bytebuddy/byte-buddy-agent/1.10.13/byte-buddy-agent-1.10.13.jar:/home/runner/.m2/repository/org/objenesis/objenesis/1.0/objenesis-1.0.jar:/home/runner/.m2/repository/org/mockito/mockito-junit-jupiter/3.5.9/mockito-junit-jupiter-3.5.9.jar:/home/runner/.m2/repository/org/apache/hadoop/hadoop-distcp/3.3.6/hadoop-distcp-3.3.6.jar:/home/runner/.m2/repository/org/apache/hadoop/hadoop-mapreduce-client-jobclient/3.3.6/hadoop-mapreduce-client-jobclient-3.3.6.jar:/home/runner/.m2/repository/org/apache/hadoop/hadoop-mapreduce-client-common/3.3.6/hadoop-mapreduce-client-common-3.3.6.jar:/home/runner/.m2/repository/org/apache/hadoop/hadoop-yarn-common/3.3.6/hadoop-yarn-common-3.3.6.jar:/home/runner/.m2/repository/org/apache/hadoop/hadoop-yarn-api/3.3.6/hadoop-yarn-api-3.3.6.jar:/home/runner/.m2/repository/javax/xml/bind/jaxb-api/2.2.11/jaxb-api-2.2.11.jar:/home/runner/.m2/repository/com/sun/jersey/contribs/jersey-guice/1.19.4/jersey-guice-1.19.4.jar:/home/runner/.m2/repository/com/fasterxml/jackson/jaxrs/jackson-jaxrs-json-provider/2.13.4/jackson-jaxrs-json-provider-2.13.4.jar:/home/runner/.m2/repository/com/fasterxml/jackson/jaxrs/jackson-jaxrs-base/2.13.4/jackson-jaxrs-base-2.13.4.jar:/home/runner/.m2/repository/org/apache/hadoop/hadoop-yarn-client/3.3.6/hadoop-yarn-client-3.3.6.jar:/home/runner/.m2/repository/org/eclipse/jetty/websocket/websocket-client/9.4.51.v20230217/websocket-client-9.4.51.v20230217.jar:/home/runner/.m2/repository/org/eclipse/jetty/websocket/websocket-common/9.4.51.v20230217/websocket-common-9.4.51.v20230217.jar:/home/runner/.m2/repository/org/eclipse/jetty/websocket/websocket-api/9.4.51.v20230217/websocket-api-9.4.51.v20230217.jar:/home/runner/.m2/repository/org/jline/jline/3.9.0/jline-3.9.0.jar:/home/runner/.m2/repository/org/apache/hadoop/hadoop-mapreduce-client-core/3.3.6/hadoop-mapreduce-client-core-3.3.6.jar:/home/runner/.m2/repository/org/apache/avro/avro/1.7.7/avro-1.7.7.jar:/home/runner/.m2/repository/com/thoughtworks/paranamer/paranamer/2.3/paranamer-2.3.jar:/home/runner/.m2/repository/org/apache/hadoop/hadoop-annotations/3.3.6/hadoop-annotations-3.3.6.jar:/usr/lib/jvm/temurin-8-jdk-amd64/jre/../lib/tools.jar:/home/runner/.m2/repository/io/netty/netty/3.10.6.Final/netty-3.10.6.Final.jar:/home/runner/.m2/repository/org/apache/hadoop/hadoop-distcp/3.3.6/hadoop-distcp-3.3.6-tests.jar:/home/runner/.m2/repository/org/hamcrest/hamcrest/2.2/hamcrest-2.2.jar:/home/runner/.m2/repository/org/slf4j/jul-to-slf4j/2.0.10/jul-to-slf4j-2.0.10.jar:/home/runner/work/ozone/ozone/hadoop-ozone/integration-test/target/gradle-enterprise/test-listeners.jar:"/>
    <property name="sun.cpu.endian" value="little"/>
    <property name="user.home" value="/home/runner"/>
    <property name="user.language" value="en"/>
    <property name="java.specification.vendor" value="Oracle Corporation"/>
    <property name="java.home" value="/usr/lib/jvm/temurin-8-jdk-amd64/jre"/>
    <property name="java.security.krb5.conf" value="/home/runner/work/ozone/ozone/hadoop-ozone/integration-test/target/test-classes/krb5.conf"/>
    <property name="file.separator" value="/"/>
    <property name="basedir" value="/home/runner/work/ozone/ozone/hadoop-ozone/integration-test"/>
    <property name="line.separator" value="&#10;"/>
    <property name="java.vm.specification.vendor" value="Oracle Corporation"/>
    <property name="java.specification.name" value="Java Platform API Specification"/>
    <property name="skip.installnpx" value="true"/>
    <property name="java.awt.graphicsenv" value="sun.awt.X11GraphicsEnvironment"/>
    <property name="surefire.real.class.path" value="/home/runner/work/ozone/ozone/hadoop-ozone/integration-test/target/surefire/surefirebooter-20240114075229473_107.jar:/home/runner/.m2/repository/org/jacoco/org.jacoco.agent/0.8.5/org.jacoco.agent-0.8.5-runtime.jar"/>
    <property name="sun.boot.class.path" value="/usr/lib/jvm/temurin-8-jdk-amd64/jre/lib/resources.jar:/usr/lib/jvm/temurin-8-jdk-amd64/jre/lib/rt.jar:/usr/lib/jvm/temurin-8-jdk-amd64/jre/lib/sunrsasign.jar:/usr/lib/jvm/temurin-8-jdk-amd64/jre/lib/jsse.jar:/usr/lib/jvm/temurin-8-jdk-amd64/jre/lib/jce.jar:/usr/lib/jvm/temurin-8-jdk-amd64/jre/lib/charsets.jar:/usr/lib/jvm/temurin-8-jdk-amd64/jre/lib/jfr.jar:/usr/lib/jvm/temurin-8-jdk-amd64/jre/classes"/>
    <property name="hadoop.log.dir" value="/home/runner/work/ozone/ozone/hadoop-ozone/integration-test/target/log"/>
    <property name="sun.management.compiler" value="HotSpot 64-Bit Tiered Compilers"/>
    <property name="java.runtime.version" value="1.8.0_392-b08"/>
    <property name="skip.npx" value="true"/>
    <property name="user.name" value="runner"/>
    <property name="java.net.preferIPv4Stack" value="true"/>
    <property name="path.separator" value=":"/>
    <property name="java.security.egd" value="file:///dev/urandom"/>
    <property name="os.version" value="5.15.0-1053-azure"/>
    <property name="java.endorsed.dirs" value="/usr/lib/jvm/temurin-8-jdk-amd64/jre/lib/endorsed"/>
    <property name="java.runtime.name" value="OpenJDK Runtime Environment"/>
    <property name="com.gradle.maven.scan.extension.test.listener.junitplatform.NestedExecutionSafeDelegatingTestExecutionListener" value="506ae4d4"/>
    <property name="file.encoding" value="UTF-8"/>
    <property name="java.vm.name" value="OpenJDK 64-Bit Server VM"/>
    <property name="test.build.webapps" value=""/>
    <property name="localRepository" value="/home/runner/.m2/repository"/>
    <property name="gradle.enterprise.listener.port" value="35605"/>
    <property name="jetty.git.hash" value="27bde00a0b95a1d5bbee0eae7984f891d2d0f8c9"/>
    <property name="java.vendor.url.bug" value="https://github.com/adoptium/adoptium-support/issues"/>
    <property name="require.test.libhadoop" value=""/>
    <property name="java.io.tmpdir" value="/tmp"/>
    <property name="java.version" value="1.8.0_392"/>
    <property name="user.dir" value="/home/runner/work/ozone/ozone/hadoop-ozone/integration-test"/>
    <property name="os.arch" value="amd64"/>
    <property name="test.build.classes" value="/home/runner/work/ozone/ozone/hadoop-ozone/integration-test/target/test-classes"/>
    <property name="java.vm.specification.name" value="Java Virtual Machine Specification"/>
    <property name="java.awt.printerjob" value="sun.print.PSPrinterJob"/>
    <property name="sun.os.patch.level" value="unknown"/>
    <property name="org.apache.ratis.thirdparty.io.netty.allocator.useCacheForAllThreads" value="false"/>
    <property name="hadoop.tmp.dir" value="/home/runner/work/ozone/ozone/hadoop-ozone/integration-test/target/tmp"/>
    <property name="java.library.path" value="/usr/java/packages/lib/amd64:/usr/lib64:/lib64:/lib:/usr/lib"/>
    <property name="java.vendor" value="Temurin"/>
    <property name="java.vm.info" value="mixed mode"/>
    <property name="java.vm.version" value="25.392-b08"/>
    <property name="java.specification.maintenance.version" value="5"/>
    <property name="sun.io.unicode.encoding" value="UnicodeLittle"/>
    <property name="java.ext.dirs" value="/usr/lib/jvm/temurin-8-jdk-amd64/jre/lib/ext:/usr/java/packages/lib/ext"/>
    <property name="java.class.version" value="52.0"/>
  </properties>
  <testcase name="testReleaseBuffers" classname="org.apache.hadoop.hdds.scm.storage.TestCommitWatcher" time="22.728">
    <system-out><![CDATA[2024-01-14 08:11:06,779 [main] WARN  server.ServerUtils (ServerUtils.java:getScmDbDir(155)) - ozone.scm.db.dirs is not configured. We recommend adding this setting. Falling back to ozone.metadata.dirs instead.
2024-01-14 08:11:07,037 [main] WARN  server.ServerUtils (ServerUtils.java:getScmDbDir(155)) - ozone.scm.db.dirs is not configured. We recommend adding this setting. Falling back to ozone.metadata.dirs instead.
2024-01-14 08:11:07,041 [main] INFO  ha.SCMHANodeDetails (SCMHANodeDetails.java:loadSCMHAConfig(207)) - ServiceID for StorageContainerManager is null
2024-01-14 08:11:07,048 [main] WARN  ha.SCMHANodeDetails (SCMHANodeDetails.java:validateSCMHAConfig(180)) - Default/Configured value of config ozone.scm.ratis.enable conflicts with the expected value. Default/Configured: true. Expected: false. Falling back to the expected value. Current State of SCM: SCM is running without Ratis. Ratis SCM -> Non Ratis SCM is not supported.
2024-01-14 08:11:07,048 [main] INFO  ha.SCMHANodeDetails (SCMHANodeDetails.java:loadSCMHAConfig(212)) - ozone.scm.default.service.id is not defined, falling back to ozone.scm.service.ids to find serviceID for StorageContainerManager if it is HA enabled cluster
2024-01-14 08:11:07,549 [main] WARN  utils.HAUtils (HAUtils.java:getMetaDir(339)) - ozone.scm.db.dirs is not configured. We recommend adding this setting. Falling back to ozone.metadata.dirs instead.
2024-01-14 08:11:07,650 [main] WARN  db.DBStoreBuilder (DBStoreBuilder.java:applyDBDefinition(167)) - ozone.scm.db.dirs is not configured. We recommend adding this setting. Falling back to ozone.metadata.dirs instead.
2024-01-14 08:11:07,655 [main] INFO  utils.LeakDetector (LeakDetector.java:start(73)) - Starting leak detector thread ManagedRocksObject0.
2024-01-14 08:11:07,855 [main] INFO  net.NodeSchemaLoader (NodeSchemaLoader.java:loadSchemaFromFile(129)) - Loading schema from [jar:file:/home/runner/.m2/repository/org/apache/ozone/hdds-common/1.5.0-SNAPSHOT/hdds-common-1.5.0-SNAPSHOT.jar!/network-topology-default.xml]
2024-01-14 08:11:07,856 [main] INFO  net.NodeSchemaLoader (NodeSchemaLoader.java:loadSchema(176)) - Loading network topology layer schema file
2024-01-14 08:11:07,907 [main] INFO  metrics.MetricRegistries (MetricRegistriesLoader.java:load(64)) - Loaded MetricRegistries class org.apache.ratis.metrics.dropwizard3.Dm3MetricRegistriesImpl
2024-01-14 08:11:07,917 [main] INFO  upgrade.AbstractLayoutVersionManager (AbstractLayoutVersionManager.java:init(83)) - Initializing Layout version manager with metadata layout = HADOOP_PRC_PORTS_IN_DATANODEDETAILS (version = 7), software layout = HADOOP_PRC_PORTS_IN_DATANODEDETAILS (version = 7)
2024-01-14 08:11:08,053 [main] INFO  ha.SequenceIdGenerator (SequenceIdGenerator.java:upgradeToSequenceId(370)) - upgrade localId to 113750153625600000
2024-01-14 08:11:08,055 [main] INFO  ha.SequenceIdGenerator (SequenceIdGenerator.java:upgradeToSequenceId(380)) - upgrade delTxnId to 0
2024-01-14 08:11:08,062 [main] INFO  ha.SequenceIdGenerator (SequenceIdGenerator.java:upgradeToSequenceId(397)) - upgrade containerId to 0
2024-01-14 08:11:08,066 [main] INFO  ha.SequenceIdGenerator (SequenceIdGenerator.java:upgradeToCertificateSequenceId(444)) - upgrade CertificateId to 2
2024-01-14 08:11:08,069 [main] INFO  ha.SequenceIdGenerator (SequenceIdGenerator.java:<init>(241)) - Init the HA SequenceIdGenerator.
2024-01-14 08:11:08,120 [main] WARN  server.ServerUtils (ServerUtils.java:sanitizeUserArgs(80)) - ozone.scm.stale.node.interval value = 1000000 is larger than max = 100000 based on the key value of ozone.scm.heartbeat.thread.interval, reset to the max value 100000.
2024-01-14 08:11:08,120 [main] WARN  server.ServerUtils (ServerUtils.java:sanitizeUserArgs(80)) - ozone.scm.stale.node.interval value = 1000000 is larger than max = 100000 based on the key value of ozone.scm.heartbeat.thread.interval, reset to the max value 100000.
2024-01-14 08:11:08,125 [main] INFO  node.SCMNodeManager (SCMNodeManager.java:<init>(173)) - Entering startup safe mode.
2024-01-14 08:11:08,139 [main] INFO  algorithms.ContainerPlacementPolicyFactory (ContainerPlacementPolicyFactory.java:getPolicyInternal(86)) - Create container placement policy of type org.apache.hadoop.hdds.scm.container.placement.algorithms.SCMContainerPlacementRackAware
2024-01-14 08:11:08,143 [main] INFO  algorithms.ContainerPlacementPolicyFactory (ContainerPlacementPolicyFactory.java:getPolicyInternal(86)) - Create container placement policy of type org.apache.hadoop.hdds.scm.container.placement.algorithms.SCMContainerPlacementRackScatter
2024-01-14 08:11:08,152 [main] INFO  pipeline.PipelineStateManagerImpl (PipelineStateManagerImpl.java:initialize(78)) - No pipeline exists in current db
2024-01-14 08:11:08,165 [main] INFO  algorithms.LeaderChoosePolicyFactory (LeaderChoosePolicyFactory.java:getPolicy(57)) - Create leader choose policy of type org.apache.hadoop.hdds.scm.pipeline.leader.choose.algorithms.MinLeaderCountChoosePolicy
2024-01-14 08:11:08,166 [main] INFO  algorithms.ContainerPlacementPolicyFactory (ContainerPlacementPolicyFactory.java:getPolicyInternal(86)) - Create container placement policy of type org.apache.hadoop.hdds.scm.container.placement.algorithms.SCMContainerPlacementRackScatter
2024-01-14 08:11:08,172 [main] INFO  ha.SCMServiceManager (SCMServiceManager.java:register(42)) - Registering service BackgroundPipelineCreator.
2024-01-14 08:11:08,172 [main] INFO  pipeline.BackgroundPipelineCreator (BackgroundPipelineCreator.java:start(127)) - Starting RatisPipelineUtilsThread.
2024-01-14 08:11:08,175 [main] INFO  BackgroundPipelineScrubber (BackgroundSCMService.java:start(68)) - Starting BackgroundPipelineScrubber Service.
2024-01-14 08:11:08,179 [main] INFO  ha.SCMServiceManager (SCMServiceManager.java:register(42)) - Registering service BackgroundPipelineScrubber.
2024-01-14 08:11:08,186 [main] INFO  ExpiredContainerReplicaOpScrubber (BackgroundSCMService.java:start(68)) - Starting ExpiredContainerReplicaOpScrubber Service.
2024-01-14 08:11:08,187 [main] INFO  ha.SCMServiceManager (SCMServiceManager.java:register(42)) - Registering service ExpiredContainerReplicaOpScrubber.
2024-01-14 08:11:08,212 [main] INFO  algorithms.PipelineChoosePolicyFactory (PipelineChoosePolicyFactory.java:createPipelineChoosePolicyFromClass(78)) - Create pipeline choose policy of type org.apache.hadoop.hdds.scm.pipeline.choose.algorithms.RandomPipelineChoosePolicy
2024-01-14 08:11:08,213 [main] INFO  algorithms.PipelineChoosePolicyFactory (PipelineChoosePolicyFactory.java:createPipelineChoosePolicyFromClass(78)) - Create pipeline choose policy of type org.apache.hadoop.hdds.scm.pipeline.choose.algorithms.RandomPipelineChoosePolicy
2024-01-14 08:11:08,238 [main] INFO  ha.SCMServiceManager (SCMServiceManager.java:register(42)) - Registering service SCMBlockDeletingService.
2024-01-14 08:11:08,300 [main] INFO  replication.ReplicationManager (ReplicationManager.java:start(294)) - Starting Replication Monitor Thread.
2024-01-14 08:11:08,302 [ReplicationMonitor] INFO  replication.ReplicationManager (ReplicationManager.java:processAll(369)) - Replication Manager is not ready to run until 3000ms after safemode exit
2024-01-14 08:11:08,302 [main] INFO  ha.SCMServiceManager (SCMServiceManager.java:register(42)) - Registering service ReplicationManager.
2024-01-14 08:11:08,313 [main] INFO  safemode.ContainerSafeModeRule (ContainerSafeModeRule.java:<init>(91)) - containers with one replica threshold count 0
2024-01-14 08:11:08,317 [main] INFO  safemode.HealthyPipelineSafeModeRule (HealthyPipelineSafeModeRule.java:initializeRule(176)) - Total pipeline count is 0, healthy pipeline threshold count is 1
2024-01-14 08:11:08,319 [main] INFO  safemode.OneReplicaPipelineSafeModeRule (OneReplicaPipelineSafeModeRule.java:initializeRule(193)) - Total pipeline count is 0, pipeline's with at least one datanode reported threshold count is 0
2024-01-14 08:11:08,361 [main] INFO  server.StorageContainerManager (StorageContainerManager.java:<init>(440)) - SCM start with adminUsers: [runner]
2024-01-14 08:11:08,621 [main] INFO  audit.AuditLogger (AuditLogger.java:refreshDebugCmdSet(130)) - Refresh DebugCmdSet for SCMAudit to [].
2024-01-14 08:11:08,642 [main] INFO  ipc.CallQueueManager (CallQueueManager.java:<init>(90)) - Using callQueue: class java.util.concurrent.LinkedBlockingQueue, queueCapacity: 10000, scheduler: class org.apache.hadoop.ipc.DefaultRpcScheduler, ipcBackoff: false.
2024-01-14 08:11:08,666 [main] INFO  ipc.Server (Server.java:<init>(1287)) - Listener at 0.0.0.0:15002
2024-01-14 08:11:08,667 [Socket Reader #1 for port 15002] INFO  ipc.Server (Server.java:run(1323)) - Starting Socket Reader #1 for port 15002
2024-01-14 08:11:08,707 [main] INFO  audit.AuditLogger (AuditLogger.java:refreshDebugCmdSet(130)) - Refresh DebugCmdSet for SCMAudit to [].
2024-01-14 08:11:08,711 [main] INFO  ipc.CallQueueManager (CallQueueManager.java:<init>(90)) - Using callQueue: class java.util.concurrent.LinkedBlockingQueue, queueCapacity: 10000, scheduler: class org.apache.hadoop.ipc.DefaultRpcScheduler, ipcBackoff: false.
2024-01-14 08:11:08,711 [main] INFO  ipc.Server (Server.java:<init>(1287)) - Listener at 0.0.0.0:15001
2024-01-14 08:11:08,712 [Socket Reader #1 for port 15001] INFO  ipc.Server (Server.java:run(1323)) - Starting Socket Reader #1 for port 15001
2024-01-14 08:11:08,733 [main] INFO  audit.AuditLogger (AuditLogger.java:refreshDebugCmdSet(130)) - Refresh DebugCmdSet for SCMAudit to [].
2024-01-14 08:11:08,741 [main] INFO  ipc.CallQueueManager (CallQueueManager.java:<init>(90)) - Using callQueue: class java.util.concurrent.LinkedBlockingQueue, queueCapacity: 10000, scheduler: class org.apache.hadoop.ipc.DefaultRpcScheduler, ipcBackoff: false.
2024-01-14 08:11:08,741 [main] INFO  ipc.Server (Server.java:<init>(1287)) - Listener at 0.0.0.0:15000
2024-01-14 08:11:08,743 [Socket Reader #1 for port 15000] INFO  ipc.Server (Server.java:run(1323)) - Starting Socket Reader #1 for port 15000
2024-01-14 08:11:08,780 [main] INFO  ha.SCMServiceManager (SCMServiceManager.java:register(42)) - Registering service ContainerBalancer.
2024-01-14 08:11:08,781 [main] INFO  server.StorageContainerManager (StorageContainerManager.java:<init>(453)) - 
Container Balancer status:
Key                            Value
Running                        false
Container Balancer Configuration values:
Key                                                Value
Threshold                                          10
Max Datanodes to Involve per Iteration(percent)    20
Max Size to Move per Iteration                     500GB
Max Size Entering Target per Iteration             26GB
Max Size Leaving Source per Iteration              26GB
Number of Iterations                               10
Time Limit for Single Container's Movement         65min
Time Limit for Single Container's Replication      50min
Interval between each Iteration                    70min
Whether to Enable Network Topology                 false
Whether to Trigger Refresh Datanode Usage Info     false
Container IDs to Exclude from Balancing            None
Datanodes Specified to be Balanced                 None
Datanodes Excluded from Balancing                  None

2024-01-14 08:11:08,782 [main] INFO  ha.SCMContext (SCMContext.java:updateSafeModeStatus(230)) - Update SafeModeStatus from SafeModeStatus{safeModeStatus=true, preCheckPassed=false} to SafeModeStatus{safeModeStatus=true, preCheckPassed=false}.
2024-01-14 08:11:08,784 [main] INFO  server.StorageContainerManager (StorageContainerManager.java:start(1546)) - StorageContainerLocationProtocol RPC server is listening at /0.0.0.0:15000
2024-01-14 08:11:08,830 [main] WARN  impl.MetricsConfig (MetricsConfig.java:loadFirst(136)) - Cannot locate configuration: tried hadoop-metrics2-storagecontainermanager.properties,hadoop-metrics2.properties
2024-01-14 08:11:08,839 [main] INFO  impl.MetricsSystemImpl (MetricsSystemImpl.java:startTimer(378)) - Scheduled Metric snapshot period at 10 second(s).
2024-01-14 08:11:08,839 [main] INFO  impl.MetricsSystemImpl (MetricsSystemImpl.java:start(191)) - StorageContainerManager metrics system started
2024-01-14 08:11:09,011 [main] INFO  server.SCMClientProtocolServer (SCMClientProtocolServer.java:start(202)) - RPC server for Client  is listening at /0.0.0.0:15000
2024-01-14 08:11:09,012 [IPC Server Responder] INFO  ipc.Server (Server.java:run(1562)) - IPC Server Responder: starting
2024-01-14 08:11:09,012 [IPC Server listener on 15000] INFO  ipc.Server (Server.java:run(1402)) - IPC Server listener on 15000: starting
2024-01-14 08:11:09,040 [main] INFO  server.StorageContainerManager (StorageContainerManager.java:start(1559)) - ScmBlockLocationProtocol RPC server is listening at /0.0.0.0:15001
2024-01-14 08:11:09,042 [main] INFO  server.SCMBlockProtocolServer (SCMBlockProtocolServer.java:start(160)) - RPC server for Block Protocol is listening at /0.0.0.0:15001
2024-01-14 08:11:09,042 [IPC Server Responder] INFO  ipc.Server (Server.java:run(1562)) - IPC Server Responder: starting
2024-01-14 08:11:09,042 [IPC Server listener on 15001] INFO  ipc.Server (Server.java:run(1402)) - IPC Server listener on 15001: starting
2024-01-14 08:11:09,051 [main] INFO  server.SCMDatanodeProtocolServer (SCMDatanodeProtocolServer.java:start(194)) - ScmDatanodeProtocol RPC server for DataNodes is listening at /0.0.0.0:15002
2024-01-14 08:11:09,052 [IPC Server Responder] INFO  ipc.Server (Server.java:run(1562)) - IPC Server Responder: starting
2024-01-14 08:11:09,052 [IPC Server listener on 15002] INFO  ipc.Server (Server.java:run(1402)) - IPC Server listener on 15002: starting
2024-01-14 08:11:09,070 [JvmPauseMonitor0] INFO  util.JvmPauseMonitor (JvmPauseMonitor.java:run(146)) - JvmPauseMonitor-2583f957-92f0-4461-bedf-3c798cef980c: Started
2024-01-14 08:11:09,078 [main] INFO  http.BaseHttpServer (BaseHttpServer.java:newHttpServer2BuilderForOzone(223)) - Starting Web-server for scm at: http://0.0.0.0:15003
2024-01-14 08:11:09,078 [main] INFO  http.BaseHttpServer (BaseHttpServer.java:<init>(110)) - Hadoop Security Enabled: false Ozone Security Enabled: false Ozone HTTP Security Enabled: false 
2024-01-14 08:11:09,095 [main] INFO  util.log (Log.java:initialized(170)) - Logging initialized @3557ms to org.eclipse.jetty.util.log.Slf4jLog
2024-01-14 08:11:09,163 [main] WARN  server.AuthenticationFilter (AuthenticationFilter.java:constructSecretProvider(240)) - Unable to initialize FileSignerSecretProvider, falling back to use random secrets. Reason: Could not read signature secret file: /home/runner/hadoop-http-auth-signature-secret
2024-01-14 08:11:09,168 [main] INFO  http.HttpRequestLog (HttpRequestLog.java:getRequestLog(86)) - Http request log for http.requests.scm is not defined
2024-01-14 08:11:09,174 [main] INFO  http.HttpServer2 (HttpServer2.java:addGlobalFilter(1036)) - Added global filter 'safety' (class=org.apache.hadoop.hdds.server.http.HttpServer2$QuotingInputFilter)
2024-01-14 08:11:09,176 [main] INFO  http.HttpServer2 (HttpServer2.java:addFilter(1012)) - Added filter static_user_filter (class=org.apache.hadoop.http.lib.StaticUserWebFilter$StaticUserFilter) to context scm
2024-01-14 08:11:09,176 [main] INFO  http.HttpServer2 (HttpServer2.java:addFilter(1020)) - Added filter static_user_filter (class=org.apache.hadoop.http.lib.StaticUserWebFilter$StaticUserFilter) to context logs
2024-01-14 08:11:09,177 [main] INFO  http.HttpServer2 (HttpServer2.java:addFilter(1020)) - Added filter static_user_filter (class=org.apache.hadoop.http.lib.StaticUserWebFilter$StaticUserFilter) to context static
2024-01-14 08:11:09,204 [main] INFO  http.BaseHttpServer (BaseHttpServer.java:<init>(189)) - HTTP server of scm uses base directory /home/runner/work/ozone/ozone/hadoop-ozone/integration-test/target/test-dir/MiniOzoneClusterImpl-d05e4a2c-755f-4d37-936b-30aea24b9535/ozone-meta/webserver
2024-01-14 08:11:09,205 [main] INFO  http.HttpServer2 (HttpServer2.java:bindListener(1236)) - Jetty bound to port 15003
2024-01-14 08:11:09,207 [main] INFO  server.Server (Server.java:doStart(375)) - jetty-9.4.53.v20231009; built: 2023-10-09T12:29:09.265Z; git: 27bde00a0b95a1d5bbee0eae7984f891d2d0f8c9; jvm 1.8.0_392-b08
2024-01-14 08:11:09,227 [main] INFO  server.session (DefaultSessionIdManager.java:doStart(334)) - DefaultSessionIdManager workerName=node0
2024-01-14 08:11:09,227 [main] INFO  server.session (DefaultSessionIdManager.java:doStart(339)) - No SessionScavenger set, using defaults
2024-01-14 08:11:09,229 [main] INFO  server.session (HouseKeeper.java:startScavenging(132)) - node0 Scavenging every 660000ms
2024-01-14 08:11:09,239 [main] INFO  handler.ContextHandler (ContextHandler.java:doStart(921)) - Started o.e.j.s.ServletContextHandler@53d3d604{logs,/logs,file:///home/runner/work/ozone/ozone/hadoop-ozone/integration-test/target/log,AVAILABLE}
2024-01-14 08:11:09,240 [main] INFO  handler.ContextHandler (ContextHandler.java:doStart(921)) - Started o.e.j.s.ServletContextHandler@6ee34fe4{static,/static,file:///home/runner/work/ozone/ozone/hadoop-ozone/integration-test/target/test-classes/webapps/static,AVAILABLE}
2024-01-14 08:11:09,275 [main] INFO  handler.ContextHandler (ContextHandler.java:doStart(921)) - Started o.e.j.w.WebAppContext@3f803fae{scm,/,file:///home/runner/work/ozone/ozone/hadoop-ozone/integration-test/target/test-classes/webapps/scm/,AVAILABLE}{file:/home/runner/work/ozone/ozone/hadoop-ozone/integration-test/target/test-classes/webapps/scm}
2024-01-14 08:11:09,282 [main] INFO  server.AbstractConnector (AbstractConnector.java:doStart(333)) - Started ServerConnector@b257072{HTTP/1.1, (http/1.1)}{0.0.0.0:15003}
2024-01-14 08:11:09,283 [main] INFO  server.Server (Server.java:doStart(415)) - Started @3745ms
2024-01-14 08:11:09,285 [main] INFO  impl.MetricsSinkAdapter (MetricsSinkAdapter.java:start(204)) - Sink prometheus started
2024-01-14 08:11:09,285 [main] INFO  impl.MetricsSystemImpl (MetricsSystemImpl.java:registerSink(305)) - Registered sink prometheus
2024-01-14 08:11:09,286 [main] INFO  http.BaseHttpServer (BaseHttpServer.java:updateConnectorAddress(354)) - HTTP server of scm listening at http://0.0.0.0:15003
2024-01-14 08:11:09,290 [main] WARN  server.ServerUtils (ServerUtils.java:getDBPath(311)) - ozone.om.db.dirs is not configured. We recommend adding this setting. Falling back to ozone.metadata.dirs instead.
2024-01-14 08:11:09,352 [main] INFO  audit.AuditLogger (AuditLogger.java:refreshDebugCmdSet(130)) - Refresh DebugCmdSet for OMAudit to [].
2024-01-14 08:11:09,423 [main] INFO  ha.OMHANodeDetails (OMHANodeDetails.java:loadOMHAConfig(115)) - ozone.om.internal.service.id is not defined, falling back to ozone.om.service.ids to find serviceID for OzoneManager if it is HA enabled cluster
2024-01-14 08:11:09,426 [main] INFO  ha.OMHANodeDetails (OMHANodeDetails.java:loadOMHAConfig(226)) - Configuration does not have ozone.om.address set. Falling back to the default OM address /127.0.0.1:15004
2024-01-14 08:11:09,426 [main] INFO  ha.OMHANodeDetails (OMHANodeDetails.java:getOMNodeDetailsForNonHA(254)) - OM Service ID is not set. Setting it to the default ID: omServiceIdDefault
2024-01-14 08:11:09,426 [main] INFO  ha.OMHANodeDetails (OMHANodeDetails.java:getOMNodeDetailsForNonHA(261)) - OM Node ID is not set. Setting it to the default ID: om1
2024-01-14 08:11:09,430 [main] WARN  server.ServerUtils (ServerUtils.java:getDBPath(311)) - ozone.om.db.dirs is not configured. We recommend adding this setting. Falling back to ozone.metadata.dirs instead.
2024-01-14 08:11:09,433 [main] INFO  upgrade.AbstractLayoutVersionManager (AbstractLayoutVersionManager.java:init(83)) - Initializing Layout version manager with metadata layout = QUOTA (version = 6), software layout = QUOTA (version = 6)
2024-01-14 08:11:09,502 [main] INFO  upgrade.OMLayoutVersionManager (OMLayoutVersionManager.java:lambda$0(113)) - Skipping Upgrade Action MockOmUpgradeAction since it has been finalized.
2024-01-14 08:11:09,503 [main] INFO  upgrade.OMLayoutVersionManager (OMLayoutVersionManager.java:lambda$0(113)) - Skipping Upgrade Action QuotaRepairUpgradeAction since it has been finalized.
2024-01-14 08:11:09,505 [main] WARN  server.ServerUtils (ServerUtils.java:getDBPath(311)) - ozone.om.db.dirs is not configured. We recommend adding this setting. Falling back to ozone.metadata.dirs instead.
2024-01-14 08:11:09,640 [main] INFO  proxy.SCMBlockLocationFailoverProxyProvider (SCMBlockLocationFailoverProxyProvider.java:<init>(115)) - Created block location fail-over proxy with 1 nodes: [nodeId=scmNodeId,nodeAddress=/0.0.0.0:15001]
2024-01-14 08:11:09,664 [main] INFO  proxy.SCMBlockLocationFailoverProxyProvider (SCMBlockLocationFailoverProxyProvider.java:<init>(115)) - Created block location fail-over proxy with 1 nodes: [nodeId=scmNodeId,nodeAddress=/0.0.0.0:15001]
2024-01-14 08:11:09,807 [main] INFO  om.OzoneManager (OzoneManager.java:<init>(673)) - OM start with adminUsers: [runner]
2024-01-14 08:11:09,821 [main] WARN  server.ServerUtils (ServerUtils.java:getDBPath(311)) - ozone.om.db.dirs is not configured. We recommend adding this setting. Falling back to ozone.metadata.dirs instead.
2024-01-14 08:11:09,842 [main] INFO  helpers.OmKeyInfo (OmKeyInfo.java:getCodec(71)) - OmKeyInfo.getCodec ignorePipeline = true
2024-01-14 08:11:10,092 [main] INFO  om.OzoneManager (OzoneManager.java:instantiateServices(805)) - S3 Multi-Tenancy is disabled
2024-01-14 08:11:10,120 [main] INFO  om.OmSnapshotManager (OmSnapshotManager.java:<init>(176)) - Ozone filesystem snapshot feature is enabled.
2024-01-14 08:11:10,127 [main] WARN  server.ServerUtils (ServerUtils.java:getDBPath(311)) - ozone.om.snapshot.diff.db.dir is not configured. We recommend adding this setting. Falling back to ozone.metadata.dirs instead.
2024-01-14 08:11:10,164 [main] INFO  utils.NativeLibraryLoader (NativeLibraryLoader.java:loadLibrary(108)) - Loading Library: ozone_rocksdb_tools
2024-01-14 08:11:10,165 [main] INFO  snapshot.SnapshotDiffManager (SnapshotDiffManager.java:closeExecutorService(1688)) - Shutting down executorService: 'SstDumpToolExecutor'
2024-01-14 08:11:10,207 [main] INFO  om.OzoneManager (OzoneManager.java:addS3GVolumeToDB(4429)) - Created Volume s3v With Owner runner required for S3Gateway operations.
2024-01-14 08:11:10,257 [main] WARN  server.ServerUtils (ServerUtils.java:getDefaultRatisDirectory(323)) - Storage directory for Ratis is not configured. It is a good idea to map this to an SSD disk. Falling back to ozone.metadata.dirs
2024-01-14 08:11:10,258 [main] WARN  utils.OzoneManagerRatisUtils (OzoneManagerRatisUtils.java:getOMRatisSnapshotDirectory(473)) - ozone.om.ratis.snapshot.dir is not configured. Falling back to ozone.metadata.dirs config
2024-01-14 08:11:10,265 [main] WARN  server.ServerUtils (ServerUtils.java:getDefaultRatisDirectory(323)) - Storage directory for Ratis is not configured. It is a good idea to map this to an SSD disk. Falling back to ozone.metadata.dirs
2024-01-14 08:11:10,282 [main] INFO  ratis.OzoneManagerRatisServer (OzoneManagerRatisServer.java:<init>(167)) - Instantiating OM Ratis server with groupID: omServiceIdDefault and peers: localhost:15007
2024-01-14 08:11:10,289 [main] INFO  ratis.OzoneManagerStateMachine (OzoneManagerStateMachine.java:loadSnapshotInfoFromDB(608)) - TransactionInfo not found in OM DB.
2024-01-14 08:11:10,340 [main] INFO  server.RaftServer (ConfUtils.java:logGet(46)) - raft.rpc.type = GRPC (default)
2024-01-14 08:11:10,348 [main] INFO  grpc.GrpcConfigKeys (ConfUtils.java:logFallback(53)) - raft.grpc.admin.host = null (fallback to raft.grpc.server.host)
2024-01-14 08:11:10,349 [main] INFO  grpc.GrpcConfigKeys (ConfUtils.java:logFallback(53)) - raft.grpc.admin.port = 15007 (fallback to raft.grpc.server.port)
2024-01-14 08:11:10,350 [main] INFO  grpc.GrpcConfigKeys (ConfUtils.java:logFallback(53)) - raft.grpc.client.host = null (fallback to raft.grpc.server.host)
2024-01-14 08:11:10,350 [main] INFO  grpc.GrpcConfigKeys (ConfUtils.java:logFallback(53)) - raft.grpc.client.port = 15007 (fallback to raft.grpc.server.port)
2024-01-14 08:11:10,350 [main] INFO  grpc.GrpcConfigKeys (ConfUtils.java:logGet(46)) - raft.grpc.server.host = null (default)
2024-01-14 08:11:10,351 [main] INFO  grpc.GrpcConfigKeys (ConfUtils.java:logGet(46)) - raft.grpc.server.port = 15007 (custom)
2024-01-14 08:11:10,351 [main] INFO  server.GrpcService (ConfUtils.java:logGet(46)) - raft.grpc.message.size.max = 4194304 (custom)
2024-01-14 08:11:10,352 [main] INFO  server.RaftServerConfigKeys (ConfUtils.java:logGet(46)) - raft.server.log.appender.buffer.byte-limit = 4194304 (custom)
2024-01-14 08:11:10,353 [main] INFO  server.GrpcService (ConfUtils.java:logGet(46)) - raft.grpc.flow.control.window = 1MB (=1048576) (default)
2024-01-14 08:11:10,353 [main] INFO  server.RaftServerConfigKeys (ConfUtils.java:logGet(46)) - raft.server.rpc.request.timeout = 3000ms (default)
2024-01-14 08:11:10,362 [main] INFO  grpc.GrpcConfigKeys (ConfUtils.java:logGet(46)) - raft.grpc.server.heartbeat.channel = true (default)
2024-01-14 08:11:10,365 [main] INFO  grpc.GrpcConfigKeys (ConfUtils.java:logGet(46)) - raft.grpc.server.async.request.thread.pool.cached = true (default)
2024-01-14 08:11:10,365 [main] INFO  grpc.GrpcConfigKeys (ConfUtils.java:logGet(46)) - raft.grpc.server.async.request.thread.pool.size = 32 (default)
2024-01-14 08:11:10,617 [main] INFO  impl.DataStreamServerImpl (ConfUtils.java:logGet(46)) - raft.datastream.type = DISABLED (default)
2024-01-14 08:11:10,619 [main] INFO  server.RaftServerConfigKeys (ConfUtils.java:logGet(46)) - raft.server.sleep.deviation.threshold = 300ms (default)
2024-01-14 08:11:10,620 [main] INFO  server.RaftServerConfigKeys (ConfUtils.java:logGet(46)) - raft.server.close.threshold = 60s (default)
2024-01-14 08:11:10,620 [main] INFO  server.RaftServerConfigKeys (ConfUtils.java:logGet(46)) - raft.server.leaderelection.leader.step-down.wait-time = 10s (default)
2024-01-14 08:11:10,621 [main] INFO  server.RaftServerConfigKeys (ConfUtils.java:logGet(46)) - raft.server.storage.dir = [/home/runner/work/ozone/ozone/hadoop-ozone/integration-test/target/test-dir/MiniOzoneClusterImpl-d05e4a2c-755f-4d37-936b-30aea24b9535/ozone-meta/ratis] (custom)
2024-01-14 08:11:10,622 [main] INFO  server.RaftServerConfigKeys (ConfUtils.java:logGet(46)) - raft.server.threadpool.proxy.cached = true (default)
2024-01-14 08:11:10,622 [main] INFO  server.RaftServerConfigKeys (ConfUtils.java:logGet(46)) - raft.server.threadpool.proxy.size = 0 (default)
2024-01-14 08:11:10,629 [main] INFO  server.RaftServer (RaftServerProxy.java:addNew(100)) - om1: addNew group-C5BA1605619E:[om1|localhost:15007] returns group-C5BA1605619E:java.util.concurrent.CompletableFuture@5397c8da[Not completed]
2024-01-14 08:11:10,629 [main] INFO  om.OzoneManager (OzoneManager.java:initializeRatisServer(2141)) - OzoneManager Ratis server initialized at port 15007
2024-01-14 08:11:10,632 [main] INFO  om.OzoneManager (OzoneManager.java:getRpcServer(1207)) - Creating RPC Server
2024-01-14 08:11:10,645 [om1-groupManagement] INFO  server.RaftServer$Division (RaftServerImpl.java:<init>(256)) - om1: new RaftServerImpl for group-C5BA1605619E:[om1|localhost:15007] with OzoneManagerStateMachine:uninitialized
2024-01-14 08:11:10,653 [om1-groupManagement] INFO  server.RaftServerConfigKeys (ConfUtils.java:logGet(46)) - raft.server.rpc.timeout.min = 1s (custom)
2024-01-14 08:11:10,653 [om1-groupManagement] INFO  server.RaftServerConfigKeys (ConfUtils.java:logGet(46)) - raft.server.rpc.timeout.max = 1200ms (custom)
2024-01-14 08:11:10,653 [om1-groupManagement] INFO  server.RaftServerConfigKeys (ConfUtils.java:logGet(46)) - raft.server.rpc.sleep.time = 25ms (default)
2024-01-14 08:11:10,654 [om1-groupManagement] INFO  server.RaftServerConfigKeys (ConfUtils.java:logGet(46)) - raft.server.rpc.slowness.timeout = 120s (custom)
2024-01-14 08:11:10,654 [om1-groupManagement] INFO  server.RaftServerConfigKeys (ConfUtils.java:logGet(46)) - raft.server.leaderelection.leader.step-down.wait-time = 10s (default)
2024-01-14 08:11:10,654 [om1-groupManagement] INFO  server.RaftServerConfigKeys (ConfUtils.java:logGet(46)) - raft.server.leaderelection.member.majority-add = false (default)
2024-01-14 08:11:10,654 [om1-groupManagement] INFO  server.RaftServerConfigKeys (ConfUtils.java:logGet(46)) - raft.server.sleep.deviation.threshold = 300ms (default)
2024-01-14 08:11:10,660 [om1-groupManagement] INFO  server.RaftServer$Division (ServerState.java:<init>(113)) - om1@group-C5BA1605619E: ConfigurationManager, init=-1: peers:[om1|localhost:15007]|listeners:[], old=null, confs=<EMPTY_MAP>
2024-01-14 08:11:10,665 [om1-groupManagement] INFO  server.RaftServerConfigKeys (ConfUtils.java:logGet(46)) - raft.server.notification.no-leader.timeout = 120s (custom)
2024-01-14 08:11:10,668 [om1-groupManagement] INFO  server.RaftServerConfigKeys (ConfUtils.java:logGet(46)) - raft.server.read.timeout = 10s (default)
2024-01-14 08:11:10,672 [om1-groupManagement] INFO  server.RaftServerConfigKeys (ConfUtils.java:logGet(46)) - raft.server.retrycache.expirytime = 300s (custom)
2024-01-14 08:11:10,672 [om1-groupManagement] INFO  server.RaftServerConfigKeys (ConfUtils.java:logGet(46)) - raft.server.retrycache.statistics.expirytime = 100ms (default)
2024-01-14 08:11:10,675 [om1-groupManagement] INFO  server.RaftServerConfigKeys (ConfUtils.java:logGet(46)) - raft.server.read.option = DEFAULT (default)
2024-01-14 08:11:10,676 [om1-groupManagement] INFO  server.RaftServerConfigKeys (ConfUtils.java:logGet(46)) - raft.server.read.read-after-write-consistent.write-index-cache.expiry-time = 60s (default)
2024-01-14 08:11:10,745 [om1-groupManagement] INFO  server.RaftServerConfigKeys (ConfUtils.java:logGet(46)) - raft.server.rpc.request.timeout = 3000ms (default)
2024-01-14 08:11:10,748 [om1-groupManagement] INFO  server.RaftServerConfigKeys (ConfUtils.java:logGet(46)) - raft.server.log.appender.install.snapshot.enabled = false (custom)
2024-01-14 08:11:10,749 [om1-groupManagement] INFO  server.RaftServerConfigKeys (ConfUtils.java:logGet(46)) - raft.server.threadpool.server.cached = true (default)
2024-01-14 08:11:10,750 [om1-groupManagement] INFO  server.RaftServerConfigKeys (ConfUtils.java:logGet(46)) - raft.server.threadpool.server.size = 0 (default)
2024-01-14 08:11:10,750 [om1-groupManagement] INFO  server.RaftServerConfigKeys (ConfUtils.java:logGet(46)) - raft.server.threadpool.client.cached = true (default)
2024-01-14 08:11:10,752 [om1-groupManagement] INFO  server.RaftServerConfigKeys (ConfUtils.java:logGet(46)) - raft.server.threadpool.client.size = 0 (default)
2024-01-14 08:11:11,314 [main] INFO  ipc.CallQueueManager (CallQueueManager.java:<init>(90)) - Using callQueue: class java.util.concurrent.LinkedBlockingQueue, queueCapacity: 2000, scheduler: class org.apache.hadoop.ipc.DefaultRpcScheduler, ipcBackoff: false.
2024-01-14 08:11:11,315 [main] INFO  ipc.Server (Server.java:<init>(1287)) - Listener at 127.0.0.1:15004
2024-01-14 08:11:11,316 [Socket Reader #1 for port 15004] INFO  ipc.Server (Server.java:run(1323)) - Starting Socket Reader #1 for port 15004
2024-01-14 08:11:11,346 [main] INFO  impl.MetricsSystemImpl (MetricsSystemImpl.java:init(158)) - OzoneManager metrics system started (again)
2024-01-14 08:11:11,356 [main] INFO  om.OzoneManager (OzoneManager.java:start(1629)) - OzoneManager RPC server is listening at localhost/127.0.0.1:15004
2024-01-14 08:11:11,356 [main] INFO  ratis.OzoneManagerRatisServer (OzoneManagerRatisServer.java:start(588)) - Starting OzoneManagerRatisServer om1 at port 15007
2024-01-14 08:11:11,360 [om1-impl-thread1] INFO  server.RaftServerConfigKeys (ConfUtils.java:logGet(46)) - raft.server.storage.free-space.min = 0MB (=0) (default)
2024-01-14 08:11:11,360 [om1-impl-thread1] INFO  server.RaftServerConfigKeys (ConfUtils.java:logGet(46)) - raft.server.log.corruption.policy = EXCEPTION (default)
2024-01-14 08:11:11,360 [om1-impl-thread1] INFO  server.RaftServerConfigKeys (ConfUtils.java:logGet(46)) - raft.server.storage.dir = [/home/runner/work/ozone/ozone/hadoop-ozone/integration-test/target/test-dir/MiniOzoneClusterImpl-d05e4a2c-755f-4d37-936b-30aea24b9535/ozone-meta/ratis] (custom)
2024-01-14 08:11:11,364 [om1-impl-thread1] INFO  storage.RaftStorageDirectory (RaftStorageDirectoryImpl.java:analyzeStorage(138)) - The storage directory /home/runner/work/ozone/ozone/hadoop-ozone/integration-test/target/test-dir/MiniOzoneClusterImpl-d05e4a2c-755f-4d37-936b-30aea24b9535/ozone-meta/ratis/bf265839-605b-3f16-9796-c5ba1605619e does not exist. Creating ...
2024-01-14 08:11:11,367 [om1-impl-thread1] INFO  storage.RaftStorageDirectory (RaftStorageDirectoryImpl.java:tryLock(228)) - Lock on /home/runner/work/ozone/ozone/hadoop-ozone/integration-test/target/test-dir/MiniOzoneClusterImpl-d05e4a2c-755f-4d37-936b-30aea24b9535/ozone-meta/ratis/bf265839-605b-3f16-9796-c5ba1605619e/in_use.lock acquired by nodename 49070@fv-az737-837
2024-01-14 08:11:11,373 [om1-impl-thread1] INFO  storage.RaftStorage (RaftStorageImpl.java:format(99)) - Storage directory /home/runner/work/ozone/ozone/hadoop-ozone/integration-test/target/test-dir/MiniOzoneClusterImpl-d05e4a2c-755f-4d37-936b-30aea24b9535/ozone-meta/ratis/bf265839-605b-3f16-9796-c5ba1605619e has been successfully formatted.
2024-01-14 08:11:11,374 [om1-impl-thread1] WARN  util.FileUtils (LogUtils.java:supplyAndLog(63)) - Failed to Files.newInputStream /home/runner/work/ozone/ozone/hadoop-ozone/integration-test/target/test-dir/MiniOzoneClusterImpl-d05e4a2c-755f-4d37-936b-30aea24b9535/ozone-meta/ratis/bf265839-605b-3f16-9796-c5ba1605619e/current/raft-meta.conf with options []: java.nio.file.NoSuchFileException: /home/runner/work/ozone/ozone/hadoop-ozone/integration-test/target/test-dir/MiniOzoneClusterImpl-d05e4a2c-755f-4d37-936b-30aea24b9535/ozone-meta/ratis/bf265839-605b-3f16-9796-c5ba1605619e/current/raft-meta.conf
2024-01-14 08:11:11,376 [om1-impl-thread1] INFO  server.RaftServerConfigKeys (ConfUtils.java:logGet(46)) - raft.server.log.use.memory = false (default)
2024-01-14 08:11:11,382 [om1-impl-thread1] INFO  server.RaftServerConfigKeys (ConfUtils.java:logGet(46)) - raft.server.log.purge.gap = 1000000 (custom)
2024-01-14 08:11:11,382 [om1-impl-thread1] INFO  server.RaftServerConfigKeys (ConfUtils.java:logGet(46)) - raft.server.log.appender.buffer.byte-limit = 4194304 (custom)
2024-01-14 08:11:11,384 [om1-impl-thread1] INFO  server.RaftServerConfigKeys (ConfUtils.java:logGet(46)) - raft.server.log.statemachine.data.read.timeout = 1000ms (default)
2024-01-14 08:11:11,384 [om1-impl-thread1] INFO  server.RaftServerConfigKeys (ConfUtils.java:logGet(46)) - raft.server.log.purge.preservation.log.num = 0 (default)
2024-01-14 08:11:11,388 [om1-impl-thread1] INFO  server.RaftServerConfigKeys (ConfUtils.java:logGet(46)) - raft.server.log.segment.size.max = 4194304 (custom)
2024-01-14 08:11:11,392 [om1-impl-thread1] INFO  server.RaftServerConfigKeys (ConfUtils.java:logGet(46)) - raft.server.log.segment.cache.num.max = 2 (custom)
2024-01-14 08:11:11,393 [om1-impl-thread1] INFO  server.RaftServerConfigKeys (ConfUtils.java:logGet(46)) - raft.server.log.segment.cache.size.max = 200MB (=209715200) (default)
2024-01-14 08:11:11,393 [om1-impl-thread1] INFO  server.RaftServerConfigKeys (ConfUtils.java:logGet(46)) - raft.server.log.appender.buffer.byte-limit = 4194304 (custom)
2024-01-14 08:11:11,394 [om1-impl-thread1] INFO  util.AwaitToRun (AwaitToRun.java:start(81)) - Thread[om1@group-C5BA1605619E-cacheEviction-AwaitToRun,5,main] started
2024-01-14 08:11:11,398 [om1-impl-thread1] INFO  segmented.SegmentedRaftLogWorker (SegmentedRaftLogWorker.java:<init>(182)) - new om1@group-C5BA1605619E-SegmentedRaftLogWorker for RaftStorageImpl:Storage Directory /home/runner/work/ozone/ozone/hadoop-ozone/integration-test/target/test-dir/MiniOzoneClusterImpl-d05e4a2c-755f-4d37-936b-30aea24b9535/ozone-meta/ratis/bf265839-605b-3f16-9796-c5ba1605619e
2024-01-14 08:11:11,398 [om1-impl-thread1] INFO  server.RaftServerConfigKeys (ConfUtils.java:logGet(46)) - raft.server.log.queue.byte-limit = 64MB (=67108864) (default)
2024-01-14 08:11:11,399 [om1-impl-thread1] INFO  server.RaftServerConfigKeys (ConfUtils.java:logGet(46)) - raft.server.log.queue.element-limit = 4096 (default)
2024-01-14 08:11:11,400 [om1-impl-thread1] INFO  server.RaftServerConfigKeys (ConfUtils.java:logGet(46)) - raft.server.log.segment.size.max = 4194304 (custom)
2024-01-14 08:11:11,401 [om1-impl-thread1] INFO  server.RaftServerConfigKeys (ConfUtils.java:logGet(46)) - raft.server.log.preallocated.size = 4194304 (custom)
2024-01-14 08:11:11,401 [om1-impl-thread1] INFO  server.RaftServerConfigKeys (ConfUtils.java:logGet(46)) - raft.server.log.force.sync.num = 128 (default)
2024-01-14 08:11:11,401 [om1-impl-thread1] INFO  server.RaftServerConfigKeys (ConfUtils.java:logGet(46)) - raft.server.log.statemachine.data.sync = true (default)
2024-01-14 08:11:11,402 [om1-impl-thread1] INFO  server.RaftServerConfigKeys (ConfUtils.java:logGet(46)) - raft.server.log.statemachine.data.sync.timeout = 10s (default)
2024-01-14 08:11:11,402 [om1-impl-thread1] INFO  server.RaftServerConfigKeys (ConfUtils.java:logGet(46)) - raft.server.log.statemachine.data.sync.timeout.retry = -1 (default)
2024-01-14 08:11:11,404 [om1-impl-thread1] INFO  server.RaftServerConfigKeys (ConfUtils.java:logGet(46)) - raft.server.log.write.buffer.size = 4194312 (custom)
2024-01-14 08:11:11,405 [om1-impl-thread1] INFO  server.RaftServerConfigKeys (ConfUtils.java:logGet(46)) - raft.server.log.appender.buffer.byte-limit = 4194304 (custom)
2024-01-14 08:11:11,405 [om1-impl-thread1] INFO  server.RaftServerConfigKeys (ConfUtils.java:logGet(46)) - raft.server.log.unsafe-flush.enabled = false (default)
2024-01-14 08:11:11,405 [om1-impl-thread1] INFO  server.RaftServerConfigKeys (ConfUtils.java:logGet(46)) - raft.server.log.async-flush.enabled = false (default)
2024-01-14 08:11:11,406 [om1-impl-thread1] INFO  server.RaftServerConfigKeys (ConfUtils.java:logGet(46)) - raft.server.log.statemachine.data.caching.enabled = false (default)
2024-01-14 08:11:11,409 [om1-impl-thread1] INFO  segmented.SegmentedRaftLogWorker (SegmentedRaftLogWorker.java:lambda$new$0(134)) - om1@group-C5BA1605619E-SegmentedRaftLogWorker: flushIndex: setUnconditionally 0 -> -1
2024-01-14 08:11:11,409 [om1-impl-thread1] INFO  segmented.SegmentedRaftLogWorker (SegmentedRaftLogWorker.java:lambda$new$0(134)) - om1@group-C5BA1605619E-SegmentedRaftLogWorker: safeCacheEvictIndex: setUnconditionally 0 -> -1
2024-01-14 08:11:11,410 [om1-impl-thread1] INFO  server.RaftServer$Division (RaftServerImpl.java:start(396)) - om1@group-C5BA1605619E: start as a follower, conf=-1: peers:[om1|localhost:15007]|listeners:[], old=null
2024-01-14 08:11:11,411 [om1-impl-thread1] INFO  server.RaftServer$Division (RaftServerImpl.java:setRole(383)) - om1@group-C5BA1605619E: changes role from      null to FOLLOWER at term 0 for startAsFollower
2024-01-14 08:11:11,412 [om1-impl-thread1] INFO  impl.RoleInfo (RoleInfo.java:updateAndGet(139)) - om1: start om1@group-C5BA1605619E-FollowerState
2024-01-14 08:11:11,413 [om1@group-C5BA1605619E-FollowerState] INFO  server.RaftServerConfigKeys (ConfUtils.java:logFallback(53)) - raft.server.rpc.first-election.timeout.min = 1s (fallback to raft.server.rpc.timeout.min)
2024-01-14 08:11:11,413 [om1@group-C5BA1605619E-FollowerState] INFO  server.RaftServerConfigKeys (ConfUtils.java:logFallback(53)) - raft.server.rpc.first-election.timeout.max = 1200ms (fallback to raft.server.rpc.timeout.max)
2024-01-14 08:11:11,414 [om1-impl-thread1] INFO  util.JmxRegister (JmxRegister.java:tryRegister(44)) - Successfully registered JMX Bean with object name Ratis:service=RaftServer,group=group-C5BA1605619E,id=om1
2024-01-14 08:11:11,415 [om1-impl-thread1] INFO  server.RaftServerConfigKeys (ConfUtils.java:logGet(46)) - raft.server.snapshot.trigger-when-stop.enabled = true (default)
2024-01-14 08:11:11,415 [om1-impl-thread1] INFO  server.RaftServerConfigKeys (ConfUtils.java:logGet(46)) - raft.server.snapshot.auto.trigger.enabled = true (custom)
2024-01-14 08:11:11,416 [om1-impl-thread1] INFO  server.RaftServerConfigKeys (ConfUtils.java:logGet(46)) - raft.server.snapshot.auto.trigger.threshold = 400000 (default)
2024-01-14 08:11:11,416 [om1-impl-thread1] INFO  server.RaftServerConfigKeys (ConfUtils.java:logGet(46)) - raft.server.snapshot.retention.file.num = -1 (default)
2024-01-14 08:11:11,416 [om1-impl-thread1] INFO  server.RaftServerConfigKeys (ConfUtils.java:logGet(46)) - raft.server.log.purge.upto.snapshot.index = true (custom)
2024-01-14 08:11:11,419 [main] INFO  server.RaftServer (RaftServerProxy.java:startImpl(406)) - om1: start RPC server
2024-01-14 08:11:11,451 [main] INFO  server.GrpcService (GrpcService.java:startImpl(302)) - om1: GrpcService started, listening on 15007
2024-01-14 08:11:11,451 [JvmPauseMonitor1] INFO  util.JvmPauseMonitor (JvmPauseMonitor.java:run(146)) - JvmPauseMonitor-om1: Started
2024-01-14 08:11:11,452 [main] INFO  om.OzoneManager (OzoneManager.java:start(1645)) - Version File has different layout version (6) than OM DB (null). That is expected if this OM has never been finalized to a newer layout version.
2024-01-14 08:11:11,477 [main] INFO  http.BaseHttpServer (BaseHttpServer.java:newHttpServer2BuilderForOzone(223)) - Starting Web-server for ozoneManager at: http://0.0.0.0:15005
2024-01-14 08:11:11,477 [main] INFO  http.BaseHttpServer (BaseHttpServer.java:<init>(110)) - Hadoop Security Enabled: false Ozone Security Enabled: false Ozone HTTP Security Enabled: false 
2024-01-14 08:11:11,479 [main] WARN  server.AuthenticationFilter (AuthenticationFilter.java:constructSecretProvider(240)) - Unable to initialize FileSignerSecretProvider, falling back to use random secrets. Reason: Could not read signature secret file: /home/runner/hadoop-http-auth-signature-secret
2024-01-14 08:11:11,481 [main] INFO  http.HttpRequestLog (HttpRequestLog.java:getRequestLog(86)) - Http request log for http.requests.ozoneManager is not defined
2024-01-14 08:11:11,483 [main] INFO  http.HttpServer2 (HttpServer2.java:addGlobalFilter(1036)) - Added global filter 'safety' (class=org.apache.hadoop.hdds.server.http.HttpServer2$QuotingInputFilter)
2024-01-14 08:11:11,484 [main] INFO  http.HttpServer2 (HttpServer2.java:addFilter(1012)) - Added filter static_user_filter (class=org.apache.hadoop.http.lib.StaticUserWebFilter$StaticUserFilter) to context ozoneManager
2024-01-14 08:11:11,484 [main] INFO  http.HttpServer2 (HttpServer2.java:addFilter(1020)) - Added filter static_user_filter (class=org.apache.hadoop.http.lib.StaticUserWebFilter$StaticUserFilter) to context logs
2024-01-14 08:11:11,484 [main] INFO  http.HttpServer2 (HttpServer2.java:addFilter(1020)) - Added filter static_user_filter (class=org.apache.hadoop.http.lib.StaticUserWebFilter$StaticUserFilter) to context static
2024-01-14 08:11:11,486 [main] INFO  http.BaseHttpServer (BaseHttpServer.java:<init>(189)) - HTTP server of ozoneManager uses base directory /home/runner/work/ozone/ozone/hadoop-ozone/integration-test/target/test-dir/MiniOzoneClusterImpl-d05e4a2c-755f-4d37-936b-30aea24b9535/ozone-meta/webserver
2024-01-14 08:11:11,489 [main] INFO  http.HttpServer2 (HttpServer2.java:bindListener(1236)) - Jetty bound to port 15005
2024-01-14 08:11:11,489 [main] INFO  server.Server (Server.java:doStart(375)) - jetty-9.4.53.v20231009; built: 2023-10-09T12:29:09.265Z; git: 27bde00a0b95a1d5bbee0eae7984f891d2d0f8c9; jvm 1.8.0_392-b08
2024-01-14 08:11:11,491 [main] INFO  server.session (DefaultSessionIdManager.java:doStart(334)) - DefaultSessionIdManager workerName=node0
2024-01-14 08:11:11,492 [main] INFO  server.session (DefaultSessionIdManager.java:doStart(339)) - No SessionScavenger set, using defaults
2024-01-14 08:11:11,492 [main] INFO  server.session (HouseKeeper.java:startScavenging(132)) - node0 Scavenging every 660000ms
2024-01-14 08:11:11,493 [main] INFO  handler.ContextHandler (ContextHandler.java:doStart(921)) - Started o.e.j.s.ServletContextHandler@776147b4{logs,/logs,file:///home/runner/work/ozone/ozone/hadoop-ozone/integration-test/target/log,AVAILABLE}
2024-01-14 08:11:11,494 [main] INFO  handler.ContextHandler (ContextHandler.java:doStart(921)) - Started o.e.j.s.ServletContextHandler@5fb927a2{static,/static,file:///home/runner/work/ozone/ozone/hadoop-ozone/integration-test/target/test-classes/webapps/static,AVAILABLE}
2024-01-14 08:11:11,498 [main] INFO  handler.ContextHandler (ContextHandler.java:doStart(921)) - Started o.e.j.w.WebAppContext@468df75b{ozoneManager,/,file:///home/runner/work/ozone/ozone/hadoop-ozone/integration-test/target/test-classes/webapps/ozoneManager/,AVAILABLE}{file:/home/runner/work/ozone/ozone/hadoop-ozone/integration-test/target/test-classes/webapps/ozoneManager}
2024-01-14 08:11:11,502 [main] INFO  server.AbstractConnector (AbstractConnector.java:doStart(333)) - Started ServerConnector@43a99a43{HTTP/1.1, (http/1.1)}{0.0.0.0:15005}
2024-01-14 08:11:11,502 [main] INFO  server.Server (Server.java:doStart(415)) - Started @5964ms
2024-01-14 08:11:11,502 [main] WARN  impl.MetricsSystemImpl (MetricsSystemImpl.java:register(279)) - Sink prometheus already exists!
2024-01-14 08:11:11,503 [main] INFO  http.BaseHttpServer (BaseHttpServer.java:updateConnectorAddress(354)) - HTTP server of ozoneManager listening at http://0.0.0.0:15005
2024-01-14 08:11:11,503 [IPC Server Responder] INFO  ipc.Server (Server.java:run(1562)) - IPC Server Responder: starting
2024-01-14 08:11:11,505 [IPC Server listener on 15004] INFO  ipc.Server (Server.java:run(1402)) - IPC Server listener on 15004: starting
2024-01-14 08:11:11,509 [main] INFO  om.OzoneManager (OzoneManager.java:startTrashEmptier(2094)) - Trash Interval set to 0. Files deleted won't move to trash
2024-01-14 08:11:11,615 [main] INFO  db.CodecBuffer (CodecBuffer.java:set(62)) - Successfully set constructor to org.apache.hadoop.hdds.utils.db.CodecBuffer$$Lambda$983/891000096@3de064e0
2024-01-14 08:11:11,616 [main] WARN  dropwizard3.Dm3MetricRegistriesImpl (Dm3MetricRegistriesImpl.java:addReporterRegistration(113)) - New reporters are added after registries were created. Some metrics will be missing from the reporter. Please add reporter before adding any new registry.
2024-01-14 08:11:11,616 [main] WARN  dropwizard3.Dm3MetricRegistriesImpl (Dm3MetricRegistriesImpl.java:addReporterRegistration(113)) - New reporters are added after registries were created. Some metrics will be missing from the reporter. Please add reporter before adding any new registry.
2024-01-14 08:11:11,616 [main] INFO  impl.MetricsSystemImpl (MetricsSystemImpl.java:init(158)) - HddsDatanode metrics system started (again)
2024-01-14 08:11:11,632 [main] INFO  ozone.HddsDatanodeService (HddsDatanodeService.java:start(239)) - HddsDatanodeService host:fv-az737-837 ip:10.1.0.100
2024-01-14 08:11:11,660 [main] INFO  upgrade.AbstractLayoutVersionManager (AbstractLayoutVersionManager.java:init(83)) - Initializing Layout version manager with metadata layout = HADOOP_PRC_PORTS_IN_DATANODEDETAILS (version = 7), software layout = HADOOP_PRC_PORTS_IN_DATANODEDETAILS (version = 7)
2024-01-14 08:11:11,662 [main] INFO  statemachine.DatanodeStateMachine (DatanodeStateMachine.java:getEndPointTaskThreadPoolSize(299)) - Datanode State Machine Task Thread Pool size 2
2024-01-14 08:11:11,706 [main] INFO  volume.HddsVolume (HddsVolume.java:<init>(125)) - Creating HddsVolume: /home/runner/work/ozone/ozone/hadoop-ozone/integration-test/target/test-dir/MiniOzoneClusterImpl-d05e4a2c-755f-4d37-936b-30aea24b9535/datanode-0/data-0/containers/hdds of storage type : DISK capacity : 9223372036854775807
2024-01-14 08:11:11,708 [main] INFO  volume.MutableVolumeSet (MutableVolumeSet.java:initializeVolumeSet(173)) - Added Volume : /home/runner/work/ozone/ozone/hadoop-ozone/integration-test/target/test-dir/MiniOzoneClusterImpl-d05e4a2c-755f-4d37-936b-30aea24b9535/datanode-0/data-0/containers/hdds to VolumeSet
2024-01-14 08:11:11,712 [main] INFO  volume.MutableVolumeSet (MutableVolumeSet.java:initializeVolumeSet(173)) - Added Volume : /home/runner/work/ozone/ozone/hadoop-ozone/integration-test/target/test-dir/MiniOzoneClusterImpl-d05e4a2c-755f-4d37-936b-30aea24b9535/datanode-0/data/ratis to VolumeSet
2024-01-14 08:11:11,715 [main] INFO  ozoneimpl.OzoneContainer (HddsVolumeUtil.java:loadAllHddsVolumeDbStore(103)) - Load 1 volumes DbStore cost: 1ms
2024-01-14 08:11:11,722 [577443f1-fefe-41e6-ac50-50037dc50964-ContainerReader-0] INFO  ozoneimpl.ContainerReader (ContainerReader.java:readVolume(178)) - Finish verifying containers on volume /home/runner/work/ozone/ozone/hadoop-ozone/integration-test/target/test-dir/MiniOzoneClusterImpl-d05e4a2c-755f-4d37-936b-30aea24b9535/datanode-0/data-0/containers/hdds
2024-01-14 08:11:11,722 [main] INFO  ozoneimpl.OzoneContainer (OzoneContainer.java:buildContainerSet(328)) - Build ContainerSet costs 0s
2024-01-14 08:11:11,759 [main] INFO  audit.AuditLogger (AuditLogger.java:refreshDebugCmdSet(130)) - Refresh DebugCmdSet for DNAudit to [].
2024-01-14 08:11:11,778 [main] INFO  server.RaftServer (ConfUtils.java:logGet(46)) - raft.rpc.type = GRPC (default)
2024-01-14 08:11:11,778 [main] INFO  grpc.GrpcConfigKeys (ConfUtils.java:logFallback(53)) - raft.grpc.admin.host = null (fallback to raft.grpc.server.host)
2024-01-14 08:11:11,779 [main] INFO  grpc.GrpcConfigKeys (ConfUtils.java:logGet(46)) - raft.grpc.admin.port = 15013 (custom)
2024-01-14 08:11:11,779 [main] INFO  grpc.GrpcConfigKeys (ConfUtils.java:logFallback(53)) - raft.grpc.client.host = null (fallback to raft.grpc.server.host)
2024-01-14 08:11:11,779 [main] INFO  grpc.GrpcConfigKeys (ConfUtils.java:logGet(46)) - raft.grpc.client.port = 15012 (custom)
2024-01-14 08:11:11,779 [main] INFO  grpc.GrpcConfigKeys (ConfUtils.java:logGet(46)) - raft.grpc.server.host = null (default)
2024-01-14 08:11:11,779 [main] INFO  grpc.GrpcConfigKeys (ConfUtils.java:logGet(46)) - raft.grpc.server.port = 15014 (custom)
2024-01-14 08:11:11,780 [main] INFO  server.GrpcService (ConfUtils.java:logGet(46)) - raft.grpc.message.size.max = 32MB (=33554432) (custom)
2024-01-14 08:11:11,780 [main] INFO  server.RaftServerConfigKeys (ConfUtils.java:logGet(46)) - raft.server.log.appender.buffer.byte-limit = 8388608 (custom)
2024-01-14 08:11:11,780 [main] INFO  server.GrpcService (ConfUtils.java:logGet(46)) - raft.grpc.flow.control.window = 5MB (=5242880) (custom)
2024-01-14 08:11:11,780 [main] INFO  server.RaftServerConfigKeys (ConfUtils.java:logGet(46)) - raft.server.rpc.request.timeout = 3000ms (default)
2024-01-14 08:11:11,780 [main] INFO  grpc.GrpcConfigKeys (ConfUtils.java:logGet(46)) - raft.grpc.server.heartbeat.channel = true (default)
2024-01-14 08:11:11,781 [main] INFO  grpc.GrpcConfigKeys (ConfUtils.java:logGet(46)) - raft.grpc.server.async.request.thread.pool.cached = true (default)
2024-01-14 08:11:11,781 [main] INFO  grpc.GrpcConfigKeys (ConfUtils.java:logGet(46)) - raft.grpc.server.async.request.thread.pool.size = 32 (default)
2024-01-14 08:11:11,783 [main] INFO  impl.DataStreamServerImpl (ConfUtils.java:logGet(46)) - raft.datastream.type = NETTY (custom)
2024-01-14 08:11:11,792 [main] INFO  server.RaftServerConfigKeys (ConfUtils.java:logGet(46)) - raft.server.data-stream.async.request.thread.pool.cached = false (default)
2024-01-14 08:11:11,793 [main] INFO  server.RaftServerConfigKeys (ConfUtils.java:logGet(46)) - raft.server.data-stream.async.request.thread.pool.size = 20 (custom)
2024-01-14 08:11:11,793 [main] INFO  server.RaftServerConfigKeys (ConfUtils.java:logGet(46)) - raft.server.data-stream.async.write.thread.pool.size = 16 (default)
2024-01-14 08:11:11,794 [main] INFO  netty.NettyConfigKeys$DataStream (ConfUtils.java:logGet(46)) - raft.netty.dataStream.server.channel.inactive.grace-period = 10min (default)
2024-01-14 08:11:11,795 [main] INFO  server.RaftServerConfigKeys (ConfUtils.java:logGet(46)) - raft.server.data-stream.client.pool.size = 10 (default)
2024-01-14 08:11:11,796 [main] INFO  netty.NettyConfigKeys$DataStream (ConfUtils.java:logGet(46)) - raft.netty.dataStream.server.use-epoll = true (default)
2024-01-14 08:11:11,797 [main] INFO  netty.NettyConfigKeys$DataStream (ConfUtils.java:logGet(46)) - raft.netty.dataStream.server.boss-group.size = 0 (default)
2024-01-14 08:11:11,798 [main] INFO  netty.NettyUtils (NettyUtils.java:newEventLoopGroup(69)) - Create EpollEventLoopGroup for 577443f1-fefe-41e6-ac50-50037dc50964-NettyServerStreamRpc-bossGroup; Thread size is 0.
2024-01-14 08:11:11,816 [main] INFO  netty.NettyConfigKeys$DataStream (ConfUtils.java:logGet(46)) - raft.netty.dataStream.server.worker-group.size = 0 (default)
2024-01-14 08:11:11,816 [main] INFO  netty.NettyUtils (NettyUtils.java:newEventLoopGroup(69)) - Create EpollEventLoopGroup for 577443f1-fefe-41e6-ac50-50037dc50964-NettyServerStreamRpc-workerGroup; Thread size is 0.
2024-01-14 08:11:11,817 [main] INFO  netty.NettyConfigKeys$DataStream (ConfUtils.java:logGet(46)) - raft.netty.dataStream.server.tls.conf = null (default)
2024-01-14 08:11:11,818 [main] INFO  netty.NettyConfigKeys$DataStream (ConfUtils.java:logGet(46)) - raft.netty.dataStream.host = null (default)
2024-01-14 08:11:11,819 [main] INFO  netty.NettyConfigKeys$DataStream (ConfUtils.java:logGet(46)) - raft.netty.dataStream.port = 15015 (custom)
2024-01-14 08:11:11,823 [main] INFO  server.RaftServerConfigKeys (ConfUtils.java:logGet(46)) - raft.server.sleep.deviation.threshold = 300ms (default)
2024-01-14 08:11:11,823 [main] INFO  server.RaftServerConfigKeys (ConfUtils.java:logGet(46)) - raft.server.close.threshold = 60s (default)
2024-01-14 08:11:11,823 [main] INFO  server.RaftServerConfigKeys (ConfUtils.java:logGet(46)) - raft.server.leaderelection.leader.step-down.wait-time = 10s (default)
2024-01-14 08:11:11,824 [main] INFO  server.RaftServerConfigKeys (ConfUtils.java:logGet(46)) - raft.server.storage.dir = [/home/runner/work/ozone/ozone/hadoop-ozone/integration-test/target/test-dir/MiniOzoneClusterImpl-d05e4a2c-755f-4d37-936b-30aea24b9535/datanode-0/data/ratis] (custom)
2024-01-14 08:11:11,824 [main] INFO  server.RaftServerConfigKeys (ConfUtils.java:logGet(46)) - raft.server.threadpool.proxy.cached = true (default)
2024-01-14 08:11:11,824 [main] INFO  server.RaftServerConfigKeys (ConfUtils.java:logGet(46)) - raft.server.threadpool.proxy.size = 0 (default)
2024-01-14 08:11:11,825 [577443f1-fefe-41e6-ac50-50037dc50964-impl-thread1] INFO  server.RaftServer (RaftServerProxy.java:initGroupDir(264)) - 577443f1-fefe-41e6-ac50-50037dc50964: found a subdirectory /home/runner/work/ozone/ozone/hadoop-ozone/integration-test/target/test-dir/MiniOzoneClusterImpl-d05e4a2c-755f-4d37-936b-30aea24b9535/datanode-0/data/ratis/tmp
2024-01-14 08:11:11,825 [577443f1-fefe-41e6-ac50-50037dc50964-impl-thread1] INFO  server.RaftServer (RaftServerProxy.java:initGroupDir(269)) - 577443f1-fefe-41e6-ac50-50037dc50964: The directory /home/runner/work/ozone/ozone/hadoop-ozone/integration-test/target/test-dir/MiniOzoneClusterImpl-d05e4a2c-755f-4d37-936b-30aea24b9535/datanode-0/data/ratis/tmp is not a group directory; ignoring it. 
2024-01-14 08:11:11,828 [main] INFO  replication.ReplicationServer (ReplicationServer.java:<init>(85)) - Initializing replication server with thread count = 10 queue length = 4096
2024-01-14 08:11:11,833 [577443f1-fefe-41e6-ac50-50037dc50964-NettyServerStreamRpc-bossGroup--thread1] INFO  logging.LoggingHandler (AbstractInternalLogger.java:log(148)) - [id: 0x8fc53fb7] REGISTERED
2024-01-14 08:11:11,833 [577443f1-fefe-41e6-ac50-50037dc50964-NettyServerStreamRpc-bossGroup--thread1] INFO  logging.LoggingHandler (AbstractInternalLogger.java:log(148)) - [id: 0x8fc53fb7] BIND: 0.0.0.0/0.0.0.0:15015
2024-01-14 08:11:11,833 [577443f1-fefe-41e6-ac50-50037dc50964-NettyServerStreamRpc-bossGroup--thread1] INFO  logging.LoggingHandler (AbstractInternalLogger.java:log(148)) - [id: 0x8fc53fb7, L:/0.0.0.0:15015] ACTIVE
2024-01-14 08:11:11,843 [main] INFO  server.XceiverServerGrpc (XceiverServerGrpc.java:<init>(141)) - GrpcServer channel type EpollServerSocketChannel
2024-01-14 08:11:11,905 [main] INFO  replication.ReplicationSupervisor (ReplicationSupervisor.java:build(163)) - Initializing replication supervisor with thread count = 10
2024-01-14 08:11:11,906 [main] INFO  replication.ReplicationSupervisor (ReplicationSupervisor.java:nodeStateUpdated(317)) - Node state updated to IN_SERVICE, scaling executor pool size to 10
2024-01-14 08:11:11,945 [main] INFO  http.BaseHttpServer (BaseHttpServer.java:newHttpServer2BuilderForOzone(223)) - Starting Web-server for hddsDatanode at: http://0.0.0.0:15009
2024-01-14 08:11:11,945 [main] INFO  http.BaseHttpServer (BaseHttpServer.java:<init>(110)) - Hadoop Security Enabled: false Ozone Security Enabled: false Ozone HTTP Security Enabled: false 
2024-01-14 08:11:11,946 [main] WARN  server.AuthenticationFilter (AuthenticationFilter.java:constructSecretProvider(240)) - Unable to initialize FileSignerSecretProvider, falling back to use random secrets. Reason: Could not read signature secret file: /home/runner/hadoop-http-auth-signature-secret
2024-01-14 08:11:11,947 [main] INFO  http.HttpRequestLog (HttpRequestLog.java:getRequestLog(86)) - Http request log for http.requests.hddsDatanode is not defined
2024-01-14 08:11:11,949 [main] INFO  http.HttpServer2 (HttpServer2.java:addGlobalFilter(1036)) - Added global filter 'safety' (class=org.apache.hadoop.hdds.server.http.HttpServer2$QuotingInputFilter)
2024-01-14 08:11:11,950 [main] INFO  http.HttpServer2 (HttpServer2.java:addFilter(1012)) - Added filter static_user_filter (class=org.apache.hadoop.http.lib.StaticUserWebFilter$StaticUserFilter) to context hddsDatanode
2024-01-14 08:11:11,950 [main] INFO  http.HttpServer2 (HttpServer2.java:addFilter(1020)) - Added filter static_user_filter (class=org.apache.hadoop.http.lib.StaticUserWebFilter$StaticUserFilter) to context logs
2024-01-14 08:11:11,950 [main] INFO  http.HttpServer2 (HttpServer2.java:addFilter(1020)) - Added filter static_user_filter (class=org.apache.hadoop.http.lib.StaticUserWebFilter$StaticUserFilter) to context static
2024-01-14 08:11:11,951 [main] INFO  http.BaseHttpServer (BaseHttpServer.java:<init>(189)) - HTTP server of hddsDatanode uses base directory /home/runner/work/ozone/ozone/hadoop-ozone/integration-test/target/test-dir/MiniOzoneClusterImpl-d05e4a2c-755f-4d37-936b-30aea24b9535/datanode-0/meta/webserver
2024-01-14 08:11:11,952 [main] INFO  http.HttpServer2 (HttpServer2.java:bindListener(1236)) - Jetty bound to port 15009
2024-01-14 08:11:11,952 [main] INFO  server.Server (Server.java:doStart(375)) - jetty-9.4.53.v20231009; built: 2023-10-09T12:29:09.265Z; git: 27bde00a0b95a1d5bbee0eae7984f891d2d0f8c9; jvm 1.8.0_392-b08
2024-01-14 08:11:11,955 [main] INFO  server.session (DefaultSessionIdManager.java:doStart(334)) - DefaultSessionIdManager workerName=node0
2024-01-14 08:11:11,955 [main] INFO  server.session (DefaultSessionIdManager.java:doStart(339)) - No SessionScavenger set, using defaults
2024-01-14 08:11:11,956 [main] INFO  server.session (HouseKeeper.java:startScavenging(132)) - node0 Scavenging every 660000ms
2024-01-14 08:11:11,956 [main] INFO  handler.ContextHandler (ContextHandler.java:doStart(921)) - Started o.e.j.s.ServletContextHandler@23c3fdd5{logs,/logs,file:///home/runner/work/ozone/ozone/hadoop-ozone/integration-test/target/log,AVAILABLE}
2024-01-14 08:11:11,957 [main] INFO  handler.ContextHandler (ContextHandler.java:doStart(921)) - Started o.e.j.s.ServletContextHandler@31f749fa{static,/static,jar:file:/home/runner/.m2/repository/org/apache/ozone/hdds-container-service/1.5.0-SNAPSHOT/hdds-container-service-1.5.0-SNAPSHOT.jar!/webapps/static,AVAILABLE}
2024-01-14 08:11:12,004 [main] INFO  handler.ContextHandler (ContextHandler.java:doStart(921)) - Started o.e.j.w.WebAppContext@6982cb46{hddsDatanode,/,file:///home/runner/work/ozone/ozone/hadoop-ozone/integration-test/target/test-dir/MiniOzoneClusterImpl-d05e4a2c-755f-4d37-936b-30aea24b9535/datanode-0/meta/webserver/jetty-0_0_0_0-15009-hdds-container-service-1_5_0-SNAPSHOT_jar-_-any-1229843697543241695/webapp/,AVAILABLE}{jar:file:/home/runner/.m2/repository/org/apache/ozone/hdds-container-service/1.5.0-SNAPSHOT/hdds-container-service-1.5.0-SNAPSHOT.jar!/webapps/hddsDatanode}
2024-01-14 08:11:12,005 [main] INFO  server.AbstractConnector (AbstractConnector.java:doStart(333)) - Started ServerConnector@10adc98e{HTTP/1.1, (http/1.1)}{0.0.0.0:15009}
2024-01-14 08:11:12,007 [main] INFO  server.Server (Server.java:doStart(415)) - Started @6468ms
2024-01-14 08:11:12,007 [main] WARN  impl.MetricsSystemImpl (MetricsSystemImpl.java:register(279)) - Sink prometheus already exists!
2024-01-14 08:11:12,008 [main] INFO  http.BaseHttpServer (BaseHttpServer.java:updateConnectorAddress(354)) - HTTP server of hddsDatanode listening at http://0.0.0.0:15009
2024-01-14 08:11:12,010 [main] INFO  ipc.CallQueueManager (CallQueueManager.java:<init>(90)) - Using callQueue: class java.util.concurrent.LinkedBlockingQueue, queueCapacity: 100, scheduler: class org.apache.hadoop.ipc.DefaultRpcScheduler, ipcBackoff: false.
2024-01-14 08:11:12,011 [main] INFO  ipc.Server (Server.java:<init>(1287)) - Listener at 0.0.0.0:15010
2024-01-14 08:11:12,011 [Socket Reader #1 for port 15010] INFO  ipc.Server (Server.java:run(1323)) - Starting Socket Reader #1 for port 15010
2024-01-14 08:11:12,017 [main] INFO  ozone.HddsDatanodeService (HddsDatanodeService.java:start(324)) - Datanode start with admins: [runner]
2024-01-14 08:11:12,017 [main] INFO  ozone.HddsDatanodeClientProtocolServer (HddsDatanodeClientProtocolServer.java:start(72)) - RPC server for Client /0.0.0.0:15010
2024-01-14 08:11:12,018 [IPC Server Responder] INFO  ipc.Server (Server.java:run(1562)) - IPC Server Responder: starting
2024-01-14 08:11:12,018 [IPC Server listener on 15010] INFO  ipc.Server (Server.java:run(1402)) - IPC Server listener on 15010: starting
2024-01-14 08:11:12,019 [577443f1-fefe-41e6-ac50-50037dc50964-DatanodeStateMachineDaemonThread] INFO  statemachine.DatanodeStateMachine (DatanodeStateMachine.java:lambda$startDaemon$1(555)) - Ozone container server started.
2024-01-14 08:11:12,021 [main] WARN  dropwizard3.Dm3MetricRegistriesImpl (Dm3MetricRegistriesImpl.java:addReporterRegistration(113)) - New reporters are added after registries were created. Some metrics will be missing from the reporter. Please add reporter before adding any new registry.
2024-01-14 08:11:12,021 [main] WARN  dropwizard3.Dm3MetricRegistriesImpl (Dm3MetricRegistriesImpl.java:addReporterRegistration(113)) - New reporters are added after registries were created. Some metrics will be missing from the reporter. Please add reporter before adding any new registry.
2024-01-14 08:11:12,022 [main] INFO  impl.MetricsSystemImpl (MetricsSystemImpl.java:init(158)) - HddsDatanode metrics system started (again)
2024-01-14 08:11:12,031 [main] INFO  ozone.HddsDatanodeService (HddsDatanodeService.java:start(239)) - HddsDatanodeService host:fv-az737-837 ip:10.1.0.100
2024-01-14 08:11:12,059 [main] INFO  upgrade.AbstractLayoutVersionManager (AbstractLayoutVersionManager.java:init(83)) - Initializing Layout version manager with metadata layout = HADOOP_PRC_PORTS_IN_DATANODEDETAILS (version = 7), software layout = HADOOP_PRC_PORTS_IN_DATANODEDETAILS (version = 7)
2024-01-14 08:11:12,060 [main] INFO  statemachine.DatanodeStateMachine (DatanodeStateMachine.java:getEndPointTaskThreadPoolSize(299)) - Datanode State Machine Task Thread Pool size 2
2024-01-14 08:11:12,064 [main] INFO  volume.HddsVolume (HddsVolume.java:<init>(125)) - Creating HddsVolume: /home/runner/work/ozone/ozone/hadoop-ozone/integration-test/target/test-dir/MiniOzoneClusterImpl-d05e4a2c-755f-4d37-936b-30aea24b9535/datanode-1/data-0/containers/hdds of storage type : DISK capacity : 9223372036854775807
2024-01-14 08:11:12,064 [main] INFO  volume.MutableVolumeSet (MutableVolumeSet.java:initializeVolumeSet(173)) - Added Volume : /home/runner/work/ozone/ozone/hadoop-ozone/integration-test/target/test-dir/MiniOzoneClusterImpl-d05e4a2c-755f-4d37-936b-30aea24b9535/datanode-1/data-0/containers/hdds to VolumeSet
2024-01-14 08:11:12,066 [main] INFO  volume.MutableVolumeSet (MutableVolumeSet.java:initializeVolumeSet(173)) - Added Volume : /home/runner/work/ozone/ozone/hadoop-ozone/integration-test/target/test-dir/MiniOzoneClusterImpl-d05e4a2c-755f-4d37-936b-30aea24b9535/datanode-1/data/ratis to VolumeSet
2024-01-14 08:11:12,066 [main] INFO  ozoneimpl.OzoneContainer (HddsVolumeUtil.java:loadAllHddsVolumeDbStore(103)) - Load 1 volumes DbStore cost: 0ms
2024-01-14 08:11:12,074 [58733d94-cb44-4f93-b9bc-90d3803fc47e-ContainerReader-0] INFO  ozoneimpl.ContainerReader (ContainerReader.java:readVolume(178)) - Finish verifying containers on volume /home/runner/work/ozone/ozone/hadoop-ozone/integration-test/target/test-dir/MiniOzoneClusterImpl-d05e4a2c-755f-4d37-936b-30aea24b9535/datanode-1/data-0/containers/hdds
2024-01-14 08:11:12,075 [main] INFO  ozoneimpl.OzoneContainer (OzoneContainer.java:buildContainerSet(328)) - Build ContainerSet costs 0s
2024-01-14 08:11:12,080 [main] INFO  server.RaftServer (ConfUtils.java:logGet(46)) - raft.rpc.type = GRPC (default)
2024-01-14 08:11:12,080 [main] INFO  grpc.GrpcConfigKeys (ConfUtils.java:logFallback(53)) - raft.grpc.admin.host = null (fallback to raft.grpc.server.host)
2024-01-14 08:11:12,080 [main] INFO  grpc.GrpcConfigKeys (ConfUtils.java:logGet(46)) - raft.grpc.admin.port = 15022 (custom)
2024-01-14 08:11:12,081 [main] INFO  grpc.GrpcConfigKeys (ConfUtils.java:logFallback(53)) - raft.grpc.client.host = null (fallback to raft.grpc.server.host)
2024-01-14 08:11:12,081 [main] INFO  grpc.GrpcConfigKeys (ConfUtils.java:logGet(46)) - raft.grpc.client.port = 15021 (custom)
2024-01-14 08:11:12,081 [main] INFO  grpc.GrpcConfigKeys (ConfUtils.java:logGet(46)) - raft.grpc.server.host = null (default)
2024-01-14 08:11:12,081 [main] INFO  grpc.GrpcConfigKeys (ConfUtils.java:logGet(46)) - raft.grpc.server.port = 15023 (custom)
2024-01-14 08:11:12,082 [main] INFO  server.GrpcService (ConfUtils.java:logGet(46)) - raft.grpc.message.size.max = 32MB (=33554432) (custom)
2024-01-14 08:11:12,082 [main] INFO  server.RaftServerConfigKeys (ConfUtils.java:logGet(46)) - raft.server.log.appender.buffer.byte-limit = 8388608 (custom)
2024-01-14 08:11:12,082 [main] INFO  server.GrpcService (ConfUtils.java:logGet(46)) - raft.grpc.flow.control.window = 5MB (=5242880) (custom)
2024-01-14 08:11:12,083 [main] INFO  server.RaftServerConfigKeys (ConfUtils.java:logGet(46)) - raft.server.rpc.request.timeout = 3000ms (default)
2024-01-14 08:11:12,083 [main] INFO  grpc.GrpcConfigKeys (ConfUtils.java:logGet(46)) - raft.grpc.server.heartbeat.channel = true (default)
2024-01-14 08:11:12,083 [main] INFO  grpc.GrpcConfigKeys (ConfUtils.java:logGet(46)) - raft.grpc.server.async.request.thread.pool.cached = true (default)
2024-01-14 08:11:12,084 [main] INFO  grpc.GrpcConfigKeys (ConfUtils.java:logGet(46)) - raft.grpc.server.async.request.thread.pool.size = 32 (default)
2024-01-14 08:11:12,090 [main] INFO  impl.DataStreamServerImpl (ConfUtils.java:logGet(46)) - raft.datastream.type = NETTY (custom)
2024-01-14 08:11:12,090 [main] INFO  server.RaftServerConfigKeys (ConfUtils.java:logGet(46)) - raft.server.data-stream.async.request.thread.pool.cached = false (default)
2024-01-14 08:11:12,090 [main] INFO  server.RaftServerConfigKeys (ConfUtils.java:logGet(46)) - raft.server.data-stream.async.request.thread.pool.size = 20 (custom)
2024-01-14 08:11:12,091 [main] INFO  server.RaftServerConfigKeys (ConfUtils.java:logGet(46)) - raft.server.data-stream.async.write.thread.pool.size = 16 (default)
2024-01-14 08:11:12,091 [main] INFO  netty.NettyConfigKeys$DataStream (ConfUtils.java:logGet(46)) - raft.netty.dataStream.server.channel.inactive.grace-period = 10min (default)
2024-01-14 08:11:12,091 [main] INFO  server.RaftServerConfigKeys (ConfUtils.java:logGet(46)) - raft.server.data-stream.client.pool.size = 10 (default)
2024-01-14 08:11:12,092 [main] INFO  netty.NettyConfigKeys$DataStream (ConfUtils.java:logGet(46)) - raft.netty.dataStream.server.use-epoll = true (default)
2024-01-14 08:11:12,092 [main] INFO  netty.NettyConfigKeys$DataStream (ConfUtils.java:logGet(46)) - raft.netty.dataStream.server.boss-group.size = 0 (default)
2024-01-14 08:11:12,092 [main] INFO  netty.NettyUtils (NettyUtils.java:newEventLoopGroup(69)) - Create EpollEventLoopGroup for 58733d94-cb44-4f93-b9bc-90d3803fc47e-NettyServerStreamRpc-bossGroup; Thread size is 0.
2024-01-14 08:11:12,093 [main] INFO  netty.NettyConfigKeys$DataStream (ConfUtils.java:logGet(46)) - raft.netty.dataStream.server.worker-group.size = 0 (default)
2024-01-14 08:11:12,093 [main] INFO  netty.NettyUtils (NettyUtils.java:newEventLoopGroup(69)) - Create EpollEventLoopGroup for 58733d94-cb44-4f93-b9bc-90d3803fc47e-NettyServerStreamRpc-workerGroup; Thread size is 0.
2024-01-14 08:11:12,094 [main] INFO  netty.NettyConfigKeys$DataStream (ConfUtils.java:logGet(46)) - raft.netty.dataStream.server.tls.conf = null (default)
2024-01-14 08:11:12,094 [main] INFO  netty.NettyConfigKeys$DataStream (ConfUtils.java:logGet(46)) - raft.netty.dataStream.host = null (default)
2024-01-14 08:11:12,094 [main] INFO  netty.NettyConfigKeys$DataStream (ConfUtils.java:logGet(46)) - raft.netty.dataStream.port = 15024 (custom)
2024-01-14 08:11:12,095 [main] INFO  server.RaftServerConfigKeys (ConfUtils.java:logGet(46)) - raft.server.sleep.deviation.threshold = 300ms (default)
2024-01-14 08:11:12,095 [main] INFO  server.RaftServerConfigKeys (ConfUtils.java:logGet(46)) - raft.server.close.threshold = 60s (default)
2024-01-14 08:11:12,096 [main] INFO  server.RaftServerConfigKeys (ConfUtils.java:logGet(46)) - raft.server.leaderelection.leader.step-down.wait-time = 10s (default)
2024-01-14 08:11:12,096 [main] INFO  server.RaftServerConfigKeys (ConfUtils.java:logGet(46)) - raft.server.storage.dir = [/home/runner/work/ozone/ozone/hadoop-ozone/integration-test/target/test-dir/MiniOzoneClusterImpl-d05e4a2c-755f-4d37-936b-30aea24b9535/datanode-1/data/ratis] (custom)
2024-01-14 08:11:12,096 [main] INFO  server.RaftServerConfigKeys (ConfUtils.java:logGet(46)) - raft.server.threadpool.proxy.cached = true (default)
2024-01-14 08:11:12,096 [main] INFO  server.RaftServerConfigKeys (ConfUtils.java:logGet(46)) - raft.server.threadpool.proxy.size = 0 (default)
2024-01-14 08:11:12,101 [58733d94-cb44-4f93-b9bc-90d3803fc47e-NettyServerStreamRpc-bossGroup--thread1] INFO  logging.LoggingHandler (AbstractInternalLogger.java:log(148)) - [id: 0x58990bf5] REGISTERED
2024-01-14 08:11:12,101 [58733d94-cb44-4f93-b9bc-90d3803fc47e-NettyServerStreamRpc-bossGroup--thread1] INFO  logging.LoggingHandler (AbstractInternalLogger.java:log(148)) - [id: 0x58990bf5] BIND: 0.0.0.0/0.0.0.0:15024
2024-01-14 08:11:12,101 [58733d94-cb44-4f93-b9bc-90d3803fc47e-NettyServerStreamRpc-bossGroup--thread1] INFO  logging.LoggingHandler (AbstractInternalLogger.java:log(148)) - [id: 0x58990bf5, L:/0.0.0.0:15024] ACTIVE
2024-01-14 08:11:12,101 [58733d94-cb44-4f93-b9bc-90d3803fc47e-impl-thread1] INFO  server.RaftServer (RaftServerProxy.java:initGroupDir(264)) - 58733d94-cb44-4f93-b9bc-90d3803fc47e: found a subdirectory /home/runner/work/ozone/ozone/hadoop-ozone/integration-test/target/test-dir/MiniOzoneClusterImpl-d05e4a2c-755f-4d37-936b-30aea24b9535/datanode-1/data/ratis/tmp
2024-01-14 08:11:12,102 [58733d94-cb44-4f93-b9bc-90d3803fc47e-impl-thread1] INFO  server.RaftServer (RaftServerProxy.java:initGroupDir(269)) - 58733d94-cb44-4f93-b9bc-90d3803fc47e: The directory /home/runner/work/ozone/ozone/hadoop-ozone/integration-test/target/test-dir/MiniOzoneClusterImpl-d05e4a2c-755f-4d37-936b-30aea24b9535/datanode-1/data/ratis/tmp is not a group directory; ignoring it. 
2024-01-14 08:11:12,103 [main] INFO  replication.ReplicationServer (ReplicationServer.java:<init>(85)) - Initializing replication server with thread count = 10 queue length = 4096
2024-01-14 08:11:12,104 [main] INFO  server.XceiverServerGrpc (XceiverServerGrpc.java:<init>(141)) - GrpcServer channel type EpollServerSocketChannel
2024-01-14 08:11:12,107 [main] INFO  replication.ReplicationSupervisor (ReplicationSupervisor.java:build(163)) - Initializing replication supervisor with thread count = 10
2024-01-14 08:11:12,107 [main] INFO  replication.ReplicationSupervisor (ReplicationSupervisor.java:nodeStateUpdated(317)) - Node state updated to IN_SERVICE, scaling executor pool size to 10
2024-01-14 08:11:12,111 [main] INFO  http.BaseHttpServer (BaseHttpServer.java:newHttpServer2BuilderForOzone(223)) - Starting Web-server for hddsDatanode at: http://0.0.0.0:15018
2024-01-14 08:11:12,111 [main] INFO  http.BaseHttpServer (BaseHttpServer.java:<init>(110)) - Hadoop Security Enabled: false Ozone Security Enabled: false Ozone HTTP Security Enabled: false 
2024-01-14 08:11:12,112 [main] WARN  server.AuthenticationFilter (AuthenticationFilter.java:constructSecretProvider(240)) - Unable to initialize FileSignerSecretProvider, falling back to use random secrets. Reason: Could not read signature secret file: /home/runner/hadoop-http-auth-signature-secret
2024-01-14 08:11:12,113 [main] INFO  http.HttpRequestLog (HttpRequestLog.java:getRequestLog(86)) - Http request log for http.requests.hddsDatanode is not defined
2024-01-14 08:11:12,114 [main] INFO  http.HttpServer2 (HttpServer2.java:addGlobalFilter(1036)) - Added global filter 'safety' (class=org.apache.hadoop.hdds.server.http.HttpServer2$QuotingInputFilter)
2024-01-14 08:11:12,115 [main] INFO  http.HttpServer2 (HttpServer2.java:addFilter(1012)) - Added filter static_user_filter (class=org.apache.hadoop.http.lib.StaticUserWebFilter$StaticUserFilter) to context hddsDatanode
2024-01-14 08:11:12,115 [main] INFO  http.HttpServer2 (HttpServer2.java:addFilter(1020)) - Added filter static_user_filter (class=org.apache.hadoop.http.lib.StaticUserWebFilter$StaticUserFilter) to context logs
2024-01-14 08:11:12,115 [main] INFO  http.HttpServer2 (HttpServer2.java:addFilter(1020)) - Added filter static_user_filter (class=org.apache.hadoop.http.lib.StaticUserWebFilter$StaticUserFilter) to context static
2024-01-14 08:11:12,116 [main] INFO  http.BaseHttpServer (BaseHttpServer.java:<init>(189)) - HTTP server of hddsDatanode uses base directory /home/runner/work/ozone/ozone/hadoop-ozone/integration-test/target/test-dir/MiniOzoneClusterImpl-d05e4a2c-755f-4d37-936b-30aea24b9535/datanode-1/meta/webserver
2024-01-14 08:11:12,117 [main] INFO  http.HttpServer2 (HttpServer2.java:bindListener(1236)) - Jetty bound to port 15018
2024-01-14 08:11:12,117 [main] INFO  server.Server (Server.java:doStart(375)) - jetty-9.4.53.v20231009; built: 2023-10-09T12:29:09.265Z; git: 27bde00a0b95a1d5bbee0eae7984f891d2d0f8c9; jvm 1.8.0_392-b08
2024-01-14 08:11:12,119 [main] INFO  server.session (DefaultSessionIdManager.java:doStart(334)) - DefaultSessionIdManager workerName=node0
2024-01-14 08:11:12,119 [main] INFO  server.session (DefaultSessionIdManager.java:doStart(339)) - No SessionScavenger set, using defaults
2024-01-14 08:11:12,120 [main] INFO  server.session (HouseKeeper.java:startScavenging(132)) - node0 Scavenging every 660000ms
2024-01-14 08:11:12,121 [main] INFO  handler.ContextHandler (ContextHandler.java:doStart(921)) - Started o.e.j.s.ServletContextHandler@3a166435{logs,/logs,file:///home/runner/work/ozone/ozone/hadoop-ozone/integration-test/target/log,AVAILABLE}
2024-01-14 08:11:12,121 [main] INFO  handler.ContextHandler (ContextHandler.java:doStart(921)) - Started o.e.j.s.ServletContextHandler@4b840b9d{static,/static,jar:file:/home/runner/.m2/repository/org/apache/ozone/hdds-container-service/1.5.0-SNAPSHOT/hdds-container-service-1.5.0-SNAPSHOT.jar!/webapps/static,AVAILABLE}
2024-01-14 08:11:12,122 [577443f1-fefe-41e6-ac50-50037dc50964-DatanodeStateMachineTaskThread-0] INFO  datanode.InitDatanodeState (InitDatanodeState.java:persistContainerDatanodeDetails(139)) - DatanodeDetails is persisted to /home/runner/work/ozone/ozone/hadoop-ozone/integration-test/target/test-dir/MiniOzoneClusterImpl-d05e4a2c-755f-4d37-936b-30aea24b9535/datanode-0/meta/datanode.id
2024-01-14 08:11:12,158 [main] INFO  handler.ContextHandler (ContextHandler.java:doStart(921)) - Started o.e.j.w.WebAppContext@4a00533a{hddsDatanode,/,file:///home/runner/work/ozone/ozone/hadoop-ozone/integration-test/target/test-dir/MiniOzoneClusterImpl-d05e4a2c-755f-4d37-936b-30aea24b9535/datanode-1/meta/webserver/jetty-0_0_0_0-15018-hdds-container-service-1_5_0-SNAPSHOT_jar-_-any-5462121910960252111/webapp/,AVAILABLE}{jar:file:/home/runner/.m2/repository/org/apache/ozone/hdds-container-service/1.5.0-SNAPSHOT/hdds-container-service-1.5.0-SNAPSHOT.jar!/webapps/hddsDatanode}
2024-01-14 08:11:12,160 [main] INFO  server.AbstractConnector (AbstractConnector.java:doStart(333)) - Started ServerConnector@47c07998{HTTP/1.1, (http/1.1)}{0.0.0.0:15018}
2024-01-14 08:11:12,160 [main] INFO  server.Server (Server.java:doStart(415)) - Started @6622ms
2024-01-14 08:11:12,161 [main] WARN  impl.MetricsSystemImpl (MetricsSystemImpl.java:register(279)) - Sink prometheus already exists!
2024-01-14 08:11:12,161 [main] INFO  http.BaseHttpServer (BaseHttpServer.java:updateConnectorAddress(354)) - HTTP server of hddsDatanode listening at http://0.0.0.0:15018
2024-01-14 08:11:12,162 [main] INFO  ipc.CallQueueManager (CallQueueManager.java:<init>(90)) - Using callQueue: class java.util.concurrent.LinkedBlockingQueue, queueCapacity: 100, scheduler: class org.apache.hadoop.ipc.DefaultRpcScheduler, ipcBackoff: false.
2024-01-14 08:11:12,162 [main] INFO  ipc.Server (Server.java:<init>(1287)) - Listener at 0.0.0.0:15019
2024-01-14 08:11:12,162 [Socket Reader #1 for port 15019] INFO  ipc.Server (Server.java:run(1323)) - Starting Socket Reader #1 for port 15019
2024-01-14 08:11:12,164 [main] INFO  ozone.HddsDatanodeService (HddsDatanodeService.java:start(324)) - Datanode start with admins: [runner]
2024-01-14 08:11:12,165 [main] INFO  ozone.HddsDatanodeClientProtocolServer (HddsDatanodeClientProtocolServer.java:start(72)) - RPC server for Client /0.0.0.0:15019
2024-01-14 08:11:12,165 [IPC Server Responder] INFO  ipc.Server (Server.java:run(1562)) - IPC Server Responder: starting
2024-01-14 08:11:12,165 [IPC Server listener on 15019] INFO  ipc.Server (Server.java:run(1402)) - IPC Server listener on 15019: starting
2024-01-14 08:11:12,169 [58733d94-cb44-4f93-b9bc-90d3803fc47e-DatanodeStateMachineDaemonThread] INFO  statemachine.DatanodeStateMachine (DatanodeStateMachine.java:lambda$startDaemon$1(555)) - Ozone container server started.
2024-01-14 08:11:12,169 [main] WARN  dropwizard3.Dm3MetricRegistriesImpl (Dm3MetricRegistriesImpl.java:addReporterRegistration(113)) - New reporters are added after registries were created. Some metrics will be missing from the reporter. Please add reporter before adding any new registry.
2024-01-14 08:11:12,170 [main] WARN  dropwizard3.Dm3MetricRegistriesImpl (Dm3MetricRegistriesImpl.java:addReporterRegistration(113)) - New reporters are added after registries were created. Some metrics will be missing from the reporter. Please add reporter before adding any new registry.
2024-01-14 08:11:12,170 [main] INFO  impl.MetricsSystemImpl (MetricsSystemImpl.java:init(158)) - HddsDatanode metrics system started (again)
2024-01-14 08:11:12,177 [58733d94-cb44-4f93-b9bc-90d3803fc47e-DatanodeStateMachineTaskThread-0] INFO  datanode.InitDatanodeState (InitDatanodeState.java:persistContainerDatanodeDetails(139)) - DatanodeDetails is persisted to /home/runner/work/ozone/ozone/hadoop-ozone/integration-test/target/test-dir/MiniOzoneClusterImpl-d05e4a2c-755f-4d37-936b-30aea24b9535/datanode-1/meta/datanode.id
2024-01-14 08:11:12,191 [main] INFO  ozone.HddsDatanodeService (HddsDatanodeService.java:start(239)) - HddsDatanodeService host:fv-az737-837 ip:10.1.0.100
2024-01-14 08:11:12,213 [main] INFO  upgrade.AbstractLayoutVersionManager (AbstractLayoutVersionManager.java:init(83)) - Initializing Layout version manager with metadata layout = HADOOP_PRC_PORTS_IN_DATANODEDETAILS (version = 7), software layout = HADOOP_PRC_PORTS_IN_DATANODEDETAILS (version = 7)
2024-01-14 08:11:12,214 [main] INFO  statemachine.DatanodeStateMachine (DatanodeStateMachine.java:getEndPointTaskThreadPoolSize(299)) - Datanode State Machine Task Thread Pool size 2
2024-01-14 08:11:12,217 [main] INFO  volume.HddsVolume (HddsVolume.java:<init>(125)) - Creating HddsVolume: /home/runner/work/ozone/ozone/hadoop-ozone/integration-test/target/test-dir/MiniOzoneClusterImpl-d05e4a2c-755f-4d37-936b-30aea24b9535/datanode-2/data-0/containers/hdds of storage type : DISK capacity : 9223372036854775807
2024-01-14 08:11:12,217 [main] INFO  volume.MutableVolumeSet (MutableVolumeSet.java:initializeVolumeSet(173)) - Added Volume : /home/runner/work/ozone/ozone/hadoop-ozone/integration-test/target/test-dir/MiniOzoneClusterImpl-d05e4a2c-755f-4d37-936b-30aea24b9535/datanode-2/data-0/containers/hdds to VolumeSet
2024-01-14 08:11:12,218 [main] INFO  volume.MutableVolumeSet (MutableVolumeSet.java:initializeVolumeSet(173)) - Added Volume : /home/runner/work/ozone/ozone/hadoop-ozone/integration-test/target/test-dir/MiniOzoneClusterImpl-d05e4a2c-755f-4d37-936b-30aea24b9535/datanode-2/data/ratis to VolumeSet
2024-01-14 08:11:12,219 [main] INFO  ozoneimpl.OzoneContainer (HddsVolumeUtil.java:loadAllHddsVolumeDbStore(103)) - Load 1 volumes DbStore cost: 0ms
2024-01-14 08:11:12,219 [0ff4ee77-f176-4c42-9b93-2e8119131049-ContainerReader-0] INFO  ozoneimpl.ContainerReader (ContainerReader.java:readVolume(178)) - Finish verifying containers on volume /home/runner/work/ozone/ozone/hadoop-ozone/integration-test/target/test-dir/MiniOzoneClusterImpl-d05e4a2c-755f-4d37-936b-30aea24b9535/datanode-2/data-0/containers/hdds
2024-01-14 08:11:12,219 [main] INFO  ozoneimpl.OzoneContainer (OzoneContainer.java:buildContainerSet(328)) - Build ContainerSet costs 0s
2024-01-14 08:11:12,223 [main] INFO  server.RaftServer (ConfUtils.java:logGet(46)) - raft.rpc.type = GRPC (default)
2024-01-14 08:11:12,223 [main] INFO  grpc.GrpcConfigKeys (ConfUtils.java:logFallback(53)) - raft.grpc.admin.host = null (fallback to raft.grpc.server.host)
2024-01-14 08:11:12,223 [main] INFO  grpc.GrpcConfigKeys (ConfUtils.java:logGet(46)) - raft.grpc.admin.port = 15031 (custom)
2024-01-14 08:11:12,223 [main] INFO  grpc.GrpcConfigKeys (ConfUtils.java:logFallback(53)) - raft.grpc.client.host = null (fallback to raft.grpc.server.host)
2024-01-14 08:11:12,224 [main] INFO  grpc.GrpcConfigKeys (ConfUtils.java:logGet(46)) - raft.grpc.client.port = 15030 (custom)
2024-01-14 08:11:12,224 [main] INFO  grpc.GrpcConfigKeys (ConfUtils.java:logGet(46)) - raft.grpc.server.host = null (default)
2024-01-14 08:11:12,224 [main] INFO  grpc.GrpcConfigKeys (ConfUtils.java:logGet(46)) - raft.grpc.server.port = 15032 (custom)
2024-01-14 08:11:12,224 [main] INFO  server.GrpcService (ConfUtils.java:logGet(46)) - raft.grpc.message.size.max = 32MB (=33554432) (custom)
2024-01-14 08:11:12,225 [main] INFO  server.RaftServerConfigKeys (ConfUtils.java:logGet(46)) - raft.server.log.appender.buffer.byte-limit = 8388608 (custom)
2024-01-14 08:11:12,225 [main] INFO  server.GrpcService (ConfUtils.java:logGet(46)) - raft.grpc.flow.control.window = 5MB (=5242880) (custom)
2024-01-14 08:11:12,225 [main] INFO  server.RaftServerConfigKeys (ConfUtils.java:logGet(46)) - raft.server.rpc.request.timeout = 3000ms (default)
2024-01-14 08:11:12,225 [main] INFO  grpc.GrpcConfigKeys (ConfUtils.java:logGet(46)) - raft.grpc.server.heartbeat.channel = true (default)
2024-01-14 08:11:12,226 [main] INFO  grpc.GrpcConfigKeys (ConfUtils.java:logGet(46)) - raft.grpc.server.async.request.thread.pool.cached = true (default)
2024-01-14 08:11:12,226 [main] INFO  grpc.GrpcConfigKeys (ConfUtils.java:logGet(46)) - raft.grpc.server.async.request.thread.pool.size = 32 (default)
2024-01-14 08:11:12,228 [main] INFO  impl.DataStreamServerImpl (ConfUtils.java:logGet(46)) - raft.datastream.type = NETTY (custom)
2024-01-14 08:11:12,228 [main] INFO  server.RaftServerConfigKeys (ConfUtils.java:logGet(46)) - raft.server.data-stream.async.request.thread.pool.cached = false (default)
2024-01-14 08:11:12,228 [main] INFO  server.RaftServerConfigKeys (ConfUtils.java:logGet(46)) - raft.server.data-stream.async.request.thread.pool.size = 20 (custom)
2024-01-14 08:11:12,229 [main] INFO  server.RaftServerConfigKeys (ConfUtils.java:logGet(46)) - raft.server.data-stream.async.write.thread.pool.size = 16 (default)
2024-01-14 08:11:12,229 [main] INFO  netty.NettyConfigKeys$DataStream (ConfUtils.java:logGet(46)) - raft.netty.dataStream.server.channel.inactive.grace-period = 10min (default)
2024-01-14 08:11:12,229 [main] INFO  server.RaftServerConfigKeys (ConfUtils.java:logGet(46)) - raft.server.data-stream.client.pool.size = 10 (default)
2024-01-14 08:11:12,229 [main] INFO  netty.NettyConfigKeys$DataStream (ConfUtils.java:logGet(46)) - raft.netty.dataStream.server.use-epoll = true (default)
2024-01-14 08:11:12,229 [main] INFO  netty.NettyConfigKeys$DataStream (ConfUtils.java:logGet(46)) - raft.netty.dataStream.server.boss-group.size = 0 (default)
2024-01-14 08:11:12,229 [main] INFO  netty.NettyUtils (NettyUtils.java:newEventLoopGroup(69)) - Create EpollEventLoopGroup for 0ff4ee77-f176-4c42-9b93-2e8119131049-NettyServerStreamRpc-bossGroup; Thread size is 0.
2024-01-14 08:11:12,230 [main] INFO  netty.NettyConfigKeys$DataStream (ConfUtils.java:logGet(46)) - raft.netty.dataStream.server.worker-group.size = 0 (default)
2024-01-14 08:11:12,230 [main] INFO  netty.NettyUtils (NettyUtils.java:newEventLoopGroup(69)) - Create EpollEventLoopGroup for 0ff4ee77-f176-4c42-9b93-2e8119131049-NettyServerStreamRpc-workerGroup; Thread size is 0.
2024-01-14 08:11:12,231 [main] INFO  netty.NettyConfigKeys$DataStream (ConfUtils.java:logGet(46)) - raft.netty.dataStream.server.tls.conf = null (default)
2024-01-14 08:11:12,231 [main] INFO  netty.NettyConfigKeys$DataStream (ConfUtils.java:logGet(46)) - raft.netty.dataStream.host = null (default)
2024-01-14 08:11:12,231 [main] INFO  netty.NettyConfigKeys$DataStream (ConfUtils.java:logGet(46)) - raft.netty.dataStream.port = 15033 (custom)
2024-01-14 08:11:12,232 [main] INFO  server.RaftServerConfigKeys (ConfUtils.java:logGet(46)) - raft.server.sleep.deviation.threshold = 300ms (default)
2024-01-14 08:11:12,232 [main] INFO  server.RaftServerConfigKeys (ConfUtils.java:logGet(46)) - raft.server.close.threshold = 60s (default)
2024-01-14 08:11:12,233 [0ff4ee77-f176-4c42-9b93-2e8119131049-NettyServerStreamRpc-bossGroup--thread1] INFO  logging.LoggingHandler (AbstractInternalLogger.java:log(148)) - [id: 0x7a75cd1a] REGISTERED
2024-01-14 08:11:12,233 [main] INFO  server.RaftServerConfigKeys (ConfUtils.java:logGet(46)) - raft.server.leaderelection.leader.step-down.wait-time = 10s (default)
2024-01-14 08:11:12,233 [0ff4ee77-f176-4c42-9b93-2e8119131049-NettyServerStreamRpc-bossGroup--thread1] INFO  logging.LoggingHandler (AbstractInternalLogger.java:log(148)) - [id: 0x7a75cd1a] BIND: 0.0.0.0/0.0.0.0:15033
2024-01-14 08:11:12,234 [0ff4ee77-f176-4c42-9b93-2e8119131049-NettyServerStreamRpc-bossGroup--thread1] INFO  logging.LoggingHandler (AbstractInternalLogger.java:log(148)) - [id: 0x7a75cd1a, L:/0.0.0.0:15033] ACTIVE
2024-01-14 08:11:12,234 [main] INFO  server.RaftServerConfigKeys (ConfUtils.java:logGet(46)) - raft.server.storage.dir = [/home/runner/work/ozone/ozone/hadoop-ozone/integration-test/target/test-dir/MiniOzoneClusterImpl-d05e4a2c-755f-4d37-936b-30aea24b9535/datanode-2/data/ratis] (custom)
2024-01-14 08:11:12,234 [main] INFO  server.RaftServerConfigKeys (ConfUtils.java:logGet(46)) - raft.server.threadpool.proxy.cached = true (default)
2024-01-14 08:11:12,234 [main] INFO  server.RaftServerConfigKeys (ConfUtils.java:logGet(46)) - raft.server.threadpool.proxy.size = 0 (default)
2024-01-14 08:11:12,235 [0ff4ee77-f176-4c42-9b93-2e8119131049-impl-thread1] INFO  server.RaftServer (RaftServerProxy.java:initGroupDir(264)) - 0ff4ee77-f176-4c42-9b93-2e8119131049: found a subdirectory /home/runner/work/ozone/ozone/hadoop-ozone/integration-test/target/test-dir/MiniOzoneClusterImpl-d05e4a2c-755f-4d37-936b-30aea24b9535/datanode-2/data/ratis/tmp
2024-01-14 08:11:12,235 [0ff4ee77-f176-4c42-9b93-2e8119131049-impl-thread1] INFO  server.RaftServer (RaftServerProxy.java:initGroupDir(269)) - 0ff4ee77-f176-4c42-9b93-2e8119131049: The directory /home/runner/work/ozone/ozone/hadoop-ozone/integration-test/target/test-dir/MiniOzoneClusterImpl-d05e4a2c-755f-4d37-936b-30aea24b9535/datanode-2/data/ratis/tmp is not a group directory; ignoring it. 
2024-01-14 08:11:12,235 [main] INFO  replication.ReplicationServer (ReplicationServer.java:<init>(85)) - Initializing replication server with thread count = 10 queue length = 4096
2024-01-14 08:11:12,237 [main] INFO  server.XceiverServerGrpc (XceiverServerGrpc.java:<init>(141)) - GrpcServer channel type EpollServerSocketChannel
2024-01-14 08:11:12,239 [main] INFO  replication.ReplicationSupervisor (ReplicationSupervisor.java:build(163)) - Initializing replication supervisor with thread count = 10
2024-01-14 08:11:12,240 [main] INFO  replication.ReplicationSupervisor (ReplicationSupervisor.java:nodeStateUpdated(317)) - Node state updated to IN_SERVICE, scaling executor pool size to 10
2024-01-14 08:11:12,242 [main] INFO  http.BaseHttpServer (BaseHttpServer.java:newHttpServer2BuilderForOzone(223)) - Starting Web-server for hddsDatanode at: http://0.0.0.0:15027
2024-01-14 08:11:12,242 [main] INFO  http.BaseHttpServer (BaseHttpServer.java:<init>(110)) - Hadoop Security Enabled: false Ozone Security Enabled: false Ozone HTTP Security Enabled: false 
2024-01-14 08:11:12,243 [main] WARN  server.AuthenticationFilter (AuthenticationFilter.java:constructSecretProvider(240)) - Unable to initialize FileSignerSecretProvider, falling back to use random secrets. Reason: Could not read signature secret file: /home/runner/hadoop-http-auth-signature-secret
2024-01-14 08:11:12,244 [main] INFO  http.HttpRequestLog (HttpRequestLog.java:getRequestLog(86)) - Http request log for http.requests.hddsDatanode is not defined
2024-01-14 08:11:12,245 [main] INFO  http.HttpServer2 (HttpServer2.java:addGlobalFilter(1036)) - Added global filter 'safety' (class=org.apache.hadoop.hdds.server.http.HttpServer2$QuotingInputFilter)
2024-01-14 08:11:12,246 [main] INFO  http.HttpServer2 (HttpServer2.java:addFilter(1012)) - Added filter static_user_filter (class=org.apache.hadoop.http.lib.StaticUserWebFilter$StaticUserFilter) to context hddsDatanode
2024-01-14 08:11:12,246 [main] INFO  http.HttpServer2 (HttpServer2.java:addFilter(1020)) - Added filter static_user_filter (class=org.apache.hadoop.http.lib.StaticUserWebFilter$StaticUserFilter) to context logs
2024-01-14 08:11:12,246 [main] INFO  http.HttpServer2 (HttpServer2.java:addFilter(1020)) - Added filter static_user_filter (class=org.apache.hadoop.http.lib.StaticUserWebFilter$StaticUserFilter) to context static
2024-01-14 08:11:12,247 [main] INFO  http.BaseHttpServer (BaseHttpServer.java:<init>(189)) - HTTP server of hddsDatanode uses base directory /home/runner/work/ozone/ozone/hadoop-ozone/integration-test/target/test-dir/MiniOzoneClusterImpl-d05e4a2c-755f-4d37-936b-30aea24b9535/datanode-2/meta/webserver
2024-01-14 08:11:12,247 [main] INFO  http.HttpServer2 (HttpServer2.java:bindListener(1236)) - Jetty bound to port 15027
2024-01-14 08:11:12,247 [main] INFO  server.Server (Server.java:doStart(375)) - jetty-9.4.53.v20231009; built: 2023-10-09T12:29:09.265Z; git: 27bde00a0b95a1d5bbee0eae7984f891d2d0f8c9; jvm 1.8.0_392-b08
2024-01-14 08:11:12,249 [main] INFO  server.session (DefaultSessionIdManager.java:doStart(334)) - DefaultSessionIdManager workerName=node0
2024-01-14 08:11:12,250 [main] INFO  server.session (DefaultSessionIdManager.java:doStart(339)) - No SessionScavenger set, using defaults
2024-01-14 08:11:12,250 [main] INFO  server.session (HouseKeeper.java:startScavenging(132)) - node0 Scavenging every 660000ms
2024-01-14 08:11:12,250 [main] INFO  handler.ContextHandler (ContextHandler.java:doStart(921)) - Started o.e.j.s.ServletContextHandler@2a5c756f{logs,/logs,file:///home/runner/work/ozone/ozone/hadoop-ozone/integration-test/target/log,AVAILABLE}
2024-01-14 08:11:12,251 [main] INFO  handler.ContextHandler (ContextHandler.java:doStart(921)) - Started o.e.j.s.ServletContextHandler@34e7b058{static,/static,jar:file:/home/runner/.m2/repository/org/apache/ozone/hdds-container-service/1.5.0-SNAPSHOT/hdds-container-service-1.5.0-SNAPSHOT.jar!/webapps/static,AVAILABLE}
2024-01-14 08:11:12,286 [main] INFO  handler.ContextHandler (ContextHandler.java:doStart(921)) - Started o.e.j.w.WebAppContext@79c8d5c4{hddsDatanode,/,file:///home/runner/work/ozone/ozone/hadoop-ozone/integration-test/target/test-dir/MiniOzoneClusterImpl-d05e4a2c-755f-4d37-936b-30aea24b9535/datanode-2/meta/webserver/jetty-0_0_0_0-15027-hdds-container-service-1_5_0-SNAPSHOT_jar-_-any-1314736759378828908/webapp/,AVAILABLE}{jar:file:/home/runner/.m2/repository/org/apache/ozone/hdds-container-service/1.5.0-SNAPSHOT/hdds-container-service-1.5.0-SNAPSHOT.jar!/webapps/hddsDatanode}
2024-01-14 08:11:12,288 [main] INFO  server.AbstractConnector (AbstractConnector.java:doStart(333)) - Started ServerConnector@4c4b1983{HTTP/1.1, (http/1.1)}{0.0.0.0:15027}
2024-01-14 08:11:12,291 [main] INFO  server.Server (Server.java:doStart(415)) - Started @6753ms
2024-01-14 08:11:12,291 [main] WARN  impl.MetricsSystemImpl (MetricsSystemImpl.java:register(279)) - Sink prometheus already exists!
2024-01-14 08:11:12,292 [main] INFO  http.BaseHttpServer (BaseHttpServer.java:updateConnectorAddress(354)) - HTTP server of hddsDatanode listening at http://0.0.0.0:15027
2024-01-14 08:11:12,292 [main] INFO  ipc.CallQueueManager (CallQueueManager.java:<init>(90)) - Using callQueue: class java.util.concurrent.LinkedBlockingQueue, queueCapacity: 100, scheduler: class org.apache.hadoop.ipc.DefaultRpcScheduler, ipcBackoff: false.
2024-01-14 08:11:12,293 [main] INFO  ipc.Server (Server.java:<init>(1287)) - Listener at 0.0.0.0:15028
2024-01-14 08:11:12,293 [Socket Reader #1 for port 15028] INFO  ipc.Server (Server.java:run(1323)) - Starting Socket Reader #1 for port 15028
2024-01-14 08:11:12,295 [main] INFO  ozone.HddsDatanodeService (HddsDatanodeService.java:start(324)) - Datanode start with admins: [runner]
2024-01-14 08:11:12,295 [main] INFO  ozone.HddsDatanodeClientProtocolServer (HddsDatanodeClientProtocolServer.java:start(72)) - RPC server for Client /0.0.0.0:15028
2024-01-14 08:11:12,296 [IPC Server Responder] INFO  ipc.Server (Server.java:run(1562)) - IPC Server Responder: starting
2024-01-14 08:11:12,296 [IPC Server listener on 15028] INFO  ipc.Server (Server.java:run(1402)) - IPC Server listener on 15028: starting
2024-01-14 08:11:12,298 [0ff4ee77-f176-4c42-9b93-2e8119131049-DatanodeStateMachineDaemonThread] INFO  statemachine.DatanodeStateMachine (DatanodeStateMachine.java:lambda$startDaemon$1(555)) - Ozone container server started.
2024-01-14 08:11:12,298 [main] WARN  dropwizard3.Dm3MetricRegistriesImpl (Dm3MetricRegistriesImpl.java:addReporterRegistration(113)) - New reporters are added after registries were created. Some metrics will be missing from the reporter. Please add reporter before adding any new registry.
2024-01-14 08:11:12,298 [main] WARN  dropwizard3.Dm3MetricRegistriesImpl (Dm3MetricRegistriesImpl.java:addReporterRegistration(113)) - New reporters are added after registries were created. Some metrics will be missing from the reporter. Please add reporter before adding any new registry.
2024-01-14 08:11:12,299 [main] INFO  impl.MetricsSystemImpl (MetricsSystemImpl.java:init(158)) - HddsDatanode metrics system started (again)
2024-01-14 08:11:12,309 [main] INFO  ozone.HddsDatanodeService (HddsDatanodeService.java:start(239)) - HddsDatanodeService host:fv-az737-837 ip:10.1.0.100
2024-01-14 08:11:12,311 [0ff4ee77-f176-4c42-9b93-2e8119131049-DatanodeStateMachineTaskThread-0] INFO  datanode.InitDatanodeState (InitDatanodeState.java:persistContainerDatanodeDetails(139)) - DatanodeDetails is persisted to /home/runner/work/ozone/ozone/hadoop-ozone/integration-test/target/test-dir/MiniOzoneClusterImpl-d05e4a2c-755f-4d37-936b-30aea24b9535/datanode-2/meta/datanode.id
2024-01-14 08:11:12,330 [main] INFO  upgrade.AbstractLayoutVersionManager (AbstractLayoutVersionManager.java:init(83)) - Initializing Layout version manager with metadata layout = HADOOP_PRC_PORTS_IN_DATANODEDETAILS (version = 7), software layout = HADOOP_PRC_PORTS_IN_DATANODEDETAILS (version = 7)
2024-01-14 08:11:12,331 [main] INFO  statemachine.DatanodeStateMachine (DatanodeStateMachine.java:getEndPointTaskThreadPoolSize(299)) - Datanode State Machine Task Thread Pool size 2
2024-01-14 08:11:12,334 [main] INFO  volume.HddsVolume (HddsVolume.java:<init>(125)) - Creating HddsVolume: /home/runner/work/ozone/ozone/hadoop-ozone/integration-test/target/test-dir/MiniOzoneClusterImpl-d05e4a2c-755f-4d37-936b-30aea24b9535/datanode-3/data-0/containers/hdds of storage type : DISK capacity : 9223372036854775807
2024-01-14 08:11:12,335 [main] INFO  volume.MutableVolumeSet (MutableVolumeSet.java:initializeVolumeSet(173)) - Added Volume : /home/runner/work/ozone/ozone/hadoop-ozone/integration-test/target/test-dir/MiniOzoneClusterImpl-d05e4a2c-755f-4d37-936b-30aea24b9535/datanode-3/data-0/containers/hdds to VolumeSet
2024-01-14 08:11:12,337 [main] INFO  volume.MutableVolumeSet (MutableVolumeSet.java:initializeVolumeSet(173)) - Added Volume : /home/runner/work/ozone/ozone/hadoop-ozone/integration-test/target/test-dir/MiniOzoneClusterImpl-d05e4a2c-755f-4d37-936b-30aea24b9535/datanode-3/data/ratis to VolumeSet
2024-01-14 08:11:12,338 [main] INFO  ozoneimpl.OzoneContainer (HddsVolumeUtil.java:loadAllHddsVolumeDbStore(103)) - Load 1 volumes DbStore cost: 0ms
2024-01-14 08:11:12,339 [ee8156c5-6136-4ec5-812d-3226e59a8f74-ContainerReader-0] INFO  ozoneimpl.ContainerReader (ContainerReader.java:readVolume(178)) - Finish verifying containers on volume /home/runner/work/ozone/ozone/hadoop-ozone/integration-test/target/test-dir/MiniOzoneClusterImpl-d05e4a2c-755f-4d37-936b-30aea24b9535/datanode-3/data-0/containers/hdds
2024-01-14 08:11:12,339 [main] INFO  ozoneimpl.OzoneContainer (OzoneContainer.java:buildContainerSet(328)) - Build ContainerSet costs 0s
2024-01-14 08:11:12,343 [main] INFO  server.RaftServer (ConfUtils.java:logGet(46)) - raft.rpc.type = GRPC (default)
2024-01-14 08:11:12,343 [main] INFO  grpc.GrpcConfigKeys (ConfUtils.java:logFallback(53)) - raft.grpc.admin.host = null (fallback to raft.grpc.server.host)
2024-01-14 08:11:12,343 [main] INFO  grpc.GrpcConfigKeys (ConfUtils.java:logGet(46)) - raft.grpc.admin.port = 15040 (custom)
2024-01-14 08:11:12,344 [main] INFO  grpc.GrpcConfigKeys (ConfUtils.java:logFallback(53)) - raft.grpc.client.host = null (fallback to raft.grpc.server.host)
2024-01-14 08:11:12,344 [main] INFO  grpc.GrpcConfigKeys (ConfUtils.java:logGet(46)) - raft.grpc.client.port = 15039 (custom)
2024-01-14 08:11:12,344 [main] INFO  grpc.GrpcConfigKeys (ConfUtils.java:logGet(46)) - raft.grpc.server.host = null (default)
2024-01-14 08:11:12,344 [main] INFO  grpc.GrpcConfigKeys (ConfUtils.java:logGet(46)) - raft.grpc.server.port = 15041 (custom)
2024-01-14 08:11:12,345 [main] INFO  server.GrpcService (ConfUtils.java:logGet(46)) - raft.grpc.message.size.max = 32MB (=33554432) (custom)
2024-01-14 08:11:12,345 [main] INFO  server.RaftServerConfigKeys (ConfUtils.java:logGet(46)) - raft.server.log.appender.buffer.byte-limit = 8388608 (custom)
2024-01-14 08:11:12,345 [main] INFO  server.GrpcService (ConfUtils.java:logGet(46)) - raft.grpc.flow.control.window = 5MB (=5242880) (custom)
2024-01-14 08:11:12,345 [main] INFO  server.RaftServerConfigKeys (ConfUtils.java:logGet(46)) - raft.server.rpc.request.timeout = 3000ms (default)
2024-01-14 08:11:12,346 [main] INFO  grpc.GrpcConfigKeys (ConfUtils.java:logGet(46)) - raft.grpc.server.heartbeat.channel = true (default)
2024-01-14 08:11:12,346 [main] INFO  grpc.GrpcConfigKeys (ConfUtils.java:logGet(46)) - raft.grpc.server.async.request.thread.pool.cached = true (default)
2024-01-14 08:11:12,346 [main] INFO  grpc.GrpcConfigKeys (ConfUtils.java:logGet(46)) - raft.grpc.server.async.request.thread.pool.size = 32 (default)
2024-01-14 08:11:12,348 [main] INFO  impl.DataStreamServerImpl (ConfUtils.java:logGet(46)) - raft.datastream.type = NETTY (custom)
2024-01-14 08:11:12,349 [main] INFO  server.RaftServerConfigKeys (ConfUtils.java:logGet(46)) - raft.server.data-stream.async.request.thread.pool.cached = false (default)
2024-01-14 08:11:12,349 [main] INFO  server.RaftServerConfigKeys (ConfUtils.java:logGet(46)) - raft.server.data-stream.async.request.thread.pool.size = 20 (custom)
2024-01-14 08:11:12,349 [main] INFO  server.RaftServerConfigKeys (ConfUtils.java:logGet(46)) - raft.server.data-stream.async.write.thread.pool.size = 16 (default)
2024-01-14 08:11:12,350 [main] INFO  netty.NettyConfigKeys$DataStream (ConfUtils.java:logGet(46)) - raft.netty.dataStream.server.channel.inactive.grace-period = 10min (default)
2024-01-14 08:11:12,350 [main] INFO  server.RaftServerConfigKeys (ConfUtils.java:logGet(46)) - raft.server.data-stream.client.pool.size = 10 (default)
2024-01-14 08:11:12,350 [main] INFO  netty.NettyConfigKeys$DataStream (ConfUtils.java:logGet(46)) - raft.netty.dataStream.server.use-epoll = true (default)
2024-01-14 08:11:12,350 [main] INFO  netty.NettyConfigKeys$DataStream (ConfUtils.java:logGet(46)) - raft.netty.dataStream.server.boss-group.size = 0 (default)
2024-01-14 08:11:12,351 [main] INFO  netty.NettyUtils (NettyUtils.java:newEventLoopGroup(69)) - Create EpollEventLoopGroup for ee8156c5-6136-4ec5-812d-3226e59a8f74-NettyServerStreamRpc-bossGroup; Thread size is 0.
2024-01-14 08:11:12,351 [main] INFO  netty.NettyConfigKeys$DataStream (ConfUtils.java:logGet(46)) - raft.netty.dataStream.server.worker-group.size = 0 (default)
2024-01-14 08:11:12,352 [main] INFO  netty.NettyUtils (NettyUtils.java:newEventLoopGroup(69)) - Create EpollEventLoopGroup for ee8156c5-6136-4ec5-812d-3226e59a8f74-NettyServerStreamRpc-workerGroup; Thread size is 0.
2024-01-14 08:11:12,352 [main] INFO  netty.NettyConfigKeys$DataStream (ConfUtils.java:logGet(46)) - raft.netty.dataStream.server.tls.conf = null (default)
2024-01-14 08:11:12,352 [main] INFO  netty.NettyConfigKeys$DataStream (ConfUtils.java:logGet(46)) - raft.netty.dataStream.host = null (default)
2024-01-14 08:11:12,353 [main] INFO  netty.NettyConfigKeys$DataStream (ConfUtils.java:logGet(46)) - raft.netty.dataStream.port = 15042 (custom)
2024-01-14 08:11:12,353 [main] INFO  server.RaftServerConfigKeys (ConfUtils.java:logGet(46)) - raft.server.sleep.deviation.threshold = 300ms (default)
2024-01-14 08:11:12,354 [main] INFO  server.RaftServerConfigKeys (ConfUtils.java:logGet(46)) - raft.server.close.threshold = 60s (default)
2024-01-14 08:11:12,354 [ee8156c5-6136-4ec5-812d-3226e59a8f74-NettyServerStreamRpc-bossGroup--thread1] INFO  logging.LoggingHandler (AbstractInternalLogger.java:log(148)) - [id: 0xa23e026e] REGISTERED
2024-01-14 08:11:12,355 [main] INFO  server.RaftServerConfigKeys (ConfUtils.java:logGet(46)) - raft.server.leaderelection.leader.step-down.wait-time = 10s (default)
2024-01-14 08:11:12,355 [ee8156c5-6136-4ec5-812d-3226e59a8f74-NettyServerStreamRpc-bossGroup--thread1] INFO  logging.LoggingHandler (AbstractInternalLogger.java:log(148)) - [id: 0xa23e026e] BIND: 0.0.0.0/0.0.0.0:15042
2024-01-14 08:11:12,355 [main] INFO  server.RaftServerConfigKeys (ConfUtils.java:logGet(46)) - raft.server.storage.dir = [/home/runner/work/ozone/ozone/hadoop-ozone/integration-test/target/test-dir/MiniOzoneClusterImpl-d05e4a2c-755f-4d37-936b-30aea24b9535/datanode-3/data/ratis] (custom)
2024-01-14 08:11:12,355 [ee8156c5-6136-4ec5-812d-3226e59a8f74-NettyServerStreamRpc-bossGroup--thread1] INFO  logging.LoggingHandler (AbstractInternalLogger.java:log(148)) - [id: 0xa23e026e, L:/0.0.0.0:15042] ACTIVE
2024-01-14 08:11:12,355 [main] INFO  server.RaftServerConfigKeys (ConfUtils.java:logGet(46)) - raft.server.threadpool.proxy.cached = true (default)
2024-01-14 08:11:12,356 [main] INFO  server.RaftServerConfigKeys (ConfUtils.java:logGet(46)) - raft.server.threadpool.proxy.size = 0 (default)
2024-01-14 08:11:12,356 [ee8156c5-6136-4ec5-812d-3226e59a8f74-impl-thread1] INFO  server.RaftServer (RaftServerProxy.java:initGroupDir(264)) - ee8156c5-6136-4ec5-812d-3226e59a8f74: found a subdirectory /home/runner/work/ozone/ozone/hadoop-ozone/integration-test/target/test-dir/MiniOzoneClusterImpl-d05e4a2c-755f-4d37-936b-30aea24b9535/datanode-3/data/ratis/tmp
2024-01-14 08:11:12,356 [ee8156c5-6136-4ec5-812d-3226e59a8f74-impl-thread1] INFO  server.RaftServer (RaftServerProxy.java:initGroupDir(269)) - ee8156c5-6136-4ec5-812d-3226e59a8f74: The directory /home/runner/work/ozone/ozone/hadoop-ozone/integration-test/target/test-dir/MiniOzoneClusterImpl-d05e4a2c-755f-4d37-936b-30aea24b9535/datanode-3/data/ratis/tmp is not a group directory; ignoring it. 
2024-01-14 08:11:12,357 [main] INFO  replication.ReplicationServer (ReplicationServer.java:<init>(85)) - Initializing replication server with thread count = 10 queue length = 4096
2024-01-14 08:11:12,358 [main] INFO  server.XceiverServerGrpc (XceiverServerGrpc.java:<init>(141)) - GrpcServer channel type EpollServerSocketChannel
2024-01-14 08:11:12,360 [main] INFO  replication.ReplicationSupervisor (ReplicationSupervisor.java:build(163)) - Initializing replication supervisor with thread count = 10
2024-01-14 08:11:12,361 [main] INFO  replication.ReplicationSupervisor (ReplicationSupervisor.java:nodeStateUpdated(317)) - Node state updated to IN_SERVICE, scaling executor pool size to 10
2024-01-14 08:11:12,363 [main] INFO  http.BaseHttpServer (BaseHttpServer.java:newHttpServer2BuilderForOzone(223)) - Starting Web-server for hddsDatanode at: http://0.0.0.0:15036
2024-01-14 08:11:12,364 [main] INFO  http.BaseHttpServer (BaseHttpServer.java:<init>(110)) - Hadoop Security Enabled: false Ozone Security Enabled: false Ozone HTTP Security Enabled: false 
2024-01-14 08:11:12,365 [main] WARN  server.AuthenticationFilter (AuthenticationFilter.java:constructSecretProvider(240)) - Unable to initialize FileSignerSecretProvider, falling back to use random secrets. Reason: Could not read signature secret file: /home/runner/hadoop-http-auth-signature-secret
2024-01-14 08:11:12,366 [main] INFO  http.HttpRequestLog (HttpRequestLog.java:getRequestLog(86)) - Http request log for http.requests.hddsDatanode is not defined
2024-01-14 08:11:12,367 [main] INFO  http.HttpServer2 (HttpServer2.java:addGlobalFilter(1036)) - Added global filter 'safety' (class=org.apache.hadoop.hdds.server.http.HttpServer2$QuotingInputFilter)
2024-01-14 08:11:12,368 [main] INFO  http.HttpServer2 (HttpServer2.java:addFilter(1012)) - Added filter static_user_filter (class=org.apache.hadoop.http.lib.StaticUserWebFilter$StaticUserFilter) to context hddsDatanode
2024-01-14 08:11:12,369 [main] INFO  http.HttpServer2 (HttpServer2.java:addFilter(1020)) - Added filter static_user_filter (class=org.apache.hadoop.http.lib.StaticUserWebFilter$StaticUserFilter) to context logs
2024-01-14 08:11:12,369 [main] INFO  http.HttpServer2 (HttpServer2.java:addFilter(1020)) - Added filter static_user_filter (class=org.apache.hadoop.http.lib.StaticUserWebFilter$StaticUserFilter) to context static
2024-01-14 08:11:12,370 [main] INFO  http.BaseHttpServer (BaseHttpServer.java:<init>(189)) - HTTP server of hddsDatanode uses base directory /home/runner/work/ozone/ozone/hadoop-ozone/integration-test/target/test-dir/MiniOzoneClusterImpl-d05e4a2c-755f-4d37-936b-30aea24b9535/datanode-3/meta/webserver
2024-01-14 08:11:12,371 [main] INFO  http.HttpServer2 (HttpServer2.java:bindListener(1236)) - Jetty bound to port 15036
2024-01-14 08:11:12,371 [main] INFO  server.Server (Server.java:doStart(375)) - jetty-9.4.53.v20231009; built: 2023-10-09T12:29:09.265Z; git: 27bde00a0b95a1d5bbee0eae7984f891d2d0f8c9; jvm 1.8.0_392-b08
2024-01-14 08:11:12,374 [main] INFO  server.session (DefaultSessionIdManager.java:doStart(334)) - DefaultSessionIdManager workerName=node0
2024-01-14 08:11:12,375 [main] INFO  server.session (DefaultSessionIdManager.java:doStart(339)) - No SessionScavenger set, using defaults
2024-01-14 08:11:12,375 [main] INFO  server.session (HouseKeeper.java:startScavenging(132)) - node0 Scavenging every 600000ms
2024-01-14 08:11:12,378 [main] INFO  handler.ContextHandler (ContextHandler.java:doStart(921)) - Started o.e.j.s.ServletContextHandler@dfb8c98{logs,/logs,file:///home/runner/work/ozone/ozone/hadoop-ozone/integration-test/target/log,AVAILABLE}
2024-01-14 08:11:12,379 [main] INFO  handler.ContextHandler (ContextHandler.java:doStart(921)) - Started o.e.j.s.ServletContextHandler@208d1388{static,/static,jar:file:/home/runner/.m2/repository/org/apache/ozone/hdds-container-service/1.5.0-SNAPSHOT/hdds-container-service-1.5.0-SNAPSHOT.jar!/webapps/static,AVAILABLE}
2024-01-14 08:11:12,423 [main] INFO  handler.ContextHandler (ContextHandler.java:doStart(921)) - Started o.e.j.w.WebAppContext@49844b14{hddsDatanode,/,file:///home/runner/work/ozone/ozone/hadoop-ozone/integration-test/target/test-dir/MiniOzoneClusterImpl-d05e4a2c-755f-4d37-936b-30aea24b9535/datanode-3/meta/webserver/jetty-0_0_0_0-15036-hdds-container-service-1_5_0-SNAPSHOT_jar-_-any-8153898947577212104/webapp/,AVAILABLE}{jar:file:/home/runner/.m2/repository/org/apache/ozone/hdds-container-service/1.5.0-SNAPSHOT/hdds-container-service-1.5.0-SNAPSHOT.jar!/webapps/hddsDatanode}
2024-01-14 08:11:12,425 [main] INFO  server.AbstractConnector (AbstractConnector.java:doStart(333)) - Started ServerConnector@12bef203{HTTP/1.1, (http/1.1)}{0.0.0.0:15036}
2024-01-14 08:11:12,426 [main] INFO  server.Server (Server.java:doStart(415)) - Started @6888ms
2024-01-14 08:11:12,426 [main] WARN  impl.MetricsSystemImpl (MetricsSystemImpl.java:register(279)) - Sink prometheus already exists!
2024-01-14 08:11:12,427 [main] INFO  http.BaseHttpServer (BaseHttpServer.java:updateConnectorAddress(354)) - HTTP server of hddsDatanode listening at http://0.0.0.0:15036
2024-01-14 08:11:12,427 [main] INFO  ipc.CallQueueManager (CallQueueManager.java:<init>(90)) - Using callQueue: class java.util.concurrent.LinkedBlockingQueue, queueCapacity: 100, scheduler: class org.apache.hadoop.ipc.DefaultRpcScheduler, ipcBackoff: false.
2024-01-14 08:11:12,427 [main] INFO  ipc.Server (Server.java:<init>(1287)) - Listener at 0.0.0.0:15037
2024-01-14 08:11:12,429 [Socket Reader #1 for port 15037] INFO  ipc.Server (Server.java:run(1323)) - Starting Socket Reader #1 for port 15037
2024-01-14 08:11:12,431 [main] INFO  ozone.HddsDatanodeService (HddsDatanodeService.java:start(324)) - Datanode start with admins: [runner]
2024-01-14 08:11:12,431 [main] INFO  ozone.HddsDatanodeClientProtocolServer (HddsDatanodeClientProtocolServer.java:start(72)) - RPC server for Client /0.0.0.0:15037
2024-01-14 08:11:12,432 [IPC Server Responder] INFO  ipc.Server (Server.java:run(1562)) - IPC Server Responder: starting
2024-01-14 08:11:12,432 [IPC Server listener on 15037] INFO  ipc.Server (Server.java:run(1402)) - IPC Server listener on 15037: starting
2024-01-14 08:11:12,436 [main] WARN  dropwizard3.Dm3MetricRegistriesImpl (Dm3MetricRegistriesImpl.java:addReporterRegistration(113)) - New reporters are added after registries were created. Some metrics will be missing from the reporter. Please add reporter before adding any new registry.
2024-01-14 08:11:12,437 [main] WARN  dropwizard3.Dm3MetricRegistriesImpl (Dm3MetricRegistriesImpl.java:addReporterRegistration(113)) - New reporters are added after registries were created. Some metrics will be missing from the reporter. Please add reporter before adding any new registry.
2024-01-14 08:11:12,436 [ee8156c5-6136-4ec5-812d-3226e59a8f74-DatanodeStateMachineDaemonThread] INFO  statemachine.DatanodeStateMachine (DatanodeStateMachine.java:lambda$startDaemon$1(555)) - Ozone container server started.
2024-01-14 08:11:12,437 [main] INFO  impl.MetricsSystemImpl (MetricsSystemImpl.java:init(158)) - HddsDatanode metrics system started (again)
2024-01-14 08:11:12,449 [main] INFO  ozone.HddsDatanodeService (HddsDatanodeService.java:start(239)) - HddsDatanodeService host:fv-az737-837 ip:10.1.0.100
2024-01-14 08:11:12,453 [ee8156c5-6136-4ec5-812d-3226e59a8f74-DatanodeStateMachineTaskThread-0] INFO  datanode.InitDatanodeState (InitDatanodeState.java:persistContainerDatanodeDetails(139)) - DatanodeDetails is persisted to /home/runner/work/ozone/ozone/hadoop-ozone/integration-test/target/test-dir/MiniOzoneClusterImpl-d05e4a2c-755f-4d37-936b-30aea24b9535/datanode-3/meta/datanode.id
2024-01-14 08:11:12,474 [main] INFO  upgrade.AbstractLayoutVersionManager (AbstractLayoutVersionManager.java:init(83)) - Initializing Layout version manager with metadata layout = HADOOP_PRC_PORTS_IN_DATANODEDETAILS (version = 7), software layout = HADOOP_PRC_PORTS_IN_DATANODEDETAILS (version = 7)
2024-01-14 08:11:12,475 [main] INFO  statemachine.DatanodeStateMachine (DatanodeStateMachine.java:getEndPointTaskThreadPoolSize(299)) - Datanode State Machine Task Thread Pool size 2
2024-01-14 08:11:12,477 [main] INFO  volume.HddsVolume (HddsVolume.java:<init>(125)) - Creating HddsVolume: /home/runner/work/ozone/ozone/hadoop-ozone/integration-test/target/test-dir/MiniOzoneClusterImpl-d05e4a2c-755f-4d37-936b-30aea24b9535/datanode-4/data-0/containers/hdds of storage type : DISK capacity : 9223372036854775807
2024-01-14 08:11:12,478 [main] INFO  volume.MutableVolumeSet (MutableVolumeSet.java:initializeVolumeSet(173)) - Added Volume : /home/runner/work/ozone/ozone/hadoop-ozone/integration-test/target/test-dir/MiniOzoneClusterImpl-d05e4a2c-755f-4d37-936b-30aea24b9535/datanode-4/data-0/containers/hdds to VolumeSet
2024-01-14 08:11:12,479 [main] INFO  volume.MutableVolumeSet (MutableVolumeSet.java:initializeVolumeSet(173)) - Added Volume : /home/runner/work/ozone/ozone/hadoop-ozone/integration-test/target/test-dir/MiniOzoneClusterImpl-d05e4a2c-755f-4d37-936b-30aea24b9535/datanode-4/data/ratis to VolumeSet
2024-01-14 08:11:12,481 [main] INFO  ozoneimpl.OzoneContainer (HddsVolumeUtil.java:loadAllHddsVolumeDbStore(103)) - Load 1 volumes DbStore cost: 2ms
2024-01-14 08:11:12,482 [50de051d-3e76-4053-aa92-929931ae6eb2-ContainerReader-0] INFO  ozoneimpl.ContainerReader (ContainerReader.java:readVolume(178)) - Finish verifying containers on volume /home/runner/work/ozone/ozone/hadoop-ozone/integration-test/target/test-dir/MiniOzoneClusterImpl-d05e4a2c-755f-4d37-936b-30aea24b9535/datanode-4/data-0/containers/hdds
2024-01-14 08:11:12,482 [main] INFO  ozoneimpl.OzoneContainer (OzoneContainer.java:buildContainerSet(328)) - Build ContainerSet costs 0s
2024-01-14 08:11:12,485 [main] INFO  server.RaftServer (ConfUtils.java:logGet(46)) - raft.rpc.type = GRPC (default)
2024-01-14 08:11:12,485 [main] INFO  grpc.GrpcConfigKeys (ConfUtils.java:logFallback(53)) - raft.grpc.admin.host = null (fallback to raft.grpc.server.host)
2024-01-14 08:11:12,485 [main] INFO  grpc.GrpcConfigKeys (ConfUtils.java:logGet(46)) - raft.grpc.admin.port = 15049 (custom)
2024-01-14 08:11:12,485 [main] INFO  grpc.GrpcConfigKeys (ConfUtils.java:logFallback(53)) - raft.grpc.client.host = null (fallback to raft.grpc.server.host)
2024-01-14 08:11:12,486 [main] INFO  grpc.GrpcConfigKeys (ConfUtils.java:logGet(46)) - raft.grpc.client.port = 15048 (custom)
2024-01-14 08:11:12,486 [main] INFO  grpc.GrpcConfigKeys (ConfUtils.java:logGet(46)) - raft.grpc.server.host = null (default)
2024-01-14 08:11:12,486 [main] INFO  grpc.GrpcConfigKeys (ConfUtils.java:logGet(46)) - raft.grpc.server.port = 15050 (custom)
2024-01-14 08:11:12,486 [main] INFO  server.GrpcService (ConfUtils.java:logGet(46)) - raft.grpc.message.size.max = 32MB (=33554432) (custom)
2024-01-14 08:11:12,487 [main] INFO  server.RaftServerConfigKeys (ConfUtils.java:logGet(46)) - raft.server.log.appender.buffer.byte-limit = 8388608 (custom)
2024-01-14 08:11:12,487 [main] INFO  server.GrpcService (ConfUtils.java:logGet(46)) - raft.grpc.flow.control.window = 5MB (=5242880) (custom)
2024-01-14 08:11:12,487 [main] INFO  server.RaftServerConfigKeys (ConfUtils.java:logGet(46)) - raft.server.rpc.request.timeout = 3000ms (default)
2024-01-14 08:11:12,488 [main] INFO  grpc.GrpcConfigKeys (ConfUtils.java:logGet(46)) - raft.grpc.server.heartbeat.channel = true (default)
2024-01-14 08:11:12,488 [main] INFO  grpc.GrpcConfigKeys (ConfUtils.java:logGet(46)) - raft.grpc.server.async.request.thread.pool.cached = true (default)
2024-01-14 08:11:12,488 [main] INFO  grpc.GrpcConfigKeys (ConfUtils.java:logGet(46)) - raft.grpc.server.async.request.thread.pool.size = 32 (default)
2024-01-14 08:11:12,490 [main] INFO  impl.DataStreamServerImpl (ConfUtils.java:logGet(46)) - raft.datastream.type = NETTY (custom)
2024-01-14 08:11:12,491 [main] INFO  server.RaftServerConfigKeys (ConfUtils.java:logGet(46)) - raft.server.data-stream.async.request.thread.pool.cached = false (default)
2024-01-14 08:11:12,491 [main] INFO  server.RaftServerConfigKeys (ConfUtils.java:logGet(46)) - raft.server.data-stream.async.request.thread.pool.size = 20 (custom)
2024-01-14 08:11:12,491 [main] INFO  server.RaftServerConfigKeys (ConfUtils.java:logGet(46)) - raft.server.data-stream.async.write.thread.pool.size = 16 (default)
2024-01-14 08:11:12,491 [main] INFO  netty.NettyConfigKeys$DataStream (ConfUtils.java:logGet(46)) - raft.netty.dataStream.server.channel.inactive.grace-period = 10min (default)
2024-01-14 08:11:12,492 [main] INFO  server.RaftServerConfigKeys (ConfUtils.java:logGet(46)) - raft.server.data-stream.client.pool.size = 10 (default)
2024-01-14 08:11:12,492 [main] INFO  netty.NettyConfigKeys$DataStream (ConfUtils.java:logGet(46)) - raft.netty.dataStream.server.use-epoll = true (default)
2024-01-14 08:11:12,492 [main] INFO  netty.NettyConfigKeys$DataStream (ConfUtils.java:logGet(46)) - raft.netty.dataStream.server.boss-group.size = 0 (default)
2024-01-14 08:11:12,492 [main] INFO  netty.NettyUtils (NettyUtils.java:newEventLoopGroup(69)) - Create EpollEventLoopGroup for 50de051d-3e76-4053-aa92-929931ae6eb2-NettyServerStreamRpc-bossGroup; Thread size is 0.
2024-01-14 08:11:12,493 [main] INFO  netty.NettyConfigKeys$DataStream (ConfUtils.java:logGet(46)) - raft.netty.dataStream.server.worker-group.size = 0 (default)
2024-01-14 08:11:12,493 [main] INFO  netty.NettyUtils (NettyUtils.java:newEventLoopGroup(69)) - Create EpollEventLoopGroup for 50de051d-3e76-4053-aa92-929931ae6eb2-NettyServerStreamRpc-workerGroup; Thread size is 0.
2024-01-14 08:11:12,494 [main] INFO  netty.NettyConfigKeys$DataStream (ConfUtils.java:logGet(46)) - raft.netty.dataStream.server.tls.conf = null (default)
2024-01-14 08:11:12,494 [main] INFO  netty.NettyConfigKeys$DataStream (ConfUtils.java:logGet(46)) - raft.netty.dataStream.host = null (default)
2024-01-14 08:11:12,494 [main] INFO  netty.NettyConfigKeys$DataStream (ConfUtils.java:logGet(46)) - raft.netty.dataStream.port = 15051 (custom)
2024-01-14 08:11:12,495 [main] INFO  server.RaftServerConfigKeys (ConfUtils.java:logGet(46)) - raft.server.sleep.deviation.threshold = 300ms (default)
2024-01-14 08:11:12,496 [main] INFO  server.RaftServerConfigKeys (ConfUtils.java:logGet(46)) - raft.server.close.threshold = 60s (default)
2024-01-14 08:11:12,496 [main] INFO  server.RaftServerConfigKeys (ConfUtils.java:logGet(46)) - raft.server.leaderelection.leader.step-down.wait-time = 10s (default)
2024-01-14 08:11:12,497 [main] INFO  server.RaftServerConfigKeys (ConfUtils.java:logGet(46)) - raft.server.storage.dir = [/home/runner/work/ozone/ozone/hadoop-ozone/integration-test/target/test-dir/MiniOzoneClusterImpl-d05e4a2c-755f-4d37-936b-30aea24b9535/datanode-4/data/ratis] (custom)
2024-01-14 08:11:12,497 [main] INFO  server.RaftServerConfigKeys (ConfUtils.java:logGet(46)) - raft.server.threadpool.proxy.cached = true (default)
2024-01-14 08:11:12,497 [main] INFO  server.RaftServerConfigKeys (ConfUtils.java:logGet(46)) - raft.server.threadpool.proxy.size = 0 (default)
2024-01-14 08:11:12,497 [50de051d-3e76-4053-aa92-929931ae6eb2-NettyServerStreamRpc-bossGroup--thread1] INFO  logging.LoggingHandler (AbstractInternalLogger.java:log(148)) - [id: 0xc50457e2] REGISTERED
2024-01-14 08:11:12,498 [50de051d-3e76-4053-aa92-929931ae6eb2-NettyServerStreamRpc-bossGroup--thread1] INFO  logging.LoggingHandler (AbstractInternalLogger.java:log(148)) - [id: 0xc50457e2] BIND: 0.0.0.0/0.0.0.0:15051
2024-01-14 08:11:12,498 [50de051d-3e76-4053-aa92-929931ae6eb2-NettyServerStreamRpc-bossGroup--thread1] INFO  logging.LoggingHandler (AbstractInternalLogger.java:log(148)) - [id: 0xc50457e2, L:/0.0.0.0:15051] ACTIVE
2024-01-14 08:11:12,506 [50de051d-3e76-4053-aa92-929931ae6eb2-impl-thread1] INFO  server.RaftServer (RaftServerProxy.java:initGroupDir(264)) - 50de051d-3e76-4053-aa92-929931ae6eb2: found a subdirectory /home/runner/work/ozone/ozone/hadoop-ozone/integration-test/target/test-dir/MiniOzoneClusterImpl-d05e4a2c-755f-4d37-936b-30aea24b9535/datanode-4/data/ratis/tmp
2024-01-14 08:11:12,506 [50de051d-3e76-4053-aa92-929931ae6eb2-impl-thread1] INFO  server.RaftServer (RaftServerProxy.java:initGroupDir(269)) - 50de051d-3e76-4053-aa92-929931ae6eb2: The directory /home/runner/work/ozone/ozone/hadoop-ozone/integration-test/target/test-dir/MiniOzoneClusterImpl-d05e4a2c-755f-4d37-936b-30aea24b9535/datanode-4/data/ratis/tmp is not a group directory; ignoring it. 
2024-01-14 08:11:12,507 [main] INFO  replication.ReplicationServer (ReplicationServer.java:<init>(85)) - Initializing replication server with thread count = 10 queue length = 4096
2024-01-14 08:11:12,508 [main] INFO  server.XceiverServerGrpc (XceiverServerGrpc.java:<init>(141)) - GrpcServer channel type EpollServerSocketChannel
2024-01-14 08:11:12,510 [main] INFO  replication.ReplicationSupervisor (ReplicationSupervisor.java:build(163)) - Initializing replication supervisor with thread count = 10
2024-01-14 08:11:12,510 [main] INFO  replication.ReplicationSupervisor (ReplicationSupervisor.java:nodeStateUpdated(317)) - Node state updated to IN_SERVICE, scaling executor pool size to 10
2024-01-14 08:11:12,519 [main] INFO  http.BaseHttpServer (BaseHttpServer.java:newHttpServer2BuilderForOzone(223)) - Starting Web-server for hddsDatanode at: http://0.0.0.0:15045
2024-01-14 08:11:12,519 [main] INFO  http.BaseHttpServer (BaseHttpServer.java:<init>(110)) - Hadoop Security Enabled: false Ozone Security Enabled: false Ozone HTTP Security Enabled: false 
2024-01-14 08:11:12,521 [main] WARN  server.AuthenticationFilter (AuthenticationFilter.java:constructSecretProvider(240)) - Unable to initialize FileSignerSecretProvider, falling back to use random secrets. Reason: Could not read signature secret file: /home/runner/hadoop-http-auth-signature-secret
2024-01-14 08:11:12,521 [main] INFO  http.HttpRequestLog (HttpRequestLog.java:getRequestLog(86)) - Http request log for http.requests.hddsDatanode is not defined
2024-01-14 08:11:12,523 [main] INFO  http.HttpServer2 (HttpServer2.java:addGlobalFilter(1036)) - Added global filter 'safety' (class=org.apache.hadoop.hdds.server.http.HttpServer2$QuotingInputFilter)
2024-01-14 08:11:12,526 [main] INFO  http.HttpServer2 (HttpServer2.java:addFilter(1012)) - Added filter static_user_filter (class=org.apache.hadoop.http.lib.StaticUserWebFilter$StaticUserFilter) to context hddsDatanode
2024-01-14 08:11:12,526 [main] INFO  http.HttpServer2 (HttpServer2.java:addFilter(1020)) - Added filter static_user_filter (class=org.apache.hadoop.http.lib.StaticUserWebFilter$StaticUserFilter) to context static
2024-01-14 08:11:12,526 [main] INFO  http.HttpServer2 (HttpServer2.java:addFilter(1020)) - Added filter static_user_filter (class=org.apache.hadoop.http.lib.StaticUserWebFilter$StaticUserFilter) to context logs
2024-01-14 08:11:12,527 [main] INFO  http.BaseHttpServer (BaseHttpServer.java:<init>(189)) - HTTP server of hddsDatanode uses base directory /home/runner/work/ozone/ozone/hadoop-ozone/integration-test/target/test-dir/MiniOzoneClusterImpl-d05e4a2c-755f-4d37-936b-30aea24b9535/datanode-4/meta/webserver
2024-01-14 08:11:12,527 [main] INFO  http.HttpServer2 (HttpServer2.java:bindListener(1236)) - Jetty bound to port 15045
2024-01-14 08:11:12,527 [main] INFO  server.Server (Server.java:doStart(375)) - jetty-9.4.53.v20231009; built: 2023-10-09T12:29:09.265Z; git: 27bde00a0b95a1d5bbee0eae7984f891d2d0f8c9; jvm 1.8.0_392-b08
2024-01-14 08:11:12,528 [main] INFO  server.session (DefaultSessionIdManager.java:doStart(334)) - DefaultSessionIdManager workerName=node0
2024-01-14 08:11:12,528 [main] INFO  server.session (DefaultSessionIdManager.java:doStart(339)) - No SessionScavenger set, using defaults
2024-01-14 08:11:12,529 [main] INFO  server.session (HouseKeeper.java:startScavenging(132)) - node0 Scavenging every 600000ms
2024-01-14 08:11:12,529 [main] INFO  handler.ContextHandler (ContextHandler.java:doStart(921)) - Started o.e.j.s.ServletContextHandler@5e3aa20f{logs,/logs,file:///home/runner/work/ozone/ozone/hadoop-ozone/integration-test/target/log,AVAILABLE}
2024-01-14 08:11:12,530 [main] INFO  handler.ContextHandler (ContextHandler.java:doStart(921)) - Started o.e.j.s.ServletContextHandler@6608ecac{static,/static,jar:file:/home/runner/.m2/repository/org/apache/ozone/hdds-container-service/1.5.0-SNAPSHOT/hdds-container-service-1.5.0-SNAPSHOT.jar!/webapps/static,AVAILABLE}
2024-01-14 08:11:12,543 [om1@group-C5BA1605619E-FollowerState] INFO  impl.FollowerState (FollowerState.java:run(143)) - om1@group-C5BA1605619E-FollowerState: change to CANDIDATE, lastRpcElapsedTime:1131324390ns, electionTimeout:1129ms
2024-01-14 08:11:12,543 [om1@group-C5BA1605619E-FollowerState] INFO  impl.RoleInfo (RoleInfo.java:shutdownFollowerState(110)) - om1: shutdown om1@group-C5BA1605619E-FollowerState
2024-01-14 08:11:12,544 [om1@group-C5BA1605619E-FollowerState] INFO  server.RaftServer$Division (RaftServerImpl.java:setRole(383)) - om1@group-C5BA1605619E: changes role from  FOLLOWER to CANDIDATE at term 0 for changeToCandidate
2024-01-14 08:11:12,546 [om1@group-C5BA1605619E-FollowerState] INFO  server.RaftServerConfigKeys (ConfUtils.java:logGet(46)) - raft.server.leaderelection.pre-vote = true (default)
2024-01-14 08:11:12,546 [om1@group-C5BA1605619E-FollowerState] INFO  impl.RoleInfo (RoleInfo.java:updateAndGet(139)) - om1: start om1@group-C5BA1605619E-LeaderElection1
2024-01-14 08:11:12,550 [om1@group-C5BA1605619E-LeaderElection1] INFO  impl.LeaderElection (LeaderElection.java:askForVotes(321)) - om1@group-C5BA1605619E-LeaderElection1 PRE_VOTE round 0: submit vote requests at term 0 for -1: peers:[om1|localhost:15007]|listeners:[], old=null
2024-01-14 08:11:12,551 [om1@group-C5BA1605619E-LeaderElection1] INFO  impl.LeaderElection (LeaderElection.java:askForVotes(323)) - om1@group-C5BA1605619E-LeaderElection1 PRE_VOTE round 0: result PASSED (term=0)
2024-01-14 08:11:12,553 [om1@group-C5BA1605619E-LeaderElection1] INFO  impl.LeaderElection (LeaderElection.java:askForVotes(321)) - om1@group-C5BA1605619E-LeaderElection1 ELECTION round 0: submit vote requests at term 1 for -1: peers:[om1|localhost:15007]|listeners:[], old=null
2024-01-14 08:11:12,553 [om1@group-C5BA1605619E-LeaderElection1] INFO  impl.LeaderElection (LeaderElection.java:askForVotes(323)) - om1@group-C5BA1605619E-LeaderElection1 ELECTION round 0: result PASSED (term=1)
2024-01-14 08:11:12,553 [om1@group-C5BA1605619E-LeaderElection1] INFO  impl.RoleInfo (RoleInfo.java:shutdownLeaderElection(130)) - om1: shutdown om1@group-C5BA1605619E-LeaderElection1
2024-01-14 08:11:12,553 [om1@group-C5BA1605619E-LeaderElection1] INFO  server.RaftServer$Division (RaftServerImpl.java:setRole(383)) - om1@group-C5BA1605619E: changes role from CANDIDATE to LEADER at term 1 for changeToLeader
2024-01-14 08:11:12,558 [om1@group-C5BA1605619E-LeaderElection1] INFO  server.RaftServerConfigKeys (ConfUtils.java:logGet(46)) - raft.server.staging.catchup.gap = 1000 (default)
2024-01-14 08:11:12,561 [om1@group-C5BA1605619E-LeaderElection1] INFO  server.RaftServerConfigKeys (ConfUtils.java:logGet(46)) - raft.server.write.element-limit = 4096 (default)
2024-01-14 08:11:12,561 [om1@group-C5BA1605619E-LeaderElection1] INFO  server.RaftServerConfigKeys (ConfUtils.java:logGet(46)) - raft.server.write.byte-limit = 64MB (=67108864) (default)
2024-01-14 08:11:12,564 [om1@group-C5BA1605619E-LeaderElection1] INFO  server.RaftServerConfigKeys (ConfUtils.java:logGet(46)) - raft.server.watch.timeout = 10s (default)
2024-01-14 08:11:12,564 [om1@group-C5BA1605619E-LeaderElection1] INFO  server.RaftServerConfigKeys (ConfUtils.java:logGet(46)) - raft.server.watch.timeout.denomination = 1s (default)
2024-01-14 08:11:12,564 [om1@group-C5BA1605619E-LeaderElection1] INFO  server.RaftServerConfigKeys (ConfUtils.java:logGet(46)) - raft.server.watch.element-limit = 65536 (default)
2024-01-14 08:11:12,568 [om1@group-C5BA1605619E-LeaderElection1] INFO  server.RaftServerConfigKeys (ConfUtils.java:logGet(46)) - raft.server.read.leader.lease.enabled = false (default)
2024-01-14 08:11:12,570 [om1@group-C5BA1605619E-LeaderElection1] INFO  server.RaftServerConfigKeys (ConfUtils.java:logGet(46)) - raft.server.read.leader.lease.timeout.ratio = 0.9 (default)
2024-01-14 08:11:12,570 [om1@group-C5BA1605619E-LeaderElection1] INFO  server.RaftServerConfigKeys (ConfUtils.java:logGet(46)) - raft.server.rpc.timeout.min = 1s (custom)
2024-01-14 08:11:12,570 [om1@group-C5BA1605619E-LeaderElection1] INFO  server.RaftServerConfigKeys (ConfUtils.java:logGet(46)) - raft.server.write.element-limit = 4096 (default)
2024-01-14 08:11:12,570 [om1@group-C5BA1605619E-LeaderElection1] INFO  server.RaftServerConfigKeys (ConfUtils.java:logGet(46)) - raft.server.write.follower.gap.ratio.max = -1.0 (default)
2024-01-14 08:11:12,572 [om1@group-C5BA1605619E-LeaderElection1] INFO  impl.RoleInfo (RoleInfo.java:updateAndGet(139)) - om1: start om1@group-C5BA1605619E-LeaderStateImpl
2024-01-14 08:11:12,572 [om1@group-C5BA1605619E-LeaderElection1] INFO  server.RaftServer$Division (RaftServerImpl.java:setFirstElection(574)) - om1@group-C5BA1605619E: set firstElectionSinceStartup to false for becomeLeader
2024-01-14 08:11:12,574 [om1@group-C5BA1605619E-LeaderElection1] INFO  server.RaftServer$Division (ServerState.java:setLeader(269)) - om1@group-C5BA1605619E: change Leader from null to om1 at term 1 for becomeLeader, leader elected after 1906ms
2024-01-14 08:11:12,575 [main] INFO  handler.ContextHandler (ContextHandler.java:doStart(921)) - Started o.e.j.w.WebAppContext@11503097{hddsDatanode,/,file:///home/runner/work/ozone/ozone/hadoop-ozone/integration-test/target/test-dir/MiniOzoneClusterImpl-d05e4a2c-755f-4d37-936b-30aea24b9535/datanode-4/meta/webserver/jetty-0_0_0_0-15045-hdds-container-service-1_5_0-SNAPSHOT_jar-_-any-747774309213495185/webapp/,AVAILABLE}{jar:file:/home/runner/.m2/repository/org/apache/ozone/hdds-container-service/1.5.0-SNAPSHOT/hdds-container-service-1.5.0-SNAPSHOT.jar!/webapps/hddsDatanode}
2024-01-14 08:11:12,577 [main] INFO  server.AbstractConnector (AbstractConnector.java:doStart(333)) - Started ServerConnector@17e23aa8{HTTP/1.1, (http/1.1)}{0.0.0.0:15045}
2024-01-14 08:11:12,577 [main] INFO  server.Server (Server.java:doStart(415)) - Started @7039ms
2024-01-14 08:11:12,577 [main] WARN  impl.MetricsSystemImpl (MetricsSystemImpl.java:register(279)) - Sink prometheus already exists!
2024-01-14 08:11:12,578 [main] INFO  http.BaseHttpServer (BaseHttpServer.java:updateConnectorAddress(354)) - HTTP server of hddsDatanode listening at http://0.0.0.0:15045
2024-01-14 08:11:12,578 [main] INFO  ipc.CallQueueManager (CallQueueManager.java:<init>(90)) - Using callQueue: class java.util.concurrent.LinkedBlockingQueue, queueCapacity: 100, scheduler: class org.apache.hadoop.ipc.DefaultRpcScheduler, ipcBackoff: false.
2024-01-14 08:11:12,579 [main] INFO  ipc.Server (Server.java:<init>(1287)) - Listener at 0.0.0.0:15046
2024-01-14 08:11:12,586 [Socket Reader #1 for port 15046] INFO  ipc.Server (Server.java:run(1323)) - Starting Socket Reader #1 for port 15046
2024-01-14 08:11:12,597 [main] INFO  ozone.HddsDatanodeService (HddsDatanodeService.java:start(324)) - Datanode start with admins: [runner]
2024-01-14 08:11:12,597 [main] INFO  ozone.HddsDatanodeClientProtocolServer (HddsDatanodeClientProtocolServer.java:start(72)) - RPC server for Client /0.0.0.0:15046
2024-01-14 08:11:12,597 [om1@group-C5BA1605619E-LeaderElection1] INFO  segmented.SegmentedRaftLogWorker (SegmentedRaftLogWorker.java:startLogSegment(430)) - om1@group-C5BA1605619E-SegmentedRaftLogWorker: Starting segment from index:0
2024-01-14 08:11:12,604 [IPC Server listener on 15046] INFO  ipc.Server (Server.java:run(1402)) - IPC Server listener on 15046: starting
2024-01-14 08:11:12,605 [50de051d-3e76-4053-aa92-929931ae6eb2-DatanodeStateMachineDaemonThread] INFO  statemachine.DatanodeStateMachine (DatanodeStateMachine.java:lambda$startDaemon$1(555)) - Ozone container server started.
2024-01-14 08:11:12,605 [main] INFO  ozone.MiniOzoneClusterImpl (MiniOzoneClusterImpl.java:lambda$waitForClusterToBeReady$0(229)) - Waiting for nodes to be ready. Got 0 of 5 DN Heartbeats.
2024-01-14 08:11:12,605 [main] INFO  ozone.MiniOzoneClusterImpl (MiniOzoneClusterImpl.java:lambda$waitForClusterToBeReady$0(232)) - Waiting for cluster to exit safe mode
2024-01-14 08:11:12,606 [main] INFO  ozone.MiniOzoneClusterImpl (MiniOzoneClusterImpl.java:lambda$waitForClusterToBeReady$0(234)) - SCM became leader
2024-01-14 08:11:12,608 [IPC Server Responder] INFO  ipc.Server (Server.java:run(1562)) - IPC Server Responder: starting
2024-01-14 08:11:12,627 [om1@group-C5BA1605619E-SegmentedRaftLogWorker] INFO  segmented.BufferedWriteChannel (BufferedWriteChannel.java:open(62)) - open log_inprogress_0 at position 0
2024-01-14 08:11:12,633 [50de051d-3e76-4053-aa92-929931ae6eb2-DatanodeStateMachineTaskThread-0] INFO  datanode.InitDatanodeState (InitDatanodeState.java:persistContainerDatanodeDetails(139)) - DatanodeDetails is persisted to /home/runner/work/ozone/ozone/hadoop-ozone/integration-test/target/test-dir/MiniOzoneClusterImpl-d05e4a2c-755f-4d37-936b-30aea24b9535/datanode-4/meta/datanode.id
2024-01-14 08:11:12,635 [om1@group-C5BA1605619E-LeaderElection1] INFO  server.RaftServer$Division (ServerState.java:setRaftConf(386)) - om1@group-C5BA1605619E: set configuration 0: peers:[om1|localhost:15007]|listeners:[], old=null
2024-01-14 08:11:12,638 [om1@group-C5BA1605619E-SegmentedRaftLogWorker] INFO  segmented.SegmentedRaftLogWorker (SegmentedRaftLogWorker.java:execute(634)) - om1@group-C5BA1605619E-SegmentedRaftLogWorker: created new log segment /home/runner/work/ozone/ozone/hadoop-ozone/integration-test/target/test-dir/MiniOzoneClusterImpl-d05e4a2c-755f-4d37-936b-30aea24b9535/ozone-meta/ratis/bf265839-605b-3f16-9796-c5ba1605619e/current/log_inprogress_0
2024-01-14 08:11:12,708 [om1@group-C5BA1605619E-StateMachineUpdater] INFO  ratis.OzoneManagerStateMachine (OzoneManagerStateMachine.java:notifyConfigurationChanged(211)) - Received Configuration change notification from Ratis. New Peer list:
[id: "om1"
address: "localhost:15007"
startupRole: FOLLOWER
]
2024-01-14 08:11:12,709 [om1@group-C5BA1605619E-StateMachineUpdater] INFO  server.RaftServer$Division (LeaderStateImpl.java:isApplied(320)) - leader is ready since appliedIndex == 0 >= startIndex == 0
2024-01-14 08:11:13,606 [main] INFO  ozone.MiniOzoneClusterImpl (MiniOzoneClusterImpl.java:lambda$waitForClusterToBeReady$0(229)) - Waiting for nodes to be ready. Got 0 of 5 DN Heartbeats.
2024-01-14 08:11:13,606 [main] INFO  ozone.MiniOzoneClusterImpl (MiniOzoneClusterImpl.java:lambda$waitForClusterToBeReady$0(232)) - Waiting for cluster to exit safe mode
2024-01-14 08:11:13,606 [main] INFO  ozone.MiniOzoneClusterImpl (MiniOzoneClusterImpl.java:lambda$waitForClusterToBeReady$0(234)) - SCM became leader
2024-01-14 08:11:14,133 [577443f1-fefe-41e6-ac50-50037dc50964-EndpointStateMachineTaskThread-/0.0.0.0:15002-0 ] INFO  utils.DatanodeStoreCache (DatanodeStoreCache.java:addDB(72)) - Added db /home/runner/work/ozone/ozone/hadoop-ozone/integration-test/target/test-dir/MiniOzoneClusterImpl-d05e4a2c-755f-4d37-936b-30aea24b9535/datanode-0/data-0/containers/hdds/d05e4a2c-755f-4d37-936b-30aea24b9535/DS-e160db48-6be8-461d-8e4b-8167609f4796/container.db to cache
2024-01-14 08:11:14,133 [577443f1-fefe-41e6-ac50-50037dc50964-EndpointStateMachineTaskThread-/0.0.0.0:15002-0 ] INFO  volume.HddsVolume (HddsVolume.java:createDbStore(420)) - SchemaV3 db is created and loaded at /home/runner/work/ozone/ozone/hadoop-ozone/integration-test/target/test-dir/MiniOzoneClusterImpl-d05e4a2c-755f-4d37-936b-30aea24b9535/datanode-0/data-0/containers/hdds/d05e4a2c-755f-4d37-936b-30aea24b9535/DS-e160db48-6be8-461d-8e4b-8167609f4796/container.db for volume DS-e160db48-6be8-461d-8e4b-8167609f4796
2024-01-14 08:11:14,136 [577443f1-fefe-41e6-ac50-50037dc50964-EndpointStateMachineTaskThread-/0.0.0.0:15002-0 ] INFO  volume.ThrottledAsyncChecker (ThrottledAsyncChecker.java:schedule(141)) - Scheduling a check for /home/runner/work/ozone/ozone/hadoop-ozone/integration-test/target/test-dir/MiniOzoneClusterImpl-d05e4a2c-755f-4d37-936b-30aea24b9535/datanode-0/data-0/containers/hdds
2024-01-14 08:11:14,147 [577443f1-fefe-41e6-ac50-50037dc50964-EndpointStateMachineTaskThread-/0.0.0.0:15002-0 ] INFO  volume.StorageVolumeChecker (StorageVolumeChecker.java:checkAllVolumes(218)) - Scheduled health check for volume /home/runner/work/ozone/ozone/hadoop-ozone/integration-test/target/test-dir/MiniOzoneClusterImpl-d05e4a2c-755f-4d37-936b-30aea24b9535/datanode-0/data-0/containers/hdds
2024-01-14 08:11:14,148 [577443f1-fefe-41e6-ac50-50037dc50964-EndpointStateMachineTaskThread-/0.0.0.0:15002-0 ] INFO  volume.ThrottledAsyncChecker (ThrottledAsyncChecker.java:schedule(141)) - Scheduling a check for /home/runner/work/ozone/ozone/hadoop-ozone/integration-test/target/test-dir/MiniOzoneClusterImpl-d05e4a2c-755f-4d37-936b-30aea24b9535/datanode-0/data/ratis
2024-01-14 08:11:14,148 [577443f1-fefe-41e6-ac50-50037dc50964-EndpointStateMachineTaskThread-/0.0.0.0:15002-0 ] INFO  volume.StorageVolumeChecker (StorageVolumeChecker.java:checkAllVolumes(218)) - Scheduled health check for volume /home/runner/work/ozone/ozone/hadoop-ozone/integration-test/target/test-dir/MiniOzoneClusterImpl-d05e4a2c-755f-4d37-936b-30aea24b9535/datanode-0/data/ratis
2024-01-14 08:11:14,149 [577443f1-fefe-41e6-ac50-50037dc50964-EndpointStateMachineTaskThread-/0.0.0.0:15002-0 ] INFO  ozoneimpl.OzoneContainer (OzoneContainer.java:start(457)) - Attempting to start container services.
2024-01-14 08:11:14,151 [577443f1-fefe-41e6-ac50-50037dc50964-EndpointStateMachineTaskThread-/0.0.0.0:15002-0 ] INFO  ozoneimpl.OzoneContainer (OzoneContainer.java:startContainerScrub(339)) - Scheduled background container scanners and the on-demand container scanner have been disabled.
2024-01-14 08:11:14,152 [577443f1-fefe-41e6-ac50-50037dc50964-EndpointStateMachineTaskThread-/0.0.0.0:15002-0 ] INFO  replication.ReplicationServer (ReplicationServer.java:start(139)) - ReplicationServer is started using port 15016
2024-01-14 08:11:14,153 [577443f1-fefe-41e6-ac50-50037dc50964-EndpointStateMachineTaskThread-/0.0.0.0:15002-0 ] INFO  ratis.XceiverServerRatis (XceiverServerRatis.java:start(549)) - Starting XceiverServerRatis 577443f1-fefe-41e6-ac50-50037dc50964
2024-01-14 08:11:14,154 [577443f1-fefe-41e6-ac50-50037dc50964-EndpointStateMachineTaskThread-/0.0.0.0:15002-0 ] INFO  server.RaftServer (RaftServerProxy.java:startImpl(406)) - 577443f1-fefe-41e6-ac50-50037dc50964: start RPC server
2024-01-14 08:11:14,155 [577443f1-fefe-41e6-ac50-50037dc50964-EndpointStateMachineTaskThread-/0.0.0.0:15002-0 ] INFO  server.GrpcService (GrpcService.java:startImpl(302)) - 577443f1-fefe-41e6-ac50-50037dc50964: GrpcService started, listening on 15012
2024-01-14 08:11:14,157 [577443f1-fefe-41e6-ac50-50037dc50964-EndpointStateMachineTaskThread-/0.0.0.0:15002-0 ] INFO  server.GrpcService (GrpcService.java:startImpl(302)) - 577443f1-fefe-41e6-ac50-50037dc50964: GrpcService started, listening on 15014
2024-01-14 08:11:14,158 [577443f1-fefe-41e6-ac50-50037dc50964-EndpointStateMachineTaskThread-/0.0.0.0:15002-0 ] INFO  server.GrpcService (GrpcService.java:startImpl(302)) - 577443f1-fefe-41e6-ac50-50037dc50964: GrpcService started, listening on 15013
2024-01-14 08:11:14,159 [JvmPauseMonitor2] INFO  util.JvmPauseMonitor (JvmPauseMonitor.java:run(146)) - JvmPauseMonitor-577443f1-fefe-41e6-ac50-50037dc50964: Started
2024-01-14 08:11:14,159 [577443f1-fefe-41e6-ac50-50037dc50964-EndpointStateMachineTaskThread-/0.0.0.0:15002-0 ] INFO  ratis.XceiverServerRatis (XceiverServerRatis.java:getRealPort(575)) - XceiverServerRatis 577443f1-fefe-41e6-ac50-50037dc50964 is started using port 15012 for RATIS
2024-01-14 08:11:14,159 [577443f1-fefe-41e6-ac50-50037dc50964-EndpointStateMachineTaskThread-/0.0.0.0:15002-0 ] INFO  ratis.XceiverServerRatis (XceiverServerRatis.java:getRealPort(575)) - XceiverServerRatis 577443f1-fefe-41e6-ac50-50037dc50964 is started using port 15013 for RATIS_ADMIN
2024-01-14 08:11:14,159 [577443f1-fefe-41e6-ac50-50037dc50964-EndpointStateMachineTaskThread-/0.0.0.0:15002-0 ] INFO  ratis.XceiverServerRatis (XceiverServerRatis.java:getRealPort(575)) - XceiverServerRatis 577443f1-fefe-41e6-ac50-50037dc50964 is started using port 15014 for RATIS_SERVER
2024-01-14 08:11:14,159 [577443f1-fefe-41e6-ac50-50037dc50964-EndpointStateMachineTaskThread-/0.0.0.0:15002-0 ] INFO  ratis.XceiverServerRatis (XceiverServerRatis.java:getRealPort(575)) - XceiverServerRatis 577443f1-fefe-41e6-ac50-50037dc50964 is started using port 15015 for RATIS_DATASTREAM
2024-01-14 08:11:14,165 [577443f1-fefe-41e6-ac50-50037dc50964-BlockDeletingService#0] INFO  interfaces.ContainerDeletionChoosingPolicyTemplate (ContainerDeletionChoosingPolicyTemplate.java:chooseContainerForBlockDeletion(85)) - Chosen 0/5000 blocks from 0 candidate containers.
2024-01-14 08:11:14,197 [58733d94-cb44-4f93-b9bc-90d3803fc47e-EndpointStateMachineTaskThread-/0.0.0.0:15002-0 ] INFO  utils.DatanodeStoreCache (DatanodeStoreCache.java:addDB(72)) - Added db /home/runner/work/ozone/ozone/hadoop-ozone/integration-test/target/test-dir/MiniOzoneClusterImpl-d05e4a2c-755f-4d37-936b-30aea24b9535/datanode-1/data-0/containers/hdds/d05e4a2c-755f-4d37-936b-30aea24b9535/DS-c9a2a2c6-e25e-4ff8-8bf5-a59608dddbf3/container.db to cache
2024-01-14 08:11:14,197 [58733d94-cb44-4f93-b9bc-90d3803fc47e-EndpointStateMachineTaskThread-/0.0.0.0:15002-0 ] INFO  volume.HddsVolume (HddsVolume.java:createDbStore(420)) - SchemaV3 db is created and loaded at /home/runner/work/ozone/ozone/hadoop-ozone/integration-test/target/test-dir/MiniOzoneClusterImpl-d05e4a2c-755f-4d37-936b-30aea24b9535/datanode-1/data-0/containers/hdds/d05e4a2c-755f-4d37-936b-30aea24b9535/DS-c9a2a2c6-e25e-4ff8-8bf5-a59608dddbf3/container.db for volume DS-c9a2a2c6-e25e-4ff8-8bf5-a59608dddbf3
2024-01-14 08:11:14,199 [58733d94-cb44-4f93-b9bc-90d3803fc47e-EndpointStateMachineTaskThread-/0.0.0.0:15002-0 ] INFO  volume.ThrottledAsyncChecker (ThrottledAsyncChecker.java:schedule(141)) - Scheduling a check for /home/runner/work/ozone/ozone/hadoop-ozone/integration-test/target/test-dir/MiniOzoneClusterImpl-d05e4a2c-755f-4d37-936b-30aea24b9535/datanode-1/data-0/containers/hdds
2024-01-14 08:11:14,204 [58733d94-cb44-4f93-b9bc-90d3803fc47e-EndpointStateMachineTaskThread-/0.0.0.0:15002-0 ] INFO  volume.StorageVolumeChecker (StorageVolumeChecker.java:checkAllVolumes(218)) - Scheduled health check for volume /home/runner/work/ozone/ozone/hadoop-ozone/integration-test/target/test-dir/MiniOzoneClusterImpl-d05e4a2c-755f-4d37-936b-30aea24b9535/datanode-1/data-0/containers/hdds
2024-01-14 08:11:14,205 [58733d94-cb44-4f93-b9bc-90d3803fc47e-EndpointStateMachineTaskThread-/0.0.0.0:15002-0 ] INFO  volume.ThrottledAsyncChecker (ThrottledAsyncChecker.java:schedule(141)) - Scheduling a check for /home/runner/work/ozone/ozone/hadoop-ozone/integration-test/target/test-dir/MiniOzoneClusterImpl-d05e4a2c-755f-4d37-936b-30aea24b9535/datanode-1/data/ratis
2024-01-14 08:11:14,205 [58733d94-cb44-4f93-b9bc-90d3803fc47e-EndpointStateMachineTaskThread-/0.0.0.0:15002-0 ] INFO  volume.StorageVolumeChecker (StorageVolumeChecker.java:checkAllVolumes(218)) - Scheduled health check for volume /home/runner/work/ozone/ozone/hadoop-ozone/integration-test/target/test-dir/MiniOzoneClusterImpl-d05e4a2c-755f-4d37-936b-30aea24b9535/datanode-1/data/ratis
2024-01-14 08:11:14,207 [58733d94-cb44-4f93-b9bc-90d3803fc47e-EndpointStateMachineTaskThread-/0.0.0.0:15002-0 ] INFO  ozoneimpl.OzoneContainer (OzoneContainer.java:start(457)) - Attempting to start container services.
2024-01-14 08:11:14,207 [58733d94-cb44-4f93-b9bc-90d3803fc47e-EndpointStateMachineTaskThread-/0.0.0.0:15002-0 ] INFO  ozoneimpl.OzoneContainer (OzoneContainer.java:startContainerScrub(339)) - Scheduled background container scanners and the on-demand container scanner have been disabled.
2024-01-14 08:11:14,209 [58733d94-cb44-4f93-b9bc-90d3803fc47e-EndpointStateMachineTaskThread-/0.0.0.0:15002-0 ] INFO  replication.ReplicationServer (ReplicationServer.java:start(139)) - ReplicationServer is started using port 15025
2024-01-14 08:11:14,209 [58733d94-cb44-4f93-b9bc-90d3803fc47e-EndpointStateMachineTaskThread-/0.0.0.0:15002-0 ] INFO  ratis.XceiverServerRatis (XceiverServerRatis.java:start(549)) - Starting XceiverServerRatis 58733d94-cb44-4f93-b9bc-90d3803fc47e
2024-01-14 08:11:14,212 [58733d94-cb44-4f93-b9bc-90d3803fc47e-EndpointStateMachineTaskThread-/0.0.0.0:15002-0 ] INFO  server.RaftServer (RaftServerProxy.java:startImpl(406)) - 58733d94-cb44-4f93-b9bc-90d3803fc47e: start RPC server
2024-01-14 08:11:14,214 [58733d94-cb44-4f93-b9bc-90d3803fc47e-EndpointStateMachineTaskThread-/0.0.0.0:15002-0 ] INFO  server.GrpcService (GrpcService.java:startImpl(302)) - 58733d94-cb44-4f93-b9bc-90d3803fc47e: GrpcService started, listening on 15021
2024-01-14 08:11:14,215 [58733d94-cb44-4f93-b9bc-90d3803fc47e-EndpointStateMachineTaskThread-/0.0.0.0:15002-0 ] INFO  server.GrpcService (GrpcService.java:startImpl(302)) - 58733d94-cb44-4f93-b9bc-90d3803fc47e: GrpcService started, listening on 15023
2024-01-14 08:11:14,217 [58733d94-cb44-4f93-b9bc-90d3803fc47e-EndpointStateMachineTaskThread-/0.0.0.0:15002-0 ] INFO  server.GrpcService (GrpcService.java:startImpl(302)) - 58733d94-cb44-4f93-b9bc-90d3803fc47e: GrpcService started, listening on 15022
2024-01-14 08:11:14,217 [58733d94-cb44-4f93-b9bc-90d3803fc47e-EndpointStateMachineTaskThread-/0.0.0.0:15002-0 ] INFO  ratis.XceiverServerRatis (XceiverServerRatis.java:getRealPort(575)) - XceiverServerRatis 58733d94-cb44-4f93-b9bc-90d3803fc47e is started using port 15021 for RATIS
2024-01-14 08:11:14,217 [JvmPauseMonitor3] INFO  util.JvmPauseMonitor (JvmPauseMonitor.java:run(146)) - JvmPauseMonitor-58733d94-cb44-4f93-b9bc-90d3803fc47e: Started
2024-01-14 08:11:14,217 [58733d94-cb44-4f93-b9bc-90d3803fc47e-EndpointStateMachineTaskThread-/0.0.0.0:15002-0 ] INFO  ratis.XceiverServerRatis (XceiverServerRatis.java:getRealPort(575)) - XceiverServerRatis 58733d94-cb44-4f93-b9bc-90d3803fc47e is started using port 15022 for RATIS_ADMIN
2024-01-14 08:11:14,218 [58733d94-cb44-4f93-b9bc-90d3803fc47e-EndpointStateMachineTaskThread-/0.0.0.0:15002-0 ] INFO  ratis.XceiverServerRatis (XceiverServerRatis.java:getRealPort(575)) - XceiverServerRatis 58733d94-cb44-4f93-b9bc-90d3803fc47e is started using port 15023 for RATIS_SERVER
2024-01-14 08:11:14,218 [58733d94-cb44-4f93-b9bc-90d3803fc47e-EndpointStateMachineTaskThread-/0.0.0.0:15002-0 ] INFO  ratis.XceiverServerRatis (XceiverServerRatis.java:getRealPort(575)) - XceiverServerRatis 58733d94-cb44-4f93-b9bc-90d3803fc47e is started using port 15024 for RATIS_DATASTREAM
2024-01-14 08:11:14,221 [58733d94-cb44-4f93-b9bc-90d3803fc47e-BlockDeletingService#0] INFO  interfaces.ContainerDeletionChoosingPolicyTemplate (ContainerDeletionChoosingPolicyTemplate.java:chooseContainerForBlockDeletion(85)) - Chosen 0/5000 blocks from 0 candidate containers.
2024-01-14 08:11:14,334 [0ff4ee77-f176-4c42-9b93-2e8119131049-EndpointStateMachineTaskThread-/0.0.0.0:15002-0 ] INFO  utils.DatanodeStoreCache (DatanodeStoreCache.java:addDB(72)) - Added db /home/runner/work/ozone/ozone/hadoop-ozone/integration-test/target/test-dir/MiniOzoneClusterImpl-d05e4a2c-755f-4d37-936b-30aea24b9535/datanode-2/data-0/containers/hdds/d05e4a2c-755f-4d37-936b-30aea24b9535/DS-f96d3292-506a-4c3d-b5b6-6d9dd75e348f/container.db to cache
2024-01-14 08:11:14,334 [0ff4ee77-f176-4c42-9b93-2e8119131049-EndpointStateMachineTaskThread-/0.0.0.0:15002-0 ] INFO  volume.HddsVolume (HddsVolume.java:createDbStore(420)) - SchemaV3 db is created and loaded at /home/runner/work/ozone/ozone/hadoop-ozone/integration-test/target/test-dir/MiniOzoneClusterImpl-d05e4a2c-755f-4d37-936b-30aea24b9535/datanode-2/data-0/containers/hdds/d05e4a2c-755f-4d37-936b-30aea24b9535/DS-f96d3292-506a-4c3d-b5b6-6d9dd75e348f/container.db for volume DS-f96d3292-506a-4c3d-b5b6-6d9dd75e348f
2024-01-14 08:11:14,336 [0ff4ee77-f176-4c42-9b93-2e8119131049-EndpointStateMachineTaskThread-/0.0.0.0:15002-0 ] INFO  volume.ThrottledAsyncChecker (ThrottledAsyncChecker.java:schedule(141)) - Scheduling a check for /home/runner/work/ozone/ozone/hadoop-ozone/integration-test/target/test-dir/MiniOzoneClusterImpl-d05e4a2c-755f-4d37-936b-30aea24b9535/datanode-2/data-0/containers/hdds
2024-01-14 08:11:14,336 [0ff4ee77-f176-4c42-9b93-2e8119131049-EndpointStateMachineTaskThread-/0.0.0.0:15002-0 ] INFO  volume.StorageVolumeChecker (StorageVolumeChecker.java:checkAllVolumes(218)) - Scheduled health check for volume /home/runner/work/ozone/ozone/hadoop-ozone/integration-test/target/test-dir/MiniOzoneClusterImpl-d05e4a2c-755f-4d37-936b-30aea24b9535/datanode-2/data-0/containers/hdds
2024-01-14 08:11:14,337 [0ff4ee77-f176-4c42-9b93-2e8119131049-EndpointStateMachineTaskThread-/0.0.0.0:15002-0 ] INFO  volume.ThrottledAsyncChecker (ThrottledAsyncChecker.java:schedule(141)) - Scheduling a check for /home/runner/work/ozone/ozone/hadoop-ozone/integration-test/target/test-dir/MiniOzoneClusterImpl-d05e4a2c-755f-4d37-936b-30aea24b9535/datanode-2/data/ratis
2024-01-14 08:11:14,338 [0ff4ee77-f176-4c42-9b93-2e8119131049-EndpointStateMachineTaskThread-/0.0.0.0:15002-0 ] INFO  volume.StorageVolumeChecker (StorageVolumeChecker.java:checkAllVolumes(218)) - Scheduled health check for volume /home/runner/work/ozone/ozone/hadoop-ozone/integration-test/target/test-dir/MiniOzoneClusterImpl-d05e4a2c-755f-4d37-936b-30aea24b9535/datanode-2/data/ratis
2024-01-14 08:11:14,338 [0ff4ee77-f176-4c42-9b93-2e8119131049-EndpointStateMachineTaskThread-/0.0.0.0:15002-0 ] INFO  ozoneimpl.OzoneContainer (OzoneContainer.java:start(457)) - Attempting to start container services.
2024-01-14 08:11:14,338 [0ff4ee77-f176-4c42-9b93-2e8119131049-EndpointStateMachineTaskThread-/0.0.0.0:15002-0 ] INFO  ozoneimpl.OzoneContainer (OzoneContainer.java:startContainerScrub(339)) - Scheduled background container scanners and the on-demand container scanner have been disabled.
2024-01-14 08:11:14,340 [0ff4ee77-f176-4c42-9b93-2e8119131049-EndpointStateMachineTaskThread-/0.0.0.0:15002-0 ] INFO  replication.ReplicationServer (ReplicationServer.java:start(139)) - ReplicationServer is started using port 15034
2024-01-14 08:11:14,340 [0ff4ee77-f176-4c42-9b93-2e8119131049-EndpointStateMachineTaskThread-/0.0.0.0:15002-0 ] INFO  ratis.XceiverServerRatis (XceiverServerRatis.java:start(549)) - Starting XceiverServerRatis 0ff4ee77-f176-4c42-9b93-2e8119131049
2024-01-14 08:11:14,341 [0ff4ee77-f176-4c42-9b93-2e8119131049-EndpointStateMachineTaskThread-/0.0.0.0:15002-0 ] INFO  server.RaftServer (RaftServerProxy.java:startImpl(406)) - 0ff4ee77-f176-4c42-9b93-2e8119131049: start RPC server
2024-01-14 08:11:14,342 [0ff4ee77-f176-4c42-9b93-2e8119131049-EndpointStateMachineTaskThread-/0.0.0.0:15002-0 ] INFO  server.GrpcService (GrpcService.java:startImpl(302)) - 0ff4ee77-f176-4c42-9b93-2e8119131049: GrpcService started, listening on 15030
2024-01-14 08:11:14,343 [0ff4ee77-f176-4c42-9b93-2e8119131049-EndpointStateMachineTaskThread-/0.0.0.0:15002-0 ] INFO  server.GrpcService (GrpcService.java:startImpl(302)) - 0ff4ee77-f176-4c42-9b93-2e8119131049: GrpcService started, listening on 15032
2024-01-14 08:11:14,344 [0ff4ee77-f176-4c42-9b93-2e8119131049-EndpointStateMachineTaskThread-/0.0.0.0:15002-0 ] INFO  server.GrpcService (GrpcService.java:startImpl(302)) - 0ff4ee77-f176-4c42-9b93-2e8119131049: GrpcService started, listening on 15031
2024-01-14 08:11:14,345 [0ff4ee77-f176-4c42-9b93-2e8119131049-EndpointStateMachineTaskThread-/0.0.0.0:15002-0 ] INFO  ratis.XceiverServerRatis (XceiverServerRatis.java:getRealPort(575)) - XceiverServerRatis 0ff4ee77-f176-4c42-9b93-2e8119131049 is started using port 15030 for RATIS
2024-01-14 08:11:14,345 [JvmPauseMonitor4] INFO  util.JvmPauseMonitor (JvmPauseMonitor.java:run(146)) - JvmPauseMonitor-0ff4ee77-f176-4c42-9b93-2e8119131049: Started
2024-01-14 08:11:14,345 [0ff4ee77-f176-4c42-9b93-2e8119131049-EndpointStateMachineTaskThread-/0.0.0.0:15002-0 ] INFO  ratis.XceiverServerRatis (XceiverServerRatis.java:getRealPort(575)) - XceiverServerRatis 0ff4ee77-f176-4c42-9b93-2e8119131049 is started using port 15031 for RATIS_ADMIN
2024-01-14 08:11:14,345 [0ff4ee77-f176-4c42-9b93-2e8119131049-EndpointStateMachineTaskThread-/0.0.0.0:15002-0 ] INFO  ratis.XceiverServerRatis (XceiverServerRatis.java:getRealPort(575)) - XceiverServerRatis 0ff4ee77-f176-4c42-9b93-2e8119131049 is started using port 15032 for RATIS_SERVER
2024-01-14 08:11:14,345 [0ff4ee77-f176-4c42-9b93-2e8119131049-EndpointStateMachineTaskThread-/0.0.0.0:15002-0 ] INFO  ratis.XceiverServerRatis (XceiverServerRatis.java:getRealPort(575)) - XceiverServerRatis 0ff4ee77-f176-4c42-9b93-2e8119131049 is started using port 15033 for RATIS_DATASTREAM
2024-01-14 08:11:14,348 [0ff4ee77-f176-4c42-9b93-2e8119131049-BlockDeletingService#0] INFO  interfaces.ContainerDeletionChoosingPolicyTemplate (ContainerDeletionChoosingPolicyTemplate.java:chooseContainerForBlockDeletion(85)) - Chosen 0/5000 blocks from 0 candidate containers.
2024-01-14 08:11:14,477 [ee8156c5-6136-4ec5-812d-3226e59a8f74-EndpointStateMachineTaskThread-/0.0.0.0:15002-0 ] INFO  utils.DatanodeStoreCache (DatanodeStoreCache.java:addDB(72)) - Added db /home/runner/work/ozone/ozone/hadoop-ozone/integration-test/target/test-dir/MiniOzoneClusterImpl-d05e4a2c-755f-4d37-936b-30aea24b9535/datanode-3/data-0/containers/hdds/d05e4a2c-755f-4d37-936b-30aea24b9535/DS-2d4e649c-e88b-45d9-b253-8acf9b681fee/container.db to cache
2024-01-14 08:11:14,478 [ee8156c5-6136-4ec5-812d-3226e59a8f74-EndpointStateMachineTaskThread-/0.0.0.0:15002-0 ] INFO  volume.HddsVolume (HddsVolume.java:createDbStore(420)) - SchemaV3 db is created and loaded at /home/runner/work/ozone/ozone/hadoop-ozone/integration-test/target/test-dir/MiniOzoneClusterImpl-d05e4a2c-755f-4d37-936b-30aea24b9535/datanode-3/data-0/containers/hdds/d05e4a2c-755f-4d37-936b-30aea24b9535/DS-2d4e649c-e88b-45d9-b253-8acf9b681fee/container.db for volume DS-2d4e649c-e88b-45d9-b253-8acf9b681fee
2024-01-14 08:11:14,479 [ee8156c5-6136-4ec5-812d-3226e59a8f74-EndpointStateMachineTaskThread-/0.0.0.0:15002-0 ] INFO  volume.ThrottledAsyncChecker (ThrottledAsyncChecker.java:schedule(141)) - Scheduling a check for /home/runner/work/ozone/ozone/hadoop-ozone/integration-test/target/test-dir/MiniOzoneClusterImpl-d05e4a2c-755f-4d37-936b-30aea24b9535/datanode-3/data-0/containers/hdds
2024-01-14 08:11:14,480 [ee8156c5-6136-4ec5-812d-3226e59a8f74-EndpointStateMachineTaskThread-/0.0.0.0:15002-0 ] INFO  volume.StorageVolumeChecker (StorageVolumeChecker.java:checkAllVolumes(218)) - Scheduled health check for volume /home/runner/work/ozone/ozone/hadoop-ozone/integration-test/target/test-dir/MiniOzoneClusterImpl-d05e4a2c-755f-4d37-936b-30aea24b9535/datanode-3/data-0/containers/hdds
2024-01-14 08:11:14,483 [ee8156c5-6136-4ec5-812d-3226e59a8f74-EndpointStateMachineTaskThread-/0.0.0.0:15002-0 ] INFO  volume.ThrottledAsyncChecker (ThrottledAsyncChecker.java:schedule(141)) - Scheduling a check for /home/runner/work/ozone/ozone/hadoop-ozone/integration-test/target/test-dir/MiniOzoneClusterImpl-d05e4a2c-755f-4d37-936b-30aea24b9535/datanode-3/data/ratis
2024-01-14 08:11:14,483 [ee8156c5-6136-4ec5-812d-3226e59a8f74-EndpointStateMachineTaskThread-/0.0.0.0:15002-0 ] INFO  volume.StorageVolumeChecker (StorageVolumeChecker.java:checkAllVolumes(218)) - Scheduled health check for volume /home/runner/work/ozone/ozone/hadoop-ozone/integration-test/target/test-dir/MiniOzoneClusterImpl-d05e4a2c-755f-4d37-936b-30aea24b9535/datanode-3/data/ratis
2024-01-14 08:11:14,484 [ee8156c5-6136-4ec5-812d-3226e59a8f74-EndpointStateMachineTaskThread-/0.0.0.0:15002-0 ] INFO  ozoneimpl.OzoneContainer (OzoneContainer.java:start(457)) - Attempting to start container services.
2024-01-14 08:11:14,484 [ee8156c5-6136-4ec5-812d-3226e59a8f74-EndpointStateMachineTaskThread-/0.0.0.0:15002-0 ] INFO  ozoneimpl.OzoneContainer (OzoneContainer.java:startContainerScrub(339)) - Scheduled background container scanners and the on-demand container scanner have been disabled.
2024-01-14 08:11:14,485 [ee8156c5-6136-4ec5-812d-3226e59a8f74-EndpointStateMachineTaskThread-/0.0.0.0:15002-0 ] INFO  replication.ReplicationServer (ReplicationServer.java:start(139)) - ReplicationServer is started using port 15043
2024-01-14 08:11:14,486 [ee8156c5-6136-4ec5-812d-3226e59a8f74-EndpointStateMachineTaskThread-/0.0.0.0:15002-0 ] INFO  ratis.XceiverServerRatis (XceiverServerRatis.java:start(549)) - Starting XceiverServerRatis ee8156c5-6136-4ec5-812d-3226e59a8f74
2024-01-14 08:11:14,488 [ee8156c5-6136-4ec5-812d-3226e59a8f74-EndpointStateMachineTaskThread-/0.0.0.0:15002-0 ] INFO  server.RaftServer (RaftServerProxy.java:startImpl(406)) - ee8156c5-6136-4ec5-812d-3226e59a8f74: start RPC server
2024-01-14 08:11:14,490 [ee8156c5-6136-4ec5-812d-3226e59a8f74-EndpointStateMachineTaskThread-/0.0.0.0:15002-0 ] INFO  server.GrpcService (GrpcService.java:startImpl(302)) - ee8156c5-6136-4ec5-812d-3226e59a8f74: GrpcService started, listening on 15039
2024-01-14 08:11:14,491 [ee8156c5-6136-4ec5-812d-3226e59a8f74-EndpointStateMachineTaskThread-/0.0.0.0:15002-0 ] INFO  server.GrpcService (GrpcService.java:startImpl(302)) - ee8156c5-6136-4ec5-812d-3226e59a8f74: GrpcService started, listening on 15041
2024-01-14 08:11:14,497 [ee8156c5-6136-4ec5-812d-3226e59a8f74-EndpointStateMachineTaskThread-/0.0.0.0:15002-0 ] INFO  server.GrpcService (GrpcService.java:startImpl(302)) - ee8156c5-6136-4ec5-812d-3226e59a8f74: GrpcService started, listening on 15040
2024-01-14 08:11:14,497 [ee8156c5-6136-4ec5-812d-3226e59a8f74-EndpointStateMachineTaskThread-/0.0.0.0:15002-0 ] INFO  ratis.XceiverServerRatis (XceiverServerRatis.java:getRealPort(575)) - XceiverServerRatis ee8156c5-6136-4ec5-812d-3226e59a8f74 is started using port 15039 for RATIS
2024-01-14 08:11:14,497 [ee8156c5-6136-4ec5-812d-3226e59a8f74-EndpointStateMachineTaskThread-/0.0.0.0:15002-0 ] INFO  ratis.XceiverServerRatis (XceiverServerRatis.java:getRealPort(575)) - XceiverServerRatis ee8156c5-6136-4ec5-812d-3226e59a8f74 is started using port 15040 for RATIS_ADMIN
2024-01-14 08:11:14,497 [ee8156c5-6136-4ec5-812d-3226e59a8f74-EndpointStateMachineTaskThread-/0.0.0.0:15002-0 ] INFO  ratis.XceiverServerRatis (XceiverServerRatis.java:getRealPort(575)) - XceiverServerRatis ee8156c5-6136-4ec5-812d-3226e59a8f74 is started using port 15041 for RATIS_SERVER
2024-01-14 08:11:14,497 [ee8156c5-6136-4ec5-812d-3226e59a8f74-EndpointStateMachineTaskThread-/0.0.0.0:15002-0 ] INFO  ratis.XceiverServerRatis (XceiverServerRatis.java:getRealPort(575)) - XceiverServerRatis ee8156c5-6136-4ec5-812d-3226e59a8f74 is started using port 15042 for RATIS_DATASTREAM
2024-01-14 08:11:14,497 [JvmPauseMonitor5] INFO  util.JvmPauseMonitor (JvmPauseMonitor.java:run(146)) - JvmPauseMonitor-ee8156c5-6136-4ec5-812d-3226e59a8f74: Started
2024-01-14 08:11:14,500 [ee8156c5-6136-4ec5-812d-3226e59a8f74-BlockDeletingService#0] INFO  interfaces.ContainerDeletionChoosingPolicyTemplate (ContainerDeletionChoosingPolicyTemplate.java:chooseContainerForBlockDeletion(85)) - Chosen 0/5000 blocks from 0 candidate containers.
2024-01-14 08:11:14,607 [main] INFO  ozone.MiniOzoneClusterImpl (MiniOzoneClusterImpl.java:lambda$waitForClusterToBeReady$0(229)) - Waiting for nodes to be ready. Got 0 of 5 DN Heartbeats.
2024-01-14 08:11:14,607 [main] INFO  ozone.MiniOzoneClusterImpl (MiniOzoneClusterImpl.java:lambda$waitForClusterToBeReady$0(232)) - Waiting for cluster to exit safe mode
2024-01-14 08:11:14,607 [main] INFO  ozone.MiniOzoneClusterImpl (MiniOzoneClusterImpl.java:lambda$waitForClusterToBeReady$0(234)) - SCM became leader
2024-01-14 08:11:14,659 [50de051d-3e76-4053-aa92-929931ae6eb2-EndpointStateMachineTaskThread-/0.0.0.0:15002-0 ] INFO  utils.DatanodeStoreCache (DatanodeStoreCache.java:addDB(72)) - Added db /home/runner/work/ozone/ozone/hadoop-ozone/integration-test/target/test-dir/MiniOzoneClusterImpl-d05e4a2c-755f-4d37-936b-30aea24b9535/datanode-4/data-0/containers/hdds/d05e4a2c-755f-4d37-936b-30aea24b9535/DS-00946f18-bc8f-4dae-aa58-04a006dea1b8/container.db to cache
2024-01-14 08:11:14,659 [50de051d-3e76-4053-aa92-929931ae6eb2-EndpointStateMachineTaskThread-/0.0.0.0:15002-0 ] INFO  volume.HddsVolume (HddsVolume.java:createDbStore(420)) - SchemaV3 db is created and loaded at /home/runner/work/ozone/ozone/hadoop-ozone/integration-test/target/test-dir/MiniOzoneClusterImpl-d05e4a2c-755f-4d37-936b-30aea24b9535/datanode-4/data-0/containers/hdds/d05e4a2c-755f-4d37-936b-30aea24b9535/DS-00946f18-bc8f-4dae-aa58-04a006dea1b8/container.db for volume DS-00946f18-bc8f-4dae-aa58-04a006dea1b8
2024-01-14 08:11:14,661 [50de051d-3e76-4053-aa92-929931ae6eb2-EndpointStateMachineTaskThread-/0.0.0.0:15002-0 ] INFO  volume.ThrottledAsyncChecker (ThrottledAsyncChecker.java:schedule(141)) - Scheduling a check for /home/runner/work/ozone/ozone/hadoop-ozone/integration-test/target/test-dir/MiniOzoneClusterImpl-d05e4a2c-755f-4d37-936b-30aea24b9535/datanode-4/data-0/containers/hdds
2024-01-14 08:11:14,661 [50de051d-3e76-4053-aa92-929931ae6eb2-EndpointStateMachineTaskThread-/0.0.0.0:15002-0 ] INFO  volume.StorageVolumeChecker (StorageVolumeChecker.java:checkAllVolumes(218)) - Scheduled health check for volume /home/runner/work/ozone/ozone/hadoop-ozone/integration-test/target/test-dir/MiniOzoneClusterImpl-d05e4a2c-755f-4d37-936b-30aea24b9535/datanode-4/data-0/containers/hdds
2024-01-14 08:11:14,663 [50de051d-3e76-4053-aa92-929931ae6eb2-EndpointStateMachineTaskThread-/0.0.0.0:15002-0 ] INFO  volume.ThrottledAsyncChecker (ThrottledAsyncChecker.java:schedule(141)) - Scheduling a check for /home/runner/work/ozone/ozone/hadoop-ozone/integration-test/target/test-dir/MiniOzoneClusterImpl-d05e4a2c-755f-4d37-936b-30aea24b9535/datanode-4/data/ratis
2024-01-14 08:11:14,663 [50de051d-3e76-4053-aa92-929931ae6eb2-EndpointStateMachineTaskThread-/0.0.0.0:15002-0 ] INFO  volume.StorageVolumeChecker (StorageVolumeChecker.java:checkAllVolumes(218)) - Scheduled health check for volume /home/runner/work/ozone/ozone/hadoop-ozone/integration-test/target/test-dir/MiniOzoneClusterImpl-d05e4a2c-755f-4d37-936b-30aea24b9535/datanode-4/data/ratis
2024-01-14 08:11:14,664 [50de051d-3e76-4053-aa92-929931ae6eb2-EndpointStateMachineTaskThread-/0.0.0.0:15002-0 ] INFO  ozoneimpl.OzoneContainer (OzoneContainer.java:start(457)) - Attempting to start container services.
2024-01-14 08:11:14,665 [50de051d-3e76-4053-aa92-929931ae6eb2-EndpointStateMachineTaskThread-/0.0.0.0:15002-0 ] INFO  ozoneimpl.OzoneContainer (OzoneContainer.java:startContainerScrub(339)) - Scheduled background container scanners and the on-demand container scanner have been disabled.
2024-01-14 08:11:14,669 [50de051d-3e76-4053-aa92-929931ae6eb2-EndpointStateMachineTaskThread-/0.0.0.0:15002-0 ] INFO  replication.ReplicationServer (ReplicationServer.java:start(139)) - ReplicationServer is started using port 15052
2024-01-14 08:11:14,669 [50de051d-3e76-4053-aa92-929931ae6eb2-EndpointStateMachineTaskThread-/0.0.0.0:15002-0 ] INFO  ratis.XceiverServerRatis (XceiverServerRatis.java:start(549)) - Starting XceiverServerRatis 50de051d-3e76-4053-aa92-929931ae6eb2
2024-01-14 08:11:14,686 [50de051d-3e76-4053-aa92-929931ae6eb2-EndpointStateMachineTaskThread-/0.0.0.0:15002-0 ] INFO  server.RaftServer (RaftServerProxy.java:startImpl(406)) - 50de051d-3e76-4053-aa92-929931ae6eb2: start RPC server
2024-01-14 08:11:14,686 [50de051d-3e76-4053-aa92-929931ae6eb2-EndpointStateMachineTaskThread-/0.0.0.0:15002-0 ] INFO  server.GrpcService (GrpcService.java:startImpl(302)) - 50de051d-3e76-4053-aa92-929931ae6eb2: GrpcService started, listening on 15048
2024-01-14 08:11:14,687 [50de051d-3e76-4053-aa92-929931ae6eb2-EndpointStateMachineTaskThread-/0.0.0.0:15002-0 ] INFO  server.GrpcService (GrpcService.java:startImpl(302)) - 50de051d-3e76-4053-aa92-929931ae6eb2: GrpcService started, listening on 15050
2024-01-14 08:11:14,688 [50de051d-3e76-4053-aa92-929931ae6eb2-EndpointStateMachineTaskThread-/0.0.0.0:15002-0 ] INFO  server.GrpcService (GrpcService.java:startImpl(302)) - 50de051d-3e76-4053-aa92-929931ae6eb2: GrpcService started, listening on 15049
2024-01-14 08:11:14,688 [50de051d-3e76-4053-aa92-929931ae6eb2-EndpointStateMachineTaskThread-/0.0.0.0:15002-0 ] INFO  ratis.XceiverServerRatis (XceiverServerRatis.java:getRealPort(575)) - XceiverServerRatis 50de051d-3e76-4053-aa92-929931ae6eb2 is started using port 15048 for RATIS
2024-01-14 08:11:14,688 [50de051d-3e76-4053-aa92-929931ae6eb2-EndpointStateMachineTaskThread-/0.0.0.0:15002-0 ] INFO  ratis.XceiverServerRatis (XceiverServerRatis.java:getRealPort(575)) - XceiverServerRatis 50de051d-3e76-4053-aa92-929931ae6eb2 is started using port 15049 for RATIS_ADMIN
2024-01-14 08:11:14,688 [50de051d-3e76-4053-aa92-929931ae6eb2-EndpointStateMachineTaskThread-/0.0.0.0:15002-0 ] INFO  ratis.XceiverServerRatis (XceiverServerRatis.java:getRealPort(575)) - XceiverServerRatis 50de051d-3e76-4053-aa92-929931ae6eb2 is started using port 15050 for RATIS_SERVER
2024-01-14 08:11:14,688 [50de051d-3e76-4053-aa92-929931ae6eb2-EndpointStateMachineTaskThread-/0.0.0.0:15002-0 ] INFO  ratis.XceiverServerRatis (XceiverServerRatis.java:getRealPort(575)) - XceiverServerRatis 50de051d-3e76-4053-aa92-929931ae6eb2 is started using port 15051 for RATIS_DATASTREAM
2024-01-14 08:11:14,688 [JvmPauseMonitor6] INFO  util.JvmPauseMonitor (JvmPauseMonitor.java:run(146)) - JvmPauseMonitor-50de051d-3e76-4053-aa92-929931ae6eb2: Started
2024-01-14 08:11:14,690 [50de051d-3e76-4053-aa92-929931ae6eb2-BlockDeletingService#0] INFO  interfaces.ContainerDeletionChoosingPolicyTemplate (ContainerDeletionChoosingPolicyTemplate.java:chooseContainerForBlockDeletion(85)) - Chosen 0/5000 blocks from 0 candidate containers.
2024-01-14 08:11:15,607 [main] INFO  ozone.MiniOzoneClusterImpl (MiniOzoneClusterImpl.java:lambda$waitForClusterToBeReady$0(229)) - Waiting for nodes to be ready. Got 0 of 5 DN Heartbeats.
2024-01-14 08:11:15,608 [main] INFO  ozone.MiniOzoneClusterImpl (MiniOzoneClusterImpl.java:lambda$waitForClusterToBeReady$0(232)) - Waiting for cluster to exit safe mode
2024-01-14 08:11:15,608 [main] INFO  ozone.MiniOzoneClusterImpl (MiniOzoneClusterImpl.java:lambda$waitForClusterToBeReady$0(234)) - SCM became leader
2024-01-14 08:11:16,050 [IPC Server handler 0 on default port 15002] INFO  net.NetworkTopologyImpl (NetworkTopologyImpl.java:add(124)) - Added a new node: /default-rack/577443f1-fefe-41e6-ac50-50037dc50964
2024-01-14 08:11:16,053 [IPC Server handler 0 on default port 15002] INFO  node.SCMNodeManager (SCMNodeManager.java:register(417)) - Registered datanode: 577443f1-fefe-41e6-ac50-50037dc50964{ip: 10.1.0.100, host: fv-az737-837, ports: [HTTP=15009, CLIENT_RPC=15010, REPLICATION=15016, RATIS=15012, RATIS_ADMIN=15013, RATIS_SERVER=15014, RATIS_DATASTREAM=15015, STANDALONE=15011], networkLocation: /default-rack, certSerialId: null, persistedOpState: null, persistedOpStateExpiryEpochSec: 0}
2024-01-14 08:11:16,055 [EventQueue-NewNodeForNewNodeHandler] INFO  pipeline.BackgroundPipelineCreator (BackgroundPipelineCreator.java:notifyEventTriggered(280)) - trigger a one-shot run on RatisPipelineUtilsThread.
2024-01-14 08:11:16,056 [EventQueue-NodeRegistrationContainerReportForContainerSafeModeRule] INFO  safemode.SCMSafeModeManager (SCMSafeModeManager.java:validateSafeModeExitRules(200)) - ContainerSafeModeRule rule is successfully validated
2024-01-14 08:11:16,056 [EventQueue-NodeRegistrationContainerReportForDataNodeSafeModeRule] INFO  safemode.SCMSafeModeManager (DataNodeSafeModeRule.java:process(71)) - SCM in safe mode. 1 DataNodes registered, 3 required.
2024-01-14 08:11:16,057 [EventQueue-PipelineReportForOneReplicaPipelineSafeModeRule] INFO  safemode.SCMSafeModeManager (SCMSafeModeManager.java:validateSafeModeExitRules(200)) - AtleastOneDatanodeReportedRule rule is successfully validated
2024-01-14 08:11:16,062 [RatisPipelineUtilsThread-0] INFO  pipeline.RatisPipelineProvider (RatisPipelineProvider.java:lambda$create$0(206)) - Sending CreatePipelineCommand for pipeline:PipelineID=e8d58f33-8be7-4bf5-90f2-666d80a90a34 to datanode:577443f1-fefe-41e6-ac50-50037dc50964
2024-01-14 08:11:16,070 [RatisPipelineUtilsThread-0] INFO  pipeline.BackgroundPipelineCreator (BackgroundPipelineCreator.java:createPipelines(236)) - Created new pipeline Pipeline[ Id: e8d58f33-8be7-4bf5-90f2-666d80a90a34, Nodes: 577443f1-fefe-41e6-ac50-50037dc50964(fv-az737-837/10.1.0.100), ReplicationConfig: RATIS/ONE, State:ALLOCATED, leaderId:, CreationTimestamp2024-01-14T08:11:16.061Z[Etc/UTC]]
2024-01-14 08:11:16,172 [IPC Server handler 4 on default port 15002] INFO  net.NetworkTopologyImpl (NetworkTopologyImpl.java:add(124)) - Added a new node: /default-rack/58733d94-cb44-4f93-b9bc-90d3803fc47e
2024-01-14 08:11:16,173 [IPC Server handler 4 on default port 15002] INFO  node.SCMNodeManager (SCMNodeManager.java:register(417)) - Registered datanode: 58733d94-cb44-4f93-b9bc-90d3803fc47e{ip: 10.1.0.100, host: fv-az737-837, ports: [HTTP=15018, CLIENT_RPC=15019, REPLICATION=15025, RATIS=15021, RATIS_ADMIN=15022, RATIS_SERVER=15023, RATIS_DATASTREAM=15024, STANDALONE=15020], networkLocation: /default-rack, certSerialId: null, persistedOpState: null, persistedOpStateExpiryEpochSec: 0}
2024-01-14 08:11:16,173 [EventQueue-NewNodeForNewNodeHandler] INFO  pipeline.BackgroundPipelineCreator (BackgroundPipelineCreator.java:notifyEventTriggered(280)) - trigger a one-shot run on RatisPipelineUtilsThread.
2024-01-14 08:11:16,173 [EventQueue-NodeRegistrationContainerReportForDataNodeSafeModeRule] INFO  safemode.SCMSafeModeManager (DataNodeSafeModeRule.java:process(71)) - SCM in safe mode. 2 DataNodes registered, 3 required.
2024-01-14 08:11:16,174 [RatisPipelineUtilsThread-0] INFO  pipeline.RatisPipelineProvider (RatisPipelineProvider.java:lambda$create$0(206)) - Sending CreatePipelineCommand for pipeline:PipelineID=8b5b60e5-9357-4b70-85f0-e6caa1c4c346 to datanode:58733d94-cb44-4f93-b9bc-90d3803fc47e
2024-01-14 08:11:16,175 [RatisPipelineUtilsThread-0] INFO  pipeline.BackgroundPipelineCreator (BackgroundPipelineCreator.java:createPipelines(236)) - Created new pipeline Pipeline[ Id: 8b5b60e5-9357-4b70-85f0-e6caa1c4c346, Nodes: 58733d94-cb44-4f93-b9bc-90d3803fc47e(fv-az737-837/10.1.0.100), ReplicationConfig: RATIS/ONE, State:ALLOCATED, leaderId:, CreationTimestamp2024-01-14T08:11:16.174Z[Etc/UTC]]
2024-01-14 08:11:16,306 [IPC Server handler 5 on default port 15002] INFO  net.NetworkTopologyImpl (NetworkTopologyImpl.java:add(124)) - Added a new node: /default-rack/0ff4ee77-f176-4c42-9b93-2e8119131049
2024-01-14 08:11:16,307 [IPC Server handler 5 on default port 15002] INFO  node.SCMNodeManager (SCMNodeManager.java:register(417)) - Registered datanode: 0ff4ee77-f176-4c42-9b93-2e8119131049{ip: 10.1.0.100, host: fv-az737-837, ports: [HTTP=15027, CLIENT_RPC=15028, REPLICATION=15034, RATIS=15030, RATIS_ADMIN=15031, RATIS_SERVER=15032, RATIS_DATASTREAM=15033, STANDALONE=15029], networkLocation: /default-rack, certSerialId: null, persistedOpState: null, persistedOpStateExpiryEpochSec: 0}
2024-01-14 08:11:16,307 [EventQueue-NewNodeForNewNodeHandler] INFO  pipeline.BackgroundPipelineCreator (BackgroundPipelineCreator.java:notifyEventTriggered(280)) - trigger a one-shot run on RatisPipelineUtilsThread.
2024-01-14 08:11:16,307 [EventQueue-NodeRegistrationContainerReportForDataNodeSafeModeRule] INFO  safemode.SCMSafeModeManager (DataNodeSafeModeRule.java:process(71)) - SCM in safe mode. 3 DataNodes registered, 3 required.
2024-01-14 08:11:16,307 [EventQueue-NodeRegistrationContainerReportForDataNodeSafeModeRule] INFO  safemode.SCMSafeModeManager (SCMSafeModeManager.java:validateSafeModeExitRules(200)) - DataNodeSafeModeRule rule is successfully validated
2024-01-14 08:11:16,307 [EventQueue-NodeRegistrationContainerReportForDataNodeSafeModeRule] INFO  safemode.SCMSafeModeManager (SCMSafeModeManager.java:completePreCheck(229)) - All SCM safe mode pre check rules have passed
2024-01-14 08:11:16,307 [EventQueue-NodeRegistrationContainerReportForDataNodeSafeModeRule] INFO  ha.SCMContext (SCMContext.java:updateSafeModeStatus(230)) - Update SafeModeStatus from SafeModeStatus{safeModeStatus=true, preCheckPassed=false} to SafeModeStatus{safeModeStatus=true, preCheckPassed=true}.
2024-01-14 08:11:16,307 [EventQueue-NodeRegistrationContainerReportForDataNodeSafeModeRule] INFO  pipeline.BackgroundPipelineCreator (BackgroundPipelineCreator.java:notifyEventTriggered(280)) - trigger a one-shot run on RatisPipelineUtilsThread.
2024-01-14 08:11:16,308 [RatisPipelineUtilsThread-0] INFO  pipeline.RatisPipelineProvider (RatisPipelineProvider.java:lambda$create$0(206)) - Sending CreatePipelineCommand for pipeline:PipelineID=4dd48d91-45fe-4246-9334-b4fba049766d to datanode:0ff4ee77-f176-4c42-9b93-2e8119131049
2024-01-14 08:11:16,309 [RatisPipelineUtilsThread-0] INFO  pipeline.BackgroundPipelineCreator (BackgroundPipelineCreator.java:createPipelines(236)) - Created new pipeline Pipeline[ Id: 4dd48d91-45fe-4246-9334-b4fba049766d, Nodes: 0ff4ee77-f176-4c42-9b93-2e8119131049(fv-az737-837/10.1.0.100), ReplicationConfig: RATIS/ONE, State:ALLOCATED, leaderId:, CreationTimestamp2024-01-14T08:11:16.308Z[Etc/UTC]]
2024-01-14 08:11:16,312 [RatisPipelineUtilsThread-0] INFO  pipeline.RatisPipelineProvider (RatisPipelineProvider.java:lambda$create$0(206)) - Sending CreatePipelineCommand for pipeline:PipelineID=a90a9068-255c-47f4-bcab-cc814c894a60 to datanode:58733d94-cb44-4f93-b9bc-90d3803fc47e
2024-01-14 08:11:16,312 [RatisPipelineUtilsThread-0] INFO  pipeline.RatisPipelineProvider (RatisPipelineProvider.java:lambda$create$0(206)) - Sending CreatePipelineCommand for pipeline:PipelineID=a90a9068-255c-47f4-bcab-cc814c894a60 to datanode:577443f1-fefe-41e6-ac50-50037dc50964
2024-01-14 08:11:16,312 [RatisPipelineUtilsThread-0] INFO  pipeline.RatisPipelineProvider (RatisPipelineProvider.java:lambda$create$0(206)) - Sending CreatePipelineCommand for pipeline:PipelineID=a90a9068-255c-47f4-bcab-cc814c894a60 to datanode:0ff4ee77-f176-4c42-9b93-2e8119131049
2024-01-14 08:11:16,314 [RatisPipelineUtilsThread-0] INFO  pipeline.BackgroundPipelineCreator (BackgroundPipelineCreator.java:createPipelines(236)) - Created new pipeline Pipeline[ Id: a90a9068-255c-47f4-bcab-cc814c894a60, Nodes: 58733d94-cb44-4f93-b9bc-90d3803fc47e(fv-az737-837/10.1.0.100)577443f1-fefe-41e6-ac50-50037dc50964(fv-az737-837/10.1.0.100)0ff4ee77-f176-4c42-9b93-2e8119131049(fv-az737-837/10.1.0.100), ReplicationConfig: RATIS/THREE, State:ALLOCATED, leaderId:, CreationTimestamp2024-01-14T08:11:16.312Z[Etc/UTC]]
2024-01-14 08:11:16,315 [RatisPipelineUtilsThread-0] INFO  pipeline.RatisPipelineProvider (RatisPipelineProvider.java:lambda$create$0(206)) - Sending CreatePipelineCommand for pipeline:PipelineID=5c66e7de-3243-461f-9b96-5520aa21a72d to datanode:58733d94-cb44-4f93-b9bc-90d3803fc47e
2024-01-14 08:11:16,315 [RatisPipelineUtilsThread-0] INFO  pipeline.RatisPipelineProvider (RatisPipelineProvider.java:lambda$create$0(206)) - Sending CreatePipelineCommand for pipeline:PipelineID=5c66e7de-3243-461f-9b96-5520aa21a72d to datanode:0ff4ee77-f176-4c42-9b93-2e8119131049
2024-01-14 08:11:16,315 [RatisPipelineUtilsThread-0] INFO  pipeline.RatisPipelineProvider (RatisPipelineProvider.java:lambda$create$0(206)) - Sending CreatePipelineCommand for pipeline:PipelineID=5c66e7de-3243-461f-9b96-5520aa21a72d to datanode:577443f1-fefe-41e6-ac50-50037dc50964
2024-01-14 08:11:16,316 [RatisPipelineUtilsThread-0] INFO  pipeline.PipelineManagerImpl (PipelineManagerImpl.java:recordMetricsForPipeline(916)) - Pipeline: PipelineID=5c66e7de-3243-461f-9b96-5520aa21a72d contains same datanodes as previous pipelines: PipelineID=a90a9068-255c-47f4-bcab-cc814c894a60 nodeIds: 58733d94-cb44-4f93-b9bc-90d3803fc47e, 0ff4ee77-f176-4c42-9b93-2e8119131049, 577443f1-fefe-41e6-ac50-50037dc50964
2024-01-14 08:11:16,316 [RatisPipelineUtilsThread-0] INFO  pipeline.BackgroundPipelineCreator (BackgroundPipelineCreator.java:createPipelines(236)) - Created new pipeline Pipeline[ Id: 5c66e7de-3243-461f-9b96-5520aa21a72d, Nodes: 58733d94-cb44-4f93-b9bc-90d3803fc47e(fv-az737-837/10.1.0.100)0ff4ee77-f176-4c42-9b93-2e8119131049(fv-az737-837/10.1.0.100)577443f1-fefe-41e6-ac50-50037dc50964(fv-az737-837/10.1.0.100), ReplicationConfig: RATIS/THREE, State:ALLOCATED, leaderId:, CreationTimestamp2024-01-14T08:11:16.315Z[Etc/UTC]]
2024-01-14 08:11:16,451 [IPC Server handler 3 on default port 15002] INFO  net.NetworkTopologyImpl (NetworkTopologyImpl.java:add(124)) - Added a new node: /default-rack/ee8156c5-6136-4ec5-812d-3226e59a8f74
2024-01-14 08:11:16,452 [IPC Server handler 3 on default port 15002] INFO  node.SCMNodeManager (SCMNodeManager.java:register(417)) - Registered datanode: ee8156c5-6136-4ec5-812d-3226e59a8f74{ip: 10.1.0.100, host: fv-az737-837, ports: [HTTP=15036, CLIENT_RPC=15037, REPLICATION=15043, RATIS=15039, RATIS_ADMIN=15040, RATIS_SERVER=15041, RATIS_DATASTREAM=15042, STANDALONE=15038], networkLocation: /default-rack, certSerialId: null, persistedOpState: null, persistedOpStateExpiryEpochSec: 0}
2024-01-14 08:11:16,453 [EventQueue-NewNodeForNewNodeHandler] INFO  pipeline.BackgroundPipelineCreator (BackgroundPipelineCreator.java:notifyEventTriggered(280)) - trigger a one-shot run on RatisPipelineUtilsThread.
2024-01-14 08:11:16,454 [RatisPipelineUtilsThread-0] INFO  pipeline.RatisPipelineProvider (RatisPipelineProvider.java:lambda$create$0(206)) - Sending CreatePipelineCommand for pipeline:PipelineID=68516f61-892b-490b-80f7-f56bd249ee0e to datanode:ee8156c5-6136-4ec5-812d-3226e59a8f74
2024-01-14 08:11:16,455 [RatisPipelineUtilsThread-0] INFO  pipeline.BackgroundPipelineCreator (BackgroundPipelineCreator.java:createPipelines(236)) - Created new pipeline Pipeline[ Id: 68516f61-892b-490b-80f7-f56bd249ee0e, Nodes: ee8156c5-6136-4ec5-812d-3226e59a8f74(fv-az737-837/10.1.0.100), ReplicationConfig: RATIS/ONE, State:ALLOCATED, leaderId:, CreationTimestamp2024-01-14T08:11:16.454Z[Etc/UTC]]
2024-01-14 08:11:16,608 [main] INFO  ozone.MiniOzoneClusterImpl (MiniOzoneClusterImpl.java:lambda$waitForClusterToBeReady$0(229)) - Waiting for nodes to be ready. Got 4 of 5 DN Heartbeats.
2024-01-14 08:11:16,608 [main] INFO  ozone.MiniOzoneClusterImpl (MiniOzoneClusterImpl.java:lambda$waitForClusterToBeReady$0(232)) - Waiting for cluster to exit safe mode
2024-01-14 08:11:16,608 [main] INFO  ozone.MiniOzoneClusterImpl (MiniOzoneClusterImpl.java:lambda$waitForClusterToBeReady$0(234)) - SCM became leader
2024-01-14 08:11:16,632 [IPC Server handler 6 on default port 15002] INFO  net.NetworkTopologyImpl (NetworkTopologyImpl.java:add(124)) - Added a new node: /default-rack/50de051d-3e76-4053-aa92-929931ae6eb2
2024-01-14 08:11:16,633 [IPC Server handler 6 on default port 15002] INFO  node.SCMNodeManager (SCMNodeManager.java:register(417)) - Registered datanode: 50de051d-3e76-4053-aa92-929931ae6eb2{ip: 10.1.0.100, host: fv-az737-837, ports: [HTTP=15045, CLIENT_RPC=15046, REPLICATION=15052, RATIS=15048, RATIS_ADMIN=15049, RATIS_SERVER=15050, RATIS_DATASTREAM=15051, STANDALONE=15047], networkLocation: /default-rack, certSerialId: null, persistedOpState: null, persistedOpStateExpiryEpochSec: 0}
2024-01-14 08:11:16,633 [EventQueue-NewNodeForNewNodeHandler] INFO  pipeline.BackgroundPipelineCreator (BackgroundPipelineCreator.java:notifyEventTriggered(280)) - trigger a one-shot run on RatisPipelineUtilsThread.
2024-01-14 08:11:16,634 [RatisPipelineUtilsThread-0] INFO  pipeline.RatisPipelineProvider (RatisPipelineProvider.java:lambda$create$0(206)) - Sending CreatePipelineCommand for pipeline:PipelineID=2ca7df51-f4b8-4131-883c-20c315240f1a to datanode:50de051d-3e76-4053-aa92-929931ae6eb2
2024-01-14 08:11:16,635 [RatisPipelineUtilsThread-0] INFO  pipeline.BackgroundPipelineCreator (BackgroundPipelineCreator.java:createPipelines(236)) - Created new pipeline Pipeline[ Id: 2ca7df51-f4b8-4131-883c-20c315240f1a, Nodes: 50de051d-3e76-4053-aa92-929931ae6eb2(fv-az737-837/10.1.0.100), ReplicationConfig: RATIS/ONE, State:ALLOCATED, leaderId:, CreationTimestamp2024-01-14T08:11:16.634Z[Etc/UTC]]
2024-01-14 08:11:17,609 [main] INFO  ozone.MiniOzoneClusterImpl (MiniOzoneClusterImpl.java:lambda$waitForClusterToBeReady$0(229)) - Nodes are ready. Got 5 of 5 DN Heartbeats.
2024-01-14 08:11:17,609 [main] INFO  ozone.MiniOzoneClusterImpl (MiniOzoneClusterImpl.java:lambda$waitForClusterToBeReady$0(232)) - Waiting for cluster to exit safe mode
2024-01-14 08:11:17,609 [main] INFO  ozone.MiniOzoneClusterImpl (MiniOzoneClusterImpl.java:lambda$waitForClusterToBeReady$0(234)) - SCM became leader
2024-01-14 08:11:18,609 [main] INFO  ozone.MiniOzoneClusterImpl (MiniOzoneClusterImpl.java:lambda$waitForClusterToBeReady$0(229)) - Nodes are ready. Got 5 of 5 DN Heartbeats.
2024-01-14 08:11:18,610 [main] INFO  ozone.MiniOzoneClusterImpl (MiniOzoneClusterImpl.java:lambda$waitForClusterToBeReady$0(232)) - Waiting for cluster to exit safe mode
2024-01-14 08:11:18,610 [main] INFO  ozone.MiniOzoneClusterImpl (MiniOzoneClusterImpl.java:lambda$waitForClusterToBeReady$0(234)) - SCM became leader
2024-01-14 08:11:19,047 [577443f1-fefe-41e6-ac50-50037dc50964-PipelineCommandHandlerThread-0] INFO  server.RaftServer (RaftServerProxy.java:addNew(100)) - 577443f1-fefe-41e6-ac50-50037dc50964: addNew group-666D80A90A34:[577443f1-fefe-41e6-ac50-50037dc50964|10.1.0.100:15014] returns group-666D80A90A34:java.util.concurrent.CompletableFuture@48d2bcc8[Not completed]
2024-01-14 08:11:19,054 [577443f1-fefe-41e6-ac50-50037dc50964-groupManagement] INFO  server.RaftServer$Division (RaftServerImpl.java:<init>(256)) - 577443f1-fefe-41e6-ac50-50037dc50964: new RaftServerImpl for group-666D80A90A34:[577443f1-fefe-41e6-ac50-50037dc50964|10.1.0.100:15014] with ContainerStateMachine:uninitialized
2024-01-14 08:11:19,054 [577443f1-fefe-41e6-ac50-50037dc50964-groupManagement] INFO  server.RaftServerConfigKeys (ConfUtils.java:logGet(46)) - raft.server.rpc.timeout.min = 5s (custom)
2024-01-14 08:11:19,054 [577443f1-fefe-41e6-ac50-50037dc50964-groupManagement] INFO  server.RaftServerConfigKeys (ConfUtils.java:logGet(46)) - raft.server.rpc.timeout.max = 5200ms (custom)
2024-01-14 08:11:19,054 [577443f1-fefe-41e6-ac50-50037dc50964-groupManagement] INFO  server.RaftServerConfigKeys (ConfUtils.java:logGet(46)) - raft.server.rpc.sleep.time = 25ms (default)
2024-01-14 08:11:19,054 [577443f1-fefe-41e6-ac50-50037dc50964-groupManagement] INFO  server.RaftServerConfigKeys (ConfUtils.java:logGet(46)) - raft.server.rpc.slowness.timeout = 300000ms (custom)
2024-01-14 08:11:19,054 [577443f1-fefe-41e6-ac50-50037dc50964-groupManagement] INFO  server.RaftServerConfigKeys (ConfUtils.java:logGet(46)) - raft.server.leaderelection.leader.step-down.wait-time = 10s (default)
2024-01-14 08:11:19,054 [577443f1-fefe-41e6-ac50-50037dc50964-groupManagement] INFO  server.RaftServerConfigKeys (ConfUtils.java:logGet(46)) - raft.server.leaderelection.member.majority-add = false (default)
2024-01-14 08:11:19,054 [577443f1-fefe-41e6-ac50-50037dc50964-groupManagement] INFO  server.RaftServerConfigKeys (ConfUtils.java:logGet(46)) - raft.server.sleep.deviation.threshold = 300ms (default)
2024-01-14 08:11:19,055 [577443f1-fefe-41e6-ac50-50037dc50964-groupManagement] INFO  server.RaftServer$Division (ServerState.java:<init>(113)) - 577443f1-fefe-41e6-ac50-50037dc50964@group-666D80A90A34: ConfigurationManager, init=-1: peers:[577443f1-fefe-41e6-ac50-50037dc50964|10.1.0.100:15014]|listeners:[], old=null, confs=<EMPTY_MAP>
2024-01-14 08:11:19,055 [577443f1-fefe-41e6-ac50-50037dc50964-groupManagement] INFO  server.RaftServerConfigKeys (ConfUtils.java:logGet(46)) - raft.server.notification.no-leader.timeout = 300000ms (custom)
2024-01-14 08:11:19,055 [577443f1-fefe-41e6-ac50-50037dc50964-groupManagement] INFO  server.RaftServerConfigKeys (ConfUtils.java:logGet(46)) - raft.server.read.timeout = 10s (default)
2024-01-14 08:11:19,055 [577443f1-fefe-41e6-ac50-50037dc50964-groupManagement] INFO  server.RaftServerConfigKeys (ConfUtils.java:logGet(46)) - raft.server.retrycache.expirytime = 600000ms (custom)
2024-01-14 08:11:19,055 [577443f1-fefe-41e6-ac50-50037dc50964-groupManagement] INFO  server.RaftServerConfigKeys (ConfUtils.java:logGet(46)) - raft.server.retrycache.statistics.expirytime = 100ms (default)
2024-01-14 08:11:19,055 [577443f1-fefe-41e6-ac50-50037dc50964-groupManagement] INFO  server.RaftServerConfigKeys (ConfUtils.java:logGet(46)) - raft.server.read.option = DEFAULT (default)
2024-01-14 08:11:19,055 [577443f1-fefe-41e6-ac50-50037dc50964-groupManagement] INFO  server.RaftServerConfigKeys (ConfUtils.java:logGet(46)) - raft.server.read.read-after-write-consistent.write-index-cache.expiry-time = 60s (default)
2024-01-14 08:11:19,062 [577443f1-fefe-41e6-ac50-50037dc50964-groupManagement] INFO  server.RaftServerConfigKeys (ConfUtils.java:logGet(46)) - raft.server.rpc.request.timeout = 3000ms (default)
2024-01-14 08:11:19,062 [577443f1-fefe-41e6-ac50-50037dc50964-groupManagement] INFO  server.RaftServerConfigKeys (ConfUtils.java:logGet(46)) - raft.server.log.appender.install.snapshot.enabled = false (custom)
2024-01-14 08:11:19,062 [577443f1-fefe-41e6-ac50-50037dc50964-groupManagement] INFO  server.RaftServerConfigKeys (ConfUtils.java:logGet(46)) - raft.server.threadpool.server.cached = true (default)
2024-01-14 08:11:19,062 [577443f1-fefe-41e6-ac50-50037dc50964-groupManagement] INFO  server.RaftServerConfigKeys (ConfUtils.java:logGet(46)) - raft.server.threadpool.server.size = 0 (default)
2024-01-14 08:11:19,062 [577443f1-fefe-41e6-ac50-50037dc50964-groupManagement] INFO  server.RaftServerConfigKeys (ConfUtils.java:logGet(46)) - raft.server.threadpool.client.cached = true (default)
2024-01-14 08:11:19,062 [577443f1-fefe-41e6-ac50-50037dc50964-groupManagement] INFO  server.RaftServerConfigKeys (ConfUtils.java:logGet(46)) - raft.server.threadpool.client.size = 0 (default)
2024-01-14 08:11:19,063 [577443f1-fefe-41e6-ac50-50037dc50964-groupManagement] INFO  server.RaftServerConfigKeys (ConfUtils.java:logGet(46)) - raft.server.storage.free-space.min = 0MB (=0) (default)
2024-01-14 08:11:19,063 [577443f1-fefe-41e6-ac50-50037dc50964-groupManagement] INFO  server.RaftServerConfigKeys (ConfUtils.java:logGet(46)) - raft.server.log.corruption.policy = EXCEPTION (default)
2024-01-14 08:11:19,063 [577443f1-fefe-41e6-ac50-50037dc50964-groupManagement] INFO  server.RaftServerConfigKeys (ConfUtils.java:logGet(46)) - raft.server.storage.dir = [/home/runner/work/ozone/ozone/hadoop-ozone/integration-test/target/test-dir/MiniOzoneClusterImpl-d05e4a2c-755f-4d37-936b-30aea24b9535/datanode-0/data/ratis] (custom)
2024-01-14 08:11:19,063 [577443f1-fefe-41e6-ac50-50037dc50964-groupManagement] INFO  storage.RaftStorageDirectory (RaftStorageDirectoryImpl.java:analyzeStorage(138)) - The storage directory /home/runner/work/ozone/ozone/hadoop-ozone/integration-test/target/test-dir/MiniOzoneClusterImpl-d05e4a2c-755f-4d37-936b-30aea24b9535/datanode-0/data/ratis/e8d58f33-8be7-4bf5-90f2-666d80a90a34 does not exist. Creating ...
2024-01-14 08:11:19,064 [577443f1-fefe-41e6-ac50-50037dc50964-groupManagement] INFO  storage.RaftStorageDirectory (RaftStorageDirectoryImpl.java:tryLock(228)) - Lock on /home/runner/work/ozone/ozone/hadoop-ozone/integration-test/target/test-dir/MiniOzoneClusterImpl-d05e4a2c-755f-4d37-936b-30aea24b9535/datanode-0/data/ratis/e8d58f33-8be7-4bf5-90f2-666d80a90a34/in_use.lock acquired by nodename 49070@fv-az737-837
2024-01-14 08:11:19,066 [577443f1-fefe-41e6-ac50-50037dc50964-groupManagement] INFO  storage.RaftStorage (RaftStorageImpl.java:format(99)) - Storage directory /home/runner/work/ozone/ozone/hadoop-ozone/integration-test/target/test-dir/MiniOzoneClusterImpl-d05e4a2c-755f-4d37-936b-30aea24b9535/datanode-0/data/ratis/e8d58f33-8be7-4bf5-90f2-666d80a90a34 has been successfully formatted.
2024-01-14 08:11:19,067 [577443f1-fefe-41e6-ac50-50037dc50964-groupManagement] WARN  util.FileUtils (LogUtils.java:supplyAndLog(63)) - Failed to Files.newInputStream /home/runner/work/ozone/ozone/hadoop-ozone/integration-test/target/test-dir/MiniOzoneClusterImpl-d05e4a2c-755f-4d37-936b-30aea24b9535/datanode-0/data/ratis/e8d58f33-8be7-4bf5-90f2-666d80a90a34/current/raft-meta.conf with options []: java.nio.file.NoSuchFileException: /home/runner/work/ozone/ozone/hadoop-ozone/integration-test/target/test-dir/MiniOzoneClusterImpl-d05e4a2c-755f-4d37-936b-30aea24b9535/datanode-0/data/ratis/e8d58f33-8be7-4bf5-90f2-666d80a90a34/current/raft-meta.conf
2024-01-14 08:11:19,070 [577443f1-fefe-41e6-ac50-50037dc50964-groupManagement] INFO  ratis.ContainerStateMachine (ContainerStateMachine.java:loadSnapshot(287)) - group-666D80A90A34: The snapshot info is null. Setting the last applied index to:(t:0, i:~)
2024-01-14 08:11:19,071 [577443f1-fefe-41e6-ac50-50037dc50964-groupManagement] INFO  server.RaftServerConfigKeys (ConfUtils.java:logGet(46)) - raft.server.log.use.memory = false (default)
2024-01-14 08:11:19,071 [577443f1-fefe-41e6-ac50-50037dc50964-groupManagement] INFO  server.RaftServerConfigKeys (ConfUtils.java:logGet(46)) - raft.server.log.purge.gap = 1000000 (custom)
2024-01-14 08:11:19,071 [577443f1-fefe-41e6-ac50-50037dc50964-groupManagement] INFO  server.RaftServerConfigKeys (ConfUtils.java:logGet(46)) - raft.server.log.appender.buffer.byte-limit = 8388608 (custom)
2024-01-14 08:11:19,071 [577443f1-fefe-41e6-ac50-50037dc50964-groupManagement] INFO  server.RaftServerConfigKeys (ConfUtils.java:logGet(46)) - raft.server.log.statemachine.data.read.timeout = 1000ms (default)
2024-01-14 08:11:19,071 [577443f1-fefe-41e6-ac50-50037dc50964-groupManagement] INFO  server.RaftServerConfigKeys (ConfUtils.java:logGet(46)) - raft.server.log.purge.preservation.log.num = 0 (default)
2024-01-14 08:11:19,075 [577443f1-fefe-41e6-ac50-50037dc50964-groupManagement] INFO  server.RaftServerConfigKeys (ConfUtils.java:logGet(46)) - raft.server.log.segment.size.max = 67108864 (custom)
2024-01-14 08:11:19,076 [577443f1-fefe-41e6-ac50-50037dc50964-groupManagement] INFO  server.RaftServerConfigKeys (ConfUtils.java:logGet(46)) - raft.server.log.segment.cache.num.max = 2 (custom)
2024-01-14 08:11:19,076 [577443f1-fefe-41e6-ac50-50037dc50964-groupManagement] INFO  server.RaftServerConfigKeys (ConfUtils.java:logGet(46)) - raft.server.log.segment.cache.size.max = 200MB (=209715200) (default)
2024-01-14 08:11:19,077 [577443f1-fefe-41e6-ac50-50037dc50964-groupManagement] INFO  server.RaftServerConfigKeys (ConfUtils.java:logGet(46)) - raft.server.log.appender.buffer.byte-limit = 8388608 (custom)
2024-01-14 08:11:19,077 [577443f1-fefe-41e6-ac50-50037dc50964-groupManagement] INFO  util.AwaitToRun (AwaitToRun.java:start(81)) - Thread[577443f1-fefe-41e6-ac50-50037dc50964@group-666D80A90A34-cacheEviction-AwaitToRun,5,main] started
2024-01-14 08:11:19,077 [577443f1-fefe-41e6-ac50-50037dc50964-groupManagement] INFO  segmented.SegmentedRaftLogWorker (SegmentedRaftLogWorker.java:<init>(182)) - new 577443f1-fefe-41e6-ac50-50037dc50964@group-666D80A90A34-SegmentedRaftLogWorker for RaftStorageImpl:Storage Directory /home/runner/work/ozone/ozone/hadoop-ozone/integration-test/target/test-dir/MiniOzoneClusterImpl-d05e4a2c-755f-4d37-936b-30aea24b9535/datanode-0/data/ratis/e8d58f33-8be7-4bf5-90f2-666d80a90a34
2024-01-14 08:11:19,077 [577443f1-fefe-41e6-ac50-50037dc50964-groupManagement] INFO  server.RaftServerConfigKeys (ConfUtils.java:logGet(46)) - raft.server.log.queue.byte-limit = 4294967296 (custom)
2024-01-14 08:11:19,077 [577443f1-fefe-41e6-ac50-50037dc50964-groupManagement] INFO  server.RaftServerConfigKeys (ConfUtils.java:logGet(46)) - raft.server.log.queue.element-limit = 1024 (custom)
2024-01-14 08:11:19,077 [577443f1-fefe-41e6-ac50-50037dc50964-groupManagement] INFO  server.RaftServerConfigKeys (ConfUtils.java:logGet(46)) - raft.server.log.segment.size.max = 67108864 (custom)
2024-01-14 08:11:19,077 [577443f1-fefe-41e6-ac50-50037dc50964-groupManagement] INFO  server.RaftServerConfigKeys (ConfUtils.java:logGet(46)) - raft.server.log.preallocated.size = 4194304 (custom)
2024-01-14 08:11:19,077 [577443f1-fefe-41e6-ac50-50037dc50964-groupManagement] INFO  server.RaftServerConfigKeys (ConfUtils.java:logGet(46)) - raft.server.log.force.sync.num = 128 (default)
2024-01-14 08:11:19,077 [577443f1-fefe-41e6-ac50-50037dc50964-groupManagement] INFO  server.RaftServerConfigKeys (ConfUtils.java:logGet(46)) - raft.server.log.statemachine.data.sync = true (default)
2024-01-14 08:11:19,078 [577443f1-fefe-41e6-ac50-50037dc50964-groupManagement] INFO  server.RaftServerConfigKeys (ConfUtils.java:logGet(46)) - raft.server.log.statemachine.data.sync.timeout = 10s (default)
2024-01-14 08:11:19,078 [577443f1-fefe-41e6-ac50-50037dc50964-groupManagement] INFO  server.RaftServerConfigKeys (ConfUtils.java:logGet(46)) - raft.server.log.statemachine.data.sync.timeout.retry = 0 (custom)
2024-01-14 08:11:19,078 [577443f1-fefe-41e6-ac50-50037dc50964-groupManagement] INFO  server.RaftServerConfigKeys (ConfUtils.java:logGet(46)) - raft.server.log.write.buffer.size = 8388616 (custom)
2024-01-14 08:11:19,080 [577443f1-fefe-41e6-ac50-50037dc50964-groupManagement] INFO  server.RaftServerConfigKeys (ConfUtils.java:logGet(46)) - raft.server.log.appender.buffer.byte-limit = 8388608 (custom)
2024-01-14 08:11:19,081 [577443f1-fefe-41e6-ac50-50037dc50964-groupManagement] INFO  server.RaftServerConfigKeys (ConfUtils.java:logGet(46)) - raft.server.log.unsafe-flush.enabled = false (default)
2024-01-14 08:11:19,081 [577443f1-fefe-41e6-ac50-50037dc50964-groupManagement] INFO  server.RaftServerConfigKeys (ConfUtils.java:logGet(46)) - raft.server.log.async-flush.enabled = false (default)
2024-01-14 08:11:19,081 [577443f1-fefe-41e6-ac50-50037dc50964-groupManagement] INFO  server.RaftServerConfigKeys (ConfUtils.java:logGet(46)) - raft.server.log.statemachine.data.caching.enabled = true (custom)
2024-01-14 08:11:19,081 [577443f1-fefe-41e6-ac50-50037dc50964-groupManagement] INFO  segmented.SegmentedRaftLogWorker (SegmentedRaftLogWorker.java:lambda$new$0(134)) - 577443f1-fefe-41e6-ac50-50037dc50964@group-666D80A90A34-SegmentedRaftLogWorker: flushIndex: setUnconditionally 0 -> -1
2024-01-14 08:11:19,081 [577443f1-fefe-41e6-ac50-50037dc50964-groupManagement] INFO  segmented.SegmentedRaftLogWorker (SegmentedRaftLogWorker.java:lambda$new$0(134)) - 577443f1-fefe-41e6-ac50-50037dc50964@group-666D80A90A34-SegmentedRaftLogWorker: safeCacheEvictIndex: setUnconditionally 0 -> -1
2024-01-14 08:11:19,081 [577443f1-fefe-41e6-ac50-50037dc50964-groupManagement] INFO  server.RaftServer$Division (RaftServerImpl.java:start(396)) - 577443f1-fefe-41e6-ac50-50037dc50964@group-666D80A90A34: start as a follower, conf=-1: peers:[577443f1-fefe-41e6-ac50-50037dc50964|10.1.0.100:15014]|listeners:[], old=null
2024-01-14 08:11:19,081 [577443f1-fefe-41e6-ac50-50037dc50964-groupManagement] INFO  server.RaftServer$Division (RaftServerImpl.java:setRole(383)) - 577443f1-fefe-41e6-ac50-50037dc50964@group-666D80A90A34: changes role from      null to FOLLOWER at term 0 for startAsFollower
2024-01-14 08:11:19,082 [577443f1-fefe-41e6-ac50-50037dc50964-groupManagement] INFO  impl.RoleInfo (RoleInfo.java:updateAndGet(139)) - 577443f1-fefe-41e6-ac50-50037dc50964: start 577443f1-fefe-41e6-ac50-50037dc50964@group-666D80A90A34-FollowerState
2024-01-14 08:11:19,082 [577443f1-fefe-41e6-ac50-50037dc50964-groupManagement] INFO  util.JmxRegister (JmxRegister.java:tryRegister(44)) - Successfully registered JMX Bean with object name Ratis:service=RaftServer,group=group-666D80A90A34,id=577443f1-fefe-41e6-ac50-50037dc50964
2024-01-14 08:11:19,082 [577443f1-fefe-41e6-ac50-50037dc50964-groupManagement] INFO  server.RaftServerConfigKeys (ConfUtils.java:logGet(46)) - raft.server.snapshot.trigger-when-stop.enabled = true (default)
2024-01-14 08:11:19,082 [577443f1-fefe-41e6-ac50-50037dc50964-groupManagement] INFO  server.RaftServerConfigKeys (ConfUtils.java:logGet(46)) - raft.server.snapshot.auto.trigger.enabled = true (custom)
2024-01-14 08:11:19,082 [577443f1-fefe-41e6-ac50-50037dc50964-groupManagement] INFO  server.RaftServerConfigKeys (ConfUtils.java:logGet(46)) - raft.server.snapshot.auto.trigger.threshold = 10000 (custom)
2024-01-14 08:11:19,082 [577443f1-fefe-41e6-ac50-50037dc50964-groupManagement] INFO  server.RaftServerConfigKeys (ConfUtils.java:logGet(46)) - raft.server.snapshot.retention.file.num = 5 (custom)
2024-01-14 08:11:19,082 [577443f1-fefe-41e6-ac50-50037dc50964-groupManagement] INFO  server.RaftServerConfigKeys (ConfUtils.java:logGet(46)) - raft.server.log.purge.upto.snapshot.index = false (default)
2024-01-14 08:11:19,084 [577443f1-fefe-41e6-ac50-50037dc50964@group-666D80A90A34-FollowerState] INFO  server.RaftServerConfigKeys (ConfUtils.java:logFallback(53)) - raft.server.rpc.first-election.timeout.min = 5s (fallback to raft.server.rpc.timeout.min)
2024-01-14 08:11:19,084 [577443f1-fefe-41e6-ac50-50037dc50964@group-666D80A90A34-FollowerState] INFO  server.RaftServerConfigKeys (ConfUtils.java:logFallback(53)) - raft.server.rpc.first-election.timeout.max = 5200ms (fallback to raft.server.rpc.timeout.max)
2024-01-14 08:11:19,087 [EventQueue-PipelineReportForPipelineReportHandler] INFO  pipeline.PipelineReportHandler (PipelineReportHandler.java:processPipelineReport(136)) - Opened pipeline PipelineID=e8d58f33-8be7-4bf5-90f2-666d80a90a34
2024-01-14 08:11:19,090 [577443f1-fefe-41e6-ac50-50037dc50964-PipelineCommandHandlerThread-0] INFO  ratis.XceiverServerRatis (XceiverServerRatis.java:addGroup(842)) - Created group PipelineID=e8d58f33-8be7-4bf5-90f2-666d80a90a34
2024-01-14 08:11:19,091 [577443f1-fefe-41e6-ac50-50037dc50964-PipelineCommandHandlerThread-0] INFO  commandhandler.CreatePipelineCommandHandler (CreatePipelineCommandHandler.java:lambda$handle$2(124)) - Created Pipeline RATIS ONE PipelineID=e8d58f33-8be7-4bf5-90f2-666d80a90a34.
2024-01-14 08:11:19,091 [577443f1-fefe-41e6-ac50-50037dc50964-PipelineCommandHandlerThread-0] INFO  server.RaftServer (RaftServerProxy.java:addNew(100)) - 577443f1-fefe-41e6-ac50-50037dc50964: addNew group-CC814C894A60:[58733d94-cb44-4f93-b9bc-90d3803fc47e|10.1.0.100:15023, 0ff4ee77-f176-4c42-9b93-2e8119131049|10.1.0.100:15032, 577443f1-fefe-41e6-ac50-50037dc50964|10.1.0.100:15014] returns group-CC814C894A60:java.util.concurrent.CompletableFuture@34929654[Not completed]
2024-01-14 08:11:19,092 [577443f1-fefe-41e6-ac50-50037dc50964-groupManagement] INFO  server.RaftServer$Division (RaftServerImpl.java:<init>(256)) - 577443f1-fefe-41e6-ac50-50037dc50964: new RaftServerImpl for group-CC814C894A60:[58733d94-cb44-4f93-b9bc-90d3803fc47e|10.1.0.100:15023, 0ff4ee77-f176-4c42-9b93-2e8119131049|10.1.0.100:15032, 577443f1-fefe-41e6-ac50-50037dc50964|10.1.0.100:15014] with ContainerStateMachine:uninitialized
2024-01-14 08:11:19,093 [577443f1-fefe-41e6-ac50-50037dc50964-groupManagement] INFO  server.RaftServerConfigKeys (ConfUtils.java:logGet(46)) - raft.server.rpc.timeout.min = 5s (custom)
2024-01-14 08:11:19,093 [577443f1-fefe-41e6-ac50-50037dc50964-groupManagement] INFO  server.RaftServerConfigKeys (ConfUtils.java:logGet(46)) - raft.server.rpc.timeout.max = 5200ms (custom)
2024-01-14 08:11:19,093 [577443f1-fefe-41e6-ac50-50037dc50964-groupManagement] INFO  server.RaftServerConfigKeys (ConfUtils.java:logGet(46)) - raft.server.rpc.sleep.time = 25ms (default)
2024-01-14 08:11:19,093 [577443f1-fefe-41e6-ac50-50037dc50964-groupManagement] INFO  server.RaftServerConfigKeys (ConfUtils.java:logGet(46)) - raft.server.rpc.slowness.timeout = 300000ms (custom)
2024-01-14 08:11:19,093 [577443f1-fefe-41e6-ac50-50037dc50964-groupManagement] INFO  server.RaftServerConfigKeys (ConfUtils.java:logGet(46)) - raft.server.leaderelection.leader.step-down.wait-time = 10s (default)
2024-01-14 08:11:19,093 [577443f1-fefe-41e6-ac50-50037dc50964-groupManagement] INFO  server.RaftServerConfigKeys (ConfUtils.java:logGet(46)) - raft.server.leaderelection.member.majority-add = false (default)
2024-01-14 08:11:19,093 [577443f1-fefe-41e6-ac50-50037dc50964-groupManagement] INFO  server.RaftServerConfigKeys (ConfUtils.java:logGet(46)) - raft.server.sleep.deviation.threshold = 300ms (default)
2024-01-14 08:11:19,093 [577443f1-fefe-41e6-ac50-50037dc50964-groupManagement] INFO  server.RaftServer$Division (ServerState.java:<init>(113)) - 577443f1-fefe-41e6-ac50-50037dc50964@group-CC814C894A60: ConfigurationManager, init=-1: peers:[58733d94-cb44-4f93-b9bc-90d3803fc47e|10.1.0.100:15023, 0ff4ee77-f176-4c42-9b93-2e8119131049|10.1.0.100:15032, 577443f1-fefe-41e6-ac50-50037dc50964|10.1.0.100:15014]|listeners:[], old=null, confs=<EMPTY_MAP>
2024-01-14 08:11:19,093 [577443f1-fefe-41e6-ac50-50037dc50964-groupManagement] INFO  server.RaftServerConfigKeys (ConfUtils.java:logGet(46)) - raft.server.notification.no-leader.timeout = 300000ms (custom)
2024-01-14 08:11:19,093 [577443f1-fefe-41e6-ac50-50037dc50964-groupManagement] INFO  server.RaftServerConfigKeys (ConfUtils.java:logGet(46)) - raft.server.read.timeout = 10s (default)
2024-01-14 08:11:19,094 [577443f1-fefe-41e6-ac50-50037dc50964-groupManagement] INFO  server.RaftServerConfigKeys (ConfUtils.java:logGet(46)) - raft.server.retrycache.expirytime = 600000ms (custom)
2024-01-14 08:11:19,094 [577443f1-fefe-41e6-ac50-50037dc50964-groupManagement] INFO  server.RaftServerConfigKeys (ConfUtils.java:logGet(46)) - raft.server.retrycache.statistics.expirytime = 100ms (default)
2024-01-14 08:11:19,094 [577443f1-fefe-41e6-ac50-50037dc50964-groupManagement] INFO  server.RaftServerConfigKeys (ConfUtils.java:logGet(46)) - raft.server.read.option = DEFAULT (default)
2024-01-14 08:11:19,094 [577443f1-fefe-41e6-ac50-50037dc50964-groupManagement] INFO  server.RaftServerConfigKeys (ConfUtils.java:logGet(46)) - raft.server.read.read-after-write-consistent.write-index-cache.expiry-time = 60s (default)
2024-01-14 08:11:19,096 [EventQueue-OpenPipelineForHealthyPipelineSafeModeRule] INFO  safemode.SCMSafeModeManager (HealthyPipelineSafeModeRule.java:process(140)) - SCM in safe mode. Healthy pipelines reported count is 0, required healthy pipeline reported count is 1
2024-01-14 08:11:19,100 [577443f1-fefe-41e6-ac50-50037dc50964-groupManagement] INFO  server.RaftServerConfigKeys (ConfUtils.java:logGet(46)) - raft.server.rpc.request.timeout = 3000ms (default)
2024-01-14 08:11:19,100 [577443f1-fefe-41e6-ac50-50037dc50964-groupManagement] INFO  server.RaftServerConfigKeys (ConfUtils.java:logGet(46)) - raft.server.log.appender.install.snapshot.enabled = false (custom)
2024-01-14 08:11:19,100 [577443f1-fefe-41e6-ac50-50037dc50964-groupManagement] INFO  server.RaftServerConfigKeys (ConfUtils.java:logGet(46)) - raft.server.threadpool.server.cached = true (default)
2024-01-14 08:11:19,100 [577443f1-fefe-41e6-ac50-50037dc50964-groupManagement] INFO  server.RaftServerConfigKeys (ConfUtils.java:logGet(46)) - raft.server.threadpool.server.size = 0 (default)
2024-01-14 08:11:19,100 [577443f1-fefe-41e6-ac50-50037dc50964-groupManagement] INFO  server.RaftServerConfigKeys (ConfUtils.java:logGet(46)) - raft.server.threadpool.client.cached = true (default)
2024-01-14 08:11:19,100 [577443f1-fefe-41e6-ac50-50037dc50964-groupManagement] INFO  server.RaftServerConfigKeys (ConfUtils.java:logGet(46)) - raft.server.threadpool.client.size = 0 (default)
2024-01-14 08:11:19,100 [577443f1-fefe-41e6-ac50-50037dc50964-groupManagement] INFO  server.RaftServerConfigKeys (ConfUtils.java:logGet(46)) - raft.server.storage.free-space.min = 0MB (=0) (default)
2024-01-14 08:11:19,100 [577443f1-fefe-41e6-ac50-50037dc50964-groupManagement] INFO  server.RaftServerConfigKeys (ConfUtils.java:logGet(46)) - raft.server.log.corruption.policy = EXCEPTION (default)
2024-01-14 08:11:19,101 [577443f1-fefe-41e6-ac50-50037dc50964-groupManagement] INFO  server.RaftServerConfigKeys (ConfUtils.java:logGet(46)) - raft.server.storage.dir = [/home/runner/work/ozone/ozone/hadoop-ozone/integration-test/target/test-dir/MiniOzoneClusterImpl-d05e4a2c-755f-4d37-936b-30aea24b9535/datanode-0/data/ratis] (custom)
2024-01-14 08:11:19,101 [577443f1-fefe-41e6-ac50-50037dc50964-groupManagement] INFO  storage.RaftStorageDirectory (RaftStorageDirectoryImpl.java:analyzeStorage(138)) - The storage directory /home/runner/work/ozone/ozone/hadoop-ozone/integration-test/target/test-dir/MiniOzoneClusterImpl-d05e4a2c-755f-4d37-936b-30aea24b9535/datanode-0/data/ratis/a90a9068-255c-47f4-bcab-cc814c894a60 does not exist. Creating ...
2024-01-14 08:11:19,102 [577443f1-fefe-41e6-ac50-50037dc50964-groupManagement] INFO  storage.RaftStorageDirectory (RaftStorageDirectoryImpl.java:tryLock(228)) - Lock on /home/runner/work/ozone/ozone/hadoop-ozone/integration-test/target/test-dir/MiniOzoneClusterImpl-d05e4a2c-755f-4d37-936b-30aea24b9535/datanode-0/data/ratis/a90a9068-255c-47f4-bcab-cc814c894a60/in_use.lock acquired by nodename 49070@fv-az737-837
2024-01-14 08:11:19,106 [577443f1-fefe-41e6-ac50-50037dc50964-groupManagement] INFO  storage.RaftStorage (RaftStorageImpl.java:format(99)) - Storage directory /home/runner/work/ozone/ozone/hadoop-ozone/integration-test/target/test-dir/MiniOzoneClusterImpl-d05e4a2c-755f-4d37-936b-30aea24b9535/datanode-0/data/ratis/a90a9068-255c-47f4-bcab-cc814c894a60 has been successfully formatted.
2024-01-14 08:11:19,106 [577443f1-fefe-41e6-ac50-50037dc50964-groupManagement] WARN  util.FileUtils (LogUtils.java:supplyAndLog(63)) - Failed to Files.newInputStream /home/runner/work/ozone/ozone/hadoop-ozone/integration-test/target/test-dir/MiniOzoneClusterImpl-d05e4a2c-755f-4d37-936b-30aea24b9535/datanode-0/data/ratis/a90a9068-255c-47f4-bcab-cc814c894a60/current/raft-meta.conf with options []: java.nio.file.NoSuchFileException: /home/runner/work/ozone/ozone/hadoop-ozone/integration-test/target/test-dir/MiniOzoneClusterImpl-d05e4a2c-755f-4d37-936b-30aea24b9535/datanode-0/data/ratis/a90a9068-255c-47f4-bcab-cc814c894a60/current/raft-meta.conf
2024-01-14 08:11:19,106 [577443f1-fefe-41e6-ac50-50037dc50964-groupManagement] INFO  ratis.ContainerStateMachine (ContainerStateMachine.java:loadSnapshot(287)) - group-CC814C894A60: The snapshot info is null. Setting the last applied index to:(t:0, i:~)
2024-01-14 08:11:19,107 [577443f1-fefe-41e6-ac50-50037dc50964-groupManagement] INFO  server.RaftServerConfigKeys (ConfUtils.java:logGet(46)) - raft.server.log.use.memory = false (default)
2024-01-14 08:11:19,107 [577443f1-fefe-41e6-ac50-50037dc50964-groupManagement] INFO  server.RaftServerConfigKeys (ConfUtils.java:logGet(46)) - raft.server.log.purge.gap = 1000000 (custom)
2024-01-14 08:11:19,107 [577443f1-fefe-41e6-ac50-50037dc50964-groupManagement] INFO  server.RaftServerConfigKeys (ConfUtils.java:logGet(46)) - raft.server.log.appender.buffer.byte-limit = 8388608 (custom)
2024-01-14 08:11:19,108 [577443f1-fefe-41e6-ac50-50037dc50964-groupManagement] INFO  server.RaftServerConfigKeys (ConfUtils.java:logGet(46)) - raft.server.log.statemachine.data.read.timeout = 1000ms (default)
2024-01-14 08:11:19,108 [577443f1-fefe-41e6-ac50-50037dc50964-groupManagement] INFO  server.RaftServerConfigKeys (ConfUtils.java:logGet(46)) - raft.server.log.purge.preservation.log.num = 0 (default)
2024-01-14 08:11:19,109 [EventQueue-OpenPipelineForHealthyPipelineSafeModeRule] INFO  safemode.SCMSafeModeManager (HealthyPipelineSafeModeRule.java:process(140)) - SCM in safe mode. Healthy pipelines reported count is 0, required healthy pipeline reported count is 1
2024-01-14 08:11:19,115 [577443f1-fefe-41e6-ac50-50037dc50964-groupManagement] INFO  server.RaftServerConfigKeys (ConfUtils.java:logGet(46)) - raft.server.log.segment.size.max = 67108864 (custom)
2024-01-14 08:11:19,116 [577443f1-fefe-41e6-ac50-50037dc50964-groupManagement] INFO  server.RaftServerConfigKeys (ConfUtils.java:logGet(46)) - raft.server.log.segment.cache.num.max = 2 (custom)
2024-01-14 08:11:19,116 [577443f1-fefe-41e6-ac50-50037dc50964-groupManagement] INFO  server.RaftServerConfigKeys (ConfUtils.java:logGet(46)) - raft.server.log.segment.cache.size.max = 200MB (=209715200) (default)
2024-01-14 08:11:19,117 [577443f1-fefe-41e6-ac50-50037dc50964-groupManagement] INFO  server.RaftServerConfigKeys (ConfUtils.java:logGet(46)) - raft.server.log.appender.buffer.byte-limit = 8388608 (custom)
2024-01-14 08:11:19,120 [577443f1-fefe-41e6-ac50-50037dc50964-groupManagement] INFO  util.AwaitToRun (AwaitToRun.java:start(81)) - Thread[577443f1-fefe-41e6-ac50-50037dc50964@group-CC814C894A60-cacheEviction-AwaitToRun,5,main] started
2024-01-14 08:11:19,120 [577443f1-fefe-41e6-ac50-50037dc50964-groupManagement] INFO  segmented.SegmentedRaftLogWorker (SegmentedRaftLogWorker.java:<init>(182)) - new 577443f1-fefe-41e6-ac50-50037dc50964@group-CC814C894A60-SegmentedRaftLogWorker for RaftStorageImpl:Storage Directory /home/runner/work/ozone/ozone/hadoop-ozone/integration-test/target/test-dir/MiniOzoneClusterImpl-d05e4a2c-755f-4d37-936b-30aea24b9535/datanode-0/data/ratis/a90a9068-255c-47f4-bcab-cc814c894a60
2024-01-14 08:11:19,120 [577443f1-fefe-41e6-ac50-50037dc50964-groupManagement] INFO  server.RaftServerConfigKeys (ConfUtils.java:logGet(46)) - raft.server.log.queue.byte-limit = 4294967296 (custom)
2024-01-14 08:11:19,121 [577443f1-fefe-41e6-ac50-50037dc50964-groupManagement] INFO  server.RaftServerConfigKeys (ConfUtils.java:logGet(46)) - raft.server.log.queue.element-limit = 1024 (custom)
2024-01-14 08:11:19,121 [577443f1-fefe-41e6-ac50-50037dc50964-groupManagement] INFO  server.RaftServerConfigKeys (ConfUtils.java:logGet(46)) - raft.server.log.segment.size.max = 67108864 (custom)
2024-01-14 08:11:19,121 [577443f1-fefe-41e6-ac50-50037dc50964-groupManagement] INFO  server.RaftServerConfigKeys (ConfUtils.java:logGet(46)) - raft.server.log.preallocated.size = 4194304 (custom)
2024-01-14 08:11:19,122 [577443f1-fefe-41e6-ac50-50037dc50964-groupManagement] INFO  server.RaftServerConfigKeys (ConfUtils.java:logGet(46)) - raft.server.log.force.sync.num = 128 (default)
2024-01-14 08:11:19,122 [577443f1-fefe-41e6-ac50-50037dc50964-groupManagement] INFO  server.RaftServerConfigKeys (ConfUtils.java:logGet(46)) - raft.server.log.statemachine.data.sync = true (default)
2024-01-14 08:11:19,122 [577443f1-fefe-41e6-ac50-50037dc50964-groupManagement] INFO  server.RaftServerConfigKeys (ConfUtils.java:logGet(46)) - raft.server.log.statemachine.data.sync.timeout = 10s (default)
2024-01-14 08:11:19,123 [577443f1-fefe-41e6-ac50-50037dc50964-groupManagement] INFO  server.RaftServerConfigKeys (ConfUtils.java:logGet(46)) - raft.server.log.statemachine.data.sync.timeout.retry = 0 (custom)
2024-01-14 08:11:19,123 [577443f1-fefe-41e6-ac50-50037dc50964-groupManagement] INFO  server.RaftServerConfigKeys (ConfUtils.java:logGet(46)) - raft.server.log.write.buffer.size = 8388616 (custom)
2024-01-14 08:11:19,126 [577443f1-fefe-41e6-ac50-50037dc50964-groupManagement] INFO  server.RaftServerConfigKeys (ConfUtils.java:logGet(46)) - raft.server.log.appender.buffer.byte-limit = 8388608 (custom)
2024-01-14 08:11:19,126 [577443f1-fefe-41e6-ac50-50037dc50964-groupManagement] INFO  server.RaftServerConfigKeys (ConfUtils.java:logGet(46)) - raft.server.log.unsafe-flush.enabled = false (default)
2024-01-14 08:11:19,126 [577443f1-fefe-41e6-ac50-50037dc50964-groupManagement] INFO  server.RaftServerConfigKeys (ConfUtils.java:logGet(46)) - raft.server.log.async-flush.enabled = false (default)
2024-01-14 08:11:19,126 [577443f1-fefe-41e6-ac50-50037dc50964-groupManagement] INFO  server.RaftServerConfigKeys (ConfUtils.java:logGet(46)) - raft.server.log.statemachine.data.caching.enabled = true (custom)
2024-01-14 08:11:19,127 [577443f1-fefe-41e6-ac50-50037dc50964-groupManagement] INFO  segmented.SegmentedRaftLogWorker (SegmentedRaftLogWorker.java:lambda$new$0(134)) - 577443f1-fefe-41e6-ac50-50037dc50964@group-CC814C894A60-SegmentedRaftLogWorker: flushIndex: setUnconditionally 0 -> -1
2024-01-14 08:11:19,127 [577443f1-fefe-41e6-ac50-50037dc50964-groupManagement] INFO  segmented.SegmentedRaftLogWorker (SegmentedRaftLogWorker.java:lambda$new$0(134)) - 577443f1-fefe-41e6-ac50-50037dc50964@group-CC814C894A60-SegmentedRaftLogWorker: safeCacheEvictIndex: setUnconditionally 0 -> -1
2024-01-14 08:11:19,134 [577443f1-fefe-41e6-ac50-50037dc50964-groupManagement] INFO  server.RaftServer$Division (RaftServerImpl.java:start(396)) - 577443f1-fefe-41e6-ac50-50037dc50964@group-CC814C894A60: start as a follower, conf=-1: peers:[58733d94-cb44-4f93-b9bc-90d3803fc47e|10.1.0.100:15023, 0ff4ee77-f176-4c42-9b93-2e8119131049|10.1.0.100:15032, 577443f1-fefe-41e6-ac50-50037dc50964|10.1.0.100:15014]|listeners:[], old=null
2024-01-14 08:11:19,134 [577443f1-fefe-41e6-ac50-50037dc50964-groupManagement] INFO  server.RaftServer$Division (RaftServerImpl.java:setRole(383)) - 577443f1-fefe-41e6-ac50-50037dc50964@group-CC814C894A60: changes role from      null to FOLLOWER at term 0 for startAsFollower
2024-01-14 08:11:19,134 [577443f1-fefe-41e6-ac50-50037dc50964-groupManagement] INFO  impl.RoleInfo (RoleInfo.java:updateAndGet(139)) - 577443f1-fefe-41e6-ac50-50037dc50964: start 577443f1-fefe-41e6-ac50-50037dc50964@group-CC814C894A60-FollowerState
2024-01-14 08:11:19,136 [577443f1-fefe-41e6-ac50-50037dc50964-groupManagement] INFO  util.JmxRegister (JmxRegister.java:tryRegister(44)) - Successfully registered JMX Bean with object name Ratis:service=RaftServer,group=group-CC814C894A60,id=577443f1-fefe-41e6-ac50-50037dc50964
2024-01-14 08:11:19,136 [577443f1-fefe-41e6-ac50-50037dc50964-groupManagement] INFO  server.RaftServerConfigKeys (ConfUtils.java:logGet(46)) - raft.server.snapshot.trigger-when-stop.enabled = true (default)
2024-01-14 08:11:19,136 [577443f1-fefe-41e6-ac50-50037dc50964-groupManagement] INFO  server.RaftServerConfigKeys (ConfUtils.java:logGet(46)) - raft.server.snapshot.auto.trigger.enabled = true (custom)
2024-01-14 08:11:19,136 [577443f1-fefe-41e6-ac50-50037dc50964-groupManagement] INFO  server.RaftServerConfigKeys (ConfUtils.java:logGet(46)) - raft.server.snapshot.auto.trigger.threshold = 10000 (custom)
2024-01-14 08:11:19,136 [577443f1-fefe-41e6-ac50-50037dc50964-groupManagement] INFO  server.RaftServerConfigKeys (ConfUtils.java:logGet(46)) - raft.server.snapshot.retention.file.num = 5 (custom)
2024-01-14 08:11:19,136 [577443f1-fefe-41e6-ac50-50037dc50964-groupManagement] INFO  server.RaftServerConfigKeys (ConfUtils.java:logGet(46)) - raft.server.log.purge.upto.snapshot.index = false (default)
2024-01-14 08:11:19,139 [577443f1-fefe-41e6-ac50-50037dc50964-PipelineCommandHandlerThread-0] INFO  ratis.XceiverServerRatis (XceiverServerRatis.java:addGroup(842)) - Created group PipelineID=a90a9068-255c-47f4-bcab-cc814c894a60
2024-01-14 08:11:19,139 [577443f1-fefe-41e6-ac50-50037dc50964@group-CC814C894A60-FollowerState] INFO  server.RaftServerConfigKeys (ConfUtils.java:logFallback(53)) - raft.server.rpc.first-election.timeout.min = 5s (fallback to raft.server.rpc.timeout.min)
2024-01-14 08:11:19,140 [577443f1-fefe-41e6-ac50-50037dc50964@group-CC814C894A60-FollowerState] INFO  server.RaftServerConfigKeys (ConfUtils.java:logFallback(53)) - raft.server.rpc.first-election.timeout.max = 5200ms (fallback to raft.server.rpc.timeout.max)
2024-01-14 08:11:19,174 [58733d94-cb44-4f93-b9bc-90d3803fc47e-PipelineCommandHandlerThread-0] INFO  server.RaftServer (RaftServerProxy.java:addNew(100)) - 58733d94-cb44-4f93-b9bc-90d3803fc47e: addNew group-E6CAA1C4C346:[58733d94-cb44-4f93-b9bc-90d3803fc47e|10.1.0.100:15023] returns group-E6CAA1C4C346:java.util.concurrent.CompletableFuture@370c33a8[Not completed]
2024-01-14 08:11:19,176 [58733d94-cb44-4f93-b9bc-90d3803fc47e-groupManagement] INFO  server.RaftServer$Division (RaftServerImpl.java:<init>(256)) - 58733d94-cb44-4f93-b9bc-90d3803fc47e: new RaftServerImpl for group-E6CAA1C4C346:[58733d94-cb44-4f93-b9bc-90d3803fc47e|10.1.0.100:15023] with ContainerStateMachine:uninitialized
2024-01-14 08:11:19,176 [58733d94-cb44-4f93-b9bc-90d3803fc47e-groupManagement] INFO  server.RaftServerConfigKeys (ConfUtils.java:logGet(46)) - raft.server.rpc.timeout.min = 5s (custom)
2024-01-14 08:11:19,176 [58733d94-cb44-4f93-b9bc-90d3803fc47e-groupManagement] INFO  server.RaftServerConfigKeys (ConfUtils.java:logGet(46)) - raft.server.rpc.timeout.max = 5200ms (custom)
2024-01-14 08:11:19,176 [58733d94-cb44-4f93-b9bc-90d3803fc47e-groupManagement] INFO  server.RaftServerConfigKeys (ConfUtils.java:logGet(46)) - raft.server.rpc.sleep.time = 25ms (default)
2024-01-14 08:11:19,176 [58733d94-cb44-4f93-b9bc-90d3803fc47e-groupManagement] INFO  server.RaftServerConfigKeys (ConfUtils.java:logGet(46)) - raft.server.rpc.slowness.timeout = 300000ms (custom)
2024-01-14 08:11:19,176 [58733d94-cb44-4f93-b9bc-90d3803fc47e-groupManagement] INFO  server.RaftServerConfigKeys (ConfUtils.java:logGet(46)) - raft.server.leaderelection.leader.step-down.wait-time = 10s (default)
2024-01-14 08:11:19,176 [58733d94-cb44-4f93-b9bc-90d3803fc47e-groupManagement] INFO  server.RaftServerConfigKeys (ConfUtils.java:logGet(46)) - raft.server.leaderelection.member.majority-add = false (default)
2024-01-14 08:11:19,176 [58733d94-cb44-4f93-b9bc-90d3803fc47e-groupManagement] INFO  server.RaftServerConfigKeys (ConfUtils.java:logGet(46)) - raft.server.sleep.deviation.threshold = 300ms (default)
2024-01-14 08:11:19,176 [58733d94-cb44-4f93-b9bc-90d3803fc47e-groupManagement] INFO  server.RaftServer$Division (ServerState.java:<init>(113)) - 58733d94-cb44-4f93-b9bc-90d3803fc47e@group-E6CAA1C4C346: ConfigurationManager, init=-1: peers:[58733d94-cb44-4f93-b9bc-90d3803fc47e|10.1.0.100:15023]|listeners:[], old=null, confs=<EMPTY_MAP>
2024-01-14 08:11:19,177 [58733d94-cb44-4f93-b9bc-90d3803fc47e-groupManagement] INFO  server.RaftServerConfigKeys (ConfUtils.java:logGet(46)) - raft.server.notification.no-leader.timeout = 300000ms (custom)
2024-01-14 08:11:19,177 [58733d94-cb44-4f93-b9bc-90d3803fc47e-groupManagement] INFO  server.RaftServerConfigKeys (ConfUtils.java:logGet(46)) - raft.server.read.timeout = 10s (default)
2024-01-14 08:11:19,177 [58733d94-cb44-4f93-b9bc-90d3803fc47e-groupManagement] INFO  server.RaftServerConfigKeys (ConfUtils.java:logGet(46)) - raft.server.retrycache.expirytime = 600000ms (custom)
2024-01-14 08:11:19,177 [58733d94-cb44-4f93-b9bc-90d3803fc47e-groupManagement] INFO  server.RaftServerConfigKeys (ConfUtils.java:logGet(46)) - raft.server.retrycache.statistics.expirytime = 100ms (default)
2024-01-14 08:11:19,177 [58733d94-cb44-4f93-b9bc-90d3803fc47e-groupManagement] INFO  server.RaftServerConfigKeys (ConfUtils.java:logGet(46)) - raft.server.read.option = DEFAULT (default)
2024-01-14 08:11:19,177 [58733d94-cb44-4f93-b9bc-90d3803fc47e-groupManagement] INFO  server.RaftServerConfigKeys (ConfUtils.java:logGet(46)) - raft.server.read.read-after-write-consistent.write-index-cache.expiry-time = 60s (default)
2024-01-14 08:11:19,183 [58733d94-cb44-4f93-b9bc-90d3803fc47e-groupManagement] INFO  server.RaftServerConfigKeys (ConfUtils.java:logGet(46)) - raft.server.rpc.request.timeout = 3000ms (default)
2024-01-14 08:11:19,183 [58733d94-cb44-4f93-b9bc-90d3803fc47e-groupManagement] INFO  server.RaftServerConfigKeys (ConfUtils.java:logGet(46)) - raft.server.log.appender.install.snapshot.enabled = false (custom)
2024-01-14 08:11:19,183 [58733d94-cb44-4f93-b9bc-90d3803fc47e-groupManagement] INFO  server.RaftServerConfigKeys (ConfUtils.java:logGet(46)) - raft.server.threadpool.server.cached = true (default)
2024-01-14 08:11:19,183 [58733d94-cb44-4f93-b9bc-90d3803fc47e-groupManagement] INFO  server.RaftServerConfigKeys (ConfUtils.java:logGet(46)) - raft.server.threadpool.server.size = 0 (default)
2024-01-14 08:11:19,183 [58733d94-cb44-4f93-b9bc-90d3803fc47e-groupManagement] INFO  server.RaftServerConfigKeys (ConfUtils.java:logGet(46)) - raft.server.threadpool.client.cached = true (default)
2024-01-14 08:11:19,183 [58733d94-cb44-4f93-b9bc-90d3803fc47e-groupManagement] INFO  server.RaftServerConfigKeys (ConfUtils.java:logGet(46)) - raft.server.threadpool.client.size = 0 (default)
2024-01-14 08:11:19,184 [58733d94-cb44-4f93-b9bc-90d3803fc47e-groupManagement] INFO  server.RaftServerConfigKeys (ConfUtils.java:logGet(46)) - raft.server.storage.free-space.min = 0MB (=0) (default)
2024-01-14 08:11:19,184 [58733d94-cb44-4f93-b9bc-90d3803fc47e-groupManagement] INFO  server.RaftServerConfigKeys (ConfUtils.java:logGet(46)) - raft.server.log.corruption.policy = EXCEPTION (default)
2024-01-14 08:11:19,184 [58733d94-cb44-4f93-b9bc-90d3803fc47e-groupManagement] INFO  server.RaftServerConfigKeys (ConfUtils.java:logGet(46)) - raft.server.storage.dir = [/home/runner/work/ozone/ozone/hadoop-ozone/integration-test/target/test-dir/MiniOzoneClusterImpl-d05e4a2c-755f-4d37-936b-30aea24b9535/datanode-1/data/ratis] (custom)
2024-01-14 08:11:19,184 [58733d94-cb44-4f93-b9bc-90d3803fc47e-groupManagement] INFO  storage.RaftStorageDirectory (RaftStorageDirectoryImpl.java:analyzeStorage(138)) - The storage directory /home/runner/work/ozone/ozone/hadoop-ozone/integration-test/target/test-dir/MiniOzoneClusterImpl-d05e4a2c-755f-4d37-936b-30aea24b9535/datanode-1/data/ratis/8b5b60e5-9357-4b70-85f0-e6caa1c4c346 does not exist. Creating ...
2024-01-14 08:11:19,185 [58733d94-cb44-4f93-b9bc-90d3803fc47e-groupManagement] INFO  storage.RaftStorageDirectory (RaftStorageDirectoryImpl.java:tryLock(228)) - Lock on /home/runner/work/ozone/ozone/hadoop-ozone/integration-test/target/test-dir/MiniOzoneClusterImpl-d05e4a2c-755f-4d37-936b-30aea24b9535/datanode-1/data/ratis/8b5b60e5-9357-4b70-85f0-e6caa1c4c346/in_use.lock acquired by nodename 49070@fv-az737-837
2024-01-14 08:11:19,187 [58733d94-cb44-4f93-b9bc-90d3803fc47e-groupManagement] INFO  storage.RaftStorage (RaftStorageImpl.java:format(99)) - Storage directory /home/runner/work/ozone/ozone/hadoop-ozone/integration-test/target/test-dir/MiniOzoneClusterImpl-d05e4a2c-755f-4d37-936b-30aea24b9535/datanode-1/data/ratis/8b5b60e5-9357-4b70-85f0-e6caa1c4c346 has been successfully formatted.
2024-01-14 08:11:19,188 [58733d94-cb44-4f93-b9bc-90d3803fc47e-groupManagement] WARN  util.FileUtils (LogUtils.java:supplyAndLog(63)) - Failed to Files.newInputStream /home/runner/work/ozone/ozone/hadoop-ozone/integration-test/target/test-dir/MiniOzoneClusterImpl-d05e4a2c-755f-4d37-936b-30aea24b9535/datanode-1/data/ratis/8b5b60e5-9357-4b70-85f0-e6caa1c4c346/current/raft-meta.conf with options []: java.nio.file.NoSuchFileException: /home/runner/work/ozone/ozone/hadoop-ozone/integration-test/target/test-dir/MiniOzoneClusterImpl-d05e4a2c-755f-4d37-936b-30aea24b9535/datanode-1/data/ratis/8b5b60e5-9357-4b70-85f0-e6caa1c4c346/current/raft-meta.conf
2024-01-14 08:11:19,189 [58733d94-cb44-4f93-b9bc-90d3803fc47e-groupManagement] INFO  ratis.ContainerStateMachine (ContainerStateMachine.java:loadSnapshot(287)) - group-E6CAA1C4C346: The snapshot info is null. Setting the last applied index to:(t:0, i:~)
2024-01-14 08:11:19,190 [58733d94-cb44-4f93-b9bc-90d3803fc47e-groupManagement] INFO  server.RaftServerConfigKeys (ConfUtils.java:logGet(46)) - raft.server.log.use.memory = false (default)
2024-01-14 08:11:19,194 [58733d94-cb44-4f93-b9bc-90d3803fc47e-groupManagement] INFO  server.RaftServerConfigKeys (ConfUtils.java:logGet(46)) - raft.server.log.purge.gap = 1000000 (custom)
2024-01-14 08:11:19,194 [58733d94-cb44-4f93-b9bc-90d3803fc47e-groupManagement] INFO  server.RaftServerConfigKeys (ConfUtils.java:logGet(46)) - raft.server.log.appender.buffer.byte-limit = 8388608 (custom)
2024-01-14 08:11:19,194 [EventQueue-PipelineReportForPipelineReportHandler] INFO  pipeline.PipelineReportHandler (PipelineReportHandler.java:processPipelineReport(136)) - Opened pipeline PipelineID=8b5b60e5-9357-4b70-85f0-e6caa1c4c346
2024-01-14 08:11:19,195 [58733d94-cb44-4f93-b9bc-90d3803fc47e-groupManagement] INFO  server.RaftServerConfigKeys (ConfUtils.java:logGet(46)) - raft.server.log.statemachine.data.read.timeout = 1000ms (default)
2024-01-14 08:11:19,195 [EventQueue-OpenPipelineForHealthyPipelineSafeModeRule] INFO  safemode.SCMSafeModeManager (HealthyPipelineSafeModeRule.java:process(140)) - SCM in safe mode. Healthy pipelines reported count is 0, required healthy pipeline reported count is 1
2024-01-14 08:11:19,195 [58733d94-cb44-4f93-b9bc-90d3803fc47e-groupManagement] INFO  server.RaftServerConfigKeys (ConfUtils.java:logGet(46)) - raft.server.log.purge.preservation.log.num = 0 (default)
2024-01-14 08:11:19,198 [58733d94-cb44-4f93-b9bc-90d3803fc47e-groupManagement] INFO  server.RaftServerConfigKeys (ConfUtils.java:logGet(46)) - raft.server.log.segment.size.max = 67108864 (custom)
2024-01-14 08:11:19,198 [58733d94-cb44-4f93-b9bc-90d3803fc47e-groupManagement] INFO  server.RaftServerConfigKeys (ConfUtils.java:logGet(46)) - raft.server.log.segment.cache.num.max = 2 (custom)
2024-01-14 08:11:19,198 [58733d94-cb44-4f93-b9bc-90d3803fc47e-groupManagement] INFO  server.RaftServerConfigKeys (ConfUtils.java:logGet(46)) - raft.server.log.segment.cache.size.max = 200MB (=209715200) (default)
2024-01-14 08:11:19,198 [58733d94-cb44-4f93-b9bc-90d3803fc47e-groupManagement] INFO  server.RaftServerConfigKeys (ConfUtils.java:logGet(46)) - raft.server.log.appender.buffer.byte-limit = 8388608 (custom)
2024-01-14 08:11:19,199 [58733d94-cb44-4f93-b9bc-90d3803fc47e-groupManagement] INFO  util.AwaitToRun (AwaitToRun.java:start(81)) - Thread[58733d94-cb44-4f93-b9bc-90d3803fc47e@group-E6CAA1C4C346-cacheEviction-AwaitToRun,5,main] started
2024-01-14 08:11:19,199 [58733d94-cb44-4f93-b9bc-90d3803fc47e-groupManagement] INFO  segmented.SegmentedRaftLogWorker (SegmentedRaftLogWorker.java:<init>(182)) - new 58733d94-cb44-4f93-b9bc-90d3803fc47e@group-E6CAA1C4C346-SegmentedRaftLogWorker for RaftStorageImpl:Storage Directory /home/runner/work/ozone/ozone/hadoop-ozone/integration-test/target/test-dir/MiniOzoneClusterImpl-d05e4a2c-755f-4d37-936b-30aea24b9535/datanode-1/data/ratis/8b5b60e5-9357-4b70-85f0-e6caa1c4c346
2024-01-14 08:11:19,199 [58733d94-cb44-4f93-b9bc-90d3803fc47e-groupManagement] INFO  server.RaftServerConfigKeys (ConfUtils.java:logGet(46)) - raft.server.log.queue.byte-limit = 4294967296 (custom)
2024-01-14 08:11:19,199 [58733d94-cb44-4f93-b9bc-90d3803fc47e-groupManagement] INFO  server.RaftServerConfigKeys (ConfUtils.java:logGet(46)) - raft.server.log.queue.element-limit = 1024 (custom)
2024-01-14 08:11:19,200 [58733d94-cb44-4f93-b9bc-90d3803fc47e-groupManagement] INFO  server.RaftServerConfigKeys (ConfUtils.java:logGet(46)) - raft.server.log.segment.size.max = 67108864 (custom)
2024-01-14 08:11:19,200 [58733d94-cb44-4f93-b9bc-90d3803fc47e-groupManagement] INFO  server.RaftServerConfigKeys (ConfUtils.java:logGet(46)) - raft.server.log.preallocated.size = 4194304 (custom)
2024-01-14 08:11:19,200 [58733d94-cb44-4f93-b9bc-90d3803fc47e-groupManagement] INFO  server.RaftServerConfigKeys (ConfUtils.java:logGet(46)) - raft.server.log.force.sync.num = 128 (default)
2024-01-14 08:11:19,200 [58733d94-cb44-4f93-b9bc-90d3803fc47e-groupManagement] INFO  server.RaftServerConfigKeys (ConfUtils.java:logGet(46)) - raft.server.log.statemachine.data.sync = true (default)
2024-01-14 08:11:19,200 [58733d94-cb44-4f93-b9bc-90d3803fc47e-groupManagement] INFO  server.RaftServerConfigKeys (ConfUtils.java:logGet(46)) - raft.server.log.statemachine.data.sync.timeout = 10s (default)
2024-01-14 08:11:19,200 [58733d94-cb44-4f93-b9bc-90d3803fc47e-groupManagement] INFO  server.RaftServerConfigKeys (ConfUtils.java:logGet(46)) - raft.server.log.statemachine.data.sync.timeout.retry = 0 (custom)
2024-01-14 08:11:19,201 [58733d94-cb44-4f93-b9bc-90d3803fc47e-groupManagement] INFO  server.RaftServerConfigKeys (ConfUtils.java:logGet(46)) - raft.server.log.write.buffer.size = 8388616 (custom)
2024-01-14 08:11:19,203 [58733d94-cb44-4f93-b9bc-90d3803fc47e-groupManagement] INFO  server.RaftServerConfigKeys (ConfUtils.java:logGet(46)) - raft.server.log.appender.buffer.byte-limit = 8388608 (custom)
2024-01-14 08:11:19,203 [58733d94-cb44-4f93-b9bc-90d3803fc47e-groupManagement] INFO  server.RaftServerConfigKeys (ConfUtils.java:logGet(46)) - raft.server.log.unsafe-flush.enabled = false (default)
2024-01-14 08:11:19,203 [58733d94-cb44-4f93-b9bc-90d3803fc47e-groupManagement] INFO  server.RaftServerConfigKeys (ConfUtils.java:logGet(46)) - raft.server.log.async-flush.enabled = false (default)
2024-01-14 08:11:19,203 [58733d94-cb44-4f93-b9bc-90d3803fc47e-groupManagement] INFO  server.RaftServerConfigKeys (ConfUtils.java:logGet(46)) - raft.server.log.statemachine.data.caching.enabled = true (custom)
2024-01-14 08:11:19,203 [58733d94-cb44-4f93-b9bc-90d3803fc47e-groupManagement] INFO  segmented.SegmentedRaftLogWorker (SegmentedRaftLogWorker.java:lambda$new$0(134)) - 58733d94-cb44-4f93-b9bc-90d3803fc47e@group-E6CAA1C4C346-SegmentedRaftLogWorker: flushIndex: setUnconditionally 0 -> -1
2024-01-14 08:11:19,203 [58733d94-cb44-4f93-b9bc-90d3803fc47e-groupManagement] INFO  segmented.SegmentedRaftLogWorker (SegmentedRaftLogWorker.java:lambda$new$0(134)) - 58733d94-cb44-4f93-b9bc-90d3803fc47e@group-E6CAA1C4C346-SegmentedRaftLogWorker: safeCacheEvictIndex: setUnconditionally 0 -> -1
2024-01-14 08:11:19,204 [58733d94-cb44-4f93-b9bc-90d3803fc47e-groupManagement] INFO  server.RaftServer$Division (RaftServerImpl.java:start(396)) - 58733d94-cb44-4f93-b9bc-90d3803fc47e@group-E6CAA1C4C346: start as a follower, conf=-1: peers:[58733d94-cb44-4f93-b9bc-90d3803fc47e|10.1.0.100:15023]|listeners:[], old=null
2024-01-14 08:11:19,204 [58733d94-cb44-4f93-b9bc-90d3803fc47e-groupManagement] INFO  server.RaftServer$Division (RaftServerImpl.java:setRole(383)) - 58733d94-cb44-4f93-b9bc-90d3803fc47e@group-E6CAA1C4C346: changes role from      null to FOLLOWER at term 0 for startAsFollower
2024-01-14 08:11:19,204 [58733d94-cb44-4f93-b9bc-90d3803fc47e-groupManagement] INFO  impl.RoleInfo (RoleInfo.java:updateAndGet(139)) - 58733d94-cb44-4f93-b9bc-90d3803fc47e: start 58733d94-cb44-4f93-b9bc-90d3803fc47e@group-E6CAA1C4C346-FollowerState
2024-01-14 08:11:19,204 [58733d94-cb44-4f93-b9bc-90d3803fc47e@group-E6CAA1C4C346-FollowerState] INFO  server.RaftServerConfigKeys (ConfUtils.java:logFallback(53)) - raft.server.rpc.first-election.timeout.min = 5s (fallback to raft.server.rpc.timeout.min)
2024-01-14 08:11:19,204 [58733d94-cb44-4f93-b9bc-90d3803fc47e-groupManagement] INFO  util.JmxRegister (JmxRegister.java:tryRegister(44)) - Successfully registered JMX Bean with object name Ratis:service=RaftServer,group=group-E6CAA1C4C346,id=58733d94-cb44-4f93-b9bc-90d3803fc47e
2024-01-14 08:11:19,205 [58733d94-cb44-4f93-b9bc-90d3803fc47e@group-E6CAA1C4C346-FollowerState] INFO  server.RaftServerConfigKeys (ConfUtils.java:logFallback(53)) - raft.server.rpc.first-election.timeout.max = 5200ms (fallback to raft.server.rpc.timeout.max)
2024-01-14 08:11:19,205 [58733d94-cb44-4f93-b9bc-90d3803fc47e-groupManagement] INFO  server.RaftServerConfigKeys (ConfUtils.java:logGet(46)) - raft.server.snapshot.trigger-when-stop.enabled = true (default)
2024-01-14 08:11:19,205 [58733d94-cb44-4f93-b9bc-90d3803fc47e-groupManagement] INFO  server.RaftServerConfigKeys (ConfUtils.java:logGet(46)) - raft.server.snapshot.auto.trigger.enabled = true (custom)
2024-01-14 08:11:19,205 [58733d94-cb44-4f93-b9bc-90d3803fc47e-groupManagement] INFO  server.RaftServerConfigKeys (ConfUtils.java:logGet(46)) - raft.server.snapshot.auto.trigger.threshold = 10000 (custom)
2024-01-14 08:11:19,205 [58733d94-cb44-4f93-b9bc-90d3803fc47e-groupManagement] INFO  server.RaftServerConfigKeys (ConfUtils.java:logGet(46)) - raft.server.snapshot.retention.file.num = 5 (custom)
2024-01-14 08:11:19,205 [58733d94-cb44-4f93-b9bc-90d3803fc47e-groupManagement] INFO  server.RaftServerConfigKeys (ConfUtils.java:logGet(46)) - raft.server.log.purge.upto.snapshot.index = false (default)
2024-01-14 08:11:19,206 [58733d94-cb44-4f93-b9bc-90d3803fc47e-PipelineCommandHandlerThread-0] INFO  ratis.XceiverServerRatis (XceiverServerRatis.java:addGroup(842)) - Created group PipelineID=8b5b60e5-9357-4b70-85f0-e6caa1c4c346
2024-01-14 08:11:19,206 [58733d94-cb44-4f93-b9bc-90d3803fc47e-PipelineCommandHandlerThread-0] INFO  commandhandler.CreatePipelineCommandHandler (CreatePipelineCommandHandler.java:lambda$handle$2(124)) - Created Pipeline RATIS ONE PipelineID=8b5b60e5-9357-4b70-85f0-e6caa1c4c346.
2024-01-14 08:11:19,207 [58733d94-cb44-4f93-b9bc-90d3803fc47e-PipelineCommandHandlerThread-0] INFO  server.RaftServer (RaftServerProxy.java:addNew(100)) - 58733d94-cb44-4f93-b9bc-90d3803fc47e: addNew group-CC814C894A60:[58733d94-cb44-4f93-b9bc-90d3803fc47e|10.1.0.100:15023, 0ff4ee77-f176-4c42-9b93-2e8119131049|10.1.0.100:15032, 577443f1-fefe-41e6-ac50-50037dc50964|10.1.0.100:15014] returns group-CC814C894A60:java.util.concurrent.CompletableFuture@3333a191[Not completed]
2024-01-14 08:11:19,208 [58733d94-cb44-4f93-b9bc-90d3803fc47e-groupManagement] INFO  server.RaftServer$Division (RaftServerImpl.java:<init>(256)) - 58733d94-cb44-4f93-b9bc-90d3803fc47e: new RaftServerImpl for group-CC814C894A60:[58733d94-cb44-4f93-b9bc-90d3803fc47e|10.1.0.100:15023, 0ff4ee77-f176-4c42-9b93-2e8119131049|10.1.0.100:15032, 577443f1-fefe-41e6-ac50-50037dc50964|10.1.0.100:15014] with ContainerStateMachine:uninitialized
2024-01-14 08:11:19,208 [58733d94-cb44-4f93-b9bc-90d3803fc47e-groupManagement] INFO  server.RaftServerConfigKeys (ConfUtils.java:logGet(46)) - raft.server.rpc.timeout.min = 5s (custom)
2024-01-14 08:11:19,208 [58733d94-cb44-4f93-b9bc-90d3803fc47e-groupManagement] INFO  server.RaftServerConfigKeys (ConfUtils.java:logGet(46)) - raft.server.rpc.timeout.max = 5200ms (custom)
2024-01-14 08:11:19,208 [58733d94-cb44-4f93-b9bc-90d3803fc47e-groupManagement] INFO  server.RaftServerConfigKeys (ConfUtils.java:logGet(46)) - raft.server.rpc.sleep.time = 25ms (default)
2024-01-14 08:11:19,208 [58733d94-cb44-4f93-b9bc-90d3803fc47e-groupManagement] INFO  server.RaftServerConfigKeys (ConfUtils.java:logGet(46)) - raft.server.rpc.slowness.timeout = 300000ms (custom)
2024-01-14 08:11:19,208 [58733d94-cb44-4f93-b9bc-90d3803fc47e-groupManagement] INFO  server.RaftServerConfigKeys (ConfUtils.java:logGet(46)) - raft.server.leaderelection.leader.step-down.wait-time = 10s (default)
2024-01-14 08:11:19,209 [58733d94-cb44-4f93-b9bc-90d3803fc47e-groupManagement] INFO  server.RaftServerConfigKeys (ConfUtils.java:logGet(46)) - raft.server.leaderelection.member.majority-add = false (default)
2024-01-14 08:11:19,209 [58733d94-cb44-4f93-b9bc-90d3803fc47e-groupManagement] INFO  server.RaftServerConfigKeys (ConfUtils.java:logGet(46)) - raft.server.sleep.deviation.threshold = 300ms (default)
2024-01-14 08:11:19,209 [58733d94-cb44-4f93-b9bc-90d3803fc47e-groupManagement] INFO  server.RaftServer$Division (ServerState.java:<init>(113)) - 58733d94-cb44-4f93-b9bc-90d3803fc47e@group-CC814C894A60: ConfigurationManager, init=-1: peers:[58733d94-cb44-4f93-b9bc-90d3803fc47e|10.1.0.100:15023, 0ff4ee77-f176-4c42-9b93-2e8119131049|10.1.0.100:15032, 577443f1-fefe-41e6-ac50-50037dc50964|10.1.0.100:15014]|listeners:[], old=null, confs=<EMPTY_MAP>
2024-01-14 08:11:19,209 [58733d94-cb44-4f93-b9bc-90d3803fc47e-groupManagement] INFO  server.RaftServerConfigKeys (ConfUtils.java:logGet(46)) - raft.server.notification.no-leader.timeout = 300000ms (custom)
2024-01-14 08:11:19,209 [58733d94-cb44-4f93-b9bc-90d3803fc47e-groupManagement] INFO  server.RaftServerConfigKeys (ConfUtils.java:logGet(46)) - raft.server.read.timeout = 10s (default)
2024-01-14 08:11:19,209 [58733d94-cb44-4f93-b9bc-90d3803fc47e-groupManagement] INFO  server.RaftServerConfigKeys (ConfUtils.java:logGet(46)) - raft.server.retrycache.expirytime = 600000ms (custom)
2024-01-14 08:11:19,209 [58733d94-cb44-4f93-b9bc-90d3803fc47e-groupManagement] INFO  server.RaftServerConfigKeys (ConfUtils.java:logGet(46)) - raft.server.retrycache.statistics.expirytime = 100ms (default)
2024-01-14 08:11:19,209 [58733d94-cb44-4f93-b9bc-90d3803fc47e-groupManagement] INFO  server.RaftServerConfigKeys (ConfUtils.java:logGet(46)) - raft.server.read.option = DEFAULT (default)
2024-01-14 08:11:19,209 [58733d94-cb44-4f93-b9bc-90d3803fc47e-groupManagement] INFO  server.RaftServerConfigKeys (ConfUtils.java:logGet(46)) - raft.server.read.read-after-write-consistent.write-index-cache.expiry-time = 60s (default)
2024-01-14 08:11:19,211 [58733d94-cb44-4f93-b9bc-90d3803fc47e-groupManagement] INFO  server.RaftServerConfigKeys (ConfUtils.java:logGet(46)) - raft.server.rpc.request.timeout = 3000ms (default)
2024-01-14 08:11:19,211 [58733d94-cb44-4f93-b9bc-90d3803fc47e-groupManagement] INFO  server.RaftServerConfigKeys (ConfUtils.java:logGet(46)) - raft.server.log.appender.install.snapshot.enabled = false (custom)
2024-01-14 08:11:19,211 [58733d94-cb44-4f93-b9bc-90d3803fc47e-groupManagement] INFO  server.RaftServerConfigKeys (ConfUtils.java:logGet(46)) - raft.server.threadpool.server.cached = true (default)
2024-01-14 08:11:19,211 [58733d94-cb44-4f93-b9bc-90d3803fc47e-groupManagement] INFO  server.RaftServerConfigKeys (ConfUtils.java:logGet(46)) - raft.server.threadpool.server.size = 0 (default)
2024-01-14 08:11:19,211 [58733d94-cb44-4f93-b9bc-90d3803fc47e-groupManagement] INFO  server.RaftServerConfigKeys (ConfUtils.java:logGet(46)) - raft.server.threadpool.client.cached = true (default)
2024-01-14 08:11:19,211 [58733d94-cb44-4f93-b9bc-90d3803fc47e-groupManagement] INFO  server.RaftServerConfigKeys (ConfUtils.java:logGet(46)) - raft.server.threadpool.client.size = 0 (default)
2024-01-14 08:11:19,211 [58733d94-cb44-4f93-b9bc-90d3803fc47e-groupManagement] INFO  server.RaftServerConfigKeys (ConfUtils.java:logGet(46)) - raft.server.storage.free-space.min = 0MB (=0) (default)
2024-01-14 08:11:19,212 [58733d94-cb44-4f93-b9bc-90d3803fc47e-groupManagement] INFO  server.RaftServerConfigKeys (ConfUtils.java:logGet(46)) - raft.server.log.corruption.policy = EXCEPTION (default)
2024-01-14 08:11:19,212 [58733d94-cb44-4f93-b9bc-90d3803fc47e-groupManagement] INFO  server.RaftServerConfigKeys (ConfUtils.java:logGet(46)) - raft.server.storage.dir = [/home/runner/work/ozone/ozone/hadoop-ozone/integration-test/target/test-dir/MiniOzoneClusterImpl-d05e4a2c-755f-4d37-936b-30aea24b9535/datanode-1/data/ratis] (custom)
2024-01-14 08:11:19,212 [58733d94-cb44-4f93-b9bc-90d3803fc47e-groupManagement] INFO  storage.RaftStorageDirectory (RaftStorageDirectoryImpl.java:analyzeStorage(138)) - The storage directory /home/runner/work/ozone/ozone/hadoop-ozone/integration-test/target/test-dir/MiniOzoneClusterImpl-d05e4a2c-755f-4d37-936b-30aea24b9535/datanode-1/data/ratis/a90a9068-255c-47f4-bcab-cc814c894a60 does not exist. Creating ...
2024-01-14 08:11:19,215 [58733d94-cb44-4f93-b9bc-90d3803fc47e-groupManagement] INFO  storage.RaftStorageDirectory (RaftStorageDirectoryImpl.java:tryLock(228)) - Lock on /home/runner/work/ozone/ozone/hadoop-ozone/integration-test/target/test-dir/MiniOzoneClusterImpl-d05e4a2c-755f-4d37-936b-30aea24b9535/datanode-1/data/ratis/a90a9068-255c-47f4-bcab-cc814c894a60/in_use.lock acquired by nodename 49070@fv-az737-837
2024-01-14 08:11:19,216 [58733d94-cb44-4f93-b9bc-90d3803fc47e-groupManagement] INFO  storage.RaftStorage (RaftStorageImpl.java:format(99)) - Storage directory /home/runner/work/ozone/ozone/hadoop-ozone/integration-test/target/test-dir/MiniOzoneClusterImpl-d05e4a2c-755f-4d37-936b-30aea24b9535/datanode-1/data/ratis/a90a9068-255c-47f4-bcab-cc814c894a60 has been successfully formatted.
2024-01-14 08:11:19,217 [58733d94-cb44-4f93-b9bc-90d3803fc47e-groupManagement] WARN  util.FileUtils (LogUtils.java:supplyAndLog(63)) - Failed to Files.newInputStream /home/runner/work/ozone/ozone/hadoop-ozone/integration-test/target/test-dir/MiniOzoneClusterImpl-d05e4a2c-755f-4d37-936b-30aea24b9535/datanode-1/data/ratis/a90a9068-255c-47f4-bcab-cc814c894a60/current/raft-meta.conf with options []: java.nio.file.NoSuchFileException: /home/runner/work/ozone/ozone/hadoop-ozone/integration-test/target/test-dir/MiniOzoneClusterImpl-d05e4a2c-755f-4d37-936b-30aea24b9535/datanode-1/data/ratis/a90a9068-255c-47f4-bcab-cc814c894a60/current/raft-meta.conf
2024-01-14 08:11:19,217 [58733d94-cb44-4f93-b9bc-90d3803fc47e-groupManagement] INFO  ratis.ContainerStateMachine (ContainerStateMachine.java:loadSnapshot(287)) - group-CC814C894A60: The snapshot info is null. Setting the last applied index to:(t:0, i:~)
2024-01-14 08:11:19,217 [58733d94-cb44-4f93-b9bc-90d3803fc47e-groupManagement] INFO  server.RaftServerConfigKeys (ConfUtils.java:logGet(46)) - raft.server.log.use.memory = false (default)
2024-01-14 08:11:19,217 [58733d94-cb44-4f93-b9bc-90d3803fc47e-groupManagement] INFO  server.RaftServerConfigKeys (ConfUtils.java:logGet(46)) - raft.server.log.purge.gap = 1000000 (custom)
2024-01-14 08:11:19,217 [58733d94-cb44-4f93-b9bc-90d3803fc47e-groupManagement] INFO  server.RaftServerConfigKeys (ConfUtils.java:logGet(46)) - raft.server.log.appender.buffer.byte-limit = 8388608 (custom)
2024-01-14 08:11:19,217 [58733d94-cb44-4f93-b9bc-90d3803fc47e-groupManagement] INFO  server.RaftServerConfigKeys (ConfUtils.java:logGet(46)) - raft.server.log.statemachine.data.read.timeout = 1000ms (default)
2024-01-14 08:11:19,217 [58733d94-cb44-4f93-b9bc-90d3803fc47e-groupManagement] INFO  server.RaftServerConfigKeys (ConfUtils.java:logGet(46)) - raft.server.log.purge.preservation.log.num = 0 (default)
2024-01-14 08:11:19,219 [EventQueue-OpenPipelineForHealthyPipelineSafeModeRule] INFO  safemode.SCMSafeModeManager (HealthyPipelineSafeModeRule.java:process(140)) - SCM in safe mode. Healthy pipelines reported count is 0, required healthy pipeline reported count is 1
2024-01-14 08:11:19,221 [58733d94-cb44-4f93-b9bc-90d3803fc47e-groupManagement] INFO  server.RaftServerConfigKeys (ConfUtils.java:logGet(46)) - raft.server.log.segment.size.max = 67108864 (custom)
2024-01-14 08:11:19,222 [58733d94-cb44-4f93-b9bc-90d3803fc47e-groupManagement] INFO  server.RaftServerConfigKeys (ConfUtils.java:logGet(46)) - raft.server.log.segment.cache.num.max = 2 (custom)
2024-01-14 08:11:19,222 [58733d94-cb44-4f93-b9bc-90d3803fc47e-groupManagement] INFO  server.RaftServerConfigKeys (ConfUtils.java:logGet(46)) - raft.server.log.segment.cache.size.max = 200MB (=209715200) (default)
2024-01-14 08:11:19,223 [58733d94-cb44-4f93-b9bc-90d3803fc47e-groupManagement] INFO  server.RaftServerConfigKeys (ConfUtils.java:logGet(46)) - raft.server.log.appender.buffer.byte-limit = 8388608 (custom)
2024-01-14 08:11:19,224 [58733d94-cb44-4f93-b9bc-90d3803fc47e-groupManagement] INFO  util.AwaitToRun (AwaitToRun.java:start(81)) - Thread[58733d94-cb44-4f93-b9bc-90d3803fc47e@group-CC814C894A60-cacheEviction-AwaitToRun,5,main] started
2024-01-14 08:11:19,224 [58733d94-cb44-4f93-b9bc-90d3803fc47e-groupManagement] INFO  segmented.SegmentedRaftLogWorker (SegmentedRaftLogWorker.java:<init>(182)) - new 58733d94-cb44-4f93-b9bc-90d3803fc47e@group-CC814C894A60-SegmentedRaftLogWorker for RaftStorageImpl:Storage Directory /home/runner/work/ozone/ozone/hadoop-ozone/integration-test/target/test-dir/MiniOzoneClusterImpl-d05e4a2c-755f-4d37-936b-30aea24b9535/datanode-1/data/ratis/a90a9068-255c-47f4-bcab-cc814c894a60
2024-01-14 08:11:19,224 [58733d94-cb44-4f93-b9bc-90d3803fc47e-groupManagement] INFO  server.RaftServerConfigKeys (ConfUtils.java:logGet(46)) - raft.server.log.queue.byte-limit = 4294967296 (custom)
2024-01-14 08:11:19,225 [58733d94-cb44-4f93-b9bc-90d3803fc47e-groupManagement] INFO  server.RaftServerConfigKeys (ConfUtils.java:logGet(46)) - raft.server.log.queue.element-limit = 1024 (custom)
2024-01-14 08:11:19,225 [58733d94-cb44-4f93-b9bc-90d3803fc47e-groupManagement] INFO  server.RaftServerConfigKeys (ConfUtils.java:logGet(46)) - raft.server.log.segment.size.max = 67108864 (custom)
2024-01-14 08:11:19,225 [58733d94-cb44-4f93-b9bc-90d3803fc47e-groupManagement] INFO  server.RaftServerConfigKeys (ConfUtils.java:logGet(46)) - raft.server.log.preallocated.size = 4194304 (custom)
2024-01-14 08:11:19,225 [58733d94-cb44-4f93-b9bc-90d3803fc47e-groupManagement] INFO  server.RaftServerConfigKeys (ConfUtils.java:logGet(46)) - raft.server.log.force.sync.num = 128 (default)
2024-01-14 08:11:19,226 [58733d94-cb44-4f93-b9bc-90d3803fc47e-groupManagement] INFO  server.RaftServerConfigKeys (ConfUtils.java:logGet(46)) - raft.server.log.statemachine.data.sync = true (default)
2024-01-14 08:11:19,226 [58733d94-cb44-4f93-b9bc-90d3803fc47e-groupManagement] INFO  server.RaftServerConfigKeys (ConfUtils.java:logGet(46)) - raft.server.log.statemachine.data.sync.timeout = 10s (default)
2024-01-14 08:11:19,226 [58733d94-cb44-4f93-b9bc-90d3803fc47e-groupManagement] INFO  server.RaftServerConfigKeys (ConfUtils.java:logGet(46)) - raft.server.log.statemachine.data.sync.timeout.retry = 0 (custom)
2024-01-14 08:11:19,227 [58733d94-cb44-4f93-b9bc-90d3803fc47e-groupManagement] INFO  server.RaftServerConfigKeys (ConfUtils.java:logGet(46)) - raft.server.log.write.buffer.size = 8388616 (custom)
2024-01-14 08:11:19,228 [58733d94-cb44-4f93-b9bc-90d3803fc47e-groupManagement] INFO  server.RaftServerConfigKeys (ConfUtils.java:logGet(46)) - raft.server.log.appender.buffer.byte-limit = 8388608 (custom)
2024-01-14 08:11:19,229 [58733d94-cb44-4f93-b9bc-90d3803fc47e-groupManagement] INFO  server.RaftServerConfigKeys (ConfUtils.java:logGet(46)) - raft.server.log.unsafe-flush.enabled = false (default)
2024-01-14 08:11:19,229 [58733d94-cb44-4f93-b9bc-90d3803fc47e-groupManagement] INFO  server.RaftServerConfigKeys (ConfUtils.java:logGet(46)) - raft.server.log.async-flush.enabled = false (default)
2024-01-14 08:11:19,229 [58733d94-cb44-4f93-b9bc-90d3803fc47e-groupManagement] INFO  server.RaftServerConfigKeys (ConfUtils.java:logGet(46)) - raft.server.log.statemachine.data.caching.enabled = true (custom)
2024-01-14 08:11:19,230 [58733d94-cb44-4f93-b9bc-90d3803fc47e-groupManagement] INFO  segmented.SegmentedRaftLogWorker (SegmentedRaftLogWorker.java:lambda$new$0(134)) - 58733d94-cb44-4f93-b9bc-90d3803fc47e@group-CC814C894A60-SegmentedRaftLogWorker: flushIndex: setUnconditionally 0 -> -1
2024-01-14 08:11:19,230 [58733d94-cb44-4f93-b9bc-90d3803fc47e-groupManagement] INFO  segmented.SegmentedRaftLogWorker (SegmentedRaftLogWorker.java:lambda$new$0(134)) - 58733d94-cb44-4f93-b9bc-90d3803fc47e@group-CC814C894A60-SegmentedRaftLogWorker: safeCacheEvictIndex: setUnconditionally 0 -> -1
2024-01-14 08:11:19,230 [58733d94-cb44-4f93-b9bc-90d3803fc47e-groupManagement] INFO  server.RaftServer$Division (RaftServerImpl.java:start(396)) - 58733d94-cb44-4f93-b9bc-90d3803fc47e@group-CC814C894A60: start as a follower, conf=-1: peers:[58733d94-cb44-4f93-b9bc-90d3803fc47e|10.1.0.100:15023, 0ff4ee77-f176-4c42-9b93-2e8119131049|10.1.0.100:15032, 577443f1-fefe-41e6-ac50-50037dc50964|10.1.0.100:15014]|listeners:[], old=null
2024-01-14 08:11:19,230 [58733d94-cb44-4f93-b9bc-90d3803fc47e-groupManagement] INFO  server.RaftServer$Division (RaftServerImpl.java:setRole(383)) - 58733d94-cb44-4f93-b9bc-90d3803fc47e@group-CC814C894A60: changes role from      null to FOLLOWER at term 0 for startAsFollower
2024-01-14 08:11:19,231 [58733d94-cb44-4f93-b9bc-90d3803fc47e-groupManagement] INFO  impl.RoleInfo (RoleInfo.java:updateAndGet(139)) - 58733d94-cb44-4f93-b9bc-90d3803fc47e: start 58733d94-cb44-4f93-b9bc-90d3803fc47e@group-CC814C894A60-FollowerState
2024-01-14 08:11:19,231 [58733d94-cb44-4f93-b9bc-90d3803fc47e@group-CC814C894A60-FollowerState] INFO  server.RaftServerConfigKeys (ConfUtils.java:logFallback(53)) - raft.server.rpc.first-election.timeout.min = 5s (fallback to raft.server.rpc.timeout.min)
2024-01-14 08:11:19,231 [58733d94-cb44-4f93-b9bc-90d3803fc47e@group-CC814C894A60-FollowerState] INFO  server.RaftServerConfigKeys (ConfUtils.java:logFallback(53)) - raft.server.rpc.first-election.timeout.max = 5200ms (fallback to raft.server.rpc.timeout.max)
2024-01-14 08:11:19,231 [58733d94-cb44-4f93-b9bc-90d3803fc47e-groupManagement] INFO  util.JmxRegister (JmxRegister.java:tryRegister(44)) - Successfully registered JMX Bean with object name Ratis:service=RaftServer,group=group-CC814C894A60,id=58733d94-cb44-4f93-b9bc-90d3803fc47e
2024-01-14 08:11:19,232 [58733d94-cb44-4f93-b9bc-90d3803fc47e-groupManagement] INFO  server.RaftServerConfigKeys (ConfUtils.java:logGet(46)) - raft.server.snapshot.trigger-when-stop.enabled = true (default)
2024-01-14 08:11:19,232 [58733d94-cb44-4f93-b9bc-90d3803fc47e-groupManagement] INFO  server.RaftServerConfigKeys (ConfUtils.java:logGet(46)) - raft.server.snapshot.auto.trigger.enabled = true (custom)
2024-01-14 08:11:19,232 [58733d94-cb44-4f93-b9bc-90d3803fc47e-groupManagement] INFO  server.RaftServerConfigKeys (ConfUtils.java:logGet(46)) - raft.server.snapshot.auto.trigger.threshold = 10000 (custom)
2024-01-14 08:11:19,232 [58733d94-cb44-4f93-b9bc-90d3803fc47e-groupManagement] INFO  server.RaftServerConfigKeys (ConfUtils.java:logGet(46)) - raft.server.snapshot.retention.file.num = 5 (custom)
2024-01-14 08:11:19,232 [58733d94-cb44-4f93-b9bc-90d3803fc47e-groupManagement] INFO  server.RaftServerConfigKeys (ConfUtils.java:logGet(46)) - raft.server.log.purge.upto.snapshot.index = false (default)
2024-01-14 08:11:19,233 [58733d94-cb44-4f93-b9bc-90d3803fc47e-PipelineCommandHandlerThread-0] INFO  ratis.XceiverServerRatis (XceiverServerRatis.java:addGroup(842)) - Created group PipelineID=a90a9068-255c-47f4-bcab-cc814c894a60
2024-01-14 08:11:19,332 [0ff4ee77-f176-4c42-9b93-2e8119131049-PipelineCommandHandlerThread-0] INFO  server.RaftServer (RaftServerProxy.java:addNew(100)) - 0ff4ee77-f176-4c42-9b93-2e8119131049: addNew group-B4FBA049766D:[0ff4ee77-f176-4c42-9b93-2e8119131049|10.1.0.100:15032] returns group-B4FBA049766D:java.util.concurrent.CompletableFuture@3f2dcfe7[Not completed]
2024-01-14 08:11:19,334 [0ff4ee77-f176-4c42-9b93-2e8119131049-groupManagement] INFO  server.RaftServer$Division (RaftServerImpl.java:<init>(256)) - 0ff4ee77-f176-4c42-9b93-2e8119131049: new RaftServerImpl for group-B4FBA049766D:[0ff4ee77-f176-4c42-9b93-2e8119131049|10.1.0.100:15032] with ContainerStateMachine:uninitialized
2024-01-14 08:11:19,334 [0ff4ee77-f176-4c42-9b93-2e8119131049-groupManagement] INFO  server.RaftServerConfigKeys (ConfUtils.java:logGet(46)) - raft.server.rpc.timeout.min = 5s (custom)
2024-01-14 08:11:19,334 [0ff4ee77-f176-4c42-9b93-2e8119131049-groupManagement] INFO  server.RaftServerConfigKeys (ConfUtils.java:logGet(46)) - raft.server.rpc.timeout.max = 5200ms (custom)
2024-01-14 08:11:19,335 [0ff4ee77-f176-4c42-9b93-2e8119131049-groupManagement] INFO  server.RaftServerConfigKeys (ConfUtils.java:logGet(46)) - raft.server.rpc.sleep.time = 25ms (default)
2024-01-14 08:11:19,335 [0ff4ee77-f176-4c42-9b93-2e8119131049-groupManagement] INFO  server.RaftServerConfigKeys (ConfUtils.java:logGet(46)) - raft.server.rpc.slowness.timeout = 300000ms (custom)
2024-01-14 08:11:19,335 [0ff4ee77-f176-4c42-9b93-2e8119131049-groupManagement] INFO  server.RaftServerConfigKeys (ConfUtils.java:logGet(46)) - raft.server.leaderelection.leader.step-down.wait-time = 10s (default)
2024-01-14 08:11:19,336 [0ff4ee77-f176-4c42-9b93-2e8119131049-groupManagement] INFO  server.RaftServerConfigKeys (ConfUtils.java:logGet(46)) - raft.server.leaderelection.member.majority-add = false (default)
2024-01-14 08:11:19,336 [0ff4ee77-f176-4c42-9b93-2e8119131049-groupManagement] INFO  server.RaftServerConfigKeys (ConfUtils.java:logGet(46)) - raft.server.sleep.deviation.threshold = 300ms (default)
2024-01-14 08:11:19,336 [0ff4ee77-f176-4c42-9b93-2e8119131049-groupManagement] INFO  server.RaftServer$Division (ServerState.java:<init>(113)) - 0ff4ee77-f176-4c42-9b93-2e8119131049@group-B4FBA049766D: ConfigurationManager, init=-1: peers:[0ff4ee77-f176-4c42-9b93-2e8119131049|10.1.0.100:15032]|listeners:[], old=null, confs=<EMPTY_MAP>
2024-01-14 08:11:19,336 [0ff4ee77-f176-4c42-9b93-2e8119131049-groupManagement] INFO  server.RaftServerConfigKeys (ConfUtils.java:logGet(46)) - raft.server.notification.no-leader.timeout = 300000ms (custom)
2024-01-14 08:11:19,336 [0ff4ee77-f176-4c42-9b93-2e8119131049-groupManagement] INFO  server.RaftServerConfigKeys (ConfUtils.java:logGet(46)) - raft.server.read.timeout = 10s (default)
2024-01-14 08:11:19,336 [0ff4ee77-f176-4c42-9b93-2e8119131049-groupManagement] INFO  server.RaftServerConfigKeys (ConfUtils.java:logGet(46)) - raft.server.retrycache.expirytime = 600000ms (custom)
2024-01-14 08:11:19,336 [0ff4ee77-f176-4c42-9b93-2e8119131049-groupManagement] INFO  server.RaftServerConfigKeys (ConfUtils.java:logGet(46)) - raft.server.retrycache.statistics.expirytime = 100ms (default)
2024-01-14 08:11:19,337 [0ff4ee77-f176-4c42-9b93-2e8119131049-groupManagement] INFO  server.RaftServerConfigKeys (ConfUtils.java:logGet(46)) - raft.server.read.option = DEFAULT (default)
2024-01-14 08:11:19,337 [0ff4ee77-f176-4c42-9b93-2e8119131049-groupManagement] INFO  server.RaftServerConfigKeys (ConfUtils.java:logGet(46)) - raft.server.read.read-after-write-consistent.write-index-cache.expiry-time = 60s (default)
2024-01-14 08:11:19,352 [0ff4ee77-f176-4c42-9b93-2e8119131049-groupManagement] INFO  server.RaftServerConfigKeys (ConfUtils.java:logGet(46)) - raft.server.rpc.request.timeout = 3000ms (default)
2024-01-14 08:11:19,352 [0ff4ee77-f176-4c42-9b93-2e8119131049-groupManagement] INFO  server.RaftServerConfigKeys (ConfUtils.java:logGet(46)) - raft.server.log.appender.install.snapshot.enabled = false (custom)
2024-01-14 08:11:19,352 [0ff4ee77-f176-4c42-9b93-2e8119131049-groupManagement] INFO  server.RaftServerConfigKeys (ConfUtils.java:logGet(46)) - raft.server.threadpool.server.cached = true (default)
2024-01-14 08:11:19,352 [0ff4ee77-f176-4c42-9b93-2e8119131049-groupManagement] INFO  server.RaftServerConfigKeys (ConfUtils.java:logGet(46)) - raft.server.threadpool.server.size = 0 (default)
2024-01-14 08:11:19,352 [0ff4ee77-f176-4c42-9b93-2e8119131049-groupManagement] INFO  server.RaftServerConfigKeys (ConfUtils.java:logGet(46)) - raft.server.threadpool.client.cached = true (default)
2024-01-14 08:11:19,352 [0ff4ee77-f176-4c42-9b93-2e8119131049-groupManagement] INFO  server.RaftServerConfigKeys (ConfUtils.java:logGet(46)) - raft.server.threadpool.client.size = 0 (default)
2024-01-14 08:11:19,352 [0ff4ee77-f176-4c42-9b93-2e8119131049-groupManagement] INFO  server.RaftServerConfigKeys (ConfUtils.java:logGet(46)) - raft.server.storage.free-space.min = 0MB (=0) (default)
2024-01-14 08:11:19,353 [0ff4ee77-f176-4c42-9b93-2e8119131049-groupManagement] INFO  server.RaftServerConfigKeys (ConfUtils.java:logGet(46)) - raft.server.log.corruption.policy = EXCEPTION (default)
2024-01-14 08:11:19,353 [0ff4ee77-f176-4c42-9b93-2e8119131049-groupManagement] INFO  server.RaftServerConfigKeys (ConfUtils.java:logGet(46)) - raft.server.storage.dir = [/home/runner/work/ozone/ozone/hadoop-ozone/integration-test/target/test-dir/MiniOzoneClusterImpl-d05e4a2c-755f-4d37-936b-30aea24b9535/datanode-2/data/ratis] (custom)
2024-01-14 08:11:19,354 [0ff4ee77-f176-4c42-9b93-2e8119131049-groupManagement] INFO  storage.RaftStorageDirectory (RaftStorageDirectoryImpl.java:analyzeStorage(138)) - The storage directory /home/runner/work/ozone/ozone/hadoop-ozone/integration-test/target/test-dir/MiniOzoneClusterImpl-d05e4a2c-755f-4d37-936b-30aea24b9535/datanode-2/data/ratis/4dd48d91-45fe-4246-9334-b4fba049766d does not exist. Creating ...
2024-01-14 08:11:19,355 [0ff4ee77-f176-4c42-9b93-2e8119131049-groupManagement] INFO  storage.RaftStorageDirectory (RaftStorageDirectoryImpl.java:tryLock(228)) - Lock on /home/runner/work/ozone/ozone/hadoop-ozone/integration-test/target/test-dir/MiniOzoneClusterImpl-d05e4a2c-755f-4d37-936b-30aea24b9535/datanode-2/data/ratis/4dd48d91-45fe-4246-9334-b4fba049766d/in_use.lock acquired by nodename 49070@fv-az737-837
2024-01-14 08:11:19,358 [0ff4ee77-f176-4c42-9b93-2e8119131049-groupManagement] INFO  storage.RaftStorage (RaftStorageImpl.java:format(99)) - Storage directory /home/runner/work/ozone/ozone/hadoop-ozone/integration-test/target/test-dir/MiniOzoneClusterImpl-d05e4a2c-755f-4d37-936b-30aea24b9535/datanode-2/data/ratis/4dd48d91-45fe-4246-9334-b4fba049766d has been successfully formatted.
2024-01-14 08:11:19,358 [0ff4ee77-f176-4c42-9b93-2e8119131049-groupManagement] WARN  util.FileUtils (LogUtils.java:supplyAndLog(63)) - Failed to Files.newInputStream /home/runner/work/ozone/ozone/hadoop-ozone/integration-test/target/test-dir/MiniOzoneClusterImpl-d05e4a2c-755f-4d37-936b-30aea24b9535/datanode-2/data/ratis/4dd48d91-45fe-4246-9334-b4fba049766d/current/raft-meta.conf with options []: java.nio.file.NoSuchFileException: /home/runner/work/ozone/ozone/hadoop-ozone/integration-test/target/test-dir/MiniOzoneClusterImpl-d05e4a2c-755f-4d37-936b-30aea24b9535/datanode-2/data/ratis/4dd48d91-45fe-4246-9334-b4fba049766d/current/raft-meta.conf
2024-01-14 08:11:19,364 [0ff4ee77-f176-4c42-9b93-2e8119131049-groupManagement] INFO  ratis.ContainerStateMachine (ContainerStateMachine.java:loadSnapshot(287)) - group-B4FBA049766D: The snapshot info is null. Setting the last applied index to:(t:0, i:~)
2024-01-14 08:11:19,365 [0ff4ee77-f176-4c42-9b93-2e8119131049-groupManagement] INFO  server.RaftServerConfigKeys (ConfUtils.java:logGet(46)) - raft.server.log.use.memory = false (default)
2024-01-14 08:11:19,365 [0ff4ee77-f176-4c42-9b93-2e8119131049-groupManagement] INFO  server.RaftServerConfigKeys (ConfUtils.java:logGet(46)) - raft.server.log.purge.gap = 1000000 (custom)
2024-01-14 08:11:19,365 [0ff4ee77-f176-4c42-9b93-2e8119131049-groupManagement] INFO  server.RaftServerConfigKeys (ConfUtils.java:logGet(46)) - raft.server.log.appender.buffer.byte-limit = 8388608 (custom)
2024-01-14 08:11:19,365 [0ff4ee77-f176-4c42-9b93-2e8119131049-groupManagement] INFO  server.RaftServerConfigKeys (ConfUtils.java:logGet(46)) - raft.server.log.statemachine.data.read.timeout = 1000ms (default)
2024-01-14 08:11:19,366 [0ff4ee77-f176-4c42-9b93-2e8119131049-groupManagement] INFO  server.RaftServerConfigKeys (ConfUtils.java:logGet(46)) - raft.server.log.purge.preservation.log.num = 0 (default)
2024-01-14 08:11:19,364 [EventQueue-PipelineReportForPipelineReportHandler] INFO  pipeline.PipelineReportHandler (PipelineReportHandler.java:processPipelineReport(136)) - Opened pipeline PipelineID=4dd48d91-45fe-4246-9334-b4fba049766d
2024-01-14 08:11:19,372 [EventQueue-OpenPipelineForHealthyPipelineSafeModeRule] INFO  safemode.SCMSafeModeManager (HealthyPipelineSafeModeRule.java:process(140)) - SCM in safe mode. Healthy pipelines reported count is 0, required healthy pipeline reported count is 1
2024-01-14 08:11:19,375 [0ff4ee77-f176-4c42-9b93-2e8119131049-groupManagement] INFO  server.RaftServerConfigKeys (ConfUtils.java:logGet(46)) - raft.server.log.segment.size.max = 67108864 (custom)
2024-01-14 08:11:19,377 [0ff4ee77-f176-4c42-9b93-2e8119131049-groupManagement] INFO  server.RaftServerConfigKeys (ConfUtils.java:logGet(46)) - raft.server.log.segment.cache.num.max = 2 (custom)
2024-01-14 08:11:19,377 [0ff4ee77-f176-4c42-9b93-2e8119131049-groupManagement] INFO  server.RaftServerConfigKeys (ConfUtils.java:logGet(46)) - raft.server.log.segment.cache.size.max = 200MB (=209715200) (default)
2024-01-14 08:11:19,377 [0ff4ee77-f176-4c42-9b93-2e8119131049-groupManagement] INFO  server.RaftServerConfigKeys (ConfUtils.java:logGet(46)) - raft.server.log.appender.buffer.byte-limit = 8388608 (custom)
2024-01-14 08:11:19,380 [0ff4ee77-f176-4c42-9b93-2e8119131049-groupManagement] INFO  util.AwaitToRun (AwaitToRun.java:start(81)) - Thread[0ff4ee77-f176-4c42-9b93-2e8119131049@group-B4FBA049766D-cacheEviction-AwaitToRun,5,main] started
2024-01-14 08:11:19,380 [0ff4ee77-f176-4c42-9b93-2e8119131049-groupManagement] INFO  segmented.SegmentedRaftLogWorker (SegmentedRaftLogWorker.java:<init>(182)) - new 0ff4ee77-f176-4c42-9b93-2e8119131049@group-B4FBA049766D-SegmentedRaftLogWorker for RaftStorageImpl:Storage Directory /home/runner/work/ozone/ozone/hadoop-ozone/integration-test/target/test-dir/MiniOzoneClusterImpl-d05e4a2c-755f-4d37-936b-30aea24b9535/datanode-2/data/ratis/4dd48d91-45fe-4246-9334-b4fba049766d
2024-01-14 08:11:19,380 [0ff4ee77-f176-4c42-9b93-2e8119131049-groupManagement] INFO  server.RaftServerConfigKeys (ConfUtils.java:logGet(46)) - raft.server.log.queue.byte-limit = 4294967296 (custom)
2024-01-14 08:11:19,380 [0ff4ee77-f176-4c42-9b93-2e8119131049-groupManagement] INFO  server.RaftServerConfigKeys (ConfUtils.java:logGet(46)) - raft.server.log.queue.element-limit = 1024 (custom)
2024-01-14 08:11:19,380 [0ff4ee77-f176-4c42-9b93-2e8119131049-groupManagement] INFO  server.RaftServerConfigKeys (ConfUtils.java:logGet(46)) - raft.server.log.segment.size.max = 67108864 (custom)
2024-01-14 08:11:19,380 [0ff4ee77-f176-4c42-9b93-2e8119131049-groupManagement] INFO  server.RaftServerConfigKeys (ConfUtils.java:logGet(46)) - raft.server.log.preallocated.size = 4194304 (custom)
2024-01-14 08:11:19,380 [0ff4ee77-f176-4c42-9b93-2e8119131049-groupManagement] INFO  server.RaftServerConfigKeys (ConfUtils.java:logGet(46)) - raft.server.log.force.sync.num = 128 (default)
2024-01-14 08:11:19,380 [0ff4ee77-f176-4c42-9b93-2e8119131049-groupManagement] INFO  server.RaftServerConfigKeys (ConfUtils.java:logGet(46)) - raft.server.log.statemachine.data.sync = true (default)
2024-01-14 08:11:19,380 [0ff4ee77-f176-4c42-9b93-2e8119131049-groupManagement] INFO  server.RaftServerConfigKeys (ConfUtils.java:logGet(46)) - raft.server.log.statemachine.data.sync.timeout = 10s (default)
2024-01-14 08:11:19,380 [0ff4ee77-f176-4c42-9b93-2e8119131049-groupManagement] INFO  server.RaftServerConfigKeys (ConfUtils.java:logGet(46)) - raft.server.log.statemachine.data.sync.timeout.retry = 0 (custom)
2024-01-14 08:11:19,381 [0ff4ee77-f176-4c42-9b93-2e8119131049-groupManagement] INFO  server.RaftServerConfigKeys (ConfUtils.java:logGet(46)) - raft.server.log.write.buffer.size = 8388616 (custom)
2024-01-14 08:11:19,383 [0ff4ee77-f176-4c42-9b93-2e8119131049-groupManagement] INFO  server.RaftServerConfigKeys (ConfUtils.java:logGet(46)) - raft.server.log.appender.buffer.byte-limit = 8388608 (custom)
2024-01-14 08:11:19,383 [0ff4ee77-f176-4c42-9b93-2e8119131049-groupManagement] INFO  server.RaftServerConfigKeys (ConfUtils.java:logGet(46)) - raft.server.log.unsafe-flush.enabled = false (default)
2024-01-14 08:11:19,384 [0ff4ee77-f176-4c42-9b93-2e8119131049-groupManagement] INFO  server.RaftServerConfigKeys (ConfUtils.java:logGet(46)) - raft.server.log.async-flush.enabled = false (default)
2024-01-14 08:11:19,384 [0ff4ee77-f176-4c42-9b93-2e8119131049-groupManagement] INFO  server.RaftServerConfigKeys (ConfUtils.java:logGet(46)) - raft.server.log.statemachine.data.caching.enabled = true (custom)
2024-01-14 08:11:19,384 [0ff4ee77-f176-4c42-9b93-2e8119131049-groupManagement] INFO  segmented.SegmentedRaftLogWorker (SegmentedRaftLogWorker.java:lambda$new$0(134)) - 0ff4ee77-f176-4c42-9b93-2e8119131049@group-B4FBA049766D-SegmentedRaftLogWorker: flushIndex: setUnconditionally 0 -> -1
2024-01-14 08:11:19,384 [0ff4ee77-f176-4c42-9b93-2e8119131049-groupManagement] INFO  segmented.SegmentedRaftLogWorker (SegmentedRaftLogWorker.java:lambda$new$0(134)) - 0ff4ee77-f176-4c42-9b93-2e8119131049@group-B4FBA049766D-SegmentedRaftLogWorker: safeCacheEvictIndex: setUnconditionally 0 -> -1
2024-01-14 08:11:19,385 [0ff4ee77-f176-4c42-9b93-2e8119131049-groupManagement] INFO  server.RaftServer$Division (RaftServerImpl.java:start(396)) - 0ff4ee77-f176-4c42-9b93-2e8119131049@group-B4FBA049766D: start as a follower, conf=-1: peers:[0ff4ee77-f176-4c42-9b93-2e8119131049|10.1.0.100:15032]|listeners:[], old=null
2024-01-14 08:11:19,385 [0ff4ee77-f176-4c42-9b93-2e8119131049-groupManagement] INFO  server.RaftServer$Division (RaftServerImpl.java:setRole(383)) - 0ff4ee77-f176-4c42-9b93-2e8119131049@group-B4FBA049766D: changes role from      null to FOLLOWER at term 0 for startAsFollower
2024-01-14 08:11:19,385 [0ff4ee77-f176-4c42-9b93-2e8119131049-groupManagement] INFO  impl.RoleInfo (RoleInfo.java:updateAndGet(139)) - 0ff4ee77-f176-4c42-9b93-2e8119131049: start 0ff4ee77-f176-4c42-9b93-2e8119131049@group-B4FBA049766D-FollowerState
2024-01-14 08:11:19,392 [0ff4ee77-f176-4c42-9b93-2e8119131049-groupManagement] INFO  util.JmxRegister (JmxRegister.java:tryRegister(44)) - Successfully registered JMX Bean with object name Ratis:service=RaftServer,group=group-B4FBA049766D,id=0ff4ee77-f176-4c42-9b93-2e8119131049
2024-01-14 08:11:19,392 [0ff4ee77-f176-4c42-9b93-2e8119131049@group-B4FBA049766D-FollowerState] INFO  server.RaftServerConfigKeys (ConfUtils.java:logFallback(53)) - raft.server.rpc.first-election.timeout.min = 5s (fallback to raft.server.rpc.timeout.min)
2024-01-14 08:11:19,392 [0ff4ee77-f176-4c42-9b93-2e8119131049-groupManagement] INFO  server.RaftServerConfigKeys (ConfUtils.java:logGet(46)) - raft.server.snapshot.trigger-when-stop.enabled = true (default)
2024-01-14 08:11:19,392 [0ff4ee77-f176-4c42-9b93-2e8119131049-groupManagement] INFO  server.RaftServerConfigKeys (ConfUtils.java:logGet(46)) - raft.server.snapshot.auto.trigger.enabled = true (custom)
2024-01-14 08:11:19,392 [0ff4ee77-f176-4c42-9b93-2e8119131049-groupManagement] INFO  server.RaftServerConfigKeys (ConfUtils.java:logGet(46)) - raft.server.snapshot.auto.trigger.threshold = 10000 (custom)
2024-01-14 08:11:19,394 [0ff4ee77-f176-4c42-9b93-2e8119131049@group-B4FBA049766D-FollowerState] INFO  server.RaftServerConfigKeys (ConfUtils.java:logFallback(53)) - raft.server.rpc.first-election.timeout.max = 5200ms (fallback to raft.server.rpc.timeout.max)
2024-01-14 08:11:19,394 [0ff4ee77-f176-4c42-9b93-2e8119131049-groupManagement] INFO  server.RaftServerConfigKeys (ConfUtils.java:logGet(46)) - raft.server.snapshot.retention.file.num = 5 (custom)
2024-01-14 08:11:19,394 [0ff4ee77-f176-4c42-9b93-2e8119131049-groupManagement] INFO  server.RaftServerConfigKeys (ConfUtils.java:logGet(46)) - raft.server.log.purge.upto.snapshot.index = false (default)
2024-01-14 08:11:19,400 [0ff4ee77-f176-4c42-9b93-2e8119131049-PipelineCommandHandlerThread-0] INFO  ratis.XceiverServerRatis (XceiverServerRatis.java:addGroup(842)) - Created group PipelineID=4dd48d91-45fe-4246-9334-b4fba049766d
2024-01-14 08:11:19,400 [0ff4ee77-f176-4c42-9b93-2e8119131049-PipelineCommandHandlerThread-0] INFO  commandhandler.CreatePipelineCommandHandler (CreatePipelineCommandHandler.java:lambda$handle$2(124)) - Created Pipeline RATIS ONE PipelineID=4dd48d91-45fe-4246-9334-b4fba049766d.
2024-01-14 08:11:19,402 [0ff4ee77-f176-4c42-9b93-2e8119131049-PipelineCommandHandlerThread-0] INFO  server.RaftServer (RaftServerProxy.java:addNew(100)) - 0ff4ee77-f176-4c42-9b93-2e8119131049: addNew group-CC814C894A60:[58733d94-cb44-4f93-b9bc-90d3803fc47e|10.1.0.100:15023, 0ff4ee77-f176-4c42-9b93-2e8119131049|10.1.0.100:15032, 577443f1-fefe-41e6-ac50-50037dc50964|10.1.0.100:15014] returns group-CC814C894A60:java.util.concurrent.CompletableFuture@3b125cda[Not completed]
2024-01-14 08:11:19,404 [0ff4ee77-f176-4c42-9b93-2e8119131049-groupManagement] INFO  server.RaftServer$Division (RaftServerImpl.java:<init>(256)) - 0ff4ee77-f176-4c42-9b93-2e8119131049: new RaftServerImpl for group-CC814C894A60:[58733d94-cb44-4f93-b9bc-90d3803fc47e|10.1.0.100:15023, 0ff4ee77-f176-4c42-9b93-2e8119131049|10.1.0.100:15032, 577443f1-fefe-41e6-ac50-50037dc50964|10.1.0.100:15014] with ContainerStateMachine:uninitialized
2024-01-14 08:11:19,404 [0ff4ee77-f176-4c42-9b93-2e8119131049-groupManagement] INFO  server.RaftServerConfigKeys (ConfUtils.java:logGet(46)) - raft.server.rpc.timeout.min = 5s (custom)
2024-01-14 08:11:19,404 [0ff4ee77-f176-4c42-9b93-2e8119131049-groupManagement] INFO  server.RaftServerConfigKeys (ConfUtils.java:logGet(46)) - raft.server.rpc.timeout.max = 5200ms (custom)
2024-01-14 08:11:19,404 [0ff4ee77-f176-4c42-9b93-2e8119131049-groupManagement] INFO  server.RaftServerConfigKeys (ConfUtils.java:logGet(46)) - raft.server.rpc.sleep.time = 25ms (default)
2024-01-14 08:11:19,404 [0ff4ee77-f176-4c42-9b93-2e8119131049-groupManagement] INFO  server.RaftServerConfigKeys (ConfUtils.java:logGet(46)) - raft.server.rpc.slowness.timeout = 300000ms (custom)
2024-01-14 08:11:19,404 [0ff4ee77-f176-4c42-9b93-2e8119131049-groupManagement] INFO  server.RaftServerConfigKeys (ConfUtils.java:logGet(46)) - raft.server.leaderelection.leader.step-down.wait-time = 10s (default)
2024-01-14 08:11:19,404 [0ff4ee77-f176-4c42-9b93-2e8119131049-groupManagement] INFO  server.RaftServerConfigKeys (ConfUtils.java:logGet(46)) - raft.server.leaderelection.member.majority-add = false (default)
2024-01-14 08:11:19,404 [0ff4ee77-f176-4c42-9b93-2e8119131049-groupManagement] INFO  server.RaftServerConfigKeys (ConfUtils.java:logGet(46)) - raft.server.sleep.deviation.threshold = 300ms (default)
2024-01-14 08:11:19,404 [0ff4ee77-f176-4c42-9b93-2e8119131049-groupManagement] INFO  server.RaftServer$Division (ServerState.java:<init>(113)) - 0ff4ee77-f176-4c42-9b93-2e8119131049@group-CC814C894A60: ConfigurationManager, init=-1: peers:[58733d94-cb44-4f93-b9bc-90d3803fc47e|10.1.0.100:15023, 0ff4ee77-f176-4c42-9b93-2e8119131049|10.1.0.100:15032, 577443f1-fefe-41e6-ac50-50037dc50964|10.1.0.100:15014]|listeners:[], old=null, confs=<EMPTY_MAP>
2024-01-14 08:11:19,404 [0ff4ee77-f176-4c42-9b93-2e8119131049-groupManagement] INFO  server.RaftServerConfigKeys (ConfUtils.java:logGet(46)) - raft.server.notification.no-leader.timeout = 300000ms (custom)
2024-01-14 08:11:19,404 [0ff4ee77-f176-4c42-9b93-2e8119131049-groupManagement] INFO  server.RaftServerConfigKeys (ConfUtils.java:logGet(46)) - raft.server.read.timeout = 10s (default)
2024-01-14 08:11:19,404 [0ff4ee77-f176-4c42-9b93-2e8119131049-groupManagement] INFO  server.RaftServerConfigKeys (ConfUtils.java:logGet(46)) - raft.server.retrycache.expirytime = 600000ms (custom)
2024-01-14 08:11:19,405 [0ff4ee77-f176-4c42-9b93-2e8119131049-groupManagement] INFO  server.RaftServerConfigKeys (ConfUtils.java:logGet(46)) - raft.server.retrycache.statistics.expirytime = 100ms (default)
2024-01-14 08:11:19,405 [0ff4ee77-f176-4c42-9b93-2e8119131049-groupManagement] INFO  server.RaftServerConfigKeys (ConfUtils.java:logGet(46)) - raft.server.read.option = DEFAULT (default)
2024-01-14 08:11:19,405 [0ff4ee77-f176-4c42-9b93-2e8119131049-groupManagement] INFO  server.RaftServerConfigKeys (ConfUtils.java:logGet(46)) - raft.server.read.read-after-write-consistent.write-index-cache.expiry-time = 60s (default)
2024-01-14 08:11:19,407 [0ff4ee77-f176-4c42-9b93-2e8119131049-groupManagement] INFO  server.RaftServerConfigKeys (ConfUtils.java:logGet(46)) - raft.server.rpc.request.timeout = 3000ms (default)
2024-01-14 08:11:19,407 [0ff4ee77-f176-4c42-9b93-2e8119131049-groupManagement] INFO  server.RaftServerConfigKeys (ConfUtils.java:logGet(46)) - raft.server.log.appender.install.snapshot.enabled = false (custom)
2024-01-14 08:11:19,407 [0ff4ee77-f176-4c42-9b93-2e8119131049-groupManagement] INFO  server.RaftServerConfigKeys (ConfUtils.java:logGet(46)) - raft.server.threadpool.server.cached = true (default)
2024-01-14 08:11:19,407 [0ff4ee77-f176-4c42-9b93-2e8119131049-groupManagement] INFO  server.RaftServerConfigKeys (ConfUtils.java:logGet(46)) - raft.server.threadpool.server.size = 0 (default)
2024-01-14 08:11:19,407 [0ff4ee77-f176-4c42-9b93-2e8119131049-groupManagement] INFO  server.RaftServerConfigKeys (ConfUtils.java:logGet(46)) - raft.server.threadpool.client.cached = true (default)
2024-01-14 08:11:19,407 [0ff4ee77-f176-4c42-9b93-2e8119131049-groupManagement] INFO  server.RaftServerConfigKeys (ConfUtils.java:logGet(46)) - raft.server.threadpool.client.size = 0 (default)
2024-01-14 08:11:19,408 [0ff4ee77-f176-4c42-9b93-2e8119131049-groupManagement] INFO  server.RaftServerConfigKeys (ConfUtils.java:logGet(46)) - raft.server.storage.free-space.min = 0MB (=0) (default)
2024-01-14 08:11:19,408 [0ff4ee77-f176-4c42-9b93-2e8119131049-groupManagement] INFO  server.RaftServerConfigKeys (ConfUtils.java:logGet(46)) - raft.server.log.corruption.policy = EXCEPTION (default)
2024-01-14 08:11:19,408 [0ff4ee77-f176-4c42-9b93-2e8119131049-groupManagement] INFO  server.RaftServerConfigKeys (ConfUtils.java:logGet(46)) - raft.server.storage.dir = [/home/runner/work/ozone/ozone/hadoop-ozone/integration-test/target/test-dir/MiniOzoneClusterImpl-d05e4a2c-755f-4d37-936b-30aea24b9535/datanode-2/data/ratis] (custom)
2024-01-14 08:11:19,408 [0ff4ee77-f176-4c42-9b93-2e8119131049-groupManagement] INFO  storage.RaftStorageDirectory (RaftStorageDirectoryImpl.java:analyzeStorage(138)) - The storage directory /home/runner/work/ozone/ozone/hadoop-ozone/integration-test/target/test-dir/MiniOzoneClusterImpl-d05e4a2c-755f-4d37-936b-30aea24b9535/datanode-2/data/ratis/a90a9068-255c-47f4-bcab-cc814c894a60 does not exist. Creating ...
2024-01-14 08:11:19,410 [0ff4ee77-f176-4c42-9b93-2e8119131049-groupManagement] INFO  storage.RaftStorageDirectory (RaftStorageDirectoryImpl.java:tryLock(228)) - Lock on /home/runner/work/ozone/ozone/hadoop-ozone/integration-test/target/test-dir/MiniOzoneClusterImpl-d05e4a2c-755f-4d37-936b-30aea24b9535/datanode-2/data/ratis/a90a9068-255c-47f4-bcab-cc814c894a60/in_use.lock acquired by nodename 49070@fv-az737-837
2024-01-14 08:11:19,412 [0ff4ee77-f176-4c42-9b93-2e8119131049-groupManagement] INFO  storage.RaftStorage (RaftStorageImpl.java:format(99)) - Storage directory /home/runner/work/ozone/ozone/hadoop-ozone/integration-test/target/test-dir/MiniOzoneClusterImpl-d05e4a2c-755f-4d37-936b-30aea24b9535/datanode-2/data/ratis/a90a9068-255c-47f4-bcab-cc814c894a60 has been successfully formatted.
2024-01-14 08:11:19,412 [0ff4ee77-f176-4c42-9b93-2e8119131049-groupManagement] WARN  util.FileUtils (LogUtils.java:supplyAndLog(63)) - Failed to Files.newInputStream /home/runner/work/ozone/ozone/hadoop-ozone/integration-test/target/test-dir/MiniOzoneClusterImpl-d05e4a2c-755f-4d37-936b-30aea24b9535/datanode-2/data/ratis/a90a9068-255c-47f4-bcab-cc814c894a60/current/raft-meta.conf with options []: java.nio.file.NoSuchFileException: /home/runner/work/ozone/ozone/hadoop-ozone/integration-test/target/test-dir/MiniOzoneClusterImpl-d05e4a2c-755f-4d37-936b-30aea24b9535/datanode-2/data/ratis/a90a9068-255c-47f4-bcab-cc814c894a60/current/raft-meta.conf
2024-01-14 08:11:19,412 [0ff4ee77-f176-4c42-9b93-2e8119131049-groupManagement] INFO  ratis.ContainerStateMachine (ContainerStateMachine.java:loadSnapshot(287)) - group-CC814C894A60: The snapshot info is null. Setting the last applied index to:(t:0, i:~)
2024-01-14 08:11:19,412 [0ff4ee77-f176-4c42-9b93-2e8119131049-groupManagement] INFO  server.RaftServerConfigKeys (ConfUtils.java:logGet(46)) - raft.server.log.use.memory = false (default)
2024-01-14 08:11:19,413 [0ff4ee77-f176-4c42-9b93-2e8119131049-groupManagement] INFO  server.RaftServerConfigKeys (ConfUtils.java:logGet(46)) - raft.server.log.purge.gap = 1000000 (custom)
2024-01-14 08:11:19,413 [0ff4ee77-f176-4c42-9b93-2e8119131049-groupManagement] INFO  server.RaftServerConfigKeys (ConfUtils.java:logGet(46)) - raft.server.log.appender.buffer.byte-limit = 8388608 (custom)
2024-01-14 08:11:19,413 [0ff4ee77-f176-4c42-9b93-2e8119131049-groupManagement] INFO  server.RaftServerConfigKeys (ConfUtils.java:logGet(46)) - raft.server.log.statemachine.data.read.timeout = 1000ms (default)
2024-01-14 08:11:19,413 [0ff4ee77-f176-4c42-9b93-2e8119131049-groupManagement] INFO  server.RaftServerConfigKeys (ConfUtils.java:logGet(46)) - raft.server.log.purge.preservation.log.num = 0 (default)
2024-01-14 08:11:19,414 [0ff4ee77-f176-4c42-9b93-2e8119131049-groupManagement] INFO  server.RaftServerConfigKeys (ConfUtils.java:logGet(46)) - raft.server.log.segment.size.max = 67108864 (custom)
2024-01-14 08:11:19,415 [0ff4ee77-f176-4c42-9b93-2e8119131049-groupManagement] INFO  server.RaftServerConfigKeys (ConfUtils.java:logGet(46)) - raft.server.log.segment.cache.num.max = 2 (custom)
2024-01-14 08:11:19,415 [0ff4ee77-f176-4c42-9b93-2e8119131049-groupManagement] INFO  server.RaftServerConfigKeys (ConfUtils.java:logGet(46)) - raft.server.log.segment.cache.size.max = 200MB (=209715200) (default)
2024-01-14 08:11:19,415 [0ff4ee77-f176-4c42-9b93-2e8119131049-groupManagement] INFO  server.RaftServerConfigKeys (ConfUtils.java:logGet(46)) - raft.server.log.appender.buffer.byte-limit = 8388608 (custom)
2024-01-14 08:11:19,415 [0ff4ee77-f176-4c42-9b93-2e8119131049-groupManagement] INFO  util.AwaitToRun (AwaitToRun.java:start(81)) - Thread[0ff4ee77-f176-4c42-9b93-2e8119131049@group-CC814C894A60-cacheEviction-AwaitToRun,5,main] started
2024-01-14 08:11:19,415 [0ff4ee77-f176-4c42-9b93-2e8119131049-groupManagement] INFO  segmented.SegmentedRaftLogWorker (SegmentedRaftLogWorker.java:<init>(182)) - new 0ff4ee77-f176-4c42-9b93-2e8119131049@group-CC814C894A60-SegmentedRaftLogWorker for RaftStorageImpl:Storage Directory /home/runner/work/ozone/ozone/hadoop-ozone/integration-test/target/test-dir/MiniOzoneClusterImpl-d05e4a2c-755f-4d37-936b-30aea24b9535/datanode-2/data/ratis/a90a9068-255c-47f4-bcab-cc814c894a60
2024-01-14 08:11:19,415 [0ff4ee77-f176-4c42-9b93-2e8119131049-groupManagement] INFO  server.RaftServerConfigKeys (ConfUtils.java:logGet(46)) - raft.server.log.queue.byte-limit = 4294967296 (custom)
2024-01-14 08:11:19,415 [0ff4ee77-f176-4c42-9b93-2e8119131049-groupManagement] INFO  server.RaftServerConfigKeys (ConfUtils.java:logGet(46)) - raft.server.log.queue.element-limit = 1024 (custom)
2024-01-14 08:11:19,415 [0ff4ee77-f176-4c42-9b93-2e8119131049-groupManagement] INFO  server.RaftServerConfigKeys (ConfUtils.java:logGet(46)) - raft.server.log.segment.size.max = 67108864 (custom)
2024-01-14 08:11:19,415 [0ff4ee77-f176-4c42-9b93-2e8119131049-groupManagement] INFO  server.RaftServerConfigKeys (ConfUtils.java:logGet(46)) - raft.server.log.preallocated.size = 4194304 (custom)
2024-01-14 08:11:19,416 [0ff4ee77-f176-4c42-9b93-2e8119131049-groupManagement] INFO  server.RaftServerConfigKeys (ConfUtils.java:logGet(46)) - raft.server.log.force.sync.num = 128 (default)
2024-01-14 08:11:19,416 [0ff4ee77-f176-4c42-9b93-2e8119131049-groupManagement] INFO  server.RaftServerConfigKeys (ConfUtils.java:logGet(46)) - raft.server.log.statemachine.data.sync = true (default)
2024-01-14 08:11:19,416 [0ff4ee77-f176-4c42-9b93-2e8119131049-groupManagement] INFO  server.RaftServerConfigKeys (ConfUtils.java:logGet(46)) - raft.server.log.statemachine.data.sync.timeout = 10s (default)
2024-01-14 08:11:19,416 [0ff4ee77-f176-4c42-9b93-2e8119131049-groupManagement] INFO  server.RaftServerConfigKeys (ConfUtils.java:logGet(46)) - raft.server.log.statemachine.data.sync.timeout.retry = 0 (custom)
2024-01-14 08:11:19,418 [EventQueue-OpenPipelineForHealthyPipelineSafeModeRule] INFO  safemode.SCMSafeModeManager (HealthyPipelineSafeModeRule.java:process(140)) - SCM in safe mode. Healthy pipelines reported count is 0, required healthy pipeline reported count is 1
2024-01-14 08:11:19,418 [0ff4ee77-f176-4c42-9b93-2e8119131049-groupManagement] INFO  server.RaftServerConfigKeys (ConfUtils.java:logGet(46)) - raft.server.log.write.buffer.size = 8388616 (custom)
2024-01-14 08:11:19,420 [0ff4ee77-f176-4c42-9b93-2e8119131049-groupManagement] INFO  server.RaftServerConfigKeys (ConfUtils.java:logGet(46)) - raft.server.log.appender.buffer.byte-limit = 8388608 (custom)
2024-01-14 08:11:19,421 [0ff4ee77-f176-4c42-9b93-2e8119131049-groupManagement] INFO  server.RaftServerConfigKeys (ConfUtils.java:logGet(46)) - raft.server.log.unsafe-flush.enabled = false (default)
2024-01-14 08:11:19,421 [0ff4ee77-f176-4c42-9b93-2e8119131049-groupManagement] INFO  server.RaftServerConfigKeys (ConfUtils.java:logGet(46)) - raft.server.log.async-flush.enabled = false (default)
2024-01-14 08:11:19,421 [0ff4ee77-f176-4c42-9b93-2e8119131049-groupManagement] INFO  server.RaftServerConfigKeys (ConfUtils.java:logGet(46)) - raft.server.log.statemachine.data.caching.enabled = true (custom)
2024-01-14 08:11:19,421 [0ff4ee77-f176-4c42-9b93-2e8119131049-groupManagement] INFO  segmented.SegmentedRaftLogWorker (SegmentedRaftLogWorker.java:lambda$new$0(134)) - 0ff4ee77-f176-4c42-9b93-2e8119131049@group-CC814C894A60-SegmentedRaftLogWorker: flushIndex: setUnconditionally 0 -> -1
2024-01-14 08:11:19,421 [0ff4ee77-f176-4c42-9b93-2e8119131049-groupManagement] INFO  segmented.SegmentedRaftLogWorker (SegmentedRaftLogWorker.java:lambda$new$0(134)) - 0ff4ee77-f176-4c42-9b93-2e8119131049@group-CC814C894A60-SegmentedRaftLogWorker: safeCacheEvictIndex: setUnconditionally 0 -> -1
2024-01-14 08:11:19,421 [0ff4ee77-f176-4c42-9b93-2e8119131049-groupManagement] INFO  server.RaftServer$Division (RaftServerImpl.java:start(396)) - 0ff4ee77-f176-4c42-9b93-2e8119131049@group-CC814C894A60: start as a follower, conf=-1: peers:[58733d94-cb44-4f93-b9bc-90d3803fc47e|10.1.0.100:15023, 0ff4ee77-f176-4c42-9b93-2e8119131049|10.1.0.100:15032, 577443f1-fefe-41e6-ac50-50037dc50964|10.1.0.100:15014]|listeners:[], old=null
2024-01-14 08:11:19,421 [0ff4ee77-f176-4c42-9b93-2e8119131049-groupManagement] INFO  server.RaftServer$Division (RaftServerImpl.java:setRole(383)) - 0ff4ee77-f176-4c42-9b93-2e8119131049@group-CC814C894A60: changes role from      null to FOLLOWER at term 0 for startAsFollower
2024-01-14 08:11:19,421 [0ff4ee77-f176-4c42-9b93-2e8119131049-groupManagement] INFO  impl.RoleInfo (RoleInfo.java:updateAndGet(139)) - 0ff4ee77-f176-4c42-9b93-2e8119131049: start 0ff4ee77-f176-4c42-9b93-2e8119131049@group-CC814C894A60-FollowerState
2024-01-14 08:11:19,421 [0ff4ee77-f176-4c42-9b93-2e8119131049-groupManagement] INFO  util.JmxRegister (JmxRegister.java:tryRegister(44)) - Successfully registered JMX Bean with object name Ratis:service=RaftServer,group=group-CC814C894A60,id=0ff4ee77-f176-4c42-9b93-2e8119131049
2024-01-14 08:11:19,422 [0ff4ee77-f176-4c42-9b93-2e8119131049-groupManagement] INFO  server.RaftServerConfigKeys (ConfUtils.java:logGet(46)) - raft.server.snapshot.trigger-when-stop.enabled = true (default)
2024-01-14 08:11:19,422 [0ff4ee77-f176-4c42-9b93-2e8119131049-groupManagement] INFO  server.RaftServerConfigKeys (ConfUtils.java:logGet(46)) - raft.server.snapshot.auto.trigger.enabled = true (custom)
2024-01-14 08:11:19,422 [0ff4ee77-f176-4c42-9b93-2e8119131049-groupManagement] INFO  server.RaftServerConfigKeys (ConfUtils.java:logGet(46)) - raft.server.snapshot.auto.trigger.threshold = 10000 (custom)
2024-01-14 08:11:19,422 [0ff4ee77-f176-4c42-9b93-2e8119131049-groupManagement] INFO  server.RaftServerConfigKeys (ConfUtils.java:logGet(46)) - raft.server.snapshot.retention.file.num = 5 (custom)
2024-01-14 08:11:19,422 [0ff4ee77-f176-4c42-9b93-2e8119131049-groupManagement] INFO  server.RaftServerConfigKeys (ConfUtils.java:logGet(46)) - raft.server.log.purge.upto.snapshot.index = false (default)
2024-01-14 08:11:19,421 [0ff4ee77-f176-4c42-9b93-2e8119131049@group-CC814C894A60-FollowerState] INFO  server.RaftServerConfigKeys (ConfUtils.java:logFallback(53)) - raft.server.rpc.first-election.timeout.min = 5s (fallback to raft.server.rpc.timeout.min)
2024-01-14 08:11:19,422 [0ff4ee77-f176-4c42-9b93-2e8119131049@group-CC814C894A60-FollowerState] INFO  server.RaftServerConfigKeys (ConfUtils.java:logFallback(53)) - raft.server.rpc.first-election.timeout.max = 5200ms (fallback to raft.server.rpc.timeout.max)
2024-01-14 08:11:19,422 [0ff4ee77-f176-4c42-9b93-2e8119131049-PipelineCommandHandlerThread-0] INFO  ratis.XceiverServerRatis (XceiverServerRatis.java:addGroup(842)) - Created group PipelineID=a90a9068-255c-47f4-bcab-cc814c894a60
2024-01-14 08:11:19,450 [ee8156c5-6136-4ec5-812d-3226e59a8f74-PipelineCommandHandlerThread-0] INFO  server.RaftServer (RaftServerProxy.java:addNew(100)) - ee8156c5-6136-4ec5-812d-3226e59a8f74: addNew group-F56BD249EE0E:[ee8156c5-6136-4ec5-812d-3226e59a8f74|10.1.0.100:15041] returns group-F56BD249EE0E:java.util.concurrent.CompletableFuture@e6ebd55[Not completed]
2024-01-14 08:11:19,453 [ee8156c5-6136-4ec5-812d-3226e59a8f74-groupManagement] INFO  server.RaftServer$Division (RaftServerImpl.java:<init>(256)) - ee8156c5-6136-4ec5-812d-3226e59a8f74: new RaftServerImpl for group-F56BD249EE0E:[ee8156c5-6136-4ec5-812d-3226e59a8f74|10.1.0.100:15041] with ContainerStateMachine:uninitialized
2024-01-14 08:11:19,455 [ee8156c5-6136-4ec5-812d-3226e59a8f74-groupManagement] INFO  server.RaftServerConfigKeys (ConfUtils.java:logGet(46)) - raft.server.rpc.timeout.min = 5s (custom)
2024-01-14 08:11:19,455 [ee8156c5-6136-4ec5-812d-3226e59a8f74-groupManagement] INFO  server.RaftServerConfigKeys (ConfUtils.java:logGet(46)) - raft.server.rpc.timeout.max = 5200ms (custom)
2024-01-14 08:11:19,455 [ee8156c5-6136-4ec5-812d-3226e59a8f74-groupManagement] INFO  server.RaftServerConfigKeys (ConfUtils.java:logGet(46)) - raft.server.rpc.sleep.time = 25ms (default)
2024-01-14 08:11:19,455 [ee8156c5-6136-4ec5-812d-3226e59a8f74-groupManagement] INFO  server.RaftServerConfigKeys (ConfUtils.java:logGet(46)) - raft.server.rpc.slowness.timeout = 300000ms (custom)
2024-01-14 08:11:19,455 [ee8156c5-6136-4ec5-812d-3226e59a8f74-groupManagement] INFO  server.RaftServerConfigKeys (ConfUtils.java:logGet(46)) - raft.server.leaderelection.leader.step-down.wait-time = 10s (default)
2024-01-14 08:11:19,455 [ee8156c5-6136-4ec5-812d-3226e59a8f74-groupManagement] INFO  server.RaftServerConfigKeys (ConfUtils.java:logGet(46)) - raft.server.leaderelection.member.majority-add = false (default)
2024-01-14 08:11:19,455 [ee8156c5-6136-4ec5-812d-3226e59a8f74-groupManagement] INFO  server.RaftServerConfigKeys (ConfUtils.java:logGet(46)) - raft.server.sleep.deviation.threshold = 300ms (default)
2024-01-14 08:11:19,455 [ee8156c5-6136-4ec5-812d-3226e59a8f74-groupManagement] INFO  server.RaftServer$Division (ServerState.java:<init>(113)) - ee8156c5-6136-4ec5-812d-3226e59a8f74@group-F56BD249EE0E: ConfigurationManager, init=-1: peers:[ee8156c5-6136-4ec5-812d-3226e59a8f74|10.1.0.100:15041]|listeners:[], old=null, confs=<EMPTY_MAP>
2024-01-14 08:11:19,456 [ee8156c5-6136-4ec5-812d-3226e59a8f74-groupManagement] INFO  server.RaftServerConfigKeys (ConfUtils.java:logGet(46)) - raft.server.notification.no-leader.timeout = 300000ms (custom)
2024-01-14 08:11:19,456 [ee8156c5-6136-4ec5-812d-3226e59a8f74-groupManagement] INFO  server.RaftServerConfigKeys (ConfUtils.java:logGet(46)) - raft.server.read.timeout = 10s (default)
2024-01-14 08:11:19,456 [ee8156c5-6136-4ec5-812d-3226e59a8f74-groupManagement] INFO  server.RaftServerConfigKeys (ConfUtils.java:logGet(46)) - raft.server.retrycache.expirytime = 600000ms (custom)
2024-01-14 08:11:19,456 [ee8156c5-6136-4ec5-812d-3226e59a8f74-groupManagement] INFO  server.RaftServerConfigKeys (ConfUtils.java:logGet(46)) - raft.server.retrycache.statistics.expirytime = 100ms (default)
2024-01-14 08:11:19,456 [ee8156c5-6136-4ec5-812d-3226e59a8f74-groupManagement] INFO  server.RaftServerConfigKeys (ConfUtils.java:logGet(46)) - raft.server.read.option = DEFAULT (default)
2024-01-14 08:11:19,456 [ee8156c5-6136-4ec5-812d-3226e59a8f74-groupManagement] INFO  server.RaftServerConfigKeys (ConfUtils.java:logGet(46)) - raft.server.read.read-after-write-consistent.write-index-cache.expiry-time = 60s (default)
2024-01-14 08:11:19,460 [ee8156c5-6136-4ec5-812d-3226e59a8f74-groupManagement] INFO  server.RaftServerConfigKeys (ConfUtils.java:logGet(46)) - raft.server.rpc.request.timeout = 3000ms (default)
2024-01-14 08:11:19,460 [ee8156c5-6136-4ec5-812d-3226e59a8f74-groupManagement] INFO  server.RaftServerConfigKeys (ConfUtils.java:logGet(46)) - raft.server.log.appender.install.snapshot.enabled = false (custom)
2024-01-14 08:11:19,460 [ee8156c5-6136-4ec5-812d-3226e59a8f74-groupManagement] INFO  server.RaftServerConfigKeys (ConfUtils.java:logGet(46)) - raft.server.threadpool.server.cached = true (default)
2024-01-14 08:11:19,461 [ee8156c5-6136-4ec5-812d-3226e59a8f74-groupManagement] INFO  server.RaftServerConfigKeys (ConfUtils.java:logGet(46)) - raft.server.threadpool.server.size = 0 (default)
2024-01-14 08:11:19,461 [ee8156c5-6136-4ec5-812d-3226e59a8f74-groupManagement] INFO  server.RaftServerConfigKeys (ConfUtils.java:logGet(46)) - raft.server.threadpool.client.cached = true (default)
2024-01-14 08:11:19,461 [ee8156c5-6136-4ec5-812d-3226e59a8f74-groupManagement] INFO  server.RaftServerConfigKeys (ConfUtils.java:logGet(46)) - raft.server.threadpool.client.size = 0 (default)
2024-01-14 08:11:19,461 [ee8156c5-6136-4ec5-812d-3226e59a8f74-groupManagement] INFO  server.RaftServerConfigKeys (ConfUtils.java:logGet(46)) - raft.server.storage.free-space.min = 0MB (=0) (default)
2024-01-14 08:11:19,461 [ee8156c5-6136-4ec5-812d-3226e59a8f74-groupManagement] INFO  server.RaftServerConfigKeys (ConfUtils.java:logGet(46)) - raft.server.log.corruption.policy = EXCEPTION (default)
2024-01-14 08:11:19,461 [ee8156c5-6136-4ec5-812d-3226e59a8f74-groupManagement] INFO  server.RaftServerConfigKeys (ConfUtils.java:logGet(46)) - raft.server.storage.dir = [/home/runner/work/ozone/ozone/hadoop-ozone/integration-test/target/test-dir/MiniOzoneClusterImpl-d05e4a2c-755f-4d37-936b-30aea24b9535/datanode-3/data/ratis] (custom)
2024-01-14 08:11:19,462 [ee8156c5-6136-4ec5-812d-3226e59a8f74-groupManagement] INFO  storage.RaftStorageDirectory (RaftStorageDirectoryImpl.java:analyzeStorage(138)) - The storage directory /home/runner/work/ozone/ozone/hadoop-ozone/integration-test/target/test-dir/MiniOzoneClusterImpl-d05e4a2c-755f-4d37-936b-30aea24b9535/datanode-3/data/ratis/68516f61-892b-490b-80f7-f56bd249ee0e does not exist. Creating ...
2024-01-14 08:11:19,463 [ee8156c5-6136-4ec5-812d-3226e59a8f74-groupManagement] INFO  storage.RaftStorageDirectory (RaftStorageDirectoryImpl.java:tryLock(228)) - Lock on /home/runner/work/ozone/ozone/hadoop-ozone/integration-test/target/test-dir/MiniOzoneClusterImpl-d05e4a2c-755f-4d37-936b-30aea24b9535/datanode-3/data/ratis/68516f61-892b-490b-80f7-f56bd249ee0e/in_use.lock acquired by nodename 49070@fv-az737-837
2024-01-14 08:11:19,465 [ee8156c5-6136-4ec5-812d-3226e59a8f74-groupManagement] INFO  storage.RaftStorage (RaftStorageImpl.java:format(99)) - Storage directory /home/runner/work/ozone/ozone/hadoop-ozone/integration-test/target/test-dir/MiniOzoneClusterImpl-d05e4a2c-755f-4d37-936b-30aea24b9535/datanode-3/data/ratis/68516f61-892b-490b-80f7-f56bd249ee0e has been successfully formatted.
2024-01-14 08:11:19,465 [ee8156c5-6136-4ec5-812d-3226e59a8f74-groupManagement] WARN  util.FileUtils (LogUtils.java:supplyAndLog(63)) - Failed to Files.newInputStream /home/runner/work/ozone/ozone/hadoop-ozone/integration-test/target/test-dir/MiniOzoneClusterImpl-d05e4a2c-755f-4d37-936b-30aea24b9535/datanode-3/data/ratis/68516f61-892b-490b-80f7-f56bd249ee0e/current/raft-meta.conf with options []: java.nio.file.NoSuchFileException: /home/runner/work/ozone/ozone/hadoop-ozone/integration-test/target/test-dir/MiniOzoneClusterImpl-d05e4a2c-755f-4d37-936b-30aea24b9535/datanode-3/data/ratis/68516f61-892b-490b-80f7-f56bd249ee0e/current/raft-meta.conf
2024-01-14 08:11:19,467 [ee8156c5-6136-4ec5-812d-3226e59a8f74-groupManagement] INFO  ratis.ContainerStateMachine (ContainerStateMachine.java:loadSnapshot(287)) - group-F56BD249EE0E: The snapshot info is null. Setting the last applied index to:(t:0, i:~)
2024-01-14 08:11:19,467 [ee8156c5-6136-4ec5-812d-3226e59a8f74-groupManagement] INFO  server.RaftServerConfigKeys (ConfUtils.java:logGet(46)) - raft.server.log.use.memory = false (default)
2024-01-14 08:11:19,467 [ee8156c5-6136-4ec5-812d-3226e59a8f74-groupManagement] INFO  server.RaftServerConfigKeys (ConfUtils.java:logGet(46)) - raft.server.log.purge.gap = 1000000 (custom)
2024-01-14 08:11:19,468 [ee8156c5-6136-4ec5-812d-3226e59a8f74-groupManagement] INFO  server.RaftServerConfigKeys (ConfUtils.java:logGet(46)) - raft.server.log.appender.buffer.byte-limit = 8388608 (custom)
2024-01-14 08:11:19,468 [ee8156c5-6136-4ec5-812d-3226e59a8f74-groupManagement] INFO  server.RaftServerConfigKeys (ConfUtils.java:logGet(46)) - raft.server.log.statemachine.data.read.timeout = 1000ms (default)
2024-01-14 08:11:19,468 [ee8156c5-6136-4ec5-812d-3226e59a8f74-groupManagement] INFO  server.RaftServerConfigKeys (ConfUtils.java:logGet(46)) - raft.server.log.purge.preservation.log.num = 0 (default)
2024-01-14 08:11:19,470 [ee8156c5-6136-4ec5-812d-3226e59a8f74-groupManagement] INFO  server.RaftServerConfigKeys (ConfUtils.java:logGet(46)) - raft.server.log.segment.size.max = 67108864 (custom)
2024-01-14 08:11:19,472 [ee8156c5-6136-4ec5-812d-3226e59a8f74-groupManagement] INFO  server.RaftServerConfigKeys (ConfUtils.java:logGet(46)) - raft.server.log.segment.cache.num.max = 2 (custom)
2024-01-14 08:11:19,472 [ee8156c5-6136-4ec5-812d-3226e59a8f74-groupManagement] INFO  server.RaftServerConfigKeys (ConfUtils.java:logGet(46)) - raft.server.log.segment.cache.size.max = 200MB (=209715200) (default)
2024-01-14 08:11:19,473 [ee8156c5-6136-4ec5-812d-3226e59a8f74-groupManagement] INFO  server.RaftServerConfigKeys (ConfUtils.java:logGet(46)) - raft.server.log.appender.buffer.byte-limit = 8388608 (custom)
2024-01-14 08:11:19,473 [EventQueue-PipelineReportForPipelineReportHandler] INFO  pipeline.PipelineReportHandler (PipelineReportHandler.java:processPipelineReport(136)) - Opened pipeline PipelineID=68516f61-892b-490b-80f7-f56bd249ee0e
2024-01-14 08:11:19,482 [EventQueue-OpenPipelineForHealthyPipelineSafeModeRule] INFO  safemode.SCMSafeModeManager (HealthyPipelineSafeModeRule.java:process(140)) - SCM in safe mode. Healthy pipelines reported count is 0, required healthy pipeline reported count is 1
2024-01-14 08:11:19,482 [ee8156c5-6136-4ec5-812d-3226e59a8f74-groupManagement] INFO  util.AwaitToRun (AwaitToRun.java:start(81)) - Thread[ee8156c5-6136-4ec5-812d-3226e59a8f74@group-F56BD249EE0E-cacheEviction-AwaitToRun,5,main] started
2024-01-14 08:11:19,483 [ee8156c5-6136-4ec5-812d-3226e59a8f74-groupManagement] INFO  segmented.SegmentedRaftLogWorker (SegmentedRaftLogWorker.java:<init>(182)) - new ee8156c5-6136-4ec5-812d-3226e59a8f74@group-F56BD249EE0E-SegmentedRaftLogWorker for RaftStorageImpl:Storage Directory /home/runner/work/ozone/ozone/hadoop-ozone/integration-test/target/test-dir/MiniOzoneClusterImpl-d05e4a2c-755f-4d37-936b-30aea24b9535/datanode-3/data/ratis/68516f61-892b-490b-80f7-f56bd249ee0e
2024-01-14 08:11:19,483 [ee8156c5-6136-4ec5-812d-3226e59a8f74-groupManagement] INFO  server.RaftServerConfigKeys (ConfUtils.java:logGet(46)) - raft.server.log.queue.byte-limit = 4294967296 (custom)
2024-01-14 08:11:19,483 [ee8156c5-6136-4ec5-812d-3226e59a8f74-groupManagement] INFO  server.RaftServerConfigKeys (ConfUtils.java:logGet(46)) - raft.server.log.queue.element-limit = 1024 (custom)
2024-01-14 08:11:19,483 [ee8156c5-6136-4ec5-812d-3226e59a8f74-groupManagement] INFO  server.RaftServerConfigKeys (ConfUtils.java:logGet(46)) - raft.server.log.segment.size.max = 67108864 (custom)
2024-01-14 08:11:19,483 [ee8156c5-6136-4ec5-812d-3226e59a8f74-groupManagement] INFO  server.RaftServerConfigKeys (ConfUtils.java:logGet(46)) - raft.server.log.preallocated.size = 4194304 (custom)
2024-01-14 08:11:19,483 [ee8156c5-6136-4ec5-812d-3226e59a8f74-groupManagement] INFO  server.RaftServerConfigKeys (ConfUtils.java:logGet(46)) - raft.server.log.force.sync.num = 128 (default)
2024-01-14 08:11:19,483 [ee8156c5-6136-4ec5-812d-3226e59a8f74-groupManagement] INFO  server.RaftServerConfigKeys (ConfUtils.java:logGet(46)) - raft.server.log.statemachine.data.sync = true (default)
2024-01-14 08:11:19,483 [ee8156c5-6136-4ec5-812d-3226e59a8f74-groupManagement] INFO  server.RaftServerConfigKeys (ConfUtils.java:logGet(46)) - raft.server.log.statemachine.data.sync.timeout = 10s (default)
2024-01-14 08:11:19,483 [ee8156c5-6136-4ec5-812d-3226e59a8f74-groupManagement] INFO  server.RaftServerConfigKeys (ConfUtils.java:logGet(46)) - raft.server.log.statemachine.data.sync.timeout.retry = 0 (custom)
2024-01-14 08:11:19,484 [ee8156c5-6136-4ec5-812d-3226e59a8f74-groupManagement] INFO  server.RaftServerConfigKeys (ConfUtils.java:logGet(46)) - raft.server.log.write.buffer.size = 8388616 (custom)
2024-01-14 08:11:19,485 [ee8156c5-6136-4ec5-812d-3226e59a8f74-groupManagement] INFO  server.RaftServerConfigKeys (ConfUtils.java:logGet(46)) - raft.server.log.appender.buffer.byte-limit = 8388608 (custom)
2024-01-14 08:11:19,486 [ee8156c5-6136-4ec5-812d-3226e59a8f74-groupManagement] INFO  server.RaftServerConfigKeys (ConfUtils.java:logGet(46)) - raft.server.log.unsafe-flush.enabled = false (default)
2024-01-14 08:11:19,486 [ee8156c5-6136-4ec5-812d-3226e59a8f74-groupManagement] INFO  server.RaftServerConfigKeys (ConfUtils.java:logGet(46)) - raft.server.log.async-flush.enabled = false (default)
2024-01-14 08:11:19,486 [ee8156c5-6136-4ec5-812d-3226e59a8f74-groupManagement] INFO  server.RaftServerConfigKeys (ConfUtils.java:logGet(46)) - raft.server.log.statemachine.data.caching.enabled = true (custom)
2024-01-14 08:11:19,486 [ee8156c5-6136-4ec5-812d-3226e59a8f74-groupManagement] INFO  segmented.SegmentedRaftLogWorker (SegmentedRaftLogWorker.java:lambda$new$0(134)) - ee8156c5-6136-4ec5-812d-3226e59a8f74@group-F56BD249EE0E-SegmentedRaftLogWorker: flushIndex: setUnconditionally 0 -> -1
2024-01-14 08:11:19,486 [ee8156c5-6136-4ec5-812d-3226e59a8f74-groupManagement] INFO  segmented.SegmentedRaftLogWorker (SegmentedRaftLogWorker.java:lambda$new$0(134)) - ee8156c5-6136-4ec5-812d-3226e59a8f74@group-F56BD249EE0E-SegmentedRaftLogWorker: safeCacheEvictIndex: setUnconditionally 0 -> -1
2024-01-14 08:11:19,486 [ee8156c5-6136-4ec5-812d-3226e59a8f74-groupManagement] INFO  server.RaftServer$Division (RaftServerImpl.java:start(396)) - ee8156c5-6136-4ec5-812d-3226e59a8f74@group-F56BD249EE0E: start as a follower, conf=-1: peers:[ee8156c5-6136-4ec5-812d-3226e59a8f74|10.1.0.100:15041]|listeners:[], old=null
2024-01-14 08:11:19,486 [ee8156c5-6136-4ec5-812d-3226e59a8f74-groupManagement] INFO  server.RaftServer$Division (RaftServerImpl.java:setRole(383)) - ee8156c5-6136-4ec5-812d-3226e59a8f74@group-F56BD249EE0E: changes role from      null to FOLLOWER at term 0 for startAsFollower
2024-01-14 08:11:19,487 [ee8156c5-6136-4ec5-812d-3226e59a8f74-groupManagement] INFO  impl.RoleInfo (RoleInfo.java:updateAndGet(139)) - ee8156c5-6136-4ec5-812d-3226e59a8f74: start ee8156c5-6136-4ec5-812d-3226e59a8f74@group-F56BD249EE0E-FollowerState
2024-01-14 08:11:19,487 [ee8156c5-6136-4ec5-812d-3226e59a8f74-groupManagement] INFO  util.JmxRegister (JmxRegister.java:tryRegister(44)) - Successfully registered JMX Bean with object name Ratis:service=RaftServer,group=group-F56BD249EE0E,id=ee8156c5-6136-4ec5-812d-3226e59a8f74
2024-01-14 08:11:19,487 [ee8156c5-6136-4ec5-812d-3226e59a8f74-groupManagement] INFO  server.RaftServerConfigKeys (ConfUtils.java:logGet(46)) - raft.server.snapshot.trigger-when-stop.enabled = true (default)
2024-01-14 08:11:19,487 [ee8156c5-6136-4ec5-812d-3226e59a8f74-groupManagement] INFO  server.RaftServerConfigKeys (ConfUtils.java:logGet(46)) - raft.server.snapshot.auto.trigger.enabled = true (custom)
2024-01-14 08:11:19,487 [ee8156c5-6136-4ec5-812d-3226e59a8f74-groupManagement] INFO  server.RaftServerConfigKeys (ConfUtils.java:logGet(46)) - raft.server.snapshot.auto.trigger.threshold = 10000 (custom)
2024-01-14 08:11:19,487 [ee8156c5-6136-4ec5-812d-3226e59a8f74-groupManagement] INFO  server.RaftServerConfigKeys (ConfUtils.java:logGet(46)) - raft.server.snapshot.retention.file.num = 5 (custom)
2024-01-14 08:11:19,487 [ee8156c5-6136-4ec5-812d-3226e59a8f74-groupManagement] INFO  server.RaftServerConfigKeys (ConfUtils.java:logGet(46)) - raft.server.log.purge.upto.snapshot.index = false (default)
2024-01-14 08:11:19,488 [ee8156c5-6136-4ec5-812d-3226e59a8f74@group-F56BD249EE0E-FollowerState] INFO  server.RaftServerConfigKeys (ConfUtils.java:logFallback(53)) - raft.server.rpc.first-election.timeout.min = 5s (fallback to raft.server.rpc.timeout.min)
2024-01-14 08:11:19,488 [ee8156c5-6136-4ec5-812d-3226e59a8f74@group-F56BD249EE0E-FollowerState] INFO  server.RaftServerConfigKeys (ConfUtils.java:logFallback(53)) - raft.server.rpc.first-election.timeout.max = 5200ms (fallback to raft.server.rpc.timeout.max)
2024-01-14 08:11:19,489 [ee8156c5-6136-4ec5-812d-3226e59a8f74-PipelineCommandHandlerThread-0] INFO  ratis.XceiverServerRatis (XceiverServerRatis.java:addGroup(842)) - Created group PipelineID=68516f61-892b-490b-80f7-f56bd249ee0e
2024-01-14 08:11:19,489 [ee8156c5-6136-4ec5-812d-3226e59a8f74-PipelineCommandHandlerThread-0] INFO  commandhandler.CreatePipelineCommandHandler (CreatePipelineCommandHandler.java:lambda$handle$2(124)) - Created Pipeline RATIS ONE PipelineID=68516f61-892b-490b-80f7-f56bd249ee0e.
2024-01-14 08:11:19,610 [main] INFO  ozone.MiniOzoneClusterImpl (MiniOzoneClusterImpl.java:lambda$waitForClusterToBeReady$0(229)) - Nodes are ready. Got 5 of 5 DN Heartbeats.
2024-01-14 08:11:19,610 [main] INFO  ozone.MiniOzoneClusterImpl (MiniOzoneClusterImpl.java:lambda$waitForClusterToBeReady$0(232)) - Waiting for cluster to exit safe mode
2024-01-14 08:11:19,610 [main] INFO  ozone.MiniOzoneClusterImpl (MiniOzoneClusterImpl.java:lambda$waitForClusterToBeReady$0(234)) - SCM became leader
2024-01-14 08:11:19,614 [577443f1-fefe-41e6-ac50-50037dc50964-PipelineCommandHandlerThread-0] INFO  commandhandler.CreatePipelineCommandHandler (CreatePipelineCommandHandler.java:lambda$handle$2(124)) - Created Pipeline RATIS THREE PipelineID=a90a9068-255c-47f4-bcab-cc814c894a60.
2024-01-14 08:11:19,615 [577443f1-fefe-41e6-ac50-50037dc50964-PipelineCommandHandlerThread-0] INFO  server.RaftServer (RaftServerProxy.java:addNew(100)) - 577443f1-fefe-41e6-ac50-50037dc50964: addNew group-5520AA21A72D:[58733d94-cb44-4f93-b9bc-90d3803fc47e|10.1.0.100:15023, 0ff4ee77-f176-4c42-9b93-2e8119131049|10.1.0.100:15032, 577443f1-fefe-41e6-ac50-50037dc50964|10.1.0.100:15014] returns group-5520AA21A72D:java.util.concurrent.CompletableFuture@7ba8f67b[Not completed]
2024-01-14 08:11:19,617 [577443f1-fefe-41e6-ac50-50037dc50964-groupManagement] INFO  server.RaftServer$Division (RaftServerImpl.java:<init>(256)) - 577443f1-fefe-41e6-ac50-50037dc50964: new RaftServerImpl for group-5520AA21A72D:[58733d94-cb44-4f93-b9bc-90d3803fc47e|10.1.0.100:15023, 0ff4ee77-f176-4c42-9b93-2e8119131049|10.1.0.100:15032, 577443f1-fefe-41e6-ac50-50037dc50964|10.1.0.100:15014] with ContainerStateMachine:uninitialized
2024-01-14 08:11:19,618 [577443f1-fefe-41e6-ac50-50037dc50964-groupManagement] INFO  server.RaftServerConfigKeys (ConfUtils.java:logGet(46)) - raft.server.rpc.timeout.min = 5s (custom)
2024-01-14 08:11:19,618 [577443f1-fefe-41e6-ac50-50037dc50964-groupManagement] INFO  server.RaftServerConfigKeys (ConfUtils.java:logGet(46)) - raft.server.rpc.timeout.max = 5200ms (custom)
2024-01-14 08:11:19,618 [577443f1-fefe-41e6-ac50-50037dc50964-groupManagement] INFO  server.RaftServerConfigKeys (ConfUtils.java:logGet(46)) - raft.server.rpc.sleep.time = 25ms (default)
2024-01-14 08:11:19,618 [577443f1-fefe-41e6-ac50-50037dc50964-groupManagement] INFO  server.RaftServerConfigKeys (ConfUtils.java:logGet(46)) - raft.server.rpc.slowness.timeout = 300000ms (custom)
2024-01-14 08:11:19,618 [577443f1-fefe-41e6-ac50-50037dc50964-groupManagement] INFO  server.RaftServerConfigKeys (ConfUtils.java:logGet(46)) - raft.server.leaderelection.leader.step-down.wait-time = 10s (default)
2024-01-14 08:11:19,618 [577443f1-fefe-41e6-ac50-50037dc50964-groupManagement] INFO  server.RaftServerConfigKeys (ConfUtils.java:logGet(46)) - raft.server.leaderelection.member.majority-add = false (default)
2024-01-14 08:11:19,618 [577443f1-fefe-41e6-ac50-50037dc50964-groupManagement] INFO  server.RaftServerConfigKeys (ConfUtils.java:logGet(46)) - raft.server.sleep.deviation.threshold = 300ms (default)
2024-01-14 08:11:19,618 [577443f1-fefe-41e6-ac50-50037dc50964-groupManagement] INFO  server.RaftServer$Division (ServerState.java:<init>(113)) - 577443f1-fefe-41e6-ac50-50037dc50964@group-5520AA21A72D: ConfigurationManager, init=-1: peers:[58733d94-cb44-4f93-b9bc-90d3803fc47e|10.1.0.100:15023, 0ff4ee77-f176-4c42-9b93-2e8119131049|10.1.0.100:15032, 577443f1-fefe-41e6-ac50-50037dc50964|10.1.0.100:15014]|listeners:[], old=null, confs=<EMPTY_MAP>
2024-01-14 08:11:19,618 [577443f1-fefe-41e6-ac50-50037dc50964-groupManagement] INFO  server.RaftServerConfigKeys (ConfUtils.java:logGet(46)) - raft.server.notification.no-leader.timeout = 300000ms (custom)
2024-01-14 08:11:19,618 [577443f1-fefe-41e6-ac50-50037dc50964-groupManagement] INFO  server.RaftServerConfigKeys (ConfUtils.java:logGet(46)) - raft.server.read.timeout = 10s (default)
2024-01-14 08:11:19,618 [577443f1-fefe-41e6-ac50-50037dc50964-groupManagement] INFO  server.RaftServerConfigKeys (ConfUtils.java:logGet(46)) - raft.server.retrycache.expirytime = 600000ms (custom)
2024-01-14 08:11:19,618 [577443f1-fefe-41e6-ac50-50037dc50964-groupManagement] INFO  server.RaftServerConfigKeys (ConfUtils.java:logGet(46)) - raft.server.retrycache.statistics.expirytime = 100ms (default)
2024-01-14 08:11:19,619 [577443f1-fefe-41e6-ac50-50037dc50964-groupManagement] INFO  server.RaftServerConfigKeys (ConfUtils.java:logGet(46)) - raft.server.read.option = DEFAULT (default)
2024-01-14 08:11:19,619 [577443f1-fefe-41e6-ac50-50037dc50964-groupManagement] INFO  server.RaftServerConfigKeys (ConfUtils.java:logGet(46)) - raft.server.read.read-after-write-consistent.write-index-cache.expiry-time = 60s (default)
2024-01-14 08:11:19,621 [577443f1-fefe-41e6-ac50-50037dc50964-groupManagement] INFO  server.RaftServerConfigKeys (ConfUtils.java:logGet(46)) - raft.server.rpc.request.timeout = 3000ms (default)
2024-01-14 08:11:19,621 [577443f1-fefe-41e6-ac50-50037dc50964-groupManagement] INFO  server.RaftServerConfigKeys (ConfUtils.java:logGet(46)) - raft.server.log.appender.install.snapshot.enabled = false (custom)
2024-01-14 08:11:19,621 [577443f1-fefe-41e6-ac50-50037dc50964-groupManagement] INFO  server.RaftServerConfigKeys (ConfUtils.java:logGet(46)) - raft.server.threadpool.server.cached = true (default)
2024-01-14 08:11:19,621 [577443f1-fefe-41e6-ac50-50037dc50964-groupManagement] INFO  server.RaftServerConfigKeys (ConfUtils.java:logGet(46)) - raft.server.threadpool.server.size = 0 (default)
2024-01-14 08:11:19,621 [577443f1-fefe-41e6-ac50-50037dc50964-groupManagement] INFO  server.RaftServerConfigKeys (ConfUtils.java:logGet(46)) - raft.server.threadpool.client.cached = true (default)
2024-01-14 08:11:19,621 [577443f1-fefe-41e6-ac50-50037dc50964-groupManagement] INFO  server.RaftServerConfigKeys (ConfUtils.java:logGet(46)) - raft.server.threadpool.client.size = 0 (default)
2024-01-14 08:11:19,621 [577443f1-fefe-41e6-ac50-50037dc50964-groupManagement] INFO  server.RaftServerConfigKeys (ConfUtils.java:logGet(46)) - raft.server.storage.free-space.min = 0MB (=0) (default)
2024-01-14 08:11:19,621 [577443f1-fefe-41e6-ac50-50037dc50964-groupManagement] INFO  server.RaftServerConfigKeys (ConfUtils.java:logGet(46)) - raft.server.log.corruption.policy = EXCEPTION (default)
2024-01-14 08:11:19,622 [577443f1-fefe-41e6-ac50-50037dc50964-groupManagement] INFO  server.RaftServerConfigKeys (ConfUtils.java:logGet(46)) - raft.server.storage.dir = [/home/runner/work/ozone/ozone/hadoop-ozone/integration-test/target/test-dir/MiniOzoneClusterImpl-d05e4a2c-755f-4d37-936b-30aea24b9535/datanode-0/data/ratis] (custom)
2024-01-14 08:11:19,622 [577443f1-fefe-41e6-ac50-50037dc50964-groupManagement] INFO  storage.RaftStorageDirectory (RaftStorageDirectoryImpl.java:analyzeStorage(138)) - The storage directory /home/runner/work/ozone/ozone/hadoop-ozone/integration-test/target/test-dir/MiniOzoneClusterImpl-d05e4a2c-755f-4d37-936b-30aea24b9535/datanode-0/data/ratis/5c66e7de-3243-461f-9b96-5520aa21a72d does not exist. Creating ...
2024-01-14 08:11:19,627 [577443f1-fefe-41e6-ac50-50037dc50964-groupManagement] INFO  storage.RaftStorageDirectory (RaftStorageDirectoryImpl.java:tryLock(228)) - Lock on /home/runner/work/ozone/ozone/hadoop-ozone/integration-test/target/test-dir/MiniOzoneClusterImpl-d05e4a2c-755f-4d37-936b-30aea24b9535/datanode-0/data/ratis/5c66e7de-3243-461f-9b96-5520aa21a72d/in_use.lock acquired by nodename 49070@fv-az737-837
2024-01-14 08:11:19,627 [58733d94-cb44-4f93-b9bc-90d3803fc47e-PipelineCommandHandlerThread-0] INFO  commandhandler.CreatePipelineCommandHandler (CreatePipelineCommandHandler.java:lambda$handle$2(124)) - Created Pipeline RATIS THREE PipelineID=a90a9068-255c-47f4-bcab-cc814c894a60.
2024-01-14 08:11:19,627 [58733d94-cb44-4f93-b9bc-90d3803fc47e-PipelineCommandHandlerThread-0] INFO  server.RaftServer (RaftServerProxy.java:addNew(100)) - 58733d94-cb44-4f93-b9bc-90d3803fc47e: addNew group-5520AA21A72D:[58733d94-cb44-4f93-b9bc-90d3803fc47e|10.1.0.100:15023, 0ff4ee77-f176-4c42-9b93-2e8119131049|10.1.0.100:15032, 577443f1-fefe-41e6-ac50-50037dc50964|10.1.0.100:15014] returns group-5520AA21A72D:java.util.concurrent.CompletableFuture@5df204b[Not completed]
2024-01-14 08:11:19,629 [58733d94-cb44-4f93-b9bc-90d3803fc47e-groupManagement] INFO  server.RaftServer$Division (RaftServerImpl.java:<init>(256)) - 58733d94-cb44-4f93-b9bc-90d3803fc47e: new RaftServerImpl for group-5520AA21A72D:[58733d94-cb44-4f93-b9bc-90d3803fc47e|10.1.0.100:15023, 0ff4ee77-f176-4c42-9b93-2e8119131049|10.1.0.100:15032, 577443f1-fefe-41e6-ac50-50037dc50964|10.1.0.100:15014] with ContainerStateMachine:uninitialized
2024-01-14 08:11:19,629 [58733d94-cb44-4f93-b9bc-90d3803fc47e-groupManagement] INFO  server.RaftServerConfigKeys (ConfUtils.java:logGet(46)) - raft.server.rpc.timeout.min = 5s (custom)
2024-01-14 08:11:19,629 [58733d94-cb44-4f93-b9bc-90d3803fc47e-groupManagement] INFO  server.RaftServerConfigKeys (ConfUtils.java:logGet(46)) - raft.server.rpc.timeout.max = 5200ms (custom)
2024-01-14 08:11:19,629 [58733d94-cb44-4f93-b9bc-90d3803fc47e-groupManagement] INFO  server.RaftServerConfigKeys (ConfUtils.java:logGet(46)) - raft.server.rpc.sleep.time = 25ms (default)
2024-01-14 08:11:19,629 [58733d94-cb44-4f93-b9bc-90d3803fc47e-groupManagement] INFO  server.RaftServerConfigKeys (ConfUtils.java:logGet(46)) - raft.server.rpc.slowness.timeout = 300000ms (custom)
2024-01-14 08:11:19,629 [58733d94-cb44-4f93-b9bc-90d3803fc47e-groupManagement] INFO  server.RaftServerConfigKeys (ConfUtils.java:logGet(46)) - raft.server.leaderelection.leader.step-down.wait-time = 10s (default)
2024-01-14 08:11:19,629 [58733d94-cb44-4f93-b9bc-90d3803fc47e-groupManagement] INFO  server.RaftServerConfigKeys (ConfUtils.java:logGet(46)) - raft.server.leaderelection.member.majority-add = false (default)
2024-01-14 08:11:19,629 [58733d94-cb44-4f93-b9bc-90d3803fc47e-groupManagement] INFO  server.RaftServerConfigKeys (ConfUtils.java:logGet(46)) - raft.server.sleep.deviation.threshold = 300ms (default)
2024-01-14 08:11:19,629 [58733d94-cb44-4f93-b9bc-90d3803fc47e-groupManagement] INFO  server.RaftServer$Division (ServerState.java:<init>(113)) - 58733d94-cb44-4f93-b9bc-90d3803fc47e@group-5520AA21A72D: ConfigurationManager, init=-1: peers:[58733d94-cb44-4f93-b9bc-90d3803fc47e|10.1.0.100:15023, 0ff4ee77-f176-4c42-9b93-2e8119131049|10.1.0.100:15032, 577443f1-fefe-41e6-ac50-50037dc50964|10.1.0.100:15014]|listeners:[], old=null, confs=<EMPTY_MAP>
2024-01-14 08:11:19,629 [58733d94-cb44-4f93-b9bc-90d3803fc47e-groupManagement] INFO  server.RaftServerConfigKeys (ConfUtils.java:logGet(46)) - raft.server.notification.no-leader.timeout = 300000ms (custom)
2024-01-14 08:11:19,629 [58733d94-cb44-4f93-b9bc-90d3803fc47e-groupManagement] INFO  server.RaftServerConfigKeys (ConfUtils.java:logGet(46)) - raft.server.read.timeout = 10s (default)
2024-01-14 08:11:19,630 [58733d94-cb44-4f93-b9bc-90d3803fc47e-groupManagement] INFO  server.RaftServerConfigKeys (ConfUtils.java:logGet(46)) - raft.server.retrycache.expirytime = 600000ms (custom)
2024-01-14 08:11:19,630 [58733d94-cb44-4f93-b9bc-90d3803fc47e-groupManagement] INFO  server.RaftServerConfigKeys (ConfUtils.java:logGet(46)) - raft.server.retrycache.statistics.expirytime = 100ms (default)
2024-01-14 08:11:19,630 [58733d94-cb44-4f93-b9bc-90d3803fc47e-groupManagement] INFO  server.RaftServerConfigKeys (ConfUtils.java:logGet(46)) - raft.server.read.option = DEFAULT (default)
2024-01-14 08:11:19,630 [58733d94-cb44-4f93-b9bc-90d3803fc47e-groupManagement] INFO  server.RaftServerConfigKeys (ConfUtils.java:logGet(46)) - raft.server.read.read-after-write-consistent.write-index-cache.expiry-time = 60s (default)
2024-01-14 08:11:19,633 [50de051d-3e76-4053-aa92-929931ae6eb2-PipelineCommandHandlerThread-0] INFO  server.RaftServer (RaftServerProxy.java:addNew(100)) - 50de051d-3e76-4053-aa92-929931ae6eb2: addNew group-20C315240F1A:[50de051d-3e76-4053-aa92-929931ae6eb2|10.1.0.100:15050] returns group-20C315240F1A:java.util.concurrent.CompletableFuture@7dc25528[Not completed]
2024-01-14 08:11:19,634 [0ff4ee77-f176-4c42-9b93-2e8119131049-PipelineCommandHandlerThread-0] INFO  commandhandler.CreatePipelineCommandHandler (CreatePipelineCommandHandler.java:lambda$handle$2(124)) - Created Pipeline RATIS THREE PipelineID=a90a9068-255c-47f4-bcab-cc814c894a60.
2024-01-14 08:11:19,634 [58733d94-cb44-4f93-b9bc-90d3803fc47e-groupManagement] INFO  server.RaftServerConfigKeys (ConfUtils.java:logGet(46)) - raft.server.rpc.request.timeout = 3000ms (default)
2024-01-14 08:11:19,634 [0ff4ee77-f176-4c42-9b93-2e8119131049-PipelineCommandHandlerThread-0] INFO  server.RaftServer (RaftServerProxy.java:addNew(100)) - 0ff4ee77-f176-4c42-9b93-2e8119131049: addNew group-5520AA21A72D:[58733d94-cb44-4f93-b9bc-90d3803fc47e|10.1.0.100:15023, 0ff4ee77-f176-4c42-9b93-2e8119131049|10.1.0.100:15032, 577443f1-fefe-41e6-ac50-50037dc50964|10.1.0.100:15014] returns group-5520AA21A72D:java.util.concurrent.CompletableFuture@74aefee8[Not completed]
2024-01-14 08:11:19,634 [58733d94-cb44-4f93-b9bc-90d3803fc47e-groupManagement] INFO  server.RaftServerConfigKeys (ConfUtils.java:logGet(46)) - raft.server.log.appender.install.snapshot.enabled = false (custom)
2024-01-14 08:11:19,634 [58733d94-cb44-4f93-b9bc-90d3803fc47e-groupManagement] INFO  server.RaftServerConfigKeys (ConfUtils.java:logGet(46)) - raft.server.threadpool.server.cached = true (default)
2024-01-14 08:11:19,634 [58733d94-cb44-4f93-b9bc-90d3803fc47e-groupManagement] INFO  server.RaftServerConfigKeys (ConfUtils.java:logGet(46)) - raft.server.threadpool.server.size = 0 (default)
2024-01-14 08:11:19,635 [58733d94-cb44-4f93-b9bc-90d3803fc47e-groupManagement] INFO  server.RaftServerConfigKeys (ConfUtils.java:logGet(46)) - raft.server.threadpool.client.cached = true (default)
2024-01-14 08:11:19,635 [58733d94-cb44-4f93-b9bc-90d3803fc47e-groupManagement] INFO  server.RaftServerConfigKeys (ConfUtils.java:logGet(46)) - raft.server.threadpool.client.size = 0 (default)
2024-01-14 08:11:19,635 [58733d94-cb44-4f93-b9bc-90d3803fc47e-groupManagement] INFO  server.RaftServerConfigKeys (ConfUtils.java:logGet(46)) - raft.server.storage.free-space.min = 0MB (=0) (default)
2024-01-14 08:11:19,635 [58733d94-cb44-4f93-b9bc-90d3803fc47e-groupManagement] INFO  server.RaftServerConfigKeys (ConfUtils.java:logGet(46)) - raft.server.log.corruption.policy = EXCEPTION (default)
2024-01-14 08:11:19,635 [58733d94-cb44-4f93-b9bc-90d3803fc47e-groupManagement] INFO  server.RaftServerConfigKeys (ConfUtils.java:logGet(46)) - raft.server.storage.dir = [/home/runner/work/ozone/ozone/hadoop-ozone/integration-test/target/test-dir/MiniOzoneClusterImpl-d05e4a2c-755f-4d37-936b-30aea24b9535/datanode-1/data/ratis] (custom)
2024-01-14 08:11:19,635 [58733d94-cb44-4f93-b9bc-90d3803fc47e-groupManagement] INFO  storage.RaftStorageDirectory (RaftStorageDirectoryImpl.java:analyzeStorage(138)) - The storage directory /home/runner/work/ozone/ozone/hadoop-ozone/integration-test/target/test-dir/MiniOzoneClusterImpl-d05e4a2c-755f-4d37-936b-30aea24b9535/datanode-1/data/ratis/5c66e7de-3243-461f-9b96-5520aa21a72d does not exist. Creating ...
2024-01-14 08:11:19,635 [0ff4ee77-f176-4c42-9b93-2e8119131049-groupManagement] INFO  server.RaftServer$Division (RaftServerImpl.java:<init>(256)) - 0ff4ee77-f176-4c42-9b93-2e8119131049: new RaftServerImpl for group-5520AA21A72D:[58733d94-cb44-4f93-b9bc-90d3803fc47e|10.1.0.100:15023, 0ff4ee77-f176-4c42-9b93-2e8119131049|10.1.0.100:15032, 577443f1-fefe-41e6-ac50-50037dc50964|10.1.0.100:15014] with ContainerStateMachine:uninitialized
2024-01-14 08:11:19,635 [0ff4ee77-f176-4c42-9b93-2e8119131049-groupManagement] INFO  server.RaftServerConfigKeys (ConfUtils.java:logGet(46)) - raft.server.rpc.timeout.min = 5s (custom)
2024-01-14 08:11:19,635 [0ff4ee77-f176-4c42-9b93-2e8119131049-groupManagement] INFO  server.RaftServerConfigKeys (ConfUtils.java:logGet(46)) - raft.server.rpc.timeout.max = 5200ms (custom)
2024-01-14 08:11:19,635 [0ff4ee77-f176-4c42-9b93-2e8119131049-groupManagement] INFO  server.RaftServerConfigKeys (ConfUtils.java:logGet(46)) - raft.server.rpc.sleep.time = 25ms (default)
2024-01-14 08:11:19,636 [0ff4ee77-f176-4c42-9b93-2e8119131049-groupManagement] INFO  server.RaftServerConfigKeys (ConfUtils.java:logGet(46)) - raft.server.rpc.slowness.timeout = 300000ms (custom)
2024-01-14 08:11:19,636 [0ff4ee77-f176-4c42-9b93-2e8119131049-groupManagement] INFO  server.RaftServerConfigKeys (ConfUtils.java:logGet(46)) - raft.server.leaderelection.leader.step-down.wait-time = 10s (default)
2024-01-14 08:11:19,636 [0ff4ee77-f176-4c42-9b93-2e8119131049-groupManagement] INFO  server.RaftServerConfigKeys (ConfUtils.java:logGet(46)) - raft.server.leaderelection.member.majority-add = false (default)
2024-01-14 08:11:19,636 [0ff4ee77-f176-4c42-9b93-2e8119131049-groupManagement] INFO  server.RaftServerConfigKeys (ConfUtils.java:logGet(46)) - raft.server.sleep.deviation.threshold = 300ms (default)
2024-01-14 08:11:19,636 [0ff4ee77-f176-4c42-9b93-2e8119131049-groupManagement] INFO  server.RaftServer$Division (ServerState.java:<init>(113)) - 0ff4ee77-f176-4c42-9b93-2e8119131049@group-5520AA21A72D: ConfigurationManager, init=-1: peers:[58733d94-cb44-4f93-b9bc-90d3803fc47e|10.1.0.100:15023, 0ff4ee77-f176-4c42-9b93-2e8119131049|10.1.0.100:15032, 577443f1-fefe-41e6-ac50-50037dc50964|10.1.0.100:15014]|listeners:[], old=null, confs=<EMPTY_MAP>
2024-01-14 08:11:19,636 [0ff4ee77-f176-4c42-9b93-2e8119131049-groupManagement] INFO  server.RaftServerConfigKeys (ConfUtils.java:logGet(46)) - raft.server.notification.no-leader.timeout = 300000ms (custom)
2024-01-14 08:11:19,638 [0ff4ee77-f176-4c42-9b93-2e8119131049-groupManagement] INFO  server.RaftServerConfigKeys (ConfUtils.java:logGet(46)) - raft.server.read.timeout = 10s (default)
2024-01-14 08:11:19,638 [0ff4ee77-f176-4c42-9b93-2e8119131049-groupManagement] INFO  server.RaftServerConfigKeys (ConfUtils.java:logGet(46)) - raft.server.retrycache.expirytime = 600000ms (custom)
2024-01-14 08:11:19,638 [0ff4ee77-f176-4c42-9b93-2e8119131049-groupManagement] INFO  server.RaftServerConfigKeys (ConfUtils.java:logGet(46)) - raft.server.retrycache.statistics.expirytime = 100ms (default)
2024-01-14 08:11:19,638 [0ff4ee77-f176-4c42-9b93-2e8119131049-groupManagement] INFO  server.RaftServerConfigKeys (ConfUtils.java:logGet(46)) - raft.server.read.option = DEFAULT (default)
2024-01-14 08:11:19,638 [0ff4ee77-f176-4c42-9b93-2e8119131049-groupManagement] INFO  server.RaftServerConfigKeys (ConfUtils.java:logGet(46)) - raft.server.read.read-after-write-consistent.write-index-cache.expiry-time = 60s (default)
2024-01-14 08:11:19,639 [577443f1-fefe-41e6-ac50-50037dc50964-groupManagement] INFO  storage.RaftStorage (RaftStorageImpl.java:format(99)) - Storage directory /home/runner/work/ozone/ozone/hadoop-ozone/integration-test/target/test-dir/MiniOzoneClusterImpl-d05e4a2c-755f-4d37-936b-30aea24b9535/datanode-0/data/ratis/5c66e7de-3243-461f-9b96-5520aa21a72d has been successfully formatted.
2024-01-14 08:11:19,639 [577443f1-fefe-41e6-ac50-50037dc50964-groupManagement] WARN  util.FileUtils (LogUtils.java:supplyAndLog(63)) - Failed to Files.newInputStream /home/runner/work/ozone/ozone/hadoop-ozone/integration-test/target/test-dir/MiniOzoneClusterImpl-d05e4a2c-755f-4d37-936b-30aea24b9535/datanode-0/data/ratis/5c66e7de-3243-461f-9b96-5520aa21a72d/current/raft-meta.conf with options []: java.nio.file.NoSuchFileException: /home/runner/work/ozone/ozone/hadoop-ozone/integration-test/target/test-dir/MiniOzoneClusterImpl-d05e4a2c-755f-4d37-936b-30aea24b9535/datanode-0/data/ratis/5c66e7de-3243-461f-9b96-5520aa21a72d/current/raft-meta.conf
2024-01-14 08:11:19,639 [577443f1-fefe-41e6-ac50-50037dc50964-groupManagement] INFO  ratis.ContainerStateMachine (ContainerStateMachine.java:loadSnapshot(287)) - group-5520AA21A72D: The snapshot info is null. Setting the last applied index to:(t:0, i:~)
2024-01-14 08:11:19,639 [577443f1-fefe-41e6-ac50-50037dc50964-groupManagement] INFO  server.RaftServerConfigKeys (ConfUtils.java:logGet(46)) - raft.server.log.use.memory = false (default)
2024-01-14 08:11:19,640 [577443f1-fefe-41e6-ac50-50037dc50964-groupManagement] INFO  server.RaftServerConfigKeys (ConfUtils.java:logGet(46)) - raft.server.log.purge.gap = 1000000 (custom)
2024-01-14 08:11:19,640 [577443f1-fefe-41e6-ac50-50037dc50964-groupManagement] INFO  server.RaftServerConfigKeys (ConfUtils.java:logGet(46)) - raft.server.log.appender.buffer.byte-limit = 8388608 (custom)
2024-01-14 08:11:19,641 [577443f1-fefe-41e6-ac50-50037dc50964-groupManagement] INFO  server.RaftServerConfigKeys (ConfUtils.java:logGet(46)) - raft.server.log.statemachine.data.read.timeout = 1000ms (default)
2024-01-14 08:11:19,641 [577443f1-fefe-41e6-ac50-50037dc50964-groupManagement] INFO  server.RaftServerConfigKeys (ConfUtils.java:logGet(46)) - raft.server.log.purge.preservation.log.num = 0 (default)
2024-01-14 08:11:19,642 [50de051d-3e76-4053-aa92-929931ae6eb2-groupManagement] INFO  server.RaftServer$Division (RaftServerImpl.java:<init>(256)) - 50de051d-3e76-4053-aa92-929931ae6eb2: new RaftServerImpl for group-20C315240F1A:[50de051d-3e76-4053-aa92-929931ae6eb2|10.1.0.100:15050] with ContainerStateMachine:uninitialized
2024-01-14 08:11:19,653 [50de051d-3e76-4053-aa92-929931ae6eb2-groupManagement] INFO  server.RaftServerConfigKeys (ConfUtils.java:logGet(46)) - raft.server.rpc.timeout.min = 5s (custom)
2024-01-14 08:11:19,653 [50de051d-3e76-4053-aa92-929931ae6eb2-groupManagement] INFO  server.RaftServerConfigKeys (ConfUtils.java:logGet(46)) - raft.server.rpc.timeout.max = 5200ms (custom)
2024-01-14 08:11:19,653 [50de051d-3e76-4053-aa92-929931ae6eb2-groupManagement] INFO  server.RaftServerConfigKeys (ConfUtils.java:logGet(46)) - raft.server.rpc.sleep.time = 25ms (default)
2024-01-14 08:11:19,653 [50de051d-3e76-4053-aa92-929931ae6eb2-groupManagement] INFO  server.RaftServerConfigKeys (ConfUtils.java:logGet(46)) - raft.server.rpc.slowness.timeout = 300000ms (custom)
2024-01-14 08:11:19,653 [50de051d-3e76-4053-aa92-929931ae6eb2-groupManagement] INFO  server.RaftServerConfigKeys (ConfUtils.java:logGet(46)) - raft.server.leaderelection.leader.step-down.wait-time = 10s (default)
2024-01-14 08:11:19,638 [58733d94-cb44-4f93-b9bc-90d3803fc47e-groupManagement] INFO  storage.RaftStorageDirectory (RaftStorageDirectoryImpl.java:tryLock(228)) - Lock on /home/runner/work/ozone/ozone/hadoop-ozone/integration-test/target/test-dir/MiniOzoneClusterImpl-d05e4a2c-755f-4d37-936b-30aea24b9535/datanode-1/data/ratis/5c66e7de-3243-461f-9b96-5520aa21a72d/in_use.lock acquired by nodename 49070@fv-az737-837
2024-01-14 08:11:19,652 [577443f1-fefe-41e6-ac50-50037dc50964-groupManagement] INFO  server.RaftServerConfigKeys (ConfUtils.java:logGet(46)) - raft.server.log.segment.size.max = 67108864 (custom)
2024-01-14 08:11:19,650 [0ff4ee77-f176-4c42-9b93-2e8119131049-groupManagement] INFO  server.RaftServerConfigKeys (ConfUtils.java:logGet(46)) - raft.server.rpc.request.timeout = 3000ms (default)
2024-01-14 08:11:19,654 [0ff4ee77-f176-4c42-9b93-2e8119131049-groupManagement] INFO  server.RaftServerConfigKeys (ConfUtils.java:logGet(46)) - raft.server.log.appender.install.snapshot.enabled = false (custom)
2024-01-14 08:11:19,654 [0ff4ee77-f176-4c42-9b93-2e8119131049-groupManagement] INFO  server.RaftServerConfigKeys (ConfUtils.java:logGet(46)) - raft.server.threadpool.server.cached = true (default)
2024-01-14 08:11:19,654 [0ff4ee77-f176-4c42-9b93-2e8119131049-groupManagement] INFO  server.RaftServerConfigKeys (ConfUtils.java:logGet(46)) - raft.server.threadpool.server.size = 0 (default)
2024-01-14 08:11:19,654 [0ff4ee77-f176-4c42-9b93-2e8119131049-groupManagement] INFO  server.RaftServerConfigKeys (ConfUtils.java:logGet(46)) - raft.server.threadpool.client.cached = true (default)
2024-01-14 08:11:19,654 [0ff4ee77-f176-4c42-9b93-2e8119131049-groupManagement] INFO  server.RaftServerConfigKeys (ConfUtils.java:logGet(46)) - raft.server.threadpool.client.size = 0 (default)
2024-01-14 08:11:19,648 [EventQueue-OpenPipelineForHealthyPipelineSafeModeRule] INFO  safemode.SCMSafeModeManager (HealthyPipelineSafeModeRule.java:process(140)) - SCM in safe mode. Healthy pipelines reported count is 0, required healthy pipeline reported count is 1
2024-01-14 08:11:19,654 [0ff4ee77-f176-4c42-9b93-2e8119131049-groupManagement] INFO  server.RaftServerConfigKeys (ConfUtils.java:logGet(46)) - raft.server.storage.free-space.min = 0MB (=0) (default)
2024-01-14 08:11:19,655 [0ff4ee77-f176-4c42-9b93-2e8119131049-groupManagement] INFO  server.RaftServerConfigKeys (ConfUtils.java:logGet(46)) - raft.server.log.corruption.policy = EXCEPTION (default)
2024-01-14 08:11:19,655 [0ff4ee77-f176-4c42-9b93-2e8119131049-groupManagement] INFO  server.RaftServerConfigKeys (ConfUtils.java:logGet(46)) - raft.server.storage.dir = [/home/runner/work/ozone/ozone/hadoop-ozone/integration-test/target/test-dir/MiniOzoneClusterImpl-d05e4a2c-755f-4d37-936b-30aea24b9535/datanode-2/data/ratis] (custom)
2024-01-14 08:11:19,655 [0ff4ee77-f176-4c42-9b93-2e8119131049-groupManagement] INFO  storage.RaftStorageDirectory (RaftStorageDirectoryImpl.java:analyzeStorage(138)) - The storage directory /home/runner/work/ozone/ozone/hadoop-ozone/integration-test/target/test-dir/MiniOzoneClusterImpl-d05e4a2c-755f-4d37-936b-30aea24b9535/datanode-2/data/ratis/5c66e7de-3243-461f-9b96-5520aa21a72d does not exist. Creating ...
2024-01-14 08:11:19,655 [577443f1-fefe-41e6-ac50-50037dc50964-groupManagement] INFO  server.RaftServerConfigKeys (ConfUtils.java:logGet(46)) - raft.server.log.segment.cache.num.max = 2 (custom)
2024-01-14 08:11:19,656 [577443f1-fefe-41e6-ac50-50037dc50964-groupManagement] INFO  server.RaftServerConfigKeys (ConfUtils.java:logGet(46)) - raft.server.log.segment.cache.size.max = 200MB (=209715200) (default)
2024-01-14 08:11:19,656 [577443f1-fefe-41e6-ac50-50037dc50964-groupManagement] INFO  server.RaftServerConfigKeys (ConfUtils.java:logGet(46)) - raft.server.log.appender.buffer.byte-limit = 8388608 (custom)
2024-01-14 08:11:19,656 [50de051d-3e76-4053-aa92-929931ae6eb2-groupManagement] INFO  server.RaftServerConfigKeys (ConfUtils.java:logGet(46)) - raft.server.leaderelection.member.majority-add = false (default)
2024-01-14 08:11:19,656 [50de051d-3e76-4053-aa92-929931ae6eb2-groupManagement] INFO  server.RaftServerConfigKeys (ConfUtils.java:logGet(46)) - raft.server.sleep.deviation.threshold = 300ms (default)
2024-01-14 08:11:19,656 [0ff4ee77-f176-4c42-9b93-2e8119131049-groupManagement] INFO  storage.RaftStorageDirectory (RaftStorageDirectoryImpl.java:tryLock(228)) - Lock on /home/runner/work/ozone/ozone/hadoop-ozone/integration-test/target/test-dir/MiniOzoneClusterImpl-d05e4a2c-755f-4d37-936b-30aea24b9535/datanode-2/data/ratis/5c66e7de-3243-461f-9b96-5520aa21a72d/in_use.lock acquired by nodename 49070@fv-az737-837
2024-01-14 08:11:19,656 [58733d94-cb44-4f93-b9bc-90d3803fc47e-groupManagement] INFO  storage.RaftStorage (RaftStorageImpl.java:format(99)) - Storage directory /home/runner/work/ozone/ozone/hadoop-ozone/integration-test/target/test-dir/MiniOzoneClusterImpl-d05e4a2c-755f-4d37-936b-30aea24b9535/datanode-1/data/ratis/5c66e7de-3243-461f-9b96-5520aa21a72d has been successfully formatted.
2024-01-14 08:11:19,657 [50de051d-3e76-4053-aa92-929931ae6eb2-groupManagement] INFO  server.RaftServer$Division (ServerState.java:<init>(113)) - 50de051d-3e76-4053-aa92-929931ae6eb2@group-20C315240F1A: ConfigurationManager, init=-1: peers:[50de051d-3e76-4053-aa92-929931ae6eb2|10.1.0.100:15050]|listeners:[], old=null, confs=<EMPTY_MAP>
2024-01-14 08:11:19,657 [50de051d-3e76-4053-aa92-929931ae6eb2-groupManagement] INFO  server.RaftServerConfigKeys (ConfUtils.java:logGet(46)) - raft.server.notification.no-leader.timeout = 300000ms (custom)
2024-01-14 08:11:19,657 [50de051d-3e76-4053-aa92-929931ae6eb2-groupManagement] INFO  server.RaftServerConfigKeys (ConfUtils.java:logGet(46)) - raft.server.read.timeout = 10s (default)
2024-01-14 08:11:19,657 [50de051d-3e76-4053-aa92-929931ae6eb2-groupManagement] INFO  server.RaftServerConfigKeys (ConfUtils.java:logGet(46)) - raft.server.retrycache.expirytime = 600000ms (custom)
2024-01-14 08:11:19,657 [50de051d-3e76-4053-aa92-929931ae6eb2-groupManagement] INFO  server.RaftServerConfigKeys (ConfUtils.java:logGet(46)) - raft.server.retrycache.statistics.expirytime = 100ms (default)
2024-01-14 08:11:19,657 [50de051d-3e76-4053-aa92-929931ae6eb2-groupManagement] INFO  server.RaftServerConfigKeys (ConfUtils.java:logGet(46)) - raft.server.read.option = DEFAULT (default)
2024-01-14 08:11:19,657 [50de051d-3e76-4053-aa92-929931ae6eb2-groupManagement] INFO  server.RaftServerConfigKeys (ConfUtils.java:logGet(46)) - raft.server.read.read-after-write-consistent.write-index-cache.expiry-time = 60s (default)
2024-01-14 08:11:19,657 [58733d94-cb44-4f93-b9bc-90d3803fc47e-groupManagement] WARN  util.FileUtils (LogUtils.java:supplyAndLog(63)) - Failed to Files.newInputStream /home/runner/work/ozone/ozone/hadoop-ozone/integration-test/target/test-dir/MiniOzoneClusterImpl-d05e4a2c-755f-4d37-936b-30aea24b9535/datanode-1/data/ratis/5c66e7de-3243-461f-9b96-5520aa21a72d/current/raft-meta.conf with options []: java.nio.file.NoSuchFileException: /home/runner/work/ozone/ozone/hadoop-ozone/integration-test/target/test-dir/MiniOzoneClusterImpl-d05e4a2c-755f-4d37-936b-30aea24b9535/datanode-1/data/ratis/5c66e7de-3243-461f-9b96-5520aa21a72d/current/raft-meta.conf
2024-01-14 08:11:19,659 [0ff4ee77-f176-4c42-9b93-2e8119131049-groupManagement] INFO  storage.RaftStorage (RaftStorageImpl.java:format(99)) - Storage directory /home/runner/work/ozone/ozone/hadoop-ozone/integration-test/target/test-dir/MiniOzoneClusterImpl-d05e4a2c-755f-4d37-936b-30aea24b9535/datanode-2/data/ratis/5c66e7de-3243-461f-9b96-5520aa21a72d has been successfully formatted.
2024-01-14 08:11:19,659 [0ff4ee77-f176-4c42-9b93-2e8119131049-groupManagement] WARN  util.FileUtils (LogUtils.java:supplyAndLog(63)) - Failed to Files.newInputStream /home/runner/work/ozone/ozone/hadoop-ozone/integration-test/target/test-dir/MiniOzoneClusterImpl-d05e4a2c-755f-4d37-936b-30aea24b9535/datanode-2/data/ratis/5c66e7de-3243-461f-9b96-5520aa21a72d/current/raft-meta.conf with options []: java.nio.file.NoSuchFileException: /home/runner/work/ozone/ozone/hadoop-ozone/integration-test/target/test-dir/MiniOzoneClusterImpl-d05e4a2c-755f-4d37-936b-30aea24b9535/datanode-2/data/ratis/5c66e7de-3243-461f-9b96-5520aa21a72d/current/raft-meta.conf
2024-01-14 08:11:19,660 [577443f1-fefe-41e6-ac50-50037dc50964-groupManagement] INFO  util.AwaitToRun (AwaitToRun.java:start(81)) - Thread[577443f1-fefe-41e6-ac50-50037dc50964@group-5520AA21A72D-cacheEviction-AwaitToRun,5,main] started
2024-01-14 08:11:19,661 [577443f1-fefe-41e6-ac50-50037dc50964-groupManagement] INFO  segmented.SegmentedRaftLogWorker (SegmentedRaftLogWorker.java:<init>(182)) - new 577443f1-fefe-41e6-ac50-50037dc50964@group-5520AA21A72D-SegmentedRaftLogWorker for RaftStorageImpl:Storage Directory /home/runner/work/ozone/ozone/hadoop-ozone/integration-test/target/test-dir/MiniOzoneClusterImpl-d05e4a2c-755f-4d37-936b-30aea24b9535/datanode-0/data/ratis/5c66e7de-3243-461f-9b96-5520aa21a72d
2024-01-14 08:11:19,661 [0ff4ee77-f176-4c42-9b93-2e8119131049-groupManagement] INFO  ratis.ContainerStateMachine (ContainerStateMachine.java:loadSnapshot(287)) - group-5520AA21A72D: The snapshot info is null. Setting the last applied index to:(t:0, i:~)
2024-01-14 08:11:19,663 [0ff4ee77-f176-4c42-9b93-2e8119131049-groupManagement] INFO  server.RaftServerConfigKeys (ConfUtils.java:logGet(46)) - raft.server.log.use.memory = false (default)
2024-01-14 08:11:19,661 [58733d94-cb44-4f93-b9bc-90d3803fc47e-groupManagement] INFO  ratis.ContainerStateMachine (ContainerStateMachine.java:loadSnapshot(287)) - group-5520AA21A72D: The snapshot info is null. Setting the last applied index to:(t:0, i:~)
2024-01-14 08:11:19,663 [0ff4ee77-f176-4c42-9b93-2e8119131049-groupManagement] INFO  server.RaftServerConfigKeys (ConfUtils.java:logGet(46)) - raft.server.log.purge.gap = 1000000 (custom)
2024-01-14 08:11:19,662 [50de051d-3e76-4053-aa92-929931ae6eb2-groupManagement] INFO  server.RaftServerConfigKeys (ConfUtils.java:logGet(46)) - raft.server.rpc.request.timeout = 3000ms (default)
2024-01-14 08:11:19,663 [0ff4ee77-f176-4c42-9b93-2e8119131049-groupManagement] INFO  server.RaftServerConfigKeys (ConfUtils.java:logGet(46)) - raft.server.log.appender.buffer.byte-limit = 8388608 (custom)
2024-01-14 08:11:19,662 [577443f1-fefe-41e6-ac50-50037dc50964-groupManagement] INFO  server.RaftServerConfigKeys (ConfUtils.java:logGet(46)) - raft.server.log.queue.byte-limit = 4294967296 (custom)
2024-01-14 08:11:19,663 [577443f1-fefe-41e6-ac50-50037dc50964-groupManagement] INFO  server.RaftServerConfigKeys (ConfUtils.java:logGet(46)) - raft.server.log.queue.element-limit = 1024 (custom)
2024-01-14 08:11:19,663 [577443f1-fefe-41e6-ac50-50037dc50964-groupManagement] INFO  server.RaftServerConfigKeys (ConfUtils.java:logGet(46)) - raft.server.log.segment.size.max = 67108864 (custom)
2024-01-14 08:11:19,663 [50de051d-3e76-4053-aa92-929931ae6eb2-groupManagement] INFO  server.RaftServerConfigKeys (ConfUtils.java:logGet(46)) - raft.server.log.appender.install.snapshot.enabled = false (custom)
2024-01-14 08:11:19,663 [58733d94-cb44-4f93-b9bc-90d3803fc47e-groupManagement] INFO  server.RaftServerConfigKeys (ConfUtils.java:logGet(46)) - raft.server.log.use.memory = false (default)
2024-01-14 08:11:19,664 [58733d94-cb44-4f93-b9bc-90d3803fc47e-groupManagement] INFO  server.RaftServerConfigKeys (ConfUtils.java:logGet(46)) - raft.server.log.purge.gap = 1000000 (custom)
2024-01-14 08:11:19,664 [58733d94-cb44-4f93-b9bc-90d3803fc47e-groupManagement] INFO  server.RaftServerConfigKeys (ConfUtils.java:logGet(46)) - raft.server.log.appender.buffer.byte-limit = 8388608 (custom)
2024-01-14 08:11:19,664 [58733d94-cb44-4f93-b9bc-90d3803fc47e-groupManagement] INFO  server.RaftServerConfigKeys (ConfUtils.java:logGet(46)) - raft.server.log.statemachine.data.read.timeout = 1000ms (default)
2024-01-14 08:11:19,664 [58733d94-cb44-4f93-b9bc-90d3803fc47e-groupManagement] INFO  server.RaftServerConfigKeys (ConfUtils.java:logGet(46)) - raft.server.log.purge.preservation.log.num = 0 (default)
2024-01-14 08:11:19,664 [0ff4ee77-f176-4c42-9b93-2e8119131049-groupManagement] INFO  server.RaftServerConfigKeys (ConfUtils.java:logGet(46)) - raft.server.log.statemachine.data.read.timeout = 1000ms (default)
2024-01-14 08:11:19,664 [577443f1-fefe-41e6-ac50-50037dc50964-groupManagement] INFO  server.RaftServerConfigKeys (ConfUtils.java:logGet(46)) - raft.server.log.preallocated.size = 4194304 (custom)
2024-01-14 08:11:19,665 [577443f1-fefe-41e6-ac50-50037dc50964-groupManagement] INFO  server.RaftServerConfigKeys (ConfUtils.java:logGet(46)) - raft.server.log.force.sync.num = 128 (default)
2024-01-14 08:11:19,665 [577443f1-fefe-41e6-ac50-50037dc50964-groupManagement] INFO  server.RaftServerConfigKeys (ConfUtils.java:logGet(46)) - raft.server.log.statemachine.data.sync = true (default)
2024-01-14 08:11:19,665 [577443f1-fefe-41e6-ac50-50037dc50964-groupManagement] INFO  server.RaftServerConfigKeys (ConfUtils.java:logGet(46)) - raft.server.log.statemachine.data.sync.timeout = 10s (default)
2024-01-14 08:11:19,665 [577443f1-fefe-41e6-ac50-50037dc50964-groupManagement] INFO  server.RaftServerConfigKeys (ConfUtils.java:logGet(46)) - raft.server.log.statemachine.data.sync.timeout.retry = 0 (custom)
2024-01-14 08:11:19,665 [50de051d-3e76-4053-aa92-929931ae6eb2-groupManagement] INFO  server.RaftServerConfigKeys (ConfUtils.java:logGet(46)) - raft.server.threadpool.server.cached = true (default)
2024-01-14 08:11:19,665 [50de051d-3e76-4053-aa92-929931ae6eb2-groupManagement] INFO  server.RaftServerConfigKeys (ConfUtils.java:logGet(46)) - raft.server.threadpool.server.size = 0 (default)
2024-01-14 08:11:19,666 [50de051d-3e76-4053-aa92-929931ae6eb2-groupManagement] INFO  server.RaftServerConfigKeys (ConfUtils.java:logGet(46)) - raft.server.threadpool.client.cached = true (default)
2024-01-14 08:11:19,666 [50de051d-3e76-4053-aa92-929931ae6eb2-groupManagement] INFO  server.RaftServerConfigKeys (ConfUtils.java:logGet(46)) - raft.server.threadpool.client.size = 0 (default)
2024-01-14 08:11:19,666 [50de051d-3e76-4053-aa92-929931ae6eb2-groupManagement] INFO  server.RaftServerConfigKeys (ConfUtils.java:logGet(46)) - raft.server.storage.free-space.min = 0MB (=0) (default)
2024-01-14 08:11:19,666 [50de051d-3e76-4053-aa92-929931ae6eb2-groupManagement] INFO  server.RaftServerConfigKeys (ConfUtils.java:logGet(46)) - raft.server.log.corruption.policy = EXCEPTION (default)
2024-01-14 08:11:19,666 [50de051d-3e76-4053-aa92-929931ae6eb2-groupManagement] INFO  server.RaftServerConfigKeys (ConfUtils.java:logGet(46)) - raft.server.storage.dir = [/home/runner/work/ozone/ozone/hadoop-ozone/integration-test/target/test-dir/MiniOzoneClusterImpl-d05e4a2c-755f-4d37-936b-30aea24b9535/datanode-4/data/ratis] (custom)
2024-01-14 08:11:19,666 [58733d94-cb44-4f93-b9bc-90d3803fc47e-groupManagement] INFO  server.RaftServerConfigKeys (ConfUtils.java:logGet(46)) - raft.server.log.segment.size.max = 67108864 (custom)
2024-01-14 08:11:19,667 [58733d94-cb44-4f93-b9bc-90d3803fc47e-groupManagement] INFO  server.RaftServerConfigKeys (ConfUtils.java:logGet(46)) - raft.server.log.segment.cache.num.max = 2 (custom)
2024-01-14 08:11:19,667 [58733d94-cb44-4f93-b9bc-90d3803fc47e-groupManagement] INFO  server.RaftServerConfigKeys (ConfUtils.java:logGet(46)) - raft.server.log.segment.cache.size.max = 200MB (=209715200) (default)
2024-01-14 08:11:19,667 [58733d94-cb44-4f93-b9bc-90d3803fc47e-groupManagement] INFO  server.RaftServerConfigKeys (ConfUtils.java:logGet(46)) - raft.server.log.appender.buffer.byte-limit = 8388608 (custom)
2024-01-14 08:11:19,667 [50de051d-3e76-4053-aa92-929931ae6eb2-groupManagement] INFO  storage.RaftStorageDirectory (RaftStorageDirectoryImpl.java:analyzeStorage(138)) - The storage directory /home/runner/work/ozone/ozone/hadoop-ozone/integration-test/target/test-dir/MiniOzoneClusterImpl-d05e4a2c-755f-4d37-936b-30aea24b9535/datanode-4/data/ratis/2ca7df51-f4b8-4131-883c-20c315240f1a does not exist. Creating ...
2024-01-14 08:11:19,667 [58733d94-cb44-4f93-b9bc-90d3803fc47e-groupManagement] INFO  util.AwaitToRun (AwaitToRun.java:start(81)) - Thread[58733d94-cb44-4f93-b9bc-90d3803fc47e@group-5520AA21A72D-cacheEviction-AwaitToRun,5,main] started
2024-01-14 08:11:19,667 [EventQueue-OpenPipelineForHealthyPipelineSafeModeRule] INFO  safemode.SCMSafeModeManager (HealthyPipelineSafeModeRule.java:process(140)) - SCM in safe mode. Healthy pipelines reported count is 0, required healthy pipeline reported count is 1
2024-01-14 08:11:19,666 [577443f1-fefe-41e6-ac50-50037dc50964-groupManagement] INFO  server.RaftServerConfigKeys (ConfUtils.java:logGet(46)) - raft.server.log.write.buffer.size = 8388616 (custom)
2024-01-14 08:11:19,667 [58733d94-cb44-4f93-b9bc-90d3803fc47e-groupManagement] INFO  segmented.SegmentedRaftLogWorker (SegmentedRaftLogWorker.java:<init>(182)) - new 58733d94-cb44-4f93-b9bc-90d3803fc47e@group-5520AA21A72D-SegmentedRaftLogWorker for RaftStorageImpl:Storage Directory /home/runner/work/ozone/ozone/hadoop-ozone/integration-test/target/test-dir/MiniOzoneClusterImpl-d05e4a2c-755f-4d37-936b-30aea24b9535/datanode-1/data/ratis/5c66e7de-3243-461f-9b96-5520aa21a72d
2024-01-14 08:11:19,667 [58733d94-cb44-4f93-b9bc-90d3803fc47e-groupManagement] INFO  server.RaftServerConfigKeys (ConfUtils.java:logGet(46)) - raft.server.log.queue.byte-limit = 4294967296 (custom)
2024-01-14 08:11:19,667 [58733d94-cb44-4f93-b9bc-90d3803fc47e-groupManagement] INFO  server.RaftServerConfigKeys (ConfUtils.java:logGet(46)) - raft.server.log.queue.element-limit = 1024 (custom)
2024-01-14 08:11:19,668 [58733d94-cb44-4f93-b9bc-90d3803fc47e-groupManagement] INFO  server.RaftServerConfigKeys (ConfUtils.java:logGet(46)) - raft.server.log.segment.size.max = 67108864 (custom)
2024-01-14 08:11:19,668 [58733d94-cb44-4f93-b9bc-90d3803fc47e-groupManagement] INFO  server.RaftServerConfigKeys (ConfUtils.java:logGet(46)) - raft.server.log.preallocated.size = 4194304 (custom)
2024-01-14 08:11:19,668 [58733d94-cb44-4f93-b9bc-90d3803fc47e-groupManagement] INFO  server.RaftServerConfigKeys (ConfUtils.java:logGet(46)) - raft.server.log.force.sync.num = 128 (default)
2024-01-14 08:11:19,668 [58733d94-cb44-4f93-b9bc-90d3803fc47e-groupManagement] INFO  server.RaftServerConfigKeys (ConfUtils.java:logGet(46)) - raft.server.log.statemachine.data.sync = true (default)
2024-01-14 08:11:19,668 [58733d94-cb44-4f93-b9bc-90d3803fc47e-groupManagement] INFO  server.RaftServerConfigKeys (ConfUtils.java:logGet(46)) - raft.server.log.statemachine.data.sync.timeout = 10s (default)
2024-01-14 08:11:19,668 [58733d94-cb44-4f93-b9bc-90d3803fc47e-groupManagement] INFO  server.RaftServerConfigKeys (ConfUtils.java:logGet(46)) - raft.server.log.statemachine.data.sync.timeout.retry = 0 (custom)
2024-01-14 08:11:19,667 [0ff4ee77-f176-4c42-9b93-2e8119131049-groupManagement] INFO  server.RaftServerConfigKeys (ConfUtils.java:logGet(46)) - raft.server.log.purge.preservation.log.num = 0 (default)
2024-01-14 08:11:19,668 [58733d94-cb44-4f93-b9bc-90d3803fc47e-groupManagement] INFO  server.RaftServerConfigKeys (ConfUtils.java:logGet(46)) - raft.server.log.write.buffer.size = 8388616 (custom)
2024-01-14 08:11:19,669 [50de051d-3e76-4053-aa92-929931ae6eb2-groupManagement] INFO  storage.RaftStorageDirectory (RaftStorageDirectoryImpl.java:tryLock(228)) - Lock on /home/runner/work/ozone/ozone/hadoop-ozone/integration-test/target/test-dir/MiniOzoneClusterImpl-d05e4a2c-755f-4d37-936b-30aea24b9535/datanode-4/data/ratis/2ca7df51-f4b8-4131-883c-20c315240f1a/in_use.lock acquired by nodename 49070@fv-az737-837
2024-01-14 08:11:19,671 [58733d94-cb44-4f93-b9bc-90d3803fc47e-groupManagement] INFO  server.RaftServerConfigKeys (ConfUtils.java:logGet(46)) - raft.server.log.appender.buffer.byte-limit = 8388608 (custom)
2024-01-14 08:11:19,671 [58733d94-cb44-4f93-b9bc-90d3803fc47e-groupManagement] INFO  server.RaftServerConfigKeys (ConfUtils.java:logGet(46)) - raft.server.log.unsafe-flush.enabled = false (default)
2024-01-14 08:11:19,671 [58733d94-cb44-4f93-b9bc-90d3803fc47e-groupManagement] INFO  server.RaftServerConfigKeys (ConfUtils.java:logGet(46)) - raft.server.log.async-flush.enabled = false (default)
2024-01-14 08:11:19,671 [58733d94-cb44-4f93-b9bc-90d3803fc47e-groupManagement] INFO  server.RaftServerConfigKeys (ConfUtils.java:logGet(46)) - raft.server.log.statemachine.data.caching.enabled = true (custom)
2024-01-14 08:11:19,671 [58733d94-cb44-4f93-b9bc-90d3803fc47e-groupManagement] INFO  segmented.SegmentedRaftLogWorker (SegmentedRaftLogWorker.java:lambda$new$0(134)) - 58733d94-cb44-4f93-b9bc-90d3803fc47e@group-5520AA21A72D-SegmentedRaftLogWorker: flushIndex: setUnconditionally 0 -> -1
2024-01-14 08:11:19,672 [58733d94-cb44-4f93-b9bc-90d3803fc47e-groupManagement] INFO  segmented.SegmentedRaftLogWorker (SegmentedRaftLogWorker.java:lambda$new$0(134)) - 58733d94-cb44-4f93-b9bc-90d3803fc47e@group-5520AA21A72D-SegmentedRaftLogWorker: safeCacheEvictIndex: setUnconditionally 0 -> -1
2024-01-14 08:11:19,672 [EventQueue-OpenPipelineForHealthyPipelineSafeModeRule] INFO  safemode.SCMSafeModeManager (HealthyPipelineSafeModeRule.java:process(140)) - SCM in safe mode. Healthy pipelines reported count is 0, required healthy pipeline reported count is 1
2024-01-14 08:11:19,672 [0ff4ee77-f176-4c42-9b93-2e8119131049-groupManagement] INFO  server.RaftServerConfigKeys (ConfUtils.java:logGet(46)) - raft.server.log.segment.size.max = 67108864 (custom)
2024-01-14 08:11:19,673 [0ff4ee77-f176-4c42-9b93-2e8119131049-groupManagement] INFO  server.RaftServerConfigKeys (ConfUtils.java:logGet(46)) - raft.server.log.segment.cache.num.max = 2 (custom)
2024-01-14 08:11:19,673 [0ff4ee77-f176-4c42-9b93-2e8119131049-groupManagement] INFO  server.RaftServerConfigKeys (ConfUtils.java:logGet(46)) - raft.server.log.segment.cache.size.max = 200MB (=209715200) (default)
2024-01-14 08:11:19,673 [0ff4ee77-f176-4c42-9b93-2e8119131049-groupManagement] INFO  server.RaftServerConfigKeys (ConfUtils.java:logGet(46)) - raft.server.log.appender.buffer.byte-limit = 8388608 (custom)
2024-01-14 08:11:19,673 [577443f1-fefe-41e6-ac50-50037dc50964-groupManagement] INFO  server.RaftServerConfigKeys (ConfUtils.java:logGet(46)) - raft.server.log.appender.buffer.byte-limit = 8388608 (custom)
2024-01-14 08:11:19,673 [577443f1-fefe-41e6-ac50-50037dc50964-groupManagement] INFO  server.RaftServerConfigKeys (ConfUtils.java:logGet(46)) - raft.server.log.unsafe-flush.enabled = false (default)
2024-01-14 08:11:19,673 [577443f1-fefe-41e6-ac50-50037dc50964-groupManagement] INFO  server.RaftServerConfigKeys (ConfUtils.java:logGet(46)) - raft.server.log.async-flush.enabled = false (default)
2024-01-14 08:11:19,673 [577443f1-fefe-41e6-ac50-50037dc50964-groupManagement] INFO  server.RaftServerConfigKeys (ConfUtils.java:logGet(46)) - raft.server.log.statemachine.data.caching.enabled = true (custom)
2024-01-14 08:11:19,674 [577443f1-fefe-41e6-ac50-50037dc50964-groupManagement] INFO  segmented.SegmentedRaftLogWorker (SegmentedRaftLogWorker.java:lambda$new$0(134)) - 577443f1-fefe-41e6-ac50-50037dc50964@group-5520AA21A72D-SegmentedRaftLogWorker: flushIndex: setUnconditionally 0 -> -1
2024-01-14 08:11:19,674 [577443f1-fefe-41e6-ac50-50037dc50964-groupManagement] INFO  segmented.SegmentedRaftLogWorker (SegmentedRaftLogWorker.java:lambda$new$0(134)) - 577443f1-fefe-41e6-ac50-50037dc50964@group-5520AA21A72D-SegmentedRaftLogWorker: safeCacheEvictIndex: setUnconditionally 0 -> -1
2024-01-14 08:11:19,676 [58733d94-cb44-4f93-b9bc-90d3803fc47e-groupManagement] INFO  server.RaftServer$Division (RaftServerImpl.java:start(396)) - 58733d94-cb44-4f93-b9bc-90d3803fc47e@group-5520AA21A72D: start as a follower, conf=-1: peers:[58733d94-cb44-4f93-b9bc-90d3803fc47e|10.1.0.100:15023, 0ff4ee77-f176-4c42-9b93-2e8119131049|10.1.0.100:15032, 577443f1-fefe-41e6-ac50-50037dc50964|10.1.0.100:15014]|listeners:[], old=null
2024-01-14 08:11:19,676 [50de051d-3e76-4053-aa92-929931ae6eb2-groupManagement] INFO  storage.RaftStorage (RaftStorageImpl.java:format(99)) - Storage directory /home/runner/work/ozone/ozone/hadoop-ozone/integration-test/target/test-dir/MiniOzoneClusterImpl-d05e4a2c-755f-4d37-936b-30aea24b9535/datanode-4/data/ratis/2ca7df51-f4b8-4131-883c-20c315240f1a has been successfully formatted.
2024-01-14 08:11:19,676 [577443f1-fefe-41e6-ac50-50037dc50964-groupManagement] INFO  server.RaftServer$Division (RaftServerImpl.java:start(396)) - 577443f1-fefe-41e6-ac50-50037dc50964@group-5520AA21A72D: start as a follower, conf=-1: peers:[58733d94-cb44-4f93-b9bc-90d3803fc47e|10.1.0.100:15023, 0ff4ee77-f176-4c42-9b93-2e8119131049|10.1.0.100:15032, 577443f1-fefe-41e6-ac50-50037dc50964|10.1.0.100:15014]|listeners:[], old=null
2024-01-14 08:11:19,676 [58733d94-cb44-4f93-b9bc-90d3803fc47e-groupManagement] INFO  server.RaftServer$Division (RaftServerImpl.java:setRole(383)) - 58733d94-cb44-4f93-b9bc-90d3803fc47e@group-5520AA21A72D: changes role from      null to FOLLOWER at term 0 for startAsFollower
2024-01-14 08:11:19,676 [577443f1-fefe-41e6-ac50-50037dc50964-groupManagement] INFO  server.RaftServer$Division (RaftServerImpl.java:setRole(383)) - 577443f1-fefe-41e6-ac50-50037dc50964@group-5520AA21A72D: changes role from      null to FOLLOWER at term 0 for startAsFollower
2024-01-14 08:11:19,676 [0ff4ee77-f176-4c42-9b93-2e8119131049-groupManagement] INFO  util.AwaitToRun (AwaitToRun.java:start(81)) - Thread[0ff4ee77-f176-4c42-9b93-2e8119131049@group-5520AA21A72D-cacheEviction-AwaitToRun,5,main] started
2024-01-14 08:11:19,676 [577443f1-fefe-41e6-ac50-50037dc50964-groupManagement] INFO  impl.RoleInfo (RoleInfo.java:updateAndGet(139)) - 577443f1-fefe-41e6-ac50-50037dc50964: start 577443f1-fefe-41e6-ac50-50037dc50964@group-5520AA21A72D-FollowerState
2024-01-14 08:11:19,676 [58733d94-cb44-4f93-b9bc-90d3803fc47e-groupManagement] INFO  impl.RoleInfo (RoleInfo.java:updateAndGet(139)) - 58733d94-cb44-4f93-b9bc-90d3803fc47e: start 58733d94-cb44-4f93-b9bc-90d3803fc47e@group-5520AA21A72D-FollowerState
2024-01-14 08:11:19,676 [0ff4ee77-f176-4c42-9b93-2e8119131049-groupManagement] INFO  segmented.SegmentedRaftLogWorker (SegmentedRaftLogWorker.java:<init>(182)) - new 0ff4ee77-f176-4c42-9b93-2e8119131049@group-5520AA21A72D-SegmentedRaftLogWorker for RaftStorageImpl:Storage Directory /home/runner/work/ozone/ozone/hadoop-ozone/integration-test/target/test-dir/MiniOzoneClusterImpl-d05e4a2c-755f-4d37-936b-30aea24b9535/datanode-2/data/ratis/5c66e7de-3243-461f-9b96-5520aa21a72d
2024-01-14 08:11:19,676 [0ff4ee77-f176-4c42-9b93-2e8119131049-groupManagement] INFO  server.RaftServerConfigKeys (ConfUtils.java:logGet(46)) - raft.server.log.queue.byte-limit = 4294967296 (custom)
2024-01-14 08:11:19,676 [50de051d-3e76-4053-aa92-929931ae6eb2-groupManagement] WARN  util.FileUtils (LogUtils.java:supplyAndLog(63)) - Failed to Files.newInputStream /home/runner/work/ozone/ozone/hadoop-ozone/integration-test/target/test-dir/MiniOzoneClusterImpl-d05e4a2c-755f-4d37-936b-30aea24b9535/datanode-4/data/ratis/2ca7df51-f4b8-4131-883c-20c315240f1a/current/raft-meta.conf with options []: java.nio.file.NoSuchFileException: /home/runner/work/ozone/ozone/hadoop-ozone/integration-test/target/test-dir/MiniOzoneClusterImpl-d05e4a2c-755f-4d37-936b-30aea24b9535/datanode-4/data/ratis/2ca7df51-f4b8-4131-883c-20c315240f1a/current/raft-meta.conf
2024-01-14 08:11:19,677 [0ff4ee77-f176-4c42-9b93-2e8119131049-groupManagement] INFO  server.RaftServerConfigKeys (ConfUtils.java:logGet(46)) - raft.server.log.queue.element-limit = 1024 (custom)
2024-01-14 08:11:19,677 [577443f1-fefe-41e6-ac50-50037dc50964-groupManagement] INFO  util.JmxRegister (JmxRegister.java:tryRegister(44)) - Successfully registered JMX Bean with object name Ratis:service=RaftServer,group=group-5520AA21A72D,id=577443f1-fefe-41e6-ac50-50037dc50964
2024-01-14 08:11:19,681 [58733d94-cb44-4f93-b9bc-90d3803fc47e@group-5520AA21A72D-FollowerState] INFO  server.RaftServerConfigKeys (ConfUtils.java:logFallback(53)) - raft.server.rpc.first-election.timeout.min = 5s (fallback to raft.server.rpc.timeout.min)
2024-01-14 08:11:19,681 [58733d94-cb44-4f93-b9bc-90d3803fc47e-groupManagement] INFO  util.JmxRegister (JmxRegister.java:tryRegister(44)) - Successfully registered JMX Bean with object name Ratis:service=RaftServer,group=group-5520AA21A72D,id=58733d94-cb44-4f93-b9bc-90d3803fc47e
2024-01-14 08:11:19,684 [58733d94-cb44-4f93-b9bc-90d3803fc47e-groupManagement] INFO  server.RaftServerConfigKeys (ConfUtils.java:logGet(46)) - raft.server.snapshot.trigger-when-stop.enabled = true (default)
2024-01-14 08:11:19,677 [577443f1-fefe-41e6-ac50-50037dc50964@group-5520AA21A72D-FollowerState] INFO  server.RaftServerConfigKeys (ConfUtils.java:logFallback(53)) - raft.server.rpc.first-election.timeout.min = 5s (fallback to raft.server.rpc.timeout.min)
2024-01-14 08:11:19,677 [0ff4ee77-f176-4c42-9b93-2e8119131049-groupManagement] INFO  server.RaftServerConfigKeys (ConfUtils.java:logGet(46)) - raft.server.log.segment.size.max = 67108864 (custom)
2024-01-14 08:11:19,684 [58733d94-cb44-4f93-b9bc-90d3803fc47e-groupManagement] INFO  server.RaftServerConfigKeys (ConfUtils.java:logGet(46)) - raft.server.snapshot.auto.trigger.enabled = true (custom)
2024-01-14 08:11:19,684 [58733d94-cb44-4f93-b9bc-90d3803fc47e-groupManagement] INFO  server.RaftServerConfigKeys (ConfUtils.java:logGet(46)) - raft.server.snapshot.auto.trigger.threshold = 10000 (custom)
2024-01-14 08:11:19,684 [EventQueue-PipelineReportForPipelineReportHandler] INFO  pipeline.PipelineReportHandler (PipelineReportHandler.java:processPipelineReport(136)) - Opened pipeline PipelineID=2ca7df51-f4b8-4131-883c-20c315240f1a
2024-01-14 08:11:19,681 [577443f1-fefe-41e6-ac50-50037dc50964-groupManagement] INFO  server.RaftServerConfigKeys (ConfUtils.java:logGet(46)) - raft.server.snapshot.trigger-when-stop.enabled = true (default)
2024-01-14 08:11:19,684 [577443f1-fefe-41e6-ac50-50037dc50964-groupManagement] INFO  server.RaftServerConfigKeys (ConfUtils.java:logGet(46)) - raft.server.snapshot.auto.trigger.enabled = true (custom)
2024-01-14 08:11:19,685 [577443f1-fefe-41e6-ac50-50037dc50964-groupManagement] INFO  server.RaftServerConfigKeys (ConfUtils.java:logGet(46)) - raft.server.snapshot.auto.trigger.threshold = 10000 (custom)
2024-01-14 08:11:19,685 [577443f1-fefe-41e6-ac50-50037dc50964-groupManagement] INFO  server.RaftServerConfigKeys (ConfUtils.java:logGet(46)) - raft.server.snapshot.retention.file.num = 5 (custom)
2024-01-14 08:11:19,685 [577443f1-fefe-41e6-ac50-50037dc50964-groupManagement] INFO  server.RaftServerConfigKeys (ConfUtils.java:logGet(46)) - raft.server.log.purge.upto.snapshot.index = false (default)
2024-01-14 08:11:19,681 [50de051d-3e76-4053-aa92-929931ae6eb2-groupManagement] INFO  ratis.ContainerStateMachine (ContainerStateMachine.java:loadSnapshot(287)) - group-20C315240F1A: The snapshot info is null. Setting the last applied index to:(t:0, i:~)
2024-01-14 08:11:19,685 [50de051d-3e76-4053-aa92-929931ae6eb2-groupManagement] INFO  server.RaftServerConfigKeys (ConfUtils.java:logGet(46)) - raft.server.log.use.memory = false (default)
2024-01-14 08:11:19,685 [50de051d-3e76-4053-aa92-929931ae6eb2-groupManagement] INFO  server.RaftServerConfigKeys (ConfUtils.java:logGet(46)) - raft.server.log.purge.gap = 1000000 (custom)
2024-01-14 08:11:19,685 [50de051d-3e76-4053-aa92-929931ae6eb2-groupManagement] INFO  server.RaftServerConfigKeys (ConfUtils.java:logGet(46)) - raft.server.log.appender.buffer.byte-limit = 8388608 (custom)
2024-01-14 08:11:19,685 [50de051d-3e76-4053-aa92-929931ae6eb2-groupManagement] INFO  server.RaftServerConfigKeys (ConfUtils.java:logGet(46)) - raft.server.log.statemachine.data.read.timeout = 1000ms (default)
2024-01-14 08:11:19,685 [577443f1-fefe-41e6-ac50-50037dc50964@group-5520AA21A72D-FollowerState] INFO  server.RaftServerConfigKeys (ConfUtils.java:logFallback(53)) - raft.server.rpc.first-election.timeout.max = 5200ms (fallback to raft.server.rpc.timeout.max)
2024-01-14 08:11:19,685 [50de051d-3e76-4053-aa92-929931ae6eb2-groupManagement] INFO  server.RaftServerConfigKeys (ConfUtils.java:logGet(46)) - raft.server.log.purge.preservation.log.num = 0 (default)
2024-01-14 08:11:19,684 [EventQueue-OpenPipelineForHealthyPipelineSafeModeRule] INFO  safemode.SCMSafeModeManager (HealthyPipelineSafeModeRule.java:process(140)) - SCM in safe mode. Healthy pipelines reported count is 0, required healthy pipeline reported count is 1
2024-01-14 08:11:19,684 [58733d94-cb44-4f93-b9bc-90d3803fc47e-groupManagement] INFO  server.RaftServerConfigKeys (ConfUtils.java:logGet(46)) - raft.server.snapshot.retention.file.num = 5 (custom)
2024-01-14 08:11:19,686 [58733d94-cb44-4f93-b9bc-90d3803fc47e-groupManagement] INFO  server.RaftServerConfigKeys (ConfUtils.java:logGet(46)) - raft.server.log.purge.upto.snapshot.index = false (default)
2024-01-14 08:11:19,684 [0ff4ee77-f176-4c42-9b93-2e8119131049-groupManagement] INFO  server.RaftServerConfigKeys (ConfUtils.java:logGet(46)) - raft.server.log.preallocated.size = 4194304 (custom)
2024-01-14 08:11:19,686 [0ff4ee77-f176-4c42-9b93-2e8119131049-groupManagement] INFO  server.RaftServerConfigKeys (ConfUtils.java:logGet(46)) - raft.server.log.force.sync.num = 128 (default)
2024-01-14 08:11:19,686 [0ff4ee77-f176-4c42-9b93-2e8119131049-groupManagement] INFO  server.RaftServerConfigKeys (ConfUtils.java:logGet(46)) - raft.server.log.statemachine.data.sync = true (default)
2024-01-14 08:11:19,686 [0ff4ee77-f176-4c42-9b93-2e8119131049-groupManagement] INFO  server.RaftServerConfigKeys (ConfUtils.java:logGet(46)) - raft.server.log.statemachine.data.sync.timeout = 10s (default)
2024-01-14 08:11:19,686 [0ff4ee77-f176-4c42-9b93-2e8119131049-groupManagement] INFO  server.RaftServerConfigKeys (ConfUtils.java:logGet(46)) - raft.server.log.statemachine.data.sync.timeout.retry = 0 (custom)
2024-01-14 08:11:19,686 [58733d94-cb44-4f93-b9bc-90d3803fc47e@group-5520AA21A72D-FollowerState] INFO  server.RaftServerConfigKeys (ConfUtils.java:logFallback(53)) - raft.server.rpc.first-election.timeout.max = 5200ms (fallback to raft.server.rpc.timeout.max)
2024-01-14 08:11:19,688 [577443f1-fefe-41e6-ac50-50037dc50964-PipelineCommandHandlerThread-0] INFO  ratis.XceiverServerRatis (XceiverServerRatis.java:addGroup(842)) - Created group PipelineID=5c66e7de-3243-461f-9b96-5520aa21a72d
2024-01-14 08:11:19,689 [0ff4ee77-f176-4c42-9b93-2e8119131049-groupManagement] INFO  server.RaftServerConfigKeys (ConfUtils.java:logGet(46)) - raft.server.log.write.buffer.size = 8388616 (custom)
2024-01-14 08:11:19,690 [0ff4ee77-f176-4c42-9b93-2e8119131049-groupManagement] INFO  server.RaftServerConfigKeys (ConfUtils.java:logGet(46)) - raft.server.log.appender.buffer.byte-limit = 8388608 (custom)
2024-01-14 08:11:19,691 [0ff4ee77-f176-4c42-9b93-2e8119131049-groupManagement] INFO  server.RaftServerConfigKeys (ConfUtils.java:logGet(46)) - raft.server.log.unsafe-flush.enabled = false (default)
2024-01-14 08:11:19,691 [0ff4ee77-f176-4c42-9b93-2e8119131049-groupManagement] INFO  server.RaftServerConfigKeys (ConfUtils.java:logGet(46)) - raft.server.log.async-flush.enabled = false (default)
2024-01-14 08:11:19,691 [0ff4ee77-f176-4c42-9b93-2e8119131049-groupManagement] INFO  server.RaftServerConfigKeys (ConfUtils.java:logGet(46)) - raft.server.log.statemachine.data.caching.enabled = true (custom)
2024-01-14 08:11:19,691 [0ff4ee77-f176-4c42-9b93-2e8119131049-groupManagement] INFO  segmented.SegmentedRaftLogWorker (SegmentedRaftLogWorker.java:lambda$new$0(134)) - 0ff4ee77-f176-4c42-9b93-2e8119131049@group-5520AA21A72D-SegmentedRaftLogWorker: flushIndex: setUnconditionally 0 -> -1
2024-01-14 08:11:19,691 [0ff4ee77-f176-4c42-9b93-2e8119131049-groupManagement] INFO  segmented.SegmentedRaftLogWorker (SegmentedRaftLogWorker.java:lambda$new$0(134)) - 0ff4ee77-f176-4c42-9b93-2e8119131049@group-5520AA21A72D-SegmentedRaftLogWorker: safeCacheEvictIndex: setUnconditionally 0 -> -1
2024-01-14 08:11:19,692 [50de051d-3e76-4053-aa92-929931ae6eb2-groupManagement] INFO  server.RaftServerConfigKeys (ConfUtils.java:logGet(46)) - raft.server.log.segment.size.max = 67108864 (custom)
2024-01-14 08:11:19,693 [50de051d-3e76-4053-aa92-929931ae6eb2-groupManagement] INFO  server.RaftServerConfigKeys (ConfUtils.java:logGet(46)) - raft.server.log.segment.cache.num.max = 2 (custom)
2024-01-14 08:11:19,693 [50de051d-3e76-4053-aa92-929931ae6eb2-groupManagement] INFO  server.RaftServerConfigKeys (ConfUtils.java:logGet(46)) - raft.server.log.segment.cache.size.max = 200MB (=209715200) (default)
2024-01-14 08:11:19,693 [50de051d-3e76-4053-aa92-929931ae6eb2-groupManagement] INFO  server.RaftServerConfigKeys (ConfUtils.java:logGet(46)) - raft.server.log.appender.buffer.byte-limit = 8388608 (custom)
2024-01-14 08:11:19,696 [58733d94-cb44-4f93-b9bc-90d3803fc47e-PipelineCommandHandlerThread-0] INFO  ratis.XceiverServerRatis (XceiverServerRatis.java:addGroup(842)) - Created group PipelineID=5c66e7de-3243-461f-9b96-5520aa21a72d
2024-01-14 08:11:19,696 [0ff4ee77-f176-4c42-9b93-2e8119131049-groupManagement] INFO  server.RaftServer$Division (RaftServerImpl.java:start(396)) - 0ff4ee77-f176-4c42-9b93-2e8119131049@group-5520AA21A72D: start as a follower, conf=-1: peers:[58733d94-cb44-4f93-b9bc-90d3803fc47e|10.1.0.100:15023, 0ff4ee77-f176-4c42-9b93-2e8119131049|10.1.0.100:15032, 577443f1-fefe-41e6-ac50-50037dc50964|10.1.0.100:15014]|listeners:[], old=null
2024-01-14 08:11:19,696 [0ff4ee77-f176-4c42-9b93-2e8119131049-groupManagement] INFO  server.RaftServer$Division (RaftServerImpl.java:setRole(383)) - 0ff4ee77-f176-4c42-9b93-2e8119131049@group-5520AA21A72D: changes role from      null to FOLLOWER at term 0 for startAsFollower
2024-01-14 08:11:19,696 [0ff4ee77-f176-4c42-9b93-2e8119131049-groupManagement] INFO  impl.RoleInfo (RoleInfo.java:updateAndGet(139)) - 0ff4ee77-f176-4c42-9b93-2e8119131049: start 0ff4ee77-f176-4c42-9b93-2e8119131049@group-5520AA21A72D-FollowerState
2024-01-14 08:11:19,701 [0ff4ee77-f176-4c42-9b93-2e8119131049-groupManagement] INFO  util.JmxRegister (JmxRegister.java:tryRegister(44)) - Successfully registered JMX Bean with object name Ratis:service=RaftServer,group=group-5520AA21A72D,id=0ff4ee77-f176-4c42-9b93-2e8119131049
2024-01-14 08:11:19,701 [0ff4ee77-f176-4c42-9b93-2e8119131049-groupManagement] INFO  server.RaftServerConfigKeys (ConfUtils.java:logGet(46)) - raft.server.snapshot.trigger-when-stop.enabled = true (default)
2024-01-14 08:11:19,701 [0ff4ee77-f176-4c42-9b93-2e8119131049-groupManagement] INFO  server.RaftServerConfigKeys (ConfUtils.java:logGet(46)) - raft.server.snapshot.auto.trigger.enabled = true (custom)
2024-01-14 08:11:19,701 [0ff4ee77-f176-4c42-9b93-2e8119131049-groupManagement] INFO  server.RaftServerConfigKeys (ConfUtils.java:logGet(46)) - raft.server.snapshot.auto.trigger.threshold = 10000 (custom)
2024-01-14 08:11:19,701 [0ff4ee77-f176-4c42-9b93-2e8119131049-groupManagement] INFO  server.RaftServerConfigKeys (ConfUtils.java:logGet(46)) - raft.server.snapshot.retention.file.num = 5 (custom)
2024-01-14 08:11:19,701 [0ff4ee77-f176-4c42-9b93-2e8119131049-groupManagement] INFO  server.RaftServerConfigKeys (ConfUtils.java:logGet(46)) - raft.server.log.purge.upto.snapshot.index = false (default)
2024-01-14 08:11:19,701 [0ff4ee77-f176-4c42-9b93-2e8119131049@group-5520AA21A72D-FollowerState] INFO  server.RaftServerConfigKeys (ConfUtils.java:logFallback(53)) - raft.server.rpc.first-election.timeout.min = 5s (fallback to raft.server.rpc.timeout.min)
2024-01-14 08:11:19,702 [0ff4ee77-f176-4c42-9b93-2e8119131049@group-5520AA21A72D-FollowerState] INFO  server.RaftServerConfigKeys (ConfUtils.java:logFallback(53)) - raft.server.rpc.first-election.timeout.max = 5200ms (fallback to raft.server.rpc.timeout.max)
2024-01-14 08:11:19,703 [0ff4ee77-f176-4c42-9b93-2e8119131049-PipelineCommandHandlerThread-0] INFO  ratis.XceiverServerRatis (XceiverServerRatis.java:addGroup(842)) - Created group PipelineID=5c66e7de-3243-461f-9b96-5520aa21a72d
2024-01-14 08:11:19,711 [50de051d-3e76-4053-aa92-929931ae6eb2-groupManagement] INFO  util.AwaitToRun (AwaitToRun.java:start(81)) - Thread[50de051d-3e76-4053-aa92-929931ae6eb2@group-20C315240F1A-cacheEviction-AwaitToRun,5,main] started
2024-01-14 08:11:19,711 [50de051d-3e76-4053-aa92-929931ae6eb2-groupManagement] INFO  segmented.SegmentedRaftLogWorker (SegmentedRaftLogWorker.java:<init>(182)) - new 50de051d-3e76-4053-aa92-929931ae6eb2@group-20C315240F1A-SegmentedRaftLogWorker for RaftStorageImpl:Storage Directory /home/runner/work/ozone/ozone/hadoop-ozone/integration-test/target/test-dir/MiniOzoneClusterImpl-d05e4a2c-755f-4d37-936b-30aea24b9535/datanode-4/data/ratis/2ca7df51-f4b8-4131-883c-20c315240f1a
2024-01-14 08:11:19,711 [50de051d-3e76-4053-aa92-929931ae6eb2-groupManagement] INFO  server.RaftServerConfigKeys (ConfUtils.java:logGet(46)) - raft.server.log.queue.byte-limit = 4294967296 (custom)
2024-01-14 08:11:19,711 [50de051d-3e76-4053-aa92-929931ae6eb2-groupManagement] INFO  server.RaftServerConfigKeys (ConfUtils.java:logGet(46)) - raft.server.log.queue.element-limit = 1024 (custom)
2024-01-14 08:11:19,711 [50de051d-3e76-4053-aa92-929931ae6eb2-groupManagement] INFO  server.RaftServerConfigKeys (ConfUtils.java:logGet(46)) - raft.server.log.segment.size.max = 67108864 (custom)
2024-01-14 08:11:19,711 [50de051d-3e76-4053-aa92-929931ae6eb2-groupManagement] INFO  server.RaftServerConfigKeys (ConfUtils.java:logGet(46)) - raft.server.log.preallocated.size = 4194304 (custom)
2024-01-14 08:11:19,712 [50de051d-3e76-4053-aa92-929931ae6eb2-groupManagement] INFO  server.RaftServerConfigKeys (ConfUtils.java:logGet(46)) - raft.server.log.force.sync.num = 128 (default)
2024-01-14 08:11:19,712 [50de051d-3e76-4053-aa92-929931ae6eb2-groupManagement] INFO  server.RaftServerConfigKeys (ConfUtils.java:logGet(46)) - raft.server.log.statemachine.data.sync = true (default)
2024-01-14 08:11:19,712 [50de051d-3e76-4053-aa92-929931ae6eb2-groupManagement] INFO  server.RaftServerConfigKeys (ConfUtils.java:logGet(46)) - raft.server.log.statemachine.data.sync.timeout = 10s (default)
2024-01-14 08:11:19,712 [50de051d-3e76-4053-aa92-929931ae6eb2-groupManagement] INFO  server.RaftServerConfigKeys (ConfUtils.java:logGet(46)) - raft.server.log.statemachine.data.sync.timeout.retry = 0 (custom)
2024-01-14 08:11:19,712 [50de051d-3e76-4053-aa92-929931ae6eb2-groupManagement] INFO  server.RaftServerConfigKeys (ConfUtils.java:logGet(46)) - raft.server.log.write.buffer.size = 8388616 (custom)
2024-01-14 08:11:19,715 [50de051d-3e76-4053-aa92-929931ae6eb2-groupManagement] INFO  server.RaftServerConfigKeys (ConfUtils.java:logGet(46)) - raft.server.log.appender.buffer.byte-limit = 8388608 (custom)
2024-01-14 08:11:19,715 [50de051d-3e76-4053-aa92-929931ae6eb2-groupManagement] INFO  server.RaftServerConfigKeys (ConfUtils.java:logGet(46)) - raft.server.log.unsafe-flush.enabled = false (default)
2024-01-14 08:11:19,715 [50de051d-3e76-4053-aa92-929931ae6eb2-groupManagement] INFO  server.RaftServerConfigKeys (ConfUtils.java:logGet(46)) - raft.server.log.async-flush.enabled = false (default)
2024-01-14 08:11:19,716 [50de051d-3e76-4053-aa92-929931ae6eb2-groupManagement] INFO  server.RaftServerConfigKeys (ConfUtils.java:logGet(46)) - raft.server.log.statemachine.data.caching.enabled = true (custom)
2024-01-14 08:11:19,717 [50de051d-3e76-4053-aa92-929931ae6eb2-groupManagement] INFO  segmented.SegmentedRaftLogWorker (SegmentedRaftLogWorker.java:lambda$new$0(134)) - 50de051d-3e76-4053-aa92-929931ae6eb2@group-20C315240F1A-SegmentedRaftLogWorker: flushIndex: setUnconditionally 0 -> -1
2024-01-14 08:11:19,717 [50de051d-3e76-4053-aa92-929931ae6eb2-groupManagement] INFO  segmented.SegmentedRaftLogWorker (SegmentedRaftLogWorker.java:lambda$new$0(134)) - 50de051d-3e76-4053-aa92-929931ae6eb2@group-20C315240F1A-SegmentedRaftLogWorker: safeCacheEvictIndex: setUnconditionally 0 -> -1
2024-01-14 08:11:19,721 [50de051d-3e76-4053-aa92-929931ae6eb2-groupManagement] INFO  server.RaftServer$Division (RaftServerImpl.java:start(396)) - 50de051d-3e76-4053-aa92-929931ae6eb2@group-20C315240F1A: start as a follower, conf=-1: peers:[50de051d-3e76-4053-aa92-929931ae6eb2|10.1.0.100:15050]|listeners:[], old=null
2024-01-14 08:11:19,721 [50de051d-3e76-4053-aa92-929931ae6eb2-groupManagement] INFO  server.RaftServer$Division (RaftServerImpl.java:setRole(383)) - 50de051d-3e76-4053-aa92-929931ae6eb2@group-20C315240F1A: changes role from      null to FOLLOWER at term 0 for startAsFollower
2024-01-14 08:11:19,722 [50de051d-3e76-4053-aa92-929931ae6eb2-groupManagement] INFO  impl.RoleInfo (RoleInfo.java:updateAndGet(139)) - 50de051d-3e76-4053-aa92-929931ae6eb2: start 50de051d-3e76-4053-aa92-929931ae6eb2@group-20C315240F1A-FollowerState
2024-01-14 08:11:19,724 [50de051d-3e76-4053-aa92-929931ae6eb2-groupManagement] INFO  util.JmxRegister (JmxRegister.java:tryRegister(44)) - Successfully registered JMX Bean with object name Ratis:service=RaftServer,group=group-20C315240F1A,id=50de051d-3e76-4053-aa92-929931ae6eb2
2024-01-14 08:11:19,724 [50de051d-3e76-4053-aa92-929931ae6eb2-groupManagement] INFO  server.RaftServerConfigKeys (ConfUtils.java:logGet(46)) - raft.server.snapshot.trigger-when-stop.enabled = true (default)
2024-01-14 08:11:19,724 [50de051d-3e76-4053-aa92-929931ae6eb2-groupManagement] INFO  server.RaftServerConfigKeys (ConfUtils.java:logGet(46)) - raft.server.snapshot.auto.trigger.enabled = true (custom)
2024-01-14 08:11:19,724 [50de051d-3e76-4053-aa92-929931ae6eb2-groupManagement] INFO  server.RaftServerConfigKeys (ConfUtils.java:logGet(46)) - raft.server.snapshot.auto.trigger.threshold = 10000 (custom)
2024-01-14 08:11:19,724 [50de051d-3e76-4053-aa92-929931ae6eb2-groupManagement] INFO  server.RaftServerConfigKeys (ConfUtils.java:logGet(46)) - raft.server.snapshot.retention.file.num = 5 (custom)
2024-01-14 08:11:19,724 [50de051d-3e76-4053-aa92-929931ae6eb2-groupManagement] INFO  server.RaftServerConfigKeys (ConfUtils.java:logGet(46)) - raft.server.log.purge.upto.snapshot.index = false (default)
2024-01-14 08:11:19,726 [50de051d-3e76-4053-aa92-929931ae6eb2@group-20C315240F1A-FollowerState] INFO  server.RaftServerConfigKeys (ConfUtils.java:logFallback(53)) - raft.server.rpc.first-election.timeout.min = 5s (fallback to raft.server.rpc.timeout.min)
2024-01-14 08:11:19,727 [50de051d-3e76-4053-aa92-929931ae6eb2@group-20C315240F1A-FollowerState] INFO  server.RaftServerConfigKeys (ConfUtils.java:logFallback(53)) - raft.server.rpc.first-election.timeout.max = 5200ms (fallback to raft.server.rpc.timeout.max)
2024-01-14 08:11:19,732 [50de051d-3e76-4053-aa92-929931ae6eb2-PipelineCommandHandlerThread-0] INFO  ratis.XceiverServerRatis (XceiverServerRatis.java:addGroup(842)) - Created group PipelineID=2ca7df51-f4b8-4131-883c-20c315240f1a
2024-01-14 08:11:19,735 [50de051d-3e76-4053-aa92-929931ae6eb2-PipelineCommandHandlerThread-0] INFO  commandhandler.CreatePipelineCommandHandler (CreatePipelineCommandHandler.java:lambda$handle$2(124)) - Created Pipeline RATIS ONE PipelineID=2ca7df51-f4b8-4131-883c-20c315240f1a.
2024-01-14 08:11:19,798 [0ff4ee77-f176-4c42-9b93-2e8119131049-PipelineCommandHandlerThread-0] INFO  commandhandler.CreatePipelineCommandHandler (CreatePipelineCommandHandler.java:lambda$handle$2(124)) - Created Pipeline RATIS THREE PipelineID=5c66e7de-3243-461f-9b96-5520aa21a72d.
2024-01-14 08:11:19,799 [577443f1-fefe-41e6-ac50-50037dc50964-PipelineCommandHandlerThread-0] INFO  commandhandler.CreatePipelineCommandHandler (CreatePipelineCommandHandler.java:lambda$handle$2(124)) - Created Pipeline RATIS THREE PipelineID=5c66e7de-3243-461f-9b96-5520aa21a72d.
2024-01-14 08:11:19,801 [58733d94-cb44-4f93-b9bc-90d3803fc47e-PipelineCommandHandlerThread-0] INFO  commandhandler.CreatePipelineCommandHandler (CreatePipelineCommandHandler.java:lambda$handle$2(124)) - Created Pipeline RATIS THREE PipelineID=5c66e7de-3243-461f-9b96-5520aa21a72d.
2024-01-14 08:11:20,611 [main] INFO  ozone.MiniOzoneClusterImpl (MiniOzoneClusterImpl.java:lambda$waitForClusterToBeReady$0(229)) - Nodes are ready. Got 5 of 5 DN Heartbeats.
2024-01-14 08:11:20,611 [main] INFO  ozone.MiniOzoneClusterImpl (MiniOzoneClusterImpl.java:lambda$waitForClusterToBeReady$0(232)) - Waiting for cluster to exit safe mode
2024-01-14 08:11:20,611 [main] INFO  ozone.MiniOzoneClusterImpl (MiniOzoneClusterImpl.java:lambda$waitForClusterToBeReady$0(234)) - SCM became leader
2024-01-14 08:11:21,611 [main] INFO  ozone.MiniOzoneClusterImpl (MiniOzoneClusterImpl.java:lambda$waitForClusterToBeReady$0(229)) - Nodes are ready. Got 5 of 5 DN Heartbeats.
2024-01-14 08:11:21,612 [main] INFO  ozone.MiniOzoneClusterImpl (MiniOzoneClusterImpl.java:lambda$waitForClusterToBeReady$0(232)) - Waiting for cluster to exit safe mode
2024-01-14 08:11:21,612 [main] INFO  ozone.MiniOzoneClusterImpl (MiniOzoneClusterImpl.java:lambda$waitForClusterToBeReady$0(234)) - SCM became leader
2024-01-14 08:11:22,612 [main] INFO  ozone.MiniOzoneClusterImpl (MiniOzoneClusterImpl.java:lambda$waitForClusterToBeReady$0(229)) - Nodes are ready. Got 5 of 5 DN Heartbeats.
2024-01-14 08:11:22,612 [main] INFO  ozone.MiniOzoneClusterImpl (MiniOzoneClusterImpl.java:lambda$waitForClusterToBeReady$0(232)) - Waiting for cluster to exit safe mode
2024-01-14 08:11:22,612 [main] INFO  ozone.MiniOzoneClusterImpl (MiniOzoneClusterImpl.java:lambda$waitForClusterToBeReady$0(234)) - SCM became leader
2024-01-14 08:11:23,613 [main] INFO  ozone.MiniOzoneClusterImpl (MiniOzoneClusterImpl.java:lambda$waitForClusterToBeReady$0(229)) - Nodes are ready. Got 5 of 5 DN Heartbeats.
2024-01-14 08:11:23,613 [main] INFO  ozone.MiniOzoneClusterImpl (MiniOzoneClusterImpl.java:lambda$waitForClusterToBeReady$0(232)) - Waiting for cluster to exit safe mode
2024-01-14 08:11:23,613 [main] INFO  ozone.MiniOzoneClusterImpl (MiniOzoneClusterImpl.java:lambda$waitForClusterToBeReady$0(234)) - SCM became leader
2024-01-14 08:11:24,206 [577443f1-fefe-41e6-ac50-50037dc50964@group-666D80A90A34-FollowerState] INFO  impl.FollowerState (FollowerState.java:run(143)) - 577443f1-fefe-41e6-ac50-50037dc50964@group-666D80A90A34-FollowerState: change to CANDIDATE, lastRpcElapsedTime:5124894533ns, electionTimeout:5122ms
2024-01-14 08:11:24,207 [577443f1-fefe-41e6-ac50-50037dc50964@group-666D80A90A34-FollowerState] INFO  impl.RoleInfo (RoleInfo.java:shutdownFollowerState(110)) - 577443f1-fefe-41e6-ac50-50037dc50964: shutdown 577443f1-fefe-41e6-ac50-50037dc50964@group-666D80A90A34-FollowerState
2024-01-14 08:11:24,207 [577443f1-fefe-41e6-ac50-50037dc50964@group-666D80A90A34-FollowerState] INFO  server.RaftServer$Division (RaftServerImpl.java:setRole(383)) - 577443f1-fefe-41e6-ac50-50037dc50964@group-666D80A90A34: changes role from  FOLLOWER to CANDIDATE at term 0 for changeToCandidate
2024-01-14 08:11:24,207 [577443f1-fefe-41e6-ac50-50037dc50964@group-666D80A90A34-FollowerState] INFO  server.RaftServerConfigKeys (ConfUtils.java:logGet(46)) - raft.server.leaderelection.pre-vote = true (default)
2024-01-14 08:11:24,208 [577443f1-fefe-41e6-ac50-50037dc50964@group-666D80A90A34-FollowerState] INFO  impl.RoleInfo (RoleInfo.java:updateAndGet(139)) - 577443f1-fefe-41e6-ac50-50037dc50964: start 577443f1-fefe-41e6-ac50-50037dc50964@group-666D80A90A34-LeaderElection2
2024-01-14 08:11:24,209 [577443f1-fefe-41e6-ac50-50037dc50964@group-666D80A90A34-LeaderElection2] INFO  impl.LeaderElection (LeaderElection.java:askForVotes(321)) - 577443f1-fefe-41e6-ac50-50037dc50964@group-666D80A90A34-LeaderElection2 PRE_VOTE round 0: submit vote requests at term 0 for -1: peers:[577443f1-fefe-41e6-ac50-50037dc50964|10.1.0.100:15014]|listeners:[], old=null
2024-01-14 08:11:24,209 [577443f1-fefe-41e6-ac50-50037dc50964@group-666D80A90A34-LeaderElection2] INFO  impl.LeaderElection (LeaderElection.java:askForVotes(323)) - 577443f1-fefe-41e6-ac50-50037dc50964@group-666D80A90A34-LeaderElection2 PRE_VOTE round 0: result PASSED (term=0)
2024-01-14 08:11:24,210 [577443f1-fefe-41e6-ac50-50037dc50964@group-666D80A90A34-LeaderElection2] INFO  impl.LeaderElection (LeaderElection.java:askForVotes(321)) - 577443f1-fefe-41e6-ac50-50037dc50964@group-666D80A90A34-LeaderElection2 ELECTION round 0: submit vote requests at term 1 for -1: peers:[577443f1-fefe-41e6-ac50-50037dc50964|10.1.0.100:15014]|listeners:[], old=null
2024-01-14 08:11:24,210 [577443f1-fefe-41e6-ac50-50037dc50964@group-666D80A90A34-LeaderElection2] INFO  impl.LeaderElection (LeaderElection.java:askForVotes(323)) - 577443f1-fefe-41e6-ac50-50037dc50964@group-666D80A90A34-LeaderElection2 ELECTION round 0: result PASSED (term=1)
2024-01-14 08:11:24,210 [577443f1-fefe-41e6-ac50-50037dc50964@group-666D80A90A34-LeaderElection2] INFO  impl.RoleInfo (RoleInfo.java:shutdownLeaderElection(130)) - 577443f1-fefe-41e6-ac50-50037dc50964: shutdown 577443f1-fefe-41e6-ac50-50037dc50964@group-666D80A90A34-LeaderElection2
2024-01-14 08:11:24,210 [577443f1-fefe-41e6-ac50-50037dc50964@group-666D80A90A34-LeaderElection2] INFO  server.RaftServer$Division (RaftServerImpl.java:setRole(383)) - 577443f1-fefe-41e6-ac50-50037dc50964@group-666D80A90A34: changes role from CANDIDATE to LEADER at term 1 for changeToLeader
2024-01-14 08:11:24,210 [577443f1-fefe-41e6-ac50-50037dc50964@group-666D80A90A34-LeaderElection2] INFO  server.RaftServerConfigKeys (ConfUtils.java:logGet(46)) - raft.server.staging.catchup.gap = 1000 (default)
2024-01-14 08:11:24,210 [577443f1-fefe-41e6-ac50-50037dc50964@group-666D80A90A34-LeaderElection2] INFO  server.RaftServerConfigKeys (ConfUtils.java:logGet(46)) - raft.server.write.element-limit = 1024 (custom)
2024-01-14 08:11:24,211 [577443f1-fefe-41e6-ac50-50037dc50964@group-666D80A90A34-LeaderElection2] INFO  server.RaftServerConfigKeys (ConfUtils.java:logGet(46)) - raft.server.write.byte-limit = 1024 M (=1073741824) (custom)
2024-01-14 08:11:24,211 [577443f1-fefe-41e6-ac50-50037dc50964@group-666D80A90A34-LeaderElection2] INFO  server.RaftServerConfigKeys (ConfUtils.java:logGet(46)) - raft.server.watch.timeout = 3000ms (custom)
2024-01-14 08:11:24,211 [577443f1-fefe-41e6-ac50-50037dc50964@group-666D80A90A34-LeaderElection2] INFO  server.RaftServerConfigKeys (ConfUtils.java:logGet(46)) - raft.server.watch.timeout.denomination = 1s (default)
2024-01-14 08:11:24,211 [577443f1-fefe-41e6-ac50-50037dc50964@group-666D80A90A34-LeaderElection2] INFO  server.RaftServerConfigKeys (ConfUtils.java:logGet(46)) - raft.server.watch.element-limit = 65536 (default)
2024-01-14 08:11:24,211 [577443f1-fefe-41e6-ac50-50037dc50964@group-666D80A90A34-LeaderElection2] INFO  server.RaftServerConfigKeys (ConfUtils.java:logGet(46)) - raft.server.read.leader.lease.enabled = false (default)
2024-01-14 08:11:24,211 [577443f1-fefe-41e6-ac50-50037dc50964@group-666D80A90A34-LeaderElection2] INFO  server.RaftServerConfigKeys (ConfUtils.java:logGet(46)) - raft.server.read.leader.lease.timeout.ratio = 0.9 (default)
2024-01-14 08:11:24,211 [577443f1-fefe-41e6-ac50-50037dc50964@group-666D80A90A34-LeaderElection2] INFO  server.RaftServerConfigKeys (ConfUtils.java:logGet(46)) - raft.server.rpc.timeout.min = 5s (custom)
2024-01-14 08:11:24,211 [577443f1-fefe-41e6-ac50-50037dc50964@group-666D80A90A34-LeaderElection2] INFO  server.RaftServerConfigKeys (ConfUtils.java:logGet(46)) - raft.server.write.element-limit = 1024 (custom)
2024-01-14 08:11:24,211 [577443f1-fefe-41e6-ac50-50037dc50964@group-666D80A90A34-LeaderElection2] INFO  server.RaftServerConfigKeys (ConfUtils.java:logGet(46)) - raft.server.write.follower.gap.ratio.max = -1.0 (default)
2024-01-14 08:11:24,211 [577443f1-fefe-41e6-ac50-50037dc50964@group-666D80A90A34-LeaderElection2] INFO  impl.RoleInfo (RoleInfo.java:updateAndGet(139)) - 577443f1-fefe-41e6-ac50-50037dc50964: start 577443f1-fefe-41e6-ac50-50037dc50964@group-666D80A90A34-LeaderStateImpl
2024-01-14 08:11:24,211 [577443f1-fefe-41e6-ac50-50037dc50964@group-666D80A90A34-LeaderElection2] INFO  server.RaftServer$Division (RaftServerImpl.java:setFirstElection(574)) - 577443f1-fefe-41e6-ac50-50037dc50964@group-666D80A90A34: set firstElectionSinceStartup to false for becomeLeader
2024-01-14 08:11:24,211 [577443f1-fefe-41e6-ac50-50037dc50964@group-666D80A90A34-LeaderElection2] INFO  ratis.XceiverServerRatis (XceiverServerRatis.java:handleLeaderChangedNotification(945)) - Leader change notification received for group: group-666D80A90A34 with new leaderId: 577443f1-fefe-41e6-ac50-50037dc50964
2024-01-14 08:11:24,212 [577443f1-fefe-41e6-ac50-50037dc50964@group-666D80A90A34-LeaderElection2] INFO  server.RaftServer$Division (ServerState.java:setLeader(269)) - 577443f1-fefe-41e6-ac50-50037dc50964@group-666D80A90A34: change Leader from null to 577443f1-fefe-41e6-ac50-50037dc50964 at term 1 for becomeLeader, leader elected after 5156ms
2024-01-14 08:11:24,212 [577443f1-fefe-41e6-ac50-50037dc50964@group-666D80A90A34-LeaderElection2] INFO  segmented.SegmentedRaftLogWorker (SegmentedRaftLogWorker.java:startLogSegment(430)) - 577443f1-fefe-41e6-ac50-50037dc50964@group-666D80A90A34-SegmentedRaftLogWorker: Starting segment from index:0
2024-01-14 08:11:24,212 [577443f1-fefe-41e6-ac50-50037dc50964@group-666D80A90A34-SegmentedRaftLogWorker] INFO  segmented.BufferedWriteChannel (BufferedWriteChannel.java:open(62)) - open log_inprogress_0 at position 0
2024-01-14 08:11:24,215 [EventQueue-OpenPipelineForHealthyPipelineSafeModeRule] INFO  safemode.SCMSafeModeManager (HealthyPipelineSafeModeRule.java:process(140)) - SCM in safe mode. Healthy pipelines reported count is 0, required healthy pipeline reported count is 1
2024-01-14 08:11:24,216 [577443f1-fefe-41e6-ac50-50037dc50964@group-666D80A90A34-LeaderElection2] INFO  server.RaftServer$Division (ServerState.java:setRaftConf(386)) - 577443f1-fefe-41e6-ac50-50037dc50964@group-666D80A90A34: set configuration 0: peers:[577443f1-fefe-41e6-ac50-50037dc50964|10.1.0.100:15014]|listeners:[], old=null
2024-01-14 08:11:24,220 [577443f1-fefe-41e6-ac50-50037dc50964@group-666D80A90A34-SegmentedRaftLogWorker] INFO  segmented.SegmentedRaftLogWorker (SegmentedRaftLogWorker.java:execute(634)) - 577443f1-fefe-41e6-ac50-50037dc50964@group-666D80A90A34-SegmentedRaftLogWorker: created new log segment /home/runner/work/ozone/ozone/hadoop-ozone/integration-test/target/test-dir/MiniOzoneClusterImpl-d05e4a2c-755f-4d37-936b-30aea24b9535/datanode-0/data/ratis/e8d58f33-8be7-4bf5-90f2-666d80a90a34/current/log_inprogress_0
2024-01-14 08:11:24,223 [577443f1-fefe-41e6-ac50-50037dc50964@group-666D80A90A34-StateMachineUpdater] INFO  server.RaftServer$Division (LeaderStateImpl.java:isApplied(320)) - leader is ready since appliedIndex == 0 >= startIndex == 0
2024-01-14 08:11:24,234 [577443f1-fefe-41e6-ac50-50037dc50964@group-CC814C894A60-FollowerState] INFO  impl.FollowerState (FollowerState.java:run(143)) - 577443f1-fefe-41e6-ac50-50037dc50964@group-CC814C894A60-FollowerState: change to CANDIDATE, lastRpcElapsedTime:5099622769ns, electionTimeout:5094ms
2024-01-14 08:11:24,234 [577443f1-fefe-41e6-ac50-50037dc50964@group-CC814C894A60-FollowerState] INFO  impl.RoleInfo (RoleInfo.java:shutdownFollowerState(110)) - 577443f1-fefe-41e6-ac50-50037dc50964: shutdown 577443f1-fefe-41e6-ac50-50037dc50964@group-CC814C894A60-FollowerState
2024-01-14 08:11:24,234 [577443f1-fefe-41e6-ac50-50037dc50964@group-CC814C894A60-FollowerState] INFO  server.RaftServer$Division (RaftServerImpl.java:setRole(383)) - 577443f1-fefe-41e6-ac50-50037dc50964@group-CC814C894A60: changes role from  FOLLOWER to CANDIDATE at term 0 for changeToCandidate
2024-01-14 08:11:24,235 [577443f1-fefe-41e6-ac50-50037dc50964@group-CC814C894A60-FollowerState] INFO  server.RaftServerConfigKeys (ConfUtils.java:logGet(46)) - raft.server.leaderelection.pre-vote = true (default)
2024-01-14 08:11:24,235 [577443f1-fefe-41e6-ac50-50037dc50964@group-CC814C894A60-FollowerState] INFO  impl.RoleInfo (RoleInfo.java:updateAndGet(139)) - 577443f1-fefe-41e6-ac50-50037dc50964: start 577443f1-fefe-41e6-ac50-50037dc50964@group-CC814C894A60-LeaderElection3
2024-01-14 08:11:24,236 [577443f1-fefe-41e6-ac50-50037dc50964@group-CC814C894A60-LeaderElection3] INFO  impl.LeaderElection (LeaderElection.java:askForVotes(321)) - 577443f1-fefe-41e6-ac50-50037dc50964@group-CC814C894A60-LeaderElection3 PRE_VOTE round 0: submit vote requests at term 0 for -1: peers:[58733d94-cb44-4f93-b9bc-90d3803fc47e|10.1.0.100:15023, 0ff4ee77-f176-4c42-9b93-2e8119131049|10.1.0.100:15032, 577443f1-fefe-41e6-ac50-50037dc50964|10.1.0.100:15014]|listeners:[], old=null
2024-01-14 08:11:24,241 [577443f1-fefe-41e6-ac50-50037dc50964@group-CC814C894A60-LeaderElection3] INFO  server.RaftServerConfigKeys (ConfUtils.java:logFallback(53)) - raft.server.rpc.first-election.timeout.min = 5s (fallback to raft.server.rpc.timeout.min)
2024-01-14 08:11:24,241 [577443f1-fefe-41e6-ac50-50037dc50964@group-CC814C894A60-LeaderElection3] INFO  server.RaftServerConfigKeys (ConfUtils.java:logFallback(53)) - raft.server.rpc.first-election.timeout.max = 5200ms (fallback to raft.server.rpc.timeout.max)
2024-01-14 08:11:24,241 [577443f1-fefe-41e6-ac50-50037dc50964@group-CC814C894A60-LeaderElection3-2] INFO  server.GrpcServerProtocolClient (GrpcServerProtocolClient.java:<init>(65)) - Build channel for 0ff4ee77-f176-4c42-9b93-2e8119131049|10.1.0.100:15032
2024-01-14 08:11:24,241 [577443f1-fefe-41e6-ac50-50037dc50964@group-CC814C894A60-LeaderElection3-1] INFO  server.GrpcServerProtocolClient (GrpcServerProtocolClient.java:<init>(65)) - Build channel for 58733d94-cb44-4f93-b9bc-90d3803fc47e|10.1.0.100:15023
2024-01-14 08:11:24,252 [grpc-default-executor-0] INFO  server.RaftServer$Division (RaftServerImpl.java:requestVote(1389)) - 58733d94-cb44-4f93-b9bc-90d3803fc47e@group-CC814C894A60: receive requestVote(PRE_VOTE, 577443f1-fefe-41e6-ac50-50037dc50964, group-CC814C894A60, 0, (t:0, i:0))
2024-01-14 08:11:24,252 [grpc-default-executor-1] INFO  server.RaftServer$Division (RaftServerImpl.java:requestVote(1389)) - 0ff4ee77-f176-4c42-9b93-2e8119131049@group-CC814C894A60: receive requestVote(PRE_VOTE, 577443f1-fefe-41e6-ac50-50037dc50964, group-CC814C894A60, 0, (t:0, i:0))
2024-01-14 08:11:24,254 [grpc-default-executor-0] INFO  impl.VoteContext (VoteContext.java:log(49)) - 58733d94-cb44-4f93-b9bc-90d3803fc47e@group-CC814C894A60-FOLLOWER: reject PRE_VOTE from 577443f1-fefe-41e6-ac50-50037dc50964: our priority 1 > candidate's priority 0
2024-01-14 08:11:24,254 [grpc-default-executor-1] INFO  impl.VoteContext (VoteContext.java:log(49)) - 0ff4ee77-f176-4c42-9b93-2e8119131049@group-CC814C894A60-FOLLOWER: accept PRE_VOTE from 577443f1-fefe-41e6-ac50-50037dc50964: our priority 0 <= candidate's priority 0
2024-01-14 08:11:24,258 [grpc-default-executor-0] INFO  server.RaftServer$Division (RaftServerImpl.java:requestVote(1422)) - 58733d94-cb44-4f93-b9bc-90d3803fc47e@group-CC814C894A60 replies to PRE_VOTE vote request: 577443f1-fefe-41e6-ac50-50037dc50964<-58733d94-cb44-4f93-b9bc-90d3803fc47e#0:FAIL-t0. Peer's state: 58733d94-cb44-4f93-b9bc-90d3803fc47e@group-CC814C894A60:t0, leader=null, voted=, raftlog=Memoized:58733d94-cb44-4f93-b9bc-90d3803fc47e@group-CC814C894A60-SegmentedRaftLog:OPENED:c-1, conf=-1: peers:[58733d94-cb44-4f93-b9bc-90d3803fc47e|10.1.0.100:15023, 0ff4ee77-f176-4c42-9b93-2e8119131049|10.1.0.100:15032, 577443f1-fefe-41e6-ac50-50037dc50964|10.1.0.100:15014]|listeners:[], old=null
2024-01-14 08:11:24,258 [grpc-default-executor-1] INFO  server.RaftServer$Division (RaftServerImpl.java:requestVote(1422)) - 0ff4ee77-f176-4c42-9b93-2e8119131049@group-CC814C894A60 replies to PRE_VOTE vote request: 577443f1-fefe-41e6-ac50-50037dc50964<-0ff4ee77-f176-4c42-9b93-2e8119131049#0:OK-t0. Peer's state: 0ff4ee77-f176-4c42-9b93-2e8119131049@group-CC814C894A60:t0, leader=null, voted=, raftlog=Memoized:0ff4ee77-f176-4c42-9b93-2e8119131049@group-CC814C894A60-SegmentedRaftLog:OPENED:c-1, conf=-1: peers:[58733d94-cb44-4f93-b9bc-90d3803fc47e|10.1.0.100:15023, 0ff4ee77-f176-4c42-9b93-2e8119131049|10.1.0.100:15032, 577443f1-fefe-41e6-ac50-50037dc50964|10.1.0.100:15014]|listeners:[], old=null
2024-01-14 08:11:24,263 [577443f1-fefe-41e6-ac50-50037dc50964@group-CC814C894A60-LeaderElection3] INFO  impl.LeaderElection (LeaderElection.java:logAndReturn(89)) - 577443f1-fefe-41e6-ac50-50037dc50964@group-CC814C894A60-LeaderElection3: PRE_VOTE REJECTED received 2 response(s) and 0 exception(s):
2024-01-14 08:11:24,263 [577443f1-fefe-41e6-ac50-50037dc50964@group-CC814C894A60-LeaderElection3] INFO  impl.LeaderElection (LeaderElection.java:logAndReturn(93)) -   Response 0: 577443f1-fefe-41e6-ac50-50037dc50964<-58733d94-cb44-4f93-b9bc-90d3803fc47e#0:FAIL-t0
2024-01-14 08:11:24,263 [577443f1-fefe-41e6-ac50-50037dc50964@group-CC814C894A60-LeaderElection3] INFO  impl.LeaderElection (LeaderElection.java:logAndReturn(93)) -   Response 1: 577443f1-fefe-41e6-ac50-50037dc50964<-0ff4ee77-f176-4c42-9b93-2e8119131049#0:OK-t0
2024-01-14 08:11:24,263 [577443f1-fefe-41e6-ac50-50037dc50964@group-CC814C894A60-LeaderElection3] INFO  impl.LeaderElection (LeaderElection.java:askForVotes(323)) - 577443f1-fefe-41e6-ac50-50037dc50964@group-CC814C894A60-LeaderElection3 PRE_VOTE round 0: result REJECTED
2024-01-14 08:11:24,265 [577443f1-fefe-41e6-ac50-50037dc50964@group-CC814C894A60-LeaderElection3] INFO  server.RaftServer$Division (RaftServerImpl.java:setRole(383)) - 577443f1-fefe-41e6-ac50-50037dc50964@group-CC814C894A60: changes role from CANDIDATE to FOLLOWER at term 0 for REJECTED
2024-01-14 08:11:24,265 [577443f1-fefe-41e6-ac50-50037dc50964@group-CC814C894A60-LeaderElection3] INFO  impl.RoleInfo (RoleInfo.java:shutdownLeaderElection(130)) - 577443f1-fefe-41e6-ac50-50037dc50964: shutdown 577443f1-fefe-41e6-ac50-50037dc50964@group-CC814C894A60-LeaderElection3
2024-01-14 08:11:24,265 [577443f1-fefe-41e6-ac50-50037dc50964@group-CC814C894A60-LeaderElection3] INFO  impl.RoleInfo (RoleInfo.java:updateAndGet(139)) - 577443f1-fefe-41e6-ac50-50037dc50964: start 577443f1-fefe-41e6-ac50-50037dc50964@group-CC814C894A60-FollowerState
2024-01-14 08:11:24,265 [577443f1-fefe-41e6-ac50-50037dc50964@group-CC814C894A60-LeaderElection3] INFO  server.RaftServer$Division (RaftServerImpl.java:setFirstElection(574)) - 577443f1-fefe-41e6-ac50-50037dc50964@group-CC814C894A60: set firstElectionSinceStartup to false for REJECTED
2024-01-14 08:11:24,271 [58733d94-cb44-4f93-b9bc-90d3803fc47e@group-E6CAA1C4C346-FollowerState] INFO  impl.FollowerState (FollowerState.java:run(143)) - 58733d94-cb44-4f93-b9bc-90d3803fc47e@group-E6CAA1C4C346-FollowerState: change to CANDIDATE, lastRpcElapsedTime:5067104583ns, electionTimeout:5066ms
2024-01-14 08:11:24,271 [58733d94-cb44-4f93-b9bc-90d3803fc47e@group-E6CAA1C4C346-FollowerState] INFO  impl.RoleInfo (RoleInfo.java:shutdownFollowerState(110)) - 58733d94-cb44-4f93-b9bc-90d3803fc47e: shutdown 58733d94-cb44-4f93-b9bc-90d3803fc47e@group-E6CAA1C4C346-FollowerState
2024-01-14 08:11:24,272 [58733d94-cb44-4f93-b9bc-90d3803fc47e@group-E6CAA1C4C346-FollowerState] INFO  server.RaftServer$Division (RaftServerImpl.java:setRole(383)) - 58733d94-cb44-4f93-b9bc-90d3803fc47e@group-E6CAA1C4C346: changes role from  FOLLOWER to CANDIDATE at term 0 for changeToCandidate
2024-01-14 08:11:24,272 [58733d94-cb44-4f93-b9bc-90d3803fc47e@group-E6CAA1C4C346-FollowerState] INFO  server.RaftServerConfigKeys (ConfUtils.java:logGet(46)) - raft.server.leaderelection.pre-vote = true (default)
2024-01-14 08:11:24,272 [58733d94-cb44-4f93-b9bc-90d3803fc47e@group-E6CAA1C4C346-FollowerState] INFO  impl.RoleInfo (RoleInfo.java:updateAndGet(139)) - 58733d94-cb44-4f93-b9bc-90d3803fc47e: start 58733d94-cb44-4f93-b9bc-90d3803fc47e@group-E6CAA1C4C346-LeaderElection4
2024-01-14 08:11:24,273 [58733d94-cb44-4f93-b9bc-90d3803fc47e@group-E6CAA1C4C346-LeaderElection4] INFO  impl.LeaderElection (LeaderElection.java:askForVotes(321)) - 58733d94-cb44-4f93-b9bc-90d3803fc47e@group-E6CAA1C4C346-LeaderElection4 PRE_VOTE round 0: submit vote requests at term 0 for -1: peers:[58733d94-cb44-4f93-b9bc-90d3803fc47e|10.1.0.100:15023]|listeners:[], old=null
2024-01-14 08:11:24,273 [58733d94-cb44-4f93-b9bc-90d3803fc47e@group-E6CAA1C4C346-LeaderElection4] INFO  impl.LeaderElection (LeaderElection.java:askForVotes(323)) - 58733d94-cb44-4f93-b9bc-90d3803fc47e@group-E6CAA1C4C346-LeaderElection4 PRE_VOTE round 0: result PASSED (term=0)
2024-01-14 08:11:24,276 [58733d94-cb44-4f93-b9bc-90d3803fc47e@group-E6CAA1C4C346-LeaderElection4] INFO  impl.LeaderElection (LeaderElection.java:askForVotes(321)) - 58733d94-cb44-4f93-b9bc-90d3803fc47e@group-E6CAA1C4C346-LeaderElection4 ELECTION round 0: submit vote requests at term 1 for -1: peers:[58733d94-cb44-4f93-b9bc-90d3803fc47e|10.1.0.100:15023]|listeners:[], old=null
2024-01-14 08:11:24,276 [58733d94-cb44-4f93-b9bc-90d3803fc47e@group-E6CAA1C4C346-LeaderElection4] INFO  impl.LeaderElection (LeaderElection.java:askForVotes(323)) - 58733d94-cb44-4f93-b9bc-90d3803fc47e@group-E6CAA1C4C346-LeaderElection4 ELECTION round 0: result PASSED (term=1)
2024-01-14 08:11:24,276 [58733d94-cb44-4f93-b9bc-90d3803fc47e@group-E6CAA1C4C346-LeaderElection4] INFO  impl.RoleInfo (RoleInfo.java:shutdownLeaderElection(130)) - 58733d94-cb44-4f93-b9bc-90d3803fc47e: shutdown 58733d94-cb44-4f93-b9bc-90d3803fc47e@group-E6CAA1C4C346-LeaderElection4
2024-01-14 08:11:24,276 [58733d94-cb44-4f93-b9bc-90d3803fc47e@group-E6CAA1C4C346-LeaderElection4] INFO  server.RaftServer$Division (RaftServerImpl.java:setRole(383)) - 58733d94-cb44-4f93-b9bc-90d3803fc47e@group-E6CAA1C4C346: changes role from CANDIDATE to LEADER at term 1 for changeToLeader
2024-01-14 08:11:24,276 [58733d94-cb44-4f93-b9bc-90d3803fc47e@group-E6CAA1C4C346-LeaderElection4] INFO  server.RaftServerConfigKeys (ConfUtils.java:logGet(46)) - raft.server.staging.catchup.gap = 1000 (default)
2024-01-14 08:11:24,277 [58733d94-cb44-4f93-b9bc-90d3803fc47e@group-E6CAA1C4C346-LeaderElection4] INFO  server.RaftServerConfigKeys (ConfUtils.java:logGet(46)) - raft.server.write.element-limit = 1024 (custom)
2024-01-14 08:11:24,277 [58733d94-cb44-4f93-b9bc-90d3803fc47e@group-E6CAA1C4C346-LeaderElection4] INFO  server.RaftServerConfigKeys (ConfUtils.java:logGet(46)) - raft.server.write.byte-limit = 1024 M (=1073741824) (custom)
2024-01-14 08:11:24,277 [58733d94-cb44-4f93-b9bc-90d3803fc47e@group-E6CAA1C4C346-LeaderElection4] INFO  server.RaftServerConfigKeys (ConfUtils.java:logGet(46)) - raft.server.watch.timeout = 3000ms (custom)
2024-01-14 08:11:24,277 [58733d94-cb44-4f93-b9bc-90d3803fc47e@group-E6CAA1C4C346-LeaderElection4] INFO  server.RaftServerConfigKeys (ConfUtils.java:logGet(46)) - raft.server.watch.timeout.denomination = 1s (default)
2024-01-14 08:11:24,277 [58733d94-cb44-4f93-b9bc-90d3803fc47e@group-E6CAA1C4C346-LeaderElection4] INFO  server.RaftServerConfigKeys (ConfUtils.java:logGet(46)) - raft.server.watch.element-limit = 65536 (default)
2024-01-14 08:11:24,277 [58733d94-cb44-4f93-b9bc-90d3803fc47e@group-E6CAA1C4C346-LeaderElection4] INFO  server.RaftServerConfigKeys (ConfUtils.java:logGet(46)) - raft.server.read.leader.lease.enabled = false (default)
2024-01-14 08:11:24,278 [58733d94-cb44-4f93-b9bc-90d3803fc47e@group-E6CAA1C4C346-LeaderElection4] INFO  server.RaftServerConfigKeys (ConfUtils.java:logGet(46)) - raft.server.read.leader.lease.timeout.ratio = 0.9 (default)
2024-01-14 08:11:24,278 [58733d94-cb44-4f93-b9bc-90d3803fc47e@group-E6CAA1C4C346-LeaderElection4] INFO  server.RaftServerConfigKeys (ConfUtils.java:logGet(46)) - raft.server.rpc.timeout.min = 5s (custom)
2024-01-14 08:11:24,278 [58733d94-cb44-4f93-b9bc-90d3803fc47e@group-E6CAA1C4C346-LeaderElection4] INFO  server.RaftServerConfigKeys (ConfUtils.java:logGet(46)) - raft.server.write.element-limit = 1024 (custom)
2024-01-14 08:11:24,278 [58733d94-cb44-4f93-b9bc-90d3803fc47e@group-E6CAA1C4C346-LeaderElection4] INFO  server.RaftServerConfigKeys (ConfUtils.java:logGet(46)) - raft.server.write.follower.gap.ratio.max = -1.0 (default)
2024-01-14 08:11:24,278 [58733d94-cb44-4f93-b9bc-90d3803fc47e@group-E6CAA1C4C346-LeaderElection4] INFO  impl.RoleInfo (RoleInfo.java:updateAndGet(139)) - 58733d94-cb44-4f93-b9bc-90d3803fc47e: start 58733d94-cb44-4f93-b9bc-90d3803fc47e@group-E6CAA1C4C346-LeaderStateImpl
2024-01-14 08:11:24,278 [58733d94-cb44-4f93-b9bc-90d3803fc47e@group-E6CAA1C4C346-LeaderElection4] INFO  server.RaftServer$Division (RaftServerImpl.java:setFirstElection(574)) - 58733d94-cb44-4f93-b9bc-90d3803fc47e@group-E6CAA1C4C346: set firstElectionSinceStartup to false for becomeLeader
2024-01-14 08:11:24,278 [58733d94-cb44-4f93-b9bc-90d3803fc47e@group-E6CAA1C4C346-LeaderElection4] INFO  ratis.XceiverServerRatis (XceiverServerRatis.java:handleLeaderChangedNotification(945)) - Leader change notification received for group: group-E6CAA1C4C346 with new leaderId: 58733d94-cb44-4f93-b9bc-90d3803fc47e
2024-01-14 08:11:24,278 [58733d94-cb44-4f93-b9bc-90d3803fc47e@group-E6CAA1C4C346-LeaderElection4] INFO  server.RaftServer$Division (ServerState.java:setLeader(269)) - 58733d94-cb44-4f93-b9bc-90d3803fc47e@group-E6CAA1C4C346: change Leader from null to 58733d94-cb44-4f93-b9bc-90d3803fc47e at term 1 for becomeLeader, leader elected after 5101ms
2024-01-14 08:11:24,278 [58733d94-cb44-4f93-b9bc-90d3803fc47e@group-E6CAA1C4C346-LeaderElection4] INFO  segmented.SegmentedRaftLogWorker (SegmentedRaftLogWorker.java:startLogSegment(430)) - 58733d94-cb44-4f93-b9bc-90d3803fc47e@group-E6CAA1C4C346-SegmentedRaftLogWorker: Starting segment from index:0
2024-01-14 08:11:24,281 [EventQueue-OpenPipelineForHealthyPipelineSafeModeRule] INFO  safemode.SCMSafeModeManager (HealthyPipelineSafeModeRule.java:process(140)) - SCM in safe mode. Healthy pipelines reported count is 0, required healthy pipeline reported count is 1
2024-01-14 08:11:24,279 [58733d94-cb44-4f93-b9bc-90d3803fc47e@group-E6CAA1C4C346-SegmentedRaftLogWorker] INFO  segmented.BufferedWriteChannel (BufferedWriteChannel.java:open(62)) - open log_inprogress_0 at position 0
2024-01-14 08:11:24,281 [58733d94-cb44-4f93-b9bc-90d3803fc47e@group-E6CAA1C4C346-LeaderElection4] INFO  server.RaftServer$Division (ServerState.java:setRaftConf(386)) - 58733d94-cb44-4f93-b9bc-90d3803fc47e@group-E6CAA1C4C346: set configuration 0: peers:[58733d94-cb44-4f93-b9bc-90d3803fc47e|10.1.0.100:15023]|listeners:[], old=null
2024-01-14 08:11:24,290 [58733d94-cb44-4f93-b9bc-90d3803fc47e@group-E6CAA1C4C346-SegmentedRaftLogWorker] INFO  segmented.SegmentedRaftLogWorker (SegmentedRaftLogWorker.java:execute(634)) - 58733d94-cb44-4f93-b9bc-90d3803fc47e@group-E6CAA1C4C346-SegmentedRaftLogWorker: created new log segment /home/runner/work/ozone/ozone/hadoop-ozone/integration-test/target/test-dir/MiniOzoneClusterImpl-d05e4a2c-755f-4d37-936b-30aea24b9535/datanode-1/data/ratis/8b5b60e5-9357-4b70-85f0-e6caa1c4c346/current/log_inprogress_0
2024-01-14 08:11:24,292 [58733d94-cb44-4f93-b9bc-90d3803fc47e@group-E6CAA1C4C346-StateMachineUpdater] INFO  server.RaftServer$Division (LeaderStateImpl.java:isApplied(320)) - leader is ready since appliedIndex == 0 >= startIndex == 0
2024-01-14 08:11:24,346 [58733d94-cb44-4f93-b9bc-90d3803fc47e@group-CC814C894A60-FollowerState] INFO  impl.FollowerState (FollowerState.java:run(143)) - 58733d94-cb44-4f93-b9bc-90d3803fc47e@group-CC814C894A60-FollowerState: change to CANDIDATE, lastRpcElapsedTime:5115321125ns, electionTimeout:5114ms
2024-01-14 08:11:24,346 [58733d94-cb44-4f93-b9bc-90d3803fc47e@group-CC814C894A60-FollowerState] INFO  impl.RoleInfo (RoleInfo.java:shutdownFollowerState(110)) - 58733d94-cb44-4f93-b9bc-90d3803fc47e: shutdown 58733d94-cb44-4f93-b9bc-90d3803fc47e@group-CC814C894A60-FollowerState
2024-01-14 08:11:24,346 [58733d94-cb44-4f93-b9bc-90d3803fc47e@group-CC814C894A60-FollowerState] INFO  server.RaftServer$Division (RaftServerImpl.java:setRole(383)) - 58733d94-cb44-4f93-b9bc-90d3803fc47e@group-CC814C894A60: changes role from  FOLLOWER to CANDIDATE at term 0 for changeToCandidate
2024-01-14 08:11:24,347 [58733d94-cb44-4f93-b9bc-90d3803fc47e@group-CC814C894A60-FollowerState] INFO  server.RaftServerConfigKeys (ConfUtils.java:logGet(46)) - raft.server.leaderelection.pre-vote = true (default)
2024-01-14 08:11:24,347 [58733d94-cb44-4f93-b9bc-90d3803fc47e@group-CC814C894A60-FollowerState] INFO  impl.RoleInfo (RoleInfo.java:updateAndGet(139)) - 58733d94-cb44-4f93-b9bc-90d3803fc47e: start 58733d94-cb44-4f93-b9bc-90d3803fc47e@group-CC814C894A60-LeaderElection5
2024-01-14 08:11:24,348 [58733d94-cb44-4f93-b9bc-90d3803fc47e@group-CC814C894A60-LeaderElection5] INFO  impl.LeaderElection (LeaderElection.java:askForVotes(321)) - 58733d94-cb44-4f93-b9bc-90d3803fc47e@group-CC814C894A60-LeaderElection5 PRE_VOTE round 0: submit vote requests at term 0 for -1: peers:[58733d94-cb44-4f93-b9bc-90d3803fc47e|10.1.0.100:15023, 0ff4ee77-f176-4c42-9b93-2e8119131049|10.1.0.100:15032, 577443f1-fefe-41e6-ac50-50037dc50964|10.1.0.100:15014]|listeners:[], old=null
2024-01-14 08:11:24,348 [58733d94-cb44-4f93-b9bc-90d3803fc47e@group-CC814C894A60-LeaderElection5-1] INFO  server.GrpcServerProtocolClient (GrpcServerProtocolClient.java:<init>(65)) - Build channel for 0ff4ee77-f176-4c42-9b93-2e8119131049|10.1.0.100:15032
2024-01-14 08:11:24,348 [58733d94-cb44-4f93-b9bc-90d3803fc47e@group-CC814C894A60-LeaderElection5] INFO  server.RaftServerConfigKeys (ConfUtils.java:logFallback(53)) - raft.server.rpc.first-election.timeout.min = 5s (fallback to raft.server.rpc.timeout.min)
2024-01-14 08:11:24,348 [58733d94-cb44-4f93-b9bc-90d3803fc47e@group-CC814C894A60-LeaderElection5-2] INFO  server.GrpcServerProtocolClient (GrpcServerProtocolClient.java:<init>(65)) - Build channel for 577443f1-fefe-41e6-ac50-50037dc50964|10.1.0.100:15014
2024-01-14 08:11:24,348 [58733d94-cb44-4f93-b9bc-90d3803fc47e@group-CC814C894A60-LeaderElection5] INFO  server.RaftServerConfigKeys (ConfUtils.java:logFallback(53)) - raft.server.rpc.first-election.timeout.max = 5200ms (fallback to raft.server.rpc.timeout.max)
2024-01-14 08:11:24,357 [grpc-default-executor-0] INFO  server.RaftServer$Division (RaftServerImpl.java:requestVote(1389)) - 0ff4ee77-f176-4c42-9b93-2e8119131049@group-CC814C894A60: receive requestVote(PRE_VOTE, 58733d94-cb44-4f93-b9bc-90d3803fc47e, group-CC814C894A60, 0, (t:0, i:0))
2024-01-14 08:11:24,358 [grpc-default-executor-0] INFO  impl.VoteContext (VoteContext.java:log(49)) - 0ff4ee77-f176-4c42-9b93-2e8119131049@group-CC814C894A60-FOLLOWER: accept PRE_VOTE from 58733d94-cb44-4f93-b9bc-90d3803fc47e: our priority 0 <= candidate's priority 1
2024-01-14 08:11:24,358 [grpc-default-executor-0] INFO  server.RaftServer$Division (RaftServerImpl.java:requestVote(1422)) - 0ff4ee77-f176-4c42-9b93-2e8119131049@group-CC814C894A60 replies to PRE_VOTE vote request: 58733d94-cb44-4f93-b9bc-90d3803fc47e<-0ff4ee77-f176-4c42-9b93-2e8119131049#0:OK-t0. Peer's state: 0ff4ee77-f176-4c42-9b93-2e8119131049@group-CC814C894A60:t0, leader=null, voted=, raftlog=Memoized:0ff4ee77-f176-4c42-9b93-2e8119131049@group-CC814C894A60-SegmentedRaftLog:OPENED:c-1, conf=-1: peers:[58733d94-cb44-4f93-b9bc-90d3803fc47e|10.1.0.100:15023, 0ff4ee77-f176-4c42-9b93-2e8119131049|10.1.0.100:15032, 577443f1-fefe-41e6-ac50-50037dc50964|10.1.0.100:15014]|listeners:[], old=null
2024-01-14 08:11:24,360 [grpc-default-executor-0] INFO  server.RaftServer$Division (RaftServerImpl.java:requestVote(1389)) - 577443f1-fefe-41e6-ac50-50037dc50964@group-CC814C894A60: receive requestVote(PRE_VOTE, 58733d94-cb44-4f93-b9bc-90d3803fc47e, group-CC814C894A60, 0, (t:0, i:0))
2024-01-14 08:11:24,360 [grpc-default-executor-0] INFO  impl.VoteContext (VoteContext.java:log(49)) - 577443f1-fefe-41e6-ac50-50037dc50964@group-CC814C894A60-FOLLOWER: accept PRE_VOTE from 58733d94-cb44-4f93-b9bc-90d3803fc47e: our priority 0 <= candidate's priority 1
2024-01-14 08:11:24,360 [58733d94-cb44-4f93-b9bc-90d3803fc47e@group-CC814C894A60-LeaderElection5] INFO  impl.LeaderElection (LeaderElection.java:logAndReturn(89)) - 58733d94-cb44-4f93-b9bc-90d3803fc47e@group-CC814C894A60-LeaderElection5: PRE_VOTE PASSED received 1 response(s) and 0 exception(s):
2024-01-14 08:11:24,361 [grpc-default-executor-0] INFO  server.RaftServer$Division (RaftServerImpl.java:requestVote(1422)) - 577443f1-fefe-41e6-ac50-50037dc50964@group-CC814C894A60 replies to PRE_VOTE vote request: 58733d94-cb44-4f93-b9bc-90d3803fc47e<-577443f1-fefe-41e6-ac50-50037dc50964#0:OK-t0. Peer's state: 577443f1-fefe-41e6-ac50-50037dc50964@group-CC814C894A60:t0, leader=null, voted=, raftlog=Memoized:577443f1-fefe-41e6-ac50-50037dc50964@group-CC814C894A60-SegmentedRaftLog:OPENED:c-1, conf=-1: peers:[58733d94-cb44-4f93-b9bc-90d3803fc47e|10.1.0.100:15023, 0ff4ee77-f176-4c42-9b93-2e8119131049|10.1.0.100:15032, 577443f1-fefe-41e6-ac50-50037dc50964|10.1.0.100:15014]|listeners:[], old=null
2024-01-14 08:11:24,361 [58733d94-cb44-4f93-b9bc-90d3803fc47e@group-CC814C894A60-LeaderElection5] INFO  impl.LeaderElection (LeaderElection.java:logAndReturn(93)) -   Response 0: 58733d94-cb44-4f93-b9bc-90d3803fc47e<-0ff4ee77-f176-4c42-9b93-2e8119131049#0:OK-t0
2024-01-14 08:11:24,361 [58733d94-cb44-4f93-b9bc-90d3803fc47e@group-CC814C894A60-LeaderElection5] INFO  impl.LeaderElection (LeaderElection.java:askForVotes(323)) - 58733d94-cb44-4f93-b9bc-90d3803fc47e@group-CC814C894A60-LeaderElection5 PRE_VOTE round 0: result PASSED
2024-01-14 08:11:24,363 [58733d94-cb44-4f93-b9bc-90d3803fc47e@group-CC814C894A60-LeaderElection5] INFO  impl.LeaderElection (LeaderElection.java:askForVotes(321)) - 58733d94-cb44-4f93-b9bc-90d3803fc47e@group-CC814C894A60-LeaderElection5 ELECTION round 0: submit vote requests at term 1 for -1: peers:[58733d94-cb44-4f93-b9bc-90d3803fc47e|10.1.0.100:15023, 0ff4ee77-f176-4c42-9b93-2e8119131049|10.1.0.100:15032, 577443f1-fefe-41e6-ac50-50037dc50964|10.1.0.100:15014]|listeners:[], old=null
2024-01-14 08:11:24,365 [58733d94-cb44-4f93-b9bc-90d3803fc47e@group-CC814C894A60-LeaderElection5] INFO  server.RaftServerConfigKeys (ConfUtils.java:logFallback(53)) - raft.server.rpc.first-election.timeout.min = 5s (fallback to raft.server.rpc.timeout.min)
2024-01-14 08:11:24,365 [58733d94-cb44-4f93-b9bc-90d3803fc47e@group-CC814C894A60-LeaderElection5] INFO  server.RaftServerConfigKeys (ConfUtils.java:logFallback(53)) - raft.server.rpc.first-election.timeout.max = 5200ms (fallback to raft.server.rpc.timeout.max)
2024-01-14 08:11:24,368 [grpc-default-executor-0] INFO  server.RaftServer$Division (RaftServerImpl.java:requestVote(1389)) - 0ff4ee77-f176-4c42-9b93-2e8119131049@group-CC814C894A60: receive requestVote(ELECTION, 58733d94-cb44-4f93-b9bc-90d3803fc47e, group-CC814C894A60, 1, (t:0, i:0))
2024-01-14 08:11:24,368 [grpc-default-executor-0] INFO  impl.VoteContext (VoteContext.java:log(49)) - 0ff4ee77-f176-4c42-9b93-2e8119131049@group-CC814C894A60-FOLLOWER: accept ELECTION from 58733d94-cb44-4f93-b9bc-90d3803fc47e: our priority 0 <= candidate's priority 1
2024-01-14 08:11:24,368 [grpc-default-executor-0] INFO  server.RaftServer$Division (RaftServerImpl.java:setRole(383)) - 0ff4ee77-f176-4c42-9b93-2e8119131049@group-CC814C894A60: changes role from  FOLLOWER to FOLLOWER at term 1 for candidate:58733d94-cb44-4f93-b9bc-90d3803fc47e
2024-01-14 08:11:24,369 [grpc-default-executor-0] INFO  impl.RoleInfo (RoleInfo.java:shutdownFollowerState(110)) - 0ff4ee77-f176-4c42-9b93-2e8119131049: shutdown 0ff4ee77-f176-4c42-9b93-2e8119131049@group-CC814C894A60-FollowerState
2024-01-14 08:11:24,369 [0ff4ee77-f176-4c42-9b93-2e8119131049@group-CC814C894A60-FollowerState] INFO  impl.FollowerState (FollowerState.java:run(152)) - 0ff4ee77-f176-4c42-9b93-2e8119131049@group-CC814C894A60-FollowerState was interrupted
2024-01-14 08:11:24,370 [grpc-default-executor-0] INFO  impl.RoleInfo (RoleInfo.java:updateAndGet(139)) - 0ff4ee77-f176-4c42-9b93-2e8119131049: start 0ff4ee77-f176-4c42-9b93-2e8119131049@group-CC814C894A60-FollowerState
2024-01-14 08:11:24,371 [grpc-default-executor-1] INFO  server.RaftServer$Division (RaftServerImpl.java:requestVote(1389)) - 577443f1-fefe-41e6-ac50-50037dc50964@group-CC814C894A60: receive requestVote(ELECTION, 58733d94-cb44-4f93-b9bc-90d3803fc47e, group-CC814C894A60, 1, (t:0, i:0))
2024-01-14 08:11:24,371 [grpc-default-executor-1] INFO  impl.VoteContext (VoteContext.java:log(49)) - 577443f1-fefe-41e6-ac50-50037dc50964@group-CC814C894A60-FOLLOWER: accept ELECTION from 58733d94-cb44-4f93-b9bc-90d3803fc47e: our priority 0 <= candidate's priority 1
2024-01-14 08:11:24,371 [grpc-default-executor-1] INFO  server.RaftServer$Division (RaftServerImpl.java:setRole(383)) - 577443f1-fefe-41e6-ac50-50037dc50964@group-CC814C894A60: changes role from  FOLLOWER to FOLLOWER at term 1 for candidate:58733d94-cb44-4f93-b9bc-90d3803fc47e
2024-01-14 08:11:24,371 [grpc-default-executor-1] INFO  impl.RoleInfo (RoleInfo.java:shutdownFollowerState(110)) - 577443f1-fefe-41e6-ac50-50037dc50964: shutdown 577443f1-fefe-41e6-ac50-50037dc50964@group-CC814C894A60-FollowerState
2024-01-14 08:11:24,371 [grpc-default-executor-1] INFO  impl.RoleInfo (RoleInfo.java:updateAndGet(139)) - 577443f1-fefe-41e6-ac50-50037dc50964: start 577443f1-fefe-41e6-ac50-50037dc50964@group-CC814C894A60-FollowerState
2024-01-14 08:11:24,371 [577443f1-fefe-41e6-ac50-50037dc50964@group-CC814C894A60-FollowerState] INFO  impl.FollowerState (FollowerState.java:run(152)) - 577443f1-fefe-41e6-ac50-50037dc50964@group-CC814C894A60-FollowerState was interrupted
2024-01-14 08:11:24,372 [grpc-default-executor-0] INFO  server.RaftServer$Division (RaftServerImpl.java:setFirstElection(574)) - 0ff4ee77-f176-4c42-9b93-2e8119131049@group-CC814C894A60: set firstElectionSinceStartup to false for candidate:58733d94-cb44-4f93-b9bc-90d3803fc47e
2024-01-14 08:11:24,373 [grpc-default-executor-0] INFO  server.RaftServer$Division (RaftServerImpl.java:requestVote(1422)) - 0ff4ee77-f176-4c42-9b93-2e8119131049@group-CC814C894A60 replies to ELECTION vote request: 58733d94-cb44-4f93-b9bc-90d3803fc47e<-0ff4ee77-f176-4c42-9b93-2e8119131049#0:OK-t1. Peer's state: 0ff4ee77-f176-4c42-9b93-2e8119131049@group-CC814C894A60:t1, leader=null, voted=58733d94-cb44-4f93-b9bc-90d3803fc47e, raftlog=Memoized:0ff4ee77-f176-4c42-9b93-2e8119131049@group-CC814C894A60-SegmentedRaftLog:OPENED:c-1, conf=-1: peers:[58733d94-cb44-4f93-b9bc-90d3803fc47e|10.1.0.100:15023, 0ff4ee77-f176-4c42-9b93-2e8119131049|10.1.0.100:15032, 577443f1-fefe-41e6-ac50-50037dc50964|10.1.0.100:15014]|listeners:[], old=null
2024-01-14 08:11:24,373 [grpc-default-executor-1] INFO  server.RaftServer$Division (RaftServerImpl.java:requestVote(1422)) - 577443f1-fefe-41e6-ac50-50037dc50964@group-CC814C894A60 replies to ELECTION vote request: 58733d94-cb44-4f93-b9bc-90d3803fc47e<-577443f1-fefe-41e6-ac50-50037dc50964#0:OK-t1. Peer's state: 577443f1-fefe-41e6-ac50-50037dc50964@group-CC814C894A60:t1, leader=null, voted=58733d94-cb44-4f93-b9bc-90d3803fc47e, raftlog=Memoized:577443f1-fefe-41e6-ac50-50037dc50964@group-CC814C894A60-SegmentedRaftLog:OPENED:c-1, conf=-1: peers:[58733d94-cb44-4f93-b9bc-90d3803fc47e|10.1.0.100:15023, 0ff4ee77-f176-4c42-9b93-2e8119131049|10.1.0.100:15032, 577443f1-fefe-41e6-ac50-50037dc50964|10.1.0.100:15014]|listeners:[], old=null
2024-01-14 08:11:24,374 [58733d94-cb44-4f93-b9bc-90d3803fc47e@group-CC814C894A60-LeaderElection5] INFO  impl.LeaderElection (LeaderElection.java:logAndReturn(89)) - 58733d94-cb44-4f93-b9bc-90d3803fc47e@group-CC814C894A60-LeaderElection5: ELECTION PASSED received 1 response(s) and 0 exception(s):
2024-01-14 08:11:24,375 [58733d94-cb44-4f93-b9bc-90d3803fc47e@group-CC814C894A60-LeaderElection5] INFO  impl.LeaderElection (LeaderElection.java:logAndReturn(93)) -   Response 0: 58733d94-cb44-4f93-b9bc-90d3803fc47e<-577443f1-fefe-41e6-ac50-50037dc50964#0:OK-t1
2024-01-14 08:11:24,375 [58733d94-cb44-4f93-b9bc-90d3803fc47e@group-CC814C894A60-LeaderElection5] INFO  impl.LeaderElection (LeaderElection.java:askForVotes(323)) - 58733d94-cb44-4f93-b9bc-90d3803fc47e@group-CC814C894A60-LeaderElection5 ELECTION round 0: result PASSED
2024-01-14 08:11:24,376 [58733d94-cb44-4f93-b9bc-90d3803fc47e@group-CC814C894A60-LeaderElection5] INFO  impl.RoleInfo (RoleInfo.java:shutdownLeaderElection(130)) - 58733d94-cb44-4f93-b9bc-90d3803fc47e: shutdown 58733d94-cb44-4f93-b9bc-90d3803fc47e@group-CC814C894A60-LeaderElection5
2024-01-14 08:11:24,376 [58733d94-cb44-4f93-b9bc-90d3803fc47e@group-CC814C894A60-LeaderElection5] INFO  server.RaftServer$Division (RaftServerImpl.java:setRole(383)) - 58733d94-cb44-4f93-b9bc-90d3803fc47e@group-CC814C894A60: changes role from CANDIDATE to LEADER at term 1 for changeToLeader
2024-01-14 08:11:24,376 [58733d94-cb44-4f93-b9bc-90d3803fc47e@group-CC814C894A60-LeaderElection5] INFO  server.RaftServerConfigKeys (ConfUtils.java:logGet(46)) - raft.server.staging.catchup.gap = 1000 (default)
2024-01-14 08:11:24,376 [58733d94-cb44-4f93-b9bc-90d3803fc47e@group-CC814C894A60-LeaderElection5] INFO  server.RaftServerConfigKeys (ConfUtils.java:logGet(46)) - raft.server.write.element-limit = 1024 (custom)
2024-01-14 08:11:24,376 [58733d94-cb44-4f93-b9bc-90d3803fc47e@group-CC814C894A60-LeaderElection5] INFO  server.RaftServerConfigKeys (ConfUtils.java:logGet(46)) - raft.server.write.byte-limit = 1024 M (=1073741824) (custom)
2024-01-14 08:11:24,377 [58733d94-cb44-4f93-b9bc-90d3803fc47e@group-CC814C894A60-LeaderElection5] INFO  server.RaftServerConfigKeys (ConfUtils.java:logGet(46)) - raft.server.watch.timeout = 3000ms (custom)
2024-01-14 08:11:24,377 [58733d94-cb44-4f93-b9bc-90d3803fc47e@group-CC814C894A60-LeaderElection5] INFO  server.RaftServerConfigKeys (ConfUtils.java:logGet(46)) - raft.server.watch.timeout.denomination = 1s (default)
2024-01-14 08:11:24,377 [58733d94-cb44-4f93-b9bc-90d3803fc47e@group-CC814C894A60-LeaderElection5] INFO  server.RaftServerConfigKeys (ConfUtils.java:logGet(46)) - raft.server.watch.element-limit = 65536 (default)
2024-01-14 08:11:24,377 [58733d94-cb44-4f93-b9bc-90d3803fc47e@group-CC814C894A60-LeaderElection5] INFO  server.RaftServerConfigKeys (ConfUtils.java:logGet(46)) - raft.server.read.leader.lease.enabled = false (default)
2024-01-14 08:11:24,377 [58733d94-cb44-4f93-b9bc-90d3803fc47e@group-CC814C894A60-LeaderElection5] INFO  server.RaftServerConfigKeys (ConfUtils.java:logGet(46)) - raft.server.read.leader.lease.timeout.ratio = 0.9 (default)
2024-01-14 08:11:24,377 [58733d94-cb44-4f93-b9bc-90d3803fc47e@group-CC814C894A60-LeaderElection5] INFO  server.RaftServerConfigKeys (ConfUtils.java:logGet(46)) - raft.server.rpc.timeout.min = 5s (custom)
2024-01-14 08:11:24,377 [58733d94-cb44-4f93-b9bc-90d3803fc47e@group-CC814C894A60-LeaderElection5] INFO  server.RaftServerConfigKeys (ConfUtils.java:logGet(46)) - raft.server.write.element-limit = 1024 (custom)
2024-01-14 08:11:24,377 [58733d94-cb44-4f93-b9bc-90d3803fc47e@group-CC814C894A60-LeaderElection5] INFO  server.RaftServerConfigKeys (ConfUtils.java:logGet(46)) - raft.server.write.follower.gap.ratio.max = -1.0 (default)
2024-01-14 08:11:24,385 [58733d94-cb44-4f93-b9bc-90d3803fc47e@group-CC814C894A60-LeaderElection5] INFO  server.RaftServerConfigKeys (ConfUtils.java:logGet(46)) - raft.server.log.appender.snapshot.chunk.size.max = 16MB (=16777216) (default)
2024-01-14 08:11:24,386 [58733d94-cb44-4f93-b9bc-90d3803fc47e@group-CC814C894A60-LeaderElection5] INFO  server.RaftServerConfigKeys (ConfUtils.java:logGet(46)) - raft.server.log.appender.buffer.byte-limit = 8388608 (custom)
2024-01-14 08:11:24,386 [58733d94-cb44-4f93-b9bc-90d3803fc47e@group-CC814C894A60-LeaderElection5] INFO  server.RaftServerConfigKeys (ConfUtils.java:logGet(46)) - raft.server.log.appender.buffer.element-limit = 1 (custom)
2024-01-14 08:11:24,388 [58733d94-cb44-4f93-b9bc-90d3803fc47e@group-CC814C894A60-LeaderElection5] INFO  server.RaftServerConfigKeys (ConfUtils.java:logGet(46)) - raft.server.log.appender.wait-time.min = 0ms (custom)
2024-01-14 08:11:24,389 [58733d94-cb44-4f93-b9bc-90d3803fc47e@group-CC814C894A60-LeaderElection5] INFO  grpc.GrpcConfigKeys (ConfUtils.java:logGet(46)) - raft.grpc.server.leader.outstanding.appends.max = 8 (default)
2024-01-14 08:11:24,389 [58733d94-cb44-4f93-b9bc-90d3803fc47e@group-CC814C894A60-LeaderElection5] INFO  server.RaftServerConfigKeys (ConfUtils.java:logGet(46)) - raft.server.rpc.request.timeout = 3000ms (default)
2024-01-14 08:11:24,389 [58733d94-cb44-4f93-b9bc-90d3803fc47e@group-CC814C894A60-LeaderElection5] INFO  grpc.GrpcConfigKeys (ConfUtils.java:logGet(46)) - raft.grpc.server.install_snapshot.request.element-limit = 8 (default)
2024-01-14 08:11:24,389 [58733d94-cb44-4f93-b9bc-90d3803fc47e@group-CC814C894A60-LeaderElection5] INFO  grpc.GrpcConfigKeys (ConfUtils.java:logGet(46)) - raft.grpc.server.install_snapshot.request.timeout = 3000ms (default)
2024-01-14 08:11:24,389 [58733d94-cb44-4f93-b9bc-90d3803fc47e@group-CC814C894A60-LeaderElection5] INFO  grpc.GrpcConfigKeys (ConfUtils.java:logGet(46)) - raft.grpc.server.log-message.batch.duration = 5s (default)
2024-01-14 08:11:24,389 [58733d94-cb44-4f93-b9bc-90d3803fc47e@group-CC814C894A60-LeaderElection5] INFO  server.RaftServerConfigKeys (ConfUtils.java:logGet(46)) - raft.server.log.appender.install.snapshot.enabled = false (custom)
2024-01-14 08:11:24,389 [58733d94-cb44-4f93-b9bc-90d3803fc47e@group-CC814C894A60-LeaderElection5] INFO  grpc.GrpcConfigKeys (ConfUtils.java:logGet(46)) - raft.grpc.server.heartbeat.channel = true (default)
2024-01-14 08:11:24,392 [58733d94-cb44-4f93-b9bc-90d3803fc47e@group-CC814C894A60-LeaderElection5] INFO  server.RaftServerConfigKeys (ConfUtils.java:logGet(46)) - raft.server.log.appender.snapshot.chunk.size.max = 16MB (=16777216) (default)
2024-01-14 08:11:24,392 [58733d94-cb44-4f93-b9bc-90d3803fc47e@group-CC814C894A60-LeaderElection5] INFO  server.RaftServerConfigKeys (ConfUtils.java:logGet(46)) - raft.server.log.appender.buffer.byte-limit = 8388608 (custom)
2024-01-14 08:11:24,392 [58733d94-cb44-4f93-b9bc-90d3803fc47e@group-CC814C894A60-LeaderElection5] INFO  server.RaftServerConfigKeys (ConfUtils.java:logGet(46)) - raft.server.log.appender.buffer.element-limit = 1 (custom)
2024-01-14 08:11:24,392 [58733d94-cb44-4f93-b9bc-90d3803fc47e@group-CC814C894A60-LeaderElection5] INFO  server.RaftServerConfigKeys (ConfUtils.java:logGet(46)) - raft.server.log.appender.wait-time.min = 0ms (custom)
2024-01-14 08:11:24,392 [58733d94-cb44-4f93-b9bc-90d3803fc47e@group-CC814C894A60-LeaderElection5] INFO  grpc.GrpcConfigKeys (ConfUtils.java:logGet(46)) - raft.grpc.server.leader.outstanding.appends.max = 8 (default)
2024-01-14 08:11:24,392 [58733d94-cb44-4f93-b9bc-90d3803fc47e@group-CC814C894A60-LeaderElection5] INFO  server.RaftServerConfigKeys (ConfUtils.java:logGet(46)) - raft.server.rpc.request.timeout = 3000ms (default)
2024-01-14 08:11:24,392 [58733d94-cb44-4f93-b9bc-90d3803fc47e@group-CC814C894A60-LeaderElection5] INFO  grpc.GrpcConfigKeys (ConfUtils.java:logGet(46)) - raft.grpc.server.install_snapshot.request.element-limit = 8 (default)
2024-01-14 08:11:24,392 [58733d94-cb44-4f93-b9bc-90d3803fc47e@group-CC814C894A60-LeaderElection5] INFO  grpc.GrpcConfigKeys (ConfUtils.java:logGet(46)) - raft.grpc.server.install_snapshot.request.timeout = 3000ms (default)
2024-01-14 08:11:24,392 [58733d94-cb44-4f93-b9bc-90d3803fc47e@group-CC814C894A60-LeaderElection5] INFO  grpc.GrpcConfigKeys (ConfUtils.java:logGet(46)) - raft.grpc.server.log-message.batch.duration = 5s (default)
2024-01-14 08:11:24,392 [58733d94-cb44-4f93-b9bc-90d3803fc47e@group-CC814C894A60-LeaderElection5] INFO  server.RaftServerConfigKeys (ConfUtils.java:logGet(46)) - raft.server.log.appender.install.snapshot.enabled = false (custom)
2024-01-14 08:11:24,393 [58733d94-cb44-4f93-b9bc-90d3803fc47e@group-CC814C894A60-LeaderElection5] INFO  grpc.GrpcConfigKeys (ConfUtils.java:logGet(46)) - raft.grpc.server.heartbeat.channel = true (default)
2024-01-14 08:11:24,393 [58733d94-cb44-4f93-b9bc-90d3803fc47e@group-CC814C894A60-LeaderElection5] INFO  impl.RoleInfo (RoleInfo.java:updateAndGet(139)) - 58733d94-cb44-4f93-b9bc-90d3803fc47e: start 58733d94-cb44-4f93-b9bc-90d3803fc47e@group-CC814C894A60-LeaderStateImpl
2024-01-14 08:11:24,393 [58733d94-cb44-4f93-b9bc-90d3803fc47e@group-CC814C894A60-LeaderElection5] INFO  server.RaftServer$Division (RaftServerImpl.java:setFirstElection(574)) - 58733d94-cb44-4f93-b9bc-90d3803fc47e@group-CC814C894A60: set firstElectionSinceStartup to false for becomeLeader
2024-01-14 08:11:24,393 [58733d94-cb44-4f93-b9bc-90d3803fc47e@group-CC814C894A60-LeaderElection5] INFO  ratis.XceiverServerRatis (XceiverServerRatis.java:handleLeaderChangedNotification(945)) - Leader change notification received for group: group-CC814C894A60 with new leaderId: 58733d94-cb44-4f93-b9bc-90d3803fc47e
2024-01-14 08:11:24,394 [58733d94-cb44-4f93-b9bc-90d3803fc47e@group-CC814C894A60-LeaderElection5] INFO  server.RaftServer$Division (ServerState.java:setLeader(269)) - 58733d94-cb44-4f93-b9bc-90d3803fc47e@group-CC814C894A60: change Leader from null to 58733d94-cb44-4f93-b9bc-90d3803fc47e at term 1 for becomeLeader, leader elected after 5184ms
2024-01-14 08:11:24,395 [58733d94-cb44-4f93-b9bc-90d3803fc47e@group-CC814C894A60-LeaderElection5] INFO  segmented.SegmentedRaftLogWorker (SegmentedRaftLogWorker.java:startLogSegment(430)) - 58733d94-cb44-4f93-b9bc-90d3803fc47e@group-CC814C894A60-SegmentedRaftLogWorker: Starting segment from index:0
2024-01-14 08:11:24,395 [58733d94-cb44-4f93-b9bc-90d3803fc47e@group-CC814C894A60-SegmentedRaftLogWorker] INFO  segmented.BufferedWriteChannel (BufferedWriteChannel.java:open(62)) - open log_inprogress_0 at position 0
2024-01-14 08:11:24,400 [EventQueue-OpenPipelineForHealthyPipelineSafeModeRule] INFO  safemode.SCMSafeModeManager (HealthyPipelineSafeModeRule.java:process(140)) - SCM in safe mode. Healthy pipelines reported count is 0, required healthy pipeline reported count is 1
2024-01-14 08:11:24,401 [58733d94-cb44-4f93-b9bc-90d3803fc47e@group-CC814C894A60-LeaderElection5] INFO  server.RaftServer$Division (ServerState.java:setRaftConf(386)) - 58733d94-cb44-4f93-b9bc-90d3803fc47e@group-CC814C894A60: set configuration 0: peers:[58733d94-cb44-4f93-b9bc-90d3803fc47e|10.1.0.100:15023, 0ff4ee77-f176-4c42-9b93-2e8119131049|10.1.0.100:15032, 577443f1-fefe-41e6-ac50-50037dc50964|10.1.0.100:15014]|listeners:[], old=null
2024-01-14 08:11:24,401 [EventQueue-PipelineReportForPipelineReportHandler] INFO  pipeline.PipelineReportHandler (PipelineReportHandler.java:processPipelineReport(136)) - Opened pipeline PipelineID=a90a9068-255c-47f4-bcab-cc814c894a60
2024-01-14 08:11:24,401 [EventQueue-OpenPipelineForHealthyPipelineSafeModeRule] INFO  safemode.SCMSafeModeManager (HealthyPipelineSafeModeRule.java:process(140)) - SCM in safe mode. Healthy pipelines reported count is 1, required healthy pipeline reported count is 1
2024-01-14 08:11:24,401 [EventQueue-OpenPipelineForHealthyPipelineSafeModeRule] INFO  safemode.SCMSafeModeManager (SCMSafeModeManager.java:validateSafeModeExitRules(200)) - HealthyPipelineSafeModeRule rule is successfully validated
2024-01-14 08:11:24,401 [EventQueue-OpenPipelineForHealthyPipelineSafeModeRule] INFO  safemode.SCMSafeModeManager (SCMSafeModeManager.java:validateSafeModeExitRules(215)) - ScmSafeModeManager, all rules are successfully validated
2024-01-14 08:11:24,401 [EventQueue-OpenPipelineForHealthyPipelineSafeModeRule] INFO  safemode.SCMSafeModeManager (SCMSafeModeManager.java:exitSafeMode(244)) - SCM exiting safe mode.
2024-01-14 08:11:24,402 [EventQueue-OpenPipelineForHealthyPipelineSafeModeRule] INFO  ha.SCMContext (SCMContext.java:updateSafeModeStatus(230)) - Update SafeModeStatus from SafeModeStatus{safeModeStatus=true, preCheckPassed=true} to SafeModeStatus{safeModeStatus=false, preCheckPassed=true}.
2024-01-14 08:11:24,402 [EventQueue-OpenPipelineForHealthyPipelineSafeModeRule] INFO  pipeline.BackgroundPipelineCreator (BackgroundPipelineCreator.java:notifyStatusChanged(258)) - Service BackgroundPipelineCreator transitions to RUNNING.
2024-01-14 08:11:24,402 [EventQueue-OpenPipelineForHealthyPipelineSafeModeRule] INFO  BackgroundPipelineScrubber (BackgroundSCMService.java:notifyStatusChanged(82)) - Service BackgroundPipelineScrubber transitions to RUNNING.
2024-01-14 08:11:24,402 [EventQueue-OpenPipelineForHealthyPipelineSafeModeRule] INFO  ExpiredContainerReplicaOpScrubber (BackgroundSCMService.java:notifyStatusChanged(82)) - Service ExpiredContainerReplicaOpScrubber transitions to RUNNING.
2024-01-14 08:11:24,402 [EventQueue-OpenPipelineForHealthyPipelineSafeModeRule] INFO  block.SCMBlockDeletingService (SCMBlockDeletingService.java:notifyStatusChanged(247)) - notifyStatusChanged:RUNNING
2024-01-14 08:11:24,402 [EventQueue-OpenPipelineForHealthyPipelineSafeModeRule] INFO  replication.ReplicationManager (ReplicationManager.java:notifyStatusChanged(1401)) - Service ReplicationManager transitions to RUNNING.
2024-01-14 08:11:24,405 [58733d94-cb44-4f93-b9bc-90d3803fc47e@group-CC814C894A60-SegmentedRaftLogWorker] INFO  segmented.SegmentedRaftLogWorker (SegmentedRaftLogWorker.java:execute(634)) - 58733d94-cb44-4f93-b9bc-90d3803fc47e@group-CC814C894A60-SegmentedRaftLogWorker: created new log segment /home/runner/work/ozone/ozone/hadoop-ozone/integration-test/target/test-dir/MiniOzoneClusterImpl-d05e4a2c-755f-4d37-936b-30aea24b9535/datanode-1/data/ratis/a90a9068-255c-47f4-bcab-cc814c894a60/current/log_inprogress_0
2024-01-14 08:11:24,405 [EventQueue-OpenPipelineForHealthyPipelineSafeModeRule] WARN  balancer.ContainerBalancer (ContainerBalancer.java:shouldRun(134)) - Could not find persisted configuration for ContainerBalancer when checking if ContainerBalancer should run. ContainerBalancer should not run now.
2024-01-14 08:11:24,439 [0ff4ee77-f176-4c42-9b93-2e8119131049-server-thread1] INFO  ratis.XceiverServerRatis (XceiverServerRatis.java:handleLeaderChangedNotification(945)) - Leader change notification received for group: group-CC814C894A60 with new leaderId: 58733d94-cb44-4f93-b9bc-90d3803fc47e
2024-01-14 08:11:24,439 [0ff4ee77-f176-4c42-9b93-2e8119131049-server-thread1] INFO  server.RaftServer$Division (ServerState.java:setLeader(269)) - 0ff4ee77-f176-4c42-9b93-2e8119131049@group-CC814C894A60: change Leader from null to 58733d94-cb44-4f93-b9bc-90d3803fc47e at term 1 for appendEntries, leader elected after 5034ms
2024-01-14 08:11:24,440 [577443f1-fefe-41e6-ac50-50037dc50964-server-thread1] INFO  ratis.XceiverServerRatis (XceiverServerRatis.java:handleLeaderChangedNotification(945)) - Leader change notification received for group: group-CC814C894A60 with new leaderId: 58733d94-cb44-4f93-b9bc-90d3803fc47e
2024-01-14 08:11:24,440 [577443f1-fefe-41e6-ac50-50037dc50964-server-thread1] INFO  server.RaftServer$Division (ServerState.java:setLeader(269)) - 577443f1-fefe-41e6-ac50-50037dc50964@group-CC814C894A60: change Leader from null to 58733d94-cb44-4f93-b9bc-90d3803fc47e at term 1 for appendEntries, leader elected after 5346ms
2024-01-14 08:11:24,456 [577443f1-fefe-41e6-ac50-50037dc50964-server-thread1] INFO  server.RaftServer$Division (ServerState.java:setRaftConf(386)) - 577443f1-fefe-41e6-ac50-50037dc50964@group-CC814C894A60: set configuration 0: peers:[58733d94-cb44-4f93-b9bc-90d3803fc47e|10.1.0.100:15023, 0ff4ee77-f176-4c42-9b93-2e8119131049|10.1.0.100:15032, 577443f1-fefe-41e6-ac50-50037dc50964|10.1.0.100:15014]|listeners:[], old=null
2024-01-14 08:11:24,456 [0ff4ee77-f176-4c42-9b93-2e8119131049-server-thread1] INFO  server.RaftServer$Division (ServerState.java:setRaftConf(386)) - 0ff4ee77-f176-4c42-9b93-2e8119131049@group-CC814C894A60: set configuration 0: peers:[58733d94-cb44-4f93-b9bc-90d3803fc47e|10.1.0.100:15023, 0ff4ee77-f176-4c42-9b93-2e8119131049|10.1.0.100:15032, 577443f1-fefe-41e6-ac50-50037dc50964|10.1.0.100:15014]|listeners:[], old=null
2024-01-14 08:11:24,457 [577443f1-fefe-41e6-ac50-50037dc50964-server-thread1] INFO  segmented.SegmentedRaftLogWorker (SegmentedRaftLogWorker.java:startLogSegment(430)) - 577443f1-fefe-41e6-ac50-50037dc50964@group-CC814C894A60-SegmentedRaftLogWorker: Starting segment from index:0
2024-01-14 08:11:24,457 [0ff4ee77-f176-4c42-9b93-2e8119131049-server-thread1] INFO  segmented.SegmentedRaftLogWorker (SegmentedRaftLogWorker.java:startLogSegment(430)) - 0ff4ee77-f176-4c42-9b93-2e8119131049@group-CC814C894A60-SegmentedRaftLogWorker: Starting segment from index:0
2024-01-14 08:11:24,460 [0ff4ee77-f176-4c42-9b93-2e8119131049@group-CC814C894A60-SegmentedRaftLogWorker] INFO  segmented.BufferedWriteChannel (BufferedWriteChannel.java:open(62)) - open log_inprogress_0 at position 0
2024-01-14 08:11:24,460 [577443f1-fefe-41e6-ac50-50037dc50964@group-CC814C894A60-SegmentedRaftLogWorker] INFO  segmented.BufferedWriteChannel (BufferedWriteChannel.java:open(62)) - open log_inprogress_0 at position 0
2024-01-14 08:11:24,471 [577443f1-fefe-41e6-ac50-50037dc50964@group-CC814C894A60-SegmentedRaftLogWorker] INFO  segmented.SegmentedRaftLogWorker (SegmentedRaftLogWorker.java:execute(634)) - 577443f1-fefe-41e6-ac50-50037dc50964@group-CC814C894A60-SegmentedRaftLogWorker: created new log segment /home/runner/work/ozone/ozone/hadoop-ozone/integration-test/target/test-dir/MiniOzoneClusterImpl-d05e4a2c-755f-4d37-936b-30aea24b9535/datanode-0/data/ratis/a90a9068-255c-47f4-bcab-cc814c894a60/current/log_inprogress_0
2024-01-14 08:11:24,472 [0ff4ee77-f176-4c42-9b93-2e8119131049@group-CC814C894A60-SegmentedRaftLogWorker] INFO  segmented.SegmentedRaftLogWorker (SegmentedRaftLogWorker.java:execute(634)) - 0ff4ee77-f176-4c42-9b93-2e8119131049@group-CC814C894A60-SegmentedRaftLogWorker: created new log segment /home/runner/work/ozone/ozone/hadoop-ozone/integration-test/target/test-dir/MiniOzoneClusterImpl-d05e4a2c-755f-4d37-936b-30aea24b9535/datanode-2/data/ratis/a90a9068-255c-47f4-bcab-cc814c894a60/current/log_inprogress_0
2024-01-14 08:11:24,473 [0ff4ee77-f176-4c42-9b93-2e8119131049@group-B4FBA049766D-FollowerState] INFO  impl.FollowerState (FollowerState.java:run(143)) - 0ff4ee77-f176-4c42-9b93-2e8119131049@group-B4FBA049766D-FollowerState: change to CANDIDATE, lastRpcElapsedTime:5087797624ns, electionTimeout:5078ms
2024-01-14 08:11:24,473 [0ff4ee77-f176-4c42-9b93-2e8119131049@group-B4FBA049766D-FollowerState] INFO  impl.RoleInfo (RoleInfo.java:shutdownFollowerState(110)) - 0ff4ee77-f176-4c42-9b93-2e8119131049: shutdown 0ff4ee77-f176-4c42-9b93-2e8119131049@group-B4FBA049766D-FollowerState
2024-01-14 08:11:24,473 [0ff4ee77-f176-4c42-9b93-2e8119131049@group-B4FBA049766D-FollowerState] INFO  server.RaftServer$Division (RaftServerImpl.java:setRole(383)) - 0ff4ee77-f176-4c42-9b93-2e8119131049@group-B4FBA049766D: changes role from  FOLLOWER to CANDIDATE at term 0 for changeToCandidate
2024-01-14 08:11:24,474 [0ff4ee77-f176-4c42-9b93-2e8119131049@group-B4FBA049766D-FollowerState] INFO  server.RaftServerConfigKeys (ConfUtils.java:logGet(46)) - raft.server.leaderelection.pre-vote = true (default)
2024-01-14 08:11:24,474 [0ff4ee77-f176-4c42-9b93-2e8119131049@group-B4FBA049766D-FollowerState] INFO  impl.RoleInfo (RoleInfo.java:updateAndGet(139)) - 0ff4ee77-f176-4c42-9b93-2e8119131049: start 0ff4ee77-f176-4c42-9b93-2e8119131049@group-B4FBA049766D-LeaderElection6
2024-01-14 08:11:24,478 [0ff4ee77-f176-4c42-9b93-2e8119131049@group-B4FBA049766D-LeaderElection6] INFO  impl.LeaderElection (LeaderElection.java:askForVotes(321)) - 0ff4ee77-f176-4c42-9b93-2e8119131049@group-B4FBA049766D-LeaderElection6 PRE_VOTE round 0: submit vote requests at term 0 for -1: peers:[0ff4ee77-f176-4c42-9b93-2e8119131049|10.1.0.100:15032]|listeners:[], old=null
2024-01-14 08:11:24,478 [0ff4ee77-f176-4c42-9b93-2e8119131049@group-B4FBA049766D-LeaderElection6] INFO  impl.LeaderElection (LeaderElection.java:askForVotes(323)) - 0ff4ee77-f176-4c42-9b93-2e8119131049@group-B4FBA049766D-LeaderElection6 PRE_VOTE round 0: result PASSED (term=0)
2024-01-14 08:11:24,480 [58733d94-cb44-4f93-b9bc-90d3803fc47e@group-CC814C894A60-StateMachineUpdater] INFO  server.RaftServer$Division (LeaderStateImpl.java:isApplied(320)) - leader is ready since appliedIndex == 0 >= startIndex == 0
2024-01-14 08:11:24,480 [0ff4ee77-f176-4c42-9b93-2e8119131049@group-B4FBA049766D-LeaderElection6] INFO  impl.LeaderElection (LeaderElection.java:askForVotes(321)) - 0ff4ee77-f176-4c42-9b93-2e8119131049@group-B4FBA049766D-LeaderElection6 ELECTION round 0: submit vote requests at term 1 for -1: peers:[0ff4ee77-f176-4c42-9b93-2e8119131049|10.1.0.100:15032]|listeners:[], old=null
2024-01-14 08:11:24,481 [0ff4ee77-f176-4c42-9b93-2e8119131049@group-B4FBA049766D-LeaderElection6] INFO  impl.LeaderElection (LeaderElection.java:askForVotes(323)) - 0ff4ee77-f176-4c42-9b93-2e8119131049@group-B4FBA049766D-LeaderElection6 ELECTION round 0: result PASSED (term=1)
2024-01-14 08:11:24,481 [0ff4ee77-f176-4c42-9b93-2e8119131049@group-B4FBA049766D-LeaderElection6] INFO  impl.RoleInfo (RoleInfo.java:shutdownLeaderElection(130)) - 0ff4ee77-f176-4c42-9b93-2e8119131049: shutdown 0ff4ee77-f176-4c42-9b93-2e8119131049@group-B4FBA049766D-LeaderElection6
2024-01-14 08:11:24,481 [0ff4ee77-f176-4c42-9b93-2e8119131049@group-B4FBA049766D-LeaderElection6] INFO  server.RaftServer$Division (RaftServerImpl.java:setRole(383)) - 0ff4ee77-f176-4c42-9b93-2e8119131049@group-B4FBA049766D: changes role from CANDIDATE to LEADER at term 1 for changeToLeader
2024-01-14 08:11:24,481 [0ff4ee77-f176-4c42-9b93-2e8119131049@group-B4FBA049766D-LeaderElection6] INFO  server.RaftServerConfigKeys (ConfUtils.java:logGet(46)) - raft.server.staging.catchup.gap = 1000 (default)
2024-01-14 08:11:24,481 [0ff4ee77-f176-4c42-9b93-2e8119131049@group-B4FBA049766D-LeaderElection6] INFO  server.RaftServerConfigKeys (ConfUtils.java:logGet(46)) - raft.server.write.element-limit = 1024 (custom)
2024-01-14 08:11:24,482 [0ff4ee77-f176-4c42-9b93-2e8119131049@group-B4FBA049766D-LeaderElection6] INFO  server.RaftServerConfigKeys (ConfUtils.java:logGet(46)) - raft.server.write.byte-limit = 1024 M (=1073741824) (custom)
2024-01-14 08:11:24,482 [0ff4ee77-f176-4c42-9b93-2e8119131049@group-B4FBA049766D-LeaderElection6] INFO  server.RaftServerConfigKeys (ConfUtils.java:logGet(46)) - raft.server.watch.timeout = 3000ms (custom)
2024-01-14 08:11:24,482 [0ff4ee77-f176-4c42-9b93-2e8119131049@group-B4FBA049766D-LeaderElection6] INFO  server.RaftServerConfigKeys (ConfUtils.java:logGet(46)) - raft.server.watch.timeout.denomination = 1s (default)
2024-01-14 08:11:24,482 [0ff4ee77-f176-4c42-9b93-2e8119131049@group-B4FBA049766D-LeaderElection6] INFO  server.RaftServerConfigKeys (ConfUtils.java:logGet(46)) - raft.server.watch.element-limit = 65536 (default)
2024-01-14 08:11:24,482 [0ff4ee77-f176-4c42-9b93-2e8119131049@group-B4FBA049766D-LeaderElection6] INFO  server.RaftServerConfigKeys (ConfUtils.java:logGet(46)) - raft.server.read.leader.lease.enabled = false (default)
2024-01-14 08:11:24,482 [0ff4ee77-f176-4c42-9b93-2e8119131049@group-B4FBA049766D-LeaderElection6] INFO  server.RaftServerConfigKeys (ConfUtils.java:logGet(46)) - raft.server.read.leader.lease.timeout.ratio = 0.9 (default)
2024-01-14 08:11:24,482 [0ff4ee77-f176-4c42-9b93-2e8119131049@group-B4FBA049766D-LeaderElection6] INFO  server.RaftServerConfigKeys (ConfUtils.java:logGet(46)) - raft.server.rpc.timeout.min = 5s (custom)
2024-01-14 08:11:24,482 [0ff4ee77-f176-4c42-9b93-2e8119131049@group-B4FBA049766D-LeaderElection6] INFO  server.RaftServerConfigKeys (ConfUtils.java:logGet(46)) - raft.server.write.element-limit = 1024 (custom)
2024-01-14 08:11:24,482 [0ff4ee77-f176-4c42-9b93-2e8119131049@group-B4FBA049766D-LeaderElection6] INFO  server.RaftServerConfigKeys (ConfUtils.java:logGet(46)) - raft.server.write.follower.gap.ratio.max = -1.0 (default)
2024-01-14 08:11:24,482 [0ff4ee77-f176-4c42-9b93-2e8119131049@group-B4FBA049766D-LeaderElection6] INFO  impl.RoleInfo (RoleInfo.java:updateAndGet(139)) - 0ff4ee77-f176-4c42-9b93-2e8119131049: start 0ff4ee77-f176-4c42-9b93-2e8119131049@group-B4FBA049766D-LeaderStateImpl
2024-01-14 08:11:24,483 [0ff4ee77-f176-4c42-9b93-2e8119131049@group-B4FBA049766D-LeaderElection6] INFO  server.RaftServer$Division (RaftServerImpl.java:setFirstElection(574)) - 0ff4ee77-f176-4c42-9b93-2e8119131049@group-B4FBA049766D: set firstElectionSinceStartup to false for becomeLeader
2024-01-14 08:11:24,483 [0ff4ee77-f176-4c42-9b93-2e8119131049@group-B4FBA049766D-LeaderElection6] INFO  ratis.XceiverServerRatis (XceiverServerRatis.java:handleLeaderChangedNotification(945)) - Leader change notification received for group: group-B4FBA049766D with new leaderId: 0ff4ee77-f176-4c42-9b93-2e8119131049
2024-01-14 08:11:24,483 [0ff4ee77-f176-4c42-9b93-2e8119131049@group-B4FBA049766D-LeaderElection6] INFO  server.RaftServer$Division (ServerState.java:setLeader(269)) - 0ff4ee77-f176-4c42-9b93-2e8119131049@group-B4FBA049766D: change Leader from null to 0ff4ee77-f176-4c42-9b93-2e8119131049 at term 1 for becomeLeader, leader elected after 5146ms
2024-01-14 08:11:24,483 [0ff4ee77-f176-4c42-9b93-2e8119131049@group-B4FBA049766D-LeaderElection6] INFO  segmented.SegmentedRaftLogWorker (SegmentedRaftLogWorker.java:startLogSegment(430)) - 0ff4ee77-f176-4c42-9b93-2e8119131049@group-B4FBA049766D-SegmentedRaftLogWorker: Starting segment from index:0
2024-01-14 08:11:24,484 [0ff4ee77-f176-4c42-9b93-2e8119131049@group-B4FBA049766D-LeaderElection6] INFO  server.RaftServer$Division (ServerState.java:setRaftConf(386)) - 0ff4ee77-f176-4c42-9b93-2e8119131049@group-B4FBA049766D: set configuration 0: peers:[0ff4ee77-f176-4c42-9b93-2e8119131049|10.1.0.100:15032]|listeners:[], old=null
2024-01-14 08:11:24,484 [0ff4ee77-f176-4c42-9b93-2e8119131049@group-B4FBA049766D-SegmentedRaftLogWorker] INFO  segmented.BufferedWriteChannel (BufferedWriteChannel.java:open(62)) - open log_inprogress_0 at position 0
2024-01-14 08:11:24,491 [0ff4ee77-f176-4c42-9b93-2e8119131049@group-B4FBA049766D-SegmentedRaftLogWorker] INFO  segmented.SegmentedRaftLogWorker (SegmentedRaftLogWorker.java:execute(634)) - 0ff4ee77-f176-4c42-9b93-2e8119131049@group-B4FBA049766D-SegmentedRaftLogWorker: created new log segment /home/runner/work/ozone/ozone/hadoop-ozone/integration-test/target/test-dir/MiniOzoneClusterImpl-d05e4a2c-755f-4d37-936b-30aea24b9535/datanode-2/data/ratis/4dd48d91-45fe-4246-9334-b4fba049766d/current/log_inprogress_0
2024-01-14 08:11:24,493 [0ff4ee77-f176-4c42-9b93-2e8119131049@group-B4FBA049766D-StateMachineUpdater] INFO  server.RaftServer$Division (LeaderStateImpl.java:isApplied(320)) - leader is ready since appliedIndex == 0 >= startIndex == 0
2024-01-14 08:11:24,613 [main] INFO  ozone.MiniOzoneClusterImpl (MiniOzoneClusterImpl.java:lambda$waitForClusterToBeReady$0(229)) - Nodes are ready. Got 5 of 5 DN Heartbeats.
2024-01-14 08:11:24,613 [main] INFO  ozone.MiniOzoneClusterImpl (MiniOzoneClusterImpl.java:lambda$waitForClusterToBeReady$0(232)) - Cluster exits safe mode
2024-01-14 08:11:24,614 [main] INFO  ozone.MiniOzoneClusterImpl (MiniOzoneClusterImpl.java:lambda$waitForClusterToBeReady$0(234)) - SCM became leader
2024-01-14 08:11:24,630 [main] INFO  protocolPB.OmTransportFactory (OmTransportFactory.java:createFactory(62)) - Loading OM transport implementation org.apache.hadoop.ozone.om.protocolPB.Hadoop3OmTransportFactory as specified by configuration.
2024-01-14 08:11:24,644 [ee8156c5-6136-4ec5-812d-3226e59a8f74@group-F56BD249EE0E-FollowerState] INFO  impl.FollowerState (FollowerState.java:run(143)) - ee8156c5-6136-4ec5-812d-3226e59a8f74@group-F56BD249EE0E-FollowerState: change to CANDIDATE, lastRpcElapsedTime:5157855660ns, electionTimeout:5156ms
2024-01-14 08:11:24,644 [ee8156c5-6136-4ec5-812d-3226e59a8f74@group-F56BD249EE0E-FollowerState] INFO  impl.RoleInfo (RoleInfo.java:shutdownFollowerState(110)) - ee8156c5-6136-4ec5-812d-3226e59a8f74: shutdown ee8156c5-6136-4ec5-812d-3226e59a8f74@group-F56BD249EE0E-FollowerState
2024-01-14 08:11:24,645 [ee8156c5-6136-4ec5-812d-3226e59a8f74@group-F56BD249EE0E-FollowerState] INFO  server.RaftServer$Division (RaftServerImpl.java:setRole(383)) - ee8156c5-6136-4ec5-812d-3226e59a8f74@group-F56BD249EE0E: changes role from  FOLLOWER to CANDIDATE at term 0 for changeToCandidate
2024-01-14 08:11:24,649 [ee8156c5-6136-4ec5-812d-3226e59a8f74@group-F56BD249EE0E-FollowerState] INFO  server.RaftServerConfigKeys (ConfUtils.java:logGet(46)) - raft.server.leaderelection.pre-vote = true (default)
2024-01-14 08:11:24,649 [ee8156c5-6136-4ec5-812d-3226e59a8f74@group-F56BD249EE0E-FollowerState] INFO  impl.RoleInfo (RoleInfo.java:updateAndGet(139)) - ee8156c5-6136-4ec5-812d-3226e59a8f74: start ee8156c5-6136-4ec5-812d-3226e59a8f74@group-F56BD249EE0E-LeaderElection7
2024-01-14 08:11:24,650 [ee8156c5-6136-4ec5-812d-3226e59a8f74@group-F56BD249EE0E-LeaderElection7] INFO  impl.LeaderElection (LeaderElection.java:askForVotes(321)) - ee8156c5-6136-4ec5-812d-3226e59a8f74@group-F56BD249EE0E-LeaderElection7 PRE_VOTE round 0: submit vote requests at term 0 for -1: peers:[ee8156c5-6136-4ec5-812d-3226e59a8f74|10.1.0.100:15041]|listeners:[], old=null
2024-01-14 08:11:24,650 [ee8156c5-6136-4ec5-812d-3226e59a8f74@group-F56BD249EE0E-LeaderElection7] INFO  impl.LeaderElection (LeaderElection.java:askForVotes(323)) - ee8156c5-6136-4ec5-812d-3226e59a8f74@group-F56BD249EE0E-LeaderElection7 PRE_VOTE round 0: result PASSED (term=0)
2024-01-14 08:11:24,651 [ee8156c5-6136-4ec5-812d-3226e59a8f74@group-F56BD249EE0E-LeaderElection7] INFO  impl.LeaderElection (LeaderElection.java:askForVotes(321)) - ee8156c5-6136-4ec5-812d-3226e59a8f74@group-F56BD249EE0E-LeaderElection7 ELECTION round 0: submit vote requests at term 1 for -1: peers:[ee8156c5-6136-4ec5-812d-3226e59a8f74|10.1.0.100:15041]|listeners:[], old=null
2024-01-14 08:11:24,652 [ee8156c5-6136-4ec5-812d-3226e59a8f74@group-F56BD249EE0E-LeaderElection7] INFO  impl.LeaderElection (LeaderElection.java:askForVotes(323)) - ee8156c5-6136-4ec5-812d-3226e59a8f74@group-F56BD249EE0E-LeaderElection7 ELECTION round 0: result PASSED (term=1)
2024-01-14 08:11:24,652 [ee8156c5-6136-4ec5-812d-3226e59a8f74@group-F56BD249EE0E-LeaderElection7] INFO  impl.RoleInfo (RoleInfo.java:shutdownLeaderElection(130)) - ee8156c5-6136-4ec5-812d-3226e59a8f74: shutdown ee8156c5-6136-4ec5-812d-3226e59a8f74@group-F56BD249EE0E-LeaderElection7
2024-01-14 08:11:24,652 [ee8156c5-6136-4ec5-812d-3226e59a8f74@group-F56BD249EE0E-LeaderElection7] INFO  server.RaftServer$Division (RaftServerImpl.java:setRole(383)) - ee8156c5-6136-4ec5-812d-3226e59a8f74@group-F56BD249EE0E: changes role from CANDIDATE to LEADER at term 1 for changeToLeader
2024-01-14 08:11:24,652 [ee8156c5-6136-4ec5-812d-3226e59a8f74@group-F56BD249EE0E-LeaderElection7] INFO  server.RaftServerConfigKeys (ConfUtils.java:logGet(46)) - raft.server.staging.catchup.gap = 1000 (default)
2024-01-14 08:11:24,652 [ee8156c5-6136-4ec5-812d-3226e59a8f74@group-F56BD249EE0E-LeaderElection7] INFO  server.RaftServerConfigKeys (ConfUtils.java:logGet(46)) - raft.server.write.element-limit = 1024 (custom)
2024-01-14 08:11:24,652 [ee8156c5-6136-4ec5-812d-3226e59a8f74@group-F56BD249EE0E-LeaderElection7] INFO  server.RaftServerConfigKeys (ConfUtils.java:logGet(46)) - raft.server.write.byte-limit = 1024 M (=1073741824) (custom)
2024-01-14 08:11:24,653 [ee8156c5-6136-4ec5-812d-3226e59a8f74@group-F56BD249EE0E-LeaderElection7] INFO  server.RaftServerConfigKeys (ConfUtils.java:logGet(46)) - raft.server.watch.timeout = 3000ms (custom)
2024-01-14 08:11:24,653 [ee8156c5-6136-4ec5-812d-3226e59a8f74@group-F56BD249EE0E-LeaderElection7] INFO  server.RaftServerConfigKeys (ConfUtils.java:logGet(46)) - raft.server.watch.timeout.denomination = 1s (default)
2024-01-14 08:11:24,653 [ee8156c5-6136-4ec5-812d-3226e59a8f74@group-F56BD249EE0E-LeaderElection7] INFO  server.RaftServerConfigKeys (ConfUtils.java:logGet(46)) - raft.server.watch.element-limit = 65536 (default)
2024-01-14 08:11:24,653 [ee8156c5-6136-4ec5-812d-3226e59a8f74@group-F56BD249EE0E-LeaderElection7] INFO  server.RaftServerConfigKeys (ConfUtils.java:logGet(46)) - raft.server.read.leader.lease.enabled = false (default)
2024-01-14 08:11:24,653 [ee8156c5-6136-4ec5-812d-3226e59a8f74@group-F56BD249EE0E-LeaderElection7] INFO  server.RaftServerConfigKeys (ConfUtils.java:logGet(46)) - raft.server.read.leader.lease.timeout.ratio = 0.9 (default)
2024-01-14 08:11:24,653 [ee8156c5-6136-4ec5-812d-3226e59a8f74@group-F56BD249EE0E-LeaderElection7] INFO  server.RaftServerConfigKeys (ConfUtils.java:logGet(46)) - raft.server.rpc.timeout.min = 5s (custom)
2024-01-14 08:11:24,653 [ee8156c5-6136-4ec5-812d-3226e59a8f74@group-F56BD249EE0E-LeaderElection7] INFO  server.RaftServerConfigKeys (ConfUtils.java:logGet(46)) - raft.server.write.element-limit = 1024 (custom)
2024-01-14 08:11:24,653 [ee8156c5-6136-4ec5-812d-3226e59a8f74@group-F56BD249EE0E-LeaderElection7] INFO  server.RaftServerConfigKeys (ConfUtils.java:logGet(46)) - raft.server.write.follower.gap.ratio.max = -1.0 (default)
2024-01-14 08:11:24,653 [ee8156c5-6136-4ec5-812d-3226e59a8f74@group-F56BD249EE0E-LeaderElection7] INFO  impl.RoleInfo (RoleInfo.java:updateAndGet(139)) - ee8156c5-6136-4ec5-812d-3226e59a8f74: start ee8156c5-6136-4ec5-812d-3226e59a8f74@group-F56BD249EE0E-LeaderStateImpl
2024-01-14 08:11:24,653 [ee8156c5-6136-4ec5-812d-3226e59a8f74@group-F56BD249EE0E-LeaderElection7] INFO  server.RaftServer$Division (RaftServerImpl.java:setFirstElection(574)) - ee8156c5-6136-4ec5-812d-3226e59a8f74@group-F56BD249EE0E: set firstElectionSinceStartup to false for becomeLeader
2024-01-14 08:11:24,653 [ee8156c5-6136-4ec5-812d-3226e59a8f74@group-F56BD249EE0E-LeaderElection7] INFO  ratis.XceiverServerRatis (XceiverServerRatis.java:handleLeaderChangedNotification(945)) - Leader change notification received for group: group-F56BD249EE0E with new leaderId: ee8156c5-6136-4ec5-812d-3226e59a8f74
2024-01-14 08:11:24,654 [ee8156c5-6136-4ec5-812d-3226e59a8f74@group-F56BD249EE0E-LeaderElection7] INFO  server.RaftServer$Division (ServerState.java:setLeader(269)) - ee8156c5-6136-4ec5-812d-3226e59a8f74@group-F56BD249EE0E: change Leader from null to ee8156c5-6136-4ec5-812d-3226e59a8f74 at term 1 for becomeLeader, leader elected after 5197ms
2024-01-14 08:11:24,654 [ee8156c5-6136-4ec5-812d-3226e59a8f74@group-F56BD249EE0E-LeaderElection7] INFO  segmented.SegmentedRaftLogWorker (SegmentedRaftLogWorker.java:startLogSegment(430)) - ee8156c5-6136-4ec5-812d-3226e59a8f74@group-F56BD249EE0E-SegmentedRaftLogWorker: Starting segment from index:0
2024-01-14 08:11:24,655 [ee8156c5-6136-4ec5-812d-3226e59a8f74@group-F56BD249EE0E-LeaderElection7] INFO  server.RaftServer$Division (ServerState.java:setRaftConf(386)) - ee8156c5-6136-4ec5-812d-3226e59a8f74@group-F56BD249EE0E: set configuration 0: peers:[ee8156c5-6136-4ec5-812d-3226e59a8f74|10.1.0.100:15041]|listeners:[], old=null
2024-01-14 08:11:24,655 [ee8156c5-6136-4ec5-812d-3226e59a8f74@group-F56BD249EE0E-SegmentedRaftLogWorker] INFO  segmented.BufferedWriteChannel (BufferedWriteChannel.java:open(62)) - open log_inprogress_0 at position 0
2024-01-14 08:11:24,663 [ee8156c5-6136-4ec5-812d-3226e59a8f74@group-F56BD249EE0E-SegmentedRaftLogWorker] INFO  segmented.SegmentedRaftLogWorker (SegmentedRaftLogWorker.java:execute(634)) - ee8156c5-6136-4ec5-812d-3226e59a8f74@group-F56BD249EE0E-SegmentedRaftLogWorker: created new log segment /home/runner/work/ozone/ozone/hadoop-ozone/integration-test/target/test-dir/MiniOzoneClusterImpl-d05e4a2c-755f-4d37-936b-30aea24b9535/datanode-3/data/ratis/68516f61-892b-490b-80f7-f56bd249ee0e/current/log_inprogress_0
2024-01-14 08:11:24,666 [ee8156c5-6136-4ec5-812d-3226e59a8f74@group-F56BD249EE0E-StateMachineUpdater] INFO  server.RaftServer$Division (LeaderStateImpl.java:isApplied(320)) - leader is ready since appliedIndex == 0 >= startIndex == 0
2024-01-14 08:11:24,704 [577443f1-fefe-41e6-ac50-50037dc50964@group-5520AA21A72D-FollowerState] INFO  impl.FollowerState (FollowerState.java:run(143)) - 577443f1-fefe-41e6-ac50-50037dc50964@group-5520AA21A72D-FollowerState: change to CANDIDATE, lastRpcElapsedTime:5027402108ns, electionTimeout:5018ms
2024-01-14 08:11:24,704 [577443f1-fefe-41e6-ac50-50037dc50964@group-5520AA21A72D-FollowerState] INFO  impl.RoleInfo (RoleInfo.java:shutdownFollowerState(110)) - 577443f1-fefe-41e6-ac50-50037dc50964: shutdown 577443f1-fefe-41e6-ac50-50037dc50964@group-5520AA21A72D-FollowerState
2024-01-14 08:11:24,704 [577443f1-fefe-41e6-ac50-50037dc50964@group-5520AA21A72D-FollowerState] INFO  server.RaftServer$Division (RaftServerImpl.java:setRole(383)) - 577443f1-fefe-41e6-ac50-50037dc50964@group-5520AA21A72D: changes role from  FOLLOWER to CANDIDATE at term 0 for changeToCandidate
2024-01-14 08:11:24,705 [577443f1-fefe-41e6-ac50-50037dc50964@group-5520AA21A72D-FollowerState] INFO  server.RaftServerConfigKeys (ConfUtils.java:logGet(46)) - raft.server.leaderelection.pre-vote = true (default)
2024-01-14 08:11:24,705 [577443f1-fefe-41e6-ac50-50037dc50964@group-5520AA21A72D-FollowerState] INFO  impl.RoleInfo (RoleInfo.java:updateAndGet(139)) - 577443f1-fefe-41e6-ac50-50037dc50964: start 577443f1-fefe-41e6-ac50-50037dc50964@group-5520AA21A72D-LeaderElection8
2024-01-14 08:11:24,706 [577443f1-fefe-41e6-ac50-50037dc50964@group-5520AA21A72D-LeaderElection8] INFO  impl.LeaderElection (LeaderElection.java:askForVotes(321)) - 577443f1-fefe-41e6-ac50-50037dc50964@group-5520AA21A72D-LeaderElection8 PRE_VOTE round 0: submit vote requests at term 0 for -1: peers:[58733d94-cb44-4f93-b9bc-90d3803fc47e|10.1.0.100:15023, 0ff4ee77-f176-4c42-9b93-2e8119131049|10.1.0.100:15032, 577443f1-fefe-41e6-ac50-50037dc50964|10.1.0.100:15014]|listeners:[], old=null
2024-01-14 08:11:24,707 [577443f1-fefe-41e6-ac50-50037dc50964@group-5520AA21A72D-LeaderElection8] INFO  server.RaftServerConfigKeys (ConfUtils.java:logFallback(53)) - raft.server.rpc.first-election.timeout.min = 5s (fallback to raft.server.rpc.timeout.min)
2024-01-14 08:11:24,708 [577443f1-fefe-41e6-ac50-50037dc50964@group-5520AA21A72D-LeaderElection8] INFO  server.RaftServerConfigKeys (ConfUtils.java:logFallback(53)) - raft.server.rpc.first-election.timeout.max = 5200ms (fallback to raft.server.rpc.timeout.max)
2024-01-14 08:11:24,713 [grpc-default-executor-4] INFO  server.RaftServer$Division (RaftServerImpl.java:requestVote(1389)) - 58733d94-cb44-4f93-b9bc-90d3803fc47e@group-5520AA21A72D: receive requestVote(PRE_VOTE, 577443f1-fefe-41e6-ac50-50037dc50964, group-5520AA21A72D, 0, (t:0, i:0))
2024-01-14 08:11:24,713 [grpc-default-executor-4] INFO  impl.VoteContext (VoteContext.java:log(49)) - 58733d94-cb44-4f93-b9bc-90d3803fc47e@group-5520AA21A72D-FOLLOWER: accept PRE_VOTE from 577443f1-fefe-41e6-ac50-50037dc50964: our priority 0 <= candidate's priority 0
2024-01-14 08:11:24,713 [grpc-default-executor-4] INFO  server.RaftServer$Division (RaftServerImpl.java:requestVote(1422)) - 58733d94-cb44-4f93-b9bc-90d3803fc47e@group-5520AA21A72D replies to PRE_VOTE vote request: 577443f1-fefe-41e6-ac50-50037dc50964<-58733d94-cb44-4f93-b9bc-90d3803fc47e#0:OK-t0. Peer's state: 58733d94-cb44-4f93-b9bc-90d3803fc47e@group-5520AA21A72D:t0, leader=null, voted=, raftlog=Memoized:58733d94-cb44-4f93-b9bc-90d3803fc47e@group-5520AA21A72D-SegmentedRaftLog:OPENED:c-1, conf=-1: peers:[58733d94-cb44-4f93-b9bc-90d3803fc47e|10.1.0.100:15023, 0ff4ee77-f176-4c42-9b93-2e8119131049|10.1.0.100:15032, 577443f1-fefe-41e6-ac50-50037dc50964|10.1.0.100:15014]|listeners:[], old=null
2024-01-14 08:11:24,715 [grpc-default-executor-6] INFO  server.RaftServer$Division (RaftServerImpl.java:requestVote(1389)) - 0ff4ee77-f176-4c42-9b93-2e8119131049@group-5520AA21A72D: receive requestVote(PRE_VOTE, 577443f1-fefe-41e6-ac50-50037dc50964, group-5520AA21A72D, 0, (t:0, i:0))
2024-01-14 08:11:24,715 [grpc-default-executor-6] INFO  impl.VoteContext (VoteContext.java:log(49)) - 0ff4ee77-f176-4c42-9b93-2e8119131049@group-5520AA21A72D-FOLLOWER: reject PRE_VOTE from 577443f1-fefe-41e6-ac50-50037dc50964: our priority 1 > candidate's priority 0
2024-01-14 08:11:24,716 [grpc-default-executor-6] INFO  server.RaftServer$Division (RaftServerImpl.java:requestVote(1422)) - 0ff4ee77-f176-4c42-9b93-2e8119131049@group-5520AA21A72D replies to PRE_VOTE vote request: 577443f1-fefe-41e6-ac50-50037dc50964<-0ff4ee77-f176-4c42-9b93-2e8119131049#0:FAIL-t0. Peer's state: 0ff4ee77-f176-4c42-9b93-2e8119131049@group-5520AA21A72D:t0, leader=null, voted=, raftlog=Memoized:0ff4ee77-f176-4c42-9b93-2e8119131049@group-5520AA21A72D-SegmentedRaftLog:OPENED:c-1, conf=-1: peers:[58733d94-cb44-4f93-b9bc-90d3803fc47e|10.1.0.100:15023, 0ff4ee77-f176-4c42-9b93-2e8119131049|10.1.0.100:15032, 577443f1-fefe-41e6-ac50-50037dc50964|10.1.0.100:15014]|listeners:[], old=null
2024-01-14 08:11:24,718 [577443f1-fefe-41e6-ac50-50037dc50964@group-5520AA21A72D-LeaderElection8] INFO  impl.LeaderElection (LeaderElection.java:logAndReturn(89)) - 577443f1-fefe-41e6-ac50-50037dc50964@group-5520AA21A72D-LeaderElection8: PRE_VOTE REJECTED received 1 response(s) and 0 exception(s):
2024-01-14 08:11:24,718 [577443f1-fefe-41e6-ac50-50037dc50964@group-5520AA21A72D-LeaderElection8] INFO  impl.LeaderElection (LeaderElection.java:logAndReturn(93)) -   Response 0: 577443f1-fefe-41e6-ac50-50037dc50964<-0ff4ee77-f176-4c42-9b93-2e8119131049#0:FAIL-t0
2024-01-14 08:11:24,718 [577443f1-fefe-41e6-ac50-50037dc50964@group-5520AA21A72D-LeaderElection8] INFO  impl.LeaderElection (LeaderElection.java:askForVotes(323)) - 577443f1-fefe-41e6-ac50-50037dc50964@group-5520AA21A72D-LeaderElection8 PRE_VOTE round 0: result REJECTED
2024-01-14 08:11:24,719 [577443f1-fefe-41e6-ac50-50037dc50964@group-5520AA21A72D-LeaderElection8] INFO  server.RaftServer$Division (RaftServerImpl.java:setRole(383)) - 577443f1-fefe-41e6-ac50-50037dc50964@group-5520AA21A72D: changes role from CANDIDATE to FOLLOWER at term 0 for REJECTED
2024-01-14 08:11:24,719 [577443f1-fefe-41e6-ac50-50037dc50964@group-5520AA21A72D-LeaderElection8] INFO  impl.RoleInfo (RoleInfo.java:shutdownLeaderElection(130)) - 577443f1-fefe-41e6-ac50-50037dc50964: shutdown 577443f1-fefe-41e6-ac50-50037dc50964@group-5520AA21A72D-LeaderElection8
2024-01-14 08:11:24,719 [577443f1-fefe-41e6-ac50-50037dc50964@group-5520AA21A72D-LeaderElection8] INFO  impl.RoleInfo (RoleInfo.java:updateAndGet(139)) - 577443f1-fefe-41e6-ac50-50037dc50964: start 577443f1-fefe-41e6-ac50-50037dc50964@group-5520AA21A72D-FollowerState
2024-01-14 08:11:24,719 [577443f1-fefe-41e6-ac50-50037dc50964@group-5520AA21A72D-LeaderElection8] INFO  server.RaftServer$Division (RaftServerImpl.java:setFirstElection(574)) - 577443f1-fefe-41e6-ac50-50037dc50964@group-5520AA21A72D: set firstElectionSinceStartup to false for REJECTED
2024-01-14 08:11:24,848 [0ff4ee77-f176-4c42-9b93-2e8119131049@group-5520AA21A72D-FollowerState] INFO  impl.FollowerState (FollowerState.java:run(143)) - 0ff4ee77-f176-4c42-9b93-2e8119131049@group-5520AA21A72D-FollowerState: change to CANDIDATE, lastRpcElapsedTime:5151961454ns, electionTimeout:5146ms
2024-01-14 08:11:24,849 [0ff4ee77-f176-4c42-9b93-2e8119131049@group-5520AA21A72D-FollowerState] INFO  impl.RoleInfo (RoleInfo.java:shutdownFollowerState(110)) - 0ff4ee77-f176-4c42-9b93-2e8119131049: shutdown 0ff4ee77-f176-4c42-9b93-2e8119131049@group-5520AA21A72D-FollowerState
2024-01-14 08:11:24,849 [0ff4ee77-f176-4c42-9b93-2e8119131049@group-5520AA21A72D-FollowerState] INFO  server.RaftServer$Division (RaftServerImpl.java:setRole(383)) - 0ff4ee77-f176-4c42-9b93-2e8119131049@group-5520AA21A72D: changes role from  FOLLOWER to CANDIDATE at term 0 for changeToCandidate
2024-01-14 08:11:24,850 [0ff4ee77-f176-4c42-9b93-2e8119131049@group-5520AA21A72D-FollowerState] INFO  server.RaftServerConfigKeys (ConfUtils.java:logGet(46)) - raft.server.leaderelection.pre-vote = true (default)
2024-01-14 08:11:24,850 [0ff4ee77-f176-4c42-9b93-2e8119131049@group-5520AA21A72D-FollowerState] INFO  impl.RoleInfo (RoleInfo.java:updateAndGet(139)) - 0ff4ee77-f176-4c42-9b93-2e8119131049: start 0ff4ee77-f176-4c42-9b93-2e8119131049@group-5520AA21A72D-LeaderElection9
2024-01-14 08:11:24,851 [0ff4ee77-f176-4c42-9b93-2e8119131049@group-5520AA21A72D-LeaderElection9] INFO  impl.LeaderElection (LeaderElection.java:askForVotes(321)) - 0ff4ee77-f176-4c42-9b93-2e8119131049@group-5520AA21A72D-LeaderElection9 PRE_VOTE round 0: submit vote requests at term 0 for -1: peers:[58733d94-cb44-4f93-b9bc-90d3803fc47e|10.1.0.100:15023, 0ff4ee77-f176-4c42-9b93-2e8119131049|10.1.0.100:15032, 577443f1-fefe-41e6-ac50-50037dc50964|10.1.0.100:15014]|listeners:[], old=null
2024-01-14 08:11:24,851 [0ff4ee77-f176-4c42-9b93-2e8119131049@group-5520AA21A72D-LeaderElection9-1] INFO  server.GrpcServerProtocolClient (GrpcServerProtocolClient.java:<init>(65)) - Build channel for 58733d94-cb44-4f93-b9bc-90d3803fc47e|10.1.0.100:15023
2024-01-14 08:11:24,852 [0ff4ee77-f176-4c42-9b93-2e8119131049@group-5520AA21A72D-LeaderElection9] INFO  server.RaftServerConfigKeys (ConfUtils.java:logFallback(53)) - raft.server.rpc.first-election.timeout.min = 5s (fallback to raft.server.rpc.timeout.min)
2024-01-14 08:11:24,852 [0ff4ee77-f176-4c42-9b93-2e8119131049@group-5520AA21A72D-LeaderElection9-2] INFO  server.GrpcServerProtocolClient (GrpcServerProtocolClient.java:<init>(65)) - Build channel for 577443f1-fefe-41e6-ac50-50037dc50964|10.1.0.100:15014
2024-01-14 08:11:24,852 [0ff4ee77-f176-4c42-9b93-2e8119131049@group-5520AA21A72D-LeaderElection9] INFO  server.RaftServerConfigKeys (ConfUtils.java:logFallback(53)) - raft.server.rpc.first-election.timeout.max = 5200ms (fallback to raft.server.rpc.timeout.max)
2024-01-14 08:11:24,859 [grpc-default-executor-6] INFO  server.RaftServer$Division (RaftServerImpl.java:requestVote(1389)) - 577443f1-fefe-41e6-ac50-50037dc50964@group-5520AA21A72D: receive requestVote(PRE_VOTE, 0ff4ee77-f176-4c42-9b93-2e8119131049, group-5520AA21A72D, 0, (t:0, i:0))
2024-01-14 08:11:24,859 [grpc-default-executor-6] INFO  impl.VoteContext (VoteContext.java:log(49)) - 577443f1-fefe-41e6-ac50-50037dc50964@group-5520AA21A72D-FOLLOWER: accept PRE_VOTE from 0ff4ee77-f176-4c42-9b93-2e8119131049: our priority 0 <= candidate's priority 1
2024-01-14 08:11:24,859 [grpc-default-executor-6] INFO  server.RaftServer$Division (RaftServerImpl.java:requestVote(1422)) - 577443f1-fefe-41e6-ac50-50037dc50964@group-5520AA21A72D replies to PRE_VOTE vote request: 0ff4ee77-f176-4c42-9b93-2e8119131049<-577443f1-fefe-41e6-ac50-50037dc50964#0:OK-t0. Peer's state: 577443f1-fefe-41e6-ac50-50037dc50964@group-5520AA21A72D:t0, leader=null, voted=, raftlog=Memoized:577443f1-fefe-41e6-ac50-50037dc50964@group-5520AA21A72D-SegmentedRaftLog:OPENED:c-1, conf=-1: peers:[58733d94-cb44-4f93-b9bc-90d3803fc47e|10.1.0.100:15023, 0ff4ee77-f176-4c42-9b93-2e8119131049|10.1.0.100:15032, 577443f1-fefe-41e6-ac50-50037dc50964|10.1.0.100:15014]|listeners:[], old=null
2024-01-14 08:11:24,860 [0ff4ee77-f176-4c42-9b93-2e8119131049@group-5520AA21A72D-LeaderElection9] INFO  impl.LeaderElection (LeaderElection.java:logAndReturn(89)) - 0ff4ee77-f176-4c42-9b93-2e8119131049@group-5520AA21A72D-LeaderElection9: PRE_VOTE PASSED received 1 response(s) and 0 exception(s):
2024-01-14 08:11:24,860 [0ff4ee77-f176-4c42-9b93-2e8119131049@group-5520AA21A72D-LeaderElection9] INFO  impl.LeaderElection (LeaderElection.java:logAndReturn(93)) -   Response 0: 0ff4ee77-f176-4c42-9b93-2e8119131049<-577443f1-fefe-41e6-ac50-50037dc50964#0:OK-t0
2024-01-14 08:11:24,860 [0ff4ee77-f176-4c42-9b93-2e8119131049@group-5520AA21A72D-LeaderElection9] INFO  impl.LeaderElection (LeaderElection.java:askForVotes(323)) - 0ff4ee77-f176-4c42-9b93-2e8119131049@group-5520AA21A72D-LeaderElection9 PRE_VOTE round 0: result PASSED
2024-01-14 08:11:24,862 [0ff4ee77-f176-4c42-9b93-2e8119131049@group-5520AA21A72D-LeaderElection9] INFO  impl.LeaderElection (LeaderElection.java:askForVotes(321)) - 0ff4ee77-f176-4c42-9b93-2e8119131049@group-5520AA21A72D-LeaderElection9 ELECTION round 0: submit vote requests at term 1 for -1: peers:[58733d94-cb44-4f93-b9bc-90d3803fc47e|10.1.0.100:15023, 0ff4ee77-f176-4c42-9b93-2e8119131049|10.1.0.100:15032, 577443f1-fefe-41e6-ac50-50037dc50964|10.1.0.100:15014]|listeners:[], old=null
2024-01-14 08:11:24,864 [grpc-default-executor-4] INFO  server.RaftServer$Division (RaftServerImpl.java:requestVote(1389)) - 58733d94-cb44-4f93-b9bc-90d3803fc47e@group-5520AA21A72D: receive requestVote(PRE_VOTE, 0ff4ee77-f176-4c42-9b93-2e8119131049, group-5520AA21A72D, 0, (t:0, i:0))
2024-01-14 08:11:24,865 [grpc-default-executor-4] INFO  impl.VoteContext (VoteContext.java:log(49)) - 58733d94-cb44-4f93-b9bc-90d3803fc47e@group-5520AA21A72D-FOLLOWER: accept PRE_VOTE from 0ff4ee77-f176-4c42-9b93-2e8119131049: our priority 0 <= candidate's priority 1
2024-01-14 08:11:24,865 [grpc-default-executor-4] INFO  server.RaftServer$Division (RaftServerImpl.java:requestVote(1422)) - 58733d94-cb44-4f93-b9bc-90d3803fc47e@group-5520AA21A72D replies to PRE_VOTE vote request: 0ff4ee77-f176-4c42-9b93-2e8119131049<-58733d94-cb44-4f93-b9bc-90d3803fc47e#0:OK-t0. Peer's state: 58733d94-cb44-4f93-b9bc-90d3803fc47e@group-5520AA21A72D:t0, leader=null, voted=, raftlog=Memoized:58733d94-cb44-4f93-b9bc-90d3803fc47e@group-5520AA21A72D-SegmentedRaftLog:OPENED:c-1, conf=-1: peers:[58733d94-cb44-4f93-b9bc-90d3803fc47e|10.1.0.100:15023, 0ff4ee77-f176-4c42-9b93-2e8119131049|10.1.0.100:15032, 577443f1-fefe-41e6-ac50-50037dc50964|10.1.0.100:15014]|listeners:[], old=null
2024-01-14 08:11:24,866 [0ff4ee77-f176-4c42-9b93-2e8119131049@group-5520AA21A72D-LeaderElection9] INFO  server.RaftServerConfigKeys (ConfUtils.java:logFallback(53)) - raft.server.rpc.first-election.timeout.min = 5s (fallback to raft.server.rpc.timeout.min)
2024-01-14 08:11:24,866 [0ff4ee77-f176-4c42-9b93-2e8119131049@group-5520AA21A72D-LeaderElection9] INFO  server.RaftServerConfigKeys (ConfUtils.java:logFallback(53)) - raft.server.rpc.first-election.timeout.max = 5200ms (fallback to raft.server.rpc.timeout.max)
2024-01-14 08:11:24,869 [grpc-default-executor-4] INFO  server.RaftServer$Division (RaftServerImpl.java:requestVote(1389)) - 58733d94-cb44-4f93-b9bc-90d3803fc47e@group-5520AA21A72D: receive requestVote(ELECTION, 0ff4ee77-f176-4c42-9b93-2e8119131049, group-5520AA21A72D, 1, (t:0, i:0))
2024-01-14 08:11:24,870 [grpc-default-executor-4] INFO  impl.VoteContext (VoteContext.java:log(49)) - 58733d94-cb44-4f93-b9bc-90d3803fc47e@group-5520AA21A72D-FOLLOWER: accept ELECTION from 0ff4ee77-f176-4c42-9b93-2e8119131049: our priority 0 <= candidate's priority 1
2024-01-14 08:11:24,870 [grpc-default-executor-6] INFO  server.RaftServer$Division (RaftServerImpl.java:requestVote(1389)) - 577443f1-fefe-41e6-ac50-50037dc50964@group-5520AA21A72D: receive requestVote(ELECTION, 0ff4ee77-f176-4c42-9b93-2e8119131049, group-5520AA21A72D, 1, (t:0, i:0))
2024-01-14 08:11:24,870 [grpc-default-executor-4] INFO  server.RaftServer$Division (RaftServerImpl.java:setRole(383)) - 58733d94-cb44-4f93-b9bc-90d3803fc47e@group-5520AA21A72D: changes role from  FOLLOWER to FOLLOWER at term 1 for candidate:0ff4ee77-f176-4c42-9b93-2e8119131049
2024-01-14 08:11:24,871 [grpc-default-executor-6] INFO  impl.VoteContext (VoteContext.java:log(49)) - 577443f1-fefe-41e6-ac50-50037dc50964@group-5520AA21A72D-FOLLOWER: accept ELECTION from 0ff4ee77-f176-4c42-9b93-2e8119131049: our priority 0 <= candidate's priority 1
2024-01-14 08:11:24,871 [grpc-default-executor-4] INFO  impl.RoleInfo (RoleInfo.java:shutdownFollowerState(110)) - 58733d94-cb44-4f93-b9bc-90d3803fc47e: shutdown 58733d94-cb44-4f93-b9bc-90d3803fc47e@group-5520AA21A72D-FollowerState
2024-01-14 08:11:24,871 [58733d94-cb44-4f93-b9bc-90d3803fc47e@group-5520AA21A72D-FollowerState] INFO  impl.FollowerState (FollowerState.java:run(152)) - 58733d94-cb44-4f93-b9bc-90d3803fc47e@group-5520AA21A72D-FollowerState was interrupted
2024-01-14 08:11:24,871 [grpc-default-executor-6] INFO  server.RaftServer$Division (RaftServerImpl.java:setRole(383)) - 577443f1-fefe-41e6-ac50-50037dc50964@group-5520AA21A72D: changes role from  FOLLOWER to FOLLOWER at term 1 for candidate:0ff4ee77-f176-4c42-9b93-2e8119131049
2024-01-14 08:11:24,871 [grpc-default-executor-6] INFO  impl.RoleInfo (RoleInfo.java:shutdownFollowerState(110)) - 577443f1-fefe-41e6-ac50-50037dc50964: shutdown 577443f1-fefe-41e6-ac50-50037dc50964@group-5520AA21A72D-FollowerState
2024-01-14 08:11:24,871 [grpc-default-executor-6] INFO  impl.RoleInfo (RoleInfo.java:updateAndGet(139)) - 577443f1-fefe-41e6-ac50-50037dc50964: start 577443f1-fefe-41e6-ac50-50037dc50964@group-5520AA21A72D-FollowerState
2024-01-14 08:11:24,871 [577443f1-fefe-41e6-ac50-50037dc50964@group-5520AA21A72D-FollowerState] INFO  impl.FollowerState (FollowerState.java:run(152)) - 577443f1-fefe-41e6-ac50-50037dc50964@group-5520AA21A72D-FollowerState was interrupted
2024-01-14 08:11:24,876 [grpc-default-executor-4] INFO  impl.RoleInfo (RoleInfo.java:updateAndGet(139)) - 58733d94-cb44-4f93-b9bc-90d3803fc47e: start 58733d94-cb44-4f93-b9bc-90d3803fc47e@group-5520AA21A72D-FollowerState
2024-01-14 08:11:24,878 [50de051d-3e76-4053-aa92-929931ae6eb2@group-20C315240F1A-FollowerState] INFO  impl.FollowerState (FollowerState.java:run(143)) - 50de051d-3e76-4053-aa92-929931ae6eb2@group-20C315240F1A-FollowerState: change to CANDIDATE, lastRpcElapsedTime:5156731763ns, electionTimeout:5151ms
2024-01-14 08:11:24,880 [50de051d-3e76-4053-aa92-929931ae6eb2@group-20C315240F1A-FollowerState] INFO  impl.RoleInfo (RoleInfo.java:shutdownFollowerState(110)) - 50de051d-3e76-4053-aa92-929931ae6eb2: shutdown 50de051d-3e76-4053-aa92-929931ae6eb2@group-20C315240F1A-FollowerState
2024-01-14 08:11:24,880 [50de051d-3e76-4053-aa92-929931ae6eb2@group-20C315240F1A-FollowerState] INFO  server.RaftServer$Division (RaftServerImpl.java:setRole(383)) - 50de051d-3e76-4053-aa92-929931ae6eb2@group-20C315240F1A: changes role from  FOLLOWER to CANDIDATE at term 0 for changeToCandidate
2024-01-14 08:11:24,877 [grpc-default-executor-6] INFO  server.RaftServer$Division (RaftServerImpl.java:requestVote(1422)) - 577443f1-fefe-41e6-ac50-50037dc50964@group-5520AA21A72D replies to ELECTION vote request: 0ff4ee77-f176-4c42-9b93-2e8119131049<-577443f1-fefe-41e6-ac50-50037dc50964#0:OK-t1. Peer's state: 577443f1-fefe-41e6-ac50-50037dc50964@group-5520AA21A72D:t1, leader=null, voted=0ff4ee77-f176-4c42-9b93-2e8119131049, raftlog=Memoized:577443f1-fefe-41e6-ac50-50037dc50964@group-5520AA21A72D-SegmentedRaftLog:OPENED:c-1, conf=-1: peers:[58733d94-cb44-4f93-b9bc-90d3803fc47e|10.1.0.100:15023, 0ff4ee77-f176-4c42-9b93-2e8119131049|10.1.0.100:15032, 577443f1-fefe-41e6-ac50-50037dc50964|10.1.0.100:15014]|listeners:[], old=null
2024-01-14 08:11:24,884 [grpc-default-executor-4] INFO  server.RaftServer$Division (RaftServerImpl.java:setFirstElection(574)) - 58733d94-cb44-4f93-b9bc-90d3803fc47e@group-5520AA21A72D: set firstElectionSinceStartup to false for candidate:0ff4ee77-f176-4c42-9b93-2e8119131049
2024-01-14 08:11:24,884 [0ff4ee77-f176-4c42-9b93-2e8119131049@group-5520AA21A72D-LeaderElection9] INFO  impl.LeaderElection (LeaderElection.java:logAndReturn(89)) - 0ff4ee77-f176-4c42-9b93-2e8119131049@group-5520AA21A72D-LeaderElection9: ELECTION PASSED received 1 response(s) and 0 exception(s):
2024-01-14 08:11:24,885 [0ff4ee77-f176-4c42-9b93-2e8119131049@group-5520AA21A72D-LeaderElection9] INFO  impl.LeaderElection (LeaderElection.java:logAndReturn(93)) -   Response 0: 0ff4ee77-f176-4c42-9b93-2e8119131049<-577443f1-fefe-41e6-ac50-50037dc50964#0:OK-t1
2024-01-14 08:11:24,885 [0ff4ee77-f176-4c42-9b93-2e8119131049@group-5520AA21A72D-LeaderElection9] INFO  impl.LeaderElection (LeaderElection.java:askForVotes(323)) - 0ff4ee77-f176-4c42-9b93-2e8119131049@group-5520AA21A72D-LeaderElection9 ELECTION round 0: result PASSED
2024-01-14 08:11:24,885 [0ff4ee77-f176-4c42-9b93-2e8119131049@group-5520AA21A72D-LeaderElection9] INFO  impl.RoleInfo (RoleInfo.java:shutdownLeaderElection(130)) - 0ff4ee77-f176-4c42-9b93-2e8119131049: shutdown 0ff4ee77-f176-4c42-9b93-2e8119131049@group-5520AA21A72D-LeaderElection9
2024-01-14 08:11:24,886 [0ff4ee77-f176-4c42-9b93-2e8119131049@group-5520AA21A72D-LeaderElection9] INFO  server.RaftServer$Division (RaftServerImpl.java:setRole(383)) - 0ff4ee77-f176-4c42-9b93-2e8119131049@group-5520AA21A72D: changes role from CANDIDATE to LEADER at term 1 for changeToLeader
2024-01-14 08:11:24,886 [grpc-default-executor-4] INFO  server.RaftServer$Division (RaftServerImpl.java:requestVote(1422)) - 58733d94-cb44-4f93-b9bc-90d3803fc47e@group-5520AA21A72D replies to ELECTION vote request: 0ff4ee77-f176-4c42-9b93-2e8119131049<-58733d94-cb44-4f93-b9bc-90d3803fc47e#0:OK-t1. Peer's state: 58733d94-cb44-4f93-b9bc-90d3803fc47e@group-5520AA21A72D:t1, leader=null, voted=0ff4ee77-f176-4c42-9b93-2e8119131049, raftlog=Memoized:58733d94-cb44-4f93-b9bc-90d3803fc47e@group-5520AA21A72D-SegmentedRaftLog:OPENED:c-1, conf=-1: peers:[58733d94-cb44-4f93-b9bc-90d3803fc47e|10.1.0.100:15023, 0ff4ee77-f176-4c42-9b93-2e8119131049|10.1.0.100:15032, 577443f1-fefe-41e6-ac50-50037dc50964|10.1.0.100:15014]|listeners:[], old=null
2024-01-14 08:11:24,884 [50de051d-3e76-4053-aa92-929931ae6eb2@group-20C315240F1A-FollowerState] INFO  server.RaftServerConfigKeys (ConfUtils.java:logGet(46)) - raft.server.leaderelection.pre-vote = true (default)
2024-01-14 08:11:24,886 [50de051d-3e76-4053-aa92-929931ae6eb2@group-20C315240F1A-FollowerState] INFO  impl.RoleInfo (RoleInfo.java:updateAndGet(139)) - 50de051d-3e76-4053-aa92-929931ae6eb2: start 50de051d-3e76-4053-aa92-929931ae6eb2@group-20C315240F1A-LeaderElection10
2024-01-14 08:11:24,886 [0ff4ee77-f176-4c42-9b93-2e8119131049@group-5520AA21A72D-LeaderElection9] INFO  server.RaftServerConfigKeys (ConfUtils.java:logGet(46)) - raft.server.staging.catchup.gap = 1000 (default)
2024-01-14 08:11:24,887 [0ff4ee77-f176-4c42-9b93-2e8119131049@group-5520AA21A72D-LeaderElection9] INFO  server.RaftServerConfigKeys (ConfUtils.java:logGet(46)) - raft.server.write.element-limit = 1024 (custom)
2024-01-14 08:11:24,887 [0ff4ee77-f176-4c42-9b93-2e8119131049@group-5520AA21A72D-LeaderElection9] INFO  server.RaftServerConfigKeys (ConfUtils.java:logGet(46)) - raft.server.write.byte-limit = 1024 M (=1073741824) (custom)
2024-01-14 08:11:24,888 [0ff4ee77-f176-4c42-9b93-2e8119131049@group-5520AA21A72D-LeaderElection9] INFO  server.RaftServerConfigKeys (ConfUtils.java:logGet(46)) - raft.server.watch.timeout = 3000ms (custom)
2024-01-14 08:11:24,888 [0ff4ee77-f176-4c42-9b93-2e8119131049@group-5520AA21A72D-LeaderElection9] INFO  server.RaftServerConfigKeys (ConfUtils.java:logGet(46)) - raft.server.watch.timeout.denomination = 1s (default)
2024-01-14 08:11:24,888 [0ff4ee77-f176-4c42-9b93-2e8119131049@group-5520AA21A72D-LeaderElection9] INFO  server.RaftServerConfigKeys (ConfUtils.java:logGet(46)) - raft.server.watch.element-limit = 65536 (default)
2024-01-14 08:11:24,888 [0ff4ee77-f176-4c42-9b93-2e8119131049@group-5520AA21A72D-LeaderElection9] INFO  server.RaftServerConfigKeys (ConfUtils.java:logGet(46)) - raft.server.read.leader.lease.enabled = false (default)
2024-01-14 08:11:24,888 [0ff4ee77-f176-4c42-9b93-2e8119131049@group-5520AA21A72D-LeaderElection9] INFO  server.RaftServerConfigKeys (ConfUtils.java:logGet(46)) - raft.server.read.leader.lease.timeout.ratio = 0.9 (default)
2024-01-14 08:11:24,888 [0ff4ee77-f176-4c42-9b93-2e8119131049@group-5520AA21A72D-LeaderElection9] INFO  server.RaftServerConfigKeys (ConfUtils.java:logGet(46)) - raft.server.rpc.timeout.min = 5s (custom)
2024-01-14 08:11:24,888 [0ff4ee77-f176-4c42-9b93-2e8119131049@group-5520AA21A72D-LeaderElection9] INFO  server.RaftServerConfigKeys (ConfUtils.java:logGet(46)) - raft.server.write.element-limit = 1024 (custom)
2024-01-14 08:11:24,888 [0ff4ee77-f176-4c42-9b93-2e8119131049@group-5520AA21A72D-LeaderElection9] INFO  server.RaftServerConfigKeys (ConfUtils.java:logGet(46)) - raft.server.write.follower.gap.ratio.max = -1.0 (default)
2024-01-14 08:11:24,889 [0ff4ee77-f176-4c42-9b93-2e8119131049@group-5520AA21A72D-LeaderElection9] INFO  server.RaftServerConfigKeys (ConfUtils.java:logGet(46)) - raft.server.log.appender.snapshot.chunk.size.max = 16MB (=16777216) (default)
2024-01-14 08:11:24,889 [0ff4ee77-f176-4c42-9b93-2e8119131049@group-5520AA21A72D-LeaderElection9] INFO  server.RaftServerConfigKeys (ConfUtils.java:logGet(46)) - raft.server.log.appender.buffer.byte-limit = 8388608 (custom)
2024-01-14 08:11:24,889 [0ff4ee77-f176-4c42-9b93-2e8119131049@group-5520AA21A72D-LeaderElection9] INFO  server.RaftServerConfigKeys (ConfUtils.java:logGet(46)) - raft.server.log.appender.buffer.element-limit = 1 (custom)
2024-01-14 08:11:24,889 [0ff4ee77-f176-4c42-9b93-2e8119131049@group-5520AA21A72D-LeaderElection9] INFO  server.RaftServerConfigKeys (ConfUtils.java:logGet(46)) - raft.server.log.appender.wait-time.min = 0ms (custom)
2024-01-14 08:11:24,889 [0ff4ee77-f176-4c42-9b93-2e8119131049@group-5520AA21A72D-LeaderElection9] INFO  grpc.GrpcConfigKeys (ConfUtils.java:logGet(46)) - raft.grpc.server.leader.outstanding.appends.max = 8 (default)
2024-01-14 08:11:24,890 [0ff4ee77-f176-4c42-9b93-2e8119131049@group-5520AA21A72D-LeaderElection9] INFO  server.RaftServerConfigKeys (ConfUtils.java:logGet(46)) - raft.server.rpc.request.timeout = 3000ms (default)
2024-01-14 08:11:24,890 [0ff4ee77-f176-4c42-9b93-2e8119131049@group-5520AA21A72D-LeaderElection9] INFO  grpc.GrpcConfigKeys (ConfUtils.java:logGet(46)) - raft.grpc.server.install_snapshot.request.element-limit = 8 (default)
2024-01-14 08:11:24,890 [0ff4ee77-f176-4c42-9b93-2e8119131049@group-5520AA21A72D-LeaderElection9] INFO  grpc.GrpcConfigKeys (ConfUtils.java:logGet(46)) - raft.grpc.server.install_snapshot.request.timeout = 3000ms (default)
2024-01-14 08:11:24,890 [0ff4ee77-f176-4c42-9b93-2e8119131049@group-5520AA21A72D-LeaderElection9] INFO  grpc.GrpcConfigKeys (ConfUtils.java:logGet(46)) - raft.grpc.server.log-message.batch.duration = 5s (default)
2024-01-14 08:11:24,890 [0ff4ee77-f176-4c42-9b93-2e8119131049@group-5520AA21A72D-LeaderElection9] INFO  server.RaftServerConfigKeys (ConfUtils.java:logGet(46)) - raft.server.log.appender.install.snapshot.enabled = false (custom)
2024-01-14 08:11:24,890 [0ff4ee77-f176-4c42-9b93-2e8119131049@group-5520AA21A72D-LeaderElection9] INFO  grpc.GrpcConfigKeys (ConfUtils.java:logGet(46)) - raft.grpc.server.heartbeat.channel = true (default)
2024-01-14 08:11:24,891 [0ff4ee77-f176-4c42-9b93-2e8119131049@group-5520AA21A72D-LeaderElection9] INFO  server.RaftServerConfigKeys (ConfUtils.java:logGet(46)) - raft.server.log.appender.snapshot.chunk.size.max = 16MB (=16777216) (default)
2024-01-14 08:11:24,891 [0ff4ee77-f176-4c42-9b93-2e8119131049@group-5520AA21A72D-LeaderElection9] INFO  server.RaftServerConfigKeys (ConfUtils.java:logGet(46)) - raft.server.log.appender.buffer.byte-limit = 8388608 (custom)
2024-01-14 08:11:24,891 [0ff4ee77-f176-4c42-9b93-2e8119131049@group-5520AA21A72D-LeaderElection9] INFO  server.RaftServerConfigKeys (ConfUtils.java:logGet(46)) - raft.server.log.appender.buffer.element-limit = 1 (custom)
2024-01-14 08:11:24,891 [0ff4ee77-f176-4c42-9b93-2e8119131049@group-5520AA21A72D-LeaderElection9] INFO  server.RaftServerConfigKeys (ConfUtils.java:logGet(46)) - raft.server.log.appender.wait-time.min = 0ms (custom)
2024-01-14 08:11:24,891 [0ff4ee77-f176-4c42-9b93-2e8119131049@group-5520AA21A72D-LeaderElection9] INFO  grpc.GrpcConfigKeys (ConfUtils.java:logGet(46)) - raft.grpc.server.leader.outstanding.appends.max = 8 (default)
2024-01-14 08:11:24,892 [0ff4ee77-f176-4c42-9b93-2e8119131049@group-5520AA21A72D-LeaderElection9] INFO  server.RaftServerConfigKeys (ConfUtils.java:logGet(46)) - raft.server.rpc.request.timeout = 3000ms (default)
2024-01-14 08:11:24,892 [0ff4ee77-f176-4c42-9b93-2e8119131049@group-5520AA21A72D-LeaderElection9] INFO  grpc.GrpcConfigKeys (ConfUtils.java:logGet(46)) - raft.grpc.server.install_snapshot.request.element-limit = 8 (default)
2024-01-14 08:11:24,892 [0ff4ee77-f176-4c42-9b93-2e8119131049@group-5520AA21A72D-LeaderElection9] INFO  grpc.GrpcConfigKeys (ConfUtils.java:logGet(46)) - raft.grpc.server.install_snapshot.request.timeout = 3000ms (default)
2024-01-14 08:11:24,892 [0ff4ee77-f176-4c42-9b93-2e8119131049@group-5520AA21A72D-LeaderElection9] INFO  grpc.GrpcConfigKeys (ConfUtils.java:logGet(46)) - raft.grpc.server.log-message.batch.duration = 5s (default)
2024-01-14 08:11:24,892 [0ff4ee77-f176-4c42-9b93-2e8119131049@group-5520AA21A72D-LeaderElection9] INFO  server.RaftServerConfigKeys (ConfUtils.java:logGet(46)) - raft.server.log.appender.install.snapshot.enabled = false (custom)
2024-01-14 08:11:24,892 [0ff4ee77-f176-4c42-9b93-2e8119131049@group-5520AA21A72D-LeaderElection9] INFO  grpc.GrpcConfigKeys (ConfUtils.java:logGet(46)) - raft.grpc.server.heartbeat.channel = true (default)
2024-01-14 08:11:24,892 [0ff4ee77-f176-4c42-9b93-2e8119131049@group-5520AA21A72D-LeaderElection9] INFO  impl.RoleInfo (RoleInfo.java:updateAndGet(139)) - 0ff4ee77-f176-4c42-9b93-2e8119131049: start 0ff4ee77-f176-4c42-9b93-2e8119131049@group-5520AA21A72D-LeaderStateImpl
2024-01-14 08:11:24,892 [0ff4ee77-f176-4c42-9b93-2e8119131049@group-5520AA21A72D-LeaderElection9] INFO  server.RaftServer$Division (RaftServerImpl.java:setFirstElection(574)) - 0ff4ee77-f176-4c42-9b93-2e8119131049@group-5520AA21A72D: set firstElectionSinceStartup to false for becomeLeader
2024-01-14 08:11:24,892 [0ff4ee77-f176-4c42-9b93-2e8119131049@group-5520AA21A72D-LeaderElection9] INFO  ratis.XceiverServerRatis (XceiverServerRatis.java:handleLeaderChangedNotification(945)) - Leader change notification received for group: group-5520AA21A72D with new leaderId: 0ff4ee77-f176-4c42-9b93-2e8119131049
2024-01-14 08:11:24,893 [0ff4ee77-f176-4c42-9b93-2e8119131049@group-5520AA21A72D-LeaderElection9] INFO  server.RaftServer$Division (ServerState.java:setLeader(269)) - 0ff4ee77-f176-4c42-9b93-2e8119131049@group-5520AA21A72D: change Leader from null to 0ff4ee77-f176-4c42-9b93-2e8119131049 at term 1 for becomeLeader, leader elected after 5256ms
2024-01-14 08:11:24,893 [0ff4ee77-f176-4c42-9b93-2e8119131049@group-5520AA21A72D-LeaderElection9] INFO  segmented.SegmentedRaftLogWorker (SegmentedRaftLogWorker.java:startLogSegment(430)) - 0ff4ee77-f176-4c42-9b93-2e8119131049@group-5520AA21A72D-SegmentedRaftLogWorker: Starting segment from index:0
2024-01-14 08:11:24,895 [0ff4ee77-f176-4c42-9b93-2e8119131049@group-5520AA21A72D-LeaderElection9] INFO  server.RaftServer$Division (ServerState.java:setRaftConf(386)) - 0ff4ee77-f176-4c42-9b93-2e8119131049@group-5520AA21A72D: set configuration 0: peers:[58733d94-cb44-4f93-b9bc-90d3803fc47e|10.1.0.100:15023, 0ff4ee77-f176-4c42-9b93-2e8119131049|10.1.0.100:15032, 577443f1-fefe-41e6-ac50-50037dc50964|10.1.0.100:15014]|listeners:[], old=null
2024-01-14 08:11:24,896 [0ff4ee77-f176-4c42-9b93-2e8119131049@group-5520AA21A72D-SegmentedRaftLogWorker] INFO  segmented.BufferedWriteChannel (BufferedWriteChannel.java:open(62)) - open log_inprogress_0 at position 0
2024-01-14 08:11:24,897 [EventQueue-PipelineReportForPipelineReportHandler] INFO  pipeline.PipelineReportHandler (PipelineReportHandler.java:processPipelineReport(136)) - Opened pipeline PipelineID=5c66e7de-3243-461f-9b96-5520aa21a72d
2024-01-14 08:11:24,905 [577443f1-fefe-41e6-ac50-50037dc50964-server-thread2] INFO  ratis.XceiverServerRatis (XceiverServerRatis.java:handleLeaderChangedNotification(945)) - Leader change notification received for group: group-5520AA21A72D with new leaderId: 0ff4ee77-f176-4c42-9b93-2e8119131049
2024-01-14 08:11:24,905 [577443f1-fefe-41e6-ac50-50037dc50964-server-thread2] INFO  server.RaftServer$Division (ServerState.java:setLeader(269)) - 577443f1-fefe-41e6-ac50-50037dc50964@group-5520AA21A72D: change Leader from null to 0ff4ee77-f176-4c42-9b93-2e8119131049 at term 1 for appendEntries, leader elected after 5286ms
2024-01-14 08:11:24,917 [58733d94-cb44-4f93-b9bc-90d3803fc47e-server-thread1] INFO  ratis.XceiverServerRatis (XceiverServerRatis.java:handleLeaderChangedNotification(945)) - Leader change notification received for group: group-5520AA21A72D with new leaderId: 0ff4ee77-f176-4c42-9b93-2e8119131049
2024-01-14 08:11:24,917 [58733d94-cb44-4f93-b9bc-90d3803fc47e-server-thread1] INFO  server.RaftServer$Division (ServerState.java:setLeader(269)) - 58733d94-cb44-4f93-b9bc-90d3803fc47e@group-5520AA21A72D: change Leader from null to 0ff4ee77-f176-4c42-9b93-2e8119131049 at term 1 for appendEntries, leader elected after 5287ms
2024-01-14 08:11:24,917 [577443f1-fefe-41e6-ac50-50037dc50964-server-thread2] INFO  server.RaftServer$Division (ServerState.java:setRaftConf(386)) - 577443f1-fefe-41e6-ac50-50037dc50964@group-5520AA21A72D: set configuration 0: peers:[58733d94-cb44-4f93-b9bc-90d3803fc47e|10.1.0.100:15023, 0ff4ee77-f176-4c42-9b93-2e8119131049|10.1.0.100:15032, 577443f1-fefe-41e6-ac50-50037dc50964|10.1.0.100:15014]|listeners:[], old=null
2024-01-14 08:11:24,917 [50de051d-3e76-4053-aa92-929931ae6eb2@group-20C315240F1A-LeaderElection10] INFO  impl.LeaderElection (LeaderElection.java:askForVotes(321)) - 50de051d-3e76-4053-aa92-929931ae6eb2@group-20C315240F1A-LeaderElection10 PRE_VOTE round 0: submit vote requests at term 0 for -1: peers:[50de051d-3e76-4053-aa92-929931ae6eb2|10.1.0.100:15050]|listeners:[], old=null
2024-01-14 08:11:24,918 [577443f1-fefe-41e6-ac50-50037dc50964-server-thread2] INFO  segmented.SegmentedRaftLogWorker (SegmentedRaftLogWorker.java:startLogSegment(430)) - 577443f1-fefe-41e6-ac50-50037dc50964@group-5520AA21A72D-SegmentedRaftLogWorker: Starting segment from index:0
2024-01-14 08:11:24,918 [50de051d-3e76-4053-aa92-929931ae6eb2@group-20C315240F1A-LeaderElection10] INFO  impl.LeaderElection (LeaderElection.java:askForVotes(323)) - 50de051d-3e76-4053-aa92-929931ae6eb2@group-20C315240F1A-LeaderElection10 PRE_VOTE round 0: result PASSED (term=0)
2024-01-14 08:11:24,917 [0ff4ee77-f176-4c42-9b93-2e8119131049@group-5520AA21A72D-SegmentedRaftLogWorker] INFO  segmented.SegmentedRaftLogWorker (SegmentedRaftLogWorker.java:execute(634)) - 0ff4ee77-f176-4c42-9b93-2e8119131049@group-5520AA21A72D-SegmentedRaftLogWorker: created new log segment /home/runner/work/ozone/ozone/hadoop-ozone/integration-test/target/test-dir/MiniOzoneClusterImpl-d05e4a2c-755f-4d37-936b-30aea24b9535/datanode-2/data/ratis/5c66e7de-3243-461f-9b96-5520aa21a72d/current/log_inprogress_0
2024-01-14 08:11:24,920 [58733d94-cb44-4f93-b9bc-90d3803fc47e-server-thread2] INFO  server.RaftServer$Division (ServerState.java:setRaftConf(386)) - 58733d94-cb44-4f93-b9bc-90d3803fc47e@group-5520AA21A72D: set configuration 0: peers:[58733d94-cb44-4f93-b9bc-90d3803fc47e|10.1.0.100:15023, 0ff4ee77-f176-4c42-9b93-2e8119131049|10.1.0.100:15032, 577443f1-fefe-41e6-ac50-50037dc50964|10.1.0.100:15014]|listeners:[], old=null
2024-01-14 08:11:24,920 [50de051d-3e76-4053-aa92-929931ae6eb2@group-20C315240F1A-LeaderElection10] INFO  impl.LeaderElection (LeaderElection.java:askForVotes(321)) - 50de051d-3e76-4053-aa92-929931ae6eb2@group-20C315240F1A-LeaderElection10 ELECTION round 0: submit vote requests at term 1 for -1: peers:[50de051d-3e76-4053-aa92-929931ae6eb2|10.1.0.100:15050]|listeners:[], old=null
2024-01-14 08:11:24,920 [58733d94-cb44-4f93-b9bc-90d3803fc47e-server-thread2] INFO  segmented.SegmentedRaftLogWorker (SegmentedRaftLogWorker.java:startLogSegment(430)) - 58733d94-cb44-4f93-b9bc-90d3803fc47e@group-5520AA21A72D-SegmentedRaftLogWorker: Starting segment from index:0
2024-01-14 08:11:24,920 [50de051d-3e76-4053-aa92-929931ae6eb2@group-20C315240F1A-LeaderElection10] INFO  impl.LeaderElection (LeaderElection.java:askForVotes(323)) - 50de051d-3e76-4053-aa92-929931ae6eb2@group-20C315240F1A-LeaderElection10 ELECTION round 0: result PASSED (term=1)
2024-01-14 08:11:24,920 [50de051d-3e76-4053-aa92-929931ae6eb2@group-20C315240F1A-LeaderElection10] INFO  impl.RoleInfo (RoleInfo.java:shutdownLeaderElection(130)) - 50de051d-3e76-4053-aa92-929931ae6eb2: shutdown 50de051d-3e76-4053-aa92-929931ae6eb2@group-20C315240F1A-LeaderElection10
2024-01-14 08:11:24,920 [50de051d-3e76-4053-aa92-929931ae6eb2@group-20C315240F1A-LeaderElection10] INFO  server.RaftServer$Division (RaftServerImpl.java:setRole(383)) - 50de051d-3e76-4053-aa92-929931ae6eb2@group-20C315240F1A: changes role from CANDIDATE to LEADER at term 1 for changeToLeader
2024-01-14 08:11:24,920 [50de051d-3e76-4053-aa92-929931ae6eb2@group-20C315240F1A-LeaderElection10] INFO  server.RaftServerConfigKeys (ConfUtils.java:logGet(46)) - raft.server.staging.catchup.gap = 1000 (default)
2024-01-14 08:11:24,921 [58733d94-cb44-4f93-b9bc-90d3803fc47e@group-5520AA21A72D-SegmentedRaftLogWorker] INFO  segmented.BufferedWriteChannel (BufferedWriteChannel.java:open(62)) - open log_inprogress_0 at position 0
2024-01-14 08:11:24,921 [50de051d-3e76-4053-aa92-929931ae6eb2@group-20C315240F1A-LeaderElection10] INFO  server.RaftServerConfigKeys (ConfUtils.java:logGet(46)) - raft.server.write.element-limit = 1024 (custom)
2024-01-14 08:11:24,921 [50de051d-3e76-4053-aa92-929931ae6eb2@group-20C315240F1A-LeaderElection10] INFO  server.RaftServerConfigKeys (ConfUtils.java:logGet(46)) - raft.server.write.byte-limit = 1024 M (=1073741824) (custom)
2024-01-14 08:11:24,920 [577443f1-fefe-41e6-ac50-50037dc50964@group-5520AA21A72D-SegmentedRaftLogWorker] INFO  segmented.BufferedWriteChannel (BufferedWriteChannel.java:open(62)) - open log_inprogress_0 at position 0
2024-01-14 08:11:24,927 [50de051d-3e76-4053-aa92-929931ae6eb2@group-20C315240F1A-LeaderElection10] INFO  server.RaftServerConfigKeys (ConfUtils.java:logGet(46)) - raft.server.watch.timeout = 3000ms (custom)
2024-01-14 08:11:24,927 [50de051d-3e76-4053-aa92-929931ae6eb2@group-20C315240F1A-LeaderElection10] INFO  server.RaftServerConfigKeys (ConfUtils.java:logGet(46)) - raft.server.watch.timeout.denomination = 1s (default)
2024-01-14 08:11:24,928 [50de051d-3e76-4053-aa92-929931ae6eb2@group-20C315240F1A-LeaderElection10] INFO  server.RaftServerConfigKeys (ConfUtils.java:logGet(46)) - raft.server.watch.element-limit = 65536 (default)
2024-01-14 08:11:24,928 [50de051d-3e76-4053-aa92-929931ae6eb2@group-20C315240F1A-LeaderElection10] INFO  server.RaftServerConfigKeys (ConfUtils.java:logGet(46)) - raft.server.read.leader.lease.enabled = false (default)
2024-01-14 08:11:24,929 [50de051d-3e76-4053-aa92-929931ae6eb2@group-20C315240F1A-LeaderElection10] INFO  server.RaftServerConfigKeys (ConfUtils.java:logGet(46)) - raft.server.read.leader.lease.timeout.ratio = 0.9 (default)
2024-01-14 08:11:24,929 [50de051d-3e76-4053-aa92-929931ae6eb2@group-20C315240F1A-LeaderElection10] INFO  server.RaftServerConfigKeys (ConfUtils.java:logGet(46)) - raft.server.rpc.timeout.min = 5s (custom)
2024-01-14 08:11:24,929 [50de051d-3e76-4053-aa92-929931ae6eb2@group-20C315240F1A-LeaderElection10] INFO  server.RaftServerConfigKeys (ConfUtils.java:logGet(46)) - raft.server.write.element-limit = 1024 (custom)
2024-01-14 08:11:24,929 [50de051d-3e76-4053-aa92-929931ae6eb2@group-20C315240F1A-LeaderElection10] INFO  server.RaftServerConfigKeys (ConfUtils.java:logGet(46)) - raft.server.write.follower.gap.ratio.max = -1.0 (default)
2024-01-14 08:11:24,929 [50de051d-3e76-4053-aa92-929931ae6eb2@group-20C315240F1A-LeaderElection10] INFO  impl.RoleInfo (RoleInfo.java:updateAndGet(139)) - 50de051d-3e76-4053-aa92-929931ae6eb2: start 50de051d-3e76-4053-aa92-929931ae6eb2@group-20C315240F1A-LeaderStateImpl
2024-01-14 08:11:24,929 [50de051d-3e76-4053-aa92-929931ae6eb2@group-20C315240F1A-LeaderElection10] INFO  server.RaftServer$Division (RaftServerImpl.java:setFirstElection(574)) - 50de051d-3e76-4053-aa92-929931ae6eb2@group-20C315240F1A: set firstElectionSinceStartup to false for becomeLeader
2024-01-14 08:11:24,929 [50de051d-3e76-4053-aa92-929931ae6eb2@group-20C315240F1A-LeaderElection10] INFO  ratis.XceiverServerRatis (XceiverServerRatis.java:handleLeaderChangedNotification(945)) - Leader change notification received for group: group-20C315240F1A with new leaderId: 50de051d-3e76-4053-aa92-929931ae6eb2
2024-01-14 08:11:24,929 [50de051d-3e76-4053-aa92-929931ae6eb2@group-20C315240F1A-LeaderElection10] INFO  server.RaftServer$Division (ServerState.java:setLeader(269)) - 50de051d-3e76-4053-aa92-929931ae6eb2@group-20C315240F1A: change Leader from null to 50de051d-3e76-4053-aa92-929931ae6eb2 at term 1 for becomeLeader, leader elected after 5272ms
2024-01-14 08:11:24,929 [50de051d-3e76-4053-aa92-929931ae6eb2@group-20C315240F1A-LeaderElection10] INFO  segmented.SegmentedRaftLogWorker (SegmentedRaftLogWorker.java:startLogSegment(430)) - 50de051d-3e76-4053-aa92-929931ae6eb2@group-20C315240F1A-SegmentedRaftLogWorker: Starting segment from index:0
2024-01-14 08:11:24,930 [50de051d-3e76-4053-aa92-929931ae6eb2@group-20C315240F1A-SegmentedRaftLogWorker] INFO  segmented.BufferedWriteChannel (BufferedWriteChannel.java:open(62)) - open log_inprogress_0 at position 0
2024-01-14 08:11:24,932 [50de051d-3e76-4053-aa92-929931ae6eb2@group-20C315240F1A-LeaderElection10] INFO  server.RaftServer$Division (ServerState.java:setRaftConf(386)) - 50de051d-3e76-4053-aa92-929931ae6eb2@group-20C315240F1A: set configuration 0: peers:[50de051d-3e76-4053-aa92-929931ae6eb2|10.1.0.100:15050]|listeners:[], old=null
2024-01-14 08:11:24,935 [58733d94-cb44-4f93-b9bc-90d3803fc47e@group-5520AA21A72D-SegmentedRaftLogWorker] INFO  segmented.SegmentedRaftLogWorker (SegmentedRaftLogWorker.java:execute(634)) - 58733d94-cb44-4f93-b9bc-90d3803fc47e@group-5520AA21A72D-SegmentedRaftLogWorker: created new log segment /home/runner/work/ozone/ozone/hadoop-ozone/integration-test/target/test-dir/MiniOzoneClusterImpl-d05e4a2c-755f-4d37-936b-30aea24b9535/datanode-1/data/ratis/5c66e7de-3243-461f-9b96-5520aa21a72d/current/log_inprogress_0
2024-01-14 08:11:24,942 [577443f1-fefe-41e6-ac50-50037dc50964@group-5520AA21A72D-SegmentedRaftLogWorker] INFO  segmented.SegmentedRaftLogWorker (SegmentedRaftLogWorker.java:execute(634)) - 577443f1-fefe-41e6-ac50-50037dc50964@group-5520AA21A72D-SegmentedRaftLogWorker: created new log segment /home/runner/work/ozone/ozone/hadoop-ozone/integration-test/target/test-dir/MiniOzoneClusterImpl-d05e4a2c-755f-4d37-936b-30aea24b9535/datanode-0/data/ratis/5c66e7de-3243-461f-9b96-5520aa21a72d/current/log_inprogress_0
2024-01-14 08:11:24,943 [50de051d-3e76-4053-aa92-929931ae6eb2@group-20C315240F1A-SegmentedRaftLogWorker] INFO  segmented.SegmentedRaftLogWorker (SegmentedRaftLogWorker.java:execute(634)) - 50de051d-3e76-4053-aa92-929931ae6eb2@group-20C315240F1A-SegmentedRaftLogWorker: created new log segment /home/runner/work/ozone/ozone/hadoop-ozone/integration-test/target/test-dir/MiniOzoneClusterImpl-d05e4a2c-755f-4d37-936b-30aea24b9535/datanode-4/data/ratis/2ca7df51-f4b8-4131-883c-20c315240f1a/current/log_inprogress_0
2024-01-14 08:11:24,945 [0ff4ee77-f176-4c42-9b93-2e8119131049@group-5520AA21A72D-StateMachineUpdater] INFO  server.RaftServer$Division (LeaderStateImpl.java:isApplied(320)) - leader is ready since appliedIndex == 0 >= startIndex == 0
2024-01-14 08:11:24,945 [50de051d-3e76-4053-aa92-929931ae6eb2@group-20C315240F1A-StateMachineUpdater] INFO  server.RaftServer$Division (LeaderStateImpl.java:isApplied(320)) - leader is ready since appliedIndex == 0 >= startIndex == 0
2024-01-14 08:11:25,064 [main] INFO  rpc.RpcClient (RpcClient.java:createVolume(456)) - Creating Volume: testblockoutputstream, with runner as owner and space quota set to -1 bytes, counts quota set to -1
2024-01-14 08:11:25,098 [om1-OMStateMachineApplyTransactionThread - 0] INFO  volume.OMVolumeCreateRequest (OMVolumeCreateRequest.java:validateAndUpdateCache(198)) - created volume:testblockoutputstream for user:runner
2024-01-14 08:11:25,105 [om1-OMDoubleBufferFlushThread] INFO  helpers.OmKeyInfo (OmKeyInfo.java:getCodec(71)) - OmKeyInfo.getCodec ignorePipeline = true
2024-01-14 08:11:25,105 [om1-OMDoubleBufferFlushThread] INFO  helpers.OmKeyInfo (OmKeyInfo.java:getCodec(71)) - OmKeyInfo.getCodec ignorePipeline = true
2024-01-14 08:11:25,105 [om1-OMDoubleBufferFlushThread] INFO  helpers.OmKeyInfo (OmKeyInfo.java:getCodec(71)) - OmKeyInfo.getCodec ignorePipeline = true
2024-01-14 08:11:25,105 [om1-OMDoubleBufferFlushThread] INFO  helpers.OmKeyInfo (OmKeyInfo.java:getCodec(71)) - OmKeyInfo.getCodec ignorePipeline = true
2024-01-14 08:11:25,105 [om1-OMDoubleBufferFlushThread] INFO  helpers.OmKeyInfo (OmKeyInfo.java:getCodec(71)) - OmKeyInfo.getCodec ignorePipeline = true
2024-01-14 08:11:25,114 [main] INFO  rpc.RpcClient (RpcClient.java:createBucket(683)) - Creating Bucket: testblockoutputstream/testblockoutputstream, with server-side default bucket layout, runner as owner, Versioning false, Storage Type set to DISK and Encryption set to false, Replication Type set to server-side default replication type, Namespace Quota set to -1, Space Quota set to -1 
2024-01-14 08:11:25,125 [om1-OMStateMachineApplyTransactionThread - 0] INFO  bucket.OMBucketCreateRequest (OMBucketCreateRequest.java:validateAndUpdateCache(296)) - created bucket: testblockoutputstream of layout FILE_SYSTEM_OPTIMIZED in volume: testblockoutputstream
2024-01-14 08:11:25,239 [IPC Server handler 0 on default port 15000] INFO  ha.SequenceIdGenerator (SequenceIdGenerator.java:getNextId(145)) - Allocate a batch for containerId, change lastId from 0 to 1000.
2024-01-14 08:11:25,253 [main] INFO  impl.MetricsSystemImpl (MetricsSystemImpl.java:init(158)) - XceiverClientMetrics metrics system started (again)
2024-01-14 08:11:25,254 [main] INFO  lib.Interns (Interns.java:removeEldestEntry(50)) - Metrics intern cache overflow at 2011 for MetricsSystem={MetricsSystem=MetricsInfoImpl{name=MetricsSystem, description=MetricsSystem}, MetricsSystem record=MetricsInfoImpl{name=MetricsSystem, description=MetricsSystem record}}
2024-01-14 08:11:25,487 [0ff4ee77-f176-4c42-9b93-2e8119131049-ChunkWriter-1-0] WARN  helpers.ChunkUtils (ChunkUtils.java:validateChunkForOverwrite(317)) - Duplicate write chunk request. Chunk overwrite without explicit request. ChunkInfo{chunkName='111753290400530433.data.0, offset=0, len=1048576}
2024-01-14 08:11:25,488 [58733d94-cb44-4f93-b9bc-90d3803fc47e-ChunkWriter-1-0] WARN  helpers.ChunkUtils (ChunkUtils.java:validateChunkForOverwrite(317)) - Duplicate write chunk request. Chunk overwrite without explicit request. ChunkInfo{chunkName='111753290400530433.data.0, offset=0, len=1048576}
2024-01-14 08:11:25,488 [577443f1-fefe-41e6-ac50-50037dc50964-ChunkWriter-1-0] WARN  helpers.ChunkUtils (ChunkUtils.java:validateChunkForOverwrite(317)) - Duplicate write chunk request. Chunk overwrite without explicit request. ChunkInfo{chunkName='111753290400530433.data.0, offset=0, len=1048576}
2024-01-14 08:11:25,558 [main] INFO  ozone.MiniOzoneClusterImpl (MiniOzoneClusterImpl.java:shutdown(449)) - Shutting down the Mini Ozone Cluster
2024-01-14 08:11:25,559 [main] INFO  db.CodecTestUtil (CodecTestUtil.java:gc(50)) - gc 0
2024-01-14 08:11:25,837 [main] INFO  ozone.MiniOzoneClusterImpl (MiniOzoneClusterImpl.java:stop(465)) - Stopping the Mini Ozone Cluster
2024-01-14 08:11:25,837 [main] INFO  om.OzoneManager (OzoneManager.java:stop(2204)) - om1[localhost:15004]: Stopping Ozone Manager
2024-01-14 08:11:25,838 [main] INFO  ipc.Server (Server.java:stop(3523)) - Stopping server on 15004
2024-01-14 08:11:25,841 [IPC Server listener on 15004] INFO  ipc.Server (Server.java:run(1434)) - Stopping IPC Server listener on 15004
2024-01-14 08:11:25,841 [IPC Server Responder] INFO  ipc.Server (Server.java:run(1567)) - Stopping IPC Server Responder
2024-01-14 08:11:25,842 [main] INFO  ratis.OzoneManagerRatisServer (OzoneManagerRatisServer.java:stop(594)) - Stopping org.apache.hadoop.ozone.om.ratis.OzoneManagerRatisServer@7297afe7 at port 15007
2024-01-14 08:11:25,845 [main] INFO  server.RaftServer (RaftServerProxy.java:lambda$close$9(416)) - om1: close
2024-01-14 08:11:25,845 [om1-impl-thread1] INFO  server.RaftServer$Division (RaftServerImpl.java:lambda$close$3(526)) - om1@group-C5BA1605619E: shutdown
2024-01-14 08:11:25,845 [main] INFO  server.GrpcService (GrpcService.java:closeImpl(311)) - om1: shutdown server GrpcServerProtocolService now
2024-01-14 08:11:25,845 [om1-impl-thread1] INFO  util.JmxRegister (JmxRegister.java:unregister(73)) - Successfully un-registered JMX Bean with object name Ratis:service=RaftServer,group=group-C5BA1605619E,id=om1
2024-01-14 08:11:25,846 [om1-impl-thread1] INFO  impl.RoleInfo (RoleInfo.java:shutdownLeaderState(94)) - om1: shutdown om1@group-C5BA1605619E-LeaderStateImpl
2024-01-14 08:11:25,846 [om1-impl-thread1] INFO  impl.PendingRequests (PendingRequests.java:sendNotLeaderResponses(289)) - om1@group-C5BA1605619E-PendingRequests: sendNotLeaderResponses
2024-01-14 08:11:25,850 [om1-impl-thread1] INFO  impl.StateMachineUpdater (StateMachineUpdater.java:stopAndJoin(157)) - om1@group-C5BA1605619E-StateMachineUpdater: set stopIndex = 4
2024-01-14 08:11:25,850 [om1@group-C5BA1605619E-StateMachineUpdater] INFO  ratis.OzoneManagerStateMachine (OzoneManagerStateMachine.java:takeSnapshotImpl(473)) -  applied = (t:1, i:3)
2024-01-14 08:11:25,850 [om1@group-C5BA1605619E-StateMachineUpdater] INFO  ratis.OzoneManagerStateMachine (OzoneManagerStateMachine.java:takeSnapshotImpl(474)) -  skipped = 3
2024-01-14 08:11:25,850 [om1@group-C5BA1605619E-StateMachineUpdater] INFO  ratis.OzoneManagerStateMachine (OzoneManagerStateMachine.java:takeSnapshotImpl(475)) - notified = (t:1, i:4)
2024-01-14 08:11:25,850 [om1@group-C5BA1605619E-StateMachineUpdater] INFO  ratis.OzoneManagerStateMachine (OzoneManagerStateMachine.java:takeSnapshotImpl(476)) - snapshot = (t:1, i:4)
2024-01-14 08:11:25,852 [main] INFO  server.GrpcService (GrpcService.java:closeImpl(320)) - om1: shutdown server GrpcServerProtocolService successfully
2024-01-14 08:11:25,868 [om1@group-C5BA1605619E-StateMachineUpdater] INFO  impl.StateMachineUpdater (StateMachineUpdater.java:takeSnapshot(295)) - om1@group-C5BA1605619E-StateMachineUpdater: Took a snapshot at index 4
2024-01-14 08:11:25,868 [om1@group-C5BA1605619E-StateMachineUpdater] INFO  impl.StateMachineUpdater (StateMachineUpdater.java:lambda$new$0(98)) - om1@group-C5BA1605619E-StateMachineUpdater: snapshotIndex: updateIncreasingly -1 -> 4
2024-01-14 08:11:25,868 [om1@group-C5BA1605619E-StateMachineUpdater] INFO  ratis.OzoneManagerStateMachine (OzoneManagerStateMachine.java:close(528)) - Stopping OzoneManagerStateMachine:om1:group-C5BA1605619E.
2024-01-14 08:11:25,868 [om1@group-C5BA1605619E-StateMachineUpdater] INFO  ratis.OzoneManagerDoubleBuffer (OzoneManagerDoubleBuffer.java:stopDaemon(529)) - Stopping OMDoubleBuffer flush thread
2024-01-14 08:11:25,868 [om1-OMDoubleBufferFlushThread] INFO  ratis.OzoneManagerDoubleBuffer (OzoneManagerDoubleBuffer.java:canFlush(609)) - OMDoubleBuffer flush thread om1-OMDoubleBufferFlushThread is interrupted and will exit.
2024-01-14 08:11:25,870 [om1-impl-thread1] INFO  server.RaftServer$Division (ServerState.java:close(427)) - om1@group-C5BA1605619E: applyIndex: 3
2024-01-14 08:11:25,870 [om1@group-C5BA1605619E-cacheEviction-AwaitToRun] INFO  util.AwaitToRun (AwaitToRun.java:run(49)) - om1@group-C5BA1605619E-cacheEviction-AwaitToRun-AwaitForSignal is interrupted
2024-01-14 08:11:26,124 [om1-impl-thread1] INFO  segmented.SegmentedRaftLogWorker (SegmentedRaftLogWorker.java:close(245)) - om1@group-C5BA1605619E-SegmentedRaftLogWorker close()
2024-01-14 08:11:26,125 [JvmPauseMonitor1] INFO  util.JvmPauseMonitor (JvmPauseMonitor.java:run(152)) - JvmPauseMonitor-om1: Stopped
2024-01-14 08:11:26,126 [main] INFO  utils.BackgroundService (BackgroundService.java:shutdown(160)) - Shutting down service KeyDeletingService
2024-01-14 08:11:26,126 [main] INFO  utils.BackgroundService (BackgroundService.java:shutdown(160)) - Shutting down service DirectoryDeletingService
2024-01-14 08:11:26,126 [main] INFO  utils.BackgroundService (BackgroundService.java:shutdown(160)) - Shutting down service OpenKeyCleanupService
2024-01-14 08:11:26,127 [main] INFO  utils.BackgroundService (BackgroundService.java:shutdown(160)) - Shutting down service SstFilteringService
2024-01-14 08:11:26,127 [main] INFO  utils.BackgroundService (BackgroundService.java:shutdown(160)) - Shutting down service SnapshotDeletingService
2024-01-14 08:11:26,127 [main] INFO  utils.BackgroundService (BackgroundService.java:shutdown(160)) - Shutting down service MultipartUploadCleanupService
2024-01-14 08:11:26,129 [main] INFO  utils.BackgroundService (BackgroundService.java:shutdown(160)) - Shutting down service SnapshotDirectoryCleaningService
2024-01-14 08:11:26,131 [main] INFO  handler.ContextHandler (ContextHandler.java:doStop(1159)) - Stopped o.e.j.w.WebAppContext@468df75b{ozoneManager,/,null,STOPPED}{file:/home/runner/work/ozone/ozone/hadoop-ozone/integration-test/target/test-classes/webapps/ozoneManager}
2024-01-14 08:11:26,133 [main] INFO  server.AbstractConnector (AbstractConnector.java:doStop(383)) - Stopped ServerConnector@43a99a43{HTTP/1.1, (http/1.1)}{0.0.0.0:15005}
2024-01-14 08:11:26,133 [main] INFO  server.session (HouseKeeper.java:stopScavenging(149)) - node0 Stopped scavenging
2024-01-14 08:11:26,133 [main] INFO  handler.ContextHandler (ContextHandler.java:doStop(1159)) - Stopped o.e.j.s.ServletContextHandler@5fb927a2{static,/static,file:///home/runner/work/ozone/ozone/hadoop-ozone/integration-test/target/test-classes/webapps/static,STOPPED}
2024-01-14 08:11:26,134 [main] INFO  handler.ContextHandler (ContextHandler.java:doStop(1159)) - Stopped o.e.j.s.ServletContextHandler@776147b4{logs,/logs,file:///home/runner/work/ozone/ozone/hadoop-ozone/integration-test/target/log,STOPPED}
2024-01-14 08:11:26,135 [main] INFO  rocksdiff.RocksDBCheckpointDiffer (RocksDBCheckpointDiffer.java:close(310)) - Shutting down CompactionDagPruningService.
2024-01-14 08:11:26,139 [main] INFO  snapshot.SnapshotDiffManager (SnapshotDiffManager.java:closeExecutorService(1688)) - Shutting down executorService: 'SnapDiffExecutor'
2024-01-14 08:11:26,139 [main] INFO  snapshot.SnapshotDiffManager (SnapshotDiffManager.java:closeExecutorService(1688)) - Shutting down executorService: 'SstDumpToolExecutor'
2024-01-14 08:11:26,140 [main] INFO  utils.BackgroundService (BackgroundService.java:shutdown(160)) - Shutting down service SnapshotDiffCleanupService
2024-01-14 08:11:26,141 [main] INFO  ozone.MiniOzoneClusterImpl (MiniOzoneClusterImpl.java:stopDatanodes(535)) - Stopping the HddsDatanodes
2024-01-14 08:11:26,148 [ForkJoinPool.commonPool-worker-0] INFO  ozoneimpl.OzoneContainer (OzoneContainer.java:stop(479)) - Attempting to stop container services.
2024-01-14 08:11:26,151 [main] INFO  ozoneimpl.OzoneContainer (OzoneContainer.java:stop(479)) - Attempting to stop container services.
2024-01-14 08:11:26,152 [ForkJoinPool.commonPool-worker-1] INFO  ozoneimpl.OzoneContainer (OzoneContainer.java:stop(479)) - Attempting to stop container services.
2024-01-14 08:11:26,152 [main] INFO  server.RaftServer (RaftServerProxy.java:lambda$close$9(416)) - 0ff4ee77-f176-4c42-9b93-2e8119131049: close
2024-01-14 08:11:26,152 [ForkJoinPool.commonPool-worker-1] INFO  server.RaftServer (RaftServerProxy.java:lambda$close$9(416)) - 58733d94-cb44-4f93-b9bc-90d3803fc47e: close
2024-01-14 08:11:26,152 [0ff4ee77-f176-4c42-9b93-2e8119131049-impl-thread1] INFO  server.RaftServer$Division (RaftServerImpl.java:lambda$close$3(526)) - 0ff4ee77-f176-4c42-9b93-2e8119131049@group-B4FBA049766D: shutdown
2024-01-14 08:11:26,153 [0ff4ee77-f176-4c42-9b93-2e8119131049-impl-thread1] INFO  util.JmxRegister (JmxRegister.java:unregister(73)) - Successfully un-registered JMX Bean with object name Ratis:service=RaftServer,group=group-B4FBA049766D,id=0ff4ee77-f176-4c42-9b93-2e8119131049
2024-01-14 08:11:26,153 [0ff4ee77-f176-4c42-9b93-2e8119131049-impl-thread1] INFO  impl.RoleInfo (RoleInfo.java:shutdownLeaderState(94)) - 0ff4ee77-f176-4c42-9b93-2e8119131049: shutdown 0ff4ee77-f176-4c42-9b93-2e8119131049@group-B4FBA049766D-LeaderStateImpl
2024-01-14 08:11:26,152 [ForkJoinPool.commonPool-worker-0] INFO  server.RaftServer (RaftServerProxy.java:lambda$close$9(416)) - 50de051d-3e76-4053-aa92-929931ae6eb2: close
2024-01-14 08:11:26,153 [0ff4ee77-f176-4c42-9b93-2e8119131049-impl-thread2] INFO  server.RaftServer$Division (RaftServerImpl.java:lambda$close$3(526)) - 0ff4ee77-f176-4c42-9b93-2e8119131049@group-CC814C894A60: shutdown
2024-01-14 08:11:26,153 [0ff4ee77-f176-4c42-9b93-2e8119131049-impl-thread2] INFO  util.JmxRegister (JmxRegister.java:unregister(73)) - Successfully un-registered JMX Bean with object name Ratis:service=RaftServer,group=group-CC814C894A60,id=0ff4ee77-f176-4c42-9b93-2e8119131049
2024-01-14 08:11:26,153 [0ff4ee77-f176-4c42-9b93-2e8119131049-impl-thread2] INFO  impl.RoleInfo (RoleInfo.java:shutdownFollowerState(110)) - 0ff4ee77-f176-4c42-9b93-2e8119131049: shutdown 0ff4ee77-f176-4c42-9b93-2e8119131049@group-CC814C894A60-FollowerState
2024-01-14 08:11:26,153 [main] INFO  server.GrpcService (GrpcService.java:closeImpl(311)) - 0ff4ee77-f176-4c42-9b93-2e8119131049: shutdown server org.apache.ratis.grpc.server.GrpcClientProtocolService now
2024-01-14 08:11:26,154 [58733d94-cb44-4f93-b9bc-90d3803fc47e-impl-thread1] INFO  server.RaftServer$Division (RaftServerImpl.java:lambda$close$3(526)) - 58733d94-cb44-4f93-b9bc-90d3803fc47e@group-E6CAA1C4C346: shutdown
2024-01-14 08:11:26,154 [0ff4ee77-f176-4c42-9b93-2e8119131049-impl-thread3] INFO  server.RaftServer$Division (RaftServerImpl.java:lambda$close$3(526)) - 0ff4ee77-f176-4c42-9b93-2e8119131049@group-5520AA21A72D: shutdown
2024-01-14 08:11:26,154 [58733d94-cb44-4f93-b9bc-90d3803fc47e-impl-thread1] INFO  util.JmxRegister (JmxRegister.java:unregister(73)) - Successfully un-registered JMX Bean with object name Ratis:service=RaftServer,group=group-E6CAA1C4C346,id=58733d94-cb44-4f93-b9bc-90d3803fc47e
2024-01-14 08:11:26,154 [58733d94-cb44-4f93-b9bc-90d3803fc47e-impl-thread1] INFO  impl.RoleInfo (RoleInfo.java:shutdownLeaderState(94)) - 58733d94-cb44-4f93-b9bc-90d3803fc47e: shutdown 58733d94-cb44-4f93-b9bc-90d3803fc47e@group-E6CAA1C4C346-LeaderStateImpl
2024-01-14 08:11:26,154 [0ff4ee77-f176-4c42-9b93-2e8119131049-impl-thread3] INFO  util.JmxRegister (JmxRegister.java:unregister(73)) - Successfully un-registered JMX Bean with object name Ratis:service=RaftServer,group=group-5520AA21A72D,id=0ff4ee77-f176-4c42-9b93-2e8119131049
2024-01-14 08:11:26,154 [0ff4ee77-f176-4c42-9b93-2e8119131049-impl-thread3] INFO  impl.RoleInfo (RoleInfo.java:shutdownLeaderState(94)) - 0ff4ee77-f176-4c42-9b93-2e8119131049: shutdown 0ff4ee77-f176-4c42-9b93-2e8119131049@group-5520AA21A72D-LeaderStateImpl
2024-01-14 08:11:26,156 [0ff4ee77-f176-4c42-9b93-2e8119131049@group-CC814C894A60-FollowerState] INFO  impl.FollowerState (FollowerState.java:run(152)) - 0ff4ee77-f176-4c42-9b93-2e8119131049@group-CC814C894A60-FollowerState was interrupted
2024-01-14 08:11:26,154 [58733d94-cb44-4f93-b9bc-90d3803fc47e-impl-thread1] INFO  impl.PendingRequests (PendingRequests.java:sendNotLeaderResponses(289)) - 58733d94-cb44-4f93-b9bc-90d3803fc47e@group-E6CAA1C4C346-PendingRequests: sendNotLeaderResponses
2024-01-14 08:11:26,164 [0ff4ee77-f176-4c42-9b93-2e8119131049@group-5520AA21A72D->58733d94-cb44-4f93-b9bc-90d3803fc47e-GrpcLogAppender-LogAppenderDaemon] WARN  server.GrpcLogAppender (GrpcLogAppender.java:mayWait(289)) - 0ff4ee77-f176-4c42-9b93-2e8119131049@group-5520AA21A72D->58733d94-cb44-4f93-b9bc-90d3803fc47e-GrpcLogAppender: Wait interrupted by java.lang.InterruptedException
2024-01-14 08:11:26,160 [50de051d-3e76-4053-aa92-929931ae6eb2-impl-thread1] INFO  server.RaftServer$Division (RaftServerImpl.java:lambda$close$3(526)) - 50de051d-3e76-4053-aa92-929931ae6eb2@group-20C315240F1A: shutdown
2024-01-14 08:11:26,165 [50de051d-3e76-4053-aa92-929931ae6eb2-impl-thread1] INFO  util.JmxRegister (JmxRegister.java:unregister(73)) - Successfully un-registered JMX Bean with object name Ratis:service=RaftServer,group=group-20C315240F1A,id=50de051d-3e76-4053-aa92-929931ae6eb2
2024-01-14 08:11:26,165 [50de051d-3e76-4053-aa92-929931ae6eb2-impl-thread1] INFO  impl.RoleInfo (RoleInfo.java:shutdownLeaderState(94)) - 50de051d-3e76-4053-aa92-929931ae6eb2: shutdown 50de051d-3e76-4053-aa92-929931ae6eb2@group-20C315240F1A-LeaderStateImpl
2024-01-14 08:11:26,165 [58733d94-cb44-4f93-b9bc-90d3803fc47e-impl-thread1] INFO  impl.StateMachineUpdater (StateMachineUpdater.java:stopAndJoin(157)) - 58733d94-cb44-4f93-b9bc-90d3803fc47e@group-E6CAA1C4C346-StateMachineUpdater: set stopIndex = 0
2024-01-14 08:11:26,160 [ForkJoinPool.commonPool-worker-1] INFO  server.GrpcService (GrpcService.java:closeImpl(311)) - 58733d94-cb44-4f93-b9bc-90d3803fc47e: shutdown server org.apache.ratis.grpc.server.GrpcClientProtocolService now
2024-01-14 08:11:26,160 [ForkJoinPool.commonPool-worker-0] INFO  server.GrpcService (GrpcService.java:closeImpl(311)) - 50de051d-3e76-4053-aa92-929931ae6eb2: shutdown server org.apache.ratis.grpc.server.GrpcClientProtocolService now
2024-01-14 08:11:26,153 [0ff4ee77-f176-4c42-9b93-2e8119131049-impl-thread1] INFO  impl.PendingRequests (PendingRequests.java:sendNotLeaderResponses(289)) - 0ff4ee77-f176-4c42-9b93-2e8119131049@group-B4FBA049766D-PendingRequests: sendNotLeaderResponses
2024-01-14 08:11:26,166 [58733d94-cb44-4f93-b9bc-90d3803fc47e@group-E6CAA1C4C346-StateMachineUpdater] INFO  ratis.ContainerStateMachine (ContainerStateMachine.java:takeSnapshot(355)) - group-E6CAA1C4C346: Taking a snapshot at:(t:1, i:0) file /home/runner/work/ozone/ozone/hadoop-ozone/integration-test/target/test-dir/MiniOzoneClusterImpl-d05e4a2c-755f-4d37-936b-30aea24b9535/datanode-1/data/ratis/8b5b60e5-9357-4b70-85f0-e6caa1c4c346/sm/snapshot.1_0
2024-01-14 08:11:26,165 [50de051d-3e76-4053-aa92-929931ae6eb2-impl-thread1] INFO  impl.PendingRequests (PendingRequests.java:sendNotLeaderResponses(289)) - 50de051d-3e76-4053-aa92-929931ae6eb2@group-20C315240F1A-PendingRequests: sendNotLeaderResponses
2024-01-14 08:11:26,166 [50de051d-3e76-4053-aa92-929931ae6eb2-impl-thread1] INFO  impl.StateMachineUpdater (StateMachineUpdater.java:stopAndJoin(157)) - 50de051d-3e76-4053-aa92-929931ae6eb2@group-20C315240F1A-StateMachineUpdater: set stopIndex = 0
2024-01-14 08:11:26,166 [50de051d-3e76-4053-aa92-929931ae6eb2@group-20C315240F1A-StateMachineUpdater] INFO  ratis.ContainerStateMachine (ContainerStateMachine.java:takeSnapshot(355)) - group-20C315240F1A: Taking a snapshot at:(t:1, i:0) file /home/runner/work/ozone/ozone/hadoop-ozone/integration-test/target/test-dir/MiniOzoneClusterImpl-d05e4a2c-755f-4d37-936b-30aea24b9535/datanode-4/data/ratis/2ca7df51-f4b8-4131-883c-20c315240f1a/sm/snapshot.1_0
2024-01-14 08:11:26,167 [grpc-default-executor-5] INFO  server.GrpcServerProtocolService (GrpcServerProtocolService.java:onCompleted(157)) - 58733d94-cb44-4f93-b9bc-90d3803fc47e: Completed APPEND_ENTRIES, lastRequest: null
2024-01-14 08:11:26,167 [ForkJoinPool.commonPool-worker-3] INFO  ozoneimpl.OzoneContainer (OzoneContainer.java:stop(479)) - Attempting to stop container services.
2024-01-14 08:11:26,168 [ForkJoinPool.commonPool-worker-3] INFO  server.RaftServer (RaftServerProxy.java:lambda$close$9(416)) - ee8156c5-6136-4ec5-812d-3226e59a8f74: close
2024-01-14 08:11:26,168 [ForkJoinPool.commonPool-worker-3] INFO  server.GrpcService (GrpcService.java:closeImpl(311)) - ee8156c5-6136-4ec5-812d-3226e59a8f74: shutdown server org.apache.ratis.grpc.server.GrpcClientProtocolService now
2024-01-14 08:11:26,169 [grpc-default-executor-5] INFO  server.GrpcServerProtocolService (GrpcServerProtocolService.java:lambda$onCompleted$5(159)) - 58733d94-cb44-4f93-b9bc-90d3803fc47e: Completed APPEND_ENTRIES, lastReply: serverReply {
  requestorId: "0ff4ee77-f176-4c42-9b93-2e8119131049"
  replyId: "58733d94-cb44-4f93-b9bc-90d3803fc47e"
  raftGroupId {
    id: "\\f\347\3362CF\037\233\226U \252!\247-"
  }
  success: true
}
term: 1
nextIndex: 1
followerCommit: 18446744073709551615
matchIndex: 18446744073709551615
isHearbeat: true

2024-01-14 08:11:26,164 [0ff4ee77-f176-4c42-9b93-2e8119131049-impl-thread2] INFO  impl.StateMachineUpdater (StateMachineUpdater.java:stopAndJoin(157)) - 0ff4ee77-f176-4c42-9b93-2e8119131049@group-CC814C894A60-StateMachineUpdater: set stopIndex = -1
2024-01-14 08:11:26,170 [0ff4ee77-f176-4c42-9b93-2e8119131049-impl-thread2] INFO  server.RaftServer$Division (ServerState.java:close(427)) - 0ff4ee77-f176-4c42-9b93-2e8119131049@group-CC814C894A60: applyIndex: -1
2024-01-14 08:11:26,170 [0ff4ee77-f176-4c42-9b93-2e8119131049@group-CC814C894A60-cacheEviction-AwaitToRun] INFO  util.AwaitToRun (AwaitToRun.java:run(49)) - 0ff4ee77-f176-4c42-9b93-2e8119131049@group-CC814C894A60-cacheEviction-AwaitToRun-AwaitForSignal is interrupted
2024-01-14 08:11:26,164 [58733d94-cb44-4f93-b9bc-90d3803fc47e-impl-thread2] INFO  server.RaftServer$Division (RaftServerImpl.java:lambda$close$3(526)) - 58733d94-cb44-4f93-b9bc-90d3803fc47e@group-CC814C894A60: shutdown
2024-01-14 08:11:26,172 [0ff4ee77-f176-4c42-9b93-2e8119131049@group-5520AA21A72D->577443f1-fefe-41e6-ac50-50037dc50964-GrpcLogAppender-LogAppenderDaemon] WARN  server.GrpcLogAppender (GrpcLogAppender.java:mayWait(289)) - 0ff4ee77-f176-4c42-9b93-2e8119131049@group-5520AA21A72D->577443f1-fefe-41e6-ac50-50037dc50964-GrpcLogAppender: Wait interrupted by java.lang.InterruptedException
2024-01-14 08:11:26,164 [58733d94-cb44-4f93-b9bc-90d3803fc47e-impl-thread3] INFO  server.RaftServer$Division (RaftServerImpl.java:lambda$close$3(526)) - 58733d94-cb44-4f93-b9bc-90d3803fc47e@group-5520AA21A72D: shutdown
2024-01-14 08:11:26,172 [0ff4ee77-f176-4c42-9b93-2e8119131049-impl-thread3] INFO  impl.PendingRequests (PendingRequests.java:sendNotLeaderResponses(289)) - 0ff4ee77-f176-4c42-9b93-2e8119131049@group-5520AA21A72D-PendingRequests: sendNotLeaderResponses
2024-01-14 08:11:26,172 [58733d94-cb44-4f93-b9bc-90d3803fc47e-impl-thread2] INFO  util.JmxRegister (JmxRegister.java:unregister(73)) - Successfully un-registered JMX Bean with object name Ratis:service=RaftServer,group=group-CC814C894A60,id=58733d94-cb44-4f93-b9bc-90d3803fc47e
2024-01-14 08:11:26,173 [58733d94-cb44-4f93-b9bc-90d3803fc47e-impl-thread2] INFO  impl.RoleInfo (RoleInfo.java:shutdownLeaderState(94)) - 58733d94-cb44-4f93-b9bc-90d3803fc47e: shutdown 58733d94-cb44-4f93-b9bc-90d3803fc47e@group-CC814C894A60-LeaderStateImpl
2024-01-14 08:11:26,173 [grpc-default-executor-5] INFO  server.GrpcServerProtocolService (GrpcServerProtocolService.java:onCompleted(157)) - 577443f1-fefe-41e6-ac50-50037dc50964: Completed APPEND_ENTRIES, lastRequest: 0ff4ee77-f176-4c42-9b93-2e8119131049->577443f1-fefe-41e6-ac50-50037dc50964#11-t1,previous=(t:1, i:6),leaderCommit=4,initializing? false,entries: size=1, first=(t:1, i:7), METADATAENTRY(c:4)
2024-01-14 08:11:26,173 [58733d94-cb44-4f93-b9bc-90d3803fc47e@group-CC814C894A60->577443f1-fefe-41e6-ac50-50037dc50964-GrpcLogAppender-LogAppenderDaemon] WARN  server.GrpcLogAppender (GrpcLogAppender.java:mayWait(289)) - 58733d94-cb44-4f93-b9bc-90d3803fc47e@group-CC814C894A60->577443f1-fefe-41e6-ac50-50037dc50964-GrpcLogAppender: Wait interrupted by java.lang.InterruptedException
2024-01-14 08:11:26,172 [Thread-706] INFO  server.GrpcServerProtocolClient (GrpcServerProtocolClient.java:close(103)) - 58733d94-cb44-4f93-b9bc-90d3803fc47e Close channels
2024-01-14 08:11:26,170 [grpc-default-executor-6] INFO  server.GrpcLogAppender (GrpcLogAppender.java:onCompleted(546)) - 0ff4ee77-f176-4c42-9b93-2e8119131049@group-5520AA21A72D->58733d94-cb44-4f93-b9bc-90d3803fc47e-AppendLogResponseHandler: follower responses appendEntries COMPLETED
2024-01-14 08:11:26,172 [Thread-708] INFO  server.GrpcServerProtocolClient (GrpcServerProtocolClient.java:close(103)) - 577443f1-fefe-41e6-ac50-50037dc50964 Close channels
2024-01-14 08:11:26,176 [grpc-default-executor-6] WARN  server.GrpcLogAppender (GrpcLogAppender.java:resetClient(226)) - 0ff4ee77-f176-4c42-9b93-2e8119131049@group-5520AA21A72D->58733d94-cb44-4f93-b9bc-90d3803fc47e-GrpcLogAppender: Failed to getClient for 58733d94-cb44-4f93-b9bc-90d3803fc47e
org.apache.ratis.protocol.exceptions.AlreadyClosedException: 0ff4ee77-f176-4c42-9b93-2e8119131049 is already CLOSED
	at org.apache.ratis.util.PeerProxyMap$PeerAndProxy.getProxy(PeerProxyMap.java:65)
	at org.apache.ratis.util.PeerProxyMap.getProxy(PeerProxyMap.java:114)
	at org.apache.ratis.grpc.server.GrpcLogAppender.getClient(GrpcLogAppender.java:196)
	at org.apache.ratis.grpc.server.GrpcLogAppender.resetClient(GrpcLogAppender.java:201)
	at org.apache.ratis.grpc.server.GrpcLogAppender.access$800(GrpcLogAppender.java:62)
	at org.apache.ratis.grpc.server.GrpcLogAppender$AppendLogResponseHandler.onCompleted(GrpcLogAppender.java:547)
	at org.apache.ratis.thirdparty.io.grpc.stub.ClientCalls$StreamObserverToCallListenerAdapter.onClose(ClientCalls.java:479)
	at org.apache.ratis.thirdparty.io.grpc.internal.ClientCallImpl.closeObserver(ClientCallImpl.java:567)
	at org.apache.ratis.thirdparty.io.grpc.internal.ClientCallImpl.access$300(ClientCallImpl.java:71)
	at org.apache.ratis.thirdparty.io.grpc.internal.ClientCallImpl$ClientStreamListenerImpl$1StreamClosed.runInternal(ClientCallImpl.java:735)
	at org.apache.ratis.thirdparty.io.grpc.internal.ClientCallImpl$ClientStreamListenerImpl$1StreamClosed.runInContext(ClientCallImpl.java:716)
	at org.apache.ratis.thirdparty.io.grpc.internal.ContextRunnable.run(ContextRunnable.java:37)
	at org.apache.ratis.thirdparty.io.grpc.internal.SerializingExecutor.run(SerializingExecutor.java:133)
	at java.util.concurrent.ThreadPoolExecutor.runWorker(ThreadPoolExecutor.java:1149)
	at java.util.concurrent.ThreadPoolExecutor$Worker.run(ThreadPoolExecutor.java:624)
	at java.lang.Thread.run(Thread.java:750)
2024-01-14 08:11:26,169 [grpc-default-executor-1] INFO  server.GrpcServerProtocolService (GrpcServerProtocolService.java:onCompleted(157)) - 58733d94-cb44-4f93-b9bc-90d3803fc47e: Completed APPEND_ENTRIES, lastRequest: 0ff4ee77-f176-4c42-9b93-2e8119131049->58733d94-cb44-4f93-b9bc-90d3803fc47e#11-t1,previous=(t:1, i:6),leaderCommit=4,initializing? false,entries: size=1, first=(t:1, i:7), METADATAENTRY(c:4)
2024-01-14 08:11:26,168 [ee8156c5-6136-4ec5-812d-3226e59a8f74-impl-thread1] INFO  server.RaftServer$Division (RaftServerImpl.java:lambda$close$3(526)) - ee8156c5-6136-4ec5-812d-3226e59a8f74@group-F56BD249EE0E: shutdown
2024-01-14 08:11:26,177 [ee8156c5-6136-4ec5-812d-3226e59a8f74-impl-thread1] INFO  util.JmxRegister (JmxRegister.java:unregister(73)) - Successfully un-registered JMX Bean with object name Ratis:service=RaftServer,group=group-F56BD249EE0E,id=ee8156c5-6136-4ec5-812d-3226e59a8f74
2024-01-14 08:11:26,177 [ee8156c5-6136-4ec5-812d-3226e59a8f74-impl-thread1] INFO  impl.RoleInfo (RoleInfo.java:shutdownLeaderState(94)) - ee8156c5-6136-4ec5-812d-3226e59a8f74: shutdown ee8156c5-6136-4ec5-812d-3226e59a8f74@group-F56BD249EE0E-LeaderStateImpl
2024-01-14 08:11:26,177 [ee8156c5-6136-4ec5-812d-3226e59a8f74-impl-thread1] INFO  impl.PendingRequests (PendingRequests.java:sendNotLeaderResponses(289)) - ee8156c5-6136-4ec5-812d-3226e59a8f74@group-F56BD249EE0E-PendingRequests: sendNotLeaderResponses
2024-01-14 08:11:26,178 [ee8156c5-6136-4ec5-812d-3226e59a8f74-impl-thread1] INFO  impl.StateMachineUpdater (StateMachineUpdater.java:stopAndJoin(157)) - ee8156c5-6136-4ec5-812d-3226e59a8f74@group-F56BD249EE0E-StateMachineUpdater: set stopIndex = 0
2024-01-14 08:11:26,166 [0ff4ee77-f176-4c42-9b93-2e8119131049@group-B4FBA049766D-StateMachineUpdater] INFO  ratis.ContainerStateMachine (ContainerStateMachine.java:takeSnapshot(355)) - group-B4FBA049766D: Taking a snapshot at:(t:1, i:0) file /home/runner/work/ozone/ozone/hadoop-ozone/integration-test/target/test-dir/MiniOzoneClusterImpl-d05e4a2c-755f-4d37-936b-30aea24b9535/datanode-2/data/ratis/4dd48d91-45fe-4246-9334-b4fba049766d/sm/snapshot.1_0
2024-01-14 08:11:26,178 [ee8156c5-6136-4ec5-812d-3226e59a8f74@group-F56BD249EE0E-StateMachineUpdater] INFO  ratis.ContainerStateMachine (ContainerStateMachine.java:takeSnapshot(355)) - group-F56BD249EE0E: Taking a snapshot at:(t:1, i:0) file /home/runner/work/ozone/ozone/hadoop-ozone/integration-test/target/test-dir/MiniOzoneClusterImpl-d05e4a2c-755f-4d37-936b-30aea24b9535/datanode-3/data/ratis/68516f61-892b-490b-80f7-f56bd249ee0e/sm/snapshot.1_0
2024-01-14 08:11:26,166 [0ff4ee77-f176-4c42-9b93-2e8119131049-impl-thread1] INFO  impl.StateMachineUpdater (StateMachineUpdater.java:stopAndJoin(157)) - 0ff4ee77-f176-4c42-9b93-2e8119131049@group-B4FBA049766D-StateMachineUpdater: set stopIndex = 0
2024-01-14 08:11:26,177 [grpc-default-executor-1] INFO  server.GrpcServerProtocolService (GrpcServerProtocolService.java:lambda$onCompleted$5(159)) - 58733d94-cb44-4f93-b9bc-90d3803fc47e: Completed APPEND_ENTRIES, lastReply: null
2024-01-14 08:11:26,175 [grpc-default-executor-4] INFO  server.GrpcServerProtocolService (GrpcServerProtocolService.java:onCompleted(157)) - 577443f1-fefe-41e6-ac50-50037dc50964: Completed APPEND_ENTRIES, lastRequest: null
2024-01-14 08:11:26,179 [grpc-default-executor-4] INFO  server.GrpcServerProtocolService (GrpcServerProtocolService.java:lambda$onCompleted$5(159)) - 577443f1-fefe-41e6-ac50-50037dc50964: Completed APPEND_ENTRIES, lastReply: serverReply {
  requestorId: "58733d94-cb44-4f93-b9bc-90d3803fc47e"
  replyId: "577443f1-fefe-41e6-ac50-50037dc50964"
  raftGroupId {
    id: "\251\n\220h%\\G\364\274\253\314\201L\211J`"
  }
  success: true
}
term: 1
followerCommit: 18446744073709551615
matchIndex: 18446744073709551615
isHearbeat: true

2024-01-14 08:11:26,180 [grpc-default-executor-1] INFO  server.GrpcLogAppender (GrpcLogAppender.java:onCompleted(546)) - 0ff4ee77-f176-4c42-9b93-2e8119131049@group-5520AA21A72D->58733d94-cb44-4f93-b9bc-90d3803fc47e-AppendLogResponseHandler: follower responses appendEntries COMPLETED
2024-01-14 08:11:26,180 [grpc-default-executor-1] WARN  server.GrpcLogAppender (GrpcLogAppender.java:resetClient(226)) - 0ff4ee77-f176-4c42-9b93-2e8119131049@group-5520AA21A72D->58733d94-cb44-4f93-b9bc-90d3803fc47e-GrpcLogAppender: Failed to getClient for 58733d94-cb44-4f93-b9bc-90d3803fc47e
org.apache.ratis.protocol.exceptions.AlreadyClosedException: 0ff4ee77-f176-4c42-9b93-2e8119131049 is already CLOSED
	at org.apache.ratis.util.PeerProxyMap$PeerAndProxy.getProxy(PeerProxyMap.java:65)
	at org.apache.ratis.util.PeerProxyMap.getProxy(PeerProxyMap.java:114)
	at org.apache.ratis.grpc.server.GrpcLogAppender.getClient(GrpcLogAppender.java:196)
	at org.apache.ratis.grpc.server.GrpcLogAppender.resetClient(GrpcLogAppender.java:201)
	at org.apache.ratis.grpc.server.GrpcLogAppender.access$800(GrpcLogAppender.java:62)
	at org.apache.ratis.grpc.server.GrpcLogAppender$AppendLogResponseHandler.onCompleted(GrpcLogAppender.java:547)
	at org.apache.ratis.thirdparty.io.grpc.stub.ClientCalls$StreamObserverToCallListenerAdapter.onClose(ClientCalls.java:479)
	at org.apache.ratis.thirdparty.io.grpc.internal.ClientCallImpl.closeObserver(ClientCallImpl.java:567)
	at org.apache.ratis.thirdparty.io.grpc.internal.ClientCallImpl.access$300(ClientCallImpl.java:71)
	at org.apache.ratis.thirdparty.io.grpc.internal.ClientCallImpl$ClientStreamListenerImpl$1StreamClosed.runInternal(ClientCallImpl.java:735)
	at org.apache.ratis.thirdparty.io.grpc.internal.ClientCallImpl$ClientStreamListenerImpl$1StreamClosed.runInContext(ClientCallImpl.java:716)
	at org.apache.ratis.thirdparty.io.grpc.internal.ContextRunnable.run(ContextRunnable.java:37)
	at org.apache.ratis.thirdparty.io.grpc.internal.SerializingExecutor.run(SerializingExecutor.java:133)
	at java.util.concurrent.ThreadPoolExecutor.runWorker(ThreadPoolExecutor.java:1149)
	at java.util.concurrent.ThreadPoolExecutor$Worker.run(ThreadPoolExecutor.java:624)
	at java.lang.Thread.run(Thread.java:750)
2024-01-14 08:11:26,174 [grpc-default-executor-0] INFO  server.GrpcServerProtocolService (GrpcServerProtocolService.java:onCompleted(157)) - 577443f1-fefe-41e6-ac50-50037dc50964: Completed APPEND_ENTRIES, lastRequest: 58733d94-cb44-4f93-b9bc-90d3803fc47e->577443f1-fefe-41e6-ac50-50037dc50964#1-t1,previous=(t:0, i:0),leaderCommit=-1,initializing? false,entries: size=1, first=(t:1, i:0), CONFIGURATIONENTRY(current:id: "58733d94-cb44-4f93-b9bc-90d3803fc47e"
address: "10.1.0.100:15023"
priority: 1
dataStreamAddress: "10.1.0.100:15024"
clientAddress: "10.1.0.100:15021"
adminAddress: "10.1.0.100:15022"
startupRole: FOLLOWER
,id: "0ff4ee77-f176-4c42-9b93-2e8119131049"
address: "10.1.0.100:15032"
dataStreamAddress: "10.1.0.100:15033"
clientAddress: "10.1.0.100:15030"
adminAddress: "10.1.0.100:15031"
startupRole: FOLLOWER
,id: "577443f1-fefe-41e6-ac50-50037dc50964"
address: "10.1.0.100:15014"
dataStreamAddress: "10.1.0.100:15015"
clientAddress: "10.1.0.100:15012"
adminAddress: "10.1.0.100:15013"
startupRole: FOLLOWER
, old:)
2024-01-14 08:11:26,181 [grpc-default-executor-0] INFO  server.GrpcServerProtocolService (GrpcServerProtocolService.java:lambda$onCompleted$5(159)) - 577443f1-fefe-41e6-ac50-50037dc50964: Completed APPEND_ENTRIES, lastReply: null
2024-01-14 08:11:26,173 [grpc-default-executor-5] INFO  server.GrpcServerProtocolService (GrpcServerProtocolService.java:lambda$onCompleted$5(159)) - 577443f1-fefe-41e6-ac50-50037dc50964: Completed APPEND_ENTRIES, lastReply: null
2024-01-14 08:11:26,173 [58733d94-cb44-4f93-b9bc-90d3803fc47e-impl-thread2] INFO  impl.PendingRequests (PendingRequests.java:sendNotLeaderResponses(289)) - 58733d94-cb44-4f93-b9bc-90d3803fc47e@group-CC814C894A60-PendingRequests: sendNotLeaderResponses
2024-01-14 08:11:26,195 [grpc-default-executor-4] INFO  server.GrpcLogAppender (GrpcLogAppender.java:onCompleted(546)) - 58733d94-cb44-4f93-b9bc-90d3803fc47e@group-CC814C894A60->577443f1-fefe-41e6-ac50-50037dc50964-AppendLogResponseHandler: follower responses appendEntries COMPLETED
2024-01-14 08:11:26,173 [58733d94-cb44-4f93-b9bc-90d3803fc47e@group-CC814C894A60->0ff4ee77-f176-4c42-9b93-2e8119131049-GrpcLogAppender-LogAppenderDaemon] WARN  server.GrpcLogAppender (GrpcLogAppender.java:mayWait(289)) - 58733d94-cb44-4f93-b9bc-90d3803fc47e@group-CC814C894A60->0ff4ee77-f176-4c42-9b93-2e8119131049-GrpcLogAppender: Wait interrupted by java.lang.InterruptedException
2024-01-14 08:11:26,173 [grpc-default-executor-7] INFO  server.GrpcServerProtocolService (GrpcServerProtocolService.java:onCompleted(157)) - 577443f1-fefe-41e6-ac50-50037dc50964: Completed APPEND_ENTRIES, lastRequest: null
2024-01-14 08:11:26,196 [grpc-default-executor-7] INFO  server.GrpcServerProtocolService (GrpcServerProtocolService.java:lambda$onCompleted$5(159)) - 577443f1-fefe-41e6-ac50-50037dc50964: Completed APPEND_ENTRIES, lastReply: serverReply {
  requestorId: "0ff4ee77-f176-4c42-9b93-2e8119131049"
  replyId: "577443f1-fefe-41e6-ac50-50037dc50964"
  raftGroupId {
    id: "\\f\347\3362CF\037\233\226U \252!\247-"
  }
  success: true
}
term: 1
nextIndex: 1
followerCommit: 18446744073709551615
matchIndex: 18446744073709551615
isHearbeat: true

2024-01-14 08:11:26,173 [58733d94-cb44-4f93-b9bc-90d3803fc47e-impl-thread3] INFO  util.JmxRegister (JmxRegister.java:unregister(73)) - Successfully un-registered JMX Bean with object name Ratis:service=RaftServer,group=group-5520AA21A72D,id=58733d94-cb44-4f93-b9bc-90d3803fc47e
2024-01-14 08:11:26,196 [grpc-default-executor-0] INFO  server.GrpcLogAppender (GrpcLogAppender.java:onCompleted(546)) - 0ff4ee77-f176-4c42-9b93-2e8119131049@group-5520AA21A72D->577443f1-fefe-41e6-ac50-50037dc50964-AppendLogResponseHandler: follower responses appendEntries COMPLETED
2024-01-14 08:11:26,196 [grpc-default-executor-0] WARN  server.GrpcLogAppender (GrpcLogAppender.java:resetClient(226)) - 0ff4ee77-f176-4c42-9b93-2e8119131049@group-5520AA21A72D->577443f1-fefe-41e6-ac50-50037dc50964-GrpcLogAppender: Failed to getClient for 577443f1-fefe-41e6-ac50-50037dc50964
org.apache.ratis.protocol.exceptions.AlreadyClosedException: 0ff4ee77-f176-4c42-9b93-2e8119131049 is already CLOSED
	at org.apache.ratis.util.PeerProxyMap$PeerAndProxy.getProxy(PeerProxyMap.java:65)
	at org.apache.ratis.util.PeerProxyMap.getProxy(PeerProxyMap.java:114)
	at org.apache.ratis.grpc.server.GrpcLogAppender.getClient(GrpcLogAppender.java:196)
	at org.apache.ratis.grpc.server.GrpcLogAppender.resetClient(GrpcLogAppender.java:201)
	at org.apache.ratis.grpc.server.GrpcLogAppender.access$800(GrpcLogAppender.java:62)
	at org.apache.ratis.grpc.server.GrpcLogAppender$AppendLogResponseHandler.onCompleted(GrpcLogAppender.java:547)
	at org.apache.ratis.thirdparty.io.grpc.stub.ClientCalls$StreamObserverToCallListenerAdapter.onClose(ClientCalls.java:479)
	at org.apache.ratis.thirdparty.io.grpc.internal.ClientCallImpl.closeObserver(ClientCallImpl.java:567)
	at org.apache.ratis.thirdparty.io.grpc.internal.ClientCallImpl.access$300(ClientCallImpl.java:71)
	at org.apache.ratis.thirdparty.io.grpc.internal.ClientCallImpl$ClientStreamListenerImpl$1StreamClosed.runInternal(ClientCallImpl.java:735)
	at org.apache.ratis.thirdparty.io.grpc.internal.ClientCallImpl$ClientStreamListenerImpl$1StreamClosed.runInContext(ClientCallImpl.java:716)
	at org.apache.ratis.thirdparty.io.grpc.internal.ContextRunnable.run(ContextRunnable.java:37)
	at org.apache.ratis.thirdparty.io.grpc.internal.SerializingExecutor.run(SerializingExecutor.java:133)
	at java.util.concurrent.ThreadPoolExecutor.runWorker(ThreadPoolExecutor.java:1149)
	at java.util.concurrent.ThreadPoolExecutor$Worker.run(ThreadPoolExecutor.java:624)
	at java.lang.Thread.run(Thread.java:750)
2024-01-14 08:11:26,196 [58733d94-cb44-4f93-b9bc-90d3803fc47e-impl-thread3] INFO  impl.RoleInfo (RoleInfo.java:shutdownFollowerState(110)) - 58733d94-cb44-4f93-b9bc-90d3803fc47e: shutdown 58733d94-cb44-4f93-b9bc-90d3803fc47e@group-5520AA21A72D-FollowerState
2024-01-14 08:11:26,196 [58733d94-cb44-4f93-b9bc-90d3803fc47e-impl-thread3] INFO  impl.StateMachineUpdater (StateMachineUpdater.java:stopAndJoin(157)) - 58733d94-cb44-4f93-b9bc-90d3803fc47e@group-5520AA21A72D-StateMachineUpdater: set stopIndex = 4
2024-01-14 08:11:26,196 [Thread-712] INFO  server.GrpcServerProtocolClient (GrpcServerProtocolClient.java:close(103)) - 0ff4ee77-f176-4c42-9b93-2e8119131049 Close channels
2024-01-14 08:11:26,196 [58733d94-cb44-4f93-b9bc-90d3803fc47e@group-5520AA21A72D-StateMachineUpdater] INFO  ratis.ContainerStateMachine (ContainerStateMachine.java:takeSnapshot(355)) - group-5520AA21A72D: Taking a snapshot at:(t:1, i:4) file /home/runner/work/ozone/ozone/hadoop-ozone/integration-test/target/test-dir/MiniOzoneClusterImpl-d05e4a2c-755f-4d37-936b-30aea24b9535/datanode-1/data/ratis/5c66e7de-3243-461f-9b96-5520aa21a72d/sm/snapshot.1_4
2024-01-14 08:11:26,197 [grpc-default-executor-0] INFO  server.GrpcLogAppender (GrpcLogAppender.java:onCompleted(546)) - 58733d94-cb44-4f93-b9bc-90d3803fc47e@group-CC814C894A60->577443f1-fefe-41e6-ac50-50037dc50964-AppendLogResponseHandler: follower responses appendEntries COMPLETED
2024-01-14 08:11:26,197 [grpc-default-executor-3] INFO  server.GrpcLogAppender (GrpcLogAppender.java:onCompleted(546)) - 0ff4ee77-f176-4c42-9b93-2e8119131049@group-5520AA21A72D->577443f1-fefe-41e6-ac50-50037dc50964-AppendLogResponseHandler: follower responses appendEntries COMPLETED
2024-01-14 08:11:26,197 [grpc-default-executor-3] WARN  server.GrpcLogAppender (GrpcLogAppender.java:resetClient(226)) - 0ff4ee77-f176-4c42-9b93-2e8119131049@group-5520AA21A72D->577443f1-fefe-41e6-ac50-50037dc50964-GrpcLogAppender: Failed to getClient for 577443f1-fefe-41e6-ac50-50037dc50964
org.apache.ratis.protocol.exceptions.AlreadyClosedException: 0ff4ee77-f176-4c42-9b93-2e8119131049 is already CLOSED
	at org.apache.ratis.util.PeerProxyMap$PeerAndProxy.getProxy(PeerProxyMap.java:65)
	at org.apache.ratis.util.PeerProxyMap.getProxy(PeerProxyMap.java:114)
	at org.apache.ratis.grpc.server.GrpcLogAppender.getClient(GrpcLogAppender.java:196)
	at org.apache.ratis.grpc.server.GrpcLogAppender.resetClient(GrpcLogAppender.java:201)
	at org.apache.ratis.grpc.server.GrpcLogAppender.access$800(GrpcLogAppender.java:62)
	at org.apache.ratis.grpc.server.GrpcLogAppender$AppendLogResponseHandler.onCompleted(GrpcLogAppender.java:547)
	at org.apache.ratis.thirdparty.io.grpc.stub.ClientCalls$StreamObserverToCallListenerAdapter.onClose(ClientCalls.java:479)
	at org.apache.ratis.thirdparty.io.grpc.internal.ClientCallImpl.closeObserver(ClientCallImpl.java:567)
	at org.apache.ratis.thirdparty.io.grpc.internal.ClientCallImpl.access$300(ClientCallImpl.java:71)
	at org.apache.ratis.thirdparty.io.grpc.internal.ClientCallImpl$ClientStreamListenerImpl$1StreamClosed.runInternal(ClientCallImpl.java:735)
	at org.apache.ratis.thirdparty.io.grpc.internal.ClientCallImpl$ClientStreamListenerImpl$1StreamClosed.runInContext(ClientCallImpl.java:716)
	at org.apache.ratis.thirdparty.io.grpc.internal.ContextRunnable.run(ContextRunnable.java:37)
	at org.apache.ratis.thirdparty.io.grpc.internal.SerializingExecutor.run(SerializingExecutor.java:133)
	at java.util.concurrent.ThreadPoolExecutor.runWorker(ThreadPoolExecutor.java:1149)
	at java.util.concurrent.ThreadPoolExecutor$Worker.run(ThreadPoolExecutor.java:624)
	at java.lang.Thread.run(Thread.java:750)
2024-01-14 08:11:26,198 [0ff4ee77-f176-4c42-9b93-2e8119131049-impl-thread3] INFO  impl.StateMachineUpdater (StateMachineUpdater.java:stopAndJoin(157)) - 0ff4ee77-f176-4c42-9b93-2e8119131049@group-5520AA21A72D-StateMachineUpdater: set stopIndex = 7
2024-01-14 08:11:26,181 [ForkJoinPool.commonPool-worker-0] INFO  server.GrpcService (GrpcService.java:closeImpl(320)) - 50de051d-3e76-4053-aa92-929931ae6eb2: shutdown server org.apache.ratis.grpc.server.GrpcClientProtocolService successfully
2024-01-14 08:11:26,198 [0ff4ee77-f176-4c42-9b93-2e8119131049@group-5520AA21A72D-StateMachineUpdater] INFO  ratis.ContainerStateMachine (ContainerStateMachine.java:takeSnapshot(355)) - group-5520AA21A72D: Taking a snapshot at:(t:1, i:7) file /home/runner/work/ozone/ozone/hadoop-ozone/integration-test/target/test-dir/MiniOzoneClusterImpl-d05e4a2c-755f-4d37-936b-30aea24b9535/datanode-2/data/ratis/5c66e7de-3243-461f-9b96-5520aa21a72d/sm/snapshot.1_7
2024-01-14 08:11:26,181 [ForkJoinPool.commonPool-worker-3] INFO  server.GrpcService (GrpcService.java:closeImpl(320)) - ee8156c5-6136-4ec5-812d-3226e59a8f74: shutdown server org.apache.ratis.grpc.server.GrpcClientProtocolService successfully
2024-01-14 08:11:26,199 [ForkJoinPool.commonPool-worker-3] INFO  server.GrpcService (GrpcService.java:closeImpl(311)) - ee8156c5-6136-4ec5-812d-3226e59a8f74: shutdown server GrpcServerProtocolService now
2024-01-14 08:11:26,199 [ForkJoinPool.commonPool-worker-0] INFO  server.GrpcService (GrpcService.java:closeImpl(311)) - 50de051d-3e76-4053-aa92-929931ae6eb2: shutdown server GrpcServerProtocolService now
2024-01-14 08:11:26,197 [grpc-default-executor-7] INFO  server.GrpcServerProtocolService (GrpcServerProtocolService.java:onCompleted(157)) - 0ff4ee77-f176-4c42-9b93-2e8119131049: Completed APPEND_ENTRIES, lastRequest: 58733d94-cb44-4f93-b9bc-90d3803fc47e->0ff4ee77-f176-4c42-9b93-2e8119131049#1-t1,previous=(t:0, i:0),leaderCommit=-1,initializing? false,entries: size=1, first=(t:1, i:0), CONFIGURATIONENTRY(current:id: "58733d94-cb44-4f93-b9bc-90d3803fc47e"
address: "10.1.0.100:15023"
priority: 1
dataStreamAddress: "10.1.0.100:15024"
clientAddress: "10.1.0.100:15021"
adminAddress: "10.1.0.100:15022"
startupRole: FOLLOWER
,id: "0ff4ee77-f176-4c42-9b93-2e8119131049"
address: "10.1.0.100:15032"
dataStreamAddress: "10.1.0.100:15033"
clientAddress: "10.1.0.100:15030"
adminAddress: "10.1.0.100:15031"
startupRole: FOLLOWER
,id: "577443f1-fefe-41e6-ac50-50037dc50964"
address: "10.1.0.100:15014"
dataStreamAddress: "10.1.0.100:15015"
clientAddress: "10.1.0.100:15012"
adminAddress: "10.1.0.100:15013"
startupRole: FOLLOWER
, old:)
2024-01-14 08:11:26,199 [grpc-default-executor-7] INFO  server.GrpcServerProtocolService (GrpcServerProtocolService.java:lambda$onCompleted$5(159)) - 0ff4ee77-f176-4c42-9b93-2e8119131049: Completed APPEND_ENTRIES, lastReply: null
2024-01-14 08:11:26,196 [grpc-default-executor-6] INFO  server.GrpcServerProtocolService (GrpcServerProtocolService.java:onCompleted(157)) - 0ff4ee77-f176-4c42-9b93-2e8119131049: Completed APPEND_ENTRIES, lastRequest: null
2024-01-14 08:11:26,199 [grpc-default-executor-6] INFO  server.GrpcServerProtocolService (GrpcServerProtocolService.java:lambda$onCompleted$5(159)) - 0ff4ee77-f176-4c42-9b93-2e8119131049: Completed APPEND_ENTRIES, lastReply: serverReply {
  requestorId: "58733d94-cb44-4f93-b9bc-90d3803fc47e"
  replyId: "0ff4ee77-f176-4c42-9b93-2e8119131049"
  raftGroupId {
    id: "\251\n\220h%\\G\364\274\253\314\201L\211J`"
  }
  success: true
}
term: 1
followerCommit: 18446744073709551615
matchIndex: 18446744073709551615
isHearbeat: true

2024-01-14 08:11:26,196 [58733d94-cb44-4f93-b9bc-90d3803fc47e@group-5520AA21A72D-FollowerState] INFO  impl.FollowerState (FollowerState.java:run(152)) - 58733d94-cb44-4f93-b9bc-90d3803fc47e@group-5520AA21A72D-FollowerState was interrupted
2024-01-14 08:11:26,196 [Thread-713] INFO  server.GrpcServerProtocolClient (GrpcServerProtocolClient.java:close(103)) - 577443f1-fefe-41e6-ac50-50037dc50964 Close channels
2024-01-14 08:11:26,202 [58733d94-cb44-4f93-b9bc-90d3803fc47e-impl-thread2] INFO  impl.StateMachineUpdater (StateMachineUpdater.java:stopAndJoin(157)) - 58733d94-cb44-4f93-b9bc-90d3803fc47e@group-CC814C894A60-StateMachineUpdater: set stopIndex = 0
2024-01-14 08:11:26,202 [58733d94-cb44-4f93-b9bc-90d3803fc47e@group-CC814C894A60-StateMachineUpdater] INFO  ratis.ContainerStateMachine (ContainerStateMachine.java:takeSnapshot(355)) - group-CC814C894A60: Taking a snapshot at:(t:1, i:0) file /home/runner/work/ozone/ozone/hadoop-ozone/integration-test/target/test-dir/MiniOzoneClusterImpl-d05e4a2c-755f-4d37-936b-30aea24b9535/datanode-1/data/ratis/a90a9068-255c-47f4-bcab-cc814c894a60/sm/snapshot.1_0
2024-01-14 08:11:26,203 [grpc-default-executor-7] INFO  server.GrpcLogAppender (GrpcLogAppender.java:onCompleted(546)) - 58733d94-cb44-4f93-b9bc-90d3803fc47e@group-CC814C894A60->0ff4ee77-f176-4c42-9b93-2e8119131049-AppendLogResponseHandler: follower responses appendEntries COMPLETED
2024-01-14 08:11:26,203 [main] INFO  server.GrpcService (GrpcService.java:closeImpl(320)) - 0ff4ee77-f176-4c42-9b93-2e8119131049: shutdown server org.apache.ratis.grpc.server.GrpcClientProtocolService successfully
2024-01-14 08:11:26,204 [main] INFO  server.GrpcService (GrpcService.java:closeImpl(311)) - 0ff4ee77-f176-4c42-9b93-2e8119131049: shutdown server GrpcServerProtocolService now
2024-01-14 08:11:26,204 [ForkJoinPool.commonPool-worker-2] INFO  ozoneimpl.OzoneContainer (OzoneContainer.java:stop(479)) - Attempting to stop container services.
2024-01-14 08:11:26,203 [grpc-default-executor-6] INFO  server.GrpcLogAppender (GrpcLogAppender.java:onCompleted(546)) - 58733d94-cb44-4f93-b9bc-90d3803fc47e@group-CC814C894A60->0ff4ee77-f176-4c42-9b93-2e8119131049-AppendLogResponseHandler: follower responses appendEntries COMPLETED
2024-01-14 08:11:26,210 [grpc-default-executor-6] WARN  server.GrpcLogAppender (GrpcLogAppender.java:resetClient(226)) - 58733d94-cb44-4f93-b9bc-90d3803fc47e@group-CC814C894A60->0ff4ee77-f176-4c42-9b93-2e8119131049-GrpcLogAppender: Failed to getClient for 0ff4ee77-f176-4c42-9b93-2e8119131049
org.apache.ratis.protocol.exceptions.AlreadyClosedException: 58733d94-cb44-4f93-b9bc-90d3803fc47e is already CLOSED
	at org.apache.ratis.util.PeerProxyMap$PeerAndProxy.getProxy(PeerProxyMap.java:65)
	at org.apache.ratis.util.PeerProxyMap.getProxy(PeerProxyMap.java:114)
	at org.apache.ratis.grpc.server.GrpcLogAppender.getClient(GrpcLogAppender.java:196)
	at org.apache.ratis.grpc.server.GrpcLogAppender.resetClient(GrpcLogAppender.java:201)
	at org.apache.ratis.grpc.server.GrpcLogAppender.access$800(GrpcLogAppender.java:62)
	at org.apache.ratis.grpc.server.GrpcLogAppender$AppendLogResponseHandler.onCompleted(GrpcLogAppender.java:547)
	at org.apache.ratis.thirdparty.io.grpc.stub.ClientCalls$StreamObserverToCallListenerAdapter.onClose(ClientCalls.java:479)
	at org.apache.ratis.thirdparty.io.grpc.internal.ClientCallImpl.closeObserver(ClientCallImpl.java:567)
	at org.apache.ratis.thirdparty.io.grpc.internal.ClientCallImpl.access$300(ClientCallImpl.java:71)
	at org.apache.ratis.thirdparty.io.grpc.internal.ClientCallImpl$ClientStreamListenerImpl$1StreamClosed.runInternal(ClientCallImpl.java:735)
	at org.apache.ratis.thirdparty.io.grpc.internal.ClientCallImpl$ClientStreamListenerImpl$1StreamClosed.runInContext(ClientCallImpl.java:716)
	at org.apache.ratis.thirdparty.io.grpc.internal.ContextRunnable.run(ContextRunnable.java:37)
	at org.apache.ratis.thirdparty.io.grpc.internal.SerializingExecutor.run(SerializingExecutor.java:133)
	at java.util.concurrent.ThreadPoolExecutor.runWorker(ThreadPoolExecutor.java:1149)
	at java.util.concurrent.ThreadPoolExecutor$Worker.run(ThreadPoolExecutor.java:624)
	at java.lang.Thread.run(Thread.java:750)
2024-01-14 08:11:26,203 [ForkJoinPool.commonPool-worker-0] INFO  server.GrpcService (GrpcService.java:closeImpl(320)) - 50de051d-3e76-4053-aa92-929931ae6eb2: shutdown server GrpcServerProtocolService successfully
2024-01-14 08:11:26,210 [ForkJoinPool.commonPool-worker-0] INFO  server.GrpcService (GrpcService.java:closeImpl(311)) - 50de051d-3e76-4053-aa92-929931ae6eb2: shutdown server org.apache.ratis.grpc.server.GrpcAdminProtocolService now
2024-01-14 08:11:26,203 [grpc-default-executor-7] WARN  server.GrpcLogAppender (GrpcLogAppender.java:resetClient(226)) - 58733d94-cb44-4f93-b9bc-90d3803fc47e@group-CC814C894A60->0ff4ee77-f176-4c42-9b93-2e8119131049-GrpcLogAppender: Failed to getClient for 0ff4ee77-f176-4c42-9b93-2e8119131049
org.apache.ratis.protocol.exceptions.AlreadyClosedException: 58733d94-cb44-4f93-b9bc-90d3803fc47e is already CLOSED
	at org.apache.ratis.util.PeerProxyMap$PeerAndProxy.getProxy(PeerProxyMap.java:65)
	at org.apache.ratis.util.PeerProxyMap.getProxy(PeerProxyMap.java:114)
	at org.apache.ratis.grpc.server.GrpcLogAppender.getClient(GrpcLogAppender.java:196)
	at org.apache.ratis.grpc.server.GrpcLogAppender.resetClient(GrpcLogAppender.java:201)
	at org.apache.ratis.grpc.server.GrpcLogAppender.access$800(GrpcLogAppender.java:62)
	at org.apache.ratis.grpc.server.GrpcLogAppender$AppendLogResponseHandler.onCompleted(GrpcLogAppender.java:547)
	at org.apache.ratis.thirdparty.io.grpc.stub.ClientCalls$StreamObserverToCallListenerAdapter.onClose(ClientCalls.java:479)
	at org.apache.ratis.thirdparty.io.grpc.internal.DelayedClientCall$DelayedListener$3.run(DelayedClientCall.java:489)
	at org.apache.ratis.thirdparty.io.grpc.internal.DelayedClientCall$DelayedListener.delayOrExecute(DelayedClientCall.java:453)
	at org.apache.ratis.thirdparty.io.grpc.internal.DelayedClientCall$DelayedListener.onClose(DelayedClientCall.java:486)
	at org.apache.ratis.thirdparty.io.grpc.internal.ClientCallImpl.closeObserver(ClientCallImpl.java:567)
	at org.apache.ratis.thirdparty.io.grpc.internal.ClientCallImpl.access$300(ClientCallImpl.java:71)
	at org.apache.ratis.thirdparty.io.grpc.internal.ClientCallImpl$ClientStreamListenerImpl$1StreamClosed.runInternal(ClientCallImpl.java:735)
	at org.apache.ratis.thirdparty.io.grpc.internal.ClientCallImpl$ClientStreamListenerImpl$1StreamClosed.runInContext(ClientCallImpl.java:716)
	at org.apache.ratis.thirdparty.io.grpc.internal.ContextRunnable.run(ContextRunnable.java:37)
	at org.apache.ratis.thirdparty.io.grpc.internal.SerializingExecutor.run(SerializingExecutor.java:133)
	at java.util.concurrent.ThreadPoolExecutor.runWorker(ThreadPoolExecutor.java:1149)
	at java.util.concurrent.ThreadPoolExecutor$Worker.run(ThreadPoolExecutor.java:624)
	at java.lang.Thread.run(Thread.java:750)
2024-01-14 08:11:26,209 [ForkJoinPool.commonPool-worker-3] INFO  server.GrpcService (GrpcService.java:closeImpl(320)) - ee8156c5-6136-4ec5-812d-3226e59a8f74: shutdown server GrpcServerProtocolService successfully
2024-01-14 08:11:26,210 [ForkJoinPool.commonPool-worker-1] INFO  server.GrpcService (GrpcService.java:closeImpl(320)) - 58733d94-cb44-4f93-b9bc-90d3803fc47e: shutdown server org.apache.ratis.grpc.server.GrpcClientProtocolService successfully
2024-01-14 08:11:26,210 [ForkJoinPool.commonPool-worker-1] INFO  server.GrpcService (GrpcService.java:closeImpl(311)) - 58733d94-cb44-4f93-b9bc-90d3803fc47e: shutdown server GrpcServerProtocolService now
2024-01-14 08:11:26,206 [grpc-default-executor-0] WARN  server.GrpcLogAppender (GrpcLogAppender.java:resetClient(226)) - 58733d94-cb44-4f93-b9bc-90d3803fc47e@group-CC814C894A60->577443f1-fefe-41e6-ac50-50037dc50964-GrpcLogAppender: Failed to getClient for 577443f1-fefe-41e6-ac50-50037dc50964
org.apache.ratis.protocol.exceptions.AlreadyClosedException: 58733d94-cb44-4f93-b9bc-90d3803fc47e is already CLOSED
	at org.apache.ratis.util.PeerProxyMap$PeerAndProxy.getProxy(PeerProxyMap.java:65)
	at org.apache.ratis.util.PeerProxyMap.getProxy(PeerProxyMap.java:114)
	at org.apache.ratis.grpc.server.GrpcLogAppender.getClient(GrpcLogAppender.java:196)
	at org.apache.ratis.grpc.server.GrpcLogAppender.resetClient(GrpcLogAppender.java:201)
	at org.apache.ratis.grpc.server.GrpcLogAppender.access$800(GrpcLogAppender.java:62)
	at org.apache.ratis.grpc.server.GrpcLogAppender$AppendLogResponseHandler.onCompleted(GrpcLogAppender.java:547)
	at org.apache.ratis.thirdparty.io.grpc.stub.ClientCalls$StreamObserverToCallListenerAdapter.onClose(ClientCalls.java:479)
	at org.apache.ratis.thirdparty.io.grpc.internal.ClientCallImpl.closeObserver(ClientCallImpl.java:567)
	at org.apache.ratis.thirdparty.io.grpc.internal.ClientCallImpl.access$300(ClientCallImpl.java:71)
	at org.apache.ratis.thirdparty.io.grpc.internal.ClientCallImpl$ClientStreamListenerImpl$1StreamClosed.runInternal(ClientCallImpl.java:735)
	at org.apache.ratis.thirdparty.io.grpc.internal.ClientCallImpl$ClientStreamListenerImpl$1StreamClosed.runInContext(ClientCallImpl.java:716)
	at org.apache.ratis.thirdparty.io.grpc.internal.ContextRunnable.run(ContextRunnable.java:37)
	at org.apache.ratis.thirdparty.io.grpc.internal.SerializingExecutor.run(SerializingExecutor.java:133)
	at java.util.concurrent.ThreadPoolExecutor.runWorker(ThreadPoolExecutor.java:1149)
	at java.util.concurrent.ThreadPoolExecutor$Worker.run(ThreadPoolExecutor.java:624)
	at java.lang.Thread.run(Thread.java:750)
2024-01-14 08:11:26,210 [ForkJoinPool.commonPool-worker-3] INFO  server.GrpcService (GrpcService.java:closeImpl(311)) - ee8156c5-6136-4ec5-812d-3226e59a8f74: shutdown server org.apache.ratis.grpc.server.GrpcAdminProtocolService now
2024-01-14 08:11:26,210 [ForkJoinPool.commonPool-worker-2] INFO  server.RaftServer (RaftServerProxy.java:lambda$close$9(416)) - 577443f1-fefe-41e6-ac50-50037dc50964: close
2024-01-14 08:11:26,213 [main] INFO  server.GrpcService (GrpcService.java:closeImpl(320)) - 0ff4ee77-f176-4c42-9b93-2e8119131049: shutdown server GrpcServerProtocolService successfully
2024-01-14 08:11:26,213 [main] INFO  server.GrpcService (GrpcService.java:closeImpl(311)) - 0ff4ee77-f176-4c42-9b93-2e8119131049: shutdown server org.apache.ratis.grpc.server.GrpcAdminProtocolService now
2024-01-14 08:11:26,214 [ForkJoinPool.commonPool-worker-3] INFO  server.GrpcService (GrpcService.java:closeImpl(320)) - ee8156c5-6136-4ec5-812d-3226e59a8f74: shutdown server org.apache.ratis.grpc.server.GrpcAdminProtocolService successfully
2024-01-14 08:11:26,214 [ee8156c5-6136-4ec5-812d-3226e59a8f74-NettyServerStreamRpc-bossGroup--thread1] INFO  logging.LoggingHandler (AbstractInternalLogger.java:log(148)) - [id: 0xa23e026e, L:/0.0.0.0:15042] CLOSE
2024-01-14 08:11:26,215 [ee8156c5-6136-4ec5-812d-3226e59a8f74-NettyServerStreamRpc-bossGroup--thread1] INFO  logging.LoggingHandler (AbstractInternalLogger.java:log(148)) - [id: 0xa23e026e, L:/0.0.0.0:15042] INACTIVE
2024-01-14 08:11:26,215 [ee8156c5-6136-4ec5-812d-3226e59a8f74-NettyServerStreamRpc-bossGroup--thread1] INFO  logging.LoggingHandler (AbstractInternalLogger.java:log(148)) - [id: 0xa23e026e, L:/0.0.0.0:15042] UNREGISTERED
2024-01-14 08:11:26,216 [main] INFO  server.GrpcService (GrpcService.java:closeImpl(320)) - 0ff4ee77-f176-4c42-9b93-2e8119131049: shutdown server org.apache.ratis.grpc.server.GrpcAdminProtocolService successfully
2024-01-14 08:11:26,220 [577443f1-fefe-41e6-ac50-50037dc50964-impl-thread1] INFO  server.RaftServer$Division (RaftServerImpl.java:lambda$close$3(526)) - 577443f1-fefe-41e6-ac50-50037dc50964@group-666D80A90A34: shutdown
2024-01-14 08:11:26,221 [ForkJoinPool.commonPool-worker-1] INFO  server.GrpcService (GrpcService.java:closeImpl(320)) - 58733d94-cb44-4f93-b9bc-90d3803fc47e: shutdown server GrpcServerProtocolService successfully
2024-01-14 08:11:26,221 [577443f1-fefe-41e6-ac50-50037dc50964-impl-thread1] INFO  util.JmxRegister (JmxRegister.java:unregister(73)) - Successfully un-registered JMX Bean with object name Ratis:service=RaftServer,group=group-666D80A90A34,id=577443f1-fefe-41e6-ac50-50037dc50964
2024-01-14 08:11:26,221 [ForkJoinPool.commonPool-worker-1] INFO  server.GrpcService (GrpcService.java:closeImpl(311)) - 58733d94-cb44-4f93-b9bc-90d3803fc47e: shutdown server org.apache.ratis.grpc.server.GrpcAdminProtocolService now
2024-01-14 08:11:26,221 [577443f1-fefe-41e6-ac50-50037dc50964-impl-thread1] INFO  impl.RoleInfo (RoleInfo.java:shutdownLeaderState(94)) - 577443f1-fefe-41e6-ac50-50037dc50964: shutdown 577443f1-fefe-41e6-ac50-50037dc50964@group-666D80A90A34-LeaderStateImpl
2024-01-14 08:11:26,221 [577443f1-fefe-41e6-ac50-50037dc50964-impl-thread1] INFO  impl.PendingRequests (PendingRequests.java:sendNotLeaderResponses(289)) - 577443f1-fefe-41e6-ac50-50037dc50964@group-666D80A90A34-PendingRequests: sendNotLeaderResponses
2024-01-14 08:11:26,221 [577443f1-fefe-41e6-ac50-50037dc50964-impl-thread2] INFO  server.RaftServer$Division (RaftServerImpl.java:lambda$close$3(526)) - 577443f1-fefe-41e6-ac50-50037dc50964@group-CC814C894A60: shutdown
2024-01-14 08:11:26,222 [ForkJoinPool.commonPool-worker-2] INFO  server.GrpcService (GrpcService.java:closeImpl(311)) - 577443f1-fefe-41e6-ac50-50037dc50964: shutdown server org.apache.ratis.grpc.server.GrpcClientProtocolService now
2024-01-14 08:11:26,222 [577443f1-fefe-41e6-ac50-50037dc50964-impl-thread3] INFO  server.RaftServer$Division (RaftServerImpl.java:lambda$close$3(526)) - 577443f1-fefe-41e6-ac50-50037dc50964@group-5520AA21A72D: shutdown
2024-01-14 08:11:26,224 [577443f1-fefe-41e6-ac50-50037dc50964-impl-thread2] INFO  util.JmxRegister (JmxRegister.java:unregister(73)) - Successfully un-registered JMX Bean with object name Ratis:service=RaftServer,group=group-CC814C894A60,id=577443f1-fefe-41e6-ac50-50037dc50964
2024-01-14 08:11:26,224 [577443f1-fefe-41e6-ac50-50037dc50964-impl-thread2] INFO  impl.RoleInfo (RoleInfo.java:shutdownFollowerState(110)) - 577443f1-fefe-41e6-ac50-50037dc50964: shutdown 577443f1-fefe-41e6-ac50-50037dc50964@group-CC814C894A60-FollowerState
2024-01-14 08:11:26,236 [ForkJoinPool.commonPool-worker-0] INFO  server.GrpcService (GrpcService.java:closeImpl(320)) - 50de051d-3e76-4053-aa92-929931ae6eb2: shutdown server org.apache.ratis.grpc.server.GrpcAdminProtocolService successfully
2024-01-14 08:11:26,236 [50de051d-3e76-4053-aa92-929931ae6eb2-NettyServerStreamRpc-bossGroup--thread1] INFO  logging.LoggingHandler (AbstractInternalLogger.java:log(148)) - [id: 0xc50457e2, L:/0.0.0.0:15051] CLOSE
2024-01-14 08:11:26,236 [50de051d-3e76-4053-aa92-929931ae6eb2-NettyServerStreamRpc-bossGroup--thread1] INFO  logging.LoggingHandler (AbstractInternalLogger.java:log(148)) - [id: 0xc50457e2, L:/0.0.0.0:15051] INACTIVE
2024-01-14 08:11:26,237 [50de051d-3e76-4053-aa92-929931ae6eb2-NettyServerStreamRpc-bossGroup--thread1] INFO  logging.LoggingHandler (AbstractInternalLogger.java:log(148)) - [id: 0xc50457e2, L:/0.0.0.0:15051] UNREGISTERED
2024-01-14 08:11:26,237 [Thread-746] INFO  server.GrpcServerProtocolClient (GrpcServerProtocolClient.java:close(103)) - 58733d94-cb44-4f93-b9bc-90d3803fc47e Close channels
2024-01-14 08:11:26,239 [577443f1-fefe-41e6-ac50-50037dc50964-impl-thread2] INFO  impl.StateMachineUpdater (StateMachineUpdater.java:stopAndJoin(157)) - 577443f1-fefe-41e6-ac50-50037dc50964@group-CC814C894A60-StateMachineUpdater: set stopIndex = -1
2024-01-14 08:11:26,239 [577443f1-fefe-41e6-ac50-50037dc50964@group-CC814C894A60-FollowerState] INFO  impl.FollowerState (FollowerState.java:run(152)) - 577443f1-fefe-41e6-ac50-50037dc50964@group-CC814C894A60-FollowerState was interrupted
2024-01-14 08:11:26,239 [577443f1-fefe-41e6-ac50-50037dc50964-impl-thread3] INFO  util.JmxRegister (JmxRegister.java:unregister(73)) - Successfully un-registered JMX Bean with object name Ratis:service=RaftServer,group=group-5520AA21A72D,id=577443f1-fefe-41e6-ac50-50037dc50964
2024-01-14 08:11:26,239 [58733d94-cb44-4f93-b9bc-90d3803fc47e@group-CC814C894A60-StateMachineUpdater] INFO  ratis.ContainerStateMachine (ContainerStateMachine.java:takeSnapshot(366)) - group-CC814C894A60: Finished taking a snapshot at:(t:1, i:0) file:/home/runner/work/ozone/ozone/hadoop-ozone/integration-test/target/test-dir/MiniOzoneClusterImpl-d05e4a2c-755f-4d37-936b-30aea24b9535/datanode-1/data/ratis/a90a9068-255c-47f4-bcab-cc814c894a60/sm/snapshot.1_0 took: 38 ms
2024-01-14 08:11:26,239 [577443f1-fefe-41e6-ac50-50037dc50964-impl-thread1] INFO  impl.StateMachineUpdater (StateMachineUpdater.java:stopAndJoin(157)) - 577443f1-fefe-41e6-ac50-50037dc50964@group-666D80A90A34-StateMachineUpdater: set stopIndex = 0
2024-01-14 08:11:26,239 [577443f1-fefe-41e6-ac50-50037dc50964@group-666D80A90A34-StateMachineUpdater] INFO  ratis.ContainerStateMachine (ContainerStateMachine.java:takeSnapshot(355)) - group-666D80A90A34: Taking a snapshot at:(t:1, i:0) file /home/runner/work/ozone/ozone/hadoop-ozone/integration-test/target/test-dir/MiniOzoneClusterImpl-d05e4a2c-755f-4d37-936b-30aea24b9535/datanode-0/data/ratis/e8d58f33-8be7-4bf5-90f2-666d80a90a34/sm/snapshot.1_0
2024-01-14 08:11:26,239 [577443f1-fefe-41e6-ac50-50037dc50964-impl-thread3] INFO  impl.RoleInfo (RoleInfo.java:shutdownFollowerState(110)) - 577443f1-fefe-41e6-ac50-50037dc50964: shutdown 577443f1-fefe-41e6-ac50-50037dc50964@group-5520AA21A72D-FollowerState
2024-01-14 08:11:26,239 [0ff4ee77-f176-4c42-9b93-2e8119131049@group-B4FBA049766D-StateMachineUpdater] INFO  ratis.ContainerStateMachine (ContainerStateMachine.java:takeSnapshot(366)) - group-B4FBA049766D: Finished taking a snapshot at:(t:1, i:0) file:/home/runner/work/ozone/ozone/hadoop-ozone/integration-test/target/test-dir/MiniOzoneClusterImpl-d05e4a2c-755f-4d37-936b-30aea24b9535/datanode-2/data/ratis/4dd48d91-45fe-4246-9334-b4fba049766d/sm/snapshot.1_0 took: 73 ms
2024-01-14 08:11:26,240 [577443f1-fefe-41e6-ac50-50037dc50964-impl-thread2] INFO  server.RaftServer$Division (ServerState.java:close(427)) - 577443f1-fefe-41e6-ac50-50037dc50964@group-CC814C894A60: applyIndex: -1
2024-01-14 08:11:26,240 [50de051d-3e76-4053-aa92-929931ae6eb2@group-20C315240F1A-StateMachineUpdater] INFO  ratis.ContainerStateMachine (ContainerStateMachine.java:takeSnapshot(366)) - group-20C315240F1A: Finished taking a snapshot at:(t:1, i:0) file:/home/runner/work/ozone/ozone/hadoop-ozone/integration-test/target/test-dir/MiniOzoneClusterImpl-d05e4a2c-755f-4d37-936b-30aea24b9535/datanode-4/data/ratis/2ca7df51-f4b8-4131-883c-20c315240f1a/sm/snapshot.1_0 took: 74 ms
2024-01-14 08:11:26,240 [ee8156c5-6136-4ec5-812d-3226e59a8f74@group-F56BD249EE0E-StateMachineUpdater] INFO  ratis.ContainerStateMachine (ContainerStateMachine.java:takeSnapshot(366)) - group-F56BD249EE0E: Finished taking a snapshot at:(t:1, i:0) file:/home/runner/work/ozone/ozone/hadoop-ozone/integration-test/target/test-dir/MiniOzoneClusterImpl-d05e4a2c-755f-4d37-936b-30aea24b9535/datanode-3/data/ratis/68516f61-892b-490b-80f7-f56bd249ee0e/sm/snapshot.1_0 took: 62 ms
2024-01-14 08:11:26,240 [Thread-748] INFO  server.GrpcServerProtocolClient (GrpcServerProtocolClient.java:close(103)) - 0ff4ee77-f176-4c42-9b93-2e8119131049 Close channels
2024-01-14 08:11:26,240 [577443f1-fefe-41e6-ac50-50037dc50964@group-666D80A90A34-StateMachineUpdater] INFO  ratis.ContainerStateMachine (ContainerStateMachine.java:takeSnapshot(366)) - group-666D80A90A34: Finished taking a snapshot at:(t:1, i:0) file:/home/runner/work/ozone/ozone/hadoop-ozone/integration-test/target/test-dir/MiniOzoneClusterImpl-d05e4a2c-755f-4d37-936b-30aea24b9535/datanode-0/data/ratis/e8d58f33-8be7-4bf5-90f2-666d80a90a34/sm/snapshot.1_0 took: 0 ms
2024-01-14 08:11:26,240 [577443f1-fefe-41e6-ac50-50037dc50964@group-666D80A90A34-StateMachineUpdater] INFO  impl.StateMachineUpdater (StateMachineUpdater.java:takeSnapshot(295)) - 577443f1-fefe-41e6-ac50-50037dc50964@group-666D80A90A34-StateMachineUpdater: Took a snapshot at index 0
2024-01-14 08:11:26,241 [577443f1-fefe-41e6-ac50-50037dc50964@group-666D80A90A34-StateMachineUpdater] INFO  impl.StateMachineUpdater (StateMachineUpdater.java:lambda$new$0(98)) - 577443f1-fefe-41e6-ac50-50037dc50964@group-666D80A90A34-StateMachineUpdater: snapshotIndex: updateIncreasingly -1 -> 0
2024-01-14 08:11:26,241 [0ff4ee77-f176-4c42-9b93-2e8119131049@group-B4FBA049766D-StateMachineUpdater] INFO  impl.StateMachineUpdater (StateMachineUpdater.java:takeSnapshot(295)) - 0ff4ee77-f176-4c42-9b93-2e8119131049@group-B4FBA049766D-StateMachineUpdater: Took a snapshot at index 0
2024-01-14 08:11:26,241 [0ff4ee77-f176-4c42-9b93-2e8119131049@group-B4FBA049766D-StateMachineUpdater] INFO  impl.StateMachineUpdater (StateMachineUpdater.java:lambda$new$0(98)) - 0ff4ee77-f176-4c42-9b93-2e8119131049@group-B4FBA049766D-StateMachineUpdater: snapshotIndex: updateIncreasingly -1 -> 0
2024-01-14 08:11:26,241 [58733d94-cb44-4f93-b9bc-90d3803fc47e@group-E6CAA1C4C346-StateMachineUpdater] INFO  ratis.ContainerStateMachine (ContainerStateMachine.java:takeSnapshot(366)) - group-E6CAA1C4C346: Finished taking a snapshot at:(t:1, i:0) file:/home/runner/work/ozone/ozone/hadoop-ozone/integration-test/target/test-dir/MiniOzoneClusterImpl-d05e4a2c-755f-4d37-936b-30aea24b9535/datanode-1/data/ratis/8b5b60e5-9357-4b70-85f0-e6caa1c4c346/sm/snapshot.1_0 took: 75 ms
2024-01-14 08:11:26,240 [58733d94-cb44-4f93-b9bc-90d3803fc47e@group-CC814C894A60-StateMachineUpdater] INFO  impl.StateMachineUpdater (StateMachineUpdater.java:takeSnapshot(295)) - 58733d94-cb44-4f93-b9bc-90d3803fc47e@group-CC814C894A60-StateMachineUpdater: Took a snapshot at index 0
2024-01-14 08:11:26,241 [58733d94-cb44-4f93-b9bc-90d3803fc47e@group-CC814C894A60-StateMachineUpdater] INFO  impl.StateMachineUpdater (StateMachineUpdater.java:lambda$new$0(98)) - 58733d94-cb44-4f93-b9bc-90d3803fc47e@group-CC814C894A60-StateMachineUpdater: snapshotIndex: updateIncreasingly -1 -> 0
2024-01-14 08:11:26,241 [50de051d-3e76-4053-aa92-929931ae6eb2@group-20C315240F1A-StateMachineUpdater] INFO  impl.StateMachineUpdater (StateMachineUpdater.java:takeSnapshot(295)) - 50de051d-3e76-4053-aa92-929931ae6eb2@group-20C315240F1A-StateMachineUpdater: Took a snapshot at index 0
2024-01-14 08:11:26,241 [58733d94-cb44-4f93-b9bc-90d3803fc47e@group-5520AA21A72D-StateMachineUpdater] INFO  ratis.ContainerStateMachine (ContainerStateMachine.java:takeSnapshot(366)) - group-5520AA21A72D: Finished taking a snapshot at:(t:1, i:4) file:/home/runner/work/ozone/ozone/hadoop-ozone/integration-test/target/test-dir/MiniOzoneClusterImpl-d05e4a2c-755f-4d37-936b-30aea24b9535/datanode-1/data/ratis/5c66e7de-3243-461f-9b96-5520aa21a72d/sm/snapshot.1_4 took: 45 ms
2024-01-14 08:11:26,241 [ee8156c5-6136-4ec5-812d-3226e59a8f74@group-F56BD249EE0E-StateMachineUpdater] INFO  impl.StateMachineUpdater (StateMachineUpdater.java:takeSnapshot(295)) - ee8156c5-6136-4ec5-812d-3226e59a8f74@group-F56BD249EE0E-StateMachineUpdater: Took a snapshot at index 0
2024-01-14 08:11:26,241 [58733d94-cb44-4f93-b9bc-90d3803fc47e@group-5520AA21A72D-StateMachineUpdater] INFO  impl.StateMachineUpdater (StateMachineUpdater.java:takeSnapshot(295)) - 58733d94-cb44-4f93-b9bc-90d3803fc47e@group-5520AA21A72D-StateMachineUpdater: Took a snapshot at index 4
2024-01-14 08:11:26,241 [50de051d-3e76-4053-aa92-929931ae6eb2@group-20C315240F1A-StateMachineUpdater] INFO  impl.StateMachineUpdater (StateMachineUpdater.java:lambda$new$0(98)) - 50de051d-3e76-4053-aa92-929931ae6eb2@group-20C315240F1A-StateMachineUpdater: snapshotIndex: updateIncreasingly -1 -> 0
2024-01-14 08:11:26,241 [58733d94-cb44-4f93-b9bc-90d3803fc47e@group-E6CAA1C4C346-StateMachineUpdater] INFO  impl.StateMachineUpdater (StateMachineUpdater.java:takeSnapshot(295)) - 58733d94-cb44-4f93-b9bc-90d3803fc47e@group-E6CAA1C4C346-StateMachineUpdater: Took a snapshot at index 0
2024-01-14 08:11:26,241 [58733d94-cb44-4f93-b9bc-90d3803fc47e@group-E6CAA1C4C346-StateMachineUpdater] INFO  impl.StateMachineUpdater (StateMachineUpdater.java:lambda$new$0(98)) - 58733d94-cb44-4f93-b9bc-90d3803fc47e@group-E6CAA1C4C346-StateMachineUpdater: snapshotIndex: updateIncreasingly -1 -> 0
2024-01-14 08:11:26,241 [58733d94-cb44-4f93-b9bc-90d3803fc47e@group-5520AA21A72D-StateMachineUpdater] INFO  impl.StateMachineUpdater (StateMachineUpdater.java:lambda$new$0(98)) - 58733d94-cb44-4f93-b9bc-90d3803fc47e@group-5520AA21A72D-StateMachineUpdater: snapshotIndex: updateIncreasingly -1 -> 4
2024-01-14 08:11:26,242 [0ff4ee77-f176-4c42-9b93-2e8119131049@group-5520AA21A72D-StateMachineUpdater] INFO  ratis.ContainerStateMachine (ContainerStateMachine.java:takeSnapshot(366)) - group-5520AA21A72D: Finished taking a snapshot at:(t:1, i:7) file:/home/runner/work/ozone/ozone/hadoop-ozone/integration-test/target/test-dir/MiniOzoneClusterImpl-d05e4a2c-755f-4d37-936b-30aea24b9535/datanode-2/data/ratis/5c66e7de-3243-461f-9b96-5520aa21a72d/sm/snapshot.1_7 took: 43 ms
2024-01-14 08:11:26,242 [0ff4ee77-f176-4c42-9b93-2e8119131049@group-5520AA21A72D-StateMachineUpdater] INFO  impl.StateMachineUpdater (StateMachineUpdater.java:takeSnapshot(295)) - 0ff4ee77-f176-4c42-9b93-2e8119131049@group-5520AA21A72D-StateMachineUpdater: Took a snapshot at index 7
2024-01-14 08:11:26,242 [0ff4ee77-f176-4c42-9b93-2e8119131049@group-5520AA21A72D-StateMachineUpdater] INFO  impl.StateMachineUpdater (StateMachineUpdater.java:lambda$new$0(98)) - 0ff4ee77-f176-4c42-9b93-2e8119131049@group-5520AA21A72D-StateMachineUpdater: snapshotIndex: updateIncreasingly -1 -> 7
2024-01-14 08:11:26,242 [577443f1-fefe-41e6-ac50-50037dc50964-impl-thread1] INFO  server.RaftServer$Division (ServerState.java:close(427)) - 577443f1-fefe-41e6-ac50-50037dc50964@group-666D80A90A34: applyIndex: 0
2024-01-14 08:11:26,243 [ForkJoinPool.commonPool-worker-2] INFO  server.GrpcService (GrpcService.java:closeImpl(320)) - 577443f1-fefe-41e6-ac50-50037dc50964: shutdown server org.apache.ratis.grpc.server.GrpcClientProtocolService successfully
2024-01-14 08:11:26,243 [ForkJoinPool.commonPool-worker-2] INFO  server.GrpcService (GrpcService.java:closeImpl(311)) - 577443f1-fefe-41e6-ac50-50037dc50964: shutdown server GrpcServerProtocolService now
2024-01-14 08:11:26,241 [ee8156c5-6136-4ec5-812d-3226e59a8f74@group-F56BD249EE0E-StateMachineUpdater] INFO  impl.StateMachineUpdater (StateMachineUpdater.java:lambda$new$0(98)) - ee8156c5-6136-4ec5-812d-3226e59a8f74@group-F56BD249EE0E-StateMachineUpdater: snapshotIndex: updateIncreasingly -1 -> 0
2024-01-14 08:11:26,244 [ee8156c5-6136-4ec5-812d-3226e59a8f74-impl-thread1] INFO  server.RaftServer$Division (ServerState.java:close(427)) - ee8156c5-6136-4ec5-812d-3226e59a8f74@group-F56BD249EE0E: applyIndex: 0
2024-01-14 08:11:26,244 [58733d94-cb44-4f93-b9bc-90d3803fc47e-impl-thread2] INFO  server.RaftServer$Division (ServerState.java:close(427)) - 58733d94-cb44-4f93-b9bc-90d3803fc47e@group-CC814C894A60: applyIndex: 0
2024-01-14 08:11:26,245 [50de051d-3e76-4053-aa92-929931ae6eb2-impl-thread1] INFO  server.RaftServer$Division (ServerState.java:close(427)) - 50de051d-3e76-4053-aa92-929931ae6eb2@group-20C315240F1A: applyIndex: 0
2024-01-14 08:11:26,245 [0ff4ee77-f176-4c42-9b93-2e8119131049-impl-thread1] INFO  server.RaftServer$Division (ServerState.java:close(427)) - 0ff4ee77-f176-4c42-9b93-2e8119131049@group-B4FBA049766D: applyIndex: 0
2024-01-14 08:11:26,245 [0ff4ee77-f176-4c42-9b93-2e8119131049@group-B4FBA049766D-cacheEviction-AwaitToRun] INFO  util.AwaitToRun (AwaitToRun.java:run(49)) - 0ff4ee77-f176-4c42-9b93-2e8119131049@group-B4FBA049766D-cacheEviction-AwaitToRun-AwaitForSignal is interrupted
2024-01-14 08:11:26,245 [ee8156c5-6136-4ec5-812d-3226e59a8f74@group-F56BD249EE0E-cacheEviction-AwaitToRun] INFO  util.AwaitToRun (AwaitToRun.java:run(49)) - ee8156c5-6136-4ec5-812d-3226e59a8f74@group-F56BD249EE0E-cacheEviction-AwaitToRun-AwaitForSignal is interrupted
2024-01-14 08:11:26,245 [58733d94-cb44-4f93-b9bc-90d3803fc47e@group-CC814C894A60-cacheEviction-AwaitToRun] INFO  util.AwaitToRun (AwaitToRun.java:run(49)) - 58733d94-cb44-4f93-b9bc-90d3803fc47e@group-CC814C894A60-cacheEviction-AwaitToRun-AwaitForSignal is interrupted
2024-01-14 08:11:26,245 [50de051d-3e76-4053-aa92-929931ae6eb2@group-20C315240F1A-cacheEviction-AwaitToRun] INFO  util.AwaitToRun (AwaitToRun.java:run(49)) - 50de051d-3e76-4053-aa92-929931ae6eb2@group-20C315240F1A-cacheEviction-AwaitToRun-AwaitForSignal is interrupted
2024-01-14 08:11:26,246 [58733d94-cb44-4f93-b9bc-90d3803fc47e-impl-thread1] INFO  server.RaftServer$Division (ServerState.java:close(427)) - 58733d94-cb44-4f93-b9bc-90d3803fc47e@group-E6CAA1C4C346: applyIndex: 0
2024-01-14 08:11:26,245 [58733d94-cb44-4f93-b9bc-90d3803fc47e-impl-thread3] INFO  server.RaftServer$Division (ServerState.java:close(427)) - 58733d94-cb44-4f93-b9bc-90d3803fc47e@group-5520AA21A72D: applyIndex: 4
2024-01-14 08:11:26,246 [ForkJoinPool.commonPool-worker-1] INFO  server.GrpcService (GrpcService.java:closeImpl(320)) - 58733d94-cb44-4f93-b9bc-90d3803fc47e: shutdown server org.apache.ratis.grpc.server.GrpcAdminProtocolService successfully
2024-01-14 08:11:26,251 [577443f1-fefe-41e6-ac50-50037dc50964@group-666D80A90A34-cacheEviction-AwaitToRun] INFO  util.AwaitToRun (AwaitToRun.java:run(49)) - 577443f1-fefe-41e6-ac50-50037dc50964@group-666D80A90A34-cacheEviction-AwaitToRun-AwaitForSignal is interrupted
2024-01-14 08:11:26,251 [577443f1-fefe-41e6-ac50-50037dc50964@group-CC814C894A60-cacheEviction-AwaitToRun] INFO  util.AwaitToRun (AwaitToRun.java:run(49)) - 577443f1-fefe-41e6-ac50-50037dc50964@group-CC814C894A60-cacheEviction-AwaitToRun-AwaitForSignal is interrupted
2024-01-14 08:11:26,251 [577443f1-fefe-41e6-ac50-50037dc50964@group-5520AA21A72D-StateMachineUpdater] INFO  ratis.ContainerStateMachine (ContainerStateMachine.java:takeSnapshot(355)) - group-5520AA21A72D: Taking a snapshot at:(t:1, i:4) file /home/runner/work/ozone/ozone/hadoop-ozone/integration-test/target/test-dir/MiniOzoneClusterImpl-d05e4a2c-755f-4d37-936b-30aea24b9535/datanode-0/data/ratis/5c66e7de-3243-461f-9b96-5520aa21a72d/sm/snapshot.1_4
2024-01-14 08:11:26,251 [577443f1-fefe-41e6-ac50-50037dc50964-impl-thread3] INFO  impl.StateMachineUpdater (StateMachineUpdater.java:stopAndJoin(157)) - 577443f1-fefe-41e6-ac50-50037dc50964@group-5520AA21A72D-StateMachineUpdater: set stopIndex = 4
2024-01-14 08:11:26,251 [577443f1-fefe-41e6-ac50-50037dc50964@group-5520AA21A72D-FollowerState] INFO  impl.FollowerState (FollowerState.java:run(152)) - 577443f1-fefe-41e6-ac50-50037dc50964@group-5520AA21A72D-FollowerState was interrupted
2024-01-14 08:11:26,253 [577443f1-fefe-41e6-ac50-50037dc50964@group-5520AA21A72D-StateMachineUpdater] INFO  ratis.ContainerStateMachine (ContainerStateMachine.java:takeSnapshot(366)) - group-5520AA21A72D: Finished taking a snapshot at:(t:1, i:4) file:/home/runner/work/ozone/ozone/hadoop-ozone/integration-test/target/test-dir/MiniOzoneClusterImpl-d05e4a2c-755f-4d37-936b-30aea24b9535/datanode-0/data/ratis/5c66e7de-3243-461f-9b96-5520aa21a72d/sm/snapshot.1_4 took: 2 ms
2024-01-14 08:11:26,253 [577443f1-fefe-41e6-ac50-50037dc50964@group-5520AA21A72D-StateMachineUpdater] INFO  impl.StateMachineUpdater (StateMachineUpdater.java:takeSnapshot(295)) - 577443f1-fefe-41e6-ac50-50037dc50964@group-5520AA21A72D-StateMachineUpdater: Took a snapshot at index 4
2024-01-14 08:11:26,253 [577443f1-fefe-41e6-ac50-50037dc50964@group-5520AA21A72D-StateMachineUpdater] INFO  impl.StateMachineUpdater (StateMachineUpdater.java:lambda$new$0(98)) - 577443f1-fefe-41e6-ac50-50037dc50964@group-5520AA21A72D-StateMachineUpdater: snapshotIndex: updateIncreasingly -1 -> 4
2024-01-14 08:11:26,254 [577443f1-fefe-41e6-ac50-50037dc50964-impl-thread3] INFO  server.RaftServer$Division (ServerState.java:close(427)) - 577443f1-fefe-41e6-ac50-50037dc50964@group-5520AA21A72D: applyIndex: 4
2024-01-14 08:11:26,254 [577443f1-fefe-41e6-ac50-50037dc50964@group-5520AA21A72D-cacheEviction-AwaitToRun] INFO  util.AwaitToRun (AwaitToRun.java:run(49)) - 577443f1-fefe-41e6-ac50-50037dc50964@group-5520AA21A72D-cacheEviction-AwaitToRun-AwaitForSignal is interrupted
2024-01-14 08:11:26,258 [ForkJoinPool.commonPool-worker-2] INFO  server.GrpcService (GrpcService.java:closeImpl(320)) - 577443f1-fefe-41e6-ac50-50037dc50964: shutdown server GrpcServerProtocolService successfully
2024-01-14 08:11:26,258 [ForkJoinPool.commonPool-worker-2] INFO  server.GrpcService (GrpcService.java:closeImpl(311)) - 577443f1-fefe-41e6-ac50-50037dc50964: shutdown server org.apache.ratis.grpc.server.GrpcAdminProtocolService now
2024-01-14 08:11:26,260 [0ff4ee77-f176-4c42-9b93-2e8119131049-impl-thread3] INFO  server.RaftServer$Division (ServerState.java:close(427)) - 0ff4ee77-f176-4c42-9b93-2e8119131049@group-5520AA21A72D: applyIndex: 7
2024-01-14 08:11:26,263 [58733d94-cb44-4f93-b9bc-90d3803fc47e@group-5520AA21A72D-cacheEviction-AwaitToRun] INFO  util.AwaitToRun (AwaitToRun.java:run(49)) - 58733d94-cb44-4f93-b9bc-90d3803fc47e@group-5520AA21A72D-cacheEviction-AwaitToRun-AwaitForSignal is interrupted
2024-01-14 08:11:26,263 [58733d94-cb44-4f93-b9bc-90d3803fc47e@group-E6CAA1C4C346-cacheEviction-AwaitToRun] INFO  util.AwaitToRun (AwaitToRun.java:run(49)) - 58733d94-cb44-4f93-b9bc-90d3803fc47e@group-E6CAA1C4C346-cacheEviction-AwaitToRun-AwaitForSignal is interrupted
2024-01-14 08:11:26,264 [0ff4ee77-f176-4c42-9b93-2e8119131049@group-5520AA21A72D-cacheEviction-AwaitToRun] INFO  util.AwaitToRun (AwaitToRun.java:run(49)) - 0ff4ee77-f176-4c42-9b93-2e8119131049@group-5520AA21A72D-cacheEviction-AwaitToRun-AwaitForSignal is interrupted
2024-01-14 08:11:26,267 [0ff4ee77-f176-4c42-9b93-2e8119131049-NettyServerStreamRpc-bossGroup--thread1] INFO  logging.LoggingHandler (AbstractInternalLogger.java:log(148)) - [id: 0x7a75cd1a, L:/0.0.0.0:15033] CLOSE
2024-01-14 08:11:26,267 [0ff4ee77-f176-4c42-9b93-2e8119131049-NettyServerStreamRpc-bossGroup--thread1] INFO  logging.LoggingHandler (AbstractInternalLogger.java:log(148)) - [id: 0x7a75cd1a, L:/0.0.0.0:15033] INACTIVE
2024-01-14 08:11:26,267 [0ff4ee77-f176-4c42-9b93-2e8119131049-NettyServerStreamRpc-bossGroup--thread1] INFO  logging.LoggingHandler (AbstractInternalLogger.java:log(148)) - [id: 0x7a75cd1a, L:/0.0.0.0:15033] UNREGISTERED
2024-01-14 08:11:26,274 [ForkJoinPool.commonPool-worker-2] INFO  server.GrpcService (GrpcService.java:closeImpl(320)) - 577443f1-fefe-41e6-ac50-50037dc50964: shutdown server org.apache.ratis.grpc.server.GrpcAdminProtocolService successfully
2024-01-14 08:11:26,280 [577443f1-fefe-41e6-ac50-50037dc50964-NettyServerStreamRpc-bossGroup--thread1] INFO  logging.LoggingHandler (AbstractInternalLogger.java:log(148)) - [id: 0x8fc53fb7, L:/0.0.0.0:15015] CLOSE
2024-01-14 08:11:26,280 [577443f1-fefe-41e6-ac50-50037dc50964-NettyServerStreamRpc-bossGroup--thread1] INFO  logging.LoggingHandler (AbstractInternalLogger.java:log(148)) - [id: 0x8fc53fb7, L:/0.0.0.0:15015] INACTIVE
2024-01-14 08:11:26,281 [577443f1-fefe-41e6-ac50-50037dc50964-NettyServerStreamRpc-bossGroup--thread1] INFO  logging.LoggingHandler (AbstractInternalLogger.java:log(148)) - [id: 0x8fc53fb7, L:/0.0.0.0:15015] UNREGISTERED
2024-01-14 08:11:26,282 [58733d94-cb44-4f93-b9bc-90d3803fc47e-NettyServerStreamRpc-bossGroup--thread1] INFO  logging.LoggingHandler (AbstractInternalLogger.java:log(148)) - [id: 0x58990bf5, L:/0.0.0.0:15024] CLOSE
2024-01-14 08:11:26,282 [58733d94-cb44-4f93-b9bc-90d3803fc47e-NettyServerStreamRpc-bossGroup--thread1] INFO  logging.LoggingHandler (AbstractInternalLogger.java:log(148)) - [id: 0x58990bf5, L:/0.0.0.0:15024] INACTIVE
2024-01-14 08:11:26,282 [58733d94-cb44-4f93-b9bc-90d3803fc47e-NettyServerStreamRpc-bossGroup--thread1] INFO  logging.LoggingHandler (AbstractInternalLogger.java:log(148)) - [id: 0x58990bf5, L:/0.0.0.0:15024] UNREGISTERED
2024-01-14 08:11:26,309 [58733d94-cb44-4f93-b9bc-90d3803fc47e-impl-thread1] INFO  segmented.SegmentedRaftLogWorker (SegmentedRaftLogWorker.java:close(245)) - 58733d94-cb44-4f93-b9bc-90d3803fc47e@group-E6CAA1C4C346-SegmentedRaftLogWorker close()
2024-01-14 08:11:26,407 [58733d94-cb44-4f93-b9bc-90d3803fc47e-impl-thread2] INFO  segmented.SegmentedRaftLogWorker (SegmentedRaftLogWorker.java:close(245)) - 58733d94-cb44-4f93-b9bc-90d3803fc47e@group-CC814C894A60-SegmentedRaftLogWorker close()
2024-01-14 08:11:26,474 [577443f1-fefe-41e6-ac50-50037dc50964-impl-thread2] INFO  segmented.SegmentedRaftLogWorker (SegmentedRaftLogWorker.java:close(245)) - 577443f1-fefe-41e6-ac50-50037dc50964@group-CC814C894A60-SegmentedRaftLogWorker close()
2024-01-14 08:11:26,479 [0ff4ee77-f176-4c42-9b93-2e8119131049-impl-thread2] INFO  segmented.SegmentedRaftLogWorker (SegmentedRaftLogWorker.java:close(245)) - 0ff4ee77-f176-4c42-9b93-2e8119131049@group-CC814C894A60-SegmentedRaftLogWorker close()
2024-01-14 08:11:26,493 [0ff4ee77-f176-4c42-9b93-2e8119131049-impl-thread1] INFO  segmented.SegmentedRaftLogWorker (SegmentedRaftLogWorker.java:close(245)) - 0ff4ee77-f176-4c42-9b93-2e8119131049@group-B4FBA049766D-SegmentedRaftLogWorker close()
2024-01-14 08:11:26,509 [0ff4ee77-f176-4c42-9b93-2e8119131049-impl-thread3] INFO  segmented.SegmentedRaftLogWorker (SegmentedRaftLogWorker.java:close(245)) - 0ff4ee77-f176-4c42-9b93-2e8119131049@group-5520AA21A72D-SegmentedRaftLogWorker close()
2024-01-14 08:11:26,510 [JvmPauseMonitor4] INFO  util.JvmPauseMonitor (JvmPauseMonitor.java:run(152)) - JvmPauseMonitor-0ff4ee77-f176-4c42-9b93-2e8119131049: Stopped
2024-01-14 08:11:26,514 [58733d94-cb44-4f93-b9bc-90d3803fc47e-impl-thread3] INFO  segmented.SegmentedRaftLogWorker (SegmentedRaftLogWorker.java:close(245)) - 58733d94-cb44-4f93-b9bc-90d3803fc47e@group-5520AA21A72D-SegmentedRaftLogWorker close()
2024-01-14 08:11:26,515 [JvmPauseMonitor3] INFO  util.JvmPauseMonitor (JvmPauseMonitor.java:run(152)) - JvmPauseMonitor-58733d94-cb44-4f93-b9bc-90d3803fc47e: Stopped
2024-01-14 08:11:26,521 [577443f1-fefe-41e6-ac50-50037dc50964-impl-thread3] INFO  segmented.SegmentedRaftLogWorker (SegmentedRaftLogWorker.java:close(245)) - 577443f1-fefe-41e6-ac50-50037dc50964@group-5520AA21A72D-SegmentedRaftLogWorker close()
2024-01-14 08:11:26,737 [ee8156c5-6136-4ec5-812d-3226e59a8f74-impl-thread1] INFO  segmented.SegmentedRaftLogWorker (SegmentedRaftLogWorker.java:close(245)) - ee8156c5-6136-4ec5-812d-3226e59a8f74@group-F56BD249EE0E-SegmentedRaftLogWorker close()
2024-01-14 08:11:26,738 [JvmPauseMonitor5] INFO  util.JvmPauseMonitor (JvmPauseMonitor.java:run(152)) - JvmPauseMonitor-ee8156c5-6136-4ec5-812d-3226e59a8f74: Stopped
2024-01-14 08:11:26,944 [50de051d-3e76-4053-aa92-929931ae6eb2-impl-thread1] INFO  segmented.SegmentedRaftLogWorker (SegmentedRaftLogWorker.java:close(245)) - 50de051d-3e76-4053-aa92-929931ae6eb2@group-20C315240F1A-SegmentedRaftLogWorker close()
2024-01-14 08:11:26,945 [JvmPauseMonitor6] INFO  util.JvmPauseMonitor (JvmPauseMonitor.java:run(152)) - JvmPauseMonitor-50de051d-3e76-4053-aa92-929931ae6eb2: Stopped
2024-01-14 08:11:27,223 [577443f1-fefe-41e6-ac50-50037dc50964-impl-thread1] INFO  segmented.SegmentedRaftLogWorker (SegmentedRaftLogWorker.java:close(245)) - 577443f1-fefe-41e6-ac50-50037dc50964@group-666D80A90A34-SegmentedRaftLogWorker close()
2024-01-14 08:11:27,224 [JvmPauseMonitor2] INFO  util.JvmPauseMonitor (JvmPauseMonitor.java:run(152)) - JvmPauseMonitor-577443f1-fefe-41e6-ac50-50037dc50964: Stopped
2024-01-14 08:11:28,523 [main] INFO  utils.DatanodeStoreCache (DatanodeStoreCache.java:shutdownCache(116)) - Skip clearing cache in mini cluster mode. Entries left: [/home/runner/work/ozone/ozone/hadoop-ozone/integration-test/target/test-dir/MiniOzoneClusterImpl-d05e4a2c-755f-4d37-936b-30aea24b9535/datanode-0/data-0/containers/hdds/d05e4a2c-755f-4d37-936b-30aea24b9535/DS-e160db48-6be8-461d-8e4b-8167609f4796/container.db, /home/runner/work/ozone/ozone/hadoop-ozone/integration-test/target/test-dir/MiniOzoneClusterImpl-d05e4a2c-755f-4d37-936b-30aea24b9535/datanode-1/data-0/containers/hdds/d05e4a2c-755f-4d37-936b-30aea24b9535/DS-c9a2a2c6-e25e-4ff8-8bf5-a59608dddbf3/container.db, /home/runner/work/ozone/ozone/hadoop-ozone/integration-test/target/test-dir/MiniOzoneClusterImpl-d05e4a2c-755f-4d37-936b-30aea24b9535/datanode-2/data-0/containers/hdds/d05e4a2c-755f-4d37-936b-30aea24b9535/DS-f96d3292-506a-4c3d-b5b6-6d9dd75e348f/container.db, /home/runner/work/ozone/ozone/hadoop-ozone/integration-test/target/test-dir/MiniOzoneClusterImpl-d05e4a2c-755f-4d37-936b-30aea24b9535/datanode-3/data-0/containers/hdds/d05e4a2c-755f-4d37-936b-30aea24b9535/DS-2d4e649c-e88b-45d9-b253-8acf9b681fee/container.db, /home/runner/work/ozone/ozone/hadoop-ozone/integration-test/target/test-dir/MiniOzoneClusterImpl-d05e4a2c-755f-4d37-936b-30aea24b9535/datanode-4/data-0/containers/hdds/d05e4a2c-755f-4d37-936b-30aea24b9535/DS-00946f18-bc8f-4dae-aa58-04a006dea1b8/container.db]
2024-01-14 08:11:28,523 [ForkJoinPool.commonPool-worker-1] INFO  utils.DatanodeStoreCache (DatanodeStoreCache.java:shutdownCache(116)) - Skip clearing cache in mini cluster mode. Entries left: [/home/runner/work/ozone/ozone/hadoop-ozone/integration-test/target/test-dir/MiniOzoneClusterImpl-d05e4a2c-755f-4d37-936b-30aea24b9535/datanode-0/data-0/containers/hdds/d05e4a2c-755f-4d37-936b-30aea24b9535/DS-e160db48-6be8-461d-8e4b-8167609f4796/container.db, /home/runner/work/ozone/ozone/hadoop-ozone/integration-test/target/test-dir/MiniOzoneClusterImpl-d05e4a2c-755f-4d37-936b-30aea24b9535/datanode-1/data-0/containers/hdds/d05e4a2c-755f-4d37-936b-30aea24b9535/DS-c9a2a2c6-e25e-4ff8-8bf5-a59608dddbf3/container.db, /home/runner/work/ozone/ozone/hadoop-ozone/integration-test/target/test-dir/MiniOzoneClusterImpl-d05e4a2c-755f-4d37-936b-30aea24b9535/datanode-2/data-0/containers/hdds/d05e4a2c-755f-4d37-936b-30aea24b9535/DS-f96d3292-506a-4c3d-b5b6-6d9dd75e348f/container.db, /home/runner/work/ozone/ozone/hadoop-ozone/integration-test/target/test-dir/MiniOzoneClusterImpl-d05e4a2c-755f-4d37-936b-30aea24b9535/datanode-3/data-0/containers/hdds/d05e4a2c-755f-4d37-936b-30aea24b9535/DS-2d4e649c-e88b-45d9-b253-8acf9b681fee/container.db, /home/runner/work/ozone/ozone/hadoop-ozone/integration-test/target/test-dir/MiniOzoneClusterImpl-d05e4a2c-755f-4d37-936b-30aea24b9535/datanode-4/data-0/containers/hdds/d05e4a2c-755f-4d37-936b-30aea24b9535/DS-00946f18-bc8f-4dae-aa58-04a006dea1b8/container.db]
2024-01-14 08:11:28,529 [main] INFO  utils.DatanodeStoreCache (DatanodeStoreCache.java:removeDB(110)) - Removed db /home/runner/work/ozone/ozone/hadoop-ozone/integration-test/target/test-dir/MiniOzoneClusterImpl-d05e4a2c-755f-4d37-936b-30aea24b9535/datanode-2/data-0/containers/hdds/d05e4a2c-755f-4d37-936b-30aea24b9535/DS-f96d3292-506a-4c3d-b5b6-6d9dd75e348f/container.db from cache
2024-01-14 08:11:28,529 [main] INFO  volume.HddsVolume (HddsVolume.java:closeDbStore(451)) - SchemaV3 db is stopped at /home/runner/work/ozone/ozone/hadoop-ozone/integration-test/target/test-dir/MiniOzoneClusterImpl-d05e4a2c-755f-4d37-936b-30aea24b9535/datanode-2/data-0/containers/hdds/d05e4a2c-755f-4d37-936b-30aea24b9535/DS-f96d3292-506a-4c3d-b5b6-6d9dd75e348f/container.db for volume DS-f96d3292-506a-4c3d-b5b6-6d9dd75e348f
2024-01-14 08:11:28,529 [ForkJoinPool.commonPool-worker-1] INFO  utils.DatanodeStoreCache (DatanodeStoreCache.java:removeDB(110)) - Removed db /home/runner/work/ozone/ozone/hadoop-ozone/integration-test/target/test-dir/MiniOzoneClusterImpl-d05e4a2c-755f-4d37-936b-30aea24b9535/datanode-1/data-0/containers/hdds/d05e4a2c-755f-4d37-936b-30aea24b9535/DS-c9a2a2c6-e25e-4ff8-8bf5-a59608dddbf3/container.db from cache
2024-01-14 08:11:28,529 [ForkJoinPool.commonPool-worker-1] INFO  volume.HddsVolume (HddsVolume.java:closeDbStore(451)) - SchemaV3 db is stopped at /home/runner/work/ozone/ozone/hadoop-ozone/integration-test/target/test-dir/MiniOzoneClusterImpl-d05e4a2c-755f-4d37-936b-30aea24b9535/datanode-1/data-0/containers/hdds/d05e4a2c-755f-4d37-936b-30aea24b9535/DS-c9a2a2c6-e25e-4ff8-8bf5-a59608dddbf3/container.db for volume DS-c9a2a2c6-e25e-4ff8-8bf5-a59608dddbf3
2024-01-14 08:11:28,529 [main] INFO  utils.BackgroundService (BackgroundService.java:shutdown(160)) - Shutting down service BlockDeletingService
2024-01-14 08:11:28,530 [main] INFO  utils.BackgroundService (BackgroundService.java:shutdown(160)) - Shutting down service StaleRecoveringContainerScrubbingService
2024-01-14 08:11:28,530 [ForkJoinPool.commonPool-worker-1] INFO  utils.BackgroundService (BackgroundService.java:shutdown(160)) - Shutting down service BlockDeletingService
2024-01-14 08:11:28,530 [ForkJoinPool.commonPool-worker-1] INFO  utils.BackgroundService (BackgroundService.java:shutdown(160)) - Shutting down service StaleRecoveringContainerScrubbingService
2024-01-14 08:11:28,531 [main] INFO  statemachine.DatanodeStateMachine (DatanodeStateMachine.java:stopDaemon(638)) - Ozone container server stopped.
2024-01-14 08:11:28,531 [ForkJoinPool.commonPool-worker-1] INFO  statemachine.DatanodeStateMachine (DatanodeStateMachine.java:stopDaemon(638)) - Ozone container server stopped.
2024-01-14 08:11:28,533 [ForkJoinPool.commonPool-worker-1] INFO  handler.ContextHandler (ContextHandler.java:doStop(1159)) - Stopped o.e.j.w.WebAppContext@4a00533a{hddsDatanode,/,null,STOPPED}{jar:file:/home/runner/.m2/repository/org/apache/ozone/hdds-container-service/1.5.0-SNAPSHOT/hdds-container-service-1.5.0-SNAPSHOT.jar!/webapps/hddsDatanode}
2024-01-14 08:11:28,533 [main] INFO  handler.ContextHandler (ContextHandler.java:doStop(1159)) - Stopped o.e.j.w.WebAppContext@79c8d5c4{hddsDatanode,/,null,STOPPED}{jar:file:/home/runner/.m2/repository/org/apache/ozone/hdds-container-service/1.5.0-SNAPSHOT/hdds-container-service-1.5.0-SNAPSHOT.jar!/webapps/hddsDatanode}
2024-01-14 08:11:28,534 [ForkJoinPool.commonPool-worker-1] INFO  server.AbstractConnector (AbstractConnector.java:doStop(383)) - Stopped ServerConnector@47c07998{HTTP/1.1, (http/1.1)}{0.0.0.0:15018}
2024-01-14 08:11:28,534 [ForkJoinPool.commonPool-worker-1] INFO  server.session (HouseKeeper.java:stopScavenging(149)) - node0 Stopped scavenging
2024-01-14 08:11:28,534 [main] INFO  server.AbstractConnector (AbstractConnector.java:doStop(383)) - Stopped ServerConnector@4c4b1983{HTTP/1.1, (http/1.1)}{0.0.0.0:15027}
2024-01-14 08:11:28,535 [ForkJoinPool.commonPool-worker-1] INFO  handler.ContextHandler (ContextHandler.java:doStop(1159)) - Stopped o.e.j.s.ServletContextHandler@4b840b9d{static,/static,jar:file:/home/runner/.m2/repository/org/apache/ozone/hdds-container-service/1.5.0-SNAPSHOT/hdds-container-service-1.5.0-SNAPSHOT.jar!/webapps/static,STOPPED}
2024-01-14 08:11:28,535 [main] INFO  server.session (HouseKeeper.java:stopScavenging(149)) - node0 Stopped scavenging
2024-01-14 08:11:28,535 [main] INFO  handler.ContextHandler (ContextHandler.java:doStop(1159)) - Stopped o.e.j.s.ServletContextHandler@34e7b058{static,/static,jar:file:/home/runner/.m2/repository/org/apache/ozone/hdds-container-service/1.5.0-SNAPSHOT/hdds-container-service-1.5.0-SNAPSHOT.jar!/webapps/static,STOPPED}
2024-01-14 08:11:28,535 [main] INFO  handler.ContextHandler (ContextHandler.java:doStop(1159)) - Stopped o.e.j.s.ServletContextHandler@2a5c756f{logs,/logs,file:///home/runner/work/ozone/ozone/hadoop-ozone/integration-test/target/log,STOPPED}
2024-01-14 08:11:28,538 [ForkJoinPool.commonPool-worker-1] INFO  handler.ContextHandler (ContextHandler.java:doStop(1159)) - Stopped o.e.j.s.ServletContextHandler@3a166435{logs,/logs,file:///home/runner/work/ozone/ozone/hadoop-ozone/integration-test/target/log,STOPPED}
2024-01-14 08:11:28,539 [main] INFO  ozone.HddsDatanodeClientProtocolServer (HddsDatanodeClientProtocolServer.java:stop(78)) - Stopping the RPC server for Client Protocol
2024-01-14 08:11:28,539 [main] INFO  ipc.Server (Server.java:stop(3523)) - Stopping server on 15028
2024-01-14 08:11:28,539 [ForkJoinPool.commonPool-worker-1] INFO  ozone.HddsDatanodeClientProtocolServer (HddsDatanodeClientProtocolServer.java:stop(78)) - Stopping the RPC server for Client Protocol
2024-01-14 08:11:28,541 [ForkJoinPool.commonPool-worker-1] INFO  ipc.Server (Server.java:stop(3523)) - Stopping server on 15019
2024-01-14 08:11:28,541 [IPC Server listener on 15019] INFO  ipc.Server (Server.java:run(1434)) - Stopping IPC Server listener on 15019
2024-01-14 08:11:28,541 [IPC Server listener on 15028] INFO  ipc.Server (Server.java:run(1434)) - Stopping IPC Server listener on 15028
2024-01-14 08:11:28,543 [IPC Server Responder] INFO  ipc.Server (Server.java:run(1567)) - Stopping IPC Server Responder
2024-01-14 08:11:28,543 [IPC Server Responder] INFO  ipc.Server (Server.java:run(1567)) - Stopping IPC Server Responder
2024-01-14 08:11:28,741 [ForkJoinPool.commonPool-worker-3] INFO  utils.DatanodeStoreCache (DatanodeStoreCache.java:shutdownCache(116)) - Skip clearing cache in mini cluster mode. Entries left: [/home/runner/work/ozone/ozone/hadoop-ozone/integration-test/target/test-dir/MiniOzoneClusterImpl-d05e4a2c-755f-4d37-936b-30aea24b9535/datanode-0/data-0/containers/hdds/d05e4a2c-755f-4d37-936b-30aea24b9535/DS-e160db48-6be8-461d-8e4b-8167609f4796/container.db, /home/runner/work/ozone/ozone/hadoop-ozone/integration-test/target/test-dir/MiniOzoneClusterImpl-d05e4a2c-755f-4d37-936b-30aea24b9535/datanode-3/data-0/containers/hdds/d05e4a2c-755f-4d37-936b-30aea24b9535/DS-2d4e649c-e88b-45d9-b253-8acf9b681fee/container.db, /home/runner/work/ozone/ozone/hadoop-ozone/integration-test/target/test-dir/MiniOzoneClusterImpl-d05e4a2c-755f-4d37-936b-30aea24b9535/datanode-4/data-0/containers/hdds/d05e4a2c-755f-4d37-936b-30aea24b9535/DS-00946f18-bc8f-4dae-aa58-04a006dea1b8/container.db]
2024-01-14 08:11:28,743 [ForkJoinPool.commonPool-worker-3] INFO  utils.DatanodeStoreCache (DatanodeStoreCache.java:removeDB(110)) - Removed db /home/runner/work/ozone/ozone/hadoop-ozone/integration-test/target/test-dir/MiniOzoneClusterImpl-d05e4a2c-755f-4d37-936b-30aea24b9535/datanode-3/data-0/containers/hdds/d05e4a2c-755f-4d37-936b-30aea24b9535/DS-2d4e649c-e88b-45d9-b253-8acf9b681fee/container.db from cache
2024-01-14 08:11:28,743 [ForkJoinPool.commonPool-worker-3] INFO  volume.HddsVolume (HddsVolume.java:closeDbStore(451)) - SchemaV3 db is stopped at /home/runner/work/ozone/ozone/hadoop-ozone/integration-test/target/test-dir/MiniOzoneClusterImpl-d05e4a2c-755f-4d37-936b-30aea24b9535/datanode-3/data-0/containers/hdds/d05e4a2c-755f-4d37-936b-30aea24b9535/DS-2d4e649c-e88b-45d9-b253-8acf9b681fee/container.db for volume DS-2d4e649c-e88b-45d9-b253-8acf9b681fee
2024-01-14 08:11:28,744 [ForkJoinPool.commonPool-worker-3] INFO  utils.BackgroundService (BackgroundService.java:shutdown(160)) - Shutting down service BlockDeletingService
2024-01-14 08:11:28,744 [ForkJoinPool.commonPool-worker-3] INFO  utils.BackgroundService (BackgroundService.java:shutdown(160)) - Shutting down service StaleRecoveringContainerScrubbingService
2024-01-14 08:11:28,745 [ForkJoinPool.commonPool-worker-3] INFO  statemachine.DatanodeStateMachine (DatanodeStateMachine.java:stopDaemon(638)) - Ozone container server stopped.
2024-01-14 08:11:28,746 [ForkJoinPool.commonPool-worker-3] INFO  handler.ContextHandler (ContextHandler.java:doStop(1159)) - Stopped o.e.j.w.WebAppContext@49844b14{hddsDatanode,/,null,STOPPED}{jar:file:/home/runner/.m2/repository/org/apache/ozone/hdds-container-service/1.5.0-SNAPSHOT/hdds-container-service-1.5.0-SNAPSHOT.jar!/webapps/hddsDatanode}
2024-01-14 08:11:28,747 [ForkJoinPool.commonPool-worker-3] INFO  server.AbstractConnector (AbstractConnector.java:doStop(383)) - Stopped ServerConnector@12bef203{HTTP/1.1, (http/1.1)}{0.0.0.0:15036}
2024-01-14 08:11:28,747 [ForkJoinPool.commonPool-worker-3] INFO  server.session (HouseKeeper.java:stopScavenging(149)) - node0 Stopped scavenging
2024-01-14 08:11:28,747 [ForkJoinPool.commonPool-worker-3] INFO  handler.ContextHandler (ContextHandler.java:doStop(1159)) - Stopped o.e.j.s.ServletContextHandler@208d1388{static,/static,jar:file:/home/runner/.m2/repository/org/apache/ozone/hdds-container-service/1.5.0-SNAPSHOT/hdds-container-service-1.5.0-SNAPSHOT.jar!/webapps/static,STOPPED}
2024-01-14 08:11:28,748 [ForkJoinPool.commonPool-worker-3] INFO  handler.ContextHandler (ContextHandler.java:doStop(1159)) - Stopped o.e.j.s.ServletContextHandler@dfb8c98{logs,/logs,file:///home/runner/work/ozone/ozone/hadoop-ozone/integration-test/target/log,STOPPED}
2024-01-14 08:11:28,748 [ForkJoinPool.commonPool-worker-3] INFO  ozone.HddsDatanodeClientProtocolServer (HddsDatanodeClientProtocolServer.java:stop(78)) - Stopping the RPC server for Client Protocol
2024-01-14 08:11:28,749 [ForkJoinPool.commonPool-worker-3] INFO  ipc.Server (Server.java:stop(3523)) - Stopping server on 15037
2024-01-14 08:11:28,749 [IPC Server listener on 15037] INFO  ipc.Server (Server.java:run(1434)) - Stopping IPC Server listener on 15037
2024-01-14 08:11:28,749 [IPC Server Responder] INFO  ipc.Server (Server.java:run(1567)) - Stopping IPC Server Responder
2024-01-14 08:11:28,947 [ForkJoinPool.commonPool-worker-0] INFO  utils.DatanodeStoreCache (DatanodeStoreCache.java:shutdownCache(116)) - Skip clearing cache in mini cluster mode. Entries left: [/home/runner/work/ozone/ozone/hadoop-ozone/integration-test/target/test-dir/MiniOzoneClusterImpl-d05e4a2c-755f-4d37-936b-30aea24b9535/datanode-0/data-0/containers/hdds/d05e4a2c-755f-4d37-936b-30aea24b9535/DS-e160db48-6be8-461d-8e4b-8167609f4796/container.db, /home/runner/work/ozone/ozone/hadoop-ozone/integration-test/target/test-dir/MiniOzoneClusterImpl-d05e4a2c-755f-4d37-936b-30aea24b9535/datanode-4/data-0/containers/hdds/d05e4a2c-755f-4d37-936b-30aea24b9535/DS-00946f18-bc8f-4dae-aa58-04a006dea1b8/container.db]
2024-01-14 08:11:28,949 [ForkJoinPool.commonPool-worker-0] INFO  utils.DatanodeStoreCache (DatanodeStoreCache.java:removeDB(110)) - Removed db /home/runner/work/ozone/ozone/hadoop-ozone/integration-test/target/test-dir/MiniOzoneClusterImpl-d05e4a2c-755f-4d37-936b-30aea24b9535/datanode-4/data-0/containers/hdds/d05e4a2c-755f-4d37-936b-30aea24b9535/DS-00946f18-bc8f-4dae-aa58-04a006dea1b8/container.db from cache
2024-01-14 08:11:28,949 [ForkJoinPool.commonPool-worker-0] INFO  volume.HddsVolume (HddsVolume.java:closeDbStore(451)) - SchemaV3 db is stopped at /home/runner/work/ozone/ozone/hadoop-ozone/integration-test/target/test-dir/MiniOzoneClusterImpl-d05e4a2c-755f-4d37-936b-30aea24b9535/datanode-4/data-0/containers/hdds/d05e4a2c-755f-4d37-936b-30aea24b9535/DS-00946f18-bc8f-4dae-aa58-04a006dea1b8/container.db for volume DS-00946f18-bc8f-4dae-aa58-04a006dea1b8
2024-01-14 08:11:28,949 [ForkJoinPool.commonPool-worker-0] INFO  utils.BackgroundService (BackgroundService.java:shutdown(160)) - Shutting down service BlockDeletingService
2024-01-14 08:11:28,949 [ForkJoinPool.commonPool-worker-0] INFO  utils.BackgroundService (BackgroundService.java:shutdown(160)) - Shutting down service StaleRecoveringContainerScrubbingService
2024-01-14 08:11:28,950 [ForkJoinPool.commonPool-worker-0] INFO  statemachine.DatanodeStateMachine (DatanodeStateMachine.java:stopDaemon(638)) - Ozone container server stopped.
2024-01-14 08:11:28,951 [ForkJoinPool.commonPool-worker-0] INFO  handler.ContextHandler (ContextHandler.java:doStop(1159)) - Stopped o.e.j.w.WebAppContext@11503097{hddsDatanode,/,null,STOPPED}{jar:file:/home/runner/.m2/repository/org/apache/ozone/hdds-container-service/1.5.0-SNAPSHOT/hdds-container-service-1.5.0-SNAPSHOT.jar!/webapps/hddsDatanode}
2024-01-14 08:11:28,952 [ForkJoinPool.commonPool-worker-0] INFO  server.AbstractConnector (AbstractConnector.java:doStop(383)) - Stopped ServerConnector@17e23aa8{HTTP/1.1, (http/1.1)}{0.0.0.0:15045}
2024-01-14 08:11:28,952 [ForkJoinPool.commonPool-worker-0] INFO  server.session (HouseKeeper.java:stopScavenging(149)) - node0 Stopped scavenging
2024-01-14 08:11:28,953 [ForkJoinPool.commonPool-worker-0] INFO  handler.ContextHandler (ContextHandler.java:doStop(1159)) - Stopped o.e.j.s.ServletContextHandler@6608ecac{static,/static,jar:file:/home/runner/.m2/repository/org/apache/ozone/hdds-container-service/1.5.0-SNAPSHOT/hdds-container-service-1.5.0-SNAPSHOT.jar!/webapps/static,STOPPED}
2024-01-14 08:11:28,953 [ForkJoinPool.commonPool-worker-0] INFO  handler.ContextHandler (ContextHandler.java:doStop(1159)) - Stopped o.e.j.s.ServletContextHandler@5e3aa20f{logs,/logs,file:///home/runner/work/ozone/ozone/hadoop-ozone/integration-test/target/log,STOPPED}
2024-01-14 08:11:28,954 [ForkJoinPool.commonPool-worker-0] INFO  ozone.HddsDatanodeClientProtocolServer (HddsDatanodeClientProtocolServer.java:stop(78)) - Stopping the RPC server for Client Protocol
2024-01-14 08:11:28,954 [ForkJoinPool.commonPool-worker-0] INFO  ipc.Server (Server.java:stop(3523)) - Stopping server on 15046
2024-01-14 08:11:28,955 [IPC Server listener on 15046] INFO  ipc.Server (Server.java:run(1434)) - Stopping IPC Server listener on 15046
2024-01-14 08:11:28,955 [IPC Server Responder] INFO  ipc.Server (Server.java:run(1567)) - Stopping IPC Server Responder
2024-01-14 08:11:29,226 [ForkJoinPool.commonPool-worker-2] INFO  utils.DatanodeStoreCache (DatanodeStoreCache.java:shutdownCache(116)) - Skip clearing cache in mini cluster mode. Entries left: [/home/runner/work/ozone/ozone/hadoop-ozone/integration-test/target/test-dir/MiniOzoneClusterImpl-d05e4a2c-755f-4d37-936b-30aea24b9535/datanode-0/data-0/containers/hdds/d05e4a2c-755f-4d37-936b-30aea24b9535/DS-e160db48-6be8-461d-8e4b-8167609f4796/container.db]
2024-01-14 08:11:29,228 [ForkJoinPool.commonPool-worker-2] INFO  utils.DatanodeStoreCache (DatanodeStoreCache.java:removeDB(110)) - Removed db /home/runner/work/ozone/ozone/hadoop-ozone/integration-test/target/test-dir/MiniOzoneClusterImpl-d05e4a2c-755f-4d37-936b-30aea24b9535/datanode-0/data-0/containers/hdds/d05e4a2c-755f-4d37-936b-30aea24b9535/DS-e160db48-6be8-461d-8e4b-8167609f4796/container.db from cache
2024-01-14 08:11:29,228 [ForkJoinPool.commonPool-worker-2] INFO  volume.HddsVolume (HddsVolume.java:closeDbStore(451)) - SchemaV3 db is stopped at /home/runner/work/ozone/ozone/hadoop-ozone/integration-test/target/test-dir/MiniOzoneClusterImpl-d05e4a2c-755f-4d37-936b-30aea24b9535/datanode-0/data-0/containers/hdds/d05e4a2c-755f-4d37-936b-30aea24b9535/DS-e160db48-6be8-461d-8e4b-8167609f4796/container.db for volume DS-e160db48-6be8-461d-8e4b-8167609f4796
2024-01-14 08:11:29,228 [ForkJoinPool.commonPool-worker-2] INFO  utils.BackgroundService (BackgroundService.java:shutdown(160)) - Shutting down service BlockDeletingService
2024-01-14 08:11:29,229 [ForkJoinPool.commonPool-worker-2] INFO  utils.BackgroundService (BackgroundService.java:shutdown(160)) - Shutting down service StaleRecoveringContainerScrubbingService
2024-01-14 08:11:29,229 [ForkJoinPool.commonPool-worker-2] INFO  statemachine.DatanodeStateMachine (DatanodeStateMachine.java:stopDaemon(638)) - Ozone container server stopped.
2024-01-14 08:11:29,230 [ForkJoinPool.commonPool-worker-2] INFO  handler.ContextHandler (ContextHandler.java:doStop(1159)) - Stopped o.e.j.w.WebAppContext@6982cb46{hddsDatanode,/,null,STOPPED}{jar:file:/home/runner/.m2/repository/org/apache/ozone/hdds-container-service/1.5.0-SNAPSHOT/hdds-container-service-1.5.0-SNAPSHOT.jar!/webapps/hddsDatanode}
2024-01-14 08:11:29,231 [ForkJoinPool.commonPool-worker-2] INFO  server.AbstractConnector (AbstractConnector.java:doStop(383)) - Stopped ServerConnector@10adc98e{HTTP/1.1, (http/1.1)}{0.0.0.0:15009}
2024-01-14 08:11:29,231 [ForkJoinPool.commonPool-worker-2] INFO  server.session (HouseKeeper.java:stopScavenging(149)) - node0 Stopped scavenging
2024-01-14 08:11:29,231 [ForkJoinPool.commonPool-worker-2] INFO  handler.ContextHandler (ContextHandler.java:doStop(1159)) - Stopped o.e.j.s.ServletContextHandler@31f749fa{static,/static,jar:file:/home/runner/.m2/repository/org/apache/ozone/hdds-container-service/1.5.0-SNAPSHOT/hdds-container-service-1.5.0-SNAPSHOT.jar!/webapps/static,STOPPED}
2024-01-14 08:11:29,232 [ForkJoinPool.commonPool-worker-2] INFO  handler.ContextHandler (ContextHandler.java:doStop(1159)) - Stopped o.e.j.s.ServletContextHandler@23c3fdd5{logs,/logs,file:///home/runner/work/ozone/ozone/hadoop-ozone/integration-test/target/log,STOPPED}
2024-01-14 08:11:29,232 [ForkJoinPool.commonPool-worker-2] INFO  ozone.HddsDatanodeClientProtocolServer (HddsDatanodeClientProtocolServer.java:stop(78)) - Stopping the RPC server for Client Protocol
2024-01-14 08:11:29,233 [ForkJoinPool.commonPool-worker-2] INFO  ipc.Server (Server.java:stop(3523)) - Stopping server on 15010
2024-01-14 08:11:29,234 [IPC Server listener on 15010] INFO  ipc.Server (Server.java:run(1434)) - Stopping IPC Server listener on 15010
2024-01-14 08:11:29,234 [IPC Server Responder] INFO  ipc.Server (Server.java:run(1567)) - Stopping IPC Server Responder
2024-01-14 08:11:29,235 [main] INFO  ozone.MiniOzoneClusterImpl (MiniOzoneClusterImpl.java:stopSCM(550)) - Stopping the StorageContainerManager
2024-01-14 08:11:29,235 [main] INFO  server.StorageContainerManager (StorageContainerManager.java:stop(1654)) - Container Balancer is not running.
2024-01-14 08:11:29,235 [main] INFO  server.StorageContainerManager (StorageContainerManager.java:stopReplicationManager(1787)) - Stopping Replication Manager Service.
2024-01-14 08:11:29,235 [main] INFO  replication.ReplicationManager (ReplicationManager.java:stop(326)) - Stopping Replication Monitor Thread.
2024-01-14 08:11:29,235 [main] INFO  server.StorageContainerManager (StorageContainerManager.java:stop(1663)) - Stopping the Datanode Admin Monitor.
2024-01-14 08:11:29,235 [ReplicationMonitor] INFO  replication.ReplicationManager (ReplicationManager.java:run(933)) - Replication Monitor Thread is stopped
2024-01-14 08:11:29,236 [OverReplicatedProcessor] WARN  replication.UnhealthyReplicationProcessor (UnhealthyReplicationProcessor.java:run(180)) - OverReplicatedProcessor interrupted. Exiting...
2024-01-14 08:11:29,235 [UnderReplicatedProcessor] WARN  replication.UnhealthyReplicationProcessor (UnhealthyReplicationProcessor.java:run(180)) - UnderReplicatedProcessor interrupted. Exiting...
2024-01-14 08:11:29,236 [main] INFO  server.StorageContainerManager (StorageContainerManager.java:stop(1670)) - Stopping datanode service RPC server
2024-01-14 08:11:29,236 [main] INFO  server.SCMDatanodeProtocolServer (SCMDatanodeProtocolServer.java:stop(425)) - Stopping the RPC server for DataNodes
2024-01-14 08:11:29,236 [main] INFO  ipc.Server (Server.java:stop(3523)) - Stopping server on 15002
2024-01-14 08:11:29,239 [IPC Server listener on 15002] INFO  ipc.Server (Server.java:run(1434)) - Stopping IPC Server listener on 15002
2024-01-14 08:11:29,239 [IPC Server Responder] INFO  ipc.Server (Server.java:run(1567)) - Stopping IPC Server Responder
2024-01-14 08:11:29,241 [SCMHeartbeatProcessor-0] WARN  node.NodeStateManager (NodeStateManager.java:scheduleNextHealthCheck(878)) - Current Thread is interrupted, shutting down HB processing thread for Node Manager.
2024-01-14 08:11:29,242 [main] INFO  server.StorageContainerManager (StorageContainerManager.java:stop(1678)) - Stopping block service RPC server
2024-01-14 08:11:29,242 [main] INFO  server.SCMBlockProtocolServer (SCMBlockProtocolServer.java:stop(169)) - Stopping the RPC server for Block Protocol
2024-01-14 08:11:29,242 [main] INFO  ipc.Server (Server.java:stop(3523)) - Stopping server on 15001
2024-01-14 08:11:29,244 [IPC Server listener on 15001] INFO  ipc.Server (Server.java:run(1434)) - Stopping IPC Server listener on 15001
2024-01-14 08:11:29,244 [main] INFO  server.StorageContainerManager (StorageContainerManager.java:stop(1685)) - Stopping the StorageContainerLocationProtocol RPC server
2024-01-14 08:11:29,245 [IPC Server Responder] INFO  ipc.Server (Server.java:run(1567)) - Stopping IPC Server Responder
2024-01-14 08:11:29,245 [main] INFO  server.SCMClientProtocolServer (SCMClientProtocolServer.java:stop(211)) - Stopping the RPC server for Client Protocol
2024-01-14 08:11:29,245 [main] INFO  ipc.Server (Server.java:stop(3523)) - Stopping server on 15000
2024-01-14 08:11:29,248 [main] INFO  server.StorageContainerManager (StorageContainerManager.java:stop(1692)) - Stopping Storage Container Manager HTTP server.
2024-01-14 08:11:29,248 [IPC Server Responder] INFO  ipc.Server (Server.java:run(1567)) - Stopping IPC Server Responder
2024-01-14 08:11:29,248 [IPC Server listener on 15000] INFO  ipc.Server (Server.java:run(1434)) - Stopping IPC Server listener on 15000
2024-01-14 08:11:29,249 [main] INFO  handler.ContextHandler (ContextHandler.java:doStop(1159)) - Stopped o.e.j.w.WebAppContext@3f803fae{scm,/,null,STOPPED}{file:/home/runner/work/ozone/ozone/hadoop-ozone/integration-test/target/test-classes/webapps/scm}
2024-01-14 08:11:29,250 [main] INFO  server.AbstractConnector (AbstractConnector.java:doStop(383)) - Stopped ServerConnector@b257072{HTTP/1.1, (http/1.1)}{0.0.0.0:15003}
2024-01-14 08:11:29,250 [main] INFO  server.session (HouseKeeper.java:stopScavenging(149)) - node0 Stopped scavenging
2024-01-14 08:11:29,250 [main] INFO  handler.ContextHandler (ContextHandler.java:doStop(1159)) - Stopped o.e.j.s.ServletContextHandler@6ee34fe4{static,/static,file:///home/runner/work/ozone/ozone/hadoop-ozone/integration-test/target/test-classes/webapps/static,STOPPED}
2024-01-14 08:11:29,251 [main] INFO  handler.ContextHandler (ContextHandler.java:doStop(1159)) - Stopped o.e.j.s.ServletContextHandler@53d3d604{logs,/logs,file:///home/runner/work/ozone/ozone/hadoop-ozone/integration-test/target/log,STOPPED}
2024-01-14 08:11:29,251 [main] INFO  server.StorageContainerManager (StorageContainerManager.java:stop(1700)) - Stopping SCM LayoutVersionManager Service.
2024-01-14 08:11:29,252 [main] INFO  server.StorageContainerManager (StorageContainerManager.java:stop(1712)) - Stopping Block Manager Service.
2024-01-14 08:11:29,252 [main] INFO  utils.BackgroundService (BackgroundService.java:shutdown(160)) - Shutting down service SCMBlockDeletingService
2024-01-14 08:11:29,252 [main] INFO  utils.BackgroundService (BackgroundService.java:shutdown(160)) - Shutting down service SCMBlockDeletingService
2024-01-14 08:11:29,253 [main] INFO  server.StorageContainerManager (StorageContainerManager.java:stop(1732)) - Stopping SCM Event Queue.
2024-01-14 08:11:29,254 [JvmPauseMonitor0] INFO  util.JvmPauseMonitor (JvmPauseMonitor.java:run(152)) - JvmPauseMonitor-2583f957-92f0-4461-bedf-3c798cef980c: Stopped
2024-01-14 08:11:29,254 [main] INFO  server.StorageContainerManager (StorageContainerManager.java:stop(1743)) - Stopping SCM HA services.
2024-01-14 08:11:29,255 [main] INFO  pipeline.BackgroundPipelineCreator (BackgroundPipelineCreator.java:stop(152)) - Stopping RatisPipelineUtilsThread.
2024-01-14 08:11:29,255 [RatisPipelineUtilsThread-0] WARN  pipeline.BackgroundPipelineCreator (BackgroundPipelineCreator.java:run(183)) - RatisPipelineUtilsThread is interrupted.
2024-01-14 08:11:29,255 [main] INFO  BackgroundPipelineScrubber (BackgroundSCMService.java:stop(131)) - Stopping BackgroundPipelineScrubber Service.
2024-01-14 08:11:29,255 [BackgroundPipelineScrubber] WARN  BackgroundPipelineScrubber (BackgroundSCMService.java:run(115)) - BackgroundPipelineScrubber is interrupted, exit
2024-01-14 08:11:29,256 [main] INFO  impl.MetricsSystemImpl (MetricsSystemImpl.java:stop(210)) - Stopping XceiverClientMetrics metrics system...
2024-01-14 08:11:29,257 [prometheus] INFO  impl.MetricsSinkAdapter (MetricsSinkAdapter.java:publishMetricsFromQueue(141)) - prometheus thread interrupted.
2024-01-14 08:11:29,258 [main] INFO  impl.MetricsSystemImpl (MetricsSystemImpl.java:stop(216)) - XceiverClientMetrics metrics system stopped.
2024-01-14 08:11:29,258 [main] WARN  pipeline.BackgroundPipelineCreator (BackgroundPipelineCreator.java:stop(148)) - RatisPipelineUtilsThread is not running, just ignore.
2024-01-14 08:11:29,258 [main] INFO  BackgroundPipelineScrubber (BackgroundSCMService.java:stop(126)) - BackgroundPipelineScrubber Service is not running, skip stop.
2024-01-14 08:11:29,259 [main] INFO  ExpiredContainerReplicaOpScrubber (BackgroundSCMService.java:stop(131)) - Stopping ExpiredContainerReplicaOpScrubber Service.
2024-01-14 08:11:29,259 [main] INFO  utils.BackgroundService (BackgroundService.java:shutdown(160)) - Shutting down service SCMBlockDeletingService
2024-01-14 08:11:29,259 [main] INFO  replication.ReplicationManager (ReplicationManager.java:stop(336)) - Replication Monitor Thread is not running.
2024-01-14 08:11:29,259 [ExpiredContainerReplicaOpScrubber] WARN  ExpiredContainerReplicaOpScrubber (BackgroundSCMService.java:run(115)) - ExpiredContainerReplicaOpScrubber is interrupted, exit
2024-01-14 08:11:29,259 [main] WARN  balancer.ContainerBalancer (ContainerBalancer.java:stop(327)) - Cannot stop Container Balancer because it's not running or stopping
2024-01-14 08:11:29,259 [LeaseManager#LeaseMonitor] WARN  lease.LeaseManager (LeaseManager.java:run(287)) - Lease manager is interrupted. Shutting down...
java.lang.InterruptedException
	at java.util.concurrent.locks.AbstractQueuedSynchronizer.doAcquireSharedNanos(AbstractQueuedSynchronizer.java:1039)
	at java.util.concurrent.locks.AbstractQueuedSynchronizer.tryAcquireSharedNanos(AbstractQueuedSynchronizer.java:1328)
	at java.util.concurrent.Semaphore.tryAcquire(Semaphore.java:409)
	at org.apache.hadoop.ozone.lease.LeaseManager$LeaseMonitor.run(LeaseManager.java:285)
	at java.lang.Thread.run(Thread.java:750)
2024-01-14 08:11:29,259 [main] INFO  server.StorageContainerManager (StorageContainerManager.java:stop(1778)) - Stopping SCM MetadataStore.
]]></system-out>
  </testcase>
  <testcase name="testReleaseBuffersOnException" classname="org.apache.hadoop.hdds.scm.storage.TestCommitWatcher" time="30.555">
    <error message="org.apache.ratis.protocol.exceptions.AlreadyClosedException: SlidingWindow$Client:client-DAAC435EC2A3-&gt;RAFT is closed." type="java.util.concurrent.ExecutionException"><![CDATA[java.util.concurrent.ExecutionException: org.apache.ratis.protocol.exceptions.AlreadyClosedException: SlidingWindow$Client:client-DAAC435EC2A3->RAFT is closed.
	at java.util.concurrent.CompletableFuture.reportGet(CompletableFuture.java:357)
	at java.util.concurrent.CompletableFuture.get(CompletableFuture.java:1908)
	at org.apache.hadoop.hdds.scm.storage.TestCommitWatcher.testReleaseBuffersOnException(TestCommitWatcher.java:294)
	at java.lang.reflect.Method.invoke(Method.java:498)
	at java.util.ArrayList.forEach(ArrayList.java:1259)
	at java.util.ArrayList.forEach(ArrayList.java:1259)
Caused by: org.apache.ratis.protocol.exceptions.AlreadyClosedException: SlidingWindow$Client:client-DAAC435EC2A3->RAFT is closed.
	at org.apache.ratis.util.SlidingWindow$Client.alreadyClosed(SlidingWindow.java:406)
	at org.apache.ratis.util.SlidingWindow$Client.fail(SlidingWindow.java:394)
	at org.apache.ratis.client.impl.OrderedAsync.failAllAsyncRequests(OrderedAsync.java:149)
	at org.apache.ratis.client.impl.OrderedAsync.handleAsyncRetryFailure(OrderedAsync.java:153)
	at org.apache.ratis.client.impl.OrderedAsync.lambda$sendRequest$9(OrderedAsync.java:253)
	at java.util.concurrent.CompletableFuture.uniExceptionally(CompletableFuture.java:884)
	at java.util.concurrent.CompletableFuture$UniExceptionally.tryFire(CompletableFuture.java:866)
	at java.util.concurrent.CompletableFuture.postComplete(CompletableFuture.java:488)
	at java.util.concurrent.CompletableFuture.completeExceptionally(CompletableFuture.java:1990)
	at org.apache.ratis.grpc.client.GrpcClientProtocolClient$AsyncStreamObservers.completeReplyExceptionally(GrpcClientProtocolClient.java:394)
	at org.apache.ratis.grpc.client.GrpcClientProtocolClient$AsyncStreamObservers.access$000(GrpcClientProtocolClient.java:300)
	at org.apache.ratis.grpc.client.GrpcClientProtocolClient$AsyncStreamObservers$1.onNext(GrpcClientProtocolClient.java:314)
	at org.apache.ratis.grpc.client.GrpcClientProtocolClient$AsyncStreamObservers$1.onNext(GrpcClientProtocolClient.java:305)
	at org.apache.ratis.thirdparty.io.grpc.stub.ClientCalls$StreamObserverToCallListenerAdapter.onMessage(ClientCalls.java:468)
	at org.apache.ratis.thirdparty.io.grpc.ForwardingClientCallListener.onMessage(ForwardingClientCallListener.java:33)
	at org.apache.ratis.thirdparty.io.grpc.internal.DelayedClientCall$DelayedListener.onMessage(DelayedClientCall.java:473)
	at org.apache.ratis.thirdparty.io.grpc.internal.ClientCallImpl$ClientStreamListenerImpl$1MessagesAvailable.runInternal(ClientCallImpl.java:660)
	at org.apache.ratis.thirdparty.io.grpc.internal.ClientCallImpl$ClientStreamListenerImpl$1MessagesAvailable.runInContext(ClientCallImpl.java:647)
	at org.apache.ratis.thirdparty.io.grpc.internal.ContextRunnable.run(ContextRunnable.java:37)
	at org.apache.ratis.thirdparty.io.grpc.internal.SerializingExecutor.run(SerializingExecutor.java:133)
	at java.util.concurrent.ThreadPoolExecutor.runWorker(ThreadPoolExecutor.java:1149)
	at java.util.concurrent.ThreadPoolExecutor$Worker.run(ThreadPoolExecutor.java:624)
	at java.lang.Thread.run(Thread.java:750)
Caused by: org.apache.ratis.protocol.exceptions.RaftRetryFailureException: Failed RaftClientRequest:client-DAAC435EC2A3->5f8e001a-8213-4762-a64f-c492c0fad8a7@group-EA54333CD795, cid=26, seq=1*, Watch(0), null for 3 attempts with RequestTypeDependentRetryPolicy{WRITE->ExceptionDependentRetry(maxAttempts=2147483647; defaultPolicy=MultipleLinearRandomRetry[5x5s, 5x10s, 5x15s, 5x20s, 5x25s, 10x60s]; map={org.apache.ratis.protocol.exceptions.GroupMismatchException->NoRetry, org.apache.ratis.protocol.exceptions.NotReplicatedException->NoRetry, org.apache.ratis.protocol.exceptions.ResourceUnavailableException->org.apache.ratis.retry.ExponentialBackoffRetry@349ca5df, org.apache.ratis.protocol.exceptions.StateMachineException->NoRetry, org.apache.ratis.protocol.exceptions.TimeoutIOException->org.apache.ratis.retry.ExponentialBackoffRetry@349ca5df}), WATCH->ExceptionDependentRetry(maxAttempts=2147483647; defaultPolicy=MultipleLinearRandomRetry[5x5s, 5x10s, 5x15s, 5x20s, 5x25s, 10x60s]; map={org.apache.ratis.protocol.exceptions.GroupMismatchException->NoRetry, org.apache.ratis.protocol.exceptions.NotReplicatedException->NoRetry, org.apache.ratis.protocol.exceptions.ResourceUnavailableException->org.apache.ratis.retry.ExponentialBackoffRetry@349ca5df, org.apache.ratis.protocol.exceptions.StateMachineException->NoRetry, org.apache.ratis.protocol.exceptions.TimeoutIOException->NoRetry})}
	at org.apache.ratis.client.impl.RaftClientImpl.noMoreRetries(RaftClientImpl.java:353)
	... 20 more
Caused by: org.apache.ratis.protocol.exceptions.NotLeaderException: Server 5f8e001a-8213-4762-a64f-c492c0fad8a7@group-EA54333CD795 is not the leader 023fb60a-00b7-42be-9ceb-f38531668441|10.1.0.100:15076
	at org.apache.ratis.client.impl.ClientProtoUtils.toRaftClientReply(ClientProtoUtils.java:397)
	at org.apache.ratis.grpc.client.GrpcClientProtocolClient$AsyncStreamObservers$1.onNext(GrpcClientProtocolClient.java:310)
	... 11 more
]]></error>
    <system-out><![CDATA[2024-01-14 08:11:29,331 [main] WARN  server.ServerUtils (ServerUtils.java:getScmDbDir(155)) - ozone.scm.db.dirs is not configured. We recommend adding this setting. Falling back to ozone.metadata.dirs instead.
2024-01-14 08:11:29,334 [main] WARN  server.ServerUtils (ServerUtils.java:getScmDbDir(155)) - ozone.scm.db.dirs is not configured. We recommend adding this setting. Falling back to ozone.metadata.dirs instead.
2024-01-14 08:11:29,335 [main] INFO  ha.SCMHANodeDetails (SCMHANodeDetails.java:loadSCMHAConfig(207)) - ServiceID for StorageContainerManager is null
2024-01-14 08:11:29,335 [main] INFO  ha.SCMHANodeDetails (SCMHANodeDetails.java:loadSCMHAConfig(212)) - ozone.scm.default.service.id is not defined, falling back to ozone.scm.service.ids to find serviceID for StorageContainerManager if it is HA enabled cluster
2024-01-14 08:11:29,336 [main] WARN  utils.HAUtils (HAUtils.java:getMetaDir(339)) - ozone.scm.db.dirs is not configured. We recommend adding this setting. Falling back to ozone.metadata.dirs instead.
2024-01-14 08:11:29,336 [main] WARN  db.DBStoreBuilder (DBStoreBuilder.java:applyDBDefinition(167)) - ozone.scm.db.dirs is not configured. We recommend adding this setting. Falling back to ozone.metadata.dirs instead.
2024-01-14 08:11:29,420 [main] INFO  net.NodeSchemaLoader (NodeSchemaLoader.java:loadSchemaFromFile(129)) - Loading schema from [jar:file:/home/runner/.m2/repository/org/apache/ozone/hdds-common/1.5.0-SNAPSHOT/hdds-common-1.5.0-SNAPSHOT.jar!/network-topology-default.xml]
2024-01-14 08:11:29,420 [main] INFO  net.NodeSchemaLoader (NodeSchemaLoader.java:loadSchema(176)) - Loading network topology layer schema file
2024-01-14 08:11:29,423 [main] INFO  upgrade.AbstractLayoutVersionManager (AbstractLayoutVersionManager.java:init(83)) - Initializing Layout version manager with metadata layout = HADOOP_PRC_PORTS_IN_DATANODEDETAILS (version = 7), software layout = HADOOP_PRC_PORTS_IN_DATANODEDETAILS (version = 7)
2024-01-14 08:11:29,425 [main] INFO  ha.SequenceIdGenerator (SequenceIdGenerator.java:upgradeToSequenceId(370)) - upgrade localId to 113750153625600000
2024-01-14 08:11:29,426 [main] INFO  ha.SequenceIdGenerator (SequenceIdGenerator.java:upgradeToSequenceId(380)) - upgrade delTxnId to 0
2024-01-14 08:11:29,428 [main] INFO  ha.SequenceIdGenerator (SequenceIdGenerator.java:upgradeToSequenceId(397)) - upgrade containerId to 0
2024-01-14 08:11:29,430 [main] INFO  ha.SequenceIdGenerator (SequenceIdGenerator.java:upgradeToCertificateSequenceId(444)) - upgrade CertificateId to 2
2024-01-14 08:11:29,430 [main] INFO  ha.SequenceIdGenerator (SequenceIdGenerator.java:<init>(241)) - Init the HA SequenceIdGenerator.
2024-01-14 08:11:29,431 [main] WARN  server.ServerUtils (ServerUtils.java:sanitizeUserArgs(80)) - ozone.scm.stale.node.interval value = 1000000 is larger than max = 100000 based on the key value of ozone.scm.heartbeat.thread.interval, reset to the max value 100000.
2024-01-14 08:11:29,431 [main] WARN  server.ServerUtils (ServerUtils.java:sanitizeUserArgs(80)) - ozone.scm.stale.node.interval value = 1000000 is larger than max = 100000 based on the key value of ozone.scm.heartbeat.thread.interval, reset to the max value 100000.
2024-01-14 08:11:29,431 [main] INFO  node.SCMNodeManager (SCMNodeManager.java:<init>(173)) - Entering startup safe mode.
2024-01-14 08:11:29,432 [main] INFO  algorithms.ContainerPlacementPolicyFactory (ContainerPlacementPolicyFactory.java:getPolicyInternal(86)) - Create container placement policy of type org.apache.hadoop.hdds.scm.container.placement.algorithms.SCMContainerPlacementRackAware
2024-01-14 08:11:29,432 [main] INFO  algorithms.ContainerPlacementPolicyFactory (ContainerPlacementPolicyFactory.java:getPolicyInternal(86)) - Create container placement policy of type org.apache.hadoop.hdds.scm.container.placement.algorithms.SCMContainerPlacementRackScatter
2024-01-14 08:11:29,432 [main] INFO  pipeline.PipelineStateManagerImpl (PipelineStateManagerImpl.java:initialize(78)) - No pipeline exists in current db
2024-01-14 08:11:29,432 [main] INFO  algorithms.LeaderChoosePolicyFactory (LeaderChoosePolicyFactory.java:getPolicy(57)) - Create leader choose policy of type org.apache.hadoop.hdds.scm.pipeline.leader.choose.algorithms.MinLeaderCountChoosePolicy
2024-01-14 08:11:29,433 [main] INFO  algorithms.ContainerPlacementPolicyFactory (ContainerPlacementPolicyFactory.java:getPolicyInternal(86)) - Create container placement policy of type org.apache.hadoop.hdds.scm.container.placement.algorithms.SCMContainerPlacementRackScatter
2024-01-14 08:11:29,433 [main] INFO  ha.SCMServiceManager (SCMServiceManager.java:register(42)) - Registering service BackgroundPipelineCreator.
2024-01-14 08:11:29,433 [main] INFO  pipeline.BackgroundPipelineCreator (BackgroundPipelineCreator.java:start(127)) - Starting RatisPipelineUtilsThread.
2024-01-14 08:11:29,433 [main] INFO  BackgroundPipelineScrubber (BackgroundSCMService.java:start(68)) - Starting BackgroundPipelineScrubber Service.
2024-01-14 08:11:29,434 [main] INFO  ha.SCMServiceManager (SCMServiceManager.java:register(42)) - Registering service BackgroundPipelineScrubber.
2024-01-14 08:11:29,434 [main] INFO  ExpiredContainerReplicaOpScrubber (BackgroundSCMService.java:start(68)) - Starting ExpiredContainerReplicaOpScrubber Service.
2024-01-14 08:11:29,434 [main] INFO  ha.SCMServiceManager (SCMServiceManager.java:register(42)) - Registering service ExpiredContainerReplicaOpScrubber.
2024-01-14 08:11:29,435 [main] INFO  algorithms.PipelineChoosePolicyFactory (PipelineChoosePolicyFactory.java:createPipelineChoosePolicyFromClass(78)) - Create pipeline choose policy of type org.apache.hadoop.hdds.scm.pipeline.choose.algorithms.RandomPipelineChoosePolicy
2024-01-14 08:11:29,436 [main] INFO  algorithms.PipelineChoosePolicyFactory (PipelineChoosePolicyFactory.java:createPipelineChoosePolicyFromClass(78)) - Create pipeline choose policy of type org.apache.hadoop.hdds.scm.pipeline.choose.algorithms.RandomPipelineChoosePolicy
2024-01-14 08:11:29,436 [main] INFO  ha.SCMServiceManager (SCMServiceManager.java:register(42)) - Registering service SCMBlockDeletingService.
2024-01-14 08:11:29,437 [main] INFO  replication.ReplicationManager (ReplicationManager.java:start(294)) - Starting Replication Monitor Thread.
2024-01-14 08:11:29,438 [ReplicationMonitor] INFO  replication.ReplicationManager (ReplicationManager.java:processAll(369)) - Replication Manager is not ready to run until 3000ms after safemode exit
2024-01-14 08:11:29,438 [main] INFO  ha.SCMServiceManager (SCMServiceManager.java:register(42)) - Registering service ReplicationManager.
2024-01-14 08:11:29,439 [main] INFO  safemode.ContainerSafeModeRule (ContainerSafeModeRule.java:<init>(91)) - containers with one replica threshold count 0
2024-01-14 08:11:29,439 [main] INFO  safemode.HealthyPipelineSafeModeRule (HealthyPipelineSafeModeRule.java:initializeRule(176)) - Total pipeline count is 0, healthy pipeline threshold count is 1
2024-01-14 08:11:29,440 [main] INFO  safemode.OneReplicaPipelineSafeModeRule (OneReplicaPipelineSafeModeRule.java:initializeRule(193)) - Total pipeline count is 0, pipeline's with at least one datanode reported threshold count is 0
2024-01-14 08:11:29,444 [main] INFO  server.StorageContainerManager (StorageContainerManager.java:<init>(440)) - SCM start with adminUsers: [runner]
2024-01-14 08:11:29,444 [main] INFO  ipc.CallQueueManager (CallQueueManager.java:<init>(90)) - Using callQueue: class java.util.concurrent.LinkedBlockingQueue, queueCapacity: 10000, scheduler: class org.apache.hadoop.ipc.DefaultRpcScheduler, ipcBackoff: false.
2024-01-14 08:11:29,444 [main] INFO  ipc.Server (Server.java:<init>(1287)) - Listener at 0.0.0.0:15055
2024-01-14 08:11:29,445 [Socket Reader #1 for port 15055] INFO  ipc.Server (Server.java:run(1323)) - Starting Socket Reader #1 for port 15055
2024-01-14 08:11:29,446 [main] INFO  ipc.CallQueueManager (CallQueueManager.java:<init>(90)) - Using callQueue: class java.util.concurrent.LinkedBlockingQueue, queueCapacity: 10000, scheduler: class org.apache.hadoop.ipc.DefaultRpcScheduler, ipcBackoff: false.
2024-01-14 08:11:29,446 [main] INFO  ipc.Server (Server.java:<init>(1287)) - Listener at 0.0.0.0:15054
2024-01-14 08:11:29,446 [Socket Reader #1 for port 15054] INFO  ipc.Server (Server.java:run(1323)) - Starting Socket Reader #1 for port 15054
2024-01-14 08:11:29,452 [main] INFO  ipc.CallQueueManager (CallQueueManager.java:<init>(90)) - Using callQueue: class java.util.concurrent.LinkedBlockingQueue, queueCapacity: 10000, scheduler: class org.apache.hadoop.ipc.DefaultRpcScheduler, ipcBackoff: false.
2024-01-14 08:11:29,452 [main] INFO  ipc.Server (Server.java:<init>(1287)) - Listener at 0.0.0.0:15053
2024-01-14 08:11:29,453 [Socket Reader #1 for port 15053] INFO  ipc.Server (Server.java:run(1323)) - Starting Socket Reader #1 for port 15053
2024-01-14 08:11:29,456 [main] INFO  ha.SCMServiceManager (SCMServiceManager.java:register(42)) - Registering service ContainerBalancer.
2024-01-14 08:11:29,456 [main] INFO  server.StorageContainerManager (StorageContainerManager.java:<init>(453)) - 
Container Balancer status:
Key                            Value
Running                        false
Container Balancer Configuration values:
Key                                                Value
Threshold                                          10
Max Datanodes to Involve per Iteration(percent)    20
Max Size to Move per Iteration                     500GB
Max Size Entering Target per Iteration             26GB
Max Size Leaving Source per Iteration              26GB
Number of Iterations                               10
Time Limit for Single Container's Movement         65min
Time Limit for Single Container's Replication      50min
Interval between each Iteration                    70min
Whether to Enable Network Topology                 false
Whether to Trigger Refresh Datanode Usage Info     false
Container IDs to Exclude from Balancing            None
Datanodes Specified to be Balanced                 None
Datanodes Excluded from Balancing                  None

2024-01-14 08:11:29,456 [main] INFO  ha.SCMContext (SCMContext.java:updateSafeModeStatus(230)) - Update SafeModeStatus from SafeModeStatus{safeModeStatus=true, preCheckPassed=false} to SafeModeStatus{safeModeStatus=true, preCheckPassed=false}.
2024-01-14 08:11:29,457 [main] INFO  server.StorageContainerManager (StorageContainerManager.java:start(1546)) - StorageContainerLocationProtocol RPC server is listening at /0.0.0.0:15053
2024-01-14 08:11:29,458 [main] WARN  impl.MetricsConfig (MetricsConfig.java:loadFirst(136)) - Cannot locate configuration: tried hadoop-metrics2-storagecontainermanager.properties,hadoop-metrics2.properties
2024-01-14 08:11:29,459 [main] INFO  impl.MetricsSystemImpl (MetricsSystemImpl.java:startTimer(378)) - Scheduled Metric snapshot period at 10 second(s).
2024-01-14 08:11:29,459 [main] INFO  impl.MetricsSystemImpl (MetricsSystemImpl.java:start(191)) - StorageContainerManager metrics system started
2024-01-14 08:11:29,469 [main] INFO  impl.MetricsSinkAdapter (MetricsSinkAdapter.java:start(204)) - Sink prometheus started
2024-01-14 08:11:29,469 [main] INFO  impl.MetricsSystemImpl (MetricsSystemImpl.java:registerSink(305)) - Registered sink prometheus
2024-01-14 08:11:29,478 [main] INFO  server.SCMClientProtocolServer (SCMClientProtocolServer.java:start(202)) - RPC server for Client  is listening at /0.0.0.0:15053
2024-01-14 08:11:29,478 [IPC Server Responder] INFO  ipc.Server (Server.java:run(1562)) - IPC Server Responder: starting
2024-01-14 08:11:29,479 [IPC Server listener on 15053] INFO  ipc.Server (Server.java:run(1402)) - IPC Server listener on 15053: starting
2024-01-14 08:11:29,493 [main] INFO  server.StorageContainerManager (StorageContainerManager.java:start(1559)) - ScmBlockLocationProtocol RPC server is listening at /0.0.0.0:15054
2024-01-14 08:11:29,493 [main] INFO  server.SCMBlockProtocolServer (SCMBlockProtocolServer.java:start(160)) - RPC server for Block Protocol is listening at /0.0.0.0:15054
2024-01-14 08:11:29,493 [IPC Server Responder] INFO  ipc.Server (Server.java:run(1562)) - IPC Server Responder: starting
2024-01-14 08:11:29,493 [IPC Server listener on 15054] INFO  ipc.Server (Server.java:run(1402)) - IPC Server listener on 15054: starting
2024-01-14 08:11:29,504 [main] INFO  server.SCMDatanodeProtocolServer (SCMDatanodeProtocolServer.java:start(194)) - ScmDatanodeProtocol RPC server for DataNodes is listening at /0.0.0.0:15055
2024-01-14 08:11:29,504 [IPC Server Responder] INFO  ipc.Server (Server.java:run(1562)) - IPC Server Responder: starting
2024-01-14 08:11:29,504 [IPC Server listener on 15055] INFO  ipc.Server (Server.java:run(1402)) - IPC Server listener on 15055: starting
2024-01-14 08:11:29,513 [JvmPauseMonitor7] INFO  util.JvmPauseMonitor (JvmPauseMonitor.java:run(146)) - JvmPauseMonitor-2fe48460-7452-4acc-8796-72383a6e0b08: Started
2024-01-14 08:11:29,514 [main] INFO  http.BaseHttpServer (BaseHttpServer.java:newHttpServer2BuilderForOzone(223)) - Starting Web-server for scm at: http://0.0.0.0:15056
2024-01-14 08:11:29,514 [main] INFO  http.BaseHttpServer (BaseHttpServer.java:<init>(110)) - Hadoop Security Enabled: false Ozone Security Enabled: false Ozone HTTP Security Enabled: false 
2024-01-14 08:11:29,516 [main] WARN  server.AuthenticationFilter (AuthenticationFilter.java:constructSecretProvider(240)) - Unable to initialize FileSignerSecretProvider, falling back to use random secrets. Reason: Could not read signature secret file: /home/runner/hadoop-http-auth-signature-secret
2024-01-14 08:11:29,517 [main] INFO  http.HttpRequestLog (HttpRequestLog.java:getRequestLog(86)) - Http request log for http.requests.scm is not defined
2024-01-14 08:11:29,518 [main] INFO  http.HttpServer2 (HttpServer2.java:addGlobalFilter(1036)) - Added global filter 'safety' (class=org.apache.hadoop.hdds.server.http.HttpServer2$QuotingInputFilter)
2024-01-14 08:11:29,519 [main] INFO  http.HttpServer2 (HttpServer2.java:addFilter(1012)) - Added filter static_user_filter (class=org.apache.hadoop.http.lib.StaticUserWebFilter$StaticUserFilter) to context scm
2024-01-14 08:11:29,519 [main] INFO  http.HttpServer2 (HttpServer2.java:addFilter(1020)) - Added filter static_user_filter (class=org.apache.hadoop.http.lib.StaticUserWebFilter$StaticUserFilter) to context static
2024-01-14 08:11:29,520 [main] INFO  http.HttpServer2 (HttpServer2.java:addFilter(1020)) - Added filter static_user_filter (class=org.apache.hadoop.http.lib.StaticUserWebFilter$StaticUserFilter) to context logs
2024-01-14 08:11:29,520 [main] INFO  http.BaseHttpServer (BaseHttpServer.java:<init>(189)) - HTTP server of scm uses base directory /home/runner/work/ozone/ozone/hadoop-ozone/integration-test/target/test-dir/MiniOzoneClusterImpl-cd00605b-e4dc-4ea1-ab7e-d8be28c4d560/ozone-meta/webserver
2024-01-14 08:11:29,521 [main] INFO  http.HttpServer2 (HttpServer2.java:bindListener(1236)) - Jetty bound to port 15056
2024-01-14 08:11:29,521 [main] INFO  server.Server (Server.java:doStart(375)) - jetty-9.4.53.v20231009; built: 2023-10-09T12:29:09.265Z; git: 27bde00a0b95a1d5bbee0eae7984f891d2d0f8c9; jvm 1.8.0_392-b08
2024-01-14 08:11:29,522 [main] INFO  server.session (DefaultSessionIdManager.java:doStart(334)) - DefaultSessionIdManager workerName=node0
2024-01-14 08:11:29,522 [main] INFO  server.session (DefaultSessionIdManager.java:doStart(339)) - No SessionScavenger set, using defaults
2024-01-14 08:11:29,522 [main] INFO  server.session (HouseKeeper.java:startScavenging(132)) - node0 Scavenging every 660000ms
2024-01-14 08:11:29,523 [main] INFO  handler.ContextHandler (ContextHandler.java:doStart(921)) - Started o.e.j.s.ServletContextHandler@5d2a5cf0{logs,/logs,file:///home/runner/work/ozone/ozone/hadoop-ozone/integration-test/target/log,AVAILABLE}
2024-01-14 08:11:29,525 [main] INFO  handler.ContextHandler (ContextHandler.java:doStart(921)) - Started o.e.j.s.ServletContextHandler@d9cbed9{static,/static,file:///home/runner/work/ozone/ozone/hadoop-ozone/integration-test/target/test-classes/webapps/static,AVAILABLE}
2024-01-14 08:11:29,530 [main] INFO  handler.ContextHandler (ContextHandler.java:doStart(921)) - Started o.e.j.w.WebAppContext@645342c{scm,/,file:///home/runner/work/ozone/ozone/hadoop-ozone/integration-test/target/test-classes/webapps/scm/,AVAILABLE}{file:/home/runner/work/ozone/ozone/hadoop-ozone/integration-test/target/test-classes/webapps/scm}
2024-01-14 08:11:29,531 [main] INFO  server.AbstractConnector (AbstractConnector.java:doStart(333)) - Started ServerConnector@39726f8e{HTTP/1.1, (http/1.1)}{0.0.0.0:15056}
2024-01-14 08:11:29,532 [main] INFO  server.Server (Server.java:doStart(415)) - Started @23994ms
2024-01-14 08:11:29,532 [main] WARN  impl.MetricsSystemImpl (MetricsSystemImpl.java:register(279)) - Sink prometheus already exists!
2024-01-14 08:11:29,532 [main] INFO  http.BaseHttpServer (BaseHttpServer.java:updateConnectorAddress(354)) - HTTP server of scm listening at http://0.0.0.0:15056
2024-01-14 08:11:29,533 [main] WARN  server.ServerUtils (ServerUtils.java:getDBPath(311)) - ozone.om.db.dirs is not configured. We recommend adding this setting. Falling back to ozone.metadata.dirs instead.
2024-01-14 08:11:29,535 [main] INFO  ha.OMHANodeDetails (OMHANodeDetails.java:loadOMHAConfig(115)) - ozone.om.internal.service.id is not defined, falling back to ozone.om.service.ids to find serviceID for OzoneManager if it is HA enabled cluster
2024-01-14 08:11:29,535 [main] INFO  ha.OMHANodeDetails (OMHANodeDetails.java:loadOMHAConfig(226)) - Configuration does not have ozone.om.address set. Falling back to the default OM address /127.0.0.1:15057
2024-01-14 08:11:29,535 [main] INFO  ha.OMHANodeDetails (OMHANodeDetails.java:getOMNodeDetailsForNonHA(254)) - OM Service ID is not set. Setting it to the default ID: omServiceIdDefault
2024-01-14 08:11:29,535 [main] INFO  ha.OMHANodeDetails (OMHANodeDetails.java:getOMNodeDetailsForNonHA(261)) - OM Node ID is not set. Setting it to the default ID: om1
2024-01-14 08:11:29,536 [main] WARN  server.ServerUtils (ServerUtils.java:getDBPath(311)) - ozone.om.db.dirs is not configured. We recommend adding this setting. Falling back to ozone.metadata.dirs instead.
2024-01-14 08:11:29,537 [main] INFO  upgrade.AbstractLayoutVersionManager (AbstractLayoutVersionManager.java:init(83)) - Initializing Layout version manager with metadata layout = QUOTA (version = 6), software layout = QUOTA (version = 6)
2024-01-14 08:11:29,590 [main] INFO  upgrade.OMLayoutVersionManager (OMLayoutVersionManager.java:lambda$0(113)) - Skipping Upgrade Action MockOmUpgradeAction since it has been finalized.
2024-01-14 08:11:29,590 [main] INFO  upgrade.OMLayoutVersionManager (OMLayoutVersionManager.java:lambda$0(113)) - Skipping Upgrade Action QuotaRepairUpgradeAction since it has been finalized.
2024-01-14 08:11:29,590 [main] WARN  server.ServerUtils (ServerUtils.java:getDBPath(311)) - ozone.om.db.dirs is not configured. We recommend adding this setting. Falling back to ozone.metadata.dirs instead.
2024-01-14 08:11:29,591 [main] INFO  proxy.SCMBlockLocationFailoverProxyProvider (SCMBlockLocationFailoverProxyProvider.java:<init>(115)) - Created block location fail-over proxy with 1 nodes: [nodeId=scmNodeId,nodeAddress=/0.0.0.0:15054]
2024-01-14 08:11:29,593 [main] INFO  proxy.SCMBlockLocationFailoverProxyProvider (SCMBlockLocationFailoverProxyProvider.java:<init>(115)) - Created block location fail-over proxy with 1 nodes: [nodeId=scmNodeId,nodeAddress=/0.0.0.0:15054]
2024-01-14 08:11:29,600 [main] INFO  om.OzoneManager (OzoneManager.java:<init>(673)) - OM start with adminUsers: [runner]
2024-01-14 08:11:29,601 [main] WARN  server.ServerUtils (ServerUtils.java:getDBPath(311)) - ozone.om.db.dirs is not configured. We recommend adding this setting. Falling back to ozone.metadata.dirs instead.
2024-01-14 08:11:29,602 [main] INFO  helpers.OmKeyInfo (OmKeyInfo.java:getCodec(71)) - OmKeyInfo.getCodec ignorePipeline = true
2024-01-14 08:11:29,772 [main] INFO  om.OzoneManager (OzoneManager.java:instantiateServices(805)) - S3 Multi-Tenancy is disabled
2024-01-14 08:11:29,773 [main] INFO  om.OmSnapshotManager (OmSnapshotManager.java:<init>(176)) - Ozone filesystem snapshot feature is enabled.
2024-01-14 08:11:29,773 [main] WARN  server.ServerUtils (ServerUtils.java:getDBPath(311)) - ozone.om.snapshot.diff.db.dir is not configured. We recommend adding this setting. Falling back to ozone.metadata.dirs instead.
2024-01-14 08:11:29,795 [main] INFO  utils.NativeLibraryLoader (NativeLibraryLoader.java:loadLibrary(108)) - Loading Library: ozone_rocksdb_tools
2024-01-14 08:11:29,795 [main] INFO  snapshot.SnapshotDiffManager (SnapshotDiffManager.java:closeExecutorService(1688)) - Shutting down executorService: 'SstDumpToolExecutor'
2024-01-14 08:11:29,797 [main] INFO  om.OzoneManager (OzoneManager.java:addS3GVolumeToDB(4429)) - Created Volume s3v With Owner runner required for S3Gateway operations.
2024-01-14 08:11:29,798 [main] WARN  server.ServerUtils (ServerUtils.java:getDefaultRatisDirectory(323)) - Storage directory for Ratis is not configured. It is a good idea to map this to an SSD disk. Falling back to ozone.metadata.dirs
2024-01-14 08:11:29,798 [main] WARN  utils.OzoneManagerRatisUtils (OzoneManagerRatisUtils.java:getOMRatisSnapshotDirectory(473)) - ozone.om.ratis.snapshot.dir is not configured. Falling back to ozone.metadata.dirs config
2024-01-14 08:11:29,803 [main] WARN  server.ServerUtils (ServerUtils.java:getDefaultRatisDirectory(323)) - Storage directory for Ratis is not configured. It is a good idea to map this to an SSD disk. Falling back to ozone.metadata.dirs
2024-01-14 08:11:29,804 [main] INFO  ratis.OzoneManagerRatisServer (OzoneManagerRatisServer.java:<init>(167)) - Instantiating OM Ratis server with groupID: omServiceIdDefault and peers: localhost:15060
2024-01-14 08:11:29,804 [main] INFO  ratis.OzoneManagerStateMachine (OzoneManagerStateMachine.java:loadSnapshotInfoFromDB(608)) - TransactionInfo not found in OM DB.
2024-01-14 08:11:29,804 [main] INFO  server.RaftServer (ConfUtils.java:logGet(46)) - raft.rpc.type = GRPC (default)
2024-01-14 08:11:29,805 [main] INFO  grpc.GrpcConfigKeys (ConfUtils.java:logFallback(53)) - raft.grpc.admin.host = null (fallback to raft.grpc.server.host)
2024-01-14 08:11:29,805 [main] INFO  grpc.GrpcConfigKeys (ConfUtils.java:logFallback(53)) - raft.grpc.admin.port = 15060 (fallback to raft.grpc.server.port)
2024-01-14 08:11:29,805 [main] INFO  grpc.GrpcConfigKeys (ConfUtils.java:logFallback(53)) - raft.grpc.client.host = null (fallback to raft.grpc.server.host)
2024-01-14 08:11:29,805 [main] INFO  grpc.GrpcConfigKeys (ConfUtils.java:logFallback(53)) - raft.grpc.client.port = 15060 (fallback to raft.grpc.server.port)
2024-01-14 08:11:29,806 [main] INFO  grpc.GrpcConfigKeys (ConfUtils.java:logGet(46)) - raft.grpc.server.host = null (default)
2024-01-14 08:11:29,806 [main] INFO  grpc.GrpcConfigKeys (ConfUtils.java:logGet(46)) - raft.grpc.server.port = 15060 (custom)
2024-01-14 08:11:29,806 [main] INFO  server.GrpcService (ConfUtils.java:logGet(46)) - raft.grpc.message.size.max = 4194304 (custom)
2024-01-14 08:11:29,806 [main] INFO  server.RaftServerConfigKeys (ConfUtils.java:logGet(46)) - raft.server.log.appender.buffer.byte-limit = 4194304 (custom)
2024-01-14 08:11:29,806 [main] INFO  server.GrpcService (ConfUtils.java:logGet(46)) - raft.grpc.flow.control.window = 1MB (=1048576) (default)
2024-01-14 08:11:29,806 [main] INFO  server.RaftServerConfigKeys (ConfUtils.java:logGet(46)) - raft.server.rpc.request.timeout = 3000ms (default)
2024-01-14 08:11:29,806 [main] INFO  grpc.GrpcConfigKeys (ConfUtils.java:logGet(46)) - raft.grpc.server.heartbeat.channel = true (default)
2024-01-14 08:11:29,807 [main] INFO  grpc.GrpcConfigKeys (ConfUtils.java:logGet(46)) - raft.grpc.server.async.request.thread.pool.cached = true (default)
2024-01-14 08:11:29,807 [main] INFO  grpc.GrpcConfigKeys (ConfUtils.java:logGet(46)) - raft.grpc.server.async.request.thread.pool.size = 32 (default)
2024-01-14 08:11:29,808 [main] INFO  impl.DataStreamServerImpl (ConfUtils.java:logGet(46)) - raft.datastream.type = DISABLED (default)
2024-01-14 08:11:29,808 [main] INFO  server.RaftServerConfigKeys (ConfUtils.java:logGet(46)) - raft.server.sleep.deviation.threshold = 300ms (default)
2024-01-14 08:11:29,808 [main] INFO  server.RaftServerConfigKeys (ConfUtils.java:logGet(46)) - raft.server.close.threshold = 60s (default)
2024-01-14 08:11:29,808 [main] INFO  server.RaftServerConfigKeys (ConfUtils.java:logGet(46)) - raft.server.leaderelection.leader.step-down.wait-time = 10s (default)
2024-01-14 08:11:29,808 [main] INFO  server.RaftServerConfigKeys (ConfUtils.java:logGet(46)) - raft.server.storage.dir = [/home/runner/work/ozone/ozone/hadoop-ozone/integration-test/target/test-dir/MiniOzoneClusterImpl-cd00605b-e4dc-4ea1-ab7e-d8be28c4d560/ozone-meta/ratis] (custom)
2024-01-14 08:11:29,808 [main] INFO  server.RaftServerConfigKeys (ConfUtils.java:logGet(46)) - raft.server.threadpool.proxy.cached = true (default)
2024-01-14 08:11:29,809 [main] INFO  server.RaftServerConfigKeys (ConfUtils.java:logGet(46)) - raft.server.threadpool.proxy.size = 0 (default)
2024-01-14 08:11:29,809 [main] INFO  server.RaftServer (RaftServerProxy.java:addNew(100)) - om1: addNew group-C5BA1605619E:[om1|localhost:15060] returns group-C5BA1605619E:java.util.concurrent.CompletableFuture@2e1880fa[Not completed]
2024-01-14 08:11:29,809 [om1-groupManagement] INFO  server.RaftServer$Division (RaftServerImpl.java:<init>(256)) - om1: new RaftServerImpl for group-C5BA1605619E:[om1|localhost:15060] with OzoneManagerStateMachine:uninitialized
2024-01-14 08:11:29,809 [om1-groupManagement] INFO  server.RaftServerConfigKeys (ConfUtils.java:logGet(46)) - raft.server.rpc.timeout.min = 1s (custom)
2024-01-14 08:11:29,809 [om1-groupManagement] INFO  server.RaftServerConfigKeys (ConfUtils.java:logGet(46)) - raft.server.rpc.timeout.max = 1200ms (custom)
2024-01-14 08:11:29,809 [main] INFO  om.OzoneManager (OzoneManager.java:initializeRatisServer(2141)) - OzoneManager Ratis server initialized at port 15060
2024-01-14 08:11:29,810 [main] INFO  om.OzoneManager (OzoneManager.java:getRpcServer(1207)) - Creating RPC Server
2024-01-14 08:11:29,809 [om1-groupManagement] INFO  server.RaftServerConfigKeys (ConfUtils.java:logGet(46)) - raft.server.rpc.sleep.time = 25ms (default)
2024-01-14 08:11:29,811 [om1-groupManagement] INFO  server.RaftServerConfigKeys (ConfUtils.java:logGet(46)) - raft.server.rpc.slowness.timeout = 120s (custom)
2024-01-14 08:11:29,811 [om1-groupManagement] INFO  server.RaftServerConfigKeys (ConfUtils.java:logGet(46)) - raft.server.leaderelection.leader.step-down.wait-time = 10s (default)
2024-01-14 08:11:29,811 [om1-groupManagement] INFO  server.RaftServerConfigKeys (ConfUtils.java:logGet(46)) - raft.server.leaderelection.member.majority-add = false (default)
2024-01-14 08:11:29,811 [om1-groupManagement] INFO  server.RaftServerConfigKeys (ConfUtils.java:logGet(46)) - raft.server.sleep.deviation.threshold = 300ms (default)
2024-01-14 08:11:29,811 [om1-groupManagement] INFO  server.RaftServer$Division (ServerState.java:<init>(113)) - om1@group-C5BA1605619E: ConfigurationManager, init=-1: peers:[om1|localhost:15060]|listeners:[], old=null, confs=<EMPTY_MAP>
2024-01-14 08:11:29,811 [om1-groupManagement] INFO  server.RaftServerConfigKeys (ConfUtils.java:logGet(46)) - raft.server.notification.no-leader.timeout = 120s (custom)
2024-01-14 08:11:29,811 [om1-groupManagement] INFO  server.RaftServerConfigKeys (ConfUtils.java:logGet(46)) - raft.server.read.timeout = 10s (default)
2024-01-14 08:11:29,811 [om1-groupManagement] INFO  server.RaftServerConfigKeys (ConfUtils.java:logGet(46)) - raft.server.retrycache.expirytime = 300s (custom)
2024-01-14 08:11:29,811 [om1-groupManagement] INFO  server.RaftServerConfigKeys (ConfUtils.java:logGet(46)) - raft.server.retrycache.statistics.expirytime = 100ms (default)
2024-01-14 08:11:29,812 [om1-groupManagement] INFO  server.RaftServerConfigKeys (ConfUtils.java:logGet(46)) - raft.server.read.option = DEFAULT (default)
2024-01-14 08:11:29,812 [om1-groupManagement] INFO  server.RaftServerConfigKeys (ConfUtils.java:logGet(46)) - raft.server.read.read-after-write-consistent.write-index-cache.expiry-time = 60s (default)
2024-01-14 08:11:29,813 [om1-groupManagement] INFO  server.RaftServerConfigKeys (ConfUtils.java:logGet(46)) - raft.server.rpc.request.timeout = 3000ms (default)
2024-01-14 08:11:29,813 [om1-groupManagement] INFO  server.RaftServerConfigKeys (ConfUtils.java:logGet(46)) - raft.server.log.appender.install.snapshot.enabled = false (custom)
2024-01-14 08:11:29,813 [om1-groupManagement] INFO  server.RaftServerConfigKeys (ConfUtils.java:logGet(46)) - raft.server.threadpool.server.cached = true (default)
2024-01-14 08:11:29,813 [om1-groupManagement] INFO  server.RaftServerConfigKeys (ConfUtils.java:logGet(46)) - raft.server.threadpool.server.size = 0 (default)
2024-01-14 08:11:29,813 [om1-groupManagement] INFO  server.RaftServerConfigKeys (ConfUtils.java:logGet(46)) - raft.server.threadpool.client.cached = true (default)
2024-01-14 08:11:29,813 [om1-groupManagement] INFO  server.RaftServerConfigKeys (ConfUtils.java:logGet(46)) - raft.server.threadpool.client.size = 0 (default)
2024-01-14 08:11:30,024 [main] INFO  ipc.CallQueueManager (CallQueueManager.java:<init>(90)) - Using callQueue: class java.util.concurrent.LinkedBlockingQueue, queueCapacity: 2000, scheduler: class org.apache.hadoop.ipc.DefaultRpcScheduler, ipcBackoff: false.
2024-01-14 08:11:30,024 [main] INFO  ipc.Server (Server.java:<init>(1287)) - Listener at 127.0.0.1:15057
2024-01-14 08:11:30,024 [Socket Reader #1 for port 15057] INFO  ipc.Server (Server.java:run(1323)) - Starting Socket Reader #1 for port 15057
2024-01-14 08:11:30,040 [main] INFO  impl.MetricsSystemImpl (MetricsSystemImpl.java:init(158)) - OzoneManager metrics system started (again)
2024-01-14 08:11:30,047 [main] INFO  om.OzoneManager (OzoneManager.java:start(1629)) - OzoneManager RPC server is listening at localhost/127.0.0.1:15057
2024-01-14 08:11:30,048 [main] INFO  ratis.OzoneManagerRatisServer (OzoneManagerRatisServer.java:start(588)) - Starting OzoneManagerRatisServer om1 at port 15060
2024-01-14 08:11:30,048 [om1-impl-thread1] INFO  server.RaftServerConfigKeys (ConfUtils.java:logGet(46)) - raft.server.storage.free-space.min = 0MB (=0) (default)
2024-01-14 08:11:30,048 [om1-impl-thread1] INFO  server.RaftServerConfigKeys (ConfUtils.java:logGet(46)) - raft.server.log.corruption.policy = EXCEPTION (default)
2024-01-14 08:11:30,048 [om1-impl-thread1] INFO  server.RaftServerConfigKeys (ConfUtils.java:logGet(46)) - raft.server.storage.dir = [/home/runner/work/ozone/ozone/hadoop-ozone/integration-test/target/test-dir/MiniOzoneClusterImpl-cd00605b-e4dc-4ea1-ab7e-d8be28c4d560/ozone-meta/ratis] (custom)
2024-01-14 08:11:30,048 [om1-impl-thread1] INFO  storage.RaftStorageDirectory (RaftStorageDirectoryImpl.java:analyzeStorage(138)) - The storage directory /home/runner/work/ozone/ozone/hadoop-ozone/integration-test/target/test-dir/MiniOzoneClusterImpl-cd00605b-e4dc-4ea1-ab7e-d8be28c4d560/ozone-meta/ratis/bf265839-605b-3f16-9796-c5ba1605619e does not exist. Creating ...
2024-01-14 08:11:30,049 [om1-impl-thread1] INFO  storage.RaftStorageDirectory (RaftStorageDirectoryImpl.java:tryLock(228)) - Lock on /home/runner/work/ozone/ozone/hadoop-ozone/integration-test/target/test-dir/MiniOzoneClusterImpl-cd00605b-e4dc-4ea1-ab7e-d8be28c4d560/ozone-meta/ratis/bf265839-605b-3f16-9796-c5ba1605619e/in_use.lock acquired by nodename 49070@fv-az737-837
2024-01-14 08:11:30,051 [om1-impl-thread1] INFO  storage.RaftStorage (RaftStorageImpl.java:format(99)) - Storage directory /home/runner/work/ozone/ozone/hadoop-ozone/integration-test/target/test-dir/MiniOzoneClusterImpl-cd00605b-e4dc-4ea1-ab7e-d8be28c4d560/ozone-meta/ratis/bf265839-605b-3f16-9796-c5ba1605619e has been successfully formatted.
2024-01-14 08:11:30,051 [om1-impl-thread1] WARN  util.FileUtils (LogUtils.java:supplyAndLog(63)) - Failed to Files.newInputStream /home/runner/work/ozone/ozone/hadoop-ozone/integration-test/target/test-dir/MiniOzoneClusterImpl-cd00605b-e4dc-4ea1-ab7e-d8be28c4d560/ozone-meta/ratis/bf265839-605b-3f16-9796-c5ba1605619e/current/raft-meta.conf with options []: java.nio.file.NoSuchFileException: /home/runner/work/ozone/ozone/hadoop-ozone/integration-test/target/test-dir/MiniOzoneClusterImpl-cd00605b-e4dc-4ea1-ab7e-d8be28c4d560/ozone-meta/ratis/bf265839-605b-3f16-9796-c5ba1605619e/current/raft-meta.conf
2024-01-14 08:11:30,051 [om1-impl-thread1] INFO  server.RaftServerConfigKeys (ConfUtils.java:logGet(46)) - raft.server.log.use.memory = false (default)
2024-01-14 08:11:30,052 [om1-impl-thread1] INFO  server.RaftServerConfigKeys (ConfUtils.java:logGet(46)) - raft.server.log.purge.gap = 1000000 (custom)
2024-01-14 08:11:30,052 [om1-impl-thread1] INFO  server.RaftServerConfigKeys (ConfUtils.java:logGet(46)) - raft.server.log.appender.buffer.byte-limit = 4194304 (custom)
2024-01-14 08:11:30,052 [om1-impl-thread1] INFO  server.RaftServerConfigKeys (ConfUtils.java:logGet(46)) - raft.server.log.statemachine.data.read.timeout = 1000ms (default)
2024-01-14 08:11:30,052 [om1-impl-thread1] INFO  server.RaftServerConfigKeys (ConfUtils.java:logGet(46)) - raft.server.log.purge.preservation.log.num = 0 (default)
2024-01-14 08:11:30,052 [om1-impl-thread1] INFO  server.RaftServerConfigKeys (ConfUtils.java:logGet(46)) - raft.server.log.segment.size.max = 4194304 (custom)
2024-01-14 08:11:30,052 [om1-impl-thread1] INFO  server.RaftServerConfigKeys (ConfUtils.java:logGet(46)) - raft.server.log.segment.cache.num.max = 2 (custom)
2024-01-14 08:11:30,052 [om1-impl-thread1] INFO  server.RaftServerConfigKeys (ConfUtils.java:logGet(46)) - raft.server.log.segment.cache.size.max = 200MB (=209715200) (default)
2024-01-14 08:11:30,052 [om1-impl-thread1] INFO  server.RaftServerConfigKeys (ConfUtils.java:logGet(46)) - raft.server.log.appender.buffer.byte-limit = 4194304 (custom)
2024-01-14 08:11:30,053 [om1-impl-thread1] INFO  util.AwaitToRun (AwaitToRun.java:start(81)) - Thread[om1@group-C5BA1605619E-cacheEviction-AwaitToRun,5,main] started
2024-01-14 08:11:30,053 [om1-impl-thread1] INFO  segmented.SegmentedRaftLogWorker (SegmentedRaftLogWorker.java:<init>(182)) - new om1@group-C5BA1605619E-SegmentedRaftLogWorker for RaftStorageImpl:Storage Directory /home/runner/work/ozone/ozone/hadoop-ozone/integration-test/target/test-dir/MiniOzoneClusterImpl-cd00605b-e4dc-4ea1-ab7e-d8be28c4d560/ozone-meta/ratis/bf265839-605b-3f16-9796-c5ba1605619e
2024-01-14 08:11:30,053 [om1-impl-thread1] INFO  server.RaftServerConfigKeys (ConfUtils.java:logGet(46)) - raft.server.log.queue.byte-limit = 64MB (=67108864) (default)
2024-01-14 08:11:30,053 [om1-impl-thread1] INFO  server.RaftServerConfigKeys (ConfUtils.java:logGet(46)) - raft.server.log.queue.element-limit = 4096 (default)
2024-01-14 08:11:30,053 [om1-impl-thread1] INFO  server.RaftServerConfigKeys (ConfUtils.java:logGet(46)) - raft.server.log.segment.size.max = 4194304 (custom)
2024-01-14 08:11:30,053 [om1-impl-thread1] INFO  server.RaftServerConfigKeys (ConfUtils.java:logGet(46)) - raft.server.log.preallocated.size = 4194304 (custom)
2024-01-14 08:11:30,053 [om1-impl-thread1] INFO  server.RaftServerConfigKeys (ConfUtils.java:logGet(46)) - raft.server.log.force.sync.num = 128 (default)
2024-01-14 08:11:30,053 [om1-impl-thread1] INFO  server.RaftServerConfigKeys (ConfUtils.java:logGet(46)) - raft.server.log.statemachine.data.sync = true (default)
2024-01-14 08:11:30,053 [om1-impl-thread1] INFO  server.RaftServerConfigKeys (ConfUtils.java:logGet(46)) - raft.server.log.statemachine.data.sync.timeout = 10s (default)
2024-01-14 08:11:30,053 [om1-impl-thread1] INFO  server.RaftServerConfigKeys (ConfUtils.java:logGet(46)) - raft.server.log.statemachine.data.sync.timeout.retry = -1 (default)
2024-01-14 08:11:30,053 [om1-impl-thread1] INFO  server.RaftServerConfigKeys (ConfUtils.java:logGet(46)) - raft.server.log.write.buffer.size = 4194312 (custom)
2024-01-14 08:11:30,054 [om1-impl-thread1] INFO  server.RaftServerConfigKeys (ConfUtils.java:logGet(46)) - raft.server.log.appender.buffer.byte-limit = 4194304 (custom)
2024-01-14 08:11:30,054 [om1-impl-thread1] INFO  server.RaftServerConfigKeys (ConfUtils.java:logGet(46)) - raft.server.log.unsafe-flush.enabled = false (default)
2024-01-14 08:11:30,054 [om1-impl-thread1] INFO  server.RaftServerConfigKeys (ConfUtils.java:logGet(46)) - raft.server.log.async-flush.enabled = false (default)
2024-01-14 08:11:30,054 [om1-impl-thread1] INFO  server.RaftServerConfigKeys (ConfUtils.java:logGet(46)) - raft.server.log.statemachine.data.caching.enabled = false (default)
2024-01-14 08:11:30,055 [om1-impl-thread1] INFO  segmented.SegmentedRaftLogWorker (SegmentedRaftLogWorker.java:lambda$new$0(134)) - om1@group-C5BA1605619E-SegmentedRaftLogWorker: flushIndex: setUnconditionally 0 -> -1
2024-01-14 08:11:30,055 [om1-impl-thread1] INFO  segmented.SegmentedRaftLogWorker (SegmentedRaftLogWorker.java:lambda$new$0(134)) - om1@group-C5BA1605619E-SegmentedRaftLogWorker: safeCacheEvictIndex: setUnconditionally 0 -> -1
2024-01-14 08:11:30,055 [om1-impl-thread1] INFO  server.RaftServer$Division (RaftServerImpl.java:start(396)) - om1@group-C5BA1605619E: start as a follower, conf=-1: peers:[om1|localhost:15060]|listeners:[], old=null
2024-01-14 08:11:30,055 [om1-impl-thread1] INFO  server.RaftServer$Division (RaftServerImpl.java:setRole(383)) - om1@group-C5BA1605619E: changes role from      null to FOLLOWER at term 0 for startAsFollower
2024-01-14 08:11:30,055 [om1-impl-thread1] INFO  impl.RoleInfo (RoleInfo.java:updateAndGet(139)) - om1: start om1@group-C5BA1605619E-FollowerState
2024-01-14 08:11:30,056 [om1@group-C5BA1605619E-FollowerState] INFO  server.RaftServerConfigKeys (ConfUtils.java:logFallback(53)) - raft.server.rpc.first-election.timeout.min = 1s (fallback to raft.server.rpc.timeout.min)
2024-01-14 08:11:30,056 [om1-impl-thread1] INFO  util.JmxRegister (JmxRegister.java:tryRegister(44)) - Successfully registered JMX Bean with object name Ratis:service=RaftServer,group=group-C5BA1605619E,id=om1
2024-01-14 08:11:30,056 [om1-impl-thread1] INFO  server.RaftServerConfigKeys (ConfUtils.java:logGet(46)) - raft.server.snapshot.trigger-when-stop.enabled = true (default)
2024-01-14 08:11:30,056 [om1-impl-thread1] INFO  server.RaftServerConfigKeys (ConfUtils.java:logGet(46)) - raft.server.snapshot.auto.trigger.enabled = true (custom)
2024-01-14 08:11:30,056 [om1-impl-thread1] INFO  server.RaftServerConfigKeys (ConfUtils.java:logGet(46)) - raft.server.snapshot.auto.trigger.threshold = 400000 (default)
2024-01-14 08:11:30,056 [om1-impl-thread1] INFO  server.RaftServerConfigKeys (ConfUtils.java:logGet(46)) - raft.server.snapshot.retention.file.num = -1 (default)
2024-01-14 08:11:30,056 [om1-impl-thread1] INFO  server.RaftServerConfigKeys (ConfUtils.java:logGet(46)) - raft.server.log.purge.upto.snapshot.index = true (custom)
2024-01-14 08:11:30,056 [om1@group-C5BA1605619E-FollowerState] INFO  server.RaftServerConfigKeys (ConfUtils.java:logFallback(53)) - raft.server.rpc.first-election.timeout.max = 1200ms (fallback to raft.server.rpc.timeout.max)
2024-01-14 08:11:30,057 [main] INFO  server.RaftServer (RaftServerProxy.java:startImpl(406)) - om1: start RPC server
2024-01-14 08:11:30,061 [main] INFO  server.GrpcService (GrpcService.java:startImpl(302)) - om1: GrpcService started, listening on 15060
2024-01-14 08:11:30,064 [JvmPauseMonitor8] INFO  util.JvmPauseMonitor (JvmPauseMonitor.java:run(146)) - JvmPauseMonitor-om1: Started
2024-01-14 08:11:30,064 [main] INFO  om.OzoneManager (OzoneManager.java:start(1645)) - Version File has different layout version (6) than OM DB (null). That is expected if this OM has never been finalized to a newer layout version.
2024-01-14 08:11:30,069 [main] INFO  http.BaseHttpServer (BaseHttpServer.java:newHttpServer2BuilderForOzone(223)) - Starting Web-server for ozoneManager at: http://0.0.0.0:15058
2024-01-14 08:11:30,069 [main] INFO  http.BaseHttpServer (BaseHttpServer.java:<init>(110)) - Hadoop Security Enabled: false Ozone Security Enabled: false Ozone HTTP Security Enabled: false 
2024-01-14 08:11:30,070 [main] WARN  server.AuthenticationFilter (AuthenticationFilter.java:constructSecretProvider(240)) - Unable to initialize FileSignerSecretProvider, falling back to use random secrets. Reason: Could not read signature secret file: /home/runner/hadoop-http-auth-signature-secret
2024-01-14 08:11:30,071 [main] INFO  http.HttpRequestLog (HttpRequestLog.java:getRequestLog(86)) - Http request log for http.requests.ozoneManager is not defined
2024-01-14 08:11:30,072 [main] INFO  http.HttpServer2 (HttpServer2.java:addGlobalFilter(1036)) - Added global filter 'safety' (class=org.apache.hadoop.hdds.server.http.HttpServer2$QuotingInputFilter)
2024-01-14 08:11:30,073 [main] INFO  http.HttpServer2 (HttpServer2.java:addFilter(1012)) - Added filter static_user_filter (class=org.apache.hadoop.http.lib.StaticUserWebFilter$StaticUserFilter) to context ozoneManager
2024-01-14 08:11:30,073 [main] INFO  http.HttpServer2 (HttpServer2.java:addFilter(1020)) - Added filter static_user_filter (class=org.apache.hadoop.http.lib.StaticUserWebFilter$StaticUserFilter) to context logs
2024-01-14 08:11:30,073 [main] INFO  http.HttpServer2 (HttpServer2.java:addFilter(1020)) - Added filter static_user_filter (class=org.apache.hadoop.http.lib.StaticUserWebFilter$StaticUserFilter) to context static
2024-01-14 08:11:30,074 [main] INFO  http.BaseHttpServer (BaseHttpServer.java:<init>(189)) - HTTP server of ozoneManager uses base directory /home/runner/work/ozone/ozone/hadoop-ozone/integration-test/target/test-dir/MiniOzoneClusterImpl-cd00605b-e4dc-4ea1-ab7e-d8be28c4d560/ozone-meta/webserver
2024-01-14 08:11:30,075 [main] INFO  http.HttpServer2 (HttpServer2.java:bindListener(1236)) - Jetty bound to port 15058
2024-01-14 08:11:30,075 [main] INFO  server.Server (Server.java:doStart(375)) - jetty-9.4.53.v20231009; built: 2023-10-09T12:29:09.265Z; git: 27bde00a0b95a1d5bbee0eae7984f891d2d0f8c9; jvm 1.8.0_392-b08
2024-01-14 08:11:30,076 [main] INFO  server.session (DefaultSessionIdManager.java:doStart(334)) - DefaultSessionIdManager workerName=node0
2024-01-14 08:11:30,077 [main] INFO  server.session (DefaultSessionIdManager.java:doStart(339)) - No SessionScavenger set, using defaults
2024-01-14 08:11:30,077 [main] INFO  server.session (HouseKeeper.java:startScavenging(132)) - node0 Scavenging every 600000ms
2024-01-14 08:11:30,078 [main] INFO  handler.ContextHandler (ContextHandler.java:doStart(921)) - Started o.e.j.s.ServletContextHandler@44740404{logs,/logs,file:///home/runner/work/ozone/ozone/hadoop-ozone/integration-test/target/log,AVAILABLE}
2024-01-14 08:11:30,078 [main] INFO  handler.ContextHandler (ContextHandler.java:doStart(921)) - Started o.e.j.s.ServletContextHandler@29bd5775{static,/static,file:///home/runner/work/ozone/ozone/hadoop-ozone/integration-test/target/test-classes/webapps/static,AVAILABLE}
2024-01-14 08:11:30,082 [main] INFO  handler.ContextHandler (ContextHandler.java:doStart(921)) - Started o.e.j.w.WebAppContext@52092fc0{ozoneManager,/,file:///home/runner/work/ozone/ozone/hadoop-ozone/integration-test/target/test-classes/webapps/ozoneManager/,AVAILABLE}{file:/home/runner/work/ozone/ozone/hadoop-ozone/integration-test/target/test-classes/webapps/ozoneManager}
2024-01-14 08:11:30,086 [main] INFO  server.AbstractConnector (AbstractConnector.java:doStart(333)) - Started ServerConnector@520c6438{HTTP/1.1, (http/1.1)}{0.0.0.0:15058}
2024-01-14 08:11:30,086 [main] INFO  server.Server (Server.java:doStart(415)) - Started @24548ms
2024-01-14 08:11:30,086 [main] WARN  impl.MetricsSystemImpl (MetricsSystemImpl.java:register(279)) - Sink prometheus already exists!
2024-01-14 08:11:30,087 [main] INFO  http.BaseHttpServer (BaseHttpServer.java:updateConnectorAddress(354)) - HTTP server of ozoneManager listening at http://0.0.0.0:15058
2024-01-14 08:11:30,088 [IPC Server Responder] INFO  ipc.Server (Server.java:run(1562)) - IPC Server Responder: starting
2024-01-14 08:11:30,088 [IPC Server listener on 15057] INFO  ipc.Server (Server.java:run(1402)) - IPC Server listener on 15057: starting
2024-01-14 08:11:30,097 [main] INFO  om.OzoneManager (OzoneManager.java:startTrashEmptier(2094)) - Trash Interval set to 0. Files deleted won't move to trash
2024-01-14 08:11:30,116 [main] WARN  dropwizard3.Dm3MetricRegistriesImpl (Dm3MetricRegistriesImpl.java:addReporterRegistration(113)) - New reporters are added after registries were created. Some metrics will be missing from the reporter. Please add reporter before adding any new registry.
2024-01-14 08:11:30,117 [main] WARN  dropwizard3.Dm3MetricRegistriesImpl (Dm3MetricRegistriesImpl.java:addReporterRegistration(113)) - New reporters are added after registries were created. Some metrics will be missing from the reporter. Please add reporter before adding any new registry.
2024-01-14 08:11:30,117 [main] INFO  impl.MetricsSystemImpl (MetricsSystemImpl.java:init(158)) - HddsDatanode metrics system started (again)
2024-01-14 08:11:30,126 [main] INFO  ozone.HddsDatanodeService (HddsDatanodeService.java:start(239)) - HddsDatanodeService host:fv-az737-837 ip:10.1.0.100
2024-01-14 08:11:30,152 [main] INFO  upgrade.AbstractLayoutVersionManager (AbstractLayoutVersionManager.java:init(83)) - Initializing Layout version manager with metadata layout = HADOOP_PRC_PORTS_IN_DATANODEDETAILS (version = 7), software layout = HADOOP_PRC_PORTS_IN_DATANODEDETAILS (version = 7)
2024-01-14 08:11:30,153 [main] INFO  statemachine.DatanodeStateMachine (DatanodeStateMachine.java:getEndPointTaskThreadPoolSize(299)) - Datanode State Machine Task Thread Pool size 2
2024-01-14 08:11:30,155 [main] INFO  volume.HddsVolume (HddsVolume.java:<init>(125)) - Creating HddsVolume: /home/runner/work/ozone/ozone/hadoop-ozone/integration-test/target/test-dir/MiniOzoneClusterImpl-cd00605b-e4dc-4ea1-ab7e-d8be28c4d560/datanode-0/data-0/containers/hdds of storage type : DISK capacity : 9223372036854775807
2024-01-14 08:11:30,156 [main] INFO  volume.MutableVolumeSet (MutableVolumeSet.java:initializeVolumeSet(173)) - Added Volume : /home/runner/work/ozone/ozone/hadoop-ozone/integration-test/target/test-dir/MiniOzoneClusterImpl-cd00605b-e4dc-4ea1-ab7e-d8be28c4d560/datanode-0/data-0/containers/hdds to VolumeSet
2024-01-14 08:11:30,157 [main] INFO  volume.MutableVolumeSet (MutableVolumeSet.java:initializeVolumeSet(173)) - Added Volume : /home/runner/work/ozone/ozone/hadoop-ozone/integration-test/target/test-dir/MiniOzoneClusterImpl-cd00605b-e4dc-4ea1-ab7e-d8be28c4d560/datanode-0/data/ratis to VolumeSet
2024-01-14 08:11:30,157 [main] INFO  ozoneimpl.OzoneContainer (HddsVolumeUtil.java:loadAllHddsVolumeDbStore(103)) - Load 1 volumes DbStore cost: 0ms
2024-01-14 08:11:30,158 [59ce54d6-04b6-4e86-8314-d8540ae27b4b-ContainerReader-0] INFO  ozoneimpl.ContainerReader (ContainerReader.java:readVolume(178)) - Finish verifying containers on volume /home/runner/work/ozone/ozone/hadoop-ozone/integration-test/target/test-dir/MiniOzoneClusterImpl-cd00605b-e4dc-4ea1-ab7e-d8be28c4d560/datanode-0/data-0/containers/hdds
2024-01-14 08:11:30,158 [main] INFO  ozoneimpl.OzoneContainer (OzoneContainer.java:buildContainerSet(328)) - Build ContainerSet costs 0s
2024-01-14 08:11:30,161 [main] INFO  server.RaftServer (ConfUtils.java:logGet(46)) - raft.rpc.type = GRPC (default)
2024-01-14 08:11:30,162 [main] INFO  grpc.GrpcConfigKeys (ConfUtils.java:logFallback(53)) - raft.grpc.admin.host = null (fallback to raft.grpc.server.host)
2024-01-14 08:11:30,162 [main] INFO  grpc.GrpcConfigKeys (ConfUtils.java:logGet(46)) - raft.grpc.admin.port = 15066 (custom)
2024-01-14 08:11:30,162 [main] INFO  grpc.GrpcConfigKeys (ConfUtils.java:logFallback(53)) - raft.grpc.client.host = null (fallback to raft.grpc.server.host)
2024-01-14 08:11:30,162 [main] INFO  grpc.GrpcConfigKeys (ConfUtils.java:logGet(46)) - raft.grpc.client.port = 15065 (custom)
2024-01-14 08:11:30,163 [main] INFO  grpc.GrpcConfigKeys (ConfUtils.java:logGet(46)) - raft.grpc.server.host = null (default)
2024-01-14 08:11:30,163 [main] INFO  grpc.GrpcConfigKeys (ConfUtils.java:logGet(46)) - raft.grpc.server.port = 15067 (custom)
2024-01-14 08:11:30,163 [main] INFO  server.GrpcService (ConfUtils.java:logGet(46)) - raft.grpc.message.size.max = 32MB (=33554432) (custom)
2024-01-14 08:11:30,163 [main] INFO  server.RaftServerConfigKeys (ConfUtils.java:logGet(46)) - raft.server.log.appender.buffer.byte-limit = 8388608 (custom)
2024-01-14 08:11:30,164 [main] INFO  server.GrpcService (ConfUtils.java:logGet(46)) - raft.grpc.flow.control.window = 5MB (=5242880) (custom)
2024-01-14 08:11:30,164 [main] INFO  server.RaftServerConfigKeys (ConfUtils.java:logGet(46)) - raft.server.rpc.request.timeout = 3000ms (default)
2024-01-14 08:11:30,164 [main] INFO  grpc.GrpcConfigKeys (ConfUtils.java:logGet(46)) - raft.grpc.server.heartbeat.channel = true (default)
2024-01-14 08:11:30,165 [main] INFO  grpc.GrpcConfigKeys (ConfUtils.java:logGet(46)) - raft.grpc.server.async.request.thread.pool.cached = true (default)
2024-01-14 08:11:30,165 [main] INFO  grpc.GrpcConfigKeys (ConfUtils.java:logGet(46)) - raft.grpc.server.async.request.thread.pool.size = 32 (default)
2024-01-14 08:11:30,167 [main] INFO  impl.DataStreamServerImpl (ConfUtils.java:logGet(46)) - raft.datastream.type = NETTY (custom)
2024-01-14 08:11:30,167 [main] INFO  server.RaftServerConfigKeys (ConfUtils.java:logGet(46)) - raft.server.data-stream.async.request.thread.pool.cached = false (default)
2024-01-14 08:11:30,168 [main] INFO  server.RaftServerConfigKeys (ConfUtils.java:logGet(46)) - raft.server.data-stream.async.request.thread.pool.size = 20 (custom)
2024-01-14 08:11:30,168 [main] INFO  server.RaftServerConfigKeys (ConfUtils.java:logGet(46)) - raft.server.data-stream.async.write.thread.pool.size = 16 (default)
2024-01-14 08:11:30,168 [main] INFO  netty.NettyConfigKeys$DataStream (ConfUtils.java:logGet(46)) - raft.netty.dataStream.server.channel.inactive.grace-period = 10min (default)
2024-01-14 08:11:30,168 [main] INFO  server.RaftServerConfigKeys (ConfUtils.java:logGet(46)) - raft.server.data-stream.client.pool.size = 10 (default)
2024-01-14 08:11:30,169 [main] INFO  netty.NettyConfigKeys$DataStream (ConfUtils.java:logGet(46)) - raft.netty.dataStream.server.use-epoll = true (default)
2024-01-14 08:11:30,169 [main] INFO  netty.NettyConfigKeys$DataStream (ConfUtils.java:logGet(46)) - raft.netty.dataStream.server.boss-group.size = 0 (default)
2024-01-14 08:11:30,169 [main] INFO  netty.NettyUtils (NettyUtils.java:newEventLoopGroup(69)) - Create EpollEventLoopGroup for 59ce54d6-04b6-4e86-8314-d8540ae27b4b-NettyServerStreamRpc-bossGroup; Thread size is 0.
2024-01-14 08:11:30,169 [main] INFO  netty.NettyConfigKeys$DataStream (ConfUtils.java:logGet(46)) - raft.netty.dataStream.server.worker-group.size = 0 (default)
2024-01-14 08:11:30,170 [main] INFO  netty.NettyUtils (NettyUtils.java:newEventLoopGroup(69)) - Create EpollEventLoopGroup for 59ce54d6-04b6-4e86-8314-d8540ae27b4b-NettyServerStreamRpc-workerGroup; Thread size is 0.
2024-01-14 08:11:30,170 [main] INFO  netty.NettyConfigKeys$DataStream (ConfUtils.java:logGet(46)) - raft.netty.dataStream.server.tls.conf = null (default)
2024-01-14 08:11:30,170 [main] INFO  netty.NettyConfigKeys$DataStream (ConfUtils.java:logGet(46)) - raft.netty.dataStream.host = null (default)
2024-01-14 08:11:30,170 [main] INFO  netty.NettyConfigKeys$DataStream (ConfUtils.java:logGet(46)) - raft.netty.dataStream.port = 15068 (custom)
2024-01-14 08:11:30,170 [main] INFO  server.RaftServerConfigKeys (ConfUtils.java:logGet(46)) - raft.server.sleep.deviation.threshold = 300ms (default)
2024-01-14 08:11:30,171 [main] INFO  server.RaftServerConfigKeys (ConfUtils.java:logGet(46)) - raft.server.close.threshold = 60s (default)
2024-01-14 08:11:30,171 [main] INFO  server.RaftServerConfigKeys (ConfUtils.java:logGet(46)) - raft.server.leaderelection.leader.step-down.wait-time = 10s (default)
2024-01-14 08:11:30,171 [main] INFO  server.RaftServerConfigKeys (ConfUtils.java:logGet(46)) - raft.server.storage.dir = [/home/runner/work/ozone/ozone/hadoop-ozone/integration-test/target/test-dir/MiniOzoneClusterImpl-cd00605b-e4dc-4ea1-ab7e-d8be28c4d560/datanode-0/data/ratis] (custom)
2024-01-14 08:11:30,171 [main] INFO  server.RaftServerConfigKeys (ConfUtils.java:logGet(46)) - raft.server.threadpool.proxy.cached = true (default)
2024-01-14 08:11:30,172 [main] INFO  server.RaftServerConfigKeys (ConfUtils.java:logGet(46)) - raft.server.threadpool.proxy.size = 0 (default)
2024-01-14 08:11:30,172 [59ce54d6-04b6-4e86-8314-d8540ae27b4b-NettyServerStreamRpc-bossGroup--thread1] INFO  logging.LoggingHandler (AbstractInternalLogger.java:log(148)) - [id: 0x14d532b1] REGISTERED
2024-01-14 08:11:30,172 [59ce54d6-04b6-4e86-8314-d8540ae27b4b-NettyServerStreamRpc-bossGroup--thread1] INFO  logging.LoggingHandler (AbstractInternalLogger.java:log(148)) - [id: 0x14d532b1] BIND: 0.0.0.0/0.0.0.0:15068
2024-01-14 08:11:30,172 [59ce54d6-04b6-4e86-8314-d8540ae27b4b-NettyServerStreamRpc-bossGroup--thread1] INFO  logging.LoggingHandler (AbstractInternalLogger.java:log(148)) - [id: 0x14d532b1, L:/0.0.0.0:15068] ACTIVE
2024-01-14 08:11:30,175 [59ce54d6-04b6-4e86-8314-d8540ae27b4b-impl-thread1] INFO  server.RaftServer (RaftServerProxy.java:initGroupDir(264)) - 59ce54d6-04b6-4e86-8314-d8540ae27b4b: found a subdirectory /home/runner/work/ozone/ozone/hadoop-ozone/integration-test/target/test-dir/MiniOzoneClusterImpl-cd00605b-e4dc-4ea1-ab7e-d8be28c4d560/datanode-0/data/ratis/tmp
2024-01-14 08:11:30,176 [59ce54d6-04b6-4e86-8314-d8540ae27b4b-impl-thread1] INFO  server.RaftServer (RaftServerProxy.java:initGroupDir(269)) - 59ce54d6-04b6-4e86-8314-d8540ae27b4b: The directory /home/runner/work/ozone/ozone/hadoop-ozone/integration-test/target/test-dir/MiniOzoneClusterImpl-cd00605b-e4dc-4ea1-ab7e-d8be28c4d560/datanode-0/data/ratis/tmp is not a group directory; ignoring it. 
2024-01-14 08:11:30,176 [main] INFO  replication.ReplicationServer (ReplicationServer.java:<init>(85)) - Initializing replication server with thread count = 10 queue length = 4096
2024-01-14 08:11:30,178 [main] INFO  server.XceiverServerGrpc (XceiverServerGrpc.java:<init>(141)) - GrpcServer channel type EpollServerSocketChannel
2024-01-14 08:11:30,180 [main] INFO  replication.ReplicationSupervisor (ReplicationSupervisor.java:build(163)) - Initializing replication supervisor with thread count = 10
2024-01-14 08:11:30,180 [main] INFO  replication.ReplicationSupervisor (ReplicationSupervisor.java:nodeStateUpdated(317)) - Node state updated to IN_SERVICE, scaling executor pool size to 10
2024-01-14 08:11:30,182 [main] INFO  http.BaseHttpServer (BaseHttpServer.java:newHttpServer2BuilderForOzone(223)) - Starting Web-server for hddsDatanode at: http://0.0.0.0:15062
2024-01-14 08:11:30,182 [main] INFO  http.BaseHttpServer (BaseHttpServer.java:<init>(110)) - Hadoop Security Enabled: false Ozone Security Enabled: false Ozone HTTP Security Enabled: false 
2024-01-14 08:11:30,184 [main] WARN  server.AuthenticationFilter (AuthenticationFilter.java:constructSecretProvider(240)) - Unable to initialize FileSignerSecretProvider, falling back to use random secrets. Reason: Could not read signature secret file: /home/runner/hadoop-http-auth-signature-secret
2024-01-14 08:11:30,184 [main] INFO  http.HttpRequestLog (HttpRequestLog.java:getRequestLog(86)) - Http request log for http.requests.hddsDatanode is not defined
2024-01-14 08:11:30,186 [main] INFO  http.HttpServer2 (HttpServer2.java:addGlobalFilter(1036)) - Added global filter 'safety' (class=org.apache.hadoop.hdds.server.http.HttpServer2$QuotingInputFilter)
2024-01-14 08:11:30,186 [main] INFO  http.HttpServer2 (HttpServer2.java:addFilter(1012)) - Added filter static_user_filter (class=org.apache.hadoop.http.lib.StaticUserWebFilter$StaticUserFilter) to context hddsDatanode
2024-01-14 08:11:30,187 [main] INFO  http.HttpServer2 (HttpServer2.java:addFilter(1020)) - Added filter static_user_filter (class=org.apache.hadoop.http.lib.StaticUserWebFilter$StaticUserFilter) to context logs
2024-01-14 08:11:30,187 [main] INFO  http.HttpServer2 (HttpServer2.java:addFilter(1020)) - Added filter static_user_filter (class=org.apache.hadoop.http.lib.StaticUserWebFilter$StaticUserFilter) to context static
2024-01-14 08:11:30,187 [main] INFO  http.BaseHttpServer (BaseHttpServer.java:<init>(189)) - HTTP server of hddsDatanode uses base directory /home/runner/work/ozone/ozone/hadoop-ozone/integration-test/target/test-dir/MiniOzoneClusterImpl-cd00605b-e4dc-4ea1-ab7e-d8be28c4d560/datanode-0/meta/webserver
2024-01-14 08:11:30,188 [main] INFO  http.HttpServer2 (HttpServer2.java:bindListener(1236)) - Jetty bound to port 15062
2024-01-14 08:11:30,188 [main] INFO  server.Server (Server.java:doStart(375)) - jetty-9.4.53.v20231009; built: 2023-10-09T12:29:09.265Z; git: 27bde00a0b95a1d5bbee0eae7984f891d2d0f8c9; jvm 1.8.0_392-b08
2024-01-14 08:11:30,191 [main] INFO  server.session (DefaultSessionIdManager.java:doStart(334)) - DefaultSessionIdManager workerName=node0
2024-01-14 08:11:30,191 [main] INFO  server.session (DefaultSessionIdManager.java:doStart(339)) - No SessionScavenger set, using defaults
2024-01-14 08:11:30,191 [main] INFO  server.session (HouseKeeper.java:startScavenging(132)) - node0 Scavenging every 600000ms
2024-01-14 08:11:30,192 [main] INFO  handler.ContextHandler (ContextHandler.java:doStart(921)) - Started o.e.j.s.ServletContextHandler@42d7ffe5{logs,/logs,file:///home/runner/work/ozone/ozone/hadoop-ozone/integration-test/target/log,AVAILABLE}
2024-01-14 08:11:30,192 [main] INFO  handler.ContextHandler (ContextHandler.java:doStart(921)) - Started o.e.j.s.ServletContextHandler@510dfa52{static,/static,jar:file:/home/runner/.m2/repository/org/apache/ozone/hdds-container-service/1.5.0-SNAPSHOT/hdds-container-service-1.5.0-SNAPSHOT.jar!/webapps/static,AVAILABLE}
2024-01-14 08:11:30,226 [main] INFO  handler.ContextHandler (ContextHandler.java:doStart(921)) - Started o.e.j.w.WebAppContext@a468ed8{hddsDatanode,/,file:///home/runner/work/ozone/ozone/hadoop-ozone/integration-test/target/test-dir/MiniOzoneClusterImpl-cd00605b-e4dc-4ea1-ab7e-d8be28c4d560/datanode-0/meta/webserver/jetty-0_0_0_0-15062-hdds-container-service-1_5_0-SNAPSHOT_jar-_-any-7119672219131688619/webapp/,AVAILABLE}{jar:file:/home/runner/.m2/repository/org/apache/ozone/hdds-container-service/1.5.0-SNAPSHOT/hdds-container-service-1.5.0-SNAPSHOT.jar!/webapps/hddsDatanode}
2024-01-14 08:11:30,228 [main] INFO  server.AbstractConnector (AbstractConnector.java:doStart(333)) - Started ServerConnector@102e05ab{HTTP/1.1, (http/1.1)}{0.0.0.0:15062}
2024-01-14 08:11:30,228 [main] INFO  server.Server (Server.java:doStart(415)) - Started @24690ms
2024-01-14 08:11:30,228 [main] WARN  impl.MetricsSystemImpl (MetricsSystemImpl.java:register(279)) - Sink prometheus already exists!
2024-01-14 08:11:30,228 [main] INFO  http.BaseHttpServer (BaseHttpServer.java:updateConnectorAddress(354)) - HTTP server of hddsDatanode listening at http://0.0.0.0:15062
2024-01-14 08:11:30,229 [main] INFO  ipc.CallQueueManager (CallQueueManager.java:<init>(90)) - Using callQueue: class java.util.concurrent.LinkedBlockingQueue, queueCapacity: 100, scheduler: class org.apache.hadoop.ipc.DefaultRpcScheduler, ipcBackoff: false.
2024-01-14 08:11:30,229 [main] INFO  ipc.Server (Server.java:<init>(1287)) - Listener at 0.0.0.0:15063
2024-01-14 08:11:30,229 [Socket Reader #1 for port 15063] INFO  ipc.Server (Server.java:run(1323)) - Starting Socket Reader #1 for port 15063
2024-01-14 08:11:30,233 [main] INFO  ozone.HddsDatanodeService (HddsDatanodeService.java:start(324)) - Datanode start with admins: [runner]
2024-01-14 08:11:30,233 [main] INFO  ozone.HddsDatanodeClientProtocolServer (HddsDatanodeClientProtocolServer.java:start(72)) - RPC server for Client /0.0.0.0:15063
2024-01-14 08:11:30,235 [IPC Server Responder] INFO  ipc.Server (Server.java:run(1562)) - IPC Server Responder: starting
2024-01-14 08:11:30,240 [IPC Server listener on 15063] INFO  ipc.Server (Server.java:run(1402)) - IPC Server listener on 15063: starting
2024-01-14 08:11:30,240 [59ce54d6-04b6-4e86-8314-d8540ae27b4b-DatanodeStateMachineDaemonThread] INFO  statemachine.DatanodeStateMachine (DatanodeStateMachine.java:lambda$startDaemon$1(555)) - Ozone container server started.
2024-01-14 08:11:30,242 [main] WARN  dropwizard3.Dm3MetricRegistriesImpl (Dm3MetricRegistriesImpl.java:addReporterRegistration(113)) - New reporters are added after registries were created. Some metrics will be missing from the reporter. Please add reporter before adding any new registry.
2024-01-14 08:11:30,242 [main] WARN  dropwizard3.Dm3MetricRegistriesImpl (Dm3MetricRegistriesImpl.java:addReporterRegistration(113)) - New reporters are added after registries were created. Some metrics will be missing from the reporter. Please add reporter before adding any new registry.
2024-01-14 08:11:30,242 [main] INFO  impl.MetricsSystemImpl (MetricsSystemImpl.java:init(158)) - HddsDatanode metrics system started (again)
2024-01-14 08:11:30,251 [59ce54d6-04b6-4e86-8314-d8540ae27b4b-DatanodeStateMachineTaskThread-0] INFO  datanode.InitDatanodeState (InitDatanodeState.java:persistContainerDatanodeDetails(139)) - DatanodeDetails is persisted to /home/runner/work/ozone/ozone/hadoop-ozone/integration-test/target/test-dir/MiniOzoneClusterImpl-cd00605b-e4dc-4ea1-ab7e-d8be28c4d560/datanode-0/meta/datanode.id
2024-01-14 08:11:30,254 [main] INFO  ozone.HddsDatanodeService (HddsDatanodeService.java:start(239)) - HddsDatanodeService host:fv-az737-837 ip:10.1.0.100
2024-01-14 08:11:30,272 [main] INFO  upgrade.AbstractLayoutVersionManager (AbstractLayoutVersionManager.java:init(83)) - Initializing Layout version manager with metadata layout = HADOOP_PRC_PORTS_IN_DATANODEDETAILS (version = 7), software layout = HADOOP_PRC_PORTS_IN_DATANODEDETAILS (version = 7)
2024-01-14 08:11:30,273 [main] INFO  statemachine.DatanodeStateMachine (DatanodeStateMachine.java:getEndPointTaskThreadPoolSize(299)) - Datanode State Machine Task Thread Pool size 2
2024-01-14 08:11:30,274 [main] INFO  volume.HddsVolume (HddsVolume.java:<init>(125)) - Creating HddsVolume: /home/runner/work/ozone/ozone/hadoop-ozone/integration-test/target/test-dir/MiniOzoneClusterImpl-cd00605b-e4dc-4ea1-ab7e-d8be28c4d560/datanode-1/data-0/containers/hdds of storage type : DISK capacity : 9223372036854775807
2024-01-14 08:11:30,274 [main] INFO  volume.MutableVolumeSet (MutableVolumeSet.java:initializeVolumeSet(173)) - Added Volume : /home/runner/work/ozone/ozone/hadoop-ozone/integration-test/target/test-dir/MiniOzoneClusterImpl-cd00605b-e4dc-4ea1-ab7e-d8be28c4d560/datanode-1/data-0/containers/hdds to VolumeSet
2024-01-14 08:11:30,275 [main] INFO  volume.MutableVolumeSet (MutableVolumeSet.java:initializeVolumeSet(173)) - Added Volume : /home/runner/work/ozone/ozone/hadoop-ozone/integration-test/target/test-dir/MiniOzoneClusterImpl-cd00605b-e4dc-4ea1-ab7e-d8be28c4d560/datanode-1/data/ratis to VolumeSet
2024-01-14 08:11:30,276 [main] INFO  ozoneimpl.OzoneContainer (HddsVolumeUtil.java:loadAllHddsVolumeDbStore(103)) - Load 1 volumes DbStore cost: 1ms
2024-01-14 08:11:30,276 [023fb60a-00b7-42be-9ceb-f38531668441-ContainerReader-0] INFO  ozoneimpl.ContainerReader (ContainerReader.java:readVolume(178)) - Finish verifying containers on volume /home/runner/work/ozone/ozone/hadoop-ozone/integration-test/target/test-dir/MiniOzoneClusterImpl-cd00605b-e4dc-4ea1-ab7e-d8be28c4d560/datanode-1/data-0/containers/hdds
2024-01-14 08:11:30,277 [main] INFO  ozoneimpl.OzoneContainer (OzoneContainer.java:buildContainerSet(328)) - Build ContainerSet costs 0s
2024-01-14 08:11:30,279 [main] INFO  server.RaftServer (ConfUtils.java:logGet(46)) - raft.rpc.type = GRPC (default)
2024-01-14 08:11:30,280 [main] INFO  grpc.GrpcConfigKeys (ConfUtils.java:logFallback(53)) - raft.grpc.admin.host = null (fallback to raft.grpc.server.host)
2024-01-14 08:11:30,280 [main] INFO  grpc.GrpcConfigKeys (ConfUtils.java:logGet(46)) - raft.grpc.admin.port = 15075 (custom)
2024-01-14 08:11:30,280 [main] INFO  grpc.GrpcConfigKeys (ConfUtils.java:logFallback(53)) - raft.grpc.client.host = null (fallback to raft.grpc.server.host)
2024-01-14 08:11:30,280 [main] INFO  grpc.GrpcConfigKeys (ConfUtils.java:logGet(46)) - raft.grpc.client.port = 15074 (custom)
2024-01-14 08:11:30,280 [main] INFO  grpc.GrpcConfigKeys (ConfUtils.java:logGet(46)) - raft.grpc.server.host = null (default)
2024-01-14 08:11:30,281 [main] INFO  grpc.GrpcConfigKeys (ConfUtils.java:logGet(46)) - raft.grpc.server.port = 15076 (custom)
2024-01-14 08:11:30,281 [main] INFO  server.GrpcService (ConfUtils.java:logGet(46)) - raft.grpc.message.size.max = 32MB (=33554432) (custom)
2024-01-14 08:11:30,282 [main] INFO  server.RaftServerConfigKeys (ConfUtils.java:logGet(46)) - raft.server.log.appender.buffer.byte-limit = 8388608 (custom)
2024-01-14 08:11:30,282 [main] INFO  server.GrpcService (ConfUtils.java:logGet(46)) - raft.grpc.flow.control.window = 5MB (=5242880) (custom)
2024-01-14 08:11:30,282 [main] INFO  server.RaftServerConfigKeys (ConfUtils.java:logGet(46)) - raft.server.rpc.request.timeout = 3000ms (default)
2024-01-14 08:11:30,282 [main] INFO  grpc.GrpcConfigKeys (ConfUtils.java:logGet(46)) - raft.grpc.server.heartbeat.channel = true (default)
2024-01-14 08:11:30,282 [main] INFO  grpc.GrpcConfigKeys (ConfUtils.java:logGet(46)) - raft.grpc.server.async.request.thread.pool.cached = true (default)
2024-01-14 08:11:30,282 [main] INFO  grpc.GrpcConfigKeys (ConfUtils.java:logGet(46)) - raft.grpc.server.async.request.thread.pool.size = 32 (default)
2024-01-14 08:11:30,284 [main] INFO  impl.DataStreamServerImpl (ConfUtils.java:logGet(46)) - raft.datastream.type = NETTY (custom)
2024-01-14 08:11:30,284 [main] INFO  server.RaftServerConfigKeys (ConfUtils.java:logGet(46)) - raft.server.data-stream.async.request.thread.pool.cached = false (default)
2024-01-14 08:11:30,284 [main] INFO  server.RaftServerConfigKeys (ConfUtils.java:logGet(46)) - raft.server.data-stream.async.request.thread.pool.size = 20 (custom)
2024-01-14 08:11:30,285 [main] INFO  server.RaftServerConfigKeys (ConfUtils.java:logGet(46)) - raft.server.data-stream.async.write.thread.pool.size = 16 (default)
2024-01-14 08:11:30,285 [main] INFO  netty.NettyConfigKeys$DataStream (ConfUtils.java:logGet(46)) - raft.netty.dataStream.server.channel.inactive.grace-period = 10min (default)
2024-01-14 08:11:30,285 [main] INFO  server.RaftServerConfigKeys (ConfUtils.java:logGet(46)) - raft.server.data-stream.client.pool.size = 10 (default)
2024-01-14 08:11:30,285 [main] INFO  netty.NettyConfigKeys$DataStream (ConfUtils.java:logGet(46)) - raft.netty.dataStream.server.use-epoll = true (default)
2024-01-14 08:11:30,285 [main] INFO  netty.NettyConfigKeys$DataStream (ConfUtils.java:logGet(46)) - raft.netty.dataStream.server.boss-group.size = 0 (default)
2024-01-14 08:11:30,285 [main] INFO  netty.NettyUtils (NettyUtils.java:newEventLoopGroup(69)) - Create EpollEventLoopGroup for 023fb60a-00b7-42be-9ceb-f38531668441-NettyServerStreamRpc-bossGroup; Thread size is 0.
2024-01-14 08:11:30,285 [main] INFO  netty.NettyConfigKeys$DataStream (ConfUtils.java:logGet(46)) - raft.netty.dataStream.server.worker-group.size = 0 (default)
2024-01-14 08:11:30,286 [main] INFO  netty.NettyUtils (NettyUtils.java:newEventLoopGroup(69)) - Create EpollEventLoopGroup for 023fb60a-00b7-42be-9ceb-f38531668441-NettyServerStreamRpc-workerGroup; Thread size is 0.
2024-01-14 08:11:30,286 [main] INFO  netty.NettyConfigKeys$DataStream (ConfUtils.java:logGet(46)) - raft.netty.dataStream.server.tls.conf = null (default)
2024-01-14 08:11:30,286 [main] INFO  netty.NettyConfigKeys$DataStream (ConfUtils.java:logGet(46)) - raft.netty.dataStream.host = null (default)
2024-01-14 08:11:30,287 [main] INFO  netty.NettyConfigKeys$DataStream (ConfUtils.java:logGet(46)) - raft.netty.dataStream.port = 15077 (custom)
2024-01-14 08:11:30,287 [main] INFO  server.RaftServerConfigKeys (ConfUtils.java:logGet(46)) - raft.server.sleep.deviation.threshold = 300ms (default)
2024-01-14 08:11:30,287 [023fb60a-00b7-42be-9ceb-f38531668441-NettyServerStreamRpc-bossGroup--thread1] INFO  logging.LoggingHandler (AbstractInternalLogger.java:log(148)) - [id: 0x58a3276d] REGISTERED
2024-01-14 08:11:30,287 [main] INFO  server.RaftServerConfigKeys (ConfUtils.java:logGet(46)) - raft.server.close.threshold = 60s (default)
2024-01-14 08:11:30,288 [main] INFO  server.RaftServerConfigKeys (ConfUtils.java:logGet(46)) - raft.server.leaderelection.leader.step-down.wait-time = 10s (default)
2024-01-14 08:11:30,287 [023fb60a-00b7-42be-9ceb-f38531668441-NettyServerStreamRpc-bossGroup--thread1] INFO  logging.LoggingHandler (AbstractInternalLogger.java:log(148)) - [id: 0x58a3276d] BIND: 0.0.0.0/0.0.0.0:15077
2024-01-14 08:11:30,288 [main] INFO  server.RaftServerConfigKeys (ConfUtils.java:logGet(46)) - raft.server.storage.dir = [/home/runner/work/ozone/ozone/hadoop-ozone/integration-test/target/test-dir/MiniOzoneClusterImpl-cd00605b-e4dc-4ea1-ab7e-d8be28c4d560/datanode-1/data/ratis] (custom)
2024-01-14 08:11:30,288 [main] INFO  server.RaftServerConfigKeys (ConfUtils.java:logGet(46)) - raft.server.threadpool.proxy.cached = true (default)
2024-01-14 08:11:30,288 [main] INFO  server.RaftServerConfigKeys (ConfUtils.java:logGet(46)) - raft.server.threadpool.proxy.size = 0 (default)
2024-01-14 08:11:30,288 [023fb60a-00b7-42be-9ceb-f38531668441-NettyServerStreamRpc-bossGroup--thread1] INFO  logging.LoggingHandler (AbstractInternalLogger.java:log(148)) - [id: 0x58a3276d, L:/0.0.0.0:15077] ACTIVE
2024-01-14 08:11:30,289 [023fb60a-00b7-42be-9ceb-f38531668441-impl-thread1] INFO  server.RaftServer (RaftServerProxy.java:initGroupDir(264)) - 023fb60a-00b7-42be-9ceb-f38531668441: found a subdirectory /home/runner/work/ozone/ozone/hadoop-ozone/integration-test/target/test-dir/MiniOzoneClusterImpl-cd00605b-e4dc-4ea1-ab7e-d8be28c4d560/datanode-1/data/ratis/tmp
2024-01-14 08:11:30,289 [023fb60a-00b7-42be-9ceb-f38531668441-impl-thread1] INFO  server.RaftServer (RaftServerProxy.java:initGroupDir(269)) - 023fb60a-00b7-42be-9ceb-f38531668441: The directory /home/runner/work/ozone/ozone/hadoop-ozone/integration-test/target/test-dir/MiniOzoneClusterImpl-cd00605b-e4dc-4ea1-ab7e-d8be28c4d560/datanode-1/data/ratis/tmp is not a group directory; ignoring it. 
2024-01-14 08:11:30,289 [main] INFO  replication.ReplicationServer (ReplicationServer.java:<init>(85)) - Initializing replication server with thread count = 10 queue length = 4096
2024-01-14 08:11:30,290 [main] INFO  server.XceiverServerGrpc (XceiverServerGrpc.java:<init>(141)) - GrpcServer channel type EpollServerSocketChannel
2024-01-14 08:11:30,292 [main] INFO  replication.ReplicationSupervisor (ReplicationSupervisor.java:build(163)) - Initializing replication supervisor with thread count = 10
2024-01-14 08:11:30,292 [main] INFO  replication.ReplicationSupervisor (ReplicationSupervisor.java:nodeStateUpdated(317)) - Node state updated to IN_SERVICE, scaling executor pool size to 10
2024-01-14 08:11:30,294 [main] INFO  http.BaseHttpServer (BaseHttpServer.java:newHttpServer2BuilderForOzone(223)) - Starting Web-server for hddsDatanode at: http://0.0.0.0:15071
2024-01-14 08:11:30,294 [main] INFO  http.BaseHttpServer (BaseHttpServer.java:<init>(110)) - Hadoop Security Enabled: false Ozone Security Enabled: false Ozone HTTP Security Enabled: false 
2024-01-14 08:11:30,296 [main] WARN  server.AuthenticationFilter (AuthenticationFilter.java:constructSecretProvider(240)) - Unable to initialize FileSignerSecretProvider, falling back to use random secrets. Reason: Could not read signature secret file: /home/runner/hadoop-http-auth-signature-secret
2024-01-14 08:11:30,296 [main] INFO  http.HttpRequestLog (HttpRequestLog.java:getRequestLog(86)) - Http request log for http.requests.hddsDatanode is not defined
2024-01-14 08:11:30,297 [main] INFO  http.HttpServer2 (HttpServer2.java:addGlobalFilter(1036)) - Added global filter 'safety' (class=org.apache.hadoop.hdds.server.http.HttpServer2$QuotingInputFilter)
2024-01-14 08:11:30,298 [main] INFO  http.HttpServer2 (HttpServer2.java:addFilter(1012)) - Added filter static_user_filter (class=org.apache.hadoop.http.lib.StaticUserWebFilter$StaticUserFilter) to context hddsDatanode
2024-01-14 08:11:30,298 [main] INFO  http.HttpServer2 (HttpServer2.java:addFilter(1020)) - Added filter static_user_filter (class=org.apache.hadoop.http.lib.StaticUserWebFilter$StaticUserFilter) to context static
2024-01-14 08:11:30,298 [main] INFO  http.HttpServer2 (HttpServer2.java:addFilter(1020)) - Added filter static_user_filter (class=org.apache.hadoop.http.lib.StaticUserWebFilter$StaticUserFilter) to context logs
2024-01-14 08:11:30,299 [main] INFO  http.BaseHttpServer (BaseHttpServer.java:<init>(189)) - HTTP server of hddsDatanode uses base directory /home/runner/work/ozone/ozone/hadoop-ozone/integration-test/target/test-dir/MiniOzoneClusterImpl-cd00605b-e4dc-4ea1-ab7e-d8be28c4d560/datanode-1/meta/webserver
2024-01-14 08:11:30,299 [main] INFO  http.HttpServer2 (HttpServer2.java:bindListener(1236)) - Jetty bound to port 15071
2024-01-14 08:11:30,299 [main] INFO  server.Server (Server.java:doStart(375)) - jetty-9.4.53.v20231009; built: 2023-10-09T12:29:09.265Z; git: 27bde00a0b95a1d5bbee0eae7984f891d2d0f8c9; jvm 1.8.0_392-b08
2024-01-14 08:11:30,300 [main] INFO  server.session (DefaultSessionIdManager.java:doStart(334)) - DefaultSessionIdManager workerName=node0
2024-01-14 08:11:30,301 [main] INFO  server.session (DefaultSessionIdManager.java:doStart(339)) - No SessionScavenger set, using defaults
2024-01-14 08:11:30,301 [main] INFO  server.session (HouseKeeper.java:startScavenging(132)) - node0 Scavenging every 600000ms
2024-01-14 08:11:30,301 [main] INFO  handler.ContextHandler (ContextHandler.java:doStart(921)) - Started o.e.j.s.ServletContextHandler@3a538cdd{logs,/logs,file:///home/runner/work/ozone/ozone/hadoop-ozone/integration-test/target/log,AVAILABLE}
2024-01-14 08:11:30,302 [main] INFO  handler.ContextHandler (ContextHandler.java:doStart(921)) - Started o.e.j.s.ServletContextHandler@21eed33d{static,/static,jar:file:/home/runner/.m2/repository/org/apache/ozone/hdds-container-service/1.5.0-SNAPSHOT/hdds-container-service-1.5.0-SNAPSHOT.jar!/webapps/static,AVAILABLE}
2024-01-14 08:11:30,334 [main] INFO  handler.ContextHandler (ContextHandler.java:doStart(921)) - Started o.e.j.w.WebAppContext@66eb549{hddsDatanode,/,file:///home/runner/work/ozone/ozone/hadoop-ozone/integration-test/target/test-dir/MiniOzoneClusterImpl-cd00605b-e4dc-4ea1-ab7e-d8be28c4d560/datanode-1/meta/webserver/jetty-0_0_0_0-15071-hdds-container-service-1_5_0-SNAPSHOT_jar-_-any-4747739694505336567/webapp/,AVAILABLE}{jar:file:/home/runner/.m2/repository/org/apache/ozone/hdds-container-service/1.5.0-SNAPSHOT/hdds-container-service-1.5.0-SNAPSHOT.jar!/webapps/hddsDatanode}
2024-01-14 08:11:30,337 [main] INFO  server.AbstractConnector (AbstractConnector.java:doStart(333)) - Started ServerConnector@4bc18798{HTTP/1.1, (http/1.1)}{0.0.0.0:15071}
2024-01-14 08:11:30,337 [main] INFO  server.Server (Server.java:doStart(415)) - Started @24799ms
2024-01-14 08:11:30,337 [main] WARN  impl.MetricsSystemImpl (MetricsSystemImpl.java:register(279)) - Sink prometheus already exists!
2024-01-14 08:11:30,337 [main] INFO  http.BaseHttpServer (BaseHttpServer.java:updateConnectorAddress(354)) - HTTP server of hddsDatanode listening at http://0.0.0.0:15071
2024-01-14 08:11:30,338 [main] INFO  ipc.CallQueueManager (CallQueueManager.java:<init>(90)) - Using callQueue: class java.util.concurrent.LinkedBlockingQueue, queueCapacity: 100, scheduler: class org.apache.hadoop.ipc.DefaultRpcScheduler, ipcBackoff: false.
2024-01-14 08:11:30,338 [main] INFO  ipc.Server (Server.java:<init>(1287)) - Listener at 0.0.0.0:15072
2024-01-14 08:11:30,338 [Socket Reader #1 for port 15072] INFO  ipc.Server (Server.java:run(1323)) - Starting Socket Reader #1 for port 15072
2024-01-14 08:11:30,340 [main] INFO  ozone.HddsDatanodeService (HddsDatanodeService.java:start(324)) - Datanode start with admins: [runner]
2024-01-14 08:11:30,340 [main] INFO  ozone.HddsDatanodeClientProtocolServer (HddsDatanodeClientProtocolServer.java:start(72)) - RPC server for Client /0.0.0.0:15072
2024-01-14 08:11:30,340 [IPC Server Responder] INFO  ipc.Server (Server.java:run(1562)) - IPC Server Responder: starting
2024-01-14 08:11:30,340 [IPC Server listener on 15072] INFO  ipc.Server (Server.java:run(1402)) - IPC Server listener on 15072: starting
2024-01-14 08:11:30,345 [023fb60a-00b7-42be-9ceb-f38531668441-DatanodeStateMachineDaemonThread] INFO  statemachine.DatanodeStateMachine (DatanodeStateMachine.java:lambda$startDaemon$1(555)) - Ozone container server started.
2024-01-14 08:11:30,348 [main] WARN  dropwizard3.Dm3MetricRegistriesImpl (Dm3MetricRegistriesImpl.java:addReporterRegistration(113)) - New reporters are added after registries were created. Some metrics will be missing from the reporter. Please add reporter before adding any new registry.
2024-01-14 08:11:30,348 [main] WARN  dropwizard3.Dm3MetricRegistriesImpl (Dm3MetricRegistriesImpl.java:addReporterRegistration(113)) - New reporters are added after registries were created. Some metrics will be missing from the reporter. Please add reporter before adding any new registry.
2024-01-14 08:11:30,348 [main] INFO  impl.MetricsSystemImpl (MetricsSystemImpl.java:init(158)) - HddsDatanode metrics system started (again)
2024-01-14 08:11:30,350 [023fb60a-00b7-42be-9ceb-f38531668441-DatanodeStateMachineTaskThread-0] INFO  datanode.InitDatanodeState (InitDatanodeState.java:persistContainerDatanodeDetails(139)) - DatanodeDetails is persisted to /home/runner/work/ozone/ozone/hadoop-ozone/integration-test/target/test-dir/MiniOzoneClusterImpl-cd00605b-e4dc-4ea1-ab7e-d8be28c4d560/datanode-1/meta/datanode.id
2024-01-14 08:11:30,357 [main] INFO  ozone.HddsDatanodeService (HddsDatanodeService.java:start(239)) - HddsDatanodeService host:fv-az737-837 ip:10.1.0.100
2024-01-14 08:11:30,376 [main] INFO  upgrade.AbstractLayoutVersionManager (AbstractLayoutVersionManager.java:init(83)) - Initializing Layout version manager with metadata layout = HADOOP_PRC_PORTS_IN_DATANODEDETAILS (version = 7), software layout = HADOOP_PRC_PORTS_IN_DATANODEDETAILS (version = 7)
2024-01-14 08:11:30,376 [main] INFO  statemachine.DatanodeStateMachine (DatanodeStateMachine.java:getEndPointTaskThreadPoolSize(299)) - Datanode State Machine Task Thread Pool size 2
2024-01-14 08:11:30,378 [main] INFO  volume.HddsVolume (HddsVolume.java:<init>(125)) - Creating HddsVolume: /home/runner/work/ozone/ozone/hadoop-ozone/integration-test/target/test-dir/MiniOzoneClusterImpl-cd00605b-e4dc-4ea1-ab7e-d8be28c4d560/datanode-2/data-0/containers/hdds of storage type : DISK capacity : 9223372036854775807
2024-01-14 08:11:30,378 [main] INFO  volume.MutableVolumeSet (MutableVolumeSet.java:initializeVolumeSet(173)) - Added Volume : /home/runner/work/ozone/ozone/hadoop-ozone/integration-test/target/test-dir/MiniOzoneClusterImpl-cd00605b-e4dc-4ea1-ab7e-d8be28c4d560/datanode-2/data-0/containers/hdds to VolumeSet
2024-01-14 08:11:30,379 [main] INFO  volume.MutableVolumeSet (MutableVolumeSet.java:initializeVolumeSet(173)) - Added Volume : /home/runner/work/ozone/ozone/hadoop-ozone/integration-test/target/test-dir/MiniOzoneClusterImpl-cd00605b-e4dc-4ea1-ab7e-d8be28c4d560/datanode-2/data/ratis to VolumeSet
2024-01-14 08:11:30,380 [main] INFO  ozoneimpl.OzoneContainer (HddsVolumeUtil.java:loadAllHddsVolumeDbStore(103)) - Load 1 volumes DbStore cost: 0ms
2024-01-14 08:11:30,381 [5f8e001a-8213-4762-a64f-c492c0fad8a7-ContainerReader-0] INFO  ozoneimpl.ContainerReader (ContainerReader.java:readVolume(178)) - Finish verifying containers on volume /home/runner/work/ozone/ozone/hadoop-ozone/integration-test/target/test-dir/MiniOzoneClusterImpl-cd00605b-e4dc-4ea1-ab7e-d8be28c4d560/datanode-2/data-0/containers/hdds
2024-01-14 08:11:30,381 [main] INFO  ozoneimpl.OzoneContainer (OzoneContainer.java:buildContainerSet(328)) - Build ContainerSet costs 0s
2024-01-14 08:11:30,383 [main] INFO  server.RaftServer (ConfUtils.java:logGet(46)) - raft.rpc.type = GRPC (default)
2024-01-14 08:11:30,384 [main] INFO  grpc.GrpcConfigKeys (ConfUtils.java:logFallback(53)) - raft.grpc.admin.host = null (fallback to raft.grpc.server.host)
2024-01-14 08:11:30,384 [main] INFO  grpc.GrpcConfigKeys (ConfUtils.java:logGet(46)) - raft.grpc.admin.port = 15084 (custom)
2024-01-14 08:11:30,384 [main] INFO  grpc.GrpcConfigKeys (ConfUtils.java:logFallback(53)) - raft.grpc.client.host = null (fallback to raft.grpc.server.host)
2024-01-14 08:11:30,384 [main] INFO  grpc.GrpcConfigKeys (ConfUtils.java:logGet(46)) - raft.grpc.client.port = 15083 (custom)
2024-01-14 08:11:30,384 [main] INFO  grpc.GrpcConfigKeys (ConfUtils.java:logGet(46)) - raft.grpc.server.host = null (default)
2024-01-14 08:11:30,384 [main] INFO  grpc.GrpcConfigKeys (ConfUtils.java:logGet(46)) - raft.grpc.server.port = 15085 (custom)
2024-01-14 08:11:30,385 [main] INFO  server.GrpcService (ConfUtils.java:logGet(46)) - raft.grpc.message.size.max = 32MB (=33554432) (custom)
2024-01-14 08:11:30,385 [main] INFO  server.RaftServerConfigKeys (ConfUtils.java:logGet(46)) - raft.server.log.appender.buffer.byte-limit = 8388608 (custom)
2024-01-14 08:11:30,385 [main] INFO  server.GrpcService (ConfUtils.java:logGet(46)) - raft.grpc.flow.control.window = 5MB (=5242880) (custom)
2024-01-14 08:11:30,385 [main] INFO  server.RaftServerConfigKeys (ConfUtils.java:logGet(46)) - raft.server.rpc.request.timeout = 3000ms (default)
2024-01-14 08:11:30,385 [main] INFO  grpc.GrpcConfigKeys (ConfUtils.java:logGet(46)) - raft.grpc.server.heartbeat.channel = true (default)
2024-01-14 08:11:30,385 [main] INFO  grpc.GrpcConfigKeys (ConfUtils.java:logGet(46)) - raft.grpc.server.async.request.thread.pool.cached = true (default)
2024-01-14 08:11:30,385 [main] INFO  grpc.GrpcConfigKeys (ConfUtils.java:logGet(46)) - raft.grpc.server.async.request.thread.pool.size = 32 (default)
2024-01-14 08:11:30,387 [main] INFO  impl.DataStreamServerImpl (ConfUtils.java:logGet(46)) - raft.datastream.type = NETTY (custom)
2024-01-14 08:11:30,387 [main] INFO  server.RaftServerConfigKeys (ConfUtils.java:logGet(46)) - raft.server.data-stream.async.request.thread.pool.cached = false (default)
2024-01-14 08:11:30,388 [main] INFO  server.RaftServerConfigKeys (ConfUtils.java:logGet(46)) - raft.server.data-stream.async.request.thread.pool.size = 20 (custom)
2024-01-14 08:11:30,388 [main] INFO  server.RaftServerConfigKeys (ConfUtils.java:logGet(46)) - raft.server.data-stream.async.write.thread.pool.size = 16 (default)
2024-01-14 08:11:30,388 [main] INFO  netty.NettyConfigKeys$DataStream (ConfUtils.java:logGet(46)) - raft.netty.dataStream.server.channel.inactive.grace-period = 10min (default)
2024-01-14 08:11:30,388 [main] INFO  server.RaftServerConfigKeys (ConfUtils.java:logGet(46)) - raft.server.data-stream.client.pool.size = 10 (default)
2024-01-14 08:11:30,388 [main] INFO  netty.NettyConfigKeys$DataStream (ConfUtils.java:logGet(46)) - raft.netty.dataStream.server.use-epoll = true (default)
2024-01-14 08:11:30,389 [main] INFO  netty.NettyConfigKeys$DataStream (ConfUtils.java:logGet(46)) - raft.netty.dataStream.server.boss-group.size = 0 (default)
2024-01-14 08:11:30,389 [main] INFO  netty.NettyUtils (NettyUtils.java:newEventLoopGroup(69)) - Create EpollEventLoopGroup for 5f8e001a-8213-4762-a64f-c492c0fad8a7-NettyServerStreamRpc-bossGroup; Thread size is 0.
2024-01-14 08:11:30,389 [main] INFO  netty.NettyConfigKeys$DataStream (ConfUtils.java:logGet(46)) - raft.netty.dataStream.server.worker-group.size = 0 (default)
2024-01-14 08:11:30,389 [main] INFO  netty.NettyUtils (NettyUtils.java:newEventLoopGroup(69)) - Create EpollEventLoopGroup for 5f8e001a-8213-4762-a64f-c492c0fad8a7-NettyServerStreamRpc-workerGroup; Thread size is 0.
2024-01-14 08:11:30,390 [main] INFO  netty.NettyConfigKeys$DataStream (ConfUtils.java:logGet(46)) - raft.netty.dataStream.server.tls.conf = null (default)
2024-01-14 08:11:30,390 [main] INFO  netty.NettyConfigKeys$DataStream (ConfUtils.java:logGet(46)) - raft.netty.dataStream.host = null (default)
2024-01-14 08:11:30,390 [main] INFO  netty.NettyConfigKeys$DataStream (ConfUtils.java:logGet(46)) - raft.netty.dataStream.port = 15086 (custom)
2024-01-14 08:11:30,391 [main] INFO  server.RaftServerConfigKeys (ConfUtils.java:logGet(46)) - raft.server.sleep.deviation.threshold = 300ms (default)
2024-01-14 08:11:30,391 [5f8e001a-8213-4762-a64f-c492c0fad8a7-NettyServerStreamRpc-bossGroup--thread1] INFO  logging.LoggingHandler (AbstractInternalLogger.java:log(148)) - [id: 0xd6606e4a] REGISTERED
2024-01-14 08:11:30,391 [main] INFO  server.RaftServerConfigKeys (ConfUtils.java:logGet(46)) - raft.server.close.threshold = 60s (default)
2024-01-14 08:11:30,391 [5f8e001a-8213-4762-a64f-c492c0fad8a7-NettyServerStreamRpc-bossGroup--thread1] INFO  logging.LoggingHandler (AbstractInternalLogger.java:log(148)) - [id: 0xd6606e4a] BIND: 0.0.0.0/0.0.0.0:15086
2024-01-14 08:11:30,391 [main] INFO  server.RaftServerConfigKeys (ConfUtils.java:logGet(46)) - raft.server.leaderelection.leader.step-down.wait-time = 10s (default)
2024-01-14 08:11:30,391 [5f8e001a-8213-4762-a64f-c492c0fad8a7-NettyServerStreamRpc-bossGroup--thread1] INFO  logging.LoggingHandler (AbstractInternalLogger.java:log(148)) - [id: 0xd6606e4a, L:/0.0.0.0:15086] ACTIVE
2024-01-14 08:11:30,392 [main] INFO  server.RaftServerConfigKeys (ConfUtils.java:logGet(46)) - raft.server.storage.dir = [/home/runner/work/ozone/ozone/hadoop-ozone/integration-test/target/test-dir/MiniOzoneClusterImpl-cd00605b-e4dc-4ea1-ab7e-d8be28c4d560/datanode-2/data/ratis] (custom)
2024-01-14 08:11:30,392 [main] INFO  server.RaftServerConfigKeys (ConfUtils.java:logGet(46)) - raft.server.threadpool.proxy.cached = true (default)
2024-01-14 08:11:30,392 [main] INFO  server.RaftServerConfigKeys (ConfUtils.java:logGet(46)) - raft.server.threadpool.proxy.size = 0 (default)
2024-01-14 08:11:30,392 [5f8e001a-8213-4762-a64f-c492c0fad8a7-impl-thread1] INFO  server.RaftServer (RaftServerProxy.java:initGroupDir(264)) - 5f8e001a-8213-4762-a64f-c492c0fad8a7: found a subdirectory /home/runner/work/ozone/ozone/hadoop-ozone/integration-test/target/test-dir/MiniOzoneClusterImpl-cd00605b-e4dc-4ea1-ab7e-d8be28c4d560/datanode-2/data/ratis/tmp
2024-01-14 08:11:30,392 [5f8e001a-8213-4762-a64f-c492c0fad8a7-impl-thread1] INFO  server.RaftServer (RaftServerProxy.java:initGroupDir(269)) - 5f8e001a-8213-4762-a64f-c492c0fad8a7: The directory /home/runner/work/ozone/ozone/hadoop-ozone/integration-test/target/test-dir/MiniOzoneClusterImpl-cd00605b-e4dc-4ea1-ab7e-d8be28c4d560/datanode-2/data/ratis/tmp is not a group directory; ignoring it. 
2024-01-14 08:11:30,393 [main] INFO  replication.ReplicationServer (ReplicationServer.java:<init>(85)) - Initializing replication server with thread count = 10 queue length = 4096
2024-01-14 08:11:30,393 [main] INFO  server.XceiverServerGrpc (XceiverServerGrpc.java:<init>(141)) - GrpcServer channel type EpollServerSocketChannel
2024-01-14 08:11:30,395 [main] INFO  replication.ReplicationSupervisor (ReplicationSupervisor.java:build(163)) - Initializing replication supervisor with thread count = 10
2024-01-14 08:11:30,395 [main] INFO  replication.ReplicationSupervisor (ReplicationSupervisor.java:nodeStateUpdated(317)) - Node state updated to IN_SERVICE, scaling executor pool size to 10
2024-01-14 08:11:30,396 [main] INFO  http.BaseHttpServer (BaseHttpServer.java:newHttpServer2BuilderForOzone(223)) - Starting Web-server for hddsDatanode at: http://0.0.0.0:15080
2024-01-14 08:11:30,397 [main] INFO  http.BaseHttpServer (BaseHttpServer.java:<init>(110)) - Hadoop Security Enabled: false Ozone Security Enabled: false Ozone HTTP Security Enabled: false 
2024-01-14 08:11:30,397 [main] WARN  server.AuthenticationFilter (AuthenticationFilter.java:constructSecretProvider(240)) - Unable to initialize FileSignerSecretProvider, falling back to use random secrets. Reason: Could not read signature secret file: /home/runner/hadoop-http-auth-signature-secret
2024-01-14 08:11:30,398 [main] INFO  http.HttpRequestLog (HttpRequestLog.java:getRequestLog(86)) - Http request log for http.requests.hddsDatanode is not defined
2024-01-14 08:11:30,399 [main] INFO  http.HttpServer2 (HttpServer2.java:addGlobalFilter(1036)) - Added global filter 'safety' (class=org.apache.hadoop.hdds.server.http.HttpServer2$QuotingInputFilter)
2024-01-14 08:11:30,400 [main] INFO  http.HttpServer2 (HttpServer2.java:addFilter(1012)) - Added filter static_user_filter (class=org.apache.hadoop.http.lib.StaticUserWebFilter$StaticUserFilter) to context hddsDatanode
2024-01-14 08:11:30,400 [main] INFO  http.HttpServer2 (HttpServer2.java:addFilter(1020)) - Added filter static_user_filter (class=org.apache.hadoop.http.lib.StaticUserWebFilter$StaticUserFilter) to context static
2024-01-14 08:11:30,400 [main] INFO  http.HttpServer2 (HttpServer2.java:addFilter(1020)) - Added filter static_user_filter (class=org.apache.hadoop.http.lib.StaticUserWebFilter$StaticUserFilter) to context logs
2024-01-14 08:11:30,400 [main] INFO  http.BaseHttpServer (BaseHttpServer.java:<init>(189)) - HTTP server of hddsDatanode uses base directory /home/runner/work/ozone/ozone/hadoop-ozone/integration-test/target/test-dir/MiniOzoneClusterImpl-cd00605b-e4dc-4ea1-ab7e-d8be28c4d560/datanode-2/meta/webserver
2024-01-14 08:11:30,401 [main] INFO  http.HttpServer2 (HttpServer2.java:bindListener(1236)) - Jetty bound to port 15080
2024-01-14 08:11:30,401 [main] INFO  server.Server (Server.java:doStart(375)) - jetty-9.4.53.v20231009; built: 2023-10-09T12:29:09.265Z; git: 27bde00a0b95a1d5bbee0eae7984f891d2d0f8c9; jvm 1.8.0_392-b08
2024-01-14 08:11:30,402 [main] INFO  server.session (DefaultSessionIdManager.java:doStart(334)) - DefaultSessionIdManager workerName=node0
2024-01-14 08:11:30,402 [main] INFO  server.session (DefaultSessionIdManager.java:doStart(339)) - No SessionScavenger set, using defaults
2024-01-14 08:11:30,402 [main] INFO  server.session (HouseKeeper.java:startScavenging(132)) - node0 Scavenging every 660000ms
2024-01-14 08:11:30,402 [main] INFO  handler.ContextHandler (ContextHandler.java:doStart(921)) - Started o.e.j.s.ServletContextHandler@67be4ad3{logs,/logs,file:///home/runner/work/ozone/ozone/hadoop-ozone/integration-test/target/log,AVAILABLE}
2024-01-14 08:11:30,403 [main] INFO  handler.ContextHandler (ContextHandler.java:doStart(921)) - Started o.e.j.s.ServletContextHandler@1bad0648{static,/static,jar:file:/home/runner/.m2/repository/org/apache/ozone/hdds-container-service/1.5.0-SNAPSHOT/hdds-container-service-1.5.0-SNAPSHOT.jar!/webapps/static,AVAILABLE}
2024-01-14 08:11:30,436 [main] INFO  handler.ContextHandler (ContextHandler.java:doStart(921)) - Started o.e.j.w.WebAppContext@ebd948d{hddsDatanode,/,file:///home/runner/work/ozone/ozone/hadoop-ozone/integration-test/target/test-dir/MiniOzoneClusterImpl-cd00605b-e4dc-4ea1-ab7e-d8be28c4d560/datanode-2/meta/webserver/jetty-0_0_0_0-15080-hdds-container-service-1_5_0-SNAPSHOT_jar-_-any-8225585618142792007/webapp/,AVAILABLE}{jar:file:/home/runner/.m2/repository/org/apache/ozone/hdds-container-service/1.5.0-SNAPSHOT/hdds-container-service-1.5.0-SNAPSHOT.jar!/webapps/hddsDatanode}
2024-01-14 08:11:30,437 [main] INFO  server.AbstractConnector (AbstractConnector.java:doStart(333)) - Started ServerConnector@7e1d3706{HTTP/1.1, (http/1.1)}{0.0.0.0:15080}
2024-01-14 08:11:30,437 [main] INFO  server.Server (Server.java:doStart(415)) - Started @24899ms
2024-01-14 08:11:30,438 [main] WARN  impl.MetricsSystemImpl (MetricsSystemImpl.java:register(279)) - Sink prometheus already exists!
2024-01-14 08:11:30,438 [main] INFO  http.BaseHttpServer (BaseHttpServer.java:updateConnectorAddress(354)) - HTTP server of hddsDatanode listening at http://0.0.0.0:15080
2024-01-14 08:11:30,439 [main] INFO  ipc.CallQueueManager (CallQueueManager.java:<init>(90)) - Using callQueue: class java.util.concurrent.LinkedBlockingQueue, queueCapacity: 100, scheduler: class org.apache.hadoop.ipc.DefaultRpcScheduler, ipcBackoff: false.
2024-01-14 08:11:30,439 [main] INFO  ipc.Server (Server.java:<init>(1287)) - Listener at 0.0.0.0:15081
2024-01-14 08:11:30,439 [Socket Reader #1 for port 15081] INFO  ipc.Server (Server.java:run(1323)) - Starting Socket Reader #1 for port 15081
2024-01-14 08:11:30,441 [main] INFO  ozone.HddsDatanodeService (HddsDatanodeService.java:start(324)) - Datanode start with admins: [runner]
2024-01-14 08:11:30,441 [main] INFO  ozone.HddsDatanodeClientProtocolServer (HddsDatanodeClientProtocolServer.java:start(72)) - RPC server for Client /0.0.0.0:15081
2024-01-14 08:11:30,442 [IPC Server Responder] INFO  ipc.Server (Server.java:run(1562)) - IPC Server Responder: starting
2024-01-14 08:11:30,442 [main] WARN  dropwizard3.Dm3MetricRegistriesImpl (Dm3MetricRegistriesImpl.java:addReporterRegistration(113)) - New reporters are added after registries were created. Some metrics will be missing from the reporter. Please add reporter before adding any new registry.
2024-01-14 08:11:30,443 [main] WARN  dropwizard3.Dm3MetricRegistriesImpl (Dm3MetricRegistriesImpl.java:addReporterRegistration(113)) - New reporters are added after registries were created. Some metrics will be missing from the reporter. Please add reporter before adding any new registry.
2024-01-14 08:11:30,443 [main] INFO  impl.MetricsSystemImpl (MetricsSystemImpl.java:init(158)) - HddsDatanode metrics system started (again)
2024-01-14 08:11:30,442 [IPC Server listener on 15081] INFO  ipc.Server (Server.java:run(1402)) - IPC Server listener on 15081: starting
2024-01-14 08:11:30,442 [5f8e001a-8213-4762-a64f-c492c0fad8a7-DatanodeStateMachineDaemonThread] INFO  statemachine.DatanodeStateMachine (DatanodeStateMachine.java:lambda$startDaemon$1(555)) - Ozone container server started.
2024-01-14 08:11:30,453 [5f8e001a-8213-4762-a64f-c492c0fad8a7-DatanodeStateMachineTaskThread-0] INFO  datanode.InitDatanodeState (InitDatanodeState.java:persistContainerDatanodeDetails(139)) - DatanodeDetails is persisted to /home/runner/work/ozone/ozone/hadoop-ozone/integration-test/target/test-dir/MiniOzoneClusterImpl-cd00605b-e4dc-4ea1-ab7e-d8be28c4d560/datanode-2/meta/datanode.id
2024-01-14 08:11:30,457 [main] INFO  ozone.HddsDatanodeService (HddsDatanodeService.java:start(239)) - HddsDatanodeService host:fv-az737-837 ip:10.1.0.100
2024-01-14 08:11:30,477 [main] INFO  upgrade.AbstractLayoutVersionManager (AbstractLayoutVersionManager.java:init(83)) - Initializing Layout version manager with metadata layout = HADOOP_PRC_PORTS_IN_DATANODEDETAILS (version = 7), software layout = HADOOP_PRC_PORTS_IN_DATANODEDETAILS (version = 7)
2024-01-14 08:11:30,477 [main] INFO  statemachine.DatanodeStateMachine (DatanodeStateMachine.java:getEndPointTaskThreadPoolSize(299)) - Datanode State Machine Task Thread Pool size 2
2024-01-14 08:11:30,480 [main] INFO  volume.HddsVolume (HddsVolume.java:<init>(125)) - Creating HddsVolume: /home/runner/work/ozone/ozone/hadoop-ozone/integration-test/target/test-dir/MiniOzoneClusterImpl-cd00605b-e4dc-4ea1-ab7e-d8be28c4d560/datanode-3/data-0/containers/hdds of storage type : DISK capacity : 9223372036854775807
2024-01-14 08:11:30,480 [main] INFO  volume.MutableVolumeSet (MutableVolumeSet.java:initializeVolumeSet(173)) - Added Volume : /home/runner/work/ozone/ozone/hadoop-ozone/integration-test/target/test-dir/MiniOzoneClusterImpl-cd00605b-e4dc-4ea1-ab7e-d8be28c4d560/datanode-3/data-0/containers/hdds to VolumeSet
2024-01-14 08:11:30,481 [main] INFO  volume.MutableVolumeSet (MutableVolumeSet.java:initializeVolumeSet(173)) - Added Volume : /home/runner/work/ozone/ozone/hadoop-ozone/integration-test/target/test-dir/MiniOzoneClusterImpl-cd00605b-e4dc-4ea1-ab7e-d8be28c4d560/datanode-3/data/ratis to VolumeSet
2024-01-14 08:11:30,481 [main] INFO  ozoneimpl.OzoneContainer (HddsVolumeUtil.java:loadAllHddsVolumeDbStore(103)) - Load 1 volumes DbStore cost: 0ms
2024-01-14 08:11:30,482 [c2087a49-c200-4cc5-9876-7cd2477b3505-ContainerReader-0] INFO  ozoneimpl.ContainerReader (ContainerReader.java:readVolume(178)) - Finish verifying containers on volume /home/runner/work/ozone/ozone/hadoop-ozone/integration-test/target/test-dir/MiniOzoneClusterImpl-cd00605b-e4dc-4ea1-ab7e-d8be28c4d560/datanode-3/data-0/containers/hdds
2024-01-14 08:11:30,482 [main] INFO  ozoneimpl.OzoneContainer (OzoneContainer.java:buildContainerSet(328)) - Build ContainerSet costs 0s
2024-01-14 08:11:30,484 [main] INFO  server.RaftServer (ConfUtils.java:logGet(46)) - raft.rpc.type = GRPC (default)
2024-01-14 08:11:30,485 [main] INFO  grpc.GrpcConfigKeys (ConfUtils.java:logFallback(53)) - raft.grpc.admin.host = null (fallback to raft.grpc.server.host)
2024-01-14 08:11:30,485 [main] INFO  grpc.GrpcConfigKeys (ConfUtils.java:logGet(46)) - raft.grpc.admin.port = 15093 (custom)
2024-01-14 08:11:30,485 [main] INFO  grpc.GrpcConfigKeys (ConfUtils.java:logFallback(53)) - raft.grpc.client.host = null (fallback to raft.grpc.server.host)
2024-01-14 08:11:30,485 [main] INFO  grpc.GrpcConfigKeys (ConfUtils.java:logGet(46)) - raft.grpc.client.port = 15092 (custom)
2024-01-14 08:11:30,485 [main] INFO  grpc.GrpcConfigKeys (ConfUtils.java:logGet(46)) - raft.grpc.server.host = null (default)
2024-01-14 08:11:30,486 [main] INFO  grpc.GrpcConfigKeys (ConfUtils.java:logGet(46)) - raft.grpc.server.port = 15094 (custom)
2024-01-14 08:11:30,486 [main] INFO  server.GrpcService (ConfUtils.java:logGet(46)) - raft.grpc.message.size.max = 32MB (=33554432) (custom)
2024-01-14 08:11:30,486 [main] INFO  server.RaftServerConfigKeys (ConfUtils.java:logGet(46)) - raft.server.log.appender.buffer.byte-limit = 8388608 (custom)
2024-01-14 08:11:30,486 [main] INFO  server.GrpcService (ConfUtils.java:logGet(46)) - raft.grpc.flow.control.window = 5MB (=5242880) (custom)
2024-01-14 08:11:30,486 [main] INFO  server.RaftServerConfigKeys (ConfUtils.java:logGet(46)) - raft.server.rpc.request.timeout = 3000ms (default)
2024-01-14 08:11:30,487 [main] INFO  grpc.GrpcConfigKeys (ConfUtils.java:logGet(46)) - raft.grpc.server.heartbeat.channel = true (default)
2024-01-14 08:11:30,487 [main] INFO  grpc.GrpcConfigKeys (ConfUtils.java:logGet(46)) - raft.grpc.server.async.request.thread.pool.cached = true (default)
2024-01-14 08:11:30,487 [main] INFO  grpc.GrpcConfigKeys (ConfUtils.java:logGet(46)) - raft.grpc.server.async.request.thread.pool.size = 32 (default)
2024-01-14 08:11:30,489 [main] INFO  impl.DataStreamServerImpl (ConfUtils.java:logGet(46)) - raft.datastream.type = NETTY (custom)
2024-01-14 08:11:30,490 [main] INFO  server.RaftServerConfigKeys (ConfUtils.java:logGet(46)) - raft.server.data-stream.async.request.thread.pool.cached = false (default)
2024-01-14 08:11:30,490 [main] INFO  server.RaftServerConfigKeys (ConfUtils.java:logGet(46)) - raft.server.data-stream.async.request.thread.pool.size = 20 (custom)
2024-01-14 08:11:30,490 [main] INFO  server.RaftServerConfigKeys (ConfUtils.java:logGet(46)) - raft.server.data-stream.async.write.thread.pool.size = 16 (default)
2024-01-14 08:11:30,490 [main] INFO  netty.NettyConfigKeys$DataStream (ConfUtils.java:logGet(46)) - raft.netty.dataStream.server.channel.inactive.grace-period = 10min (default)
2024-01-14 08:11:30,491 [main] INFO  server.RaftServerConfigKeys (ConfUtils.java:logGet(46)) - raft.server.data-stream.client.pool.size = 10 (default)
2024-01-14 08:11:30,491 [main] INFO  netty.NettyConfigKeys$DataStream (ConfUtils.java:logGet(46)) - raft.netty.dataStream.server.use-epoll = true (default)
2024-01-14 08:11:30,491 [main] INFO  netty.NettyConfigKeys$DataStream (ConfUtils.java:logGet(46)) - raft.netty.dataStream.server.boss-group.size = 0 (default)
2024-01-14 08:11:30,491 [main] INFO  netty.NettyUtils (NettyUtils.java:newEventLoopGroup(69)) - Create EpollEventLoopGroup for c2087a49-c200-4cc5-9876-7cd2477b3505-NettyServerStreamRpc-bossGroup; Thread size is 0.
2024-01-14 08:11:30,492 [main] INFO  netty.NettyConfigKeys$DataStream (ConfUtils.java:logGet(46)) - raft.netty.dataStream.server.worker-group.size = 0 (default)
2024-01-14 08:11:30,492 [main] INFO  netty.NettyUtils (NettyUtils.java:newEventLoopGroup(69)) - Create EpollEventLoopGroup for c2087a49-c200-4cc5-9876-7cd2477b3505-NettyServerStreamRpc-workerGroup; Thread size is 0.
2024-01-14 08:11:30,492 [main] INFO  netty.NettyConfigKeys$DataStream (ConfUtils.java:logGet(46)) - raft.netty.dataStream.server.tls.conf = null (default)
2024-01-14 08:11:30,493 [main] INFO  netty.NettyConfigKeys$DataStream (ConfUtils.java:logGet(46)) - raft.netty.dataStream.host = null (default)
2024-01-14 08:11:30,493 [main] INFO  netty.NettyConfigKeys$DataStream (ConfUtils.java:logGet(46)) - raft.netty.dataStream.port = 15095 (custom)
2024-01-14 08:11:30,493 [main] INFO  server.RaftServerConfigKeys (ConfUtils.java:logGet(46)) - raft.server.sleep.deviation.threshold = 300ms (default)
2024-01-14 08:11:30,494 [main] INFO  server.RaftServerConfigKeys (ConfUtils.java:logGet(46)) - raft.server.close.threshold = 60s (default)
2024-01-14 08:11:30,494 [main] INFO  server.RaftServerConfigKeys (ConfUtils.java:logGet(46)) - raft.server.leaderelection.leader.step-down.wait-time = 10s (default)
2024-01-14 08:11:30,494 [main] INFO  server.RaftServerConfigKeys (ConfUtils.java:logGet(46)) - raft.server.storage.dir = [/home/runner/work/ozone/ozone/hadoop-ozone/integration-test/target/test-dir/MiniOzoneClusterImpl-cd00605b-e4dc-4ea1-ab7e-d8be28c4d560/datanode-3/data/ratis] (custom)
2024-01-14 08:11:30,494 [main] INFO  server.RaftServerConfigKeys (ConfUtils.java:logGet(46)) - raft.server.threadpool.proxy.cached = true (default)
2024-01-14 08:11:30,494 [main] INFO  server.RaftServerConfigKeys (ConfUtils.java:logGet(46)) - raft.server.threadpool.proxy.size = 0 (default)
2024-01-14 08:11:30,493 [c2087a49-c200-4cc5-9876-7cd2477b3505-NettyServerStreamRpc-bossGroup--thread1] INFO  logging.LoggingHandler (AbstractInternalLogger.java:log(148)) - [id: 0x62c968be] REGISTERED
2024-01-14 08:11:30,495 [c2087a49-c200-4cc5-9876-7cd2477b3505-NettyServerStreamRpc-bossGroup--thread1] INFO  logging.LoggingHandler (AbstractInternalLogger.java:log(148)) - [id: 0x62c968be] BIND: 0.0.0.0/0.0.0.0:15095
2024-01-14 08:11:30,495 [c2087a49-c200-4cc5-9876-7cd2477b3505-impl-thread1] INFO  server.RaftServer (RaftServerProxy.java:initGroupDir(264)) - c2087a49-c200-4cc5-9876-7cd2477b3505: found a subdirectory /home/runner/work/ozone/ozone/hadoop-ozone/integration-test/target/test-dir/MiniOzoneClusterImpl-cd00605b-e4dc-4ea1-ab7e-d8be28c4d560/datanode-3/data/ratis/tmp
2024-01-14 08:11:30,495 [c2087a49-c200-4cc5-9876-7cd2477b3505-NettyServerStreamRpc-bossGroup--thread1] INFO  logging.LoggingHandler (AbstractInternalLogger.java:log(148)) - [id: 0x62c968be, L:/0.0.0.0:15095] ACTIVE
2024-01-14 08:11:30,495 [c2087a49-c200-4cc5-9876-7cd2477b3505-impl-thread1] INFO  server.RaftServer (RaftServerProxy.java:initGroupDir(269)) - c2087a49-c200-4cc5-9876-7cd2477b3505: The directory /home/runner/work/ozone/ozone/hadoop-ozone/integration-test/target/test-dir/MiniOzoneClusterImpl-cd00605b-e4dc-4ea1-ab7e-d8be28c4d560/datanode-3/data/ratis/tmp is not a group directory; ignoring it. 
2024-01-14 08:11:30,495 [main] INFO  replication.ReplicationServer (ReplicationServer.java:<init>(85)) - Initializing replication server with thread count = 10 queue length = 4096
2024-01-14 08:11:30,496 [main] INFO  server.XceiverServerGrpc (XceiverServerGrpc.java:<init>(141)) - GrpcServer channel type EpollServerSocketChannel
2024-01-14 08:11:30,498 [main] INFO  replication.ReplicationSupervisor (ReplicationSupervisor.java:build(163)) - Initializing replication supervisor with thread count = 10
2024-01-14 08:11:30,498 [main] INFO  replication.ReplicationSupervisor (ReplicationSupervisor.java:nodeStateUpdated(317)) - Node state updated to IN_SERVICE, scaling executor pool size to 10
2024-01-14 08:11:30,499 [main] INFO  http.BaseHttpServer (BaseHttpServer.java:newHttpServer2BuilderForOzone(223)) - Starting Web-server for hddsDatanode at: http://0.0.0.0:15089
2024-01-14 08:11:30,500 [main] INFO  http.BaseHttpServer (BaseHttpServer.java:<init>(110)) - Hadoop Security Enabled: false Ozone Security Enabled: false Ozone HTTP Security Enabled: false 
2024-01-14 08:11:30,501 [main] WARN  server.AuthenticationFilter (AuthenticationFilter.java:constructSecretProvider(240)) - Unable to initialize FileSignerSecretProvider, falling back to use random secrets. Reason: Could not read signature secret file: /home/runner/hadoop-http-auth-signature-secret
2024-01-14 08:11:30,501 [main] INFO  http.HttpRequestLog (HttpRequestLog.java:getRequestLog(86)) - Http request log for http.requests.hddsDatanode is not defined
2024-01-14 08:11:30,502 [main] INFO  http.HttpServer2 (HttpServer2.java:addGlobalFilter(1036)) - Added global filter 'safety' (class=org.apache.hadoop.hdds.server.http.HttpServer2$QuotingInputFilter)
2024-01-14 08:11:30,503 [main] INFO  http.HttpServer2 (HttpServer2.java:addFilter(1012)) - Added filter static_user_filter (class=org.apache.hadoop.http.lib.StaticUserWebFilter$StaticUserFilter) to context hddsDatanode
2024-01-14 08:11:30,503 [main] INFO  http.HttpServer2 (HttpServer2.java:addFilter(1020)) - Added filter static_user_filter (class=org.apache.hadoop.http.lib.StaticUserWebFilter$StaticUserFilter) to context logs
2024-01-14 08:11:30,503 [main] INFO  http.HttpServer2 (HttpServer2.java:addFilter(1020)) - Added filter static_user_filter (class=org.apache.hadoop.http.lib.StaticUserWebFilter$StaticUserFilter) to context static
2024-01-14 08:11:30,504 [main] INFO  http.BaseHttpServer (BaseHttpServer.java:<init>(189)) - HTTP server of hddsDatanode uses base directory /home/runner/work/ozone/ozone/hadoop-ozone/integration-test/target/test-dir/MiniOzoneClusterImpl-cd00605b-e4dc-4ea1-ab7e-d8be28c4d560/datanode-3/meta/webserver
2024-01-14 08:11:30,504 [main] INFO  http.HttpServer2 (HttpServer2.java:bindListener(1236)) - Jetty bound to port 15089
2024-01-14 08:11:30,504 [main] INFO  server.Server (Server.java:doStart(375)) - jetty-9.4.53.v20231009; built: 2023-10-09T12:29:09.265Z; git: 27bde00a0b95a1d5bbee0eae7984f891d2d0f8c9; jvm 1.8.0_392-b08
2024-01-14 08:11:30,505 [main] INFO  server.session (DefaultSessionIdManager.java:doStart(334)) - DefaultSessionIdManager workerName=node0
2024-01-14 08:11:30,505 [main] INFO  server.session (DefaultSessionIdManager.java:doStart(339)) - No SessionScavenger set, using defaults
2024-01-14 08:11:30,506 [main] INFO  server.session (HouseKeeper.java:startScavenging(132)) - node0 Scavenging every 600000ms
2024-01-14 08:11:30,506 [main] INFO  handler.ContextHandler (ContextHandler.java:doStart(921)) - Started o.e.j.s.ServletContextHandler@121392f4{logs,/logs,file:///home/runner/work/ozone/ozone/hadoop-ozone/integration-test/target/log,AVAILABLE}
2024-01-14 08:11:30,506 [main] INFO  handler.ContextHandler (ContextHandler.java:doStart(921)) - Started o.e.j.s.ServletContextHandler@648a7c42{static,/static,jar:file:/home/runner/.m2/repository/org/apache/ozone/hdds-container-service/1.5.0-SNAPSHOT/hdds-container-service-1.5.0-SNAPSHOT.jar!/webapps/static,AVAILABLE}
2024-01-14 08:11:30,538 [main] INFO  handler.ContextHandler (ContextHandler.java:doStart(921)) - Started o.e.j.w.WebAppContext@1fbde260{hddsDatanode,/,file:///home/runner/work/ozone/ozone/hadoop-ozone/integration-test/target/test-dir/MiniOzoneClusterImpl-cd00605b-e4dc-4ea1-ab7e-d8be28c4d560/datanode-3/meta/webserver/jetty-0_0_0_0-15089-hdds-container-service-1_5_0-SNAPSHOT_jar-_-any-7312828619239694847/webapp/,AVAILABLE}{jar:file:/home/runner/.m2/repository/org/apache/ozone/hdds-container-service/1.5.0-SNAPSHOT/hdds-container-service-1.5.0-SNAPSHOT.jar!/webapps/hddsDatanode}
2024-01-14 08:11:30,540 [main] INFO  server.AbstractConnector (AbstractConnector.java:doStart(333)) - Started ServerConnector@2ca86c9f{HTTP/1.1, (http/1.1)}{0.0.0.0:15089}
2024-01-14 08:11:30,540 [main] INFO  server.Server (Server.java:doStart(415)) - Started @25002ms
2024-01-14 08:11:30,540 [main] WARN  impl.MetricsSystemImpl (MetricsSystemImpl.java:register(279)) - Sink prometheus already exists!
2024-01-14 08:11:30,541 [main] INFO  http.BaseHttpServer (BaseHttpServer.java:updateConnectorAddress(354)) - HTTP server of hddsDatanode listening at http://0.0.0.0:15089
2024-01-14 08:11:30,541 [main] INFO  ipc.CallQueueManager (CallQueueManager.java:<init>(90)) - Using callQueue: class java.util.concurrent.LinkedBlockingQueue, queueCapacity: 100, scheduler: class org.apache.hadoop.ipc.DefaultRpcScheduler, ipcBackoff: false.
2024-01-14 08:11:30,541 [main] INFO  ipc.Server (Server.java:<init>(1287)) - Listener at 0.0.0.0:15090
2024-01-14 08:11:30,541 [Socket Reader #1 for port 15090] INFO  ipc.Server (Server.java:run(1323)) - Starting Socket Reader #1 for port 15090
2024-01-14 08:11:30,543 [main] INFO  ozone.HddsDatanodeService (HddsDatanodeService.java:start(324)) - Datanode start with admins: [runner]
2024-01-14 08:11:30,543 [main] INFO  ozone.HddsDatanodeClientProtocolServer (HddsDatanodeClientProtocolServer.java:start(72)) - RPC server for Client /0.0.0.0:15090
2024-01-14 08:11:30,544 [IPC Server Responder] INFO  ipc.Server (Server.java:run(1562)) - IPC Server Responder: starting
2024-01-14 08:11:30,544 [IPC Server listener on 15090] INFO  ipc.Server (Server.java:run(1402)) - IPC Server listener on 15090: starting
2024-01-14 08:11:30,548 [c2087a49-c200-4cc5-9876-7cd2477b3505-DatanodeStateMachineDaemonThread] INFO  statemachine.DatanodeStateMachine (DatanodeStateMachine.java:lambda$startDaemon$1(555)) - Ozone container server started.
2024-01-14 08:11:30,548 [main] WARN  dropwizard3.Dm3MetricRegistriesImpl (Dm3MetricRegistriesImpl.java:addReporterRegistration(113)) - New reporters are added after registries were created. Some metrics will be missing from the reporter. Please add reporter before adding any new registry.
2024-01-14 08:11:30,549 [main] WARN  dropwizard3.Dm3MetricRegistriesImpl (Dm3MetricRegistriesImpl.java:addReporterRegistration(113)) - New reporters are added after registries were created. Some metrics will be missing from the reporter. Please add reporter before adding any new registry.
2024-01-14 08:11:30,549 [main] INFO  impl.MetricsSystemImpl (MetricsSystemImpl.java:init(158)) - HddsDatanode metrics system started (again)
2024-01-14 08:11:30,552 [c2087a49-c200-4cc5-9876-7cd2477b3505-DatanodeStateMachineTaskThread-0] INFO  datanode.InitDatanodeState (InitDatanodeState.java:persistContainerDatanodeDetails(139)) - DatanodeDetails is persisted to /home/runner/work/ozone/ozone/hadoop-ozone/integration-test/target/test-dir/MiniOzoneClusterImpl-cd00605b-e4dc-4ea1-ab7e-d8be28c4d560/datanode-3/meta/datanode.id
2024-01-14 08:11:30,558 [main] INFO  ozone.HddsDatanodeService (HddsDatanodeService.java:start(239)) - HddsDatanodeService host:fv-az737-837 ip:10.1.0.100
2024-01-14 08:11:30,583 [main] INFO  upgrade.AbstractLayoutVersionManager (AbstractLayoutVersionManager.java:init(83)) - Initializing Layout version manager with metadata layout = HADOOP_PRC_PORTS_IN_DATANODEDETAILS (version = 7), software layout = HADOOP_PRC_PORTS_IN_DATANODEDETAILS (version = 7)
2024-01-14 08:11:30,583 [main] INFO  statemachine.DatanodeStateMachine (DatanodeStateMachine.java:getEndPointTaskThreadPoolSize(299)) - Datanode State Machine Task Thread Pool size 2
2024-01-14 08:11:30,585 [main] INFO  volume.HddsVolume (HddsVolume.java:<init>(125)) - Creating HddsVolume: /home/runner/work/ozone/ozone/hadoop-ozone/integration-test/target/test-dir/MiniOzoneClusterImpl-cd00605b-e4dc-4ea1-ab7e-d8be28c4d560/datanode-4/data-0/containers/hdds of storage type : DISK capacity : 9223372036854775807
2024-01-14 08:11:30,585 [main] INFO  volume.MutableVolumeSet (MutableVolumeSet.java:initializeVolumeSet(173)) - Added Volume : /home/runner/work/ozone/ozone/hadoop-ozone/integration-test/target/test-dir/MiniOzoneClusterImpl-cd00605b-e4dc-4ea1-ab7e-d8be28c4d560/datanode-4/data-0/containers/hdds to VolumeSet
2024-01-14 08:11:30,585 [main] INFO  volume.MutableVolumeSet (MutableVolumeSet.java:initializeVolumeSet(173)) - Added Volume : /home/runner/work/ozone/ozone/hadoop-ozone/integration-test/target/test-dir/MiniOzoneClusterImpl-cd00605b-e4dc-4ea1-ab7e-d8be28c4d560/datanode-4/data/ratis to VolumeSet
2024-01-14 08:11:30,586 [main] INFO  ozoneimpl.OzoneContainer (HddsVolumeUtil.java:loadAllHddsVolumeDbStore(103)) - Load 1 volumes DbStore cost: 0ms
2024-01-14 08:11:30,586 [5d2ec376-2e2c-4bb9-a4fb-bf5b12c4c412-ContainerReader-0] INFO  ozoneimpl.ContainerReader (ContainerReader.java:readVolume(178)) - Finish verifying containers on volume /home/runner/work/ozone/ozone/hadoop-ozone/integration-test/target/test-dir/MiniOzoneClusterImpl-cd00605b-e4dc-4ea1-ab7e-d8be28c4d560/datanode-4/data-0/containers/hdds
2024-01-14 08:11:30,586 [main] INFO  ozoneimpl.OzoneContainer (OzoneContainer.java:buildContainerSet(328)) - Build ContainerSet costs 0s
2024-01-14 08:11:30,588 [main] INFO  server.RaftServer (ConfUtils.java:logGet(46)) - raft.rpc.type = GRPC (default)
2024-01-14 08:11:30,588 [main] INFO  grpc.GrpcConfigKeys (ConfUtils.java:logFallback(53)) - raft.grpc.admin.host = null (fallback to raft.grpc.server.host)
2024-01-14 08:11:30,589 [main] INFO  grpc.GrpcConfigKeys (ConfUtils.java:logGet(46)) - raft.grpc.admin.port = 15102 (custom)
2024-01-14 08:11:30,589 [main] INFO  grpc.GrpcConfigKeys (ConfUtils.java:logFallback(53)) - raft.grpc.client.host = null (fallback to raft.grpc.server.host)
2024-01-14 08:11:30,589 [main] INFO  grpc.GrpcConfigKeys (ConfUtils.java:logGet(46)) - raft.grpc.client.port = 15101 (custom)
2024-01-14 08:11:30,589 [main] INFO  grpc.GrpcConfigKeys (ConfUtils.java:logGet(46)) - raft.grpc.server.host = null (default)
2024-01-14 08:11:30,589 [main] INFO  grpc.GrpcConfigKeys (ConfUtils.java:logGet(46)) - raft.grpc.server.port = 15103 (custom)
2024-01-14 08:11:30,590 [main] INFO  server.GrpcService (ConfUtils.java:logGet(46)) - raft.grpc.message.size.max = 32MB (=33554432) (custom)
2024-01-14 08:11:30,590 [main] INFO  server.RaftServerConfigKeys (ConfUtils.java:logGet(46)) - raft.server.log.appender.buffer.byte-limit = 8388608 (custom)
2024-01-14 08:11:30,590 [main] INFO  server.GrpcService (ConfUtils.java:logGet(46)) - raft.grpc.flow.control.window = 5MB (=5242880) (custom)
2024-01-14 08:11:30,590 [main] INFO  server.RaftServerConfigKeys (ConfUtils.java:logGet(46)) - raft.server.rpc.request.timeout = 3000ms (default)
2024-01-14 08:11:30,590 [main] INFO  grpc.GrpcConfigKeys (ConfUtils.java:logGet(46)) - raft.grpc.server.heartbeat.channel = true (default)
2024-01-14 08:11:30,590 [main] INFO  grpc.GrpcConfigKeys (ConfUtils.java:logGet(46)) - raft.grpc.server.async.request.thread.pool.cached = true (default)
2024-01-14 08:11:30,590 [main] INFO  grpc.GrpcConfigKeys (ConfUtils.java:logGet(46)) - raft.grpc.server.async.request.thread.pool.size = 32 (default)
2024-01-14 08:11:30,592 [main] INFO  impl.DataStreamServerImpl (ConfUtils.java:logGet(46)) - raft.datastream.type = NETTY (custom)
2024-01-14 08:11:30,593 [main] INFO  server.RaftServerConfigKeys (ConfUtils.java:logGet(46)) - raft.server.data-stream.async.request.thread.pool.cached = false (default)
2024-01-14 08:11:30,593 [main] INFO  server.RaftServerConfigKeys (ConfUtils.java:logGet(46)) - raft.server.data-stream.async.request.thread.pool.size = 20 (custom)
2024-01-14 08:11:30,593 [main] INFO  server.RaftServerConfigKeys (ConfUtils.java:logGet(46)) - raft.server.data-stream.async.write.thread.pool.size = 16 (default)
2024-01-14 08:11:30,593 [main] INFO  netty.NettyConfigKeys$DataStream (ConfUtils.java:logGet(46)) - raft.netty.dataStream.server.channel.inactive.grace-period = 10min (default)
2024-01-14 08:11:30,593 [main] INFO  server.RaftServerConfigKeys (ConfUtils.java:logGet(46)) - raft.server.data-stream.client.pool.size = 10 (default)
2024-01-14 08:11:30,593 [main] INFO  netty.NettyConfigKeys$DataStream (ConfUtils.java:logGet(46)) - raft.netty.dataStream.server.use-epoll = true (default)
2024-01-14 08:11:30,594 [main] INFO  netty.NettyConfigKeys$DataStream (ConfUtils.java:logGet(46)) - raft.netty.dataStream.server.boss-group.size = 0 (default)
2024-01-14 08:11:30,594 [main] INFO  netty.NettyUtils (NettyUtils.java:newEventLoopGroup(69)) - Create EpollEventLoopGroup for 5d2ec376-2e2c-4bb9-a4fb-bf5b12c4c412-NettyServerStreamRpc-bossGroup; Thread size is 0.
2024-01-14 08:11:30,594 [main] INFO  netty.NettyConfigKeys$DataStream (ConfUtils.java:logGet(46)) - raft.netty.dataStream.server.worker-group.size = 0 (default)
2024-01-14 08:11:30,594 [main] INFO  netty.NettyUtils (NettyUtils.java:newEventLoopGroup(69)) - Create EpollEventLoopGroup for 5d2ec376-2e2c-4bb9-a4fb-bf5b12c4c412-NettyServerStreamRpc-workerGroup; Thread size is 0.
2024-01-14 08:11:30,595 [main] INFO  netty.NettyConfigKeys$DataStream (ConfUtils.java:logGet(46)) - raft.netty.dataStream.server.tls.conf = null (default)
2024-01-14 08:11:30,595 [main] INFO  netty.NettyConfigKeys$DataStream (ConfUtils.java:logGet(46)) - raft.netty.dataStream.host = null (default)
2024-01-14 08:11:30,595 [main] INFO  netty.NettyConfigKeys$DataStream (ConfUtils.java:logGet(46)) - raft.netty.dataStream.port = 15104 (custom)
2024-01-14 08:11:30,595 [main] INFO  server.RaftServerConfigKeys (ConfUtils.java:logGet(46)) - raft.server.sleep.deviation.threshold = 300ms (default)
2024-01-14 08:11:30,596 [5d2ec376-2e2c-4bb9-a4fb-bf5b12c4c412-NettyServerStreamRpc-bossGroup--thread1] INFO  logging.LoggingHandler (AbstractInternalLogger.java:log(148)) - [id: 0x5dfcac04] REGISTERED
2024-01-14 08:11:30,596 [5d2ec376-2e2c-4bb9-a4fb-bf5b12c4c412-NettyServerStreamRpc-bossGroup--thread1] INFO  logging.LoggingHandler (AbstractInternalLogger.java:log(148)) - [id: 0x5dfcac04] BIND: 0.0.0.0/0.0.0.0:15104
2024-01-14 08:11:30,596 [5d2ec376-2e2c-4bb9-a4fb-bf5b12c4c412-NettyServerStreamRpc-bossGroup--thread1] INFO  logging.LoggingHandler (AbstractInternalLogger.java:log(148)) - [id: 0x5dfcac04, L:/0.0.0.0:15104] ACTIVE
2024-01-14 08:11:30,596 [main] INFO  server.RaftServerConfigKeys (ConfUtils.java:logGet(46)) - raft.server.close.threshold = 60s (default)
2024-01-14 08:11:30,596 [main] INFO  server.RaftServerConfigKeys (ConfUtils.java:logGet(46)) - raft.server.leaderelection.leader.step-down.wait-time = 10s (default)
2024-01-14 08:11:30,597 [main] INFO  server.RaftServerConfigKeys (ConfUtils.java:logGet(46)) - raft.server.storage.dir = [/home/runner/work/ozone/ozone/hadoop-ozone/integration-test/target/test-dir/MiniOzoneClusterImpl-cd00605b-e4dc-4ea1-ab7e-d8be28c4d560/datanode-4/data/ratis] (custom)
2024-01-14 08:11:30,597 [main] INFO  server.RaftServerConfigKeys (ConfUtils.java:logGet(46)) - raft.server.threadpool.proxy.cached = true (default)
2024-01-14 08:11:30,597 [main] INFO  server.RaftServerConfigKeys (ConfUtils.java:logGet(46)) - raft.server.threadpool.proxy.size = 0 (default)
2024-01-14 08:11:30,597 [5d2ec376-2e2c-4bb9-a4fb-bf5b12c4c412-impl-thread1] INFO  server.RaftServer (RaftServerProxy.java:initGroupDir(264)) - 5d2ec376-2e2c-4bb9-a4fb-bf5b12c4c412: found a subdirectory /home/runner/work/ozone/ozone/hadoop-ozone/integration-test/target/test-dir/MiniOzoneClusterImpl-cd00605b-e4dc-4ea1-ab7e-d8be28c4d560/datanode-4/data/ratis/tmp
2024-01-14 08:11:30,597 [5d2ec376-2e2c-4bb9-a4fb-bf5b12c4c412-impl-thread1] INFO  server.RaftServer (RaftServerProxy.java:initGroupDir(269)) - 5d2ec376-2e2c-4bb9-a4fb-bf5b12c4c412: The directory /home/runner/work/ozone/ozone/hadoop-ozone/integration-test/target/test-dir/MiniOzoneClusterImpl-cd00605b-e4dc-4ea1-ab7e-d8be28c4d560/datanode-4/data/ratis/tmp is not a group directory; ignoring it. 
2024-01-14 08:11:30,597 [main] INFO  replication.ReplicationServer (ReplicationServer.java:<init>(85)) - Initializing replication server with thread count = 10 queue length = 4096
2024-01-14 08:11:30,598 [main] INFO  server.XceiverServerGrpc (XceiverServerGrpc.java:<init>(141)) - GrpcServer channel type EpollServerSocketChannel
2024-01-14 08:11:30,600 [main] INFO  replication.ReplicationSupervisor (ReplicationSupervisor.java:build(163)) - Initializing replication supervisor with thread count = 10
2024-01-14 08:11:30,600 [main] INFO  replication.ReplicationSupervisor (ReplicationSupervisor.java:nodeStateUpdated(317)) - Node state updated to IN_SERVICE, scaling executor pool size to 10
2024-01-14 08:11:30,601 [main] INFO  http.BaseHttpServer (BaseHttpServer.java:newHttpServer2BuilderForOzone(223)) - Starting Web-server for hddsDatanode at: http://0.0.0.0:15098
2024-01-14 08:11:30,601 [main] INFO  http.BaseHttpServer (BaseHttpServer.java:<init>(110)) - Hadoop Security Enabled: false Ozone Security Enabled: false Ozone HTTP Security Enabled: false 
2024-01-14 08:11:30,602 [main] WARN  server.AuthenticationFilter (AuthenticationFilter.java:constructSecretProvider(240)) - Unable to initialize FileSignerSecretProvider, falling back to use random secrets. Reason: Could not read signature secret file: /home/runner/hadoop-http-auth-signature-secret
2024-01-14 08:11:30,602 [main] INFO  http.HttpRequestLog (HttpRequestLog.java:getRequestLog(86)) - Http request log for http.requests.hddsDatanode is not defined
2024-01-14 08:11:30,604 [main] INFO  http.HttpServer2 (HttpServer2.java:addGlobalFilter(1036)) - Added global filter 'safety' (class=org.apache.hadoop.hdds.server.http.HttpServer2$QuotingInputFilter)
2024-01-14 08:11:30,604 [main] INFO  http.HttpServer2 (HttpServer2.java:addFilter(1012)) - Added filter static_user_filter (class=org.apache.hadoop.http.lib.StaticUserWebFilter$StaticUserFilter) to context hddsDatanode
2024-01-14 08:11:30,604 [main] INFO  http.HttpServer2 (HttpServer2.java:addFilter(1020)) - Added filter static_user_filter (class=org.apache.hadoop.http.lib.StaticUserWebFilter$StaticUserFilter) to context logs
2024-01-14 08:11:30,604 [main] INFO  http.HttpServer2 (HttpServer2.java:addFilter(1020)) - Added filter static_user_filter (class=org.apache.hadoop.http.lib.StaticUserWebFilter$StaticUserFilter) to context static
2024-01-14 08:11:30,605 [main] INFO  http.BaseHttpServer (BaseHttpServer.java:<init>(189)) - HTTP server of hddsDatanode uses base directory /home/runner/work/ozone/ozone/hadoop-ozone/integration-test/target/test-dir/MiniOzoneClusterImpl-cd00605b-e4dc-4ea1-ab7e-d8be28c4d560/datanode-4/meta/webserver
2024-01-14 08:11:30,605 [main] INFO  http.HttpServer2 (HttpServer2.java:bindListener(1236)) - Jetty bound to port 15098
2024-01-14 08:11:30,605 [main] INFO  server.Server (Server.java:doStart(375)) - jetty-9.4.53.v20231009; built: 2023-10-09T12:29:09.265Z; git: 27bde00a0b95a1d5bbee0eae7984f891d2d0f8c9; jvm 1.8.0_392-b08
2024-01-14 08:11:30,606 [main] INFO  server.session (DefaultSessionIdManager.java:doStart(334)) - DefaultSessionIdManager workerName=node0
2024-01-14 08:11:30,606 [main] INFO  server.session (DefaultSessionIdManager.java:doStart(339)) - No SessionScavenger set, using defaults
2024-01-14 08:11:30,606 [main] INFO  server.session (HouseKeeper.java:startScavenging(132)) - node0 Scavenging every 660000ms
2024-01-14 08:11:30,607 [main] INFO  handler.ContextHandler (ContextHandler.java:doStart(921)) - Started o.e.j.s.ServletContextHandler@267822f0{logs,/logs,file:///home/runner/work/ozone/ozone/hadoop-ozone/integration-test/target/log,AVAILABLE}
2024-01-14 08:11:30,607 [main] INFO  handler.ContextHandler (ContextHandler.java:doStart(921)) - Started o.e.j.s.ServletContextHandler@14f2beec{static,/static,jar:file:/home/runner/.m2/repository/org/apache/ozone/hdds-container-service/1.5.0-SNAPSHOT/hdds-container-service-1.5.0-SNAPSHOT.jar!/webapps/static,AVAILABLE}
2024-01-14 08:11:30,639 [main] INFO  handler.ContextHandler (ContextHandler.java:doStart(921)) - Started o.e.j.w.WebAppContext@68c97dc3{hddsDatanode,/,file:///home/runner/work/ozone/ozone/hadoop-ozone/integration-test/target/test-dir/MiniOzoneClusterImpl-cd00605b-e4dc-4ea1-ab7e-d8be28c4d560/datanode-4/meta/webserver/jetty-0_0_0_0-15098-hdds-container-service-1_5_0-SNAPSHOT_jar-_-any-3983792672738236902/webapp/,AVAILABLE}{jar:file:/home/runner/.m2/repository/org/apache/ozone/hdds-container-service/1.5.0-SNAPSHOT/hdds-container-service-1.5.0-SNAPSHOT.jar!/webapps/hddsDatanode}
2024-01-14 08:11:30,640 [main] INFO  server.AbstractConnector (AbstractConnector.java:doStart(333)) - Started ServerConnector@561b70fc{HTTP/1.1, (http/1.1)}{0.0.0.0:15098}
2024-01-14 08:11:30,640 [main] INFO  server.Server (Server.java:doStart(415)) - Started @25102ms
2024-01-14 08:11:30,640 [main] WARN  impl.MetricsSystemImpl (MetricsSystemImpl.java:register(279)) - Sink prometheus already exists!
2024-01-14 08:11:30,641 [main] INFO  http.BaseHttpServer (BaseHttpServer.java:updateConnectorAddress(354)) - HTTP server of hddsDatanode listening at http://0.0.0.0:15098
2024-01-14 08:11:30,641 [main] INFO  ipc.CallQueueManager (CallQueueManager.java:<init>(90)) - Using callQueue: class java.util.concurrent.LinkedBlockingQueue, queueCapacity: 100, scheduler: class org.apache.hadoop.ipc.DefaultRpcScheduler, ipcBackoff: false.
2024-01-14 08:11:30,641 [main] INFO  ipc.Server (Server.java:<init>(1287)) - Listener at 0.0.0.0:15099
2024-01-14 08:11:30,642 [Socket Reader #1 for port 15099] INFO  ipc.Server (Server.java:run(1323)) - Starting Socket Reader #1 for port 15099
2024-01-14 08:11:30,643 [main] INFO  ozone.HddsDatanodeService (HddsDatanodeService.java:start(324)) - Datanode start with admins: [runner]
2024-01-14 08:11:30,643 [main] INFO  ozone.HddsDatanodeClientProtocolServer (HddsDatanodeClientProtocolServer.java:start(72)) - RPC server for Client /0.0.0.0:15099
2024-01-14 08:11:30,644 [IPC Server Responder] INFO  ipc.Server (Server.java:run(1562)) - IPC Server Responder: starting
2024-01-14 08:11:30,644 [IPC Server listener on 15099] INFO  ipc.Server (Server.java:run(1402)) - IPC Server listener on 15099: starting
2024-01-14 08:11:30,645 [5d2ec376-2e2c-4bb9-a4fb-bf5b12c4c412-DatanodeStateMachineDaemonThread] INFO  statemachine.DatanodeStateMachine (DatanodeStateMachine.java:lambda$startDaemon$1(555)) - Ozone container server started.
2024-01-14 08:11:30,645 [main] INFO  ozone.MiniOzoneClusterImpl (MiniOzoneClusterImpl.java:lambda$waitForClusterToBeReady$0(229)) - Waiting for nodes to be ready. Got 0 of 5 DN Heartbeats.
2024-01-14 08:11:30,646 [main] INFO  ozone.MiniOzoneClusterImpl (MiniOzoneClusterImpl.java:lambda$waitForClusterToBeReady$0(232)) - Waiting for cluster to exit safe mode
2024-01-14 08:11:30,646 [main] INFO  ozone.MiniOzoneClusterImpl (MiniOzoneClusterImpl.java:lambda$waitForClusterToBeReady$0(234)) - SCM became leader
2024-01-14 08:11:30,649 [5d2ec376-2e2c-4bb9-a4fb-bf5b12c4c412-DatanodeStateMachineTaskThread-0] INFO  datanode.InitDatanodeState (InitDatanodeState.java:persistContainerDatanodeDetails(139)) - DatanodeDetails is persisted to /home/runner/work/ozone/ozone/hadoop-ozone/integration-test/target/test-dir/MiniOzoneClusterImpl-cd00605b-e4dc-4ea1-ab7e-d8be28c4d560/datanode-4/meta/datanode.id
2024-01-14 08:11:31,095 [om1@group-C5BA1605619E-FollowerState] INFO  impl.FollowerState (FollowerState.java:run(143)) - om1@group-C5BA1605619E-FollowerState: change to CANDIDATE, lastRpcElapsedTime:1040044126ns, electionTimeout:1039ms
2024-01-14 08:11:31,095 [om1@group-C5BA1605619E-FollowerState] INFO  impl.RoleInfo (RoleInfo.java:shutdownFollowerState(110)) - om1: shutdown om1@group-C5BA1605619E-FollowerState
2024-01-14 08:11:31,096 [om1@group-C5BA1605619E-FollowerState] INFO  server.RaftServer$Division (RaftServerImpl.java:setRole(383)) - om1@group-C5BA1605619E: changes role from  FOLLOWER to CANDIDATE at term 0 for changeToCandidate
2024-01-14 08:11:31,096 [om1@group-C5BA1605619E-FollowerState] INFO  server.RaftServerConfigKeys (ConfUtils.java:logGet(46)) - raft.server.leaderelection.pre-vote = true (default)
2024-01-14 08:11:31,096 [om1@group-C5BA1605619E-FollowerState] INFO  impl.RoleInfo (RoleInfo.java:updateAndGet(139)) - om1: start om1@group-C5BA1605619E-LeaderElection11
2024-01-14 08:11:31,097 [om1@group-C5BA1605619E-LeaderElection11] INFO  impl.LeaderElection (LeaderElection.java:askForVotes(321)) - om1@group-C5BA1605619E-LeaderElection11 PRE_VOTE round 0: submit vote requests at term 0 for -1: peers:[om1|localhost:15060]|listeners:[], old=null
2024-01-14 08:11:31,097 [om1@group-C5BA1605619E-LeaderElection11] INFO  impl.LeaderElection (LeaderElection.java:askForVotes(323)) - om1@group-C5BA1605619E-LeaderElection11 PRE_VOTE round 0: result PASSED (term=0)
2024-01-14 08:11:31,099 [om1@group-C5BA1605619E-LeaderElection11] INFO  impl.LeaderElection (LeaderElection.java:askForVotes(321)) - om1@group-C5BA1605619E-LeaderElection11 ELECTION round 0: submit vote requests at term 1 for -1: peers:[om1|localhost:15060]|listeners:[], old=null
2024-01-14 08:11:31,099 [om1@group-C5BA1605619E-LeaderElection11] INFO  impl.LeaderElection (LeaderElection.java:askForVotes(323)) - om1@group-C5BA1605619E-LeaderElection11 ELECTION round 0: result PASSED (term=1)
2024-01-14 08:11:31,099 [om1@group-C5BA1605619E-LeaderElection11] INFO  impl.RoleInfo (RoleInfo.java:shutdownLeaderElection(130)) - om1: shutdown om1@group-C5BA1605619E-LeaderElection11
2024-01-14 08:11:31,099 [om1@group-C5BA1605619E-LeaderElection11] INFO  server.RaftServer$Division (RaftServerImpl.java:setRole(383)) - om1@group-C5BA1605619E: changes role from CANDIDATE to LEADER at term 1 for changeToLeader
2024-01-14 08:11:31,099 [om1@group-C5BA1605619E-LeaderElection11] INFO  server.RaftServerConfigKeys (ConfUtils.java:logGet(46)) - raft.server.staging.catchup.gap = 1000 (default)
2024-01-14 08:11:31,099 [om1@group-C5BA1605619E-LeaderElection11] INFO  server.RaftServerConfigKeys (ConfUtils.java:logGet(46)) - raft.server.write.element-limit = 4096 (default)
2024-01-14 08:11:31,099 [om1@group-C5BA1605619E-LeaderElection11] INFO  server.RaftServerConfigKeys (ConfUtils.java:logGet(46)) - raft.server.write.byte-limit = 64MB (=67108864) (default)
2024-01-14 08:11:31,099 [om1@group-C5BA1605619E-LeaderElection11] INFO  server.RaftServerConfigKeys (ConfUtils.java:logGet(46)) - raft.server.watch.timeout = 10s (default)
2024-01-14 08:11:31,100 [om1@group-C5BA1605619E-LeaderElection11] INFO  server.RaftServerConfigKeys (ConfUtils.java:logGet(46)) - raft.server.watch.timeout.denomination = 1s (default)
2024-01-14 08:11:31,100 [om1@group-C5BA1605619E-LeaderElection11] INFO  server.RaftServerConfigKeys (ConfUtils.java:logGet(46)) - raft.server.watch.element-limit = 65536 (default)
2024-01-14 08:11:31,100 [om1@group-C5BA1605619E-LeaderElection11] INFO  server.RaftServerConfigKeys (ConfUtils.java:logGet(46)) - raft.server.read.leader.lease.enabled = false (default)
2024-01-14 08:11:31,100 [om1@group-C5BA1605619E-LeaderElection11] INFO  server.RaftServerConfigKeys (ConfUtils.java:logGet(46)) - raft.server.read.leader.lease.timeout.ratio = 0.9 (default)
2024-01-14 08:11:31,100 [om1@group-C5BA1605619E-LeaderElection11] INFO  server.RaftServerConfigKeys (ConfUtils.java:logGet(46)) - raft.server.rpc.timeout.min = 1s (custom)
2024-01-14 08:11:31,100 [om1@group-C5BA1605619E-LeaderElection11] INFO  server.RaftServerConfigKeys (ConfUtils.java:logGet(46)) - raft.server.write.element-limit = 4096 (default)
2024-01-14 08:11:31,100 [om1@group-C5BA1605619E-LeaderElection11] INFO  server.RaftServerConfigKeys (ConfUtils.java:logGet(46)) - raft.server.write.follower.gap.ratio.max = -1.0 (default)
2024-01-14 08:11:31,100 [om1@group-C5BA1605619E-LeaderElection11] INFO  impl.RoleInfo (RoleInfo.java:updateAndGet(139)) - om1: start om1@group-C5BA1605619E-LeaderStateImpl
2024-01-14 08:11:31,100 [om1@group-C5BA1605619E-LeaderElection11] INFO  server.RaftServer$Division (RaftServerImpl.java:setFirstElection(574)) - om1@group-C5BA1605619E: set firstElectionSinceStartup to false for becomeLeader
2024-01-14 08:11:31,101 [om1@group-C5BA1605619E-LeaderElection11] INFO  server.RaftServer$Division (ServerState.java:setLeader(269)) - om1@group-C5BA1605619E: change Leader from null to om1 at term 1 for becomeLeader, leader elected after 1288ms
2024-01-14 08:11:31,101 [om1@group-C5BA1605619E-LeaderElection11] INFO  segmented.SegmentedRaftLogWorker (SegmentedRaftLogWorker.java:startLogSegment(430)) - om1@group-C5BA1605619E-SegmentedRaftLogWorker: Starting segment from index:0
2024-01-14 08:11:31,101 [om1@group-C5BA1605619E-LeaderElection11] INFO  server.RaftServer$Division (ServerState.java:setRaftConf(386)) - om1@group-C5BA1605619E: set configuration 0: peers:[om1|localhost:15060]|listeners:[], old=null
2024-01-14 08:11:31,101 [om1@group-C5BA1605619E-SegmentedRaftLogWorker] INFO  segmented.BufferedWriteChannel (BufferedWriteChannel.java:open(62)) - open log_inprogress_0 at position 0
2024-01-14 08:11:31,109 [om1@group-C5BA1605619E-SegmentedRaftLogWorker] INFO  segmented.SegmentedRaftLogWorker (SegmentedRaftLogWorker.java:execute(634)) - om1@group-C5BA1605619E-SegmentedRaftLogWorker: created new log segment /home/runner/work/ozone/ozone/hadoop-ozone/integration-test/target/test-dir/MiniOzoneClusterImpl-cd00605b-e4dc-4ea1-ab7e-d8be28c4d560/ozone-meta/ratis/bf265839-605b-3f16-9796-c5ba1605619e/current/log_inprogress_0
2024-01-14 08:11:31,111 [om1@group-C5BA1605619E-StateMachineUpdater] INFO  ratis.OzoneManagerStateMachine (OzoneManagerStateMachine.java:notifyConfigurationChanged(211)) - Received Configuration change notification from Ratis. New Peer list:
[id: "om1"
address: "localhost:15060"
startupRole: FOLLOWER
]
2024-01-14 08:11:31,111 [om1@group-C5BA1605619E-StateMachineUpdater] INFO  server.RaftServer$Division (LeaderStateImpl.java:isApplied(320)) - leader is ready since appliedIndex == 0 >= startIndex == 0
2024-01-14 08:11:31,647 [main] INFO  ozone.MiniOzoneClusterImpl (MiniOzoneClusterImpl.java:lambda$waitForClusterToBeReady$0(229)) - Waiting for nodes to be ready. Got 0 of 5 DN Heartbeats.
2024-01-14 08:11:31,647 [main] INFO  ozone.MiniOzoneClusterImpl (MiniOzoneClusterImpl.java:lambda$waitForClusterToBeReady$0(232)) - Waiting for cluster to exit safe mode
2024-01-14 08:11:31,647 [main] INFO  ozone.MiniOzoneClusterImpl (MiniOzoneClusterImpl.java:lambda$waitForClusterToBeReady$0(234)) - SCM became leader
2024-01-14 08:11:32,279 [59ce54d6-04b6-4e86-8314-d8540ae27b4b-EndpointStateMachineTaskThread-/0.0.0.0:15055-0 ] INFO  utils.DatanodeStoreCache (DatanodeStoreCache.java:addDB(72)) - Added db /home/runner/work/ozone/ozone/hadoop-ozone/integration-test/target/test-dir/MiniOzoneClusterImpl-cd00605b-e4dc-4ea1-ab7e-d8be28c4d560/datanode-0/data-0/containers/hdds/cd00605b-e4dc-4ea1-ab7e-d8be28c4d560/DS-bd4c7ce1-9909-49a7-9ec6-73dacf7e0f13/container.db to cache
2024-01-14 08:11:32,279 [59ce54d6-04b6-4e86-8314-d8540ae27b4b-EndpointStateMachineTaskThread-/0.0.0.0:15055-0 ] INFO  volume.HddsVolume (HddsVolume.java:createDbStore(420)) - SchemaV3 db is created and loaded at /home/runner/work/ozone/ozone/hadoop-ozone/integration-test/target/test-dir/MiniOzoneClusterImpl-cd00605b-e4dc-4ea1-ab7e-d8be28c4d560/datanode-0/data-0/containers/hdds/cd00605b-e4dc-4ea1-ab7e-d8be28c4d560/DS-bd4c7ce1-9909-49a7-9ec6-73dacf7e0f13/container.db for volume DS-bd4c7ce1-9909-49a7-9ec6-73dacf7e0f13
2024-01-14 08:11:32,280 [59ce54d6-04b6-4e86-8314-d8540ae27b4b-EndpointStateMachineTaskThread-/0.0.0.0:15055-0 ] INFO  volume.ThrottledAsyncChecker (ThrottledAsyncChecker.java:schedule(141)) - Scheduling a check for /home/runner/work/ozone/ozone/hadoop-ozone/integration-test/target/test-dir/MiniOzoneClusterImpl-cd00605b-e4dc-4ea1-ab7e-d8be28c4d560/datanode-0/data-0/containers/hdds
2024-01-14 08:11:32,281 [59ce54d6-04b6-4e86-8314-d8540ae27b4b-EndpointStateMachineTaskThread-/0.0.0.0:15055-0 ] INFO  volume.StorageVolumeChecker (StorageVolumeChecker.java:checkAllVolumes(218)) - Scheduled health check for volume /home/runner/work/ozone/ozone/hadoop-ozone/integration-test/target/test-dir/MiniOzoneClusterImpl-cd00605b-e4dc-4ea1-ab7e-d8be28c4d560/datanode-0/data-0/containers/hdds
2024-01-14 08:11:32,282 [59ce54d6-04b6-4e86-8314-d8540ae27b4b-EndpointStateMachineTaskThread-/0.0.0.0:15055-0 ] INFO  volume.ThrottledAsyncChecker (ThrottledAsyncChecker.java:schedule(141)) - Scheduling a check for /home/runner/work/ozone/ozone/hadoop-ozone/integration-test/target/test-dir/MiniOzoneClusterImpl-cd00605b-e4dc-4ea1-ab7e-d8be28c4d560/datanode-0/data/ratis
2024-01-14 08:11:32,282 [59ce54d6-04b6-4e86-8314-d8540ae27b4b-EndpointStateMachineTaskThread-/0.0.0.0:15055-0 ] INFO  volume.StorageVolumeChecker (StorageVolumeChecker.java:checkAllVolumes(218)) - Scheduled health check for volume /home/runner/work/ozone/ozone/hadoop-ozone/integration-test/target/test-dir/MiniOzoneClusterImpl-cd00605b-e4dc-4ea1-ab7e-d8be28c4d560/datanode-0/data/ratis
2024-01-14 08:11:32,283 [59ce54d6-04b6-4e86-8314-d8540ae27b4b-EndpointStateMachineTaskThread-/0.0.0.0:15055-0 ] INFO  ozoneimpl.OzoneContainer (OzoneContainer.java:start(457)) - Attempting to start container services.
2024-01-14 08:11:32,283 [59ce54d6-04b6-4e86-8314-d8540ae27b4b-EndpointStateMachineTaskThread-/0.0.0.0:15055-0 ] INFO  ozoneimpl.OzoneContainer (OzoneContainer.java:startContainerScrub(339)) - Scheduled background container scanners and the on-demand container scanner have been disabled.
2024-01-14 08:11:32,284 [59ce54d6-04b6-4e86-8314-d8540ae27b4b-EndpointStateMachineTaskThread-/0.0.0.0:15055-0 ] INFO  replication.ReplicationServer (ReplicationServer.java:start(139)) - ReplicationServer is started using port 15069
2024-01-14 08:11:32,284 [59ce54d6-04b6-4e86-8314-d8540ae27b4b-EndpointStateMachineTaskThread-/0.0.0.0:15055-0 ] INFO  ratis.XceiverServerRatis (XceiverServerRatis.java:start(549)) - Starting XceiverServerRatis 59ce54d6-04b6-4e86-8314-d8540ae27b4b
2024-01-14 08:11:32,285 [59ce54d6-04b6-4e86-8314-d8540ae27b4b-EndpointStateMachineTaskThread-/0.0.0.0:15055-0 ] INFO  server.RaftServer (RaftServerProxy.java:startImpl(406)) - 59ce54d6-04b6-4e86-8314-d8540ae27b4b: start RPC server
2024-01-14 08:11:32,286 [59ce54d6-04b6-4e86-8314-d8540ae27b4b-EndpointStateMachineTaskThread-/0.0.0.0:15055-0 ] INFO  server.GrpcService (GrpcService.java:startImpl(302)) - 59ce54d6-04b6-4e86-8314-d8540ae27b4b: GrpcService started, listening on 15065
2024-01-14 08:11:32,286 [59ce54d6-04b6-4e86-8314-d8540ae27b4b-EndpointStateMachineTaskThread-/0.0.0.0:15055-0 ] INFO  server.GrpcService (GrpcService.java:startImpl(302)) - 59ce54d6-04b6-4e86-8314-d8540ae27b4b: GrpcService started, listening on 15067
2024-01-14 08:11:32,287 [59ce54d6-04b6-4e86-8314-d8540ae27b4b-EndpointStateMachineTaskThread-/0.0.0.0:15055-0 ] INFO  server.GrpcService (GrpcService.java:startImpl(302)) - 59ce54d6-04b6-4e86-8314-d8540ae27b4b: GrpcService started, listening on 15066
2024-01-14 08:11:32,287 [59ce54d6-04b6-4e86-8314-d8540ae27b4b-EndpointStateMachineTaskThread-/0.0.0.0:15055-0 ] INFO  ratis.XceiverServerRatis (XceiverServerRatis.java:getRealPort(575)) - XceiverServerRatis 59ce54d6-04b6-4e86-8314-d8540ae27b4b is started using port 15065 for RATIS
2024-01-14 08:11:32,287 [59ce54d6-04b6-4e86-8314-d8540ae27b4b-EndpointStateMachineTaskThread-/0.0.0.0:15055-0 ] INFO  ratis.XceiverServerRatis (XceiverServerRatis.java:getRealPort(575)) - XceiverServerRatis 59ce54d6-04b6-4e86-8314-d8540ae27b4b is started using port 15066 for RATIS_ADMIN
2024-01-14 08:11:32,287 [59ce54d6-04b6-4e86-8314-d8540ae27b4b-EndpointStateMachineTaskThread-/0.0.0.0:15055-0 ] INFO  ratis.XceiverServerRatis (XceiverServerRatis.java:getRealPort(575)) - XceiverServerRatis 59ce54d6-04b6-4e86-8314-d8540ae27b4b is started using port 15067 for RATIS_SERVER
2024-01-14 08:11:32,288 [59ce54d6-04b6-4e86-8314-d8540ae27b4b-EndpointStateMachineTaskThread-/0.0.0.0:15055-0 ] INFO  ratis.XceiverServerRatis (XceiverServerRatis.java:getRealPort(575)) - XceiverServerRatis 59ce54d6-04b6-4e86-8314-d8540ae27b4b is started using port 15068 for RATIS_DATASTREAM
2024-01-14 08:11:32,287 [JvmPauseMonitor9] INFO  util.JvmPauseMonitor (JvmPauseMonitor.java:run(146)) - JvmPauseMonitor-59ce54d6-04b6-4e86-8314-d8540ae27b4b: Started
2024-01-14 08:11:32,289 [59ce54d6-04b6-4e86-8314-d8540ae27b4b-BlockDeletingService#0] INFO  interfaces.ContainerDeletionChoosingPolicyTemplate (ContainerDeletionChoosingPolicyTemplate.java:chooseContainerForBlockDeletion(85)) - Chosen 0/5000 blocks from 0 candidate containers.
2024-01-14 08:11:32,376 [023fb60a-00b7-42be-9ceb-f38531668441-EndpointStateMachineTaskThread-/0.0.0.0:15055-0 ] INFO  utils.DatanodeStoreCache (DatanodeStoreCache.java:addDB(72)) - Added db /home/runner/work/ozone/ozone/hadoop-ozone/integration-test/target/test-dir/MiniOzoneClusterImpl-cd00605b-e4dc-4ea1-ab7e-d8be28c4d560/datanode-1/data-0/containers/hdds/cd00605b-e4dc-4ea1-ab7e-d8be28c4d560/DS-66180ea7-e73a-4841-987f-fd1ed789a886/container.db to cache
2024-01-14 08:11:32,376 [023fb60a-00b7-42be-9ceb-f38531668441-EndpointStateMachineTaskThread-/0.0.0.0:15055-0 ] INFO  volume.HddsVolume (HddsVolume.java:createDbStore(420)) - SchemaV3 db is created and loaded at /home/runner/work/ozone/ozone/hadoop-ozone/integration-test/target/test-dir/MiniOzoneClusterImpl-cd00605b-e4dc-4ea1-ab7e-d8be28c4d560/datanode-1/data-0/containers/hdds/cd00605b-e4dc-4ea1-ab7e-d8be28c4d560/DS-66180ea7-e73a-4841-987f-fd1ed789a886/container.db for volume DS-66180ea7-e73a-4841-987f-fd1ed789a886
2024-01-14 08:11:32,378 [023fb60a-00b7-42be-9ceb-f38531668441-EndpointStateMachineTaskThread-/0.0.0.0:15055-0 ] INFO  volume.ThrottledAsyncChecker (ThrottledAsyncChecker.java:schedule(141)) - Scheduling a check for /home/runner/work/ozone/ozone/hadoop-ozone/integration-test/target/test-dir/MiniOzoneClusterImpl-cd00605b-e4dc-4ea1-ab7e-d8be28c4d560/datanode-1/data-0/containers/hdds
2024-01-14 08:11:32,378 [023fb60a-00b7-42be-9ceb-f38531668441-EndpointStateMachineTaskThread-/0.0.0.0:15055-0 ] INFO  volume.StorageVolumeChecker (StorageVolumeChecker.java:checkAllVolumes(218)) - Scheduled health check for volume /home/runner/work/ozone/ozone/hadoop-ozone/integration-test/target/test-dir/MiniOzoneClusterImpl-cd00605b-e4dc-4ea1-ab7e-d8be28c4d560/datanode-1/data-0/containers/hdds
2024-01-14 08:11:32,381 [023fb60a-00b7-42be-9ceb-f38531668441-EndpointStateMachineTaskThread-/0.0.0.0:15055-0 ] INFO  volume.ThrottledAsyncChecker (ThrottledAsyncChecker.java:schedule(141)) - Scheduling a check for /home/runner/work/ozone/ozone/hadoop-ozone/integration-test/target/test-dir/MiniOzoneClusterImpl-cd00605b-e4dc-4ea1-ab7e-d8be28c4d560/datanode-1/data/ratis
2024-01-14 08:11:32,381 [023fb60a-00b7-42be-9ceb-f38531668441-EndpointStateMachineTaskThread-/0.0.0.0:15055-0 ] INFO  volume.StorageVolumeChecker (StorageVolumeChecker.java:checkAllVolumes(218)) - Scheduled health check for volume /home/runner/work/ozone/ozone/hadoop-ozone/integration-test/target/test-dir/MiniOzoneClusterImpl-cd00605b-e4dc-4ea1-ab7e-d8be28c4d560/datanode-1/data/ratis
2024-01-14 08:11:32,384 [023fb60a-00b7-42be-9ceb-f38531668441-EndpointStateMachineTaskThread-/0.0.0.0:15055-0 ] INFO  ozoneimpl.OzoneContainer (OzoneContainer.java:start(457)) - Attempting to start container services.
2024-01-14 08:11:32,384 [023fb60a-00b7-42be-9ceb-f38531668441-EndpointStateMachineTaskThread-/0.0.0.0:15055-0 ] INFO  ozoneimpl.OzoneContainer (OzoneContainer.java:startContainerScrub(339)) - Scheduled background container scanners and the on-demand container scanner have been disabled.
2024-01-14 08:11:32,388 [023fb60a-00b7-42be-9ceb-f38531668441-EndpointStateMachineTaskThread-/0.0.0.0:15055-0 ] INFO  replication.ReplicationServer (ReplicationServer.java:start(139)) - ReplicationServer is started using port 15078
2024-01-14 08:11:32,388 [023fb60a-00b7-42be-9ceb-f38531668441-EndpointStateMachineTaskThread-/0.0.0.0:15055-0 ] INFO  ratis.XceiverServerRatis (XceiverServerRatis.java:start(549)) - Starting XceiverServerRatis 023fb60a-00b7-42be-9ceb-f38531668441
2024-01-14 08:11:32,389 [023fb60a-00b7-42be-9ceb-f38531668441-EndpointStateMachineTaskThread-/0.0.0.0:15055-0 ] INFO  server.RaftServer (RaftServerProxy.java:startImpl(406)) - 023fb60a-00b7-42be-9ceb-f38531668441: start RPC server
2024-01-14 08:11:32,389 [023fb60a-00b7-42be-9ceb-f38531668441-EndpointStateMachineTaskThread-/0.0.0.0:15055-0 ] INFO  server.GrpcService (GrpcService.java:startImpl(302)) - 023fb60a-00b7-42be-9ceb-f38531668441: GrpcService started, listening on 15074
2024-01-14 08:11:32,390 [023fb60a-00b7-42be-9ceb-f38531668441-EndpointStateMachineTaskThread-/0.0.0.0:15055-0 ] INFO  server.GrpcService (GrpcService.java:startImpl(302)) - 023fb60a-00b7-42be-9ceb-f38531668441: GrpcService started, listening on 15076
2024-01-14 08:11:32,391 [023fb60a-00b7-42be-9ceb-f38531668441-EndpointStateMachineTaskThread-/0.0.0.0:15055-0 ] INFO  server.GrpcService (GrpcService.java:startImpl(302)) - 023fb60a-00b7-42be-9ceb-f38531668441: GrpcService started, listening on 15075
2024-01-14 08:11:32,391 [023fb60a-00b7-42be-9ceb-f38531668441-EndpointStateMachineTaskThread-/0.0.0.0:15055-0 ] INFO  ratis.XceiverServerRatis (XceiverServerRatis.java:getRealPort(575)) - XceiverServerRatis 023fb60a-00b7-42be-9ceb-f38531668441 is started using port 15074 for RATIS
2024-01-14 08:11:32,391 [JvmPauseMonitor10] INFO  util.JvmPauseMonitor (JvmPauseMonitor.java:run(146)) - JvmPauseMonitor-023fb60a-00b7-42be-9ceb-f38531668441: Started
2024-01-14 08:11:32,391 [023fb60a-00b7-42be-9ceb-f38531668441-EndpointStateMachineTaskThread-/0.0.0.0:15055-0 ] INFO  ratis.XceiverServerRatis (XceiverServerRatis.java:getRealPort(575)) - XceiverServerRatis 023fb60a-00b7-42be-9ceb-f38531668441 is started using port 15075 for RATIS_ADMIN
2024-01-14 08:11:32,392 [023fb60a-00b7-42be-9ceb-f38531668441-EndpointStateMachineTaskThread-/0.0.0.0:15055-0 ] INFO  ratis.XceiverServerRatis (XceiverServerRatis.java:getRealPort(575)) - XceiverServerRatis 023fb60a-00b7-42be-9ceb-f38531668441 is started using port 15076 for RATIS_SERVER
2024-01-14 08:11:32,392 [023fb60a-00b7-42be-9ceb-f38531668441-EndpointStateMachineTaskThread-/0.0.0.0:15055-0 ] INFO  ratis.XceiverServerRatis (XceiverServerRatis.java:getRealPort(575)) - XceiverServerRatis 023fb60a-00b7-42be-9ceb-f38531668441 is started using port 15077 for RATIS_DATASTREAM
2024-01-14 08:11:32,393 [023fb60a-00b7-42be-9ceb-f38531668441-BlockDeletingService#0] INFO  interfaces.ContainerDeletionChoosingPolicyTemplate (ContainerDeletionChoosingPolicyTemplate.java:chooseContainerForBlockDeletion(85)) - Chosen 0/5000 blocks from 0 candidate containers.
2024-01-14 08:11:32,477 [5f8e001a-8213-4762-a64f-c492c0fad8a7-EndpointStateMachineTaskThread-/0.0.0.0:15055-0 ] INFO  utils.DatanodeStoreCache (DatanodeStoreCache.java:addDB(72)) - Added db /home/runner/work/ozone/ozone/hadoop-ozone/integration-test/target/test-dir/MiniOzoneClusterImpl-cd00605b-e4dc-4ea1-ab7e-d8be28c4d560/datanode-2/data-0/containers/hdds/cd00605b-e4dc-4ea1-ab7e-d8be28c4d560/DS-b04a42bd-1055-4537-916b-8666134c45b4/container.db to cache
2024-01-14 08:11:32,477 [5f8e001a-8213-4762-a64f-c492c0fad8a7-EndpointStateMachineTaskThread-/0.0.0.0:15055-0 ] INFO  volume.HddsVolume (HddsVolume.java:createDbStore(420)) - SchemaV3 db is created and loaded at /home/runner/work/ozone/ozone/hadoop-ozone/integration-test/target/test-dir/MiniOzoneClusterImpl-cd00605b-e4dc-4ea1-ab7e-d8be28c4d560/datanode-2/data-0/containers/hdds/cd00605b-e4dc-4ea1-ab7e-d8be28c4d560/DS-b04a42bd-1055-4537-916b-8666134c45b4/container.db for volume DS-b04a42bd-1055-4537-916b-8666134c45b4
2024-01-14 08:11:32,479 [5f8e001a-8213-4762-a64f-c492c0fad8a7-EndpointStateMachineTaskThread-/0.0.0.0:15055-0 ] INFO  volume.ThrottledAsyncChecker (ThrottledAsyncChecker.java:schedule(141)) - Scheduling a check for /home/runner/work/ozone/ozone/hadoop-ozone/integration-test/target/test-dir/MiniOzoneClusterImpl-cd00605b-e4dc-4ea1-ab7e-d8be28c4d560/datanode-2/data-0/containers/hdds
2024-01-14 08:11:32,479 [5f8e001a-8213-4762-a64f-c492c0fad8a7-EndpointStateMachineTaskThread-/0.0.0.0:15055-0 ] INFO  volume.StorageVolumeChecker (StorageVolumeChecker.java:checkAllVolumes(218)) - Scheduled health check for volume /home/runner/work/ozone/ozone/hadoop-ozone/integration-test/target/test-dir/MiniOzoneClusterImpl-cd00605b-e4dc-4ea1-ab7e-d8be28c4d560/datanode-2/data-0/containers/hdds
2024-01-14 08:11:32,481 [5f8e001a-8213-4762-a64f-c492c0fad8a7-EndpointStateMachineTaskThread-/0.0.0.0:15055-0 ] INFO  volume.ThrottledAsyncChecker (ThrottledAsyncChecker.java:schedule(141)) - Scheduling a check for /home/runner/work/ozone/ozone/hadoop-ozone/integration-test/target/test-dir/MiniOzoneClusterImpl-cd00605b-e4dc-4ea1-ab7e-d8be28c4d560/datanode-2/data/ratis
2024-01-14 08:11:32,482 [5f8e001a-8213-4762-a64f-c492c0fad8a7-EndpointStateMachineTaskThread-/0.0.0.0:15055-0 ] INFO  volume.StorageVolumeChecker (StorageVolumeChecker.java:checkAllVolumes(218)) - Scheduled health check for volume /home/runner/work/ozone/ozone/hadoop-ozone/integration-test/target/test-dir/MiniOzoneClusterImpl-cd00605b-e4dc-4ea1-ab7e-d8be28c4d560/datanode-2/data/ratis
2024-01-14 08:11:32,483 [5f8e001a-8213-4762-a64f-c492c0fad8a7-EndpointStateMachineTaskThread-/0.0.0.0:15055-0 ] INFO  ozoneimpl.OzoneContainer (OzoneContainer.java:start(457)) - Attempting to start container services.
2024-01-14 08:11:32,483 [5f8e001a-8213-4762-a64f-c492c0fad8a7-EndpointStateMachineTaskThread-/0.0.0.0:15055-0 ] INFO  ozoneimpl.OzoneContainer (OzoneContainer.java:startContainerScrub(339)) - Scheduled background container scanners and the on-demand container scanner have been disabled.
2024-01-14 08:11:32,488 [5f8e001a-8213-4762-a64f-c492c0fad8a7-EndpointStateMachineTaskThread-/0.0.0.0:15055-0 ] INFO  replication.ReplicationServer (ReplicationServer.java:start(139)) - ReplicationServer is started using port 15087
2024-01-14 08:11:32,488 [5f8e001a-8213-4762-a64f-c492c0fad8a7-EndpointStateMachineTaskThread-/0.0.0.0:15055-0 ] INFO  ratis.XceiverServerRatis (XceiverServerRatis.java:start(549)) - Starting XceiverServerRatis 5f8e001a-8213-4762-a64f-c492c0fad8a7
2024-01-14 08:11:32,489 [5f8e001a-8213-4762-a64f-c492c0fad8a7-EndpointStateMachineTaskThread-/0.0.0.0:15055-0 ] INFO  server.RaftServer (RaftServerProxy.java:startImpl(406)) - 5f8e001a-8213-4762-a64f-c492c0fad8a7: start RPC server
2024-01-14 08:11:32,491 [5f8e001a-8213-4762-a64f-c492c0fad8a7-EndpointStateMachineTaskThread-/0.0.0.0:15055-0 ] INFO  server.GrpcService (GrpcService.java:startImpl(302)) - 5f8e001a-8213-4762-a64f-c492c0fad8a7: GrpcService started, listening on 15083
2024-01-14 08:11:32,493 [5f8e001a-8213-4762-a64f-c492c0fad8a7-EndpointStateMachineTaskThread-/0.0.0.0:15055-0 ] INFO  server.GrpcService (GrpcService.java:startImpl(302)) - 5f8e001a-8213-4762-a64f-c492c0fad8a7: GrpcService started, listening on 15085
2024-01-14 08:11:32,493 [5f8e001a-8213-4762-a64f-c492c0fad8a7-EndpointStateMachineTaskThread-/0.0.0.0:15055-0 ] INFO  server.GrpcService (GrpcService.java:startImpl(302)) - 5f8e001a-8213-4762-a64f-c492c0fad8a7: GrpcService started, listening on 15084
2024-01-14 08:11:32,493 [5f8e001a-8213-4762-a64f-c492c0fad8a7-EndpointStateMachineTaskThread-/0.0.0.0:15055-0 ] INFO  ratis.XceiverServerRatis (XceiverServerRatis.java:getRealPort(575)) - XceiverServerRatis 5f8e001a-8213-4762-a64f-c492c0fad8a7 is started using port 15083 for RATIS
2024-01-14 08:11:32,494 [JvmPauseMonitor11] INFO  util.JvmPauseMonitor (JvmPauseMonitor.java:run(146)) - JvmPauseMonitor-5f8e001a-8213-4762-a64f-c492c0fad8a7: Started
2024-01-14 08:11:32,494 [5f8e001a-8213-4762-a64f-c492c0fad8a7-EndpointStateMachineTaskThread-/0.0.0.0:15055-0 ] INFO  ratis.XceiverServerRatis (XceiverServerRatis.java:getRealPort(575)) - XceiverServerRatis 5f8e001a-8213-4762-a64f-c492c0fad8a7 is started using port 15084 for RATIS_ADMIN
2024-01-14 08:11:32,494 [5f8e001a-8213-4762-a64f-c492c0fad8a7-EndpointStateMachineTaskThread-/0.0.0.0:15055-0 ] INFO  ratis.XceiverServerRatis (XceiverServerRatis.java:getRealPort(575)) - XceiverServerRatis 5f8e001a-8213-4762-a64f-c492c0fad8a7 is started using port 15085 for RATIS_SERVER
2024-01-14 08:11:32,494 [5f8e001a-8213-4762-a64f-c492c0fad8a7-EndpointStateMachineTaskThread-/0.0.0.0:15055-0 ] INFO  ratis.XceiverServerRatis (XceiverServerRatis.java:getRealPort(575)) - XceiverServerRatis 5f8e001a-8213-4762-a64f-c492c0fad8a7 is started using port 15086 for RATIS_DATASTREAM
2024-01-14 08:11:32,500 [5f8e001a-8213-4762-a64f-c492c0fad8a7-BlockDeletingService#0] INFO  interfaces.ContainerDeletionChoosingPolicyTemplate (ContainerDeletionChoosingPolicyTemplate.java:chooseContainerForBlockDeletion(85)) - Chosen 0/5000 blocks from 0 candidate containers.
2024-01-14 08:11:32,578 [c2087a49-c200-4cc5-9876-7cd2477b3505-EndpointStateMachineTaskThread-/0.0.0.0:15055-0 ] INFO  utils.DatanodeStoreCache (DatanodeStoreCache.java:addDB(72)) - Added db /home/runner/work/ozone/ozone/hadoop-ozone/integration-test/target/test-dir/MiniOzoneClusterImpl-cd00605b-e4dc-4ea1-ab7e-d8be28c4d560/datanode-3/data-0/containers/hdds/cd00605b-e4dc-4ea1-ab7e-d8be28c4d560/DS-2fedcfc6-e970-4e24-897a-a3e0d26c7265/container.db to cache
2024-01-14 08:11:32,578 [c2087a49-c200-4cc5-9876-7cd2477b3505-EndpointStateMachineTaskThread-/0.0.0.0:15055-0 ] INFO  volume.HddsVolume (HddsVolume.java:createDbStore(420)) - SchemaV3 db is created and loaded at /home/runner/work/ozone/ozone/hadoop-ozone/integration-test/target/test-dir/MiniOzoneClusterImpl-cd00605b-e4dc-4ea1-ab7e-d8be28c4d560/datanode-3/data-0/containers/hdds/cd00605b-e4dc-4ea1-ab7e-d8be28c4d560/DS-2fedcfc6-e970-4e24-897a-a3e0d26c7265/container.db for volume DS-2fedcfc6-e970-4e24-897a-a3e0d26c7265
2024-01-14 08:11:32,582 [c2087a49-c200-4cc5-9876-7cd2477b3505-EndpointStateMachineTaskThread-/0.0.0.0:15055-0 ] INFO  volume.ThrottledAsyncChecker (ThrottledAsyncChecker.java:schedule(141)) - Scheduling a check for /home/runner/work/ozone/ozone/hadoop-ozone/integration-test/target/test-dir/MiniOzoneClusterImpl-cd00605b-e4dc-4ea1-ab7e-d8be28c4d560/datanode-3/data-0/containers/hdds
2024-01-14 08:11:32,582 [c2087a49-c200-4cc5-9876-7cd2477b3505-EndpointStateMachineTaskThread-/0.0.0.0:15055-0 ] INFO  volume.StorageVolumeChecker (StorageVolumeChecker.java:checkAllVolumes(218)) - Scheduled health check for volume /home/runner/work/ozone/ozone/hadoop-ozone/integration-test/target/test-dir/MiniOzoneClusterImpl-cd00605b-e4dc-4ea1-ab7e-d8be28c4d560/datanode-3/data-0/containers/hdds
2024-01-14 08:11:32,584 [c2087a49-c200-4cc5-9876-7cd2477b3505-EndpointStateMachineTaskThread-/0.0.0.0:15055-0 ] INFO  volume.ThrottledAsyncChecker (ThrottledAsyncChecker.java:schedule(141)) - Scheduling a check for /home/runner/work/ozone/ozone/hadoop-ozone/integration-test/target/test-dir/MiniOzoneClusterImpl-cd00605b-e4dc-4ea1-ab7e-d8be28c4d560/datanode-3/data/ratis
2024-01-14 08:11:32,584 [c2087a49-c200-4cc5-9876-7cd2477b3505-EndpointStateMachineTaskThread-/0.0.0.0:15055-0 ] INFO  volume.StorageVolumeChecker (StorageVolumeChecker.java:checkAllVolumes(218)) - Scheduled health check for volume /home/runner/work/ozone/ozone/hadoop-ozone/integration-test/target/test-dir/MiniOzoneClusterImpl-cd00605b-e4dc-4ea1-ab7e-d8be28c4d560/datanode-3/data/ratis
2024-01-14 08:11:32,586 [c2087a49-c200-4cc5-9876-7cd2477b3505-EndpointStateMachineTaskThread-/0.0.0.0:15055-0 ] INFO  ozoneimpl.OzoneContainer (OzoneContainer.java:start(457)) - Attempting to start container services.
2024-01-14 08:11:32,587 [c2087a49-c200-4cc5-9876-7cd2477b3505-EndpointStateMachineTaskThread-/0.0.0.0:15055-0 ] INFO  ozoneimpl.OzoneContainer (OzoneContainer.java:startContainerScrub(339)) - Scheduled background container scanners and the on-demand container scanner have been disabled.
2024-01-14 08:11:32,588 [c2087a49-c200-4cc5-9876-7cd2477b3505-EndpointStateMachineTaskThread-/0.0.0.0:15055-0 ] INFO  replication.ReplicationServer (ReplicationServer.java:start(139)) - ReplicationServer is started using port 15096
2024-01-14 08:11:32,588 [c2087a49-c200-4cc5-9876-7cd2477b3505-EndpointStateMachineTaskThread-/0.0.0.0:15055-0 ] INFO  ratis.XceiverServerRatis (XceiverServerRatis.java:start(549)) - Starting XceiverServerRatis c2087a49-c200-4cc5-9876-7cd2477b3505
2024-01-14 08:11:32,589 [c2087a49-c200-4cc5-9876-7cd2477b3505-EndpointStateMachineTaskThread-/0.0.0.0:15055-0 ] INFO  server.RaftServer (RaftServerProxy.java:startImpl(406)) - c2087a49-c200-4cc5-9876-7cd2477b3505: start RPC server
2024-01-14 08:11:32,590 [c2087a49-c200-4cc5-9876-7cd2477b3505-EndpointStateMachineTaskThread-/0.0.0.0:15055-0 ] INFO  server.GrpcService (GrpcService.java:startImpl(302)) - c2087a49-c200-4cc5-9876-7cd2477b3505: GrpcService started, listening on 15092
2024-01-14 08:11:32,590 [c2087a49-c200-4cc5-9876-7cd2477b3505-EndpointStateMachineTaskThread-/0.0.0.0:15055-0 ] INFO  server.GrpcService (GrpcService.java:startImpl(302)) - c2087a49-c200-4cc5-9876-7cd2477b3505: GrpcService started, listening on 15094
2024-01-14 08:11:32,593 [c2087a49-c200-4cc5-9876-7cd2477b3505-EndpointStateMachineTaskThread-/0.0.0.0:15055-0 ] INFO  server.GrpcService (GrpcService.java:startImpl(302)) - c2087a49-c200-4cc5-9876-7cd2477b3505: GrpcService started, listening on 15093
2024-01-14 08:11:32,596 [c2087a49-c200-4cc5-9876-7cd2477b3505-EndpointStateMachineTaskThread-/0.0.0.0:15055-0 ] INFO  ratis.XceiverServerRatis (XceiverServerRatis.java:getRealPort(575)) - XceiverServerRatis c2087a49-c200-4cc5-9876-7cd2477b3505 is started using port 15092 for RATIS
2024-01-14 08:11:32,596 [c2087a49-c200-4cc5-9876-7cd2477b3505-EndpointStateMachineTaskThread-/0.0.0.0:15055-0 ] INFO  ratis.XceiverServerRatis (XceiverServerRatis.java:getRealPort(575)) - XceiverServerRatis c2087a49-c200-4cc5-9876-7cd2477b3505 is started using port 15093 for RATIS_ADMIN
2024-01-14 08:11:32,596 [c2087a49-c200-4cc5-9876-7cd2477b3505-EndpointStateMachineTaskThread-/0.0.0.0:15055-0 ] INFO  ratis.XceiverServerRatis (XceiverServerRatis.java:getRealPort(575)) - XceiverServerRatis c2087a49-c200-4cc5-9876-7cd2477b3505 is started using port 15094 for RATIS_SERVER
2024-01-14 08:11:32,596 [c2087a49-c200-4cc5-9876-7cd2477b3505-EndpointStateMachineTaskThread-/0.0.0.0:15055-0 ] INFO  ratis.XceiverServerRatis (XceiverServerRatis.java:getRealPort(575)) - XceiverServerRatis c2087a49-c200-4cc5-9876-7cd2477b3505 is started using port 15095 for RATIS_DATASTREAM
2024-01-14 08:11:32,596 [JvmPauseMonitor12] INFO  util.JvmPauseMonitor (JvmPauseMonitor.java:run(146)) - JvmPauseMonitor-c2087a49-c200-4cc5-9876-7cd2477b3505: Started
2024-01-14 08:11:32,599 [c2087a49-c200-4cc5-9876-7cd2477b3505-BlockDeletingService#0] INFO  interfaces.ContainerDeletionChoosingPolicyTemplate (ContainerDeletionChoosingPolicyTemplate.java:chooseContainerForBlockDeletion(85)) - Chosen 0/5000 blocks from 0 candidate containers.
2024-01-14 08:11:32,647 [main] INFO  ozone.MiniOzoneClusterImpl (MiniOzoneClusterImpl.java:lambda$waitForClusterToBeReady$0(229)) - Waiting for nodes to be ready. Got 0 of 5 DN Heartbeats.
2024-01-14 08:11:32,647 [main] INFO  ozone.MiniOzoneClusterImpl (MiniOzoneClusterImpl.java:lambda$waitForClusterToBeReady$0(232)) - Waiting for cluster to exit safe mode
2024-01-14 08:11:32,648 [main] INFO  ozone.MiniOzoneClusterImpl (MiniOzoneClusterImpl.java:lambda$waitForClusterToBeReady$0(234)) - SCM became leader
2024-01-14 08:11:32,674 [5d2ec376-2e2c-4bb9-a4fb-bf5b12c4c412-EndpointStateMachineTaskThread-/0.0.0.0:15055-0 ] INFO  utils.DatanodeStoreCache (DatanodeStoreCache.java:addDB(72)) - Added db /home/runner/work/ozone/ozone/hadoop-ozone/integration-test/target/test-dir/MiniOzoneClusterImpl-cd00605b-e4dc-4ea1-ab7e-d8be28c4d560/datanode-4/data-0/containers/hdds/cd00605b-e4dc-4ea1-ab7e-d8be28c4d560/DS-0c94e9a2-9bbe-4435-aeb8-f24850e5808e/container.db to cache
2024-01-14 08:11:32,674 [5d2ec376-2e2c-4bb9-a4fb-bf5b12c4c412-EndpointStateMachineTaskThread-/0.0.0.0:15055-0 ] INFO  volume.HddsVolume (HddsVolume.java:createDbStore(420)) - SchemaV3 db is created and loaded at /home/runner/work/ozone/ozone/hadoop-ozone/integration-test/target/test-dir/MiniOzoneClusterImpl-cd00605b-e4dc-4ea1-ab7e-d8be28c4d560/datanode-4/data-0/containers/hdds/cd00605b-e4dc-4ea1-ab7e-d8be28c4d560/DS-0c94e9a2-9bbe-4435-aeb8-f24850e5808e/container.db for volume DS-0c94e9a2-9bbe-4435-aeb8-f24850e5808e
2024-01-14 08:11:32,676 [5d2ec376-2e2c-4bb9-a4fb-bf5b12c4c412-EndpointStateMachineTaskThread-/0.0.0.0:15055-0 ] INFO  volume.ThrottledAsyncChecker (ThrottledAsyncChecker.java:schedule(141)) - Scheduling a check for /home/runner/work/ozone/ozone/hadoop-ozone/integration-test/target/test-dir/MiniOzoneClusterImpl-cd00605b-e4dc-4ea1-ab7e-d8be28c4d560/datanode-4/data-0/containers/hdds
2024-01-14 08:11:32,676 [5d2ec376-2e2c-4bb9-a4fb-bf5b12c4c412-EndpointStateMachineTaskThread-/0.0.0.0:15055-0 ] INFO  volume.StorageVolumeChecker (StorageVolumeChecker.java:checkAllVolumes(218)) - Scheduled health check for volume /home/runner/work/ozone/ozone/hadoop-ozone/integration-test/target/test-dir/MiniOzoneClusterImpl-cd00605b-e4dc-4ea1-ab7e-d8be28c4d560/datanode-4/data-0/containers/hdds
2024-01-14 08:11:32,678 [5d2ec376-2e2c-4bb9-a4fb-bf5b12c4c412-EndpointStateMachineTaskThread-/0.0.0.0:15055-0 ] INFO  volume.ThrottledAsyncChecker (ThrottledAsyncChecker.java:schedule(141)) - Scheduling a check for /home/runner/work/ozone/ozone/hadoop-ozone/integration-test/target/test-dir/MiniOzoneClusterImpl-cd00605b-e4dc-4ea1-ab7e-d8be28c4d560/datanode-4/data/ratis
2024-01-14 08:11:32,678 [5d2ec376-2e2c-4bb9-a4fb-bf5b12c4c412-EndpointStateMachineTaskThread-/0.0.0.0:15055-0 ] INFO  volume.StorageVolumeChecker (StorageVolumeChecker.java:checkAllVolumes(218)) - Scheduled health check for volume /home/runner/work/ozone/ozone/hadoop-ozone/integration-test/target/test-dir/MiniOzoneClusterImpl-cd00605b-e4dc-4ea1-ab7e-d8be28c4d560/datanode-4/data/ratis
2024-01-14 08:11:32,679 [5d2ec376-2e2c-4bb9-a4fb-bf5b12c4c412-EndpointStateMachineTaskThread-/0.0.0.0:15055-0 ] INFO  ozoneimpl.OzoneContainer (OzoneContainer.java:start(457)) - Attempting to start container services.
2024-01-14 08:11:32,679 [5d2ec376-2e2c-4bb9-a4fb-bf5b12c4c412-EndpointStateMachineTaskThread-/0.0.0.0:15055-0 ] INFO  ozoneimpl.OzoneContainer (OzoneContainer.java:startContainerScrub(339)) - Scheduled background container scanners and the on-demand container scanner have been disabled.
2024-01-14 08:11:32,679 [5d2ec376-2e2c-4bb9-a4fb-bf5b12c4c412-EndpointStateMachineTaskThread-/0.0.0.0:15055-0 ] INFO  replication.ReplicationServer (ReplicationServer.java:start(139)) - ReplicationServer is started using port 15105
2024-01-14 08:11:32,679 [5d2ec376-2e2c-4bb9-a4fb-bf5b12c4c412-EndpointStateMachineTaskThread-/0.0.0.0:15055-0 ] INFO  ratis.XceiverServerRatis (XceiverServerRatis.java:start(549)) - Starting XceiverServerRatis 5d2ec376-2e2c-4bb9-a4fb-bf5b12c4c412
2024-01-14 08:11:32,680 [5d2ec376-2e2c-4bb9-a4fb-bf5b12c4c412-EndpointStateMachineTaskThread-/0.0.0.0:15055-0 ] INFO  server.RaftServer (RaftServerProxy.java:startImpl(406)) - 5d2ec376-2e2c-4bb9-a4fb-bf5b12c4c412: start RPC server
2024-01-14 08:11:32,680 [5d2ec376-2e2c-4bb9-a4fb-bf5b12c4c412-EndpointStateMachineTaskThread-/0.0.0.0:15055-0 ] INFO  server.GrpcService (GrpcService.java:startImpl(302)) - 5d2ec376-2e2c-4bb9-a4fb-bf5b12c4c412: GrpcService started, listening on 15101
2024-01-14 08:11:32,680 [5d2ec376-2e2c-4bb9-a4fb-bf5b12c4c412-EndpointStateMachineTaskThread-/0.0.0.0:15055-0 ] INFO  server.GrpcService (GrpcService.java:startImpl(302)) - 5d2ec376-2e2c-4bb9-a4fb-bf5b12c4c412: GrpcService started, listening on 15103
2024-01-14 08:11:32,680 [5d2ec376-2e2c-4bb9-a4fb-bf5b12c4c412-EndpointStateMachineTaskThread-/0.0.0.0:15055-0 ] INFO  server.GrpcService (GrpcService.java:startImpl(302)) - 5d2ec376-2e2c-4bb9-a4fb-bf5b12c4c412: GrpcService started, listening on 15102
2024-01-14 08:11:32,681 [JvmPauseMonitor13] INFO  util.JvmPauseMonitor (JvmPauseMonitor.java:run(146)) - JvmPauseMonitor-5d2ec376-2e2c-4bb9-a4fb-bf5b12c4c412: Started
2024-01-14 08:11:32,681 [5d2ec376-2e2c-4bb9-a4fb-bf5b12c4c412-EndpointStateMachineTaskThread-/0.0.0.0:15055-0 ] INFO  ratis.XceiverServerRatis (XceiverServerRatis.java:getRealPort(575)) - XceiverServerRatis 5d2ec376-2e2c-4bb9-a4fb-bf5b12c4c412 is started using port 15101 for RATIS
2024-01-14 08:11:32,681 [5d2ec376-2e2c-4bb9-a4fb-bf5b12c4c412-EndpointStateMachineTaskThread-/0.0.0.0:15055-0 ] INFO  ratis.XceiverServerRatis (XceiverServerRatis.java:getRealPort(575)) - XceiverServerRatis 5d2ec376-2e2c-4bb9-a4fb-bf5b12c4c412 is started using port 15102 for RATIS_ADMIN
2024-01-14 08:11:32,681 [5d2ec376-2e2c-4bb9-a4fb-bf5b12c4c412-EndpointStateMachineTaskThread-/0.0.0.0:15055-0 ] INFO  ratis.XceiverServerRatis (XceiverServerRatis.java:getRealPort(575)) - XceiverServerRatis 5d2ec376-2e2c-4bb9-a4fb-bf5b12c4c412 is started using port 15103 for RATIS_SERVER
2024-01-14 08:11:32,681 [5d2ec376-2e2c-4bb9-a4fb-bf5b12c4c412-EndpointStateMachineTaskThread-/0.0.0.0:15055-0 ] INFO  ratis.XceiverServerRatis (XceiverServerRatis.java:getRealPort(575)) - XceiverServerRatis 5d2ec376-2e2c-4bb9-a4fb-bf5b12c4c412 is started using port 15104 for RATIS_DATASTREAM
2024-01-14 08:11:32,682 [5d2ec376-2e2c-4bb9-a4fb-bf5b12c4c412-BlockDeletingService#0] INFO  interfaces.ContainerDeletionChoosingPolicyTemplate (ContainerDeletionChoosingPolicyTemplate.java:chooseContainerForBlockDeletion(85)) - Chosen 0/5000 blocks from 0 candidate containers.
2024-01-14 08:11:33,648 [main] INFO  ozone.MiniOzoneClusterImpl (MiniOzoneClusterImpl.java:lambda$waitForClusterToBeReady$0(229)) - Waiting for nodes to be ready. Got 0 of 5 DN Heartbeats.
2024-01-14 08:11:33,648 [main] INFO  ozone.MiniOzoneClusterImpl (MiniOzoneClusterImpl.java:lambda$waitForClusterToBeReady$0(232)) - Waiting for cluster to exit safe mode
2024-01-14 08:11:33,648 [main] INFO  ozone.MiniOzoneClusterImpl (MiniOzoneClusterImpl.java:lambda$waitForClusterToBeReady$0(234)) - SCM became leader
2024-01-14 08:11:34,249 [IPC Server handler 2 on default port 15055] INFO  net.NetworkTopologyImpl (NetworkTopologyImpl.java:add(124)) - Added a new node: /default-rack/59ce54d6-04b6-4e86-8314-d8540ae27b4b
2024-01-14 08:11:34,250 [IPC Server handler 2 on default port 15055] INFO  node.SCMNodeManager (SCMNodeManager.java:register(417)) - Registered datanode: 59ce54d6-04b6-4e86-8314-d8540ae27b4b{ip: 10.1.0.100, host: fv-az737-837, ports: [HTTP=15062, CLIENT_RPC=15063, REPLICATION=15069, RATIS=15065, RATIS_ADMIN=15066, RATIS_SERVER=15067, RATIS_DATASTREAM=15068, STANDALONE=15064], networkLocation: /default-rack, certSerialId: null, persistedOpState: null, persistedOpStateExpiryEpochSec: 0}
2024-01-14 08:11:34,251 [EventQueue-NodeRegistrationContainerReportForDataNodeSafeModeRule] INFO  safemode.SCMSafeModeManager (DataNodeSafeModeRule.java:process(71)) - SCM in safe mode. 1 DataNodes registered, 3 required.
2024-01-14 08:11:34,251 [EventQueue-NodeRegistrationContainerReportForContainerSafeModeRule] INFO  safemode.SCMSafeModeManager (SCMSafeModeManager.java:validateSafeModeExitRules(200)) - ContainerSafeModeRule rule is successfully validated
2024-01-14 08:11:34,256 [EventQueue-PipelineReportForOneReplicaPipelineSafeModeRule] INFO  safemode.SCMSafeModeManager (SCMSafeModeManager.java:validateSafeModeExitRules(200)) - AtleastOneDatanodeReportedRule rule is successfully validated
2024-01-14 08:11:34,259 [EventQueue-NewNodeForNewNodeHandler] INFO  pipeline.BackgroundPipelineCreator (BackgroundPipelineCreator.java:notifyEventTriggered(280)) - trigger a one-shot run on RatisPipelineUtilsThread.
2024-01-14 08:11:34,259 [RatisPipelineUtilsThread-0] INFO  pipeline.RatisPipelineProvider (RatisPipelineProvider.java:lambda$create$0(206)) - Sending CreatePipelineCommand for pipeline:PipelineID=492b65d5-1427-4abd-80f8-5c99898d9976 to datanode:59ce54d6-04b6-4e86-8314-d8540ae27b4b
2024-01-14 08:11:34,260 [RatisPipelineUtilsThread-0] INFO  pipeline.BackgroundPipelineCreator (BackgroundPipelineCreator.java:createPipelines(236)) - Created new pipeline Pipeline[ Id: 492b65d5-1427-4abd-80f8-5c99898d9976, Nodes: 59ce54d6-04b6-4e86-8314-d8540ae27b4b(fv-az737-837/10.1.0.100), ReplicationConfig: RATIS/ONE, State:ALLOCATED, leaderId:, CreationTimestamp2024-01-14T08:11:34.259Z[Etc/UTC]]
2024-01-14 08:11:34,348 [IPC Server handler 3 on default port 15055] INFO  net.NetworkTopologyImpl (NetworkTopologyImpl.java:add(124)) - Added a new node: /default-rack/023fb60a-00b7-42be-9ceb-f38531668441
2024-01-14 08:11:34,349 [IPC Server handler 3 on default port 15055] INFO  node.SCMNodeManager (SCMNodeManager.java:register(417)) - Registered datanode: 023fb60a-00b7-42be-9ceb-f38531668441{ip: 10.1.0.100, host: fv-az737-837, ports: [HTTP=15071, CLIENT_RPC=15072, REPLICATION=15078, RATIS=15074, RATIS_ADMIN=15075, RATIS_SERVER=15076, RATIS_DATASTREAM=15077, STANDALONE=15073], networkLocation: /default-rack, certSerialId: null, persistedOpState: null, persistedOpStateExpiryEpochSec: 0}
2024-01-14 08:11:34,350 [EventQueue-NodeRegistrationContainerReportForDataNodeSafeModeRule] INFO  safemode.SCMSafeModeManager (DataNodeSafeModeRule.java:process(71)) - SCM in safe mode. 2 DataNodes registered, 3 required.
2024-01-14 08:11:34,350 [EventQueue-NewNodeForNewNodeHandler] INFO  pipeline.BackgroundPipelineCreator (BackgroundPipelineCreator.java:notifyEventTriggered(280)) - trigger a one-shot run on RatisPipelineUtilsThread.
2024-01-14 08:11:34,350 [RatisPipelineUtilsThread-0] INFO  pipeline.RatisPipelineProvider (RatisPipelineProvider.java:lambda$create$0(206)) - Sending CreatePipelineCommand for pipeline:PipelineID=045f9788-11c2-47a6-bfc6-857e0ccb03c9 to datanode:023fb60a-00b7-42be-9ceb-f38531668441
2024-01-14 08:11:34,351 [RatisPipelineUtilsThread-0] INFO  pipeline.BackgroundPipelineCreator (BackgroundPipelineCreator.java:createPipelines(236)) - Created new pipeline Pipeline[ Id: 045f9788-11c2-47a6-bfc6-857e0ccb03c9, Nodes: 023fb60a-00b7-42be-9ceb-f38531668441(fv-az737-837/10.1.0.100), ReplicationConfig: RATIS/ONE, State:ALLOCATED, leaderId:, CreationTimestamp2024-01-14T08:11:34.350Z[Etc/UTC]]
2024-01-14 08:11:34,447 [IPC Server handler 4 on default port 15055] INFO  net.NetworkTopologyImpl (NetworkTopologyImpl.java:add(124)) - Added a new node: /default-rack/5f8e001a-8213-4762-a64f-c492c0fad8a7
2024-01-14 08:11:34,447 [IPC Server handler 4 on default port 15055] INFO  node.SCMNodeManager (SCMNodeManager.java:register(417)) - Registered datanode: 5f8e001a-8213-4762-a64f-c492c0fad8a7{ip: 10.1.0.100, host: fv-az737-837, ports: [HTTP=15080, CLIENT_RPC=15081, REPLICATION=15087, RATIS=15083, RATIS_ADMIN=15084, RATIS_SERVER=15085, RATIS_DATASTREAM=15086, STANDALONE=15082], networkLocation: /default-rack, certSerialId: null, persistedOpState: null, persistedOpStateExpiryEpochSec: 0}
2024-01-14 08:11:34,447 [EventQueue-NewNodeForNewNodeHandler] INFO  pipeline.BackgroundPipelineCreator (BackgroundPipelineCreator.java:notifyEventTriggered(280)) - trigger a one-shot run on RatisPipelineUtilsThread.
2024-01-14 08:11:34,448 [EventQueue-NodeRegistrationContainerReportForDataNodeSafeModeRule] INFO  safemode.SCMSafeModeManager (DataNodeSafeModeRule.java:process(71)) - SCM in safe mode. 3 DataNodes registered, 3 required.
2024-01-14 08:11:34,448 [EventQueue-NodeRegistrationContainerReportForDataNodeSafeModeRule] INFO  safemode.SCMSafeModeManager (SCMSafeModeManager.java:validateSafeModeExitRules(200)) - DataNodeSafeModeRule rule is successfully validated
2024-01-14 08:11:34,448 [EventQueue-NodeRegistrationContainerReportForDataNodeSafeModeRule] INFO  safemode.SCMSafeModeManager (SCMSafeModeManager.java:completePreCheck(229)) - All SCM safe mode pre check rules have passed
2024-01-14 08:11:34,448 [RatisPipelineUtilsThread-0] INFO  pipeline.RatisPipelineProvider (RatisPipelineProvider.java:lambda$create$0(206)) - Sending CreatePipelineCommand for pipeline:PipelineID=bb42472c-5522-4c56-8a65-f1a88316a3ce to datanode:5f8e001a-8213-4762-a64f-c492c0fad8a7
2024-01-14 08:11:34,448 [EventQueue-NodeRegistrationContainerReportForDataNodeSafeModeRule] INFO  ha.SCMContext (SCMContext.java:updateSafeModeStatus(230)) - Update SafeModeStatus from SafeModeStatus{safeModeStatus=true, preCheckPassed=false} to SafeModeStatus{safeModeStatus=true, preCheckPassed=true}.
2024-01-14 08:11:34,449 [EventQueue-NodeRegistrationContainerReportForDataNodeSafeModeRule] INFO  pipeline.BackgroundPipelineCreator (BackgroundPipelineCreator.java:notifyEventTriggered(280)) - trigger a one-shot run on RatisPipelineUtilsThread.
2024-01-14 08:11:34,449 [RatisPipelineUtilsThread-0] INFO  pipeline.BackgroundPipelineCreator (BackgroundPipelineCreator.java:createPipelines(236)) - Created new pipeline Pipeline[ Id: bb42472c-5522-4c56-8a65-f1a88316a3ce, Nodes: 5f8e001a-8213-4762-a64f-c492c0fad8a7(fv-az737-837/10.1.0.100), ReplicationConfig: RATIS/ONE, State:ALLOCATED, leaderId:, CreationTimestamp2024-01-14T08:11:34.448Z[Etc/UTC]]
2024-01-14 08:11:34,450 [RatisPipelineUtilsThread-0] INFO  pipeline.RatisPipelineProvider (RatisPipelineProvider.java:lambda$create$0(206)) - Sending CreatePipelineCommand for pipeline:PipelineID=a9d1e480-37a4-42af-9d39-ead6276aadb2 to datanode:023fb60a-00b7-42be-9ceb-f38531668441
2024-01-14 08:11:34,450 [RatisPipelineUtilsThread-0] INFO  pipeline.RatisPipelineProvider (RatisPipelineProvider.java:lambda$create$0(206)) - Sending CreatePipelineCommand for pipeline:PipelineID=a9d1e480-37a4-42af-9d39-ead6276aadb2 to datanode:59ce54d6-04b6-4e86-8314-d8540ae27b4b
2024-01-14 08:11:34,450 [RatisPipelineUtilsThread-0] INFO  pipeline.RatisPipelineProvider (RatisPipelineProvider.java:lambda$create$0(206)) - Sending CreatePipelineCommand for pipeline:PipelineID=a9d1e480-37a4-42af-9d39-ead6276aadb2 to datanode:5f8e001a-8213-4762-a64f-c492c0fad8a7
2024-01-14 08:11:34,450 [RatisPipelineUtilsThread-0] INFO  pipeline.BackgroundPipelineCreator (BackgroundPipelineCreator.java:createPipelines(236)) - Created new pipeline Pipeline[ Id: a9d1e480-37a4-42af-9d39-ead6276aadb2, Nodes: 023fb60a-00b7-42be-9ceb-f38531668441(fv-az737-837/10.1.0.100)59ce54d6-04b6-4e86-8314-d8540ae27b4b(fv-az737-837/10.1.0.100)5f8e001a-8213-4762-a64f-c492c0fad8a7(fv-az737-837/10.1.0.100), ReplicationConfig: RATIS/THREE, State:ALLOCATED, leaderId:, CreationTimestamp2024-01-14T08:11:34.449Z[Etc/UTC]]
2024-01-14 08:11:34,451 [RatisPipelineUtilsThread-0] INFO  pipeline.RatisPipelineProvider (RatisPipelineProvider.java:lambda$create$0(206)) - Sending CreatePipelineCommand for pipeline:PipelineID=7558fe87-f470-4d77-8c96-ea54333cd795 to datanode:023fb60a-00b7-42be-9ceb-f38531668441
2024-01-14 08:11:34,451 [RatisPipelineUtilsThread-0] INFO  pipeline.RatisPipelineProvider (RatisPipelineProvider.java:lambda$create$0(206)) - Sending CreatePipelineCommand for pipeline:PipelineID=7558fe87-f470-4d77-8c96-ea54333cd795 to datanode:59ce54d6-04b6-4e86-8314-d8540ae27b4b
2024-01-14 08:11:34,451 [RatisPipelineUtilsThread-0] INFO  pipeline.RatisPipelineProvider (RatisPipelineProvider.java:lambda$create$0(206)) - Sending CreatePipelineCommand for pipeline:PipelineID=7558fe87-f470-4d77-8c96-ea54333cd795 to datanode:5f8e001a-8213-4762-a64f-c492c0fad8a7
2024-01-14 08:11:34,452 [RatisPipelineUtilsThread-0] INFO  pipeline.PipelineManagerImpl (PipelineManagerImpl.java:recordMetricsForPipeline(916)) - Pipeline: PipelineID=7558fe87-f470-4d77-8c96-ea54333cd795 contains same datanodes as previous pipelines: PipelineID=a9d1e480-37a4-42af-9d39-ead6276aadb2 nodeIds: 023fb60a-00b7-42be-9ceb-f38531668441, 59ce54d6-04b6-4e86-8314-d8540ae27b4b, 5f8e001a-8213-4762-a64f-c492c0fad8a7
2024-01-14 08:11:34,452 [RatisPipelineUtilsThread-0] INFO  pipeline.BackgroundPipelineCreator (BackgroundPipelineCreator.java:createPipelines(236)) - Created new pipeline Pipeline[ Id: 7558fe87-f470-4d77-8c96-ea54333cd795, Nodes: 023fb60a-00b7-42be-9ceb-f38531668441(fv-az737-837/10.1.0.100)59ce54d6-04b6-4e86-8314-d8540ae27b4b(fv-az737-837/10.1.0.100)5f8e001a-8213-4762-a64f-c492c0fad8a7(fv-az737-837/10.1.0.100), ReplicationConfig: RATIS/THREE, State:ALLOCATED, leaderId:, CreationTimestamp2024-01-14T08:11:34.451Z[Etc/UTC]]
2024-01-14 08:11:34,551 [IPC Server handler 1 on default port 15055] INFO  net.NetworkTopologyImpl (NetworkTopologyImpl.java:add(124)) - Added a new node: /default-rack/c2087a49-c200-4cc5-9876-7cd2477b3505
2024-01-14 08:11:34,551 [IPC Server handler 1 on default port 15055] INFO  node.SCMNodeManager (SCMNodeManager.java:register(417)) - Registered datanode: c2087a49-c200-4cc5-9876-7cd2477b3505{ip: 10.1.0.100, host: fv-az737-837, ports: [HTTP=15089, CLIENT_RPC=15090, REPLICATION=15096, RATIS=15092, RATIS_ADMIN=15093, RATIS_SERVER=15094, RATIS_DATASTREAM=15095, STANDALONE=15091], networkLocation: /default-rack, certSerialId: null, persistedOpState: null, persistedOpStateExpiryEpochSec: 0}
2024-01-14 08:11:34,552 [EventQueue-NewNodeForNewNodeHandler] INFO  pipeline.BackgroundPipelineCreator (BackgroundPipelineCreator.java:notifyEventTriggered(280)) - trigger a one-shot run on RatisPipelineUtilsThread.
2024-01-14 08:11:34,552 [RatisPipelineUtilsThread-0] INFO  pipeline.RatisPipelineProvider (RatisPipelineProvider.java:lambda$create$0(206)) - Sending CreatePipelineCommand for pipeline:PipelineID=1a180ac5-a79f-4372-a772-94a1419da0af to datanode:c2087a49-c200-4cc5-9876-7cd2477b3505
2024-01-14 08:11:34,553 [RatisPipelineUtilsThread-0] INFO  pipeline.BackgroundPipelineCreator (BackgroundPipelineCreator.java:createPipelines(236)) - Created new pipeline Pipeline[ Id: 1a180ac5-a79f-4372-a772-94a1419da0af, Nodes: c2087a49-c200-4cc5-9876-7cd2477b3505(fv-az737-837/10.1.0.100), ReplicationConfig: RATIS/ONE, State:ALLOCATED, leaderId:, CreationTimestamp2024-01-14T08:11:34.552Z[Etc/UTC]]
2024-01-14 08:11:34,648 [IPC Server handler 0 on default port 15055] INFO  net.NetworkTopologyImpl (NetworkTopologyImpl.java:add(124)) - Added a new node: /default-rack/5d2ec376-2e2c-4bb9-a4fb-bf5b12c4c412
2024-01-14 08:11:34,648 [IPC Server handler 0 on default port 15055] INFO  node.SCMNodeManager (SCMNodeManager.java:register(417)) - Registered datanode: 5d2ec376-2e2c-4bb9-a4fb-bf5b12c4c412{ip: 10.1.0.100, host: fv-az737-837, ports: [HTTP=15098, CLIENT_RPC=15099, REPLICATION=15105, RATIS=15101, RATIS_ADMIN=15102, RATIS_SERVER=15103, RATIS_DATASTREAM=15104, STANDALONE=15100], networkLocation: /default-rack, certSerialId: null, persistedOpState: null, persistedOpStateExpiryEpochSec: 0}
2024-01-14 08:11:34,648 [main] INFO  ozone.MiniOzoneClusterImpl (MiniOzoneClusterImpl.java:lambda$waitForClusterToBeReady$0(229)) - Nodes are ready. Got 5 of 5 DN Heartbeats.
2024-01-14 08:11:34,649 [main] INFO  ozone.MiniOzoneClusterImpl (MiniOzoneClusterImpl.java:lambda$waitForClusterToBeReady$0(232)) - Waiting for cluster to exit safe mode
2024-01-14 08:11:34,649 [main] INFO  ozone.MiniOzoneClusterImpl (MiniOzoneClusterImpl.java:lambda$waitForClusterToBeReady$0(234)) - SCM became leader
2024-01-14 08:11:34,649 [EventQueue-NewNodeForNewNodeHandler] INFO  pipeline.BackgroundPipelineCreator (BackgroundPipelineCreator.java:notifyEventTriggered(280)) - trigger a one-shot run on RatisPipelineUtilsThread.
2024-01-14 08:11:34,650 [RatisPipelineUtilsThread-0] INFO  pipeline.RatisPipelineProvider (RatisPipelineProvider.java:lambda$create$0(206)) - Sending CreatePipelineCommand for pipeline:PipelineID=51268c94-f4dd-49ba-bcdf-a2fa8d8a5b6e to datanode:5d2ec376-2e2c-4bb9-a4fb-bf5b12c4c412
2024-01-14 08:11:34,651 [RatisPipelineUtilsThread-0] INFO  pipeline.BackgroundPipelineCreator (BackgroundPipelineCreator.java:createPipelines(236)) - Created new pipeline Pipeline[ Id: 51268c94-f4dd-49ba-bcdf-a2fa8d8a5b6e, Nodes: 5d2ec376-2e2c-4bb9-a4fb-bf5b12c4c412(fv-az737-837/10.1.0.100), ReplicationConfig: RATIS/ONE, State:ALLOCATED, leaderId:, CreationTimestamp2024-01-14T08:11:34.650Z[Etc/UTC]]
2024-01-14 08:11:35,649 [main] INFO  ozone.MiniOzoneClusterImpl (MiniOzoneClusterImpl.java:lambda$waitForClusterToBeReady$0(229)) - Nodes are ready. Got 5 of 5 DN Heartbeats.
2024-01-14 08:11:35,649 [main] INFO  ozone.MiniOzoneClusterImpl (MiniOzoneClusterImpl.java:lambda$waitForClusterToBeReady$0(232)) - Waiting for cluster to exit safe mode
2024-01-14 08:11:35,649 [main] INFO  ozone.MiniOzoneClusterImpl (MiniOzoneClusterImpl.java:lambda$waitForClusterToBeReady$0(234)) - SCM became leader
2024-01-14 08:11:36,650 [main] INFO  ozone.MiniOzoneClusterImpl (MiniOzoneClusterImpl.java:lambda$waitForClusterToBeReady$0(229)) - Nodes are ready. Got 5 of 5 DN Heartbeats.
2024-01-14 08:11:36,650 [main] INFO  ozone.MiniOzoneClusterImpl (MiniOzoneClusterImpl.java:lambda$waitForClusterToBeReady$0(232)) - Waiting for cluster to exit safe mode
2024-01-14 08:11:36,650 [main] INFO  ozone.MiniOzoneClusterImpl (MiniOzoneClusterImpl.java:lambda$waitForClusterToBeReady$0(234)) - SCM became leader
2024-01-14 08:11:37,250 [59ce54d6-04b6-4e86-8314-d8540ae27b4b-PipelineCommandHandlerThread-0] INFO  server.RaftServer (RaftServerProxy.java:addNew(100)) - 59ce54d6-04b6-4e86-8314-d8540ae27b4b: addNew group-5C99898D9976:[59ce54d6-04b6-4e86-8314-d8540ae27b4b|10.1.0.100:15067] returns group-5C99898D9976:java.util.concurrent.CompletableFuture@68d6a212[Not completed]
2024-01-14 08:11:37,251 [59ce54d6-04b6-4e86-8314-d8540ae27b4b-groupManagement] INFO  server.RaftServer$Division (RaftServerImpl.java:<init>(256)) - 59ce54d6-04b6-4e86-8314-d8540ae27b4b: new RaftServerImpl for group-5C99898D9976:[59ce54d6-04b6-4e86-8314-d8540ae27b4b|10.1.0.100:15067] with ContainerStateMachine:uninitialized
2024-01-14 08:11:37,252 [59ce54d6-04b6-4e86-8314-d8540ae27b4b-groupManagement] INFO  server.RaftServerConfigKeys (ConfUtils.java:logGet(46)) - raft.server.rpc.timeout.min = 5s (custom)
2024-01-14 08:11:37,252 [59ce54d6-04b6-4e86-8314-d8540ae27b4b-groupManagement] INFO  server.RaftServerConfigKeys (ConfUtils.java:logGet(46)) - raft.server.rpc.timeout.max = 5200ms (custom)
2024-01-14 08:11:37,252 [59ce54d6-04b6-4e86-8314-d8540ae27b4b-groupManagement] INFO  server.RaftServerConfigKeys (ConfUtils.java:logGet(46)) - raft.server.rpc.sleep.time = 25ms (default)
2024-01-14 08:11:37,253 [59ce54d6-04b6-4e86-8314-d8540ae27b4b-groupManagement] INFO  server.RaftServerConfigKeys (ConfUtils.java:logGet(46)) - raft.server.rpc.slowness.timeout = 300000ms (custom)
2024-01-14 08:11:37,253 [59ce54d6-04b6-4e86-8314-d8540ae27b4b-groupManagement] INFO  server.RaftServerConfigKeys (ConfUtils.java:logGet(46)) - raft.server.leaderelection.leader.step-down.wait-time = 10s (default)
2024-01-14 08:11:37,253 [59ce54d6-04b6-4e86-8314-d8540ae27b4b-groupManagement] INFO  server.RaftServerConfigKeys (ConfUtils.java:logGet(46)) - raft.server.leaderelection.member.majority-add = false (default)
2024-01-14 08:11:37,254 [59ce54d6-04b6-4e86-8314-d8540ae27b4b-groupManagement] INFO  server.RaftServerConfigKeys (ConfUtils.java:logGet(46)) - raft.server.sleep.deviation.threshold = 300ms (default)
2024-01-14 08:11:37,254 [59ce54d6-04b6-4e86-8314-d8540ae27b4b-groupManagement] INFO  server.RaftServer$Division (ServerState.java:<init>(113)) - 59ce54d6-04b6-4e86-8314-d8540ae27b4b@group-5C99898D9976: ConfigurationManager, init=-1: peers:[59ce54d6-04b6-4e86-8314-d8540ae27b4b|10.1.0.100:15067]|listeners:[], old=null, confs=<EMPTY_MAP>
2024-01-14 08:11:37,254 [59ce54d6-04b6-4e86-8314-d8540ae27b4b-groupManagement] INFO  server.RaftServerConfigKeys (ConfUtils.java:logGet(46)) - raft.server.notification.no-leader.timeout = 300000ms (custom)
2024-01-14 08:11:37,255 [59ce54d6-04b6-4e86-8314-d8540ae27b4b-groupManagement] INFO  server.RaftServerConfigKeys (ConfUtils.java:logGet(46)) - raft.server.read.timeout = 10s (default)
2024-01-14 08:11:37,255 [59ce54d6-04b6-4e86-8314-d8540ae27b4b-groupManagement] INFO  server.RaftServerConfigKeys (ConfUtils.java:logGet(46)) - raft.server.retrycache.expirytime = 600000ms (custom)
2024-01-14 08:11:37,255 [59ce54d6-04b6-4e86-8314-d8540ae27b4b-groupManagement] INFO  server.RaftServerConfigKeys (ConfUtils.java:logGet(46)) - raft.server.retrycache.statistics.expirytime = 100ms (default)
2024-01-14 08:11:37,255 [59ce54d6-04b6-4e86-8314-d8540ae27b4b-groupManagement] INFO  server.RaftServerConfigKeys (ConfUtils.java:logGet(46)) - raft.server.read.option = DEFAULT (default)
2024-01-14 08:11:37,255 [59ce54d6-04b6-4e86-8314-d8540ae27b4b-groupManagement] INFO  server.RaftServerConfigKeys (ConfUtils.java:logGet(46)) - raft.server.read.read-after-write-consistent.write-index-cache.expiry-time = 60s (default)
2024-01-14 08:11:37,257 [59ce54d6-04b6-4e86-8314-d8540ae27b4b-groupManagement] INFO  server.RaftServerConfigKeys (ConfUtils.java:logGet(46)) - raft.server.rpc.request.timeout = 3000ms (default)
2024-01-14 08:11:37,257 [59ce54d6-04b6-4e86-8314-d8540ae27b4b-groupManagement] INFO  server.RaftServerConfigKeys (ConfUtils.java:logGet(46)) - raft.server.log.appender.install.snapshot.enabled = false (custom)
2024-01-14 08:11:37,257 [59ce54d6-04b6-4e86-8314-d8540ae27b4b-groupManagement] INFO  server.RaftServerConfigKeys (ConfUtils.java:logGet(46)) - raft.server.threadpool.server.cached = true (default)
2024-01-14 08:11:37,257 [59ce54d6-04b6-4e86-8314-d8540ae27b4b-groupManagement] INFO  server.RaftServerConfigKeys (ConfUtils.java:logGet(46)) - raft.server.threadpool.server.size = 0 (default)
2024-01-14 08:11:37,257 [59ce54d6-04b6-4e86-8314-d8540ae27b4b-groupManagement] INFO  server.RaftServerConfigKeys (ConfUtils.java:logGet(46)) - raft.server.threadpool.client.cached = true (default)
2024-01-14 08:11:37,257 [59ce54d6-04b6-4e86-8314-d8540ae27b4b-groupManagement] INFO  server.RaftServerConfigKeys (ConfUtils.java:logGet(46)) - raft.server.threadpool.client.size = 0 (default)
2024-01-14 08:11:37,257 [59ce54d6-04b6-4e86-8314-d8540ae27b4b-groupManagement] INFO  server.RaftServerConfigKeys (ConfUtils.java:logGet(46)) - raft.server.storage.free-space.min = 0MB (=0) (default)
2024-01-14 08:11:37,258 [59ce54d6-04b6-4e86-8314-d8540ae27b4b-groupManagement] INFO  server.RaftServerConfigKeys (ConfUtils.java:logGet(46)) - raft.server.log.corruption.policy = EXCEPTION (default)
2024-01-14 08:11:37,258 [59ce54d6-04b6-4e86-8314-d8540ae27b4b-groupManagement] INFO  server.RaftServerConfigKeys (ConfUtils.java:logGet(46)) - raft.server.storage.dir = [/home/runner/work/ozone/ozone/hadoop-ozone/integration-test/target/test-dir/MiniOzoneClusterImpl-cd00605b-e4dc-4ea1-ab7e-d8be28c4d560/datanode-0/data/ratis] (custom)
2024-01-14 08:11:37,258 [59ce54d6-04b6-4e86-8314-d8540ae27b4b-groupManagement] INFO  storage.RaftStorageDirectory (RaftStorageDirectoryImpl.java:analyzeStorage(138)) - The storage directory /home/runner/work/ozone/ozone/hadoop-ozone/integration-test/target/test-dir/MiniOzoneClusterImpl-cd00605b-e4dc-4ea1-ab7e-d8be28c4d560/datanode-0/data/ratis/492b65d5-1427-4abd-80f8-5c99898d9976 does not exist. Creating ...
2024-01-14 08:11:37,259 [59ce54d6-04b6-4e86-8314-d8540ae27b4b-groupManagement] INFO  storage.RaftStorageDirectory (RaftStorageDirectoryImpl.java:tryLock(228)) - Lock on /home/runner/work/ozone/ozone/hadoop-ozone/integration-test/target/test-dir/MiniOzoneClusterImpl-cd00605b-e4dc-4ea1-ab7e-d8be28c4d560/datanode-0/data/ratis/492b65d5-1427-4abd-80f8-5c99898d9976/in_use.lock acquired by nodename 49070@fv-az737-837
2024-01-14 08:11:37,260 [59ce54d6-04b6-4e86-8314-d8540ae27b4b-groupManagement] INFO  storage.RaftStorage (RaftStorageImpl.java:format(99)) - Storage directory /home/runner/work/ozone/ozone/hadoop-ozone/integration-test/target/test-dir/MiniOzoneClusterImpl-cd00605b-e4dc-4ea1-ab7e-d8be28c4d560/datanode-0/data/ratis/492b65d5-1427-4abd-80f8-5c99898d9976 has been successfully formatted.
2024-01-14 08:11:37,260 [59ce54d6-04b6-4e86-8314-d8540ae27b4b-groupManagement] WARN  util.FileUtils (LogUtils.java:supplyAndLog(63)) - Failed to Files.newInputStream /home/runner/work/ozone/ozone/hadoop-ozone/integration-test/target/test-dir/MiniOzoneClusterImpl-cd00605b-e4dc-4ea1-ab7e-d8be28c4d560/datanode-0/data/ratis/492b65d5-1427-4abd-80f8-5c99898d9976/current/raft-meta.conf with options []: java.nio.file.NoSuchFileException: /home/runner/work/ozone/ozone/hadoop-ozone/integration-test/target/test-dir/MiniOzoneClusterImpl-cd00605b-e4dc-4ea1-ab7e-d8be28c4d560/datanode-0/data/ratis/492b65d5-1427-4abd-80f8-5c99898d9976/current/raft-meta.conf
2024-01-14 08:11:37,261 [59ce54d6-04b6-4e86-8314-d8540ae27b4b-groupManagement] INFO  ratis.ContainerStateMachine (ContainerStateMachine.java:loadSnapshot(287)) - group-5C99898D9976: The snapshot info is null. Setting the last applied index to:(t:0, i:~)
2024-01-14 08:11:37,261 [59ce54d6-04b6-4e86-8314-d8540ae27b4b-groupManagement] INFO  server.RaftServerConfigKeys (ConfUtils.java:logGet(46)) - raft.server.log.use.memory = false (default)
2024-01-14 08:11:37,261 [59ce54d6-04b6-4e86-8314-d8540ae27b4b-groupManagement] INFO  server.RaftServerConfigKeys (ConfUtils.java:logGet(46)) - raft.server.log.purge.gap = 1000000 (custom)
2024-01-14 08:11:37,261 [59ce54d6-04b6-4e86-8314-d8540ae27b4b-groupManagement] INFO  server.RaftServerConfigKeys (ConfUtils.java:logGet(46)) - raft.server.log.appender.buffer.byte-limit = 8388608 (custom)
2024-01-14 08:11:37,261 [59ce54d6-04b6-4e86-8314-d8540ae27b4b-groupManagement] INFO  server.RaftServerConfigKeys (ConfUtils.java:logGet(46)) - raft.server.log.statemachine.data.read.timeout = 1000ms (default)
2024-01-14 08:11:37,262 [59ce54d6-04b6-4e86-8314-d8540ae27b4b-groupManagement] INFO  server.RaftServerConfigKeys (ConfUtils.java:logGet(46)) - raft.server.log.purge.preservation.log.num = 0 (default)
2024-01-14 08:11:37,263 [59ce54d6-04b6-4e86-8314-d8540ae27b4b-groupManagement] INFO  server.RaftServerConfigKeys (ConfUtils.java:logGet(46)) - raft.server.log.segment.size.max = 67108864 (custom)
2024-01-14 08:11:37,263 [59ce54d6-04b6-4e86-8314-d8540ae27b4b-groupManagement] INFO  server.RaftServerConfigKeys (ConfUtils.java:logGet(46)) - raft.server.log.segment.cache.num.max = 2 (custom)
2024-01-14 08:11:37,263 [59ce54d6-04b6-4e86-8314-d8540ae27b4b-groupManagement] INFO  server.RaftServerConfigKeys (ConfUtils.java:logGet(46)) - raft.server.log.segment.cache.size.max = 200MB (=209715200) (default)
2024-01-14 08:11:37,263 [59ce54d6-04b6-4e86-8314-d8540ae27b4b-groupManagement] INFO  server.RaftServerConfigKeys (ConfUtils.java:logGet(46)) - raft.server.log.appender.buffer.byte-limit = 8388608 (custom)
2024-01-14 08:11:37,263 [59ce54d6-04b6-4e86-8314-d8540ae27b4b-groupManagement] INFO  util.AwaitToRun (AwaitToRun.java:start(81)) - Thread[59ce54d6-04b6-4e86-8314-d8540ae27b4b@group-5C99898D9976-cacheEviction-AwaitToRun,5,main] started
2024-01-14 08:11:37,263 [59ce54d6-04b6-4e86-8314-d8540ae27b4b-groupManagement] INFO  segmented.SegmentedRaftLogWorker (SegmentedRaftLogWorker.java:<init>(182)) - new 59ce54d6-04b6-4e86-8314-d8540ae27b4b@group-5C99898D9976-SegmentedRaftLogWorker for RaftStorageImpl:Storage Directory /home/runner/work/ozone/ozone/hadoop-ozone/integration-test/target/test-dir/MiniOzoneClusterImpl-cd00605b-e4dc-4ea1-ab7e-d8be28c4d560/datanode-0/data/ratis/492b65d5-1427-4abd-80f8-5c99898d9976
2024-01-14 08:11:37,264 [59ce54d6-04b6-4e86-8314-d8540ae27b4b-groupManagement] INFO  server.RaftServerConfigKeys (ConfUtils.java:logGet(46)) - raft.server.log.queue.byte-limit = 4294967296 (custom)
2024-01-14 08:11:37,264 [59ce54d6-04b6-4e86-8314-d8540ae27b4b-groupManagement] INFO  server.RaftServerConfigKeys (ConfUtils.java:logGet(46)) - raft.server.log.queue.element-limit = 1024 (custom)
2024-01-14 08:11:37,264 [59ce54d6-04b6-4e86-8314-d8540ae27b4b-groupManagement] INFO  server.RaftServerConfigKeys (ConfUtils.java:logGet(46)) - raft.server.log.segment.size.max = 67108864 (custom)
2024-01-14 08:11:37,264 [EventQueue-PipelineReportForPipelineReportHandler] INFO  pipeline.PipelineReportHandler (PipelineReportHandler.java:processPipelineReport(136)) - Opened pipeline PipelineID=492b65d5-1427-4abd-80f8-5c99898d9976
2024-01-14 08:11:37,264 [59ce54d6-04b6-4e86-8314-d8540ae27b4b-groupManagement] INFO  server.RaftServerConfigKeys (ConfUtils.java:logGet(46)) - raft.server.log.preallocated.size = 4194304 (custom)
2024-01-14 08:11:37,265 [59ce54d6-04b6-4e86-8314-d8540ae27b4b-groupManagement] INFO  server.RaftServerConfigKeys (ConfUtils.java:logGet(46)) - raft.server.log.force.sync.num = 128 (default)
2024-01-14 08:11:37,265 [59ce54d6-04b6-4e86-8314-d8540ae27b4b-groupManagement] INFO  server.RaftServerConfigKeys (ConfUtils.java:logGet(46)) - raft.server.log.statemachine.data.sync = true (default)
2024-01-14 08:11:37,265 [59ce54d6-04b6-4e86-8314-d8540ae27b4b-groupManagement] INFO  server.RaftServerConfigKeys (ConfUtils.java:logGet(46)) - raft.server.log.statemachine.data.sync.timeout = 10s (default)
2024-01-14 08:11:37,265 [59ce54d6-04b6-4e86-8314-d8540ae27b4b-groupManagement] INFO  server.RaftServerConfigKeys (ConfUtils.java:logGet(46)) - raft.server.log.statemachine.data.sync.timeout.retry = 0 (custom)
2024-01-14 08:11:37,266 [59ce54d6-04b6-4e86-8314-d8540ae27b4b-groupManagement] INFO  server.RaftServerConfigKeys (ConfUtils.java:logGet(46)) - raft.server.log.write.buffer.size = 8388616 (custom)
2024-01-14 08:11:37,267 [59ce54d6-04b6-4e86-8314-d8540ae27b4b-groupManagement] INFO  server.RaftServerConfigKeys (ConfUtils.java:logGet(46)) - raft.server.log.appender.buffer.byte-limit = 8388608 (custom)
2024-01-14 08:11:37,267 [59ce54d6-04b6-4e86-8314-d8540ae27b4b-groupManagement] INFO  server.RaftServerConfigKeys (ConfUtils.java:logGet(46)) - raft.server.log.unsafe-flush.enabled = false (default)
2024-01-14 08:11:37,267 [59ce54d6-04b6-4e86-8314-d8540ae27b4b-groupManagement] INFO  server.RaftServerConfigKeys (ConfUtils.java:logGet(46)) - raft.server.log.async-flush.enabled = false (default)
2024-01-14 08:11:37,268 [59ce54d6-04b6-4e86-8314-d8540ae27b4b-groupManagement] INFO  server.RaftServerConfigKeys (ConfUtils.java:logGet(46)) - raft.server.log.statemachine.data.caching.enabled = true (custom)
2024-01-14 08:11:37,268 [59ce54d6-04b6-4e86-8314-d8540ae27b4b-groupManagement] INFO  segmented.SegmentedRaftLogWorker (SegmentedRaftLogWorker.java:lambda$new$0(134)) - 59ce54d6-04b6-4e86-8314-d8540ae27b4b@group-5C99898D9976-SegmentedRaftLogWorker: flushIndex: setUnconditionally 0 -> -1
2024-01-14 08:11:37,268 [59ce54d6-04b6-4e86-8314-d8540ae27b4b-groupManagement] INFO  segmented.SegmentedRaftLogWorker (SegmentedRaftLogWorker.java:lambda$new$0(134)) - 59ce54d6-04b6-4e86-8314-d8540ae27b4b@group-5C99898D9976-SegmentedRaftLogWorker: safeCacheEvictIndex: setUnconditionally 0 -> -1
2024-01-14 08:11:37,268 [59ce54d6-04b6-4e86-8314-d8540ae27b4b-groupManagement] INFO  server.RaftServer$Division (RaftServerImpl.java:start(396)) - 59ce54d6-04b6-4e86-8314-d8540ae27b4b@group-5C99898D9976: start as a follower, conf=-1: peers:[59ce54d6-04b6-4e86-8314-d8540ae27b4b|10.1.0.100:15067]|listeners:[], old=null
2024-01-14 08:11:37,268 [59ce54d6-04b6-4e86-8314-d8540ae27b4b-groupManagement] INFO  server.RaftServer$Division (RaftServerImpl.java:setRole(383)) - 59ce54d6-04b6-4e86-8314-d8540ae27b4b@group-5C99898D9976: changes role from      null to FOLLOWER at term 0 for startAsFollower
2024-01-14 08:11:37,268 [59ce54d6-04b6-4e86-8314-d8540ae27b4b-groupManagement] INFO  impl.RoleInfo (RoleInfo.java:updateAndGet(139)) - 59ce54d6-04b6-4e86-8314-d8540ae27b4b: start 59ce54d6-04b6-4e86-8314-d8540ae27b4b@group-5C99898D9976-FollowerState
2024-01-14 08:11:37,268 [EventQueue-OpenPipelineForHealthyPipelineSafeModeRule] INFO  safemode.SCMSafeModeManager (HealthyPipelineSafeModeRule.java:process(140)) - SCM in safe mode. Healthy pipelines reported count is 0, required healthy pipeline reported count is 1
2024-01-14 08:11:37,268 [59ce54d6-04b6-4e86-8314-d8540ae27b4b-groupManagement] INFO  util.JmxRegister (JmxRegister.java:tryRegister(44)) - Successfully registered JMX Bean with object name Ratis:service=RaftServer,group=group-5C99898D9976,id=59ce54d6-04b6-4e86-8314-d8540ae27b4b
2024-01-14 08:11:37,269 [59ce54d6-04b6-4e86-8314-d8540ae27b4b-groupManagement] INFO  server.RaftServerConfigKeys (ConfUtils.java:logGet(46)) - raft.server.snapshot.trigger-when-stop.enabled = true (default)
2024-01-14 08:11:37,269 [59ce54d6-04b6-4e86-8314-d8540ae27b4b-groupManagement] INFO  server.RaftServerConfigKeys (ConfUtils.java:logGet(46)) - raft.server.snapshot.auto.trigger.enabled = true (custom)
2024-01-14 08:11:37,269 [59ce54d6-04b6-4e86-8314-d8540ae27b4b-groupManagement] INFO  server.RaftServerConfigKeys (ConfUtils.java:logGet(46)) - raft.server.snapshot.auto.trigger.threshold = 10000 (custom)
2024-01-14 08:11:37,269 [59ce54d6-04b6-4e86-8314-d8540ae27b4b-groupManagement] INFO  server.RaftServerConfigKeys (ConfUtils.java:logGet(46)) - raft.server.snapshot.retention.file.num = 5 (custom)
2024-01-14 08:11:37,269 [59ce54d6-04b6-4e86-8314-d8540ae27b4b-groupManagement] INFO  server.RaftServerConfigKeys (ConfUtils.java:logGet(46)) - raft.server.log.purge.upto.snapshot.index = false (default)
2024-01-14 08:11:37,270 [59ce54d6-04b6-4e86-8314-d8540ae27b4b@group-5C99898D9976-FollowerState] INFO  server.RaftServerConfigKeys (ConfUtils.java:logFallback(53)) - raft.server.rpc.first-election.timeout.min = 5s (fallback to raft.server.rpc.timeout.min)
2024-01-14 08:11:37,270 [59ce54d6-04b6-4e86-8314-d8540ae27b4b@group-5C99898D9976-FollowerState] INFO  server.RaftServerConfigKeys (ConfUtils.java:logFallback(53)) - raft.server.rpc.first-election.timeout.max = 5200ms (fallback to raft.server.rpc.timeout.max)
2024-01-14 08:11:37,276 [59ce54d6-04b6-4e86-8314-d8540ae27b4b-PipelineCommandHandlerThread-0] INFO  ratis.XceiverServerRatis (XceiverServerRatis.java:addGroup(842)) - Created group PipelineID=492b65d5-1427-4abd-80f8-5c99898d9976
2024-01-14 08:11:37,276 [59ce54d6-04b6-4e86-8314-d8540ae27b4b-PipelineCommandHandlerThread-0] INFO  commandhandler.CreatePipelineCommandHandler (CreatePipelineCommandHandler.java:lambda$handle$2(124)) - Created Pipeline RATIS ONE PipelineID=492b65d5-1427-4abd-80f8-5c99898d9976.
2024-01-14 08:11:37,276 [59ce54d6-04b6-4e86-8314-d8540ae27b4b-PipelineCommandHandlerThread-0] INFO  server.RaftServer (RaftServerProxy.java:addNew(100)) - 59ce54d6-04b6-4e86-8314-d8540ae27b4b: addNew group-EAD6276AADB2:[59ce54d6-04b6-4e86-8314-d8540ae27b4b|10.1.0.100:15067, 023fb60a-00b7-42be-9ceb-f38531668441|10.1.0.100:15076, 5f8e001a-8213-4762-a64f-c492c0fad8a7|10.1.0.100:15085] returns group-EAD6276AADB2:java.util.concurrent.CompletableFuture@6ce92bd0[Not completed]
2024-01-14 08:11:37,277 [59ce54d6-04b6-4e86-8314-d8540ae27b4b-groupManagement] INFO  server.RaftServer$Division (RaftServerImpl.java:<init>(256)) - 59ce54d6-04b6-4e86-8314-d8540ae27b4b: new RaftServerImpl for group-EAD6276AADB2:[59ce54d6-04b6-4e86-8314-d8540ae27b4b|10.1.0.100:15067, 023fb60a-00b7-42be-9ceb-f38531668441|10.1.0.100:15076, 5f8e001a-8213-4762-a64f-c492c0fad8a7|10.1.0.100:15085] with ContainerStateMachine:uninitialized
2024-01-14 08:11:37,277 [59ce54d6-04b6-4e86-8314-d8540ae27b4b-groupManagement] INFO  server.RaftServerConfigKeys (ConfUtils.java:logGet(46)) - raft.server.rpc.timeout.min = 5s (custom)
2024-01-14 08:11:37,277 [59ce54d6-04b6-4e86-8314-d8540ae27b4b-groupManagement] INFO  server.RaftServerConfigKeys (ConfUtils.java:logGet(46)) - raft.server.rpc.timeout.max = 5200ms (custom)
2024-01-14 08:11:37,277 [59ce54d6-04b6-4e86-8314-d8540ae27b4b-groupManagement] INFO  server.RaftServerConfigKeys (ConfUtils.java:logGet(46)) - raft.server.rpc.sleep.time = 25ms (default)
2024-01-14 08:11:37,277 [59ce54d6-04b6-4e86-8314-d8540ae27b4b-groupManagement] INFO  server.RaftServerConfigKeys (ConfUtils.java:logGet(46)) - raft.server.rpc.slowness.timeout = 300000ms (custom)
2024-01-14 08:11:37,277 [59ce54d6-04b6-4e86-8314-d8540ae27b4b-groupManagement] INFO  server.RaftServerConfigKeys (ConfUtils.java:logGet(46)) - raft.server.leaderelection.leader.step-down.wait-time = 10s (default)
2024-01-14 08:11:37,277 [59ce54d6-04b6-4e86-8314-d8540ae27b4b-groupManagement] INFO  server.RaftServerConfigKeys (ConfUtils.java:logGet(46)) - raft.server.leaderelection.member.majority-add = false (default)
2024-01-14 08:11:37,278 [59ce54d6-04b6-4e86-8314-d8540ae27b4b-groupManagement] INFO  server.RaftServerConfigKeys (ConfUtils.java:logGet(46)) - raft.server.sleep.deviation.threshold = 300ms (default)
2024-01-14 08:11:37,278 [59ce54d6-04b6-4e86-8314-d8540ae27b4b-groupManagement] INFO  server.RaftServer$Division (ServerState.java:<init>(113)) - 59ce54d6-04b6-4e86-8314-d8540ae27b4b@group-EAD6276AADB2: ConfigurationManager, init=-1: peers:[59ce54d6-04b6-4e86-8314-d8540ae27b4b|10.1.0.100:15067, 023fb60a-00b7-42be-9ceb-f38531668441|10.1.0.100:15076, 5f8e001a-8213-4762-a64f-c492c0fad8a7|10.1.0.100:15085]|listeners:[], old=null, confs=<EMPTY_MAP>
2024-01-14 08:11:37,278 [59ce54d6-04b6-4e86-8314-d8540ae27b4b-groupManagement] INFO  server.RaftServerConfigKeys (ConfUtils.java:logGet(46)) - raft.server.notification.no-leader.timeout = 300000ms (custom)
2024-01-14 08:11:37,278 [59ce54d6-04b6-4e86-8314-d8540ae27b4b-groupManagement] INFO  server.RaftServerConfigKeys (ConfUtils.java:logGet(46)) - raft.server.read.timeout = 10s (default)
2024-01-14 08:11:37,278 [59ce54d6-04b6-4e86-8314-d8540ae27b4b-groupManagement] INFO  server.RaftServerConfigKeys (ConfUtils.java:logGet(46)) - raft.server.retrycache.expirytime = 600000ms (custom)
2024-01-14 08:11:37,278 [59ce54d6-04b6-4e86-8314-d8540ae27b4b-groupManagement] INFO  server.RaftServerConfigKeys (ConfUtils.java:logGet(46)) - raft.server.retrycache.statistics.expirytime = 100ms (default)
2024-01-14 08:11:37,278 [59ce54d6-04b6-4e86-8314-d8540ae27b4b-groupManagement] INFO  server.RaftServerConfigKeys (ConfUtils.java:logGet(46)) - raft.server.read.option = DEFAULT (default)
2024-01-14 08:11:37,278 [59ce54d6-04b6-4e86-8314-d8540ae27b4b-groupManagement] INFO  server.RaftServerConfigKeys (ConfUtils.java:logGet(46)) - raft.server.read.read-after-write-consistent.write-index-cache.expiry-time = 60s (default)
2024-01-14 08:11:37,279 [59ce54d6-04b6-4e86-8314-d8540ae27b4b-groupManagement] INFO  server.RaftServerConfigKeys (ConfUtils.java:logGet(46)) - raft.server.rpc.request.timeout = 3000ms (default)
2024-01-14 08:11:37,279 [59ce54d6-04b6-4e86-8314-d8540ae27b4b-groupManagement] INFO  server.RaftServerConfigKeys (ConfUtils.java:logGet(46)) - raft.server.log.appender.install.snapshot.enabled = false (custom)
2024-01-14 08:11:37,279 [59ce54d6-04b6-4e86-8314-d8540ae27b4b-groupManagement] INFO  server.RaftServerConfigKeys (ConfUtils.java:logGet(46)) - raft.server.threadpool.server.cached = true (default)
2024-01-14 08:11:37,279 [59ce54d6-04b6-4e86-8314-d8540ae27b4b-groupManagement] INFO  server.RaftServerConfigKeys (ConfUtils.java:logGet(46)) - raft.server.threadpool.server.size = 0 (default)
2024-01-14 08:11:37,279 [59ce54d6-04b6-4e86-8314-d8540ae27b4b-groupManagement] INFO  server.RaftServerConfigKeys (ConfUtils.java:logGet(46)) - raft.server.threadpool.client.cached = true (default)
2024-01-14 08:11:37,279 [59ce54d6-04b6-4e86-8314-d8540ae27b4b-groupManagement] INFO  server.RaftServerConfigKeys (ConfUtils.java:logGet(46)) - raft.server.threadpool.client.size = 0 (default)
2024-01-14 08:11:37,279 [59ce54d6-04b6-4e86-8314-d8540ae27b4b-groupManagement] INFO  server.RaftServerConfigKeys (ConfUtils.java:logGet(46)) - raft.server.storage.free-space.min = 0MB (=0) (default)
2024-01-14 08:11:37,280 [59ce54d6-04b6-4e86-8314-d8540ae27b4b-groupManagement] INFO  server.RaftServerConfigKeys (ConfUtils.java:logGet(46)) - raft.server.log.corruption.policy = EXCEPTION (default)
2024-01-14 08:11:37,280 [59ce54d6-04b6-4e86-8314-d8540ae27b4b-groupManagement] INFO  server.RaftServerConfigKeys (ConfUtils.java:logGet(46)) - raft.server.storage.dir = [/home/runner/work/ozone/ozone/hadoop-ozone/integration-test/target/test-dir/MiniOzoneClusterImpl-cd00605b-e4dc-4ea1-ab7e-d8be28c4d560/datanode-0/data/ratis] (custom)
2024-01-14 08:11:37,280 [59ce54d6-04b6-4e86-8314-d8540ae27b4b-groupManagement] INFO  storage.RaftStorageDirectory (RaftStorageDirectoryImpl.java:analyzeStorage(138)) - The storage directory /home/runner/work/ozone/ozone/hadoop-ozone/integration-test/target/test-dir/MiniOzoneClusterImpl-cd00605b-e4dc-4ea1-ab7e-d8be28c4d560/datanode-0/data/ratis/a9d1e480-37a4-42af-9d39-ead6276aadb2 does not exist. Creating ...
2024-01-14 08:11:37,281 [59ce54d6-04b6-4e86-8314-d8540ae27b4b-groupManagement] INFO  storage.RaftStorageDirectory (RaftStorageDirectoryImpl.java:tryLock(228)) - Lock on /home/runner/work/ozone/ozone/hadoop-ozone/integration-test/target/test-dir/MiniOzoneClusterImpl-cd00605b-e4dc-4ea1-ab7e-d8be28c4d560/datanode-0/data/ratis/a9d1e480-37a4-42af-9d39-ead6276aadb2/in_use.lock acquired by nodename 49070@fv-az737-837
2024-01-14 08:11:37,282 [59ce54d6-04b6-4e86-8314-d8540ae27b4b-groupManagement] INFO  storage.RaftStorage (RaftStorageImpl.java:format(99)) - Storage directory /home/runner/work/ozone/ozone/hadoop-ozone/integration-test/target/test-dir/MiniOzoneClusterImpl-cd00605b-e4dc-4ea1-ab7e-d8be28c4d560/datanode-0/data/ratis/a9d1e480-37a4-42af-9d39-ead6276aadb2 has been successfully formatted.
2024-01-14 08:11:37,282 [59ce54d6-04b6-4e86-8314-d8540ae27b4b-groupManagement] WARN  util.FileUtils (LogUtils.java:supplyAndLog(63)) - Failed to Files.newInputStream /home/runner/work/ozone/ozone/hadoop-ozone/integration-test/target/test-dir/MiniOzoneClusterImpl-cd00605b-e4dc-4ea1-ab7e-d8be28c4d560/datanode-0/data/ratis/a9d1e480-37a4-42af-9d39-ead6276aadb2/current/raft-meta.conf with options []: java.nio.file.NoSuchFileException: /home/runner/work/ozone/ozone/hadoop-ozone/integration-test/target/test-dir/MiniOzoneClusterImpl-cd00605b-e4dc-4ea1-ab7e-d8be28c4d560/datanode-0/data/ratis/a9d1e480-37a4-42af-9d39-ead6276aadb2/current/raft-meta.conf
2024-01-14 08:11:37,282 [59ce54d6-04b6-4e86-8314-d8540ae27b4b-groupManagement] INFO  ratis.ContainerStateMachine (ContainerStateMachine.java:loadSnapshot(287)) - group-EAD6276AADB2: The snapshot info is null. Setting the last applied index to:(t:0, i:~)
2024-01-14 08:11:37,282 [59ce54d6-04b6-4e86-8314-d8540ae27b4b-groupManagement] INFO  server.RaftServerConfigKeys (ConfUtils.java:logGet(46)) - raft.server.log.use.memory = false (default)
2024-01-14 08:11:37,282 [59ce54d6-04b6-4e86-8314-d8540ae27b4b-groupManagement] INFO  server.RaftServerConfigKeys (ConfUtils.java:logGet(46)) - raft.server.log.purge.gap = 1000000 (custom)
2024-01-14 08:11:37,283 [59ce54d6-04b6-4e86-8314-d8540ae27b4b-groupManagement] INFO  server.RaftServerConfigKeys (ConfUtils.java:logGet(46)) - raft.server.log.appender.buffer.byte-limit = 8388608 (custom)
2024-01-14 08:11:37,283 [59ce54d6-04b6-4e86-8314-d8540ae27b4b-groupManagement] INFO  server.RaftServerConfigKeys (ConfUtils.java:logGet(46)) - raft.server.log.statemachine.data.read.timeout = 1000ms (default)
2024-01-14 08:11:37,283 [59ce54d6-04b6-4e86-8314-d8540ae27b4b-groupManagement] INFO  server.RaftServerConfigKeys (ConfUtils.java:logGet(46)) - raft.server.log.purge.preservation.log.num = 0 (default)
2024-01-14 08:11:37,284 [59ce54d6-04b6-4e86-8314-d8540ae27b4b-groupManagement] INFO  server.RaftServerConfigKeys (ConfUtils.java:logGet(46)) - raft.server.log.segment.size.max = 67108864 (custom)
2024-01-14 08:11:37,284 [59ce54d6-04b6-4e86-8314-d8540ae27b4b-groupManagement] INFO  server.RaftServerConfigKeys (ConfUtils.java:logGet(46)) - raft.server.log.segment.cache.num.max = 2 (custom)
2024-01-14 08:11:37,284 [59ce54d6-04b6-4e86-8314-d8540ae27b4b-groupManagement] INFO  server.RaftServerConfigKeys (ConfUtils.java:logGet(46)) - raft.server.log.segment.cache.size.max = 200MB (=209715200) (default)
2024-01-14 08:11:37,284 [59ce54d6-04b6-4e86-8314-d8540ae27b4b-groupManagement] INFO  server.RaftServerConfigKeys (ConfUtils.java:logGet(46)) - raft.server.log.appender.buffer.byte-limit = 8388608 (custom)
2024-01-14 08:11:37,284 [EventQueue-OpenPipelineForHealthyPipelineSafeModeRule] INFO  safemode.SCMSafeModeManager (HealthyPipelineSafeModeRule.java:process(140)) - SCM in safe mode. Healthy pipelines reported count is 0, required healthy pipeline reported count is 1
2024-01-14 08:11:37,285 [59ce54d6-04b6-4e86-8314-d8540ae27b4b-groupManagement] INFO  util.AwaitToRun (AwaitToRun.java:start(81)) - Thread[59ce54d6-04b6-4e86-8314-d8540ae27b4b@group-EAD6276AADB2-cacheEviction-AwaitToRun,5,main] started
2024-01-14 08:11:37,285 [59ce54d6-04b6-4e86-8314-d8540ae27b4b-groupManagement] INFO  segmented.SegmentedRaftLogWorker (SegmentedRaftLogWorker.java:<init>(182)) - new 59ce54d6-04b6-4e86-8314-d8540ae27b4b@group-EAD6276AADB2-SegmentedRaftLogWorker for RaftStorageImpl:Storage Directory /home/runner/work/ozone/ozone/hadoop-ozone/integration-test/target/test-dir/MiniOzoneClusterImpl-cd00605b-e4dc-4ea1-ab7e-d8be28c4d560/datanode-0/data/ratis/a9d1e480-37a4-42af-9d39-ead6276aadb2
2024-01-14 08:11:37,285 [59ce54d6-04b6-4e86-8314-d8540ae27b4b-groupManagement] INFO  server.RaftServerConfigKeys (ConfUtils.java:logGet(46)) - raft.server.log.queue.byte-limit = 4294967296 (custom)
2024-01-14 08:11:37,285 [59ce54d6-04b6-4e86-8314-d8540ae27b4b-groupManagement] INFO  server.RaftServerConfigKeys (ConfUtils.java:logGet(46)) - raft.server.log.queue.element-limit = 1024 (custom)
2024-01-14 08:11:37,286 [59ce54d6-04b6-4e86-8314-d8540ae27b4b-groupManagement] INFO  server.RaftServerConfigKeys (ConfUtils.java:logGet(46)) - raft.server.log.segment.size.max = 67108864 (custom)
2024-01-14 08:11:37,286 [59ce54d6-04b6-4e86-8314-d8540ae27b4b-groupManagement] INFO  server.RaftServerConfigKeys (ConfUtils.java:logGet(46)) - raft.server.log.preallocated.size = 4194304 (custom)
2024-01-14 08:11:37,289 [59ce54d6-04b6-4e86-8314-d8540ae27b4b-groupManagement] INFO  server.RaftServerConfigKeys (ConfUtils.java:logGet(46)) - raft.server.log.force.sync.num = 128 (default)
2024-01-14 08:11:37,289 [59ce54d6-04b6-4e86-8314-d8540ae27b4b-groupManagement] INFO  server.RaftServerConfigKeys (ConfUtils.java:logGet(46)) - raft.server.log.statemachine.data.sync = true (default)
2024-01-14 08:11:37,289 [59ce54d6-04b6-4e86-8314-d8540ae27b4b-groupManagement] INFO  server.RaftServerConfigKeys (ConfUtils.java:logGet(46)) - raft.server.log.statemachine.data.sync.timeout = 10s (default)
2024-01-14 08:11:37,289 [59ce54d6-04b6-4e86-8314-d8540ae27b4b-groupManagement] INFO  server.RaftServerConfigKeys (ConfUtils.java:logGet(46)) - raft.server.log.statemachine.data.sync.timeout.retry = 0 (custom)
2024-01-14 08:11:37,290 [59ce54d6-04b6-4e86-8314-d8540ae27b4b-groupManagement] INFO  server.RaftServerConfigKeys (ConfUtils.java:logGet(46)) - raft.server.log.write.buffer.size = 8388616 (custom)
2024-01-14 08:11:37,291 [59ce54d6-04b6-4e86-8314-d8540ae27b4b-groupManagement] INFO  server.RaftServerConfigKeys (ConfUtils.java:logGet(46)) - raft.server.log.appender.buffer.byte-limit = 8388608 (custom)
2024-01-14 08:11:37,291 [59ce54d6-04b6-4e86-8314-d8540ae27b4b-groupManagement] INFO  server.RaftServerConfigKeys (ConfUtils.java:logGet(46)) - raft.server.log.unsafe-flush.enabled = false (default)
2024-01-14 08:11:37,292 [59ce54d6-04b6-4e86-8314-d8540ae27b4b-groupManagement] INFO  server.RaftServerConfigKeys (ConfUtils.java:logGet(46)) - raft.server.log.async-flush.enabled = false (default)
2024-01-14 08:11:37,292 [59ce54d6-04b6-4e86-8314-d8540ae27b4b-groupManagement] INFO  server.RaftServerConfigKeys (ConfUtils.java:logGet(46)) - raft.server.log.statemachine.data.caching.enabled = true (custom)
2024-01-14 08:11:37,292 [59ce54d6-04b6-4e86-8314-d8540ae27b4b-groupManagement] INFO  segmented.SegmentedRaftLogWorker (SegmentedRaftLogWorker.java:lambda$new$0(134)) - 59ce54d6-04b6-4e86-8314-d8540ae27b4b@group-EAD6276AADB2-SegmentedRaftLogWorker: flushIndex: setUnconditionally 0 -> -1
2024-01-14 08:11:37,292 [59ce54d6-04b6-4e86-8314-d8540ae27b4b-groupManagement] INFO  segmented.SegmentedRaftLogWorker (SegmentedRaftLogWorker.java:lambda$new$0(134)) - 59ce54d6-04b6-4e86-8314-d8540ae27b4b@group-EAD6276AADB2-SegmentedRaftLogWorker: safeCacheEvictIndex: setUnconditionally 0 -> -1
2024-01-14 08:11:37,301 [59ce54d6-04b6-4e86-8314-d8540ae27b4b-groupManagement] INFO  server.RaftServer$Division (RaftServerImpl.java:start(396)) - 59ce54d6-04b6-4e86-8314-d8540ae27b4b@group-EAD6276AADB2: start as a follower, conf=-1: peers:[59ce54d6-04b6-4e86-8314-d8540ae27b4b|10.1.0.100:15067, 023fb60a-00b7-42be-9ceb-f38531668441|10.1.0.100:15076, 5f8e001a-8213-4762-a64f-c492c0fad8a7|10.1.0.100:15085]|listeners:[], old=null
2024-01-14 08:11:37,301 [59ce54d6-04b6-4e86-8314-d8540ae27b4b-groupManagement] INFO  server.RaftServer$Division (RaftServerImpl.java:setRole(383)) - 59ce54d6-04b6-4e86-8314-d8540ae27b4b@group-EAD6276AADB2: changes role from      null to FOLLOWER at term 0 for startAsFollower
2024-01-14 08:11:37,302 [59ce54d6-04b6-4e86-8314-d8540ae27b4b-groupManagement] INFO  impl.RoleInfo (RoleInfo.java:updateAndGet(139)) - 59ce54d6-04b6-4e86-8314-d8540ae27b4b: start 59ce54d6-04b6-4e86-8314-d8540ae27b4b@group-EAD6276AADB2-FollowerState
2024-01-14 08:11:37,304 [59ce54d6-04b6-4e86-8314-d8540ae27b4b@group-EAD6276AADB2-FollowerState] INFO  server.RaftServerConfigKeys (ConfUtils.java:logFallback(53)) - raft.server.rpc.first-election.timeout.min = 5s (fallback to raft.server.rpc.timeout.min)
2024-01-14 08:11:37,304 [59ce54d6-04b6-4e86-8314-d8540ae27b4b@group-EAD6276AADB2-FollowerState] INFO  server.RaftServerConfigKeys (ConfUtils.java:logFallback(53)) - raft.server.rpc.first-election.timeout.max = 5200ms (fallback to raft.server.rpc.timeout.max)
2024-01-14 08:11:37,304 [59ce54d6-04b6-4e86-8314-d8540ae27b4b-groupManagement] INFO  util.JmxRegister (JmxRegister.java:tryRegister(44)) - Successfully registered JMX Bean with object name Ratis:service=RaftServer,group=group-EAD6276AADB2,id=59ce54d6-04b6-4e86-8314-d8540ae27b4b
2024-01-14 08:11:37,305 [59ce54d6-04b6-4e86-8314-d8540ae27b4b-groupManagement] INFO  server.RaftServerConfigKeys (ConfUtils.java:logGet(46)) - raft.server.snapshot.trigger-when-stop.enabled = true (default)
2024-01-14 08:11:37,305 [59ce54d6-04b6-4e86-8314-d8540ae27b4b-groupManagement] INFO  server.RaftServerConfigKeys (ConfUtils.java:logGet(46)) - raft.server.snapshot.auto.trigger.enabled = true (custom)
2024-01-14 08:11:37,305 [59ce54d6-04b6-4e86-8314-d8540ae27b4b-groupManagement] INFO  server.RaftServerConfigKeys (ConfUtils.java:logGet(46)) - raft.server.snapshot.auto.trigger.threshold = 10000 (custom)
2024-01-14 08:11:37,305 [59ce54d6-04b6-4e86-8314-d8540ae27b4b-groupManagement] INFO  server.RaftServerConfigKeys (ConfUtils.java:logGet(46)) - raft.server.snapshot.retention.file.num = 5 (custom)
2024-01-14 08:11:37,306 [59ce54d6-04b6-4e86-8314-d8540ae27b4b-groupManagement] INFO  server.RaftServerConfigKeys (ConfUtils.java:logGet(46)) - raft.server.log.purge.upto.snapshot.index = false (default)
2024-01-14 08:11:37,306 [59ce54d6-04b6-4e86-8314-d8540ae27b4b-PipelineCommandHandlerThread-0] INFO  ratis.XceiverServerRatis (XceiverServerRatis.java:addGroup(842)) - Created group PipelineID=a9d1e480-37a4-42af-9d39-ead6276aadb2
2024-01-14 08:11:37,335 [grpc-default-executor-0] INFO  server.RaftServer (RaftServerProxy.java:addNew(100)) - 023fb60a-00b7-42be-9ceb-f38531668441: addNew group-EAD6276AADB2:[59ce54d6-04b6-4e86-8314-d8540ae27b4b|10.1.0.100:15067, 023fb60a-00b7-42be-9ceb-f38531668441|10.1.0.100:15076, 5f8e001a-8213-4762-a64f-c492c0fad8a7|10.1.0.100:15085] returns group-EAD6276AADB2:java.util.concurrent.CompletableFuture@4f3a6b04[Not completed]
2024-01-14 08:11:37,336 [023fb60a-00b7-42be-9ceb-f38531668441-groupManagement] INFO  server.RaftServer$Division (RaftServerImpl.java:<init>(256)) - 023fb60a-00b7-42be-9ceb-f38531668441: new RaftServerImpl for group-EAD6276AADB2:[59ce54d6-04b6-4e86-8314-d8540ae27b4b|10.1.0.100:15067, 023fb60a-00b7-42be-9ceb-f38531668441|10.1.0.100:15076, 5f8e001a-8213-4762-a64f-c492c0fad8a7|10.1.0.100:15085] with ContainerStateMachine:uninitialized
2024-01-14 08:11:37,336 [023fb60a-00b7-42be-9ceb-f38531668441-groupManagement] INFO  server.RaftServerConfigKeys (ConfUtils.java:logGet(46)) - raft.server.rpc.timeout.min = 5s (custom)
2024-01-14 08:11:37,336 [023fb60a-00b7-42be-9ceb-f38531668441-groupManagement] INFO  server.RaftServerConfigKeys (ConfUtils.java:logGet(46)) - raft.server.rpc.timeout.max = 5200ms (custom)
2024-01-14 08:11:37,336 [023fb60a-00b7-42be-9ceb-f38531668441-groupManagement] INFO  server.RaftServerConfigKeys (ConfUtils.java:logGet(46)) - raft.server.rpc.sleep.time = 25ms (default)
2024-01-14 08:11:37,336 [023fb60a-00b7-42be-9ceb-f38531668441-groupManagement] INFO  server.RaftServerConfigKeys (ConfUtils.java:logGet(46)) - raft.server.rpc.slowness.timeout = 300000ms (custom)
2024-01-14 08:11:37,336 [023fb60a-00b7-42be-9ceb-f38531668441-groupManagement] INFO  server.RaftServerConfigKeys (ConfUtils.java:logGet(46)) - raft.server.leaderelection.leader.step-down.wait-time = 10s (default)
2024-01-14 08:11:37,337 [023fb60a-00b7-42be-9ceb-f38531668441-groupManagement] INFO  server.RaftServerConfigKeys (ConfUtils.java:logGet(46)) - raft.server.leaderelection.member.majority-add = false (default)
2024-01-14 08:11:37,337 [023fb60a-00b7-42be-9ceb-f38531668441-groupManagement] INFO  server.RaftServerConfigKeys (ConfUtils.java:logGet(46)) - raft.server.sleep.deviation.threshold = 300ms (default)
2024-01-14 08:11:37,337 [023fb60a-00b7-42be-9ceb-f38531668441-groupManagement] INFO  server.RaftServer$Division (ServerState.java:<init>(113)) - 023fb60a-00b7-42be-9ceb-f38531668441@group-EAD6276AADB2: ConfigurationManager, init=-1: peers:[59ce54d6-04b6-4e86-8314-d8540ae27b4b|10.1.0.100:15067, 023fb60a-00b7-42be-9ceb-f38531668441|10.1.0.100:15076, 5f8e001a-8213-4762-a64f-c492c0fad8a7|10.1.0.100:15085]|listeners:[], old=null, confs=<EMPTY_MAP>
2024-01-14 08:11:37,337 [023fb60a-00b7-42be-9ceb-f38531668441-groupManagement] INFO  server.RaftServerConfigKeys (ConfUtils.java:logGet(46)) - raft.server.notification.no-leader.timeout = 300000ms (custom)
2024-01-14 08:11:37,337 [023fb60a-00b7-42be-9ceb-f38531668441-groupManagement] INFO  server.RaftServerConfigKeys (ConfUtils.java:logGet(46)) - raft.server.read.timeout = 10s (default)
2024-01-14 08:11:37,337 [023fb60a-00b7-42be-9ceb-f38531668441-groupManagement] INFO  server.RaftServerConfigKeys (ConfUtils.java:logGet(46)) - raft.server.retrycache.expirytime = 600000ms (custom)
2024-01-14 08:11:37,337 [023fb60a-00b7-42be-9ceb-f38531668441-groupManagement] INFO  server.RaftServerConfigKeys (ConfUtils.java:logGet(46)) - raft.server.retrycache.statistics.expirytime = 100ms (default)
2024-01-14 08:11:37,337 [023fb60a-00b7-42be-9ceb-f38531668441-groupManagement] INFO  server.RaftServerConfigKeys (ConfUtils.java:logGet(46)) - raft.server.read.option = DEFAULT (default)
2024-01-14 08:11:37,337 [023fb60a-00b7-42be-9ceb-f38531668441-groupManagement] INFO  server.RaftServerConfigKeys (ConfUtils.java:logGet(46)) - raft.server.read.read-after-write-consistent.write-index-cache.expiry-time = 60s (default)
2024-01-14 08:11:37,339 [023fb60a-00b7-42be-9ceb-f38531668441-groupManagement] INFO  server.RaftServerConfigKeys (ConfUtils.java:logGet(46)) - raft.server.rpc.request.timeout = 3000ms (default)
2024-01-14 08:11:37,340 [023fb60a-00b7-42be-9ceb-f38531668441-groupManagement] INFO  server.RaftServerConfigKeys (ConfUtils.java:logGet(46)) - raft.server.log.appender.install.snapshot.enabled = false (custom)
2024-01-14 08:11:37,340 [023fb60a-00b7-42be-9ceb-f38531668441-groupManagement] INFO  server.RaftServerConfigKeys (ConfUtils.java:logGet(46)) - raft.server.threadpool.server.cached = true (default)
2024-01-14 08:11:37,340 [023fb60a-00b7-42be-9ceb-f38531668441-groupManagement] INFO  server.RaftServerConfigKeys (ConfUtils.java:logGet(46)) - raft.server.threadpool.server.size = 0 (default)
2024-01-14 08:11:37,341 [023fb60a-00b7-42be-9ceb-f38531668441-groupManagement] INFO  server.RaftServerConfigKeys (ConfUtils.java:logGet(46)) - raft.server.threadpool.client.cached = true (default)
2024-01-14 08:11:37,341 [023fb60a-00b7-42be-9ceb-f38531668441-groupManagement] INFO  server.RaftServerConfigKeys (ConfUtils.java:logGet(46)) - raft.server.threadpool.client.size = 0 (default)
2024-01-14 08:11:37,341 [023fb60a-00b7-42be-9ceb-f38531668441-groupManagement] INFO  server.RaftServerConfigKeys (ConfUtils.java:logGet(46)) - raft.server.storage.free-space.min = 0MB (=0) (default)
2024-01-14 08:11:37,341 [023fb60a-00b7-42be-9ceb-f38531668441-groupManagement] INFO  server.RaftServerConfigKeys (ConfUtils.java:logGet(46)) - raft.server.log.corruption.policy = EXCEPTION (default)
2024-01-14 08:11:37,342 [023fb60a-00b7-42be-9ceb-f38531668441-groupManagement] INFO  server.RaftServerConfigKeys (ConfUtils.java:logGet(46)) - raft.server.storage.dir = [/home/runner/work/ozone/ozone/hadoop-ozone/integration-test/target/test-dir/MiniOzoneClusterImpl-cd00605b-e4dc-4ea1-ab7e-d8be28c4d560/datanode-1/data/ratis] (custom)
2024-01-14 08:11:37,342 [023fb60a-00b7-42be-9ceb-f38531668441-groupManagement] INFO  storage.RaftStorageDirectory (RaftStorageDirectoryImpl.java:analyzeStorage(138)) - The storage directory /home/runner/work/ozone/ozone/hadoop-ozone/integration-test/target/test-dir/MiniOzoneClusterImpl-cd00605b-e4dc-4ea1-ab7e-d8be28c4d560/datanode-1/data/ratis/a9d1e480-37a4-42af-9d39-ead6276aadb2 does not exist. Creating ...
2024-01-14 08:11:37,343 [023fb60a-00b7-42be-9ceb-f38531668441-groupManagement] INFO  storage.RaftStorageDirectory (RaftStorageDirectoryImpl.java:tryLock(228)) - Lock on /home/runner/work/ozone/ozone/hadoop-ozone/integration-test/target/test-dir/MiniOzoneClusterImpl-cd00605b-e4dc-4ea1-ab7e-d8be28c4d560/datanode-1/data/ratis/a9d1e480-37a4-42af-9d39-ead6276aadb2/in_use.lock acquired by nodename 49070@fv-az737-837
2024-01-14 08:11:37,345 [023fb60a-00b7-42be-9ceb-f38531668441-groupManagement] INFO  storage.RaftStorage (RaftStorageImpl.java:format(99)) - Storage directory /home/runner/work/ozone/ozone/hadoop-ozone/integration-test/target/test-dir/MiniOzoneClusterImpl-cd00605b-e4dc-4ea1-ab7e-d8be28c4d560/datanode-1/data/ratis/a9d1e480-37a4-42af-9d39-ead6276aadb2 has been successfully formatted.
2024-01-14 08:11:37,345 [023fb60a-00b7-42be-9ceb-f38531668441-groupManagement] WARN  util.FileUtils (LogUtils.java:supplyAndLog(63)) - Failed to Files.newInputStream /home/runner/work/ozone/ozone/hadoop-ozone/integration-test/target/test-dir/MiniOzoneClusterImpl-cd00605b-e4dc-4ea1-ab7e-d8be28c4d560/datanode-1/data/ratis/a9d1e480-37a4-42af-9d39-ead6276aadb2/current/raft-meta.conf with options []: java.nio.file.NoSuchFileException: /home/runner/work/ozone/ozone/hadoop-ozone/integration-test/target/test-dir/MiniOzoneClusterImpl-cd00605b-e4dc-4ea1-ab7e-d8be28c4d560/datanode-1/data/ratis/a9d1e480-37a4-42af-9d39-ead6276aadb2/current/raft-meta.conf
2024-01-14 08:11:37,347 [023fb60a-00b7-42be-9ceb-f38531668441-groupManagement] INFO  ratis.ContainerStateMachine (ContainerStateMachine.java:loadSnapshot(287)) - group-EAD6276AADB2: The snapshot info is null. Setting the last applied index to:(t:0, i:~)
2024-01-14 08:11:37,347 [023fb60a-00b7-42be-9ceb-f38531668441-groupManagement] INFO  server.RaftServerConfigKeys (ConfUtils.java:logGet(46)) - raft.server.log.use.memory = false (default)
2024-01-14 08:11:37,347 [023fb60a-00b7-42be-9ceb-f38531668441-groupManagement] INFO  server.RaftServerConfigKeys (ConfUtils.java:logGet(46)) - raft.server.log.purge.gap = 1000000 (custom)
2024-01-14 08:11:37,348 [023fb60a-00b7-42be-9ceb-f38531668441-groupManagement] INFO  server.RaftServerConfigKeys (ConfUtils.java:logGet(46)) - raft.server.log.appender.buffer.byte-limit = 8388608 (custom)
2024-01-14 08:11:37,348 [023fb60a-00b7-42be-9ceb-f38531668441-PipelineCommandHandlerThread-0] INFO  server.RaftServer (RaftServerProxy.java:addNew(100)) - 023fb60a-00b7-42be-9ceb-f38531668441: addNew group-857E0CCB03C9:[023fb60a-00b7-42be-9ceb-f38531668441|10.1.0.100:15076] returns group-857E0CCB03C9:java.util.concurrent.CompletableFuture@49bdb6fa[Not completed]
2024-01-14 08:11:37,348 [023fb60a-00b7-42be-9ceb-f38531668441-groupManagement] INFO  server.RaftServerConfigKeys (ConfUtils.java:logGet(46)) - raft.server.log.statemachine.data.read.timeout = 1000ms (default)
2024-01-14 08:11:37,348 [023fb60a-00b7-42be-9ceb-f38531668441-groupManagement] INFO  server.RaftServerConfigKeys (ConfUtils.java:logGet(46)) - raft.server.log.purge.preservation.log.num = 0 (default)
2024-01-14 08:11:37,350 [023fb60a-00b7-42be-9ceb-f38531668441-groupManagement] INFO  server.RaftServerConfigKeys (ConfUtils.java:logGet(46)) - raft.server.log.segment.size.max = 67108864 (custom)
2024-01-14 08:11:37,350 [023fb60a-00b7-42be-9ceb-f38531668441-groupManagement] INFO  server.RaftServerConfigKeys (ConfUtils.java:logGet(46)) - raft.server.log.segment.cache.num.max = 2 (custom)
2024-01-14 08:11:37,350 [023fb60a-00b7-42be-9ceb-f38531668441-groupManagement] INFO  server.RaftServerConfigKeys (ConfUtils.java:logGet(46)) - raft.server.log.segment.cache.size.max = 200MB (=209715200) (default)
2024-01-14 08:11:37,350 [023fb60a-00b7-42be-9ceb-f38531668441-groupManagement] INFO  server.RaftServerConfigKeys (ConfUtils.java:logGet(46)) - raft.server.log.appender.buffer.byte-limit = 8388608 (custom)
2024-01-14 08:11:37,350 [023fb60a-00b7-42be-9ceb-f38531668441-groupManagement] INFO  util.AwaitToRun (AwaitToRun.java:start(81)) - Thread[023fb60a-00b7-42be-9ceb-f38531668441@group-EAD6276AADB2-cacheEviction-AwaitToRun,5,main] started
2024-01-14 08:11:37,350 [023fb60a-00b7-42be-9ceb-f38531668441-groupManagement] INFO  segmented.SegmentedRaftLogWorker (SegmentedRaftLogWorker.java:<init>(182)) - new 023fb60a-00b7-42be-9ceb-f38531668441@group-EAD6276AADB2-SegmentedRaftLogWorker for RaftStorageImpl:Storage Directory /home/runner/work/ozone/ozone/hadoop-ozone/integration-test/target/test-dir/MiniOzoneClusterImpl-cd00605b-e4dc-4ea1-ab7e-d8be28c4d560/datanode-1/data/ratis/a9d1e480-37a4-42af-9d39-ead6276aadb2
2024-01-14 08:11:37,350 [023fb60a-00b7-42be-9ceb-f38531668441-groupManagement] INFO  server.RaftServerConfigKeys (ConfUtils.java:logGet(46)) - raft.server.log.queue.byte-limit = 4294967296 (custom)
2024-01-14 08:11:37,350 [023fb60a-00b7-42be-9ceb-f38531668441-groupManagement] INFO  server.RaftServerConfigKeys (ConfUtils.java:logGet(46)) - raft.server.log.queue.element-limit = 1024 (custom)
2024-01-14 08:11:37,350 [023fb60a-00b7-42be-9ceb-f38531668441-groupManagement] INFO  server.RaftServerConfigKeys (ConfUtils.java:logGet(46)) - raft.server.log.segment.size.max = 67108864 (custom)
2024-01-14 08:11:37,351 [023fb60a-00b7-42be-9ceb-f38531668441-groupManagement] INFO  server.RaftServerConfigKeys (ConfUtils.java:logGet(46)) - raft.server.log.preallocated.size = 4194304 (custom)
2024-01-14 08:11:37,351 [023fb60a-00b7-42be-9ceb-f38531668441-groupManagement] INFO  server.RaftServerConfigKeys (ConfUtils.java:logGet(46)) - raft.server.log.force.sync.num = 128 (default)
2024-01-14 08:11:37,351 [023fb60a-00b7-42be-9ceb-f38531668441-groupManagement] INFO  server.RaftServerConfigKeys (ConfUtils.java:logGet(46)) - raft.server.log.statemachine.data.sync = true (default)
2024-01-14 08:11:37,351 [023fb60a-00b7-42be-9ceb-f38531668441-groupManagement] INFO  server.RaftServerConfigKeys (ConfUtils.java:logGet(46)) - raft.server.log.statemachine.data.sync.timeout = 10s (default)
2024-01-14 08:11:37,351 [023fb60a-00b7-42be-9ceb-f38531668441-groupManagement] INFO  server.RaftServerConfigKeys (ConfUtils.java:logGet(46)) - raft.server.log.statemachine.data.sync.timeout.retry = 0 (custom)
2024-01-14 08:11:37,351 [023fb60a-00b7-42be-9ceb-f38531668441-groupManagement] INFO  server.RaftServerConfigKeys (ConfUtils.java:logGet(46)) - raft.server.log.write.buffer.size = 8388616 (custom)
2024-01-14 08:11:37,353 [023fb60a-00b7-42be-9ceb-f38531668441-groupManagement] INFO  server.RaftServerConfigKeys (ConfUtils.java:logGet(46)) - raft.server.log.appender.buffer.byte-limit = 8388608 (custom)
2024-01-14 08:11:37,353 [023fb60a-00b7-42be-9ceb-f38531668441-groupManagement] INFO  server.RaftServerConfigKeys (ConfUtils.java:logGet(46)) - raft.server.log.unsafe-flush.enabled = false (default)
2024-01-14 08:11:37,353 [023fb60a-00b7-42be-9ceb-f38531668441-groupManagement] INFO  server.RaftServerConfigKeys (ConfUtils.java:logGet(46)) - raft.server.log.async-flush.enabled = false (default)
2024-01-14 08:11:37,353 [023fb60a-00b7-42be-9ceb-f38531668441-groupManagement] INFO  server.RaftServerConfigKeys (ConfUtils.java:logGet(46)) - raft.server.log.statemachine.data.caching.enabled = true (custom)
2024-01-14 08:11:37,354 [023fb60a-00b7-42be-9ceb-f38531668441-groupManagement] INFO  segmented.SegmentedRaftLogWorker (SegmentedRaftLogWorker.java:lambda$new$0(134)) - 023fb60a-00b7-42be-9ceb-f38531668441@group-EAD6276AADB2-SegmentedRaftLogWorker: flushIndex: setUnconditionally 0 -> -1
2024-01-14 08:11:37,354 [023fb60a-00b7-42be-9ceb-f38531668441-groupManagement] INFO  segmented.SegmentedRaftLogWorker (SegmentedRaftLogWorker.java:lambda$new$0(134)) - 023fb60a-00b7-42be-9ceb-f38531668441@group-EAD6276AADB2-SegmentedRaftLogWorker: safeCacheEvictIndex: setUnconditionally 0 -> -1
2024-01-14 08:11:37,359 [023fb60a-00b7-42be-9ceb-f38531668441-groupManagement] INFO  server.RaftServer$Division (RaftServerImpl.java:start(396)) - 023fb60a-00b7-42be-9ceb-f38531668441@group-EAD6276AADB2: start as a follower, conf=-1: peers:[59ce54d6-04b6-4e86-8314-d8540ae27b4b|10.1.0.100:15067, 023fb60a-00b7-42be-9ceb-f38531668441|10.1.0.100:15076, 5f8e001a-8213-4762-a64f-c492c0fad8a7|10.1.0.100:15085]|listeners:[], old=null
2024-01-14 08:11:37,360 [023fb60a-00b7-42be-9ceb-f38531668441-groupManagement] INFO  server.RaftServer$Division (RaftServerImpl.java:setRole(383)) - 023fb60a-00b7-42be-9ceb-f38531668441@group-EAD6276AADB2: changes role from      null to FOLLOWER at term 0 for startAsFollower
2024-01-14 08:11:37,360 [023fb60a-00b7-42be-9ceb-f38531668441-groupManagement] INFO  impl.RoleInfo (RoleInfo.java:updateAndGet(139)) - 023fb60a-00b7-42be-9ceb-f38531668441: start 023fb60a-00b7-42be-9ceb-f38531668441@group-EAD6276AADB2-FollowerState
2024-01-14 08:11:37,364 [023fb60a-00b7-42be-9ceb-f38531668441-groupManagement] INFO  util.JmxRegister (JmxRegister.java:tryRegister(44)) - Successfully registered JMX Bean with object name Ratis:service=RaftServer,group=group-EAD6276AADB2,id=023fb60a-00b7-42be-9ceb-f38531668441
2024-01-14 08:11:37,364 [023fb60a-00b7-42be-9ceb-f38531668441-groupManagement] INFO  server.RaftServerConfigKeys (ConfUtils.java:logGet(46)) - raft.server.snapshot.trigger-when-stop.enabled = true (default)
2024-01-14 08:11:37,364 [023fb60a-00b7-42be-9ceb-f38531668441-groupManagement] INFO  server.RaftServerConfigKeys (ConfUtils.java:logGet(46)) - raft.server.snapshot.auto.trigger.enabled = true (custom)
2024-01-14 08:11:37,364 [023fb60a-00b7-42be-9ceb-f38531668441-groupManagement] INFO  server.RaftServerConfigKeys (ConfUtils.java:logGet(46)) - raft.server.snapshot.auto.trigger.threshold = 10000 (custom)
2024-01-14 08:11:37,364 [023fb60a-00b7-42be-9ceb-f38531668441-groupManagement] INFO  server.RaftServerConfigKeys (ConfUtils.java:logGet(46)) - raft.server.snapshot.retention.file.num = 5 (custom)
2024-01-14 08:11:37,364 [023fb60a-00b7-42be-9ceb-f38531668441-groupManagement] INFO  server.RaftServerConfigKeys (ConfUtils.java:logGet(46)) - raft.server.log.purge.upto.snapshot.index = false (default)
2024-01-14 08:11:37,365 [023fb60a-00b7-42be-9ceb-f38531668441@group-EAD6276AADB2-FollowerState] INFO  server.RaftServerConfigKeys (ConfUtils.java:logFallback(53)) - raft.server.rpc.first-election.timeout.min = 5s (fallback to raft.server.rpc.timeout.min)
2024-01-14 08:11:37,365 [023fb60a-00b7-42be-9ceb-f38531668441@group-EAD6276AADB2-FollowerState] INFO  server.RaftServerConfigKeys (ConfUtils.java:logFallback(53)) - raft.server.rpc.first-election.timeout.max = 5200ms (fallback to raft.server.rpc.timeout.max)
2024-01-14 08:11:37,370 [023fb60a-00b7-42be-9ceb-f38531668441-groupManagement] INFO  server.RaftServer$Division (RaftServerImpl.java:<init>(256)) - 023fb60a-00b7-42be-9ceb-f38531668441: new RaftServerImpl for group-857E0CCB03C9:[023fb60a-00b7-42be-9ceb-f38531668441|10.1.0.100:15076] with ContainerStateMachine:uninitialized
2024-01-14 08:11:37,370 [023fb60a-00b7-42be-9ceb-f38531668441-groupManagement] INFO  server.RaftServerConfigKeys (ConfUtils.java:logGet(46)) - raft.server.rpc.timeout.min = 5s (custom)
2024-01-14 08:11:37,370 [023fb60a-00b7-42be-9ceb-f38531668441-groupManagement] INFO  server.RaftServerConfigKeys (ConfUtils.java:logGet(46)) - raft.server.rpc.timeout.max = 5200ms (custom)
2024-01-14 08:11:37,370 [023fb60a-00b7-42be-9ceb-f38531668441-groupManagement] INFO  server.RaftServerConfigKeys (ConfUtils.java:logGet(46)) - raft.server.rpc.sleep.time = 25ms (default)
2024-01-14 08:11:37,370 [023fb60a-00b7-42be-9ceb-f38531668441-groupManagement] INFO  server.RaftServerConfigKeys (ConfUtils.java:logGet(46)) - raft.server.rpc.slowness.timeout = 300000ms (custom)
2024-01-14 08:11:37,371 [023fb60a-00b7-42be-9ceb-f38531668441-groupManagement] INFO  server.RaftServerConfigKeys (ConfUtils.java:logGet(46)) - raft.server.leaderelection.leader.step-down.wait-time = 10s (default)
2024-01-14 08:11:37,371 [023fb60a-00b7-42be-9ceb-f38531668441-groupManagement] INFO  server.RaftServerConfigKeys (ConfUtils.java:logGet(46)) - raft.server.leaderelection.member.majority-add = false (default)
2024-01-14 08:11:37,371 [023fb60a-00b7-42be-9ceb-f38531668441-groupManagement] INFO  server.RaftServerConfigKeys (ConfUtils.java:logGet(46)) - raft.server.sleep.deviation.threshold = 300ms (default)
2024-01-14 08:11:37,371 [023fb60a-00b7-42be-9ceb-f38531668441-groupManagement] INFO  server.RaftServer$Division (ServerState.java:<init>(113)) - 023fb60a-00b7-42be-9ceb-f38531668441@group-857E0CCB03C9: ConfigurationManager, init=-1: peers:[023fb60a-00b7-42be-9ceb-f38531668441|10.1.0.100:15076]|listeners:[], old=null, confs=<EMPTY_MAP>
2024-01-14 08:11:37,371 [023fb60a-00b7-42be-9ceb-f38531668441-groupManagement] INFO  server.RaftServerConfigKeys (ConfUtils.java:logGet(46)) - raft.server.notification.no-leader.timeout = 300000ms (custom)
2024-01-14 08:11:37,371 [023fb60a-00b7-42be-9ceb-f38531668441-groupManagement] INFO  server.RaftServerConfigKeys (ConfUtils.java:logGet(46)) - raft.server.read.timeout = 10s (default)
2024-01-14 08:11:37,372 [023fb60a-00b7-42be-9ceb-f38531668441-groupManagement] INFO  server.RaftServerConfigKeys (ConfUtils.java:logGet(46)) - raft.server.retrycache.expirytime = 600000ms (custom)
2024-01-14 08:11:37,372 [023fb60a-00b7-42be-9ceb-f38531668441-groupManagement] INFO  server.RaftServerConfigKeys (ConfUtils.java:logGet(46)) - raft.server.retrycache.statistics.expirytime = 100ms (default)
2024-01-14 08:11:37,372 [023fb60a-00b7-42be-9ceb-f38531668441-groupManagement] INFO  server.RaftServerConfigKeys (ConfUtils.java:logGet(46)) - raft.server.read.option = DEFAULT (default)
2024-01-14 08:11:37,372 [023fb60a-00b7-42be-9ceb-f38531668441-groupManagement] INFO  server.RaftServerConfigKeys (ConfUtils.java:logGet(46)) - raft.server.read.read-after-write-consistent.write-index-cache.expiry-time = 60s (default)
2024-01-14 08:11:37,374 [023fb60a-00b7-42be-9ceb-f38531668441-groupManagement] INFO  server.RaftServerConfigKeys (ConfUtils.java:logGet(46)) - raft.server.rpc.request.timeout = 3000ms (default)
2024-01-14 08:11:37,374 [023fb60a-00b7-42be-9ceb-f38531668441-groupManagement] INFO  server.RaftServerConfigKeys (ConfUtils.java:logGet(46)) - raft.server.log.appender.install.snapshot.enabled = false (custom)
2024-01-14 08:11:37,374 [023fb60a-00b7-42be-9ceb-f38531668441-groupManagement] INFO  server.RaftServerConfigKeys (ConfUtils.java:logGet(46)) - raft.server.threadpool.server.cached = true (default)
2024-01-14 08:11:37,374 [023fb60a-00b7-42be-9ceb-f38531668441-groupManagement] INFO  server.RaftServerConfigKeys (ConfUtils.java:logGet(46)) - raft.server.threadpool.server.size = 0 (default)
2024-01-14 08:11:37,374 [023fb60a-00b7-42be-9ceb-f38531668441-groupManagement] INFO  server.RaftServerConfigKeys (ConfUtils.java:logGet(46)) - raft.server.threadpool.client.cached = true (default)
2024-01-14 08:11:37,374 [023fb60a-00b7-42be-9ceb-f38531668441-groupManagement] INFO  server.RaftServerConfigKeys (ConfUtils.java:logGet(46)) - raft.server.threadpool.client.size = 0 (default)
2024-01-14 08:11:37,374 [023fb60a-00b7-42be-9ceb-f38531668441-groupManagement] INFO  server.RaftServerConfigKeys (ConfUtils.java:logGet(46)) - raft.server.storage.free-space.min = 0MB (=0) (default)
2024-01-14 08:11:37,374 [023fb60a-00b7-42be-9ceb-f38531668441-groupManagement] INFO  server.RaftServerConfigKeys (ConfUtils.java:logGet(46)) - raft.server.log.corruption.policy = EXCEPTION (default)
2024-01-14 08:11:37,374 [023fb60a-00b7-42be-9ceb-f38531668441-groupManagement] INFO  server.RaftServerConfigKeys (ConfUtils.java:logGet(46)) - raft.server.storage.dir = [/home/runner/work/ozone/ozone/hadoop-ozone/integration-test/target/test-dir/MiniOzoneClusterImpl-cd00605b-e4dc-4ea1-ab7e-d8be28c4d560/datanode-1/data/ratis] (custom)
2024-01-14 08:11:37,375 [023fb60a-00b7-42be-9ceb-f38531668441-groupManagement] INFO  storage.RaftStorageDirectory (RaftStorageDirectoryImpl.java:analyzeStorage(138)) - The storage directory /home/runner/work/ozone/ozone/hadoop-ozone/integration-test/target/test-dir/MiniOzoneClusterImpl-cd00605b-e4dc-4ea1-ab7e-d8be28c4d560/datanode-1/data/ratis/045f9788-11c2-47a6-bfc6-857e0ccb03c9 does not exist. Creating ...
2024-01-14 08:11:37,377 [023fb60a-00b7-42be-9ceb-f38531668441-groupManagement] INFO  storage.RaftStorageDirectory (RaftStorageDirectoryImpl.java:tryLock(228)) - Lock on /home/runner/work/ozone/ozone/hadoop-ozone/integration-test/target/test-dir/MiniOzoneClusterImpl-cd00605b-e4dc-4ea1-ab7e-d8be28c4d560/datanode-1/data/ratis/045f9788-11c2-47a6-bfc6-857e0ccb03c9/in_use.lock acquired by nodename 49070@fv-az737-837
2024-01-14 08:11:37,380 [023fb60a-00b7-42be-9ceb-f38531668441-groupManagement] INFO  storage.RaftStorage (RaftStorageImpl.java:format(99)) - Storage directory /home/runner/work/ozone/ozone/hadoop-ozone/integration-test/target/test-dir/MiniOzoneClusterImpl-cd00605b-e4dc-4ea1-ab7e-d8be28c4d560/datanode-1/data/ratis/045f9788-11c2-47a6-bfc6-857e0ccb03c9 has been successfully formatted.
2024-01-14 08:11:37,380 [023fb60a-00b7-42be-9ceb-f38531668441-groupManagement] WARN  util.FileUtils (LogUtils.java:supplyAndLog(63)) - Failed to Files.newInputStream /home/runner/work/ozone/ozone/hadoop-ozone/integration-test/target/test-dir/MiniOzoneClusterImpl-cd00605b-e4dc-4ea1-ab7e-d8be28c4d560/datanode-1/data/ratis/045f9788-11c2-47a6-bfc6-857e0ccb03c9/current/raft-meta.conf with options []: java.nio.file.NoSuchFileException: /home/runner/work/ozone/ozone/hadoop-ozone/integration-test/target/test-dir/MiniOzoneClusterImpl-cd00605b-e4dc-4ea1-ab7e-d8be28c4d560/datanode-1/data/ratis/045f9788-11c2-47a6-bfc6-857e0ccb03c9/current/raft-meta.conf
2024-01-14 08:11:37,380 [023fb60a-00b7-42be-9ceb-f38531668441-groupManagement] INFO  ratis.ContainerStateMachine (ContainerStateMachine.java:loadSnapshot(287)) - group-857E0CCB03C9: The snapshot info is null. Setting the last applied index to:(t:0, i:~)
2024-01-14 08:11:37,381 [023fb60a-00b7-42be-9ceb-f38531668441-groupManagement] INFO  server.RaftServerConfigKeys (ConfUtils.java:logGet(46)) - raft.server.log.use.memory = false (default)
2024-01-14 08:11:37,381 [023fb60a-00b7-42be-9ceb-f38531668441-groupManagement] INFO  server.RaftServerConfigKeys (ConfUtils.java:logGet(46)) - raft.server.log.purge.gap = 1000000 (custom)
2024-01-14 08:11:37,381 [023fb60a-00b7-42be-9ceb-f38531668441-groupManagement] INFO  server.RaftServerConfigKeys (ConfUtils.java:logGet(46)) - raft.server.log.appender.buffer.byte-limit = 8388608 (custom)
2024-01-14 08:11:37,382 [023fb60a-00b7-42be-9ceb-f38531668441-groupManagement] INFO  server.RaftServerConfigKeys (ConfUtils.java:logGet(46)) - raft.server.log.statemachine.data.read.timeout = 1000ms (default)
2024-01-14 08:11:37,382 [023fb60a-00b7-42be-9ceb-f38531668441-groupManagement] INFO  server.RaftServerConfigKeys (ConfUtils.java:logGet(46)) - raft.server.log.purge.preservation.log.num = 0 (default)
2024-01-14 08:11:37,383 [023fb60a-00b7-42be-9ceb-f38531668441-groupManagement] INFO  server.RaftServerConfigKeys (ConfUtils.java:logGet(46)) - raft.server.log.segment.size.max = 67108864 (custom)
2024-01-14 08:11:37,384 [023fb60a-00b7-42be-9ceb-f38531668441-groupManagement] INFO  server.RaftServerConfigKeys (ConfUtils.java:logGet(46)) - raft.server.log.segment.cache.num.max = 2 (custom)
2024-01-14 08:11:37,384 [023fb60a-00b7-42be-9ceb-f38531668441-groupManagement] INFO  server.RaftServerConfigKeys (ConfUtils.java:logGet(46)) - raft.server.log.segment.cache.size.max = 200MB (=209715200) (default)
2024-01-14 08:11:37,385 [023fb60a-00b7-42be-9ceb-f38531668441-groupManagement] INFO  server.RaftServerConfigKeys (ConfUtils.java:logGet(46)) - raft.server.log.appender.buffer.byte-limit = 8388608 (custom)
2024-01-14 08:11:37,385 [023fb60a-00b7-42be-9ceb-f38531668441-groupManagement] INFO  util.AwaitToRun (AwaitToRun.java:start(81)) - Thread[023fb60a-00b7-42be-9ceb-f38531668441@group-857E0CCB03C9-cacheEviction-AwaitToRun,5,main] started
2024-01-14 08:11:37,385 [023fb60a-00b7-42be-9ceb-f38531668441-groupManagement] INFO  segmented.SegmentedRaftLogWorker (SegmentedRaftLogWorker.java:<init>(182)) - new 023fb60a-00b7-42be-9ceb-f38531668441@group-857E0CCB03C9-SegmentedRaftLogWorker for RaftStorageImpl:Storage Directory /home/runner/work/ozone/ozone/hadoop-ozone/integration-test/target/test-dir/MiniOzoneClusterImpl-cd00605b-e4dc-4ea1-ab7e-d8be28c4d560/datanode-1/data/ratis/045f9788-11c2-47a6-bfc6-857e0ccb03c9
2024-01-14 08:11:37,385 [EventQueue-PipelineReportForPipelineReportHandler] INFO  pipeline.PipelineReportHandler (PipelineReportHandler.java:processPipelineReport(136)) - Opened pipeline PipelineID=045f9788-11c2-47a6-bfc6-857e0ccb03c9
2024-01-14 08:11:37,385 [023fb60a-00b7-42be-9ceb-f38531668441-groupManagement] INFO  server.RaftServerConfigKeys (ConfUtils.java:logGet(46)) - raft.server.log.queue.byte-limit = 4294967296 (custom)
2024-01-14 08:11:37,385 [023fb60a-00b7-42be-9ceb-f38531668441-groupManagement] INFO  server.RaftServerConfigKeys (ConfUtils.java:logGet(46)) - raft.server.log.queue.element-limit = 1024 (custom)
2024-01-14 08:11:37,385 [023fb60a-00b7-42be-9ceb-f38531668441-groupManagement] INFO  server.RaftServerConfigKeys (ConfUtils.java:logGet(46)) - raft.server.log.segment.size.max = 67108864 (custom)
2024-01-14 08:11:37,385 [023fb60a-00b7-42be-9ceb-f38531668441-groupManagement] INFO  server.RaftServerConfigKeys (ConfUtils.java:logGet(46)) - raft.server.log.preallocated.size = 4194304 (custom)
2024-01-14 08:11:37,385 [023fb60a-00b7-42be-9ceb-f38531668441-groupManagement] INFO  server.RaftServerConfigKeys (ConfUtils.java:logGet(46)) - raft.server.log.force.sync.num = 128 (default)
2024-01-14 08:11:37,386 [023fb60a-00b7-42be-9ceb-f38531668441-groupManagement] INFO  server.RaftServerConfigKeys (ConfUtils.java:logGet(46)) - raft.server.log.statemachine.data.sync = true (default)
2024-01-14 08:11:37,386 [023fb60a-00b7-42be-9ceb-f38531668441-groupManagement] INFO  server.RaftServerConfigKeys (ConfUtils.java:logGet(46)) - raft.server.log.statemachine.data.sync.timeout = 10s (default)
2024-01-14 08:11:37,386 [023fb60a-00b7-42be-9ceb-f38531668441-groupManagement] INFO  server.RaftServerConfigKeys (ConfUtils.java:logGet(46)) - raft.server.log.statemachine.data.sync.timeout.retry = 0 (custom)
2024-01-14 08:11:37,386 [023fb60a-00b7-42be-9ceb-f38531668441-groupManagement] INFO  server.RaftServerConfigKeys (ConfUtils.java:logGet(46)) - raft.server.log.write.buffer.size = 8388616 (custom)
2024-01-14 08:11:37,388 [EventQueue-OpenPipelineForHealthyPipelineSafeModeRule] INFO  safemode.SCMSafeModeManager (HealthyPipelineSafeModeRule.java:process(140)) - SCM in safe mode. Healthy pipelines reported count is 0, required healthy pipeline reported count is 1
2024-01-14 08:11:37,388 [023fb60a-00b7-42be-9ceb-f38531668441-groupManagement] INFO  server.RaftServerConfigKeys (ConfUtils.java:logGet(46)) - raft.server.log.appender.buffer.byte-limit = 8388608 (custom)
2024-01-14 08:11:37,388 [023fb60a-00b7-42be-9ceb-f38531668441-groupManagement] INFO  server.RaftServerConfigKeys (ConfUtils.java:logGet(46)) - raft.server.log.unsafe-flush.enabled = false (default)
2024-01-14 08:11:37,388 [023fb60a-00b7-42be-9ceb-f38531668441-groupManagement] INFO  server.RaftServerConfigKeys (ConfUtils.java:logGet(46)) - raft.server.log.async-flush.enabled = false (default)
2024-01-14 08:11:37,388 [023fb60a-00b7-42be-9ceb-f38531668441-groupManagement] INFO  server.RaftServerConfigKeys (ConfUtils.java:logGet(46)) - raft.server.log.statemachine.data.caching.enabled = true (custom)
2024-01-14 08:11:37,388 [023fb60a-00b7-42be-9ceb-f38531668441-groupManagement] INFO  segmented.SegmentedRaftLogWorker (SegmentedRaftLogWorker.java:lambda$new$0(134)) - 023fb60a-00b7-42be-9ceb-f38531668441@group-857E0CCB03C9-SegmentedRaftLogWorker: flushIndex: setUnconditionally 0 -> -1
2024-01-14 08:11:37,388 [023fb60a-00b7-42be-9ceb-f38531668441-groupManagement] INFO  segmented.SegmentedRaftLogWorker (SegmentedRaftLogWorker.java:lambda$new$0(134)) - 023fb60a-00b7-42be-9ceb-f38531668441@group-857E0CCB03C9-SegmentedRaftLogWorker: safeCacheEvictIndex: setUnconditionally 0 -> -1
2024-01-14 08:11:37,390 [023fb60a-00b7-42be-9ceb-f38531668441-groupManagement] INFO  server.RaftServer$Division (RaftServerImpl.java:start(396)) - 023fb60a-00b7-42be-9ceb-f38531668441@group-857E0CCB03C9: start as a follower, conf=-1: peers:[023fb60a-00b7-42be-9ceb-f38531668441|10.1.0.100:15076]|listeners:[], old=null
2024-01-14 08:11:37,390 [023fb60a-00b7-42be-9ceb-f38531668441-groupManagement] INFO  server.RaftServer$Division (RaftServerImpl.java:setRole(383)) - 023fb60a-00b7-42be-9ceb-f38531668441@group-857E0CCB03C9: changes role from      null to FOLLOWER at term 0 for startAsFollower
2024-01-14 08:11:37,390 [023fb60a-00b7-42be-9ceb-f38531668441-groupManagement] INFO  impl.RoleInfo (RoleInfo.java:updateAndGet(139)) - 023fb60a-00b7-42be-9ceb-f38531668441: start 023fb60a-00b7-42be-9ceb-f38531668441@group-857E0CCB03C9-FollowerState
2024-01-14 08:11:37,391 [023fb60a-00b7-42be-9ceb-f38531668441-groupManagement] INFO  util.JmxRegister (JmxRegister.java:tryRegister(44)) - Successfully registered JMX Bean with object name Ratis:service=RaftServer,group=group-857E0CCB03C9,id=023fb60a-00b7-42be-9ceb-f38531668441
2024-01-14 08:11:37,391 [023fb60a-00b7-42be-9ceb-f38531668441-groupManagement] INFO  server.RaftServerConfigKeys (ConfUtils.java:logGet(46)) - raft.server.snapshot.trigger-when-stop.enabled = true (default)
2024-01-14 08:11:37,391 [023fb60a-00b7-42be-9ceb-f38531668441-groupManagement] INFO  server.RaftServerConfigKeys (ConfUtils.java:logGet(46)) - raft.server.snapshot.auto.trigger.enabled = true (custom)
2024-01-14 08:11:37,391 [023fb60a-00b7-42be-9ceb-f38531668441-groupManagement] INFO  server.RaftServerConfigKeys (ConfUtils.java:logGet(46)) - raft.server.snapshot.auto.trigger.threshold = 10000 (custom)
2024-01-14 08:11:37,391 [023fb60a-00b7-42be-9ceb-f38531668441-groupManagement] INFO  server.RaftServerConfigKeys (ConfUtils.java:logGet(46)) - raft.server.snapshot.retention.file.num = 5 (custom)
2024-01-14 08:11:37,391 [023fb60a-00b7-42be-9ceb-f38531668441-groupManagement] INFO  server.RaftServerConfigKeys (ConfUtils.java:logGet(46)) - raft.server.log.purge.upto.snapshot.index = false (default)
2024-01-14 08:11:37,392 [023fb60a-00b7-42be-9ceb-f38531668441@group-857E0CCB03C9-FollowerState] INFO  server.RaftServerConfigKeys (ConfUtils.java:logFallback(53)) - raft.server.rpc.first-election.timeout.min = 5s (fallback to raft.server.rpc.timeout.min)
2024-01-14 08:11:37,393 [023fb60a-00b7-42be-9ceb-f38531668441@group-857E0CCB03C9-FollowerState] INFO  server.RaftServerConfigKeys (ConfUtils.java:logFallback(53)) - raft.server.rpc.first-election.timeout.max = 5200ms (fallback to raft.server.rpc.timeout.max)
2024-01-14 08:11:37,397 [023fb60a-00b7-42be-9ceb-f38531668441-PipelineCommandHandlerThread-0] INFO  ratis.XceiverServerRatis (XceiverServerRatis.java:addGroup(842)) - Created group PipelineID=045f9788-11c2-47a6-bfc6-857e0ccb03c9
2024-01-14 08:11:37,397 [023fb60a-00b7-42be-9ceb-f38531668441-PipelineCommandHandlerThread-0] INFO  commandhandler.CreatePipelineCommandHandler (CreatePipelineCommandHandler.java:lambda$handle$2(124)) - Created Pipeline RATIS ONE PipelineID=045f9788-11c2-47a6-bfc6-857e0ccb03c9.
2024-01-14 08:11:37,400 [grpc-default-executor-0] INFO  server.RaftServer (RaftServerProxy.java:addNew(100)) - 5f8e001a-8213-4762-a64f-c492c0fad8a7: addNew group-EAD6276AADB2:[59ce54d6-04b6-4e86-8314-d8540ae27b4b|10.1.0.100:15067, 023fb60a-00b7-42be-9ceb-f38531668441|10.1.0.100:15076, 5f8e001a-8213-4762-a64f-c492c0fad8a7|10.1.0.100:15085] returns group-EAD6276AADB2:java.util.concurrent.CompletableFuture@7e927868[Not completed]
2024-01-14 08:11:37,400 [023fb60a-00b7-42be-9ceb-f38531668441-PipelineCommandHandlerThread-0] INFO  server.RaftServer (RaftServerProxy.java:addNew(100)) - 023fb60a-00b7-42be-9ceb-f38531668441: addNew group-EA54333CD795:[59ce54d6-04b6-4e86-8314-d8540ae27b4b|10.1.0.100:15067, 023fb60a-00b7-42be-9ceb-f38531668441|10.1.0.100:15076, 5f8e001a-8213-4762-a64f-c492c0fad8a7|10.1.0.100:15085] returns group-EA54333CD795:java.util.concurrent.CompletableFuture@477a51bd[Not completed]
2024-01-14 08:11:37,436 [023fb60a-00b7-42be-9ceb-f38531668441-groupManagement] INFO  server.RaftServer$Division (RaftServerImpl.java:<init>(256)) - 023fb60a-00b7-42be-9ceb-f38531668441: new RaftServerImpl for group-EA54333CD795:[59ce54d6-04b6-4e86-8314-d8540ae27b4b|10.1.0.100:15067, 023fb60a-00b7-42be-9ceb-f38531668441|10.1.0.100:15076, 5f8e001a-8213-4762-a64f-c492c0fad8a7|10.1.0.100:15085] with ContainerStateMachine:uninitialized
2024-01-14 08:11:37,436 [023fb60a-00b7-42be-9ceb-f38531668441-groupManagement] INFO  server.RaftServerConfigKeys (ConfUtils.java:logGet(46)) - raft.server.rpc.timeout.min = 5s (custom)
2024-01-14 08:11:37,436 [023fb60a-00b7-42be-9ceb-f38531668441-groupManagement] INFO  server.RaftServerConfigKeys (ConfUtils.java:logGet(46)) - raft.server.rpc.timeout.max = 5200ms (custom)
2024-01-14 08:11:37,437 [023fb60a-00b7-42be-9ceb-f38531668441-groupManagement] INFO  server.RaftServerConfigKeys (ConfUtils.java:logGet(46)) - raft.server.rpc.sleep.time = 25ms (default)
2024-01-14 08:11:37,437 [023fb60a-00b7-42be-9ceb-f38531668441-groupManagement] INFO  server.RaftServerConfigKeys (ConfUtils.java:logGet(46)) - raft.server.rpc.slowness.timeout = 300000ms (custom)
2024-01-14 08:11:37,437 [023fb60a-00b7-42be-9ceb-f38531668441-groupManagement] INFO  server.RaftServerConfigKeys (ConfUtils.java:logGet(46)) - raft.server.leaderelection.leader.step-down.wait-time = 10s (default)
2024-01-14 08:11:37,437 [023fb60a-00b7-42be-9ceb-f38531668441-groupManagement] INFO  server.RaftServerConfigKeys (ConfUtils.java:logGet(46)) - raft.server.leaderelection.member.majority-add = false (default)
2024-01-14 08:11:37,437 [023fb60a-00b7-42be-9ceb-f38531668441-groupManagement] INFO  server.RaftServerConfigKeys (ConfUtils.java:logGet(46)) - raft.server.sleep.deviation.threshold = 300ms (default)
2024-01-14 08:11:37,437 [023fb60a-00b7-42be-9ceb-f38531668441-groupManagement] INFO  server.RaftServer$Division (ServerState.java:<init>(113)) - 023fb60a-00b7-42be-9ceb-f38531668441@group-EA54333CD795: ConfigurationManager, init=-1: peers:[59ce54d6-04b6-4e86-8314-d8540ae27b4b|10.1.0.100:15067, 023fb60a-00b7-42be-9ceb-f38531668441|10.1.0.100:15076, 5f8e001a-8213-4762-a64f-c492c0fad8a7|10.1.0.100:15085]|listeners:[], old=null, confs=<EMPTY_MAP>
2024-01-14 08:11:37,437 [023fb60a-00b7-42be-9ceb-f38531668441-groupManagement] INFO  server.RaftServerConfigKeys (ConfUtils.java:logGet(46)) - raft.server.notification.no-leader.timeout = 300000ms (custom)
2024-01-14 08:11:37,437 [023fb60a-00b7-42be-9ceb-f38531668441-groupManagement] INFO  server.RaftServerConfigKeys (ConfUtils.java:logGet(46)) - raft.server.read.timeout = 10s (default)
2024-01-14 08:11:37,437 [023fb60a-00b7-42be-9ceb-f38531668441-groupManagement] INFO  server.RaftServerConfigKeys (ConfUtils.java:logGet(46)) - raft.server.retrycache.expirytime = 600000ms (custom)
2024-01-14 08:11:37,437 [023fb60a-00b7-42be-9ceb-f38531668441-groupManagement] INFO  server.RaftServerConfigKeys (ConfUtils.java:logGet(46)) - raft.server.retrycache.statistics.expirytime = 100ms (default)
2024-01-14 08:11:37,437 [023fb60a-00b7-42be-9ceb-f38531668441-groupManagement] INFO  server.RaftServerConfigKeys (ConfUtils.java:logGet(46)) - raft.server.read.option = DEFAULT (default)
2024-01-14 08:11:37,437 [023fb60a-00b7-42be-9ceb-f38531668441-groupManagement] INFO  server.RaftServerConfigKeys (ConfUtils.java:logGet(46)) - raft.server.read.read-after-write-consistent.write-index-cache.expiry-time = 60s (default)
2024-01-14 08:11:37,441 [5f8e001a-8213-4762-a64f-c492c0fad8a7-groupManagement] INFO  server.RaftServer$Division (RaftServerImpl.java:<init>(256)) - 5f8e001a-8213-4762-a64f-c492c0fad8a7: new RaftServerImpl for group-EAD6276AADB2:[59ce54d6-04b6-4e86-8314-d8540ae27b4b|10.1.0.100:15067, 023fb60a-00b7-42be-9ceb-f38531668441|10.1.0.100:15076, 5f8e001a-8213-4762-a64f-c492c0fad8a7|10.1.0.100:15085] with ContainerStateMachine:uninitialized
2024-01-14 08:11:37,441 [5f8e001a-8213-4762-a64f-c492c0fad8a7-groupManagement] INFO  server.RaftServerConfigKeys (ConfUtils.java:logGet(46)) - raft.server.rpc.timeout.min = 5s (custom)
2024-01-14 08:11:37,441 [5f8e001a-8213-4762-a64f-c492c0fad8a7-groupManagement] INFO  server.RaftServerConfigKeys (ConfUtils.java:logGet(46)) - raft.server.rpc.timeout.max = 5200ms (custom)
2024-01-14 08:11:37,441 [5f8e001a-8213-4762-a64f-c492c0fad8a7-groupManagement] INFO  server.RaftServerConfigKeys (ConfUtils.java:logGet(46)) - raft.server.rpc.sleep.time = 25ms (default)
2024-01-14 08:11:37,441 [5f8e001a-8213-4762-a64f-c492c0fad8a7-groupManagement] INFO  server.RaftServerConfigKeys (ConfUtils.java:logGet(46)) - raft.server.rpc.slowness.timeout = 300000ms (custom)
2024-01-14 08:11:37,441 [5f8e001a-8213-4762-a64f-c492c0fad8a7-groupManagement] INFO  server.RaftServerConfigKeys (ConfUtils.java:logGet(46)) - raft.server.leaderelection.leader.step-down.wait-time = 10s (default)
2024-01-14 08:11:37,442 [5f8e001a-8213-4762-a64f-c492c0fad8a7-groupManagement] INFO  server.RaftServerConfigKeys (ConfUtils.java:logGet(46)) - raft.server.leaderelection.member.majority-add = false (default)
2024-01-14 08:11:37,442 [5f8e001a-8213-4762-a64f-c492c0fad8a7-groupManagement] INFO  server.RaftServerConfigKeys (ConfUtils.java:logGet(46)) - raft.server.sleep.deviation.threshold = 300ms (default)
2024-01-14 08:11:37,442 [5f8e001a-8213-4762-a64f-c492c0fad8a7-groupManagement] INFO  server.RaftServer$Division (ServerState.java:<init>(113)) - 5f8e001a-8213-4762-a64f-c492c0fad8a7@group-EAD6276AADB2: ConfigurationManager, init=-1: peers:[59ce54d6-04b6-4e86-8314-d8540ae27b4b|10.1.0.100:15067, 023fb60a-00b7-42be-9ceb-f38531668441|10.1.0.100:15076, 5f8e001a-8213-4762-a64f-c492c0fad8a7|10.1.0.100:15085]|listeners:[], old=null, confs=<EMPTY_MAP>
2024-01-14 08:11:37,442 [5f8e001a-8213-4762-a64f-c492c0fad8a7-groupManagement] INFO  server.RaftServerConfigKeys (ConfUtils.java:logGet(46)) - raft.server.notification.no-leader.timeout = 300000ms (custom)
2024-01-14 08:11:37,442 [5f8e001a-8213-4762-a64f-c492c0fad8a7-groupManagement] INFO  server.RaftServerConfigKeys (ConfUtils.java:logGet(46)) - raft.server.read.timeout = 10s (default)
2024-01-14 08:11:37,442 [5f8e001a-8213-4762-a64f-c492c0fad8a7-groupManagement] INFO  server.RaftServerConfigKeys (ConfUtils.java:logGet(46)) - raft.server.retrycache.expirytime = 600000ms (custom)
2024-01-14 08:11:37,442 [5f8e001a-8213-4762-a64f-c492c0fad8a7-groupManagement] INFO  server.RaftServerConfigKeys (ConfUtils.java:logGet(46)) - raft.server.retrycache.statistics.expirytime = 100ms (default)
2024-01-14 08:11:37,442 [5f8e001a-8213-4762-a64f-c492c0fad8a7-groupManagement] INFO  server.RaftServerConfigKeys (ConfUtils.java:logGet(46)) - raft.server.read.option = DEFAULT (default)
2024-01-14 08:11:37,442 [5f8e001a-8213-4762-a64f-c492c0fad8a7-groupManagement] INFO  server.RaftServerConfigKeys (ConfUtils.java:logGet(46)) - raft.server.read.read-after-write-consistent.write-index-cache.expiry-time = 60s (default)
2024-01-14 08:11:37,447 [5f8e001a-8213-4762-a64f-c492c0fad8a7-PipelineCommandHandlerThread-0] INFO  server.RaftServer (RaftServerProxy.java:addNew(100)) - 5f8e001a-8213-4762-a64f-c492c0fad8a7: addNew group-F1A88316A3CE:[5f8e001a-8213-4762-a64f-c492c0fad8a7|10.1.0.100:15085] returns group-F1A88316A3CE:java.util.concurrent.CompletableFuture@1493d2f2[Not completed]
2024-01-14 08:11:37,448 [5f8e001a-8213-4762-a64f-c492c0fad8a7-groupManagement] INFO  server.RaftServerConfigKeys (ConfUtils.java:logGet(46)) - raft.server.rpc.request.timeout = 3000ms (default)
2024-01-14 08:11:37,448 [5f8e001a-8213-4762-a64f-c492c0fad8a7-groupManagement] INFO  server.RaftServerConfigKeys (ConfUtils.java:logGet(46)) - raft.server.log.appender.install.snapshot.enabled = false (custom)
2024-01-14 08:11:37,448 [5f8e001a-8213-4762-a64f-c492c0fad8a7-groupManagement] INFO  server.RaftServerConfigKeys (ConfUtils.java:logGet(46)) - raft.server.threadpool.server.cached = true (default)
2024-01-14 08:11:37,448 [5f8e001a-8213-4762-a64f-c492c0fad8a7-groupManagement] INFO  server.RaftServerConfigKeys (ConfUtils.java:logGet(46)) - raft.server.threadpool.server.size = 0 (default)
2024-01-14 08:11:37,448 [5f8e001a-8213-4762-a64f-c492c0fad8a7-groupManagement] INFO  server.RaftServerConfigKeys (ConfUtils.java:logGet(46)) - raft.server.threadpool.client.cached = true (default)
2024-01-14 08:11:37,448 [5f8e001a-8213-4762-a64f-c492c0fad8a7-groupManagement] INFO  server.RaftServerConfigKeys (ConfUtils.java:logGet(46)) - raft.server.threadpool.client.size = 0 (default)
2024-01-14 08:11:37,449 [023fb60a-00b7-42be-9ceb-f38531668441-groupManagement] INFO  server.RaftServerConfigKeys (ConfUtils.java:logGet(46)) - raft.server.rpc.request.timeout = 3000ms (default)
2024-01-14 08:11:37,449 [023fb60a-00b7-42be-9ceb-f38531668441-groupManagement] INFO  server.RaftServerConfigKeys (ConfUtils.java:logGet(46)) - raft.server.log.appender.install.snapshot.enabled = false (custom)
2024-01-14 08:11:37,449 [023fb60a-00b7-42be-9ceb-f38531668441-groupManagement] INFO  server.RaftServerConfigKeys (ConfUtils.java:logGet(46)) - raft.server.threadpool.server.cached = true (default)
2024-01-14 08:11:37,449 [023fb60a-00b7-42be-9ceb-f38531668441-groupManagement] INFO  server.RaftServerConfigKeys (ConfUtils.java:logGet(46)) - raft.server.threadpool.server.size = 0 (default)
2024-01-14 08:11:37,449 [023fb60a-00b7-42be-9ceb-f38531668441-groupManagement] INFO  server.RaftServerConfigKeys (ConfUtils.java:logGet(46)) - raft.server.threadpool.client.cached = true (default)
2024-01-14 08:11:37,449 [023fb60a-00b7-42be-9ceb-f38531668441-groupManagement] INFO  server.RaftServerConfigKeys (ConfUtils.java:logGet(46)) - raft.server.threadpool.client.size = 0 (default)
2024-01-14 08:11:37,449 [023fb60a-00b7-42be-9ceb-f38531668441-groupManagement] INFO  server.RaftServerConfigKeys (ConfUtils.java:logGet(46)) - raft.server.storage.free-space.min = 0MB (=0) (default)
2024-01-14 08:11:37,450 [023fb60a-00b7-42be-9ceb-f38531668441-groupManagement] INFO  server.RaftServerConfigKeys (ConfUtils.java:logGet(46)) - raft.server.log.corruption.policy = EXCEPTION (default)
2024-01-14 08:11:37,450 [023fb60a-00b7-42be-9ceb-f38531668441-groupManagement] INFO  server.RaftServerConfigKeys (ConfUtils.java:logGet(46)) - raft.server.storage.dir = [/home/runner/work/ozone/ozone/hadoop-ozone/integration-test/target/test-dir/MiniOzoneClusterImpl-cd00605b-e4dc-4ea1-ab7e-d8be28c4d560/datanode-1/data/ratis] (custom)
2024-01-14 08:11:37,450 [023fb60a-00b7-42be-9ceb-f38531668441-groupManagement] INFO  storage.RaftStorageDirectory (RaftStorageDirectoryImpl.java:analyzeStorage(138)) - The storage directory /home/runner/work/ozone/ozone/hadoop-ozone/integration-test/target/test-dir/MiniOzoneClusterImpl-cd00605b-e4dc-4ea1-ab7e-d8be28c4d560/datanode-1/data/ratis/7558fe87-f470-4d77-8c96-ea54333cd795 does not exist. Creating ...
2024-01-14 08:11:37,451 [5f8e001a-8213-4762-a64f-c492c0fad8a7-groupManagement] INFO  server.RaftServer$Division (RaftServerImpl.java:<init>(256)) - 5f8e001a-8213-4762-a64f-c492c0fad8a7: new RaftServerImpl for group-F1A88316A3CE:[5f8e001a-8213-4762-a64f-c492c0fad8a7|10.1.0.100:15085] with ContainerStateMachine:uninitialized
2024-01-14 08:11:37,451 [5f8e001a-8213-4762-a64f-c492c0fad8a7-groupManagement] INFO  server.RaftServerConfigKeys (ConfUtils.java:logGet(46)) - raft.server.rpc.timeout.min = 5s (custom)
2024-01-14 08:11:37,451 [5f8e001a-8213-4762-a64f-c492c0fad8a7-groupManagement] INFO  server.RaftServerConfigKeys (ConfUtils.java:logGet(46)) - raft.server.rpc.timeout.max = 5200ms (custom)
2024-01-14 08:11:37,451 [5f8e001a-8213-4762-a64f-c492c0fad8a7-groupManagement] INFO  server.RaftServerConfigKeys (ConfUtils.java:logGet(46)) - raft.server.rpc.sleep.time = 25ms (default)
2024-01-14 08:11:37,451 [5f8e001a-8213-4762-a64f-c492c0fad8a7-groupManagement] INFO  server.RaftServerConfigKeys (ConfUtils.java:logGet(46)) - raft.server.rpc.slowness.timeout = 300000ms (custom)
2024-01-14 08:11:37,451 [5f8e001a-8213-4762-a64f-c492c0fad8a7-groupManagement] INFO  server.RaftServerConfigKeys (ConfUtils.java:logGet(46)) - raft.server.leaderelection.leader.step-down.wait-time = 10s (default)
2024-01-14 08:11:37,451 [5f8e001a-8213-4762-a64f-c492c0fad8a7-groupManagement] INFO  server.RaftServerConfigKeys (ConfUtils.java:logGet(46)) - raft.server.leaderelection.member.majority-add = false (default)
2024-01-14 08:11:37,451 [5f8e001a-8213-4762-a64f-c492c0fad8a7-groupManagement] INFO  server.RaftServerConfigKeys (ConfUtils.java:logGet(46)) - raft.server.sleep.deviation.threshold = 300ms (default)
2024-01-14 08:11:37,451 [5f8e001a-8213-4762-a64f-c492c0fad8a7-groupManagement] INFO  server.RaftServer$Division (ServerState.java:<init>(113)) - 5f8e001a-8213-4762-a64f-c492c0fad8a7@group-F1A88316A3CE: ConfigurationManager, init=-1: peers:[5f8e001a-8213-4762-a64f-c492c0fad8a7|10.1.0.100:15085]|listeners:[], old=null, confs=<EMPTY_MAP>
2024-01-14 08:11:37,451 [5f8e001a-8213-4762-a64f-c492c0fad8a7-groupManagement] INFO  server.RaftServerConfigKeys (ConfUtils.java:logGet(46)) - raft.server.notification.no-leader.timeout = 300000ms (custom)
2024-01-14 08:11:37,451 [5f8e001a-8213-4762-a64f-c492c0fad8a7-groupManagement] INFO  server.RaftServerConfigKeys (ConfUtils.java:logGet(46)) - raft.server.read.timeout = 10s (default)
2024-01-14 08:11:37,452 [5f8e001a-8213-4762-a64f-c492c0fad8a7-groupManagement] INFO  server.RaftServerConfigKeys (ConfUtils.java:logGet(46)) - raft.server.retrycache.expirytime = 600000ms (custom)
2024-01-14 08:11:37,452 [5f8e001a-8213-4762-a64f-c492c0fad8a7-groupManagement] INFO  server.RaftServerConfigKeys (ConfUtils.java:logGet(46)) - raft.server.retrycache.statistics.expirytime = 100ms (default)
2024-01-14 08:11:37,452 [5f8e001a-8213-4762-a64f-c492c0fad8a7-groupManagement] INFO  server.RaftServerConfigKeys (ConfUtils.java:logGet(46)) - raft.server.read.option = DEFAULT (default)
2024-01-14 08:11:37,452 [5f8e001a-8213-4762-a64f-c492c0fad8a7-groupManagement] INFO  server.RaftServerConfigKeys (ConfUtils.java:logGet(46)) - raft.server.read.read-after-write-consistent.write-index-cache.expiry-time = 60s (default)
2024-01-14 08:11:37,452 [023fb60a-00b7-42be-9ceb-f38531668441-groupManagement] INFO  storage.RaftStorageDirectory (RaftStorageDirectoryImpl.java:tryLock(228)) - Lock on /home/runner/work/ozone/ozone/hadoop-ozone/integration-test/target/test-dir/MiniOzoneClusterImpl-cd00605b-e4dc-4ea1-ab7e-d8be28c4d560/datanode-1/data/ratis/7558fe87-f470-4d77-8c96-ea54333cd795/in_use.lock acquired by nodename 49070@fv-az737-837
2024-01-14 08:11:37,454 [5f8e001a-8213-4762-a64f-c492c0fad8a7-groupManagement] INFO  server.RaftServerConfigKeys (ConfUtils.java:logGet(46)) - raft.server.rpc.request.timeout = 3000ms (default)
2024-01-14 08:11:37,454 [5f8e001a-8213-4762-a64f-c492c0fad8a7-groupManagement] INFO  server.RaftServerConfigKeys (ConfUtils.java:logGet(46)) - raft.server.log.appender.install.snapshot.enabled = false (custom)
2024-01-14 08:11:37,454 [5f8e001a-8213-4762-a64f-c492c0fad8a7-groupManagement] INFO  server.RaftServerConfigKeys (ConfUtils.java:logGet(46)) - raft.server.threadpool.server.cached = true (default)
2024-01-14 08:11:37,454 [5f8e001a-8213-4762-a64f-c492c0fad8a7-groupManagement] INFO  server.RaftServerConfigKeys (ConfUtils.java:logGet(46)) - raft.server.threadpool.server.size = 0 (default)
2024-01-14 08:11:37,454 [5f8e001a-8213-4762-a64f-c492c0fad8a7-groupManagement] INFO  server.RaftServerConfigKeys (ConfUtils.java:logGet(46)) - raft.server.threadpool.client.cached = true (default)
2024-01-14 08:11:37,454 [5f8e001a-8213-4762-a64f-c492c0fad8a7-groupManagement] INFO  server.RaftServerConfigKeys (ConfUtils.java:logGet(46)) - raft.server.threadpool.client.size = 0 (default)
2024-01-14 08:11:37,454 [5f8e001a-8213-4762-a64f-c492c0fad8a7-groupManagement] INFO  server.RaftServerConfigKeys (ConfUtils.java:logGet(46)) - raft.server.storage.free-space.min = 0MB (=0) (default)
2024-01-14 08:11:37,454 [5f8e001a-8213-4762-a64f-c492c0fad8a7-groupManagement] INFO  server.RaftServerConfigKeys (ConfUtils.java:logGet(46)) - raft.server.log.corruption.policy = EXCEPTION (default)
2024-01-14 08:11:37,454 [5f8e001a-8213-4762-a64f-c492c0fad8a7-groupManagement] INFO  server.RaftServerConfigKeys (ConfUtils.java:logGet(46)) - raft.server.storage.dir = [/home/runner/work/ozone/ozone/hadoop-ozone/integration-test/target/test-dir/MiniOzoneClusterImpl-cd00605b-e4dc-4ea1-ab7e-d8be28c4d560/datanode-2/data/ratis] (custom)
2024-01-14 08:11:37,454 [5f8e001a-8213-4762-a64f-c492c0fad8a7-groupManagement] INFO  storage.RaftStorageDirectory (RaftStorageDirectoryImpl.java:analyzeStorage(138)) - The storage directory /home/runner/work/ozone/ozone/hadoop-ozone/integration-test/target/test-dir/MiniOzoneClusterImpl-cd00605b-e4dc-4ea1-ab7e-d8be28c4d560/datanode-2/data/ratis/a9d1e480-37a4-42af-9d39-ead6276aadb2 does not exist. Creating ...
2024-01-14 08:11:37,455 [023fb60a-00b7-42be-9ceb-f38531668441-groupManagement] INFO  storage.RaftStorage (RaftStorageImpl.java:format(99)) - Storage directory /home/runner/work/ozone/ozone/hadoop-ozone/integration-test/target/test-dir/MiniOzoneClusterImpl-cd00605b-e4dc-4ea1-ab7e-d8be28c4d560/datanode-1/data/ratis/7558fe87-f470-4d77-8c96-ea54333cd795 has been successfully formatted.
2024-01-14 08:11:37,456 [023fb60a-00b7-42be-9ceb-f38531668441-groupManagement] WARN  util.FileUtils (LogUtils.java:supplyAndLog(63)) - Failed to Files.newInputStream /home/runner/work/ozone/ozone/hadoop-ozone/integration-test/target/test-dir/MiniOzoneClusterImpl-cd00605b-e4dc-4ea1-ab7e-d8be28c4d560/datanode-1/data/ratis/7558fe87-f470-4d77-8c96-ea54333cd795/current/raft-meta.conf with options []: java.nio.file.NoSuchFileException: /home/runner/work/ozone/ozone/hadoop-ozone/integration-test/target/test-dir/MiniOzoneClusterImpl-cd00605b-e4dc-4ea1-ab7e-d8be28c4d560/datanode-1/data/ratis/7558fe87-f470-4d77-8c96-ea54333cd795/current/raft-meta.conf
2024-01-14 08:11:37,456 [023fb60a-00b7-42be-9ceb-f38531668441-groupManagement] INFO  ratis.ContainerStateMachine (ContainerStateMachine.java:loadSnapshot(287)) - group-EA54333CD795: The snapshot info is null. Setting the last applied index to:(t:0, i:~)
2024-01-14 08:11:37,456 [023fb60a-00b7-42be-9ceb-f38531668441-groupManagement] INFO  server.RaftServerConfigKeys (ConfUtils.java:logGet(46)) - raft.server.log.use.memory = false (default)
2024-01-14 08:11:37,456 [023fb60a-00b7-42be-9ceb-f38531668441-groupManagement] INFO  server.RaftServerConfigKeys (ConfUtils.java:logGet(46)) - raft.server.log.purge.gap = 1000000 (custom)
2024-01-14 08:11:37,456 [023fb60a-00b7-42be-9ceb-f38531668441-groupManagement] INFO  server.RaftServerConfigKeys (ConfUtils.java:logGet(46)) - raft.server.log.appender.buffer.byte-limit = 8388608 (custom)
2024-01-14 08:11:37,456 [023fb60a-00b7-42be-9ceb-f38531668441-groupManagement] INFO  server.RaftServerConfigKeys (ConfUtils.java:logGet(46)) - raft.server.log.statemachine.data.read.timeout = 1000ms (default)
2024-01-14 08:11:37,457 [023fb60a-00b7-42be-9ceb-f38531668441-groupManagement] INFO  server.RaftServerConfigKeys (ConfUtils.java:logGet(46)) - raft.server.log.purge.preservation.log.num = 0 (default)
2024-01-14 08:11:37,457 [023fb60a-00b7-42be-9ceb-f38531668441-groupManagement] INFO  server.RaftServerConfigKeys (ConfUtils.java:logGet(46)) - raft.server.log.segment.size.max = 67108864 (custom)
2024-01-14 08:11:37,458 [023fb60a-00b7-42be-9ceb-f38531668441-groupManagement] INFO  server.RaftServerConfigKeys (ConfUtils.java:logGet(46)) - raft.server.log.segment.cache.num.max = 2 (custom)
2024-01-14 08:11:37,459 [5f8e001a-8213-4762-a64f-c492c0fad8a7-groupManagement] INFO  storage.RaftStorageDirectory (RaftStorageDirectoryImpl.java:tryLock(228)) - Lock on /home/runner/work/ozone/ozone/hadoop-ozone/integration-test/target/test-dir/MiniOzoneClusterImpl-cd00605b-e4dc-4ea1-ab7e-d8be28c4d560/datanode-2/data/ratis/a9d1e480-37a4-42af-9d39-ead6276aadb2/in_use.lock acquired by nodename 49070@fv-az737-837
2024-01-14 08:11:37,459 [EventQueue-OpenPipelineForHealthyPipelineSafeModeRule] INFO  safemode.SCMSafeModeManager (HealthyPipelineSafeModeRule.java:process(140)) - SCM in safe mode. Healthy pipelines reported count is 0, required healthy pipeline reported count is 1
2024-01-14 08:11:37,459 [023fb60a-00b7-42be-9ceb-f38531668441-groupManagement] INFO  server.RaftServerConfigKeys (ConfUtils.java:logGet(46)) - raft.server.log.segment.cache.size.max = 200MB (=209715200) (default)
2024-01-14 08:11:37,459 [023fb60a-00b7-42be-9ceb-f38531668441-groupManagement] INFO  server.RaftServerConfigKeys (ConfUtils.java:logGet(46)) - raft.server.log.appender.buffer.byte-limit = 8388608 (custom)
2024-01-14 08:11:37,459 [023fb60a-00b7-42be-9ceb-f38531668441-groupManagement] INFO  util.AwaitToRun (AwaitToRun.java:start(81)) - Thread[023fb60a-00b7-42be-9ceb-f38531668441@group-EA54333CD795-cacheEviction-AwaitToRun,5,main] started
2024-01-14 08:11:37,459 [023fb60a-00b7-42be-9ceb-f38531668441-groupManagement] INFO  segmented.SegmentedRaftLogWorker (SegmentedRaftLogWorker.java:<init>(182)) - new 023fb60a-00b7-42be-9ceb-f38531668441@group-EA54333CD795-SegmentedRaftLogWorker for RaftStorageImpl:Storage Directory /home/runner/work/ozone/ozone/hadoop-ozone/integration-test/target/test-dir/MiniOzoneClusterImpl-cd00605b-e4dc-4ea1-ab7e-d8be28c4d560/datanode-1/data/ratis/7558fe87-f470-4d77-8c96-ea54333cd795
2024-01-14 08:11:37,460 [023fb60a-00b7-42be-9ceb-f38531668441-groupManagement] INFO  server.RaftServerConfigKeys (ConfUtils.java:logGet(46)) - raft.server.log.queue.byte-limit = 4294967296 (custom)
2024-01-14 08:11:37,460 [023fb60a-00b7-42be-9ceb-f38531668441-groupManagement] INFO  server.RaftServerConfigKeys (ConfUtils.java:logGet(46)) - raft.server.log.queue.element-limit = 1024 (custom)
2024-01-14 08:11:37,460 [023fb60a-00b7-42be-9ceb-f38531668441-groupManagement] INFO  server.RaftServerConfigKeys (ConfUtils.java:logGet(46)) - raft.server.log.segment.size.max = 67108864 (custom)
2024-01-14 08:11:37,460 [023fb60a-00b7-42be-9ceb-f38531668441-groupManagement] INFO  server.RaftServerConfigKeys (ConfUtils.java:logGet(46)) - raft.server.log.preallocated.size = 4194304 (custom)
2024-01-14 08:11:37,460 [023fb60a-00b7-42be-9ceb-f38531668441-groupManagement] INFO  server.RaftServerConfigKeys (ConfUtils.java:logGet(46)) - raft.server.log.force.sync.num = 128 (default)
2024-01-14 08:11:37,460 [023fb60a-00b7-42be-9ceb-f38531668441-groupManagement] INFO  server.RaftServerConfigKeys (ConfUtils.java:logGet(46)) - raft.server.log.statemachine.data.sync = true (default)
2024-01-14 08:11:37,460 [023fb60a-00b7-42be-9ceb-f38531668441-groupManagement] INFO  server.RaftServerConfigKeys (ConfUtils.java:logGet(46)) - raft.server.log.statemachine.data.sync.timeout = 10s (default)
2024-01-14 08:11:37,460 [023fb60a-00b7-42be-9ceb-f38531668441-groupManagement] INFO  server.RaftServerConfigKeys (ConfUtils.java:logGet(46)) - raft.server.log.statemachine.data.sync.timeout.retry = 0 (custom)
2024-01-14 08:11:37,461 [023fb60a-00b7-42be-9ceb-f38531668441-groupManagement] INFO  server.RaftServerConfigKeys (ConfUtils.java:logGet(46)) - raft.server.log.write.buffer.size = 8388616 (custom)
2024-01-14 08:11:37,462 [023fb60a-00b7-42be-9ceb-f38531668441-groupManagement] INFO  server.RaftServerConfigKeys (ConfUtils.java:logGet(46)) - raft.server.log.appender.buffer.byte-limit = 8388608 (custom)
2024-01-14 08:11:37,462 [023fb60a-00b7-42be-9ceb-f38531668441-groupManagement] INFO  server.RaftServerConfigKeys (ConfUtils.java:logGet(46)) - raft.server.log.unsafe-flush.enabled = false (default)
2024-01-14 08:11:37,463 [023fb60a-00b7-42be-9ceb-f38531668441-groupManagement] INFO  server.RaftServerConfigKeys (ConfUtils.java:logGet(46)) - raft.server.log.async-flush.enabled = false (default)
2024-01-14 08:11:37,463 [023fb60a-00b7-42be-9ceb-f38531668441-groupManagement] INFO  server.RaftServerConfigKeys (ConfUtils.java:logGet(46)) - raft.server.log.statemachine.data.caching.enabled = true (custom)
2024-01-14 08:11:37,463 [023fb60a-00b7-42be-9ceb-f38531668441-groupManagement] INFO  segmented.SegmentedRaftLogWorker (SegmentedRaftLogWorker.java:lambda$new$0(134)) - 023fb60a-00b7-42be-9ceb-f38531668441@group-EA54333CD795-SegmentedRaftLogWorker: flushIndex: setUnconditionally 0 -> -1
2024-01-14 08:11:37,463 [023fb60a-00b7-42be-9ceb-f38531668441-groupManagement] INFO  segmented.SegmentedRaftLogWorker (SegmentedRaftLogWorker.java:lambda$new$0(134)) - 023fb60a-00b7-42be-9ceb-f38531668441@group-EA54333CD795-SegmentedRaftLogWorker: safeCacheEvictIndex: setUnconditionally 0 -> -1
2024-01-14 08:11:37,460 [5f8e001a-8213-4762-a64f-c492c0fad8a7-groupManagement] INFO  storage.RaftStorage (RaftStorageImpl.java:format(99)) - Storage directory /home/runner/work/ozone/ozone/hadoop-ozone/integration-test/target/test-dir/MiniOzoneClusterImpl-cd00605b-e4dc-4ea1-ab7e-d8be28c4d560/datanode-2/data/ratis/a9d1e480-37a4-42af-9d39-ead6276aadb2 has been successfully formatted.
2024-01-14 08:11:37,463 [5f8e001a-8213-4762-a64f-c492c0fad8a7-groupManagement] WARN  util.FileUtils (LogUtils.java:supplyAndLog(63)) - Failed to Files.newInputStream /home/runner/work/ozone/ozone/hadoop-ozone/integration-test/target/test-dir/MiniOzoneClusterImpl-cd00605b-e4dc-4ea1-ab7e-d8be28c4d560/datanode-2/data/ratis/a9d1e480-37a4-42af-9d39-ead6276aadb2/current/raft-meta.conf with options []: java.nio.file.NoSuchFileException: /home/runner/work/ozone/ozone/hadoop-ozone/integration-test/target/test-dir/MiniOzoneClusterImpl-cd00605b-e4dc-4ea1-ab7e-d8be28c4d560/datanode-2/data/ratis/a9d1e480-37a4-42af-9d39-ead6276aadb2/current/raft-meta.conf
2024-01-14 08:11:37,465 [5f8e001a-8213-4762-a64f-c492c0fad8a7-groupManagement] INFO  ratis.ContainerStateMachine (ContainerStateMachine.java:loadSnapshot(287)) - group-EAD6276AADB2: The snapshot info is null. Setting the last applied index to:(t:0, i:~)
2024-01-14 08:11:37,465 [5f8e001a-8213-4762-a64f-c492c0fad8a7-groupManagement] INFO  server.RaftServerConfigKeys (ConfUtils.java:logGet(46)) - raft.server.log.use.memory = false (default)
2024-01-14 08:11:37,465 [5f8e001a-8213-4762-a64f-c492c0fad8a7-groupManagement] INFO  server.RaftServerConfigKeys (ConfUtils.java:logGet(46)) - raft.server.log.purge.gap = 1000000 (custom)
2024-01-14 08:11:37,465 [5f8e001a-8213-4762-a64f-c492c0fad8a7-groupManagement] INFO  server.RaftServerConfigKeys (ConfUtils.java:logGet(46)) - raft.server.log.appender.buffer.byte-limit = 8388608 (custom)
2024-01-14 08:11:37,465 [5f8e001a-8213-4762-a64f-c492c0fad8a7-groupManagement] INFO  server.RaftServerConfigKeys (ConfUtils.java:logGet(46)) - raft.server.log.statemachine.data.read.timeout = 1000ms (default)
2024-01-14 08:11:37,465 [5f8e001a-8213-4762-a64f-c492c0fad8a7-groupManagement] INFO  server.RaftServerConfigKeys (ConfUtils.java:logGet(46)) - raft.server.log.purge.preservation.log.num = 0 (default)
2024-01-14 08:11:37,466 [5f8e001a-8213-4762-a64f-c492c0fad8a7-groupManagement] INFO  server.RaftServerConfigKeys (ConfUtils.java:logGet(46)) - raft.server.log.segment.size.max = 67108864 (custom)
2024-01-14 08:11:37,467 [5f8e001a-8213-4762-a64f-c492c0fad8a7-groupManagement] INFO  server.RaftServerConfigKeys (ConfUtils.java:logGet(46)) - raft.server.log.segment.cache.num.max = 2 (custom)
2024-01-14 08:11:37,467 [5f8e001a-8213-4762-a64f-c492c0fad8a7-groupManagement] INFO  server.RaftServerConfigKeys (ConfUtils.java:logGet(46)) - raft.server.log.segment.cache.size.max = 200MB (=209715200) (default)
2024-01-14 08:11:37,467 [5f8e001a-8213-4762-a64f-c492c0fad8a7-groupManagement] INFO  server.RaftServerConfigKeys (ConfUtils.java:logGet(46)) - raft.server.log.appender.buffer.byte-limit = 8388608 (custom)
2024-01-14 08:11:37,468 [EventQueue-PipelineReportForPipelineReportHandler] INFO  pipeline.PipelineReportHandler (PipelineReportHandler.java:processPipelineReport(136)) - Opened pipeline PipelineID=bb42472c-5522-4c56-8a65-f1a88316a3ce
2024-01-14 08:11:37,468 [EventQueue-OpenPipelineForHealthyPipelineSafeModeRule] INFO  safemode.SCMSafeModeManager (HealthyPipelineSafeModeRule.java:process(140)) - SCM in safe mode. Healthy pipelines reported count is 0, required healthy pipeline reported count is 1
2024-01-14 08:11:37,470 [5f8e001a-8213-4762-a64f-c492c0fad8a7-groupManagement] INFO  util.AwaitToRun (AwaitToRun.java:start(81)) - Thread[5f8e001a-8213-4762-a64f-c492c0fad8a7@group-EAD6276AADB2-cacheEviction-AwaitToRun,5,main] started
2024-01-14 08:11:37,470 [023fb60a-00b7-42be-9ceb-f38531668441-groupManagement] INFO  server.RaftServer$Division (RaftServerImpl.java:start(396)) - 023fb60a-00b7-42be-9ceb-f38531668441@group-EA54333CD795: start as a follower, conf=-1: peers:[59ce54d6-04b6-4e86-8314-d8540ae27b4b|10.1.0.100:15067, 023fb60a-00b7-42be-9ceb-f38531668441|10.1.0.100:15076, 5f8e001a-8213-4762-a64f-c492c0fad8a7|10.1.0.100:15085]|listeners:[], old=null
2024-01-14 08:11:37,470 [5f8e001a-8213-4762-a64f-c492c0fad8a7-groupManagement] INFO  segmented.SegmentedRaftLogWorker (SegmentedRaftLogWorker.java:<init>(182)) - new 5f8e001a-8213-4762-a64f-c492c0fad8a7@group-EAD6276AADB2-SegmentedRaftLogWorker for RaftStorageImpl:Storage Directory /home/runner/work/ozone/ozone/hadoop-ozone/integration-test/target/test-dir/MiniOzoneClusterImpl-cd00605b-e4dc-4ea1-ab7e-d8be28c4d560/datanode-2/data/ratis/a9d1e480-37a4-42af-9d39-ead6276aadb2
2024-01-14 08:11:37,470 [023fb60a-00b7-42be-9ceb-f38531668441-groupManagement] INFO  server.RaftServer$Division (RaftServerImpl.java:setRole(383)) - 023fb60a-00b7-42be-9ceb-f38531668441@group-EA54333CD795: changes role from      null to FOLLOWER at term 0 for startAsFollower
2024-01-14 08:11:37,470 [5f8e001a-8213-4762-a64f-c492c0fad8a7-groupManagement] INFO  server.RaftServerConfigKeys (ConfUtils.java:logGet(46)) - raft.server.log.queue.byte-limit = 4294967296 (custom)
2024-01-14 08:11:37,470 [023fb60a-00b7-42be-9ceb-f38531668441-groupManagement] INFO  impl.RoleInfo (RoleInfo.java:updateAndGet(139)) - 023fb60a-00b7-42be-9ceb-f38531668441: start 023fb60a-00b7-42be-9ceb-f38531668441@group-EA54333CD795-FollowerState
2024-01-14 08:11:37,471 [5f8e001a-8213-4762-a64f-c492c0fad8a7-groupManagement] INFO  server.RaftServerConfigKeys (ConfUtils.java:logGet(46)) - raft.server.log.queue.element-limit = 1024 (custom)
2024-01-14 08:11:37,471 [5f8e001a-8213-4762-a64f-c492c0fad8a7-groupManagement] INFO  server.RaftServerConfigKeys (ConfUtils.java:logGet(46)) - raft.server.log.segment.size.max = 67108864 (custom)
2024-01-14 08:11:37,471 [023fb60a-00b7-42be-9ceb-f38531668441-groupManagement] INFO  util.JmxRegister (JmxRegister.java:tryRegister(44)) - Successfully registered JMX Bean with object name Ratis:service=RaftServer,group=group-EA54333CD795,id=023fb60a-00b7-42be-9ceb-f38531668441
2024-01-14 08:11:37,471 [5f8e001a-8213-4762-a64f-c492c0fad8a7-groupManagement] INFO  server.RaftServerConfigKeys (ConfUtils.java:logGet(46)) - raft.server.log.preallocated.size = 4194304 (custom)
2024-01-14 08:11:37,471 [023fb60a-00b7-42be-9ceb-f38531668441-groupManagement] INFO  server.RaftServerConfigKeys (ConfUtils.java:logGet(46)) - raft.server.snapshot.trigger-when-stop.enabled = true (default)
2024-01-14 08:11:37,471 [023fb60a-00b7-42be-9ceb-f38531668441-groupManagement] INFO  server.RaftServerConfigKeys (ConfUtils.java:logGet(46)) - raft.server.snapshot.auto.trigger.enabled = true (custom)
2024-01-14 08:11:37,471 [023fb60a-00b7-42be-9ceb-f38531668441-groupManagement] INFO  server.RaftServerConfigKeys (ConfUtils.java:logGet(46)) - raft.server.snapshot.auto.trigger.threshold = 10000 (custom)
2024-01-14 08:11:37,471 [5f8e001a-8213-4762-a64f-c492c0fad8a7-groupManagement] INFO  server.RaftServerConfigKeys (ConfUtils.java:logGet(46)) - raft.server.log.force.sync.num = 128 (default)
2024-01-14 08:11:37,471 [023fb60a-00b7-42be-9ceb-f38531668441-groupManagement] INFO  server.RaftServerConfigKeys (ConfUtils.java:logGet(46)) - raft.server.snapshot.retention.file.num = 5 (custom)
2024-01-14 08:11:37,471 [023fb60a-00b7-42be-9ceb-f38531668441@group-EA54333CD795-FollowerState] INFO  server.RaftServerConfigKeys (ConfUtils.java:logFallback(53)) - raft.server.rpc.first-election.timeout.min = 5s (fallback to raft.server.rpc.timeout.min)
2024-01-14 08:11:37,471 [023fb60a-00b7-42be-9ceb-f38531668441-groupManagement] INFO  server.RaftServerConfigKeys (ConfUtils.java:logGet(46)) - raft.server.log.purge.upto.snapshot.index = false (default)
2024-01-14 08:11:37,471 [5f8e001a-8213-4762-a64f-c492c0fad8a7-groupManagement] INFO  server.RaftServerConfigKeys (ConfUtils.java:logGet(46)) - raft.server.log.statemachine.data.sync = true (default)
2024-01-14 08:11:37,472 [5f8e001a-8213-4762-a64f-c492c0fad8a7-groupManagement] INFO  server.RaftServerConfigKeys (ConfUtils.java:logGet(46)) - raft.server.log.statemachine.data.sync.timeout = 10s (default)
2024-01-14 08:11:37,472 [5f8e001a-8213-4762-a64f-c492c0fad8a7-groupManagement] INFO  server.RaftServerConfigKeys (ConfUtils.java:logGet(46)) - raft.server.log.statemachine.data.sync.timeout.retry = 0 (custom)
2024-01-14 08:11:37,472 [5f8e001a-8213-4762-a64f-c492c0fad8a7-groupManagement] INFO  server.RaftServerConfigKeys (ConfUtils.java:logGet(46)) - raft.server.log.write.buffer.size = 8388616 (custom)
2024-01-14 08:11:37,474 [5f8e001a-8213-4762-a64f-c492c0fad8a7-groupManagement] INFO  server.RaftServerConfigKeys (ConfUtils.java:logGet(46)) - raft.server.log.appender.buffer.byte-limit = 8388608 (custom)
2024-01-14 08:11:37,474 [5f8e001a-8213-4762-a64f-c492c0fad8a7-groupManagement] INFO  server.RaftServerConfigKeys (ConfUtils.java:logGet(46)) - raft.server.log.unsafe-flush.enabled = false (default)
2024-01-14 08:11:37,474 [5f8e001a-8213-4762-a64f-c492c0fad8a7-groupManagement] INFO  server.RaftServerConfigKeys (ConfUtils.java:logGet(46)) - raft.server.log.async-flush.enabled = false (default)
2024-01-14 08:11:37,474 [5f8e001a-8213-4762-a64f-c492c0fad8a7-groupManagement] INFO  server.RaftServerConfigKeys (ConfUtils.java:logGet(46)) - raft.server.log.statemachine.data.caching.enabled = true (custom)
2024-01-14 08:11:37,474 [023fb60a-00b7-42be-9ceb-f38531668441-PipelineCommandHandlerThread-0] INFO  ratis.XceiverServerRatis (XceiverServerRatis.java:addGroup(842)) - Created group PipelineID=7558fe87-f470-4d77-8c96-ea54333cd795
2024-01-14 08:11:37,475 [5f8e001a-8213-4762-a64f-c492c0fad8a7-groupManagement] INFO  segmented.SegmentedRaftLogWorker (SegmentedRaftLogWorker.java:lambda$new$0(134)) - 5f8e001a-8213-4762-a64f-c492c0fad8a7@group-EAD6276AADB2-SegmentedRaftLogWorker: flushIndex: setUnconditionally 0 -> -1
2024-01-14 08:11:37,475 [5f8e001a-8213-4762-a64f-c492c0fad8a7-groupManagement] INFO  segmented.SegmentedRaftLogWorker (SegmentedRaftLogWorker.java:lambda$new$0(134)) - 5f8e001a-8213-4762-a64f-c492c0fad8a7@group-EAD6276AADB2-SegmentedRaftLogWorker: safeCacheEvictIndex: setUnconditionally 0 -> -1
2024-01-14 08:11:37,474 [023fb60a-00b7-42be-9ceb-f38531668441@group-EA54333CD795-FollowerState] INFO  server.RaftServerConfigKeys (ConfUtils.java:logFallback(53)) - raft.server.rpc.first-election.timeout.max = 5200ms (fallback to raft.server.rpc.timeout.max)
2024-01-14 08:11:37,475 [5f8e001a-8213-4762-a64f-c492c0fad8a7-groupManagement] INFO  server.RaftServer$Division (RaftServerImpl.java:start(396)) - 5f8e001a-8213-4762-a64f-c492c0fad8a7@group-EAD6276AADB2: start as a follower, conf=-1: peers:[59ce54d6-04b6-4e86-8314-d8540ae27b4b|10.1.0.100:15067, 023fb60a-00b7-42be-9ceb-f38531668441|10.1.0.100:15076, 5f8e001a-8213-4762-a64f-c492c0fad8a7|10.1.0.100:15085]|listeners:[], old=null
2024-01-14 08:11:37,475 [5f8e001a-8213-4762-a64f-c492c0fad8a7-groupManagement] INFO  server.RaftServer$Division (RaftServerImpl.java:setRole(383)) - 5f8e001a-8213-4762-a64f-c492c0fad8a7@group-EAD6276AADB2: changes role from      null to FOLLOWER at term 0 for startAsFollower
2024-01-14 08:11:37,475 [5f8e001a-8213-4762-a64f-c492c0fad8a7-groupManagement] INFO  impl.RoleInfo (RoleInfo.java:updateAndGet(139)) - 5f8e001a-8213-4762-a64f-c492c0fad8a7: start 5f8e001a-8213-4762-a64f-c492c0fad8a7@group-EAD6276AADB2-FollowerState
2024-01-14 08:11:37,476 [5f8e001a-8213-4762-a64f-c492c0fad8a7@group-EAD6276AADB2-FollowerState] INFO  server.RaftServerConfigKeys (ConfUtils.java:logFallback(53)) - raft.server.rpc.first-election.timeout.min = 5s (fallback to raft.server.rpc.timeout.min)
2024-01-14 08:11:37,476 [5f8e001a-8213-4762-a64f-c492c0fad8a7-groupManagement] INFO  util.JmxRegister (JmxRegister.java:tryRegister(44)) - Successfully registered JMX Bean with object name Ratis:service=RaftServer,group=group-EAD6276AADB2,id=5f8e001a-8213-4762-a64f-c492c0fad8a7
2024-01-14 08:11:37,477 [5f8e001a-8213-4762-a64f-c492c0fad8a7-groupManagement] INFO  server.RaftServerConfigKeys (ConfUtils.java:logGet(46)) - raft.server.snapshot.trigger-when-stop.enabled = true (default)
2024-01-14 08:11:37,477 [5f8e001a-8213-4762-a64f-c492c0fad8a7-groupManagement] INFO  server.RaftServerConfigKeys (ConfUtils.java:logGet(46)) - raft.server.snapshot.auto.trigger.enabled = true (custom)
2024-01-14 08:11:37,477 [5f8e001a-8213-4762-a64f-c492c0fad8a7-groupManagement] INFO  server.RaftServerConfigKeys (ConfUtils.java:logGet(46)) - raft.server.snapshot.auto.trigger.threshold = 10000 (custom)
2024-01-14 08:11:37,477 [5f8e001a-8213-4762-a64f-c492c0fad8a7-groupManagement] INFO  server.RaftServerConfigKeys (ConfUtils.java:logGet(46)) - raft.server.snapshot.retention.file.num = 5 (custom)
2024-01-14 08:11:37,477 [5f8e001a-8213-4762-a64f-c492c0fad8a7-groupManagement] INFO  server.RaftServerConfigKeys (ConfUtils.java:logGet(46)) - raft.server.log.purge.upto.snapshot.index = false (default)
2024-01-14 08:11:37,478 [5f8e001a-8213-4762-a64f-c492c0fad8a7-groupManagement] INFO  server.RaftServerConfigKeys (ConfUtils.java:logGet(46)) - raft.server.storage.free-space.min = 0MB (=0) (default)
2024-01-14 08:11:37,478 [5f8e001a-8213-4762-a64f-c492c0fad8a7-groupManagement] INFO  server.RaftServerConfigKeys (ConfUtils.java:logGet(46)) - raft.server.log.corruption.policy = EXCEPTION (default)
2024-01-14 08:11:37,478 [5f8e001a-8213-4762-a64f-c492c0fad8a7-groupManagement] INFO  server.RaftServerConfigKeys (ConfUtils.java:logGet(46)) - raft.server.storage.dir = [/home/runner/work/ozone/ozone/hadoop-ozone/integration-test/target/test-dir/MiniOzoneClusterImpl-cd00605b-e4dc-4ea1-ab7e-d8be28c4d560/datanode-2/data/ratis] (custom)
2024-01-14 08:11:37,478 [5f8e001a-8213-4762-a64f-c492c0fad8a7-groupManagement] INFO  storage.RaftStorageDirectory (RaftStorageDirectoryImpl.java:analyzeStorage(138)) - The storage directory /home/runner/work/ozone/ozone/hadoop-ozone/integration-test/target/test-dir/MiniOzoneClusterImpl-cd00605b-e4dc-4ea1-ab7e-d8be28c4d560/datanode-2/data/ratis/bb42472c-5522-4c56-8a65-f1a88316a3ce does not exist. Creating ...
2024-01-14 08:11:37,477 [5f8e001a-8213-4762-a64f-c492c0fad8a7@group-EAD6276AADB2-FollowerState] INFO  server.RaftServerConfigKeys (ConfUtils.java:logFallback(53)) - raft.server.rpc.first-election.timeout.max = 5200ms (fallback to raft.server.rpc.timeout.max)
2024-01-14 08:11:37,484 [5f8e001a-8213-4762-a64f-c492c0fad8a7-groupManagement] INFO  storage.RaftStorageDirectory (RaftStorageDirectoryImpl.java:tryLock(228)) - Lock on /home/runner/work/ozone/ozone/hadoop-ozone/integration-test/target/test-dir/MiniOzoneClusterImpl-cd00605b-e4dc-4ea1-ab7e-d8be28c4d560/datanode-2/data/ratis/bb42472c-5522-4c56-8a65-f1a88316a3ce/in_use.lock acquired by nodename 49070@fv-az737-837
2024-01-14 08:11:37,485 [5f8e001a-8213-4762-a64f-c492c0fad8a7-groupManagement] INFO  storage.RaftStorage (RaftStorageImpl.java:format(99)) - Storage directory /home/runner/work/ozone/ozone/hadoop-ozone/integration-test/target/test-dir/MiniOzoneClusterImpl-cd00605b-e4dc-4ea1-ab7e-d8be28c4d560/datanode-2/data/ratis/bb42472c-5522-4c56-8a65-f1a88316a3ce has been successfully formatted.
2024-01-14 08:11:37,486 [5f8e001a-8213-4762-a64f-c492c0fad8a7-groupManagement] WARN  util.FileUtils (LogUtils.java:supplyAndLog(63)) - Failed to Files.newInputStream /home/runner/work/ozone/ozone/hadoop-ozone/integration-test/target/test-dir/MiniOzoneClusterImpl-cd00605b-e4dc-4ea1-ab7e-d8be28c4d560/datanode-2/data/ratis/bb42472c-5522-4c56-8a65-f1a88316a3ce/current/raft-meta.conf with options []: java.nio.file.NoSuchFileException: /home/runner/work/ozone/ozone/hadoop-ozone/integration-test/target/test-dir/MiniOzoneClusterImpl-cd00605b-e4dc-4ea1-ab7e-d8be28c4d560/datanode-2/data/ratis/bb42472c-5522-4c56-8a65-f1a88316a3ce/current/raft-meta.conf
2024-01-14 08:11:37,486 [5f8e001a-8213-4762-a64f-c492c0fad8a7-groupManagement] INFO  ratis.ContainerStateMachine (ContainerStateMachine.java:loadSnapshot(287)) - group-F1A88316A3CE: The snapshot info is null. Setting the last applied index to:(t:0, i:~)
2024-01-14 08:11:37,486 [5f8e001a-8213-4762-a64f-c492c0fad8a7-groupManagement] INFO  server.RaftServerConfigKeys (ConfUtils.java:logGet(46)) - raft.server.log.use.memory = false (default)
2024-01-14 08:11:37,486 [5f8e001a-8213-4762-a64f-c492c0fad8a7-groupManagement] INFO  server.RaftServerConfigKeys (ConfUtils.java:logGet(46)) - raft.server.log.purge.gap = 1000000 (custom)
2024-01-14 08:11:37,486 [5f8e001a-8213-4762-a64f-c492c0fad8a7-groupManagement] INFO  server.RaftServerConfigKeys (ConfUtils.java:logGet(46)) - raft.server.log.appender.buffer.byte-limit = 8388608 (custom)
2024-01-14 08:11:37,486 [5f8e001a-8213-4762-a64f-c492c0fad8a7-groupManagement] INFO  server.RaftServerConfigKeys (ConfUtils.java:logGet(46)) - raft.server.log.statemachine.data.read.timeout = 1000ms (default)
2024-01-14 08:11:37,486 [5f8e001a-8213-4762-a64f-c492c0fad8a7-groupManagement] INFO  server.RaftServerConfigKeys (ConfUtils.java:logGet(46)) - raft.server.log.purge.preservation.log.num = 0 (default)
2024-01-14 08:11:37,487 [5f8e001a-8213-4762-a64f-c492c0fad8a7-groupManagement] INFO  server.RaftServerConfigKeys (ConfUtils.java:logGet(46)) - raft.server.log.segment.size.max = 67108864 (custom)
2024-01-14 08:11:37,488 [5f8e001a-8213-4762-a64f-c492c0fad8a7-groupManagement] INFO  server.RaftServerConfigKeys (ConfUtils.java:logGet(46)) - raft.server.log.segment.cache.num.max = 2 (custom)
2024-01-14 08:11:37,488 [5f8e001a-8213-4762-a64f-c492c0fad8a7-groupManagement] INFO  server.RaftServerConfigKeys (ConfUtils.java:logGet(46)) - raft.server.log.segment.cache.size.max = 200MB (=209715200) (default)
2024-01-14 08:11:37,488 [5f8e001a-8213-4762-a64f-c492c0fad8a7-groupManagement] INFO  server.RaftServerConfigKeys (ConfUtils.java:logGet(46)) - raft.server.log.appender.buffer.byte-limit = 8388608 (custom)
2024-01-14 08:11:37,492 [5f8e001a-8213-4762-a64f-c492c0fad8a7-groupManagement] INFO  util.AwaitToRun (AwaitToRun.java:start(81)) - Thread[5f8e001a-8213-4762-a64f-c492c0fad8a7@group-F1A88316A3CE-cacheEviction-AwaitToRun,5,main] started
2024-01-14 08:11:37,492 [5f8e001a-8213-4762-a64f-c492c0fad8a7-groupManagement] INFO  segmented.SegmentedRaftLogWorker (SegmentedRaftLogWorker.java:<init>(182)) - new 5f8e001a-8213-4762-a64f-c492c0fad8a7@group-F1A88316A3CE-SegmentedRaftLogWorker for RaftStorageImpl:Storage Directory /home/runner/work/ozone/ozone/hadoop-ozone/integration-test/target/test-dir/MiniOzoneClusterImpl-cd00605b-e4dc-4ea1-ab7e-d8be28c4d560/datanode-2/data/ratis/bb42472c-5522-4c56-8a65-f1a88316a3ce
2024-01-14 08:11:37,492 [5f8e001a-8213-4762-a64f-c492c0fad8a7-groupManagement] INFO  server.RaftServerConfigKeys (ConfUtils.java:logGet(46)) - raft.server.log.queue.byte-limit = 4294967296 (custom)
2024-01-14 08:11:37,492 [5f8e001a-8213-4762-a64f-c492c0fad8a7-groupManagement] INFO  server.RaftServerConfigKeys (ConfUtils.java:logGet(46)) - raft.server.log.queue.element-limit = 1024 (custom)
2024-01-14 08:11:37,492 [5f8e001a-8213-4762-a64f-c492c0fad8a7-groupManagement] INFO  server.RaftServerConfigKeys (ConfUtils.java:logGet(46)) - raft.server.log.segment.size.max = 67108864 (custom)
2024-01-14 08:11:37,492 [5f8e001a-8213-4762-a64f-c492c0fad8a7-groupManagement] INFO  server.RaftServerConfigKeys (ConfUtils.java:logGet(46)) - raft.server.log.preallocated.size = 4194304 (custom)
2024-01-14 08:11:37,492 [5f8e001a-8213-4762-a64f-c492c0fad8a7-groupManagement] INFO  server.RaftServerConfigKeys (ConfUtils.java:logGet(46)) - raft.server.log.force.sync.num = 128 (default)
2024-01-14 08:11:37,492 [5f8e001a-8213-4762-a64f-c492c0fad8a7-groupManagement] INFO  server.RaftServerConfigKeys (ConfUtils.java:logGet(46)) - raft.server.log.statemachine.data.sync = true (default)
2024-01-14 08:11:37,493 [5f8e001a-8213-4762-a64f-c492c0fad8a7-groupManagement] INFO  server.RaftServerConfigKeys (ConfUtils.java:logGet(46)) - raft.server.log.statemachine.data.sync.timeout = 10s (default)
2024-01-14 08:11:37,493 [5f8e001a-8213-4762-a64f-c492c0fad8a7-groupManagement] INFO  server.RaftServerConfigKeys (ConfUtils.java:logGet(46)) - raft.server.log.statemachine.data.sync.timeout.retry = 0 (custom)
2024-01-14 08:11:37,493 [5f8e001a-8213-4762-a64f-c492c0fad8a7-groupManagement] INFO  server.RaftServerConfigKeys (ConfUtils.java:logGet(46)) - raft.server.log.write.buffer.size = 8388616 (custom)
2024-01-14 08:11:37,494 [5f8e001a-8213-4762-a64f-c492c0fad8a7-groupManagement] INFO  server.RaftServerConfigKeys (ConfUtils.java:logGet(46)) - raft.server.log.appender.buffer.byte-limit = 8388608 (custom)
2024-01-14 08:11:37,494 [5f8e001a-8213-4762-a64f-c492c0fad8a7-groupManagement] INFO  server.RaftServerConfigKeys (ConfUtils.java:logGet(46)) - raft.server.log.unsafe-flush.enabled = false (default)
2024-01-14 08:11:37,495 [5f8e001a-8213-4762-a64f-c492c0fad8a7-groupManagement] INFO  server.RaftServerConfigKeys (ConfUtils.java:logGet(46)) - raft.server.log.async-flush.enabled = false (default)
2024-01-14 08:11:37,495 [5f8e001a-8213-4762-a64f-c492c0fad8a7-groupManagement] INFO  server.RaftServerConfigKeys (ConfUtils.java:logGet(46)) - raft.server.log.statemachine.data.caching.enabled = true (custom)
2024-01-14 08:11:37,495 [5f8e001a-8213-4762-a64f-c492c0fad8a7-groupManagement] INFO  segmented.SegmentedRaftLogWorker (SegmentedRaftLogWorker.java:lambda$new$0(134)) - 5f8e001a-8213-4762-a64f-c492c0fad8a7@group-F1A88316A3CE-SegmentedRaftLogWorker: flushIndex: setUnconditionally 0 -> -1
2024-01-14 08:11:37,495 [5f8e001a-8213-4762-a64f-c492c0fad8a7-groupManagement] INFO  segmented.SegmentedRaftLogWorker (SegmentedRaftLogWorker.java:lambda$new$0(134)) - 5f8e001a-8213-4762-a64f-c492c0fad8a7@group-F1A88316A3CE-SegmentedRaftLogWorker: safeCacheEvictIndex: setUnconditionally 0 -> -1
2024-01-14 08:11:37,495 [5f8e001a-8213-4762-a64f-c492c0fad8a7-groupManagement] INFO  server.RaftServer$Division (RaftServerImpl.java:start(396)) - 5f8e001a-8213-4762-a64f-c492c0fad8a7@group-F1A88316A3CE: start as a follower, conf=-1: peers:[5f8e001a-8213-4762-a64f-c492c0fad8a7|10.1.0.100:15085]|listeners:[], old=null
2024-01-14 08:11:37,495 [5f8e001a-8213-4762-a64f-c492c0fad8a7-groupManagement] INFO  server.RaftServer$Division (RaftServerImpl.java:setRole(383)) - 5f8e001a-8213-4762-a64f-c492c0fad8a7@group-F1A88316A3CE: changes role from      null to FOLLOWER at term 0 for startAsFollower
2024-01-14 08:11:37,495 [5f8e001a-8213-4762-a64f-c492c0fad8a7-groupManagement] INFO  impl.RoleInfo (RoleInfo.java:updateAndGet(139)) - 5f8e001a-8213-4762-a64f-c492c0fad8a7: start 5f8e001a-8213-4762-a64f-c492c0fad8a7@group-F1A88316A3CE-FollowerState
2024-01-14 08:11:37,495 [5f8e001a-8213-4762-a64f-c492c0fad8a7@group-F1A88316A3CE-FollowerState] INFO  server.RaftServerConfigKeys (ConfUtils.java:logFallback(53)) - raft.server.rpc.first-election.timeout.min = 5s (fallback to raft.server.rpc.timeout.min)
2024-01-14 08:11:37,496 [59ce54d6-04b6-4e86-8314-d8540ae27b4b-PipelineCommandHandlerThread-0] INFO  commandhandler.CreatePipelineCommandHandler (CreatePipelineCommandHandler.java:lambda$handle$2(124)) - Created Pipeline RATIS THREE PipelineID=a9d1e480-37a4-42af-9d39-ead6276aadb2.
2024-01-14 08:11:37,496 [5f8e001a-8213-4762-a64f-c492c0fad8a7@group-F1A88316A3CE-FollowerState] INFO  server.RaftServerConfigKeys (ConfUtils.java:logFallback(53)) - raft.server.rpc.first-election.timeout.max = 5200ms (fallback to raft.server.rpc.timeout.max)
2024-01-14 08:11:37,498 [5f8e001a-8213-4762-a64f-c492c0fad8a7-groupManagement] INFO  util.JmxRegister (JmxRegister.java:tryRegister(44)) - Successfully registered JMX Bean with object name Ratis:service=RaftServer,group=group-F1A88316A3CE,id=5f8e001a-8213-4762-a64f-c492c0fad8a7
2024-01-14 08:11:37,498 [5f8e001a-8213-4762-a64f-c492c0fad8a7-groupManagement] INFO  server.RaftServerConfigKeys (ConfUtils.java:logGet(46)) - raft.server.snapshot.trigger-when-stop.enabled = true (default)
2024-01-14 08:11:37,498 [5f8e001a-8213-4762-a64f-c492c0fad8a7-groupManagement] INFO  server.RaftServerConfigKeys (ConfUtils.java:logGet(46)) - raft.server.snapshot.auto.trigger.enabled = true (custom)
2024-01-14 08:11:37,498 [5f8e001a-8213-4762-a64f-c492c0fad8a7-groupManagement] INFO  server.RaftServerConfigKeys (ConfUtils.java:logGet(46)) - raft.server.snapshot.auto.trigger.threshold = 10000 (custom)
2024-01-14 08:11:37,498 [5f8e001a-8213-4762-a64f-c492c0fad8a7-groupManagement] INFO  server.RaftServerConfigKeys (ConfUtils.java:logGet(46)) - raft.server.snapshot.retention.file.num = 5 (custom)
2024-01-14 08:11:37,498 [5f8e001a-8213-4762-a64f-c492c0fad8a7-groupManagement] INFO  server.RaftServerConfigKeys (ConfUtils.java:logGet(46)) - raft.server.log.purge.upto.snapshot.index = false (default)
2024-01-14 08:11:37,499 [5f8e001a-8213-4762-a64f-c492c0fad8a7-PipelineCommandHandlerThread-0] INFO  ratis.XceiverServerRatis (XceiverServerRatis.java:addGroup(842)) - Created group PipelineID=bb42472c-5522-4c56-8a65-f1a88316a3ce
2024-01-14 08:11:37,499 [5f8e001a-8213-4762-a64f-c492c0fad8a7-PipelineCommandHandlerThread-0] INFO  commandhandler.CreatePipelineCommandHandler (CreatePipelineCommandHandler.java:lambda$handle$2(124)) - Created Pipeline RATIS ONE PipelineID=bb42472c-5522-4c56-8a65-f1a88316a3ce.
2024-01-14 08:11:37,499 [5f8e001a-8213-4762-a64f-c492c0fad8a7-PipelineCommandHandlerThread-0] INFO  server.RaftServer (RaftServerProxy.java:addNew(100)) - 5f8e001a-8213-4762-a64f-c492c0fad8a7: addNew group-EA54333CD795:[59ce54d6-04b6-4e86-8314-d8540ae27b4b|10.1.0.100:15067, 023fb60a-00b7-42be-9ceb-f38531668441|10.1.0.100:15076, 5f8e001a-8213-4762-a64f-c492c0fad8a7|10.1.0.100:15085] returns group-EA54333CD795:java.util.concurrent.CompletableFuture@1a543e10[Not completed]
2024-01-14 08:11:37,500 [5f8e001a-8213-4762-a64f-c492c0fad8a7-groupManagement] INFO  server.RaftServer$Division (RaftServerImpl.java:<init>(256)) - 5f8e001a-8213-4762-a64f-c492c0fad8a7: new RaftServerImpl for group-EA54333CD795:[59ce54d6-04b6-4e86-8314-d8540ae27b4b|10.1.0.100:15067, 023fb60a-00b7-42be-9ceb-f38531668441|10.1.0.100:15076, 5f8e001a-8213-4762-a64f-c492c0fad8a7|10.1.0.100:15085] with ContainerStateMachine:uninitialized
2024-01-14 08:11:37,500 [5f8e001a-8213-4762-a64f-c492c0fad8a7-groupManagement] INFO  server.RaftServerConfigKeys (ConfUtils.java:logGet(46)) - raft.server.rpc.timeout.min = 5s (custom)
2024-01-14 08:11:37,500 [5f8e001a-8213-4762-a64f-c492c0fad8a7-groupManagement] INFO  server.RaftServerConfigKeys (ConfUtils.java:logGet(46)) - raft.server.rpc.timeout.max = 5200ms (custom)
2024-01-14 08:11:37,500 [5f8e001a-8213-4762-a64f-c492c0fad8a7-groupManagement] INFO  server.RaftServerConfigKeys (ConfUtils.java:logGet(46)) - raft.server.rpc.sleep.time = 25ms (default)
2024-01-14 08:11:37,500 [5f8e001a-8213-4762-a64f-c492c0fad8a7-groupManagement] INFO  server.RaftServerConfigKeys (ConfUtils.java:logGet(46)) - raft.server.rpc.slowness.timeout = 300000ms (custom)
2024-01-14 08:11:37,500 [5f8e001a-8213-4762-a64f-c492c0fad8a7-groupManagement] INFO  server.RaftServerConfigKeys (ConfUtils.java:logGet(46)) - raft.server.leaderelection.leader.step-down.wait-time = 10s (default)
2024-01-14 08:11:37,500 [5f8e001a-8213-4762-a64f-c492c0fad8a7-groupManagement] INFO  server.RaftServerConfigKeys (ConfUtils.java:logGet(46)) - raft.server.leaderelection.member.majority-add = false (default)
2024-01-14 08:11:37,500 [5f8e001a-8213-4762-a64f-c492c0fad8a7-groupManagement] INFO  server.RaftServerConfigKeys (ConfUtils.java:logGet(46)) - raft.server.sleep.deviation.threshold = 300ms (default)
2024-01-14 08:11:37,500 [5f8e001a-8213-4762-a64f-c492c0fad8a7-groupManagement] INFO  server.RaftServer$Division (ServerState.java:<init>(113)) - 5f8e001a-8213-4762-a64f-c492c0fad8a7@group-EA54333CD795: ConfigurationManager, init=-1: peers:[59ce54d6-04b6-4e86-8314-d8540ae27b4b|10.1.0.100:15067, 023fb60a-00b7-42be-9ceb-f38531668441|10.1.0.100:15076, 5f8e001a-8213-4762-a64f-c492c0fad8a7|10.1.0.100:15085]|listeners:[], old=null, confs=<EMPTY_MAP>
2024-01-14 08:11:37,500 [5f8e001a-8213-4762-a64f-c492c0fad8a7-groupManagement] INFO  server.RaftServerConfigKeys (ConfUtils.java:logGet(46)) - raft.server.notification.no-leader.timeout = 300000ms (custom)
2024-01-14 08:11:37,500 [5f8e001a-8213-4762-a64f-c492c0fad8a7-groupManagement] INFO  server.RaftServerConfigKeys (ConfUtils.java:logGet(46)) - raft.server.read.timeout = 10s (default)
2024-01-14 08:11:37,500 [5f8e001a-8213-4762-a64f-c492c0fad8a7-groupManagement] INFO  server.RaftServerConfigKeys (ConfUtils.java:logGet(46)) - raft.server.retrycache.expirytime = 600000ms (custom)
2024-01-14 08:11:37,500 [5f8e001a-8213-4762-a64f-c492c0fad8a7-groupManagement] INFO  server.RaftServerConfigKeys (ConfUtils.java:logGet(46)) - raft.server.retrycache.statistics.expirytime = 100ms (default)
2024-01-14 08:11:37,500 [5f8e001a-8213-4762-a64f-c492c0fad8a7-groupManagement] INFO  server.RaftServerConfigKeys (ConfUtils.java:logGet(46)) - raft.server.read.option = DEFAULT (default)
2024-01-14 08:11:37,500 [5f8e001a-8213-4762-a64f-c492c0fad8a7-groupManagement] INFO  server.RaftServerConfigKeys (ConfUtils.java:logGet(46)) - raft.server.read.read-after-write-consistent.write-index-cache.expiry-time = 60s (default)
2024-01-14 08:11:37,502 [5f8e001a-8213-4762-a64f-c492c0fad8a7-groupManagement] INFO  server.RaftServerConfigKeys (ConfUtils.java:logGet(46)) - raft.server.rpc.request.timeout = 3000ms (default)
2024-01-14 08:11:37,502 [5f8e001a-8213-4762-a64f-c492c0fad8a7-groupManagement] INFO  server.RaftServerConfigKeys (ConfUtils.java:logGet(46)) - raft.server.log.appender.install.snapshot.enabled = false (custom)
2024-01-14 08:11:37,502 [5f8e001a-8213-4762-a64f-c492c0fad8a7-groupManagement] INFO  server.RaftServerConfigKeys (ConfUtils.java:logGet(46)) - raft.server.threadpool.server.cached = true (default)
2024-01-14 08:11:37,502 [5f8e001a-8213-4762-a64f-c492c0fad8a7-groupManagement] INFO  server.RaftServerConfigKeys (ConfUtils.java:logGet(46)) - raft.server.threadpool.server.size = 0 (default)
2024-01-14 08:11:37,502 [5f8e001a-8213-4762-a64f-c492c0fad8a7-groupManagement] INFO  server.RaftServerConfigKeys (ConfUtils.java:logGet(46)) - raft.server.threadpool.client.cached = true (default)
2024-01-14 08:11:37,502 [5f8e001a-8213-4762-a64f-c492c0fad8a7-groupManagement] INFO  server.RaftServerConfigKeys (ConfUtils.java:logGet(46)) - raft.server.threadpool.client.size = 0 (default)
2024-01-14 08:11:37,502 [5f8e001a-8213-4762-a64f-c492c0fad8a7-groupManagement] INFO  server.RaftServerConfigKeys (ConfUtils.java:logGet(46)) - raft.server.storage.free-space.min = 0MB (=0) (default)
2024-01-14 08:11:37,502 [5f8e001a-8213-4762-a64f-c492c0fad8a7-groupManagement] INFO  server.RaftServerConfigKeys (ConfUtils.java:logGet(46)) - raft.server.log.corruption.policy = EXCEPTION (default)
2024-01-14 08:11:37,502 [5f8e001a-8213-4762-a64f-c492c0fad8a7-groupManagement] INFO  server.RaftServerConfigKeys (ConfUtils.java:logGet(46)) - raft.server.storage.dir = [/home/runner/work/ozone/ozone/hadoop-ozone/integration-test/target/test-dir/MiniOzoneClusterImpl-cd00605b-e4dc-4ea1-ab7e-d8be28c4d560/datanode-2/data/ratis] (custom)
2024-01-14 08:11:37,502 [5f8e001a-8213-4762-a64f-c492c0fad8a7-groupManagement] INFO  storage.RaftStorageDirectory (RaftStorageDirectoryImpl.java:analyzeStorage(138)) - The storage directory /home/runner/work/ozone/ozone/hadoop-ozone/integration-test/target/test-dir/MiniOzoneClusterImpl-cd00605b-e4dc-4ea1-ab7e-d8be28c4d560/datanode-2/data/ratis/7558fe87-f470-4d77-8c96-ea54333cd795 does not exist. Creating ...
2024-01-14 08:11:37,503 [5f8e001a-8213-4762-a64f-c492c0fad8a7-groupManagement] INFO  storage.RaftStorageDirectory (RaftStorageDirectoryImpl.java:tryLock(228)) - Lock on /home/runner/work/ozone/ozone/hadoop-ozone/integration-test/target/test-dir/MiniOzoneClusterImpl-cd00605b-e4dc-4ea1-ab7e-d8be28c4d560/datanode-2/data/ratis/7558fe87-f470-4d77-8c96-ea54333cd795/in_use.lock acquired by nodename 49070@fv-az737-837
2024-01-14 08:11:37,503 [59ce54d6-04b6-4e86-8314-d8540ae27b4b-PipelineCommandHandlerThread-0] INFO  server.RaftServer (RaftServerProxy.java:addNew(100)) - 59ce54d6-04b6-4e86-8314-d8540ae27b4b: addNew group-EA54333CD795:[59ce54d6-04b6-4e86-8314-d8540ae27b4b|10.1.0.100:15067, 023fb60a-00b7-42be-9ceb-f38531668441|10.1.0.100:15076, 5f8e001a-8213-4762-a64f-c492c0fad8a7|10.1.0.100:15085] returns group-EA54333CD795:java.util.concurrent.CompletableFuture@711fe2c9[Not completed]
2024-01-14 08:11:37,504 [59ce54d6-04b6-4e86-8314-d8540ae27b4b-groupManagement] INFO  server.RaftServer$Division (RaftServerImpl.java:<init>(256)) - 59ce54d6-04b6-4e86-8314-d8540ae27b4b: new RaftServerImpl for group-EA54333CD795:[59ce54d6-04b6-4e86-8314-d8540ae27b4b|10.1.0.100:15067, 023fb60a-00b7-42be-9ceb-f38531668441|10.1.0.100:15076, 5f8e001a-8213-4762-a64f-c492c0fad8a7|10.1.0.100:15085] with ContainerStateMachine:uninitialized
2024-01-14 08:11:37,504 [59ce54d6-04b6-4e86-8314-d8540ae27b4b-groupManagement] INFO  server.RaftServerConfigKeys (ConfUtils.java:logGet(46)) - raft.server.rpc.timeout.min = 5s (custom)
2024-01-14 08:11:37,504 [59ce54d6-04b6-4e86-8314-d8540ae27b4b-groupManagement] INFO  server.RaftServerConfigKeys (ConfUtils.java:logGet(46)) - raft.server.rpc.timeout.max = 5200ms (custom)
2024-01-14 08:11:37,504 [59ce54d6-04b6-4e86-8314-d8540ae27b4b-groupManagement] INFO  server.RaftServerConfigKeys (ConfUtils.java:logGet(46)) - raft.server.rpc.sleep.time = 25ms (default)
2024-01-14 08:11:37,504 [59ce54d6-04b6-4e86-8314-d8540ae27b4b-groupManagement] INFO  server.RaftServerConfigKeys (ConfUtils.java:logGet(46)) - raft.server.rpc.slowness.timeout = 300000ms (custom)
2024-01-14 08:11:37,504 [59ce54d6-04b6-4e86-8314-d8540ae27b4b-groupManagement] INFO  server.RaftServerConfigKeys (ConfUtils.java:logGet(46)) - raft.server.leaderelection.leader.step-down.wait-time = 10s (default)
2024-01-14 08:11:37,504 [59ce54d6-04b6-4e86-8314-d8540ae27b4b-groupManagement] INFO  server.RaftServerConfigKeys (ConfUtils.java:logGet(46)) - raft.server.leaderelection.member.majority-add = false (default)
2024-01-14 08:11:37,504 [59ce54d6-04b6-4e86-8314-d8540ae27b4b-groupManagement] INFO  server.RaftServerConfigKeys (ConfUtils.java:logGet(46)) - raft.server.sleep.deviation.threshold = 300ms (default)
2024-01-14 08:11:37,504 [59ce54d6-04b6-4e86-8314-d8540ae27b4b-groupManagement] INFO  server.RaftServer$Division (ServerState.java:<init>(113)) - 59ce54d6-04b6-4e86-8314-d8540ae27b4b@group-EA54333CD795: ConfigurationManager, init=-1: peers:[59ce54d6-04b6-4e86-8314-d8540ae27b4b|10.1.0.100:15067, 023fb60a-00b7-42be-9ceb-f38531668441|10.1.0.100:15076, 5f8e001a-8213-4762-a64f-c492c0fad8a7|10.1.0.100:15085]|listeners:[], old=null, confs=<EMPTY_MAP>
2024-01-14 08:11:37,504 [59ce54d6-04b6-4e86-8314-d8540ae27b4b-groupManagement] INFO  server.RaftServerConfigKeys (ConfUtils.java:logGet(46)) - raft.server.notification.no-leader.timeout = 300000ms (custom)
2024-01-14 08:11:37,504 [59ce54d6-04b6-4e86-8314-d8540ae27b4b-groupManagement] INFO  server.RaftServerConfigKeys (ConfUtils.java:logGet(46)) - raft.server.read.timeout = 10s (default)
2024-01-14 08:11:37,504 [59ce54d6-04b6-4e86-8314-d8540ae27b4b-groupManagement] INFO  server.RaftServerConfigKeys (ConfUtils.java:logGet(46)) - raft.server.retrycache.expirytime = 600000ms (custom)
2024-01-14 08:11:37,504 [59ce54d6-04b6-4e86-8314-d8540ae27b4b-groupManagement] INFO  server.RaftServerConfigKeys (ConfUtils.java:logGet(46)) - raft.server.retrycache.statistics.expirytime = 100ms (default)
2024-01-14 08:11:37,505 [59ce54d6-04b6-4e86-8314-d8540ae27b4b-groupManagement] INFO  server.RaftServerConfigKeys (ConfUtils.java:logGet(46)) - raft.server.read.option = DEFAULT (default)
2024-01-14 08:11:37,505 [59ce54d6-04b6-4e86-8314-d8540ae27b4b-groupManagement] INFO  server.RaftServerConfigKeys (ConfUtils.java:logGet(46)) - raft.server.read.read-after-write-consistent.write-index-cache.expiry-time = 60s (default)
2024-01-14 08:11:37,506 [EventQueue-OpenPipelineForHealthyPipelineSafeModeRule] INFO  safemode.SCMSafeModeManager (HealthyPipelineSafeModeRule.java:process(140)) - SCM in safe mode. Healthy pipelines reported count is 0, required healthy pipeline reported count is 1
2024-01-14 08:11:37,505 [5f8e001a-8213-4762-a64f-c492c0fad8a7-groupManagement] INFO  storage.RaftStorage (RaftStorageImpl.java:format(99)) - Storage directory /home/runner/work/ozone/ozone/hadoop-ozone/integration-test/target/test-dir/MiniOzoneClusterImpl-cd00605b-e4dc-4ea1-ab7e-d8be28c4d560/datanode-2/data/ratis/7558fe87-f470-4d77-8c96-ea54333cd795 has been successfully formatted.
2024-01-14 08:11:37,508 [59ce54d6-04b6-4e86-8314-d8540ae27b4b-groupManagement] INFO  server.RaftServerConfigKeys (ConfUtils.java:logGet(46)) - raft.server.rpc.request.timeout = 3000ms (default)
2024-01-14 08:11:37,508 [5f8e001a-8213-4762-a64f-c492c0fad8a7-groupManagement] WARN  util.FileUtils (LogUtils.java:supplyAndLog(63)) - Failed to Files.newInputStream /home/runner/work/ozone/ozone/hadoop-ozone/integration-test/target/test-dir/MiniOzoneClusterImpl-cd00605b-e4dc-4ea1-ab7e-d8be28c4d560/datanode-2/data/ratis/7558fe87-f470-4d77-8c96-ea54333cd795/current/raft-meta.conf with options []: java.nio.file.NoSuchFileException: /home/runner/work/ozone/ozone/hadoop-ozone/integration-test/target/test-dir/MiniOzoneClusterImpl-cd00605b-e4dc-4ea1-ab7e-d8be28c4d560/datanode-2/data/ratis/7558fe87-f470-4d77-8c96-ea54333cd795/current/raft-meta.conf
2024-01-14 08:11:37,508 [59ce54d6-04b6-4e86-8314-d8540ae27b4b-groupManagement] INFO  server.RaftServerConfigKeys (ConfUtils.java:logGet(46)) - raft.server.log.appender.install.snapshot.enabled = false (custom)
2024-01-14 08:11:37,508 [59ce54d6-04b6-4e86-8314-d8540ae27b4b-groupManagement] INFO  server.RaftServerConfigKeys (ConfUtils.java:logGet(46)) - raft.server.threadpool.server.cached = true (default)
2024-01-14 08:11:37,508 [59ce54d6-04b6-4e86-8314-d8540ae27b4b-groupManagement] INFO  server.RaftServerConfigKeys (ConfUtils.java:logGet(46)) - raft.server.threadpool.server.size = 0 (default)
2024-01-14 08:11:37,508 [59ce54d6-04b6-4e86-8314-d8540ae27b4b-groupManagement] INFO  server.RaftServerConfigKeys (ConfUtils.java:logGet(46)) - raft.server.threadpool.client.cached = true (default)
2024-01-14 08:11:37,508 [59ce54d6-04b6-4e86-8314-d8540ae27b4b-groupManagement] INFO  server.RaftServerConfigKeys (ConfUtils.java:logGet(46)) - raft.server.threadpool.client.size = 0 (default)
2024-01-14 08:11:37,508 [59ce54d6-04b6-4e86-8314-d8540ae27b4b-groupManagement] INFO  server.RaftServerConfigKeys (ConfUtils.java:logGet(46)) - raft.server.storage.free-space.min = 0MB (=0) (default)
2024-01-14 08:11:37,508 [59ce54d6-04b6-4e86-8314-d8540ae27b4b-groupManagement] INFO  server.RaftServerConfigKeys (ConfUtils.java:logGet(46)) - raft.server.log.corruption.policy = EXCEPTION (default)
2024-01-14 08:11:37,508 [59ce54d6-04b6-4e86-8314-d8540ae27b4b-groupManagement] INFO  server.RaftServerConfigKeys (ConfUtils.java:logGet(46)) - raft.server.storage.dir = [/home/runner/work/ozone/ozone/hadoop-ozone/integration-test/target/test-dir/MiniOzoneClusterImpl-cd00605b-e4dc-4ea1-ab7e-d8be28c4d560/datanode-0/data/ratis] (custom)
2024-01-14 08:11:37,509 [59ce54d6-04b6-4e86-8314-d8540ae27b4b-groupManagement] INFO  storage.RaftStorageDirectory (RaftStorageDirectoryImpl.java:analyzeStorage(138)) - The storage directory /home/runner/work/ozone/ozone/hadoop-ozone/integration-test/target/test-dir/MiniOzoneClusterImpl-cd00605b-e4dc-4ea1-ab7e-d8be28c4d560/datanode-0/data/ratis/7558fe87-f470-4d77-8c96-ea54333cd795 does not exist. Creating ...
2024-01-14 08:11:37,510 [59ce54d6-04b6-4e86-8314-d8540ae27b4b-groupManagement] INFO  storage.RaftStorageDirectory (RaftStorageDirectoryImpl.java:tryLock(228)) - Lock on /home/runner/work/ozone/ozone/hadoop-ozone/integration-test/target/test-dir/MiniOzoneClusterImpl-cd00605b-e4dc-4ea1-ab7e-d8be28c4d560/datanode-0/data/ratis/7558fe87-f470-4d77-8c96-ea54333cd795/in_use.lock acquired by nodename 49070@fv-az737-837
2024-01-14 08:11:37,511 [EventQueue-OpenPipelineForHealthyPipelineSafeModeRule] INFO  safemode.SCMSafeModeManager (HealthyPipelineSafeModeRule.java:process(140)) - SCM in safe mode. Healthy pipelines reported count is 0, required healthy pipeline reported count is 1
2024-01-14 08:11:37,512 [59ce54d6-04b6-4e86-8314-d8540ae27b4b-groupManagement] INFO  storage.RaftStorage (RaftStorageImpl.java:format(99)) - Storage directory /home/runner/work/ozone/ozone/hadoop-ozone/integration-test/target/test-dir/MiniOzoneClusterImpl-cd00605b-e4dc-4ea1-ab7e-d8be28c4d560/datanode-0/data/ratis/7558fe87-f470-4d77-8c96-ea54333cd795 has been successfully formatted.
2024-01-14 08:11:37,512 [59ce54d6-04b6-4e86-8314-d8540ae27b4b-groupManagement] WARN  util.FileUtils (LogUtils.java:supplyAndLog(63)) - Failed to Files.newInputStream /home/runner/work/ozone/ozone/hadoop-ozone/integration-test/target/test-dir/MiniOzoneClusterImpl-cd00605b-e4dc-4ea1-ab7e-d8be28c4d560/datanode-0/data/ratis/7558fe87-f470-4d77-8c96-ea54333cd795/current/raft-meta.conf with options []: java.nio.file.NoSuchFileException: /home/runner/work/ozone/ozone/hadoop-ozone/integration-test/target/test-dir/MiniOzoneClusterImpl-cd00605b-e4dc-4ea1-ab7e-d8be28c4d560/datanode-0/data/ratis/7558fe87-f470-4d77-8c96-ea54333cd795/current/raft-meta.conf
2024-01-14 08:11:37,512 [59ce54d6-04b6-4e86-8314-d8540ae27b4b-groupManagement] INFO  ratis.ContainerStateMachine (ContainerStateMachine.java:loadSnapshot(287)) - group-EA54333CD795: The snapshot info is null. Setting the last applied index to:(t:0, i:~)
2024-01-14 08:11:37,512 [59ce54d6-04b6-4e86-8314-d8540ae27b4b-groupManagement] INFO  server.RaftServerConfigKeys (ConfUtils.java:logGet(46)) - raft.server.log.use.memory = false (default)
2024-01-14 08:11:37,512 [59ce54d6-04b6-4e86-8314-d8540ae27b4b-groupManagement] INFO  server.RaftServerConfigKeys (ConfUtils.java:logGet(46)) - raft.server.log.purge.gap = 1000000 (custom)
2024-01-14 08:11:37,513 [59ce54d6-04b6-4e86-8314-d8540ae27b4b-groupManagement] INFO  server.RaftServerConfigKeys (ConfUtils.java:logGet(46)) - raft.server.log.appender.buffer.byte-limit = 8388608 (custom)
2024-01-14 08:11:37,513 [59ce54d6-04b6-4e86-8314-d8540ae27b4b-groupManagement] INFO  server.RaftServerConfigKeys (ConfUtils.java:logGet(46)) - raft.server.log.statemachine.data.read.timeout = 1000ms (default)
2024-01-14 08:11:37,513 [59ce54d6-04b6-4e86-8314-d8540ae27b4b-groupManagement] INFO  server.RaftServerConfigKeys (ConfUtils.java:logGet(46)) - raft.server.log.purge.preservation.log.num = 0 (default)
2024-01-14 08:11:37,514 [59ce54d6-04b6-4e86-8314-d8540ae27b4b-groupManagement] INFO  server.RaftServerConfigKeys (ConfUtils.java:logGet(46)) - raft.server.log.segment.size.max = 67108864 (custom)
2024-01-14 08:11:37,515 [59ce54d6-04b6-4e86-8314-d8540ae27b4b-groupManagement] INFO  server.RaftServerConfigKeys (ConfUtils.java:logGet(46)) - raft.server.log.segment.cache.num.max = 2 (custom)
2024-01-14 08:11:37,515 [59ce54d6-04b6-4e86-8314-d8540ae27b4b-groupManagement] INFO  server.RaftServerConfigKeys (ConfUtils.java:logGet(46)) - raft.server.log.segment.cache.size.max = 200MB (=209715200) (default)
2024-01-14 08:11:37,515 [59ce54d6-04b6-4e86-8314-d8540ae27b4b-groupManagement] INFO  server.RaftServerConfigKeys (ConfUtils.java:logGet(46)) - raft.server.log.appender.buffer.byte-limit = 8388608 (custom)
2024-01-14 08:11:37,515 [59ce54d6-04b6-4e86-8314-d8540ae27b4b-groupManagement] INFO  util.AwaitToRun (AwaitToRun.java:start(81)) - Thread[59ce54d6-04b6-4e86-8314-d8540ae27b4b@group-EA54333CD795-cacheEviction-AwaitToRun,5,main] started
2024-01-14 08:11:37,515 [59ce54d6-04b6-4e86-8314-d8540ae27b4b-groupManagement] INFO  segmented.SegmentedRaftLogWorker (SegmentedRaftLogWorker.java:<init>(182)) - new 59ce54d6-04b6-4e86-8314-d8540ae27b4b@group-EA54333CD795-SegmentedRaftLogWorker for RaftStorageImpl:Storage Directory /home/runner/work/ozone/ozone/hadoop-ozone/integration-test/target/test-dir/MiniOzoneClusterImpl-cd00605b-e4dc-4ea1-ab7e-d8be28c4d560/datanode-0/data/ratis/7558fe87-f470-4d77-8c96-ea54333cd795
2024-01-14 08:11:37,515 [59ce54d6-04b6-4e86-8314-d8540ae27b4b-groupManagement] INFO  server.RaftServerConfigKeys (ConfUtils.java:logGet(46)) - raft.server.log.queue.byte-limit = 4294967296 (custom)
2024-01-14 08:11:37,515 [59ce54d6-04b6-4e86-8314-d8540ae27b4b-groupManagement] INFO  server.RaftServerConfigKeys (ConfUtils.java:logGet(46)) - raft.server.log.queue.element-limit = 1024 (custom)
2024-01-14 08:11:37,515 [59ce54d6-04b6-4e86-8314-d8540ae27b4b-groupManagement] INFO  server.RaftServerConfigKeys (ConfUtils.java:logGet(46)) - raft.server.log.segment.size.max = 67108864 (custom)
2024-01-14 08:11:37,515 [59ce54d6-04b6-4e86-8314-d8540ae27b4b-groupManagement] INFO  server.RaftServerConfigKeys (ConfUtils.java:logGet(46)) - raft.server.log.preallocated.size = 4194304 (custom)
2024-01-14 08:11:37,515 [59ce54d6-04b6-4e86-8314-d8540ae27b4b-groupManagement] INFO  server.RaftServerConfigKeys (ConfUtils.java:logGet(46)) - raft.server.log.force.sync.num = 128 (default)
2024-01-14 08:11:37,515 [59ce54d6-04b6-4e86-8314-d8540ae27b4b-groupManagement] INFO  server.RaftServerConfigKeys (ConfUtils.java:logGet(46)) - raft.server.log.statemachine.data.sync = true (default)
2024-01-14 08:11:37,515 [59ce54d6-04b6-4e86-8314-d8540ae27b4b-groupManagement] INFO  server.RaftServerConfigKeys (ConfUtils.java:logGet(46)) - raft.server.log.statemachine.data.sync.timeout = 10s (default)
2024-01-14 08:11:37,515 [59ce54d6-04b6-4e86-8314-d8540ae27b4b-groupManagement] INFO  server.RaftServerConfigKeys (ConfUtils.java:logGet(46)) - raft.server.log.statemachine.data.sync.timeout.retry = 0 (custom)
2024-01-14 08:11:37,515 [59ce54d6-04b6-4e86-8314-d8540ae27b4b-groupManagement] INFO  server.RaftServerConfigKeys (ConfUtils.java:logGet(46)) - raft.server.log.write.buffer.size = 8388616 (custom)
2024-01-14 08:11:37,517 [5f8e001a-8213-4762-a64f-c492c0fad8a7-groupManagement] INFO  ratis.ContainerStateMachine (ContainerStateMachine.java:loadSnapshot(287)) - group-EA54333CD795: The snapshot info is null. Setting the last applied index to:(t:0, i:~)
2024-01-14 08:11:37,517 [EventQueue-OpenPipelineForHealthyPipelineSafeModeRule] INFO  safemode.SCMSafeModeManager (HealthyPipelineSafeModeRule.java:process(140)) - SCM in safe mode. Healthy pipelines reported count is 0, required healthy pipeline reported count is 1
2024-01-14 08:11:37,519 [5f8e001a-8213-4762-a64f-c492c0fad8a7-groupManagement] INFO  server.RaftServerConfigKeys (ConfUtils.java:logGet(46)) - raft.server.log.use.memory = false (default)
2024-01-14 08:11:37,519 [5f8e001a-8213-4762-a64f-c492c0fad8a7-groupManagement] INFO  server.RaftServerConfigKeys (ConfUtils.java:logGet(46)) - raft.server.log.purge.gap = 1000000 (custom)
2024-01-14 08:11:37,519 [5f8e001a-8213-4762-a64f-c492c0fad8a7-groupManagement] INFO  server.RaftServerConfigKeys (ConfUtils.java:logGet(46)) - raft.server.log.appender.buffer.byte-limit = 8388608 (custom)
2024-01-14 08:11:37,519 [5f8e001a-8213-4762-a64f-c492c0fad8a7-groupManagement] INFO  server.RaftServerConfigKeys (ConfUtils.java:logGet(46)) - raft.server.log.statemachine.data.read.timeout = 1000ms (default)
2024-01-14 08:11:37,519 [5f8e001a-8213-4762-a64f-c492c0fad8a7-groupManagement] INFO  server.RaftServerConfigKeys (ConfUtils.java:logGet(46)) - raft.server.log.purge.preservation.log.num = 0 (default)
2024-01-14 08:11:37,519 [59ce54d6-04b6-4e86-8314-d8540ae27b4b-groupManagement] INFO  server.RaftServerConfigKeys (ConfUtils.java:logGet(46)) - raft.server.log.appender.buffer.byte-limit = 8388608 (custom)
2024-01-14 08:11:37,520 [59ce54d6-04b6-4e86-8314-d8540ae27b4b-groupManagement] INFO  server.RaftServerConfigKeys (ConfUtils.java:logGet(46)) - raft.server.log.unsafe-flush.enabled = false (default)
2024-01-14 08:11:37,520 [59ce54d6-04b6-4e86-8314-d8540ae27b4b-groupManagement] INFO  server.RaftServerConfigKeys (ConfUtils.java:logGet(46)) - raft.server.log.async-flush.enabled = false (default)
2024-01-14 08:11:37,520 [59ce54d6-04b6-4e86-8314-d8540ae27b4b-groupManagement] INFO  server.RaftServerConfigKeys (ConfUtils.java:logGet(46)) - raft.server.log.statemachine.data.caching.enabled = true (custom)
2024-01-14 08:11:37,520 [59ce54d6-04b6-4e86-8314-d8540ae27b4b-groupManagement] INFO  segmented.SegmentedRaftLogWorker (SegmentedRaftLogWorker.java:lambda$new$0(134)) - 59ce54d6-04b6-4e86-8314-d8540ae27b4b@group-EA54333CD795-SegmentedRaftLogWorker: flushIndex: setUnconditionally 0 -> -1
2024-01-14 08:11:37,520 [59ce54d6-04b6-4e86-8314-d8540ae27b4b-groupManagement] INFO  segmented.SegmentedRaftLogWorker (SegmentedRaftLogWorker.java:lambda$new$0(134)) - 59ce54d6-04b6-4e86-8314-d8540ae27b4b@group-EA54333CD795-SegmentedRaftLogWorker: safeCacheEvictIndex: setUnconditionally 0 -> -1
2024-01-14 08:11:37,523 [5f8e001a-8213-4762-a64f-c492c0fad8a7-groupManagement] INFO  server.RaftServerConfigKeys (ConfUtils.java:logGet(46)) - raft.server.log.segment.size.max = 67108864 (custom)
2024-01-14 08:11:37,524 [5f8e001a-8213-4762-a64f-c492c0fad8a7-groupManagement] INFO  server.RaftServerConfigKeys (ConfUtils.java:logGet(46)) - raft.server.log.segment.cache.num.max = 2 (custom)
2024-01-14 08:11:37,524 [5f8e001a-8213-4762-a64f-c492c0fad8a7-groupManagement] INFO  server.RaftServerConfigKeys (ConfUtils.java:logGet(46)) - raft.server.log.segment.cache.size.max = 200MB (=209715200) (default)
2024-01-14 08:11:37,524 [5f8e001a-8213-4762-a64f-c492c0fad8a7-groupManagement] INFO  server.RaftServerConfigKeys (ConfUtils.java:logGet(46)) - raft.server.log.appender.buffer.byte-limit = 8388608 (custom)
2024-01-14 08:11:37,527 [59ce54d6-04b6-4e86-8314-d8540ae27b4b-groupManagement] INFO  server.RaftServer$Division (RaftServerImpl.java:start(396)) - 59ce54d6-04b6-4e86-8314-d8540ae27b4b@group-EA54333CD795: start as a follower, conf=-1: peers:[59ce54d6-04b6-4e86-8314-d8540ae27b4b|10.1.0.100:15067, 023fb60a-00b7-42be-9ceb-f38531668441|10.1.0.100:15076, 5f8e001a-8213-4762-a64f-c492c0fad8a7|10.1.0.100:15085]|listeners:[], old=null
2024-01-14 08:11:37,527 [59ce54d6-04b6-4e86-8314-d8540ae27b4b-groupManagement] INFO  server.RaftServer$Division (RaftServerImpl.java:setRole(383)) - 59ce54d6-04b6-4e86-8314-d8540ae27b4b@group-EA54333CD795: changes role from      null to FOLLOWER at term 0 for startAsFollower
2024-01-14 08:11:37,527 [59ce54d6-04b6-4e86-8314-d8540ae27b4b-groupManagement] INFO  impl.RoleInfo (RoleInfo.java:updateAndGet(139)) - 59ce54d6-04b6-4e86-8314-d8540ae27b4b: start 59ce54d6-04b6-4e86-8314-d8540ae27b4b@group-EA54333CD795-FollowerState
2024-01-14 08:11:37,528 [59ce54d6-04b6-4e86-8314-d8540ae27b4b-groupManagement] INFO  util.JmxRegister (JmxRegister.java:tryRegister(44)) - Successfully registered JMX Bean with object name Ratis:service=RaftServer,group=group-EA54333CD795,id=59ce54d6-04b6-4e86-8314-d8540ae27b4b
2024-01-14 08:11:37,532 [59ce54d6-04b6-4e86-8314-d8540ae27b4b-groupManagement] INFO  server.RaftServerConfigKeys (ConfUtils.java:logGet(46)) - raft.server.snapshot.trigger-when-stop.enabled = true (default)
2024-01-14 08:11:37,532 [5f8e001a-8213-4762-a64f-c492c0fad8a7-groupManagement] INFO  util.AwaitToRun (AwaitToRun.java:start(81)) - Thread[5f8e001a-8213-4762-a64f-c492c0fad8a7@group-EA54333CD795-cacheEviction-AwaitToRun,5,main] started
2024-01-14 08:11:37,532 [59ce54d6-04b6-4e86-8314-d8540ae27b4b-groupManagement] INFO  server.RaftServerConfigKeys (ConfUtils.java:logGet(46)) - raft.server.snapshot.auto.trigger.enabled = true (custom)
2024-01-14 08:11:37,533 [59ce54d6-04b6-4e86-8314-d8540ae27b4b-groupManagement] INFO  server.RaftServerConfigKeys (ConfUtils.java:logGet(46)) - raft.server.snapshot.auto.trigger.threshold = 10000 (custom)
2024-01-14 08:11:37,533 [59ce54d6-04b6-4e86-8314-d8540ae27b4b-groupManagement] INFO  server.RaftServerConfigKeys (ConfUtils.java:logGet(46)) - raft.server.snapshot.retention.file.num = 5 (custom)
2024-01-14 08:11:37,533 [59ce54d6-04b6-4e86-8314-d8540ae27b4b-groupManagement] INFO  server.RaftServerConfigKeys (ConfUtils.java:logGet(46)) - raft.server.log.purge.upto.snapshot.index = false (default)
2024-01-14 08:11:37,532 [5f8e001a-8213-4762-a64f-c492c0fad8a7-groupManagement] INFO  segmented.SegmentedRaftLogWorker (SegmentedRaftLogWorker.java:<init>(182)) - new 5f8e001a-8213-4762-a64f-c492c0fad8a7@group-EA54333CD795-SegmentedRaftLogWorker for RaftStorageImpl:Storage Directory /home/runner/work/ozone/ozone/hadoop-ozone/integration-test/target/test-dir/MiniOzoneClusterImpl-cd00605b-e4dc-4ea1-ab7e-d8be28c4d560/datanode-2/data/ratis/7558fe87-f470-4d77-8c96-ea54333cd795
2024-01-14 08:11:37,533 [5f8e001a-8213-4762-a64f-c492c0fad8a7-groupManagement] INFO  server.RaftServerConfigKeys (ConfUtils.java:logGet(46)) - raft.server.log.queue.byte-limit = 4294967296 (custom)
2024-01-14 08:11:37,534 [5f8e001a-8213-4762-a64f-c492c0fad8a7-groupManagement] INFO  server.RaftServerConfigKeys (ConfUtils.java:logGet(46)) - raft.server.log.queue.element-limit = 1024 (custom)
2024-01-14 08:11:37,534 [5f8e001a-8213-4762-a64f-c492c0fad8a7-groupManagement] INFO  server.RaftServerConfigKeys (ConfUtils.java:logGet(46)) - raft.server.log.segment.size.max = 67108864 (custom)
2024-01-14 08:11:37,534 [5f8e001a-8213-4762-a64f-c492c0fad8a7-groupManagement] INFO  server.RaftServerConfigKeys (ConfUtils.java:logGet(46)) - raft.server.log.preallocated.size = 4194304 (custom)
2024-01-14 08:11:37,534 [5f8e001a-8213-4762-a64f-c492c0fad8a7-groupManagement] INFO  server.RaftServerConfigKeys (ConfUtils.java:logGet(46)) - raft.server.log.force.sync.num = 128 (default)
2024-01-14 08:11:37,535 [5f8e001a-8213-4762-a64f-c492c0fad8a7-groupManagement] INFO  server.RaftServerConfigKeys (ConfUtils.java:logGet(46)) - raft.server.log.statemachine.data.sync = true (default)
2024-01-14 08:11:37,535 [5f8e001a-8213-4762-a64f-c492c0fad8a7-groupManagement] INFO  server.RaftServerConfigKeys (ConfUtils.java:logGet(46)) - raft.server.log.statemachine.data.sync.timeout = 10s (default)
2024-01-14 08:11:37,535 [5f8e001a-8213-4762-a64f-c492c0fad8a7-groupManagement] INFO  server.RaftServerConfigKeys (ConfUtils.java:logGet(46)) - raft.server.log.statemachine.data.sync.timeout.retry = 0 (custom)
2024-01-14 08:11:37,535 [5f8e001a-8213-4762-a64f-c492c0fad8a7-groupManagement] INFO  server.RaftServerConfigKeys (ConfUtils.java:logGet(46)) - raft.server.log.write.buffer.size = 8388616 (custom)
2024-01-14 08:11:37,536 [5f8e001a-8213-4762-a64f-c492c0fad8a7-groupManagement] INFO  server.RaftServerConfigKeys (ConfUtils.java:logGet(46)) - raft.server.log.appender.buffer.byte-limit = 8388608 (custom)
2024-01-14 08:11:37,537 [5f8e001a-8213-4762-a64f-c492c0fad8a7-groupManagement] INFO  server.RaftServerConfigKeys (ConfUtils.java:logGet(46)) - raft.server.log.unsafe-flush.enabled = false (default)
2024-01-14 08:11:37,537 [5f8e001a-8213-4762-a64f-c492c0fad8a7-groupManagement] INFO  server.RaftServerConfigKeys (ConfUtils.java:logGet(46)) - raft.server.log.async-flush.enabled = false (default)
2024-01-14 08:11:37,537 [5f8e001a-8213-4762-a64f-c492c0fad8a7-groupManagement] INFO  server.RaftServerConfigKeys (ConfUtils.java:logGet(46)) - raft.server.log.statemachine.data.caching.enabled = true (custom)
2024-01-14 08:11:37,537 [5f8e001a-8213-4762-a64f-c492c0fad8a7-groupManagement] INFO  segmented.SegmentedRaftLogWorker (SegmentedRaftLogWorker.java:lambda$new$0(134)) - 5f8e001a-8213-4762-a64f-c492c0fad8a7@group-EA54333CD795-SegmentedRaftLogWorker: flushIndex: setUnconditionally 0 -> -1
2024-01-14 08:11:37,537 [5f8e001a-8213-4762-a64f-c492c0fad8a7-groupManagement] INFO  segmented.SegmentedRaftLogWorker (SegmentedRaftLogWorker.java:lambda$new$0(134)) - 5f8e001a-8213-4762-a64f-c492c0fad8a7@group-EA54333CD795-SegmentedRaftLogWorker: safeCacheEvictIndex: setUnconditionally 0 -> -1
2024-01-14 08:11:37,537 [59ce54d6-04b6-4e86-8314-d8540ae27b4b-PipelineCommandHandlerThread-0] INFO  ratis.XceiverServerRatis (XceiverServerRatis.java:addGroup(842)) - Created group PipelineID=7558fe87-f470-4d77-8c96-ea54333cd795
2024-01-14 08:11:37,538 [5f8e001a-8213-4762-a64f-c492c0fad8a7-groupManagement] INFO  server.RaftServer$Division (RaftServerImpl.java:start(396)) - 5f8e001a-8213-4762-a64f-c492c0fad8a7@group-EA54333CD795: start as a follower, conf=-1: peers:[59ce54d6-04b6-4e86-8314-d8540ae27b4b|10.1.0.100:15067, 023fb60a-00b7-42be-9ceb-f38531668441|10.1.0.100:15076, 5f8e001a-8213-4762-a64f-c492c0fad8a7|10.1.0.100:15085]|listeners:[], old=null
2024-01-14 08:11:37,538 [5f8e001a-8213-4762-a64f-c492c0fad8a7-groupManagement] INFO  server.RaftServer$Division (RaftServerImpl.java:setRole(383)) - 5f8e001a-8213-4762-a64f-c492c0fad8a7@group-EA54333CD795: changes role from      null to FOLLOWER at term 0 for startAsFollower
2024-01-14 08:11:37,538 [5f8e001a-8213-4762-a64f-c492c0fad8a7-groupManagement] INFO  impl.RoleInfo (RoleInfo.java:updateAndGet(139)) - 5f8e001a-8213-4762-a64f-c492c0fad8a7: start 5f8e001a-8213-4762-a64f-c492c0fad8a7@group-EA54333CD795-FollowerState
2024-01-14 08:11:37,538 [59ce54d6-04b6-4e86-8314-d8540ae27b4b@group-EA54333CD795-FollowerState] INFO  server.RaftServerConfigKeys (ConfUtils.java:logFallback(53)) - raft.server.rpc.first-election.timeout.min = 5s (fallback to raft.server.rpc.timeout.min)
2024-01-14 08:11:37,543 [59ce54d6-04b6-4e86-8314-d8540ae27b4b@group-EA54333CD795-FollowerState] INFO  server.RaftServerConfigKeys (ConfUtils.java:logFallback(53)) - raft.server.rpc.first-election.timeout.max = 5200ms (fallback to raft.server.rpc.timeout.max)
2024-01-14 08:11:37,543 [5f8e001a-8213-4762-a64f-c492c0fad8a7-groupManagement] INFO  util.JmxRegister (JmxRegister.java:tryRegister(44)) - Successfully registered JMX Bean with object name Ratis:service=RaftServer,group=group-EA54333CD795,id=5f8e001a-8213-4762-a64f-c492c0fad8a7
2024-01-14 08:11:37,543 [5f8e001a-8213-4762-a64f-c492c0fad8a7-groupManagement] INFO  server.RaftServerConfigKeys (ConfUtils.java:logGet(46)) - raft.server.snapshot.trigger-when-stop.enabled = true (default)
2024-01-14 08:11:37,543 [5f8e001a-8213-4762-a64f-c492c0fad8a7-groupManagement] INFO  server.RaftServerConfigKeys (ConfUtils.java:logGet(46)) - raft.server.snapshot.auto.trigger.enabled = true (custom)
2024-01-14 08:11:37,543 [5f8e001a-8213-4762-a64f-c492c0fad8a7-groupManagement] INFO  server.RaftServerConfigKeys (ConfUtils.java:logGet(46)) - raft.server.snapshot.auto.trigger.threshold = 10000 (custom)
2024-01-14 08:11:37,543 [5f8e001a-8213-4762-a64f-c492c0fad8a7-groupManagement] INFO  server.RaftServerConfigKeys (ConfUtils.java:logGet(46)) - raft.server.snapshot.retention.file.num = 5 (custom)
2024-01-14 08:11:37,543 [5f8e001a-8213-4762-a64f-c492c0fad8a7-groupManagement] INFO  server.RaftServerConfigKeys (ConfUtils.java:logGet(46)) - raft.server.log.purge.upto.snapshot.index = false (default)
2024-01-14 08:11:37,543 [5f8e001a-8213-4762-a64f-c492c0fad8a7@group-EA54333CD795-FollowerState] INFO  server.RaftServerConfigKeys (ConfUtils.java:logFallback(53)) - raft.server.rpc.first-election.timeout.min = 5s (fallback to raft.server.rpc.timeout.min)
2024-01-14 08:11:37,544 [5f8e001a-8213-4762-a64f-c492c0fad8a7@group-EA54333CD795-FollowerState] INFO  server.RaftServerConfigKeys (ConfUtils.java:logFallback(53)) - raft.server.rpc.first-election.timeout.max = 5200ms (fallback to raft.server.rpc.timeout.max)
2024-01-14 08:11:37,544 [5f8e001a-8213-4762-a64f-c492c0fad8a7-PipelineCommandHandlerThread-0] INFO  ratis.XceiverServerRatis (XceiverServerRatis.java:addGroup(842)) - Created group PipelineID=7558fe87-f470-4d77-8c96-ea54333cd795
2024-01-14 08:11:37,557 [023fb60a-00b7-42be-9ceb-f38531668441-PipelineCommandHandlerThread-0] INFO  commandhandler.CreatePipelineCommandHandler (CreatePipelineCommandHandler.java:lambda$handle$2(124)) - Created Pipeline RATIS THREE PipelineID=7558fe87-f470-4d77-8c96-ea54333cd795.
2024-01-14 08:11:37,572 [c2087a49-c200-4cc5-9876-7cd2477b3505-PipelineCommandHandlerThread-0] INFO  server.RaftServer (RaftServerProxy.java:addNew(100)) - c2087a49-c200-4cc5-9876-7cd2477b3505: addNew group-94A1419DA0AF:[c2087a49-c200-4cc5-9876-7cd2477b3505|10.1.0.100:15094] returns group-94A1419DA0AF:java.util.concurrent.CompletableFuture@381111c3[Not completed]
2024-01-14 08:11:37,576 [c2087a49-c200-4cc5-9876-7cd2477b3505-groupManagement] INFO  server.RaftServer$Division (RaftServerImpl.java:<init>(256)) - c2087a49-c200-4cc5-9876-7cd2477b3505: new RaftServerImpl for group-94A1419DA0AF:[c2087a49-c200-4cc5-9876-7cd2477b3505|10.1.0.100:15094] with ContainerStateMachine:uninitialized
2024-01-14 08:11:37,577 [c2087a49-c200-4cc5-9876-7cd2477b3505-groupManagement] INFO  server.RaftServerConfigKeys (ConfUtils.java:logGet(46)) - raft.server.rpc.timeout.min = 5s (custom)
2024-01-14 08:11:37,578 [c2087a49-c200-4cc5-9876-7cd2477b3505-groupManagement] INFO  server.RaftServerConfigKeys (ConfUtils.java:logGet(46)) - raft.server.rpc.timeout.max = 5200ms (custom)
2024-01-14 08:11:37,585 [c2087a49-c200-4cc5-9876-7cd2477b3505-groupManagement] INFO  server.RaftServerConfigKeys (ConfUtils.java:logGet(46)) - raft.server.rpc.sleep.time = 25ms (default)
2024-01-14 08:11:37,588 [c2087a49-c200-4cc5-9876-7cd2477b3505-groupManagement] INFO  server.RaftServerConfigKeys (ConfUtils.java:logGet(46)) - raft.server.rpc.slowness.timeout = 300000ms (custom)
2024-01-14 08:11:37,588 [c2087a49-c200-4cc5-9876-7cd2477b3505-groupManagement] INFO  server.RaftServerConfigKeys (ConfUtils.java:logGet(46)) - raft.server.leaderelection.leader.step-down.wait-time = 10s (default)
2024-01-14 08:11:37,589 [c2087a49-c200-4cc5-9876-7cd2477b3505-groupManagement] INFO  server.RaftServerConfigKeys (ConfUtils.java:logGet(46)) - raft.server.leaderelection.member.majority-add = false (default)
2024-01-14 08:11:37,589 [c2087a49-c200-4cc5-9876-7cd2477b3505-groupManagement] INFO  server.RaftServerConfigKeys (ConfUtils.java:logGet(46)) - raft.server.sleep.deviation.threshold = 300ms (default)
2024-01-14 08:11:37,589 [c2087a49-c200-4cc5-9876-7cd2477b3505-groupManagement] INFO  server.RaftServer$Division (ServerState.java:<init>(113)) - c2087a49-c200-4cc5-9876-7cd2477b3505@group-94A1419DA0AF: ConfigurationManager, init=-1: peers:[c2087a49-c200-4cc5-9876-7cd2477b3505|10.1.0.100:15094]|listeners:[], old=null, confs=<EMPTY_MAP>
2024-01-14 08:11:37,590 [c2087a49-c200-4cc5-9876-7cd2477b3505-groupManagement] INFO  server.RaftServerConfigKeys (ConfUtils.java:logGet(46)) - raft.server.notification.no-leader.timeout = 300000ms (custom)
2024-01-14 08:11:37,590 [c2087a49-c200-4cc5-9876-7cd2477b3505-groupManagement] INFO  server.RaftServerConfigKeys (ConfUtils.java:logGet(46)) - raft.server.read.timeout = 10s (default)
2024-01-14 08:11:37,590 [c2087a49-c200-4cc5-9876-7cd2477b3505-groupManagement] INFO  server.RaftServerConfigKeys (ConfUtils.java:logGet(46)) - raft.server.retrycache.expirytime = 600000ms (custom)
2024-01-14 08:11:37,591 [c2087a49-c200-4cc5-9876-7cd2477b3505-groupManagement] INFO  server.RaftServerConfigKeys (ConfUtils.java:logGet(46)) - raft.server.retrycache.statistics.expirytime = 100ms (default)
2024-01-14 08:11:37,591 [c2087a49-c200-4cc5-9876-7cd2477b3505-groupManagement] INFO  server.RaftServerConfigKeys (ConfUtils.java:logGet(46)) - raft.server.read.option = DEFAULT (default)
2024-01-14 08:11:37,592 [c2087a49-c200-4cc5-9876-7cd2477b3505-groupManagement] INFO  server.RaftServerConfigKeys (ConfUtils.java:logGet(46)) - raft.server.read.read-after-write-consistent.write-index-cache.expiry-time = 60s (default)
2024-01-14 08:11:37,593 [c2087a49-c200-4cc5-9876-7cd2477b3505-groupManagement] INFO  server.RaftServerConfigKeys (ConfUtils.java:logGet(46)) - raft.server.rpc.request.timeout = 3000ms (default)
2024-01-14 08:11:37,593 [c2087a49-c200-4cc5-9876-7cd2477b3505-groupManagement] INFO  server.RaftServerConfigKeys (ConfUtils.java:logGet(46)) - raft.server.log.appender.install.snapshot.enabled = false (custom)
2024-01-14 08:11:37,593 [c2087a49-c200-4cc5-9876-7cd2477b3505-groupManagement] INFO  server.RaftServerConfigKeys (ConfUtils.java:logGet(46)) - raft.server.threadpool.server.cached = true (default)
2024-01-14 08:11:37,593 [c2087a49-c200-4cc5-9876-7cd2477b3505-groupManagement] INFO  server.RaftServerConfigKeys (ConfUtils.java:logGet(46)) - raft.server.threadpool.server.size = 0 (default)
2024-01-14 08:11:37,593 [c2087a49-c200-4cc5-9876-7cd2477b3505-groupManagement] INFO  server.RaftServerConfigKeys (ConfUtils.java:logGet(46)) - raft.server.threadpool.client.cached = true (default)
2024-01-14 08:11:37,593 [c2087a49-c200-4cc5-9876-7cd2477b3505-groupManagement] INFO  server.RaftServerConfigKeys (ConfUtils.java:logGet(46)) - raft.server.threadpool.client.size = 0 (default)
2024-01-14 08:11:37,593 [c2087a49-c200-4cc5-9876-7cd2477b3505-groupManagement] INFO  server.RaftServerConfigKeys (ConfUtils.java:logGet(46)) - raft.server.storage.free-space.min = 0MB (=0) (default)
2024-01-14 08:11:37,593 [c2087a49-c200-4cc5-9876-7cd2477b3505-groupManagement] INFO  server.RaftServerConfigKeys (ConfUtils.java:logGet(46)) - raft.server.log.corruption.policy = EXCEPTION (default)
2024-01-14 08:11:37,594 [c2087a49-c200-4cc5-9876-7cd2477b3505-groupManagement] INFO  server.RaftServerConfigKeys (ConfUtils.java:logGet(46)) - raft.server.storage.dir = [/home/runner/work/ozone/ozone/hadoop-ozone/integration-test/target/test-dir/MiniOzoneClusterImpl-cd00605b-e4dc-4ea1-ab7e-d8be28c4d560/datanode-3/data/ratis] (custom)
2024-01-14 08:11:37,594 [c2087a49-c200-4cc5-9876-7cd2477b3505-groupManagement] INFO  storage.RaftStorageDirectory (RaftStorageDirectoryImpl.java:analyzeStorage(138)) - The storage directory /home/runner/work/ozone/ozone/hadoop-ozone/integration-test/target/test-dir/MiniOzoneClusterImpl-cd00605b-e4dc-4ea1-ab7e-d8be28c4d560/datanode-3/data/ratis/1a180ac5-a79f-4372-a772-94a1419da0af does not exist. Creating ...
2024-01-14 08:11:37,596 [c2087a49-c200-4cc5-9876-7cd2477b3505-groupManagement] INFO  storage.RaftStorageDirectory (RaftStorageDirectoryImpl.java:tryLock(228)) - Lock on /home/runner/work/ozone/ozone/hadoop-ozone/integration-test/target/test-dir/MiniOzoneClusterImpl-cd00605b-e4dc-4ea1-ab7e-d8be28c4d560/datanode-3/data/ratis/1a180ac5-a79f-4372-a772-94a1419da0af/in_use.lock acquired by nodename 49070@fv-az737-837
2024-01-14 08:11:37,597 [c2087a49-c200-4cc5-9876-7cd2477b3505-groupManagement] INFO  storage.RaftStorage (RaftStorageImpl.java:format(99)) - Storage directory /home/runner/work/ozone/ozone/hadoop-ozone/integration-test/target/test-dir/MiniOzoneClusterImpl-cd00605b-e4dc-4ea1-ab7e-d8be28c4d560/datanode-3/data/ratis/1a180ac5-a79f-4372-a772-94a1419da0af has been successfully formatted.
2024-01-14 08:11:37,598 [c2087a49-c200-4cc5-9876-7cd2477b3505-groupManagement] WARN  util.FileUtils (LogUtils.java:supplyAndLog(63)) - Failed to Files.newInputStream /home/runner/work/ozone/ozone/hadoop-ozone/integration-test/target/test-dir/MiniOzoneClusterImpl-cd00605b-e4dc-4ea1-ab7e-d8be28c4d560/datanode-3/data/ratis/1a180ac5-a79f-4372-a772-94a1419da0af/current/raft-meta.conf with options []: java.nio.file.NoSuchFileException: /home/runner/work/ozone/ozone/hadoop-ozone/integration-test/target/test-dir/MiniOzoneClusterImpl-cd00605b-e4dc-4ea1-ab7e-d8be28c4d560/datanode-3/data/ratis/1a180ac5-a79f-4372-a772-94a1419da0af/current/raft-meta.conf
2024-01-14 08:11:37,602 [c2087a49-c200-4cc5-9876-7cd2477b3505-groupManagement] INFO  ratis.ContainerStateMachine (ContainerStateMachine.java:loadSnapshot(287)) - group-94A1419DA0AF: The snapshot info is null. Setting the last applied index to:(t:0, i:~)
2024-01-14 08:11:37,604 [5f8e001a-8213-4762-a64f-c492c0fad8a7-PipelineCommandHandlerThread-0] INFO  commandhandler.CreatePipelineCommandHandler (CreatePipelineCommandHandler.java:lambda$handle$2(124)) - Created Pipeline RATIS THREE PipelineID=7558fe87-f470-4d77-8c96-ea54333cd795.
2024-01-14 08:11:37,605 [c2087a49-c200-4cc5-9876-7cd2477b3505-groupManagement] INFO  server.RaftServerConfigKeys (ConfUtils.java:logGet(46)) - raft.server.log.use.memory = false (default)
2024-01-14 08:11:37,605 [c2087a49-c200-4cc5-9876-7cd2477b3505-groupManagement] INFO  server.RaftServerConfigKeys (ConfUtils.java:logGet(46)) - raft.server.log.purge.gap = 1000000 (custom)
2024-01-14 08:11:37,605 [c2087a49-c200-4cc5-9876-7cd2477b3505-groupManagement] INFO  server.RaftServerConfigKeys (ConfUtils.java:logGet(46)) - raft.server.log.appender.buffer.byte-limit = 8388608 (custom)
2024-01-14 08:11:37,605 [c2087a49-c200-4cc5-9876-7cd2477b3505-groupManagement] INFO  server.RaftServerConfigKeys (ConfUtils.java:logGet(46)) - raft.server.log.statemachine.data.read.timeout = 1000ms (default)
2024-01-14 08:11:37,605 [c2087a49-c200-4cc5-9876-7cd2477b3505-groupManagement] INFO  server.RaftServerConfigKeys (ConfUtils.java:logGet(46)) - raft.server.log.purge.preservation.log.num = 0 (default)
2024-01-14 08:11:37,606 [c2087a49-c200-4cc5-9876-7cd2477b3505-groupManagement] INFO  server.RaftServerConfigKeys (ConfUtils.java:logGet(46)) - raft.server.log.segment.size.max = 67108864 (custom)
2024-01-14 08:11:37,606 [c2087a49-c200-4cc5-9876-7cd2477b3505-groupManagement] INFO  server.RaftServerConfigKeys (ConfUtils.java:logGet(46)) - raft.server.log.segment.cache.num.max = 2 (custom)
2024-01-14 08:11:37,606 [c2087a49-c200-4cc5-9876-7cd2477b3505-groupManagement] INFO  server.RaftServerConfigKeys (ConfUtils.java:logGet(46)) - raft.server.log.segment.cache.size.max = 200MB (=209715200) (default)
2024-01-14 08:11:37,606 [c2087a49-c200-4cc5-9876-7cd2477b3505-groupManagement] INFO  server.RaftServerConfigKeys (ConfUtils.java:logGet(46)) - raft.server.log.appender.buffer.byte-limit = 8388608 (custom)
2024-01-14 08:11:37,612 [c2087a49-c200-4cc5-9876-7cd2477b3505-groupManagement] INFO  util.AwaitToRun (AwaitToRun.java:start(81)) - Thread[c2087a49-c200-4cc5-9876-7cd2477b3505@group-94A1419DA0AF-cacheEviction-AwaitToRun,5,main] started
2024-01-14 08:11:37,612 [c2087a49-c200-4cc5-9876-7cd2477b3505-groupManagement] INFO  segmented.SegmentedRaftLogWorker (SegmentedRaftLogWorker.java:<init>(182)) - new c2087a49-c200-4cc5-9876-7cd2477b3505@group-94A1419DA0AF-SegmentedRaftLogWorker for RaftStorageImpl:Storage Directory /home/runner/work/ozone/ozone/hadoop-ozone/integration-test/target/test-dir/MiniOzoneClusterImpl-cd00605b-e4dc-4ea1-ab7e-d8be28c4d560/datanode-3/data/ratis/1a180ac5-a79f-4372-a772-94a1419da0af
2024-01-14 08:11:37,612 [c2087a49-c200-4cc5-9876-7cd2477b3505-groupManagement] INFO  server.RaftServerConfigKeys (ConfUtils.java:logGet(46)) - raft.server.log.queue.byte-limit = 4294967296 (custom)
2024-01-14 08:11:37,612 [c2087a49-c200-4cc5-9876-7cd2477b3505-groupManagement] INFO  server.RaftServerConfigKeys (ConfUtils.java:logGet(46)) - raft.server.log.queue.element-limit = 1024 (custom)
2024-01-14 08:11:37,612 [c2087a49-c200-4cc5-9876-7cd2477b3505-groupManagement] INFO  server.RaftServerConfigKeys (ConfUtils.java:logGet(46)) - raft.server.log.segment.size.max = 67108864 (custom)
2024-01-14 08:11:37,613 [59ce54d6-04b6-4e86-8314-d8540ae27b4b-PipelineCommandHandlerThread-0] INFO  commandhandler.CreatePipelineCommandHandler (CreatePipelineCommandHandler.java:lambda$handle$2(124)) - Created Pipeline RATIS THREE PipelineID=7558fe87-f470-4d77-8c96-ea54333cd795.
2024-01-14 08:11:37,614 [c2087a49-c200-4cc5-9876-7cd2477b3505-groupManagement] INFO  server.RaftServerConfigKeys (ConfUtils.java:logGet(46)) - raft.server.log.preallocated.size = 4194304 (custom)
2024-01-14 08:11:37,614 [c2087a49-c200-4cc5-9876-7cd2477b3505-groupManagement] INFO  server.RaftServerConfigKeys (ConfUtils.java:logGet(46)) - raft.server.log.force.sync.num = 128 (default)
2024-01-14 08:11:37,614 [EventQueue-PipelineReportForPipelineReportHandler] INFO  pipeline.PipelineReportHandler (PipelineReportHandler.java:processPipelineReport(136)) - Opened pipeline PipelineID=1a180ac5-a79f-4372-a772-94a1419da0af
2024-01-14 08:11:37,614 [EventQueue-OpenPipelineForHealthyPipelineSafeModeRule] INFO  safemode.SCMSafeModeManager (HealthyPipelineSafeModeRule.java:process(140)) - SCM in safe mode. Healthy pipelines reported count is 0, required healthy pipeline reported count is 1
2024-01-14 08:11:37,614 [c2087a49-c200-4cc5-9876-7cd2477b3505-groupManagement] INFO  server.RaftServerConfigKeys (ConfUtils.java:logGet(46)) - raft.server.log.statemachine.data.sync = true (default)
2024-01-14 08:11:37,615 [c2087a49-c200-4cc5-9876-7cd2477b3505-groupManagement] INFO  server.RaftServerConfigKeys (ConfUtils.java:logGet(46)) - raft.server.log.statemachine.data.sync.timeout = 10s (default)
2024-01-14 08:11:37,615 [c2087a49-c200-4cc5-9876-7cd2477b3505-groupManagement] INFO  server.RaftServerConfigKeys (ConfUtils.java:logGet(46)) - raft.server.log.statemachine.data.sync.timeout.retry = 0 (custom)
2024-01-14 08:11:37,615 [c2087a49-c200-4cc5-9876-7cd2477b3505-groupManagement] INFO  server.RaftServerConfigKeys (ConfUtils.java:logGet(46)) - raft.server.log.write.buffer.size = 8388616 (custom)
2024-01-14 08:11:37,617 [c2087a49-c200-4cc5-9876-7cd2477b3505-groupManagement] INFO  server.RaftServerConfigKeys (ConfUtils.java:logGet(46)) - raft.server.log.appender.buffer.byte-limit = 8388608 (custom)
2024-01-14 08:11:37,617 [c2087a49-c200-4cc5-9876-7cd2477b3505-groupManagement] INFO  server.RaftServerConfigKeys (ConfUtils.java:logGet(46)) - raft.server.log.unsafe-flush.enabled = false (default)
2024-01-14 08:11:37,617 [c2087a49-c200-4cc5-9876-7cd2477b3505-groupManagement] INFO  server.RaftServerConfigKeys (ConfUtils.java:logGet(46)) - raft.server.log.async-flush.enabled = false (default)
2024-01-14 08:11:37,617 [c2087a49-c200-4cc5-9876-7cd2477b3505-groupManagement] INFO  server.RaftServerConfigKeys (ConfUtils.java:logGet(46)) - raft.server.log.statemachine.data.caching.enabled = true (custom)
2024-01-14 08:11:37,617 [c2087a49-c200-4cc5-9876-7cd2477b3505-groupManagement] INFO  segmented.SegmentedRaftLogWorker (SegmentedRaftLogWorker.java:lambda$new$0(134)) - c2087a49-c200-4cc5-9876-7cd2477b3505@group-94A1419DA0AF-SegmentedRaftLogWorker: flushIndex: setUnconditionally 0 -> -1
2024-01-14 08:11:37,617 [c2087a49-c200-4cc5-9876-7cd2477b3505-groupManagement] INFO  segmented.SegmentedRaftLogWorker (SegmentedRaftLogWorker.java:lambda$new$0(134)) - c2087a49-c200-4cc5-9876-7cd2477b3505@group-94A1419DA0AF-SegmentedRaftLogWorker: safeCacheEvictIndex: setUnconditionally 0 -> -1
2024-01-14 08:11:37,618 [c2087a49-c200-4cc5-9876-7cd2477b3505-groupManagement] INFO  server.RaftServer$Division (RaftServerImpl.java:start(396)) - c2087a49-c200-4cc5-9876-7cd2477b3505@group-94A1419DA0AF: start as a follower, conf=-1: peers:[c2087a49-c200-4cc5-9876-7cd2477b3505|10.1.0.100:15094]|listeners:[], old=null
2024-01-14 08:11:37,618 [c2087a49-c200-4cc5-9876-7cd2477b3505-groupManagement] INFO  server.RaftServer$Division (RaftServerImpl.java:setRole(383)) - c2087a49-c200-4cc5-9876-7cd2477b3505@group-94A1419DA0AF: changes role from      null to FOLLOWER at term 0 for startAsFollower
2024-01-14 08:11:37,618 [c2087a49-c200-4cc5-9876-7cd2477b3505-groupManagement] INFO  impl.RoleInfo (RoleInfo.java:updateAndGet(139)) - c2087a49-c200-4cc5-9876-7cd2477b3505: start c2087a49-c200-4cc5-9876-7cd2477b3505@group-94A1419DA0AF-FollowerState
2024-01-14 08:11:37,618 [c2087a49-c200-4cc5-9876-7cd2477b3505@group-94A1419DA0AF-FollowerState] INFO  server.RaftServerConfigKeys (ConfUtils.java:logFallback(53)) - raft.server.rpc.first-election.timeout.min = 5s (fallback to raft.server.rpc.timeout.min)
2024-01-14 08:11:37,618 [c2087a49-c200-4cc5-9876-7cd2477b3505-groupManagement] INFO  util.JmxRegister (JmxRegister.java:tryRegister(44)) - Successfully registered JMX Bean with object name Ratis:service=RaftServer,group=group-94A1419DA0AF,id=c2087a49-c200-4cc5-9876-7cd2477b3505
2024-01-14 08:11:37,618 [c2087a49-c200-4cc5-9876-7cd2477b3505@group-94A1419DA0AF-FollowerState] INFO  server.RaftServerConfigKeys (ConfUtils.java:logFallback(53)) - raft.server.rpc.first-election.timeout.max = 5200ms (fallback to raft.server.rpc.timeout.max)
2024-01-14 08:11:37,618 [c2087a49-c200-4cc5-9876-7cd2477b3505-groupManagement] INFO  server.RaftServerConfigKeys (ConfUtils.java:logGet(46)) - raft.server.snapshot.trigger-when-stop.enabled = true (default)
2024-01-14 08:11:37,618 [c2087a49-c200-4cc5-9876-7cd2477b3505-groupManagement] INFO  server.RaftServerConfigKeys (ConfUtils.java:logGet(46)) - raft.server.snapshot.auto.trigger.enabled = true (custom)
2024-01-14 08:11:37,618 [c2087a49-c200-4cc5-9876-7cd2477b3505-groupManagement] INFO  server.RaftServerConfigKeys (ConfUtils.java:logGet(46)) - raft.server.snapshot.auto.trigger.threshold = 10000 (custom)
2024-01-14 08:11:37,618 [c2087a49-c200-4cc5-9876-7cd2477b3505-groupManagement] INFO  server.RaftServerConfigKeys (ConfUtils.java:logGet(46)) - raft.server.snapshot.retention.file.num = 5 (custom)
2024-01-14 08:11:37,618 [c2087a49-c200-4cc5-9876-7cd2477b3505-groupManagement] INFO  server.RaftServerConfigKeys (ConfUtils.java:logGet(46)) - raft.server.log.purge.upto.snapshot.index = false (default)
2024-01-14 08:11:37,619 [c2087a49-c200-4cc5-9876-7cd2477b3505-PipelineCommandHandlerThread-0] INFO  ratis.XceiverServerRatis (XceiverServerRatis.java:addGroup(842)) - Created group PipelineID=1a180ac5-a79f-4372-a772-94a1419da0af
2024-01-14 08:11:37,619 [c2087a49-c200-4cc5-9876-7cd2477b3505-PipelineCommandHandlerThread-0] INFO  commandhandler.CreatePipelineCommandHandler (CreatePipelineCommandHandler.java:lambda$handle$2(124)) - Created Pipeline RATIS ONE PipelineID=1a180ac5-a79f-4372-a772-94a1419da0af.
2024-01-14 08:11:37,649 [5d2ec376-2e2c-4bb9-a4fb-bf5b12c4c412-PipelineCommandHandlerThread-0] INFO  server.RaftServer (RaftServerProxy.java:addNew(100)) - 5d2ec376-2e2c-4bb9-a4fb-bf5b12c4c412: addNew group-A2FA8D8A5B6E:[5d2ec376-2e2c-4bb9-a4fb-bf5b12c4c412|10.1.0.100:15103] returns group-A2FA8D8A5B6E:java.util.concurrent.CompletableFuture@66580985[Not completed]
2024-01-14 08:11:37,650 [5d2ec376-2e2c-4bb9-a4fb-bf5b12c4c412-groupManagement] INFO  server.RaftServer$Division (RaftServerImpl.java:<init>(256)) - 5d2ec376-2e2c-4bb9-a4fb-bf5b12c4c412: new RaftServerImpl for group-A2FA8D8A5B6E:[5d2ec376-2e2c-4bb9-a4fb-bf5b12c4c412|10.1.0.100:15103] with ContainerStateMachine:uninitialized
2024-01-14 08:11:37,650 [5d2ec376-2e2c-4bb9-a4fb-bf5b12c4c412-groupManagement] INFO  server.RaftServerConfigKeys (ConfUtils.java:logGet(46)) - raft.server.rpc.timeout.min = 5s (custom)
2024-01-14 08:11:37,650 [5d2ec376-2e2c-4bb9-a4fb-bf5b12c4c412-groupManagement] INFO  server.RaftServerConfigKeys (ConfUtils.java:logGet(46)) - raft.server.rpc.timeout.max = 5200ms (custom)
2024-01-14 08:11:37,650 [5d2ec376-2e2c-4bb9-a4fb-bf5b12c4c412-groupManagement] INFO  server.RaftServerConfigKeys (ConfUtils.java:logGet(46)) - raft.server.rpc.sleep.time = 25ms (default)
2024-01-14 08:11:37,650 [5d2ec376-2e2c-4bb9-a4fb-bf5b12c4c412-groupManagement] INFO  server.RaftServerConfigKeys (ConfUtils.java:logGet(46)) - raft.server.rpc.slowness.timeout = 300000ms (custom)
2024-01-14 08:11:37,650 [5d2ec376-2e2c-4bb9-a4fb-bf5b12c4c412-groupManagement] INFO  server.RaftServerConfigKeys (ConfUtils.java:logGet(46)) - raft.server.leaderelection.leader.step-down.wait-time = 10s (default)
2024-01-14 08:11:37,650 [5d2ec376-2e2c-4bb9-a4fb-bf5b12c4c412-groupManagement] INFO  server.RaftServerConfigKeys (ConfUtils.java:logGet(46)) - raft.server.leaderelection.member.majority-add = false (default)
2024-01-14 08:11:37,650 [5d2ec376-2e2c-4bb9-a4fb-bf5b12c4c412-groupManagement] INFO  server.RaftServerConfigKeys (ConfUtils.java:logGet(46)) - raft.server.sleep.deviation.threshold = 300ms (default)
2024-01-14 08:11:37,650 [5d2ec376-2e2c-4bb9-a4fb-bf5b12c4c412-groupManagement] INFO  server.RaftServer$Division (ServerState.java:<init>(113)) - 5d2ec376-2e2c-4bb9-a4fb-bf5b12c4c412@group-A2FA8D8A5B6E: ConfigurationManager, init=-1: peers:[5d2ec376-2e2c-4bb9-a4fb-bf5b12c4c412|10.1.0.100:15103]|listeners:[], old=null, confs=<EMPTY_MAP>
2024-01-14 08:11:37,650 [5d2ec376-2e2c-4bb9-a4fb-bf5b12c4c412-groupManagement] INFO  server.RaftServerConfigKeys (ConfUtils.java:logGet(46)) - raft.server.notification.no-leader.timeout = 300000ms (custom)
2024-01-14 08:11:37,650 [5d2ec376-2e2c-4bb9-a4fb-bf5b12c4c412-groupManagement] INFO  server.RaftServerConfigKeys (ConfUtils.java:logGet(46)) - raft.server.read.timeout = 10s (default)
2024-01-14 08:11:37,650 [main] INFO  ozone.MiniOzoneClusterImpl (MiniOzoneClusterImpl.java:lambda$waitForClusterToBeReady$0(229)) - Nodes are ready. Got 5 of 5 DN Heartbeats.
2024-01-14 08:11:37,651 [main] INFO  ozone.MiniOzoneClusterImpl (MiniOzoneClusterImpl.java:lambda$waitForClusterToBeReady$0(232)) - Waiting for cluster to exit safe mode
2024-01-14 08:11:37,651 [main] INFO  ozone.MiniOzoneClusterImpl (MiniOzoneClusterImpl.java:lambda$waitForClusterToBeReady$0(234)) - SCM became leader
2024-01-14 08:11:37,650 [5d2ec376-2e2c-4bb9-a4fb-bf5b12c4c412-groupManagement] INFO  server.RaftServerConfigKeys (ConfUtils.java:logGet(46)) - raft.server.retrycache.expirytime = 600000ms (custom)
2024-01-14 08:11:37,651 [5d2ec376-2e2c-4bb9-a4fb-bf5b12c4c412-groupManagement] INFO  server.RaftServerConfigKeys (ConfUtils.java:logGet(46)) - raft.server.retrycache.statistics.expirytime = 100ms (default)
2024-01-14 08:11:37,651 [5d2ec376-2e2c-4bb9-a4fb-bf5b12c4c412-groupManagement] INFO  server.RaftServerConfigKeys (ConfUtils.java:logGet(46)) - raft.server.read.option = DEFAULT (default)
2024-01-14 08:11:37,651 [5d2ec376-2e2c-4bb9-a4fb-bf5b12c4c412-groupManagement] INFO  server.RaftServerConfigKeys (ConfUtils.java:logGet(46)) - raft.server.read.read-after-write-consistent.write-index-cache.expiry-time = 60s (default)
2024-01-14 08:11:37,653 [5d2ec376-2e2c-4bb9-a4fb-bf5b12c4c412-groupManagement] INFO  server.RaftServerConfigKeys (ConfUtils.java:logGet(46)) - raft.server.rpc.request.timeout = 3000ms (default)
2024-01-14 08:11:37,653 [5d2ec376-2e2c-4bb9-a4fb-bf5b12c4c412-groupManagement] INFO  server.RaftServerConfigKeys (ConfUtils.java:logGet(46)) - raft.server.log.appender.install.snapshot.enabled = false (custom)
2024-01-14 08:11:37,653 [5d2ec376-2e2c-4bb9-a4fb-bf5b12c4c412-groupManagement] INFO  server.RaftServerConfigKeys (ConfUtils.java:logGet(46)) - raft.server.threadpool.server.cached = true (default)
2024-01-14 08:11:37,653 [5d2ec376-2e2c-4bb9-a4fb-bf5b12c4c412-groupManagement] INFO  server.RaftServerConfigKeys (ConfUtils.java:logGet(46)) - raft.server.threadpool.server.size = 0 (default)
2024-01-14 08:11:37,653 [5d2ec376-2e2c-4bb9-a4fb-bf5b12c4c412-groupManagement] INFO  server.RaftServerConfigKeys (ConfUtils.java:logGet(46)) - raft.server.threadpool.client.cached = true (default)
2024-01-14 08:11:37,653 [5d2ec376-2e2c-4bb9-a4fb-bf5b12c4c412-groupManagement] INFO  server.RaftServerConfigKeys (ConfUtils.java:logGet(46)) - raft.server.threadpool.client.size = 0 (default)
2024-01-14 08:11:37,653 [5d2ec376-2e2c-4bb9-a4fb-bf5b12c4c412-groupManagement] INFO  server.RaftServerConfigKeys (ConfUtils.java:logGet(46)) - raft.server.storage.free-space.min = 0MB (=0) (default)
2024-01-14 08:11:37,653 [5d2ec376-2e2c-4bb9-a4fb-bf5b12c4c412-groupManagement] INFO  server.RaftServerConfigKeys (ConfUtils.java:logGet(46)) - raft.server.log.corruption.policy = EXCEPTION (default)
2024-01-14 08:11:37,654 [5d2ec376-2e2c-4bb9-a4fb-bf5b12c4c412-groupManagement] INFO  server.RaftServerConfigKeys (ConfUtils.java:logGet(46)) - raft.server.storage.dir = [/home/runner/work/ozone/ozone/hadoop-ozone/integration-test/target/test-dir/MiniOzoneClusterImpl-cd00605b-e4dc-4ea1-ab7e-d8be28c4d560/datanode-4/data/ratis] (custom)
2024-01-14 08:11:37,654 [5d2ec376-2e2c-4bb9-a4fb-bf5b12c4c412-groupManagement] INFO  storage.RaftStorageDirectory (RaftStorageDirectoryImpl.java:analyzeStorage(138)) - The storage directory /home/runner/work/ozone/ozone/hadoop-ozone/integration-test/target/test-dir/MiniOzoneClusterImpl-cd00605b-e4dc-4ea1-ab7e-d8be28c4d560/datanode-4/data/ratis/51268c94-f4dd-49ba-bcdf-a2fa8d8a5b6e does not exist. Creating ...
2024-01-14 08:11:37,655 [5d2ec376-2e2c-4bb9-a4fb-bf5b12c4c412-groupManagement] INFO  storage.RaftStorageDirectory (RaftStorageDirectoryImpl.java:tryLock(228)) - Lock on /home/runner/work/ozone/ozone/hadoop-ozone/integration-test/target/test-dir/MiniOzoneClusterImpl-cd00605b-e4dc-4ea1-ab7e-d8be28c4d560/datanode-4/data/ratis/51268c94-f4dd-49ba-bcdf-a2fa8d8a5b6e/in_use.lock acquired by nodename 49070@fv-az737-837
2024-01-14 08:11:37,656 [5d2ec376-2e2c-4bb9-a4fb-bf5b12c4c412-groupManagement] INFO  storage.RaftStorage (RaftStorageImpl.java:format(99)) - Storage directory /home/runner/work/ozone/ozone/hadoop-ozone/integration-test/target/test-dir/MiniOzoneClusterImpl-cd00605b-e4dc-4ea1-ab7e-d8be28c4d560/datanode-4/data/ratis/51268c94-f4dd-49ba-bcdf-a2fa8d8a5b6e has been successfully formatted.
2024-01-14 08:11:37,656 [5d2ec376-2e2c-4bb9-a4fb-bf5b12c4c412-groupManagement] WARN  util.FileUtils (LogUtils.java:supplyAndLog(63)) - Failed to Files.newInputStream /home/runner/work/ozone/ozone/hadoop-ozone/integration-test/target/test-dir/MiniOzoneClusterImpl-cd00605b-e4dc-4ea1-ab7e-d8be28c4d560/datanode-4/data/ratis/51268c94-f4dd-49ba-bcdf-a2fa8d8a5b6e/current/raft-meta.conf with options []: java.nio.file.NoSuchFileException: /home/runner/work/ozone/ozone/hadoop-ozone/integration-test/target/test-dir/MiniOzoneClusterImpl-cd00605b-e4dc-4ea1-ab7e-d8be28c4d560/datanode-4/data/ratis/51268c94-f4dd-49ba-bcdf-a2fa8d8a5b6e/current/raft-meta.conf
2024-01-14 08:11:37,658 [5d2ec376-2e2c-4bb9-a4fb-bf5b12c4c412-groupManagement] INFO  ratis.ContainerStateMachine (ContainerStateMachine.java:loadSnapshot(287)) - group-A2FA8D8A5B6E: The snapshot info is null. Setting the last applied index to:(t:0, i:~)
2024-01-14 08:11:37,658 [5d2ec376-2e2c-4bb9-a4fb-bf5b12c4c412-groupManagement] INFO  server.RaftServerConfigKeys (ConfUtils.java:logGet(46)) - raft.server.log.use.memory = false (default)
2024-01-14 08:11:37,658 [5d2ec376-2e2c-4bb9-a4fb-bf5b12c4c412-groupManagement] INFO  server.RaftServerConfigKeys (ConfUtils.java:logGet(46)) - raft.server.log.purge.gap = 1000000 (custom)
2024-01-14 08:11:37,658 [5d2ec376-2e2c-4bb9-a4fb-bf5b12c4c412-groupManagement] INFO  server.RaftServerConfigKeys (ConfUtils.java:logGet(46)) - raft.server.log.appender.buffer.byte-limit = 8388608 (custom)
2024-01-14 08:11:37,658 [5d2ec376-2e2c-4bb9-a4fb-bf5b12c4c412-groupManagement] INFO  server.RaftServerConfigKeys (ConfUtils.java:logGet(46)) - raft.server.log.statemachine.data.read.timeout = 1000ms (default)
2024-01-14 08:11:37,658 [5d2ec376-2e2c-4bb9-a4fb-bf5b12c4c412-groupManagement] INFO  server.RaftServerConfigKeys (ConfUtils.java:logGet(46)) - raft.server.log.purge.preservation.log.num = 0 (default)
2024-01-14 08:11:37,659 [EventQueue-PipelineReportForPipelineReportHandler] INFO  pipeline.PipelineReportHandler (PipelineReportHandler.java:processPipelineReport(136)) - Opened pipeline PipelineID=51268c94-f4dd-49ba-bcdf-a2fa8d8a5b6e
2024-01-14 08:11:37,660 [EventQueue-OpenPipelineForHealthyPipelineSafeModeRule] INFO  safemode.SCMSafeModeManager (HealthyPipelineSafeModeRule.java:process(140)) - SCM in safe mode. Healthy pipelines reported count is 0, required healthy pipeline reported count is 1
2024-01-14 08:11:37,661 [5d2ec376-2e2c-4bb9-a4fb-bf5b12c4c412-groupManagement] INFO  server.RaftServerConfigKeys (ConfUtils.java:logGet(46)) - raft.server.log.segment.size.max = 67108864 (custom)
2024-01-14 08:11:37,661 [5d2ec376-2e2c-4bb9-a4fb-bf5b12c4c412-groupManagement] INFO  server.RaftServerConfigKeys (ConfUtils.java:logGet(46)) - raft.server.log.segment.cache.num.max = 2 (custom)
2024-01-14 08:11:37,661 [5d2ec376-2e2c-4bb9-a4fb-bf5b12c4c412-groupManagement] INFO  server.RaftServerConfigKeys (ConfUtils.java:logGet(46)) - raft.server.log.segment.cache.size.max = 200MB (=209715200) (default)
2024-01-14 08:11:37,661 [5d2ec376-2e2c-4bb9-a4fb-bf5b12c4c412-groupManagement] INFO  server.RaftServerConfigKeys (ConfUtils.java:logGet(46)) - raft.server.log.appender.buffer.byte-limit = 8388608 (custom)
2024-01-14 08:11:37,667 [5d2ec376-2e2c-4bb9-a4fb-bf5b12c4c412-groupManagement] INFO  util.AwaitToRun (AwaitToRun.java:start(81)) - Thread[5d2ec376-2e2c-4bb9-a4fb-bf5b12c4c412@group-A2FA8D8A5B6E-cacheEviction-AwaitToRun,5,main] started
2024-01-14 08:11:37,668 [5d2ec376-2e2c-4bb9-a4fb-bf5b12c4c412-groupManagement] INFO  segmented.SegmentedRaftLogWorker (SegmentedRaftLogWorker.java:<init>(182)) - new 5d2ec376-2e2c-4bb9-a4fb-bf5b12c4c412@group-A2FA8D8A5B6E-SegmentedRaftLogWorker for RaftStorageImpl:Storage Directory /home/runner/work/ozone/ozone/hadoop-ozone/integration-test/target/test-dir/MiniOzoneClusterImpl-cd00605b-e4dc-4ea1-ab7e-d8be28c4d560/datanode-4/data/ratis/51268c94-f4dd-49ba-bcdf-a2fa8d8a5b6e
2024-01-14 08:11:37,668 [5d2ec376-2e2c-4bb9-a4fb-bf5b12c4c412-groupManagement] INFO  server.RaftServerConfigKeys (ConfUtils.java:logGet(46)) - raft.server.log.queue.byte-limit = 4294967296 (custom)
2024-01-14 08:11:37,668 [5d2ec376-2e2c-4bb9-a4fb-bf5b12c4c412-groupManagement] INFO  server.RaftServerConfigKeys (ConfUtils.java:logGet(46)) - raft.server.log.queue.element-limit = 1024 (custom)
2024-01-14 08:11:37,668 [5d2ec376-2e2c-4bb9-a4fb-bf5b12c4c412-groupManagement] INFO  server.RaftServerConfigKeys (ConfUtils.java:logGet(46)) - raft.server.log.segment.size.max = 67108864 (custom)
2024-01-14 08:11:37,668 [5d2ec376-2e2c-4bb9-a4fb-bf5b12c4c412-groupManagement] INFO  server.RaftServerConfigKeys (ConfUtils.java:logGet(46)) - raft.server.log.preallocated.size = 4194304 (custom)
2024-01-14 08:11:37,668 [5d2ec376-2e2c-4bb9-a4fb-bf5b12c4c412-groupManagement] INFO  server.RaftServerConfigKeys (ConfUtils.java:logGet(46)) - raft.server.log.force.sync.num = 128 (default)
2024-01-14 08:11:37,668 [5d2ec376-2e2c-4bb9-a4fb-bf5b12c4c412-groupManagement] INFO  server.RaftServerConfigKeys (ConfUtils.java:logGet(46)) - raft.server.log.statemachine.data.sync = true (default)
2024-01-14 08:11:37,668 [5d2ec376-2e2c-4bb9-a4fb-bf5b12c4c412-groupManagement] INFO  server.RaftServerConfigKeys (ConfUtils.java:logGet(46)) - raft.server.log.statemachine.data.sync.timeout = 10s (default)
2024-01-14 08:11:37,668 [5d2ec376-2e2c-4bb9-a4fb-bf5b12c4c412-groupManagement] INFO  server.RaftServerConfigKeys (ConfUtils.java:logGet(46)) - raft.server.log.statemachine.data.sync.timeout.retry = 0 (custom)
2024-01-14 08:11:37,668 [5d2ec376-2e2c-4bb9-a4fb-bf5b12c4c412-groupManagement] INFO  server.RaftServerConfigKeys (ConfUtils.java:logGet(46)) - raft.server.log.write.buffer.size = 8388616 (custom)
2024-01-14 08:11:37,670 [5d2ec376-2e2c-4bb9-a4fb-bf5b12c4c412-groupManagement] INFO  server.RaftServerConfigKeys (ConfUtils.java:logGet(46)) - raft.server.log.appender.buffer.byte-limit = 8388608 (custom)
2024-01-14 08:11:37,670 [5d2ec376-2e2c-4bb9-a4fb-bf5b12c4c412-groupManagement] INFO  server.RaftServerConfigKeys (ConfUtils.java:logGet(46)) - raft.server.log.unsafe-flush.enabled = false (default)
2024-01-14 08:11:37,671 [5d2ec376-2e2c-4bb9-a4fb-bf5b12c4c412-groupManagement] INFO  server.RaftServerConfigKeys (ConfUtils.java:logGet(46)) - raft.server.log.async-flush.enabled = false (default)
2024-01-14 08:11:37,671 [5d2ec376-2e2c-4bb9-a4fb-bf5b12c4c412-groupManagement] INFO  server.RaftServerConfigKeys (ConfUtils.java:logGet(46)) - raft.server.log.statemachine.data.caching.enabled = true (custom)
2024-01-14 08:11:37,671 [5d2ec376-2e2c-4bb9-a4fb-bf5b12c4c412-groupManagement] INFO  segmented.SegmentedRaftLogWorker (SegmentedRaftLogWorker.java:lambda$new$0(134)) - 5d2ec376-2e2c-4bb9-a4fb-bf5b12c4c412@group-A2FA8D8A5B6E-SegmentedRaftLogWorker: flushIndex: setUnconditionally 0 -> -1
2024-01-14 08:11:37,671 [5d2ec376-2e2c-4bb9-a4fb-bf5b12c4c412-groupManagement] INFO  segmented.SegmentedRaftLogWorker (SegmentedRaftLogWorker.java:lambda$new$0(134)) - 5d2ec376-2e2c-4bb9-a4fb-bf5b12c4c412@group-A2FA8D8A5B6E-SegmentedRaftLogWorker: safeCacheEvictIndex: setUnconditionally 0 -> -1
2024-01-14 08:11:37,671 [5d2ec376-2e2c-4bb9-a4fb-bf5b12c4c412-groupManagement] INFO  server.RaftServer$Division (RaftServerImpl.java:start(396)) - 5d2ec376-2e2c-4bb9-a4fb-bf5b12c4c412@group-A2FA8D8A5B6E: start as a follower, conf=-1: peers:[5d2ec376-2e2c-4bb9-a4fb-bf5b12c4c412|10.1.0.100:15103]|listeners:[], old=null
2024-01-14 08:11:37,671 [5d2ec376-2e2c-4bb9-a4fb-bf5b12c4c412-groupManagement] INFO  server.RaftServer$Division (RaftServerImpl.java:setRole(383)) - 5d2ec376-2e2c-4bb9-a4fb-bf5b12c4c412@group-A2FA8D8A5B6E: changes role from      null to FOLLOWER at term 0 for startAsFollower
2024-01-14 08:11:37,671 [5d2ec376-2e2c-4bb9-a4fb-bf5b12c4c412-groupManagement] INFO  impl.RoleInfo (RoleInfo.java:updateAndGet(139)) - 5d2ec376-2e2c-4bb9-a4fb-bf5b12c4c412: start 5d2ec376-2e2c-4bb9-a4fb-bf5b12c4c412@group-A2FA8D8A5B6E-FollowerState
2024-01-14 08:11:37,672 [5d2ec376-2e2c-4bb9-a4fb-bf5b12c4c412@group-A2FA8D8A5B6E-FollowerState] INFO  server.RaftServerConfigKeys (ConfUtils.java:logFallback(53)) - raft.server.rpc.first-election.timeout.min = 5s (fallback to raft.server.rpc.timeout.min)
2024-01-14 08:11:37,672 [5d2ec376-2e2c-4bb9-a4fb-bf5b12c4c412-groupManagement] INFO  util.JmxRegister (JmxRegister.java:tryRegister(44)) - Successfully registered JMX Bean with object name Ratis:service=RaftServer,group=group-A2FA8D8A5B6E,id=5d2ec376-2e2c-4bb9-a4fb-bf5b12c4c412
2024-01-14 08:11:37,672 [5d2ec376-2e2c-4bb9-a4fb-bf5b12c4c412@group-A2FA8D8A5B6E-FollowerState] INFO  server.RaftServerConfigKeys (ConfUtils.java:logFallback(53)) - raft.server.rpc.first-election.timeout.max = 5200ms (fallback to raft.server.rpc.timeout.max)
2024-01-14 08:11:37,672 [5d2ec376-2e2c-4bb9-a4fb-bf5b12c4c412-groupManagement] INFO  server.RaftServerConfigKeys (ConfUtils.java:logGet(46)) - raft.server.snapshot.trigger-when-stop.enabled = true (default)
2024-01-14 08:11:37,672 [5d2ec376-2e2c-4bb9-a4fb-bf5b12c4c412-groupManagement] INFO  server.RaftServerConfigKeys (ConfUtils.java:logGet(46)) - raft.server.snapshot.auto.trigger.enabled = true (custom)
2024-01-14 08:11:37,672 [5d2ec376-2e2c-4bb9-a4fb-bf5b12c4c412-groupManagement] INFO  server.RaftServerConfigKeys (ConfUtils.java:logGet(46)) - raft.server.snapshot.auto.trigger.threshold = 10000 (custom)
2024-01-14 08:11:37,672 [5d2ec376-2e2c-4bb9-a4fb-bf5b12c4c412-groupManagement] INFO  server.RaftServerConfigKeys (ConfUtils.java:logGet(46)) - raft.server.snapshot.retention.file.num = 5 (custom)
2024-01-14 08:11:37,672 [5d2ec376-2e2c-4bb9-a4fb-bf5b12c4c412-groupManagement] INFO  server.RaftServerConfigKeys (ConfUtils.java:logGet(46)) - raft.server.log.purge.upto.snapshot.index = false (default)
2024-01-14 08:11:37,673 [5d2ec376-2e2c-4bb9-a4fb-bf5b12c4c412-PipelineCommandHandlerThread-0] INFO  ratis.XceiverServerRatis (XceiverServerRatis.java:addGroup(842)) - Created group PipelineID=51268c94-f4dd-49ba-bcdf-a2fa8d8a5b6e
2024-01-14 08:11:37,673 [5d2ec376-2e2c-4bb9-a4fb-bf5b12c4c412-PipelineCommandHandlerThread-0] INFO  commandhandler.CreatePipelineCommandHandler (CreatePipelineCommandHandler.java:lambda$handle$2(124)) - Created Pipeline RATIS ONE PipelineID=51268c94-f4dd-49ba-bcdf-a2fa8d8a5b6e.
2024-01-14 08:11:38,651 [main] INFO  ozone.MiniOzoneClusterImpl (MiniOzoneClusterImpl.java:lambda$waitForClusterToBeReady$0(229)) - Nodes are ready. Got 5 of 5 DN Heartbeats.
2024-01-14 08:11:38,651 [main] INFO  ozone.MiniOzoneClusterImpl (MiniOzoneClusterImpl.java:lambda$waitForClusterToBeReady$0(232)) - Waiting for cluster to exit safe mode
2024-01-14 08:11:38,651 [main] INFO  ozone.MiniOzoneClusterImpl (MiniOzoneClusterImpl.java:lambda$waitForClusterToBeReady$0(234)) - SCM became leader
2024-01-14 08:11:39,652 [main] INFO  ozone.MiniOzoneClusterImpl (MiniOzoneClusterImpl.java:lambda$waitForClusterToBeReady$0(229)) - Nodes are ready. Got 5 of 5 DN Heartbeats.
2024-01-14 08:11:39,652 [main] INFO  ozone.MiniOzoneClusterImpl (MiniOzoneClusterImpl.java:lambda$waitForClusterToBeReady$0(232)) - Waiting for cluster to exit safe mode
2024-01-14 08:11:39,652 [main] INFO  ozone.MiniOzoneClusterImpl (MiniOzoneClusterImpl.java:lambda$waitForClusterToBeReady$0(234)) - SCM became leader
2024-01-14 08:11:40,653 [main] INFO  ozone.MiniOzoneClusterImpl (MiniOzoneClusterImpl.java:lambda$waitForClusterToBeReady$0(229)) - Nodes are ready. Got 5 of 5 DN Heartbeats.
2024-01-14 08:11:40,653 [main] INFO  ozone.MiniOzoneClusterImpl (MiniOzoneClusterImpl.java:lambda$waitForClusterToBeReady$0(232)) - Waiting for cluster to exit safe mode
2024-01-14 08:11:40,653 [main] INFO  ozone.MiniOzoneClusterImpl (MiniOzoneClusterImpl.java:lambda$waitForClusterToBeReady$0(234)) - SCM became leader
2024-01-14 08:11:41,653 [main] INFO  ozone.MiniOzoneClusterImpl (MiniOzoneClusterImpl.java:lambda$waitForClusterToBeReady$0(229)) - Nodes are ready. Got 5 of 5 DN Heartbeats.
2024-01-14 08:11:41,654 [main] INFO  ozone.MiniOzoneClusterImpl (MiniOzoneClusterImpl.java:lambda$waitForClusterToBeReady$0(232)) - Waiting for cluster to exit safe mode
2024-01-14 08:11:41,654 [main] INFO  ozone.MiniOzoneClusterImpl (MiniOzoneClusterImpl.java:lambda$waitForClusterToBeReady$0(234)) - SCM became leader
2024-01-14 08:11:42,312 [59ce54d6-04b6-4e86-8314-d8540ae27b4b@group-EAD6276AADB2-FollowerState] INFO  impl.FollowerState (FollowerState.java:run(143)) - 59ce54d6-04b6-4e86-8314-d8540ae27b4b@group-EAD6276AADB2-FollowerState: change to CANDIDATE, lastRpcElapsedTime:5010609094ns, electionTimeout:5008ms
2024-01-14 08:11:42,312 [59ce54d6-04b6-4e86-8314-d8540ae27b4b@group-EAD6276AADB2-FollowerState] INFO  impl.RoleInfo (RoleInfo.java:shutdownFollowerState(110)) - 59ce54d6-04b6-4e86-8314-d8540ae27b4b: shutdown 59ce54d6-04b6-4e86-8314-d8540ae27b4b@group-EAD6276AADB2-FollowerState
2024-01-14 08:11:42,312 [59ce54d6-04b6-4e86-8314-d8540ae27b4b@group-EAD6276AADB2-FollowerState] INFO  server.RaftServer$Division (RaftServerImpl.java:setRole(383)) - 59ce54d6-04b6-4e86-8314-d8540ae27b4b@group-EAD6276AADB2: changes role from  FOLLOWER to CANDIDATE at term 0 for changeToCandidate
2024-01-14 08:11:42,313 [59ce54d6-04b6-4e86-8314-d8540ae27b4b@group-EAD6276AADB2-FollowerState] INFO  server.RaftServerConfigKeys (ConfUtils.java:logGet(46)) - raft.server.leaderelection.pre-vote = true (default)
2024-01-14 08:11:42,313 [59ce54d6-04b6-4e86-8314-d8540ae27b4b@group-EAD6276AADB2-FollowerState] INFO  impl.RoleInfo (RoleInfo.java:updateAndGet(139)) - 59ce54d6-04b6-4e86-8314-d8540ae27b4b: start 59ce54d6-04b6-4e86-8314-d8540ae27b4b@group-EAD6276AADB2-LeaderElection12
2024-01-14 08:11:42,316 [59ce54d6-04b6-4e86-8314-d8540ae27b4b@group-EAD6276AADB2-LeaderElection12] INFO  impl.LeaderElection (LeaderElection.java:askForVotes(321)) - 59ce54d6-04b6-4e86-8314-d8540ae27b4b@group-EAD6276AADB2-LeaderElection12 PRE_VOTE round 0: submit vote requests at term 0 for -1: peers:[59ce54d6-04b6-4e86-8314-d8540ae27b4b|10.1.0.100:15067, 023fb60a-00b7-42be-9ceb-f38531668441|10.1.0.100:15076, 5f8e001a-8213-4762-a64f-c492c0fad8a7|10.1.0.100:15085]|listeners:[], old=null
2024-01-14 08:11:42,316 [59ce54d6-04b6-4e86-8314-d8540ae27b4b@group-EAD6276AADB2-LeaderElection12-1] INFO  server.GrpcServerProtocolClient (GrpcServerProtocolClient.java:<init>(65)) - Build channel for 023fb60a-00b7-42be-9ceb-f38531668441|10.1.0.100:15076
2024-01-14 08:11:42,316 [59ce54d6-04b6-4e86-8314-d8540ae27b4b@group-EAD6276AADB2-LeaderElection12] INFO  server.RaftServerConfigKeys (ConfUtils.java:logFallback(53)) - raft.server.rpc.first-election.timeout.min = 5s (fallback to raft.server.rpc.timeout.min)
2024-01-14 08:11:42,317 [59ce54d6-04b6-4e86-8314-d8540ae27b4b@group-EAD6276AADB2-LeaderElection12] INFO  server.RaftServerConfigKeys (ConfUtils.java:logFallback(53)) - raft.server.rpc.first-election.timeout.max = 5200ms (fallback to raft.server.rpc.timeout.max)
2024-01-14 08:11:42,317 [59ce54d6-04b6-4e86-8314-d8540ae27b4b@group-EAD6276AADB2-LeaderElection12-2] INFO  server.GrpcServerProtocolClient (GrpcServerProtocolClient.java:<init>(65)) - Build channel for 5f8e001a-8213-4762-a64f-c492c0fad8a7|10.1.0.100:15085
2024-01-14 08:11:42,322 [grpc-default-executor-0] INFO  server.RaftServer$Division (RaftServerImpl.java:requestVote(1389)) - 5f8e001a-8213-4762-a64f-c492c0fad8a7@group-EAD6276AADB2: receive requestVote(PRE_VOTE, 59ce54d6-04b6-4e86-8314-d8540ae27b4b, group-EAD6276AADB2, 0, (t:0, i:0))
2024-01-14 08:11:42,322 [grpc-default-executor-1] INFO  server.RaftServer$Division (RaftServerImpl.java:requestVote(1389)) - 023fb60a-00b7-42be-9ceb-f38531668441@group-EAD6276AADB2: receive requestVote(PRE_VOTE, 59ce54d6-04b6-4e86-8314-d8540ae27b4b, group-EAD6276AADB2, 0, (t:0, i:0))
2024-01-14 08:11:42,322 [grpc-default-executor-0] INFO  impl.VoteContext (VoteContext.java:log(49)) - 5f8e001a-8213-4762-a64f-c492c0fad8a7@group-EAD6276AADB2-FOLLOWER: accept PRE_VOTE from 59ce54d6-04b6-4e86-8314-d8540ae27b4b: our priority 0 <= candidate's priority 1
2024-01-14 08:11:42,322 [grpc-default-executor-1] INFO  impl.VoteContext (VoteContext.java:log(49)) - 023fb60a-00b7-42be-9ceb-f38531668441@group-EAD6276AADB2-FOLLOWER: accept PRE_VOTE from 59ce54d6-04b6-4e86-8314-d8540ae27b4b: our priority 0 <= candidate's priority 1
2024-01-14 08:11:42,323 [grpc-default-executor-0] INFO  server.RaftServer$Division (RaftServerImpl.java:requestVote(1422)) - 5f8e001a-8213-4762-a64f-c492c0fad8a7@group-EAD6276AADB2 replies to PRE_VOTE vote request: 59ce54d6-04b6-4e86-8314-d8540ae27b4b<-5f8e001a-8213-4762-a64f-c492c0fad8a7#0:OK-t0. Peer's state: 5f8e001a-8213-4762-a64f-c492c0fad8a7@group-EAD6276AADB2:t0, leader=null, voted=, raftlog=Memoized:5f8e001a-8213-4762-a64f-c492c0fad8a7@group-EAD6276AADB2-SegmentedRaftLog:OPENED:c-1, conf=-1: peers:[59ce54d6-04b6-4e86-8314-d8540ae27b4b|10.1.0.100:15067, 023fb60a-00b7-42be-9ceb-f38531668441|10.1.0.100:15076, 5f8e001a-8213-4762-a64f-c492c0fad8a7|10.1.0.100:15085]|listeners:[], old=null
2024-01-14 08:11:42,323 [grpc-default-executor-1] INFO  server.RaftServer$Division (RaftServerImpl.java:requestVote(1422)) - 023fb60a-00b7-42be-9ceb-f38531668441@group-EAD6276AADB2 replies to PRE_VOTE vote request: 59ce54d6-04b6-4e86-8314-d8540ae27b4b<-023fb60a-00b7-42be-9ceb-f38531668441#0:OK-t0. Peer's state: 023fb60a-00b7-42be-9ceb-f38531668441@group-EAD6276AADB2:t0, leader=null, voted=, raftlog=Memoized:023fb60a-00b7-42be-9ceb-f38531668441@group-EAD6276AADB2-SegmentedRaftLog:OPENED:c-1, conf=-1: peers:[59ce54d6-04b6-4e86-8314-d8540ae27b4b|10.1.0.100:15067, 023fb60a-00b7-42be-9ceb-f38531668441|10.1.0.100:15076, 5f8e001a-8213-4762-a64f-c492c0fad8a7|10.1.0.100:15085]|listeners:[], old=null
2024-01-14 08:11:42,325 [59ce54d6-04b6-4e86-8314-d8540ae27b4b@group-EAD6276AADB2-LeaderElection12] INFO  impl.LeaderElection (LeaderElection.java:logAndReturn(89)) - 59ce54d6-04b6-4e86-8314-d8540ae27b4b@group-EAD6276AADB2-LeaderElection12: PRE_VOTE PASSED received 1 response(s) and 0 exception(s):
2024-01-14 08:11:42,326 [59ce54d6-04b6-4e86-8314-d8540ae27b4b@group-EAD6276AADB2-LeaderElection12] INFO  impl.LeaderElection (LeaderElection.java:logAndReturn(93)) -   Response 0: 59ce54d6-04b6-4e86-8314-d8540ae27b4b<-023fb60a-00b7-42be-9ceb-f38531668441#0:OK-t0
2024-01-14 08:11:42,326 [59ce54d6-04b6-4e86-8314-d8540ae27b4b@group-EAD6276AADB2-LeaderElection12] INFO  impl.LeaderElection (LeaderElection.java:askForVotes(323)) - 59ce54d6-04b6-4e86-8314-d8540ae27b4b@group-EAD6276AADB2-LeaderElection12 PRE_VOTE round 0: result PASSED
2024-01-14 08:11:42,327 [59ce54d6-04b6-4e86-8314-d8540ae27b4b@group-EAD6276AADB2-LeaderElection12] INFO  impl.LeaderElection (LeaderElection.java:askForVotes(321)) - 59ce54d6-04b6-4e86-8314-d8540ae27b4b@group-EAD6276AADB2-LeaderElection12 ELECTION round 0: submit vote requests at term 1 for -1: peers:[59ce54d6-04b6-4e86-8314-d8540ae27b4b|10.1.0.100:15067, 023fb60a-00b7-42be-9ceb-f38531668441|10.1.0.100:15076, 5f8e001a-8213-4762-a64f-c492c0fad8a7|10.1.0.100:15085]|listeners:[], old=null
2024-01-14 08:11:42,328 [59ce54d6-04b6-4e86-8314-d8540ae27b4b@group-EAD6276AADB2-LeaderElection12] INFO  server.RaftServerConfigKeys (ConfUtils.java:logFallback(53)) - raft.server.rpc.first-election.timeout.min = 5s (fallback to raft.server.rpc.timeout.min)
2024-01-14 08:11:42,328 [59ce54d6-04b6-4e86-8314-d8540ae27b4b@group-EAD6276AADB2-LeaderElection12] INFO  server.RaftServerConfigKeys (ConfUtils.java:logFallback(53)) - raft.server.rpc.first-election.timeout.max = 5200ms (fallback to raft.server.rpc.timeout.max)
2024-01-14 08:11:42,338 [grpc-default-executor-0] INFO  server.RaftServer$Division (RaftServerImpl.java:requestVote(1389)) - 5f8e001a-8213-4762-a64f-c492c0fad8a7@group-EAD6276AADB2: receive requestVote(ELECTION, 59ce54d6-04b6-4e86-8314-d8540ae27b4b, group-EAD6276AADB2, 1, (t:0, i:0))
2024-01-14 08:11:42,338 [grpc-default-executor-0] INFO  impl.VoteContext (VoteContext.java:log(49)) - 5f8e001a-8213-4762-a64f-c492c0fad8a7@group-EAD6276AADB2-FOLLOWER: accept ELECTION from 59ce54d6-04b6-4e86-8314-d8540ae27b4b: our priority 0 <= candidate's priority 1
2024-01-14 08:11:42,338 [grpc-default-executor-0] INFO  server.RaftServer$Division (RaftServerImpl.java:setRole(383)) - 5f8e001a-8213-4762-a64f-c492c0fad8a7@group-EAD6276AADB2: changes role from  FOLLOWER to FOLLOWER at term 1 for candidate:59ce54d6-04b6-4e86-8314-d8540ae27b4b
2024-01-14 08:11:42,338 [grpc-default-executor-0] INFO  impl.RoleInfo (RoleInfo.java:shutdownFollowerState(110)) - 5f8e001a-8213-4762-a64f-c492c0fad8a7: shutdown 5f8e001a-8213-4762-a64f-c492c0fad8a7@group-EAD6276AADB2-FollowerState
2024-01-14 08:11:42,339 [grpc-default-executor-0] INFO  impl.RoleInfo (RoleInfo.java:updateAndGet(139)) - 5f8e001a-8213-4762-a64f-c492c0fad8a7: start 5f8e001a-8213-4762-a64f-c492c0fad8a7@group-EAD6276AADB2-FollowerState
2024-01-14 08:11:42,339 [5f8e001a-8213-4762-a64f-c492c0fad8a7@group-EAD6276AADB2-FollowerState] INFO  impl.FollowerState (FollowerState.java:run(152)) - 5f8e001a-8213-4762-a64f-c492c0fad8a7@group-EAD6276AADB2-FollowerState was interrupted
2024-01-14 08:11:42,339 [grpc-default-executor-0] INFO  server.RaftServer$Division (RaftServerImpl.java:setFirstElection(574)) - 5f8e001a-8213-4762-a64f-c492c0fad8a7@group-EAD6276AADB2: set firstElectionSinceStartup to false for candidate:59ce54d6-04b6-4e86-8314-d8540ae27b4b
2024-01-14 08:11:42,338 [grpc-default-executor-1] INFO  server.RaftServer$Division (RaftServerImpl.java:requestVote(1389)) - 023fb60a-00b7-42be-9ceb-f38531668441@group-EAD6276AADB2: receive requestVote(ELECTION, 59ce54d6-04b6-4e86-8314-d8540ae27b4b, group-EAD6276AADB2, 1, (t:0, i:0))
2024-01-14 08:11:42,339 [grpc-default-executor-1] INFO  impl.VoteContext (VoteContext.java:log(49)) - 023fb60a-00b7-42be-9ceb-f38531668441@group-EAD6276AADB2-FOLLOWER: accept ELECTION from 59ce54d6-04b6-4e86-8314-d8540ae27b4b: our priority 0 <= candidate's priority 1
2024-01-14 08:11:42,339 [grpc-default-executor-1] INFO  server.RaftServer$Division (RaftServerImpl.java:setRole(383)) - 023fb60a-00b7-42be-9ceb-f38531668441@group-EAD6276AADB2: changes role from  FOLLOWER to FOLLOWER at term 1 for candidate:59ce54d6-04b6-4e86-8314-d8540ae27b4b
2024-01-14 08:11:42,339 [grpc-default-executor-1] INFO  impl.RoleInfo (RoleInfo.java:shutdownFollowerState(110)) - 023fb60a-00b7-42be-9ceb-f38531668441: shutdown 023fb60a-00b7-42be-9ceb-f38531668441@group-EAD6276AADB2-FollowerState
2024-01-14 08:11:42,339 [grpc-default-executor-1] INFO  impl.RoleInfo (RoleInfo.java:updateAndGet(139)) - 023fb60a-00b7-42be-9ceb-f38531668441: start 023fb60a-00b7-42be-9ceb-f38531668441@group-EAD6276AADB2-FollowerState
2024-01-14 08:11:42,339 [023fb60a-00b7-42be-9ceb-f38531668441@group-EAD6276AADB2-FollowerState] INFO  impl.FollowerState (FollowerState.java:run(152)) - 023fb60a-00b7-42be-9ceb-f38531668441@group-EAD6276AADB2-FollowerState was interrupted
2024-01-14 08:11:42,340 [grpc-default-executor-1] INFO  server.RaftServer$Division (RaftServerImpl.java:setFirstElection(574)) - 023fb60a-00b7-42be-9ceb-f38531668441@group-EAD6276AADB2: set firstElectionSinceStartup to false for candidate:59ce54d6-04b6-4e86-8314-d8540ae27b4b
2024-01-14 08:11:42,340 [grpc-default-executor-0] INFO  server.RaftServer$Division (RaftServerImpl.java:requestVote(1422)) - 5f8e001a-8213-4762-a64f-c492c0fad8a7@group-EAD6276AADB2 replies to ELECTION vote request: 59ce54d6-04b6-4e86-8314-d8540ae27b4b<-5f8e001a-8213-4762-a64f-c492c0fad8a7#0:OK-t1. Peer's state: 5f8e001a-8213-4762-a64f-c492c0fad8a7@group-EAD6276AADB2:t1, leader=null, voted=59ce54d6-04b6-4e86-8314-d8540ae27b4b, raftlog=Memoized:5f8e001a-8213-4762-a64f-c492c0fad8a7@group-EAD6276AADB2-SegmentedRaftLog:OPENED:c-1, conf=-1: peers:[59ce54d6-04b6-4e86-8314-d8540ae27b4b|10.1.0.100:15067, 023fb60a-00b7-42be-9ceb-f38531668441|10.1.0.100:15076, 5f8e001a-8213-4762-a64f-c492c0fad8a7|10.1.0.100:15085]|listeners:[], old=null
2024-01-14 08:11:42,341 [59ce54d6-04b6-4e86-8314-d8540ae27b4b@group-EAD6276AADB2-LeaderElection12] INFO  impl.LeaderElection (LeaderElection.java:logAndReturn(89)) - 59ce54d6-04b6-4e86-8314-d8540ae27b4b@group-EAD6276AADB2-LeaderElection12: ELECTION PASSED received 1 response(s) and 0 exception(s):
2024-01-14 08:11:42,341 [59ce54d6-04b6-4e86-8314-d8540ae27b4b@group-EAD6276AADB2-LeaderElection12] INFO  impl.LeaderElection (LeaderElection.java:logAndReturn(93)) -   Response 0: 59ce54d6-04b6-4e86-8314-d8540ae27b4b<-5f8e001a-8213-4762-a64f-c492c0fad8a7#0:OK-t1
2024-01-14 08:11:42,341 [59ce54d6-04b6-4e86-8314-d8540ae27b4b@group-EAD6276AADB2-LeaderElection12] INFO  impl.LeaderElection (LeaderElection.java:askForVotes(323)) - 59ce54d6-04b6-4e86-8314-d8540ae27b4b@group-EAD6276AADB2-LeaderElection12 ELECTION round 0: result PASSED
2024-01-14 08:11:42,341 [59ce54d6-04b6-4e86-8314-d8540ae27b4b@group-EAD6276AADB2-LeaderElection12] INFO  impl.RoleInfo (RoleInfo.java:shutdownLeaderElection(130)) - 59ce54d6-04b6-4e86-8314-d8540ae27b4b: shutdown 59ce54d6-04b6-4e86-8314-d8540ae27b4b@group-EAD6276AADB2-LeaderElection12
2024-01-14 08:11:42,341 [59ce54d6-04b6-4e86-8314-d8540ae27b4b@group-EAD6276AADB2-LeaderElection12] INFO  server.RaftServer$Division (RaftServerImpl.java:setRole(383)) - 59ce54d6-04b6-4e86-8314-d8540ae27b4b@group-EAD6276AADB2: changes role from CANDIDATE to LEADER at term 1 for changeToLeader
2024-01-14 08:11:42,341 [59ce54d6-04b6-4e86-8314-d8540ae27b4b@group-EAD6276AADB2-LeaderElection12] INFO  server.RaftServerConfigKeys (ConfUtils.java:logGet(46)) - raft.server.staging.catchup.gap = 1000 (default)
2024-01-14 08:11:42,342 [59ce54d6-04b6-4e86-8314-d8540ae27b4b@group-EAD6276AADB2-LeaderElection12] INFO  server.RaftServerConfigKeys (ConfUtils.java:logGet(46)) - raft.server.write.element-limit = 1024 (custom)
2024-01-14 08:11:42,342 [59ce54d6-04b6-4e86-8314-d8540ae27b4b@group-EAD6276AADB2-LeaderElection12] INFO  server.RaftServerConfigKeys (ConfUtils.java:logGet(46)) - raft.server.write.byte-limit = 1024 M (=1073741824) (custom)
2024-01-14 08:11:42,342 [59ce54d6-04b6-4e86-8314-d8540ae27b4b@group-EAD6276AADB2-LeaderElection12] INFO  server.RaftServerConfigKeys (ConfUtils.java:logGet(46)) - raft.server.watch.timeout = 3000ms (custom)
2024-01-14 08:11:42,342 [59ce54d6-04b6-4e86-8314-d8540ae27b4b@group-EAD6276AADB2-LeaderElection12] INFO  server.RaftServerConfigKeys (ConfUtils.java:logGet(46)) - raft.server.watch.timeout.denomination = 1s (default)
2024-01-14 08:11:42,342 [59ce54d6-04b6-4e86-8314-d8540ae27b4b@group-EAD6276AADB2-LeaderElection12] INFO  server.RaftServerConfigKeys (ConfUtils.java:logGet(46)) - raft.server.watch.element-limit = 65536 (default)
2024-01-14 08:11:42,342 [grpc-default-executor-1] INFO  server.RaftServer$Division (RaftServerImpl.java:requestVote(1422)) - 023fb60a-00b7-42be-9ceb-f38531668441@group-EAD6276AADB2 replies to ELECTION vote request: 59ce54d6-04b6-4e86-8314-d8540ae27b4b<-023fb60a-00b7-42be-9ceb-f38531668441#0:OK-t1. Peer's state: 023fb60a-00b7-42be-9ceb-f38531668441@group-EAD6276AADB2:t1, leader=null, voted=59ce54d6-04b6-4e86-8314-d8540ae27b4b, raftlog=Memoized:023fb60a-00b7-42be-9ceb-f38531668441@group-EAD6276AADB2-SegmentedRaftLog:OPENED:c-1, conf=-1: peers:[59ce54d6-04b6-4e86-8314-d8540ae27b4b|10.1.0.100:15067, 023fb60a-00b7-42be-9ceb-f38531668441|10.1.0.100:15076, 5f8e001a-8213-4762-a64f-c492c0fad8a7|10.1.0.100:15085]|listeners:[], old=null
2024-01-14 08:11:42,342 [59ce54d6-04b6-4e86-8314-d8540ae27b4b@group-EAD6276AADB2-LeaderElection12] INFO  server.RaftServerConfigKeys (ConfUtils.java:logGet(46)) - raft.server.read.leader.lease.enabled = false (default)
2024-01-14 08:11:42,342 [59ce54d6-04b6-4e86-8314-d8540ae27b4b@group-EAD6276AADB2-LeaderElection12] INFO  server.RaftServerConfigKeys (ConfUtils.java:logGet(46)) - raft.server.read.leader.lease.timeout.ratio = 0.9 (default)
2024-01-14 08:11:42,342 [59ce54d6-04b6-4e86-8314-d8540ae27b4b@group-EAD6276AADB2-LeaderElection12] INFO  server.RaftServerConfigKeys (ConfUtils.java:logGet(46)) - raft.server.rpc.timeout.min = 5s (custom)
2024-01-14 08:11:42,342 [59ce54d6-04b6-4e86-8314-d8540ae27b4b@group-EAD6276AADB2-LeaderElection12] INFO  server.RaftServerConfigKeys (ConfUtils.java:logGet(46)) - raft.server.write.element-limit = 1024 (custom)
2024-01-14 08:11:42,343 [59ce54d6-04b6-4e86-8314-d8540ae27b4b@group-EAD6276AADB2-LeaderElection12] INFO  server.RaftServerConfigKeys (ConfUtils.java:logGet(46)) - raft.server.write.follower.gap.ratio.max = -1.0 (default)
2024-01-14 08:11:42,343 [59ce54d6-04b6-4e86-8314-d8540ae27b4b@group-EAD6276AADB2-LeaderElection12] INFO  server.RaftServerConfigKeys (ConfUtils.java:logGet(46)) - raft.server.log.appender.snapshot.chunk.size.max = 16MB (=16777216) (default)
2024-01-14 08:11:42,343 [59ce54d6-04b6-4e86-8314-d8540ae27b4b@group-EAD6276AADB2-LeaderElection12] INFO  server.RaftServerConfigKeys (ConfUtils.java:logGet(46)) - raft.server.log.appender.buffer.byte-limit = 8388608 (custom)
2024-01-14 08:11:42,343 [59ce54d6-04b6-4e86-8314-d8540ae27b4b@group-EAD6276AADB2-LeaderElection12] INFO  server.RaftServerConfigKeys (ConfUtils.java:logGet(46)) - raft.server.log.appender.buffer.element-limit = 1 (custom)
2024-01-14 08:11:42,343 [59ce54d6-04b6-4e86-8314-d8540ae27b4b@group-EAD6276AADB2-LeaderElection12] INFO  server.RaftServerConfigKeys (ConfUtils.java:logGet(46)) - raft.server.log.appender.wait-time.min = 0ms (custom)
2024-01-14 08:11:42,344 [59ce54d6-04b6-4e86-8314-d8540ae27b4b@group-EAD6276AADB2-LeaderElection12] INFO  grpc.GrpcConfigKeys (ConfUtils.java:logGet(46)) - raft.grpc.server.leader.outstanding.appends.max = 8 (default)
2024-01-14 08:11:42,344 [59ce54d6-04b6-4e86-8314-d8540ae27b4b@group-EAD6276AADB2-LeaderElection12] INFO  server.RaftServerConfigKeys (ConfUtils.java:logGet(46)) - raft.server.rpc.request.timeout = 3000ms (default)
2024-01-14 08:11:42,344 [59ce54d6-04b6-4e86-8314-d8540ae27b4b@group-EAD6276AADB2-LeaderElection12] INFO  grpc.GrpcConfigKeys (ConfUtils.java:logGet(46)) - raft.grpc.server.install_snapshot.request.element-limit = 8 (default)
2024-01-14 08:11:42,344 [59ce54d6-04b6-4e86-8314-d8540ae27b4b@group-EAD6276AADB2-LeaderElection12] INFO  grpc.GrpcConfigKeys (ConfUtils.java:logGet(46)) - raft.grpc.server.install_snapshot.request.timeout = 3000ms (default)
2024-01-14 08:11:42,344 [59ce54d6-04b6-4e86-8314-d8540ae27b4b@group-EAD6276AADB2-LeaderElection12] INFO  grpc.GrpcConfigKeys (ConfUtils.java:logGet(46)) - raft.grpc.server.log-message.batch.duration = 5s (default)
2024-01-14 08:11:42,344 [59ce54d6-04b6-4e86-8314-d8540ae27b4b@group-EAD6276AADB2-LeaderElection12] INFO  server.RaftServerConfigKeys (ConfUtils.java:logGet(46)) - raft.server.log.appender.install.snapshot.enabled = false (custom)
2024-01-14 08:11:42,344 [59ce54d6-04b6-4e86-8314-d8540ae27b4b@group-EAD6276AADB2-LeaderElection12] INFO  grpc.GrpcConfigKeys (ConfUtils.java:logGet(46)) - raft.grpc.server.heartbeat.channel = true (default)
2024-01-14 08:11:42,345 [59ce54d6-04b6-4e86-8314-d8540ae27b4b@group-EAD6276AADB2-LeaderElection12] INFO  server.RaftServerConfigKeys (ConfUtils.java:logGet(46)) - raft.server.log.appender.snapshot.chunk.size.max = 16MB (=16777216) (default)
2024-01-14 08:11:42,345 [59ce54d6-04b6-4e86-8314-d8540ae27b4b@group-EAD6276AADB2-LeaderElection12] INFO  server.RaftServerConfigKeys (ConfUtils.java:logGet(46)) - raft.server.log.appender.buffer.byte-limit = 8388608 (custom)
2024-01-14 08:11:42,345 [59ce54d6-04b6-4e86-8314-d8540ae27b4b@group-EAD6276AADB2-LeaderElection12] INFO  server.RaftServerConfigKeys (ConfUtils.java:logGet(46)) - raft.server.log.appender.buffer.element-limit = 1 (custom)
2024-01-14 08:11:42,345 [59ce54d6-04b6-4e86-8314-d8540ae27b4b@group-EAD6276AADB2-LeaderElection12] INFO  server.RaftServerConfigKeys (ConfUtils.java:logGet(46)) - raft.server.log.appender.wait-time.min = 0ms (custom)
2024-01-14 08:11:42,345 [59ce54d6-04b6-4e86-8314-d8540ae27b4b@group-EAD6276AADB2-LeaderElection12] INFO  grpc.GrpcConfigKeys (ConfUtils.java:logGet(46)) - raft.grpc.server.leader.outstanding.appends.max = 8 (default)
2024-01-14 08:11:42,345 [59ce54d6-04b6-4e86-8314-d8540ae27b4b@group-EAD6276AADB2-LeaderElection12] INFO  server.RaftServerConfigKeys (ConfUtils.java:logGet(46)) - raft.server.rpc.request.timeout = 3000ms (default)
2024-01-14 08:11:42,345 [59ce54d6-04b6-4e86-8314-d8540ae27b4b@group-EAD6276AADB2-LeaderElection12] INFO  grpc.GrpcConfigKeys (ConfUtils.java:logGet(46)) - raft.grpc.server.install_snapshot.request.element-limit = 8 (default)
2024-01-14 08:11:42,345 [59ce54d6-04b6-4e86-8314-d8540ae27b4b@group-EAD6276AADB2-LeaderElection12] INFO  grpc.GrpcConfigKeys (ConfUtils.java:logGet(46)) - raft.grpc.server.install_snapshot.request.timeout = 3000ms (default)
2024-01-14 08:11:42,345 [59ce54d6-04b6-4e86-8314-d8540ae27b4b@group-EAD6276AADB2-LeaderElection12] INFO  grpc.GrpcConfigKeys (ConfUtils.java:logGet(46)) - raft.grpc.server.log-message.batch.duration = 5s (default)
2024-01-14 08:11:42,345 [59ce54d6-04b6-4e86-8314-d8540ae27b4b@group-EAD6276AADB2-LeaderElection12] INFO  server.RaftServerConfigKeys (ConfUtils.java:logGet(46)) - raft.server.log.appender.install.snapshot.enabled = false (custom)
2024-01-14 08:11:42,345 [59ce54d6-04b6-4e86-8314-d8540ae27b4b@group-EAD6276AADB2-LeaderElection12] INFO  grpc.GrpcConfigKeys (ConfUtils.java:logGet(46)) - raft.grpc.server.heartbeat.channel = true (default)
2024-01-14 08:11:42,346 [59ce54d6-04b6-4e86-8314-d8540ae27b4b@group-EAD6276AADB2-LeaderElection12] INFO  impl.RoleInfo (RoleInfo.java:updateAndGet(139)) - 59ce54d6-04b6-4e86-8314-d8540ae27b4b: start 59ce54d6-04b6-4e86-8314-d8540ae27b4b@group-EAD6276AADB2-LeaderStateImpl
2024-01-14 08:11:42,346 [59ce54d6-04b6-4e86-8314-d8540ae27b4b@group-EAD6276AADB2-LeaderElection12] INFO  server.RaftServer$Division (RaftServerImpl.java:setFirstElection(574)) - 59ce54d6-04b6-4e86-8314-d8540ae27b4b@group-EAD6276AADB2: set firstElectionSinceStartup to false for becomeLeader
2024-01-14 08:11:42,346 [59ce54d6-04b6-4e86-8314-d8540ae27b4b@group-EAD6276AADB2-LeaderElection12] INFO  ratis.XceiverServerRatis (XceiverServerRatis.java:handleLeaderChangedNotification(945)) - Leader change notification received for group: group-EAD6276AADB2 with new leaderId: 59ce54d6-04b6-4e86-8314-d8540ae27b4b
2024-01-14 08:11:42,346 [59ce54d6-04b6-4e86-8314-d8540ae27b4b@group-EAD6276AADB2-LeaderElection12] INFO  server.RaftServer$Division (ServerState.java:setLeader(269)) - 59ce54d6-04b6-4e86-8314-d8540ae27b4b@group-EAD6276AADB2: change Leader from null to 59ce54d6-04b6-4e86-8314-d8540ae27b4b at term 1 for becomeLeader, leader elected after 5068ms
2024-01-14 08:11:42,347 [59ce54d6-04b6-4e86-8314-d8540ae27b4b@group-EAD6276AADB2-LeaderElection12] INFO  segmented.SegmentedRaftLogWorker (SegmentedRaftLogWorker.java:startLogSegment(430)) - 59ce54d6-04b6-4e86-8314-d8540ae27b4b@group-EAD6276AADB2-SegmentedRaftLogWorker: Starting segment from index:0
2024-01-14 08:11:42,347 [59ce54d6-04b6-4e86-8314-d8540ae27b4b@group-EAD6276AADB2-SegmentedRaftLogWorker] INFO  segmented.BufferedWriteChannel (BufferedWriteChannel.java:open(62)) - open log_inprogress_0 at position 0
2024-01-14 08:11:42,349 [59ce54d6-04b6-4e86-8314-d8540ae27b4b@group-EAD6276AADB2-LeaderElection12] INFO  server.RaftServer$Division (ServerState.java:setRaftConf(386)) - 59ce54d6-04b6-4e86-8314-d8540ae27b4b@group-EAD6276AADB2: set configuration 0: peers:[59ce54d6-04b6-4e86-8314-d8540ae27b4b|10.1.0.100:15067, 023fb60a-00b7-42be-9ceb-f38531668441|10.1.0.100:15076, 5f8e001a-8213-4762-a64f-c492c0fad8a7|10.1.0.100:15085]|listeners:[], old=null
2024-01-14 08:11:42,350 [EventQueue-PipelineReportForPipelineReportHandler] INFO  pipeline.PipelineReportHandler (PipelineReportHandler.java:processPipelineReport(136)) - Opened pipeline PipelineID=a9d1e480-37a4-42af-9d39-ead6276aadb2
2024-01-14 08:11:42,350 [EventQueue-OpenPipelineForHealthyPipelineSafeModeRule] INFO  safemode.SCMSafeModeManager (HealthyPipelineSafeModeRule.java:process(140)) - SCM in safe mode. Healthy pipelines reported count is 1, required healthy pipeline reported count is 1
2024-01-14 08:11:42,350 [EventQueue-OpenPipelineForHealthyPipelineSafeModeRule] INFO  safemode.SCMSafeModeManager (SCMSafeModeManager.java:validateSafeModeExitRules(200)) - HealthyPipelineSafeModeRule rule is successfully validated
2024-01-14 08:11:42,350 [EventQueue-OpenPipelineForHealthyPipelineSafeModeRule] INFO  safemode.SCMSafeModeManager (SCMSafeModeManager.java:validateSafeModeExitRules(215)) - ScmSafeModeManager, all rules are successfully validated
2024-01-14 08:11:42,350 [EventQueue-OpenPipelineForHealthyPipelineSafeModeRule] INFO  safemode.SCMSafeModeManager (SCMSafeModeManager.java:exitSafeMode(244)) - SCM exiting safe mode.
2024-01-14 08:11:42,350 [EventQueue-OpenPipelineForHealthyPipelineSafeModeRule] INFO  ha.SCMContext (SCMContext.java:updateSafeModeStatus(230)) - Update SafeModeStatus from SafeModeStatus{safeModeStatus=true, preCheckPassed=true} to SafeModeStatus{safeModeStatus=false, preCheckPassed=true}.
2024-01-14 08:11:42,350 [EventQueue-OpenPipelineForHealthyPipelineSafeModeRule] INFO  pipeline.BackgroundPipelineCreator (BackgroundPipelineCreator.java:notifyStatusChanged(258)) - Service BackgroundPipelineCreator transitions to RUNNING.
2024-01-14 08:11:42,350 [EventQueue-OpenPipelineForHealthyPipelineSafeModeRule] INFO  BackgroundPipelineScrubber (BackgroundSCMService.java:notifyStatusChanged(82)) - Service BackgroundPipelineScrubber transitions to RUNNING.
2024-01-14 08:11:42,351 [EventQueue-OpenPipelineForHealthyPipelineSafeModeRule] INFO  ExpiredContainerReplicaOpScrubber (BackgroundSCMService.java:notifyStatusChanged(82)) - Service ExpiredContainerReplicaOpScrubber transitions to RUNNING.
2024-01-14 08:11:42,351 [EventQueue-OpenPipelineForHealthyPipelineSafeModeRule] INFO  block.SCMBlockDeletingService (SCMBlockDeletingService.java:notifyStatusChanged(247)) - notifyStatusChanged:RUNNING
2024-01-14 08:11:42,351 [EventQueue-OpenPipelineForHealthyPipelineSafeModeRule] INFO  replication.ReplicationManager (ReplicationManager.java:notifyStatusChanged(1401)) - Service ReplicationManager transitions to RUNNING.
2024-01-14 08:11:42,351 [EventQueue-OpenPipelineForHealthyPipelineSafeModeRule] WARN  balancer.ContainerBalancer (ContainerBalancer.java:shouldRun(134)) - Could not find persisted configuration for ContainerBalancer when checking if ContainerBalancer should run. ContainerBalancer should not run now.
2024-01-14 08:11:42,355 [59ce54d6-04b6-4e86-8314-d8540ae27b4b@group-EAD6276AADB2-SegmentedRaftLogWorker] INFO  segmented.SegmentedRaftLogWorker (SegmentedRaftLogWorker.java:execute(634)) - 59ce54d6-04b6-4e86-8314-d8540ae27b4b@group-EAD6276AADB2-SegmentedRaftLogWorker: created new log segment /home/runner/work/ozone/ozone/hadoop-ozone/integration-test/target/test-dir/MiniOzoneClusterImpl-cd00605b-e4dc-4ea1-ab7e-d8be28c4d560/datanode-0/data/ratis/a9d1e480-37a4-42af-9d39-ead6276aadb2/current/log_inprogress_0
2024-01-14 08:11:42,367 [023fb60a-00b7-42be-9ceb-f38531668441-server-thread1] INFO  ratis.XceiverServerRatis (XceiverServerRatis.java:handleLeaderChangedNotification(945)) - Leader change notification received for group: group-EAD6276AADB2 with new leaderId: 59ce54d6-04b6-4e86-8314-d8540ae27b4b
2024-01-14 08:11:42,367 [5f8e001a-8213-4762-a64f-c492c0fad8a7-server-thread1] INFO  ratis.XceiverServerRatis (XceiverServerRatis.java:handleLeaderChangedNotification(945)) - Leader change notification received for group: group-EAD6276AADB2 with new leaderId: 59ce54d6-04b6-4e86-8314-d8540ae27b4b
2024-01-14 08:11:42,367 [023fb60a-00b7-42be-9ceb-f38531668441-server-thread1] INFO  server.RaftServer$Division (ServerState.java:setLeader(269)) - 023fb60a-00b7-42be-9ceb-f38531668441@group-EAD6276AADB2: change Leader from null to 59ce54d6-04b6-4e86-8314-d8540ae27b4b at term 1 for appendEntries, leader elected after 5030ms
2024-01-14 08:11:42,367 [5f8e001a-8213-4762-a64f-c492c0fad8a7-server-thread1] INFO  server.RaftServer$Division (ServerState.java:setLeader(269)) - 5f8e001a-8213-4762-a64f-c492c0fad8a7@group-EAD6276AADB2: change Leader from null to 59ce54d6-04b6-4e86-8314-d8540ae27b4b at term 1 for appendEntries, leader elected after 4925ms
2024-01-14 08:11:42,368 [023fb60a-00b7-42be-9ceb-f38531668441-server-thread1] INFO  server.RaftServer$Division (ServerState.java:setRaftConf(386)) - 023fb60a-00b7-42be-9ceb-f38531668441@group-EAD6276AADB2: set configuration 0: peers:[59ce54d6-04b6-4e86-8314-d8540ae27b4b|10.1.0.100:15067, 023fb60a-00b7-42be-9ceb-f38531668441|10.1.0.100:15076, 5f8e001a-8213-4762-a64f-c492c0fad8a7|10.1.0.100:15085]|listeners:[], old=null
2024-01-14 08:11:42,369 [023fb60a-00b7-42be-9ceb-f38531668441-server-thread1] INFO  segmented.SegmentedRaftLogWorker (SegmentedRaftLogWorker.java:startLogSegment(430)) - 023fb60a-00b7-42be-9ceb-f38531668441@group-EAD6276AADB2-SegmentedRaftLogWorker: Starting segment from index:0
2024-01-14 08:11:42,369 [5f8e001a-8213-4762-a64f-c492c0fad8a7-server-thread2] INFO  server.RaftServer$Division (ServerState.java:setRaftConf(386)) - 5f8e001a-8213-4762-a64f-c492c0fad8a7@group-EAD6276AADB2: set configuration 0: peers:[59ce54d6-04b6-4e86-8314-d8540ae27b4b|10.1.0.100:15067, 023fb60a-00b7-42be-9ceb-f38531668441|10.1.0.100:15076, 5f8e001a-8213-4762-a64f-c492c0fad8a7|10.1.0.100:15085]|listeners:[], old=null
2024-01-14 08:11:42,369 [5f8e001a-8213-4762-a64f-c492c0fad8a7-server-thread2] INFO  segmented.SegmentedRaftLogWorker (SegmentedRaftLogWorker.java:startLogSegment(430)) - 5f8e001a-8213-4762-a64f-c492c0fad8a7@group-EAD6276AADB2-SegmentedRaftLogWorker: Starting segment from index:0
2024-01-14 08:11:42,372 [023fb60a-00b7-42be-9ceb-f38531668441@group-EAD6276AADB2-SegmentedRaftLogWorker] INFO  segmented.BufferedWriteChannel (BufferedWriteChannel.java:open(62)) - open log_inprogress_0 at position 0
2024-01-14 08:11:42,375 [5f8e001a-8213-4762-a64f-c492c0fad8a7@group-EAD6276AADB2-SegmentedRaftLogWorker] INFO  segmented.BufferedWriteChannel (BufferedWriteChannel.java:open(62)) - open log_inprogress_0 at position 0
2024-01-14 08:11:42,379 [023fb60a-00b7-42be-9ceb-f38531668441@group-EAD6276AADB2-SegmentedRaftLogWorker] INFO  segmented.SegmentedRaftLogWorker (SegmentedRaftLogWorker.java:execute(634)) - 023fb60a-00b7-42be-9ceb-f38531668441@group-EAD6276AADB2-SegmentedRaftLogWorker: created new log segment /home/runner/work/ozone/ozone/hadoop-ozone/integration-test/target/test-dir/MiniOzoneClusterImpl-cd00605b-e4dc-4ea1-ab7e-d8be28c4d560/datanode-1/data/ratis/a9d1e480-37a4-42af-9d39-ead6276aadb2/current/log_inprogress_0
2024-01-14 08:11:42,384 [59ce54d6-04b6-4e86-8314-d8540ae27b4b@group-EAD6276AADB2-StateMachineUpdater] INFO  server.RaftServer$Division (LeaderStateImpl.java:isApplied(320)) - leader is ready since appliedIndex == 0 >= startIndex == 0
2024-01-14 08:11:42,384 [5f8e001a-8213-4762-a64f-c492c0fad8a7@group-EAD6276AADB2-SegmentedRaftLogWorker] INFO  segmented.SegmentedRaftLogWorker (SegmentedRaftLogWorker.java:execute(634)) - 5f8e001a-8213-4762-a64f-c492c0fad8a7@group-EAD6276AADB2-SegmentedRaftLogWorker: created new log segment /home/runner/work/ozone/ozone/hadoop-ozone/integration-test/target/test-dir/MiniOzoneClusterImpl-cd00605b-e4dc-4ea1-ab7e-d8be28c4d560/datanode-2/data/ratis/a9d1e480-37a4-42af-9d39-ead6276aadb2/current/log_inprogress_0
2024-01-14 08:11:42,435 [023fb60a-00b7-42be-9ceb-f38531668441@group-857E0CCB03C9-FollowerState] INFO  impl.FollowerState (FollowerState.java:run(143)) - 023fb60a-00b7-42be-9ceb-f38531668441@group-857E0CCB03C9-FollowerState: change to CANDIDATE, lastRpcElapsedTime:5045096782ns, electionTimeout:5042ms
2024-01-14 08:11:42,435 [023fb60a-00b7-42be-9ceb-f38531668441@group-857E0CCB03C9-FollowerState] INFO  impl.RoleInfo (RoleInfo.java:shutdownFollowerState(110)) - 023fb60a-00b7-42be-9ceb-f38531668441: shutdown 023fb60a-00b7-42be-9ceb-f38531668441@group-857E0CCB03C9-FollowerState
2024-01-14 08:11:42,435 [023fb60a-00b7-42be-9ceb-f38531668441@group-857E0CCB03C9-FollowerState] INFO  server.RaftServer$Division (RaftServerImpl.java:setRole(383)) - 023fb60a-00b7-42be-9ceb-f38531668441@group-857E0CCB03C9: changes role from  FOLLOWER to CANDIDATE at term 0 for changeToCandidate
2024-01-14 08:11:42,435 [023fb60a-00b7-42be-9ceb-f38531668441@group-857E0CCB03C9-FollowerState] INFO  server.RaftServerConfigKeys (ConfUtils.java:logGet(46)) - raft.server.leaderelection.pre-vote = true (default)
2024-01-14 08:11:42,435 [023fb60a-00b7-42be-9ceb-f38531668441@group-857E0CCB03C9-FollowerState] INFO  impl.RoleInfo (RoleInfo.java:updateAndGet(139)) - 023fb60a-00b7-42be-9ceb-f38531668441: start 023fb60a-00b7-42be-9ceb-f38531668441@group-857E0CCB03C9-LeaderElection13
2024-01-14 08:11:42,436 [023fb60a-00b7-42be-9ceb-f38531668441@group-857E0CCB03C9-LeaderElection13] INFO  impl.LeaderElection (LeaderElection.java:askForVotes(321)) - 023fb60a-00b7-42be-9ceb-f38531668441@group-857E0CCB03C9-LeaderElection13 PRE_VOTE round 0: submit vote requests at term 0 for -1: peers:[023fb60a-00b7-42be-9ceb-f38531668441|10.1.0.100:15076]|listeners:[], old=null
2024-01-14 08:11:42,436 [023fb60a-00b7-42be-9ceb-f38531668441@group-857E0CCB03C9-LeaderElection13] INFO  impl.LeaderElection (LeaderElection.java:askForVotes(323)) - 023fb60a-00b7-42be-9ceb-f38531668441@group-857E0CCB03C9-LeaderElection13 PRE_VOTE round 0: result PASSED (term=0)
2024-01-14 08:11:42,437 [023fb60a-00b7-42be-9ceb-f38531668441@group-857E0CCB03C9-LeaderElection13] INFO  impl.LeaderElection (LeaderElection.java:askForVotes(321)) - 023fb60a-00b7-42be-9ceb-f38531668441@group-857E0CCB03C9-LeaderElection13 ELECTION round 0: submit vote requests at term 1 for -1: peers:[023fb60a-00b7-42be-9ceb-f38531668441|10.1.0.100:15076]|listeners:[], old=null
2024-01-14 08:11:42,437 [023fb60a-00b7-42be-9ceb-f38531668441@group-857E0CCB03C9-LeaderElection13] INFO  impl.LeaderElection (LeaderElection.java:askForVotes(323)) - 023fb60a-00b7-42be-9ceb-f38531668441@group-857E0CCB03C9-LeaderElection13 ELECTION round 0: result PASSED (term=1)
2024-01-14 08:11:42,437 [023fb60a-00b7-42be-9ceb-f38531668441@group-857E0CCB03C9-LeaderElection13] INFO  impl.RoleInfo (RoleInfo.java:shutdownLeaderElection(130)) - 023fb60a-00b7-42be-9ceb-f38531668441: shutdown 023fb60a-00b7-42be-9ceb-f38531668441@group-857E0CCB03C9-LeaderElection13
2024-01-14 08:11:42,437 [023fb60a-00b7-42be-9ceb-f38531668441@group-857E0CCB03C9-LeaderElection13] INFO  server.RaftServer$Division (RaftServerImpl.java:setRole(383)) - 023fb60a-00b7-42be-9ceb-f38531668441@group-857E0CCB03C9: changes role from CANDIDATE to LEADER at term 1 for changeToLeader
2024-01-14 08:11:42,437 [023fb60a-00b7-42be-9ceb-f38531668441@group-857E0CCB03C9-LeaderElection13] INFO  server.RaftServerConfigKeys (ConfUtils.java:logGet(46)) - raft.server.staging.catchup.gap = 1000 (default)
2024-01-14 08:11:42,437 [023fb60a-00b7-42be-9ceb-f38531668441@group-857E0CCB03C9-LeaderElection13] INFO  server.RaftServerConfigKeys (ConfUtils.java:logGet(46)) - raft.server.write.element-limit = 1024 (custom)
2024-01-14 08:11:42,437 [023fb60a-00b7-42be-9ceb-f38531668441@group-857E0CCB03C9-LeaderElection13] INFO  server.RaftServerConfigKeys (ConfUtils.java:logGet(46)) - raft.server.write.byte-limit = 1024 M (=1073741824) (custom)
2024-01-14 08:11:42,438 [023fb60a-00b7-42be-9ceb-f38531668441@group-857E0CCB03C9-LeaderElection13] INFO  server.RaftServerConfigKeys (ConfUtils.java:logGet(46)) - raft.server.watch.timeout = 3000ms (custom)
2024-01-14 08:11:42,438 [023fb60a-00b7-42be-9ceb-f38531668441@group-857E0CCB03C9-LeaderElection13] INFO  server.RaftServerConfigKeys (ConfUtils.java:logGet(46)) - raft.server.watch.timeout.denomination = 1s (default)
2024-01-14 08:11:42,438 [023fb60a-00b7-42be-9ceb-f38531668441@group-857E0CCB03C9-LeaderElection13] INFO  server.RaftServerConfigKeys (ConfUtils.java:logGet(46)) - raft.server.watch.element-limit = 65536 (default)
2024-01-14 08:11:42,438 [023fb60a-00b7-42be-9ceb-f38531668441@group-857E0CCB03C9-LeaderElection13] INFO  server.RaftServerConfigKeys (ConfUtils.java:logGet(46)) - raft.server.read.leader.lease.enabled = false (default)
2024-01-14 08:11:42,438 [023fb60a-00b7-42be-9ceb-f38531668441@group-857E0CCB03C9-LeaderElection13] INFO  server.RaftServerConfigKeys (ConfUtils.java:logGet(46)) - raft.server.read.leader.lease.timeout.ratio = 0.9 (default)
2024-01-14 08:11:42,438 [023fb60a-00b7-42be-9ceb-f38531668441@group-857E0CCB03C9-LeaderElection13] INFO  server.RaftServerConfigKeys (ConfUtils.java:logGet(46)) - raft.server.rpc.timeout.min = 5s (custom)
2024-01-14 08:11:42,438 [023fb60a-00b7-42be-9ceb-f38531668441@group-857E0CCB03C9-LeaderElection13] INFO  server.RaftServerConfigKeys (ConfUtils.java:logGet(46)) - raft.server.write.element-limit = 1024 (custom)
2024-01-14 08:11:42,438 [023fb60a-00b7-42be-9ceb-f38531668441@group-857E0CCB03C9-LeaderElection13] INFO  server.RaftServerConfigKeys (ConfUtils.java:logGet(46)) - raft.server.write.follower.gap.ratio.max = -1.0 (default)
2024-01-14 08:11:42,438 [023fb60a-00b7-42be-9ceb-f38531668441@group-857E0CCB03C9-LeaderElection13] INFO  impl.RoleInfo (RoleInfo.java:updateAndGet(139)) - 023fb60a-00b7-42be-9ceb-f38531668441: start 023fb60a-00b7-42be-9ceb-f38531668441@group-857E0CCB03C9-LeaderStateImpl
2024-01-14 08:11:42,438 [023fb60a-00b7-42be-9ceb-f38531668441@group-857E0CCB03C9-LeaderElection13] INFO  server.RaftServer$Division (RaftServerImpl.java:setFirstElection(574)) - 023fb60a-00b7-42be-9ceb-f38531668441@group-857E0CCB03C9: set firstElectionSinceStartup to false for becomeLeader
2024-01-14 08:11:42,438 [023fb60a-00b7-42be-9ceb-f38531668441@group-857E0CCB03C9-LeaderElection13] INFO  ratis.XceiverServerRatis (XceiverServerRatis.java:handleLeaderChangedNotification(945)) - Leader change notification received for group: group-857E0CCB03C9 with new leaderId: 023fb60a-00b7-42be-9ceb-f38531668441
2024-01-14 08:11:42,438 [023fb60a-00b7-42be-9ceb-f38531668441@group-857E0CCB03C9-LeaderElection13] INFO  server.RaftServer$Division (ServerState.java:setLeader(269)) - 023fb60a-00b7-42be-9ceb-f38531668441@group-857E0CCB03C9: change Leader from null to 023fb60a-00b7-42be-9ceb-f38531668441 at term 1 for becomeLeader, leader elected after 5067ms
2024-01-14 08:11:42,438 [023fb60a-00b7-42be-9ceb-f38531668441@group-857E0CCB03C9-LeaderElection13] INFO  segmented.SegmentedRaftLogWorker (SegmentedRaftLogWorker.java:startLogSegment(430)) - 023fb60a-00b7-42be-9ceb-f38531668441@group-857E0CCB03C9-SegmentedRaftLogWorker: Starting segment from index:0
2024-01-14 08:11:42,439 [023fb60a-00b7-42be-9ceb-f38531668441@group-857E0CCB03C9-LeaderElection13] INFO  server.RaftServer$Division (ServerState.java:setRaftConf(386)) - 023fb60a-00b7-42be-9ceb-f38531668441@group-857E0CCB03C9: set configuration 0: peers:[023fb60a-00b7-42be-9ceb-f38531668441|10.1.0.100:15076]|listeners:[], old=null
2024-01-14 08:11:42,440 [023fb60a-00b7-42be-9ceb-f38531668441@group-857E0CCB03C9-SegmentedRaftLogWorker] INFO  segmented.BufferedWriteChannel (BufferedWriteChannel.java:open(62)) - open log_inprogress_0 at position 0
2024-01-14 08:11:42,446 [023fb60a-00b7-42be-9ceb-f38531668441@group-857E0CCB03C9-SegmentedRaftLogWorker] INFO  segmented.SegmentedRaftLogWorker (SegmentedRaftLogWorker.java:execute(634)) - 023fb60a-00b7-42be-9ceb-f38531668441@group-857E0CCB03C9-SegmentedRaftLogWorker: created new log segment /home/runner/work/ozone/ozone/hadoop-ozone/integration-test/target/test-dir/MiniOzoneClusterImpl-cd00605b-e4dc-4ea1-ab7e-d8be28c4d560/datanode-1/data/ratis/045f9788-11c2-47a6-bfc6-857e0ccb03c9/current/log_inprogress_0
2024-01-14 08:11:42,448 [023fb60a-00b7-42be-9ceb-f38531668441@group-857E0CCB03C9-StateMachineUpdater] INFO  server.RaftServer$Division (LeaderStateImpl.java:isApplied(320)) - leader is ready since appliedIndex == 0 >= startIndex == 0
2024-01-14 08:11:42,469 [59ce54d6-04b6-4e86-8314-d8540ae27b4b@group-5C99898D9976-FollowerState] INFO  impl.FollowerState (FollowerState.java:run(143)) - 59ce54d6-04b6-4e86-8314-d8540ae27b4b@group-5C99898D9976-FollowerState: change to CANDIDATE, lastRpcElapsedTime:5200894163ns, electionTimeout:5199ms
2024-01-14 08:11:42,469 [59ce54d6-04b6-4e86-8314-d8540ae27b4b@group-5C99898D9976-FollowerState] INFO  impl.RoleInfo (RoleInfo.java:shutdownFollowerState(110)) - 59ce54d6-04b6-4e86-8314-d8540ae27b4b: shutdown 59ce54d6-04b6-4e86-8314-d8540ae27b4b@group-5C99898D9976-FollowerState
2024-01-14 08:11:42,469 [59ce54d6-04b6-4e86-8314-d8540ae27b4b@group-5C99898D9976-FollowerState] INFO  server.RaftServer$Division (RaftServerImpl.java:setRole(383)) - 59ce54d6-04b6-4e86-8314-d8540ae27b4b@group-5C99898D9976: changes role from  FOLLOWER to CANDIDATE at term 0 for changeToCandidate
2024-01-14 08:11:42,469 [59ce54d6-04b6-4e86-8314-d8540ae27b4b@group-5C99898D9976-FollowerState] INFO  server.RaftServerConfigKeys (ConfUtils.java:logGet(46)) - raft.server.leaderelection.pre-vote = true (default)
2024-01-14 08:11:42,469 [59ce54d6-04b6-4e86-8314-d8540ae27b4b@group-5C99898D9976-FollowerState] INFO  impl.RoleInfo (RoleInfo.java:updateAndGet(139)) - 59ce54d6-04b6-4e86-8314-d8540ae27b4b: start 59ce54d6-04b6-4e86-8314-d8540ae27b4b@group-5C99898D9976-LeaderElection14
2024-01-14 08:11:42,470 [59ce54d6-04b6-4e86-8314-d8540ae27b4b@group-5C99898D9976-LeaderElection14] INFO  impl.LeaderElection (LeaderElection.java:askForVotes(321)) - 59ce54d6-04b6-4e86-8314-d8540ae27b4b@group-5C99898D9976-LeaderElection14 PRE_VOTE round 0: submit vote requests at term 0 for -1: peers:[59ce54d6-04b6-4e86-8314-d8540ae27b4b|10.1.0.100:15067]|listeners:[], old=null
2024-01-14 08:11:42,470 [59ce54d6-04b6-4e86-8314-d8540ae27b4b@group-5C99898D9976-LeaderElection14] INFO  impl.LeaderElection (LeaderElection.java:askForVotes(323)) - 59ce54d6-04b6-4e86-8314-d8540ae27b4b@group-5C99898D9976-LeaderElection14 PRE_VOTE round 0: result PASSED (term=0)
2024-01-14 08:11:42,471 [59ce54d6-04b6-4e86-8314-d8540ae27b4b@group-5C99898D9976-LeaderElection14] INFO  impl.LeaderElection (LeaderElection.java:askForVotes(321)) - 59ce54d6-04b6-4e86-8314-d8540ae27b4b@group-5C99898D9976-LeaderElection14 ELECTION round 0: submit vote requests at term 1 for -1: peers:[59ce54d6-04b6-4e86-8314-d8540ae27b4b|10.1.0.100:15067]|listeners:[], old=null
2024-01-14 08:11:42,471 [59ce54d6-04b6-4e86-8314-d8540ae27b4b@group-5C99898D9976-LeaderElection14] INFO  impl.LeaderElection (LeaderElection.java:askForVotes(323)) - 59ce54d6-04b6-4e86-8314-d8540ae27b4b@group-5C99898D9976-LeaderElection14 ELECTION round 0: result PASSED (term=1)
2024-01-14 08:11:42,471 [59ce54d6-04b6-4e86-8314-d8540ae27b4b@group-5C99898D9976-LeaderElection14] INFO  impl.RoleInfo (RoleInfo.java:shutdownLeaderElection(130)) - 59ce54d6-04b6-4e86-8314-d8540ae27b4b: shutdown 59ce54d6-04b6-4e86-8314-d8540ae27b4b@group-5C99898D9976-LeaderElection14
2024-01-14 08:11:42,472 [59ce54d6-04b6-4e86-8314-d8540ae27b4b@group-5C99898D9976-LeaderElection14] INFO  server.RaftServer$Division (RaftServerImpl.java:setRole(383)) - 59ce54d6-04b6-4e86-8314-d8540ae27b4b@group-5C99898D9976: changes role from CANDIDATE to LEADER at term 1 for changeToLeader
2024-01-14 08:11:42,472 [59ce54d6-04b6-4e86-8314-d8540ae27b4b@group-5C99898D9976-LeaderElection14] INFO  server.RaftServerConfigKeys (ConfUtils.java:logGet(46)) - raft.server.staging.catchup.gap = 1000 (default)
2024-01-14 08:11:42,472 [59ce54d6-04b6-4e86-8314-d8540ae27b4b@group-5C99898D9976-LeaderElection14] INFO  server.RaftServerConfigKeys (ConfUtils.java:logGet(46)) - raft.server.write.element-limit = 1024 (custom)
2024-01-14 08:11:42,472 [59ce54d6-04b6-4e86-8314-d8540ae27b4b@group-5C99898D9976-LeaderElection14] INFO  server.RaftServerConfigKeys (ConfUtils.java:logGet(46)) - raft.server.write.byte-limit = 1024 M (=1073741824) (custom)
2024-01-14 08:11:42,472 [59ce54d6-04b6-4e86-8314-d8540ae27b4b@group-5C99898D9976-LeaderElection14] INFO  server.RaftServerConfigKeys (ConfUtils.java:logGet(46)) - raft.server.watch.timeout = 3000ms (custom)
2024-01-14 08:11:42,472 [59ce54d6-04b6-4e86-8314-d8540ae27b4b@group-5C99898D9976-LeaderElection14] INFO  server.RaftServerConfigKeys (ConfUtils.java:logGet(46)) - raft.server.watch.timeout.denomination = 1s (default)
2024-01-14 08:11:42,472 [59ce54d6-04b6-4e86-8314-d8540ae27b4b@group-5C99898D9976-LeaderElection14] INFO  server.RaftServerConfigKeys (ConfUtils.java:logGet(46)) - raft.server.watch.element-limit = 65536 (default)
2024-01-14 08:11:42,472 [59ce54d6-04b6-4e86-8314-d8540ae27b4b@group-5C99898D9976-LeaderElection14] INFO  server.RaftServerConfigKeys (ConfUtils.java:logGet(46)) - raft.server.read.leader.lease.enabled = false (default)
2024-01-14 08:11:42,472 [59ce54d6-04b6-4e86-8314-d8540ae27b4b@group-5C99898D9976-LeaderElection14] INFO  server.RaftServerConfigKeys (ConfUtils.java:logGet(46)) - raft.server.read.leader.lease.timeout.ratio = 0.9 (default)
2024-01-14 08:11:42,472 [59ce54d6-04b6-4e86-8314-d8540ae27b4b@group-5C99898D9976-LeaderElection14] INFO  server.RaftServerConfigKeys (ConfUtils.java:logGet(46)) - raft.server.rpc.timeout.min = 5s (custom)
2024-01-14 08:11:42,472 [59ce54d6-04b6-4e86-8314-d8540ae27b4b@group-5C99898D9976-LeaderElection14] INFO  server.RaftServerConfigKeys (ConfUtils.java:logGet(46)) - raft.server.write.element-limit = 1024 (custom)
2024-01-14 08:11:42,472 [59ce54d6-04b6-4e86-8314-d8540ae27b4b@group-5C99898D9976-LeaderElection14] INFO  server.RaftServerConfigKeys (ConfUtils.java:logGet(46)) - raft.server.write.follower.gap.ratio.max = -1.0 (default)
2024-01-14 08:11:42,473 [59ce54d6-04b6-4e86-8314-d8540ae27b4b@group-5C99898D9976-LeaderElection14] INFO  impl.RoleInfo (RoleInfo.java:updateAndGet(139)) - 59ce54d6-04b6-4e86-8314-d8540ae27b4b: start 59ce54d6-04b6-4e86-8314-d8540ae27b4b@group-5C99898D9976-LeaderStateImpl
2024-01-14 08:11:42,473 [59ce54d6-04b6-4e86-8314-d8540ae27b4b@group-5C99898D9976-LeaderElection14] INFO  server.RaftServer$Division (RaftServerImpl.java:setFirstElection(574)) - 59ce54d6-04b6-4e86-8314-d8540ae27b4b@group-5C99898D9976: set firstElectionSinceStartup to false for becomeLeader
2024-01-14 08:11:42,473 [59ce54d6-04b6-4e86-8314-d8540ae27b4b@group-5C99898D9976-LeaderElection14] INFO  ratis.XceiverServerRatis (XceiverServerRatis.java:handleLeaderChangedNotification(945)) - Leader change notification received for group: group-5C99898D9976 with new leaderId: 59ce54d6-04b6-4e86-8314-d8540ae27b4b
2024-01-14 08:11:42,473 [59ce54d6-04b6-4e86-8314-d8540ae27b4b@group-5C99898D9976-LeaderElection14] INFO  server.RaftServer$Division (ServerState.java:setLeader(269)) - 59ce54d6-04b6-4e86-8314-d8540ae27b4b@group-5C99898D9976: change Leader from null to 59ce54d6-04b6-4e86-8314-d8540ae27b4b at term 1 for becomeLeader, leader elected after 5218ms
2024-01-14 08:11:42,473 [59ce54d6-04b6-4e86-8314-d8540ae27b4b@group-5C99898D9976-LeaderElection14] INFO  segmented.SegmentedRaftLogWorker (SegmentedRaftLogWorker.java:startLogSegment(430)) - 59ce54d6-04b6-4e86-8314-d8540ae27b4b@group-5C99898D9976-SegmentedRaftLogWorker: Starting segment from index:0
2024-01-14 08:11:42,473 [59ce54d6-04b6-4e86-8314-d8540ae27b4b@group-5C99898D9976-SegmentedRaftLogWorker] INFO  segmented.BufferedWriteChannel (BufferedWriteChannel.java:open(62)) - open log_inprogress_0 at position 0
2024-01-14 08:11:42,476 [59ce54d6-04b6-4e86-8314-d8540ae27b4b@group-5C99898D9976-LeaderElection14] INFO  server.RaftServer$Division (ServerState.java:setRaftConf(386)) - 59ce54d6-04b6-4e86-8314-d8540ae27b4b@group-5C99898D9976: set configuration 0: peers:[59ce54d6-04b6-4e86-8314-d8540ae27b4b|10.1.0.100:15067]|listeners:[], old=null
2024-01-14 08:11:42,482 [59ce54d6-04b6-4e86-8314-d8540ae27b4b@group-5C99898D9976-SegmentedRaftLogWorker] INFO  segmented.SegmentedRaftLogWorker (SegmentedRaftLogWorker.java:execute(634)) - 59ce54d6-04b6-4e86-8314-d8540ae27b4b@group-5C99898D9976-SegmentedRaftLogWorker: created new log segment /home/runner/work/ozone/ozone/hadoop-ozone/integration-test/target/test-dir/MiniOzoneClusterImpl-cd00605b-e4dc-4ea1-ab7e-d8be28c4d560/datanode-0/data/ratis/492b65d5-1427-4abd-80f8-5c99898d9976/current/log_inprogress_0
2024-01-14 08:11:42,487 [59ce54d6-04b6-4e86-8314-d8540ae27b4b@group-5C99898D9976-StateMachineUpdater] INFO  server.RaftServer$Division (LeaderStateImpl.java:isApplied(320)) - leader is ready since appliedIndex == 0 >= startIndex == 0
2024-01-14 08:11:42,581 [5f8e001a-8213-4762-a64f-c492c0fad8a7@group-EA54333CD795-FollowerState] INFO  impl.FollowerState (FollowerState.java:run(143)) - 5f8e001a-8213-4762-a64f-c492c0fad8a7@group-EA54333CD795-FollowerState: change to CANDIDATE, lastRpcElapsedTime:5043129328ns, electionTimeout:5037ms
2024-01-14 08:11:42,581 [5f8e001a-8213-4762-a64f-c492c0fad8a7@group-EA54333CD795-FollowerState] INFO  impl.RoleInfo (RoleInfo.java:shutdownFollowerState(110)) - 5f8e001a-8213-4762-a64f-c492c0fad8a7: shutdown 5f8e001a-8213-4762-a64f-c492c0fad8a7@group-EA54333CD795-FollowerState
2024-01-14 08:11:42,581 [5f8e001a-8213-4762-a64f-c492c0fad8a7@group-EA54333CD795-FollowerState] INFO  server.RaftServer$Division (RaftServerImpl.java:setRole(383)) - 5f8e001a-8213-4762-a64f-c492c0fad8a7@group-EA54333CD795: changes role from  FOLLOWER to CANDIDATE at term 0 for changeToCandidate
2024-01-14 08:11:42,581 [5f8e001a-8213-4762-a64f-c492c0fad8a7@group-EA54333CD795-FollowerState] INFO  server.RaftServerConfigKeys (ConfUtils.java:logGet(46)) - raft.server.leaderelection.pre-vote = true (default)
2024-01-14 08:11:42,581 [5f8e001a-8213-4762-a64f-c492c0fad8a7@group-EA54333CD795-FollowerState] INFO  impl.RoleInfo (RoleInfo.java:updateAndGet(139)) - 5f8e001a-8213-4762-a64f-c492c0fad8a7: start 5f8e001a-8213-4762-a64f-c492c0fad8a7@group-EA54333CD795-LeaderElection15
2024-01-14 08:11:42,584 [5f8e001a-8213-4762-a64f-c492c0fad8a7@group-EA54333CD795-LeaderElection15] INFO  impl.LeaderElection (LeaderElection.java:askForVotes(321)) - 5f8e001a-8213-4762-a64f-c492c0fad8a7@group-EA54333CD795-LeaderElection15 PRE_VOTE round 0: submit vote requests at term 0 for -1: peers:[59ce54d6-04b6-4e86-8314-d8540ae27b4b|10.1.0.100:15067, 023fb60a-00b7-42be-9ceb-f38531668441|10.1.0.100:15076, 5f8e001a-8213-4762-a64f-c492c0fad8a7|10.1.0.100:15085]|listeners:[], old=null
2024-01-14 08:11:42,584 [5f8e001a-8213-4762-a64f-c492c0fad8a7@group-EA54333CD795-LeaderElection15-1] INFO  server.GrpcServerProtocolClient (GrpcServerProtocolClient.java:<init>(65)) - Build channel for 59ce54d6-04b6-4e86-8314-d8540ae27b4b|10.1.0.100:15067
2024-01-14 08:11:42,584 [5f8e001a-8213-4762-a64f-c492c0fad8a7@group-EA54333CD795-LeaderElection15] INFO  server.RaftServerConfigKeys (ConfUtils.java:logFallback(53)) - raft.server.rpc.first-election.timeout.min = 5s (fallback to raft.server.rpc.timeout.min)
2024-01-14 08:11:42,584 [5f8e001a-8213-4762-a64f-c492c0fad8a7@group-EA54333CD795-LeaderElection15] INFO  server.RaftServerConfigKeys (ConfUtils.java:logFallback(53)) - raft.server.rpc.first-election.timeout.max = 5200ms (fallback to raft.server.rpc.timeout.max)
2024-01-14 08:11:42,584 [5f8e001a-8213-4762-a64f-c492c0fad8a7@group-EA54333CD795-LeaderElection15-2] INFO  server.GrpcServerProtocolClient (GrpcServerProtocolClient.java:<init>(65)) - Build channel for 023fb60a-00b7-42be-9ceb-f38531668441|10.1.0.100:15076
2024-01-14 08:11:42,591 [grpc-default-executor-2] INFO  server.RaftServer$Division (RaftServerImpl.java:requestVote(1389)) - 023fb60a-00b7-42be-9ceb-f38531668441@group-EA54333CD795: receive requestVote(PRE_VOTE, 5f8e001a-8213-4762-a64f-c492c0fad8a7, group-EA54333CD795, 0, (t:0, i:0))
2024-01-14 08:11:42,592 [grpc-default-executor-2] INFO  impl.VoteContext (VoteContext.java:log(49)) - 023fb60a-00b7-42be-9ceb-f38531668441@group-EA54333CD795-FOLLOWER: reject PRE_VOTE from 5f8e001a-8213-4762-a64f-c492c0fad8a7: our priority 1 > candidate's priority 0
2024-01-14 08:11:42,592 [grpc-default-executor-2] INFO  server.RaftServer$Division (RaftServerImpl.java:requestVote(1422)) - 023fb60a-00b7-42be-9ceb-f38531668441@group-EA54333CD795 replies to PRE_VOTE vote request: 5f8e001a-8213-4762-a64f-c492c0fad8a7<-023fb60a-00b7-42be-9ceb-f38531668441#0:FAIL-t0. Peer's state: 023fb60a-00b7-42be-9ceb-f38531668441@group-EA54333CD795:t0, leader=null, voted=, raftlog=Memoized:023fb60a-00b7-42be-9ceb-f38531668441@group-EA54333CD795-SegmentedRaftLog:OPENED:c-1, conf=-1: peers:[59ce54d6-04b6-4e86-8314-d8540ae27b4b|10.1.0.100:15067, 023fb60a-00b7-42be-9ceb-f38531668441|10.1.0.100:15076, 5f8e001a-8213-4762-a64f-c492c0fad8a7|10.1.0.100:15085]|listeners:[], old=null
2024-01-14 08:11:42,593 [grpc-default-executor-0] INFO  server.RaftServer$Division (RaftServerImpl.java:requestVote(1389)) - 59ce54d6-04b6-4e86-8314-d8540ae27b4b@group-EA54333CD795: receive requestVote(PRE_VOTE, 5f8e001a-8213-4762-a64f-c492c0fad8a7, group-EA54333CD795, 0, (t:0, i:0))
2024-01-14 08:11:42,593 [grpc-default-executor-0] INFO  impl.VoteContext (VoteContext.java:log(49)) - 59ce54d6-04b6-4e86-8314-d8540ae27b4b@group-EA54333CD795-FOLLOWER: accept PRE_VOTE from 5f8e001a-8213-4762-a64f-c492c0fad8a7: our priority 0 <= candidate's priority 0
2024-01-14 08:11:42,593 [grpc-default-executor-0] INFO  server.RaftServer$Division (RaftServerImpl.java:requestVote(1422)) - 59ce54d6-04b6-4e86-8314-d8540ae27b4b@group-EA54333CD795 replies to PRE_VOTE vote request: 5f8e001a-8213-4762-a64f-c492c0fad8a7<-59ce54d6-04b6-4e86-8314-d8540ae27b4b#0:OK-t0. Peer's state: 59ce54d6-04b6-4e86-8314-d8540ae27b4b@group-EA54333CD795:t0, leader=null, voted=, raftlog=Memoized:59ce54d6-04b6-4e86-8314-d8540ae27b4b@group-EA54333CD795-SegmentedRaftLog:OPENED:c-1, conf=-1: peers:[59ce54d6-04b6-4e86-8314-d8540ae27b4b|10.1.0.100:15067, 023fb60a-00b7-42be-9ceb-f38531668441|10.1.0.100:15076, 5f8e001a-8213-4762-a64f-c492c0fad8a7|10.1.0.100:15085]|listeners:[], old=null
2024-01-14 08:11:42,596 [5f8e001a-8213-4762-a64f-c492c0fad8a7@group-EA54333CD795-LeaderElection15] INFO  impl.LeaderElection (LeaderElection.java:logAndReturn(89)) - 5f8e001a-8213-4762-a64f-c492c0fad8a7@group-EA54333CD795-LeaderElection15: PRE_VOTE REJECTED received 2 response(s) and 0 exception(s):
2024-01-14 08:11:42,596 [5f8e001a-8213-4762-a64f-c492c0fad8a7@group-EA54333CD795-LeaderElection15] INFO  impl.LeaderElection (LeaderElection.java:logAndReturn(93)) -   Response 0: 5f8e001a-8213-4762-a64f-c492c0fad8a7<-59ce54d6-04b6-4e86-8314-d8540ae27b4b#0:OK-t0
2024-01-14 08:11:42,596 [5f8e001a-8213-4762-a64f-c492c0fad8a7@group-EA54333CD795-LeaderElection15] INFO  impl.LeaderElection (LeaderElection.java:logAndReturn(93)) -   Response 1: 5f8e001a-8213-4762-a64f-c492c0fad8a7<-023fb60a-00b7-42be-9ceb-f38531668441#0:FAIL-t0
2024-01-14 08:11:42,596 [5f8e001a-8213-4762-a64f-c492c0fad8a7@group-EA54333CD795-LeaderElection15] INFO  impl.LeaderElection (LeaderElection.java:askForVotes(323)) - 5f8e001a-8213-4762-a64f-c492c0fad8a7@group-EA54333CD795-LeaderElection15 PRE_VOTE round 0: result REJECTED
2024-01-14 08:11:42,596 [5f8e001a-8213-4762-a64f-c492c0fad8a7@group-EA54333CD795-LeaderElection15] INFO  server.RaftServer$Division (RaftServerImpl.java:setRole(383)) - 5f8e001a-8213-4762-a64f-c492c0fad8a7@group-EA54333CD795: changes role from CANDIDATE to FOLLOWER at term 0 for REJECTED
2024-01-14 08:11:42,596 [5f8e001a-8213-4762-a64f-c492c0fad8a7@group-EA54333CD795-LeaderElection15] INFO  impl.RoleInfo (RoleInfo.java:shutdownLeaderElection(130)) - 5f8e001a-8213-4762-a64f-c492c0fad8a7: shutdown 5f8e001a-8213-4762-a64f-c492c0fad8a7@group-EA54333CD795-LeaderElection15
2024-01-14 08:11:42,596 [5f8e001a-8213-4762-a64f-c492c0fad8a7@group-EA54333CD795-LeaderElection15] INFO  impl.RoleInfo (RoleInfo.java:updateAndGet(139)) - 5f8e001a-8213-4762-a64f-c492c0fad8a7: start 5f8e001a-8213-4762-a64f-c492c0fad8a7@group-EA54333CD795-FollowerState
2024-01-14 08:11:42,600 [5f8e001a-8213-4762-a64f-c492c0fad8a7@group-EA54333CD795-LeaderElection15] INFO  server.RaftServer$Division (RaftServerImpl.java:setFirstElection(574)) - 5f8e001a-8213-4762-a64f-c492c0fad8a7@group-EA54333CD795: set firstElectionSinceStartup to false for REJECTED
2024-01-14 08:11:42,654 [main] INFO  ozone.MiniOzoneClusterImpl (MiniOzoneClusterImpl.java:lambda$waitForClusterToBeReady$0(229)) - Nodes are ready. Got 5 of 5 DN Heartbeats.
2024-01-14 08:11:42,654 [main] INFO  ozone.MiniOzoneClusterImpl (MiniOzoneClusterImpl.java:lambda$waitForClusterToBeReady$0(232)) - Cluster exits safe mode
2024-01-14 08:11:42,654 [main] INFO  ozone.MiniOzoneClusterImpl (MiniOzoneClusterImpl.java:lambda$waitForClusterToBeReady$0(234)) - SCM became leader
2024-01-14 08:11:42,655 [main] INFO  protocolPB.OmTransportFactory (OmTransportFactory.java:createFactory(62)) - Loading OM transport implementation org.apache.hadoop.ozone.om.protocolPB.Hadoop3OmTransportFactory as specified by configuration.
2024-01-14 08:11:42,657 [023fb60a-00b7-42be-9ceb-f38531668441@group-EA54333CD795-FollowerState] INFO  impl.FollowerState (FollowerState.java:run(143)) - 023fb60a-00b7-42be-9ceb-f38531668441@group-EA54333CD795-FollowerState: change to CANDIDATE, lastRpcElapsedTime:5186236247ns, electionTimeout:5181ms
2024-01-14 08:11:42,657 [023fb60a-00b7-42be-9ceb-f38531668441@group-EA54333CD795-FollowerState] INFO  impl.RoleInfo (RoleInfo.java:shutdownFollowerState(110)) - 023fb60a-00b7-42be-9ceb-f38531668441: shutdown 023fb60a-00b7-42be-9ceb-f38531668441@group-EA54333CD795-FollowerState
2024-01-14 08:11:42,657 [023fb60a-00b7-42be-9ceb-f38531668441@group-EA54333CD795-FollowerState] INFO  server.RaftServer$Division (RaftServerImpl.java:setRole(383)) - 023fb60a-00b7-42be-9ceb-f38531668441@group-EA54333CD795: changes role from  FOLLOWER to CANDIDATE at term 0 for changeToCandidate
2024-01-14 08:11:42,657 [023fb60a-00b7-42be-9ceb-f38531668441@group-EA54333CD795-FollowerState] INFO  server.RaftServerConfigKeys (ConfUtils.java:logGet(46)) - raft.server.leaderelection.pre-vote = true (default)
2024-01-14 08:11:42,657 [023fb60a-00b7-42be-9ceb-f38531668441@group-EA54333CD795-FollowerState] INFO  impl.RoleInfo (RoleInfo.java:updateAndGet(139)) - 023fb60a-00b7-42be-9ceb-f38531668441: start 023fb60a-00b7-42be-9ceb-f38531668441@group-EA54333CD795-LeaderElection16
2024-01-14 08:11:42,658 [023fb60a-00b7-42be-9ceb-f38531668441@group-EA54333CD795-LeaderElection16] INFO  impl.LeaderElection (LeaderElection.java:askForVotes(321)) - 023fb60a-00b7-42be-9ceb-f38531668441@group-EA54333CD795-LeaderElection16 PRE_VOTE round 0: submit vote requests at term 0 for -1: peers:[59ce54d6-04b6-4e86-8314-d8540ae27b4b|10.1.0.100:15067, 023fb60a-00b7-42be-9ceb-f38531668441|10.1.0.100:15076, 5f8e001a-8213-4762-a64f-c492c0fad8a7|10.1.0.100:15085]|listeners:[], old=null
2024-01-14 08:11:42,658 [023fb60a-00b7-42be-9ceb-f38531668441@group-EA54333CD795-LeaderElection16-1] INFO  server.GrpcServerProtocolClient (GrpcServerProtocolClient.java:<init>(65)) - Build channel for 59ce54d6-04b6-4e86-8314-d8540ae27b4b|10.1.0.100:15067
2024-01-14 08:11:42,658 [023fb60a-00b7-42be-9ceb-f38531668441@group-EA54333CD795-LeaderElection16] INFO  server.RaftServerConfigKeys (ConfUtils.java:logFallback(53)) - raft.server.rpc.first-election.timeout.min = 5s (fallback to raft.server.rpc.timeout.min)
2024-01-14 08:11:42,659 [023fb60a-00b7-42be-9ceb-f38531668441@group-EA54333CD795-LeaderElection16] INFO  server.RaftServerConfigKeys (ConfUtils.java:logFallback(53)) - raft.server.rpc.first-election.timeout.max = 5200ms (fallback to raft.server.rpc.timeout.max)
2024-01-14 08:11:42,660 [023fb60a-00b7-42be-9ceb-f38531668441@group-EA54333CD795-LeaderElection16-2] INFO  server.GrpcServerProtocolClient (GrpcServerProtocolClient.java:<init>(65)) - Build channel for 5f8e001a-8213-4762-a64f-c492c0fad8a7|10.1.0.100:15085
2024-01-14 08:11:42,662 [main] INFO  rpc.RpcClient (RpcClient.java:createVolume(456)) - Creating Volume: testblockoutputstream, with runner as owner and space quota set to -1 bytes, counts quota set to -1
2024-01-14 08:11:42,670 [grpc-default-executor-0] INFO  server.RaftServer$Division (RaftServerImpl.java:requestVote(1389)) - 59ce54d6-04b6-4e86-8314-d8540ae27b4b@group-EA54333CD795: receive requestVote(PRE_VOTE, 023fb60a-00b7-42be-9ceb-f38531668441, group-EA54333CD795, 0, (t:0, i:0))
2024-01-14 08:11:42,671 [grpc-default-executor-0] INFO  impl.VoteContext (VoteContext.java:log(49)) - 59ce54d6-04b6-4e86-8314-d8540ae27b4b@group-EA54333CD795-FOLLOWER: accept PRE_VOTE from 023fb60a-00b7-42be-9ceb-f38531668441: our priority 0 <= candidate's priority 1
2024-01-14 08:11:42,671 [grpc-default-executor-0] INFO  server.RaftServer$Division (RaftServerImpl.java:requestVote(1422)) - 59ce54d6-04b6-4e86-8314-d8540ae27b4b@group-EA54333CD795 replies to PRE_VOTE vote request: 023fb60a-00b7-42be-9ceb-f38531668441<-59ce54d6-04b6-4e86-8314-d8540ae27b4b#0:OK-t0. Peer's state: 59ce54d6-04b6-4e86-8314-d8540ae27b4b@group-EA54333CD795:t0, leader=null, voted=, raftlog=Memoized:59ce54d6-04b6-4e86-8314-d8540ae27b4b@group-EA54333CD795-SegmentedRaftLog:OPENED:c-1, conf=-1: peers:[59ce54d6-04b6-4e86-8314-d8540ae27b4b|10.1.0.100:15067, 023fb60a-00b7-42be-9ceb-f38531668441|10.1.0.100:15076, 5f8e001a-8213-4762-a64f-c492c0fad8a7|10.1.0.100:15085]|listeners:[], old=null
2024-01-14 08:11:42,671 [grpc-default-executor-2] INFO  server.RaftServer$Division (RaftServerImpl.java:requestVote(1389)) - 5f8e001a-8213-4762-a64f-c492c0fad8a7@group-EA54333CD795: receive requestVote(PRE_VOTE, 023fb60a-00b7-42be-9ceb-f38531668441, group-EA54333CD795, 0, (t:0, i:0))
2024-01-14 08:11:42,672 [grpc-default-executor-2] INFO  impl.VoteContext (VoteContext.java:log(49)) - 5f8e001a-8213-4762-a64f-c492c0fad8a7@group-EA54333CD795-FOLLOWER: accept PRE_VOTE from 023fb60a-00b7-42be-9ceb-f38531668441: our priority 0 <= candidate's priority 1
2024-01-14 08:11:42,672 [grpc-default-executor-2] INFO  server.RaftServer$Division (RaftServerImpl.java:requestVote(1422)) - 5f8e001a-8213-4762-a64f-c492c0fad8a7@group-EA54333CD795 replies to PRE_VOTE vote request: 023fb60a-00b7-42be-9ceb-f38531668441<-5f8e001a-8213-4762-a64f-c492c0fad8a7#0:OK-t0. Peer's state: 5f8e001a-8213-4762-a64f-c492c0fad8a7@group-EA54333CD795:t0, leader=null, voted=, raftlog=Memoized:5f8e001a-8213-4762-a64f-c492c0fad8a7@group-EA54333CD795-SegmentedRaftLog:OPENED:c-1, conf=-1: peers:[59ce54d6-04b6-4e86-8314-d8540ae27b4b|10.1.0.100:15067, 023fb60a-00b7-42be-9ceb-f38531668441|10.1.0.100:15076, 5f8e001a-8213-4762-a64f-c492c0fad8a7|10.1.0.100:15085]|listeners:[], old=null
2024-01-14 08:11:42,673 [023fb60a-00b7-42be-9ceb-f38531668441@group-EA54333CD795-LeaderElection16] INFO  impl.LeaderElection (LeaderElection.java:logAndReturn(89)) - 023fb60a-00b7-42be-9ceb-f38531668441@group-EA54333CD795-LeaderElection16: PRE_VOTE PASSED received 1 response(s) and 0 exception(s):
2024-01-14 08:11:42,674 [023fb60a-00b7-42be-9ceb-f38531668441@group-EA54333CD795-LeaderElection16] INFO  impl.LeaderElection (LeaderElection.java:logAndReturn(93)) -   Response 0: 023fb60a-00b7-42be-9ceb-f38531668441<-5f8e001a-8213-4762-a64f-c492c0fad8a7#0:OK-t0
2024-01-14 08:11:42,674 [023fb60a-00b7-42be-9ceb-f38531668441@group-EA54333CD795-LeaderElection16] INFO  impl.LeaderElection (LeaderElection.java:askForVotes(323)) - 023fb60a-00b7-42be-9ceb-f38531668441@group-EA54333CD795-LeaderElection16 PRE_VOTE round 0: result PASSED
2024-01-14 08:11:42,674 [5f8e001a-8213-4762-a64f-c492c0fad8a7@group-F1A88316A3CE-FollowerState] INFO  impl.FollowerState (FollowerState.java:run(143)) - 5f8e001a-8213-4762-a64f-c492c0fad8a7@group-F1A88316A3CE-FollowerState: change to CANDIDATE, lastRpcElapsedTime:5178743746ns, electionTimeout:5178ms
2024-01-14 08:11:42,674 [5f8e001a-8213-4762-a64f-c492c0fad8a7@group-F1A88316A3CE-FollowerState] INFO  impl.RoleInfo (RoleInfo.java:shutdownFollowerState(110)) - 5f8e001a-8213-4762-a64f-c492c0fad8a7: shutdown 5f8e001a-8213-4762-a64f-c492c0fad8a7@group-F1A88316A3CE-FollowerState
2024-01-14 08:11:42,674 [5f8e001a-8213-4762-a64f-c492c0fad8a7@group-F1A88316A3CE-FollowerState] INFO  server.RaftServer$Division (RaftServerImpl.java:setRole(383)) - 5f8e001a-8213-4762-a64f-c492c0fad8a7@group-F1A88316A3CE: changes role from  FOLLOWER to CANDIDATE at term 0 for changeToCandidate
2024-01-14 08:11:42,675 [5f8e001a-8213-4762-a64f-c492c0fad8a7@group-F1A88316A3CE-FollowerState] INFO  server.RaftServerConfigKeys (ConfUtils.java:logGet(46)) - raft.server.leaderelection.pre-vote = true (default)
2024-01-14 08:11:42,675 [5f8e001a-8213-4762-a64f-c492c0fad8a7@group-F1A88316A3CE-FollowerState] INFO  impl.RoleInfo (RoleInfo.java:updateAndGet(139)) - 5f8e001a-8213-4762-a64f-c492c0fad8a7: start 5f8e001a-8213-4762-a64f-c492c0fad8a7@group-F1A88316A3CE-LeaderElection17
2024-01-14 08:11:42,675 [5f8e001a-8213-4762-a64f-c492c0fad8a7@group-F1A88316A3CE-LeaderElection17] INFO  impl.LeaderElection (LeaderElection.java:askForVotes(321)) - 5f8e001a-8213-4762-a64f-c492c0fad8a7@group-F1A88316A3CE-LeaderElection17 PRE_VOTE round 0: submit vote requests at term 0 for -1: peers:[5f8e001a-8213-4762-a64f-c492c0fad8a7|10.1.0.100:15085]|listeners:[], old=null
2024-01-14 08:11:42,676 [5f8e001a-8213-4762-a64f-c492c0fad8a7@group-F1A88316A3CE-LeaderElection17] INFO  impl.LeaderElection (LeaderElection.java:askForVotes(323)) - 5f8e001a-8213-4762-a64f-c492c0fad8a7@group-F1A88316A3CE-LeaderElection17 PRE_VOTE round 0: result PASSED (term=0)
2024-01-14 08:11:42,676 [023fb60a-00b7-42be-9ceb-f38531668441@group-EA54333CD795-LeaderElection16] INFO  impl.LeaderElection (LeaderElection.java:askForVotes(321)) - 023fb60a-00b7-42be-9ceb-f38531668441@group-EA54333CD795-LeaderElection16 ELECTION round 0: submit vote requests at term 1 for -1: peers:[59ce54d6-04b6-4e86-8314-d8540ae27b4b|10.1.0.100:15067, 023fb60a-00b7-42be-9ceb-f38531668441|10.1.0.100:15076, 5f8e001a-8213-4762-a64f-c492c0fad8a7|10.1.0.100:15085]|listeners:[], old=null
2024-01-14 08:11:42,676 [om1-OMStateMachineApplyTransactionThread - 0] INFO  volume.OMVolumeCreateRequest (OMVolumeCreateRequest.java:validateAndUpdateCache(198)) - created volume:testblockoutputstream for user:runner
2024-01-14 08:11:42,677 [023fb60a-00b7-42be-9ceb-f38531668441@group-EA54333CD795-LeaderElection16] INFO  server.RaftServerConfigKeys (ConfUtils.java:logFallback(53)) - raft.server.rpc.first-election.timeout.min = 5s (fallback to raft.server.rpc.timeout.min)
2024-01-14 08:11:42,677 [023fb60a-00b7-42be-9ceb-f38531668441@group-EA54333CD795-LeaderElection16] INFO  server.RaftServerConfigKeys (ConfUtils.java:logFallback(53)) - raft.server.rpc.first-election.timeout.max = 5200ms (fallback to raft.server.rpc.timeout.max)
2024-01-14 08:11:42,678 [grpc-default-executor-0] INFO  server.RaftServer$Division (RaftServerImpl.java:requestVote(1389)) - 59ce54d6-04b6-4e86-8314-d8540ae27b4b@group-EA54333CD795: receive requestVote(ELECTION, 023fb60a-00b7-42be-9ceb-f38531668441, group-EA54333CD795, 1, (t:0, i:0))
2024-01-14 08:11:42,678 [grpc-default-executor-2] INFO  server.RaftServer$Division (RaftServerImpl.java:requestVote(1389)) - 5f8e001a-8213-4762-a64f-c492c0fad8a7@group-EA54333CD795: receive requestVote(ELECTION, 023fb60a-00b7-42be-9ceb-f38531668441, group-EA54333CD795, 1, (t:0, i:0))
2024-01-14 08:11:42,678 [grpc-default-executor-0] INFO  impl.VoteContext (VoteContext.java:log(49)) - 59ce54d6-04b6-4e86-8314-d8540ae27b4b@group-EA54333CD795-FOLLOWER: accept ELECTION from 023fb60a-00b7-42be-9ceb-f38531668441: our priority 0 <= candidate's priority 1
2024-01-14 08:11:42,678 [grpc-default-executor-2] INFO  impl.VoteContext (VoteContext.java:log(49)) - 5f8e001a-8213-4762-a64f-c492c0fad8a7@group-EA54333CD795-FOLLOWER: accept ELECTION from 023fb60a-00b7-42be-9ceb-f38531668441: our priority 0 <= candidate's priority 1
2024-01-14 08:11:42,678 [grpc-default-executor-0] INFO  server.RaftServer$Division (RaftServerImpl.java:setRole(383)) - 59ce54d6-04b6-4e86-8314-d8540ae27b4b@group-EA54333CD795: changes role from  FOLLOWER to FOLLOWER at term 1 for candidate:023fb60a-00b7-42be-9ceb-f38531668441
2024-01-14 08:11:42,679 [grpc-default-executor-0] INFO  impl.RoleInfo (RoleInfo.java:shutdownFollowerState(110)) - 59ce54d6-04b6-4e86-8314-d8540ae27b4b: shutdown 59ce54d6-04b6-4e86-8314-d8540ae27b4b@group-EA54333CD795-FollowerState
2024-01-14 08:11:42,679 [grpc-default-executor-0] INFO  impl.RoleInfo (RoleInfo.java:updateAndGet(139)) - 59ce54d6-04b6-4e86-8314-d8540ae27b4b: start 59ce54d6-04b6-4e86-8314-d8540ae27b4b@group-EA54333CD795-FollowerState
2024-01-14 08:11:42,679 [59ce54d6-04b6-4e86-8314-d8540ae27b4b@group-EA54333CD795-FollowerState] INFO  impl.FollowerState (FollowerState.java:run(152)) - 59ce54d6-04b6-4e86-8314-d8540ae27b4b@group-EA54333CD795-FollowerState was interrupted
2024-01-14 08:11:42,679 [grpc-default-executor-2] INFO  server.RaftServer$Division (RaftServerImpl.java:setRole(383)) - 5f8e001a-8213-4762-a64f-c492c0fad8a7@group-EA54333CD795: changes role from  FOLLOWER to FOLLOWER at term 1 for candidate:023fb60a-00b7-42be-9ceb-f38531668441
2024-01-14 08:11:42,679 [grpc-default-executor-2] INFO  impl.RoleInfo (RoleInfo.java:shutdownFollowerState(110)) - 5f8e001a-8213-4762-a64f-c492c0fad8a7: shutdown 5f8e001a-8213-4762-a64f-c492c0fad8a7@group-EA54333CD795-FollowerState
2024-01-14 08:11:42,679 [grpc-default-executor-0] INFO  server.RaftServer$Division (RaftServerImpl.java:setFirstElection(574)) - 59ce54d6-04b6-4e86-8314-d8540ae27b4b@group-EA54333CD795: set firstElectionSinceStartup to false for candidate:023fb60a-00b7-42be-9ceb-f38531668441
2024-01-14 08:11:42,680 [grpc-default-executor-2] INFO  impl.RoleInfo (RoleInfo.java:updateAndGet(139)) - 5f8e001a-8213-4762-a64f-c492c0fad8a7: start 5f8e001a-8213-4762-a64f-c492c0fad8a7@group-EA54333CD795-FollowerState
2024-01-14 08:11:42,680 [5f8e001a-8213-4762-a64f-c492c0fad8a7@group-EA54333CD795-FollowerState] INFO  impl.FollowerState (FollowerState.java:run(152)) - 5f8e001a-8213-4762-a64f-c492c0fad8a7@group-EA54333CD795-FollowerState was interrupted
2024-01-14 08:11:42,681 [grpc-default-executor-0] INFO  server.RaftServer$Division (RaftServerImpl.java:requestVote(1422)) - 59ce54d6-04b6-4e86-8314-d8540ae27b4b@group-EA54333CD795 replies to ELECTION vote request: 023fb60a-00b7-42be-9ceb-f38531668441<-59ce54d6-04b6-4e86-8314-d8540ae27b4b#0:OK-t1. Peer's state: 59ce54d6-04b6-4e86-8314-d8540ae27b4b@group-EA54333CD795:t1, leader=null, voted=023fb60a-00b7-42be-9ceb-f38531668441, raftlog=Memoized:59ce54d6-04b6-4e86-8314-d8540ae27b4b@group-EA54333CD795-SegmentedRaftLog:OPENED:c-1, conf=-1: peers:[59ce54d6-04b6-4e86-8314-d8540ae27b4b|10.1.0.100:15067, 023fb60a-00b7-42be-9ceb-f38531668441|10.1.0.100:15076, 5f8e001a-8213-4762-a64f-c492c0fad8a7|10.1.0.100:15085]|listeners:[], old=null
2024-01-14 08:11:42,682 [023fb60a-00b7-42be-9ceb-f38531668441@group-EA54333CD795-LeaderElection16] INFO  impl.LeaderElection (LeaderElection.java:logAndReturn(89)) - 023fb60a-00b7-42be-9ceb-f38531668441@group-EA54333CD795-LeaderElection16: ELECTION PASSED received 1 response(s) and 0 exception(s):
2024-01-14 08:11:42,682 [023fb60a-00b7-42be-9ceb-f38531668441@group-EA54333CD795-LeaderElection16] INFO  impl.LeaderElection (LeaderElection.java:logAndReturn(93)) -   Response 0: 023fb60a-00b7-42be-9ceb-f38531668441<-59ce54d6-04b6-4e86-8314-d8540ae27b4b#0:OK-t1
2024-01-14 08:11:42,682 [023fb60a-00b7-42be-9ceb-f38531668441@group-EA54333CD795-LeaderElection16] INFO  impl.LeaderElection (LeaderElection.java:askForVotes(323)) - 023fb60a-00b7-42be-9ceb-f38531668441@group-EA54333CD795-LeaderElection16 ELECTION round 0: result PASSED
2024-01-14 08:11:42,682 [023fb60a-00b7-42be-9ceb-f38531668441@group-EA54333CD795-LeaderElection16] INFO  impl.RoleInfo (RoleInfo.java:shutdownLeaderElection(130)) - 023fb60a-00b7-42be-9ceb-f38531668441: shutdown 023fb60a-00b7-42be-9ceb-f38531668441@group-EA54333CD795-LeaderElection16
2024-01-14 08:11:42,683 [023fb60a-00b7-42be-9ceb-f38531668441@group-EA54333CD795-LeaderElection16] INFO  server.RaftServer$Division (RaftServerImpl.java:setRole(383)) - 023fb60a-00b7-42be-9ceb-f38531668441@group-EA54333CD795: changes role from CANDIDATE to LEADER at term 1 for changeToLeader
2024-01-14 08:11:42,683 [023fb60a-00b7-42be-9ceb-f38531668441@group-EA54333CD795-LeaderElection16] INFO  server.RaftServerConfigKeys (ConfUtils.java:logGet(46)) - raft.server.staging.catchup.gap = 1000 (default)
2024-01-14 08:11:42,683 [grpc-default-executor-2] INFO  server.RaftServer$Division (RaftServerImpl.java:requestVote(1422)) - 5f8e001a-8213-4762-a64f-c492c0fad8a7@group-EA54333CD795 replies to ELECTION vote request: 023fb60a-00b7-42be-9ceb-f38531668441<-5f8e001a-8213-4762-a64f-c492c0fad8a7#0:OK-t1. Peer's state: 5f8e001a-8213-4762-a64f-c492c0fad8a7@group-EA54333CD795:t1, leader=null, voted=023fb60a-00b7-42be-9ceb-f38531668441, raftlog=Memoized:5f8e001a-8213-4762-a64f-c492c0fad8a7@group-EA54333CD795-SegmentedRaftLog:OPENED:c-1, conf=-1: peers:[59ce54d6-04b6-4e86-8314-d8540ae27b4b|10.1.0.100:15067, 023fb60a-00b7-42be-9ceb-f38531668441|10.1.0.100:15076, 5f8e001a-8213-4762-a64f-c492c0fad8a7|10.1.0.100:15085]|listeners:[], old=null
2024-01-14 08:11:42,683 [023fb60a-00b7-42be-9ceb-f38531668441@group-EA54333CD795-LeaderElection16] INFO  server.RaftServerConfigKeys (ConfUtils.java:logGet(46)) - raft.server.write.element-limit = 1024 (custom)
2024-01-14 08:11:42,683 [023fb60a-00b7-42be-9ceb-f38531668441@group-EA54333CD795-LeaderElection16] INFO  server.RaftServerConfigKeys (ConfUtils.java:logGet(46)) - raft.server.write.byte-limit = 1024 M (=1073741824) (custom)
2024-01-14 08:11:42,683 [023fb60a-00b7-42be-9ceb-f38531668441@group-EA54333CD795-LeaderElection16] INFO  server.RaftServerConfigKeys (ConfUtils.java:logGet(46)) - raft.server.watch.timeout = 3000ms (custom)
2024-01-14 08:11:42,684 [023fb60a-00b7-42be-9ceb-f38531668441@group-EA54333CD795-LeaderElection16] INFO  server.RaftServerConfigKeys (ConfUtils.java:logGet(46)) - raft.server.watch.timeout.denomination = 1s (default)
2024-01-14 08:11:42,684 [023fb60a-00b7-42be-9ceb-f38531668441@group-EA54333CD795-LeaderElection16] INFO  server.RaftServerConfigKeys (ConfUtils.java:logGet(46)) - raft.server.watch.element-limit = 65536 (default)
2024-01-14 08:11:42,684 [023fb60a-00b7-42be-9ceb-f38531668441@group-EA54333CD795-LeaderElection16] INFO  server.RaftServerConfigKeys (ConfUtils.java:logGet(46)) - raft.server.read.leader.lease.enabled = false (default)
2024-01-14 08:11:42,684 [023fb60a-00b7-42be-9ceb-f38531668441@group-EA54333CD795-LeaderElection16] INFO  server.RaftServerConfigKeys (ConfUtils.java:logGet(46)) - raft.server.read.leader.lease.timeout.ratio = 0.9 (default)
2024-01-14 08:11:42,684 [023fb60a-00b7-42be-9ceb-f38531668441@group-EA54333CD795-LeaderElection16] INFO  server.RaftServerConfigKeys (ConfUtils.java:logGet(46)) - raft.server.rpc.timeout.min = 5s (custom)
2024-01-14 08:11:42,684 [023fb60a-00b7-42be-9ceb-f38531668441@group-EA54333CD795-LeaderElection16] INFO  server.RaftServerConfigKeys (ConfUtils.java:logGet(46)) - raft.server.write.element-limit = 1024 (custom)
2024-01-14 08:11:42,684 [023fb60a-00b7-42be-9ceb-f38531668441@group-EA54333CD795-LeaderElection16] INFO  server.RaftServerConfigKeys (ConfUtils.java:logGet(46)) - raft.server.write.follower.gap.ratio.max = -1.0 (default)
2024-01-14 08:11:42,684 [023fb60a-00b7-42be-9ceb-f38531668441@group-EA54333CD795-LeaderElection16] INFO  server.RaftServerConfigKeys (ConfUtils.java:logGet(46)) - raft.server.log.appender.snapshot.chunk.size.max = 16MB (=16777216) (default)
2024-01-14 08:11:42,685 [023fb60a-00b7-42be-9ceb-f38531668441@group-EA54333CD795-LeaderElection16] INFO  server.RaftServerConfigKeys (ConfUtils.java:logGet(46)) - raft.server.log.appender.buffer.byte-limit = 8388608 (custom)
2024-01-14 08:11:42,685 [023fb60a-00b7-42be-9ceb-f38531668441@group-EA54333CD795-LeaderElection16] INFO  server.RaftServerConfigKeys (ConfUtils.java:logGet(46)) - raft.server.log.appender.buffer.element-limit = 1 (custom)
2024-01-14 08:11:42,685 [023fb60a-00b7-42be-9ceb-f38531668441@group-EA54333CD795-LeaderElection16] INFO  server.RaftServerConfigKeys (ConfUtils.java:logGet(46)) - raft.server.log.appender.wait-time.min = 0ms (custom)
2024-01-14 08:11:42,685 [023fb60a-00b7-42be-9ceb-f38531668441@group-EA54333CD795-LeaderElection16] INFO  grpc.GrpcConfigKeys (ConfUtils.java:logGet(46)) - raft.grpc.server.leader.outstanding.appends.max = 8 (default)
2024-01-14 08:11:42,685 [023fb60a-00b7-42be-9ceb-f38531668441@group-EA54333CD795-LeaderElection16] INFO  server.RaftServerConfigKeys (ConfUtils.java:logGet(46)) - raft.server.rpc.request.timeout = 3000ms (default)
2024-01-14 08:11:42,685 [023fb60a-00b7-42be-9ceb-f38531668441@group-EA54333CD795-LeaderElection16] INFO  grpc.GrpcConfigKeys (ConfUtils.java:logGet(46)) - raft.grpc.server.install_snapshot.request.element-limit = 8 (default)
2024-01-14 08:11:42,685 [023fb60a-00b7-42be-9ceb-f38531668441@group-EA54333CD795-LeaderElection16] INFO  grpc.GrpcConfigKeys (ConfUtils.java:logGet(46)) - raft.grpc.server.install_snapshot.request.timeout = 3000ms (default)
2024-01-14 08:11:42,685 [023fb60a-00b7-42be-9ceb-f38531668441@group-EA54333CD795-LeaderElection16] INFO  grpc.GrpcConfigKeys (ConfUtils.java:logGet(46)) - raft.grpc.server.log-message.batch.duration = 5s (default)
2024-01-14 08:11:42,685 [023fb60a-00b7-42be-9ceb-f38531668441@group-EA54333CD795-LeaderElection16] INFO  server.RaftServerConfigKeys (ConfUtils.java:logGet(46)) - raft.server.log.appender.install.snapshot.enabled = false (custom)
2024-01-14 08:11:42,685 [023fb60a-00b7-42be-9ceb-f38531668441@group-EA54333CD795-LeaderElection16] INFO  grpc.GrpcConfigKeys (ConfUtils.java:logGet(46)) - raft.grpc.server.heartbeat.channel = true (default)
2024-01-14 08:11:42,686 [023fb60a-00b7-42be-9ceb-f38531668441@group-EA54333CD795-LeaderElection16] INFO  server.RaftServerConfigKeys (ConfUtils.java:logGet(46)) - raft.server.log.appender.snapshot.chunk.size.max = 16MB (=16777216) (default)
2024-01-14 08:11:42,686 [023fb60a-00b7-42be-9ceb-f38531668441@group-EA54333CD795-LeaderElection16] INFO  server.RaftServerConfigKeys (ConfUtils.java:logGet(46)) - raft.server.log.appender.buffer.byte-limit = 8388608 (custom)
2024-01-14 08:11:42,686 [023fb60a-00b7-42be-9ceb-f38531668441@group-EA54333CD795-LeaderElection16] INFO  server.RaftServerConfigKeys (ConfUtils.java:logGet(46)) - raft.server.log.appender.buffer.element-limit = 1 (custom)
2024-01-14 08:11:42,687 [023fb60a-00b7-42be-9ceb-f38531668441@group-EA54333CD795-LeaderElection16] INFO  server.RaftServerConfigKeys (ConfUtils.java:logGet(46)) - raft.server.log.appender.wait-time.min = 0ms (custom)
2024-01-14 08:11:42,687 [023fb60a-00b7-42be-9ceb-f38531668441@group-EA54333CD795-LeaderElection16] INFO  grpc.GrpcConfigKeys (ConfUtils.java:logGet(46)) - raft.grpc.server.leader.outstanding.appends.max = 8 (default)
2024-01-14 08:11:42,692 [c2087a49-c200-4cc5-9876-7cd2477b3505@group-94A1419DA0AF-FollowerState] INFO  impl.FollowerState (FollowerState.java:run(143)) - c2087a49-c200-4cc5-9876-7cd2477b3505@group-94A1419DA0AF-FollowerState: change to CANDIDATE, lastRpcElapsedTime:5074759199ns, electionTimeout:5071ms
2024-01-14 08:11:42,693 [023fb60a-00b7-42be-9ceb-f38531668441@group-EA54333CD795-LeaderElection16] INFO  server.RaftServerConfigKeys (ConfUtils.java:logGet(46)) - raft.server.rpc.request.timeout = 3000ms (default)
2024-01-14 08:11:42,693 [c2087a49-c200-4cc5-9876-7cd2477b3505@group-94A1419DA0AF-FollowerState] INFO  impl.RoleInfo (RoleInfo.java:shutdownFollowerState(110)) - c2087a49-c200-4cc5-9876-7cd2477b3505: shutdown c2087a49-c200-4cc5-9876-7cd2477b3505@group-94A1419DA0AF-FollowerState
2024-01-14 08:11:42,693 [c2087a49-c200-4cc5-9876-7cd2477b3505@group-94A1419DA0AF-FollowerState] INFO  server.RaftServer$Division (RaftServerImpl.java:setRole(383)) - c2087a49-c200-4cc5-9876-7cd2477b3505@group-94A1419DA0AF: changes role from  FOLLOWER to CANDIDATE at term 0 for changeToCandidate
2024-01-14 08:11:42,693 [5f8e001a-8213-4762-a64f-c492c0fad8a7@group-F1A88316A3CE-LeaderElection17] INFO  impl.LeaderElection (LeaderElection.java:askForVotes(321)) - 5f8e001a-8213-4762-a64f-c492c0fad8a7@group-F1A88316A3CE-LeaderElection17 ELECTION round 0: submit vote requests at term 1 for -1: peers:[5f8e001a-8213-4762-a64f-c492c0fad8a7|10.1.0.100:15085]|listeners:[], old=null
2024-01-14 08:11:42,693 [c2087a49-c200-4cc5-9876-7cd2477b3505@group-94A1419DA0AF-FollowerState] INFO  server.RaftServerConfigKeys (ConfUtils.java:logGet(46)) - raft.server.leaderelection.pre-vote = true (default)
2024-01-14 08:11:42,693 [5f8e001a-8213-4762-a64f-c492c0fad8a7@group-F1A88316A3CE-LeaderElection17] INFO  impl.LeaderElection (LeaderElection.java:askForVotes(323)) - 5f8e001a-8213-4762-a64f-c492c0fad8a7@group-F1A88316A3CE-LeaderElection17 ELECTION round 0: result PASSED (term=1)
2024-01-14 08:11:42,693 [5f8e001a-8213-4762-a64f-c492c0fad8a7@group-F1A88316A3CE-LeaderElection17] INFO  impl.RoleInfo (RoleInfo.java:shutdownLeaderElection(130)) - 5f8e001a-8213-4762-a64f-c492c0fad8a7: shutdown 5f8e001a-8213-4762-a64f-c492c0fad8a7@group-F1A88316A3CE-LeaderElection17
2024-01-14 08:11:42,693 [023fb60a-00b7-42be-9ceb-f38531668441@group-EA54333CD795-LeaderElection16] INFO  grpc.GrpcConfigKeys (ConfUtils.java:logGet(46)) - raft.grpc.server.install_snapshot.request.element-limit = 8 (default)
2024-01-14 08:11:42,693 [c2087a49-c200-4cc5-9876-7cd2477b3505@group-94A1419DA0AF-FollowerState] INFO  impl.RoleInfo (RoleInfo.java:updateAndGet(139)) - c2087a49-c200-4cc5-9876-7cd2477b3505: start c2087a49-c200-4cc5-9876-7cd2477b3505@group-94A1419DA0AF-LeaderElection18
2024-01-14 08:11:42,693 [5f8e001a-8213-4762-a64f-c492c0fad8a7@group-F1A88316A3CE-LeaderElection17] INFO  server.RaftServer$Division (RaftServerImpl.java:setRole(383)) - 5f8e001a-8213-4762-a64f-c492c0fad8a7@group-F1A88316A3CE: changes role from CANDIDATE to LEADER at term 1 for changeToLeader
2024-01-14 08:11:42,693 [5f8e001a-8213-4762-a64f-c492c0fad8a7@group-F1A88316A3CE-LeaderElection17] INFO  server.RaftServerConfigKeys (ConfUtils.java:logGet(46)) - raft.server.staging.catchup.gap = 1000 (default)
2024-01-14 08:11:42,694 [5f8e001a-8213-4762-a64f-c492c0fad8a7@group-F1A88316A3CE-LeaderElection17] INFO  server.RaftServerConfigKeys (ConfUtils.java:logGet(46)) - raft.server.write.element-limit = 1024 (custom)
2024-01-14 08:11:42,694 [5f8e001a-8213-4762-a64f-c492c0fad8a7@group-F1A88316A3CE-LeaderElection17] INFO  server.RaftServerConfigKeys (ConfUtils.java:logGet(46)) - raft.server.write.byte-limit = 1024 M (=1073741824) (custom)
2024-01-14 08:11:42,694 [023fb60a-00b7-42be-9ceb-f38531668441@group-EA54333CD795-LeaderElection16] INFO  grpc.GrpcConfigKeys (ConfUtils.java:logGet(46)) - raft.grpc.server.install_snapshot.request.timeout = 3000ms (default)
2024-01-14 08:11:42,694 [023fb60a-00b7-42be-9ceb-f38531668441@group-EA54333CD795-LeaderElection16] INFO  grpc.GrpcConfigKeys (ConfUtils.java:logGet(46)) - raft.grpc.server.log-message.batch.duration = 5s (default)
2024-01-14 08:11:42,694 [5f8e001a-8213-4762-a64f-c492c0fad8a7@group-F1A88316A3CE-LeaderElection17] INFO  server.RaftServerConfigKeys (ConfUtils.java:logGet(46)) - raft.server.watch.timeout = 3000ms (custom)
2024-01-14 08:11:42,694 [023fb60a-00b7-42be-9ceb-f38531668441@group-EA54333CD795-LeaderElection16] INFO  server.RaftServerConfigKeys (ConfUtils.java:logGet(46)) - raft.server.log.appender.install.snapshot.enabled = false (custom)
2024-01-14 08:11:42,694 [023fb60a-00b7-42be-9ceb-f38531668441@group-EA54333CD795-LeaderElection16] INFO  grpc.GrpcConfigKeys (ConfUtils.java:logGet(46)) - raft.grpc.server.heartbeat.channel = true (default)
2024-01-14 08:11:42,694 [main] INFO  rpc.RpcClient (RpcClient.java:createBucket(683)) - Creating Bucket: testblockoutputstream/testblockoutputstream, with server-side default bucket layout, runner as owner, Versioning false, Storage Type set to DISK and Encryption set to false, Replication Type set to server-side default replication type, Namespace Quota set to -1, Space Quota set to -1 
2024-01-14 08:11:42,694 [5f8e001a-8213-4762-a64f-c492c0fad8a7@group-F1A88316A3CE-LeaderElection17] INFO  server.RaftServerConfigKeys (ConfUtils.java:logGet(46)) - raft.server.watch.timeout.denomination = 1s (default)
2024-01-14 08:11:42,695 [023fb60a-00b7-42be-9ceb-f38531668441@group-EA54333CD795-LeaderElection16] INFO  impl.RoleInfo (RoleInfo.java:updateAndGet(139)) - 023fb60a-00b7-42be-9ceb-f38531668441: start 023fb60a-00b7-42be-9ceb-f38531668441@group-EA54333CD795-LeaderStateImpl
2024-01-14 08:11:42,695 [5f8e001a-8213-4762-a64f-c492c0fad8a7@group-F1A88316A3CE-LeaderElection17] INFO  server.RaftServerConfigKeys (ConfUtils.java:logGet(46)) - raft.server.watch.element-limit = 65536 (default)
2024-01-14 08:11:42,696 [c2087a49-c200-4cc5-9876-7cd2477b3505@group-94A1419DA0AF-LeaderElection18] INFO  impl.LeaderElection (LeaderElection.java:askForVotes(321)) - c2087a49-c200-4cc5-9876-7cd2477b3505@group-94A1419DA0AF-LeaderElection18 PRE_VOTE round 0: submit vote requests at term 0 for -1: peers:[c2087a49-c200-4cc5-9876-7cd2477b3505|10.1.0.100:15094]|listeners:[], old=null
2024-01-14 08:11:42,696 [c2087a49-c200-4cc5-9876-7cd2477b3505@group-94A1419DA0AF-LeaderElection18] INFO  impl.LeaderElection (LeaderElection.java:askForVotes(323)) - c2087a49-c200-4cc5-9876-7cd2477b3505@group-94A1419DA0AF-LeaderElection18 PRE_VOTE round 0: result PASSED (term=0)
2024-01-14 08:11:42,696 [023fb60a-00b7-42be-9ceb-f38531668441@group-EA54333CD795-LeaderElection16] INFO  server.RaftServer$Division (RaftServerImpl.java:setFirstElection(574)) - 023fb60a-00b7-42be-9ceb-f38531668441@group-EA54333CD795: set firstElectionSinceStartup to false for becomeLeader
2024-01-14 08:11:42,696 [5f8e001a-8213-4762-a64f-c492c0fad8a7@group-F1A88316A3CE-LeaderElection17] INFO  server.RaftServerConfigKeys (ConfUtils.java:logGet(46)) - raft.server.read.leader.lease.enabled = false (default)
2024-01-14 08:11:42,696 [023fb60a-00b7-42be-9ceb-f38531668441@group-EA54333CD795-LeaderElection16] INFO  ratis.XceiverServerRatis (XceiverServerRatis.java:handleLeaderChangedNotification(945)) - Leader change notification received for group: group-EA54333CD795 with new leaderId: 023fb60a-00b7-42be-9ceb-f38531668441
2024-01-14 08:11:42,696 [5f8e001a-8213-4762-a64f-c492c0fad8a7@group-F1A88316A3CE-LeaderElection17] INFO  server.RaftServerConfigKeys (ConfUtils.java:logGet(46)) - raft.server.read.leader.lease.timeout.ratio = 0.9 (default)
2024-01-14 08:11:42,696 [5f8e001a-8213-4762-a64f-c492c0fad8a7@group-F1A88316A3CE-LeaderElection17] INFO  server.RaftServerConfigKeys (ConfUtils.java:logGet(46)) - raft.server.rpc.timeout.min = 5s (custom)
2024-01-14 08:11:42,696 [5f8e001a-8213-4762-a64f-c492c0fad8a7@group-F1A88316A3CE-LeaderElection17] INFO  server.RaftServerConfigKeys (ConfUtils.java:logGet(46)) - raft.server.write.element-limit = 1024 (custom)
2024-01-14 08:11:42,696 [5f8e001a-8213-4762-a64f-c492c0fad8a7@group-F1A88316A3CE-LeaderElection17] INFO  server.RaftServerConfigKeys (ConfUtils.java:logGet(46)) - raft.server.write.follower.gap.ratio.max = -1.0 (default)
2024-01-14 08:11:42,697 [5f8e001a-8213-4762-a64f-c492c0fad8a7@group-F1A88316A3CE-LeaderElection17] INFO  impl.RoleInfo (RoleInfo.java:updateAndGet(139)) - 5f8e001a-8213-4762-a64f-c492c0fad8a7: start 5f8e001a-8213-4762-a64f-c492c0fad8a7@group-F1A88316A3CE-LeaderStateImpl
2024-01-14 08:11:42,696 [023fb60a-00b7-42be-9ceb-f38531668441@group-EA54333CD795-LeaderElection16] INFO  server.RaftServer$Division (ServerState.java:setLeader(269)) - 023fb60a-00b7-42be-9ceb-f38531668441@group-EA54333CD795: change Leader from null to 023fb60a-00b7-42be-9ceb-f38531668441 at term 1 for becomeLeader, leader elected after 5258ms
2024-01-14 08:11:42,697 [023fb60a-00b7-42be-9ceb-f38531668441@group-EA54333CD795-LeaderElection16] INFO  segmented.SegmentedRaftLogWorker (SegmentedRaftLogWorker.java:startLogSegment(430)) - 023fb60a-00b7-42be-9ceb-f38531668441@group-EA54333CD795-SegmentedRaftLogWorker: Starting segment from index:0
2024-01-14 08:11:42,697 [5f8e001a-8213-4762-a64f-c492c0fad8a7@group-F1A88316A3CE-LeaderElection17] INFO  server.RaftServer$Division (RaftServerImpl.java:setFirstElection(574)) - 5f8e001a-8213-4762-a64f-c492c0fad8a7@group-F1A88316A3CE: set firstElectionSinceStartup to false for becomeLeader
2024-01-14 08:11:42,697 [5f8e001a-8213-4762-a64f-c492c0fad8a7@group-F1A88316A3CE-LeaderElection17] INFO  ratis.XceiverServerRatis (XceiverServerRatis.java:handleLeaderChangedNotification(945)) - Leader change notification received for group: group-F1A88316A3CE with new leaderId: 5f8e001a-8213-4762-a64f-c492c0fad8a7
2024-01-14 08:11:42,698 [023fb60a-00b7-42be-9ceb-f38531668441@group-EA54333CD795-SegmentedRaftLogWorker] INFO  segmented.BufferedWriteChannel (BufferedWriteChannel.java:open(62)) - open log_inprogress_0 at position 0
2024-01-14 08:11:42,698 [EventQueue-PipelineReportForPipelineReportHandler] INFO  pipeline.PipelineReportHandler (PipelineReportHandler.java:processPipelineReport(136)) - Opened pipeline PipelineID=7558fe87-f470-4d77-8c96-ea54333cd795
2024-01-14 08:11:42,698 [c2087a49-c200-4cc5-9876-7cd2477b3505@group-94A1419DA0AF-LeaderElection18] INFO  impl.LeaderElection (LeaderElection.java:askForVotes(321)) - c2087a49-c200-4cc5-9876-7cd2477b3505@group-94A1419DA0AF-LeaderElection18 ELECTION round 0: submit vote requests at term 1 for -1: peers:[c2087a49-c200-4cc5-9876-7cd2477b3505|10.1.0.100:15094]|listeners:[], old=null
2024-01-14 08:11:42,700 [c2087a49-c200-4cc5-9876-7cd2477b3505@group-94A1419DA0AF-LeaderElection18] INFO  impl.LeaderElection (LeaderElection.java:askForVotes(323)) - c2087a49-c200-4cc5-9876-7cd2477b3505@group-94A1419DA0AF-LeaderElection18 ELECTION round 0: result PASSED (term=1)
2024-01-14 08:11:42,700 [c2087a49-c200-4cc5-9876-7cd2477b3505@group-94A1419DA0AF-LeaderElection18] INFO  impl.RoleInfo (RoleInfo.java:shutdownLeaderElection(130)) - c2087a49-c200-4cc5-9876-7cd2477b3505: shutdown c2087a49-c200-4cc5-9876-7cd2477b3505@group-94A1419DA0AF-LeaderElection18
2024-01-14 08:11:42,700 [c2087a49-c200-4cc5-9876-7cd2477b3505@group-94A1419DA0AF-LeaderElection18] INFO  server.RaftServer$Division (RaftServerImpl.java:setRole(383)) - c2087a49-c200-4cc5-9876-7cd2477b3505@group-94A1419DA0AF: changes role from CANDIDATE to LEADER at term 1 for changeToLeader
2024-01-14 08:11:42,700 [c2087a49-c200-4cc5-9876-7cd2477b3505@group-94A1419DA0AF-LeaderElection18] INFO  server.RaftServerConfigKeys (ConfUtils.java:logGet(46)) - raft.server.staging.catchup.gap = 1000 (default)
2024-01-14 08:11:42,700 [c2087a49-c200-4cc5-9876-7cd2477b3505@group-94A1419DA0AF-LeaderElection18] INFO  server.RaftServerConfigKeys (ConfUtils.java:logGet(46)) - raft.server.write.element-limit = 1024 (custom)
2024-01-14 08:11:42,700 [c2087a49-c200-4cc5-9876-7cd2477b3505@group-94A1419DA0AF-LeaderElection18] INFO  server.RaftServerConfigKeys (ConfUtils.java:logGet(46)) - raft.server.write.byte-limit = 1024 M (=1073741824) (custom)
2024-01-14 08:11:42,701 [c2087a49-c200-4cc5-9876-7cd2477b3505@group-94A1419DA0AF-LeaderElection18] INFO  server.RaftServerConfigKeys (ConfUtils.java:logGet(46)) - raft.server.watch.timeout = 3000ms (custom)
2024-01-14 08:11:42,701 [c2087a49-c200-4cc5-9876-7cd2477b3505@group-94A1419DA0AF-LeaderElection18] INFO  server.RaftServerConfigKeys (ConfUtils.java:logGet(46)) - raft.server.watch.timeout.denomination = 1s (default)
2024-01-14 08:11:42,701 [c2087a49-c200-4cc5-9876-7cd2477b3505@group-94A1419DA0AF-LeaderElection18] INFO  server.RaftServerConfigKeys (ConfUtils.java:logGet(46)) - raft.server.watch.element-limit = 65536 (default)
2024-01-14 08:11:42,701 [c2087a49-c200-4cc5-9876-7cd2477b3505@group-94A1419DA0AF-LeaderElection18] INFO  server.RaftServerConfigKeys (ConfUtils.java:logGet(46)) - raft.server.read.leader.lease.enabled = false (default)
2024-01-14 08:11:42,701 [c2087a49-c200-4cc5-9876-7cd2477b3505@group-94A1419DA0AF-LeaderElection18] INFO  server.RaftServerConfigKeys (ConfUtils.java:logGet(46)) - raft.server.read.leader.lease.timeout.ratio = 0.9 (default)
2024-01-14 08:11:42,701 [c2087a49-c200-4cc5-9876-7cd2477b3505@group-94A1419DA0AF-LeaderElection18] INFO  server.RaftServerConfigKeys (ConfUtils.java:logGet(46)) - raft.server.rpc.timeout.min = 5s (custom)
2024-01-14 08:11:42,701 [c2087a49-c200-4cc5-9876-7cd2477b3505@group-94A1419DA0AF-LeaderElection18] INFO  server.RaftServerConfigKeys (ConfUtils.java:logGet(46)) - raft.server.write.element-limit = 1024 (custom)
2024-01-14 08:11:42,701 [c2087a49-c200-4cc5-9876-7cd2477b3505@group-94A1419DA0AF-LeaderElection18] INFO  server.RaftServerConfigKeys (ConfUtils.java:logGet(46)) - raft.server.write.follower.gap.ratio.max = -1.0 (default)
2024-01-14 08:11:42,701 [c2087a49-c200-4cc5-9876-7cd2477b3505@group-94A1419DA0AF-LeaderElection18] INFO  impl.RoleInfo (RoleInfo.java:updateAndGet(139)) - c2087a49-c200-4cc5-9876-7cd2477b3505: start c2087a49-c200-4cc5-9876-7cd2477b3505@group-94A1419DA0AF-LeaderStateImpl
2024-01-14 08:11:42,701 [c2087a49-c200-4cc5-9876-7cd2477b3505@group-94A1419DA0AF-LeaderElection18] INFO  server.RaftServer$Division (RaftServerImpl.java:setFirstElection(574)) - c2087a49-c200-4cc5-9876-7cd2477b3505@group-94A1419DA0AF: set firstElectionSinceStartup to false for becomeLeader
2024-01-14 08:11:42,701 [c2087a49-c200-4cc5-9876-7cd2477b3505@group-94A1419DA0AF-LeaderElection18] INFO  ratis.XceiverServerRatis (XceiverServerRatis.java:handleLeaderChangedNotification(945)) - Leader change notification received for group: group-94A1419DA0AF with new leaderId: c2087a49-c200-4cc5-9876-7cd2477b3505
2024-01-14 08:11:42,701 [om1-OMStateMachineApplyTransactionThread - 0] INFO  bucket.OMBucketCreateRequest (OMBucketCreateRequest.java:validateAndUpdateCache(296)) - created bucket: testblockoutputstream of layout FILE_SYSTEM_OPTIMIZED in volume: testblockoutputstream
2024-01-14 08:11:42,702 [c2087a49-c200-4cc5-9876-7cd2477b3505@group-94A1419DA0AF-LeaderElection18] INFO  server.RaftServer$Division (ServerState.java:setLeader(269)) - c2087a49-c200-4cc5-9876-7cd2477b3505@group-94A1419DA0AF: change Leader from null to c2087a49-c200-4cc5-9876-7cd2477b3505 at term 1 for becomeLeader, leader elected after 5111ms
2024-01-14 08:11:42,702 [c2087a49-c200-4cc5-9876-7cd2477b3505@group-94A1419DA0AF-LeaderElection18] INFO  segmented.SegmentedRaftLogWorker (SegmentedRaftLogWorker.java:startLogSegment(430)) - c2087a49-c200-4cc5-9876-7cd2477b3505@group-94A1419DA0AF-SegmentedRaftLogWorker: Starting segment from index:0
2024-01-14 08:11:42,702 [c2087a49-c200-4cc5-9876-7cd2477b3505@group-94A1419DA0AF-SegmentedRaftLogWorker] INFO  segmented.BufferedWriteChannel (BufferedWriteChannel.java:open(62)) - open log_inprogress_0 at position 0
2024-01-14 08:11:42,700 [023fb60a-00b7-42be-9ceb-f38531668441@group-EA54333CD795-LeaderElection16] INFO  server.RaftServer$Division (ServerState.java:setRaftConf(386)) - 023fb60a-00b7-42be-9ceb-f38531668441@group-EA54333CD795: set configuration 0: peers:[59ce54d6-04b6-4e86-8314-d8540ae27b4b|10.1.0.100:15067, 023fb60a-00b7-42be-9ceb-f38531668441|10.1.0.100:15076, 5f8e001a-8213-4762-a64f-c492c0fad8a7|10.1.0.100:15085]|listeners:[], old=null
2024-01-14 08:11:42,698 [5f8e001a-8213-4762-a64f-c492c0fad8a7@group-F1A88316A3CE-LeaderElection17] INFO  server.RaftServer$Division (ServerState.java:setLeader(269)) - 5f8e001a-8213-4762-a64f-c492c0fad8a7@group-F1A88316A3CE: change Leader from null to 5f8e001a-8213-4762-a64f-c492c0fad8a7 at term 1 for becomeLeader, leader elected after 5245ms
2024-01-14 08:11:42,703 [5f8e001a-8213-4762-a64f-c492c0fad8a7@group-F1A88316A3CE-LeaderElection17] INFO  segmented.SegmentedRaftLogWorker (SegmentedRaftLogWorker.java:startLogSegment(430)) - 5f8e001a-8213-4762-a64f-c492c0fad8a7@group-F1A88316A3CE-SegmentedRaftLogWorker: Starting segment from index:0
2024-01-14 08:11:42,709 [c2087a49-c200-4cc5-9876-7cd2477b3505@group-94A1419DA0AF-LeaderElection18] INFO  server.RaftServer$Division (ServerState.java:setRaftConf(386)) - c2087a49-c200-4cc5-9876-7cd2477b3505@group-94A1419DA0AF: set configuration 0: peers:[c2087a49-c200-4cc5-9876-7cd2477b3505|10.1.0.100:15094]|listeners:[], old=null
2024-01-14 08:11:42,709 [5f8e001a-8213-4762-a64f-c492c0fad8a7@group-F1A88316A3CE-LeaderElection17] INFO  server.RaftServer$Division (ServerState.java:setRaftConf(386)) - 5f8e001a-8213-4762-a64f-c492c0fad8a7@group-F1A88316A3CE: set configuration 0: peers:[5f8e001a-8213-4762-a64f-c492c0fad8a7|10.1.0.100:15085]|listeners:[], old=null
2024-01-14 08:11:42,714 [IPC Server handler 2 on default port 15053] INFO  ha.SequenceIdGenerator (SequenceIdGenerator.java:getNextId(145)) - Allocate a batch for containerId, change lastId from 0 to 1000.
2024-01-14 08:11:42,714 [5f8e001a-8213-4762-a64f-c492c0fad8a7@group-F1A88316A3CE-SegmentedRaftLogWorker] INFO  segmented.BufferedWriteChannel (BufferedWriteChannel.java:open(62)) - open log_inprogress_0 at position 0
2024-01-14 08:11:42,715 [c2087a49-c200-4cc5-9876-7cd2477b3505@group-94A1419DA0AF-SegmentedRaftLogWorker] INFO  segmented.SegmentedRaftLogWorker (SegmentedRaftLogWorker.java:execute(634)) - c2087a49-c200-4cc5-9876-7cd2477b3505@group-94A1419DA0AF-SegmentedRaftLogWorker: created new log segment /home/runner/work/ozone/ozone/hadoop-ozone/integration-test/target/test-dir/MiniOzoneClusterImpl-cd00605b-e4dc-4ea1-ab7e-d8be28c4d560/datanode-3/data/ratis/1a180ac5-a79f-4372-a772-94a1419da0af/current/log_inprogress_0
2024-01-14 08:11:42,714 [023fb60a-00b7-42be-9ceb-f38531668441@group-EA54333CD795-SegmentedRaftLogWorker] INFO  segmented.SegmentedRaftLogWorker (SegmentedRaftLogWorker.java:execute(634)) - 023fb60a-00b7-42be-9ceb-f38531668441@group-EA54333CD795-SegmentedRaftLogWorker: created new log segment /home/runner/work/ozone/ozone/hadoop-ozone/integration-test/target/test-dir/MiniOzoneClusterImpl-cd00605b-e4dc-4ea1-ab7e-d8be28c4d560/datanode-1/data/ratis/7558fe87-f470-4d77-8c96-ea54333cd795/current/log_inprogress_0
2024-01-14 08:11:42,722 [5f8e001a-8213-4762-a64f-c492c0fad8a7@group-F1A88316A3CE-SegmentedRaftLogWorker] INFO  segmented.SegmentedRaftLogWorker (SegmentedRaftLogWorker.java:execute(634)) - 5f8e001a-8213-4762-a64f-c492c0fad8a7@group-F1A88316A3CE-SegmentedRaftLogWorker: created new log segment /home/runner/work/ozone/ozone/hadoop-ozone/integration-test/target/test-dir/MiniOzoneClusterImpl-cd00605b-e4dc-4ea1-ab7e-d8be28c4d560/datanode-2/data/ratis/bb42472c-5522-4c56-8a65-f1a88316a3ce/current/log_inprogress_0
2024-01-14 08:11:42,722 [c2087a49-c200-4cc5-9876-7cd2477b3505@group-94A1419DA0AF-StateMachineUpdater] INFO  server.RaftServer$Division (LeaderStateImpl.java:isApplied(320)) - leader is ready since appliedIndex == 0 >= startIndex == 0
2024-01-14 08:11:42,724 [5f8e001a-8213-4762-a64f-c492c0fad8a7-server-thread1] INFO  ratis.XceiverServerRatis (XceiverServerRatis.java:handleLeaderChangedNotification(945)) - Leader change notification received for group: group-EA54333CD795 with new leaderId: 023fb60a-00b7-42be-9ceb-f38531668441
2024-01-14 08:11:42,724 [5f8e001a-8213-4762-a64f-c492c0fad8a7-server-thread1] INFO  server.RaftServer$Division (ServerState.java:setLeader(269)) - 5f8e001a-8213-4762-a64f-c492c0fad8a7@group-EA54333CD795: change Leader from null to 023fb60a-00b7-42be-9ceb-f38531668441 at term 1 for appendEntries, leader elected after 5223ms
2024-01-14 08:11:42,724 [5f8e001a-8213-4762-a64f-c492c0fad8a7-server-thread1] INFO  server.RaftServer$Division (ServerState.java:setRaftConf(386)) - 5f8e001a-8213-4762-a64f-c492c0fad8a7@group-EA54333CD795: set configuration 0: peers:[59ce54d6-04b6-4e86-8314-d8540ae27b4b|10.1.0.100:15067, 023fb60a-00b7-42be-9ceb-f38531668441|10.1.0.100:15076, 5f8e001a-8213-4762-a64f-c492c0fad8a7|10.1.0.100:15085]|listeners:[], old=null
2024-01-14 08:11:42,724 [5f8e001a-8213-4762-a64f-c492c0fad8a7-server-thread1] INFO  segmented.SegmentedRaftLogWorker (SegmentedRaftLogWorker.java:startLogSegment(430)) - 5f8e001a-8213-4762-a64f-c492c0fad8a7@group-EA54333CD795-SegmentedRaftLogWorker: Starting segment from index:0
2024-01-14 08:11:42,729 [59ce54d6-04b6-4e86-8314-d8540ae27b4b-server-thread1] INFO  ratis.XceiverServerRatis (XceiverServerRatis.java:handleLeaderChangedNotification(945)) - Leader change notification received for group: group-EA54333CD795 with new leaderId: 023fb60a-00b7-42be-9ceb-f38531668441
2024-01-14 08:11:42,729 [59ce54d6-04b6-4e86-8314-d8540ae27b4b-server-thread1] INFO  server.RaftServer$Division (ServerState.java:setLeader(269)) - 59ce54d6-04b6-4e86-8314-d8540ae27b4b@group-EA54333CD795: change Leader from null to 023fb60a-00b7-42be-9ceb-f38531668441 at term 1 for appendEntries, leader elected after 5224ms
2024-01-14 08:11:42,730 [59ce54d6-04b6-4e86-8314-d8540ae27b4b-server-thread2] INFO  server.RaftServer$Division (ServerState.java:setRaftConf(386)) - 59ce54d6-04b6-4e86-8314-d8540ae27b4b@group-EA54333CD795: set configuration 0: peers:[59ce54d6-04b6-4e86-8314-d8540ae27b4b|10.1.0.100:15067, 023fb60a-00b7-42be-9ceb-f38531668441|10.1.0.100:15076, 5f8e001a-8213-4762-a64f-c492c0fad8a7|10.1.0.100:15085]|listeners:[], old=null
2024-01-14 08:11:42,730 [5f8e001a-8213-4762-a64f-c492c0fad8a7@group-EA54333CD795-SegmentedRaftLogWorker] INFO  segmented.BufferedWriteChannel (BufferedWriteChannel.java:open(62)) - open log_inprogress_0 at position 0
2024-01-14 08:11:42,730 [59ce54d6-04b6-4e86-8314-d8540ae27b4b-server-thread2] INFO  segmented.SegmentedRaftLogWorker (SegmentedRaftLogWorker.java:startLogSegment(430)) - 59ce54d6-04b6-4e86-8314-d8540ae27b4b@group-EA54333CD795-SegmentedRaftLogWorker: Starting segment from index:0
2024-01-14 08:11:42,732 [5f8e001a-8213-4762-a64f-c492c0fad8a7@group-F1A88316A3CE-StateMachineUpdater] INFO  server.RaftServer$Division (LeaderStateImpl.java:isApplied(320)) - leader is ready since appliedIndex == 0 >= startIndex == 0
2024-01-14 08:11:42,733 [59ce54d6-04b6-4e86-8314-d8540ae27b4b@group-EA54333CD795-SegmentedRaftLogWorker] INFO  segmented.BufferedWriteChannel (BufferedWriteChannel.java:open(62)) - open log_inprogress_0 at position 0
2024-01-14 08:11:42,743 [59ce54d6-04b6-4e86-8314-d8540ae27b4b@group-EA54333CD795-SegmentedRaftLogWorker] INFO  segmented.SegmentedRaftLogWorker (SegmentedRaftLogWorker.java:execute(634)) - 59ce54d6-04b6-4e86-8314-d8540ae27b4b@group-EA54333CD795-SegmentedRaftLogWorker: created new log segment /home/runner/work/ozone/ozone/hadoop-ozone/integration-test/target/test-dir/MiniOzoneClusterImpl-cd00605b-e4dc-4ea1-ab7e-d8be28c4d560/datanode-0/data/ratis/7558fe87-f470-4d77-8c96-ea54333cd795/current/log_inprogress_0
2024-01-14 08:11:42,744 [5f8e001a-8213-4762-a64f-c492c0fad8a7@group-EA54333CD795-SegmentedRaftLogWorker] INFO  segmented.SegmentedRaftLogWorker (SegmentedRaftLogWorker.java:execute(634)) - 5f8e001a-8213-4762-a64f-c492c0fad8a7@group-EA54333CD795-SegmentedRaftLogWorker: created new log segment /home/runner/work/ozone/ozone/hadoop-ozone/integration-test/target/test-dir/MiniOzoneClusterImpl-cd00605b-e4dc-4ea1-ab7e-d8be28c4d560/datanode-2/data/ratis/7558fe87-f470-4d77-8c96-ea54333cd795/current/log_inprogress_0
2024-01-14 08:11:42,753 [023fb60a-00b7-42be-9ceb-f38531668441@group-EA54333CD795-StateMachineUpdater] INFO  server.RaftServer$Division (LeaderStateImpl.java:isApplied(320)) - leader is ready since appliedIndex == 0 >= startIndex == 0
2024-01-14 08:11:42,753 [grpc-default-executor-4] ERROR impl.OrderedAsync (OrderedAsync.java:lambda$sendRequest$9(247)) - client-DAAC435EC2A3: Failed* RaftClientRequest:client-DAAC435EC2A3->023fb60a-00b7-42be-9ceb-f38531668441@group-EA54333CD795, cid=26, seq=1*, Watch(0), null
java.util.concurrent.CompletionException: org.apache.ratis.protocol.exceptions.LeaderNotReadyException: 023fb60a-00b7-42be-9ceb-f38531668441@group-EA54333CD795 is in LEADER state but not ready yet.
	at java.util.concurrent.CompletableFuture.encodeThrowable(CompletableFuture.java:292)
	at java.util.concurrent.CompletableFuture.completeThrowable(CompletableFuture.java:308)
	at java.util.concurrent.CompletableFuture.uniApply(CompletableFuture.java:607)
	at java.util.concurrent.CompletableFuture$UniApply.tryFire(CompletableFuture.java:591)
	at java.util.concurrent.CompletableFuture.postComplete(CompletableFuture.java:488)
	at java.util.concurrent.CompletableFuture.completeExceptionally(CompletableFuture.java:1990)
	at org.apache.ratis.grpc.client.GrpcClientProtocolClient$AsyncStreamObservers.completeReplyExceptionally(GrpcClientProtocolClient.java:394)
	at org.apache.ratis.grpc.client.GrpcClientProtocolClient$AsyncStreamObservers.access$000(GrpcClientProtocolClient.java:300)
	at org.apache.ratis.grpc.client.GrpcClientProtocolClient$AsyncStreamObservers$1.onNext(GrpcClientProtocolClient.java:319)
	at org.apache.ratis.grpc.client.GrpcClientProtocolClient$AsyncStreamObservers$1.onNext(GrpcClientProtocolClient.java:305)
	at org.apache.ratis.thirdparty.io.grpc.stub.ClientCalls$StreamObserverToCallListenerAdapter.onMessage(ClientCalls.java:468)
	at org.apache.ratis.thirdparty.io.grpc.ForwardingClientCallListener.onMessage(ForwardingClientCallListener.java:33)
	at org.apache.ratis.thirdparty.io.grpc.internal.DelayedClientCall$DelayedListener.onMessage(DelayedClientCall.java:473)
	at org.apache.ratis.thirdparty.io.grpc.internal.ClientCallImpl$ClientStreamListenerImpl$1MessagesAvailable.runInternal(ClientCallImpl.java:660)
	at org.apache.ratis.thirdparty.io.grpc.internal.ClientCallImpl$ClientStreamListenerImpl$1MessagesAvailable.runInContext(ClientCallImpl.java:647)
	at org.apache.ratis.thirdparty.io.grpc.internal.ContextRunnable.run(ContextRunnable.java:37)
	at org.apache.ratis.thirdparty.io.grpc.internal.SerializingExecutor.run(SerializingExecutor.java:133)
	at java.util.concurrent.ThreadPoolExecutor.runWorker(ThreadPoolExecutor.java:1149)
	at java.util.concurrent.ThreadPoolExecutor$Worker.run(ThreadPoolExecutor.java:624)
	at java.lang.Thread.run(Thread.java:750)
Caused by: org.apache.ratis.protocol.exceptions.LeaderNotReadyException: 023fb60a-00b7-42be-9ceb-f38531668441@group-EA54333CD795 is in LEADER state but not ready yet.
	at org.apache.ratis.client.impl.ClientProtoUtils.toRaftClientReply(ClientProtoUtils.java:407)
	at org.apache.ratis.grpc.client.GrpcClientProtocolClient$AsyncStreamObservers$1.onNext(GrpcClientProtocolClient.java:310)
	... 11 more
2024-01-14 08:11:42,792 [5d2ec376-2e2c-4bb9-a4fb-bf5b12c4c412@group-A2FA8D8A5B6E-FollowerState] INFO  impl.FollowerState (FollowerState.java:run(143)) - 5d2ec376-2e2c-4bb9-a4fb-bf5b12c4c412@group-A2FA8D8A5B6E-FollowerState: change to CANDIDATE, lastRpcElapsedTime:5120591020ns, electionTimeout:5120ms
2024-01-14 08:11:42,792 [5d2ec376-2e2c-4bb9-a4fb-bf5b12c4c412@group-A2FA8D8A5B6E-FollowerState] INFO  impl.RoleInfo (RoleInfo.java:shutdownFollowerState(110)) - 5d2ec376-2e2c-4bb9-a4fb-bf5b12c4c412: shutdown 5d2ec376-2e2c-4bb9-a4fb-bf5b12c4c412@group-A2FA8D8A5B6E-FollowerState
2024-01-14 08:11:42,792 [5d2ec376-2e2c-4bb9-a4fb-bf5b12c4c412@group-A2FA8D8A5B6E-FollowerState] INFO  server.RaftServer$Division (RaftServerImpl.java:setRole(383)) - 5d2ec376-2e2c-4bb9-a4fb-bf5b12c4c412@group-A2FA8D8A5B6E: changes role from  FOLLOWER to CANDIDATE at term 0 for changeToCandidate
2024-01-14 08:11:42,792 [5d2ec376-2e2c-4bb9-a4fb-bf5b12c4c412@group-A2FA8D8A5B6E-FollowerState] INFO  server.RaftServerConfigKeys (ConfUtils.java:logGet(46)) - raft.server.leaderelection.pre-vote = true (default)
2024-01-14 08:11:42,792 [5d2ec376-2e2c-4bb9-a4fb-bf5b12c4c412@group-A2FA8D8A5B6E-FollowerState] INFO  impl.RoleInfo (RoleInfo.java:updateAndGet(139)) - 5d2ec376-2e2c-4bb9-a4fb-bf5b12c4c412: start 5d2ec376-2e2c-4bb9-a4fb-bf5b12c4c412@group-A2FA8D8A5B6E-LeaderElection19
2024-01-14 08:11:42,793 [5d2ec376-2e2c-4bb9-a4fb-bf5b12c4c412@group-A2FA8D8A5B6E-LeaderElection19] INFO  impl.LeaderElection (LeaderElection.java:askForVotes(321)) - 5d2ec376-2e2c-4bb9-a4fb-bf5b12c4c412@group-A2FA8D8A5B6E-LeaderElection19 PRE_VOTE round 0: submit vote requests at term 0 for -1: peers:[5d2ec376-2e2c-4bb9-a4fb-bf5b12c4c412|10.1.0.100:15103]|listeners:[], old=null
2024-01-14 08:11:42,793 [5d2ec376-2e2c-4bb9-a4fb-bf5b12c4c412@group-A2FA8D8A5B6E-LeaderElection19] INFO  impl.LeaderElection (LeaderElection.java:askForVotes(323)) - 5d2ec376-2e2c-4bb9-a4fb-bf5b12c4c412@group-A2FA8D8A5B6E-LeaderElection19 PRE_VOTE round 0: result PASSED (term=0)
2024-01-14 08:11:42,794 [5d2ec376-2e2c-4bb9-a4fb-bf5b12c4c412@group-A2FA8D8A5B6E-LeaderElection19] INFO  impl.LeaderElection (LeaderElection.java:askForVotes(321)) - 5d2ec376-2e2c-4bb9-a4fb-bf5b12c4c412@group-A2FA8D8A5B6E-LeaderElection19 ELECTION round 0: submit vote requests at term 1 for -1: peers:[5d2ec376-2e2c-4bb9-a4fb-bf5b12c4c412|10.1.0.100:15103]|listeners:[], old=null
2024-01-14 08:11:42,794 [5d2ec376-2e2c-4bb9-a4fb-bf5b12c4c412@group-A2FA8D8A5B6E-LeaderElection19] INFO  impl.LeaderElection (LeaderElection.java:askForVotes(323)) - 5d2ec376-2e2c-4bb9-a4fb-bf5b12c4c412@group-A2FA8D8A5B6E-LeaderElection19 ELECTION round 0: result PASSED (term=1)
2024-01-14 08:11:42,794 [5d2ec376-2e2c-4bb9-a4fb-bf5b12c4c412@group-A2FA8D8A5B6E-LeaderElection19] INFO  impl.RoleInfo (RoleInfo.java:shutdownLeaderElection(130)) - 5d2ec376-2e2c-4bb9-a4fb-bf5b12c4c412: shutdown 5d2ec376-2e2c-4bb9-a4fb-bf5b12c4c412@group-A2FA8D8A5B6E-LeaderElection19
2024-01-14 08:11:42,794 [5d2ec376-2e2c-4bb9-a4fb-bf5b12c4c412@group-A2FA8D8A5B6E-LeaderElection19] INFO  server.RaftServer$Division (RaftServerImpl.java:setRole(383)) - 5d2ec376-2e2c-4bb9-a4fb-bf5b12c4c412@group-A2FA8D8A5B6E: changes role from CANDIDATE to LEADER at term 1 for changeToLeader
2024-01-14 08:11:42,794 [5d2ec376-2e2c-4bb9-a4fb-bf5b12c4c412@group-A2FA8D8A5B6E-LeaderElection19] INFO  server.RaftServerConfigKeys (ConfUtils.java:logGet(46)) - raft.server.staging.catchup.gap = 1000 (default)
2024-01-14 08:11:42,795 [5d2ec376-2e2c-4bb9-a4fb-bf5b12c4c412@group-A2FA8D8A5B6E-LeaderElection19] INFO  server.RaftServerConfigKeys (ConfUtils.java:logGet(46)) - raft.server.write.element-limit = 1024 (custom)
2024-01-14 08:11:42,795 [5d2ec376-2e2c-4bb9-a4fb-bf5b12c4c412@group-A2FA8D8A5B6E-LeaderElection19] INFO  server.RaftServerConfigKeys (ConfUtils.java:logGet(46)) - raft.server.write.byte-limit = 1024 M (=1073741824) (custom)
2024-01-14 08:11:42,795 [5d2ec376-2e2c-4bb9-a4fb-bf5b12c4c412@group-A2FA8D8A5B6E-LeaderElection19] INFO  server.RaftServerConfigKeys (ConfUtils.java:logGet(46)) - raft.server.watch.timeout = 3000ms (custom)
2024-01-14 08:11:42,795 [5d2ec376-2e2c-4bb9-a4fb-bf5b12c4c412@group-A2FA8D8A5B6E-LeaderElection19] INFO  server.RaftServerConfigKeys (ConfUtils.java:logGet(46)) - raft.server.watch.timeout.denomination = 1s (default)
2024-01-14 08:11:42,795 [5d2ec376-2e2c-4bb9-a4fb-bf5b12c4c412@group-A2FA8D8A5B6E-LeaderElection19] INFO  server.RaftServerConfigKeys (ConfUtils.java:logGet(46)) - raft.server.watch.element-limit = 65536 (default)
2024-01-14 08:11:42,795 [5d2ec376-2e2c-4bb9-a4fb-bf5b12c4c412@group-A2FA8D8A5B6E-LeaderElection19] INFO  server.RaftServerConfigKeys (ConfUtils.java:logGet(46)) - raft.server.read.leader.lease.enabled = false (default)
2024-01-14 08:11:42,795 [5d2ec376-2e2c-4bb9-a4fb-bf5b12c4c412@group-A2FA8D8A5B6E-LeaderElection19] INFO  server.RaftServerConfigKeys (ConfUtils.java:logGet(46)) - raft.server.read.leader.lease.timeout.ratio = 0.9 (default)
2024-01-14 08:11:42,795 [5d2ec376-2e2c-4bb9-a4fb-bf5b12c4c412@group-A2FA8D8A5B6E-LeaderElection19] INFO  server.RaftServerConfigKeys (ConfUtils.java:logGet(46)) - raft.server.rpc.timeout.min = 5s (custom)
2024-01-14 08:11:42,795 [5d2ec376-2e2c-4bb9-a4fb-bf5b12c4c412@group-A2FA8D8A5B6E-LeaderElection19] INFO  server.RaftServerConfigKeys (ConfUtils.java:logGet(46)) - raft.server.write.element-limit = 1024 (custom)
2024-01-14 08:11:42,796 [5d2ec376-2e2c-4bb9-a4fb-bf5b12c4c412@group-A2FA8D8A5B6E-LeaderElection19] INFO  server.RaftServerConfigKeys (ConfUtils.java:logGet(46)) - raft.server.write.follower.gap.ratio.max = -1.0 (default)
2024-01-14 08:11:42,796 [5d2ec376-2e2c-4bb9-a4fb-bf5b12c4c412@group-A2FA8D8A5B6E-LeaderElection19] INFO  impl.RoleInfo (RoleInfo.java:updateAndGet(139)) - 5d2ec376-2e2c-4bb9-a4fb-bf5b12c4c412: start 5d2ec376-2e2c-4bb9-a4fb-bf5b12c4c412@group-A2FA8D8A5B6E-LeaderStateImpl
2024-01-14 08:11:42,796 [5d2ec376-2e2c-4bb9-a4fb-bf5b12c4c412@group-A2FA8D8A5B6E-LeaderElection19] INFO  server.RaftServer$Division (RaftServerImpl.java:setFirstElection(574)) - 5d2ec376-2e2c-4bb9-a4fb-bf5b12c4c412@group-A2FA8D8A5B6E: set firstElectionSinceStartup to false for becomeLeader
2024-01-14 08:11:42,796 [5d2ec376-2e2c-4bb9-a4fb-bf5b12c4c412@group-A2FA8D8A5B6E-LeaderElection19] INFO  ratis.XceiverServerRatis (XceiverServerRatis.java:handleLeaderChangedNotification(945)) - Leader change notification received for group: group-A2FA8D8A5B6E with new leaderId: 5d2ec376-2e2c-4bb9-a4fb-bf5b12c4c412
2024-01-14 08:11:42,796 [5d2ec376-2e2c-4bb9-a4fb-bf5b12c4c412@group-A2FA8D8A5B6E-LeaderElection19] INFO  server.RaftServer$Division (ServerState.java:setLeader(269)) - 5d2ec376-2e2c-4bb9-a4fb-bf5b12c4c412@group-A2FA8D8A5B6E: change Leader from null to 5d2ec376-2e2c-4bb9-a4fb-bf5b12c4c412 at term 1 for becomeLeader, leader elected after 5145ms
2024-01-14 08:11:42,796 [5d2ec376-2e2c-4bb9-a4fb-bf5b12c4c412@group-A2FA8D8A5B6E-LeaderElection19] INFO  segmented.SegmentedRaftLogWorker (SegmentedRaftLogWorker.java:startLogSegment(430)) - 5d2ec376-2e2c-4bb9-a4fb-bf5b12c4c412@group-A2FA8D8A5B6E-SegmentedRaftLogWorker: Starting segment from index:0
2024-01-14 08:11:42,796 [5d2ec376-2e2c-4bb9-a4fb-bf5b12c4c412@group-A2FA8D8A5B6E-SegmentedRaftLogWorker] INFO  segmented.BufferedWriteChannel (BufferedWriteChannel.java:open(62)) - open log_inprogress_0 at position 0
2024-01-14 08:11:42,799 [5d2ec376-2e2c-4bb9-a4fb-bf5b12c4c412@group-A2FA8D8A5B6E-LeaderElection19] INFO  server.RaftServer$Division (ServerState.java:setRaftConf(386)) - 5d2ec376-2e2c-4bb9-a4fb-bf5b12c4c412@group-A2FA8D8A5B6E: set configuration 0: peers:[5d2ec376-2e2c-4bb9-a4fb-bf5b12c4c412|10.1.0.100:15103]|listeners:[], old=null
2024-01-14 08:11:42,804 [5d2ec376-2e2c-4bb9-a4fb-bf5b12c4c412@group-A2FA8D8A5B6E-SegmentedRaftLogWorker] INFO  segmented.SegmentedRaftLogWorker (SegmentedRaftLogWorker.java:execute(634)) - 5d2ec376-2e2c-4bb9-a4fb-bf5b12c4c412@group-A2FA8D8A5B6E-SegmentedRaftLogWorker: created new log segment /home/runner/work/ozone/ozone/hadoop-ozone/integration-test/target/test-dir/MiniOzoneClusterImpl-cd00605b-e4dc-4ea1-ab7e-d8be28c4d560/datanode-4/data/ratis/51268c94-f4dd-49ba-bcdf-a2fa8d8a5b6e/current/log_inprogress_0
2024-01-14 08:11:42,806 [5d2ec376-2e2c-4bb9-a4fb-bf5b12c4c412@group-A2FA8D8A5B6E-StateMachineUpdater] INFO  server.RaftServer$Division (LeaderStateImpl.java:isApplied(320)) - leader is ready since appliedIndex == 0 >= startIndex == 0
2024-01-14 08:11:48,069 [timer2] ERROR impl.OrderedAsync (OrderedAsync.java:lambda$sendRequest$9(247)) - client-DAAC435EC2A3: Failed* RaftClientRequest:client-DAAC435EC2A3->023fb60a-00b7-42be-9ceb-f38531668441@group-EA54333CD795, cid=26, seq=1*, Watch(0), null
java.util.concurrent.CompletionException: org.apache.ratis.protocol.exceptions.AlreadyClosedException: client-DAAC435EC2A3->023fb60a-00b7-42be-9ceb-f38531668441 is closed.
	at java.util.concurrent.CompletableFuture.encodeThrowable(CompletableFuture.java:292)
	at java.util.concurrent.CompletableFuture.completeThrowable(CompletableFuture.java:308)
	at java.util.concurrent.CompletableFuture.uniApply(CompletableFuture.java:607)
	at java.util.concurrent.CompletableFuture.uniApplyStage(CompletableFuture.java:628)
	at java.util.concurrent.CompletableFuture.thenApply(CompletableFuture.java:1996)
	at org.apache.ratis.client.impl.OrderedAsync.sendRequest(OrderedAsync.java:239)
	at org.apache.ratis.client.impl.OrderedAsync.sendRequestWithRetry(OrderedAsync.java:203)
	at org.apache.ratis.util.SlidingWindow$Client.sendOrDelayRequest(SlidingWindow.java:312)
	at org.apache.ratis.util.SlidingWindow$Client.retry(SlidingWindow.java:328)
	at org.apache.ratis.client.impl.OrderedAsync.lambda$scheduleWithTimeout$6(OrderedAsync.java:227)
	at org.apache.ratis.util.TimeoutTimer.lambda$onTimeout$2(TimeoutTimer.java:101)
	at org.apache.ratis.util.LogUtils.runAndLog(LogUtils.java:38)
	at org.apache.ratis.util.LogUtils$1.run(LogUtils.java:78)
	at org.apache.ratis.util.TimeoutTimer$Task.run(TimeoutTimer.java:55)
	at java.util.TimerThread.mainLoop(Timer.java:555)
	at java.util.TimerThread.run(Timer.java:505)
Caused by: org.apache.ratis.protocol.exceptions.AlreadyClosedException: client-DAAC435EC2A3->023fb60a-00b7-42be-9ceb-f38531668441 is closed.
	at org.apache.ratis.grpc.client.GrpcClientProtocolClient$AsyncStreamObservers.onNext(GrpcClientProtocolClient.java:349)
	at org.apache.ratis.grpc.client.GrpcClientRpc.sendRequestAsync(GrpcClientRpc.java:71)
	... 11 more
2024-01-14 08:11:55,377 [grpc-default-executor-3] ERROR impl.OrderedAsync (OrderedAsync.java:lambda$sendRequest$9(247)) - client-DAAC435EC2A3: Failed* RaftClientRequest:client-DAAC435EC2A3->5f8e001a-8213-4762-a64f-c492c0fad8a7@group-EA54333CD795, cid=26, seq=1*, Watch(0), null
java.util.concurrent.CompletionException: org.apache.ratis.protocol.exceptions.NotLeaderException: Server 5f8e001a-8213-4762-a64f-c492c0fad8a7@group-EA54333CD795 is not the leader 023fb60a-00b7-42be-9ceb-f38531668441|10.1.0.100:15076
	at java.util.concurrent.CompletableFuture.encodeThrowable(CompletableFuture.java:292)
	at java.util.concurrent.CompletableFuture.completeThrowable(CompletableFuture.java:308)
	at java.util.concurrent.CompletableFuture.uniApply(CompletableFuture.java:607)
	at java.util.concurrent.CompletableFuture$UniApply.tryFire(CompletableFuture.java:591)
	at java.util.concurrent.CompletableFuture.postComplete(CompletableFuture.java:488)
	at java.util.concurrent.CompletableFuture.completeExceptionally(CompletableFuture.java:1990)
	at org.apache.ratis.grpc.client.GrpcClientProtocolClient$AsyncStreamObservers.completeReplyExceptionally(GrpcClientProtocolClient.java:394)
	at org.apache.ratis.grpc.client.GrpcClientProtocolClient$AsyncStreamObservers.access$000(GrpcClientProtocolClient.java:300)
	at org.apache.ratis.grpc.client.GrpcClientProtocolClient$AsyncStreamObservers$1.onNext(GrpcClientProtocolClient.java:314)
	at org.apache.ratis.grpc.client.GrpcClientProtocolClient$AsyncStreamObservers$1.onNext(GrpcClientProtocolClient.java:305)
	at org.apache.ratis.thirdparty.io.grpc.stub.ClientCalls$StreamObserverToCallListenerAdapter.onMessage(ClientCalls.java:468)
	at org.apache.ratis.thirdparty.io.grpc.ForwardingClientCallListener.onMessage(ForwardingClientCallListener.java:33)
	at org.apache.ratis.thirdparty.io.grpc.internal.DelayedClientCall$DelayedListener.onMessage(DelayedClientCall.java:473)
	at org.apache.ratis.thirdparty.io.grpc.internal.ClientCallImpl$ClientStreamListenerImpl$1MessagesAvailable.runInternal(ClientCallImpl.java:660)
	at org.apache.ratis.thirdparty.io.grpc.internal.ClientCallImpl$ClientStreamListenerImpl$1MessagesAvailable.runInContext(ClientCallImpl.java:647)
	at org.apache.ratis.thirdparty.io.grpc.internal.ContextRunnable.run(ContextRunnable.java:37)
	at org.apache.ratis.thirdparty.io.grpc.internal.SerializingExecutor.run(SerializingExecutor.java:133)
	at java.util.concurrent.ThreadPoolExecutor.runWorker(ThreadPoolExecutor.java:1149)
	at java.util.concurrent.ThreadPoolExecutor$Worker.run(ThreadPoolExecutor.java:624)
	at java.lang.Thread.run(Thread.java:750)
Caused by: org.apache.ratis.protocol.exceptions.NotLeaderException: Server 5f8e001a-8213-4762-a64f-c492c0fad8a7@group-EA54333CD795 is not the leader 023fb60a-00b7-42be-9ceb-f38531668441|10.1.0.100:15076
	at org.apache.ratis.client.impl.ClientProtoUtils.toRaftClientReply(ClientProtoUtils.java:397)
	at org.apache.ratis.grpc.client.GrpcClientProtocolClient$AsyncStreamObservers$1.onNext(GrpcClientProtocolClient.java:310)
	... 11 more
2024-01-14 08:11:55,379 [grpc-default-executor-3] ERROR impl.OrderedAsync (OrderedAsync.java:lambda$send$4(179)) - Failed to send request, message=null
java.util.concurrent.CompletionException: org.apache.ratis.protocol.exceptions.RaftRetryFailureException: Failed RaftClientRequest:client-DAAC435EC2A3->5f8e001a-8213-4762-a64f-c492c0fad8a7@group-EA54333CD795, cid=26, seq=1*, Watch(0), null for 3 attempts with RequestTypeDependentRetryPolicy{WRITE->ExceptionDependentRetry(maxAttempts=2147483647; defaultPolicy=MultipleLinearRandomRetry[5x5s, 5x10s, 5x15s, 5x20s, 5x25s, 10x60s]; map={org.apache.ratis.protocol.exceptions.GroupMismatchException->NoRetry, org.apache.ratis.protocol.exceptions.NotReplicatedException->NoRetry, org.apache.ratis.protocol.exceptions.ResourceUnavailableException->org.apache.ratis.retry.ExponentialBackoffRetry@349ca5df, org.apache.ratis.protocol.exceptions.StateMachineException->NoRetry, org.apache.ratis.protocol.exceptions.TimeoutIOException->org.apache.ratis.retry.ExponentialBackoffRetry@349ca5df}), WATCH->ExceptionDependentRetry(maxAttempts=2147483647; defaultPolicy=MultipleLinearRandomRetry[5x5s, 5x10s, 5x15s, 5x20s, 5x25s, 10x60s]; map={org.apache.ratis.protocol.exceptions.GroupMismatchException->NoRetry, org.apache.ratis.protocol.exceptions.NotReplicatedException->NoRetry, org.apache.ratis.protocol.exceptions.ResourceUnavailableException->org.apache.ratis.retry.ExponentialBackoffRetry@349ca5df, org.apache.ratis.protocol.exceptions.StateMachineException->NoRetry, org.apache.ratis.protocol.exceptions.TimeoutIOException->NoRetry})}
	at java.util.concurrent.CompletableFuture.encodeThrowable(CompletableFuture.java:292)
	at java.util.concurrent.CompletableFuture.completeThrowable(CompletableFuture.java:308)
	at java.util.concurrent.CompletableFuture.uniApply(CompletableFuture.java:607)
	at java.util.concurrent.CompletableFuture$UniApply.tryFire(CompletableFuture.java:591)
	at java.util.concurrent.CompletableFuture.postComplete(CompletableFuture.java:488)
	at java.util.concurrent.CompletableFuture.completeExceptionally(CompletableFuture.java:1990)
	at org.apache.ratis.client.impl.OrderedAsync$PendingOrderedRequest.fail(OrderedAsync.java:105)
	at org.apache.ratis.util.SlidingWindow$Client.fail(SlidingWindow.java:392)
	at org.apache.ratis.client.impl.OrderedAsync.failAllAsyncRequests(OrderedAsync.java:149)
	at org.apache.ratis.client.impl.OrderedAsync.handleAsyncRetryFailure(OrderedAsync.java:153)
	at org.apache.ratis.client.impl.OrderedAsync.lambda$sendRequest$9(OrderedAsync.java:253)
	at java.util.concurrent.CompletableFuture.uniExceptionally(CompletableFuture.java:884)
	at java.util.concurrent.CompletableFuture$UniExceptionally.tryFire(CompletableFuture.java:866)
	at java.util.concurrent.CompletableFuture.postComplete(CompletableFuture.java:488)
	at java.util.concurrent.CompletableFuture.completeExceptionally(CompletableFuture.java:1990)
	at org.apache.ratis.grpc.client.GrpcClientProtocolClient$AsyncStreamObservers.completeReplyExceptionally(GrpcClientProtocolClient.java:394)
	at org.apache.ratis.grpc.client.GrpcClientProtocolClient$AsyncStreamObservers.access$000(GrpcClientProtocolClient.java:300)
	at org.apache.ratis.grpc.client.GrpcClientProtocolClient$AsyncStreamObservers$1.onNext(GrpcClientProtocolClient.java:314)
	at org.apache.ratis.grpc.client.GrpcClientProtocolClient$AsyncStreamObservers$1.onNext(GrpcClientProtocolClient.java:305)
	at org.apache.ratis.thirdparty.io.grpc.stub.ClientCalls$StreamObserverToCallListenerAdapter.onMessage(ClientCalls.java:468)
	at org.apache.ratis.thirdparty.io.grpc.ForwardingClientCallListener.onMessage(ForwardingClientCallListener.java:33)
	at org.apache.ratis.thirdparty.io.grpc.internal.DelayedClientCall$DelayedListener.onMessage(DelayedClientCall.java:473)
	at org.apache.ratis.thirdparty.io.grpc.internal.ClientCallImpl$ClientStreamListenerImpl$1MessagesAvailable.runInternal(ClientCallImpl.java:660)
	at org.apache.ratis.thirdparty.io.grpc.internal.ClientCallImpl$ClientStreamListenerImpl$1MessagesAvailable.runInContext(ClientCallImpl.java:647)
	at org.apache.ratis.thirdparty.io.grpc.internal.ContextRunnable.run(ContextRunnable.java:37)
	at org.apache.ratis.thirdparty.io.grpc.internal.SerializingExecutor.run(SerializingExecutor.java:133)
	at java.util.concurrent.ThreadPoolExecutor.runWorker(ThreadPoolExecutor.java:1149)
	at java.util.concurrent.ThreadPoolExecutor$Worker.run(ThreadPoolExecutor.java:624)
	at java.lang.Thread.run(Thread.java:750)
Caused by: org.apache.ratis.protocol.exceptions.RaftRetryFailureException: Failed RaftClientRequest:client-DAAC435EC2A3->5f8e001a-8213-4762-a64f-c492c0fad8a7@group-EA54333CD795, cid=26, seq=1*, Watch(0), null for 3 attempts with RequestTypeDependentRetryPolicy{WRITE->ExceptionDependentRetry(maxAttempts=2147483647; defaultPolicy=MultipleLinearRandomRetry[5x5s, 5x10s, 5x15s, 5x20s, 5x25s, 10x60s]; map={org.apache.ratis.protocol.exceptions.GroupMismatchException->NoRetry, org.apache.ratis.protocol.exceptions.NotReplicatedException->NoRetry, org.apache.ratis.protocol.exceptions.ResourceUnavailableException->org.apache.ratis.retry.ExponentialBackoffRetry@349ca5df, org.apache.ratis.protocol.exceptions.StateMachineException->NoRetry, org.apache.ratis.protocol.exceptions.TimeoutIOException->org.apache.ratis.retry.ExponentialBackoffRetry@349ca5df}), WATCH->ExceptionDependentRetry(maxAttempts=2147483647; defaultPolicy=MultipleLinearRandomRetry[5x5s, 5x10s, 5x15s, 5x20s, 5x25s, 10x60s]; map={org.apache.ratis.protocol.exceptions.GroupMismatchException->NoRetry, org.apache.ratis.protocol.exceptions.NotReplicatedException->NoRetry, org.apache.ratis.protocol.exceptions.ResourceUnavailableException->org.apache.ratis.retry.ExponentialBackoffRetry@349ca5df, org.apache.ratis.protocol.exceptions.StateMachineException->NoRetry, org.apache.ratis.protocol.exceptions.TimeoutIOException->NoRetry})}
	at org.apache.ratis.client.impl.RaftClientImpl.noMoreRetries(RaftClientImpl.java:353)
	... 20 more
Caused by: org.apache.ratis.protocol.exceptions.NotLeaderException: Server 5f8e001a-8213-4762-a64f-c492c0fad8a7@group-EA54333CD795 is not the leader 023fb60a-00b7-42be-9ceb-f38531668441|10.1.0.100:15076
	at org.apache.ratis.client.impl.ClientProtoUtils.toRaftClientReply(ClientProtoUtils.java:397)
	at org.apache.ratis.grpc.client.GrpcClientProtocolClient$AsyncStreamObservers$1.onNext(GrpcClientProtocolClient.java:310)
	... 11 more
2024-01-14 08:11:55,401 [grpc-default-executor-3] ERROR impl.OrderedAsync (OrderedAsync.java:lambda$send$4(177)) - Failed to send request, message=cmdType: WriteChunk
traceID: ""
containerID: 1
datanodeUuid: "023fb60a-00b7-42be-9ceb-f38531668441"
writeChunk {
  blockID {
    containerID: 1
    localID: 111753291544592387
    blockCommitSequenceId: 0
  }
  chunkData {
    chunkName: "111753291544592387.data.0"
    offset: 0
    len: 1048576
    checksumData {
      type: CRC32
      bytesPerChecksum: 1048576
      checksums: "\214\026\226\001"
    }
  }
}
, data.size=1048576 due to java.util.concurrent.CompletionException: org.apache.ratis.protocol.exceptions.AlreadyClosedException: SlidingWindow$Client:client-DAAC435EC2A3->RAFT is closed.
2024-01-14 08:11:55,402 [grpc-default-executor-3] ERROR impl.OrderedAsync (OrderedAsync.java:lambda$send$4(177)) - Failed to send request, message=cmdType: PutBlock
traceID: ""
containerID: 1
datanodeUuid: "023fb60a-00b7-42be-9ceb-f38531668441"
putBlock {
  blockData {
    blockID {
      containerID: 1
      localID: 111753291544592387
      blockCommitSequenceId: 0
    }
    chunks {
      chunkName: "111753291544592387.data.0"
      offset: 0
      len: 1048576
      checksumData {
        type: CRC32
        bytesPerChecksum: 1048576
        checksums: "\214\026\226\001"
      }
    }
    size: 1048576
  }
}
, data.size=0 due to java.util.concurrent.CompletionException: org.apache.ratis.protocol.exceptions.AlreadyClosedException: SlidingWindow$Client:client-DAAC435EC2A3->RAFT is closed.
2024-01-14 08:11:55,403 [grpc-default-executor-3] ERROR impl.OrderedAsync (OrderedAsync.java:lambda$send$4(177)) - Failed to send request, message=cmdType: WriteChunk
traceID: ""
containerID: 1
datanodeUuid: "023fb60a-00b7-42be-9ceb-f38531668441"
writeChunk {
  blockID {
    containerID: 1
    localID: 111753291544592387
    blockCommitSequenceId: 0
  }
  chunkData {
    chunkName: "111753291544592387.data.0"
    offset: 0
    len: 1048576
    checksumData {
      type: CRC32
      bytesPerChecksum: 1048576
      checksums: "\370M\001\370"
    }
  }
}
, data.size=1048576 due to java.util.concurrent.CompletionException: org.apache.ratis.protocol.exceptions.AlreadyClosedException: SlidingWindow$Client:client-DAAC435EC2A3->RAFT is closed.
2024-01-14 08:11:55,405 [grpc-default-executor-3] ERROR impl.OrderedAsync (OrderedAsync.java:lambda$send$4(177)) - Failed to send request, message=cmdType: PutBlock
traceID: ""
containerID: 1
datanodeUuid: "023fb60a-00b7-42be-9ceb-f38531668441"
putBlock {
  blockData {
    blockID {
      containerID: 1
      localID: 111753291544592387
      blockCommitSequenceId: 0
    }
    chunks {
      chunkName: "111753291544592387.data.0"
      offset: 0
      len: 1048576
      checksumData {
        type: CRC32
        bytesPerChecksum: 1048576
        checksums: "\370M\001\370"
      }
    }
    size: 1048576
  }
}
, data.size=0 due to java.util.concurrent.CompletionException: org.apache.ratis.protocol.exceptions.AlreadyClosedException: SlidingWindow$Client:client-DAAC435EC2A3->RAFT is closed.
2024-01-14 08:11:55,409 [main] INFO  ozone.MiniOzoneClusterImpl (MiniOzoneClusterImpl.java:shutdown(449)) - Shutting down the Mini Ozone Cluster
2024-01-14 08:11:55,409 [main] INFO  db.CodecTestUtil (CodecTestUtil.java:gc(50)) - gc 0
2024-01-14 08:11:55,712 [main] INFO  ozone.MiniOzoneClusterImpl (MiniOzoneClusterImpl.java:stop(465)) - Stopping the Mini Ozone Cluster
2024-01-14 08:11:55,712 [main] INFO  om.OzoneManager (OzoneManager.java:stop(2204)) - om1[localhost:15057]: Stopping Ozone Manager
2024-01-14 08:11:55,712 [main] INFO  ipc.Server (Server.java:stop(3523)) - Stopping server on 15057
2024-01-14 08:11:55,717 [IPC Server listener on 15057] INFO  ipc.Server (Server.java:run(1434)) - Stopping IPC Server listener on 15057
2024-01-14 08:11:55,719 [IPC Server Responder] INFO  ipc.Server (Server.java:run(1567)) - Stopping IPC Server Responder
2024-01-14 08:11:55,720 [main] INFO  ratis.OzoneManagerRatisServer (OzoneManagerRatisServer.java:stop(594)) - Stopping org.apache.hadoop.ozone.om.ratis.OzoneManagerRatisServer@6d05feac at port 15060
2024-01-14 08:11:55,723 [main] INFO  server.RaftServer (RaftServerProxy.java:lambda$close$9(416)) - om1: close
2024-01-14 08:11:55,726 [om1-impl-thread1] INFO  server.RaftServer$Division (RaftServerImpl.java:lambda$close$3(526)) - om1@group-C5BA1605619E: shutdown
2024-01-14 08:11:55,726 [main] INFO  server.GrpcService (GrpcService.java:closeImpl(311)) - om1: shutdown server GrpcServerProtocolService now
2024-01-14 08:11:55,726 [om1-impl-thread1] INFO  util.JmxRegister (JmxRegister.java:unregister(73)) - Successfully un-registered JMX Bean with object name Ratis:service=RaftServer,group=group-C5BA1605619E,id=om1
2024-01-14 08:11:55,726 [om1-impl-thread1] INFO  impl.RoleInfo (RoleInfo.java:shutdownLeaderState(94)) - om1: shutdown om1@group-C5BA1605619E-LeaderStateImpl
2024-01-14 08:11:55,726 [om1-impl-thread1] INFO  impl.PendingRequests (PendingRequests.java:sendNotLeaderResponses(289)) - om1@group-C5BA1605619E-PendingRequests: sendNotLeaderResponses
2024-01-14 08:11:55,729 [om1-impl-thread1] INFO  impl.StateMachineUpdater (StateMachineUpdater.java:stopAndJoin(157)) - om1@group-C5BA1605619E-StateMachineUpdater: set stopIndex = 4
2024-01-14 08:11:55,729 [om1@group-C5BA1605619E-StateMachineUpdater] INFO  ratis.OzoneManagerStateMachine (OzoneManagerStateMachine.java:takeSnapshotImpl(473)) -  applied = (t:1, i:3)
2024-01-14 08:11:55,729 [om1@group-C5BA1605619E-StateMachineUpdater] INFO  ratis.OzoneManagerStateMachine (OzoneManagerStateMachine.java:takeSnapshotImpl(474)) -  skipped = 3
2024-01-14 08:11:55,729 [om1@group-C5BA1605619E-StateMachineUpdater] INFO  ratis.OzoneManagerStateMachine (OzoneManagerStateMachine.java:takeSnapshotImpl(475)) - notified = (t:1, i:4)
2024-01-14 08:11:55,729 [om1@group-C5BA1605619E-StateMachineUpdater] INFO  ratis.OzoneManagerStateMachine (OzoneManagerStateMachine.java:takeSnapshotImpl(476)) - snapshot = (t:1, i:4)
2024-01-14 08:11:55,730 [main] INFO  server.GrpcService (GrpcService.java:closeImpl(320)) - om1: shutdown server GrpcServerProtocolService successfully
2024-01-14 08:11:55,742 [om1@group-C5BA1605619E-StateMachineUpdater] INFO  impl.StateMachineUpdater (StateMachineUpdater.java:takeSnapshot(295)) - om1@group-C5BA1605619E-StateMachineUpdater: Took a snapshot at index 4
2024-01-14 08:11:55,742 [om1@group-C5BA1605619E-StateMachineUpdater] INFO  impl.StateMachineUpdater (StateMachineUpdater.java:lambda$new$0(98)) - om1@group-C5BA1605619E-StateMachineUpdater: snapshotIndex: updateIncreasingly -1 -> 4
2024-01-14 08:11:55,742 [om1@group-C5BA1605619E-StateMachineUpdater] INFO  ratis.OzoneManagerStateMachine (OzoneManagerStateMachine.java:close(528)) - Stopping OzoneManagerStateMachine:om1:group-C5BA1605619E.
2024-01-14 08:11:55,742 [om1@group-C5BA1605619E-StateMachineUpdater] INFO  ratis.OzoneManagerDoubleBuffer (OzoneManagerDoubleBuffer.java:stopDaemon(529)) - Stopping OMDoubleBuffer flush thread
2024-01-14 08:11:55,743 [om1-OMDoubleBufferFlushThread] INFO  ratis.OzoneManagerDoubleBuffer (OzoneManagerDoubleBuffer.java:canFlush(609)) - OMDoubleBuffer flush thread om1-OMDoubleBufferFlushThread is interrupted and will exit.
2024-01-14 08:11:55,744 [om1-impl-thread1] INFO  server.RaftServer$Division (ServerState.java:close(427)) - om1@group-C5BA1605619E: applyIndex: 3
2024-01-14 08:11:55,744 [om1@group-C5BA1605619E-cacheEviction-AwaitToRun] INFO  util.AwaitToRun (AwaitToRun.java:run(49)) - om1@group-C5BA1605619E-cacheEviction-AwaitToRun-AwaitForSignal is interrupted
2024-01-14 08:11:56,704 [om1-impl-thread1] INFO  segmented.SegmentedRaftLogWorker (SegmentedRaftLogWorker.java:close(245)) - om1@group-C5BA1605619E-SegmentedRaftLogWorker close()
2024-01-14 08:11:56,705 [JvmPauseMonitor8] INFO  util.JvmPauseMonitor (JvmPauseMonitor.java:run(152)) - JvmPauseMonitor-om1: Stopped
2024-01-14 08:11:56,705 [main] INFO  utils.BackgroundService (BackgroundService.java:shutdown(160)) - Shutting down service KeyDeletingService
2024-01-14 08:11:56,706 [main] INFO  utils.BackgroundService (BackgroundService.java:shutdown(160)) - Shutting down service DirectoryDeletingService
2024-01-14 08:11:56,706 [main] INFO  utils.BackgroundService (BackgroundService.java:shutdown(160)) - Shutting down service OpenKeyCleanupService
2024-01-14 08:11:56,706 [main] INFO  utils.BackgroundService (BackgroundService.java:shutdown(160)) - Shutting down service SstFilteringService
2024-01-14 08:11:56,706 [main] INFO  utils.BackgroundService (BackgroundService.java:shutdown(160)) - Shutting down service SnapshotDeletingService
2024-01-14 08:11:56,706 [main] INFO  utils.BackgroundService (BackgroundService.java:shutdown(160)) - Shutting down service MultipartUploadCleanupService
2024-01-14 08:11:56,707 [main] INFO  utils.BackgroundService (BackgroundService.java:shutdown(160)) - Shutting down service SnapshotDirectoryCleaningService
2024-01-14 08:11:56,707 [main] INFO  handler.ContextHandler (ContextHandler.java:doStop(1159)) - Stopped o.e.j.w.WebAppContext@52092fc0{ozoneManager,/,null,STOPPED}{file:/home/runner/work/ozone/ozone/hadoop-ozone/integration-test/target/test-classes/webapps/ozoneManager}
2024-01-14 08:11:56,708 [main] INFO  server.AbstractConnector (AbstractConnector.java:doStop(383)) - Stopped ServerConnector@520c6438{HTTP/1.1, (http/1.1)}{0.0.0.0:15058}
2024-01-14 08:11:56,708 [main] INFO  server.session (HouseKeeper.java:stopScavenging(149)) - node0 Stopped scavenging
2024-01-14 08:11:56,708 [main] INFO  handler.ContextHandler (ContextHandler.java:doStop(1159)) - Stopped o.e.j.s.ServletContextHandler@29bd5775{static,/static,file:///home/runner/work/ozone/ozone/hadoop-ozone/integration-test/target/test-classes/webapps/static,STOPPED}
2024-01-14 08:11:56,708 [main] INFO  handler.ContextHandler (ContextHandler.java:doStop(1159)) - Stopped o.e.j.s.ServletContextHandler@44740404{logs,/logs,file:///home/runner/work/ozone/ozone/hadoop-ozone/integration-test/target/log,STOPPED}
2024-01-14 08:11:56,709 [main] INFO  rocksdiff.RocksDBCheckpointDiffer (RocksDBCheckpointDiffer.java:close(310)) - Shutting down CompactionDagPruningService.
2024-01-14 08:11:56,711 [main] INFO  snapshot.SnapshotDiffManager (SnapshotDiffManager.java:closeExecutorService(1688)) - Shutting down executorService: 'SnapDiffExecutor'
2024-01-14 08:11:56,711 [main] INFO  snapshot.SnapshotDiffManager (SnapshotDiffManager.java:closeExecutorService(1688)) - Shutting down executorService: 'SstDumpToolExecutor'
2024-01-14 08:11:56,711 [main] INFO  utils.BackgroundService (BackgroundService.java:shutdown(160)) - Shutting down service SnapshotDiffCleanupService
2024-01-14 08:11:56,712 [main] INFO  ozone.MiniOzoneClusterImpl (MiniOzoneClusterImpl.java:stopDatanodes(535)) - Stopping the HddsDatanodes
2024-01-14 08:11:56,722 [ForkJoinPool.commonPool-worker-3] INFO  ozoneimpl.OzoneContainer (OzoneContainer.java:stop(479)) - Attempting to stop container services.
2024-01-14 08:11:56,723 [ForkJoinPool.commonPool-worker-0] INFO  ozoneimpl.OzoneContainer (OzoneContainer.java:stop(479)) - Attempting to stop container services.
2024-01-14 08:11:56,723 [ForkJoinPool.commonPool-worker-3] INFO  server.RaftServer (RaftServerProxy.java:lambda$close$9(416)) - 023fb60a-00b7-42be-9ceb-f38531668441: close
2024-01-14 08:11:56,723 [main] INFO  ozoneimpl.OzoneContainer (OzoneContainer.java:stop(479)) - Attempting to stop container services.
2024-01-14 08:11:56,723 [023fb60a-00b7-42be-9ceb-f38531668441-impl-thread1] INFO  server.RaftServer$Division (RaftServerImpl.java:lambda$close$3(526)) - 023fb60a-00b7-42be-9ceb-f38531668441@group-EA54333CD795: shutdown
2024-01-14 08:11:56,723 [ForkJoinPool.commonPool-worker-0] INFO  server.RaftServer (RaftServerProxy.java:lambda$close$9(416)) - 5d2ec376-2e2c-4bb9-a4fb-bf5b12c4c412: close
2024-01-14 08:11:56,723 [023fb60a-00b7-42be-9ceb-f38531668441-impl-thread1] INFO  util.JmxRegister (JmxRegister.java:unregister(73)) - Successfully un-registered JMX Bean with object name Ratis:service=RaftServer,group=group-EA54333CD795,id=023fb60a-00b7-42be-9ceb-f38531668441
2024-01-14 08:11:56,724 [023fb60a-00b7-42be-9ceb-f38531668441-impl-thread1] INFO  impl.RoleInfo (RoleInfo.java:shutdownLeaderState(94)) - 023fb60a-00b7-42be-9ceb-f38531668441: shutdown 023fb60a-00b7-42be-9ceb-f38531668441@group-EA54333CD795-LeaderStateImpl
2024-01-14 08:11:56,723 [main] INFO  server.RaftServer (RaftServerProxy.java:lambda$close$9(416)) - 5f8e001a-8213-4762-a64f-c492c0fad8a7: close
2024-01-14 08:11:56,724 [023fb60a-00b7-42be-9ceb-f38531668441-impl-thread2] INFO  server.RaftServer$Division (RaftServerImpl.java:lambda$close$3(526)) - 023fb60a-00b7-42be-9ceb-f38531668441@group-857E0CCB03C9: shutdown
2024-01-14 08:11:56,724 [023fb60a-00b7-42be-9ceb-f38531668441@group-EA54333CD795->59ce54d6-04b6-4e86-8314-d8540ae27b4b-GrpcLogAppender-LogAppenderDaemon] WARN  server.GrpcLogAppender (GrpcLogAppender.java:mayWait(289)) - 023fb60a-00b7-42be-9ceb-f38531668441@group-EA54333CD795->59ce54d6-04b6-4e86-8314-d8540ae27b4b-GrpcLogAppender: Wait interrupted by java.lang.InterruptedException
2024-01-14 08:11:56,724 [023fb60a-00b7-42be-9ceb-f38531668441-impl-thread1] INFO  impl.PendingRequests (PendingRequests.java:sendNotLeaderResponses(289)) - 023fb60a-00b7-42be-9ceb-f38531668441@group-EA54333CD795-PendingRequests: sendNotLeaderResponses
2024-01-14 08:11:56,725 [023fb60a-00b7-42be-9ceb-f38531668441@group-EA54333CD795->5f8e001a-8213-4762-a64f-c492c0fad8a7-GrpcLogAppender-LogAppenderDaemon] WARN  server.GrpcLogAppender (GrpcLogAppender.java:mayWait(289)) - 023fb60a-00b7-42be-9ceb-f38531668441@group-EA54333CD795->5f8e001a-8213-4762-a64f-c492c0fad8a7-GrpcLogAppender: Wait interrupted by java.lang.InterruptedException
2024-01-14 08:11:56,725 [ForkJoinPool.commonPool-worker-3] INFO  server.GrpcService (GrpcService.java:closeImpl(311)) - 023fb60a-00b7-42be-9ceb-f38531668441: shutdown server org.apache.ratis.grpc.server.GrpcClientProtocolService now
2024-01-14 08:11:56,725 [023fb60a-00b7-42be-9ceb-f38531668441-impl-thread1] INFO  impl.StateMachineUpdater (StateMachineUpdater.java:stopAndJoin(157)) - 023fb60a-00b7-42be-9ceb-f38531668441@group-EA54333CD795-StateMachineUpdater: set stopIndex = 0
2024-01-14 08:11:56,725 [023fb60a-00b7-42be-9ceb-f38531668441-impl-thread2] INFO  util.JmxRegister (JmxRegister.java:unregister(73)) - Successfully un-registered JMX Bean with object name Ratis:service=RaftServer,group=group-857E0CCB03C9,id=023fb60a-00b7-42be-9ceb-f38531668441
2024-01-14 08:11:56,725 [023fb60a-00b7-42be-9ceb-f38531668441-impl-thread2] INFO  impl.RoleInfo (RoleInfo.java:shutdownLeaderState(94)) - 023fb60a-00b7-42be-9ceb-f38531668441: shutdown 023fb60a-00b7-42be-9ceb-f38531668441@group-857E0CCB03C9-LeaderStateImpl
2024-01-14 08:11:56,725 [023fb60a-00b7-42be-9ceb-f38531668441-impl-thread2] INFO  impl.PendingRequests (PendingRequests.java:sendNotLeaderResponses(289)) - 023fb60a-00b7-42be-9ceb-f38531668441@group-857E0CCB03C9-PendingRequests: sendNotLeaderResponses
2024-01-14 08:11:56,726 [023fb60a-00b7-42be-9ceb-f38531668441@group-857E0CCB03C9-StateMachineUpdater] INFO  ratis.ContainerStateMachine (ContainerStateMachine.java:takeSnapshot(355)) - group-857E0CCB03C9: Taking a snapshot at:(t:1, i:0) file /home/runner/work/ozone/ozone/hadoop-ozone/integration-test/target/test-dir/MiniOzoneClusterImpl-cd00605b-e4dc-4ea1-ab7e-d8be28c4d560/datanode-1/data/ratis/045f9788-11c2-47a6-bfc6-857e0ccb03c9/sm/snapshot.1_0
2024-01-14 08:11:56,726 [023fb60a-00b7-42be-9ceb-f38531668441-impl-thread2] INFO  impl.StateMachineUpdater (StateMachineUpdater.java:stopAndJoin(157)) - 023fb60a-00b7-42be-9ceb-f38531668441@group-857E0CCB03C9-StateMachineUpdater: set stopIndex = 0
2024-01-14 08:11:56,726 [023fb60a-00b7-42be-9ceb-f38531668441-impl-thread3] INFO  server.RaftServer$Division (RaftServerImpl.java:lambda$close$3(526)) - 023fb60a-00b7-42be-9ceb-f38531668441@group-EAD6276AADB2: shutdown
2024-01-14 08:11:56,726 [023fb60a-00b7-42be-9ceb-f38531668441@group-EA54333CD795-StateMachineUpdater] INFO  ratis.ContainerStateMachine (ContainerStateMachine.java:takeSnapshot(355)) - group-EA54333CD795: Taking a snapshot at:(t:1, i:0) file /home/runner/work/ozone/ozone/hadoop-ozone/integration-test/target/test-dir/MiniOzoneClusterImpl-cd00605b-e4dc-4ea1-ab7e-d8be28c4d560/datanode-1/data/ratis/7558fe87-f470-4d77-8c96-ea54333cd795/sm/snapshot.1_0
2024-01-14 08:11:56,726 [023fb60a-00b7-42be-9ceb-f38531668441-impl-thread3] INFO  util.JmxRegister (JmxRegister.java:unregister(73)) - Successfully un-registered JMX Bean with object name Ratis:service=RaftServer,group=group-EAD6276AADB2,id=023fb60a-00b7-42be-9ceb-f38531668441
2024-01-14 08:11:56,726 [grpc-default-executor-3] INFO  server.GrpcServerProtocolService (GrpcServerProtocolService.java:onCompleted(157)) - 59ce54d6-04b6-4e86-8314-d8540ae27b4b: Completed APPEND_ENTRIES, lastRequest: null
2024-01-14 08:11:56,726 [023fb60a-00b7-42be-9ceb-f38531668441-impl-thread3] INFO  impl.RoleInfo (RoleInfo.java:shutdownFollowerState(110)) - 023fb60a-00b7-42be-9ceb-f38531668441: shutdown 023fb60a-00b7-42be-9ceb-f38531668441@group-EAD6276AADB2-FollowerState
2024-01-14 08:11:56,726 [023fb60a-00b7-42be-9ceb-f38531668441-impl-thread3] INFO  impl.StateMachineUpdater (StateMachineUpdater.java:stopAndJoin(157)) - 023fb60a-00b7-42be-9ceb-f38531668441@group-EAD6276AADB2-StateMachineUpdater: set stopIndex = 0
2024-01-14 08:11:56,726 [023fb60a-00b7-42be-9ceb-f38531668441@group-857E0CCB03C9-StateMachineUpdater] INFO  ratis.ContainerStateMachine (ContainerStateMachine.java:takeSnapshot(366)) - group-857E0CCB03C9: Finished taking a snapshot at:(t:1, i:0) file:/home/runner/work/ozone/ozone/hadoop-ozone/integration-test/target/test-dir/MiniOzoneClusterImpl-cd00605b-e4dc-4ea1-ab7e-d8be28c4d560/datanode-1/data/ratis/045f9788-11c2-47a6-bfc6-857e0ccb03c9/sm/snapshot.1_0 took: 1 ms
2024-01-14 08:11:56,726 [023fb60a-00b7-42be-9ceb-f38531668441@group-EAD6276AADB2-StateMachineUpdater] INFO  ratis.ContainerStateMachine (ContainerStateMachine.java:takeSnapshot(355)) - group-EAD6276AADB2: Taking a snapshot at:(t:1, i:0) file /home/runner/work/ozone/ozone/hadoop-ozone/integration-test/target/test-dir/MiniOzoneClusterImpl-cd00605b-e4dc-4ea1-ab7e-d8be28c4d560/datanode-1/data/ratis/a9d1e480-37a4-42af-9d39-ead6276aadb2/sm/snapshot.1_0
2024-01-14 08:11:56,726 [023fb60a-00b7-42be-9ceb-f38531668441@group-EAD6276AADB2-FollowerState] INFO  impl.FollowerState (FollowerState.java:run(152)) - 023fb60a-00b7-42be-9ceb-f38531668441@group-EAD6276AADB2-FollowerState was interrupted
2024-01-14 08:11:56,728 [ForkJoinPool.commonPool-worker-0] INFO  server.GrpcService (GrpcService.java:closeImpl(311)) - 5d2ec376-2e2c-4bb9-a4fb-bf5b12c4c412: shutdown server org.apache.ratis.grpc.server.GrpcClientProtocolService now
2024-01-14 08:11:56,728 [5d2ec376-2e2c-4bb9-a4fb-bf5b12c4c412-impl-thread1] INFO  server.RaftServer$Division (RaftServerImpl.java:lambda$close$3(526)) - 5d2ec376-2e2c-4bb9-a4fb-bf5b12c4c412@group-A2FA8D8A5B6E: shutdown
2024-01-14 08:11:56,728 [023fb60a-00b7-42be-9ceb-f38531668441@group-857E0CCB03C9-StateMachineUpdater] INFO  impl.StateMachineUpdater (StateMachineUpdater.java:takeSnapshot(295)) - 023fb60a-00b7-42be-9ceb-f38531668441@group-857E0CCB03C9-StateMachineUpdater: Took a snapshot at index 0
2024-01-14 08:11:56,728 [5d2ec376-2e2c-4bb9-a4fb-bf5b12c4c412-impl-thread1] INFO  util.JmxRegister (JmxRegister.java:unregister(73)) - Successfully un-registered JMX Bean with object name Ratis:service=RaftServer,group=group-A2FA8D8A5B6E,id=5d2ec376-2e2c-4bb9-a4fb-bf5b12c4c412
2024-01-14 08:11:56,728 [023fb60a-00b7-42be-9ceb-f38531668441@group-EA54333CD795-StateMachineUpdater] INFO  ratis.ContainerStateMachine (ContainerStateMachine.java:takeSnapshot(366)) - group-EA54333CD795: Finished taking a snapshot at:(t:1, i:0) file:/home/runner/work/ozone/ozone/hadoop-ozone/integration-test/target/test-dir/MiniOzoneClusterImpl-cd00605b-e4dc-4ea1-ab7e-d8be28c4d560/datanode-1/data/ratis/7558fe87-f470-4d77-8c96-ea54333cd795/sm/snapshot.1_0 took: 2 ms
2024-01-14 08:11:56,728 [023fb60a-00b7-42be-9ceb-f38531668441@group-857E0CCB03C9-StateMachineUpdater] INFO  impl.StateMachineUpdater (StateMachineUpdater.java:lambda$new$0(98)) - 023fb60a-00b7-42be-9ceb-f38531668441@group-857E0CCB03C9-StateMachineUpdater: snapshotIndex: updateIncreasingly -1 -> 0
2024-01-14 08:11:56,728 [5d2ec376-2e2c-4bb9-a4fb-bf5b12c4c412-impl-thread1] INFO  impl.RoleInfo (RoleInfo.java:shutdownLeaderState(94)) - 5d2ec376-2e2c-4bb9-a4fb-bf5b12c4c412: shutdown 5d2ec376-2e2c-4bb9-a4fb-bf5b12c4c412@group-A2FA8D8A5B6E-LeaderStateImpl
2024-01-14 08:11:56,729 [5d2ec376-2e2c-4bb9-a4fb-bf5b12c4c412-impl-thread1] INFO  impl.PendingRequests (PendingRequests.java:sendNotLeaderResponses(289)) - 5d2ec376-2e2c-4bb9-a4fb-bf5b12c4c412@group-A2FA8D8A5B6E-PendingRequests: sendNotLeaderResponses
2024-01-14 08:11:56,729 [023fb60a-00b7-42be-9ceb-f38531668441@group-EA54333CD795-StateMachineUpdater] INFO  impl.StateMachineUpdater (StateMachineUpdater.java:takeSnapshot(295)) - 023fb60a-00b7-42be-9ceb-f38531668441@group-EA54333CD795-StateMachineUpdater: Took a snapshot at index 0
2024-01-14 08:11:56,729 [023fb60a-00b7-42be-9ceb-f38531668441@group-EA54333CD795-StateMachineUpdater] INFO  impl.StateMachineUpdater (StateMachineUpdater.java:lambda$new$0(98)) - 023fb60a-00b7-42be-9ceb-f38531668441@group-EA54333CD795-StateMachineUpdater: snapshotIndex: updateIncreasingly -1 -> 0
2024-01-14 08:11:56,729 [023fb60a-00b7-42be-9ceb-f38531668441@group-EAD6276AADB2-StateMachineUpdater] INFO  ratis.ContainerStateMachine (ContainerStateMachine.java:takeSnapshot(366)) - group-EAD6276AADB2: Finished taking a snapshot at:(t:1, i:0) file:/home/runner/work/ozone/ozone/hadoop-ozone/integration-test/target/test-dir/MiniOzoneClusterImpl-cd00605b-e4dc-4ea1-ab7e-d8be28c4d560/datanode-1/data/ratis/a9d1e480-37a4-42af-9d39-ead6276aadb2/sm/snapshot.1_0 took: 3 ms
2024-01-14 08:11:56,729 [023fb60a-00b7-42be-9ceb-f38531668441-impl-thread1] INFO  server.RaftServer$Division (ServerState.java:close(427)) - 023fb60a-00b7-42be-9ceb-f38531668441@group-EA54333CD795: applyIndex: 0
2024-01-14 08:11:56,729 [023fb60a-00b7-42be-9ceb-f38531668441-impl-thread2] INFO  server.RaftServer$Division (ServerState.java:close(427)) - 023fb60a-00b7-42be-9ceb-f38531668441@group-857E0CCB03C9: applyIndex: 0
2024-01-14 08:11:56,729 [023fb60a-00b7-42be-9ceb-f38531668441@group-EA54333CD795-cacheEviction-AwaitToRun] INFO  util.AwaitToRun (AwaitToRun.java:run(49)) - 023fb60a-00b7-42be-9ceb-f38531668441@group-EA54333CD795-cacheEviction-AwaitToRun-AwaitForSignal is interrupted
2024-01-14 08:11:56,729 [5d2ec376-2e2c-4bb9-a4fb-bf5b12c4c412@group-A2FA8D8A5B6E-StateMachineUpdater] INFO  ratis.ContainerStateMachine (ContainerStateMachine.java:takeSnapshot(355)) - group-A2FA8D8A5B6E: Taking a snapshot at:(t:1, i:0) file /home/runner/work/ozone/ozone/hadoop-ozone/integration-test/target/test-dir/MiniOzoneClusterImpl-cd00605b-e4dc-4ea1-ab7e-d8be28c4d560/datanode-4/data/ratis/51268c94-f4dd-49ba-bcdf-a2fa8d8a5b6e/sm/snapshot.1_0
2024-01-14 08:11:56,729 [grpc-default-executor-4] INFO  server.GrpcServerProtocolService (GrpcServerProtocolService.java:onCompleted(157)) - 5f8e001a-8213-4762-a64f-c492c0fad8a7: Completed APPEND_ENTRIES, lastRequest: null
2024-01-14 08:11:56,729 [023fb60a-00b7-42be-9ceb-f38531668441@group-EAD6276AADB2-StateMachineUpdater] INFO  impl.StateMachineUpdater (StateMachineUpdater.java:takeSnapshot(295)) - 023fb60a-00b7-42be-9ceb-f38531668441@group-EAD6276AADB2-StateMachineUpdater: Took a snapshot at index 0
2024-01-14 08:11:56,730 [023fb60a-00b7-42be-9ceb-f38531668441@group-EAD6276AADB2-StateMachineUpdater] INFO  impl.StateMachineUpdater (StateMachineUpdater.java:lambda$new$0(98)) - 023fb60a-00b7-42be-9ceb-f38531668441@group-EAD6276AADB2-StateMachineUpdater: snapshotIndex: updateIncreasingly -1 -> 0
2024-01-14 08:11:56,729 [5d2ec376-2e2c-4bb9-a4fb-bf5b12c4c412-impl-thread1] INFO  impl.StateMachineUpdater (StateMachineUpdater.java:stopAndJoin(157)) - 5d2ec376-2e2c-4bb9-a4fb-bf5b12c4c412@group-A2FA8D8A5B6E-StateMachineUpdater: set stopIndex = 0
2024-01-14 08:11:56,729 [023fb60a-00b7-42be-9ceb-f38531668441@group-857E0CCB03C9-cacheEviction-AwaitToRun] INFO  util.AwaitToRun (AwaitToRun.java:run(49)) - 023fb60a-00b7-42be-9ceb-f38531668441@group-857E0CCB03C9-cacheEviction-AwaitToRun-AwaitForSignal is interrupted
2024-01-14 08:11:56,730 [023fb60a-00b7-42be-9ceb-f38531668441-impl-thread3] INFO  server.RaftServer$Division (ServerState.java:close(427)) - 023fb60a-00b7-42be-9ceb-f38531668441@group-EAD6276AADB2: applyIndex: 0
2024-01-14 08:11:56,730 [023fb60a-00b7-42be-9ceb-f38531668441@group-EAD6276AADB2-cacheEviction-AwaitToRun] INFO  util.AwaitToRun (AwaitToRun.java:run(49)) - 023fb60a-00b7-42be-9ceb-f38531668441@group-EAD6276AADB2-cacheEviction-AwaitToRun-AwaitForSignal is interrupted
2024-01-14 08:11:56,731 [Thread-1549] INFO  server.GrpcServerProtocolClient (GrpcServerProtocolClient.java:close(103)) - 59ce54d6-04b6-4e86-8314-d8540ae27b4b Close channels
2024-01-14 08:11:56,731 [Thread-1550] INFO  server.GrpcServerProtocolClient (GrpcServerProtocolClient.java:close(103)) - 5f8e001a-8213-4762-a64f-c492c0fad8a7 Close channels
2024-01-14 08:11:56,731 [ForkJoinPool.commonPool-worker-0] INFO  server.GrpcService (GrpcService.java:closeImpl(320)) - 5d2ec376-2e2c-4bb9-a4fb-bf5b12c4c412: shutdown server org.apache.ratis.grpc.server.GrpcClientProtocolService successfully
2024-01-14 08:11:56,731 [ForkJoinPool.commonPool-worker-0] INFO  server.GrpcService (GrpcService.java:closeImpl(311)) - 5d2ec376-2e2c-4bb9-a4fb-bf5b12c4c412: shutdown server GrpcServerProtocolService now
2024-01-14 08:11:56,732 [grpc-default-executor-3] INFO  server.GrpcServerProtocolService (GrpcServerProtocolService.java:lambda$onCompleted$5(159)) - 59ce54d6-04b6-4e86-8314-d8540ae27b4b: Completed APPEND_ENTRIES, lastReply: serverReply {
  requestorId: "023fb60a-00b7-42be-9ceb-f38531668441"
  replyId: "59ce54d6-04b6-4e86-8314-d8540ae27b4b"
  raftGroupId {
    id: "uX\376\207\364pMw\214\226\352T3<\327\225"
  }
  callId: 8
  success: true
}
term: 1
nextIndex: 1
matchIndex: 18446744073709551615
isHearbeat: true

2024-01-14 08:11:56,731 [ForkJoinPool.commonPool-worker-1] INFO  ozoneimpl.OzoneContainer (OzoneContainer.java:stop(479)) - Attempting to stop container services.
2024-01-14 08:11:56,734 [ForkJoinPool.commonPool-worker-2] INFO  ozoneimpl.OzoneContainer (OzoneContainer.java:stop(479)) - Attempting to stop container services.
2024-01-14 08:11:56,731 [grpc-default-executor-4] INFO  server.GrpcServerProtocolService (GrpcServerProtocolService.java:lambda$onCompleted$5(159)) - 5f8e001a-8213-4762-a64f-c492c0fad8a7: Completed APPEND_ENTRIES, lastReply: serverReply {
  requestorId: "023fb60a-00b7-42be-9ceb-f38531668441"
  replyId: "5f8e001a-8213-4762-a64f-c492c0fad8a7"
  raftGroupId {
    id: "uX\376\207\364pMw\214\226\352T3<\327\225"
  }
  callId: 8
  success: true
}
term: 1
nextIndex: 1
matchIndex: 18446744073709551615
isHearbeat: true

2024-01-14 08:11:56,734 [ForkJoinPool.commonPool-worker-1] INFO  server.RaftServer (RaftServerProxy.java:lambda$close$9(416)) - c2087a49-c200-4cc5-9876-7cd2477b3505: close
2024-01-14 08:11:56,734 [ForkJoinPool.commonPool-worker-1] INFO  server.GrpcService (GrpcService.java:closeImpl(311)) - c2087a49-c200-4cc5-9876-7cd2477b3505: shutdown server org.apache.ratis.grpc.server.GrpcClientProtocolService now
2024-01-14 08:11:56,733 [5f8e001a-8213-4762-a64f-c492c0fad8a7-impl-thread3] INFO  server.RaftServer$Division (RaftServerImpl.java:lambda$close$3(526)) - 5f8e001a-8213-4762-a64f-c492c0fad8a7@group-F1A88316A3CE: shutdown
2024-01-14 08:11:56,733 [ForkJoinPool.commonPool-worker-0] INFO  server.GrpcService (GrpcService.java:closeImpl(320)) - 5d2ec376-2e2c-4bb9-a4fb-bf5b12c4c412: shutdown server GrpcServerProtocolService successfully
2024-01-14 08:11:56,735 [ForkJoinPool.commonPool-worker-0] INFO  server.GrpcService (GrpcService.java:closeImpl(311)) - 5d2ec376-2e2c-4bb9-a4fb-bf5b12c4c412: shutdown server org.apache.ratis.grpc.server.GrpcAdminProtocolService now
2024-01-14 08:11:56,733 [main] INFO  server.GrpcService (GrpcService.java:closeImpl(311)) - 5f8e001a-8213-4762-a64f-c492c0fad8a7: shutdown server org.apache.ratis.grpc.server.GrpcClientProtocolService now
2024-01-14 08:11:56,732 [5f8e001a-8213-4762-a64f-c492c0fad8a7-impl-thread2] INFO  server.RaftServer$Division (RaftServerImpl.java:lambda$close$3(526)) - 5f8e001a-8213-4762-a64f-c492c0fad8a7@group-EAD6276AADB2: shutdown
2024-01-14 08:11:56,731 [5d2ec376-2e2c-4bb9-a4fb-bf5b12c4c412@group-A2FA8D8A5B6E-StateMachineUpdater] INFO  ratis.ContainerStateMachine (ContainerStateMachine.java:takeSnapshot(366)) - group-A2FA8D8A5B6E: Finished taking a snapshot at:(t:1, i:0) file:/home/runner/work/ozone/ozone/hadoop-ozone/integration-test/target/test-dir/MiniOzoneClusterImpl-cd00605b-e4dc-4ea1-ab7e-d8be28c4d560/datanode-4/data/ratis/51268c94-f4dd-49ba-bcdf-a2fa8d8a5b6e/sm/snapshot.1_0 took: 2 ms
2024-01-14 08:11:56,731 [5f8e001a-8213-4762-a64f-c492c0fad8a7-impl-thread1] INFO  server.RaftServer$Division (RaftServerImpl.java:lambda$close$3(526)) - 5f8e001a-8213-4762-a64f-c492c0fad8a7@group-EA54333CD795: shutdown
2024-01-14 08:11:56,736 [5f8e001a-8213-4762-a64f-c492c0fad8a7-impl-thread1] INFO  util.JmxRegister (JmxRegister.java:unregister(73)) - Successfully un-registered JMX Bean with object name Ratis:service=RaftServer,group=group-EA54333CD795,id=5f8e001a-8213-4762-a64f-c492c0fad8a7
2024-01-14 08:11:56,736 [5f8e001a-8213-4762-a64f-c492c0fad8a7-impl-thread1] INFO  impl.RoleInfo (RoleInfo.java:shutdownFollowerState(110)) - 5f8e001a-8213-4762-a64f-c492c0fad8a7: shutdown 5f8e001a-8213-4762-a64f-c492c0fad8a7@group-EA54333CD795-FollowerState
2024-01-14 08:11:56,736 [5f8e001a-8213-4762-a64f-c492c0fad8a7-impl-thread2] INFO  util.JmxRegister (JmxRegister.java:unregister(73)) - Successfully un-registered JMX Bean with object name Ratis:service=RaftServer,group=group-EAD6276AADB2,id=5f8e001a-8213-4762-a64f-c492c0fad8a7
2024-01-14 08:11:56,736 [5f8e001a-8213-4762-a64f-c492c0fad8a7-impl-thread2] INFO  impl.RoleInfo (RoleInfo.java:shutdownFollowerState(110)) - 5f8e001a-8213-4762-a64f-c492c0fad8a7: shutdown 5f8e001a-8213-4762-a64f-c492c0fad8a7@group-EAD6276AADB2-FollowerState
2024-01-14 08:11:56,735 [grpc-default-executor-3] INFO  server.GrpcServerProtocolService (GrpcServerProtocolService.java:onCompleted(157)) - 5f8e001a-8213-4762-a64f-c492c0fad8a7: Completed APPEND_ENTRIES, lastRequest: 023fb60a-00b7-42be-9ceb-f38531668441->5f8e001a-8213-4762-a64f-c492c0fad8a7#1-t1,previous=(t:0, i:0),leaderCommit=-1,initializing? false,entries: size=1, first=(t:1, i:0), CONFIGURATIONENTRY(current:id: "59ce54d6-04b6-4e86-8314-d8540ae27b4b"
address: "10.1.0.100:15067"
dataStreamAddress: "10.1.0.100:15068"
clientAddress: "10.1.0.100:15065"
adminAddress: "10.1.0.100:15066"
startupRole: FOLLOWER
,id: "023fb60a-00b7-42be-9ceb-f38531668441"
address: "10.1.0.100:15076"
priority: 1
dataStreamAddress: "10.1.0.100:15077"
clientAddress: "10.1.0.100:15074"
adminAddress: "10.1.0.100:15075"
startupRole: FOLLOWER
,id: "5f8e001a-8213-4762-a64f-c492c0fad8a7"
address: "10.1.0.100:15085"
dataStreamAddress: "10.1.0.100:15086"
clientAddress: "10.1.0.100:15083"
adminAddress: "10.1.0.100:15084"
startupRole: FOLLOWER
, old:)
2024-01-14 08:11:56,735 [grpc-default-executor-1] INFO  server.GrpcLogAppender (GrpcLogAppender.java:onCompleted(546)) - 023fb60a-00b7-42be-9ceb-f38531668441@group-EA54333CD795->5f8e001a-8213-4762-a64f-c492c0fad8a7-AppendLogResponseHandler: follower responses appendEntries COMPLETED
2024-01-14 08:11:56,735 [grpc-default-executor-4] INFO  server.GrpcLogAppender (GrpcLogAppender.java:onCompleted(546)) - 023fb60a-00b7-42be-9ceb-f38531668441@group-EA54333CD795->59ce54d6-04b6-4e86-8314-d8540ae27b4b-AppendLogResponseHandler: follower responses appendEntries COMPLETED
2024-01-14 08:11:56,736 [grpc-default-executor-1] WARN  server.GrpcLogAppender (GrpcLogAppender.java:resetClient(226)) - 023fb60a-00b7-42be-9ceb-f38531668441@group-EA54333CD795->5f8e001a-8213-4762-a64f-c492c0fad8a7-GrpcLogAppender: Failed to getClient for 5f8e001a-8213-4762-a64f-c492c0fad8a7
org.apache.ratis.protocol.exceptions.AlreadyClosedException: 023fb60a-00b7-42be-9ceb-f38531668441 is already CLOSED
	at org.apache.ratis.util.PeerProxyMap$PeerAndProxy.getProxy(PeerProxyMap.java:65)
	at org.apache.ratis.util.PeerProxyMap.getProxy(PeerProxyMap.java:114)
	at org.apache.ratis.grpc.server.GrpcLogAppender.getClient(GrpcLogAppender.java:196)
	at org.apache.ratis.grpc.server.GrpcLogAppender.resetClient(GrpcLogAppender.java:201)
	at org.apache.ratis.grpc.server.GrpcLogAppender.access$800(GrpcLogAppender.java:62)
	at org.apache.ratis.grpc.server.GrpcLogAppender$AppendLogResponseHandler.onCompleted(GrpcLogAppender.java:547)
	at org.apache.ratis.thirdparty.io.grpc.stub.ClientCalls$StreamObserverToCallListenerAdapter.onClose(ClientCalls.java:479)
	at org.apache.ratis.thirdparty.io.grpc.internal.ClientCallImpl.closeObserver(ClientCallImpl.java:567)
	at org.apache.ratis.thirdparty.io.grpc.internal.ClientCallImpl.access$300(ClientCallImpl.java:71)
	at org.apache.ratis.thirdparty.io.grpc.internal.ClientCallImpl$ClientStreamListenerImpl$1StreamClosed.runInternal(ClientCallImpl.java:735)
	at org.apache.ratis.thirdparty.io.grpc.internal.ClientCallImpl$ClientStreamListenerImpl$1StreamClosed.runInContext(ClientCallImpl.java:716)
	at org.apache.ratis.thirdparty.io.grpc.internal.ContextRunnable.run(ContextRunnable.java:37)
	at org.apache.ratis.thirdparty.io.grpc.internal.SerializingExecutor.run(SerializingExecutor.java:133)
	at java.util.concurrent.ThreadPoolExecutor.runWorker(ThreadPoolExecutor.java:1149)
	at java.util.concurrent.ThreadPoolExecutor$Worker.run(ThreadPoolExecutor.java:624)
	at java.lang.Thread.run(Thread.java:750)
2024-01-14 08:11:56,735 [ForkJoinPool.commonPool-worker-1] INFO  server.GrpcService (GrpcService.java:closeImpl(320)) - c2087a49-c200-4cc5-9876-7cd2477b3505: shutdown server org.apache.ratis.grpc.server.GrpcClientProtocolService successfully
2024-01-14 08:11:56,734 [5f8e001a-8213-4762-a64f-c492c0fad8a7-impl-thread3] INFO  util.JmxRegister (JmxRegister.java:unregister(73)) - Successfully un-registered JMX Bean with object name Ratis:service=RaftServer,group=group-F1A88316A3CE,id=5f8e001a-8213-4762-a64f-c492c0fad8a7
2024-01-14 08:11:56,734 [ForkJoinPool.commonPool-worker-2] INFO  server.RaftServer (RaftServerProxy.java:lambda$close$9(416)) - 59ce54d6-04b6-4e86-8314-d8540ae27b4b: close
2024-01-14 08:11:56,734 [c2087a49-c200-4cc5-9876-7cd2477b3505-impl-thread1] INFO  server.RaftServer$Division (RaftServerImpl.java:lambda$close$3(526)) - c2087a49-c200-4cc5-9876-7cd2477b3505@group-94A1419DA0AF: shutdown
2024-01-14 08:11:56,737 [c2087a49-c200-4cc5-9876-7cd2477b3505-impl-thread1] INFO  util.JmxRegister (JmxRegister.java:unregister(73)) - Successfully un-registered JMX Bean with object name Ratis:service=RaftServer,group=group-94A1419DA0AF,id=c2087a49-c200-4cc5-9876-7cd2477b3505
2024-01-14 08:11:56,737 [c2087a49-c200-4cc5-9876-7cd2477b3505-impl-thread1] INFO  impl.RoleInfo (RoleInfo.java:shutdownLeaderState(94)) - c2087a49-c200-4cc5-9876-7cd2477b3505: shutdown c2087a49-c200-4cc5-9876-7cd2477b3505@group-94A1419DA0AF-LeaderStateImpl
2024-01-14 08:11:56,737 [c2087a49-c200-4cc5-9876-7cd2477b3505-impl-thread1] INFO  impl.PendingRequests (PendingRequests.java:sendNotLeaderResponses(289)) - c2087a49-c200-4cc5-9876-7cd2477b3505@group-94A1419DA0AF-PendingRequests: sendNotLeaderResponses
2024-01-14 08:11:56,737 [5f8e001a-8213-4762-a64f-c492c0fad8a7-impl-thread3] INFO  impl.RoleInfo (RoleInfo.java:shutdownLeaderState(94)) - 5f8e001a-8213-4762-a64f-c492c0fad8a7: shutdown 5f8e001a-8213-4762-a64f-c492c0fad8a7@group-F1A88316A3CE-LeaderStateImpl
2024-01-14 08:11:56,737 [ForkJoinPool.commonPool-worker-1] INFO  server.GrpcService (GrpcService.java:closeImpl(311)) - c2087a49-c200-4cc5-9876-7cd2477b3505: shutdown server GrpcServerProtocolService now
2024-01-14 08:11:56,737 [c2087a49-c200-4cc5-9876-7cd2477b3505@group-94A1419DA0AF-StateMachineUpdater] INFO  ratis.ContainerStateMachine (ContainerStateMachine.java:takeSnapshot(355)) - group-94A1419DA0AF: Taking a snapshot at:(t:1, i:0) file /home/runner/work/ozone/ozone/hadoop-ozone/integration-test/target/test-dir/MiniOzoneClusterImpl-cd00605b-e4dc-4ea1-ab7e-d8be28c4d560/datanode-3/data/ratis/1a180ac5-a79f-4372-a772-94a1419da0af/sm/snapshot.1_0
2024-01-14 08:11:56,736 [grpc-default-executor-4] WARN  server.GrpcLogAppender (GrpcLogAppender.java:resetClient(226)) - 023fb60a-00b7-42be-9ceb-f38531668441@group-EA54333CD795->59ce54d6-04b6-4e86-8314-d8540ae27b4b-GrpcLogAppender: Failed to getClient for 59ce54d6-04b6-4e86-8314-d8540ae27b4b
org.apache.ratis.protocol.exceptions.AlreadyClosedException: 023fb60a-00b7-42be-9ceb-f38531668441 is already CLOSED
	at org.apache.ratis.util.PeerProxyMap$PeerAndProxy.getProxy(PeerProxyMap.java:65)
	at org.apache.ratis.util.PeerProxyMap.getProxy(PeerProxyMap.java:114)
	at org.apache.ratis.grpc.server.GrpcLogAppender.getClient(GrpcLogAppender.java:196)
	at org.apache.ratis.grpc.server.GrpcLogAppender.resetClient(GrpcLogAppender.java:201)
	at org.apache.ratis.grpc.server.GrpcLogAppender.access$800(GrpcLogAppender.java:62)
	at org.apache.ratis.grpc.server.GrpcLogAppender$AppendLogResponseHandler.onCompleted(GrpcLogAppender.java:547)
	at org.apache.ratis.thirdparty.io.grpc.stub.ClientCalls$StreamObserverToCallListenerAdapter.onClose(ClientCalls.java:479)
	at org.apache.ratis.thirdparty.io.grpc.internal.DelayedClientCall$DelayedListener$3.run(DelayedClientCall.java:489)
	at org.apache.ratis.thirdparty.io.grpc.internal.DelayedClientCall$DelayedListener.delayOrExecute(DelayedClientCall.java:453)
	at org.apache.ratis.thirdparty.io.grpc.internal.DelayedClientCall$DelayedListener.onClose(DelayedClientCall.java:486)
	at org.apache.ratis.thirdparty.io.grpc.internal.ClientCallImpl.closeObserver(ClientCallImpl.java:567)
	at org.apache.ratis.thirdparty.io.grpc.internal.ClientCallImpl.access$300(ClientCallImpl.java:71)
	at org.apache.ratis.thirdparty.io.grpc.internal.ClientCallImpl$ClientStreamListenerImpl$1StreamClosed.runInternal(ClientCallImpl.java:735)
	at org.apache.ratis.thirdparty.io.grpc.internal.ClientCallImpl$ClientStreamListenerImpl$1StreamClosed.runInContext(ClientCallImpl.java:716)
	at org.apache.ratis.thirdparty.io.grpc.internal.ContextRunnable.run(ContextRunnable.java:37)
	at org.apache.ratis.thirdparty.io.grpc.internal.SerializingExecutor.run(SerializingExecutor.java:133)
	at java.util.concurrent.ThreadPoolExecutor.runWorker(ThreadPoolExecutor.java:1149)
	at java.util.concurrent.ThreadPoolExecutor$Worker.run(ThreadPoolExecutor.java:624)
	at java.lang.Thread.run(Thread.java:750)
2024-01-14 08:11:56,736 [grpc-default-executor-3] INFO  server.GrpcServerProtocolService (GrpcServerProtocolService.java:lambda$onCompleted$5(159)) - 5f8e001a-8213-4762-a64f-c492c0fad8a7: Completed APPEND_ENTRIES, lastReply: null
2024-01-14 08:11:56,736 [grpc-default-executor-2] INFO  server.GrpcServerProtocolService (GrpcServerProtocolService.java:onCompleted(157)) - 59ce54d6-04b6-4e86-8314-d8540ae27b4b: Completed APPEND_ENTRIES, lastRequest: 023fb60a-00b7-42be-9ceb-f38531668441->59ce54d6-04b6-4e86-8314-d8540ae27b4b#1-t1,previous=(t:0, i:0),leaderCommit=-1,initializing? false,entries: size=1, first=(t:1, i:0), CONFIGURATIONENTRY(current:id: "59ce54d6-04b6-4e86-8314-d8540ae27b4b"
address: "10.1.0.100:15067"
dataStreamAddress: "10.1.0.100:15068"
clientAddress: "10.1.0.100:15065"
adminAddress: "10.1.0.100:15066"
startupRole: FOLLOWER
,id: "023fb60a-00b7-42be-9ceb-f38531668441"
address: "10.1.0.100:15076"
priority: 1
dataStreamAddress: "10.1.0.100:15077"
clientAddress: "10.1.0.100:15074"
adminAddress: "10.1.0.100:15075"
startupRole: FOLLOWER
,id: "5f8e001a-8213-4762-a64f-c492c0fad8a7"
address: "10.1.0.100:15085"
dataStreamAddress: "10.1.0.100:15086"
clientAddress: "10.1.0.100:15083"
adminAddress: "10.1.0.100:15084"
startupRole: FOLLOWER
, old:)
2024-01-14 08:11:56,741 [grpc-default-executor-2] INFO  server.GrpcServerProtocolService (GrpcServerProtocolService.java:lambda$onCompleted$5(159)) - 59ce54d6-04b6-4e86-8314-d8540ae27b4b: Completed APPEND_ENTRIES, lastReply: null
2024-01-14 08:11:56,736 [5d2ec376-2e2c-4bb9-a4fb-bf5b12c4c412@group-A2FA8D8A5B6E-StateMachineUpdater] INFO  impl.StateMachineUpdater (StateMachineUpdater.java:takeSnapshot(295)) - 5d2ec376-2e2c-4bb9-a4fb-bf5b12c4c412@group-A2FA8D8A5B6E-StateMachineUpdater: Took a snapshot at index 0
2024-01-14 08:11:56,741 [5d2ec376-2e2c-4bb9-a4fb-bf5b12c4c412@group-A2FA8D8A5B6E-StateMachineUpdater] INFO  impl.StateMachineUpdater (StateMachineUpdater.java:lambda$new$0(98)) - 5d2ec376-2e2c-4bb9-a4fb-bf5b12c4c412@group-A2FA8D8A5B6E-StateMachineUpdater: snapshotIndex: updateIncreasingly -1 -> 0
2024-01-14 08:11:56,740 [5f8e001a-8213-4762-a64f-c492c0fad8a7@group-EA54333CD795-FollowerState] INFO  impl.FollowerState (FollowerState.java:run(152)) - 5f8e001a-8213-4762-a64f-c492c0fad8a7@group-EA54333CD795-FollowerState was interrupted
2024-01-14 08:11:56,741 [5d2ec376-2e2c-4bb9-a4fb-bf5b12c4c412-impl-thread1] INFO  server.RaftServer$Division (ServerState.java:close(427)) - 5d2ec376-2e2c-4bb9-a4fb-bf5b12c4c412@group-A2FA8D8A5B6E: applyIndex: 0
2024-01-14 08:11:56,740 [5f8e001a-8213-4762-a64f-c492c0fad8a7@group-EAD6276AADB2-StateMachineUpdater] INFO  ratis.ContainerStateMachine (ContainerStateMachine.java:takeSnapshot(355)) - group-EAD6276AADB2: Taking a snapshot at:(t:1, i:0) file /home/runner/work/ozone/ozone/hadoop-ozone/integration-test/target/test-dir/MiniOzoneClusterImpl-cd00605b-e4dc-4ea1-ab7e-d8be28c4d560/datanode-2/data/ratis/a9d1e480-37a4-42af-9d39-ead6276aadb2/sm/snapshot.1_0
2024-01-14 08:11:56,741 [5d2ec376-2e2c-4bb9-a4fb-bf5b12c4c412@group-A2FA8D8A5B6E-cacheEviction-AwaitToRun] INFO  util.AwaitToRun (AwaitToRun.java:run(49)) - 5d2ec376-2e2c-4bb9-a4fb-bf5b12c4c412@group-A2FA8D8A5B6E-cacheEviction-AwaitToRun-AwaitForSignal is interrupted
2024-01-14 08:11:56,741 [ForkJoinPool.commonPool-worker-0] INFO  server.GrpcService (GrpcService.java:closeImpl(320)) - 5d2ec376-2e2c-4bb9-a4fb-bf5b12c4c412: shutdown server org.apache.ratis.grpc.server.GrpcAdminProtocolService successfully
2024-01-14 08:11:56,740 [5f8e001a-8213-4762-a64f-c492c0fad8a7@group-EA54333CD795-StateMachineUpdater] INFO  ratis.ContainerStateMachine (ContainerStateMachine.java:takeSnapshot(355)) - group-EA54333CD795: Taking a snapshot at:(t:1, i:0) file /home/runner/work/ozone/ozone/hadoop-ozone/integration-test/target/test-dir/MiniOzoneClusterImpl-cd00605b-e4dc-4ea1-ab7e-d8be28c4d560/datanode-2/data/ratis/7558fe87-f470-4d77-8c96-ea54333cd795/sm/snapshot.1_0
2024-01-14 08:11:56,742 [5d2ec376-2e2c-4bb9-a4fb-bf5b12c4c412-NettyServerStreamRpc-bossGroup--thread1] INFO  logging.LoggingHandler (AbstractInternalLogger.java:log(148)) - [id: 0x5dfcac04, L:/0.0.0.0:15104] CLOSE
2024-01-14 08:11:56,742 [5d2ec376-2e2c-4bb9-a4fb-bf5b12c4c412-NettyServerStreamRpc-bossGroup--thread1] INFO  logging.LoggingHandler (AbstractInternalLogger.java:log(148)) - [id: 0x5dfcac04, L:/0.0.0.0:15104] INACTIVE
2024-01-14 08:11:56,742 [5d2ec376-2e2c-4bb9-a4fb-bf5b12c4c412-NettyServerStreamRpc-bossGroup--thread1] INFO  logging.LoggingHandler (AbstractInternalLogger.java:log(148)) - [id: 0x5dfcac04, L:/0.0.0.0:15104] UNREGISTERED
2024-01-14 08:11:56,742 [5f8e001a-8213-4762-a64f-c492c0fad8a7@group-EAD6276AADB2-StateMachineUpdater] INFO  ratis.ContainerStateMachine (ContainerStateMachine.java:takeSnapshot(366)) - group-EAD6276AADB2: Finished taking a snapshot at:(t:1, i:0) file:/home/runner/work/ozone/ozone/hadoop-ozone/integration-test/target/test-dir/MiniOzoneClusterImpl-cd00605b-e4dc-4ea1-ab7e-d8be28c4d560/datanode-2/data/ratis/a9d1e480-37a4-42af-9d39-ead6276aadb2/sm/snapshot.1_0 took: 2 ms
2024-01-14 08:11:56,744 [5f8e001a-8213-4762-a64f-c492c0fad8a7@group-EAD6276AADB2-StateMachineUpdater] INFO  impl.StateMachineUpdater (StateMachineUpdater.java:takeSnapshot(295)) - 5f8e001a-8213-4762-a64f-c492c0fad8a7@group-EAD6276AADB2-StateMachineUpdater: Took a snapshot at index 0
2024-01-14 08:11:56,744 [5f8e001a-8213-4762-a64f-c492c0fad8a7@group-EAD6276AADB2-StateMachineUpdater] INFO  impl.StateMachineUpdater (StateMachineUpdater.java:lambda$new$0(98)) - 5f8e001a-8213-4762-a64f-c492c0fad8a7@group-EAD6276AADB2-StateMachineUpdater: snapshotIndex: updateIncreasingly -1 -> 0
2024-01-14 08:11:56,740 [ForkJoinPool.commonPool-worker-1] INFO  server.GrpcService (GrpcService.java:closeImpl(320)) - c2087a49-c200-4cc5-9876-7cd2477b3505: shutdown server GrpcServerProtocolService successfully
2024-01-14 08:11:56,740 [5f8e001a-8213-4762-a64f-c492c0fad8a7@group-EAD6276AADB2-FollowerState] INFO  impl.FollowerState (FollowerState.java:run(152)) - 5f8e001a-8213-4762-a64f-c492c0fad8a7@group-EAD6276AADB2-FollowerState was interrupted
2024-01-14 08:11:56,740 [5f8e001a-8213-4762-a64f-c492c0fad8a7-impl-thread1] INFO  impl.StateMachineUpdater (StateMachineUpdater.java:stopAndJoin(157)) - 5f8e001a-8213-4762-a64f-c492c0fad8a7@group-EA54333CD795-StateMachineUpdater: set stopIndex = 0
2024-01-14 08:11:56,740 [5f8e001a-8213-4762-a64f-c492c0fad8a7-impl-thread2] INFO  impl.StateMachineUpdater (StateMachineUpdater.java:stopAndJoin(157)) - 5f8e001a-8213-4762-a64f-c492c0fad8a7@group-EAD6276AADB2-StateMachineUpdater: set stopIndex = 0
2024-01-14 08:11:56,740 [59ce54d6-04b6-4e86-8314-d8540ae27b4b-impl-thread3] INFO  server.RaftServer$Division (RaftServerImpl.java:lambda$close$3(526)) - 59ce54d6-04b6-4e86-8314-d8540ae27b4b@group-5C99898D9976: shutdown
2024-01-14 08:11:56,745 [59ce54d6-04b6-4e86-8314-d8540ae27b4b-impl-thread3] INFO  util.JmxRegister (JmxRegister.java:unregister(73)) - Successfully un-registered JMX Bean with object name Ratis:service=RaftServer,group=group-5C99898D9976,id=59ce54d6-04b6-4e86-8314-d8540ae27b4b
2024-01-14 08:11:56,745 [59ce54d6-04b6-4e86-8314-d8540ae27b4b-impl-thread3] INFO  impl.RoleInfo (RoleInfo.java:shutdownLeaderState(94)) - 59ce54d6-04b6-4e86-8314-d8540ae27b4b: shutdown 59ce54d6-04b6-4e86-8314-d8540ae27b4b@group-5C99898D9976-LeaderStateImpl
2024-01-14 08:11:56,745 [59ce54d6-04b6-4e86-8314-d8540ae27b4b-impl-thread3] INFO  impl.PendingRequests (PendingRequests.java:sendNotLeaderResponses(289)) - 59ce54d6-04b6-4e86-8314-d8540ae27b4b@group-5C99898D9976-PendingRequests: sendNotLeaderResponses
2024-01-14 08:11:56,740 [ForkJoinPool.commonPool-worker-2] INFO  server.GrpcService (GrpcService.java:closeImpl(311)) - 59ce54d6-04b6-4e86-8314-d8540ae27b4b: shutdown server org.apache.ratis.grpc.server.GrpcClientProtocolService now
2024-01-14 08:11:56,740 [59ce54d6-04b6-4e86-8314-d8540ae27b4b-impl-thread2] INFO  server.RaftServer$Division (RaftServerImpl.java:lambda$close$3(526)) - 59ce54d6-04b6-4e86-8314-d8540ae27b4b@group-EAD6276AADB2: shutdown
2024-01-14 08:11:56,745 [59ce54d6-04b6-4e86-8314-d8540ae27b4b-impl-thread2] INFO  util.JmxRegister (JmxRegister.java:unregister(73)) - Successfully un-registered JMX Bean with object name Ratis:service=RaftServer,group=group-EAD6276AADB2,id=59ce54d6-04b6-4e86-8314-d8540ae27b4b
2024-01-14 08:11:56,745 [59ce54d6-04b6-4e86-8314-d8540ae27b4b-impl-thread2] INFO  impl.RoleInfo (RoleInfo.java:shutdownLeaderState(94)) - 59ce54d6-04b6-4e86-8314-d8540ae27b4b: shutdown 59ce54d6-04b6-4e86-8314-d8540ae27b4b@group-EAD6276AADB2-LeaderStateImpl
2024-01-14 08:11:56,746 [59ce54d6-04b6-4e86-8314-d8540ae27b4b@group-EAD6276AADB2->023fb60a-00b7-42be-9ceb-f38531668441-GrpcLogAppender-LogAppenderDaemon] WARN  server.GrpcLogAppender (GrpcLogAppender.java:mayWait(289)) - 59ce54d6-04b6-4e86-8314-d8540ae27b4b@group-EAD6276AADB2->023fb60a-00b7-42be-9ceb-f38531668441-GrpcLogAppender: Wait interrupted by java.lang.InterruptedException
2024-01-14 08:11:56,740 [59ce54d6-04b6-4e86-8314-d8540ae27b4b-impl-thread1] INFO  server.RaftServer$Division (RaftServerImpl.java:lambda$close$3(526)) - 59ce54d6-04b6-4e86-8314-d8540ae27b4b@group-EA54333CD795: shutdown
2024-01-14 08:11:56,737 [c2087a49-c200-4cc5-9876-7cd2477b3505-impl-thread1] INFO  impl.StateMachineUpdater (StateMachineUpdater.java:stopAndJoin(157)) - c2087a49-c200-4cc5-9876-7cd2477b3505@group-94A1419DA0AF-StateMachineUpdater: set stopIndex = 0
2024-01-14 08:11:56,737 [5f8e001a-8213-4762-a64f-c492c0fad8a7-impl-thread3] INFO  impl.PendingRequests (PendingRequests.java:sendNotLeaderResponses(289)) - 5f8e001a-8213-4762-a64f-c492c0fad8a7@group-F1A88316A3CE-PendingRequests: sendNotLeaderResponses
2024-01-14 08:11:56,746 [grpc-default-executor-3] INFO  server.GrpcLogAppender (GrpcLogAppender.java:onCompleted(546)) - 023fb60a-00b7-42be-9ceb-f38531668441@group-EA54333CD795->59ce54d6-04b6-4e86-8314-d8540ae27b4b-AppendLogResponseHandler: follower responses appendEntries COMPLETED
2024-01-14 08:11:56,746 [grpc-default-executor-3] WARN  server.GrpcLogAppender (GrpcLogAppender.java:resetClient(226)) - 023fb60a-00b7-42be-9ceb-f38531668441@group-EA54333CD795->59ce54d6-04b6-4e86-8314-d8540ae27b4b-GrpcLogAppender: Failed to getClient for 59ce54d6-04b6-4e86-8314-d8540ae27b4b
org.apache.ratis.protocol.exceptions.AlreadyClosedException: 023fb60a-00b7-42be-9ceb-f38531668441 is already CLOSED
	at org.apache.ratis.util.PeerProxyMap$PeerAndProxy.getProxy(PeerProxyMap.java:65)
	at org.apache.ratis.util.PeerProxyMap.getProxy(PeerProxyMap.java:114)
	at org.apache.ratis.grpc.server.GrpcLogAppender.getClient(GrpcLogAppender.java:196)
	at org.apache.ratis.grpc.server.GrpcLogAppender.resetClient(GrpcLogAppender.java:201)
	at org.apache.ratis.grpc.server.GrpcLogAppender.access$800(GrpcLogAppender.java:62)
	at org.apache.ratis.grpc.server.GrpcLogAppender$AppendLogResponseHandler.onCompleted(GrpcLogAppender.java:547)
	at org.apache.ratis.thirdparty.io.grpc.stub.ClientCalls$StreamObserverToCallListenerAdapter.onClose(ClientCalls.java:479)
	at org.apache.ratis.thirdparty.io.grpc.internal.ClientCallImpl.closeObserver(ClientCallImpl.java:567)
	at org.apache.ratis.thirdparty.io.grpc.internal.ClientCallImpl.access$300(ClientCallImpl.java:71)
	at org.apache.ratis.thirdparty.io.grpc.internal.ClientCallImpl$ClientStreamListenerImpl$1StreamClosed.runInternal(ClientCallImpl.java:735)
	at org.apache.ratis.thirdparty.io.grpc.internal.ClientCallImpl$ClientStreamListenerImpl$1StreamClosed.runInContext(ClientCallImpl.java:716)
	at org.apache.ratis.thirdparty.io.grpc.internal.ContextRunnable.run(ContextRunnable.java:37)
	at org.apache.ratis.thirdparty.io.grpc.internal.SerializingExecutor.run(SerializingExecutor.java:133)
	at java.util.concurrent.ThreadPoolExecutor.runWorker(ThreadPoolExecutor.java:1149)
	at java.util.concurrent.ThreadPoolExecutor$Worker.run(ThreadPoolExecutor.java:624)
	at java.lang.Thread.run(Thread.java:750)
2024-01-14 08:11:56,746 [grpc-default-executor-4] INFO  server.GrpcLogAppender (GrpcLogAppender.java:onCompleted(546)) - 023fb60a-00b7-42be-9ceb-f38531668441@group-EA54333CD795->5f8e001a-8213-4762-a64f-c492c0fad8a7-AppendLogResponseHandler: follower responses appendEntries COMPLETED
2024-01-14 08:11:56,746 [59ce54d6-04b6-4e86-8314-d8540ae27b4b-impl-thread3] INFO  impl.StateMachineUpdater (StateMachineUpdater.java:stopAndJoin(157)) - 59ce54d6-04b6-4e86-8314-d8540ae27b4b@group-5C99898D9976-StateMachineUpdater: set stopIndex = 0
2024-01-14 08:11:56,746 [grpc-default-executor-4] WARN  server.GrpcLogAppender (GrpcLogAppender.java:resetClient(226)) - 023fb60a-00b7-42be-9ceb-f38531668441@group-EA54333CD795->5f8e001a-8213-4762-a64f-c492c0fad8a7-GrpcLogAppender: Failed to getClient for 5f8e001a-8213-4762-a64f-c492c0fad8a7
org.apache.ratis.protocol.exceptions.AlreadyClosedException: 023fb60a-00b7-42be-9ceb-f38531668441 is already CLOSED
	at org.apache.ratis.util.PeerProxyMap$PeerAndProxy.getProxy(PeerProxyMap.java:65)
	at org.apache.ratis.util.PeerProxyMap.getProxy(PeerProxyMap.java:114)
	at org.apache.ratis.grpc.server.GrpcLogAppender.getClient(GrpcLogAppender.java:196)
	at org.apache.ratis.grpc.server.GrpcLogAppender.resetClient(GrpcLogAppender.java:201)
	at org.apache.ratis.grpc.server.GrpcLogAppender.access$800(GrpcLogAppender.java:62)
	at org.apache.ratis.grpc.server.GrpcLogAppender$AppendLogResponseHandler.onCompleted(GrpcLogAppender.java:547)
	at org.apache.ratis.thirdparty.io.grpc.stub.ClientCalls$StreamObserverToCallListenerAdapter.onClose(ClientCalls.java:479)
	at org.apache.ratis.thirdparty.io.grpc.internal.ClientCallImpl.closeObserver(ClientCallImpl.java:567)
	at org.apache.ratis.thirdparty.io.grpc.internal.ClientCallImpl.access$300(ClientCallImpl.java:71)
	at org.apache.ratis.thirdparty.io.grpc.internal.ClientCallImpl$ClientStreamListenerImpl$1StreamClosed.runInternal(ClientCallImpl.java:735)
	at org.apache.ratis.thirdparty.io.grpc.internal.ClientCallImpl$ClientStreamListenerImpl$1StreamClosed.runInContext(ClientCallImpl.java:716)
	at org.apache.ratis.thirdparty.io.grpc.internal.ContextRunnable.run(ContextRunnable.java:37)
	at org.apache.ratis.thirdparty.io.grpc.internal.SerializingExecutor.run(SerializingExecutor.java:133)
	at java.util.concurrent.ThreadPoolExecutor.runWorker(ThreadPoolExecutor.java:1149)
	at java.util.concurrent.ThreadPoolExecutor$Worker.run(ThreadPoolExecutor.java:624)
	at java.lang.Thread.run(Thread.java:750)
2024-01-14 08:11:56,746 [59ce54d6-04b6-4e86-8314-d8540ae27b4b-impl-thread1] INFO  util.JmxRegister (JmxRegister.java:unregister(73)) - Successfully un-registered JMX Bean with object name Ratis:service=RaftServer,group=group-EA54333CD795,id=59ce54d6-04b6-4e86-8314-d8540ae27b4b
2024-01-14 08:11:56,749 [59ce54d6-04b6-4e86-8314-d8540ae27b4b-impl-thread1] INFO  impl.RoleInfo (RoleInfo.java:shutdownFollowerState(110)) - 59ce54d6-04b6-4e86-8314-d8540ae27b4b: shutdown 59ce54d6-04b6-4e86-8314-d8540ae27b4b@group-EA54333CD795-FollowerState
2024-01-14 08:11:56,746 [59ce54d6-04b6-4e86-8314-d8540ae27b4b@group-EAD6276AADB2->5f8e001a-8213-4762-a64f-c492c0fad8a7-GrpcLogAppender-LogAppenderDaemon] WARN  server.GrpcLogAppender (GrpcLogAppender.java:mayWait(289)) - 59ce54d6-04b6-4e86-8314-d8540ae27b4b@group-EAD6276AADB2->5f8e001a-8213-4762-a64f-c492c0fad8a7-GrpcLogAppender: Wait interrupted by java.lang.InterruptedException
2024-01-14 08:11:56,749 [59ce54d6-04b6-4e86-8314-d8540ae27b4b@group-EA54333CD795-StateMachineUpdater] INFO  ratis.ContainerStateMachine (ContainerStateMachine.java:takeSnapshot(355)) - group-EA54333CD795: Taking a snapshot at:(t:1, i:0) file /home/runner/work/ozone/ozone/hadoop-ozone/integration-test/target/test-dir/MiniOzoneClusterImpl-cd00605b-e4dc-4ea1-ab7e-d8be28c4d560/datanode-0/data/ratis/7558fe87-f470-4d77-8c96-ea54333cd795/sm/snapshot.1_0
2024-01-14 08:11:56,746 [59ce54d6-04b6-4e86-8314-d8540ae27b4b-impl-thread2] INFO  impl.PendingRequests (PendingRequests.java:sendNotLeaderResponses(289)) - 59ce54d6-04b6-4e86-8314-d8540ae27b4b@group-EAD6276AADB2-PendingRequests: sendNotLeaderResponses
2024-01-14 08:11:56,750 [59ce54d6-04b6-4e86-8314-d8540ae27b4b@group-EA54333CD795-FollowerState] INFO  impl.FollowerState (FollowerState.java:run(152)) - 59ce54d6-04b6-4e86-8314-d8540ae27b4b@group-EA54333CD795-FollowerState was interrupted
2024-01-14 08:11:56,750 [59ce54d6-04b6-4e86-8314-d8540ae27b4b-impl-thread2] INFO  impl.StateMachineUpdater (StateMachineUpdater.java:stopAndJoin(157)) - 59ce54d6-04b6-4e86-8314-d8540ae27b4b@group-EAD6276AADB2-StateMachineUpdater: set stopIndex = 0
2024-01-14 08:11:56,750 [59ce54d6-04b6-4e86-8314-d8540ae27b4b@group-EAD6276AADB2-StateMachineUpdater] INFO  ratis.ContainerStateMachine (ContainerStateMachine.java:takeSnapshot(355)) - group-EAD6276AADB2: Taking a snapshot at:(t:1, i:0) file /home/runner/work/ozone/ozone/hadoop-ozone/integration-test/target/test-dir/MiniOzoneClusterImpl-cd00605b-e4dc-4ea1-ab7e-d8be28c4d560/datanode-0/data/ratis/a9d1e480-37a4-42af-9d39-ead6276aadb2/sm/snapshot.1_0
2024-01-14 08:11:56,744 [ForkJoinPool.commonPool-worker-1] INFO  server.GrpcService (GrpcService.java:closeImpl(311)) - c2087a49-c200-4cc5-9876-7cd2477b3505: shutdown server org.apache.ratis.grpc.server.GrpcAdminProtocolService now
2024-01-14 08:11:56,750 [grpc-default-executor-1] INFO  server.GrpcServerProtocolService (GrpcServerProtocolService.java:onCompleted(157)) - 5f8e001a-8213-4762-a64f-c492c0fad8a7: Completed APPEND_ENTRIES, lastRequest: null
2024-01-14 08:11:56,743 [Thread-1558] INFO  server.GrpcServerProtocolClient (GrpcServerProtocolClient.java:close(103)) - 59ce54d6-04b6-4e86-8314-d8540ae27b4b Close channels
2024-01-14 08:11:56,743 [Thread-1559] INFO  server.GrpcServerProtocolClient (GrpcServerProtocolClient.java:close(103)) - 023fb60a-00b7-42be-9ceb-f38531668441 Close channels
2024-01-14 08:11:56,750 [grpc-default-executor-3] INFO  server.GrpcServerProtocolService (GrpcServerProtocolService.java:onCompleted(157)) - 5f8e001a-8213-4762-a64f-c492c0fad8a7: Completed APPEND_ENTRIES, lastRequest: 59ce54d6-04b6-4e86-8314-d8540ae27b4b->5f8e001a-8213-4762-a64f-c492c0fad8a7#1-t1,previous=(t:0, i:0),leaderCommit=-1,initializing? false,entries: size=1, first=(t:1, i:0), CONFIGURATIONENTRY(current:id: "59ce54d6-04b6-4e86-8314-d8540ae27b4b"
address: "10.1.0.100:15067"
priority: 1
dataStreamAddress: "10.1.0.100:15068"
clientAddress: "10.1.0.100:15065"
adminAddress: "10.1.0.100:15066"
startupRole: FOLLOWER
,id: "023fb60a-00b7-42be-9ceb-f38531668441"
address: "10.1.0.100:15076"
dataStreamAddress: "10.1.0.100:15077"
clientAddress: "10.1.0.100:15074"
adminAddress: "10.1.0.100:15075"
startupRole: FOLLOWER
,id: "5f8e001a-8213-4762-a64f-c492c0fad8a7"
address: "10.1.0.100:15085"
dataStreamAddress: "10.1.0.100:15086"
clientAddress: "10.1.0.100:15083"
adminAddress: "10.1.0.100:15084"
startupRole: FOLLOWER
, old:)
2024-01-14 08:11:56,750 [grpc-default-executor-3] INFO  server.GrpcServerProtocolService (GrpcServerProtocolService.java:lambda$onCompleted$5(159)) - 5f8e001a-8213-4762-a64f-c492c0fad8a7: Completed APPEND_ENTRIES, lastReply: null
2024-01-14 08:11:56,743 [5f8e001a-8213-4762-a64f-c492c0fad8a7@group-EA54333CD795-StateMachineUpdater] INFO  ratis.ContainerStateMachine (ContainerStateMachine.java:takeSnapshot(366)) - group-EA54333CD795: Finished taking a snapshot at:(t:1, i:0) file:/home/runner/work/ozone/ozone/hadoop-ozone/integration-test/target/test-dir/MiniOzoneClusterImpl-cd00605b-e4dc-4ea1-ab7e-d8be28c4d560/datanode-2/data/ratis/7558fe87-f470-4d77-8c96-ea54333cd795/sm/snapshot.1_0 took: 2 ms
2024-01-14 08:11:56,751 [5f8e001a-8213-4762-a64f-c492c0fad8a7@group-EA54333CD795-StateMachineUpdater] INFO  impl.StateMachineUpdater (StateMachineUpdater.java:takeSnapshot(295)) - 5f8e001a-8213-4762-a64f-c492c0fad8a7@group-EA54333CD795-StateMachineUpdater: Took a snapshot at index 0
2024-01-14 08:11:56,751 [5f8e001a-8213-4762-a64f-c492c0fad8a7@group-EA54333CD795-StateMachineUpdater] INFO  impl.StateMachineUpdater (StateMachineUpdater.java:lambda$new$0(98)) - 5f8e001a-8213-4762-a64f-c492c0fad8a7@group-EA54333CD795-StateMachineUpdater: snapshotIndex: updateIncreasingly -1 -> 0
2024-01-14 08:11:56,741 [c2087a49-c200-4cc5-9876-7cd2477b3505@group-94A1419DA0AF-StateMachineUpdater] INFO  ratis.ContainerStateMachine (ContainerStateMachine.java:takeSnapshot(366)) - group-94A1419DA0AF: Finished taking a snapshot at:(t:1, i:0) file:/home/runner/work/ozone/ozone/hadoop-ozone/integration-test/target/test-dir/MiniOzoneClusterImpl-cd00605b-e4dc-4ea1-ab7e-d8be28c4d560/datanode-3/data/ratis/1a180ac5-a79f-4372-a772-94a1419da0af/sm/snapshot.1_0 took: 4 ms
2024-01-14 08:11:56,749 [59ce54d6-04b6-4e86-8314-d8540ae27b4b-impl-thread1] INFO  impl.StateMachineUpdater (StateMachineUpdater.java:stopAndJoin(157)) - 59ce54d6-04b6-4e86-8314-d8540ae27b4b@group-EA54333CD795-StateMachineUpdater: set stopIndex = 0
2024-01-14 08:11:56,751 [c2087a49-c200-4cc5-9876-7cd2477b3505@group-94A1419DA0AF-StateMachineUpdater] INFO  impl.StateMachineUpdater (StateMachineUpdater.java:takeSnapshot(295)) - c2087a49-c200-4cc5-9876-7cd2477b3505@group-94A1419DA0AF-StateMachineUpdater: Took a snapshot at index 0
2024-01-14 08:11:56,751 [c2087a49-c200-4cc5-9876-7cd2477b3505@group-94A1419DA0AF-StateMachineUpdater] INFO  impl.StateMachineUpdater (StateMachineUpdater.java:lambda$new$0(98)) - c2087a49-c200-4cc5-9876-7cd2477b3505@group-94A1419DA0AF-StateMachineUpdater: snapshotIndex: updateIncreasingly -1 -> 0
2024-01-14 08:11:56,751 [c2087a49-c200-4cc5-9876-7cd2477b3505-impl-thread1] INFO  server.RaftServer$Division (ServerState.java:close(427)) - c2087a49-c200-4cc5-9876-7cd2477b3505@group-94A1419DA0AF: applyIndex: 0
2024-01-14 08:11:56,751 [59ce54d6-04b6-4e86-8314-d8540ae27b4b@group-EA54333CD795-StateMachineUpdater] INFO  ratis.ContainerStateMachine (ContainerStateMachine.java:takeSnapshot(366)) - group-EA54333CD795: Finished taking a snapshot at:(t:1, i:0) file:/home/runner/work/ozone/ozone/hadoop-ozone/integration-test/target/test-dir/MiniOzoneClusterImpl-cd00605b-e4dc-4ea1-ab7e-d8be28c4d560/datanode-0/data/ratis/7558fe87-f470-4d77-8c96-ea54333cd795/sm/snapshot.1_0 took: 2 ms
2024-01-14 08:11:56,751 [59ce54d6-04b6-4e86-8314-d8540ae27b4b@group-EA54333CD795-StateMachineUpdater] INFO  impl.StateMachineUpdater (StateMachineUpdater.java:takeSnapshot(295)) - 59ce54d6-04b6-4e86-8314-d8540ae27b4b@group-EA54333CD795-StateMachineUpdater: Took a snapshot at index 0
2024-01-14 08:11:56,751 [59ce54d6-04b6-4e86-8314-d8540ae27b4b@group-EA54333CD795-StateMachineUpdater] INFO  impl.StateMachineUpdater (StateMachineUpdater.java:lambda$new$0(98)) - 59ce54d6-04b6-4e86-8314-d8540ae27b4b@group-EA54333CD795-StateMachineUpdater: snapshotIndex: updateIncreasingly -1 -> 0
2024-01-14 08:11:56,751 [59ce54d6-04b6-4e86-8314-d8540ae27b4b-impl-thread1] INFO  server.RaftServer$Division (ServerState.java:close(427)) - 59ce54d6-04b6-4e86-8314-d8540ae27b4b@group-EA54333CD795: applyIndex: 0
2024-01-14 08:11:56,752 [59ce54d6-04b6-4e86-8314-d8540ae27b4b@group-EAD6276AADB2-StateMachineUpdater] INFO  ratis.ContainerStateMachine (ContainerStateMachine.java:takeSnapshot(366)) - group-EAD6276AADB2: Finished taking a snapshot at:(t:1, i:0) file:/home/runner/work/ozone/ozone/hadoop-ozone/integration-test/target/test-dir/MiniOzoneClusterImpl-cd00605b-e4dc-4ea1-ab7e-d8be28c4d560/datanode-0/data/ratis/a9d1e480-37a4-42af-9d39-ead6276aadb2/sm/snapshot.1_0 took: 1 ms
2024-01-14 08:11:56,752 [59ce54d6-04b6-4e86-8314-d8540ae27b4b@group-EAD6276AADB2-StateMachineUpdater] INFO  impl.StateMachineUpdater (StateMachineUpdater.java:takeSnapshot(295)) - 59ce54d6-04b6-4e86-8314-d8540ae27b4b@group-EAD6276AADB2-StateMachineUpdater: Took a snapshot at index 0
2024-01-14 08:11:56,752 [59ce54d6-04b6-4e86-8314-d8540ae27b4b@group-EAD6276AADB2-StateMachineUpdater] INFO  impl.StateMachineUpdater (StateMachineUpdater.java:lambda$new$0(98)) - 59ce54d6-04b6-4e86-8314-d8540ae27b4b@group-EAD6276AADB2-StateMachineUpdater: snapshotIndex: updateIncreasingly -1 -> 0
2024-01-14 08:11:56,752 [59ce54d6-04b6-4e86-8314-d8540ae27b4b@group-EA54333CD795-cacheEviction-AwaitToRun] INFO  util.AwaitToRun (AwaitToRun.java:run(49)) - 59ce54d6-04b6-4e86-8314-d8540ae27b4b@group-EA54333CD795-cacheEviction-AwaitToRun-AwaitForSignal is interrupted
2024-01-14 08:11:56,752 [59ce54d6-04b6-4e86-8314-d8540ae27b4b-impl-thread2] INFO  server.RaftServer$Division (ServerState.java:close(427)) - 59ce54d6-04b6-4e86-8314-d8540ae27b4b@group-EAD6276AADB2: applyIndex: 0
2024-01-14 08:11:56,752 [59ce54d6-04b6-4e86-8314-d8540ae27b4b@group-EAD6276AADB2-cacheEviction-AwaitToRun] INFO  util.AwaitToRun (AwaitToRun.java:run(49)) - 59ce54d6-04b6-4e86-8314-d8540ae27b4b@group-EAD6276AADB2-cacheEviction-AwaitToRun-AwaitForSignal is interrupted
2024-01-14 08:11:56,752 [5f8e001a-8213-4762-a64f-c492c0fad8a7-impl-thread1] INFO  server.RaftServer$Division (ServerState.java:close(427)) - 5f8e001a-8213-4762-a64f-c492c0fad8a7@group-EA54333CD795: applyIndex: 0
2024-01-14 08:11:56,756 [c2087a49-c200-4cc5-9876-7cd2477b3505@group-94A1419DA0AF-cacheEviction-AwaitToRun] INFO  util.AwaitToRun (AwaitToRun.java:run(49)) - c2087a49-c200-4cc5-9876-7cd2477b3505@group-94A1419DA0AF-cacheEviction-AwaitToRun-AwaitForSignal is interrupted
2024-01-14 08:11:56,756 [Thread-1577] INFO  server.GrpcServerProtocolClient (GrpcServerProtocolClient.java:close(103)) - 5f8e001a-8213-4762-a64f-c492c0fad8a7 Close channels
2024-01-14 08:11:56,749 [5f8e001a-8213-4762-a64f-c492c0fad8a7-impl-thread2] INFO  server.RaftServer$Division (ServerState.java:close(427)) - 5f8e001a-8213-4762-a64f-c492c0fad8a7@group-EAD6276AADB2: applyIndex: 0
2024-01-14 08:11:56,748 [Thread-1576] INFO  server.GrpcServerProtocolClient (GrpcServerProtocolClient.java:close(103)) - 023fb60a-00b7-42be-9ceb-f38531668441 Close channels
2024-01-14 08:11:56,757 [5f8e001a-8213-4762-a64f-c492c0fad8a7@group-EAD6276AADB2-cacheEviction-AwaitToRun] INFO  util.AwaitToRun (AwaitToRun.java:run(49)) - 5f8e001a-8213-4762-a64f-c492c0fad8a7@group-EAD6276AADB2-cacheEviction-AwaitToRun-AwaitForSignal is interrupted
2024-01-14 08:11:56,747 [grpc-default-executor-4] INFO  server.GrpcServerProtocolService (GrpcServerProtocolService.java:onCompleted(157)) - 023fb60a-00b7-42be-9ceb-f38531668441: Completed APPEND_ENTRIES, lastRequest: null
2024-01-14 08:11:56,747 [ForkJoinPool.commonPool-worker-3] INFO  server.GrpcService (GrpcService.java:closeImpl(320)) - 023fb60a-00b7-42be-9ceb-f38531668441: shutdown server org.apache.ratis.grpc.server.GrpcClientProtocolService successfully
2024-01-14 08:11:56,757 [ForkJoinPool.commonPool-worker-3] INFO  server.GrpcService (GrpcService.java:closeImpl(311)) - 023fb60a-00b7-42be-9ceb-f38531668441: shutdown server GrpcServerProtocolService now
2024-01-14 08:11:56,746 [59ce54d6-04b6-4e86-8314-d8540ae27b4b@group-5C99898D9976-StateMachineUpdater] INFO  ratis.ContainerStateMachine (ContainerStateMachine.java:takeSnapshot(355)) - group-5C99898D9976: Taking a snapshot at:(t:1, i:0) file /home/runner/work/ozone/ozone/hadoop-ozone/integration-test/target/test-dir/MiniOzoneClusterImpl-cd00605b-e4dc-4ea1-ab7e-d8be28c4d560/datanode-0/data/ratis/492b65d5-1427-4abd-80f8-5c99898d9976/sm/snapshot.1_0
2024-01-14 08:11:56,746 [5f8e001a-8213-4762-a64f-c492c0fad8a7@group-F1A88316A3CE-StateMachineUpdater] INFO  ratis.ContainerStateMachine (ContainerStateMachine.java:takeSnapshot(355)) - group-F1A88316A3CE: Taking a snapshot at:(t:1, i:0) file /home/runner/work/ozone/ozone/hadoop-ozone/integration-test/target/test-dir/MiniOzoneClusterImpl-cd00605b-e4dc-4ea1-ab7e-d8be28c4d560/datanode-2/data/ratis/bb42472c-5522-4c56-8a65-f1a88316a3ce/sm/snapshot.1_0
2024-01-14 08:11:56,746 [5f8e001a-8213-4762-a64f-c492c0fad8a7-impl-thread3] INFO  impl.StateMachineUpdater (StateMachineUpdater.java:stopAndJoin(157)) - 5f8e001a-8213-4762-a64f-c492c0fad8a7@group-F1A88316A3CE-StateMachineUpdater: set stopIndex = 0
2024-01-14 08:11:56,758 [59ce54d6-04b6-4e86-8314-d8540ae27b4b@group-5C99898D9976-StateMachineUpdater] INFO  ratis.ContainerStateMachine (ContainerStateMachine.java:takeSnapshot(366)) - group-5C99898D9976: Finished taking a snapshot at:(t:1, i:0) file:/home/runner/work/ozone/ozone/hadoop-ozone/integration-test/target/test-dir/MiniOzoneClusterImpl-cd00605b-e4dc-4ea1-ab7e-d8be28c4d560/datanode-0/data/ratis/492b65d5-1427-4abd-80f8-5c99898d9976/sm/snapshot.1_0 took: 12 ms
2024-01-14 08:11:56,758 [grpc-default-executor-3] INFO  server.GrpcLogAppender (GrpcLogAppender.java:onCompleted(546)) - 59ce54d6-04b6-4e86-8314-d8540ae27b4b@group-EAD6276AADB2->5f8e001a-8213-4762-a64f-c492c0fad8a7-AppendLogResponseHandler: follower responses appendEntries COMPLETED
2024-01-14 08:11:56,758 [grpc-default-executor-3] WARN  server.GrpcLogAppender (GrpcLogAppender.java:resetClient(226)) - 59ce54d6-04b6-4e86-8314-d8540ae27b4b@group-EAD6276AADB2->5f8e001a-8213-4762-a64f-c492c0fad8a7-GrpcLogAppender: Failed to getClient for 5f8e001a-8213-4762-a64f-c492c0fad8a7
org.apache.ratis.protocol.exceptions.AlreadyClosedException: 59ce54d6-04b6-4e86-8314-d8540ae27b4b is already CLOSED
	at org.apache.ratis.util.PeerProxyMap$PeerAndProxy.getProxy(PeerProxyMap.java:65)
	at org.apache.ratis.util.PeerProxyMap.getProxy(PeerProxyMap.java:114)
	at org.apache.ratis.grpc.server.GrpcLogAppender.getClient(GrpcLogAppender.java:196)
	at org.apache.ratis.grpc.server.GrpcLogAppender.resetClient(GrpcLogAppender.java:201)
	at org.apache.ratis.grpc.server.GrpcLogAppender.access$800(GrpcLogAppender.java:62)
	at org.apache.ratis.grpc.server.GrpcLogAppender$AppendLogResponseHandler.onCompleted(GrpcLogAppender.java:547)
	at org.apache.ratis.thirdparty.io.grpc.stub.ClientCalls$StreamObserverToCallListenerAdapter.onClose(ClientCalls.java:479)
	at org.apache.ratis.thirdparty.io.grpc.internal.ClientCallImpl.closeObserver(ClientCallImpl.java:567)
	at org.apache.ratis.thirdparty.io.grpc.internal.ClientCallImpl.access$300(ClientCallImpl.java:71)
	at org.apache.ratis.thirdparty.io.grpc.internal.ClientCallImpl$ClientStreamListenerImpl$1StreamClosed.runInternal(ClientCallImpl.java:735)
	at org.apache.ratis.thirdparty.io.grpc.internal.ClientCallImpl$ClientStreamListenerImpl$1StreamClosed.runInContext(ClientCallImpl.java:716)
	at org.apache.ratis.thirdparty.io.grpc.internal.ContextRunnable.run(ContextRunnable.java:37)
	at org.apache.ratis.thirdparty.io.grpc.internal.SerializingExecutor.run(SerializingExecutor.java:133)
	at java.util.concurrent.ThreadPoolExecutor.runWorker(ThreadPoolExecutor.java:1149)
	at java.util.concurrent.ThreadPoolExecutor$Worker.run(ThreadPoolExecutor.java:624)
	at java.lang.Thread.run(Thread.java:750)
2024-01-14 08:11:56,759 [grpc-default-executor-4] INFO  server.GrpcServerProtocolService (GrpcServerProtocolService.java:lambda$onCompleted$5(159)) - 023fb60a-00b7-42be-9ceb-f38531668441: Completed APPEND_ENTRIES, lastReply: serverReply {
  requestorId: "59ce54d6-04b6-4e86-8314-d8540ae27b4b"
  replyId: "023fb60a-00b7-42be-9ceb-f38531668441"
  raftGroupId {
    id: "\251\321\344\2007\244B\257\2359\352\326\'j\255\262"
  }
  callId: 8
  success: true
}
term: 1
nextIndex: 1
matchIndex: 18446744073709551615
isHearbeat: true

2024-01-14 08:11:56,760 [59ce54d6-04b6-4e86-8314-d8540ae27b4b@group-5C99898D9976-StateMachineUpdater] INFO  impl.StateMachineUpdater (StateMachineUpdater.java:takeSnapshot(295)) - 59ce54d6-04b6-4e86-8314-d8540ae27b4b@group-5C99898D9976-StateMachineUpdater: Took a snapshot at index 0
2024-01-14 08:11:56,760 [59ce54d6-04b6-4e86-8314-d8540ae27b4b@group-5C99898D9976-StateMachineUpdater] INFO  impl.StateMachineUpdater (StateMachineUpdater.java:lambda$new$0(98)) - 59ce54d6-04b6-4e86-8314-d8540ae27b4b@group-5C99898D9976-StateMachineUpdater: snapshotIndex: updateIncreasingly -1 -> 0
2024-01-14 08:11:56,760 [59ce54d6-04b6-4e86-8314-d8540ae27b4b-impl-thread3] INFO  server.RaftServer$Division (ServerState.java:close(427)) - 59ce54d6-04b6-4e86-8314-d8540ae27b4b@group-5C99898D9976: applyIndex: 0
2024-01-14 08:11:56,760 [grpc-default-executor-4] INFO  server.GrpcLogAppender (GrpcLogAppender.java:onError(533)) - 59ce54d6-04b6-4e86-8314-d8540ae27b4b@group-EAD6276AADB2->023fb60a-00b7-42be-9ceb-f38531668441-GrpcLogAppender is already stopped
2024-01-14 08:11:56,760 [5f8e001a-8213-4762-a64f-c492c0fad8a7@group-F1A88316A3CE-StateMachineUpdater] INFO  ratis.ContainerStateMachine (ContainerStateMachine.java:takeSnapshot(366)) - group-F1A88316A3CE: Finished taking a snapshot at:(t:1, i:0) file:/home/runner/work/ozone/ozone/hadoop-ozone/integration-test/target/test-dir/MiniOzoneClusterImpl-cd00605b-e4dc-4ea1-ab7e-d8be28c4d560/datanode-2/data/ratis/bb42472c-5522-4c56-8a65-f1a88316a3ce/sm/snapshot.1_0 took: 14 ms
2024-01-14 08:11:56,760 [5f8e001a-8213-4762-a64f-c492c0fad8a7@group-F1A88316A3CE-StateMachineUpdater] INFO  impl.StateMachineUpdater (StateMachineUpdater.java:takeSnapshot(295)) - 5f8e001a-8213-4762-a64f-c492c0fad8a7@group-F1A88316A3CE-StateMachineUpdater: Took a snapshot at index 0
2024-01-14 08:11:56,760 [5f8e001a-8213-4762-a64f-c492c0fad8a7@group-F1A88316A3CE-StateMachineUpdater] INFO  impl.StateMachineUpdater (StateMachineUpdater.java:lambda$new$0(98)) - 5f8e001a-8213-4762-a64f-c492c0fad8a7@group-F1A88316A3CE-StateMachineUpdater: snapshotIndex: updateIncreasingly -1 -> 0
2024-01-14 08:11:56,760 [5f8e001a-8213-4762-a64f-c492c0fad8a7-impl-thread3] INFO  server.RaftServer$Division (ServerState.java:close(427)) - 5f8e001a-8213-4762-a64f-c492c0fad8a7@group-F1A88316A3CE: applyIndex: 0
2024-01-14 08:11:56,756 [5f8e001a-8213-4762-a64f-c492c0fad8a7@group-EA54333CD795-cacheEviction-AwaitToRun] INFO  util.AwaitToRun (AwaitToRun.java:run(49)) - 5f8e001a-8213-4762-a64f-c492c0fad8a7@group-EA54333CD795-cacheEviction-AwaitToRun-AwaitForSignal is interrupted
2024-01-14 08:11:56,752 [grpc-default-executor-2] INFO  server.GrpcServerProtocolService (GrpcServerProtocolService.java:onCompleted(157)) - 023fb60a-00b7-42be-9ceb-f38531668441: Completed APPEND_ENTRIES, lastRequest: 59ce54d6-04b6-4e86-8314-d8540ae27b4b->023fb60a-00b7-42be-9ceb-f38531668441#1-t1,previous=(t:0, i:0),leaderCommit=-1,initializing? false,entries: size=1, first=(t:1, i:0), CONFIGURATIONENTRY(current:id: "59ce54d6-04b6-4e86-8314-d8540ae27b4b"
address: "10.1.0.100:15067"
priority: 1
dataStreamAddress: "10.1.0.100:15068"
clientAddress: "10.1.0.100:15065"
adminAddress: "10.1.0.100:15066"
startupRole: FOLLOWER
,id: "023fb60a-00b7-42be-9ceb-f38531668441"
address: "10.1.0.100:15076"
dataStreamAddress: "10.1.0.100:15077"
clientAddress: "10.1.0.100:15074"
adminAddress: "10.1.0.100:15075"
startupRole: FOLLOWER
,id: "5f8e001a-8213-4762-a64f-c492c0fad8a7"
address: "10.1.0.100:15085"
dataStreamAddress: "10.1.0.100:15086"
clientAddress: "10.1.0.100:15083"
adminAddress: "10.1.0.100:15084"
startupRole: FOLLOWER
, old:)
2024-01-14 08:11:56,752 [grpc-default-executor-1] INFO  server.GrpcServerProtocolService (GrpcServerProtocolService.java:lambda$onCompleted$5(159)) - 5f8e001a-8213-4762-a64f-c492c0fad8a7: Completed APPEND_ENTRIES, lastReply: serverReply {
  requestorId: "59ce54d6-04b6-4e86-8314-d8540ae27b4b"
  replyId: "5f8e001a-8213-4762-a64f-c492c0fad8a7"
  raftGroupId {
    id: "\251\321\344\2007\244B\257\2359\352\326\'j\255\262"
  }
  callId: 10
  success: true
}
term: 1
nextIndex: 1
matchIndex: 18446744073709551615
isHearbeat: true

2024-01-14 08:11:56,761 [grpc-default-executor-2] INFO  server.GrpcServerProtocolService (GrpcServerProtocolService.java:lambda$onCompleted$5(159)) - 023fb60a-00b7-42be-9ceb-f38531668441: Completed APPEND_ENTRIES, lastReply: null
2024-01-14 08:11:56,762 [ForkJoinPool.commonPool-worker-1] INFO  server.GrpcService (GrpcService.java:closeImpl(320)) - c2087a49-c200-4cc5-9876-7cd2477b3505: shutdown server org.apache.ratis.grpc.server.GrpcAdminProtocolService successfully
2024-01-14 08:11:56,762 [5f8e001a-8213-4762-a64f-c492c0fad8a7@group-F1A88316A3CE-cacheEviction-AwaitToRun] INFO  util.AwaitToRun (AwaitToRun.java:run(49)) - 5f8e001a-8213-4762-a64f-c492c0fad8a7@group-F1A88316A3CE-cacheEviction-AwaitToRun-AwaitForSignal is interrupted
2024-01-14 08:11:56,762 [59ce54d6-04b6-4e86-8314-d8540ae27b4b@group-5C99898D9976-cacheEviction-AwaitToRun] INFO  util.AwaitToRun (AwaitToRun.java:run(49)) - 59ce54d6-04b6-4e86-8314-d8540ae27b4b@group-5C99898D9976-cacheEviction-AwaitToRun-AwaitForSignal is interrupted
2024-01-14 08:11:56,762 [c2087a49-c200-4cc5-9876-7cd2477b3505-NettyServerStreamRpc-bossGroup--thread1] INFO  logging.LoggingHandler (AbstractInternalLogger.java:log(148)) - [id: 0x62c968be, L:/0.0.0.0:15095] CLOSE
2024-01-14 08:11:56,762 [c2087a49-c200-4cc5-9876-7cd2477b3505-NettyServerStreamRpc-bossGroup--thread1] INFO  logging.LoggingHandler (AbstractInternalLogger.java:log(148)) - [id: 0x62c968be, L:/0.0.0.0:15095] INACTIVE
2024-01-14 08:11:56,762 [c2087a49-c200-4cc5-9876-7cd2477b3505-NettyServerStreamRpc-bossGroup--thread1] INFO  logging.LoggingHandler (AbstractInternalLogger.java:log(148)) - [id: 0x62c968be, L:/0.0.0.0:15095] UNREGISTERED
2024-01-14 08:11:56,765 [main] INFO  server.GrpcService (GrpcService.java:closeImpl(320)) - 5f8e001a-8213-4762-a64f-c492c0fad8a7: shutdown server org.apache.ratis.grpc.server.GrpcClientProtocolService successfully
2024-01-14 08:11:56,765 [main] INFO  server.GrpcService (GrpcService.java:closeImpl(311)) - 5f8e001a-8213-4762-a64f-c492c0fad8a7: shutdown server GrpcServerProtocolService now
2024-01-14 08:11:56,765 [grpc-default-executor-2] INFO  server.GrpcLogAppender (GrpcLogAppender.java:onError(533)) - 59ce54d6-04b6-4e86-8314-d8540ae27b4b@group-EAD6276AADB2->023fb60a-00b7-42be-9ceb-f38531668441-GrpcLogAppender is already stopped
2024-01-14 08:11:56,766 [grpc-default-executor-2] INFO  server.GrpcLogAppender (GrpcLogAppender.java:onCompleted(546)) - 59ce54d6-04b6-4e86-8314-d8540ae27b4b@group-EAD6276AADB2->5f8e001a-8213-4762-a64f-c492c0fad8a7-AppendLogResponseHandler: follower responses appendEntries COMPLETED
2024-01-14 08:11:56,766 [grpc-default-executor-2] WARN  server.GrpcLogAppender (GrpcLogAppender.java:resetClient(226)) - 59ce54d6-04b6-4e86-8314-d8540ae27b4b@group-EAD6276AADB2->5f8e001a-8213-4762-a64f-c492c0fad8a7-GrpcLogAppender: Failed to getClient for 5f8e001a-8213-4762-a64f-c492c0fad8a7
org.apache.ratis.protocol.exceptions.AlreadyClosedException: 59ce54d6-04b6-4e86-8314-d8540ae27b4b is already CLOSED
	at org.apache.ratis.util.PeerProxyMap$PeerAndProxy.getProxy(PeerProxyMap.java:65)
	at org.apache.ratis.util.PeerProxyMap.getProxy(PeerProxyMap.java:114)
	at org.apache.ratis.grpc.server.GrpcLogAppender.getClient(GrpcLogAppender.java:196)
	at org.apache.ratis.grpc.server.GrpcLogAppender.resetClient(GrpcLogAppender.java:201)
	at org.apache.ratis.grpc.server.GrpcLogAppender.access$800(GrpcLogAppender.java:62)
	at org.apache.ratis.grpc.server.GrpcLogAppender$AppendLogResponseHandler.onCompleted(GrpcLogAppender.java:547)
	at org.apache.ratis.thirdparty.io.grpc.stub.ClientCalls$StreamObserverToCallListenerAdapter.onClose(ClientCalls.java:479)
	at org.apache.ratis.thirdparty.io.grpc.internal.ClientCallImpl.closeObserver(ClientCallImpl.java:567)
	at org.apache.ratis.thirdparty.io.grpc.internal.ClientCallImpl.access$300(ClientCallImpl.java:71)
	at org.apache.ratis.thirdparty.io.grpc.internal.ClientCallImpl$ClientStreamListenerImpl$1StreamClosed.runInternal(ClientCallImpl.java:735)
	at org.apache.ratis.thirdparty.io.grpc.internal.ClientCallImpl$ClientStreamListenerImpl$1StreamClosed.runInContext(ClientCallImpl.java:716)
	at org.apache.ratis.thirdparty.io.grpc.internal.ContextRunnable.run(ContextRunnable.java:37)
	at org.apache.ratis.thirdparty.io.grpc.internal.SerializingExecutor.run(SerializingExecutor.java:133)
	at java.util.concurrent.ThreadPoolExecutor.runWorker(ThreadPoolExecutor.java:1149)
	at java.util.concurrent.ThreadPoolExecutor$Worker.run(ThreadPoolExecutor.java:624)
	at java.lang.Thread.run(Thread.java:750)
2024-01-14 08:11:56,773 [ForkJoinPool.commonPool-worker-3] INFO  server.GrpcService (GrpcService.java:closeImpl(320)) - 023fb60a-00b7-42be-9ceb-f38531668441: shutdown server GrpcServerProtocolService successfully
2024-01-14 08:11:56,774 [ForkJoinPool.commonPool-worker-2] INFO  server.GrpcService (GrpcService.java:closeImpl(320)) - 59ce54d6-04b6-4e86-8314-d8540ae27b4b: shutdown server org.apache.ratis.grpc.server.GrpcClientProtocolService successfully
2024-01-14 08:11:56,774 [ForkJoinPool.commonPool-worker-3] INFO  server.GrpcService (GrpcService.java:closeImpl(311)) - 023fb60a-00b7-42be-9ceb-f38531668441: shutdown server org.apache.ratis.grpc.server.GrpcAdminProtocolService now
2024-01-14 08:11:56,774 [main] INFO  server.GrpcService (GrpcService.java:closeImpl(320)) - 5f8e001a-8213-4762-a64f-c492c0fad8a7: shutdown server GrpcServerProtocolService successfully
2024-01-14 08:11:56,774 [main] INFO  server.GrpcService (GrpcService.java:closeImpl(311)) - 5f8e001a-8213-4762-a64f-c492c0fad8a7: shutdown server org.apache.ratis.grpc.server.GrpcAdminProtocolService now
2024-01-14 08:11:56,774 [ForkJoinPool.commonPool-worker-2] INFO  server.GrpcService (GrpcService.java:closeImpl(311)) - 59ce54d6-04b6-4e86-8314-d8540ae27b4b: shutdown server GrpcServerProtocolService now
2024-01-14 08:11:56,776 [main] INFO  server.GrpcService (GrpcService.java:closeImpl(320)) - 5f8e001a-8213-4762-a64f-c492c0fad8a7: shutdown server org.apache.ratis.grpc.server.GrpcAdminProtocolService successfully
2024-01-14 08:11:56,780 [ForkJoinPool.commonPool-worker-3] INFO  server.GrpcService (GrpcService.java:closeImpl(320)) - 023fb60a-00b7-42be-9ceb-f38531668441: shutdown server org.apache.ratis.grpc.server.GrpcAdminProtocolService successfully
2024-01-14 08:11:56,780 [ForkJoinPool.commonPool-worker-2] INFO  server.GrpcService (GrpcService.java:closeImpl(320)) - 59ce54d6-04b6-4e86-8314-d8540ae27b4b: shutdown server GrpcServerProtocolService successfully
2024-01-14 08:11:56,780 [ForkJoinPool.commonPool-worker-2] INFO  server.GrpcService (GrpcService.java:closeImpl(311)) - 59ce54d6-04b6-4e86-8314-d8540ae27b4b: shutdown server org.apache.ratis.grpc.server.GrpcAdminProtocolService now
2024-01-14 08:11:56,782 [ForkJoinPool.commonPool-worker-2] INFO  server.GrpcService (GrpcService.java:closeImpl(320)) - 59ce54d6-04b6-4e86-8314-d8540ae27b4b: shutdown server org.apache.ratis.grpc.server.GrpcAdminProtocolService successfully
2024-01-14 08:11:56,785 [023fb60a-00b7-42be-9ceb-f38531668441-NettyServerStreamRpc-bossGroup--thread1] INFO  logging.LoggingHandler (AbstractInternalLogger.java:log(148)) - [id: 0x58a3276d, L:/0.0.0.0:15077] CLOSE
2024-01-14 08:11:56,785 [023fb60a-00b7-42be-9ceb-f38531668441-NettyServerStreamRpc-bossGroup--thread1] INFO  logging.LoggingHandler (AbstractInternalLogger.java:log(148)) - [id: 0x58a3276d, L:/0.0.0.0:15077] INACTIVE
2024-01-14 08:11:56,785 [023fb60a-00b7-42be-9ceb-f38531668441-NettyServerStreamRpc-bossGroup--thread1] INFO  logging.LoggingHandler (AbstractInternalLogger.java:log(148)) - [id: 0x58a3276d, L:/0.0.0.0:15077] UNREGISTERED
2024-01-14 08:11:56,788 [5f8e001a-8213-4762-a64f-c492c0fad8a7-NettyServerStreamRpc-bossGroup--thread1] INFO  logging.LoggingHandler (AbstractInternalLogger.java:log(148)) - [id: 0xd6606e4a, L:/0.0.0.0:15086] CLOSE
2024-01-14 08:11:56,788 [5f8e001a-8213-4762-a64f-c492c0fad8a7-NettyServerStreamRpc-bossGroup--thread1] INFO  logging.LoggingHandler (AbstractInternalLogger.java:log(148)) - [id: 0xd6606e4a, L:/0.0.0.0:15086] INACTIVE
2024-01-14 08:11:56,788 [5f8e001a-8213-4762-a64f-c492c0fad8a7-NettyServerStreamRpc-bossGroup--thread1] INFO  logging.LoggingHandler (AbstractInternalLogger.java:log(148)) - [id: 0xd6606e4a, L:/0.0.0.0:15086] UNREGISTERED
2024-01-14 08:11:56,794 [59ce54d6-04b6-4e86-8314-d8540ae27b4b-NettyServerStreamRpc-bossGroup--thread1] INFO  logging.LoggingHandler (AbstractInternalLogger.java:log(148)) - [id: 0x14d532b1, L:/0.0.0.0:15068] CLOSE
2024-01-14 08:11:56,795 [59ce54d6-04b6-4e86-8314-d8540ae27b4b-NettyServerStreamRpc-bossGroup--thread1] INFO  logging.LoggingHandler (AbstractInternalLogger.java:log(148)) - [id: 0x14d532b1, L:/0.0.0.0:15068] INACTIVE
2024-01-14 08:11:56,795 [59ce54d6-04b6-4e86-8314-d8540ae27b4b-NettyServerStreamRpc-bossGroup--thread1] INFO  logging.LoggingHandler (AbstractInternalLogger.java:log(148)) - [id: 0x14d532b1, L:/0.0.0.0:15068] UNREGISTERED
2024-01-14 08:11:56,807 [5d2ec376-2e2c-4bb9-a4fb-bf5b12c4c412-impl-thread1] INFO  segmented.SegmentedRaftLogWorker (SegmentedRaftLogWorker.java:close(245)) - 5d2ec376-2e2c-4bb9-a4fb-bf5b12c4c412@group-A2FA8D8A5B6E-SegmentedRaftLogWorker close()
2024-01-14 08:11:56,808 [JvmPauseMonitor13] INFO  util.JvmPauseMonitor (JvmPauseMonitor.java:run(152)) - JvmPauseMonitor-5d2ec376-2e2c-4bb9-a4fb-bf5b12c4c412: Stopped
2024-01-14 08:11:57,359 [59ce54d6-04b6-4e86-8314-d8540ae27b4b-impl-thread2] INFO  segmented.SegmentedRaftLogWorker (SegmentedRaftLogWorker.java:close(245)) - 59ce54d6-04b6-4e86-8314-d8540ae27b4b@group-EAD6276AADB2-SegmentedRaftLogWorker close()
2024-01-14 08:11:57,382 [023fb60a-00b7-42be-9ceb-f38531668441-impl-thread3] INFO  segmented.SegmentedRaftLogWorker (SegmentedRaftLogWorker.java:close(245)) - 023fb60a-00b7-42be-9ceb-f38531668441@group-EAD6276AADB2-SegmentedRaftLogWorker close()
2024-01-14 08:11:57,388 [5f8e001a-8213-4762-a64f-c492c0fad8a7-impl-thread2] INFO  segmented.SegmentedRaftLogWorker (SegmentedRaftLogWorker.java:close(245)) - 5f8e001a-8213-4762-a64f-c492c0fad8a7@group-EAD6276AADB2-SegmentedRaftLogWorker close()
2024-01-14 08:11:57,617 [59ce54d6-04b6-4e86-8314-d8540ae27b4b-impl-thread3] INFO  segmented.SegmentedRaftLogWorker (SegmentedRaftLogWorker.java:close(245)) - 59ce54d6-04b6-4e86-8314-d8540ae27b4b@group-5C99898D9976-SegmentedRaftLogWorker close()
2024-01-14 08:11:57,617 [023fb60a-00b7-42be-9ceb-f38531668441-impl-thread2] INFO  segmented.SegmentedRaftLogWorker (SegmentedRaftLogWorker.java:close(245)) - 023fb60a-00b7-42be-9ceb-f38531668441@group-857E0CCB03C9-SegmentedRaftLogWorker close()
2024-01-14 08:11:57,723 [c2087a49-c200-4cc5-9876-7cd2477b3505-impl-thread1] INFO  segmented.SegmentedRaftLogWorker (SegmentedRaftLogWorker.java:close(245)) - c2087a49-c200-4cc5-9876-7cd2477b3505@group-94A1419DA0AF-SegmentedRaftLogWorker close()
2024-01-14 08:11:57,723 [023fb60a-00b7-42be-9ceb-f38531668441-impl-thread1] INFO  segmented.SegmentedRaftLogWorker (SegmentedRaftLogWorker.java:close(245)) - 023fb60a-00b7-42be-9ceb-f38531668441@group-EA54333CD795-SegmentedRaftLogWorker close()
2024-01-14 08:11:57,726 [JvmPauseMonitor10] INFO  util.JvmPauseMonitor (JvmPauseMonitor.java:run(152)) - JvmPauseMonitor-023fb60a-00b7-42be-9ceb-f38531668441: Stopped
2024-01-14 08:11:57,727 [JvmPauseMonitor12] INFO  util.JvmPauseMonitor (JvmPauseMonitor.java:run(152)) - JvmPauseMonitor-c2087a49-c200-4cc5-9876-7cd2477b3505: Stopped
2024-01-14 08:11:57,728 [5f8e001a-8213-4762-a64f-c492c0fad8a7-impl-thread3] INFO  segmented.SegmentedRaftLogWorker (SegmentedRaftLogWorker.java:close(245)) - 5f8e001a-8213-4762-a64f-c492c0fad8a7@group-F1A88316A3CE-SegmentedRaftLogWorker close()
2024-01-14 08:11:57,748 [59ce54d6-04b6-4e86-8314-d8540ae27b4b-impl-thread1] INFO  segmented.SegmentedRaftLogWorker (SegmentedRaftLogWorker.java:close(245)) - 59ce54d6-04b6-4e86-8314-d8540ae27b4b@group-EA54333CD795-SegmentedRaftLogWorker close()
2024-01-14 08:11:57,749 [JvmPauseMonitor9] INFO  util.JvmPauseMonitor (JvmPauseMonitor.java:run(152)) - JvmPauseMonitor-59ce54d6-04b6-4e86-8314-d8540ae27b4b: Stopped
2024-01-14 08:11:57,749 [5f8e001a-8213-4762-a64f-c492c0fad8a7-impl-thread1] INFO  segmented.SegmentedRaftLogWorker (SegmentedRaftLogWorker.java:close(245)) - 5f8e001a-8213-4762-a64f-c492c0fad8a7@group-EA54333CD795-SegmentedRaftLogWorker close()
2024-01-14 08:11:57,750 [JvmPauseMonitor11] INFO  util.JvmPauseMonitor (JvmPauseMonitor.java:run(152)) - JvmPauseMonitor-5f8e001a-8213-4762-a64f-c492c0fad8a7: Stopped
2024-01-14 08:11:58,810 [ForkJoinPool.commonPool-worker-0] INFO  utils.DatanodeStoreCache (DatanodeStoreCache.java:shutdownCache(116)) - Skip clearing cache in mini cluster mode. Entries left: [/home/runner/work/ozone/ozone/hadoop-ozone/integration-test/target/test-dir/MiniOzoneClusterImpl-cd00605b-e4dc-4ea1-ab7e-d8be28c4d560/datanode-0/data-0/containers/hdds/cd00605b-e4dc-4ea1-ab7e-d8be28c4d560/DS-bd4c7ce1-9909-49a7-9ec6-73dacf7e0f13/container.db, /home/runner/work/ozone/ozone/hadoop-ozone/integration-test/target/test-dir/MiniOzoneClusterImpl-cd00605b-e4dc-4ea1-ab7e-d8be28c4d560/datanode-1/data-0/containers/hdds/cd00605b-e4dc-4ea1-ab7e-d8be28c4d560/DS-66180ea7-e73a-4841-987f-fd1ed789a886/container.db, /home/runner/work/ozone/ozone/hadoop-ozone/integration-test/target/test-dir/MiniOzoneClusterImpl-cd00605b-e4dc-4ea1-ab7e-d8be28c4d560/datanode-2/data-0/containers/hdds/cd00605b-e4dc-4ea1-ab7e-d8be28c4d560/DS-b04a42bd-1055-4537-916b-8666134c45b4/container.db, /home/runner/work/ozone/ozone/hadoop-ozone/integration-test/target/test-dir/MiniOzoneClusterImpl-cd00605b-e4dc-4ea1-ab7e-d8be28c4d560/datanode-3/data-0/containers/hdds/cd00605b-e4dc-4ea1-ab7e-d8be28c4d560/DS-2fedcfc6-e970-4e24-897a-a3e0d26c7265/container.db, /home/runner/work/ozone/ozone/hadoop-ozone/integration-test/target/test-dir/MiniOzoneClusterImpl-cd00605b-e4dc-4ea1-ab7e-d8be28c4d560/datanode-4/data-0/containers/hdds/cd00605b-e4dc-4ea1-ab7e-d8be28c4d560/DS-0c94e9a2-9bbe-4435-aeb8-f24850e5808e/container.db]
2024-01-14 08:11:58,813 [ForkJoinPool.commonPool-worker-0] INFO  utils.DatanodeStoreCache (DatanodeStoreCache.java:removeDB(110)) - Removed db /home/runner/work/ozone/ozone/hadoop-ozone/integration-test/target/test-dir/MiniOzoneClusterImpl-cd00605b-e4dc-4ea1-ab7e-d8be28c4d560/datanode-4/data-0/containers/hdds/cd00605b-e4dc-4ea1-ab7e-d8be28c4d560/DS-0c94e9a2-9bbe-4435-aeb8-f24850e5808e/container.db from cache
2024-01-14 08:11:58,813 [ForkJoinPool.commonPool-worker-0] INFO  volume.HddsVolume (HddsVolume.java:closeDbStore(451)) - SchemaV3 db is stopped at /home/runner/work/ozone/ozone/hadoop-ozone/integration-test/target/test-dir/MiniOzoneClusterImpl-cd00605b-e4dc-4ea1-ab7e-d8be28c4d560/datanode-4/data-0/containers/hdds/cd00605b-e4dc-4ea1-ab7e-d8be28c4d560/DS-0c94e9a2-9bbe-4435-aeb8-f24850e5808e/container.db for volume DS-0c94e9a2-9bbe-4435-aeb8-f24850e5808e
2024-01-14 08:11:58,814 [ForkJoinPool.commonPool-worker-0] INFO  utils.BackgroundService (BackgroundService.java:shutdown(160)) - Shutting down service BlockDeletingService
2024-01-14 08:11:58,814 [ForkJoinPool.commonPool-worker-0] INFO  utils.BackgroundService (BackgroundService.java:shutdown(160)) - Shutting down service StaleRecoveringContainerScrubbingService
2024-01-14 08:11:58,817 [ForkJoinPool.commonPool-worker-0] INFO  statemachine.DatanodeStateMachine (DatanodeStateMachine.java:stopDaemon(638)) - Ozone container server stopped.
2024-01-14 08:11:58,818 [ForkJoinPool.commonPool-worker-0] INFO  handler.ContextHandler (ContextHandler.java:doStop(1159)) - Stopped o.e.j.w.WebAppContext@68c97dc3{hddsDatanode,/,null,STOPPED}{jar:file:/home/runner/.m2/repository/org/apache/ozone/hdds-container-service/1.5.0-SNAPSHOT/hdds-container-service-1.5.0-SNAPSHOT.jar!/webapps/hddsDatanode}
2024-01-14 08:11:58,819 [ForkJoinPool.commonPool-worker-0] INFO  server.AbstractConnector (AbstractConnector.java:doStop(383)) - Stopped ServerConnector@561b70fc{HTTP/1.1, (http/1.1)}{0.0.0.0:15098}
2024-01-14 08:11:58,819 [ForkJoinPool.commonPool-worker-0] INFO  server.session (HouseKeeper.java:stopScavenging(149)) - node0 Stopped scavenging
2024-01-14 08:11:58,820 [ForkJoinPool.commonPool-worker-0] INFO  handler.ContextHandler (ContextHandler.java:doStop(1159)) - Stopped o.e.j.s.ServletContextHandler@14f2beec{static,/static,jar:file:/home/runner/.m2/repository/org/apache/ozone/hdds-container-service/1.5.0-SNAPSHOT/hdds-container-service-1.5.0-SNAPSHOT.jar!/webapps/static,STOPPED}
2024-01-14 08:11:58,820 [ForkJoinPool.commonPool-worker-0] INFO  handler.ContextHandler (ContextHandler.java:doStop(1159)) - Stopped o.e.j.s.ServletContextHandler@267822f0{logs,/logs,file:///home/runner/work/ozone/ozone/hadoop-ozone/integration-test/target/log,STOPPED}
2024-01-14 08:11:58,821 [ForkJoinPool.commonPool-worker-0] INFO  ozone.HddsDatanodeClientProtocolServer (HddsDatanodeClientProtocolServer.java:stop(78)) - Stopping the RPC server for Client Protocol
2024-01-14 08:11:58,822 [ForkJoinPool.commonPool-worker-0] INFO  ipc.Server (Server.java:stop(3523)) - Stopping server on 15099
2024-01-14 08:11:58,823 [IPC Server Responder] INFO  ipc.Server (Server.java:run(1567)) - Stopping IPC Server Responder
2024-01-14 08:11:58,823 [IPC Server listener on 15099] INFO  ipc.Server (Server.java:run(1434)) - Stopping IPC Server listener on 15099
2024-01-14 08:11:59,729 [ForkJoinPool.commonPool-worker-1] INFO  utils.DatanodeStoreCache (DatanodeStoreCache.java:shutdownCache(116)) - Skip clearing cache in mini cluster mode. Entries left: [/home/runner/work/ozone/ozone/hadoop-ozone/integration-test/target/test-dir/MiniOzoneClusterImpl-cd00605b-e4dc-4ea1-ab7e-d8be28c4d560/datanode-0/data-0/containers/hdds/cd00605b-e4dc-4ea1-ab7e-d8be28c4d560/DS-bd4c7ce1-9909-49a7-9ec6-73dacf7e0f13/container.db, /home/runner/work/ozone/ozone/hadoop-ozone/integration-test/target/test-dir/MiniOzoneClusterImpl-cd00605b-e4dc-4ea1-ab7e-d8be28c4d560/datanode-1/data-0/containers/hdds/cd00605b-e4dc-4ea1-ab7e-d8be28c4d560/DS-66180ea7-e73a-4841-987f-fd1ed789a886/container.db, /home/runner/work/ozone/ozone/hadoop-ozone/integration-test/target/test-dir/MiniOzoneClusterImpl-cd00605b-e4dc-4ea1-ab7e-d8be28c4d560/datanode-2/data-0/containers/hdds/cd00605b-e4dc-4ea1-ab7e-d8be28c4d560/DS-b04a42bd-1055-4537-916b-8666134c45b4/container.db, /home/runner/work/ozone/ozone/hadoop-ozone/integration-test/target/test-dir/MiniOzoneClusterImpl-cd00605b-e4dc-4ea1-ab7e-d8be28c4d560/datanode-3/data-0/containers/hdds/cd00605b-e4dc-4ea1-ab7e-d8be28c4d560/DS-2fedcfc6-e970-4e24-897a-a3e0d26c7265/container.db]
2024-01-14 08:11:59,732 [ForkJoinPool.commonPool-worker-3] INFO  utils.DatanodeStoreCache (DatanodeStoreCache.java:shutdownCache(116)) - Skip clearing cache in mini cluster mode. Entries left: [/home/runner/work/ozone/ozone/hadoop-ozone/integration-test/target/test-dir/MiniOzoneClusterImpl-cd00605b-e4dc-4ea1-ab7e-d8be28c4d560/datanode-0/data-0/containers/hdds/cd00605b-e4dc-4ea1-ab7e-d8be28c4d560/DS-bd4c7ce1-9909-49a7-9ec6-73dacf7e0f13/container.db, /home/runner/work/ozone/ozone/hadoop-ozone/integration-test/target/test-dir/MiniOzoneClusterImpl-cd00605b-e4dc-4ea1-ab7e-d8be28c4d560/datanode-1/data-0/containers/hdds/cd00605b-e4dc-4ea1-ab7e-d8be28c4d560/DS-66180ea7-e73a-4841-987f-fd1ed789a886/container.db, /home/runner/work/ozone/ozone/hadoop-ozone/integration-test/target/test-dir/MiniOzoneClusterImpl-cd00605b-e4dc-4ea1-ab7e-d8be28c4d560/datanode-2/data-0/containers/hdds/cd00605b-e4dc-4ea1-ab7e-d8be28c4d560/DS-b04a42bd-1055-4537-916b-8666134c45b4/container.db]
2024-01-14 08:11:59,732 [ForkJoinPool.commonPool-worker-1] INFO  utils.DatanodeStoreCache (DatanodeStoreCache.java:removeDB(110)) - Removed db /home/runner/work/ozone/ozone/hadoop-ozone/integration-test/target/test-dir/MiniOzoneClusterImpl-cd00605b-e4dc-4ea1-ab7e-d8be28c4d560/datanode-3/data-0/containers/hdds/cd00605b-e4dc-4ea1-ab7e-d8be28c4d560/DS-2fedcfc6-e970-4e24-897a-a3e0d26c7265/container.db from cache
2024-01-14 08:11:59,732 [ForkJoinPool.commonPool-worker-1] INFO  volume.HddsVolume (HddsVolume.java:closeDbStore(451)) - SchemaV3 db is stopped at /home/runner/work/ozone/ozone/hadoop-ozone/integration-test/target/test-dir/MiniOzoneClusterImpl-cd00605b-e4dc-4ea1-ab7e-d8be28c4d560/datanode-3/data-0/containers/hdds/cd00605b-e4dc-4ea1-ab7e-d8be28c4d560/DS-2fedcfc6-e970-4e24-897a-a3e0d26c7265/container.db for volume DS-2fedcfc6-e970-4e24-897a-a3e0d26c7265
2024-01-14 08:11:59,733 [ForkJoinPool.commonPool-worker-3] INFO  utils.DatanodeStoreCache (DatanodeStoreCache.java:removeDB(110)) - Removed db /home/runner/work/ozone/ozone/hadoop-ozone/integration-test/target/test-dir/MiniOzoneClusterImpl-cd00605b-e4dc-4ea1-ab7e-d8be28c4d560/datanode-1/data-0/containers/hdds/cd00605b-e4dc-4ea1-ab7e-d8be28c4d560/DS-66180ea7-e73a-4841-987f-fd1ed789a886/container.db from cache
2024-01-14 08:11:59,734 [ForkJoinPool.commonPool-worker-3] INFO  volume.HddsVolume (HddsVolume.java:closeDbStore(451)) - SchemaV3 db is stopped at /home/runner/work/ozone/ozone/hadoop-ozone/integration-test/target/test-dir/MiniOzoneClusterImpl-cd00605b-e4dc-4ea1-ab7e-d8be28c4d560/datanode-1/data-0/containers/hdds/cd00605b-e4dc-4ea1-ab7e-d8be28c4d560/DS-66180ea7-e73a-4841-987f-fd1ed789a886/container.db for volume DS-66180ea7-e73a-4841-987f-fd1ed789a886
2024-01-14 08:11:59,734 [ForkJoinPool.commonPool-worker-1] INFO  utils.BackgroundService (BackgroundService.java:shutdown(160)) - Shutting down service BlockDeletingService
2024-01-14 08:11:59,735 [ForkJoinPool.commonPool-worker-3] INFO  utils.BackgroundService (BackgroundService.java:shutdown(160)) - Shutting down service BlockDeletingService
2024-01-14 08:11:59,735 [ForkJoinPool.commonPool-worker-1] INFO  utils.BackgroundService (BackgroundService.java:shutdown(160)) - Shutting down service StaleRecoveringContainerScrubbingService
2024-01-14 08:11:59,735 [ForkJoinPool.commonPool-worker-3] INFO  utils.BackgroundService (BackgroundService.java:shutdown(160)) - Shutting down service StaleRecoveringContainerScrubbingService
2024-01-14 08:11:59,735 [ForkJoinPool.commonPool-worker-3] INFO  statemachine.DatanodeStateMachine (DatanodeStateMachine.java:stopDaemon(638)) - Ozone container server stopped.
2024-01-14 08:11:59,737 [ForkJoinPool.commonPool-worker-1] INFO  statemachine.DatanodeStateMachine (DatanodeStateMachine.java:stopDaemon(638)) - Ozone container server stopped.
2024-01-14 08:11:59,738 [ForkJoinPool.commonPool-worker-3] INFO  handler.ContextHandler (ContextHandler.java:doStop(1159)) - Stopped o.e.j.w.WebAppContext@66eb549{hddsDatanode,/,null,STOPPED}{jar:file:/home/runner/.m2/repository/org/apache/ozone/hdds-container-service/1.5.0-SNAPSHOT/hdds-container-service-1.5.0-SNAPSHOT.jar!/webapps/hddsDatanode}
2024-01-14 08:11:59,739 [ForkJoinPool.commonPool-worker-1] INFO  handler.ContextHandler (ContextHandler.java:doStop(1159)) - Stopped o.e.j.w.WebAppContext@1fbde260{hddsDatanode,/,null,STOPPED}{jar:file:/home/runner/.m2/repository/org/apache/ozone/hdds-container-service/1.5.0-SNAPSHOT/hdds-container-service-1.5.0-SNAPSHOT.jar!/webapps/hddsDatanode}
2024-01-14 08:11:59,739 [ForkJoinPool.commonPool-worker-3] INFO  server.AbstractConnector (AbstractConnector.java:doStop(383)) - Stopped ServerConnector@4bc18798{HTTP/1.1, (http/1.1)}{0.0.0.0:15071}
2024-01-14 08:11:59,739 [ForkJoinPool.commonPool-worker-3] INFO  server.session (HouseKeeper.java:stopScavenging(149)) - node0 Stopped scavenging
2024-01-14 08:11:59,742 [ForkJoinPool.commonPool-worker-3] INFO  handler.ContextHandler (ContextHandler.java:doStop(1159)) - Stopped o.e.j.s.ServletContextHandler@21eed33d{static,/static,jar:file:/home/runner/.m2/repository/org/apache/ozone/hdds-container-service/1.5.0-SNAPSHOT/hdds-container-service-1.5.0-SNAPSHOT.jar!/webapps/static,STOPPED}
2024-01-14 08:11:59,742 [ForkJoinPool.commonPool-worker-1] INFO  server.AbstractConnector (AbstractConnector.java:doStop(383)) - Stopped ServerConnector@2ca86c9f{HTTP/1.1, (http/1.1)}{0.0.0.0:15089}
2024-01-14 08:11:59,742 [ForkJoinPool.commonPool-worker-1] INFO  server.session (HouseKeeper.java:stopScavenging(149)) - node0 Stopped scavenging
2024-01-14 08:11:59,744 [ForkJoinPool.commonPool-worker-3] INFO  handler.ContextHandler (ContextHandler.java:doStop(1159)) - Stopped o.e.j.s.ServletContextHandler@3a538cdd{logs,/logs,file:///home/runner/work/ozone/ozone/hadoop-ozone/integration-test/target/log,STOPPED}
2024-01-14 08:11:59,744 [ForkJoinPool.commonPool-worker-1] INFO  handler.ContextHandler (ContextHandler.java:doStop(1159)) - Stopped o.e.j.s.ServletContextHandler@648a7c42{static,/static,jar:file:/home/runner/.m2/repository/org/apache/ozone/hdds-container-service/1.5.0-SNAPSHOT/hdds-container-service-1.5.0-SNAPSHOT.jar!/webapps/static,STOPPED}
2024-01-14 08:11:59,744 [ForkJoinPool.commonPool-worker-1] INFO  handler.ContextHandler (ContextHandler.java:doStop(1159)) - Stopped o.e.j.s.ServletContextHandler@121392f4{logs,/logs,file:///home/runner/work/ozone/ozone/hadoop-ozone/integration-test/target/log,STOPPED}
2024-01-14 08:11:59,745 [ForkJoinPool.commonPool-worker-1] INFO  ozone.HddsDatanodeClientProtocolServer (HddsDatanodeClientProtocolServer.java:stop(78)) - Stopping the RPC server for Client Protocol
2024-01-14 08:11:59,745 [ForkJoinPool.commonPool-worker-3] INFO  ozone.HddsDatanodeClientProtocolServer (HddsDatanodeClientProtocolServer.java:stop(78)) - Stopping the RPC server for Client Protocol
2024-01-14 08:11:59,745 [ForkJoinPool.commonPool-worker-1] INFO  ipc.Server (Server.java:stop(3523)) - Stopping server on 15090
2024-01-14 08:11:59,746 [ForkJoinPool.commonPool-worker-3] INFO  ipc.Server (Server.java:stop(3523)) - Stopping server on 15072
2024-01-14 08:11:59,747 [IPC Server Responder] INFO  ipc.Server (Server.java:run(1567)) - Stopping IPC Server Responder
2024-01-14 08:11:59,747 [IPC Server listener on 15090] INFO  ipc.Server (Server.java:run(1434)) - Stopping IPC Server listener on 15090
2024-01-14 08:11:59,747 [IPC Server listener on 15072] INFO  ipc.Server (Server.java:run(1434)) - Stopping IPC Server listener on 15072
2024-01-14 08:11:59,747 [IPC Server Responder] INFO  ipc.Server (Server.java:run(1567)) - Stopping IPC Server Responder
2024-01-14 08:11:59,751 [ForkJoinPool.commonPool-worker-2] INFO  utils.DatanodeStoreCache (DatanodeStoreCache.java:shutdownCache(116)) - Skip clearing cache in mini cluster mode. Entries left: [/home/runner/work/ozone/ozone/hadoop-ozone/integration-test/target/test-dir/MiniOzoneClusterImpl-cd00605b-e4dc-4ea1-ab7e-d8be28c4d560/datanode-0/data-0/containers/hdds/cd00605b-e4dc-4ea1-ab7e-d8be28c4d560/DS-bd4c7ce1-9909-49a7-9ec6-73dacf7e0f13/container.db, /home/runner/work/ozone/ozone/hadoop-ozone/integration-test/target/test-dir/MiniOzoneClusterImpl-cd00605b-e4dc-4ea1-ab7e-d8be28c4d560/datanode-2/data-0/containers/hdds/cd00605b-e4dc-4ea1-ab7e-d8be28c4d560/DS-b04a42bd-1055-4537-916b-8666134c45b4/container.db]
2024-01-14 08:11:59,752 [ForkJoinPool.commonPool-worker-2] INFO  utils.DatanodeStoreCache (DatanodeStoreCache.java:removeDB(110)) - Removed db /home/runner/work/ozone/ozone/hadoop-ozone/integration-test/target/test-dir/MiniOzoneClusterImpl-cd00605b-e4dc-4ea1-ab7e-d8be28c4d560/datanode-0/data-0/containers/hdds/cd00605b-e4dc-4ea1-ab7e-d8be28c4d560/DS-bd4c7ce1-9909-49a7-9ec6-73dacf7e0f13/container.db from cache
2024-01-14 08:11:59,752 [ForkJoinPool.commonPool-worker-2] INFO  volume.HddsVolume (HddsVolume.java:closeDbStore(451)) - SchemaV3 db is stopped at /home/runner/work/ozone/ozone/hadoop-ozone/integration-test/target/test-dir/MiniOzoneClusterImpl-cd00605b-e4dc-4ea1-ab7e-d8be28c4d560/datanode-0/data-0/containers/hdds/cd00605b-e4dc-4ea1-ab7e-d8be28c4d560/DS-bd4c7ce1-9909-49a7-9ec6-73dacf7e0f13/container.db for volume DS-bd4c7ce1-9909-49a7-9ec6-73dacf7e0f13
2024-01-14 08:11:59,752 [main] INFO  utils.DatanodeStoreCache (DatanodeStoreCache.java:shutdownCache(116)) - Skip clearing cache in mini cluster mode. Entries left: [/home/runner/work/ozone/ozone/hadoop-ozone/integration-test/target/test-dir/MiniOzoneClusterImpl-cd00605b-e4dc-4ea1-ab7e-d8be28c4d560/datanode-2/data-0/containers/hdds/cd00605b-e4dc-4ea1-ab7e-d8be28c4d560/DS-b04a42bd-1055-4537-916b-8666134c45b4/container.db]
2024-01-14 08:11:59,752 [ForkJoinPool.commonPool-worker-2] INFO  utils.BackgroundService (BackgroundService.java:shutdown(160)) - Shutting down service BlockDeletingService
2024-01-14 08:11:59,753 [main] INFO  utils.DatanodeStoreCache (DatanodeStoreCache.java:removeDB(110)) - Removed db /home/runner/work/ozone/ozone/hadoop-ozone/integration-test/target/test-dir/MiniOzoneClusterImpl-cd00605b-e4dc-4ea1-ab7e-d8be28c4d560/datanode-2/data-0/containers/hdds/cd00605b-e4dc-4ea1-ab7e-d8be28c4d560/DS-b04a42bd-1055-4537-916b-8666134c45b4/container.db from cache
2024-01-14 08:11:59,753 [main] INFO  volume.HddsVolume (HddsVolume.java:closeDbStore(451)) - SchemaV3 db is stopped at /home/runner/work/ozone/ozone/hadoop-ozone/integration-test/target/test-dir/MiniOzoneClusterImpl-cd00605b-e4dc-4ea1-ab7e-d8be28c4d560/datanode-2/data-0/containers/hdds/cd00605b-e4dc-4ea1-ab7e-d8be28c4d560/DS-b04a42bd-1055-4537-916b-8666134c45b4/container.db for volume DS-b04a42bd-1055-4537-916b-8666134c45b4
2024-01-14 08:11:59,753 [ForkJoinPool.commonPool-worker-2] INFO  utils.BackgroundService (BackgroundService.java:shutdown(160)) - Shutting down service StaleRecoveringContainerScrubbingService
2024-01-14 08:11:59,753 [main] INFO  utils.BackgroundService (BackgroundService.java:shutdown(160)) - Shutting down service BlockDeletingService
2024-01-14 08:11:59,754 [main] INFO  utils.BackgroundService (BackgroundService.java:shutdown(160)) - Shutting down service StaleRecoveringContainerScrubbingService
2024-01-14 08:11:59,755 [ForkJoinPool.commonPool-worker-2] INFO  statemachine.DatanodeStateMachine (DatanodeStateMachine.java:stopDaemon(638)) - Ozone container server stopped.
2024-01-14 08:11:59,755 [main] INFO  statemachine.DatanodeStateMachine (DatanodeStateMachine.java:stopDaemon(638)) - Ozone container server stopped.
2024-01-14 08:11:59,756 [main] INFO  handler.ContextHandler (ContextHandler.java:doStop(1159)) - Stopped o.e.j.w.WebAppContext@ebd948d{hddsDatanode,/,null,STOPPED}{jar:file:/home/runner/.m2/repository/org/apache/ozone/hdds-container-service/1.5.0-SNAPSHOT/hdds-container-service-1.5.0-SNAPSHOT.jar!/webapps/hddsDatanode}
2024-01-14 08:11:59,756 [main] INFO  server.AbstractConnector (AbstractConnector.java:doStop(383)) - Stopped ServerConnector@7e1d3706{HTTP/1.1, (http/1.1)}{0.0.0.0:15080}
2024-01-14 08:11:59,757 [main] INFO  server.session (HouseKeeper.java:stopScavenging(149)) - node0 Stopped scavenging
2024-01-14 08:11:59,757 [main] INFO  handler.ContextHandler (ContextHandler.java:doStop(1159)) - Stopped o.e.j.s.ServletContextHandler@1bad0648{static,/static,jar:file:/home/runner/.m2/repository/org/apache/ozone/hdds-container-service/1.5.0-SNAPSHOT/hdds-container-service-1.5.0-SNAPSHOT.jar!/webapps/static,STOPPED}
2024-01-14 08:11:59,757 [main] INFO  handler.ContextHandler (ContextHandler.java:doStop(1159)) - Stopped o.e.j.s.ServletContextHandler@67be4ad3{logs,/logs,file:///home/runner/work/ozone/ozone/hadoop-ozone/integration-test/target/log,STOPPED}
2024-01-14 08:11:59,758 [main] INFO  ozone.HddsDatanodeClientProtocolServer (HddsDatanodeClientProtocolServer.java:stop(78)) - Stopping the RPC server for Client Protocol
2024-01-14 08:11:59,758 [main] INFO  ipc.Server (Server.java:stop(3523)) - Stopping server on 15081
2024-01-14 08:11:59,764 [IPC Server listener on 15081] INFO  ipc.Server (Server.java:run(1434)) - Stopping IPC Server listener on 15081
2024-01-14 08:11:59,764 [ForkJoinPool.commonPool-worker-2] INFO  handler.ContextHandler (ContextHandler.java:doStop(1159)) - Stopped o.e.j.w.WebAppContext@a468ed8{hddsDatanode,/,null,STOPPED}{jar:file:/home/runner/.m2/repository/org/apache/ozone/hdds-container-service/1.5.0-SNAPSHOT/hdds-container-service-1.5.0-SNAPSHOT.jar!/webapps/hddsDatanode}
2024-01-14 08:11:59,765 [IPC Server Responder] INFO  ipc.Server (Server.java:run(1567)) - Stopping IPC Server Responder
2024-01-14 08:11:59,765 [ForkJoinPool.commonPool-worker-2] INFO  server.AbstractConnector (AbstractConnector.java:doStop(383)) - Stopped ServerConnector@102e05ab{HTTP/1.1, (http/1.1)}{0.0.0.0:15062}
2024-01-14 08:11:59,765 [ForkJoinPool.commonPool-worker-2] INFO  server.session (HouseKeeper.java:stopScavenging(149)) - node0 Stopped scavenging
2024-01-14 08:11:59,765 [ForkJoinPool.commonPool-worker-2] INFO  handler.ContextHandler (ContextHandler.java:doStop(1159)) - Stopped o.e.j.s.ServletContextHandler@510dfa52{static,/static,jar:file:/home/runner/.m2/repository/org/apache/ozone/hdds-container-service/1.5.0-SNAPSHOT/hdds-container-service-1.5.0-SNAPSHOT.jar!/webapps/static,STOPPED}
2024-01-14 08:11:59,766 [ForkJoinPool.commonPool-worker-2] INFO  handler.ContextHandler (ContextHandler.java:doStop(1159)) - Stopped o.e.j.s.ServletContextHandler@42d7ffe5{logs,/logs,file:///home/runner/work/ozone/ozone/hadoop-ozone/integration-test/target/log,STOPPED}
2024-01-14 08:11:59,766 [ForkJoinPool.commonPool-worker-2] INFO  ozone.HddsDatanodeClientProtocolServer (HddsDatanodeClientProtocolServer.java:stop(78)) - Stopping the RPC server for Client Protocol
2024-01-14 08:11:59,767 [ForkJoinPool.commonPool-worker-2] INFO  ipc.Server (Server.java:stop(3523)) - Stopping server on 15063
2024-01-14 08:11:59,767 [IPC Server listener on 15063] INFO  ipc.Server (Server.java:run(1434)) - Stopping IPC Server listener on 15063
2024-01-14 08:11:59,767 [IPC Server Responder] INFO  ipc.Server (Server.java:run(1567)) - Stopping IPC Server Responder
2024-01-14 08:11:59,768 [main] INFO  ozone.MiniOzoneClusterImpl (MiniOzoneClusterImpl.java:stopSCM(550)) - Stopping the StorageContainerManager
2024-01-14 08:11:59,769 [main] INFO  server.StorageContainerManager (StorageContainerManager.java:stop(1654)) - Container Balancer is not running.
2024-01-14 08:11:59,769 [main] INFO  server.StorageContainerManager (StorageContainerManager.java:stopReplicationManager(1787)) - Stopping Replication Manager Service.
2024-01-14 08:11:59,769 [main] INFO  replication.ReplicationManager (ReplicationManager.java:stop(326)) - Stopping Replication Monitor Thread.
2024-01-14 08:11:59,769 [UnderReplicatedProcessor] WARN  replication.UnhealthyReplicationProcessor (UnhealthyReplicationProcessor.java:run(180)) - UnderReplicatedProcessor interrupted. Exiting...
2024-01-14 08:11:59,769 [main] INFO  server.StorageContainerManager (StorageContainerManager.java:stop(1663)) - Stopping the Datanode Admin Monitor.
2024-01-14 08:11:59,769 [ReplicationMonitor] INFO  replication.ReplicationManager (ReplicationManager.java:run(933)) - Replication Monitor Thread is stopped
2024-01-14 08:11:59,769 [main] INFO  server.StorageContainerManager (StorageContainerManager.java:stop(1670)) - Stopping datanode service RPC server
2024-01-14 08:11:59,770 [main] INFO  server.SCMDatanodeProtocolServer (SCMDatanodeProtocolServer.java:stop(425)) - Stopping the RPC server for DataNodes
2024-01-14 08:11:59,770 [main] INFO  ipc.Server (Server.java:stop(3523)) - Stopping server on 15055
2024-01-14 08:11:59,769 [OverReplicatedProcessor] WARN  replication.UnhealthyReplicationProcessor (UnhealthyReplicationProcessor.java:run(180)) - OverReplicatedProcessor interrupted. Exiting...
2024-01-14 08:11:59,774 [IPC Server listener on 15055] INFO  ipc.Server (Server.java:run(1434)) - Stopping IPC Server listener on 15055
2024-01-14 08:11:59,774 [IPC Server Responder] INFO  ipc.Server (Server.java:run(1567)) - Stopping IPC Server Responder
2024-01-14 08:11:59,823 [SCMHeartbeatProcessor-0] WARN  node.NodeStateManager (NodeStateManager.java:scheduleNextHealthCheck(878)) - Current Thread is interrupted, shutting down HB processing thread for Node Manager.
2024-01-14 08:11:59,823 [main] INFO  server.StorageContainerManager (StorageContainerManager.java:stop(1678)) - Stopping block service RPC server
2024-01-14 08:11:59,823 [main] INFO  server.SCMBlockProtocolServer (SCMBlockProtocolServer.java:stop(169)) - Stopping the RPC server for Block Protocol
2024-01-14 08:11:59,823 [main] INFO  ipc.Server (Server.java:stop(3523)) - Stopping server on 15054
2024-01-14 08:11:59,828 [IPC Server listener on 15054] INFO  ipc.Server (Server.java:run(1434)) - Stopping IPC Server listener on 15054
2024-01-14 08:11:59,829 [IPC Server Responder] INFO  ipc.Server (Server.java:run(1567)) - Stopping IPC Server Responder
2024-01-14 08:11:59,829 [main] INFO  server.StorageContainerManager (StorageContainerManager.java:stop(1685)) - Stopping the StorageContainerLocationProtocol RPC server
2024-01-14 08:11:59,829 [main] INFO  server.SCMClientProtocolServer (SCMClientProtocolServer.java:stop(211)) - Stopping the RPC server for Client Protocol
2024-01-14 08:11:59,830 [main] INFO  ipc.Server (Server.java:stop(3523)) - Stopping server on 15053
2024-01-14 08:11:59,833 [IPC Server Responder] INFO  ipc.Server (Server.java:run(1567)) - Stopping IPC Server Responder
2024-01-14 08:11:59,833 [IPC Server listener on 15053] INFO  ipc.Server (Server.java:run(1434)) - Stopping IPC Server listener on 15053
2024-01-14 08:11:59,833 [main] INFO  server.StorageContainerManager (StorageContainerManager.java:stop(1692)) - Stopping Storage Container Manager HTTP server.
2024-01-14 08:11:59,836 [main] INFO  handler.ContextHandler (ContextHandler.java:doStop(1159)) - Stopped o.e.j.w.WebAppContext@645342c{scm,/,null,STOPPED}{file:/home/runner/work/ozone/ozone/hadoop-ozone/integration-test/target/test-classes/webapps/scm}
2024-01-14 08:11:59,837 [main] INFO  server.AbstractConnector (AbstractConnector.java:doStop(383)) - Stopped ServerConnector@39726f8e{HTTP/1.1, (http/1.1)}{0.0.0.0:15056}
2024-01-14 08:11:59,837 [main] INFO  server.session (HouseKeeper.java:stopScavenging(149)) - node0 Stopped scavenging
2024-01-14 08:11:59,838 [main] INFO  handler.ContextHandler (ContextHandler.java:doStop(1159)) - Stopped o.e.j.s.ServletContextHandler@d9cbed9{static,/static,file:///home/runner/work/ozone/ozone/hadoop-ozone/integration-test/target/test-classes/webapps/static,STOPPED}
2024-01-14 08:11:59,838 [main] INFO  handler.ContextHandler (ContextHandler.java:doStop(1159)) - Stopped o.e.j.s.ServletContextHandler@5d2a5cf0{logs,/logs,file:///home/runner/work/ozone/ozone/hadoop-ozone/integration-test/target/log,STOPPED}
2024-01-14 08:11:59,839 [main] INFO  server.StorageContainerManager (StorageContainerManager.java:stop(1700)) - Stopping SCM LayoutVersionManager Service.
2024-01-14 08:11:59,839 [main] INFO  server.StorageContainerManager (StorageContainerManager.java:stop(1712)) - Stopping Block Manager Service.
2024-01-14 08:11:59,839 [main] INFO  utils.BackgroundService (BackgroundService.java:shutdown(160)) - Shutting down service SCMBlockDeletingService
2024-01-14 08:11:59,839 [main] INFO  utils.BackgroundService (BackgroundService.java:shutdown(160)) - Shutting down service SCMBlockDeletingService
2024-01-14 08:11:59,839 [main] INFO  server.StorageContainerManager (StorageContainerManager.java:stop(1732)) - Stopping SCM Event Queue.
2024-01-14 08:11:59,840 [JvmPauseMonitor7] INFO  util.JvmPauseMonitor (JvmPauseMonitor.java:run(152)) - JvmPauseMonitor-2fe48460-7452-4acc-8796-72383a6e0b08: Stopped
2024-01-14 08:11:59,840 [main] INFO  server.StorageContainerManager (StorageContainerManager.java:stop(1743)) - Stopping SCM HA services.
2024-01-14 08:11:59,841 [main] INFO  pipeline.BackgroundPipelineCreator (BackgroundPipelineCreator.java:stop(152)) - Stopping RatisPipelineUtilsThread.
2024-01-14 08:11:59,841 [RatisPipelineUtilsThread-0] WARN  pipeline.BackgroundPipelineCreator (BackgroundPipelineCreator.java:run(183)) - RatisPipelineUtilsThread is interrupted.
2024-01-14 08:11:59,841 [main] INFO  BackgroundPipelineScrubber (BackgroundSCMService.java:stop(131)) - Stopping BackgroundPipelineScrubber Service.
2024-01-14 08:11:59,841 [BackgroundPipelineScrubber] WARN  BackgroundPipelineScrubber (BackgroundSCMService.java:run(115)) - BackgroundPipelineScrubber is interrupted, exit
2024-01-14 08:11:59,841 [main] INFO  impl.MetricsSystemImpl (MetricsSystemImpl.java:stop(210)) - Stopping HddsDatanode metrics system...
2024-01-14 08:11:59,842 [prometheus] INFO  impl.MetricsSinkAdapter (MetricsSinkAdapter.java:publishMetricsFromQueue(141)) - prometheus thread interrupted.
2024-01-14 08:11:59,843 [main] INFO  impl.MetricsSystemImpl (MetricsSystemImpl.java:stop(216)) - HddsDatanode metrics system stopped.
2024-01-14 08:11:59,843 [main] WARN  pipeline.BackgroundPipelineCreator (BackgroundPipelineCreator.java:stop(148)) - RatisPipelineUtilsThread is not running, just ignore.
2024-01-14 08:11:59,843 [main] INFO  BackgroundPipelineScrubber (BackgroundSCMService.java:stop(126)) - BackgroundPipelineScrubber Service is not running, skip stop.
2024-01-14 08:11:59,843 [main] INFO  ExpiredContainerReplicaOpScrubber (BackgroundSCMService.java:stop(131)) - Stopping ExpiredContainerReplicaOpScrubber Service.
2024-01-14 08:11:59,843 [ExpiredContainerReplicaOpScrubber] WARN  ExpiredContainerReplicaOpScrubber (BackgroundSCMService.java:run(115)) - ExpiredContainerReplicaOpScrubber is interrupted, exit
2024-01-14 08:11:59,843 [main] INFO  utils.BackgroundService (BackgroundService.java:shutdown(160)) - Shutting down service SCMBlockDeletingService
2024-01-14 08:11:59,844 [main] INFO  replication.ReplicationManager (ReplicationManager.java:stop(336)) - Replication Monitor Thread is not running.
2024-01-14 08:11:59,844 [main] WARN  balancer.ContainerBalancer (ContainerBalancer.java:stop(327)) - Cannot stop Container Balancer because it's not running or stopping
2024-01-14 08:11:59,844 [main] INFO  server.StorageContainerManager (StorageContainerManager.java:stop(1778)) - Stopping SCM MetadataStore.
]]></system-out>
  </testcase>
</testsuite>