<?xml version="1.0" encoding="UTF-8"?>
<testsuite xmlns:xsi="http://www.w3.org/2001/XMLSchema-instance" xsi:noNamespaceSchemaLocation="https://maven.apache.org/surefire/maven-surefire-plugin/xsd/surefire-test-report-3.0.xsd" version="3.0" name="org.apache.hadoop.fs.ozone.TestRootedDDSWithFSO" time="27.23" tests="1" errors="1" skipped="0" failures="0">
  <properties>
    <property name="awt.toolkit" value="sun.awt.X11.XToolkit"/>
    <property name="file.encoding.pkg" value="sun.io"/>
    <property name="java.specification.version" value="1.8"/>
    <property name="sun.cpu.isalist" value=""/>
    <property name="sun.jnu.encoding" value="UTF-8"/>
    <property name="java.class.path" value="/home/runner/work/ozone/ozone/hadoop-ozone/integration-test/target/test-classes:/home/runner/work/ozone/ozone/hadoop-ozone/integration-test/target/classes:/home/runner/.m2/repository/org/apache/ozone/ozone-common/1.4.0-SNAPSHOT/ozone-common-1.4.0-SNAPSHOT.jar:/home/runner/.m2/repository/io/grpc/grpc-netty/1.51.1/grpc-netty-1.51.1.jar:/home/runner/.m2/repository/io/grpc/grpc-core/1.51.1/grpc-core-1.51.1.jar:/home/runner/.m2/repository/com/google/android/annotations/4.1.1.4/annotations-4.1.1.4.jar:/home/runner/.m2/repository/org/codehaus/mojo/animal-sniffer-annotations/1.21/animal-sniffer-annotations-1.21.jar:/home/runner/.m2/repository/com/google/errorprone/error_prone_annotations/2.2.0/error_prone_annotations-2.2.0.jar:/home/runner/.m2/repository/io/perfmark/perfmark-api/0.25.0/perfmark-api-0.25.0.jar:/home/runner/.m2/repository/io/netty/netty-codec-http2/4.1.86.Final/netty-codec-http2-4.1.86.Final.jar:/home/runner/.m2/repository/io/netty/netty-common/4.1.86.Final/netty-common-4.1.86.Final.jar:/home/runner/.m2/repository/io/netty/netty-buffer/4.1.86.Final/netty-buffer-4.1.86.Final.jar:/home/runner/.m2/repository/io/netty/netty-codec-http/4.1.86.Final/netty-codec-http-4.1.86.Final.jar:/home/runner/.m2/repository/io/netty/netty-handler-proxy/4.1.86.Final/netty-handler-proxy-4.1.86.Final.jar:/home/runner/.m2/repository/io/netty/netty-codec-socks/4.1.86.Final/netty-codec-socks-4.1.86.Final.jar:/home/runner/.m2/repository/io/netty/netty-tcnative-boringssl-static/2.0.54.Final/netty-tcnative-boringssl-static-2.0.54.Final.jar:/home/runner/.m2/repository/io/netty/netty-tcnative-classes/2.0.54.Final/netty-tcnative-classes-2.0.54.Final.jar:/home/runner/.m2/repository/io/netty/netty-tcnative-boringssl-static/2.0.54.Final/netty-tcnative-boringssl-static-2.0.54.Final-linux-x86_64.jar:/home/runner/.m2/repository/io/netty/netty-tcnative-boringssl-static/2.0.54.Final/netty-tcnative-boringssl-static-2.0.54.Final-linux-aarch_64.jar:/home/runner/.m2/repository/io/netty/netty-tcnative-boringssl-static/2.0.54.Final/netty-tcnative-boringssl-static-2.0.54.Final-osx-x86_64.jar:/home/runner/.m2/repository/io/netty/netty-tcnative-boringssl-static/2.0.54.Final/netty-tcnative-boringssl-static-2.0.54.Final-osx-aarch_64.jar:/home/runner/.m2/repository/io/netty/netty-tcnative-boringssl-static/2.0.54.Final/netty-tcnative-boringssl-static-2.0.54.Final-windows-x86_64.jar:/home/runner/.m2/repository/org/apache/commons/commons-compress/1.21/commons-compress-1.21.jar:/home/runner/.m2/repository/org/apache/ozone/hdds-common/1.4.0-SNAPSHOT/hdds-common-1.4.0-SNAPSHOT.jar:/home/runner/.m2/repository/org/apache/ozone/hdds-client/1.4.0-SNAPSHOT/hdds-client-1.4.0-SNAPSHOT.jar:/home/runner/.m2/repository/org/apache/ozone/ozone-interface-client/1.4.0-SNAPSHOT/ozone-interface-client-1.4.0-SNAPSHOT.jar:/home/runner/.m2/repository/org/apache/hadoop/hadoop-hdfs-client/3.3.5/hadoop-hdfs-client-3.3.5.jar:/home/runner/.m2/repository/com/squareup/okhttp3/okhttp/4.9.3/okhttp-4.9.3.jar:/home/runner/.m2/repository/com/squareup/okio/okio/2.8.0/okio-2.8.0.jar:/home/runner/.m2/repository/org/jetbrains/kotlin/kotlin-stdlib-common/1.6.21/kotlin-stdlib-common-1.6.21.jar:/home/runner/.m2/repository/org/apache/ozone/hdds-test-utils/1.4.0-SNAPSHOT/hdds-test-utils-1.4.0-SNAPSHOT.jar:/home/runner/.m2/repository/com/google/guava/guava/31.1-jre/guava-31.1-jre.jar:/home/runner/.m2/repository/com/google/guava/failureaccess/1.0.1/failureaccess-1.0.1.jar:/home/runner/.m2/repository/com/google/guava/listenablefuture/9999.0-empty-to-avoid-conflict-with-guava/listenablefuture-9999.0-empty-to-avoid-conflict-with-guava.jar:/home/runner/.m2/repository/com/google/code/findbugs/jsr305/3.0.0/jsr305-3.0.0.jar:/home/runner/.m2/repository/org/checkerframework/checker-qual/3.12.0/checker-qual-3.12.0.jar:/home/runner/.m2/repository/com/google/j2objc/j2objc-annotations/1.3/j2objc-annotations-1.3.jar:/home/runner/.m2/repository/commons-io/commons-io/2.11.0/commons-io-2.11.0.jar:/home/runner/.m2/repository/commons-logging/commons-logging/1.2/commons-logging-1.2.jar:/home/runner/.m2/repository/ch/qos/reload4j/reload4j/1.2.22/reload4j-1.2.22.jar:/home/runner/.m2/repository/org/slf4j/slf4j-api/1.7.36/slf4j-api-1.7.36.jar:/home/runner/.m2/repository/org/apache/ozone/hdds-server-scm/1.4.0-SNAPSHOT/hdds-server-scm-1.4.0-SNAPSHOT.jar:/home/runner/.m2/repository/org/apache/ozone/hdds-container-service/1.4.0-SNAPSHOT/hdds-container-service-1.4.0-SNAPSHOT.jar:/home/runner/.m2/repository/org/apache/ozone/hdds-hadoop-dependency-server/1.4.0-SNAPSHOT/hdds-hadoop-dependency-server-1.4.0-SNAPSHOT.jar:/home/runner/.m2/repository/org/apache/hadoop/hadoop-hdfs/3.3.5/hadoop-hdfs-3.3.5.jar:/home/runner/.m2/repository/commons-daemon/commons-daemon/1.0.13/commons-daemon-1.0.13.jar:/home/runner/.m2/repository/org/apache/ozone/hdds-server-framework/1.4.0-SNAPSHOT/hdds-server-framework-1.4.0-SNAPSHOT.jar:/home/runner/.m2/repository/io/dropwizard/metrics/metrics-core/3.2.4/metrics-core-3.2.4.jar:/home/runner/.m2/repository/org/apache/commons/commons-text/1.4/commons-text-1.4.jar:/home/runner/.m2/repository/org/bouncycastle/bcprov-jdk15on/1.67/bcprov-jdk15on-1.67.jar:/home/runner/.m2/repository/com/google/protobuf/protobuf-java/2.5.0/protobuf-java-2.5.0.jar:/home/runner/.m2/repository/org/apache/ozone/hdds-server-framework/1.4.0-SNAPSHOT/hdds-server-framework-1.4.0-SNAPSHOT-tests.jar:/home/runner/.m2/repository/org/apache/ozone/hdds-interface-server/1.4.0-SNAPSHOT/hdds-interface-server-1.4.0-SNAPSHOT.jar:/home/runner/.m2/repository/org/apache/ozone/hdds-interface-admin/1.4.0-SNAPSHOT/hdds-interface-admin-1.4.0-SNAPSHOT.jar:/home/runner/.m2/repository/org/apache/ozone/hdds-managed-rocksdb/1.4.0-SNAPSHOT/hdds-managed-rocksdb-1.4.0-SNAPSHOT.jar:/home/runner/.m2/repository/org/rocksdb/rocksdbjni/7.7.3/rocksdbjni-7.7.3.jar:/home/runner/.m2/repository/org/slf4j/slf4j-reload4j/1.7.36/slf4j-reload4j-1.7.36.jar:/home/runner/.m2/repository/org/apache/commons/commons-configuration2/2.1.1/commons-configuration2-2.1.1.jar:/home/runner/.m2/repository/org/apache/logging/log4j/log4j-core/2.17.1/log4j-core-2.17.1.jar:/home/runner/.m2/repository/com/lmax/disruptor/3.4.2/disruptor-3.4.2.jar:/home/runner/.m2/repository/org/eclipse/jetty/jetty-util/9.4.51.v20230217/jetty-util-9.4.51.v20230217.jar:/home/runner/.m2/repository/org/eclipse/jetty/jetty-server/9.4.51.v20230217/jetty-server-9.4.51.v20230217.jar:/home/runner/.m2/repository/org/eclipse/jetty/jetty-http/9.4.51.v20230217/jetty-http-9.4.51.v20230217.jar:/home/runner/.m2/repository/org/eclipse/jetty/jetty-io/9.4.51.v20230217/jetty-io-9.4.51.v20230217.jar:/home/runner/.m2/repository/org/eclipse/jetty/jetty-servlet/9.4.51.v20230217/jetty-servlet-9.4.51.v20230217.jar:/home/runner/.m2/repository/org/eclipse/jetty/jetty-security/9.4.51.v20230217/jetty-security-9.4.51.v20230217.jar:/home/runner/.m2/repository/org/eclipse/jetty/jetty-util-ajax/9.4.51.v20230217/jetty-util-ajax-9.4.51.v20230217.jar:/home/runner/.m2/repository/org/eclipse/jetty/jetty-webapp/9.4.51.v20230217/jetty-webapp-9.4.51.v20230217.jar:/home/runner/.m2/repository/org/eclipse/jetty/jetty-xml/9.4.51.v20230217/jetty-xml-9.4.51.v20230217.jar:/home/runner/.m2/repository/org/apache/ratis/ratis-server/2.5.1/ratis-server-2.5.1.jar:/home/runner/.m2/repository/org/apache/ratis/ratis-thirdparty-misc/1.0.4/ratis-thirdparty-misc-1.0.4.jar:/home/runner/.m2/repository/org/apache/ratis/ratis-proto/2.5.1/ratis-proto-2.5.1.jar:/home/runner/.m2/repository/org/apache/ratis/ratis-common/2.5.1/ratis-common-2.5.1.jar:/home/runner/.m2/repository/org/apache/ratis/ratis-client/2.5.1/ratis-client-2.5.1.jar:/home/runner/.m2/repository/org/apache/ratis/ratis-server-api/2.5.1/ratis-server-api-2.5.1.jar:/home/runner/.m2/repository/org/apache/ratis/ratis-metrics/2.5.1/ratis-metrics-2.5.1.jar:/home/runner/.m2/repository/io/prometheus/simpleclient_dropwizard/0.7.0/simpleclient_dropwizard-0.7.0.jar:/home/runner/.m2/repository/io/prometheus/simpleclient/0.7.0/simpleclient-0.7.0.jar:/home/runner/.m2/repository/io/prometheus/simpleclient_common/0.7.0/simpleclient_common-0.7.0.jar:/home/runner/.m2/repository/com/fasterxml/jackson/datatype/jackson-datatype-jsr310/2.13.4/jackson-datatype-jsr310-2.13.4.jar:/home/runner/.m2/repository/com/fasterxml/jackson/core/jackson-core/2.13.4/jackson-core-2.13.4.jar:/home/runner/.m2/repository/com/github/spotbugs/spotbugs-annotations/3.1.12/spotbugs-annotations-3.1.12.jar:/home/runner/.m2/repository/org/apache/ozone/rocksdb-checkpoint-differ/1.4.0-SNAPSHOT/rocksdb-checkpoint-differ-1.4.0-SNAPSHOT.jar:/home/runner/.m2/repository/org/awaitility/awaitility/4.2.0/awaitility-4.2.0.jar:/home/runner/.m2/repository/org/hamcrest/hamcrest/2.1/hamcrest-2.1.jar:/home/runner/.m2/repository/org/apache/ozone/ozone-manager/1.4.0-SNAPSHOT/ozone-manager-1.4.0-SNAPSHOT.jar:/home/runner/.m2/repository/org/aspectj/aspectjrt/1.9.7/aspectjrt-1.9.7.jar:/home/runner/.m2/repository/org/aspectj/aspectjweaver/1.9.7/aspectjweaver-1.9.7.jar:/home/runner/.m2/repository/org/apache/ozone/hdds-interface-client/1.4.0-SNAPSHOT/hdds-interface-client-1.4.0-SNAPSHOT.jar:/home/runner/.m2/repository/org/apache/hadoop/thirdparty/hadoop-shaded-protobuf_3_7/1.1.1/hadoop-shaded-protobuf_3_7-1.1.1.jar:/home/runner/.m2/repository/org/apache/ozone/ozone-interface-storage/1.4.0-SNAPSHOT/ozone-interface-storage-1.4.0-SNAPSHOT.jar:/home/runner/.m2/repository/org/reflections/reflections/0.9.11/reflections-0.9.11.jar:/home/runner/.m2/repository/com/sun/jersey/jersey-client/1.19/jersey-client-1.19.jar:/home/runner/.m2/repository/org/codehaus/jackson/jackson-core-asl/1.9.13/jackson-core-asl-1.9.13.jar:/home/runner/.m2/repository/org/codehaus/jackson/jackson-mapper-asl/1.9.13/jackson-mapper-asl-1.9.13.jar:/home/runner/.m2/repository/org/codehaus/jackson/jackson-jaxrs/1.9.13/jackson-jaxrs-1.9.13.jar:/home/runner/.m2/repository/org/apache/ranger/ranger-intg/2.3.0/ranger-intg-2.3.0.jar:/home/runner/.m2/repository/org/apache/ranger/ranger-plugins-common/2.3.0/ranger-plugins-common-2.3.0.jar:/home/runner/.m2/repository/commons-lang/commons-lang/2.6/commons-lang-2.6.jar:/home/runner/.m2/repository/org/apache/ranger/ranger-plugins-cred/2.3.0/ranger-plugins-cred-2.3.0.jar:/home/runner/.m2/repository/org/apache/ranger/ranger-plugins-audit/2.3.0/ranger-plugins-audit-2.3.0.jar:/home/runner/.m2/repository/org/eclipse/jetty/jetty-client/9.4.51.v20230217/jetty-client-9.4.51.v20230217.jar:/home/runner/.m2/repository/org/apache/httpcomponents/httpmime/4.5.6/httpmime-4.5.6.jar:/home/runner/.m2/repository/org/apache/httpcomponents/httpcore-nio/4.4.13/httpcore-nio-4.4.13.jar:/home/runner/.m2/repository/org/apache/httpcomponents/httpasyncclient/4.1.3/httpasyncclient-4.1.3.jar:/home/runner/.m2/repository/com/carrotsearch/hppc/0.8.0/hppc-0.8.0.jar:/home/runner/.m2/repository/org/apache/orc/orc-core/1.5.8/orc-core-1.5.8.jar:/home/runner/.m2/repository/net/java/dev/jna/jna/5.2.0/jna-5.2.0.jar:/home/runner/.m2/repository/net/java/dev/jna/jna-platform/5.2.0/jna-platform-5.2.0.jar:/home/runner/.m2/repository/com/kstruct/gethostname4j/0.0.2/gethostname4j-0.0.2.jar:/home/runner/.m2/repository/org/apache/ranger/ranger-plugin-classloader/2.3.0/ranger-plugin-classloader-2.3.0.jar:/home/runner/.m2/repository/org/apache/ozone/hdds-rocks-native/1.4.0-SNAPSHOT/hdds-rocks-native-1.4.0-SNAPSHOT.jar:/home/runner/.m2/repository/org/apache/hadoop/hadoop-minikdc/3.3.5/hadoop-minikdc-3.3.5.jar:/home/runner/.m2/repository/org/apache/kerby/kerb-simplekdc/1.0.1/kerb-simplekdc-1.0.1.jar:/home/runner/.m2/repository/org/apache/kerby/kerb-client/1.0.1/kerb-client-1.0.1.jar:/home/runner/.m2/repository/org/apache/kerby/kerby-config/1.0.1/kerby-config-1.0.1.jar:/home/runner/.m2/repository/org/apache/kerby/kerb-common/1.0.1/kerb-common-1.0.1.jar:/home/runner/.m2/repository/org/apache/kerby/kerb-crypto/1.0.1/kerb-crypto-1.0.1.jar:/home/runner/.m2/repository/org/apache/kerby/kerb-util/1.0.1/kerb-util-1.0.1.jar:/home/runner/.m2/repository/org/apache/kerby/token-provider/1.0.1/token-provider-1.0.1.jar:/home/runner/.m2/repository/org/apache/kerby/kerb-admin/1.0.1/kerb-admin-1.0.1.jar:/home/runner/.m2/repository/org/apache/kerby/kerb-server/1.0.1/kerb-server-1.0.1.jar:/home/runner/.m2/repository/org/apache/kerby/kerb-identity/1.0.1/kerb-identity-1.0.1.jar:/home/runner/.m2/repository/org/apache/kerby/kerby-xdr/1.0.1/kerby-xdr-1.0.1.jar:/home/runner/.m2/repository/org/apache/ozone/ozone-s3gateway/1.4.0-SNAPSHOT/ozone-s3gateway-1.4.0-SNAPSHOT.jar:/home/runner/.m2/repository/org/javassist/javassist/3.21.0-GA/javassist-3.21.0-GA.jar:/home/runner/.m2/repository/org/jboss/weld/servlet/weld-servlet-shaded/3.1.9.Final/weld-servlet-shaded-3.1.9.Final.jar:/home/runner/.m2/repository/org/glassfish/jersey/containers/jersey-container-servlet-core/2.34/jersey-container-servlet-core-2.34.jar:/home/runner/.m2/repository/org/glassfish/hk2/external/jakarta.inject/2.6.1/jakarta.inject-2.6.1.jar:/home/runner/.m2/repository/org/glassfish/jersey/core/jersey-common/2.34/jersey-common-2.34.jar:/home/runner/.m2/repository/jakarta/ws/rs/jakarta.ws.rs-api/2.1.6/jakarta.ws.rs-api-2.1.6.jar:/home/runner/.m2/repository/org/glassfish/jersey/ext/cdi/jersey-cdi1x/2.34/jersey-cdi1x-2.34.jar:/home/runner/.m2/repository/org/glassfish/jersey/inject/jersey-hk2/2.34/jersey-hk2-2.34.jar:/home/runner/.m2/repository/org/glassfish/hk2/hk2-locator/2.6.1/hk2-locator-2.6.1.jar:/home/runner/.m2/repository/org/glassfish/jersey/media/jersey-media-jaxb/2.34/jersey-media-jaxb-2.34.jar:/home/runner/.m2/repository/org/glassfish/hk2/osgi-resource-locator/1.0.3/osgi-resource-locator-1.0.3.jar:/home/runner/.m2/repository/org/glassfish/hk2/hk2-api/2.5.0/hk2-api-2.5.0.jar:/home/runner/.m2/repository/org/glassfish/hk2/hk2-utils/2.5.0/hk2-utils-2.5.0.jar:/home/runner/.m2/repository/org/glassfish/hk2/external/aopalliance-repackaged/2.5.0/aopalliance-repackaged-2.5.0.jar:/home/runner/.m2/repository/com/fasterxml/jackson/dataformat/jackson-dataformat-xml/2.13.4/jackson-dataformat-xml-2.13.4.jar:/home/runner/.m2/repository/org/codehaus/woodstox/stax2-api/4.2.1/stax2-api-4.2.1.jar:/home/runner/.m2/repository/com/fasterxml/woodstox/woodstox-core/5.4.0/woodstox-core-5.4.0.jar:/home/runner/.m2/repository/com/fasterxml/jackson/module/jackson-module-jaxb-annotations/2.13.4/jackson-module-jaxb-annotations-2.13.4.jar:/home/runner/.m2/repository/jakarta/xml/bind/jakarta.xml.bind-api/2.3.3/jakarta.xml.bind-api-2.3.3.jar:/home/runner/.m2/repository/jakarta/activation/jakarta.activation-api/1.2.2/jakarta.activation-api-1.2.2.jar:/home/runner/.m2/repository/javax/enterprise/cdi-api/2.0/cdi-api-2.0.jar:/home/runner/.m2/repository/javax/el/javax.el-api/3.0.0/javax.el-api-3.0.0.jar:/home/runner/.m2/repository/javax/interceptor/javax.interceptor-api/1.2/javax.interceptor-api-1.2.jar:/home/runner/.m2/repository/javax/inject/javax.inject/1/javax.inject-1.jar:/home/runner/.m2/repository/javax/xml/bind/jaxb-api/2.3.0/jaxb-api-2.3.0.jar:/home/runner/.m2/repository/org/glassfish/jaxb/jaxb-runtime/2.3.0.1/jaxb-runtime-2.3.0.1.jar:/home/runner/.m2/repository/org/glassfish/jaxb/jaxb-core/2.3.0.1/jaxb-core-2.3.0.1.jar:/home/runner/.m2/repository/org/glassfish/jaxb/txw2/2.3.0.1/txw2-2.3.0.1.jar:/home/runner/.m2/repository/com/sun/istack/istack-commons-runtime/3.0.5/istack-commons-runtime-3.0.5.jar:/home/runner/.m2/repository/org/jvnet/staxex/stax-ex/1.7.8/stax-ex-1.7.8.jar:/home/runner/.m2/repository/com/sun/xml/fastinfoset/FastInfoset/1.2.13/FastInfoset-1.2.13.jar:/home/runner/.m2/repository/javax/activation/activation/1.1.1/activation-1.1.1.jar:/home/runner/.m2/repository/io/grpc/grpc-protobuf/1.51.1/grpc-protobuf-1.51.1.jar:/home/runner/.m2/repository/com/google/api/grpc/proto-google-common-protos/2.9.0/proto-google-common-protos-2.9.0.jar:/home/runner/.m2/repository/io/grpc/grpc-protobuf-lite/1.51.1/grpc-protobuf-lite-1.51.1.jar:/home/runner/.m2/repository/io/grpc/grpc-stub/1.51.1/grpc-stub-1.51.1.jar:/home/runner/.m2/repository/io/netty/netty-transport/4.1.86.Final/netty-transport-4.1.86.Final.jar:/home/runner/.m2/repository/io/netty/netty-resolver/4.1.86.Final/netty-resolver-4.1.86.Final.jar:/home/runner/.m2/repository/org/apache/ozone/ozone-csi/1.4.0-SNAPSHOT/ozone-csi-1.4.0-SNAPSHOT.jar:/home/runner/.m2/repository/com/google/protobuf/protobuf-java-util/3.19.6/protobuf-java-util-3.19.6.jar:/home/runner/.m2/repository/com/google/code/gson/gson/2.9.0/gson-2.9.0.jar:/home/runner/.m2/repository/org/apache/ozone/hdds-config/1.4.0-SNAPSHOT/hdds-config-1.4.0-SNAPSHOT.jar:/home/runner/.m2/repository/io/netty/netty-transport-native-epoll/4.1.86.Final/netty-transport-native-epoll-4.1.86.Final-linux-x86_64.jar:/home/runner/.m2/repository/io/netty/netty-transport-classes-epoll/4.1.86.Final/netty-transport-classes-epoll-4.1.86.Final.jar:/home/runner/.m2/repository/io/netty/netty-transport-native-unix-common/4.1.86.Final/netty-transport-native-unix-common-4.1.86.Final.jar:/home/runner/.m2/repository/org/apache/ozone/ozone-recon/1.4.0-SNAPSHOT/ozone-recon-1.4.0-SNAPSHOT.jar:/home/runner/.m2/repository/org/apache/ozone/ozone-reconcodegen/1.4.0-SNAPSHOT/ozone-reconcodegen-1.4.0-SNAPSHOT.jar:/home/runner/.m2/repository/com/google/inject/guice/5.1.0/guice-5.1.0.jar:/home/runner/.m2/repository/aopalliance/aopalliance/1.0/aopalliance-1.0.jar:/home/runner/.m2/repository/com/google/inject/extensions/guice-assistedinject/5.1.0/guice-assistedinject-5.1.0.jar:/home/runner/.m2/repository/com/google/inject/extensions/guice-servlet/5.1.0/guice-servlet-5.1.0.jar:/home/runner/.m2/repository/org/glassfish/jersey/containers/jersey-container-servlet/2.34/jersey-container-servlet-2.34.jar:/home/runner/.m2/repository/org/glassfish/hk2/guice-bridge/2.5.0/guice-bridge-2.5.0.jar:/home/runner/.m2/repository/org/glassfish/jersey/core/jersey-server/2.34/jersey-server-2.34.jar:/home/runner/.m2/repository/org/glassfish/jersey/core/jersey-client/2.34/jersey-client-2.34.jar:/home/runner/.m2/repository/jakarta/annotation/jakarta.annotation-api/1.3.5/jakarta.annotation-api-1.3.5.jar:/home/runner/.m2/repository/jakarta/validation/jakarta.validation-api/2.0.2/jakarta.validation-api-2.0.2.jar:/home/runner/.m2/repository/org/glassfish/jersey/media/jersey-media-json-jackson/2.34/jersey-media-json-jackson-2.34.jar:/home/runner/.m2/repository/org/glassfish/jersey/ext/jersey-entity-filtering/2.34/jersey-entity-filtering-2.34.jar:/home/runner/.m2/repository/org/jooq/jooq/3.11.10/jooq-3.11.10.jar:/home/runner/.m2/repository/org/jooq/jooq-meta/3.11.10/jooq-meta-3.11.10.jar:/home/runner/.m2/repository/org/jooq/jooq-codegen/3.11.10/jooq-codegen-3.11.10.jar:/home/runner/.m2/repository/com/jolbox/bonecp/0.8.0.RELEASE/bonecp-0.8.0.RELEASE.jar:/home/runner/.m2/repository/org/apache/derby/derby/10.14.2.0/derby-10.14.2.0.jar:/home/runner/.m2/repository/org/xerial/sqlite-jdbc/3.41.2.2/sqlite-jdbc-3.41.2.2.jar:/home/runner/.m2/repository/org/springframework/spring-jdbc/5.3.27/spring-jdbc-5.3.27.jar:/home/runner/.m2/repository/org/springframework/spring-beans/5.3.27/spring-beans-5.3.27.jar:/home/runner/.m2/repository/org/springframework/spring-core/5.3.27/spring-core-5.3.27.jar:/home/runner/.m2/repository/org/springframework/spring-tx/5.3.27/spring-tx-5.3.27.jar:/home/runner/.m2/repository/org/apache/ozone/ozone-client/1.4.0-SNAPSHOT/ozone-client-1.4.0-SNAPSHOT.jar:/home/runner/.m2/repository/org/apache/ozone/hdds-erasurecode/1.4.0-SNAPSHOT/hdds-erasurecode-1.4.0-SNAPSHOT.jar:/home/runner/.m2/repository/org/apache/ozone/ozone-filesystem/1.4.0-SNAPSHOT/ozone-filesystem-1.4.0-SNAPSHOT.jar:/home/runner/.m2/repository/org/apache/ozone/ozone-filesystem-common/1.4.0-SNAPSHOT/ozone-filesystem-common-1.4.0-SNAPSHOT.jar:/home/runner/.m2/repository/org/apache/ozone/ozone-tools/1.4.0-SNAPSHOT/ozone-tools-1.4.0-SNAPSHOT.jar:/home/runner/.m2/repository/com/amazonaws/aws-java-sdk-core/1.12.261/aws-java-sdk-core-1.12.261.jar:/home/runner/.m2/repository/org/apache/httpcomponents/httpclient/4.5.13/httpclient-4.5.13.jar:/home/runner/.m2/repository/org/apache/httpcomponents/httpcore/4.4.13/httpcore-4.4.13.jar:/home/runner/.m2/repository/software/amazon/ion/ion-java/1.0.2/ion-java-1.0.2.jar:/home/runner/.m2/repository/com/fasterxml/jackson/dataformat/jackson-dataformat-cbor/2.13.4/jackson-dataformat-cbor-2.13.4.jar:/home/runner/.m2/repository/joda-time/joda-time/2.10.6/joda-time-2.10.6.jar:/home/runner/.m2/repository/com/amazonaws/aws-java-sdk-s3/1.12.261/aws-java-sdk-s3-1.12.261.jar:/home/runner/.m2/repository/com/amazonaws/aws-java-sdk-kms/1.12.261/aws-java-sdk-kms-1.12.261.jar:/home/runner/.m2/repository/com/amazonaws/jmespath-java/1.12.261/jmespath-java-1.12.261.jar:/home/runner/.m2/repository/org/kohsuke/metainf-services/metainf-services/1.8/metainf-services-1.8.jar:/home/runner/.m2/repository/org/apache/ozone/hdds-tools/1.4.0-SNAPSHOT/hdds-tools-1.4.0-SNAPSHOT.jar:/home/runner/.m2/repository/org/apache/ratis/ratis-tools/2.5.1/ratis-tools-2.5.1.jar:/home/runner/.m2/repository/commons-cli/commons-cli/1.2/commons-cli-1.2.jar:/home/runner/.m2/repository/org/apache/commons/commons-lang3/3.7/commons-lang3-3.7.jar:/home/runner/.m2/repository/org/apache/ozone/ozone-manager/1.4.0-SNAPSHOT/ozone-manager-1.4.0-SNAPSHOT-tests.jar:/home/runner/.m2/repository/org/apache/ozone/hdds-common/1.4.0-SNAPSHOT/hdds-common-1.4.0-SNAPSHOT-tests.jar:/home/runner/.m2/repository/org/apache/ozone/hdds-hadoop-dependency-client/1.4.0-SNAPSHOT/hdds-hadoop-dependency-client-1.4.0-SNAPSHOT.jar:/home/runner/.m2/repository/info/picocli/picocli/4.6.1/picocli-4.6.1.jar:/home/runner/.m2/repository/com/fasterxml/jackson/core/jackson-annotations/2.13.4/jackson-annotations-2.13.4.jar:/home/runner/.m2/repository/org/apache/ozone/hdds-annotation-processing/1.4.0-SNAPSHOT/hdds-annotation-processing-1.4.0-SNAPSHOT.jar:/home/runner/.m2/repository/javax/annotation/javax.annotation-api/1.2/javax.annotation-api-1.2.jar:/home/runner/.m2/repository/org/apache/ratis/ratis-netty/2.5.1/ratis-netty-2.5.1.jar:/home/runner/.m2/repository/org/apache/ratis/ratis-grpc/2.5.1/ratis-grpc-2.5.1.jar:/home/runner/.m2/repository/org/apache/logging/log4j/log4j-api/2.17.1/log4j-api-2.17.1.jar:/home/runner/.m2/repository/org/apache/commons/commons-pool2/2.6.0/commons-pool2-2.6.0.jar:/home/runner/.m2/repository/org/bouncycastle/bcpkix-jdk15on/1.67/bcpkix-jdk15on-1.67.jar:/home/runner/.m2/repository/commons-validator/commons-validator/1.6/commons-validator-1.6.jar:/home/runner/.m2/repository/commons-beanutils/commons-beanutils/1.9.4/commons-beanutils-1.9.4.jar:/home/runner/.m2/repository/commons-digester/commons-digester/1.8.1/commons-digester-1.8.1.jar:/home/runner/.m2/repository/commons-collections/commons-collections/3.2.2/commons-collections-3.2.2.jar:/home/runner/.m2/repository/io/jaegertracing/jaeger-client/1.6.0/jaeger-client-1.6.0.jar:/home/runner/.m2/repository/io/jaegertracing/jaeger-thrift/1.6.0/jaeger-thrift-1.6.0.jar:/home/runner/.m2/repository/org/apache/thrift/libthrift/0.14.1/libthrift-0.14.1.jar:/home/runner/.m2/repository/io/jaegertracing/jaeger-core/1.6.0/jaeger-core-1.6.0.jar:/home/runner/.m2/repository/io/jaegertracing/jaeger-tracerresolver/1.6.0/jaeger-tracerresolver-1.6.0.jar:/home/runner/.m2/repository/io/opentracing/contrib/opentracing-tracerresolver/0.1.8/opentracing-tracerresolver-0.1.8.jar:/home/runner/.m2/repository/org/jetbrains/kotlin/kotlin-stdlib/1.6.21/kotlin-stdlib-1.6.21.jar:/home/runner/.m2/repository/org/jetbrains/annotations/13.0/annotations-13.0.jar:/home/runner/.m2/repository/io/opentracing/opentracing-util/0.33.0/opentracing-util-0.33.0.jar:/home/runner/.m2/repository/io/opentracing/opentracing-api/0.33.0/opentracing-api-0.33.0.jar:/home/runner/.m2/repository/io/opentracing/opentracing-noop/0.33.0/opentracing-noop-0.33.0.jar:/home/runner/.m2/repository/org/yaml/snakeyaml/2.0/snakeyaml-2.0.jar:/home/runner/.m2/repository/io/grpc/grpc-api/1.51.1/grpc-api-1.51.1.jar:/home/runner/.m2/repository/io/grpc/grpc-context/1.51.1/grpc-context-1.51.1.jar:/home/runner/.m2/repository/junit/junit/4.13.1/junit-4.13.1.jar:/home/runner/.m2/repository/org/hamcrest/hamcrest-core/1.3/hamcrest-core-1.3.jar:/home/runner/.m2/repository/org/junit/jupiter/junit-jupiter-api/5.8.2/junit-jupiter-api-5.8.2.jar:/home/runner/.m2/repository/org/opentest4j/opentest4j/1.2.0/opentest4j-1.2.0.jar:/home/runner/.m2/repository/org/junit/platform/junit-platform-commons/1.8.2/junit-platform-commons-1.8.2.jar:/home/runner/.m2/repository/org/apiguardian/apiguardian-api/1.1.2/apiguardian-api-1.1.2.jar:/home/runner/.m2/repository/org/junit/jupiter/junit-jupiter-params/5.8.2/junit-jupiter-params-5.8.2.jar:/home/runner/.m2/repository/org/junit/jupiter/junit-jupiter-migrationsupport/5.8.2/junit-jupiter-migrationsupport-5.8.2.jar:/home/runner/.m2/repository/org/junit/jupiter/junit-jupiter-engine/5.8.2/junit-jupiter-engine-5.8.2.jar:/home/runner/.m2/repository/org/junit/platform/junit-platform-engine/1.8.2/junit-platform-engine-1.8.2.jar:/home/runner/.m2/repository/org/junit/vintage/junit-vintage-engine/5.8.2/junit-vintage-engine-5.8.2.jar:/home/runner/.m2/repository/org/junit/platform/junit-platform-launcher/1.8.2/junit-platform-launcher-1.8.2.jar:/home/runner/.m2/repository/org/mockito/mockito-core/2.28.2/mockito-core-2.28.2.jar:/home/runner/.m2/repository/net/bytebuddy/byte-buddy/1.9.10/byte-buddy-1.9.10.jar:/home/runner/.m2/repository/net/bytebuddy/byte-buddy-agent/1.9.10/byte-buddy-agent-1.9.10.jar:/home/runner/.m2/repository/org/objenesis/objenesis/1.0/objenesis-1.0.jar:/home/runner/.m2/repository/org/apache/hadoop/hadoop-kms/3.3.5/hadoop-kms-3.3.5.jar:/home/runner/.m2/repository/org/apache/hadoop/hadoop-auth/3.3.5/hadoop-auth-3.3.5.jar:/home/runner/.m2/repository/com/nimbusds/nimbus-jose-jwt/9.8.1/nimbus-jose-jwt-9.8.1.jar:/home/runner/.m2/repository/com/github/stephenc/jcip/jcip-annotations/1.0-1/jcip-annotations-1.0-1.jar:/home/runner/.m2/repository/net/minidev/json-smart/2.4.7/json-smart-2.4.7.jar:/home/runner/.m2/repository/net/minidev/accessors-smart/2.4.7/accessors-smart-2.4.7.jar:/home/runner/.m2/repository/org/ow2/asm/asm/5.0.4/asm-5.0.4.jar:/home/runner/.m2/repository/org/apache/zookeeper/zookeeper/3.5.6/zookeeper-3.5.6.jar:/home/runner/.m2/repository/org/apache/zookeeper/zookeeper-jute/3.5.6/zookeeper-jute-3.5.6.jar:/home/runner/.m2/repository/org/apache/yetus/audience-annotations/0.5.0/audience-annotations-0.5.0.jar:/home/runner/.m2/repository/org/apache/curator/curator-framework/4.2.0/curator-framework-4.2.0.jar:/home/runner/.m2/repository/org/apache/hadoop/thirdparty/hadoop-shaded-guava/1.1.1/hadoop-shaded-guava-1.1.1.jar:/home/runner/.m2/repository/com/sun/jersey/jersey-core/1.19/jersey-core-1.19.jar:/home/runner/.m2/repository/javax/ws/rs/jsr311-api/1.1.1/jsr311-api-1.1.1.jar:/home/runner/.m2/repository/com/sun/jersey/jersey-server/1.19/jersey-server-1.19.jar:/home/runner/.m2/repository/javax/servlet/javax.servlet-api/3.1.0/javax.servlet-api-3.1.0.jar:/home/runner/.m2/repository/org/apache/hadoop/hadoop-common/3.3.5/hadoop-common-3.3.5.jar:/home/runner/.m2/repository/org/apache/commons/commons-math3/3.1.1/commons-math3-3.1.1.jar:/home/runner/.m2/repository/commons-net/commons-net/3.9.0/commons-net-3.9.0.jar:/home/runner/.m2/repository/com/sun/jersey/jersey-servlet/1.19/jersey-servlet-1.19.jar:/home/runner/.m2/repository/com/github/pjfanning/jersey-json/1.20/jersey-json-1.20.jar:/home/runner/.m2/repository/org/codehaus/jettison/jettison/1.1/jettison-1.1.jar:/home/runner/.m2/repository/com/sun/xml/bind/jaxb-impl/2.2.3-1/jaxb-impl-2.2.3-1.jar:/home/runner/.m2/repository/com/google/re2j/re2j/1.1/re2j-1.1.jar:/home/runner/.m2/repository/com/jcraft/jsch/0.1.54/jsch-0.1.54.jar:/home/runner/.m2/repository/org/apache/curator/curator-client/4.2.0/curator-client-4.2.0.jar:/home/runner/.m2/repository/org/apache/curator/curator-recipes/4.2.0/curator-recipes-4.2.0.jar:/home/runner/.m2/repository/org/apache/kerby/kerb-core/1.0.1/kerb-core-1.0.1.jar:/home/runner/.m2/repository/org/apache/kerby/kerby-pkix/1.0.1/kerby-pkix-1.0.1.jar:/home/runner/.m2/repository/org/apache/kerby/kerby-asn1/1.0.1/kerby-asn1-1.0.1.jar:/home/runner/.m2/repository/org/apache/kerby/kerby-util/1.0.1/kerby-util-1.0.1.jar:/home/runner/.m2/repository/dnsjava/dnsjava/2.1.7/dnsjava-2.1.7.jar:/home/runner/.m2/repository/org/xerial/snappy/snappy-java/1.1.8.2/snappy-java-1.1.8.2.jar:/home/runner/.m2/repository/com/fasterxml/jackson/core/jackson-databind/2.13.4.2/jackson-databind-2.13.4.2.jar:/home/runner/.m2/repository/org/apache/hadoop/hadoop-kms/3.3.5/hadoop-kms-3.3.5-tests.jar:/home/runner/.m2/repository/org/apache/ozone/hdds-server-scm/1.4.0-SNAPSHOT/hdds-server-scm-1.4.0-SNAPSHOT-tests.jar:/home/runner/.m2/repository/org/apache/ozone/hdds-container-service/1.4.0-SNAPSHOT/hdds-container-service-1.4.0-SNAPSHOT-tests.jar:/home/runner/.m2/repository/com/github/luben/zstd-jni/1.5.2-5/zstd-jni-1.5.2-5.jar:/home/runner/.m2/repository/commons-codec/commons-codec/1.15/commons-codec-1.15.jar:/home/runner/.m2/repository/io/netty/netty-codec/4.1.86.Final/netty-codec-4.1.86.Final.jar:/home/runner/.m2/repository/io/netty/netty-handler/4.1.86.Final/netty-handler-4.1.86.Final.jar:/home/runner/.m2/repository/org/apache/ozone/hdds-hadoop-dependency-test/1.4.0-SNAPSHOT/hdds-hadoop-dependency-test-1.4.0-SNAPSHOT.jar:/home/runner/.m2/repository/org/apache/hadoop/hadoop-common/3.3.5/hadoop-common-3.3.5-tests.jar:/home/runner/.m2/repository/org/apache/hadoop/hadoop-hdfs/3.3.5/hadoop-hdfs-3.3.5-tests.jar:/home/runner/.m2/repository/org/assertj/assertj-core/3.12.2/assertj-core-3.12.2.jar:/home/runner/.m2/repository/org/apache/hadoop/hadoop-distcp/3.3.5/hadoop-distcp-3.3.5.jar:/home/runner/.m2/repository/org/apache/hadoop/hadoop-mapreduce-client-jobclient/3.3.5/hadoop-mapreduce-client-jobclient-3.3.5.jar:/home/runner/.m2/repository/org/apache/hadoop/hadoop-mapreduce-client-common/3.3.5/hadoop-mapreduce-client-common-3.3.5.jar:/home/runner/.m2/repository/org/apache/hadoop/hadoop-yarn-common/3.3.5/hadoop-yarn-common-3.3.5.jar:/home/runner/.m2/repository/org/apache/hadoop/hadoop-yarn-api/3.3.5/hadoop-yarn-api-3.3.5.jar:/home/runner/.m2/repository/com/sun/jersey/contribs/jersey-guice/1.19/jersey-guice-1.19.jar:/home/runner/.m2/repository/com/fasterxml/jackson/jaxrs/jackson-jaxrs-json-provider/2.13.4/jackson-jaxrs-json-provider-2.13.4.jar:/home/runner/.m2/repository/com/fasterxml/jackson/jaxrs/jackson-jaxrs-base/2.13.4/jackson-jaxrs-base-2.13.4.jar:/home/runner/.m2/repository/org/apache/hadoop/hadoop-yarn-client/3.3.5/hadoop-yarn-client-3.3.5.jar:/home/runner/.m2/repository/org/eclipse/jetty/websocket/websocket-client/9.4.48.v20220622/websocket-client-9.4.48.v20220622.jar:/home/runner/.m2/repository/org/eclipse/jetty/websocket/websocket-common/9.4.48.v20220622/websocket-common-9.4.48.v20220622.jar:/home/runner/.m2/repository/org/eclipse/jetty/websocket/websocket-api/9.4.48.v20220622/websocket-api-9.4.48.v20220622.jar:/home/runner/.m2/repository/org/jline/jline/3.9.0/jline-3.9.0.jar:/home/runner/.m2/repository/org/apache/hadoop/hadoop-mapreduce-client-core/3.3.5/hadoop-mapreduce-client-core-3.3.5.jar:/home/runner/.m2/repository/org/apache/avro/avro/1.7.7/avro-1.7.7.jar:/home/runner/.m2/repository/com/thoughtworks/paranamer/paranamer/2.3/paranamer-2.3.jar:/home/runner/.m2/repository/org/apache/hadoop/hadoop-annotations/3.3.5/hadoop-annotations-3.3.5.jar:/usr/lib/jvm/temurin-8-jdk-amd64/jre/../lib/tools.jar:/home/runner/.m2/repository/io/netty/netty/3.10.6.Final/netty-3.10.6.Final.jar:/home/runner/.m2/repository/org/apache/hadoop/hadoop-distcp/3.3.5/hadoop-distcp-3.3.5-tests.jar:/home/runner/.m2/repository/org/slf4j/jul-to-slf4j/1.7.36/jul-to-slf4j-1.7.36.jar:"/>
    <property name="java.vm.vendor" value="Temurin"/>
    <property name="sun.arch.data.model" value="64"/>
    <property name="test.build.dir" value="/home/runner/work/ozone/ozone/hadoop-ozone/integration-test/target/test-dir"/>
    <property name="test.cache.data" value=""/>
    <property name="java.vendor.url" value="https://adoptium.net/"/>
    <property name="user.timezone" value="Etc/UTC"/>
    <property name="java.vm.specification.version" value="1.8"/>
    <property name="os.name" value="Linux"/>
    <property name="test.build.data" value="/home/runner/work/ozone/ozone/hadoop-ozone/integration-test/target/test-dir"/>
    <property name="sun.java.launcher" value="SUN_STANDARD"/>
    <property name="sun.boot.library.path" value="/usr/lib/jvm/temurin-8-jdk-amd64/jre/lib/amd64"/>
    <property name="sun.java.command" value="/home/runner/work/ozone/ozone/hadoop-ozone/integration-test/target/surefire/surefirebooter7490742450839813108.jar /home/runner/work/ozone/ozone/hadoop-ozone/integration-test/target/surefire 2023-06-06T15-32-24_543-jvmRun1 surefire2697410352532326613tmp surefire_347338588307530511101tmp"/>
    <property name="surefire.test.class.path" value="/home/runner/work/ozone/ozone/hadoop-ozone/integration-test/target/test-classes:/home/runner/work/ozone/ozone/hadoop-ozone/integration-test/target/classes:/home/runner/.m2/repository/org/apache/ozone/ozone-common/1.4.0-SNAPSHOT/ozone-common-1.4.0-SNAPSHOT.jar:/home/runner/.m2/repository/io/grpc/grpc-netty/1.51.1/grpc-netty-1.51.1.jar:/home/runner/.m2/repository/io/grpc/grpc-core/1.51.1/grpc-core-1.51.1.jar:/home/runner/.m2/repository/com/google/android/annotations/4.1.1.4/annotations-4.1.1.4.jar:/home/runner/.m2/repository/org/codehaus/mojo/animal-sniffer-annotations/1.21/animal-sniffer-annotations-1.21.jar:/home/runner/.m2/repository/com/google/errorprone/error_prone_annotations/2.2.0/error_prone_annotations-2.2.0.jar:/home/runner/.m2/repository/io/perfmark/perfmark-api/0.25.0/perfmark-api-0.25.0.jar:/home/runner/.m2/repository/io/netty/netty-codec-http2/4.1.86.Final/netty-codec-http2-4.1.86.Final.jar:/home/runner/.m2/repository/io/netty/netty-common/4.1.86.Final/netty-common-4.1.86.Final.jar:/home/runner/.m2/repository/io/netty/netty-buffer/4.1.86.Final/netty-buffer-4.1.86.Final.jar:/home/runner/.m2/repository/io/netty/netty-codec-http/4.1.86.Final/netty-codec-http-4.1.86.Final.jar:/home/runner/.m2/repository/io/netty/netty-handler-proxy/4.1.86.Final/netty-handler-proxy-4.1.86.Final.jar:/home/runner/.m2/repository/io/netty/netty-codec-socks/4.1.86.Final/netty-codec-socks-4.1.86.Final.jar:/home/runner/.m2/repository/io/netty/netty-tcnative-boringssl-static/2.0.54.Final/netty-tcnative-boringssl-static-2.0.54.Final.jar:/home/runner/.m2/repository/io/netty/netty-tcnative-classes/2.0.54.Final/netty-tcnative-classes-2.0.54.Final.jar:/home/runner/.m2/repository/io/netty/netty-tcnative-boringssl-static/2.0.54.Final/netty-tcnative-boringssl-static-2.0.54.Final-linux-x86_64.jar:/home/runner/.m2/repository/io/netty/netty-tcnative-boringssl-static/2.0.54.Final/netty-tcnative-boringssl-static-2.0.54.Final-linux-aarch_64.jar:/home/runner/.m2/repository/io/netty/netty-tcnative-boringssl-static/2.0.54.Final/netty-tcnative-boringssl-static-2.0.54.Final-osx-x86_64.jar:/home/runner/.m2/repository/io/netty/netty-tcnative-boringssl-static/2.0.54.Final/netty-tcnative-boringssl-static-2.0.54.Final-osx-aarch_64.jar:/home/runner/.m2/repository/io/netty/netty-tcnative-boringssl-static/2.0.54.Final/netty-tcnative-boringssl-static-2.0.54.Final-windows-x86_64.jar:/home/runner/.m2/repository/org/apache/commons/commons-compress/1.21/commons-compress-1.21.jar:/home/runner/.m2/repository/org/apache/ozone/hdds-common/1.4.0-SNAPSHOT/hdds-common-1.4.0-SNAPSHOT.jar:/home/runner/.m2/repository/org/apache/ozone/hdds-client/1.4.0-SNAPSHOT/hdds-client-1.4.0-SNAPSHOT.jar:/home/runner/.m2/repository/org/apache/ozone/ozone-interface-client/1.4.0-SNAPSHOT/ozone-interface-client-1.4.0-SNAPSHOT.jar:/home/runner/.m2/repository/org/apache/hadoop/hadoop-hdfs-client/3.3.5/hadoop-hdfs-client-3.3.5.jar:/home/runner/.m2/repository/com/squareup/okhttp3/okhttp/4.9.3/okhttp-4.9.3.jar:/home/runner/.m2/repository/com/squareup/okio/okio/2.8.0/okio-2.8.0.jar:/home/runner/.m2/repository/org/jetbrains/kotlin/kotlin-stdlib-common/1.6.21/kotlin-stdlib-common-1.6.21.jar:/home/runner/.m2/repository/org/apache/ozone/hdds-test-utils/1.4.0-SNAPSHOT/hdds-test-utils-1.4.0-SNAPSHOT.jar:/home/runner/.m2/repository/com/google/guava/guava/31.1-jre/guava-31.1-jre.jar:/home/runner/.m2/repository/com/google/guava/failureaccess/1.0.1/failureaccess-1.0.1.jar:/home/runner/.m2/repository/com/google/guava/listenablefuture/9999.0-empty-to-avoid-conflict-with-guava/listenablefuture-9999.0-empty-to-avoid-conflict-with-guava.jar:/home/runner/.m2/repository/com/google/code/findbugs/jsr305/3.0.0/jsr305-3.0.0.jar:/home/runner/.m2/repository/org/checkerframework/checker-qual/3.12.0/checker-qual-3.12.0.jar:/home/runner/.m2/repository/com/google/j2objc/j2objc-annotations/1.3/j2objc-annotations-1.3.jar:/home/runner/.m2/repository/commons-io/commons-io/2.11.0/commons-io-2.11.0.jar:/home/runner/.m2/repository/commons-logging/commons-logging/1.2/commons-logging-1.2.jar:/home/runner/.m2/repository/ch/qos/reload4j/reload4j/1.2.22/reload4j-1.2.22.jar:/home/runner/.m2/repository/org/slf4j/slf4j-api/1.7.36/slf4j-api-1.7.36.jar:/home/runner/.m2/repository/org/apache/ozone/hdds-server-scm/1.4.0-SNAPSHOT/hdds-server-scm-1.4.0-SNAPSHOT.jar:/home/runner/.m2/repository/org/apache/ozone/hdds-container-service/1.4.0-SNAPSHOT/hdds-container-service-1.4.0-SNAPSHOT.jar:/home/runner/.m2/repository/org/apache/ozone/hdds-hadoop-dependency-server/1.4.0-SNAPSHOT/hdds-hadoop-dependency-server-1.4.0-SNAPSHOT.jar:/home/runner/.m2/repository/org/apache/hadoop/hadoop-hdfs/3.3.5/hadoop-hdfs-3.3.5.jar:/home/runner/.m2/repository/commons-daemon/commons-daemon/1.0.13/commons-daemon-1.0.13.jar:/home/runner/.m2/repository/org/apache/ozone/hdds-server-framework/1.4.0-SNAPSHOT/hdds-server-framework-1.4.0-SNAPSHOT.jar:/home/runner/.m2/repository/io/dropwizard/metrics/metrics-core/3.2.4/metrics-core-3.2.4.jar:/home/runner/.m2/repository/org/apache/commons/commons-text/1.4/commons-text-1.4.jar:/home/runner/.m2/repository/org/bouncycastle/bcprov-jdk15on/1.67/bcprov-jdk15on-1.67.jar:/home/runner/.m2/repository/com/google/protobuf/protobuf-java/2.5.0/protobuf-java-2.5.0.jar:/home/runner/.m2/repository/org/apache/ozone/hdds-server-framework/1.4.0-SNAPSHOT/hdds-server-framework-1.4.0-SNAPSHOT-tests.jar:/home/runner/.m2/repository/org/apache/ozone/hdds-interface-server/1.4.0-SNAPSHOT/hdds-interface-server-1.4.0-SNAPSHOT.jar:/home/runner/.m2/repository/org/apache/ozone/hdds-interface-admin/1.4.0-SNAPSHOT/hdds-interface-admin-1.4.0-SNAPSHOT.jar:/home/runner/.m2/repository/org/apache/ozone/hdds-managed-rocksdb/1.4.0-SNAPSHOT/hdds-managed-rocksdb-1.4.0-SNAPSHOT.jar:/home/runner/.m2/repository/org/rocksdb/rocksdbjni/7.7.3/rocksdbjni-7.7.3.jar:/home/runner/.m2/repository/org/slf4j/slf4j-reload4j/1.7.36/slf4j-reload4j-1.7.36.jar:/home/runner/.m2/repository/org/apache/commons/commons-configuration2/2.1.1/commons-configuration2-2.1.1.jar:/home/runner/.m2/repository/org/apache/logging/log4j/log4j-core/2.17.1/log4j-core-2.17.1.jar:/home/runner/.m2/repository/com/lmax/disruptor/3.4.2/disruptor-3.4.2.jar:/home/runner/.m2/repository/org/eclipse/jetty/jetty-util/9.4.51.v20230217/jetty-util-9.4.51.v20230217.jar:/home/runner/.m2/repository/org/eclipse/jetty/jetty-server/9.4.51.v20230217/jetty-server-9.4.51.v20230217.jar:/home/runner/.m2/repository/org/eclipse/jetty/jetty-http/9.4.51.v20230217/jetty-http-9.4.51.v20230217.jar:/home/runner/.m2/repository/org/eclipse/jetty/jetty-io/9.4.51.v20230217/jetty-io-9.4.51.v20230217.jar:/home/runner/.m2/repository/org/eclipse/jetty/jetty-servlet/9.4.51.v20230217/jetty-servlet-9.4.51.v20230217.jar:/home/runner/.m2/repository/org/eclipse/jetty/jetty-security/9.4.51.v20230217/jetty-security-9.4.51.v20230217.jar:/home/runner/.m2/repository/org/eclipse/jetty/jetty-util-ajax/9.4.51.v20230217/jetty-util-ajax-9.4.51.v20230217.jar:/home/runner/.m2/repository/org/eclipse/jetty/jetty-webapp/9.4.51.v20230217/jetty-webapp-9.4.51.v20230217.jar:/home/runner/.m2/repository/org/eclipse/jetty/jetty-xml/9.4.51.v20230217/jetty-xml-9.4.51.v20230217.jar:/home/runner/.m2/repository/org/apache/ratis/ratis-server/2.5.1/ratis-server-2.5.1.jar:/home/runner/.m2/repository/org/apache/ratis/ratis-thirdparty-misc/1.0.4/ratis-thirdparty-misc-1.0.4.jar:/home/runner/.m2/repository/org/apache/ratis/ratis-proto/2.5.1/ratis-proto-2.5.1.jar:/home/runner/.m2/repository/org/apache/ratis/ratis-common/2.5.1/ratis-common-2.5.1.jar:/home/runner/.m2/repository/org/apache/ratis/ratis-client/2.5.1/ratis-client-2.5.1.jar:/home/runner/.m2/repository/org/apache/ratis/ratis-server-api/2.5.1/ratis-server-api-2.5.1.jar:/home/runner/.m2/repository/org/apache/ratis/ratis-metrics/2.5.1/ratis-metrics-2.5.1.jar:/home/runner/.m2/repository/io/prometheus/simpleclient_dropwizard/0.7.0/simpleclient_dropwizard-0.7.0.jar:/home/runner/.m2/repository/io/prometheus/simpleclient/0.7.0/simpleclient-0.7.0.jar:/home/runner/.m2/repository/io/prometheus/simpleclient_common/0.7.0/simpleclient_common-0.7.0.jar:/home/runner/.m2/repository/com/fasterxml/jackson/datatype/jackson-datatype-jsr310/2.13.4/jackson-datatype-jsr310-2.13.4.jar:/home/runner/.m2/repository/com/fasterxml/jackson/core/jackson-core/2.13.4/jackson-core-2.13.4.jar:/home/runner/.m2/repository/com/github/spotbugs/spotbugs-annotations/3.1.12/spotbugs-annotations-3.1.12.jar:/home/runner/.m2/repository/org/apache/ozone/rocksdb-checkpoint-differ/1.4.0-SNAPSHOT/rocksdb-checkpoint-differ-1.4.0-SNAPSHOT.jar:/home/runner/.m2/repository/org/awaitility/awaitility/4.2.0/awaitility-4.2.0.jar:/home/runner/.m2/repository/org/hamcrest/hamcrest/2.1/hamcrest-2.1.jar:/home/runner/.m2/repository/org/apache/ozone/ozone-manager/1.4.0-SNAPSHOT/ozone-manager-1.4.0-SNAPSHOT.jar:/home/runner/.m2/repository/org/aspectj/aspectjrt/1.9.7/aspectjrt-1.9.7.jar:/home/runner/.m2/repository/org/aspectj/aspectjweaver/1.9.7/aspectjweaver-1.9.7.jar:/home/runner/.m2/repository/org/apache/ozone/hdds-interface-client/1.4.0-SNAPSHOT/hdds-interface-client-1.4.0-SNAPSHOT.jar:/home/runner/.m2/repository/org/apache/hadoop/thirdparty/hadoop-shaded-protobuf_3_7/1.1.1/hadoop-shaded-protobuf_3_7-1.1.1.jar:/home/runner/.m2/repository/org/apache/ozone/ozone-interface-storage/1.4.0-SNAPSHOT/ozone-interface-storage-1.4.0-SNAPSHOT.jar:/home/runner/.m2/repository/org/reflections/reflections/0.9.11/reflections-0.9.11.jar:/home/runner/.m2/repository/com/sun/jersey/jersey-client/1.19/jersey-client-1.19.jar:/home/runner/.m2/repository/org/codehaus/jackson/jackson-core-asl/1.9.13/jackson-core-asl-1.9.13.jar:/home/runner/.m2/repository/org/codehaus/jackson/jackson-mapper-asl/1.9.13/jackson-mapper-asl-1.9.13.jar:/home/runner/.m2/repository/org/codehaus/jackson/jackson-jaxrs/1.9.13/jackson-jaxrs-1.9.13.jar:/home/runner/.m2/repository/org/apache/ranger/ranger-intg/2.3.0/ranger-intg-2.3.0.jar:/home/runner/.m2/repository/org/apache/ranger/ranger-plugins-common/2.3.0/ranger-plugins-common-2.3.0.jar:/home/runner/.m2/repository/commons-lang/commons-lang/2.6/commons-lang-2.6.jar:/home/runner/.m2/repository/org/apache/ranger/ranger-plugins-cred/2.3.0/ranger-plugins-cred-2.3.0.jar:/home/runner/.m2/repository/org/apache/ranger/ranger-plugins-audit/2.3.0/ranger-plugins-audit-2.3.0.jar:/home/runner/.m2/repository/org/eclipse/jetty/jetty-client/9.4.51.v20230217/jetty-client-9.4.51.v20230217.jar:/home/runner/.m2/repository/org/apache/httpcomponents/httpmime/4.5.6/httpmime-4.5.6.jar:/home/runner/.m2/repository/org/apache/httpcomponents/httpcore-nio/4.4.13/httpcore-nio-4.4.13.jar:/home/runner/.m2/repository/org/apache/httpcomponents/httpasyncclient/4.1.3/httpasyncclient-4.1.3.jar:/home/runner/.m2/repository/com/carrotsearch/hppc/0.8.0/hppc-0.8.0.jar:/home/runner/.m2/repository/org/apache/orc/orc-core/1.5.8/orc-core-1.5.8.jar:/home/runner/.m2/repository/net/java/dev/jna/jna/5.2.0/jna-5.2.0.jar:/home/runner/.m2/repository/net/java/dev/jna/jna-platform/5.2.0/jna-platform-5.2.0.jar:/home/runner/.m2/repository/com/kstruct/gethostname4j/0.0.2/gethostname4j-0.0.2.jar:/home/runner/.m2/repository/org/apache/ranger/ranger-plugin-classloader/2.3.0/ranger-plugin-classloader-2.3.0.jar:/home/runner/.m2/repository/org/apache/ozone/hdds-rocks-native/1.4.0-SNAPSHOT/hdds-rocks-native-1.4.0-SNAPSHOT.jar:/home/runner/.m2/repository/org/apache/hadoop/hadoop-minikdc/3.3.5/hadoop-minikdc-3.3.5.jar:/home/runner/.m2/repository/org/apache/kerby/kerb-simplekdc/1.0.1/kerb-simplekdc-1.0.1.jar:/home/runner/.m2/repository/org/apache/kerby/kerb-client/1.0.1/kerb-client-1.0.1.jar:/home/runner/.m2/repository/org/apache/kerby/kerby-config/1.0.1/kerby-config-1.0.1.jar:/home/runner/.m2/repository/org/apache/kerby/kerb-common/1.0.1/kerb-common-1.0.1.jar:/home/runner/.m2/repository/org/apache/kerby/kerb-crypto/1.0.1/kerb-crypto-1.0.1.jar:/home/runner/.m2/repository/org/apache/kerby/kerb-util/1.0.1/kerb-util-1.0.1.jar:/home/runner/.m2/repository/org/apache/kerby/token-provider/1.0.1/token-provider-1.0.1.jar:/home/runner/.m2/repository/org/apache/kerby/kerb-admin/1.0.1/kerb-admin-1.0.1.jar:/home/runner/.m2/repository/org/apache/kerby/kerb-server/1.0.1/kerb-server-1.0.1.jar:/home/runner/.m2/repository/org/apache/kerby/kerb-identity/1.0.1/kerb-identity-1.0.1.jar:/home/runner/.m2/repository/org/apache/kerby/kerby-xdr/1.0.1/kerby-xdr-1.0.1.jar:/home/runner/.m2/repository/org/apache/ozone/ozone-s3gateway/1.4.0-SNAPSHOT/ozone-s3gateway-1.4.0-SNAPSHOT.jar:/home/runner/.m2/repository/org/javassist/javassist/3.21.0-GA/javassist-3.21.0-GA.jar:/home/runner/.m2/repository/org/jboss/weld/servlet/weld-servlet-shaded/3.1.9.Final/weld-servlet-shaded-3.1.9.Final.jar:/home/runner/.m2/repository/org/glassfish/jersey/containers/jersey-container-servlet-core/2.34/jersey-container-servlet-core-2.34.jar:/home/runner/.m2/repository/org/glassfish/hk2/external/jakarta.inject/2.6.1/jakarta.inject-2.6.1.jar:/home/runner/.m2/repository/org/glassfish/jersey/core/jersey-common/2.34/jersey-common-2.34.jar:/home/runner/.m2/repository/jakarta/ws/rs/jakarta.ws.rs-api/2.1.6/jakarta.ws.rs-api-2.1.6.jar:/home/runner/.m2/repository/org/glassfish/jersey/ext/cdi/jersey-cdi1x/2.34/jersey-cdi1x-2.34.jar:/home/runner/.m2/repository/org/glassfish/jersey/inject/jersey-hk2/2.34/jersey-hk2-2.34.jar:/home/runner/.m2/repository/org/glassfish/hk2/hk2-locator/2.6.1/hk2-locator-2.6.1.jar:/home/runner/.m2/repository/org/glassfish/jersey/media/jersey-media-jaxb/2.34/jersey-media-jaxb-2.34.jar:/home/runner/.m2/repository/org/glassfish/hk2/osgi-resource-locator/1.0.3/osgi-resource-locator-1.0.3.jar:/home/runner/.m2/repository/org/glassfish/hk2/hk2-api/2.5.0/hk2-api-2.5.0.jar:/home/runner/.m2/repository/org/glassfish/hk2/hk2-utils/2.5.0/hk2-utils-2.5.0.jar:/home/runner/.m2/repository/org/glassfish/hk2/external/aopalliance-repackaged/2.5.0/aopalliance-repackaged-2.5.0.jar:/home/runner/.m2/repository/com/fasterxml/jackson/dataformat/jackson-dataformat-xml/2.13.4/jackson-dataformat-xml-2.13.4.jar:/home/runner/.m2/repository/org/codehaus/woodstox/stax2-api/4.2.1/stax2-api-4.2.1.jar:/home/runner/.m2/repository/com/fasterxml/woodstox/woodstox-core/5.4.0/woodstox-core-5.4.0.jar:/home/runner/.m2/repository/com/fasterxml/jackson/module/jackson-module-jaxb-annotations/2.13.4/jackson-module-jaxb-annotations-2.13.4.jar:/home/runner/.m2/repository/jakarta/xml/bind/jakarta.xml.bind-api/2.3.3/jakarta.xml.bind-api-2.3.3.jar:/home/runner/.m2/repository/jakarta/activation/jakarta.activation-api/1.2.2/jakarta.activation-api-1.2.2.jar:/home/runner/.m2/repository/javax/enterprise/cdi-api/2.0/cdi-api-2.0.jar:/home/runner/.m2/repository/javax/el/javax.el-api/3.0.0/javax.el-api-3.0.0.jar:/home/runner/.m2/repository/javax/interceptor/javax.interceptor-api/1.2/javax.interceptor-api-1.2.jar:/home/runner/.m2/repository/javax/inject/javax.inject/1/javax.inject-1.jar:/home/runner/.m2/repository/javax/xml/bind/jaxb-api/2.3.0/jaxb-api-2.3.0.jar:/home/runner/.m2/repository/org/glassfish/jaxb/jaxb-runtime/2.3.0.1/jaxb-runtime-2.3.0.1.jar:/home/runner/.m2/repository/org/glassfish/jaxb/jaxb-core/2.3.0.1/jaxb-core-2.3.0.1.jar:/home/runner/.m2/repository/org/glassfish/jaxb/txw2/2.3.0.1/txw2-2.3.0.1.jar:/home/runner/.m2/repository/com/sun/istack/istack-commons-runtime/3.0.5/istack-commons-runtime-3.0.5.jar:/home/runner/.m2/repository/org/jvnet/staxex/stax-ex/1.7.8/stax-ex-1.7.8.jar:/home/runner/.m2/repository/com/sun/xml/fastinfoset/FastInfoset/1.2.13/FastInfoset-1.2.13.jar:/home/runner/.m2/repository/javax/activation/activation/1.1.1/activation-1.1.1.jar:/home/runner/.m2/repository/io/grpc/grpc-protobuf/1.51.1/grpc-protobuf-1.51.1.jar:/home/runner/.m2/repository/com/google/api/grpc/proto-google-common-protos/2.9.0/proto-google-common-protos-2.9.0.jar:/home/runner/.m2/repository/io/grpc/grpc-protobuf-lite/1.51.1/grpc-protobuf-lite-1.51.1.jar:/home/runner/.m2/repository/io/grpc/grpc-stub/1.51.1/grpc-stub-1.51.1.jar:/home/runner/.m2/repository/io/netty/netty-transport/4.1.86.Final/netty-transport-4.1.86.Final.jar:/home/runner/.m2/repository/io/netty/netty-resolver/4.1.86.Final/netty-resolver-4.1.86.Final.jar:/home/runner/.m2/repository/org/apache/ozone/ozone-csi/1.4.0-SNAPSHOT/ozone-csi-1.4.0-SNAPSHOT.jar:/home/runner/.m2/repository/com/google/protobuf/protobuf-java-util/3.19.6/protobuf-java-util-3.19.6.jar:/home/runner/.m2/repository/com/google/code/gson/gson/2.9.0/gson-2.9.0.jar:/home/runner/.m2/repository/org/apache/ozone/hdds-config/1.4.0-SNAPSHOT/hdds-config-1.4.0-SNAPSHOT.jar:/home/runner/.m2/repository/io/netty/netty-transport-native-epoll/4.1.86.Final/netty-transport-native-epoll-4.1.86.Final-linux-x86_64.jar:/home/runner/.m2/repository/io/netty/netty-transport-classes-epoll/4.1.86.Final/netty-transport-classes-epoll-4.1.86.Final.jar:/home/runner/.m2/repository/io/netty/netty-transport-native-unix-common/4.1.86.Final/netty-transport-native-unix-common-4.1.86.Final.jar:/home/runner/.m2/repository/org/apache/ozone/ozone-recon/1.4.0-SNAPSHOT/ozone-recon-1.4.0-SNAPSHOT.jar:/home/runner/.m2/repository/org/apache/ozone/ozone-reconcodegen/1.4.0-SNAPSHOT/ozone-reconcodegen-1.4.0-SNAPSHOT.jar:/home/runner/.m2/repository/com/google/inject/guice/5.1.0/guice-5.1.0.jar:/home/runner/.m2/repository/aopalliance/aopalliance/1.0/aopalliance-1.0.jar:/home/runner/.m2/repository/com/google/inject/extensions/guice-assistedinject/5.1.0/guice-assistedinject-5.1.0.jar:/home/runner/.m2/repository/com/google/inject/extensions/guice-servlet/5.1.0/guice-servlet-5.1.0.jar:/home/runner/.m2/repository/org/glassfish/jersey/containers/jersey-container-servlet/2.34/jersey-container-servlet-2.34.jar:/home/runner/.m2/repository/org/glassfish/hk2/guice-bridge/2.5.0/guice-bridge-2.5.0.jar:/home/runner/.m2/repository/org/glassfish/jersey/core/jersey-server/2.34/jersey-server-2.34.jar:/home/runner/.m2/repository/org/glassfish/jersey/core/jersey-client/2.34/jersey-client-2.34.jar:/home/runner/.m2/repository/jakarta/annotation/jakarta.annotation-api/1.3.5/jakarta.annotation-api-1.3.5.jar:/home/runner/.m2/repository/jakarta/validation/jakarta.validation-api/2.0.2/jakarta.validation-api-2.0.2.jar:/home/runner/.m2/repository/org/glassfish/jersey/media/jersey-media-json-jackson/2.34/jersey-media-json-jackson-2.34.jar:/home/runner/.m2/repository/org/glassfish/jersey/ext/jersey-entity-filtering/2.34/jersey-entity-filtering-2.34.jar:/home/runner/.m2/repository/org/jooq/jooq/3.11.10/jooq-3.11.10.jar:/home/runner/.m2/repository/org/jooq/jooq-meta/3.11.10/jooq-meta-3.11.10.jar:/home/runner/.m2/repository/org/jooq/jooq-codegen/3.11.10/jooq-codegen-3.11.10.jar:/home/runner/.m2/repository/com/jolbox/bonecp/0.8.0.RELEASE/bonecp-0.8.0.RELEASE.jar:/home/runner/.m2/repository/org/apache/derby/derby/10.14.2.0/derby-10.14.2.0.jar:/home/runner/.m2/repository/org/xerial/sqlite-jdbc/3.41.2.2/sqlite-jdbc-3.41.2.2.jar:/home/runner/.m2/repository/org/springframework/spring-jdbc/5.3.27/spring-jdbc-5.3.27.jar:/home/runner/.m2/repository/org/springframework/spring-beans/5.3.27/spring-beans-5.3.27.jar:/home/runner/.m2/repository/org/springframework/spring-core/5.3.27/spring-core-5.3.27.jar:/home/runner/.m2/repository/org/springframework/spring-tx/5.3.27/spring-tx-5.3.27.jar:/home/runner/.m2/repository/org/apache/ozone/ozone-client/1.4.0-SNAPSHOT/ozone-client-1.4.0-SNAPSHOT.jar:/home/runner/.m2/repository/org/apache/ozone/hdds-erasurecode/1.4.0-SNAPSHOT/hdds-erasurecode-1.4.0-SNAPSHOT.jar:/home/runner/.m2/repository/org/apache/ozone/ozone-filesystem/1.4.0-SNAPSHOT/ozone-filesystem-1.4.0-SNAPSHOT.jar:/home/runner/.m2/repository/org/apache/ozone/ozone-filesystem-common/1.4.0-SNAPSHOT/ozone-filesystem-common-1.4.0-SNAPSHOT.jar:/home/runner/.m2/repository/org/apache/ozone/ozone-tools/1.4.0-SNAPSHOT/ozone-tools-1.4.0-SNAPSHOT.jar:/home/runner/.m2/repository/com/amazonaws/aws-java-sdk-core/1.12.261/aws-java-sdk-core-1.12.261.jar:/home/runner/.m2/repository/org/apache/httpcomponents/httpclient/4.5.13/httpclient-4.5.13.jar:/home/runner/.m2/repository/org/apache/httpcomponents/httpcore/4.4.13/httpcore-4.4.13.jar:/home/runner/.m2/repository/software/amazon/ion/ion-java/1.0.2/ion-java-1.0.2.jar:/home/runner/.m2/repository/com/fasterxml/jackson/dataformat/jackson-dataformat-cbor/2.13.4/jackson-dataformat-cbor-2.13.4.jar:/home/runner/.m2/repository/joda-time/joda-time/2.10.6/joda-time-2.10.6.jar:/home/runner/.m2/repository/com/amazonaws/aws-java-sdk-s3/1.12.261/aws-java-sdk-s3-1.12.261.jar:/home/runner/.m2/repository/com/amazonaws/aws-java-sdk-kms/1.12.261/aws-java-sdk-kms-1.12.261.jar:/home/runner/.m2/repository/com/amazonaws/jmespath-java/1.12.261/jmespath-java-1.12.261.jar:/home/runner/.m2/repository/org/kohsuke/metainf-services/metainf-services/1.8/metainf-services-1.8.jar:/home/runner/.m2/repository/org/apache/ozone/hdds-tools/1.4.0-SNAPSHOT/hdds-tools-1.4.0-SNAPSHOT.jar:/home/runner/.m2/repository/org/apache/ratis/ratis-tools/2.5.1/ratis-tools-2.5.1.jar:/home/runner/.m2/repository/commons-cli/commons-cli/1.2/commons-cli-1.2.jar:/home/runner/.m2/repository/org/apache/commons/commons-lang3/3.7/commons-lang3-3.7.jar:/home/runner/.m2/repository/org/apache/ozone/ozone-manager/1.4.0-SNAPSHOT/ozone-manager-1.4.0-SNAPSHOT-tests.jar:/home/runner/.m2/repository/org/apache/ozone/hdds-common/1.4.0-SNAPSHOT/hdds-common-1.4.0-SNAPSHOT-tests.jar:/home/runner/.m2/repository/org/apache/ozone/hdds-hadoop-dependency-client/1.4.0-SNAPSHOT/hdds-hadoop-dependency-client-1.4.0-SNAPSHOT.jar:/home/runner/.m2/repository/info/picocli/picocli/4.6.1/picocli-4.6.1.jar:/home/runner/.m2/repository/com/fasterxml/jackson/core/jackson-annotations/2.13.4/jackson-annotations-2.13.4.jar:/home/runner/.m2/repository/org/apache/ozone/hdds-annotation-processing/1.4.0-SNAPSHOT/hdds-annotation-processing-1.4.0-SNAPSHOT.jar:/home/runner/.m2/repository/javax/annotation/javax.annotation-api/1.2/javax.annotation-api-1.2.jar:/home/runner/.m2/repository/org/apache/ratis/ratis-netty/2.5.1/ratis-netty-2.5.1.jar:/home/runner/.m2/repository/org/apache/ratis/ratis-grpc/2.5.1/ratis-grpc-2.5.1.jar:/home/runner/.m2/repository/org/apache/logging/log4j/log4j-api/2.17.1/log4j-api-2.17.1.jar:/home/runner/.m2/repository/org/apache/commons/commons-pool2/2.6.0/commons-pool2-2.6.0.jar:/home/runner/.m2/repository/org/bouncycastle/bcpkix-jdk15on/1.67/bcpkix-jdk15on-1.67.jar:/home/runner/.m2/repository/commons-validator/commons-validator/1.6/commons-validator-1.6.jar:/home/runner/.m2/repository/commons-beanutils/commons-beanutils/1.9.4/commons-beanutils-1.9.4.jar:/home/runner/.m2/repository/commons-digester/commons-digester/1.8.1/commons-digester-1.8.1.jar:/home/runner/.m2/repository/commons-collections/commons-collections/3.2.2/commons-collections-3.2.2.jar:/home/runner/.m2/repository/io/jaegertracing/jaeger-client/1.6.0/jaeger-client-1.6.0.jar:/home/runner/.m2/repository/io/jaegertracing/jaeger-thrift/1.6.0/jaeger-thrift-1.6.0.jar:/home/runner/.m2/repository/org/apache/thrift/libthrift/0.14.1/libthrift-0.14.1.jar:/home/runner/.m2/repository/io/jaegertracing/jaeger-core/1.6.0/jaeger-core-1.6.0.jar:/home/runner/.m2/repository/io/jaegertracing/jaeger-tracerresolver/1.6.0/jaeger-tracerresolver-1.6.0.jar:/home/runner/.m2/repository/io/opentracing/contrib/opentracing-tracerresolver/0.1.8/opentracing-tracerresolver-0.1.8.jar:/home/runner/.m2/repository/org/jetbrains/kotlin/kotlin-stdlib/1.6.21/kotlin-stdlib-1.6.21.jar:/home/runner/.m2/repository/org/jetbrains/annotations/13.0/annotations-13.0.jar:/home/runner/.m2/repository/io/opentracing/opentracing-util/0.33.0/opentracing-util-0.33.0.jar:/home/runner/.m2/repository/io/opentracing/opentracing-api/0.33.0/opentracing-api-0.33.0.jar:/home/runner/.m2/repository/io/opentracing/opentracing-noop/0.33.0/opentracing-noop-0.33.0.jar:/home/runner/.m2/repository/org/yaml/snakeyaml/2.0/snakeyaml-2.0.jar:/home/runner/.m2/repository/io/grpc/grpc-api/1.51.1/grpc-api-1.51.1.jar:/home/runner/.m2/repository/io/grpc/grpc-context/1.51.1/grpc-context-1.51.1.jar:/home/runner/.m2/repository/junit/junit/4.13.1/junit-4.13.1.jar:/home/runner/.m2/repository/org/hamcrest/hamcrest-core/1.3/hamcrest-core-1.3.jar:/home/runner/.m2/repository/org/junit/jupiter/junit-jupiter-api/5.8.2/junit-jupiter-api-5.8.2.jar:/home/runner/.m2/repository/org/opentest4j/opentest4j/1.2.0/opentest4j-1.2.0.jar:/home/runner/.m2/repository/org/junit/platform/junit-platform-commons/1.8.2/junit-platform-commons-1.8.2.jar:/home/runner/.m2/repository/org/apiguardian/apiguardian-api/1.1.2/apiguardian-api-1.1.2.jar:/home/runner/.m2/repository/org/junit/jupiter/junit-jupiter-params/5.8.2/junit-jupiter-params-5.8.2.jar:/home/runner/.m2/repository/org/junit/jupiter/junit-jupiter-migrationsupport/5.8.2/junit-jupiter-migrationsupport-5.8.2.jar:/home/runner/.m2/repository/org/junit/jupiter/junit-jupiter-engine/5.8.2/junit-jupiter-engine-5.8.2.jar:/home/runner/.m2/repository/org/junit/platform/junit-platform-engine/1.8.2/junit-platform-engine-1.8.2.jar:/home/runner/.m2/repository/org/junit/vintage/junit-vintage-engine/5.8.2/junit-vintage-engine-5.8.2.jar:/home/runner/.m2/repository/org/junit/platform/junit-platform-launcher/1.8.2/junit-platform-launcher-1.8.2.jar:/home/runner/.m2/repository/org/mockito/mockito-core/2.28.2/mockito-core-2.28.2.jar:/home/runner/.m2/repository/net/bytebuddy/byte-buddy/1.9.10/byte-buddy-1.9.10.jar:/home/runner/.m2/repository/net/bytebuddy/byte-buddy-agent/1.9.10/byte-buddy-agent-1.9.10.jar:/home/runner/.m2/repository/org/objenesis/objenesis/1.0/objenesis-1.0.jar:/home/runner/.m2/repository/org/apache/hadoop/hadoop-kms/3.3.5/hadoop-kms-3.3.5.jar:/home/runner/.m2/repository/org/apache/hadoop/hadoop-auth/3.3.5/hadoop-auth-3.3.5.jar:/home/runner/.m2/repository/com/nimbusds/nimbus-jose-jwt/9.8.1/nimbus-jose-jwt-9.8.1.jar:/home/runner/.m2/repository/com/github/stephenc/jcip/jcip-annotations/1.0-1/jcip-annotations-1.0-1.jar:/home/runner/.m2/repository/net/minidev/json-smart/2.4.7/json-smart-2.4.7.jar:/home/runner/.m2/repository/net/minidev/accessors-smart/2.4.7/accessors-smart-2.4.7.jar:/home/runner/.m2/repository/org/ow2/asm/asm/5.0.4/asm-5.0.4.jar:/home/runner/.m2/repository/org/apache/zookeeper/zookeeper/3.5.6/zookeeper-3.5.6.jar:/home/runner/.m2/repository/org/apache/zookeeper/zookeeper-jute/3.5.6/zookeeper-jute-3.5.6.jar:/home/runner/.m2/repository/org/apache/yetus/audience-annotations/0.5.0/audience-annotations-0.5.0.jar:/home/runner/.m2/repository/org/apache/curator/curator-framework/4.2.0/curator-framework-4.2.0.jar:/home/runner/.m2/repository/org/apache/hadoop/thirdparty/hadoop-shaded-guava/1.1.1/hadoop-shaded-guava-1.1.1.jar:/home/runner/.m2/repository/com/sun/jersey/jersey-core/1.19/jersey-core-1.19.jar:/home/runner/.m2/repository/javax/ws/rs/jsr311-api/1.1.1/jsr311-api-1.1.1.jar:/home/runner/.m2/repository/com/sun/jersey/jersey-server/1.19/jersey-server-1.19.jar:/home/runner/.m2/repository/javax/servlet/javax.servlet-api/3.1.0/javax.servlet-api-3.1.0.jar:/home/runner/.m2/repository/org/apache/hadoop/hadoop-common/3.3.5/hadoop-common-3.3.5.jar:/home/runner/.m2/repository/org/apache/commons/commons-math3/3.1.1/commons-math3-3.1.1.jar:/home/runner/.m2/repository/commons-net/commons-net/3.9.0/commons-net-3.9.0.jar:/home/runner/.m2/repository/com/sun/jersey/jersey-servlet/1.19/jersey-servlet-1.19.jar:/home/runner/.m2/repository/com/github/pjfanning/jersey-json/1.20/jersey-json-1.20.jar:/home/runner/.m2/repository/org/codehaus/jettison/jettison/1.1/jettison-1.1.jar:/home/runner/.m2/repository/com/sun/xml/bind/jaxb-impl/2.2.3-1/jaxb-impl-2.2.3-1.jar:/home/runner/.m2/repository/com/google/re2j/re2j/1.1/re2j-1.1.jar:/home/runner/.m2/repository/com/jcraft/jsch/0.1.54/jsch-0.1.54.jar:/home/runner/.m2/repository/org/apache/curator/curator-client/4.2.0/curator-client-4.2.0.jar:/home/runner/.m2/repository/org/apache/curator/curator-recipes/4.2.0/curator-recipes-4.2.0.jar:/home/runner/.m2/repository/org/apache/kerby/kerb-core/1.0.1/kerb-core-1.0.1.jar:/home/runner/.m2/repository/org/apache/kerby/kerby-pkix/1.0.1/kerby-pkix-1.0.1.jar:/home/runner/.m2/repository/org/apache/kerby/kerby-asn1/1.0.1/kerby-asn1-1.0.1.jar:/home/runner/.m2/repository/org/apache/kerby/kerby-util/1.0.1/kerby-util-1.0.1.jar:/home/runner/.m2/repository/dnsjava/dnsjava/2.1.7/dnsjava-2.1.7.jar:/home/runner/.m2/repository/org/xerial/snappy/snappy-java/1.1.8.2/snappy-java-1.1.8.2.jar:/home/runner/.m2/repository/com/fasterxml/jackson/core/jackson-databind/2.13.4.2/jackson-databind-2.13.4.2.jar:/home/runner/.m2/repository/org/apache/hadoop/hadoop-kms/3.3.5/hadoop-kms-3.3.5-tests.jar:/home/runner/.m2/repository/org/apache/ozone/hdds-server-scm/1.4.0-SNAPSHOT/hdds-server-scm-1.4.0-SNAPSHOT-tests.jar:/home/runner/.m2/repository/org/apache/ozone/hdds-container-service/1.4.0-SNAPSHOT/hdds-container-service-1.4.0-SNAPSHOT-tests.jar:/home/runner/.m2/repository/com/github/luben/zstd-jni/1.5.2-5/zstd-jni-1.5.2-5.jar:/home/runner/.m2/repository/commons-codec/commons-codec/1.15/commons-codec-1.15.jar:/home/runner/.m2/repository/io/netty/netty-codec/4.1.86.Final/netty-codec-4.1.86.Final.jar:/home/runner/.m2/repository/io/netty/netty-handler/4.1.86.Final/netty-handler-4.1.86.Final.jar:/home/runner/.m2/repository/org/apache/ozone/hdds-hadoop-dependency-test/1.4.0-SNAPSHOT/hdds-hadoop-dependency-test-1.4.0-SNAPSHOT.jar:/home/runner/.m2/repository/org/apache/hadoop/hadoop-common/3.3.5/hadoop-common-3.3.5-tests.jar:/home/runner/.m2/repository/org/apache/hadoop/hadoop-hdfs/3.3.5/hadoop-hdfs-3.3.5-tests.jar:/home/runner/.m2/repository/org/assertj/assertj-core/3.12.2/assertj-core-3.12.2.jar:/home/runner/.m2/repository/org/apache/hadoop/hadoop-distcp/3.3.5/hadoop-distcp-3.3.5.jar:/home/runner/.m2/repository/org/apache/hadoop/hadoop-mapreduce-client-jobclient/3.3.5/hadoop-mapreduce-client-jobclient-3.3.5.jar:/home/runner/.m2/repository/org/apache/hadoop/hadoop-mapreduce-client-common/3.3.5/hadoop-mapreduce-client-common-3.3.5.jar:/home/runner/.m2/repository/org/apache/hadoop/hadoop-yarn-common/3.3.5/hadoop-yarn-common-3.3.5.jar:/home/runner/.m2/repository/org/apache/hadoop/hadoop-yarn-api/3.3.5/hadoop-yarn-api-3.3.5.jar:/home/runner/.m2/repository/com/sun/jersey/contribs/jersey-guice/1.19/jersey-guice-1.19.jar:/home/runner/.m2/repository/com/fasterxml/jackson/jaxrs/jackson-jaxrs-json-provider/2.13.4/jackson-jaxrs-json-provider-2.13.4.jar:/home/runner/.m2/repository/com/fasterxml/jackson/jaxrs/jackson-jaxrs-base/2.13.4/jackson-jaxrs-base-2.13.4.jar:/home/runner/.m2/repository/org/apache/hadoop/hadoop-yarn-client/3.3.5/hadoop-yarn-client-3.3.5.jar:/home/runner/.m2/repository/org/eclipse/jetty/websocket/websocket-client/9.4.48.v20220622/websocket-client-9.4.48.v20220622.jar:/home/runner/.m2/repository/org/eclipse/jetty/websocket/websocket-common/9.4.48.v20220622/websocket-common-9.4.48.v20220622.jar:/home/runner/.m2/repository/org/eclipse/jetty/websocket/websocket-api/9.4.48.v20220622/websocket-api-9.4.48.v20220622.jar:/home/runner/.m2/repository/org/jline/jline/3.9.0/jline-3.9.0.jar:/home/runner/.m2/repository/org/apache/hadoop/hadoop-mapreduce-client-core/3.3.5/hadoop-mapreduce-client-core-3.3.5.jar:/home/runner/.m2/repository/org/apache/avro/avro/1.7.7/avro-1.7.7.jar:/home/runner/.m2/repository/com/thoughtworks/paranamer/paranamer/2.3/paranamer-2.3.jar:/home/runner/.m2/repository/org/apache/hadoop/hadoop-annotations/3.3.5/hadoop-annotations-3.3.5.jar:/usr/lib/jvm/temurin-8-jdk-amd64/jre/../lib/tools.jar:/home/runner/.m2/repository/io/netty/netty/3.10.6.Final/netty-3.10.6.Final.jar:/home/runner/.m2/repository/org/apache/hadoop/hadoop-distcp/3.3.5/hadoop-distcp-3.3.5-tests.jar:/home/runner/.m2/repository/org/slf4j/jul-to-slf4j/1.7.36/jul-to-slf4j-1.7.36.jar:"/>
    <property name="sun.cpu.endian" value="little"/>
    <property name="user.home" value="/home/runner"/>
    <property name="user.language" value="en"/>
    <property name="java.specification.vendor" value="Oracle Corporation"/>
    <property name="java.home" value="/usr/lib/jvm/temurin-8-jdk-amd64/jre"/>
    <property name="java.security.krb5.conf" value="/home/runner/work/ozone/ozone/hadoop-ozone/integration-test/target/test-classes/krb5.conf"/>
    <property name="basedir" value="/home/runner/work/ozone/ozone/hadoop-ozone/integration-test"/>
    <property name="file.separator" value="/"/>
    <property name="line.separator" value="&#10;"/>
    <property name="java.vm.specification.vendor" value="Oracle Corporation"/>
    <property name="java.specification.name" value="Java Platform API Specification"/>
    <property name="java.awt.graphicsenv" value="sun.awt.X11GraphicsEnvironment"/>
    <property name="skip.installnpx" value="true"/>
    <property name="surefire.real.class.path" value="/home/runner/work/ozone/ozone/hadoop-ozone/integration-test/target/surefire/surefirebooter7490742450839813108.jar:/home/runner/.m2/repository/org/jacoco/org.jacoco.agent/0.8.5/org.jacoco.agent-0.8.5-runtime.jar"/>
    <property name="hadoop.log.dir" value="/home/runner/work/ozone/ozone/hadoop-ozone/integration-test/target/log"/>
    <property name="sun.boot.class.path" value="/usr/lib/jvm/temurin-8-jdk-amd64/jre/lib/resources.jar:/usr/lib/jvm/temurin-8-jdk-amd64/jre/lib/rt.jar:/usr/lib/jvm/temurin-8-jdk-amd64/jre/lib/sunrsasign.jar:/usr/lib/jvm/temurin-8-jdk-amd64/jre/lib/jsse.jar:/usr/lib/jvm/temurin-8-jdk-amd64/jre/lib/jce.jar:/usr/lib/jvm/temurin-8-jdk-amd64/jre/lib/charsets.jar:/usr/lib/jvm/temurin-8-jdk-amd64/jre/lib/jfr.jar:/usr/lib/jvm/temurin-8-jdk-amd64/jre/classes"/>
    <property name="sun.management.compiler" value="HotSpot 64-Bit Tiered Compilers"/>
    <property name="skip.npx" value="true"/>
    <property name="java.runtime.version" value="1.8.0_372-b07"/>
    <property name="java.net.preferIPv4Stack" value="true"/>
    <property name="user.name" value="runner"/>
    <property name="path.separator" value=":"/>
    <property name="java.security.egd" value="file:///dev/urandom"/>
    <property name="os.version" value="5.15.0-1038-azure"/>
    <property name="java.endorsed.dirs" value="/usr/lib/jvm/temurin-8-jdk-amd64/jre/lib/endorsed"/>
    <property name="java.runtime.name" value="OpenJDK Runtime Environment"/>
    <property name="file.encoding" value="UTF-8"/>
    <property name="java.vm.name" value="OpenJDK 64-Bit Server VM"/>
    <property name="test.build.webapps" value=""/>
    <property name="localRepository" value="/home/runner/.m2/repository"/>
    <property name="jetty.git.hash" value="b45c405e4544384de066f814ed42ae3dceacdd49"/>
    <property name="java.vendor.url.bug" value="https://github.com/adoptium/adoptium-support/issues"/>
    <property name="java.io.tmpdir" value="/tmp"/>
    <property name="require.test.libhadoop" value=""/>
    <property name="java.version" value="1.8.0_372"/>
    <property name="user.dir" value="/home/runner/work/ozone/ozone/hadoop-ozone/integration-test"/>
    <property name="os.arch" value="amd64"/>
    <property name="java.vm.specification.name" value="Java Virtual Machine Specification"/>
    <property name="test.build.classes" value="/home/runner/work/ozone/ozone/hadoop-ozone/integration-test/target/test-classes"/>
    <property name="java.awt.printerjob" value="sun.print.PSPrinterJob"/>
    <property name="sun.os.patch.level" value="unknown"/>
    <property name="org.apache.ratis.thirdparty.io.netty.allocator.useCacheForAllThreads" value="false"/>
    <property name="hadoop.tmp.dir" value="/home/runner/work/ozone/ozone/hadoop-ozone/integration-test/target/tmp"/>
    <property name="java.library.path" value="/usr/java/packages/lib/amd64:/usr/lib64:/lib64:/lib:/usr/lib"/>
    <property name="java.vm.info" value="mixed mode"/>
    <property name="java.vendor" value="Temurin"/>
    <property name="java.vm.version" value="25.372-b07"/>
    <property name="java.specification.maintenance.version" value="4"/>
    <property name="java.ext.dirs" value="/usr/lib/jvm/temurin-8-jdk-amd64/jre/lib/ext:/usr/java/packages/lib/ext"/>
    <property name="sun.io.unicode.encoding" value="UnicodeLittle"/>
    <property name="java.class.version" value="52.0"/>
  </properties>
  <testcase name="testDeleteVolumeAndBucket" classname="org.apache.hadoop.fs.ozone.TestRootedDDSWithFSO" time="1.507">
    <error type="org.apache.hadoop.fs.PathIsNotEmptyDirectoryException"><![CDATA[org.apache.hadoop.fs.PathIsNotEmptyDirectoryException: `/volume96335/bucket05953': Directory is not empty
	at org.apache.hadoop.fs.ozone.BasicRootedOzoneFileSystem.deleteBucketFromVolume(BasicRootedOzoneFileSystem.java:767)
	at org.apache.hadoop.fs.ozone.BasicRootedOzoneFileSystem.deleteBucket(BasicRootedOzoneFileSystem.java:739)
	at org.apache.hadoop.fs.ozone.BasicRootedOzoneFileSystem.delete(BasicRootedOzoneFileSystem.java:667)
	at org.apache.hadoop.fs.ozone.BasicRootedOzoneFileSystem.deleteVolume(BasicRootedOzoneFileSystem.java:794)
	at org.apache.hadoop.fs.ozone.BasicRootedOzoneFileSystem.delete(BasicRootedOzoneFileSystem.java:662)
	at org.apache.hadoop.fs.ozone.TestRootedDDSWithFSO.testDeleteVolumeAndBucket(TestRootedDDSWithFSO.java:194)
	at sun.reflect.NativeMethodAccessorImpl.invoke0(Native Method)
	at sun.reflect.NativeMethodAccessorImpl.invoke(NativeMethodAccessorImpl.java:62)
	at sun.reflect.DelegatingMethodAccessorImpl.invoke(DelegatingMethodAccessorImpl.java:43)
	at java.lang.reflect.Method.invoke(Method.java:498)
	at org.junit.runners.model.FrameworkMethod$1.runReflectiveCall(FrameworkMethod.java:59)
	at org.junit.internal.runners.model.ReflectiveCallable.run(ReflectiveCallable.java:12)
	at org.junit.runners.model.FrameworkMethod.invokeExplosively(FrameworkMethod.java:56)
	at org.junit.internal.runners.statements.InvokeMethod.evaluate(InvokeMethod.java:17)
	at org.junit.internal.runners.statements.RunAfters.evaluate(RunAfters.java:27)
	at org.junit.runners.ParentRunner$3.evaluate(ParentRunner.java:306)
	at org.junit.runners.BlockJUnit4ClassRunner$1.evaluate(BlockJUnit4ClassRunner.java:100)
	at org.junit.runners.ParentRunner.runLeaf(ParentRunner.java:366)
	at org.junit.runners.BlockJUnit4ClassRunner.runChild(BlockJUnit4ClassRunner.java:103)
	at org.junit.runners.BlockJUnit4ClassRunner.runChild(BlockJUnit4ClassRunner.java:63)
	at org.junit.runners.ParentRunner$4.run(ParentRunner.java:331)
	at org.junit.runners.ParentRunner$1.schedule(ParentRunner.java:79)
	at org.junit.runners.ParentRunner.runChildren(ParentRunner.java:329)
	at org.junit.runners.ParentRunner.access$100(ParentRunner.java:66)
	at org.junit.runners.ParentRunner$2.evaluate(ParentRunner.java:293)
	at org.junit.internal.runners.statements.RunBefores.evaluate(RunBefores.java:26)
	at org.junit.internal.runners.statements.RunAfters.evaluate(RunAfters.java:27)
	at org.junit.runners.ParentRunner$3.evaluate(ParentRunner.java:306)
	at org.junit.runners.ParentRunner.run(ParentRunner.java:413)
	at org.junit.runner.JUnitCore.run(JUnitCore.java:137)
	at org.junit.runner.JUnitCore.run(JUnitCore.java:115)
	at org.junit.vintage.engine.execution.RunnerExecutor.execute(RunnerExecutor.java:42)
	at org.junit.vintage.engine.VintageTestEngine.executeAllChildren(VintageTestEngine.java:80)
	at org.junit.vintage.engine.VintageTestEngine.execute(VintageTestEngine.java:72)
	at org.junit.platform.launcher.core.EngineExecutionOrchestrator.execute(EngineExecutionOrchestrator.java:107)
	at org.junit.platform.launcher.core.EngineExecutionOrchestrator.execute(EngineExecutionOrchestrator.java:88)
	at org.junit.platform.launcher.core.EngineExecutionOrchestrator.lambda$execute$0(EngineExecutionOrchestrator.java:54)
	at org.junit.platform.launcher.core.EngineExecutionOrchestrator.withInterceptedStreams(EngineExecutionOrchestrator.java:67)
	at org.junit.platform.launcher.core.EngineExecutionOrchestrator.execute(EngineExecutionOrchestrator.java:52)
	at org.junit.platform.launcher.core.DefaultLauncher.execute(DefaultLauncher.java:114)
	at org.junit.platform.launcher.core.DefaultLauncher.execute(DefaultLauncher.java:86)
	at org.junit.platform.launcher.core.DefaultLauncherSession$DelegatingLauncher.execute(DefaultLauncherSession.java:86)
	at org.junit.platform.launcher.core.SessionPerRequestLauncher.execute(SessionPerRequestLauncher.java:53)
	at org.apache.maven.surefire.junitplatform.JUnitPlatformProvider.execute(JUnitPlatformProvider.java:188)
	at org.apache.maven.surefire.junitplatform.JUnitPlatformProvider.invokeAllTests(JUnitPlatformProvider.java:154)
	at org.apache.maven.surefire.junitplatform.JUnitPlatformProvider.invoke(JUnitPlatformProvider.java:124)
	at org.apache.maven.surefire.booter.ForkedBooter.runSuitesInProcess(ForkedBooter.java:428)
	at org.apache.maven.surefire.booter.ForkedBooter.execute(ForkedBooter.java:162)
	at org.apache.maven.surefire.booter.ForkedBooter.run(ForkedBooter.java:562)
	at org.apache.maven.surefire.booter.ForkedBooter.main(ForkedBooter.java:548)
]]></error>
    <system-out><![CDATA[2023-06-06 16:08:51,125 [main] WARN  server.ServerUtils (ServerUtils.java:getScmDbDir(155)) - ozone.scm.db.dirs is not configured. We recommend adding this setting. Falling back to ozone.metadata.dirs instead.
2023-06-06 16:08:51,344 [main] INFO  reflections.Reflections (Reflections.java:scan(232)) - Reflections took 142 ms to scan 7 urls, producing 158 keys and 368 values 
2023-06-06 16:08:51,519 [main] WARN  server.ServerUtils (ServerUtils.java:getScmDbDir(155)) - ozone.scm.db.dirs is not configured. We recommend adding this setting. Falling back to ozone.metadata.dirs instead.
2023-06-06 16:08:51,523 [main] INFO  ha.SCMHANodeDetails (SCMHANodeDetails.java:loadSCMHAConfig(209)) - ServiceID for StorageContainerManager is null
2023-06-06 16:08:51,527 [main] WARN  ha.SCMHANodeDetails (SCMHANodeDetails.java:validateSCMHAConfig(182)) - Invalid config ozone.scm.ratis.enable. The config was not specified, but the default value true conflicts with the expected config value false. Falling back to the expected value. Current State of SCM: SCM is running in Non-HA without Ratis Ratis SCM -> Non Ratis SCM or Non HA SCM -> HA SCM is not supported
2023-06-06 16:08:51,528 [main] INFO  ha.SCMHANodeDetails (SCMHANodeDetails.java:loadSCMHAConfig(214)) - ozone.scm.default.service.id is not defined, falling back to ozone.scm.service.ids to find serviceID for StorageContainerManager if it is HA enabled cluster
2023-06-06 16:08:52,148 [main] WARN  utils.HAUtils (HAUtils.java:getMetaDir(352)) - ozone.scm.db.dirs is not configured. We recommend adding this setting. Falling back to ozone.metadata.dirs instead.
2023-06-06 16:08:52,292 [main] WARN  db.DBStoreBuilder (DBStoreBuilder.java:applyDBDefinition(165)) - ozone.scm.db.dirs is not configured. We recommend adding this setting. Falling back to ozone.metadata.dirs instead.
2023-06-06 16:08:52,523 [main] INFO  net.NodeSchemaLoader (NodeSchemaLoader.java:loadSchemaFromFile(129)) - Loading schema from [jar:file:/home/runner/.m2/repository/org/apache/ozone/hdds-common/1.4.0-SNAPSHOT/hdds-common-1.4.0-SNAPSHOT.jar!/network-topology-default.xml]
2023-06-06 16:08:52,525 [main] INFO  net.NodeSchemaLoader (NodeSchemaLoader.java:loadSchema(176)) - Loading network topology layer schema file
2023-06-06 16:08:52,569 [main] INFO  metrics.MetricRegistries (MetricRegistriesLoader.java:load(64)) - Loaded MetricRegistries class org.apache.ratis.metrics.impl.MetricRegistriesImpl
2023-06-06 16:08:52,587 [main] INFO  upgrade.AbstractLayoutVersionManager (AbstractLayoutVersionManager.java:init(83)) - Initializing Layout version manager with metadata layout = HADOOP_PRC_PORTS_IN_DATANODEDETAILS (version = 7), software layout = HADOOP_PRC_PORTS_IN_DATANODEDETAILS (version = 7)
2023-06-06 16:08:52,792 [main] INFO  ha.SequenceIdGenerator (SequenceIdGenerator.java:upgradeToSequenceId(349)) - upgrade localId to 111677748019200000
2023-06-06 16:08:52,793 [main] INFO  ha.SequenceIdGenerator (SequenceIdGenerator.java:upgradeToSequenceId(359)) - upgrade delTxnId to 0
2023-06-06 16:08:52,797 [main] INFO  ha.SequenceIdGenerator (SequenceIdGenerator.java:upgradeToSequenceId(376)) - upgrade containerId to 0
2023-06-06 16:08:52,799 [main] INFO  ha.SequenceIdGenerator (SequenceIdGenerator.java:<init>(220)) - Init the HA SequenceIdGenerator.
2023-06-06 16:08:52,868 [main] WARN  server.ServerUtils (ServerUtils.java:sanitizeUserArgs(80)) - ozone.scm.stale.node.interval value = 300000 is larger than max = 100000 based on the key value of ozone.scm.heartbeat.thread.interval, reset to the max value 100000.
2023-06-06 16:08:52,868 [main] WARN  server.ServerUtils (ServerUtils.java:sanitizeUserArgs(80)) - ozone.scm.stale.node.interval value = 300000 is larger than max = 100000 based on the key value of ozone.scm.heartbeat.thread.interval, reset to the max value 100000.
2023-06-06 16:08:52,874 [main] INFO  node.SCMNodeManager (SCMNodeManager.java:<init>(159)) - Entering startup safe mode.
2023-06-06 16:08:52,889 [main] INFO  algorithms.ContainerPlacementPolicyFactory (ContainerPlacementPolicyFactory.java:getPolicyInternal(86)) - Create container placement policy of type org.apache.hadoop.hdds.scm.container.placement.algorithms.SCMContainerPlacementRackAware
2023-06-06 16:08:52,892 [main] INFO  algorithms.ContainerPlacementPolicyFactory (ContainerPlacementPolicyFactory.java:getPolicyInternal(86)) - Create container placement policy of type org.apache.hadoop.hdds.scm.container.placement.algorithms.SCMContainerPlacementRackScatter
2023-06-06 16:08:52,900 [main] INFO  pipeline.PipelineStateManagerImpl (PipelineStateManagerImpl.java:initialize(78)) - No pipeline exists in current db
2023-06-06 16:08:52,913 [main] INFO  algorithms.LeaderChoosePolicyFactory (LeaderChoosePolicyFactory.java:getPolicy(57)) - Create leader choose policy of type org.apache.hadoop.hdds.scm.pipeline.leader.choose.algorithms.MinLeaderCountChoosePolicy
2023-06-06 16:08:52,913 [main] INFO  algorithms.ContainerPlacementPolicyFactory (ContainerPlacementPolicyFactory.java:getPolicyInternal(86)) - Create container placement policy of type org.apache.hadoop.hdds.scm.container.placement.algorithms.SCMContainerPlacementRackScatter
2023-06-06 16:08:52,919 [main] INFO  ha.SCMServiceManager (SCMServiceManager.java:register(42)) - Registering service BackgroundPipelineCreator.
2023-06-06 16:08:52,919 [main] INFO  pipeline.BackgroundPipelineCreator (BackgroundPipelineCreator.java:start(124)) - Starting RatisPipelineUtilsThread.
2023-06-06 16:08:52,922 [main] INFO  BackgroundPipelineScrubber (BackgroundSCMService.java:start(68)) - Starting BackgroundPipelineScrubber Service.
2023-06-06 16:08:52,925 [main] INFO  ha.SCMServiceManager (SCMServiceManager.java:register(42)) - Registering service BackgroundPipelineScrubber.
2023-06-06 16:08:52,931 [main] INFO  ExpiredContainerReplicaOpScrubber (BackgroundSCMService.java:start(68)) - Starting ExpiredContainerReplicaOpScrubber Service.
2023-06-06 16:08:52,931 [main] INFO  ha.SCMServiceManager (SCMServiceManager.java:register(42)) - Registering service ExpiredContainerReplicaOpScrubber.
2023-06-06 16:08:52,963 [main] INFO  algorithms.PipelineChoosePolicyFactory (PipelineChoosePolicyFactory.java:createPipelineChoosePolicyFromClass(73)) - Create pipeline choose policy of type org.apache.hadoop.hdds.scm.pipeline.choose.algorithms.RandomPipelineChoosePolicy
2023-06-06 16:08:52,982 [main] INFO  ha.SCMServiceManager (SCMServiceManager.java:register(42)) - Registering service SCMBlockDeletingService.
2023-06-06 16:08:53,035 [main] INFO  replication.ReplicationManager (ReplicationManager.java:start(299)) - Starting Replication Monitor Thread.
2023-06-06 16:08:53,050 [main] INFO  ha.SCMServiceManager (SCMServiceManager.java:register(42)) - Registering service ReplicationManager.
2023-06-06 16:08:53,053 [ReplicationMonitor] INFO  replication.ReplicationManager (ReplicationManager.java:processAll(374)) - Replication Manager is not ready to run until 3000ms after safemode exit
2023-06-06 16:08:53,067 [main] INFO  safemode.ContainerSafeModeRule (ContainerSafeModeRule.java:<init>(89)) - containers with one replica threshold count 0
2023-06-06 16:08:53,072 [main] INFO  safemode.HealthyPipelineSafeModeRule (HealthyPipelineSafeModeRule.java:initializeRule(169)) - Total pipeline count is 0, healthy pipeline threshold count is 1
2023-06-06 16:08:53,074 [main] INFO  safemode.OneReplicaPipelineSafeModeRule (OneReplicaPipelineSafeModeRule.java:initializeRule(180)) - Total pipeline count is 0, pipeline's with at least one datanode reported threshold count is 0
2023-06-06 16:08:53,130 [main] INFO  server.StorageContainerManager (StorageContainerManager.java:<init>(404)) - SCM start with adminUsers: [runner]
2023-06-06 16:08:53,474 [main] INFO  audit.AuditLogger (AuditLogger.java:refreshDebugCmdSet(126)) - Refresh DebugCmdSet for SCMAudit to [].
2023-06-06 16:08:53,507 [main] INFO  ipc.CallQueueManager (CallQueueManager.java:<init>(90)) - Using callQueue: class java.util.concurrent.LinkedBlockingQueue, queueCapacity: 2000, scheduler: class org.apache.hadoop.ipc.DefaultRpcScheduler, ipcBackoff: false.
2023-06-06 16:08:53,547 [Socket Reader #1 for port 15002] INFO  ipc.Server (Server.java:run(1319)) - Starting Socket Reader #1 for port 15002
2023-06-06 16:08:53,589 [Listener at 0.0.0.0/15002] INFO  hdds.HddsUtils (HddsUtils.java:preserveThreadName(843)) - Restoring thread name: main
2023-06-06 16:08:53,614 [main] INFO  audit.AuditLogger (AuditLogger.java:refreshDebugCmdSet(126)) - Refresh DebugCmdSet for SCMAudit to [].
2023-06-06 16:08:53,619 [main] INFO  ipc.CallQueueManager (CallQueueManager.java:<init>(90)) - Using callQueue: class java.util.concurrent.LinkedBlockingQueue, queueCapacity: 2000, scheduler: class org.apache.hadoop.ipc.DefaultRpcScheduler, ipcBackoff: false.
2023-06-06 16:08:53,620 [Socket Reader #1 for port 15001] INFO  ipc.Server (Server.java:run(1319)) - Starting Socket Reader #1 for port 15001
2023-06-06 16:08:53,623 [Listener at 0.0.0.0/15001] INFO  hdds.HddsUtils (HddsUtils.java:preserveThreadName(843)) - Restoring thread name: main
2023-06-06 16:08:53,655 [main] INFO  audit.AuditLogger (AuditLogger.java:refreshDebugCmdSet(126)) - Refresh DebugCmdSet for SCMAudit to [].
2023-06-06 16:08:53,665 [main] INFO  ipc.CallQueueManager (CallQueueManager.java:<init>(90)) - Using callQueue: class java.util.concurrent.LinkedBlockingQueue, queueCapacity: 2000, scheduler: class org.apache.hadoop.ipc.DefaultRpcScheduler, ipcBackoff: false.
2023-06-06 16:08:53,666 [Socket Reader #1 for port 15000] INFO  ipc.Server (Server.java:run(1319)) - Starting Socket Reader #1 for port 15000
2023-06-06 16:08:53,668 [Listener at 0.0.0.0/15000] INFO  hdds.HddsUtils (HddsUtils.java:preserveThreadName(843)) - Restoring thread name: main
2023-06-06 16:08:53,718 [main] INFO  ha.SCMServiceManager (SCMServiceManager.java:register(42)) - Registering service ContainerBalancer.
2023-06-06 16:08:53,719 [main] INFO  server.StorageContainerManager (StorageContainerManager.java:<init>(416)) - 
Container Balancer status:
Key                            Value
Running                        false
Container Balancer Configuration values:
Key                                                Value
Threshold                                          10
Max Datanodes to Involve per Iteration(percent)    20
Max Size to Move per Iteration                     500GB
Max Size Entering Target per Iteration             26GB
Max Size Leaving Source per Iteration              26GB

2023-06-06 16:08:53,719 [main] INFO  ha.SCMContext (SCMContext.java:updateSafeModeStatus(228)) - Update SafeModeStatus from SafeModeStatus{safeModeStatus=true, preCheckPassed=false} to SafeModeStatus{safeModeStatus=true, preCheckPassed=false}.
2023-06-06 16:08:53,727 [main] INFO  server.StorageContainerManager (StorageContainerManager.java:start(1468)) - StorageContainerLocationProtocol RPC server is listening at /0.0.0.0:15000
2023-06-06 16:08:53,797 [main] WARN  impl.MetricsConfig (MetricsConfig.java:loadFirst(136)) - Cannot locate configuration: tried hadoop-metrics2-storagecontainermanager.properties,hadoop-metrics2.properties
2023-06-06 16:08:53,817 [main] INFO  impl.MetricsSystemImpl (MetricsSystemImpl.java:startTimer(378)) - Scheduled Metric snapshot period at 10 second(s).
2023-06-06 16:08:53,817 [main] INFO  impl.MetricsSystemImpl (MetricsSystemImpl.java:start(191)) - StorageContainerManager metrics system started
2023-06-06 16:08:54,088 [main] INFO  server.SCMClientProtocolServer (SCMClientProtocolServer.java:start(199)) - RPC server for Client  is listening at /0.0.0.0:15000
2023-06-06 16:08:54,089 [IPC Server Responder] INFO  ipc.Server (Server.java:run(1558)) - IPC Server Responder: starting
2023-06-06 16:08:54,091 [IPC Server listener on 15000] INFO  ipc.Server (Server.java:run(1398)) - IPC Server listener on 15000: starting
2023-06-06 16:08:54,101 [main] INFO  server.StorageContainerManager (StorageContainerManager.java:start(1482)) - ScmBlockLocationProtocol RPC server is listening at /0.0.0.0:15001
2023-06-06 16:08:54,102 [main] INFO  server.SCMBlockProtocolServer (SCMBlockProtocolServer.java:start(152)) - RPC server for Block Protocol is listening at /0.0.0.0:15001
2023-06-06 16:08:54,104 [IPC Server Responder] INFO  ipc.Server (Server.java:run(1558)) - IPC Server Responder: starting
2023-06-06 16:08:54,104 [IPC Server listener on 15001] INFO  ipc.Server (Server.java:run(1398)) - IPC Server listener on 15001: starting
2023-06-06 16:08:54,122 [main] INFO  server.SCMDatanodeProtocolServer (SCMDatanodeProtocolServer.java:start(193)) - ScmDatanodeProtocol RPC server for DataNodes is listening at /0.0.0.0:15002
2023-06-06 16:08:54,123 [IPC Server Responder] INFO  ipc.Server (Server.java:run(1558)) - IPC Server Responder: starting
2023-06-06 16:08:54,123 [IPC Server listener on 15002] INFO  ipc.Server (Server.java:run(1398)) - IPC Server listener on 15002: starting
2023-06-06 16:08:54,142 [JvmPauseMonitor0] INFO  util.JvmPauseMonitor (JvmPauseMonitor.java:run(103)) - JvmPauseMonitor-be004e91-9151-4a5f-b0a5-f2e996579ed2: Started
2023-06-06 16:08:54,148 [main] INFO  http.BaseHttpServer (BaseHttpServer.java:newHttpServer2BuilderForOzone(224)) - Starting Web-server for scm at: http://0.0.0.0:15003
2023-06-06 16:08:54,148 [main] INFO  http.BaseHttpServer (BaseHttpServer.java:<init>(111)) - Hadoop Security Enabled: false Ozone Security Enabled: false Ozone HTTP Security Enabled: false 
2023-06-06 16:08:54,176 [main] INFO  util.log (Log.java:initialized(170)) - Logging initialized @4408ms to org.eclipse.jetty.util.log.Slf4jLog
2023-06-06 16:08:54,267 [main] WARN  server.AuthenticationFilter (AuthenticationFilter.java:constructSecretProvider(240)) - Unable to initialize FileSignerSecretProvider, falling back to use random secrets. Reason: Could not read signature secret file: /home/runner/hadoop-http-auth-signature-secret
2023-06-06 16:08:54,273 [main] INFO  http.HttpRequestLog (HttpRequestLog.java:getRequestLog(86)) - Http request log for http.requests.scm is not defined
2023-06-06 16:08:54,280 [main] INFO  http.HttpServer2 (HttpServer2.java:addGlobalFilter(1031)) - Added global filter 'safety' (class=org.apache.hadoop.hdds.server.http.HttpServer2$QuotingInputFilter)
2023-06-06 16:08:54,282 [main] INFO  http.HttpServer2 (HttpServer2.java:addFilter(1007)) - Added filter static_user_filter (class=org.apache.hadoop.http.lib.StaticUserWebFilter$StaticUserFilter) to context scm
2023-06-06 16:08:54,283 [main] INFO  http.HttpServer2 (HttpServer2.java:addFilter(1015)) - Added filter static_user_filter (class=org.apache.hadoop.http.lib.StaticUserWebFilter$StaticUserFilter) to context logs
2023-06-06 16:08:54,283 [main] INFO  http.HttpServer2 (HttpServer2.java:addFilter(1015)) - Added filter static_user_filter (class=org.apache.hadoop.http.lib.StaticUserWebFilter$StaticUserFilter) to context static
2023-06-06 16:08:54,317 [main] INFO  http.BaseHttpServer (BaseHttpServer.java:<init>(190)) - HTTP server of scm uses base directory /home/runner/work/ozone/ozone/hadoop-ozone/integration-test/target/test-dir/MiniOzoneClusterImpl-f3fe63fb-43ef-4153-9b86-93c9d8ad9adb/ozone-meta/webserver
2023-06-06 16:08:54,318 [main] INFO  http.HttpServer2 (HttpServer2.java:bindListener(1250)) - Jetty bound to port 15003
2023-06-06 16:08:54,320 [main] INFO  server.Server (Server.java:doStart(375)) - jetty-9.4.51.v20230217; built: 2023-02-17T08:19:37.309Z; git: b45c405e4544384de066f814ed42ae3dceacdd49; jvm 1.8.0_372-b07
2023-06-06 16:08:54,347 [main] INFO  server.session (DefaultSessionIdManager.java:doStart(334)) - DefaultSessionIdManager workerName=node0
2023-06-06 16:08:54,347 [main] INFO  server.session (DefaultSessionIdManager.java:doStart(339)) - No SessionScavenger set, using defaults
2023-06-06 16:08:54,348 [main] INFO  server.session (HouseKeeper.java:startScavenging(132)) - node0 Scavenging every 660000ms
2023-06-06 16:08:54,360 [main] INFO  handler.ContextHandler (ContextHandler.java:doStart(921)) - Started o.e.j.s.ServletContextHandler@71eead09{logs,/logs,file:///home/runner/work/ozone/ozone/hadoop-ozone/integration-test/target/log,AVAILABLE}
2023-06-06 16:08:54,361 [main] INFO  handler.ContextHandler (ContextHandler.java:doStart(921)) - Started o.e.j.s.ServletContextHandler@7ceb7a60{static,/static,file:///home/runner/work/ozone/ozone/hadoop-ozone/integration-test/target/test-classes/webapps/static,AVAILABLE}
2023-06-06 16:08:54,407 [main] INFO  handler.ContextHandler (ContextHandler.java:doStart(921)) - Started o.e.j.w.WebAppContext@147203c2{scm,/,file:///home/runner/work/ozone/ozone/hadoop-ozone/integration-test/target/test-classes/webapps/scm/,AVAILABLE}{file:/home/runner/work/ozone/ozone/hadoop-ozone/integration-test/target/test-classes/webapps/scm}
2023-06-06 16:08:54,419 [main] INFO  server.AbstractConnector (AbstractConnector.java:doStart(333)) - Started ServerConnector@4f466207{HTTP/1.1, (http/1.1)}{0.0.0.0:15003}
2023-06-06 16:08:54,419 [main] INFO  server.Server (Server.java:doStart(415)) - Started @4651ms
2023-06-06 16:08:54,423 [main] INFO  impl.MetricsSinkAdapter (MetricsSinkAdapter.java:start(204)) - Sink prometheus started
2023-06-06 16:08:54,423 [main] INFO  impl.MetricsSystemImpl (MetricsSystemImpl.java:registerSink(305)) - Registered sink prometheus
2023-06-06 16:08:54,425 [main] INFO  http.BaseHttpServer (BaseHttpServer.java:updateConnectorAddress(344)) - HTTP server of scm listening at http://0.0.0.0:15003
2023-06-06 16:08:54,430 [main] WARN  server.ServerUtils (ServerUtils.java:getDBPath(311)) - ozone.om.db.dirs is not configured. We recommend adding this setting. Falling back to ozone.metadata.dirs instead.
2023-06-06 16:08:54,503 [main] INFO  audit.AuditLogger (AuditLogger.java:refreshDebugCmdSet(126)) - Refresh DebugCmdSet for OMAudit to [].
2023-06-06 16:08:54,583 [main] INFO  ha.OMHANodeDetails (OMHANodeDetails.java:loadOMHAConfig(115)) - ozone.om.internal.service.id is not defined, falling back to ozone.om.service.ids to find serviceID for OzoneManager if it is HA enabled cluster
2023-06-06 16:08:54,586 [main] INFO  ha.OMHANodeDetails (OMHANodeDetails.java:loadOMHAConfig(226)) - Configuration does not have ozone.om.address set. Falling back to the default OM address /127.0.0.1:15004
2023-06-06 16:08:54,586 [main] INFO  ha.OMHANodeDetails (OMHANodeDetails.java:getOMNodeDetailsForNonHA(254)) - OM Service ID is not set. Setting it to the default ID: omServiceIdDefault
2023-06-06 16:08:54,588 [main] INFO  ha.OMHANodeDetails (OMHANodeDetails.java:getOMNodeDetailsForNonHA(261)) - OM Node ID is not set. Setting it to the default ID: om1
2023-06-06 16:08:54,592 [main] WARN  server.ServerUtils (ServerUtils.java:getDBPath(311)) - ozone.om.db.dirs is not configured. We recommend adding this setting. Falling back to ozone.metadata.dirs instead.
2023-06-06 16:08:54,596 [main] INFO  upgrade.AbstractLayoutVersionManager (AbstractLayoutVersionManager.java:init(83)) - Initializing Layout version manager with metadata layout = FILESYSTEM_SNAPSHOT (version = 5), software layout = FILESYSTEM_SNAPSHOT (version = 5)
2023-06-06 16:08:54,702 [main] INFO  reflections.Reflections (Reflections.java:scan(232)) - Reflections took 101 ms to scan 2 urls, producing 178 keys and 491 values [using 2 cores]
2023-06-06 16:08:54,710 [main] INFO  upgrade.OMLayoutVersionManager (OMLayoutVersionManager.java:lambda$0(115)) - Skipping Upgrade Action MockOmUpgradeAction since it has been finalized.
2023-06-06 16:08:54,713 [main] WARN  server.ServerUtils (ServerUtils.java:getDBPath(311)) - ozone.om.db.dirs is not configured. We recommend adding this setting. Falling back to ozone.metadata.dirs instead.
2023-06-06 16:08:54,881 [main] INFO  proxy.SCMBlockLocationFailoverProxyProvider (SCMBlockLocationFailoverProxyProvider.java:<init>(114)) - Created block location fail-over proxy with 1 nodes: [nodeId=scmNodeId,nodeAddress=/0.0.0.0:15001]
2023-06-06 16:08:54,916 [main] INFO  proxy.SCMBlockLocationFailoverProxyProvider (SCMBlockLocationFailoverProxyProvider.java:<init>(114)) - Created block location fail-over proxy with 1 nodes: [nodeId=scmNodeId,nodeAddress=/0.0.0.0:15001]
2023-06-06 16:08:55,169 [main] INFO  om.OzoneManager (OzoneManager.java:<init>(642)) - OM start with adminUsers: [runner]
2023-06-06 16:08:55,183 [main] WARN  server.ServerUtils (ServerUtils.java:getDBPath(311)) - ozone.om.db.dirs is not configured. We recommend adding this setting. Falling back to ozone.metadata.dirs instead.
2023-06-06 16:08:55,209 [main] INFO  helpers.OmKeyInfo (OmKeyInfo.java:getCodec(71)) - OmKeyInfo.getCodec ignorePipeline = true
2023-06-06 16:08:55,511 [main] INFO  om.OzoneManager (OzoneManager.java:instantiateServices(771)) - S3 Multi-Tenancy is disabled
2023-06-06 16:08:55,542 [main] INFO  om.OmSnapshotManager (OmSnapshotManager.java:<init>(170)) - Ozone filesystem snapshot feature is enabled.
2023-06-06 16:08:55,550 [main] WARN  server.ServerUtils (ServerUtils.java:getDBPath(311)) - ozone.om.snapshot.diff.db.dir is not configured. We recommend adding this setting. Falling back to ozone.metadata.dirs instead.
2023-06-06 16:08:55,595 [main] INFO  utils.NativeLibraryLoader (NativeLibraryLoader.java:loadLibrary(103)) - Loading Library: ozone_rocksdb_tools
2023-06-06 16:08:55,664 [main] INFO  om.OzoneManager (OzoneManager.java:addS3GVolumeToDB(4254)) - Created Volume s3v With Owner runner required for S3Gateway operations.
2023-06-06 16:08:55,726 [main] WARN  server.ServerUtils (ServerUtils.java:getDefaultRatisDirectory(323)) - Storage directory for Ratis is not configured. It is a good idea to map this to an SSD disk. Falling back to ozone.metadata.dirs
2023-06-06 16:08:55,726 [main] WARN  utils.OzoneManagerRatisUtils (OzoneManagerRatisUtils.java:getOMRatisSnapshotDirectory(461)) - ozone.om.ratis.snapshot.dir is not configured. Falling back to ozone.metadata.dirs config
2023-06-06 16:08:55,740 [main] WARN  server.ServerUtils (ServerUtils.java:getDefaultRatisDirectory(323)) - Storage directory for Ratis is not configured. It is a good idea to map this to an SSD disk. Falling back to ozone.metadata.dirs
2023-06-06 16:08:55,765 [main] INFO  ratis.OzoneManagerRatisServer (OzoneManagerRatisServer.java:<init>(163)) - Instantiating OM Ratis server with groupID: omServiceIdDefault and peers: localhost:15007
2023-06-06 16:08:55,775 [main] INFO  ratis.OzoneManagerStateMachine (OzoneManagerStateMachine.java:loadSnapshotInfoFromDB(670)) - LastAppliedIndex is set from TransactionInfo from OM DB as (t:0, i:~)
2023-06-06 16:08:55,830 [main] INFO  server.RaftServer (ConfUtils.java:logGet(46)) - raft.rpc.type = GRPC (default)
2023-06-06 16:08:55,839 [main] INFO  grpc.GrpcConfigKeys (ConfUtils.java:logFallback(53)) - raft.grpc.admin.host = null (fallback to raft.grpc.server.host)
2023-06-06 16:08:55,841 [main] INFO  grpc.GrpcConfigKeys (ConfUtils.java:logFallback(53)) - raft.grpc.admin.port = 15007 (fallback to raft.grpc.server.port)
2023-06-06 16:08:55,841 [main] INFO  grpc.GrpcConfigKeys (ConfUtils.java:logFallback(53)) - raft.grpc.client.host = null (fallback to raft.grpc.server.host)
2023-06-06 16:08:55,842 [main] INFO  grpc.GrpcConfigKeys (ConfUtils.java:logFallback(53)) - raft.grpc.client.port = 15007 (fallback to raft.grpc.server.port)
2023-06-06 16:08:55,842 [main] INFO  grpc.GrpcConfigKeys (ConfUtils.java:logGet(46)) - raft.grpc.server.host = null (default)
2023-06-06 16:08:55,842 [main] INFO  grpc.GrpcConfigKeys (ConfUtils.java:logGet(46)) - raft.grpc.server.port = 15007 (custom)
2023-06-06 16:08:55,843 [main] INFO  server.GrpcService (ConfUtils.java:logGet(46)) - raft.grpc.message.size.max = 33554432 (custom)
2023-06-06 16:08:55,844 [main] INFO  server.RaftServerConfigKeys (ConfUtils.java:logGet(46)) - raft.server.log.appender.buffer.byte-limit = 33554432 (custom)
2023-06-06 16:08:55,844 [main] INFO  server.GrpcService (ConfUtils.java:logGet(46)) - raft.grpc.flow.control.window = 1MB (=1048576) (default)
2023-06-06 16:08:55,845 [main] INFO  server.RaftServerConfigKeys (ConfUtils.java:logGet(46)) - raft.server.rpc.request.timeout = 3000ms (default)
2023-06-06 16:08:55,856 [main] INFO  grpc.GrpcConfigKeys (ConfUtils.java:logGet(46)) - raft.grpc.server.heartbeat.channel = true (default)
2023-06-06 16:08:55,860 [main] INFO  grpc.GrpcConfigKeys (ConfUtils.java:logGet(46)) - raft.grpc.server.async.request.thread.pool.cached = true (default)
2023-06-06 16:08:55,860 [main] INFO  grpc.GrpcConfigKeys (ConfUtils.java:logGet(46)) - raft.grpc.server.async.request.thread.pool.size = 32 (default)
2023-06-06 16:08:56,063 [main] INFO  impl.DataStreamServerImpl (ConfUtils.java:logGet(46)) - raft.datastream.type = DISABLED (default)
2023-06-06 16:08:56,066 [main] INFO  server.RaftServerConfigKeys (ConfUtils.java:logGet(46)) - raft.server.threadpool.proxy.cached = true (default)
2023-06-06 16:08:56,066 [main] INFO  server.RaftServerConfigKeys (ConfUtils.java:logGet(46)) - raft.server.threadpool.proxy.size = 0 (default)
2023-06-06 16:08:56,067 [main] INFO  server.RaftServerConfigKeys (ConfUtils.java:logGet(46)) - raft.server.rpc.slowness.timeout = 120s (custom)
2023-06-06 16:08:56,067 [main] INFO  server.RaftServerConfigKeys (ConfUtils.java:logGet(46)) - raft.server.leaderelection.leader.step-down.wait-time = 10s (default)
2023-06-06 16:08:56,068 [main] INFO  server.RaftServerConfigKeys (ConfUtils.java:logGet(46)) - raft.server.storage.dir = [/home/runner/work/ozone/ozone/hadoop-ozone/integration-test/target/test-dir/MiniOzoneClusterImpl-f3fe63fb-43ef-4153-9b86-93c9d8ad9adb/ozone-meta/ratis] (custom)
2023-06-06 16:08:56,075 [main] INFO  server.RaftServer (RaftServerProxy.java:addNew(98)) - om1: addNew group-C5BA1605619E:[om1|rpc:localhost:15007|priority:0|startupRole:FOLLOWER] returns group-C5BA1605619E:java.util.concurrent.CompletableFuture@2f499565[Not completed]
2023-06-06 16:08:56,075 [main] INFO  om.OzoneManager (OzoneManager.java:initializeRatisServer(2112)) - OzoneManager Ratis server initialized at port 15007
2023-06-06 16:08:56,078 [main] INFO  om.OzoneManager (OzoneManager.java:getRpcServer(1171)) - Creating RPC Server
2023-06-06 16:08:56,120 [om1-groupManagement] INFO  server.RaftServer$Division (RaftServerImpl.java:<init>(198)) - om1: new RaftServerImpl for group-C5BA1605619E:[om1|rpc:localhost:15007|priority:0|startupRole:FOLLOWER] with OzoneManagerStateMachine:uninitialized
2023-06-06 16:08:56,123 [om1-groupManagement] INFO  server.RaftServerConfigKeys (ConfUtils.java:logGet(46)) - raft.server.rpc.timeout.min = 1s (custom)
2023-06-06 16:08:56,123 [om1-groupManagement] INFO  server.RaftServerConfigKeys (ConfUtils.java:logGet(46)) - raft.server.rpc.timeout.max = 1200ms (custom)
2023-06-06 16:08:56,124 [om1-groupManagement] INFO  server.RaftServerConfigKeys (ConfUtils.java:logGet(46)) - raft.server.rpc.sleep.time = 25ms (default)
2023-06-06 16:08:56,124 [om1-groupManagement] INFO  server.RaftServerConfigKeys (ConfUtils.java:logGet(46)) - raft.server.rpc.slowness.timeout = 120s (custom)
2023-06-06 16:08:56,124 [om1-groupManagement] INFO  server.RaftServerConfigKeys (ConfUtils.java:logGet(46)) - raft.server.leaderelection.leader.step-down.wait-time = 10s (default)
2023-06-06 16:08:56,124 [om1-groupManagement] INFO  server.RaftServerConfigKeys (ConfUtils.java:logGet(46)) - raft.server.sleep.deviation.threshold = 300ms (default)
2023-06-06 16:08:56,137 [om1-groupManagement] INFO  server.RaftServer$Division (ServerState.java:<init>(120)) - om1@group-C5BA1605619E: ConfigurationManager, init=-1: peers:[om1|rpc:localhost:15007|priority:0|startupRole:FOLLOWER]|listeners:[], old=null, confs=<EMPTY_MAP>
2023-06-06 16:08:56,139 [om1-groupManagement] INFO  server.RaftServerConfigKeys (ConfUtils.java:logGet(46)) - raft.server.storage.dir = [/home/runner/work/ozone/ozone/hadoop-ozone/integration-test/target/test-dir/MiniOzoneClusterImpl-f3fe63fb-43ef-4153-9b86-93c9d8ad9adb/ozone-meta/ratis] (custom)
2023-06-06 16:08:56,148 [om1-groupManagement] INFO  server.RaftServerConfigKeys (ConfUtils.java:logGet(46)) - raft.server.log.corruption.policy = EXCEPTION (default)
2023-06-06 16:08:56,149 [om1-groupManagement] INFO  server.RaftServerConfigKeys (ConfUtils.java:logGet(46)) - raft.server.storage.free-space.min = 0MB (=0) (default)
2023-06-06 16:08:56,164 [om1-groupManagement] INFO  server.RaftServerConfigKeys (ConfUtils.java:logGet(46)) - raft.server.notification.no-leader.timeout = 120s (custom)
2023-06-06 16:08:56,170 [om1-groupManagement] INFO  server.RaftServerConfigKeys (ConfUtils.java:logGet(46)) - raft.server.read.timeout = 10s (default)
2023-06-06 16:08:56,292 [om1-groupManagement] INFO  server.RaftServerConfigKeys (ConfUtils.java:logGet(46)) - raft.server.retrycache.expirytime = 300s (custom)
2023-06-06 16:08:56,293 [om1-groupManagement] INFO  server.RaftServerConfigKeys (ConfUtils.java:logGet(46)) - raft.server.retrycache.statistics.expirytime = 100μs (default)
2023-06-06 16:08:56,355 [om1-groupManagement] INFO  server.RaftServerConfigKeys (ConfUtils.java:logGet(46)) - raft.server.read.option = DEFAULT (default)
2023-06-06 16:08:56,399 [om1-groupManagement] INFO  server.RaftServerConfigKeys (ConfUtils.java:logGet(46)) - raft.server.rpc.request.timeout = 3000ms (default)
2023-06-06 16:08:56,405 [om1-groupManagement] INFO  server.RaftServerConfigKeys (ConfUtils.java:logGet(46)) - raft.server.log.appender.install.snapshot.enabled = false (custom)
2023-06-06 16:08:56,405 [om1-groupManagement] INFO  server.RaftServerConfigKeys (ConfUtils.java:logGet(46)) - raft.server.threadpool.server.cached = true (default)
2023-06-06 16:08:56,407 [om1-groupManagement] INFO  server.RaftServerConfigKeys (ConfUtils.java:logGet(46)) - raft.server.threadpool.server.size = 0 (default)
2023-06-06 16:08:56,407 [om1-groupManagement] INFO  server.RaftServerConfigKeys (ConfUtils.java:logGet(46)) - raft.server.threadpool.client.cached = true (default)
2023-06-06 16:08:56,408 [om1-groupManagement] INFO  server.RaftServerConfigKeys (ConfUtils.java:logGet(46)) - raft.server.threadpool.client.size = 0 (default)
2023-06-06 16:08:56,934 [main] INFO  reflections.Reflections (Reflections.java:scan(232)) - Reflections took 763 ms to scan 19 urls, producing 69 keys and 5288 values [using 2 cores]
2023-06-06 16:08:57,103 [main] INFO  ipc.CallQueueManager (CallQueueManager.java:<init>(90)) - Using callQueue: class java.util.concurrent.LinkedBlockingQueue, queueCapacity: 2000, scheduler: class org.apache.hadoop.ipc.DefaultRpcScheduler, ipcBackoff: false.
2023-06-06 16:08:57,104 [Socket Reader #1 for port 15004] INFO  ipc.Server (Server.java:run(1319)) - Starting Socket Reader #1 for port 15004
2023-06-06 16:08:57,112 [Listener at 127.0.0.1/15004] INFO  hdds.HddsUtils (HddsUtils.java:preserveThreadName(843)) - Restoring thread name: main
2023-06-06 16:08:57,144 [main] INFO  impl.MetricsSystemImpl (MetricsSystemImpl.java:init(158)) - OzoneManager metrics system started (again)
2023-06-06 16:08:57,157 [main] INFO  om.OzoneManager (OzoneManager.java:start(1593)) - OzoneManager RPC server is listening at localhost/127.0.0.1:15004
2023-06-06 16:08:57,157 [main] INFO  ratis.OzoneManagerRatisServer (OzoneManagerRatisServer.java:start(558)) - Starting OzoneManagerRatisServer om1 at port 15007
2023-06-06 16:08:57,160 [om1-impl-thread1] INFO  storage.RaftStorageDirectory (RaftStorageDirectoryImpl.java:analyzeStorage(137)) - The storage directory /home/runner/work/ozone/ozone/hadoop-ozone/integration-test/target/test-dir/MiniOzoneClusterImpl-f3fe63fb-43ef-4153-9b86-93c9d8ad9adb/ozone-meta/ratis/bf265839-605b-3f16-9796-c5ba1605619e does not exist. Creating ...
2023-06-06 16:08:57,164 [om1-impl-thread1] INFO  storage.RaftStorageDirectory (RaftStorageDirectoryImpl.java:tryLock(231)) - Lock on /home/runner/work/ozone/ozone/hadoop-ozone/integration-test/target/test-dir/MiniOzoneClusterImpl-f3fe63fb-43ef-4153-9b86-93c9d8ad9adb/ozone-meta/ratis/bf265839-605b-3f16-9796-c5ba1605619e/in_use.lock acquired by nodename 101651@fv-az201-460
2023-06-06 16:08:57,169 [om1-impl-thread1] INFO  storage.RaftStorage (RaftStorageImpl.java:format(96)) - Storage directory /home/runner/work/ozone/ozone/hadoop-ozone/integration-test/target/test-dir/MiniOzoneClusterImpl-f3fe63fb-43ef-4153-9b86-93c9d8ad9adb/ozone-meta/ratis/bf265839-605b-3f16-9796-c5ba1605619e has been successfully formatted.
2023-06-06 16:08:57,173 [om1-impl-thread1] INFO  server.RaftServerConfigKeys (ConfUtils.java:logGet(46)) - raft.server.log.use.memory = false (default)
2023-06-06 16:08:57,180 [om1-impl-thread1] INFO  server.RaftServerConfigKeys (ConfUtils.java:logGet(46)) - raft.server.log.purge.gap = 1000000 (custom)
2023-06-06 16:08:57,181 [om1-impl-thread1] INFO  server.RaftServerConfigKeys (ConfUtils.java:logGet(46)) - raft.server.log.appender.buffer.byte-limit = 33554432 (custom)
2023-06-06 16:08:57,183 [om1-impl-thread1] INFO  server.RaftServerConfigKeys (ConfUtils.java:logGet(46)) - raft.server.log.statemachine.data.read.timeout = 1000ms (default)
2023-06-06 16:08:57,185 [om1-impl-thread1] INFO  server.RaftServerConfigKeys (ConfUtils.java:logGet(46)) - raft.server.log.purge.preservation.log.num = 0 (default)
2023-06-06 16:08:57,187 [om1-impl-thread1] INFO  server.RaftServerConfigKeys (ConfUtils.java:logGet(46)) - raft.server.log.segment.size.max = 4194304 (custom)
2023-06-06 16:08:57,193 [om1-impl-thread1] INFO  server.RaftServerConfigKeys (ConfUtils.java:logGet(46)) - raft.server.log.segment.cache.num.max = 2 (custom)
2023-06-06 16:08:57,194 [om1-impl-thread1] INFO  server.RaftServerConfigKeys (ConfUtils.java:logGet(46)) - raft.server.log.segment.cache.size.max = 200MB (=209715200) (default)
2023-06-06 16:08:57,194 [om1-impl-thread1] INFO  server.RaftServerConfigKeys (ConfUtils.java:logGet(46)) - raft.server.log.appender.buffer.byte-limit = 33554432 (custom)
2023-06-06 16:08:57,199 [om1-impl-thread1] INFO  segmented.SegmentedRaftLogWorker (SegmentedRaftLogWorker.java:<init>(188)) - new om1@group-C5BA1605619E-SegmentedRaftLogWorker for RaftStorageImpl:Storage Directory /home/runner/work/ozone/ozone/hadoop-ozone/integration-test/target/test-dir/MiniOzoneClusterImpl-f3fe63fb-43ef-4153-9b86-93c9d8ad9adb/ozone-meta/ratis/bf265839-605b-3f16-9796-c5ba1605619e
2023-06-06 16:08:57,199 [om1-impl-thread1] INFO  server.RaftServerConfigKeys (ConfUtils.java:logGet(46)) - raft.server.log.queue.byte-limit = 64MB (=67108864) (default)
2023-06-06 16:08:57,200 [om1-impl-thread1] INFO  server.RaftServerConfigKeys (ConfUtils.java:logGet(46)) - raft.server.log.queue.element-limit = 4096 (default)
2023-06-06 16:08:57,201 [om1-impl-thread1] INFO  server.RaftServerConfigKeys (ConfUtils.java:logGet(46)) - raft.server.log.segment.size.max = 4194304 (custom)
2023-06-06 16:08:57,201 [om1-impl-thread1] INFO  server.RaftServerConfigKeys (ConfUtils.java:logGet(46)) - raft.server.log.preallocated.size = 4194304 (custom)
2023-06-06 16:08:57,201 [om1-impl-thread1] INFO  server.RaftServerConfigKeys (ConfUtils.java:logGet(46)) - raft.server.log.force.sync.num = 128 (default)
2023-06-06 16:08:57,202 [om1-impl-thread1] INFO  server.RaftServerConfigKeys (ConfUtils.java:logGet(46)) - raft.server.log.statemachine.data.sync = true (default)
2023-06-06 16:08:57,202 [om1-impl-thread1] INFO  server.RaftServerConfigKeys (ConfUtils.java:logGet(46)) - raft.server.log.statemachine.data.sync.timeout = 10s (default)
2023-06-06 16:08:57,203 [om1-impl-thread1] INFO  server.RaftServerConfigKeys (ConfUtils.java:logGet(46)) - raft.server.log.statemachine.data.sync.timeout.retry = -1 (default)
2023-06-06 16:08:57,211 [om1-impl-thread1] INFO  server.RaftServerConfigKeys (ConfUtils.java:logGet(46)) - raft.server.log.write.buffer.size = 64KB (=65536) (default)
2023-06-06 16:08:57,211 [om1-impl-thread1] INFO  server.RaftServerConfigKeys (ConfUtils.java:logGet(46)) - raft.server.log.appender.buffer.byte-limit = 33554432 (custom)
2023-06-06 16:08:57,216 [om1-impl-thread1] INFO  server.RaftServerConfigKeys (ConfUtils.java:logGet(46)) - raft.server.log.unsafe-flush.enabled = false (default)
2023-06-06 16:08:57,217 [om1-impl-thread1] INFO  server.RaftServerConfigKeys (ConfUtils.java:logGet(46)) - raft.server.log.async-flush.enabled = false (default)
2023-06-06 16:08:57,217 [om1-impl-thread1] INFO  server.RaftServerConfigKeys (ConfUtils.java:logGet(46)) - raft.server.log.statemachine.data.caching.enabled = false (default)
2023-06-06 16:08:57,223 [om1-impl-thread1] INFO  segmented.SegmentedRaftLogWorker (SegmentedRaftLogWorker.java:lambda$new$0(135)) - om1@group-C5BA1605619E-SegmentedRaftLogWorker: flushIndex: setUnconditionally 0 -> -1
2023-06-06 16:08:57,223 [om1-impl-thread1] INFO  segmented.SegmentedRaftLogWorker (SegmentedRaftLogWorker.java:lambda$new$0(135)) - om1@group-C5BA1605619E-SegmentedRaftLogWorker: safeCacheEvictIndex: setUnconditionally 0 -> -1
2023-06-06 16:08:57,225 [om1-impl-thread1] INFO  server.RaftServer$Division (RaftServerImpl.java:start(342)) - om1@group-C5BA1605619E: start as a follower, conf=-1: peers:[om1|rpc:localhost:15007|priority:0|startupRole:FOLLOWER]|listeners:[], old=null
2023-06-06 16:08:57,226 [om1-impl-thread1] INFO  server.RaftServer$Division (RaftServerImpl.java:setRole(329)) - om1@group-C5BA1605619E: changes role from      null to FOLLOWER at term 0 for startAsFollower
2023-06-06 16:08:57,227 [om1-impl-thread1] INFO  impl.RoleInfo (RoleInfo.java:updateAndGet(139)) - om1: start om1@group-C5BA1605619E-FollowerState
2023-06-06 16:08:57,233 [om1@group-C5BA1605619E-FollowerState] INFO  server.RaftServerConfigKeys (ConfUtils.java:logFallback(53)) - raft.server.rpc.first-election.timeout.min = 1s (fallback to raft.server.rpc.timeout.min)
2023-06-06 16:08:57,233 [om1@group-C5BA1605619E-FollowerState] INFO  server.RaftServerConfigKeys (ConfUtils.java:logFallback(53)) - raft.server.rpc.first-election.timeout.max = 1200ms (fallback to raft.server.rpc.timeout.max)
2023-06-06 16:08:57,233 [om1-impl-thread1] INFO  util.JmxRegister (JmxRegister.java:tryRegister(44)) - Successfully registered JMX Bean with object name Ratis:service=RaftServer,group=group-C5BA1605619E,id=om1
2023-06-06 16:08:57,235 [om1-impl-thread1] INFO  server.RaftServerConfigKeys (ConfUtils.java:logGet(46)) - raft.server.snapshot.auto.trigger.enabled = true (custom)
2023-06-06 16:08:57,235 [om1-impl-thread1] INFO  server.RaftServerConfigKeys (ConfUtils.java:logGet(46)) - raft.server.snapshot.auto.trigger.threshold = 400000 (default)
2023-06-06 16:08:57,236 [om1-impl-thread1] INFO  server.RaftServerConfigKeys (ConfUtils.java:logGet(46)) - raft.server.snapshot.retention.file.num = -1 (default)
2023-06-06 16:08:57,237 [om1-impl-thread1] INFO  server.RaftServerConfigKeys (ConfUtils.java:logGet(46)) - raft.server.log.purge.upto.snapshot.index = true (custom)
2023-06-06 16:08:57,240 [main] INFO  server.RaftServer (RaftServerProxy.java:startImpl(400)) - om1: start RPC server
2023-06-06 16:08:57,287 [main] INFO  server.GrpcService (GrpcService.java:startImpl(302)) - om1: GrpcService started, listening on 15007
2023-06-06 16:08:57,288 [main] INFO  om.OzoneManager (OzoneManager.java:start(1609)) - Version File has different layout version (5) than OM DB (null). That is expected if this OM has never been finalized to a newer layout version.
2023-06-06 16:08:57,291 [JvmPauseMonitor1] INFO  util.JvmPauseMonitor (JvmPauseMonitor.java:run(103)) - JvmPauseMonitor-om1: Started
2023-06-06 16:08:57,313 [main] INFO  http.BaseHttpServer (BaseHttpServer.java:newHttpServer2BuilderForOzone(224)) - Starting Web-server for ozoneManager at: http://0.0.0.0:15005
2023-06-06 16:08:57,313 [main] INFO  http.BaseHttpServer (BaseHttpServer.java:<init>(111)) - Hadoop Security Enabled: false Ozone Security Enabled: false Ozone HTTP Security Enabled: false 
2023-06-06 16:08:57,315 [main] WARN  server.AuthenticationFilter (AuthenticationFilter.java:constructSecretProvider(240)) - Unable to initialize FileSignerSecretProvider, falling back to use random secrets. Reason: Could not read signature secret file: /home/runner/hadoop-http-auth-signature-secret
2023-06-06 16:08:57,321 [main] INFO  http.HttpRequestLog (HttpRequestLog.java:getRequestLog(86)) - Http request log for http.requests.ozoneManager is not defined
2023-06-06 16:08:57,323 [main] INFO  http.HttpServer2 (HttpServer2.java:addGlobalFilter(1031)) - Added global filter 'safety' (class=org.apache.hadoop.hdds.server.http.HttpServer2$QuotingInputFilter)
2023-06-06 16:08:57,324 [main] INFO  http.HttpServer2 (HttpServer2.java:addFilter(1007)) - Added filter static_user_filter (class=org.apache.hadoop.http.lib.StaticUserWebFilter$StaticUserFilter) to context ozoneManager
2023-06-06 16:08:57,324 [main] INFO  http.HttpServer2 (HttpServer2.java:addFilter(1015)) - Added filter static_user_filter (class=org.apache.hadoop.http.lib.StaticUserWebFilter$StaticUserFilter) to context static
2023-06-06 16:08:57,324 [main] INFO  http.HttpServer2 (HttpServer2.java:addFilter(1015)) - Added filter static_user_filter (class=org.apache.hadoop.http.lib.StaticUserWebFilter$StaticUserFilter) to context logs
2023-06-06 16:08:57,325 [main] INFO  http.BaseHttpServer (BaseHttpServer.java:<init>(190)) - HTTP server of ozoneManager uses base directory /home/runner/work/ozone/ozone/hadoop-ozone/integration-test/target/test-dir/MiniOzoneClusterImpl-f3fe63fb-43ef-4153-9b86-93c9d8ad9adb/ozone-meta/webserver
2023-06-06 16:08:57,328 [main] INFO  http.HttpServer2 (HttpServer2.java:bindListener(1250)) - Jetty bound to port 15005
2023-06-06 16:08:57,328 [main] INFO  server.Server (Server.java:doStart(375)) - jetty-9.4.51.v20230217; built: 2023-02-17T08:19:37.309Z; git: b45c405e4544384de066f814ed42ae3dceacdd49; jvm 1.8.0_372-b07
2023-06-06 16:08:57,354 [main] INFO  server.session (DefaultSessionIdManager.java:doStart(334)) - DefaultSessionIdManager workerName=node0
2023-06-06 16:08:57,354 [main] INFO  server.session (DefaultSessionIdManager.java:doStart(339)) - No SessionScavenger set, using defaults
2023-06-06 16:08:57,354 [main] INFO  server.session (HouseKeeper.java:startScavenging(132)) - node0 Scavenging every 660000ms
2023-06-06 16:08:57,355 [main] INFO  handler.ContextHandler (ContextHandler.java:doStart(921)) - Started o.e.j.s.ServletContextHandler@1a9e4177{logs,/logs,file:///home/runner/work/ozone/ozone/hadoop-ozone/integration-test/target/log,AVAILABLE}
2023-06-06 16:08:57,356 [main] INFO  handler.ContextHandler (ContextHandler.java:doStart(921)) - Started o.e.j.s.ServletContextHandler@7eb45060{static,/static,file:///home/runner/work/ozone/ozone/hadoop-ozone/integration-test/target/test-classes/webapps/static,AVAILABLE}
2023-06-06 16:08:57,359 [main] INFO  handler.ContextHandler (ContextHandler.java:doStart(921)) - Started o.e.j.w.WebAppContext@4cf88216{ozoneManager,/,file:///home/runner/work/ozone/ozone/hadoop-ozone/integration-test/target/test-classes/webapps/ozoneManager/,AVAILABLE}{file:/home/runner/work/ozone/ozone/hadoop-ozone/integration-test/target/test-classes/webapps/ozoneManager}
2023-06-06 16:08:57,360 [main] INFO  server.AbstractConnector (AbstractConnector.java:doStart(333)) - Started ServerConnector@32bd65d8{HTTP/1.1, (http/1.1)}{0.0.0.0:15005}
2023-06-06 16:08:57,360 [main] INFO  server.Server (Server.java:doStart(415)) - Started @7592ms
2023-06-06 16:08:57,361 [main] WARN  impl.MetricsSystemImpl (MetricsSystemImpl.java:register(279)) - Sink prometheus already exists!
2023-06-06 16:08:57,361 [main] INFO  http.BaseHttpServer (BaseHttpServer.java:updateConnectorAddress(344)) - HTTP server of ozoneManager listening at http://0.0.0.0:15005
2023-06-06 16:08:57,364 [IPC Server Responder] INFO  ipc.Server (Server.java:run(1558)) - IPC Server Responder: starting
2023-06-06 16:08:57,364 [IPC Server listener on 15004] INFO  ipc.Server (Server.java:run(1398)) - IPC Server listener on 15004: starting
2023-06-06 16:08:57,367 [main] INFO  om.OzoneManager (OzoneManager.java:startTrashEmptier(2065)) - Trash Interval set to 0. Files deleted won't move to trash
2023-06-06 16:08:57,533 [main] WARN  impl.MetricRegistriesImpl (MetricRegistriesImpl.java:addReporterRegistration(111)) - New reporters are added after registries were created. Some metrics will be missing from the reporter. Please add reporter before adding any new registry.
2023-06-06 16:08:57,533 [main] WARN  impl.MetricRegistriesImpl (MetricRegistriesImpl.java:addReporterRegistration(111)) - New reporters are added after registries were created. Some metrics will be missing from the reporter. Please add reporter before adding any new registry.
2023-06-06 16:08:57,534 [main] INFO  impl.MetricsSystemImpl (MetricsSystemImpl.java:init(158)) - HddsDatanode metrics system started (again)
2023-06-06 16:08:57,559 [main] INFO  ozone.HddsDatanodeService (HddsDatanodeService.java:start(261)) - HddsDatanodeService host:fv-az201-460.ett4tu3jvdse5ovc2mkgjqcs5a.bx.internal.cloudapp.net ip:10.1.0.160
2023-06-06 16:08:57,608 [main] INFO  upgrade.AbstractLayoutVersionManager (AbstractLayoutVersionManager.java:init(83)) - Initializing Layout version manager with metadata layout = HADOOP_PRC_PORTS_IN_DATANODEDETAILS (version = 7), software layout = HADOOP_PRC_PORTS_IN_DATANODEDETAILS (version = 7)
2023-06-06 16:08:57,612 [main] INFO  statemachine.DatanodeStateMachine (DatanodeStateMachine.java:getEndPointTaskThreadPoolSize(271)) - Datanode State Machine Task Thread Pool size 2
2023-06-06 16:08:57,675 [main] INFO  volume.HddsVolume (HddsVolume.java:<init>(130)) - Creating HddsVolume: /home/runner/work/ozone/ozone/hadoop-ozone/integration-test/target/test-dir/MiniOzoneClusterImpl-f3fe63fb-43ef-4153-9b86-93c9d8ad9adb/datanode-0/data-0/containers/hdds of storage type : DISK capacity : 9223372036854775807
2023-06-06 16:08:57,677 [main] INFO  volume.MutableVolumeSet (MutableVolumeSet.java:initializeVolumeSet(175)) - Added Volume : /home/runner/work/ozone/ozone/hadoop-ozone/integration-test/target/test-dir/MiniOzoneClusterImpl-f3fe63fb-43ef-4153-9b86-93c9d8ad9adb/datanode-0/data-0/containers/hdds to VolumeSet
2023-06-06 16:08:57,678 [main] INFO  volume.ThrottledAsyncChecker (ThrottledAsyncChecker.java:schedule(141)) - Scheduling a check for /home/runner/work/ozone/ozone/hadoop-ozone/integration-test/target/test-dir/MiniOzoneClusterImpl-f3fe63fb-43ef-4153-9b86-93c9d8ad9adb/datanode-0/data-0/containers/hdds
2023-06-06 16:08:57,700 [main] INFO  volume.StorageVolumeChecker (StorageVolumeChecker.java:checkAllVolumes(202)) - Scheduled health check for volume /home/runner/work/ozone/ozone/hadoop-ozone/integration-test/target/test-dir/MiniOzoneClusterImpl-f3fe63fb-43ef-4153-9b86-93c9d8ad9adb/datanode-0/data-0/containers/hdds
2023-06-06 16:08:57,718 [main] INFO  volume.MutableVolumeSet (MutableVolumeSet.java:initializeVolumeSet(175)) - Added Volume : /home/runner/work/ozone/ozone/hadoop-ozone/integration-test/target/test-dir/MiniOzoneClusterImpl-f3fe63fb-43ef-4153-9b86-93c9d8ad9adb/datanode-0/data/ratis to VolumeSet
2023-06-06 16:08:57,718 [main] INFO  volume.ThrottledAsyncChecker (ThrottledAsyncChecker.java:schedule(141)) - Scheduling a check for /home/runner/work/ozone/ozone/hadoop-ozone/integration-test/target/test-dir/MiniOzoneClusterImpl-f3fe63fb-43ef-4153-9b86-93c9d8ad9adb/datanode-0/data/ratis
2023-06-06 16:08:57,719 [main] INFO  volume.StorageVolumeChecker (StorageVolumeChecker.java:checkAllVolumes(202)) - Scheduled health check for volume /home/runner/work/ozone/ozone/hadoop-ozone/integration-test/target/test-dir/MiniOzoneClusterImpl-f3fe63fb-43ef-4153-9b86-93c9d8ad9adb/datanode-0/data/ratis
2023-06-06 16:08:57,744 [Thread-140] INFO  ozoneimpl.ContainerReader (ContainerReader.java:readVolume(175)) - Finish verifying containers on volume /home/runner/work/ozone/ozone/hadoop-ozone/integration-test/target/test-dir/MiniOzoneClusterImpl-f3fe63fb-43ef-4153-9b86-93c9d8ad9adb/datanode-0/data-0/containers/hdds
2023-06-06 16:08:57,744 [main] INFO  ozoneimpl.OzoneContainer (OzoneContainer.java:buildContainerSet(303)) - Build ContainerSet costs 0s
2023-06-06 16:08:57,793 [main] INFO  audit.AuditLogger (AuditLogger.java:refreshDebugCmdSet(126)) - Refresh DebugCmdSet for DNAudit to [].
2023-06-06 16:08:57,823 [main] INFO  server.RaftServer (ConfUtils.java:logGet(46)) - raft.rpc.type = GRPC (default)
2023-06-06 16:08:57,824 [main] INFO  grpc.GrpcConfigKeys (ConfUtils.java:logFallback(53)) - raft.grpc.admin.host = null (fallback to raft.grpc.server.host)
2023-06-06 16:08:57,825 [main] INFO  grpc.GrpcConfigKeys (ConfUtils.java:logGet(46)) - raft.grpc.admin.port = 15013 (custom)
2023-06-06 16:08:57,825 [main] INFO  grpc.GrpcConfigKeys (ConfUtils.java:logFallback(53)) - raft.grpc.client.host = null (fallback to raft.grpc.server.host)
2023-06-06 16:08:57,825 [main] INFO  grpc.GrpcConfigKeys (ConfUtils.java:logGet(46)) - raft.grpc.client.port = 15012 (custom)
2023-06-06 16:08:57,825 [main] INFO  grpc.GrpcConfigKeys (ConfUtils.java:logGet(46)) - raft.grpc.server.host = null (default)
2023-06-06 16:08:57,825 [main] INFO  grpc.GrpcConfigKeys (ConfUtils.java:logGet(46)) - raft.grpc.server.port = 15014 (custom)
2023-06-06 16:08:57,825 [main] INFO  server.GrpcService (ConfUtils.java:logGet(46)) - raft.grpc.message.size.max = 32MB (=33554432) (custom)
2023-06-06 16:08:57,825 [main] INFO  server.RaftServerConfigKeys (ConfUtils.java:logGet(46)) - raft.server.log.appender.buffer.byte-limit = 33554432 (custom)
2023-06-06 16:08:57,825 [main] INFO  server.GrpcService (ConfUtils.java:logGet(46)) - raft.grpc.flow.control.window = 5MB (=5242880) (custom)
2023-06-06 16:08:57,826 [main] INFO  server.RaftServerConfigKeys (ConfUtils.java:logGet(46)) - raft.server.rpc.request.timeout = 60s (custom)
2023-06-06 16:08:57,826 [main] INFO  grpc.GrpcConfigKeys (ConfUtils.java:logGet(46)) - raft.grpc.server.heartbeat.channel = true (default)
2023-06-06 16:08:57,826 [main] INFO  grpc.GrpcConfigKeys (ConfUtils.java:logGet(46)) - raft.grpc.server.async.request.thread.pool.cached = true (default)
2023-06-06 16:08:57,826 [main] INFO  grpc.GrpcConfigKeys (ConfUtils.java:logGet(46)) - raft.grpc.server.async.request.thread.pool.size = 32 (default)
2023-06-06 16:08:57,829 [main] INFO  impl.DataStreamServerImpl (ConfUtils.java:logGet(46)) - raft.datastream.type = NETTY (custom)
2023-06-06 16:08:57,838 [main] INFO  server.RaftServerConfigKeys (ConfUtils.java:logGet(46)) - raft.server.data-stream.async.request.thread.pool.cached = false (default)
2023-06-06 16:08:57,839 [main] INFO  server.RaftServerConfigKeys (ConfUtils.java:logGet(46)) - raft.server.data-stream.async.request.thread.pool.size = 20 (custom)
2023-06-06 16:08:57,839 [main] INFO  server.RaftServerConfigKeys (ConfUtils.java:logGet(46)) - raft.server.data-stream.async.write.thread.pool.size = 16 (default)
2023-06-06 16:08:57,840 [main] INFO  server.RaftServerConfigKeys (ConfUtils.java:logGet(46)) - raft.server.data-stream.client.pool.size = 10 (default)
2023-06-06 16:08:57,843 [main] INFO  netty.NettyConfigKeys$DataStream (ConfUtils.java:logGet(46)) - raft.netty.dataStream.server.use-epoll = false (default)
2023-06-06 16:08:57,844 [main] INFO  netty.NettyConfigKeys$DataStream (ConfUtils.java:logGet(46)) - raft.netty.dataStream.server.boss-group.size = 0 (default)
2023-06-06 16:08:57,850 [main] INFO  netty.NettyConfigKeys$DataStream (ConfUtils.java:logGet(46)) - raft.netty.dataStream.server.worker-group.size = 0 (default)
2023-06-06 16:08:57,852 [main] INFO  netty.NettyConfigKeys$DataStream (ConfUtils.java:logGet(46)) - raft.netty.dataStream.server.tls.conf = null (default)
2023-06-06 16:08:57,853 [main] INFO  netty.NettyConfigKeys$DataStream (ConfUtils.java:logGet(46)) - raft.netty.dataStream.host = null (default)
2023-06-06 16:08:57,853 [main] INFO  netty.NettyConfigKeys$DataStream (ConfUtils.java:logGet(46)) - raft.netty.dataStream.port = 15015 (custom)
2023-06-06 16:08:57,861 [main] INFO  server.RaftServerConfigKeys (ConfUtils.java:logGet(46)) - raft.server.threadpool.proxy.cached = true (default)
2023-06-06 16:08:57,862 [main] INFO  server.RaftServerConfigKeys (ConfUtils.java:logGet(46)) - raft.server.threadpool.proxy.size = 0 (default)
2023-06-06 16:08:57,862 [main] INFO  server.RaftServerConfigKeys (ConfUtils.java:logGet(46)) - raft.server.rpc.slowness.timeout = 300s (custom)
2023-06-06 16:08:57,862 [main] INFO  server.RaftServerConfigKeys (ConfUtils.java:logGet(46)) - raft.server.leaderelection.leader.step-down.wait-time = 10s (default)
2023-06-06 16:08:57,862 [main] INFO  server.RaftServerConfigKeys (ConfUtils.java:logGet(46)) - raft.server.storage.dir = [/home/runner/work/ozone/ozone/hadoop-ozone/integration-test/target/test-dir/MiniOzoneClusterImpl-f3fe63fb-43ef-4153-9b86-93c9d8ad9adb/datanode-0/data/ratis] (custom)
2023-06-06 16:08:57,886 [f826b84a-407e-4101-8305-36a89543ec0a-NettyServerStreamRpc-bossGroup--thread1] INFO  logging.LoggingHandler (AbstractInternalLogger.java:log(148)) - [id: 0x417e115d] REGISTERED
2023-06-06 16:08:57,886 [f826b84a-407e-4101-8305-36a89543ec0a-NettyServerStreamRpc-bossGroup--thread1] INFO  logging.LoggingHandler (AbstractInternalLogger.java:log(148)) - [id: 0x417e115d] BIND: 0.0.0.0/0.0.0.0:15015
2023-06-06 16:08:57,888 [f826b84a-407e-4101-8305-36a89543ec0a-NettyServerStreamRpc-bossGroup--thread1] INFO  logging.LoggingHandler (AbstractInternalLogger.java:log(148)) - [id: 0x417e115d, L:/0:0:0:0:0:0:0:0:15015] ACTIVE
2023-06-06 16:08:57,894 [main] INFO  server.XceiverServerGrpc (XceiverServerGrpc.java:<init>(132)) - GrpcServer channel type EpollServerSocketChannel
2023-06-06 16:08:57,931 [main] INFO  replication.ReplicationSupervisor (ReplicationSupervisor.java:nodeStateUpdated(305)) - Node state updated to IN_SERVICE, scaling executor pool size to 10
2023-06-06 16:08:58,014 [main] INFO  http.BaseHttpServer (BaseHttpServer.java:newHttpServer2BuilderForOzone(224)) - Starting Web-server for hddsDatanode at: http://0.0.0.0:15009
2023-06-06 16:08:58,014 [main] INFO  http.BaseHttpServer (BaseHttpServer.java:<init>(111)) - Hadoop Security Enabled: false Ozone Security Enabled: false Ozone HTTP Security Enabled: false 
2023-06-06 16:08:58,016 [main] WARN  server.AuthenticationFilter (AuthenticationFilter.java:constructSecretProvider(240)) - Unable to initialize FileSignerSecretProvider, falling back to use random secrets. Reason: Could not read signature secret file: /home/runner/hadoop-http-auth-signature-secret
2023-06-06 16:08:58,017 [main] INFO  http.HttpRequestLog (HttpRequestLog.java:getRequestLog(86)) - Http request log for http.requests.hddsDatanode is not defined
2023-06-06 16:08:58,019 [main] INFO  http.HttpServer2 (HttpServer2.java:addGlobalFilter(1031)) - Added global filter 'safety' (class=org.apache.hadoop.hdds.server.http.HttpServer2$QuotingInputFilter)
2023-06-06 16:08:58,020 [main] INFO  http.HttpServer2 (HttpServer2.java:addFilter(1007)) - Added filter static_user_filter (class=org.apache.hadoop.http.lib.StaticUserWebFilter$StaticUserFilter) to context hddsDatanode
2023-06-06 16:08:58,020 [main] INFO  http.HttpServer2 (HttpServer2.java:addFilter(1015)) - Added filter static_user_filter (class=org.apache.hadoop.http.lib.StaticUserWebFilter$StaticUserFilter) to context static
2023-06-06 16:08:58,020 [main] INFO  http.HttpServer2 (HttpServer2.java:addFilter(1015)) - Added filter static_user_filter (class=org.apache.hadoop.http.lib.StaticUserWebFilter$StaticUserFilter) to context logs
2023-06-06 16:08:58,021 [main] INFO  http.BaseHttpServer (BaseHttpServer.java:<init>(190)) - HTTP server of hddsDatanode uses base directory /home/runner/work/ozone/ozone/hadoop-ozone/integration-test/target/test-dir/MiniOzoneClusterImpl-f3fe63fb-43ef-4153-9b86-93c9d8ad9adb/datanode-0/meta/webserver
2023-06-06 16:08:58,021 [main] INFO  http.HttpServer2 (HttpServer2.java:bindListener(1250)) - Jetty bound to port 15009
2023-06-06 16:08:58,021 [main] INFO  server.Server (Server.java:doStart(375)) - jetty-9.4.51.v20230217; built: 2023-02-17T08:19:37.309Z; git: b45c405e4544384de066f814ed42ae3dceacdd49; jvm 1.8.0_372-b07
2023-06-06 16:08:58,025 [main] INFO  server.session (DefaultSessionIdManager.java:doStart(334)) - DefaultSessionIdManager workerName=node0
2023-06-06 16:08:58,026 [main] INFO  server.session (DefaultSessionIdManager.java:doStart(339)) - No SessionScavenger set, using defaults
2023-06-06 16:08:58,026 [main] INFO  server.session (HouseKeeper.java:startScavenging(132)) - node0 Scavenging every 660000ms
2023-06-06 16:08:58,027 [main] INFO  handler.ContextHandler (ContextHandler.java:doStart(921)) - Started o.e.j.s.ServletContextHandler@4737dd30{logs,/logs,file:///home/runner/work/ozone/ozone/hadoop-ozone/integration-test/target/log,AVAILABLE}
2023-06-06 16:08:58,027 [main] INFO  handler.ContextHandler (ContextHandler.java:doStart(921)) - Started o.e.j.s.ServletContextHandler@798fd45f{static,/static,jar:file:/home/runner/.m2/repository/org/apache/ozone/hdds-container-service/1.4.0-SNAPSHOT/hdds-container-service-1.4.0-SNAPSHOT.jar!/webapps/static,AVAILABLE}
2023-06-06 16:08:58,297 [main] INFO  handler.ContextHandler (ContextHandler.java:doStart(921)) - Started o.e.j.w.WebAppContext@5aaee625{hddsDatanode,/,file:///home/runner/work/ozone/ozone/hadoop-ozone/integration-test/target/test-dir/MiniOzoneClusterImpl-f3fe63fb-43ef-4153-9b86-93c9d8ad9adb/datanode-0/meta/webserver/jetty-0_0_0_0-15009-hdds-container-service-1_4_0-SNAPSHOT_jar-_-any-7963973935567768438/webapp/,AVAILABLE}{jar:file:/home/runner/.m2/repository/org/apache/ozone/hdds-container-service/1.4.0-SNAPSHOT/hdds-container-service-1.4.0-SNAPSHOT.jar!/webapps/hddsDatanode}
2023-06-06 16:08:58,299 [main] INFO  server.AbstractConnector (AbstractConnector.java:doStart(333)) - Started ServerConnector@875cfe4{HTTP/1.1, (http/1.1)}{0.0.0.0:15009}
2023-06-06 16:08:58,299 [main] INFO  server.Server (Server.java:doStart(415)) - Started @8530ms
2023-06-06 16:08:58,299 [main] WARN  impl.MetricsSystemImpl (MetricsSystemImpl.java:register(279)) - Sink prometheus already exists!
2023-06-06 16:08:58,300 [main] INFO  http.BaseHttpServer (BaseHttpServer.java:updateConnectorAddress(344)) - HTTP server of hddsDatanode listening at http://0.0.0.0:15009
2023-06-06 16:08:58,304 [main] INFO  ipc.CallQueueManager (CallQueueManager.java:<init>(90)) - Using callQueue: class java.util.concurrent.LinkedBlockingQueue, queueCapacity: 100, scheduler: class org.apache.hadoop.ipc.DefaultRpcScheduler, ipcBackoff: false.
2023-06-06 16:08:58,305 [Socket Reader #1 for port 15010] INFO  ipc.Server (Server.java:run(1319)) - Starting Socket Reader #1 for port 15010
2023-06-06 16:08:58,313 [Listener at 0.0.0.0/15010] INFO  hdds.HddsUtils (HddsUtils.java:preserveThreadName(843)) - Restoring thread name: main
2023-06-06 16:08:58,313 [main] INFO  ozone.HddsDatanodeService (HddsDatanodeService.java:start(331)) - Datanode start with admins: [runner]
2023-06-06 16:08:58,313 [main] INFO  ozone.HddsDatanodeClientProtocolServer (HddsDatanodeClientProtocolServer.java:start(83)) - RPC server for Client /0.0.0.0:15010
2023-06-06 16:08:58,314 [IPC Server Responder] INFO  ipc.Server (Server.java:run(1558)) - IPC Server Responder: starting
2023-06-06 16:08:58,315 [IPC Server listener on 15010] INFO  ipc.Server (Server.java:run(1398)) - IPC Server listener on 15010: starting
2023-06-06 16:08:58,316 [main] WARN  impl.MetricRegistriesImpl (MetricRegistriesImpl.java:addReporterRegistration(111)) - New reporters are added after registries were created. Some metrics will be missing from the reporter. Please add reporter before adding any new registry.
2023-06-06 16:08:58,317 [main] WARN  impl.MetricRegistriesImpl (MetricRegistriesImpl.java:addReporterRegistration(111)) - New reporters are added after registries were created. Some metrics will be missing from the reporter. Please add reporter before adding any new registry.
2023-06-06 16:08:58,317 [main] INFO  impl.MetricsSystemImpl (MetricsSystemImpl.java:init(158)) - HddsDatanode metrics system started (again)
2023-06-06 16:08:58,325 [Datanode State Machine Daemon Thread] INFO  statemachine.DatanodeStateMachine (DatanodeStateMachine.java:lambda$startDaemon$0(523)) - Ozone container server started.
2023-06-06 16:08:58,340 [om1@group-C5BA1605619E-FollowerState] INFO  impl.FollowerState (FollowerState.java:run(143)) - om1@group-C5BA1605619E-FollowerState: change to CANDIDATE, lastRpcElapsedTime:1113032696ns, electionTimeout:1106ms
2023-06-06 16:08:58,341 [om1@group-C5BA1605619E-FollowerState] INFO  impl.RoleInfo (RoleInfo.java:shutdownFollowerState(110)) - om1: shutdown om1@group-C5BA1605619E-FollowerState
2023-06-06 16:08:58,341 [om1@group-C5BA1605619E-FollowerState] INFO  server.RaftServer$Division (RaftServerImpl.java:setRole(329)) - om1@group-C5BA1605619E: changes role from  FOLLOWER to CANDIDATE at term 0 for changeToCandidate
2023-06-06 16:08:58,344 [om1@group-C5BA1605619E-FollowerState] INFO  server.RaftServerConfigKeys (ConfUtils.java:logGet(46)) - raft.server.leaderelection.pre-vote = true (default)
2023-06-06 16:08:58,344 [om1@group-C5BA1605619E-FollowerState] INFO  impl.RoleInfo (RoleInfo.java:updateAndGet(139)) - om1: start om1@group-C5BA1605619E-LeaderElection1
2023-06-06 16:08:58,348 [main] INFO  ozone.HddsDatanodeService (HddsDatanodeService.java:start(261)) - HddsDatanodeService host:fv-az201-460.ett4tu3jvdse5ovc2mkgjqcs5a.bx.internal.cloudapp.net ip:10.1.0.160
2023-06-06 16:08:58,368 [om1@group-C5BA1605619E-LeaderElection1] INFO  impl.LeaderElection (LeaderElection.java:askForVotes(321)) - om1@group-C5BA1605619E-LeaderElection1 PRE_VOTE round 0: submit vote requests at term 0 for -1: peers:[om1|rpc:localhost:15007|priority:0|startupRole:FOLLOWER]|listeners:[], old=null
2023-06-06 16:08:58,370 [om1@group-C5BA1605619E-LeaderElection1] INFO  impl.LeaderElection (LeaderElection.java:askForVotes(323)) - om1@group-C5BA1605619E-LeaderElection1 PRE_VOTE round 0: result PASSED (term=0)
2023-06-06 16:08:58,374 [om1@group-C5BA1605619E-LeaderElection1] INFO  impl.LeaderElection (LeaderElection.java:askForVotes(321)) - om1@group-C5BA1605619E-LeaderElection1 ELECTION round 0: submit vote requests at term 1 for -1: peers:[om1|rpc:localhost:15007|priority:0|startupRole:FOLLOWER]|listeners:[], old=null
2023-06-06 16:08:58,375 [om1@group-C5BA1605619E-LeaderElection1] INFO  impl.LeaderElection (LeaderElection.java:askForVotes(323)) - om1@group-C5BA1605619E-LeaderElection1 ELECTION round 0: result PASSED (term=1)
2023-06-06 16:08:58,375 [om1@group-C5BA1605619E-LeaderElection1] INFO  impl.RoleInfo (RoleInfo.java:shutdownLeaderElection(130)) - om1: shutdown om1@group-C5BA1605619E-LeaderElection1
2023-06-06 16:08:58,375 [om1@group-C5BA1605619E-LeaderElection1] INFO  server.RaftServer$Division (RaftServerImpl.java:setRole(329)) - om1@group-C5BA1605619E: changes role from CANDIDATE to LEADER at term 1 for changeToLeader
2023-06-06 16:08:58,384 [om1@group-C5BA1605619E-LeaderElection1] INFO  server.RaftServer$Division (ServerState.java:setLeader(317)) - om1@group-C5BA1605619E: change Leader from null to om1 at term 1 for becomeLeader, leader elected after 2211ms
2023-06-06 16:08:58,389 [om1@group-C5BA1605619E-LeaderElection1] INFO  server.RaftServerConfigKeys (ConfUtils.java:logGet(46)) - raft.server.staging.catchup.gap = 1000 (default)
2023-06-06 16:08:58,401 [om1@group-C5BA1605619E-LeaderElection1] INFO  server.RaftServerConfigKeys (ConfUtils.java:logGet(46)) - raft.server.write.element-limit = 4096 (default)
2023-06-06 16:08:58,402 [om1@group-C5BA1605619E-LeaderElection1] INFO  server.RaftServerConfigKeys (ConfUtils.java:logGet(46)) - raft.server.write.byte-limit = 64MB (=67108864) (default)
2023-06-06 16:08:58,404 [main] INFO  upgrade.AbstractLayoutVersionManager (AbstractLayoutVersionManager.java:init(83)) - Initializing Layout version manager with metadata layout = HADOOP_PRC_PORTS_IN_DATANODEDETAILS (version = 7), software layout = HADOOP_PRC_PORTS_IN_DATANODEDETAILS (version = 7)
2023-06-06 16:08:58,404 [main] INFO  statemachine.DatanodeStateMachine (DatanodeStateMachine.java:getEndPointTaskThreadPoolSize(271)) - Datanode State Machine Task Thread Pool size 2
2023-06-06 16:08:58,411 [om1@group-C5BA1605619E-LeaderElection1] INFO  server.RaftServerConfigKeys (ConfUtils.java:logGet(46)) - raft.server.watch.timeout = 10s (default)
2023-06-06 16:08:58,411 [om1@group-C5BA1605619E-LeaderElection1] INFO  server.RaftServerConfigKeys (ConfUtils.java:logGet(46)) - raft.server.watch.timeout.denomination = 1s (default)
2023-06-06 16:08:58,412 [om1@group-C5BA1605619E-LeaderElection1] INFO  server.RaftServerConfigKeys (ConfUtils.java:logGet(46)) - raft.server.watch.element-limit = 65536 (default)
2023-06-06 16:08:58,414 [main] INFO  volume.HddsVolume (HddsVolume.java:<init>(130)) - Creating HddsVolume: /home/runner/work/ozone/ozone/hadoop-ozone/integration-test/target/test-dir/MiniOzoneClusterImpl-f3fe63fb-43ef-4153-9b86-93c9d8ad9adb/datanode-1/data-0/containers/hdds of storage type : DISK capacity : 9223372036854775807
2023-06-06 16:08:58,415 [main] INFO  volume.MutableVolumeSet (MutableVolumeSet.java:initializeVolumeSet(175)) - Added Volume : /home/runner/work/ozone/ozone/hadoop-ozone/integration-test/target/test-dir/MiniOzoneClusterImpl-f3fe63fb-43ef-4153-9b86-93c9d8ad9adb/datanode-1/data-0/containers/hdds to VolumeSet
2023-06-06 16:08:58,415 [main] INFO  volume.ThrottledAsyncChecker (ThrottledAsyncChecker.java:schedule(141)) - Scheduling a check for /home/runner/work/ozone/ozone/hadoop-ozone/integration-test/target/test-dir/MiniOzoneClusterImpl-f3fe63fb-43ef-4153-9b86-93c9d8ad9adb/datanode-1/data-0/containers/hdds
2023-06-06 16:08:58,420 [om1@group-C5BA1605619E-LeaderElection1] INFO  server.RaftServerConfigKeys (ConfUtils.java:logGet(46)) - raft.server.write.element-limit = 4096 (default)
2023-06-06 16:08:58,420 [main] INFO  volume.StorageVolumeChecker (StorageVolumeChecker.java:checkAllVolumes(202)) - Scheduled health check for volume /home/runner/work/ozone/ozone/hadoop-ozone/integration-test/target/test-dir/MiniOzoneClusterImpl-f3fe63fb-43ef-4153-9b86-93c9d8ad9adb/datanode-1/data-0/containers/hdds
2023-06-06 16:08:58,432 [om1@group-C5BA1605619E-LeaderElection1] INFO  server.RaftServerConfigKeys (ConfUtils.java:logGet(46)) - raft.server.write.follower.gap.ratio.max = -1.0 (default)
2023-06-06 16:08:58,438 [main] INFO  volume.MutableVolumeSet (MutableVolumeSet.java:initializeVolumeSet(175)) - Added Volume : /home/runner/work/ozone/ozone/hadoop-ozone/integration-test/target/test-dir/MiniOzoneClusterImpl-f3fe63fb-43ef-4153-9b86-93c9d8ad9adb/datanode-1/data/ratis to VolumeSet
2023-06-06 16:08:58,438 [main] INFO  volume.ThrottledAsyncChecker (ThrottledAsyncChecker.java:schedule(141)) - Scheduling a check for /home/runner/work/ozone/ozone/hadoop-ozone/integration-test/target/test-dir/MiniOzoneClusterImpl-f3fe63fb-43ef-4153-9b86-93c9d8ad9adb/datanode-1/data/ratis
2023-06-06 16:08:58,439 [om1@group-C5BA1605619E-LeaderElection1] INFO  impl.RoleInfo (RoleInfo.java:updateAndGet(139)) - om1: start om1@group-C5BA1605619E-LeaderStateImpl
2023-06-06 16:08:58,444 [main] INFO  volume.StorageVolumeChecker (StorageVolumeChecker.java:checkAllVolumes(202)) - Scheduled health check for volume /home/runner/work/ozone/ozone/hadoop-ozone/integration-test/target/test-dir/MiniOzoneClusterImpl-f3fe63fb-43ef-4153-9b86-93c9d8ad9adb/datanode-1/data/ratis
2023-06-06 16:08:58,478 [om1@group-C5BA1605619E-LeaderElection1] INFO  segmented.SegmentedRaftLogWorker (SegmentedRaftLogWorker.java:startLogSegment(447)) - om1@group-C5BA1605619E-SegmentedRaftLogWorker: Starting segment from index:0
2023-06-06 16:08:58,479 [Thread-159] INFO  ozoneimpl.ContainerReader (ContainerReader.java:readVolume(175)) - Finish verifying containers on volume /home/runner/work/ozone/ozone/hadoop-ozone/integration-test/target/test-dir/MiniOzoneClusterImpl-f3fe63fb-43ef-4153-9b86-93c9d8ad9adb/datanode-1/data-0/containers/hdds
2023-06-06 16:08:58,480 [main] INFO  ozoneimpl.OzoneContainer (OzoneContainer.java:buildContainerSet(303)) - Build ContainerSet costs 0s
2023-06-06 16:08:58,486 [main] INFO  server.RaftServer (ConfUtils.java:logGet(46)) - raft.rpc.type = GRPC (default)
2023-06-06 16:08:58,486 [main] INFO  grpc.GrpcConfigKeys (ConfUtils.java:logFallback(53)) - raft.grpc.admin.host = null (fallback to raft.grpc.server.host)
2023-06-06 16:08:58,487 [main] INFO  grpc.GrpcConfigKeys (ConfUtils.java:logGet(46)) - raft.grpc.admin.port = 15022 (custom)
2023-06-06 16:08:58,487 [main] INFO  grpc.GrpcConfigKeys (ConfUtils.java:logFallback(53)) - raft.grpc.client.host = null (fallback to raft.grpc.server.host)
2023-06-06 16:08:58,487 [main] INFO  grpc.GrpcConfigKeys (ConfUtils.java:logGet(46)) - raft.grpc.client.port = 15021 (custom)
2023-06-06 16:08:58,490 [main] INFO  grpc.GrpcConfigKeys (ConfUtils.java:logGet(46)) - raft.grpc.server.host = null (default)
2023-06-06 16:08:58,490 [main] INFO  grpc.GrpcConfigKeys (ConfUtils.java:logGet(46)) - raft.grpc.server.port = 15023 (custom)
2023-06-06 16:08:58,490 [main] INFO  server.GrpcService (ConfUtils.java:logGet(46)) - raft.grpc.message.size.max = 32MB (=33554432) (custom)
2023-06-06 16:08:58,491 [main] INFO  server.RaftServerConfigKeys (ConfUtils.java:logGet(46)) - raft.server.log.appender.buffer.byte-limit = 33554432 (custom)
2023-06-06 16:08:58,491 [main] INFO  server.GrpcService (ConfUtils.java:logGet(46)) - raft.grpc.flow.control.window = 5MB (=5242880) (custom)
2023-06-06 16:08:58,491 [main] INFO  server.RaftServerConfigKeys (ConfUtils.java:logGet(46)) - raft.server.rpc.request.timeout = 60s (custom)
2023-06-06 16:08:58,491 [main] INFO  grpc.GrpcConfigKeys (ConfUtils.java:logGet(46)) - raft.grpc.server.heartbeat.channel = true (default)
2023-06-06 16:08:58,491 [main] INFO  grpc.GrpcConfigKeys (ConfUtils.java:logGet(46)) - raft.grpc.server.async.request.thread.pool.cached = true (default)
2023-06-06 16:08:58,493 [main] INFO  grpc.GrpcConfigKeys (ConfUtils.java:logGet(46)) - raft.grpc.server.async.request.thread.pool.size = 32 (default)
2023-06-06 16:08:58,501 [main] INFO  impl.DataStreamServerImpl (ConfUtils.java:logGet(46)) - raft.datastream.type = NETTY (custom)
2023-06-06 16:08:58,503 [main] INFO  server.RaftServerConfigKeys (ConfUtils.java:logGet(46)) - raft.server.data-stream.async.request.thread.pool.cached = false (default)
2023-06-06 16:08:58,503 [main] INFO  server.RaftServerConfigKeys (ConfUtils.java:logGet(46)) - raft.server.data-stream.async.request.thread.pool.size = 20 (custom)
2023-06-06 16:08:58,503 [main] INFO  server.RaftServerConfigKeys (ConfUtils.java:logGet(46)) - raft.server.data-stream.async.write.thread.pool.size = 16 (default)
2023-06-06 16:08:58,504 [main] INFO  server.RaftServerConfigKeys (ConfUtils.java:logGet(46)) - raft.server.data-stream.client.pool.size = 10 (default)
2023-06-06 16:08:58,504 [main] INFO  netty.NettyConfigKeys$DataStream (ConfUtils.java:logGet(46)) - raft.netty.dataStream.server.use-epoll = false (default)
2023-06-06 16:08:58,504 [main] INFO  netty.NettyConfigKeys$DataStream (ConfUtils.java:logGet(46)) - raft.netty.dataStream.server.boss-group.size = 0 (default)
2023-06-06 16:08:58,505 [main] INFO  netty.NettyConfigKeys$DataStream (ConfUtils.java:logGet(46)) - raft.netty.dataStream.server.worker-group.size = 0 (default)
2023-06-06 16:08:58,505 [main] INFO  netty.NettyConfigKeys$DataStream (ConfUtils.java:logGet(46)) - raft.netty.dataStream.server.tls.conf = null (default)
2023-06-06 16:08:58,505 [main] INFO  netty.NettyConfigKeys$DataStream (ConfUtils.java:logGet(46)) - raft.netty.dataStream.host = null (default)
2023-06-06 16:08:58,506 [main] INFO  netty.NettyConfigKeys$DataStream (ConfUtils.java:logGet(46)) - raft.netty.dataStream.port = 15024 (custom)
2023-06-06 16:08:58,512 [main] INFO  server.RaftServerConfigKeys (ConfUtils.java:logGet(46)) - raft.server.threadpool.proxy.cached = true (default)
2023-06-06 16:08:58,512 [main] INFO  server.RaftServerConfigKeys (ConfUtils.java:logGet(46)) - raft.server.threadpool.proxy.size = 0 (default)
2023-06-06 16:08:58,512 [main] INFO  server.RaftServerConfigKeys (ConfUtils.java:logGet(46)) - raft.server.rpc.slowness.timeout = 300s (custom)
2023-06-06 16:08:58,512 [main] INFO  server.RaftServerConfigKeys (ConfUtils.java:logGet(46)) - raft.server.leaderelection.leader.step-down.wait-time = 10s (default)
2023-06-06 16:08:58,513 [main] INFO  server.RaftServerConfigKeys (ConfUtils.java:logGet(46)) - raft.server.storage.dir = [/home/runner/work/ozone/ozone/hadoop-ozone/integration-test/target/test-dir/MiniOzoneClusterImpl-f3fe63fb-43ef-4153-9b86-93c9d8ad9adb/datanode-1/data/ratis] (custom)
2023-06-06 16:08:58,522 [93b1f261-b0c1-4dc9-a18e-24efbad5753e-NettyServerStreamRpc-bossGroup--thread1] INFO  logging.LoggingHandler (AbstractInternalLogger.java:log(148)) - [id: 0x0db24ccd] REGISTERED
2023-06-06 16:08:58,528 [main] INFO  server.XceiverServerGrpc (XceiverServerGrpc.java:<init>(132)) - GrpcServer channel type EpollServerSocketChannel
2023-06-06 16:08:58,532 [main] INFO  replication.ReplicationSupervisor (ReplicationSupervisor.java:nodeStateUpdated(305)) - Node state updated to IN_SERVICE, scaling executor pool size to 10
2023-06-06 16:08:58,532 [93b1f261-b0c1-4dc9-a18e-24efbad5753e-NettyServerStreamRpc-bossGroup--thread1] INFO  logging.LoggingHandler (AbstractInternalLogger.java:log(148)) - [id: 0x0db24ccd] BIND: 0.0.0.0/0.0.0.0:15024
2023-06-06 16:08:58,533 [93b1f261-b0c1-4dc9-a18e-24efbad5753e-NettyServerStreamRpc-bossGroup--thread1] INFO  logging.LoggingHandler (AbstractInternalLogger.java:log(148)) - [id: 0x0db24ccd, L:/0:0:0:0:0:0:0:0:15024] ACTIVE
2023-06-06 16:08:58,537 [main] INFO  http.BaseHttpServer (BaseHttpServer.java:newHttpServer2BuilderForOzone(224)) - Starting Web-server for hddsDatanode at: http://0.0.0.0:15018
2023-06-06 16:08:58,538 [main] INFO  http.BaseHttpServer (BaseHttpServer.java:<init>(111)) - Hadoop Security Enabled: false Ozone Security Enabled: false Ozone HTTP Security Enabled: false 
2023-06-06 16:08:58,540 [main] WARN  server.AuthenticationFilter (AuthenticationFilter.java:constructSecretProvider(240)) - Unable to initialize FileSignerSecretProvider, falling back to use random secrets. Reason: Could not read signature secret file: /home/runner/hadoop-http-auth-signature-secret
2023-06-06 16:08:58,548 [main] INFO  http.HttpRequestLog (HttpRequestLog.java:getRequestLog(86)) - Http request log for http.requests.hddsDatanode is not defined
2023-06-06 16:08:58,550 [main] INFO  http.HttpServer2 (HttpServer2.java:addGlobalFilter(1031)) - Added global filter 'safety' (class=org.apache.hadoop.hdds.server.http.HttpServer2$QuotingInputFilter)
2023-06-06 16:08:58,551 [main] INFO  http.HttpServer2 (HttpServer2.java:addFilter(1007)) - Added filter static_user_filter (class=org.apache.hadoop.http.lib.StaticUserWebFilter$StaticUserFilter) to context hddsDatanode
2023-06-06 16:08:58,551 [main] INFO  http.HttpServer2 (HttpServer2.java:addFilter(1015)) - Added filter static_user_filter (class=org.apache.hadoop.http.lib.StaticUserWebFilter$StaticUserFilter) to context logs
2023-06-06 16:08:58,551 [main] INFO  http.HttpServer2 (HttpServer2.java:addFilter(1015)) - Added filter static_user_filter (class=org.apache.hadoop.http.lib.StaticUserWebFilter$StaticUserFilter) to context static
2023-06-06 16:08:58,552 [main] INFO  http.BaseHttpServer (BaseHttpServer.java:<init>(190)) - HTTP server of hddsDatanode uses base directory /home/runner/work/ozone/ozone/hadoop-ozone/integration-test/target/test-dir/MiniOzoneClusterImpl-f3fe63fb-43ef-4153-9b86-93c9d8ad9adb/datanode-1/meta/webserver
2023-06-06 16:08:58,552 [main] INFO  http.HttpServer2 (HttpServer2.java:bindListener(1250)) - Jetty bound to port 15018
2023-06-06 16:08:58,552 [main] INFO  server.Server (Server.java:doStart(375)) - jetty-9.4.51.v20230217; built: 2023-02-17T08:19:37.309Z; git: b45c405e4544384de066f814ed42ae3dceacdd49; jvm 1.8.0_372-b07
2023-06-06 16:08:58,578 [om1@group-C5BA1605619E-LeaderElection1] INFO  server.RaftServer$Division (ServerState.java:setRaftConf(434)) - om1@group-C5BA1605619E: set configuration 0: peers:[om1|rpc:localhost:15007|admin:|client:|dataStream:|priority:0|startupRole:FOLLOWER]|listeners:[], old=null
2023-06-06 16:08:58,581 [main] INFO  server.session (DefaultSessionIdManager.java:doStart(334)) - DefaultSessionIdManager workerName=node0
2023-06-06 16:08:58,582 [main] INFO  server.session (DefaultSessionIdManager.java:doStart(339)) - No SessionScavenger set, using defaults
2023-06-06 16:08:58,582 [main] INFO  server.session (HouseKeeper.java:startScavenging(132)) - node0 Scavenging every 660000ms
2023-06-06 16:08:58,588 [main] INFO  handler.ContextHandler (ContextHandler.java:doStart(921)) - Started o.e.j.s.ServletContextHandler@1b8e5567{logs,/logs,file:///home/runner/work/ozone/ozone/hadoop-ozone/integration-test/target/log,AVAILABLE}
2023-06-06 16:08:58,589 [main] INFO  handler.ContextHandler (ContextHandler.java:doStart(921)) - Started o.e.j.s.ServletContextHandler@6add36{static,/static,jar:file:/home/runner/.m2/repository/org/apache/ozone/hdds-container-service/1.4.0-SNAPSHOT/hdds-container-service-1.4.0-SNAPSHOT.jar!/webapps/static,AVAILABLE}
2023-06-06 16:08:58,655 [om1@group-C5BA1605619E-SegmentedRaftLogWorker] INFO  segmented.SegmentedRaftLogWorker (SegmentedRaftLogWorker.java:execute(651)) - om1@group-C5BA1605619E-SegmentedRaftLogWorker: created new log segment /home/runner/work/ozone/ozone/hadoop-ozone/integration-test/target/test-dir/MiniOzoneClusterImpl-f3fe63fb-43ef-4153-9b86-93c9d8ad9adb/ozone-meta/ratis/bf265839-605b-3f16-9796-c5ba1605619e/current/log_inprogress_0
2023-06-06 16:08:58,658 [Datanode State Machine Task Thread - 0] INFO  datanode.InitDatanodeState (InitDatanodeState.java:persistContainerDatanodeDetails(138)) - DatanodeDetails is persisted to /home/runner/work/ozone/ozone/hadoop-ozone/integration-test/target/test-dir/MiniOzoneClusterImpl-f3fe63fb-43ef-4153-9b86-93c9d8ad9adb/datanode-0/meta/datanode.id
2023-06-06 16:08:58,819 [om1@group-C5BA1605619E-StateMachineUpdater] INFO  ratis.OzoneManagerStateMachine (OzoneManagerStateMachine.java:notifyConfigurationChanged(201)) - Received Configuration change notification from Ratis. New Peer list:
[id: "om1"
address: "localhost:15007"
startupRole: FOLLOWER
]
2023-06-06 16:08:58,920 [main] INFO  handler.ContextHandler (ContextHandler.java:doStart(921)) - Started o.e.j.w.WebAppContext@3043e195{hddsDatanode,/,file:///home/runner/work/ozone/ozone/hadoop-ozone/integration-test/target/test-dir/MiniOzoneClusterImpl-f3fe63fb-43ef-4153-9b86-93c9d8ad9adb/datanode-1/meta/webserver/jetty-0_0_0_0-15018-hdds-container-service-1_4_0-SNAPSHOT_jar-_-any-1441863509157071281/webapp/,AVAILABLE}{jar:file:/home/runner/.m2/repository/org/apache/ozone/hdds-container-service/1.4.0-SNAPSHOT/hdds-container-service-1.4.0-SNAPSHOT.jar!/webapps/hddsDatanode}
2023-06-06 16:08:58,921 [main] INFO  server.AbstractConnector (AbstractConnector.java:doStart(333)) - Started ServerConnector@18d1e4d0{HTTP/1.1, (http/1.1)}{0.0.0.0:15018}
2023-06-06 16:08:58,922 [main] INFO  server.Server (Server.java:doStart(415)) - Started @9153ms
2023-06-06 16:08:58,922 [main] WARN  impl.MetricsSystemImpl (MetricsSystemImpl.java:register(279)) - Sink prometheus already exists!
2023-06-06 16:08:58,923 [main] INFO  http.BaseHttpServer (BaseHttpServer.java:updateConnectorAddress(344)) - HTTP server of hddsDatanode listening at http://0.0.0.0:15018
2023-06-06 16:08:58,923 [main] INFO  ipc.CallQueueManager (CallQueueManager.java:<init>(90)) - Using callQueue: class java.util.concurrent.LinkedBlockingQueue, queueCapacity: 100, scheduler: class org.apache.hadoop.ipc.DefaultRpcScheduler, ipcBackoff: false.
2023-06-06 16:08:58,928 [Socket Reader #1 for port 15019] INFO  ipc.Server (Server.java:run(1319)) - Starting Socket Reader #1 for port 15019
2023-06-06 16:08:58,932 [Listener at 0.0.0.0/15019] INFO  hdds.HddsUtils (HddsUtils.java:preserveThreadName(843)) - Restoring thread name: main
2023-06-06 16:08:58,933 [main] INFO  ozone.HddsDatanodeService (HddsDatanodeService.java:start(331)) - Datanode start with admins: [runner]
2023-06-06 16:08:58,933 [main] INFO  ozone.HddsDatanodeClientProtocolServer (HddsDatanodeClientProtocolServer.java:start(83)) - RPC server for Client /0.0.0.0:15019
2023-06-06 16:08:58,937 [IPC Server Responder] INFO  ipc.Server (Server.java:run(1558)) - IPC Server Responder: starting
2023-06-06 16:08:58,944 [IPC Server listener on 15019] INFO  ipc.Server (Server.java:run(1398)) - IPC Server listener on 15019: starting
2023-06-06 16:08:58,954 [main] WARN  impl.MetricRegistriesImpl (MetricRegistriesImpl.java:addReporterRegistration(111)) - New reporters are added after registries were created. Some metrics will be missing from the reporter. Please add reporter before adding any new registry.
2023-06-06 16:08:58,954 [main] WARN  impl.MetricRegistriesImpl (MetricRegistriesImpl.java:addReporterRegistration(111)) - New reporters are added after registries were created. Some metrics will be missing from the reporter. Please add reporter before adding any new registry.
2023-06-06 16:08:58,954 [main] INFO  impl.MetricsSystemImpl (MetricsSystemImpl.java:init(158)) - HddsDatanode metrics system started (again)
2023-06-06 16:08:58,966 [Datanode State Machine Daemon Thread] INFO  statemachine.DatanodeStateMachine (DatanodeStateMachine.java:lambda$startDaemon$0(523)) - Ozone container server started.
2023-06-06 16:08:58,983 [main] INFO  ozone.HddsDatanodeService (HddsDatanodeService.java:start(261)) - HddsDatanodeService host:fv-az201-460.ett4tu3jvdse5ovc2mkgjqcs5a.bx.internal.cloudapp.net ip:10.1.0.160
2023-06-06 16:08:58,995 [Datanode State Machine Task Thread - 0] INFO  datanode.InitDatanodeState (InitDatanodeState.java:persistContainerDatanodeDetails(138)) - DatanodeDetails is persisted to /home/runner/work/ozone/ozone/hadoop-ozone/integration-test/target/test-dir/MiniOzoneClusterImpl-f3fe63fb-43ef-4153-9b86-93c9d8ad9adb/datanode-1/meta/datanode.id
2023-06-06 16:08:59,020 [main] INFO  upgrade.AbstractLayoutVersionManager (AbstractLayoutVersionManager.java:init(83)) - Initializing Layout version manager with metadata layout = HADOOP_PRC_PORTS_IN_DATANODEDETAILS (version = 7), software layout = HADOOP_PRC_PORTS_IN_DATANODEDETAILS (version = 7)
2023-06-06 16:08:59,024 [main] INFO  statemachine.DatanodeStateMachine (DatanodeStateMachine.java:getEndPointTaskThreadPoolSize(271)) - Datanode State Machine Task Thread Pool size 2
2023-06-06 16:08:59,033 [main] INFO  volume.HddsVolume (HddsVolume.java:<init>(130)) - Creating HddsVolume: /home/runner/work/ozone/ozone/hadoop-ozone/integration-test/target/test-dir/MiniOzoneClusterImpl-f3fe63fb-43ef-4153-9b86-93c9d8ad9adb/datanode-2/data-0/containers/hdds of storage type : DISK capacity : 9223372036854775807
2023-06-06 16:08:59,033 [main] INFO  volume.MutableVolumeSet (MutableVolumeSet.java:initializeVolumeSet(175)) - Added Volume : /home/runner/work/ozone/ozone/hadoop-ozone/integration-test/target/test-dir/MiniOzoneClusterImpl-f3fe63fb-43ef-4153-9b86-93c9d8ad9adb/datanode-2/data-0/containers/hdds to VolumeSet
2023-06-06 16:08:59,033 [main] INFO  volume.ThrottledAsyncChecker (ThrottledAsyncChecker.java:schedule(141)) - Scheduling a check for /home/runner/work/ozone/ozone/hadoop-ozone/integration-test/target/test-dir/MiniOzoneClusterImpl-f3fe63fb-43ef-4153-9b86-93c9d8ad9adb/datanode-2/data-0/containers/hdds
2023-06-06 16:08:59,034 [main] INFO  volume.StorageVolumeChecker (StorageVolumeChecker.java:checkAllVolumes(202)) - Scheduled health check for volume /home/runner/work/ozone/ozone/hadoop-ozone/integration-test/target/test-dir/MiniOzoneClusterImpl-f3fe63fb-43ef-4153-9b86-93c9d8ad9adb/datanode-2/data-0/containers/hdds
2023-06-06 16:08:59,050 [main] INFO  volume.MutableVolumeSet (MutableVolumeSet.java:initializeVolumeSet(175)) - Added Volume : /home/runner/work/ozone/ozone/hadoop-ozone/integration-test/target/test-dir/MiniOzoneClusterImpl-f3fe63fb-43ef-4153-9b86-93c9d8ad9adb/datanode-2/data/ratis to VolumeSet
2023-06-06 16:08:59,050 [main] INFO  volume.ThrottledAsyncChecker (ThrottledAsyncChecker.java:schedule(141)) - Scheduling a check for /home/runner/work/ozone/ozone/hadoop-ozone/integration-test/target/test-dir/MiniOzoneClusterImpl-f3fe63fb-43ef-4153-9b86-93c9d8ad9adb/datanode-2/data/ratis
2023-06-06 16:08:59,050 [main] INFO  volume.StorageVolumeChecker (StorageVolumeChecker.java:checkAllVolumes(202)) - Scheduled health check for volume /home/runner/work/ozone/ozone/hadoop-ozone/integration-test/target/test-dir/MiniOzoneClusterImpl-f3fe63fb-43ef-4153-9b86-93c9d8ad9adb/datanode-2/data/ratis
2023-06-06 16:08:59,063 [Thread-176] INFO  ozoneimpl.ContainerReader (ContainerReader.java:readVolume(175)) - Finish verifying containers on volume /home/runner/work/ozone/ozone/hadoop-ozone/integration-test/target/test-dir/MiniOzoneClusterImpl-f3fe63fb-43ef-4153-9b86-93c9d8ad9adb/datanode-2/data-0/containers/hdds
2023-06-06 16:08:59,063 [main] INFO  ozoneimpl.OzoneContainer (OzoneContainer.java:buildContainerSet(303)) - Build ContainerSet costs 0s
2023-06-06 16:08:59,067 [main] INFO  server.RaftServer (ConfUtils.java:logGet(46)) - raft.rpc.type = GRPC (default)
2023-06-06 16:08:59,067 [main] INFO  grpc.GrpcConfigKeys (ConfUtils.java:logFallback(53)) - raft.grpc.admin.host = null (fallback to raft.grpc.server.host)
2023-06-06 16:08:59,068 [main] INFO  grpc.GrpcConfigKeys (ConfUtils.java:logGet(46)) - raft.grpc.admin.port = 15031 (custom)
2023-06-06 16:08:59,068 [main] INFO  grpc.GrpcConfigKeys (ConfUtils.java:logFallback(53)) - raft.grpc.client.host = null (fallback to raft.grpc.server.host)
2023-06-06 16:08:59,068 [main] INFO  grpc.GrpcConfigKeys (ConfUtils.java:logGet(46)) - raft.grpc.client.port = 15030 (custom)
2023-06-06 16:08:59,068 [main] INFO  grpc.GrpcConfigKeys (ConfUtils.java:logGet(46)) - raft.grpc.server.host = null (default)
2023-06-06 16:08:59,068 [main] INFO  grpc.GrpcConfigKeys (ConfUtils.java:logGet(46)) - raft.grpc.server.port = 15032 (custom)
2023-06-06 16:08:59,068 [main] INFO  server.GrpcService (ConfUtils.java:logGet(46)) - raft.grpc.message.size.max = 32MB (=33554432) (custom)
2023-06-06 16:08:59,068 [main] INFO  server.RaftServerConfigKeys (ConfUtils.java:logGet(46)) - raft.server.log.appender.buffer.byte-limit = 33554432 (custom)
2023-06-06 16:08:59,068 [main] INFO  server.GrpcService (ConfUtils.java:logGet(46)) - raft.grpc.flow.control.window = 5MB (=5242880) (custom)
2023-06-06 16:08:59,068 [main] INFO  server.RaftServerConfigKeys (ConfUtils.java:logGet(46)) - raft.server.rpc.request.timeout = 60s (custom)
2023-06-06 16:08:59,069 [main] INFO  grpc.GrpcConfigKeys (ConfUtils.java:logGet(46)) - raft.grpc.server.heartbeat.channel = true (default)
2023-06-06 16:08:59,069 [main] INFO  grpc.GrpcConfigKeys (ConfUtils.java:logGet(46)) - raft.grpc.server.async.request.thread.pool.cached = true (default)
2023-06-06 16:08:59,073 [main] INFO  grpc.GrpcConfigKeys (ConfUtils.java:logGet(46)) - raft.grpc.server.async.request.thread.pool.size = 32 (default)
2023-06-06 16:08:59,079 [main] INFO  impl.DataStreamServerImpl (ConfUtils.java:logGet(46)) - raft.datastream.type = NETTY (custom)
2023-06-06 16:08:59,080 [main] INFO  server.RaftServerConfigKeys (ConfUtils.java:logGet(46)) - raft.server.data-stream.async.request.thread.pool.cached = false (default)
2023-06-06 16:08:59,081 [main] INFO  server.RaftServerConfigKeys (ConfUtils.java:logGet(46)) - raft.server.data-stream.async.request.thread.pool.size = 20 (custom)
2023-06-06 16:08:59,081 [main] INFO  server.RaftServerConfigKeys (ConfUtils.java:logGet(46)) - raft.server.data-stream.async.write.thread.pool.size = 16 (default)
2023-06-06 16:08:59,081 [main] INFO  server.RaftServerConfigKeys (ConfUtils.java:logGet(46)) - raft.server.data-stream.client.pool.size = 10 (default)
2023-06-06 16:08:59,081 [main] INFO  netty.NettyConfigKeys$DataStream (ConfUtils.java:logGet(46)) - raft.netty.dataStream.server.use-epoll = false (default)
2023-06-06 16:08:59,081 [main] INFO  netty.NettyConfigKeys$DataStream (ConfUtils.java:logGet(46)) - raft.netty.dataStream.server.boss-group.size = 0 (default)
2023-06-06 16:08:59,081 [main] INFO  netty.NettyConfigKeys$DataStream (ConfUtils.java:logGet(46)) - raft.netty.dataStream.server.worker-group.size = 0 (default)
2023-06-06 16:08:59,082 [main] INFO  netty.NettyConfigKeys$DataStream (ConfUtils.java:logGet(46)) - raft.netty.dataStream.server.tls.conf = null (default)
2023-06-06 16:08:59,082 [main] INFO  netty.NettyConfigKeys$DataStream (ConfUtils.java:logGet(46)) - raft.netty.dataStream.host = null (default)
2023-06-06 16:08:59,082 [main] INFO  netty.NettyConfigKeys$DataStream (ConfUtils.java:logGet(46)) - raft.netty.dataStream.port = 15033 (custom)
2023-06-06 16:08:59,083 [main] INFO  server.RaftServerConfigKeys (ConfUtils.java:logGet(46)) - raft.server.threadpool.proxy.cached = true (default)
2023-06-06 16:08:59,083 [main] INFO  server.RaftServerConfigKeys (ConfUtils.java:logGet(46)) - raft.server.threadpool.proxy.size = 0 (default)
2023-06-06 16:08:59,083 [main] INFO  server.RaftServerConfigKeys (ConfUtils.java:logGet(46)) - raft.server.rpc.slowness.timeout = 300s (custom)
2023-06-06 16:08:59,083 [main] INFO  server.RaftServerConfigKeys (ConfUtils.java:logGet(46)) - raft.server.leaderelection.leader.step-down.wait-time = 10s (default)
2023-06-06 16:08:59,083 [main] INFO  server.RaftServerConfigKeys (ConfUtils.java:logGet(46)) - raft.server.storage.dir = [/home/runner/work/ozone/ozone/hadoop-ozone/integration-test/target/test-dir/MiniOzoneClusterImpl-f3fe63fb-43ef-4153-9b86-93c9d8ad9adb/datanode-2/data/ratis] (custom)
2023-06-06 16:08:59,086 [df0472b3-7a9a-48e1-af6c-174a013a05cb-NettyServerStreamRpc-bossGroup--thread1] INFO  logging.LoggingHandler (AbstractInternalLogger.java:log(148)) - [id: 0x04e78364] REGISTERED
2023-06-06 16:08:59,086 [df0472b3-7a9a-48e1-af6c-174a013a05cb-NettyServerStreamRpc-bossGroup--thread1] INFO  logging.LoggingHandler (AbstractInternalLogger.java:log(148)) - [id: 0x04e78364] BIND: 0.0.0.0/0.0.0.0:15033
2023-06-06 16:08:59,086 [df0472b3-7a9a-48e1-af6c-174a013a05cb-NettyServerStreamRpc-bossGroup--thread1] INFO  logging.LoggingHandler (AbstractInternalLogger.java:log(148)) - [id: 0x04e78364, L:/0:0:0:0:0:0:0:0:15033] ACTIVE
2023-06-06 16:08:59,089 [main] INFO  server.XceiverServerGrpc (XceiverServerGrpc.java:<init>(132)) - GrpcServer channel type EpollServerSocketChannel
2023-06-06 16:08:59,092 [main] INFO  replication.ReplicationSupervisor (ReplicationSupervisor.java:nodeStateUpdated(305)) - Node state updated to IN_SERVICE, scaling executor pool size to 10
2023-06-06 16:08:59,098 [main] INFO  http.BaseHttpServer (BaseHttpServer.java:newHttpServer2BuilderForOzone(224)) - Starting Web-server for hddsDatanode at: http://0.0.0.0:15027
2023-06-06 16:08:59,098 [main] INFO  http.BaseHttpServer (BaseHttpServer.java:<init>(111)) - Hadoop Security Enabled: false Ozone Security Enabled: false Ozone HTTP Security Enabled: false 
2023-06-06 16:08:59,099 [main] WARN  server.AuthenticationFilter (AuthenticationFilter.java:constructSecretProvider(240)) - Unable to initialize FileSignerSecretProvider, falling back to use random secrets. Reason: Could not read signature secret file: /home/runner/hadoop-http-auth-signature-secret
2023-06-06 16:08:59,101 [main] INFO  http.HttpRequestLog (HttpRequestLog.java:getRequestLog(86)) - Http request log for http.requests.hddsDatanode is not defined
2023-06-06 16:08:59,103 [main] INFO  http.HttpServer2 (HttpServer2.java:addGlobalFilter(1031)) - Added global filter 'safety' (class=org.apache.hadoop.hdds.server.http.HttpServer2$QuotingInputFilter)
2023-06-06 16:08:59,103 [main] INFO  http.HttpServer2 (HttpServer2.java:addFilter(1007)) - Added filter static_user_filter (class=org.apache.hadoop.http.lib.StaticUserWebFilter$StaticUserFilter) to context hddsDatanode
2023-06-06 16:08:59,103 [main] INFO  http.HttpServer2 (HttpServer2.java:addFilter(1015)) - Added filter static_user_filter (class=org.apache.hadoop.http.lib.StaticUserWebFilter$StaticUserFilter) to context static
2023-06-06 16:08:59,104 [main] INFO  http.HttpServer2 (HttpServer2.java:addFilter(1015)) - Added filter static_user_filter (class=org.apache.hadoop.http.lib.StaticUserWebFilter$StaticUserFilter) to context logs
2023-06-06 16:08:59,104 [main] INFO  http.BaseHttpServer (BaseHttpServer.java:<init>(190)) - HTTP server of hddsDatanode uses base directory /home/runner/work/ozone/ozone/hadoop-ozone/integration-test/target/test-dir/MiniOzoneClusterImpl-f3fe63fb-43ef-4153-9b86-93c9d8ad9adb/datanode-2/meta/webserver
2023-06-06 16:08:59,104 [main] INFO  http.HttpServer2 (HttpServer2.java:bindListener(1250)) - Jetty bound to port 15027
2023-06-06 16:08:59,104 [main] INFO  server.Server (Server.java:doStart(375)) - jetty-9.4.51.v20230217; built: 2023-02-17T08:19:37.309Z; git: b45c405e4544384de066f814ed42ae3dceacdd49; jvm 1.8.0_372-b07
2023-06-06 16:08:59,115 [main] INFO  server.session (DefaultSessionIdManager.java:doStart(334)) - DefaultSessionIdManager workerName=node0
2023-06-06 16:08:59,115 [main] INFO  server.session (DefaultSessionIdManager.java:doStart(339)) - No SessionScavenger set, using defaults
2023-06-06 16:08:59,115 [main] INFO  server.session (HouseKeeper.java:startScavenging(132)) - node0 Scavenging every 600000ms
2023-06-06 16:08:59,115 [main] INFO  handler.ContextHandler (ContextHandler.java:doStart(921)) - Started o.e.j.s.ServletContextHandler@317c4093{logs,/logs,file:///home/runner/work/ozone/ozone/hadoop-ozone/integration-test/target/log,AVAILABLE}
2023-06-06 16:08:59,116 [main] INFO  handler.ContextHandler (ContextHandler.java:doStart(921)) - Started o.e.j.s.ServletContextHandler@5ecfa2a4{static,/static,jar:file:/home/runner/.m2/repository/org/apache/ozone/hdds-container-service/1.4.0-SNAPSHOT/hdds-container-service-1.4.0-SNAPSHOT.jar!/webapps/static,AVAILABLE}
2023-06-06 16:08:59,317 [main] INFO  handler.ContextHandler (ContextHandler.java:doStart(921)) - Started o.e.j.w.WebAppContext@608e2661{hddsDatanode,/,file:///home/runner/work/ozone/ozone/hadoop-ozone/integration-test/target/test-dir/MiniOzoneClusterImpl-f3fe63fb-43ef-4153-9b86-93c9d8ad9adb/datanode-2/meta/webserver/jetty-0_0_0_0-15027-hdds-container-service-1_4_0-SNAPSHOT_jar-_-any-2499086618876828068/webapp/,AVAILABLE}{jar:file:/home/runner/.m2/repository/org/apache/ozone/hdds-container-service/1.4.0-SNAPSHOT/hdds-container-service-1.4.0-SNAPSHOT.jar!/webapps/hddsDatanode}
2023-06-06 16:08:59,319 [main] INFO  server.AbstractConnector (AbstractConnector.java:doStart(333)) - Started ServerConnector@3b6585fb{HTTP/1.1, (http/1.1)}{0.0.0.0:15027}
2023-06-06 16:08:59,319 [main] INFO  server.Server (Server.java:doStart(415)) - Started @9551ms
2023-06-06 16:08:59,319 [main] WARN  impl.MetricsSystemImpl (MetricsSystemImpl.java:register(279)) - Sink prometheus already exists!
2023-06-06 16:08:59,321 [main] INFO  http.BaseHttpServer (BaseHttpServer.java:updateConnectorAddress(344)) - HTTP server of hddsDatanode listening at http://0.0.0.0:15027
2023-06-06 16:08:59,322 [main] INFO  ipc.CallQueueManager (CallQueueManager.java:<init>(90)) - Using callQueue: class java.util.concurrent.LinkedBlockingQueue, queueCapacity: 100, scheduler: class org.apache.hadoop.ipc.DefaultRpcScheduler, ipcBackoff: false.
2023-06-06 16:08:59,325 [Socket Reader #1 for port 15028] INFO  ipc.Server (Server.java:run(1319)) - Starting Socket Reader #1 for port 15028
2023-06-06 16:08:59,331 [Listener at 0.0.0.0/15028] INFO  hdds.HddsUtils (HddsUtils.java:preserveThreadName(843)) - Restoring thread name: main
2023-06-06 16:08:59,331 [main] INFO  ozone.HddsDatanodeService (HddsDatanodeService.java:start(331)) - Datanode start with admins: [runner]
2023-06-06 16:08:59,331 [main] INFO  ozone.HddsDatanodeClientProtocolServer (HddsDatanodeClientProtocolServer.java:start(83)) - RPC server for Client /0.0.0.0:15028
2023-06-06 16:08:59,331 [IPC Server Responder] INFO  ipc.Server (Server.java:run(1558)) - IPC Server Responder: starting
2023-06-06 16:08:59,336 [IPC Server listener on 15028] INFO  ipc.Server (Server.java:run(1398)) - IPC Server listener on 15028: starting
2023-06-06 16:08:59,338 [main] INFO  ozone.MiniOzoneClusterImpl (MiniOzoneClusterImpl.java:lambda$waitForClusterToBeReady$0(222)) - Waiting for nodes to be ready. Got 0 of 3 DN Heartbeats.
2023-06-06 16:08:59,338 [main] INFO  ozone.MiniOzoneClusterImpl (MiniOzoneClusterImpl.java:lambda$waitForClusterToBeReady$0(225)) - Waiting for cluster to exit safe mode
2023-06-06 16:08:59,338 [main] INFO  ozone.MiniOzoneClusterImpl (MiniOzoneClusterImpl.java:lambda$waitForClusterToBeReady$0(227)) - SCM became leader
2023-06-06 16:08:59,338 [Datanode State Machine Daemon Thread] INFO  statemachine.DatanodeStateMachine (DatanodeStateMachine.java:lambda$startDaemon$0(523)) - Ozone container server started.
2023-06-06 16:08:59,344 [Datanode State Machine Task Thread - 0] INFO  datanode.InitDatanodeState (InitDatanodeState.java:persistContainerDatanodeDetails(138)) - DatanodeDetails is persisted to /home/runner/work/ozone/ozone/hadoop-ozone/integration-test/target/test-dir/MiniOzoneClusterImpl-f3fe63fb-43ef-4153-9b86-93c9d8ad9adb/datanode-2/meta/datanode.id
2023-06-06 16:09:00,338 [main] INFO  ozone.MiniOzoneClusterImpl (MiniOzoneClusterImpl.java:lambda$waitForClusterToBeReady$0(222)) - Waiting for nodes to be ready. Got 0 of 3 DN Heartbeats.
2023-06-06 16:09:00,339 [main] INFO  ozone.MiniOzoneClusterImpl (MiniOzoneClusterImpl.java:lambda$waitForClusterToBeReady$0(225)) - Waiting for cluster to exit safe mode
2023-06-06 16:09:00,339 [main] INFO  ozone.MiniOzoneClusterImpl (MiniOzoneClusterImpl.java:lambda$waitForClusterToBeReady$0(227)) - SCM became leader
2023-06-06 16:09:00,477 [EndpointStateMachine task thread for /0.0.0.0:15002 - 0 ] INFO  utils.DatanodeStoreCache (DatanodeStoreCache.java:addDB(66)) - Added db /home/runner/work/ozone/ozone/hadoop-ozone/integration-test/target/test-dir/MiniOzoneClusterImpl-f3fe63fb-43ef-4153-9b86-93c9d8ad9adb/datanode-0/data-0/containers/hdds/f3fe63fb-43ef-4153-9b86-93c9d8ad9adb/DS-cab767b0-7690-421d-8127-c16e6445299d/container.db to cache
2023-06-06 16:09:00,478 [EndpointStateMachine task thread for /0.0.0.0:15002 - 0 ] INFO  volume.HddsVolume (HddsVolume.java:createDbStore(350)) - SchemaV3 db is created and loaded at /home/runner/work/ozone/ozone/hadoop-ozone/integration-test/target/test-dir/MiniOzoneClusterImpl-f3fe63fb-43ef-4153-9b86-93c9d8ad9adb/datanode-0/data-0/containers/hdds/f3fe63fb-43ef-4153-9b86-93c9d8ad9adb/DS-cab767b0-7690-421d-8127-c16e6445299d/container.db for volume DS-cab767b0-7690-421d-8127-c16e6445299d
2023-06-06 16:09:00,480 [EndpointStateMachine task thread for /0.0.0.0:15002 - 0 ] INFO  ozoneimpl.OzoneContainer (OzoneContainer.java:start(398)) - Attempting to start container services.
2023-06-06 16:09:00,482 [EndpointStateMachine task thread for /0.0.0.0:15002 - 0 ] INFO  ozoneimpl.OzoneContainer (OzoneContainer.java:startContainerScrub(314)) - Scheduled background container scanners and the on-demand container scanner have been disabled.
2023-06-06 16:09:00,484 [EndpointStateMachine task thread for /0.0.0.0:15002 - 0 ] INFO  replication.ReplicationServer (ReplicationServer.java:start(128)) - ReplicationServer is started using port 15016
2023-06-06 16:09:00,484 [EndpointStateMachine task thread for /0.0.0.0:15002 - 0 ] INFO  ratis.XceiverServerRatis (XceiverServerRatis.java:start(517)) - Starting XceiverServerRatis f826b84a-407e-4101-8305-36a89543ec0a
2023-06-06 16:09:00,489 [EndpointStateMachine task thread for /0.0.0.0:15002 - 0 ] INFO  server.RaftServer (RaftServerProxy.java:startImpl(400)) - f826b84a-407e-4101-8305-36a89543ec0a: start RPC server
2023-06-06 16:09:00,491 [EndpointStateMachine task thread for /0.0.0.0:15002 - 0 ] INFO  server.GrpcService (GrpcService.java:startImpl(302)) - f826b84a-407e-4101-8305-36a89543ec0a: GrpcService started, listening on 15012
2023-06-06 16:09:00,493 [EndpointStateMachine task thread for /0.0.0.0:15002 - 0 ] INFO  server.GrpcService (GrpcService.java:startImpl(302)) - f826b84a-407e-4101-8305-36a89543ec0a: GrpcService started, listening on 15014
2023-06-06 16:09:00,495 [EndpointStateMachine task thread for /0.0.0.0:15002 - 0 ] INFO  server.GrpcService (GrpcService.java:startImpl(302)) - f826b84a-407e-4101-8305-36a89543ec0a: GrpcService started, listening on 15013
2023-06-06 16:09:00,495 [EndpointStateMachine task thread for /0.0.0.0:15002 - 0 ] INFO  ratis.XceiverServerRatis (XceiverServerRatis.java:getRealPort(543)) - XceiverServerRatis f826b84a-407e-4101-8305-36a89543ec0a is started using port 15012 for RATIS
2023-06-06 16:09:00,495 [EndpointStateMachine task thread for /0.0.0.0:15002 - 0 ] INFO  ratis.XceiverServerRatis (XceiverServerRatis.java:getRealPort(543)) - XceiverServerRatis f826b84a-407e-4101-8305-36a89543ec0a is started using port 15013 for RATIS_ADMIN
2023-06-06 16:09:00,495 [EndpointStateMachine task thread for /0.0.0.0:15002 - 0 ] INFO  ratis.XceiverServerRatis (XceiverServerRatis.java:getRealPort(543)) - XceiverServerRatis f826b84a-407e-4101-8305-36a89543ec0a is started using port 15014 for RATIS_SERVER
2023-06-06 16:09:00,495 [EndpointStateMachine task thread for /0.0.0.0:15002 - 0 ] INFO  ratis.XceiverServerRatis (XceiverServerRatis.java:getRealPort(543)) - XceiverServerRatis f826b84a-407e-4101-8305-36a89543ec0a is started using port 15015 for RATIS_DATASTREAM
2023-06-06 16:09:00,495 [JvmPauseMonitor2] INFO  util.JvmPauseMonitor (JvmPauseMonitor.java:run(103)) - JvmPauseMonitor-f826b84a-407e-4101-8305-36a89543ec0a: Started
2023-06-06 16:09:00,508 [BlockDeletingService#0] INFO  interfaces.ContainerDeletionChoosingPolicyTemplate (ContainerDeletionChoosingPolicyTemplate.java:chooseContainerForBlockDeletion(83)) - Chosen 0/5000 blocks from 0 candidate containers.
2023-06-06 16:09:01,005 [EndpointStateMachine task thread for /0.0.0.0:15002 - 0 ] INFO  utils.DatanodeStoreCache (DatanodeStoreCache.java:addDB(66)) - Added db /home/runner/work/ozone/ozone/hadoop-ozone/integration-test/target/test-dir/MiniOzoneClusterImpl-f3fe63fb-43ef-4153-9b86-93c9d8ad9adb/datanode-1/data-0/containers/hdds/f3fe63fb-43ef-4153-9b86-93c9d8ad9adb/DS-4a6a95b7-c254-4db3-a4c5-cb4d4a01ca39/container.db to cache
2023-06-06 16:09:01,005 [EndpointStateMachine task thread for /0.0.0.0:15002 - 0 ] INFO  volume.HddsVolume (HddsVolume.java:createDbStore(350)) - SchemaV3 db is created and loaded at /home/runner/work/ozone/ozone/hadoop-ozone/integration-test/target/test-dir/MiniOzoneClusterImpl-f3fe63fb-43ef-4153-9b86-93c9d8ad9adb/datanode-1/data-0/containers/hdds/f3fe63fb-43ef-4153-9b86-93c9d8ad9adb/DS-4a6a95b7-c254-4db3-a4c5-cb4d4a01ca39/container.db for volume DS-4a6a95b7-c254-4db3-a4c5-cb4d4a01ca39
2023-06-06 16:09:01,007 [EndpointStateMachine task thread for /0.0.0.0:15002 - 0 ] INFO  ozoneimpl.OzoneContainer (OzoneContainer.java:start(398)) - Attempting to start container services.
2023-06-06 16:09:01,007 [EndpointStateMachine task thread for /0.0.0.0:15002 - 0 ] INFO  ozoneimpl.OzoneContainer (OzoneContainer.java:startContainerScrub(314)) - Scheduled background container scanners and the on-demand container scanner have been disabled.
2023-06-06 16:09:01,009 [EndpointStateMachine task thread for /0.0.0.0:15002 - 0 ] INFO  replication.ReplicationServer (ReplicationServer.java:start(128)) - ReplicationServer is started using port 15025
2023-06-06 16:09:01,009 [EndpointStateMachine task thread for /0.0.0.0:15002 - 0 ] INFO  ratis.XceiverServerRatis (XceiverServerRatis.java:start(517)) - Starting XceiverServerRatis 93b1f261-b0c1-4dc9-a18e-24efbad5753e
2023-06-06 16:09:01,010 [EndpointStateMachine task thread for /0.0.0.0:15002 - 0 ] INFO  server.RaftServer (RaftServerProxy.java:startImpl(400)) - 93b1f261-b0c1-4dc9-a18e-24efbad5753e: start RPC server
2023-06-06 16:09:01,016 [EndpointStateMachine task thread for /0.0.0.0:15002 - 0 ] INFO  server.GrpcService (GrpcService.java:startImpl(302)) - 93b1f261-b0c1-4dc9-a18e-24efbad5753e: GrpcService started, listening on 15021
2023-06-06 16:09:01,018 [EndpointStateMachine task thread for /0.0.0.0:15002 - 0 ] INFO  server.GrpcService (GrpcService.java:startImpl(302)) - 93b1f261-b0c1-4dc9-a18e-24efbad5753e: GrpcService started, listening on 15023
2023-06-06 16:09:01,020 [EndpointStateMachine task thread for /0.0.0.0:15002 - 0 ] INFO  server.GrpcService (GrpcService.java:startImpl(302)) - 93b1f261-b0c1-4dc9-a18e-24efbad5753e: GrpcService started, listening on 15022
2023-06-06 16:09:01,021 [EndpointStateMachine task thread for /0.0.0.0:15002 - 0 ] INFO  ratis.XceiverServerRatis (XceiverServerRatis.java:getRealPort(543)) - XceiverServerRatis 93b1f261-b0c1-4dc9-a18e-24efbad5753e is started using port 15021 for RATIS
2023-06-06 16:09:01,021 [EndpointStateMachine task thread for /0.0.0.0:15002 - 0 ] INFO  ratis.XceiverServerRatis (XceiverServerRatis.java:getRealPort(543)) - XceiverServerRatis 93b1f261-b0c1-4dc9-a18e-24efbad5753e is started using port 15022 for RATIS_ADMIN
2023-06-06 16:09:01,021 [JvmPauseMonitor3] INFO  util.JvmPauseMonitor (JvmPauseMonitor.java:run(103)) - JvmPauseMonitor-93b1f261-b0c1-4dc9-a18e-24efbad5753e: Started
2023-06-06 16:09:01,021 [EndpointStateMachine task thread for /0.0.0.0:15002 - 0 ] INFO  ratis.XceiverServerRatis (XceiverServerRatis.java:getRealPort(543)) - XceiverServerRatis 93b1f261-b0c1-4dc9-a18e-24efbad5753e is started using port 15023 for RATIS_SERVER
2023-06-06 16:09:01,021 [EndpointStateMachine task thread for /0.0.0.0:15002 - 0 ] INFO  ratis.XceiverServerRatis (XceiverServerRatis.java:getRealPort(543)) - XceiverServerRatis 93b1f261-b0c1-4dc9-a18e-24efbad5753e is started using port 15024 for RATIS_DATASTREAM
2023-06-06 16:09:01,030 [BlockDeletingService#0] INFO  interfaces.ContainerDeletionChoosingPolicyTemplate (ContainerDeletionChoosingPolicyTemplate.java:chooseContainerForBlockDeletion(83)) - Chosen 0/5000 blocks from 0 candidate containers.
2023-06-06 16:09:01,339 [main] INFO  ozone.MiniOzoneClusterImpl (MiniOzoneClusterImpl.java:lambda$waitForClusterToBeReady$0(222)) - Waiting for nodes to be ready. Got 0 of 3 DN Heartbeats.
2023-06-06 16:09:01,339 [main] INFO  ozone.MiniOzoneClusterImpl (MiniOzoneClusterImpl.java:lambda$waitForClusterToBeReady$0(225)) - Waiting for cluster to exit safe mode
2023-06-06 16:09:01,339 [main] INFO  ozone.MiniOzoneClusterImpl (MiniOzoneClusterImpl.java:lambda$waitForClusterToBeReady$0(227)) - SCM became leader
2023-06-06 16:09:01,384 [EndpointStateMachine task thread for /0.0.0.0:15002 - 0 ] INFO  utils.DatanodeStoreCache (DatanodeStoreCache.java:addDB(66)) - Added db /home/runner/work/ozone/ozone/hadoop-ozone/integration-test/target/test-dir/MiniOzoneClusterImpl-f3fe63fb-43ef-4153-9b86-93c9d8ad9adb/datanode-2/data-0/containers/hdds/f3fe63fb-43ef-4153-9b86-93c9d8ad9adb/DS-feedef11-51e8-4338-b190-b7af02201612/container.db to cache
2023-06-06 16:09:01,384 [EndpointStateMachine task thread for /0.0.0.0:15002 - 0 ] INFO  volume.HddsVolume (HddsVolume.java:createDbStore(350)) - SchemaV3 db is created and loaded at /home/runner/work/ozone/ozone/hadoop-ozone/integration-test/target/test-dir/MiniOzoneClusterImpl-f3fe63fb-43ef-4153-9b86-93c9d8ad9adb/datanode-2/data-0/containers/hdds/f3fe63fb-43ef-4153-9b86-93c9d8ad9adb/DS-feedef11-51e8-4338-b190-b7af02201612/container.db for volume DS-feedef11-51e8-4338-b190-b7af02201612
2023-06-06 16:09:01,385 [EndpointStateMachine task thread for /0.0.0.0:15002 - 0 ] INFO  ozoneimpl.OzoneContainer (OzoneContainer.java:start(398)) - Attempting to start container services.
2023-06-06 16:09:01,385 [EndpointStateMachine task thread for /0.0.0.0:15002 - 0 ] INFO  ozoneimpl.OzoneContainer (OzoneContainer.java:startContainerScrub(314)) - Scheduled background container scanners and the on-demand container scanner have been disabled.
2023-06-06 16:09:01,387 [EndpointStateMachine task thread for /0.0.0.0:15002 - 0 ] INFO  replication.ReplicationServer (ReplicationServer.java:start(128)) - ReplicationServer is started using port 15034
2023-06-06 16:09:01,387 [EndpointStateMachine task thread for /0.0.0.0:15002 - 0 ] INFO  ratis.XceiverServerRatis (XceiverServerRatis.java:start(517)) - Starting XceiverServerRatis df0472b3-7a9a-48e1-af6c-174a013a05cb
2023-06-06 16:09:01,388 [EndpointStateMachine task thread for /0.0.0.0:15002 - 0 ] INFO  server.RaftServer (RaftServerProxy.java:startImpl(400)) - df0472b3-7a9a-48e1-af6c-174a013a05cb: start RPC server
2023-06-06 16:09:01,389 [EndpointStateMachine task thread for /0.0.0.0:15002 - 0 ] INFO  server.GrpcService (GrpcService.java:startImpl(302)) - df0472b3-7a9a-48e1-af6c-174a013a05cb: GrpcService started, listening on 15030
2023-06-06 16:09:01,391 [EndpointStateMachine task thread for /0.0.0.0:15002 - 0 ] INFO  server.GrpcService (GrpcService.java:startImpl(302)) - df0472b3-7a9a-48e1-af6c-174a013a05cb: GrpcService started, listening on 15032
2023-06-06 16:09:01,392 [EndpointStateMachine task thread for /0.0.0.0:15002 - 0 ] INFO  server.GrpcService (GrpcService.java:startImpl(302)) - df0472b3-7a9a-48e1-af6c-174a013a05cb: GrpcService started, listening on 15031
2023-06-06 16:09:01,392 [EndpointStateMachine task thread for /0.0.0.0:15002 - 0 ] INFO  ratis.XceiverServerRatis (XceiverServerRatis.java:getRealPort(543)) - XceiverServerRatis df0472b3-7a9a-48e1-af6c-174a013a05cb is started using port 15030 for RATIS
2023-06-06 16:09:01,392 [EndpointStateMachine task thread for /0.0.0.0:15002 - 0 ] INFO  ratis.XceiverServerRatis (XceiverServerRatis.java:getRealPort(543)) - XceiverServerRatis df0472b3-7a9a-48e1-af6c-174a013a05cb is started using port 15031 for RATIS_ADMIN
2023-06-06 16:09:01,393 [EndpointStateMachine task thread for /0.0.0.0:15002 - 0 ] INFO  ratis.XceiverServerRatis (XceiverServerRatis.java:getRealPort(543)) - XceiverServerRatis df0472b3-7a9a-48e1-af6c-174a013a05cb is started using port 15032 for RATIS_SERVER
2023-06-06 16:09:01,393 [EndpointStateMachine task thread for /0.0.0.0:15002 - 0 ] INFO  ratis.XceiverServerRatis (XceiverServerRatis.java:getRealPort(543)) - XceiverServerRatis df0472b3-7a9a-48e1-af6c-174a013a05cb is started using port 15033 for RATIS_DATASTREAM
2023-06-06 16:09:01,393 [JvmPauseMonitor4] INFO  util.JvmPauseMonitor (JvmPauseMonitor.java:run(103)) - JvmPauseMonitor-df0472b3-7a9a-48e1-af6c-174a013a05cb: Started
2023-06-06 16:09:01,398 [BlockDeletingService#0] INFO  interfaces.ContainerDeletionChoosingPolicyTemplate (ContainerDeletionChoosingPolicyTemplate.java:chooseContainerForBlockDeletion(83)) - Chosen 0/5000 blocks from 0 candidate containers.
2023-06-06 16:09:02,339 [main] INFO  ozone.MiniOzoneClusterImpl (MiniOzoneClusterImpl.java:lambda$waitForClusterToBeReady$0(222)) - Waiting for nodes to be ready. Got 0 of 3 DN Heartbeats.
2023-06-06 16:09:02,340 [main] INFO  ozone.MiniOzoneClusterImpl (MiniOzoneClusterImpl.java:lambda$waitForClusterToBeReady$0(225)) - Waiting for cluster to exit safe mode
2023-06-06 16:09:02,340 [main] INFO  ozone.MiniOzoneClusterImpl (MiniOzoneClusterImpl.java:lambda$waitForClusterToBeReady$0(227)) - SCM became leader
2023-06-06 16:09:02,369 [IPC Server handler 1 on default port 15002] INFO  net.NetworkTopologyImpl (NetworkTopologyImpl.java:add(112)) - Added a new node: /default-rack/f826b84a-407e-4101-8305-36a89543ec0a
2023-06-06 16:09:02,372 [IPC Server handler 1 on default port 15002] INFO  node.SCMNodeManager (SCMNodeManager.java:register(407)) - Registered Data node : f826b84a-407e-4101-8305-36a89543ec0a{ip: 10.1.0.160, host: fv-az201-460.ett4tu3jvdse5ovc2mkgjqcs5a.bx.internal.cloudapp.net, ports: [HTTP=15009, CLIENT_RPC=15010, REPLICATION=15016, RATIS=15012, RATIS_ADMIN=15013, RATIS_SERVER=15014, RATIS_DATASTREAM=15015, STANDALONE=15011], networkLocation: /default-rack, certSerialId: null, persistedOpState: null, persistedOpStateExpiryEpochSec: 0}
2023-06-06 16:09:02,377 [EventQueue-NewNodeForNewNodeHandler] INFO  pipeline.BackgroundPipelineCreator (BackgroundPipelineCreator.java:notifyEventTriggered(276)) - trigger a one-shot run on RatisPipelineUtilsThread.
2023-06-06 16:09:02,385 [RatisPipelineUtilsThread - 0] INFO  pipeline.RatisPipelineProvider (RatisPipelineProvider.java:lambda$create$0(206)) - Sending CreatePipelineCommand for pipeline:PipelineID=e202bdee-d8d3-4dcd-a882-0292808e39d1 to datanode:f826b84a-407e-4101-8305-36a89543ec0a
2023-06-06 16:09:02,390 [EventQueue-NodeRegistrationContainerReportForDataNodeSafeModeRule] INFO  safemode.SCMSafeModeManager (DataNodeSafeModeRule.java:process(71)) - SCM in safe mode. 1 DataNodes registered, 3 required.
2023-06-06 16:09:02,385 [EventQueue-NodeRegistrationContainerReportForContainerSafeModeRule] INFO  safemode.SCMSafeModeManager (SCMSafeModeManager.java:validateSafeModeExitRules(200)) - ContainerSafeModeRule rule is successfully validated
2023-06-06 16:09:02,402 [EventQueue-PipelineReportForOneReplicaPipelineSafeModeRule] INFO  safemode.SCMSafeModeManager (SCMSafeModeManager.java:validateSafeModeExitRules(200)) - AtleastOneDatanodeReportedRule rule is successfully validated
2023-06-06 16:09:02,408 [RatisPipelineUtilsThread - 0] INFO  pipeline.PipelineStateManagerImpl (PipelineStateManagerImpl.java:addPipeline(103)) - Created pipeline Pipeline[ Id: e202bdee-d8d3-4dcd-a882-0292808e39d1, Nodes: f826b84a-407e-4101-8305-36a89543ec0a(fv-az201-460.ett4tu3jvdse5ovc2mkgjqcs5a.bx.internal.cloudapp.net/10.1.0.160), ReplicationConfig: RATIS/ONE, State:ALLOCATED, leaderId:, CreationTimestamp2023-06-06T16:09:02.384Z[Etc/UTC]].
2023-06-06 16:09:02,972 [IPC Server handler 4 on default port 15002] INFO  net.NetworkTopologyImpl (NetworkTopologyImpl.java:add(112)) - Added a new node: /default-rack/93b1f261-b0c1-4dc9-a18e-24efbad5753e
2023-06-06 16:09:02,973 [IPC Server handler 4 on default port 15002] INFO  node.SCMNodeManager (SCMNodeManager.java:register(407)) - Registered Data node : 93b1f261-b0c1-4dc9-a18e-24efbad5753e{ip: 10.1.0.160, host: fv-az201-460.ett4tu3jvdse5ovc2mkgjqcs5a.bx.internal.cloudapp.net, ports: [HTTP=15018, CLIENT_RPC=15019, REPLICATION=15025, RATIS=15021, RATIS_ADMIN=15022, RATIS_SERVER=15023, RATIS_DATASTREAM=15024, STANDALONE=15020], networkLocation: /default-rack, certSerialId: null, persistedOpState: null, persistedOpStateExpiryEpochSec: 0}
2023-06-06 16:09:02,974 [EventQueue-NodeRegistrationContainerReportForDataNodeSafeModeRule] INFO  safemode.SCMSafeModeManager (DataNodeSafeModeRule.java:process(71)) - SCM in safe mode. 2 DataNodes registered, 3 required.
2023-06-06 16:09:02,974 [EventQueue-NewNodeForNewNodeHandler] INFO  pipeline.BackgroundPipelineCreator (BackgroundPipelineCreator.java:notifyEventTriggered(276)) - trigger a one-shot run on RatisPipelineUtilsThread.
2023-06-06 16:09:02,979 [RatisPipelineUtilsThread - 0] INFO  pipeline.RatisPipelineProvider (RatisPipelineProvider.java:lambda$create$0(206)) - Sending CreatePipelineCommand for pipeline:PipelineID=aafe387d-81ef-418e-8e42-92397dda24e5 to datanode:93b1f261-b0c1-4dc9-a18e-24efbad5753e
2023-06-06 16:09:02,980 [RatisPipelineUtilsThread - 0] INFO  pipeline.PipelineStateManagerImpl (PipelineStateManagerImpl.java:addPipeline(103)) - Created pipeline Pipeline[ Id: aafe387d-81ef-418e-8e42-92397dda24e5, Nodes: 93b1f261-b0c1-4dc9-a18e-24efbad5753e(fv-az201-460.ett4tu3jvdse5ovc2mkgjqcs5a.bx.internal.cloudapp.net/10.1.0.160), ReplicationConfig: RATIS/ONE, State:ALLOCATED, leaderId:, CreationTimestamp2023-06-06T16:09:02.979Z[Etc/UTC]].
2023-06-06 16:09:03,340 [main] INFO  ozone.MiniOzoneClusterImpl (MiniOzoneClusterImpl.java:lambda$waitForClusterToBeReady$0(222)) - Waiting for nodes to be ready. Got 2 of 3 DN Heartbeats.
2023-06-06 16:09:03,340 [main] INFO  ozone.MiniOzoneClusterImpl (MiniOzoneClusterImpl.java:lambda$waitForClusterToBeReady$0(225)) - Waiting for cluster to exit safe mode
2023-06-06 16:09:03,340 [main] INFO  ozone.MiniOzoneClusterImpl (MiniOzoneClusterImpl.java:lambda$waitForClusterToBeReady$0(227)) - SCM became leader
2023-06-06 16:09:03,344 [IPC Server handler 2 on default port 15002] INFO  net.NetworkTopologyImpl (NetworkTopologyImpl.java:add(112)) - Added a new node: /default-rack/df0472b3-7a9a-48e1-af6c-174a013a05cb
2023-06-06 16:09:03,344 [IPC Server handler 2 on default port 15002] INFO  node.SCMNodeManager (SCMNodeManager.java:register(407)) - Registered Data node : df0472b3-7a9a-48e1-af6c-174a013a05cb{ip: 10.1.0.160, host: fv-az201-460.ett4tu3jvdse5ovc2mkgjqcs5a.bx.internal.cloudapp.net, ports: [HTTP=15027, CLIENT_RPC=15028, REPLICATION=15034, RATIS=15030, RATIS_ADMIN=15031, RATIS_SERVER=15032, RATIS_DATASTREAM=15033, STANDALONE=15029], networkLocation: /default-rack, certSerialId: null, persistedOpState: null, persistedOpStateExpiryEpochSec: 0}
2023-06-06 16:09:03,345 [EventQueue-NewNodeForNewNodeHandler] INFO  pipeline.BackgroundPipelineCreator (BackgroundPipelineCreator.java:notifyEventTriggered(276)) - trigger a one-shot run on RatisPipelineUtilsThread.
2023-06-06 16:09:03,345 [EventQueue-NodeRegistrationContainerReportForDataNodeSafeModeRule] INFO  safemode.SCMSafeModeManager (DataNodeSafeModeRule.java:process(71)) - SCM in safe mode. 3 DataNodes registered, 3 required.
2023-06-06 16:09:03,345 [EventQueue-NodeRegistrationContainerReportForDataNodeSafeModeRule] INFO  safemode.SCMSafeModeManager (SCMSafeModeManager.java:validateSafeModeExitRules(200)) - DataNodeSafeModeRule rule is successfully validated
2023-06-06 16:09:03,345 [EventQueue-NodeRegistrationContainerReportForDataNodeSafeModeRule] INFO  safemode.SCMSafeModeManager (SCMSafeModeManager.java:completePreCheck(229)) - All SCM safe mode pre check rules have passed
2023-06-06 16:09:03,345 [EventQueue-NodeRegistrationContainerReportForDataNodeSafeModeRule] INFO  ha.SCMContext (SCMContext.java:updateSafeModeStatus(228)) - Update SafeModeStatus from SafeModeStatus{safeModeStatus=true, preCheckPassed=false} to SafeModeStatus{safeModeStatus=true, preCheckPassed=true}.
2023-06-06 16:09:03,345 [EventQueue-NodeRegistrationContainerReportForDataNodeSafeModeRule] INFO  pipeline.BackgroundPipelineCreator (BackgroundPipelineCreator.java:notifyEventTriggered(276)) - trigger a one-shot run on RatisPipelineUtilsThread.
2023-06-06 16:09:03,346 [RatisPipelineUtilsThread - 0] INFO  pipeline.RatisPipelineProvider (RatisPipelineProvider.java:lambda$create$0(206)) - Sending CreatePipelineCommand for pipeline:PipelineID=cd58d67d-2499-4e10-b5e3-ae7712d5083e to datanode:df0472b3-7a9a-48e1-af6c-174a013a05cb
2023-06-06 16:09:03,347 [RatisPipelineUtilsThread - 0] INFO  pipeline.PipelineStateManagerImpl (PipelineStateManagerImpl.java:addPipeline(103)) - Created pipeline Pipeline[ Id: cd58d67d-2499-4e10-b5e3-ae7712d5083e, Nodes: df0472b3-7a9a-48e1-af6c-174a013a05cb(fv-az201-460.ett4tu3jvdse5ovc2mkgjqcs5a.bx.internal.cloudapp.net/10.1.0.160), ReplicationConfig: RATIS/ONE, State:ALLOCATED, leaderId:, CreationTimestamp2023-06-06T16:09:03.346Z[Etc/UTC]].
2023-06-06 16:09:03,351 [RatisPipelineUtilsThread - 0] INFO  pipeline.RatisPipelineProvider (RatisPipelineProvider.java:lambda$create$0(206)) - Sending CreatePipelineCommand for pipeline:PipelineID=2602682c-5e1b-4a6e-97c4-20ad4e8cc79b to datanode:93b1f261-b0c1-4dc9-a18e-24efbad5753e
2023-06-06 16:09:03,351 [RatisPipelineUtilsThread - 0] INFO  pipeline.RatisPipelineProvider (RatisPipelineProvider.java:lambda$create$0(206)) - Sending CreatePipelineCommand for pipeline:PipelineID=2602682c-5e1b-4a6e-97c4-20ad4e8cc79b to datanode:df0472b3-7a9a-48e1-af6c-174a013a05cb
2023-06-06 16:09:03,351 [RatisPipelineUtilsThread - 0] INFO  pipeline.RatisPipelineProvider (RatisPipelineProvider.java:lambda$create$0(206)) - Sending CreatePipelineCommand for pipeline:PipelineID=2602682c-5e1b-4a6e-97c4-20ad4e8cc79b to datanode:f826b84a-407e-4101-8305-36a89543ec0a
2023-06-06 16:09:03,354 [RatisPipelineUtilsThread - 0] INFO  pipeline.PipelineStateManagerImpl (PipelineStateManagerImpl.java:addPipeline(103)) - Created pipeline Pipeline[ Id: 2602682c-5e1b-4a6e-97c4-20ad4e8cc79b, Nodes: 93b1f261-b0c1-4dc9-a18e-24efbad5753e(fv-az201-460.ett4tu3jvdse5ovc2mkgjqcs5a.bx.internal.cloudapp.net/10.1.0.160)df0472b3-7a9a-48e1-af6c-174a013a05cb(fv-az201-460.ett4tu3jvdse5ovc2mkgjqcs5a.bx.internal.cloudapp.net/10.1.0.160)f826b84a-407e-4101-8305-36a89543ec0a(fv-az201-460.ett4tu3jvdse5ovc2mkgjqcs5a.bx.internal.cloudapp.net/10.1.0.160), ReplicationConfig: RATIS/THREE, State:ALLOCATED, leaderId:, CreationTimestamp2023-06-06T16:09:03.351Z[Etc/UTC]].
2023-06-06 16:09:03,355 [RatisPipelineUtilsThread - 0] INFO  pipeline.RatisPipelineProvider (RatisPipelineProvider.java:lambda$create$0(206)) - Sending CreatePipelineCommand for pipeline:PipelineID=29940712-c93b-4243-9b46-6c7325ff34d6 to datanode:93b1f261-b0c1-4dc9-a18e-24efbad5753e
2023-06-06 16:09:03,355 [RatisPipelineUtilsThread - 0] INFO  pipeline.RatisPipelineProvider (RatisPipelineProvider.java:lambda$create$0(206)) - Sending CreatePipelineCommand for pipeline:PipelineID=29940712-c93b-4243-9b46-6c7325ff34d6 to datanode:df0472b3-7a9a-48e1-af6c-174a013a05cb
2023-06-06 16:09:03,355 [RatisPipelineUtilsThread - 0] INFO  pipeline.RatisPipelineProvider (RatisPipelineProvider.java:lambda$create$0(206)) - Sending CreatePipelineCommand for pipeline:PipelineID=29940712-c93b-4243-9b46-6c7325ff34d6 to datanode:f826b84a-407e-4101-8305-36a89543ec0a
2023-06-06 16:09:03,356 [RatisPipelineUtilsThread - 0] INFO  pipeline.PipelineStateManagerImpl (PipelineStateManagerImpl.java:addPipeline(103)) - Created pipeline Pipeline[ Id: 29940712-c93b-4243-9b46-6c7325ff34d6, Nodes: 93b1f261-b0c1-4dc9-a18e-24efbad5753e(fv-az201-460.ett4tu3jvdse5ovc2mkgjqcs5a.bx.internal.cloudapp.net/10.1.0.160)df0472b3-7a9a-48e1-af6c-174a013a05cb(fv-az201-460.ett4tu3jvdse5ovc2mkgjqcs5a.bx.internal.cloudapp.net/10.1.0.160)f826b84a-407e-4101-8305-36a89543ec0a(fv-az201-460.ett4tu3jvdse5ovc2mkgjqcs5a.bx.internal.cloudapp.net/10.1.0.160), ReplicationConfig: RATIS/THREE, State:ALLOCATED, leaderId:, CreationTimestamp2023-06-06T16:09:03.355Z[Etc/UTC]].
2023-06-06 16:09:03,358 [RatisPipelineUtilsThread - 0] INFO  pipeline.PipelineManagerImpl (PipelineManagerImpl.java:recordMetricsForPipeline(826)) - Pipeline: PipelineID=29940712-c93b-4243-9b46-6c7325ff34d6 contains same datanodes as previous pipelines: PipelineID=2602682c-5e1b-4a6e-97c4-20ad4e8cc79b nodeIds: 93b1f261-b0c1-4dc9-a18e-24efbad5753e, df0472b3-7a9a-48e1-af6c-174a013a05cb, f826b84a-407e-4101-8305-36a89543ec0a
2023-06-06 16:09:03,358 [RatisPipelineUtilsThread - 0] WARN  pipeline.PipelinePlacementPolicy (PipelinePlacementPolicy.java:filterViableNodes(166)) - Pipeline creation failed due to no sufficient healthy datanodes. Required 3. Found 0. Excluded 3.
2023-06-06 16:09:04,340 [main] INFO  ozone.MiniOzoneClusterImpl (MiniOzoneClusterImpl.java:lambda$waitForClusterToBeReady$0(222)) - Nodes are ready. Got 3 of 3 DN Heartbeats.
2023-06-06 16:09:04,341 [main] INFO  ozone.MiniOzoneClusterImpl (MiniOzoneClusterImpl.java:lambda$waitForClusterToBeReady$0(225)) - Waiting for cluster to exit safe mode
2023-06-06 16:09:04,341 [main] INFO  ozone.MiniOzoneClusterImpl (MiniOzoneClusterImpl.java:lambda$waitForClusterToBeReady$0(227)) - SCM became leader
2023-06-06 16:09:05,342 [main] INFO  ozone.MiniOzoneClusterImpl (MiniOzoneClusterImpl.java:lambda$waitForClusterToBeReady$0(222)) - Nodes are ready. Got 3 of 3 DN Heartbeats.
2023-06-06 16:09:05,342 [main] INFO  ozone.MiniOzoneClusterImpl (MiniOzoneClusterImpl.java:lambda$waitForClusterToBeReady$0(225)) - Waiting for cluster to exit safe mode
2023-06-06 16:09:05,342 [main] INFO  ozone.MiniOzoneClusterImpl (MiniOzoneClusterImpl.java:lambda$waitForClusterToBeReady$0(227)) - SCM became leader
2023-06-06 16:09:05,380 [PipelineCommandHandlerThread-0] INFO  server.RaftServer (RaftServerProxy.java:addNew(98)) - f826b84a-407e-4101-8305-36a89543ec0a: addNew group-0292808E39D1:[f826b84a-407e-4101-8305-36a89543ec0a|rpc:10.1.0.160:15014|admin:10.1.0.160:15013|client:10.1.0.160:15012|dataStream:10.1.0.160:15015|priority:1|startupRole:FOLLOWER] returns group-0292808E39D1:java.util.concurrent.CompletableFuture@7eb987d9[Not completed]
2023-06-06 16:09:05,395 [f826b84a-407e-4101-8305-36a89543ec0a-groupManagement] INFO  server.RaftServer$Division (RaftServerImpl.java:<init>(198)) - f826b84a-407e-4101-8305-36a89543ec0a: new RaftServerImpl for group-0292808E39D1:[f826b84a-407e-4101-8305-36a89543ec0a|rpc:10.1.0.160:15014|admin:10.1.0.160:15013|client:10.1.0.160:15012|dataStream:10.1.0.160:15015|priority:1|startupRole:FOLLOWER] with ContainerStateMachine:uninitialized
2023-06-06 16:09:05,395 [f826b84a-407e-4101-8305-36a89543ec0a-groupManagement] INFO  server.RaftServerConfigKeys (ConfUtils.java:logGet(46)) - raft.server.rpc.timeout.min = 5s (custom)
2023-06-06 16:09:05,395 [f826b84a-407e-4101-8305-36a89543ec0a-groupManagement] INFO  server.RaftServerConfigKeys (ConfUtils.java:logGet(46)) - raft.server.rpc.timeout.max = 5200ms (custom)
2023-06-06 16:09:05,395 [f826b84a-407e-4101-8305-36a89543ec0a-groupManagement] INFO  server.RaftServerConfigKeys (ConfUtils.java:logGet(46)) - raft.server.rpc.sleep.time = 25ms (default)
2023-06-06 16:09:05,396 [f826b84a-407e-4101-8305-36a89543ec0a-groupManagement] INFO  server.RaftServerConfigKeys (ConfUtils.java:logGet(46)) - raft.server.rpc.slowness.timeout = 300s (custom)
2023-06-06 16:09:05,396 [f826b84a-407e-4101-8305-36a89543ec0a-groupManagement] INFO  server.RaftServerConfigKeys (ConfUtils.java:logGet(46)) - raft.server.leaderelection.leader.step-down.wait-time = 10s (default)
2023-06-06 16:09:05,396 [f826b84a-407e-4101-8305-36a89543ec0a-groupManagement] INFO  server.RaftServerConfigKeys (ConfUtils.java:logGet(46)) - raft.server.sleep.deviation.threshold = 300ms (default)
2023-06-06 16:09:05,396 [f826b84a-407e-4101-8305-36a89543ec0a-groupManagement] INFO  server.RaftServer$Division (ServerState.java:<init>(120)) - f826b84a-407e-4101-8305-36a89543ec0a@group-0292808E39D1: ConfigurationManager, init=-1: peers:[f826b84a-407e-4101-8305-36a89543ec0a|rpc:10.1.0.160:15014|admin:10.1.0.160:15013|client:10.1.0.160:15012|dataStream:10.1.0.160:15015|priority:1|startupRole:FOLLOWER]|listeners:[], old=null, confs=<EMPTY_MAP>
2023-06-06 16:09:05,396 [f826b84a-407e-4101-8305-36a89543ec0a-groupManagement] INFO  server.RaftServerConfigKeys (ConfUtils.java:logGet(46)) - raft.server.storage.dir = [/home/runner/work/ozone/ozone/hadoop-ozone/integration-test/target/test-dir/MiniOzoneClusterImpl-f3fe63fb-43ef-4153-9b86-93c9d8ad9adb/datanode-0/data/ratis] (custom)
2023-06-06 16:09:05,396 [f826b84a-407e-4101-8305-36a89543ec0a-groupManagement] INFO  server.RaftServerConfigKeys (ConfUtils.java:logGet(46)) - raft.server.log.corruption.policy = EXCEPTION (default)
2023-06-06 16:09:05,396 [f826b84a-407e-4101-8305-36a89543ec0a-groupManagement] INFO  server.RaftServerConfigKeys (ConfUtils.java:logGet(46)) - raft.server.storage.free-space.min = 0MB (=0) (default)
2023-06-06 16:09:05,396 [f826b84a-407e-4101-8305-36a89543ec0a-groupManagement] INFO  server.RaftServerConfigKeys (ConfUtils.java:logGet(46)) - raft.server.notification.no-leader.timeout = 300s (custom)
2023-06-06 16:09:05,396 [f826b84a-407e-4101-8305-36a89543ec0a-groupManagement] INFO  server.RaftServerConfigKeys (ConfUtils.java:logGet(46)) - raft.server.read.timeout = 10s (default)
2023-06-06 16:09:05,396 [f826b84a-407e-4101-8305-36a89543ec0a-groupManagement] INFO  server.RaftServerConfigKeys (ConfUtils.java:logGet(46)) - raft.server.retrycache.expirytime = 600000ms (custom)
2023-06-06 16:09:05,396 [f826b84a-407e-4101-8305-36a89543ec0a-groupManagement] INFO  server.RaftServerConfigKeys (ConfUtils.java:logGet(46)) - raft.server.retrycache.statistics.expirytime = 100μs (default)
2023-06-06 16:09:05,397 [f826b84a-407e-4101-8305-36a89543ec0a-groupManagement] INFO  server.RaftServerConfigKeys (ConfUtils.java:logGet(46)) - raft.server.read.option = DEFAULT (default)
2023-06-06 16:09:05,399 [f826b84a-407e-4101-8305-36a89543ec0a-groupManagement] INFO  server.RaftServerConfigKeys (ConfUtils.java:logGet(46)) - raft.server.rpc.request.timeout = 60s (custom)
2023-06-06 16:09:05,399 [f826b84a-407e-4101-8305-36a89543ec0a-groupManagement] INFO  server.RaftServerConfigKeys (ConfUtils.java:logGet(46)) - raft.server.log.appender.install.snapshot.enabled = false (custom)
2023-06-06 16:09:05,399 [f826b84a-407e-4101-8305-36a89543ec0a-groupManagement] INFO  server.RaftServerConfigKeys (ConfUtils.java:logGet(46)) - raft.server.threadpool.server.cached = true (default)
2023-06-06 16:09:05,399 [f826b84a-407e-4101-8305-36a89543ec0a-groupManagement] INFO  server.RaftServerConfigKeys (ConfUtils.java:logGet(46)) - raft.server.threadpool.server.size = 0 (default)
2023-06-06 16:09:05,399 [f826b84a-407e-4101-8305-36a89543ec0a-groupManagement] INFO  server.RaftServerConfigKeys (ConfUtils.java:logGet(46)) - raft.server.threadpool.client.cached = true (default)
2023-06-06 16:09:05,399 [f826b84a-407e-4101-8305-36a89543ec0a-groupManagement] INFO  server.RaftServerConfigKeys (ConfUtils.java:logGet(46)) - raft.server.threadpool.client.size = 0 (default)
2023-06-06 16:09:05,399 [f826b84a-407e-4101-8305-36a89543ec0a-groupManagement] INFO  storage.RaftStorageDirectory (RaftStorageDirectoryImpl.java:analyzeStorage(137)) - The storage directory /home/runner/work/ozone/ozone/hadoop-ozone/integration-test/target/test-dir/MiniOzoneClusterImpl-f3fe63fb-43ef-4153-9b86-93c9d8ad9adb/datanode-0/data/ratis/e202bdee-d8d3-4dcd-a882-0292808e39d1 does not exist. Creating ...
2023-06-06 16:09:05,403 [f826b84a-407e-4101-8305-36a89543ec0a-groupManagement] INFO  storage.RaftStorageDirectory (RaftStorageDirectoryImpl.java:tryLock(231)) - Lock on /home/runner/work/ozone/ozone/hadoop-ozone/integration-test/target/test-dir/MiniOzoneClusterImpl-f3fe63fb-43ef-4153-9b86-93c9d8ad9adb/datanode-0/data/ratis/e202bdee-d8d3-4dcd-a882-0292808e39d1/in_use.lock acquired by nodename 101651@fv-az201-460
2023-06-06 16:09:05,404 [f826b84a-407e-4101-8305-36a89543ec0a-groupManagement] INFO  storage.RaftStorage (RaftStorageImpl.java:format(96)) - Storage directory /home/runner/work/ozone/ozone/hadoop-ozone/integration-test/target/test-dir/MiniOzoneClusterImpl-f3fe63fb-43ef-4153-9b86-93c9d8ad9adb/datanode-0/data/ratis/e202bdee-d8d3-4dcd-a882-0292808e39d1 has been successfully formatted.
2023-06-06 16:09:05,410 [f826b84a-407e-4101-8305-36a89543ec0a-groupManagement] INFO  ratis.ContainerStateMachine (ContainerStateMachine.java:loadSnapshot(262)) - group-0292808E39D1: The snapshot info is null. Setting the last applied indexto:(t:0, i:~)
2023-06-06 16:09:05,410 [f826b84a-407e-4101-8305-36a89543ec0a-groupManagement] INFO  server.RaftServerConfigKeys (ConfUtils.java:logGet(46)) - raft.server.log.use.memory = false (default)
2023-06-06 16:09:05,410 [f826b84a-407e-4101-8305-36a89543ec0a-groupManagement] INFO  server.RaftServerConfigKeys (ConfUtils.java:logGet(46)) - raft.server.log.purge.gap = 1000000 (custom)
2023-06-06 16:09:05,410 [f826b84a-407e-4101-8305-36a89543ec0a-groupManagement] INFO  server.RaftServerConfigKeys (ConfUtils.java:logGet(46)) - raft.server.log.appender.buffer.byte-limit = 33554432 (custom)
2023-06-06 16:09:05,410 [f826b84a-407e-4101-8305-36a89543ec0a-groupManagement] INFO  server.RaftServerConfigKeys (ConfUtils.java:logGet(46)) - raft.server.log.statemachine.data.read.timeout = 1000ms (default)
2023-06-06 16:09:05,410 [f826b84a-407e-4101-8305-36a89543ec0a-groupManagement] INFO  server.RaftServerConfigKeys (ConfUtils.java:logGet(46)) - raft.server.log.purge.preservation.log.num = 0 (default)
2023-06-06 16:09:05,410 [f826b84a-407e-4101-8305-36a89543ec0a-groupManagement] INFO  server.RaftServerConfigKeys (ConfUtils.java:logGet(46)) - raft.server.log.segment.size.max = 1048576 (custom)
2023-06-06 16:09:05,411 [f826b84a-407e-4101-8305-36a89543ec0a-groupManagement] INFO  server.RaftServerConfigKeys (ConfUtils.java:logGet(46)) - raft.server.log.segment.cache.num.max = 2 (custom)
2023-06-06 16:09:05,411 [f826b84a-407e-4101-8305-36a89543ec0a-groupManagement] INFO  server.RaftServerConfigKeys (ConfUtils.java:logGet(46)) - raft.server.log.segment.cache.size.max = 200MB (=209715200) (default)
2023-06-06 16:09:05,411 [f826b84a-407e-4101-8305-36a89543ec0a-groupManagement] INFO  server.RaftServerConfigKeys (ConfUtils.java:logGet(46)) - raft.server.log.appender.buffer.byte-limit = 33554432 (custom)
2023-06-06 16:09:05,411 [f826b84a-407e-4101-8305-36a89543ec0a-groupManagement] INFO  segmented.SegmentedRaftLogWorker (SegmentedRaftLogWorker.java:<init>(188)) - new f826b84a-407e-4101-8305-36a89543ec0a@group-0292808E39D1-SegmentedRaftLogWorker for RaftStorageImpl:Storage Directory /home/runner/work/ozone/ozone/hadoop-ozone/integration-test/target/test-dir/MiniOzoneClusterImpl-f3fe63fb-43ef-4153-9b86-93c9d8ad9adb/datanode-0/data/ratis/e202bdee-d8d3-4dcd-a882-0292808e39d1
2023-06-06 16:09:05,411 [f826b84a-407e-4101-8305-36a89543ec0a-groupManagement] INFO  server.RaftServerConfigKeys (ConfUtils.java:logGet(46)) - raft.server.log.queue.byte-limit = 4294967296 (custom)
2023-06-06 16:09:05,411 [f826b84a-407e-4101-8305-36a89543ec0a-groupManagement] INFO  server.RaftServerConfigKeys (ConfUtils.java:logGet(46)) - raft.server.log.queue.element-limit = 1024 (custom)
2023-06-06 16:09:05,411 [f826b84a-407e-4101-8305-36a89543ec0a-groupManagement] INFO  server.RaftServerConfigKeys (ConfUtils.java:logGet(46)) - raft.server.log.segment.size.max = 1048576 (custom)
2023-06-06 16:09:05,411 [f826b84a-407e-4101-8305-36a89543ec0a-groupManagement] INFO  server.RaftServerConfigKeys (ConfUtils.java:logGet(46)) - raft.server.log.preallocated.size = 16384 (custom)
2023-06-06 16:09:05,411 [f826b84a-407e-4101-8305-36a89543ec0a-groupManagement] INFO  server.RaftServerConfigKeys (ConfUtils.java:logGet(46)) - raft.server.log.force.sync.num = 128 (default)
2023-06-06 16:09:05,411 [f826b84a-407e-4101-8305-36a89543ec0a-groupManagement] INFO  server.RaftServerConfigKeys (ConfUtils.java:logGet(46)) - raft.server.log.statemachine.data.sync = true (default)
2023-06-06 16:09:05,412 [f826b84a-407e-4101-8305-36a89543ec0a-groupManagement] INFO  server.RaftServerConfigKeys (ConfUtils.java:logGet(46)) - raft.server.log.statemachine.data.sync.timeout = 10s (default)
2023-06-06 16:09:05,412 [f826b84a-407e-4101-8305-36a89543ec0a-groupManagement] INFO  server.RaftServerConfigKeys (ConfUtils.java:logGet(46)) - raft.server.log.statemachine.data.sync.timeout.retry = -1 (default)
2023-06-06 16:09:05,413 [f826b84a-407e-4101-8305-36a89543ec0a-groupManagement] INFO  server.RaftServerConfigKeys (ConfUtils.java:logGet(46)) - raft.server.log.write.buffer.size = 1048576 (custom)
2023-06-06 16:09:05,413 [f826b84a-407e-4101-8305-36a89543ec0a-groupManagement] INFO  server.RaftServerConfigKeys (ConfUtils.java:logGet(46)) - raft.server.log.appender.buffer.byte-limit = 33554432 (custom)
2023-06-06 16:09:05,587 [f826b84a-407e-4101-8305-36a89543ec0a-groupManagement] INFO  server.RaftServerConfigKeys (ConfUtils.java:logGet(46)) - raft.server.log.unsafe-flush.enabled = false (default)
2023-06-06 16:09:05,587 [f826b84a-407e-4101-8305-36a89543ec0a-groupManagement] INFO  server.RaftServerConfigKeys (ConfUtils.java:logGet(46)) - raft.server.log.async-flush.enabled = false (default)
2023-06-06 16:09:05,587 [f826b84a-407e-4101-8305-36a89543ec0a-groupManagement] INFO  server.RaftServerConfigKeys (ConfUtils.java:logGet(46)) - raft.server.log.statemachine.data.caching.enabled = true (custom)
2023-06-06 16:09:05,588 [f826b84a-407e-4101-8305-36a89543ec0a-groupManagement] INFO  segmented.SegmentedRaftLogWorker (SegmentedRaftLogWorker.java:lambda$new$0(135)) - f826b84a-407e-4101-8305-36a89543ec0a@group-0292808E39D1-SegmentedRaftLogWorker: flushIndex: setUnconditionally 0 -> -1
2023-06-06 16:09:05,588 [f826b84a-407e-4101-8305-36a89543ec0a-groupManagement] INFO  segmented.SegmentedRaftLogWorker (SegmentedRaftLogWorker.java:lambda$new$0(135)) - f826b84a-407e-4101-8305-36a89543ec0a@group-0292808E39D1-SegmentedRaftLogWorker: safeCacheEvictIndex: setUnconditionally 0 -> -1
2023-06-06 16:09:05,588 [f826b84a-407e-4101-8305-36a89543ec0a-groupManagement] INFO  server.RaftServer$Division (RaftServerImpl.java:start(342)) - f826b84a-407e-4101-8305-36a89543ec0a@group-0292808E39D1: start as a follower, conf=-1: peers:[f826b84a-407e-4101-8305-36a89543ec0a|rpc:10.1.0.160:15014|admin:10.1.0.160:15013|client:10.1.0.160:15012|dataStream:10.1.0.160:15015|priority:1|startupRole:FOLLOWER]|listeners:[], old=null
2023-06-06 16:09:05,588 [f826b84a-407e-4101-8305-36a89543ec0a-groupManagement] INFO  server.RaftServer$Division (RaftServerImpl.java:setRole(329)) - f826b84a-407e-4101-8305-36a89543ec0a@group-0292808E39D1: changes role from      null to FOLLOWER at term 0 for startAsFollower
2023-06-06 16:09:05,588 [f826b84a-407e-4101-8305-36a89543ec0a-groupManagement] INFO  impl.RoleInfo (RoleInfo.java:updateAndGet(139)) - f826b84a-407e-4101-8305-36a89543ec0a: start f826b84a-407e-4101-8305-36a89543ec0a@group-0292808E39D1-FollowerState
2023-06-06 16:09:05,589 [f826b84a-407e-4101-8305-36a89543ec0a-groupManagement] INFO  util.JmxRegister (JmxRegister.java:tryRegister(44)) - Successfully registered JMX Bean with object name Ratis:service=RaftServer,group=group-0292808E39D1,id=f826b84a-407e-4101-8305-36a89543ec0a
2023-06-06 16:09:05,595 [f826b84a-407e-4101-8305-36a89543ec0a-groupManagement] INFO  server.RaftServerConfigKeys (ConfUtils.java:logGet(46)) - raft.server.snapshot.auto.trigger.enabled = true (custom)
2023-06-06 16:09:05,595 [f826b84a-407e-4101-8305-36a89543ec0a-groupManagement] INFO  server.RaftServerConfigKeys (ConfUtils.java:logGet(46)) - raft.server.snapshot.auto.trigger.threshold = 10000 (custom)
2023-06-06 16:09:05,595 [f826b84a-407e-4101-8305-36a89543ec0a-groupManagement] INFO  server.RaftServerConfigKeys (ConfUtils.java:logGet(46)) - raft.server.snapshot.retention.file.num = 5 (custom)
2023-06-06 16:09:05,595 [f826b84a-407e-4101-8305-36a89543ec0a-groupManagement] INFO  server.RaftServerConfigKeys (ConfUtils.java:logGet(46)) - raft.server.log.purge.upto.snapshot.index = false (default)
2023-06-06 16:09:05,601 [f826b84a-407e-4101-8305-36a89543ec0a@group-0292808E39D1-FollowerState] INFO  server.RaftServerConfigKeys (ConfUtils.java:logFallback(53)) - raft.server.rpc.first-election.timeout.min = 5s (fallback to raft.server.rpc.timeout.min)
2023-06-06 16:09:05,601 [f826b84a-407e-4101-8305-36a89543ec0a@group-0292808E39D1-FollowerState] INFO  server.RaftServerConfigKeys (ConfUtils.java:logFallback(53)) - raft.server.rpc.first-election.timeout.max = 5200ms (fallback to raft.server.rpc.timeout.max)
2023-06-06 16:09:05,610 [EventQueue-PipelineReportForPipelineReportHandler] INFO  pipeline.PipelineManagerImpl (PipelineManagerImpl.java:openPipeline(367)) - Pipeline Pipeline[ Id: e202bdee-d8d3-4dcd-a882-0292808e39d1, Nodes: f826b84a-407e-4101-8305-36a89543ec0a(fv-az201-460.ett4tu3jvdse5ovc2mkgjqcs5a.bx.internal.cloudapp.net/10.1.0.160), ReplicationConfig: RATIS/ONE, State:ALLOCATED, leaderId:f826b84a-407e-4101-8305-36a89543ec0a, CreationTimestamp2023-06-06T16:09:02.384Z[Etc/UTC]] moved to OPEN state
2023-06-06 16:09:05,616 [EventQueue-OpenPipelineForHealthyPipelineSafeModeRule] INFO  safemode.SCMSafeModeManager (HealthyPipelineSafeModeRule.java:process(137)) - SCM in safe mode. Healthy pipelines reported count is 0, required healthy pipeline reported count is 1
2023-06-06 16:09:05,617 [PipelineCommandHandlerThread-0] INFO  ratis.XceiverServerRatis (XceiverServerRatis.java:addGroup(804)) - Created group PipelineID=e202bdee-d8d3-4dcd-a882-0292808e39d1
2023-06-06 16:09:05,618 [PipelineCommandHandlerThread-0] INFO  commandhandler.CreatePipelineCommandHandler (CreatePipelineCommandHandler.java:lambda$handle$2(124)) - Created Pipeline RATIS ONE PipelineID=e202bdee-d8d3-4dcd-a882-0292808e39d1.
2023-06-06 16:09:05,625 [PipelineCommandHandlerThread-0] INFO  server.RaftServer (RaftServerProxy.java:addNew(98)) - f826b84a-407e-4101-8305-36a89543ec0a: addNew group-20AD4E8CC79B:[df0472b3-7a9a-48e1-af6c-174a013a05cb|rpc:10.1.0.160:15032|admin:10.1.0.160:15031|client:10.1.0.160:15030|dataStream:10.1.0.160:15033|priority:0|startupRole:FOLLOWER, 93b1f261-b0c1-4dc9-a18e-24efbad5753e|rpc:10.1.0.160:15023|admin:10.1.0.160:15022|client:10.1.0.160:15021|dataStream:10.1.0.160:15024|priority:1|startupRole:FOLLOWER, f826b84a-407e-4101-8305-36a89543ec0a|rpc:10.1.0.160:15014|admin:10.1.0.160:15013|client:10.1.0.160:15012|dataStream:10.1.0.160:15015|priority:0|startupRole:FOLLOWER] returns group-20AD4E8CC79B:java.util.concurrent.CompletableFuture@4f13fe80[Not completed]
2023-06-06 16:09:05,627 [f826b84a-407e-4101-8305-36a89543ec0a-groupManagement] INFO  server.RaftServer$Division (RaftServerImpl.java:<init>(198)) - f826b84a-407e-4101-8305-36a89543ec0a: new RaftServerImpl for group-20AD4E8CC79B:[df0472b3-7a9a-48e1-af6c-174a013a05cb|rpc:10.1.0.160:15032|admin:10.1.0.160:15031|client:10.1.0.160:15030|dataStream:10.1.0.160:15033|priority:0|startupRole:FOLLOWER, 93b1f261-b0c1-4dc9-a18e-24efbad5753e|rpc:10.1.0.160:15023|admin:10.1.0.160:15022|client:10.1.0.160:15021|dataStream:10.1.0.160:15024|priority:1|startupRole:FOLLOWER, f826b84a-407e-4101-8305-36a89543ec0a|rpc:10.1.0.160:15014|admin:10.1.0.160:15013|client:10.1.0.160:15012|dataStream:10.1.0.160:15015|priority:0|startupRole:FOLLOWER] with ContainerStateMachine:uninitialized
2023-06-06 16:09:05,628 [f826b84a-407e-4101-8305-36a89543ec0a-groupManagement] INFO  server.RaftServerConfigKeys (ConfUtils.java:logGet(46)) - raft.server.rpc.timeout.min = 5s (custom)
2023-06-06 16:09:05,628 [f826b84a-407e-4101-8305-36a89543ec0a-groupManagement] INFO  server.RaftServerConfigKeys (ConfUtils.java:logGet(46)) - raft.server.rpc.timeout.max = 5200ms (custom)
2023-06-06 16:09:05,628 [f826b84a-407e-4101-8305-36a89543ec0a-groupManagement] INFO  server.RaftServerConfigKeys (ConfUtils.java:logGet(46)) - raft.server.rpc.sleep.time = 25ms (default)
2023-06-06 16:09:05,628 [f826b84a-407e-4101-8305-36a89543ec0a-groupManagement] INFO  server.RaftServerConfigKeys (ConfUtils.java:logGet(46)) - raft.server.rpc.slowness.timeout = 300s (custom)
2023-06-06 16:09:05,628 [f826b84a-407e-4101-8305-36a89543ec0a-groupManagement] INFO  server.RaftServerConfigKeys (ConfUtils.java:logGet(46)) - raft.server.leaderelection.leader.step-down.wait-time = 10s (default)
2023-06-06 16:09:05,628 [f826b84a-407e-4101-8305-36a89543ec0a-groupManagement] INFO  server.RaftServerConfigKeys (ConfUtils.java:logGet(46)) - raft.server.sleep.deviation.threshold = 300ms (default)
2023-06-06 16:09:05,628 [f826b84a-407e-4101-8305-36a89543ec0a-groupManagement] INFO  server.RaftServer$Division (ServerState.java:<init>(120)) - f826b84a-407e-4101-8305-36a89543ec0a@group-20AD4E8CC79B: ConfigurationManager, init=-1: peers:[df0472b3-7a9a-48e1-af6c-174a013a05cb|rpc:10.1.0.160:15032|admin:10.1.0.160:15031|client:10.1.0.160:15030|dataStream:10.1.0.160:15033|priority:0|startupRole:FOLLOWER, 93b1f261-b0c1-4dc9-a18e-24efbad5753e|rpc:10.1.0.160:15023|admin:10.1.0.160:15022|client:10.1.0.160:15021|dataStream:10.1.0.160:15024|priority:1|startupRole:FOLLOWER, f826b84a-407e-4101-8305-36a89543ec0a|rpc:10.1.0.160:15014|admin:10.1.0.160:15013|client:10.1.0.160:15012|dataStream:10.1.0.160:15015|priority:0|startupRole:FOLLOWER]|listeners:[], old=null, confs=<EMPTY_MAP>
2023-06-06 16:09:05,628 [f826b84a-407e-4101-8305-36a89543ec0a-groupManagement] INFO  server.RaftServerConfigKeys (ConfUtils.java:logGet(46)) - raft.server.storage.dir = [/home/runner/work/ozone/ozone/hadoop-ozone/integration-test/target/test-dir/MiniOzoneClusterImpl-f3fe63fb-43ef-4153-9b86-93c9d8ad9adb/datanode-0/data/ratis] (custom)
2023-06-06 16:09:05,629 [f826b84a-407e-4101-8305-36a89543ec0a-groupManagement] INFO  server.RaftServerConfigKeys (ConfUtils.java:logGet(46)) - raft.server.log.corruption.policy = EXCEPTION (default)
2023-06-06 16:09:05,629 [f826b84a-407e-4101-8305-36a89543ec0a-groupManagement] INFO  server.RaftServerConfigKeys (ConfUtils.java:logGet(46)) - raft.server.storage.free-space.min = 0MB (=0) (default)
2023-06-06 16:09:05,629 [f826b84a-407e-4101-8305-36a89543ec0a-groupManagement] INFO  server.RaftServerConfigKeys (ConfUtils.java:logGet(46)) - raft.server.notification.no-leader.timeout = 300s (custom)
2023-06-06 16:09:05,629 [f826b84a-407e-4101-8305-36a89543ec0a-groupManagement] INFO  server.RaftServerConfigKeys (ConfUtils.java:logGet(46)) - raft.server.read.timeout = 10s (default)
2023-06-06 16:09:05,629 [f826b84a-407e-4101-8305-36a89543ec0a-groupManagement] INFO  server.RaftServerConfigKeys (ConfUtils.java:logGet(46)) - raft.server.retrycache.expirytime = 600000ms (custom)
2023-06-06 16:09:05,630 [f826b84a-407e-4101-8305-36a89543ec0a-groupManagement] INFO  server.RaftServerConfigKeys (ConfUtils.java:logGet(46)) - raft.server.retrycache.statistics.expirytime = 100μs (default)
2023-06-06 16:09:05,630 [f826b84a-407e-4101-8305-36a89543ec0a-groupManagement] INFO  server.RaftServerConfigKeys (ConfUtils.java:logGet(46)) - raft.server.read.option = DEFAULT (default)
2023-06-06 16:09:05,634 [f826b84a-407e-4101-8305-36a89543ec0a-groupManagement] INFO  server.RaftServerConfigKeys (ConfUtils.java:logGet(46)) - raft.server.rpc.request.timeout = 60s (custom)
2023-06-06 16:09:05,634 [f826b84a-407e-4101-8305-36a89543ec0a-groupManagement] INFO  server.RaftServerConfigKeys (ConfUtils.java:logGet(46)) - raft.server.log.appender.install.snapshot.enabled = false (custom)
2023-06-06 16:09:05,634 [f826b84a-407e-4101-8305-36a89543ec0a-groupManagement] INFO  server.RaftServerConfigKeys (ConfUtils.java:logGet(46)) - raft.server.threadpool.server.cached = true (default)
2023-06-06 16:09:05,634 [f826b84a-407e-4101-8305-36a89543ec0a-groupManagement] INFO  server.RaftServerConfigKeys (ConfUtils.java:logGet(46)) - raft.server.threadpool.server.size = 0 (default)
2023-06-06 16:09:05,635 [f826b84a-407e-4101-8305-36a89543ec0a-groupManagement] INFO  server.RaftServerConfigKeys (ConfUtils.java:logGet(46)) - raft.server.threadpool.client.cached = true (default)
2023-06-06 16:09:05,636 [f826b84a-407e-4101-8305-36a89543ec0a-groupManagement] INFO  server.RaftServerConfigKeys (ConfUtils.java:logGet(46)) - raft.server.threadpool.client.size = 0 (default)
2023-06-06 16:09:05,636 [f826b84a-407e-4101-8305-36a89543ec0a-groupManagement] INFO  storage.RaftStorageDirectory (RaftStorageDirectoryImpl.java:analyzeStorage(137)) - The storage directory /home/runner/work/ozone/ozone/hadoop-ozone/integration-test/target/test-dir/MiniOzoneClusterImpl-f3fe63fb-43ef-4153-9b86-93c9d8ad9adb/datanode-0/data/ratis/2602682c-5e1b-4a6e-97c4-20ad4e8cc79b does not exist. Creating ...
2023-06-06 16:09:05,637 [f826b84a-407e-4101-8305-36a89543ec0a-groupManagement] INFO  storage.RaftStorageDirectory (RaftStorageDirectoryImpl.java:tryLock(231)) - Lock on /home/runner/work/ozone/ozone/hadoop-ozone/integration-test/target/test-dir/MiniOzoneClusterImpl-f3fe63fb-43ef-4153-9b86-93c9d8ad9adb/datanode-0/data/ratis/2602682c-5e1b-4a6e-97c4-20ad4e8cc79b/in_use.lock acquired by nodename 101651@fv-az201-460
2023-06-06 16:09:05,640 [f826b84a-407e-4101-8305-36a89543ec0a-groupManagement] INFO  storage.RaftStorage (RaftStorageImpl.java:format(96)) - Storage directory /home/runner/work/ozone/ozone/hadoop-ozone/integration-test/target/test-dir/MiniOzoneClusterImpl-f3fe63fb-43ef-4153-9b86-93c9d8ad9adb/datanode-0/data/ratis/2602682c-5e1b-4a6e-97c4-20ad4e8cc79b has been successfully formatted.
2023-06-06 16:09:05,640 [f826b84a-407e-4101-8305-36a89543ec0a-groupManagement] INFO  ratis.ContainerStateMachine (ContainerStateMachine.java:loadSnapshot(262)) - group-20AD4E8CC79B: The snapshot info is null. Setting the last applied indexto:(t:0, i:~)
2023-06-06 16:09:05,640 [f826b84a-407e-4101-8305-36a89543ec0a-groupManagement] INFO  server.RaftServerConfigKeys (ConfUtils.java:logGet(46)) - raft.server.log.use.memory = false (default)
2023-06-06 16:09:05,640 [f826b84a-407e-4101-8305-36a89543ec0a-groupManagement] INFO  server.RaftServerConfigKeys (ConfUtils.java:logGet(46)) - raft.server.log.purge.gap = 1000000 (custom)
2023-06-06 16:09:05,640 [f826b84a-407e-4101-8305-36a89543ec0a-groupManagement] INFO  server.RaftServerConfigKeys (ConfUtils.java:logGet(46)) - raft.server.log.appender.buffer.byte-limit = 33554432 (custom)
2023-06-06 16:09:05,641 [f826b84a-407e-4101-8305-36a89543ec0a-groupManagement] INFO  server.RaftServerConfigKeys (ConfUtils.java:logGet(46)) - raft.server.log.statemachine.data.read.timeout = 1000ms (default)
2023-06-06 16:09:05,641 [f826b84a-407e-4101-8305-36a89543ec0a-groupManagement] INFO  server.RaftServerConfigKeys (ConfUtils.java:logGet(46)) - raft.server.log.purge.preservation.log.num = 0 (default)
2023-06-06 16:09:05,648 [EventQueue-OpenPipelineForHealthyPipelineSafeModeRule] INFO  safemode.SCMSafeModeManager (HealthyPipelineSafeModeRule.java:process(137)) - SCM in safe mode. Healthy pipelines reported count is 0, required healthy pipeline reported count is 1
2023-06-06 16:09:05,648 [f826b84a-407e-4101-8305-36a89543ec0a-groupManagement] INFO  server.RaftServerConfigKeys (ConfUtils.java:logGet(46)) - raft.server.log.segment.size.max = 1048576 (custom)
2023-06-06 16:09:05,650 [f826b84a-407e-4101-8305-36a89543ec0a-groupManagement] INFO  server.RaftServerConfigKeys (ConfUtils.java:logGet(46)) - raft.server.log.segment.cache.num.max = 2 (custom)
2023-06-06 16:09:05,650 [f826b84a-407e-4101-8305-36a89543ec0a-groupManagement] INFO  server.RaftServerConfigKeys (ConfUtils.java:logGet(46)) - raft.server.log.segment.cache.size.max = 200MB (=209715200) (default)
2023-06-06 16:09:05,650 [f826b84a-407e-4101-8305-36a89543ec0a-groupManagement] INFO  server.RaftServerConfigKeys (ConfUtils.java:logGet(46)) - raft.server.log.appender.buffer.byte-limit = 33554432 (custom)
2023-06-06 16:09:05,650 [f826b84a-407e-4101-8305-36a89543ec0a-groupManagement] INFO  segmented.SegmentedRaftLogWorker (SegmentedRaftLogWorker.java:<init>(188)) - new f826b84a-407e-4101-8305-36a89543ec0a@group-20AD4E8CC79B-SegmentedRaftLogWorker for RaftStorageImpl:Storage Directory /home/runner/work/ozone/ozone/hadoop-ozone/integration-test/target/test-dir/MiniOzoneClusterImpl-f3fe63fb-43ef-4153-9b86-93c9d8ad9adb/datanode-0/data/ratis/2602682c-5e1b-4a6e-97c4-20ad4e8cc79b
2023-06-06 16:09:05,650 [f826b84a-407e-4101-8305-36a89543ec0a-groupManagement] INFO  server.RaftServerConfigKeys (ConfUtils.java:logGet(46)) - raft.server.log.queue.byte-limit = 4294967296 (custom)
2023-06-06 16:09:05,651 [f826b84a-407e-4101-8305-36a89543ec0a-groupManagement] INFO  server.RaftServerConfigKeys (ConfUtils.java:logGet(46)) - raft.server.log.queue.element-limit = 1024 (custom)
2023-06-06 16:09:05,651 [f826b84a-407e-4101-8305-36a89543ec0a-groupManagement] INFO  server.RaftServerConfigKeys (ConfUtils.java:logGet(46)) - raft.server.log.segment.size.max = 1048576 (custom)
2023-06-06 16:09:05,651 [f826b84a-407e-4101-8305-36a89543ec0a-groupManagement] INFO  server.RaftServerConfigKeys (ConfUtils.java:logGet(46)) - raft.server.log.preallocated.size = 16384 (custom)
2023-06-06 16:09:05,651 [f826b84a-407e-4101-8305-36a89543ec0a-groupManagement] INFO  server.RaftServerConfigKeys (ConfUtils.java:logGet(46)) - raft.server.log.force.sync.num = 128 (default)
2023-06-06 16:09:05,651 [f826b84a-407e-4101-8305-36a89543ec0a-groupManagement] INFO  server.RaftServerConfigKeys (ConfUtils.java:logGet(46)) - raft.server.log.statemachine.data.sync = true (default)
2023-06-06 16:09:05,651 [f826b84a-407e-4101-8305-36a89543ec0a-groupManagement] INFO  server.RaftServerConfigKeys (ConfUtils.java:logGet(46)) - raft.server.log.statemachine.data.sync.timeout = 10s (default)
2023-06-06 16:09:05,651 [f826b84a-407e-4101-8305-36a89543ec0a-groupManagement] INFO  server.RaftServerConfigKeys (ConfUtils.java:logGet(46)) - raft.server.log.statemachine.data.sync.timeout.retry = -1 (default)
2023-06-06 16:09:05,653 [f826b84a-407e-4101-8305-36a89543ec0a-groupManagement] INFO  server.RaftServerConfigKeys (ConfUtils.java:logGet(46)) - raft.server.log.write.buffer.size = 1048576 (custom)
2023-06-06 16:09:05,654 [f826b84a-407e-4101-8305-36a89543ec0a-groupManagement] INFO  server.RaftServerConfigKeys (ConfUtils.java:logGet(46)) - raft.server.log.appender.buffer.byte-limit = 33554432 (custom)
2023-06-06 16:09:05,660 [f826b84a-407e-4101-8305-36a89543ec0a-groupManagement] INFO  server.RaftServerConfigKeys (ConfUtils.java:logGet(46)) - raft.server.log.unsafe-flush.enabled = false (default)
2023-06-06 16:09:05,660 [f826b84a-407e-4101-8305-36a89543ec0a-groupManagement] INFO  server.RaftServerConfigKeys (ConfUtils.java:logGet(46)) - raft.server.log.async-flush.enabled = false (default)
2023-06-06 16:09:05,660 [f826b84a-407e-4101-8305-36a89543ec0a-groupManagement] INFO  server.RaftServerConfigKeys (ConfUtils.java:logGet(46)) - raft.server.log.statemachine.data.caching.enabled = true (custom)
2023-06-06 16:09:05,660 [f826b84a-407e-4101-8305-36a89543ec0a-groupManagement] INFO  segmented.SegmentedRaftLogWorker (SegmentedRaftLogWorker.java:lambda$new$0(135)) - f826b84a-407e-4101-8305-36a89543ec0a@group-20AD4E8CC79B-SegmentedRaftLogWorker: flushIndex: setUnconditionally 0 -> -1
2023-06-06 16:09:05,660 [f826b84a-407e-4101-8305-36a89543ec0a-groupManagement] INFO  segmented.SegmentedRaftLogWorker (SegmentedRaftLogWorker.java:lambda$new$0(135)) - f826b84a-407e-4101-8305-36a89543ec0a@group-20AD4E8CC79B-SegmentedRaftLogWorker: safeCacheEvictIndex: setUnconditionally 0 -> -1
2023-06-06 16:09:05,660 [f826b84a-407e-4101-8305-36a89543ec0a-groupManagement] INFO  server.RaftServer$Division (RaftServerImpl.java:start(342)) - f826b84a-407e-4101-8305-36a89543ec0a@group-20AD4E8CC79B: start as a follower, conf=-1: peers:[df0472b3-7a9a-48e1-af6c-174a013a05cb|rpc:10.1.0.160:15032|admin:10.1.0.160:15031|client:10.1.0.160:15030|dataStream:10.1.0.160:15033|priority:0|startupRole:FOLLOWER, 93b1f261-b0c1-4dc9-a18e-24efbad5753e|rpc:10.1.0.160:15023|admin:10.1.0.160:15022|client:10.1.0.160:15021|dataStream:10.1.0.160:15024|priority:1|startupRole:FOLLOWER, f826b84a-407e-4101-8305-36a89543ec0a|rpc:10.1.0.160:15014|admin:10.1.0.160:15013|client:10.1.0.160:15012|dataStream:10.1.0.160:15015|priority:0|startupRole:FOLLOWER]|listeners:[], old=null
2023-06-06 16:09:05,660 [f826b84a-407e-4101-8305-36a89543ec0a-groupManagement] INFO  server.RaftServer$Division (RaftServerImpl.java:setRole(329)) - f826b84a-407e-4101-8305-36a89543ec0a@group-20AD4E8CC79B: changes role from      null to FOLLOWER at term 0 for startAsFollower
2023-06-06 16:09:05,660 [f826b84a-407e-4101-8305-36a89543ec0a-groupManagement] INFO  impl.RoleInfo (RoleInfo.java:updateAndGet(139)) - f826b84a-407e-4101-8305-36a89543ec0a: start f826b84a-407e-4101-8305-36a89543ec0a@group-20AD4E8CC79B-FollowerState
2023-06-06 16:09:05,661 [f826b84a-407e-4101-8305-36a89543ec0a-groupManagement] INFO  util.JmxRegister (JmxRegister.java:tryRegister(44)) - Successfully registered JMX Bean with object name Ratis:service=RaftServer,group=group-20AD4E8CC79B,id=f826b84a-407e-4101-8305-36a89543ec0a
2023-06-06 16:09:05,661 [f826b84a-407e-4101-8305-36a89543ec0a-groupManagement] INFO  server.RaftServerConfigKeys (ConfUtils.java:logGet(46)) - raft.server.snapshot.auto.trigger.enabled = true (custom)
2023-06-06 16:09:05,661 [f826b84a-407e-4101-8305-36a89543ec0a-groupManagement] INFO  server.RaftServerConfigKeys (ConfUtils.java:logGet(46)) - raft.server.snapshot.auto.trigger.threshold = 10000 (custom)
2023-06-06 16:09:05,661 [f826b84a-407e-4101-8305-36a89543ec0a-groupManagement] INFO  server.RaftServerConfigKeys (ConfUtils.java:logGet(46)) - raft.server.snapshot.retention.file.num = 5 (custom)
2023-06-06 16:09:05,661 [f826b84a-407e-4101-8305-36a89543ec0a-groupManagement] INFO  server.RaftServerConfigKeys (ConfUtils.java:logGet(46)) - raft.server.log.purge.upto.snapshot.index = false (default)
2023-06-06 16:09:05,663 [f826b84a-407e-4101-8305-36a89543ec0a@group-20AD4E8CC79B-FollowerState] INFO  server.RaftServerConfigKeys (ConfUtils.java:logFallback(53)) - raft.server.rpc.first-election.timeout.min = 5s (fallback to raft.server.rpc.timeout.min)
2023-06-06 16:09:05,669 [f826b84a-407e-4101-8305-36a89543ec0a@group-20AD4E8CC79B-FollowerState] INFO  server.RaftServerConfigKeys (ConfUtils.java:logFallback(53)) - raft.server.rpc.first-election.timeout.max = 5200ms (fallback to raft.server.rpc.timeout.max)
2023-06-06 16:09:05,669 [PipelineCommandHandlerThread-0] INFO  ratis.XceiverServerRatis (XceiverServerRatis.java:addGroup(804)) - Created group PipelineID=2602682c-5e1b-4a6e-97c4-20ad4e8cc79b
2023-06-06 16:09:05,980 [PipelineCommandHandlerThread-0] INFO  server.RaftServer (RaftServerProxy.java:addNew(98)) - 93b1f261-b0c1-4dc9-a18e-24efbad5753e: addNew group-92397DDA24E5:[93b1f261-b0c1-4dc9-a18e-24efbad5753e|rpc:10.1.0.160:15023|admin:10.1.0.160:15022|client:10.1.0.160:15021|dataStream:10.1.0.160:15024|priority:1|startupRole:FOLLOWER] returns group-92397DDA24E5:java.util.concurrent.CompletableFuture@79ac51c9[Not completed]
2023-06-06 16:09:05,982 [93b1f261-b0c1-4dc9-a18e-24efbad5753e-groupManagement] INFO  server.RaftServer$Division (RaftServerImpl.java:<init>(198)) - 93b1f261-b0c1-4dc9-a18e-24efbad5753e: new RaftServerImpl for group-92397DDA24E5:[93b1f261-b0c1-4dc9-a18e-24efbad5753e|rpc:10.1.0.160:15023|admin:10.1.0.160:15022|client:10.1.0.160:15021|dataStream:10.1.0.160:15024|priority:1|startupRole:FOLLOWER] with ContainerStateMachine:uninitialized
2023-06-06 16:09:05,982 [93b1f261-b0c1-4dc9-a18e-24efbad5753e-groupManagement] INFO  server.RaftServerConfigKeys (ConfUtils.java:logGet(46)) - raft.server.rpc.timeout.min = 5s (custom)
2023-06-06 16:09:05,982 [93b1f261-b0c1-4dc9-a18e-24efbad5753e-groupManagement] INFO  server.RaftServerConfigKeys (ConfUtils.java:logGet(46)) - raft.server.rpc.timeout.max = 5200ms (custom)
2023-06-06 16:09:05,982 [93b1f261-b0c1-4dc9-a18e-24efbad5753e-groupManagement] INFO  server.RaftServerConfigKeys (ConfUtils.java:logGet(46)) - raft.server.rpc.sleep.time = 25ms (default)
2023-06-06 16:09:05,982 [93b1f261-b0c1-4dc9-a18e-24efbad5753e-groupManagement] INFO  server.RaftServerConfigKeys (ConfUtils.java:logGet(46)) - raft.server.rpc.slowness.timeout = 300s (custom)
2023-06-06 16:09:05,983 [93b1f261-b0c1-4dc9-a18e-24efbad5753e-groupManagement] INFO  server.RaftServerConfigKeys (ConfUtils.java:logGet(46)) - raft.server.leaderelection.leader.step-down.wait-time = 10s (default)
2023-06-06 16:09:05,983 [93b1f261-b0c1-4dc9-a18e-24efbad5753e-groupManagement] INFO  server.RaftServerConfigKeys (ConfUtils.java:logGet(46)) - raft.server.sleep.deviation.threshold = 300ms (default)
2023-06-06 16:09:05,983 [93b1f261-b0c1-4dc9-a18e-24efbad5753e-groupManagement] INFO  server.RaftServer$Division (ServerState.java:<init>(120)) - 93b1f261-b0c1-4dc9-a18e-24efbad5753e@group-92397DDA24E5: ConfigurationManager, init=-1: peers:[93b1f261-b0c1-4dc9-a18e-24efbad5753e|rpc:10.1.0.160:15023|admin:10.1.0.160:15022|client:10.1.0.160:15021|dataStream:10.1.0.160:15024|priority:1|startupRole:FOLLOWER]|listeners:[], old=null, confs=<EMPTY_MAP>
2023-06-06 16:09:05,983 [93b1f261-b0c1-4dc9-a18e-24efbad5753e-groupManagement] INFO  server.RaftServerConfigKeys (ConfUtils.java:logGet(46)) - raft.server.storage.dir = [/home/runner/work/ozone/ozone/hadoop-ozone/integration-test/target/test-dir/MiniOzoneClusterImpl-f3fe63fb-43ef-4153-9b86-93c9d8ad9adb/datanode-1/data/ratis] (custom)
2023-06-06 16:09:05,983 [93b1f261-b0c1-4dc9-a18e-24efbad5753e-groupManagement] INFO  server.RaftServerConfigKeys (ConfUtils.java:logGet(46)) - raft.server.log.corruption.policy = EXCEPTION (default)
2023-06-06 16:09:05,983 [93b1f261-b0c1-4dc9-a18e-24efbad5753e-groupManagement] INFO  server.RaftServerConfigKeys (ConfUtils.java:logGet(46)) - raft.server.storage.free-space.min = 0MB (=0) (default)
2023-06-06 16:09:05,983 [93b1f261-b0c1-4dc9-a18e-24efbad5753e-groupManagement] INFO  server.RaftServerConfigKeys (ConfUtils.java:logGet(46)) - raft.server.notification.no-leader.timeout = 300s (custom)
2023-06-06 16:09:05,983 [93b1f261-b0c1-4dc9-a18e-24efbad5753e-groupManagement] INFO  server.RaftServerConfigKeys (ConfUtils.java:logGet(46)) - raft.server.read.timeout = 10s (default)
2023-06-06 16:09:05,983 [93b1f261-b0c1-4dc9-a18e-24efbad5753e-groupManagement] INFO  server.RaftServerConfigKeys (ConfUtils.java:logGet(46)) - raft.server.retrycache.expirytime = 600000ms (custom)
2023-06-06 16:09:05,983 [93b1f261-b0c1-4dc9-a18e-24efbad5753e-groupManagement] INFO  server.RaftServerConfigKeys (ConfUtils.java:logGet(46)) - raft.server.retrycache.statistics.expirytime = 100μs (default)
2023-06-06 16:09:05,983 [93b1f261-b0c1-4dc9-a18e-24efbad5753e-groupManagement] INFO  server.RaftServerConfigKeys (ConfUtils.java:logGet(46)) - raft.server.read.option = DEFAULT (default)
2023-06-06 16:09:05,985 [93b1f261-b0c1-4dc9-a18e-24efbad5753e-groupManagement] INFO  server.RaftServerConfigKeys (ConfUtils.java:logGet(46)) - raft.server.rpc.request.timeout = 60s (custom)
2023-06-06 16:09:05,985 [93b1f261-b0c1-4dc9-a18e-24efbad5753e-groupManagement] INFO  server.RaftServerConfigKeys (ConfUtils.java:logGet(46)) - raft.server.log.appender.install.snapshot.enabled = false (custom)
2023-06-06 16:09:05,985 [93b1f261-b0c1-4dc9-a18e-24efbad5753e-groupManagement] INFO  server.RaftServerConfigKeys (ConfUtils.java:logGet(46)) - raft.server.threadpool.server.cached = true (default)
2023-06-06 16:09:05,985 [93b1f261-b0c1-4dc9-a18e-24efbad5753e-groupManagement] INFO  server.RaftServerConfigKeys (ConfUtils.java:logGet(46)) - raft.server.threadpool.server.size = 0 (default)
2023-06-06 16:09:05,985 [93b1f261-b0c1-4dc9-a18e-24efbad5753e-groupManagement] INFO  server.RaftServerConfigKeys (ConfUtils.java:logGet(46)) - raft.server.threadpool.client.cached = true (default)
2023-06-06 16:09:05,985 [93b1f261-b0c1-4dc9-a18e-24efbad5753e-groupManagement] INFO  server.RaftServerConfigKeys (ConfUtils.java:logGet(46)) - raft.server.threadpool.client.size = 0 (default)
2023-06-06 16:09:05,985 [93b1f261-b0c1-4dc9-a18e-24efbad5753e-groupManagement] INFO  storage.RaftStorageDirectory (RaftStorageDirectoryImpl.java:analyzeStorage(137)) - The storage directory /home/runner/work/ozone/ozone/hadoop-ozone/integration-test/target/test-dir/MiniOzoneClusterImpl-f3fe63fb-43ef-4153-9b86-93c9d8ad9adb/datanode-1/data/ratis/aafe387d-81ef-418e-8e42-92397dda24e5 does not exist. Creating ...
2023-06-06 16:09:05,987 [93b1f261-b0c1-4dc9-a18e-24efbad5753e-groupManagement] INFO  storage.RaftStorageDirectory (RaftStorageDirectoryImpl.java:tryLock(231)) - Lock on /home/runner/work/ozone/ozone/hadoop-ozone/integration-test/target/test-dir/MiniOzoneClusterImpl-f3fe63fb-43ef-4153-9b86-93c9d8ad9adb/datanode-1/data/ratis/aafe387d-81ef-418e-8e42-92397dda24e5/in_use.lock acquired by nodename 101651@fv-az201-460
2023-06-06 16:09:05,990 [93b1f261-b0c1-4dc9-a18e-24efbad5753e-groupManagement] INFO  storage.RaftStorage (RaftStorageImpl.java:format(96)) - Storage directory /home/runner/work/ozone/ozone/hadoop-ozone/integration-test/target/test-dir/MiniOzoneClusterImpl-f3fe63fb-43ef-4153-9b86-93c9d8ad9adb/datanode-1/data/ratis/aafe387d-81ef-418e-8e42-92397dda24e5 has been successfully formatted.
2023-06-06 16:09:05,991 [93b1f261-b0c1-4dc9-a18e-24efbad5753e-groupManagement] INFO  ratis.ContainerStateMachine (ContainerStateMachine.java:loadSnapshot(262)) - group-92397DDA24E5: The snapshot info is null. Setting the last applied indexto:(t:0, i:~)
2023-06-06 16:09:05,992 [93b1f261-b0c1-4dc9-a18e-24efbad5753e-groupManagement] INFO  server.RaftServerConfigKeys (ConfUtils.java:logGet(46)) - raft.server.log.use.memory = false (default)
2023-06-06 16:09:05,992 [93b1f261-b0c1-4dc9-a18e-24efbad5753e-groupManagement] INFO  server.RaftServerConfigKeys (ConfUtils.java:logGet(46)) - raft.server.log.purge.gap = 1000000 (custom)
2023-06-06 16:09:05,992 [93b1f261-b0c1-4dc9-a18e-24efbad5753e-groupManagement] INFO  server.RaftServerConfigKeys (ConfUtils.java:logGet(46)) - raft.server.log.appender.buffer.byte-limit = 33554432 (custom)
2023-06-06 16:09:05,992 [93b1f261-b0c1-4dc9-a18e-24efbad5753e-groupManagement] INFO  server.RaftServerConfigKeys (ConfUtils.java:logGet(46)) - raft.server.log.statemachine.data.read.timeout = 1000ms (default)
2023-06-06 16:09:05,992 [93b1f261-b0c1-4dc9-a18e-24efbad5753e-groupManagement] INFO  server.RaftServerConfigKeys (ConfUtils.java:logGet(46)) - raft.server.log.purge.preservation.log.num = 0 (default)
2023-06-06 16:09:05,993 [93b1f261-b0c1-4dc9-a18e-24efbad5753e-groupManagement] INFO  server.RaftServerConfigKeys (ConfUtils.java:logGet(46)) - raft.server.log.segment.size.max = 1048576 (custom)
2023-06-06 16:09:05,993 [93b1f261-b0c1-4dc9-a18e-24efbad5753e-groupManagement] INFO  server.RaftServerConfigKeys (ConfUtils.java:logGet(46)) - raft.server.log.segment.cache.num.max = 2 (custom)
2023-06-06 16:09:05,993 [93b1f261-b0c1-4dc9-a18e-24efbad5753e-groupManagement] INFO  server.RaftServerConfigKeys (ConfUtils.java:logGet(46)) - raft.server.log.segment.cache.size.max = 200MB (=209715200) (default)
2023-06-06 16:09:05,993 [93b1f261-b0c1-4dc9-a18e-24efbad5753e-groupManagement] INFO  server.RaftServerConfigKeys (ConfUtils.java:logGet(46)) - raft.server.log.appender.buffer.byte-limit = 33554432 (custom)
2023-06-06 16:09:05,993 [93b1f261-b0c1-4dc9-a18e-24efbad5753e-groupManagement] INFO  segmented.SegmentedRaftLogWorker (SegmentedRaftLogWorker.java:<init>(188)) - new 93b1f261-b0c1-4dc9-a18e-24efbad5753e@group-92397DDA24E5-SegmentedRaftLogWorker for RaftStorageImpl:Storage Directory /home/runner/work/ozone/ozone/hadoop-ozone/integration-test/target/test-dir/MiniOzoneClusterImpl-f3fe63fb-43ef-4153-9b86-93c9d8ad9adb/datanode-1/data/ratis/aafe387d-81ef-418e-8e42-92397dda24e5
2023-06-06 16:09:05,993 [93b1f261-b0c1-4dc9-a18e-24efbad5753e-groupManagement] INFO  server.RaftServerConfigKeys (ConfUtils.java:logGet(46)) - raft.server.log.queue.byte-limit = 4294967296 (custom)
2023-06-06 16:09:05,993 [93b1f261-b0c1-4dc9-a18e-24efbad5753e-groupManagement] INFO  server.RaftServerConfigKeys (ConfUtils.java:logGet(46)) - raft.server.log.queue.element-limit = 1024 (custom)
2023-06-06 16:09:05,993 [93b1f261-b0c1-4dc9-a18e-24efbad5753e-groupManagement] INFO  server.RaftServerConfigKeys (ConfUtils.java:logGet(46)) - raft.server.log.segment.size.max = 1048576 (custom)
2023-06-06 16:09:05,994 [93b1f261-b0c1-4dc9-a18e-24efbad5753e-groupManagement] INFO  server.RaftServerConfigKeys (ConfUtils.java:logGet(46)) - raft.server.log.preallocated.size = 16384 (custom)
2023-06-06 16:09:05,994 [93b1f261-b0c1-4dc9-a18e-24efbad5753e-groupManagement] INFO  server.RaftServerConfigKeys (ConfUtils.java:logGet(46)) - raft.server.log.force.sync.num = 128 (default)
2023-06-06 16:09:05,994 [93b1f261-b0c1-4dc9-a18e-24efbad5753e-groupManagement] INFO  server.RaftServerConfigKeys (ConfUtils.java:logGet(46)) - raft.server.log.statemachine.data.sync = true (default)
2023-06-06 16:09:05,994 [93b1f261-b0c1-4dc9-a18e-24efbad5753e-groupManagement] INFO  server.RaftServerConfigKeys (ConfUtils.java:logGet(46)) - raft.server.log.statemachine.data.sync.timeout = 10s (default)
2023-06-06 16:09:05,994 [93b1f261-b0c1-4dc9-a18e-24efbad5753e-groupManagement] INFO  server.RaftServerConfigKeys (ConfUtils.java:logGet(46)) - raft.server.log.statemachine.data.sync.timeout.retry = -1 (default)
2023-06-06 16:09:05,995 [93b1f261-b0c1-4dc9-a18e-24efbad5753e-groupManagement] INFO  server.RaftServerConfigKeys (ConfUtils.java:logGet(46)) - raft.server.log.write.buffer.size = 1048576 (custom)
2023-06-06 16:09:05,995 [93b1f261-b0c1-4dc9-a18e-24efbad5753e-groupManagement] INFO  server.RaftServerConfigKeys (ConfUtils.java:logGet(46)) - raft.server.log.appender.buffer.byte-limit = 33554432 (custom)
2023-06-06 16:09:06,002 [EventQueue-PipelineReportForPipelineReportHandler] INFO  pipeline.PipelineManagerImpl (PipelineManagerImpl.java:openPipeline(367)) - Pipeline Pipeline[ Id: aafe387d-81ef-418e-8e42-92397dda24e5, Nodes: 93b1f261-b0c1-4dc9-a18e-24efbad5753e(fv-az201-460.ett4tu3jvdse5ovc2mkgjqcs5a.bx.internal.cloudapp.net/10.1.0.160), ReplicationConfig: RATIS/ONE, State:ALLOCATED, leaderId:93b1f261-b0c1-4dc9-a18e-24efbad5753e, CreationTimestamp2023-06-06T16:09:02.979Z[Etc/UTC]] moved to OPEN state
2023-06-06 16:09:06,002 [93b1f261-b0c1-4dc9-a18e-24efbad5753e-groupManagement] INFO  server.RaftServerConfigKeys (ConfUtils.java:logGet(46)) - raft.server.log.unsafe-flush.enabled = false (default)
2023-06-06 16:09:06,002 [93b1f261-b0c1-4dc9-a18e-24efbad5753e-groupManagement] INFO  server.RaftServerConfigKeys (ConfUtils.java:logGet(46)) - raft.server.log.async-flush.enabled = false (default)
2023-06-06 16:09:06,002 [93b1f261-b0c1-4dc9-a18e-24efbad5753e-groupManagement] INFO  server.RaftServerConfigKeys (ConfUtils.java:logGet(46)) - raft.server.log.statemachine.data.caching.enabled = true (custom)
2023-06-06 16:09:06,002 [93b1f261-b0c1-4dc9-a18e-24efbad5753e-groupManagement] INFO  segmented.SegmentedRaftLogWorker (SegmentedRaftLogWorker.java:lambda$new$0(135)) - 93b1f261-b0c1-4dc9-a18e-24efbad5753e@group-92397DDA24E5-SegmentedRaftLogWorker: flushIndex: setUnconditionally 0 -> -1
2023-06-06 16:09:06,002 [93b1f261-b0c1-4dc9-a18e-24efbad5753e-groupManagement] INFO  segmented.SegmentedRaftLogWorker (SegmentedRaftLogWorker.java:lambda$new$0(135)) - 93b1f261-b0c1-4dc9-a18e-24efbad5753e@group-92397DDA24E5-SegmentedRaftLogWorker: safeCacheEvictIndex: setUnconditionally 0 -> -1
2023-06-06 16:09:06,002 [93b1f261-b0c1-4dc9-a18e-24efbad5753e-groupManagement] INFO  server.RaftServer$Division (RaftServerImpl.java:start(342)) - 93b1f261-b0c1-4dc9-a18e-24efbad5753e@group-92397DDA24E5: start as a follower, conf=-1: peers:[93b1f261-b0c1-4dc9-a18e-24efbad5753e|rpc:10.1.0.160:15023|admin:10.1.0.160:15022|client:10.1.0.160:15021|dataStream:10.1.0.160:15024|priority:1|startupRole:FOLLOWER]|listeners:[], old=null
2023-06-06 16:09:06,002 [93b1f261-b0c1-4dc9-a18e-24efbad5753e-groupManagement] INFO  server.RaftServer$Division (RaftServerImpl.java:setRole(329)) - 93b1f261-b0c1-4dc9-a18e-24efbad5753e@group-92397DDA24E5: changes role from      null to FOLLOWER at term 0 for startAsFollower
2023-06-06 16:09:06,002 [93b1f261-b0c1-4dc9-a18e-24efbad5753e-groupManagement] INFO  impl.RoleInfo (RoleInfo.java:updateAndGet(139)) - 93b1f261-b0c1-4dc9-a18e-24efbad5753e: start 93b1f261-b0c1-4dc9-a18e-24efbad5753e@group-92397DDA24E5-FollowerState
2023-06-06 16:09:06,003 [EventQueue-OpenPipelineForHealthyPipelineSafeModeRule] INFO  safemode.SCMSafeModeManager (HealthyPipelineSafeModeRule.java:process(137)) - SCM in safe mode. Healthy pipelines reported count is 0, required healthy pipeline reported count is 1
2023-06-06 16:09:06,003 [93b1f261-b0c1-4dc9-a18e-24efbad5753e-groupManagement] INFO  util.JmxRegister (JmxRegister.java:tryRegister(44)) - Successfully registered JMX Bean with object name Ratis:service=RaftServer,group=group-92397DDA24E5,id=93b1f261-b0c1-4dc9-a18e-24efbad5753e
2023-06-06 16:09:06,003 [93b1f261-b0c1-4dc9-a18e-24efbad5753e-groupManagement] INFO  server.RaftServerConfigKeys (ConfUtils.java:logGet(46)) - raft.server.snapshot.auto.trigger.enabled = true (custom)
2023-06-06 16:09:06,003 [93b1f261-b0c1-4dc9-a18e-24efbad5753e-groupManagement] INFO  server.RaftServerConfigKeys (ConfUtils.java:logGet(46)) - raft.server.snapshot.auto.trigger.threshold = 10000 (custom)
2023-06-06 16:09:06,003 [93b1f261-b0c1-4dc9-a18e-24efbad5753e-groupManagement] INFO  server.RaftServerConfigKeys (ConfUtils.java:logGet(46)) - raft.server.snapshot.retention.file.num = 5 (custom)
2023-06-06 16:09:06,003 [93b1f261-b0c1-4dc9-a18e-24efbad5753e-groupManagement] INFO  server.RaftServerConfigKeys (ConfUtils.java:logGet(46)) - raft.server.log.purge.upto.snapshot.index = false (default)
2023-06-06 16:09:06,004 [93b1f261-b0c1-4dc9-a18e-24efbad5753e@group-92397DDA24E5-FollowerState] INFO  server.RaftServerConfigKeys (ConfUtils.java:logFallback(53)) - raft.server.rpc.first-election.timeout.min = 5s (fallback to raft.server.rpc.timeout.min)
2023-06-06 16:09:06,004 [93b1f261-b0c1-4dc9-a18e-24efbad5753e@group-92397DDA24E5-FollowerState] INFO  server.RaftServerConfigKeys (ConfUtils.java:logFallback(53)) - raft.server.rpc.first-election.timeout.max = 5200ms (fallback to raft.server.rpc.timeout.max)
2023-06-06 16:09:06,004 [PipelineCommandHandlerThread-0] INFO  ratis.XceiverServerRatis (XceiverServerRatis.java:addGroup(804)) - Created group PipelineID=aafe387d-81ef-418e-8e42-92397dda24e5
2023-06-06 16:09:06,004 [PipelineCommandHandlerThread-0] INFO  commandhandler.CreatePipelineCommandHandler (CreatePipelineCommandHandler.java:lambda$handle$2(124)) - Created Pipeline RATIS ONE PipelineID=aafe387d-81ef-418e-8e42-92397dda24e5.
2023-06-06 16:09:06,004 [PipelineCommandHandlerThread-0] INFO  server.RaftServer (RaftServerProxy.java:addNew(98)) - 93b1f261-b0c1-4dc9-a18e-24efbad5753e: addNew group-20AD4E8CC79B:[df0472b3-7a9a-48e1-af6c-174a013a05cb|rpc:10.1.0.160:15032|admin:10.1.0.160:15031|client:10.1.0.160:15030|dataStream:10.1.0.160:15033|priority:0|startupRole:FOLLOWER, 93b1f261-b0c1-4dc9-a18e-24efbad5753e|rpc:10.1.0.160:15023|admin:10.1.0.160:15022|client:10.1.0.160:15021|dataStream:10.1.0.160:15024|priority:1|startupRole:FOLLOWER, f826b84a-407e-4101-8305-36a89543ec0a|rpc:10.1.0.160:15014|admin:10.1.0.160:15013|client:10.1.0.160:15012|dataStream:10.1.0.160:15015|priority:0|startupRole:FOLLOWER] returns group-20AD4E8CC79B:java.util.concurrent.CompletableFuture@7d93ca24[Not completed]
2023-06-06 16:09:06,006 [93b1f261-b0c1-4dc9-a18e-24efbad5753e-groupManagement] INFO  server.RaftServer$Division (RaftServerImpl.java:<init>(198)) - 93b1f261-b0c1-4dc9-a18e-24efbad5753e: new RaftServerImpl for group-20AD4E8CC79B:[df0472b3-7a9a-48e1-af6c-174a013a05cb|rpc:10.1.0.160:15032|admin:10.1.0.160:15031|client:10.1.0.160:15030|dataStream:10.1.0.160:15033|priority:0|startupRole:FOLLOWER, 93b1f261-b0c1-4dc9-a18e-24efbad5753e|rpc:10.1.0.160:15023|admin:10.1.0.160:15022|client:10.1.0.160:15021|dataStream:10.1.0.160:15024|priority:1|startupRole:FOLLOWER, f826b84a-407e-4101-8305-36a89543ec0a|rpc:10.1.0.160:15014|admin:10.1.0.160:15013|client:10.1.0.160:15012|dataStream:10.1.0.160:15015|priority:0|startupRole:FOLLOWER] with ContainerStateMachine:uninitialized
2023-06-06 16:09:06,006 [93b1f261-b0c1-4dc9-a18e-24efbad5753e-groupManagement] INFO  server.RaftServerConfigKeys (ConfUtils.java:logGet(46)) - raft.server.rpc.timeout.min = 5s (custom)
2023-06-06 16:09:06,006 [93b1f261-b0c1-4dc9-a18e-24efbad5753e-groupManagement] INFO  server.RaftServerConfigKeys (ConfUtils.java:logGet(46)) - raft.server.rpc.timeout.max = 5200ms (custom)
2023-06-06 16:09:06,006 [93b1f261-b0c1-4dc9-a18e-24efbad5753e-groupManagement] INFO  server.RaftServerConfigKeys (ConfUtils.java:logGet(46)) - raft.server.rpc.sleep.time = 25ms (default)
2023-06-06 16:09:06,006 [93b1f261-b0c1-4dc9-a18e-24efbad5753e-groupManagement] INFO  server.RaftServerConfigKeys (ConfUtils.java:logGet(46)) - raft.server.rpc.slowness.timeout = 300s (custom)
2023-06-06 16:09:06,006 [93b1f261-b0c1-4dc9-a18e-24efbad5753e-groupManagement] INFO  server.RaftServerConfigKeys (ConfUtils.java:logGet(46)) - raft.server.leaderelection.leader.step-down.wait-time = 10s (default)
2023-06-06 16:09:06,006 [93b1f261-b0c1-4dc9-a18e-24efbad5753e-groupManagement] INFO  server.RaftServerConfigKeys (ConfUtils.java:logGet(46)) - raft.server.sleep.deviation.threshold = 300ms (default)
2023-06-06 16:09:06,006 [93b1f261-b0c1-4dc9-a18e-24efbad5753e-groupManagement] INFO  server.RaftServer$Division (ServerState.java:<init>(120)) - 93b1f261-b0c1-4dc9-a18e-24efbad5753e@group-20AD4E8CC79B: ConfigurationManager, init=-1: peers:[df0472b3-7a9a-48e1-af6c-174a013a05cb|rpc:10.1.0.160:15032|admin:10.1.0.160:15031|client:10.1.0.160:15030|dataStream:10.1.0.160:15033|priority:0|startupRole:FOLLOWER, 93b1f261-b0c1-4dc9-a18e-24efbad5753e|rpc:10.1.0.160:15023|admin:10.1.0.160:15022|client:10.1.0.160:15021|dataStream:10.1.0.160:15024|priority:1|startupRole:FOLLOWER, f826b84a-407e-4101-8305-36a89543ec0a|rpc:10.1.0.160:15014|admin:10.1.0.160:15013|client:10.1.0.160:15012|dataStream:10.1.0.160:15015|priority:0|startupRole:FOLLOWER]|listeners:[], old=null, confs=<EMPTY_MAP>
2023-06-06 16:09:06,006 [93b1f261-b0c1-4dc9-a18e-24efbad5753e-groupManagement] INFO  server.RaftServerConfigKeys (ConfUtils.java:logGet(46)) - raft.server.storage.dir = [/home/runner/work/ozone/ozone/hadoop-ozone/integration-test/target/test-dir/MiniOzoneClusterImpl-f3fe63fb-43ef-4153-9b86-93c9d8ad9adb/datanode-1/data/ratis] (custom)
2023-06-06 16:09:06,007 [93b1f261-b0c1-4dc9-a18e-24efbad5753e-groupManagement] INFO  server.RaftServerConfigKeys (ConfUtils.java:logGet(46)) - raft.server.log.corruption.policy = EXCEPTION (default)
2023-06-06 16:09:06,007 [93b1f261-b0c1-4dc9-a18e-24efbad5753e-groupManagement] INFO  server.RaftServerConfigKeys (ConfUtils.java:logGet(46)) - raft.server.storage.free-space.min = 0MB (=0) (default)
2023-06-06 16:09:06,007 [93b1f261-b0c1-4dc9-a18e-24efbad5753e-groupManagement] INFO  server.RaftServerConfigKeys (ConfUtils.java:logGet(46)) - raft.server.notification.no-leader.timeout = 300s (custom)
2023-06-06 16:09:06,007 [93b1f261-b0c1-4dc9-a18e-24efbad5753e-groupManagement] INFO  server.RaftServerConfigKeys (ConfUtils.java:logGet(46)) - raft.server.read.timeout = 10s (default)
2023-06-06 16:09:06,007 [93b1f261-b0c1-4dc9-a18e-24efbad5753e-groupManagement] INFO  server.RaftServerConfigKeys (ConfUtils.java:logGet(46)) - raft.server.retrycache.expirytime = 600000ms (custom)
2023-06-06 16:09:06,007 [93b1f261-b0c1-4dc9-a18e-24efbad5753e-groupManagement] INFO  server.RaftServerConfigKeys (ConfUtils.java:logGet(46)) - raft.server.retrycache.statistics.expirytime = 100μs (default)
2023-06-06 16:09:06,007 [93b1f261-b0c1-4dc9-a18e-24efbad5753e-groupManagement] INFO  server.RaftServerConfigKeys (ConfUtils.java:logGet(46)) - raft.server.read.option = DEFAULT (default)
2023-06-06 16:09:06,008 [93b1f261-b0c1-4dc9-a18e-24efbad5753e-groupManagement] INFO  server.RaftServerConfigKeys (ConfUtils.java:logGet(46)) - raft.server.rpc.request.timeout = 60s (custom)
2023-06-06 16:09:06,008 [93b1f261-b0c1-4dc9-a18e-24efbad5753e-groupManagement] INFO  server.RaftServerConfigKeys (ConfUtils.java:logGet(46)) - raft.server.log.appender.install.snapshot.enabled = false (custom)
2023-06-06 16:09:06,008 [93b1f261-b0c1-4dc9-a18e-24efbad5753e-groupManagement] INFO  server.RaftServerConfigKeys (ConfUtils.java:logGet(46)) - raft.server.threadpool.server.cached = true (default)
2023-06-06 16:09:06,008 [93b1f261-b0c1-4dc9-a18e-24efbad5753e-groupManagement] INFO  server.RaftServerConfigKeys (ConfUtils.java:logGet(46)) - raft.server.threadpool.server.size = 0 (default)
2023-06-06 16:09:06,008 [93b1f261-b0c1-4dc9-a18e-24efbad5753e-groupManagement] INFO  server.RaftServerConfigKeys (ConfUtils.java:logGet(46)) - raft.server.threadpool.client.cached = true (default)
2023-06-06 16:09:06,008 [93b1f261-b0c1-4dc9-a18e-24efbad5753e-groupManagement] INFO  server.RaftServerConfigKeys (ConfUtils.java:logGet(46)) - raft.server.threadpool.client.size = 0 (default)
2023-06-06 16:09:06,008 [93b1f261-b0c1-4dc9-a18e-24efbad5753e-groupManagement] INFO  storage.RaftStorageDirectory (RaftStorageDirectoryImpl.java:analyzeStorage(137)) - The storage directory /home/runner/work/ozone/ozone/hadoop-ozone/integration-test/target/test-dir/MiniOzoneClusterImpl-f3fe63fb-43ef-4153-9b86-93c9d8ad9adb/datanode-1/data/ratis/2602682c-5e1b-4a6e-97c4-20ad4e8cc79b does not exist. Creating ...
2023-06-06 16:09:06,010 [93b1f261-b0c1-4dc9-a18e-24efbad5753e-groupManagement] INFO  storage.RaftStorageDirectory (RaftStorageDirectoryImpl.java:tryLock(231)) - Lock on /home/runner/work/ozone/ozone/hadoop-ozone/integration-test/target/test-dir/MiniOzoneClusterImpl-f3fe63fb-43ef-4153-9b86-93c9d8ad9adb/datanode-1/data/ratis/2602682c-5e1b-4a6e-97c4-20ad4e8cc79b/in_use.lock acquired by nodename 101651@fv-az201-460
2023-06-06 16:09:06,012 [93b1f261-b0c1-4dc9-a18e-24efbad5753e-groupManagement] INFO  storage.RaftStorage (RaftStorageImpl.java:format(96)) - Storage directory /home/runner/work/ozone/ozone/hadoop-ozone/integration-test/target/test-dir/MiniOzoneClusterImpl-f3fe63fb-43ef-4153-9b86-93c9d8ad9adb/datanode-1/data/ratis/2602682c-5e1b-4a6e-97c4-20ad4e8cc79b has been successfully formatted.
2023-06-06 16:09:06,026 [93b1f261-b0c1-4dc9-a18e-24efbad5753e-groupManagement] INFO  ratis.ContainerStateMachine (ContainerStateMachine.java:loadSnapshot(262)) - group-20AD4E8CC79B: The snapshot info is null. Setting the last applied indexto:(t:0, i:~)
2023-06-06 16:09:06,026 [93b1f261-b0c1-4dc9-a18e-24efbad5753e-groupManagement] INFO  server.RaftServerConfigKeys (ConfUtils.java:logGet(46)) - raft.server.log.use.memory = false (default)
2023-06-06 16:09:06,026 [93b1f261-b0c1-4dc9-a18e-24efbad5753e-groupManagement] INFO  server.RaftServerConfigKeys (ConfUtils.java:logGet(46)) - raft.server.log.purge.gap = 1000000 (custom)
2023-06-06 16:09:06,026 [93b1f261-b0c1-4dc9-a18e-24efbad5753e-groupManagement] INFO  server.RaftServerConfigKeys (ConfUtils.java:logGet(46)) - raft.server.log.appender.buffer.byte-limit = 33554432 (custom)
2023-06-06 16:09:06,026 [93b1f261-b0c1-4dc9-a18e-24efbad5753e-groupManagement] INFO  server.RaftServerConfigKeys (ConfUtils.java:logGet(46)) - raft.server.log.statemachine.data.read.timeout = 1000ms (default)
2023-06-06 16:09:06,026 [93b1f261-b0c1-4dc9-a18e-24efbad5753e-groupManagement] INFO  server.RaftServerConfigKeys (ConfUtils.java:logGet(46)) - raft.server.log.purge.preservation.log.num = 0 (default)
2023-06-06 16:09:06,026 [93b1f261-b0c1-4dc9-a18e-24efbad5753e-groupManagement] INFO  server.RaftServerConfigKeys (ConfUtils.java:logGet(46)) - raft.server.log.segment.size.max = 1048576 (custom)
2023-06-06 16:09:06,027 [93b1f261-b0c1-4dc9-a18e-24efbad5753e-groupManagement] INFO  server.RaftServerConfigKeys (ConfUtils.java:logGet(46)) - raft.server.log.segment.cache.num.max = 2 (custom)
2023-06-06 16:09:06,027 [93b1f261-b0c1-4dc9-a18e-24efbad5753e-groupManagement] INFO  server.RaftServerConfigKeys (ConfUtils.java:logGet(46)) - raft.server.log.segment.cache.size.max = 200MB (=209715200) (default)
2023-06-06 16:09:06,027 [93b1f261-b0c1-4dc9-a18e-24efbad5753e-groupManagement] INFO  server.RaftServerConfigKeys (ConfUtils.java:logGet(46)) - raft.server.log.appender.buffer.byte-limit = 33554432 (custom)
2023-06-06 16:09:06,027 [93b1f261-b0c1-4dc9-a18e-24efbad5753e-groupManagement] INFO  segmented.SegmentedRaftLogWorker (SegmentedRaftLogWorker.java:<init>(188)) - new 93b1f261-b0c1-4dc9-a18e-24efbad5753e@group-20AD4E8CC79B-SegmentedRaftLogWorker for RaftStorageImpl:Storage Directory /home/runner/work/ozone/ozone/hadoop-ozone/integration-test/target/test-dir/MiniOzoneClusterImpl-f3fe63fb-43ef-4153-9b86-93c9d8ad9adb/datanode-1/data/ratis/2602682c-5e1b-4a6e-97c4-20ad4e8cc79b
2023-06-06 16:09:06,027 [93b1f261-b0c1-4dc9-a18e-24efbad5753e-groupManagement] INFO  server.RaftServerConfigKeys (ConfUtils.java:logGet(46)) - raft.server.log.queue.byte-limit = 4294967296 (custom)
2023-06-06 16:09:06,027 [93b1f261-b0c1-4dc9-a18e-24efbad5753e-groupManagement] INFO  server.RaftServerConfigKeys (ConfUtils.java:logGet(46)) - raft.server.log.queue.element-limit = 1024 (custom)
2023-06-06 16:09:06,027 [93b1f261-b0c1-4dc9-a18e-24efbad5753e-groupManagement] INFO  server.RaftServerConfigKeys (ConfUtils.java:logGet(46)) - raft.server.log.segment.size.max = 1048576 (custom)
2023-06-06 16:09:06,027 [93b1f261-b0c1-4dc9-a18e-24efbad5753e-groupManagement] INFO  server.RaftServerConfigKeys (ConfUtils.java:logGet(46)) - raft.server.log.preallocated.size = 16384 (custom)
2023-06-06 16:09:06,027 [93b1f261-b0c1-4dc9-a18e-24efbad5753e-groupManagement] INFO  server.RaftServerConfigKeys (ConfUtils.java:logGet(46)) - raft.server.log.force.sync.num = 128 (default)
2023-06-06 16:09:06,027 [93b1f261-b0c1-4dc9-a18e-24efbad5753e-groupManagement] INFO  server.RaftServerConfigKeys (ConfUtils.java:logGet(46)) - raft.server.log.statemachine.data.sync = true (default)
2023-06-06 16:09:06,027 [93b1f261-b0c1-4dc9-a18e-24efbad5753e-groupManagement] INFO  server.RaftServerConfigKeys (ConfUtils.java:logGet(46)) - raft.server.log.statemachine.data.sync.timeout = 10s (default)
2023-06-06 16:09:06,027 [93b1f261-b0c1-4dc9-a18e-24efbad5753e-groupManagement] INFO  server.RaftServerConfigKeys (ConfUtils.java:logGet(46)) - raft.server.log.statemachine.data.sync.timeout.retry = -1 (default)
2023-06-06 16:09:06,028 [93b1f261-b0c1-4dc9-a18e-24efbad5753e-groupManagement] INFO  server.RaftServerConfigKeys (ConfUtils.java:logGet(46)) - raft.server.log.write.buffer.size = 1048576 (custom)
2023-06-06 16:09:06,028 [93b1f261-b0c1-4dc9-a18e-24efbad5753e-groupManagement] INFO  server.RaftServerConfigKeys (ConfUtils.java:logGet(46)) - raft.server.log.appender.buffer.byte-limit = 33554432 (custom)
2023-06-06 16:09:06,034 [EventQueue-OpenPipelineForHealthyPipelineSafeModeRule] INFO  safemode.SCMSafeModeManager (HealthyPipelineSafeModeRule.java:process(137)) - SCM in safe mode. Healthy pipelines reported count is 0, required healthy pipeline reported count is 1
2023-06-06 16:09:06,037 [93b1f261-b0c1-4dc9-a18e-24efbad5753e-groupManagement] INFO  server.RaftServerConfigKeys (ConfUtils.java:logGet(46)) - raft.server.log.unsafe-flush.enabled = false (default)
2023-06-06 16:09:06,037 [93b1f261-b0c1-4dc9-a18e-24efbad5753e-groupManagement] INFO  server.RaftServerConfigKeys (ConfUtils.java:logGet(46)) - raft.server.log.async-flush.enabled = false (default)
2023-06-06 16:09:06,037 [93b1f261-b0c1-4dc9-a18e-24efbad5753e-groupManagement] INFO  server.RaftServerConfigKeys (ConfUtils.java:logGet(46)) - raft.server.log.statemachine.data.caching.enabled = true (custom)
2023-06-06 16:09:06,037 [93b1f261-b0c1-4dc9-a18e-24efbad5753e-groupManagement] INFO  segmented.SegmentedRaftLogWorker (SegmentedRaftLogWorker.java:lambda$new$0(135)) - 93b1f261-b0c1-4dc9-a18e-24efbad5753e@group-20AD4E8CC79B-SegmentedRaftLogWorker: flushIndex: setUnconditionally 0 -> -1
2023-06-06 16:09:06,037 [93b1f261-b0c1-4dc9-a18e-24efbad5753e-groupManagement] INFO  segmented.SegmentedRaftLogWorker (SegmentedRaftLogWorker.java:lambda$new$0(135)) - 93b1f261-b0c1-4dc9-a18e-24efbad5753e@group-20AD4E8CC79B-SegmentedRaftLogWorker: safeCacheEvictIndex: setUnconditionally 0 -> -1
2023-06-06 16:09:06,038 [93b1f261-b0c1-4dc9-a18e-24efbad5753e-groupManagement] INFO  server.RaftServer$Division (RaftServerImpl.java:start(342)) - 93b1f261-b0c1-4dc9-a18e-24efbad5753e@group-20AD4E8CC79B: start as a follower, conf=-1: peers:[df0472b3-7a9a-48e1-af6c-174a013a05cb|rpc:10.1.0.160:15032|admin:10.1.0.160:15031|client:10.1.0.160:15030|dataStream:10.1.0.160:15033|priority:0|startupRole:FOLLOWER, 93b1f261-b0c1-4dc9-a18e-24efbad5753e|rpc:10.1.0.160:15023|admin:10.1.0.160:15022|client:10.1.0.160:15021|dataStream:10.1.0.160:15024|priority:1|startupRole:FOLLOWER, f826b84a-407e-4101-8305-36a89543ec0a|rpc:10.1.0.160:15014|admin:10.1.0.160:15013|client:10.1.0.160:15012|dataStream:10.1.0.160:15015|priority:0|startupRole:FOLLOWER]|listeners:[], old=null
2023-06-06 16:09:06,038 [93b1f261-b0c1-4dc9-a18e-24efbad5753e-groupManagement] INFO  server.RaftServer$Division (RaftServerImpl.java:setRole(329)) - 93b1f261-b0c1-4dc9-a18e-24efbad5753e@group-20AD4E8CC79B: changes role from      null to FOLLOWER at term 0 for startAsFollower
2023-06-06 16:09:06,038 [93b1f261-b0c1-4dc9-a18e-24efbad5753e-groupManagement] INFO  impl.RoleInfo (RoleInfo.java:updateAndGet(139)) - 93b1f261-b0c1-4dc9-a18e-24efbad5753e: start 93b1f261-b0c1-4dc9-a18e-24efbad5753e@group-20AD4E8CC79B-FollowerState
2023-06-06 16:09:06,038 [93b1f261-b0c1-4dc9-a18e-24efbad5753e-groupManagement] INFO  util.JmxRegister (JmxRegister.java:tryRegister(44)) - Successfully registered JMX Bean with object name Ratis:service=RaftServer,group=group-20AD4E8CC79B,id=93b1f261-b0c1-4dc9-a18e-24efbad5753e
2023-06-06 16:09:06,038 [93b1f261-b0c1-4dc9-a18e-24efbad5753e-groupManagement] INFO  server.RaftServerConfigKeys (ConfUtils.java:logGet(46)) - raft.server.snapshot.auto.trigger.enabled = true (custom)
2023-06-06 16:09:06,038 [93b1f261-b0c1-4dc9-a18e-24efbad5753e-groupManagement] INFO  server.RaftServerConfigKeys (ConfUtils.java:logGet(46)) - raft.server.snapshot.auto.trigger.threshold = 10000 (custom)
2023-06-06 16:09:06,038 [93b1f261-b0c1-4dc9-a18e-24efbad5753e-groupManagement] INFO  server.RaftServerConfigKeys (ConfUtils.java:logGet(46)) - raft.server.snapshot.retention.file.num = 5 (custom)
2023-06-06 16:09:06,038 [93b1f261-b0c1-4dc9-a18e-24efbad5753e-groupManagement] INFO  server.RaftServerConfigKeys (ConfUtils.java:logGet(46)) - raft.server.log.purge.upto.snapshot.index = false (default)
2023-06-06 16:09:06,039 [93b1f261-b0c1-4dc9-a18e-24efbad5753e@group-20AD4E8CC79B-FollowerState] INFO  server.RaftServerConfigKeys (ConfUtils.java:logFallback(53)) - raft.server.rpc.first-election.timeout.min = 5s (fallback to raft.server.rpc.timeout.min)
2023-06-06 16:09:06,039 [PipelineCommandHandlerThread-0] INFO  ratis.XceiverServerRatis (XceiverServerRatis.java:addGroup(804)) - Created group PipelineID=2602682c-5e1b-4a6e-97c4-20ad4e8cc79b
2023-06-06 16:09:06,051 [93b1f261-b0c1-4dc9-a18e-24efbad5753e@group-20AD4E8CC79B-FollowerState] INFO  server.RaftServerConfigKeys (ConfUtils.java:logFallback(53)) - raft.server.rpc.first-election.timeout.max = 5200ms (fallback to raft.server.rpc.timeout.max)
2023-06-06 16:09:06,233 [grpc-default-executor-1] INFO  server.RaftServer (RaftServerProxy.java:addNew(98)) - df0472b3-7a9a-48e1-af6c-174a013a05cb: addNew group-20AD4E8CC79B:[df0472b3-7a9a-48e1-af6c-174a013a05cb|rpc:10.1.0.160:15032|admin:10.1.0.160:15031|client:10.1.0.160:15030|dataStream:10.1.0.160:15033|priority:0|startupRole:FOLLOWER, 93b1f261-b0c1-4dc9-a18e-24efbad5753e|rpc:10.1.0.160:15023|admin:10.1.0.160:15022|client:10.1.0.160:15021|dataStream:10.1.0.160:15024|priority:1|startupRole:FOLLOWER, f826b84a-407e-4101-8305-36a89543ec0a|rpc:10.1.0.160:15014|admin:10.1.0.160:15013|client:10.1.0.160:15012|dataStream:10.1.0.160:15015|priority:0|startupRole:FOLLOWER] returns group-20AD4E8CC79B:java.util.concurrent.CompletableFuture@3f074087[Not completed]
2023-06-06 16:09:06,251 [df0472b3-7a9a-48e1-af6c-174a013a05cb-groupManagement] INFO  server.RaftServer$Division (RaftServerImpl.java:<init>(198)) - df0472b3-7a9a-48e1-af6c-174a013a05cb: new RaftServerImpl for group-20AD4E8CC79B:[df0472b3-7a9a-48e1-af6c-174a013a05cb|rpc:10.1.0.160:15032|admin:10.1.0.160:15031|client:10.1.0.160:15030|dataStream:10.1.0.160:15033|priority:0|startupRole:FOLLOWER, 93b1f261-b0c1-4dc9-a18e-24efbad5753e|rpc:10.1.0.160:15023|admin:10.1.0.160:15022|client:10.1.0.160:15021|dataStream:10.1.0.160:15024|priority:1|startupRole:FOLLOWER, f826b84a-407e-4101-8305-36a89543ec0a|rpc:10.1.0.160:15014|admin:10.1.0.160:15013|client:10.1.0.160:15012|dataStream:10.1.0.160:15015|priority:0|startupRole:FOLLOWER] with ContainerStateMachine:uninitialized
2023-06-06 16:09:06,251 [df0472b3-7a9a-48e1-af6c-174a013a05cb-groupManagement] INFO  server.RaftServerConfigKeys (ConfUtils.java:logGet(46)) - raft.server.rpc.timeout.min = 5s (custom)
2023-06-06 16:09:06,251 [df0472b3-7a9a-48e1-af6c-174a013a05cb-groupManagement] INFO  server.RaftServerConfigKeys (ConfUtils.java:logGet(46)) - raft.server.rpc.timeout.max = 5200ms (custom)
2023-06-06 16:09:06,251 [df0472b3-7a9a-48e1-af6c-174a013a05cb-groupManagement] INFO  server.RaftServerConfigKeys (ConfUtils.java:logGet(46)) - raft.server.rpc.sleep.time = 25ms (default)
2023-06-06 16:09:06,252 [df0472b3-7a9a-48e1-af6c-174a013a05cb-groupManagement] INFO  server.RaftServerConfigKeys (ConfUtils.java:logGet(46)) - raft.server.rpc.slowness.timeout = 300s (custom)
2023-06-06 16:09:06,252 [df0472b3-7a9a-48e1-af6c-174a013a05cb-groupManagement] INFO  server.RaftServerConfigKeys (ConfUtils.java:logGet(46)) - raft.server.leaderelection.leader.step-down.wait-time = 10s (default)
2023-06-06 16:09:06,252 [df0472b3-7a9a-48e1-af6c-174a013a05cb-groupManagement] INFO  server.RaftServerConfigKeys (ConfUtils.java:logGet(46)) - raft.server.sleep.deviation.threshold = 300ms (default)
2023-06-06 16:09:06,252 [df0472b3-7a9a-48e1-af6c-174a013a05cb-groupManagement] INFO  server.RaftServer$Division (ServerState.java:<init>(120)) - df0472b3-7a9a-48e1-af6c-174a013a05cb@group-20AD4E8CC79B: ConfigurationManager, init=-1: peers:[df0472b3-7a9a-48e1-af6c-174a013a05cb|rpc:10.1.0.160:15032|admin:10.1.0.160:15031|client:10.1.0.160:15030|dataStream:10.1.0.160:15033|priority:0|startupRole:FOLLOWER, 93b1f261-b0c1-4dc9-a18e-24efbad5753e|rpc:10.1.0.160:15023|admin:10.1.0.160:15022|client:10.1.0.160:15021|dataStream:10.1.0.160:15024|priority:1|startupRole:FOLLOWER, f826b84a-407e-4101-8305-36a89543ec0a|rpc:10.1.0.160:15014|admin:10.1.0.160:15013|client:10.1.0.160:15012|dataStream:10.1.0.160:15015|priority:0|startupRole:FOLLOWER]|listeners:[], old=null, confs=<EMPTY_MAP>
2023-06-06 16:09:06,252 [df0472b3-7a9a-48e1-af6c-174a013a05cb-groupManagement] INFO  server.RaftServerConfigKeys (ConfUtils.java:logGet(46)) - raft.server.storage.dir = [/home/runner/work/ozone/ozone/hadoop-ozone/integration-test/target/test-dir/MiniOzoneClusterImpl-f3fe63fb-43ef-4153-9b86-93c9d8ad9adb/datanode-2/data/ratis] (custom)
2023-06-06 16:09:06,253 [df0472b3-7a9a-48e1-af6c-174a013a05cb-groupManagement] INFO  server.RaftServerConfigKeys (ConfUtils.java:logGet(46)) - raft.server.log.corruption.policy = EXCEPTION (default)
2023-06-06 16:09:06,253 [df0472b3-7a9a-48e1-af6c-174a013a05cb-groupManagement] INFO  server.RaftServerConfigKeys (ConfUtils.java:logGet(46)) - raft.server.storage.free-space.min = 0MB (=0) (default)
2023-06-06 16:09:06,266 [df0472b3-7a9a-48e1-af6c-174a013a05cb-groupManagement] INFO  server.RaftServerConfigKeys (ConfUtils.java:logGet(46)) - raft.server.notification.no-leader.timeout = 300s (custom)
2023-06-06 16:09:06,266 [df0472b3-7a9a-48e1-af6c-174a013a05cb-groupManagement] INFO  server.RaftServerConfigKeys (ConfUtils.java:logGet(46)) - raft.server.read.timeout = 10s (default)
2023-06-06 16:09:06,266 [df0472b3-7a9a-48e1-af6c-174a013a05cb-groupManagement] INFO  server.RaftServerConfigKeys (ConfUtils.java:logGet(46)) - raft.server.retrycache.expirytime = 600000ms (custom)
2023-06-06 16:09:06,266 [df0472b3-7a9a-48e1-af6c-174a013a05cb-groupManagement] INFO  server.RaftServerConfigKeys (ConfUtils.java:logGet(46)) - raft.server.retrycache.statistics.expirytime = 100μs (default)
2023-06-06 16:09:06,267 [df0472b3-7a9a-48e1-af6c-174a013a05cb-groupManagement] INFO  server.RaftServerConfigKeys (ConfUtils.java:logGet(46)) - raft.server.read.option = DEFAULT (default)
2023-06-06 16:09:06,268 [df0472b3-7a9a-48e1-af6c-174a013a05cb-groupManagement] INFO  server.RaftServerConfigKeys (ConfUtils.java:logGet(46)) - raft.server.rpc.request.timeout = 60s (custom)
2023-06-06 16:09:06,268 [df0472b3-7a9a-48e1-af6c-174a013a05cb-groupManagement] INFO  server.RaftServerConfigKeys (ConfUtils.java:logGet(46)) - raft.server.log.appender.install.snapshot.enabled = false (custom)
2023-06-06 16:09:06,269 [df0472b3-7a9a-48e1-af6c-174a013a05cb-groupManagement] INFO  server.RaftServerConfigKeys (ConfUtils.java:logGet(46)) - raft.server.threadpool.server.cached = true (default)
2023-06-06 16:09:06,269 [df0472b3-7a9a-48e1-af6c-174a013a05cb-groupManagement] INFO  server.RaftServerConfigKeys (ConfUtils.java:logGet(46)) - raft.server.threadpool.server.size = 0 (default)
2023-06-06 16:09:06,269 [df0472b3-7a9a-48e1-af6c-174a013a05cb-groupManagement] INFO  server.RaftServerConfigKeys (ConfUtils.java:logGet(46)) - raft.server.threadpool.client.cached = true (default)
2023-06-06 16:09:06,269 [df0472b3-7a9a-48e1-af6c-174a013a05cb-groupManagement] INFO  server.RaftServerConfigKeys (ConfUtils.java:logGet(46)) - raft.server.threadpool.client.size = 0 (default)
2023-06-06 16:09:06,269 [df0472b3-7a9a-48e1-af6c-174a013a05cb-groupManagement] INFO  storage.RaftStorageDirectory (RaftStorageDirectoryImpl.java:analyzeStorage(137)) - The storage directory /home/runner/work/ozone/ozone/hadoop-ozone/integration-test/target/test-dir/MiniOzoneClusterImpl-f3fe63fb-43ef-4153-9b86-93c9d8ad9adb/datanode-2/data/ratis/2602682c-5e1b-4a6e-97c4-20ad4e8cc79b does not exist. Creating ...
2023-06-06 16:09:06,275 [df0472b3-7a9a-48e1-af6c-174a013a05cb-groupManagement] INFO  storage.RaftStorageDirectory (RaftStorageDirectoryImpl.java:tryLock(231)) - Lock on /home/runner/work/ozone/ozone/hadoop-ozone/integration-test/target/test-dir/MiniOzoneClusterImpl-f3fe63fb-43ef-4153-9b86-93c9d8ad9adb/datanode-2/data/ratis/2602682c-5e1b-4a6e-97c4-20ad4e8cc79b/in_use.lock acquired by nodename 101651@fv-az201-460
2023-06-06 16:09:06,279 [df0472b3-7a9a-48e1-af6c-174a013a05cb-groupManagement] INFO  storage.RaftStorage (RaftStorageImpl.java:format(96)) - Storage directory /home/runner/work/ozone/ozone/hadoop-ozone/integration-test/target/test-dir/MiniOzoneClusterImpl-f3fe63fb-43ef-4153-9b86-93c9d8ad9adb/datanode-2/data/ratis/2602682c-5e1b-4a6e-97c4-20ad4e8cc79b has been successfully formatted.
2023-06-06 16:09:06,280 [df0472b3-7a9a-48e1-af6c-174a013a05cb-groupManagement] INFO  ratis.ContainerStateMachine (ContainerStateMachine.java:loadSnapshot(262)) - group-20AD4E8CC79B: The snapshot info is null. Setting the last applied indexto:(t:0, i:~)
2023-06-06 16:09:06,283 [df0472b3-7a9a-48e1-af6c-174a013a05cb-groupManagement] INFO  server.RaftServerConfigKeys (ConfUtils.java:logGet(46)) - raft.server.log.use.memory = false (default)
2023-06-06 16:09:06,283 [df0472b3-7a9a-48e1-af6c-174a013a05cb-groupManagement] INFO  server.RaftServerConfigKeys (ConfUtils.java:logGet(46)) - raft.server.log.purge.gap = 1000000 (custom)
2023-06-06 16:09:06,283 [df0472b3-7a9a-48e1-af6c-174a013a05cb-groupManagement] INFO  server.RaftServerConfigKeys (ConfUtils.java:logGet(46)) - raft.server.log.appender.buffer.byte-limit = 33554432 (custom)
2023-06-06 16:09:06,284 [df0472b3-7a9a-48e1-af6c-174a013a05cb-groupManagement] INFO  server.RaftServerConfigKeys (ConfUtils.java:logGet(46)) - raft.server.log.statemachine.data.read.timeout = 1000ms (default)
2023-06-06 16:09:06,284 [df0472b3-7a9a-48e1-af6c-174a013a05cb-groupManagement] INFO  server.RaftServerConfigKeys (ConfUtils.java:logGet(46)) - raft.server.log.purge.preservation.log.num = 0 (default)
2023-06-06 16:09:06,284 [df0472b3-7a9a-48e1-af6c-174a013a05cb-groupManagement] INFO  server.RaftServerConfigKeys (ConfUtils.java:logGet(46)) - raft.server.log.segment.size.max = 1048576 (custom)
2023-06-06 16:09:06,284 [df0472b3-7a9a-48e1-af6c-174a013a05cb-groupManagement] INFO  server.RaftServerConfigKeys (ConfUtils.java:logGet(46)) - raft.server.log.segment.cache.num.max = 2 (custom)
2023-06-06 16:09:06,284 [df0472b3-7a9a-48e1-af6c-174a013a05cb-groupManagement] INFO  server.RaftServerConfigKeys (ConfUtils.java:logGet(46)) - raft.server.log.segment.cache.size.max = 200MB (=209715200) (default)
2023-06-06 16:09:06,284 [df0472b3-7a9a-48e1-af6c-174a013a05cb-groupManagement] INFO  server.RaftServerConfigKeys (ConfUtils.java:logGet(46)) - raft.server.log.appender.buffer.byte-limit = 33554432 (custom)
2023-06-06 16:09:06,284 [df0472b3-7a9a-48e1-af6c-174a013a05cb-groupManagement] INFO  segmented.SegmentedRaftLogWorker (SegmentedRaftLogWorker.java:<init>(188)) - new df0472b3-7a9a-48e1-af6c-174a013a05cb@group-20AD4E8CC79B-SegmentedRaftLogWorker for RaftStorageImpl:Storage Directory /home/runner/work/ozone/ozone/hadoop-ozone/integration-test/target/test-dir/MiniOzoneClusterImpl-f3fe63fb-43ef-4153-9b86-93c9d8ad9adb/datanode-2/data/ratis/2602682c-5e1b-4a6e-97c4-20ad4e8cc79b
2023-06-06 16:09:06,284 [df0472b3-7a9a-48e1-af6c-174a013a05cb-groupManagement] INFO  server.RaftServerConfigKeys (ConfUtils.java:logGet(46)) - raft.server.log.queue.byte-limit = 4294967296 (custom)
2023-06-06 16:09:06,284 [df0472b3-7a9a-48e1-af6c-174a013a05cb-groupManagement] INFO  server.RaftServerConfigKeys (ConfUtils.java:logGet(46)) - raft.server.log.queue.element-limit = 1024 (custom)
2023-06-06 16:09:06,285 [df0472b3-7a9a-48e1-af6c-174a013a05cb-groupManagement] INFO  server.RaftServerConfigKeys (ConfUtils.java:logGet(46)) - raft.server.log.segment.size.max = 1048576 (custom)
2023-06-06 16:09:06,285 [df0472b3-7a9a-48e1-af6c-174a013a05cb-groupManagement] INFO  server.RaftServerConfigKeys (ConfUtils.java:logGet(46)) - raft.server.log.preallocated.size = 16384 (custom)
2023-06-06 16:09:06,285 [df0472b3-7a9a-48e1-af6c-174a013a05cb-groupManagement] INFO  server.RaftServerConfigKeys (ConfUtils.java:logGet(46)) - raft.server.log.force.sync.num = 128 (default)
2023-06-06 16:09:06,285 [df0472b3-7a9a-48e1-af6c-174a013a05cb-groupManagement] INFO  server.RaftServerConfigKeys (ConfUtils.java:logGet(46)) - raft.server.log.statemachine.data.sync = true (default)
2023-06-06 16:09:06,285 [df0472b3-7a9a-48e1-af6c-174a013a05cb-groupManagement] INFO  server.RaftServerConfigKeys (ConfUtils.java:logGet(46)) - raft.server.log.statemachine.data.sync.timeout = 10s (default)
2023-06-06 16:09:06,285 [df0472b3-7a9a-48e1-af6c-174a013a05cb-groupManagement] INFO  server.RaftServerConfigKeys (ConfUtils.java:logGet(46)) - raft.server.log.statemachine.data.sync.timeout.retry = -1 (default)
2023-06-06 16:09:06,286 [df0472b3-7a9a-48e1-af6c-174a013a05cb-groupManagement] INFO  server.RaftServerConfigKeys (ConfUtils.java:logGet(46)) - raft.server.log.write.buffer.size = 1048576 (custom)
2023-06-06 16:09:06,287 [df0472b3-7a9a-48e1-af6c-174a013a05cb-groupManagement] INFO  server.RaftServerConfigKeys (ConfUtils.java:logGet(46)) - raft.server.log.appender.buffer.byte-limit = 33554432 (custom)
2023-06-06 16:09:06,307 [df0472b3-7a9a-48e1-af6c-174a013a05cb-groupManagement] INFO  server.RaftServerConfigKeys (ConfUtils.java:logGet(46)) - raft.server.log.unsafe-flush.enabled = false (default)
2023-06-06 16:09:06,307 [df0472b3-7a9a-48e1-af6c-174a013a05cb-groupManagement] INFO  server.RaftServerConfigKeys (ConfUtils.java:logGet(46)) - raft.server.log.async-flush.enabled = false (default)
2023-06-06 16:09:06,307 [df0472b3-7a9a-48e1-af6c-174a013a05cb-groupManagement] INFO  server.RaftServerConfigKeys (ConfUtils.java:logGet(46)) - raft.server.log.statemachine.data.caching.enabled = true (custom)
2023-06-06 16:09:06,307 [df0472b3-7a9a-48e1-af6c-174a013a05cb-groupManagement] INFO  segmented.SegmentedRaftLogWorker (SegmentedRaftLogWorker.java:lambda$new$0(135)) - df0472b3-7a9a-48e1-af6c-174a013a05cb@group-20AD4E8CC79B-SegmentedRaftLogWorker: flushIndex: setUnconditionally 0 -> -1
2023-06-06 16:09:06,307 [df0472b3-7a9a-48e1-af6c-174a013a05cb-groupManagement] INFO  segmented.SegmentedRaftLogWorker (SegmentedRaftLogWorker.java:lambda$new$0(135)) - df0472b3-7a9a-48e1-af6c-174a013a05cb@group-20AD4E8CC79B-SegmentedRaftLogWorker: safeCacheEvictIndex: setUnconditionally 0 -> -1
2023-06-06 16:09:06,318 [df0472b3-7a9a-48e1-af6c-174a013a05cb-groupManagement] INFO  server.RaftServer$Division (RaftServerImpl.java:start(342)) - df0472b3-7a9a-48e1-af6c-174a013a05cb@group-20AD4E8CC79B: start as a follower, conf=-1: peers:[df0472b3-7a9a-48e1-af6c-174a013a05cb|rpc:10.1.0.160:15032|admin:10.1.0.160:15031|client:10.1.0.160:15030|dataStream:10.1.0.160:15033|priority:0|startupRole:FOLLOWER, 93b1f261-b0c1-4dc9-a18e-24efbad5753e|rpc:10.1.0.160:15023|admin:10.1.0.160:15022|client:10.1.0.160:15021|dataStream:10.1.0.160:15024|priority:1|startupRole:FOLLOWER, f826b84a-407e-4101-8305-36a89543ec0a|rpc:10.1.0.160:15014|admin:10.1.0.160:15013|client:10.1.0.160:15012|dataStream:10.1.0.160:15015|priority:0|startupRole:FOLLOWER]|listeners:[], old=null
2023-06-06 16:09:06,318 [df0472b3-7a9a-48e1-af6c-174a013a05cb-groupManagement] INFO  server.RaftServer$Division (RaftServerImpl.java:setRole(329)) - df0472b3-7a9a-48e1-af6c-174a013a05cb@group-20AD4E8CC79B: changes role from      null to FOLLOWER at term 0 for startAsFollower
2023-06-06 16:09:06,318 [df0472b3-7a9a-48e1-af6c-174a013a05cb-groupManagement] INFO  impl.RoleInfo (RoleInfo.java:updateAndGet(139)) - df0472b3-7a9a-48e1-af6c-174a013a05cb: start df0472b3-7a9a-48e1-af6c-174a013a05cb@group-20AD4E8CC79B-FollowerState
2023-06-06 16:09:06,329 [df0472b3-7a9a-48e1-af6c-174a013a05cb-groupManagement] INFO  util.JmxRegister (JmxRegister.java:tryRegister(44)) - Successfully registered JMX Bean with object name Ratis:service=RaftServer,group=group-20AD4E8CC79B,id=df0472b3-7a9a-48e1-af6c-174a013a05cb
2023-06-06 16:09:06,329 [df0472b3-7a9a-48e1-af6c-174a013a05cb-groupManagement] INFO  server.RaftServerConfigKeys (ConfUtils.java:logGet(46)) - raft.server.snapshot.auto.trigger.enabled = true (custom)
2023-06-06 16:09:06,329 [df0472b3-7a9a-48e1-af6c-174a013a05cb-groupManagement] INFO  server.RaftServerConfigKeys (ConfUtils.java:logGet(46)) - raft.server.snapshot.auto.trigger.threshold = 10000 (custom)
2023-06-06 16:09:06,329 [df0472b3-7a9a-48e1-af6c-174a013a05cb-groupManagement] INFO  server.RaftServerConfigKeys (ConfUtils.java:logGet(46)) - raft.server.snapshot.retention.file.num = 5 (custom)
2023-06-06 16:09:06,329 [df0472b3-7a9a-48e1-af6c-174a013a05cb-groupManagement] INFO  server.RaftServerConfigKeys (ConfUtils.java:logGet(46)) - raft.server.log.purge.upto.snapshot.index = false (default)
2023-06-06 16:09:06,331 [df0472b3-7a9a-48e1-af6c-174a013a05cb@group-20AD4E8CC79B-FollowerState] INFO  server.RaftServerConfigKeys (ConfUtils.java:logFallback(53)) - raft.server.rpc.first-election.timeout.min = 5s (fallback to raft.server.rpc.timeout.min)
2023-06-06 16:09:06,343 [df0472b3-7a9a-48e1-af6c-174a013a05cb@group-20AD4E8CC79B-FollowerState] INFO  server.RaftServerConfigKeys (ConfUtils.java:logFallback(53)) - raft.server.rpc.first-election.timeout.max = 5200ms (fallback to raft.server.rpc.timeout.max)
2023-06-06 16:09:06,343 [main] INFO  ozone.MiniOzoneClusterImpl (MiniOzoneClusterImpl.java:lambda$waitForClusterToBeReady$0(222)) - Nodes are ready. Got 3 of 3 DN Heartbeats.
2023-06-06 16:09:06,343 [main] INFO  ozone.MiniOzoneClusterImpl (MiniOzoneClusterImpl.java:lambda$waitForClusterToBeReady$0(225)) - Waiting for cluster to exit safe mode
2023-06-06 16:09:06,343 [main] INFO  ozone.MiniOzoneClusterImpl (MiniOzoneClusterImpl.java:lambda$waitForClusterToBeReady$0(227)) - SCM became leader
2023-06-06 16:09:06,350 [PipelineCommandHandlerThread-0] INFO  server.RaftServer (RaftServerProxy.java:addNew(98)) - df0472b3-7a9a-48e1-af6c-174a013a05cb: addNew group-AE7712D5083E:[df0472b3-7a9a-48e1-af6c-174a013a05cb|rpc:10.1.0.160:15032|admin:10.1.0.160:15031|client:10.1.0.160:15030|dataStream:10.1.0.160:15033|priority:1|startupRole:FOLLOWER] returns group-AE7712D5083E:java.util.concurrent.CompletableFuture@73f14303[Not completed]
2023-06-06 16:09:06,352 [df0472b3-7a9a-48e1-af6c-174a013a05cb-groupManagement] INFO  server.RaftServer$Division (RaftServerImpl.java:<init>(198)) - df0472b3-7a9a-48e1-af6c-174a013a05cb: new RaftServerImpl for group-AE7712D5083E:[df0472b3-7a9a-48e1-af6c-174a013a05cb|rpc:10.1.0.160:15032|admin:10.1.0.160:15031|client:10.1.0.160:15030|dataStream:10.1.0.160:15033|priority:1|startupRole:FOLLOWER] with ContainerStateMachine:uninitialized
2023-06-06 16:09:06,352 [df0472b3-7a9a-48e1-af6c-174a013a05cb-groupManagement] INFO  server.RaftServerConfigKeys (ConfUtils.java:logGet(46)) - raft.server.rpc.timeout.min = 5s (custom)
2023-06-06 16:09:06,352 [df0472b3-7a9a-48e1-af6c-174a013a05cb-groupManagement] INFO  server.RaftServerConfigKeys (ConfUtils.java:logGet(46)) - raft.server.rpc.timeout.max = 5200ms (custom)
2023-06-06 16:09:06,352 [df0472b3-7a9a-48e1-af6c-174a013a05cb-groupManagement] INFO  server.RaftServerConfigKeys (ConfUtils.java:logGet(46)) - raft.server.rpc.sleep.time = 25ms (default)
2023-06-06 16:09:06,352 [df0472b3-7a9a-48e1-af6c-174a013a05cb-groupManagement] INFO  server.RaftServerConfigKeys (ConfUtils.java:logGet(46)) - raft.server.rpc.slowness.timeout = 300s (custom)
2023-06-06 16:09:06,352 [df0472b3-7a9a-48e1-af6c-174a013a05cb-groupManagement] INFO  server.RaftServerConfigKeys (ConfUtils.java:logGet(46)) - raft.server.leaderelection.leader.step-down.wait-time = 10s (default)
2023-06-06 16:09:06,352 [df0472b3-7a9a-48e1-af6c-174a013a05cb-groupManagement] INFO  server.RaftServerConfigKeys (ConfUtils.java:logGet(46)) - raft.server.sleep.deviation.threshold = 300ms (default)
2023-06-06 16:09:06,352 [df0472b3-7a9a-48e1-af6c-174a013a05cb-groupManagement] INFO  server.RaftServer$Division (ServerState.java:<init>(120)) - df0472b3-7a9a-48e1-af6c-174a013a05cb@group-AE7712D5083E: ConfigurationManager, init=-1: peers:[df0472b3-7a9a-48e1-af6c-174a013a05cb|rpc:10.1.0.160:15032|admin:10.1.0.160:15031|client:10.1.0.160:15030|dataStream:10.1.0.160:15033|priority:1|startupRole:FOLLOWER]|listeners:[], old=null, confs=<EMPTY_MAP>
2023-06-06 16:09:06,352 [df0472b3-7a9a-48e1-af6c-174a013a05cb-groupManagement] INFO  server.RaftServerConfigKeys (ConfUtils.java:logGet(46)) - raft.server.storage.dir = [/home/runner/work/ozone/ozone/hadoop-ozone/integration-test/target/test-dir/MiniOzoneClusterImpl-f3fe63fb-43ef-4153-9b86-93c9d8ad9adb/datanode-2/data/ratis] (custom)
2023-06-06 16:09:06,352 [df0472b3-7a9a-48e1-af6c-174a013a05cb-groupManagement] INFO  server.RaftServerConfigKeys (ConfUtils.java:logGet(46)) - raft.server.log.corruption.policy = EXCEPTION (default)
2023-06-06 16:09:06,352 [df0472b3-7a9a-48e1-af6c-174a013a05cb-groupManagement] INFO  server.RaftServerConfigKeys (ConfUtils.java:logGet(46)) - raft.server.storage.free-space.min = 0MB (=0) (default)
2023-06-06 16:09:06,352 [df0472b3-7a9a-48e1-af6c-174a013a05cb-groupManagement] INFO  server.RaftServerConfigKeys (ConfUtils.java:logGet(46)) - raft.server.notification.no-leader.timeout = 300s (custom)
2023-06-06 16:09:06,352 [df0472b3-7a9a-48e1-af6c-174a013a05cb-groupManagement] INFO  server.RaftServerConfigKeys (ConfUtils.java:logGet(46)) - raft.server.read.timeout = 10s (default)
2023-06-06 16:09:06,352 [df0472b3-7a9a-48e1-af6c-174a013a05cb-groupManagement] INFO  server.RaftServerConfigKeys (ConfUtils.java:logGet(46)) - raft.server.retrycache.expirytime = 600000ms (custom)
2023-06-06 16:09:06,352 [df0472b3-7a9a-48e1-af6c-174a013a05cb-groupManagement] INFO  server.RaftServerConfigKeys (ConfUtils.java:logGet(46)) - raft.server.retrycache.statistics.expirytime = 100μs (default)
2023-06-06 16:09:06,353 [df0472b3-7a9a-48e1-af6c-174a013a05cb-groupManagement] INFO  server.RaftServerConfigKeys (ConfUtils.java:logGet(46)) - raft.server.read.option = DEFAULT (default)
2023-06-06 16:09:06,603 [df0472b3-7a9a-48e1-af6c-174a013a05cb-groupManagement] INFO  server.RaftServerConfigKeys (ConfUtils.java:logGet(46)) - raft.server.rpc.request.timeout = 60s (custom)
2023-06-06 16:09:06,603 [df0472b3-7a9a-48e1-af6c-174a013a05cb-groupManagement] INFO  server.RaftServerConfigKeys (ConfUtils.java:logGet(46)) - raft.server.log.appender.install.snapshot.enabled = false (custom)
2023-06-06 16:09:06,603 [df0472b3-7a9a-48e1-af6c-174a013a05cb-groupManagement] INFO  server.RaftServerConfigKeys (ConfUtils.java:logGet(46)) - raft.server.threadpool.server.cached = true (default)
2023-06-06 16:09:06,603 [df0472b3-7a9a-48e1-af6c-174a013a05cb-groupManagement] INFO  server.RaftServerConfigKeys (ConfUtils.java:logGet(46)) - raft.server.threadpool.server.size = 0 (default)
2023-06-06 16:09:06,603 [df0472b3-7a9a-48e1-af6c-174a013a05cb-groupManagement] INFO  server.RaftServerConfigKeys (ConfUtils.java:logGet(46)) - raft.server.threadpool.client.cached = true (default)
2023-06-06 16:09:06,603 [df0472b3-7a9a-48e1-af6c-174a013a05cb-groupManagement] INFO  server.RaftServerConfigKeys (ConfUtils.java:logGet(46)) - raft.server.threadpool.client.size = 0 (default)
2023-06-06 16:09:06,603 [df0472b3-7a9a-48e1-af6c-174a013a05cb-groupManagement] INFO  storage.RaftStorageDirectory (RaftStorageDirectoryImpl.java:analyzeStorage(137)) - The storage directory /home/runner/work/ozone/ozone/hadoop-ozone/integration-test/target/test-dir/MiniOzoneClusterImpl-f3fe63fb-43ef-4153-9b86-93c9d8ad9adb/datanode-2/data/ratis/cd58d67d-2499-4e10-b5e3-ae7712d5083e does not exist. Creating ...
2023-06-06 16:09:06,606 [JvmPauseMonitor4] WARN  util.JvmPauseMonitor (JvmPauseMonitor.java:detectPause(124)) - JvmPauseMonitor-df0472b3-7a9a-48e1-af6c-174a013a05cb: Detected pause in JVM or host machine approximately 0.201s with 0.248s GC time.
GC pool 'PS MarkSweep' had collection(s): count=1 time=192ms
GC pool 'PS Scavenge' had collection(s): count=1 time=56ms
2023-06-06 16:09:06,608 [df0472b3-7a9a-48e1-af6c-174a013a05cb-groupManagement] INFO  storage.RaftStorageDirectory (RaftStorageDirectoryImpl.java:tryLock(231)) - Lock on /home/runner/work/ozone/ozone/hadoop-ozone/integration-test/target/test-dir/MiniOzoneClusterImpl-f3fe63fb-43ef-4153-9b86-93c9d8ad9adb/datanode-2/data/ratis/cd58d67d-2499-4e10-b5e3-ae7712d5083e/in_use.lock acquired by nodename 101651@fv-az201-460
2023-06-06 16:09:06,615 [df0472b3-7a9a-48e1-af6c-174a013a05cb-groupManagement] INFO  storage.RaftStorage (RaftStorageImpl.java:format(96)) - Storage directory /home/runner/work/ozone/ozone/hadoop-ozone/integration-test/target/test-dir/MiniOzoneClusterImpl-f3fe63fb-43ef-4153-9b86-93c9d8ad9adb/datanode-2/data/ratis/cd58d67d-2499-4e10-b5e3-ae7712d5083e has been successfully formatted.
2023-06-06 16:09:06,616 [df0472b3-7a9a-48e1-af6c-174a013a05cb-groupManagement] INFO  ratis.ContainerStateMachine (ContainerStateMachine.java:loadSnapshot(262)) - group-AE7712D5083E: The snapshot info is null. Setting the last applied indexto:(t:0, i:~)
2023-06-06 16:09:06,616 [df0472b3-7a9a-48e1-af6c-174a013a05cb-groupManagement] INFO  server.RaftServerConfigKeys (ConfUtils.java:logGet(46)) - raft.server.log.use.memory = false (default)
2023-06-06 16:09:06,616 [df0472b3-7a9a-48e1-af6c-174a013a05cb-groupManagement] INFO  server.RaftServerConfigKeys (ConfUtils.java:logGet(46)) - raft.server.log.purge.gap = 1000000 (custom)
2023-06-06 16:09:06,616 [df0472b3-7a9a-48e1-af6c-174a013a05cb-groupManagement] INFO  server.RaftServerConfigKeys (ConfUtils.java:logGet(46)) - raft.server.log.appender.buffer.byte-limit = 33554432 (custom)
2023-06-06 16:09:06,616 [df0472b3-7a9a-48e1-af6c-174a013a05cb-groupManagement] INFO  server.RaftServerConfigKeys (ConfUtils.java:logGet(46)) - raft.server.log.statemachine.data.read.timeout = 1000ms (default)
2023-06-06 16:09:06,616 [df0472b3-7a9a-48e1-af6c-174a013a05cb-groupManagement] INFO  server.RaftServerConfigKeys (ConfUtils.java:logGet(46)) - raft.server.log.purge.preservation.log.num = 0 (default)
2023-06-06 16:09:06,616 [df0472b3-7a9a-48e1-af6c-174a013a05cb-groupManagement] INFO  server.RaftServerConfigKeys (ConfUtils.java:logGet(46)) - raft.server.log.segment.size.max = 1048576 (custom)
2023-06-06 16:09:06,617 [df0472b3-7a9a-48e1-af6c-174a013a05cb-groupManagement] INFO  server.RaftServerConfigKeys (ConfUtils.java:logGet(46)) - raft.server.log.segment.cache.num.max = 2 (custom)
2023-06-06 16:09:06,617 [df0472b3-7a9a-48e1-af6c-174a013a05cb-groupManagement] INFO  server.RaftServerConfigKeys (ConfUtils.java:logGet(46)) - raft.server.log.segment.cache.size.max = 200MB (=209715200) (default)
2023-06-06 16:09:06,617 [df0472b3-7a9a-48e1-af6c-174a013a05cb-groupManagement] INFO  server.RaftServerConfigKeys (ConfUtils.java:logGet(46)) - raft.server.log.appender.buffer.byte-limit = 33554432 (custom)
2023-06-06 16:09:06,617 [df0472b3-7a9a-48e1-af6c-174a013a05cb-groupManagement] INFO  segmented.SegmentedRaftLogWorker (SegmentedRaftLogWorker.java:<init>(188)) - new df0472b3-7a9a-48e1-af6c-174a013a05cb@group-AE7712D5083E-SegmentedRaftLogWorker for RaftStorageImpl:Storage Directory /home/runner/work/ozone/ozone/hadoop-ozone/integration-test/target/test-dir/MiniOzoneClusterImpl-f3fe63fb-43ef-4153-9b86-93c9d8ad9adb/datanode-2/data/ratis/cd58d67d-2499-4e10-b5e3-ae7712d5083e
2023-06-06 16:09:06,617 [df0472b3-7a9a-48e1-af6c-174a013a05cb-groupManagement] INFO  server.RaftServerConfigKeys (ConfUtils.java:logGet(46)) - raft.server.log.queue.byte-limit = 4294967296 (custom)
2023-06-06 16:09:06,617 [df0472b3-7a9a-48e1-af6c-174a013a05cb-groupManagement] INFO  server.RaftServerConfigKeys (ConfUtils.java:logGet(46)) - raft.server.log.queue.element-limit = 1024 (custom)
2023-06-06 16:09:06,629 [df0472b3-7a9a-48e1-af6c-174a013a05cb-groupManagement] INFO  server.RaftServerConfigKeys (ConfUtils.java:logGet(46)) - raft.server.log.segment.size.max = 1048576 (custom)
2023-06-06 16:09:06,629 [df0472b3-7a9a-48e1-af6c-174a013a05cb-groupManagement] INFO  server.RaftServerConfigKeys (ConfUtils.java:logGet(46)) - raft.server.log.preallocated.size = 16384 (custom)
2023-06-06 16:09:06,629 [df0472b3-7a9a-48e1-af6c-174a013a05cb-groupManagement] INFO  server.RaftServerConfigKeys (ConfUtils.java:logGet(46)) - raft.server.log.force.sync.num = 128 (default)
2023-06-06 16:09:06,629 [df0472b3-7a9a-48e1-af6c-174a013a05cb-groupManagement] INFO  server.RaftServerConfigKeys (ConfUtils.java:logGet(46)) - raft.server.log.statemachine.data.sync = true (default)
2023-06-06 16:09:06,629 [df0472b3-7a9a-48e1-af6c-174a013a05cb-groupManagement] INFO  server.RaftServerConfigKeys (ConfUtils.java:logGet(46)) - raft.server.log.statemachine.data.sync.timeout = 10s (default)
2023-06-06 16:09:06,629 [df0472b3-7a9a-48e1-af6c-174a013a05cb-groupManagement] INFO  server.RaftServerConfigKeys (ConfUtils.java:logGet(46)) - raft.server.log.statemachine.data.sync.timeout.retry = -1 (default)
2023-06-06 16:09:06,630 [df0472b3-7a9a-48e1-af6c-174a013a05cb-groupManagement] INFO  server.RaftServerConfigKeys (ConfUtils.java:logGet(46)) - raft.server.log.write.buffer.size = 1048576 (custom)
2023-06-06 16:09:06,633 [df0472b3-7a9a-48e1-af6c-174a013a05cb-groupManagement] INFO  server.RaftServerConfigKeys (ConfUtils.java:logGet(46)) - raft.server.log.appender.buffer.byte-limit = 33554432 (custom)
2023-06-06 16:09:06,640 [EventQueue-PipelineReportForPipelineReportHandler] INFO  pipeline.PipelineManagerImpl (PipelineManagerImpl.java:openPipeline(367)) - Pipeline Pipeline[ Id: cd58d67d-2499-4e10-b5e3-ae7712d5083e, Nodes: df0472b3-7a9a-48e1-af6c-174a013a05cb(fv-az201-460.ett4tu3jvdse5ovc2mkgjqcs5a.bx.internal.cloudapp.net/10.1.0.160), ReplicationConfig: RATIS/ONE, State:ALLOCATED, leaderId:df0472b3-7a9a-48e1-af6c-174a013a05cb, CreationTimestamp2023-06-06T16:09:03.346Z[Etc/UTC]] moved to OPEN state
2023-06-06 16:09:06,641 [EventQueue-OpenPipelineForHealthyPipelineSafeModeRule] INFO  safemode.SCMSafeModeManager (HealthyPipelineSafeModeRule.java:process(137)) - SCM in safe mode. Healthy pipelines reported count is 0, required healthy pipeline reported count is 1
2023-06-06 16:09:06,642 [df0472b3-7a9a-48e1-af6c-174a013a05cb-groupManagement] INFO  server.RaftServerConfigKeys (ConfUtils.java:logGet(46)) - raft.server.log.unsafe-flush.enabled = false (default)
2023-06-06 16:09:06,642 [df0472b3-7a9a-48e1-af6c-174a013a05cb-groupManagement] INFO  server.RaftServerConfigKeys (ConfUtils.java:logGet(46)) - raft.server.log.async-flush.enabled = false (default)
2023-06-06 16:09:06,642 [df0472b3-7a9a-48e1-af6c-174a013a05cb-groupManagement] INFO  server.RaftServerConfigKeys (ConfUtils.java:logGet(46)) - raft.server.log.statemachine.data.caching.enabled = true (custom)
2023-06-06 16:09:06,644 [df0472b3-7a9a-48e1-af6c-174a013a05cb-groupManagement] INFO  segmented.SegmentedRaftLogWorker (SegmentedRaftLogWorker.java:lambda$new$0(135)) - df0472b3-7a9a-48e1-af6c-174a013a05cb@group-AE7712D5083E-SegmentedRaftLogWorker: flushIndex: setUnconditionally 0 -> -1
2023-06-06 16:09:06,644 [df0472b3-7a9a-48e1-af6c-174a013a05cb-groupManagement] INFO  segmented.SegmentedRaftLogWorker (SegmentedRaftLogWorker.java:lambda$new$0(135)) - df0472b3-7a9a-48e1-af6c-174a013a05cb@group-AE7712D5083E-SegmentedRaftLogWorker: safeCacheEvictIndex: setUnconditionally 0 -> -1
2023-06-06 16:09:06,663 [df0472b3-7a9a-48e1-af6c-174a013a05cb-groupManagement] INFO  server.RaftServer$Division (RaftServerImpl.java:start(342)) - df0472b3-7a9a-48e1-af6c-174a013a05cb@group-AE7712D5083E: start as a follower, conf=-1: peers:[df0472b3-7a9a-48e1-af6c-174a013a05cb|rpc:10.1.0.160:15032|admin:10.1.0.160:15031|client:10.1.0.160:15030|dataStream:10.1.0.160:15033|priority:1|startupRole:FOLLOWER]|listeners:[], old=null
2023-06-06 16:09:06,663 [df0472b3-7a9a-48e1-af6c-174a013a05cb-groupManagement] INFO  server.RaftServer$Division (RaftServerImpl.java:setRole(329)) - df0472b3-7a9a-48e1-af6c-174a013a05cb@group-AE7712D5083E: changes role from      null to FOLLOWER at term 0 for startAsFollower
2023-06-06 16:09:06,663 [df0472b3-7a9a-48e1-af6c-174a013a05cb-groupManagement] INFO  impl.RoleInfo (RoleInfo.java:updateAndGet(139)) - df0472b3-7a9a-48e1-af6c-174a013a05cb: start df0472b3-7a9a-48e1-af6c-174a013a05cb@group-AE7712D5083E-FollowerState
2023-06-06 16:09:06,668 [df0472b3-7a9a-48e1-af6c-174a013a05cb-groupManagement] INFO  util.JmxRegister (JmxRegister.java:tryRegister(44)) - Successfully registered JMX Bean with object name Ratis:service=RaftServer,group=group-AE7712D5083E,id=df0472b3-7a9a-48e1-af6c-174a013a05cb
2023-06-06 16:09:06,668 [df0472b3-7a9a-48e1-af6c-174a013a05cb-groupManagement] INFO  server.RaftServerConfigKeys (ConfUtils.java:logGet(46)) - raft.server.snapshot.auto.trigger.enabled = true (custom)
2023-06-06 16:09:06,668 [df0472b3-7a9a-48e1-af6c-174a013a05cb-groupManagement] INFO  server.RaftServerConfigKeys (ConfUtils.java:logGet(46)) - raft.server.snapshot.auto.trigger.threshold = 10000 (custom)
2023-06-06 16:09:06,668 [df0472b3-7a9a-48e1-af6c-174a013a05cb-groupManagement] INFO  server.RaftServerConfigKeys (ConfUtils.java:logGet(46)) - raft.server.snapshot.retention.file.num = 5 (custom)
2023-06-06 16:09:06,669 [df0472b3-7a9a-48e1-af6c-174a013a05cb-groupManagement] INFO  server.RaftServerConfigKeys (ConfUtils.java:logGet(46)) - raft.server.log.purge.upto.snapshot.index = false (default)
2023-06-06 16:09:06,672 [df0472b3-7a9a-48e1-af6c-174a013a05cb@group-AE7712D5083E-FollowerState] INFO  server.RaftServerConfigKeys (ConfUtils.java:logFallback(53)) - raft.server.rpc.first-election.timeout.min = 5s (fallback to raft.server.rpc.timeout.min)
2023-06-06 16:09:06,672 [df0472b3-7a9a-48e1-af6c-174a013a05cb@group-AE7712D5083E-FollowerState] INFO  server.RaftServerConfigKeys (ConfUtils.java:logFallback(53)) - raft.server.rpc.first-election.timeout.max = 5200ms (fallback to raft.server.rpc.timeout.max)
2023-06-06 16:09:06,674 [PipelineCommandHandlerThread-0] INFO  ratis.XceiverServerRatis (XceiverServerRatis.java:addGroup(804)) - Created group PipelineID=cd58d67d-2499-4e10-b5e3-ae7712d5083e
2023-06-06 16:09:06,674 [PipelineCommandHandlerThread-0] INFO  commandhandler.CreatePipelineCommandHandler (CreatePipelineCommandHandler.java:lambda$handle$2(124)) - Created Pipeline RATIS ONE PipelineID=cd58d67d-2499-4e10-b5e3-ae7712d5083e.
2023-06-06 16:09:06,677 [PipelineCommandHandlerThread-0] INFO  server.RaftServer (RaftServerProxy.java:addNew(98)) - df0472b3-7a9a-48e1-af6c-174a013a05cb: addNew group-6C7325FF34D6:[df0472b3-7a9a-48e1-af6c-174a013a05cb|rpc:10.1.0.160:15032|admin:10.1.0.160:15031|client:10.1.0.160:15030|dataStream:10.1.0.160:15033|priority:0|startupRole:FOLLOWER, 93b1f261-b0c1-4dc9-a18e-24efbad5753e|rpc:10.1.0.160:15023|admin:10.1.0.160:15022|client:10.1.0.160:15021|dataStream:10.1.0.160:15024|priority:0|startupRole:FOLLOWER, f826b84a-407e-4101-8305-36a89543ec0a|rpc:10.1.0.160:15014|admin:10.1.0.160:15013|client:10.1.0.160:15012|dataStream:10.1.0.160:15015|priority:1|startupRole:FOLLOWER] returns group-6C7325FF34D6:java.util.concurrent.CompletableFuture@7d36a30d[Not completed]
2023-06-06 16:09:06,678 [PipelineCommandHandlerThread-0] INFO  commandhandler.CreatePipelineCommandHandler (CreatePipelineCommandHandler.java:lambda$handle$2(124)) - Created Pipeline RATIS THREE PipelineID=2602682c-5e1b-4a6e-97c4-20ad4e8cc79b.
2023-06-06 16:09:06,678 [PipelineCommandHandlerThread-0] INFO  server.RaftServer (RaftServerProxy.java:addNew(98)) - f826b84a-407e-4101-8305-36a89543ec0a: addNew group-6C7325FF34D6:[df0472b3-7a9a-48e1-af6c-174a013a05cb|rpc:10.1.0.160:15032|admin:10.1.0.160:15031|client:10.1.0.160:15030|dataStream:10.1.0.160:15033|priority:0|startupRole:FOLLOWER, 93b1f261-b0c1-4dc9-a18e-24efbad5753e|rpc:10.1.0.160:15023|admin:10.1.0.160:15022|client:10.1.0.160:15021|dataStream:10.1.0.160:15024|priority:0|startupRole:FOLLOWER, f826b84a-407e-4101-8305-36a89543ec0a|rpc:10.1.0.160:15014|admin:10.1.0.160:15013|client:10.1.0.160:15012|dataStream:10.1.0.160:15015|priority:1|startupRole:FOLLOWER] returns group-6C7325FF34D6:java.util.concurrent.CompletableFuture@10b52485[Not completed]
2023-06-06 16:09:06,679 [df0472b3-7a9a-48e1-af6c-174a013a05cb-groupManagement] INFO  server.RaftServer$Division (RaftServerImpl.java:<init>(198)) - df0472b3-7a9a-48e1-af6c-174a013a05cb: new RaftServerImpl for group-6C7325FF34D6:[df0472b3-7a9a-48e1-af6c-174a013a05cb|rpc:10.1.0.160:15032|admin:10.1.0.160:15031|client:10.1.0.160:15030|dataStream:10.1.0.160:15033|priority:0|startupRole:FOLLOWER, 93b1f261-b0c1-4dc9-a18e-24efbad5753e|rpc:10.1.0.160:15023|admin:10.1.0.160:15022|client:10.1.0.160:15021|dataStream:10.1.0.160:15024|priority:0|startupRole:FOLLOWER, f826b84a-407e-4101-8305-36a89543ec0a|rpc:10.1.0.160:15014|admin:10.1.0.160:15013|client:10.1.0.160:15012|dataStream:10.1.0.160:15015|priority:1|startupRole:FOLLOWER] with ContainerStateMachine:uninitialized
2023-06-06 16:09:06,683 [df0472b3-7a9a-48e1-af6c-174a013a05cb-groupManagement] INFO  server.RaftServerConfigKeys (ConfUtils.java:logGet(46)) - raft.server.rpc.timeout.min = 5s (custom)
2023-06-06 16:09:06,683 [df0472b3-7a9a-48e1-af6c-174a013a05cb-groupManagement] INFO  server.RaftServerConfigKeys (ConfUtils.java:logGet(46)) - raft.server.rpc.timeout.max = 5200ms (custom)
2023-06-06 16:09:06,683 [df0472b3-7a9a-48e1-af6c-174a013a05cb-groupManagement] INFO  server.RaftServerConfigKeys (ConfUtils.java:logGet(46)) - raft.server.rpc.sleep.time = 25ms (default)
2023-06-06 16:09:06,679 [f826b84a-407e-4101-8305-36a89543ec0a-groupManagement] INFO  server.RaftServer$Division (RaftServerImpl.java:<init>(198)) - f826b84a-407e-4101-8305-36a89543ec0a: new RaftServerImpl for group-6C7325FF34D6:[df0472b3-7a9a-48e1-af6c-174a013a05cb|rpc:10.1.0.160:15032|admin:10.1.0.160:15031|client:10.1.0.160:15030|dataStream:10.1.0.160:15033|priority:0|startupRole:FOLLOWER, 93b1f261-b0c1-4dc9-a18e-24efbad5753e|rpc:10.1.0.160:15023|admin:10.1.0.160:15022|client:10.1.0.160:15021|dataStream:10.1.0.160:15024|priority:0|startupRole:FOLLOWER, f826b84a-407e-4101-8305-36a89543ec0a|rpc:10.1.0.160:15014|admin:10.1.0.160:15013|client:10.1.0.160:15012|dataStream:10.1.0.160:15015|priority:1|startupRole:FOLLOWER] with ContainerStateMachine:uninitialized
2023-06-06 16:09:06,683 [df0472b3-7a9a-48e1-af6c-174a013a05cb-groupManagement] INFO  server.RaftServerConfigKeys (ConfUtils.java:logGet(46)) - raft.server.rpc.slowness.timeout = 300s (custom)
2023-06-06 16:09:06,685 [df0472b3-7a9a-48e1-af6c-174a013a05cb-groupManagement] INFO  server.RaftServerConfigKeys (ConfUtils.java:logGet(46)) - raft.server.leaderelection.leader.step-down.wait-time = 10s (default)
2023-06-06 16:09:06,685 [df0472b3-7a9a-48e1-af6c-174a013a05cb-groupManagement] INFO  server.RaftServerConfigKeys (ConfUtils.java:logGet(46)) - raft.server.sleep.deviation.threshold = 300ms (default)
2023-06-06 16:09:06,685 [df0472b3-7a9a-48e1-af6c-174a013a05cb-groupManagement] INFO  server.RaftServer$Division (ServerState.java:<init>(120)) - df0472b3-7a9a-48e1-af6c-174a013a05cb@group-6C7325FF34D6: ConfigurationManager, init=-1: peers:[df0472b3-7a9a-48e1-af6c-174a013a05cb|rpc:10.1.0.160:15032|admin:10.1.0.160:15031|client:10.1.0.160:15030|dataStream:10.1.0.160:15033|priority:0|startupRole:FOLLOWER, 93b1f261-b0c1-4dc9-a18e-24efbad5753e|rpc:10.1.0.160:15023|admin:10.1.0.160:15022|client:10.1.0.160:15021|dataStream:10.1.0.160:15024|priority:0|startupRole:FOLLOWER, f826b84a-407e-4101-8305-36a89543ec0a|rpc:10.1.0.160:15014|admin:10.1.0.160:15013|client:10.1.0.160:15012|dataStream:10.1.0.160:15015|priority:1|startupRole:FOLLOWER]|listeners:[], old=null, confs=<EMPTY_MAP>
2023-06-06 16:09:06,685 [df0472b3-7a9a-48e1-af6c-174a013a05cb-groupManagement] INFO  server.RaftServerConfigKeys (ConfUtils.java:logGet(46)) - raft.server.storage.dir = [/home/runner/work/ozone/ozone/hadoop-ozone/integration-test/target/test-dir/MiniOzoneClusterImpl-f3fe63fb-43ef-4153-9b86-93c9d8ad9adb/datanode-2/data/ratis] (custom)
2023-06-06 16:09:06,686 [df0472b3-7a9a-48e1-af6c-174a013a05cb-groupManagement] INFO  server.RaftServerConfigKeys (ConfUtils.java:logGet(46)) - raft.server.log.corruption.policy = EXCEPTION (default)
2023-06-06 16:09:06,686 [df0472b3-7a9a-48e1-af6c-174a013a05cb-groupManagement] INFO  server.RaftServerConfigKeys (ConfUtils.java:logGet(46)) - raft.server.storage.free-space.min = 0MB (=0) (default)
2023-06-06 16:09:06,686 [df0472b3-7a9a-48e1-af6c-174a013a05cb-groupManagement] INFO  server.RaftServerConfigKeys (ConfUtils.java:logGet(46)) - raft.server.notification.no-leader.timeout = 300s (custom)
2023-06-06 16:09:06,686 [df0472b3-7a9a-48e1-af6c-174a013a05cb-groupManagement] INFO  server.RaftServerConfigKeys (ConfUtils.java:logGet(46)) - raft.server.read.timeout = 10s (default)
2023-06-06 16:09:06,686 [df0472b3-7a9a-48e1-af6c-174a013a05cb-groupManagement] INFO  server.RaftServerConfigKeys (ConfUtils.java:logGet(46)) - raft.server.retrycache.expirytime = 600000ms (custom)
2023-06-06 16:09:06,686 [df0472b3-7a9a-48e1-af6c-174a013a05cb-groupManagement] INFO  server.RaftServerConfigKeys (ConfUtils.java:logGet(46)) - raft.server.retrycache.statistics.expirytime = 100μs (default)
2023-06-06 16:09:06,686 [df0472b3-7a9a-48e1-af6c-174a013a05cb-groupManagement] INFO  server.RaftServerConfigKeys (ConfUtils.java:logGet(46)) - raft.server.read.option = DEFAULT (default)
2023-06-06 16:09:06,685 [f826b84a-407e-4101-8305-36a89543ec0a-groupManagement] INFO  server.RaftServerConfigKeys (ConfUtils.java:logGet(46)) - raft.server.rpc.timeout.min = 5s (custom)
2023-06-06 16:09:06,687 [f826b84a-407e-4101-8305-36a89543ec0a-groupManagement] INFO  server.RaftServerConfigKeys (ConfUtils.java:logGet(46)) - raft.server.rpc.timeout.max = 5200ms (custom)
2023-06-06 16:09:06,688 [f826b84a-407e-4101-8305-36a89543ec0a-groupManagement] INFO  server.RaftServerConfigKeys (ConfUtils.java:logGet(46)) - raft.server.rpc.sleep.time = 25ms (default)
2023-06-06 16:09:06,688 [f826b84a-407e-4101-8305-36a89543ec0a-groupManagement] INFO  server.RaftServerConfigKeys (ConfUtils.java:logGet(46)) - raft.server.rpc.slowness.timeout = 300s (custom)
2023-06-06 16:09:06,688 [f826b84a-407e-4101-8305-36a89543ec0a-groupManagement] INFO  server.RaftServerConfigKeys (ConfUtils.java:logGet(46)) - raft.server.leaderelection.leader.step-down.wait-time = 10s (default)
2023-06-06 16:09:06,688 [f826b84a-407e-4101-8305-36a89543ec0a-groupManagement] INFO  server.RaftServerConfigKeys (ConfUtils.java:logGet(46)) - raft.server.sleep.deviation.threshold = 300ms (default)
2023-06-06 16:09:06,688 [f826b84a-407e-4101-8305-36a89543ec0a-groupManagement] INFO  server.RaftServer$Division (ServerState.java:<init>(120)) - f826b84a-407e-4101-8305-36a89543ec0a@group-6C7325FF34D6: ConfigurationManager, init=-1: peers:[df0472b3-7a9a-48e1-af6c-174a013a05cb|rpc:10.1.0.160:15032|admin:10.1.0.160:15031|client:10.1.0.160:15030|dataStream:10.1.0.160:15033|priority:0|startupRole:FOLLOWER, 93b1f261-b0c1-4dc9-a18e-24efbad5753e|rpc:10.1.0.160:15023|admin:10.1.0.160:15022|client:10.1.0.160:15021|dataStream:10.1.0.160:15024|priority:0|startupRole:FOLLOWER, f826b84a-407e-4101-8305-36a89543ec0a|rpc:10.1.0.160:15014|admin:10.1.0.160:15013|client:10.1.0.160:15012|dataStream:10.1.0.160:15015|priority:1|startupRole:FOLLOWER]|listeners:[], old=null, confs=<EMPTY_MAP>
2023-06-06 16:09:06,688 [f826b84a-407e-4101-8305-36a89543ec0a-groupManagement] INFO  server.RaftServerConfigKeys (ConfUtils.java:logGet(46)) - raft.server.storage.dir = [/home/runner/work/ozone/ozone/hadoop-ozone/integration-test/target/test-dir/MiniOzoneClusterImpl-f3fe63fb-43ef-4153-9b86-93c9d8ad9adb/datanode-0/data/ratis] (custom)
2023-06-06 16:09:06,687 [df0472b3-7a9a-48e1-af6c-174a013a05cb-groupManagement] INFO  server.RaftServerConfigKeys (ConfUtils.java:logGet(46)) - raft.server.rpc.request.timeout = 60s (custom)
2023-06-06 16:09:06,689 [df0472b3-7a9a-48e1-af6c-174a013a05cb-groupManagement] INFO  server.RaftServerConfigKeys (ConfUtils.java:logGet(46)) - raft.server.log.appender.install.snapshot.enabled = false (custom)
2023-06-06 16:09:06,689 [df0472b3-7a9a-48e1-af6c-174a013a05cb-groupManagement] INFO  server.RaftServerConfigKeys (ConfUtils.java:logGet(46)) - raft.server.threadpool.server.cached = true (default)
2023-06-06 16:09:06,688 [f826b84a-407e-4101-8305-36a89543ec0a-groupManagement] INFO  server.RaftServerConfigKeys (ConfUtils.java:logGet(46)) - raft.server.log.corruption.policy = EXCEPTION (default)
2023-06-06 16:09:06,689 [df0472b3-7a9a-48e1-af6c-174a013a05cb-groupManagement] INFO  server.RaftServerConfigKeys (ConfUtils.java:logGet(46)) - raft.server.threadpool.server.size = 0 (default)
2023-06-06 16:09:06,689 [f826b84a-407e-4101-8305-36a89543ec0a-groupManagement] INFO  server.RaftServerConfigKeys (ConfUtils.java:logGet(46)) - raft.server.storage.free-space.min = 0MB (=0) (default)
2023-06-06 16:09:06,690 [df0472b3-7a9a-48e1-af6c-174a013a05cb-groupManagement] INFO  server.RaftServerConfigKeys (ConfUtils.java:logGet(46)) - raft.server.threadpool.client.cached = true (default)
2023-06-06 16:09:06,690 [f826b84a-407e-4101-8305-36a89543ec0a-groupManagement] INFO  server.RaftServerConfigKeys (ConfUtils.java:logGet(46)) - raft.server.notification.no-leader.timeout = 300s (custom)
2023-06-06 16:09:06,691 [f826b84a-407e-4101-8305-36a89543ec0a-groupManagement] INFO  server.RaftServerConfigKeys (ConfUtils.java:logGet(46)) - raft.server.read.timeout = 10s (default)
2023-06-06 16:09:06,691 [f826b84a-407e-4101-8305-36a89543ec0a-groupManagement] INFO  server.RaftServerConfigKeys (ConfUtils.java:logGet(46)) - raft.server.retrycache.expirytime = 600000ms (custom)
2023-06-06 16:09:06,691 [f826b84a-407e-4101-8305-36a89543ec0a-groupManagement] INFO  server.RaftServerConfigKeys (ConfUtils.java:logGet(46)) - raft.server.retrycache.statistics.expirytime = 100μs (default)
2023-06-06 16:09:06,691 [f826b84a-407e-4101-8305-36a89543ec0a-groupManagement] INFO  server.RaftServerConfigKeys (ConfUtils.java:logGet(46)) - raft.server.read.option = DEFAULT (default)
2023-06-06 16:09:06,690 [df0472b3-7a9a-48e1-af6c-174a013a05cb-groupManagement] INFO  server.RaftServerConfigKeys (ConfUtils.java:logGet(46)) - raft.server.threadpool.client.size = 0 (default)
2023-06-06 16:09:06,692 [f826b84a-407e-4101-8305-36a89543ec0a-groupManagement] INFO  server.RaftServerConfigKeys (ConfUtils.java:logGet(46)) - raft.server.rpc.request.timeout = 60s (custom)
2023-06-06 16:09:06,692 [df0472b3-7a9a-48e1-af6c-174a013a05cb-groupManagement] INFO  storage.RaftStorageDirectory (RaftStorageDirectoryImpl.java:analyzeStorage(137)) - The storage directory /home/runner/work/ozone/ozone/hadoop-ozone/integration-test/target/test-dir/MiniOzoneClusterImpl-f3fe63fb-43ef-4153-9b86-93c9d8ad9adb/datanode-2/data/ratis/29940712-c93b-4243-9b46-6c7325ff34d6 does not exist. Creating ...
2023-06-06 16:09:06,692 [f826b84a-407e-4101-8305-36a89543ec0a-groupManagement] INFO  server.RaftServerConfigKeys (ConfUtils.java:logGet(46)) - raft.server.log.appender.install.snapshot.enabled = false (custom)
2023-06-06 16:09:06,692 [f826b84a-407e-4101-8305-36a89543ec0a-groupManagement] INFO  server.RaftServerConfigKeys (ConfUtils.java:logGet(46)) - raft.server.threadpool.server.cached = true (default)
2023-06-06 16:09:06,692 [f826b84a-407e-4101-8305-36a89543ec0a-groupManagement] INFO  server.RaftServerConfigKeys (ConfUtils.java:logGet(46)) - raft.server.threadpool.server.size = 0 (default)
2023-06-06 16:09:06,692 [f826b84a-407e-4101-8305-36a89543ec0a-groupManagement] INFO  server.RaftServerConfigKeys (ConfUtils.java:logGet(46)) - raft.server.threadpool.client.cached = true (default)
2023-06-06 16:09:06,692 [f826b84a-407e-4101-8305-36a89543ec0a-groupManagement] INFO  server.RaftServerConfigKeys (ConfUtils.java:logGet(46)) - raft.server.threadpool.client.size = 0 (default)
2023-06-06 16:09:06,692 [f826b84a-407e-4101-8305-36a89543ec0a-groupManagement] INFO  storage.RaftStorageDirectory (RaftStorageDirectoryImpl.java:analyzeStorage(137)) - The storage directory /home/runner/work/ozone/ozone/hadoop-ozone/integration-test/target/test-dir/MiniOzoneClusterImpl-f3fe63fb-43ef-4153-9b86-93c9d8ad9adb/datanode-0/data/ratis/29940712-c93b-4243-9b46-6c7325ff34d6 does not exist. Creating ...
2023-06-06 16:09:06,693 [df0472b3-7a9a-48e1-af6c-174a013a05cb-groupManagement] INFO  storage.RaftStorageDirectory (RaftStorageDirectoryImpl.java:tryLock(231)) - Lock on /home/runner/work/ozone/ozone/hadoop-ozone/integration-test/target/test-dir/MiniOzoneClusterImpl-f3fe63fb-43ef-4153-9b86-93c9d8ad9adb/datanode-2/data/ratis/29940712-c93b-4243-9b46-6c7325ff34d6/in_use.lock acquired by nodename 101651@fv-az201-460
2023-06-06 16:09:06,694 [f826b84a-407e-4101-8305-36a89543ec0a-groupManagement] INFO  storage.RaftStorageDirectory (RaftStorageDirectoryImpl.java:tryLock(231)) - Lock on /home/runner/work/ozone/ozone/hadoop-ozone/integration-test/target/test-dir/MiniOzoneClusterImpl-f3fe63fb-43ef-4153-9b86-93c9d8ad9adb/datanode-0/data/ratis/29940712-c93b-4243-9b46-6c7325ff34d6/in_use.lock acquired by nodename 101651@fv-az201-460
2023-06-06 16:09:06,699 [df0472b3-7a9a-48e1-af6c-174a013a05cb-groupManagement] INFO  storage.RaftStorage (RaftStorageImpl.java:format(96)) - Storage directory /home/runner/work/ozone/ozone/hadoop-ozone/integration-test/target/test-dir/MiniOzoneClusterImpl-f3fe63fb-43ef-4153-9b86-93c9d8ad9adb/datanode-2/data/ratis/29940712-c93b-4243-9b46-6c7325ff34d6 has been successfully formatted.
2023-06-06 16:09:06,699 [f826b84a-407e-4101-8305-36a89543ec0a-groupManagement] INFO  storage.RaftStorage (RaftStorageImpl.java:format(96)) - Storage directory /home/runner/work/ozone/ozone/hadoop-ozone/integration-test/target/test-dir/MiniOzoneClusterImpl-f3fe63fb-43ef-4153-9b86-93c9d8ad9adb/datanode-0/data/ratis/29940712-c93b-4243-9b46-6c7325ff34d6 has been successfully formatted.
2023-06-06 16:09:06,702 [f826b84a-407e-4101-8305-36a89543ec0a-groupManagement] INFO  ratis.ContainerStateMachine (ContainerStateMachine.java:loadSnapshot(262)) - group-6C7325FF34D6: The snapshot info is null. Setting the last applied indexto:(t:0, i:~)
2023-06-06 16:09:06,702 [f826b84a-407e-4101-8305-36a89543ec0a-groupManagement] INFO  server.RaftServerConfigKeys (ConfUtils.java:logGet(46)) - raft.server.log.use.memory = false (default)
2023-06-06 16:09:06,702 [f826b84a-407e-4101-8305-36a89543ec0a-groupManagement] INFO  server.RaftServerConfigKeys (ConfUtils.java:logGet(46)) - raft.server.log.purge.gap = 1000000 (custom)
2023-06-06 16:09:06,702 [f826b84a-407e-4101-8305-36a89543ec0a-groupManagement] INFO  server.RaftServerConfigKeys (ConfUtils.java:logGet(46)) - raft.server.log.appender.buffer.byte-limit = 33554432 (custom)
2023-06-06 16:09:06,702 [f826b84a-407e-4101-8305-36a89543ec0a-groupManagement] INFO  server.RaftServerConfigKeys (ConfUtils.java:logGet(46)) - raft.server.log.statemachine.data.read.timeout = 1000ms (default)
2023-06-06 16:09:06,702 [f826b84a-407e-4101-8305-36a89543ec0a-groupManagement] INFO  server.RaftServerConfigKeys (ConfUtils.java:logGet(46)) - raft.server.log.purge.preservation.log.num = 0 (default)
2023-06-06 16:09:06,702 [f826b84a-407e-4101-8305-36a89543ec0a-groupManagement] INFO  server.RaftServerConfigKeys (ConfUtils.java:logGet(46)) - raft.server.log.segment.size.max = 1048576 (custom)
2023-06-06 16:09:06,702 [df0472b3-7a9a-48e1-af6c-174a013a05cb-groupManagement] INFO  ratis.ContainerStateMachine (ContainerStateMachine.java:loadSnapshot(262)) - group-6C7325FF34D6: The snapshot info is null. Setting the last applied indexto:(t:0, i:~)
2023-06-06 16:09:06,702 [df0472b3-7a9a-48e1-af6c-174a013a05cb-groupManagement] INFO  server.RaftServerConfigKeys (ConfUtils.java:logGet(46)) - raft.server.log.use.memory = false (default)
2023-06-06 16:09:06,703 [f826b84a-407e-4101-8305-36a89543ec0a-groupManagement] INFO  server.RaftServerConfigKeys (ConfUtils.java:logGet(46)) - raft.server.log.segment.cache.num.max = 2 (custom)
2023-06-06 16:09:06,703 [df0472b3-7a9a-48e1-af6c-174a013a05cb-groupManagement] INFO  server.RaftServerConfigKeys (ConfUtils.java:logGet(46)) - raft.server.log.purge.gap = 1000000 (custom)
2023-06-06 16:09:06,703 [df0472b3-7a9a-48e1-af6c-174a013a05cb-groupManagement] INFO  server.RaftServerConfigKeys (ConfUtils.java:logGet(46)) - raft.server.log.appender.buffer.byte-limit = 33554432 (custom)
2023-06-06 16:09:06,708 [df0472b3-7a9a-48e1-af6c-174a013a05cb-groupManagement] INFO  server.RaftServerConfigKeys (ConfUtils.java:logGet(46)) - raft.server.log.statemachine.data.read.timeout = 1000ms (default)
2023-06-06 16:09:06,708 [df0472b3-7a9a-48e1-af6c-174a013a05cb-groupManagement] INFO  server.RaftServerConfigKeys (ConfUtils.java:logGet(46)) - raft.server.log.purge.preservation.log.num = 0 (default)
2023-06-06 16:09:06,708 [df0472b3-7a9a-48e1-af6c-174a013a05cb-groupManagement] INFO  server.RaftServerConfigKeys (ConfUtils.java:logGet(46)) - raft.server.log.segment.size.max = 1048576 (custom)
2023-06-06 16:09:06,709 [df0472b3-7a9a-48e1-af6c-174a013a05cb-groupManagement] INFO  server.RaftServerConfigKeys (ConfUtils.java:logGet(46)) - raft.server.log.segment.cache.num.max = 2 (custom)
2023-06-06 16:09:06,709 [df0472b3-7a9a-48e1-af6c-174a013a05cb-groupManagement] INFO  server.RaftServerConfigKeys (ConfUtils.java:logGet(46)) - raft.server.log.segment.cache.size.max = 200MB (=209715200) (default)
2023-06-06 16:09:06,709 [df0472b3-7a9a-48e1-af6c-174a013a05cb-groupManagement] INFO  server.RaftServerConfigKeys (ConfUtils.java:logGet(46)) - raft.server.log.appender.buffer.byte-limit = 33554432 (custom)
2023-06-06 16:09:06,709 [df0472b3-7a9a-48e1-af6c-174a013a05cb-groupManagement] INFO  segmented.SegmentedRaftLogWorker (SegmentedRaftLogWorker.java:<init>(188)) - new df0472b3-7a9a-48e1-af6c-174a013a05cb@group-6C7325FF34D6-SegmentedRaftLogWorker for RaftStorageImpl:Storage Directory /home/runner/work/ozone/ozone/hadoop-ozone/integration-test/target/test-dir/MiniOzoneClusterImpl-f3fe63fb-43ef-4153-9b86-93c9d8ad9adb/datanode-2/data/ratis/29940712-c93b-4243-9b46-6c7325ff34d6
2023-06-06 16:09:06,709 [df0472b3-7a9a-48e1-af6c-174a013a05cb-groupManagement] INFO  server.RaftServerConfigKeys (ConfUtils.java:logGet(46)) - raft.server.log.queue.byte-limit = 4294967296 (custom)
2023-06-06 16:09:06,709 [df0472b3-7a9a-48e1-af6c-174a013a05cb-groupManagement] INFO  server.RaftServerConfigKeys (ConfUtils.java:logGet(46)) - raft.server.log.queue.element-limit = 1024 (custom)
2023-06-06 16:09:06,709 [df0472b3-7a9a-48e1-af6c-174a013a05cb-groupManagement] INFO  server.RaftServerConfigKeys (ConfUtils.java:logGet(46)) - raft.server.log.segment.size.max = 1048576 (custom)
2023-06-06 16:09:06,709 [df0472b3-7a9a-48e1-af6c-174a013a05cb-groupManagement] INFO  server.RaftServerConfigKeys (ConfUtils.java:logGet(46)) - raft.server.log.preallocated.size = 16384 (custom)
2023-06-06 16:09:06,709 [df0472b3-7a9a-48e1-af6c-174a013a05cb-groupManagement] INFO  server.RaftServerConfigKeys (ConfUtils.java:logGet(46)) - raft.server.log.force.sync.num = 128 (default)
2023-06-06 16:09:06,709 [df0472b3-7a9a-48e1-af6c-174a013a05cb-groupManagement] INFO  server.RaftServerConfigKeys (ConfUtils.java:logGet(46)) - raft.server.log.statemachine.data.sync = true (default)
2023-06-06 16:09:06,709 [df0472b3-7a9a-48e1-af6c-174a013a05cb-groupManagement] INFO  server.RaftServerConfigKeys (ConfUtils.java:logGet(46)) - raft.server.log.statemachine.data.sync.timeout = 10s (default)
2023-06-06 16:09:06,709 [df0472b3-7a9a-48e1-af6c-174a013a05cb-groupManagement] INFO  server.RaftServerConfigKeys (ConfUtils.java:logGet(46)) - raft.server.log.statemachine.data.sync.timeout.retry = -1 (default)
2023-06-06 16:09:06,710 [df0472b3-7a9a-48e1-af6c-174a013a05cb-groupManagement] INFO  server.RaftServerConfigKeys (ConfUtils.java:logGet(46)) - raft.server.log.write.buffer.size = 1048576 (custom)
2023-06-06 16:09:06,711 [df0472b3-7a9a-48e1-af6c-174a013a05cb-groupManagement] INFO  server.RaftServerConfigKeys (ConfUtils.java:logGet(46)) - raft.server.log.appender.buffer.byte-limit = 33554432 (custom)
2023-06-06 16:09:06,715 [df0472b3-7a9a-48e1-af6c-174a013a05cb-groupManagement] INFO  server.RaftServerConfigKeys (ConfUtils.java:logGet(46)) - raft.server.log.unsafe-flush.enabled = false (default)
2023-06-06 16:09:06,715 [df0472b3-7a9a-48e1-af6c-174a013a05cb-groupManagement] INFO  server.RaftServerConfigKeys (ConfUtils.java:logGet(46)) - raft.server.log.async-flush.enabled = false (default)
2023-06-06 16:09:06,715 [df0472b3-7a9a-48e1-af6c-174a013a05cb-groupManagement] INFO  server.RaftServerConfigKeys (ConfUtils.java:logGet(46)) - raft.server.log.statemachine.data.caching.enabled = true (custom)
2023-06-06 16:09:06,716 [df0472b3-7a9a-48e1-af6c-174a013a05cb-groupManagement] INFO  segmented.SegmentedRaftLogWorker (SegmentedRaftLogWorker.java:lambda$new$0(135)) - df0472b3-7a9a-48e1-af6c-174a013a05cb@group-6C7325FF34D6-SegmentedRaftLogWorker: flushIndex: setUnconditionally 0 -> -1
2023-06-06 16:09:06,716 [df0472b3-7a9a-48e1-af6c-174a013a05cb-groupManagement] INFO  segmented.SegmentedRaftLogWorker (SegmentedRaftLogWorker.java:lambda$new$0(135)) - df0472b3-7a9a-48e1-af6c-174a013a05cb@group-6C7325FF34D6-SegmentedRaftLogWorker: safeCacheEvictIndex: setUnconditionally 0 -> -1
2023-06-06 16:09:06,716 [f826b84a-407e-4101-8305-36a89543ec0a-groupManagement] INFO  server.RaftServerConfigKeys (ConfUtils.java:logGet(46)) - raft.server.log.segment.cache.size.max = 200MB (=209715200) (default)
2023-06-06 16:09:06,716 [f826b84a-407e-4101-8305-36a89543ec0a-groupManagement] INFO  server.RaftServerConfigKeys (ConfUtils.java:logGet(46)) - raft.server.log.appender.buffer.byte-limit = 33554432 (custom)
2023-06-06 16:09:06,717 [f826b84a-407e-4101-8305-36a89543ec0a-groupManagement] INFO  segmented.SegmentedRaftLogWorker (SegmentedRaftLogWorker.java:<init>(188)) - new f826b84a-407e-4101-8305-36a89543ec0a@group-6C7325FF34D6-SegmentedRaftLogWorker for RaftStorageImpl:Storage Directory /home/runner/work/ozone/ozone/hadoop-ozone/integration-test/target/test-dir/MiniOzoneClusterImpl-f3fe63fb-43ef-4153-9b86-93c9d8ad9adb/datanode-0/data/ratis/29940712-c93b-4243-9b46-6c7325ff34d6
2023-06-06 16:09:06,717 [f826b84a-407e-4101-8305-36a89543ec0a-groupManagement] INFO  server.RaftServerConfigKeys (ConfUtils.java:logGet(46)) - raft.server.log.queue.byte-limit = 4294967296 (custom)
2023-06-06 16:09:06,717 [f826b84a-407e-4101-8305-36a89543ec0a-groupManagement] INFO  server.RaftServerConfigKeys (ConfUtils.java:logGet(46)) - raft.server.log.queue.element-limit = 1024 (custom)
2023-06-06 16:09:06,717 [f826b84a-407e-4101-8305-36a89543ec0a-groupManagement] INFO  server.RaftServerConfigKeys (ConfUtils.java:logGet(46)) - raft.server.log.segment.size.max = 1048576 (custom)
2023-06-06 16:09:06,717 [f826b84a-407e-4101-8305-36a89543ec0a-groupManagement] INFO  server.RaftServerConfigKeys (ConfUtils.java:logGet(46)) - raft.server.log.preallocated.size = 16384 (custom)
2023-06-06 16:09:06,717 [f826b84a-407e-4101-8305-36a89543ec0a-groupManagement] INFO  server.RaftServerConfigKeys (ConfUtils.java:logGet(46)) - raft.server.log.force.sync.num = 128 (default)
2023-06-06 16:09:06,717 [f826b84a-407e-4101-8305-36a89543ec0a-groupManagement] INFO  server.RaftServerConfigKeys (ConfUtils.java:logGet(46)) - raft.server.log.statemachine.data.sync = true (default)
2023-06-06 16:09:06,717 [f826b84a-407e-4101-8305-36a89543ec0a-groupManagement] INFO  server.RaftServerConfigKeys (ConfUtils.java:logGet(46)) - raft.server.log.statemachine.data.sync.timeout = 10s (default)
2023-06-06 16:09:06,717 [f826b84a-407e-4101-8305-36a89543ec0a-groupManagement] INFO  server.RaftServerConfigKeys (ConfUtils.java:logGet(46)) - raft.server.log.statemachine.data.sync.timeout.retry = -1 (default)
2023-06-06 16:09:06,718 [f826b84a-407e-4101-8305-36a89543ec0a-groupManagement] INFO  server.RaftServerConfigKeys (ConfUtils.java:logGet(46)) - raft.server.log.write.buffer.size = 1048576 (custom)
2023-06-06 16:09:06,718 [f826b84a-407e-4101-8305-36a89543ec0a-groupManagement] INFO  server.RaftServerConfigKeys (ConfUtils.java:logGet(46)) - raft.server.log.appender.buffer.byte-limit = 33554432 (custom)
2023-06-06 16:09:06,721 [EventQueue-OpenPipelineForHealthyPipelineSafeModeRule] INFO  safemode.SCMSafeModeManager (HealthyPipelineSafeModeRule.java:process(137)) - SCM in safe mode. Healthy pipelines reported count is 0, required healthy pipeline reported count is 1
2023-06-06 16:09:06,721 [EventQueue-OpenPipelineForHealthyPipelineSafeModeRule] INFO  safemode.SCMSafeModeManager (HealthyPipelineSafeModeRule.java:process(137)) - SCM in safe mode. Healthy pipelines reported count is 0, required healthy pipeline reported count is 1
2023-06-06 16:09:06,726 [f826b84a-407e-4101-8305-36a89543ec0a-groupManagement] INFO  server.RaftServerConfigKeys (ConfUtils.java:logGet(46)) - raft.server.log.unsafe-flush.enabled = false (default)
2023-06-06 16:09:06,726 [f826b84a-407e-4101-8305-36a89543ec0a-groupManagement] INFO  server.RaftServerConfigKeys (ConfUtils.java:logGet(46)) - raft.server.log.async-flush.enabled = false (default)
2023-06-06 16:09:06,726 [f826b84a-407e-4101-8305-36a89543ec0a-groupManagement] INFO  server.RaftServerConfigKeys (ConfUtils.java:logGet(46)) - raft.server.log.statemachine.data.caching.enabled = true (custom)
2023-06-06 16:09:06,727 [f826b84a-407e-4101-8305-36a89543ec0a-groupManagement] INFO  segmented.SegmentedRaftLogWorker (SegmentedRaftLogWorker.java:lambda$new$0(135)) - f826b84a-407e-4101-8305-36a89543ec0a@group-6C7325FF34D6-SegmentedRaftLogWorker: flushIndex: setUnconditionally 0 -> -1
2023-06-06 16:09:06,727 [f826b84a-407e-4101-8305-36a89543ec0a-groupManagement] INFO  segmented.SegmentedRaftLogWorker (SegmentedRaftLogWorker.java:lambda$new$0(135)) - f826b84a-407e-4101-8305-36a89543ec0a@group-6C7325FF34D6-SegmentedRaftLogWorker: safeCacheEvictIndex: setUnconditionally 0 -> -1
2023-06-06 16:09:06,728 [df0472b3-7a9a-48e1-af6c-174a013a05cb-groupManagement] INFO  server.RaftServer$Division (RaftServerImpl.java:start(342)) - df0472b3-7a9a-48e1-af6c-174a013a05cb@group-6C7325FF34D6: start as a follower, conf=-1: peers:[df0472b3-7a9a-48e1-af6c-174a013a05cb|rpc:10.1.0.160:15032|admin:10.1.0.160:15031|client:10.1.0.160:15030|dataStream:10.1.0.160:15033|priority:0|startupRole:FOLLOWER, 93b1f261-b0c1-4dc9-a18e-24efbad5753e|rpc:10.1.0.160:15023|admin:10.1.0.160:15022|client:10.1.0.160:15021|dataStream:10.1.0.160:15024|priority:0|startupRole:FOLLOWER, f826b84a-407e-4101-8305-36a89543ec0a|rpc:10.1.0.160:15014|admin:10.1.0.160:15013|client:10.1.0.160:15012|dataStream:10.1.0.160:15015|priority:1|startupRole:FOLLOWER]|listeners:[], old=null
2023-06-06 16:09:06,728 [df0472b3-7a9a-48e1-af6c-174a013a05cb-groupManagement] INFO  server.RaftServer$Division (RaftServerImpl.java:setRole(329)) - df0472b3-7a9a-48e1-af6c-174a013a05cb@group-6C7325FF34D6: changes role from      null to FOLLOWER at term 0 for startAsFollower
2023-06-06 16:09:06,730 [df0472b3-7a9a-48e1-af6c-174a013a05cb-groupManagement] INFO  impl.RoleInfo (RoleInfo.java:updateAndGet(139)) - df0472b3-7a9a-48e1-af6c-174a013a05cb: start df0472b3-7a9a-48e1-af6c-174a013a05cb@group-6C7325FF34D6-FollowerState
2023-06-06 16:09:06,736 [df0472b3-7a9a-48e1-af6c-174a013a05cb-groupManagement] INFO  util.JmxRegister (JmxRegister.java:tryRegister(44)) - Successfully registered JMX Bean with object name Ratis:service=RaftServer,group=group-6C7325FF34D6,id=df0472b3-7a9a-48e1-af6c-174a013a05cb
2023-06-06 16:09:06,736 [df0472b3-7a9a-48e1-af6c-174a013a05cb-groupManagement] INFO  server.RaftServerConfigKeys (ConfUtils.java:logGet(46)) - raft.server.snapshot.auto.trigger.enabled = true (custom)
2023-06-06 16:09:06,737 [df0472b3-7a9a-48e1-af6c-174a013a05cb-groupManagement] INFO  server.RaftServerConfigKeys (ConfUtils.java:logGet(46)) - raft.server.snapshot.auto.trigger.threshold = 10000 (custom)
2023-06-06 16:09:06,737 [df0472b3-7a9a-48e1-af6c-174a013a05cb-groupManagement] INFO  server.RaftServerConfigKeys (ConfUtils.java:logGet(46)) - raft.server.snapshot.retention.file.num = 5 (custom)
2023-06-06 16:09:06,737 [df0472b3-7a9a-48e1-af6c-174a013a05cb-groupManagement] INFO  server.RaftServerConfigKeys (ConfUtils.java:logGet(46)) - raft.server.log.purge.upto.snapshot.index = false (default)
2023-06-06 16:09:06,737 [df0472b3-7a9a-48e1-af6c-174a013a05cb@group-6C7325FF34D6-FollowerState] INFO  server.RaftServerConfigKeys (ConfUtils.java:logFallback(53)) - raft.server.rpc.first-election.timeout.min = 5s (fallback to raft.server.rpc.timeout.min)
2023-06-06 16:09:06,742 [df0472b3-7a9a-48e1-af6c-174a013a05cb@group-6C7325FF34D6-FollowerState] INFO  server.RaftServerConfigKeys (ConfUtils.java:logFallback(53)) - raft.server.rpc.first-election.timeout.max = 5200ms (fallback to raft.server.rpc.timeout.max)
2023-06-06 16:09:06,737 [f826b84a-407e-4101-8305-36a89543ec0a-groupManagement] INFO  server.RaftServer$Division (RaftServerImpl.java:start(342)) - f826b84a-407e-4101-8305-36a89543ec0a@group-6C7325FF34D6: start as a follower, conf=-1: peers:[df0472b3-7a9a-48e1-af6c-174a013a05cb|rpc:10.1.0.160:15032|admin:10.1.0.160:15031|client:10.1.0.160:15030|dataStream:10.1.0.160:15033|priority:0|startupRole:FOLLOWER, 93b1f261-b0c1-4dc9-a18e-24efbad5753e|rpc:10.1.0.160:15023|admin:10.1.0.160:15022|client:10.1.0.160:15021|dataStream:10.1.0.160:15024|priority:0|startupRole:FOLLOWER, f826b84a-407e-4101-8305-36a89543ec0a|rpc:10.1.0.160:15014|admin:10.1.0.160:15013|client:10.1.0.160:15012|dataStream:10.1.0.160:15015|priority:1|startupRole:FOLLOWER]|listeners:[], old=null
2023-06-06 16:09:06,742 [f826b84a-407e-4101-8305-36a89543ec0a-groupManagement] INFO  server.RaftServer$Division (RaftServerImpl.java:setRole(329)) - f826b84a-407e-4101-8305-36a89543ec0a@group-6C7325FF34D6: changes role from      null to FOLLOWER at term 0 for startAsFollower
2023-06-06 16:09:06,742 [PipelineCommandHandlerThread-0] INFO  ratis.XceiverServerRatis (XceiverServerRatis.java:addGroup(804)) - Created group PipelineID=29940712-c93b-4243-9b46-6c7325ff34d6
2023-06-06 16:09:06,748 [f826b84a-407e-4101-8305-36a89543ec0a-groupManagement] INFO  impl.RoleInfo (RoleInfo.java:updateAndGet(139)) - f826b84a-407e-4101-8305-36a89543ec0a: start f826b84a-407e-4101-8305-36a89543ec0a@group-6C7325FF34D6-FollowerState
2023-06-06 16:09:06,748 [f826b84a-407e-4101-8305-36a89543ec0a-groupManagement] INFO  util.JmxRegister (JmxRegister.java:tryRegister(44)) - Successfully registered JMX Bean with object name Ratis:service=RaftServer,group=group-6C7325FF34D6,id=f826b84a-407e-4101-8305-36a89543ec0a
2023-06-06 16:09:06,748 [f826b84a-407e-4101-8305-36a89543ec0a-groupManagement] INFO  server.RaftServerConfigKeys (ConfUtils.java:logGet(46)) - raft.server.snapshot.auto.trigger.enabled = true (custom)
2023-06-06 16:09:06,748 [f826b84a-407e-4101-8305-36a89543ec0a-groupManagement] INFO  server.RaftServerConfigKeys (ConfUtils.java:logGet(46)) - raft.server.snapshot.auto.trigger.threshold = 10000 (custom)
2023-06-06 16:09:06,748 [f826b84a-407e-4101-8305-36a89543ec0a-groupManagement] INFO  server.RaftServerConfigKeys (ConfUtils.java:logGet(46)) - raft.server.snapshot.retention.file.num = 5 (custom)
2023-06-06 16:09:06,748 [f826b84a-407e-4101-8305-36a89543ec0a-groupManagement] INFO  server.RaftServerConfigKeys (ConfUtils.java:logGet(46)) - raft.server.log.purge.upto.snapshot.index = false (default)
2023-06-06 16:09:06,748 [f826b84a-407e-4101-8305-36a89543ec0a@group-6C7325FF34D6-FollowerState] INFO  server.RaftServerConfigKeys (ConfUtils.java:logFallback(53)) - raft.server.rpc.first-election.timeout.min = 5s (fallback to raft.server.rpc.timeout.min)
2023-06-06 16:09:06,749 [f826b84a-407e-4101-8305-36a89543ec0a@group-6C7325FF34D6-FollowerState] INFO  server.RaftServerConfigKeys (ConfUtils.java:logFallback(53)) - raft.server.rpc.first-election.timeout.max = 5200ms (fallback to raft.server.rpc.timeout.max)
2023-06-06 16:09:06,749 [PipelineCommandHandlerThread-0] INFO  ratis.XceiverServerRatis (XceiverServerRatis.java:addGroup(804)) - Created group PipelineID=29940712-c93b-4243-9b46-6c7325ff34d6
2023-06-06 16:09:06,757 [PipelineCommandHandlerThread-0] INFO  commandhandler.CreatePipelineCommandHandler (CreatePipelineCommandHandler.java:lambda$handle$2(124)) - Created Pipeline RATIS THREE PipelineID=2602682c-5e1b-4a6e-97c4-20ad4e8cc79b.
2023-06-06 16:09:06,757 [PipelineCommandHandlerThread-0] INFO  server.RaftServer (RaftServerProxy.java:addNew(98)) - 93b1f261-b0c1-4dc9-a18e-24efbad5753e: addNew group-6C7325FF34D6:[df0472b3-7a9a-48e1-af6c-174a013a05cb|rpc:10.1.0.160:15032|admin:10.1.0.160:15031|client:10.1.0.160:15030|dataStream:10.1.0.160:15033|priority:0|startupRole:FOLLOWER, 93b1f261-b0c1-4dc9-a18e-24efbad5753e|rpc:10.1.0.160:15023|admin:10.1.0.160:15022|client:10.1.0.160:15021|dataStream:10.1.0.160:15024|priority:0|startupRole:FOLLOWER, f826b84a-407e-4101-8305-36a89543ec0a|rpc:10.1.0.160:15014|admin:10.1.0.160:15013|client:10.1.0.160:15012|dataStream:10.1.0.160:15015|priority:1|startupRole:FOLLOWER] returns group-6C7325FF34D6:java.util.concurrent.CompletableFuture@364b6a51[Not completed]
2023-06-06 16:09:06,758 [93b1f261-b0c1-4dc9-a18e-24efbad5753e-groupManagement] INFO  server.RaftServer$Division (RaftServerImpl.java:<init>(198)) - 93b1f261-b0c1-4dc9-a18e-24efbad5753e: new RaftServerImpl for group-6C7325FF34D6:[df0472b3-7a9a-48e1-af6c-174a013a05cb|rpc:10.1.0.160:15032|admin:10.1.0.160:15031|client:10.1.0.160:15030|dataStream:10.1.0.160:15033|priority:0|startupRole:FOLLOWER, 93b1f261-b0c1-4dc9-a18e-24efbad5753e|rpc:10.1.0.160:15023|admin:10.1.0.160:15022|client:10.1.0.160:15021|dataStream:10.1.0.160:15024|priority:0|startupRole:FOLLOWER, f826b84a-407e-4101-8305-36a89543ec0a|rpc:10.1.0.160:15014|admin:10.1.0.160:15013|client:10.1.0.160:15012|dataStream:10.1.0.160:15015|priority:1|startupRole:FOLLOWER] with ContainerStateMachine:uninitialized
2023-06-06 16:09:06,758 [93b1f261-b0c1-4dc9-a18e-24efbad5753e-groupManagement] INFO  server.RaftServerConfigKeys (ConfUtils.java:logGet(46)) - raft.server.rpc.timeout.min = 5s (custom)
2023-06-06 16:09:06,758 [93b1f261-b0c1-4dc9-a18e-24efbad5753e-groupManagement] INFO  server.RaftServerConfigKeys (ConfUtils.java:logGet(46)) - raft.server.rpc.timeout.max = 5200ms (custom)
2023-06-06 16:09:06,758 [93b1f261-b0c1-4dc9-a18e-24efbad5753e-groupManagement] INFO  server.RaftServerConfigKeys (ConfUtils.java:logGet(46)) - raft.server.rpc.sleep.time = 25ms (default)
2023-06-06 16:09:06,758 [93b1f261-b0c1-4dc9-a18e-24efbad5753e-groupManagement] INFO  server.RaftServerConfigKeys (ConfUtils.java:logGet(46)) - raft.server.rpc.slowness.timeout = 300s (custom)
2023-06-06 16:09:06,758 [93b1f261-b0c1-4dc9-a18e-24efbad5753e-groupManagement] INFO  server.RaftServerConfigKeys (ConfUtils.java:logGet(46)) - raft.server.leaderelection.leader.step-down.wait-time = 10s (default)
2023-06-06 16:09:06,759 [93b1f261-b0c1-4dc9-a18e-24efbad5753e-groupManagement] INFO  server.RaftServerConfigKeys (ConfUtils.java:logGet(46)) - raft.server.sleep.deviation.threshold = 300ms (default)
2023-06-06 16:09:06,759 [93b1f261-b0c1-4dc9-a18e-24efbad5753e-groupManagement] INFO  server.RaftServer$Division (ServerState.java:<init>(120)) - 93b1f261-b0c1-4dc9-a18e-24efbad5753e@group-6C7325FF34D6: ConfigurationManager, init=-1: peers:[df0472b3-7a9a-48e1-af6c-174a013a05cb|rpc:10.1.0.160:15032|admin:10.1.0.160:15031|client:10.1.0.160:15030|dataStream:10.1.0.160:15033|priority:0|startupRole:FOLLOWER, 93b1f261-b0c1-4dc9-a18e-24efbad5753e|rpc:10.1.0.160:15023|admin:10.1.0.160:15022|client:10.1.0.160:15021|dataStream:10.1.0.160:15024|priority:0|startupRole:FOLLOWER, f826b84a-407e-4101-8305-36a89543ec0a|rpc:10.1.0.160:15014|admin:10.1.0.160:15013|client:10.1.0.160:15012|dataStream:10.1.0.160:15015|priority:1|startupRole:FOLLOWER]|listeners:[], old=null, confs=<EMPTY_MAP>
2023-06-06 16:09:06,759 [93b1f261-b0c1-4dc9-a18e-24efbad5753e-groupManagement] INFO  server.RaftServerConfigKeys (ConfUtils.java:logGet(46)) - raft.server.storage.dir = [/home/runner/work/ozone/ozone/hadoop-ozone/integration-test/target/test-dir/MiniOzoneClusterImpl-f3fe63fb-43ef-4153-9b86-93c9d8ad9adb/datanode-1/data/ratis] (custom)
2023-06-06 16:09:06,759 [93b1f261-b0c1-4dc9-a18e-24efbad5753e-groupManagement] INFO  server.RaftServerConfigKeys (ConfUtils.java:logGet(46)) - raft.server.log.corruption.policy = EXCEPTION (default)
2023-06-06 16:09:06,759 [93b1f261-b0c1-4dc9-a18e-24efbad5753e-groupManagement] INFO  server.RaftServerConfigKeys (ConfUtils.java:logGet(46)) - raft.server.storage.free-space.min = 0MB (=0) (default)
2023-06-06 16:09:06,759 [93b1f261-b0c1-4dc9-a18e-24efbad5753e-groupManagement] INFO  server.RaftServerConfigKeys (ConfUtils.java:logGet(46)) - raft.server.notification.no-leader.timeout = 300s (custom)
2023-06-06 16:09:06,759 [93b1f261-b0c1-4dc9-a18e-24efbad5753e-groupManagement] INFO  server.RaftServerConfigKeys (ConfUtils.java:logGet(46)) - raft.server.read.timeout = 10s (default)
2023-06-06 16:09:06,759 [93b1f261-b0c1-4dc9-a18e-24efbad5753e-groupManagement] INFO  server.RaftServerConfigKeys (ConfUtils.java:logGet(46)) - raft.server.retrycache.expirytime = 600000ms (custom)
2023-06-06 16:09:06,759 [93b1f261-b0c1-4dc9-a18e-24efbad5753e-groupManagement] INFO  server.RaftServerConfigKeys (ConfUtils.java:logGet(46)) - raft.server.retrycache.statistics.expirytime = 100μs (default)
2023-06-06 16:09:06,759 [93b1f261-b0c1-4dc9-a18e-24efbad5753e-groupManagement] INFO  server.RaftServerConfigKeys (ConfUtils.java:logGet(46)) - raft.server.read.option = DEFAULT (default)
2023-06-06 16:09:06,760 [93b1f261-b0c1-4dc9-a18e-24efbad5753e-groupManagement] INFO  server.RaftServerConfigKeys (ConfUtils.java:logGet(46)) - raft.server.rpc.request.timeout = 60s (custom)
2023-06-06 16:09:06,760 [93b1f261-b0c1-4dc9-a18e-24efbad5753e-groupManagement] INFO  server.RaftServerConfigKeys (ConfUtils.java:logGet(46)) - raft.server.log.appender.install.snapshot.enabled = false (custom)
2023-06-06 16:09:06,760 [93b1f261-b0c1-4dc9-a18e-24efbad5753e-groupManagement] INFO  server.RaftServerConfigKeys (ConfUtils.java:logGet(46)) - raft.server.threadpool.server.cached = true (default)
2023-06-06 16:09:06,760 [93b1f261-b0c1-4dc9-a18e-24efbad5753e-groupManagement] INFO  server.RaftServerConfigKeys (ConfUtils.java:logGet(46)) - raft.server.threadpool.server.size = 0 (default)
2023-06-06 16:09:06,760 [93b1f261-b0c1-4dc9-a18e-24efbad5753e-groupManagement] INFO  server.RaftServerConfigKeys (ConfUtils.java:logGet(46)) - raft.server.threadpool.client.cached = true (default)
2023-06-06 16:09:06,760 [93b1f261-b0c1-4dc9-a18e-24efbad5753e-groupManagement] INFO  server.RaftServerConfigKeys (ConfUtils.java:logGet(46)) - raft.server.threadpool.client.size = 0 (default)
2023-06-06 16:09:06,760 [93b1f261-b0c1-4dc9-a18e-24efbad5753e-groupManagement] INFO  storage.RaftStorageDirectory (RaftStorageDirectoryImpl.java:analyzeStorage(137)) - The storage directory /home/runner/work/ozone/ozone/hadoop-ozone/integration-test/target/test-dir/MiniOzoneClusterImpl-f3fe63fb-43ef-4153-9b86-93c9d8ad9adb/datanode-1/data/ratis/29940712-c93b-4243-9b46-6c7325ff34d6 does not exist. Creating ...
2023-06-06 16:09:06,761 [93b1f261-b0c1-4dc9-a18e-24efbad5753e-groupManagement] INFO  storage.RaftStorageDirectory (RaftStorageDirectoryImpl.java:tryLock(231)) - Lock on /home/runner/work/ozone/ozone/hadoop-ozone/integration-test/target/test-dir/MiniOzoneClusterImpl-f3fe63fb-43ef-4153-9b86-93c9d8ad9adb/datanode-1/data/ratis/29940712-c93b-4243-9b46-6c7325ff34d6/in_use.lock acquired by nodename 101651@fv-az201-460
2023-06-06 16:09:06,763 [93b1f261-b0c1-4dc9-a18e-24efbad5753e-groupManagement] INFO  storage.RaftStorage (RaftStorageImpl.java:format(96)) - Storage directory /home/runner/work/ozone/ozone/hadoop-ozone/integration-test/target/test-dir/MiniOzoneClusterImpl-f3fe63fb-43ef-4153-9b86-93c9d8ad9adb/datanode-1/data/ratis/29940712-c93b-4243-9b46-6c7325ff34d6 has been successfully formatted.
2023-06-06 16:09:06,763 [93b1f261-b0c1-4dc9-a18e-24efbad5753e-groupManagement] INFO  ratis.ContainerStateMachine (ContainerStateMachine.java:loadSnapshot(262)) - group-6C7325FF34D6: The snapshot info is null. Setting the last applied indexto:(t:0, i:~)
2023-06-06 16:09:06,764 [93b1f261-b0c1-4dc9-a18e-24efbad5753e-groupManagement] INFO  server.RaftServerConfigKeys (ConfUtils.java:logGet(46)) - raft.server.log.use.memory = false (default)
2023-06-06 16:09:06,764 [93b1f261-b0c1-4dc9-a18e-24efbad5753e-groupManagement] INFO  server.RaftServerConfigKeys (ConfUtils.java:logGet(46)) - raft.server.log.purge.gap = 1000000 (custom)
2023-06-06 16:09:06,764 [93b1f261-b0c1-4dc9-a18e-24efbad5753e-groupManagement] INFO  server.RaftServerConfigKeys (ConfUtils.java:logGet(46)) - raft.server.log.appender.buffer.byte-limit = 33554432 (custom)
2023-06-06 16:09:06,764 [93b1f261-b0c1-4dc9-a18e-24efbad5753e-groupManagement] INFO  server.RaftServerConfigKeys (ConfUtils.java:logGet(46)) - raft.server.log.statemachine.data.read.timeout = 1000ms (default)
2023-06-06 16:09:06,764 [93b1f261-b0c1-4dc9-a18e-24efbad5753e-groupManagement] INFO  server.RaftServerConfigKeys (ConfUtils.java:logGet(46)) - raft.server.log.purge.preservation.log.num = 0 (default)
2023-06-06 16:09:06,764 [93b1f261-b0c1-4dc9-a18e-24efbad5753e-groupManagement] INFO  server.RaftServerConfigKeys (ConfUtils.java:logGet(46)) - raft.server.log.segment.size.max = 1048576 (custom)
2023-06-06 16:09:06,764 [93b1f261-b0c1-4dc9-a18e-24efbad5753e-groupManagement] INFO  server.RaftServerConfigKeys (ConfUtils.java:logGet(46)) - raft.server.log.segment.cache.num.max = 2 (custom)
2023-06-06 16:09:06,764 [93b1f261-b0c1-4dc9-a18e-24efbad5753e-groupManagement] INFO  server.RaftServerConfigKeys (ConfUtils.java:logGet(46)) - raft.server.log.segment.cache.size.max = 200MB (=209715200) (default)
2023-06-06 16:09:06,764 [93b1f261-b0c1-4dc9-a18e-24efbad5753e-groupManagement] INFO  server.RaftServerConfigKeys (ConfUtils.java:logGet(46)) - raft.server.log.appender.buffer.byte-limit = 33554432 (custom)
2023-06-06 16:09:06,765 [93b1f261-b0c1-4dc9-a18e-24efbad5753e-groupManagement] INFO  segmented.SegmentedRaftLogWorker (SegmentedRaftLogWorker.java:<init>(188)) - new 93b1f261-b0c1-4dc9-a18e-24efbad5753e@group-6C7325FF34D6-SegmentedRaftLogWorker for RaftStorageImpl:Storage Directory /home/runner/work/ozone/ozone/hadoop-ozone/integration-test/target/test-dir/MiniOzoneClusterImpl-f3fe63fb-43ef-4153-9b86-93c9d8ad9adb/datanode-1/data/ratis/29940712-c93b-4243-9b46-6c7325ff34d6
2023-06-06 16:09:06,765 [93b1f261-b0c1-4dc9-a18e-24efbad5753e-groupManagement] INFO  server.RaftServerConfigKeys (ConfUtils.java:logGet(46)) - raft.server.log.queue.byte-limit = 4294967296 (custom)
2023-06-06 16:09:06,765 [93b1f261-b0c1-4dc9-a18e-24efbad5753e-groupManagement] INFO  server.RaftServerConfigKeys (ConfUtils.java:logGet(46)) - raft.server.log.queue.element-limit = 1024 (custom)
2023-06-06 16:09:06,765 [93b1f261-b0c1-4dc9-a18e-24efbad5753e-groupManagement] INFO  server.RaftServerConfigKeys (ConfUtils.java:logGet(46)) - raft.server.log.segment.size.max = 1048576 (custom)
2023-06-06 16:09:06,765 [93b1f261-b0c1-4dc9-a18e-24efbad5753e-groupManagement] INFO  server.RaftServerConfigKeys (ConfUtils.java:logGet(46)) - raft.server.log.preallocated.size = 16384 (custom)
2023-06-06 16:09:06,765 [93b1f261-b0c1-4dc9-a18e-24efbad5753e-groupManagement] INFO  server.RaftServerConfigKeys (ConfUtils.java:logGet(46)) - raft.server.log.force.sync.num = 128 (default)
2023-06-06 16:09:06,765 [93b1f261-b0c1-4dc9-a18e-24efbad5753e-groupManagement] INFO  server.RaftServerConfigKeys (ConfUtils.java:logGet(46)) - raft.server.log.statemachine.data.sync = true (default)
2023-06-06 16:09:06,765 [93b1f261-b0c1-4dc9-a18e-24efbad5753e-groupManagement] INFO  server.RaftServerConfigKeys (ConfUtils.java:logGet(46)) - raft.server.log.statemachine.data.sync.timeout = 10s (default)
2023-06-06 16:09:06,769 [93b1f261-b0c1-4dc9-a18e-24efbad5753e-groupManagement] INFO  server.RaftServerConfigKeys (ConfUtils.java:logGet(46)) - raft.server.log.statemachine.data.sync.timeout.retry = -1 (default)
2023-06-06 16:09:06,770 [93b1f261-b0c1-4dc9-a18e-24efbad5753e-groupManagement] INFO  server.RaftServerConfigKeys (ConfUtils.java:logGet(46)) - raft.server.log.write.buffer.size = 1048576 (custom)
2023-06-06 16:09:06,772 [EventQueue-OpenPipelineForHealthyPipelineSafeModeRule] INFO  safemode.SCMSafeModeManager (HealthyPipelineSafeModeRule.java:process(137)) - SCM in safe mode. Healthy pipelines reported count is 0, required healthy pipeline reported count is 1
2023-06-06 16:09:06,773 [93b1f261-b0c1-4dc9-a18e-24efbad5753e-groupManagement] INFO  server.RaftServerConfigKeys (ConfUtils.java:logGet(46)) - raft.server.log.appender.buffer.byte-limit = 33554432 (custom)
2023-06-06 16:09:06,781 [93b1f261-b0c1-4dc9-a18e-24efbad5753e-groupManagement] INFO  server.RaftServerConfigKeys (ConfUtils.java:logGet(46)) - raft.server.log.unsafe-flush.enabled = false (default)
2023-06-06 16:09:06,781 [93b1f261-b0c1-4dc9-a18e-24efbad5753e-groupManagement] INFO  server.RaftServerConfigKeys (ConfUtils.java:logGet(46)) - raft.server.log.async-flush.enabled = false (default)
2023-06-06 16:09:06,781 [93b1f261-b0c1-4dc9-a18e-24efbad5753e-groupManagement] INFO  server.RaftServerConfigKeys (ConfUtils.java:logGet(46)) - raft.server.log.statemachine.data.caching.enabled = true (custom)
2023-06-06 16:09:06,782 [93b1f261-b0c1-4dc9-a18e-24efbad5753e-groupManagement] INFO  segmented.SegmentedRaftLogWorker (SegmentedRaftLogWorker.java:lambda$new$0(135)) - 93b1f261-b0c1-4dc9-a18e-24efbad5753e@group-6C7325FF34D6-SegmentedRaftLogWorker: flushIndex: setUnconditionally 0 -> -1
2023-06-06 16:09:06,782 [93b1f261-b0c1-4dc9-a18e-24efbad5753e-groupManagement] INFO  segmented.SegmentedRaftLogWorker (SegmentedRaftLogWorker.java:lambda$new$0(135)) - 93b1f261-b0c1-4dc9-a18e-24efbad5753e@group-6C7325FF34D6-SegmentedRaftLogWorker: safeCacheEvictIndex: setUnconditionally 0 -> -1
2023-06-06 16:09:06,782 [93b1f261-b0c1-4dc9-a18e-24efbad5753e-groupManagement] INFO  server.RaftServer$Division (RaftServerImpl.java:start(342)) - 93b1f261-b0c1-4dc9-a18e-24efbad5753e@group-6C7325FF34D6: start as a follower, conf=-1: peers:[df0472b3-7a9a-48e1-af6c-174a013a05cb|rpc:10.1.0.160:15032|admin:10.1.0.160:15031|client:10.1.0.160:15030|dataStream:10.1.0.160:15033|priority:0|startupRole:FOLLOWER, 93b1f261-b0c1-4dc9-a18e-24efbad5753e|rpc:10.1.0.160:15023|admin:10.1.0.160:15022|client:10.1.0.160:15021|dataStream:10.1.0.160:15024|priority:0|startupRole:FOLLOWER, f826b84a-407e-4101-8305-36a89543ec0a|rpc:10.1.0.160:15014|admin:10.1.0.160:15013|client:10.1.0.160:15012|dataStream:10.1.0.160:15015|priority:1|startupRole:FOLLOWER]|listeners:[], old=null
2023-06-06 16:09:06,782 [93b1f261-b0c1-4dc9-a18e-24efbad5753e-groupManagement] INFO  server.RaftServer$Division (RaftServerImpl.java:setRole(329)) - 93b1f261-b0c1-4dc9-a18e-24efbad5753e@group-6C7325FF34D6: changes role from      null to FOLLOWER at term 0 for startAsFollower
2023-06-06 16:09:06,782 [93b1f261-b0c1-4dc9-a18e-24efbad5753e-groupManagement] INFO  impl.RoleInfo (RoleInfo.java:updateAndGet(139)) - 93b1f261-b0c1-4dc9-a18e-24efbad5753e: start 93b1f261-b0c1-4dc9-a18e-24efbad5753e@group-6C7325FF34D6-FollowerState
2023-06-06 16:09:06,782 [93b1f261-b0c1-4dc9-a18e-24efbad5753e-groupManagement] INFO  util.JmxRegister (JmxRegister.java:tryRegister(44)) - Successfully registered JMX Bean with object name Ratis:service=RaftServer,group=group-6C7325FF34D6,id=93b1f261-b0c1-4dc9-a18e-24efbad5753e
2023-06-06 16:09:06,782 [93b1f261-b0c1-4dc9-a18e-24efbad5753e-groupManagement] INFO  server.RaftServerConfigKeys (ConfUtils.java:logGet(46)) - raft.server.snapshot.auto.trigger.enabled = true (custom)
2023-06-06 16:09:06,783 [93b1f261-b0c1-4dc9-a18e-24efbad5753e-groupManagement] INFO  server.RaftServerConfigKeys (ConfUtils.java:logGet(46)) - raft.server.snapshot.auto.trigger.threshold = 10000 (custom)
2023-06-06 16:09:06,783 [93b1f261-b0c1-4dc9-a18e-24efbad5753e-groupManagement] INFO  server.RaftServerConfigKeys (ConfUtils.java:logGet(46)) - raft.server.snapshot.retention.file.num = 5 (custom)
2023-06-06 16:09:06,783 [93b1f261-b0c1-4dc9-a18e-24efbad5753e-groupManagement] INFO  server.RaftServerConfigKeys (ConfUtils.java:logGet(46)) - raft.server.log.purge.upto.snapshot.index = false (default)
2023-06-06 16:09:06,783 [93b1f261-b0c1-4dc9-a18e-24efbad5753e@group-6C7325FF34D6-FollowerState] INFO  server.RaftServerConfigKeys (ConfUtils.java:logFallback(53)) - raft.server.rpc.first-election.timeout.min = 5s (fallback to raft.server.rpc.timeout.min)
2023-06-06 16:09:06,787 [93b1f261-b0c1-4dc9-a18e-24efbad5753e@group-6C7325FF34D6-FollowerState] INFO  server.RaftServerConfigKeys (ConfUtils.java:logFallback(53)) - raft.server.rpc.first-election.timeout.max = 5200ms (fallback to raft.server.rpc.timeout.max)
2023-06-06 16:09:06,783 [PipelineCommandHandlerThread-0] INFO  ratis.XceiverServerRatis (XceiverServerRatis.java:addGroup(804)) - Created group PipelineID=29940712-c93b-4243-9b46-6c7325ff34d6
2023-06-06 16:09:06,915 [PipelineCommandHandlerThread-0] INFO  commandhandler.CreatePipelineCommandHandler (CreatePipelineCommandHandler.java:lambda$handle$2(124)) - Created Pipeline RATIS THREE PipelineID=29940712-c93b-4243-9b46-6c7325ff34d6.
2023-06-06 16:09:06,918 [PipelineCommandHandlerThread-0] INFO  commandhandler.CreatePipelineCommandHandler (CreatePipelineCommandHandler.java:lambda$handle$2(124)) - Created Pipeline RATIS THREE PipelineID=29940712-c93b-4243-9b46-6c7325ff34d6.
2023-06-06 16:09:06,921 [PipelineCommandHandlerThread-0] INFO  commandhandler.CreatePipelineCommandHandler (CreatePipelineCommandHandler.java:lambda$handle$2(124)) - Created Pipeline RATIS THREE PipelineID=29940712-c93b-4243-9b46-6c7325ff34d6.
2023-06-06 16:09:07,343 [main] INFO  ozone.MiniOzoneClusterImpl (MiniOzoneClusterImpl.java:lambda$waitForClusterToBeReady$0(222)) - Nodes are ready. Got 3 of 3 DN Heartbeats.
2023-06-06 16:09:07,344 [main] INFO  ozone.MiniOzoneClusterImpl (MiniOzoneClusterImpl.java:lambda$waitForClusterToBeReady$0(225)) - Waiting for cluster to exit safe mode
2023-06-06 16:09:07,344 [main] INFO  ozone.MiniOzoneClusterImpl (MiniOzoneClusterImpl.java:lambda$waitForClusterToBeReady$0(227)) - SCM became leader
2023-06-06 16:09:08,344 [main] INFO  ozone.MiniOzoneClusterImpl (MiniOzoneClusterImpl.java:lambda$waitForClusterToBeReady$0(222)) - Nodes are ready. Got 3 of 3 DN Heartbeats.
2023-06-06 16:09:08,344 [main] INFO  ozone.MiniOzoneClusterImpl (MiniOzoneClusterImpl.java:lambda$waitForClusterToBeReady$0(225)) - Waiting for cluster to exit safe mode
2023-06-06 16:09:08,344 [main] INFO  ozone.MiniOzoneClusterImpl (MiniOzoneClusterImpl.java:lambda$waitForClusterToBeReady$0(227)) - SCM became leader
2023-06-06 16:09:09,344 [main] INFO  ozone.MiniOzoneClusterImpl (MiniOzoneClusterImpl.java:lambda$waitForClusterToBeReady$0(222)) - Nodes are ready. Got 3 of 3 DN Heartbeats.
2023-06-06 16:09:09,345 [main] INFO  ozone.MiniOzoneClusterImpl (MiniOzoneClusterImpl.java:lambda$waitForClusterToBeReady$0(225)) - Waiting for cluster to exit safe mode
2023-06-06 16:09:09,345 [main] INFO  ozone.MiniOzoneClusterImpl (MiniOzoneClusterImpl.java:lambda$waitForClusterToBeReady$0(227)) - SCM became leader
2023-06-06 16:09:10,345 [main] INFO  ozone.MiniOzoneClusterImpl (MiniOzoneClusterImpl.java:lambda$waitForClusterToBeReady$0(222)) - Nodes are ready. Got 3 of 3 DN Heartbeats.
2023-06-06 16:09:10,345 [main] INFO  ozone.MiniOzoneClusterImpl (MiniOzoneClusterImpl.java:lambda$waitForClusterToBeReady$0(225)) - Waiting for cluster to exit safe mode
2023-06-06 16:09:10,345 [main] INFO  ozone.MiniOzoneClusterImpl (MiniOzoneClusterImpl.java:lambda$waitForClusterToBeReady$0(227)) - SCM became leader
2023-06-06 16:09:10,716 [f826b84a-407e-4101-8305-36a89543ec0a@group-0292808E39D1-FollowerState] INFO  impl.FollowerState (FollowerState.java:run(143)) - f826b84a-407e-4101-8305-36a89543ec0a@group-0292808E39D1-FollowerState: change to CANDIDATE, lastRpcElapsedTime:5128050490ns, electionTimeout:5115ms
2023-06-06 16:09:10,716 [f826b84a-407e-4101-8305-36a89543ec0a@group-0292808E39D1-FollowerState] INFO  impl.RoleInfo (RoleInfo.java:shutdownFollowerState(110)) - f826b84a-407e-4101-8305-36a89543ec0a: shutdown f826b84a-407e-4101-8305-36a89543ec0a@group-0292808E39D1-FollowerState
2023-06-06 16:09:10,716 [f826b84a-407e-4101-8305-36a89543ec0a@group-0292808E39D1-FollowerState] INFO  server.RaftServer$Division (RaftServerImpl.java:setRole(329)) - f826b84a-407e-4101-8305-36a89543ec0a@group-0292808E39D1: changes role from  FOLLOWER to CANDIDATE at term 0 for changeToCandidate
2023-06-06 16:09:10,717 [f826b84a-407e-4101-8305-36a89543ec0a@group-0292808E39D1-FollowerState] INFO  server.RaftServerConfigKeys (ConfUtils.java:logGet(46)) - raft.server.leaderelection.pre-vote = true (default)
2023-06-06 16:09:10,717 [f826b84a-407e-4101-8305-36a89543ec0a@group-0292808E39D1-FollowerState] INFO  impl.RoleInfo (RoleInfo.java:updateAndGet(139)) - f826b84a-407e-4101-8305-36a89543ec0a: start f826b84a-407e-4101-8305-36a89543ec0a@group-0292808E39D1-LeaderElection2
2023-06-06 16:09:10,719 [f826b84a-407e-4101-8305-36a89543ec0a@group-0292808E39D1-LeaderElection2] INFO  impl.LeaderElection (LeaderElection.java:askForVotes(321)) - f826b84a-407e-4101-8305-36a89543ec0a@group-0292808E39D1-LeaderElection2 PRE_VOTE round 0: submit vote requests at term 0 for -1: peers:[f826b84a-407e-4101-8305-36a89543ec0a|rpc:10.1.0.160:15014|admin:10.1.0.160:15013|client:10.1.0.160:15012|dataStream:10.1.0.160:15015|priority:1|startupRole:FOLLOWER]|listeners:[], old=null
2023-06-06 16:09:10,719 [f826b84a-407e-4101-8305-36a89543ec0a@group-0292808E39D1-LeaderElection2] INFO  impl.LeaderElection (LeaderElection.java:askForVotes(323)) - f826b84a-407e-4101-8305-36a89543ec0a@group-0292808E39D1-LeaderElection2 PRE_VOTE round 0: result PASSED (term=0)
2023-06-06 16:09:10,721 [f826b84a-407e-4101-8305-36a89543ec0a@group-0292808E39D1-LeaderElection2] INFO  impl.LeaderElection (LeaderElection.java:askForVotes(321)) - f826b84a-407e-4101-8305-36a89543ec0a@group-0292808E39D1-LeaderElection2 ELECTION round 0: submit vote requests at term 1 for -1: peers:[f826b84a-407e-4101-8305-36a89543ec0a|rpc:10.1.0.160:15014|admin:10.1.0.160:15013|client:10.1.0.160:15012|dataStream:10.1.0.160:15015|priority:1|startupRole:FOLLOWER]|listeners:[], old=null
2023-06-06 16:09:10,721 [f826b84a-407e-4101-8305-36a89543ec0a@group-0292808E39D1-LeaderElection2] INFO  impl.LeaderElection (LeaderElection.java:askForVotes(323)) - f826b84a-407e-4101-8305-36a89543ec0a@group-0292808E39D1-LeaderElection2 ELECTION round 0: result PASSED (term=1)
2023-06-06 16:09:10,721 [f826b84a-407e-4101-8305-36a89543ec0a@group-0292808E39D1-LeaderElection2] INFO  impl.RoleInfo (RoleInfo.java:shutdownLeaderElection(130)) - f826b84a-407e-4101-8305-36a89543ec0a: shutdown f826b84a-407e-4101-8305-36a89543ec0a@group-0292808E39D1-LeaderElection2
2023-06-06 16:09:10,722 [f826b84a-407e-4101-8305-36a89543ec0a@group-0292808E39D1-LeaderElection2] INFO  server.RaftServer$Division (RaftServerImpl.java:setRole(329)) - f826b84a-407e-4101-8305-36a89543ec0a@group-0292808E39D1: changes role from CANDIDATE to LEADER at term 1 for changeToLeader
2023-06-06 16:09:10,722 [f826b84a-407e-4101-8305-36a89543ec0a@group-0292808E39D1-LeaderElection2] INFO  ratis.XceiverServerRatis (XceiverServerRatis.java:handleLeaderChangedNotification(902)) - Leader change notification received for group: group-0292808E39D1 with new leaderId: f826b84a-407e-4101-8305-36a89543ec0a
2023-06-06 16:09:10,722 [f826b84a-407e-4101-8305-36a89543ec0a@group-0292808E39D1-LeaderElection2] INFO  server.RaftServer$Division (ServerState.java:setLeader(317)) - f826b84a-407e-4101-8305-36a89543ec0a@group-0292808E39D1: change Leader from null to f826b84a-407e-4101-8305-36a89543ec0a at term 1 for becomeLeader, leader elected after 5325ms
2023-06-06 16:09:10,722 [f826b84a-407e-4101-8305-36a89543ec0a@group-0292808E39D1-LeaderElection2] INFO  server.RaftServerConfigKeys (ConfUtils.java:logGet(46)) - raft.server.staging.catchup.gap = 1000 (default)
2023-06-06 16:09:10,722 [f826b84a-407e-4101-8305-36a89543ec0a@group-0292808E39D1-LeaderElection2] INFO  server.RaftServerConfigKeys (ConfUtils.java:logGet(46)) - raft.server.write.element-limit = 1024 (custom)
2023-06-06 16:09:10,722 [f826b84a-407e-4101-8305-36a89543ec0a@group-0292808E39D1-LeaderElection2] INFO  server.RaftServerConfigKeys (ConfUtils.java:logGet(46)) - raft.server.write.byte-limit = 1024 M (=1073741824) (custom)
2023-06-06 16:09:10,723 [f826b84a-407e-4101-8305-36a89543ec0a@group-0292808E39D1-LeaderElection2] INFO  server.RaftServerConfigKeys (ConfUtils.java:logGet(46)) - raft.server.watch.timeout = 180s (custom)
2023-06-06 16:09:10,723 [f826b84a-407e-4101-8305-36a89543ec0a@group-0292808E39D1-LeaderElection2] INFO  server.RaftServerConfigKeys (ConfUtils.java:logGet(46)) - raft.server.watch.timeout.denomination = 1s (default)
2023-06-06 16:09:10,723 [f826b84a-407e-4101-8305-36a89543ec0a@group-0292808E39D1-LeaderElection2] INFO  server.RaftServerConfigKeys (ConfUtils.java:logGet(46)) - raft.server.watch.element-limit = 65536 (default)
2023-06-06 16:09:10,724 [EventQueue-OpenPipelineForHealthyPipelineSafeModeRule] INFO  safemode.SCMSafeModeManager (HealthyPipelineSafeModeRule.java:process(137)) - SCM in safe mode. Healthy pipelines reported count is 0, required healthy pipeline reported count is 1
2023-06-06 16:09:10,731 [f826b84a-407e-4101-8305-36a89543ec0a@group-0292808E39D1-LeaderElection2] INFO  server.RaftServerConfigKeys (ConfUtils.java:logGet(46)) - raft.server.write.element-limit = 1024 (custom)
2023-06-06 16:09:10,731 [f826b84a-407e-4101-8305-36a89543ec0a@group-0292808E39D1-LeaderElection2] INFO  server.RaftServerConfigKeys (ConfUtils.java:logGet(46)) - raft.server.write.follower.gap.ratio.max = -1.0 (default)
2023-06-06 16:09:10,731 [f826b84a-407e-4101-8305-36a89543ec0a@group-0292808E39D1-LeaderElection2] INFO  impl.RoleInfo (RoleInfo.java:updateAndGet(139)) - f826b84a-407e-4101-8305-36a89543ec0a: start f826b84a-407e-4101-8305-36a89543ec0a@group-0292808E39D1-LeaderStateImpl
2023-06-06 16:09:10,732 [f826b84a-407e-4101-8305-36a89543ec0a@group-0292808E39D1-LeaderElection2] INFO  segmented.SegmentedRaftLogWorker (SegmentedRaftLogWorker.java:startLogSegment(447)) - f826b84a-407e-4101-8305-36a89543ec0a@group-0292808E39D1-SegmentedRaftLogWorker: Starting segment from index:0
2023-06-06 16:09:10,734 [f826b84a-407e-4101-8305-36a89543ec0a@group-0292808E39D1-SegmentedRaftLogWorker] INFO  segmented.SegmentedRaftLogWorker (SegmentedRaftLogWorker.java:execute(651)) - f826b84a-407e-4101-8305-36a89543ec0a@group-0292808E39D1-SegmentedRaftLogWorker: created new log segment /home/runner/work/ozone/ozone/hadoop-ozone/integration-test/target/test-dir/MiniOzoneClusterImpl-f3fe63fb-43ef-4153-9b86-93c9d8ad9adb/datanode-0/data/ratis/e202bdee-d8d3-4dcd-a882-0292808e39d1/current/log_inprogress_0
2023-06-06 16:09:10,735 [f826b84a-407e-4101-8305-36a89543ec0a@group-0292808E39D1-LeaderElection2] INFO  server.RaftServer$Division (ServerState.java:setRaftConf(434)) - f826b84a-407e-4101-8305-36a89543ec0a@group-0292808E39D1: set configuration 0: peers:[f826b84a-407e-4101-8305-36a89543ec0a|rpc:10.1.0.160:15014|admin:10.1.0.160:15013|client:10.1.0.160:15012|dataStream:10.1.0.160:15015|priority:1|startupRole:FOLLOWER]|listeners:[], old=null
2023-06-06 16:09:10,777 [f826b84a-407e-4101-8305-36a89543ec0a@group-20AD4E8CC79B-FollowerState] INFO  impl.FollowerState (FollowerState.java:run(143)) - f826b84a-407e-4101-8305-36a89543ec0a@group-20AD4E8CC79B-FollowerState: change to CANDIDATE, lastRpcElapsedTime:5116269871ns, electionTimeout:5108ms
2023-06-06 16:09:10,778 [f826b84a-407e-4101-8305-36a89543ec0a@group-20AD4E8CC79B-FollowerState] INFO  impl.RoleInfo (RoleInfo.java:shutdownFollowerState(110)) - f826b84a-407e-4101-8305-36a89543ec0a: shutdown f826b84a-407e-4101-8305-36a89543ec0a@group-20AD4E8CC79B-FollowerState
2023-06-06 16:09:10,778 [f826b84a-407e-4101-8305-36a89543ec0a@group-20AD4E8CC79B-FollowerState] INFO  server.RaftServer$Division (RaftServerImpl.java:setRole(329)) - f826b84a-407e-4101-8305-36a89543ec0a@group-20AD4E8CC79B: changes role from  FOLLOWER to CANDIDATE at term 0 for changeToCandidate
2023-06-06 16:09:10,778 [f826b84a-407e-4101-8305-36a89543ec0a@group-20AD4E8CC79B-FollowerState] INFO  server.RaftServerConfigKeys (ConfUtils.java:logGet(46)) - raft.server.leaderelection.pre-vote = true (default)
2023-06-06 16:09:10,778 [f826b84a-407e-4101-8305-36a89543ec0a@group-20AD4E8CC79B-FollowerState] INFO  impl.RoleInfo (RoleInfo.java:updateAndGet(139)) - f826b84a-407e-4101-8305-36a89543ec0a: start f826b84a-407e-4101-8305-36a89543ec0a@group-20AD4E8CC79B-LeaderElection3
2023-06-06 16:09:10,784 [f826b84a-407e-4101-8305-36a89543ec0a@group-20AD4E8CC79B-LeaderElection3] INFO  impl.LeaderElection (LeaderElection.java:askForVotes(321)) - f826b84a-407e-4101-8305-36a89543ec0a@group-20AD4E8CC79B-LeaderElection3 PRE_VOTE round 0: submit vote requests at term 0 for -1: peers:[df0472b3-7a9a-48e1-af6c-174a013a05cb|rpc:10.1.0.160:15032|admin:10.1.0.160:15031|client:10.1.0.160:15030|dataStream:10.1.0.160:15033|priority:0|startupRole:FOLLOWER, 93b1f261-b0c1-4dc9-a18e-24efbad5753e|rpc:10.1.0.160:15023|admin:10.1.0.160:15022|client:10.1.0.160:15021|dataStream:10.1.0.160:15024|priority:1|startupRole:FOLLOWER, f826b84a-407e-4101-8305-36a89543ec0a|rpc:10.1.0.160:15014|admin:10.1.0.160:15013|client:10.1.0.160:15012|dataStream:10.1.0.160:15015|priority:0|startupRole:FOLLOWER]|listeners:[], old=null
2023-06-06 16:09:10,789 [f826b84a-407e-4101-8305-36a89543ec0a@group-20AD4E8CC79B-LeaderElection3] INFO  server.RaftServerConfigKeys (ConfUtils.java:logFallback(53)) - raft.server.rpc.first-election.timeout.min = 5s (fallback to raft.server.rpc.timeout.min)
2023-06-06 16:09:10,789 [f826b84a-407e-4101-8305-36a89543ec0a@group-20AD4E8CC79B-LeaderElection3] INFO  server.RaftServerConfigKeys (ConfUtils.java:logFallback(53)) - raft.server.rpc.first-election.timeout.max = 5200ms (fallback to raft.server.rpc.timeout.max)
2023-06-06 16:09:10,790 [f826b84a-407e-4101-8305-36a89543ec0a@group-20AD4E8CC79B-LeaderElection3-1] INFO  server.GrpcServerProtocolClient (GrpcServerProtocolClient.java:<init>(65)) - Build channel for df0472b3-7a9a-48e1-af6c-174a013a05cb
2023-06-06 16:09:10,790 [f826b84a-407e-4101-8305-36a89543ec0a@group-20AD4E8CC79B-LeaderElection3-2] INFO  server.GrpcServerProtocolClient (GrpcServerProtocolClient.java:<init>(65)) - Build channel for 93b1f261-b0c1-4dc9-a18e-24efbad5753e
2023-06-06 16:09:10,816 [grpc-default-executor-0] INFO  server.RaftServer$Division (RaftServerImpl.java:requestVote(1302)) - 93b1f261-b0c1-4dc9-a18e-24efbad5753e@group-20AD4E8CC79B: receive requestVote(PRE_VOTE, f826b84a-407e-4101-8305-36a89543ec0a, group-20AD4E8CC79B, 0, (t:0, i:0))
2023-06-06 16:09:10,818 [grpc-default-executor-0] INFO  impl.VoteContext (VoteContext.java:log(49)) - 93b1f261-b0c1-4dc9-a18e-24efbad5753e@group-20AD4E8CC79B-FOLLOWER: reject PRE_VOTE from f826b84a-407e-4101-8305-36a89543ec0a: our priority 1 > candidate's priority 0
2023-06-06 16:09:10,820 [grpc-default-executor-0] INFO  server.RaftServer$Division (RaftServerImpl.java:requestVote(1335)) - 93b1f261-b0c1-4dc9-a18e-24efbad5753e@group-20AD4E8CC79B replies to PRE_VOTE vote request: f826b84a-407e-4101-8305-36a89543ec0a<-93b1f261-b0c1-4dc9-a18e-24efbad5753e#0:FAIL-t0. Peer's state: 93b1f261-b0c1-4dc9-a18e-24efbad5753e@group-20AD4E8CC79B:t0, leader=null, voted=, raftlog=Memoized:93b1f261-b0c1-4dc9-a18e-24efbad5753e@group-20AD4E8CC79B-SegmentedRaftLog:OPENED:c-1, conf=-1: peers:[df0472b3-7a9a-48e1-af6c-174a013a05cb|rpc:10.1.0.160:15032|admin:10.1.0.160:15031|client:10.1.0.160:15030|dataStream:10.1.0.160:15033|priority:0|startupRole:FOLLOWER, 93b1f261-b0c1-4dc9-a18e-24efbad5753e|rpc:10.1.0.160:15023|admin:10.1.0.160:15022|client:10.1.0.160:15021|dataStream:10.1.0.160:15024|priority:1|startupRole:FOLLOWER, f826b84a-407e-4101-8305-36a89543ec0a|rpc:10.1.0.160:15014|admin:10.1.0.160:15013|client:10.1.0.160:15012|dataStream:10.1.0.160:15015|priority:0|startupRole:FOLLOWER]|listeners:[], old=null
2023-06-06 16:09:10,831 [f826b84a-407e-4101-8305-36a89543ec0a@group-20AD4E8CC79B-LeaderElection3] INFO  impl.LeaderElection (LeaderElection.java:logAndReturn(90)) - f826b84a-407e-4101-8305-36a89543ec0a@group-20AD4E8CC79B-LeaderElection3: PRE_VOTE REJECTED received 1 response(s) and 0 exception(s):
2023-06-06 16:09:10,831 [f826b84a-407e-4101-8305-36a89543ec0a@group-20AD4E8CC79B-LeaderElection3] INFO  impl.LeaderElection (LeaderElection.java:logAndReturn(94)) -   Response 0: f826b84a-407e-4101-8305-36a89543ec0a<-93b1f261-b0c1-4dc9-a18e-24efbad5753e#0:FAIL-t0
2023-06-06 16:09:10,831 [f826b84a-407e-4101-8305-36a89543ec0a@group-20AD4E8CC79B-LeaderElection3] INFO  impl.LeaderElection (LeaderElection.java:askForVotes(323)) - f826b84a-407e-4101-8305-36a89543ec0a@group-20AD4E8CC79B-LeaderElection3 PRE_VOTE round 0: result REJECTED
2023-06-06 16:09:10,832 [f826b84a-407e-4101-8305-36a89543ec0a@group-20AD4E8CC79B-LeaderElection3] INFO  server.RaftServer$Division (RaftServerImpl.java:setRole(329)) - f826b84a-407e-4101-8305-36a89543ec0a@group-20AD4E8CC79B: changes role from CANDIDATE to FOLLOWER at term 0 for REJECTED
2023-06-06 16:09:10,832 [f826b84a-407e-4101-8305-36a89543ec0a@group-20AD4E8CC79B-LeaderElection3] INFO  impl.RoleInfo (RoleInfo.java:shutdownLeaderElection(130)) - f826b84a-407e-4101-8305-36a89543ec0a: shutdown f826b84a-407e-4101-8305-36a89543ec0a@group-20AD4E8CC79B-LeaderElection3
2023-06-06 16:09:10,832 [f826b84a-407e-4101-8305-36a89543ec0a@group-20AD4E8CC79B-LeaderElection3] INFO  impl.RoleInfo (RoleInfo.java:updateAndGet(139)) - f826b84a-407e-4101-8305-36a89543ec0a: start f826b84a-407e-4101-8305-36a89543ec0a@group-20AD4E8CC79B-FollowerState
2023-06-06 16:09:10,834 [grpc-default-executor-0] INFO  server.RaftServer$Division (RaftServerImpl.java:requestVote(1302)) - df0472b3-7a9a-48e1-af6c-174a013a05cb@group-20AD4E8CC79B: receive requestVote(PRE_VOTE, f826b84a-407e-4101-8305-36a89543ec0a, group-20AD4E8CC79B, 0, (t:0, i:0))
2023-06-06 16:09:10,837 [grpc-default-executor-0] INFO  impl.VoteContext (VoteContext.java:log(49)) - df0472b3-7a9a-48e1-af6c-174a013a05cb@group-20AD4E8CC79B-FOLLOWER: accept PRE_VOTE from f826b84a-407e-4101-8305-36a89543ec0a: our priority 0 <= candidate's priority 0
2023-06-06 16:09:10,839 [grpc-default-executor-0] INFO  server.RaftServer$Division (RaftServerImpl.java:requestVote(1335)) - df0472b3-7a9a-48e1-af6c-174a013a05cb@group-20AD4E8CC79B replies to PRE_VOTE vote request: f826b84a-407e-4101-8305-36a89543ec0a<-df0472b3-7a9a-48e1-af6c-174a013a05cb#0:OK-t0. Peer's state: df0472b3-7a9a-48e1-af6c-174a013a05cb@group-20AD4E8CC79B:t0, leader=null, voted=, raftlog=Memoized:df0472b3-7a9a-48e1-af6c-174a013a05cb@group-20AD4E8CC79B-SegmentedRaftLog:OPENED:c-1, conf=-1: peers:[df0472b3-7a9a-48e1-af6c-174a013a05cb|rpc:10.1.0.160:15032|admin:10.1.0.160:15031|client:10.1.0.160:15030|dataStream:10.1.0.160:15033|priority:0|startupRole:FOLLOWER, 93b1f261-b0c1-4dc9-a18e-24efbad5753e|rpc:10.1.0.160:15023|admin:10.1.0.160:15022|client:10.1.0.160:15021|dataStream:10.1.0.160:15024|priority:1|startupRole:FOLLOWER, f826b84a-407e-4101-8305-36a89543ec0a|rpc:10.1.0.160:15014|admin:10.1.0.160:15013|client:10.1.0.160:15012|dataStream:10.1.0.160:15015|priority:0|startupRole:FOLLOWER]|listeners:[], old=null
2023-06-06 16:09:11,071 [93b1f261-b0c1-4dc9-a18e-24efbad5753e@group-20AD4E8CC79B-FollowerState] INFO  impl.FollowerState (FollowerState.java:run(143)) - 93b1f261-b0c1-4dc9-a18e-24efbad5753e@group-20AD4E8CC79B-FollowerState: change to CANDIDATE, lastRpcElapsedTime:5033090032ns, electionTimeout:5015ms
2023-06-06 16:09:11,071 [93b1f261-b0c1-4dc9-a18e-24efbad5753e@group-20AD4E8CC79B-FollowerState] INFO  impl.RoleInfo (RoleInfo.java:shutdownFollowerState(110)) - 93b1f261-b0c1-4dc9-a18e-24efbad5753e: shutdown 93b1f261-b0c1-4dc9-a18e-24efbad5753e@group-20AD4E8CC79B-FollowerState
2023-06-06 16:09:11,071 [93b1f261-b0c1-4dc9-a18e-24efbad5753e@group-20AD4E8CC79B-FollowerState] INFO  server.RaftServer$Division (RaftServerImpl.java:setRole(329)) - 93b1f261-b0c1-4dc9-a18e-24efbad5753e@group-20AD4E8CC79B: changes role from  FOLLOWER to CANDIDATE at term 0 for changeToCandidate
2023-06-06 16:09:11,073 [93b1f261-b0c1-4dc9-a18e-24efbad5753e@group-20AD4E8CC79B-FollowerState] INFO  server.RaftServerConfigKeys (ConfUtils.java:logGet(46)) - raft.server.leaderelection.pre-vote = true (default)
2023-06-06 16:09:11,073 [93b1f261-b0c1-4dc9-a18e-24efbad5753e@group-20AD4E8CC79B-FollowerState] INFO  impl.RoleInfo (RoleInfo.java:updateAndGet(139)) - 93b1f261-b0c1-4dc9-a18e-24efbad5753e: start 93b1f261-b0c1-4dc9-a18e-24efbad5753e@group-20AD4E8CC79B-LeaderElection4
2023-06-06 16:09:11,075 [93b1f261-b0c1-4dc9-a18e-24efbad5753e@group-20AD4E8CC79B-LeaderElection4] INFO  impl.LeaderElection (LeaderElection.java:askForVotes(321)) - 93b1f261-b0c1-4dc9-a18e-24efbad5753e@group-20AD4E8CC79B-LeaderElection4 PRE_VOTE round 0: submit vote requests at term 0 for -1: peers:[df0472b3-7a9a-48e1-af6c-174a013a05cb|rpc:10.1.0.160:15032|admin:10.1.0.160:15031|client:10.1.0.160:15030|dataStream:10.1.0.160:15033|priority:0|startupRole:FOLLOWER, 93b1f261-b0c1-4dc9-a18e-24efbad5753e|rpc:10.1.0.160:15023|admin:10.1.0.160:15022|client:10.1.0.160:15021|dataStream:10.1.0.160:15024|priority:1|startupRole:FOLLOWER, f826b84a-407e-4101-8305-36a89543ec0a|rpc:10.1.0.160:15014|admin:10.1.0.160:15013|client:10.1.0.160:15012|dataStream:10.1.0.160:15015|priority:0|startupRole:FOLLOWER]|listeners:[], old=null
2023-06-06 16:09:11,081 [93b1f261-b0c1-4dc9-a18e-24efbad5753e@group-20AD4E8CC79B-LeaderElection4-1] INFO  server.GrpcServerProtocolClient (GrpcServerProtocolClient.java:<init>(65)) - Build channel for df0472b3-7a9a-48e1-af6c-174a013a05cb
2023-06-06 16:09:11,081 [93b1f261-b0c1-4dc9-a18e-24efbad5753e@group-20AD4E8CC79B-LeaderElection4] INFO  server.RaftServerConfigKeys (ConfUtils.java:logFallback(53)) - raft.server.rpc.first-election.timeout.min = 5s (fallback to raft.server.rpc.timeout.min)
2023-06-06 16:09:11,083 [93b1f261-b0c1-4dc9-a18e-24efbad5753e@group-20AD4E8CC79B-LeaderElection4] INFO  server.RaftServerConfigKeys (ConfUtils.java:logFallback(53)) - raft.server.rpc.first-election.timeout.max = 5200ms (fallback to raft.server.rpc.timeout.max)
2023-06-06 16:09:11,086 [93b1f261-b0c1-4dc9-a18e-24efbad5753e@group-20AD4E8CC79B-LeaderElection4-2] INFO  server.GrpcServerProtocolClient (GrpcServerProtocolClient.java:<init>(65)) - Build channel for f826b84a-407e-4101-8305-36a89543ec0a
2023-06-06 16:09:11,104 [grpc-default-executor-0] INFO  server.RaftServer$Division (RaftServerImpl.java:requestVote(1302)) - df0472b3-7a9a-48e1-af6c-174a013a05cb@group-20AD4E8CC79B: receive requestVote(PRE_VOTE, 93b1f261-b0c1-4dc9-a18e-24efbad5753e, group-20AD4E8CC79B, 0, (t:0, i:0))
2023-06-06 16:09:11,104 [grpc-default-executor-0] INFO  impl.VoteContext (VoteContext.java:log(49)) - df0472b3-7a9a-48e1-af6c-174a013a05cb@group-20AD4E8CC79B-FOLLOWER: accept PRE_VOTE from 93b1f261-b0c1-4dc9-a18e-24efbad5753e: our priority 0 <= candidate's priority 1
2023-06-06 16:09:11,104 [grpc-default-executor-0] INFO  server.RaftServer$Division (RaftServerImpl.java:requestVote(1335)) - df0472b3-7a9a-48e1-af6c-174a013a05cb@group-20AD4E8CC79B replies to PRE_VOTE vote request: 93b1f261-b0c1-4dc9-a18e-24efbad5753e<-df0472b3-7a9a-48e1-af6c-174a013a05cb#0:OK-t0. Peer's state: df0472b3-7a9a-48e1-af6c-174a013a05cb@group-20AD4E8CC79B:t0, leader=null, voted=, raftlog=Memoized:df0472b3-7a9a-48e1-af6c-174a013a05cb@group-20AD4E8CC79B-SegmentedRaftLog:OPENED:c-1, conf=-1: peers:[df0472b3-7a9a-48e1-af6c-174a013a05cb|rpc:10.1.0.160:15032|admin:10.1.0.160:15031|client:10.1.0.160:15030|dataStream:10.1.0.160:15033|priority:0|startupRole:FOLLOWER, 93b1f261-b0c1-4dc9-a18e-24efbad5753e|rpc:10.1.0.160:15023|admin:10.1.0.160:15022|client:10.1.0.160:15021|dataStream:10.1.0.160:15024|priority:1|startupRole:FOLLOWER, f826b84a-407e-4101-8305-36a89543ec0a|rpc:10.1.0.160:15014|admin:10.1.0.160:15013|client:10.1.0.160:15012|dataStream:10.1.0.160:15015|priority:0|startupRole:FOLLOWER]|listeners:[], old=null
2023-06-06 16:09:11,106 [93b1f261-b0c1-4dc9-a18e-24efbad5753e@group-20AD4E8CC79B-LeaderElection4] INFO  impl.LeaderElection (LeaderElection.java:logAndReturn(90)) - 93b1f261-b0c1-4dc9-a18e-24efbad5753e@group-20AD4E8CC79B-LeaderElection4: PRE_VOTE PASSED received 1 response(s) and 0 exception(s):
2023-06-06 16:09:11,106 [93b1f261-b0c1-4dc9-a18e-24efbad5753e@group-20AD4E8CC79B-LeaderElection4] INFO  impl.LeaderElection (LeaderElection.java:logAndReturn(94)) -   Response 0: 93b1f261-b0c1-4dc9-a18e-24efbad5753e<-df0472b3-7a9a-48e1-af6c-174a013a05cb#0:OK-t0
2023-06-06 16:09:11,106 [93b1f261-b0c1-4dc9-a18e-24efbad5753e@group-20AD4E8CC79B-LeaderElection4] INFO  impl.LeaderElection (LeaderElection.java:askForVotes(323)) - 93b1f261-b0c1-4dc9-a18e-24efbad5753e@group-20AD4E8CC79B-LeaderElection4 PRE_VOTE round 0: result PASSED
2023-06-06 16:09:11,106 [93b1f261-b0c1-4dc9-a18e-24efbad5753e@group-92397DDA24E5-FollowerState] INFO  impl.FollowerState (FollowerState.java:run(143)) - 93b1f261-b0c1-4dc9-a18e-24efbad5753e@group-92397DDA24E5-FollowerState: change to CANDIDATE, lastRpcElapsedTime:5103506935ns, electionTimeout:5101ms
2023-06-06 16:09:11,108 [93b1f261-b0c1-4dc9-a18e-24efbad5753e@group-92397DDA24E5-FollowerState] INFO  impl.RoleInfo (RoleInfo.java:shutdownFollowerState(110)) - 93b1f261-b0c1-4dc9-a18e-24efbad5753e: shutdown 93b1f261-b0c1-4dc9-a18e-24efbad5753e@group-92397DDA24E5-FollowerState
2023-06-06 16:09:11,108 [93b1f261-b0c1-4dc9-a18e-24efbad5753e@group-92397DDA24E5-FollowerState] INFO  server.RaftServer$Division (RaftServerImpl.java:setRole(329)) - 93b1f261-b0c1-4dc9-a18e-24efbad5753e@group-92397DDA24E5: changes role from  FOLLOWER to CANDIDATE at term 0 for changeToCandidate
2023-06-06 16:09:11,108 [93b1f261-b0c1-4dc9-a18e-24efbad5753e@group-92397DDA24E5-FollowerState] INFO  server.RaftServerConfigKeys (ConfUtils.java:logGet(46)) - raft.server.leaderelection.pre-vote = true (default)
2023-06-06 16:09:11,108 [93b1f261-b0c1-4dc9-a18e-24efbad5753e@group-92397DDA24E5-FollowerState] INFO  impl.RoleInfo (RoleInfo.java:updateAndGet(139)) - 93b1f261-b0c1-4dc9-a18e-24efbad5753e: start 93b1f261-b0c1-4dc9-a18e-24efbad5753e@group-92397DDA24E5-LeaderElection5
2023-06-06 16:09:11,109 [93b1f261-b0c1-4dc9-a18e-24efbad5753e@group-20AD4E8CC79B-LeaderElection4] INFO  impl.LeaderElection (LeaderElection.java:askForVotes(321)) - 93b1f261-b0c1-4dc9-a18e-24efbad5753e@group-20AD4E8CC79B-LeaderElection4 ELECTION round 0: submit vote requests at term 1 for -1: peers:[df0472b3-7a9a-48e1-af6c-174a013a05cb|rpc:10.1.0.160:15032|admin:10.1.0.160:15031|client:10.1.0.160:15030|dataStream:10.1.0.160:15033|priority:0|startupRole:FOLLOWER, 93b1f261-b0c1-4dc9-a18e-24efbad5753e|rpc:10.1.0.160:15023|admin:10.1.0.160:15022|client:10.1.0.160:15021|dataStream:10.1.0.160:15024|priority:1|startupRole:FOLLOWER, f826b84a-407e-4101-8305-36a89543ec0a|rpc:10.1.0.160:15014|admin:10.1.0.160:15013|client:10.1.0.160:15012|dataStream:10.1.0.160:15015|priority:0|startupRole:FOLLOWER]|listeners:[], old=null
2023-06-06 16:09:11,114 [93b1f261-b0c1-4dc9-a18e-24efbad5753e@group-20AD4E8CC79B-LeaderElection4] INFO  server.RaftServerConfigKeys (ConfUtils.java:logFallback(53)) - raft.server.rpc.first-election.timeout.min = 5s (fallback to raft.server.rpc.timeout.min)
2023-06-06 16:09:11,114 [93b1f261-b0c1-4dc9-a18e-24efbad5753e@group-20AD4E8CC79B-LeaderElection4] INFO  server.RaftServerConfigKeys (ConfUtils.java:logFallback(53)) - raft.server.rpc.first-election.timeout.max = 5200ms (fallback to raft.server.rpc.timeout.max)
2023-06-06 16:09:11,116 [grpc-default-executor-0] INFO  server.RaftServer$Division (RaftServerImpl.java:requestVote(1302)) - f826b84a-407e-4101-8305-36a89543ec0a@group-20AD4E8CC79B: receive requestVote(PRE_VOTE, 93b1f261-b0c1-4dc9-a18e-24efbad5753e, group-20AD4E8CC79B, 0, (t:0, i:0))
2023-06-06 16:09:11,117 [grpc-default-executor-0] INFO  impl.VoteContext (VoteContext.java:log(49)) - f826b84a-407e-4101-8305-36a89543ec0a@group-20AD4E8CC79B-FOLLOWER: accept PRE_VOTE from 93b1f261-b0c1-4dc9-a18e-24efbad5753e: our priority 0 <= candidate's priority 1
2023-06-06 16:09:11,117 [grpc-default-executor-0] INFO  server.RaftServer$Division (RaftServerImpl.java:requestVote(1335)) - f826b84a-407e-4101-8305-36a89543ec0a@group-20AD4E8CC79B replies to PRE_VOTE vote request: 93b1f261-b0c1-4dc9-a18e-24efbad5753e<-f826b84a-407e-4101-8305-36a89543ec0a#0:OK-t0. Peer's state: f826b84a-407e-4101-8305-36a89543ec0a@group-20AD4E8CC79B:t0, leader=null, voted=, raftlog=Memoized:f826b84a-407e-4101-8305-36a89543ec0a@group-20AD4E8CC79B-SegmentedRaftLog:OPENED:c-1, conf=-1: peers:[df0472b3-7a9a-48e1-af6c-174a013a05cb|rpc:10.1.0.160:15032|admin:10.1.0.160:15031|client:10.1.0.160:15030|dataStream:10.1.0.160:15033|priority:0|startupRole:FOLLOWER, 93b1f261-b0c1-4dc9-a18e-24efbad5753e|rpc:10.1.0.160:15023|admin:10.1.0.160:15022|client:10.1.0.160:15021|dataStream:10.1.0.160:15024|priority:1|startupRole:FOLLOWER, f826b84a-407e-4101-8305-36a89543ec0a|rpc:10.1.0.160:15014|admin:10.1.0.160:15013|client:10.1.0.160:15012|dataStream:10.1.0.160:15015|priority:0|startupRole:FOLLOWER]|listeners:[], old=null
2023-06-06 16:09:11,116 [93b1f261-b0c1-4dc9-a18e-24efbad5753e@group-92397DDA24E5-LeaderElection5] INFO  impl.LeaderElection (LeaderElection.java:askForVotes(321)) - 93b1f261-b0c1-4dc9-a18e-24efbad5753e@group-92397DDA24E5-LeaderElection5 PRE_VOTE round 0: submit vote requests at term 0 for -1: peers:[93b1f261-b0c1-4dc9-a18e-24efbad5753e|rpc:10.1.0.160:15023|admin:10.1.0.160:15022|client:10.1.0.160:15021|dataStream:10.1.0.160:15024|priority:1|startupRole:FOLLOWER]|listeners:[], old=null
2023-06-06 16:09:11,116 [grpc-default-executor-1] INFO  server.RaftServer$Division (RaftServerImpl.java:requestVote(1302)) - df0472b3-7a9a-48e1-af6c-174a013a05cb@group-20AD4E8CC79B: receive requestVote(ELECTION, 93b1f261-b0c1-4dc9-a18e-24efbad5753e, group-20AD4E8CC79B, 1, (t:0, i:0))
2023-06-06 16:09:11,118 [grpc-default-executor-1] INFO  impl.VoteContext (VoteContext.java:log(49)) - df0472b3-7a9a-48e1-af6c-174a013a05cb@group-20AD4E8CC79B-FOLLOWER: accept ELECTION from 93b1f261-b0c1-4dc9-a18e-24efbad5753e: our priority 0 <= candidate's priority 1
2023-06-06 16:09:11,118 [grpc-default-executor-1] INFO  server.RaftServer$Division (RaftServerImpl.java:setRole(329)) - df0472b3-7a9a-48e1-af6c-174a013a05cb@group-20AD4E8CC79B: changes role from  FOLLOWER to FOLLOWER at term 1 for candidate:93b1f261-b0c1-4dc9-a18e-24efbad5753e
2023-06-06 16:09:11,118 [grpc-default-executor-1] INFO  impl.RoleInfo (RoleInfo.java:shutdownFollowerState(110)) - df0472b3-7a9a-48e1-af6c-174a013a05cb: shutdown df0472b3-7a9a-48e1-af6c-174a013a05cb@group-20AD4E8CC79B-FollowerState
2023-06-06 16:09:11,119 [grpc-default-executor-1] INFO  impl.RoleInfo (RoleInfo.java:updateAndGet(139)) - df0472b3-7a9a-48e1-af6c-174a013a05cb: start df0472b3-7a9a-48e1-af6c-174a013a05cb@group-20AD4E8CC79B-FollowerState
2023-06-06 16:09:11,119 [df0472b3-7a9a-48e1-af6c-174a013a05cb@group-20AD4E8CC79B-FollowerState] INFO  impl.FollowerState (FollowerState.java:run(152)) - df0472b3-7a9a-48e1-af6c-174a013a05cb@group-20AD4E8CC79B-FollowerState was interrupted
2023-06-06 16:09:11,120 [93b1f261-b0c1-4dc9-a18e-24efbad5753e@group-92397DDA24E5-LeaderElection5] INFO  impl.LeaderElection (LeaderElection.java:askForVotes(323)) - 93b1f261-b0c1-4dc9-a18e-24efbad5753e@group-92397DDA24E5-LeaderElection5 PRE_VOTE round 0: result PASSED (term=0)
2023-06-06 16:09:11,122 [grpc-default-executor-1] INFO  server.RaftServer$Division (RaftServerImpl.java:requestVote(1335)) - df0472b3-7a9a-48e1-af6c-174a013a05cb@group-20AD4E8CC79B replies to ELECTION vote request: 93b1f261-b0c1-4dc9-a18e-24efbad5753e<-df0472b3-7a9a-48e1-af6c-174a013a05cb#0:OK-t1. Peer's state: df0472b3-7a9a-48e1-af6c-174a013a05cb@group-20AD4E8CC79B:t1, leader=null, voted=93b1f261-b0c1-4dc9-a18e-24efbad5753e, raftlog=Memoized:df0472b3-7a9a-48e1-af6c-174a013a05cb@group-20AD4E8CC79B-SegmentedRaftLog:OPENED:c-1, conf=-1: peers:[df0472b3-7a9a-48e1-af6c-174a013a05cb|rpc:10.1.0.160:15032|admin:10.1.0.160:15031|client:10.1.0.160:15030|dataStream:10.1.0.160:15033|priority:0|startupRole:FOLLOWER, 93b1f261-b0c1-4dc9-a18e-24efbad5753e|rpc:10.1.0.160:15023|admin:10.1.0.160:15022|client:10.1.0.160:15021|dataStream:10.1.0.160:15024|priority:1|startupRole:FOLLOWER, f826b84a-407e-4101-8305-36a89543ec0a|rpc:10.1.0.160:15014|admin:10.1.0.160:15013|client:10.1.0.160:15012|dataStream:10.1.0.160:15015|priority:0|startupRole:FOLLOWER]|listeners:[], old=null
2023-06-06 16:09:11,123 [grpc-default-executor-0] INFO  server.RaftServer$Division (RaftServerImpl.java:requestVote(1302)) - f826b84a-407e-4101-8305-36a89543ec0a@group-20AD4E8CC79B: receive requestVote(ELECTION, 93b1f261-b0c1-4dc9-a18e-24efbad5753e, group-20AD4E8CC79B, 1, (t:0, i:0))
2023-06-06 16:09:11,123 [grpc-default-executor-0] INFO  impl.VoteContext (VoteContext.java:log(49)) - f826b84a-407e-4101-8305-36a89543ec0a@group-20AD4E8CC79B-FOLLOWER: accept ELECTION from 93b1f261-b0c1-4dc9-a18e-24efbad5753e: our priority 0 <= candidate's priority 1
2023-06-06 16:09:11,123 [grpc-default-executor-0] INFO  server.RaftServer$Division (RaftServerImpl.java:setRole(329)) - f826b84a-407e-4101-8305-36a89543ec0a@group-20AD4E8CC79B: changes role from  FOLLOWER to FOLLOWER at term 1 for candidate:93b1f261-b0c1-4dc9-a18e-24efbad5753e
2023-06-06 16:09:11,123 [grpc-default-executor-0] INFO  impl.RoleInfo (RoleInfo.java:shutdownFollowerState(110)) - f826b84a-407e-4101-8305-36a89543ec0a: shutdown f826b84a-407e-4101-8305-36a89543ec0a@group-20AD4E8CC79B-FollowerState
2023-06-06 16:09:11,123 [grpc-default-executor-0] INFO  impl.RoleInfo (RoleInfo.java:updateAndGet(139)) - f826b84a-407e-4101-8305-36a89543ec0a: start f826b84a-407e-4101-8305-36a89543ec0a@group-20AD4E8CC79B-FollowerState
2023-06-06 16:09:11,123 [f826b84a-407e-4101-8305-36a89543ec0a@group-20AD4E8CC79B-FollowerState] INFO  impl.FollowerState (FollowerState.java:run(152)) - f826b84a-407e-4101-8305-36a89543ec0a@group-20AD4E8CC79B-FollowerState was interrupted
2023-06-06 16:09:11,126 [grpc-default-executor-0] INFO  server.RaftServer$Division (RaftServerImpl.java:requestVote(1335)) - f826b84a-407e-4101-8305-36a89543ec0a@group-20AD4E8CC79B replies to ELECTION vote request: 93b1f261-b0c1-4dc9-a18e-24efbad5753e<-f826b84a-407e-4101-8305-36a89543ec0a#0:OK-t1. Peer's state: f826b84a-407e-4101-8305-36a89543ec0a@group-20AD4E8CC79B:t1, leader=null, voted=93b1f261-b0c1-4dc9-a18e-24efbad5753e, raftlog=Memoized:f826b84a-407e-4101-8305-36a89543ec0a@group-20AD4E8CC79B-SegmentedRaftLog:OPENED:c-1, conf=-1: peers:[df0472b3-7a9a-48e1-af6c-174a013a05cb|rpc:10.1.0.160:15032|admin:10.1.0.160:15031|client:10.1.0.160:15030|dataStream:10.1.0.160:15033|priority:0|startupRole:FOLLOWER, 93b1f261-b0c1-4dc9-a18e-24efbad5753e|rpc:10.1.0.160:15023|admin:10.1.0.160:15022|client:10.1.0.160:15021|dataStream:10.1.0.160:15024|priority:1|startupRole:FOLLOWER, f826b84a-407e-4101-8305-36a89543ec0a|rpc:10.1.0.160:15014|admin:10.1.0.160:15013|client:10.1.0.160:15012|dataStream:10.1.0.160:15015|priority:0|startupRole:FOLLOWER]|listeners:[], old=null
2023-06-06 16:09:11,127 [93b1f261-b0c1-4dc9-a18e-24efbad5753e@group-20AD4E8CC79B-LeaderElection4] INFO  impl.LeaderElection (LeaderElection.java:logAndReturn(90)) - 93b1f261-b0c1-4dc9-a18e-24efbad5753e@group-20AD4E8CC79B-LeaderElection4: ELECTION PASSED received 1 response(s) and 0 exception(s):
2023-06-06 16:09:11,127 [93b1f261-b0c1-4dc9-a18e-24efbad5753e@group-20AD4E8CC79B-LeaderElection4] INFO  impl.LeaderElection (LeaderElection.java:logAndReturn(94)) -   Response 0: 93b1f261-b0c1-4dc9-a18e-24efbad5753e<-df0472b3-7a9a-48e1-af6c-174a013a05cb#0:OK-t1
2023-06-06 16:09:11,127 [93b1f261-b0c1-4dc9-a18e-24efbad5753e@group-20AD4E8CC79B-LeaderElection4] INFO  impl.LeaderElection (LeaderElection.java:askForVotes(323)) - 93b1f261-b0c1-4dc9-a18e-24efbad5753e@group-20AD4E8CC79B-LeaderElection4 ELECTION round 0: result PASSED
2023-06-06 16:09:11,127 [93b1f261-b0c1-4dc9-a18e-24efbad5753e@group-20AD4E8CC79B-LeaderElection4] INFO  impl.RoleInfo (RoleInfo.java:shutdownLeaderElection(130)) - 93b1f261-b0c1-4dc9-a18e-24efbad5753e: shutdown 93b1f261-b0c1-4dc9-a18e-24efbad5753e@group-20AD4E8CC79B-LeaderElection4
2023-06-06 16:09:11,128 [93b1f261-b0c1-4dc9-a18e-24efbad5753e@group-20AD4E8CC79B-LeaderElection4] INFO  server.RaftServer$Division (RaftServerImpl.java:setRole(329)) - 93b1f261-b0c1-4dc9-a18e-24efbad5753e@group-20AD4E8CC79B: changes role from CANDIDATE to LEADER at term 1 for changeToLeader
2023-06-06 16:09:11,128 [93b1f261-b0c1-4dc9-a18e-24efbad5753e@group-20AD4E8CC79B-LeaderElection4] INFO  ratis.XceiverServerRatis (XceiverServerRatis.java:handleLeaderChangedNotification(902)) - Leader change notification received for group: group-20AD4E8CC79B with new leaderId: 93b1f261-b0c1-4dc9-a18e-24efbad5753e
2023-06-06 16:09:11,128 [93b1f261-b0c1-4dc9-a18e-24efbad5753e@group-20AD4E8CC79B-LeaderElection4] INFO  server.RaftServer$Division (ServerState.java:setLeader(317)) - 93b1f261-b0c1-4dc9-a18e-24efbad5753e@group-20AD4E8CC79B: change Leader from null to 93b1f261-b0c1-4dc9-a18e-24efbad5753e at term 1 for becomeLeader, leader elected after 5120ms
2023-06-06 16:09:11,128 [93b1f261-b0c1-4dc9-a18e-24efbad5753e@group-20AD4E8CC79B-LeaderElection4] INFO  server.RaftServerConfigKeys (ConfUtils.java:logGet(46)) - raft.server.staging.catchup.gap = 1000 (default)
2023-06-06 16:09:11,128 [93b1f261-b0c1-4dc9-a18e-24efbad5753e@group-20AD4E8CC79B-LeaderElection4] INFO  server.RaftServerConfigKeys (ConfUtils.java:logGet(46)) - raft.server.write.element-limit = 1024 (custom)
2023-06-06 16:09:11,128 [93b1f261-b0c1-4dc9-a18e-24efbad5753e@group-20AD4E8CC79B-LeaderElection4] INFO  server.RaftServerConfigKeys (ConfUtils.java:logGet(46)) - raft.server.write.byte-limit = 1024 M (=1073741824) (custom)
2023-06-06 16:09:11,129 [93b1f261-b0c1-4dc9-a18e-24efbad5753e@group-20AD4E8CC79B-LeaderElection4] INFO  server.RaftServerConfigKeys (ConfUtils.java:logGet(46)) - raft.server.watch.timeout = 180s (custom)
2023-06-06 16:09:11,129 [93b1f261-b0c1-4dc9-a18e-24efbad5753e@group-20AD4E8CC79B-LeaderElection4] INFO  server.RaftServerConfigKeys (ConfUtils.java:logGet(46)) - raft.server.watch.timeout.denomination = 1s (default)
2023-06-06 16:09:11,129 [93b1f261-b0c1-4dc9-a18e-24efbad5753e@group-20AD4E8CC79B-LeaderElection4] INFO  server.RaftServerConfigKeys (ConfUtils.java:logGet(46)) - raft.server.watch.element-limit = 65536 (default)
2023-06-06 16:09:11,129 [93b1f261-b0c1-4dc9-a18e-24efbad5753e@group-20AD4E8CC79B-LeaderElection4] INFO  server.RaftServerConfigKeys (ConfUtils.java:logGet(46)) - raft.server.write.element-limit = 1024 (custom)
2023-06-06 16:09:11,129 [93b1f261-b0c1-4dc9-a18e-24efbad5753e@group-20AD4E8CC79B-LeaderElection4] INFO  server.RaftServerConfigKeys (ConfUtils.java:logGet(46)) - raft.server.write.follower.gap.ratio.max = -1.0 (default)
2023-06-06 16:09:11,127 [93b1f261-b0c1-4dc9-a18e-24efbad5753e@group-92397DDA24E5-LeaderElection5] INFO  impl.LeaderElection (LeaderElection.java:askForVotes(321)) - 93b1f261-b0c1-4dc9-a18e-24efbad5753e@group-92397DDA24E5-LeaderElection5 ELECTION round 0: submit vote requests at term 1 for -1: peers:[93b1f261-b0c1-4dc9-a18e-24efbad5753e|rpc:10.1.0.160:15023|admin:10.1.0.160:15022|client:10.1.0.160:15021|dataStream:10.1.0.160:15024|priority:1|startupRole:FOLLOWER]|listeners:[], old=null
2023-06-06 16:09:11,132 [EventQueue-PipelineReportForPipelineReportHandler] INFO  pipeline.PipelineManagerImpl (PipelineManagerImpl.java:openPipeline(367)) - Pipeline Pipeline[ Id: 2602682c-5e1b-4a6e-97c4-20ad4e8cc79b, Nodes: 93b1f261-b0c1-4dc9-a18e-24efbad5753e(fv-az201-460.ett4tu3jvdse5ovc2mkgjqcs5a.bx.internal.cloudapp.net/10.1.0.160)df0472b3-7a9a-48e1-af6c-174a013a05cb(fv-az201-460.ett4tu3jvdse5ovc2mkgjqcs5a.bx.internal.cloudapp.net/10.1.0.160)f826b84a-407e-4101-8305-36a89543ec0a(fv-az201-460.ett4tu3jvdse5ovc2mkgjqcs5a.bx.internal.cloudapp.net/10.1.0.160), ReplicationConfig: RATIS/THREE, State:ALLOCATED, leaderId:93b1f261-b0c1-4dc9-a18e-24efbad5753e, CreationTimestamp2023-06-06T16:09:03.351Z[Etc/UTC]] moved to OPEN state
2023-06-06 16:09:11,135 [93b1f261-b0c1-4dc9-a18e-24efbad5753e@group-92397DDA24E5-LeaderElection5] INFO  impl.LeaderElection (LeaderElection.java:askForVotes(323)) - 93b1f261-b0c1-4dc9-a18e-24efbad5753e@group-92397DDA24E5-LeaderElection5 ELECTION round 0: result PASSED (term=1)
2023-06-06 16:09:11,135 [EventQueue-OpenPipelineForHealthyPipelineSafeModeRule] INFO  safemode.SCMSafeModeManager (HealthyPipelineSafeModeRule.java:process(137)) - SCM in safe mode. Healthy pipelines reported count is 1, required healthy pipeline reported count is 1
2023-06-06 16:09:11,135 [EventQueue-OpenPipelineForHealthyPipelineSafeModeRule] INFO  safemode.SCMSafeModeManager (SCMSafeModeManager.java:validateSafeModeExitRules(200)) - HealthyPipelineSafeModeRule rule is successfully validated
2023-06-06 16:09:11,135 [EventQueue-OpenPipelineForHealthyPipelineSafeModeRule] INFO  safemode.SCMSafeModeManager (SCMSafeModeManager.java:validateSafeModeExitRules(215)) - ScmSafeModeManager, all rules are successfully validated
2023-06-06 16:09:11,135 [EventQueue-OpenPipelineForHealthyPipelineSafeModeRule] INFO  safemode.SCMSafeModeManager (SCMSafeModeManager.java:exitSafeMode(244)) - SCM exiting safe mode.
2023-06-06 16:09:11,135 [EventQueue-OpenPipelineForHealthyPipelineSafeModeRule] INFO  ha.SCMContext (SCMContext.java:updateSafeModeStatus(228)) - Update SafeModeStatus from SafeModeStatus{safeModeStatus=true, preCheckPassed=true} to SafeModeStatus{safeModeStatus=false, preCheckPassed=true}.
2023-06-06 16:09:11,135 [EventQueue-OpenPipelineForHealthyPipelineSafeModeRule] INFO  pipeline.BackgroundPipelineCreator (BackgroundPipelineCreator.java:notifyStatusChanged(254)) - Service BackgroundPipelineCreator transitions to RUNNING.
2023-06-06 16:09:11,135 [EventQueue-OpenPipelineForHealthyPipelineSafeModeRule] INFO  BackgroundPipelineScrubber (BackgroundSCMService.java:notifyStatusChanged(82)) - Service BackgroundPipelineScrubber transitions to RUNNING.
2023-06-06 16:09:11,135 [EventQueue-OpenPipelineForHealthyPipelineSafeModeRule] INFO  ExpiredContainerReplicaOpScrubber (BackgroundSCMService.java:notifyStatusChanged(82)) - Service ExpiredContainerReplicaOpScrubber transitions to RUNNING.
2023-06-06 16:09:11,136 [EventQueue-OpenPipelineForHealthyPipelineSafeModeRule] INFO  replication.ReplicationManager (ReplicationManager.java:notifyStatusChanged(1369)) - Service ReplicationManager transitions to RUNNING.
2023-06-06 16:09:11,135 [93b1f261-b0c1-4dc9-a18e-24efbad5753e@group-92397DDA24E5-LeaderElection5] INFO  impl.RoleInfo (RoleInfo.java:shutdownLeaderElection(130)) - 93b1f261-b0c1-4dc9-a18e-24efbad5753e: shutdown 93b1f261-b0c1-4dc9-a18e-24efbad5753e@group-92397DDA24E5-LeaderElection5
2023-06-06 16:09:11,136 [93b1f261-b0c1-4dc9-a18e-24efbad5753e@group-92397DDA24E5-LeaderElection5] INFO  server.RaftServer$Division (RaftServerImpl.java:setRole(329)) - 93b1f261-b0c1-4dc9-a18e-24efbad5753e@group-92397DDA24E5: changes role from CANDIDATE to LEADER at term 1 for changeToLeader
2023-06-06 16:09:11,136 [93b1f261-b0c1-4dc9-a18e-24efbad5753e@group-92397DDA24E5-LeaderElection5] INFO  ratis.XceiverServerRatis (XceiverServerRatis.java:handleLeaderChangedNotification(902)) - Leader change notification received for group: group-92397DDA24E5 with new leaderId: 93b1f261-b0c1-4dc9-a18e-24efbad5753e
2023-06-06 16:09:11,137 [93b1f261-b0c1-4dc9-a18e-24efbad5753e@group-92397DDA24E5-LeaderElection5] INFO  server.RaftServer$Division (ServerState.java:setLeader(317)) - 93b1f261-b0c1-4dc9-a18e-24efbad5753e@group-92397DDA24E5: change Leader from null to 93b1f261-b0c1-4dc9-a18e-24efbad5753e at term 1 for becomeLeader, leader elected after 5152ms
2023-06-06 16:09:11,137 [93b1f261-b0c1-4dc9-a18e-24efbad5753e@group-92397DDA24E5-LeaderElection5] INFO  server.RaftServerConfigKeys (ConfUtils.java:logGet(46)) - raft.server.staging.catchup.gap = 1000 (default)
2023-06-06 16:09:11,141 [EventQueue-OpenPipelineForHealthyPipelineSafeModeRule] WARN  balancer.ContainerBalancer (ContainerBalancer.java:shouldRun(135)) - Could not find persisted configuration for ContainerBalancer when checking if ContainerBalancer should run. ContainerBalancer should not run now.
2023-06-06 16:09:11,142 [93b1f261-b0c1-4dc9-a18e-24efbad5753e@group-92397DDA24E5-LeaderElection5] INFO  server.RaftServerConfigKeys (ConfUtils.java:logGet(46)) - raft.server.write.element-limit = 1024 (custom)
2023-06-06 16:09:11,142 [93b1f261-b0c1-4dc9-a18e-24efbad5753e@group-92397DDA24E5-LeaderElection5] INFO  server.RaftServerConfigKeys (ConfUtils.java:logGet(46)) - raft.server.write.byte-limit = 1024 M (=1073741824) (custom)
2023-06-06 16:09:11,142 [93b1f261-b0c1-4dc9-a18e-24efbad5753e@group-92397DDA24E5-LeaderElection5] INFO  server.RaftServerConfigKeys (ConfUtils.java:logGet(46)) - raft.server.watch.timeout = 180s (custom)
2023-06-06 16:09:11,142 [93b1f261-b0c1-4dc9-a18e-24efbad5753e@group-92397DDA24E5-LeaderElection5] INFO  server.RaftServerConfigKeys (ConfUtils.java:logGet(46)) - raft.server.watch.timeout.denomination = 1s (default)
2023-06-06 16:09:11,142 [93b1f261-b0c1-4dc9-a18e-24efbad5753e@group-92397DDA24E5-LeaderElection5] INFO  server.RaftServerConfigKeys (ConfUtils.java:logGet(46)) - raft.server.watch.element-limit = 65536 (default)
2023-06-06 16:09:11,142 [93b1f261-b0c1-4dc9-a18e-24efbad5753e@group-92397DDA24E5-LeaderElection5] INFO  server.RaftServerConfigKeys (ConfUtils.java:logGet(46)) - raft.server.write.element-limit = 1024 (custom)
2023-06-06 16:09:11,142 [93b1f261-b0c1-4dc9-a18e-24efbad5753e@group-92397DDA24E5-LeaderElection5] INFO  server.RaftServerConfigKeys (ConfUtils.java:logGet(46)) - raft.server.write.follower.gap.ratio.max = -1.0 (default)
2023-06-06 16:09:11,142 [93b1f261-b0c1-4dc9-a18e-24efbad5753e@group-92397DDA24E5-LeaderElection5] INFO  impl.RoleInfo (RoleInfo.java:updateAndGet(139)) - 93b1f261-b0c1-4dc9-a18e-24efbad5753e: start 93b1f261-b0c1-4dc9-a18e-24efbad5753e@group-92397DDA24E5-LeaderStateImpl
2023-06-06 16:09:11,143 [93b1f261-b0c1-4dc9-a18e-24efbad5753e@group-92397DDA24E5-LeaderElection5] INFO  segmented.SegmentedRaftLogWorker (SegmentedRaftLogWorker.java:startLogSegment(447)) - 93b1f261-b0c1-4dc9-a18e-24efbad5753e@group-92397DDA24E5-SegmentedRaftLogWorker: Starting segment from index:0
2023-06-06 16:09:11,146 [93b1f261-b0c1-4dc9-a18e-24efbad5753e@group-92397DDA24E5-SegmentedRaftLogWorker] INFO  segmented.SegmentedRaftLogWorker (SegmentedRaftLogWorker.java:execute(651)) - 93b1f261-b0c1-4dc9-a18e-24efbad5753e@group-92397DDA24E5-SegmentedRaftLogWorker: created new log segment /home/runner/work/ozone/ozone/hadoop-ozone/integration-test/target/test-dir/MiniOzoneClusterImpl-f3fe63fb-43ef-4153-9b86-93c9d8ad9adb/datanode-1/data/ratis/aafe387d-81ef-418e-8e42-92397dda24e5/current/log_inprogress_0
2023-06-06 16:09:11,147 [93b1f261-b0c1-4dc9-a18e-24efbad5753e@group-92397DDA24E5-LeaderElection5] INFO  server.RaftServer$Division (ServerState.java:setRaftConf(434)) - 93b1f261-b0c1-4dc9-a18e-24efbad5753e@group-92397DDA24E5: set configuration 0: peers:[93b1f261-b0c1-4dc9-a18e-24efbad5753e|rpc:10.1.0.160:15023|admin:10.1.0.160:15022|client:10.1.0.160:15021|dataStream:10.1.0.160:15024|priority:1|startupRole:FOLLOWER]|listeners:[], old=null
2023-06-06 16:09:11,152 [93b1f261-b0c1-4dc9-a18e-24efbad5753e@group-20AD4E8CC79B-LeaderElection4] INFO  server.RaftServerConfigKeys (ConfUtils.java:logGet(46)) - raft.server.log.appender.snapshot.chunk.size.max = 16MB (=16777216) (default)
2023-06-06 16:09:11,152 [93b1f261-b0c1-4dc9-a18e-24efbad5753e@group-20AD4E8CC79B-LeaderElection4] INFO  server.RaftServerConfigKeys (ConfUtils.java:logGet(46)) - raft.server.log.appender.buffer.byte-limit = 33554432 (custom)
2023-06-06 16:09:11,152 [93b1f261-b0c1-4dc9-a18e-24efbad5753e@group-20AD4E8CC79B-LeaderElection4] INFO  server.RaftServerConfigKeys (ConfUtils.java:logGet(46)) - raft.server.log.appender.buffer.element-limit = 1 (custom)
2023-06-06 16:09:11,155 [93b1f261-b0c1-4dc9-a18e-24efbad5753e@group-20AD4E8CC79B-LeaderElection4] INFO  server.RaftServerConfigKeys (ConfUtils.java:logGet(46)) - raft.server.log.appender.wait-time.min = 10ms (default)
2023-06-06 16:09:11,157 [93b1f261-b0c1-4dc9-a18e-24efbad5753e@group-20AD4E8CC79B-LeaderElection4] INFO  grpc.GrpcConfigKeys (ConfUtils.java:logGet(46)) - raft.grpc.server.leader.outstanding.appends.max = 128 (default)
2023-06-06 16:09:11,158 [93b1f261-b0c1-4dc9-a18e-24efbad5753e@group-20AD4E8CC79B-LeaderElection4] INFO  server.RaftServerConfigKeys (ConfUtils.java:logGet(46)) - raft.server.rpc.request.timeout = 60s (custom)
2023-06-06 16:09:11,158 [93b1f261-b0c1-4dc9-a18e-24efbad5753e@group-20AD4E8CC79B-LeaderElection4] INFO  grpc.GrpcConfigKeys (ConfUtils.java:logGet(46)) - raft.grpc.server.install_snapshot.request.element-limit = 8 (default)
2023-06-06 16:09:11,159 [93b1f261-b0c1-4dc9-a18e-24efbad5753e@group-20AD4E8CC79B-LeaderElection4] INFO  grpc.GrpcConfigKeys (ConfUtils.java:logGet(46)) - raft.grpc.server.install_snapshot.request.timeout = 3000ms (default)
2023-06-06 16:09:11,159 [93b1f261-b0c1-4dc9-a18e-24efbad5753e@group-20AD4E8CC79B-LeaderElection4] INFO  server.RaftServerConfigKeys (ConfUtils.java:logGet(46)) - raft.server.log.appender.install.snapshot.enabled = false (custom)
2023-06-06 16:09:11,159 [93b1f261-b0c1-4dc9-a18e-24efbad5753e@group-20AD4E8CC79B-LeaderElection4] INFO  grpc.GrpcConfigKeys (ConfUtils.java:logGet(46)) - raft.grpc.server.heartbeat.channel = true (default)
2023-06-06 16:09:11,161 [93b1f261-b0c1-4dc9-a18e-24efbad5753e@group-20AD4E8CC79B-LeaderElection4] INFO  server.RaftServerConfigKeys (ConfUtils.java:logGet(46)) - raft.server.log.appender.snapshot.chunk.size.max = 16MB (=16777216) (default)
2023-06-06 16:09:11,161 [93b1f261-b0c1-4dc9-a18e-24efbad5753e@group-20AD4E8CC79B-LeaderElection4] INFO  server.RaftServerConfigKeys (ConfUtils.java:logGet(46)) - raft.server.log.appender.buffer.byte-limit = 33554432 (custom)
2023-06-06 16:09:11,161 [93b1f261-b0c1-4dc9-a18e-24efbad5753e@group-20AD4E8CC79B-LeaderElection4] INFO  server.RaftServerConfigKeys (ConfUtils.java:logGet(46)) - raft.server.log.appender.buffer.element-limit = 1 (custom)
2023-06-06 16:09:11,161 [93b1f261-b0c1-4dc9-a18e-24efbad5753e@group-20AD4E8CC79B-LeaderElection4] INFO  server.RaftServerConfigKeys (ConfUtils.java:logGet(46)) - raft.server.log.appender.wait-time.min = 10ms (default)
2023-06-06 16:09:11,161 [93b1f261-b0c1-4dc9-a18e-24efbad5753e@group-20AD4E8CC79B-LeaderElection4] INFO  grpc.GrpcConfigKeys (ConfUtils.java:logGet(46)) - raft.grpc.server.leader.outstanding.appends.max = 128 (default)
2023-06-06 16:09:11,161 [93b1f261-b0c1-4dc9-a18e-24efbad5753e@group-20AD4E8CC79B-LeaderElection4] INFO  server.RaftServerConfigKeys (ConfUtils.java:logGet(46)) - raft.server.rpc.request.timeout = 60s (custom)
2023-06-06 16:09:11,161 [93b1f261-b0c1-4dc9-a18e-24efbad5753e@group-20AD4E8CC79B-LeaderElection4] INFO  grpc.GrpcConfigKeys (ConfUtils.java:logGet(46)) - raft.grpc.server.install_snapshot.request.element-limit = 8 (default)
2023-06-06 16:09:11,161 [93b1f261-b0c1-4dc9-a18e-24efbad5753e@group-20AD4E8CC79B-LeaderElection4] INFO  grpc.GrpcConfigKeys (ConfUtils.java:logGet(46)) - raft.grpc.server.install_snapshot.request.timeout = 3000ms (default)
2023-06-06 16:09:11,161 [93b1f261-b0c1-4dc9-a18e-24efbad5753e@group-20AD4E8CC79B-LeaderElection4] INFO  server.RaftServerConfigKeys (ConfUtils.java:logGet(46)) - raft.server.log.appender.install.snapshot.enabled = false (custom)
2023-06-06 16:09:11,161 [93b1f261-b0c1-4dc9-a18e-24efbad5753e@group-20AD4E8CC79B-LeaderElection4] INFO  grpc.GrpcConfigKeys (ConfUtils.java:logGet(46)) - raft.grpc.server.heartbeat.channel = true (default)
2023-06-06 16:09:11,162 [93b1f261-b0c1-4dc9-a18e-24efbad5753e@group-20AD4E8CC79B-LeaderElection4] INFO  impl.RoleInfo (RoleInfo.java:updateAndGet(139)) - 93b1f261-b0c1-4dc9-a18e-24efbad5753e: start 93b1f261-b0c1-4dc9-a18e-24efbad5753e@group-20AD4E8CC79B-LeaderStateImpl
2023-06-06 16:09:11,162 [93b1f261-b0c1-4dc9-a18e-24efbad5753e@group-20AD4E8CC79B-LeaderElection4] INFO  segmented.SegmentedRaftLogWorker (SegmentedRaftLogWorker.java:startLogSegment(447)) - 93b1f261-b0c1-4dc9-a18e-24efbad5753e@group-20AD4E8CC79B-SegmentedRaftLogWorker: Starting segment from index:0
2023-06-06 16:09:11,164 [93b1f261-b0c1-4dc9-a18e-24efbad5753e@group-20AD4E8CC79B-SegmentedRaftLogWorker] INFO  segmented.SegmentedRaftLogWorker (SegmentedRaftLogWorker.java:execute(651)) - 93b1f261-b0c1-4dc9-a18e-24efbad5753e@group-20AD4E8CC79B-SegmentedRaftLogWorker: created new log segment /home/runner/work/ozone/ozone/hadoop-ozone/integration-test/target/test-dir/MiniOzoneClusterImpl-f3fe63fb-43ef-4153-9b86-93c9d8ad9adb/datanode-1/data/ratis/2602682c-5e1b-4a6e-97c4-20ad4e8cc79b/current/log_inprogress_0
2023-06-06 16:09:11,170 [93b1f261-b0c1-4dc9-a18e-24efbad5753e@group-20AD4E8CC79B-LeaderElection4] INFO  server.RaftServer$Division (ServerState.java:setRaftConf(434)) - 93b1f261-b0c1-4dc9-a18e-24efbad5753e@group-20AD4E8CC79B: set configuration 0: peers:[df0472b3-7a9a-48e1-af6c-174a013a05cb|rpc:10.1.0.160:15032|admin:10.1.0.160:15031|client:10.1.0.160:15030|dataStream:10.1.0.160:15033|priority:0|startupRole:FOLLOWER, 93b1f261-b0c1-4dc9-a18e-24efbad5753e|rpc:10.1.0.160:15023|admin:10.1.0.160:15022|client:10.1.0.160:15021|dataStream:10.1.0.160:15024|priority:1|startupRole:FOLLOWER, f826b84a-407e-4101-8305-36a89543ec0a|rpc:10.1.0.160:15014|admin:10.1.0.160:15013|client:10.1.0.160:15012|dataStream:10.1.0.160:15015|priority:0|startupRole:FOLLOWER]|listeners:[], old=null
2023-06-06 16:09:11,204 [f826b84a-407e-4101-8305-36a89543ec0a-server-thread1] INFO  ratis.XceiverServerRatis (XceiverServerRatis.java:handleLeaderChangedNotification(902)) - Leader change notification received for group: group-20AD4E8CC79B with new leaderId: 93b1f261-b0c1-4dc9-a18e-24efbad5753e
2023-06-06 16:09:11,204 [f826b84a-407e-4101-8305-36a89543ec0a-server-thread1] INFO  server.RaftServer$Division (ServerState.java:setLeader(317)) - f826b84a-407e-4101-8305-36a89543ec0a@group-20AD4E8CC79B: change Leader from null to 93b1f261-b0c1-4dc9-a18e-24efbad5753e at term 1 for appendEntries, leader elected after 5575ms
2023-06-06 16:09:11,212 [df0472b3-7a9a-48e1-af6c-174a013a05cb-server-thread1] INFO  ratis.XceiverServerRatis (XceiverServerRatis.java:handleLeaderChangedNotification(902)) - Leader change notification received for group: group-20AD4E8CC79B with new leaderId: 93b1f261-b0c1-4dc9-a18e-24efbad5753e
2023-06-06 16:09:11,218 [df0472b3-7a9a-48e1-af6c-174a013a05cb-server-thread1] INFO  server.RaftServer$Division (ServerState.java:setLeader(317)) - df0472b3-7a9a-48e1-af6c-174a013a05cb@group-20AD4E8CC79B: change Leader from null to 93b1f261-b0c1-4dc9-a18e-24efbad5753e at term 1 for appendEntries, leader elected after 4945ms
2023-06-06 16:09:11,232 [f826b84a-407e-4101-8305-36a89543ec0a-server-thread3] INFO  server.RaftServer$Division (ServerState.java:setRaftConf(434)) - f826b84a-407e-4101-8305-36a89543ec0a@group-20AD4E8CC79B: set configuration 0: peers:[df0472b3-7a9a-48e1-af6c-174a013a05cb|rpc:10.1.0.160:15032|admin:10.1.0.160:15031|client:10.1.0.160:15030|dataStream:10.1.0.160:15033|priority:0|startupRole:FOLLOWER, 93b1f261-b0c1-4dc9-a18e-24efbad5753e|rpc:10.1.0.160:15023|admin:10.1.0.160:15022|client:10.1.0.160:15021|dataStream:10.1.0.160:15024|priority:1|startupRole:FOLLOWER, f826b84a-407e-4101-8305-36a89543ec0a|rpc:10.1.0.160:15014|admin:10.1.0.160:15013|client:10.1.0.160:15012|dataStream:10.1.0.160:15015|priority:0|startupRole:FOLLOWER]|listeners:[], old=null
2023-06-06 16:09:11,232 [f826b84a-407e-4101-8305-36a89543ec0a-server-thread3] INFO  segmented.SegmentedRaftLogWorker (SegmentedRaftLogWorker.java:startLogSegment(447)) - f826b84a-407e-4101-8305-36a89543ec0a@group-20AD4E8CC79B-SegmentedRaftLogWorker: Starting segment from index:0
2023-06-06 16:09:11,245 [f826b84a-407e-4101-8305-36a89543ec0a@group-20AD4E8CC79B-SegmentedRaftLogWorker] INFO  segmented.SegmentedRaftLogWorker (SegmentedRaftLogWorker.java:execute(651)) - f826b84a-407e-4101-8305-36a89543ec0a@group-20AD4E8CC79B-SegmentedRaftLogWorker: created new log segment /home/runner/work/ozone/ozone/hadoop-ozone/integration-test/target/test-dir/MiniOzoneClusterImpl-f3fe63fb-43ef-4153-9b86-93c9d8ad9adb/datanode-0/data/ratis/2602682c-5e1b-4a6e-97c4-20ad4e8cc79b/current/log_inprogress_0
2023-06-06 16:09:11,257 [df0472b3-7a9a-48e1-af6c-174a013a05cb-server-thread3] INFO  server.RaftServer$Division (ServerState.java:setRaftConf(434)) - df0472b3-7a9a-48e1-af6c-174a013a05cb@group-20AD4E8CC79B: set configuration 0: peers:[df0472b3-7a9a-48e1-af6c-174a013a05cb|rpc:10.1.0.160:15032|admin:10.1.0.160:15031|client:10.1.0.160:15030|dataStream:10.1.0.160:15033|priority:0|startupRole:FOLLOWER, 93b1f261-b0c1-4dc9-a18e-24efbad5753e|rpc:10.1.0.160:15023|admin:10.1.0.160:15022|client:10.1.0.160:15021|dataStream:10.1.0.160:15024|priority:1|startupRole:FOLLOWER, f826b84a-407e-4101-8305-36a89543ec0a|rpc:10.1.0.160:15014|admin:10.1.0.160:15013|client:10.1.0.160:15012|dataStream:10.1.0.160:15015|priority:0|startupRole:FOLLOWER]|listeners:[], old=null
2023-06-06 16:09:11,258 [df0472b3-7a9a-48e1-af6c-174a013a05cb-server-thread3] INFO  segmented.SegmentedRaftLogWorker (SegmentedRaftLogWorker.java:startLogSegment(447)) - df0472b3-7a9a-48e1-af6c-174a013a05cb@group-20AD4E8CC79B-SegmentedRaftLogWorker: Starting segment from index:0
2023-06-06 16:09:11,259 [df0472b3-7a9a-48e1-af6c-174a013a05cb@group-20AD4E8CC79B-SegmentedRaftLogWorker] INFO  segmented.SegmentedRaftLogWorker (SegmentedRaftLogWorker.java:execute(651)) - df0472b3-7a9a-48e1-af6c-174a013a05cb@group-20AD4E8CC79B-SegmentedRaftLogWorker: created new log segment /home/runner/work/ozone/ozone/hadoop-ozone/integration-test/target/test-dir/MiniOzoneClusterImpl-f3fe63fb-43ef-4153-9b86-93c9d8ad9adb/datanode-2/data/ratis/2602682c-5e1b-4a6e-97c4-20ad4e8cc79b/current/log_inprogress_0
2023-06-06 16:09:11,346 [main] INFO  ozone.MiniOzoneClusterImpl (MiniOzoneClusterImpl.java:lambda$waitForClusterToBeReady$0(222)) - Nodes are ready. Got 3 of 3 DN Heartbeats.
2023-06-06 16:09:11,346 [main] INFO  ozone.MiniOzoneClusterImpl (MiniOzoneClusterImpl.java:lambda$waitForClusterToBeReady$0(225)) - Cluster exits safe mode
2023-06-06 16:09:11,346 [main] INFO  ozone.MiniOzoneClusterImpl (MiniOzoneClusterImpl.java:lambda$waitForClusterToBeReady$0(227)) - SCM became leader
2023-06-06 16:09:11,789 [f826b84a-407e-4101-8305-36a89543ec0a@group-6C7325FF34D6-FollowerState] INFO  impl.FollowerState (FollowerState.java:run(143)) - f826b84a-407e-4101-8305-36a89543ec0a@group-6C7325FF34D6-FollowerState: change to CANDIDATE, lastRpcElapsedTime:5041159381ns, electionTimeout:5040ms
2023-06-06 16:09:11,789 [f826b84a-407e-4101-8305-36a89543ec0a@group-6C7325FF34D6-FollowerState] INFO  impl.RoleInfo (RoleInfo.java:shutdownFollowerState(110)) - f826b84a-407e-4101-8305-36a89543ec0a: shutdown f826b84a-407e-4101-8305-36a89543ec0a@group-6C7325FF34D6-FollowerState
2023-06-06 16:09:11,789 [f826b84a-407e-4101-8305-36a89543ec0a@group-6C7325FF34D6-FollowerState] INFO  server.RaftServer$Division (RaftServerImpl.java:setRole(329)) - f826b84a-407e-4101-8305-36a89543ec0a@group-6C7325FF34D6: changes role from  FOLLOWER to CANDIDATE at term 0 for changeToCandidate
2023-06-06 16:09:11,789 [f826b84a-407e-4101-8305-36a89543ec0a@group-6C7325FF34D6-FollowerState] INFO  server.RaftServerConfigKeys (ConfUtils.java:logGet(46)) - raft.server.leaderelection.pre-vote = true (default)
2023-06-06 16:09:11,789 [f826b84a-407e-4101-8305-36a89543ec0a@group-6C7325FF34D6-FollowerState] INFO  impl.RoleInfo (RoleInfo.java:updateAndGet(139)) - f826b84a-407e-4101-8305-36a89543ec0a: start f826b84a-407e-4101-8305-36a89543ec0a@group-6C7325FF34D6-LeaderElection6
2023-06-06 16:09:11,796 [f826b84a-407e-4101-8305-36a89543ec0a@group-6C7325FF34D6-LeaderElection6] INFO  impl.LeaderElection (LeaderElection.java:askForVotes(321)) - f826b84a-407e-4101-8305-36a89543ec0a@group-6C7325FF34D6-LeaderElection6 PRE_VOTE round 0: submit vote requests at term 0 for -1: peers:[df0472b3-7a9a-48e1-af6c-174a013a05cb|rpc:10.1.0.160:15032|admin:10.1.0.160:15031|client:10.1.0.160:15030|dataStream:10.1.0.160:15033|priority:0|startupRole:FOLLOWER, 93b1f261-b0c1-4dc9-a18e-24efbad5753e|rpc:10.1.0.160:15023|admin:10.1.0.160:15022|client:10.1.0.160:15021|dataStream:10.1.0.160:15024|priority:0|startupRole:FOLLOWER, f826b84a-407e-4101-8305-36a89543ec0a|rpc:10.1.0.160:15014|admin:10.1.0.160:15013|client:10.1.0.160:15012|dataStream:10.1.0.160:15015|priority:1|startupRole:FOLLOWER]|listeners:[], old=null
2023-06-06 16:09:11,803 [f826b84a-407e-4101-8305-36a89543ec0a@group-6C7325FF34D6-LeaderElection6] INFO  server.RaftServerConfigKeys (ConfUtils.java:logFallback(53)) - raft.server.rpc.first-election.timeout.min = 5s (fallback to raft.server.rpc.timeout.min)
2023-06-06 16:09:11,804 [f826b84a-407e-4101-8305-36a89543ec0a@group-6C7325FF34D6-LeaderElection6] INFO  server.RaftServerConfigKeys (ConfUtils.java:logFallback(53)) - raft.server.rpc.first-election.timeout.max = 5200ms (fallback to raft.server.rpc.timeout.max)
2023-06-06 16:09:11,807 [df0472b3-7a9a-48e1-af6c-174a013a05cb@group-AE7712D5083E-FollowerState] INFO  impl.FollowerState (FollowerState.java:run(143)) - df0472b3-7a9a-48e1-af6c-174a013a05cb@group-AE7712D5083E-FollowerState: change to CANDIDATE, lastRpcElapsedTime:5144416493ns, electionTimeout:5135ms
2023-06-06 16:09:11,808 [grpc-default-executor-3] INFO  server.RaftServer$Division (RaftServerImpl.java:requestVote(1302)) - df0472b3-7a9a-48e1-af6c-174a013a05cb@group-6C7325FF34D6: receive requestVote(PRE_VOTE, f826b84a-407e-4101-8305-36a89543ec0a, group-6C7325FF34D6, 0, (t:0, i:0))
2023-06-06 16:09:11,809 [df0472b3-7a9a-48e1-af6c-174a013a05cb@group-AE7712D5083E-FollowerState] INFO  impl.RoleInfo (RoleInfo.java:shutdownFollowerState(110)) - df0472b3-7a9a-48e1-af6c-174a013a05cb: shutdown df0472b3-7a9a-48e1-af6c-174a013a05cb@group-AE7712D5083E-FollowerState
2023-06-06 16:09:11,809 [df0472b3-7a9a-48e1-af6c-174a013a05cb@group-AE7712D5083E-FollowerState] INFO  server.RaftServer$Division (RaftServerImpl.java:setRole(329)) - df0472b3-7a9a-48e1-af6c-174a013a05cb@group-AE7712D5083E: changes role from  FOLLOWER to CANDIDATE at term 0 for changeToCandidate
2023-06-06 16:09:11,809 [df0472b3-7a9a-48e1-af6c-174a013a05cb@group-AE7712D5083E-FollowerState] INFO  server.RaftServerConfigKeys (ConfUtils.java:logGet(46)) - raft.server.leaderelection.pre-vote = true (default)
2023-06-06 16:09:11,809 [df0472b3-7a9a-48e1-af6c-174a013a05cb@group-AE7712D5083E-FollowerState] INFO  impl.RoleInfo (RoleInfo.java:updateAndGet(139)) - df0472b3-7a9a-48e1-af6c-174a013a05cb: start df0472b3-7a9a-48e1-af6c-174a013a05cb@group-AE7712D5083E-LeaderElection7
2023-06-06 16:09:11,809 [grpc-default-executor-3] INFO  impl.VoteContext (VoteContext.java:log(49)) - df0472b3-7a9a-48e1-af6c-174a013a05cb@group-6C7325FF34D6-FOLLOWER: accept PRE_VOTE from f826b84a-407e-4101-8305-36a89543ec0a: our priority 0 <= candidate's priority 1
2023-06-06 16:09:11,810 [grpc-default-executor-3] INFO  server.RaftServer$Division (RaftServerImpl.java:requestVote(1335)) - df0472b3-7a9a-48e1-af6c-174a013a05cb@group-6C7325FF34D6 replies to PRE_VOTE vote request: f826b84a-407e-4101-8305-36a89543ec0a<-df0472b3-7a9a-48e1-af6c-174a013a05cb#0:OK-t0. Peer's state: df0472b3-7a9a-48e1-af6c-174a013a05cb@group-6C7325FF34D6:t0, leader=null, voted=, raftlog=Memoized:df0472b3-7a9a-48e1-af6c-174a013a05cb@group-6C7325FF34D6-SegmentedRaftLog:OPENED:c-1, conf=-1: peers:[df0472b3-7a9a-48e1-af6c-174a013a05cb|rpc:10.1.0.160:15032|admin:10.1.0.160:15031|client:10.1.0.160:15030|dataStream:10.1.0.160:15033|priority:0|startupRole:FOLLOWER, 93b1f261-b0c1-4dc9-a18e-24efbad5753e|rpc:10.1.0.160:15023|admin:10.1.0.160:15022|client:10.1.0.160:15021|dataStream:10.1.0.160:15024|priority:0|startupRole:FOLLOWER, f826b84a-407e-4101-8305-36a89543ec0a|rpc:10.1.0.160:15014|admin:10.1.0.160:15013|client:10.1.0.160:15012|dataStream:10.1.0.160:15015|priority:1|startupRole:FOLLOWER]|listeners:[], old=null
2023-06-06 16:09:11,818 [f826b84a-407e-4101-8305-36a89543ec0a@group-6C7325FF34D6-LeaderElection6] INFO  impl.LeaderElection (LeaderElection.java:logAndReturn(90)) - f826b84a-407e-4101-8305-36a89543ec0a@group-6C7325FF34D6-LeaderElection6: PRE_VOTE PASSED received 1 response(s) and 0 exception(s):
2023-06-06 16:09:11,818 [f826b84a-407e-4101-8305-36a89543ec0a@group-6C7325FF34D6-LeaderElection6] INFO  impl.LeaderElection (LeaderElection.java:logAndReturn(94)) -   Response 0: f826b84a-407e-4101-8305-36a89543ec0a<-df0472b3-7a9a-48e1-af6c-174a013a05cb#0:OK-t0
2023-06-06 16:09:11,818 [f826b84a-407e-4101-8305-36a89543ec0a@group-6C7325FF34D6-LeaderElection6] INFO  impl.LeaderElection (LeaderElection.java:askForVotes(323)) - f826b84a-407e-4101-8305-36a89543ec0a@group-6C7325FF34D6-LeaderElection6 PRE_VOTE round 0: result PASSED
2023-06-06 16:09:11,823 [df0472b3-7a9a-48e1-af6c-174a013a05cb@group-AE7712D5083E-LeaderElection7] INFO  impl.LeaderElection (LeaderElection.java:askForVotes(321)) - df0472b3-7a9a-48e1-af6c-174a013a05cb@group-AE7712D5083E-LeaderElection7 PRE_VOTE round 0: submit vote requests at term 0 for -1: peers:[df0472b3-7a9a-48e1-af6c-174a013a05cb|rpc:10.1.0.160:15032|admin:10.1.0.160:15031|client:10.1.0.160:15030|dataStream:10.1.0.160:15033|priority:1|startupRole:FOLLOWER]|listeners:[], old=null
2023-06-06 16:09:11,824 [grpc-default-executor-3] INFO  server.RaftServer$Division (RaftServerImpl.java:requestVote(1302)) - 93b1f261-b0c1-4dc9-a18e-24efbad5753e@group-6C7325FF34D6: receive requestVote(PRE_VOTE, f826b84a-407e-4101-8305-36a89543ec0a, group-6C7325FF34D6, 0, (t:0, i:0))
2023-06-06 16:09:11,825 [grpc-default-executor-3] INFO  impl.VoteContext (VoteContext.java:log(49)) - 93b1f261-b0c1-4dc9-a18e-24efbad5753e@group-6C7325FF34D6-FOLLOWER: accept PRE_VOTE from f826b84a-407e-4101-8305-36a89543ec0a: our priority 0 <= candidate's priority 1
2023-06-06 16:09:11,825 [grpc-default-executor-3] INFO  server.RaftServer$Division (RaftServerImpl.java:requestVote(1335)) - 93b1f261-b0c1-4dc9-a18e-24efbad5753e@group-6C7325FF34D6 replies to PRE_VOTE vote request: f826b84a-407e-4101-8305-36a89543ec0a<-93b1f261-b0c1-4dc9-a18e-24efbad5753e#0:OK-t0. Peer's state: 93b1f261-b0c1-4dc9-a18e-24efbad5753e@group-6C7325FF34D6:t0, leader=null, voted=, raftlog=Memoized:93b1f261-b0c1-4dc9-a18e-24efbad5753e@group-6C7325FF34D6-SegmentedRaftLog:OPENED:c-1, conf=-1: peers:[df0472b3-7a9a-48e1-af6c-174a013a05cb|rpc:10.1.0.160:15032|admin:10.1.0.160:15031|client:10.1.0.160:15030|dataStream:10.1.0.160:15033|priority:0|startupRole:FOLLOWER, 93b1f261-b0c1-4dc9-a18e-24efbad5753e|rpc:10.1.0.160:15023|admin:10.1.0.160:15022|client:10.1.0.160:15021|dataStream:10.1.0.160:15024|priority:0|startupRole:FOLLOWER, f826b84a-407e-4101-8305-36a89543ec0a|rpc:10.1.0.160:15014|admin:10.1.0.160:15013|client:10.1.0.160:15012|dataStream:10.1.0.160:15015|priority:1|startupRole:FOLLOWER]|listeners:[], old=null
2023-06-06 16:09:11,824 [f826b84a-407e-4101-8305-36a89543ec0a@group-6C7325FF34D6-LeaderElection6] INFO  impl.LeaderElection (LeaderElection.java:askForVotes(321)) - f826b84a-407e-4101-8305-36a89543ec0a@group-6C7325FF34D6-LeaderElection6 ELECTION round 0: submit vote requests at term 1 for -1: peers:[df0472b3-7a9a-48e1-af6c-174a013a05cb|rpc:10.1.0.160:15032|admin:10.1.0.160:15031|client:10.1.0.160:15030|dataStream:10.1.0.160:15033|priority:0|startupRole:FOLLOWER, 93b1f261-b0c1-4dc9-a18e-24efbad5753e|rpc:10.1.0.160:15023|admin:10.1.0.160:15022|client:10.1.0.160:15021|dataStream:10.1.0.160:15024|priority:0|startupRole:FOLLOWER, f826b84a-407e-4101-8305-36a89543ec0a|rpc:10.1.0.160:15014|admin:10.1.0.160:15013|client:10.1.0.160:15012|dataStream:10.1.0.160:15015|priority:1|startupRole:FOLLOWER]|listeners:[], old=null
2023-06-06 16:09:11,825 [df0472b3-7a9a-48e1-af6c-174a013a05cb@group-AE7712D5083E-LeaderElection7] INFO  impl.LeaderElection (LeaderElection.java:askForVotes(323)) - df0472b3-7a9a-48e1-af6c-174a013a05cb@group-AE7712D5083E-LeaderElection7 PRE_VOTE round 0: result PASSED (term=0)
2023-06-06 16:09:11,838 [grpc-default-executor-3] INFO  server.RaftServer$Division (RaftServerImpl.java:requestVote(1302)) - df0472b3-7a9a-48e1-af6c-174a013a05cb@group-6C7325FF34D6: receive requestVote(ELECTION, f826b84a-407e-4101-8305-36a89543ec0a, group-6C7325FF34D6, 1, (t:0, i:0))
2023-06-06 16:09:11,842 [grpc-default-executor-3] INFO  impl.VoteContext (VoteContext.java:log(49)) - df0472b3-7a9a-48e1-af6c-174a013a05cb@group-6C7325FF34D6-FOLLOWER: accept ELECTION from f826b84a-407e-4101-8305-36a89543ec0a: our priority 0 <= candidate's priority 1
2023-06-06 16:09:11,842 [grpc-default-executor-3] INFO  server.RaftServer$Division (RaftServerImpl.java:setRole(329)) - df0472b3-7a9a-48e1-af6c-174a013a05cb@group-6C7325FF34D6: changes role from  FOLLOWER to FOLLOWER at term 1 for candidate:f826b84a-407e-4101-8305-36a89543ec0a
2023-06-06 16:09:11,842 [grpc-default-executor-3] INFO  impl.RoleInfo (RoleInfo.java:shutdownFollowerState(110)) - df0472b3-7a9a-48e1-af6c-174a013a05cb: shutdown df0472b3-7a9a-48e1-af6c-174a013a05cb@group-6C7325FF34D6-FollowerState
2023-06-06 16:09:11,842 [grpc-default-executor-3] INFO  impl.RoleInfo (RoleInfo.java:updateAndGet(139)) - df0472b3-7a9a-48e1-af6c-174a013a05cb: start df0472b3-7a9a-48e1-af6c-174a013a05cb@group-6C7325FF34D6-FollowerState
2023-06-06 16:09:11,842 [grpc-default-executor-0] INFO  server.RaftServer$Division (RaftServerImpl.java:requestVote(1302)) - 93b1f261-b0c1-4dc9-a18e-24efbad5753e@group-6C7325FF34D6: receive requestVote(ELECTION, f826b84a-407e-4101-8305-36a89543ec0a, group-6C7325FF34D6, 1, (t:0, i:0))
2023-06-06 16:09:11,832 [f826b84a-407e-4101-8305-36a89543ec0a@group-6C7325FF34D6-LeaderElection6] INFO  server.RaftServerConfigKeys (ConfUtils.java:logFallback(53)) - raft.server.rpc.first-election.timeout.min = 5s (fallback to raft.server.rpc.timeout.min)
2023-06-06 16:09:11,842 [f826b84a-407e-4101-8305-36a89543ec0a@group-6C7325FF34D6-LeaderElection6] INFO  server.RaftServerConfigKeys (ConfUtils.java:logFallback(53)) - raft.server.rpc.first-election.timeout.max = 5200ms (fallback to raft.server.rpc.timeout.max)
2023-06-06 16:09:11,843 [df0472b3-7a9a-48e1-af6c-174a013a05cb@group-6C7325FF34D6-FollowerState] INFO  impl.FollowerState (FollowerState.java:run(152)) - df0472b3-7a9a-48e1-af6c-174a013a05cb@group-6C7325FF34D6-FollowerState was interrupted
2023-06-06 16:09:11,839 [df0472b3-7a9a-48e1-af6c-174a013a05cb@group-AE7712D5083E-LeaderElection7] INFO  impl.LeaderElection (LeaderElection.java:askForVotes(321)) - df0472b3-7a9a-48e1-af6c-174a013a05cb@group-AE7712D5083E-LeaderElection7 ELECTION round 0: submit vote requests at term 1 for -1: peers:[df0472b3-7a9a-48e1-af6c-174a013a05cb|rpc:10.1.0.160:15032|admin:10.1.0.160:15031|client:10.1.0.160:15030|dataStream:10.1.0.160:15033|priority:1|startupRole:FOLLOWER]|listeners:[], old=null
2023-06-06 16:09:11,849 [grpc-default-executor-3] INFO  server.RaftServer$Division (RaftServerImpl.java:requestVote(1335)) - df0472b3-7a9a-48e1-af6c-174a013a05cb@group-6C7325FF34D6 replies to ELECTION vote request: f826b84a-407e-4101-8305-36a89543ec0a<-df0472b3-7a9a-48e1-af6c-174a013a05cb#0:OK-t1. Peer's state: df0472b3-7a9a-48e1-af6c-174a013a05cb@group-6C7325FF34D6:t1, leader=null, voted=f826b84a-407e-4101-8305-36a89543ec0a, raftlog=Memoized:df0472b3-7a9a-48e1-af6c-174a013a05cb@group-6C7325FF34D6-SegmentedRaftLog:OPENED:c-1, conf=-1: peers:[df0472b3-7a9a-48e1-af6c-174a013a05cb|rpc:10.1.0.160:15032|admin:10.1.0.160:15031|client:10.1.0.160:15030|dataStream:10.1.0.160:15033|priority:0|startupRole:FOLLOWER, 93b1f261-b0c1-4dc9-a18e-24efbad5753e|rpc:10.1.0.160:15023|admin:10.1.0.160:15022|client:10.1.0.160:15021|dataStream:10.1.0.160:15024|priority:0|startupRole:FOLLOWER, f826b84a-407e-4101-8305-36a89543ec0a|rpc:10.1.0.160:15014|admin:10.1.0.160:15013|client:10.1.0.160:15012|dataStream:10.1.0.160:15015|priority:1|startupRole:FOLLOWER]|listeners:[], old=null
2023-06-06 16:09:11,847 [grpc-default-executor-0] INFO  impl.VoteContext (VoteContext.java:log(49)) - 93b1f261-b0c1-4dc9-a18e-24efbad5753e@group-6C7325FF34D6-FOLLOWER: accept ELECTION from f826b84a-407e-4101-8305-36a89543ec0a: our priority 0 <= candidate's priority 1
2023-06-06 16:09:11,850 [grpc-default-executor-0] INFO  server.RaftServer$Division (RaftServerImpl.java:setRole(329)) - 93b1f261-b0c1-4dc9-a18e-24efbad5753e@group-6C7325FF34D6: changes role from  FOLLOWER to FOLLOWER at term 1 for candidate:f826b84a-407e-4101-8305-36a89543ec0a
2023-06-06 16:09:11,850 [grpc-default-executor-0] INFO  impl.RoleInfo (RoleInfo.java:shutdownFollowerState(110)) - 93b1f261-b0c1-4dc9-a18e-24efbad5753e: shutdown 93b1f261-b0c1-4dc9-a18e-24efbad5753e@group-6C7325FF34D6-FollowerState
2023-06-06 16:09:11,850 [grpc-default-executor-0] INFO  impl.RoleInfo (RoleInfo.java:updateAndGet(139)) - 93b1f261-b0c1-4dc9-a18e-24efbad5753e: start 93b1f261-b0c1-4dc9-a18e-24efbad5753e@group-6C7325FF34D6-FollowerState
2023-06-06 16:09:11,851 [93b1f261-b0c1-4dc9-a18e-24efbad5753e@group-6C7325FF34D6-FollowerState] INFO  impl.FollowerState (FollowerState.java:run(152)) - 93b1f261-b0c1-4dc9-a18e-24efbad5753e@group-6C7325FF34D6-FollowerState was interrupted
2023-06-06 16:09:11,849 [df0472b3-7a9a-48e1-af6c-174a013a05cb@group-AE7712D5083E-LeaderElection7] INFO  impl.LeaderElection (LeaderElection.java:askForVotes(323)) - df0472b3-7a9a-48e1-af6c-174a013a05cb@group-AE7712D5083E-LeaderElection7 ELECTION round 0: result PASSED (term=1)
2023-06-06 16:09:11,865 [grpc-default-executor-0] INFO  server.RaftServer$Division (RaftServerImpl.java:requestVote(1335)) - 93b1f261-b0c1-4dc9-a18e-24efbad5753e@group-6C7325FF34D6 replies to ELECTION vote request: f826b84a-407e-4101-8305-36a89543ec0a<-93b1f261-b0c1-4dc9-a18e-24efbad5753e#0:OK-t1. Peer's state: 93b1f261-b0c1-4dc9-a18e-24efbad5753e@group-6C7325FF34D6:t1, leader=null, voted=f826b84a-407e-4101-8305-36a89543ec0a, raftlog=Memoized:93b1f261-b0c1-4dc9-a18e-24efbad5753e@group-6C7325FF34D6-SegmentedRaftLog:OPENED:c-1, conf=-1: peers:[df0472b3-7a9a-48e1-af6c-174a013a05cb|rpc:10.1.0.160:15032|admin:10.1.0.160:15031|client:10.1.0.160:15030|dataStream:10.1.0.160:15033|priority:0|startupRole:FOLLOWER, 93b1f261-b0c1-4dc9-a18e-24efbad5753e|rpc:10.1.0.160:15023|admin:10.1.0.160:15022|client:10.1.0.160:15021|dataStream:10.1.0.160:15024|priority:0|startupRole:FOLLOWER, f826b84a-407e-4101-8305-36a89543ec0a|rpc:10.1.0.160:15014|admin:10.1.0.160:15013|client:10.1.0.160:15012|dataStream:10.1.0.160:15015|priority:1|startupRole:FOLLOWER]|listeners:[], old=null
2023-06-06 16:09:11,864 [f826b84a-407e-4101-8305-36a89543ec0a@group-6C7325FF34D6-LeaderElection6] INFO  impl.LeaderElection (LeaderElection.java:logAndReturn(90)) - f826b84a-407e-4101-8305-36a89543ec0a@group-6C7325FF34D6-LeaderElection6: ELECTION PASSED received 1 response(s) and 0 exception(s):
2023-06-06 16:09:11,866 [f826b84a-407e-4101-8305-36a89543ec0a@group-6C7325FF34D6-LeaderElection6] INFO  impl.LeaderElection (LeaderElection.java:logAndReturn(94)) -   Response 0: f826b84a-407e-4101-8305-36a89543ec0a<-df0472b3-7a9a-48e1-af6c-174a013a05cb#0:OK-t1
2023-06-06 16:09:11,866 [f826b84a-407e-4101-8305-36a89543ec0a@group-6C7325FF34D6-LeaderElection6] INFO  impl.LeaderElection (LeaderElection.java:askForVotes(323)) - f826b84a-407e-4101-8305-36a89543ec0a@group-6C7325FF34D6-LeaderElection6 ELECTION round 0: result PASSED
2023-06-06 16:09:11,866 [f826b84a-407e-4101-8305-36a89543ec0a@group-6C7325FF34D6-LeaderElection6] INFO  impl.RoleInfo (RoleInfo.java:shutdownLeaderElection(130)) - f826b84a-407e-4101-8305-36a89543ec0a: shutdown f826b84a-407e-4101-8305-36a89543ec0a@group-6C7325FF34D6-LeaderElection6
2023-06-06 16:09:11,866 [f826b84a-407e-4101-8305-36a89543ec0a@group-6C7325FF34D6-LeaderElection6] INFO  server.RaftServer$Division (RaftServerImpl.java:setRole(329)) - f826b84a-407e-4101-8305-36a89543ec0a@group-6C7325FF34D6: changes role from CANDIDATE to LEADER at term 1 for changeToLeader
2023-06-06 16:09:11,866 [f826b84a-407e-4101-8305-36a89543ec0a@group-6C7325FF34D6-LeaderElection6] INFO  ratis.XceiverServerRatis (XceiverServerRatis.java:handleLeaderChangedNotification(902)) - Leader change notification received for group: group-6C7325FF34D6 with new leaderId: f826b84a-407e-4101-8305-36a89543ec0a
2023-06-06 16:09:11,866 [f826b84a-407e-4101-8305-36a89543ec0a@group-6C7325FF34D6-LeaderElection6] INFO  server.RaftServer$Division (ServerState.java:setLeader(317)) - f826b84a-407e-4101-8305-36a89543ec0a@group-6C7325FF34D6: change Leader from null to f826b84a-407e-4101-8305-36a89543ec0a at term 1 for becomeLeader, leader elected after 5175ms
2023-06-06 16:09:11,866 [f826b84a-407e-4101-8305-36a89543ec0a@group-6C7325FF34D6-LeaderElection6] INFO  server.RaftServerConfigKeys (ConfUtils.java:logGet(46)) - raft.server.staging.catchup.gap = 1000 (default)
2023-06-06 16:09:11,866 [f826b84a-407e-4101-8305-36a89543ec0a@group-6C7325FF34D6-LeaderElection6] INFO  server.RaftServerConfigKeys (ConfUtils.java:logGet(46)) - raft.server.write.element-limit = 1024 (custom)
2023-06-06 16:09:11,866 [f826b84a-407e-4101-8305-36a89543ec0a@group-6C7325FF34D6-LeaderElection6] INFO  server.RaftServerConfigKeys (ConfUtils.java:logGet(46)) - raft.server.write.byte-limit = 1024 M (=1073741824) (custom)
2023-06-06 16:09:11,867 [f826b84a-407e-4101-8305-36a89543ec0a@group-6C7325FF34D6-LeaderElection6] INFO  server.RaftServerConfigKeys (ConfUtils.java:logGet(46)) - raft.server.watch.timeout = 180s (custom)
2023-06-06 16:09:11,867 [f826b84a-407e-4101-8305-36a89543ec0a@group-6C7325FF34D6-LeaderElection6] INFO  server.RaftServerConfigKeys (ConfUtils.java:logGet(46)) - raft.server.watch.timeout.denomination = 1s (default)
2023-06-06 16:09:11,867 [f826b84a-407e-4101-8305-36a89543ec0a@group-6C7325FF34D6-LeaderElection6] INFO  server.RaftServerConfigKeys (ConfUtils.java:logGet(46)) - raft.server.watch.element-limit = 65536 (default)
2023-06-06 16:09:11,867 [f826b84a-407e-4101-8305-36a89543ec0a@group-6C7325FF34D6-LeaderElection6] INFO  server.RaftServerConfigKeys (ConfUtils.java:logGet(46)) - raft.server.write.element-limit = 1024 (custom)
2023-06-06 16:09:11,867 [f826b84a-407e-4101-8305-36a89543ec0a@group-6C7325FF34D6-LeaderElection6] INFO  server.RaftServerConfigKeys (ConfUtils.java:logGet(46)) - raft.server.write.follower.gap.ratio.max = -1.0 (default)
2023-06-06 16:09:11,867 [f826b84a-407e-4101-8305-36a89543ec0a@group-6C7325FF34D6-LeaderElection6] INFO  server.RaftServerConfigKeys (ConfUtils.java:logGet(46)) - raft.server.log.appender.snapshot.chunk.size.max = 16MB (=16777216) (default)
2023-06-06 16:09:11,867 [f826b84a-407e-4101-8305-36a89543ec0a@group-6C7325FF34D6-LeaderElection6] INFO  server.RaftServerConfigKeys (ConfUtils.java:logGet(46)) - raft.server.log.appender.buffer.byte-limit = 33554432 (custom)
2023-06-06 16:09:11,867 [f826b84a-407e-4101-8305-36a89543ec0a@group-6C7325FF34D6-LeaderElection6] INFO  server.RaftServerConfigKeys (ConfUtils.java:logGet(46)) - raft.server.log.appender.buffer.element-limit = 1 (custom)
2023-06-06 16:09:11,867 [f826b84a-407e-4101-8305-36a89543ec0a@group-6C7325FF34D6-LeaderElection6] INFO  server.RaftServerConfigKeys (ConfUtils.java:logGet(46)) - raft.server.log.appender.wait-time.min = 10ms (default)
2023-06-06 16:09:11,865 [df0472b3-7a9a-48e1-af6c-174a013a05cb@group-AE7712D5083E-LeaderElection7] INFO  impl.RoleInfo (RoleInfo.java:shutdownLeaderElection(130)) - df0472b3-7a9a-48e1-af6c-174a013a05cb: shutdown df0472b3-7a9a-48e1-af6c-174a013a05cb@group-AE7712D5083E-LeaderElection7
2023-06-06 16:09:11,873 [df0472b3-7a9a-48e1-af6c-174a013a05cb@group-AE7712D5083E-LeaderElection7] INFO  server.RaftServer$Division (RaftServerImpl.java:setRole(329)) - df0472b3-7a9a-48e1-af6c-174a013a05cb@group-AE7712D5083E: changes role from CANDIDATE to LEADER at term 1 for changeToLeader
2023-06-06 16:09:11,873 [df0472b3-7a9a-48e1-af6c-174a013a05cb@group-AE7712D5083E-LeaderElection7] INFO  ratis.XceiverServerRatis (XceiverServerRatis.java:handleLeaderChangedNotification(902)) - Leader change notification received for group: group-AE7712D5083E with new leaderId: df0472b3-7a9a-48e1-af6c-174a013a05cb
2023-06-06 16:09:11,873 [df0472b3-7a9a-48e1-af6c-174a013a05cb@group-AE7712D5083E-LeaderElection7] INFO  server.RaftServer$Division (ServerState.java:setLeader(317)) - df0472b3-7a9a-48e1-af6c-174a013a05cb@group-AE7712D5083E: change Leader from null to df0472b3-7a9a-48e1-af6c-174a013a05cb at term 1 for becomeLeader, leader elected after 5520ms
2023-06-06 16:09:11,873 [df0472b3-7a9a-48e1-af6c-174a013a05cb@group-AE7712D5083E-LeaderElection7] INFO  server.RaftServerConfigKeys (ConfUtils.java:logGet(46)) - raft.server.staging.catchup.gap = 1000 (default)
2023-06-06 16:09:11,868 [f826b84a-407e-4101-8305-36a89543ec0a@group-6C7325FF34D6-LeaderElection6] INFO  grpc.GrpcConfigKeys (ConfUtils.java:logGet(46)) - raft.grpc.server.leader.outstanding.appends.max = 128 (default)
2023-06-06 16:09:11,873 [f826b84a-407e-4101-8305-36a89543ec0a@group-6C7325FF34D6-LeaderElection6] INFO  server.RaftServerConfigKeys (ConfUtils.java:logGet(46)) - raft.server.rpc.request.timeout = 60s (custom)
2023-06-06 16:09:11,873 [f826b84a-407e-4101-8305-36a89543ec0a@group-6C7325FF34D6-LeaderElection6] INFO  grpc.GrpcConfigKeys (ConfUtils.java:logGet(46)) - raft.grpc.server.install_snapshot.request.element-limit = 8 (default)
2023-06-06 16:09:11,874 [f826b84a-407e-4101-8305-36a89543ec0a@group-6C7325FF34D6-LeaderElection6] INFO  grpc.GrpcConfigKeys (ConfUtils.java:logGet(46)) - raft.grpc.server.install_snapshot.request.timeout = 3000ms (default)
2023-06-06 16:09:11,874 [f826b84a-407e-4101-8305-36a89543ec0a@group-6C7325FF34D6-LeaderElection6] INFO  server.RaftServerConfigKeys (ConfUtils.java:logGet(46)) - raft.server.log.appender.install.snapshot.enabled = false (custom)
2023-06-06 16:09:11,874 [f826b84a-407e-4101-8305-36a89543ec0a@group-6C7325FF34D6-LeaderElection6] INFO  grpc.GrpcConfigKeys (ConfUtils.java:logGet(46)) - raft.grpc.server.heartbeat.channel = true (default)
2023-06-06 16:09:11,874 [f826b84a-407e-4101-8305-36a89543ec0a@group-6C7325FF34D6-LeaderElection6] INFO  server.RaftServerConfigKeys (ConfUtils.java:logGet(46)) - raft.server.log.appender.snapshot.chunk.size.max = 16MB (=16777216) (default)
2023-06-06 16:09:11,874 [f826b84a-407e-4101-8305-36a89543ec0a@group-6C7325FF34D6-LeaderElection6] INFO  server.RaftServerConfigKeys (ConfUtils.java:logGet(46)) - raft.server.log.appender.buffer.byte-limit = 33554432 (custom)
2023-06-06 16:09:11,874 [f826b84a-407e-4101-8305-36a89543ec0a@group-6C7325FF34D6-LeaderElection6] INFO  server.RaftServerConfigKeys (ConfUtils.java:logGet(46)) - raft.server.log.appender.buffer.element-limit = 1 (custom)
2023-06-06 16:09:11,874 [f826b84a-407e-4101-8305-36a89543ec0a@group-6C7325FF34D6-LeaderElection6] INFO  server.RaftServerConfigKeys (ConfUtils.java:logGet(46)) - raft.server.log.appender.wait-time.min = 10ms (default)
2023-06-06 16:09:11,875 [f826b84a-407e-4101-8305-36a89543ec0a@group-6C7325FF34D6-LeaderElection6] INFO  grpc.GrpcConfigKeys (ConfUtils.java:logGet(46)) - raft.grpc.server.leader.outstanding.appends.max = 128 (default)
2023-06-06 16:09:11,875 [f826b84a-407e-4101-8305-36a89543ec0a@group-6C7325FF34D6-LeaderElection6] INFO  server.RaftServerConfigKeys (ConfUtils.java:logGet(46)) - raft.server.rpc.request.timeout = 60s (custom)
2023-06-06 16:09:11,875 [f826b84a-407e-4101-8305-36a89543ec0a@group-6C7325FF34D6-LeaderElection6] INFO  grpc.GrpcConfigKeys (ConfUtils.java:logGet(46)) - raft.grpc.server.install_snapshot.request.element-limit = 8 (default)
2023-06-06 16:09:11,875 [f826b84a-407e-4101-8305-36a89543ec0a@group-6C7325FF34D6-LeaderElection6] INFO  grpc.GrpcConfigKeys (ConfUtils.java:logGet(46)) - raft.grpc.server.install_snapshot.request.timeout = 3000ms (default)
2023-06-06 16:09:11,875 [f826b84a-407e-4101-8305-36a89543ec0a@group-6C7325FF34D6-LeaderElection6] INFO  server.RaftServerConfigKeys (ConfUtils.java:logGet(46)) - raft.server.log.appender.install.snapshot.enabled = false (custom)
2023-06-06 16:09:11,875 [f826b84a-407e-4101-8305-36a89543ec0a@group-6C7325FF34D6-LeaderElection6] INFO  grpc.GrpcConfigKeys (ConfUtils.java:logGet(46)) - raft.grpc.server.heartbeat.channel = true (default)
2023-06-06 16:09:11,875 [f826b84a-407e-4101-8305-36a89543ec0a@group-6C7325FF34D6-LeaderElection6] INFO  impl.RoleInfo (RoleInfo.java:updateAndGet(139)) - f826b84a-407e-4101-8305-36a89543ec0a: start f826b84a-407e-4101-8305-36a89543ec0a@group-6C7325FF34D6-LeaderStateImpl
2023-06-06 16:09:11,875 [f826b84a-407e-4101-8305-36a89543ec0a@group-6C7325FF34D6-LeaderElection6] INFO  segmented.SegmentedRaftLogWorker (SegmentedRaftLogWorker.java:startLogSegment(447)) - f826b84a-407e-4101-8305-36a89543ec0a@group-6C7325FF34D6-SegmentedRaftLogWorker: Starting segment from index:0
2023-06-06 16:09:11,875 [EventQueue-PipelineReportForPipelineReportHandler] INFO  pipeline.PipelineManagerImpl (PipelineManagerImpl.java:openPipeline(367)) - Pipeline Pipeline[ Id: 29940712-c93b-4243-9b46-6c7325ff34d6, Nodes: 93b1f261-b0c1-4dc9-a18e-24efbad5753e(fv-az201-460.ett4tu3jvdse5ovc2mkgjqcs5a.bx.internal.cloudapp.net/10.1.0.160)df0472b3-7a9a-48e1-af6c-174a013a05cb(fv-az201-460.ett4tu3jvdse5ovc2mkgjqcs5a.bx.internal.cloudapp.net/10.1.0.160)f826b84a-407e-4101-8305-36a89543ec0a(fv-az201-460.ett4tu3jvdse5ovc2mkgjqcs5a.bx.internal.cloudapp.net/10.1.0.160), ReplicationConfig: RATIS/THREE, State:ALLOCATED, leaderId:f826b84a-407e-4101-8305-36a89543ec0a, CreationTimestamp2023-06-06T16:09:03.355Z[Etc/UTC]] moved to OPEN state
2023-06-06 16:09:11,878 [df0472b3-7a9a-48e1-af6c-174a013a05cb@group-AE7712D5083E-LeaderElection7] INFO  server.RaftServerConfigKeys (ConfUtils.java:logGet(46)) - raft.server.write.element-limit = 1024 (custom)
2023-06-06 16:09:11,878 [df0472b3-7a9a-48e1-af6c-174a013a05cb@group-AE7712D5083E-LeaderElection7] INFO  server.RaftServerConfigKeys (ConfUtils.java:logGet(46)) - raft.server.write.byte-limit = 1024 M (=1073741824) (custom)
2023-06-06 16:09:11,879 [f826b84a-407e-4101-8305-36a89543ec0a@group-6C7325FF34D6-SegmentedRaftLogWorker] INFO  segmented.SegmentedRaftLogWorker (SegmentedRaftLogWorker.java:execute(651)) - f826b84a-407e-4101-8305-36a89543ec0a@group-6C7325FF34D6-SegmentedRaftLogWorker: created new log segment /home/runner/work/ozone/ozone/hadoop-ozone/integration-test/target/test-dir/MiniOzoneClusterImpl-f3fe63fb-43ef-4153-9b86-93c9d8ad9adb/datanode-0/data/ratis/29940712-c93b-4243-9b46-6c7325ff34d6/current/log_inprogress_0
2023-06-06 16:09:11,879 [df0472b3-7a9a-48e1-af6c-174a013a05cb@group-AE7712D5083E-LeaderElection7] INFO  server.RaftServerConfigKeys (ConfUtils.java:logGet(46)) - raft.server.watch.timeout = 180s (custom)
2023-06-06 16:09:11,879 [df0472b3-7a9a-48e1-af6c-174a013a05cb@group-AE7712D5083E-LeaderElection7] INFO  server.RaftServerConfigKeys (ConfUtils.java:logGet(46)) - raft.server.watch.timeout.denomination = 1s (default)
2023-06-06 16:09:11,879 [df0472b3-7a9a-48e1-af6c-174a013a05cb@group-AE7712D5083E-LeaderElection7] INFO  server.RaftServerConfigKeys (ConfUtils.java:logGet(46)) - raft.server.watch.element-limit = 65536 (default)
2023-06-06 16:09:11,879 [df0472b3-7a9a-48e1-af6c-174a013a05cb@group-AE7712D5083E-LeaderElection7] INFO  server.RaftServerConfigKeys (ConfUtils.java:logGet(46)) - raft.server.write.element-limit = 1024 (custom)
2023-06-06 16:09:11,879 [df0472b3-7a9a-48e1-af6c-174a013a05cb@group-AE7712D5083E-LeaderElection7] INFO  server.RaftServerConfigKeys (ConfUtils.java:logGet(46)) - raft.server.write.follower.gap.ratio.max = -1.0 (default)
2023-06-06 16:09:11,879 [df0472b3-7a9a-48e1-af6c-174a013a05cb@group-AE7712D5083E-LeaderElection7] INFO  impl.RoleInfo (RoleInfo.java:updateAndGet(139)) - df0472b3-7a9a-48e1-af6c-174a013a05cb: start df0472b3-7a9a-48e1-af6c-174a013a05cb@group-AE7712D5083E-LeaderStateImpl
2023-06-06 16:09:11,879 [df0472b3-7a9a-48e1-af6c-174a013a05cb@group-AE7712D5083E-LeaderElection7] INFO  segmented.SegmentedRaftLogWorker (SegmentedRaftLogWorker.java:startLogSegment(447)) - df0472b3-7a9a-48e1-af6c-174a013a05cb@group-AE7712D5083E-SegmentedRaftLogWorker: Starting segment from index:0
2023-06-06 16:09:11,890 [df0472b3-7a9a-48e1-af6c-174a013a05cb@group-AE7712D5083E-SegmentedRaftLogWorker] INFO  segmented.SegmentedRaftLogWorker (SegmentedRaftLogWorker.java:execute(651)) - df0472b3-7a9a-48e1-af6c-174a013a05cb@group-AE7712D5083E-SegmentedRaftLogWorker: created new log segment /home/runner/work/ozone/ozone/hadoop-ozone/integration-test/target/test-dir/MiniOzoneClusterImpl-f3fe63fb-43ef-4153-9b86-93c9d8ad9adb/datanode-2/data/ratis/cd58d67d-2499-4e10-b5e3-ae7712d5083e/current/log_inprogress_0
2023-06-06 16:09:11,891 [df0472b3-7a9a-48e1-af6c-174a013a05cb@group-AE7712D5083E-LeaderElection7] INFO  server.RaftServer$Division (ServerState.java:setRaftConf(434)) - df0472b3-7a9a-48e1-af6c-174a013a05cb@group-AE7712D5083E: set configuration 0: peers:[df0472b3-7a9a-48e1-af6c-174a013a05cb|rpc:10.1.0.160:15032|admin:10.1.0.160:15031|client:10.1.0.160:15030|dataStream:10.1.0.160:15033|priority:1|startupRole:FOLLOWER]|listeners:[], old=null
2023-06-06 16:09:11,901 [f826b84a-407e-4101-8305-36a89543ec0a@group-6C7325FF34D6-LeaderElection6] INFO  server.RaftServer$Division (ServerState.java:setRaftConf(434)) - f826b84a-407e-4101-8305-36a89543ec0a@group-6C7325FF34D6: set configuration 0: peers:[df0472b3-7a9a-48e1-af6c-174a013a05cb|rpc:10.1.0.160:15032|admin:10.1.0.160:15031|client:10.1.0.160:15030|dataStream:10.1.0.160:15033|priority:0|startupRole:FOLLOWER, 93b1f261-b0c1-4dc9-a18e-24efbad5753e|rpc:10.1.0.160:15023|admin:10.1.0.160:15022|client:10.1.0.160:15021|dataStream:10.1.0.160:15024|priority:0|startupRole:FOLLOWER, f826b84a-407e-4101-8305-36a89543ec0a|rpc:10.1.0.160:15014|admin:10.1.0.160:15013|client:10.1.0.160:15012|dataStream:10.1.0.160:15015|priority:1|startupRole:FOLLOWER]|listeners:[], old=null
2023-06-06 16:09:11,945 [df0472b3-7a9a-48e1-af6c-174a013a05cb-server-thread2] INFO  ratis.XceiverServerRatis (XceiverServerRatis.java:handleLeaderChangedNotification(902)) - Leader change notification received for group: group-6C7325FF34D6 with new leaderId: f826b84a-407e-4101-8305-36a89543ec0a
2023-06-06 16:09:11,945 [df0472b3-7a9a-48e1-af6c-174a013a05cb-server-thread2] INFO  server.RaftServer$Division (ServerState.java:setLeader(317)) - df0472b3-7a9a-48e1-af6c-174a013a05cb@group-6C7325FF34D6: change Leader from null to f826b84a-407e-4101-8305-36a89543ec0a at term 1 for appendEntries, leader elected after 5259ms
2023-06-06 16:09:11,953 [df0472b3-7a9a-48e1-af6c-174a013a05cb-server-thread1] INFO  server.RaftServer$Division (ServerState.java:setRaftConf(434)) - df0472b3-7a9a-48e1-af6c-174a013a05cb@group-6C7325FF34D6: set configuration 0: peers:[df0472b3-7a9a-48e1-af6c-174a013a05cb|rpc:10.1.0.160:15032|admin:10.1.0.160:15031|client:10.1.0.160:15030|dataStream:10.1.0.160:15033|priority:0|startupRole:FOLLOWER, 93b1f261-b0c1-4dc9-a18e-24efbad5753e|rpc:10.1.0.160:15023|admin:10.1.0.160:15022|client:10.1.0.160:15021|dataStream:10.1.0.160:15024|priority:0|startupRole:FOLLOWER, f826b84a-407e-4101-8305-36a89543ec0a|rpc:10.1.0.160:15014|admin:10.1.0.160:15013|client:10.1.0.160:15012|dataStream:10.1.0.160:15015|priority:1|startupRole:FOLLOWER]|listeners:[], old=null
2023-06-06 16:09:11,953 [df0472b3-7a9a-48e1-af6c-174a013a05cb-server-thread1] INFO  segmented.SegmentedRaftLogWorker (SegmentedRaftLogWorker.java:startLogSegment(447)) - df0472b3-7a9a-48e1-af6c-174a013a05cb@group-6C7325FF34D6-SegmentedRaftLogWorker: Starting segment from index:0
2023-06-06 16:09:11,953 [93b1f261-b0c1-4dc9-a18e-24efbad5753e-server-thread1] INFO  ratis.XceiverServerRatis (XceiverServerRatis.java:handleLeaderChangedNotification(902)) - Leader change notification received for group: group-6C7325FF34D6 with new leaderId: f826b84a-407e-4101-8305-36a89543ec0a
2023-06-06 16:09:11,955 [93b1f261-b0c1-4dc9-a18e-24efbad5753e-server-thread1] INFO  server.RaftServer$Division (ServerState.java:setLeader(317)) - 93b1f261-b0c1-4dc9-a18e-24efbad5753e@group-6C7325FF34D6: change Leader from null to f826b84a-407e-4101-8305-36a89543ec0a at term 1 for appendEntries, leader elected after 5193ms
2023-06-06 16:09:11,963 [main] INFO  rpc.RpcClient (RpcClient.java:createVolume(459)) - Creating Volume: volume96335, with user68299 as owner and space quota set to -1 bytes, counts quota set to -1
2023-06-06 16:09:11,965 [df0472b3-7a9a-48e1-af6c-174a013a05cb@group-6C7325FF34D6-SegmentedRaftLogWorker] INFO  segmented.SegmentedRaftLogWorker (SegmentedRaftLogWorker.java:execute(651)) - df0472b3-7a9a-48e1-af6c-174a013a05cb@group-6C7325FF34D6-SegmentedRaftLogWorker: created new log segment /home/runner/work/ozone/ozone/hadoop-ozone/integration-test/target/test-dir/MiniOzoneClusterImpl-f3fe63fb-43ef-4153-9b86-93c9d8ad9adb/datanode-2/data/ratis/29940712-c93b-4243-9b46-6c7325ff34d6/current/log_inprogress_0
2023-06-06 16:09:11,970 [93b1f261-b0c1-4dc9-a18e-24efbad5753e-server-thread3] INFO  server.RaftServer$Division (ServerState.java:setRaftConf(434)) - 93b1f261-b0c1-4dc9-a18e-24efbad5753e@group-6C7325FF34D6: set configuration 0: peers:[df0472b3-7a9a-48e1-af6c-174a013a05cb|rpc:10.1.0.160:15032|admin:10.1.0.160:15031|client:10.1.0.160:15030|dataStream:10.1.0.160:15033|priority:0|startupRole:FOLLOWER, 93b1f261-b0c1-4dc9-a18e-24efbad5753e|rpc:10.1.0.160:15023|admin:10.1.0.160:15022|client:10.1.0.160:15021|dataStream:10.1.0.160:15024|priority:0|startupRole:FOLLOWER, f826b84a-407e-4101-8305-36a89543ec0a|rpc:10.1.0.160:15014|admin:10.1.0.160:15013|client:10.1.0.160:15012|dataStream:10.1.0.160:15015|priority:1|startupRole:FOLLOWER]|listeners:[], old=null
2023-06-06 16:09:11,971 [93b1f261-b0c1-4dc9-a18e-24efbad5753e-server-thread3] INFO  segmented.SegmentedRaftLogWorker (SegmentedRaftLogWorker.java:startLogSegment(447)) - 93b1f261-b0c1-4dc9-a18e-24efbad5753e@group-6C7325FF34D6-SegmentedRaftLogWorker: Starting segment from index:0
2023-06-06 16:09:11,973 [93b1f261-b0c1-4dc9-a18e-24efbad5753e@group-6C7325FF34D6-SegmentedRaftLogWorker] INFO  segmented.SegmentedRaftLogWorker (SegmentedRaftLogWorker.java:execute(651)) - 93b1f261-b0c1-4dc9-a18e-24efbad5753e@group-6C7325FF34D6-SegmentedRaftLogWorker: created new log segment /home/runner/work/ozone/ozone/hadoop-ozone/integration-test/target/test-dir/MiniOzoneClusterImpl-f3fe63fb-43ef-4153-9b86-93c9d8ad9adb/datanode-1/data/ratis/29940712-c93b-4243-9b46-6c7325ff34d6/current/log_inprogress_0
2023-06-06 16:09:12,038 [OM StateMachine ApplyTransaction Thread - 0] INFO  volume.OMVolumeCreateRequest (OMVolumeCreateRequest.java:validateAndUpdateCache(196)) - created volume:volume96335 for user:user68299
2023-06-06 16:09:12,060 [main] INFO  rpc.RpcClient (RpcClient.java:createBucket(686)) - Creating Bucket: volume96335/bucket05953, with bucket layout FILE_SYSTEM_OPTIMIZED, runner as owner, Versioning false, Storage Type set to DISK and Encryption set to false, Replication Type set to server-side default replication type, Namespace Quota set to -1, Space Quota set to -1 
2023-06-06 16:09:12,079 [OM StateMachine ApplyTransaction Thread - 0] INFO  bucket.OMBucketCreateRequest (OMBucketCreateRequest.java:validateAndUpdateCache(270)) - created bucket: bucket05953 of layout FILE_SYSTEM_OPTIMIZED in volume: volume96335
2023-06-06 16:09:12,328 [IPC Server handler 1 on default port 15001] INFO  ha.SequenceIdGenerator (SequenceIdGenerator.java:getNextId(128)) - Allocate a batch for containerId, change lastId from 0 to 1000.
2023-06-06 16:09:12,340 [IPC Server handler 1 on default port 15001] WARN  ha.SequenceIdGenerator (SequenceIdGenerator.java:allocateBatch(237)) - Failed to allocate a batch for localId, expected lastId is 0, actual lastId is 111677748019200000.
2023-06-06 16:09:12,341 [IPC Server handler 1 on default port 15001] INFO  ha.SequenceIdGenerator (SequenceIdGenerator.java:getNextId(128)) - Allocate a batch for localId, change lastId from 111677748019200000 to 111677748019201000.
2023-06-06 16:09:12,414 [main] INFO  impl.MetricsSystemImpl (MetricsSystemImpl.java:init(158)) - XceiverClientMetrics metrics system started (again)
2023-06-06 16:09:12,414 [main] INFO  lib.Interns (Interns.java:removeEldestEntry(50)) - Metrics intern cache overflow at 2011 for MetricsSystem={MetricsSystem=MetricsInfoImpl{name=MetricsSystem, description=MetricsSystem}, MetricsSystem record=MetricsInfoImpl{name=MetricsSystem, description=MetricsSystem record}}
2023-06-06 16:09:13,330 [main] INFO  ozone.TestRootedDDSWithFSO (TestRootedDDSWithFSO.java:assertTableRowCount(234)) - deletedDirectoryTable actual row count=0, expectedCount=0
2023-06-06 16:09:13,331 [main] INFO  ozone.TestRootedDDSWithFSO (TestRootedDDSWithFSO.java:assertTableRowCount(234)) - directoryTable actual row count=10, expectedCount=10
2023-06-06 16:09:13,331 [main] INFO  ozone.TestRootedDDSWithFSO (TestRootedDDSWithFSO.java:assertTableRowCount(234)) - fileTable actual row count=6, expectedCount=6
16:09:13.617 [OM StateMachine ApplyTransaction Thread - 0] ERROR OMAudit - user=runner | ip=127.0.0.1 | op=DELETE_BUCKET {volume=volume96335, bucket=bucket05953} | ret=FAILURE
org.apache.hadoop.ozone.om.exceptions.OMException: Bucket is not empty
	at org.apache.hadoop.ozone.om.request.bucket.OMBucketDeleteRequest.validateAndUpdateCache(OMBucketDeleteRequest.java:139) ~[ozone-manager-1.4.0-SNAPSHOT.jar:?]
	at org.apache.hadoop.ozone.protocolPB.OzoneManagerRequestHandler.handleWriteRequest(OzoneManagerRequestHandler.java:338) ~[ozone-manager-1.4.0-SNAPSHOT.jar:?]
	at org.apache.hadoop.ozone.om.ratis.OzoneManagerStateMachine.runCommand(OzoneManagerStateMachine.java:567) ~[ozone-manager-1.4.0-SNAPSHOT.jar:?]
	at org.apache.hadoop.ozone.om.ratis.OzoneManagerStateMachine.lambda$1(OzoneManagerStateMachine.java:358) ~[ozone-manager-1.4.0-SNAPSHOT.jar:?]
	at java.util.concurrent.CompletableFuture$AsyncSupply.run(CompletableFuture.java:1604) [?:1.8.0_372]
	at java.util.concurrent.ThreadPoolExecutor.runWorker(ThreadPoolExecutor.java:1149) [?:1.8.0_372]
	at java.util.concurrent.ThreadPoolExecutor$Worker.run(ThreadPoolExecutor.java:624) [?:1.8.0_372]
	at java.lang.Thread.run(Thread.java:750) [?:1.8.0_372]
2023-06-06 16:09:13,642 [OM StateMachine ApplyTransaction Thread - 0] ERROR bucket.OMBucketDeleteRequest (OMBucketDeleteRequest.java:validateAndUpdateCache(212)) - Delete bucket failed for bucket:bucket05953 in volume:volume96335
BUCKET_NOT_EMPTY org.apache.hadoop.ozone.om.exceptions.OMException: Bucket is not empty
	at org.apache.hadoop.ozone.om.request.bucket.OMBucketDeleteRequest.validateAndUpdateCache(OMBucketDeleteRequest.java:139)
	at org.apache.hadoop.ozone.protocolPB.OzoneManagerRequestHandler.handleWriteRequest(OzoneManagerRequestHandler.java:338)
	at org.apache.hadoop.ozone.om.ratis.OzoneManagerStateMachine.runCommand(OzoneManagerStateMachine.java:567)
	at org.apache.hadoop.ozone.om.ratis.OzoneManagerStateMachine.lambda$1(OzoneManagerStateMachine.java:358)
	at java.util.concurrent.CompletableFuture$AsyncSupply.run(CompletableFuture.java:1604)
	at java.util.concurrent.ThreadPoolExecutor.runWorker(ThreadPoolExecutor.java:1149)
	at java.util.concurrent.ThreadPoolExecutor$Worker.run(ThreadPoolExecutor.java:624)
	at java.lang.Thread.run(Thread.java:750)
2023-06-06 16:09:13,646 [KeyDeletingService#0] INFO  utils.BackgroundService (AbstractKeyDeletingService.java:optimizeDirDeletesAndSubmitRequest(395)) - Number of dirs deleted: 4, Number of sub-dir deleted: 0, Number of sub-files moved: 0 to DeletedTable, Number of sub-dirs moved 5 to DeletedDirectoryTable, iteration elapsed: 35ms, totalRunCount: 12513
2023-06-06 16:09:13,662 [KeyDeletingService#0] INFO  utils.BackgroundService (AbstractKeyDeletingService.java:optimizeDirDeletesAndSubmitRequest(395)) - Number of dirs deleted: 5, Number of sub-dir deleted: 2, Number of sub-files moved: 2 to DeletedTable, Number of sub-dirs moved 0 to DeletedDirectoryTable, iteration elapsed: 16ms, totalRunCount: 12514
2023-06-06 16:09:13,681 [IPC Server handler 3 on default port 15001] INFO  ha.SequenceIdGenerator (SequenceIdGenerator.java:getNextId(128)) - Allocate a batch for delTxnId, change lastId from 0 to 1000.
2023-06-06 16:09:13,685 [KeyDeletingService#0] INFO  utils.BackgroundService (AbstractKeyDeletingService.java:optimizeDirDeletesAndSubmitRequest(395)) - Number of dirs deleted: 6, Number of sub-dir deleted: 0, Number of sub-files moved: 4 to DeletedTable, Number of sub-dirs moved 0 to DeletedDirectoryTable, iteration elapsed: 23ms, totalRunCount: 12515
]]></system-out>
  </testcase>
</testsuite>