<?xml version="1.0" encoding="UTF-8"?>
<testsuite xmlns:xsi="http://www.w3.org/2001/XMLSchema-instance" xsi:noNamespaceSchemaLocation="https://maven.apache.org/surefire/maven-surefire-plugin/xsd/surefire-test-report-3.0.xsd" version="3.0" name="org.apache.hadoop.ozone.container.ozoneimpl.TestOzoneContainer" time="149.346" tests="8" errors="1" skipped="0" failures="0">
  <properties>
    <property name="java.specification.version" value="21"/>
    <property name="sun.jnu.encoding" value="UTF-8"/>
    <property name="java.class.path" value="/home/runner/work/ozone/ozone/hadoop-ozone/integration-test/target/test-classes:/home/runner/work/ozone/ozone/hadoop-ozone/integration-test/target/classes:/home/runner/work/ozone/ozone/hadoop-hdds/server-scm/target/hdds-server-scm-2.0.0-SNAPSHOT.jar:/home/runner/.m2/repository/com/fasterxml/jackson/core/jackson-annotations/2.16.2/jackson-annotations-2.16.2.jar:/home/runner/.m2/repository/com/fasterxml/jackson/core/jackson-core/2.16.2/jackson-core-2.16.2.jar:/home/runner/.m2/repository/com/fasterxml/jackson/core/jackson-databind/2.16.2/jackson-databind-2.16.2.jar:/home/runner/.m2/repository/com/google/guava/guava/32.1.3-jre/guava-32.1.3-jre.jar:/home/runner/.m2/repository/com/google/guava/failureaccess/1.0.1/failureaccess-1.0.1.jar:/home/runner/.m2/repository/com/google/guava/listenablefuture/9999.0-empty-to-avoid-conflict-with-guava/listenablefuture-9999.0-empty-to-avoid-conflict-with-guava.jar:/home/runner/.m2/repository/org/checkerframework/checker-qual/3.37.0/checker-qual-3.37.0.jar:/home/runner/.m2/repository/com/google/errorprone/error_prone_annotations/2.29.2/error_prone_annotations-2.29.2.jar:/home/runner/.m2/repository/com/google/j2objc/j2objc-annotations/2.8/j2objc-annotations-2.8.jar:/home/runner/.m2/repository/com/google/protobuf/protobuf-java/2.5.0/protobuf-java-2.5.0.jar:/home/runner/.m2/repository/commons-collections/commons-collections/3.2.2/commons-collections-3.2.2.jar:/home/runner/.m2/repository/commons-io/commons-io/2.18.0/commons-io-2.18.0.jar:/home/runner/.m2/repository/info/picocli/picocli/4.7.5/picocli-4.7.5.jar:/home/runner/.m2/repository/io/dropwizard/metrics/metrics-core/3.2.6/metrics-core-3.2.6.jar:/home/runner/.m2/repository/jakarta/annotation/jakarta.annotation-api/2.1.1/jakarta.annotation-api-2.1.1.jar:/home/runner/.m2/repository/javax/servlet/javax.servlet-api/3.1.0/javax.servlet-api-3.1.0.jar:/home/runner/.m2/repository/org/apache/commons/commons-compress/1.27.1/commons-compress-1.27.1.jar:/home/runner/.m2/repository/org/apache/commons/commons-text/1.12.0/commons-text-1.12.0.jar:/home/runner/work/ozone/ozone/hadoop-hdds/client/target/hdds-client-2.0.0-SNAPSHOT.jar:/home/runner/work/ozone/ozone/hadoop-hdds/common/target/hdds-common-2.0.0-SNAPSHOT.jar:/home/runner/work/ozone/ozone/hadoop-hdds/config/target/hdds-config-2.0.0-SNAPSHOT.jar:/home/runner/work/ozone/ozone/hadoop-hdds/container-service/target/hdds-container-service-2.0.0-SNAPSHOT.jar:/home/runner/work/ozone/ozone/hadoop-hdds/hadoop-dependency-client/target/hdds-hadoop-dependency-client-2.0.0-SNAPSHOT.jar:/home/runner/.m2/repository/com/nimbusds/nimbus-jose-jwt/9.40/nimbus-jose-jwt-9.40.jar:/home/runner/work/ozone/ozone/hadoop-hdds/hadoop-dependency-server/target/hdds-hadoop-dependency-server-2.0.0-SNAPSHOT.jar:/home/runner/.m2/repository/org/apache/hadoop/hadoop-hdfs/3.4.1/hadoop-hdfs-3.4.1.jar:/home/runner/.m2/repository/org/apache/kerby/kerb-util/1.0.1/kerb-util-1.0.1.jar:/home/runner/.m2/repository/org/apache/kerby/kerby-config/1.0.1/kerby-config-1.0.1.jar:/home/runner/.m2/repository/org/apache/kerby/kerb-crypto/1.0.1/kerb-crypto-1.0.1.jar:/home/runner/work/ozone/ozone/hadoop-hdds/interface-admin/target/hdds-interface-admin-2.0.0-SNAPSHOT.jar:/home/runner/work/ozone/ozone/hadoop-hdds/interface-client/target/hdds-interface-client-2.0.0-SNAPSHOT.jar:/home/runner/work/ozone/ozone/hadoop-hdds/interface-server/target/hdds-interface-server-2.0.0-SNAPSHOT.jar:/home/runner/work/ozone/ozone/hadoop-hdds/framework/target/hdds-server-framework-2.0.0-SNAPSHOT.jar:/home/runner/.m2/repository/org/apache/ratis/ratis-client/3.1.2/ratis-client-3.1.2.jar:/home/runner/.m2/repository/org/apache/ratis/ratis-common/3.1.2/ratis-common-3.1.2.jar:/home/runner/.m2/repository/org/apache/ratis/ratis-grpc/3.1.2/ratis-grpc-3.1.2.jar:/home/runner/.m2/repository/org/apache/ratis/ratis-netty/3.1.2/ratis-netty-3.1.2.jar:/home/runner/.m2/repository/org/apache/ratis/ratis-proto/3.1.2/ratis-proto-3.1.2.jar:/home/runner/.m2/repository/org/apache/ratis/ratis-server-api/3.1.2/ratis-server-api-3.1.2.jar:/home/runner/.m2/repository/org/apache/ratis/ratis-thirdparty-misc/1.0.6/ratis-thirdparty-misc-1.0.6.jar:/home/runner/.m2/repository/org/bouncycastle/bcpkix-jdk18on/1.80/bcpkix-jdk18on-1.80.jar:/home/runner/.m2/repository/org/bouncycastle/bcprov-jdk18on/1.80/bcprov-jdk18on-1.80.jar:/home/runner/.m2/repository/org/eclipse/jetty/jetty-webapp/9.4.57.v20241219/jetty-webapp-9.4.57.v20241219.jar:/home/runner/.m2/repository/org/eclipse/jetty/jetty-xml/9.4.57.v20241219/jetty-xml-9.4.57.v20241219.jar:/home/runner/.m2/repository/org/slf4j/slf4j-api/2.0.16/slf4j-api-2.0.16.jar:/home/runner/work/ozone/ozone/hadoop-hdds/tools/target/hdds-tools-2.0.0-SNAPSHOT.jar:/home/runner/.m2/repository/ch/qos/reload4j/reload4j/1.2.26/reload4j-1.2.26.jar:/home/runner/.m2/repository/com/fasterxml/jackson/datatype/jackson-datatype-jsr310/2.16.2/jackson-datatype-jsr310-2.16.2.jar:/home/runner/.m2/repository/commons-cli/commons-cli/1.8.0/commons-cli-1.8.0.jar:/home/runner/.m2/repository/org/apache/ratis/ratis-tools/3.1.2/ratis-tools-3.1.2.jar:/home/runner/.m2/repository/org/kohsuke/metainf-services/metainf-services/1.11/metainf-services-1.11.jar:/home/runner/.m2/repository/org/slf4j/slf4j-reload4j/2.0.16/slf4j-reload4j-2.0.16.jar:/home/runner/.m2/repository/org/xerial/sqlite-jdbc/3.49.0.0/sqlite-jdbc-3.49.0.0.jar:/home/runner/work/ozone/ozone/hadoop-ozone/cli-shell/target/ozone-cli-shell-2.0.0-SNAPSHOT.jar:/home/runner/.m2/repository/commons-codec/commons-codec/1.17.1/commons-codec-1.17.1.jar:/home/runner/.m2/repository/info/picocli/picocli-shell-jline3/4.7.5/picocli-shell-jline3-4.7.5.jar:/home/runner/.m2/repository/jakarta/xml/bind/jakarta.xml.bind-api/2.3.3/jakarta.xml.bind-api-2.3.3.jar:/home/runner/.m2/repository/org/apache/httpcomponents/httpclient/4.5.14/httpclient-4.5.14.jar:/home/runner/work/ozone/ozone/hadoop-ozone/ozonefs-common/target/ozone-filesystem-common-2.0.0-SNAPSHOT.jar:/home/runner/work/ozone/ozone/hadoop-ozone/interface-client/target/ozone-interface-client-2.0.0-SNAPSHOT.jar:/home/runner/.m2/repository/org/jline/jline/3.29.0/jline-3.29.0.jar:/home/runner/work/ozone/ozone/hadoop-ozone/client/target/ozone-client-2.0.0-SNAPSHOT.jar:/home/runner/.m2/repository/com/github/stephenc/jcip/jcip-annotations/1.0-1/jcip-annotations-1.0-1.jar:/home/runner/work/ozone/ozone/hadoop-hdds/erasurecode/target/hdds-erasurecode-2.0.0-SNAPSHOT.jar:/home/runner/work/ozone/ozone/hadoop-ozone/common/target/ozone-common-2.0.0-SNAPSHOT.jar:/home/runner/.m2/repository/io/grpc/grpc-api/1.58.0/grpc-api-1.58.0.jar:/home/runner/.m2/repository/io/grpc/grpc-netty/1.58.0/grpc-netty-1.58.0.jar:/home/runner/.m2/repository/io/grpc/grpc-core/1.58.0/grpc-core-1.58.0.jar:/home/runner/.m2/repository/com/google/android/annotations/4.1.1.4/annotations-4.1.1.4.jar:/home/runner/.m2/repository/org/codehaus/mojo/animal-sniffer-annotations/1.23/animal-sniffer-annotations-1.23.jar:/home/runner/.m2/repository/io/grpc/grpc-context/1.58.0/grpc-context-1.58.0.jar:/home/runner/.m2/repository/io/grpc/grpc-util/1.58.0/grpc-util-1.58.0.jar:/home/runner/.m2/repository/io/perfmark/perfmark-api/0.26.0/perfmark-api-0.26.0.jar:/home/runner/.m2/repository/io/grpc/grpc-stub/1.58.0/grpc-stub-1.58.0.jar:/home/runner/.m2/repository/io/netty/netty-codec-http2/4.1.109.Final/netty-codec-http2-4.1.109.Final.jar:/home/runner/.m2/repository/io/netty/netty-codec-http/4.1.109.Final/netty-codec-http-4.1.109.Final.jar:/home/runner/.m2/repository/io/netty/netty-common/4.1.109.Final/netty-common-4.1.109.Final.jar:/home/runner/.m2/repository/io/netty/netty-handler/4.1.109.Final/netty-handler-4.1.109.Final.jar:/home/runner/.m2/repository/io/netty/netty-resolver/4.1.109.Final/netty-resolver-4.1.109.Final.jar:/home/runner/.m2/repository/io/netty/netty-handler-proxy/4.1.109.Final/netty-handler-proxy-4.1.109.Final.jar:/home/runner/.m2/repository/io/netty/netty-codec-socks/4.1.109.Final/netty-codec-socks-4.1.109.Final.jar:/home/runner/.m2/repository/org/apache/httpcomponents/httpcore/4.4.16/httpcore-4.4.16.jar:/home/runner/.m2/repository/io/netty/netty-tcnative-boringssl-static/2.0.65.Final/netty-tcnative-boringssl-static-2.0.65.Final.jar:/home/runner/.m2/repository/io/netty/netty-tcnative-classes/2.0.65.Final/netty-tcnative-classes-2.0.65.Final.jar:/home/runner/.m2/repository/io/netty/netty-tcnative-boringssl-static/2.0.65.Final/netty-tcnative-boringssl-static-2.0.65.Final-linux-x86_64.jar:/home/runner/.m2/repository/io/netty/netty-tcnative-boringssl-static/2.0.65.Final/netty-tcnative-boringssl-static-2.0.65.Final-linux-aarch_64.jar:/home/runner/.m2/repository/io/netty/netty-tcnative-boringssl-static/2.0.65.Final/netty-tcnative-boringssl-static-2.0.65.Final-osx-x86_64.jar:/home/runner/.m2/repository/io/netty/netty-tcnative-boringssl-static/2.0.65.Final/netty-tcnative-boringssl-static-2.0.65.Final-osx-aarch_64.jar:/home/runner/.m2/repository/io/netty/netty-tcnative-boringssl-static/2.0.65.Final/netty-tcnative-boringssl-static-2.0.65.Final-windows-x86_64.jar:/home/runner/work/ozone/ozone/hadoop-ozone/csi/target/ozone-csi-2.0.0-SNAPSHOT.jar:/home/runner/.m2/repository/com/google/protobuf/protobuf-java-util/3.19.6/protobuf-java-util-3.19.6.jar:/home/runner/.m2/repository/io/grpc/grpc-protobuf/1.58.0/grpc-protobuf-1.58.0.jar:/home/runner/.m2/repository/com/google/api/grpc/proto-google-common-protos/2.22.0/proto-google-common-protos-2.22.0.jar:/home/runner/.m2/repository/io/grpc/grpc-protobuf-lite/1.58.0/grpc-protobuf-lite-1.58.0.jar:/home/runner/.m2/repository/io/netty/netty-transport/4.1.109.Final/netty-transport-4.1.109.Final.jar:/home/runner/.m2/repository/io/netty/netty-transport-classes-epoll/4.1.109.Final/netty-transport-classes-epoll-4.1.109.Final.jar:/home/runner/.m2/repository/io/netty/netty-transport-native-epoll/4.1.109.Final/netty-transport-native-epoll-4.1.109.Final-linux-x86_64.jar:/home/runner/.m2/repository/io/netty/netty-transport-native-unix-common/4.1.109.Final/netty-transport-native-unix-common-4.1.109.Final.jar:/home/runner/work/ozone/ozone/hadoop-ozone/ozonefs/target/ozone-filesystem-2.0.0-SNAPSHOT.jar:/home/runner/.m2/repository/io/opentracing/opentracing-api/0.33.0/opentracing-api-0.33.0.jar:/home/runner/.m2/repository/io/opentracing/opentracing-util/0.33.0/opentracing-util-0.33.0.jar:/home/runner/work/ozone/ozone/hadoop-ozone/ozone-manager/target/ozone-manager-2.0.0-SNAPSHOT.jar:/home/runner/.m2/repository/com/sun/jersey/jersey-client/1.19.4/jersey-client-1.19.4.jar:/home/runner/.m2/repository/org/apache/kerby/kerby-util/1.0.1/kerby-util-1.0.1.jar:/home/runner/.m2/repository/org/apache/logging/log4j/log4j-api/2.24.2/log4j-api-2.24.2.jar:/home/runner/work/ozone/ozone/hadoop-hdds/managed-rocksdb/target/hdds-managed-rocksdb-2.0.0-SNAPSHOT.jar:/home/runner/work/ozone/ozone/hadoop-hdds/rocks-native/target/hdds-rocks-native-2.0.0-SNAPSHOT.jar:/home/runner/.m2/repository/org/eclipse/jetty/jetty-io/9.4.57.v20241219/jetty-io-9.4.57.v20241219.jar:/home/runner/work/ozone/ozone/hadoop-ozone/interface-storage/target/ozone-interface-storage-2.0.0-SNAPSHOT.jar:/home/runner/work/ozone/ozone/hadoop-hdds/rocksdb-checkpoint-differ/target/rocksdb-checkpoint-differ-2.0.0-SNAPSHOT.jar:/home/runner/.m2/repository/com/github/vlsi/mxgraph/jgraphx/3.9.12/jgraphx-3.9.12.jar:/home/runner/.m2/repository/org/jgrapht/jgrapht-core/1.4.0/jgrapht-core-1.4.0.jar:/home/runner/.m2/repository/org/jheaps/jheaps/0.11/jheaps-0.11.jar:/home/runner/.m2/repository/org/jgrapht/jgrapht-ext/1.4.0/jgrapht-ext-1.4.0.jar:/home/runner/.m2/repository/org/apache/ranger/ranger-intg/2.3.0/ranger-intg-2.3.0.jar:/home/runner/.m2/repository/org/apache/ranger/ranger-plugins-common/2.3.0/ranger-plugins-common-2.3.0.jar:/home/runner/.m2/repository/commons-lang/commons-lang/2.6/commons-lang-2.6.jar:/home/runner/.m2/repository/org/apache/ranger/ranger-plugins-cred/2.3.0/ranger-plugins-cred-2.3.0.jar:/home/runner/.m2/repository/org/apache/ranger/ranger-plugins-audit/2.3.0/ranger-plugins-audit-2.3.0.jar:/home/runner/.m2/repository/org/eclipse/jetty/jetty-client/9.4.57.v20241219/jetty-client-9.4.57.v20241219.jar:/home/runner/.m2/repository/org/apache/httpcomponents/httpmime/4.5.6/httpmime-4.5.6.jar:/home/runner/.m2/repository/org/apache/httpcomponents/httpcore-nio/4.4.16/httpcore-nio-4.4.16.jar:/home/runner/.m2/repository/org/apache/httpcomponents/httpasyncclient/4.1.3/httpasyncclient-4.1.3.jar:/home/runner/.m2/repository/com/carrotsearch/hppc/0.8.0/hppc-0.8.0.jar:/home/runner/.m2/repository/org/apache/orc/orc-core/1.5.8/orc-core-1.5.8.jar:/home/runner/.m2/repository/net/java/dev/jna/jna/5.2.0/jna-5.2.0.jar:/home/runner/.m2/repository/net/java/dev/jna/jna-platform/5.2.0/jna-platform-5.2.0.jar:/home/runner/.m2/repository/com/kstruct/gethostname4j/0.0.2/gethostname4j-0.0.2.jar:/home/runner/.m2/repository/org/apache/ranger/ranger-plugin-classloader/2.3.0/ranger-plugin-classloader-2.3.0.jar:/home/runner/.m2/repository/org/aspectj/aspectjrt/1.9.7/aspectjrt-1.9.7.jar:/home/runner/.m2/repository/org/aspectj/aspectjweaver/1.9.7/aspectjweaver-1.9.7.jar:/home/runner/.m2/repository/org/codehaus/jackson/jackson-core-asl/1.9.13/jackson-core-asl-1.9.13.jar:/home/runner/.m2/repository/org/codehaus/jackson/jackson-jaxrs/1.9.13/jackson-jaxrs-1.9.13.jar:/home/runner/.m2/repository/org/codehaus/jackson/jackson-mapper-asl/1.9.13/jackson-mapper-asl-1.9.13.jar:/home/runner/.m2/repository/org/eclipse/jetty/jetty-util/9.4.57.v20241219/jetty-util-9.4.57.v20241219.jar:/home/runner/.m2/repository/org/reflections/reflections/0.10.2/reflections-0.10.2.jar:/home/runner/.m2/repository/org/rocksdb/rocksdbjni/7.7.3/rocksdbjni-7.7.3.jar:/home/runner/work/ozone/ozone/hadoop-ozone/recon/target/ozone-recon-2.0.0-SNAPSHOT.jar:/home/runner/.m2/repository/aopalliance/aopalliance/1.0/aopalliance-1.0.jar:/home/runner/.m2/repository/com/google/inject/guice/6.0.0/guice-6.0.0.jar:/home/runner/.m2/repository/jakarta/inject/jakarta.inject-api/2.0.1/jakarta.inject-api-2.0.1.jar:/home/runner/.m2/repository/com/google/inject/extensions/guice-assistedinject/6.0.0/guice-assistedinject-6.0.0.jar:/home/runner/.m2/repository/com/google/inject/extensions/guice-servlet/6.0.0/guice-servlet-6.0.0.jar:/home/runner/.m2/repository/com/jolbox/bonecp/0.8.0.RELEASE/bonecp-0.8.0.RELEASE.jar:/home/runner/.m2/repository/jakarta/activation/jakarta.activation-api/1.2.2/jakarta.activation-api-1.2.2.jar:/home/runner/.m2/repository/jakarta/validation/jakarta.validation-api/2.0.2/jakarta.validation-api-2.0.2.jar:/home/runner/.m2/repository/jakarta/ws/rs/jakarta.ws.rs-api/2.1.6/jakarta.ws.rs-api-2.1.6.jar:/home/runner/.m2/repository/javax/inject/javax.inject/1/javax.inject-1.jar:/home/runner/.m2/repository/org/apache/derby/derby/10.14.2.0/derby-10.14.2.0.jar:/home/runner/work/ozone/ozone/hadoop-ozone/recon-codegen/target/ozone-reconcodegen-2.0.0-SNAPSHOT.jar:/home/runner/.m2/repository/org/eclipse/jetty/jetty-servlet/9.4.57.v20241219/jetty-servlet-9.4.57.v20241219.jar:/home/runner/.m2/repository/org/eclipse/jetty/jetty-security/9.4.57.v20241219/jetty-security-9.4.57.v20241219.jar:/home/runner/.m2/repository/org/glassfish/hk2/guice-bridge/2.6.1/guice-bridge-2.6.1.jar:/home/runner/.m2/repository/org/glassfish/hk2/hk2-api/2.6.1/hk2-api-2.6.1.jar:/home/runner/.m2/repository/org/glassfish/hk2/hk2-utils/2.6.1/hk2-utils-2.6.1.jar:/home/runner/.m2/repository/org/glassfish/hk2/external/aopalliance-repackaged/2.6.1/aopalliance-repackaged-2.6.1.jar:/home/runner/.m2/repository/org/glassfish/hk2/external/jakarta.inject/2.6.1/jakarta.inject-2.6.1.jar:/home/runner/.m2/repository/org/glassfish/jersey/containers/jersey-container-servlet/2.46/jersey-container-servlet-2.46.jar:/home/runner/.m2/repository/org/glassfish/jersey/containers/jersey-container-servlet-core/2.46/jersey-container-servlet-core-2.46.jar:/home/runner/.m2/repository/org/glassfish/jersey/core/jersey-common/2.46/jersey-common-2.46.jar:/home/runner/.m2/repository/org/glassfish/hk2/osgi-resource-locator/1.0.3/osgi-resource-locator-1.0.3.jar:/home/runner/.m2/repository/org/glassfish/jersey/core/jersey-server/2.46/jersey-server-2.46.jar:/home/runner/.m2/repository/org/glassfish/jersey/core/jersey-client/2.46/jersey-client-2.46.jar:/home/runner/.m2/repository/org/glassfish/jersey/inject/jersey-hk2/2.46/jersey-hk2-2.46.jar:/home/runner/.m2/repository/org/glassfish/hk2/hk2-locator/2.6.1/hk2-locator-2.6.1.jar:/home/runner/.m2/repository/org/glassfish/jersey/media/jersey-media-jaxb/2.46/jersey-media-jaxb-2.46.jar:/home/runner/.m2/repository/org/glassfish/jersey/media/jersey-media-json-jackson/2.46/jersey-media-json-jackson-2.46.jar:/home/runner/.m2/repository/org/glassfish/jersey/ext/jersey-entity-filtering/2.46/jersey-entity-filtering-2.46.jar:/home/runner/.m2/repository/org/javassist/javassist/3.30.2-GA/javassist-3.30.2-GA.jar:/home/runner/.m2/repository/org/jooq/jooq/3.11.10/jooq-3.11.10.jar:/home/runner/.m2/repository/org/jooq/jooq-codegen/3.11.10/jooq-codegen-3.11.10.jar:/home/runner/.m2/repository/org/jooq/jooq-meta/3.11.10/jooq-meta-3.11.10.jar:/home/runner/.m2/repository/org/springframework/spring-core/5.3.39/spring-core-5.3.39.jar:/home/runner/.m2/repository/org/springframework/spring-jdbc/5.3.39/spring-jdbc-5.3.39.jar:/home/runner/.m2/repository/org/springframework/spring-beans/5.3.39/spring-beans-5.3.39.jar:/home/runner/.m2/repository/org/springframework/spring-tx/5.3.39/spring-tx-5.3.39.jar:/home/runner/work/ozone/ozone/hadoop-ozone/s3gateway/target/ozone-s3gateway-2.0.0-SNAPSHOT.jar:/home/runner/.m2/repository/com/fasterxml/jackson/dataformat/jackson-dataformat-xml/2.16.2/jackson-dataformat-xml-2.16.2.jar:/home/runner/.m2/repository/com/fasterxml/jackson/module/jackson-module-jaxb-annotations/2.16.2/jackson-module-jaxb-annotations-2.16.2.jar:/home/runner/.m2/repository/io/opentracing/opentracing-noop/0.33.0/opentracing-noop-0.33.0.jar:/home/runner/.m2/repository/javax/annotation/javax.annotation-api/1.3.2/javax.annotation-api-1.3.2.jar:/home/runner/.m2/repository/javax/enterprise/cdi-api/2.0/cdi-api-2.0.jar:/home/runner/.m2/repository/javax/el/javax.el-api/3.0.0/javax.el-api-3.0.0.jar:/home/runner/.m2/repository/javax/interceptor/javax.interceptor-api/1.2/javax.interceptor-api-1.2.jar:/home/runner/.m2/repository/org/glassfish/jaxb/jaxb-runtime/2.3.9/jaxb-runtime-2.3.9.jar:/home/runner/.m2/repository/org/glassfish/jaxb/txw2/2.3.9/txw2-2.3.9.jar:/home/runner/.m2/repository/com/sun/istack/istack-commons-runtime/3.0.12/istack-commons-runtime-3.0.12.jar:/home/runner/.m2/repository/com/sun/activation/jakarta.activation/1.2.2/jakarta.activation-1.2.2.jar:/home/runner/.m2/repository/org/glassfish/jersey/ext/cdi/jersey-cdi1x/2.46/jersey-cdi1x-2.46.jar:/home/runner/.m2/repository/org/jboss/weld/servlet/weld-servlet-shaded/3.1.9.Final/weld-servlet-shaded-3.1.9.Final.jar:/home/runner/work/ozone/ozone/hadoop-ozone/tools/target/ozone-tools-2.0.0-SNAPSHOT.jar:/home/runner/.m2/repository/com/amazonaws/aws-java-sdk-core/1.12.661/aws-java-sdk-core-1.12.661.jar:/home/runner/.m2/repository/com/fasterxml/jackson/dataformat/jackson-dataformat-cbor/2.16.2/jackson-dataformat-cbor-2.16.2.jar:/home/runner/.m2/repository/joda-time/joda-time/2.12.7/joda-time-2.12.7.jar:/home/runner/.m2/repository/com/amazonaws/aws-java-sdk-s3/1.12.661/aws-java-sdk-s3-1.12.661.jar:/home/runner/.m2/repository/com/amazonaws/aws-java-sdk-kms/1.12.661/aws-java-sdk-kms-1.12.661.jar:/home/runner/.m2/repository/com/amazonaws/jmespath-java/1.12.661/jmespath-java-1.12.661.jar:/home/runner/.m2/repository/org/apache/ratis/ratis-shell/3.1.2/ratis-shell-3.1.2.jar:/home/runner/.m2/repository/org/apache/ratis/ratis-server/3.1.2/ratis-server-3.1.2.jar:/home/runner/.m2/repository/org/apache/ratis/ratis-metrics-api/3.1.2/ratis-metrics-api-3.1.2.jar:/home/runner/.m2/repository/org/hamcrest/hamcrest/2.2/hamcrest-2.2.jar:/home/runner/.m2/repository/org/slf4j/jul-to-slf4j/2.0.16/jul-to-slf4j-2.0.16.jar:/home/runner/.m2/repository/org/apache/commons/commons-lang3/3.17.0/commons-lang3-3.17.0.jar:/home/runner/.m2/repository/org/apache/hadoop/hadoop-common/3.4.1/hadoop-common-3.4.1-tests.jar:/home/runner/.m2/repository/org/apache/hadoop/thirdparty/hadoop-shaded-protobuf_3_25/1.3.0/hadoop-shaded-protobuf_3_25-1.3.0.jar:/home/runner/.m2/repository/org/apache/hadoop/hadoop-annotations/3.4.1/hadoop-annotations-3.4.1.jar:/home/runner/.m2/repository/org/apache/hadoop/thirdparty/hadoop-shaded-guava/1.3.0/hadoop-shaded-guava-1.3.0.jar:/home/runner/.m2/repository/org/apache/commons/commons-math3/3.6.1/commons-math3-3.6.1.jar:/home/runner/.m2/repository/commons-net/commons-net/3.11.1/commons-net-3.11.1.jar:/home/runner/.m2/repository/org/eclipse/jetty/jetty-server/9.4.57.v20241219/jetty-server-9.4.57.v20241219.jar:/home/runner/.m2/repository/javax/servlet/jsp/jsp-api/2.1/jsp-api-2.1.jar:/home/runner/.m2/repository/com/sun/jersey/jersey-core/1.19.4/jersey-core-1.19.4.jar:/home/runner/.m2/repository/javax/ws/rs/jsr311-api/1.1.1/jsr311-api-1.1.1.jar:/home/runner/.m2/repository/com/github/pjfanning/jersey-json/1.22.0/jersey-json-1.22.0.jar:/home/runner/.m2/repository/com/sun/xml/bind/jaxb-impl/2.2.3-1/jaxb-impl-2.2.3-1.jar:/home/runner/.m2/repository/org/codehaus/jettison/jettison/1.5.4/jettison-1.5.4.jar:/home/runner/.m2/repository/com/sun/jersey/jersey-server/1.19.4/jersey-server-1.19.4.jar:/home/runner/.m2/repository/commons-beanutils/commons-beanutils/1.9.4/commons-beanutils-1.9.4.jar:/home/runner/.m2/repository/org/apache/commons/commons-configuration2/2.11.0/commons-configuration2-2.11.0.jar:/home/runner/.m2/repository/org/apache/avro/avro/1.9.2/avro-1.9.2.jar:/home/runner/.m2/repository/com/google/re2j/re2j/1.7/re2j-1.7.jar:/home/runner/.m2/repository/com/google/code/gson/gson/2.10.1/gson-2.10.1.jar:/home/runner/.m2/repository/org/apache/hadoop/hadoop-auth/3.4.1/hadoop-auth-3.4.1.jar:/home/runner/.m2/repository/org/apache/curator/curator-framework/4.2.0/curator-framework-4.2.0.jar:/home/runner/.m2/repository/com/jcraft/jsch/0.1.55/jsch-0.1.55.jar:/home/runner/.m2/repository/org/apache/curator/curator-client/4.2.0/curator-client-4.2.0.jar:/home/runner/.m2/repository/org/apache/curator/curator-recipes/5.2.0/curator-recipes-5.2.0.jar:/home/runner/.m2/repository/com/google/code/findbugs/jsr305/3.0.2/jsr305-3.0.2.jar:/home/runner/.m2/repository/org/apache/zookeeper/zookeeper/3.8.4/zookeeper-3.8.4.jar:/home/runner/.m2/repository/org/apache/zookeeper/zookeeper-jute/3.8.4/zookeeper-jute-3.8.4.jar:/home/runner/.m2/repository/org/apache/yetus/audience-annotations/0.12.0/audience-annotations-0.12.0.jar:/home/runner/.m2/repository/io/netty/netty-transport-native-epoll/4.1.109.Final/netty-transport-native-epoll-4.1.109.Final.jar:/home/runner/.m2/repository/org/apache/kerby/kerb-core/1.0.1/kerb-core-1.0.1.jar:/home/runner/.m2/repository/org/apache/kerby/kerby-pkix/1.0.1/kerby-pkix-1.0.1.jar:/home/runner/.m2/repository/org/apache/kerby/kerby-asn1/1.0.1/kerby-asn1-1.0.1.jar:/home/runner/.m2/repository/org/codehaus/woodstox/stax2-api/4.2.2/stax2-api-4.2.2.jar:/home/runner/.m2/repository/com/fasterxml/woodstox/woodstox-core/5.4.0/woodstox-core-5.4.0.jar:/home/runner/.m2/repository/dnsjava/dnsjava/3.6.1/dnsjava-3.6.1.jar:/home/runner/.m2/repository/org/xerial/snappy/snappy-java/1.1.10.7/snappy-java-1.1.10.7.jar:/home/runner/.m2/repository/org/apache/hadoop/hadoop-distcp/3.4.1/hadoop-distcp-3.4.1.jar:/home/runner/.m2/repository/org/apache/hadoop/hadoop-distcp/3.4.1/hadoop-distcp-3.4.1-tests.jar:/home/runner/.m2/repository/org/apache/hadoop/hadoop-hdfs/3.4.1/hadoop-hdfs-3.4.1-tests.jar:/home/runner/.m2/repository/org/eclipse/jetty/jetty-util-ajax/9.4.57.v20241219/jetty-util-ajax-9.4.57.v20241219.jar:/home/runner/.m2/repository/commons-daemon/commons-daemon/1.4.0/commons-daemon-1.4.0.jar:/home/runner/.m2/repository/io/netty/netty-all/4.1.109.Final/netty-all-4.1.109.Final.jar:/home/runner/.m2/repository/io/netty/netty-codec-dns/4.1.109.Final/netty-codec-dns-4.1.109.Final.jar:/home/runner/.m2/repository/io/netty/netty-codec-haproxy/4.1.109.Final/netty-codec-haproxy-4.1.109.Final.jar:/home/runner/.m2/repository/io/netty/netty-codec-memcache/4.1.109.Final/netty-codec-memcache-4.1.109.Final.jar:/home/runner/.m2/repository/io/netty/netty-codec-mqtt/4.1.109.Final/netty-codec-mqtt-4.1.109.Final.jar:/home/runner/.m2/repository/io/netty/netty-codec-redis/4.1.109.Final/netty-codec-redis-4.1.109.Final.jar:/home/runner/.m2/repository/io/netty/netty-codec-smtp/4.1.109.Final/netty-codec-smtp-4.1.109.Final.jar:/home/runner/.m2/repository/io/netty/netty-codec-stomp/4.1.109.Final/netty-codec-stomp-4.1.109.Final.jar:/home/runner/.m2/repository/io/netty/netty-codec-xml/4.1.109.Final/netty-codec-xml-4.1.109.Final.jar:/home/runner/.m2/repository/io/netty/netty-handler-ssl-ocsp/4.1.109.Final/netty-handler-ssl-ocsp-4.1.109.Final.jar:/home/runner/.m2/repository/io/netty/netty-resolver-dns/4.1.109.Final/netty-resolver-dns-4.1.109.Final.jar:/home/runner/.m2/repository/io/netty/netty-transport-rxtx/4.1.109.Final/netty-transport-rxtx-4.1.109.Final.jar:/home/runner/.m2/repository/io/netty/netty-transport-sctp/4.1.109.Final/netty-transport-sctp-4.1.109.Final.jar:/home/runner/.m2/repository/io/netty/netty-transport-udt/4.1.109.Final/netty-transport-udt-4.1.109.Final.jar:/home/runner/.m2/repository/io/netty/netty-transport-classes-kqueue/4.1.109.Final/netty-transport-classes-kqueue-4.1.109.Final.jar:/home/runner/.m2/repository/io/netty/netty-resolver-dns-classes-macos/4.1.109.Final/netty-resolver-dns-classes-macos-4.1.109.Final.jar:/home/runner/.m2/repository/io/netty/netty-transport-native-epoll/4.1.109.Final/netty-transport-native-epoll-4.1.109.Final-linux-aarch_64.jar:/home/runner/.m2/repository/io/netty/netty-transport-native-epoll/4.1.109.Final/netty-transport-native-epoll-4.1.109.Final-linux-riscv64.jar:/home/runner/.m2/repository/io/netty/netty-transport-native-kqueue/4.1.109.Final/netty-transport-native-kqueue-4.1.109.Final-osx-x86_64.jar:/home/runner/.m2/repository/io/netty/netty-transport-native-kqueue/4.1.109.Final/netty-transport-native-kqueue-4.1.109.Final-osx-aarch_64.jar:/home/runner/.m2/repository/io/netty/netty-resolver-dns-native-macos/4.1.109.Final/netty-resolver-dns-native-macos-4.1.109.Final-osx-x86_64.jar:/home/runner/.m2/repository/io/netty/netty-resolver-dns-native-macos/4.1.109.Final/netty-resolver-dns-native-macos-4.1.109.Final-osx-aarch_64.jar:/home/runner/.m2/repository/org/fusesource/leveldbjni/leveldbjni-all/1.8/leveldbjni-all-1.8.jar:/home/runner/.m2/repository/org/apache/hadoop/hadoop-kms/3.4.1/hadoop-kms-3.4.1.jar:/home/runner/.m2/repository/org/apache/hadoop/hadoop-common/3.4.1/hadoop-common-3.4.1.jar:/home/runner/.m2/repository/org/apache/hadoop/hadoop-kms/3.4.1/hadoop-kms-3.4.1-tests.jar:/home/runner/.m2/repository/org/apache/hadoop/hadoop-mapreduce-client-core/3.4.1/hadoop-mapreduce-client-core-3.4.1.jar:/home/runner/.m2/repository/org/apache/hadoop/hadoop-yarn-client/3.4.1/hadoop-yarn-client-3.4.1.jar:/home/runner/.m2/repository/org/eclipse/jetty/websocket/websocket-client/9.4.53.v20231009/websocket-client-9.4.53.v20231009.jar:/home/runner/.m2/repository/org/eclipse/jetty/websocket/websocket-common/9.4.53.v20231009/websocket-common-9.4.53.v20231009.jar:/home/runner/.m2/repository/org/eclipse/jetty/websocket/websocket-api/9.4.53.v20231009/websocket-api-9.4.53.v20231009.jar:/home/runner/.m2/repository/org/apache/hadoop/hadoop-yarn-api/3.4.1/hadoop-yarn-api-3.4.1.jar:/home/runner/.m2/repository/org/apache/hadoop/hadoop-yarn-common/3.4.1/hadoop-yarn-common-3.4.1.jar:/home/runner/.m2/repository/javax/xml/bind/jaxb-api/2.2.11/jaxb-api-2.2.11.jar:/home/runner/.m2/repository/com/sun/jersey/contribs/jersey-guice/1.19.4/jersey-guice-1.19.4.jar:/home/runner/.m2/repository/com/fasterxml/jackson/jaxrs/jackson-jaxrs-json-provider/2.16.2/jackson-jaxrs-json-provider-2.16.2.jar:/home/runner/.m2/repository/com/fasterxml/jackson/jaxrs/jackson-jaxrs-base/2.16.2/jackson-jaxrs-base-2.16.2.jar:/home/runner/.m2/repository/org/apache/hadoop/hadoop-hdfs-client/3.4.1/hadoop-hdfs-client-3.4.1.jar:/home/runner/.m2/repository/org/apache/hadoop/hadoop-mapreduce-client-jobclient/3.4.1/hadoop-mapreduce-client-jobclient-3.4.1.jar:/home/runner/.m2/repository/org/apache/hadoop/hadoop-mapreduce-client-common/3.4.1/hadoop-mapreduce-client-common-3.4.1.jar:/home/runner/.m2/repository/org/apache/hadoop/hadoop-minikdc/3.4.1/hadoop-minikdc-3.4.1.jar:/home/runner/.m2/repository/org/apache/kerby/kerb-simplekdc/2.0.3/kerb-simplekdc-2.0.3.jar:/home/runner/.m2/repository/org/apache/kerby/kerb-client/2.0.3/kerb-client-2.0.3.jar:/home/runner/.m2/repository/org/apache/kerby/kerb-common/2.0.3/kerb-common-2.0.3.jar:/home/runner/.m2/repository/org/apache/kerby/token-provider/2.0.3/token-provider-2.0.3.jar:/home/runner/.m2/repository/org/apache/kerby/kerb-admin/2.0.3/kerb-admin-2.0.3.jar:/home/runner/.m2/repository/org/apache/kerby/kerb-server/2.0.3/kerb-server-2.0.3.jar:/home/runner/.m2/repository/org/apache/kerby/kerb-identity/2.0.3/kerb-identity-2.0.3.jar:/home/runner/.m2/repository/org/apache/kerby/kerby-xdr/2.0.3/kerby-xdr-2.0.3.jar:/home/runner/.m2/repository/junit/junit/4.13.2/junit-4.13.2.jar:/home/runner/.m2/repository/org/hamcrest/hamcrest-core/1.3/hamcrest-core-1.3.jar:/home/runner/work/ozone/ozone/hadoop-hdds/common/target/hdds-common-2.0.0-SNAPSHOT-tests.jar:/home/runner/.m2/repository/commons-validator/commons-validator/1.6/commons-validator-1.6.jar:/home/runner/.m2/repository/commons-digester/commons-digester/1.8.1/commons-digester-1.8.1.jar:/home/runner/.m2/repository/io/jaegertracing/jaeger-client/1.8.1/jaeger-client-1.8.1.jar:/home/runner/.m2/repository/io/jaegertracing/jaeger-thrift/1.8.1/jaeger-thrift-1.8.1.jar:/home/runner/.m2/repository/org/apache/thrift/libthrift/0.15.0/libthrift-0.15.0.jar:/home/runner/.m2/repository/com/squareup/okhttp3/okhttp/4.12.0/okhttp-4.12.0.jar:/home/runner/.m2/repository/com/squareup/okio/okio/3.6.0/okio-3.6.0.jar:/home/runner/.m2/repository/com/squareup/okio/okio-jvm/3.6.0/okio-jvm-3.6.0.jar:/home/runner/.m2/repository/org/jetbrains/kotlin/kotlin-stdlib-common/1.9.25/kotlin-stdlib-common-1.9.25.jar:/home/runner/.m2/repository/org/jetbrains/kotlin/kotlin-stdlib-jdk8/1.9.25/kotlin-stdlib-jdk8-1.9.25.jar:/home/runner/.m2/repository/org/jetbrains/kotlin/kotlin-stdlib-jdk7/1.9.25/kotlin-stdlib-jdk7-1.9.25.jar:/home/runner/.m2/repository/io/jaegertracing/jaeger-tracerresolver/1.8.1/jaeger-tracerresolver-1.8.1.jar:/home/runner/.m2/repository/io/opentracing/contrib/opentracing-tracerresolver/0.1.8/opentracing-tracerresolver-0.1.8.jar:/home/runner/.m2/repository/io/jaegertracing/jaeger-core/1.8.1/jaeger-core-1.8.1.jar:/home/runner/work/ozone/ozone/hadoop-hdds/annotations/target/hdds-annotation-processing-2.0.0-SNAPSHOT.jar:/home/runner/.m2/repository/org/apache/ratis/ratis-metrics-dropwizard3/3.1.2/ratis-metrics-dropwizard3-3.1.2.jar:/home/runner/.m2/repository/org/bouncycastle/bcutil-jdk18on/1.80/bcutil-jdk18on-1.80.jar:/home/runner/.m2/repository/org/jetbrains/kotlin/kotlin-stdlib/1.9.25/kotlin-stdlib-1.9.25.jar:/home/runner/.m2/repository/org/jetbrains/annotations/13.0/annotations-13.0.jar:/home/runner/.m2/repository/org/yaml/snakeyaml/2.0/snakeyaml-2.0.jar:/home/runner/work/ozone/ozone/hadoop-hdds/container-service/target/hdds-container-service-2.0.0-SNAPSHOT-tests.jar:/home/runner/.m2/repository/com/github/luben/zstd-jni/1.5.6-9/zstd-jni-1.5.6-9.jar:/home/runner/.m2/repository/io/netty/netty-buffer/4.1.109.Final/netty-buffer-4.1.109.Final.jar:/home/runner/.m2/repository/io/netty/netty-codec/4.1.109.Final/netty-codec-4.1.109.Final.jar:/home/runner/work/ozone/ozone/hadoop-hdds/framework/target/hdds-server-framework-2.0.0-SNAPSHOT-tests.jar:/home/runner/.m2/repository/com/github/jnr/jnr-constants/0.10.4/jnr-constants-0.10.4.jar:/home/runner/.m2/repository/com/github/jnr/jnr-posix/3.1.20/jnr-posix-3.1.20.jar:/home/runner/.m2/repository/com/github/jnr/jnr-ffi/2.2.17/jnr-ffi-2.2.17.jar:/home/runner/.m2/repository/com/github/jnr/jffi/1.3.13/jffi-1.3.13.jar:/home/runner/.m2/repository/com/github/jnr/jffi/1.3.13/jffi-1.3.13-native.jar:/home/runner/.m2/repository/org/ow2/asm/asm/9.7.1/asm-9.7.1.jar:/home/runner/.m2/repository/org/ow2/asm/asm-commons/9.7.1/asm-commons-9.7.1.jar:/home/runner/.m2/repository/org/ow2/asm/asm-analysis/9.7.1/asm-analysis-9.7.1.jar:/home/runner/.m2/repository/org/ow2/asm/asm-tree/9.7.1/asm-tree-9.7.1.jar:/home/runner/.m2/repository/org/ow2/asm/asm-util/9.7.1/asm-util-9.7.1.jar:/home/runner/.m2/repository/com/github/jnr/jnr-a64asm/1.0.0/jnr-a64asm-1.0.0.jar:/home/runner/.m2/repository/com/github/jnr/jnr-x86asm/1.0.2/jnr-x86asm-1.0.2.jar:/home/runner/.m2/repository/commons-fileupload/commons-fileupload/1.5/commons-fileupload-1.5.jar:/home/runner/.m2/repository/commons-logging/commons-logging/1.2/commons-logging-1.2.jar:/home/runner/.m2/repository/io/prometheus/simpleclient/0.16.0/simpleclient-0.16.0.jar:/home/runner/.m2/repository/io/prometheus/simpleclient_common/0.16.0/simpleclient_common-0.16.0.jar:/home/runner/.m2/repository/io/prometheus/simpleclient_dropwizard/0.16.0/simpleclient_dropwizard-0.16.0.jar:/home/runner/.m2/repository/org/apache/logging/log4j/log4j-core/2.24.2/log4j-core-2.24.2.jar:/home/runner/.m2/repository/org/eclipse/jetty/jetty-http/9.4.57.v20241219/jetty-http-9.4.57.v20241219.jar:/home/runner/.m2/repository/com/lmax/disruptor/3.4.4/disruptor-3.4.4.jar:/home/runner/work/ozone/ozone/hadoop-hdds/server-scm/target/hdds-server-scm-2.0.0-SNAPSHOT-tests.jar:/home/runner/work/ozone/ozone/hadoop-hdds/test-utils/target/hdds-test-utils-2.0.0-SNAPSHOT.jar:/home/runner/work/ozone/ozone/hadoop-ozone/ozone-manager/target/ozone-manager-2.0.0-SNAPSHOT-tests.jar:/home/runner/.m2/repository/org/assertj/assertj-core/3.27.3/assertj-core-3.27.3.jar:/home/runner/.m2/repository/net/bytebuddy/byte-buddy/1.15.11/byte-buddy-1.15.11.jar:/home/runner/.m2/repository/org/junit/jupiter/junit-jupiter-api/5.11.4/junit-jupiter-api-5.11.4.jar:/home/runner/.m2/repository/org/opentest4j/opentest4j/1.3.0/opentest4j-1.3.0.jar:/home/runner/.m2/repository/org/junit/platform/junit-platform-commons/1.11.4/junit-platform-commons-1.11.4.jar:/home/runner/.m2/repository/org/apiguardian/apiguardian-api/1.1.2/apiguardian-api-1.1.2.jar:/home/runner/.m2/repository/org/junit/jupiter/junit-jupiter-engine/5.11.4/junit-jupiter-engine-5.11.4.jar:/home/runner/.m2/repository/org/junit/platform/junit-platform-engine/1.11.4/junit-platform-engine-1.11.4.jar:/home/runner/.m2/repository/org/junit/jupiter/junit-jupiter-params/5.11.4/junit-jupiter-params-5.11.4.jar:/home/runner/.m2/repository/org/mockito/mockito-core/4.11.0/mockito-core-4.11.0.jar:/home/runner/.m2/repository/net/bytebuddy/byte-buddy-agent/1.12.19/byte-buddy-agent-1.12.19.jar:/home/runner/.m2/repository/org/objenesis/objenesis/3.3/objenesis-3.3.jar:/home/runner/.m2/repository/org/mockito/mockito-inline/4.11.0/mockito-inline-4.11.0.jar:/home/runner/.m2/repository/org/mockito/mockito-junit-jupiter/4.11.0/mockito-junit-jupiter-4.11.0.jar:/home/runner/work/ozone/ozone/hadoop-ozone/integration-test/target/gradle-enterprise/test-listeners.jar:"/>
    <property name="java.vm.vendor" value="Eclipse Adoptium"/>
    <property name="sun.arch.data.model" value="64"/>
    <property name="test.build.dir" value="/home/runner/work/ozone/ozone/hadoop-ozone/integration-test/target/test-dir"/>
    <property name="test.cache.data" value=""/>
    <property name="java.vendor.url" value="https://adoptium.net/"/>
    <property name="user.timezone" value="Etc/UTC"/>
    <property name="maven-surefire-plugin.argLineAccessArgs" value=" --add-opens java.management/com.sun.jmx.mbeanserver=ALL-UNNAMED --add-exports java.management/com.sun.jmx.mbeanserver=ALL-UNNAMED --add-opens java.base/java.nio=ALL-UNNAMED --add-opens java.base/java.lang=ALL-UNNAMED --add-opens java.base/java.lang.reflect=ALL-UNNAMED"/>
    <property name="os.name" value="Linux"/>
    <property name="java.vm.specification.version" value="21"/>
    <property name="test.build.data" value="/home/runner/work/ozone/ozone/hadoop-ozone/integration-test/target/test-dir"/>
    <property name="sun.java.launcher" value="SUN_STANDARD"/>
    <property name="sun.boot.library.path" value="/usr/lib/jvm/temurin-21-jdk-amd64/lib"/>
    <property name="sun.java.command" value="/home/runner/work/ozone/ozone/hadoop-ozone/integration-test/target/surefire/surefirebooter227649394719791759.jar /home/runner/work/ozone/ozone/hadoop-ozone/integration-test/target/surefire 2025-02-13T19-08-06_543-jvmRun1 surefire10633711414889902901tmp surefire_16016733543726083595059tmp"/>
    <property name="jdk.debug" value="release"/>
    <property name="native.lib.tmp.dir" value="/tmp"/>
    <property name="surefire.test.class.path" value="/home/runner/work/ozone/ozone/hadoop-ozone/integration-test/target/test-classes:/home/runner/work/ozone/ozone/hadoop-ozone/integration-test/target/classes:/home/runner/work/ozone/ozone/hadoop-hdds/server-scm/target/hdds-server-scm-2.0.0-SNAPSHOT.jar:/home/runner/.m2/repository/com/fasterxml/jackson/core/jackson-annotations/2.16.2/jackson-annotations-2.16.2.jar:/home/runner/.m2/repository/com/fasterxml/jackson/core/jackson-core/2.16.2/jackson-core-2.16.2.jar:/home/runner/.m2/repository/com/fasterxml/jackson/core/jackson-databind/2.16.2/jackson-databind-2.16.2.jar:/home/runner/.m2/repository/com/google/guava/guava/32.1.3-jre/guava-32.1.3-jre.jar:/home/runner/.m2/repository/com/google/guava/failureaccess/1.0.1/failureaccess-1.0.1.jar:/home/runner/.m2/repository/com/google/guava/listenablefuture/9999.0-empty-to-avoid-conflict-with-guava/listenablefuture-9999.0-empty-to-avoid-conflict-with-guava.jar:/home/runner/.m2/repository/org/checkerframework/checker-qual/3.37.0/checker-qual-3.37.0.jar:/home/runner/.m2/repository/com/google/errorprone/error_prone_annotations/2.29.2/error_prone_annotations-2.29.2.jar:/home/runner/.m2/repository/com/google/j2objc/j2objc-annotations/2.8/j2objc-annotations-2.8.jar:/home/runner/.m2/repository/com/google/protobuf/protobuf-java/2.5.0/protobuf-java-2.5.0.jar:/home/runner/.m2/repository/commons-collections/commons-collections/3.2.2/commons-collections-3.2.2.jar:/home/runner/.m2/repository/commons-io/commons-io/2.18.0/commons-io-2.18.0.jar:/home/runner/.m2/repository/info/picocli/picocli/4.7.5/picocli-4.7.5.jar:/home/runner/.m2/repository/io/dropwizard/metrics/metrics-core/3.2.6/metrics-core-3.2.6.jar:/home/runner/.m2/repository/jakarta/annotation/jakarta.annotation-api/2.1.1/jakarta.annotation-api-2.1.1.jar:/home/runner/.m2/repository/javax/servlet/javax.servlet-api/3.1.0/javax.servlet-api-3.1.0.jar:/home/runner/.m2/repository/org/apache/commons/commons-compress/1.27.1/commons-compress-1.27.1.jar:/home/runner/.m2/repository/org/apache/commons/commons-text/1.12.0/commons-text-1.12.0.jar:/home/runner/work/ozone/ozone/hadoop-hdds/client/target/hdds-client-2.0.0-SNAPSHOT.jar:/home/runner/work/ozone/ozone/hadoop-hdds/common/target/hdds-common-2.0.0-SNAPSHOT.jar:/home/runner/work/ozone/ozone/hadoop-hdds/config/target/hdds-config-2.0.0-SNAPSHOT.jar:/home/runner/work/ozone/ozone/hadoop-hdds/container-service/target/hdds-container-service-2.0.0-SNAPSHOT.jar:/home/runner/work/ozone/ozone/hadoop-hdds/hadoop-dependency-client/target/hdds-hadoop-dependency-client-2.0.0-SNAPSHOT.jar:/home/runner/.m2/repository/com/nimbusds/nimbus-jose-jwt/9.40/nimbus-jose-jwt-9.40.jar:/home/runner/work/ozone/ozone/hadoop-hdds/hadoop-dependency-server/target/hdds-hadoop-dependency-server-2.0.0-SNAPSHOT.jar:/home/runner/.m2/repository/org/apache/hadoop/hadoop-hdfs/3.4.1/hadoop-hdfs-3.4.1.jar:/home/runner/.m2/repository/org/apache/kerby/kerb-util/1.0.1/kerb-util-1.0.1.jar:/home/runner/.m2/repository/org/apache/kerby/kerby-config/1.0.1/kerby-config-1.0.1.jar:/home/runner/.m2/repository/org/apache/kerby/kerb-crypto/1.0.1/kerb-crypto-1.0.1.jar:/home/runner/work/ozone/ozone/hadoop-hdds/interface-admin/target/hdds-interface-admin-2.0.0-SNAPSHOT.jar:/home/runner/work/ozone/ozone/hadoop-hdds/interface-client/target/hdds-interface-client-2.0.0-SNAPSHOT.jar:/home/runner/work/ozone/ozone/hadoop-hdds/interface-server/target/hdds-interface-server-2.0.0-SNAPSHOT.jar:/home/runner/work/ozone/ozone/hadoop-hdds/framework/target/hdds-server-framework-2.0.0-SNAPSHOT.jar:/home/runner/.m2/repository/org/apache/ratis/ratis-client/3.1.2/ratis-client-3.1.2.jar:/home/runner/.m2/repository/org/apache/ratis/ratis-common/3.1.2/ratis-common-3.1.2.jar:/home/runner/.m2/repository/org/apache/ratis/ratis-grpc/3.1.2/ratis-grpc-3.1.2.jar:/home/runner/.m2/repository/org/apache/ratis/ratis-netty/3.1.2/ratis-netty-3.1.2.jar:/home/runner/.m2/repository/org/apache/ratis/ratis-proto/3.1.2/ratis-proto-3.1.2.jar:/home/runner/.m2/repository/org/apache/ratis/ratis-server-api/3.1.2/ratis-server-api-3.1.2.jar:/home/runner/.m2/repository/org/apache/ratis/ratis-thirdparty-misc/1.0.6/ratis-thirdparty-misc-1.0.6.jar:/home/runner/.m2/repository/org/bouncycastle/bcpkix-jdk18on/1.80/bcpkix-jdk18on-1.80.jar:/home/runner/.m2/repository/org/bouncycastle/bcprov-jdk18on/1.80/bcprov-jdk18on-1.80.jar:/home/runner/.m2/repository/org/eclipse/jetty/jetty-webapp/9.4.57.v20241219/jetty-webapp-9.4.57.v20241219.jar:/home/runner/.m2/repository/org/eclipse/jetty/jetty-xml/9.4.57.v20241219/jetty-xml-9.4.57.v20241219.jar:/home/runner/.m2/repository/org/slf4j/slf4j-api/2.0.16/slf4j-api-2.0.16.jar:/home/runner/work/ozone/ozone/hadoop-hdds/tools/target/hdds-tools-2.0.0-SNAPSHOT.jar:/home/runner/.m2/repository/ch/qos/reload4j/reload4j/1.2.26/reload4j-1.2.26.jar:/home/runner/.m2/repository/com/fasterxml/jackson/datatype/jackson-datatype-jsr310/2.16.2/jackson-datatype-jsr310-2.16.2.jar:/home/runner/.m2/repository/commons-cli/commons-cli/1.8.0/commons-cli-1.8.0.jar:/home/runner/.m2/repository/org/apache/ratis/ratis-tools/3.1.2/ratis-tools-3.1.2.jar:/home/runner/.m2/repository/org/kohsuke/metainf-services/metainf-services/1.11/metainf-services-1.11.jar:/home/runner/.m2/repository/org/slf4j/slf4j-reload4j/2.0.16/slf4j-reload4j-2.0.16.jar:/home/runner/.m2/repository/org/xerial/sqlite-jdbc/3.49.0.0/sqlite-jdbc-3.49.0.0.jar:/home/runner/work/ozone/ozone/hadoop-ozone/cli-shell/target/ozone-cli-shell-2.0.0-SNAPSHOT.jar:/home/runner/.m2/repository/commons-codec/commons-codec/1.17.1/commons-codec-1.17.1.jar:/home/runner/.m2/repository/info/picocli/picocli-shell-jline3/4.7.5/picocli-shell-jline3-4.7.5.jar:/home/runner/.m2/repository/jakarta/xml/bind/jakarta.xml.bind-api/2.3.3/jakarta.xml.bind-api-2.3.3.jar:/home/runner/.m2/repository/org/apache/httpcomponents/httpclient/4.5.14/httpclient-4.5.14.jar:/home/runner/work/ozone/ozone/hadoop-ozone/ozonefs-common/target/ozone-filesystem-common-2.0.0-SNAPSHOT.jar:/home/runner/work/ozone/ozone/hadoop-ozone/interface-client/target/ozone-interface-client-2.0.0-SNAPSHOT.jar:/home/runner/.m2/repository/org/jline/jline/3.29.0/jline-3.29.0.jar:/home/runner/work/ozone/ozone/hadoop-ozone/client/target/ozone-client-2.0.0-SNAPSHOT.jar:/home/runner/.m2/repository/com/github/stephenc/jcip/jcip-annotations/1.0-1/jcip-annotations-1.0-1.jar:/home/runner/work/ozone/ozone/hadoop-hdds/erasurecode/target/hdds-erasurecode-2.0.0-SNAPSHOT.jar:/home/runner/work/ozone/ozone/hadoop-ozone/common/target/ozone-common-2.0.0-SNAPSHOT.jar:/home/runner/.m2/repository/io/grpc/grpc-api/1.58.0/grpc-api-1.58.0.jar:/home/runner/.m2/repository/io/grpc/grpc-netty/1.58.0/grpc-netty-1.58.0.jar:/home/runner/.m2/repository/io/grpc/grpc-core/1.58.0/grpc-core-1.58.0.jar:/home/runner/.m2/repository/com/google/android/annotations/4.1.1.4/annotations-4.1.1.4.jar:/home/runner/.m2/repository/org/codehaus/mojo/animal-sniffer-annotations/1.23/animal-sniffer-annotations-1.23.jar:/home/runner/.m2/repository/io/grpc/grpc-context/1.58.0/grpc-context-1.58.0.jar:/home/runner/.m2/repository/io/grpc/grpc-util/1.58.0/grpc-util-1.58.0.jar:/home/runner/.m2/repository/io/perfmark/perfmark-api/0.26.0/perfmark-api-0.26.0.jar:/home/runner/.m2/repository/io/grpc/grpc-stub/1.58.0/grpc-stub-1.58.0.jar:/home/runner/.m2/repository/io/netty/netty-codec-http2/4.1.109.Final/netty-codec-http2-4.1.109.Final.jar:/home/runner/.m2/repository/io/netty/netty-codec-http/4.1.109.Final/netty-codec-http-4.1.109.Final.jar:/home/runner/.m2/repository/io/netty/netty-common/4.1.109.Final/netty-common-4.1.109.Final.jar:/home/runner/.m2/repository/io/netty/netty-handler/4.1.109.Final/netty-handler-4.1.109.Final.jar:/home/runner/.m2/repository/io/netty/netty-resolver/4.1.109.Final/netty-resolver-4.1.109.Final.jar:/home/runner/.m2/repository/io/netty/netty-handler-proxy/4.1.109.Final/netty-handler-proxy-4.1.109.Final.jar:/home/runner/.m2/repository/io/netty/netty-codec-socks/4.1.109.Final/netty-codec-socks-4.1.109.Final.jar:/home/runner/.m2/repository/org/apache/httpcomponents/httpcore/4.4.16/httpcore-4.4.16.jar:/home/runner/.m2/repository/io/netty/netty-tcnative-boringssl-static/2.0.65.Final/netty-tcnative-boringssl-static-2.0.65.Final.jar:/home/runner/.m2/repository/io/netty/netty-tcnative-classes/2.0.65.Final/netty-tcnative-classes-2.0.65.Final.jar:/home/runner/.m2/repository/io/netty/netty-tcnative-boringssl-static/2.0.65.Final/netty-tcnative-boringssl-static-2.0.65.Final-linux-x86_64.jar:/home/runner/.m2/repository/io/netty/netty-tcnative-boringssl-static/2.0.65.Final/netty-tcnative-boringssl-static-2.0.65.Final-linux-aarch_64.jar:/home/runner/.m2/repository/io/netty/netty-tcnative-boringssl-static/2.0.65.Final/netty-tcnative-boringssl-static-2.0.65.Final-osx-x86_64.jar:/home/runner/.m2/repository/io/netty/netty-tcnative-boringssl-static/2.0.65.Final/netty-tcnative-boringssl-static-2.0.65.Final-osx-aarch_64.jar:/home/runner/.m2/repository/io/netty/netty-tcnative-boringssl-static/2.0.65.Final/netty-tcnative-boringssl-static-2.0.65.Final-windows-x86_64.jar:/home/runner/work/ozone/ozone/hadoop-ozone/csi/target/ozone-csi-2.0.0-SNAPSHOT.jar:/home/runner/.m2/repository/com/google/protobuf/protobuf-java-util/3.19.6/protobuf-java-util-3.19.6.jar:/home/runner/.m2/repository/io/grpc/grpc-protobuf/1.58.0/grpc-protobuf-1.58.0.jar:/home/runner/.m2/repository/com/google/api/grpc/proto-google-common-protos/2.22.0/proto-google-common-protos-2.22.0.jar:/home/runner/.m2/repository/io/grpc/grpc-protobuf-lite/1.58.0/grpc-protobuf-lite-1.58.0.jar:/home/runner/.m2/repository/io/netty/netty-transport/4.1.109.Final/netty-transport-4.1.109.Final.jar:/home/runner/.m2/repository/io/netty/netty-transport-classes-epoll/4.1.109.Final/netty-transport-classes-epoll-4.1.109.Final.jar:/home/runner/.m2/repository/io/netty/netty-transport-native-epoll/4.1.109.Final/netty-transport-native-epoll-4.1.109.Final-linux-x86_64.jar:/home/runner/.m2/repository/io/netty/netty-transport-native-unix-common/4.1.109.Final/netty-transport-native-unix-common-4.1.109.Final.jar:/home/runner/work/ozone/ozone/hadoop-ozone/ozonefs/target/ozone-filesystem-2.0.0-SNAPSHOT.jar:/home/runner/.m2/repository/io/opentracing/opentracing-api/0.33.0/opentracing-api-0.33.0.jar:/home/runner/.m2/repository/io/opentracing/opentracing-util/0.33.0/opentracing-util-0.33.0.jar:/home/runner/work/ozone/ozone/hadoop-ozone/ozone-manager/target/ozone-manager-2.0.0-SNAPSHOT.jar:/home/runner/.m2/repository/com/sun/jersey/jersey-client/1.19.4/jersey-client-1.19.4.jar:/home/runner/.m2/repository/org/apache/kerby/kerby-util/1.0.1/kerby-util-1.0.1.jar:/home/runner/.m2/repository/org/apache/logging/log4j/log4j-api/2.24.2/log4j-api-2.24.2.jar:/home/runner/work/ozone/ozone/hadoop-hdds/managed-rocksdb/target/hdds-managed-rocksdb-2.0.0-SNAPSHOT.jar:/home/runner/work/ozone/ozone/hadoop-hdds/rocks-native/target/hdds-rocks-native-2.0.0-SNAPSHOT.jar:/home/runner/.m2/repository/org/eclipse/jetty/jetty-io/9.4.57.v20241219/jetty-io-9.4.57.v20241219.jar:/home/runner/work/ozone/ozone/hadoop-ozone/interface-storage/target/ozone-interface-storage-2.0.0-SNAPSHOT.jar:/home/runner/work/ozone/ozone/hadoop-hdds/rocksdb-checkpoint-differ/target/rocksdb-checkpoint-differ-2.0.0-SNAPSHOT.jar:/home/runner/.m2/repository/com/github/vlsi/mxgraph/jgraphx/3.9.12/jgraphx-3.9.12.jar:/home/runner/.m2/repository/org/jgrapht/jgrapht-core/1.4.0/jgrapht-core-1.4.0.jar:/home/runner/.m2/repository/org/jheaps/jheaps/0.11/jheaps-0.11.jar:/home/runner/.m2/repository/org/jgrapht/jgrapht-ext/1.4.0/jgrapht-ext-1.4.0.jar:/home/runner/.m2/repository/org/apache/ranger/ranger-intg/2.3.0/ranger-intg-2.3.0.jar:/home/runner/.m2/repository/org/apache/ranger/ranger-plugins-common/2.3.0/ranger-plugins-common-2.3.0.jar:/home/runner/.m2/repository/commons-lang/commons-lang/2.6/commons-lang-2.6.jar:/home/runner/.m2/repository/org/apache/ranger/ranger-plugins-cred/2.3.0/ranger-plugins-cred-2.3.0.jar:/home/runner/.m2/repository/org/apache/ranger/ranger-plugins-audit/2.3.0/ranger-plugins-audit-2.3.0.jar:/home/runner/.m2/repository/org/eclipse/jetty/jetty-client/9.4.57.v20241219/jetty-client-9.4.57.v20241219.jar:/home/runner/.m2/repository/org/apache/httpcomponents/httpmime/4.5.6/httpmime-4.5.6.jar:/home/runner/.m2/repository/org/apache/httpcomponents/httpcore-nio/4.4.16/httpcore-nio-4.4.16.jar:/home/runner/.m2/repository/org/apache/httpcomponents/httpasyncclient/4.1.3/httpasyncclient-4.1.3.jar:/home/runner/.m2/repository/com/carrotsearch/hppc/0.8.0/hppc-0.8.0.jar:/home/runner/.m2/repository/org/apache/orc/orc-core/1.5.8/orc-core-1.5.8.jar:/home/runner/.m2/repository/net/java/dev/jna/jna/5.2.0/jna-5.2.0.jar:/home/runner/.m2/repository/net/java/dev/jna/jna-platform/5.2.0/jna-platform-5.2.0.jar:/home/runner/.m2/repository/com/kstruct/gethostname4j/0.0.2/gethostname4j-0.0.2.jar:/home/runner/.m2/repository/org/apache/ranger/ranger-plugin-classloader/2.3.0/ranger-plugin-classloader-2.3.0.jar:/home/runner/.m2/repository/org/aspectj/aspectjrt/1.9.7/aspectjrt-1.9.7.jar:/home/runner/.m2/repository/org/aspectj/aspectjweaver/1.9.7/aspectjweaver-1.9.7.jar:/home/runner/.m2/repository/org/codehaus/jackson/jackson-core-asl/1.9.13/jackson-core-asl-1.9.13.jar:/home/runner/.m2/repository/org/codehaus/jackson/jackson-jaxrs/1.9.13/jackson-jaxrs-1.9.13.jar:/home/runner/.m2/repository/org/codehaus/jackson/jackson-mapper-asl/1.9.13/jackson-mapper-asl-1.9.13.jar:/home/runner/.m2/repository/org/eclipse/jetty/jetty-util/9.4.57.v20241219/jetty-util-9.4.57.v20241219.jar:/home/runner/.m2/repository/org/reflections/reflections/0.10.2/reflections-0.10.2.jar:/home/runner/.m2/repository/org/rocksdb/rocksdbjni/7.7.3/rocksdbjni-7.7.3.jar:/home/runner/work/ozone/ozone/hadoop-ozone/recon/target/ozone-recon-2.0.0-SNAPSHOT.jar:/home/runner/.m2/repository/aopalliance/aopalliance/1.0/aopalliance-1.0.jar:/home/runner/.m2/repository/com/google/inject/guice/6.0.0/guice-6.0.0.jar:/home/runner/.m2/repository/jakarta/inject/jakarta.inject-api/2.0.1/jakarta.inject-api-2.0.1.jar:/home/runner/.m2/repository/com/google/inject/extensions/guice-assistedinject/6.0.0/guice-assistedinject-6.0.0.jar:/home/runner/.m2/repository/com/google/inject/extensions/guice-servlet/6.0.0/guice-servlet-6.0.0.jar:/home/runner/.m2/repository/com/jolbox/bonecp/0.8.0.RELEASE/bonecp-0.8.0.RELEASE.jar:/home/runner/.m2/repository/jakarta/activation/jakarta.activation-api/1.2.2/jakarta.activation-api-1.2.2.jar:/home/runner/.m2/repository/jakarta/validation/jakarta.validation-api/2.0.2/jakarta.validation-api-2.0.2.jar:/home/runner/.m2/repository/jakarta/ws/rs/jakarta.ws.rs-api/2.1.6/jakarta.ws.rs-api-2.1.6.jar:/home/runner/.m2/repository/javax/inject/javax.inject/1/javax.inject-1.jar:/home/runner/.m2/repository/org/apache/derby/derby/10.14.2.0/derby-10.14.2.0.jar:/home/runner/work/ozone/ozone/hadoop-ozone/recon-codegen/target/ozone-reconcodegen-2.0.0-SNAPSHOT.jar:/home/runner/.m2/repository/org/eclipse/jetty/jetty-servlet/9.4.57.v20241219/jetty-servlet-9.4.57.v20241219.jar:/home/runner/.m2/repository/org/eclipse/jetty/jetty-security/9.4.57.v20241219/jetty-security-9.4.57.v20241219.jar:/home/runner/.m2/repository/org/glassfish/hk2/guice-bridge/2.6.1/guice-bridge-2.6.1.jar:/home/runner/.m2/repository/org/glassfish/hk2/hk2-api/2.6.1/hk2-api-2.6.1.jar:/home/runner/.m2/repository/org/glassfish/hk2/hk2-utils/2.6.1/hk2-utils-2.6.1.jar:/home/runner/.m2/repository/org/glassfish/hk2/external/aopalliance-repackaged/2.6.1/aopalliance-repackaged-2.6.1.jar:/home/runner/.m2/repository/org/glassfish/hk2/external/jakarta.inject/2.6.1/jakarta.inject-2.6.1.jar:/home/runner/.m2/repository/org/glassfish/jersey/containers/jersey-container-servlet/2.46/jersey-container-servlet-2.46.jar:/home/runner/.m2/repository/org/glassfish/jersey/containers/jersey-container-servlet-core/2.46/jersey-container-servlet-core-2.46.jar:/home/runner/.m2/repository/org/glassfish/jersey/core/jersey-common/2.46/jersey-common-2.46.jar:/home/runner/.m2/repository/org/glassfish/hk2/osgi-resource-locator/1.0.3/osgi-resource-locator-1.0.3.jar:/home/runner/.m2/repository/org/glassfish/jersey/core/jersey-server/2.46/jersey-server-2.46.jar:/home/runner/.m2/repository/org/glassfish/jersey/core/jersey-client/2.46/jersey-client-2.46.jar:/home/runner/.m2/repository/org/glassfish/jersey/inject/jersey-hk2/2.46/jersey-hk2-2.46.jar:/home/runner/.m2/repository/org/glassfish/hk2/hk2-locator/2.6.1/hk2-locator-2.6.1.jar:/home/runner/.m2/repository/org/glassfish/jersey/media/jersey-media-jaxb/2.46/jersey-media-jaxb-2.46.jar:/home/runner/.m2/repository/org/glassfish/jersey/media/jersey-media-json-jackson/2.46/jersey-media-json-jackson-2.46.jar:/home/runner/.m2/repository/org/glassfish/jersey/ext/jersey-entity-filtering/2.46/jersey-entity-filtering-2.46.jar:/home/runner/.m2/repository/org/javassist/javassist/3.30.2-GA/javassist-3.30.2-GA.jar:/home/runner/.m2/repository/org/jooq/jooq/3.11.10/jooq-3.11.10.jar:/home/runner/.m2/repository/org/jooq/jooq-codegen/3.11.10/jooq-codegen-3.11.10.jar:/home/runner/.m2/repository/org/jooq/jooq-meta/3.11.10/jooq-meta-3.11.10.jar:/home/runner/.m2/repository/org/springframework/spring-core/5.3.39/spring-core-5.3.39.jar:/home/runner/.m2/repository/org/springframework/spring-jdbc/5.3.39/spring-jdbc-5.3.39.jar:/home/runner/.m2/repository/org/springframework/spring-beans/5.3.39/spring-beans-5.3.39.jar:/home/runner/.m2/repository/org/springframework/spring-tx/5.3.39/spring-tx-5.3.39.jar:/home/runner/work/ozone/ozone/hadoop-ozone/s3gateway/target/ozone-s3gateway-2.0.0-SNAPSHOT.jar:/home/runner/.m2/repository/com/fasterxml/jackson/dataformat/jackson-dataformat-xml/2.16.2/jackson-dataformat-xml-2.16.2.jar:/home/runner/.m2/repository/com/fasterxml/jackson/module/jackson-module-jaxb-annotations/2.16.2/jackson-module-jaxb-annotations-2.16.2.jar:/home/runner/.m2/repository/io/opentracing/opentracing-noop/0.33.0/opentracing-noop-0.33.0.jar:/home/runner/.m2/repository/javax/annotation/javax.annotation-api/1.3.2/javax.annotation-api-1.3.2.jar:/home/runner/.m2/repository/javax/enterprise/cdi-api/2.0/cdi-api-2.0.jar:/home/runner/.m2/repository/javax/el/javax.el-api/3.0.0/javax.el-api-3.0.0.jar:/home/runner/.m2/repository/javax/interceptor/javax.interceptor-api/1.2/javax.interceptor-api-1.2.jar:/home/runner/.m2/repository/org/glassfish/jaxb/jaxb-runtime/2.3.9/jaxb-runtime-2.3.9.jar:/home/runner/.m2/repository/org/glassfish/jaxb/txw2/2.3.9/txw2-2.3.9.jar:/home/runner/.m2/repository/com/sun/istack/istack-commons-runtime/3.0.12/istack-commons-runtime-3.0.12.jar:/home/runner/.m2/repository/com/sun/activation/jakarta.activation/1.2.2/jakarta.activation-1.2.2.jar:/home/runner/.m2/repository/org/glassfish/jersey/ext/cdi/jersey-cdi1x/2.46/jersey-cdi1x-2.46.jar:/home/runner/.m2/repository/org/jboss/weld/servlet/weld-servlet-shaded/3.1.9.Final/weld-servlet-shaded-3.1.9.Final.jar:/home/runner/work/ozone/ozone/hadoop-ozone/tools/target/ozone-tools-2.0.0-SNAPSHOT.jar:/home/runner/.m2/repository/com/amazonaws/aws-java-sdk-core/1.12.661/aws-java-sdk-core-1.12.661.jar:/home/runner/.m2/repository/com/fasterxml/jackson/dataformat/jackson-dataformat-cbor/2.16.2/jackson-dataformat-cbor-2.16.2.jar:/home/runner/.m2/repository/joda-time/joda-time/2.12.7/joda-time-2.12.7.jar:/home/runner/.m2/repository/com/amazonaws/aws-java-sdk-s3/1.12.661/aws-java-sdk-s3-1.12.661.jar:/home/runner/.m2/repository/com/amazonaws/aws-java-sdk-kms/1.12.661/aws-java-sdk-kms-1.12.661.jar:/home/runner/.m2/repository/com/amazonaws/jmespath-java/1.12.661/jmespath-java-1.12.661.jar:/home/runner/.m2/repository/org/apache/ratis/ratis-shell/3.1.2/ratis-shell-3.1.2.jar:/home/runner/.m2/repository/org/apache/ratis/ratis-server/3.1.2/ratis-server-3.1.2.jar:/home/runner/.m2/repository/org/apache/ratis/ratis-metrics-api/3.1.2/ratis-metrics-api-3.1.2.jar:/home/runner/.m2/repository/org/hamcrest/hamcrest/2.2/hamcrest-2.2.jar:/home/runner/.m2/repository/org/slf4j/jul-to-slf4j/2.0.16/jul-to-slf4j-2.0.16.jar:/home/runner/.m2/repository/org/apache/commons/commons-lang3/3.17.0/commons-lang3-3.17.0.jar:/home/runner/.m2/repository/org/apache/hadoop/hadoop-common/3.4.1/hadoop-common-3.4.1-tests.jar:/home/runner/.m2/repository/org/apache/hadoop/thirdparty/hadoop-shaded-protobuf_3_25/1.3.0/hadoop-shaded-protobuf_3_25-1.3.0.jar:/home/runner/.m2/repository/org/apache/hadoop/hadoop-annotations/3.4.1/hadoop-annotations-3.4.1.jar:/home/runner/.m2/repository/org/apache/hadoop/thirdparty/hadoop-shaded-guava/1.3.0/hadoop-shaded-guava-1.3.0.jar:/home/runner/.m2/repository/org/apache/commons/commons-math3/3.6.1/commons-math3-3.6.1.jar:/home/runner/.m2/repository/commons-net/commons-net/3.11.1/commons-net-3.11.1.jar:/home/runner/.m2/repository/org/eclipse/jetty/jetty-server/9.4.57.v20241219/jetty-server-9.4.57.v20241219.jar:/home/runner/.m2/repository/javax/servlet/jsp/jsp-api/2.1/jsp-api-2.1.jar:/home/runner/.m2/repository/com/sun/jersey/jersey-core/1.19.4/jersey-core-1.19.4.jar:/home/runner/.m2/repository/javax/ws/rs/jsr311-api/1.1.1/jsr311-api-1.1.1.jar:/home/runner/.m2/repository/com/github/pjfanning/jersey-json/1.22.0/jersey-json-1.22.0.jar:/home/runner/.m2/repository/com/sun/xml/bind/jaxb-impl/2.2.3-1/jaxb-impl-2.2.3-1.jar:/home/runner/.m2/repository/org/codehaus/jettison/jettison/1.5.4/jettison-1.5.4.jar:/home/runner/.m2/repository/com/sun/jersey/jersey-server/1.19.4/jersey-server-1.19.4.jar:/home/runner/.m2/repository/commons-beanutils/commons-beanutils/1.9.4/commons-beanutils-1.9.4.jar:/home/runner/.m2/repository/org/apache/commons/commons-configuration2/2.11.0/commons-configuration2-2.11.0.jar:/home/runner/.m2/repository/org/apache/avro/avro/1.9.2/avro-1.9.2.jar:/home/runner/.m2/repository/com/google/re2j/re2j/1.7/re2j-1.7.jar:/home/runner/.m2/repository/com/google/code/gson/gson/2.10.1/gson-2.10.1.jar:/home/runner/.m2/repository/org/apache/hadoop/hadoop-auth/3.4.1/hadoop-auth-3.4.1.jar:/home/runner/.m2/repository/org/apache/curator/curator-framework/4.2.0/curator-framework-4.2.0.jar:/home/runner/.m2/repository/com/jcraft/jsch/0.1.55/jsch-0.1.55.jar:/home/runner/.m2/repository/org/apache/curator/curator-client/4.2.0/curator-client-4.2.0.jar:/home/runner/.m2/repository/org/apache/curator/curator-recipes/5.2.0/curator-recipes-5.2.0.jar:/home/runner/.m2/repository/com/google/code/findbugs/jsr305/3.0.2/jsr305-3.0.2.jar:/home/runner/.m2/repository/org/apache/zookeeper/zookeeper/3.8.4/zookeeper-3.8.4.jar:/home/runner/.m2/repository/org/apache/zookeeper/zookeeper-jute/3.8.4/zookeeper-jute-3.8.4.jar:/home/runner/.m2/repository/org/apache/yetus/audience-annotations/0.12.0/audience-annotations-0.12.0.jar:/home/runner/.m2/repository/io/netty/netty-transport-native-epoll/4.1.109.Final/netty-transport-native-epoll-4.1.109.Final.jar:/home/runner/.m2/repository/org/apache/kerby/kerb-core/1.0.1/kerb-core-1.0.1.jar:/home/runner/.m2/repository/org/apache/kerby/kerby-pkix/1.0.1/kerby-pkix-1.0.1.jar:/home/runner/.m2/repository/org/apache/kerby/kerby-asn1/1.0.1/kerby-asn1-1.0.1.jar:/home/runner/.m2/repository/org/codehaus/woodstox/stax2-api/4.2.2/stax2-api-4.2.2.jar:/home/runner/.m2/repository/com/fasterxml/woodstox/woodstox-core/5.4.0/woodstox-core-5.4.0.jar:/home/runner/.m2/repository/dnsjava/dnsjava/3.6.1/dnsjava-3.6.1.jar:/home/runner/.m2/repository/org/xerial/snappy/snappy-java/1.1.10.7/snappy-java-1.1.10.7.jar:/home/runner/.m2/repository/org/apache/hadoop/hadoop-distcp/3.4.1/hadoop-distcp-3.4.1.jar:/home/runner/.m2/repository/org/apache/hadoop/hadoop-distcp/3.4.1/hadoop-distcp-3.4.1-tests.jar:/home/runner/.m2/repository/org/apache/hadoop/hadoop-hdfs/3.4.1/hadoop-hdfs-3.4.1-tests.jar:/home/runner/.m2/repository/org/eclipse/jetty/jetty-util-ajax/9.4.57.v20241219/jetty-util-ajax-9.4.57.v20241219.jar:/home/runner/.m2/repository/commons-daemon/commons-daemon/1.4.0/commons-daemon-1.4.0.jar:/home/runner/.m2/repository/io/netty/netty-all/4.1.109.Final/netty-all-4.1.109.Final.jar:/home/runner/.m2/repository/io/netty/netty-codec-dns/4.1.109.Final/netty-codec-dns-4.1.109.Final.jar:/home/runner/.m2/repository/io/netty/netty-codec-haproxy/4.1.109.Final/netty-codec-haproxy-4.1.109.Final.jar:/home/runner/.m2/repository/io/netty/netty-codec-memcache/4.1.109.Final/netty-codec-memcache-4.1.109.Final.jar:/home/runner/.m2/repository/io/netty/netty-codec-mqtt/4.1.109.Final/netty-codec-mqtt-4.1.109.Final.jar:/home/runner/.m2/repository/io/netty/netty-codec-redis/4.1.109.Final/netty-codec-redis-4.1.109.Final.jar:/home/runner/.m2/repository/io/netty/netty-codec-smtp/4.1.109.Final/netty-codec-smtp-4.1.109.Final.jar:/home/runner/.m2/repository/io/netty/netty-codec-stomp/4.1.109.Final/netty-codec-stomp-4.1.109.Final.jar:/home/runner/.m2/repository/io/netty/netty-codec-xml/4.1.109.Final/netty-codec-xml-4.1.109.Final.jar:/home/runner/.m2/repository/io/netty/netty-handler-ssl-ocsp/4.1.109.Final/netty-handler-ssl-ocsp-4.1.109.Final.jar:/home/runner/.m2/repository/io/netty/netty-resolver-dns/4.1.109.Final/netty-resolver-dns-4.1.109.Final.jar:/home/runner/.m2/repository/io/netty/netty-transport-rxtx/4.1.109.Final/netty-transport-rxtx-4.1.109.Final.jar:/home/runner/.m2/repository/io/netty/netty-transport-sctp/4.1.109.Final/netty-transport-sctp-4.1.109.Final.jar:/home/runner/.m2/repository/io/netty/netty-transport-udt/4.1.109.Final/netty-transport-udt-4.1.109.Final.jar:/home/runner/.m2/repository/io/netty/netty-transport-classes-kqueue/4.1.109.Final/netty-transport-classes-kqueue-4.1.109.Final.jar:/home/runner/.m2/repository/io/netty/netty-resolver-dns-classes-macos/4.1.109.Final/netty-resolver-dns-classes-macos-4.1.109.Final.jar:/home/runner/.m2/repository/io/netty/netty-transport-native-epoll/4.1.109.Final/netty-transport-native-epoll-4.1.109.Final-linux-aarch_64.jar:/home/runner/.m2/repository/io/netty/netty-transport-native-epoll/4.1.109.Final/netty-transport-native-epoll-4.1.109.Final-linux-riscv64.jar:/home/runner/.m2/repository/io/netty/netty-transport-native-kqueue/4.1.109.Final/netty-transport-native-kqueue-4.1.109.Final-osx-x86_64.jar:/home/runner/.m2/repository/io/netty/netty-transport-native-kqueue/4.1.109.Final/netty-transport-native-kqueue-4.1.109.Final-osx-aarch_64.jar:/home/runner/.m2/repository/io/netty/netty-resolver-dns-native-macos/4.1.109.Final/netty-resolver-dns-native-macos-4.1.109.Final-osx-x86_64.jar:/home/runner/.m2/repository/io/netty/netty-resolver-dns-native-macos/4.1.109.Final/netty-resolver-dns-native-macos-4.1.109.Final-osx-aarch_64.jar:/home/runner/.m2/repository/org/fusesource/leveldbjni/leveldbjni-all/1.8/leveldbjni-all-1.8.jar:/home/runner/.m2/repository/org/apache/hadoop/hadoop-kms/3.4.1/hadoop-kms-3.4.1.jar:/home/runner/.m2/repository/org/apache/hadoop/hadoop-common/3.4.1/hadoop-common-3.4.1.jar:/home/runner/.m2/repository/org/apache/hadoop/hadoop-kms/3.4.1/hadoop-kms-3.4.1-tests.jar:/home/runner/.m2/repository/org/apache/hadoop/hadoop-mapreduce-client-core/3.4.1/hadoop-mapreduce-client-core-3.4.1.jar:/home/runner/.m2/repository/org/apache/hadoop/hadoop-yarn-client/3.4.1/hadoop-yarn-client-3.4.1.jar:/home/runner/.m2/repository/org/eclipse/jetty/websocket/websocket-client/9.4.53.v20231009/websocket-client-9.4.53.v20231009.jar:/home/runner/.m2/repository/org/eclipse/jetty/websocket/websocket-common/9.4.53.v20231009/websocket-common-9.4.53.v20231009.jar:/home/runner/.m2/repository/org/eclipse/jetty/websocket/websocket-api/9.4.53.v20231009/websocket-api-9.4.53.v20231009.jar:/home/runner/.m2/repository/org/apache/hadoop/hadoop-yarn-api/3.4.1/hadoop-yarn-api-3.4.1.jar:/home/runner/.m2/repository/org/apache/hadoop/hadoop-yarn-common/3.4.1/hadoop-yarn-common-3.4.1.jar:/home/runner/.m2/repository/javax/xml/bind/jaxb-api/2.2.11/jaxb-api-2.2.11.jar:/home/runner/.m2/repository/com/sun/jersey/contribs/jersey-guice/1.19.4/jersey-guice-1.19.4.jar:/home/runner/.m2/repository/com/fasterxml/jackson/jaxrs/jackson-jaxrs-json-provider/2.16.2/jackson-jaxrs-json-provider-2.16.2.jar:/home/runner/.m2/repository/com/fasterxml/jackson/jaxrs/jackson-jaxrs-base/2.16.2/jackson-jaxrs-base-2.16.2.jar:/home/runner/.m2/repository/org/apache/hadoop/hadoop-hdfs-client/3.4.1/hadoop-hdfs-client-3.4.1.jar:/home/runner/.m2/repository/org/apache/hadoop/hadoop-mapreduce-client-jobclient/3.4.1/hadoop-mapreduce-client-jobclient-3.4.1.jar:/home/runner/.m2/repository/org/apache/hadoop/hadoop-mapreduce-client-common/3.4.1/hadoop-mapreduce-client-common-3.4.1.jar:/home/runner/.m2/repository/org/apache/hadoop/hadoop-minikdc/3.4.1/hadoop-minikdc-3.4.1.jar:/home/runner/.m2/repository/org/apache/kerby/kerb-simplekdc/2.0.3/kerb-simplekdc-2.0.3.jar:/home/runner/.m2/repository/org/apache/kerby/kerb-client/2.0.3/kerb-client-2.0.3.jar:/home/runner/.m2/repository/org/apache/kerby/kerb-common/2.0.3/kerb-common-2.0.3.jar:/home/runner/.m2/repository/org/apache/kerby/token-provider/2.0.3/token-provider-2.0.3.jar:/home/runner/.m2/repository/org/apache/kerby/kerb-admin/2.0.3/kerb-admin-2.0.3.jar:/home/runner/.m2/repository/org/apache/kerby/kerb-server/2.0.3/kerb-server-2.0.3.jar:/home/runner/.m2/repository/org/apache/kerby/kerb-identity/2.0.3/kerb-identity-2.0.3.jar:/home/runner/.m2/repository/org/apache/kerby/kerby-xdr/2.0.3/kerby-xdr-2.0.3.jar:/home/runner/.m2/repository/junit/junit/4.13.2/junit-4.13.2.jar:/home/runner/.m2/repository/org/hamcrest/hamcrest-core/1.3/hamcrest-core-1.3.jar:/home/runner/work/ozone/ozone/hadoop-hdds/common/target/hdds-common-2.0.0-SNAPSHOT-tests.jar:/home/runner/.m2/repository/commons-validator/commons-validator/1.6/commons-validator-1.6.jar:/home/runner/.m2/repository/commons-digester/commons-digester/1.8.1/commons-digester-1.8.1.jar:/home/runner/.m2/repository/io/jaegertracing/jaeger-client/1.8.1/jaeger-client-1.8.1.jar:/home/runner/.m2/repository/io/jaegertracing/jaeger-thrift/1.8.1/jaeger-thrift-1.8.1.jar:/home/runner/.m2/repository/org/apache/thrift/libthrift/0.15.0/libthrift-0.15.0.jar:/home/runner/.m2/repository/com/squareup/okhttp3/okhttp/4.12.0/okhttp-4.12.0.jar:/home/runner/.m2/repository/com/squareup/okio/okio/3.6.0/okio-3.6.0.jar:/home/runner/.m2/repository/com/squareup/okio/okio-jvm/3.6.0/okio-jvm-3.6.0.jar:/home/runner/.m2/repository/org/jetbrains/kotlin/kotlin-stdlib-common/1.9.25/kotlin-stdlib-common-1.9.25.jar:/home/runner/.m2/repository/org/jetbrains/kotlin/kotlin-stdlib-jdk8/1.9.25/kotlin-stdlib-jdk8-1.9.25.jar:/home/runner/.m2/repository/org/jetbrains/kotlin/kotlin-stdlib-jdk7/1.9.25/kotlin-stdlib-jdk7-1.9.25.jar:/home/runner/.m2/repository/io/jaegertracing/jaeger-tracerresolver/1.8.1/jaeger-tracerresolver-1.8.1.jar:/home/runner/.m2/repository/io/opentracing/contrib/opentracing-tracerresolver/0.1.8/opentracing-tracerresolver-0.1.8.jar:/home/runner/.m2/repository/io/jaegertracing/jaeger-core/1.8.1/jaeger-core-1.8.1.jar:/home/runner/work/ozone/ozone/hadoop-hdds/annotations/target/hdds-annotation-processing-2.0.0-SNAPSHOT.jar:/home/runner/.m2/repository/org/apache/ratis/ratis-metrics-dropwizard3/3.1.2/ratis-metrics-dropwizard3-3.1.2.jar:/home/runner/.m2/repository/org/bouncycastle/bcutil-jdk18on/1.80/bcutil-jdk18on-1.80.jar:/home/runner/.m2/repository/org/jetbrains/kotlin/kotlin-stdlib/1.9.25/kotlin-stdlib-1.9.25.jar:/home/runner/.m2/repository/org/jetbrains/annotations/13.0/annotations-13.0.jar:/home/runner/.m2/repository/org/yaml/snakeyaml/2.0/snakeyaml-2.0.jar:/home/runner/work/ozone/ozone/hadoop-hdds/container-service/target/hdds-container-service-2.0.0-SNAPSHOT-tests.jar:/home/runner/.m2/repository/com/github/luben/zstd-jni/1.5.6-9/zstd-jni-1.5.6-9.jar:/home/runner/.m2/repository/io/netty/netty-buffer/4.1.109.Final/netty-buffer-4.1.109.Final.jar:/home/runner/.m2/repository/io/netty/netty-codec/4.1.109.Final/netty-codec-4.1.109.Final.jar:/home/runner/work/ozone/ozone/hadoop-hdds/framework/target/hdds-server-framework-2.0.0-SNAPSHOT-tests.jar:/home/runner/.m2/repository/com/github/jnr/jnr-constants/0.10.4/jnr-constants-0.10.4.jar:/home/runner/.m2/repository/com/github/jnr/jnr-posix/3.1.20/jnr-posix-3.1.20.jar:/home/runner/.m2/repository/com/github/jnr/jnr-ffi/2.2.17/jnr-ffi-2.2.17.jar:/home/runner/.m2/repository/com/github/jnr/jffi/1.3.13/jffi-1.3.13.jar:/home/runner/.m2/repository/com/github/jnr/jffi/1.3.13/jffi-1.3.13-native.jar:/home/runner/.m2/repository/org/ow2/asm/asm/9.7.1/asm-9.7.1.jar:/home/runner/.m2/repository/org/ow2/asm/asm-commons/9.7.1/asm-commons-9.7.1.jar:/home/runner/.m2/repository/org/ow2/asm/asm-analysis/9.7.1/asm-analysis-9.7.1.jar:/home/runner/.m2/repository/org/ow2/asm/asm-tree/9.7.1/asm-tree-9.7.1.jar:/home/runner/.m2/repository/org/ow2/asm/asm-util/9.7.1/asm-util-9.7.1.jar:/home/runner/.m2/repository/com/github/jnr/jnr-a64asm/1.0.0/jnr-a64asm-1.0.0.jar:/home/runner/.m2/repository/com/github/jnr/jnr-x86asm/1.0.2/jnr-x86asm-1.0.2.jar:/home/runner/.m2/repository/commons-fileupload/commons-fileupload/1.5/commons-fileupload-1.5.jar:/home/runner/.m2/repository/commons-logging/commons-logging/1.2/commons-logging-1.2.jar:/home/runner/.m2/repository/io/prometheus/simpleclient/0.16.0/simpleclient-0.16.0.jar:/home/runner/.m2/repository/io/prometheus/simpleclient_common/0.16.0/simpleclient_common-0.16.0.jar:/home/runner/.m2/repository/io/prometheus/simpleclient_dropwizard/0.16.0/simpleclient_dropwizard-0.16.0.jar:/home/runner/.m2/repository/org/apache/logging/log4j/log4j-core/2.24.2/log4j-core-2.24.2.jar:/home/runner/.m2/repository/org/eclipse/jetty/jetty-http/9.4.57.v20241219/jetty-http-9.4.57.v20241219.jar:/home/runner/.m2/repository/com/lmax/disruptor/3.4.4/disruptor-3.4.4.jar:/home/runner/work/ozone/ozone/hadoop-hdds/server-scm/target/hdds-server-scm-2.0.0-SNAPSHOT-tests.jar:/home/runner/work/ozone/ozone/hadoop-hdds/test-utils/target/hdds-test-utils-2.0.0-SNAPSHOT.jar:/home/runner/work/ozone/ozone/hadoop-ozone/ozone-manager/target/ozone-manager-2.0.0-SNAPSHOT-tests.jar:/home/runner/.m2/repository/org/assertj/assertj-core/3.27.3/assertj-core-3.27.3.jar:/home/runner/.m2/repository/net/bytebuddy/byte-buddy/1.15.11/byte-buddy-1.15.11.jar:/home/runner/.m2/repository/org/junit/jupiter/junit-jupiter-api/5.11.4/junit-jupiter-api-5.11.4.jar:/home/runner/.m2/repository/org/opentest4j/opentest4j/1.3.0/opentest4j-1.3.0.jar:/home/runner/.m2/repository/org/junit/platform/junit-platform-commons/1.11.4/junit-platform-commons-1.11.4.jar:/home/runner/.m2/repository/org/apiguardian/apiguardian-api/1.1.2/apiguardian-api-1.1.2.jar:/home/runner/.m2/repository/org/junit/jupiter/junit-jupiter-engine/5.11.4/junit-jupiter-engine-5.11.4.jar:/home/runner/.m2/repository/org/junit/platform/junit-platform-engine/1.11.4/junit-platform-engine-1.11.4.jar:/home/runner/.m2/repository/org/junit/jupiter/junit-jupiter-params/5.11.4/junit-jupiter-params-5.11.4.jar:/home/runner/.m2/repository/org/mockito/mockito-core/4.11.0/mockito-core-4.11.0.jar:/home/runner/.m2/repository/net/bytebuddy/byte-buddy-agent/1.12.19/byte-buddy-agent-1.12.19.jar:/home/runner/.m2/repository/org/objenesis/objenesis/3.3/objenesis-3.3.jar:/home/runner/.m2/repository/org/mockito/mockito-inline/4.11.0/mockito-inline-4.11.0.jar:/home/runner/.m2/repository/org/mockito/mockito-junit-jupiter/4.11.0/mockito-junit-jupiter-4.11.0.jar:/home/runner/work/ozone/ozone/hadoop-ozone/integration-test/target/gradle-enterprise/test-listeners.jar:"/>
    <property name="sun.cpu.endian" value="little"/>
    <property name="user.home" value="/home/runner"/>
    <property name="user.language" value="en"/>
    <property name="java.specification.vendor" value="Oracle Corporation"/>
    <property name="skipRecon" value="true"/>
    <property name="java.version.date" value="2025-01-21"/>
    <property name="java.home" value="/usr/lib/jvm/temurin-21-jdk-amd64"/>
    <property name="java.security.krb5.conf" value="/home/runner/work/ozone/ozone/hadoop-ozone/integration-test/target/test-classes/krb5.conf"/>
    <property name="file.separator" value="/"/>
    <property name="basedir" value="/home/runner/work/ozone/ozone/hadoop-ozone/integration-test"/>
    <property name="java.vm.compressedOopsMode" value="Zero based"/>
    <property name="line.separator" value="&#10;"/>
    <property name="java.vm.specification.vendor" value="Oracle Corporation"/>
    <property name="java.specification.name" value="Java Platform API Specification"/>
    <property name="surefire.real.class.path" value="/home/runner/work/ozone/ozone/hadoop-ozone/integration-test/target/surefire/surefirebooter227649394719791759.jar"/>
    <property name="hadoop.log.dir" value="/home/runner/work/ozone/ozone/hadoop-ozone/integration-test/target/log"/>
    <property name="sun.management.compiler" value="HotSpot 64-Bit Tiered Compilers"/>
    <property name="skipShade" value="true"/>
    <property name="java.runtime.version" value="21.0.6+7-LTS"/>
    <property name="user.name" value="runner"/>
    <property name="java.net.preferIPv4Stack" value="true"/>
    <property name="stdout.encoding" value="UTF-8"/>
    <property name="path.separator" value=":"/>
    <property name="java.security.egd" value="file:///dev/urandom"/>
    <property name="os.version" value="5.15.0-1078-azure"/>
    <property name="java.runtime.name" value="OpenJDK Runtime Environment"/>
    <property name="com.gradle.maven.scan.extension.test.listener.junitplatform.NestedExecutionSafeDelegatingTestExecutionListener" value="7283d3eb"/>
    <property name="file.encoding" value="UTF-8"/>
    <property name="java.vm.name" value="OpenJDK 64-Bit Server VM"/>
    <property name="java.vendor.version" value="Temurin-21.0.6+7"/>
    <property name="test.build.webapps" value=""/>
    <property name="develocity.listener.surefire.forkId" value="1"/>
    <property name="localRepository" value="/home/runner/.m2/repository"/>
    <property name="java.vendor.url.bug" value="https://github.com/adoptium/adoptium-support/issues"/>
    <property name="jetty.git.hash" value="df524e6b29271c2e09ba9aea83c18dc9db464a31"/>
    <property name="java.io.tmpdir" value="/tmp"/>
    <property name="require.test.libhadoop" value=""/>
    <property name="java.version" value="21.0.6"/>
    <property name="user.dir" value="/home/runner/work/ozone/ozone/hadoop-ozone/integration-test"/>
    <property name="os.arch" value="amd64"/>
    <property name="java.vm.specification.name" value="Java Virtual Machine Specification"/>
    <property name="test.build.classes" value="/home/runner/work/ozone/ozone/hadoop-ozone/integration-test/target/test-classes"/>
    <property name="org.apache.ratis.thirdparty.io.netty.allocator.useCacheForAllThreads" value="false"/>
    <property name="native.encoding" value="UTF-8"/>
    <property name="hadoop.tmp.dir" value="/home/runner/work/ozone/ozone/hadoop-ozone/integration-test/target/tmp"/>
    <property name="java.library.path" value="/usr/java/packages/lib:/usr/lib64:/lib64:/lib:/usr/lib"/>
    <property name="java.vm.info" value="mixed mode, sharing"/>
    <property name="stderr.encoding" value="UTF-8"/>
    <property name="java.vendor" value="Eclipse Adoptium"/>
    <property name="java.vm.version" value="21.0.6+7-LTS"/>
    <property name="sun.io.unicode.encoding" value="UnicodeLittle"/>
    <property name="develocity.listener.port" value="45829"/>
    <property name="java.class.version" value="65.0"/>
  </properties>
  <testcase name="testBothGetandPutSmallFile(File,File)" classname="org.apache.hadoop.ozone.container.ozoneimpl.TestOzoneContainer" time="27.329"/>
  <testcase name="testOzoneContainerWithMissingContainer" classname="org.apache.hadoop.ozone.container.ozoneimpl.TestOzoneContainer" time="25.536">
    <error type="java.io.IOException"><![CDATA[java.io.IOException: java.util.concurrent.ExecutionException: org.apache.ratis.thirdparty.io.grpc.StatusRuntimeException: UNAVAILABLE: io exception
	at org.apache.hadoop.hdds.scm.XceiverClientGrpc.sendCommandWithRetry(XceiverClientGrpc.java:473)
	at org.apache.hadoop.hdds.scm.XceiverClientGrpc.lambda$sendCommandWithTraceIDAndRetry$1(XceiverClientGrpc.java:373)
	at org.apache.hadoop.hdds.tracing.TracingUtil.executeInSpan(TracingUtil.java:169)
	at org.apache.hadoop.hdds.tracing.TracingUtil.executeInNewSpan(TracingUtil.java:159)
	at org.apache.hadoop.hdds.scm.XceiverClientGrpc.sendCommandWithTraceIDAndRetry(XceiverClientGrpc.java:365)
	at org.apache.hadoop.hdds.scm.XceiverClientGrpc.sendCommand(XceiverClientGrpc.java:258)
	at org.apache.hadoop.ozone.container.ozoneimpl.TestOzoneContainer.runTestOzoneContainerWithMissingContainer(TestOzoneContainer.java:227)
	at org.apache.hadoop.ozone.container.ozoneimpl.TestOzoneContainer.testOzoneContainerWithMissingContainer(TestOzoneContainer.java:178)
	at java.base/java.lang.reflect.Method.invoke(Method.java:580)
	at java.base/java.util.ArrayList.forEach(ArrayList.java:1596)
	at java.base/java.util.ArrayList.forEach(ArrayList.java:1596)
Caused by: java.util.concurrent.ExecutionException: org.apache.ratis.thirdparty.io.grpc.StatusRuntimeException: UNAVAILABLE: io exception
	at java.base/java.util.concurrent.CompletableFuture.reportGet(CompletableFuture.java:396)
	at java.base/java.util.concurrent.CompletableFuture.get(CompletableFuture.java:2073)
	at org.apache.hadoop.hdds.scm.XceiverClientGrpc.sendCommandWithRetry(XceiverClientGrpc.java:444)
	... 10 more
Caused by: org.apache.ratis.thirdparty.io.grpc.StatusRuntimeException: UNAVAILABLE: io exception
	at org.apache.ratis.thirdparty.io.grpc.Status.asRuntimeException(Status.java:537)
	at org.apache.ratis.thirdparty.io.grpc.stub.ClientCalls$StreamObserverToCallListenerAdapter.onClose(ClientCalls.java:481)
	at org.apache.ratis.thirdparty.io.grpc.internal.ClientCallImpl.closeObserver(ClientCallImpl.java:567)
	at org.apache.ratis.thirdparty.io.grpc.internal.ClientCallImpl.access$300(ClientCallImpl.java:71)
	at org.apache.ratis.thirdparty.io.grpc.internal.ClientCallImpl$ClientStreamListenerImpl$1StreamClosed.runInternal(ClientCallImpl.java:735)
	at org.apache.ratis.thirdparty.io.grpc.internal.ClientCallImpl$ClientStreamListenerImpl$1StreamClosed.runInContext(ClientCallImpl.java:716)
	at org.apache.ratis.thirdparty.io.grpc.internal.ContextRunnable.run(ContextRunnable.java:37)
	at org.apache.ratis.thirdparty.io.grpc.internal.SerializingExecutor.run(SerializingExecutor.java:133)
	at java.base/java.util.concurrent.ThreadPoolExecutor.runWorker(ThreadPoolExecutor.java:1144)
	at java.base/java.util.concurrent.ThreadPoolExecutor$Worker.run(ThreadPoolExecutor.java:642)
	at java.base/java.lang.Thread.run(Thread.java:1583)
Caused by: org.apache.ratis.thirdparty.io.netty.channel.AbstractChannel$AnnotatedConnectException: finishConnect(..) failed: Connection refused: /127.0.0.1:15032
Caused by: java.net.ConnectException: finishConnect(..) failed: Connection refused
	at org.apache.ratis.thirdparty.io.netty.channel.unix.Errors.newConnectException0(Errors.java:166)
	at org.apache.ratis.thirdparty.io.netty.channel.unix.Errors.handleConnectErrno(Errors.java:131)
	at org.apache.ratis.thirdparty.io.netty.channel.unix.Socket.finishConnect(Socket.java:359)
	at org.apache.ratis.thirdparty.io.netty.channel.epoll.AbstractEpollChannel$AbstractEpollUnsafe.doFinishConnect(AbstractEpollChannel.java:715)
	at org.apache.ratis.thirdparty.io.netty.channel.epoll.AbstractEpollChannel$AbstractEpollUnsafe.finishConnect(AbstractEpollChannel.java:692)
	at org.apache.ratis.thirdparty.io.netty.channel.epoll.AbstractEpollChannel$AbstractEpollUnsafe.epollOutReady(AbstractEpollChannel.java:567)
	at org.apache.ratis.thirdparty.io.netty.channel.epoll.EpollEventLoop.processReady(EpollEventLoop.java:491)
	at org.apache.ratis.thirdparty.io.netty.channel.epoll.EpollEventLoop.run(EpollEventLoop.java:399)
	at org.apache.ratis.thirdparty.io.netty.util.concurrent.SingleThreadEventExecutor$4.run(SingleThreadEventExecutor.java:997)
	at org.apache.ratis.thirdparty.io.netty.util.internal.ThreadExecutorMap$2.run(ThreadExecutorMap.java:74)
	at org.apache.ratis.thirdparty.io.netty.util.concurrent.FastThreadLocalRunnable.run(FastThreadLocalRunnable.java:30)
	at java.base/java.lang.Thread.run(Thread.java:1583)
]]></error>
    <system-out><![CDATA[2025-02-13 19:48:32,066 [main] WARN  server.ServerUtils (ServerUtils.java:getScmDbDir(143)) - ozone.scm.db.dirs is not configured. We recommend adding this setting. Falling back to ozone.metadata.dirs instead.
2025-02-13 19:48:32,069 [main] INFO  ha.SCMHANodeDetails (SCMHANodeDetails.java:loadSCMHAConfig(180)) - ServiceID for StorageContainerManager is null
2025-02-13 19:48:32,069 [main] INFO  ha.SCMHANodeDetails (SCMHANodeDetails.java:loadSCMHAConfig(185)) - ozone.scm.default.service.id is not defined, falling back to ozone.scm.service.ids to find serviceID for StorageContainerManager if it is HA enabled cluster
2025-02-13 19:48:32,071 [main] INFO  server.RaftServerConfigKeys (ConfUtils.java:logGet(46)) - raft.server.log.appender.buffer.byte-limit = 4194304 (custom)
2025-02-13 19:48:32,072 [main] INFO  server.RaftServer (ConfUtils.java:logGet(46)) - raft.rpc.type = GRPC (default)
2025-02-13 19:48:32,072 [main] INFO  grpc.GrpcConfigKeys (ConfUtils.java:logFallback(53)) - raft.grpc.admin.host = null (fallback to raft.grpc.server.host)
2025-02-13 19:48:32,072 [main] INFO  grpc.GrpcConfigKeys (ConfUtils.java:logFallback(53)) - raft.grpc.admin.port = 15023 (fallback to raft.grpc.server.port)
2025-02-13 19:48:32,072 [main] INFO  grpc.GrpcConfigKeys (ConfUtils.java:logFallback(53)) - raft.grpc.client.host = null (fallback to raft.grpc.server.host)
2025-02-13 19:48:32,073 [main] INFO  grpc.GrpcConfigKeys (ConfUtils.java:logFallback(53)) - raft.grpc.client.port = 15023 (fallback to raft.grpc.server.port)
2025-02-13 19:48:32,073 [main] INFO  grpc.GrpcConfigKeys (ConfUtils.java:logGet(46)) - raft.grpc.server.host = null (default)
2025-02-13 19:48:32,073 [main] INFO  grpc.GrpcConfigKeys (ConfUtils.java:logGet(46)) - raft.grpc.server.port = 15023 (custom)
2025-02-13 19:48:32,073 [main] INFO  server.GrpcService (ConfUtils.java:logGet(46)) - raft.grpc.message.size.max = 5242880 (custom)
2025-02-13 19:48:32,073 [main] INFO  server.GrpcService (ConfUtils.java:logGet(46)) - raft.grpc.flow.control.window = 1MB (=1048576) (default)
2025-02-13 19:48:32,073 [main] INFO  server.RaftServerConfigKeys (ConfUtils.java:logGet(46)) - raft.server.rpc.request.timeout = 30000ms (custom)
2025-02-13 19:48:32,073 [main] INFO  grpc.GrpcConfigKeys (ConfUtils.java:logGet(46)) - raft.grpc.server.heartbeat.channel = true (default)
2025-02-13 19:48:32,074 [main] INFO  server.RaftServerConfigKeys (ConfUtils.java:logGet(46)) - raft.server.log.appender.buffer.byte-limit = 4194304 (custom)
2025-02-13 19:48:32,074 [main] INFO  grpc.GrpcConfigKeys (ConfUtils.java:logGet(46)) - raft.grpc.server.async.request.thread.pool.cached = true (default)
2025-02-13 19:48:32,074 [main] INFO  grpc.GrpcConfigKeys (ConfUtils.java:logGet(46)) - raft.grpc.server.async.request.thread.pool.size = 32 (default)
2025-02-13 19:48:32,075 [main] INFO  impl.DataStreamServerImpl (ConfUtils.java:logGet(46)) - raft.datastream.type = DISABLED (default)
2025-02-13 19:48:32,075 [main] INFO  server.RaftServerConfigKeys (ConfUtils.java:logGet(46)) - raft.server.sleep.deviation.threshold = 300ms (default)
2025-02-13 19:48:32,075 [main] INFO  server.RaftServerConfigKeys (ConfUtils.java:logGet(46)) - raft.server.close.threshold = 60s (default)
2025-02-13 19:48:32,075 [main] INFO  server.RaftServerConfigKeys (ConfUtils.java:logGet(46)) - raft.server.leaderelection.leader.step-down.wait-time = 10s (default)
2025-02-13 19:48:32,075 [main] INFO  server.RaftServerConfigKeys (ConfUtils.java:logGet(46)) - raft.server.storage.dir = [/home/runner/work/ozone/ozone/hadoop-ozone/integration-test/target/test-dir/MiniOzoneClusterImpl-cb06fb2a-ab0d-4948-847f-ddb238a3933b/ozone-meta/scm-ha] (custom)
2025-02-13 19:48:32,076 [main] INFO  server.RaftServerConfigKeys (ConfUtils.java:logGet(46)) - raft.server.threadpool.proxy.cached = true (default)
2025-02-13 19:48:32,076 [main] INFO  server.RaftServerConfigKeys (ConfUtils.java:logGet(46)) - raft.server.threadpool.proxy.size = 0 (default)
2025-02-13 19:48:32,076 [main] INFO  server.RaftServer (RaftServerProxy.java:addNew(100)) - e5168b06-7ea0-44f6-9716-48dcc7ae40be: addNew group-DDB238A3933B:[e5168b06-7ea0-44f6-9716-48dcc7ae40be|fv-az1531-61:15023] returns group-DDB238A3933B:java.util.concurrent.CompletableFuture@5f097960[Not completed]
2025-02-13 19:48:32,077 [e5168b06-7ea0-44f6-9716-48dcc7ae40be-groupManagement] INFO  server.RaftServer$Division (RaftServerImpl.java:<init>(255)) - e5168b06-7ea0-44f6-9716-48dcc7ae40be: new RaftServerImpl for group-DDB238A3933B:[e5168b06-7ea0-44f6-9716-48dcc7ae40be|fv-az1531-61:15023] with SCMStateMachine:uninitialized
2025-02-13 19:48:32,077 [e5168b06-7ea0-44f6-9716-48dcc7ae40be-groupManagement] INFO  server.RaftServerConfigKeys (ConfUtils.java:logGet(46)) - raft.server.rpc.timeout.min = 5000ms (custom)
2025-02-13 19:48:32,077 [e5168b06-7ea0-44f6-9716-48dcc7ae40be-groupManagement] INFO  server.RaftServerConfigKeys (ConfUtils.java:logGet(46)) - raft.server.rpc.timeout.max = 5200ms (custom)
2025-02-13 19:48:32,077 [e5168b06-7ea0-44f6-9716-48dcc7ae40be-groupManagement] INFO  server.RaftServerConfigKeys (ConfUtils.java:logGet(46)) - raft.server.rpc.sleep.time = 25ms (default)
2025-02-13 19:48:32,077 [e5168b06-7ea0-44f6-9716-48dcc7ae40be-groupManagement] INFO  server.RaftServerConfigKeys (ConfUtils.java:logGet(46)) - raft.server.rpc.slowness.timeout = 120000ms (custom)
2025-02-13 19:48:32,077 [e5168b06-7ea0-44f6-9716-48dcc7ae40be-groupManagement] INFO  server.RaftServerConfigKeys (ConfUtils.java:logGet(46)) - raft.server.leaderelection.leader.step-down.wait-time = 10s (default)
2025-02-13 19:48:32,077 [e5168b06-7ea0-44f6-9716-48dcc7ae40be-groupManagement] INFO  server.RaftServerConfigKeys (ConfUtils.java:logGet(46)) - raft.server.leaderelection.member.majority-add = false (default)
2025-02-13 19:48:32,078 [e5168b06-7ea0-44f6-9716-48dcc7ae40be-groupManagement] INFO  server.RaftServerConfigKeys (ConfUtils.java:logGet(46)) - raft.server.sleep.deviation.threshold = 300ms (default)
2025-02-13 19:48:32,078 [e5168b06-7ea0-44f6-9716-48dcc7ae40be-groupManagement] INFO  server.RaftServer$Division (ServerState.java:<init>(114)) - e5168b06-7ea0-44f6-9716-48dcc7ae40be@group-DDB238A3933B: ConfigurationManager, init=conf: {index: -1, cur=peers:[e5168b06-7ea0-44f6-9716-48dcc7ae40be|fv-az1531-61:15023]|listeners:[], old=null}, confs=<EMPTY_MAP>
2025-02-13 19:48:32,078 [e5168b06-7ea0-44f6-9716-48dcc7ae40be-groupManagement] INFO  server.RaftServerConfigKeys (ConfUtils.java:logGet(46)) - raft.server.notification.no-leader.timeout = 60s (default)
2025-02-13 19:48:32,078 [e5168b06-7ea0-44f6-9716-48dcc7ae40be-groupManagement] INFO  server.RaftServerConfigKeys (ConfUtils.java:logGet(46)) - raft.server.read.timeout = 10s (default)
2025-02-13 19:48:32,078 [e5168b06-7ea0-44f6-9716-48dcc7ae40be-groupManagement] INFO  server.RaftServerConfigKeys (ConfUtils.java:logGet(46)) - raft.server.retrycache.expirytime = 60000ms (default)
2025-02-13 19:48:32,078 [e5168b06-7ea0-44f6-9716-48dcc7ae40be-groupManagement] INFO  server.RaftServerConfigKeys (ConfUtils.java:logGet(46)) - raft.server.retrycache.statistics.expirytime = 100ms (default)
2025-02-13 19:48:32,078 [e5168b06-7ea0-44f6-9716-48dcc7ae40be-groupManagement] INFO  server.RaftServerConfigKeys (ConfUtils.java:logGet(46)) - raft.server.read.option = DEFAULT (default)
2025-02-13 19:48:32,078 [e5168b06-7ea0-44f6-9716-48dcc7ae40be-groupManagement] INFO  server.RaftServerConfigKeys (ConfUtils.java:logGet(46)) - raft.server.read.read-after-write-consistent.write-index-cache.expiry-time = 60s (default)
2025-02-13 19:48:32,080 [e5168b06-7ea0-44f6-9716-48dcc7ae40be-groupManagement] INFO  server.RaftServerConfigKeys (ConfUtils.java:logGet(46)) - raft.server.rpc.request.timeout = 30000ms (custom)
2025-02-13 19:48:32,080 [e5168b06-7ea0-44f6-9716-48dcc7ae40be-groupManagement] INFO  server.RaftServerConfigKeys (ConfUtils.java:logGet(46)) - raft.server.log.appender.install.snapshot.enabled = false (custom)
2025-02-13 19:48:32,080 [e5168b06-7ea0-44f6-9716-48dcc7ae40be-groupManagement] INFO  server.RaftServerConfigKeys (ConfUtils.java:logGet(46)) - raft.server.threadpool.server.cached = true (default)
2025-02-13 19:48:32,080 [e5168b06-7ea0-44f6-9716-48dcc7ae40be-groupManagement] INFO  server.RaftServerConfigKeys (ConfUtils.java:logGet(46)) - raft.server.threadpool.server.size = 0 (default)
2025-02-13 19:48:32,080 [e5168b06-7ea0-44f6-9716-48dcc7ae40be-groupManagement] INFO  server.RaftServerConfigKeys (ConfUtils.java:logGet(46)) - raft.server.threadpool.client.cached = true (default)
2025-02-13 19:48:32,080 [e5168b06-7ea0-44f6-9716-48dcc7ae40be-groupManagement] INFO  server.RaftServerConfigKeys (ConfUtils.java:logGet(46)) - raft.server.threadpool.client.size = 0 (default)
2025-02-13 19:48:32,080 [e5168b06-7ea0-44f6-9716-48dcc7ae40be-impl-thread1] INFO  server.RaftServerConfigKeys (ConfUtils.java:logGet(46)) - raft.server.storage.free-space.min = 0MB (=0) (default)
2025-02-13 19:48:32,081 [e5168b06-7ea0-44f6-9716-48dcc7ae40be-impl-thread1] INFO  server.RaftServerConfigKeys (ConfUtils.java:logGet(46)) - raft.server.log.corruption.policy = EXCEPTION (default)
2025-02-13 19:48:32,081 [e5168b06-7ea0-44f6-9716-48dcc7ae40be-impl-thread1] INFO  server.RaftServerConfigKeys (ConfUtils.java:logGet(46)) - raft.server.storage.dir = [/home/runner/work/ozone/ozone/hadoop-ozone/integration-test/target/test-dir/MiniOzoneClusterImpl-cb06fb2a-ab0d-4948-847f-ddb238a3933b/ozone-meta/scm-ha] (custom)
2025-02-13 19:48:32,081 [e5168b06-7ea0-44f6-9716-48dcc7ae40be-impl-thread1] INFO  storage.RaftStorageDirectory (RaftStorageDirectoryImpl.java:analyzeStorage(138)) - The storage directory /home/runner/work/ozone/ozone/hadoop-ozone/integration-test/target/test-dir/MiniOzoneClusterImpl-cb06fb2a-ab0d-4948-847f-ddb238a3933b/ozone-meta/scm-ha/cb06fb2a-ab0d-4948-847f-ddb238a3933b does not exist. Creating ...
2025-02-13 19:48:32,082 [e5168b06-7ea0-44f6-9716-48dcc7ae40be-impl-thread1] INFO  storage.RaftStorageDirectory (RaftStorageDirectoryImpl.java:tryLock(229)) - Lock on /home/runner/work/ozone/ozone/hadoop-ozone/integration-test/target/test-dir/MiniOzoneClusterImpl-cb06fb2a-ab0d-4948-847f-ddb238a3933b/ozone-meta/scm-ha/cb06fb2a-ab0d-4948-847f-ddb238a3933b/in_use.lock acquired by nodename 133475@fv-az1531-61
2025-02-13 19:48:32,084 [e5168b06-7ea0-44f6-9716-48dcc7ae40be-impl-thread1] INFO  storage.RaftStorage (RaftStorageImpl.java:format(98)) - Storage directory /home/runner/work/ozone/ozone/hadoop-ozone/integration-test/target/test-dir/MiniOzoneClusterImpl-cb06fb2a-ab0d-4948-847f-ddb238a3933b/ozone-meta/scm-ha/cb06fb2a-ab0d-4948-847f-ddb238a3933b has been successfully formatted.
2025-02-13 19:48:32,084 [e5168b06-7ea0-44f6-9716-48dcc7ae40be-impl-thread1] INFO  ha.SCMStateMachine (SCMStateMachine.java:lambda$initialize$0(140)) - e5168b06-7ea0-44f6-9716-48dcc7ae40be: initialize group-DDB238A3933B
2025-02-13 19:48:32,084 [e5168b06-7ea0-44f6-9716-48dcc7ae40be-impl-thread1] INFO  server.RaftServerConfigKeys (ConfUtils.java:logGet(46)) - raft.server.log.use.memory = false (default)
2025-02-13 19:48:32,084 [e5168b06-7ea0-44f6-9716-48dcc7ae40be-impl-thread1] INFO  server.RaftServerConfigKeys (ConfUtils.java:logGet(46)) - raft.server.log.purge.gap = 1000000 (custom)
2025-02-13 19:48:32,084 [e5168b06-7ea0-44f6-9716-48dcc7ae40be-impl-thread1] INFO  server.RaftServerConfigKeys (ConfUtils.java:logGet(46)) - raft.server.log.appender.buffer.byte-limit = 4194304 (custom)
2025-02-13 19:48:32,084 [e5168b06-7ea0-44f6-9716-48dcc7ae40be-impl-thread1] INFO  server.RaftServerConfigKeys (ConfUtils.java:logGet(46)) - raft.server.log.statemachine.data.read.timeout = 1000ms (default)
2025-02-13 19:48:32,084 [e5168b06-7ea0-44f6-9716-48dcc7ae40be-impl-thread1] INFO  server.RaftServerConfigKeys (ConfUtils.java:logGet(46)) - raft.server.log.purge.preservation.log.num = 0 (default)
2025-02-13 19:48:32,085 [e5168b06-7ea0-44f6-9716-48dcc7ae40be-impl-thread1] INFO  server.RaftServerConfigKeys (ConfUtils.java:logGet(46)) - raft.server.log.segment.size.max = 4194304 (custom)
2025-02-13 19:48:32,085 [e5168b06-7ea0-44f6-9716-48dcc7ae40be-impl-thread1] INFO  server.RaftServerConfigKeys (ConfUtils.java:logGet(46)) - raft.server.log.segment.cache.num.max = 2 (custom)
2025-02-13 19:48:32,085 [e5168b06-7ea0-44f6-9716-48dcc7ae40be-impl-thread1] INFO  server.RaftServerConfigKeys (ConfUtils.java:logGet(46)) - raft.server.log.segment.cache.size.max = 200MB (=209715200) (default)
2025-02-13 19:48:32,085 [e5168b06-7ea0-44f6-9716-48dcc7ae40be-impl-thread1] INFO  server.RaftServerConfigKeys (ConfUtils.java:logGet(46)) - raft.server.log.appender.buffer.byte-limit = 4194304 (custom)
2025-02-13 19:48:32,089 [e5168b06-7ea0-44f6-9716-48dcc7ae40be-impl-thread1] INFO  util.AwaitToRun (AwaitToRun.java:start(81)) - Thread[#662,e5168b06-7ea0-44f6-9716-48dcc7ae40be@group-DDB238A3933B-cacheEviction-AwaitToRun,5,main] started
2025-02-13 19:48:32,089 [e5168b06-7ea0-44f6-9716-48dcc7ae40be-impl-thread1] INFO  segmented.SegmentedRaftLogWorker (SegmentedRaftLogWorker.java:<init>(188)) - new e5168b06-7ea0-44f6-9716-48dcc7ae40be@group-DDB238A3933B-SegmentedRaftLogWorker for RaftStorageImpl:Storage Directory /home/runner/work/ozone/ozone/hadoop-ozone/integration-test/target/test-dir/MiniOzoneClusterImpl-cb06fb2a-ab0d-4948-847f-ddb238a3933b/ozone-meta/scm-ha/cb06fb2a-ab0d-4948-847f-ddb238a3933b
2025-02-13 19:48:32,089 [e5168b06-7ea0-44f6-9716-48dcc7ae40be-impl-thread1] INFO  server.RaftServerConfigKeys (ConfUtils.java:logGet(46)) - raft.server.log.queue.byte-limit = 64MB (=67108864) (default)
2025-02-13 19:48:32,089 [e5168b06-7ea0-44f6-9716-48dcc7ae40be-impl-thread1] INFO  server.RaftServerConfigKeys (ConfUtils.java:logGet(46)) - raft.server.log.queue.element-limit = 4096 (default)
2025-02-13 19:48:32,089 [e5168b06-7ea0-44f6-9716-48dcc7ae40be-impl-thread1] INFO  server.RaftServerConfigKeys (ConfUtils.java:logGet(46)) - raft.server.log.segment.size.max = 4194304 (custom)
2025-02-13 19:48:32,089 [e5168b06-7ea0-44f6-9716-48dcc7ae40be-impl-thread1] INFO  server.RaftServerConfigKeys (ConfUtils.java:logGet(46)) - raft.server.log.preallocated.size = 4194304 (custom)
2025-02-13 19:48:32,089 [e5168b06-7ea0-44f6-9716-48dcc7ae40be-impl-thread1] INFO  server.RaftServerConfigKeys (ConfUtils.java:logGet(46)) - raft.server.log.force.sync.num = 128 (default)
2025-02-13 19:48:32,089 [e5168b06-7ea0-44f6-9716-48dcc7ae40be-impl-thread1] INFO  server.RaftServerConfigKeys (ConfUtils.java:logGet(46)) - raft.server.log.statemachine.data.sync = true (default)
2025-02-13 19:48:32,090 [e5168b06-7ea0-44f6-9716-48dcc7ae40be-impl-thread1] INFO  server.RaftServerConfigKeys (ConfUtils.java:logGet(46)) - raft.server.log.statemachine.data.sync.timeout = 10s (default)
2025-02-13 19:48:32,090 [e5168b06-7ea0-44f6-9716-48dcc7ae40be-impl-thread1] INFO  server.RaftServerConfigKeys (ConfUtils.java:logGet(46)) - raft.server.log.statemachine.data.sync.timeout.retry = -1 (default)
2025-02-13 19:48:32,090 [e5168b06-7ea0-44f6-9716-48dcc7ae40be-impl-thread1] INFO  server.RaftServerConfigKeys (ConfUtils.java:logGet(46)) - raft.server.log.write.buffer.size = 4194312 (custom)
2025-02-13 19:48:32,092 [e5168b06-7ea0-44f6-9716-48dcc7ae40be-impl-thread1] INFO  server.RaftServerConfigKeys (ConfUtils.java:logGet(46)) - raft.server.log.appender.buffer.byte-limit = 4194304 (custom)
2025-02-13 19:48:32,092 [e5168b06-7ea0-44f6-9716-48dcc7ae40be-impl-thread1] INFO  server.RaftServerConfigKeys (ConfUtils.java:logGet(46)) - raft.server.log.unsafe-flush.enabled = false (default)
2025-02-13 19:48:32,092 [e5168b06-7ea0-44f6-9716-48dcc7ae40be-impl-thread1] INFO  server.RaftServerConfigKeys (ConfUtils.java:logGet(46)) - raft.server.log.async-flush.enabled = false (default)
2025-02-13 19:48:32,092 [e5168b06-7ea0-44f6-9716-48dcc7ae40be-impl-thread1] INFO  server.RaftServerConfigKeys (ConfUtils.java:logGet(46)) - raft.server.log.statemachine.data.caching.enabled = false (default)
2025-02-13 19:48:32,092 [e5168b06-7ea0-44f6-9716-48dcc7ae40be-impl-thread1] INFO  segmented.SegmentedRaftLogWorker (SegmentedRaftLogWorker.java:lambda$new$0(139)) - e5168b06-7ea0-44f6-9716-48dcc7ae40be@group-DDB238A3933B-SegmentedRaftLogWorker: flushIndex: setUnconditionally 0 -> -1
2025-02-13 19:48:32,092 [e5168b06-7ea0-44f6-9716-48dcc7ae40be-impl-thread1] INFO  segmented.SegmentedRaftLogWorker (SegmentedRaftLogWorker.java:lambda$new$0(139)) - e5168b06-7ea0-44f6-9716-48dcc7ae40be@group-DDB238A3933B-SegmentedRaftLogWorker: safeCacheEvictIndex: setUnconditionally 0 -> -1
2025-02-13 19:48:32,093 [e5168b06-7ea0-44f6-9716-48dcc7ae40be-impl-thread1] INFO  server.RaftServer$Division (RaftServerImpl.java:start(391)) - e5168b06-7ea0-44f6-9716-48dcc7ae40be@group-DDB238A3933B: start as a follower, conf=conf: {index: -1, cur=peers:[e5168b06-7ea0-44f6-9716-48dcc7ae40be|fv-az1531-61:15023]|listeners:[], old=null}
2025-02-13 19:48:32,093 [e5168b06-7ea0-44f6-9716-48dcc7ae40be-impl-thread1] INFO  server.RaftServer$Division (RaftServerImpl.java:setRole(378)) - e5168b06-7ea0-44f6-9716-48dcc7ae40be@group-DDB238A3933B: changes role from      null to FOLLOWER at term 0 for startAsFollower
2025-02-13 19:48:32,093 [e5168b06-7ea0-44f6-9716-48dcc7ae40be-impl-thread1] INFO  impl.RoleInfo (RoleInfo.java:updateAndGet(148)) - e5168b06-7ea0-44f6-9716-48dcc7ae40be: start e5168b06-7ea0-44f6-9716-48dcc7ae40be@group-DDB238A3933B-FollowerState
2025-02-13 19:48:32,094 [e5168b06-7ea0-44f6-9716-48dcc7ae40be-impl-thread1] INFO  util.JmxRegister (JmxRegister.java:tryRegister(44)) - Successfully registered JMX Bean with object name Ratis:service=RaftServer,group=group-DDB238A3933B,id=e5168b06-7ea0-44f6-9716-48dcc7ae40be
2025-02-13 19:48:32,094 [e5168b06-7ea0-44f6-9716-48dcc7ae40be-impl-thread1] INFO  util.JmxRegister (JmxRegister.java:register(58)) - register mxBean class org.apache.ratis.server.impl.RaftServerJmxAdapter as Ratis:service=RaftServer,group=group-DDB238A3933B,id=e5168b06-7ea0-44f6-9716-48dcc7ae40be
2025-02-13 19:48:32,094 [e5168b06-7ea0-44f6-9716-48dcc7ae40be-impl-thread1] INFO  server.RaftServerConfigKeys (ConfUtils.java:logGet(46)) - raft.server.snapshot.trigger-when-stop.enabled = true (default)
2025-02-13 19:48:32,094 [e5168b06-7ea0-44f6-9716-48dcc7ae40be-impl-thread1] INFO  server.RaftServerConfigKeys (ConfUtils.java:logGet(46)) - raft.server.snapshot.trigger-when-remove.enabled = true (default)
2025-02-13 19:48:32,094 [e5168b06-7ea0-44f6-9716-48dcc7ae40be-impl-thread1] INFO  server.RaftServerConfigKeys (ConfUtils.java:logGet(46)) - raft.server.snapshot.auto.trigger.enabled = true (custom)
2025-02-13 19:48:32,094 [e5168b06-7ea0-44f6-9716-48dcc7ae40be-impl-thread1] INFO  server.RaftServerConfigKeys (ConfUtils.java:logGet(46)) - raft.server.snapshot.auto.trigger.threshold = 1000 (custom)
2025-02-13 19:48:32,094 [e5168b06-7ea0-44f6-9716-48dcc7ae40be-impl-thread1] INFO  server.RaftServerConfigKeys (ConfUtils.java:logGet(46)) - raft.server.snapshot.retention.file.num = -1 (default)
2025-02-13 19:48:32,094 [e5168b06-7ea0-44f6-9716-48dcc7ae40be-impl-thread1] INFO  server.RaftServerConfigKeys (ConfUtils.java:logGet(46)) - raft.server.log.purge.upto.snapshot.index = false (default)
2025-02-13 19:48:32,095 [e5168b06-7ea0-44f6-9716-48dcc7ae40be-impl-thread1] INFO  server.RaftServer$Division (RaftServerImpl.java:start(405)) - e5168b06-7ea0-44f6-9716-48dcc7ae40be@group-DDB238A3933B: Successfully started.
2025-02-13 19:48:32,095 [main] INFO  server.RaftServer (RaftServerProxy.java:startImpl(407)) - e5168b06-7ea0-44f6-9716-48dcc7ae40be: start RPC server
2025-02-13 19:48:32,095 [main] INFO  server.GrpcService (GrpcService.java:startImpl(334)) - e5168b06-7ea0-44f6-9716-48dcc7ae40be: GrpcService started, listening on 15023
2025-02-13 19:48:32,096 [e5168b06-7ea0-44f6-9716-48dcc7ae40be@group-DDB238A3933B-FollowerState] INFO  server.RaftServerConfigKeys (ConfUtils.java:logFallback(53)) - raft.server.rpc.first-election.timeout.min = 5000ms (fallback to raft.server.rpc.timeout.min)
2025-02-13 19:48:32,096 [e5168b06-7ea0-44f6-9716-48dcc7ae40be@group-DDB238A3933B-FollowerState] INFO  server.RaftServerConfigKeys (ConfUtils.java:logFallback(53)) - raft.server.rpc.first-election.timeout.max = 5200ms (fallback to raft.server.rpc.timeout.max)
2025-02-13 19:48:32,096 [JvmPauseMonitor4] INFO  util.JvmPauseMonitor (JvmPauseMonitor.java:run(146)) - JvmPauseMonitor-e5168b06-7ea0-44f6-9716-48dcc7ae40be: Started
2025-02-13 19:48:37,268 [e5168b06-7ea0-44f6-9716-48dcc7ae40be@group-DDB238A3933B-FollowerState] INFO  impl.FollowerState (FollowerState.java:runImpl(161)) - e5168b06-7ea0-44f6-9716-48dcc7ae40be@group-DDB238A3933B-FollowerState: change to CANDIDATE, lastRpcElapsedTime:5174655784ns, electionTimeout:5172ms
2025-02-13 19:48:37,268 [e5168b06-7ea0-44f6-9716-48dcc7ae40be@group-DDB238A3933B-FollowerState] INFO  impl.RoleInfo (RoleInfo.java:shutdownFollowerState(121)) - e5168b06-7ea0-44f6-9716-48dcc7ae40be: shutdown e5168b06-7ea0-44f6-9716-48dcc7ae40be@group-DDB238A3933B-FollowerState
2025-02-13 19:48:37,268 [e5168b06-7ea0-44f6-9716-48dcc7ae40be@group-DDB238A3933B-FollowerState] INFO  server.RaftServer$Division (RaftServerImpl.java:setRole(378)) - e5168b06-7ea0-44f6-9716-48dcc7ae40be@group-DDB238A3933B: changes role from  FOLLOWER to CANDIDATE at term 0 for changeToCandidate
2025-02-13 19:48:37,269 [e5168b06-7ea0-44f6-9716-48dcc7ae40be@group-DDB238A3933B-FollowerState] INFO  server.RaftServerConfigKeys (ConfUtils.java:logGet(46)) - raft.server.leaderelection.pre-vote = true (default)
2025-02-13 19:48:37,269 [e5168b06-7ea0-44f6-9716-48dcc7ae40be@group-DDB238A3933B-FollowerState] INFO  impl.RoleInfo (RoleInfo.java:updateAndGet(148)) - e5168b06-7ea0-44f6-9716-48dcc7ae40be: start e5168b06-7ea0-44f6-9716-48dcc7ae40be@group-DDB238A3933B-LeaderElection4
2025-02-13 19:48:37,269 [e5168b06-7ea0-44f6-9716-48dcc7ae40be@group-DDB238A3933B-LeaderElection4] INFO  impl.LeaderElection (LeaderElection.java:askForVotes(332)) - e5168b06-7ea0-44f6-9716-48dcc7ae40be@group-DDB238A3933B-LeaderElection4 PRE_VOTE round 0: submit vote requests at term 0 for conf: {index: -1, cur=peers:[e5168b06-7ea0-44f6-9716-48dcc7ae40be|fv-az1531-61:15023]|listeners:[], old=null}
2025-02-13 19:48:37,269 [e5168b06-7ea0-44f6-9716-48dcc7ae40be@group-DDB238A3933B-LeaderElection4] INFO  impl.LeaderElection (LeaderElection.java:askForVotes(334)) - e5168b06-7ea0-44f6-9716-48dcc7ae40be@group-DDB238A3933B-LeaderElection4 PRE_VOTE round 0: result PASSED (term=0)
2025-02-13 19:48:37,271 [e5168b06-7ea0-44f6-9716-48dcc7ae40be@group-DDB238A3933B-LeaderElection4] INFO  impl.LeaderElection (LeaderElection.java:askForVotes(332)) - e5168b06-7ea0-44f6-9716-48dcc7ae40be@group-DDB238A3933B-LeaderElection4 ELECTION round 0: submit vote requests at term 1 for conf: {index: -1, cur=peers:[e5168b06-7ea0-44f6-9716-48dcc7ae40be|fv-az1531-61:15023]|listeners:[], old=null}
2025-02-13 19:48:37,271 [e5168b06-7ea0-44f6-9716-48dcc7ae40be@group-DDB238A3933B-LeaderElection4] INFO  impl.LeaderElection (LeaderElection.java:askForVotes(334)) - e5168b06-7ea0-44f6-9716-48dcc7ae40be@group-DDB238A3933B-LeaderElection4 ELECTION round 0: result PASSED (term=1)
2025-02-13 19:48:37,271 [e5168b06-7ea0-44f6-9716-48dcc7ae40be@group-DDB238A3933B-LeaderElection4] INFO  impl.RoleInfo (RoleInfo.java:shutdownLeaderElection(141)) - e5168b06-7ea0-44f6-9716-48dcc7ae40be: shutdown e5168b06-7ea0-44f6-9716-48dcc7ae40be@group-DDB238A3933B-LeaderElection4
2025-02-13 19:48:37,271 [e5168b06-7ea0-44f6-9716-48dcc7ae40be@group-DDB238A3933B-LeaderElection4] INFO  server.RaftServer$Division (RaftServerImpl.java:setRole(378)) - e5168b06-7ea0-44f6-9716-48dcc7ae40be@group-DDB238A3933B: changes role from CANDIDATE to LEADER at term 1 for changeToLeader
2025-02-13 19:48:37,271 [e5168b06-7ea0-44f6-9716-48dcc7ae40be@group-DDB238A3933B-LeaderElection4] INFO  server.RaftServerConfigKeys (ConfUtils.java:logGet(46)) - raft.server.staging.catchup.gap = 1000 (default)
2025-02-13 19:48:37,272 [e5168b06-7ea0-44f6-9716-48dcc7ae40be@group-DDB238A3933B-LeaderElection4] INFO  server.RaftServerConfigKeys (ConfUtils.java:logGet(46)) - raft.server.write.element-limit = 4096 (default)
2025-02-13 19:48:37,272 [e5168b06-7ea0-44f6-9716-48dcc7ae40be@group-DDB238A3933B-LeaderElection4] INFO  server.RaftServerConfigKeys (ConfUtils.java:logGet(46)) - raft.server.write.byte-limit = 64MB (=67108864) (default)
2025-02-13 19:48:37,272 [e5168b06-7ea0-44f6-9716-48dcc7ae40be@group-DDB238A3933B-LeaderElection4] INFO  server.RaftServerConfigKeys (ConfUtils.java:logGet(46)) - raft.server.watch.timeout = 10s (default)
2025-02-13 19:48:37,272 [e5168b06-7ea0-44f6-9716-48dcc7ae40be@group-DDB238A3933B-LeaderElection4] INFO  server.RaftServerConfigKeys (ConfUtils.java:logGet(46)) - raft.server.watch.timeout.denomination = 1s (default)
2025-02-13 19:48:37,272 [e5168b06-7ea0-44f6-9716-48dcc7ae40be@group-DDB238A3933B-LeaderElection4] INFO  server.RaftServerConfigKeys (ConfUtils.java:logGet(46)) - raft.server.watch.element-limit = 65536 (default)
2025-02-13 19:48:37,272 [e5168b06-7ea0-44f6-9716-48dcc7ae40be@group-DDB238A3933B-LeaderElection4] INFO  server.RaftServerConfigKeys (ConfUtils.java:logGet(46)) - raft.server.read.leader.lease.enabled = false (default)
2025-02-13 19:48:37,272 [e5168b06-7ea0-44f6-9716-48dcc7ae40be@group-DDB238A3933B-LeaderElection4] INFO  server.RaftServerConfigKeys (ConfUtils.java:logGet(46)) - raft.server.read.leader.lease.timeout.ratio = 0.9 (default)
2025-02-13 19:48:37,273 [e5168b06-7ea0-44f6-9716-48dcc7ae40be@group-DDB238A3933B-LeaderElection4] INFO  server.RaftServerConfigKeys (ConfUtils.java:logGet(46)) - raft.server.rpc.timeout.min = 5000ms (custom)
2025-02-13 19:48:37,273 [e5168b06-7ea0-44f6-9716-48dcc7ae40be@group-DDB238A3933B-LeaderElection4] INFO  server.RaftServerConfigKeys (ConfUtils.java:logGet(46)) - raft.server.log.log-metadata.enabled = true (default)
2025-02-13 19:48:37,273 [e5168b06-7ea0-44f6-9716-48dcc7ae40be@group-DDB238A3933B-LeaderElection4] INFO  server.RaftServerConfigKeys (ConfUtils.java:logGet(46)) - raft.server.write.element-limit = 4096 (default)
2025-02-13 19:48:37,273 [e5168b06-7ea0-44f6-9716-48dcc7ae40be@group-DDB238A3933B-LeaderElection4] INFO  server.RaftServerConfigKeys (ConfUtils.java:logGet(46)) - raft.server.write.follower.gap.ratio.max = -1.0 (default)
2025-02-13 19:48:37,273 [e5168b06-7ea0-44f6-9716-48dcc7ae40be@group-DDB238A3933B-LeaderElection4] INFO  impl.RoleInfo (RoleInfo.java:updateAndGet(148)) - e5168b06-7ea0-44f6-9716-48dcc7ae40be: start e5168b06-7ea0-44f6-9716-48dcc7ae40be@group-DDB238A3933B-LeaderStateImpl
2025-02-13 19:48:37,273 [e5168b06-7ea0-44f6-9716-48dcc7ae40be@group-DDB238A3933B-LeaderElection4] INFO  server.RaftServer$Division (RaftServerImpl.java:setFirstElection(562)) - e5168b06-7ea0-44f6-9716-48dcc7ae40be@group-DDB238A3933B: set firstElectionSinceStartup to false for becomeLeader
2025-02-13 19:48:37,273 [e5168b06-7ea0-44f6-9716-48dcc7ae40be@group-DDB238A3933B-LeaderElection4] INFO  server.RaftServer$Division (ServerState.java:setLeader(272)) - e5168b06-7ea0-44f6-9716-48dcc7ae40be@group-DDB238A3933B: change Leader from null to e5168b06-7ea0-44f6-9716-48dcc7ae40be at term 1 for becomeLeader, leader elected after 5195ms
2025-02-13 19:48:37,273 [e5168b06-7ea0-44f6-9716-48dcc7ae40be@group-DDB238A3933B-LeaderElection4] INFO  segmented.SegmentedRaftLogWorker (SegmentedRaftLogWorker.java:startLogSegment(438)) - e5168b06-7ea0-44f6-9716-48dcc7ae40be@group-DDB238A3933B-SegmentedRaftLogWorker: Starting segment from index:0
2025-02-13 19:48:37,274 [e5168b06-7ea0-44f6-9716-48dcc7ae40be@group-DDB238A3933B-SegmentedRaftLogWorker] INFO  segmented.BufferedWriteChannel (BufferedWriteChannel.java:open(61)) - open log_inprogress_0 at position 0
2025-02-13 19:48:37,274 [e5168b06-7ea0-44f6-9716-48dcc7ae40be@group-DDB238A3933B-LeaderElection4] INFO  server.RaftServer$Division (ServerState.java:setRaftConf(386)) - e5168b06-7ea0-44f6-9716-48dcc7ae40be@group-DDB238A3933B: set configuration conf: {index: 0, cur=peers:[e5168b06-7ea0-44f6-9716-48dcc7ae40be|fv-az1531-61:15023]|listeners:[], old=null}
2025-02-13 19:48:37,283 [e5168b06-7ea0-44f6-9716-48dcc7ae40be@group-DDB238A3933B-SegmentedRaftLogWorker] INFO  segmented.SegmentedRaftLogWorker (SegmentedRaftLogWorker.java:execute(644)) - e5168b06-7ea0-44f6-9716-48dcc7ae40be@group-DDB238A3933B-SegmentedRaftLogWorker: created new log segment /home/runner/work/ozone/ozone/hadoop-ozone/integration-test/target/test-dir/MiniOzoneClusterImpl-cb06fb2a-ab0d-4948-847f-ddb238a3933b/ozone-meta/scm-ha/cb06fb2a-ab0d-4948-847f-ddb238a3933b/current/log_inprogress_0
2025-02-13 19:48:37,284 [e5168b06-7ea0-44f6-9716-48dcc7ae40be@group-DDB238A3933B-StateMachineUpdater] INFO  server.RaftServer$Division (LeaderStateImpl.java:checkStartIndex(313)) - Leader e5168b06-7ea0-44f6-9716-48dcc7ae40be@group-DDB238A3933B-LeaderStateImpl is ready since appliedIndex == startIndex == 0
2025-02-13 19:48:38,096 [main] INFO  server.RaftServer (RaftServerProxy.java:lambda$close$9(417)) - e5168b06-7ea0-44f6-9716-48dcc7ae40be: close
2025-02-13 19:48:38,097 [main] INFO  server.GrpcService (GrpcService.java:closeImpl(343)) - e5168b06-7ea0-44f6-9716-48dcc7ae40be: shutdown server GrpcServerProtocolService now
2025-02-13 19:48:38,097 [e5168b06-7ea0-44f6-9716-48dcc7ae40be-impl-thread1] INFO  server.RaftServer$Division (RaftServerImpl.java:lambda$close$1(513)) - e5168b06-7ea0-44f6-9716-48dcc7ae40be@group-DDB238A3933B: shutdown
2025-02-13 19:48:38,097 [e5168b06-7ea0-44f6-9716-48dcc7ae40be-impl-thread1] INFO  util.JmxRegister (JmxRegister.java:unregister(74)) - Successfully un-registered JMX Bean with object name Ratis:service=RaftServer,group=group-DDB238A3933B,id=e5168b06-7ea0-44f6-9716-48dcc7ae40be
2025-02-13 19:48:38,097 [e5168b06-7ea0-44f6-9716-48dcc7ae40be-impl-thread1] INFO  impl.RoleInfo (RoleInfo.java:shutdownLeaderState(103)) - e5168b06-7ea0-44f6-9716-48dcc7ae40be: shutdown e5168b06-7ea0-44f6-9716-48dcc7ae40be@group-DDB238A3933B-LeaderStateImpl
2025-02-13 19:48:38,097 [e5168b06-7ea0-44f6-9716-48dcc7ae40be-impl-thread1] INFO  impl.PendingRequests (PendingRequests.java:sendNotLeaderResponses(287)) - e5168b06-7ea0-44f6-9716-48dcc7ae40be@group-DDB238A3933B-PendingRequests: sendNotLeaderResponses
2025-02-13 19:48:38,098 [main] INFO  server.GrpcService (GrpcService.java:closeImpl(352)) - e5168b06-7ea0-44f6-9716-48dcc7ae40be: shutdown server GrpcServerProtocolService successfully
2025-02-13 19:48:38,098 [e5168b06-7ea0-44f6-9716-48dcc7ae40be-impl-thread1] INFO  impl.StateMachineUpdater (StateMachineUpdater.java:stopAndJoin(164)) - e5168b06-7ea0-44f6-9716-48dcc7ae40be@group-DDB238A3933B-StateMachineUpdater: set stopIndex = 0
2025-02-13 19:48:38,098 [e5168b06-7ea0-44f6-9716-48dcc7ae40be@group-DDB238A3933B-StateMachineUpdater] INFO  impl.StateMachineUpdater (StateMachineUpdater.java:takeSnapshot(303)) - e5168b06-7ea0-44f6-9716-48dcc7ae40be@group-DDB238A3933B-StateMachineUpdater: Took a snapshot at index 0
2025-02-13 19:48:38,098 [e5168b06-7ea0-44f6-9716-48dcc7ae40be@group-DDB238A3933B-StateMachineUpdater] INFO  impl.StateMachineUpdater (StateMachineUpdater.java:lambda$new$0(102)) - e5168b06-7ea0-44f6-9716-48dcc7ae40be@group-DDB238A3933B-StateMachineUpdater: snapshotIndex: updateIncreasingly -1 -> 0
2025-02-13 19:48:38,098 [e5168b06-7ea0-44f6-9716-48dcc7ae40be@group-DDB238A3933B-StateMachineUpdater] INFO  impl.StateMachineUpdater (StateMachineUpdater.java:stop(141)) - e5168b06-7ea0-44f6-9716-48dcc7ae40be@group-DDB238A3933B-StateMachineUpdater: closing SCMStateMachine, lastApplied=(t:1, i:0)
2025-02-13 19:48:38,099 [e5168b06-7ea0-44f6-9716-48dcc7ae40be@group-DDB238A3933B-cacheEviction-AwaitToRun] INFO  util.AwaitToRun (AwaitToRun.java:run(49)) - e5168b06-7ea0-44f6-9716-48dcc7ae40be@group-DDB238A3933B-cacheEviction-AwaitToRun-AwaitForSignal is interrupted
2025-02-13 19:48:38,285 [e5168b06-7ea0-44f6-9716-48dcc7ae40be-impl-thread1] INFO  segmented.SegmentedRaftLogWorker (SegmentedRaftLogWorker.java:close(252)) - e5168b06-7ea0-44f6-9716-48dcc7ae40be@group-DDB238A3933B-SegmentedRaftLogWorker close()
2025-02-13 19:48:38,286 [JvmPauseMonitor4] INFO  util.JvmPauseMonitor (JvmPauseMonitor.java:run(152)) - JvmPauseMonitor-e5168b06-7ea0-44f6-9716-48dcc7ae40be: Stopped
2025-02-13 19:48:38,286 [main] WARN  server.ServerUtils (ServerUtils.java:getScmDbDir(143)) - ozone.scm.db.dirs is not configured. We recommend adding this setting. Falling back to ozone.metadata.dirs instead.
2025-02-13 19:48:38,286 [main] INFO  ha.SCMHANodeDetails (SCMHANodeDetails.java:loadSCMHAConfig(180)) - ServiceID for StorageContainerManager is null
2025-02-13 19:48:38,287 [main] INFO  ha.SCMHANodeDetails (SCMHANodeDetails.java:loadSCMHAConfig(185)) - ozone.scm.default.service.id is not defined, falling back to ozone.scm.service.ids to find serviceID for StorageContainerManager if it is HA enabled cluster
2025-02-13 19:48:38,287 [main] WARN  utils.HAUtils (HAUtils.java:getMetaDir(337)) - ozone.scm.db.dirs is not configured. We recommend adding this setting. Falling back to ozone.metadata.dirs instead.
2025-02-13 19:48:38,288 [main] WARN  db.DBStoreBuilder (DBStoreBuilder.java:getDBDirPath(172)) - ozone.scm.db.dirs is not configured. We recommend adding this setting. Falling back to ozone.metadata.dirs instead.
2025-02-13 19:48:38,341 [main] INFO  net.NodeSchemaLoader (NodeSchemaLoader.java:loadSchemaFromFile(129)) - Loading schema from [jar:file:/home/runner/work/ozone/ozone/hadoop-hdds/common/target/hdds-common-2.0.0-SNAPSHOT.jar!/network-topology-default.xml]
2025-02-13 19:48:38,341 [main] INFO  net.NodeSchemaLoader (NodeSchemaLoader.java:loadSchema(176)) - Loading network topology layer schema file
2025-02-13 19:48:38,357 [main] INFO  ha.SCMRatisServerImpl (SCMRatisServerImpl.java:<init>(100)) - starting Raft server for scm:e5168b06-7ea0-44f6-9716-48dcc7ae40be
2025-02-13 19:48:38,358 [main] INFO  server.RaftServerConfigKeys (ConfUtils.java:logGet(46)) - raft.server.log.appender.buffer.byte-limit = 4194304 (custom)
2025-02-13 19:48:38,359 [main] INFO  server.RaftServer (ConfUtils.java:logGet(46)) - raft.rpc.type = GRPC (default)
2025-02-13 19:48:38,359 [main] INFO  grpc.GrpcConfigKeys (ConfUtils.java:logFallback(53)) - raft.grpc.admin.host = null (fallback to raft.grpc.server.host)
2025-02-13 19:48:38,359 [main] INFO  grpc.GrpcConfigKeys (ConfUtils.java:logFallback(53)) - raft.grpc.admin.port = 15023 (fallback to raft.grpc.server.port)
2025-02-13 19:48:38,359 [main] INFO  grpc.GrpcConfigKeys (ConfUtils.java:logFallback(53)) - raft.grpc.client.host = null (fallback to raft.grpc.server.host)
2025-02-13 19:48:38,360 [main] INFO  grpc.GrpcConfigKeys (ConfUtils.java:logFallback(53)) - raft.grpc.client.port = 15023 (fallback to raft.grpc.server.port)
2025-02-13 19:48:38,360 [main] INFO  grpc.GrpcConfigKeys (ConfUtils.java:logGet(46)) - raft.grpc.server.host = null (default)
2025-02-13 19:48:38,360 [main] INFO  grpc.GrpcConfigKeys (ConfUtils.java:logGet(46)) - raft.grpc.server.port = 15023 (custom)
2025-02-13 19:48:38,360 [main] INFO  server.GrpcService (ConfUtils.java:logGet(46)) - raft.grpc.message.size.max = 5242880 (custom)
2025-02-13 19:48:38,360 [main] INFO  server.GrpcService (ConfUtils.java:logGet(46)) - raft.grpc.flow.control.window = 1MB (=1048576) (default)
2025-02-13 19:48:38,360 [main] INFO  server.RaftServerConfigKeys (ConfUtils.java:logGet(46)) - raft.server.rpc.request.timeout = 30000ms (custom)
2025-02-13 19:48:38,360 [main] INFO  grpc.GrpcConfigKeys (ConfUtils.java:logGet(46)) - raft.grpc.server.heartbeat.channel = true (default)
2025-02-13 19:48:38,360 [main] INFO  server.RaftServerConfigKeys (ConfUtils.java:logGet(46)) - raft.server.log.appender.buffer.byte-limit = 4194304 (custom)
2025-02-13 19:48:38,360 [main] INFO  grpc.GrpcConfigKeys (ConfUtils.java:logGet(46)) - raft.grpc.server.async.request.thread.pool.cached = true (default)
2025-02-13 19:48:38,360 [main] INFO  grpc.GrpcConfigKeys (ConfUtils.java:logGet(46)) - raft.grpc.server.async.request.thread.pool.size = 32 (default)
2025-02-13 19:48:38,361 [main] INFO  impl.DataStreamServerImpl (ConfUtils.java:logGet(46)) - raft.datastream.type = DISABLED (default)
2025-02-13 19:48:38,361 [main] INFO  server.RaftServerConfigKeys (ConfUtils.java:logGet(46)) - raft.server.sleep.deviation.threshold = 300ms (default)
2025-02-13 19:48:38,361 [main] INFO  server.RaftServerConfigKeys (ConfUtils.java:logGet(46)) - raft.server.close.threshold = 60s (default)
2025-02-13 19:48:38,361 [main] INFO  server.RaftServerConfigKeys (ConfUtils.java:logGet(46)) - raft.server.leaderelection.leader.step-down.wait-time = 10s (default)
2025-02-13 19:48:38,362 [main] INFO  server.RaftServerConfigKeys (ConfUtils.java:logGet(46)) - raft.server.storage.dir = [/home/runner/work/ozone/ozone/hadoop-ozone/integration-test/target/test-dir/MiniOzoneClusterImpl-cb06fb2a-ab0d-4948-847f-ddb238a3933b/ozone-meta/scm-ha] (custom)
2025-02-13 19:48:38,362 [main] INFO  server.RaftServerConfigKeys (ConfUtils.java:logGet(46)) - raft.server.threadpool.proxy.cached = true (default)
2025-02-13 19:48:38,362 [main] INFO  server.RaftServerConfigKeys (ConfUtils.java:logGet(46)) - raft.server.threadpool.proxy.size = 0 (default)
2025-02-13 19:48:38,362 [e5168b06-7ea0-44f6-9716-48dcc7ae40be-impl-thread1] INFO  server.RaftServer (RaftServerProxy.java:initGroupDir(265)) - e5168b06-7ea0-44f6-9716-48dcc7ae40be: found a subdirectory /home/runner/work/ozone/ozone/hadoop-ozone/integration-test/target/test-dir/MiniOzoneClusterImpl-cb06fb2a-ab0d-4948-847f-ddb238a3933b/ozone-meta/scm-ha/cb06fb2a-ab0d-4948-847f-ddb238a3933b
2025-02-13 19:48:38,363 [main] INFO  server.RaftServer (RaftServerProxy.java:addNew(100)) - e5168b06-7ea0-44f6-9716-48dcc7ae40be: addNew group-DDB238A3933B:[] returns group-DDB238A3933B:java.util.concurrent.CompletableFuture@402b10af[Not completed]
2025-02-13 19:48:38,363 [e5168b06-7ea0-44f6-9716-48dcc7ae40be-groupManagement] INFO  server.RaftServer$Division (RaftServerImpl.java:<init>(255)) - e5168b06-7ea0-44f6-9716-48dcc7ae40be: new RaftServerImpl for group-DDB238A3933B:[] with SCMStateMachine:uninitialized
2025-02-13 19:48:38,363 [e5168b06-7ea0-44f6-9716-48dcc7ae40be-groupManagement] INFO  server.RaftServerConfigKeys (ConfUtils.java:logGet(46)) - raft.server.rpc.timeout.min = 5000ms (custom)
2025-02-13 19:48:38,363 [e5168b06-7ea0-44f6-9716-48dcc7ae40be-groupManagement] INFO  server.RaftServerConfigKeys (ConfUtils.java:logGet(46)) - raft.server.rpc.timeout.max = 5200ms (custom)
2025-02-13 19:48:38,363 [e5168b06-7ea0-44f6-9716-48dcc7ae40be-groupManagement] INFO  server.RaftServerConfigKeys (ConfUtils.java:logGet(46)) - raft.server.rpc.sleep.time = 25ms (default)
2025-02-13 19:48:38,363 [e5168b06-7ea0-44f6-9716-48dcc7ae40be-groupManagement] INFO  server.RaftServerConfigKeys (ConfUtils.java:logGet(46)) - raft.server.rpc.slowness.timeout = 120000ms (custom)
2025-02-13 19:48:38,363 [e5168b06-7ea0-44f6-9716-48dcc7ae40be-groupManagement] INFO  server.RaftServerConfigKeys (ConfUtils.java:logGet(46)) - raft.server.leaderelection.leader.step-down.wait-time = 10s (default)
2025-02-13 19:48:38,363 [e5168b06-7ea0-44f6-9716-48dcc7ae40be-groupManagement] INFO  server.RaftServerConfigKeys (ConfUtils.java:logGet(46)) - raft.server.leaderelection.member.majority-add = false (default)
2025-02-13 19:48:38,363 [e5168b06-7ea0-44f6-9716-48dcc7ae40be-groupManagement] INFO  server.RaftServerConfigKeys (ConfUtils.java:logGet(46)) - raft.server.sleep.deviation.threshold = 300ms (default)
2025-02-13 19:48:38,363 [e5168b06-7ea0-44f6-9716-48dcc7ae40be-groupManagement] INFO  server.RaftServer$Division (ServerState.java:<init>(114)) - e5168b06-7ea0-44f6-9716-48dcc7ae40be@group-DDB238A3933B: ConfigurationManager, init=conf: {index: -1, cur=peers:[]|listeners:[], old=null}, confs=<EMPTY_MAP>
2025-02-13 19:48:38,364 [e5168b06-7ea0-44f6-9716-48dcc7ae40be-groupManagement] INFO  server.RaftServerConfigKeys (ConfUtils.java:logGet(46)) - raft.server.notification.no-leader.timeout = 60s (default)
2025-02-13 19:48:38,364 [e5168b06-7ea0-44f6-9716-48dcc7ae40be-groupManagement] INFO  server.RaftServerConfigKeys (ConfUtils.java:logGet(46)) - raft.server.read.timeout = 10s (default)
2025-02-13 19:48:38,364 [e5168b06-7ea0-44f6-9716-48dcc7ae40be-groupManagement] INFO  server.RaftServerConfigKeys (ConfUtils.java:logGet(46)) - raft.server.retrycache.expirytime = 60000ms (default)
2025-02-13 19:48:38,364 [e5168b06-7ea0-44f6-9716-48dcc7ae40be-groupManagement] INFO  server.RaftServerConfigKeys (ConfUtils.java:logGet(46)) - raft.server.retrycache.statistics.expirytime = 100ms (default)
2025-02-13 19:48:38,364 [e5168b06-7ea0-44f6-9716-48dcc7ae40be-groupManagement] INFO  server.RaftServerConfigKeys (ConfUtils.java:logGet(46)) - raft.server.read.option = DEFAULT (default)
2025-02-13 19:48:38,364 [e5168b06-7ea0-44f6-9716-48dcc7ae40be-groupManagement] INFO  server.RaftServerConfigKeys (ConfUtils.java:logGet(46)) - raft.server.read.read-after-write-consistent.write-index-cache.expiry-time = 60s (default)
2025-02-13 19:48:38,366 [e5168b06-7ea0-44f6-9716-48dcc7ae40be-groupManagement] INFO  server.RaftServerConfigKeys (ConfUtils.java:logGet(46)) - raft.server.rpc.request.timeout = 30000ms (custom)
2025-02-13 19:48:38,367 [e5168b06-7ea0-44f6-9716-48dcc7ae40be-groupManagement] INFO  server.RaftServerConfigKeys (ConfUtils.java:logGet(46)) - raft.server.log.appender.install.snapshot.enabled = false (custom)
2025-02-13 19:48:38,367 [e5168b06-7ea0-44f6-9716-48dcc7ae40be-groupManagement] INFO  server.RaftServerConfigKeys (ConfUtils.java:logGet(46)) - raft.server.threadpool.server.cached = true (default)
2025-02-13 19:48:38,367 [e5168b06-7ea0-44f6-9716-48dcc7ae40be-groupManagement] INFO  server.RaftServerConfigKeys (ConfUtils.java:logGet(46)) - raft.server.threadpool.server.size = 0 (default)
2025-02-13 19:48:38,367 [e5168b06-7ea0-44f6-9716-48dcc7ae40be-groupManagement] INFO  server.RaftServerConfigKeys (ConfUtils.java:logGet(46)) - raft.server.threadpool.client.cached = true (default)
2025-02-13 19:48:38,367 [e5168b06-7ea0-44f6-9716-48dcc7ae40be-groupManagement] INFO  server.RaftServerConfigKeys (ConfUtils.java:logGet(46)) - raft.server.threadpool.client.size = 0 (default)
2025-02-13 19:48:38,367 [main] INFO  ha.SCMSnapshotProvider (SCMSnapshotProvider.java:<init>(66)) - Initializing SCM Snapshot Provider
2025-02-13 19:48:38,367 [main] WARN  server.ServerUtils (ServerUtils.java:getDefaultRatisDirectory(311)) - Storage directory for Ratis is not configured. It is a good idea to map this to an SSD disk. Falling back to ozone.metadata.dirs
2025-02-13 19:48:38,367 [main] WARN  ha.SCMHAUtils (SCMHAUtils.java:getSCMRatisSnapshotDirectory(160)) - SCM snapshot dir is not configured. Falling back to ozone.metadata.dirs config
2025-02-13 19:48:38,368 [main] INFO  upgrade.AbstractLayoutVersionManager (AbstractLayoutVersionManager.java:init(83)) - Initializing Layout version manager with metadata layout = HBASE_SUPPORT (version = 8), software layout = HBASE_SUPPORT (version = 8)
2025-02-13 19:48:38,370 [main] INFO  ha.SequenceIdGenerator (SequenceIdGenerator.java:upgradeToSequenceId(369)) - upgrade localId to 115816896921600000
2025-02-13 19:48:38,371 [main] INFO  ha.SequenceIdGenerator (SequenceIdGenerator.java:upgradeToSequenceId(379)) - upgrade delTxnId to 0
2025-02-13 19:48:38,372 [main] INFO  ha.SequenceIdGenerator (SequenceIdGenerator.java:upgradeToSequenceId(396)) - upgrade containerId to 0
2025-02-13 19:48:38,372 [main] INFO  ha.SequenceIdGenerator (SequenceIdGenerator.java:upgradeToCertificateSequenceId(433)) - upgrade CertificateId to 2
2025-02-13 19:48:38,373 [main] INFO  ha.SequenceIdGenerator (SequenceIdGenerator.java:<init>(240)) - Init the HA SequenceIdGenerator.
2025-02-13 19:48:38,373 [main] WARN  server.ServerUtils (ServerUtils.java:sanitizeUserArgs(79)) - ozone.scm.stale.node.interval value = 300000 is larger than max = 100000 based on the key value of ozone.scm.heartbeat.thread.interval, reset to the max value 100000.
2025-02-13 19:48:38,373 [main] WARN  server.ServerUtils (ServerUtils.java:sanitizeUserArgs(79)) - ozone.scm.stale.node.interval value = 300000 is larger than max = 100000 based on the key value of ozone.scm.heartbeat.thread.interval, reset to the max value 100000.
2025-02-13 19:48:38,374 [main] INFO  node.SCMNodeManager (SCMNodeManager.java:<init>(180)) - Entering startup safe mode.
2025-02-13 19:48:38,374 [main] INFO  algorithms.ContainerPlacementPolicyFactory (ContainerPlacementPolicyFactory.java:getPolicyInternal(86)) - Create container placement policy of type org.apache.hadoop.hdds.scm.container.placement.algorithms.SCMContainerPlacementRackAware
2025-02-13 19:48:38,374 [main] INFO  algorithms.ContainerPlacementPolicyFactory (ContainerPlacementPolicyFactory.java:getPolicyInternal(86)) - Create container placement policy of type org.apache.hadoop.hdds.scm.container.placement.algorithms.SCMContainerPlacementRackScatter
2025-02-13 19:48:38,375 [main] INFO  pipeline.PipelineStateManagerImpl (PipelineStateManagerImpl.java:initialize(78)) - No pipeline exists in current db
2025-02-13 19:48:38,375 [main] INFO  algorithms.LeaderChoosePolicyFactory (LeaderChoosePolicyFactory.java:getPolicy(57)) - Create leader choose policy of type org.apache.hadoop.hdds.scm.pipeline.leader.choose.algorithms.MinLeaderCountChoosePolicy
2025-02-13 19:48:38,375 [main] INFO  algorithms.ContainerPlacementPolicyFactory (ContainerPlacementPolicyFactory.java:getPolicyInternal(86)) - Create container placement policy of type org.apache.hadoop.hdds.scm.container.placement.algorithms.SCMContainerPlacementRackScatter
2025-02-13 19:48:38,375 [main] INFO  ha.SCMServiceManager (SCMServiceManager.java:register(42)) - Registering service BackgroundPipelineCreator.
2025-02-13 19:48:38,375 [main] INFO  pipeline.BackgroundPipelineCreator (BackgroundPipelineCreator.java:start(128)) - Starting RatisPipelineUtilsThread.
2025-02-13 19:48:38,376 [main] INFO  BackgroundPipelineScrubber (BackgroundSCMService.java:start(65)) - Starting BackgroundPipelineScrubber Service.
2025-02-13 19:48:38,376 [main] INFO  ha.SCMServiceManager (SCMServiceManager.java:register(42)) - Registering service BackgroundPipelineScrubber.
2025-02-13 19:48:38,377 [main] INFO  ExpiredContainerReplicaOpScrubber (BackgroundSCMService.java:start(65)) - Starting ExpiredContainerReplicaOpScrubber Service.
2025-02-13 19:48:38,377 [main] INFO  ha.SCMServiceManager (SCMServiceManager.java:register(42)) - Registering service ExpiredContainerReplicaOpScrubber.
2025-02-13 19:48:38,378 [main] INFO  algorithms.PipelineChoosePolicyFactory (PipelineChoosePolicyFactory.java:createPipelineChoosePolicyFromClass(80)) - Create pipeline choose policy of type org.apache.hadoop.hdds.scm.pipeline.choose.algorithms.RandomPipelineChoosePolicy
2025-02-13 19:48:38,378 [main] INFO  algorithms.PipelineChoosePolicyFactory (PipelineChoosePolicyFactory.java:createPipelineChoosePolicyFromClass(80)) - Create pipeline choose policy of type org.apache.hadoop.hdds.scm.pipeline.choose.algorithms.RandomPipelineChoosePolicy
2025-02-13 19:48:38,379 [main] INFO  ha.SCMServiceManager (SCMServiceManager.java:register(42)) - Registering service SCMBlockDeletingService.
2025-02-13 19:48:38,380 [main] INFO  replication.ReplicationManager (ReplicationManager.java:start(283)) - Starting Replication Monitor Thread.
2025-02-13 19:48:38,386 [main] INFO  ha.SCMServiceManager (SCMServiceManager.java:register(42)) - Registering service ReplicationManager.
2025-02-13 19:48:38,387 [main] INFO  safemode.ContainerSafeModeRule (ContainerSafeModeRule.java:initializeRule(358)) - Refreshed Containers with one replica threshold count 0, with ec n replica threshold count 0.
2025-02-13 19:48:38,387 [main] INFO  safemode.HealthyPipelineSafeModeRule (HealthyPipelineSafeModeRule.java:initializeRule(179)) - Total pipeline count is 0, healthy pipeline threshold count is 0
2025-02-13 19:48:38,387 [main] INFO  safemode.OneReplicaPipelineSafeModeRule (OneReplicaPipelineSafeModeRule.java:initializeRule(193)) - Total pipeline count is 0, pipeline's with at least one datanode reported threshold count is 0
2025-02-13 19:48:38,389 [main] INFO  server.StorageContainerManager (StorageContainerManager.java:<init>(449)) - SCM start with adminUsers: [runner]
2025-02-13 19:48:38,390 [main] INFO  ipc.CallQueueManager (CallQueueManager.java:<init>(93)) - Using callQueue: class java.util.concurrent.LinkedBlockingQueue, queueCapacity: 10000, scheduler: class org.apache.hadoop.ipc.DefaultRpcScheduler, ipcBackoff: false, ipcFailOver: false.
2025-02-13 19:48:38,390 [main] INFO  ipc.Server (Server.java:<init>(1438)) - Listener at 0.0.0.0:15021
2025-02-13 19:48:38,390 [Socket Reader #1 for port 15021] INFO  ipc.Server (Server.java:run(1474)) - Starting Socket Reader #1 for port 15021
2025-02-13 19:48:38,390 [Socket Reader #2 for port 15021] INFO  ipc.Server (Server.java:run(1474)) - Starting Socket Reader #2 for port 15021
2025-02-13 19:48:38,391 [Socket Reader #3 for port 15021] INFO  ipc.Server (Server.java:run(1474)) - Starting Socket Reader #3 for port 15021
2025-02-13 19:48:38,392 [Socket Reader #10 for port 15021] INFO  ipc.Server (Server.java:run(1474)) - Starting Socket Reader #10 for port 15021
2025-02-13 19:48:38,393 [main] INFO  ipc.CallQueueManager (CallQueueManager.java:<init>(93)) - Using callQueue: class java.util.concurrent.LinkedBlockingQueue, queueCapacity: 10000, scheduler: class org.apache.hadoop.ipc.DefaultRpcScheduler, ipcBackoff: false, ipcFailOver: false.
2025-02-13 19:48:38,394 [main] INFO  ipc.Server (Server.java:<init>(1438)) - Listener at 0.0.0.0:15020
2025-02-13 19:48:38,392 [Socket Reader #9 for port 15021] INFO  ipc.Server (Server.java:run(1474)) - Starting Socket Reader #9 for port 15021
2025-02-13 19:48:38,391 [Socket Reader #8 for port 15021] INFO  ipc.Server (Server.java:run(1474)) - Starting Socket Reader #8 for port 15021
2025-02-13 19:48:38,391 [Socket Reader #7 for port 15021] INFO  ipc.Server (Server.java:run(1474)) - Starting Socket Reader #7 for port 15021
2025-02-13 19:48:38,394 [Socket Reader #1 for port 15020] INFO  ipc.Server (Server.java:run(1474)) - Starting Socket Reader #1 for port 15020
2025-02-13 19:48:38,391 [Socket Reader #6 for port 15021] INFO  ipc.Server (Server.java:run(1474)) - Starting Socket Reader #6 for port 15021
2025-02-13 19:48:38,391 [Socket Reader #5 for port 15021] INFO  ipc.Server (Server.java:run(1474)) - Starting Socket Reader #5 for port 15021
2025-02-13 19:48:38,391 [Socket Reader #4 for port 15021] INFO  ipc.Server (Server.java:run(1474)) - Starting Socket Reader #4 for port 15021
2025-02-13 19:48:38,397 [Socket Reader #2 for port 15020] INFO  ipc.Server (Server.java:run(1474)) - Starting Socket Reader #2 for port 15020
2025-02-13 19:48:38,397 [Socket Reader #3 for port 15020] INFO  ipc.Server (Server.java:run(1474)) - Starting Socket Reader #3 for port 15020
2025-02-13 19:48:38,398 [Socket Reader #4 for port 15020] INFO  ipc.Server (Server.java:run(1474)) - Starting Socket Reader #4 for port 15020
2025-02-13 19:48:38,401 [Socket Reader #5 for port 15020] INFO  ipc.Server (Server.java:run(1474)) - Starting Socket Reader #5 for port 15020
2025-02-13 19:48:38,401 [Socket Reader #6 for port 15020] INFO  ipc.Server (Server.java:run(1474)) - Starting Socket Reader #6 for port 15020
2025-02-13 19:48:38,402 [Socket Reader #7 for port 15020] INFO  ipc.Server (Server.java:run(1474)) - Starting Socket Reader #7 for port 15020
2025-02-13 19:48:38,402 [Socket Reader #8 for port 15020] INFO  ipc.Server (Server.java:run(1474)) - Starting Socket Reader #8 for port 15020
2025-02-13 19:48:38,402 [Socket Reader #9 for port 15020] INFO  ipc.Server (Server.java:run(1474)) - Starting Socket Reader #9 for port 15020
2025-02-13 19:48:38,405 [Socket Reader #10 for port 15020] INFO  ipc.Server (Server.java:run(1474)) - Starting Socket Reader #10 for port 15020
2025-02-13 19:48:38,406 [main] INFO  ipc.CallQueueManager (CallQueueManager.java:<init>(93)) - Using callQueue: class java.util.concurrent.LinkedBlockingQueue, queueCapacity: 10000, scheduler: class org.apache.hadoop.ipc.DefaultRpcScheduler, ipcBackoff: false, ipcFailOver: false.
2025-02-13 19:48:38,406 [main] INFO  ipc.Server (Server.java:<init>(1438)) - Listener at 0.0.0.0:15019
2025-02-13 19:48:38,407 [Socket Reader #1 for port 15019] INFO  ipc.Server (Server.java:run(1474)) - Starting Socket Reader #1 for port 15019
2025-02-13 19:48:38,407 [Socket Reader #2 for port 15019] INFO  ipc.Server (Server.java:run(1474)) - Starting Socket Reader #2 for port 15019
2025-02-13 19:48:38,407 [Socket Reader #3 for port 15019] INFO  ipc.Server (Server.java:run(1474)) - Starting Socket Reader #3 for port 15019
2025-02-13 19:48:38,408 [Socket Reader #4 for port 15019] INFO  ipc.Server (Server.java:run(1474)) - Starting Socket Reader #4 for port 15019
2025-02-13 19:48:38,408 [Socket Reader #5 for port 15019] INFO  ipc.Server (Server.java:run(1474)) - Starting Socket Reader #5 for port 15019
2025-02-13 19:48:38,409 [Socket Reader #6 for port 15019] INFO  ipc.Server (Server.java:run(1474)) - Starting Socket Reader #6 for port 15019
2025-02-13 19:48:38,409 [Socket Reader #7 for port 15019] INFO  ipc.Server (Server.java:run(1474)) - Starting Socket Reader #7 for port 15019
2025-02-13 19:48:38,409 [Socket Reader #8 for port 15019] INFO  ipc.Server (Server.java:run(1474)) - Starting Socket Reader #8 for port 15019
2025-02-13 19:48:38,413 [Socket Reader #10 for port 15019] INFO  ipc.Server (Server.java:run(1474)) - Starting Socket Reader #10 for port 15019
2025-02-13 19:48:38,413 [Socket Reader #9 for port 15019] INFO  ipc.Server (Server.java:run(1474)) - Starting Socket Reader #9 for port 15019
2025-02-13 19:48:38,428 [main] INFO  ha.SCMServiceManager (SCMServiceManager.java:register(42)) - Registering service ContainerBalancer.
2025-02-13 19:48:38,429 [main] INFO  ha.SCMContext (SCMContext.java:updateSafeModeStatus(225)) - Update SafeModeStatus from SafeModeStatus{safeModeStatus=true, preCheckPassed=false} to SafeModeStatus{safeModeStatus=true, preCheckPassed=false}.
2025-02-13 19:48:38,430 [main] INFO  server.StorageContainerManager (StorageContainerManager.java:start(1530)) - StorageContainerLocationProtocol RPC server is listening at /0.0.0.0:15019
2025-02-13 19:48:38,430 [main] INFO  ha.SCMRatisServerImpl (SCMRatisServerImpl.java:start(203)) - starting ratis server 0.0.0.0:15023
2025-02-13 19:48:38,430 [e5168b06-7ea0-44f6-9716-48dcc7ae40be-impl-thread1] INFO  server.RaftServerConfigKeys (ConfUtils.java:logGet(46)) - raft.server.storage.free-space.min = 0MB (=0) (default)
2025-02-13 19:48:38,430 [e5168b06-7ea0-44f6-9716-48dcc7ae40be-impl-thread1] INFO  server.RaftServerConfigKeys (ConfUtils.java:logGet(46)) - raft.server.log.corruption.policy = EXCEPTION (default)
2025-02-13 19:48:38,430 [e5168b06-7ea0-44f6-9716-48dcc7ae40be-impl-thread1] INFO  server.RaftServerConfigKeys (ConfUtils.java:logGet(46)) - raft.server.storage.dir = [/home/runner/work/ozone/ozone/hadoop-ozone/integration-test/target/test-dir/MiniOzoneClusterImpl-cb06fb2a-ab0d-4948-847f-ddb238a3933b/ozone-meta/scm-ha] (custom)
2025-02-13 19:48:38,431 [e5168b06-7ea0-44f6-9716-48dcc7ae40be-impl-thread1] INFO  storage.RaftStorageDirectory (RaftStorageDirectoryImpl.java:tryLock(229)) - Lock on /home/runner/work/ozone/ozone/hadoop-ozone/integration-test/target/test-dir/MiniOzoneClusterImpl-cb06fb2a-ab0d-4948-847f-ddb238a3933b/ozone-meta/scm-ha/cb06fb2a-ab0d-4948-847f-ddb238a3933b/in_use.lock acquired by nodename 133475@fv-az1531-61
2025-02-13 19:48:38,432 [e5168b06-7ea0-44f6-9716-48dcc7ae40be-impl-thread1] INFO  storage.RaftStorage (RaftStorageImpl.java:analyzeAndRecoverStorage(118)) - Read RaftStorageMetadata{term=1, votedFor=e5168b06-7ea0-44f6-9716-48dcc7ae40be} from /home/runner/work/ozone/ozone/hadoop-ozone/integration-test/target/test-dir/MiniOzoneClusterImpl-cb06fb2a-ab0d-4948-847f-ddb238a3933b/ozone-meta/scm-ha/cb06fb2a-ab0d-4948-847f-ddb238a3933b/current/raft-meta
2025-02-13 19:48:38,432 [e5168b06-7ea0-44f6-9716-48dcc7ae40be-impl-thread1] INFO  server.RaftServer$Division (ServerState.java:setRaftConf(386)) - e5168b06-7ea0-44f6-9716-48dcc7ae40be@group-DDB238A3933B: set configuration conf: {index: 0, cur=peers:[e5168b06-7ea0-44f6-9716-48dcc7ae40be|fv-az1531-61:15023]|listeners:[], old=null}
2025-02-13 19:48:38,432 [e5168b06-7ea0-44f6-9716-48dcc7ae40be-impl-thread1] INFO  ha.SCMStateMachine (SCMStateMachine.java:lambda$initialize$0(140)) - e5168b06-7ea0-44f6-9716-48dcc7ae40be: initialize group-DDB238A3933B
2025-02-13 19:48:38,432 [e5168b06-7ea0-44f6-9716-48dcc7ae40be-impl-thread1] INFO  server.RaftServerConfigKeys (ConfUtils.java:logGet(46)) - raft.server.log.use.memory = false (default)
2025-02-13 19:48:38,432 [e5168b06-7ea0-44f6-9716-48dcc7ae40be-impl-thread1] INFO  server.RaftServerConfigKeys (ConfUtils.java:logGet(46)) - raft.server.log.purge.gap = 1000000 (custom)
2025-02-13 19:48:38,433 [e5168b06-7ea0-44f6-9716-48dcc7ae40be-impl-thread1] INFO  server.RaftServerConfigKeys (ConfUtils.java:logGet(46)) - raft.server.log.appender.buffer.byte-limit = 4194304 (custom)
2025-02-13 19:48:38,433 [e5168b06-7ea0-44f6-9716-48dcc7ae40be-impl-thread1] INFO  server.RaftServerConfigKeys (ConfUtils.java:logGet(46)) - raft.server.log.statemachine.data.read.timeout = 1000ms (default)
2025-02-13 19:48:38,433 [e5168b06-7ea0-44f6-9716-48dcc7ae40be-impl-thread1] INFO  server.RaftServerConfigKeys (ConfUtils.java:logGet(46)) - raft.server.log.purge.preservation.log.num = 0 (default)
2025-02-13 19:48:38,434 [e5168b06-7ea0-44f6-9716-48dcc7ae40be-impl-thread1] INFO  server.RaftServerConfigKeys (ConfUtils.java:logGet(46)) - raft.server.log.segment.size.max = 4194304 (custom)
2025-02-13 19:48:38,434 [e5168b06-7ea0-44f6-9716-48dcc7ae40be-impl-thread1] INFO  server.RaftServerConfigKeys (ConfUtils.java:logGet(46)) - raft.server.log.segment.cache.num.max = 2 (custom)
2025-02-13 19:48:38,434 [e5168b06-7ea0-44f6-9716-48dcc7ae40be-impl-thread1] INFO  server.RaftServerConfigKeys (ConfUtils.java:logGet(46)) - raft.server.log.segment.cache.size.max = 200MB (=209715200) (default)
2025-02-13 19:48:38,434 [e5168b06-7ea0-44f6-9716-48dcc7ae40be-impl-thread1] INFO  server.RaftServerConfigKeys (ConfUtils.java:logGet(46)) - raft.server.log.appender.buffer.byte-limit = 4194304 (custom)
2025-02-13 19:48:38,437 [e5168b06-7ea0-44f6-9716-48dcc7ae40be-impl-thread1] INFO  util.AwaitToRun (AwaitToRun.java:start(81)) - Thread[#732,e5168b06-7ea0-44f6-9716-48dcc7ae40be@group-DDB238A3933B-cacheEviction-AwaitToRun,5,main] started
2025-02-13 19:48:38,437 [e5168b06-7ea0-44f6-9716-48dcc7ae40be-impl-thread1] INFO  segmented.SegmentedRaftLogWorker (SegmentedRaftLogWorker.java:<init>(188)) - new e5168b06-7ea0-44f6-9716-48dcc7ae40be@group-DDB238A3933B-SegmentedRaftLogWorker for RaftStorageImpl:Storage Directory /home/runner/work/ozone/ozone/hadoop-ozone/integration-test/target/test-dir/MiniOzoneClusterImpl-cb06fb2a-ab0d-4948-847f-ddb238a3933b/ozone-meta/scm-ha/cb06fb2a-ab0d-4948-847f-ddb238a3933b
2025-02-13 19:48:38,437 [e5168b06-7ea0-44f6-9716-48dcc7ae40be-impl-thread1] INFO  server.RaftServerConfigKeys (ConfUtils.java:logGet(46)) - raft.server.log.queue.byte-limit = 64MB (=67108864) (default)
2025-02-13 19:48:38,437 [e5168b06-7ea0-44f6-9716-48dcc7ae40be-impl-thread1] INFO  server.RaftServerConfigKeys (ConfUtils.java:logGet(46)) - raft.server.log.queue.element-limit = 4096 (default)
2025-02-13 19:48:38,437 [e5168b06-7ea0-44f6-9716-48dcc7ae40be-impl-thread1] INFO  server.RaftServerConfigKeys (ConfUtils.java:logGet(46)) - raft.server.log.segment.size.max = 4194304 (custom)
2025-02-13 19:48:38,437 [e5168b06-7ea0-44f6-9716-48dcc7ae40be-impl-thread1] INFO  server.RaftServerConfigKeys (ConfUtils.java:logGet(46)) - raft.server.log.preallocated.size = 4194304 (custom)
2025-02-13 19:48:38,437 [e5168b06-7ea0-44f6-9716-48dcc7ae40be-impl-thread1] INFO  server.RaftServerConfigKeys (ConfUtils.java:logGet(46)) - raft.server.log.force.sync.num = 128 (default)
2025-02-13 19:48:38,438 [e5168b06-7ea0-44f6-9716-48dcc7ae40be-impl-thread1] INFO  server.RaftServerConfigKeys (ConfUtils.java:logGet(46)) - raft.server.log.statemachine.data.sync = true (default)
2025-02-13 19:48:38,438 [e5168b06-7ea0-44f6-9716-48dcc7ae40be-impl-thread1] INFO  server.RaftServerConfigKeys (ConfUtils.java:logGet(46)) - raft.server.log.statemachine.data.sync.timeout = 10s (default)
2025-02-13 19:48:38,438 [e5168b06-7ea0-44f6-9716-48dcc7ae40be-impl-thread1] INFO  server.RaftServerConfigKeys (ConfUtils.java:logGet(46)) - raft.server.log.statemachine.data.sync.timeout.retry = -1 (default)
2025-02-13 19:48:38,438 [e5168b06-7ea0-44f6-9716-48dcc7ae40be-impl-thread1] INFO  server.RaftServerConfigKeys (ConfUtils.java:logGet(46)) - raft.server.log.write.buffer.size = 4194312 (custom)
2025-02-13 19:48:38,439 [e5168b06-7ea0-44f6-9716-48dcc7ae40be-impl-thread1] INFO  server.RaftServerConfigKeys (ConfUtils.java:logGet(46)) - raft.server.log.appender.buffer.byte-limit = 4194304 (custom)
2025-02-13 19:48:38,439 [e5168b06-7ea0-44f6-9716-48dcc7ae40be-impl-thread1] INFO  server.RaftServerConfigKeys (ConfUtils.java:logGet(46)) - raft.server.log.unsafe-flush.enabled = false (default)
2025-02-13 19:48:38,440 [e5168b06-7ea0-44f6-9716-48dcc7ae40be-impl-thread1] INFO  server.RaftServerConfigKeys (ConfUtils.java:logGet(46)) - raft.server.log.async-flush.enabled = false (default)
2025-02-13 19:48:38,440 [e5168b06-7ea0-44f6-9716-48dcc7ae40be-impl-thread1] INFO  server.RaftServerConfigKeys (ConfUtils.java:logGet(46)) - raft.server.log.statemachine.data.caching.enabled = false (default)
2025-02-13 19:48:38,440 [e5168b06-7ea0-44f6-9716-48dcc7ae40be-impl-thread1] INFO  server.RaftServer$Division (ServerState.java:setRaftConf(386)) - e5168b06-7ea0-44f6-9716-48dcc7ae40be@group-DDB238A3933B: set configuration conf: {index: 0, cur=peers:[e5168b06-7ea0-44f6-9716-48dcc7ae40be|fv-az1531-61:15023]|listeners:[], old=null}
2025-02-13 19:48:38,440 [e5168b06-7ea0-44f6-9716-48dcc7ae40be-impl-thread1] INFO  segmented.LogSegment (LogSegment.java:loadSegment(171)) - Successfully read 1 entries from segment file /home/runner/work/ozone/ozone/hadoop-ozone/integration-test/target/test-dir/MiniOzoneClusterImpl-cb06fb2a-ab0d-4948-847f-ddb238a3933b/ozone-meta/scm-ha/cb06fb2a-ab0d-4948-847f-ddb238a3933b/current/log_inprogress_0
2025-02-13 19:48:38,440 [e5168b06-7ea0-44f6-9716-48dcc7ae40be-impl-thread1] INFO  segmented.SegmentedRaftLogWorker (SegmentedRaftLogWorker.java:lambda$new$0(139)) - e5168b06-7ea0-44f6-9716-48dcc7ae40be@group-DDB238A3933B-SegmentedRaftLogWorker: safeCacheEvictIndex: setUnconditionally 0 -> -1
2025-02-13 19:48:38,441 [e5168b06-7ea0-44f6-9716-48dcc7ae40be-impl-thread1] INFO  segmented.BufferedWriteChannel (BufferedWriteChannel.java:open(61)) - open log_inprogress_0 (append) at position 79
2025-02-13 19:48:38,441 [e5168b06-7ea0-44f6-9716-48dcc7ae40be-impl-thread1] INFO  server.RaftServer$Division (RaftServerImpl.java:start(391)) - e5168b06-7ea0-44f6-9716-48dcc7ae40be@group-DDB238A3933B: start as a follower, conf=conf: {index: 0, cur=peers:[e5168b06-7ea0-44f6-9716-48dcc7ae40be|fv-az1531-61:15023]|listeners:[], old=null}
2025-02-13 19:48:38,441 [e5168b06-7ea0-44f6-9716-48dcc7ae40be-impl-thread1] INFO  server.RaftServer$Division (RaftServerImpl.java:setRole(378)) - e5168b06-7ea0-44f6-9716-48dcc7ae40be@group-DDB238A3933B: changes role from      null to FOLLOWER at term 1 for startAsFollower
2025-02-13 19:48:38,441 [e5168b06-7ea0-44f6-9716-48dcc7ae40be-impl-thread1] INFO  impl.RoleInfo (RoleInfo.java:updateAndGet(148)) - e5168b06-7ea0-44f6-9716-48dcc7ae40be: start e5168b06-7ea0-44f6-9716-48dcc7ae40be@group-DDB238A3933B-FollowerState
2025-02-13 19:48:38,442 [e5168b06-7ea0-44f6-9716-48dcc7ae40be-impl-thread1] INFO  util.JmxRegister (JmxRegister.java:tryRegister(44)) - Successfully registered JMX Bean with object name Ratis:service=RaftServer,group=group-DDB238A3933B,id=e5168b06-7ea0-44f6-9716-48dcc7ae40be
2025-02-13 19:48:38,442 [e5168b06-7ea0-44f6-9716-48dcc7ae40be-impl-thread1] INFO  util.JmxRegister (JmxRegister.java:register(58)) - register mxBean class org.apache.ratis.server.impl.RaftServerJmxAdapter as Ratis:service=RaftServer,group=group-DDB238A3933B,id=e5168b06-7ea0-44f6-9716-48dcc7ae40be
2025-02-13 19:48:38,442 [e5168b06-7ea0-44f6-9716-48dcc7ae40be@group-DDB238A3933B-FollowerState] INFO  server.RaftServerConfigKeys (ConfUtils.java:logFallback(53)) - raft.server.rpc.first-election.timeout.min = 5000ms (fallback to raft.server.rpc.timeout.min)
2025-02-13 19:48:38,442 [e5168b06-7ea0-44f6-9716-48dcc7ae40be-impl-thread1] INFO  server.RaftServerConfigKeys (ConfUtils.java:logGet(46)) - raft.server.snapshot.trigger-when-stop.enabled = true (default)
2025-02-13 19:48:38,442 [e5168b06-7ea0-44f6-9716-48dcc7ae40be@group-DDB238A3933B-FollowerState] INFO  server.RaftServerConfigKeys (ConfUtils.java:logFallback(53)) - raft.server.rpc.first-election.timeout.max = 5200ms (fallback to raft.server.rpc.timeout.max)
2025-02-13 19:48:38,442 [e5168b06-7ea0-44f6-9716-48dcc7ae40be-impl-thread1] INFO  server.RaftServerConfigKeys (ConfUtils.java:logGet(46)) - raft.server.snapshot.trigger-when-remove.enabled = true (default)
2025-02-13 19:48:38,442 [e5168b06-7ea0-44f6-9716-48dcc7ae40be-impl-thread1] INFO  server.RaftServerConfigKeys (ConfUtils.java:logGet(46)) - raft.server.snapshot.auto.trigger.enabled = true (custom)
2025-02-13 19:48:38,442 [e5168b06-7ea0-44f6-9716-48dcc7ae40be-impl-thread1] INFO  server.RaftServerConfigKeys (ConfUtils.java:logGet(46)) - raft.server.snapshot.auto.trigger.threshold = 1000 (custom)
2025-02-13 19:48:38,442 [e5168b06-7ea0-44f6-9716-48dcc7ae40be-impl-thread1] INFO  server.RaftServerConfigKeys (ConfUtils.java:logGet(46)) - raft.server.snapshot.retention.file.num = -1 (default)
2025-02-13 19:48:38,442 [e5168b06-7ea0-44f6-9716-48dcc7ae40be-impl-thread1] INFO  server.RaftServerConfigKeys (ConfUtils.java:logGet(46)) - raft.server.log.purge.upto.snapshot.index = false (default)
2025-02-13 19:48:38,443 [e5168b06-7ea0-44f6-9716-48dcc7ae40be-impl-thread1] INFO  server.RaftServer$Division (RaftServerImpl.java:start(405)) - e5168b06-7ea0-44f6-9716-48dcc7ae40be@group-DDB238A3933B: Successfully started.
2025-02-13 19:48:38,443 [main] INFO  server.RaftServer (RaftServerProxy.java:startImpl(407)) - e5168b06-7ea0-44f6-9716-48dcc7ae40be: start RPC server
2025-02-13 19:48:38,444 [main] INFO  server.GrpcService (GrpcService.java:startImpl(334)) - e5168b06-7ea0-44f6-9716-48dcc7ae40be: GrpcService started, listening on 15023
2025-02-13 19:48:38,445 [main] INFO  ha.SCMHAManagerImpl (SCMHAManagerImpl.java:start(146)) -  scm role is FOLLOWER peers [e5168b06-7ea0-44f6-9716-48dcc7ae40be|fv-az1531-61:15023]
2025-02-13 19:48:38,445 [main] INFO  ha.InterSCMGrpcService (InterSCMGrpcProtocolService.java:start(99)) - Starting SCM Grpc Service at port 15024
2025-02-13 19:48:38,446 [JvmPauseMonitor5] INFO  util.JvmPauseMonitor (JvmPauseMonitor.java:run(146)) - JvmPauseMonitor-e5168b06-7ea0-44f6-9716-48dcc7ae40be: Started
2025-02-13 19:48:38,446 [main] INFO  SCMHATransactionMonitor (BackgroundSCMService.java:start(65)) - Starting SCMHATransactionMonitor Service.
2025-02-13 19:48:38,449 [main] INFO  ha.SCMServiceManager (SCMServiceManager.java:register(42)) - Registering service SCMHATransactionMonitor.
2025-02-13 19:48:38,449 [main] INFO  SCMHATransactionMonitor (BackgroundSCMService.java:start(62)) - SCMHATransactionMonitor Service is already running, skip start.
2025-02-13 19:48:38,450 [main] WARN  impl.MetricsConfig (MetricsConfig.java:loadFirst(138)) - Cannot locate configuration: tried hadoop-metrics2-storagecontainermanager.properties,hadoop-metrics2.properties
2025-02-13 19:48:38,451 [main] INFO  impl.MetricsSystemImpl (MetricsSystemImpl.java:startTimer(378)) - Scheduled Metric snapshot period at 10 second(s).
2025-02-13 19:48:38,451 [main] INFO  impl.MetricsSystemImpl (MetricsSystemImpl.java:start(191)) - StorageContainerManager metrics system started
2025-02-13 19:48:38,465 [main] INFO  impl.MetricsSinkAdapter (MetricsSinkAdapter.java:start(204)) - Sink prometheus started
2025-02-13 19:48:38,466 [main] INFO  impl.MetricsSystemImpl (MetricsSystemImpl.java:registerSink(305)) - Registered sink prometheus
2025-02-13 19:48:38,478 [main] INFO  server.SCMClientProtocolServer (SCMClientProtocolServer.java:start(213)) - RPC server for Client  is listening at /0.0.0.0:15019
2025-02-13 19:48:38,478 [IPC Server Responder] INFO  ipc.Server (Server.java:run(1713)) - IPC Server Responder: starting
2025-02-13 19:48:38,478 [IPC Server listener on 15019] INFO  ipc.Server (Server.java:run(1553)) - IPC Server listener on 15019: starting
2025-02-13 19:48:38,489 [main] INFO  server.StorageContainerManager (StorageContainerManager.java:start(1543)) - ScmBlockLocationProtocol RPC server is listening at /0.0.0.0:15020
2025-02-13 19:48:38,490 [main] INFO  server.SCMBlockProtocolServer (SCMBlockProtocolServer.java:start(172)) - RPC server for Block Protocol is listening at /0.0.0.0:15020
2025-02-13 19:48:38,495 [IPC Server Responder] INFO  ipc.Server (Server.java:run(1713)) - IPC Server Responder: starting
2025-02-13 19:48:38,498 [IPC Server listener on 15020] INFO  ipc.Server (Server.java:run(1553)) - IPC Server listener on 15020: starting
2025-02-13 19:48:38,514 [main] INFO  http.BaseHttpServer (BaseHttpServer.java:newHttpServer2BuilderForOzone(232)) - Starting Web-server for scm at: http://0.0.0.0:15022
2025-02-13 19:48:38,514 [main] INFO  http.BaseHttpServer (BaseHttpServer.java:<init>(110)) - Hadoop Security Enabled: false Ozone Security Enabled: false Ozone HTTP Security Enabled: false 
2025-02-13 19:48:38,515 [main] WARN  server.AuthenticationFilter (AuthenticationFilter.java:constructSecretProvider(240)) - Unable to initialize FileSignerSecretProvider, falling back to use random secrets. Reason: Could not read signature secret file: /home/runner/hadoop-http-auth-signature-secret
2025-02-13 19:48:38,516 [main] INFO  http.HttpRequestLog (HttpRequestLog.java:getRequestLog(86)) - Http request log for http.requests.scm is not defined
2025-02-13 19:48:38,518 [main] INFO  http.HttpServer2 (HttpServer2.java:addGlobalFilter(1040)) - Added global filter 'safety' (class=org.apache.hadoop.hdds.server.http.HttpServer2$QuotingInputFilter)
2025-02-13 19:48:38,519 [main] INFO  http.HttpServer2 (HttpServer2.java:addFilter(1016)) - Added filter static_user_filter (class=org.apache.hadoop.http.lib.StaticUserWebFilter$StaticUserFilter) to context scm
2025-02-13 19:48:38,519 [main] INFO  http.HttpServer2 (HttpServer2.java:addFilter(1024)) - Added filter static_user_filter (class=org.apache.hadoop.http.lib.StaticUserWebFilter$StaticUserFilter) to context static
2025-02-13 19:48:38,519 [main] INFO  http.HttpServer2 (HttpServer2.java:addFilter(1024)) - Added filter static_user_filter (class=org.apache.hadoop.http.lib.StaticUserWebFilter$StaticUserFilter) to context logs
2025-02-13 19:48:38,521 [main] INFO  http.BaseHttpServer (BaseHttpServer.java:<init>(198)) - HTTP server of scm uses base directory /home/runner/work/ozone/ozone/hadoop-ozone/integration-test/target/test-dir/MiniOzoneClusterImpl-cb06fb2a-ab0d-4948-847f-ddb238a3933b/ozone-meta/webserver
2025-02-13 19:48:38,521 [main] INFO  http.HttpServer2 (HttpServer2.java:bindListener(1240)) - Jetty bound to port 15022
2025-02-13 19:48:38,521 [main] INFO  server.Server (Server.java:doStart(375)) - jetty-9.4.57.v20241219; built: 2025-01-08T21:24:30.412Z; git: df524e6b29271c2e09ba9aea83c18dc9db464a31; jvm 21.0.6+7-LTS
2025-02-13 19:48:38,527 [main] INFO  server.session (DefaultSessionIdManager.java:doStart(334)) - DefaultSessionIdManager workerName=node0
2025-02-13 19:48:38,527 [main] INFO  server.session (DefaultSessionIdManager.java:doStart(339)) - No SessionScavenger set, using defaults
2025-02-13 19:48:38,527 [main] INFO  server.session (HouseKeeper.java:startScavenging(132)) - node0 Scavenging every 600000ms
2025-02-13 19:48:38,527 [main] INFO  handler.ContextHandler (ContextHandler.java:doStart(921)) - Started o.e.j.s.ServletContextHandler@1e2b7fa5{logs,/logs,file:///home/runner/work/ozone/ozone/hadoop-ozone/integration-test/target/log,AVAILABLE}
2025-02-13 19:48:38,528 [main] INFO  handler.ContextHandler (ContextHandler.java:doStart(921)) - Started o.e.j.s.ServletContextHandler@3aa1669a{static,/static,file:///home/runner/work/ozone/ozone/hadoop-ozone/integration-test/target/test-classes/webapps/static,AVAILABLE}
2025-02-13 19:48:38,533 [main] INFO  handler.ContextHandler (ContextHandler.java:doStart(921)) - Started o.e.j.w.WebAppContext@5bfe65df{scm,/,file:///home/runner/work/ozone/ozone/hadoop-ozone/integration-test/target/test-classes/webapps/scm/,AVAILABLE}{file:/home/runner/work/ozone/ozone/hadoop-ozone/integration-test/target/test-classes/webapps/scm}
2025-02-13 19:48:38,533 [main] INFO  server.AbstractConnector (AbstractConnector.java:doStart(333)) - Started ServerConnector@429b336b{HTTP/1.1, (http/1.1)}{0.0.0.0:15022}
2025-02-13 19:48:38,534 [main] INFO  server.Server (Server.java:doStart(415)) - Started @34698ms
2025-02-13 19:48:38,534 [main] WARN  impl.MetricsSystemImpl (MetricsSystemImpl.java:register(279)) - Sink prometheus already exists!
2025-02-13 19:48:38,534 [main] INFO  http.BaseHttpServer (BaseHttpServer.java:updateConnectorAddress(363)) - HTTP server of scm listening at http://0.0.0.0:15022
2025-02-13 19:48:38,534 [main] WARN  server.ServerUtils (ServerUtils.java:getDBPath(299)) - ozone.om.db.dirs is not configured. We recommend adding this setting. Falling back to ozone.metadata.dirs instead.
2025-02-13 19:48:38,536 [main] INFO  ha.OMHANodeDetails (OMHANodeDetails.java:loadOMHAConfig(115)) - ozone.om.internal.service.id is not defined, falling back to ozone.om.service.ids to find serviceID for OzoneManager if it is HA enabled cluster
2025-02-13 19:48:38,537 [main] INFO  ha.OMHANodeDetails (OMHANodeDetails.java:loadOMHAConfig(226)) - Configuration does not have ozone.om.address set. Falling back to the default OM address /127.0.0.1:15025
2025-02-13 19:48:38,537 [main] INFO  ha.OMHANodeDetails (OMHANodeDetails.java:getOMNodeDetailsForNonHA(254)) - OM Service ID is not set. Setting it to the default ID: omServiceIdDefault
2025-02-13 19:48:38,537 [main] INFO  ha.OMHANodeDetails (OMHANodeDetails.java:getOMNodeDetailsForNonHA(261)) - OM Node ID is not set. Setting it to the default ID: om1
2025-02-13 19:48:38,537 [main] WARN  server.ServerUtils (ServerUtils.java:getDBPath(299)) - ozone.om.db.dirs is not configured. We recommend adding this setting. Falling back to ozone.metadata.dirs instead.
2025-02-13 19:48:38,538 [main] INFO  upgrade.AbstractLayoutVersionManager (AbstractLayoutVersionManager.java:init(83)) - Initializing Layout version manager with metadata layout = DELEGATION_TOKEN_SYMMETRIC_SIGN (version = 8), software layout = DELEGATION_TOKEN_SYMMETRIC_SIGN (version = 8)
2025-02-13 19:48:38,596 [main] INFO  reflections.Reflections (Reflections.java:scan(219)) - Reflections took 57 ms to scan 2 urls, producing 201 keys and 593 values
2025-02-13 19:48:38,597 [main] INFO  upgrade.OMLayoutVersionManager (OMLayoutVersionManager.java:lambda$0(113)) - Skipping Upgrade Action QuotaRepairUpgradeAction since it has been finalized.
2025-02-13 19:48:38,597 [main] INFO  upgrade.OMLayoutVersionManager (OMLayoutVersionManager.java:lambda$0(113)) - Skipping Upgrade Action MockOmUpgradeAction since it has been finalized.
2025-02-13 19:48:38,598 [main] WARN  server.ServerUtils (ServerUtils.java:getDBPath(299)) - ozone.om.db.dirs is not configured. We recommend adding this setting. Falling back to ozone.metadata.dirs instead.
2025-02-13 19:48:38,600 [main] INFO  proxy.SCMBlockLocationFailoverProxyProvider (SCMBlockLocationFailoverProxyProvider.java:<init>(115)) - Created block location fail-over proxy with 1 nodes: [nodeId=scmNodeId,nodeAddress=/0.0.0.0:15020]
2025-02-13 19:48:38,602 [main] INFO  proxy.SCMBlockLocationFailoverProxyProvider (SCMBlockLocationFailoverProxyProvider.java:<init>(115)) - Created block location fail-over proxy with 1 nodes: [nodeId=scmNodeId,nodeAddress=/0.0.0.0:15020]
2025-02-13 19:48:40,609 [main] INFO  retry.RetryInvocationHandler (RetryInvocationHandler.java:log(426)) - com.google.protobuf.ServiceException: org.apache.hadoop.ipc.RemoteException(org.apache.hadoop.hdds.ratis.ServerNotLeaderException): Server:e5168b06-7ea0-44f6-9716-48dcc7ae40be is not the leader. Could not determine the leader node.
	at org.apache.hadoop.hdds.ratis.ServerNotLeaderException.convertToNotLeaderException(ServerNotLeaderException.java:105)
	at org.apache.hadoop.hdds.scm.ha.RatisUtil.checkRatisException(RatisUtil.java:248)
	at org.apache.hadoop.hdds.scm.protocol.ScmBlockLocationProtocolServerSideTranslatorPB.send(ScmBlockLocationProtocolServerSideTranslatorPB.java:112)
	at org.apache.hadoop.hdds.protocol.proto.ScmBlockLocationProtocolProtos$ScmBlockLocationProtocolService$2.callBlockingMethod(ScmBlockLocationProtocolProtos.java:15776)
	at org.apache.hadoop.ipc.ProtobufRpcEngine$Server.processCall(ProtobufRpcEngine.java:484)
	at org.apache.hadoop.ipc.ProtobufRpcEngine2$Server$ProtoBufRpcInvoker.call(ProtobufRpcEngine2.java:595)
	at org.apache.hadoop.ipc.ProtobufRpcEngine2$Server$ProtoBufRpcInvoker.call(ProtobufRpcEngine2.java:573)
	at org.apache.hadoop.ipc.RPC$Server.call(RPC.java:1227)
	at org.apache.hadoop.ipc.Server$RpcCall.run(Server.java:1246)
	at org.apache.hadoop.ipc.Server$RpcCall.run(Server.java:1169)
	at java.base/java.security.AccessController.doPrivileged(AccessController.java:714)
	at java.base/javax.security.auth.Subject.doAs(Subject.java:525)
	at org.apache.hadoop.security.UserGroupInformation.doAs(UserGroupInformation.java:1953)
	at org.apache.hadoop.ipc.Server$Handler.run(Server.java:3198)
, while invoking $Proxy53.send over nodeId=scmNodeId,nodeAddress=/0.0.0.0:15020 after 1 failover attempts. Trying to failover after sleeping for 2000ms. Current retry count: 1.
2025-02-13 19:48:42,611 [main] INFO  retry.RetryInvocationHandler (RetryInvocationHandler.java:log(426)) - com.google.protobuf.ServiceException: org.apache.hadoop.ipc.RemoteException(org.apache.hadoop.hdds.ratis.ServerNotLeaderException): Server:e5168b06-7ea0-44f6-9716-48dcc7ae40be is not the leader. Could not determine the leader node.
	at org.apache.hadoop.hdds.ratis.ServerNotLeaderException.convertToNotLeaderException(ServerNotLeaderException.java:105)
	at org.apache.hadoop.hdds.scm.ha.RatisUtil.checkRatisException(RatisUtil.java:248)
	at org.apache.hadoop.hdds.scm.protocol.ScmBlockLocationProtocolServerSideTranslatorPB.send(ScmBlockLocationProtocolServerSideTranslatorPB.java:112)
	at org.apache.hadoop.hdds.protocol.proto.ScmBlockLocationProtocolProtos$ScmBlockLocationProtocolService$2.callBlockingMethod(ScmBlockLocationProtocolProtos.java:15776)
	at org.apache.hadoop.ipc.ProtobufRpcEngine$Server.processCall(ProtobufRpcEngine.java:484)
	at org.apache.hadoop.ipc.ProtobufRpcEngine2$Server$ProtoBufRpcInvoker.call(ProtobufRpcEngine2.java:595)
	at org.apache.hadoop.ipc.ProtobufRpcEngine2$Server$ProtoBufRpcInvoker.call(ProtobufRpcEngine2.java:573)
	at org.apache.hadoop.ipc.RPC$Server.call(RPC.java:1227)
	at org.apache.hadoop.ipc.Server$RpcCall.run(Server.java:1246)
	at org.apache.hadoop.ipc.Server$RpcCall.run(Server.java:1169)
	at java.base/java.security.AccessController.doPrivileged(AccessController.java:714)
	at java.base/javax.security.auth.Subject.doAs(Subject.java:525)
	at org.apache.hadoop.security.UserGroupInformation.doAs(UserGroupInformation.java:1953)
	at org.apache.hadoop.ipc.Server$Handler.run(Server.java:3198)
, while invoking $Proxy53.send over nodeId=scmNodeId,nodeAddress=/0.0.0.0:15020 after 2 failover attempts. Trying to failover after sleeping for 2000ms. Current retry count: 2.
2025-02-13 19:48:43,521 [e5168b06-7ea0-44f6-9716-48dcc7ae40be@group-DDB238A3933B-FollowerState] INFO  impl.FollowerState (FollowerState.java:runImpl(161)) - e5168b06-7ea0-44f6-9716-48dcc7ae40be@group-DDB238A3933B-FollowerState: change to CANDIDATE, lastRpcElapsedTime:5079868513ns, electionTimeout:5079ms
2025-02-13 19:48:43,521 [e5168b06-7ea0-44f6-9716-48dcc7ae40be@group-DDB238A3933B-FollowerState] INFO  impl.RoleInfo (RoleInfo.java:shutdownFollowerState(121)) - e5168b06-7ea0-44f6-9716-48dcc7ae40be: shutdown e5168b06-7ea0-44f6-9716-48dcc7ae40be@group-DDB238A3933B-FollowerState
2025-02-13 19:48:43,522 [e5168b06-7ea0-44f6-9716-48dcc7ae40be@group-DDB238A3933B-FollowerState] INFO  server.RaftServer$Division (RaftServerImpl.java:setRole(378)) - e5168b06-7ea0-44f6-9716-48dcc7ae40be@group-DDB238A3933B: changes role from  FOLLOWER to CANDIDATE at term 1 for changeToCandidate
2025-02-13 19:48:43,522 [e5168b06-7ea0-44f6-9716-48dcc7ae40be@group-DDB238A3933B-FollowerState] INFO  server.RaftServerConfigKeys (ConfUtils.java:logGet(46)) - raft.server.leaderelection.pre-vote = true (default)
2025-02-13 19:48:43,522 [e5168b06-7ea0-44f6-9716-48dcc7ae40be@group-DDB238A3933B-FollowerState] INFO  impl.RoleInfo (RoleInfo.java:updateAndGet(148)) - e5168b06-7ea0-44f6-9716-48dcc7ae40be: start e5168b06-7ea0-44f6-9716-48dcc7ae40be@group-DDB238A3933B-LeaderElection5
2025-02-13 19:48:43,522 [e5168b06-7ea0-44f6-9716-48dcc7ae40be@group-DDB238A3933B-LeaderElection5] INFO  impl.LeaderElection (LeaderElection.java:askForVotes(332)) - e5168b06-7ea0-44f6-9716-48dcc7ae40be@group-DDB238A3933B-LeaderElection5 PRE_VOTE round 0: submit vote requests at term 1 for conf: {index: 0, cur=peers:[e5168b06-7ea0-44f6-9716-48dcc7ae40be|fv-az1531-61:15023]|listeners:[], old=null}
2025-02-13 19:48:43,522 [e5168b06-7ea0-44f6-9716-48dcc7ae40be@group-DDB238A3933B-LeaderElection5] INFO  impl.LeaderElection (LeaderElection.java:askForVotes(334)) - e5168b06-7ea0-44f6-9716-48dcc7ae40be@group-DDB238A3933B-LeaderElection5 PRE_VOTE round 0: result PASSED (term=1)
2025-02-13 19:48:43,524 [e5168b06-7ea0-44f6-9716-48dcc7ae40be@group-DDB238A3933B-LeaderElection5] INFO  impl.LeaderElection (LeaderElection.java:askForVotes(332)) - e5168b06-7ea0-44f6-9716-48dcc7ae40be@group-DDB238A3933B-LeaderElection5 ELECTION round 0: submit vote requests at term 2 for conf: {index: 0, cur=peers:[e5168b06-7ea0-44f6-9716-48dcc7ae40be|fv-az1531-61:15023]|listeners:[], old=null}
2025-02-13 19:48:43,524 [e5168b06-7ea0-44f6-9716-48dcc7ae40be@group-DDB238A3933B-LeaderElection5] INFO  impl.LeaderElection (LeaderElection.java:askForVotes(334)) - e5168b06-7ea0-44f6-9716-48dcc7ae40be@group-DDB238A3933B-LeaderElection5 ELECTION round 0: result PASSED (term=2)
2025-02-13 19:48:43,524 [e5168b06-7ea0-44f6-9716-48dcc7ae40be@group-DDB238A3933B-LeaderElection5] INFO  impl.RoleInfo (RoleInfo.java:shutdownLeaderElection(141)) - e5168b06-7ea0-44f6-9716-48dcc7ae40be: shutdown e5168b06-7ea0-44f6-9716-48dcc7ae40be@group-DDB238A3933B-LeaderElection5
2025-02-13 19:48:43,524 [e5168b06-7ea0-44f6-9716-48dcc7ae40be@group-DDB238A3933B-LeaderElection5] INFO  server.RaftServer$Division (RaftServerImpl.java:setRole(378)) - e5168b06-7ea0-44f6-9716-48dcc7ae40be@group-DDB238A3933B: changes role from CANDIDATE to LEADER at term 2 for changeToLeader
2025-02-13 19:48:43,524 [e5168b06-7ea0-44f6-9716-48dcc7ae40be@group-DDB238A3933B-LeaderElection5] INFO  server.RaftServerConfigKeys (ConfUtils.java:logGet(46)) - raft.server.staging.catchup.gap = 1000 (default)
2025-02-13 19:48:43,525 [e5168b06-7ea0-44f6-9716-48dcc7ae40be@group-DDB238A3933B-LeaderElection5] INFO  server.RaftServerConfigKeys (ConfUtils.java:logGet(46)) - raft.server.write.element-limit = 4096 (default)
2025-02-13 19:48:43,525 [e5168b06-7ea0-44f6-9716-48dcc7ae40be@group-DDB238A3933B-LeaderElection5] INFO  server.RaftServerConfigKeys (ConfUtils.java:logGet(46)) - raft.server.write.byte-limit = 64MB (=67108864) (default)
2025-02-13 19:48:43,525 [e5168b06-7ea0-44f6-9716-48dcc7ae40be@group-DDB238A3933B-LeaderElection5] INFO  server.RaftServerConfigKeys (ConfUtils.java:logGet(46)) - raft.server.watch.timeout = 10s (default)
2025-02-13 19:48:43,525 [e5168b06-7ea0-44f6-9716-48dcc7ae40be@group-DDB238A3933B-LeaderElection5] INFO  server.RaftServerConfigKeys (ConfUtils.java:logGet(46)) - raft.server.watch.timeout.denomination = 1s (default)
2025-02-13 19:48:43,525 [e5168b06-7ea0-44f6-9716-48dcc7ae40be@group-DDB238A3933B-LeaderElection5] INFO  server.RaftServerConfigKeys (ConfUtils.java:logGet(46)) - raft.server.watch.element-limit = 65536 (default)
2025-02-13 19:48:43,525 [e5168b06-7ea0-44f6-9716-48dcc7ae40be@group-DDB238A3933B-LeaderElection5] INFO  server.RaftServerConfigKeys (ConfUtils.java:logGet(46)) - raft.server.read.leader.lease.enabled = false (default)
2025-02-13 19:48:43,526 [e5168b06-7ea0-44f6-9716-48dcc7ae40be@group-DDB238A3933B-LeaderElection5] INFO  server.RaftServerConfigKeys (ConfUtils.java:logGet(46)) - raft.server.read.leader.lease.timeout.ratio = 0.9 (default)
2025-02-13 19:48:43,526 [e5168b06-7ea0-44f6-9716-48dcc7ae40be@group-DDB238A3933B-LeaderElection5] INFO  server.RaftServerConfigKeys (ConfUtils.java:logGet(46)) - raft.server.rpc.timeout.min = 5000ms (custom)
2025-02-13 19:48:43,526 [e5168b06-7ea0-44f6-9716-48dcc7ae40be@group-DDB238A3933B-LeaderElection5] INFO  server.RaftServerConfigKeys (ConfUtils.java:logGet(46)) - raft.server.log.log-metadata.enabled = true (default)
2025-02-13 19:48:43,526 [e5168b06-7ea0-44f6-9716-48dcc7ae40be@group-DDB238A3933B-LeaderElection5] INFO  server.RaftServerConfigKeys (ConfUtils.java:logGet(46)) - raft.server.write.element-limit = 4096 (default)
2025-02-13 19:48:43,526 [e5168b06-7ea0-44f6-9716-48dcc7ae40be@group-DDB238A3933B-LeaderElection5] INFO  server.RaftServerConfigKeys (ConfUtils.java:logGet(46)) - raft.server.write.follower.gap.ratio.max = -1.0 (default)
2025-02-13 19:48:43,526 [e5168b06-7ea0-44f6-9716-48dcc7ae40be@group-DDB238A3933B-LeaderElection5] INFO  impl.RoleInfo (RoleInfo.java:updateAndGet(148)) - e5168b06-7ea0-44f6-9716-48dcc7ae40be: start e5168b06-7ea0-44f6-9716-48dcc7ae40be@group-DDB238A3933B-LeaderStateImpl
2025-02-13 19:48:43,526 [e5168b06-7ea0-44f6-9716-48dcc7ae40be@group-DDB238A3933B-LeaderElection5] INFO  server.RaftServer$Division (RaftServerImpl.java:setFirstElection(562)) - e5168b06-7ea0-44f6-9716-48dcc7ae40be@group-DDB238A3933B: set firstElectionSinceStartup to false for becomeLeader
2025-02-13 19:48:43,526 [e5168b06-7ea0-44f6-9716-48dcc7ae40be@group-DDB238A3933B-LeaderElection5] INFO  ha.SCMStateMachine (SCMStateMachine.java:notifyLeaderChanged(296)) - current SCM becomes leader of term 2.
2025-02-13 19:48:43,526 [e5168b06-7ea0-44f6-9716-48dcc7ae40be@group-DDB238A3933B-LeaderElection5] INFO  ha.SCMContext (SCMContext.java:updateLeaderAndTerm(96)) - update <isLeader,term> from <false,0> to <true,2>
2025-02-13 19:48:43,527 [e5168b06-7ea0-44f6-9716-48dcc7ae40be@group-DDB238A3933B-LeaderElection5] INFO  server.RaftServer$Division (ServerState.java:setLeader(272)) - e5168b06-7ea0-44f6-9716-48dcc7ae40be@group-DDB238A3933B: change Leader from null to e5168b06-7ea0-44f6-9716-48dcc7ae40be at term 2 for becomeLeader, leader elected after 5162ms
2025-02-13 19:48:43,527 [e5168b06-7ea0-44f6-9716-48dcc7ae40be@group-DDB238A3933B-LeaderElection5] INFO  segmented.SegmentedRaftLogWorker (SegmentedRaftLogWorker.java:rollLogSegment(443)) - e5168b06-7ea0-44f6-9716-48dcc7ae40be@group-DDB238A3933B-SegmentedRaftLogWorker: Rolling segment log-0_0 to index:0
2025-02-13 19:48:43,527 [e5168b06-7ea0-44f6-9716-48dcc7ae40be@group-DDB238A3933B-LeaderElection5] INFO  server.RaftServer$Division (ServerState.java:setRaftConf(386)) - e5168b06-7ea0-44f6-9716-48dcc7ae40be@group-DDB238A3933B: set configuration conf: {index: 1, cur=peers:[e5168b06-7ea0-44f6-9716-48dcc7ae40be|fv-az1531-61:15023]|listeners:[], old=null}
2025-02-13 19:48:43,527 [e5168b06-7ea0-44f6-9716-48dcc7ae40be@group-DDB238A3933B-SegmentedRaftLogWorker] INFO  segmented.SegmentedRaftLogWorker (SegmentedRaftLogWorker.java:execute(601)) - e5168b06-7ea0-44f6-9716-48dcc7ae40be@group-DDB238A3933B-SegmentedRaftLogWorker: Rolled log segment from /home/runner/work/ozone/ozone/hadoop-ozone/integration-test/target/test-dir/MiniOzoneClusterImpl-cb06fb2a-ab0d-4948-847f-ddb238a3933b/ozone-meta/scm-ha/cb06fb2a-ab0d-4948-847f-ddb238a3933b/current/log_inprogress_0 to /home/runner/work/ozone/ozone/hadoop-ozone/integration-test/target/test-dir/MiniOzoneClusterImpl-cb06fb2a-ab0d-4948-847f-ddb238a3933b/ozone-meta/scm-ha/cb06fb2a-ab0d-4948-847f-ddb238a3933b/current/log_0-0
2025-02-13 19:48:43,528 [e5168b06-7ea0-44f6-9716-48dcc7ae40be@group-DDB238A3933B-SegmentedRaftLogWorker] INFO  segmented.BufferedWriteChannel (BufferedWriteChannel.java:open(61)) - open log_inprogress_1 at position 0
2025-02-13 19:48:43,537 [e5168b06-7ea0-44f6-9716-48dcc7ae40be@group-DDB238A3933B-SegmentedRaftLogWorker] INFO  segmented.SegmentedRaftLogWorker (SegmentedRaftLogWorker.java:execute(644)) - e5168b06-7ea0-44f6-9716-48dcc7ae40be@group-DDB238A3933B-SegmentedRaftLogWorker: created new log segment /home/runner/work/ozone/ozone/hadoop-ozone/integration-test/target/test-dir/MiniOzoneClusterImpl-cb06fb2a-ab0d-4948-847f-ddb238a3933b/ozone-meta/scm-ha/cb06fb2a-ab0d-4948-847f-ddb238a3933b/current/log_inprogress_1
2025-02-13 19:48:43,540 [e5168b06-7ea0-44f6-9716-48dcc7ae40be@group-DDB238A3933B-StateMachineUpdater] INFO  server.RaftServer$Division (LeaderStateImpl.java:checkStartIndex(313)) - Leader e5168b06-7ea0-44f6-9716-48dcc7ae40be@group-DDB238A3933B-LeaderStateImpl is ready since appliedIndex == startIndex == 1
2025-02-13 19:48:43,540 [e5168b06-7ea0-44f6-9716-48dcc7ae40be@group-DDB238A3933B-StateMachineUpdater] INFO  ha.SCMContext (SCMContext.java:setLeaderReady(123)) - update <isLeaderReady> from <false> to <true>
2025-02-13 19:48:43,540 [e5168b06-7ea0-44f6-9716-48dcc7ae40be@group-DDB238A3933B-StateMachineUpdater] INFO  pipeline.BackgroundPipelineCreator (BackgroundPipelineCreator.java:notifyStatusChanged(269)) - Service BackgroundPipelineCreator transitions to RUNNING.
2025-02-13 19:48:43,540 [e5168b06-7ea0-44f6-9716-48dcc7ae40be@group-DDB238A3933B-StateMachineUpdater] INFO  safemode.HealthyPipelineSafeModeRule (HealthyPipelineSafeModeRule.java:initializeRule(175)) - Refreshed total pipeline count is 0, healthy pipeline threshold count is 0
2025-02-13 19:48:43,540 [e5168b06-7ea0-44f6-9716-48dcc7ae40be@group-DDB238A3933B-StateMachineUpdater] INFO  safemode.ContainerSafeModeRule (ContainerSafeModeRule.java:initializeRule(358)) - Refreshed Containers with one replica threshold count 0, with ec n replica threshold count 0.
2025-02-13 19:48:43,540 [e5168b06-7ea0-44f6-9716-48dcc7ae40be@group-DDB238A3933B-StateMachineUpdater] INFO  safemode.OneReplicaPipelineSafeModeRule (OneReplicaPipelineSafeModeRule.java:initializeRule(189)) - Refreshed Total pipeline count is 0, pipeline's with at least one datanode reported threshold count is 0
2025-02-13 19:48:43,540 [e5168b06-7ea0-44f6-9716-48dcc7ae40be@group-DDB238A3933B-StateMachineUpdater] INFO  server.SCMDatanodeProtocolServer (SCMDatanodeProtocolServer.java:start(199)) - ScmDatanodeProtocol RPC server for DataNodes is listening at /0.0.0.0:15021
2025-02-13 19:48:43,541 [IPC Server Responder] INFO  ipc.Server (Server.java:run(1713)) - IPC Server Responder: starting
2025-02-13 19:48:43,541 [IPC Server listener on 15021] INFO  ipc.Server (Server.java:run(1553)) - IPC Server listener on 15021: starting
2025-02-13 19:48:44,616 [main] INFO  om.OzoneManager (OzoneManager.java:<init>(689)) - OM start with adminUsers: [runner]
2025-02-13 19:48:44,617 [main] WARN  server.ServerUtils (ServerUtils.java:getDBPath(299)) - ozone.om.db.dirs is not configured. We recommend adding this setting. Falling back to ozone.metadata.dirs instead.
2025-02-13 19:48:44,618 [main] INFO  helpers.OmKeyInfo (OmKeyInfo.java:getCodec(73)) - OmKeyInfo.getCodec ignorePipeline = true
2025-02-13 19:48:44,788 [main] INFO  om.OzoneManager (OzoneManager.java:instantiateServices(825)) - S3 Multi-Tenancy is disabled
2025-02-13 19:48:44,789 [main] INFO  om.OmSnapshotManager (OmSnapshotManager.java:<init>(183)) - Ozone filesystem snapshot feature is enabled.
2025-02-13 19:48:44,789 [main] WARN  server.ServerUtils (ServerUtils.java:getDBPath(299)) - ozone.om.snapshot.diff.db.dir is not configured. We recommend adding this setting. Falling back to ozone.metadata.dirs instead.
2025-02-13 19:48:44,806 [main] INFO  utils.NativeLibraryLoader (NativeLibraryLoader.java:loadLibrary(122)) - Loading Library: ozone_rocksdb_tools
2025-02-13 19:48:44,807 [main] WARN  snapshot.SnapshotDiffManager (SnapshotDiffManager.java:initNativeLibraryForEfficientDiff(287)) - Native Library for raw sst file reading loading failed. Fallback to performing a full diff instead. Unable to load library ozone_rocksdb_tools from both java.library.path & resource file libozone_rocksdb_tools.so from jar.
2025-02-13 19:48:44,809 [main] INFO  om.OzoneManager (OzoneManager.java:addS3GVolumeToDB(4547)) - Created Volume s3v With Owner runner required for S3Gateway operations.
2025-02-13 19:48:44,810 [main] WARN  server.ServerUtils (ServerUtils.java:getDefaultRatisDirectory(311)) - Storage directory for Ratis is not configured. It is a good idea to map this to an SSD disk. Falling back to ozone.metadata.dirs
2025-02-13 19:48:44,810 [main] WARN  utils.OzoneManagerRatisUtils (OzoneManagerRatisUtils.java:getOMRatisSnapshotDirectory(493)) - ozone.om.ratis.snapshot.dir is not configured. Falling back to ozone.metadata.dirs config
2025-02-13 19:48:44,810 [main] WARN  dropwizard3.Dm3MetricRegistriesImpl (Dm3MetricRegistriesImpl.java:addReporterRegistration(114)) - New reporters are added after registries were created. Some metrics will be missing from the reporter. Please add reporter before adding any new registry.
2025-02-13 19:48:44,810 [main] WARN  dropwizard3.Dm3MetricRegistriesImpl (Dm3MetricRegistriesImpl.java:addReporterRegistration(114)) - New reporters are added after registries were created. Some metrics will be missing from the reporter. Please add reporter before adding any new registry.
2025-02-13 19:48:44,813 [main] WARN  server.ServerUtils (ServerUtils.java:getDefaultRatisDirectory(311)) - Storage directory for Ratis is not configured. It is a good idea to map this to an SSD disk. Falling back to ozone.metadata.dirs
2025-02-13 19:48:44,813 [main] INFO  server.RaftServerConfigKeys (ConfUtils.java:logGet(46)) - raft.server.log.appender.buffer.byte-limit = 4194304 (custom)
2025-02-13 19:48:44,814 [main] INFO  ratis.OzoneManagerRatisServer (OzoneManagerRatisServer.java:<init>(171)) - Instantiating OM Ratis server with groupID: omServiceIdDefault and peers: localhost:15028
2025-02-13 19:48:44,815 [main] INFO  ratis.OzoneManagerStateMachine (OzoneManagerStateMachine.java:loadSnapshotInfoFromDB(609)) - TransactionInfo not found in OM DB.
2025-02-13 19:48:44,816 [main] INFO  server.RaftServer (ConfUtils.java:logGet(46)) - raft.rpc.type = GRPC (default)
2025-02-13 19:48:44,816 [main] INFO  grpc.GrpcConfigKeys (ConfUtils.java:logFallback(53)) - raft.grpc.admin.host = null (fallback to raft.grpc.server.host)
2025-02-13 19:48:44,816 [main] INFO  grpc.GrpcConfigKeys (ConfUtils.java:logFallback(53)) - raft.grpc.admin.port = 15028 (fallback to raft.grpc.server.port)
2025-02-13 19:48:44,816 [main] INFO  grpc.GrpcConfigKeys (ConfUtils.java:logFallback(53)) - raft.grpc.client.host = null (fallback to raft.grpc.server.host)
2025-02-13 19:48:44,816 [main] INFO  grpc.GrpcConfigKeys (ConfUtils.java:logFallback(53)) - raft.grpc.client.port = 15028 (fallback to raft.grpc.server.port)
2025-02-13 19:48:44,816 [main] INFO  grpc.GrpcConfigKeys (ConfUtils.java:logGet(46)) - raft.grpc.server.host = null (default)
2025-02-13 19:48:44,817 [main] INFO  grpc.GrpcConfigKeys (ConfUtils.java:logGet(46)) - raft.grpc.server.port = 15028 (custom)
2025-02-13 19:48:44,817 [main] INFO  server.GrpcService (ConfUtils.java:logGet(46)) - raft.grpc.message.size.max = 5242880 (custom)
2025-02-13 19:48:44,817 [main] INFO  server.GrpcService (ConfUtils.java:logGet(46)) - raft.grpc.flow.control.window = 1MB (=1048576) (default)
2025-02-13 19:48:44,817 [main] INFO  server.RaftServerConfigKeys (ConfUtils.java:logGet(46)) - raft.server.rpc.request.timeout = 3000ms (default)
2025-02-13 19:48:44,818 [main] INFO  grpc.GrpcConfigKeys (ConfUtils.java:logGet(46)) - raft.grpc.server.heartbeat.channel = true (default)
2025-02-13 19:48:44,818 [main] INFO  server.RaftServerConfigKeys (ConfUtils.java:logGet(46)) - raft.server.log.appender.buffer.byte-limit = 4194304 (custom)
2025-02-13 19:48:44,818 [main] INFO  grpc.GrpcConfigKeys (ConfUtils.java:logGet(46)) - raft.grpc.server.async.request.thread.pool.cached = true (default)
2025-02-13 19:48:44,818 [main] INFO  grpc.GrpcConfigKeys (ConfUtils.java:logGet(46)) - raft.grpc.server.async.request.thread.pool.size = 32 (default)
2025-02-13 19:48:44,819 [main] INFO  impl.DataStreamServerImpl (ConfUtils.java:logGet(46)) - raft.datastream.type = DISABLED (default)
2025-02-13 19:48:44,819 [main] INFO  server.RaftServerConfigKeys (ConfUtils.java:logGet(46)) - raft.server.sleep.deviation.threshold = 300ms (default)
2025-02-13 19:48:44,819 [main] INFO  server.RaftServerConfigKeys (ConfUtils.java:logGet(46)) - raft.server.close.threshold = 60s (default)
2025-02-13 19:48:44,819 [main] INFO  server.RaftServerConfigKeys (ConfUtils.java:logGet(46)) - raft.server.leaderelection.leader.step-down.wait-time = 10s (default)
2025-02-13 19:48:44,819 [main] INFO  server.RaftServerConfigKeys (ConfUtils.java:logGet(46)) - raft.server.storage.dir = [/home/runner/work/ozone/ozone/hadoop-ozone/integration-test/target/test-dir/MiniOzoneClusterImpl-cb06fb2a-ab0d-4948-847f-ddb238a3933b/ozone-meta/ratis] (custom)
2025-02-13 19:48:44,820 [main] INFO  server.RaftServerConfigKeys (ConfUtils.java:logGet(46)) - raft.server.threadpool.proxy.cached = true (default)
2025-02-13 19:48:44,820 [main] INFO  server.RaftServerConfigKeys (ConfUtils.java:logGet(46)) - raft.server.threadpool.proxy.size = 0 (default)
2025-02-13 19:48:44,820 [main] INFO  server.RaftServer (RaftServerProxy.java:addNew(100)) - om1: addNew group-C5BA1605619E:[om1|localhost:15028] returns group-C5BA1605619E:java.util.concurrent.CompletableFuture@488e27f3[Not completed]
2025-02-13 19:48:44,820 [main] INFO  om.OzoneManager (OzoneManager.java:initializeRatisServer(2195)) - OzoneManager Ratis server initialized at port 15028
2025-02-13 19:48:44,820 [om1-groupManagement] INFO  server.RaftServer$Division (RaftServerImpl.java:<init>(255)) - om1: new RaftServerImpl for group-C5BA1605619E:[om1|localhost:15028] with OzoneManagerStateMachine:uninitialized
2025-02-13 19:48:44,821 [om1-groupManagement] INFO  server.RaftServerConfigKeys (ConfUtils.java:logGet(46)) - raft.server.rpc.timeout.min = 1s (custom)
2025-02-13 19:48:44,821 [om1-groupManagement] INFO  server.RaftServerConfigKeys (ConfUtils.java:logGet(46)) - raft.server.rpc.timeout.max = 1200ms (custom)
2025-02-13 19:48:44,821 [om1-groupManagement] INFO  server.RaftServerConfigKeys (ConfUtils.java:logGet(46)) - raft.server.rpc.sleep.time = 25ms (default)
2025-02-13 19:48:44,821 [om1-groupManagement] INFO  server.RaftServerConfigKeys (ConfUtils.java:logGet(46)) - raft.server.rpc.slowness.timeout = 120s (custom)
2025-02-13 19:48:44,821 [om1-groupManagement] INFO  server.RaftServerConfigKeys (ConfUtils.java:logGet(46)) - raft.server.leaderelection.leader.step-down.wait-time = 10s (default)
2025-02-13 19:48:44,821 [om1-groupManagement] INFO  server.RaftServerConfigKeys (ConfUtils.java:logGet(46)) - raft.server.leaderelection.member.majority-add = false (default)
2025-02-13 19:48:44,821 [om1-groupManagement] INFO  server.RaftServerConfigKeys (ConfUtils.java:logGet(46)) - raft.server.sleep.deviation.threshold = 300ms (default)
2025-02-13 19:48:44,821 [main] INFO  om.OzoneManager (OzoneManager.java:getRpcServer(1252)) - Creating RPC Server
2025-02-13 19:48:44,821 [om1-groupManagement] INFO  server.RaftServer$Division (ServerState.java:<init>(114)) - om1@group-C5BA1605619E: ConfigurationManager, init=conf: {index: -1, cur=peers:[om1|localhost:15028]|listeners:[], old=null}, confs=<EMPTY_MAP>
2025-02-13 19:48:44,822 [om1-groupManagement] INFO  server.RaftServerConfigKeys (ConfUtils.java:logGet(46)) - raft.server.notification.no-leader.timeout = 120s (custom)
2025-02-13 19:48:44,822 [om1-groupManagement] INFO  server.RaftServerConfigKeys (ConfUtils.java:logGet(46)) - raft.server.read.timeout = 10s (default)
2025-02-13 19:48:44,822 [om1-groupManagement] INFO  server.RaftServerConfigKeys (ConfUtils.java:logGet(46)) - raft.server.retrycache.expirytime = 300s (custom)
2025-02-13 19:48:44,822 [om1-groupManagement] INFO  server.RaftServerConfigKeys (ConfUtils.java:logGet(46)) - raft.server.retrycache.statistics.expirytime = 100ms (default)
2025-02-13 19:48:44,822 [om1-groupManagement] INFO  server.RaftServerConfigKeys (ConfUtils.java:logGet(46)) - raft.server.read.option = DEFAULT (default)
2025-02-13 19:48:44,822 [om1-groupManagement] INFO  server.RaftServerConfigKeys (ConfUtils.java:logGet(46)) - raft.server.read.read-after-write-consistent.write-index-cache.expiry-time = 60s (default)
2025-02-13 19:48:44,825 [om1-groupManagement] INFO  server.RaftServerConfigKeys (ConfUtils.java:logGet(46)) - raft.server.rpc.request.timeout = 3000ms (default)
2025-02-13 19:48:44,826 [om1-groupManagement] INFO  server.RaftServerConfigKeys (ConfUtils.java:logGet(46)) - raft.server.log.appender.install.snapshot.enabled = false (custom)
2025-02-13 19:48:44,826 [om1-groupManagement] INFO  server.RaftServerConfigKeys (ConfUtils.java:logGet(46)) - raft.server.threadpool.server.cached = true (default)
2025-02-13 19:48:44,826 [om1-groupManagement] INFO  server.RaftServerConfigKeys (ConfUtils.java:logGet(46)) - raft.server.threadpool.server.size = 0 (default)
2025-02-13 19:48:44,826 [om1-groupManagement] INFO  server.RaftServerConfigKeys (ConfUtils.java:logGet(46)) - raft.server.threadpool.client.cached = true (default)
2025-02-13 19:48:44,826 [om1-groupManagement] INFO  server.RaftServerConfigKeys (ConfUtils.java:logGet(46)) - raft.server.threadpool.client.size = 0 (default)
2025-02-13 19:48:45,194 [main] INFO  reflections.Reflections (Reflections.java:scan(219)) - Reflections took 371 ms to scan 21 urls, producing 61 keys and 7311 values
2025-02-13 19:48:45,196 [main] INFO  ipc.CallQueueManager (CallQueueManager.java:<init>(93)) - Using callQueue: class java.util.concurrent.LinkedBlockingQueue, queueCapacity: 2000, scheduler: class org.apache.hadoop.ipc.DefaultRpcScheduler, ipcBackoff: false, ipcFailOver: false.
2025-02-13 19:48:45,197 [main] INFO  ipc.Server (Server.java:<init>(1438)) - Listener at 127.0.0.1:15025
2025-02-13 19:48:45,197 [Socket Reader #1 for port 15025] INFO  ipc.Server (Server.java:run(1474)) - Starting Socket Reader #1 for port 15025
2025-02-13 19:48:45,198 [Socket Reader #2 for port 15025] INFO  ipc.Server (Server.java:run(1474)) - Starting Socket Reader #2 for port 15025
2025-02-13 19:48:45,198 [Socket Reader #3 for port 15025] INFO  ipc.Server (Server.java:run(1474)) - Starting Socket Reader #3 for port 15025
2025-02-13 19:48:45,202 [Socket Reader #4 for port 15025] INFO  ipc.Server (Server.java:run(1474)) - Starting Socket Reader #4 for port 15025
2025-02-13 19:48:45,202 [Socket Reader #5 for port 15025] INFO  ipc.Server (Server.java:run(1474)) - Starting Socket Reader #5 for port 15025
2025-02-13 19:48:45,202 [Socket Reader #6 for port 15025] INFO  ipc.Server (Server.java:run(1474)) - Starting Socket Reader #6 for port 15025
2025-02-13 19:48:45,202 [Socket Reader #7 for port 15025] INFO  ipc.Server (Server.java:run(1474)) - Starting Socket Reader #7 for port 15025
2025-02-13 19:48:45,203 [Socket Reader #8 for port 15025] INFO  ipc.Server (Server.java:run(1474)) - Starting Socket Reader #8 for port 15025
2025-02-13 19:48:45,203 [Socket Reader #9 for port 15025] INFO  ipc.Server (Server.java:run(1474)) - Starting Socket Reader #9 for port 15025
2025-02-13 19:48:45,203 [Socket Reader #10 for port 15025] INFO  ipc.Server (Server.java:run(1474)) - Starting Socket Reader #10 for port 15025
2025-02-13 19:48:45,231 [main] INFO  impl.MetricsSystemImpl (MetricsSystemImpl.java:init(158)) - OzoneManager metrics system started (again)
2025-02-13 19:48:45,244 [main] INFO  om.OzoneManager (OzoneManager.java:start(1679)) - OzoneManager RPC server is listening at localhost/127.0.0.1:15025
2025-02-13 19:48:45,245 [main] INFO  ratis.OzoneManagerRatisServer (OzoneManagerRatisServer.java:start(634)) - Starting OzoneManagerRatisServer om1 at port 15028
2025-02-13 19:48:45,245 [om1-impl-thread1] INFO  server.RaftServerConfigKeys (ConfUtils.java:logGet(46)) - raft.server.storage.free-space.min = 0MB (=0) (default)
2025-02-13 19:48:45,245 [om1-impl-thread1] INFO  server.RaftServerConfigKeys (ConfUtils.java:logGet(46)) - raft.server.log.corruption.policy = EXCEPTION (default)
2025-02-13 19:48:45,245 [om1-impl-thread1] INFO  server.RaftServerConfigKeys (ConfUtils.java:logGet(46)) - raft.server.storage.dir = [/home/runner/work/ozone/ozone/hadoop-ozone/integration-test/target/test-dir/MiniOzoneClusterImpl-cb06fb2a-ab0d-4948-847f-ddb238a3933b/ozone-meta/ratis] (custom)
2025-02-13 19:48:45,246 [om1-impl-thread1] INFO  storage.RaftStorageDirectory (RaftStorageDirectoryImpl.java:analyzeStorage(138)) - The storage directory /home/runner/work/ozone/ozone/hadoop-ozone/integration-test/target/test-dir/MiniOzoneClusterImpl-cb06fb2a-ab0d-4948-847f-ddb238a3933b/ozone-meta/ratis/bf265839-605b-3f16-9796-c5ba1605619e does not exist. Creating ...
2025-02-13 19:48:45,247 [om1-impl-thread1] INFO  storage.RaftStorageDirectory (RaftStorageDirectoryImpl.java:tryLock(229)) - Lock on /home/runner/work/ozone/ozone/hadoop-ozone/integration-test/target/test-dir/MiniOzoneClusterImpl-cb06fb2a-ab0d-4948-847f-ddb238a3933b/ozone-meta/ratis/bf265839-605b-3f16-9796-c5ba1605619e/in_use.lock acquired by nodename 133475@fv-az1531-61
2025-02-13 19:48:45,248 [om1-impl-thread1] INFO  storage.RaftStorage (RaftStorageImpl.java:format(98)) - Storage directory /home/runner/work/ozone/ozone/hadoop-ozone/integration-test/target/test-dir/MiniOzoneClusterImpl-cb06fb2a-ab0d-4948-847f-ddb238a3933b/ozone-meta/ratis/bf265839-605b-3f16-9796-c5ba1605619e has been successfully formatted.
2025-02-13 19:48:45,248 [om1-impl-thread1] INFO  ratis.OzoneManagerStateMachine (OzoneManagerStateMachine.java:lambda$0(139)) - om1: initialize group-C5BA1605619E with (t:0, i:~)
2025-02-13 19:48:45,248 [om1-impl-thread1] INFO  server.RaftServerConfigKeys (ConfUtils.java:logGet(46)) - raft.server.log.use.memory = false (default)
2025-02-13 19:48:45,248 [om1-impl-thread1] INFO  server.RaftServerConfigKeys (ConfUtils.java:logGet(46)) - raft.server.log.purge.gap = 1000000 (custom)
2025-02-13 19:48:45,249 [om1-impl-thread1] INFO  server.RaftServerConfigKeys (ConfUtils.java:logGet(46)) - raft.server.log.appender.buffer.byte-limit = 4194304 (custom)
2025-02-13 19:48:45,249 [om1-impl-thread1] INFO  server.RaftServerConfigKeys (ConfUtils.java:logGet(46)) - raft.server.log.statemachine.data.read.timeout = 1000ms (default)
2025-02-13 19:48:45,249 [om1-impl-thread1] INFO  server.RaftServerConfigKeys (ConfUtils.java:logGet(46)) - raft.server.log.purge.preservation.log.num = 0 (default)
2025-02-13 19:48:45,250 [om1-impl-thread1] INFO  server.RaftServerConfigKeys (ConfUtils.java:logGet(46)) - raft.server.log.segment.size.max = 4194304 (custom)
2025-02-13 19:48:45,251 [om1-impl-thread1] INFO  server.RaftServerConfigKeys (ConfUtils.java:logGet(46)) - raft.server.log.segment.cache.num.max = 2 (custom)
2025-02-13 19:48:45,251 [om1-impl-thread1] INFO  server.RaftServerConfigKeys (ConfUtils.java:logGet(46)) - raft.server.log.segment.cache.size.max = 200MB (=209715200) (default)
2025-02-13 19:48:45,251 [om1-impl-thread1] INFO  server.RaftServerConfigKeys (ConfUtils.java:logGet(46)) - raft.server.log.appender.buffer.byte-limit = 4194304 (custom)
2025-02-13 19:48:45,251 [om1-impl-thread1] INFO  util.AwaitToRun (AwaitToRun.java:start(81)) - Thread[#1079,om1@group-C5BA1605619E-cacheEviction-AwaitToRun,5,main] started
2025-02-13 19:48:45,251 [om1-impl-thread1] INFO  segmented.SegmentedRaftLogWorker (SegmentedRaftLogWorker.java:<init>(188)) - new om1@group-C5BA1605619E-SegmentedRaftLogWorker for RaftStorageImpl:Storage Directory /home/runner/work/ozone/ozone/hadoop-ozone/integration-test/target/test-dir/MiniOzoneClusterImpl-cb06fb2a-ab0d-4948-847f-ddb238a3933b/ozone-meta/ratis/bf265839-605b-3f16-9796-c5ba1605619e
2025-02-13 19:48:45,251 [om1-impl-thread1] INFO  server.RaftServerConfigKeys (ConfUtils.java:logGet(46)) - raft.server.log.queue.byte-limit = 64MB (=67108864) (default)
2025-02-13 19:48:45,252 [om1-impl-thread1] INFO  server.RaftServerConfigKeys (ConfUtils.java:logGet(46)) - raft.server.log.queue.element-limit = 4096 (default)
2025-02-13 19:48:45,252 [om1-impl-thread1] INFO  server.RaftServerConfigKeys (ConfUtils.java:logGet(46)) - raft.server.log.segment.size.max = 4194304 (custom)
2025-02-13 19:48:45,252 [om1-impl-thread1] INFO  server.RaftServerConfigKeys (ConfUtils.java:logGet(46)) - raft.server.log.preallocated.size = 4194304 (custom)
2025-02-13 19:48:45,252 [om1-impl-thread1] INFO  server.RaftServerConfigKeys (ConfUtils.java:logGet(46)) - raft.server.log.force.sync.num = 128 (default)
2025-02-13 19:48:45,252 [om1-impl-thread1] INFO  server.RaftServerConfigKeys (ConfUtils.java:logGet(46)) - raft.server.log.statemachine.data.sync = true (default)
2025-02-13 19:48:45,252 [om1-impl-thread1] INFO  server.RaftServerConfigKeys (ConfUtils.java:logGet(46)) - raft.server.log.statemachine.data.sync.timeout = 10s (default)
2025-02-13 19:48:45,252 [om1-impl-thread1] INFO  server.RaftServerConfigKeys (ConfUtils.java:logGet(46)) - raft.server.log.statemachine.data.sync.timeout.retry = -1 (default)
2025-02-13 19:48:45,253 [om1-impl-thread1] INFO  server.RaftServerConfigKeys (ConfUtils.java:logGet(46)) - raft.server.log.write.buffer.size = 4194312 (custom)
2025-02-13 19:48:45,253 [om1-impl-thread1] INFO  server.RaftServerConfigKeys (ConfUtils.java:logGet(46)) - raft.server.log.appender.buffer.byte-limit = 4194304 (custom)
2025-02-13 19:48:45,253 [om1-impl-thread1] INFO  server.RaftServerConfigKeys (ConfUtils.java:logGet(46)) - raft.server.log.unsafe-flush.enabled = false (default)
2025-02-13 19:48:45,253 [om1-impl-thread1] INFO  server.RaftServerConfigKeys (ConfUtils.java:logGet(46)) - raft.server.log.async-flush.enabled = false (default)
2025-02-13 19:48:45,253 [om1-impl-thread1] INFO  server.RaftServerConfigKeys (ConfUtils.java:logGet(46)) - raft.server.log.statemachine.data.caching.enabled = false (default)
2025-02-13 19:48:45,253 [om1-impl-thread1] INFO  segmented.SegmentedRaftLogWorker (SegmentedRaftLogWorker.java:lambda$new$0(139)) - om1@group-C5BA1605619E-SegmentedRaftLogWorker: flushIndex: setUnconditionally 0 -> -1
2025-02-13 19:48:45,254 [om1-impl-thread1] INFO  segmented.SegmentedRaftLogWorker (SegmentedRaftLogWorker.java:lambda$new$0(139)) - om1@group-C5BA1605619E-SegmentedRaftLogWorker: safeCacheEvictIndex: setUnconditionally 0 -> -1
2025-02-13 19:48:45,254 [om1-impl-thread1] INFO  server.RaftServer$Division (RaftServerImpl.java:start(391)) - om1@group-C5BA1605619E: start as a follower, conf=conf: {index: -1, cur=peers:[om1|localhost:15028]|listeners:[], old=null}
2025-02-13 19:48:45,254 [om1-impl-thread1] INFO  server.RaftServer$Division (RaftServerImpl.java:setRole(378)) - om1@group-C5BA1605619E: changes role from      null to FOLLOWER at term 0 for startAsFollower
2025-02-13 19:48:45,254 [om1-impl-thread1] INFO  impl.RoleInfo (RoleInfo.java:updateAndGet(148)) - om1: start om1@group-C5BA1605619E-FollowerState
2025-02-13 19:48:45,255 [om1@group-C5BA1605619E-FollowerState] INFO  server.RaftServerConfigKeys (ConfUtils.java:logFallback(53)) - raft.server.rpc.first-election.timeout.min = 1s (fallback to raft.server.rpc.timeout.min)
2025-02-13 19:48:45,255 [om1@group-C5BA1605619E-FollowerState] INFO  server.RaftServerConfigKeys (ConfUtils.java:logFallback(53)) - raft.server.rpc.first-election.timeout.max = 1200ms (fallback to raft.server.rpc.timeout.max)
2025-02-13 19:48:45,255 [om1-impl-thread1] INFO  util.JmxRegister (JmxRegister.java:tryRegister(44)) - Successfully registered JMX Bean with object name Ratis:service=RaftServer,group=group-C5BA1605619E,id=om1
2025-02-13 19:48:45,255 [om1-impl-thread1] INFO  util.JmxRegister (JmxRegister.java:register(58)) - register mxBean class org.apache.ratis.server.impl.RaftServerJmxAdapter as Ratis:service=RaftServer,group=group-C5BA1605619E,id=om1
2025-02-13 19:48:45,255 [om1-impl-thread1] INFO  server.RaftServerConfigKeys (ConfUtils.java:logGet(46)) - raft.server.snapshot.trigger-when-stop.enabled = true (default)
2025-02-13 19:48:45,255 [om1-impl-thread1] INFO  server.RaftServerConfigKeys (ConfUtils.java:logGet(46)) - raft.server.snapshot.trigger-when-remove.enabled = true (default)
2025-02-13 19:48:45,256 [om1-impl-thread1] INFO  server.RaftServerConfigKeys (ConfUtils.java:logGet(46)) - raft.server.snapshot.auto.trigger.enabled = true (custom)
2025-02-13 19:48:45,256 [om1-impl-thread1] INFO  server.RaftServerConfigKeys (ConfUtils.java:logGet(46)) - raft.server.snapshot.auto.trigger.threshold = 400000 (default)
2025-02-13 19:48:45,256 [om1-impl-thread1] INFO  server.RaftServerConfigKeys (ConfUtils.java:logGet(46)) - raft.server.snapshot.retention.file.num = -1 (default)
2025-02-13 19:48:45,256 [om1-impl-thread1] INFO  server.RaftServerConfigKeys (ConfUtils.java:logGet(46)) - raft.server.log.purge.upto.snapshot.index = true (custom)
2025-02-13 19:48:45,256 [om1-impl-thread1] INFO  server.RaftServer$Division (RaftServerImpl.java:start(405)) - om1@group-C5BA1605619E: Successfully started.
2025-02-13 19:48:45,256 [main] INFO  server.RaftServer (RaftServerProxy.java:startImpl(407)) - om1: start RPC server
2025-02-13 19:48:45,257 [main] INFO  server.GrpcService (GrpcService.java:startImpl(334)) - om1: GrpcService started, listening on 15028
2025-02-13 19:48:45,258 [JvmPauseMonitor6] INFO  util.JvmPauseMonitor (JvmPauseMonitor.java:run(146)) - JvmPauseMonitor-om1: Started
2025-02-13 19:48:45,258 [main] INFO  om.OzoneManager (OzoneManager.java:start(1694)) - Version File has different layout version (8) than OM DB (null). That is expected if this OM has never been finalized to a newer layout version.
2025-02-13 19:48:45,261 [main] INFO  client.ScmTopologyClient (ScmTopologyClient.java:start(72)) - Initial network topology fetched from SCM: /.
2025-02-13 19:48:45,262 [main] INFO  net.NodeSchemaLoader (NodeSchemaLoader.java:loadSchemaFromFile(129)) - Loading schema from [jar:file:/home/runner/work/ozone/ozone/hadoop-hdds/common/target/hdds-common-2.0.0-SNAPSHOT.jar!/network-topology-default.xml]
2025-02-13 19:48:45,263 [main] INFO  net.NodeSchemaLoader (NodeSchemaLoader.java:loadSchema(176)) - Loading network topology layer schema file
2025-02-13 19:48:45,270 [main] INFO  http.BaseHttpServer (BaseHttpServer.java:newHttpServer2BuilderForOzone(232)) - Starting Web-server for ozoneManager at: http://0.0.0.0:15026
2025-02-13 19:48:45,270 [main] INFO  http.BaseHttpServer (BaseHttpServer.java:<init>(110)) - Hadoop Security Enabled: false Ozone Security Enabled: false Ozone HTTP Security Enabled: false 
2025-02-13 19:48:45,272 [main] WARN  server.AuthenticationFilter (AuthenticationFilter.java:constructSecretProvider(240)) - Unable to initialize FileSignerSecretProvider, falling back to use random secrets. Reason: Could not read signature secret file: /home/runner/hadoop-http-auth-signature-secret
2025-02-13 19:48:45,274 [main] INFO  http.HttpRequestLog (HttpRequestLog.java:getRequestLog(86)) - Http request log for http.requests.ozoneManager is not defined
2025-02-13 19:48:45,275 [main] INFO  http.HttpServer2 (HttpServer2.java:addGlobalFilter(1040)) - Added global filter 'safety' (class=org.apache.hadoop.hdds.server.http.HttpServer2$QuotingInputFilter)
2025-02-13 19:48:45,276 [main] INFO  http.HttpServer2 (HttpServer2.java:addFilter(1016)) - Added filter static_user_filter (class=org.apache.hadoop.http.lib.StaticUserWebFilter$StaticUserFilter) to context ozoneManager
2025-02-13 19:48:45,276 [main] INFO  http.HttpServer2 (HttpServer2.java:addFilter(1024)) - Added filter static_user_filter (class=org.apache.hadoop.http.lib.StaticUserWebFilter$StaticUserFilter) to context logs
2025-02-13 19:48:45,277 [main] INFO  http.HttpServer2 (HttpServer2.java:addFilter(1024)) - Added filter static_user_filter (class=org.apache.hadoop.http.lib.StaticUserWebFilter$StaticUserFilter) to context static
2025-02-13 19:48:45,277 [main] INFO  http.BaseHttpServer (BaseHttpServer.java:<init>(198)) - HTTP server of ozoneManager uses base directory /home/runner/work/ozone/ozone/hadoop-ozone/integration-test/target/test-dir/MiniOzoneClusterImpl-cb06fb2a-ab0d-4948-847f-ddb238a3933b/ozone-meta/webserver
2025-02-13 19:48:45,278 [main] INFO  http.HttpServer2 (HttpServer2.java:bindListener(1240)) - Jetty bound to port 15026
2025-02-13 19:48:45,278 [main] INFO  server.Server (Server.java:doStart(375)) - jetty-9.4.57.v20241219; built: 2025-01-08T21:24:30.412Z; git: df524e6b29271c2e09ba9aea83c18dc9db464a31; jvm 21.0.6+7-LTS
2025-02-13 19:48:45,282 [main] INFO  server.session (DefaultSessionIdManager.java:doStart(334)) - DefaultSessionIdManager workerName=node0
2025-02-13 19:48:45,282 [main] INFO  server.session (DefaultSessionIdManager.java:doStart(339)) - No SessionScavenger set, using defaults
2025-02-13 19:48:45,282 [main] INFO  server.session (HouseKeeper.java:startScavenging(132)) - node0 Scavenging every 660000ms
2025-02-13 19:48:45,283 [main] INFO  handler.ContextHandler (ContextHandler.java:doStart(921)) - Started o.e.j.s.ServletContextHandler@71e28a63{logs,/logs,file:///home/runner/work/ozone/ozone/hadoop-ozone/integration-test/target/log,AVAILABLE}
2025-02-13 19:48:45,283 [main] INFO  handler.ContextHandler (ContextHandler.java:doStart(921)) - Started o.e.j.s.ServletContextHandler@5cc43bff{static,/static,file:///home/runner/work/ozone/ozone/hadoop-ozone/integration-test/target/test-classes/webapps/static,AVAILABLE}
2025-02-13 19:48:45,288 [main] INFO  handler.ContextHandler (ContextHandler.java:doStart(921)) - Started o.e.j.w.WebAppContext@2775d0d4{ozoneManager,/,file:///home/runner/work/ozone/ozone/hadoop-ozone/integration-test/target/test-classes/webapps/ozoneManager/,AVAILABLE}{file:/home/runner/work/ozone/ozone/hadoop-ozone/integration-test/target/test-classes/webapps/ozoneManager}
2025-02-13 19:48:45,288 [main] INFO  server.AbstractConnector (AbstractConnector.java:doStart(333)) - Started ServerConnector@6af2203{HTTP/1.1, (http/1.1)}{0.0.0.0:15026}
2025-02-13 19:48:45,289 [main] INFO  server.Server (Server.java:doStart(415)) - Started @41453ms
2025-02-13 19:48:45,289 [main] WARN  impl.MetricsSystemImpl (MetricsSystemImpl.java:register(279)) - Sink prometheus already exists!
2025-02-13 19:48:45,289 [main] INFO  http.BaseHttpServer (BaseHttpServer.java:updateConnectorAddress(363)) - HTTP server of ozoneManager listening at http://0.0.0.0:15026
2025-02-13 19:48:45,290 [IPC Server Responder] INFO  ipc.Server (Server.java:run(1713)) - IPC Server Responder: starting
2025-02-13 19:48:45,290 [IPC Server listener on 15025] INFO  ipc.Server (Server.java:run(1553)) - IPC Server listener on 15025: starting
2025-02-13 19:48:45,295 [main] INFO  om.OzoneManager (OzoneManager.java:startTrashEmptier(2149)) - Trash Interval set to 0. Files deleted won't move to trash
2025-02-13 19:48:45,299 [main] WARN  dropwizard3.Dm3MetricRegistriesImpl (Dm3MetricRegistriesImpl.java:addReporterRegistration(114)) - New reporters are added after registries were created. Some metrics will be missing from the reporter. Please add reporter before adding any new registry.
2025-02-13 19:48:45,299 [main] WARN  dropwizard3.Dm3MetricRegistriesImpl (Dm3MetricRegistriesImpl.java:addReporterRegistration(114)) - New reporters are added after registries were created. Some metrics will be missing from the reporter. Please add reporter before adding any new registry.
2025-02-13 19:48:45,299 [main] INFO  impl.MetricsSystemImpl (MetricsSystemImpl.java:init(158)) - HddsDatanode metrics system started (again)
2025-02-13 19:48:45,309 [main] INFO  ozone.HddsDatanodeService (HddsDatanodeService.java:start(245)) - HddsDatanodeService host:fv-az1531-61.hsxikm2gdrvudnct5jqc1oiugc.ex.internal.cloudapp.net ip:10.1.0.100
2025-02-13 19:48:45,310 [main] INFO  upgrade.AbstractLayoutVersionManager (AbstractLayoutVersionManager.java:init(83)) - Initializing Layout version manager with metadata layout = HBASE_SUPPORT (version = 8), software layout = HBASE_SUPPORT (version = 8)
2025-02-13 19:48:45,311 [main] INFO  statemachine.DatanodeStateMachine (DatanodeStateMachine.java:getEndPointTaskThreadPoolSize(294)) - Datanode State Machine Task Thread Pool size 2
2025-02-13 19:48:45,314 [main] INFO  volume.HddsVolume (HddsVolume.java:<init>(134)) - Creating HddsVolume: /home/runner/work/ozone/ozone/hadoop-ozone/integration-test/target/test-dir/MiniOzoneClusterImpl-cb06fb2a-ab0d-4948-847f-ddb238a3933b/ozone-meta/datanode-1/data-0/hdds of storage type: DISK, capacity=9222449699674390527, used=0, available=9222449699674390527
2025-02-13 19:48:45,314 [main] INFO  volume.MutableVolumeSet (MutableVolumeSet.java:initializeVolumeSet(175)) - Added Volume : /home/runner/work/ozone/ozone/hadoop-ozone/integration-test/target/test-dir/MiniOzoneClusterImpl-cb06fb2a-ab0d-4948-847f-ddb238a3933b/ozone-meta/datanode-1/data-0/hdds to VolumeSet
2025-02-13 19:48:45,315 [main] INFO  volume.MutableVolumeSet (MutableVolumeSet.java:initializeVolumeSet(175)) - Added Volume : /home/runner/work/ozone/ozone/hadoop-ozone/integration-test/target/test-dir/MiniOzoneClusterImpl-cb06fb2a-ab0d-4948-847f-ddb238a3933b/ozone-meta/datanode-1/ratis to VolumeSet
2025-02-13 19:48:45,316 [main] INFO  ozoneimpl.OzoneContainer (HddsVolumeUtil.java:loadAllHddsVolumeDbStore(103)) - Load 1 volumes DbStore cost: 0ms
2025-02-13 19:48:45,316 [main] WARN  db.DBStoreBuilder (DBStoreBuilder.java:getDBDirPath(172)) - ozone.scm.datanode.id.dir is not configured. We recommend adding this setting. Falling back to ozone.metadata.dirs instead.
2025-02-13 19:48:45,317 [main] WARN  db.DBStoreBuilder (DBStoreBuilder.java:getDBDirPath(172)) - ozone.scm.datanode.id.dir is not configured. We recommend adding this setting. Falling back to ozone.metadata.dirs instead.
2025-02-13 19:48:45,338 [main] INFO  impl.FilePerChunkStrategy (FilePerChunkStrategy.java:<init>(87)) - ozone.chunk.read.mapped.buffer.max.count is load with 0
2025-02-13 19:48:45,339 [main] INFO  impl.FilePerBlockStrategy (FilePerBlockStrategy.java:<init>(94)) - ozone.chunk.read.mapped.buffer.max.count is load with 0
2025-02-13 19:48:45,340 [main] INFO  server.RaftServerConfigKeys (ConfUtils.java:logGet(46)) - raft.server.log.appender.buffer.byte-limit = 33554432 (custom)
2025-02-13 19:48:45,341 [main] INFO  server.RaftServer (ConfUtils.java:logGet(46)) - raft.rpc.type = GRPC (default)
2025-02-13 19:48:45,341 [main] INFO  grpc.GrpcConfigKeys (ConfUtils.java:logFallback(53)) - raft.grpc.admin.host = null (fallback to raft.grpc.server.host)
2025-02-13 19:48:45,342 [main] INFO  grpc.GrpcConfigKeys (ConfUtils.java:logGet(46)) - raft.grpc.admin.port = 15034 (custom)
2025-02-13 19:48:45,342 [main] INFO  grpc.GrpcConfigKeys (ConfUtils.java:logFallback(53)) - raft.grpc.client.host = null (fallback to raft.grpc.server.host)
2025-02-13 19:48:45,342 [main] INFO  grpc.GrpcConfigKeys (ConfUtils.java:logGet(46)) - raft.grpc.client.port = 15033 (custom)
2025-02-13 19:48:45,342 [main] INFO  grpc.GrpcConfigKeys (ConfUtils.java:logGet(46)) - raft.grpc.server.host = null (default)
2025-02-13 19:48:45,342 [main] INFO  grpc.GrpcConfigKeys (ConfUtils.java:logGet(46)) - raft.grpc.server.port = 15035 (custom)
2025-02-13 19:48:45,342 [main] INFO  server.GrpcService (ConfUtils.java:logGet(46)) - raft.grpc.message.size.max = 34603008 (custom)
2025-02-13 19:48:45,342 [main] INFO  server.GrpcService (ConfUtils.java:logGet(46)) - raft.grpc.flow.control.window = 5MB (=5242880) (custom)
2025-02-13 19:48:45,342 [main] INFO  server.RaftServerConfigKeys (ConfUtils.java:logGet(46)) - raft.server.rpc.request.timeout = 60s (custom)
2025-02-13 19:48:45,342 [main] INFO  grpc.GrpcConfigKeys (ConfUtils.java:logGet(46)) - raft.grpc.server.heartbeat.channel = true (default)
2025-02-13 19:48:45,343 [main] INFO  server.RaftServerConfigKeys (ConfUtils.java:logGet(46)) - raft.server.log.appender.buffer.byte-limit = 33554432 (custom)
2025-02-13 19:48:45,343 [main] INFO  grpc.GrpcConfigKeys (ConfUtils.java:logGet(46)) - raft.grpc.server.async.request.thread.pool.cached = true (default)
2025-02-13 19:48:45,343 [main] INFO  grpc.GrpcConfigKeys (ConfUtils.java:logGet(46)) - raft.grpc.server.async.request.thread.pool.size = 32 (default)
2025-02-13 19:48:45,344 [main] INFO  impl.DataStreamServerImpl (ConfUtils.java:logGet(46)) - raft.datastream.type = NETTY (custom)
2025-02-13 19:48:45,344 [main] INFO  server.RaftServerConfigKeys (ConfUtils.java:logGet(46)) - raft.server.data-stream.async.request.thread.pool.cached = false (default)
2025-02-13 19:48:45,345 [main] INFO  server.RaftServerConfigKeys (ConfUtils.java:logGet(46)) - raft.server.data-stream.async.request.thread.pool.size = 20 (custom)
2025-02-13 19:48:45,345 [main] INFO  server.RaftServerConfigKeys (ConfUtils.java:logGet(46)) - raft.server.data-stream.async.write.thread.pool.size = 16 (default)
2025-02-13 19:48:45,345 [main] INFO  netty.NettyConfigKeys$DataStream (ConfUtils.java:logGet(46)) - raft.netty.dataStream.server.channel.inactive.grace-period = 10min (default)
2025-02-13 19:48:45,345 [main] INFO  server.RaftServerConfigKeys (ConfUtils.java:logGet(46)) - raft.server.data-stream.client.pool.size = 10 (default)
2025-02-13 19:48:45,345 [main] INFO  netty.NettyConfigKeys$DataStream (ConfUtils.java:logGet(46)) - raft.netty.dataStream.server.use-epoll = true (default)
2025-02-13 19:48:45,345 [main] INFO  netty.NettyConfigKeys$DataStream (ConfUtils.java:logGet(46)) - raft.netty.dataStream.server.boss-group.size = 0 (default)
2025-02-13 19:48:45,345 [main] INFO  netty.NettyUtils (NettyUtils.java:newEventLoopGroup(74)) - Create EpollEventLoopGroup for f7573150-f7fb-412c-af68-fa9c822a7cbe-NettyServerStreamRpc-bossGroup; Thread size is 0.
2025-02-13 19:48:45,346 [main] INFO  netty.NettyConfigKeys$DataStream (ConfUtils.java:logGet(46)) - raft.netty.dataStream.server.worker-group.size = 0 (default)
2025-02-13 19:48:45,346 [main] INFO  netty.NettyUtils (NettyUtils.java:newEventLoopGroup(74)) - Create EpollEventLoopGroup for f7573150-f7fb-412c-af68-fa9c822a7cbe-NettyServerStreamRpc-workerGroup; Thread size is 0.
2025-02-13 19:48:45,347 [main] INFO  netty.NettyConfigKeys$DataStream (ConfUtils.java:logGet(46)) - raft.netty.dataStream.server.tls.conf = null (default)
2025-02-13 19:48:45,347 [main] INFO  netty.NettyConfigKeys$DataStream (ConfUtils.java:logGet(46)) - raft.netty.dataStream.host = null (default)
2025-02-13 19:48:45,347 [main] INFO  netty.NettyConfigKeys$DataStream (ConfUtils.java:logGet(46)) - raft.netty.dataStream.port = 15036 (custom)
2025-02-13 19:48:45,348 [main] INFO  server.RaftServerConfigKeys (ConfUtils.java:logGet(46)) - raft.server.sleep.deviation.threshold = 300ms (default)
2025-02-13 19:48:45,348 [main] INFO  server.RaftServerConfigKeys (ConfUtils.java:logGet(46)) - raft.server.close.threshold = 60s (default)
2025-02-13 19:48:45,348 [main] INFO  server.RaftServerConfigKeys (ConfUtils.java:logGet(46)) - raft.server.leaderelection.leader.step-down.wait-time = 10s (default)
2025-02-13 19:48:45,348 [f7573150-f7fb-412c-af68-fa9c822a7cbe-NettyServerStreamRpc-bossGroup--thread1] INFO  logging.LoggingHandler (AbstractInternalLogger.java:log(148)) - [id: 0x35829adf] REGISTERED
2025-02-13 19:48:45,348 [main] INFO  server.RaftServerConfigKeys (ConfUtils.java:logGet(46)) - raft.server.storage.dir = [/home/runner/work/ozone/ozone/hadoop-ozone/integration-test/target/test-dir/MiniOzoneClusterImpl-cb06fb2a-ab0d-4948-847f-ddb238a3933b/ozone-meta/datanode-1/ratis] (custom)
2025-02-13 19:48:45,348 [main] INFO  server.RaftServerConfigKeys (ConfUtils.java:logGet(46)) - raft.server.threadpool.proxy.cached = true (default)
2025-02-13 19:48:45,349 [main] INFO  server.RaftServerConfigKeys (ConfUtils.java:logGet(46)) - raft.server.threadpool.proxy.size = 0 (default)
2025-02-13 19:48:45,348 [f7573150-f7fb-412c-af68-fa9c822a7cbe-NettyServerStreamRpc-bossGroup--thread1] INFO  logging.LoggingHandler (AbstractInternalLogger.java:log(148)) - [id: 0x35829adf] BIND: 0.0.0.0/0.0.0.0:15036
2025-02-13 19:48:45,349 [f7573150-f7fb-412c-af68-fa9c822a7cbe-NettyServerStreamRpc-bossGroup--thread1] INFO  logging.LoggingHandler (AbstractInternalLogger.java:log(148)) - [id: 0x35829adf, L:/0.0.0.0:15036] ACTIVE
2025-02-13 19:48:45,349 [f7573150-f7fb-412c-af68-fa9c822a7cbe-impl-thread1] INFO  server.RaftServer (RaftServerProxy.java:initGroupDir(265)) - f7573150-f7fb-412c-af68-fa9c822a7cbe: found a subdirectory /home/runner/work/ozone/ozone/hadoop-ozone/integration-test/target/test-dir/MiniOzoneClusterImpl-cb06fb2a-ab0d-4948-847f-ddb238a3933b/ozone-meta/datanode-1/ratis/tmp
2025-02-13 19:48:45,350 [f7573150-f7fb-412c-af68-fa9c822a7cbe-impl-thread1] INFO  server.RaftServer (RaftServerProxy.java:initGroupDir(270)) - f7573150-f7fb-412c-af68-fa9c822a7cbe: The directory /home/runner/work/ozone/ozone/hadoop-ozone/integration-test/target/test-dir/MiniOzoneClusterImpl-cb06fb2a-ab0d-4948-847f-ddb238a3933b/ozone-meta/datanode-1/ratis/tmp is not a group directory; ignoring it. 
2025-02-13 19:48:45,350 [main] INFO  replication.ReplicationServer (ReplicationServer.java:<init>(86)) - Initializing replication server with thread count = 10 queue length = 4096
2025-02-13 19:48:45,351 [main] INFO  server.XceiverServerGrpc (XceiverServerGrpc.java:<init>(135)) - GrpcServer channel type EpollServerSocketChannel
2025-02-13 19:48:45,353 [main] INFO  replication.ReplicationSupervisor (ReplicationSupervisor.java:build(171)) - Initializing replication supervisor with thread count = 10
2025-02-13 19:48:45,353 [main] INFO  replication.ReplicationSupervisor (ReplicationSupervisor.java:nodeStateUpdated(360)) - Node state updated to IN_SERVICE, scaling executor pool size to 10
2025-02-13 19:48:45,360 [main] INFO  http.BaseHttpServer (BaseHttpServer.java:newHttpServer2BuilderForOzone(232)) - Starting Web-server for hddsDatanode at: http://0.0.0.0:15030
2025-02-13 19:48:45,360 [main] INFO  http.BaseHttpServer (BaseHttpServer.java:<init>(110)) - Hadoop Security Enabled: false Ozone Security Enabled: false Ozone HTTP Security Enabled: false 
2025-02-13 19:48:45,362 [main] WARN  server.AuthenticationFilter (AuthenticationFilter.java:constructSecretProvider(240)) - Unable to initialize FileSignerSecretProvider, falling back to use random secrets. Reason: Could not read signature secret file: /home/runner/hadoop-http-auth-signature-secret
2025-02-13 19:48:45,363 [main] INFO  http.HttpRequestLog (HttpRequestLog.java:getRequestLog(86)) - Http request log for http.requests.hddsDatanode is not defined
2025-02-13 19:48:45,369 [main] INFO  http.HttpServer2 (HttpServer2.java:addGlobalFilter(1040)) - Added global filter 'safety' (class=org.apache.hadoop.hdds.server.http.HttpServer2$QuotingInputFilter)
2025-02-13 19:48:45,371 [main] INFO  http.HttpServer2 (HttpServer2.java:addFilter(1016)) - Added filter static_user_filter (class=org.apache.hadoop.http.lib.StaticUserWebFilter$StaticUserFilter) to context hddsDatanode
2025-02-13 19:48:45,371 [main] INFO  http.HttpServer2 (HttpServer2.java:addFilter(1024)) - Added filter static_user_filter (class=org.apache.hadoop.http.lib.StaticUserWebFilter$StaticUserFilter) to context logs
2025-02-13 19:48:45,371 [main] INFO  http.HttpServer2 (HttpServer2.java:addFilter(1024)) - Added filter static_user_filter (class=org.apache.hadoop.http.lib.StaticUserWebFilter$StaticUserFilter) to context static
2025-02-13 19:48:45,371 [main] INFO  http.BaseHttpServer (BaseHttpServer.java:<init>(198)) - HTTP server of hddsDatanode uses base directory /home/runner/work/ozone/ozone/hadoop-ozone/integration-test/target/test-dir/MiniOzoneClusterImpl-cb06fb2a-ab0d-4948-847f-ddb238a3933b/ozone-meta/datanode-1/meta/webserver
2025-02-13 19:48:45,372 [main] INFO  http.HttpServer2 (HttpServer2.java:bindListener(1240)) - Jetty bound to port 15030
2025-02-13 19:48:45,372 [main] INFO  server.Server (Server.java:doStart(375)) - jetty-9.4.57.v20241219; built: 2025-01-08T21:24:30.412Z; git: df524e6b29271c2e09ba9aea83c18dc9db464a31; jvm 21.0.6+7-LTS
2025-02-13 19:48:45,373 [main] INFO  server.session (DefaultSessionIdManager.java:doStart(334)) - DefaultSessionIdManager workerName=node0
2025-02-13 19:48:45,373 [main] INFO  server.session (DefaultSessionIdManager.java:doStart(339)) - No SessionScavenger set, using defaults
2025-02-13 19:48:45,373 [main] INFO  server.session (HouseKeeper.java:startScavenging(132)) - node0 Scavenging every 600000ms
2025-02-13 19:48:45,374 [main] INFO  handler.ContextHandler (ContextHandler.java:doStart(921)) - Started o.e.j.s.ServletContextHandler@121f1533{logs,/logs,file:///home/runner/work/ozone/ozone/hadoop-ozone/integration-test/target/log,AVAILABLE}
2025-02-13 19:48:45,375 [main] INFO  handler.ContextHandler (ContextHandler.java:doStart(921)) - Started o.e.j.s.ServletContextHandler@73797a74{static,/static,jar:file:/home/runner/work/ozone/ozone/hadoop-hdds/container-service/target/hdds-container-service-2.0.0-SNAPSHOT.jar!/webapps/static,AVAILABLE}
2025-02-13 19:48:45,540 [main] INFO  handler.ContextHandler (ContextHandler.java:doStart(921)) - Started o.e.j.w.WebAppContext@129529e3{hddsDatanode,/,file:///home/runner/work/ozone/ozone/hadoop-ozone/integration-test/target/test-dir/MiniOzoneClusterImpl-cb06fb2a-ab0d-4948-847f-ddb238a3933b/ozone-meta/datanode-1/meta/webserver/jetty-0_0_0_0-15030-hdds-container-service-2_0_0-SNAPSHOT_jar-_-any-12900282038194288825/webapp/,AVAILABLE}{jar:file:/home/runner/work/ozone/ozone/hadoop-hdds/container-service/target/hdds-container-service-2.0.0-SNAPSHOT.jar!/webapps/hddsDatanode}
2025-02-13 19:48:45,541 [main] INFO  server.AbstractConnector (AbstractConnector.java:doStart(333)) - Started ServerConnector@27f0979{HTTP/1.1, (http/1.1)}{0.0.0.0:15030}
2025-02-13 19:48:45,541 [main] INFO  server.Server (Server.java:doStart(415)) - Started @41705ms
2025-02-13 19:48:45,541 [main] WARN  impl.MetricsSystemImpl (MetricsSystemImpl.java:register(279)) - Sink prometheus already exists!
2025-02-13 19:48:45,542 [main] INFO  http.BaseHttpServer (BaseHttpServer.java:updateConnectorAddress(363)) - HTTP server of hddsDatanode listening at http://0.0.0.0:15030
2025-02-13 19:48:45,543 [main] INFO  ipc.CallQueueManager (CallQueueManager.java:<init>(93)) - Using callQueue: class java.util.concurrent.LinkedBlockingQueue, queueCapacity: 1000, scheduler: class org.apache.hadoop.ipc.DefaultRpcScheduler, ipcBackoff: false, ipcFailOver: false.
2025-02-13 19:48:45,544 [main] INFO  ipc.Server (Server.java:<init>(1438)) - Listener at 0.0.0.0:15031
2025-02-13 19:48:45,545 [Socket Reader #1 for port 15031] INFO  ipc.Server (Server.java:run(1474)) - Starting Socket Reader #1 for port 15031
2025-02-13 19:48:45,545 [Socket Reader #2 for port 15031] INFO  ipc.Server (Server.java:run(1474)) - Starting Socket Reader #2 for port 15031
2025-02-13 19:48:45,545 [Socket Reader #3 for port 15031] INFO  ipc.Server (Server.java:run(1474)) - Starting Socket Reader #3 for port 15031
2025-02-13 19:48:45,545 [Socket Reader #4 for port 15031] INFO  ipc.Server (Server.java:run(1474)) - Starting Socket Reader #4 for port 15031
2025-02-13 19:48:45,546 [Socket Reader #5 for port 15031] INFO  ipc.Server (Server.java:run(1474)) - Starting Socket Reader #5 for port 15031
2025-02-13 19:48:45,546 [Socket Reader #6 for port 15031] INFO  ipc.Server (Server.java:run(1474)) - Starting Socket Reader #6 for port 15031
2025-02-13 19:48:45,546 [Socket Reader #7 for port 15031] INFO  ipc.Server (Server.java:run(1474)) - Starting Socket Reader #7 for port 15031
2025-02-13 19:48:45,547 [Socket Reader #8 for port 15031] INFO  ipc.Server (Server.java:run(1474)) - Starting Socket Reader #8 for port 15031
2025-02-13 19:48:45,547 [Socket Reader #9 for port 15031] INFO  ipc.Server (Server.java:run(1474)) - Starting Socket Reader #9 for port 15031
2025-02-13 19:48:45,547 [Socket Reader #10 for port 15031] INFO  ipc.Server (Server.java:run(1474)) - Starting Socket Reader #10 for port 15031
2025-02-13 19:48:45,549 [main] INFO  ozone.HddsDatanodeService (HddsDatanodeService.java:start(336)) - Datanode start with admins: [runner]
2025-02-13 19:48:45,550 [main] INFO  ozone.HddsDatanodeClientProtocolServer (HddsDatanodeClientProtocolServer.java:start(79)) - RPC server for Client /0.0.0.0:15031
2025-02-13 19:48:45,550 [IPC Server Responder] INFO  ipc.Server (Server.java:run(1713)) - IPC Server Responder: starting
2025-02-13 19:48:45,550 [IPC Server listener on 15031] INFO  ipc.Server (Server.java:run(1553)) - IPC Server listener on 15031: starting
2025-02-13 19:48:45,556 [main] INFO  ozone.MiniOzoneClusterImpl (MiniOzoneClusterImpl.java:lambda$waitForClusterToBeReady$0(211)) - Waiting for nodes to be ready. Got 0 of 1 DN Heartbeats.
2025-02-13 19:48:45,556 [main] INFO  ozone.MiniOzoneClusterImpl (MiniOzoneClusterImpl.java:lambda$waitForClusterToBeReady$0(214)) - Waiting for cluster to exit safe mode
2025-02-13 19:48:45,556 [main] INFO  ozone.MiniOzoneClusterImpl (MiniOzoneClusterImpl.java:lambda$waitForClusterToBeReady$0(216)) - SCM became leader
2025-02-13 19:48:45,557 [f7573150-f7fb-412c-af68-fa9c822a7cbe-DatanodeStateMachineDaemonThread] INFO  statemachine.DatanodeStateMachine (DatanodeStateMachine.java:startStateMachineThread(337)) - Ozone container server started.
2025-02-13 19:48:45,561 [f7573150-f7fb-412c-af68-fa9c822a7cbe-DatanodeStateMachineTaskThread-0] INFO  datanode.InitDatanodeState (InitDatanodeState.java:persistContainerDatanodeDetails(139)) - DatanodeDetails is persisted to /home/runner/work/ozone/ozone/hadoop-ozone/integration-test/target/test-dir/MiniOzoneClusterImpl-cb06fb2a-ab0d-4948-847f-ddb238a3933b/ozone-meta/datanode-1/meta/datanode.id
2025-02-13 19:48:46,418 [om1@group-C5BA1605619E-FollowerState] INFO  impl.FollowerState (FollowerState.java:runImpl(161)) - om1@group-C5BA1605619E-FollowerState: change to CANDIDATE, lastRpcElapsedTime:1164209216ns, electionTimeout:1153ms
2025-02-13 19:48:46,418 [om1@group-C5BA1605619E-FollowerState] INFO  impl.RoleInfo (RoleInfo.java:shutdownFollowerState(121)) - om1: shutdown om1@group-C5BA1605619E-FollowerState
2025-02-13 19:48:46,419 [om1@group-C5BA1605619E-FollowerState] INFO  server.RaftServer$Division (RaftServerImpl.java:setRole(378)) - om1@group-C5BA1605619E: changes role from  FOLLOWER to CANDIDATE at term 0 for changeToCandidate
2025-02-13 19:48:46,419 [om1@group-C5BA1605619E-FollowerState] INFO  server.RaftServerConfigKeys (ConfUtils.java:logGet(46)) - raft.server.leaderelection.pre-vote = true (default)
2025-02-13 19:48:46,419 [om1@group-C5BA1605619E-FollowerState] INFO  impl.RoleInfo (RoleInfo.java:updateAndGet(148)) - om1: start om1@group-C5BA1605619E-LeaderElection6
2025-02-13 19:48:46,419 [om1@group-C5BA1605619E-LeaderElection6] INFO  impl.LeaderElection (LeaderElection.java:askForVotes(332)) - om1@group-C5BA1605619E-LeaderElection6 PRE_VOTE round 0: submit vote requests at term 0 for conf: {index: -1, cur=peers:[om1|localhost:15028]|listeners:[], old=null}
2025-02-13 19:48:46,419 [om1@group-C5BA1605619E-LeaderElection6] INFO  impl.LeaderElection (LeaderElection.java:askForVotes(334)) - om1@group-C5BA1605619E-LeaderElection6 PRE_VOTE round 0: result PASSED (term=0)
2025-02-13 19:48:46,421 [om1@group-C5BA1605619E-LeaderElection6] INFO  impl.LeaderElection (LeaderElection.java:askForVotes(332)) - om1@group-C5BA1605619E-LeaderElection6 ELECTION round 0: submit vote requests at term 1 for conf: {index: -1, cur=peers:[om1|localhost:15028]|listeners:[], old=null}
2025-02-13 19:48:46,421 [om1@group-C5BA1605619E-LeaderElection6] INFO  impl.LeaderElection (LeaderElection.java:askForVotes(334)) - om1@group-C5BA1605619E-LeaderElection6 ELECTION round 0: result PASSED (term=1)
2025-02-13 19:48:46,421 [om1@group-C5BA1605619E-LeaderElection6] INFO  impl.RoleInfo (RoleInfo.java:shutdownLeaderElection(141)) - om1: shutdown om1@group-C5BA1605619E-LeaderElection6
2025-02-13 19:48:46,421 [om1@group-C5BA1605619E-LeaderElection6] INFO  server.RaftServer$Division (RaftServerImpl.java:setRole(378)) - om1@group-C5BA1605619E: changes role from CANDIDATE to LEADER at term 1 for changeToLeader
2025-02-13 19:48:46,421 [om1@group-C5BA1605619E-LeaderElection6] INFO  server.RaftServerConfigKeys (ConfUtils.java:logGet(46)) - raft.server.staging.catchup.gap = 1000 (default)
2025-02-13 19:48:46,422 [om1@group-C5BA1605619E-LeaderElection6] INFO  server.RaftServerConfigKeys (ConfUtils.java:logGet(46)) - raft.server.write.element-limit = 4096 (default)
2025-02-13 19:48:46,422 [om1@group-C5BA1605619E-LeaderElection6] INFO  server.RaftServerConfigKeys (ConfUtils.java:logGet(46)) - raft.server.write.byte-limit = 64MB (=67108864) (default)
2025-02-13 19:48:46,422 [om1@group-C5BA1605619E-LeaderElection6] INFO  server.RaftServerConfigKeys (ConfUtils.java:logGet(46)) - raft.server.watch.timeout = 10s (default)
2025-02-13 19:48:46,422 [om1@group-C5BA1605619E-LeaderElection6] INFO  server.RaftServerConfigKeys (ConfUtils.java:logGet(46)) - raft.server.watch.timeout.denomination = 1s (default)
2025-02-13 19:48:46,422 [om1@group-C5BA1605619E-LeaderElection6] INFO  server.RaftServerConfigKeys (ConfUtils.java:logGet(46)) - raft.server.watch.element-limit = 65536 (default)
2025-02-13 19:48:46,422 [om1@group-C5BA1605619E-LeaderElection6] INFO  server.RaftServerConfigKeys (ConfUtils.java:logGet(46)) - raft.server.read.leader.lease.enabled = false (default)
2025-02-13 19:48:46,422 [om1@group-C5BA1605619E-LeaderElection6] INFO  server.RaftServerConfigKeys (ConfUtils.java:logGet(46)) - raft.server.read.leader.lease.timeout.ratio = 0.9 (default)
2025-02-13 19:48:46,423 [om1@group-C5BA1605619E-LeaderElection6] INFO  server.RaftServerConfigKeys (ConfUtils.java:logGet(46)) - raft.server.rpc.timeout.min = 1s (custom)
2025-02-13 19:48:46,423 [om1@group-C5BA1605619E-LeaderElection6] INFO  server.RaftServerConfigKeys (ConfUtils.java:logGet(46)) - raft.server.log.log-metadata.enabled = true (default)
2025-02-13 19:48:46,423 [om1@group-C5BA1605619E-LeaderElection6] INFO  server.RaftServerConfigKeys (ConfUtils.java:logGet(46)) - raft.server.write.element-limit = 4096 (default)
2025-02-13 19:48:46,423 [om1@group-C5BA1605619E-LeaderElection6] INFO  server.RaftServerConfigKeys (ConfUtils.java:logGet(46)) - raft.server.write.follower.gap.ratio.max = -1.0 (default)
2025-02-13 19:48:46,423 [om1@group-C5BA1605619E-LeaderElection6] INFO  impl.RoleInfo (RoleInfo.java:updateAndGet(148)) - om1: start om1@group-C5BA1605619E-LeaderStateImpl
2025-02-13 19:48:46,423 [om1@group-C5BA1605619E-LeaderElection6] INFO  server.RaftServer$Division (RaftServerImpl.java:setFirstElection(562)) - om1@group-C5BA1605619E: set firstElectionSinceStartup to false for becomeLeader
2025-02-13 19:48:46,423 [om1@group-C5BA1605619E-LeaderElection6] INFO  ratis.OzoneManagerStateMachine (OzoneManagerStateMachine.java:notifyLeaderChanged(165)) - om1@group-C5BA1605619E: leader changed to om1
2025-02-13 19:48:46,424 [om1@group-C5BA1605619E-LeaderElection6] INFO  server.RaftServer$Division (ServerState.java:setLeader(272)) - om1@group-C5BA1605619E: change Leader from null to om1 at term 1 for becomeLeader, leader elected after 1601ms
2025-02-13 19:48:46,424 [om1@group-C5BA1605619E-LeaderElection6] INFO  segmented.SegmentedRaftLogWorker (SegmentedRaftLogWorker.java:startLogSegment(438)) - om1@group-C5BA1605619E-SegmentedRaftLogWorker: Starting segment from index:0
2025-02-13 19:48:46,424 [om1@group-C5BA1605619E-LeaderElection6] INFO  server.RaftServer$Division (ServerState.java:setRaftConf(386)) - om1@group-C5BA1605619E: set configuration conf: {index: 0, cur=peers:[om1|localhost:15028]|listeners:[], old=null}
2025-02-13 19:48:46,424 [om1@group-C5BA1605619E-SegmentedRaftLogWorker] INFO  segmented.BufferedWriteChannel (BufferedWriteChannel.java:open(61)) - open log_inprogress_0 at position 0
2025-02-13 19:48:46,433 [om1@group-C5BA1605619E-SegmentedRaftLogWorker] INFO  segmented.SegmentedRaftLogWorker (SegmentedRaftLogWorker.java:execute(644)) - om1@group-C5BA1605619E-SegmentedRaftLogWorker: created new log segment /home/runner/work/ozone/ozone/hadoop-ozone/integration-test/target/test-dir/MiniOzoneClusterImpl-cb06fb2a-ab0d-4948-847f-ddb238a3933b/ozone-meta/ratis/bf265839-605b-3f16-9796-c5ba1605619e/current/log_inprogress_0
2025-02-13 19:48:46,435 [om1@group-C5BA1605619E-StateMachineUpdater] INFO  ratis.OzoneManagerStateMachine (OzoneManagerStateMachine.java:notifyConfigurationChanged(227)) - notifyConfigurationChanged from Ratis: term=1, index=0, New Peer list: om1(localhost:15028)
2025-02-13 19:48:46,435 [om1@group-C5BA1605619E-StateMachineUpdater] INFO  server.RaftServer$Division (LeaderStateImpl.java:checkStartIndex(313)) - Leader om1@group-C5BA1605619E-LeaderStateImpl is ready since appliedIndex == startIndex == 0
2025-02-13 19:48:46,556 [main] INFO  ozone.MiniOzoneClusterImpl (MiniOzoneClusterImpl.java:lambda$waitForClusterToBeReady$0(211)) - Waiting for nodes to be ready. Got 0 of 1 DN Heartbeats.
2025-02-13 19:48:46,556 [main] INFO  ozone.MiniOzoneClusterImpl (MiniOzoneClusterImpl.java:lambda$waitForClusterToBeReady$0(214)) - Waiting for cluster to exit safe mode
2025-02-13 19:48:46,556 [main] INFO  ozone.MiniOzoneClusterImpl (MiniOzoneClusterImpl.java:lambda$waitForClusterToBeReady$0(216)) - SCM became leader
2025-02-13 19:48:47,557 [main] INFO  ozone.MiniOzoneClusterImpl (MiniOzoneClusterImpl.java:lambda$waitForClusterToBeReady$0(211)) - Waiting for nodes to be ready. Got 0 of 1 DN Heartbeats.
2025-02-13 19:48:47,557 [main] INFO  ozone.MiniOzoneClusterImpl (MiniOzoneClusterImpl.java:lambda$waitForClusterToBeReady$0(214)) - Waiting for cluster to exit safe mode
2025-02-13 19:48:47,557 [main] INFO  ozone.MiniOzoneClusterImpl (MiniOzoneClusterImpl.java:lambda$waitForClusterToBeReady$0(216)) - SCM became leader
2025-02-13 19:48:47,588 [f7573150-f7fb-412c-af68-fa9c822a7cbe-EndpointStateMachineTaskThread-/0.0.0.0:15021-0 ] INFO  utils.DatanodeStoreCache (DatanodeStoreCache.java:addDB(72)) - Added db /home/runner/work/ozone/ozone/hadoop-ozone/integration-test/target/test-dir/MiniOzoneClusterImpl-cb06fb2a-ab0d-4948-847f-ddb238a3933b/ozone-meta/datanode-1/data-0/hdds/cb06fb2a-ab0d-4948-847f-ddb238a3933b/DS-c113e870-d7b4-4479-8f8d-ebd7effab7d4/container.db to cache
2025-02-13 19:48:47,588 [f7573150-f7fb-412c-af68-fa9c822a7cbe-EndpointStateMachineTaskThread-/0.0.0.0:15021-0 ] INFO  volume.HddsVolume (HddsVolume.java:createDbStore(448)) - SchemaV3 db is created and loaded at /home/runner/work/ozone/ozone/hadoop-ozone/integration-test/target/test-dir/MiniOzoneClusterImpl-cb06fb2a-ab0d-4948-847f-ddb238a3933b/ozone-meta/datanode-1/data-0/hdds/cb06fb2a-ab0d-4948-847f-ddb238a3933b/DS-c113e870-d7b4-4479-8f8d-ebd7effab7d4/container.db for volume DS-c113e870-d7b4-4479-8f8d-ebd7effab7d4
2025-02-13 19:48:47,591 [f7573150-f7fb-412c-af68-fa9c822a7cbe-ContainerReader-0] INFO  ozoneimpl.ContainerReader (ContainerReader.java:readVolume(148)) - Start to verify containers on volume /home/runner/work/ozone/ozone/hadoop-ozone/integration-test/target/test-dir/MiniOzoneClusterImpl-cb06fb2a-ab0d-4948-847f-ddb238a3933b/ozone-meta/datanode-1/data-0/hdds
2025-02-13 19:48:47,591 [f7573150-f7fb-412c-af68-fa9c822a7cbe-ContainerReader-0] INFO  ozoneimpl.ContainerReader (ContainerReader.java:readVolume(178)) - Finish verifying containers on volume /home/runner/work/ozone/ozone/hadoop-ozone/integration-test/target/test-dir/MiniOzoneClusterImpl-cb06fb2a-ab0d-4948-847f-ddb238a3933b/ozone-meta/datanode-1/data-0/hdds
2025-02-13 19:48:47,591 [f7573150-f7fb-412c-af68-fa9c822a7cbe-EndpointStateMachineTaskThread-/0.0.0.0:15021-0 ] INFO  ozoneimpl.OzoneContainer (OzoneContainer.java:buildContainerSet(359)) - Build ContainerSet costs 0s
2025-02-13 19:48:47,591 [f7573150-f7fb-412c-af68-fa9c822a7cbe-EndpointStateMachineTaskThread-/0.0.0.0:15021-0 ] INFO  volume.ThrottledAsyncChecker (ThrottledAsyncChecker.java:schedule(141)) - Scheduling a check for /home/runner/work/ozone/ozone/hadoop-ozone/integration-test/target/test-dir/MiniOzoneClusterImpl-cb06fb2a-ab0d-4948-847f-ddb238a3933b/ozone-meta/datanode-1/data-0/hdds
2025-02-13 19:48:47,592 [f7573150-f7fb-412c-af68-fa9c822a7cbe-EndpointStateMachineTaskThread-/0.0.0.0:15021-0 ] INFO  volume.StorageVolumeChecker (StorageVolumeChecker.java:checkAllVolumes(218)) - Scheduled health check for volume /home/runner/work/ozone/ozone/hadoop-ozone/integration-test/target/test-dir/MiniOzoneClusterImpl-cb06fb2a-ab0d-4948-847f-ddb238a3933b/ozone-meta/datanode-1/data-0/hdds
2025-02-13 19:48:47,593 [f7573150-f7fb-412c-af68-fa9c822a7cbe-EndpointStateMachineTaskThread-/0.0.0.0:15021-0 ] INFO  volume.ThrottledAsyncChecker (ThrottledAsyncChecker.java:schedule(141)) - Scheduling a check for /home/runner/work/ozone/ozone/hadoop-ozone/integration-test/target/test-dir/MiniOzoneClusterImpl-cb06fb2a-ab0d-4948-847f-ddb238a3933b/ozone-meta/datanode-1/ratis
2025-02-13 19:48:47,593 [f7573150-f7fb-412c-af68-fa9c822a7cbe-EndpointStateMachineTaskThread-/0.0.0.0:15021-0 ] INFO  volume.StorageVolumeChecker (StorageVolumeChecker.java:checkAllVolumes(218)) - Scheduled health check for volume /home/runner/work/ozone/ozone/hadoop-ozone/integration-test/target/test-dir/MiniOzoneClusterImpl-cb06fb2a-ab0d-4948-847f-ddb238a3933b/ozone-meta/datanode-1/ratis
2025-02-13 19:48:47,594 [f7573150-f7fb-412c-af68-fa9c822a7cbe-EndpointStateMachineTaskThread-/0.0.0.0:15021-0 ] INFO  ozoneimpl.OzoneContainer (OzoneContainer.java:start(502)) - Attempting to start container services.
2025-02-13 19:48:47,595 [ContainerMetadataScanner] INFO  ozoneimpl.AbstractBackgroundContainerScanner (AbstractBackgroundContainerScanner.java:runIteration(87)) - Completed an iteration in 0 minutes. Number of iterations (since the data-node restart) : 1, Number of containers scanned in this iteration : 0, Number of unhealthy containers found in this iteration : 0
2025-02-13 19:48:47,596 [ContainerDataScanner(/home/runner/work/ozone/ozone/hadoop-ozone/integration-test/target/test-dir/MiniOzoneClusterImpl-cb06fb2a-ab0d-4948-847f-ddb238a3933b/ozone-meta/datanode-1/data-0/hdds)] INFO  ozoneimpl.AbstractBackgroundContainerScanner (AbstractBackgroundContainerScanner.java:runIteration(87)) - Completed an iteration in 0 minutes. Number of iterations (since the data-node restart) : 1, Number of containers scanned in this iteration : 0, Number of unhealthy containers found in this iteration : 0
2025-02-13 19:48:47,596 [f7573150-f7fb-412c-af68-fa9c822a7cbe-EndpointStateMachineTaskThread-/0.0.0.0:15021-0 ] INFO  replication.ReplicationServer (ReplicationServer.java:start(139)) - ReplicationServer is started using port 15037
2025-02-13 19:48:47,596 [f7573150-f7fb-412c-af68-fa9c822a7cbe-EndpointStateMachineTaskThread-/0.0.0.0:15021-0 ] INFO  ratis.XceiverServerRatis (XceiverServerRatis.java:start(561)) - Starting XceiverServerRatis(f7573150-f7fb-412c-af68-fa9c822a7cbe)
2025-02-13 19:48:47,597 [f7573150-f7fb-412c-af68-fa9c822a7cbe-EndpointStateMachineTaskThread-/0.0.0.0:15021-0 ] INFO  server.RaftServer (RaftServerProxy.java:startImpl(407)) - f7573150-f7fb-412c-af68-fa9c822a7cbe: start RPC server
2025-02-13 19:48:47,598 [f7573150-f7fb-412c-af68-fa9c822a7cbe-EndpointStateMachineTaskThread-/0.0.0.0:15021-0 ] INFO  server.GrpcService (GrpcService.java:startImpl(334)) - f7573150-f7fb-412c-af68-fa9c822a7cbe: GrpcService started, listening on 15033
2025-02-13 19:48:47,598 [f7573150-f7fb-412c-af68-fa9c822a7cbe-EndpointStateMachineTaskThread-/0.0.0.0:15021-0 ] INFO  server.GrpcService (GrpcService.java:startImpl(334)) - f7573150-f7fb-412c-af68-fa9c822a7cbe: GrpcService started, listening on 15035
2025-02-13 19:48:47,599 [f7573150-f7fb-412c-af68-fa9c822a7cbe-EndpointStateMachineTaskThread-/0.0.0.0:15021-0 ] INFO  server.GrpcService (GrpcService.java:startImpl(334)) - f7573150-f7fb-412c-af68-fa9c822a7cbe: GrpcService started, listening on 15034
2025-02-13 19:48:47,599 [f7573150-f7fb-412c-af68-fa9c822a7cbe-EndpointStateMachineTaskThread-/0.0.0.0:15021-0 ] INFO  ratis.XceiverServerRatis (XceiverServerRatis.java:getRealPort(588)) - XceiverServerRatis(f7573150-f7fb-412c-af68-fa9c822a7cbe) is started using port RATIS=15033
2025-02-13 19:48:47,599 [f7573150-f7fb-412c-af68-fa9c822a7cbe-EndpointStateMachineTaskThread-/0.0.0.0:15021-0 ] INFO  ratis.XceiverServerRatis (XceiverServerRatis.java:getRealPort(588)) - XceiverServerRatis(f7573150-f7fb-412c-af68-fa9c822a7cbe) is started using port RATIS_ADMIN=15034
2025-02-13 19:48:47,599 [f7573150-f7fb-412c-af68-fa9c822a7cbe-EndpointStateMachineTaskThread-/0.0.0.0:15021-0 ] INFO  ratis.XceiverServerRatis (XceiverServerRatis.java:getRealPort(588)) - XceiverServerRatis(f7573150-f7fb-412c-af68-fa9c822a7cbe) is started using port RATIS_SERVER=15035
2025-02-13 19:48:47,599 [f7573150-f7fb-412c-af68-fa9c822a7cbe-EndpointStateMachineTaskThread-/0.0.0.0:15021-0 ] INFO  ratis.XceiverServerRatis (XceiverServerRatis.java:getRealPort(588)) - XceiverServerRatis(f7573150-f7fb-412c-af68-fa9c822a7cbe) is started using port RATIS_DATASTREAM=15036
2025-02-13 19:48:47,599 [JvmPauseMonitor7] INFO  util.JvmPauseMonitor (JvmPauseMonitor.java:run(146)) - JvmPauseMonitor-f7573150-f7fb-412c-af68-fa9c822a7cbe: Started
2025-02-13 19:48:47,600 [f7573150-f7fb-412c-af68-fa9c822a7cbe-BlockDeletingService#0] INFO  interfaces.ContainerDeletionChoosingPolicyTemplate (ContainerDeletionChoosingPolicyTemplate.java:chooseContainerForBlockDeletion(85)) - Chosen 0/5000 blocks from 0 candidate containers.
2025-02-13 19:48:48,557 [main] INFO  ozone.MiniOzoneClusterImpl (MiniOzoneClusterImpl.java:lambda$waitForClusterToBeReady$0(211)) - Waiting for nodes to be ready. Got 0 of 1 DN Heartbeats.
2025-02-13 19:48:48,557 [main] INFO  ozone.MiniOzoneClusterImpl (MiniOzoneClusterImpl.java:lambda$waitForClusterToBeReady$0(214)) - Waiting for cluster to exit safe mode
2025-02-13 19:48:48,558 [main] INFO  ozone.MiniOzoneClusterImpl (MiniOzoneClusterImpl.java:lambda$waitForClusterToBeReady$0(216)) - SCM became leader
2025-02-13 19:48:49,558 [main] INFO  ozone.MiniOzoneClusterImpl (MiniOzoneClusterImpl.java:lambda$waitForClusterToBeReady$0(211)) - Waiting for nodes to be ready. Got 0 of 1 DN Heartbeats.
2025-02-13 19:48:49,558 [main] INFO  ozone.MiniOzoneClusterImpl (MiniOzoneClusterImpl.java:lambda$waitForClusterToBeReady$0(214)) - Waiting for cluster to exit safe mode
2025-02-13 19:48:49,558 [main] INFO  ozone.MiniOzoneClusterImpl (MiniOzoneClusterImpl.java:lambda$waitForClusterToBeReady$0(216)) - SCM became leader
2025-02-13 19:48:49,558 [IPC Server handler 0 on default port 15021] INFO  net.NetworkTopologyImpl (NetworkTopologyImpl.java:add(134)) - Added a new node: /default-rack/f7573150-f7fb-412c-af68-fa9c822a7cbe
2025-02-13 19:48:49,559 [IPC Server handler 0 on default port 15021] INFO  node.SCMNodeManager (SCMNodeManager.java:register(424)) - Registered datanode: f7573150-f7fb-412c-af68-fa9c822a7cbe{ip: 127.0.0.1, host: localhost, ports: [HTTP=15030, CLIENT_RPC=15031, REPLICATION=15037, RATIS=15033, RATIS_ADMIN=15034, RATIS_SERVER=15035, RATIS_DATASTREAM=15036, STANDALONE=15032], networkLocation: /default-rack, certSerialId: null, persistedOpState: null, persistedOpStateExpiryEpochSec: 0}
2025-02-13 19:48:49,559 [EventQueue-NewNodeForNewNodeHandler] INFO  pipeline.BackgroundPipelineCreator (BackgroundPipelineCreator.java:notifyEventTriggered(291)) - trigger a one-shot run on RatisPipelineUtilsThread.
2025-02-13 19:48:49,560 [RatisPipelineUtilsThread-0] INFO  pipeline.RatisPipelineProvider (RatisPipelineProvider.java:lambda$create$0(205)) - Sending CreatePipelineCommand for pipeline:PipelineID=2753b43d-1424-4719-823b-8c66a834c95b to datanode:f7573150-f7fb-412c-af68-fa9c822a7cbe
2025-02-13 19:48:49,560 [EventQueue-NodeRegistrationContainerReportForDataNodeSafeModeRule] INFO  safemode.SCMSafeModeManager (DataNodeSafeModeRule.java:process(73)) - SCM in safe mode. 1 DataNodes registered, 1 required.
2025-02-13 19:48:49,560 [EventQueue-NodeRegistrationContainerReportForDataNodeSafeModeRule] INFO  safemode.SCMSafeModeManager (SCMSafeModeManager.java:validateSafeModeExitRules(188)) - DataNodeSafeModeRule rule is successfully validated
2025-02-13 19:48:49,560 [EventQueue-NodeRegistrationContainerReportForDataNodeSafeModeRule] INFO  safemode.SCMSafeModeManager (SCMSafeModeManager.java:completePreCheck(217)) - All SCM safe mode pre check rules have passed
2025-02-13 19:48:49,560 [EventQueue-NodeRegistrationContainerReportForDataNodeSafeModeRule] INFO  ha.SCMContext (SCMContext.java:updateSafeModeStatus(225)) - Update SafeModeStatus from SafeModeStatus{safeModeStatus=true, preCheckPassed=false} to SafeModeStatus{safeModeStatus=true, preCheckPassed=true}.
2025-02-13 19:48:49,560 [EventQueue-NodeRegistrationContainerReportForDataNodeSafeModeRule] INFO  pipeline.BackgroundPipelineCreator (BackgroundPipelineCreator.java:notifyEventTriggered(291)) - trigger a one-shot run on RatisPipelineUtilsThread.
2025-02-13 19:48:49,561 [EventQueue-ContainerRegistrationReportForContainerSafeModeRule] INFO  safemode.SCMSafeModeManager (SCMSafeModeManager.java:validateSafeModeExitRules(188)) - ContainerSafeModeRule rule is successfully validated
2025-02-13 19:48:49,561 [EventQueue-PipelineReportForOneReplicaPipelineSafeModeRule] INFO  safemode.SCMSafeModeManager (SCMSafeModeManager.java:validateSafeModeExitRules(188)) - AtleastOneDatanodeReportedRule rule is successfully validated
2025-02-13 19:48:49,565 [e5168b06-7ea0-44f6-9716-48dcc7ae40be@group-DDB238A3933B-StateMachineUpdater] INFO  safemode.SCMSafeModeManager (SCMSafeModeManager.java:validateSafeModeExitRules(188)) - HealthyPipelineSafeModeRule rule is successfully validated
2025-02-13 19:48:49,565 [e5168b06-7ea0-44f6-9716-48dcc7ae40be@group-DDB238A3933B-StateMachineUpdater] INFO  safemode.SCMSafeModeManager (SCMSafeModeManager.java:validateSafeModeExitRules(203)) - ScmSafeModeManager, all rules are successfully validated
2025-02-13 19:48:49,565 [e5168b06-7ea0-44f6-9716-48dcc7ae40be@group-DDB238A3933B-StateMachineUpdater] INFO  safemode.SCMSafeModeManager (SCMSafeModeManager.java:exitSafeMode(233)) - SCM exiting safe mode.
2025-02-13 19:48:49,565 [e5168b06-7ea0-44f6-9716-48dcc7ae40be@group-DDB238A3933B-StateMachineUpdater] INFO  ha.SCMContext (SCMContext.java:updateSafeModeStatus(225)) - Update SafeModeStatus from SafeModeStatus{safeModeStatus=true, preCheckPassed=true} to SafeModeStatus{safeModeStatus=false, preCheckPassed=true}.
2025-02-13 19:48:49,565 [e5168b06-7ea0-44f6-9716-48dcc7ae40be@group-DDB238A3933B-StateMachineUpdater] INFO  BackgroundPipelineScrubber (BackgroundSCMService.java:notifyStatusChanged(79)) - Service BackgroundPipelineScrubber transitions to RUNNING.
2025-02-13 19:48:49,565 [e5168b06-7ea0-44f6-9716-48dcc7ae40be@group-DDB238A3933B-StateMachineUpdater] INFO  ExpiredContainerReplicaOpScrubber (BackgroundSCMService.java:notifyStatusChanged(79)) - Service ExpiredContainerReplicaOpScrubber transitions to RUNNING.
2025-02-13 19:48:49,565 [e5168b06-7ea0-44f6-9716-48dcc7ae40be@group-DDB238A3933B-StateMachineUpdater] INFO  block.SCMBlockDeletingService (SCMBlockDeletingService.java:notifyStatusChanged(251)) - notifyStatusChanged:RUNNING
2025-02-13 19:48:49,565 [e5168b06-7ea0-44f6-9716-48dcc7ae40be@group-DDB238A3933B-StateMachineUpdater] INFO  replication.ReplicationManager (ReplicationManager.java:notifyStatusChanged(1376)) - Service ReplicationManager transitions to RUNNING.
2025-02-13 19:48:49,566 [e5168b06-7ea0-44f6-9716-48dcc7ae40be@group-DDB238A3933B-StateMachineUpdater] WARN  balancer.ContainerBalancer (ContainerBalancer.java:shouldRun(136)) - Could not find persisted configuration for ContainerBalancer when checking if ContainerBalancer should run. ContainerBalancer should not run now.
2025-02-13 19:48:49,566 [e5168b06-7ea0-44f6-9716-48dcc7ae40be@group-DDB238A3933B-StateMachineUpdater] INFO  SCMHATransactionMonitor (BackgroundSCMService.java:notifyStatusChanged(79)) - Service SCMHATransactionMonitor transitions to RUNNING.
2025-02-13 19:48:49,566 [RatisPipelineUtilsThread-0] INFO  pipeline.BackgroundPipelineCreator (BackgroundPipelineCreator.java:createPipelines(247)) - Created new pipeline Pipeline[ Id: 2753b43d-1424-4719-823b-8c66a834c95b, Nodes: f7573150-f7fb-412c-af68-fa9c822a7cbe(localhost/127.0.0.1) ReplicaIndex: 0, ReplicationConfig: RATIS/ONE, State:ALLOCATED, leaderId:, CreationTimestamp2025-02-13T19:48:49.560149621Z[Etc/UTC]]
2025-02-13 19:48:49,566 [RatisPipelineUtilsThread-0] WARN  scm.SCMCommonPlacementPolicy (SCMCommonPlacementPolicy.java:filterNodesWithSpace(287)) - Unable to find enough nodes that meet the space requirement of 1073741824 bytes for metadata and 5368709120 bytes for data in healthy node set. Required 3. Found 1.
2025-02-13 19:48:49,567 [RatisPipelineUtilsThread-0] WARN  scm.SCMCommonPlacementPolicy (SCMCommonPlacementPolicy.java:filterNodesWithSpace(287)) - Unable to find enough nodes that meet the space requirement of 1073741824 bytes for metadata and 5368709120 bytes for data in healthy node set. Required 3. Found 1.
2025-02-13 19:48:50,558 [main] INFO  ozone.MiniOzoneClusterImpl (MiniOzoneClusterImpl.java:lambda$waitForClusterToBeReady$0(211)) - Nodes are ready. Got 1 of 1 DN Heartbeats.
2025-02-13 19:48:50,559 [main] INFO  ozone.MiniOzoneClusterImpl (MiniOzoneClusterImpl.java:lambda$waitForClusterToBeReady$0(214)) - Cluster exits safe mode
2025-02-13 19:48:50,559 [main] INFO  ozone.MiniOzoneClusterImpl (MiniOzoneClusterImpl.java:lambda$waitForClusterToBeReady$0(216)) - SCM became leader
2025-02-13 19:48:50,575 [FixedThreadPoolWithAffinityExecutor-8-0] WARN  container.IncrementalContainerReportHandler (IncrementalContainerReportHandler.java:onMessage(104)) - Container 113998306479243267 not found!
2025-02-13 19:48:50,586 [main] INFO  ozoneimpl.OzoneContainer (OzoneContainer.java:stop(526)) - Attempting to stop container services.
2025-02-13 19:48:50,586 [ContainerMetadataScanner] WARN  ozoneimpl.AbstractBackgroundContainerScanner (AbstractBackgroundContainerScanner.java:handleRemainingSleep(134)) - Background container scan was interrupted.
2025-02-13 19:48:50,587 [ContainerMetadataScanner] INFO  ozoneimpl.AbstractBackgroundContainerScanner (AbstractBackgroundContainerScanner.java:run(61)) - Thread[#1189,ContainerMetadataScanner,5,main] exiting.
2025-02-13 19:48:50,587 [main] INFO  ozoneimpl.BackgroundContainerDataScanner (BackgroundContainerDataScanner.java:shutdown(142)) - ContainerDataScanner(/home/runner/work/ozone/ozone/hadoop-ozone/integration-test/target/test-dir/MiniOzoneClusterImpl-cb06fb2a-ab0d-4948-847f-ddb238a3933b/ozone-meta/datanode-1/data-0/hdds) is shutting down. 
2025-02-13 19:48:50,587 [ContainerDataScanner(/home/runner/work/ozone/ozone/hadoop-ozone/integration-test/target/test-dir/MiniOzoneClusterImpl-cb06fb2a-ab0d-4948-847f-ddb238a3933b/ozone-meta/datanode-1/data-0/hdds)] WARN  ozoneimpl.AbstractBackgroundContainerScanner (AbstractBackgroundContainerScanner.java:handleRemainingSleep(134)) - Background container scan was interrupted.
2025-02-13 19:48:50,587 [ContainerDataScanner(/home/runner/work/ozone/ozone/hadoop-ozone/integration-test/target/test-dir/MiniOzoneClusterImpl-cb06fb2a-ab0d-4948-847f-ddb238a3933b/ozone-meta/datanode-1/data-0/hdds)] INFO  ozoneimpl.AbstractBackgroundContainerScanner (AbstractBackgroundContainerScanner.java:run(61)) - ContainerDataScanner(/home/runner/work/ozone/ozone/hadoop-ozone/integration-test/target/test-dir/MiniOzoneClusterImpl-cb06fb2a-ab0d-4948-847f-ddb238a3933b/ozone-meta/datanode-1/data-0/hdds, DS-c113e870-d7b4-4479-8f8d-ebd7effab7d4) exiting.
2025-02-13 19:48:50,587 [main] INFO  ozoneimpl.OnDemandContainerDataScanner (OnDemandContainerDataScanner.java:shutdownScanner(209)) - On-demand container scanner is shutting down.
2025-02-13 19:48:50,588 [main] INFO  ratis.XceiverServerRatis (XceiverServerRatis.java:stop(596)) - Closing XceiverServerRatis(f7573150-f7fb-412c-af68-fa9c822a7cbe)
2025-02-13 19:48:50,588 [main] INFO  server.RaftServer (RaftServerProxy.java:lambda$close$9(417)) - f7573150-f7fb-412c-af68-fa9c822a7cbe: close
2025-02-13 19:48:50,588 [main] INFO  server.GrpcService (GrpcService.java:closeImpl(343)) - f7573150-f7fb-412c-af68-fa9c822a7cbe: shutdown server org.apache.ratis.grpc.server.GrpcClientProtocolService now
2025-02-13 19:48:50,589 [main] INFO  server.GrpcService (GrpcService.java:closeImpl(352)) - f7573150-f7fb-412c-af68-fa9c822a7cbe: shutdown server org.apache.ratis.grpc.server.GrpcClientProtocolService successfully
2025-02-13 19:48:50,589 [main] INFO  server.GrpcService (GrpcService.java:closeImpl(343)) - f7573150-f7fb-412c-af68-fa9c822a7cbe: shutdown server GrpcServerProtocolService now
2025-02-13 19:48:50,590 [main] INFO  server.GrpcService (GrpcService.java:closeImpl(352)) - f7573150-f7fb-412c-af68-fa9c822a7cbe: shutdown server GrpcServerProtocolService successfully
2025-02-13 19:48:50,590 [main] INFO  server.GrpcService (GrpcService.java:closeImpl(343)) - f7573150-f7fb-412c-af68-fa9c822a7cbe: shutdown server org.apache.ratis.grpc.server.GrpcAdminProtocolService now
2025-02-13 19:48:50,590 [main] INFO  server.GrpcService (GrpcService.java:closeImpl(352)) - f7573150-f7fb-412c-af68-fa9c822a7cbe: shutdown server org.apache.ratis.grpc.server.GrpcAdminProtocolService successfully
2025-02-13 19:48:50,590 [f7573150-f7fb-412c-af68-fa9c822a7cbe-NettyServerStreamRpc-bossGroup--thread1] INFO  logging.LoggingHandler (AbstractInternalLogger.java:log(148)) - [id: 0x35829adf, L:/0.0.0.0:15036] CLOSE
2025-02-13 19:48:50,590 [f7573150-f7fb-412c-af68-fa9c822a7cbe-NettyServerStreamRpc-bossGroup--thread1] INFO  logging.LoggingHandler (AbstractInternalLogger.java:log(148)) - [id: 0x35829adf, L:/0.0.0.0:15036] INACTIVE
2025-02-13 19:48:50,591 [f7573150-f7fb-412c-af68-fa9c822a7cbe-NettyServerStreamRpc-bossGroup--thread1] INFO  logging.LoggingHandler (AbstractInternalLogger.java:log(148)) - [id: 0x35829adf, L:/0.0.0.0:15036] UNREGISTERED
2025-02-13 19:48:50,607 [JvmPauseMonitor7] INFO  util.JvmPauseMonitor (JvmPauseMonitor.java:run(152)) - JvmPauseMonitor-f7573150-f7fb-412c-af68-fa9c822a7cbe: Stopped
2025-02-13 19:48:52,616 [main] INFO  utils.DatanodeStoreCache (DatanodeStoreCache.java:shutdownCache(116)) - Skip clearing cache in mini cluster mode. Entries left: [/home/runner/work/ozone/ozone/hadoop-ozone/integration-test/target/test-dir/MiniOzoneClusterImpl-cb06fb2a-ab0d-4948-847f-ddb238a3933b/ozone-meta/datanode-1/data-0/hdds/cb06fb2a-ab0d-4948-847f-ddb238a3933b/DS-c113e870-d7b4-4479-8f8d-ebd7effab7d4/container.db]
2025-02-13 19:48:52,617 [main] INFO  utils.DatanodeStoreCache (DatanodeStoreCache.java:removeDB(110)) - Removed db /home/runner/work/ozone/ozone/hadoop-ozone/integration-test/target/test-dir/MiniOzoneClusterImpl-cb06fb2a-ab0d-4948-847f-ddb238a3933b/ozone-meta/datanode-1/data-0/hdds/cb06fb2a-ab0d-4948-847f-ddb238a3933b/DS-c113e870-d7b4-4479-8f8d-ebd7effab7d4/container.db from cache
2025-02-13 19:48:52,618 [main] INFO  volume.HddsVolume (HddsVolume.java:closeDbStore(481)) - SchemaV3 db is stopped at /home/runner/work/ozone/ozone/hadoop-ozone/integration-test/target/test-dir/MiniOzoneClusterImpl-cb06fb2a-ab0d-4948-847f-ddb238a3933b/ozone-meta/datanode-1/data-0/hdds/cb06fb2a-ab0d-4948-847f-ddb238a3933b/DS-c113e870-d7b4-4479-8f8d-ebd7effab7d4/container.db for volume DS-c113e870-d7b4-4479-8f8d-ebd7effab7d4
2025-02-13 19:48:52,618 [main] INFO  utils.BackgroundService (BackgroundService.java:shutdown(163)) - Shutting down service BlockDeletingService
2025-02-13 19:48:52,618 [main] INFO  utils.BackgroundService (BackgroundService.java:shutdown(163)) - Shutting down service StaleRecoveringContainerScrubbingService
2025-02-13 19:48:52,620 [main] INFO  statemachine.DatanodeStateMachine (DatanodeStateMachine.java:stopDaemon(626)) - Ozone container server stopped.
2025-02-13 19:48:52,631 [main] INFO  handler.ContextHandler (ContextHandler.java:doStop(1159)) - Stopped o.e.j.w.WebAppContext@129529e3{hddsDatanode,/,null,STOPPED}{jar:file:/home/runner/work/ozone/ozone/hadoop-hdds/container-service/target/hdds-container-service-2.0.0-SNAPSHOT.jar!/webapps/hddsDatanode}
2025-02-13 19:48:52,632 [main] INFO  server.AbstractConnector (AbstractConnector.java:doStop(383)) - Stopped ServerConnector@27f0979{HTTP/1.1, (http/1.1)}{0.0.0.0:15030}
2025-02-13 19:48:52,632 [main] INFO  server.session (HouseKeeper.java:stopScavenging(149)) - node0 Stopped scavenging
2025-02-13 19:48:52,632 [main] INFO  handler.ContextHandler (ContextHandler.java:doStop(1159)) - Stopped o.e.j.s.ServletContextHandler@73797a74{static,/static,jar:file:/home/runner/work/ozone/ozone/hadoop-hdds/container-service/target/hdds-container-service-2.0.0-SNAPSHOT.jar!/webapps/static,STOPPED}
2025-02-13 19:48:52,632 [main] INFO  handler.ContextHandler (ContextHandler.java:doStop(1159)) - Stopped o.e.j.s.ServletContextHandler@121f1533{logs,/logs,file:///home/runner/work/ozone/ozone/hadoop-ozone/integration-test/target/log,STOPPED}
2025-02-13 19:48:52,633 [main] INFO  ozone.HddsDatanodeClientProtocolServer (HddsDatanodeClientProtocolServer.java:stop(85)) - Stopping the RPC server for Client Protocol
2025-02-13 19:48:52,633 [main] INFO  ipc.Server (Server.java:stop(3697)) - Stopping server on 15031
2025-02-13 19:48:52,634 [IPC Server listener on 15031] INFO  ipc.Server (Server.java:run(1585)) - Stopping IPC Server listener on 15031
2025-02-13 19:48:52,634 [IPC Server Responder] INFO  ipc.Server (Server.java:run(1718)) - Stopping IPC Server Responder
2025-02-13 19:48:52,638 [main] INFO  impl.MetricsSystemImpl (MetricsSystemImpl.java:init(158)) - HddsDatanode metrics system started (again)
2025-02-13 19:48:52,664 [main] INFO  ozone.HddsDatanodeService (HddsDatanodeService.java:start(245)) - HddsDatanodeService host:fv-az1531-61.hsxikm2gdrvudnct5jqc1oiugc.ex.internal.cloudapp.net ip:10.1.0.100
2025-02-13 19:48:52,665 [main] INFO  upgrade.AbstractLayoutVersionManager (AbstractLayoutVersionManager.java:init(83)) - Initializing Layout version manager with metadata layout = HBASE_SUPPORT (version = 8), software layout = HBASE_SUPPORT (version = 8)
2025-02-13 19:48:52,665 [main] INFO  statemachine.DatanodeStateMachine (DatanodeStateMachine.java:getEndPointTaskThreadPoolSize(294)) - Datanode State Machine Task Thread Pool size 2
2025-02-13 19:48:52,668 [main] INFO  volume.HddsVolume (HddsVolume.java:<init>(134)) - Creating HddsVolume: /home/runner/work/ozone/ozone/hadoop-ozone/integration-test/target/test-dir/MiniOzoneClusterImpl-cb06fb2a-ab0d-4948-847f-ddb238a3933b/ozone-meta/datanode-1/data-0/hdds of storage type: DISK, capacity=9222449699674390527, used=0, available=9222449699674390527
2025-02-13 19:48:52,668 [main] INFO  volume.MutableVolumeSet (MutableVolumeSet.java:initializeVolumeSet(175)) - Added Volume : /home/runner/work/ozone/ozone/hadoop-ozone/integration-test/target/test-dir/MiniOzoneClusterImpl-cb06fb2a-ab0d-4948-847f-ddb238a3933b/ozone-meta/datanode-1/data-0/hdds to VolumeSet
2025-02-13 19:48:52,669 [main] INFO  volume.MutableVolumeSet (MutableVolumeSet.java:initializeVolumeSet(175)) - Added Volume : /home/runner/work/ozone/ozone/hadoop-ozone/integration-test/target/test-dir/MiniOzoneClusterImpl-cb06fb2a-ab0d-4948-847f-ddb238a3933b/ozone-meta/datanode-1/ratis to VolumeSet
2025-02-13 19:48:52,690 [ForkJoinPool.commonPool-worker-1] INFO  utils.DatanodeStoreCache (DatanodeStoreCache.java:addDB(72)) - Added db /home/runner/work/ozone/ozone/hadoop-ozone/integration-test/target/test-dir/MiniOzoneClusterImpl-cb06fb2a-ab0d-4948-847f-ddb238a3933b/ozone-meta/datanode-1/data-0/hdds/cb06fb2a-ab0d-4948-847f-ddb238a3933b/DS-c113e870-d7b4-4479-8f8d-ebd7effab7d4/container.db to cache
2025-02-13 19:48:52,690 [ForkJoinPool.commonPool-worker-1] INFO  volume.HddsVolume (HddsVolume.java:loadDbStore(389)) - SchemaV3 db is loaded at /home/runner/work/ozone/ozone/hadoop-ozone/integration-test/target/test-dir/MiniOzoneClusterImpl-cb06fb2a-ab0d-4948-847f-ddb238a3933b/ozone-meta/datanode-1/data-0/hdds/cb06fb2a-ab0d-4948-847f-ddb238a3933b/DS-c113e870-d7b4-4479-8f8d-ebd7effab7d4/container.db for volume DS-c113e870-d7b4-4479-8f8d-ebd7effab7d4
2025-02-13 19:48:52,690 [main] INFO  ozoneimpl.OzoneContainer (HddsVolumeUtil.java:loadAllHddsVolumeDbStore(103)) - Load 1 volumes DbStore cost: 20ms
2025-02-13 19:48:52,691 [main] WARN  db.DBStoreBuilder (DBStoreBuilder.java:getDBDirPath(172)) - ozone.scm.datanode.id.dir is not configured. We recommend adding this setting. Falling back to ozone.metadata.dirs instead.
2025-02-13 19:48:52,692 [main] WARN  db.DBStoreBuilder (DBStoreBuilder.java:getDBDirPath(172)) - ozone.scm.datanode.id.dir is not configured. We recommend adding this setting. Falling back to ozone.metadata.dirs instead.
2025-02-13 19:48:52,704 [main] INFO  impl.FilePerChunkStrategy (FilePerChunkStrategy.java:<init>(87)) - ozone.chunk.read.mapped.buffer.max.count is load with 0
2025-02-13 19:48:52,705 [main] INFO  impl.FilePerBlockStrategy (FilePerBlockStrategy.java:<init>(94)) - ozone.chunk.read.mapped.buffer.max.count is load with 0
2025-02-13 19:48:52,706 [main] INFO  server.RaftServerConfigKeys (ConfUtils.java:logGet(46)) - raft.server.log.appender.buffer.byte-limit = 33554432 (custom)
2025-02-13 19:48:52,708 [main] INFO  server.RaftServer (ConfUtils.java:logGet(46)) - raft.rpc.type = GRPC (default)
2025-02-13 19:48:52,708 [main] INFO  grpc.GrpcConfigKeys (ConfUtils.java:logFallback(53)) - raft.grpc.admin.host = null (fallback to raft.grpc.server.host)
2025-02-13 19:48:52,708 [main] INFO  grpc.GrpcConfigKeys (ConfUtils.java:logGet(46)) - raft.grpc.admin.port = 15034 (custom)
2025-02-13 19:48:52,708 [main] INFO  grpc.GrpcConfigKeys (ConfUtils.java:logFallback(53)) - raft.grpc.client.host = null (fallback to raft.grpc.server.host)
2025-02-13 19:48:52,708 [main] INFO  grpc.GrpcConfigKeys (ConfUtils.java:logGet(46)) - raft.grpc.client.port = 15033 (custom)
2025-02-13 19:48:52,709 [main] INFO  grpc.GrpcConfigKeys (ConfUtils.java:logGet(46)) - raft.grpc.server.host = null (default)
2025-02-13 19:48:52,709 [main] INFO  grpc.GrpcConfigKeys (ConfUtils.java:logGet(46)) - raft.grpc.server.port = 15035 (custom)
2025-02-13 19:48:52,709 [main] INFO  server.GrpcService (ConfUtils.java:logGet(46)) - raft.grpc.message.size.max = 34603008 (custom)
2025-02-13 19:48:52,709 [main] INFO  server.GrpcService (ConfUtils.java:logGet(46)) - raft.grpc.flow.control.window = 5MB (=5242880) (custom)
2025-02-13 19:48:52,709 [main] INFO  server.RaftServerConfigKeys (ConfUtils.java:logGet(46)) - raft.server.rpc.request.timeout = 60s (custom)
2025-02-13 19:48:52,709 [main] INFO  grpc.GrpcConfigKeys (ConfUtils.java:logGet(46)) - raft.grpc.server.heartbeat.channel = true (default)
2025-02-13 19:48:52,709 [main] INFO  server.RaftServerConfigKeys (ConfUtils.java:logGet(46)) - raft.server.log.appender.buffer.byte-limit = 33554432 (custom)
2025-02-13 19:48:52,709 [main] INFO  grpc.GrpcConfigKeys (ConfUtils.java:logGet(46)) - raft.grpc.server.async.request.thread.pool.cached = true (default)
2025-02-13 19:48:52,709 [main] INFO  grpc.GrpcConfigKeys (ConfUtils.java:logGet(46)) - raft.grpc.server.async.request.thread.pool.size = 32 (default)
2025-02-13 19:48:52,711 [main] INFO  impl.DataStreamServerImpl (ConfUtils.java:logGet(46)) - raft.datastream.type = NETTY (custom)
2025-02-13 19:48:52,711 [main] INFO  server.RaftServerConfigKeys (ConfUtils.java:logGet(46)) - raft.server.data-stream.async.request.thread.pool.cached = false (default)
2025-02-13 19:48:52,711 [main] INFO  server.RaftServerConfigKeys (ConfUtils.java:logGet(46)) - raft.server.data-stream.async.request.thread.pool.size = 20 (custom)
2025-02-13 19:48:52,712 [main] INFO  server.RaftServerConfigKeys (ConfUtils.java:logGet(46)) - raft.server.data-stream.async.write.thread.pool.size = 16 (default)
2025-02-13 19:48:52,712 [main] INFO  netty.NettyConfigKeys$DataStream (ConfUtils.java:logGet(46)) - raft.netty.dataStream.server.channel.inactive.grace-period = 10min (default)
2025-02-13 19:48:52,712 [main] INFO  server.RaftServerConfigKeys (ConfUtils.java:logGet(46)) - raft.server.data-stream.client.pool.size = 10 (default)
2025-02-13 19:48:52,712 [main] INFO  netty.NettyConfigKeys$DataStream (ConfUtils.java:logGet(46)) - raft.netty.dataStream.server.use-epoll = true (default)
2025-02-13 19:48:52,712 [main] INFO  netty.NettyConfigKeys$DataStream (ConfUtils.java:logGet(46)) - raft.netty.dataStream.server.boss-group.size = 0 (default)
2025-02-13 19:48:52,712 [main] INFO  netty.NettyUtils (NettyUtils.java:newEventLoopGroup(74)) - Create EpollEventLoopGroup for f7573150-f7fb-412c-af68-fa9c822a7cbe-NettyServerStreamRpc-bossGroup; Thread size is 0.
2025-02-13 19:48:52,713 [main] INFO  netty.NettyConfigKeys$DataStream (ConfUtils.java:logGet(46)) - raft.netty.dataStream.server.worker-group.size = 0 (default)
2025-02-13 19:48:52,713 [main] INFO  netty.NettyUtils (NettyUtils.java:newEventLoopGroup(74)) - Create EpollEventLoopGroup for f7573150-f7fb-412c-af68-fa9c822a7cbe-NettyServerStreamRpc-workerGroup; Thread size is 0.
2025-02-13 19:48:52,713 [main] INFO  netty.NettyConfigKeys$DataStream (ConfUtils.java:logGet(46)) - raft.netty.dataStream.server.tls.conf = null (default)
2025-02-13 19:48:52,713 [main] INFO  netty.NettyConfigKeys$DataStream (ConfUtils.java:logGet(46)) - raft.netty.dataStream.host = null (default)
2025-02-13 19:48:52,713 [main] INFO  netty.NettyConfigKeys$DataStream (ConfUtils.java:logGet(46)) - raft.netty.dataStream.port = 15036 (custom)
2025-02-13 19:48:52,714 [main] INFO  server.RaftServerConfigKeys (ConfUtils.java:logGet(46)) - raft.server.sleep.deviation.threshold = 300ms (default)
2025-02-13 19:48:52,714 [main] INFO  server.RaftServerConfigKeys (ConfUtils.java:logGet(46)) - raft.server.close.threshold = 60s (default)
2025-02-13 19:48:52,714 [main] INFO  server.RaftServerConfigKeys (ConfUtils.java:logGet(46)) - raft.server.leaderelection.leader.step-down.wait-time = 10s (default)
2025-02-13 19:48:52,714 [main] INFO  server.RaftServerConfigKeys (ConfUtils.java:logGet(46)) - raft.server.storage.dir = [/home/runner/work/ozone/ozone/hadoop-ozone/integration-test/target/test-dir/MiniOzoneClusterImpl-cb06fb2a-ab0d-4948-847f-ddb238a3933b/ozone-meta/datanode-1/ratis] (custom)
2025-02-13 19:48:52,715 [main] INFO  server.RaftServerConfigKeys (ConfUtils.java:logGet(46)) - raft.server.threadpool.proxy.cached = true (default)
2025-02-13 19:48:52,715 [main] INFO  server.RaftServerConfigKeys (ConfUtils.java:logGet(46)) - raft.server.threadpool.proxy.size = 0 (default)
2025-02-13 19:48:52,715 [f7573150-f7fb-412c-af68-fa9c822a7cbe-NettyServerStreamRpc-bossGroup--thread1] INFO  logging.LoggingHandler (AbstractInternalLogger.java:log(148)) - [id: 0xcb250cb5] REGISTERED
2025-02-13 19:48:52,715 [f7573150-f7fb-412c-af68-fa9c822a7cbe-NettyServerStreamRpc-bossGroup--thread1] INFO  logging.LoggingHandler (AbstractInternalLogger.java:log(148)) - [id: 0xcb250cb5] BIND: 0.0.0.0/0.0.0.0:15036
2025-02-13 19:48:52,716 [f7573150-f7fb-412c-af68-fa9c822a7cbe-NettyServerStreamRpc-bossGroup--thread1] INFO  logging.LoggingHandler (AbstractInternalLogger.java:log(148)) - [id: 0xcb250cb5, L:/0.0.0.0:15036] ACTIVE
2025-02-13 19:48:52,717 [f7573150-f7fb-412c-af68-fa9c822a7cbe-impl-thread1] INFO  server.RaftServer (RaftServerProxy.java:initGroupDir(265)) - f7573150-f7fb-412c-af68-fa9c822a7cbe: found a subdirectory /home/runner/work/ozone/ozone/hadoop-ozone/integration-test/target/test-dir/MiniOzoneClusterImpl-cb06fb2a-ab0d-4948-847f-ddb238a3933b/ozone-meta/datanode-1/ratis/tmp
2025-02-13 19:48:52,718 [f7573150-f7fb-412c-af68-fa9c822a7cbe-impl-thread1] INFO  server.RaftServer (RaftServerProxy.java:initGroupDir(270)) - f7573150-f7fb-412c-af68-fa9c822a7cbe: The directory /home/runner/work/ozone/ozone/hadoop-ozone/integration-test/target/test-dir/MiniOzoneClusterImpl-cb06fb2a-ab0d-4948-847f-ddb238a3933b/ozone-meta/datanode-1/ratis/tmp is not a group directory; ignoring it. 
2025-02-13 19:48:52,718 [main] INFO  replication.ReplicationServer (ReplicationServer.java:<init>(86)) - Initializing replication server with thread count = 10 queue length = 4096
2025-02-13 19:48:52,719 [main] INFO  server.XceiverServerGrpc (XceiverServerGrpc.java:<init>(135)) - GrpcServer channel type EpollServerSocketChannel
2025-02-13 19:48:52,720 [main] INFO  replication.ReplicationSupervisor (ReplicationSupervisor.java:build(171)) - Initializing replication supervisor with thread count = 10
2025-02-13 19:48:52,721 [main] INFO  replication.ReplicationSupervisor (ReplicationSupervisor.java:nodeStateUpdated(360)) - Node state updated to IN_SERVICE, scaling executor pool size to 10
2025-02-13 19:48:52,723 [main] INFO  http.BaseHttpServer (BaseHttpServer.java:newHttpServer2BuilderForOzone(232)) - Starting Web-server for hddsDatanode at: http://0.0.0.0:15030
2025-02-13 19:48:52,724 [main] INFO  http.BaseHttpServer (BaseHttpServer.java:<init>(110)) - Hadoop Security Enabled: false Ozone Security Enabled: false Ozone HTTP Security Enabled: false 
2025-02-13 19:48:52,726 [main] WARN  server.AuthenticationFilter (AuthenticationFilter.java:constructSecretProvider(240)) - Unable to initialize FileSignerSecretProvider, falling back to use random secrets. Reason: Could not read signature secret file: /home/runner/hadoop-http-auth-signature-secret
2025-02-13 19:48:52,727 [main] INFO  http.HttpRequestLog (HttpRequestLog.java:getRequestLog(86)) - Http request log for http.requests.hddsDatanode is not defined
2025-02-13 19:48:52,728 [main] INFO  http.HttpServer2 (HttpServer2.java:addGlobalFilter(1040)) - Added global filter 'safety' (class=org.apache.hadoop.hdds.server.http.HttpServer2$QuotingInputFilter)
2025-02-13 19:48:52,729 [main] INFO  http.HttpServer2 (HttpServer2.java:addFilter(1016)) - Added filter static_user_filter (class=org.apache.hadoop.http.lib.StaticUserWebFilter$StaticUserFilter) to context hddsDatanode
2025-02-13 19:48:52,730 [main] INFO  http.HttpServer2 (HttpServer2.java:addFilter(1024)) - Added filter static_user_filter (class=org.apache.hadoop.http.lib.StaticUserWebFilter$StaticUserFilter) to context logs
2025-02-13 19:48:52,730 [main] INFO  http.HttpServer2 (HttpServer2.java:addFilter(1024)) - Added filter static_user_filter (class=org.apache.hadoop.http.lib.StaticUserWebFilter$StaticUserFilter) to context static
2025-02-13 19:48:52,731 [main] INFO  http.BaseHttpServer (BaseHttpServer.java:<init>(198)) - HTTP server of hddsDatanode uses base directory /home/runner/work/ozone/ozone/hadoop-ozone/integration-test/target/test-dir/MiniOzoneClusterImpl-cb06fb2a-ab0d-4948-847f-ddb238a3933b/ozone-meta/datanode-1/meta/webserver
2025-02-13 19:48:52,731 [main] INFO  http.HttpServer2 (HttpServer2.java:bindListener(1240)) - Jetty bound to port 15030
2025-02-13 19:48:52,731 [main] INFO  server.Server (Server.java:doStart(375)) - jetty-9.4.57.v20241219; built: 2025-01-08T21:24:30.412Z; git: df524e6b29271c2e09ba9aea83c18dc9db464a31; jvm 21.0.6+7-LTS
2025-02-13 19:48:52,733 [main] INFO  server.session (DefaultSessionIdManager.java:doStart(334)) - DefaultSessionIdManager workerName=node0
2025-02-13 19:48:52,734 [main] INFO  server.session (DefaultSessionIdManager.java:doStart(339)) - No SessionScavenger set, using defaults
2025-02-13 19:48:52,734 [main] INFO  server.session (HouseKeeper.java:startScavenging(132)) - node0 Scavenging every 660000ms
2025-02-13 19:48:52,734 [main] INFO  handler.ContextHandler (ContextHandler.java:doStart(921)) - Started o.e.j.s.ServletContextHandler@50dd2e86{logs,/logs,file:///home/runner/work/ozone/ozone/hadoop-ozone/integration-test/target/log,AVAILABLE}
2025-02-13 19:48:52,735 [main] INFO  handler.ContextHandler (ContextHandler.java:doStart(921)) - Started o.e.j.s.ServletContextHandler@57184af3{static,/static,jar:file:/home/runner/work/ozone/ozone/hadoop-hdds/container-service/target/hdds-container-service-2.0.0-SNAPSHOT.jar!/webapps/static,AVAILABLE}
2025-02-13 19:48:52,897 [main] INFO  handler.ContextHandler (ContextHandler.java:doStart(921)) - Started o.e.j.w.WebAppContext@444050a7{hddsDatanode,/,file:///home/runner/work/ozone/ozone/hadoop-ozone/integration-test/target/test-dir/MiniOzoneClusterImpl-cb06fb2a-ab0d-4948-847f-ddb238a3933b/ozone-meta/datanode-1/meta/webserver/jetty-0_0_0_0-15030-hdds-container-service-2_0_0-SNAPSHOT_jar-_-any-1794417383744665779/webapp/,AVAILABLE}{jar:file:/home/runner/work/ozone/ozone/hadoop-hdds/container-service/target/hdds-container-service-2.0.0-SNAPSHOT.jar!/webapps/hddsDatanode}
2025-02-13 19:48:52,898 [main] INFO  server.AbstractConnector (AbstractConnector.java:doStart(333)) - Started ServerConnector@1e287251{HTTP/1.1, (http/1.1)}{0.0.0.0:15030}
2025-02-13 19:48:52,898 [main] INFO  server.Server (Server.java:doStart(415)) - Started @49063ms
2025-02-13 19:48:52,898 [main] WARN  impl.MetricsSystemImpl (MetricsSystemImpl.java:register(279)) - Sink prometheus already exists!
2025-02-13 19:48:52,899 [main] INFO  http.BaseHttpServer (BaseHttpServer.java:updateConnectorAddress(363)) - HTTP server of hddsDatanode listening at http://0.0.0.0:15030
2025-02-13 19:48:52,899 [main] INFO  ipc.CallQueueManager (CallQueueManager.java:<init>(93)) - Using callQueue: class java.util.concurrent.LinkedBlockingQueue, queueCapacity: 1000, scheduler: class org.apache.hadoop.ipc.DefaultRpcScheduler, ipcBackoff: false, ipcFailOver: false.
2025-02-13 19:48:52,900 [main] INFO  ipc.Server (Server.java:<init>(1438)) - Listener at 0.0.0.0:15031
2025-02-13 19:48:52,900 [Socket Reader #1 for port 15031] INFO  ipc.Server (Server.java:run(1474)) - Starting Socket Reader #1 for port 15031
2025-02-13 19:48:52,900 [Socket Reader #2 for port 15031] INFO  ipc.Server (Server.java:run(1474)) - Starting Socket Reader #2 for port 15031
2025-02-13 19:48:52,901 [Socket Reader #3 for port 15031] INFO  ipc.Server (Server.java:run(1474)) - Starting Socket Reader #3 for port 15031
2025-02-13 19:48:52,902 [Socket Reader #4 for port 15031] INFO  ipc.Server (Server.java:run(1474)) - Starting Socket Reader #4 for port 15031
2025-02-13 19:48:52,903 [Socket Reader #5 for port 15031] INFO  ipc.Server (Server.java:run(1474)) - Starting Socket Reader #5 for port 15031
2025-02-13 19:48:52,903 [Socket Reader #6 for port 15031] INFO  ipc.Server (Server.java:run(1474)) - Starting Socket Reader #6 for port 15031
2025-02-13 19:48:52,904 [Socket Reader #7 for port 15031] INFO  ipc.Server (Server.java:run(1474)) - Starting Socket Reader #7 for port 15031
2025-02-13 19:48:52,904 [Socket Reader #8 for port 15031] INFO  ipc.Server (Server.java:run(1474)) - Starting Socket Reader #8 for port 15031
2025-02-13 19:48:52,904 [Socket Reader #9 for port 15031] INFO  ipc.Server (Server.java:run(1474)) - Starting Socket Reader #9 for port 15031
2025-02-13 19:48:52,904 [Socket Reader #10 for port 15031] INFO  ipc.Server (Server.java:run(1474)) - Starting Socket Reader #10 for port 15031
2025-02-13 19:48:52,906 [main] INFO  ozone.HddsDatanodeService (HddsDatanodeService.java:start(336)) - Datanode start with admins: [runner]
2025-02-13 19:48:52,906 [main] INFO  ozone.HddsDatanodeClientProtocolServer (HddsDatanodeClientProtocolServer.java:start(79)) - RPC server for Client /0.0.0.0:15031
2025-02-13 19:48:52,906 [IPC Server Responder] INFO  ipc.Server (Server.java:run(1713)) - IPC Server Responder: starting
2025-02-13 19:48:52,906 [IPC Server listener on 15031] INFO  ipc.Server (Server.java:run(1553)) - IPC Server listener on 15031: starting
2025-02-13 19:48:52,908 [f7573150-f7fb-412c-af68-fa9c822a7cbe-DatanodeStateMachineDaemonThread] INFO  statemachine.DatanodeStateMachine (DatanodeStateMachine.java:startStateMachineThread(337)) - Ozone container server started.
2025-02-13 19:48:52,911 [f7573150-f7fb-412c-af68-fa9c822a7cbe-DatanodeStateMachineTaskThread-0] INFO  datanode.InitDatanodeState (InitDatanodeState.java:persistContainerDatanodeDetails(139)) - DatanodeDetails is persisted to /home/runner/work/ozone/ozone/hadoop-ozone/integration-test/target/test-dir/MiniOzoneClusterImpl-cb06fb2a-ab0d-4948-847f-ddb238a3933b/ozone-meta/datanode-1/meta/datanode.id
2025-02-13 19:48:54,912 [f7573150-f7fb-412c-af68-fa9c822a7cbe-ContainerReader-0] INFO  ozoneimpl.ContainerReader (ContainerReader.java:readVolume(148)) - Start to verify containers on volume /home/runner/work/ozone/ozone/hadoop-ozone/integration-test/target/test-dir/MiniOzoneClusterImpl-cb06fb2a-ab0d-4948-847f-ddb238a3933b/ozone-meta/datanode-1/data-0/hdds
2025-02-13 19:48:54,912 [f7573150-f7fb-412c-af68-fa9c822a7cbe-ContainerReader-0] INFO  ozoneimpl.ContainerReader (ContainerReader.java:readVolume(178)) - Finish verifying containers on volume /home/runner/work/ozone/ozone/hadoop-ozone/integration-test/target/test-dir/MiniOzoneClusterImpl-cb06fb2a-ab0d-4948-847f-ddb238a3933b/ozone-meta/datanode-1/data-0/hdds
2025-02-13 19:48:54,914 [f7573150-f7fb-412c-af68-fa9c822a7cbe-EndpointStateMachineTaskThread-/0.0.0.0:15021-0 ] WARN  impl.ContainerSet (ContainerSet.java:lambda$buildMissingContainerSetAndValidate$2(492)) - Adding container 113998306479243267 to missing container set.
2025-02-13 19:48:54,915 [f7573150-f7fb-412c-af68-fa9c822a7cbe-EndpointStateMachineTaskThread-/0.0.0.0:15021-0 ] INFO  ozoneimpl.OzoneContainer (OzoneContainer.java:buildContainerSet(359)) - Build ContainerSet costs 0s
2025-02-13 19:48:54,915 [f7573150-f7fb-412c-af68-fa9c822a7cbe-EndpointStateMachineTaskThread-/0.0.0.0:15021-0 ] INFO  volume.ThrottledAsyncChecker (ThrottledAsyncChecker.java:schedule(141)) - Scheduling a check for /home/runner/work/ozone/ozone/hadoop-ozone/integration-test/target/test-dir/MiniOzoneClusterImpl-cb06fb2a-ab0d-4948-847f-ddb238a3933b/ozone-meta/datanode-1/data-0/hdds
2025-02-13 19:48:54,915 [f7573150-f7fb-412c-af68-fa9c822a7cbe-EndpointStateMachineTaskThread-/0.0.0.0:15021-0 ] INFO  volume.StorageVolumeChecker (StorageVolumeChecker.java:checkAllVolumes(218)) - Scheduled health check for volume /home/runner/work/ozone/ozone/hadoop-ozone/integration-test/target/test-dir/MiniOzoneClusterImpl-cb06fb2a-ab0d-4948-847f-ddb238a3933b/ozone-meta/datanode-1/data-0/hdds
2025-02-13 19:48:54,916 [f7573150-f7fb-412c-af68-fa9c822a7cbe-EndpointStateMachineTaskThread-/0.0.0.0:15021-0 ] INFO  volume.ThrottledAsyncChecker (ThrottledAsyncChecker.java:schedule(141)) - Scheduling a check for /home/runner/work/ozone/ozone/hadoop-ozone/integration-test/target/test-dir/MiniOzoneClusterImpl-cb06fb2a-ab0d-4948-847f-ddb238a3933b/ozone-meta/datanode-1/ratis
2025-02-13 19:48:54,916 [f7573150-f7fb-412c-af68-fa9c822a7cbe-EndpointStateMachineTaskThread-/0.0.0.0:15021-0 ] INFO  volume.StorageVolumeChecker (StorageVolumeChecker.java:checkAllVolumes(218)) - Scheduled health check for volume /home/runner/work/ozone/ozone/hadoop-ozone/integration-test/target/test-dir/MiniOzoneClusterImpl-cb06fb2a-ab0d-4948-847f-ddb238a3933b/ozone-meta/datanode-1/ratis
2025-02-13 19:48:54,917 [f7573150-f7fb-412c-af68-fa9c822a7cbe-EndpointStateMachineTaskThread-/0.0.0.0:15021-0 ] INFO  ozoneimpl.OzoneContainer (OzoneContainer.java:start(502)) - Attempting to start container services.
2025-02-13 19:48:54,918 [ContainerMetadataScanner] INFO  ozoneimpl.AbstractBackgroundContainerScanner (AbstractBackgroundContainerScanner.java:runIteration(87)) - Completed an iteration in 0 minutes. Number of iterations (since the data-node restart) : 1, Number of containers scanned in this iteration : 0, Number of unhealthy containers found in this iteration : 0
2025-02-13 19:48:54,919 [ContainerDataScanner(/home/runner/work/ozone/ozone/hadoop-ozone/integration-test/target/test-dir/MiniOzoneClusterImpl-cb06fb2a-ab0d-4948-847f-ddb238a3933b/ozone-meta/datanode-1/data-0/hdds)] INFO  ozoneimpl.AbstractBackgroundContainerScanner (AbstractBackgroundContainerScanner.java:runIteration(87)) - Completed an iteration in 0 minutes. Number of iterations (since the data-node restart) : 1, Number of containers scanned in this iteration : 0, Number of unhealthy containers found in this iteration : 0
2025-02-13 19:48:54,919 [f7573150-f7fb-412c-af68-fa9c822a7cbe-EndpointStateMachineTaskThread-/0.0.0.0:15021-0 ] INFO  replication.ReplicationServer (ReplicationServer.java:start(139)) - ReplicationServer is started using port 15037
2025-02-13 19:48:54,919 [f7573150-f7fb-412c-af68-fa9c822a7cbe-EndpointStateMachineTaskThread-/0.0.0.0:15021-0 ] INFO  ratis.XceiverServerRatis (XceiverServerRatis.java:start(561)) - Starting XceiverServerRatis(f7573150-f7fb-412c-af68-fa9c822a7cbe)
2025-02-13 19:48:54,924 [main] WARN  scm.XceiverClientGrpc (XceiverClientGrpc.java:sendCommandWithRetry(490)) - Failed to execute command ReadChunk on the pipeline Pipeline[ Id: 2753b43d-1424-4719-823b-8c66a834c95b, Nodes: f7573150-f7fb-412c-af68-fa9c822a7cbe(localhost/127.0.0.1) ReplicaIndex: 0, ReplicationConfig: RATIS/ONE, State:ALLOCATED, leaderId:, CreationTimestamp2025-02-13T19:48:49.560Z[Etc/UTC]].
2025-02-13 19:48:54,925 [main] INFO  ozone.MiniOzoneClusterImpl (MiniOzoneClusterImpl.java:shutdown(466)) - Shutting down the Mini Ozone Cluster
2025-02-13 19:48:54,925 [main] INFO  db.CodecTestUtil (CodecTestUtil.java:gc(50)) - gc 0
2025-02-13 19:48:54,964 [f7573150-f7fb-412c-af68-fa9c822a7cbe-EndpointStateMachineTaskThread-/0.0.0.0:15021-0 ] INFO  server.RaftServer (RaftServerProxy.java:startImpl(407)) - f7573150-f7fb-412c-af68-fa9c822a7cbe: start RPC server
2025-02-13 19:48:54,965 [f7573150-f7fb-412c-af68-fa9c822a7cbe-EndpointStateMachineTaskThread-/0.0.0.0:15021-0 ] INFO  server.GrpcService (GrpcService.java:startImpl(334)) - f7573150-f7fb-412c-af68-fa9c822a7cbe: GrpcService started, listening on 15033
2025-02-13 19:48:54,966 [f7573150-f7fb-412c-af68-fa9c822a7cbe-EndpointStateMachineTaskThread-/0.0.0.0:15021-0 ] INFO  server.GrpcService (GrpcService.java:startImpl(334)) - f7573150-f7fb-412c-af68-fa9c822a7cbe: GrpcService started, listening on 15035
2025-02-13 19:48:54,966 [f7573150-f7fb-412c-af68-fa9c822a7cbe-EndpointStateMachineTaskThread-/0.0.0.0:15021-0 ] INFO  server.GrpcService (GrpcService.java:startImpl(334)) - f7573150-f7fb-412c-af68-fa9c822a7cbe: GrpcService started, listening on 15034
2025-02-13 19:48:54,967 [f7573150-f7fb-412c-af68-fa9c822a7cbe-EndpointStateMachineTaskThread-/0.0.0.0:15021-0 ] INFO  ratis.XceiverServerRatis (XceiverServerRatis.java:getRealPort(588)) - XceiverServerRatis(f7573150-f7fb-412c-af68-fa9c822a7cbe) is started using port RATIS=15033
2025-02-13 19:48:54,967 [JvmPauseMonitor8] INFO  util.JvmPauseMonitor (JvmPauseMonitor.java:run(146)) - JvmPauseMonitor-f7573150-f7fb-412c-af68-fa9c822a7cbe: Started
2025-02-13 19:48:54,967 [f7573150-f7fb-412c-af68-fa9c822a7cbe-EndpointStateMachineTaskThread-/0.0.0.0:15021-0 ] INFO  ratis.XceiverServerRatis (XceiverServerRatis.java:getRealPort(588)) - XceiverServerRatis(f7573150-f7fb-412c-af68-fa9c822a7cbe) is started using port RATIS_ADMIN=15034
2025-02-13 19:48:54,968 [f7573150-f7fb-412c-af68-fa9c822a7cbe-EndpointStateMachineTaskThread-/0.0.0.0:15021-0 ] INFO  ratis.XceiverServerRatis (XceiverServerRatis.java:getRealPort(588)) - XceiverServerRatis(f7573150-f7fb-412c-af68-fa9c822a7cbe) is started using port RATIS_SERVER=15035
2025-02-13 19:48:54,968 [f7573150-f7fb-412c-af68-fa9c822a7cbe-EndpointStateMachineTaskThread-/0.0.0.0:15021-0 ] INFO  ratis.XceiverServerRatis (XceiverServerRatis.java:getRealPort(588)) - XceiverServerRatis(f7573150-f7fb-412c-af68-fa9c822a7cbe) is started using port RATIS_DATASTREAM=15036
2025-02-13 19:48:54,969 [f7573150-f7fb-412c-af68-fa9c822a7cbe-BlockDeletingService#0] INFO  interfaces.ContainerDeletionChoosingPolicyTemplate (ContainerDeletionChoosingPolicyTemplate.java:chooseContainerForBlockDeletion(85)) - Chosen 0/5000 blocks from 0 candidate containers.
2025-02-13 19:48:55,064 [main] INFO  ozone.MiniOzoneClusterImpl (MiniOzoneClusterImpl.java:stop(482)) - Stopping the Mini Ozone Cluster
2025-02-13 19:48:55,064 [main] INFO  om.OzoneManager (OzoneManager.java:stop(2239)) - om1[localhost:15025]: Stopping Ozone Manager
2025-02-13 19:48:55,064 [main] INFO  ipc.Server (Server.java:stop(3697)) - Stopping server on 15025
2025-02-13 19:48:55,065 [IPC Server listener on 15025] INFO  ipc.Server (Server.java:run(1585)) - Stopping IPC Server listener on 15025
2025-02-13 19:48:55,065 [IPC Server Responder] INFO  ipc.Server (Server.java:run(1718)) - Stopping IPC Server Responder
2025-02-13 19:48:55,066 [main] INFO  ratis.OzoneManagerRatisServer (OzoneManagerRatisServer.java:stop(640)) - Stopping org.apache.hadoop.ozone.om.ratis.OzoneManagerRatisServer@4ddb5db0 at port 15028
2025-02-13 19:48:55,066 [main] INFO  server.RaftServer (RaftServerProxy.java:lambda$close$9(417)) - om1: close
2025-02-13 19:48:55,066 [main] INFO  server.GrpcService (GrpcService.java:closeImpl(343)) - om1: shutdown server GrpcServerProtocolService now
2025-02-13 19:48:55,066 [om1-impl-thread1] INFO  server.RaftServer$Division (RaftServerImpl.java:lambda$close$1(513)) - om1@group-C5BA1605619E: shutdown
2025-02-13 19:48:55,067 [om1-impl-thread1] INFO  util.JmxRegister (JmxRegister.java:unregister(74)) - Successfully un-registered JMX Bean with object name Ratis:service=RaftServer,group=group-C5BA1605619E,id=om1
2025-02-13 19:48:55,067 [om1-impl-thread1] INFO  impl.RoleInfo (RoleInfo.java:shutdownLeaderState(103)) - om1: shutdown om1@group-C5BA1605619E-LeaderStateImpl
2025-02-13 19:48:55,067 [om1-impl-thread1] INFO  impl.PendingRequests (PendingRequests.java:sendNotLeaderResponses(287)) - om1@group-C5BA1605619E-PendingRequests: sendNotLeaderResponses
2025-02-13 19:48:55,068 [om1-impl-thread1] INFO  impl.StateMachineUpdater (StateMachineUpdater.java:stopAndJoin(164)) - om1@group-C5BA1605619E-StateMachineUpdater: set stopIndex = 0
2025-02-13 19:48:55,068 [main] INFO  server.GrpcService (GrpcService.java:closeImpl(352)) - om1: shutdown server GrpcServerProtocolService successfully
2025-02-13 19:48:55,077 [om1@group-C5BA1605619E-StateMachineUpdater] INFO  ratis.OzoneManagerStateMachine (OzoneManagerStateMachine.java:takeSnapshotImpl(506)) - om1: taking snapshot. applied = (t:1, i:0), skipped = -1, notified = (t:1, i:0), current snapshot index = (t:1, i:0), took 10 ms
2025-02-13 19:48:55,077 [om1@group-C5BA1605619E-StateMachineUpdater] INFO  impl.StateMachineUpdater (StateMachineUpdater.java:takeSnapshot(303)) - om1@group-C5BA1605619E-StateMachineUpdater: Took a snapshot at index 0
2025-02-13 19:48:55,078 [om1@group-C5BA1605619E-StateMachineUpdater] INFO  impl.StateMachineUpdater (StateMachineUpdater.java:lambda$new$0(102)) - om1@group-C5BA1605619E-StateMachineUpdater: snapshotIndex: updateIncreasingly -1 -> 0
2025-02-13 19:48:55,078 [om1@group-C5BA1605619E-StateMachineUpdater] INFO  impl.StateMachineUpdater (StateMachineUpdater.java:stop(141)) - om1@group-C5BA1605619E-StateMachineUpdater: closing OzoneManagerStateMachine, lastApplied=(t:1, i:0)
2025-02-13 19:48:55,078 [om1@group-C5BA1605619E-StateMachineUpdater] INFO  ratis.OzoneManagerStateMachine (OzoneManagerStateMachine.java:close(546)) - Stopping OzoneManagerStateMachine:om1:group-C5BA1605619E.
2025-02-13 19:48:55,078 [om1@group-C5BA1605619E-StateMachineUpdater] INFO  ratis.OzoneManagerDoubleBuffer (OzoneManagerDoubleBuffer.java:stopDaemon(501)) - Stopping OMDoubleBuffer flush thread
2025-02-13 19:48:55,078 [om1-OMDoubleBufferFlushThread] INFO  ratis.OzoneManagerDoubleBuffer (OzoneManagerDoubleBuffer.java:canFlush(561)) - OMDoubleBuffer flush thread om1-OMDoubleBufferFlushThread is interrupted and will exit.
2025-02-13 19:48:55,078 [om1@group-C5BA1605619E-cacheEviction-AwaitToRun] INFO  util.AwaitToRun (AwaitToRun.java:run(49)) - om1@group-C5BA1605619E-cacheEviction-AwaitToRun-AwaitForSignal is interrupted
2025-02-13 19:48:55,436 [om1-impl-thread1] INFO  segmented.SegmentedRaftLogWorker (SegmentedRaftLogWorker.java:close(252)) - om1@group-C5BA1605619E-SegmentedRaftLogWorker close()
2025-02-13 19:48:55,436 [JvmPauseMonitor6] INFO  util.JvmPauseMonitor (JvmPauseMonitor.java:run(152)) - JvmPauseMonitor-om1: Stopped
2025-02-13 19:48:55,436 [main] INFO  utils.BackgroundService (BackgroundService.java:shutdown(163)) - Shutting down service KeyDeletingService
2025-02-13 19:48:55,437 [main] INFO  utils.BackgroundService (BackgroundService.java:shutdown(163)) - Shutting down service DirectoryDeletingService
2025-02-13 19:48:55,440 [main] INFO  utils.BackgroundService (BackgroundService.java:shutdown(163)) - Shutting down service OpenKeyCleanupService
2025-02-13 19:48:55,441 [main] INFO  utils.BackgroundService (BackgroundService.java:shutdown(163)) - Shutting down service SstFilteringService
2025-02-13 19:48:55,441 [main] INFO  utils.BackgroundService (BackgroundService.java:shutdown(163)) - Shutting down service SnapshotDeletingService
2025-02-13 19:48:55,442 [main] INFO  utils.BackgroundService (BackgroundService.java:shutdown(163)) - Shutting down service MultipartUploadCleanupService
2025-02-13 19:48:55,443 [main] INFO  handler.ContextHandler (ContextHandler.java:doStop(1159)) - Stopped o.e.j.w.WebAppContext@2775d0d4{ozoneManager,/,null,STOPPED}{file:/home/runner/work/ozone/ozone/hadoop-ozone/integration-test/target/test-classes/webapps/ozoneManager}
2025-02-13 19:48:55,443 [main] INFO  server.AbstractConnector (AbstractConnector.java:doStop(383)) - Stopped ServerConnector@6af2203{HTTP/1.1, (http/1.1)}{0.0.0.0:15026}
2025-02-13 19:48:55,443 [main] INFO  server.session (HouseKeeper.java:stopScavenging(149)) - node0 Stopped scavenging
2025-02-13 19:48:55,444 [main] INFO  handler.ContextHandler (ContextHandler.java:doStop(1159)) - Stopped o.e.j.s.ServletContextHandler@5cc43bff{static,/static,file:///home/runner/work/ozone/ozone/hadoop-ozone/integration-test/target/test-classes/webapps/static,STOPPED}
2025-02-13 19:48:55,444 [main] INFO  handler.ContextHandler (ContextHandler.java:doStop(1159)) - Stopped o.e.j.s.ServletContextHandler@71e28a63{logs,/logs,file:///home/runner/work/ozone/ozone/hadoop-ozone/integration-test/target/log,STOPPED}
2025-02-13 19:48:55,445 [main] INFO  rocksdiff.RocksDBCheckpointDiffer (RocksDBCheckpointDiffer.java:close(307)) - Shutting down CompactionDagPruningService.
2025-02-13 19:48:55,446 [main] INFO  snapshot.SnapshotDiffManager (SnapshotDiffManager.java:closeExecutorService(1656)) - Shutting down executorService: 'SnapDiffExecutor'
2025-02-13 19:48:55,447 [main] INFO  utils.BackgroundService (BackgroundService.java:shutdown(163)) - Shutting down service SnapshotDiffCleanupService
2025-02-13 19:48:55,448 [main] INFO  ozone.MiniOzoneClusterImpl (MiniOzoneClusterImpl.java:stopDatanodes(559)) - Stopping the HddsDatanodes
2025-02-13 19:48:55,449 [main] INFO  ozoneimpl.OzoneContainer (OzoneContainer.java:stop(526)) - Attempting to stop container services.
2025-02-13 19:48:55,449 [ContainerMetadataScanner] WARN  ozoneimpl.AbstractBackgroundContainerScanner (AbstractBackgroundContainerScanner.java:handleRemainingSleep(134)) - Background container scan was interrupted.
2025-02-13 19:48:55,449 [ContainerMetadataScanner] INFO  ozoneimpl.AbstractBackgroundContainerScanner (AbstractBackgroundContainerScanner.java:run(61)) - Thread[#1283,ContainerMetadataScanner,5,main] exiting.
2025-02-13 19:48:55,450 [main] INFO  ozoneimpl.BackgroundContainerDataScanner (BackgroundContainerDataScanner.java:shutdown(142)) - ContainerDataScanner(/home/runner/work/ozone/ozone/hadoop-ozone/integration-test/target/test-dir/MiniOzoneClusterImpl-cb06fb2a-ab0d-4948-847f-ddb238a3933b/ozone-meta/datanode-1/data-0/hdds) is shutting down. 
2025-02-13 19:48:55,450 [ContainerDataScanner(/home/runner/work/ozone/ozone/hadoop-ozone/integration-test/target/test-dir/MiniOzoneClusterImpl-cb06fb2a-ab0d-4948-847f-ddb238a3933b/ozone-meta/datanode-1/data-0/hdds)] WARN  ozoneimpl.AbstractBackgroundContainerScanner (AbstractBackgroundContainerScanner.java:handleRemainingSleep(134)) - Background container scan was interrupted.
2025-02-13 19:48:55,450 [ContainerDataScanner(/home/runner/work/ozone/ozone/hadoop-ozone/integration-test/target/test-dir/MiniOzoneClusterImpl-cb06fb2a-ab0d-4948-847f-ddb238a3933b/ozone-meta/datanode-1/data-0/hdds)] INFO  ozoneimpl.AbstractBackgroundContainerScanner (AbstractBackgroundContainerScanner.java:run(61)) - ContainerDataScanner(/home/runner/work/ozone/ozone/hadoop-ozone/integration-test/target/test-dir/MiniOzoneClusterImpl-cb06fb2a-ab0d-4948-847f-ddb238a3933b/ozone-meta/datanode-1/data-0/hdds, DS-c113e870-d7b4-4479-8f8d-ebd7effab7d4) exiting.
2025-02-13 19:48:55,450 [main] INFO  ozoneimpl.OnDemandContainerDataScanner (OnDemandContainerDataScanner.java:shutdownScanner(209)) - On-demand container scanner is shutting down.
2025-02-13 19:48:55,451 [main] INFO  ratis.XceiverServerRatis (XceiverServerRatis.java:stop(596)) - Closing XceiverServerRatis(f7573150-f7fb-412c-af68-fa9c822a7cbe)
2025-02-13 19:48:55,451 [main] INFO  server.RaftServer (RaftServerProxy.java:lambda$close$9(417)) - f7573150-f7fb-412c-af68-fa9c822a7cbe: close
2025-02-13 19:48:55,451 [main] INFO  server.GrpcService (GrpcService.java:closeImpl(343)) - f7573150-f7fb-412c-af68-fa9c822a7cbe: shutdown server org.apache.ratis.grpc.server.GrpcClientProtocolService now
2025-02-13 19:48:55,451 [main] INFO  server.GrpcService (GrpcService.java:closeImpl(352)) - f7573150-f7fb-412c-af68-fa9c822a7cbe: shutdown server org.apache.ratis.grpc.server.GrpcClientProtocolService successfully
2025-02-13 19:48:55,451 [main] INFO  server.GrpcService (GrpcService.java:closeImpl(343)) - f7573150-f7fb-412c-af68-fa9c822a7cbe: shutdown server GrpcServerProtocolService now
2025-02-13 19:48:55,452 [main] INFO  server.GrpcService (GrpcService.java:closeImpl(352)) - f7573150-f7fb-412c-af68-fa9c822a7cbe: shutdown server GrpcServerProtocolService successfully
2025-02-13 19:48:55,452 [main] INFO  server.GrpcService (GrpcService.java:closeImpl(343)) - f7573150-f7fb-412c-af68-fa9c822a7cbe: shutdown server org.apache.ratis.grpc.server.GrpcAdminProtocolService now
2025-02-13 19:48:55,452 [main] INFO  server.GrpcService (GrpcService.java:closeImpl(352)) - f7573150-f7fb-412c-af68-fa9c822a7cbe: shutdown server org.apache.ratis.grpc.server.GrpcAdminProtocolService successfully
2025-02-13 19:48:55,452 [f7573150-f7fb-412c-af68-fa9c822a7cbe-NettyServerStreamRpc-bossGroup--thread1] INFO  logging.LoggingHandler (AbstractInternalLogger.java:log(148)) - [id: 0xcb250cb5, L:/0.0.0.0:15036] CLOSE
2025-02-13 19:48:55,452 [f7573150-f7fb-412c-af68-fa9c822a7cbe-NettyServerStreamRpc-bossGroup--thread1] INFO  logging.LoggingHandler (AbstractInternalLogger.java:log(148)) - [id: 0xcb250cb5, L:/0.0.0.0:15036] INACTIVE
2025-02-13 19:48:55,452 [f7573150-f7fb-412c-af68-fa9c822a7cbe-NettyServerStreamRpc-bossGroup--thread1] INFO  logging.LoggingHandler (AbstractInternalLogger.java:log(148)) - [id: 0xcb250cb5, L:/0.0.0.0:15036] UNREGISTERED
2025-02-13 19:48:55,456 [JvmPauseMonitor8] INFO  util.JvmPauseMonitor (JvmPauseMonitor.java:run(152)) - JvmPauseMonitor-f7573150-f7fb-412c-af68-fa9c822a7cbe: Stopped
2025-02-13 19:48:57,459 [main] INFO  utils.DatanodeStoreCache (DatanodeStoreCache.java:shutdownCache(116)) - Skip clearing cache in mini cluster mode. Entries left: [/home/runner/work/ozone/ozone/hadoop-ozone/integration-test/target/test-dir/MiniOzoneClusterImpl-cb06fb2a-ab0d-4948-847f-ddb238a3933b/ozone-meta/datanode-1/data-0/hdds/cb06fb2a-ab0d-4948-847f-ddb238a3933b/DS-c113e870-d7b4-4479-8f8d-ebd7effab7d4/container.db]
2025-02-13 19:48:57,461 [main] INFO  utils.DatanodeStoreCache (DatanodeStoreCache.java:removeDB(110)) - Removed db /home/runner/work/ozone/ozone/hadoop-ozone/integration-test/target/test-dir/MiniOzoneClusterImpl-cb06fb2a-ab0d-4948-847f-ddb238a3933b/ozone-meta/datanode-1/data-0/hdds/cb06fb2a-ab0d-4948-847f-ddb238a3933b/DS-c113e870-d7b4-4479-8f8d-ebd7effab7d4/container.db from cache
2025-02-13 19:48:57,461 [main] INFO  volume.HddsVolume (HddsVolume.java:closeDbStore(481)) - SchemaV3 db is stopped at /home/runner/work/ozone/ozone/hadoop-ozone/integration-test/target/test-dir/MiniOzoneClusterImpl-cb06fb2a-ab0d-4948-847f-ddb238a3933b/ozone-meta/datanode-1/data-0/hdds/cb06fb2a-ab0d-4948-847f-ddb238a3933b/DS-c113e870-d7b4-4479-8f8d-ebd7effab7d4/container.db for volume DS-c113e870-d7b4-4479-8f8d-ebd7effab7d4
2025-02-13 19:48:57,461 [main] INFO  utils.BackgroundService (BackgroundService.java:shutdown(163)) - Shutting down service BlockDeletingService
2025-02-13 19:48:57,462 [main] INFO  utils.BackgroundService (BackgroundService.java:shutdown(163)) - Shutting down service StaleRecoveringContainerScrubbingService
2025-02-13 19:48:57,463 [main] INFO  statemachine.DatanodeStateMachine (DatanodeStateMachine.java:stopDaemon(626)) - Ozone container server stopped.
2025-02-13 19:48:57,475 [main] INFO  handler.ContextHandler (ContextHandler.java:doStop(1159)) - Stopped o.e.j.w.WebAppContext@444050a7{hddsDatanode,/,null,STOPPED}{jar:file:/home/runner/work/ozone/ozone/hadoop-hdds/container-service/target/hdds-container-service-2.0.0-SNAPSHOT.jar!/webapps/hddsDatanode}
2025-02-13 19:48:57,475 [main] INFO  server.AbstractConnector (AbstractConnector.java:doStop(383)) - Stopped ServerConnector@1e287251{HTTP/1.1, (http/1.1)}{0.0.0.0:15030}
2025-02-13 19:48:57,475 [main] INFO  server.session (HouseKeeper.java:stopScavenging(149)) - node0 Stopped scavenging
2025-02-13 19:48:57,476 [main] INFO  handler.ContextHandler (ContextHandler.java:doStop(1159)) - Stopped o.e.j.s.ServletContextHandler@57184af3{static,/static,jar:file:/home/runner/work/ozone/ozone/hadoop-hdds/container-service/target/hdds-container-service-2.0.0-SNAPSHOT.jar!/webapps/static,STOPPED}
2025-02-13 19:48:57,476 [main] INFO  handler.ContextHandler (ContextHandler.java:doStop(1159)) - Stopped o.e.j.s.ServletContextHandler@50dd2e86{logs,/logs,file:///home/runner/work/ozone/ozone/hadoop-ozone/integration-test/target/log,STOPPED}
2025-02-13 19:48:57,476 [main] INFO  ozone.HddsDatanodeClientProtocolServer (HddsDatanodeClientProtocolServer.java:stop(85)) - Stopping the RPC server for Client Protocol
2025-02-13 19:48:57,476 [main] INFO  ipc.Server (Server.java:stop(3697)) - Stopping server on 15031
2025-02-13 19:48:57,478 [IPC Server Responder] INFO  ipc.Server (Server.java:run(1718)) - Stopping IPC Server Responder
2025-02-13 19:48:57,478 [IPC Server listener on 15031] INFO  ipc.Server (Server.java:run(1585)) - Stopping IPC Server listener on 15031
2025-02-13 19:48:57,478 [main] INFO  ozone.MiniOzoneClusterImpl (MiniOzoneClusterImpl.java:stopSCM(574)) - Stopping the StorageContainerManager
2025-02-13 19:48:57,478 [main] INFO  server.StorageContainerManager (StorageContainerManager.java:stop(1637)) - Container Balancer is not running.
2025-02-13 19:48:57,478 [main] INFO  server.StorageContainerManager (StorageContainerManager.java:stopReplicationManager(1775)) - Stopping Replication Manager Service.
2025-02-13 19:48:57,478 [main] INFO  replication.ReplicationManager (ReplicationManager.java:stop(313)) - Stopping Replication Monitor Thread.
2025-02-13 19:48:57,479 [UnderReplicatedProcessor] WARN  replication.UnhealthyReplicationProcessor (UnhealthyReplicationProcessor.java:run(180)) - UnderReplicatedProcessor interrupted. Exiting...
2025-02-13 19:48:57,479 [OverReplicatedProcessor] WARN  replication.UnhealthyReplicationProcessor (UnhealthyReplicationProcessor.java:run(180)) - OverReplicatedProcessor interrupted. Exiting...
2025-02-13 19:48:57,479 [main] INFO  server.StorageContainerManager (StorageContainerManager.java:stop(1646)) - Stopping the Datanode Admin Monitor.
2025-02-13 19:48:57,479 [main] INFO  server.StorageContainerManager (StorageContainerManager.java:stop(1653)) - Stopping datanode service RPC server
2025-02-13 19:48:57,479 [main] INFO  server.SCMDatanodeProtocolServer (SCMDatanodeProtocolServer.java:stop(454)) - Stopping the RPC server for DataNodes
2025-02-13 19:48:57,479 [main] INFO  ipc.Server (Server.java:stop(3697)) - Stopping server on 15021
2025-02-13 19:48:57,480 [ReplicationMonitor] INFO  replication.ReplicationManager (ReplicationManager.java:run(913)) - Replication Monitor Thread is stopped
2025-02-13 19:48:57,482 [IPC Server Responder] INFO  ipc.Server (Server.java:run(1718)) - Stopping IPC Server Responder
2025-02-13 19:48:57,483 [IPC Server listener on 15021] INFO  ipc.Server (Server.java:run(1585)) - Stopping IPC Server listener on 15021
2025-02-13 19:48:57,496 [SCMHeartbeatProcessor-0] WARN  node.NodeStateManager (NodeStateManager.java:scheduleNextHealthCheck(935)) - Current Thread is interrupted, shutting down HB processing thread for Node Manager.
2025-02-13 19:48:57,496 [main] INFO  server.StorageContainerManager (StorageContainerManager.java:stop(1661)) - Stopping block service RPC server
2025-02-13 19:48:57,496 [main] INFO  server.SCMBlockProtocolServer (SCMBlockProtocolServer.java:stop(181)) - Stopping the RPC server for Block Protocol
2025-02-13 19:48:57,496 [main] INFO  ipc.Server (Server.java:stop(3697)) - Stopping server on 15020
2025-02-13 19:48:57,499 [IPC Server listener on 15020] INFO  ipc.Server (Server.java:run(1585)) - Stopping IPC Server listener on 15020
2025-02-13 19:48:57,499 [IPC Server Responder] INFO  ipc.Server (Server.java:run(1718)) - Stopping IPC Server Responder
2025-02-13 19:48:57,499 [main] INFO  server.StorageContainerManager (StorageContainerManager.java:stop(1668)) - Stopping the StorageContainerLocationProtocol RPC server
2025-02-13 19:48:57,500 [main] INFO  server.SCMClientProtocolServer (SCMClientProtocolServer.java:stop(222)) - Stopping the RPC server for Client Protocol
2025-02-13 19:48:57,500 [main] INFO  ipc.Server (Server.java:stop(3697)) - Stopping server on 15019
2025-02-13 19:48:57,502 [IPC Server listener on 15019] INFO  ipc.Server (Server.java:run(1585)) - Stopping IPC Server listener on 15019
2025-02-13 19:48:57,502 [IPC Server Responder] INFO  ipc.Server (Server.java:run(1718)) - Stopping IPC Server Responder
2025-02-13 19:48:57,502 [main] INFO  server.StorageContainerManager (StorageContainerManager.java:stop(1675)) - Stopping Storage Container Manager HTTP server.
2025-02-13 19:48:57,503 [main] INFO  handler.ContextHandler (ContextHandler.java:doStop(1159)) - Stopped o.e.j.w.WebAppContext@5bfe65df{scm,/,null,STOPPED}{file:/home/runner/work/ozone/ozone/hadoop-ozone/integration-test/target/test-classes/webapps/scm}
2025-02-13 19:48:57,505 [main] INFO  server.AbstractConnector (AbstractConnector.java:doStop(383)) - Stopped ServerConnector@429b336b{HTTP/1.1, (http/1.1)}{0.0.0.0:15022}
2025-02-13 19:48:57,505 [main] INFO  server.session (HouseKeeper.java:stopScavenging(149)) - node0 Stopped scavenging
2025-02-13 19:48:57,506 [main] INFO  handler.ContextHandler (ContextHandler.java:doStop(1159)) - Stopped o.e.j.s.ServletContextHandler@3aa1669a{static,/static,file:///home/runner/work/ozone/ozone/hadoop-ozone/integration-test/target/test-classes/webapps/static,STOPPED}
2025-02-13 19:48:57,506 [main] INFO  handler.ContextHandler (ContextHandler.java:doStop(1159)) - Stopped o.e.j.s.ServletContextHandler@1e2b7fa5{logs,/logs,file:///home/runner/work/ozone/ozone/hadoop-ozone/integration-test/target/log,STOPPED}
2025-02-13 19:48:57,507 [main] INFO  server.StorageContainerManager (StorageContainerManager.java:stop(1683)) - Stopping SCM LayoutVersionManager Service.
2025-02-13 19:48:57,507 [main] INFO  server.StorageContainerManager (StorageContainerManager.java:stop(1695)) - Stopping Block Manager Service.
2025-02-13 19:48:57,507 [main] INFO  utils.BackgroundService (BackgroundService.java:shutdown(163)) - Shutting down service SCMBlockDeletingService
2025-02-13 19:48:57,508 [main] INFO  utils.BackgroundService (BackgroundService.java:shutdown(163)) - Shutting down service SCMBlockDeletingService
2025-02-13 19:48:57,508 [main] INFO  server.StorageContainerManager (StorageContainerManager.java:stop(1720)) - Stopping SCM Event Queue.
2025-02-13 19:48:57,508 [main] INFO  server.StorageContainerManager (StorageContainerManager.java:stop(1731)) - Stopping SCM HA services.
2025-02-13 19:48:57,509 [main] INFO  ha.SCMRatisServerImpl (SCMRatisServerImpl.java:stop(266)) - stopping ratis server 0.0.0.0:15023
2025-02-13 19:48:57,509 [main] INFO  server.RaftServer (RaftServerProxy.java:lambda$close$9(417)) - e5168b06-7ea0-44f6-9716-48dcc7ae40be: close
2025-02-13 19:48:57,509 [main] INFO  server.GrpcService (GrpcService.java:closeImpl(343)) - e5168b06-7ea0-44f6-9716-48dcc7ae40be: shutdown server GrpcServerProtocolService now
2025-02-13 19:48:57,509 [e5168b06-7ea0-44f6-9716-48dcc7ae40be-impl-thread1] INFO  server.RaftServer$Division (RaftServerImpl.java:lambda$close$1(513)) - e5168b06-7ea0-44f6-9716-48dcc7ae40be@group-DDB238A3933B: shutdown
2025-02-13 19:48:57,509 [e5168b06-7ea0-44f6-9716-48dcc7ae40be-impl-thread1] INFO  util.JmxRegister (JmxRegister.java:unregister(74)) - Successfully un-registered JMX Bean with object name Ratis:service=RaftServer,group=group-DDB238A3933B,id=e5168b06-7ea0-44f6-9716-48dcc7ae40be
2025-02-13 19:48:57,509 [e5168b06-7ea0-44f6-9716-48dcc7ae40be-impl-thread1] INFO  impl.RoleInfo (RoleInfo.java:shutdownLeaderState(103)) - e5168b06-7ea0-44f6-9716-48dcc7ae40be: shutdown e5168b06-7ea0-44f6-9716-48dcc7ae40be@group-DDB238A3933B-LeaderStateImpl
2025-02-13 19:48:57,509 [e5168b06-7ea0-44f6-9716-48dcc7ae40be-impl-thread1] INFO  impl.PendingRequests (PendingRequests.java:sendNotLeaderResponses(287)) - e5168b06-7ea0-44f6-9716-48dcc7ae40be@group-DDB238A3933B-PendingRequests: sendNotLeaderResponses
2025-02-13 19:48:57,510 [e5168b06-7ea0-44f6-9716-48dcc7ae40be-impl-thread1] INFO  ha.SCMStateMachine (SCMStateMachine.java:notifyNotLeader(216)) - current leader SCM steps down.
2025-02-13 19:48:57,510 [e5168b06-7ea0-44f6-9716-48dcc7ae40be-impl-thread1] INFO  ha.SCMContext (SCMContext.java:updateLeaderAndTerm(96)) - update <isLeader,term> from <true,2> to <false,0>
2025-02-13 19:48:57,510 [e5168b06-7ea0-44f6-9716-48dcc7ae40be-impl-thread1] INFO  ha.SCMContext (SCMContext.java:updateLeaderAndTerm(102)) - update <isLeaderReady> from <true> to <false>
2025-02-13 19:48:57,510 [e5168b06-7ea0-44f6-9716-48dcc7ae40be-impl-thread1] INFO  BackgroundPipelineScrubber (BackgroundSCMService.java:notifyStatusChanged(85)) - Service BackgroundPipelineScrubber transitions to PAUSING.
2025-02-13 19:48:57,510 [e5168b06-7ea0-44f6-9716-48dcc7ae40be-impl-thread1] INFO  ExpiredContainerReplicaOpScrubber (BackgroundSCMService.java:notifyStatusChanged(85)) - Service ExpiredContainerReplicaOpScrubber transitions to PAUSING.
2025-02-13 19:48:57,510 [e5168b06-7ea0-44f6-9716-48dcc7ae40be-impl-thread1] INFO  SCMHATransactionMonitor (BackgroundSCMService.java:notifyStatusChanged(85)) - Service SCMHATransactionMonitor transitions to PAUSING.
2025-02-13 19:48:57,510 [e5168b06-7ea0-44f6-9716-48dcc7ae40be-impl-thread1] INFO  impl.StateMachineUpdater (StateMachineUpdater.java:stopAndJoin(164)) - e5168b06-7ea0-44f6-9716-48dcc7ae40be@group-DDB238A3933B-StateMachineUpdater: set stopIndex = 4
2025-02-13 19:48:57,511 [e5168b06-7ea0-44f6-9716-48dcc7ae40be@group-DDB238A3933B-StateMachineUpdater] INFO  ha.SCMStateMachine (SCMStateMachine.java:takeSnapshot(335)) - Current Snapshot Index 4, takeSnapshot took 0 ms
2025-02-13 19:48:57,511 [e5168b06-7ea0-44f6-9716-48dcc7ae40be@group-DDB238A3933B-StateMachineUpdater] INFO  impl.StateMachineUpdater (StateMachineUpdater.java:takeSnapshot(303)) - e5168b06-7ea0-44f6-9716-48dcc7ae40be@group-DDB238A3933B-StateMachineUpdater: Took a snapshot at index 4
2025-02-13 19:48:57,511 [e5168b06-7ea0-44f6-9716-48dcc7ae40be@group-DDB238A3933B-StateMachineUpdater] INFO  impl.StateMachineUpdater (StateMachineUpdater.java:lambda$new$0(102)) - e5168b06-7ea0-44f6-9716-48dcc7ae40be@group-DDB238A3933B-StateMachineUpdater: snapshotIndex: updateIncreasingly -1 -> 4
2025-02-13 19:48:57,511 [e5168b06-7ea0-44f6-9716-48dcc7ae40be@group-DDB238A3933B-StateMachineUpdater] INFO  impl.StateMachineUpdater (StateMachineUpdater.java:stop(141)) - e5168b06-7ea0-44f6-9716-48dcc7ae40be@group-DDB238A3933B-StateMachineUpdater: closing SCMStateMachine, lastApplied=(t:2, i:4)
2025-02-13 19:48:57,511 [e5168b06-7ea0-44f6-9716-48dcc7ae40be@group-DDB238A3933B-cacheEviction-AwaitToRun] INFO  util.AwaitToRun (AwaitToRun.java:run(49)) - e5168b06-7ea0-44f6-9716-48dcc7ae40be@group-DDB238A3933B-cacheEviction-AwaitToRun-AwaitForSignal is interrupted
2025-02-13 19:48:57,514 [main] INFO  server.GrpcService (GrpcService.java:closeImpl(352)) - e5168b06-7ea0-44f6-9716-48dcc7ae40be: shutdown server GrpcServerProtocolService successfully
2025-02-13 19:48:57,565 [e5168b06-7ea0-44f6-9716-48dcc7ae40be-impl-thread1] INFO  segmented.SegmentedRaftLogWorker (SegmentedRaftLogWorker.java:close(252)) - e5168b06-7ea0-44f6-9716-48dcc7ae40be@group-DDB238A3933B-SegmentedRaftLogWorker close()
2025-02-13 19:48:57,565 [JvmPauseMonitor5] INFO  util.JvmPauseMonitor (JvmPauseMonitor.java:run(152)) - JvmPauseMonitor-e5168b06-7ea0-44f6-9716-48dcc7ae40be: Stopped
2025-02-13 19:48:57,566 [main] INFO  SCMHATransactionMonitor (BackgroundSCMService.java:stop(128)) - Stopping SCMHATransactionMonitor Service.
2025-02-13 19:48:57,566 [SCMHATransactionMonitor] WARN  SCMHATransactionMonitor (BackgroundSCMService.java:run(112)) - SCMHATransactionMonitor is interrupted, exit
2025-02-13 19:48:57,566 [main] INFO  pipeline.BackgroundPipelineCreator (BackgroundPipelineCreator.java:stop(155)) - Stopping RatisPipelineUtilsThread.
2025-02-13 19:48:57,566 [RatisPipelineUtilsThread-0] WARN  pipeline.BackgroundPipelineCreator (BackgroundPipelineCreator.java:run(186)) - RatisPipelineUtilsThread is interrupted.
2025-02-13 19:48:57,566 [main] INFO  BackgroundPipelineScrubber (BackgroundSCMService.java:stop(128)) - Stopping BackgroundPipelineScrubber Service.
2025-02-13 19:48:57,566 [BackgroundPipelineScrubber] WARN  BackgroundPipelineScrubber (BackgroundSCMService.java:run(112)) - BackgroundPipelineScrubber is interrupted, exit
2025-02-13 19:48:57,567 [main] INFO  impl.MetricsSystemImpl (MetricsSystemImpl.java:stop(210)) - Stopping HddsDatanode metrics system...
2025-02-13 19:48:57,567 [prometheus] INFO  impl.MetricsSinkAdapter (MetricsSinkAdapter.java:publishMetricsFromQueue(141)) - prometheus thread interrupted.
2025-02-13 19:48:57,567 [main] INFO  impl.MetricsSystemImpl (MetricsSystemImpl.java:stop(216)) - HddsDatanode metrics system stopped.
2025-02-13 19:48:57,567 [main] WARN  pipeline.BackgroundPipelineCreator (BackgroundPipelineCreator.java:stop(151)) - RatisPipelineUtilsThread is not running, just ignore.
2025-02-13 19:48:57,568 [main] INFO  BackgroundPipelineScrubber (BackgroundSCMService.java:stop(123)) - BackgroundPipelineScrubber Service is not running, skip stop.
2025-02-13 19:48:57,568 [main] INFO  ExpiredContainerReplicaOpScrubber (BackgroundSCMService.java:stop(128)) - Stopping ExpiredContainerReplicaOpScrubber Service.
2025-02-13 19:48:57,568 [main] INFO  utils.BackgroundService (BackgroundService.java:shutdown(163)) - Shutting down service SCMBlockDeletingService
2025-02-13 19:48:57,568 [ExpiredContainerReplicaOpScrubber] WARN  ExpiredContainerReplicaOpScrubber (BackgroundSCMService.java:run(112)) - ExpiredContainerReplicaOpScrubber is interrupted, exit
2025-02-13 19:48:57,568 [main] INFO  replication.ReplicationManager (ReplicationManager.java:stop(320)) - Replication Monitor Thread is not running.
2025-02-13 19:48:57,568 [main] WARN  balancer.ContainerBalancer (ContainerBalancer.java:stop(351)) - Cannot stop Container Balancer because it's not running or stopping
2025-02-13 19:48:57,568 [main] INFO  SCMHATransactionMonitor (BackgroundSCMService.java:stop(123)) - SCMHATransactionMonitor Service is not running, skip stop.
2025-02-13 19:48:57,568 [main] INFO  server.StorageContainerManager (StorageContainerManager.java:stop(1766)) - Stopping SCM MetadataStore.
2025-02-13 19:48:57,568 [LeaseManager#LeaseMonitor] WARN  lease.LeaseManager (LeaseManager.java:run(286)) - Lease manager is interrupted. Shutting down...
java.lang.InterruptedException
	at java.base/java.util.concurrent.locks.AbstractQueuedSynchronizer.tryAcquireSharedNanos(AbstractQueuedSynchronizer.java:1133)
	at java.base/java.util.concurrent.Semaphore.tryAcquire(Semaphore.java:415)
	at org.apache.hadoop.ozone.lease.LeaseManager$LeaseMonitor.run(LeaseManager.java:284)
	at java.base/java.lang.Thread.run(Thread.java:1583)
]]></system-out>
  </testcase>
  <testcase name="testCloseContainer(File,File)" classname="org.apache.hadoop.ozone.container.ozoneimpl.TestOzoneContainer" time="21.207"/>
  <testcase name="testOzoneContainerViaDataNode" classname="org.apache.hadoop.ozone.container.ozoneimpl.TestOzoneContainer" time="21.308"/>
  <testcase name="testOzoneContainerStart(File,File)" classname="org.apache.hadoop.ozone.container.ozoneimpl.TestOzoneContainer" time="3.29"/>
  <testcase name="testXcieverClientAsync(File,File)" classname="org.apache.hadoop.ozone.container.ozoneimpl.TestOzoneContainer" time="26.974"/>
  <testcase name="testCreateOzoneContainer(File,File)" classname="org.apache.hadoop.ozone.container.ozoneimpl.TestOzoneContainer" time="2.129"/>
  <testcase name="testDeleteContainer(File,File)" classname="org.apache.hadoop.ozone.container.ozoneimpl.TestOzoneContainer" time="21.541"/>
</testsuite>