<?xml version="1.0" encoding="UTF-8"?>
<testsuite xmlns:xsi="http://www.w3.org/2001/XMLSchema-instance" xsi:noNamespaceSchemaLocation="https://maven.apache.org/surefire/maven-surefire-plugin/xsd/surefire-test-report-3.0.xsd" version="3.0" name="org.apache.hadoop.hdds.scm.TestRatisPipelineLeader" time="23.346" tests="2" errors="0" skipped="0" failures="2">
  <properties>
    <property name="awt.toolkit" value="sun.awt.X11.XToolkit"/>
    <property name="file.encoding.pkg" value="sun.io"/>
    <property name="java.specification.version" value="1.8"/>
    <property name="sun.cpu.isalist" value=""/>
    <property name="sun.jnu.encoding" value="UTF-8"/>
    <property name="java.class.path" value="/home/runner/work/ozone/ozone/hadoop-ozone/integration-test/target/test-classes:/home/runner/work/ozone/ozone/hadoop-ozone/integration-test/target/classes:/home/runner/.m2/repository/org/apache/ozone/ozone-common/1.3.0-SNAPSHOT/ozone-common-1.3.0-SNAPSHOT.jar:/home/runner/.m2/repository/io/grpc/grpc-netty/1.48.1/grpc-netty-1.48.1.jar:/home/runner/.m2/repository/io/grpc/grpc-core/1.48.1/grpc-core-1.48.1.jar:/home/runner/.m2/repository/com/google/android/annotations/4.1.1.4/annotations-4.1.1.4.jar:/home/runner/.m2/repository/org/codehaus/mojo/animal-sniffer-annotations/1.21/animal-sniffer-annotations-1.21.jar:/home/runner/.m2/repository/com/google/errorprone/error_prone_annotations/2.2.0/error_prone_annotations-2.2.0.jar:/home/runner/.m2/repository/io/perfmark/perfmark-api/0.25.0/perfmark-api-0.25.0.jar:/home/runner/.m2/repository/io/netty/netty-codec-http2/4.1.79.Final/netty-codec-http2-4.1.79.Final.jar:/home/runner/.m2/repository/io/netty/netty-common/4.1.79.Final/netty-common-4.1.79.Final.jar:/home/runner/.m2/repository/io/netty/netty-buffer/4.1.79.Final/netty-buffer-4.1.79.Final.jar:/home/runner/.m2/repository/io/netty/netty-codec-http/4.1.79.Final/netty-codec-http-4.1.79.Final.jar:/home/runner/.m2/repository/io/netty/netty-handler-proxy/4.1.79.Final/netty-handler-proxy-4.1.79.Final.jar:/home/runner/.m2/repository/io/netty/netty-codec-socks/4.1.79.Final/netty-codec-socks-4.1.79.Final.jar:/home/runner/.m2/repository/io/netty/netty-tcnative-boringssl-static/2.0.53.Final/netty-tcnative-boringssl-static-2.0.53.Final.jar:/home/runner/.m2/repository/io/netty/netty-tcnative-classes/2.0.53.Final/netty-tcnative-classes-2.0.53.Final.jar:/home/runner/.m2/repository/io/netty/netty-tcnative-boringssl-static/2.0.53.Final/netty-tcnative-boringssl-static-2.0.53.Final-linux-x86_64.jar:/home/runner/.m2/repository/io/netty/netty-tcnative-boringssl-static/2.0.53.Final/netty-tcnative-boringssl-static-2.0.53.Final-linux-aarch_64.jar:/home/runner/.m2/repository/io/netty/netty-tcnative-boringssl-static/2.0.53.Final/netty-tcnative-boringssl-static-2.0.53.Final-osx-x86_64.jar:/home/runner/.m2/repository/io/netty/netty-tcnative-boringssl-static/2.0.53.Final/netty-tcnative-boringssl-static-2.0.53.Final-osx-aarch_64.jar:/home/runner/.m2/repository/io/netty/netty-tcnative-boringssl-static/2.0.53.Final/netty-tcnative-boringssl-static-2.0.53.Final-windows-x86_64.jar:/home/runner/.m2/repository/org/apache/commons/commons-compress/1.21/commons-compress-1.21.jar:/home/runner/.m2/repository/org/apache/ozone/hdds-common/1.3.0-SNAPSHOT/hdds-common-1.3.0-SNAPSHOT.jar:/home/runner/.m2/repository/org/apache/ozone/hdds-client/1.3.0-SNAPSHOT/hdds-client-1.3.0-SNAPSHOT.jar:/home/runner/.m2/repository/org/apache/ozone/ozone-interface-client/1.3.0-SNAPSHOT/ozone-interface-client-1.3.0-SNAPSHOT.jar:/home/runner/.m2/repository/org/apache/ozone/hdds-test-utils/1.3.0-SNAPSHOT/hdds-test-utils-1.3.0-SNAPSHOT.jar:/home/runner/.m2/repository/com/google/guava/guava/31.1-jre/guava-31.1-jre.jar:/home/runner/.m2/repository/com/google/guava/failureaccess/1.0.1/failureaccess-1.0.1.jar:/home/runner/.m2/repository/com/google/guava/listenablefuture/9999.0-empty-to-avoid-conflict-with-guava/listenablefuture-9999.0-empty-to-avoid-conflict-with-guava.jar:/home/runner/.m2/repository/com/google/code/findbugs/jsr305/3.0.0/jsr305-3.0.0.jar:/home/runner/.m2/repository/org/checkerframework/checker-qual/3.12.0/checker-qual-3.12.0.jar:/home/runner/.m2/repository/com/google/j2objc/j2objc-annotations/1.3/j2objc-annotations-1.3.jar:/home/runner/.m2/repository/commons-io/commons-io/2.11.0/commons-io-2.11.0.jar:/home/runner/.m2/repository/commons-logging/commons-logging/1.2/commons-logging-1.2.jar:/home/runner/.m2/repository/ch/qos/reload4j/reload4j/1.2.22/reload4j-1.2.22.jar:/home/runner/.m2/repository/org/slf4j/slf4j-api/1.7.36/slf4j-api-1.7.36.jar:/home/runner/.m2/repository/org/apache/ozone/hdds-server-scm/1.3.0-SNAPSHOT/hdds-server-scm-1.3.0-SNAPSHOT.jar:/home/runner/.m2/repository/org/apache/ozone/hdds-container-service/1.3.0-SNAPSHOT/hdds-container-service-1.3.0-SNAPSHOT.jar:/home/runner/.m2/repository/org/apache/ozone/hdds-hadoop-dependency-server/1.3.0-SNAPSHOT/hdds-hadoop-dependency-server-1.3.0-SNAPSHOT.jar:/home/runner/.m2/repository/org/apache/hadoop/hadoop-hdfs/3.3.4/hadoop-hdfs-3.3.4.jar:/home/runner/.m2/repository/org/eclipse/jetty/jetty-util-ajax/9.4.43.v20210629/jetty-util-ajax-9.4.43.v20210629.jar:/home/runner/.m2/repository/commons-daemon/commons-daemon/1.0.13/commons-daemon-1.0.13.jar:/home/runner/.m2/repository/org/apache/ozone/hdds-server-framework/1.3.0-SNAPSHOT/hdds-server-framework-1.3.0-SNAPSHOT.jar:/home/runner/.m2/repository/org/apache/ozone/hdds-interface-server/1.3.0-SNAPSHOT/hdds-interface-server-1.3.0-SNAPSHOT.jar:/home/runner/.m2/repository/org/apache/logging/log4j/log4j-core/2.17.1/log4j-core-2.17.1.jar:/home/runner/.m2/repository/com/lmax/disruptor/3.4.2/disruptor-3.4.2.jar:/home/runner/.m2/repository/org/eclipse/jetty/jetty-servlet/9.4.43.v20210629/jetty-servlet-9.4.43.v20210629.jar:/home/runner/.m2/repository/org/eclipse/jetty/jetty-security/9.4.43.v20210629/jetty-security-9.4.43.v20210629.jar:/home/runner/.m2/repository/org/rocksdb/rocksdbjni/7.4.5/rocksdbjni-7.4.5.jar:/home/runner/.m2/repository/io/prometheus/simpleclient_dropwizard/0.7.0/simpleclient_dropwizard-0.7.0.jar:/home/runner/.m2/repository/io/prometheus/simpleclient/0.7.0/simpleclient-0.7.0.jar:/home/runner/.m2/repository/io/prometheus/simpleclient_common/0.7.0/simpleclient_common-0.7.0.jar:/home/runner/.m2/repository/io/dropwizard/metrics/metrics-core/3.2.4/metrics-core-3.2.4.jar:/home/runner/.m2/repository/org/apache/hadoop/hadoop-hdfs-client/3.3.4/hadoop-hdfs-client-3.3.4.jar:/home/runner/.m2/repository/com/squareup/okhttp3/okhttp/4.9.3/okhttp-4.9.3.jar:/home/runner/.m2/repository/com/squareup/okio/okio/2.8.0/okio-2.8.0.jar:/home/runner/.m2/repository/org/jetbrains/kotlin/kotlin-stdlib-common/1.4.10/kotlin-stdlib-common-1.4.10.jar:/home/runner/.m2/repository/org/bouncycastle/bcprov-jdk15on/1.67/bcprov-jdk15on-1.67.jar:/home/runner/.m2/repository/com/google/protobuf/protobuf-java/2.5.0/protobuf-java-2.5.0.jar:/home/runner/.m2/repository/org/apache/ozone/ozone-manager/1.3.0-SNAPSHOT/ozone-manager-1.3.0-SNAPSHOT.jar:/home/runner/.m2/repository/org/aspectj/aspectjrt/1.9.7/aspectjrt-1.9.7.jar:/home/runner/.m2/repository/org/aspectj/aspectjweaver/1.9.7/aspectjweaver-1.9.7.jar:/home/runner/.m2/repository/org/apache/ozone/hdds-interface-client/1.3.0-SNAPSHOT/hdds-interface-client-1.3.0-SNAPSHOT.jar:/home/runner/.m2/repository/org/apache/hadoop/thirdparty/hadoop-shaded-protobuf_3_7/1.1.1/hadoop-shaded-protobuf_3_7-1.1.1.jar:/home/runner/.m2/repository/org/apache/ozone/ozone-interface-storage/1.3.0-SNAPSHOT/ozone-interface-storage-1.3.0-SNAPSHOT.jar:/home/runner/.m2/repository/org/reflections/reflections/0.9.11/reflections-0.9.11.jar:/home/runner/.m2/repository/com/sun/jersey/jersey-client/1.19/jersey-client-1.19.jar:/home/runner/.m2/repository/org/apache/ranger/ranger-intg/2.3.0/ranger-intg-2.3.0.jar:/home/runner/.m2/repository/org/apache/ranger/ranger-plugins-common/2.3.0/ranger-plugins-common-2.3.0.jar:/home/runner/.m2/repository/commons-lang/commons-lang/2.6/commons-lang-2.6.jar:/home/runner/.m2/repository/org/codehaus/jackson/jackson-jaxrs/1.9.13/jackson-jaxrs-1.9.13.jar:/home/runner/.m2/repository/org/apache/ranger/ranger-plugins-cred/2.3.0/ranger-plugins-cred-2.3.0.jar:/home/runner/.m2/repository/org/apache/ranger/ranger-plugins-audit/2.3.0/ranger-plugins-audit-2.3.0.jar:/home/runner/.m2/repository/org/eclipse/jetty/jetty-client/9.4.31.v20200723/jetty-client-9.4.31.v20200723.jar:/home/runner/.m2/repository/org/apache/httpcomponents/httpmime/4.5.6/httpmime-4.5.6.jar:/home/runner/.m2/repository/org/apache/httpcomponents/httpcore-nio/4.4.6/httpcore-nio-4.4.6.jar:/home/runner/.m2/repository/org/apache/httpcomponents/httpasyncclient/4.1.3/httpasyncclient-4.1.3.jar:/home/runner/.m2/repository/com/carrotsearch/hppc/0.8.0/hppc-0.8.0.jar:/home/runner/.m2/repository/org/apache/orc/orc-core/1.5.8/orc-core-1.5.8.jar:/home/runner/.m2/repository/net/java/dev/jna/jna/5.2.0/jna-5.2.0.jar:/home/runner/.m2/repository/net/java/dev/jna/jna-platform/5.2.0/jna-platform-5.2.0.jar:/home/runner/.m2/repository/com/kstruct/gethostname4j/0.0.2/gethostname4j-0.0.2.jar:/home/runner/.m2/repository/org/apache/ranger/ranger-plugin-classloader/2.3.0/ranger-plugin-classloader-2.3.0.jar:/home/runner/.m2/repository/org/apache/hadoop/hadoop-minikdc/3.3.4/hadoop-minikdc-3.3.4.jar:/home/runner/.m2/repository/org/apache/kerby/kerb-simplekdc/1.0.1/kerb-simplekdc-1.0.1.jar:/home/runner/.m2/repository/org/apache/kerby/kerb-client/1.0.1/kerb-client-1.0.1.jar:/home/runner/.m2/repository/org/apache/kerby/kerby-config/1.0.1/kerby-config-1.0.1.jar:/home/runner/.m2/repository/org/apache/kerby/kerb-common/1.0.1/kerb-common-1.0.1.jar:/home/runner/.m2/repository/org/apache/kerby/kerb-crypto/1.0.1/kerb-crypto-1.0.1.jar:/home/runner/.m2/repository/org/apache/kerby/kerb-util/1.0.1/kerb-util-1.0.1.jar:/home/runner/.m2/repository/org/apache/kerby/token-provider/1.0.1/token-provider-1.0.1.jar:/home/runner/.m2/repository/org/apache/kerby/kerb-admin/1.0.1/kerb-admin-1.0.1.jar:/home/runner/.m2/repository/org/apache/kerby/kerb-server/1.0.1/kerb-server-1.0.1.jar:/home/runner/.m2/repository/org/apache/kerby/kerb-identity/1.0.1/kerb-identity-1.0.1.jar:/home/runner/.m2/repository/org/apache/kerby/kerby-xdr/1.0.1/kerby-xdr-1.0.1.jar:/home/runner/.m2/repository/org/apache/ozone/ozone-s3gateway/1.3.0-SNAPSHOT/ozone-s3gateway-1.3.0-SNAPSHOT.jar:/home/runner/.m2/repository/org/javassist/javassist/3.21.0-GA/javassist-3.21.0-GA.jar:/home/runner/.m2/repository/org/jboss/weld/servlet/weld-servlet/2.4.7.Final/weld-servlet-2.4.7.Final.jar:/home/runner/.m2/repository/org/glassfish/jersey/containers/jersey-container-servlet-core/2.34/jersey-container-servlet-core-2.34.jar:/home/runner/.m2/repository/org/glassfish/hk2/external/jakarta.inject/2.6.1/jakarta.inject-2.6.1.jar:/home/runner/.m2/repository/org/glassfish/jersey/core/jersey-common/2.34/jersey-common-2.34.jar:/home/runner/.m2/repository/jakarta/ws/rs/jakarta.ws.rs-api/2.1.6/jakarta.ws.rs-api-2.1.6.jar:/home/runner/.m2/repository/org/glassfish/jersey/ext/cdi/jersey-cdi1x/2.34/jersey-cdi1x-2.34.jar:/home/runner/.m2/repository/org/glassfish/jersey/inject/jersey-hk2/2.34/jersey-hk2-2.34.jar:/home/runner/.m2/repository/org/glassfish/hk2/hk2-locator/2.6.1/hk2-locator-2.6.1.jar:/home/runner/.m2/repository/org/glassfish/jersey/media/jersey-media-jaxb/2.34/jersey-media-jaxb-2.34.jar:/home/runner/.m2/repository/org/glassfish/hk2/osgi-resource-locator/1.0.3/osgi-resource-locator-1.0.3.jar:/home/runner/.m2/repository/org/glassfish/hk2/hk2-api/2.5.0/hk2-api-2.5.0.jar:/home/runner/.m2/repository/org/glassfish/hk2/hk2-utils/2.5.0/hk2-utils-2.5.0.jar:/home/runner/.m2/repository/org/glassfish/hk2/external/aopalliance-repackaged/2.5.0/aopalliance-repackaged-2.5.0.jar:/home/runner/.m2/repository/com/fasterxml/jackson/dataformat/jackson-dataformat-xml/2.13.4/jackson-dataformat-xml-2.13.4.jar:/home/runner/.m2/repository/com/fasterxml/jackson/core/jackson-core/2.13.4/jackson-core-2.13.4.jar:/home/runner/.m2/repository/org/codehaus/woodstox/stax2-api/3.1.4/stax2-api-3.1.4.jar:/home/runner/.m2/repository/com/fasterxml/woodstox/woodstox-core/5.0.3/woodstox-core-5.0.3.jar:/home/runner/.m2/repository/com/fasterxml/jackson/module/jackson-module-jaxb-annotations/2.13.4/jackson-module-jaxb-annotations-2.13.4.jar:/home/runner/.m2/repository/jakarta/xml/bind/jakarta.xml.bind-api/2.3.3/jakarta.xml.bind-api-2.3.3.jar:/home/runner/.m2/repository/jakarta/activation/jakarta.activation-api/1.2.1/jakarta.activation-api-1.2.1.jar:/home/runner/.m2/repository/javax/enterprise/cdi-api/1.2/cdi-api-1.2.jar:/home/runner/.m2/repository/javax/el/javax.el-api/3.0.0/javax.el-api-3.0.0.jar:/home/runner/.m2/repository/javax/interceptor/javax.interceptor-api/1.2/javax.interceptor-api-1.2.jar:/home/runner/.m2/repository/javax/inject/javax.inject/1/javax.inject-1.jar:/home/runner/.m2/repository/javax/xml/bind/jaxb-api/2.3.0/jaxb-api-2.3.0.jar:/home/runner/.m2/repository/org/glassfish/jaxb/jaxb-runtime/2.3.0.1/jaxb-runtime-2.3.0.1.jar:/home/runner/.m2/repository/org/glassfish/jaxb/jaxb-core/2.3.0.1/jaxb-core-2.3.0.1.jar:/home/runner/.m2/repository/org/glassfish/jaxb/txw2/2.3.0.1/txw2-2.3.0.1.jar:/home/runner/.m2/repository/com/sun/istack/istack-commons-runtime/3.0.5/istack-commons-runtime-3.0.5.jar:/home/runner/.m2/repository/org/jvnet/staxex/stax-ex/1.7.8/stax-ex-1.7.8.jar:/home/runner/.m2/repository/com/sun/xml/fastinfoset/FastInfoset/1.2.13/FastInfoset-1.2.13.jar:/home/runner/.m2/repository/javax/activation/activation/1.1.1/activation-1.1.1.jar:/home/runner/.m2/repository/io/grpc/grpc-protobuf/1.48.1/grpc-protobuf-1.48.1.jar:/home/runner/.m2/repository/io/grpc/grpc-api/1.48.1/grpc-api-1.48.1.jar:/home/runner/.m2/repository/io/grpc/grpc-context/1.48.1/grpc-context-1.48.1.jar:/home/runner/.m2/repository/com/google/api/grpc/proto-google-common-protos/2.9.0/proto-google-common-protos-2.9.0.jar:/home/runner/.m2/repository/io/grpc/grpc-protobuf-lite/1.48.1/grpc-protobuf-lite-1.48.1.jar:/home/runner/.m2/repository/io/grpc/grpc-stub/1.48.1/grpc-stub-1.48.1.jar:/home/runner/.m2/repository/io/netty/netty-transport/4.1.79.Final/netty-transport-4.1.79.Final.jar:/home/runner/.m2/repository/io/netty/netty-resolver/4.1.79.Final/netty-resolver-4.1.79.Final.jar:/home/runner/.m2/repository/org/apache/ozone/ozone-csi/1.3.0-SNAPSHOT/ozone-csi-1.3.0-SNAPSHOT.jar:/home/runner/.m2/repository/com/google/protobuf/protobuf-java-util/3.19.2/protobuf-java-util-3.19.2.jar:/home/runner/.m2/repository/com/google/code/gson/gson/2.9.0/gson-2.9.0.jar:/home/runner/.m2/repository/org/apache/ozone/hdds-config/1.3.0-SNAPSHOT/hdds-config-1.3.0-SNAPSHOT.jar:/home/runner/.m2/repository/io/netty/netty-transport-native-epoll/4.1.79.Final/netty-transport-native-epoll-4.1.79.Final-linux-x86_64.jar:/home/runner/.m2/repository/io/netty/netty-transport-classes-epoll/4.1.79.Final/netty-transport-classes-epoll-4.1.79.Final.jar:/home/runner/.m2/repository/io/netty/netty-transport-native-unix-common/4.1.79.Final/netty-transport-native-unix-common-4.1.79.Final.jar:/home/runner/.m2/repository/org/slf4j/slf4j-reload4j/1.7.36/slf4j-reload4j-1.7.36.jar:/home/runner/.m2/repository/org/apache/ozone/ozone-recon/1.3.0-SNAPSHOT/ozone-recon-1.3.0-SNAPSHOT.jar:/home/runner/.m2/repository/org/apache/ozone/ozone-reconcodegen/1.3.0-SNAPSHOT/ozone-reconcodegen-1.3.0-SNAPSHOT.jar:/home/runner/.m2/repository/com/google/inject/extensions/guice-multibindings/4.0/guice-multibindings-4.0.jar:/home/runner/.m2/repository/com/google/inject/guice/4.0/guice-4.0.jar:/home/runner/.m2/repository/aopalliance/aopalliance/1.0/aopalliance-1.0.jar:/home/runner/.m2/repository/com/google/inject/extensions/guice-assistedinject/4.0/guice-assistedinject-4.0.jar:/home/runner/.m2/repository/com/google/inject/extensions/guice-servlet/4.0/guice-servlet-4.0.jar:/home/runner/.m2/repository/org/glassfish/jersey/containers/jersey-container-servlet/2.34/jersey-container-servlet-2.34.jar:/home/runner/.m2/repository/org/glassfish/hk2/guice-bridge/2.5.0/guice-bridge-2.5.0.jar:/home/runner/.m2/repository/org/glassfish/jersey/core/jersey-server/2.34/jersey-server-2.34.jar:/home/runner/.m2/repository/org/glassfish/jersey/core/jersey-client/2.34/jersey-client-2.34.jar:/home/runner/.m2/repository/jakarta/annotation/jakarta.annotation-api/1.3.5/jakarta.annotation-api-1.3.5.jar:/home/runner/.m2/repository/jakarta/validation/jakarta.validation-api/2.0.2/jakarta.validation-api-2.0.2.jar:/home/runner/.m2/repository/org/glassfish/jersey/media/jersey-media-json-jackson/2.34/jersey-media-json-jackson-2.34.jar:/home/runner/.m2/repository/org/glassfish/jersey/ext/jersey-entity-filtering/2.34/jersey-entity-filtering-2.34.jar:/home/runner/.m2/repository/org/jooq/jooq/3.11.10/jooq-3.11.10.jar:/home/runner/.m2/repository/org/jooq/jooq-meta/3.11.10/jooq-meta-3.11.10.jar:/home/runner/.m2/repository/org/jooq/jooq-codegen/3.11.10/jooq-codegen-3.11.10.jar:/home/runner/.m2/repository/com/jolbox/bonecp/0.8.0.RELEASE/bonecp-0.8.0.RELEASE.jar:/home/runner/.m2/repository/org/apache/derby/derby/10.14.2.0/derby-10.14.2.0.jar:/home/runner/.m2/repository/org/xerial/sqlite-jdbc/3.25.2/sqlite-jdbc-3.25.2.jar:/home/runner/.m2/repository/org/springframework/spring-jdbc/5.2.20.RELEASE/spring-jdbc-5.2.20.RELEASE.jar:/home/runner/.m2/repository/org/springframework/spring-beans/5.2.20.RELEASE/spring-beans-5.2.20.RELEASE.jar:/home/runner/.m2/repository/org/springframework/spring-core/5.2.20.RELEASE/spring-core-5.2.20.RELEASE.jar:/home/runner/.m2/repository/org/springframework/spring-jcl/5.2.20.RELEASE/spring-jcl-5.2.20.RELEASE.jar:/home/runner/.m2/repository/org/springframework/spring-tx/5.2.20.RELEASE/spring-tx-5.2.20.RELEASE.jar:/home/runner/.m2/repository/org/apache/ozone/ozone-client/1.3.0-SNAPSHOT/ozone-client-1.3.0-SNAPSHOT.jar:/home/runner/.m2/repository/org/apache/ozone/hdds-erasurecode/1.3.0-SNAPSHOT/hdds-erasurecode-1.3.0-SNAPSHOT.jar:/home/runner/.m2/repository/com/github/spotbugs/spotbugs-annotations/3.1.12/spotbugs-annotations-3.1.12.jar:/home/runner/.m2/repository/org/apache/ozone/ozone-filesystem/1.3.0-SNAPSHOT/ozone-filesystem-1.3.0-SNAPSHOT.jar:/home/runner/.m2/repository/org/apache/ozone/ozone-filesystem-common/1.3.0-SNAPSHOT/ozone-filesystem-common-1.3.0-SNAPSHOT.jar:/home/runner/.m2/repository/org/apache/ozone/ozone-tools/1.3.0-SNAPSHOT/ozone-tools-1.3.0-SNAPSHOT.jar:/home/runner/.m2/repository/org/apache/ratis/ratis-tools/2.3.0/ratis-tools-2.3.0.jar:/home/runner/.m2/repository/com/amazonaws/aws-java-sdk-core/1.12.261/aws-java-sdk-core-1.12.261.jar:/home/runner/.m2/repository/org/apache/httpcomponents/httpclient/4.5.13/httpclient-4.5.13.jar:/home/runner/.m2/repository/org/apache/httpcomponents/httpcore/4.4.13/httpcore-4.4.13.jar:/home/runner/.m2/repository/software/amazon/ion/ion-java/1.0.2/ion-java-1.0.2.jar:/home/runner/.m2/repository/com/fasterxml/jackson/dataformat/jackson-dataformat-cbor/2.13.4/jackson-dataformat-cbor-2.13.4.jar:/home/runner/.m2/repository/joda-time/joda-time/2.8.1/joda-time-2.8.1.jar:/home/runner/.m2/repository/com/amazonaws/aws-java-sdk-s3/1.12.261/aws-java-sdk-s3-1.12.261.jar:/home/runner/.m2/repository/com/amazonaws/aws-java-sdk-kms/1.12.261/aws-java-sdk-kms-1.12.261.jar:/home/runner/.m2/repository/com/amazonaws/jmespath-java/1.12.261/jmespath-java-1.12.261.jar:/home/runner/.m2/repository/org/kohsuke/metainf-services/metainf-services/1.8/metainf-services-1.8.jar:/home/runner/.m2/repository/org/apache/ozone/hdds-tools/1.3.0-SNAPSHOT/hdds-tools-1.3.0-SNAPSHOT.jar:/home/runner/.m2/repository/commons-cli/commons-cli/1.2/commons-cli-1.2.jar:/home/runner/.m2/repository/org/apache/commons/commons-lang3/3.7/commons-lang3-3.7.jar:/home/runner/.m2/repository/org/apache/ozone/ozone-manager/1.3.0-SNAPSHOT/ozone-manager-1.3.0-SNAPSHOT-tests.jar:/home/runner/.m2/repository/org/apache/ozone/hdds-common/1.3.0-SNAPSHOT/hdds-common-1.3.0-SNAPSHOT-tests.jar:/home/runner/.m2/repository/org/apache/ozone/hdds-hadoop-dependency-client/1.3.0-SNAPSHOT/hdds-hadoop-dependency-client-1.3.0-SNAPSHOT.jar:/home/runner/.m2/repository/info/picocli/picocli/4.6.1/picocli-4.6.1.jar:/home/runner/.m2/repository/com/fasterxml/jackson/core/jackson-annotations/2.13.4/jackson-annotations-2.13.4.jar:/home/runner/.m2/repository/com/fasterxml/jackson/datatype/jackson-datatype-jsr310/2.13.4/jackson-datatype-jsr310-2.13.4.jar:/home/runner/.m2/repository/org/apache/ozone/hdds-annotation-processing/1.3.0-SNAPSHOT/hdds-annotation-processing-1.3.0-SNAPSHOT.jar:/home/runner/.m2/repository/javax/annotation/javax.annotation-api/1.2/javax.annotation-api-1.2.jar:/home/runner/.m2/repository/org/apache/ratis/ratis-server/2.3.0/ratis-server-2.3.0.jar:/home/runner/.m2/repository/org/apache/ratis/ratis-client/2.3.0/ratis-client-2.3.0.jar:/home/runner/.m2/repository/org/apache/ratis/ratis-server-api/2.3.0/ratis-server-api-2.3.0.jar:/home/runner/.m2/repository/org/apache/ratis/ratis-metrics/2.3.0/ratis-metrics-2.3.0.jar:/home/runner/.m2/repository/org/apache/ratis/ratis-netty/2.3.0/ratis-netty-2.3.0.jar:/home/runner/.m2/repository/org/apache/ratis/ratis-grpc/2.3.0/ratis-grpc-2.3.0.jar:/home/runner/.m2/repository/org/apache/logging/log4j/log4j-api/2.17.1/log4j-api-2.17.1.jar:/home/runner/.m2/repository/org/apache/commons/commons-pool2/2.6.0/commons-pool2-2.6.0.jar:/home/runner/.m2/repository/org/bouncycastle/bcpkix-jdk15on/1.67/bcpkix-jdk15on-1.67.jar:/home/runner/.m2/repository/commons-validator/commons-validator/1.6/commons-validator-1.6.jar:/home/runner/.m2/repository/commons-beanutils/commons-beanutils/1.9.4/commons-beanutils-1.9.4.jar:/home/runner/.m2/repository/commons-digester/commons-digester/1.8.1/commons-digester-1.8.1.jar:/home/runner/.m2/repository/commons-collections/commons-collections/3.2.2/commons-collections-3.2.2.jar:/home/runner/.m2/repository/io/jaegertracing/jaeger-client/1.6.0/jaeger-client-1.6.0.jar:/home/runner/.m2/repository/io/jaegertracing/jaeger-thrift/1.6.0/jaeger-thrift-1.6.0.jar:/home/runner/.m2/repository/org/apache/thrift/libthrift/0.14.1/libthrift-0.14.1.jar:/home/runner/.m2/repository/io/jaegertracing/jaeger-core/1.6.0/jaeger-core-1.6.0.jar:/home/runner/.m2/repository/io/jaegertracing/jaeger-tracerresolver/1.6.0/jaeger-tracerresolver-1.6.0.jar:/home/runner/.m2/repository/io/opentracing/contrib/opentracing-tracerresolver/0.1.8/opentracing-tracerresolver-0.1.8.jar:/home/runner/.m2/repository/org/jetbrains/kotlin/kotlin-stdlib/1.6.21/kotlin-stdlib-1.6.21.jar:/home/runner/.m2/repository/org/jetbrains/annotations/13.0/annotations-13.0.jar:/home/runner/.m2/repository/io/opentracing/opentracing-util/0.33.0/opentracing-util-0.33.0.jar:/home/runner/.m2/repository/io/opentracing/opentracing-api/0.33.0/opentracing-api-0.33.0.jar:/home/runner/.m2/repository/io/opentracing/opentracing-noop/0.33.0/opentracing-noop-0.33.0.jar:/home/runner/.m2/repository/org/yaml/snakeyaml/1.32/snakeyaml-1.32.jar:/home/runner/.m2/repository/org/apache/ozone/hdds-interface-admin/1.3.0-SNAPSHOT/hdds-interface-admin-1.3.0-SNAPSHOT.jar:/home/runner/.m2/repository/junit/junit/4.13.1/junit-4.13.1.jar:/home/runner/.m2/repository/org/hamcrest/hamcrest-core/1.3/hamcrest-core-1.3.jar:/home/runner/.m2/repository/org/junit/jupiter/junit-jupiter-api/5.8.2/junit-jupiter-api-5.8.2.jar:/home/runner/.m2/repository/org/opentest4j/opentest4j/1.2.0/opentest4j-1.2.0.jar:/home/runner/.m2/repository/org/junit/platform/junit-platform-commons/1.8.2/junit-platform-commons-1.8.2.jar:/home/runner/.m2/repository/org/apiguardian/apiguardian-api/1.1.2/apiguardian-api-1.1.2.jar:/home/runner/.m2/repository/org/junit/jupiter/junit-jupiter-params/5.8.2/junit-jupiter-params-5.8.2.jar:/home/runner/.m2/repository/org/junit/jupiter/junit-jupiter-migrationsupport/5.8.2/junit-jupiter-migrationsupport-5.8.2.jar:/home/runner/.m2/repository/org/junit/jupiter/junit-jupiter-engine/5.8.2/junit-jupiter-engine-5.8.2.jar:/home/runner/.m2/repository/org/junit/platform/junit-platform-engine/1.8.2/junit-platform-engine-1.8.2.jar:/home/runner/.m2/repository/org/junit/vintage/junit-vintage-engine/5.8.2/junit-vintage-engine-5.8.2.jar:/home/runner/.m2/repository/org/junit/platform/junit-platform-launcher/1.8.2/junit-platform-launcher-1.8.2.jar:/home/runner/.m2/repository/org/mockito/mockito-core/2.28.2/mockito-core-2.28.2.jar:/home/runner/.m2/repository/net/bytebuddy/byte-buddy/1.9.10/byte-buddy-1.9.10.jar:/home/runner/.m2/repository/net/bytebuddy/byte-buddy-agent/1.9.10/byte-buddy-agent-1.9.10.jar:/home/runner/.m2/repository/org/objenesis/objenesis/1.0/objenesis-1.0.jar:/home/runner/.m2/repository/org/apache/hadoop/hadoop-kms/3.3.4/hadoop-kms-3.3.4.jar:/home/runner/.m2/repository/org/apache/hadoop/hadoop-auth/3.3.4/hadoop-auth-3.3.4.jar:/home/runner/.m2/repository/com/nimbusds/nimbus-jose-jwt/7.9/nimbus-jose-jwt-7.9.jar:/home/runner/.m2/repository/com/github/stephenc/jcip/jcip-annotations/1.0-1/jcip-annotations-1.0-1.jar:/home/runner/.m2/repository/net/minidev/json-smart/2.4.7/json-smart-2.4.7.jar:/home/runner/.m2/repository/net/minidev/accessors-smart/2.4.7/accessors-smart-2.4.7.jar:/home/runner/.m2/repository/org/ow2/asm/asm/5.0.4/asm-5.0.4.jar:/home/runner/.m2/repository/org/apache/zookeeper/zookeeper/3.5.6/zookeeper-3.5.6.jar:/home/runner/.m2/repository/org/apache/zookeeper/zookeeper-jute/3.5.6/zookeeper-jute-3.5.6.jar:/home/runner/.m2/repository/org/apache/yetus/audience-annotations/0.5.0/audience-annotations-0.5.0.jar:/home/runner/.m2/repository/org/apache/curator/curator-framework/4.2.0/curator-framework-4.2.0.jar:/home/runner/.m2/repository/org/apache/hadoop/thirdparty/hadoop-shaded-guava/1.1.1/hadoop-shaded-guava-1.1.1.jar:/home/runner/.m2/repository/com/sun/jersey/jersey-core/1.19/jersey-core-1.19.jar:/home/runner/.m2/repository/javax/ws/rs/jsr311-api/1.1.1/jsr311-api-1.1.1.jar:/home/runner/.m2/repository/com/sun/jersey/jersey-server/1.19/jersey-server-1.19.jar:/home/runner/.m2/repository/javax/servlet/javax.servlet-api/3.1.0/javax.servlet-api-3.1.0.jar:/home/runner/.m2/repository/org/eclipse/jetty/jetty-server/9.4.43.v20210629/jetty-server-9.4.43.v20210629.jar:/home/runner/.m2/repository/org/eclipse/jetty/jetty-http/9.4.43.v20210629/jetty-http-9.4.43.v20210629.jar:/home/runner/.m2/repository/org/eclipse/jetty/jetty-io/9.4.43.v20210629/jetty-io-9.4.43.v20210629.jar:/home/runner/.m2/repository/org/eclipse/jetty/jetty-webapp/9.4.43.v20210629/jetty-webapp-9.4.43.v20210629.jar:/home/runner/.m2/repository/org/eclipse/jetty/jetty-xml/9.4.43.v20210629/jetty-xml-9.4.43.v20210629.jar:/home/runner/.m2/repository/org/apache/hadoop/hadoop-common/3.3.4/hadoop-common-3.3.4.jar:/home/runner/.m2/repository/org/apache/commons/commons-math3/3.1.1/commons-math3-3.1.1.jar:/home/runner/.m2/repository/commons-net/commons-net/3.6/commons-net-3.6.jar:/home/runner/.m2/repository/com/sun/jersey/jersey-servlet/1.19/jersey-servlet-1.19.jar:/home/runner/.m2/repository/com/sun/jersey/jersey-json/1.19/jersey-json-1.19.jar:/home/runner/.m2/repository/org/codehaus/jettison/jettison/1.1/jettison-1.1.jar:/home/runner/.m2/repository/com/sun/xml/bind/jaxb-impl/2.2.3-1/jaxb-impl-2.2.3-1.jar:/home/runner/.m2/repository/org/codehaus/jackson/jackson-xc/1.9.2/jackson-xc-1.9.2.jar:/home/runner/.m2/repository/org/apache/commons/commons-configuration2/2.1.1/commons-configuration2-2.1.1.jar:/home/runner/.m2/repository/org/apache/commons/commons-text/1.4/commons-text-1.4.jar:/home/runner/.m2/repository/com/google/re2j/re2j/1.1/re2j-1.1.jar:/home/runner/.m2/repository/com/jcraft/jsch/0.1.54/jsch-0.1.54.jar:/home/runner/.m2/repository/org/apache/curator/curator-client/4.2.0/curator-client-4.2.0.jar:/home/runner/.m2/repository/org/apache/curator/curator-recipes/4.2.0/curator-recipes-4.2.0.jar:/home/runner/.m2/repository/org/apache/kerby/kerb-core/1.0.1/kerb-core-1.0.1.jar:/home/runner/.m2/repository/org/apache/kerby/kerby-pkix/1.0.1/kerby-pkix-1.0.1.jar:/home/runner/.m2/repository/org/apache/kerby/kerby-asn1/1.0.1/kerby-asn1-1.0.1.jar:/home/runner/.m2/repository/org/apache/kerby/kerby-util/1.0.1/kerby-util-1.0.1.jar:/home/runner/.m2/repository/dnsjava/dnsjava/2.1.7/dnsjava-2.1.7.jar:/home/runner/.m2/repository/org/xerial/snappy/snappy-java/1.1.8.2/snappy-java-1.1.8.2.jar:/home/runner/.m2/repository/org/eclipse/jetty/jetty-util/9.4.43.v20210629/jetty-util-9.4.43.v20210629.jar:/home/runner/.m2/repository/com/fasterxml/jackson/core/jackson-databind/2.13.4/jackson-databind-2.13.4.jar:/home/runner/.m2/repository/org/apache/hadoop/hadoop-kms/3.3.4/hadoop-kms-3.3.4-tests.jar:/home/runner/.m2/repository/org/apache/ozone/hdds-server-scm/1.3.0-SNAPSHOT/hdds-server-scm-1.3.0-SNAPSHOT-tests.jar:/home/runner/.m2/repository/org/apache/ozone/hdds-container-service/1.3.0-SNAPSHOT/hdds-container-service-1.3.0-SNAPSHOT-tests.jar:/home/runner/.m2/repository/commons-codec/commons-codec/1.11/commons-codec-1.11.jar:/home/runner/.m2/repository/io/netty/netty-codec/4.1.79.Final/netty-codec-4.1.79.Final.jar:/home/runner/.m2/repository/io/netty/netty-handler/4.1.79.Final/netty-handler-4.1.79.Final.jar:/home/runner/.m2/repository/org/apache/ozone/hdds-hadoop-dependency-test/1.3.0-SNAPSHOT/hdds-hadoop-dependency-test-1.3.0-SNAPSHOT.jar:/home/runner/.m2/repository/org/apache/hadoop/hadoop-common/3.3.4/hadoop-common-3.3.4-tests.jar:/home/runner/.m2/repository/org/apache/hadoop/hadoop-hdfs/3.3.4/hadoop-hdfs-3.3.4-tests.jar:/home/runner/.m2/repository/org/assertj/assertj-core/3.12.2/assertj-core-3.12.2.jar:/home/runner/.m2/repository/org/apache/hadoop/hadoop-distcp/3.3.4/hadoop-distcp-3.3.4.jar:/home/runner/.m2/repository/org/apache/hadoop/hadoop-mapreduce-client-jobclient/3.3.4/hadoop-mapreduce-client-jobclient-3.3.4.jar:/home/runner/.m2/repository/org/apache/hadoop/hadoop-mapreduce-client-common/3.3.4/hadoop-mapreduce-client-common-3.3.4.jar:/home/runner/.m2/repository/org/apache/hadoop/hadoop-yarn-common/3.3.4/hadoop-yarn-common-3.3.4.jar:/home/runner/.m2/repository/org/apache/hadoop/hadoop-yarn-api/3.3.4/hadoop-yarn-api-3.3.4.jar:/home/runner/.m2/repository/com/sun/jersey/contribs/jersey-guice/1.19/jersey-guice-1.19.jar:/home/runner/.m2/repository/com/fasterxml/jackson/jaxrs/jackson-jaxrs-json-provider/2.13.4/jackson-jaxrs-json-provider-2.13.4.jar:/home/runner/.m2/repository/com/fasterxml/jackson/jaxrs/jackson-jaxrs-base/2.13.4/jackson-jaxrs-base-2.13.4.jar:/home/runner/.m2/repository/org/apache/hadoop/hadoop-yarn-client/3.3.4/hadoop-yarn-client-3.3.4.jar:/home/runner/.m2/repository/org/eclipse/jetty/websocket/websocket-client/9.4.43.v20210629/websocket-client-9.4.43.v20210629.jar:/home/runner/.m2/repository/org/eclipse/jetty/websocket/websocket-common/9.4.43.v20210629/websocket-common-9.4.43.v20210629.jar:/home/runner/.m2/repository/org/eclipse/jetty/websocket/websocket-api/9.4.43.v20210629/websocket-api-9.4.43.v20210629.jar:/home/runner/.m2/repository/org/jline/jline/3.9.0/jline-3.9.0.jar:/home/runner/.m2/repository/org/apache/hadoop/hadoop-mapreduce-client-core/3.3.4/hadoop-mapreduce-client-core-3.3.4.jar:/home/runner/.m2/repository/org/apache/avro/avro/1.7.7/avro-1.7.7.jar:/home/runner/.m2/repository/org/codehaus/jackson/jackson-core-asl/1.9.13/jackson-core-asl-1.9.13.jar:/home/runner/.m2/repository/org/codehaus/jackson/jackson-mapper-asl/1.9.13/jackson-mapper-asl-1.9.13.jar:/home/runner/.m2/repository/com/thoughtworks/paranamer/paranamer/2.3/paranamer-2.3.jar:/home/runner/.m2/repository/org/apache/hadoop/hadoop-annotations/3.3.4/hadoop-annotations-3.3.4.jar:/usr/lib/jvm/temurin-8-jdk-amd64/jre/../lib/tools.jar:/home/runner/.m2/repository/io/netty/netty/3.10.6.Final/netty-3.10.6.Final.jar:/home/runner/.m2/repository/org/apache/hadoop/hadoop-distcp/3.3.4/hadoop-distcp-3.3.4-tests.jar:/home/runner/.m2/repository/org/slf4j/jul-to-slf4j/1.7.36/jul-to-slf4j-1.7.36.jar:/home/runner/.m2/repository/org/apache/ratis/ratis-common/2.3.0/ratis-common-2.3.0.jar:/home/runner/.m2/repository/org/apache/ratis/ratis-thirdparty-misc/1.0.0/ratis-thirdparty-misc-1.0.0.jar:/home/runner/.m2/repository/org/apache/ratis/ratis-proto/2.3.0/ratis-proto-2.3.0.jar:"/>
    <property name="java.vm.vendor" value="Temurin"/>
    <property name="sun.arch.data.model" value="64"/>
    <property name="test.build.dir" value="/home/runner/work/ozone/ozone/hadoop-ozone/integration-test/target/test-dir"/>
    <property name="test.cache.data" value=""/>
    <property name="java.vendor.url" value="https://adoptium.net/"/>
    <property name="user.timezone" value="Etc/UTC"/>
    <property name="java.vm.specification.version" value="1.8"/>
    <property name="os.name" value="Linux"/>
    <property name="test.build.data" value="/home/runner/work/ozone/ozone/hadoop-ozone/integration-test/target/test-dir"/>
    <property name="sun.java.launcher" value="SUN_STANDARD"/>
    <property name="sun.boot.library.path" value="/usr/lib/jvm/temurin-8-jdk-amd64/jre/lib/amd64"/>
    <property name="sun.java.command" value="/home/runner/work/ozone/ozone/hadoop-ozone/integration-test/target/surefire/surefirebooter8952993533390287270.jar /home/runner/work/ozone/ozone/hadoop-ozone/integration-test/target/surefire 2022-10-13T11-28-03_862-jvmRun1 surefire5819593514602487408tmp surefire_06242387455133146838tmp"/>
    <property name="surefire.test.class.path" value="/home/runner/work/ozone/ozone/hadoop-ozone/integration-test/target/test-classes:/home/runner/work/ozone/ozone/hadoop-ozone/integration-test/target/classes:/home/runner/.m2/repository/org/apache/ozone/ozone-common/1.3.0-SNAPSHOT/ozone-common-1.3.0-SNAPSHOT.jar:/home/runner/.m2/repository/io/grpc/grpc-netty/1.48.1/grpc-netty-1.48.1.jar:/home/runner/.m2/repository/io/grpc/grpc-core/1.48.1/grpc-core-1.48.1.jar:/home/runner/.m2/repository/com/google/android/annotations/4.1.1.4/annotations-4.1.1.4.jar:/home/runner/.m2/repository/org/codehaus/mojo/animal-sniffer-annotations/1.21/animal-sniffer-annotations-1.21.jar:/home/runner/.m2/repository/com/google/errorprone/error_prone_annotations/2.2.0/error_prone_annotations-2.2.0.jar:/home/runner/.m2/repository/io/perfmark/perfmark-api/0.25.0/perfmark-api-0.25.0.jar:/home/runner/.m2/repository/io/netty/netty-codec-http2/4.1.79.Final/netty-codec-http2-4.1.79.Final.jar:/home/runner/.m2/repository/io/netty/netty-common/4.1.79.Final/netty-common-4.1.79.Final.jar:/home/runner/.m2/repository/io/netty/netty-buffer/4.1.79.Final/netty-buffer-4.1.79.Final.jar:/home/runner/.m2/repository/io/netty/netty-codec-http/4.1.79.Final/netty-codec-http-4.1.79.Final.jar:/home/runner/.m2/repository/io/netty/netty-handler-proxy/4.1.79.Final/netty-handler-proxy-4.1.79.Final.jar:/home/runner/.m2/repository/io/netty/netty-codec-socks/4.1.79.Final/netty-codec-socks-4.1.79.Final.jar:/home/runner/.m2/repository/io/netty/netty-tcnative-boringssl-static/2.0.53.Final/netty-tcnative-boringssl-static-2.0.53.Final.jar:/home/runner/.m2/repository/io/netty/netty-tcnative-classes/2.0.53.Final/netty-tcnative-classes-2.0.53.Final.jar:/home/runner/.m2/repository/io/netty/netty-tcnative-boringssl-static/2.0.53.Final/netty-tcnative-boringssl-static-2.0.53.Final-linux-x86_64.jar:/home/runner/.m2/repository/io/netty/netty-tcnative-boringssl-static/2.0.53.Final/netty-tcnative-boringssl-static-2.0.53.Final-linux-aarch_64.jar:/home/runner/.m2/repository/io/netty/netty-tcnative-boringssl-static/2.0.53.Final/netty-tcnative-boringssl-static-2.0.53.Final-osx-x86_64.jar:/home/runner/.m2/repository/io/netty/netty-tcnative-boringssl-static/2.0.53.Final/netty-tcnative-boringssl-static-2.0.53.Final-osx-aarch_64.jar:/home/runner/.m2/repository/io/netty/netty-tcnative-boringssl-static/2.0.53.Final/netty-tcnative-boringssl-static-2.0.53.Final-windows-x86_64.jar:/home/runner/.m2/repository/org/apache/commons/commons-compress/1.21/commons-compress-1.21.jar:/home/runner/.m2/repository/org/apache/ozone/hdds-common/1.3.0-SNAPSHOT/hdds-common-1.3.0-SNAPSHOT.jar:/home/runner/.m2/repository/org/apache/ozone/hdds-client/1.3.0-SNAPSHOT/hdds-client-1.3.0-SNAPSHOT.jar:/home/runner/.m2/repository/org/apache/ozone/ozone-interface-client/1.3.0-SNAPSHOT/ozone-interface-client-1.3.0-SNAPSHOT.jar:/home/runner/.m2/repository/org/apache/ozone/hdds-test-utils/1.3.0-SNAPSHOT/hdds-test-utils-1.3.0-SNAPSHOT.jar:/home/runner/.m2/repository/com/google/guava/guava/31.1-jre/guava-31.1-jre.jar:/home/runner/.m2/repository/com/google/guava/failureaccess/1.0.1/failureaccess-1.0.1.jar:/home/runner/.m2/repository/com/google/guava/listenablefuture/9999.0-empty-to-avoid-conflict-with-guava/listenablefuture-9999.0-empty-to-avoid-conflict-with-guava.jar:/home/runner/.m2/repository/com/google/code/findbugs/jsr305/3.0.0/jsr305-3.0.0.jar:/home/runner/.m2/repository/org/checkerframework/checker-qual/3.12.0/checker-qual-3.12.0.jar:/home/runner/.m2/repository/com/google/j2objc/j2objc-annotations/1.3/j2objc-annotations-1.3.jar:/home/runner/.m2/repository/commons-io/commons-io/2.11.0/commons-io-2.11.0.jar:/home/runner/.m2/repository/commons-logging/commons-logging/1.2/commons-logging-1.2.jar:/home/runner/.m2/repository/ch/qos/reload4j/reload4j/1.2.22/reload4j-1.2.22.jar:/home/runner/.m2/repository/org/slf4j/slf4j-api/1.7.36/slf4j-api-1.7.36.jar:/home/runner/.m2/repository/org/apache/ozone/hdds-server-scm/1.3.0-SNAPSHOT/hdds-server-scm-1.3.0-SNAPSHOT.jar:/home/runner/.m2/repository/org/apache/ozone/hdds-container-service/1.3.0-SNAPSHOT/hdds-container-service-1.3.0-SNAPSHOT.jar:/home/runner/.m2/repository/org/apache/ozone/hdds-hadoop-dependency-server/1.3.0-SNAPSHOT/hdds-hadoop-dependency-server-1.3.0-SNAPSHOT.jar:/home/runner/.m2/repository/org/apache/hadoop/hadoop-hdfs/3.3.4/hadoop-hdfs-3.3.4.jar:/home/runner/.m2/repository/org/eclipse/jetty/jetty-util-ajax/9.4.43.v20210629/jetty-util-ajax-9.4.43.v20210629.jar:/home/runner/.m2/repository/commons-daemon/commons-daemon/1.0.13/commons-daemon-1.0.13.jar:/home/runner/.m2/repository/org/apache/ozone/hdds-server-framework/1.3.0-SNAPSHOT/hdds-server-framework-1.3.0-SNAPSHOT.jar:/home/runner/.m2/repository/org/apache/ozone/hdds-interface-server/1.3.0-SNAPSHOT/hdds-interface-server-1.3.0-SNAPSHOT.jar:/home/runner/.m2/repository/org/apache/logging/log4j/log4j-core/2.17.1/log4j-core-2.17.1.jar:/home/runner/.m2/repository/com/lmax/disruptor/3.4.2/disruptor-3.4.2.jar:/home/runner/.m2/repository/org/eclipse/jetty/jetty-servlet/9.4.43.v20210629/jetty-servlet-9.4.43.v20210629.jar:/home/runner/.m2/repository/org/eclipse/jetty/jetty-security/9.4.43.v20210629/jetty-security-9.4.43.v20210629.jar:/home/runner/.m2/repository/org/rocksdb/rocksdbjni/7.4.5/rocksdbjni-7.4.5.jar:/home/runner/.m2/repository/io/prometheus/simpleclient_dropwizard/0.7.0/simpleclient_dropwizard-0.7.0.jar:/home/runner/.m2/repository/io/prometheus/simpleclient/0.7.0/simpleclient-0.7.0.jar:/home/runner/.m2/repository/io/prometheus/simpleclient_common/0.7.0/simpleclient_common-0.7.0.jar:/home/runner/.m2/repository/io/dropwizard/metrics/metrics-core/3.2.4/metrics-core-3.2.4.jar:/home/runner/.m2/repository/org/apache/hadoop/hadoop-hdfs-client/3.3.4/hadoop-hdfs-client-3.3.4.jar:/home/runner/.m2/repository/com/squareup/okhttp3/okhttp/4.9.3/okhttp-4.9.3.jar:/home/runner/.m2/repository/com/squareup/okio/okio/2.8.0/okio-2.8.0.jar:/home/runner/.m2/repository/org/jetbrains/kotlin/kotlin-stdlib-common/1.4.10/kotlin-stdlib-common-1.4.10.jar:/home/runner/.m2/repository/org/bouncycastle/bcprov-jdk15on/1.67/bcprov-jdk15on-1.67.jar:/home/runner/.m2/repository/com/google/protobuf/protobuf-java/2.5.0/protobuf-java-2.5.0.jar:/home/runner/.m2/repository/org/apache/ozone/ozone-manager/1.3.0-SNAPSHOT/ozone-manager-1.3.0-SNAPSHOT.jar:/home/runner/.m2/repository/org/aspectj/aspectjrt/1.9.7/aspectjrt-1.9.7.jar:/home/runner/.m2/repository/org/aspectj/aspectjweaver/1.9.7/aspectjweaver-1.9.7.jar:/home/runner/.m2/repository/org/apache/ozone/hdds-interface-client/1.3.0-SNAPSHOT/hdds-interface-client-1.3.0-SNAPSHOT.jar:/home/runner/.m2/repository/org/apache/hadoop/thirdparty/hadoop-shaded-protobuf_3_7/1.1.1/hadoop-shaded-protobuf_3_7-1.1.1.jar:/home/runner/.m2/repository/org/apache/ozone/ozone-interface-storage/1.3.0-SNAPSHOT/ozone-interface-storage-1.3.0-SNAPSHOT.jar:/home/runner/.m2/repository/org/reflections/reflections/0.9.11/reflections-0.9.11.jar:/home/runner/.m2/repository/com/sun/jersey/jersey-client/1.19/jersey-client-1.19.jar:/home/runner/.m2/repository/org/apache/ranger/ranger-intg/2.3.0/ranger-intg-2.3.0.jar:/home/runner/.m2/repository/org/apache/ranger/ranger-plugins-common/2.3.0/ranger-plugins-common-2.3.0.jar:/home/runner/.m2/repository/commons-lang/commons-lang/2.6/commons-lang-2.6.jar:/home/runner/.m2/repository/org/codehaus/jackson/jackson-jaxrs/1.9.13/jackson-jaxrs-1.9.13.jar:/home/runner/.m2/repository/org/apache/ranger/ranger-plugins-cred/2.3.0/ranger-plugins-cred-2.3.0.jar:/home/runner/.m2/repository/org/apache/ranger/ranger-plugins-audit/2.3.0/ranger-plugins-audit-2.3.0.jar:/home/runner/.m2/repository/org/eclipse/jetty/jetty-client/9.4.31.v20200723/jetty-client-9.4.31.v20200723.jar:/home/runner/.m2/repository/org/apache/httpcomponents/httpmime/4.5.6/httpmime-4.5.6.jar:/home/runner/.m2/repository/org/apache/httpcomponents/httpcore-nio/4.4.6/httpcore-nio-4.4.6.jar:/home/runner/.m2/repository/org/apache/httpcomponents/httpasyncclient/4.1.3/httpasyncclient-4.1.3.jar:/home/runner/.m2/repository/com/carrotsearch/hppc/0.8.0/hppc-0.8.0.jar:/home/runner/.m2/repository/org/apache/orc/orc-core/1.5.8/orc-core-1.5.8.jar:/home/runner/.m2/repository/net/java/dev/jna/jna/5.2.0/jna-5.2.0.jar:/home/runner/.m2/repository/net/java/dev/jna/jna-platform/5.2.0/jna-platform-5.2.0.jar:/home/runner/.m2/repository/com/kstruct/gethostname4j/0.0.2/gethostname4j-0.0.2.jar:/home/runner/.m2/repository/org/apache/ranger/ranger-plugin-classloader/2.3.0/ranger-plugin-classloader-2.3.0.jar:/home/runner/.m2/repository/org/apache/hadoop/hadoop-minikdc/3.3.4/hadoop-minikdc-3.3.4.jar:/home/runner/.m2/repository/org/apache/kerby/kerb-simplekdc/1.0.1/kerb-simplekdc-1.0.1.jar:/home/runner/.m2/repository/org/apache/kerby/kerb-client/1.0.1/kerb-client-1.0.1.jar:/home/runner/.m2/repository/org/apache/kerby/kerby-config/1.0.1/kerby-config-1.0.1.jar:/home/runner/.m2/repository/org/apache/kerby/kerb-common/1.0.1/kerb-common-1.0.1.jar:/home/runner/.m2/repository/org/apache/kerby/kerb-crypto/1.0.1/kerb-crypto-1.0.1.jar:/home/runner/.m2/repository/org/apache/kerby/kerb-util/1.0.1/kerb-util-1.0.1.jar:/home/runner/.m2/repository/org/apache/kerby/token-provider/1.0.1/token-provider-1.0.1.jar:/home/runner/.m2/repository/org/apache/kerby/kerb-admin/1.0.1/kerb-admin-1.0.1.jar:/home/runner/.m2/repository/org/apache/kerby/kerb-server/1.0.1/kerb-server-1.0.1.jar:/home/runner/.m2/repository/org/apache/kerby/kerb-identity/1.0.1/kerb-identity-1.0.1.jar:/home/runner/.m2/repository/org/apache/kerby/kerby-xdr/1.0.1/kerby-xdr-1.0.1.jar:/home/runner/.m2/repository/org/apache/ozone/ozone-s3gateway/1.3.0-SNAPSHOT/ozone-s3gateway-1.3.0-SNAPSHOT.jar:/home/runner/.m2/repository/org/javassist/javassist/3.21.0-GA/javassist-3.21.0-GA.jar:/home/runner/.m2/repository/org/jboss/weld/servlet/weld-servlet/2.4.7.Final/weld-servlet-2.4.7.Final.jar:/home/runner/.m2/repository/org/glassfish/jersey/containers/jersey-container-servlet-core/2.34/jersey-container-servlet-core-2.34.jar:/home/runner/.m2/repository/org/glassfish/hk2/external/jakarta.inject/2.6.1/jakarta.inject-2.6.1.jar:/home/runner/.m2/repository/org/glassfish/jersey/core/jersey-common/2.34/jersey-common-2.34.jar:/home/runner/.m2/repository/jakarta/ws/rs/jakarta.ws.rs-api/2.1.6/jakarta.ws.rs-api-2.1.6.jar:/home/runner/.m2/repository/org/glassfish/jersey/ext/cdi/jersey-cdi1x/2.34/jersey-cdi1x-2.34.jar:/home/runner/.m2/repository/org/glassfish/jersey/inject/jersey-hk2/2.34/jersey-hk2-2.34.jar:/home/runner/.m2/repository/org/glassfish/hk2/hk2-locator/2.6.1/hk2-locator-2.6.1.jar:/home/runner/.m2/repository/org/glassfish/jersey/media/jersey-media-jaxb/2.34/jersey-media-jaxb-2.34.jar:/home/runner/.m2/repository/org/glassfish/hk2/osgi-resource-locator/1.0.3/osgi-resource-locator-1.0.3.jar:/home/runner/.m2/repository/org/glassfish/hk2/hk2-api/2.5.0/hk2-api-2.5.0.jar:/home/runner/.m2/repository/org/glassfish/hk2/hk2-utils/2.5.0/hk2-utils-2.5.0.jar:/home/runner/.m2/repository/org/glassfish/hk2/external/aopalliance-repackaged/2.5.0/aopalliance-repackaged-2.5.0.jar:/home/runner/.m2/repository/com/fasterxml/jackson/dataformat/jackson-dataformat-xml/2.13.4/jackson-dataformat-xml-2.13.4.jar:/home/runner/.m2/repository/com/fasterxml/jackson/core/jackson-core/2.13.4/jackson-core-2.13.4.jar:/home/runner/.m2/repository/org/codehaus/woodstox/stax2-api/3.1.4/stax2-api-3.1.4.jar:/home/runner/.m2/repository/com/fasterxml/woodstox/woodstox-core/5.0.3/woodstox-core-5.0.3.jar:/home/runner/.m2/repository/com/fasterxml/jackson/module/jackson-module-jaxb-annotations/2.13.4/jackson-module-jaxb-annotations-2.13.4.jar:/home/runner/.m2/repository/jakarta/xml/bind/jakarta.xml.bind-api/2.3.3/jakarta.xml.bind-api-2.3.3.jar:/home/runner/.m2/repository/jakarta/activation/jakarta.activation-api/1.2.1/jakarta.activation-api-1.2.1.jar:/home/runner/.m2/repository/javax/enterprise/cdi-api/1.2/cdi-api-1.2.jar:/home/runner/.m2/repository/javax/el/javax.el-api/3.0.0/javax.el-api-3.0.0.jar:/home/runner/.m2/repository/javax/interceptor/javax.interceptor-api/1.2/javax.interceptor-api-1.2.jar:/home/runner/.m2/repository/javax/inject/javax.inject/1/javax.inject-1.jar:/home/runner/.m2/repository/javax/xml/bind/jaxb-api/2.3.0/jaxb-api-2.3.0.jar:/home/runner/.m2/repository/org/glassfish/jaxb/jaxb-runtime/2.3.0.1/jaxb-runtime-2.3.0.1.jar:/home/runner/.m2/repository/org/glassfish/jaxb/jaxb-core/2.3.0.1/jaxb-core-2.3.0.1.jar:/home/runner/.m2/repository/org/glassfish/jaxb/txw2/2.3.0.1/txw2-2.3.0.1.jar:/home/runner/.m2/repository/com/sun/istack/istack-commons-runtime/3.0.5/istack-commons-runtime-3.0.5.jar:/home/runner/.m2/repository/org/jvnet/staxex/stax-ex/1.7.8/stax-ex-1.7.8.jar:/home/runner/.m2/repository/com/sun/xml/fastinfoset/FastInfoset/1.2.13/FastInfoset-1.2.13.jar:/home/runner/.m2/repository/javax/activation/activation/1.1.1/activation-1.1.1.jar:/home/runner/.m2/repository/io/grpc/grpc-protobuf/1.48.1/grpc-protobuf-1.48.1.jar:/home/runner/.m2/repository/io/grpc/grpc-api/1.48.1/grpc-api-1.48.1.jar:/home/runner/.m2/repository/io/grpc/grpc-context/1.48.1/grpc-context-1.48.1.jar:/home/runner/.m2/repository/com/google/api/grpc/proto-google-common-protos/2.9.0/proto-google-common-protos-2.9.0.jar:/home/runner/.m2/repository/io/grpc/grpc-protobuf-lite/1.48.1/grpc-protobuf-lite-1.48.1.jar:/home/runner/.m2/repository/io/grpc/grpc-stub/1.48.1/grpc-stub-1.48.1.jar:/home/runner/.m2/repository/io/netty/netty-transport/4.1.79.Final/netty-transport-4.1.79.Final.jar:/home/runner/.m2/repository/io/netty/netty-resolver/4.1.79.Final/netty-resolver-4.1.79.Final.jar:/home/runner/.m2/repository/org/apache/ozone/ozone-csi/1.3.0-SNAPSHOT/ozone-csi-1.3.0-SNAPSHOT.jar:/home/runner/.m2/repository/com/google/protobuf/protobuf-java-util/3.19.2/protobuf-java-util-3.19.2.jar:/home/runner/.m2/repository/com/google/code/gson/gson/2.9.0/gson-2.9.0.jar:/home/runner/.m2/repository/org/apache/ozone/hdds-config/1.3.0-SNAPSHOT/hdds-config-1.3.0-SNAPSHOT.jar:/home/runner/.m2/repository/io/netty/netty-transport-native-epoll/4.1.79.Final/netty-transport-native-epoll-4.1.79.Final-linux-x86_64.jar:/home/runner/.m2/repository/io/netty/netty-transport-classes-epoll/4.1.79.Final/netty-transport-classes-epoll-4.1.79.Final.jar:/home/runner/.m2/repository/io/netty/netty-transport-native-unix-common/4.1.79.Final/netty-transport-native-unix-common-4.1.79.Final.jar:/home/runner/.m2/repository/org/slf4j/slf4j-reload4j/1.7.36/slf4j-reload4j-1.7.36.jar:/home/runner/.m2/repository/org/apache/ozone/ozone-recon/1.3.0-SNAPSHOT/ozone-recon-1.3.0-SNAPSHOT.jar:/home/runner/.m2/repository/org/apache/ozone/ozone-reconcodegen/1.3.0-SNAPSHOT/ozone-reconcodegen-1.3.0-SNAPSHOT.jar:/home/runner/.m2/repository/com/google/inject/extensions/guice-multibindings/4.0/guice-multibindings-4.0.jar:/home/runner/.m2/repository/com/google/inject/guice/4.0/guice-4.0.jar:/home/runner/.m2/repository/aopalliance/aopalliance/1.0/aopalliance-1.0.jar:/home/runner/.m2/repository/com/google/inject/extensions/guice-assistedinject/4.0/guice-assistedinject-4.0.jar:/home/runner/.m2/repository/com/google/inject/extensions/guice-servlet/4.0/guice-servlet-4.0.jar:/home/runner/.m2/repository/org/glassfish/jersey/containers/jersey-container-servlet/2.34/jersey-container-servlet-2.34.jar:/home/runner/.m2/repository/org/glassfish/hk2/guice-bridge/2.5.0/guice-bridge-2.5.0.jar:/home/runner/.m2/repository/org/glassfish/jersey/core/jersey-server/2.34/jersey-server-2.34.jar:/home/runner/.m2/repository/org/glassfish/jersey/core/jersey-client/2.34/jersey-client-2.34.jar:/home/runner/.m2/repository/jakarta/annotation/jakarta.annotation-api/1.3.5/jakarta.annotation-api-1.3.5.jar:/home/runner/.m2/repository/jakarta/validation/jakarta.validation-api/2.0.2/jakarta.validation-api-2.0.2.jar:/home/runner/.m2/repository/org/glassfish/jersey/media/jersey-media-json-jackson/2.34/jersey-media-json-jackson-2.34.jar:/home/runner/.m2/repository/org/glassfish/jersey/ext/jersey-entity-filtering/2.34/jersey-entity-filtering-2.34.jar:/home/runner/.m2/repository/org/jooq/jooq/3.11.10/jooq-3.11.10.jar:/home/runner/.m2/repository/org/jooq/jooq-meta/3.11.10/jooq-meta-3.11.10.jar:/home/runner/.m2/repository/org/jooq/jooq-codegen/3.11.10/jooq-codegen-3.11.10.jar:/home/runner/.m2/repository/com/jolbox/bonecp/0.8.0.RELEASE/bonecp-0.8.0.RELEASE.jar:/home/runner/.m2/repository/org/apache/derby/derby/10.14.2.0/derby-10.14.2.0.jar:/home/runner/.m2/repository/org/xerial/sqlite-jdbc/3.25.2/sqlite-jdbc-3.25.2.jar:/home/runner/.m2/repository/org/springframework/spring-jdbc/5.2.20.RELEASE/spring-jdbc-5.2.20.RELEASE.jar:/home/runner/.m2/repository/org/springframework/spring-beans/5.2.20.RELEASE/spring-beans-5.2.20.RELEASE.jar:/home/runner/.m2/repository/org/springframework/spring-core/5.2.20.RELEASE/spring-core-5.2.20.RELEASE.jar:/home/runner/.m2/repository/org/springframework/spring-jcl/5.2.20.RELEASE/spring-jcl-5.2.20.RELEASE.jar:/home/runner/.m2/repository/org/springframework/spring-tx/5.2.20.RELEASE/spring-tx-5.2.20.RELEASE.jar:/home/runner/.m2/repository/org/apache/ozone/ozone-client/1.3.0-SNAPSHOT/ozone-client-1.3.0-SNAPSHOT.jar:/home/runner/.m2/repository/org/apache/ozone/hdds-erasurecode/1.3.0-SNAPSHOT/hdds-erasurecode-1.3.0-SNAPSHOT.jar:/home/runner/.m2/repository/com/github/spotbugs/spotbugs-annotations/3.1.12/spotbugs-annotations-3.1.12.jar:/home/runner/.m2/repository/org/apache/ozone/ozone-filesystem/1.3.0-SNAPSHOT/ozone-filesystem-1.3.0-SNAPSHOT.jar:/home/runner/.m2/repository/org/apache/ozone/ozone-filesystem-common/1.3.0-SNAPSHOT/ozone-filesystem-common-1.3.0-SNAPSHOT.jar:/home/runner/.m2/repository/org/apache/ozone/ozone-tools/1.3.0-SNAPSHOT/ozone-tools-1.3.0-SNAPSHOT.jar:/home/runner/.m2/repository/org/apache/ratis/ratis-tools/2.3.0/ratis-tools-2.3.0.jar:/home/runner/.m2/repository/com/amazonaws/aws-java-sdk-core/1.12.261/aws-java-sdk-core-1.12.261.jar:/home/runner/.m2/repository/org/apache/httpcomponents/httpclient/4.5.13/httpclient-4.5.13.jar:/home/runner/.m2/repository/org/apache/httpcomponents/httpcore/4.4.13/httpcore-4.4.13.jar:/home/runner/.m2/repository/software/amazon/ion/ion-java/1.0.2/ion-java-1.0.2.jar:/home/runner/.m2/repository/com/fasterxml/jackson/dataformat/jackson-dataformat-cbor/2.13.4/jackson-dataformat-cbor-2.13.4.jar:/home/runner/.m2/repository/joda-time/joda-time/2.8.1/joda-time-2.8.1.jar:/home/runner/.m2/repository/com/amazonaws/aws-java-sdk-s3/1.12.261/aws-java-sdk-s3-1.12.261.jar:/home/runner/.m2/repository/com/amazonaws/aws-java-sdk-kms/1.12.261/aws-java-sdk-kms-1.12.261.jar:/home/runner/.m2/repository/com/amazonaws/jmespath-java/1.12.261/jmespath-java-1.12.261.jar:/home/runner/.m2/repository/org/kohsuke/metainf-services/metainf-services/1.8/metainf-services-1.8.jar:/home/runner/.m2/repository/org/apache/ozone/hdds-tools/1.3.0-SNAPSHOT/hdds-tools-1.3.0-SNAPSHOT.jar:/home/runner/.m2/repository/commons-cli/commons-cli/1.2/commons-cli-1.2.jar:/home/runner/.m2/repository/org/apache/commons/commons-lang3/3.7/commons-lang3-3.7.jar:/home/runner/.m2/repository/org/apache/ozone/ozone-manager/1.3.0-SNAPSHOT/ozone-manager-1.3.0-SNAPSHOT-tests.jar:/home/runner/.m2/repository/org/apache/ozone/hdds-common/1.3.0-SNAPSHOT/hdds-common-1.3.0-SNAPSHOT-tests.jar:/home/runner/.m2/repository/org/apache/ozone/hdds-hadoop-dependency-client/1.3.0-SNAPSHOT/hdds-hadoop-dependency-client-1.3.0-SNAPSHOT.jar:/home/runner/.m2/repository/info/picocli/picocli/4.6.1/picocli-4.6.1.jar:/home/runner/.m2/repository/com/fasterxml/jackson/core/jackson-annotations/2.13.4/jackson-annotations-2.13.4.jar:/home/runner/.m2/repository/com/fasterxml/jackson/datatype/jackson-datatype-jsr310/2.13.4/jackson-datatype-jsr310-2.13.4.jar:/home/runner/.m2/repository/org/apache/ozone/hdds-annotation-processing/1.3.0-SNAPSHOT/hdds-annotation-processing-1.3.0-SNAPSHOT.jar:/home/runner/.m2/repository/javax/annotation/javax.annotation-api/1.2/javax.annotation-api-1.2.jar:/home/runner/.m2/repository/org/apache/ratis/ratis-server/2.3.0/ratis-server-2.3.0.jar:/home/runner/.m2/repository/org/apache/ratis/ratis-client/2.3.0/ratis-client-2.3.0.jar:/home/runner/.m2/repository/org/apache/ratis/ratis-server-api/2.3.0/ratis-server-api-2.3.0.jar:/home/runner/.m2/repository/org/apache/ratis/ratis-metrics/2.3.0/ratis-metrics-2.3.0.jar:/home/runner/.m2/repository/org/apache/ratis/ratis-netty/2.3.0/ratis-netty-2.3.0.jar:/home/runner/.m2/repository/org/apache/ratis/ratis-grpc/2.3.0/ratis-grpc-2.3.0.jar:/home/runner/.m2/repository/org/apache/logging/log4j/log4j-api/2.17.1/log4j-api-2.17.1.jar:/home/runner/.m2/repository/org/apache/commons/commons-pool2/2.6.0/commons-pool2-2.6.0.jar:/home/runner/.m2/repository/org/bouncycastle/bcpkix-jdk15on/1.67/bcpkix-jdk15on-1.67.jar:/home/runner/.m2/repository/commons-validator/commons-validator/1.6/commons-validator-1.6.jar:/home/runner/.m2/repository/commons-beanutils/commons-beanutils/1.9.4/commons-beanutils-1.9.4.jar:/home/runner/.m2/repository/commons-digester/commons-digester/1.8.1/commons-digester-1.8.1.jar:/home/runner/.m2/repository/commons-collections/commons-collections/3.2.2/commons-collections-3.2.2.jar:/home/runner/.m2/repository/io/jaegertracing/jaeger-client/1.6.0/jaeger-client-1.6.0.jar:/home/runner/.m2/repository/io/jaegertracing/jaeger-thrift/1.6.0/jaeger-thrift-1.6.0.jar:/home/runner/.m2/repository/org/apache/thrift/libthrift/0.14.1/libthrift-0.14.1.jar:/home/runner/.m2/repository/io/jaegertracing/jaeger-core/1.6.0/jaeger-core-1.6.0.jar:/home/runner/.m2/repository/io/jaegertracing/jaeger-tracerresolver/1.6.0/jaeger-tracerresolver-1.6.0.jar:/home/runner/.m2/repository/io/opentracing/contrib/opentracing-tracerresolver/0.1.8/opentracing-tracerresolver-0.1.8.jar:/home/runner/.m2/repository/org/jetbrains/kotlin/kotlin-stdlib/1.6.21/kotlin-stdlib-1.6.21.jar:/home/runner/.m2/repository/org/jetbrains/annotations/13.0/annotations-13.0.jar:/home/runner/.m2/repository/io/opentracing/opentracing-util/0.33.0/opentracing-util-0.33.0.jar:/home/runner/.m2/repository/io/opentracing/opentracing-api/0.33.0/opentracing-api-0.33.0.jar:/home/runner/.m2/repository/io/opentracing/opentracing-noop/0.33.0/opentracing-noop-0.33.0.jar:/home/runner/.m2/repository/org/yaml/snakeyaml/1.32/snakeyaml-1.32.jar:/home/runner/.m2/repository/org/apache/ozone/hdds-interface-admin/1.3.0-SNAPSHOT/hdds-interface-admin-1.3.0-SNAPSHOT.jar:/home/runner/.m2/repository/junit/junit/4.13.1/junit-4.13.1.jar:/home/runner/.m2/repository/org/hamcrest/hamcrest-core/1.3/hamcrest-core-1.3.jar:/home/runner/.m2/repository/org/junit/jupiter/junit-jupiter-api/5.8.2/junit-jupiter-api-5.8.2.jar:/home/runner/.m2/repository/org/opentest4j/opentest4j/1.2.0/opentest4j-1.2.0.jar:/home/runner/.m2/repository/org/junit/platform/junit-platform-commons/1.8.2/junit-platform-commons-1.8.2.jar:/home/runner/.m2/repository/org/apiguardian/apiguardian-api/1.1.2/apiguardian-api-1.1.2.jar:/home/runner/.m2/repository/org/junit/jupiter/junit-jupiter-params/5.8.2/junit-jupiter-params-5.8.2.jar:/home/runner/.m2/repository/org/junit/jupiter/junit-jupiter-migrationsupport/5.8.2/junit-jupiter-migrationsupport-5.8.2.jar:/home/runner/.m2/repository/org/junit/jupiter/junit-jupiter-engine/5.8.2/junit-jupiter-engine-5.8.2.jar:/home/runner/.m2/repository/org/junit/platform/junit-platform-engine/1.8.2/junit-platform-engine-1.8.2.jar:/home/runner/.m2/repository/org/junit/vintage/junit-vintage-engine/5.8.2/junit-vintage-engine-5.8.2.jar:/home/runner/.m2/repository/org/junit/platform/junit-platform-launcher/1.8.2/junit-platform-launcher-1.8.2.jar:/home/runner/.m2/repository/org/mockito/mockito-core/2.28.2/mockito-core-2.28.2.jar:/home/runner/.m2/repository/net/bytebuddy/byte-buddy/1.9.10/byte-buddy-1.9.10.jar:/home/runner/.m2/repository/net/bytebuddy/byte-buddy-agent/1.9.10/byte-buddy-agent-1.9.10.jar:/home/runner/.m2/repository/org/objenesis/objenesis/1.0/objenesis-1.0.jar:/home/runner/.m2/repository/org/apache/hadoop/hadoop-kms/3.3.4/hadoop-kms-3.3.4.jar:/home/runner/.m2/repository/org/apache/hadoop/hadoop-auth/3.3.4/hadoop-auth-3.3.4.jar:/home/runner/.m2/repository/com/nimbusds/nimbus-jose-jwt/7.9/nimbus-jose-jwt-7.9.jar:/home/runner/.m2/repository/com/github/stephenc/jcip/jcip-annotations/1.0-1/jcip-annotations-1.0-1.jar:/home/runner/.m2/repository/net/minidev/json-smart/2.4.7/json-smart-2.4.7.jar:/home/runner/.m2/repository/net/minidev/accessors-smart/2.4.7/accessors-smart-2.4.7.jar:/home/runner/.m2/repository/org/ow2/asm/asm/5.0.4/asm-5.0.4.jar:/home/runner/.m2/repository/org/apache/zookeeper/zookeeper/3.5.6/zookeeper-3.5.6.jar:/home/runner/.m2/repository/org/apache/zookeeper/zookeeper-jute/3.5.6/zookeeper-jute-3.5.6.jar:/home/runner/.m2/repository/org/apache/yetus/audience-annotations/0.5.0/audience-annotations-0.5.0.jar:/home/runner/.m2/repository/org/apache/curator/curator-framework/4.2.0/curator-framework-4.2.0.jar:/home/runner/.m2/repository/org/apache/hadoop/thirdparty/hadoop-shaded-guava/1.1.1/hadoop-shaded-guava-1.1.1.jar:/home/runner/.m2/repository/com/sun/jersey/jersey-core/1.19/jersey-core-1.19.jar:/home/runner/.m2/repository/javax/ws/rs/jsr311-api/1.1.1/jsr311-api-1.1.1.jar:/home/runner/.m2/repository/com/sun/jersey/jersey-server/1.19/jersey-server-1.19.jar:/home/runner/.m2/repository/javax/servlet/javax.servlet-api/3.1.0/javax.servlet-api-3.1.0.jar:/home/runner/.m2/repository/org/eclipse/jetty/jetty-server/9.4.43.v20210629/jetty-server-9.4.43.v20210629.jar:/home/runner/.m2/repository/org/eclipse/jetty/jetty-http/9.4.43.v20210629/jetty-http-9.4.43.v20210629.jar:/home/runner/.m2/repository/org/eclipse/jetty/jetty-io/9.4.43.v20210629/jetty-io-9.4.43.v20210629.jar:/home/runner/.m2/repository/org/eclipse/jetty/jetty-webapp/9.4.43.v20210629/jetty-webapp-9.4.43.v20210629.jar:/home/runner/.m2/repository/org/eclipse/jetty/jetty-xml/9.4.43.v20210629/jetty-xml-9.4.43.v20210629.jar:/home/runner/.m2/repository/org/apache/hadoop/hadoop-common/3.3.4/hadoop-common-3.3.4.jar:/home/runner/.m2/repository/org/apache/commons/commons-math3/3.1.1/commons-math3-3.1.1.jar:/home/runner/.m2/repository/commons-net/commons-net/3.6/commons-net-3.6.jar:/home/runner/.m2/repository/com/sun/jersey/jersey-servlet/1.19/jersey-servlet-1.19.jar:/home/runner/.m2/repository/com/sun/jersey/jersey-json/1.19/jersey-json-1.19.jar:/home/runner/.m2/repository/org/codehaus/jettison/jettison/1.1/jettison-1.1.jar:/home/runner/.m2/repository/com/sun/xml/bind/jaxb-impl/2.2.3-1/jaxb-impl-2.2.3-1.jar:/home/runner/.m2/repository/org/codehaus/jackson/jackson-xc/1.9.2/jackson-xc-1.9.2.jar:/home/runner/.m2/repository/org/apache/commons/commons-configuration2/2.1.1/commons-configuration2-2.1.1.jar:/home/runner/.m2/repository/org/apache/commons/commons-text/1.4/commons-text-1.4.jar:/home/runner/.m2/repository/com/google/re2j/re2j/1.1/re2j-1.1.jar:/home/runner/.m2/repository/com/jcraft/jsch/0.1.54/jsch-0.1.54.jar:/home/runner/.m2/repository/org/apache/curator/curator-client/4.2.0/curator-client-4.2.0.jar:/home/runner/.m2/repository/org/apache/curator/curator-recipes/4.2.0/curator-recipes-4.2.0.jar:/home/runner/.m2/repository/org/apache/kerby/kerb-core/1.0.1/kerb-core-1.0.1.jar:/home/runner/.m2/repository/org/apache/kerby/kerby-pkix/1.0.1/kerby-pkix-1.0.1.jar:/home/runner/.m2/repository/org/apache/kerby/kerby-asn1/1.0.1/kerby-asn1-1.0.1.jar:/home/runner/.m2/repository/org/apache/kerby/kerby-util/1.0.1/kerby-util-1.0.1.jar:/home/runner/.m2/repository/dnsjava/dnsjava/2.1.7/dnsjava-2.1.7.jar:/home/runner/.m2/repository/org/xerial/snappy/snappy-java/1.1.8.2/snappy-java-1.1.8.2.jar:/home/runner/.m2/repository/org/eclipse/jetty/jetty-util/9.4.43.v20210629/jetty-util-9.4.43.v20210629.jar:/home/runner/.m2/repository/com/fasterxml/jackson/core/jackson-databind/2.13.4/jackson-databind-2.13.4.jar:/home/runner/.m2/repository/org/apache/hadoop/hadoop-kms/3.3.4/hadoop-kms-3.3.4-tests.jar:/home/runner/.m2/repository/org/apache/ozone/hdds-server-scm/1.3.0-SNAPSHOT/hdds-server-scm-1.3.0-SNAPSHOT-tests.jar:/home/runner/.m2/repository/org/apache/ozone/hdds-container-service/1.3.0-SNAPSHOT/hdds-container-service-1.3.0-SNAPSHOT-tests.jar:/home/runner/.m2/repository/commons-codec/commons-codec/1.11/commons-codec-1.11.jar:/home/runner/.m2/repository/io/netty/netty-codec/4.1.79.Final/netty-codec-4.1.79.Final.jar:/home/runner/.m2/repository/io/netty/netty-handler/4.1.79.Final/netty-handler-4.1.79.Final.jar:/home/runner/.m2/repository/org/apache/ozone/hdds-hadoop-dependency-test/1.3.0-SNAPSHOT/hdds-hadoop-dependency-test-1.3.0-SNAPSHOT.jar:/home/runner/.m2/repository/org/apache/hadoop/hadoop-common/3.3.4/hadoop-common-3.3.4-tests.jar:/home/runner/.m2/repository/org/apache/hadoop/hadoop-hdfs/3.3.4/hadoop-hdfs-3.3.4-tests.jar:/home/runner/.m2/repository/org/assertj/assertj-core/3.12.2/assertj-core-3.12.2.jar:/home/runner/.m2/repository/org/apache/hadoop/hadoop-distcp/3.3.4/hadoop-distcp-3.3.4.jar:/home/runner/.m2/repository/org/apache/hadoop/hadoop-mapreduce-client-jobclient/3.3.4/hadoop-mapreduce-client-jobclient-3.3.4.jar:/home/runner/.m2/repository/org/apache/hadoop/hadoop-mapreduce-client-common/3.3.4/hadoop-mapreduce-client-common-3.3.4.jar:/home/runner/.m2/repository/org/apache/hadoop/hadoop-yarn-common/3.3.4/hadoop-yarn-common-3.3.4.jar:/home/runner/.m2/repository/org/apache/hadoop/hadoop-yarn-api/3.3.4/hadoop-yarn-api-3.3.4.jar:/home/runner/.m2/repository/com/sun/jersey/contribs/jersey-guice/1.19/jersey-guice-1.19.jar:/home/runner/.m2/repository/com/fasterxml/jackson/jaxrs/jackson-jaxrs-json-provider/2.13.4/jackson-jaxrs-json-provider-2.13.4.jar:/home/runner/.m2/repository/com/fasterxml/jackson/jaxrs/jackson-jaxrs-base/2.13.4/jackson-jaxrs-base-2.13.4.jar:/home/runner/.m2/repository/org/apache/hadoop/hadoop-yarn-client/3.3.4/hadoop-yarn-client-3.3.4.jar:/home/runner/.m2/repository/org/eclipse/jetty/websocket/websocket-client/9.4.43.v20210629/websocket-client-9.4.43.v20210629.jar:/home/runner/.m2/repository/org/eclipse/jetty/websocket/websocket-common/9.4.43.v20210629/websocket-common-9.4.43.v20210629.jar:/home/runner/.m2/repository/org/eclipse/jetty/websocket/websocket-api/9.4.43.v20210629/websocket-api-9.4.43.v20210629.jar:/home/runner/.m2/repository/org/jline/jline/3.9.0/jline-3.9.0.jar:/home/runner/.m2/repository/org/apache/hadoop/hadoop-mapreduce-client-core/3.3.4/hadoop-mapreduce-client-core-3.3.4.jar:/home/runner/.m2/repository/org/apache/avro/avro/1.7.7/avro-1.7.7.jar:/home/runner/.m2/repository/org/codehaus/jackson/jackson-core-asl/1.9.13/jackson-core-asl-1.9.13.jar:/home/runner/.m2/repository/org/codehaus/jackson/jackson-mapper-asl/1.9.13/jackson-mapper-asl-1.9.13.jar:/home/runner/.m2/repository/com/thoughtworks/paranamer/paranamer/2.3/paranamer-2.3.jar:/home/runner/.m2/repository/org/apache/hadoop/hadoop-annotations/3.3.4/hadoop-annotations-3.3.4.jar:/usr/lib/jvm/temurin-8-jdk-amd64/jre/../lib/tools.jar:/home/runner/.m2/repository/io/netty/netty/3.10.6.Final/netty-3.10.6.Final.jar:/home/runner/.m2/repository/org/apache/hadoop/hadoop-distcp/3.3.4/hadoop-distcp-3.3.4-tests.jar:/home/runner/.m2/repository/org/slf4j/jul-to-slf4j/1.7.36/jul-to-slf4j-1.7.36.jar:/home/runner/.m2/repository/org/apache/ratis/ratis-common/2.3.0/ratis-common-2.3.0.jar:/home/runner/.m2/repository/org/apache/ratis/ratis-thirdparty-misc/1.0.0/ratis-thirdparty-misc-1.0.0.jar:/home/runner/.m2/repository/org/apache/ratis/ratis-proto/2.3.0/ratis-proto-2.3.0.jar:"/>
    <property name="sun.cpu.endian" value="little"/>
    <property name="user.home" value="/home/runner"/>
    <property name="user.language" value="en"/>
    <property name="java.specification.vendor" value="Oracle Corporation"/>
    <property name="java.home" value="/usr/lib/jvm/temurin-8-jdk-amd64/jre"/>
    <property name="java.security.krb5.conf" value="/home/runner/work/ozone/ozone/hadoop-ozone/integration-test/target/test-classes/krb5.conf"/>
    <property name="basedir" value="/home/runner/work/ozone/ozone/hadoop-ozone/integration-test"/>
    <property name="file.separator" value="/"/>
    <property name="line.separator" value="&#10;"/>
    <property name="java.vm.specification.vendor" value="Oracle Corporation"/>
    <property name="java.specification.name" value="Java Platform API Specification"/>
    <property name="java.awt.graphicsenv" value="sun.awt.X11GraphicsEnvironment"/>
    <property name="skip.installnpx" value="true"/>
    <property name="surefire.fork.timeout" value="3600"/>
    <property name="surefire.real.class.path" value="/home/runner/work/ozone/ozone/hadoop-ozone/integration-test/target/surefire/surefirebooter8952993533390287270.jar:/home/runner/.m2/repository/org/jacoco/org.jacoco.agent/0.8.5/org.jacoco.agent-0.8.5-runtime.jar"/>
    <property name="hadoop.log.dir" value="/home/runner/work/ozone/ozone/hadoop-ozone/integration-test/target/log"/>
    <property name="sun.boot.class.path" value="/usr/lib/jvm/temurin-8-jdk-amd64/jre/lib/resources.jar:/usr/lib/jvm/temurin-8-jdk-amd64/jre/lib/rt.jar:/usr/lib/jvm/temurin-8-jdk-amd64/jre/lib/sunrsasign.jar:/usr/lib/jvm/temurin-8-jdk-amd64/jre/lib/jsse.jar:/usr/lib/jvm/temurin-8-jdk-amd64/jre/lib/jce.jar:/usr/lib/jvm/temurin-8-jdk-amd64/jre/lib/charsets.jar:/usr/lib/jvm/temurin-8-jdk-amd64/jre/lib/jfr.jar:/usr/lib/jvm/temurin-8-jdk-amd64/jre/classes"/>
    <property name="sun.management.compiler" value="HotSpot 64-Bit Tiered Compilers"/>
    <property name="skip.npx" value="true"/>
    <property name="java.runtime.version" value="1.8.0_345-b01"/>
    <property name="java.net.preferIPv4Stack" value="true"/>
    <property name="user.name" value="runner"/>
    <property name="path.separator" value=":"/>
    <property name="java.security.egd" value="file:///dev/urandom"/>
    <property name="os.version" value="5.15.0-1020-azure"/>
    <property name="java.endorsed.dirs" value="/usr/lib/jvm/temurin-8-jdk-amd64/jre/lib/endorsed"/>
    <property name="java.runtime.name" value="OpenJDK Runtime Environment"/>
    <property name="file.encoding" value="UTF-8"/>
    <property name="java.vm.name" value="OpenJDK 64-Bit Server VM"/>
    <property name="test.build.webapps" value=""/>
    <property name="localRepository" value="/home/runner/.m2/repository"/>
    <property name="jetty.git.hash" value="526006ecfa3af7f1a27ef3a288e2bef7ea9dd7e8"/>
    <property name="java.vendor.url.bug" value="https://github.com/adoptium/adoptium-support/issues"/>
    <property name="java.io.tmpdir" value="/tmp"/>
    <property name="require.test.libhadoop" value=""/>
    <property name="surefire.rerunFailingTestsCount" value="5"/>
    <property name="java.version" value="1.8.0_345"/>
    <property name="user.dir" value="/home/runner/work/ozone/ozone/hadoop-ozone/integration-test"/>
    <property name="os.arch" value="amd64"/>
    <property name="java.vm.specification.name" value="Java Virtual Machine Specification"/>
    <property name="test.build.classes" value="/home/runner/work/ozone/ozone/hadoop-ozone/integration-test/target/test-classes"/>
    <property name="java.awt.printerjob" value="sun.print.PSPrinterJob"/>
    <property name="sun.os.patch.level" value="unknown"/>
    <property name="hadoop.tmp.dir" value="/home/runner/work/ozone/ozone/hadoop-ozone/integration-test/target/tmp"/>
    <property name="java.library.path" value="/usr/java/packages/lib/amd64:/usr/lib64:/lib64:/lib:/usr/lib"/>
    <property name="java.vm.info" value="mixed mode"/>
    <property name="java.vendor" value="Temurin"/>
    <property name="java.vm.version" value="25.345-b01"/>
    <property name="java.ext.dirs" value="/usr/lib/jvm/temurin-8-jdk-amd64/jre/lib/ext:/usr/java/packages/lib/ext"/>
    <property name="sun.io.unicode.encoding" value="UnicodeLittle"/>
    <property name="java.class.version" value="52.0"/>
  </properties>
  <testcase name="testLeaderIdAfterLeaderChange" classname="org.apache.hadoop.hdds.scm.TestRatisPipelineLeader" time="0.025">
    <failure type="java.lang.AssertionError"><![CDATA[java.lang.AssertionError
	at org.junit.Assert.fail(Assert.java:87)
	at org.junit.Assert.assertTrue(Assert.java:42)
	at org.junit.Assert.assertTrue(Assert.java:53)
	at org.apache.hadoop.hdds.scm.TestRatisPipelineLeader.testLeaderIdAfterLeaderChange(TestRatisPipelineLeader.java:119)
	at sun.reflect.NativeMethodAccessorImpl.invoke0(Native Method)
	at sun.reflect.NativeMethodAccessorImpl.invoke(NativeMethodAccessorImpl.java:62)
	at sun.reflect.DelegatingMethodAccessorImpl.invoke(DelegatingMethodAccessorImpl.java:43)
	at java.lang.reflect.Method.invoke(Method.java:498)
	at org.junit.platform.commons.util.ReflectionUtils.invokeMethod(ReflectionUtils.java:725)
	at org.junit.jupiter.engine.execution.MethodInvocation.proceed(MethodInvocation.java:60)
	at org.junit.jupiter.engine.execution.InvocationInterceptorChain$ValidatingInvocation.proceed(InvocationInterceptorChain.java:131)
	at org.junit.jupiter.engine.extension.TimeoutInvocation.proceed(TimeoutInvocation.java:46)
	at org.junit.jupiter.engine.extension.TimeoutExtension.intercept(TimeoutExtension.java:149)
	at org.junit.jupiter.engine.extension.TimeoutExtension.interceptTestableMethod(TimeoutExtension.java:140)
	at org.junit.jupiter.engine.extension.TimeoutExtension.interceptTestMethod(TimeoutExtension.java:84)
	at org.junit.jupiter.engine.execution.ExecutableInvoker$ReflectiveInterceptorCall.lambda$ofVoidMethod$0(ExecutableInvoker.java:115)
	at org.junit.jupiter.engine.execution.ExecutableInvoker.lambda$invoke$0(ExecutableInvoker.java:105)
	at org.junit.jupiter.engine.execution.InvocationInterceptorChain$InterceptedInvocation.proceed(InvocationInterceptorChain.java:106)
	at org.junit.jupiter.engine.execution.InvocationInterceptorChain.proceed(InvocationInterceptorChain.java:64)
	at org.junit.jupiter.engine.execution.InvocationInterceptorChain.chainAndInvoke(InvocationInterceptorChain.java:45)
	at org.junit.jupiter.engine.execution.InvocationInterceptorChain.invoke(InvocationInterceptorChain.java:37)
	at org.junit.jupiter.engine.execution.ExecutableInvoker.invoke(ExecutableInvoker.java:104)
	at org.junit.jupiter.engine.execution.ExecutableInvoker.invoke(ExecutableInvoker.java:98)
	at org.junit.jupiter.engine.descriptor.TestMethodTestDescriptor.lambda$invokeTestMethod$7(TestMethodTestDescriptor.java:214)
	at org.junit.platform.engine.support.hierarchical.ThrowableCollector.execute(ThrowableCollector.java:73)
	at org.junit.jupiter.engine.descriptor.TestMethodTestDescriptor.invokeTestMethod(TestMethodTestDescriptor.java:210)
	at org.junit.jupiter.engine.descriptor.TestMethodTestDescriptor.execute(TestMethodTestDescriptor.java:135)
	at org.junit.jupiter.engine.descriptor.TestMethodTestDescriptor.execute(TestMethodTestDescriptor.java:66)
	at org.junit.platform.engine.support.hierarchical.NodeTestTask.lambda$executeRecursively$6(NodeTestTask.java:151)
	at org.junit.platform.engine.support.hierarchical.ThrowableCollector.execute(ThrowableCollector.java:73)
	at org.junit.platform.engine.support.hierarchical.NodeTestTask.lambda$executeRecursively$8(NodeTestTask.java:141)
	at org.junit.platform.engine.support.hierarchical.Node.around(Node.java:137)
	at org.junit.platform.engine.support.hierarchical.NodeTestTask.lambda$executeRecursively$9(NodeTestTask.java:139)
	at org.junit.platform.engine.support.hierarchical.ThrowableCollector.execute(ThrowableCollector.java:73)
	at org.junit.platform.engine.support.hierarchical.NodeTestTask.executeRecursively(NodeTestTask.java:138)
	at org.junit.platform.engine.support.hierarchical.NodeTestTask.execute(NodeTestTask.java:95)
	at java.util.ArrayList.forEach(ArrayList.java:1259)
	at org.junit.platform.engine.support.hierarchical.SameThreadHierarchicalTestExecutorService.invokeAll(SameThreadHierarchicalTestExecutorService.java:41)
	at org.junit.platform.engine.support.hierarchical.NodeTestTask.lambda$executeRecursively$6(NodeTestTask.java:155)
	at org.junit.platform.engine.support.hierarchical.ThrowableCollector.execute(ThrowableCollector.java:73)
	at org.junit.platform.engine.support.hierarchical.NodeTestTask.lambda$executeRecursively$8(NodeTestTask.java:141)
	at org.junit.platform.engine.support.hierarchical.Node.around(Node.java:137)
	at org.junit.platform.engine.support.hierarchical.NodeTestTask.lambda$executeRecursively$9(NodeTestTask.java:139)
	at org.junit.platform.engine.support.hierarchical.ThrowableCollector.execute(ThrowableCollector.java:73)
	at org.junit.platform.engine.support.hierarchical.NodeTestTask.executeRecursively(NodeTestTask.java:138)
	at org.junit.platform.engine.support.hierarchical.NodeTestTask.execute(NodeTestTask.java:95)
	at java.util.ArrayList.forEach(ArrayList.java:1259)
	at org.junit.platform.engine.support.hierarchical.SameThreadHierarchicalTestExecutorService.invokeAll(SameThreadHierarchicalTestExecutorService.java:41)
	at org.junit.platform.engine.support.hierarchical.NodeTestTask.lambda$executeRecursively$6(NodeTestTask.java:155)
	at org.junit.platform.engine.support.hierarchical.ThrowableCollector.execute(ThrowableCollector.java:73)
	at org.junit.platform.engine.support.hierarchical.NodeTestTask.lambda$executeRecursively$8(NodeTestTask.java:141)
	at org.junit.platform.engine.support.hierarchical.Node.around(Node.java:137)
	at org.junit.platform.engine.support.hierarchical.NodeTestTask.lambda$executeRecursively$9(NodeTestTask.java:139)
	at org.junit.platform.engine.support.hierarchical.ThrowableCollector.execute(ThrowableCollector.java:73)
	at org.junit.platform.engine.support.hierarchical.NodeTestTask.executeRecursively(NodeTestTask.java:138)
	at org.junit.platform.engine.support.hierarchical.NodeTestTask.execute(NodeTestTask.java:95)
	at org.junit.platform.engine.support.hierarchical.SameThreadHierarchicalTestExecutorService.submit(SameThreadHierarchicalTestExecutorService.java:35)
	at org.junit.platform.engine.support.hierarchical.HierarchicalTestExecutor.execute(HierarchicalTestExecutor.java:57)
	at org.junit.platform.engine.support.hierarchical.HierarchicalTestEngine.execute(HierarchicalTestEngine.java:54)
	at org.junit.platform.launcher.core.EngineExecutionOrchestrator.execute(EngineExecutionOrchestrator.java:107)
	at org.junit.platform.launcher.core.EngineExecutionOrchestrator.execute(EngineExecutionOrchestrator.java:88)
	at org.junit.platform.launcher.core.EngineExecutionOrchestrator.lambda$execute$0(EngineExecutionOrchestrator.java:54)
	at org.junit.platform.launcher.core.EngineExecutionOrchestrator.withInterceptedStreams(EngineExecutionOrchestrator.java:67)
	at org.junit.platform.launcher.core.EngineExecutionOrchestrator.execute(EngineExecutionOrchestrator.java:52)
	at org.junit.platform.launcher.core.DefaultLauncher.execute(DefaultLauncher.java:114)
	at org.junit.platform.launcher.core.DefaultLauncher.execute(DefaultLauncher.java:86)
	at org.junit.platform.launcher.core.DefaultLauncherSession$DelegatingLauncher.execute(DefaultLauncherSession.java:86)
	at org.junit.platform.launcher.core.SessionPerRequestLauncher.execute(SessionPerRequestLauncher.java:53)
	at org.apache.maven.surefire.junitplatform.JUnitPlatformProvider.execute(JUnitPlatformProvider.java:188)
	at org.apache.maven.surefire.junitplatform.JUnitPlatformProvider.invokeAllTests(JUnitPlatformProvider.java:154)
	at org.apache.maven.surefire.junitplatform.JUnitPlatformProvider.invoke(JUnitPlatformProvider.java:124)
	at org.apache.maven.surefire.booter.ForkedBooter.runSuitesInProcess(ForkedBooter.java:428)
	at org.apache.maven.surefire.booter.ForkedBooter.execute(ForkedBooter.java:162)
	at org.apache.maven.surefire.booter.ForkedBooter.run(ForkedBooter.java:562)
	at org.apache.maven.surefire.booter.ForkedBooter.main(ForkedBooter.java:548)
]]></failure>
    <system-out><![CDATA[2022-10-13 11:28:08,081 [main] WARN  server.ServerUtils (ServerUtils.java:getScmDbDir(148)) - ozone.scm.db.dirs is not configured. We recommend adding this setting. Falling back to ozone.metadata.dirs instead.
2022-10-13 11:28:08,227 [main] WARN  server.ServerUtils (ServerUtils.java:getScmDbDir(148)) - ozone.scm.db.dirs is not configured. We recommend adding this setting. Falling back to ozone.metadata.dirs instead.
2022-10-13 11:28:08,231 [main] INFO  ha.SCMHANodeDetails (SCMHANodeDetails.java:loadSCMHAConfig(209)) - ServiceID for StorageContainerManager is null
2022-10-13 11:28:08,242 [main] WARN  ha.SCMHANodeDetails (SCMHANodeDetails.java:validateSCMHAConfig(182)) - Invalid config ozone.scm.ratis.enable. The config was not specified, but the default value true conflicts with the expected config value false. Falling back to the expected value. Current State of SCM: SCM is running in Non-HA without Ratis Ratis SCM -> Non Ratis SCM or Non HA SCM -> HA SCM is not supported
2022-10-13 11:28:08,243 [main] INFO  ha.SCMHANodeDetails (SCMHANodeDetails.java:loadSCMHAConfig(214)) - ozone.scm.default.service.id is not defined, falling back to ozone.scm.service.ids to find serviceID for StorageContainerManager if it is HA enabled cluster
2022-10-13 11:28:08,904 [main] WARN  utils.HAUtils (HAUtils.java:getMetaDir(342)) - ozone.scm.db.dirs is not configured. We recommend adding this setting. Falling back to ozone.metadata.dirs instead.
2022-10-13 11:28:09,057 [main] WARN  db.DBStoreBuilder (DBStoreBuilder.java:applyDBDefinition(144)) - ozone.scm.db.dirs is not configured. We recommend adding this setting. Falling back to ozone.metadata.dirs instead.
2022-10-13 11:28:09,388 [main] INFO  net.NodeSchemaLoader (NodeSchemaLoader.java:loadSchemaFromFile(129)) - Loading schema from [jar:file:/home/runner/.m2/repository/org/apache/ozone/hdds-common/1.3.0-SNAPSHOT/hdds-common-1.3.0-SNAPSHOT.jar!/network-topology-default.xml]
2022-10-13 11:28:09,390 [main] INFO  net.NodeSchemaLoader (NodeSchemaLoader.java:loadSchema(176)) - Loading network topology layer schema file
2022-10-13 11:28:09,434 [main] INFO  metrics.MetricRegistries (MetricRegistriesLoader.java:load(64)) - Loaded MetricRegistries class org.apache.ratis.metrics.impl.MetricRegistriesImpl
2022-10-13 11:28:09,440 [main] INFO  upgrade.AbstractLayoutVersionManager (AbstractLayoutVersionManager.java:init(83)) - Initializing Layout version manager with metadata layout = DATANODE_SCHEMA_V3 (version = 4), software layout = DATANODE_SCHEMA_V3 (version = 4)
2022-10-13 11:28:09,680 [main] INFO  reflections.Reflections (Reflections.java:scan(232)) - Reflections took 151 ms to scan 7 urls, producing 137 keys and 328 values 
2022-10-13 11:28:09,787 [main] INFO  ha.SequenceIdGenerator (SequenceIdGenerator.java:upgradeToSequenceId(349)) - upgrade localId to 109611004723200000
2022-10-13 11:28:09,787 [main] INFO  ha.SequenceIdGenerator (SequenceIdGenerator.java:upgradeToSequenceId(359)) - upgrade delTxnId to 0
2022-10-13 11:28:09,791 [main] INFO  ha.SequenceIdGenerator (SequenceIdGenerator.java:upgradeToSequenceId(376)) - upgrade containerId to 0
2022-10-13 11:28:09,794 [main] INFO  ha.SequenceIdGenerator (SequenceIdGenerator.java:<init>(220)) - Init the HA SequenceIdGenerator.
2022-10-13 11:28:09,835 [main] WARN  server.ServerUtils (ServerUtils.java:sanitizeUserArgs(73)) - ozone.scm.stale.node.interval value = 300000 is larger than max = 100000 based on the key value of ozone.scm.heartbeat.thread.interval, reset to the max value 100000.
2022-10-13 11:28:09,836 [main] WARN  server.ServerUtils (ServerUtils.java:sanitizeUserArgs(73)) - ozone.scm.stale.node.interval value = 300000 is larger than max = 100000 based on the key value of ozone.scm.heartbeat.thread.interval, reset to the max value 100000.
2022-10-13 11:28:09,842 [main] INFO  node.SCMNodeManager (SCMNodeManager.java:<init>(149)) - Entering startup safe mode.
2022-10-13 11:28:09,919 [main] INFO  algorithms.ContainerPlacementPolicyFactory (ContainerPlacementPolicyFactory.java:getPolicyInternal(86)) - Create container placement policy of type org.apache.hadoop.hdds.scm.container.placement.algorithms.SCMContainerPlacementRandom
2022-10-13 11:28:09,922 [main] INFO  algorithms.ContainerPlacementPolicyFactory (ContainerPlacementPolicyFactory.java:getPolicyInternal(86)) - Create container placement policy of type org.apache.hadoop.hdds.scm.container.placement.algorithms.SCMContainerPlacementRackScatter
2022-10-13 11:28:09,931 [main] INFO  pipeline.PipelineStateManagerImpl (PipelineStateManagerImpl.java:initialize(78)) - No pipeline exists in current db
2022-10-13 11:28:09,982 [main] INFO  algorithms.LeaderChoosePolicyFactory (LeaderChoosePolicyFactory.java:getPolicy(57)) - Create leader choose policy of type org.apache.hadoop.hdds.scm.pipeline.leader.choose.algorithms.MinLeaderCountChoosePolicy
2022-10-13 11:28:09,983 [main] INFO  algorithms.ContainerPlacementPolicyFactory (ContainerPlacementPolicyFactory.java:getPolicyInternal(86)) - Create container placement policy of type org.apache.hadoop.hdds.scm.container.placement.algorithms.SCMContainerPlacementRackScatter
2022-10-13 11:28:09,992 [main] INFO  ha.SCMServiceManager (SCMServiceManager.java:register(42)) - Registering service BackgroundPipelineCreator.
2022-10-13 11:28:09,992 [main] INFO  pipeline.BackgroundPipelineCreator (BackgroundPipelineCreator.java:start(124)) - Starting RatisPipelineUtilsThread.
2022-10-13 11:28:09,997 [main] INFO  BackgroundPipelineScrubber (BackgroundSCMService.java:start(68)) - Starting BackgroundPipelineScrubber Service.
2022-10-13 11:28:09,999 [main] INFO  ha.SCMServiceManager (SCMServiceManager.java:register(42)) - Registering service BackgroundPipelineScrubber.
2022-10-13 11:28:10,009 [main] INFO  ExpiredContainerReplicaOpScrubber (BackgroundSCMService.java:start(68)) - Starting ExpiredContainerReplicaOpScrubber Service.
2022-10-13 11:28:10,009 [main] INFO  ha.SCMServiceManager (SCMServiceManager.java:register(42)) - Registering service ExpiredContainerReplicaOpScrubber.
2022-10-13 11:28:10,072 [main] INFO  algorithms.PipelineChoosePolicyFactory (PipelineChoosePolicyFactory.java:createPipelineChoosePolicyFromClass(73)) - Create pipeline choose policy of type org.apache.hadoop.hdds.scm.pipeline.choose.algorithms.RandomPipelineChoosePolicy
2022-10-13 11:28:10,097 [main] INFO  ha.SCMServiceManager (SCMServiceManager.java:register(42)) - Registering service SCMBlockDeletingService.
2022-10-13 11:28:10,160 [main] INFO  replication.ReplicationManager (ReplicationManager.java:start(223)) - Starting Replication Monitor Thread.
2022-10-13 11:28:10,171 [main] INFO  ha.SCMServiceManager (SCMServiceManager.java:register(42)) - Registering service ReplicationManager.
2022-10-13 11:28:10,177 [ReplicationMonitor] INFO  replication.ReplicationManager (ReplicationManager.java:processAll(291)) - Replication Manager is not ready to run until 3000ms after safemode exit
2022-10-13 11:28:10,181 [main] INFO  safemode.ContainerSafeModeRule (ContainerSafeModeRule.java:<init>(89)) - containers with one replica threshold count 0
2022-10-13 11:28:10,187 [main] INFO  safemode.HealthyPipelineSafeModeRule (HealthyPipelineSafeModeRule.java:initializeRule(169)) - Total pipeline count is 0, healthy pipeline threshold count is 1
2022-10-13 11:28:10,189 [main] INFO  safemode.OneReplicaPipelineSafeModeRule (OneReplicaPipelineSafeModeRule.java:initializeRule(180)) - Total pipeline count is 0, pipeline's with at least one datanode reported threshold count is 0
2022-10-13 11:28:10,662 [main] INFO  audit.AuditLogger (AuditLogger.java:refreshDebugCmdSet(126)) - Refresh DebugCmdSet for SCMAudit to [].
2022-10-13 11:28:10,691 [main] INFO  ipc.CallQueueManager (CallQueueManager.java:<init>(90)) - Using callQueue: class java.util.concurrent.LinkedBlockingQueue, queueCapacity: 2000, scheduler: class org.apache.hadoop.ipc.DefaultRpcScheduler, ipcBackoff: false.
2022-10-13 11:28:10,728 [Socket Reader #1 for port 0] INFO  ipc.Server (Server.java:run(1273)) - Starting Socket Reader #1 for port 0
2022-10-13 11:28:10,781 [Listener at 0.0.0.0/34457] INFO  audit.AuditLogger (AuditLogger.java:refreshDebugCmdSet(126)) - Refresh DebugCmdSet for SCMAudit to [].
2022-10-13 11:28:10,786 [Listener at 0.0.0.0/34457] INFO  ipc.CallQueueManager (CallQueueManager.java:<init>(90)) - Using callQueue: class java.util.concurrent.LinkedBlockingQueue, queueCapacity: 2000, scheduler: class org.apache.hadoop.ipc.DefaultRpcScheduler, ipcBackoff: false.
2022-10-13 11:28:10,790 [Socket Reader #1 for port 0] INFO  ipc.Server (Server.java:run(1273)) - Starting Socket Reader #1 for port 0
2022-10-13 11:28:10,820 [Listener at 0.0.0.0/40363] INFO  audit.AuditLogger (AuditLogger.java:refreshDebugCmdSet(126)) - Refresh DebugCmdSet for SCMAudit to [].
2022-10-13 11:28:10,830 [Listener at 0.0.0.0/40363] INFO  ipc.CallQueueManager (CallQueueManager.java:<init>(90)) - Using callQueue: class java.util.concurrent.LinkedBlockingQueue, queueCapacity: 2000, scheduler: class org.apache.hadoop.ipc.DefaultRpcScheduler, ipcBackoff: false.
2022-10-13 11:28:10,831 [Socket Reader #1 for port 0] INFO  ipc.Server (Server.java:run(1273)) - Starting Socket Reader #1 for port 0
2022-10-13 11:28:10,894 [Listener at 0.0.0.0/41977] INFO  ha.SCMServiceManager (SCMServiceManager.java:register(42)) - Registering service ContainerBalancer.
2022-10-13 11:28:10,894 [Listener at 0.0.0.0/41977] INFO  server.StorageContainerManager (StorageContainerManager.java:<init>(410)) - 
Container Balancer status:
Key                            Value
Running                        false
Container Balancer Configuration values:
Key                                                Value
Threshold                                          10
Max Datanodes to Involve per Iteration(percent)    20
Max Size to Move per Iteration                     500GB
Max Size Entering Target per Iteration             26GB
Max Size Leaving Source per Iteration              26GB

2022-10-13 11:28:10,895 [Listener at 0.0.0.0/41977] WARN  events.EventQueue (EventQueue.java:fireEvent(216)) - No event handler registered for event TypedEvent{payloadType=SafeModeStatus, name='Safe mode status'}
2022-10-13 11:28:10,895 [Listener at 0.0.0.0/41977] INFO  ha.SCMContext (SCMContext.java:updateSafeModeStatus(228)) - Update SafeModeStatus from SafeModeStatus{safeModeStatus=true, preCheckPassed=false} to SafeModeStatus{safeModeStatus=true, preCheckPassed=false}.
2022-10-13 11:28:10,898 [Listener at 0.0.0.0/41977] INFO  server.StorageContainerManager (StorageContainerManager.java:start(1436)) - StorageContainerLocationProtocol RPC server is listening at /0.0.0.0:41977
2022-10-13 11:28:10,974 [Listener at 0.0.0.0/41977] WARN  impl.MetricsConfig (MetricsConfig.java:loadFirst(136)) - Cannot locate configuration: tried hadoop-metrics2-storagecontainermanager.properties,hadoop-metrics2.properties
2022-10-13 11:28:10,986 [Listener at 0.0.0.0/41977] INFO  impl.MetricsSystemImpl (MetricsSystemImpl.java:startTimer(378)) - Scheduled Metric snapshot period at 10 second(s).
2022-10-13 11:28:10,987 [Listener at 0.0.0.0/41977] INFO  impl.MetricsSystemImpl (MetricsSystemImpl.java:start(191)) - StorageContainerManager metrics system started
2022-10-13 11:28:11,307 [Listener at 0.0.0.0/41977] INFO  server.SCMClientProtocolServer (SCMClientProtocolServer.java:start(170)) - RPC server for Client  is listening at /0.0.0.0:41977
2022-10-13 11:28:11,307 [IPC Server Responder] INFO  ipc.Server (Server.java:run(1512)) - IPC Server Responder: starting
2022-10-13 11:28:11,318 [IPC Server listener on 0] INFO  ipc.Server (Server.java:run(1352)) - IPC Server listener on 0: starting
2022-10-13 11:28:11,322 [Listener at 0.0.0.0/41977] INFO  server.StorageContainerManager (StorageContainerManager.java:start(1451)) - ScmBlockLocationProtocol RPC server is listening at /0.0.0.0:40363
2022-10-13 11:28:11,322 [Listener at 0.0.0.0/41977] INFO  server.SCMBlockProtocolServer (SCMBlockProtocolServer.java:start(152)) - RPC server for Block Protocol is listening at /0.0.0.0:40363
2022-10-13 11:28:11,323 [IPC Server Responder] INFO  ipc.Server (Server.java:run(1512)) - IPC Server Responder: starting
2022-10-13 11:28:11,323 [IPC Server listener on 0] INFO  ipc.Server (Server.java:run(1352)) - IPC Server listener on 0: starting
2022-10-13 11:28:11,329 [Listener at 0.0.0.0/41977] INFO  server.SCMDatanodeProtocolServer (SCMDatanodeProtocolServer.java:start(186)) - ScmDatanodeProtocol RPC server for DataNodes is listening at /0.0.0.0:34457
2022-10-13 11:28:11,330 [IPC Server Responder] INFO  ipc.Server (Server.java:run(1512)) - IPC Server Responder: starting
2022-10-13 11:28:11,330 [IPC Server listener on 0] INFO  ipc.Server (Server.java:run(1352)) - IPC Server listener on 0: starting
2022-10-13 11:28:11,358 [org.apache.hadoop.util.JvmPauseMonitor$Monitor@5b3a8bea] INFO  util.JvmPauseMonitor (JvmPauseMonitor.java:run(188)) - Starting JVM pause monitor
2022-10-13 11:28:11,366 [Listener at 0.0.0.0/41977] INFO  http.BaseHttpServer (BaseHttpServer.java:newHttpServer2BuilderForOzone(213)) - Starting Web-server for scm at: http://0.0.0.0:0
2022-10-13 11:28:11,366 [Listener at 0.0.0.0/41977] INFO  http.BaseHttpServer (BaseHttpServer.java:<init>(108)) - Hadoop Security Enabled: false Ozone Security Enabled: false Ozone HTTP Security Enabled: false 
2022-10-13 11:28:11,391 [Listener at 0.0.0.0/41977] INFO  util.log (Log.java:initialized(170)) - Logging initialized @4929ms to org.eclipse.jetty.util.log.Slf4jLog
2022-10-13 11:28:11,508 [Listener at 0.0.0.0/41977] WARN  server.AuthenticationFilter (AuthenticationFilter.java:constructSecretProvider(240)) - Unable to initialize FileSignerSecretProvider, falling back to use random secrets. Reason: Could not read signature secret file: /home/runner/hadoop-http-auth-signature-secret
2022-10-13 11:28:11,515 [Listener at 0.0.0.0/41977] WARN  http.HttpRequestLog (HttpRequestLog.java:getRequestLog(103)) - Jetty request log can only be enabled using Log4j
2022-10-13 11:28:11,525 [Listener at 0.0.0.0/41977] INFO  http.HttpServer2 (HttpServer2.java:addGlobalFilter(1031)) - Added global filter 'safety' (class=org.apache.hadoop.hdds.server.http.HttpServer2$QuotingInputFilter)
2022-10-13 11:28:11,528 [Listener at 0.0.0.0/41977] INFO  http.HttpServer2 (HttpServer2.java:addFilter(1007)) - Added filter static_user_filter (class=org.apache.hadoop.http.lib.StaticUserWebFilter$StaticUserFilter) to context scm
2022-10-13 11:28:11,528 [Listener at 0.0.0.0/41977] INFO  http.HttpServer2 (HttpServer2.java:addFilter(1015)) - Added filter static_user_filter (class=org.apache.hadoop.http.lib.StaticUserWebFilter$StaticUserFilter) to context static
2022-10-13 11:28:11,529 [Listener at 0.0.0.0/41977] INFO  http.HttpServer2 (HttpServer2.java:addFilter(1015)) - Added filter static_user_filter (class=org.apache.hadoop.http.lib.StaticUserWebFilter$StaticUserFilter) to context logs
2022-10-13 11:28:11,578 [Listener at 0.0.0.0/41977] INFO  http.HttpServer2 (HttpServer2.java:bindListener(1250)) - Jetty bound to port 43121
2022-10-13 11:28:11,579 [Listener at 0.0.0.0/41977] INFO  server.Server (Server.java:doStart(375)) - jetty-9.4.43.v20210629; built: 2021-06-30T11:07:22.254Z; git: 526006ecfa3af7f1a27ef3a288e2bef7ea9dd7e8; jvm 1.8.0_345-b01
2022-10-13 11:28:11,614 [Listener at 0.0.0.0/41977] INFO  server.session (DefaultSessionIdManager.java:doStart(334)) - DefaultSessionIdManager workerName=node0
2022-10-13 11:28:11,615 [Listener at 0.0.0.0/41977] INFO  server.session (DefaultSessionIdManager.java:doStart(339)) - No SessionScavenger set, using defaults
2022-10-13 11:28:11,617 [Listener at 0.0.0.0/41977] INFO  server.session (HouseKeeper.java:startScavenging(132)) - node0 Scavenging every 660000ms
2022-10-13 11:28:11,630 [Listener at 0.0.0.0/41977] INFO  handler.ContextHandler (ContextHandler.java:doStart(915)) - Started o.e.j.s.ServletContextHandler@1d4c6e32{logs,/logs,file:///home/runner/work/ozone/ozone/hadoop-ozone/integration-test/target/log,AVAILABLE}
2022-10-13 11:28:11,631 [Listener at 0.0.0.0/41977] INFO  handler.ContextHandler (ContextHandler.java:doStart(915)) - Started o.e.j.s.ServletContextHandler@2d399e88{static,/static,file:///home/runner/work/ozone/ozone/hadoop-ozone/integration-test/target/test-classes/webapps/static,AVAILABLE}
2022-10-13 11:28:11,686 [Listener at 0.0.0.0/41977] INFO  handler.ContextHandler (ContextHandler.java:doStart(915)) - Started o.e.j.w.WebAppContext@202d1424{scm,/,file:///home/runner/work/ozone/ozone/hadoop-ozone/integration-test/target/test-classes/webapps/scm/,AVAILABLE}{file:/home/runner/work/ozone/ozone/hadoop-ozone/integration-test/target/test-classes/webapps/scm}
2022-10-13 11:28:11,697 [Listener at 0.0.0.0/41977] INFO  server.AbstractConnector (AbstractConnector.java:doStart(331)) - Started ServerConnector@6a24c41d{HTTP/1.1, (http/1.1)}{0.0.0.0:43121}
2022-10-13 11:28:11,698 [Listener at 0.0.0.0/41977] INFO  server.Server (Server.java:doStart(415)) - Started @5235ms
2022-10-13 11:28:11,702 [Listener at 0.0.0.0/41977] INFO  impl.MetricsSinkAdapter (MetricsSinkAdapter.java:start(204)) - Sink prometheus started
2022-10-13 11:28:11,702 [Listener at 0.0.0.0/41977] INFO  impl.MetricsSystemImpl (MetricsSystemImpl.java:registerSink(305)) - Registered sink prometheus
2022-10-13 11:28:11,706 [Listener at 0.0.0.0/41977] INFO  http.BaseHttpServer (BaseHttpServer.java:updateConnectorAddress(333)) - HTTP server of scm listening at http://0.0.0.0:43121
2022-10-13 11:28:11,708 [Listener at 0.0.0.0/41977] WARN  server.ServerUtils (ServerUtils.java:getDBPath(225)) - ozone.om.db.dirs is not configured. We recommend adding this setting. Falling back to ozone.metadata.dirs instead.
2022-10-13 11:28:11,776 [Listener at 0.0.0.0/41977] INFO  audit.AuditLogger (AuditLogger.java:refreshDebugCmdSet(126)) - Refresh DebugCmdSet for OMAudit to [].
2022-10-13 11:28:11,865 [Listener at 0.0.0.0/41977] INFO  ha.OMHANodeDetails (OMHANodeDetails.java:loadOMHAConfig(115)) - ozone.om.internal.service.id is not defined, falling back to ozone.om.service.ids to find serviceID for OzoneManager if it is HA enabled cluster
2022-10-13 11:28:11,868 [Listener at 0.0.0.0/41977] INFO  ha.OMHANodeDetails (OMHANodeDetails.java:loadOMHAConfig(226)) - Configuration does not have ozone.om.address set. Falling back to the default OM address /127.0.0.1:0
2022-10-13 11:28:11,868 [Listener at 0.0.0.0/41977] INFO  ha.OMHANodeDetails (OMHANodeDetails.java:getOMNodeDetailsForNonHA(254)) - OM Service ID is not set. Setting it to the default ID: omServiceIdDefault
2022-10-13 11:28:11,868 [Listener at 0.0.0.0/41977] INFO  ha.OMHANodeDetails (OMHANodeDetails.java:getOMNodeDetailsForNonHA(261)) - OM Node ID is not set. Setting it to the default ID: om1
2022-10-13 11:28:11,872 [Listener at 0.0.0.0/41977] WARN  server.ServerUtils (ServerUtils.java:getDBPath(225)) - ozone.om.db.dirs is not configured. We recommend adding this setting. Falling back to ozone.metadata.dirs instead.
2022-10-13 11:28:11,874 [Listener at 0.0.0.0/41977] INFO  upgrade.AbstractLayoutVersionManager (AbstractLayoutVersionManager.java:init(83)) - Initializing Layout version manager with metadata layout = MULTITENANCY_SCHEMA (version = 3), software layout = MULTITENANCY_SCHEMA (version = 3)
2022-10-13 11:28:11,968 [Listener at 0.0.0.0/41977] INFO  reflections.Reflections (Reflections.java:scan(232)) - Reflections took 89 ms to scan 2 urls, producing 154 keys and 428 values [using 2 cores]
2022-10-13 11:28:11,972 [Listener at 0.0.0.0/41977] INFO  upgrade.OMLayoutVersionManager (OMLayoutVersionManager.java:lambda$0(115)) - Skipping Upgrade Action MockOmUpgradeAction since it has been finalized.
2022-10-13 11:28:11,973 [Listener at 0.0.0.0/41977] WARN  server.ServerUtils (ServerUtils.java:getDBPath(225)) - ozone.om.db.dirs is not configured. We recommend adding this setting. Falling back to ozone.metadata.dirs instead.
2022-10-13 11:28:12,134 [Listener at 0.0.0.0/41977] INFO  proxy.SCMBlockLocationFailoverProxyProvider (SCMBlockLocationFailoverProxyProvider.java:<init>(114)) - Created block location fail-over proxy with 1 nodes: [nodeId=scmNodeId,nodeAddress=/0.0.0.0:40363]
2022-10-13 11:28:12,168 [Listener at 0.0.0.0/41977] INFO  proxy.SCMBlockLocationFailoverProxyProvider (SCMBlockLocationFailoverProxyProvider.java:<init>(114)) - Created block location fail-over proxy with 1 nodes: [nodeId=scmNodeId,nodeAddress=/0.0.0.0:40363]
2022-10-13 11:28:12,391 [Listener at 0.0.0.0/41977] WARN  server.ServerUtils (ServerUtils.java:getDBPath(225)) - ozone.om.db.dirs is not configured. We recommend adding this setting. Falling back to ozone.metadata.dirs instead.
2022-10-13 11:28:12,397 [Listener at 0.0.0.0/41977] INFO  codec.OmKeyInfoCodec (OmKeyInfoCodec.java:<init>(49)) - OmKeyInfoCodec ignorePipeline = true
2022-10-13 11:28:12,400 [Listener at 0.0.0.0/41977] INFO  codec.RepeatedOmKeyInfoCodec (RepeatedOmKeyInfoCodec.java:<init>(41)) - RepeatedOmKeyInfoCodec ignorePipeline = true
2022-10-13 11:28:12,598 [Listener at 0.0.0.0/41977] INFO  om.OzoneManager (OzoneManager.java:instantiateServices(712)) - S3 Multi-Tenancy is disabled
2022-10-13 11:28:12,685 [Listener at 0.0.0.0/41977] INFO  om.OzoneManager (OzoneManager.java:addS3GVolumeToDB(4386)) - Created Volume s3v With Owner runner required for S3Gateway operations.
2022-10-13 11:28:12,760 [Listener at 0.0.0.0/41977] WARN  server.ServerUtils (ServerUtils.java:getDefaultRatisDirectory(237)) - Storage directory for Ratis is not configured. It is a good idea to map this to an SSD disk. Falling back to ozone.metadata.dirs
2022-10-13 11:28:12,762 [Listener at 0.0.0.0/41977] WARN  utils.OzoneManagerRatisUtils (OzoneManagerRatisUtils.java:getOMRatisSnapshotDirectory(434)) - ozone.om.ratis.snapshot.dir is not configured. Falling back to ozone.metadata.dirs config
2022-10-13 11:28:12,782 [Listener at 0.0.0.0/41977] WARN  server.ServerUtils (ServerUtils.java:getDefaultRatisDirectory(237)) - Storage directory for Ratis is not configured. It is a good idea to map this to an SSD disk. Falling back to ozone.metadata.dirs
2022-10-13 11:28:12,815 [Listener at 0.0.0.0/41977] INFO  ratis.OzoneManagerRatisServer (OzoneManagerRatisServer.java:<init>(160)) - Instantiating OM Ratis server with groupID: omServiceIdDefault and peers: localhost:9872
2022-10-13 11:28:12,824 [Listener at 0.0.0.0/41977] INFO  ratis.OzoneManagerStateMachine (OzoneManagerStateMachine.java:loadSnapshotInfoFromDB(632)) - LastAppliedIndex is set from TransactionInfo from OM DB as (t:0, i:~)
2022-10-13 11:28:12,885 [Listener at 0.0.0.0/41977] INFO  server.RaftServer (ConfUtils.java:logGet(46)) - raft.rpc.type = GRPC (default)
2022-10-13 11:28:12,967 [Listener at 0.0.0.0/41977] INFO  grpc.GrpcFactory (GrpcFactory.java:checkPooledByteBufAllocatorUseCacheForAllThreads(48)) - PERFORMANCE WARNING: useCacheForAllThreads is true that may cause Netty to create a lot garbage objects and, as a result, trigger GC.
	It is recommended to disable useCacheForAllThreads by setting -Dorg.apache.ratis.thirdparty.io.netty.allocator.useCacheForAllThreads=false in command line.
2022-10-13 11:28:12,971 [Listener at 0.0.0.0/41977] INFO  grpc.GrpcConfigKeys (ConfUtils.java:logGet(46)) - raft.grpc.admin.port = -1 (default)
2022-10-13 11:28:12,971 [Listener at 0.0.0.0/41977] INFO  grpc.GrpcConfigKeys (ConfUtils.java:logGet(46)) - raft.grpc.server.port = 9872 (custom)
2022-10-13 11:28:12,972 [Listener at 0.0.0.0/41977] INFO  grpc.GrpcConfigKeys (ConfUtils.java:logGet(46)) - raft.grpc.client.port = -1 (default)
2022-10-13 11:28:12,972 [Listener at 0.0.0.0/41977] INFO  grpc.GrpcConfigKeys (ConfUtils.java:logGet(46)) - raft.grpc.server.port = 9872 (custom)
2022-10-13 11:28:12,973 [Listener at 0.0.0.0/41977] INFO  grpc.GrpcConfigKeys (ConfUtils.java:logGet(46)) - raft.grpc.server.port = 9872 (custom)
2022-10-13 11:28:12,973 [Listener at 0.0.0.0/41977] INFO  server.GrpcService (ConfUtils.java:logGet(46)) - raft.grpc.message.size.max = 33554432 (custom)
2022-10-13 11:28:12,975 [Listener at 0.0.0.0/41977] INFO  server.RaftServerConfigKeys (ConfUtils.java:logGet(46)) - raft.server.log.appender.buffer.byte-limit = 33554432 (custom)
2022-10-13 11:28:12,975 [Listener at 0.0.0.0/41977] INFO  server.GrpcService (ConfUtils.java:logGet(46)) - raft.grpc.flow.control.window = 1MB (=1048576) (default)
2022-10-13 11:28:12,976 [Listener at 0.0.0.0/41977] INFO  server.RaftServerConfigKeys (ConfUtils.java:logGet(46)) - raft.server.rpc.request.timeout = 3000ms (default)
2022-10-13 11:28:12,992 [Listener at 0.0.0.0/41977] INFO  grpc.GrpcConfigKeys (ConfUtils.java:logGet(46)) - raft.grpc.server.async.request.thread.pool.cached = true (default)
2022-10-13 11:28:12,993 [Listener at 0.0.0.0/41977] INFO  grpc.GrpcConfigKeys (ConfUtils.java:logGet(46)) - raft.grpc.server.async.request.thread.pool.size = 32 (default)
2022-10-13 11:28:13,323 [Listener at 0.0.0.0/41977] INFO  impl.DataStreamServerImpl (ConfUtils.java:logGet(46)) - raft.datastream.type = DISABLED (default)
2022-10-13 11:28:13,327 [Listener at 0.0.0.0/41977] INFO  server.RaftServerConfigKeys (ConfUtils.java:logGet(46)) - raft.server.threadpool.proxy.cached = true (default)
2022-10-13 11:28:13,329 [Listener at 0.0.0.0/41977] INFO  server.RaftServerConfigKeys (ConfUtils.java:logGet(46)) - raft.server.threadpool.proxy.size = 0 (default)
2022-10-13 11:28:13,329 [Listener at 0.0.0.0/41977] INFO  server.RaftServerConfigKeys (ConfUtils.java:logGet(46)) - raft.server.rpc.slowness.timeout = 120s (custom)
2022-10-13 11:28:13,330 [Listener at 0.0.0.0/41977] INFO  server.RaftServerConfigKeys (ConfUtils.java:logGet(46)) - raft.server.leaderelection.leader.step-down.wait-time = 10s (default)
2022-10-13 11:28:13,333 [Listener at 0.0.0.0/41977] INFO  server.RaftServerConfigKeys (ConfUtils.java:logGet(46)) - raft.server.storage.dir = [/home/runner/work/ozone/ozone/hadoop-ozone/integration-test/target/test-dir/MiniOzoneClusterImpl-434ffb35-82cd-4fed-a90c-5d1117f9018e/ozone-meta/ratis] (custom)
2022-10-13 11:28:13,343 [Listener at 0.0.0.0/41977] INFO  server.RaftServer (RaftServerProxy.java:addNew(96)) - om1: addNew group-C5BA1605619E:[om1|rpc:localhost:9872|priority:0] returns group-C5BA1605619E:java.util.concurrent.CompletableFuture@93bc1be[Not completed]
2022-10-13 11:28:13,343 [Listener at 0.0.0.0/41977] INFO  om.OzoneManager (OzoneManager.java:initializeRatisServer(1976)) - OzoneManager Ratis server initialized at port 9872
2022-10-13 11:28:13,360 [Listener at 0.0.0.0/41977] INFO  om.OzoneManager (OzoneManager.java:getRpcServer(1102)) - Creating RPC Server
2022-10-13 11:28:13,378 [pool-55-thread-1] INFO  server.RaftServer$Division (RaftServerImpl.java:<init>(190)) - om1: new RaftServerImpl for group-C5BA1605619E:[om1|rpc:localhost:9872|priority:0] with OzoneManagerStateMachine:uninitialized
2022-10-13 11:28:13,384 [pool-55-thread-1] INFO  server.RaftServerConfigKeys (ConfUtils.java:logGet(46)) - raft.server.rpc.timeout.min = 1s (custom)
2022-10-13 11:28:13,384 [pool-55-thread-1] INFO  server.RaftServerConfigKeys (ConfUtils.java:logGet(46)) - raft.server.rpc.timeout.max = 1200ms (custom)
2022-10-13 11:28:13,384 [pool-55-thread-1] INFO  server.RaftServerConfigKeys (ConfUtils.java:logGet(46)) - raft.server.rpc.sleep.time = 25ms (default)
2022-10-13 11:28:13,384 [pool-55-thread-1] INFO  server.RaftServerConfigKeys (ConfUtils.java:logGet(46)) - raft.server.rpc.slowness.timeout = 120s (custom)
2022-10-13 11:28:13,385 [pool-55-thread-1] INFO  server.RaftServerConfigKeys (ConfUtils.java:logGet(46)) - raft.server.leaderelection.leader.step-down.wait-time = 10s (default)
2022-10-13 11:28:13,385 [pool-55-thread-1] INFO  server.RaftServerConfigKeys (ConfUtils.java:logGet(46)) - raft.server.sleep.deviation.threshold = 300ms (default)
2022-10-13 11:28:13,401 [pool-55-thread-1] INFO  server.RaftServer$Division (ServerState.java:<init>(107)) - om1@group-C5BA1605619E: ConfigurationManager, init=-1: [om1|rpc:localhost:9872|priority:0], old=null, confs=<EMPTY_MAP>
2022-10-13 11:28:13,402 [pool-55-thread-1] INFO  server.RaftServerConfigKeys (ConfUtils.java:logGet(46)) - raft.server.storage.dir = [/home/runner/work/ozone/ozone/hadoop-ozone/integration-test/target/test-dir/MiniOzoneClusterImpl-434ffb35-82cd-4fed-a90c-5d1117f9018e/ozone-meta/ratis] (custom)
2022-10-13 11:28:13,411 [pool-55-thread-1] INFO  server.RaftServerConfigKeys (ConfUtils.java:logGet(46)) - raft.server.log.corruption.policy = EXCEPTION (default)
2022-10-13 11:28:13,411 [pool-55-thread-1] INFO  server.RaftServerConfigKeys (ConfUtils.java:logGet(46)) - raft.server.storage.free-space.min = 0MB (=0) (default)
2022-10-13 11:28:13,413 [pool-55-thread-1] INFO  storage.RaftStorageDirectory (RaftStorageDirectoryImpl.java:analyzeStorage(135)) - The storage directory /home/runner/work/ozone/ozone/hadoop-ozone/integration-test/target/test-dir/MiniOzoneClusterImpl-434ffb35-82cd-4fed-a90c-5d1117f9018e/ozone-meta/ratis/bf265839-605b-3f16-9796-c5ba1605619e does not exist. Creating ...
2022-10-13 11:28:13,432 [pool-55-thread-1] INFO  storage.RaftStorageDirectory (RaftStorageDirectoryImpl.java:tryLock(230)) - Lock on /home/runner/work/ozone/ozone/hadoop-ozone/integration-test/target/test-dir/MiniOzoneClusterImpl-434ffb35-82cd-4fed-a90c-5d1117f9018e/ozone-meta/ratis/bf265839-605b-3f16-9796-c5ba1605619e/in_use.lock acquired by nodename 2264@fv-az447-90
2022-10-13 11:28:13,441 [pool-55-thread-1] INFO  storage.RaftStorage (RaftStorageImpl.java:format(89)) - Storage directory /home/runner/work/ozone/ozone/hadoop-ozone/integration-test/target/test-dir/MiniOzoneClusterImpl-434ffb35-82cd-4fed-a90c-5d1117f9018e/ozone-meta/ratis/bf265839-605b-3f16-9796-c5ba1605619e has been successfully formatted.
2022-10-13 11:28:13,447 [pool-55-thread-1] INFO  server.RaftServerConfigKeys (ConfUtils.java:logGet(46)) - raft.server.notification.no-leader.timeout = 120s (custom)
2022-10-13 11:28:13,449 [pool-55-thread-1] INFO  server.RaftServerConfigKeys (ConfUtils.java:logGet(46)) - raft.server.log.use.memory = false (default)
2022-10-13 11:28:13,464 [pool-55-thread-1] INFO  server.RaftServerConfigKeys (ConfUtils.java:logGet(46)) - raft.server.log.purge.gap = 1000000 (custom)
2022-10-13 11:28:13,465 [pool-55-thread-1] INFO  server.RaftServerConfigKeys (ConfUtils.java:logGet(46)) - raft.server.log.appender.buffer.byte-limit = 33554432 (custom)
2022-10-13 11:28:13,467 [pool-55-thread-1] INFO  server.RaftServerConfigKeys (ConfUtils.java:logGet(46)) - raft.server.log.statemachine.data.read.timeout = 1000ms (default)
2022-10-13 11:28:13,504 [pool-55-thread-1] INFO  server.RaftServerConfigKeys (ConfUtils.java:logGet(46)) - raft.server.log.segment.size.max = 4194304 (custom)
2022-10-13 11:28:13,522 [pool-55-thread-1] INFO  server.RaftServerConfigKeys (ConfUtils.java:logGet(46)) - raft.server.log.segment.cache.num.max = 2 (custom)
2022-10-13 11:28:13,522 [pool-55-thread-1] INFO  server.RaftServerConfigKeys (ConfUtils.java:logGet(46)) - raft.server.log.segment.cache.size.max = 200MB (=209715200) (default)
2022-10-13 11:28:13,538 [pool-55-thread-1] INFO  segmented.SegmentedRaftLogWorker (SegmentedRaftLogWorker.java:<init>(187)) - new om1@group-C5BA1605619E-SegmentedRaftLogWorker for RaftStorageImpl:Storage Directory /home/runner/work/ozone/ozone/hadoop-ozone/integration-test/target/test-dir/MiniOzoneClusterImpl-434ffb35-82cd-4fed-a90c-5d1117f9018e/ozone-meta/ratis/bf265839-605b-3f16-9796-c5ba1605619e
2022-10-13 11:28:13,538 [pool-55-thread-1] INFO  server.RaftServerConfigKeys (ConfUtils.java:logGet(46)) - raft.server.log.queue.byte-limit = 64MB (=67108864) (default)
2022-10-13 11:28:13,538 [pool-55-thread-1] INFO  server.RaftServerConfigKeys (ConfUtils.java:logGet(46)) - raft.server.log.queue.element-limit = 4096 (default)
2022-10-13 11:28:13,566 [pool-55-thread-1] INFO  server.RaftServerConfigKeys (ConfUtils.java:logGet(46)) - raft.server.log.segment.size.max = 4194304 (custom)
2022-10-13 11:28:13,567 [pool-55-thread-1] INFO  server.RaftServerConfigKeys (ConfUtils.java:logGet(46)) - raft.server.log.preallocated.size = 4194304 (custom)
2022-10-13 11:28:13,567 [pool-55-thread-1] INFO  server.RaftServerConfigKeys (ConfUtils.java:logGet(46)) - raft.server.log.force.sync.num = 128 (default)
2022-10-13 11:28:13,574 [pool-55-thread-1] INFO  server.RaftServerConfigKeys (ConfUtils.java:logGet(46)) - raft.server.log.statemachine.data.sync = true (default)
2022-10-13 11:28:13,575 [pool-55-thread-1] INFO  server.RaftServerConfigKeys (ConfUtils.java:logGet(46)) - raft.server.log.statemachine.data.sync.timeout = 10s (default)
2022-10-13 11:28:13,578 [pool-55-thread-1] INFO  server.RaftServerConfigKeys (ConfUtils.java:logGet(46)) - raft.server.log.statemachine.data.sync.timeout.retry = -1 (default)
2022-10-13 11:28:13,628 [pool-55-thread-1] INFO  server.RaftServerConfigKeys (ConfUtils.java:logGet(46)) - raft.server.log.write.buffer.size = 64KB (=65536) (default)
2022-10-13 11:28:13,628 [pool-55-thread-1] INFO  server.RaftServerConfigKeys (ConfUtils.java:logGet(46)) - raft.server.log.unsafe-flush.enabled = false (default)
2022-10-13 11:28:13,629 [pool-55-thread-1] INFO  server.RaftServerConfigKeys (ConfUtils.java:logGet(46)) - raft.server.log.statemachine.data.caching.enabled = false (default)
2022-10-13 11:28:13,650 [pool-55-thread-1] INFO  segmented.SegmentedRaftLogWorker (SegmentedRaftLogWorker.java:lambda$new$0(135)) - om1@group-C5BA1605619E-SegmentedRaftLogWorker: flushIndex: setUnconditionally 0 -> -1
2022-10-13 11:28:13,650 [pool-55-thread-1] INFO  segmented.SegmentedRaftLogWorker (SegmentedRaftLogWorker.java:lambda$new$0(135)) - om1@group-C5BA1605619E-SegmentedRaftLogWorker: safeCacheEvictIndex: setUnconditionally 0 -> -1
2022-10-13 11:28:13,659 [pool-55-thread-1] INFO  server.RaftServerConfigKeys (ConfUtils.java:logGet(46)) - raft.server.snapshot.auto.trigger.enabled = true (custom)
2022-10-13 11:28:13,659 [pool-55-thread-1] INFO  server.RaftServerConfigKeys (ConfUtils.java:logGet(46)) - raft.server.snapshot.auto.trigger.threshold = 400000 (default)
2022-10-13 11:28:13,660 [pool-55-thread-1] INFO  server.RaftServerConfigKeys (ConfUtils.java:logGet(46)) - raft.server.snapshot.retention.file.num = -1 (default)
2022-10-13 11:28:13,660 [pool-55-thread-1] INFO  server.RaftServerConfigKeys (ConfUtils.java:logGet(46)) - raft.server.log.purge.upto.snapshot.index = true (custom)
2022-10-13 11:28:13,678 [pool-55-thread-1] INFO  server.RaftServerConfigKeys (ConfUtils.java:logGet(46)) - raft.server.retrycache.expirytime = 300s (custom)
2022-10-13 11:28:13,679 [pool-55-thread-1] INFO  server.RaftServerConfigKeys (ConfUtils.java:logGet(46)) - raft.server.retrycache.statistics.expirytime = 100μs (default)
2022-10-13 11:28:13,776 [pool-55-thread-1] INFO  server.RaftServerConfigKeys (ConfUtils.java:logGet(46)) - raft.server.log.appender.install.snapshot.enabled = false (custom)
2022-10-13 11:28:13,777 [pool-55-thread-1] INFO  server.RaftServerConfigKeys (ConfUtils.java:logGet(46)) - raft.server.threadpool.server.cached = true (default)
2022-10-13 11:28:13,782 [pool-55-thread-1] INFO  server.RaftServerConfigKeys (ConfUtils.java:logGet(46)) - raft.server.threadpool.server.size = 0 (default)
2022-10-13 11:28:13,782 [pool-55-thread-1] INFO  server.RaftServerConfigKeys (ConfUtils.java:logGet(46)) - raft.server.threadpool.client.cached = true (default)
2022-10-13 11:28:13,782 [pool-55-thread-1] INFO  server.RaftServerConfigKeys (ConfUtils.java:logGet(46)) - raft.server.threadpool.client.size = 0 (default)
2022-10-13 11:28:14,240 [Listener at 0.0.0.0/41977] INFO  reflections.Reflections (Reflections.java:scan(232)) - Reflections took 799 ms to scan 19 urls, producing 67 keys and 4232 values [using 2 cores]
2022-10-13 11:28:14,408 [Listener at 0.0.0.0/41977] INFO  ipc.CallQueueManager (CallQueueManager.java:<init>(90)) - Using callQueue: class java.util.concurrent.LinkedBlockingQueue, queueCapacity: 2000, scheduler: class org.apache.hadoop.ipc.DefaultRpcScheduler, ipcBackoff: false.
2022-10-13 11:28:14,409 [Socket Reader #1 for port 0] INFO  ipc.Server (Server.java:run(1273)) - Starting Socket Reader #1 for port 0
2022-10-13 11:28:14,451 [Listener at 127.0.0.1/43103] INFO  impl.MetricsSystemImpl (MetricsSystemImpl.java:init(158)) - OzoneManager metrics system started (again)
2022-10-13 11:28:14,464 [Listener at 127.0.0.1/43103] INFO  om.OzoneManager (OzoneManager.java:start(1483)) - OzoneManager RPC server is listening at localhost/127.0.0.1:43103
2022-10-13 11:28:14,464 [Listener at 127.0.0.1/43103] INFO  ratis.OzoneManagerRatisServer (OzoneManagerRatisServer.java:start(555)) - Starting OzoneManagerRatisServer om1 at port 9872
2022-10-13 11:28:14,467 [om1-impl-thread1] INFO  server.RaftServer$Division (RaftServerImpl.java:start(310)) - om1@group-C5BA1605619E: start as a follower, conf=-1: [om1|rpc:localhost:9872|priority:0], old=null
2022-10-13 11:28:14,467 [om1-impl-thread1] INFO  server.RaftServer$Division (RaftServerImpl.java:setRole(299)) - om1@group-C5BA1605619E: changes role from      null to FOLLOWER at term 0 for startAsFollower
2022-10-13 11:28:14,469 [om1-impl-thread1] INFO  impl.RoleInfo (RoleInfo.java:updateAndGet(139)) - om1: start om1@group-C5BA1605619E-FollowerState
2022-10-13 11:28:14,470 [om1-impl-thread1] INFO  util.JmxRegister (JmxRegister.java:tryRegister(44)) - Successfully registered JMX Bean with object name Ratis:service=RaftServer,group=group-C5BA1605619E,id=om1
2022-10-13 11:28:14,474 [Listener at 127.0.0.1/43103] INFO  server.RaftServer (RaftServerProxy.java:lambda$start$6(382)) - om1: start RPC server
2022-10-13 11:28:14,537 [Listener at 127.0.0.1/43103] INFO  server.GrpcService (GrpcService.java:startImpl(260)) - om1: GrpcService started, listening on 9872
2022-10-13 11:28:14,540 [Listener at 127.0.0.1/43103] INFO  om.OzoneManager (OzoneManager.java:start(1499)) - Version File has different layout version (3) than OM DB (null). That is expected if this OM has never been finalized to a newer layout version.
2022-10-13 11:28:14,542 [org.apache.ratis.util.JvmPauseMonitor$$Lambda$690/1264163010@30ee00f6] INFO  util.JvmPauseMonitor (JvmPauseMonitor.java:run(103)) - JvmPauseMonitor-om1: Started
2022-10-13 11:28:14,557 [Listener at 127.0.0.1/43103] INFO  http.BaseHttpServer (BaseHttpServer.java:newHttpServer2BuilderForOzone(213)) - Starting Web-server for ozoneManager at: http://0.0.0.0:0
2022-10-13 11:28:14,557 [Listener at 127.0.0.1/43103] INFO  http.BaseHttpServer (BaseHttpServer.java:<init>(108)) - Hadoop Security Enabled: false Ozone Security Enabled: false Ozone HTTP Security Enabled: false 
2022-10-13 11:28:14,559 [Listener at 127.0.0.1/43103] WARN  server.AuthenticationFilter (AuthenticationFilter.java:constructSecretProvider(240)) - Unable to initialize FileSignerSecretProvider, falling back to use random secrets. Reason: Could not read signature secret file: /home/runner/hadoop-http-auth-signature-secret
2022-10-13 11:28:14,560 [Listener at 127.0.0.1/43103] WARN  http.HttpRequestLog (HttpRequestLog.java:getRequestLog(103)) - Jetty request log can only be enabled using Log4j
2022-10-13 11:28:14,561 [Listener at 127.0.0.1/43103] INFO  http.HttpServer2 (HttpServer2.java:addGlobalFilter(1031)) - Added global filter 'safety' (class=org.apache.hadoop.hdds.server.http.HttpServer2$QuotingInputFilter)
2022-10-13 11:28:14,562 [Listener at 127.0.0.1/43103] INFO  http.HttpServer2 (HttpServer2.java:addFilter(1007)) - Added filter static_user_filter (class=org.apache.hadoop.http.lib.StaticUserWebFilter$StaticUserFilter) to context ozoneManager
2022-10-13 11:28:14,562 [Listener at 127.0.0.1/43103] INFO  http.HttpServer2 (HttpServer2.java:addFilter(1015)) - Added filter static_user_filter (class=org.apache.hadoop.http.lib.StaticUserWebFilter$StaticUserFilter) to context logs
2022-10-13 11:28:14,563 [Listener at 127.0.0.1/43103] INFO  http.HttpServer2 (HttpServer2.java:addFilter(1015)) - Added filter static_user_filter (class=org.apache.hadoop.http.lib.StaticUserWebFilter$StaticUserFilter) to context static
2022-10-13 11:28:14,564 [Listener at 127.0.0.1/43103] INFO  http.HttpServer2 (HttpServer2.java:bindListener(1250)) - Jetty bound to port 34795
2022-10-13 11:28:14,565 [Listener at 127.0.0.1/43103] INFO  server.Server (Server.java:doStart(375)) - jetty-9.4.43.v20210629; built: 2021-06-30T11:07:22.254Z; git: 526006ecfa3af7f1a27ef3a288e2bef7ea9dd7e8; jvm 1.8.0_345-b01
2022-10-13 11:28:14,573 [Listener at 127.0.0.1/43103] INFO  server.session (DefaultSessionIdManager.java:doStart(334)) - DefaultSessionIdManager workerName=node0
2022-10-13 11:28:14,574 [Listener at 127.0.0.1/43103] INFO  server.session (DefaultSessionIdManager.java:doStart(339)) - No SessionScavenger set, using defaults
2022-10-13 11:28:14,574 [Listener at 127.0.0.1/43103] INFO  server.session (HouseKeeper.java:startScavenging(132)) - node0 Scavenging every 660000ms
2022-10-13 11:28:14,585 [Listener at 127.0.0.1/43103] INFO  handler.ContextHandler (ContextHandler.java:doStart(915)) - Started o.e.j.s.ServletContextHandler@2f822222{logs,/logs,file:///home/runner/work/ozone/ozone/hadoop-ozone/integration-test/target/log,AVAILABLE}
2022-10-13 11:28:14,585 [Listener at 127.0.0.1/43103] INFO  handler.ContextHandler (ContextHandler.java:doStart(915)) - Started o.e.j.s.ServletContextHandler@43948dc8{static,/static,file:///home/runner/work/ozone/ozone/hadoop-ozone/integration-test/target/test-classes/webapps/static,AVAILABLE}
2022-10-13 11:28:14,599 [Listener at 127.0.0.1/43103] INFO  handler.ContextHandler (ContextHandler.java:doStart(915)) - Started o.e.j.w.WebAppContext@286dba42{ozoneManager,/,file:///home/runner/work/ozone/ozone/hadoop-ozone/integration-test/target/test-classes/webapps/ozoneManager/,AVAILABLE}{file:/home/runner/work/ozone/ozone/hadoop-ozone/integration-test/target/test-classes/webapps/ozoneManager}
2022-10-13 11:28:14,609 [Listener at 127.0.0.1/43103] INFO  server.AbstractConnector (AbstractConnector.java:doStart(331)) - Started ServerConnector@53416190{HTTP/1.1, (http/1.1)}{0.0.0.0:34795}
2022-10-13 11:28:14,609 [Listener at 127.0.0.1/43103] INFO  server.Server (Server.java:doStart(415)) - Started @8146ms
2022-10-13 11:28:14,609 [Listener at 127.0.0.1/43103] WARN  impl.MetricsSystemImpl (MetricsSystemImpl.java:register(279)) - Sink prometheus already exists!
2022-10-13 11:28:14,611 [Listener at 127.0.0.1/43103] INFO  http.BaseHttpServer (BaseHttpServer.java:updateConnectorAddress(333)) - HTTP server of ozoneManager listening at http://0.0.0.0:34795
2022-10-13 11:28:14,614 [IPC Server Responder] INFO  ipc.Server (Server.java:run(1512)) - IPC Server Responder: starting
2022-10-13 11:28:14,614 [IPC Server listener on 0] INFO  ipc.Server (Server.java:run(1352)) - IPC Server listener on 0: starting
2022-10-13 11:28:14,619 [Listener at 127.0.0.1/43103] INFO  om.OzoneManager (OzoneManager.java:startTrashEmptier(1920)) - Trash Interval set to 0. Files deleted won't move to trash
2022-10-13 11:28:14,626 [org.apache.hadoop.util.JvmPauseMonitor$Monitor@318d0545] INFO  util.JvmPauseMonitor (JvmPauseMonitor.java:run(188)) - Starting JVM pause monitor
2022-10-13 11:28:14,766 [Listener at 127.0.0.1/43103] WARN  impl.MetricRegistriesImpl (MetricRegistriesImpl.java:addReporterRegistration(111)) - New reporters are added after registries were created. Some metrics will be missing from the reporter. Please add reporter before adding any new registry.
2022-10-13 11:28:14,766 [Listener at 127.0.0.1/43103] WARN  impl.MetricRegistriesImpl (MetricRegistriesImpl.java:addReporterRegistration(111)) - New reporters are added after registries were created. Some metrics will be missing from the reporter. Please add reporter before adding any new registry.
2022-10-13 11:28:14,766 [Listener at 127.0.0.1/43103] INFO  impl.MetricsSystemImpl (MetricsSystemImpl.java:init(158)) - HddsDatanode metrics system started (again)
2022-10-13 11:28:14,782 [Listener at 127.0.0.1/43103] INFO  ozone.HddsDatanodeService (HddsDatanodeService.java:start(236)) - HddsDatanodeService host:fv-az447-90.tnmeiuxxsqeu3byeydcnbj0j5d.dx.internal.cloudapp.net ip:10.1.0.139
2022-10-13 11:28:14,819 [Listener at 127.0.0.1/43103] INFO  upgrade.AbstractLayoutVersionManager (AbstractLayoutVersionManager.java:init(83)) - Initializing Layout version manager with metadata layout = DATANODE_SCHEMA_V3 (version = 4), software layout = DATANODE_SCHEMA_V3 (version = 4)
2022-10-13 11:28:14,865 [Listener at 127.0.0.1/43103] INFO  reflections.Reflections (Reflections.java:scan(232)) - Reflections took 45 ms to scan 7 urls, producing 137 keys and 328 values 
2022-10-13 11:28:14,869 [Listener at 127.0.0.1/43103] INFO  statemachine.DatanodeStateMachine (DatanodeStateMachine.java:getEndPointTaskThreadPoolSize(237)) - Datanode State Machine Task Thread Pool size 2
2022-10-13 11:28:14,921 [Listener at 127.0.0.1/43103] INFO  volume.HddsVolume (HddsVolume.java:<init>(117)) - Creating HddsVolume: /home/runner/work/ozone/ozone/hadoop-ozone/integration-test/target/test-dir/MiniOzoneClusterImpl-434ffb35-82cd-4fed-a90c-5d1117f9018e/datanode-0/data-0/containers/hdds of storage type : DISK capacity : 9223372036854775807
2022-10-13 11:28:14,924 [Listener at 127.0.0.1/43103] INFO  volume.MutableVolumeSet (MutableVolumeSet.java:initializeVolumeSet(174)) - Added Volume : /home/runner/work/ozone/ozone/hadoop-ozone/integration-test/target/test-dir/MiniOzoneClusterImpl-434ffb35-82cd-4fed-a90c-5d1117f9018e/datanode-0/data-0/containers/hdds to VolumeSet
2022-10-13 11:28:14,925 [Listener at 127.0.0.1/43103] INFO  volume.ThrottledAsyncChecker (ThrottledAsyncChecker.java:schedule(141)) - Scheduling a check for /home/runner/work/ozone/ozone/hadoop-ozone/integration-test/target/test-dir/MiniOzoneClusterImpl-434ffb35-82cd-4fed-a90c-5d1117f9018e/datanode-0/data-0/containers/hdds
2022-10-13 11:28:14,946 [Listener at 127.0.0.1/43103] INFO  volume.StorageVolumeChecker (StorageVolumeChecker.java:checkAllVolumes(202)) - Scheduled health check for volume /home/runner/work/ozone/ozone/hadoop-ozone/integration-test/target/test-dir/MiniOzoneClusterImpl-434ffb35-82cd-4fed-a90c-5d1117f9018e/datanode-0/data-0/containers/hdds
2022-10-13 11:28:14,964 [Listener at 127.0.0.1/43103] INFO  volume.MutableVolumeSet (MutableVolumeSet.java:initializeVolumeSet(174)) - Added Volume : /home/runner/work/ozone/ozone/hadoop-ozone/integration-test/target/test-dir/MiniOzoneClusterImpl-434ffb35-82cd-4fed-a90c-5d1117f9018e/datanode-0/data/ratis to VolumeSet
2022-10-13 11:28:14,964 [Listener at 127.0.0.1/43103] INFO  volume.ThrottledAsyncChecker (ThrottledAsyncChecker.java:schedule(141)) - Scheduling a check for /home/runner/work/ozone/ozone/hadoop-ozone/integration-test/target/test-dir/MiniOzoneClusterImpl-434ffb35-82cd-4fed-a90c-5d1117f9018e/datanode-0/data/ratis
2022-10-13 11:28:14,964 [Listener at 127.0.0.1/43103] INFO  volume.StorageVolumeChecker (StorageVolumeChecker.java:checkAllVolumes(202)) - Scheduled health check for volume /home/runner/work/ozone/ozone/hadoop-ozone/integration-test/target/test-dir/MiniOzoneClusterImpl-434ffb35-82cd-4fed-a90c-5d1117f9018e/datanode-0/data/ratis
2022-10-13 11:28:14,986 [Thread-136] INFO  ozoneimpl.ContainerReader (ContainerReader.java:readVolume(175)) - Finish verifying containers on volume /home/runner/work/ozone/ozone/hadoop-ozone/integration-test/target/test-dir/MiniOzoneClusterImpl-434ffb35-82cd-4fed-a90c-5d1117f9018e/datanode-0/data-0/containers/hdds
2022-10-13 11:28:14,986 [Listener at 127.0.0.1/43103] INFO  ozoneimpl.OzoneContainer (OzoneContainer.java:buildContainerSet(300)) - Build ContainerSet costs 0s
2022-10-13 11:28:15,030 [Listener at 127.0.0.1/43103] INFO  audit.AuditLogger (AuditLogger.java:refreshDebugCmdSet(126)) - Refresh DebugCmdSet for DNAudit to [].
2022-10-13 11:28:15,060 [Listener at 127.0.0.1/43103] INFO  server.RaftServer (ConfUtils.java:logGet(46)) - raft.rpc.type = GRPC (default)
2022-10-13 11:28:15,061 [Listener at 127.0.0.1/43103] INFO  grpc.GrpcFactory (GrpcFactory.java:checkPooledByteBufAllocatorUseCacheForAllThreads(48)) - PERFORMANCE WARNING: useCacheForAllThreads is true that may cause Netty to create a lot garbage objects and, as a result, trigger GC.
	It is recommended to disable useCacheForAllThreads by setting -Dorg.apache.ratis.thirdparty.io.netty.allocator.useCacheForAllThreads=false in command line.
2022-10-13 11:28:15,061 [Listener at 127.0.0.1/43103] INFO  grpc.GrpcConfigKeys (ConfUtils.java:logGet(46)) - raft.grpc.admin.port = 0 (custom)
2022-10-13 11:28:15,061 [Listener at 127.0.0.1/43103] INFO  grpc.GrpcConfigKeys (ConfUtils.java:logGet(46)) - raft.grpc.client.port = 0 (custom)
2022-10-13 11:28:15,062 [Listener at 127.0.0.1/43103] INFO  grpc.GrpcConfigKeys (ConfUtils.java:logGet(46)) - raft.grpc.server.port = 0 (default)
2022-10-13 11:28:15,062 [Listener at 127.0.0.1/43103] INFO  server.GrpcService (ConfUtils.java:logGet(46)) - raft.grpc.message.size.max = 32MB (=33554432) (custom)
2022-10-13 11:28:15,062 [Listener at 127.0.0.1/43103] INFO  server.RaftServerConfigKeys (ConfUtils.java:logGet(46)) - raft.server.log.appender.buffer.byte-limit = 33554432 (custom)
2022-10-13 11:28:15,064 [Listener at 127.0.0.1/43103] INFO  server.GrpcService (ConfUtils.java:logGet(46)) - raft.grpc.flow.control.window = 5MB (=5242880) (custom)
2022-10-13 11:28:15,065 [Listener at 127.0.0.1/43103] INFO  server.RaftServerConfigKeys (ConfUtils.java:logGet(46)) - raft.server.rpc.request.timeout = 60s (custom)
2022-10-13 11:28:15,065 [Listener at 127.0.0.1/43103] INFO  grpc.GrpcConfigKeys (ConfUtils.java:logGet(46)) - raft.grpc.server.async.request.thread.pool.cached = true (default)
2022-10-13 11:28:15,065 [Listener at 127.0.0.1/43103] INFO  grpc.GrpcConfigKeys (ConfUtils.java:logGet(46)) - raft.grpc.server.async.request.thread.pool.size = 32 (default)
2022-10-13 11:28:15,067 [Listener at 127.0.0.1/43103] INFO  impl.DataStreamServerImpl (ConfUtils.java:logGet(46)) - raft.datastream.type = DISABLED (default)
2022-10-13 11:28:15,068 [Listener at 127.0.0.1/43103] INFO  server.RaftServerConfigKeys (ConfUtils.java:logGet(46)) - raft.server.threadpool.proxy.cached = true (default)
2022-10-13 11:28:15,068 [Listener at 127.0.0.1/43103] INFO  server.RaftServerConfigKeys (ConfUtils.java:logGet(46)) - raft.server.threadpool.proxy.size = 0 (default)
2022-10-13 11:28:15,068 [Listener at 127.0.0.1/43103] INFO  server.RaftServerConfigKeys (ConfUtils.java:logGet(46)) - raft.server.rpc.slowness.timeout = 300s (custom)
2022-10-13 11:28:15,069 [Listener at 127.0.0.1/43103] INFO  server.RaftServerConfigKeys (ConfUtils.java:logGet(46)) - raft.server.leaderelection.leader.step-down.wait-time = 10s (default)
2022-10-13 11:28:15,070 [Listener at 127.0.0.1/43103] INFO  server.RaftServerConfigKeys (ConfUtils.java:logGet(46)) - raft.server.storage.dir = [/home/runner/work/ozone/ozone/hadoop-ozone/integration-test/target/test-dir/MiniOzoneClusterImpl-434ffb35-82cd-4fed-a90c-5d1117f9018e/datanode-0/data/ratis] (custom)
2022-10-13 11:28:15,090 [Listener at 127.0.0.1/43103] INFO  server.XceiverServerGrpc (XceiverServerGrpc.java:<init>(132)) - GrpcServer channel type EpollServerSocketChannel
2022-10-13 11:28:15,157 [Listener at 127.0.0.1/43103] INFO  http.BaseHttpServer (BaseHttpServer.java:newHttpServer2BuilderForOzone(213)) - Starting Web-server for hddsDatanode at: http://0.0.0.0:0
2022-10-13 11:28:15,157 [Listener at 127.0.0.1/43103] INFO  http.BaseHttpServer (BaseHttpServer.java:<init>(108)) - Hadoop Security Enabled: false Ozone Security Enabled: false Ozone HTTP Security Enabled: false 
2022-10-13 11:28:15,159 [Listener at 127.0.0.1/43103] WARN  server.AuthenticationFilter (AuthenticationFilter.java:constructSecretProvider(240)) - Unable to initialize FileSignerSecretProvider, falling back to use random secrets. Reason: Could not read signature secret file: /home/runner/hadoop-http-auth-signature-secret
2022-10-13 11:28:15,160 [Listener at 127.0.0.1/43103] WARN  http.HttpRequestLog (HttpRequestLog.java:getRequestLog(103)) - Jetty request log can only be enabled using Log4j
2022-10-13 11:28:15,161 [Listener at 127.0.0.1/43103] INFO  http.HttpServer2 (HttpServer2.java:addGlobalFilter(1031)) - Added global filter 'safety' (class=org.apache.hadoop.hdds.server.http.HttpServer2$QuotingInputFilter)
2022-10-13 11:28:15,162 [Listener at 127.0.0.1/43103] INFO  http.HttpServer2 (HttpServer2.java:addFilter(1007)) - Added filter static_user_filter (class=org.apache.hadoop.http.lib.StaticUserWebFilter$StaticUserFilter) to context hddsDatanode
2022-10-13 11:28:15,163 [Listener at 127.0.0.1/43103] INFO  http.HttpServer2 (HttpServer2.java:addFilter(1015)) - Added filter static_user_filter (class=org.apache.hadoop.http.lib.StaticUserWebFilter$StaticUserFilter) to context static
2022-10-13 11:28:15,163 [Listener at 127.0.0.1/43103] INFO  http.HttpServer2 (HttpServer2.java:addFilter(1015)) - Added filter static_user_filter (class=org.apache.hadoop.http.lib.StaticUserWebFilter$StaticUserFilter) to context logs
2022-10-13 11:28:15,164 [Listener at 127.0.0.1/43103] INFO  http.HttpServer2 (HttpServer2.java:bindListener(1250)) - Jetty bound to port 39441
2022-10-13 11:28:15,164 [Listener at 127.0.0.1/43103] INFO  server.Server (Server.java:doStart(375)) - jetty-9.4.43.v20210629; built: 2021-06-30T11:07:22.254Z; git: 526006ecfa3af7f1a27ef3a288e2bef7ea9dd7e8; jvm 1.8.0_345-b01
2022-10-13 11:28:15,167 [Listener at 127.0.0.1/43103] INFO  server.session (DefaultSessionIdManager.java:doStart(334)) - DefaultSessionIdManager workerName=node0
2022-10-13 11:28:15,167 [Listener at 127.0.0.1/43103] INFO  server.session (DefaultSessionIdManager.java:doStart(339)) - No SessionScavenger set, using defaults
2022-10-13 11:28:15,167 [Listener at 127.0.0.1/43103] INFO  server.session (HouseKeeper.java:startScavenging(132)) - node0 Scavenging every 600000ms
2022-10-13 11:28:15,168 [Listener at 127.0.0.1/43103] INFO  handler.ContextHandler (ContextHandler.java:doStart(915)) - Started o.e.j.s.ServletContextHandler@c5ae854{logs,/logs,file:///home/runner/work/ozone/ozone/hadoop-ozone/integration-test/target/log,AVAILABLE}
2022-10-13 11:28:15,169 [Listener at 127.0.0.1/43103] INFO  handler.ContextHandler (ContextHandler.java:doStart(915)) - Started o.e.j.s.ServletContextHandler@430c9347{static,/static,jar:file:/home/runner/.m2/repository/org/apache/ozone/hdds-container-service/1.3.0-SNAPSHOT/hdds-container-service-1.3.0-SNAPSHOT.jar!/webapps/static,AVAILABLE}
2022-10-13 11:28:15,391 [Listener at 127.0.0.1/43103] INFO  handler.ContextHandler (ContextHandler.java:doStart(915)) - Started o.e.j.w.WebAppContext@755cc0c9{hddsDatanode,/,file:///tmp/jetty-0_0_0_0-39441-hdds-container-service-1_3_0-SNAPSHOT_jar-_-any-3615312598882018899/webapp/,AVAILABLE}{jar:file:/home/runner/.m2/repository/org/apache/ozone/hdds-container-service/1.3.0-SNAPSHOT/hdds-container-service-1.3.0-SNAPSHOT.jar!/webapps/hddsDatanode}
2022-10-13 11:28:15,393 [Listener at 127.0.0.1/43103] INFO  server.AbstractConnector (AbstractConnector.java:doStart(331)) - Started ServerConnector@55f48623{HTTP/1.1, (http/1.1)}{0.0.0.0:39441}
2022-10-13 11:28:15,393 [Listener at 127.0.0.1/43103] INFO  server.Server (Server.java:doStart(415)) - Started @8930ms
2022-10-13 11:28:15,393 [Listener at 127.0.0.1/43103] WARN  impl.MetricsSystemImpl (MetricsSystemImpl.java:register(279)) - Sink prometheus already exists!
2022-10-13 11:28:15,394 [Listener at 127.0.0.1/43103] INFO  http.BaseHttpServer (BaseHttpServer.java:updateConnectorAddress(333)) - HTTP server of hddsDatanode listening at http://0.0.0.0:39441
2022-10-13 11:28:15,396 [Listener at 127.0.0.1/43103] WARN  impl.MetricRegistriesImpl (MetricRegistriesImpl.java:addReporterRegistration(111)) - New reporters are added after registries were created. Some metrics will be missing from the reporter. Please add reporter before adding any new registry.
2022-10-13 11:28:15,396 [Listener at 127.0.0.1/43103] WARN  impl.MetricRegistriesImpl (MetricRegistriesImpl.java:addReporterRegistration(111)) - New reporters are added after registries were created. Some metrics will be missing from the reporter. Please add reporter before adding any new registry.
2022-10-13 11:28:15,396 [Listener at 127.0.0.1/43103] INFO  impl.MetricsSystemImpl (MetricsSystemImpl.java:init(158)) - HddsDatanode metrics system started (again)
2022-10-13 11:28:15,406 [Datanode State Machine Daemon Thread] INFO  statemachine.DatanodeStateMachine (DatanodeStateMachine.java:lambda$startDaemon$0(492)) - Ozone container server started.
2022-10-13 11:28:15,413 [Listener at 127.0.0.1/43103] INFO  ozone.HddsDatanodeService (HddsDatanodeService.java:start(236)) - HddsDatanodeService host:fv-az447-90.tnmeiuxxsqeu3byeydcnbj0j5d.dx.internal.cloudapp.net ip:10.1.0.139
2022-10-13 11:28:15,420 [org.apache.hadoop.util.JvmPauseMonitor$Monitor@20c9c384] INFO  util.JvmPauseMonitor (JvmPauseMonitor.java:run(188)) - Starting JVM pause monitor
2022-10-13 11:28:15,468 [Listener at 127.0.0.1/43103] INFO  upgrade.AbstractLayoutVersionManager (AbstractLayoutVersionManager.java:init(83)) - Initializing Layout version manager with metadata layout = DATANODE_SCHEMA_V3 (version = 4), software layout = DATANODE_SCHEMA_V3 (version = 4)
2022-10-13 11:28:15,530 [Listener at 127.0.0.1/43103] INFO  reflections.Reflections (Reflections.java:scan(232)) - Reflections took 59 ms to scan 7 urls, producing 137 keys and 328 values 
2022-10-13 11:28:15,536 [Listener at 127.0.0.1/43103] INFO  statemachine.DatanodeStateMachine (DatanodeStateMachine.java:getEndPointTaskThreadPoolSize(237)) - Datanode State Machine Task Thread Pool size 2
2022-10-13 11:28:15,539 [Listener at 127.0.0.1/43103] INFO  volume.HddsVolume (HddsVolume.java:<init>(117)) - Creating HddsVolume: /home/runner/work/ozone/ozone/hadoop-ozone/integration-test/target/test-dir/MiniOzoneClusterImpl-434ffb35-82cd-4fed-a90c-5d1117f9018e/datanode-1/data-0/containers/hdds of storage type : DISK capacity : 9223372036854775807
2022-10-13 11:28:15,539 [Listener at 127.0.0.1/43103] INFO  volume.MutableVolumeSet (MutableVolumeSet.java:initializeVolumeSet(174)) - Added Volume : /home/runner/work/ozone/ozone/hadoop-ozone/integration-test/target/test-dir/MiniOzoneClusterImpl-434ffb35-82cd-4fed-a90c-5d1117f9018e/datanode-1/data-0/containers/hdds to VolumeSet
2022-10-13 11:28:15,539 [Listener at 127.0.0.1/43103] INFO  volume.ThrottledAsyncChecker (ThrottledAsyncChecker.java:schedule(141)) - Scheduling a check for /home/runner/work/ozone/ozone/hadoop-ozone/integration-test/target/test-dir/MiniOzoneClusterImpl-434ffb35-82cd-4fed-a90c-5d1117f9018e/datanode-1/data-0/containers/hdds
2022-10-13 11:28:15,553 [Listener at 127.0.0.1/43103] INFO  volume.StorageVolumeChecker (StorageVolumeChecker.java:checkAllVolumes(202)) - Scheduled health check for volume /home/runner/work/ozone/ozone/hadoop-ozone/integration-test/target/test-dir/MiniOzoneClusterImpl-434ffb35-82cd-4fed-a90c-5d1117f9018e/datanode-1/data-0/containers/hdds
2022-10-13 11:28:15,558 [om1@group-C5BA1605619E-FollowerState] INFO  impl.FollowerState (FollowerState.java:run(143)) - om1@group-C5BA1605619E-FollowerState: change to CANDIDATE, lastRpcElapsedTime:1089390302ns, electionTimeout:1080ms
2022-10-13 11:28:15,559 [om1@group-C5BA1605619E-FollowerState] INFO  impl.RoleInfo (RoleInfo.java:shutdownFollowerState(110)) - om1: shutdown om1@group-C5BA1605619E-FollowerState
2022-10-13 11:28:15,577 [om1@group-C5BA1605619E-FollowerState] INFO  server.RaftServer$Division (RaftServerImpl.java:setRole(299)) - om1@group-C5BA1605619E: changes role from  FOLLOWER to CANDIDATE at term 0 for changeToCandidate
2022-10-13 11:28:15,580 [om1@group-C5BA1605619E-FollowerState] INFO  server.RaftServerConfigKeys (ConfUtils.java:logGet(46)) - raft.server.leaderelection.pre-vote = false (custom)
2022-10-13 11:28:15,580 [om1@group-C5BA1605619E-FollowerState] INFO  impl.RoleInfo (RoleInfo.java:updateAndGet(139)) - om1: start om1@group-C5BA1605619E-LeaderElection1
2022-10-13 11:28:15,590 [Listener at 127.0.0.1/43103] INFO  volume.MutableVolumeSet (MutableVolumeSet.java:initializeVolumeSet(174)) - Added Volume : /home/runner/work/ozone/ozone/hadoop-ozone/integration-test/target/test-dir/MiniOzoneClusterImpl-434ffb35-82cd-4fed-a90c-5d1117f9018e/datanode-1/data/ratis to VolumeSet
2022-10-13 11:28:15,591 [Listener at 127.0.0.1/43103] INFO  volume.ThrottledAsyncChecker (ThrottledAsyncChecker.java:schedule(141)) - Scheduling a check for /home/runner/work/ozone/ozone/hadoop-ozone/integration-test/target/test-dir/MiniOzoneClusterImpl-434ffb35-82cd-4fed-a90c-5d1117f9018e/datanode-1/data/ratis
2022-10-13 11:28:15,591 [Listener at 127.0.0.1/43103] INFO  volume.StorageVolumeChecker (StorageVolumeChecker.java:checkAllVolumes(202)) - Scheduled health check for volume /home/runner/work/ozone/ozone/hadoop-ozone/integration-test/target/test-dir/MiniOzoneClusterImpl-434ffb35-82cd-4fed-a90c-5d1117f9018e/datanode-1/data/ratis
2022-10-13 11:28:15,606 [om1@group-C5BA1605619E-LeaderElection1] INFO  impl.LeaderElection (LeaderElection.java:askForVotes(310)) - om1@group-C5BA1605619E-LeaderElection1 ELECTION round 0: submit vote requests at term 1 for -1: [om1|rpc:localhost:9872|priority:0], old=null
2022-10-13 11:28:15,607 [om1@group-C5BA1605619E-LeaderElection1] INFO  impl.LeaderElection (LeaderElection.java:askForVotes(312)) - om1@group-C5BA1605619E-LeaderElection1 ELECTION round 0: result PASSED (term=1)
2022-10-13 11:28:15,607 [om1@group-C5BA1605619E-LeaderElection1] INFO  impl.RoleInfo (RoleInfo.java:shutdownLeaderElection(130)) - om1: shutdown om1@group-C5BA1605619E-LeaderElection1
2022-10-13 11:28:15,608 [om1@group-C5BA1605619E-LeaderElection1] INFO  server.RaftServer$Division (RaftServerImpl.java:setRole(299)) - om1@group-C5BA1605619E: changes role from CANDIDATE to LEADER at term 1 for changeToLeader
2022-10-13 11:28:15,608 [om1@group-C5BA1605619E-LeaderElection1] INFO  server.RaftServer$Division (ServerState.java:setLeader(287)) - om1@group-C5BA1605619E: change Leader from null to om1 at term 1 for becomeLeader, leader elected after 2160ms
2022-10-13 11:28:15,618 [om1@group-C5BA1605619E-LeaderElection1] INFO  server.RaftServerConfigKeys (ConfUtils.java:logGet(46)) - raft.server.staging.catchup.gap = 1000 (default)
2022-10-13 11:28:15,620 [Thread-150] INFO  ozoneimpl.ContainerReader (ContainerReader.java:readVolume(175)) - Finish verifying containers on volume /home/runner/work/ozone/ozone/hadoop-ozone/integration-test/target/test-dir/MiniOzoneClusterImpl-434ffb35-82cd-4fed-a90c-5d1117f9018e/datanode-1/data-0/containers/hdds
2022-10-13 11:28:15,621 [Listener at 127.0.0.1/43103] INFO  ozoneimpl.OzoneContainer (OzoneContainer.java:buildContainerSet(300)) - Build ContainerSet costs 0s
2022-10-13 11:28:15,627 [Listener at 127.0.0.1/43103] INFO  server.RaftServer (ConfUtils.java:logGet(46)) - raft.rpc.type = GRPC (default)
2022-10-13 11:28:15,628 [Listener at 127.0.0.1/43103] INFO  grpc.GrpcFactory (GrpcFactory.java:checkPooledByteBufAllocatorUseCacheForAllThreads(48)) - PERFORMANCE WARNING: useCacheForAllThreads is true that may cause Netty to create a lot garbage objects and, as a result, trigger GC.
	It is recommended to disable useCacheForAllThreads by setting -Dorg.apache.ratis.thirdparty.io.netty.allocator.useCacheForAllThreads=false in command line.
2022-10-13 11:28:15,628 [Listener at 127.0.0.1/43103] INFO  grpc.GrpcConfigKeys (ConfUtils.java:logGet(46)) - raft.grpc.admin.port = 0 (custom)
2022-10-13 11:28:15,628 [Listener at 127.0.0.1/43103] INFO  grpc.GrpcConfigKeys (ConfUtils.java:logGet(46)) - raft.grpc.client.port = 0 (custom)
2022-10-13 11:28:15,628 [Listener at 127.0.0.1/43103] INFO  grpc.GrpcConfigKeys (ConfUtils.java:logGet(46)) - raft.grpc.server.port = 0 (default)
2022-10-13 11:28:15,628 [Listener at 127.0.0.1/43103] INFO  server.GrpcService (ConfUtils.java:logGet(46)) - raft.grpc.message.size.max = 32MB (=33554432) (custom)
2022-10-13 11:28:15,629 [Listener at 127.0.0.1/43103] INFO  server.RaftServerConfigKeys (ConfUtils.java:logGet(46)) - raft.server.log.appender.buffer.byte-limit = 33554432 (custom)
2022-10-13 11:28:15,629 [Listener at 127.0.0.1/43103] INFO  server.GrpcService (ConfUtils.java:logGet(46)) - raft.grpc.flow.control.window = 5MB (=5242880) (custom)
2022-10-13 11:28:15,629 [Listener at 127.0.0.1/43103] INFO  server.RaftServerConfigKeys (ConfUtils.java:logGet(46)) - raft.server.rpc.request.timeout = 60s (custom)
2022-10-13 11:28:15,629 [Listener at 127.0.0.1/43103] INFO  grpc.GrpcConfigKeys (ConfUtils.java:logGet(46)) - raft.grpc.server.async.request.thread.pool.cached = true (default)
2022-10-13 11:28:15,629 [Listener at 127.0.0.1/43103] INFO  grpc.GrpcConfigKeys (ConfUtils.java:logGet(46)) - raft.grpc.server.async.request.thread.pool.size = 32 (default)
2022-10-13 11:28:15,630 [Listener at 127.0.0.1/43103] INFO  impl.DataStreamServerImpl (ConfUtils.java:logGet(46)) - raft.datastream.type = DISABLED (default)
2022-10-13 11:28:15,631 [Listener at 127.0.0.1/43103] INFO  server.RaftServerConfigKeys (ConfUtils.java:logGet(46)) - raft.server.threadpool.proxy.cached = true (default)
2022-10-13 11:28:15,631 [Listener at 127.0.0.1/43103] INFO  server.RaftServerConfigKeys (ConfUtils.java:logGet(46)) - raft.server.threadpool.proxy.size = 0 (default)
2022-10-13 11:28:15,631 [Listener at 127.0.0.1/43103] INFO  server.RaftServerConfigKeys (ConfUtils.java:logGet(46)) - raft.server.rpc.slowness.timeout = 300s (custom)
2022-10-13 11:28:15,631 [Listener at 127.0.0.1/43103] INFO  server.RaftServerConfigKeys (ConfUtils.java:logGet(46)) - raft.server.leaderelection.leader.step-down.wait-time = 10s (default)
2022-10-13 11:28:15,632 [Listener at 127.0.0.1/43103] INFO  server.RaftServerConfigKeys (ConfUtils.java:logGet(46)) - raft.server.storage.dir = [/home/runner/work/ozone/ozone/hadoop-ozone/integration-test/target/test-dir/MiniOzoneClusterImpl-434ffb35-82cd-4fed-a90c-5d1117f9018e/datanode-1/data/ratis] (custom)
2022-10-13 11:28:15,635 [om1@group-C5BA1605619E-LeaderElection1] INFO  server.RaftServerConfigKeys (ConfUtils.java:logGet(46)) - raft.server.write.element-limit = 4096 (default)
2022-10-13 11:28:15,636 [om1@group-C5BA1605619E-LeaderElection1] INFO  server.RaftServerConfigKeys (ConfUtils.java:logGet(46)) - raft.server.write.byte-limit = 64MB (=67108864) (default)
2022-10-13 11:28:15,642 [Listener at 127.0.0.1/43103] INFO  server.XceiverServerGrpc (XceiverServerGrpc.java:<init>(132)) - GrpcServer channel type EpollServerSocketChannel
2022-10-13 11:28:15,646 [Datanode State Machine Task Thread - 0] INFO  datanode.InitDatanodeState (InitDatanodeState.java:persistContainerDatanodeDetails(138)) - DatanodeDetails is persisted to /home/runner/work/ozone/ozone/hadoop-ozone/integration-test/target/test-dir/MiniOzoneClusterImpl-434ffb35-82cd-4fed-a90c-5d1117f9018e/datanode-0/meta/datanode.id
2022-10-13 11:28:15,647 [Listener at 127.0.0.1/43103] INFO  http.BaseHttpServer (BaseHttpServer.java:newHttpServer2BuilderForOzone(213)) - Starting Web-server for hddsDatanode at: http://0.0.0.0:0
2022-10-13 11:28:15,647 [Listener at 127.0.0.1/43103] INFO  http.BaseHttpServer (BaseHttpServer.java:<init>(108)) - Hadoop Security Enabled: false Ozone Security Enabled: false Ozone HTTP Security Enabled: false 
2022-10-13 11:28:15,648 [Listener at 127.0.0.1/43103] WARN  server.AuthenticationFilter (AuthenticationFilter.java:constructSecretProvider(240)) - Unable to initialize FileSignerSecretProvider, falling back to use random secrets. Reason: Could not read signature secret file: /home/runner/hadoop-http-auth-signature-secret
2022-10-13 11:28:15,650 [om1@group-C5BA1605619E-LeaderElection1] INFO  server.RaftServerConfigKeys (ConfUtils.java:logGet(46)) - raft.server.watch.timeout = 10s (default)
2022-10-13 11:28:15,651 [om1@group-C5BA1605619E-LeaderElection1] INFO  server.RaftServerConfigKeys (ConfUtils.java:logGet(46)) - raft.server.watch.timeout.denomination = 1s (default)
2022-10-13 11:28:15,651 [om1@group-C5BA1605619E-LeaderElection1] INFO  server.RaftServerConfigKeys (ConfUtils.java:logGet(46)) - raft.server.watch.element-limit = 65536 (default)
2022-10-13 11:28:15,654 [Listener at 127.0.0.1/43103] WARN  http.HttpRequestLog (HttpRequestLog.java:getRequestLog(103)) - Jetty request log can only be enabled using Log4j
2022-10-13 11:28:15,656 [Listener at 127.0.0.1/43103] INFO  http.HttpServer2 (HttpServer2.java:addGlobalFilter(1031)) - Added global filter 'safety' (class=org.apache.hadoop.hdds.server.http.HttpServer2$QuotingInputFilter)
2022-10-13 11:28:15,657 [Listener at 127.0.0.1/43103] INFO  http.HttpServer2 (HttpServer2.java:addFilter(1007)) - Added filter static_user_filter (class=org.apache.hadoop.http.lib.StaticUserWebFilter$StaticUserFilter) to context hddsDatanode
2022-10-13 11:28:15,657 [Listener at 127.0.0.1/43103] INFO  http.HttpServer2 (HttpServer2.java:addFilter(1015)) - Added filter static_user_filter (class=org.apache.hadoop.http.lib.StaticUserWebFilter$StaticUserFilter) to context static
2022-10-13 11:28:15,657 [Listener at 127.0.0.1/43103] INFO  http.HttpServer2 (HttpServer2.java:addFilter(1015)) - Added filter static_user_filter (class=org.apache.hadoop.http.lib.StaticUserWebFilter$StaticUserFilter) to context logs
2022-10-13 11:28:15,657 [Listener at 127.0.0.1/43103] INFO  http.HttpServer2 (HttpServer2.java:bindListener(1250)) - Jetty bound to port 36799
2022-10-13 11:28:15,658 [Listener at 127.0.0.1/43103] INFO  server.Server (Server.java:doStart(375)) - jetty-9.4.43.v20210629; built: 2021-06-30T11:07:22.254Z; git: 526006ecfa3af7f1a27ef3a288e2bef7ea9dd7e8; jvm 1.8.0_345-b01
2022-10-13 11:28:15,662 [om1@group-C5BA1605619E-LeaderElection1] INFO  server.RaftServerConfigKeys (ConfUtils.java:logGet(46)) - raft.server.write.element-limit = 4096 (default)
2022-10-13 11:28:15,665 [om1@group-C5BA1605619E-LeaderElection1] INFO  server.RaftServerConfigKeys (ConfUtils.java:logGet(46)) - raft.server.write.follower.gap.ratio.max = -1.0 (default)
2022-10-13 11:28:15,669 [om1@group-C5BA1605619E-LeaderElection1] INFO  impl.RoleInfo (RoleInfo.java:updateAndGet(139)) - om1: start om1@group-C5BA1605619E-LeaderStateImpl
2022-10-13 11:28:15,675 [Listener at 127.0.0.1/43103] INFO  server.session (DefaultSessionIdManager.java:doStart(334)) - DefaultSessionIdManager workerName=node0
2022-10-13 11:28:15,676 [Listener at 127.0.0.1/43103] INFO  server.session (DefaultSessionIdManager.java:doStart(339)) - No SessionScavenger set, using defaults
2022-10-13 11:28:15,676 [Listener at 127.0.0.1/43103] INFO  server.session (HouseKeeper.java:startScavenging(132)) - node0 Scavenging every 660000ms
2022-10-13 11:28:15,677 [Listener at 127.0.0.1/43103] INFO  handler.ContextHandler (ContextHandler.java:doStart(915)) - Started o.e.j.s.ServletContextHandler@656e1682{logs,/logs,file:///home/runner/work/ozone/ozone/hadoop-ozone/integration-test/target/log,AVAILABLE}
2022-10-13 11:28:15,677 [Listener at 127.0.0.1/43103] INFO  handler.ContextHandler (ContextHandler.java:doStart(915)) - Started o.e.j.s.ServletContextHandler@16aef60e{static,/static,jar:file:/home/runner/.m2/repository/org/apache/ozone/hdds-container-service/1.3.0-SNAPSHOT/hdds-container-service-1.3.0-SNAPSHOT.jar!/webapps/static,AVAILABLE}
2022-10-13 11:28:15,698 [om1@group-C5BA1605619E-LeaderElection1] INFO  segmented.SegmentedRaftLogWorker (SegmentedRaftLogWorker.java:startLogSegment(425)) - om1@group-C5BA1605619E-SegmentedRaftLogWorker: Starting segment from index:0
2022-10-13 11:28:15,788 [om1@group-C5BA1605619E-LeaderElection1] INFO  server.RaftServer$Division (ServerState.java:setRaftConf(393)) - om1@group-C5BA1605619E: set configuration 0: [om1|rpc:localhost:9872|admin:|client:|dataStream:|priority:0], old=null
2022-10-13 11:28:15,840 [om1@group-C5BA1605619E-SegmentedRaftLogWorker] INFO  segmented.SegmentedRaftLogWorker (SegmentedRaftLogWorker.java:execute(629)) - om1@group-C5BA1605619E-SegmentedRaftLogWorker: created new log segment /home/runner/work/ozone/ozone/hadoop-ozone/integration-test/target/test-dir/MiniOzoneClusterImpl-434ffb35-82cd-4fed-a90c-5d1117f9018e/ozone-meta/ratis/bf265839-605b-3f16-9796-c5ba1605619e/current/log_inprogress_0
2022-10-13 11:28:15,899 [Listener at 127.0.0.1/43103] INFO  handler.ContextHandler (ContextHandler.java:doStart(915)) - Started o.e.j.w.WebAppContext@523ee4d6{hddsDatanode,/,file:///tmp/jetty-0_0_0_0-36799-hdds-container-service-1_3_0-SNAPSHOT_jar-_-any-4300021094859668493/webapp/,AVAILABLE}{jar:file:/home/runner/.m2/repository/org/apache/ozone/hdds-container-service/1.3.0-SNAPSHOT/hdds-container-service-1.3.0-SNAPSHOT.jar!/webapps/hddsDatanode}
2022-10-13 11:28:15,901 [Listener at 127.0.0.1/43103] INFO  server.AbstractConnector (AbstractConnector.java:doStart(331)) - Started ServerConnector@27f9b652{HTTP/1.1, (http/1.1)}{0.0.0.0:36799}
2022-10-13 11:28:15,901 [Listener at 127.0.0.1/43103] INFO  server.Server (Server.java:doStart(415)) - Started @9438ms
2022-10-13 11:28:15,901 [Listener at 127.0.0.1/43103] WARN  impl.MetricsSystemImpl (MetricsSystemImpl.java:register(279)) - Sink prometheus already exists!
2022-10-13 11:28:15,902 [Listener at 127.0.0.1/43103] INFO  http.BaseHttpServer (BaseHttpServer.java:updateConnectorAddress(333)) - HTTP server of hddsDatanode listening at http://0.0.0.0:36799
2022-10-13 11:28:15,902 [Listener at 127.0.0.1/43103] WARN  impl.MetricRegistriesImpl (MetricRegistriesImpl.java:addReporterRegistration(111)) - New reporters are added after registries were created. Some metrics will be missing from the reporter. Please add reporter before adding any new registry.
2022-10-13 11:28:15,903 [Listener at 127.0.0.1/43103] WARN  impl.MetricRegistriesImpl (MetricRegistriesImpl.java:addReporterRegistration(111)) - New reporters are added after registries were created. Some metrics will be missing from the reporter. Please add reporter before adding any new registry.
2022-10-13 11:28:15,903 [Listener at 127.0.0.1/43103] INFO  impl.MetricsSystemImpl (MetricsSystemImpl.java:init(158)) - HddsDatanode metrics system started (again)
2022-10-13 11:28:15,914 [Datanode State Machine Daemon Thread] INFO  statemachine.DatanodeStateMachine (DatanodeStateMachine.java:lambda$startDaemon$0(492)) - Ozone container server started.
2022-10-13 11:28:15,934 [org.apache.hadoop.util.JvmPauseMonitor$Monitor@36fcdaaa] INFO  util.JvmPauseMonitor (JvmPauseMonitor.java:run(188)) - Starting JVM pause monitor
2022-10-13 11:28:15,935 [Listener at 127.0.0.1/43103] INFO  ozone.HddsDatanodeService (HddsDatanodeService.java:start(236)) - HddsDatanodeService host:fv-az447-90.tnmeiuxxsqeu3byeydcnbj0j5d.dx.internal.cloudapp.net ip:10.1.0.139
2022-10-13 11:28:15,952 [Datanode State Machine Task Thread - 0] INFO  datanode.InitDatanodeState (InitDatanodeState.java:persistContainerDatanodeDetails(138)) - DatanodeDetails is persisted to /home/runner/work/ozone/ozone/hadoop-ozone/integration-test/target/test-dir/MiniOzoneClusterImpl-434ffb35-82cd-4fed-a90c-5d1117f9018e/datanode-1/meta/datanode.id
2022-10-13 11:28:15,980 [Listener at 127.0.0.1/43103] INFO  upgrade.AbstractLayoutVersionManager (AbstractLayoutVersionManager.java:init(83)) - Initializing Layout version manager with metadata layout = DATANODE_SCHEMA_V3 (version = 4), software layout = DATANODE_SCHEMA_V3 (version = 4)
2022-10-13 11:28:15,987 [om1@group-C5BA1605619E-StateMachineUpdater] INFO  ratis.OzoneManagerStateMachine (OzoneManagerStateMachine.java:notifyConfigurationChanged(192)) - Received Configuration change notification from Ratis. New Peer list:
[id: "om1"
address: "localhost:9872"
]
2022-10-13 11:28:16,030 [Listener at 127.0.0.1/43103] INFO  reflections.Reflections (Reflections.java:scan(232)) - Reflections took 48 ms to scan 7 urls, producing 137 keys and 328 values 
2022-10-13 11:28:16,032 [Listener at 127.0.0.1/43103] INFO  statemachine.DatanodeStateMachine (DatanodeStateMachine.java:getEndPointTaskThreadPoolSize(237)) - Datanode State Machine Task Thread Pool size 2
2022-10-13 11:28:16,034 [Listener at 127.0.0.1/43103] INFO  volume.HddsVolume (HddsVolume.java:<init>(117)) - Creating HddsVolume: /home/runner/work/ozone/ozone/hadoop-ozone/integration-test/target/test-dir/MiniOzoneClusterImpl-434ffb35-82cd-4fed-a90c-5d1117f9018e/datanode-2/data-0/containers/hdds of storage type : DISK capacity : 9223372036854775807
2022-10-13 11:28:16,035 [Listener at 127.0.0.1/43103] INFO  volume.MutableVolumeSet (MutableVolumeSet.java:initializeVolumeSet(174)) - Added Volume : /home/runner/work/ozone/ozone/hadoop-ozone/integration-test/target/test-dir/MiniOzoneClusterImpl-434ffb35-82cd-4fed-a90c-5d1117f9018e/datanode-2/data-0/containers/hdds to VolumeSet
2022-10-13 11:28:16,035 [Listener at 127.0.0.1/43103] INFO  volume.ThrottledAsyncChecker (ThrottledAsyncChecker.java:schedule(141)) - Scheduling a check for /home/runner/work/ozone/ozone/hadoop-ozone/integration-test/target/test-dir/MiniOzoneClusterImpl-434ffb35-82cd-4fed-a90c-5d1117f9018e/datanode-2/data-0/containers/hdds
2022-10-13 11:28:16,036 [Listener at 127.0.0.1/43103] INFO  volume.StorageVolumeChecker (StorageVolumeChecker.java:checkAllVolumes(202)) - Scheduled health check for volume /home/runner/work/ozone/ozone/hadoop-ozone/integration-test/target/test-dir/MiniOzoneClusterImpl-434ffb35-82cd-4fed-a90c-5d1117f9018e/datanode-2/data-0/containers/hdds
2022-10-13 11:28:16,048 [Listener at 127.0.0.1/43103] INFO  volume.MutableVolumeSet (MutableVolumeSet.java:initializeVolumeSet(174)) - Added Volume : /home/runner/work/ozone/ozone/hadoop-ozone/integration-test/target/test-dir/MiniOzoneClusterImpl-434ffb35-82cd-4fed-a90c-5d1117f9018e/datanode-2/data/ratis to VolumeSet
2022-10-13 11:28:16,048 [Listener at 127.0.0.1/43103] INFO  volume.ThrottledAsyncChecker (ThrottledAsyncChecker.java:schedule(141)) - Scheduling a check for /home/runner/work/ozone/ozone/hadoop-ozone/integration-test/target/test-dir/MiniOzoneClusterImpl-434ffb35-82cd-4fed-a90c-5d1117f9018e/datanode-2/data/ratis
2022-10-13 11:28:16,048 [Listener at 127.0.0.1/43103] INFO  volume.StorageVolumeChecker (StorageVolumeChecker.java:checkAllVolumes(202)) - Scheduled health check for volume /home/runner/work/ozone/ozone/hadoop-ozone/integration-test/target/test-dir/MiniOzoneClusterImpl-434ffb35-82cd-4fed-a90c-5d1117f9018e/datanode-2/data/ratis
2022-10-13 11:28:16,060 [Thread-164] INFO  ozoneimpl.ContainerReader (ContainerReader.java:readVolume(175)) - Finish verifying containers on volume /home/runner/work/ozone/ozone/hadoop-ozone/integration-test/target/test-dir/MiniOzoneClusterImpl-434ffb35-82cd-4fed-a90c-5d1117f9018e/datanode-2/data-0/containers/hdds
2022-10-13 11:28:16,060 [Listener at 127.0.0.1/43103] INFO  ozoneimpl.OzoneContainer (OzoneContainer.java:buildContainerSet(300)) - Build ContainerSet costs 0s
2022-10-13 11:28:16,064 [Listener at 127.0.0.1/43103] INFO  server.RaftServer (ConfUtils.java:logGet(46)) - raft.rpc.type = GRPC (default)
2022-10-13 11:28:16,064 [Listener at 127.0.0.1/43103] INFO  grpc.GrpcFactory (GrpcFactory.java:checkPooledByteBufAllocatorUseCacheForAllThreads(48)) - PERFORMANCE WARNING: useCacheForAllThreads is true that may cause Netty to create a lot garbage objects and, as a result, trigger GC.
	It is recommended to disable useCacheForAllThreads by setting -Dorg.apache.ratis.thirdparty.io.netty.allocator.useCacheForAllThreads=false in command line.
2022-10-13 11:28:16,064 [Listener at 127.0.0.1/43103] INFO  grpc.GrpcConfigKeys (ConfUtils.java:logGet(46)) - raft.grpc.admin.port = 0 (custom)
2022-10-13 11:28:16,064 [Listener at 127.0.0.1/43103] INFO  grpc.GrpcConfigKeys (ConfUtils.java:logGet(46)) - raft.grpc.client.port = 0 (custom)
2022-10-13 11:28:16,064 [Listener at 127.0.0.1/43103] INFO  grpc.GrpcConfigKeys (ConfUtils.java:logGet(46)) - raft.grpc.server.port = 0 (default)
2022-10-13 11:28:16,065 [Listener at 127.0.0.1/43103] INFO  server.GrpcService (ConfUtils.java:logGet(46)) - raft.grpc.message.size.max = 32MB (=33554432) (custom)
2022-10-13 11:28:16,065 [Listener at 127.0.0.1/43103] INFO  server.RaftServerConfigKeys (ConfUtils.java:logGet(46)) - raft.server.log.appender.buffer.byte-limit = 33554432 (custom)
2022-10-13 11:28:16,065 [Listener at 127.0.0.1/43103] INFO  server.GrpcService (ConfUtils.java:logGet(46)) - raft.grpc.flow.control.window = 5MB (=5242880) (custom)
2022-10-13 11:28:16,065 [Listener at 127.0.0.1/43103] INFO  server.RaftServerConfigKeys (ConfUtils.java:logGet(46)) - raft.server.rpc.request.timeout = 60s (custom)
2022-10-13 11:28:16,065 [Listener at 127.0.0.1/43103] INFO  grpc.GrpcConfigKeys (ConfUtils.java:logGet(46)) - raft.grpc.server.async.request.thread.pool.cached = true (default)
2022-10-13 11:28:16,066 [Listener at 127.0.0.1/43103] INFO  grpc.GrpcConfigKeys (ConfUtils.java:logGet(46)) - raft.grpc.server.async.request.thread.pool.size = 32 (default)
2022-10-13 11:28:16,067 [Listener at 127.0.0.1/43103] INFO  impl.DataStreamServerImpl (ConfUtils.java:logGet(46)) - raft.datastream.type = DISABLED (default)
2022-10-13 11:28:16,067 [Listener at 127.0.0.1/43103] INFO  server.RaftServerConfigKeys (ConfUtils.java:logGet(46)) - raft.server.threadpool.proxy.cached = true (default)
2022-10-13 11:28:16,067 [Listener at 127.0.0.1/43103] INFO  server.RaftServerConfigKeys (ConfUtils.java:logGet(46)) - raft.server.threadpool.proxy.size = 0 (default)
2022-10-13 11:28:16,068 [Listener at 127.0.0.1/43103] INFO  server.RaftServerConfigKeys (ConfUtils.java:logGet(46)) - raft.server.rpc.slowness.timeout = 300s (custom)
2022-10-13 11:28:16,068 [Listener at 127.0.0.1/43103] INFO  server.RaftServerConfigKeys (ConfUtils.java:logGet(46)) - raft.server.leaderelection.leader.step-down.wait-time = 10s (default)
2022-10-13 11:28:16,068 [Listener at 127.0.0.1/43103] INFO  server.RaftServerConfigKeys (ConfUtils.java:logGet(46)) - raft.server.storage.dir = [/home/runner/work/ozone/ozone/hadoop-ozone/integration-test/target/test-dir/MiniOzoneClusterImpl-434ffb35-82cd-4fed-a90c-5d1117f9018e/datanode-2/data/ratis] (custom)
2022-10-13 11:28:16,091 [Listener at 127.0.0.1/43103] INFO  server.XceiverServerGrpc (XceiverServerGrpc.java:<init>(132)) - GrpcServer channel type EpollServerSocketChannel
2022-10-13 11:28:16,102 [Listener at 127.0.0.1/43103] INFO  http.BaseHttpServer (BaseHttpServer.java:newHttpServer2BuilderForOzone(213)) - Starting Web-server for hddsDatanode at: http://0.0.0.0:0
2022-10-13 11:28:16,102 [Listener at 127.0.0.1/43103] INFO  http.BaseHttpServer (BaseHttpServer.java:<init>(108)) - Hadoop Security Enabled: false Ozone Security Enabled: false Ozone HTTP Security Enabled: false 
2022-10-13 11:28:16,104 [Listener at 127.0.0.1/43103] WARN  server.AuthenticationFilter (AuthenticationFilter.java:constructSecretProvider(240)) - Unable to initialize FileSignerSecretProvider, falling back to use random secrets. Reason: Could not read signature secret file: /home/runner/hadoop-http-auth-signature-secret
2022-10-13 11:28:16,105 [Listener at 127.0.0.1/43103] WARN  http.HttpRequestLog (HttpRequestLog.java:getRequestLog(103)) - Jetty request log can only be enabled using Log4j
2022-10-13 11:28:16,106 [Listener at 127.0.0.1/43103] INFO  http.HttpServer2 (HttpServer2.java:addGlobalFilter(1031)) - Added global filter 'safety' (class=org.apache.hadoop.hdds.server.http.HttpServer2$QuotingInputFilter)
2022-10-13 11:28:16,107 [Listener at 127.0.0.1/43103] INFO  http.HttpServer2 (HttpServer2.java:addFilter(1007)) - Added filter static_user_filter (class=org.apache.hadoop.http.lib.StaticUserWebFilter$StaticUserFilter) to context hddsDatanode
2022-10-13 11:28:16,107 [Listener at 127.0.0.1/43103] INFO  http.HttpServer2 (HttpServer2.java:addFilter(1015)) - Added filter static_user_filter (class=org.apache.hadoop.http.lib.StaticUserWebFilter$StaticUserFilter) to context static
2022-10-13 11:28:16,107 [Listener at 127.0.0.1/43103] INFO  http.HttpServer2 (HttpServer2.java:addFilter(1015)) - Added filter static_user_filter (class=org.apache.hadoop.http.lib.StaticUserWebFilter$StaticUserFilter) to context logs
2022-10-13 11:28:16,108 [Listener at 127.0.0.1/43103] INFO  http.HttpServer2 (HttpServer2.java:bindListener(1250)) - Jetty bound to port 38271
2022-10-13 11:28:16,108 [Listener at 127.0.0.1/43103] INFO  server.Server (Server.java:doStart(375)) - jetty-9.4.43.v20210629; built: 2021-06-30T11:07:22.254Z; git: 526006ecfa3af7f1a27ef3a288e2bef7ea9dd7e8; jvm 1.8.0_345-b01
2022-10-13 11:28:16,132 [Listener at 127.0.0.1/43103] INFO  server.session (DefaultSessionIdManager.java:doStart(334)) - DefaultSessionIdManager workerName=node0
2022-10-13 11:28:16,132 [Listener at 127.0.0.1/43103] INFO  server.session (DefaultSessionIdManager.java:doStart(339)) - No SessionScavenger set, using defaults
2022-10-13 11:28:16,133 [Listener at 127.0.0.1/43103] INFO  server.session (HouseKeeper.java:startScavenging(132)) - node0 Scavenging every 660000ms
2022-10-13 11:28:16,134 [Listener at 127.0.0.1/43103] INFO  handler.ContextHandler (ContextHandler.java:doStart(915)) - Started o.e.j.s.ServletContextHandler@32f80582{logs,/logs,file:///home/runner/work/ozone/ozone/hadoop-ozone/integration-test/target/log,AVAILABLE}
2022-10-13 11:28:16,134 [Listener at 127.0.0.1/43103] INFO  handler.ContextHandler (ContextHandler.java:doStart(915)) - Started o.e.j.s.ServletContextHandler@7b2196d4{static,/static,jar:file:/home/runner/.m2/repository/org/apache/ozone/hdds-container-service/1.3.0-SNAPSHOT/hdds-container-service-1.3.0-SNAPSHOT.jar!/webapps/static,AVAILABLE}
2022-10-13 11:28:16,356 [Listener at 127.0.0.1/43103] INFO  handler.ContextHandler (ContextHandler.java:doStart(915)) - Started o.e.j.w.WebAppContext@4ece21c9{hddsDatanode,/,file:///tmp/jetty-0_0_0_0-38271-hdds-container-service-1_3_0-SNAPSHOT_jar-_-any-2115444256742346389/webapp/,AVAILABLE}{jar:file:/home/runner/.m2/repository/org/apache/ozone/hdds-container-service/1.3.0-SNAPSHOT/hdds-container-service-1.3.0-SNAPSHOT.jar!/webapps/hddsDatanode}
2022-10-13 11:28:16,358 [Listener at 127.0.0.1/43103] INFO  server.AbstractConnector (AbstractConnector.java:doStart(331)) - Started ServerConnector@2306d66c{HTTP/1.1, (http/1.1)}{0.0.0.0:38271}
2022-10-13 11:28:16,358 [Listener at 127.0.0.1/43103] INFO  server.Server (Server.java:doStart(415)) - Started @9895ms
2022-10-13 11:28:16,358 [Listener at 127.0.0.1/43103] WARN  impl.MetricsSystemImpl (MetricsSystemImpl.java:register(279)) - Sink prometheus already exists!
2022-10-13 11:28:16,359 [Listener at 127.0.0.1/43103] INFO  http.BaseHttpServer (BaseHttpServer.java:updateConnectorAddress(333)) - HTTP server of hddsDatanode listening at http://0.0.0.0:38271
2022-10-13 11:28:16,359 [Datanode State Machine Daemon Thread] INFO  statemachine.DatanodeStateMachine (DatanodeStateMachine.java:lambda$startDaemon$0(492)) - Ozone container server started.
2022-10-13 11:28:16,362 [Listener at 127.0.0.1/43103] INFO  ozone.MiniOzoneClusterImpl (MiniOzoneClusterImpl.java:lambda$waitForClusterToBeReady$0(216)) - Waiting for nodes to be ready. Got 0 of 3 DN Heartbeats.
2022-10-13 11:28:16,362 [Listener at 127.0.0.1/43103] INFO  ozone.MiniOzoneClusterImpl (MiniOzoneClusterImpl.java:lambda$waitForClusterToBeReady$0(219)) - Waiting for cluster to exit safe mode
2022-10-13 11:28:16,369 [Listener at 127.0.0.1/43103] INFO  ozone.MiniOzoneClusterImpl (MiniOzoneClusterImpl.java:lambda$waitForClusterToBeReady$0(221)) - SCM became leader
2022-10-13 11:28:16,374 [org.apache.hadoop.util.JvmPauseMonitor$Monitor@2f790c2a] INFO  util.JvmPauseMonitor (JvmPauseMonitor.java:run(188)) - Starting JVM pause monitor
2022-10-13 11:28:16,377 [Datanode State Machine Task Thread - 0] INFO  datanode.InitDatanodeState (InitDatanodeState.java:persistContainerDatanodeDetails(138)) - DatanodeDetails is persisted to /home/runner/work/ozone/ozone/hadoop-ozone/integration-test/target/test-dir/MiniOzoneClusterImpl-434ffb35-82cd-4fed-a90c-5d1117f9018e/datanode-2/meta/datanode.id
2022-10-13 11:28:17,369 [Listener at 127.0.0.1/43103] INFO  ozone.MiniOzoneClusterImpl (MiniOzoneClusterImpl.java:lambda$waitForClusterToBeReady$0(216)) - Waiting for nodes to be ready. Got 0 of 3 DN Heartbeats.
2022-10-13 11:28:17,370 [Listener at 127.0.0.1/43103] INFO  ozone.MiniOzoneClusterImpl (MiniOzoneClusterImpl.java:lambda$waitForClusterToBeReady$0(219)) - Waiting for cluster to exit safe mode
2022-10-13 11:28:17,370 [Listener at 127.0.0.1/43103] INFO  ozone.MiniOzoneClusterImpl (MiniOzoneClusterImpl.java:lambda$waitForClusterToBeReady$0(221)) - SCM became leader
2022-10-13 11:28:17,548 [EndpointStateMachine task thread for /0.0.0.0:34457 - 0 ] INFO  volume.HddsVolume (HddsVolume.java:createDbStore(307)) - SchemaV3 db is created and loaded at /home/runner/work/ozone/ozone/hadoop-ozone/integration-test/target/test-dir/MiniOzoneClusterImpl-434ffb35-82cd-4fed-a90c-5d1117f9018e/datanode-0/data-0/containers/hdds/434ffb35-82cd-4fed-a90c-5d1117f9018e/DS-9987bf06-4a3a-4955-a8ed-b55561d535b0/container.db for volume DS-9987bf06-4a3a-4955-a8ed-b55561d535b0
2022-10-13 11:28:17,552 [EndpointStateMachine task thread for /0.0.0.0:34457 - 0 ] INFO  volume.HddsVolume (HddsVolume.java:closeDbStore(338)) - SchemaV3 db is stopped at /home/runner/work/ozone/ozone/hadoop-ozone/integration-test/target/test-dir/MiniOzoneClusterImpl-434ffb35-82cd-4fed-a90c-5d1117f9018e/datanode-0/data-0/containers/hdds/434ffb35-82cd-4fed-a90c-5d1117f9018e/DS-9987bf06-4a3a-4955-a8ed-b55561d535b0/container.db for volume DS-9987bf06-4a3a-4955-a8ed-b55561d535b0
2022-10-13 11:28:17,552 [EndpointStateMachine task thread for /0.0.0.0:34457 - 0 ] INFO  ozoneimpl.OzoneContainer (OzoneContainer.java:start(378)) - Attempting to start container services.
2022-10-13 11:28:17,554 [EndpointStateMachine task thread for /0.0.0.0:34457 - 0 ] INFO  ozoneimpl.OzoneContainer (OzoneContainer.java:startContainerScrub(313)) - Background container scanner has been disabled.
2022-10-13 11:28:17,556 [EndpointStateMachine task thread for /0.0.0.0:34457 - 0 ] INFO  replication.ReplicationServer (ReplicationServer.java:start(111)) - ReplicationServer is started using port 37217
2022-10-13 11:28:17,559 [EndpointStateMachine task thread for /0.0.0.0:34457 - 0 ] INFO  ratis.XceiverServerRatis (XceiverServerRatis.java:start(481)) - Starting XceiverServerRatis 065c35c4-589e-4734-a2ae-f81921a7b502
2022-10-13 11:28:17,565 [EndpointStateMachine task thread for /0.0.0.0:34457 - 0 ] INFO  server.RaftServer (RaftServerProxy.java:lambda$start$6(382)) - 065c35c4-589e-4734-a2ae-f81921a7b502: start RPC server
2022-10-13 11:28:17,571 [EndpointStateMachine task thread for /0.0.0.0:34457 - 0 ] INFO  server.GrpcService (GrpcService.java:startImpl(260)) - 065c35c4-589e-4734-a2ae-f81921a7b502: GrpcService started, listening on 40325
2022-10-13 11:28:17,572 [EndpointStateMachine task thread for /0.0.0.0:34457 - 0 ] INFO  ratis.XceiverServerRatis (XceiverServerRatis.java:getRealPort(502)) - XceiverServerRatis 065c35c4-589e-4734-a2ae-f81921a7b502 is started using port 40325 for RATIS
2022-10-13 11:28:17,572 [EndpointStateMachine task thread for /0.0.0.0:34457 - 0 ] INFO  ratis.XceiverServerRatis (XceiverServerRatis.java:getRealPort(502)) - XceiverServerRatis 065c35c4-589e-4734-a2ae-f81921a7b502 is started using port 40325 for RATIS_ADMIN
2022-10-13 11:28:17,572 [EndpointStateMachine task thread for /0.0.0.0:34457 - 0 ] INFO  ratis.XceiverServerRatis (XceiverServerRatis.java:getRealPort(502)) - XceiverServerRatis 065c35c4-589e-4734-a2ae-f81921a7b502 is started using port 40325 for RATIS_SERVER
2022-10-13 11:28:17,572 [org.apache.ratis.util.JvmPauseMonitor$$Lambda$690/1264163010@57374d95] INFO  util.JvmPauseMonitor (JvmPauseMonitor.java:run(103)) - JvmPauseMonitor-065c35c4-589e-4734-a2ae-f81921a7b502: Started
2022-10-13 11:28:17,592 [EndpointStateMachine task thread for /0.0.0.0:34457 - 0 ] INFO  server.XceiverServerGrpc (XceiverServerGrpc.java:start(180)) - XceiverServerGrpc 065c35c4-589e-4734-a2ae-f81921a7b502 is started using port 38933
2022-10-13 11:28:17,974 [EndpointStateMachine task thread for /0.0.0.0:34457 - 0 ] INFO  volume.HddsVolume (HddsVolume.java:createDbStore(307)) - SchemaV3 db is created and loaded at /home/runner/work/ozone/ozone/hadoop-ozone/integration-test/target/test-dir/MiniOzoneClusterImpl-434ffb35-82cd-4fed-a90c-5d1117f9018e/datanode-1/data-0/containers/hdds/434ffb35-82cd-4fed-a90c-5d1117f9018e/DS-6e9abb9a-1a98-40e0-86f8-e26250f36c58/container.db for volume DS-6e9abb9a-1a98-40e0-86f8-e26250f36c58
2022-10-13 11:28:17,978 [EndpointStateMachine task thread for /0.0.0.0:34457 - 0 ] INFO  volume.HddsVolume (HddsVolume.java:closeDbStore(338)) - SchemaV3 db is stopped at /home/runner/work/ozone/ozone/hadoop-ozone/integration-test/target/test-dir/MiniOzoneClusterImpl-434ffb35-82cd-4fed-a90c-5d1117f9018e/datanode-1/data-0/containers/hdds/434ffb35-82cd-4fed-a90c-5d1117f9018e/DS-6e9abb9a-1a98-40e0-86f8-e26250f36c58/container.db for volume DS-6e9abb9a-1a98-40e0-86f8-e26250f36c58
2022-10-13 11:28:17,978 [EndpointStateMachine task thread for /0.0.0.0:34457 - 0 ] INFO  ozoneimpl.OzoneContainer (OzoneContainer.java:start(378)) - Attempting to start container services.
2022-10-13 11:28:17,978 [EndpointStateMachine task thread for /0.0.0.0:34457 - 0 ] INFO  ozoneimpl.OzoneContainer (OzoneContainer.java:startContainerScrub(313)) - Background container scanner has been disabled.
2022-10-13 11:28:17,979 [EndpointStateMachine task thread for /0.0.0.0:34457 - 0 ] INFO  replication.ReplicationServer (ReplicationServer.java:start(111)) - ReplicationServer is started using port 33693
2022-10-13 11:28:17,980 [EndpointStateMachine task thread for /0.0.0.0:34457 - 0 ] INFO  ratis.XceiverServerRatis (XceiverServerRatis.java:start(481)) - Starting XceiverServerRatis 4b00ac97-4cb7-4a9d-94c1-352d586145ce
2022-10-13 11:28:17,982 [EndpointStateMachine task thread for /0.0.0.0:34457 - 0 ] INFO  server.RaftServer (RaftServerProxy.java:lambda$start$6(382)) - 4b00ac97-4cb7-4a9d-94c1-352d586145ce: start RPC server
2022-10-13 11:28:17,984 [EndpointStateMachine task thread for /0.0.0.0:34457 - 0 ] INFO  server.GrpcService (GrpcService.java:startImpl(260)) - 4b00ac97-4cb7-4a9d-94c1-352d586145ce: GrpcService started, listening on 40743
2022-10-13 11:28:17,984 [EndpointStateMachine task thread for /0.0.0.0:34457 - 0 ] INFO  ratis.XceiverServerRatis (XceiverServerRatis.java:getRealPort(502)) - XceiverServerRatis 4b00ac97-4cb7-4a9d-94c1-352d586145ce is started using port 40743 for RATIS
2022-10-13 11:28:17,984 [org.apache.ratis.util.JvmPauseMonitor$$Lambda$690/1264163010@2c1cfedc] INFO  util.JvmPauseMonitor (JvmPauseMonitor.java:run(103)) - JvmPauseMonitor-4b00ac97-4cb7-4a9d-94c1-352d586145ce: Started
2022-10-13 11:28:17,984 [EndpointStateMachine task thread for /0.0.0.0:34457 - 0 ] INFO  ratis.XceiverServerRatis (XceiverServerRatis.java:getRealPort(502)) - XceiverServerRatis 4b00ac97-4cb7-4a9d-94c1-352d586145ce is started using port 40743 for RATIS_ADMIN
2022-10-13 11:28:17,984 [EndpointStateMachine task thread for /0.0.0.0:34457 - 0 ] INFO  ratis.XceiverServerRatis (XceiverServerRatis.java:getRealPort(502)) - XceiverServerRatis 4b00ac97-4cb7-4a9d-94c1-352d586145ce is started using port 40743 for RATIS_SERVER
2022-10-13 11:28:17,986 [EndpointStateMachine task thread for /0.0.0.0:34457 - 0 ] INFO  server.XceiverServerGrpc (XceiverServerGrpc.java:start(180)) - XceiverServerGrpc 4b00ac97-4cb7-4a9d-94c1-352d586145ce is started using port 36477
2022-10-13 11:28:18,370 [Listener at 127.0.0.1/43103] INFO  ozone.MiniOzoneClusterImpl (MiniOzoneClusterImpl.java:lambda$waitForClusterToBeReady$0(216)) - Waiting for nodes to be ready. Got 0 of 3 DN Heartbeats.
2022-10-13 11:28:18,370 [Listener at 127.0.0.1/43103] INFO  ozone.MiniOzoneClusterImpl (MiniOzoneClusterImpl.java:lambda$waitForClusterToBeReady$0(219)) - Waiting for cluster to exit safe mode
2022-10-13 11:28:18,371 [Listener at 127.0.0.1/43103] INFO  ozone.MiniOzoneClusterImpl (MiniOzoneClusterImpl.java:lambda$waitForClusterToBeReady$0(221)) - SCM became leader
2022-10-13 11:28:18,418 [EndpointStateMachine task thread for /0.0.0.0:34457 - 0 ] INFO  volume.HddsVolume (HddsVolume.java:createDbStore(307)) - SchemaV3 db is created and loaded at /home/runner/work/ozone/ozone/hadoop-ozone/integration-test/target/test-dir/MiniOzoneClusterImpl-434ffb35-82cd-4fed-a90c-5d1117f9018e/datanode-2/data-0/containers/hdds/434ffb35-82cd-4fed-a90c-5d1117f9018e/DS-81187057-a2f5-4caa-97a9-7cf183f7c7bb/container.db for volume DS-81187057-a2f5-4caa-97a9-7cf183f7c7bb
2022-10-13 11:28:18,421 [EndpointStateMachine task thread for /0.0.0.0:34457 - 0 ] INFO  volume.HddsVolume (HddsVolume.java:closeDbStore(338)) - SchemaV3 db is stopped at /home/runner/work/ozone/ozone/hadoop-ozone/integration-test/target/test-dir/MiniOzoneClusterImpl-434ffb35-82cd-4fed-a90c-5d1117f9018e/datanode-2/data-0/containers/hdds/434ffb35-82cd-4fed-a90c-5d1117f9018e/DS-81187057-a2f5-4caa-97a9-7cf183f7c7bb/container.db for volume DS-81187057-a2f5-4caa-97a9-7cf183f7c7bb
2022-10-13 11:28:18,421 [EndpointStateMachine task thread for /0.0.0.0:34457 - 0 ] INFO  ozoneimpl.OzoneContainer (OzoneContainer.java:start(378)) - Attempting to start container services.
2022-10-13 11:28:18,423 [EndpointStateMachine task thread for /0.0.0.0:34457 - 0 ] INFO  ozoneimpl.OzoneContainer (OzoneContainer.java:startContainerScrub(313)) - Background container scanner has been disabled.
2022-10-13 11:28:18,425 [EndpointStateMachine task thread for /0.0.0.0:34457 - 0 ] INFO  replication.ReplicationServer (ReplicationServer.java:start(111)) - ReplicationServer is started using port 44565
2022-10-13 11:28:18,425 [EndpointStateMachine task thread for /0.0.0.0:34457 - 0 ] INFO  ratis.XceiverServerRatis (XceiverServerRatis.java:start(481)) - Starting XceiverServerRatis c5bb7b7c-f843-4853-908b-bcc4fc6b3433
2022-10-13 11:28:18,427 [EndpointStateMachine task thread for /0.0.0.0:34457 - 0 ] INFO  server.RaftServer (RaftServerProxy.java:lambda$start$6(382)) - c5bb7b7c-f843-4853-908b-bcc4fc6b3433: start RPC server
2022-10-13 11:28:18,429 [EndpointStateMachine task thread for /0.0.0.0:34457 - 0 ] INFO  server.GrpcService (GrpcService.java:startImpl(260)) - c5bb7b7c-f843-4853-908b-bcc4fc6b3433: GrpcService started, listening on 42649
2022-10-13 11:28:18,430 [org.apache.ratis.util.JvmPauseMonitor$$Lambda$690/1264163010@504fecf2] INFO  util.JvmPauseMonitor (JvmPauseMonitor.java:run(103)) - JvmPauseMonitor-c5bb7b7c-f843-4853-908b-bcc4fc6b3433: Started
2022-10-13 11:28:18,431 [EndpointStateMachine task thread for /0.0.0.0:34457 - 0 ] INFO  ratis.XceiverServerRatis (XceiverServerRatis.java:getRealPort(502)) - XceiverServerRatis c5bb7b7c-f843-4853-908b-bcc4fc6b3433 is started using port 42649 for RATIS
2022-10-13 11:28:18,431 [EndpointStateMachine task thread for /0.0.0.0:34457 - 0 ] INFO  ratis.XceiverServerRatis (XceiverServerRatis.java:getRealPort(502)) - XceiverServerRatis c5bb7b7c-f843-4853-908b-bcc4fc6b3433 is started using port 42649 for RATIS_ADMIN
2022-10-13 11:28:18,431 [EndpointStateMachine task thread for /0.0.0.0:34457 - 0 ] INFO  ratis.XceiverServerRatis (XceiverServerRatis.java:getRealPort(502)) - XceiverServerRatis c5bb7b7c-f843-4853-908b-bcc4fc6b3433 is started using port 42649 for RATIS_SERVER
2022-10-13 11:28:18,434 [EndpointStateMachine task thread for /0.0.0.0:34457 - 0 ] INFO  server.XceiverServerGrpc (XceiverServerGrpc.java:start(180)) - XceiverServerGrpc c5bb7b7c-f843-4853-908b-bcc4fc6b3433 is started using port 43921
2022-10-13 11:28:19,371 [Listener at 127.0.0.1/43103] INFO  ozone.MiniOzoneClusterImpl (MiniOzoneClusterImpl.java:lambda$waitForClusterToBeReady$0(216)) - Waiting for nodes to be ready. Got 0 of 3 DN Heartbeats.
2022-10-13 11:28:19,371 [Listener at 127.0.0.1/43103] INFO  ozone.MiniOzoneClusterImpl (MiniOzoneClusterImpl.java:lambda$waitForClusterToBeReady$0(219)) - Waiting for cluster to exit safe mode
2022-10-13 11:28:19,371 [Listener at 127.0.0.1/43103] INFO  ozone.MiniOzoneClusterImpl (MiniOzoneClusterImpl.java:lambda$waitForClusterToBeReady$0(221)) - SCM became leader
2022-10-13 11:28:19,456 [IPC Server handler 1 on default port 34457] INFO  net.NetworkTopologyImpl (NetworkTopologyImpl.java:add(112)) - Added a new node: /default-rack/065c35c4-589e-4734-a2ae-f81921a7b502
2022-10-13 11:28:19,459 [IPC Server handler 1 on default port 34457] INFO  node.SCMNodeManager (SCMNodeManager.java:register(397)) - Registered Data node : 065c35c4-589e-4734-a2ae-f81921a7b502{ip: 10.1.0.139, host: fv-az447-90.tnmeiuxxsqeu3byeydcnbj0j5d.dx.internal.cloudapp.net, ports: [REPLICATION=37217, RATIS=40325, RATIS_ADMIN=40325, RATIS_SERVER=40325, STANDALONE=38933], networkLocation: /default-rack, certSerialId: null, persistedOpState: null, persistedOpStateExpiryEpochSec: 0}
2022-10-13 11:28:19,464 [EventQueue-NewNodeForNewNodeHandler] INFO  pipeline.BackgroundPipelineCreator (BackgroundPipelineCreator.java:notifyEventTriggered(276)) - trigger a one-shot run on RatisPipelineUtilsThread.
2022-10-13 11:28:19,465 [EventQueue-NodeRegistrationContainerReportForContainerSafeModeRule] INFO  safemode.SCMSafeModeManager (SCMSafeModeManager.java:validateSafeModeExitRules(204)) - ContainerSafeModeRule rule is successfully validated
2022-10-13 11:28:19,471 [RatisPipelineUtilsThread - 0] INFO  pipeline.RatisPipelineProvider (RatisPipelineProvider.java:lambda$create$0(195)) - Sending CreatePipelineCommand for pipeline:PipelineID=b1c21373-a78e-473d-8ffc-2340520e46ed to datanode:065c35c4-589e-4734-a2ae-f81921a7b502
2022-10-13 11:28:19,472 [EventQueue-NodeRegistrationContainerReportForDataNodeSafeModeRule] INFO  safemode.SCMSafeModeManager (DataNodeSafeModeRule.java:process(71)) - SCM in safe mode. 1 DataNodes registered, 3 required.
2022-10-13 11:28:19,477 [EventQueue-PipelineReportForOneReplicaPipelineSafeModeRule] INFO  safemode.SCMSafeModeManager (SCMSafeModeManager.java:validateSafeModeExitRules(204)) - AtleastOneDatanodeReportedRule rule is successfully validated
2022-10-13 11:28:19,490 [RatisPipelineUtilsThread - 0] INFO  pipeline.PipelineStateManagerImpl (PipelineStateManagerImpl.java:addPipeline(103)) - Created pipeline Pipeline[ Id: b1c21373-a78e-473d-8ffc-2340520e46ed, Nodes: 065c35c4-589e-4734-a2ae-f81921a7b502{ip: 10.1.0.139, host: fv-az447-90.tnmeiuxxsqeu3byeydcnbj0j5d.dx.internal.cloudapp.net, ports: [REPLICATION=37217, RATIS=40325, RATIS_ADMIN=40325, RATIS_SERVER=40325, STANDALONE=38933], networkLocation: /default-rack, certSerialId: null, persistedOpState: IN_SERVICE, persistedOpStateExpiryEpochSec: 0}, ReplicationConfig: RATIS/ONE, State:ALLOCATED, leaderId:, CreationTimestamp2022-10-13T11:28:19.470Z[Etc/UTC]].
2022-10-13 11:28:19,937 [IPC Server handler 2 on default port 34457] INFO  net.NetworkTopologyImpl (NetworkTopologyImpl.java:add(112)) - Added a new node: /default-rack/4b00ac97-4cb7-4a9d-94c1-352d586145ce
2022-10-13 11:28:19,938 [IPC Server handler 2 on default port 34457] INFO  node.SCMNodeManager (SCMNodeManager.java:register(397)) - Registered Data node : 4b00ac97-4cb7-4a9d-94c1-352d586145ce{ip: 10.1.0.139, host: fv-az447-90.tnmeiuxxsqeu3byeydcnbj0j5d.dx.internal.cloudapp.net, ports: [REPLICATION=33693, RATIS=40743, RATIS_ADMIN=40743, RATIS_SERVER=40743, STANDALONE=36477], networkLocation: /default-rack, certSerialId: null, persistedOpState: null, persistedOpStateExpiryEpochSec: 0}
2022-10-13 11:28:19,938 [EventQueue-NewNodeForNewNodeHandler] INFO  pipeline.BackgroundPipelineCreator (BackgroundPipelineCreator.java:notifyEventTriggered(276)) - trigger a one-shot run on RatisPipelineUtilsThread.
2022-10-13 11:28:19,938 [EventQueue-NodeRegistrationContainerReportForDataNodeSafeModeRule] INFO  safemode.SCMSafeModeManager (DataNodeSafeModeRule.java:process(71)) - SCM in safe mode. 2 DataNodes registered, 3 required.
2022-10-13 11:28:19,940 [RatisPipelineUtilsThread - 0] INFO  pipeline.RatisPipelineProvider (RatisPipelineProvider.java:lambda$create$0(195)) - Sending CreatePipelineCommand for pipeline:PipelineID=bd4fd272-7cbd-4dc4-ac61-3b340d403425 to datanode:4b00ac97-4cb7-4a9d-94c1-352d586145ce
2022-10-13 11:28:19,941 [RatisPipelineUtilsThread - 0] INFO  pipeline.PipelineStateManagerImpl (PipelineStateManagerImpl.java:addPipeline(103)) - Created pipeline Pipeline[ Id: bd4fd272-7cbd-4dc4-ac61-3b340d403425, Nodes: 4b00ac97-4cb7-4a9d-94c1-352d586145ce{ip: 10.1.0.139, host: fv-az447-90.tnmeiuxxsqeu3byeydcnbj0j5d.dx.internal.cloudapp.net, ports: [REPLICATION=33693, RATIS=40743, RATIS_ADMIN=40743, RATIS_SERVER=40743, STANDALONE=36477], networkLocation: /default-rack, certSerialId: null, persistedOpState: IN_SERVICE, persistedOpStateExpiryEpochSec: 0}, ReplicationConfig: RATIS/ONE, State:ALLOCATED, leaderId:, CreationTimestamp2022-10-13T11:28:19.940Z[Etc/UTC]].
2022-10-13 11:28:20,372 [Listener at 127.0.0.1/43103] INFO  ozone.MiniOzoneClusterImpl (MiniOzoneClusterImpl.java:lambda$waitForClusterToBeReady$0(216)) - Waiting for nodes to be ready. Got 2 of 3 DN Heartbeats.
2022-10-13 11:28:20,372 [Listener at 127.0.0.1/43103] INFO  ozone.MiniOzoneClusterImpl (MiniOzoneClusterImpl.java:lambda$waitForClusterToBeReady$0(219)) - Waiting for cluster to exit safe mode
2022-10-13 11:28:20,372 [Listener at 127.0.0.1/43103] INFO  ozone.MiniOzoneClusterImpl (MiniOzoneClusterImpl.java:lambda$waitForClusterToBeReady$0(221)) - SCM became leader
2022-10-13 11:28:20,376 [IPC Server handler 0 on default port 34457] INFO  net.NetworkTopologyImpl (NetworkTopologyImpl.java:add(112)) - Added a new node: /default-rack/c5bb7b7c-f843-4853-908b-bcc4fc6b3433
2022-10-13 11:28:20,377 [IPC Server handler 0 on default port 34457] INFO  node.SCMNodeManager (SCMNodeManager.java:register(397)) - Registered Data node : c5bb7b7c-f843-4853-908b-bcc4fc6b3433{ip: 10.1.0.139, host: fv-az447-90.tnmeiuxxsqeu3byeydcnbj0j5d.dx.internal.cloudapp.net, ports: [REPLICATION=44565, RATIS=42649, RATIS_ADMIN=42649, RATIS_SERVER=42649, STANDALONE=43921], networkLocation: /default-rack, certSerialId: null, persistedOpState: null, persistedOpStateExpiryEpochSec: 0}
2022-10-13 11:28:20,377 [EventQueue-NewNodeForNewNodeHandler] INFO  pipeline.BackgroundPipelineCreator (BackgroundPipelineCreator.java:notifyEventTriggered(276)) - trigger a one-shot run on RatisPipelineUtilsThread.
2022-10-13 11:28:20,378 [EventQueue-NodeRegistrationContainerReportForDataNodeSafeModeRule] INFO  safemode.SCMSafeModeManager (DataNodeSafeModeRule.java:process(71)) - SCM in safe mode. 3 DataNodes registered, 3 required.
2022-10-13 11:28:20,378 [EventQueue-NodeRegistrationContainerReportForDataNodeSafeModeRule] INFO  safemode.SCMSafeModeManager (SCMSafeModeManager.java:validateSafeModeExitRules(204)) - DataNodeSafeModeRule rule is successfully validated
2022-10-13 11:28:20,378 [EventQueue-NodeRegistrationContainerReportForDataNodeSafeModeRule] INFO  safemode.SCMSafeModeManager (SCMSafeModeManager.java:completePreCheck(233)) - All SCM safe mode pre check rules have passed
2022-10-13 11:28:20,378 [EventQueue-NodeRegistrationContainerReportForDataNodeSafeModeRule] WARN  events.EventQueue (EventQueue.java:fireEvent(216)) - No event handler registered for event TypedEvent{payloadType=SafeModeStatus, name='Safe mode status'}
2022-10-13 11:28:20,378 [EventQueue-NodeRegistrationContainerReportForDataNodeSafeModeRule] INFO  ha.SCMContext (SCMContext.java:updateSafeModeStatus(228)) - Update SafeModeStatus from SafeModeStatus{safeModeStatus=true, preCheckPassed=false} to SafeModeStatus{safeModeStatus=true, preCheckPassed=true}.
2022-10-13 11:28:20,378 [EventQueue-NodeRegistrationContainerReportForDataNodeSafeModeRule] INFO  pipeline.BackgroundPipelineCreator (BackgroundPipelineCreator.java:notifyEventTriggered(276)) - trigger a one-shot run on RatisPipelineUtilsThread.
2022-10-13 11:28:20,378 [RatisPipelineUtilsThread - 0] INFO  pipeline.RatisPipelineProvider (RatisPipelineProvider.java:lambda$create$0(195)) - Sending CreatePipelineCommand for pipeline:PipelineID=0d19f167-0522-4115-b603-ea5b73e5baba to datanode:c5bb7b7c-f843-4853-908b-bcc4fc6b3433
2022-10-13 11:28:20,379 [RatisPipelineUtilsThread - 0] INFO  pipeline.PipelineStateManagerImpl (PipelineStateManagerImpl.java:addPipeline(103)) - Created pipeline Pipeline[ Id: 0d19f167-0522-4115-b603-ea5b73e5baba, Nodes: c5bb7b7c-f843-4853-908b-bcc4fc6b3433{ip: 10.1.0.139, host: fv-az447-90.tnmeiuxxsqeu3byeydcnbj0j5d.dx.internal.cloudapp.net, ports: [REPLICATION=44565, RATIS=42649, RATIS_ADMIN=42649, RATIS_SERVER=42649, STANDALONE=43921], networkLocation: /default-rack, certSerialId: null, persistedOpState: IN_SERVICE, persistedOpStateExpiryEpochSec: 0}, ReplicationConfig: RATIS/ONE, State:ALLOCATED, leaderId:, CreationTimestamp2022-10-13T11:28:20.378Z[Etc/UTC]].
2022-10-13 11:28:20,383 [RatisPipelineUtilsThread - 0] INFO  pipeline.RatisPipelineProvider (RatisPipelineProvider.java:lambda$create$0(195)) - Sending CreatePipelineCommand for pipeline:PipelineID=f5ec7ea1-7fe1-4b30-b451-6f38db920cd6 to datanode:c5bb7b7c-f843-4853-908b-bcc4fc6b3433
2022-10-13 11:28:20,384 [RatisPipelineUtilsThread - 0] INFO  pipeline.RatisPipelineProvider (RatisPipelineProvider.java:lambda$create$0(195)) - Sending CreatePipelineCommand for pipeline:PipelineID=f5ec7ea1-7fe1-4b30-b451-6f38db920cd6 to datanode:065c35c4-589e-4734-a2ae-f81921a7b502
2022-10-13 11:28:20,384 [RatisPipelineUtilsThread - 0] INFO  pipeline.RatisPipelineProvider (RatisPipelineProvider.java:lambda$create$0(195)) - Sending CreatePipelineCommand for pipeline:PipelineID=f5ec7ea1-7fe1-4b30-b451-6f38db920cd6 to datanode:4b00ac97-4cb7-4a9d-94c1-352d586145ce
2022-10-13 11:28:20,385 [RatisPipelineUtilsThread - 0] INFO  pipeline.PipelineStateManagerImpl (PipelineStateManagerImpl.java:addPipeline(103)) - Created pipeline Pipeline[ Id: f5ec7ea1-7fe1-4b30-b451-6f38db920cd6, Nodes: c5bb7b7c-f843-4853-908b-bcc4fc6b3433{ip: 10.1.0.139, host: fv-az447-90.tnmeiuxxsqeu3byeydcnbj0j5d.dx.internal.cloudapp.net, ports: [REPLICATION=44565, RATIS=42649, RATIS_ADMIN=42649, RATIS_SERVER=42649, STANDALONE=43921], networkLocation: /default-rack, certSerialId: null, persistedOpState: IN_SERVICE, persistedOpStateExpiryEpochSec: 0}065c35c4-589e-4734-a2ae-f81921a7b502{ip: 10.1.0.139, host: fv-az447-90.tnmeiuxxsqeu3byeydcnbj0j5d.dx.internal.cloudapp.net, ports: [REPLICATION=37217, RATIS=40325, RATIS_ADMIN=40325, RATIS_SERVER=40325, STANDALONE=38933], networkLocation: /default-rack, certSerialId: null, persistedOpState: IN_SERVICE, persistedOpStateExpiryEpochSec: 0}4b00ac97-4cb7-4a9d-94c1-352d586145ce{ip: 10.1.0.139, host: fv-az447-90.tnmeiuxxsqeu3byeydcnbj0j5d.dx.internal.cloudapp.net, ports: [REPLICATION=33693, RATIS=40743, RATIS_ADMIN=40743, RATIS_SERVER=40743, STANDALONE=36477], networkLocation: /default-rack, certSerialId: null, persistedOpState: IN_SERVICE, persistedOpStateExpiryEpochSec: 0}, ReplicationConfig: RATIS/THREE, State:ALLOCATED, leaderId:, CreationTimestamp2022-10-13T11:28:20.383Z[Etc/UTC]].
2022-10-13 11:28:20,386 [RatisPipelineUtilsThread - 0] INFO  pipeline.RatisPipelineProvider (RatisPipelineProvider.java:lambda$create$0(195)) - Sending CreatePipelineCommand for pipeline:PipelineID=b55aeffe-bebf-44a1-8824-b276ea639670 to datanode:065c35c4-589e-4734-a2ae-f81921a7b502
2022-10-13 11:28:20,386 [RatisPipelineUtilsThread - 0] INFO  pipeline.RatisPipelineProvider (RatisPipelineProvider.java:lambda$create$0(195)) - Sending CreatePipelineCommand for pipeline:PipelineID=b55aeffe-bebf-44a1-8824-b276ea639670 to datanode:c5bb7b7c-f843-4853-908b-bcc4fc6b3433
2022-10-13 11:28:20,386 [RatisPipelineUtilsThread - 0] INFO  pipeline.RatisPipelineProvider (RatisPipelineProvider.java:lambda$create$0(195)) - Sending CreatePipelineCommand for pipeline:PipelineID=b55aeffe-bebf-44a1-8824-b276ea639670 to datanode:4b00ac97-4cb7-4a9d-94c1-352d586145ce
2022-10-13 11:28:20,387 [RatisPipelineUtilsThread - 0] INFO  pipeline.PipelineStateManagerImpl (PipelineStateManagerImpl.java:addPipeline(103)) - Created pipeline Pipeline[ Id: b55aeffe-bebf-44a1-8824-b276ea639670, Nodes: 065c35c4-589e-4734-a2ae-f81921a7b502{ip: 10.1.0.139, host: fv-az447-90.tnmeiuxxsqeu3byeydcnbj0j5d.dx.internal.cloudapp.net, ports: [REPLICATION=37217, RATIS=40325, RATIS_ADMIN=40325, RATIS_SERVER=40325, STANDALONE=38933], networkLocation: /default-rack, certSerialId: null, persistedOpState: IN_SERVICE, persistedOpStateExpiryEpochSec: 0}c5bb7b7c-f843-4853-908b-bcc4fc6b3433{ip: 10.1.0.139, host: fv-az447-90.tnmeiuxxsqeu3byeydcnbj0j5d.dx.internal.cloudapp.net, ports: [REPLICATION=44565, RATIS=42649, RATIS_ADMIN=42649, RATIS_SERVER=42649, STANDALONE=43921], networkLocation: /default-rack, certSerialId: null, persistedOpState: IN_SERVICE, persistedOpStateExpiryEpochSec: 0}4b00ac97-4cb7-4a9d-94c1-352d586145ce{ip: 10.1.0.139, host: fv-az447-90.tnmeiuxxsqeu3byeydcnbj0j5d.dx.internal.cloudapp.net, ports: [REPLICATION=33693, RATIS=40743, RATIS_ADMIN=40743, RATIS_SERVER=40743, STANDALONE=36477], networkLocation: /default-rack, certSerialId: null, persistedOpState: IN_SERVICE, persistedOpStateExpiryEpochSec: 0}, ReplicationConfig: RATIS/THREE, State:ALLOCATED, leaderId:, CreationTimestamp2022-10-13T11:28:20.386Z[Etc/UTC]].
2022-10-13 11:28:20,387 [RatisPipelineUtilsThread - 0] INFO  pipeline.PipelineManagerImpl (PipelineManagerImpl.java:recordMetricsForPipeline(796)) - Pipeline: PipelineID=b55aeffe-bebf-44a1-8824-b276ea639670 contains same datanodes as previous pipelines: PipelineID=f5ec7ea1-7fe1-4b30-b451-6f38db920cd6 nodeIds: 065c35c4-589e-4734-a2ae-f81921a7b502, c5bb7b7c-f843-4853-908b-bcc4fc6b3433, 4b00ac97-4cb7-4a9d-94c1-352d586145ce
2022-10-13 11:28:21,372 [Listener at 127.0.0.1/43103] INFO  ozone.MiniOzoneClusterImpl (MiniOzoneClusterImpl.java:lambda$waitForClusterToBeReady$0(216)) - Nodes are ready. Got 3 of 3 DN Heartbeats.
2022-10-13 11:28:21,373 [Listener at 127.0.0.1/43103] INFO  ozone.MiniOzoneClusterImpl (MiniOzoneClusterImpl.java:lambda$waitForClusterToBeReady$0(219)) - Waiting for cluster to exit safe mode
2022-10-13 11:28:21,374 [Listener at 127.0.0.1/43103] INFO  ozone.MiniOzoneClusterImpl (MiniOzoneClusterImpl.java:lambda$waitForClusterToBeReady$0(221)) - SCM became leader
2022-10-13 11:28:22,374 [Listener at 127.0.0.1/43103] INFO  ozone.MiniOzoneClusterImpl (MiniOzoneClusterImpl.java:lambda$waitForClusterToBeReady$0(216)) - Nodes are ready. Got 3 of 3 DN Heartbeats.
2022-10-13 11:28:22,374 [Listener at 127.0.0.1/43103] INFO  ozone.MiniOzoneClusterImpl (MiniOzoneClusterImpl.java:lambda$waitForClusterToBeReady$0(219)) - Waiting for cluster to exit safe mode
2022-10-13 11:28:22,374 [Listener at 127.0.0.1/43103] INFO  ozone.MiniOzoneClusterImpl (MiniOzoneClusterImpl.java:lambda$waitForClusterToBeReady$0(221)) - SCM became leader
2022-10-13 11:28:22,456 [Command processor thread] INFO  server.RaftServer (RaftServerProxy.java:addNew(96)) - 065c35c4-589e-4734-a2ae-f81921a7b502: addNew group-2340520E46ED:[065c35c4-589e-4734-a2ae-f81921a7b502|rpc:10.1.0.139:40325|priority:1] returns group-2340520E46ED:java.util.concurrent.CompletableFuture@3705b32a[Not completed]
2022-10-13 11:28:22,465 [pool-72-thread-1] INFO  server.RaftServer$Division (RaftServerImpl.java:<init>(190)) - 065c35c4-589e-4734-a2ae-f81921a7b502: new RaftServerImpl for group-2340520E46ED:[065c35c4-589e-4734-a2ae-f81921a7b502|rpc:10.1.0.139:40325|priority:1] with ContainerStateMachine:uninitialized
2022-10-13 11:28:22,465 [pool-72-thread-1] INFO  server.RaftServerConfigKeys (ConfUtils.java:logGet(46)) - raft.server.rpc.timeout.min = 5s (custom)
2022-10-13 11:28:22,465 [pool-72-thread-1] INFO  server.RaftServerConfigKeys (ConfUtils.java:logGet(46)) - raft.server.rpc.timeout.max = 5200ms (custom)
2022-10-13 11:28:22,466 [pool-72-thread-1] INFO  server.RaftServerConfigKeys (ConfUtils.java:logGet(46)) - raft.server.rpc.sleep.time = 25ms (default)
2022-10-13 11:28:22,466 [pool-72-thread-1] INFO  server.RaftServerConfigKeys (ConfUtils.java:logGet(46)) - raft.server.rpc.slowness.timeout = 300s (custom)
2022-10-13 11:28:22,466 [pool-72-thread-1] INFO  server.RaftServerConfigKeys (ConfUtils.java:logGet(46)) - raft.server.leaderelection.leader.step-down.wait-time = 10s (default)
2022-10-13 11:28:22,466 [pool-72-thread-1] INFO  server.RaftServerConfigKeys (ConfUtils.java:logGet(46)) - raft.server.sleep.deviation.threshold = 300ms (default)
2022-10-13 11:28:22,466 [pool-72-thread-1] INFO  server.RaftServer$Division (ServerState.java:<init>(107)) - 065c35c4-589e-4734-a2ae-f81921a7b502@group-2340520E46ED: ConfigurationManager, init=-1: [065c35c4-589e-4734-a2ae-f81921a7b502|rpc:10.1.0.139:40325|priority:1], old=null, confs=<EMPTY_MAP>
2022-10-13 11:28:22,466 [pool-72-thread-1] INFO  server.RaftServerConfigKeys (ConfUtils.java:logGet(46)) - raft.server.storage.dir = [/home/runner/work/ozone/ozone/hadoop-ozone/integration-test/target/test-dir/MiniOzoneClusterImpl-434ffb35-82cd-4fed-a90c-5d1117f9018e/datanode-0/data/ratis] (custom)
2022-10-13 11:28:22,466 [pool-72-thread-1] INFO  server.RaftServerConfigKeys (ConfUtils.java:logGet(46)) - raft.server.log.corruption.policy = EXCEPTION (default)
2022-10-13 11:28:22,466 [pool-72-thread-1] INFO  server.RaftServerConfigKeys (ConfUtils.java:logGet(46)) - raft.server.storage.free-space.min = 0MB (=0) (default)
2022-10-13 11:28:22,467 [pool-72-thread-1] INFO  storage.RaftStorageDirectory (RaftStorageDirectoryImpl.java:analyzeStorage(135)) - The storage directory /home/runner/work/ozone/ozone/hadoop-ozone/integration-test/target/test-dir/MiniOzoneClusterImpl-434ffb35-82cd-4fed-a90c-5d1117f9018e/datanode-0/data/ratis/b1c21373-a78e-473d-8ffc-2340520e46ed does not exist. Creating ...
2022-10-13 11:28:22,536 [pool-72-thread-1] INFO  storage.RaftStorageDirectory (RaftStorageDirectoryImpl.java:tryLock(230)) - Lock on /home/runner/work/ozone/ozone/hadoop-ozone/integration-test/target/test-dir/MiniOzoneClusterImpl-434ffb35-82cd-4fed-a90c-5d1117f9018e/datanode-0/data/ratis/b1c21373-a78e-473d-8ffc-2340520e46ed/in_use.lock acquired by nodename 2264@fv-az447-90
2022-10-13 11:28:22,629 [pool-72-thread-1] INFO  storage.RaftStorage (RaftStorageImpl.java:format(89)) - Storage directory /home/runner/work/ozone/ozone/hadoop-ozone/integration-test/target/test-dir/MiniOzoneClusterImpl-434ffb35-82cd-4fed-a90c-5d1117f9018e/datanode-0/data/ratis/b1c21373-a78e-473d-8ffc-2340520e46ed has been successfully formatted.
2022-10-13 11:28:22,634 [pool-72-thread-1] INFO  ratis.ContainerStateMachine (ContainerStateMachine.java:loadSnapshot(236)) - group-2340520E46ED: The snapshot info is null. Setting the last applied indexto:(t:0, i:~)
2022-10-13 11:28:22,634 [pool-72-thread-1] INFO  server.RaftServerConfigKeys (ConfUtils.java:logGet(46)) - raft.server.notification.no-leader.timeout = 300s (custom)
2022-10-13 11:28:22,634 [pool-72-thread-1] INFO  server.RaftServerConfigKeys (ConfUtils.java:logGet(46)) - raft.server.log.use.memory = false (default)
2022-10-13 11:28:22,635 [pool-72-thread-1] INFO  server.RaftServerConfigKeys (ConfUtils.java:logGet(46)) - raft.server.log.purge.gap = 1000000 (custom)
2022-10-13 11:28:22,635 [pool-72-thread-1] INFO  server.RaftServerConfigKeys (ConfUtils.java:logGet(46)) - raft.server.log.appender.buffer.byte-limit = 33554432 (custom)
2022-10-13 11:28:22,635 [pool-72-thread-1] INFO  server.RaftServerConfigKeys (ConfUtils.java:logGet(46)) - raft.server.log.statemachine.data.read.timeout = 1000ms (default)
2022-10-13 11:28:22,635 [pool-72-thread-1] INFO  server.RaftServerConfigKeys (ConfUtils.java:logGet(46)) - raft.server.log.segment.size.max = 1048576 (custom)
2022-10-13 11:28:22,636 [pool-72-thread-1] INFO  server.RaftServerConfigKeys (ConfUtils.java:logGet(46)) - raft.server.log.segment.cache.num.max = 2 (custom)
2022-10-13 11:28:22,636 [pool-72-thread-1] INFO  server.RaftServerConfigKeys (ConfUtils.java:logGet(46)) - raft.server.log.segment.cache.size.max = 200MB (=209715200) (default)
2022-10-13 11:28:22,636 [pool-72-thread-1] INFO  segmented.SegmentedRaftLogWorker (SegmentedRaftLogWorker.java:<init>(187)) - new 065c35c4-589e-4734-a2ae-f81921a7b502@group-2340520E46ED-SegmentedRaftLogWorker for RaftStorageImpl:Storage Directory /home/runner/work/ozone/ozone/hadoop-ozone/integration-test/target/test-dir/MiniOzoneClusterImpl-434ffb35-82cd-4fed-a90c-5d1117f9018e/datanode-0/data/ratis/b1c21373-a78e-473d-8ffc-2340520e46ed
2022-10-13 11:28:22,636 [pool-72-thread-1] INFO  server.RaftServerConfigKeys (ConfUtils.java:logGet(46)) - raft.server.log.queue.byte-limit = 4294967296 (custom)
2022-10-13 11:28:22,636 [pool-72-thread-1] INFO  server.RaftServerConfigKeys (ConfUtils.java:logGet(46)) - raft.server.log.queue.element-limit = 1024 (custom)
2022-10-13 11:28:22,636 [pool-72-thread-1] INFO  server.RaftServerConfigKeys (ConfUtils.java:logGet(46)) - raft.server.log.segment.size.max = 1048576 (custom)
2022-10-13 11:28:22,637 [pool-72-thread-1] INFO  server.RaftServerConfigKeys (ConfUtils.java:logGet(46)) - raft.server.log.preallocated.size = 16384 (custom)
2022-10-13 11:28:22,637 [pool-72-thread-1] INFO  server.RaftServerConfigKeys (ConfUtils.java:logGet(46)) - raft.server.log.force.sync.num = 128 (default)
2022-10-13 11:28:22,637 [pool-72-thread-1] INFO  server.RaftServerConfigKeys (ConfUtils.java:logGet(46)) - raft.server.log.statemachine.data.sync = true (default)
2022-10-13 11:28:22,637 [pool-72-thread-1] INFO  server.RaftServerConfigKeys (ConfUtils.java:logGet(46)) - raft.server.log.statemachine.data.sync.timeout = 10s (default)
2022-10-13 11:28:22,637 [pool-72-thread-1] INFO  server.RaftServerConfigKeys (ConfUtils.java:logGet(46)) - raft.server.log.statemachine.data.sync.timeout.retry = -1 (default)
2022-10-13 11:28:22,639 [pool-72-thread-1] INFO  server.RaftServerConfigKeys (ConfUtils.java:logGet(46)) - raft.server.log.write.buffer.size = 1048576 (custom)
2022-10-13 11:28:22,639 [pool-72-thread-1] INFO  server.RaftServerConfigKeys (ConfUtils.java:logGet(46)) - raft.server.log.unsafe-flush.enabled = false (default)
2022-10-13 11:28:22,639 [pool-72-thread-1] INFO  server.RaftServerConfigKeys (ConfUtils.java:logGet(46)) - raft.server.log.statemachine.data.caching.enabled = true (custom)
2022-10-13 11:28:22,640 [pool-72-thread-1] INFO  segmented.SegmentedRaftLogWorker (SegmentedRaftLogWorker.java:lambda$new$0(135)) - 065c35c4-589e-4734-a2ae-f81921a7b502@group-2340520E46ED-SegmentedRaftLogWorker: flushIndex: setUnconditionally 0 -> -1
2022-10-13 11:28:22,640 [pool-72-thread-1] INFO  segmented.SegmentedRaftLogWorker (SegmentedRaftLogWorker.java:lambda$new$0(135)) - 065c35c4-589e-4734-a2ae-f81921a7b502@group-2340520E46ED-SegmentedRaftLogWorker: safeCacheEvictIndex: setUnconditionally 0 -> -1
2022-10-13 11:28:22,640 [pool-72-thread-1] INFO  server.RaftServerConfigKeys (ConfUtils.java:logGet(46)) - raft.server.snapshot.auto.trigger.enabled = true (custom)
2022-10-13 11:28:22,640 [pool-72-thread-1] INFO  server.RaftServerConfigKeys (ConfUtils.java:logGet(46)) - raft.server.snapshot.auto.trigger.threshold = 10000 (custom)
2022-10-13 11:28:22,640 [pool-72-thread-1] INFO  server.RaftServerConfigKeys (ConfUtils.java:logGet(46)) - raft.server.snapshot.retention.file.num = 5 (custom)
2022-10-13 11:28:22,640 [pool-72-thread-1] INFO  server.RaftServerConfigKeys (ConfUtils.java:logGet(46)) - raft.server.log.purge.upto.snapshot.index = false (default)
2022-10-13 11:28:22,640 [pool-72-thread-1] INFO  server.RaftServerConfigKeys (ConfUtils.java:logGet(46)) - raft.server.retrycache.expirytime = 600000ms (custom)
2022-10-13 11:28:22,640 [pool-72-thread-1] INFO  server.RaftServerConfigKeys (ConfUtils.java:logGet(46)) - raft.server.retrycache.statistics.expirytime = 100μs (default)
2022-10-13 11:28:22,642 [pool-72-thread-1] INFO  server.RaftServerConfigKeys (ConfUtils.java:logGet(46)) - raft.server.log.appender.install.snapshot.enabled = false (custom)
2022-10-13 11:28:22,643 [pool-72-thread-1] INFO  server.RaftServerConfigKeys (ConfUtils.java:logGet(46)) - raft.server.threadpool.server.cached = true (default)
2022-10-13 11:28:22,643 [pool-72-thread-1] INFO  server.RaftServerConfigKeys (ConfUtils.java:logGet(46)) - raft.server.threadpool.server.size = 0 (default)
2022-10-13 11:28:22,643 [pool-72-thread-1] INFO  server.RaftServerConfigKeys (ConfUtils.java:logGet(46)) - raft.server.threadpool.client.cached = true (default)
2022-10-13 11:28:22,643 [pool-72-thread-1] INFO  server.RaftServerConfigKeys (ConfUtils.java:logGet(46)) - raft.server.threadpool.client.size = 0 (default)
2022-10-13 11:28:22,649 [pool-72-thread-1] INFO  server.RaftServer$Division (RaftServerImpl.java:start(310)) - 065c35c4-589e-4734-a2ae-f81921a7b502@group-2340520E46ED: start as a follower, conf=-1: [065c35c4-589e-4734-a2ae-f81921a7b502|rpc:10.1.0.139:40325|priority:1], old=null
2022-10-13 11:28:22,649 [pool-72-thread-1] INFO  server.RaftServer$Division (RaftServerImpl.java:setRole(299)) - 065c35c4-589e-4734-a2ae-f81921a7b502@group-2340520E46ED: changes role from      null to FOLLOWER at term 0 for startAsFollower
2022-10-13 11:28:22,649 [pool-72-thread-1] INFO  impl.RoleInfo (RoleInfo.java:updateAndGet(139)) - 065c35c4-589e-4734-a2ae-f81921a7b502: start 065c35c4-589e-4734-a2ae-f81921a7b502@group-2340520E46ED-FollowerState
2022-10-13 11:28:22,653 [pool-72-thread-1] INFO  util.JmxRegister (JmxRegister.java:tryRegister(44)) - Successfully registered JMX Bean with object name Ratis:service=RaftServer,group=group-2340520E46ED,id=065c35c4-589e-4734-a2ae-f81921a7b502
2022-10-13 11:28:22,676 [Command processor thread] INFO  ratis.XceiverServerRatis (XceiverServerRatis.java:addGroup(765)) - Created group PipelineID=b1c21373-a78e-473d-8ffc-2340520e46ed
2022-10-13 11:28:22,677 [Command processor thread] INFO  commandhandler.CreatePipelineCommandHandler (CreatePipelineCommandHandler.java:handle(113)) - Created Pipeline RATIS ONE PipelineID=b1c21373-a78e-473d-8ffc-2340520e46ed.
2022-10-13 11:28:22,677 [Command processor thread] INFO  server.RaftServer (RaftServerProxy.java:addNew(96)) - 065c35c4-589e-4734-a2ae-f81921a7b502: addNew group-6F38DB920CD6:[4b00ac97-4cb7-4a9d-94c1-352d586145ce|rpc:10.1.0.139:40743|priority:0, 065c35c4-589e-4734-a2ae-f81921a7b502|rpc:10.1.0.139:40325|priority:0, c5bb7b7c-f843-4853-908b-bcc4fc6b3433|rpc:10.1.0.139:42649|priority:1] returns group-6F38DB920CD6:java.util.concurrent.CompletableFuture@502b6c02[Not completed]
2022-10-13 11:28:22,680 [pool-72-thread-1] INFO  server.RaftServer$Division (RaftServerImpl.java:<init>(190)) - 065c35c4-589e-4734-a2ae-f81921a7b502: new RaftServerImpl for group-6F38DB920CD6:[4b00ac97-4cb7-4a9d-94c1-352d586145ce|rpc:10.1.0.139:40743|priority:0, 065c35c4-589e-4734-a2ae-f81921a7b502|rpc:10.1.0.139:40325|priority:0, c5bb7b7c-f843-4853-908b-bcc4fc6b3433|rpc:10.1.0.139:42649|priority:1] with ContainerStateMachine:uninitialized
2022-10-13 11:28:22,680 [pool-72-thread-1] INFO  server.RaftServerConfigKeys (ConfUtils.java:logGet(46)) - raft.server.rpc.timeout.min = 5s (custom)
2022-10-13 11:28:22,680 [pool-72-thread-1] INFO  server.RaftServerConfigKeys (ConfUtils.java:logGet(46)) - raft.server.rpc.timeout.max = 5200ms (custom)
2022-10-13 11:28:22,680 [pool-72-thread-1] INFO  server.RaftServerConfigKeys (ConfUtils.java:logGet(46)) - raft.server.rpc.sleep.time = 25ms (default)
2022-10-13 11:28:22,680 [pool-72-thread-1] INFO  server.RaftServerConfigKeys (ConfUtils.java:logGet(46)) - raft.server.rpc.slowness.timeout = 300s (custom)
2022-10-13 11:28:22,681 [pool-72-thread-1] INFO  server.RaftServerConfigKeys (ConfUtils.java:logGet(46)) - raft.server.leaderelection.leader.step-down.wait-time = 10s (default)
2022-10-13 11:28:22,681 [pool-72-thread-1] INFO  server.RaftServerConfigKeys (ConfUtils.java:logGet(46)) - raft.server.sleep.deviation.threshold = 300ms (default)
2022-10-13 11:28:22,681 [pool-72-thread-1] INFO  server.RaftServer$Division (ServerState.java:<init>(107)) - 065c35c4-589e-4734-a2ae-f81921a7b502@group-6F38DB920CD6: ConfigurationManager, init=-1: [4b00ac97-4cb7-4a9d-94c1-352d586145ce|rpc:10.1.0.139:40743|priority:0, 065c35c4-589e-4734-a2ae-f81921a7b502|rpc:10.1.0.139:40325|priority:0, c5bb7b7c-f843-4853-908b-bcc4fc6b3433|rpc:10.1.0.139:42649|priority:1], old=null, confs=<EMPTY_MAP>
2022-10-13 11:28:22,681 [pool-72-thread-1] INFO  server.RaftServerConfigKeys (ConfUtils.java:logGet(46)) - raft.server.storage.dir = [/home/runner/work/ozone/ozone/hadoop-ozone/integration-test/target/test-dir/MiniOzoneClusterImpl-434ffb35-82cd-4fed-a90c-5d1117f9018e/datanode-0/data/ratis] (custom)
2022-10-13 11:28:22,681 [pool-72-thread-1] INFO  server.RaftServerConfigKeys (ConfUtils.java:logGet(46)) - raft.server.log.corruption.policy = EXCEPTION (default)
2022-10-13 11:28:22,681 [pool-72-thread-1] INFO  server.RaftServerConfigKeys (ConfUtils.java:logGet(46)) - raft.server.storage.free-space.min = 0MB (=0) (default)
2022-10-13 11:28:22,681 [pool-72-thread-1] INFO  storage.RaftStorageDirectory (RaftStorageDirectoryImpl.java:analyzeStorage(135)) - The storage directory /home/runner/work/ozone/ozone/hadoop-ozone/integration-test/target/test-dir/MiniOzoneClusterImpl-434ffb35-82cd-4fed-a90c-5d1117f9018e/datanode-0/data/ratis/f5ec7ea1-7fe1-4b30-b451-6f38db920cd6 does not exist. Creating ...
2022-10-13 11:28:22,697 [EventQueue-PipelineReportForPipelineReportHandler] INFO  pipeline.PipelineManagerImpl (PipelineManagerImpl.java:openPipeline(367)) - Pipeline Pipeline[ Id: b1c21373-a78e-473d-8ffc-2340520e46ed, Nodes: 065c35c4-589e-4734-a2ae-f81921a7b502{ip: 10.1.0.139, host: fv-az447-90.tnmeiuxxsqeu3byeydcnbj0j5d.dx.internal.cloudapp.net, ports: [REPLICATION=37217, RATIS=40325, RATIS_ADMIN=40325, RATIS_SERVER=40325, STANDALONE=38933], networkLocation: /default-rack, certSerialId: null, persistedOpState: IN_SERVICE, persistedOpStateExpiryEpochSec: 0}, ReplicationConfig: RATIS/ONE, State:ALLOCATED, leaderId:065c35c4-589e-4734-a2ae-f81921a7b502, CreationTimestamp2022-10-13T11:28:19.470Z[Etc/UTC]] moved to OPEN state
2022-10-13 11:28:22,703 [EventQueue-OpenPipelineForHealthyPipelineSafeModeRule] INFO  safemode.SCMSafeModeManager (HealthyPipelineSafeModeRule.java:process(137)) - SCM in safe mode. Healthy pipelines reported count is 0, required healthy pipeline reported count is 1
2022-10-13 11:28:22,937 [Command processor thread] INFO  server.RaftServer (RaftServerProxy.java:addNew(96)) - 4b00ac97-4cb7-4a9d-94c1-352d586145ce: addNew group-3B340D403425:[4b00ac97-4cb7-4a9d-94c1-352d586145ce|rpc:10.1.0.139:40743|priority:1] returns group-3B340D403425:java.util.concurrent.CompletableFuture@57519ae9[Not completed]
2022-10-13 11:28:22,942 [pool-95-thread-1] INFO  server.RaftServer$Division (RaftServerImpl.java:<init>(190)) - 4b00ac97-4cb7-4a9d-94c1-352d586145ce: new RaftServerImpl for group-3B340D403425:[4b00ac97-4cb7-4a9d-94c1-352d586145ce|rpc:10.1.0.139:40743|priority:1] with ContainerStateMachine:uninitialized
2022-10-13 11:28:22,942 [pool-95-thread-1] INFO  server.RaftServerConfigKeys (ConfUtils.java:logGet(46)) - raft.server.rpc.timeout.min = 5s (custom)
2022-10-13 11:28:22,943 [pool-95-thread-1] INFO  server.RaftServerConfigKeys (ConfUtils.java:logGet(46)) - raft.server.rpc.timeout.max = 5200ms (custom)
2022-10-13 11:28:22,943 [pool-95-thread-1] INFO  server.RaftServerConfigKeys (ConfUtils.java:logGet(46)) - raft.server.rpc.sleep.time = 25ms (default)
2022-10-13 11:28:22,943 [pool-95-thread-1] INFO  server.RaftServerConfigKeys (ConfUtils.java:logGet(46)) - raft.server.rpc.slowness.timeout = 300s (custom)
2022-10-13 11:28:22,943 [pool-95-thread-1] INFO  server.RaftServerConfigKeys (ConfUtils.java:logGet(46)) - raft.server.leaderelection.leader.step-down.wait-time = 10s (default)
2022-10-13 11:28:22,943 [pool-95-thread-1] INFO  server.RaftServerConfigKeys (ConfUtils.java:logGet(46)) - raft.server.sleep.deviation.threshold = 300ms (default)
2022-10-13 11:28:22,943 [pool-95-thread-1] INFO  server.RaftServer$Division (ServerState.java:<init>(107)) - 4b00ac97-4cb7-4a9d-94c1-352d586145ce@group-3B340D403425: ConfigurationManager, init=-1: [4b00ac97-4cb7-4a9d-94c1-352d586145ce|rpc:10.1.0.139:40743|priority:1], old=null, confs=<EMPTY_MAP>
2022-10-13 11:28:22,943 [pool-95-thread-1] INFO  server.RaftServerConfigKeys (ConfUtils.java:logGet(46)) - raft.server.storage.dir = [/home/runner/work/ozone/ozone/hadoop-ozone/integration-test/target/test-dir/MiniOzoneClusterImpl-434ffb35-82cd-4fed-a90c-5d1117f9018e/datanode-1/data/ratis] (custom)
2022-10-13 11:28:22,943 [pool-95-thread-1] INFO  server.RaftServerConfigKeys (ConfUtils.java:logGet(46)) - raft.server.log.corruption.policy = EXCEPTION (default)
2022-10-13 11:28:22,943 [pool-95-thread-1] INFO  server.RaftServerConfigKeys (ConfUtils.java:logGet(46)) - raft.server.storage.free-space.min = 0MB (=0) (default)
2022-10-13 11:28:22,943 [pool-95-thread-1] INFO  storage.RaftStorageDirectory (RaftStorageDirectoryImpl.java:analyzeStorage(135)) - The storage directory /home/runner/work/ozone/ozone/hadoop-ozone/integration-test/target/test-dir/MiniOzoneClusterImpl-434ffb35-82cd-4fed-a90c-5d1117f9018e/datanode-1/data/ratis/bd4fd272-7cbd-4dc4-ac61-3b340d403425 does not exist. Creating ...
2022-10-13 11:28:23,274 [pool-72-thread-1] INFO  storage.RaftStorageDirectory (RaftStorageDirectoryImpl.java:tryLock(230)) - Lock on /home/runner/work/ozone/ozone/hadoop-ozone/integration-test/target/test-dir/MiniOzoneClusterImpl-434ffb35-82cd-4fed-a90c-5d1117f9018e/datanode-0/data/ratis/f5ec7ea1-7fe1-4b30-b451-6f38db920cd6/in_use.lock acquired by nodename 2264@fv-az447-90
2022-10-13 11:28:23,275 [pool-95-thread-1] INFO  storage.RaftStorageDirectory (RaftStorageDirectoryImpl.java:tryLock(230)) - Lock on /home/runner/work/ozone/ozone/hadoop-ozone/integration-test/target/test-dir/MiniOzoneClusterImpl-434ffb35-82cd-4fed-a90c-5d1117f9018e/datanode-1/data/ratis/bd4fd272-7cbd-4dc4-ac61-3b340d403425/in_use.lock acquired by nodename 2264@fv-az447-90
2022-10-13 11:28:23,278 [pool-72-thread-1] INFO  storage.RaftStorage (RaftStorageImpl.java:format(89)) - Storage directory /home/runner/work/ozone/ozone/hadoop-ozone/integration-test/target/test-dir/MiniOzoneClusterImpl-434ffb35-82cd-4fed-a90c-5d1117f9018e/datanode-0/data/ratis/f5ec7ea1-7fe1-4b30-b451-6f38db920cd6 has been successfully formatted.
2022-10-13 11:28:23,278 [pool-72-thread-1] INFO  ratis.ContainerStateMachine (ContainerStateMachine.java:loadSnapshot(236)) - group-6F38DB920CD6: The snapshot info is null. Setting the last applied indexto:(t:0, i:~)
2022-10-13 11:28:23,278 [pool-72-thread-1] INFO  server.RaftServerConfigKeys (ConfUtils.java:logGet(46)) - raft.server.notification.no-leader.timeout = 300s (custom)
2022-10-13 11:28:23,278 [pool-72-thread-1] INFO  server.RaftServerConfigKeys (ConfUtils.java:logGet(46)) - raft.server.log.use.memory = false (default)
2022-10-13 11:28:23,278 [pool-72-thread-1] INFO  server.RaftServerConfigKeys (ConfUtils.java:logGet(46)) - raft.server.log.purge.gap = 1000000 (custom)
2022-10-13 11:28:23,278 [pool-72-thread-1] INFO  server.RaftServerConfigKeys (ConfUtils.java:logGet(46)) - raft.server.log.appender.buffer.byte-limit = 33554432 (custom)
2022-10-13 11:28:23,279 [pool-72-thread-1] INFO  server.RaftServerConfigKeys (ConfUtils.java:logGet(46)) - raft.server.log.statemachine.data.read.timeout = 1000ms (default)
2022-10-13 11:28:23,279 [pool-72-thread-1] INFO  server.RaftServerConfigKeys (ConfUtils.java:logGet(46)) - raft.server.log.segment.size.max = 1048576 (custom)
2022-10-13 11:28:23,280 [pool-72-thread-1] INFO  server.RaftServerConfigKeys (ConfUtils.java:logGet(46)) - raft.server.log.segment.cache.num.max = 2 (custom)
2022-10-13 11:28:23,280 [pool-72-thread-1] INFO  server.RaftServerConfigKeys (ConfUtils.java:logGet(46)) - raft.server.log.segment.cache.size.max = 200MB (=209715200) (default)
2022-10-13 11:28:23,280 [pool-72-thread-1] INFO  segmented.SegmentedRaftLogWorker (SegmentedRaftLogWorker.java:<init>(187)) - new 065c35c4-589e-4734-a2ae-f81921a7b502@group-6F38DB920CD6-SegmentedRaftLogWorker for RaftStorageImpl:Storage Directory /home/runner/work/ozone/ozone/hadoop-ozone/integration-test/target/test-dir/MiniOzoneClusterImpl-434ffb35-82cd-4fed-a90c-5d1117f9018e/datanode-0/data/ratis/f5ec7ea1-7fe1-4b30-b451-6f38db920cd6
2022-10-13 11:28:23,280 [pool-72-thread-1] INFO  server.RaftServerConfigKeys (ConfUtils.java:logGet(46)) - raft.server.log.queue.byte-limit = 4294967296 (custom)
2022-10-13 11:28:23,280 [pool-72-thread-1] INFO  server.RaftServerConfigKeys (ConfUtils.java:logGet(46)) - raft.server.log.queue.element-limit = 1024 (custom)
2022-10-13 11:28:23,280 [pool-72-thread-1] INFO  server.RaftServerConfigKeys (ConfUtils.java:logGet(46)) - raft.server.log.segment.size.max = 1048576 (custom)
2022-10-13 11:28:23,280 [pool-72-thread-1] INFO  server.RaftServerConfigKeys (ConfUtils.java:logGet(46)) - raft.server.log.preallocated.size = 16384 (custom)
2022-10-13 11:28:23,282 [pool-72-thread-1] INFO  server.RaftServerConfigKeys (ConfUtils.java:logGet(46)) - raft.server.log.force.sync.num = 128 (default)
2022-10-13 11:28:23,282 [pool-72-thread-1] INFO  server.RaftServerConfigKeys (ConfUtils.java:logGet(46)) - raft.server.log.statemachine.data.sync = true (default)
2022-10-13 11:28:23,282 [pool-72-thread-1] INFO  server.RaftServerConfigKeys (ConfUtils.java:logGet(46)) - raft.server.log.statemachine.data.sync.timeout = 10s (default)
2022-10-13 11:28:23,282 [pool-72-thread-1] INFO  server.RaftServerConfigKeys (ConfUtils.java:logGet(46)) - raft.server.log.statemachine.data.sync.timeout.retry = -1 (default)
2022-10-13 11:28:23,284 [pool-72-thread-1] INFO  server.RaftServerConfigKeys (ConfUtils.java:logGet(46)) - raft.server.log.write.buffer.size = 1048576 (custom)
2022-10-13 11:28:23,284 [pool-72-thread-1] INFO  server.RaftServerConfigKeys (ConfUtils.java:logGet(46)) - raft.server.log.unsafe-flush.enabled = false (default)
2022-10-13 11:28:23,285 [pool-72-thread-1] INFO  server.RaftServerConfigKeys (ConfUtils.java:logGet(46)) - raft.server.log.statemachine.data.caching.enabled = true (custom)
2022-10-13 11:28:23,285 [pool-72-thread-1] INFO  segmented.SegmentedRaftLogWorker (SegmentedRaftLogWorker.java:lambda$new$0(135)) - 065c35c4-589e-4734-a2ae-f81921a7b502@group-6F38DB920CD6-SegmentedRaftLogWorker: flushIndex: setUnconditionally 0 -> -1
2022-10-13 11:28:23,285 [pool-72-thread-1] INFO  segmented.SegmentedRaftLogWorker (SegmentedRaftLogWorker.java:lambda$new$0(135)) - 065c35c4-589e-4734-a2ae-f81921a7b502@group-6F38DB920CD6-SegmentedRaftLogWorker: safeCacheEvictIndex: setUnconditionally 0 -> -1
2022-10-13 11:28:23,282 [EventQueue-OpenPipelineForHealthyPipelineSafeModeRule] INFO  safemode.SCMSafeModeManager (HealthyPipelineSafeModeRule.java:process(137)) - SCM in safe mode. Healthy pipelines reported count is 0, required healthy pipeline reported count is 1
2022-10-13 11:28:23,282 [pool-95-thread-1] INFO  storage.RaftStorage (RaftStorageImpl.java:format(89)) - Storage directory /home/runner/work/ozone/ozone/hadoop-ozone/integration-test/target/test-dir/MiniOzoneClusterImpl-434ffb35-82cd-4fed-a90c-5d1117f9018e/datanode-1/data/ratis/bd4fd272-7cbd-4dc4-ac61-3b340d403425 has been successfully formatted.
2022-10-13 11:28:23,287 [pool-72-thread-1] INFO  server.RaftServerConfigKeys (ConfUtils.java:logGet(46)) - raft.server.snapshot.auto.trigger.enabled = true (custom)
2022-10-13 11:28:23,287 [pool-72-thread-1] INFO  server.RaftServerConfigKeys (ConfUtils.java:logGet(46)) - raft.server.snapshot.auto.trigger.threshold = 10000 (custom)
2022-10-13 11:28:23,287 [pool-72-thread-1] INFO  server.RaftServerConfigKeys (ConfUtils.java:logGet(46)) - raft.server.snapshot.retention.file.num = 5 (custom)
2022-10-13 11:28:23,287 [pool-72-thread-1] INFO  server.RaftServerConfigKeys (ConfUtils.java:logGet(46)) - raft.server.log.purge.upto.snapshot.index = false (default)
2022-10-13 11:28:23,288 [pool-72-thread-1] INFO  server.RaftServerConfigKeys (ConfUtils.java:logGet(46)) - raft.server.retrycache.expirytime = 600000ms (custom)
2022-10-13 11:28:23,288 [pool-72-thread-1] INFO  server.RaftServerConfigKeys (ConfUtils.java:logGet(46)) - raft.server.retrycache.statistics.expirytime = 100μs (default)
2022-10-13 11:28:23,289 [EventQueue-PipelineReportForPipelineReportHandler] INFO  pipeline.PipelineManagerImpl (PipelineManagerImpl.java:openPipeline(367)) - Pipeline Pipeline[ Id: bd4fd272-7cbd-4dc4-ac61-3b340d403425, Nodes: 4b00ac97-4cb7-4a9d-94c1-352d586145ce{ip: 10.1.0.139, host: fv-az447-90.tnmeiuxxsqeu3byeydcnbj0j5d.dx.internal.cloudapp.net, ports: [REPLICATION=33693, RATIS=40743, RATIS_ADMIN=40743, RATIS_SERVER=40743, STANDALONE=36477], networkLocation: /default-rack, certSerialId: null, persistedOpState: IN_SERVICE, persistedOpStateExpiryEpochSec: 0}, ReplicationConfig: RATIS/ONE, State:ALLOCATED, leaderId:4b00ac97-4cb7-4a9d-94c1-352d586145ce, CreationTimestamp2022-10-13T11:28:19.940Z[Etc/UTC]] moved to OPEN state
2022-10-13 11:28:23,290 [EventQueue-OpenPipelineForHealthyPipelineSafeModeRule] INFO  safemode.SCMSafeModeManager (HealthyPipelineSafeModeRule.java:process(137)) - SCM in safe mode. Healthy pipelines reported count is 0, required healthy pipeline reported count is 1
2022-10-13 11:28:23,286 [pool-95-thread-1] INFO  ratis.ContainerStateMachine (ContainerStateMachine.java:loadSnapshot(236)) - group-3B340D403425: The snapshot info is null. Setting the last applied indexto:(t:0, i:~)
2022-10-13 11:28:23,294 [pool-95-thread-1] INFO  server.RaftServerConfigKeys (ConfUtils.java:logGet(46)) - raft.server.notification.no-leader.timeout = 300s (custom)
2022-10-13 11:28:23,294 [pool-95-thread-1] INFO  server.RaftServerConfigKeys (ConfUtils.java:logGet(46)) - raft.server.log.use.memory = false (default)
2022-10-13 11:28:23,294 [pool-95-thread-1] INFO  server.RaftServerConfigKeys (ConfUtils.java:logGet(46)) - raft.server.log.purge.gap = 1000000 (custom)
2022-10-13 11:28:23,294 [pool-95-thread-1] INFO  server.RaftServerConfigKeys (ConfUtils.java:logGet(46)) - raft.server.log.appender.buffer.byte-limit = 33554432 (custom)
2022-10-13 11:28:23,294 [pool-95-thread-1] INFO  server.RaftServerConfigKeys (ConfUtils.java:logGet(46)) - raft.server.log.statemachine.data.read.timeout = 1000ms (default)
2022-10-13 11:28:23,294 [pool-95-thread-1] INFO  server.RaftServerConfigKeys (ConfUtils.java:logGet(46)) - raft.server.log.segment.size.max = 1048576 (custom)
2022-10-13 11:28:23,295 [pool-95-thread-1] INFO  server.RaftServerConfigKeys (ConfUtils.java:logGet(46)) - raft.server.log.segment.cache.num.max = 2 (custom)
2022-10-13 11:28:23,295 [pool-95-thread-1] INFO  server.RaftServerConfigKeys (ConfUtils.java:logGet(46)) - raft.server.log.segment.cache.size.max = 200MB (=209715200) (default)
2022-10-13 11:28:23,295 [pool-95-thread-1] INFO  segmented.SegmentedRaftLogWorker (SegmentedRaftLogWorker.java:<init>(187)) - new 4b00ac97-4cb7-4a9d-94c1-352d586145ce@group-3B340D403425-SegmentedRaftLogWorker for RaftStorageImpl:Storage Directory /home/runner/work/ozone/ozone/hadoop-ozone/integration-test/target/test-dir/MiniOzoneClusterImpl-434ffb35-82cd-4fed-a90c-5d1117f9018e/datanode-1/data/ratis/bd4fd272-7cbd-4dc4-ac61-3b340d403425
2022-10-13 11:28:23,295 [pool-95-thread-1] INFO  server.RaftServerConfigKeys (ConfUtils.java:logGet(46)) - raft.server.log.queue.byte-limit = 4294967296 (custom)
2022-10-13 11:28:23,295 [pool-95-thread-1] INFO  server.RaftServerConfigKeys (ConfUtils.java:logGet(46)) - raft.server.log.queue.element-limit = 1024 (custom)
2022-10-13 11:28:23,296 [pool-95-thread-1] INFO  server.RaftServerConfigKeys (ConfUtils.java:logGet(46)) - raft.server.log.segment.size.max = 1048576 (custom)
2022-10-13 11:28:23,296 [pool-95-thread-1] INFO  server.RaftServerConfigKeys (ConfUtils.java:logGet(46)) - raft.server.log.preallocated.size = 16384 (custom)
2022-10-13 11:28:23,296 [pool-95-thread-1] INFO  server.RaftServerConfigKeys (ConfUtils.java:logGet(46)) - raft.server.log.force.sync.num = 128 (default)
2022-10-13 11:28:23,296 [pool-95-thread-1] INFO  server.RaftServerConfigKeys (ConfUtils.java:logGet(46)) - raft.server.log.statemachine.data.sync = true (default)
2022-10-13 11:28:23,296 [pool-95-thread-1] INFO  server.RaftServerConfigKeys (ConfUtils.java:logGet(46)) - raft.server.log.statemachine.data.sync.timeout = 10s (default)
2022-10-13 11:28:23,296 [pool-95-thread-1] INFO  server.RaftServerConfigKeys (ConfUtils.java:logGet(46)) - raft.server.log.statemachine.data.sync.timeout.retry = -1 (default)
2022-10-13 11:28:23,297 [pool-95-thread-1] INFO  server.RaftServerConfigKeys (ConfUtils.java:logGet(46)) - raft.server.log.write.buffer.size = 1048576 (custom)
2022-10-13 11:28:23,298 [pool-95-thread-1] INFO  server.RaftServerConfigKeys (ConfUtils.java:logGet(46)) - raft.server.log.unsafe-flush.enabled = false (default)
2022-10-13 11:28:23,298 [pool-95-thread-1] INFO  server.RaftServerConfigKeys (ConfUtils.java:logGet(46)) - raft.server.log.statemachine.data.caching.enabled = true (custom)
2022-10-13 11:28:23,298 [pool-95-thread-1] INFO  segmented.SegmentedRaftLogWorker (SegmentedRaftLogWorker.java:lambda$new$0(135)) - 4b00ac97-4cb7-4a9d-94c1-352d586145ce@group-3B340D403425-SegmentedRaftLogWorker: flushIndex: setUnconditionally 0 -> -1
2022-10-13 11:28:23,298 [pool-95-thread-1] INFO  segmented.SegmentedRaftLogWorker (SegmentedRaftLogWorker.java:lambda$new$0(135)) - 4b00ac97-4cb7-4a9d-94c1-352d586145ce@group-3B340D403425-SegmentedRaftLogWorker: safeCacheEvictIndex: setUnconditionally 0 -> -1
2022-10-13 11:28:23,302 [pool-95-thread-1] INFO  server.RaftServerConfigKeys (ConfUtils.java:logGet(46)) - raft.server.snapshot.auto.trigger.enabled = true (custom)
2022-10-13 11:28:23,302 [pool-95-thread-1] INFO  server.RaftServerConfigKeys (ConfUtils.java:logGet(46)) - raft.server.snapshot.auto.trigger.threshold = 10000 (custom)
2022-10-13 11:28:23,302 [pool-95-thread-1] INFO  server.RaftServerConfigKeys (ConfUtils.java:logGet(46)) - raft.server.snapshot.retention.file.num = 5 (custom)
2022-10-13 11:28:23,302 [pool-95-thread-1] INFO  server.RaftServerConfigKeys (ConfUtils.java:logGet(46)) - raft.server.log.purge.upto.snapshot.index = false (default)
2022-10-13 11:28:23,302 [pool-95-thread-1] INFO  server.RaftServerConfigKeys (ConfUtils.java:logGet(46)) - raft.server.retrycache.expirytime = 600000ms (custom)
2022-10-13 11:28:23,302 [pool-95-thread-1] INFO  server.RaftServerConfigKeys (ConfUtils.java:logGet(46)) - raft.server.retrycache.statistics.expirytime = 100μs (default)
2022-10-13 11:28:23,304 [pool-95-thread-1] INFO  server.RaftServerConfigKeys (ConfUtils.java:logGet(46)) - raft.server.log.appender.install.snapshot.enabled = false (custom)
2022-10-13 11:28:23,304 [pool-95-thread-1] INFO  server.RaftServerConfigKeys (ConfUtils.java:logGet(46)) - raft.server.threadpool.server.cached = true (default)
2022-10-13 11:28:23,304 [pool-95-thread-1] INFO  server.RaftServerConfigKeys (ConfUtils.java:logGet(46)) - raft.server.threadpool.server.size = 0 (default)
2022-10-13 11:28:23,304 [pool-95-thread-1] INFO  server.RaftServerConfigKeys (ConfUtils.java:logGet(46)) - raft.server.threadpool.client.cached = true (default)
2022-10-13 11:28:23,304 [pool-95-thread-1] INFO  server.RaftServerConfigKeys (ConfUtils.java:logGet(46)) - raft.server.threadpool.client.size = 0 (default)
2022-10-13 11:28:23,304 [pool-95-thread-1] INFO  server.RaftServer$Division (RaftServerImpl.java:start(310)) - 4b00ac97-4cb7-4a9d-94c1-352d586145ce@group-3B340D403425: start as a follower, conf=-1: [4b00ac97-4cb7-4a9d-94c1-352d586145ce|rpc:10.1.0.139:40743|priority:1], old=null
2022-10-13 11:28:23,304 [pool-95-thread-1] INFO  server.RaftServer$Division (RaftServerImpl.java:setRole(299)) - 4b00ac97-4cb7-4a9d-94c1-352d586145ce@group-3B340D403425: changes role from      null to FOLLOWER at term 0 for startAsFollower
2022-10-13 11:28:23,304 [pool-95-thread-1] INFO  impl.RoleInfo (RoleInfo.java:updateAndGet(139)) - 4b00ac97-4cb7-4a9d-94c1-352d586145ce: start 4b00ac97-4cb7-4a9d-94c1-352d586145ce@group-3B340D403425-FollowerState
2022-10-13 11:28:23,305 [pool-95-thread-1] INFO  util.JmxRegister (JmxRegister.java:tryRegister(44)) - Successfully registered JMX Bean with object name Ratis:service=RaftServer,group=group-3B340D403425,id=4b00ac97-4cb7-4a9d-94c1-352d586145ce
2022-10-13 11:28:23,306 [pool-72-thread-1] INFO  server.RaftServerConfigKeys (ConfUtils.java:logGet(46)) - raft.server.log.appender.install.snapshot.enabled = false (custom)
2022-10-13 11:28:23,307 [pool-72-thread-1] INFO  server.RaftServerConfigKeys (ConfUtils.java:logGet(46)) - raft.server.threadpool.server.cached = true (default)
2022-10-13 11:28:23,307 [pool-72-thread-1] INFO  server.RaftServerConfigKeys (ConfUtils.java:logGet(46)) - raft.server.threadpool.server.size = 0 (default)
2022-10-13 11:28:23,307 [pool-72-thread-1] INFO  server.RaftServerConfigKeys (ConfUtils.java:logGet(46)) - raft.server.threadpool.client.cached = true (default)
2022-10-13 11:28:23,307 [pool-72-thread-1] INFO  server.RaftServerConfigKeys (ConfUtils.java:logGet(46)) - raft.server.threadpool.client.size = 0 (default)
2022-10-13 11:28:23,307 [pool-72-thread-1] INFO  server.RaftServer$Division (RaftServerImpl.java:start(310)) - 065c35c4-589e-4734-a2ae-f81921a7b502@group-6F38DB920CD6: start as a follower, conf=-1: [4b00ac97-4cb7-4a9d-94c1-352d586145ce|rpc:10.1.0.139:40743|priority:0, 065c35c4-589e-4734-a2ae-f81921a7b502|rpc:10.1.0.139:40325|priority:0, c5bb7b7c-f843-4853-908b-bcc4fc6b3433|rpc:10.1.0.139:42649|priority:1], old=null
2022-10-13 11:28:23,307 [pool-72-thread-1] INFO  server.RaftServer$Division (RaftServerImpl.java:setRole(299)) - 065c35c4-589e-4734-a2ae-f81921a7b502@group-6F38DB920CD6: changes role from      null to FOLLOWER at term 0 for startAsFollower
2022-10-13 11:28:23,311 [pool-72-thread-1] INFO  impl.RoleInfo (RoleInfo.java:updateAndGet(139)) - 065c35c4-589e-4734-a2ae-f81921a7b502: start 065c35c4-589e-4734-a2ae-f81921a7b502@group-6F38DB920CD6-FollowerState
2022-10-13 11:28:23,311 [Command processor thread] INFO  ratis.XceiverServerRatis (XceiverServerRatis.java:addGroup(765)) - Created group PipelineID=bd4fd272-7cbd-4dc4-ac61-3b340d403425
2022-10-13 11:28:23,311 [Command processor thread] INFO  commandhandler.CreatePipelineCommandHandler (CreatePipelineCommandHandler.java:handle(113)) - Created Pipeline RATIS ONE PipelineID=bd4fd272-7cbd-4dc4-ac61-3b340d403425.
2022-10-13 11:28:23,313 [pool-72-thread-1] INFO  util.JmxRegister (JmxRegister.java:tryRegister(44)) - Successfully registered JMX Bean with object name Ratis:service=RaftServer,group=group-6F38DB920CD6,id=065c35c4-589e-4734-a2ae-f81921a7b502
2022-10-13 11:28:23,314 [Command processor thread] INFO  server.RaftServer (RaftServerProxy.java:addNew(96)) - 4b00ac97-4cb7-4a9d-94c1-352d586145ce: addNew group-6F38DB920CD6:[4b00ac97-4cb7-4a9d-94c1-352d586145ce|rpc:10.1.0.139:40743|priority:0, 065c35c4-589e-4734-a2ae-f81921a7b502|rpc:10.1.0.139:40325|priority:0, c5bb7b7c-f843-4853-908b-bcc4fc6b3433|rpc:10.1.0.139:42649|priority:1] returns group-6F38DB920CD6:java.util.concurrent.CompletableFuture@536e14db[Not completed]
2022-10-13 11:28:23,315 [pool-95-thread-1] INFO  server.RaftServer$Division (RaftServerImpl.java:<init>(190)) - 4b00ac97-4cb7-4a9d-94c1-352d586145ce: new RaftServerImpl for group-6F38DB920CD6:[4b00ac97-4cb7-4a9d-94c1-352d586145ce|rpc:10.1.0.139:40743|priority:0, 065c35c4-589e-4734-a2ae-f81921a7b502|rpc:10.1.0.139:40325|priority:0, c5bb7b7c-f843-4853-908b-bcc4fc6b3433|rpc:10.1.0.139:42649|priority:1] with ContainerStateMachine:uninitialized
2022-10-13 11:28:23,315 [pool-95-thread-1] INFO  server.RaftServerConfigKeys (ConfUtils.java:logGet(46)) - raft.server.rpc.timeout.min = 5s (custom)
2022-10-13 11:28:23,315 [pool-95-thread-1] INFO  server.RaftServerConfigKeys (ConfUtils.java:logGet(46)) - raft.server.rpc.timeout.max = 5200ms (custom)
2022-10-13 11:28:23,315 [pool-95-thread-1] INFO  server.RaftServerConfigKeys (ConfUtils.java:logGet(46)) - raft.server.rpc.sleep.time = 25ms (default)
2022-10-13 11:28:23,316 [pool-95-thread-1] INFO  server.RaftServerConfigKeys (ConfUtils.java:logGet(46)) - raft.server.rpc.slowness.timeout = 300s (custom)
2022-10-13 11:28:23,316 [pool-95-thread-1] INFO  server.RaftServerConfigKeys (ConfUtils.java:logGet(46)) - raft.server.leaderelection.leader.step-down.wait-time = 10s (default)
2022-10-13 11:28:23,316 [pool-95-thread-1] INFO  server.RaftServerConfigKeys (ConfUtils.java:logGet(46)) - raft.server.sleep.deviation.threshold = 300ms (default)
2022-10-13 11:28:23,316 [pool-95-thread-1] INFO  server.RaftServer$Division (ServerState.java:<init>(107)) - 4b00ac97-4cb7-4a9d-94c1-352d586145ce@group-6F38DB920CD6: ConfigurationManager, init=-1: [4b00ac97-4cb7-4a9d-94c1-352d586145ce|rpc:10.1.0.139:40743|priority:0, 065c35c4-589e-4734-a2ae-f81921a7b502|rpc:10.1.0.139:40325|priority:0, c5bb7b7c-f843-4853-908b-bcc4fc6b3433|rpc:10.1.0.139:42649|priority:1], old=null, confs=<EMPTY_MAP>
2022-10-13 11:28:23,316 [pool-95-thread-1] INFO  server.RaftServerConfigKeys (ConfUtils.java:logGet(46)) - raft.server.storage.dir = [/home/runner/work/ozone/ozone/hadoop-ozone/integration-test/target/test-dir/MiniOzoneClusterImpl-434ffb35-82cd-4fed-a90c-5d1117f9018e/datanode-1/data/ratis] (custom)
2022-10-13 11:28:23,316 [pool-95-thread-1] INFO  server.RaftServerConfigKeys (ConfUtils.java:logGet(46)) - raft.server.log.corruption.policy = EXCEPTION (default)
2022-10-13 11:28:23,316 [pool-95-thread-1] INFO  server.RaftServerConfigKeys (ConfUtils.java:logGet(46)) - raft.server.storage.free-space.min = 0MB (=0) (default)
2022-10-13 11:28:23,316 [pool-95-thread-1] INFO  storage.RaftStorageDirectory (RaftStorageDirectoryImpl.java:analyzeStorage(135)) - The storage directory /home/runner/work/ozone/ozone/hadoop-ozone/integration-test/target/test-dir/MiniOzoneClusterImpl-434ffb35-82cd-4fed-a90c-5d1117f9018e/datanode-1/data/ratis/f5ec7ea1-7fe1-4b30-b451-6f38db920cd6 does not exist. Creating ...
2022-10-13 11:28:23,318 [Command processor thread] INFO  ratis.XceiverServerRatis (XceiverServerRatis.java:addGroup(765)) - Created group PipelineID=f5ec7ea1-7fe1-4b30-b451-6f38db920cd6
2022-10-13 11:28:23,320 [pool-95-thread-1] INFO  storage.RaftStorageDirectory (RaftStorageDirectoryImpl.java:tryLock(230)) - Lock on /home/runner/work/ozone/ozone/hadoop-ozone/integration-test/target/test-dir/MiniOzoneClusterImpl-434ffb35-82cd-4fed-a90c-5d1117f9018e/datanode-1/data/ratis/f5ec7ea1-7fe1-4b30-b451-6f38db920cd6/in_use.lock acquired by nodename 2264@fv-az447-90
2022-10-13 11:28:23,324 [pool-95-thread-1] INFO  storage.RaftStorage (RaftStorageImpl.java:format(89)) - Storage directory /home/runner/work/ozone/ozone/hadoop-ozone/integration-test/target/test-dir/MiniOzoneClusterImpl-434ffb35-82cd-4fed-a90c-5d1117f9018e/datanode-1/data/ratis/f5ec7ea1-7fe1-4b30-b451-6f38db920cd6 has been successfully formatted.
2022-10-13 11:28:23,324 [pool-95-thread-1] INFO  ratis.ContainerStateMachine (ContainerStateMachine.java:loadSnapshot(236)) - group-6F38DB920CD6: The snapshot info is null. Setting the last applied indexto:(t:0, i:~)
2022-10-13 11:28:23,324 [pool-95-thread-1] INFO  server.RaftServerConfigKeys (ConfUtils.java:logGet(46)) - raft.server.notification.no-leader.timeout = 300s (custom)
2022-10-13 11:28:23,324 [pool-95-thread-1] INFO  server.RaftServerConfigKeys (ConfUtils.java:logGet(46)) - raft.server.log.use.memory = false (default)
2022-10-13 11:28:23,324 [pool-95-thread-1] INFO  server.RaftServerConfigKeys (ConfUtils.java:logGet(46)) - raft.server.log.purge.gap = 1000000 (custom)
2022-10-13 11:28:23,324 [pool-95-thread-1] INFO  server.RaftServerConfigKeys (ConfUtils.java:logGet(46)) - raft.server.log.appender.buffer.byte-limit = 33554432 (custom)
2022-10-13 11:28:23,324 [pool-95-thread-1] INFO  server.RaftServerConfigKeys (ConfUtils.java:logGet(46)) - raft.server.log.statemachine.data.read.timeout = 1000ms (default)
2022-10-13 11:28:23,328 [EventQueue-OpenPipelineForHealthyPipelineSafeModeRule] INFO  safemode.SCMSafeModeManager (HealthyPipelineSafeModeRule.java:process(137)) - SCM in safe mode. Healthy pipelines reported count is 0, required healthy pipeline reported count is 1
2022-10-13 11:28:23,329 [pool-95-thread-1] INFO  server.RaftServerConfigKeys (ConfUtils.java:logGet(46)) - raft.server.log.segment.size.max = 1048576 (custom)
2022-10-13 11:28:23,360 [pool-95-thread-1] INFO  server.RaftServerConfigKeys (ConfUtils.java:logGet(46)) - raft.server.log.segment.cache.num.max = 2 (custom)
2022-10-13 11:28:23,360 [pool-95-thread-1] INFO  server.RaftServerConfigKeys (ConfUtils.java:logGet(46)) - raft.server.log.segment.cache.size.max = 200MB (=209715200) (default)
2022-10-13 11:28:23,360 [pool-95-thread-1] INFO  segmented.SegmentedRaftLogWorker (SegmentedRaftLogWorker.java:<init>(187)) - new 4b00ac97-4cb7-4a9d-94c1-352d586145ce@group-6F38DB920CD6-SegmentedRaftLogWorker for RaftStorageImpl:Storage Directory /home/runner/work/ozone/ozone/hadoop-ozone/integration-test/target/test-dir/MiniOzoneClusterImpl-434ffb35-82cd-4fed-a90c-5d1117f9018e/datanode-1/data/ratis/f5ec7ea1-7fe1-4b30-b451-6f38db920cd6
2022-10-13 11:28:23,360 [pool-95-thread-1] INFO  server.RaftServerConfigKeys (ConfUtils.java:logGet(46)) - raft.server.log.queue.byte-limit = 4294967296 (custom)
2022-10-13 11:28:23,360 [pool-95-thread-1] INFO  server.RaftServerConfigKeys (ConfUtils.java:logGet(46)) - raft.server.log.queue.element-limit = 1024 (custom)
2022-10-13 11:28:23,360 [pool-95-thread-1] INFO  server.RaftServerConfigKeys (ConfUtils.java:logGet(46)) - raft.server.log.segment.size.max = 1048576 (custom)
2022-10-13 11:28:23,360 [pool-95-thread-1] INFO  server.RaftServerConfigKeys (ConfUtils.java:logGet(46)) - raft.server.log.preallocated.size = 16384 (custom)
2022-10-13 11:28:23,360 [pool-95-thread-1] INFO  server.RaftServerConfigKeys (ConfUtils.java:logGet(46)) - raft.server.log.force.sync.num = 128 (default)
2022-10-13 11:28:23,361 [pool-95-thread-1] INFO  server.RaftServerConfigKeys (ConfUtils.java:logGet(46)) - raft.server.log.statemachine.data.sync = true (default)
2022-10-13 11:28:23,361 [pool-95-thread-1] INFO  server.RaftServerConfigKeys (ConfUtils.java:logGet(46)) - raft.server.log.statemachine.data.sync.timeout = 10s (default)
2022-10-13 11:28:23,361 [pool-95-thread-1] INFO  server.RaftServerConfigKeys (ConfUtils.java:logGet(46)) - raft.server.log.statemachine.data.sync.timeout.retry = -1 (default)
2022-10-13 11:28:23,363 [pool-95-thread-1] INFO  server.RaftServerConfigKeys (ConfUtils.java:logGet(46)) - raft.server.log.write.buffer.size = 1048576 (custom)
2022-10-13 11:28:23,364 [pool-95-thread-1] INFO  server.RaftServerConfigKeys (ConfUtils.java:logGet(46)) - raft.server.log.unsafe-flush.enabled = false (default)
2022-10-13 11:28:23,364 [pool-95-thread-1] INFO  server.RaftServerConfigKeys (ConfUtils.java:logGet(46)) - raft.server.log.statemachine.data.caching.enabled = true (custom)
2022-10-13 11:28:23,364 [pool-95-thread-1] INFO  segmented.SegmentedRaftLogWorker (SegmentedRaftLogWorker.java:lambda$new$0(135)) - 4b00ac97-4cb7-4a9d-94c1-352d586145ce@group-6F38DB920CD6-SegmentedRaftLogWorker: flushIndex: setUnconditionally 0 -> -1
2022-10-13 11:28:23,364 [pool-95-thread-1] INFO  segmented.SegmentedRaftLogWorker (SegmentedRaftLogWorker.java:lambda$new$0(135)) - 4b00ac97-4cb7-4a9d-94c1-352d586145ce@group-6F38DB920CD6-SegmentedRaftLogWorker: safeCacheEvictIndex: setUnconditionally 0 -> -1
2022-10-13 11:28:23,365 [pool-95-thread-1] INFO  server.RaftServerConfigKeys (ConfUtils.java:logGet(46)) - raft.server.snapshot.auto.trigger.enabled = true (custom)
2022-10-13 11:28:23,365 [pool-95-thread-1] INFO  server.RaftServerConfigKeys (ConfUtils.java:logGet(46)) - raft.server.snapshot.auto.trigger.threshold = 10000 (custom)
2022-10-13 11:28:23,365 [pool-95-thread-1] INFO  server.RaftServerConfigKeys (ConfUtils.java:logGet(46)) - raft.server.snapshot.retention.file.num = 5 (custom)
2022-10-13 11:28:23,365 [pool-95-thread-1] INFO  server.RaftServerConfigKeys (ConfUtils.java:logGet(46)) - raft.server.log.purge.upto.snapshot.index = false (default)
2022-10-13 11:28:23,365 [pool-95-thread-1] INFO  server.RaftServerConfigKeys (ConfUtils.java:logGet(46)) - raft.server.retrycache.expirytime = 600000ms (custom)
2022-10-13 11:28:23,365 [pool-95-thread-1] INFO  server.RaftServerConfigKeys (ConfUtils.java:logGet(46)) - raft.server.retrycache.statistics.expirytime = 100μs (default)
2022-10-13 11:28:23,367 [pool-95-thread-1] INFO  server.RaftServerConfigKeys (ConfUtils.java:logGet(46)) - raft.server.log.appender.install.snapshot.enabled = false (custom)
2022-10-13 11:28:23,367 [pool-95-thread-1] INFO  server.RaftServerConfigKeys (ConfUtils.java:logGet(46)) - raft.server.threadpool.server.cached = true (default)
2022-10-13 11:28:23,367 [pool-95-thread-1] INFO  server.RaftServerConfigKeys (ConfUtils.java:logGet(46)) - raft.server.threadpool.server.size = 0 (default)
2022-10-13 11:28:23,367 [pool-95-thread-1] INFO  server.RaftServerConfigKeys (ConfUtils.java:logGet(46)) - raft.server.threadpool.client.cached = true (default)
2022-10-13 11:28:23,367 [pool-95-thread-1] INFO  server.RaftServerConfigKeys (ConfUtils.java:logGet(46)) - raft.server.threadpool.client.size = 0 (default)
2022-10-13 11:28:23,367 [pool-95-thread-1] INFO  server.RaftServer$Division (RaftServerImpl.java:start(310)) - 4b00ac97-4cb7-4a9d-94c1-352d586145ce@group-6F38DB920CD6: start as a follower, conf=-1: [4b00ac97-4cb7-4a9d-94c1-352d586145ce|rpc:10.1.0.139:40743|priority:0, 065c35c4-589e-4734-a2ae-f81921a7b502|rpc:10.1.0.139:40325|priority:0, c5bb7b7c-f843-4853-908b-bcc4fc6b3433|rpc:10.1.0.139:42649|priority:1], old=null
2022-10-13 11:28:23,367 [pool-95-thread-1] INFO  server.RaftServer$Division (RaftServerImpl.java:setRole(299)) - 4b00ac97-4cb7-4a9d-94c1-352d586145ce@group-6F38DB920CD6: changes role from      null to FOLLOWER at term 0 for startAsFollower
2022-10-13 11:28:23,368 [pool-95-thread-1] INFO  impl.RoleInfo (RoleInfo.java:updateAndGet(139)) - 4b00ac97-4cb7-4a9d-94c1-352d586145ce: start 4b00ac97-4cb7-4a9d-94c1-352d586145ce@group-6F38DB920CD6-FollowerState
2022-10-13 11:28:23,368 [pool-95-thread-1] INFO  util.JmxRegister (JmxRegister.java:tryRegister(44)) - Successfully registered JMX Bean with object name Ratis:service=RaftServer,group=group-6F38DB920CD6,id=4b00ac97-4cb7-4a9d-94c1-352d586145ce
2022-10-13 11:28:23,374 [Command processor thread] INFO  ratis.XceiverServerRatis (XceiverServerRatis.java:addGroup(765)) - Created group PipelineID=f5ec7ea1-7fe1-4b30-b451-6f38db920cd6
2022-10-13 11:28:23,375 [Listener at 127.0.0.1/43103] INFO  ozone.MiniOzoneClusterImpl (MiniOzoneClusterImpl.java:lambda$waitForClusterToBeReady$0(216)) - Nodes are ready. Got 3 of 3 DN Heartbeats.
2022-10-13 11:28:23,375 [Listener at 127.0.0.1/43103] INFO  ozone.MiniOzoneClusterImpl (MiniOzoneClusterImpl.java:lambda$waitForClusterToBeReady$0(219)) - Waiting for cluster to exit safe mode
2022-10-13 11:28:23,375 [Listener at 127.0.0.1/43103] INFO  ozone.MiniOzoneClusterImpl (MiniOzoneClusterImpl.java:lambda$waitForClusterToBeReady$0(221)) - SCM became leader
2022-10-13 11:28:23,385 [Command processor thread] INFO  server.RaftServer (RaftServerProxy.java:addNew(96)) - c5bb7b7c-f843-4853-908b-bcc4fc6b3433: addNew group-EA5B73E5BABA:[c5bb7b7c-f843-4853-908b-bcc4fc6b3433|rpc:10.1.0.139:42649|priority:1] returns group-EA5B73E5BABA:java.util.concurrent.CompletableFuture@71ce87f0[Not completed]
2022-10-13 11:28:23,398 [pool-118-thread-1] INFO  server.RaftServer$Division (RaftServerImpl.java:<init>(190)) - c5bb7b7c-f843-4853-908b-bcc4fc6b3433: new RaftServerImpl for group-EA5B73E5BABA:[c5bb7b7c-f843-4853-908b-bcc4fc6b3433|rpc:10.1.0.139:42649|priority:1] with ContainerStateMachine:uninitialized
2022-10-13 11:28:23,398 [pool-118-thread-1] INFO  server.RaftServerConfigKeys (ConfUtils.java:logGet(46)) - raft.server.rpc.timeout.min = 5s (custom)
2022-10-13 11:28:23,398 [pool-118-thread-1] INFO  server.RaftServerConfigKeys (ConfUtils.java:logGet(46)) - raft.server.rpc.timeout.max = 5200ms (custom)
2022-10-13 11:28:23,398 [pool-118-thread-1] INFO  server.RaftServerConfigKeys (ConfUtils.java:logGet(46)) - raft.server.rpc.sleep.time = 25ms (default)
2022-10-13 11:28:23,398 [pool-118-thread-1] INFO  server.RaftServerConfigKeys (ConfUtils.java:logGet(46)) - raft.server.rpc.slowness.timeout = 300s (custom)
2022-10-13 11:28:23,398 [pool-118-thread-1] INFO  server.RaftServerConfigKeys (ConfUtils.java:logGet(46)) - raft.server.leaderelection.leader.step-down.wait-time = 10s (default)
2022-10-13 11:28:23,398 [pool-118-thread-1] INFO  server.RaftServerConfigKeys (ConfUtils.java:logGet(46)) - raft.server.sleep.deviation.threshold = 300ms (default)
2022-10-13 11:28:23,398 [pool-118-thread-1] INFO  server.RaftServer$Division (ServerState.java:<init>(107)) - c5bb7b7c-f843-4853-908b-bcc4fc6b3433@group-EA5B73E5BABA: ConfigurationManager, init=-1: [c5bb7b7c-f843-4853-908b-bcc4fc6b3433|rpc:10.1.0.139:42649|priority:1], old=null, confs=<EMPTY_MAP>
2022-10-13 11:28:23,398 [pool-118-thread-1] INFO  server.RaftServerConfigKeys (ConfUtils.java:logGet(46)) - raft.server.storage.dir = [/home/runner/work/ozone/ozone/hadoop-ozone/integration-test/target/test-dir/MiniOzoneClusterImpl-434ffb35-82cd-4fed-a90c-5d1117f9018e/datanode-2/data/ratis] (custom)
2022-10-13 11:28:23,408 [pool-118-thread-1] INFO  server.RaftServerConfigKeys (ConfUtils.java:logGet(46)) - raft.server.log.corruption.policy = EXCEPTION (default)
2022-10-13 11:28:23,408 [pool-118-thread-1] INFO  server.RaftServerConfigKeys (ConfUtils.java:logGet(46)) - raft.server.storage.free-space.min = 0MB (=0) (default)
2022-10-13 11:28:23,409 [pool-118-thread-1] INFO  storage.RaftStorageDirectory (RaftStorageDirectoryImpl.java:analyzeStorage(135)) - The storage directory /home/runner/work/ozone/ozone/hadoop-ozone/integration-test/target/test-dir/MiniOzoneClusterImpl-434ffb35-82cd-4fed-a90c-5d1117f9018e/datanode-2/data/ratis/0d19f167-0522-4115-b603-ea5b73e5baba does not exist. Creating ...
2022-10-13 11:28:23,410 [pool-118-thread-1] INFO  storage.RaftStorageDirectory (RaftStorageDirectoryImpl.java:tryLock(230)) - Lock on /home/runner/work/ozone/ozone/hadoop-ozone/integration-test/target/test-dir/MiniOzoneClusterImpl-434ffb35-82cd-4fed-a90c-5d1117f9018e/datanode-2/data/ratis/0d19f167-0522-4115-b603-ea5b73e5baba/in_use.lock acquired by nodename 2264@fv-az447-90
2022-10-13 11:28:23,412 [pool-118-thread-1] INFO  storage.RaftStorage (RaftStorageImpl.java:format(89)) - Storage directory /home/runner/work/ozone/ozone/hadoop-ozone/integration-test/target/test-dir/MiniOzoneClusterImpl-434ffb35-82cd-4fed-a90c-5d1117f9018e/datanode-2/data/ratis/0d19f167-0522-4115-b603-ea5b73e5baba has been successfully formatted.
2022-10-13 11:28:23,413 [pool-118-thread-1] INFO  ratis.ContainerStateMachine (ContainerStateMachine.java:loadSnapshot(236)) - group-EA5B73E5BABA: The snapshot info is null. Setting the last applied indexto:(t:0, i:~)
2022-10-13 11:28:23,416 [EventQueue-PipelineReportForPipelineReportHandler] INFO  pipeline.PipelineManagerImpl (PipelineManagerImpl.java:openPipeline(367)) - Pipeline Pipeline[ Id: 0d19f167-0522-4115-b603-ea5b73e5baba, Nodes: c5bb7b7c-f843-4853-908b-bcc4fc6b3433{ip: 10.1.0.139, host: fv-az447-90.tnmeiuxxsqeu3byeydcnbj0j5d.dx.internal.cloudapp.net, ports: [REPLICATION=44565, RATIS=42649, RATIS_ADMIN=42649, RATIS_SERVER=42649, STANDALONE=43921], networkLocation: /default-rack, certSerialId: null, persistedOpState: IN_SERVICE, persistedOpStateExpiryEpochSec: 0}, ReplicationConfig: RATIS/ONE, State:ALLOCATED, leaderId:c5bb7b7c-f843-4853-908b-bcc4fc6b3433, CreationTimestamp2022-10-13T11:28:20.378Z[Etc/UTC]] moved to OPEN state
2022-10-13 11:28:23,417 [EventQueue-OpenPipelineForHealthyPipelineSafeModeRule] INFO  safemode.SCMSafeModeManager (HealthyPipelineSafeModeRule.java:process(137)) - SCM in safe mode. Healthy pipelines reported count is 0, required healthy pipeline reported count is 1
2022-10-13 11:28:23,421 [pool-118-thread-1] INFO  server.RaftServerConfigKeys (ConfUtils.java:logGet(46)) - raft.server.notification.no-leader.timeout = 300s (custom)
2022-10-13 11:28:23,424 [pool-118-thread-1] INFO  server.RaftServerConfigKeys (ConfUtils.java:logGet(46)) - raft.server.log.use.memory = false (default)
2022-10-13 11:28:23,424 [pool-118-thread-1] INFO  server.RaftServerConfigKeys (ConfUtils.java:logGet(46)) - raft.server.log.purge.gap = 1000000 (custom)
2022-10-13 11:28:23,424 [pool-118-thread-1] INFO  server.RaftServerConfigKeys (ConfUtils.java:logGet(46)) - raft.server.log.appender.buffer.byte-limit = 33554432 (custom)
2022-10-13 11:28:23,424 [pool-118-thread-1] INFO  server.RaftServerConfigKeys (ConfUtils.java:logGet(46)) - raft.server.log.statemachine.data.read.timeout = 1000ms (default)
2022-10-13 11:28:23,424 [pool-118-thread-1] INFO  server.RaftServerConfigKeys (ConfUtils.java:logGet(46)) - raft.server.log.segment.size.max = 1048576 (custom)
2022-10-13 11:28:23,425 [pool-118-thread-1] INFO  server.RaftServerConfigKeys (ConfUtils.java:logGet(46)) - raft.server.log.segment.cache.num.max = 2 (custom)
2022-10-13 11:28:23,425 [pool-118-thread-1] INFO  server.RaftServerConfigKeys (ConfUtils.java:logGet(46)) - raft.server.log.segment.cache.size.max = 200MB (=209715200) (default)
2022-10-13 11:28:23,425 [pool-118-thread-1] INFO  segmented.SegmentedRaftLogWorker (SegmentedRaftLogWorker.java:<init>(187)) - new c5bb7b7c-f843-4853-908b-bcc4fc6b3433@group-EA5B73E5BABA-SegmentedRaftLogWorker for RaftStorageImpl:Storage Directory /home/runner/work/ozone/ozone/hadoop-ozone/integration-test/target/test-dir/MiniOzoneClusterImpl-434ffb35-82cd-4fed-a90c-5d1117f9018e/datanode-2/data/ratis/0d19f167-0522-4115-b603-ea5b73e5baba
2022-10-13 11:28:23,425 [pool-118-thread-1] INFO  server.RaftServerConfigKeys (ConfUtils.java:logGet(46)) - raft.server.log.queue.byte-limit = 4294967296 (custom)
2022-10-13 11:28:23,425 [pool-118-thread-1] INFO  server.RaftServerConfigKeys (ConfUtils.java:logGet(46)) - raft.server.log.queue.element-limit = 1024 (custom)
2022-10-13 11:28:23,426 [pool-118-thread-1] INFO  server.RaftServerConfigKeys (ConfUtils.java:logGet(46)) - raft.server.log.segment.size.max = 1048576 (custom)
2022-10-13 11:28:23,426 [pool-118-thread-1] INFO  server.RaftServerConfigKeys (ConfUtils.java:logGet(46)) - raft.server.log.preallocated.size = 16384 (custom)
2022-10-13 11:28:23,426 [pool-118-thread-1] INFO  server.RaftServerConfigKeys (ConfUtils.java:logGet(46)) - raft.server.log.force.sync.num = 128 (default)
2022-10-13 11:28:23,426 [pool-118-thread-1] INFO  server.RaftServerConfigKeys (ConfUtils.java:logGet(46)) - raft.server.log.statemachine.data.sync = true (default)
2022-10-13 11:28:23,426 [pool-118-thread-1] INFO  server.RaftServerConfigKeys (ConfUtils.java:logGet(46)) - raft.server.log.statemachine.data.sync.timeout = 10s (default)
2022-10-13 11:28:23,426 [pool-118-thread-1] INFO  server.RaftServerConfigKeys (ConfUtils.java:logGet(46)) - raft.server.log.statemachine.data.sync.timeout.retry = -1 (default)
2022-10-13 11:28:23,432 [pool-118-thread-1] INFO  server.RaftServerConfigKeys (ConfUtils.java:logGet(46)) - raft.server.log.write.buffer.size = 1048576 (custom)
2022-10-13 11:28:23,432 [pool-118-thread-1] INFO  server.RaftServerConfigKeys (ConfUtils.java:logGet(46)) - raft.server.log.unsafe-flush.enabled = false (default)
2022-10-13 11:28:23,432 [pool-118-thread-1] INFO  server.RaftServerConfigKeys (ConfUtils.java:logGet(46)) - raft.server.log.statemachine.data.caching.enabled = true (custom)
2022-10-13 11:28:23,432 [pool-118-thread-1] INFO  segmented.SegmentedRaftLogWorker (SegmentedRaftLogWorker.java:lambda$new$0(135)) - c5bb7b7c-f843-4853-908b-bcc4fc6b3433@group-EA5B73E5BABA-SegmentedRaftLogWorker: flushIndex: setUnconditionally 0 -> -1
2022-10-13 11:28:23,432 [pool-118-thread-1] INFO  segmented.SegmentedRaftLogWorker (SegmentedRaftLogWorker.java:lambda$new$0(135)) - c5bb7b7c-f843-4853-908b-bcc4fc6b3433@group-EA5B73E5BABA-SegmentedRaftLogWorker: safeCacheEvictIndex: setUnconditionally 0 -> -1
2022-10-13 11:28:23,433 [pool-118-thread-1] INFO  server.RaftServerConfigKeys (ConfUtils.java:logGet(46)) - raft.server.snapshot.auto.trigger.enabled = true (custom)
2022-10-13 11:28:23,433 [pool-118-thread-1] INFO  server.RaftServerConfigKeys (ConfUtils.java:logGet(46)) - raft.server.snapshot.auto.trigger.threshold = 10000 (custom)
2022-10-13 11:28:23,433 [pool-118-thread-1] INFO  server.RaftServerConfigKeys (ConfUtils.java:logGet(46)) - raft.server.snapshot.retention.file.num = 5 (custom)
2022-10-13 11:28:23,433 [pool-118-thread-1] INFO  server.RaftServerConfigKeys (ConfUtils.java:logGet(46)) - raft.server.log.purge.upto.snapshot.index = false (default)
2022-10-13 11:28:23,433 [pool-118-thread-1] INFO  server.RaftServerConfigKeys (ConfUtils.java:logGet(46)) - raft.server.retrycache.expirytime = 600000ms (custom)
2022-10-13 11:28:23,433 [pool-118-thread-1] INFO  server.RaftServerConfigKeys (ConfUtils.java:logGet(46)) - raft.server.retrycache.statistics.expirytime = 100μs (default)
2022-10-13 11:28:23,435 [pool-118-thread-1] INFO  server.RaftServerConfigKeys (ConfUtils.java:logGet(46)) - raft.server.log.appender.install.snapshot.enabled = false (custom)
2022-10-13 11:28:23,435 [pool-118-thread-1] INFO  server.RaftServerConfigKeys (ConfUtils.java:logGet(46)) - raft.server.threadpool.server.cached = true (default)
2022-10-13 11:28:23,435 [pool-118-thread-1] INFO  server.RaftServerConfigKeys (ConfUtils.java:logGet(46)) - raft.server.threadpool.server.size = 0 (default)
2022-10-13 11:28:23,435 [pool-118-thread-1] INFO  server.RaftServerConfigKeys (ConfUtils.java:logGet(46)) - raft.server.threadpool.client.cached = true (default)
2022-10-13 11:28:23,435 [pool-118-thread-1] INFO  server.RaftServerConfigKeys (ConfUtils.java:logGet(46)) - raft.server.threadpool.client.size = 0 (default)
2022-10-13 11:28:23,435 [pool-118-thread-1] INFO  server.RaftServer$Division (RaftServerImpl.java:start(310)) - c5bb7b7c-f843-4853-908b-bcc4fc6b3433@group-EA5B73E5BABA: start as a follower, conf=-1: [c5bb7b7c-f843-4853-908b-bcc4fc6b3433|rpc:10.1.0.139:42649|priority:1], old=null
2022-10-13 11:28:23,435 [pool-118-thread-1] INFO  server.RaftServer$Division (RaftServerImpl.java:setRole(299)) - c5bb7b7c-f843-4853-908b-bcc4fc6b3433@group-EA5B73E5BABA: changes role from      null to FOLLOWER at term 0 for startAsFollower
2022-10-13 11:28:23,435 [pool-118-thread-1] INFO  impl.RoleInfo (RoleInfo.java:updateAndGet(139)) - c5bb7b7c-f843-4853-908b-bcc4fc6b3433: start c5bb7b7c-f843-4853-908b-bcc4fc6b3433@group-EA5B73E5BABA-FollowerState
2022-10-13 11:28:23,438 [pool-118-thread-1] INFO  util.JmxRegister (JmxRegister.java:tryRegister(44)) - Successfully registered JMX Bean with object name Ratis:service=RaftServer,group=group-EA5B73E5BABA,id=c5bb7b7c-f843-4853-908b-bcc4fc6b3433
2022-10-13 11:28:23,446 [Command processor thread] INFO  ratis.XceiverServerRatis (XceiverServerRatis.java:addGroup(765)) - Created group PipelineID=0d19f167-0522-4115-b603-ea5b73e5baba
2022-10-13 11:28:23,446 [Command processor thread] INFO  commandhandler.CreatePipelineCommandHandler (CreatePipelineCommandHandler.java:handle(113)) - Created Pipeline RATIS ONE PipelineID=0d19f167-0522-4115-b603-ea5b73e5baba.
2022-10-13 11:28:23,446 [Command processor thread] INFO  server.RaftServer (RaftServerProxy.java:addNew(96)) - c5bb7b7c-f843-4853-908b-bcc4fc6b3433: addNew group-6F38DB920CD6:[4b00ac97-4cb7-4a9d-94c1-352d586145ce|rpc:10.1.0.139:40743|priority:0, 065c35c4-589e-4734-a2ae-f81921a7b502|rpc:10.1.0.139:40325|priority:0, c5bb7b7c-f843-4853-908b-bcc4fc6b3433|rpc:10.1.0.139:42649|priority:1] returns group-6F38DB920CD6:java.util.concurrent.CompletableFuture@75f11d11[Not completed]
2022-10-13 11:28:23,448 [pool-118-thread-1] INFO  server.RaftServer$Division (RaftServerImpl.java:<init>(190)) - c5bb7b7c-f843-4853-908b-bcc4fc6b3433: new RaftServerImpl for group-6F38DB920CD6:[4b00ac97-4cb7-4a9d-94c1-352d586145ce|rpc:10.1.0.139:40743|priority:0, 065c35c4-589e-4734-a2ae-f81921a7b502|rpc:10.1.0.139:40325|priority:0, c5bb7b7c-f843-4853-908b-bcc4fc6b3433|rpc:10.1.0.139:42649|priority:1] with ContainerStateMachine:uninitialized
2022-10-13 11:28:23,448 [pool-118-thread-1] INFO  server.RaftServerConfigKeys (ConfUtils.java:logGet(46)) - raft.server.rpc.timeout.min = 5s (custom)
2022-10-13 11:28:23,448 [pool-118-thread-1] INFO  server.RaftServerConfigKeys (ConfUtils.java:logGet(46)) - raft.server.rpc.timeout.max = 5200ms (custom)
2022-10-13 11:28:23,448 [pool-118-thread-1] INFO  server.RaftServerConfigKeys (ConfUtils.java:logGet(46)) - raft.server.rpc.sleep.time = 25ms (default)
2022-10-13 11:28:23,448 [pool-118-thread-1] INFO  server.RaftServerConfigKeys (ConfUtils.java:logGet(46)) - raft.server.rpc.slowness.timeout = 300s (custom)
2022-10-13 11:28:23,448 [pool-118-thread-1] INFO  server.RaftServerConfigKeys (ConfUtils.java:logGet(46)) - raft.server.leaderelection.leader.step-down.wait-time = 10s (default)
2022-10-13 11:28:23,448 [pool-118-thread-1] INFO  server.RaftServerConfigKeys (ConfUtils.java:logGet(46)) - raft.server.sleep.deviation.threshold = 300ms (default)
2022-10-13 11:28:23,448 [pool-118-thread-1] INFO  server.RaftServer$Division (ServerState.java:<init>(107)) - c5bb7b7c-f843-4853-908b-bcc4fc6b3433@group-6F38DB920CD6: ConfigurationManager, init=-1: [4b00ac97-4cb7-4a9d-94c1-352d586145ce|rpc:10.1.0.139:40743|priority:0, 065c35c4-589e-4734-a2ae-f81921a7b502|rpc:10.1.0.139:40325|priority:0, c5bb7b7c-f843-4853-908b-bcc4fc6b3433|rpc:10.1.0.139:42649|priority:1], old=null, confs=<EMPTY_MAP>
2022-10-13 11:28:23,448 [pool-118-thread-1] INFO  server.RaftServerConfigKeys (ConfUtils.java:logGet(46)) - raft.server.storage.dir = [/home/runner/work/ozone/ozone/hadoop-ozone/integration-test/target/test-dir/MiniOzoneClusterImpl-434ffb35-82cd-4fed-a90c-5d1117f9018e/datanode-2/data/ratis] (custom)
2022-10-13 11:28:23,448 [pool-118-thread-1] INFO  server.RaftServerConfigKeys (ConfUtils.java:logGet(46)) - raft.server.log.corruption.policy = EXCEPTION (default)
2022-10-13 11:28:23,448 [pool-118-thread-1] INFO  server.RaftServerConfigKeys (ConfUtils.java:logGet(46)) - raft.server.storage.free-space.min = 0MB (=0) (default)
2022-10-13 11:28:23,449 [pool-118-thread-1] INFO  storage.RaftStorageDirectory (RaftStorageDirectoryImpl.java:analyzeStorage(135)) - The storage directory /home/runner/work/ozone/ozone/hadoop-ozone/integration-test/target/test-dir/MiniOzoneClusterImpl-434ffb35-82cd-4fed-a90c-5d1117f9018e/datanode-2/data/ratis/f5ec7ea1-7fe1-4b30-b451-6f38db920cd6 does not exist. Creating ...
2022-10-13 11:28:23,453 [pool-118-thread-1] INFO  storage.RaftStorageDirectory (RaftStorageDirectoryImpl.java:tryLock(230)) - Lock on /home/runner/work/ozone/ozone/hadoop-ozone/integration-test/target/test-dir/MiniOzoneClusterImpl-434ffb35-82cd-4fed-a90c-5d1117f9018e/datanode-2/data/ratis/f5ec7ea1-7fe1-4b30-b451-6f38db920cd6/in_use.lock acquired by nodename 2264@fv-az447-90
2022-10-13 11:28:23,457 [pool-118-thread-1] INFO  storage.RaftStorage (RaftStorageImpl.java:format(89)) - Storage directory /home/runner/work/ozone/ozone/hadoop-ozone/integration-test/target/test-dir/MiniOzoneClusterImpl-434ffb35-82cd-4fed-a90c-5d1117f9018e/datanode-2/data/ratis/f5ec7ea1-7fe1-4b30-b451-6f38db920cd6 has been successfully formatted.
2022-10-13 11:28:23,460 [pool-118-thread-1] INFO  ratis.ContainerStateMachine (ContainerStateMachine.java:loadSnapshot(236)) - group-6F38DB920CD6: The snapshot info is null. Setting the last applied indexto:(t:0, i:~)
2022-10-13 11:28:23,460 [pool-118-thread-1] INFO  server.RaftServerConfigKeys (ConfUtils.java:logGet(46)) - raft.server.notification.no-leader.timeout = 300s (custom)
2022-10-13 11:28:23,460 [pool-118-thread-1] INFO  server.RaftServerConfigKeys (ConfUtils.java:logGet(46)) - raft.server.log.use.memory = false (default)
2022-10-13 11:28:23,460 [pool-118-thread-1] INFO  server.RaftServerConfigKeys (ConfUtils.java:logGet(46)) - raft.server.log.purge.gap = 1000000 (custom)
2022-10-13 11:28:23,461 [pool-118-thread-1] INFO  server.RaftServerConfigKeys (ConfUtils.java:logGet(46)) - raft.server.log.appender.buffer.byte-limit = 33554432 (custom)
2022-10-13 11:28:23,461 [pool-118-thread-1] INFO  server.RaftServerConfigKeys (ConfUtils.java:logGet(46)) - raft.server.log.statemachine.data.read.timeout = 1000ms (default)
2022-10-13 11:28:23,461 [pool-118-thread-1] INFO  server.RaftServerConfigKeys (ConfUtils.java:logGet(46)) - raft.server.log.segment.size.max = 1048576 (custom)
2022-10-13 11:28:23,462 [pool-118-thread-1] INFO  server.RaftServerConfigKeys (ConfUtils.java:logGet(46)) - raft.server.log.segment.cache.num.max = 2 (custom)
2022-10-13 11:28:23,462 [pool-118-thread-1] INFO  server.RaftServerConfigKeys (ConfUtils.java:logGet(46)) - raft.server.log.segment.cache.size.max = 200MB (=209715200) (default)
2022-10-13 11:28:23,462 [pool-118-thread-1] INFO  segmented.SegmentedRaftLogWorker (SegmentedRaftLogWorker.java:<init>(187)) - new c5bb7b7c-f843-4853-908b-bcc4fc6b3433@group-6F38DB920CD6-SegmentedRaftLogWorker for RaftStorageImpl:Storage Directory /home/runner/work/ozone/ozone/hadoop-ozone/integration-test/target/test-dir/MiniOzoneClusterImpl-434ffb35-82cd-4fed-a90c-5d1117f9018e/datanode-2/data/ratis/f5ec7ea1-7fe1-4b30-b451-6f38db920cd6
2022-10-13 11:28:23,462 [pool-118-thread-1] INFO  server.RaftServerConfigKeys (ConfUtils.java:logGet(46)) - raft.server.log.queue.byte-limit = 4294967296 (custom)
2022-10-13 11:28:23,462 [pool-118-thread-1] INFO  server.RaftServerConfigKeys (ConfUtils.java:logGet(46)) - raft.server.log.queue.element-limit = 1024 (custom)
2022-10-13 11:28:23,462 [pool-118-thread-1] INFO  server.RaftServerConfigKeys (ConfUtils.java:logGet(46)) - raft.server.log.segment.size.max = 1048576 (custom)
2022-10-13 11:28:23,462 [pool-118-thread-1] INFO  server.RaftServerConfigKeys (ConfUtils.java:logGet(46)) - raft.server.log.preallocated.size = 16384 (custom)
2022-10-13 11:28:23,462 [pool-118-thread-1] INFO  server.RaftServerConfigKeys (ConfUtils.java:logGet(46)) - raft.server.log.force.sync.num = 128 (default)
2022-10-13 11:28:23,462 [pool-118-thread-1] INFO  server.RaftServerConfigKeys (ConfUtils.java:logGet(46)) - raft.server.log.statemachine.data.sync = true (default)
2022-10-13 11:28:23,462 [pool-118-thread-1] INFO  server.RaftServerConfigKeys (ConfUtils.java:logGet(46)) - raft.server.log.statemachine.data.sync.timeout = 10s (default)
2022-10-13 11:28:23,462 [pool-118-thread-1] INFO  server.RaftServerConfigKeys (ConfUtils.java:logGet(46)) - raft.server.log.statemachine.data.sync.timeout.retry = -1 (default)
2022-10-13 11:28:23,463 [EventQueue-OpenPipelineForHealthyPipelineSafeModeRule] INFO  safemode.SCMSafeModeManager (HealthyPipelineSafeModeRule.java:process(137)) - SCM in safe mode. Healthy pipelines reported count is 0, required healthy pipeline reported count is 1
2022-10-13 11:28:23,464 [pool-118-thread-1] INFO  server.RaftServerConfigKeys (ConfUtils.java:logGet(46)) - raft.server.log.write.buffer.size = 1048576 (custom)
2022-10-13 11:28:23,465 [pool-118-thread-1] INFO  server.RaftServerConfigKeys (ConfUtils.java:logGet(46)) - raft.server.log.unsafe-flush.enabled = false (default)
2022-10-13 11:28:23,465 [pool-118-thread-1] INFO  server.RaftServerConfigKeys (ConfUtils.java:logGet(46)) - raft.server.log.statemachine.data.caching.enabled = true (custom)
2022-10-13 11:28:23,465 [pool-118-thread-1] INFO  segmented.SegmentedRaftLogWorker (SegmentedRaftLogWorker.java:lambda$new$0(135)) - c5bb7b7c-f843-4853-908b-bcc4fc6b3433@group-6F38DB920CD6-SegmentedRaftLogWorker: flushIndex: setUnconditionally 0 -> -1
2022-10-13 11:28:23,465 [pool-118-thread-1] INFO  segmented.SegmentedRaftLogWorker (SegmentedRaftLogWorker.java:lambda$new$0(135)) - c5bb7b7c-f843-4853-908b-bcc4fc6b3433@group-6F38DB920CD6-SegmentedRaftLogWorker: safeCacheEvictIndex: setUnconditionally 0 -> -1
2022-10-13 11:28:23,465 [pool-118-thread-1] INFO  server.RaftServerConfigKeys (ConfUtils.java:logGet(46)) - raft.server.snapshot.auto.trigger.enabled = true (custom)
2022-10-13 11:28:23,465 [pool-118-thread-1] INFO  server.RaftServerConfigKeys (ConfUtils.java:logGet(46)) - raft.server.snapshot.auto.trigger.threshold = 10000 (custom)
2022-10-13 11:28:23,466 [pool-118-thread-1] INFO  server.RaftServerConfigKeys (ConfUtils.java:logGet(46)) - raft.server.snapshot.retention.file.num = 5 (custom)
2022-10-13 11:28:23,466 [pool-118-thread-1] INFO  server.RaftServerConfigKeys (ConfUtils.java:logGet(46)) - raft.server.log.purge.upto.snapshot.index = false (default)
2022-10-13 11:28:23,466 [pool-118-thread-1] INFO  server.RaftServerConfigKeys (ConfUtils.java:logGet(46)) - raft.server.retrycache.expirytime = 600000ms (custom)
2022-10-13 11:28:23,466 [pool-118-thread-1] INFO  server.RaftServerConfigKeys (ConfUtils.java:logGet(46)) - raft.server.retrycache.statistics.expirytime = 100μs (default)
2022-10-13 11:28:23,467 [pool-118-thread-1] INFO  server.RaftServerConfigKeys (ConfUtils.java:logGet(46)) - raft.server.log.appender.install.snapshot.enabled = false (custom)
2022-10-13 11:28:23,467 [pool-118-thread-1] INFO  server.RaftServerConfigKeys (ConfUtils.java:logGet(46)) - raft.server.threadpool.server.cached = true (default)
2022-10-13 11:28:23,467 [pool-118-thread-1] INFO  server.RaftServerConfigKeys (ConfUtils.java:logGet(46)) - raft.server.threadpool.server.size = 0 (default)
2022-10-13 11:28:23,467 [pool-118-thread-1] INFO  server.RaftServerConfigKeys (ConfUtils.java:logGet(46)) - raft.server.threadpool.client.cached = true (default)
2022-10-13 11:28:23,467 [pool-118-thread-1] INFO  server.RaftServerConfigKeys (ConfUtils.java:logGet(46)) - raft.server.threadpool.client.size = 0 (default)
2022-10-13 11:28:23,468 [pool-118-thread-1] INFO  server.RaftServer$Division (RaftServerImpl.java:start(310)) - c5bb7b7c-f843-4853-908b-bcc4fc6b3433@group-6F38DB920CD6: start as a follower, conf=-1: [4b00ac97-4cb7-4a9d-94c1-352d586145ce|rpc:10.1.0.139:40743|priority:0, 065c35c4-589e-4734-a2ae-f81921a7b502|rpc:10.1.0.139:40325|priority:0, c5bb7b7c-f843-4853-908b-bcc4fc6b3433|rpc:10.1.0.139:42649|priority:1], old=null
2022-10-13 11:28:23,468 [pool-118-thread-1] INFO  server.RaftServer$Division (RaftServerImpl.java:setRole(299)) - c5bb7b7c-f843-4853-908b-bcc4fc6b3433@group-6F38DB920CD6: changes role from      null to FOLLOWER at term 0 for startAsFollower
2022-10-13 11:28:23,468 [pool-118-thread-1] INFO  impl.RoleInfo (RoleInfo.java:updateAndGet(139)) - c5bb7b7c-f843-4853-908b-bcc4fc6b3433: start c5bb7b7c-f843-4853-908b-bcc4fc6b3433@group-6F38DB920CD6-FollowerState
2022-10-13 11:28:23,468 [pool-118-thread-1] INFO  util.JmxRegister (JmxRegister.java:tryRegister(44)) - Successfully registered JMX Bean with object name Ratis:service=RaftServer,group=group-6F38DB920CD6,id=c5bb7b7c-f843-4853-908b-bcc4fc6b3433
2022-10-13 11:28:23,474 [Command processor thread] INFO  ratis.XceiverServerRatis (XceiverServerRatis.java:addGroup(765)) - Created group PipelineID=f5ec7ea1-7fe1-4b30-b451-6f38db920cd6
2022-10-13 11:28:24,102 [Command processor thread] INFO  commandhandler.CreatePipelineCommandHandler (CreatePipelineCommandHandler.java:handle(113)) - Created Pipeline RATIS THREE PipelineID=f5ec7ea1-7fe1-4b30-b451-6f38db920cd6.
2022-10-13 11:28:24,104 [Command processor thread] INFO  server.RaftServer (RaftServerProxy.java:addNew(96)) - 065c35c4-589e-4734-a2ae-f81921a7b502: addNew group-B276EA639670:[4b00ac97-4cb7-4a9d-94c1-352d586145ce|rpc:10.1.0.139:40743|priority:0, 065c35c4-589e-4734-a2ae-f81921a7b502|rpc:10.1.0.139:40325|priority:1, c5bb7b7c-f843-4853-908b-bcc4fc6b3433|rpc:10.1.0.139:42649|priority:0] returns group-B276EA639670:java.util.concurrent.CompletableFuture@28592db2[Not completed]
2022-10-13 11:28:24,105 [pool-72-thread-1] INFO  server.RaftServer$Division (RaftServerImpl.java:<init>(190)) - 065c35c4-589e-4734-a2ae-f81921a7b502: new RaftServerImpl for group-B276EA639670:[4b00ac97-4cb7-4a9d-94c1-352d586145ce|rpc:10.1.0.139:40743|priority:0, 065c35c4-589e-4734-a2ae-f81921a7b502|rpc:10.1.0.139:40325|priority:1, c5bb7b7c-f843-4853-908b-bcc4fc6b3433|rpc:10.1.0.139:42649|priority:0] with ContainerStateMachine:uninitialized
2022-10-13 11:28:24,106 [pool-72-thread-1] INFO  server.RaftServerConfigKeys (ConfUtils.java:logGet(46)) - raft.server.rpc.timeout.min = 5s (custom)
2022-10-13 11:28:24,106 [pool-72-thread-1] INFO  server.RaftServerConfigKeys (ConfUtils.java:logGet(46)) - raft.server.rpc.timeout.max = 5200ms (custom)
2022-10-13 11:28:24,106 [pool-72-thread-1] INFO  server.RaftServerConfigKeys (ConfUtils.java:logGet(46)) - raft.server.rpc.sleep.time = 25ms (default)
2022-10-13 11:28:24,106 [pool-72-thread-1] INFO  server.RaftServerConfigKeys (ConfUtils.java:logGet(46)) - raft.server.rpc.slowness.timeout = 300s (custom)
2022-10-13 11:28:24,106 [pool-72-thread-1] INFO  server.RaftServerConfigKeys (ConfUtils.java:logGet(46)) - raft.server.leaderelection.leader.step-down.wait-time = 10s (default)
2022-10-13 11:28:24,106 [pool-72-thread-1] INFO  server.RaftServerConfigKeys (ConfUtils.java:logGet(46)) - raft.server.sleep.deviation.threshold = 300ms (default)
2022-10-13 11:28:24,106 [pool-72-thread-1] INFO  server.RaftServer$Division (ServerState.java:<init>(107)) - 065c35c4-589e-4734-a2ae-f81921a7b502@group-B276EA639670: ConfigurationManager, init=-1: [4b00ac97-4cb7-4a9d-94c1-352d586145ce|rpc:10.1.0.139:40743|priority:0, 065c35c4-589e-4734-a2ae-f81921a7b502|rpc:10.1.0.139:40325|priority:1, c5bb7b7c-f843-4853-908b-bcc4fc6b3433|rpc:10.1.0.139:42649|priority:0], old=null, confs=<EMPTY_MAP>
2022-10-13 11:28:24,106 [pool-72-thread-1] INFO  server.RaftServerConfigKeys (ConfUtils.java:logGet(46)) - raft.server.storage.dir = [/home/runner/work/ozone/ozone/hadoop-ozone/integration-test/target/test-dir/MiniOzoneClusterImpl-434ffb35-82cd-4fed-a90c-5d1117f9018e/datanode-0/data/ratis] (custom)
2022-10-13 11:28:24,106 [pool-72-thread-1] INFO  server.RaftServerConfigKeys (ConfUtils.java:logGet(46)) - raft.server.log.corruption.policy = EXCEPTION (default)
2022-10-13 11:28:24,106 [pool-72-thread-1] INFO  server.RaftServerConfigKeys (ConfUtils.java:logGet(46)) - raft.server.storage.free-space.min = 0MB (=0) (default)
2022-10-13 11:28:24,107 [pool-72-thread-1] INFO  storage.RaftStorageDirectory (RaftStorageDirectoryImpl.java:analyzeStorage(135)) - The storage directory /home/runner/work/ozone/ozone/hadoop-ozone/integration-test/target/test-dir/MiniOzoneClusterImpl-434ffb35-82cd-4fed-a90c-5d1117f9018e/datanode-0/data/ratis/b55aeffe-bebf-44a1-8824-b276ea639670 does not exist. Creating ...
2022-10-13 11:28:24,110 [pool-72-thread-1] INFO  storage.RaftStorageDirectory (RaftStorageDirectoryImpl.java:tryLock(230)) - Lock on /home/runner/work/ozone/ozone/hadoop-ozone/integration-test/target/test-dir/MiniOzoneClusterImpl-434ffb35-82cd-4fed-a90c-5d1117f9018e/datanode-0/data/ratis/b55aeffe-bebf-44a1-8824-b276ea639670/in_use.lock acquired by nodename 2264@fv-az447-90
2022-10-13 11:28:24,112 [pool-72-thread-1] INFO  storage.RaftStorage (RaftStorageImpl.java:format(89)) - Storage directory /home/runner/work/ozone/ozone/hadoop-ozone/integration-test/target/test-dir/MiniOzoneClusterImpl-434ffb35-82cd-4fed-a90c-5d1117f9018e/datanode-0/data/ratis/b55aeffe-bebf-44a1-8824-b276ea639670 has been successfully formatted.
2022-10-13 11:28:24,112 [pool-72-thread-1] INFO  ratis.ContainerStateMachine (ContainerStateMachine.java:loadSnapshot(236)) - group-B276EA639670: The snapshot info is null. Setting the last applied indexto:(t:0, i:~)
2022-10-13 11:28:24,112 [pool-72-thread-1] INFO  server.RaftServerConfigKeys (ConfUtils.java:logGet(46)) - raft.server.notification.no-leader.timeout = 300s (custom)
2022-10-13 11:28:24,112 [pool-72-thread-1] INFO  server.RaftServerConfigKeys (ConfUtils.java:logGet(46)) - raft.server.log.use.memory = false (default)
2022-10-13 11:28:24,113 [pool-72-thread-1] INFO  server.RaftServerConfigKeys (ConfUtils.java:logGet(46)) - raft.server.log.purge.gap = 1000000 (custom)
2022-10-13 11:28:24,113 [Command processor thread] INFO  commandhandler.CreatePipelineCommandHandler (CreatePipelineCommandHandler.java:handle(113)) - Created Pipeline RATIS THREE PipelineID=f5ec7ea1-7fe1-4b30-b451-6f38db920cd6.
2022-10-13 11:28:24,113 [pool-72-thread-1] INFO  server.RaftServerConfigKeys (ConfUtils.java:logGet(46)) - raft.server.log.appender.buffer.byte-limit = 33554432 (custom)
2022-10-13 11:28:24,113 [Command processor thread] INFO  server.RaftServer (RaftServerProxy.java:addNew(96)) - c5bb7b7c-f843-4853-908b-bcc4fc6b3433: addNew group-B276EA639670:[4b00ac97-4cb7-4a9d-94c1-352d586145ce|rpc:10.1.0.139:40743|priority:0, 065c35c4-589e-4734-a2ae-f81921a7b502|rpc:10.1.0.139:40325|priority:1, c5bb7b7c-f843-4853-908b-bcc4fc6b3433|rpc:10.1.0.139:42649|priority:0] returns group-B276EA639670:java.util.concurrent.CompletableFuture@1c6ad938[Not completed]
2022-10-13 11:28:24,114 [pool-72-thread-1] INFO  server.RaftServerConfigKeys (ConfUtils.java:logGet(46)) - raft.server.log.statemachine.data.read.timeout = 1000ms (default)
2022-10-13 11:28:24,114 [pool-72-thread-1] INFO  server.RaftServerConfigKeys (ConfUtils.java:logGet(46)) - raft.server.log.segment.size.max = 1048576 (custom)
2022-10-13 11:28:24,114 [pool-118-thread-1] INFO  server.RaftServer$Division (RaftServerImpl.java:<init>(190)) - c5bb7b7c-f843-4853-908b-bcc4fc6b3433: new RaftServerImpl for group-B276EA639670:[4b00ac97-4cb7-4a9d-94c1-352d586145ce|rpc:10.1.0.139:40743|priority:0, 065c35c4-589e-4734-a2ae-f81921a7b502|rpc:10.1.0.139:40325|priority:1, c5bb7b7c-f843-4853-908b-bcc4fc6b3433|rpc:10.1.0.139:42649|priority:0] with ContainerStateMachine:uninitialized
2022-10-13 11:28:24,114 [pool-118-thread-1] INFO  server.RaftServerConfigKeys (ConfUtils.java:logGet(46)) - raft.server.rpc.timeout.min = 5s (custom)
2022-10-13 11:28:24,115 [pool-118-thread-1] INFO  server.RaftServerConfigKeys (ConfUtils.java:logGet(46)) - raft.server.rpc.timeout.max = 5200ms (custom)
2022-10-13 11:28:24,115 [pool-72-thread-1] INFO  server.RaftServerConfigKeys (ConfUtils.java:logGet(46)) - raft.server.log.segment.cache.num.max = 2 (custom)
2022-10-13 11:28:24,115 [pool-118-thread-1] INFO  server.RaftServerConfigKeys (ConfUtils.java:logGet(46)) - raft.server.rpc.sleep.time = 25ms (default)
2022-10-13 11:28:24,120 [pool-118-thread-1] INFO  server.RaftServerConfigKeys (ConfUtils.java:logGet(46)) - raft.server.rpc.slowness.timeout = 300s (custom)
2022-10-13 11:28:24,120 [pool-118-thread-1] INFO  server.RaftServerConfigKeys (ConfUtils.java:logGet(46)) - raft.server.leaderelection.leader.step-down.wait-time = 10s (default)
2022-10-13 11:28:24,120 [pool-72-thread-1] INFO  server.RaftServerConfigKeys (ConfUtils.java:logGet(46)) - raft.server.log.segment.cache.size.max = 200MB (=209715200) (default)
2022-10-13 11:28:24,120 [pool-72-thread-1] INFO  segmented.SegmentedRaftLogWorker (SegmentedRaftLogWorker.java:<init>(187)) - new 065c35c4-589e-4734-a2ae-f81921a7b502@group-B276EA639670-SegmentedRaftLogWorker for RaftStorageImpl:Storage Directory /home/runner/work/ozone/ozone/hadoop-ozone/integration-test/target/test-dir/MiniOzoneClusterImpl-434ffb35-82cd-4fed-a90c-5d1117f9018e/datanode-0/data/ratis/b55aeffe-bebf-44a1-8824-b276ea639670
2022-10-13 11:28:24,120 [pool-72-thread-1] INFO  server.RaftServerConfigKeys (ConfUtils.java:logGet(46)) - raft.server.log.queue.byte-limit = 4294967296 (custom)
2022-10-13 11:28:24,120 [pool-72-thread-1] INFO  server.RaftServerConfigKeys (ConfUtils.java:logGet(46)) - raft.server.log.queue.element-limit = 1024 (custom)
2022-10-13 11:28:24,120 [pool-72-thread-1] INFO  server.RaftServerConfigKeys (ConfUtils.java:logGet(46)) - raft.server.log.segment.size.max = 1048576 (custom)
2022-10-13 11:28:24,120 [pool-118-thread-1] INFO  server.RaftServerConfigKeys (ConfUtils.java:logGet(46)) - raft.server.sleep.deviation.threshold = 300ms (default)
2022-10-13 11:28:24,120 [pool-118-thread-1] INFO  server.RaftServer$Division (ServerState.java:<init>(107)) - c5bb7b7c-f843-4853-908b-bcc4fc6b3433@group-B276EA639670: ConfigurationManager, init=-1: [4b00ac97-4cb7-4a9d-94c1-352d586145ce|rpc:10.1.0.139:40743|priority:0, 065c35c4-589e-4734-a2ae-f81921a7b502|rpc:10.1.0.139:40325|priority:1, c5bb7b7c-f843-4853-908b-bcc4fc6b3433|rpc:10.1.0.139:42649|priority:0], old=null, confs=<EMPTY_MAP>
2022-10-13 11:28:24,120 [pool-72-thread-1] INFO  server.RaftServerConfigKeys (ConfUtils.java:logGet(46)) - raft.server.log.preallocated.size = 16384 (custom)
2022-10-13 11:28:24,120 [pool-118-thread-1] INFO  server.RaftServerConfigKeys (ConfUtils.java:logGet(46)) - raft.server.storage.dir = [/home/runner/work/ozone/ozone/hadoop-ozone/integration-test/target/test-dir/MiniOzoneClusterImpl-434ffb35-82cd-4fed-a90c-5d1117f9018e/datanode-2/data/ratis] (custom)
2022-10-13 11:28:24,120 [EventQueue-OpenPipelineForHealthyPipelineSafeModeRule] INFO  safemode.SCMSafeModeManager (HealthyPipelineSafeModeRule.java:process(137)) - SCM in safe mode. Healthy pipelines reported count is 0, required healthy pipeline reported count is 1
2022-10-13 11:28:24,120 [pool-72-thread-1] INFO  server.RaftServerConfigKeys (ConfUtils.java:logGet(46)) - raft.server.log.force.sync.num = 128 (default)
2022-10-13 11:28:24,121 [pool-72-thread-1] INFO  server.RaftServerConfigKeys (ConfUtils.java:logGet(46)) - raft.server.log.statemachine.data.sync = true (default)
2022-10-13 11:28:24,121 [pool-72-thread-1] INFO  server.RaftServerConfigKeys (ConfUtils.java:logGet(46)) - raft.server.log.statemachine.data.sync.timeout = 10s (default)
2022-10-13 11:28:24,121 [pool-72-thread-1] INFO  server.RaftServerConfigKeys (ConfUtils.java:logGet(46)) - raft.server.log.statemachine.data.sync.timeout.retry = -1 (default)
2022-10-13 11:28:24,122 [pool-72-thread-1] INFO  server.RaftServerConfigKeys (ConfUtils.java:logGet(46)) - raft.server.log.write.buffer.size = 1048576 (custom)
2022-10-13 11:28:24,122 [pool-72-thread-1] INFO  server.RaftServerConfigKeys (ConfUtils.java:logGet(46)) - raft.server.log.unsafe-flush.enabled = false (default)
2022-10-13 11:28:24,122 [pool-72-thread-1] INFO  server.RaftServerConfigKeys (ConfUtils.java:logGet(46)) - raft.server.log.statemachine.data.caching.enabled = true (custom)
2022-10-13 11:28:24,123 [pool-72-thread-1] INFO  segmented.SegmentedRaftLogWorker (SegmentedRaftLogWorker.java:lambda$new$0(135)) - 065c35c4-589e-4734-a2ae-f81921a7b502@group-B276EA639670-SegmentedRaftLogWorker: flushIndex: setUnconditionally 0 -> -1
2022-10-13 11:28:24,123 [pool-72-thread-1] INFO  segmented.SegmentedRaftLogWorker (SegmentedRaftLogWorker.java:lambda$new$0(135)) - 065c35c4-589e-4734-a2ae-f81921a7b502@group-B276EA639670-SegmentedRaftLogWorker: safeCacheEvictIndex: setUnconditionally 0 -> -1
2022-10-13 11:28:24,121 [pool-118-thread-1] INFO  server.RaftServerConfigKeys (ConfUtils.java:logGet(46)) - raft.server.log.corruption.policy = EXCEPTION (default)
2022-10-13 11:28:24,123 [pool-72-thread-1] INFO  server.RaftServerConfigKeys (ConfUtils.java:logGet(46)) - raft.server.snapshot.auto.trigger.enabled = true (custom)
2022-10-13 11:28:24,123 [pool-72-thread-1] INFO  server.RaftServerConfigKeys (ConfUtils.java:logGet(46)) - raft.server.snapshot.auto.trigger.threshold = 10000 (custom)
2022-10-13 11:28:24,123 [Command processor thread] INFO  commandhandler.CreatePipelineCommandHandler (CreatePipelineCommandHandler.java:handle(113)) - Created Pipeline RATIS THREE PipelineID=f5ec7ea1-7fe1-4b30-b451-6f38db920cd6.
2022-10-13 11:28:24,123 [Command processor thread] INFO  server.RaftServer (RaftServerProxy.java:addNew(96)) - 4b00ac97-4cb7-4a9d-94c1-352d586145ce: addNew group-B276EA639670:[4b00ac97-4cb7-4a9d-94c1-352d586145ce|rpc:10.1.0.139:40743|priority:0, 065c35c4-589e-4734-a2ae-f81921a7b502|rpc:10.1.0.139:40325|priority:1, c5bb7b7c-f843-4853-908b-bcc4fc6b3433|rpc:10.1.0.139:42649|priority:0] returns group-B276EA639670:java.util.concurrent.CompletableFuture@2b5e3161[Not completed]
2022-10-13 11:28:24,123 [pool-118-thread-1] INFO  server.RaftServerConfigKeys (ConfUtils.java:logGet(46)) - raft.server.storage.free-space.min = 0MB (=0) (default)
2022-10-13 11:28:24,124 [pool-118-thread-1] INFO  storage.RaftStorageDirectory (RaftStorageDirectoryImpl.java:analyzeStorage(135)) - The storage directory /home/runner/work/ozone/ozone/hadoop-ozone/integration-test/target/test-dir/MiniOzoneClusterImpl-434ffb35-82cd-4fed-a90c-5d1117f9018e/datanode-2/data/ratis/b55aeffe-bebf-44a1-8824-b276ea639670 does not exist. Creating ...
2022-10-13 11:28:24,124 [pool-95-thread-1] INFO  server.RaftServer$Division (RaftServerImpl.java:<init>(190)) - 4b00ac97-4cb7-4a9d-94c1-352d586145ce: new RaftServerImpl for group-B276EA639670:[4b00ac97-4cb7-4a9d-94c1-352d586145ce|rpc:10.1.0.139:40743|priority:0, 065c35c4-589e-4734-a2ae-f81921a7b502|rpc:10.1.0.139:40325|priority:1, c5bb7b7c-f843-4853-908b-bcc4fc6b3433|rpc:10.1.0.139:42649|priority:0] with ContainerStateMachine:uninitialized
2022-10-13 11:28:24,125 [pool-95-thread-1] INFO  server.RaftServerConfigKeys (ConfUtils.java:logGet(46)) - raft.server.rpc.timeout.min = 5s (custom)
2022-10-13 11:28:24,123 [pool-72-thread-1] INFO  server.RaftServerConfigKeys (ConfUtils.java:logGet(46)) - raft.server.snapshot.retention.file.num = 5 (custom)
2022-10-13 11:28:24,125 [pool-72-thread-1] INFO  server.RaftServerConfigKeys (ConfUtils.java:logGet(46)) - raft.server.log.purge.upto.snapshot.index = false (default)
2022-10-13 11:28:24,125 [pool-118-thread-1] INFO  storage.RaftStorageDirectory (RaftStorageDirectoryImpl.java:tryLock(230)) - Lock on /home/runner/work/ozone/ozone/hadoop-ozone/integration-test/target/test-dir/MiniOzoneClusterImpl-434ffb35-82cd-4fed-a90c-5d1117f9018e/datanode-2/data/ratis/b55aeffe-bebf-44a1-8824-b276ea639670/in_use.lock acquired by nodename 2264@fv-az447-90
2022-10-13 11:28:24,125 [pool-95-thread-1] INFO  server.RaftServerConfigKeys (ConfUtils.java:logGet(46)) - raft.server.rpc.timeout.max = 5200ms (custom)
2022-10-13 11:28:24,125 [pool-95-thread-1] INFO  server.RaftServerConfigKeys (ConfUtils.java:logGet(46)) - raft.server.rpc.sleep.time = 25ms (default)
2022-10-13 11:28:24,125 [pool-95-thread-1] INFO  server.RaftServerConfigKeys (ConfUtils.java:logGet(46)) - raft.server.rpc.slowness.timeout = 300s (custom)
2022-10-13 11:28:24,125 [pool-95-thread-1] INFO  server.RaftServerConfigKeys (ConfUtils.java:logGet(46)) - raft.server.leaderelection.leader.step-down.wait-time = 10s (default)
2022-10-13 11:28:24,125 [pool-95-thread-1] INFO  server.RaftServerConfigKeys (ConfUtils.java:logGet(46)) - raft.server.sleep.deviation.threshold = 300ms (default)
2022-10-13 11:28:24,126 [pool-95-thread-1] INFO  server.RaftServer$Division (ServerState.java:<init>(107)) - 4b00ac97-4cb7-4a9d-94c1-352d586145ce@group-B276EA639670: ConfigurationManager, init=-1: [4b00ac97-4cb7-4a9d-94c1-352d586145ce|rpc:10.1.0.139:40743|priority:0, 065c35c4-589e-4734-a2ae-f81921a7b502|rpc:10.1.0.139:40325|priority:1, c5bb7b7c-f843-4853-908b-bcc4fc6b3433|rpc:10.1.0.139:42649|priority:0], old=null, confs=<EMPTY_MAP>
2022-10-13 11:28:24,126 [pool-95-thread-1] INFO  server.RaftServerConfigKeys (ConfUtils.java:logGet(46)) - raft.server.storage.dir = [/home/runner/work/ozone/ozone/hadoop-ozone/integration-test/target/test-dir/MiniOzoneClusterImpl-434ffb35-82cd-4fed-a90c-5d1117f9018e/datanode-1/data/ratis] (custom)
2022-10-13 11:28:24,126 [pool-95-thread-1] INFO  server.RaftServerConfigKeys (ConfUtils.java:logGet(46)) - raft.server.log.corruption.policy = EXCEPTION (default)
2022-10-13 11:28:24,126 [pool-95-thread-1] INFO  server.RaftServerConfigKeys (ConfUtils.java:logGet(46)) - raft.server.storage.free-space.min = 0MB (=0) (default)
2022-10-13 11:28:24,126 [pool-95-thread-1] INFO  storage.RaftStorageDirectory (RaftStorageDirectoryImpl.java:analyzeStorage(135)) - The storage directory /home/runner/work/ozone/ozone/hadoop-ozone/integration-test/target/test-dir/MiniOzoneClusterImpl-434ffb35-82cd-4fed-a90c-5d1117f9018e/datanode-1/data/ratis/b55aeffe-bebf-44a1-8824-b276ea639670 does not exist. Creating ...
2022-10-13 11:28:24,125 [pool-72-thread-1] INFO  server.RaftServerConfigKeys (ConfUtils.java:logGet(46)) - raft.server.retrycache.expirytime = 600000ms (custom)
2022-10-13 11:28:24,126 [pool-72-thread-1] INFO  server.RaftServerConfigKeys (ConfUtils.java:logGet(46)) - raft.server.retrycache.statistics.expirytime = 100μs (default)
2022-10-13 11:28:24,128 [pool-118-thread-1] INFO  storage.RaftStorage (RaftStorageImpl.java:format(89)) - Storage directory /home/runner/work/ozone/ozone/hadoop-ozone/integration-test/target/test-dir/MiniOzoneClusterImpl-434ffb35-82cd-4fed-a90c-5d1117f9018e/datanode-2/data/ratis/b55aeffe-bebf-44a1-8824-b276ea639670 has been successfully formatted.
2022-10-13 11:28:24,128 [pool-72-thread-1] INFO  server.RaftServerConfigKeys (ConfUtils.java:logGet(46)) - raft.server.log.appender.install.snapshot.enabled = false (custom)
2022-10-13 11:28:24,132 [pool-72-thread-1] INFO  server.RaftServerConfigKeys (ConfUtils.java:logGet(46)) - raft.server.threadpool.server.cached = true (default)
2022-10-13 11:28:24,132 [pool-95-thread-1] INFO  storage.RaftStorageDirectory (RaftStorageDirectoryImpl.java:tryLock(230)) - Lock on /home/runner/work/ozone/ozone/hadoop-ozone/integration-test/target/test-dir/MiniOzoneClusterImpl-434ffb35-82cd-4fed-a90c-5d1117f9018e/datanode-1/data/ratis/b55aeffe-bebf-44a1-8824-b276ea639670/in_use.lock acquired by nodename 2264@fv-az447-90
2022-10-13 11:28:24,128 [pool-118-thread-1] INFO  ratis.ContainerStateMachine (ContainerStateMachine.java:loadSnapshot(236)) - group-B276EA639670: The snapshot info is null. Setting the last applied indexto:(t:0, i:~)
2022-10-13 11:28:24,133 [pool-118-thread-1] INFO  server.RaftServerConfigKeys (ConfUtils.java:logGet(46)) - raft.server.notification.no-leader.timeout = 300s (custom)
2022-10-13 11:28:24,133 [pool-118-thread-1] INFO  server.RaftServerConfigKeys (ConfUtils.java:logGet(46)) - raft.server.log.use.memory = false (default)
2022-10-13 11:28:24,133 [pool-118-thread-1] INFO  server.RaftServerConfigKeys (ConfUtils.java:logGet(46)) - raft.server.log.purge.gap = 1000000 (custom)
2022-10-13 11:28:24,133 [pool-118-thread-1] INFO  server.RaftServerConfigKeys (ConfUtils.java:logGet(46)) - raft.server.log.appender.buffer.byte-limit = 33554432 (custom)
2022-10-13 11:28:24,133 [pool-118-thread-1] INFO  server.RaftServerConfigKeys (ConfUtils.java:logGet(46)) - raft.server.log.statemachine.data.read.timeout = 1000ms (default)
2022-10-13 11:28:24,134 [EventQueue-OpenPipelineForHealthyPipelineSafeModeRule] INFO  safemode.SCMSafeModeManager (HealthyPipelineSafeModeRule.java:process(137)) - SCM in safe mode. Healthy pipelines reported count is 0, required healthy pipeline reported count is 1
2022-10-13 11:28:24,134 [pool-118-thread-1] INFO  server.RaftServerConfigKeys (ConfUtils.java:logGet(46)) - raft.server.log.segment.size.max = 1048576 (custom)
2022-10-13 11:28:24,135 [pool-118-thread-1] INFO  server.RaftServerConfigKeys (ConfUtils.java:logGet(46)) - raft.server.log.segment.cache.num.max = 2 (custom)
2022-10-13 11:28:24,135 [pool-118-thread-1] INFO  server.RaftServerConfigKeys (ConfUtils.java:logGet(46)) - raft.server.log.segment.cache.size.max = 200MB (=209715200) (default)
2022-10-13 11:28:24,135 [pool-118-thread-1] INFO  segmented.SegmentedRaftLogWorker (SegmentedRaftLogWorker.java:<init>(187)) - new c5bb7b7c-f843-4853-908b-bcc4fc6b3433@group-B276EA639670-SegmentedRaftLogWorker for RaftStorageImpl:Storage Directory /home/runner/work/ozone/ozone/hadoop-ozone/integration-test/target/test-dir/MiniOzoneClusterImpl-434ffb35-82cd-4fed-a90c-5d1117f9018e/datanode-2/data/ratis/b55aeffe-bebf-44a1-8824-b276ea639670
2022-10-13 11:28:24,135 [pool-118-thread-1] INFO  server.RaftServerConfigKeys (ConfUtils.java:logGet(46)) - raft.server.log.queue.byte-limit = 4294967296 (custom)
2022-10-13 11:28:24,135 [pool-118-thread-1] INFO  server.RaftServerConfigKeys (ConfUtils.java:logGet(46)) - raft.server.log.queue.element-limit = 1024 (custom)
2022-10-13 11:28:24,135 [pool-118-thread-1] INFO  server.RaftServerConfigKeys (ConfUtils.java:logGet(46)) - raft.server.log.segment.size.max = 1048576 (custom)
2022-10-13 11:28:24,135 [pool-118-thread-1] INFO  server.RaftServerConfigKeys (ConfUtils.java:logGet(46)) - raft.server.log.preallocated.size = 16384 (custom)
2022-10-13 11:28:24,135 [pool-118-thread-1] INFO  server.RaftServerConfigKeys (ConfUtils.java:logGet(46)) - raft.server.log.force.sync.num = 128 (default)
2022-10-13 11:28:24,135 [pool-118-thread-1] INFO  server.RaftServerConfigKeys (ConfUtils.java:logGet(46)) - raft.server.log.statemachine.data.sync = true (default)
2022-10-13 11:28:24,135 [pool-118-thread-1] INFO  server.RaftServerConfigKeys (ConfUtils.java:logGet(46)) - raft.server.log.statemachine.data.sync.timeout = 10s (default)
2022-10-13 11:28:24,136 [pool-118-thread-1] INFO  server.RaftServerConfigKeys (ConfUtils.java:logGet(46)) - raft.server.log.statemachine.data.sync.timeout.retry = -1 (default)
2022-10-13 11:28:24,136 [pool-118-thread-1] INFO  server.RaftServerConfigKeys (ConfUtils.java:logGet(46)) - raft.server.log.write.buffer.size = 1048576 (custom)
2022-10-13 11:28:24,137 [pool-118-thread-1] INFO  server.RaftServerConfigKeys (ConfUtils.java:logGet(46)) - raft.server.log.unsafe-flush.enabled = false (default)
2022-10-13 11:28:24,137 [pool-118-thread-1] INFO  server.RaftServerConfigKeys (ConfUtils.java:logGet(46)) - raft.server.log.statemachine.data.caching.enabled = true (custom)
2022-10-13 11:28:24,137 [pool-118-thread-1] INFO  segmented.SegmentedRaftLogWorker (SegmentedRaftLogWorker.java:lambda$new$0(135)) - c5bb7b7c-f843-4853-908b-bcc4fc6b3433@group-B276EA639670-SegmentedRaftLogWorker: flushIndex: setUnconditionally 0 -> -1
2022-10-13 11:28:24,137 [pool-118-thread-1] INFO  segmented.SegmentedRaftLogWorker (SegmentedRaftLogWorker.java:lambda$new$0(135)) - c5bb7b7c-f843-4853-908b-bcc4fc6b3433@group-B276EA639670-SegmentedRaftLogWorker: safeCacheEvictIndex: setUnconditionally 0 -> -1
2022-10-13 11:28:24,138 [pool-118-thread-1] INFO  server.RaftServerConfigKeys (ConfUtils.java:logGet(46)) - raft.server.snapshot.auto.trigger.enabled = true (custom)
2022-10-13 11:28:24,138 [pool-118-thread-1] INFO  server.RaftServerConfigKeys (ConfUtils.java:logGet(46)) - raft.server.snapshot.auto.trigger.threshold = 10000 (custom)
2022-10-13 11:28:24,138 [pool-118-thread-1] INFO  server.RaftServerConfigKeys (ConfUtils.java:logGet(46)) - raft.server.snapshot.retention.file.num = 5 (custom)
2022-10-13 11:28:24,138 [pool-118-thread-1] INFO  server.RaftServerConfigKeys (ConfUtils.java:logGet(46)) - raft.server.log.purge.upto.snapshot.index = false (default)
2022-10-13 11:28:24,138 [pool-118-thread-1] INFO  server.RaftServerConfigKeys (ConfUtils.java:logGet(46)) - raft.server.retrycache.expirytime = 600000ms (custom)
2022-10-13 11:28:24,138 [pool-118-thread-1] INFO  server.RaftServerConfigKeys (ConfUtils.java:logGet(46)) - raft.server.retrycache.statistics.expirytime = 100μs (default)
2022-10-13 11:28:24,139 [pool-118-thread-1] INFO  server.RaftServerConfigKeys (ConfUtils.java:logGet(46)) - raft.server.log.appender.install.snapshot.enabled = false (custom)
2022-10-13 11:28:24,139 [pool-118-thread-1] INFO  server.RaftServerConfigKeys (ConfUtils.java:logGet(46)) - raft.server.threadpool.server.cached = true (default)
2022-10-13 11:28:24,139 [pool-118-thread-1] INFO  server.RaftServerConfigKeys (ConfUtils.java:logGet(46)) - raft.server.threadpool.server.size = 0 (default)
2022-10-13 11:28:24,139 [pool-118-thread-1] INFO  server.RaftServerConfigKeys (ConfUtils.java:logGet(46)) - raft.server.threadpool.client.cached = true (default)
2022-10-13 11:28:24,139 [pool-118-thread-1] INFO  server.RaftServerConfigKeys (ConfUtils.java:logGet(46)) - raft.server.threadpool.client.size = 0 (default)
2022-10-13 11:28:24,139 [pool-118-thread-1] INFO  server.RaftServer$Division (RaftServerImpl.java:start(310)) - c5bb7b7c-f843-4853-908b-bcc4fc6b3433@group-B276EA639670: start as a follower, conf=-1: [4b00ac97-4cb7-4a9d-94c1-352d586145ce|rpc:10.1.0.139:40743|priority:0, 065c35c4-589e-4734-a2ae-f81921a7b502|rpc:10.1.0.139:40325|priority:1, c5bb7b7c-f843-4853-908b-bcc4fc6b3433|rpc:10.1.0.139:42649|priority:0], old=null
2022-10-13 11:28:24,139 [pool-118-thread-1] INFO  server.RaftServer$Division (RaftServerImpl.java:setRole(299)) - c5bb7b7c-f843-4853-908b-bcc4fc6b3433@group-B276EA639670: changes role from      null to FOLLOWER at term 0 for startAsFollower
2022-10-13 11:28:24,140 [pool-118-thread-1] INFO  impl.RoleInfo (RoleInfo.java:updateAndGet(139)) - c5bb7b7c-f843-4853-908b-bcc4fc6b3433: start c5bb7b7c-f843-4853-908b-bcc4fc6b3433@group-B276EA639670-FollowerState
2022-10-13 11:28:24,140 [pool-118-thread-1] INFO  util.JmxRegister (JmxRegister.java:tryRegister(44)) - Successfully registered JMX Bean with object name Ratis:service=RaftServer,group=group-B276EA639670,id=c5bb7b7c-f843-4853-908b-bcc4fc6b3433
2022-10-13 11:28:24,141 [Command processor thread] INFO  ratis.XceiverServerRatis (XceiverServerRatis.java:addGroup(765)) - Created group PipelineID=b55aeffe-bebf-44a1-8824-b276ea639670
2022-10-13 11:28:24,133 [pool-72-thread-1] INFO  server.RaftServerConfigKeys (ConfUtils.java:logGet(46)) - raft.server.threadpool.server.size = 0 (default)
2022-10-13 11:28:24,146 [pool-72-thread-1] INFO  server.RaftServerConfigKeys (ConfUtils.java:logGet(46)) - raft.server.threadpool.client.cached = true (default)
2022-10-13 11:28:24,146 [pool-72-thread-1] INFO  server.RaftServerConfigKeys (ConfUtils.java:logGet(46)) - raft.server.threadpool.client.size = 0 (default)
2022-10-13 11:28:24,146 [pool-72-thread-1] INFO  server.RaftServer$Division (RaftServerImpl.java:start(310)) - 065c35c4-589e-4734-a2ae-f81921a7b502@group-B276EA639670: start as a follower, conf=-1: [4b00ac97-4cb7-4a9d-94c1-352d586145ce|rpc:10.1.0.139:40743|priority:0, 065c35c4-589e-4734-a2ae-f81921a7b502|rpc:10.1.0.139:40325|priority:1, c5bb7b7c-f843-4853-908b-bcc4fc6b3433|rpc:10.1.0.139:42649|priority:0], old=null
2022-10-13 11:28:24,146 [pool-72-thread-1] INFO  server.RaftServer$Division (RaftServerImpl.java:setRole(299)) - 065c35c4-589e-4734-a2ae-f81921a7b502@group-B276EA639670: changes role from      null to FOLLOWER at term 0 for startAsFollower
2022-10-13 11:28:24,146 [pool-72-thread-1] INFO  impl.RoleInfo (RoleInfo.java:updateAndGet(139)) - 065c35c4-589e-4734-a2ae-f81921a7b502: start 065c35c4-589e-4734-a2ae-f81921a7b502@group-B276EA639670-FollowerState
2022-10-13 11:28:24,146 [pool-95-thread-1] INFO  storage.RaftStorage (RaftStorageImpl.java:format(89)) - Storage directory /home/runner/work/ozone/ozone/hadoop-ozone/integration-test/target/test-dir/MiniOzoneClusterImpl-434ffb35-82cd-4fed-a90c-5d1117f9018e/datanode-1/data/ratis/b55aeffe-bebf-44a1-8824-b276ea639670 has been successfully formatted.
2022-10-13 11:28:24,149 [pool-72-thread-1] INFO  util.JmxRegister (JmxRegister.java:tryRegister(44)) - Successfully registered JMX Bean with object name Ratis:service=RaftServer,group=group-B276EA639670,id=065c35c4-589e-4734-a2ae-f81921a7b502
2022-10-13 11:28:24,159 [pool-95-thread-1] INFO  ratis.ContainerStateMachine (ContainerStateMachine.java:loadSnapshot(236)) - group-B276EA639670: The snapshot info is null. Setting the last applied indexto:(t:0, i:~)
2022-10-13 11:28:24,160 [pool-95-thread-1] INFO  server.RaftServerConfigKeys (ConfUtils.java:logGet(46)) - raft.server.notification.no-leader.timeout = 300s (custom)
2022-10-13 11:28:24,160 [pool-95-thread-1] INFO  server.RaftServerConfigKeys (ConfUtils.java:logGet(46)) - raft.server.log.use.memory = false (default)
2022-10-13 11:28:24,160 [pool-95-thread-1] INFO  server.RaftServerConfigKeys (ConfUtils.java:logGet(46)) - raft.server.log.purge.gap = 1000000 (custom)
2022-10-13 11:28:24,160 [pool-95-thread-1] INFO  server.RaftServerConfigKeys (ConfUtils.java:logGet(46)) - raft.server.log.appender.buffer.byte-limit = 33554432 (custom)
2022-10-13 11:28:24,160 [pool-95-thread-1] INFO  server.RaftServerConfigKeys (ConfUtils.java:logGet(46)) - raft.server.log.statemachine.data.read.timeout = 1000ms (default)
2022-10-13 11:28:24,160 [pool-95-thread-1] INFO  server.RaftServerConfigKeys (ConfUtils.java:logGet(46)) - raft.server.log.segment.size.max = 1048576 (custom)
2022-10-13 11:28:24,161 [pool-95-thread-1] INFO  server.RaftServerConfigKeys (ConfUtils.java:logGet(46)) - raft.server.log.segment.cache.num.max = 2 (custom)
2022-10-13 11:28:24,161 [pool-95-thread-1] INFO  server.RaftServerConfigKeys (ConfUtils.java:logGet(46)) - raft.server.log.segment.cache.size.max = 200MB (=209715200) (default)
2022-10-13 11:28:24,161 [pool-95-thread-1] INFO  segmented.SegmentedRaftLogWorker (SegmentedRaftLogWorker.java:<init>(187)) - new 4b00ac97-4cb7-4a9d-94c1-352d586145ce@group-B276EA639670-SegmentedRaftLogWorker for RaftStorageImpl:Storage Directory /home/runner/work/ozone/ozone/hadoop-ozone/integration-test/target/test-dir/MiniOzoneClusterImpl-434ffb35-82cd-4fed-a90c-5d1117f9018e/datanode-1/data/ratis/b55aeffe-bebf-44a1-8824-b276ea639670
2022-10-13 11:28:24,161 [pool-95-thread-1] INFO  server.RaftServerConfigKeys (ConfUtils.java:logGet(46)) - raft.server.log.queue.byte-limit = 4294967296 (custom)
2022-10-13 11:28:24,161 [pool-95-thread-1] INFO  server.RaftServerConfigKeys (ConfUtils.java:logGet(46)) - raft.server.log.queue.element-limit = 1024 (custom)
2022-10-13 11:28:24,161 [pool-95-thread-1] INFO  server.RaftServerConfigKeys (ConfUtils.java:logGet(46)) - raft.server.log.segment.size.max = 1048576 (custom)
2022-10-13 11:28:24,161 [pool-95-thread-1] INFO  server.RaftServerConfigKeys (ConfUtils.java:logGet(46)) - raft.server.log.preallocated.size = 16384 (custom)
2022-10-13 11:28:24,161 [pool-95-thread-1] INFO  server.RaftServerConfigKeys (ConfUtils.java:logGet(46)) - raft.server.log.force.sync.num = 128 (default)
2022-10-13 11:28:24,161 [pool-95-thread-1] INFO  server.RaftServerConfigKeys (ConfUtils.java:logGet(46)) - raft.server.log.statemachine.data.sync = true (default)
2022-10-13 11:28:24,161 [pool-95-thread-1] INFO  server.RaftServerConfigKeys (ConfUtils.java:logGet(46)) - raft.server.log.statemachine.data.sync.timeout = 10s (default)
2022-10-13 11:28:24,162 [pool-95-thread-1] INFO  server.RaftServerConfigKeys (ConfUtils.java:logGet(46)) - raft.server.log.statemachine.data.sync.timeout.retry = -1 (default)
2022-10-13 11:28:24,162 [pool-95-thread-1] INFO  server.RaftServerConfigKeys (ConfUtils.java:logGet(46)) - raft.server.log.write.buffer.size = 1048576 (custom)
2022-10-13 11:28:24,164 [EventQueue-OpenPipelineForHealthyPipelineSafeModeRule] INFO  safemode.SCMSafeModeManager (HealthyPipelineSafeModeRule.java:process(137)) - SCM in safe mode. Healthy pipelines reported count is 0, required healthy pipeline reported count is 1
2022-10-13 11:28:24,165 [Command processor thread] INFO  ratis.XceiverServerRatis (XceiverServerRatis.java:addGroup(765)) - Created group PipelineID=b55aeffe-bebf-44a1-8824-b276ea639670
2022-10-13 11:28:24,169 [pool-95-thread-1] INFO  server.RaftServerConfigKeys (ConfUtils.java:logGet(46)) - raft.server.log.unsafe-flush.enabled = false (default)
2022-10-13 11:28:24,179 [pool-95-thread-1] INFO  server.RaftServerConfigKeys (ConfUtils.java:logGet(46)) - raft.server.log.statemachine.data.caching.enabled = true (custom)
2022-10-13 11:28:24,179 [pool-95-thread-1] INFO  segmented.SegmentedRaftLogWorker (SegmentedRaftLogWorker.java:lambda$new$0(135)) - 4b00ac97-4cb7-4a9d-94c1-352d586145ce@group-B276EA639670-SegmentedRaftLogWorker: flushIndex: setUnconditionally 0 -> -1
2022-10-13 11:28:24,180 [pool-95-thread-1] INFO  segmented.SegmentedRaftLogWorker (SegmentedRaftLogWorker.java:lambda$new$0(135)) - 4b00ac97-4cb7-4a9d-94c1-352d586145ce@group-B276EA639670-SegmentedRaftLogWorker: safeCacheEvictIndex: setUnconditionally 0 -> -1
2022-10-13 11:28:24,182 [pool-95-thread-1] INFO  server.RaftServerConfigKeys (ConfUtils.java:logGet(46)) - raft.server.snapshot.auto.trigger.enabled = true (custom)
2022-10-13 11:28:24,182 [pool-95-thread-1] INFO  server.RaftServerConfigKeys (ConfUtils.java:logGet(46)) - raft.server.snapshot.auto.trigger.threshold = 10000 (custom)
2022-10-13 11:28:24,182 [pool-95-thread-1] INFO  server.RaftServerConfigKeys (ConfUtils.java:logGet(46)) - raft.server.snapshot.retention.file.num = 5 (custom)
2022-10-13 11:28:24,183 [pool-95-thread-1] INFO  server.RaftServerConfigKeys (ConfUtils.java:logGet(46)) - raft.server.log.purge.upto.snapshot.index = false (default)
2022-10-13 11:28:24,183 [pool-95-thread-1] INFO  server.RaftServerConfigKeys (ConfUtils.java:logGet(46)) - raft.server.retrycache.expirytime = 600000ms (custom)
2022-10-13 11:28:24,183 [pool-95-thread-1] INFO  server.RaftServerConfigKeys (ConfUtils.java:logGet(46)) - raft.server.retrycache.statistics.expirytime = 100μs (default)
2022-10-13 11:28:24,184 [pool-95-thread-1] INFO  server.RaftServerConfigKeys (ConfUtils.java:logGet(46)) - raft.server.log.appender.install.snapshot.enabled = false (custom)
2022-10-13 11:28:24,184 [pool-95-thread-1] INFO  server.RaftServerConfigKeys (ConfUtils.java:logGet(46)) - raft.server.threadpool.server.cached = true (default)
2022-10-13 11:28:24,184 [pool-95-thread-1] INFO  server.RaftServerConfigKeys (ConfUtils.java:logGet(46)) - raft.server.threadpool.server.size = 0 (default)
2022-10-13 11:28:24,184 [pool-95-thread-1] INFO  server.RaftServerConfigKeys (ConfUtils.java:logGet(46)) - raft.server.threadpool.client.cached = true (default)
2022-10-13 11:28:24,184 [pool-95-thread-1] INFO  server.RaftServerConfigKeys (ConfUtils.java:logGet(46)) - raft.server.threadpool.client.size = 0 (default)
2022-10-13 11:28:24,184 [pool-95-thread-1] INFO  server.RaftServer$Division (RaftServerImpl.java:start(310)) - 4b00ac97-4cb7-4a9d-94c1-352d586145ce@group-B276EA639670: start as a follower, conf=-1: [4b00ac97-4cb7-4a9d-94c1-352d586145ce|rpc:10.1.0.139:40743|priority:0, 065c35c4-589e-4734-a2ae-f81921a7b502|rpc:10.1.0.139:40325|priority:1, c5bb7b7c-f843-4853-908b-bcc4fc6b3433|rpc:10.1.0.139:42649|priority:0], old=null
2022-10-13 11:28:24,184 [pool-95-thread-1] INFO  server.RaftServer$Division (RaftServerImpl.java:setRole(299)) - 4b00ac97-4cb7-4a9d-94c1-352d586145ce@group-B276EA639670: changes role from      null to FOLLOWER at term 0 for startAsFollower
2022-10-13 11:28:24,184 [pool-95-thread-1] INFO  impl.RoleInfo (RoleInfo.java:updateAndGet(139)) - 4b00ac97-4cb7-4a9d-94c1-352d586145ce: start 4b00ac97-4cb7-4a9d-94c1-352d586145ce@group-B276EA639670-FollowerState
2022-10-13 11:28:24,186 [pool-95-thread-1] INFO  util.JmxRegister (JmxRegister.java:tryRegister(44)) - Successfully registered JMX Bean with object name Ratis:service=RaftServer,group=group-B276EA639670,id=4b00ac97-4cb7-4a9d-94c1-352d586145ce
2022-10-13 11:28:24,189 [Command processor thread] INFO  ratis.XceiverServerRatis (XceiverServerRatis.java:addGroup(765)) - Created group PipelineID=b55aeffe-bebf-44a1-8824-b276ea639670
2022-10-13 11:28:24,290 [Command processor thread] INFO  commandhandler.CreatePipelineCommandHandler (CreatePipelineCommandHandler.java:handle(113)) - Created Pipeline RATIS THREE PipelineID=b55aeffe-bebf-44a1-8824-b276ea639670.
2022-10-13 11:28:24,292 [Command processor thread] INFO  commandhandler.CreatePipelineCommandHandler (CreatePipelineCommandHandler.java:handle(113)) - Created Pipeline RATIS THREE PipelineID=b55aeffe-bebf-44a1-8824-b276ea639670.
2022-10-13 11:28:24,297 [Command processor thread] INFO  commandhandler.CreatePipelineCommandHandler (CreatePipelineCommandHandler.java:handle(113)) - Created Pipeline RATIS THREE PipelineID=b55aeffe-bebf-44a1-8824-b276ea639670.
2022-10-13 11:28:24,375 [Listener at 127.0.0.1/43103] INFO  ozone.MiniOzoneClusterImpl (MiniOzoneClusterImpl.java:lambda$waitForClusterToBeReady$0(216)) - Nodes are ready. Got 3 of 3 DN Heartbeats.
2022-10-13 11:28:24,375 [Listener at 127.0.0.1/43103] INFO  ozone.MiniOzoneClusterImpl (MiniOzoneClusterImpl.java:lambda$waitForClusterToBeReady$0(219)) - Waiting for cluster to exit safe mode
2022-10-13 11:28:24,376 [Listener at 127.0.0.1/43103] INFO  ozone.MiniOzoneClusterImpl (MiniOzoneClusterImpl.java:lambda$waitForClusterToBeReady$0(221)) - SCM became leader
2022-10-13 11:28:25,376 [Listener at 127.0.0.1/43103] INFO  ozone.MiniOzoneClusterImpl (MiniOzoneClusterImpl.java:lambda$waitForClusterToBeReady$0(216)) - Nodes are ready. Got 3 of 3 DN Heartbeats.
2022-10-13 11:28:25,376 [Listener at 127.0.0.1/43103] INFO  ozone.MiniOzoneClusterImpl (MiniOzoneClusterImpl.java:lambda$waitForClusterToBeReady$0(219)) - Waiting for cluster to exit safe mode
2022-10-13 11:28:25,376 [Listener at 127.0.0.1/43103] INFO  ozone.MiniOzoneClusterImpl (MiniOzoneClusterImpl.java:lambda$waitForClusterToBeReady$0(221)) - SCM became leader
2022-10-13 11:28:26,377 [Listener at 127.0.0.1/43103] INFO  ozone.MiniOzoneClusterImpl (MiniOzoneClusterImpl.java:lambda$waitForClusterToBeReady$0(216)) - Nodes are ready. Got 3 of 3 DN Heartbeats.
2022-10-13 11:28:26,377 [Listener at 127.0.0.1/43103] INFO  ozone.MiniOzoneClusterImpl (MiniOzoneClusterImpl.java:lambda$waitForClusterToBeReady$0(219)) - Waiting for cluster to exit safe mode
2022-10-13 11:28:26,377 [Listener at 127.0.0.1/43103] INFO  ozone.MiniOzoneClusterImpl (MiniOzoneClusterImpl.java:lambda$waitForClusterToBeReady$0(221)) - SCM became leader
2022-10-13 11:28:27,377 [Listener at 127.0.0.1/43103] INFO  ozone.MiniOzoneClusterImpl (MiniOzoneClusterImpl.java:lambda$waitForClusterToBeReady$0(216)) - Nodes are ready. Got 3 of 3 DN Heartbeats.
2022-10-13 11:28:27,378 [Listener at 127.0.0.1/43103] INFO  ozone.MiniOzoneClusterImpl (MiniOzoneClusterImpl.java:lambda$waitForClusterToBeReady$0(219)) - Waiting for cluster to exit safe mode
2022-10-13 11:28:27,378 [Listener at 127.0.0.1/43103] INFO  ozone.MiniOzoneClusterImpl (MiniOzoneClusterImpl.java:lambda$waitForClusterToBeReady$0(221)) - SCM became leader
2022-10-13 11:28:27,676 [065c35c4-589e-4734-a2ae-f81921a7b502@group-2340520E46ED-FollowerState] INFO  impl.FollowerState (FollowerState.java:run(143)) - 065c35c4-589e-4734-a2ae-f81921a7b502@group-2340520E46ED-FollowerState: change to CANDIDATE, lastRpcElapsedTime:5026273478ns, electionTimeout:5022ms
2022-10-13 11:28:27,676 [065c35c4-589e-4734-a2ae-f81921a7b502@group-2340520E46ED-FollowerState] INFO  impl.RoleInfo (RoleInfo.java:shutdownFollowerState(110)) - 065c35c4-589e-4734-a2ae-f81921a7b502: shutdown 065c35c4-589e-4734-a2ae-f81921a7b502@group-2340520E46ED-FollowerState
2022-10-13 11:28:27,676 [065c35c4-589e-4734-a2ae-f81921a7b502@group-2340520E46ED-FollowerState] INFO  server.RaftServer$Division (RaftServerImpl.java:setRole(299)) - 065c35c4-589e-4734-a2ae-f81921a7b502@group-2340520E46ED: changes role from  FOLLOWER to CANDIDATE at term 0 for changeToCandidate
2022-10-13 11:28:27,676 [065c35c4-589e-4734-a2ae-f81921a7b502@group-2340520E46ED-FollowerState] INFO  server.RaftServerConfigKeys (ConfUtils.java:logGet(46)) - raft.server.leaderelection.pre-vote = false (custom)
2022-10-13 11:28:27,677 [065c35c4-589e-4734-a2ae-f81921a7b502@group-2340520E46ED-FollowerState] INFO  impl.RoleInfo (RoleInfo.java:updateAndGet(139)) - 065c35c4-589e-4734-a2ae-f81921a7b502: start 065c35c4-589e-4734-a2ae-f81921a7b502@group-2340520E46ED-LeaderElection2
2022-10-13 11:28:27,680 [065c35c4-589e-4734-a2ae-f81921a7b502@group-2340520E46ED-LeaderElection2] INFO  impl.LeaderElection (LeaderElection.java:askForVotes(310)) - 065c35c4-589e-4734-a2ae-f81921a7b502@group-2340520E46ED-LeaderElection2 ELECTION round 0: submit vote requests at term 1 for -1: [065c35c4-589e-4734-a2ae-f81921a7b502|rpc:10.1.0.139:40325|priority:1], old=null
2022-10-13 11:28:27,681 [065c35c4-589e-4734-a2ae-f81921a7b502@group-2340520E46ED-LeaderElection2] INFO  impl.LeaderElection (LeaderElection.java:askForVotes(312)) - 065c35c4-589e-4734-a2ae-f81921a7b502@group-2340520E46ED-LeaderElection2 ELECTION round 0: result PASSED (term=1)
2022-10-13 11:28:27,681 [065c35c4-589e-4734-a2ae-f81921a7b502@group-2340520E46ED-LeaderElection2] INFO  impl.RoleInfo (RoleInfo.java:shutdownLeaderElection(130)) - 065c35c4-589e-4734-a2ae-f81921a7b502: shutdown 065c35c4-589e-4734-a2ae-f81921a7b502@group-2340520E46ED-LeaderElection2
2022-10-13 11:28:27,681 [065c35c4-589e-4734-a2ae-f81921a7b502@group-2340520E46ED-LeaderElection2] INFO  server.RaftServer$Division (RaftServerImpl.java:setRole(299)) - 065c35c4-589e-4734-a2ae-f81921a7b502@group-2340520E46ED: changes role from CANDIDATE to LEADER at term 1 for changeToLeader
2022-10-13 11:28:27,681 [065c35c4-589e-4734-a2ae-f81921a7b502@group-2340520E46ED-LeaderElection2] INFO  ratis.XceiverServerRatis (XceiverServerRatis.java:handleLeaderChangedNotification(863)) - Leader change notification received for group: group-2340520E46ED with new leaderId: 065c35c4-589e-4734-a2ae-f81921a7b502
2022-10-13 11:28:27,681 [065c35c4-589e-4734-a2ae-f81921a7b502@group-2340520E46ED-LeaderElection2] INFO  server.RaftServer$Division (ServerState.java:setLeader(287)) - 065c35c4-589e-4734-a2ae-f81921a7b502@group-2340520E46ED: change Leader from null to 065c35c4-589e-4734-a2ae-f81921a7b502 at term 1 for becomeLeader, leader elected after 5046ms
2022-10-13 11:28:27,681 [065c35c4-589e-4734-a2ae-f81921a7b502@group-2340520E46ED-LeaderElection2] INFO  server.RaftServerConfigKeys (ConfUtils.java:logGet(46)) - raft.server.staging.catchup.gap = 1000 (default)
2022-10-13 11:28:27,682 [065c35c4-589e-4734-a2ae-f81921a7b502@group-2340520E46ED-LeaderElection2] INFO  server.RaftServerConfigKeys (ConfUtils.java:logGet(46)) - raft.server.write.element-limit = 1024 (custom)
2022-10-13 11:28:27,682 [065c35c4-589e-4734-a2ae-f81921a7b502@group-2340520E46ED-LeaderElection2] INFO  server.RaftServerConfigKeys (ConfUtils.java:logGet(46)) - raft.server.write.byte-limit = 1024 M (=1073741824) (custom)
2022-10-13 11:28:27,682 [065c35c4-589e-4734-a2ae-f81921a7b502@group-2340520E46ED-LeaderElection2] INFO  server.RaftServerConfigKeys (ConfUtils.java:logGet(46)) - raft.server.watch.timeout = 180s (custom)
2022-10-13 11:28:27,682 [065c35c4-589e-4734-a2ae-f81921a7b502@group-2340520E46ED-LeaderElection2] INFO  server.RaftServerConfigKeys (ConfUtils.java:logGet(46)) - raft.server.watch.timeout.denomination = 1s (default)
2022-10-13 11:28:27,686 [065c35c4-589e-4734-a2ae-f81921a7b502@group-2340520E46ED-LeaderElection2] INFO  server.RaftServerConfigKeys (ConfUtils.java:logGet(46)) - raft.server.watch.element-limit = 65536 (default)
2022-10-13 11:28:27,687 [EventQueue-OpenPipelineForHealthyPipelineSafeModeRule] INFO  safemode.SCMSafeModeManager (HealthyPipelineSafeModeRule.java:process(137)) - SCM in safe mode. Healthy pipelines reported count is 0, required healthy pipeline reported count is 1
2022-10-13 11:28:27,687 [065c35c4-589e-4734-a2ae-f81921a7b502@group-2340520E46ED-LeaderElection2] INFO  server.RaftServerConfigKeys (ConfUtils.java:logGet(46)) - raft.server.write.element-limit = 1024 (custom)
2022-10-13 11:28:27,688 [065c35c4-589e-4734-a2ae-f81921a7b502@group-2340520E46ED-LeaderElection2] INFO  server.RaftServerConfigKeys (ConfUtils.java:logGet(46)) - raft.server.write.follower.gap.ratio.max = -1.0 (default)
2022-10-13 11:28:27,688 [065c35c4-589e-4734-a2ae-f81921a7b502@group-2340520E46ED-LeaderElection2] INFO  impl.RoleInfo (RoleInfo.java:updateAndGet(139)) - 065c35c4-589e-4734-a2ae-f81921a7b502: start 065c35c4-589e-4734-a2ae-f81921a7b502@group-2340520E46ED-LeaderStateImpl
2022-10-13 11:28:27,688 [065c35c4-589e-4734-a2ae-f81921a7b502@group-2340520E46ED-LeaderElection2] INFO  segmented.SegmentedRaftLogWorker (SegmentedRaftLogWorker.java:startLogSegment(425)) - 065c35c4-589e-4734-a2ae-f81921a7b502@group-2340520E46ED-SegmentedRaftLogWorker: Starting segment from index:0
2022-10-13 11:28:27,690 [065c35c4-589e-4734-a2ae-f81921a7b502@group-2340520E46ED-LeaderElection2] INFO  server.RaftServer$Division (ServerState.java:setRaftConf(393)) - 065c35c4-589e-4734-a2ae-f81921a7b502@group-2340520E46ED: set configuration 0: [065c35c4-589e-4734-a2ae-f81921a7b502|rpc:10.1.0.139:40325|dataStream:|priority:1], old=null
2022-10-13 11:28:27,691 [065c35c4-589e-4734-a2ae-f81921a7b502@group-2340520E46ED-SegmentedRaftLogWorker] INFO  segmented.SegmentedRaftLogWorker (SegmentedRaftLogWorker.java:execute(629)) - 065c35c4-589e-4734-a2ae-f81921a7b502@group-2340520E46ED-SegmentedRaftLogWorker: created new log segment /home/runner/work/ozone/ozone/hadoop-ozone/integration-test/target/test-dir/MiniOzoneClusterImpl-434ffb35-82cd-4fed-a90c-5d1117f9018e/datanode-0/data/ratis/b1c21373-a78e-473d-8ffc-2340520e46ed/current/log_inprogress_0
2022-10-13 11:28:28,367 [4b00ac97-4cb7-4a9d-94c1-352d586145ce@group-3B340D403425-FollowerState] INFO  impl.FollowerState (FollowerState.java:run(143)) - 4b00ac97-4cb7-4a9d-94c1-352d586145ce@group-3B340D403425-FollowerState: change to CANDIDATE, lastRpcElapsedTime:5062776644ns, electionTimeout:5061ms
2022-10-13 11:28:28,368 [4b00ac97-4cb7-4a9d-94c1-352d586145ce@group-3B340D403425-FollowerState] INFO  impl.RoleInfo (RoleInfo.java:shutdownFollowerState(110)) - 4b00ac97-4cb7-4a9d-94c1-352d586145ce: shutdown 4b00ac97-4cb7-4a9d-94c1-352d586145ce@group-3B340D403425-FollowerState
2022-10-13 11:28:28,368 [4b00ac97-4cb7-4a9d-94c1-352d586145ce@group-3B340D403425-FollowerState] INFO  server.RaftServer$Division (RaftServerImpl.java:setRole(299)) - 4b00ac97-4cb7-4a9d-94c1-352d586145ce@group-3B340D403425: changes role from  FOLLOWER to CANDIDATE at term 0 for changeToCandidate
2022-10-13 11:28:28,369 [4b00ac97-4cb7-4a9d-94c1-352d586145ce@group-3B340D403425-FollowerState] INFO  server.RaftServerConfigKeys (ConfUtils.java:logGet(46)) - raft.server.leaderelection.pre-vote = false (custom)
2022-10-13 11:28:28,369 [4b00ac97-4cb7-4a9d-94c1-352d586145ce@group-3B340D403425-FollowerState] INFO  impl.RoleInfo (RoleInfo.java:updateAndGet(139)) - 4b00ac97-4cb7-4a9d-94c1-352d586145ce: start 4b00ac97-4cb7-4a9d-94c1-352d586145ce@group-3B340D403425-LeaderElection3
2022-10-13 11:28:28,372 [4b00ac97-4cb7-4a9d-94c1-352d586145ce@group-3B340D403425-LeaderElection3] INFO  impl.LeaderElection (LeaderElection.java:askForVotes(310)) - 4b00ac97-4cb7-4a9d-94c1-352d586145ce@group-3B340D403425-LeaderElection3 ELECTION round 0: submit vote requests at term 1 for -1: [4b00ac97-4cb7-4a9d-94c1-352d586145ce|rpc:10.1.0.139:40743|priority:1], old=null
2022-10-13 11:28:28,373 [4b00ac97-4cb7-4a9d-94c1-352d586145ce@group-3B340D403425-LeaderElection3] INFO  impl.LeaderElection (LeaderElection.java:askForVotes(312)) - 4b00ac97-4cb7-4a9d-94c1-352d586145ce@group-3B340D403425-LeaderElection3 ELECTION round 0: result PASSED (term=1)
2022-10-13 11:28:28,373 [4b00ac97-4cb7-4a9d-94c1-352d586145ce@group-3B340D403425-LeaderElection3] INFO  impl.RoleInfo (RoleInfo.java:shutdownLeaderElection(130)) - 4b00ac97-4cb7-4a9d-94c1-352d586145ce: shutdown 4b00ac97-4cb7-4a9d-94c1-352d586145ce@group-3B340D403425-LeaderElection3
2022-10-13 11:28:28,373 [4b00ac97-4cb7-4a9d-94c1-352d586145ce@group-3B340D403425-LeaderElection3] INFO  server.RaftServer$Division (RaftServerImpl.java:setRole(299)) - 4b00ac97-4cb7-4a9d-94c1-352d586145ce@group-3B340D403425: changes role from CANDIDATE to LEADER at term 1 for changeToLeader
2022-10-13 11:28:28,373 [4b00ac97-4cb7-4a9d-94c1-352d586145ce@group-3B340D403425-LeaderElection3] INFO  ratis.XceiverServerRatis (XceiverServerRatis.java:handleLeaderChangedNotification(863)) - Leader change notification received for group: group-3B340D403425 with new leaderId: 4b00ac97-4cb7-4a9d-94c1-352d586145ce
2022-10-13 11:28:28,374 [4b00ac97-4cb7-4a9d-94c1-352d586145ce@group-3B340D403425-LeaderElection3] INFO  server.RaftServer$Division (ServerState.java:setLeader(287)) - 4b00ac97-4cb7-4a9d-94c1-352d586145ce@group-3B340D403425: change Leader from null to 4b00ac97-4cb7-4a9d-94c1-352d586145ce at term 1 for becomeLeader, leader elected after 5079ms
2022-10-13 11:28:28,374 [4b00ac97-4cb7-4a9d-94c1-352d586145ce@group-3B340D403425-LeaderElection3] INFO  server.RaftServerConfigKeys (ConfUtils.java:logGet(46)) - raft.server.staging.catchup.gap = 1000 (default)
2022-10-13 11:28:28,375 [4b00ac97-4cb7-4a9d-94c1-352d586145ce@group-3B340D403425-LeaderElection3] INFO  server.RaftServerConfigKeys (ConfUtils.java:logGet(46)) - raft.server.write.element-limit = 1024 (custom)
2022-10-13 11:28:28,375 [4b00ac97-4cb7-4a9d-94c1-352d586145ce@group-3B340D403425-LeaderElection3] INFO  server.RaftServerConfigKeys (ConfUtils.java:logGet(46)) - raft.server.write.byte-limit = 1024 M (=1073741824) (custom)
2022-10-13 11:28:28,377 [4b00ac97-4cb7-4a9d-94c1-352d586145ce@group-3B340D403425-LeaderElection3] INFO  server.RaftServerConfigKeys (ConfUtils.java:logGet(46)) - raft.server.watch.timeout = 180s (custom)
2022-10-13 11:28:28,377 [4b00ac97-4cb7-4a9d-94c1-352d586145ce@group-3B340D403425-LeaderElection3] INFO  server.RaftServerConfigKeys (ConfUtils.java:logGet(46)) - raft.server.watch.timeout.denomination = 1s (default)
2022-10-13 11:28:28,377 [4b00ac97-4cb7-4a9d-94c1-352d586145ce@group-3B340D403425-LeaderElection3] INFO  server.RaftServerConfigKeys (ConfUtils.java:logGet(46)) - raft.server.watch.element-limit = 65536 (default)
2022-10-13 11:28:28,377 [4b00ac97-4cb7-4a9d-94c1-352d586145ce@group-3B340D403425-LeaderElection3] INFO  server.RaftServerConfigKeys (ConfUtils.java:logGet(46)) - raft.server.write.element-limit = 1024 (custom)
2022-10-13 11:28:28,377 [4b00ac97-4cb7-4a9d-94c1-352d586145ce@group-3B340D403425-LeaderElection3] INFO  server.RaftServerConfigKeys (ConfUtils.java:logGet(46)) - raft.server.write.follower.gap.ratio.max = -1.0 (default)
2022-10-13 11:28:28,377 [4b00ac97-4cb7-4a9d-94c1-352d586145ce@group-3B340D403425-LeaderElection3] INFO  impl.RoleInfo (RoleInfo.java:updateAndGet(139)) - 4b00ac97-4cb7-4a9d-94c1-352d586145ce: start 4b00ac97-4cb7-4a9d-94c1-352d586145ce@group-3B340D403425-LeaderStateImpl
2022-10-13 11:28:28,377 [4b00ac97-4cb7-4a9d-94c1-352d586145ce@group-3B340D403425-LeaderElection3] INFO  segmented.SegmentedRaftLogWorker (SegmentedRaftLogWorker.java:startLogSegment(425)) - 4b00ac97-4cb7-4a9d-94c1-352d586145ce@group-3B340D403425-SegmentedRaftLogWorker: Starting segment from index:0
2022-10-13 11:28:28,378 [Listener at 127.0.0.1/43103] INFO  ozone.MiniOzoneClusterImpl (MiniOzoneClusterImpl.java:lambda$waitForClusterToBeReady$0(216)) - Nodes are ready. Got 3 of 3 DN Heartbeats.
2022-10-13 11:28:28,378 [Listener at 127.0.0.1/43103] INFO  ozone.MiniOzoneClusterImpl (MiniOzoneClusterImpl.java:lambda$waitForClusterToBeReady$0(219)) - Waiting for cluster to exit safe mode
2022-10-13 11:28:28,378 [Listener at 127.0.0.1/43103] INFO  ozone.MiniOzoneClusterImpl (MiniOzoneClusterImpl.java:lambda$waitForClusterToBeReady$0(221)) - SCM became leader
2022-10-13 11:28:28,379 [4b00ac97-4cb7-4a9d-94c1-352d586145ce@group-3B340D403425-LeaderElection3] INFO  server.RaftServer$Division (ServerState.java:setRaftConf(393)) - 4b00ac97-4cb7-4a9d-94c1-352d586145ce@group-3B340D403425: set configuration 0: [4b00ac97-4cb7-4a9d-94c1-352d586145ce|rpc:10.1.0.139:40743|dataStream:|priority:1], old=null
2022-10-13 11:28:28,380 [4b00ac97-4cb7-4a9d-94c1-352d586145ce@group-3B340D403425-SegmentedRaftLogWorker] INFO  segmented.SegmentedRaftLogWorker (SegmentedRaftLogWorker.java:execute(629)) - 4b00ac97-4cb7-4a9d-94c1-352d586145ce@group-3B340D403425-SegmentedRaftLogWorker: created new log segment /home/runner/work/ozone/ozone/hadoop-ozone/integration-test/target/test-dir/MiniOzoneClusterImpl-434ffb35-82cd-4fed-a90c-5d1117f9018e/datanode-1/data/ratis/bd4fd272-7cbd-4dc4-ac61-3b340d403425/current/log_inprogress_0
2022-10-13 11:28:28,381 [EventQueue-OpenPipelineForHealthyPipelineSafeModeRule] INFO  safemode.SCMSafeModeManager (HealthyPipelineSafeModeRule.java:process(137)) - SCM in safe mode. Healthy pipelines reported count is 0, required healthy pipeline reported count is 1
2022-10-13 11:28:28,436 [065c35c4-589e-4734-a2ae-f81921a7b502@group-6F38DB920CD6-FollowerState] INFO  impl.FollowerState (FollowerState.java:run(143)) - 065c35c4-589e-4734-a2ae-f81921a7b502@group-6F38DB920CD6-FollowerState: change to CANDIDATE, lastRpcElapsedTime:5125887689ns, electionTimeout:5117ms
2022-10-13 11:28:28,437 [065c35c4-589e-4734-a2ae-f81921a7b502@group-6F38DB920CD6-FollowerState] INFO  impl.RoleInfo (RoleInfo.java:shutdownFollowerState(110)) - 065c35c4-589e-4734-a2ae-f81921a7b502: shutdown 065c35c4-589e-4734-a2ae-f81921a7b502@group-6F38DB920CD6-FollowerState
2022-10-13 11:28:28,437 [065c35c4-589e-4734-a2ae-f81921a7b502@group-6F38DB920CD6-FollowerState] INFO  server.RaftServer$Division (RaftServerImpl.java:setRole(299)) - 065c35c4-589e-4734-a2ae-f81921a7b502@group-6F38DB920CD6: changes role from  FOLLOWER to CANDIDATE at term 0 for changeToCandidate
2022-10-13 11:28:28,437 [065c35c4-589e-4734-a2ae-f81921a7b502@group-6F38DB920CD6-FollowerState] INFO  server.RaftServerConfigKeys (ConfUtils.java:logGet(46)) - raft.server.leaderelection.pre-vote = false (custom)
2022-10-13 11:28:28,437 [065c35c4-589e-4734-a2ae-f81921a7b502@group-6F38DB920CD6-FollowerState] INFO  impl.RoleInfo (RoleInfo.java:updateAndGet(139)) - 065c35c4-589e-4734-a2ae-f81921a7b502: start 065c35c4-589e-4734-a2ae-f81921a7b502@group-6F38DB920CD6-LeaderElection4
2022-10-13 11:28:28,439 [065c35c4-589e-4734-a2ae-f81921a7b502@group-6F38DB920CD6-LeaderElection4] INFO  impl.LeaderElection (LeaderElection.java:askForVotes(310)) - 065c35c4-589e-4734-a2ae-f81921a7b502@group-6F38DB920CD6-LeaderElection4 ELECTION round 0: submit vote requests at term 1 for -1: [4b00ac97-4cb7-4a9d-94c1-352d586145ce|rpc:10.1.0.139:40743|priority:0, 065c35c4-589e-4734-a2ae-f81921a7b502|rpc:10.1.0.139:40325|priority:0, c5bb7b7c-f843-4853-908b-bcc4fc6b3433|rpc:10.1.0.139:42649|priority:1], old=null
2022-10-13 11:28:28,466 [grpc-default-executor-1] INFO  server.RaftServer$Division (RaftServerImpl.java:requestVote(1152)) - c5bb7b7c-f843-4853-908b-bcc4fc6b3433@group-6F38DB920CD6: receive requestVote(ELECTION, 065c35c4-589e-4734-a2ae-f81921a7b502, group-6F38DB920CD6, 1, (t:0, i:0))
2022-10-13 11:28:28,468 [grpc-default-executor-1] INFO  impl.VoteContext (VoteContext.java:log(48)) - c5bb7b7c-f843-4853-908b-bcc4fc6b3433@group-6F38DB920CD6-FOLLOWER: reject ELECTION from 065c35c4-589e-4734-a2ae-f81921a7b502: our priority 1 > candidate's priority 0
2022-10-13 11:28:28,468 [grpc-default-executor-1] INFO  server.RaftServer$Division (RaftServerImpl.java:setRole(299)) - c5bb7b7c-f843-4853-908b-bcc4fc6b3433@group-6F38DB920CD6: changes role from  FOLLOWER to FOLLOWER at term 1 for candidate:065c35c4-589e-4734-a2ae-f81921a7b502
2022-10-13 11:28:28,468 [grpc-default-executor-1] INFO  impl.RoleInfo (RoleInfo.java:shutdownFollowerState(110)) - c5bb7b7c-f843-4853-908b-bcc4fc6b3433: shutdown c5bb7b7c-f843-4853-908b-bcc4fc6b3433@group-6F38DB920CD6-FollowerState
2022-10-13 11:28:28,469 [grpc-default-executor-1] INFO  impl.RoleInfo (RoleInfo.java:updateAndGet(139)) - c5bb7b7c-f843-4853-908b-bcc4fc6b3433: start c5bb7b7c-f843-4853-908b-bcc4fc6b3433@group-6F38DB920CD6-FollowerState
2022-10-13 11:28:28,469 [c5bb7b7c-f843-4853-908b-bcc4fc6b3433@group-6F38DB920CD6-FollowerState] INFO  impl.FollowerState (FollowerState.java:run(152)) - c5bb7b7c-f843-4853-908b-bcc4fc6b3433@group-6F38DB920CD6-FollowerState was interrupted
2022-10-13 11:28:28,474 [grpc-default-executor-0] INFO  server.RaftServer$Division (RaftServerImpl.java:requestVote(1152)) - 4b00ac97-4cb7-4a9d-94c1-352d586145ce@group-6F38DB920CD6: receive requestVote(ELECTION, 065c35c4-589e-4734-a2ae-f81921a7b502, group-6F38DB920CD6, 1, (t:0, i:0))
2022-10-13 11:28:28,474 [grpc-default-executor-0] INFO  impl.VoteContext (VoteContext.java:log(48)) - 4b00ac97-4cb7-4a9d-94c1-352d586145ce@group-6F38DB920CD6-FOLLOWER: accept ELECTION from 065c35c4-589e-4734-a2ae-f81921a7b502: our priority 0 <= candidate's priority 0
2022-10-13 11:28:28,475 [grpc-default-executor-0] INFO  server.RaftServer$Division (RaftServerImpl.java:setRole(299)) - 4b00ac97-4cb7-4a9d-94c1-352d586145ce@group-6F38DB920CD6: changes role from  FOLLOWER to FOLLOWER at term 1 for candidate:065c35c4-589e-4734-a2ae-f81921a7b502
2022-10-13 11:28:28,475 [grpc-default-executor-0] INFO  impl.RoleInfo (RoleInfo.java:shutdownFollowerState(110)) - 4b00ac97-4cb7-4a9d-94c1-352d586145ce: shutdown 4b00ac97-4cb7-4a9d-94c1-352d586145ce@group-6F38DB920CD6-FollowerState
2022-10-13 11:28:28,475 [grpc-default-executor-0] INFO  impl.RoleInfo (RoleInfo.java:updateAndGet(139)) - 4b00ac97-4cb7-4a9d-94c1-352d586145ce: start 4b00ac97-4cb7-4a9d-94c1-352d586145ce@group-6F38DB920CD6-FollowerState
2022-10-13 11:28:28,475 [4b00ac97-4cb7-4a9d-94c1-352d586145ce@group-6F38DB920CD6-FollowerState] INFO  impl.FollowerState (FollowerState.java:run(152)) - 4b00ac97-4cb7-4a9d-94c1-352d586145ce@group-6F38DB920CD6-FollowerState was interrupted
2022-10-13 11:28:28,479 [grpc-default-executor-1] INFO  server.RaftServer$Division (RaftServerImpl.java:requestVote(1184)) - c5bb7b7c-f843-4853-908b-bcc4fc6b3433@group-6F38DB920CD6 replies to ELECTION vote request: 065c35c4-589e-4734-a2ae-f81921a7b502<-c5bb7b7c-f843-4853-908b-bcc4fc6b3433#0:FAIL-t1. Peer's state: c5bb7b7c-f843-4853-908b-bcc4fc6b3433@group-6F38DB920CD6:t1, leader=null, voted=null, raftlog=c5bb7b7c-f843-4853-908b-bcc4fc6b3433@group-6F38DB920CD6-SegmentedRaftLog:OPENED:c-1, conf=-1: [4b00ac97-4cb7-4a9d-94c1-352d586145ce|rpc:10.1.0.139:40743|priority:0, 065c35c4-589e-4734-a2ae-f81921a7b502|rpc:10.1.0.139:40325|priority:0, c5bb7b7c-f843-4853-908b-bcc4fc6b3433|rpc:10.1.0.139:42649|priority:1], old=null
2022-10-13 11:28:28,482 [grpc-default-executor-0] INFO  server.RaftServer$Division (RaftServerImpl.java:requestVote(1184)) - 4b00ac97-4cb7-4a9d-94c1-352d586145ce@group-6F38DB920CD6 replies to ELECTION vote request: 065c35c4-589e-4734-a2ae-f81921a7b502<-4b00ac97-4cb7-4a9d-94c1-352d586145ce#0:OK-t1. Peer's state: 4b00ac97-4cb7-4a9d-94c1-352d586145ce@group-6F38DB920CD6:t1, leader=null, voted=065c35c4-589e-4734-a2ae-f81921a7b502, raftlog=4b00ac97-4cb7-4a9d-94c1-352d586145ce@group-6F38DB920CD6-SegmentedRaftLog:OPENED:c-1, conf=-1: [4b00ac97-4cb7-4a9d-94c1-352d586145ce|rpc:10.1.0.139:40743|priority:0, 065c35c4-589e-4734-a2ae-f81921a7b502|rpc:10.1.0.139:40325|priority:0, c5bb7b7c-f843-4853-908b-bcc4fc6b3433|rpc:10.1.0.139:42649|priority:1], old=null
2022-10-13 11:28:28,489 [065c35c4-589e-4734-a2ae-f81921a7b502@group-6F38DB920CD6-LeaderElection4] INFO  impl.LeaderElection (LeaderElection.java:logAndReturn(90)) - 065c35c4-589e-4734-a2ae-f81921a7b502@group-6F38DB920CD6-LeaderElection4: ELECTION REJECTED received 2 response(s) and 0 exception(s):
2022-10-13 11:28:28,500 [065c35c4-589e-4734-a2ae-f81921a7b502@group-6F38DB920CD6-LeaderElection4] INFO  impl.LeaderElection (LeaderElection.java:logAndReturn(94)) -   Response 0: 065c35c4-589e-4734-a2ae-f81921a7b502<-4b00ac97-4cb7-4a9d-94c1-352d586145ce#0:OK-t1
2022-10-13 11:28:28,500 [065c35c4-589e-4734-a2ae-f81921a7b502@group-6F38DB920CD6-LeaderElection4] INFO  impl.LeaderElection (LeaderElection.java:logAndReturn(94)) -   Response 1: 065c35c4-589e-4734-a2ae-f81921a7b502<-c5bb7b7c-f843-4853-908b-bcc4fc6b3433#0:FAIL-t1
2022-10-13 11:28:28,500 [065c35c4-589e-4734-a2ae-f81921a7b502@group-6F38DB920CD6-LeaderElection4] INFO  impl.LeaderElection (LeaderElection.java:askForVotes(312)) - 065c35c4-589e-4734-a2ae-f81921a7b502@group-6F38DB920CD6-LeaderElection4 ELECTION round 0: result REJECTED
2022-10-13 11:28:28,500 [065c35c4-589e-4734-a2ae-f81921a7b502@group-6F38DB920CD6-LeaderElection4] INFO  server.RaftServer$Division (RaftServerImpl.java:setRole(299)) - 065c35c4-589e-4734-a2ae-f81921a7b502@group-6F38DB920CD6: changes role from CANDIDATE to FOLLOWER at term 1 for REJECTED
2022-10-13 11:28:28,500 [065c35c4-589e-4734-a2ae-f81921a7b502@group-6F38DB920CD6-LeaderElection4] INFO  impl.RoleInfo (RoleInfo.java:shutdownLeaderElection(130)) - 065c35c4-589e-4734-a2ae-f81921a7b502: shutdown 065c35c4-589e-4734-a2ae-f81921a7b502@group-6F38DB920CD6-LeaderElection4
2022-10-13 11:28:28,501 [065c35c4-589e-4734-a2ae-f81921a7b502@group-6F38DB920CD6-LeaderElection4] INFO  impl.RoleInfo (RoleInfo.java:updateAndGet(139)) - 065c35c4-589e-4734-a2ae-f81921a7b502: start 065c35c4-589e-4734-a2ae-f81921a7b502@group-6F38DB920CD6-FollowerState
2022-10-13 11:28:28,561 [c5bb7b7c-f843-4853-908b-bcc4fc6b3433@group-EA5B73E5BABA-FollowerState] INFO  impl.FollowerState (FollowerState.java:run(143)) - c5bb7b7c-f843-4853-908b-bcc4fc6b3433@group-EA5B73E5BABA-FollowerState: change to CANDIDATE, lastRpcElapsedTime:5125337031ns, electionTimeout:5124ms
2022-10-13 11:28:28,561 [c5bb7b7c-f843-4853-908b-bcc4fc6b3433@group-EA5B73E5BABA-FollowerState] INFO  impl.RoleInfo (RoleInfo.java:shutdownFollowerState(110)) - c5bb7b7c-f843-4853-908b-bcc4fc6b3433: shutdown c5bb7b7c-f843-4853-908b-bcc4fc6b3433@group-EA5B73E5BABA-FollowerState
2022-10-13 11:28:28,562 [c5bb7b7c-f843-4853-908b-bcc4fc6b3433@group-EA5B73E5BABA-FollowerState] INFO  server.RaftServer$Division (RaftServerImpl.java:setRole(299)) - c5bb7b7c-f843-4853-908b-bcc4fc6b3433@group-EA5B73E5BABA: changes role from  FOLLOWER to CANDIDATE at term 0 for changeToCandidate
2022-10-13 11:28:28,562 [c5bb7b7c-f843-4853-908b-bcc4fc6b3433@group-EA5B73E5BABA-FollowerState] INFO  server.RaftServerConfigKeys (ConfUtils.java:logGet(46)) - raft.server.leaderelection.pre-vote = false (custom)
2022-10-13 11:28:28,562 [c5bb7b7c-f843-4853-908b-bcc4fc6b3433@group-EA5B73E5BABA-FollowerState] INFO  impl.RoleInfo (RoleInfo.java:updateAndGet(139)) - c5bb7b7c-f843-4853-908b-bcc4fc6b3433: start c5bb7b7c-f843-4853-908b-bcc4fc6b3433@group-EA5B73E5BABA-LeaderElection5
2022-10-13 11:28:28,564 [c5bb7b7c-f843-4853-908b-bcc4fc6b3433@group-EA5B73E5BABA-LeaderElection5] INFO  impl.LeaderElection (LeaderElection.java:askForVotes(310)) - c5bb7b7c-f843-4853-908b-bcc4fc6b3433@group-EA5B73E5BABA-LeaderElection5 ELECTION round 0: submit vote requests at term 1 for -1: [c5bb7b7c-f843-4853-908b-bcc4fc6b3433|rpc:10.1.0.139:42649|priority:1], old=null
2022-10-13 11:28:28,564 [c5bb7b7c-f843-4853-908b-bcc4fc6b3433@group-EA5B73E5BABA-LeaderElection5] INFO  impl.LeaderElection (LeaderElection.java:askForVotes(312)) - c5bb7b7c-f843-4853-908b-bcc4fc6b3433@group-EA5B73E5BABA-LeaderElection5 ELECTION round 0: result PASSED (term=1)
2022-10-13 11:28:28,565 [c5bb7b7c-f843-4853-908b-bcc4fc6b3433@group-EA5B73E5BABA-LeaderElection5] INFO  impl.RoleInfo (RoleInfo.java:shutdownLeaderElection(130)) - c5bb7b7c-f843-4853-908b-bcc4fc6b3433: shutdown c5bb7b7c-f843-4853-908b-bcc4fc6b3433@group-EA5B73E5BABA-LeaderElection5
2022-10-13 11:28:28,565 [c5bb7b7c-f843-4853-908b-bcc4fc6b3433@group-EA5B73E5BABA-LeaderElection5] INFO  server.RaftServer$Division (RaftServerImpl.java:setRole(299)) - c5bb7b7c-f843-4853-908b-bcc4fc6b3433@group-EA5B73E5BABA: changes role from CANDIDATE to LEADER at term 1 for changeToLeader
2022-10-13 11:28:28,565 [c5bb7b7c-f843-4853-908b-bcc4fc6b3433@group-EA5B73E5BABA-LeaderElection5] INFO  ratis.XceiverServerRatis (XceiverServerRatis.java:handleLeaderChangedNotification(863)) - Leader change notification received for group: group-EA5B73E5BABA with new leaderId: c5bb7b7c-f843-4853-908b-bcc4fc6b3433
2022-10-13 11:28:28,565 [c5bb7b7c-f843-4853-908b-bcc4fc6b3433@group-EA5B73E5BABA-LeaderElection5] INFO  server.RaftServer$Division (ServerState.java:setLeader(287)) - c5bb7b7c-f843-4853-908b-bcc4fc6b3433@group-EA5B73E5BABA: change Leader from null to c5bb7b7c-f843-4853-908b-bcc4fc6b3433 at term 1 for becomeLeader, leader elected after 5151ms
2022-10-13 11:28:28,565 [c5bb7b7c-f843-4853-908b-bcc4fc6b3433@group-EA5B73E5BABA-LeaderElection5] INFO  server.RaftServerConfigKeys (ConfUtils.java:logGet(46)) - raft.server.staging.catchup.gap = 1000 (default)
2022-10-13 11:28:28,572 [EventQueue-OpenPipelineForHealthyPipelineSafeModeRule] INFO  safemode.SCMSafeModeManager (HealthyPipelineSafeModeRule.java:process(137)) - SCM in safe mode. Healthy pipelines reported count is 0, required healthy pipeline reported count is 1
2022-10-13 11:28:28,573 [c5bb7b7c-f843-4853-908b-bcc4fc6b3433@group-EA5B73E5BABA-LeaderElection5] INFO  server.RaftServerConfigKeys (ConfUtils.java:logGet(46)) - raft.server.write.element-limit = 1024 (custom)
2022-10-13 11:28:28,573 [c5bb7b7c-f843-4853-908b-bcc4fc6b3433@group-EA5B73E5BABA-LeaderElection5] INFO  server.RaftServerConfigKeys (ConfUtils.java:logGet(46)) - raft.server.write.byte-limit = 1024 M (=1073741824) (custom)
2022-10-13 11:28:28,574 [c5bb7b7c-f843-4853-908b-bcc4fc6b3433@group-EA5B73E5BABA-LeaderElection5] INFO  server.RaftServerConfigKeys (ConfUtils.java:logGet(46)) - raft.server.watch.timeout = 180s (custom)
2022-10-13 11:28:28,574 [c5bb7b7c-f843-4853-908b-bcc4fc6b3433@group-EA5B73E5BABA-LeaderElection5] INFO  server.RaftServerConfigKeys (ConfUtils.java:logGet(46)) - raft.server.watch.timeout.denomination = 1s (default)
2022-10-13 11:28:28,574 [c5bb7b7c-f843-4853-908b-bcc4fc6b3433@group-EA5B73E5BABA-LeaderElection5] INFO  server.RaftServerConfigKeys (ConfUtils.java:logGet(46)) - raft.server.watch.element-limit = 65536 (default)
2022-10-13 11:28:28,574 [c5bb7b7c-f843-4853-908b-bcc4fc6b3433@group-EA5B73E5BABA-LeaderElection5] INFO  server.RaftServerConfigKeys (ConfUtils.java:logGet(46)) - raft.server.write.element-limit = 1024 (custom)
2022-10-13 11:28:28,574 [c5bb7b7c-f843-4853-908b-bcc4fc6b3433@group-EA5B73E5BABA-LeaderElection5] INFO  server.RaftServerConfigKeys (ConfUtils.java:logGet(46)) - raft.server.write.follower.gap.ratio.max = -1.0 (default)
2022-10-13 11:28:28,574 [c5bb7b7c-f843-4853-908b-bcc4fc6b3433@group-EA5B73E5BABA-LeaderElection5] INFO  impl.RoleInfo (RoleInfo.java:updateAndGet(139)) - c5bb7b7c-f843-4853-908b-bcc4fc6b3433: start c5bb7b7c-f843-4853-908b-bcc4fc6b3433@group-EA5B73E5BABA-LeaderStateImpl
2022-10-13 11:28:28,574 [c5bb7b7c-f843-4853-908b-bcc4fc6b3433@group-EA5B73E5BABA-LeaderElection5] INFO  segmented.SegmentedRaftLogWorker (SegmentedRaftLogWorker.java:startLogSegment(425)) - c5bb7b7c-f843-4853-908b-bcc4fc6b3433@group-EA5B73E5BABA-SegmentedRaftLogWorker: Starting segment from index:0
2022-10-13 11:28:28,577 [c5bb7b7c-f843-4853-908b-bcc4fc6b3433@group-EA5B73E5BABA-LeaderElection5] INFO  server.RaftServer$Division (ServerState.java:setRaftConf(393)) - c5bb7b7c-f843-4853-908b-bcc4fc6b3433@group-EA5B73E5BABA: set configuration 0: [c5bb7b7c-f843-4853-908b-bcc4fc6b3433|rpc:10.1.0.139:42649|dataStream:|priority:1], old=null
2022-10-13 11:28:28,579 [c5bb7b7c-f843-4853-908b-bcc4fc6b3433@group-EA5B73E5BABA-SegmentedRaftLogWorker] INFO  segmented.SegmentedRaftLogWorker (SegmentedRaftLogWorker.java:execute(629)) - c5bb7b7c-f843-4853-908b-bcc4fc6b3433@group-EA5B73E5BABA-SegmentedRaftLogWorker: created new log segment /home/runner/work/ozone/ozone/hadoop-ozone/integration-test/target/test-dir/MiniOzoneClusterImpl-434ffb35-82cd-4fed-a90c-5d1117f9018e/datanode-2/data/ratis/0d19f167-0522-4115-b603-ea5b73e5baba/current/log_inprogress_0
2022-10-13 11:28:29,258 [065c35c4-589e-4734-a2ae-f81921a7b502@group-B276EA639670-FollowerState] INFO  impl.FollowerState (FollowerState.java:run(143)) - 065c35c4-589e-4734-a2ae-f81921a7b502@group-B276EA639670-FollowerState: change to CANDIDATE, lastRpcElapsedTime:5111605505ns, electionTimeout:5102ms
2022-10-13 11:28:29,258 [065c35c4-589e-4734-a2ae-f81921a7b502@group-B276EA639670-FollowerState] INFO  impl.RoleInfo (RoleInfo.java:shutdownFollowerState(110)) - 065c35c4-589e-4734-a2ae-f81921a7b502: shutdown 065c35c4-589e-4734-a2ae-f81921a7b502@group-B276EA639670-FollowerState
2022-10-13 11:28:29,258 [065c35c4-589e-4734-a2ae-f81921a7b502@group-B276EA639670-FollowerState] INFO  server.RaftServer$Division (RaftServerImpl.java:setRole(299)) - 065c35c4-589e-4734-a2ae-f81921a7b502@group-B276EA639670: changes role from  FOLLOWER to CANDIDATE at term 0 for changeToCandidate
2022-10-13 11:28:29,258 [065c35c4-589e-4734-a2ae-f81921a7b502@group-B276EA639670-FollowerState] INFO  server.RaftServerConfigKeys (ConfUtils.java:logGet(46)) - raft.server.leaderelection.pre-vote = false (custom)
2022-10-13 11:28:29,258 [065c35c4-589e-4734-a2ae-f81921a7b502@group-B276EA639670-FollowerState] INFO  impl.RoleInfo (RoleInfo.java:updateAndGet(139)) - 065c35c4-589e-4734-a2ae-f81921a7b502: start 065c35c4-589e-4734-a2ae-f81921a7b502@group-B276EA639670-LeaderElection6
2022-10-13 11:28:29,264 [065c35c4-589e-4734-a2ae-f81921a7b502@group-B276EA639670-LeaderElection6] INFO  impl.LeaderElection (LeaderElection.java:askForVotes(310)) - 065c35c4-589e-4734-a2ae-f81921a7b502@group-B276EA639670-LeaderElection6 ELECTION round 0: submit vote requests at term 1 for -1: [4b00ac97-4cb7-4a9d-94c1-352d586145ce|rpc:10.1.0.139:40743|priority:0, 065c35c4-589e-4734-a2ae-f81921a7b502|rpc:10.1.0.139:40325|priority:1, c5bb7b7c-f843-4853-908b-bcc4fc6b3433|rpc:10.1.0.139:42649|priority:0], old=null
2022-10-13 11:28:29,273 [grpc-default-executor-1] INFO  server.RaftServer$Division (RaftServerImpl.java:requestVote(1152)) - 4b00ac97-4cb7-4a9d-94c1-352d586145ce@group-B276EA639670: receive requestVote(ELECTION, 065c35c4-589e-4734-a2ae-f81921a7b502, group-B276EA639670, 1, (t:0, i:0))
2022-10-13 11:28:29,273 [grpc-default-executor-1] INFO  impl.VoteContext (VoteContext.java:log(48)) - 4b00ac97-4cb7-4a9d-94c1-352d586145ce@group-B276EA639670-FOLLOWER: accept ELECTION from 065c35c4-589e-4734-a2ae-f81921a7b502: our priority 0 <= candidate's priority 1
2022-10-13 11:28:29,273 [grpc-default-executor-1] INFO  server.RaftServer$Division (RaftServerImpl.java:setRole(299)) - 4b00ac97-4cb7-4a9d-94c1-352d586145ce@group-B276EA639670: changes role from  FOLLOWER to FOLLOWER at term 1 for candidate:065c35c4-589e-4734-a2ae-f81921a7b502
2022-10-13 11:28:29,273 [grpc-default-executor-1] INFO  impl.RoleInfo (RoleInfo.java:shutdownFollowerState(110)) - 4b00ac97-4cb7-4a9d-94c1-352d586145ce: shutdown 4b00ac97-4cb7-4a9d-94c1-352d586145ce@group-B276EA639670-FollowerState
2022-10-13 11:28:29,273 [grpc-default-executor-1] INFO  impl.RoleInfo (RoleInfo.java:updateAndGet(139)) - 4b00ac97-4cb7-4a9d-94c1-352d586145ce: start 4b00ac97-4cb7-4a9d-94c1-352d586145ce@group-B276EA639670-FollowerState
2022-10-13 11:28:29,273 [grpc-default-executor-0] INFO  server.RaftServer$Division (RaftServerImpl.java:requestVote(1152)) - c5bb7b7c-f843-4853-908b-bcc4fc6b3433@group-B276EA639670: receive requestVote(ELECTION, 065c35c4-589e-4734-a2ae-f81921a7b502, group-B276EA639670, 1, (t:0, i:0))
2022-10-13 11:28:29,275 [grpc-default-executor-0] INFO  impl.VoteContext (VoteContext.java:log(48)) - c5bb7b7c-f843-4853-908b-bcc4fc6b3433@group-B276EA639670-FOLLOWER: accept ELECTION from 065c35c4-589e-4734-a2ae-f81921a7b502: our priority 0 <= candidate's priority 1
2022-10-13 11:28:29,273 [4b00ac97-4cb7-4a9d-94c1-352d586145ce@group-B276EA639670-FollowerState] INFO  impl.FollowerState (FollowerState.java:run(152)) - 4b00ac97-4cb7-4a9d-94c1-352d586145ce@group-B276EA639670-FollowerState was interrupted
2022-10-13 11:28:29,275 [grpc-default-executor-0] INFO  server.RaftServer$Division (RaftServerImpl.java:setRole(299)) - c5bb7b7c-f843-4853-908b-bcc4fc6b3433@group-B276EA639670: changes role from  FOLLOWER to FOLLOWER at term 1 for candidate:065c35c4-589e-4734-a2ae-f81921a7b502
2022-10-13 11:28:29,275 [grpc-default-executor-0] INFO  impl.RoleInfo (RoleInfo.java:shutdownFollowerState(110)) - c5bb7b7c-f843-4853-908b-bcc4fc6b3433: shutdown c5bb7b7c-f843-4853-908b-bcc4fc6b3433@group-B276EA639670-FollowerState
2022-10-13 11:28:29,275 [grpc-default-executor-1] INFO  server.RaftServer$Division (RaftServerImpl.java:requestVote(1184)) - 4b00ac97-4cb7-4a9d-94c1-352d586145ce@group-B276EA639670 replies to ELECTION vote request: 065c35c4-589e-4734-a2ae-f81921a7b502<-4b00ac97-4cb7-4a9d-94c1-352d586145ce#0:OK-t1. Peer's state: 4b00ac97-4cb7-4a9d-94c1-352d586145ce@group-B276EA639670:t1, leader=null, voted=065c35c4-589e-4734-a2ae-f81921a7b502, raftlog=4b00ac97-4cb7-4a9d-94c1-352d586145ce@group-B276EA639670-SegmentedRaftLog:OPENED:c-1, conf=-1: [4b00ac97-4cb7-4a9d-94c1-352d586145ce|rpc:10.1.0.139:40743|priority:0, 065c35c4-589e-4734-a2ae-f81921a7b502|rpc:10.1.0.139:40325|priority:1, c5bb7b7c-f843-4853-908b-bcc4fc6b3433|rpc:10.1.0.139:42649|priority:0], old=null
2022-10-13 11:28:29,275 [grpc-default-executor-0] INFO  impl.RoleInfo (RoleInfo.java:updateAndGet(139)) - c5bb7b7c-f843-4853-908b-bcc4fc6b3433: start c5bb7b7c-f843-4853-908b-bcc4fc6b3433@group-B276EA639670-FollowerState
2022-10-13 11:28:29,276 [c5bb7b7c-f843-4853-908b-bcc4fc6b3433@group-B276EA639670-FollowerState] INFO  impl.FollowerState (FollowerState.java:run(152)) - c5bb7b7c-f843-4853-908b-bcc4fc6b3433@group-B276EA639670-FollowerState was interrupted
2022-10-13 11:28:29,282 [grpc-default-executor-0] INFO  server.RaftServer$Division (RaftServerImpl.java:requestVote(1184)) - c5bb7b7c-f843-4853-908b-bcc4fc6b3433@group-B276EA639670 replies to ELECTION vote request: 065c35c4-589e-4734-a2ae-f81921a7b502<-c5bb7b7c-f843-4853-908b-bcc4fc6b3433#0:OK-t1. Peer's state: c5bb7b7c-f843-4853-908b-bcc4fc6b3433@group-B276EA639670:t1, leader=null, voted=065c35c4-589e-4734-a2ae-f81921a7b502, raftlog=c5bb7b7c-f843-4853-908b-bcc4fc6b3433@group-B276EA639670-SegmentedRaftLog:OPENED:c-1, conf=-1: [4b00ac97-4cb7-4a9d-94c1-352d586145ce|rpc:10.1.0.139:40743|priority:0, 065c35c4-589e-4734-a2ae-f81921a7b502|rpc:10.1.0.139:40325|priority:1, c5bb7b7c-f843-4853-908b-bcc4fc6b3433|rpc:10.1.0.139:42649|priority:0], old=null
2022-10-13 11:28:29,283 [065c35c4-589e-4734-a2ae-f81921a7b502@group-B276EA639670-LeaderElection6] INFO  impl.LeaderElection (LeaderElection.java:logAndReturn(90)) - 065c35c4-589e-4734-a2ae-f81921a7b502@group-B276EA639670-LeaderElection6: ELECTION PASSED received 1 response(s) and 0 exception(s):
2022-10-13 11:28:29,283 [065c35c4-589e-4734-a2ae-f81921a7b502@group-B276EA639670-LeaderElection6] INFO  impl.LeaderElection (LeaderElection.java:logAndReturn(94)) -   Response 0: 065c35c4-589e-4734-a2ae-f81921a7b502<-4b00ac97-4cb7-4a9d-94c1-352d586145ce#0:OK-t1
2022-10-13 11:28:29,283 [065c35c4-589e-4734-a2ae-f81921a7b502@group-B276EA639670-LeaderElection6] INFO  impl.LeaderElection (LeaderElection.java:askForVotes(312)) - 065c35c4-589e-4734-a2ae-f81921a7b502@group-B276EA639670-LeaderElection6 ELECTION round 0: result PASSED
2022-10-13 11:28:29,284 [065c35c4-589e-4734-a2ae-f81921a7b502@group-B276EA639670-LeaderElection6] INFO  impl.RoleInfo (RoleInfo.java:shutdownLeaderElection(130)) - 065c35c4-589e-4734-a2ae-f81921a7b502: shutdown 065c35c4-589e-4734-a2ae-f81921a7b502@group-B276EA639670-LeaderElection6
2022-10-13 11:28:29,284 [065c35c4-589e-4734-a2ae-f81921a7b502@group-B276EA639670-LeaderElection6] INFO  server.RaftServer$Division (RaftServerImpl.java:setRole(299)) - 065c35c4-589e-4734-a2ae-f81921a7b502@group-B276EA639670: changes role from CANDIDATE to LEADER at term 1 for changeToLeader
2022-10-13 11:28:29,284 [065c35c4-589e-4734-a2ae-f81921a7b502@group-B276EA639670-LeaderElection6] INFO  ratis.XceiverServerRatis (XceiverServerRatis.java:handleLeaderChangedNotification(863)) - Leader change notification received for group: group-B276EA639670 with new leaderId: 065c35c4-589e-4734-a2ae-f81921a7b502
2022-10-13 11:28:29,284 [065c35c4-589e-4734-a2ae-f81921a7b502@group-B276EA639670-LeaderElection6] INFO  server.RaftServer$Division (ServerState.java:setLeader(287)) - 065c35c4-589e-4734-a2ae-f81921a7b502@group-B276EA639670: change Leader from null to 065c35c4-589e-4734-a2ae-f81921a7b502 at term 1 for becomeLeader, leader elected after 5171ms
2022-10-13 11:28:29,284 [065c35c4-589e-4734-a2ae-f81921a7b502@group-B276EA639670-LeaderElection6] INFO  server.RaftServerConfigKeys (ConfUtils.java:logGet(46)) - raft.server.staging.catchup.gap = 1000 (default)
2022-10-13 11:28:29,284 [065c35c4-589e-4734-a2ae-f81921a7b502@group-B276EA639670-LeaderElection6] INFO  server.RaftServerConfigKeys (ConfUtils.java:logGet(46)) - raft.server.write.element-limit = 1024 (custom)
2022-10-13 11:28:29,284 [065c35c4-589e-4734-a2ae-f81921a7b502@group-B276EA639670-LeaderElection6] INFO  server.RaftServerConfigKeys (ConfUtils.java:logGet(46)) - raft.server.write.byte-limit = 1024 M (=1073741824) (custom)
2022-10-13 11:28:29,285 [065c35c4-589e-4734-a2ae-f81921a7b502@group-B276EA639670-LeaderElection6] INFO  server.RaftServerConfigKeys (ConfUtils.java:logGet(46)) - raft.server.watch.timeout = 180s (custom)
2022-10-13 11:28:29,285 [065c35c4-589e-4734-a2ae-f81921a7b502@group-B276EA639670-LeaderElection6] INFO  server.RaftServerConfigKeys (ConfUtils.java:logGet(46)) - raft.server.watch.timeout.denomination = 1s (default)
2022-10-13 11:28:29,285 [065c35c4-589e-4734-a2ae-f81921a7b502@group-B276EA639670-LeaderElection6] INFO  server.RaftServerConfigKeys (ConfUtils.java:logGet(46)) - raft.server.watch.element-limit = 65536 (default)
2022-10-13 11:28:29,285 [065c35c4-589e-4734-a2ae-f81921a7b502@group-B276EA639670-LeaderElection6] INFO  server.RaftServerConfigKeys (ConfUtils.java:logGet(46)) - raft.server.write.element-limit = 1024 (custom)
2022-10-13 11:28:29,285 [065c35c4-589e-4734-a2ae-f81921a7b502@group-B276EA639670-LeaderElection6] INFO  server.RaftServerConfigKeys (ConfUtils.java:logGet(46)) - raft.server.write.follower.gap.ratio.max = -1.0 (default)
2022-10-13 11:28:29,298 [065c35c4-589e-4734-a2ae-f81921a7b502@group-B276EA639670-LeaderElection6] INFO  server.RaftServerConfigKeys (ConfUtils.java:logGet(46)) - raft.server.log.appender.snapshot.chunk.size.max = 16MB (=16777216) (default)
2022-10-13 11:28:29,298 [065c35c4-589e-4734-a2ae-f81921a7b502@group-B276EA639670-LeaderElection6] INFO  server.RaftServerConfigKeys (ConfUtils.java:logGet(46)) - raft.server.log.appender.buffer.byte-limit = 33554432 (custom)
2022-10-13 11:28:29,300 [065c35c4-589e-4734-a2ae-f81921a7b502@group-B276EA639670-LeaderElection6] INFO  server.RaftServerConfigKeys (ConfUtils.java:logGet(46)) - raft.server.log.appender.buffer.element-limit = 1 (custom)
2022-10-13 11:28:29,300 [EventQueue-PipelineReportForPipelineReportHandler] INFO  pipeline.PipelineManagerImpl (PipelineManagerImpl.java:openPipeline(367)) - Pipeline Pipeline[ Id: b55aeffe-bebf-44a1-8824-b276ea639670, Nodes: 065c35c4-589e-4734-a2ae-f81921a7b502{ip: 10.1.0.139, host: fv-az447-90.tnmeiuxxsqeu3byeydcnbj0j5d.dx.internal.cloudapp.net, ports: [REPLICATION=37217, RATIS=40325, RATIS_ADMIN=40325, RATIS_SERVER=40325, STANDALONE=38933], networkLocation: /default-rack, certSerialId: null, persistedOpState: IN_SERVICE, persistedOpStateExpiryEpochSec: 0}c5bb7b7c-f843-4853-908b-bcc4fc6b3433{ip: 10.1.0.139, host: fv-az447-90.tnmeiuxxsqeu3byeydcnbj0j5d.dx.internal.cloudapp.net, ports: [REPLICATION=44565, RATIS=42649, RATIS_ADMIN=42649, RATIS_SERVER=42649, STANDALONE=43921], networkLocation: /default-rack, certSerialId: null, persistedOpState: IN_SERVICE, persistedOpStateExpiryEpochSec: 0}4b00ac97-4cb7-4a9d-94c1-352d586145ce{ip: 10.1.0.139, host: fv-az447-90.tnmeiuxxsqeu3byeydcnbj0j5d.dx.internal.cloudapp.net, ports: [REPLICATION=33693, RATIS=40743, RATIS_ADMIN=40743, RATIS_SERVER=40743, STANDALONE=36477], networkLocation: /default-rack, certSerialId: null, persistedOpState: IN_SERVICE, persistedOpStateExpiryEpochSec: 0}, ReplicationConfig: RATIS/THREE, State:ALLOCATED, leaderId:065c35c4-589e-4734-a2ae-f81921a7b502, CreationTimestamp2022-10-13T11:28:20.386Z[Etc/UTC]] moved to OPEN state
2022-10-13 11:28:29,302 [EventQueue-OpenPipelineForHealthyPipelineSafeModeRule] INFO  safemode.SCMSafeModeManager (HealthyPipelineSafeModeRule.java:process(137)) - SCM in safe mode. Healthy pipelines reported count is 1, required healthy pipeline reported count is 1
2022-10-13 11:28:29,302 [EventQueue-OpenPipelineForHealthyPipelineSafeModeRule] INFO  safemode.SCMSafeModeManager (SCMSafeModeManager.java:validateSafeModeExitRules(204)) - HealthyPipelineSafeModeRule rule is successfully validated
2022-10-13 11:28:29,302 [EventQueue-OpenPipelineForHealthyPipelineSafeModeRule] INFO  safemode.SCMSafeModeManager (SCMSafeModeManager.java:validateSafeModeExitRules(219)) - ScmSafeModeManager, all rules are successfully validated
2022-10-13 11:28:29,302 [EventQueue-OpenPipelineForHealthyPipelineSafeModeRule] INFO  safemode.SCMSafeModeManager (SCMSafeModeManager.java:exitSafeMode(248)) - SCM exiting safe mode.
2022-10-13 11:28:29,302 [EventQueue-OpenPipelineForHealthyPipelineSafeModeRule] WARN  events.EventQueue (EventQueue.java:fireEvent(216)) - No event handler registered for event TypedEvent{payloadType=SafeModeStatus, name='Safe mode status'}
2022-10-13 11:28:29,302 [EventQueue-OpenPipelineForHealthyPipelineSafeModeRule] INFO  ha.SCMContext (SCMContext.java:updateSafeModeStatus(228)) - Update SafeModeStatus from SafeModeStatus{safeModeStatus=true, preCheckPassed=true} to SafeModeStatus{safeModeStatus=false, preCheckPassed=true}.
2022-10-13 11:28:29,302 [EventQueue-OpenPipelineForHealthyPipelineSafeModeRule] INFO  pipeline.BackgroundPipelineCreator (BackgroundPipelineCreator.java:notifyStatusChanged(254)) - Service BackgroundPipelineCreator transitions to RUNNING.
2022-10-13 11:28:29,302 [EventQueue-OpenPipelineForHealthyPipelineSafeModeRule] INFO  BackgroundPipelineScrubber (BackgroundSCMService.java:notifyStatusChanged(82)) - Service BackgroundPipelineScrubber transitions to RUNNING.
2022-10-13 11:28:29,302 [EventQueue-OpenPipelineForHealthyPipelineSafeModeRule] INFO  ExpiredContainerReplicaOpScrubber (BackgroundSCMService.java:notifyStatusChanged(82)) - Service ExpiredContainerReplicaOpScrubber transitions to RUNNING.
2022-10-13 11:28:29,302 [EventQueue-OpenPipelineForHealthyPipelineSafeModeRule] INFO  replication.ReplicationManager (ReplicationManager.java:notifyStatusChanged(728)) - Service ReplicationManager transitions to RUNNING.
2022-10-13 11:28:29,307 [EventQueue-OpenPipelineForHealthyPipelineSafeModeRule] WARN  balancer.ContainerBalancer (ContainerBalancer.java:shouldRun(936)) - Could not find persisted configuration for ContainerBalancer when checking if ContainerBalancer should run. ContainerBalancer should not run now.
2022-10-13 11:28:29,308 [065c35c4-589e-4734-a2ae-f81921a7b502@group-B276EA639670-LeaderElection6] INFO  grpc.GrpcConfigKeys (ConfUtils.java:logGet(46)) - raft.grpc.server.leader.outstanding.appends.max = 128 (default)
2022-10-13 11:28:29,309 [065c35c4-589e-4734-a2ae-f81921a7b502@group-B276EA639670-LeaderElection6] INFO  server.RaftServerConfigKeys (ConfUtils.java:logGet(46)) - raft.server.rpc.request.timeout = 60s (custom)
2022-10-13 11:28:29,309 [065c35c4-589e-4734-a2ae-f81921a7b502@group-B276EA639670-LeaderElection6] INFO  server.RaftServerConfigKeys (ConfUtils.java:logGet(46)) - raft.server.log.appender.install.snapshot.enabled = false (custom)
2022-10-13 11:28:29,311 [065c35c4-589e-4734-a2ae-f81921a7b502@group-B276EA639670-LeaderElection6] INFO  server.RaftServerConfigKeys (ConfUtils.java:logGet(46)) - raft.server.log.appender.snapshot.chunk.size.max = 16MB (=16777216) (default)
2022-10-13 11:28:29,311 [065c35c4-589e-4734-a2ae-f81921a7b502@group-B276EA639670-LeaderElection6] INFO  server.RaftServerConfigKeys (ConfUtils.java:logGet(46)) - raft.server.log.appender.buffer.byte-limit = 33554432 (custom)
2022-10-13 11:28:29,312 [065c35c4-589e-4734-a2ae-f81921a7b502@group-B276EA639670-LeaderElection6] INFO  server.RaftServerConfigKeys (ConfUtils.java:logGet(46)) - raft.server.log.appender.buffer.element-limit = 1 (custom)
2022-10-13 11:28:29,312 [065c35c4-589e-4734-a2ae-f81921a7b502@group-B276EA639670-LeaderElection6] INFO  grpc.GrpcConfigKeys (ConfUtils.java:logGet(46)) - raft.grpc.server.leader.outstanding.appends.max = 128 (default)
2022-10-13 11:28:29,312 [065c35c4-589e-4734-a2ae-f81921a7b502@group-B276EA639670-LeaderElection6] INFO  server.RaftServerConfigKeys (ConfUtils.java:logGet(46)) - raft.server.rpc.request.timeout = 60s (custom)
2022-10-13 11:28:29,312 [065c35c4-589e-4734-a2ae-f81921a7b502@group-B276EA639670-LeaderElection6] INFO  server.RaftServerConfigKeys (ConfUtils.java:logGet(46)) - raft.server.log.appender.install.snapshot.enabled = false (custom)
2022-10-13 11:28:29,313 [065c35c4-589e-4734-a2ae-f81921a7b502@group-B276EA639670-LeaderElection6] INFO  impl.RoleInfo (RoleInfo.java:updateAndGet(139)) - 065c35c4-589e-4734-a2ae-f81921a7b502: start 065c35c4-589e-4734-a2ae-f81921a7b502@group-B276EA639670-LeaderStateImpl
2022-10-13 11:28:29,313 [065c35c4-589e-4734-a2ae-f81921a7b502@group-B276EA639670-LeaderElection6] INFO  segmented.SegmentedRaftLogWorker (SegmentedRaftLogWorker.java:startLogSegment(425)) - 065c35c4-589e-4734-a2ae-f81921a7b502@group-B276EA639670-SegmentedRaftLogWorker: Starting segment from index:0
2022-10-13 11:28:29,315 [065c35c4-589e-4734-a2ae-f81921a7b502@group-B276EA639670-LeaderElection6] INFO  server.RaftServer$Division (ServerState.java:setRaftConf(393)) - 065c35c4-589e-4734-a2ae-f81921a7b502@group-B276EA639670: set configuration 0: [4b00ac97-4cb7-4a9d-94c1-352d586145ce|rpc:10.1.0.139:40743|dataStream:|priority:0, 065c35c4-589e-4734-a2ae-f81921a7b502|rpc:10.1.0.139:40325|dataStream:|priority:1, c5bb7b7c-f843-4853-908b-bcc4fc6b3433|rpc:10.1.0.139:42649|dataStream:|priority:0], old=null
2022-10-13 11:28:29,316 [065c35c4-589e-4734-a2ae-f81921a7b502@group-B276EA639670-SegmentedRaftLogWorker] INFO  segmented.SegmentedRaftLogWorker (SegmentedRaftLogWorker.java:execute(629)) - 065c35c4-589e-4734-a2ae-f81921a7b502@group-B276EA639670-SegmentedRaftLogWorker: created new log segment /home/runner/work/ozone/ozone/hadoop-ozone/integration-test/target/test-dir/MiniOzoneClusterImpl-434ffb35-82cd-4fed-a90c-5d1117f9018e/datanode-0/data/ratis/b55aeffe-bebf-44a1-8824-b276ea639670/current/log_inprogress_0
2022-10-13 11:28:29,338 [c5bb7b7c-f843-4853-908b-bcc4fc6b3433-server-thread1] INFO  ratis.XceiverServerRatis (XceiverServerRatis.java:handleLeaderChangedNotification(863)) - Leader change notification received for group: group-B276EA639670 with new leaderId: 065c35c4-589e-4734-a2ae-f81921a7b502
2022-10-13 11:28:29,338 [c5bb7b7c-f843-4853-908b-bcc4fc6b3433-server-thread1] INFO  server.RaftServer$Division (ServerState.java:setLeader(287)) - c5bb7b7c-f843-4853-908b-bcc4fc6b3433@group-B276EA639670: change Leader from null to 065c35c4-589e-4734-a2ae-f81921a7b502 at term 1 for appendEntries, leader elected after 5205ms
2022-10-13 11:28:29,340 [4b00ac97-4cb7-4a9d-94c1-352d586145ce-server-thread1] INFO  ratis.XceiverServerRatis (XceiverServerRatis.java:handleLeaderChangedNotification(863)) - Leader change notification received for group: group-B276EA639670 with new leaderId: 065c35c4-589e-4734-a2ae-f81921a7b502
2022-10-13 11:28:29,340 [4b00ac97-4cb7-4a9d-94c1-352d586145ce-server-thread1] INFO  server.RaftServer$Division (ServerState.java:setLeader(287)) - 4b00ac97-4cb7-4a9d-94c1-352d586145ce@group-B276EA639670: change Leader from null to 065c35c4-589e-4734-a2ae-f81921a7b502 at term 1 for appendEntries, leader elected after 5180ms
2022-10-13 11:28:29,363 [c5bb7b7c-f843-4853-908b-bcc4fc6b3433-server-thread1] INFO  server.RaftServer$Division (ServerState.java:setRaftConf(393)) - c5bb7b7c-f843-4853-908b-bcc4fc6b3433@group-B276EA639670: set configuration 0: [4b00ac97-4cb7-4a9d-94c1-352d586145ce|rpc:10.1.0.139:40743|dataStream:|priority:0, 065c35c4-589e-4734-a2ae-f81921a7b502|rpc:10.1.0.139:40325|dataStream:|priority:1, c5bb7b7c-f843-4853-908b-bcc4fc6b3433|rpc:10.1.0.139:42649|dataStream:|priority:0], old=null
2022-10-13 11:28:29,363 [4b00ac97-4cb7-4a9d-94c1-352d586145ce-server-thread1] INFO  server.RaftServer$Division (ServerState.java:setRaftConf(393)) - 4b00ac97-4cb7-4a9d-94c1-352d586145ce@group-B276EA639670: set configuration 0: [4b00ac97-4cb7-4a9d-94c1-352d586145ce|rpc:10.1.0.139:40743|dataStream:|priority:0, 065c35c4-589e-4734-a2ae-f81921a7b502|rpc:10.1.0.139:40325|dataStream:|priority:1, c5bb7b7c-f843-4853-908b-bcc4fc6b3433|rpc:10.1.0.139:42649|dataStream:|priority:0], old=null
2022-10-13 11:28:29,363 [c5bb7b7c-f843-4853-908b-bcc4fc6b3433-server-thread1] INFO  segmented.SegmentedRaftLogWorker (SegmentedRaftLogWorker.java:startLogSegment(425)) - c5bb7b7c-f843-4853-908b-bcc4fc6b3433@group-B276EA639670-SegmentedRaftLogWorker: Starting segment from index:0
2022-10-13 11:28:29,363 [4b00ac97-4cb7-4a9d-94c1-352d586145ce-server-thread1] INFO  segmented.SegmentedRaftLogWorker (SegmentedRaftLogWorker.java:startLogSegment(425)) - 4b00ac97-4cb7-4a9d-94c1-352d586145ce@group-B276EA639670-SegmentedRaftLogWorker: Starting segment from index:0
2022-10-13 11:28:29,369 [c5bb7b7c-f843-4853-908b-bcc4fc6b3433@group-B276EA639670-SegmentedRaftLogWorker] INFO  segmented.SegmentedRaftLogWorker (SegmentedRaftLogWorker.java:execute(629)) - c5bb7b7c-f843-4853-908b-bcc4fc6b3433@group-B276EA639670-SegmentedRaftLogWorker: created new log segment /home/runner/work/ozone/ozone/hadoop-ozone/integration-test/target/test-dir/MiniOzoneClusterImpl-434ffb35-82cd-4fed-a90c-5d1117f9018e/datanode-2/data/ratis/b55aeffe-bebf-44a1-8824-b276ea639670/current/log_inprogress_0
2022-10-13 11:28:29,370 [4b00ac97-4cb7-4a9d-94c1-352d586145ce@group-B276EA639670-SegmentedRaftLogWorker] INFO  segmented.SegmentedRaftLogWorker (SegmentedRaftLogWorker.java:execute(629)) - 4b00ac97-4cb7-4a9d-94c1-352d586145ce@group-B276EA639670-SegmentedRaftLogWorker: created new log segment /home/runner/work/ozone/ozone/hadoop-ozone/integration-test/target/test-dir/MiniOzoneClusterImpl-434ffb35-82cd-4fed-a90c-5d1117f9018e/datanode-1/data/ratis/b55aeffe-bebf-44a1-8824-b276ea639670/current/log_inprogress_0
2022-10-13 11:28:29,379 [Listener at 127.0.0.1/43103] INFO  ozone.MiniOzoneClusterImpl (MiniOzoneClusterImpl.java:lambda$waitForClusterToBeReady$0(216)) - Nodes are ready. Got 3 of 3 DN Heartbeats.
2022-10-13 11:28:29,379 [Listener at 127.0.0.1/43103] INFO  ozone.MiniOzoneClusterImpl (MiniOzoneClusterImpl.java:lambda$waitForClusterToBeReady$0(219)) - Cluster exits safe mode
2022-10-13 11:28:29,379 [Listener at 127.0.0.1/43103] INFO  ozone.MiniOzoneClusterImpl (MiniOzoneClusterImpl.java:lambda$waitForClusterToBeReady$0(221)) - SCM became leader
]]></system-out>
    <rerunFailure type="java.lang.AssertionError">
      <stackTrace><![CDATA[java.lang.AssertionError
	at org.junit.Assert.fail(Assert.java:87)
	at org.junit.Assert.assertTrue(Assert.java:42)
	at org.junit.Assert.assertTrue(Assert.java:53)
	at org.apache.hadoop.hdds.scm.TestRatisPipelineLeader.testLeaderIdAfterLeaderChange(TestRatisPipelineLeader.java:119)
	at sun.reflect.NativeMethodAccessorImpl.invoke0(Native Method)
	at sun.reflect.NativeMethodAccessorImpl.invoke(NativeMethodAccessorImpl.java:62)
	at sun.reflect.DelegatingMethodAccessorImpl.invoke(DelegatingMethodAccessorImpl.java:43)
	at java.lang.reflect.Method.invoke(Method.java:498)
	at org.junit.platform.commons.util.ReflectionUtils.invokeMethod(ReflectionUtils.java:725)
	at org.junit.jupiter.engine.execution.MethodInvocation.proceed(MethodInvocation.java:60)
	at org.junit.jupiter.engine.execution.InvocationInterceptorChain$ValidatingInvocation.proceed(InvocationInterceptorChain.java:131)
	at org.junit.jupiter.engine.extension.TimeoutInvocation.proceed(TimeoutInvocation.java:46)
	at org.junit.jupiter.engine.extension.TimeoutExtension.intercept(TimeoutExtension.java:149)
	at org.junit.jupiter.engine.extension.TimeoutExtension.interceptTestableMethod(TimeoutExtension.java:140)
	at org.junit.jupiter.engine.extension.TimeoutExtension.interceptTestMethod(TimeoutExtension.java:84)
	at org.junit.jupiter.engine.execution.ExecutableInvoker$ReflectiveInterceptorCall.lambda$ofVoidMethod$0(ExecutableInvoker.java:115)
	at org.junit.jupiter.engine.execution.ExecutableInvoker.lambda$invoke$0(ExecutableInvoker.java:105)
	at org.junit.jupiter.engine.execution.InvocationInterceptorChain$InterceptedInvocation.proceed(InvocationInterceptorChain.java:106)
	at org.junit.jupiter.engine.execution.InvocationInterceptorChain.proceed(InvocationInterceptorChain.java:64)
	at org.junit.jupiter.engine.execution.InvocationInterceptorChain.chainAndInvoke(InvocationInterceptorChain.java:45)
	at org.junit.jupiter.engine.execution.InvocationInterceptorChain.invoke(InvocationInterceptorChain.java:37)
	at org.junit.jupiter.engine.execution.ExecutableInvoker.invoke(ExecutableInvoker.java:104)
	at org.junit.jupiter.engine.execution.ExecutableInvoker.invoke(ExecutableInvoker.java:98)
	at org.junit.jupiter.engine.descriptor.TestMethodTestDescriptor.lambda$invokeTestMethod$7(TestMethodTestDescriptor.java:214)
	at org.junit.platform.engine.support.hierarchical.ThrowableCollector.execute(ThrowableCollector.java:73)
	at org.junit.jupiter.engine.descriptor.TestMethodTestDescriptor.invokeTestMethod(TestMethodTestDescriptor.java:210)
	at org.junit.jupiter.engine.descriptor.TestMethodTestDescriptor.execute(TestMethodTestDescriptor.java:135)
	at org.junit.jupiter.engine.descriptor.TestMethodTestDescriptor.execute(TestMethodTestDescriptor.java:66)
	at org.junit.platform.engine.support.hierarchical.NodeTestTask.lambda$executeRecursively$6(NodeTestTask.java:151)
	at org.junit.platform.engine.support.hierarchical.ThrowableCollector.execute(ThrowableCollector.java:73)
	at org.junit.platform.engine.support.hierarchical.NodeTestTask.lambda$executeRecursively$8(NodeTestTask.java:141)
	at org.junit.platform.engine.support.hierarchical.Node.around(Node.java:137)
	at org.junit.platform.engine.support.hierarchical.NodeTestTask.lambda$executeRecursively$9(NodeTestTask.java:139)
	at org.junit.platform.engine.support.hierarchical.ThrowableCollector.execute(ThrowableCollector.java:73)
	at org.junit.platform.engine.support.hierarchical.NodeTestTask.executeRecursively(NodeTestTask.java:138)
	at org.junit.platform.engine.support.hierarchical.NodeTestTask.execute(NodeTestTask.java:95)
	at java.util.ArrayList.forEach(ArrayList.java:1259)
	at org.junit.platform.engine.support.hierarchical.SameThreadHierarchicalTestExecutorService.invokeAll(SameThreadHierarchicalTestExecutorService.java:41)
	at org.junit.platform.engine.support.hierarchical.NodeTestTask.lambda$executeRecursively$6(NodeTestTask.java:155)
	at org.junit.platform.engine.support.hierarchical.ThrowableCollector.execute(ThrowableCollector.java:73)
	at org.junit.platform.engine.support.hierarchical.NodeTestTask.lambda$executeRecursively$8(NodeTestTask.java:141)
	at org.junit.platform.engine.support.hierarchical.Node.around(Node.java:137)
	at org.junit.platform.engine.support.hierarchical.NodeTestTask.lambda$executeRecursively$9(NodeTestTask.java:139)
	at org.junit.platform.engine.support.hierarchical.ThrowableCollector.execute(ThrowableCollector.java:73)
	at org.junit.platform.engine.support.hierarchical.NodeTestTask.executeRecursively(NodeTestTask.java:138)
	at org.junit.platform.engine.support.hierarchical.NodeTestTask.execute(NodeTestTask.java:95)
	at java.util.ArrayList.forEach(ArrayList.java:1259)
	at org.junit.platform.engine.support.hierarchical.SameThreadHierarchicalTestExecutorService.invokeAll(SameThreadHierarchicalTestExecutorService.java:41)
	at org.junit.platform.engine.support.hierarchical.NodeTestTask.lambda$executeRecursively$6(NodeTestTask.java:155)
	at org.junit.platform.engine.support.hierarchical.ThrowableCollector.execute(ThrowableCollector.java:73)
	at org.junit.platform.engine.support.hierarchical.NodeTestTask.lambda$executeRecursively$8(NodeTestTask.java:141)
	at org.junit.platform.engine.support.hierarchical.Node.around(Node.java:137)
	at org.junit.platform.engine.support.hierarchical.NodeTestTask.lambda$executeRecursively$9(NodeTestTask.java:139)
	at org.junit.platform.engine.support.hierarchical.ThrowableCollector.execute(ThrowableCollector.java:73)
	at org.junit.platform.engine.support.hierarchical.NodeTestTask.executeRecursively(NodeTestTask.java:138)
	at org.junit.platform.engine.support.hierarchical.NodeTestTask.execute(NodeTestTask.java:95)
	at org.junit.platform.engine.support.hierarchical.SameThreadHierarchicalTestExecutorService.submit(SameThreadHierarchicalTestExecutorService.java:35)
	at org.junit.platform.engine.support.hierarchical.HierarchicalTestExecutor.execute(HierarchicalTestExecutor.java:57)
	at org.junit.platform.engine.support.hierarchical.HierarchicalTestEngine.execute(HierarchicalTestEngine.java:54)
	at org.junit.platform.launcher.core.EngineExecutionOrchestrator.execute(EngineExecutionOrchestrator.java:107)
	at org.junit.platform.launcher.core.EngineExecutionOrchestrator.execute(EngineExecutionOrchestrator.java:88)
	at org.junit.platform.launcher.core.EngineExecutionOrchestrator.lambda$execute$0(EngineExecutionOrchestrator.java:54)
	at org.junit.platform.launcher.core.EngineExecutionOrchestrator.withInterceptedStreams(EngineExecutionOrchestrator.java:67)
	at org.junit.platform.launcher.core.EngineExecutionOrchestrator.execute(EngineExecutionOrchestrator.java:52)
	at org.junit.platform.launcher.core.DefaultLauncher.execute(DefaultLauncher.java:114)
	at org.junit.platform.launcher.core.DefaultLauncher.execute(DefaultLauncher.java:86)
	at org.junit.platform.launcher.core.DefaultLauncherSession$DelegatingLauncher.execute(DefaultLauncherSession.java:86)
	at org.junit.platform.launcher.core.SessionPerRequestLauncher.execute(SessionPerRequestLauncher.java:53)
	at org.apache.maven.surefire.junitplatform.JUnitPlatformProvider.invokeAllTests(JUnitPlatformProvider.java:165)
	at org.apache.maven.surefire.junitplatform.JUnitPlatformProvider.invoke(JUnitPlatformProvider.java:124)
	at org.apache.maven.surefire.booter.ForkedBooter.runSuitesInProcess(ForkedBooter.java:428)
	at org.apache.maven.surefire.booter.ForkedBooter.execute(ForkedBooter.java:162)
	at org.apache.maven.surefire.booter.ForkedBooter.run(ForkedBooter.java:562)
	at org.apache.maven.surefire.booter.ForkedBooter.main(ForkedBooter.java:548)
]]></stackTrace>
      <system-out><![CDATA[2022-10-13 11:28:33,846 [Listener at 127.0.0.1/43103] WARN  server.ServerUtils (ServerUtils.java:getScmDbDir(148)) - ozone.scm.db.dirs is not configured. We recommend adding this setting. Falling back to ozone.metadata.dirs instead.
2022-10-13 11:28:33,853 [Listener at 127.0.0.1/43103] WARN  server.ServerUtils (ServerUtils.java:getScmDbDir(148)) - ozone.scm.db.dirs is not configured. We recommend adding this setting. Falling back to ozone.metadata.dirs instead.
2022-10-13 11:28:33,853 [Listener at 127.0.0.1/43103] INFO  ha.SCMHANodeDetails (SCMHANodeDetails.java:loadSCMHAConfig(209)) - ServiceID for StorageContainerManager is null
2022-10-13 11:28:33,854 [Listener at 127.0.0.1/43103] INFO  ha.SCMHANodeDetails (SCMHANodeDetails.java:loadSCMHAConfig(214)) - ozone.scm.default.service.id is not defined, falling back to ozone.scm.service.ids to find serviceID for StorageContainerManager if it is HA enabled cluster
2022-10-13 11:28:33,854 [Listener at 127.0.0.1/43103] WARN  utils.HAUtils (HAUtils.java:getMetaDir(342)) - ozone.scm.db.dirs is not configured. We recommend adding this setting. Falling back to ozone.metadata.dirs instead.
2022-10-13 11:28:33,854 [Listener at 127.0.0.1/43103] WARN  db.DBStoreBuilder (DBStoreBuilder.java:applyDBDefinition(144)) - ozone.scm.db.dirs is not configured. We recommend adding this setting. Falling back to ozone.metadata.dirs instead.
2022-10-13 11:28:33,994 [Listener at 127.0.0.1/43103] INFO  net.NodeSchemaLoader (NodeSchemaLoader.java:loadSchemaFromFile(129)) - Loading schema from [jar:file:/home/runner/.m2/repository/org/apache/ozone/hdds-common/1.3.0-SNAPSHOT/hdds-common-1.3.0-SNAPSHOT.jar!/network-topology-default.xml]
2022-10-13 11:28:33,995 [Listener at 127.0.0.1/43103] INFO  net.NodeSchemaLoader (NodeSchemaLoader.java:loadSchema(176)) - Loading network topology layer schema file
2022-10-13 11:28:33,998 [Listener at 127.0.0.1/43103] INFO  upgrade.AbstractLayoutVersionManager (AbstractLayoutVersionManager.java:init(83)) - Initializing Layout version manager with metadata layout = DATANODE_SCHEMA_V3 (version = 4), software layout = DATANODE_SCHEMA_V3 (version = 4)
2022-10-13 11:28:34,047 [Listener at 127.0.0.1/43103] INFO  reflections.Reflections (Reflections.java:scan(232)) - Reflections took 48 ms to scan 7 urls, producing 137 keys and 328 values 
2022-10-13 11:28:34,049 [Listener at 127.0.0.1/43103] INFO  ha.SequenceIdGenerator (SequenceIdGenerator.java:upgradeToSequenceId(349)) - upgrade localId to 109611004723200000
2022-10-13 11:28:34,049 [Listener at 127.0.0.1/43103] INFO  ha.SequenceIdGenerator (SequenceIdGenerator.java:upgradeToSequenceId(359)) - upgrade delTxnId to 0
2022-10-13 11:28:34,050 [Listener at 127.0.0.1/43103] INFO  ha.SequenceIdGenerator (SequenceIdGenerator.java:upgradeToSequenceId(376)) - upgrade containerId to 0
2022-10-13 11:28:34,050 [Listener at 127.0.0.1/43103] INFO  ha.SequenceIdGenerator (SequenceIdGenerator.java:<init>(220)) - Init the HA SequenceIdGenerator.
2022-10-13 11:28:34,050 [Listener at 127.0.0.1/43103] WARN  server.ServerUtils (ServerUtils.java:sanitizeUserArgs(73)) - ozone.scm.stale.node.interval value = 300000 is larger than max = 100000 based on the key value of ozone.scm.heartbeat.thread.interval, reset to the max value 100000.
2022-10-13 11:28:34,050 [Listener at 127.0.0.1/43103] WARN  server.ServerUtils (ServerUtils.java:sanitizeUserArgs(73)) - ozone.scm.stale.node.interval value = 300000 is larger than max = 100000 based on the key value of ozone.scm.heartbeat.thread.interval, reset to the max value 100000.
2022-10-13 11:28:34,051 [Listener at 127.0.0.1/43103] INFO  node.SCMNodeManager (SCMNodeManager.java:<init>(149)) - Entering startup safe mode.
2022-10-13 11:28:34,051 [Listener at 127.0.0.1/43103] INFO  algorithms.ContainerPlacementPolicyFactory (ContainerPlacementPolicyFactory.java:getPolicyInternal(86)) - Create container placement policy of type org.apache.hadoop.hdds.scm.container.placement.algorithms.SCMContainerPlacementRandom
2022-10-13 11:28:34,052 [Listener at 127.0.0.1/43103] INFO  algorithms.ContainerPlacementPolicyFactory (ContainerPlacementPolicyFactory.java:getPolicyInternal(86)) - Create container placement policy of type org.apache.hadoop.hdds.scm.container.placement.algorithms.SCMContainerPlacementRackScatter
2022-10-13 11:28:34,052 [Listener at 127.0.0.1/43103] INFO  pipeline.PipelineStateManagerImpl (PipelineStateManagerImpl.java:initialize(78)) - No pipeline exists in current db
2022-10-13 11:28:34,052 [Listener at 127.0.0.1/43103] INFO  algorithms.LeaderChoosePolicyFactory (LeaderChoosePolicyFactory.java:getPolicy(57)) - Create leader choose policy of type org.apache.hadoop.hdds.scm.pipeline.leader.choose.algorithms.MinLeaderCountChoosePolicy
2022-10-13 11:28:34,052 [Listener at 127.0.0.1/43103] INFO  algorithms.ContainerPlacementPolicyFactory (ContainerPlacementPolicyFactory.java:getPolicyInternal(86)) - Create container placement policy of type org.apache.hadoop.hdds.scm.container.placement.algorithms.SCMContainerPlacementRackScatter
2022-10-13 11:28:34,053 [Listener at 127.0.0.1/43103] INFO  ha.SCMServiceManager (SCMServiceManager.java:register(42)) - Registering service BackgroundPipelineCreator.
2022-10-13 11:28:34,053 [Listener at 127.0.0.1/43103] INFO  pipeline.BackgroundPipelineCreator (BackgroundPipelineCreator.java:start(124)) - Starting RatisPipelineUtilsThread.
2022-10-13 11:28:34,055 [Listener at 127.0.0.1/43103] INFO  BackgroundPipelineScrubber (BackgroundSCMService.java:start(68)) - Starting BackgroundPipelineScrubber Service.
2022-10-13 11:28:34,056 [Listener at 127.0.0.1/43103] INFO  ha.SCMServiceManager (SCMServiceManager.java:register(42)) - Registering service BackgroundPipelineScrubber.
2022-10-13 11:28:34,056 [Listener at 127.0.0.1/43103] INFO  ExpiredContainerReplicaOpScrubber (BackgroundSCMService.java:start(68)) - Starting ExpiredContainerReplicaOpScrubber Service.
2022-10-13 11:28:34,056 [Listener at 127.0.0.1/43103] INFO  ha.SCMServiceManager (SCMServiceManager.java:register(42)) - Registering service ExpiredContainerReplicaOpScrubber.
2022-10-13 11:28:34,058 [Listener at 127.0.0.1/43103] INFO  algorithms.PipelineChoosePolicyFactory (PipelineChoosePolicyFactory.java:createPipelineChoosePolicyFromClass(73)) - Create pipeline choose policy of type org.apache.hadoop.hdds.scm.pipeline.choose.algorithms.RandomPipelineChoosePolicy
2022-10-13 11:28:34,058 [Listener at 127.0.0.1/43103] INFO  ha.SCMServiceManager (SCMServiceManager.java:register(42)) - Registering service SCMBlockDeletingService.
2022-10-13 11:28:34,059 [Listener at 127.0.0.1/43103] INFO  replication.ReplicationManager (ReplicationManager.java:start(223)) - Starting Replication Monitor Thread.
2022-10-13 11:28:34,060 [Listener at 127.0.0.1/43103] INFO  ha.SCMServiceManager (SCMServiceManager.java:register(42)) - Registering service ReplicationManager.
2022-10-13 11:28:34,064 [Listener at 127.0.0.1/43103] INFO  safemode.ContainerSafeModeRule (ContainerSafeModeRule.java:<init>(89)) - containers with one replica threshold count 0
2022-10-13 11:28:34,065 [Listener at 127.0.0.1/43103] INFO  safemode.HealthyPipelineSafeModeRule (HealthyPipelineSafeModeRule.java:initializeRule(169)) - Total pipeline count is 0, healthy pipeline threshold count is 1
2022-10-13 11:28:34,065 [Listener at 127.0.0.1/43103] INFO  safemode.OneReplicaPipelineSafeModeRule (OneReplicaPipelineSafeModeRule.java:initializeRule(180)) - Total pipeline count is 0, pipeline's with at least one datanode reported threshold count is 0
2022-10-13 11:28:34,066 [ReplicationMonitor] INFO  replication.ReplicationManager (ReplicationManager.java:processAll(291)) - Replication Manager is not ready to run until 3000ms after safemode exit
2022-10-13 11:28:34,066 [Listener at 127.0.0.1/43103] INFO  ipc.CallQueueManager (CallQueueManager.java:<init>(90)) - Using callQueue: class java.util.concurrent.LinkedBlockingQueue, queueCapacity: 2000, scheduler: class org.apache.hadoop.ipc.DefaultRpcScheduler, ipcBackoff: false.
2022-10-13 11:28:34,067 [Socket Reader #1 for port 0] INFO  ipc.Server (Server.java:run(1273)) - Starting Socket Reader #1 for port 0
2022-10-13 11:28:34,068 [Listener at 0.0.0.0/34741] INFO  ipc.CallQueueManager (CallQueueManager.java:<init>(90)) - Using callQueue: class java.util.concurrent.LinkedBlockingQueue, queueCapacity: 2000, scheduler: class org.apache.hadoop.ipc.DefaultRpcScheduler, ipcBackoff: false.
2022-10-13 11:28:34,069 [Socket Reader #1 for port 0] INFO  ipc.Server (Server.java:run(1273)) - Starting Socket Reader #1 for port 0
2022-10-13 11:28:34,070 [Listener at 0.0.0.0/46177] INFO  ipc.CallQueueManager (CallQueueManager.java:<init>(90)) - Using callQueue: class java.util.concurrent.LinkedBlockingQueue, queueCapacity: 2000, scheduler: class org.apache.hadoop.ipc.DefaultRpcScheduler, ipcBackoff: false.
2022-10-13 11:28:34,074 [Socket Reader #1 for port 0] INFO  ipc.Server (Server.java:run(1273)) - Starting Socket Reader #1 for port 0
2022-10-13 11:28:34,102 [Listener at 0.0.0.0/45935] INFO  ha.SCMServiceManager (SCMServiceManager.java:register(42)) - Registering service ContainerBalancer.
2022-10-13 11:28:34,102 [Listener at 0.0.0.0/45935] INFO  server.StorageContainerManager (StorageContainerManager.java:<init>(410)) - 
Container Balancer status:
Key                            Value
Running                        false
Container Balancer Configuration values:
Key                                                Value
Threshold                                          10
Max Datanodes to Involve per Iteration(percent)    20
Max Size to Move per Iteration                     500GB
Max Size Entering Target per Iteration             26GB
Max Size Leaving Source per Iteration              26GB

2022-10-13 11:28:34,102 [Listener at 0.0.0.0/45935] WARN  events.EventQueue (EventQueue.java:fireEvent(216)) - No event handler registered for event TypedEvent{payloadType=SafeModeStatus, name='Safe mode status'}
2022-10-13 11:28:34,103 [Listener at 0.0.0.0/45935] INFO  ha.SCMContext (SCMContext.java:updateSafeModeStatus(228)) - Update SafeModeStatus from SafeModeStatus{safeModeStatus=true, preCheckPassed=false} to SafeModeStatus{safeModeStatus=true, preCheckPassed=false}.
2022-10-13 11:28:34,103 [Listener at 0.0.0.0/45935] INFO  server.StorageContainerManager (StorageContainerManager.java:start(1436)) - StorageContainerLocationProtocol RPC server is listening at /0.0.0.0:45935
2022-10-13 11:28:34,105 [Listener at 0.0.0.0/45935] WARN  impl.MetricsConfig (MetricsConfig.java:loadFirst(136)) - Cannot locate configuration: tried hadoop-metrics2-storagecontainermanager.properties,hadoop-metrics2.properties
2022-10-13 11:28:34,106 [Listener at 0.0.0.0/45935] INFO  impl.MetricsSystemImpl (MetricsSystemImpl.java:startTimer(378)) - Scheduled Metric snapshot period at 10 second(s).
2022-10-13 11:28:34,106 [Listener at 0.0.0.0/45935] INFO  impl.MetricsSystemImpl (MetricsSystemImpl.java:start(191)) - StorageContainerManager metrics system started
2022-10-13 11:28:34,119 [Listener at 0.0.0.0/45935] INFO  impl.MetricsSinkAdapter (MetricsSinkAdapter.java:start(204)) - Sink prometheus started
2022-10-13 11:28:34,124 [Listener at 0.0.0.0/45935] INFO  impl.MetricsSystemImpl (MetricsSystemImpl.java:registerSink(305)) - Registered sink prometheus
2022-10-13 11:28:34,139 [Listener at 0.0.0.0/45935] INFO  server.SCMClientProtocolServer (SCMClientProtocolServer.java:start(170)) - RPC server for Client  is listening at /0.0.0.0:45935
2022-10-13 11:28:34,139 [IPC Server Responder] INFO  ipc.Server (Server.java:run(1512)) - IPC Server Responder: starting
2022-10-13 11:28:34,140 [IPC Server listener on 0] INFO  ipc.Server (Server.java:run(1352)) - IPC Server listener on 0: starting
2022-10-13 11:28:34,145 [Listener at 0.0.0.0/45935] INFO  server.StorageContainerManager (StorageContainerManager.java:start(1451)) - ScmBlockLocationProtocol RPC server is listening at /0.0.0.0:46177
2022-10-13 11:28:34,146 [Listener at 0.0.0.0/45935] INFO  server.SCMBlockProtocolServer (SCMBlockProtocolServer.java:start(152)) - RPC server for Block Protocol is listening at /0.0.0.0:46177
2022-10-13 11:28:34,147 [IPC Server Responder] INFO  ipc.Server (Server.java:run(1512)) - IPC Server Responder: starting
2022-10-13 11:28:34,147 [IPC Server listener on 0] INFO  ipc.Server (Server.java:run(1352)) - IPC Server listener on 0: starting
2022-10-13 11:28:34,152 [Listener at 0.0.0.0/45935] INFO  server.SCMDatanodeProtocolServer (SCMDatanodeProtocolServer.java:start(186)) - ScmDatanodeProtocol RPC server for DataNodes is listening at /0.0.0.0:34741
2022-10-13 11:28:34,152 [IPC Server Responder] INFO  ipc.Server (Server.java:run(1512)) - IPC Server Responder: starting
2022-10-13 11:28:34,153 [IPC Server listener on 0] INFO  ipc.Server (Server.java:run(1352)) - IPC Server listener on 0: starting
2022-10-13 11:28:34,159 [Listener at 0.0.0.0/45935] INFO  http.BaseHttpServer (BaseHttpServer.java:newHttpServer2BuilderForOzone(213)) - Starting Web-server for scm at: http://0.0.0.0:0
2022-10-13 11:28:34,159 [Listener at 0.0.0.0/45935] INFO  http.BaseHttpServer (BaseHttpServer.java:<init>(108)) - Hadoop Security Enabled: false Ozone Security Enabled: false Ozone HTTP Security Enabled: false 
2022-10-13 11:28:34,160 [org.apache.hadoop.util.JvmPauseMonitor$Monitor@47376146] INFO  util.JvmPauseMonitor (JvmPauseMonitor.java:run(188)) - Starting JVM pause monitor
2022-10-13 11:28:34,161 [Listener at 0.0.0.0/45935] WARN  server.AuthenticationFilter (AuthenticationFilter.java:constructSecretProvider(240)) - Unable to initialize FileSignerSecretProvider, falling back to use random secrets. Reason: Could not read signature secret file: /home/runner/hadoop-http-auth-signature-secret
2022-10-13 11:28:34,162 [Listener at 0.0.0.0/45935] WARN  http.HttpRequestLog (HttpRequestLog.java:getRequestLog(103)) - Jetty request log can only be enabled using Log4j
2022-10-13 11:28:34,163 [Listener at 0.0.0.0/45935] INFO  http.HttpServer2 (HttpServer2.java:addGlobalFilter(1031)) - Added global filter 'safety' (class=org.apache.hadoop.hdds.server.http.HttpServer2$QuotingInputFilter)
2022-10-13 11:28:34,164 [Listener at 0.0.0.0/45935] INFO  http.HttpServer2 (HttpServer2.java:addFilter(1007)) - Added filter static_user_filter (class=org.apache.hadoop.http.lib.StaticUserWebFilter$StaticUserFilter) to context scm
2022-10-13 11:28:34,164 [Listener at 0.0.0.0/45935] INFO  http.HttpServer2 (HttpServer2.java:addFilter(1015)) - Added filter static_user_filter (class=org.apache.hadoop.http.lib.StaticUserWebFilter$StaticUserFilter) to context logs
2022-10-13 11:28:34,164 [Listener at 0.0.0.0/45935] INFO  http.HttpServer2 (HttpServer2.java:addFilter(1015)) - Added filter static_user_filter (class=org.apache.hadoop.http.lib.StaticUserWebFilter$StaticUserFilter) to context static
2022-10-13 11:28:34,165 [Listener at 0.0.0.0/45935] INFO  http.HttpServer2 (HttpServer2.java:bindListener(1250)) - Jetty bound to port 44145
2022-10-13 11:28:34,165 [Listener at 0.0.0.0/45935] INFO  server.Server (Server.java:doStart(375)) - jetty-9.4.43.v20210629; built: 2021-06-30T11:07:22.254Z; git: 526006ecfa3af7f1a27ef3a288e2bef7ea9dd7e8; jvm 1.8.0_345-b01
2022-10-13 11:28:34,167 [Listener at 0.0.0.0/45935] INFO  server.session (DefaultSessionIdManager.java:doStart(334)) - DefaultSessionIdManager workerName=node0
2022-10-13 11:28:34,167 [Listener at 0.0.0.0/45935] INFO  server.session (DefaultSessionIdManager.java:doStart(339)) - No SessionScavenger set, using defaults
2022-10-13 11:28:34,168 [Listener at 0.0.0.0/45935] INFO  server.session (HouseKeeper.java:startScavenging(132)) - node0 Scavenging every 600000ms
2022-10-13 11:28:34,168 [Listener at 0.0.0.0/45935] INFO  handler.ContextHandler (ContextHandler.java:doStart(915)) - Started o.e.j.s.ServletContextHandler@49be17f6{logs,/logs,file:///home/runner/work/ozone/ozone/hadoop-ozone/integration-test/target/log,AVAILABLE}
2022-10-13 11:28:34,169 [Listener at 0.0.0.0/45935] INFO  handler.ContextHandler (ContextHandler.java:doStart(915)) - Started o.e.j.s.ServletContextHandler@3da82b44{static,/static,file:///home/runner/work/ozone/ozone/hadoop-ozone/integration-test/target/test-classes/webapps/static,AVAILABLE}
2022-10-13 11:28:34,173 [Listener at 0.0.0.0/45935] INFO  handler.ContextHandler (ContextHandler.java:doStart(915)) - Started o.e.j.w.WebAppContext@1499f2cf{scm,/,file:///home/runner/work/ozone/ozone/hadoop-ozone/integration-test/target/test-classes/webapps/scm/,AVAILABLE}{file:/home/runner/work/ozone/ozone/hadoop-ozone/integration-test/target/test-classes/webapps/scm}
2022-10-13 11:28:34,173 [Listener at 0.0.0.0/45935] INFO  server.AbstractConnector (AbstractConnector.java:doStart(331)) - Started ServerConnector@7985f341{HTTP/1.1, (http/1.1)}{0.0.0.0:44145}
2022-10-13 11:28:34,174 [Listener at 0.0.0.0/45935] INFO  server.Server (Server.java:doStart(415)) - Started @27711ms
2022-10-13 11:28:34,174 [Listener at 0.0.0.0/45935] WARN  impl.MetricsSystemImpl (MetricsSystemImpl.java:register(279)) - Sink prometheus already exists!
2022-10-13 11:28:34,174 [Listener at 0.0.0.0/45935] INFO  http.BaseHttpServer (BaseHttpServer.java:updateConnectorAddress(333)) - HTTP server of scm listening at http://0.0.0.0:44145
2022-10-13 11:28:34,174 [Listener at 0.0.0.0/45935] WARN  server.ServerUtils (ServerUtils.java:getDBPath(225)) - ozone.om.db.dirs is not configured. We recommend adding this setting. Falling back to ozone.metadata.dirs instead.
2022-10-13 11:28:34,176 [Listener at 0.0.0.0/45935] INFO  ha.OMHANodeDetails (OMHANodeDetails.java:loadOMHAConfig(115)) - ozone.om.internal.service.id is not defined, falling back to ozone.om.service.ids to find serviceID for OzoneManager if it is HA enabled cluster
2022-10-13 11:28:34,176 [Listener at 0.0.0.0/45935] INFO  ha.OMHANodeDetails (OMHANodeDetails.java:loadOMHAConfig(226)) - Configuration does not have ozone.om.address set. Falling back to the default OM address /127.0.0.1:0
2022-10-13 11:28:34,177 [Listener at 0.0.0.0/45935] INFO  ha.OMHANodeDetails (OMHANodeDetails.java:getOMNodeDetailsForNonHA(254)) - OM Service ID is not set. Setting it to the default ID: omServiceIdDefault
2022-10-13 11:28:34,177 [Listener at 0.0.0.0/45935] INFO  ha.OMHANodeDetails (OMHANodeDetails.java:getOMNodeDetailsForNonHA(261)) - OM Node ID is not set. Setting it to the default ID: om1
2022-10-13 11:28:34,177 [Listener at 0.0.0.0/45935] WARN  server.ServerUtils (ServerUtils.java:getDBPath(225)) - ozone.om.db.dirs is not configured. We recommend adding this setting. Falling back to ozone.metadata.dirs instead.
2022-10-13 11:28:34,177 [Listener at 0.0.0.0/45935] INFO  upgrade.AbstractLayoutVersionManager (AbstractLayoutVersionManager.java:init(83)) - Initializing Layout version manager with metadata layout = MULTITENANCY_SCHEMA (version = 3), software layout = MULTITENANCY_SCHEMA (version = 3)
2022-10-13 11:28:34,282 [Listener at 0.0.0.0/45935] INFO  reflections.Reflections (Reflections.java:scan(232)) - Reflections took 103 ms to scan 2 urls, producing 154 keys and 428 values [using 2 cores]
2022-10-13 11:28:34,282 [Listener at 0.0.0.0/45935] INFO  upgrade.OMLayoutVersionManager (OMLayoutVersionManager.java:lambda$0(115)) - Skipping Upgrade Action MockOmUpgradeAction since it has been finalized.
2022-10-13 11:28:34,283 [Listener at 0.0.0.0/45935] WARN  server.ServerUtils (ServerUtils.java:getDBPath(225)) - ozone.om.db.dirs is not configured. We recommend adding this setting. Falling back to ozone.metadata.dirs instead.
2022-10-13 11:28:34,283 [Listener at 0.0.0.0/45935] INFO  proxy.SCMBlockLocationFailoverProxyProvider (SCMBlockLocationFailoverProxyProvider.java:<init>(114)) - Created block location fail-over proxy with 1 nodes: [nodeId=scmNodeId,nodeAddress=/0.0.0.0:46177]
2022-10-13 11:28:34,285 [Listener at 0.0.0.0/45935] INFO  proxy.SCMBlockLocationFailoverProxyProvider (SCMBlockLocationFailoverProxyProvider.java:<init>(114)) - Created block location fail-over proxy with 1 nodes: [nodeId=scmNodeId,nodeAddress=/0.0.0.0:46177]
2022-10-13 11:28:34,296 [Listener at 0.0.0.0/45935] WARN  server.ServerUtils (ServerUtils.java:getDBPath(225)) - ozone.om.db.dirs is not configured. We recommend adding this setting. Falling back to ozone.metadata.dirs instead.
2022-10-13 11:28:34,296 [Listener at 0.0.0.0/45935] INFO  codec.OmKeyInfoCodec (OmKeyInfoCodec.java:<init>(49)) - OmKeyInfoCodec ignorePipeline = true
2022-10-13 11:28:34,296 [Listener at 0.0.0.0/45935] INFO  codec.RepeatedOmKeyInfoCodec (RepeatedOmKeyInfoCodec.java:<init>(41)) - RepeatedOmKeyInfoCodec ignorePipeline = true
2022-10-13 11:28:34,481 [Listener at 0.0.0.0/45935] INFO  om.OzoneManager (OzoneManager.java:instantiateServices(712)) - S3 Multi-Tenancy is disabled
2022-10-13 11:28:34,482 [Listener at 0.0.0.0/45935] INFO  om.OzoneManager (OzoneManager.java:addS3GVolumeToDB(4386)) - Created Volume s3v With Owner runner required for S3Gateway operations.
2022-10-13 11:28:34,482 [Listener at 0.0.0.0/45935] WARN  server.ServerUtils (ServerUtils.java:getDefaultRatisDirectory(237)) - Storage directory for Ratis is not configured. It is a good idea to map this to an SSD disk. Falling back to ozone.metadata.dirs
2022-10-13 11:28:34,483 [Listener at 0.0.0.0/45935] WARN  utils.OzoneManagerRatisUtils (OzoneManagerRatisUtils.java:getOMRatisSnapshotDirectory(434)) - ozone.om.ratis.snapshot.dir is not configured. Falling back to ozone.metadata.dirs config
2022-10-13 11:28:34,483 [Listener at 0.0.0.0/45935] WARN  server.ServerUtils (ServerUtils.java:getDefaultRatisDirectory(237)) - Storage directory for Ratis is not configured. It is a good idea to map this to an SSD disk. Falling back to ozone.metadata.dirs
2022-10-13 11:28:34,484 [Listener at 0.0.0.0/45935] INFO  ratis.OzoneManagerRatisServer (OzoneManagerRatisServer.java:<init>(160)) - Instantiating OM Ratis server with groupID: omServiceIdDefault and peers: localhost:9872
2022-10-13 11:28:34,484 [Listener at 0.0.0.0/45935] INFO  ratis.OzoneManagerStateMachine (OzoneManagerStateMachine.java:loadSnapshotInfoFromDB(632)) - LastAppliedIndex is set from TransactionInfo from OM DB as (t:0, i:~)
2022-10-13 11:28:34,485 [Listener at 0.0.0.0/45935] INFO  server.RaftServer (ConfUtils.java:logGet(46)) - raft.rpc.type = GRPC (default)
2022-10-13 11:28:34,485 [Listener at 0.0.0.0/45935] INFO  grpc.GrpcFactory (GrpcFactory.java:checkPooledByteBufAllocatorUseCacheForAllThreads(48)) - PERFORMANCE WARNING: useCacheForAllThreads is true that may cause Netty to create a lot garbage objects and, as a result, trigger GC.
	It is recommended to disable useCacheForAllThreads by setting -Dorg.apache.ratis.thirdparty.io.netty.allocator.useCacheForAllThreads=false in command line.
2022-10-13 11:28:34,485 [Listener at 0.0.0.0/45935] INFO  grpc.GrpcConfigKeys (ConfUtils.java:logGet(46)) - raft.grpc.admin.port = -1 (default)
2022-10-13 11:28:34,486 [Listener at 0.0.0.0/45935] INFO  grpc.GrpcConfigKeys (ConfUtils.java:logGet(46)) - raft.grpc.server.port = 9872 (custom)
2022-10-13 11:28:34,486 [Listener at 0.0.0.0/45935] INFO  grpc.GrpcConfigKeys (ConfUtils.java:logGet(46)) - raft.grpc.client.port = -1 (default)
2022-10-13 11:28:34,486 [Listener at 0.0.0.0/45935] INFO  grpc.GrpcConfigKeys (ConfUtils.java:logGet(46)) - raft.grpc.server.port = 9872 (custom)
2022-10-13 11:28:34,486 [Listener at 0.0.0.0/45935] INFO  grpc.GrpcConfigKeys (ConfUtils.java:logGet(46)) - raft.grpc.server.port = 9872 (custom)
2022-10-13 11:28:34,486 [Listener at 0.0.0.0/45935] INFO  server.GrpcService (ConfUtils.java:logGet(46)) - raft.grpc.message.size.max = 33554432 (custom)
2022-10-13 11:28:34,487 [Listener at 0.0.0.0/45935] INFO  server.RaftServerConfigKeys (ConfUtils.java:logGet(46)) - raft.server.log.appender.buffer.byte-limit = 33554432 (custom)
2022-10-13 11:28:34,487 [Listener at 0.0.0.0/45935] INFO  server.GrpcService (ConfUtils.java:logGet(46)) - raft.grpc.flow.control.window = 1MB (=1048576) (default)
2022-10-13 11:28:34,487 [Listener at 0.0.0.0/45935] INFO  server.RaftServerConfigKeys (ConfUtils.java:logGet(46)) - raft.server.rpc.request.timeout = 3000ms (default)
2022-10-13 11:28:34,487 [Listener at 0.0.0.0/45935] INFO  grpc.GrpcConfigKeys (ConfUtils.java:logGet(46)) - raft.grpc.server.async.request.thread.pool.cached = true (default)
2022-10-13 11:28:34,487 [Listener at 0.0.0.0/45935] INFO  grpc.GrpcConfigKeys (ConfUtils.java:logGet(46)) - raft.grpc.server.async.request.thread.pool.size = 32 (default)
2022-10-13 11:28:34,489 [Listener at 0.0.0.0/45935] INFO  impl.DataStreamServerImpl (ConfUtils.java:logGet(46)) - raft.datastream.type = DISABLED (default)
2022-10-13 11:28:34,489 [Listener at 0.0.0.0/45935] INFO  server.RaftServerConfigKeys (ConfUtils.java:logGet(46)) - raft.server.threadpool.proxy.cached = true (default)
2022-10-13 11:28:34,489 [Listener at 0.0.0.0/45935] INFO  server.RaftServerConfigKeys (ConfUtils.java:logGet(46)) - raft.server.threadpool.proxy.size = 0 (default)
2022-10-13 11:28:34,489 [Listener at 0.0.0.0/45935] INFO  server.RaftServerConfigKeys (ConfUtils.java:logGet(46)) - raft.server.rpc.slowness.timeout = 120s (custom)
2022-10-13 11:28:34,490 [Listener at 0.0.0.0/45935] INFO  server.RaftServerConfigKeys (ConfUtils.java:logGet(46)) - raft.server.leaderelection.leader.step-down.wait-time = 10s (default)
2022-10-13 11:28:34,490 [Listener at 0.0.0.0/45935] INFO  server.RaftServerConfigKeys (ConfUtils.java:logGet(46)) - raft.server.storage.dir = [/home/runner/work/ozone/ozone/hadoop-ozone/integration-test/target/test-dir/MiniOzoneClusterImpl-e80e85d6-a50a-47d0-a504-2468c00e5ca2/ozone-meta/ratis] (custom)
2022-10-13 11:28:34,490 [Listener at 0.0.0.0/45935] INFO  server.RaftServer (RaftServerProxy.java:addNew(96)) - om1: addNew group-C5BA1605619E:[om1|rpc:localhost:9872|priority:0] returns group-C5BA1605619E:java.util.concurrent.CompletableFuture@52c78cf7[Not completed]
2022-10-13 11:28:34,491 [Listener at 0.0.0.0/45935] INFO  om.OzoneManager (OzoneManager.java:initializeRatisServer(1976)) - OzoneManager Ratis server initialized at port 9872
2022-10-13 11:28:34,492 [Listener at 0.0.0.0/45935] INFO  om.OzoneManager (OzoneManager.java:getRpcServer(1102)) - Creating RPC Server
2022-10-13 11:28:34,493 [pool-203-thread-1] INFO  server.RaftServer$Division (RaftServerImpl.java:<init>(190)) - om1: new RaftServerImpl for group-C5BA1605619E:[om1|rpc:localhost:9872|priority:0] with OzoneManagerStateMachine:uninitialized
2022-10-13 11:28:34,493 [pool-203-thread-1] INFO  server.RaftServerConfigKeys (ConfUtils.java:logGet(46)) - raft.server.rpc.timeout.min = 1s (custom)
2022-10-13 11:28:34,493 [pool-203-thread-1] INFO  server.RaftServerConfigKeys (ConfUtils.java:logGet(46)) - raft.server.rpc.timeout.max = 1200ms (custom)
2022-10-13 11:28:34,493 [pool-203-thread-1] INFO  server.RaftServerConfigKeys (ConfUtils.java:logGet(46)) - raft.server.rpc.sleep.time = 25ms (default)
2022-10-13 11:28:34,493 [pool-203-thread-1] INFO  server.RaftServerConfigKeys (ConfUtils.java:logGet(46)) - raft.server.rpc.slowness.timeout = 120s (custom)
2022-10-13 11:28:34,493 [pool-203-thread-1] INFO  server.RaftServerConfigKeys (ConfUtils.java:logGet(46)) - raft.server.leaderelection.leader.step-down.wait-time = 10s (default)
2022-10-13 11:28:34,493 [pool-203-thread-1] INFO  server.RaftServerConfigKeys (ConfUtils.java:logGet(46)) - raft.server.sleep.deviation.threshold = 300ms (default)
2022-10-13 11:28:34,493 [pool-203-thread-1] INFO  server.RaftServer$Division (ServerState.java:<init>(107)) - om1@group-C5BA1605619E: ConfigurationManager, init=-1: [om1|rpc:localhost:9872|priority:0], old=null, confs=<EMPTY_MAP>
2022-10-13 11:28:34,493 [pool-203-thread-1] INFO  server.RaftServerConfigKeys (ConfUtils.java:logGet(46)) - raft.server.storage.dir = [/home/runner/work/ozone/ozone/hadoop-ozone/integration-test/target/test-dir/MiniOzoneClusterImpl-e80e85d6-a50a-47d0-a504-2468c00e5ca2/ozone-meta/ratis] (custom)
2022-10-13 11:28:34,494 [pool-203-thread-1] INFO  server.RaftServerConfigKeys (ConfUtils.java:logGet(46)) - raft.server.log.corruption.policy = EXCEPTION (default)
2022-10-13 11:28:34,494 [pool-203-thread-1] INFO  server.RaftServerConfigKeys (ConfUtils.java:logGet(46)) - raft.server.storage.free-space.min = 0MB (=0) (default)
2022-10-13 11:28:34,494 [pool-203-thread-1] INFO  storage.RaftStorageDirectory (RaftStorageDirectoryImpl.java:analyzeStorage(135)) - The storage directory /home/runner/work/ozone/ozone/hadoop-ozone/integration-test/target/test-dir/MiniOzoneClusterImpl-e80e85d6-a50a-47d0-a504-2468c00e5ca2/ozone-meta/ratis/bf265839-605b-3f16-9796-c5ba1605619e does not exist. Creating ...
2022-10-13 11:28:34,498 [pool-203-thread-1] INFO  storage.RaftStorageDirectory (RaftStorageDirectoryImpl.java:tryLock(230)) - Lock on /home/runner/work/ozone/ozone/hadoop-ozone/integration-test/target/test-dir/MiniOzoneClusterImpl-e80e85d6-a50a-47d0-a504-2468c00e5ca2/ozone-meta/ratis/bf265839-605b-3f16-9796-c5ba1605619e/in_use.lock acquired by nodename 2264@fv-az447-90
2022-10-13 11:28:34,503 [pool-203-thread-1] INFO  storage.RaftStorage (RaftStorageImpl.java:format(89)) - Storage directory /home/runner/work/ozone/ozone/hadoop-ozone/integration-test/target/test-dir/MiniOzoneClusterImpl-e80e85d6-a50a-47d0-a504-2468c00e5ca2/ozone-meta/ratis/bf265839-605b-3f16-9796-c5ba1605619e has been successfully formatted.
2022-10-13 11:28:34,503 [pool-203-thread-1] INFO  server.RaftServerConfigKeys (ConfUtils.java:logGet(46)) - raft.server.notification.no-leader.timeout = 120s (custom)
2022-10-13 11:28:34,504 [pool-203-thread-1] INFO  server.RaftServerConfigKeys (ConfUtils.java:logGet(46)) - raft.server.log.use.memory = false (default)
2022-10-13 11:28:34,504 [pool-203-thread-1] INFO  server.RaftServerConfigKeys (ConfUtils.java:logGet(46)) - raft.server.log.purge.gap = 1000000 (custom)
2022-10-13 11:28:34,504 [pool-203-thread-1] INFO  server.RaftServerConfigKeys (ConfUtils.java:logGet(46)) - raft.server.log.appender.buffer.byte-limit = 33554432 (custom)
2022-10-13 11:28:34,504 [pool-203-thread-1] INFO  server.RaftServerConfigKeys (ConfUtils.java:logGet(46)) - raft.server.log.statemachine.data.read.timeout = 1000ms (default)
2022-10-13 11:28:34,505 [pool-203-thread-1] INFO  server.RaftServerConfigKeys (ConfUtils.java:logGet(46)) - raft.server.log.segment.size.max = 4194304 (custom)
2022-10-13 11:28:34,505 [pool-203-thread-1] INFO  server.RaftServerConfigKeys (ConfUtils.java:logGet(46)) - raft.server.log.segment.cache.num.max = 2 (custom)
2022-10-13 11:28:34,505 [pool-203-thread-1] INFO  server.RaftServerConfigKeys (ConfUtils.java:logGet(46)) - raft.server.log.segment.cache.size.max = 200MB (=209715200) (default)
2022-10-13 11:28:34,505 [pool-203-thread-1] INFO  segmented.SegmentedRaftLogWorker (SegmentedRaftLogWorker.java:<init>(187)) - new om1@group-C5BA1605619E-SegmentedRaftLogWorker for RaftStorageImpl:Storage Directory /home/runner/work/ozone/ozone/hadoop-ozone/integration-test/target/test-dir/MiniOzoneClusterImpl-e80e85d6-a50a-47d0-a504-2468c00e5ca2/ozone-meta/ratis/bf265839-605b-3f16-9796-c5ba1605619e
2022-10-13 11:28:34,505 [pool-203-thread-1] INFO  server.RaftServerConfigKeys (ConfUtils.java:logGet(46)) - raft.server.log.queue.byte-limit = 64MB (=67108864) (default)
2022-10-13 11:28:34,505 [pool-203-thread-1] INFO  server.RaftServerConfigKeys (ConfUtils.java:logGet(46)) - raft.server.log.queue.element-limit = 4096 (default)
2022-10-13 11:28:34,505 [pool-203-thread-1] INFO  server.RaftServerConfigKeys (ConfUtils.java:logGet(46)) - raft.server.log.segment.size.max = 4194304 (custom)
2022-10-13 11:28:34,505 [pool-203-thread-1] INFO  server.RaftServerConfigKeys (ConfUtils.java:logGet(46)) - raft.server.log.preallocated.size = 4194304 (custom)
2022-10-13 11:28:34,505 [pool-203-thread-1] INFO  server.RaftServerConfigKeys (ConfUtils.java:logGet(46)) - raft.server.log.force.sync.num = 128 (default)
2022-10-13 11:28:34,506 [pool-203-thread-1] INFO  server.RaftServerConfigKeys (ConfUtils.java:logGet(46)) - raft.server.log.statemachine.data.sync = true (default)
2022-10-13 11:28:34,506 [pool-203-thread-1] INFO  server.RaftServerConfigKeys (ConfUtils.java:logGet(46)) - raft.server.log.statemachine.data.sync.timeout = 10s (default)
2022-10-13 11:28:34,506 [pool-203-thread-1] INFO  server.RaftServerConfigKeys (ConfUtils.java:logGet(46)) - raft.server.log.statemachine.data.sync.timeout.retry = -1 (default)
2022-10-13 11:28:34,507 [pool-203-thread-1] INFO  server.RaftServerConfigKeys (ConfUtils.java:logGet(46)) - raft.server.log.write.buffer.size = 64KB (=65536) (default)
2022-10-13 11:28:34,507 [pool-203-thread-1] INFO  server.RaftServerConfigKeys (ConfUtils.java:logGet(46)) - raft.server.log.unsafe-flush.enabled = false (default)
2022-10-13 11:28:34,508 [pool-203-thread-1] INFO  server.RaftServerConfigKeys (ConfUtils.java:logGet(46)) - raft.server.log.statemachine.data.caching.enabled = false (default)
2022-10-13 11:28:34,508 [pool-203-thread-1] INFO  segmented.SegmentedRaftLogWorker (SegmentedRaftLogWorker.java:lambda$new$0(135)) - om1@group-C5BA1605619E-SegmentedRaftLogWorker: flushIndex: setUnconditionally 0 -> -1
2022-10-13 11:28:34,508 [pool-203-thread-1] INFO  segmented.SegmentedRaftLogWorker (SegmentedRaftLogWorker.java:lambda$new$0(135)) - om1@group-C5BA1605619E-SegmentedRaftLogWorker: safeCacheEvictIndex: setUnconditionally 0 -> -1
2022-10-13 11:28:34,517 [pool-203-thread-1] INFO  server.RaftServerConfigKeys (ConfUtils.java:logGet(46)) - raft.server.snapshot.auto.trigger.enabled = true (custom)
2022-10-13 11:28:34,517 [pool-203-thread-1] INFO  server.RaftServerConfigKeys (ConfUtils.java:logGet(46)) - raft.server.snapshot.auto.trigger.threshold = 400000 (default)
2022-10-13 11:28:34,517 [pool-203-thread-1] INFO  server.RaftServerConfigKeys (ConfUtils.java:logGet(46)) - raft.server.snapshot.retention.file.num = -1 (default)
2022-10-13 11:28:34,517 [pool-203-thread-1] INFO  server.RaftServerConfigKeys (ConfUtils.java:logGet(46)) - raft.server.log.purge.upto.snapshot.index = true (custom)
2022-10-13 11:28:34,517 [pool-203-thread-1] INFO  server.RaftServerConfigKeys (ConfUtils.java:logGet(46)) - raft.server.retrycache.expirytime = 300s (custom)
2022-10-13 11:28:34,518 [pool-203-thread-1] INFO  server.RaftServerConfigKeys (ConfUtils.java:logGet(46)) - raft.server.retrycache.statistics.expirytime = 100μs (default)
2022-10-13 11:28:34,519 [pool-203-thread-1] INFO  server.RaftServerConfigKeys (ConfUtils.java:logGet(46)) - raft.server.log.appender.install.snapshot.enabled = false (custom)
2022-10-13 11:28:34,519 [pool-203-thread-1] INFO  server.RaftServerConfigKeys (ConfUtils.java:logGet(46)) - raft.server.threadpool.server.cached = true (default)
2022-10-13 11:28:34,519 [pool-203-thread-1] INFO  server.RaftServerConfigKeys (ConfUtils.java:logGet(46)) - raft.server.threadpool.server.size = 0 (default)
2022-10-13 11:28:34,519 [pool-203-thread-1] INFO  server.RaftServerConfigKeys (ConfUtils.java:logGet(46)) - raft.server.threadpool.client.cached = true (default)
2022-10-13 11:28:34,519 [pool-203-thread-1] INFO  server.RaftServerConfigKeys (ConfUtils.java:logGet(46)) - raft.server.threadpool.client.size = 0 (default)
2022-10-13 11:28:34,881 [Listener at 0.0.0.0/45935] INFO  reflections.Reflections (Reflections.java:scan(232)) - Reflections took 389 ms to scan 19 urls, producing 67 keys and 4232 values [using 2 cores]
2022-10-13 11:28:34,883 [Listener at 0.0.0.0/45935] INFO  ipc.CallQueueManager (CallQueueManager.java:<init>(90)) - Using callQueue: class java.util.concurrent.LinkedBlockingQueue, queueCapacity: 2000, scheduler: class org.apache.hadoop.ipc.DefaultRpcScheduler, ipcBackoff: false.
2022-10-13 11:28:34,883 [Socket Reader #1 for port 0] INFO  ipc.Server (Server.java:run(1273)) - Starting Socket Reader #1 for port 0
2022-10-13 11:28:34,901 [Listener at 127.0.0.1/46823] INFO  impl.MetricsSystemImpl (MetricsSystemImpl.java:init(158)) - OzoneManager metrics system started (again)
2022-10-13 11:28:34,911 [Listener at 127.0.0.1/46823] INFO  om.OzoneManager (OzoneManager.java:start(1483)) - OzoneManager RPC server is listening at localhost/127.0.0.1:46823
2022-10-13 11:28:34,911 [Listener at 127.0.0.1/46823] INFO  ratis.OzoneManagerRatisServer (OzoneManagerRatisServer.java:start(555)) - Starting OzoneManagerRatisServer om1 at port 9872
2022-10-13 11:28:34,911 [om1-impl-thread1] INFO  server.RaftServer$Division (RaftServerImpl.java:start(310)) - om1@group-C5BA1605619E: start as a follower, conf=-1: [om1|rpc:localhost:9872|priority:0], old=null
2022-10-13 11:28:34,912 [om1-impl-thread1] INFO  server.RaftServer$Division (RaftServerImpl.java:setRole(299)) - om1@group-C5BA1605619E: changes role from      null to FOLLOWER at term 0 for startAsFollower
2022-10-13 11:28:34,912 [om1-impl-thread1] INFO  impl.RoleInfo (RoleInfo.java:updateAndGet(139)) - om1: start om1@group-C5BA1605619E-FollowerState
2022-10-13 11:28:34,912 [om1-impl-thread1] INFO  util.JmxRegister (JmxRegister.java:tryRegister(44)) - Successfully registered JMX Bean with object name Ratis:service=RaftServer,group=group-C5BA1605619E,id=om1
2022-10-13 11:28:34,913 [Listener at 127.0.0.1/46823] INFO  server.RaftServer (RaftServerProxy.java:lambda$start$6(382)) - om1: start RPC server
2022-10-13 11:28:34,920 [Listener at 127.0.0.1/46823] INFO  server.GrpcService (GrpcService.java:startImpl(260)) - om1: GrpcService started, listening on 9872
2022-10-13 11:28:34,920 [Listener at 127.0.0.1/46823] INFO  om.OzoneManager (OzoneManager.java:start(1499)) - Version File has different layout version (3) than OM DB (null). That is expected if this OM has never been finalized to a newer layout version.
2022-10-13 11:28:34,921 [org.apache.ratis.util.JvmPauseMonitor$$Lambda$690/1264163010@37ab2edc] INFO  util.JvmPauseMonitor (JvmPauseMonitor.java:run(103)) - JvmPauseMonitor-om1: Started
2022-10-13 11:28:34,925 [Listener at 127.0.0.1/46823] INFO  http.BaseHttpServer (BaseHttpServer.java:newHttpServer2BuilderForOzone(213)) - Starting Web-server for ozoneManager at: http://0.0.0.0:0
2022-10-13 11:28:34,925 [Listener at 127.0.0.1/46823] INFO  http.BaseHttpServer (BaseHttpServer.java:<init>(108)) - Hadoop Security Enabled: false Ozone Security Enabled: false Ozone HTTP Security Enabled: false 
2022-10-13 11:28:34,927 [Listener at 127.0.0.1/46823] WARN  server.AuthenticationFilter (AuthenticationFilter.java:constructSecretProvider(240)) - Unable to initialize FileSignerSecretProvider, falling back to use random secrets. Reason: Could not read signature secret file: /home/runner/hadoop-http-auth-signature-secret
2022-10-13 11:28:34,927 [Listener at 127.0.0.1/46823] WARN  http.HttpRequestLog (HttpRequestLog.java:getRequestLog(103)) - Jetty request log can only be enabled using Log4j
2022-10-13 11:28:34,929 [Listener at 127.0.0.1/46823] INFO  http.HttpServer2 (HttpServer2.java:addGlobalFilter(1031)) - Added global filter 'safety' (class=org.apache.hadoop.hdds.server.http.HttpServer2$QuotingInputFilter)
2022-10-13 11:28:34,930 [Listener at 127.0.0.1/46823] INFO  http.HttpServer2 (HttpServer2.java:addFilter(1007)) - Added filter static_user_filter (class=org.apache.hadoop.http.lib.StaticUserWebFilter$StaticUserFilter) to context ozoneManager
2022-10-13 11:28:34,930 [Listener at 127.0.0.1/46823] INFO  http.HttpServer2 (HttpServer2.java:addFilter(1015)) - Added filter static_user_filter (class=org.apache.hadoop.http.lib.StaticUserWebFilter$StaticUserFilter) to context logs
2022-10-13 11:28:34,930 [Listener at 127.0.0.1/46823] INFO  http.HttpServer2 (HttpServer2.java:addFilter(1015)) - Added filter static_user_filter (class=org.apache.hadoop.http.lib.StaticUserWebFilter$StaticUserFilter) to context static
2022-10-13 11:28:34,931 [Listener at 127.0.0.1/46823] INFO  http.HttpServer2 (HttpServer2.java:bindListener(1250)) - Jetty bound to port 34121
2022-10-13 11:28:34,931 [Listener at 127.0.0.1/46823] INFO  server.Server (Server.java:doStart(375)) - jetty-9.4.43.v20210629; built: 2021-06-30T11:07:22.254Z; git: 526006ecfa3af7f1a27ef3a288e2bef7ea9dd7e8; jvm 1.8.0_345-b01
2022-10-13 11:28:34,932 [Listener at 127.0.0.1/46823] INFO  server.session (DefaultSessionIdManager.java:doStart(334)) - DefaultSessionIdManager workerName=node0
2022-10-13 11:28:34,933 [Listener at 127.0.0.1/46823] INFO  server.session (DefaultSessionIdManager.java:doStart(339)) - No SessionScavenger set, using defaults
2022-10-13 11:28:34,933 [Listener at 127.0.0.1/46823] INFO  server.session (HouseKeeper.java:startScavenging(132)) - node0 Scavenging every 600000ms
2022-10-13 11:28:34,934 [Listener at 127.0.0.1/46823] INFO  handler.ContextHandler (ContextHandler.java:doStart(915)) - Started o.e.j.s.ServletContextHandler@4cc2f2bb{logs,/logs,file:///home/runner/work/ozone/ozone/hadoop-ozone/integration-test/target/log,AVAILABLE}
2022-10-13 11:28:34,934 [Listener at 127.0.0.1/46823] INFO  handler.ContextHandler (ContextHandler.java:doStart(915)) - Started o.e.j.s.ServletContextHandler@44ba8747{static,/static,file:///home/runner/work/ozone/ozone/hadoop-ozone/integration-test/target/test-classes/webapps/static,AVAILABLE}
2022-10-13 11:28:34,938 [Listener at 127.0.0.1/46823] INFO  handler.ContextHandler (ContextHandler.java:doStart(915)) - Started o.e.j.w.WebAppContext@2187cfc{ozoneManager,/,file:///home/runner/work/ozone/ozone/hadoop-ozone/integration-test/target/test-classes/webapps/ozoneManager/,AVAILABLE}{file:/home/runner/work/ozone/ozone/hadoop-ozone/integration-test/target/test-classes/webapps/ozoneManager}
2022-10-13 11:28:34,939 [Listener at 127.0.0.1/46823] INFO  server.AbstractConnector (AbstractConnector.java:doStart(331)) - Started ServerConnector@7d829005{HTTP/1.1, (http/1.1)}{0.0.0.0:34121}
2022-10-13 11:28:34,939 [Listener at 127.0.0.1/46823] INFO  server.Server (Server.java:doStart(415)) - Started @28477ms
2022-10-13 11:28:34,939 [Listener at 127.0.0.1/46823] WARN  impl.MetricsSystemImpl (MetricsSystemImpl.java:register(279)) - Sink prometheus already exists!
2022-10-13 11:28:34,940 [Listener at 127.0.0.1/46823] INFO  http.BaseHttpServer (BaseHttpServer.java:updateConnectorAddress(333)) - HTTP server of ozoneManager listening at http://0.0.0.0:34121
2022-10-13 11:28:34,940 [IPC Server Responder] INFO  ipc.Server (Server.java:run(1512)) - IPC Server Responder: starting
2022-10-13 11:28:34,940 [IPC Server listener on 0] INFO  ipc.Server (Server.java:run(1352)) - IPC Server listener on 0: starting
2022-10-13 11:28:34,947 [Listener at 127.0.0.1/46823] INFO  om.OzoneManager (OzoneManager.java:startTrashEmptier(1920)) - Trash Interval set to 0. Files deleted won't move to trash
2022-10-13 11:28:34,961 [org.apache.hadoop.util.JvmPauseMonitor$Monitor@44a14a6] INFO  util.JvmPauseMonitor (JvmPauseMonitor.java:run(188)) - Starting JVM pause monitor
2022-10-13 11:28:34,962 [Listener at 127.0.0.1/46823] WARN  impl.MetricRegistriesImpl (MetricRegistriesImpl.java:addReporterRegistration(111)) - New reporters are added after registries were created. Some metrics will be missing from the reporter. Please add reporter before adding any new registry.
2022-10-13 11:28:34,962 [Listener at 127.0.0.1/46823] WARN  impl.MetricRegistriesImpl (MetricRegistriesImpl.java:addReporterRegistration(111)) - New reporters are added after registries were created. Some metrics will be missing from the reporter. Please add reporter before adding any new registry.
2022-10-13 11:28:34,962 [Listener at 127.0.0.1/46823] INFO  impl.MetricsSystemImpl (MetricsSystemImpl.java:init(158)) - HddsDatanode metrics system started (again)
2022-10-13 11:28:34,973 [Listener at 127.0.0.1/46823] INFO  ozone.HddsDatanodeService (HddsDatanodeService.java:start(236)) - HddsDatanodeService host:fv-az447-90.tnmeiuxxsqeu3byeydcnbj0j5d.dx.internal.cloudapp.net ip:10.1.0.139
2022-10-13 11:28:35,000 [Listener at 127.0.0.1/46823] INFO  upgrade.AbstractLayoutVersionManager (AbstractLayoutVersionManager.java:init(83)) - Initializing Layout version manager with metadata layout = DATANODE_SCHEMA_V3 (version = 4), software layout = DATANODE_SCHEMA_V3 (version = 4)
2022-10-13 11:28:35,042 [Listener at 127.0.0.1/46823] INFO  reflections.Reflections (Reflections.java:scan(232)) - Reflections took 41 ms to scan 7 urls, producing 137 keys and 328 values 
2022-10-13 11:28:35,044 [Listener at 127.0.0.1/46823] INFO  statemachine.DatanodeStateMachine (DatanodeStateMachine.java:getEndPointTaskThreadPoolSize(237)) - Datanode State Machine Task Thread Pool size 2
2022-10-13 11:28:35,048 [Listener at 127.0.0.1/46823] INFO  volume.HddsVolume (HddsVolume.java:<init>(117)) - Creating HddsVolume: /home/runner/work/ozone/ozone/hadoop-ozone/integration-test/target/test-dir/MiniOzoneClusterImpl-e80e85d6-a50a-47d0-a504-2468c00e5ca2/datanode-0/data-0/containers/hdds of storage type : DISK capacity : 9223372036854775807
2022-10-13 11:28:35,048 [Listener at 127.0.0.1/46823] INFO  volume.MutableVolumeSet (MutableVolumeSet.java:initializeVolumeSet(174)) - Added Volume : /home/runner/work/ozone/ozone/hadoop-ozone/integration-test/target/test-dir/MiniOzoneClusterImpl-e80e85d6-a50a-47d0-a504-2468c00e5ca2/datanode-0/data-0/containers/hdds to VolumeSet
2022-10-13 11:28:35,049 [Listener at 127.0.0.1/46823] INFO  volume.ThrottledAsyncChecker (ThrottledAsyncChecker.java:schedule(141)) - Scheduling a check for /home/runner/work/ozone/ozone/hadoop-ozone/integration-test/target/test-dir/MiniOzoneClusterImpl-e80e85d6-a50a-47d0-a504-2468c00e5ca2/datanode-0/data-0/containers/hdds
2022-10-13 11:28:35,049 [Listener at 127.0.0.1/46823] INFO  volume.StorageVolumeChecker (StorageVolumeChecker.java:checkAllVolumes(202)) - Scheduled health check for volume /home/runner/work/ozone/ozone/hadoop-ozone/integration-test/target/test-dir/MiniOzoneClusterImpl-e80e85d6-a50a-47d0-a504-2468c00e5ca2/datanode-0/data-0/containers/hdds
2022-10-13 11:28:35,061 [Listener at 127.0.0.1/46823] INFO  volume.MutableVolumeSet (MutableVolumeSet.java:initializeVolumeSet(174)) - Added Volume : /home/runner/work/ozone/ozone/hadoop-ozone/integration-test/target/test-dir/MiniOzoneClusterImpl-e80e85d6-a50a-47d0-a504-2468c00e5ca2/datanode-0/data/ratis to VolumeSet
2022-10-13 11:28:35,061 [Listener at 127.0.0.1/46823] INFO  volume.ThrottledAsyncChecker (ThrottledAsyncChecker.java:schedule(141)) - Scheduling a check for /home/runner/work/ozone/ozone/hadoop-ozone/integration-test/target/test-dir/MiniOzoneClusterImpl-e80e85d6-a50a-47d0-a504-2468c00e5ca2/datanode-0/data/ratis
2022-10-13 11:28:35,062 [Listener at 127.0.0.1/46823] INFO  volume.StorageVolumeChecker (StorageVolumeChecker.java:checkAllVolumes(202)) - Scheduled health check for volume /home/runner/work/ozone/ozone/hadoop-ozone/integration-test/target/test-dir/MiniOzoneClusterImpl-e80e85d6-a50a-47d0-a504-2468c00e5ca2/datanode-0/data/ratis
2022-10-13 11:28:35,074 [Thread-387] INFO  ozoneimpl.ContainerReader (ContainerReader.java:readVolume(175)) - Finish verifying containers on volume /home/runner/work/ozone/ozone/hadoop-ozone/integration-test/target/test-dir/MiniOzoneClusterImpl-e80e85d6-a50a-47d0-a504-2468c00e5ca2/datanode-0/data-0/containers/hdds
2022-10-13 11:28:35,074 [Listener at 127.0.0.1/46823] INFO  ozoneimpl.OzoneContainer (OzoneContainer.java:buildContainerSet(300)) - Build ContainerSet costs 0s
2022-10-13 11:28:35,077 [Listener at 127.0.0.1/46823] INFO  server.RaftServer (ConfUtils.java:logGet(46)) - raft.rpc.type = GRPC (default)
2022-10-13 11:28:35,077 [Listener at 127.0.0.1/46823] INFO  grpc.GrpcFactory (GrpcFactory.java:checkPooledByteBufAllocatorUseCacheForAllThreads(48)) - PERFORMANCE WARNING: useCacheForAllThreads is true that may cause Netty to create a lot garbage objects and, as a result, trigger GC.
	It is recommended to disable useCacheForAllThreads by setting -Dorg.apache.ratis.thirdparty.io.netty.allocator.useCacheForAllThreads=false in command line.
2022-10-13 11:28:35,077 [Listener at 127.0.0.1/46823] INFO  grpc.GrpcConfigKeys (ConfUtils.java:logGet(46)) - raft.grpc.admin.port = 0 (custom)
2022-10-13 11:28:35,077 [Listener at 127.0.0.1/46823] INFO  grpc.GrpcConfigKeys (ConfUtils.java:logGet(46)) - raft.grpc.client.port = 0 (custom)
2022-10-13 11:28:35,077 [Listener at 127.0.0.1/46823] INFO  grpc.GrpcConfigKeys (ConfUtils.java:logGet(46)) - raft.grpc.server.port = 0 (default)
2022-10-13 11:28:35,078 [Listener at 127.0.0.1/46823] INFO  server.GrpcService (ConfUtils.java:logGet(46)) - raft.grpc.message.size.max = 32MB (=33554432) (custom)
2022-10-13 11:28:35,078 [Listener at 127.0.0.1/46823] INFO  server.RaftServerConfigKeys (ConfUtils.java:logGet(46)) - raft.server.log.appender.buffer.byte-limit = 33554432 (custom)
2022-10-13 11:28:35,078 [Listener at 127.0.0.1/46823] INFO  server.GrpcService (ConfUtils.java:logGet(46)) - raft.grpc.flow.control.window = 5MB (=5242880) (custom)
2022-10-13 11:28:35,078 [Listener at 127.0.0.1/46823] INFO  server.RaftServerConfigKeys (ConfUtils.java:logGet(46)) - raft.server.rpc.request.timeout = 60s (custom)
2022-10-13 11:28:35,078 [Listener at 127.0.0.1/46823] INFO  grpc.GrpcConfigKeys (ConfUtils.java:logGet(46)) - raft.grpc.server.async.request.thread.pool.cached = true (default)
2022-10-13 11:28:35,078 [Listener at 127.0.0.1/46823] INFO  grpc.GrpcConfigKeys (ConfUtils.java:logGet(46)) - raft.grpc.server.async.request.thread.pool.size = 32 (default)
2022-10-13 11:28:35,079 [Listener at 127.0.0.1/46823] INFO  impl.DataStreamServerImpl (ConfUtils.java:logGet(46)) - raft.datastream.type = DISABLED (default)
2022-10-13 11:28:35,080 [Listener at 127.0.0.1/46823] INFO  server.RaftServerConfigKeys (ConfUtils.java:logGet(46)) - raft.server.threadpool.proxy.cached = true (default)
2022-10-13 11:28:35,080 [Listener at 127.0.0.1/46823] INFO  server.RaftServerConfigKeys (ConfUtils.java:logGet(46)) - raft.server.threadpool.proxy.size = 0 (default)
2022-10-13 11:28:35,080 [Listener at 127.0.0.1/46823] INFO  server.RaftServerConfigKeys (ConfUtils.java:logGet(46)) - raft.server.rpc.slowness.timeout = 300s (custom)
2022-10-13 11:28:35,080 [Listener at 127.0.0.1/46823] INFO  server.RaftServerConfigKeys (ConfUtils.java:logGet(46)) - raft.server.leaderelection.leader.step-down.wait-time = 10s (default)
2022-10-13 11:28:35,080 [Listener at 127.0.0.1/46823] INFO  server.RaftServerConfigKeys (ConfUtils.java:logGet(46)) - raft.server.storage.dir = [/home/runner/work/ozone/ozone/hadoop-ozone/integration-test/target/test-dir/MiniOzoneClusterImpl-e80e85d6-a50a-47d0-a504-2468c00e5ca2/datanode-0/data/ratis] (custom)
2022-10-13 11:28:35,082 [Listener at 127.0.0.1/46823] INFO  server.XceiverServerGrpc (XceiverServerGrpc.java:<init>(132)) - GrpcServer channel type EpollServerSocketChannel
2022-10-13 11:28:35,086 [Listener at 127.0.0.1/46823] INFO  http.BaseHttpServer (BaseHttpServer.java:newHttpServer2BuilderForOzone(213)) - Starting Web-server for hddsDatanode at: http://0.0.0.0:0
2022-10-13 11:28:35,087 [Listener at 127.0.0.1/46823] INFO  http.BaseHttpServer (BaseHttpServer.java:<init>(108)) - Hadoop Security Enabled: false Ozone Security Enabled: false Ozone HTTP Security Enabled: false 
2022-10-13 11:28:35,088 [Listener at 127.0.0.1/46823] WARN  server.AuthenticationFilter (AuthenticationFilter.java:constructSecretProvider(240)) - Unable to initialize FileSignerSecretProvider, falling back to use random secrets. Reason: Could not read signature secret file: /home/runner/hadoop-http-auth-signature-secret
2022-10-13 11:28:35,088 [Listener at 127.0.0.1/46823] WARN  http.HttpRequestLog (HttpRequestLog.java:getRequestLog(103)) - Jetty request log can only be enabled using Log4j
2022-10-13 11:28:35,090 [Listener at 127.0.0.1/46823] INFO  http.HttpServer2 (HttpServer2.java:addGlobalFilter(1031)) - Added global filter 'safety' (class=org.apache.hadoop.hdds.server.http.HttpServer2$QuotingInputFilter)
2022-10-13 11:28:35,091 [Listener at 127.0.0.1/46823] INFO  http.HttpServer2 (HttpServer2.java:addFilter(1007)) - Added filter static_user_filter (class=org.apache.hadoop.http.lib.StaticUserWebFilter$StaticUserFilter) to context hddsDatanode
2022-10-13 11:28:35,091 [Listener at 127.0.0.1/46823] INFO  http.HttpServer2 (HttpServer2.java:addFilter(1015)) - Added filter static_user_filter (class=org.apache.hadoop.http.lib.StaticUserWebFilter$StaticUserFilter) to context logs
2022-10-13 11:28:35,092 [Listener at 127.0.0.1/46823] INFO  http.HttpServer2 (HttpServer2.java:addFilter(1015)) - Added filter static_user_filter (class=org.apache.hadoop.http.lib.StaticUserWebFilter$StaticUserFilter) to context static
2022-10-13 11:28:35,092 [Listener at 127.0.0.1/46823] INFO  http.HttpServer2 (HttpServer2.java:bindListener(1250)) - Jetty bound to port 45335
2022-10-13 11:28:35,092 [Listener at 127.0.0.1/46823] INFO  server.Server (Server.java:doStart(375)) - jetty-9.4.43.v20210629; built: 2021-06-30T11:07:22.254Z; git: 526006ecfa3af7f1a27ef3a288e2bef7ea9dd7e8; jvm 1.8.0_345-b01
2022-10-13 11:28:35,094 [Listener at 127.0.0.1/46823] INFO  server.session (DefaultSessionIdManager.java:doStart(334)) - DefaultSessionIdManager workerName=node0
2022-10-13 11:28:35,094 [Listener at 127.0.0.1/46823] INFO  server.session (DefaultSessionIdManager.java:doStart(339)) - No SessionScavenger set, using defaults
2022-10-13 11:28:35,094 [Listener at 127.0.0.1/46823] INFO  server.session (HouseKeeper.java:startScavenging(132)) - node0 Scavenging every 660000ms
2022-10-13 11:28:35,095 [Listener at 127.0.0.1/46823] INFO  handler.ContextHandler (ContextHandler.java:doStart(915)) - Started o.e.j.s.ServletContextHandler@47d52974{logs,/logs,file:///home/runner/work/ozone/ozone/hadoop-ozone/integration-test/target/log,AVAILABLE}
2022-10-13 11:28:35,096 [Listener at 127.0.0.1/46823] INFO  handler.ContextHandler (ContextHandler.java:doStart(915)) - Started o.e.j.s.ServletContextHandler@631f8c82{static,/static,jar:file:/home/runner/.m2/repository/org/apache/ozone/hdds-container-service/1.3.0-SNAPSHOT/hdds-container-service-1.3.0-SNAPSHOT.jar!/webapps/static,AVAILABLE}
2022-10-13 11:28:35,278 [Listener at 127.0.0.1/46823] INFO  handler.ContextHandler (ContextHandler.java:doStart(915)) - Started o.e.j.w.WebAppContext@5fa957c2{hddsDatanode,/,file:///tmp/jetty-0_0_0_0-45335-hdds-container-service-1_3_0-SNAPSHOT_jar-_-any-2126267308785918662/webapp/,AVAILABLE}{jar:file:/home/runner/.m2/repository/org/apache/ozone/hdds-container-service/1.3.0-SNAPSHOT/hdds-container-service-1.3.0-SNAPSHOT.jar!/webapps/hddsDatanode}
2022-10-13 11:28:35,279 [Listener at 127.0.0.1/46823] INFO  server.AbstractConnector (AbstractConnector.java:doStart(331)) - Started ServerConnector@61e2865{HTTP/1.1, (http/1.1)}{0.0.0.0:45335}
2022-10-13 11:28:35,279 [Listener at 127.0.0.1/46823] INFO  server.Server (Server.java:doStart(415)) - Started @28817ms
2022-10-13 11:28:35,279 [Listener at 127.0.0.1/46823] WARN  impl.MetricsSystemImpl (MetricsSystemImpl.java:register(279)) - Sink prometheus already exists!
2022-10-13 11:28:35,280 [Listener at 127.0.0.1/46823] INFO  http.BaseHttpServer (BaseHttpServer.java:updateConnectorAddress(333)) - HTTP server of hddsDatanode listening at http://0.0.0.0:45335
2022-10-13 11:28:35,282 [Datanode State Machine Daemon Thread] INFO  statemachine.DatanodeStateMachine (DatanodeStateMachine.java:lambda$startDaemon$0(492)) - Ozone container server started.
2022-10-13 11:28:35,285 [Listener at 127.0.0.1/46823] WARN  impl.MetricRegistriesImpl (MetricRegistriesImpl.java:addReporterRegistration(111)) - New reporters are added after registries were created. Some metrics will be missing from the reporter. Please add reporter before adding any new registry.
2022-10-13 11:28:35,286 [Listener at 127.0.0.1/46823] WARN  impl.MetricRegistriesImpl (MetricRegistriesImpl.java:addReporterRegistration(111)) - New reporters are added after registries were created. Some metrics will be missing from the reporter. Please add reporter before adding any new registry.
2022-10-13 11:28:35,286 [Listener at 127.0.0.1/46823] INFO  impl.MetricsSystemImpl (MetricsSystemImpl.java:init(158)) - HddsDatanode metrics system started (again)
2022-10-13 11:28:35,296 [Listener at 127.0.0.1/46823] INFO  ozone.HddsDatanodeService (HddsDatanodeService.java:start(236)) - HddsDatanodeService host:fv-az447-90.tnmeiuxxsqeu3byeydcnbj0j5d.dx.internal.cloudapp.net ip:10.1.0.139
2022-10-13 11:28:35,309 [org.apache.hadoop.util.JvmPauseMonitor$Monitor@6f4b2e1d] INFO  util.JvmPauseMonitor (JvmPauseMonitor.java:run(188)) - Starting JVM pause monitor
2022-10-13 11:28:35,314 [Datanode State Machine Task Thread - 0] INFO  datanode.InitDatanodeState (InitDatanodeState.java:persistContainerDatanodeDetails(138)) - DatanodeDetails is persisted to /home/runner/work/ozone/ozone/hadoop-ozone/integration-test/target/test-dir/MiniOzoneClusterImpl-e80e85d6-a50a-47d0-a504-2468c00e5ca2/datanode-0/meta/datanode.id
2022-10-13 11:28:35,327 [Listener at 127.0.0.1/46823] INFO  upgrade.AbstractLayoutVersionManager (AbstractLayoutVersionManager.java:init(83)) - Initializing Layout version manager with metadata layout = DATANODE_SCHEMA_V3 (version = 4), software layout = DATANODE_SCHEMA_V3 (version = 4)
2022-10-13 11:28:35,371 [Listener at 127.0.0.1/46823] INFO  reflections.Reflections (Reflections.java:scan(232)) - Reflections took 42 ms to scan 7 urls, producing 137 keys and 328 values 
2022-10-13 11:28:35,373 [Listener at 127.0.0.1/46823] INFO  statemachine.DatanodeStateMachine (DatanodeStateMachine.java:getEndPointTaskThreadPoolSize(237)) - Datanode State Machine Task Thread Pool size 2
2022-10-13 11:28:35,375 [Listener at 127.0.0.1/46823] INFO  volume.HddsVolume (HddsVolume.java:<init>(117)) - Creating HddsVolume: /home/runner/work/ozone/ozone/hadoop-ozone/integration-test/target/test-dir/MiniOzoneClusterImpl-e80e85d6-a50a-47d0-a504-2468c00e5ca2/datanode-1/data-0/containers/hdds of storage type : DISK capacity : 9223372036854775807
2022-10-13 11:28:35,375 [Listener at 127.0.0.1/46823] INFO  volume.MutableVolumeSet (MutableVolumeSet.java:initializeVolumeSet(174)) - Added Volume : /home/runner/work/ozone/ozone/hadoop-ozone/integration-test/target/test-dir/MiniOzoneClusterImpl-e80e85d6-a50a-47d0-a504-2468c00e5ca2/datanode-1/data-0/containers/hdds to VolumeSet
2022-10-13 11:28:35,375 [Listener at 127.0.0.1/46823] INFO  volume.ThrottledAsyncChecker (ThrottledAsyncChecker.java:schedule(141)) - Scheduling a check for /home/runner/work/ozone/ozone/hadoop-ozone/integration-test/target/test-dir/MiniOzoneClusterImpl-e80e85d6-a50a-47d0-a504-2468c00e5ca2/datanode-1/data-0/containers/hdds
2022-10-13 11:28:35,376 [Listener at 127.0.0.1/46823] INFO  volume.StorageVolumeChecker (StorageVolumeChecker.java:checkAllVolumes(202)) - Scheduled health check for volume /home/runner/work/ozone/ozone/hadoop-ozone/integration-test/target/test-dir/MiniOzoneClusterImpl-e80e85d6-a50a-47d0-a504-2468c00e5ca2/datanode-1/data-0/containers/hdds
2022-10-13 11:28:35,387 [Listener at 127.0.0.1/46823] INFO  volume.MutableVolumeSet (MutableVolumeSet.java:initializeVolumeSet(174)) - Added Volume : /home/runner/work/ozone/ozone/hadoop-ozone/integration-test/target/test-dir/MiniOzoneClusterImpl-e80e85d6-a50a-47d0-a504-2468c00e5ca2/datanode-1/data/ratis to VolumeSet
2022-10-13 11:28:35,388 [Listener at 127.0.0.1/46823] INFO  volume.ThrottledAsyncChecker (ThrottledAsyncChecker.java:schedule(141)) - Scheduling a check for /home/runner/work/ozone/ozone/hadoop-ozone/integration-test/target/test-dir/MiniOzoneClusterImpl-e80e85d6-a50a-47d0-a504-2468c00e5ca2/datanode-1/data/ratis
2022-10-13 11:28:35,388 [Listener at 127.0.0.1/46823] INFO  volume.StorageVolumeChecker (StorageVolumeChecker.java:checkAllVolumes(202)) - Scheduled health check for volume /home/runner/work/ozone/ozone/hadoop-ozone/integration-test/target/test-dir/MiniOzoneClusterImpl-e80e85d6-a50a-47d0-a504-2468c00e5ca2/datanode-1/data/ratis
2022-10-13 11:28:35,457 [Thread-400] INFO  ozoneimpl.ContainerReader (ContainerReader.java:readVolume(175)) - Finish verifying containers on volume /home/runner/work/ozone/ozone/hadoop-ozone/integration-test/target/test-dir/MiniOzoneClusterImpl-e80e85d6-a50a-47d0-a504-2468c00e5ca2/datanode-1/data-0/containers/hdds
2022-10-13 11:28:35,457 [Listener at 127.0.0.1/46823] INFO  ozoneimpl.OzoneContainer (OzoneContainer.java:buildContainerSet(300)) - Build ContainerSet costs 0s
2022-10-13 11:28:35,460 [Listener at 127.0.0.1/46823] INFO  server.RaftServer (ConfUtils.java:logGet(46)) - raft.rpc.type = GRPC (default)
2022-10-13 11:28:35,460 [Listener at 127.0.0.1/46823] INFO  grpc.GrpcFactory (GrpcFactory.java:checkPooledByteBufAllocatorUseCacheForAllThreads(48)) - PERFORMANCE WARNING: useCacheForAllThreads is true that may cause Netty to create a lot garbage objects and, as a result, trigger GC.
	It is recommended to disable useCacheForAllThreads by setting -Dorg.apache.ratis.thirdparty.io.netty.allocator.useCacheForAllThreads=false in command line.
2022-10-13 11:28:35,461 [Listener at 127.0.0.1/46823] INFO  grpc.GrpcConfigKeys (ConfUtils.java:logGet(46)) - raft.grpc.admin.port = 0 (custom)
2022-10-13 11:28:35,461 [Listener at 127.0.0.1/46823] INFO  grpc.GrpcConfigKeys (ConfUtils.java:logGet(46)) - raft.grpc.client.port = 0 (custom)
2022-10-13 11:28:35,461 [Listener at 127.0.0.1/46823] INFO  grpc.GrpcConfigKeys (ConfUtils.java:logGet(46)) - raft.grpc.server.port = 0 (default)
2022-10-13 11:28:35,461 [Listener at 127.0.0.1/46823] INFO  server.GrpcService (ConfUtils.java:logGet(46)) - raft.grpc.message.size.max = 32MB (=33554432) (custom)
2022-10-13 11:28:35,461 [Listener at 127.0.0.1/46823] INFO  server.RaftServerConfigKeys (ConfUtils.java:logGet(46)) - raft.server.log.appender.buffer.byte-limit = 33554432 (custom)
2022-10-13 11:28:35,461 [Listener at 127.0.0.1/46823] INFO  server.GrpcService (ConfUtils.java:logGet(46)) - raft.grpc.flow.control.window = 5MB (=5242880) (custom)
2022-10-13 11:28:35,462 [Listener at 127.0.0.1/46823] INFO  server.RaftServerConfigKeys (ConfUtils.java:logGet(46)) - raft.server.rpc.request.timeout = 60s (custom)
2022-10-13 11:28:35,462 [Listener at 127.0.0.1/46823] INFO  grpc.GrpcConfigKeys (ConfUtils.java:logGet(46)) - raft.grpc.server.async.request.thread.pool.cached = true (default)
2022-10-13 11:28:35,462 [Listener at 127.0.0.1/46823] INFO  grpc.GrpcConfigKeys (ConfUtils.java:logGet(46)) - raft.grpc.server.async.request.thread.pool.size = 32 (default)
2022-10-13 11:28:35,463 [Listener at 127.0.0.1/46823] INFO  impl.DataStreamServerImpl (ConfUtils.java:logGet(46)) - raft.datastream.type = DISABLED (default)
2022-10-13 11:28:35,464 [Listener at 127.0.0.1/46823] INFO  server.RaftServerConfigKeys (ConfUtils.java:logGet(46)) - raft.server.threadpool.proxy.cached = true (default)
2022-10-13 11:28:35,464 [Listener at 127.0.0.1/46823] INFO  server.RaftServerConfigKeys (ConfUtils.java:logGet(46)) - raft.server.threadpool.proxy.size = 0 (default)
2022-10-13 11:28:35,464 [Listener at 127.0.0.1/46823] INFO  server.RaftServerConfigKeys (ConfUtils.java:logGet(46)) - raft.server.rpc.slowness.timeout = 300s (custom)
2022-10-13 11:28:35,466 [Listener at 127.0.0.1/46823] INFO  server.RaftServerConfigKeys (ConfUtils.java:logGet(46)) - raft.server.leaderelection.leader.step-down.wait-time = 10s (default)
2022-10-13 11:28:35,466 [Listener at 127.0.0.1/46823] INFO  server.RaftServerConfigKeys (ConfUtils.java:logGet(46)) - raft.server.storage.dir = [/home/runner/work/ozone/ozone/hadoop-ozone/integration-test/target/test-dir/MiniOzoneClusterImpl-e80e85d6-a50a-47d0-a504-2468c00e5ca2/datanode-1/data/ratis] (custom)
2022-10-13 11:28:35,478 [Listener at 127.0.0.1/46823] INFO  server.XceiverServerGrpc (XceiverServerGrpc.java:<init>(132)) - GrpcServer channel type EpollServerSocketChannel
2022-10-13 11:28:35,483 [Listener at 127.0.0.1/46823] INFO  http.BaseHttpServer (BaseHttpServer.java:newHttpServer2BuilderForOzone(213)) - Starting Web-server for hddsDatanode at: http://0.0.0.0:0
2022-10-13 11:28:35,483 [Listener at 127.0.0.1/46823] INFO  http.BaseHttpServer (BaseHttpServer.java:<init>(108)) - Hadoop Security Enabled: false Ozone Security Enabled: false Ozone HTTP Security Enabled: false 
2022-10-13 11:28:35,484 [Listener at 127.0.0.1/46823] WARN  server.AuthenticationFilter (AuthenticationFilter.java:constructSecretProvider(240)) - Unable to initialize FileSignerSecretProvider, falling back to use random secrets. Reason: Could not read signature secret file: /home/runner/hadoop-http-auth-signature-secret
2022-10-13 11:28:35,485 [Listener at 127.0.0.1/46823] WARN  http.HttpRequestLog (HttpRequestLog.java:getRequestLog(103)) - Jetty request log can only be enabled using Log4j
2022-10-13 11:28:35,486 [Listener at 127.0.0.1/46823] INFO  http.HttpServer2 (HttpServer2.java:addGlobalFilter(1031)) - Added global filter 'safety' (class=org.apache.hadoop.hdds.server.http.HttpServer2$QuotingInputFilter)
2022-10-13 11:28:35,487 [Listener at 127.0.0.1/46823] INFO  http.HttpServer2 (HttpServer2.java:addFilter(1007)) - Added filter static_user_filter (class=org.apache.hadoop.http.lib.StaticUserWebFilter$StaticUserFilter) to context hddsDatanode
2022-10-13 11:28:35,487 [Listener at 127.0.0.1/46823] INFO  http.HttpServer2 (HttpServer2.java:addFilter(1015)) - Added filter static_user_filter (class=org.apache.hadoop.http.lib.StaticUserWebFilter$StaticUserFilter) to context logs
2022-10-13 11:28:35,487 [Listener at 127.0.0.1/46823] INFO  http.HttpServer2 (HttpServer2.java:addFilter(1015)) - Added filter static_user_filter (class=org.apache.hadoop.http.lib.StaticUserWebFilter$StaticUserFilter) to context static
2022-10-13 11:28:35,489 [Listener at 127.0.0.1/46823] INFO  http.HttpServer2 (HttpServer2.java:bindListener(1250)) - Jetty bound to port 33849
2022-10-13 11:28:35,489 [Listener at 127.0.0.1/46823] INFO  server.Server (Server.java:doStart(375)) - jetty-9.4.43.v20210629; built: 2021-06-30T11:07:22.254Z; git: 526006ecfa3af7f1a27ef3a288e2bef7ea9dd7e8; jvm 1.8.0_345-b01
2022-10-13 11:28:35,491 [Listener at 127.0.0.1/46823] INFO  server.session (DefaultSessionIdManager.java:doStart(334)) - DefaultSessionIdManager workerName=node0
2022-10-13 11:28:35,491 [Listener at 127.0.0.1/46823] INFO  server.session (DefaultSessionIdManager.java:doStart(339)) - No SessionScavenger set, using defaults
2022-10-13 11:28:35,491 [Listener at 127.0.0.1/46823] INFO  server.session (HouseKeeper.java:startScavenging(132)) - node0 Scavenging every 600000ms
2022-10-13 11:28:35,492 [Listener at 127.0.0.1/46823] INFO  handler.ContextHandler (ContextHandler.java:doStart(915)) - Started o.e.j.s.ServletContextHandler@709bc399{logs,/logs,file:///home/runner/work/ozone/ozone/hadoop-ozone/integration-test/target/log,AVAILABLE}
2022-10-13 11:28:35,493 [Listener at 127.0.0.1/46823] INFO  handler.ContextHandler (ContextHandler.java:doStart(915)) - Started o.e.j.s.ServletContextHandler@68876a1a{static,/static,jar:file:/home/runner/.m2/repository/org/apache/ozone/hdds-container-service/1.3.0-SNAPSHOT/hdds-container-service-1.3.0-SNAPSHOT.jar!/webapps/static,AVAILABLE}
2022-10-13 11:28:35,690 [Listener at 127.0.0.1/46823] INFO  handler.ContextHandler (ContextHandler.java:doStart(915)) - Started o.e.j.w.WebAppContext@7eb0ea3e{hddsDatanode,/,file:///tmp/jetty-0_0_0_0-33849-hdds-container-service-1_3_0-SNAPSHOT_jar-_-any-7738526413931048875/webapp/,AVAILABLE}{jar:file:/home/runner/.m2/repository/org/apache/ozone/hdds-container-service/1.3.0-SNAPSHOT/hdds-container-service-1.3.0-SNAPSHOT.jar!/webapps/hddsDatanode}
2022-10-13 11:28:35,691 [Listener at 127.0.0.1/46823] INFO  server.AbstractConnector (AbstractConnector.java:doStart(331)) - Started ServerConnector@7f154816{HTTP/1.1, (http/1.1)}{0.0.0.0:33849}
2022-10-13 11:28:35,691 [Listener at 127.0.0.1/46823] INFO  server.Server (Server.java:doStart(415)) - Started @29228ms
2022-10-13 11:28:35,691 [Listener at 127.0.0.1/46823] WARN  impl.MetricsSystemImpl (MetricsSystemImpl.java:register(279)) - Sink prometheus already exists!
2022-10-13 11:28:35,692 [Listener at 127.0.0.1/46823] INFO  http.BaseHttpServer (BaseHttpServer.java:updateConnectorAddress(333)) - HTTP server of hddsDatanode listening at http://0.0.0.0:33849
2022-10-13 11:28:35,693 [Listener at 127.0.0.1/46823] WARN  impl.MetricRegistriesImpl (MetricRegistriesImpl.java:addReporterRegistration(111)) - New reporters are added after registries were created. Some metrics will be missing from the reporter. Please add reporter before adding any new registry.
2022-10-13 11:28:35,693 [Listener at 127.0.0.1/46823] WARN  impl.MetricRegistriesImpl (MetricRegistriesImpl.java:addReporterRegistration(111)) - New reporters are added after registries were created. Some metrics will be missing from the reporter. Please add reporter before adding any new registry.
2022-10-13 11:28:35,693 [Listener at 127.0.0.1/46823] INFO  impl.MetricsSystemImpl (MetricsSystemImpl.java:init(158)) - HddsDatanode metrics system started (again)
2022-10-13 11:28:35,694 [Datanode State Machine Daemon Thread] INFO  statemachine.DatanodeStateMachine (DatanodeStateMachine.java:lambda$startDaemon$0(492)) - Ozone container server started.
2022-10-13 11:28:35,713 [org.apache.hadoop.util.JvmPauseMonitor$Monitor@49df5ed3] INFO  util.JvmPauseMonitor (JvmPauseMonitor.java:run(188)) - Starting JVM pause monitor
2022-10-13 11:28:35,714 [Listener at 127.0.0.1/46823] INFO  ozone.HddsDatanodeService (HddsDatanodeService.java:start(236)) - HddsDatanodeService host:fv-az447-90.tnmeiuxxsqeu3byeydcnbj0j5d.dx.internal.cloudapp.net ip:10.1.0.139
2022-10-13 11:28:35,714 [Datanode State Machine Task Thread - 0] INFO  datanode.InitDatanodeState (InitDatanodeState.java:persistContainerDatanodeDetails(138)) - DatanodeDetails is persisted to /home/runner/work/ozone/ozone/hadoop-ozone/integration-test/target/test-dir/MiniOzoneClusterImpl-e80e85d6-a50a-47d0-a504-2468c00e5ca2/datanode-1/meta/datanode.id
2022-10-13 11:28:35,739 [Listener at 127.0.0.1/46823] INFO  upgrade.AbstractLayoutVersionManager (AbstractLayoutVersionManager.java:init(83)) - Initializing Layout version manager with metadata layout = DATANODE_SCHEMA_V3 (version = 4), software layout = DATANODE_SCHEMA_V3 (version = 4)
2022-10-13 11:28:35,782 [Listener at 127.0.0.1/46823] INFO  reflections.Reflections (Reflections.java:scan(232)) - Reflections took 42 ms to scan 7 urls, producing 137 keys and 328 values 
2022-10-13 11:28:35,784 [Listener at 127.0.0.1/46823] INFO  statemachine.DatanodeStateMachine (DatanodeStateMachine.java:getEndPointTaskThreadPoolSize(237)) - Datanode State Machine Task Thread Pool size 2
2022-10-13 11:28:35,786 [Listener at 127.0.0.1/46823] INFO  volume.HddsVolume (HddsVolume.java:<init>(117)) - Creating HddsVolume: /home/runner/work/ozone/ozone/hadoop-ozone/integration-test/target/test-dir/MiniOzoneClusterImpl-e80e85d6-a50a-47d0-a504-2468c00e5ca2/datanode-2/data-0/containers/hdds of storage type : DISK capacity : 9223372036854775807
2022-10-13 11:28:35,786 [Listener at 127.0.0.1/46823] INFO  volume.MutableVolumeSet (MutableVolumeSet.java:initializeVolumeSet(174)) - Added Volume : /home/runner/work/ozone/ozone/hadoop-ozone/integration-test/target/test-dir/MiniOzoneClusterImpl-e80e85d6-a50a-47d0-a504-2468c00e5ca2/datanode-2/data-0/containers/hdds to VolumeSet
2022-10-13 11:28:35,787 [Listener at 127.0.0.1/46823] INFO  volume.ThrottledAsyncChecker (ThrottledAsyncChecker.java:schedule(141)) - Scheduling a check for /home/runner/work/ozone/ozone/hadoop-ozone/integration-test/target/test-dir/MiniOzoneClusterImpl-e80e85d6-a50a-47d0-a504-2468c00e5ca2/datanode-2/data-0/containers/hdds
2022-10-13 11:28:35,793 [Listener at 127.0.0.1/46823] INFO  volume.StorageVolumeChecker (StorageVolumeChecker.java:checkAllVolumes(202)) - Scheduled health check for volume /home/runner/work/ozone/ozone/hadoop-ozone/integration-test/target/test-dir/MiniOzoneClusterImpl-e80e85d6-a50a-47d0-a504-2468c00e5ca2/datanode-2/data-0/containers/hdds
2022-10-13 11:28:35,805 [Listener at 127.0.0.1/46823] INFO  volume.MutableVolumeSet (MutableVolumeSet.java:initializeVolumeSet(174)) - Added Volume : /home/runner/work/ozone/ozone/hadoop-ozone/integration-test/target/test-dir/MiniOzoneClusterImpl-e80e85d6-a50a-47d0-a504-2468c00e5ca2/datanode-2/data/ratis to VolumeSet
2022-10-13 11:28:35,805 [Listener at 127.0.0.1/46823] INFO  volume.ThrottledAsyncChecker (ThrottledAsyncChecker.java:schedule(141)) - Scheduling a check for /home/runner/work/ozone/ozone/hadoop-ozone/integration-test/target/test-dir/MiniOzoneClusterImpl-e80e85d6-a50a-47d0-a504-2468c00e5ca2/datanode-2/data/ratis
2022-10-13 11:28:35,806 [Listener at 127.0.0.1/46823] INFO  volume.StorageVolumeChecker (StorageVolumeChecker.java:checkAllVolumes(202)) - Scheduled health check for volume /home/runner/work/ozone/ozone/hadoop-ozone/integration-test/target/test-dir/MiniOzoneClusterImpl-e80e85d6-a50a-47d0-a504-2468c00e5ca2/datanode-2/data/ratis
2022-10-13 11:28:35,819 [Thread-413] INFO  ozoneimpl.ContainerReader (ContainerReader.java:readVolume(175)) - Finish verifying containers on volume /home/runner/work/ozone/ozone/hadoop-ozone/integration-test/target/test-dir/MiniOzoneClusterImpl-e80e85d6-a50a-47d0-a504-2468c00e5ca2/datanode-2/data-0/containers/hdds
2022-10-13 11:28:35,819 [Listener at 127.0.0.1/46823] INFO  ozoneimpl.OzoneContainer (OzoneContainer.java:buildContainerSet(300)) - Build ContainerSet costs 0s
2022-10-13 11:28:35,822 [Listener at 127.0.0.1/46823] INFO  server.RaftServer (ConfUtils.java:logGet(46)) - raft.rpc.type = GRPC (default)
2022-10-13 11:28:35,822 [Listener at 127.0.0.1/46823] INFO  grpc.GrpcFactory (GrpcFactory.java:checkPooledByteBufAllocatorUseCacheForAllThreads(48)) - PERFORMANCE WARNING: useCacheForAllThreads is true that may cause Netty to create a lot garbage objects and, as a result, trigger GC.
	It is recommended to disable useCacheForAllThreads by setting -Dorg.apache.ratis.thirdparty.io.netty.allocator.useCacheForAllThreads=false in command line.
2022-10-13 11:28:35,822 [Listener at 127.0.0.1/46823] INFO  grpc.GrpcConfigKeys (ConfUtils.java:logGet(46)) - raft.grpc.admin.port = 0 (custom)
2022-10-13 11:28:35,823 [Listener at 127.0.0.1/46823] INFO  grpc.GrpcConfigKeys (ConfUtils.java:logGet(46)) - raft.grpc.client.port = 0 (custom)
2022-10-13 11:28:35,823 [Listener at 127.0.0.1/46823] INFO  grpc.GrpcConfigKeys (ConfUtils.java:logGet(46)) - raft.grpc.server.port = 0 (default)
2022-10-13 11:28:35,823 [Listener at 127.0.0.1/46823] INFO  server.GrpcService (ConfUtils.java:logGet(46)) - raft.grpc.message.size.max = 32MB (=33554432) (custom)
2022-10-13 11:28:35,823 [Listener at 127.0.0.1/46823] INFO  server.RaftServerConfigKeys (ConfUtils.java:logGet(46)) - raft.server.log.appender.buffer.byte-limit = 33554432 (custom)
2022-10-13 11:28:35,823 [Listener at 127.0.0.1/46823] INFO  server.GrpcService (ConfUtils.java:logGet(46)) - raft.grpc.flow.control.window = 5MB (=5242880) (custom)
2022-10-13 11:28:35,823 [Listener at 127.0.0.1/46823] INFO  server.RaftServerConfigKeys (ConfUtils.java:logGet(46)) - raft.server.rpc.request.timeout = 60s (custom)
2022-10-13 11:28:35,824 [Listener at 127.0.0.1/46823] INFO  grpc.GrpcConfigKeys (ConfUtils.java:logGet(46)) - raft.grpc.server.async.request.thread.pool.cached = true (default)
2022-10-13 11:28:35,824 [Listener at 127.0.0.1/46823] INFO  grpc.GrpcConfigKeys (ConfUtils.java:logGet(46)) - raft.grpc.server.async.request.thread.pool.size = 32 (default)
2022-10-13 11:28:35,825 [Listener at 127.0.0.1/46823] INFO  impl.DataStreamServerImpl (ConfUtils.java:logGet(46)) - raft.datastream.type = DISABLED (default)
2022-10-13 11:28:35,825 [Listener at 127.0.0.1/46823] INFO  server.RaftServerConfigKeys (ConfUtils.java:logGet(46)) - raft.server.threadpool.proxy.cached = true (default)
2022-10-13 11:28:35,825 [Listener at 127.0.0.1/46823] INFO  server.RaftServerConfigKeys (ConfUtils.java:logGet(46)) - raft.server.threadpool.proxy.size = 0 (default)
2022-10-13 11:28:35,826 [Listener at 127.0.0.1/46823] INFO  server.RaftServerConfigKeys (ConfUtils.java:logGet(46)) - raft.server.rpc.slowness.timeout = 300s (custom)
2022-10-13 11:28:35,826 [Listener at 127.0.0.1/46823] INFO  server.RaftServerConfigKeys (ConfUtils.java:logGet(46)) - raft.server.leaderelection.leader.step-down.wait-time = 10s (default)
2022-10-13 11:28:35,826 [Listener at 127.0.0.1/46823] INFO  server.RaftServerConfigKeys (ConfUtils.java:logGet(46)) - raft.server.storage.dir = [/home/runner/work/ozone/ozone/hadoop-ozone/integration-test/target/test-dir/MiniOzoneClusterImpl-e80e85d6-a50a-47d0-a504-2468c00e5ca2/datanode-2/data/ratis] (custom)
2022-10-13 11:28:35,828 [Listener at 127.0.0.1/46823] INFO  server.XceiverServerGrpc (XceiverServerGrpc.java:<init>(132)) - GrpcServer channel type EpollServerSocketChannel
2022-10-13 11:28:35,832 [Listener at 127.0.0.1/46823] INFO  http.BaseHttpServer (BaseHttpServer.java:newHttpServer2BuilderForOzone(213)) - Starting Web-server for hddsDatanode at: http://0.0.0.0:0
2022-10-13 11:28:35,832 [Listener at 127.0.0.1/46823] INFO  http.BaseHttpServer (BaseHttpServer.java:<init>(108)) - Hadoop Security Enabled: false Ozone Security Enabled: false Ozone HTTP Security Enabled: false 
2022-10-13 11:28:35,833 [Listener at 127.0.0.1/46823] WARN  server.AuthenticationFilter (AuthenticationFilter.java:constructSecretProvider(240)) - Unable to initialize FileSignerSecretProvider, falling back to use random secrets. Reason: Could not read signature secret file: /home/runner/hadoop-http-auth-signature-secret
2022-10-13 11:28:35,835 [Listener at 127.0.0.1/46823] WARN  http.HttpRequestLog (HttpRequestLog.java:getRequestLog(103)) - Jetty request log can only be enabled using Log4j
2022-10-13 11:28:35,836 [Listener at 127.0.0.1/46823] INFO  http.HttpServer2 (HttpServer2.java:addGlobalFilter(1031)) - Added global filter 'safety' (class=org.apache.hadoop.hdds.server.http.HttpServer2$QuotingInputFilter)
2022-10-13 11:28:35,837 [Listener at 127.0.0.1/46823] INFO  http.HttpServer2 (HttpServer2.java:addFilter(1007)) - Added filter static_user_filter (class=org.apache.hadoop.http.lib.StaticUserWebFilter$StaticUserFilter) to context hddsDatanode
2022-10-13 11:28:35,837 [Listener at 127.0.0.1/46823] INFO  http.HttpServer2 (HttpServer2.java:addFilter(1015)) - Added filter static_user_filter (class=org.apache.hadoop.http.lib.StaticUserWebFilter$StaticUserFilter) to context static
2022-10-13 11:28:35,837 [Listener at 127.0.0.1/46823] INFO  http.HttpServer2 (HttpServer2.java:addFilter(1015)) - Added filter static_user_filter (class=org.apache.hadoop.http.lib.StaticUserWebFilter$StaticUserFilter) to context logs
2022-10-13 11:28:35,838 [Listener at 127.0.0.1/46823] INFO  http.HttpServer2 (HttpServer2.java:bindListener(1250)) - Jetty bound to port 36029
2022-10-13 11:28:35,838 [Listener at 127.0.0.1/46823] INFO  server.Server (Server.java:doStart(375)) - jetty-9.4.43.v20210629; built: 2021-06-30T11:07:22.254Z; git: 526006ecfa3af7f1a27ef3a288e2bef7ea9dd7e8; jvm 1.8.0_345-b01
2022-10-13 11:28:35,840 [Listener at 127.0.0.1/46823] INFO  server.session (DefaultSessionIdManager.java:doStart(334)) - DefaultSessionIdManager workerName=node0
2022-10-13 11:28:35,840 [Listener at 127.0.0.1/46823] INFO  server.session (DefaultSessionIdManager.java:doStart(339)) - No SessionScavenger set, using defaults
2022-10-13 11:28:35,840 [Listener at 127.0.0.1/46823] INFO  server.session (HouseKeeper.java:startScavenging(132)) - node0 Scavenging every 660000ms
2022-10-13 11:28:35,841 [Listener at 127.0.0.1/46823] INFO  handler.ContextHandler (ContextHandler.java:doStart(915)) - Started o.e.j.s.ServletContextHandler@64cacea1{logs,/logs,file:///home/runner/work/ozone/ozone/hadoop-ozone/integration-test/target/log,AVAILABLE}
2022-10-13 11:28:35,841 [Listener at 127.0.0.1/46823] INFO  handler.ContextHandler (ContextHandler.java:doStart(915)) - Started o.e.j.s.ServletContextHandler@1587e9a6{static,/static,jar:file:/home/runner/.m2/repository/org/apache/ozone/hdds-container-service/1.3.0-SNAPSHOT/hdds-container-service-1.3.0-SNAPSHOT.jar!/webapps/static,AVAILABLE}
2022-10-13 11:28:35,948 [om1@group-C5BA1605619E-FollowerState] INFO  impl.FollowerState (FollowerState.java:run(143)) - om1@group-C5BA1605619E-FollowerState: change to CANDIDATE, lastRpcElapsedTime:1035926394ns, electionTimeout:1034ms
2022-10-13 11:28:35,948 [om1@group-C5BA1605619E-FollowerState] INFO  impl.RoleInfo (RoleInfo.java:shutdownFollowerState(110)) - om1: shutdown om1@group-C5BA1605619E-FollowerState
2022-10-13 11:28:35,948 [om1@group-C5BA1605619E-FollowerState] INFO  server.RaftServer$Division (RaftServerImpl.java:setRole(299)) - om1@group-C5BA1605619E: changes role from  FOLLOWER to CANDIDATE at term 0 for changeToCandidate
2022-10-13 11:28:35,948 [om1@group-C5BA1605619E-FollowerState] INFO  server.RaftServerConfigKeys (ConfUtils.java:logGet(46)) - raft.server.leaderelection.pre-vote = false (custom)
2022-10-13 11:28:35,948 [om1@group-C5BA1605619E-FollowerState] INFO  impl.RoleInfo (RoleInfo.java:updateAndGet(139)) - om1: start om1@group-C5BA1605619E-LeaderElection7
2022-10-13 11:28:35,956 [om1@group-C5BA1605619E-LeaderElection7] INFO  impl.LeaderElection (LeaderElection.java:askForVotes(310)) - om1@group-C5BA1605619E-LeaderElection7 ELECTION round 0: submit vote requests at term 1 for -1: [om1|rpc:localhost:9872|priority:0], old=null
2022-10-13 11:28:35,956 [om1@group-C5BA1605619E-LeaderElection7] INFO  impl.LeaderElection (LeaderElection.java:askForVotes(312)) - om1@group-C5BA1605619E-LeaderElection7 ELECTION round 0: result PASSED (term=1)
2022-10-13 11:28:35,956 [om1@group-C5BA1605619E-LeaderElection7] INFO  impl.RoleInfo (RoleInfo.java:shutdownLeaderElection(130)) - om1: shutdown om1@group-C5BA1605619E-LeaderElection7
2022-10-13 11:28:35,956 [om1@group-C5BA1605619E-LeaderElection7] INFO  server.RaftServer$Division (RaftServerImpl.java:setRole(299)) - om1@group-C5BA1605619E: changes role from CANDIDATE to LEADER at term 1 for changeToLeader
2022-10-13 11:28:35,956 [om1@group-C5BA1605619E-LeaderElection7] INFO  server.RaftServer$Division (ServerState.java:setLeader(287)) - om1@group-C5BA1605619E: change Leader from null to om1 at term 1 for becomeLeader, leader elected after 1452ms
2022-10-13 11:28:35,962 [om1@group-C5BA1605619E-LeaderElection7] INFO  server.RaftServerConfigKeys (ConfUtils.java:logGet(46)) - raft.server.staging.catchup.gap = 1000 (default)
2022-10-13 11:28:35,965 [om1@group-C5BA1605619E-LeaderElection7] INFO  server.RaftServerConfigKeys (ConfUtils.java:logGet(46)) - raft.server.write.element-limit = 4096 (default)
2022-10-13 11:28:35,965 [om1@group-C5BA1605619E-LeaderElection7] INFO  server.RaftServerConfigKeys (ConfUtils.java:logGet(46)) - raft.server.write.byte-limit = 64MB (=67108864) (default)
2022-10-13 11:28:35,965 [om1@group-C5BA1605619E-LeaderElection7] INFO  server.RaftServerConfigKeys (ConfUtils.java:logGet(46)) - raft.server.watch.timeout = 10s (default)
2022-10-13 11:28:35,965 [om1@group-C5BA1605619E-LeaderElection7] INFO  server.RaftServerConfigKeys (ConfUtils.java:logGet(46)) - raft.server.watch.timeout.denomination = 1s (default)
2022-10-13 11:28:35,966 [om1@group-C5BA1605619E-LeaderElection7] INFO  server.RaftServerConfigKeys (ConfUtils.java:logGet(46)) - raft.server.watch.element-limit = 65536 (default)
2022-10-13 11:28:35,966 [om1@group-C5BA1605619E-LeaderElection7] INFO  server.RaftServerConfigKeys (ConfUtils.java:logGet(46)) - raft.server.write.element-limit = 4096 (default)
2022-10-13 11:28:35,966 [om1@group-C5BA1605619E-LeaderElection7] INFO  server.RaftServerConfigKeys (ConfUtils.java:logGet(46)) - raft.server.write.follower.gap.ratio.max = -1.0 (default)
2022-10-13 11:28:35,967 [om1@group-C5BA1605619E-LeaderElection7] INFO  impl.RoleInfo (RoleInfo.java:updateAndGet(139)) - om1: start om1@group-C5BA1605619E-LeaderStateImpl
2022-10-13 11:28:35,967 [om1@group-C5BA1605619E-LeaderElection7] INFO  segmented.SegmentedRaftLogWorker (SegmentedRaftLogWorker.java:startLogSegment(425)) - om1@group-C5BA1605619E-SegmentedRaftLogWorker: Starting segment from index:0
2022-10-13 11:28:35,976 [om1@group-C5BA1605619E-LeaderElection7] INFO  server.RaftServer$Division (ServerState.java:setRaftConf(393)) - om1@group-C5BA1605619E: set configuration 0: [om1|rpc:localhost:9872|admin:|client:|dataStream:|priority:0], old=null
2022-10-13 11:28:35,979 [om1@group-C5BA1605619E-SegmentedRaftLogWorker] INFO  segmented.SegmentedRaftLogWorker (SegmentedRaftLogWorker.java:execute(629)) - om1@group-C5BA1605619E-SegmentedRaftLogWorker: created new log segment /home/runner/work/ozone/ozone/hadoop-ozone/integration-test/target/test-dir/MiniOzoneClusterImpl-e80e85d6-a50a-47d0-a504-2468c00e5ca2/ozone-meta/ratis/bf265839-605b-3f16-9796-c5ba1605619e/current/log_inprogress_0
2022-10-13 11:28:35,980 [om1@group-C5BA1605619E-StateMachineUpdater] INFO  ratis.OzoneManagerStateMachine (OzoneManagerStateMachine.java:notifyConfigurationChanged(192)) - Received Configuration change notification from Ratis. New Peer list:
[id: "om1"
address: "localhost:9872"
]
2022-10-13 11:28:36,037 [Listener at 127.0.0.1/46823] INFO  handler.ContextHandler (ContextHandler.java:doStart(915)) - Started o.e.j.w.WebAppContext@53d3faa9{hddsDatanode,/,file:///tmp/jetty-0_0_0_0-36029-hdds-container-service-1_3_0-SNAPSHOT_jar-_-any-8977415945303111811/webapp/,AVAILABLE}{jar:file:/home/runner/.m2/repository/org/apache/ozone/hdds-container-service/1.3.0-SNAPSHOT/hdds-container-service-1.3.0-SNAPSHOT.jar!/webapps/hddsDatanode}
2022-10-13 11:28:36,038 [Listener at 127.0.0.1/46823] INFO  server.AbstractConnector (AbstractConnector.java:doStart(331)) - Started ServerConnector@6c42b5e5{HTTP/1.1, (http/1.1)}{0.0.0.0:36029}
2022-10-13 11:28:36,038 [Listener at 127.0.0.1/46823] INFO  server.Server (Server.java:doStart(415)) - Started @29576ms
2022-10-13 11:28:36,038 [Listener at 127.0.0.1/46823] WARN  impl.MetricsSystemImpl (MetricsSystemImpl.java:register(279)) - Sink prometheus already exists!
2022-10-13 11:28:36,039 [Listener at 127.0.0.1/46823] INFO  http.BaseHttpServer (BaseHttpServer.java:updateConnectorAddress(333)) - HTTP server of hddsDatanode listening at http://0.0.0.0:36029
2022-10-13 11:28:36,040 [Datanode State Machine Daemon Thread] INFO  statemachine.DatanodeStateMachine (DatanodeStateMachine.java:lambda$startDaemon$0(492)) - Ozone container server started.
2022-10-13 11:28:36,042 [Listener at 127.0.0.1/46823] INFO  ozone.MiniOzoneClusterImpl (MiniOzoneClusterImpl.java:lambda$waitForClusterToBeReady$0(216)) - Waiting for nodes to be ready. Got 0 of 3 DN Heartbeats.
2022-10-13 11:28:36,042 [Listener at 127.0.0.1/46823] INFO  ozone.MiniOzoneClusterImpl (MiniOzoneClusterImpl.java:lambda$waitForClusterToBeReady$0(219)) - Waiting for cluster to exit safe mode
2022-10-13 11:28:36,042 [Listener at 127.0.0.1/46823] INFO  ozone.MiniOzoneClusterImpl (MiniOzoneClusterImpl.java:lambda$waitForClusterToBeReady$0(221)) - SCM became leader
2022-10-13 11:28:36,047 [org.apache.hadoop.util.JvmPauseMonitor$Monitor@2ae5bec7] INFO  util.JvmPauseMonitor (JvmPauseMonitor.java:run(188)) - Starting JVM pause monitor
2022-10-13 11:28:36,048 [Datanode State Machine Task Thread - 0] INFO  datanode.InitDatanodeState (InitDatanodeState.java:persistContainerDatanodeDetails(138)) - DatanodeDetails is persisted to /home/runner/work/ozone/ozone/hadoop-ozone/integration-test/target/test-dir/MiniOzoneClusterImpl-e80e85d6-a50a-47d0-a504-2468c00e5ca2/datanode-2/meta/datanode.id
2022-10-13 11:28:37,042 [Listener at 127.0.0.1/46823] INFO  ozone.MiniOzoneClusterImpl (MiniOzoneClusterImpl.java:lambda$waitForClusterToBeReady$0(216)) - Waiting for nodes to be ready. Got 0 of 3 DN Heartbeats.
2022-10-13 11:28:37,043 [Listener at 127.0.0.1/46823] INFO  ozone.MiniOzoneClusterImpl (MiniOzoneClusterImpl.java:lambda$waitForClusterToBeReady$0(219)) - Waiting for cluster to exit safe mode
2022-10-13 11:28:37,043 [Listener at 127.0.0.1/46823] INFO  ozone.MiniOzoneClusterImpl (MiniOzoneClusterImpl.java:lambda$waitForClusterToBeReady$0(221)) - SCM became leader
2022-10-13 11:28:37,349 [EndpointStateMachine task thread for /0.0.0.0:34741 - 0 ] INFO  volume.HddsVolume (HddsVolume.java:createDbStore(307)) - SchemaV3 db is created and loaded at /home/runner/work/ozone/ozone/hadoop-ozone/integration-test/target/test-dir/MiniOzoneClusterImpl-e80e85d6-a50a-47d0-a504-2468c00e5ca2/datanode-0/data-0/containers/hdds/e80e85d6-a50a-47d0-a504-2468c00e5ca2/DS-f0f6ddcc-5ec8-47fb-8fce-50ab3cd589e8/container.db for volume DS-f0f6ddcc-5ec8-47fb-8fce-50ab3cd589e8
2022-10-13 11:28:37,350 [EndpointStateMachine task thread for /0.0.0.0:34741 - 0 ] INFO  volume.HddsVolume (HddsVolume.java:closeDbStore(338)) - SchemaV3 db is stopped at /home/runner/work/ozone/ozone/hadoop-ozone/integration-test/target/test-dir/MiniOzoneClusterImpl-e80e85d6-a50a-47d0-a504-2468c00e5ca2/datanode-0/data-0/containers/hdds/e80e85d6-a50a-47d0-a504-2468c00e5ca2/DS-f0f6ddcc-5ec8-47fb-8fce-50ab3cd589e8/container.db for volume DS-f0f6ddcc-5ec8-47fb-8fce-50ab3cd589e8
2022-10-13 11:28:37,350 [EndpointStateMachine task thread for /0.0.0.0:34741 - 0 ] INFO  ozoneimpl.OzoneContainer (OzoneContainer.java:start(378)) - Attempting to start container services.
2022-10-13 11:28:37,350 [EndpointStateMachine task thread for /0.0.0.0:34741 - 0 ] INFO  ozoneimpl.OzoneContainer (OzoneContainer.java:startContainerScrub(313)) - Background container scanner has been disabled.
2022-10-13 11:28:37,355 [EndpointStateMachine task thread for /0.0.0.0:34741 - 0 ] INFO  replication.ReplicationServer (ReplicationServer.java:start(111)) - ReplicationServer is started using port 41149
2022-10-13 11:28:37,355 [EndpointStateMachine task thread for /0.0.0.0:34741 - 0 ] INFO  ratis.XceiverServerRatis (XceiverServerRatis.java:start(481)) - Starting XceiverServerRatis e6e6f4e0-cab5-400e-aa02-aaa4db568b90
2022-10-13 11:28:37,358 [EndpointStateMachine task thread for /0.0.0.0:34741 - 0 ] INFO  server.RaftServer (RaftServerProxy.java:lambda$start$6(382)) - e6e6f4e0-cab5-400e-aa02-aaa4db568b90: start RPC server
2022-10-13 11:28:37,359 [EndpointStateMachine task thread for /0.0.0.0:34741 - 0 ] INFO  server.GrpcService (GrpcService.java:startImpl(260)) - e6e6f4e0-cab5-400e-aa02-aaa4db568b90: GrpcService started, listening on 36441
2022-10-13 11:28:37,360 [EndpointStateMachine task thread for /0.0.0.0:34741 - 0 ] INFO  ratis.XceiverServerRatis (XceiverServerRatis.java:getRealPort(502)) - XceiverServerRatis e6e6f4e0-cab5-400e-aa02-aaa4db568b90 is started using port 36441 for RATIS
2022-10-13 11:28:37,360 [org.apache.ratis.util.JvmPauseMonitor$$Lambda$690/1264163010@1b0ac2d2] INFO  util.JvmPauseMonitor (JvmPauseMonitor.java:run(103)) - JvmPauseMonitor-e6e6f4e0-cab5-400e-aa02-aaa4db568b90: Started
2022-10-13 11:28:37,360 [EndpointStateMachine task thread for /0.0.0.0:34741 - 0 ] INFO  ratis.XceiverServerRatis (XceiverServerRatis.java:getRealPort(502)) - XceiverServerRatis e6e6f4e0-cab5-400e-aa02-aaa4db568b90 is started using port 36441 for RATIS_ADMIN
2022-10-13 11:28:37,360 [EndpointStateMachine task thread for /0.0.0.0:34741 - 0 ] INFO  ratis.XceiverServerRatis (XceiverServerRatis.java:getRealPort(502)) - XceiverServerRatis e6e6f4e0-cab5-400e-aa02-aaa4db568b90 is started using port 36441 for RATIS_SERVER
2022-10-13 11:28:37,361 [EndpointStateMachine task thread for /0.0.0.0:34741 - 0 ] INFO  server.XceiverServerGrpc (XceiverServerGrpc.java:start(180)) - XceiverServerGrpc e6e6f4e0-cab5-400e-aa02-aaa4db568b90 is started using port 35671
2022-10-13 11:28:37,752 [EndpointStateMachine task thread for /0.0.0.0:34741 - 0 ] INFO  volume.HddsVolume (HddsVolume.java:createDbStore(307)) - SchemaV3 db is created and loaded at /home/runner/work/ozone/ozone/hadoop-ozone/integration-test/target/test-dir/MiniOzoneClusterImpl-e80e85d6-a50a-47d0-a504-2468c00e5ca2/datanode-1/data-0/containers/hdds/e80e85d6-a50a-47d0-a504-2468c00e5ca2/DS-fc698460-34b9-4011-90b5-416081cdcb89/container.db for volume DS-fc698460-34b9-4011-90b5-416081cdcb89
2022-10-13 11:28:37,754 [EndpointStateMachine task thread for /0.0.0.0:34741 - 0 ] INFO  volume.HddsVolume (HddsVolume.java:closeDbStore(338)) - SchemaV3 db is stopped at /home/runner/work/ozone/ozone/hadoop-ozone/integration-test/target/test-dir/MiniOzoneClusterImpl-e80e85d6-a50a-47d0-a504-2468c00e5ca2/datanode-1/data-0/containers/hdds/e80e85d6-a50a-47d0-a504-2468c00e5ca2/DS-fc698460-34b9-4011-90b5-416081cdcb89/container.db for volume DS-fc698460-34b9-4011-90b5-416081cdcb89
2022-10-13 11:28:37,754 [EndpointStateMachine task thread for /0.0.0.0:34741 - 0 ] INFO  ozoneimpl.OzoneContainer (OzoneContainer.java:start(378)) - Attempting to start container services.
2022-10-13 11:28:37,754 [EndpointStateMachine task thread for /0.0.0.0:34741 - 0 ] INFO  ozoneimpl.OzoneContainer (OzoneContainer.java:startContainerScrub(313)) - Background container scanner has been disabled.
2022-10-13 11:28:37,755 [EndpointStateMachine task thread for /0.0.0.0:34741 - 0 ] INFO  replication.ReplicationServer (ReplicationServer.java:start(111)) - ReplicationServer is started using port 35107
2022-10-13 11:28:37,756 [EndpointStateMachine task thread for /0.0.0.0:34741 - 0 ] INFO  ratis.XceiverServerRatis (XceiverServerRatis.java:start(481)) - Starting XceiverServerRatis 9955ffcb-bd67-4d70-a6ef-07cfdefe4b35
2022-10-13 11:28:37,756 [EndpointStateMachine task thread for /0.0.0.0:34741 - 0 ] INFO  server.RaftServer (RaftServerProxy.java:lambda$start$6(382)) - 9955ffcb-bd67-4d70-a6ef-07cfdefe4b35: start RPC server
2022-10-13 11:28:37,758 [EndpointStateMachine task thread for /0.0.0.0:34741 - 0 ] INFO  server.GrpcService (GrpcService.java:startImpl(260)) - 9955ffcb-bd67-4d70-a6ef-07cfdefe4b35: GrpcService started, listening on 42729
2022-10-13 11:28:37,758 [EndpointStateMachine task thread for /0.0.0.0:34741 - 0 ] INFO  ratis.XceiverServerRatis (XceiverServerRatis.java:getRealPort(502)) - XceiverServerRatis 9955ffcb-bd67-4d70-a6ef-07cfdefe4b35 is started using port 42729 for RATIS
2022-10-13 11:28:37,758 [org.apache.ratis.util.JvmPauseMonitor$$Lambda$690/1264163010@2cab750b] INFO  util.JvmPauseMonitor (JvmPauseMonitor.java:run(103)) - JvmPauseMonitor-9955ffcb-bd67-4d70-a6ef-07cfdefe4b35: Started
2022-10-13 11:28:37,758 [EndpointStateMachine task thread for /0.0.0.0:34741 - 0 ] INFO  ratis.XceiverServerRatis (XceiverServerRatis.java:getRealPort(502)) - XceiverServerRatis 9955ffcb-bd67-4d70-a6ef-07cfdefe4b35 is started using port 42729 for RATIS_ADMIN
2022-10-13 11:28:37,758 [EndpointStateMachine task thread for /0.0.0.0:34741 - 0 ] INFO  ratis.XceiverServerRatis (XceiverServerRatis.java:getRealPort(502)) - XceiverServerRatis 9955ffcb-bd67-4d70-a6ef-07cfdefe4b35 is started using port 42729 for RATIS_SERVER
2022-10-13 11:28:37,760 [EndpointStateMachine task thread for /0.0.0.0:34741 - 0 ] INFO  server.XceiverServerGrpc (XceiverServerGrpc.java:start(180)) - XceiverServerGrpc 9955ffcb-bd67-4d70-a6ef-07cfdefe4b35 is started using port 35337
2022-10-13 11:28:38,043 [Listener at 127.0.0.1/46823] INFO  ozone.MiniOzoneClusterImpl (MiniOzoneClusterImpl.java:lambda$waitForClusterToBeReady$0(216)) - Waiting for nodes to be ready. Got 0 of 3 DN Heartbeats.
2022-10-13 11:28:38,044 [Listener at 127.0.0.1/46823] INFO  ozone.MiniOzoneClusterImpl (MiniOzoneClusterImpl.java:lambda$waitForClusterToBeReady$0(219)) - Waiting for cluster to exit safe mode
2022-10-13 11:28:38,044 [Listener at 127.0.0.1/46823] INFO  ozone.MiniOzoneClusterImpl (MiniOzoneClusterImpl.java:lambda$waitForClusterToBeReady$0(221)) - SCM became leader
2022-10-13 11:28:38,085 [EndpointStateMachine task thread for /0.0.0.0:34741 - 0 ] INFO  volume.HddsVolume (HddsVolume.java:createDbStore(307)) - SchemaV3 db is created and loaded at /home/runner/work/ozone/ozone/hadoop-ozone/integration-test/target/test-dir/MiniOzoneClusterImpl-e80e85d6-a50a-47d0-a504-2468c00e5ca2/datanode-2/data-0/containers/hdds/e80e85d6-a50a-47d0-a504-2468c00e5ca2/DS-e81da2d0-cbc8-4555-a3be-06702d4a31ad/container.db for volume DS-e81da2d0-cbc8-4555-a3be-06702d4a31ad
2022-10-13 11:28:38,085 [EndpointStateMachine task thread for /0.0.0.0:34741 - 0 ] INFO  volume.HddsVolume (HddsVolume.java:closeDbStore(338)) - SchemaV3 db is stopped at /home/runner/work/ozone/ozone/hadoop-ozone/integration-test/target/test-dir/MiniOzoneClusterImpl-e80e85d6-a50a-47d0-a504-2468c00e5ca2/datanode-2/data-0/containers/hdds/e80e85d6-a50a-47d0-a504-2468c00e5ca2/DS-e81da2d0-cbc8-4555-a3be-06702d4a31ad/container.db for volume DS-e81da2d0-cbc8-4555-a3be-06702d4a31ad
2022-10-13 11:28:38,086 [EndpointStateMachine task thread for /0.0.0.0:34741 - 0 ] INFO  ozoneimpl.OzoneContainer (OzoneContainer.java:start(378)) - Attempting to start container services.
2022-10-13 11:28:38,086 [EndpointStateMachine task thread for /0.0.0.0:34741 - 0 ] INFO  ozoneimpl.OzoneContainer (OzoneContainer.java:startContainerScrub(313)) - Background container scanner has been disabled.
2022-10-13 11:28:38,088 [EndpointStateMachine task thread for /0.0.0.0:34741 - 0 ] INFO  replication.ReplicationServer (ReplicationServer.java:start(111)) - ReplicationServer is started using port 35985
2022-10-13 11:28:38,088 [EndpointStateMachine task thread for /0.0.0.0:34741 - 0 ] INFO  ratis.XceiverServerRatis (XceiverServerRatis.java:start(481)) - Starting XceiverServerRatis 8d6e4cdb-fad5-4da7-a1e6-63da48c44a59
2022-10-13 11:28:38,089 [EndpointStateMachine task thread for /0.0.0.0:34741 - 0 ] INFO  server.RaftServer (RaftServerProxy.java:lambda$start$6(382)) - 8d6e4cdb-fad5-4da7-a1e6-63da48c44a59: start RPC server
2022-10-13 11:28:38,092 [EndpointStateMachine task thread for /0.0.0.0:34741 - 0 ] INFO  server.GrpcService (GrpcService.java:startImpl(260)) - 8d6e4cdb-fad5-4da7-a1e6-63da48c44a59: GrpcService started, listening on 43781
2022-10-13 11:28:38,093 [EndpointStateMachine task thread for /0.0.0.0:34741 - 0 ] INFO  ratis.XceiverServerRatis (XceiverServerRatis.java:getRealPort(502)) - XceiverServerRatis 8d6e4cdb-fad5-4da7-a1e6-63da48c44a59 is started using port 43781 for RATIS
2022-10-13 11:28:38,093 [org.apache.ratis.util.JvmPauseMonitor$$Lambda$690/1264163010@7304b19] INFO  util.JvmPauseMonitor (JvmPauseMonitor.java:run(103)) - JvmPauseMonitor-8d6e4cdb-fad5-4da7-a1e6-63da48c44a59: Started
2022-10-13 11:28:38,093 [EndpointStateMachine task thread for /0.0.0.0:34741 - 0 ] INFO  ratis.XceiverServerRatis (XceiverServerRatis.java:getRealPort(502)) - XceiverServerRatis 8d6e4cdb-fad5-4da7-a1e6-63da48c44a59 is started using port 43781 for RATIS_ADMIN
2022-10-13 11:28:38,093 [EndpointStateMachine task thread for /0.0.0.0:34741 - 0 ] INFO  ratis.XceiverServerRatis (XceiverServerRatis.java:getRealPort(502)) - XceiverServerRatis 8d6e4cdb-fad5-4da7-a1e6-63da48c44a59 is started using port 43781 for RATIS_SERVER
2022-10-13 11:28:38,101 [EndpointStateMachine task thread for /0.0.0.0:34741 - 0 ] INFO  server.XceiverServerGrpc (XceiverServerGrpc.java:start(180)) - XceiverServerGrpc 8d6e4cdb-fad5-4da7-a1e6-63da48c44a59 is started using port 33431
2022-10-13 11:28:39,044 [Listener at 127.0.0.1/46823] INFO  ozone.MiniOzoneClusterImpl (MiniOzoneClusterImpl.java:lambda$waitForClusterToBeReady$0(216)) - Waiting for nodes to be ready. Got 0 of 3 DN Heartbeats.
2022-10-13 11:28:39,044 [Listener at 127.0.0.1/46823] INFO  ozone.MiniOzoneClusterImpl (MiniOzoneClusterImpl.java:lambda$waitForClusterToBeReady$0(219)) - Waiting for cluster to exit safe mode
2022-10-13 11:28:39,044 [Listener at 127.0.0.1/46823] INFO  ozone.MiniOzoneClusterImpl (MiniOzoneClusterImpl.java:lambda$waitForClusterToBeReady$0(221)) - SCM became leader
2022-10-13 11:28:39,311 [IPC Server handler 0 on default port 34741] INFO  net.NetworkTopologyImpl (NetworkTopologyImpl.java:add(112)) - Added a new node: /default-rack/e6e6f4e0-cab5-400e-aa02-aaa4db568b90
2022-10-13 11:28:39,311 [IPC Server handler 0 on default port 34741] INFO  node.SCMNodeManager (SCMNodeManager.java:register(397)) - Registered Data node : e6e6f4e0-cab5-400e-aa02-aaa4db568b90{ip: 10.1.0.139, host: fv-az447-90.tnmeiuxxsqeu3byeydcnbj0j5d.dx.internal.cloudapp.net, ports: [REPLICATION=41149, RATIS=36441, RATIS_ADMIN=36441, RATIS_SERVER=36441, STANDALONE=35671], networkLocation: /default-rack, certSerialId: null, persistedOpState: null, persistedOpStateExpiryEpochSec: 0}
2022-10-13 11:28:39,313 [EventQueue-NodeRegistrationContainerReportForContainerSafeModeRule] INFO  safemode.SCMSafeModeManager (SCMSafeModeManager.java:validateSafeModeExitRules(204)) - ContainerSafeModeRule rule is successfully validated
2022-10-13 11:28:39,313 [EventQueue-NodeRegistrationContainerReportForDataNodeSafeModeRule] INFO  safemode.SCMSafeModeManager (DataNodeSafeModeRule.java:process(71)) - SCM in safe mode. 1 DataNodes registered, 3 required.
2022-10-13 11:28:39,314 [EventQueue-NewNodeForNewNodeHandler] INFO  pipeline.BackgroundPipelineCreator (BackgroundPipelineCreator.java:notifyEventTriggered(276)) - trigger a one-shot run on RatisPipelineUtilsThread.
2022-10-13 11:28:39,317 [RatisPipelineUtilsThread - 0] INFO  pipeline.RatisPipelineProvider (RatisPipelineProvider.java:lambda$create$0(195)) - Sending CreatePipelineCommand for pipeline:PipelineID=1a7e874b-2afa-4045-bbb8-963033228945 to datanode:e6e6f4e0-cab5-400e-aa02-aaa4db568b90
2022-10-13 11:28:39,319 [RatisPipelineUtilsThread - 0] INFO  pipeline.PipelineStateManagerImpl (PipelineStateManagerImpl.java:addPipeline(103)) - Created pipeline Pipeline[ Id: 1a7e874b-2afa-4045-bbb8-963033228945, Nodes: e6e6f4e0-cab5-400e-aa02-aaa4db568b90{ip: 10.1.0.139, host: fv-az447-90.tnmeiuxxsqeu3byeydcnbj0j5d.dx.internal.cloudapp.net, ports: [REPLICATION=41149, RATIS=36441, RATIS_ADMIN=36441, RATIS_SERVER=36441, STANDALONE=35671], networkLocation: /default-rack, certSerialId: null, persistedOpState: IN_SERVICE, persistedOpStateExpiryEpochSec: 0}, ReplicationConfig: RATIS/ONE, State:ALLOCATED, leaderId:, CreationTimestamp2022-10-13T11:28:39.317Z[Etc/UTC]].
2022-10-13 11:28:39,321 [EventQueue-PipelineReportForOneReplicaPipelineSafeModeRule] INFO  safemode.SCMSafeModeManager (SCMSafeModeManager.java:validateSafeModeExitRules(204)) - AtleastOneDatanodeReportedRule rule is successfully validated
2022-10-13 11:28:39,715 [IPC Server handler 1 on default port 34741] INFO  net.NetworkTopologyImpl (NetworkTopologyImpl.java:add(112)) - Added a new node: /default-rack/9955ffcb-bd67-4d70-a6ef-07cfdefe4b35
2022-10-13 11:28:39,716 [IPC Server handler 1 on default port 34741] INFO  node.SCMNodeManager (SCMNodeManager.java:register(397)) - Registered Data node : 9955ffcb-bd67-4d70-a6ef-07cfdefe4b35{ip: 10.1.0.139, host: fv-az447-90.tnmeiuxxsqeu3byeydcnbj0j5d.dx.internal.cloudapp.net, ports: [REPLICATION=35107, RATIS=42729, RATIS_ADMIN=42729, RATIS_SERVER=42729, STANDALONE=35337], networkLocation: /default-rack, certSerialId: null, persistedOpState: null, persistedOpStateExpiryEpochSec: 0}
2022-10-13 11:28:39,717 [EventQueue-NewNodeForNewNodeHandler] INFO  pipeline.BackgroundPipelineCreator (BackgroundPipelineCreator.java:notifyEventTriggered(276)) - trigger a one-shot run on RatisPipelineUtilsThread.
2022-10-13 11:28:39,717 [EventQueue-NodeRegistrationContainerReportForDataNodeSafeModeRule] INFO  safemode.SCMSafeModeManager (DataNodeSafeModeRule.java:process(71)) - SCM in safe mode. 2 DataNodes registered, 3 required.
2022-10-13 11:28:39,718 [RatisPipelineUtilsThread - 0] INFO  pipeline.RatisPipelineProvider (RatisPipelineProvider.java:lambda$create$0(195)) - Sending CreatePipelineCommand for pipeline:PipelineID=c1399d32-473a-42a1-ae5a-0ef347cfe542 to datanode:9955ffcb-bd67-4d70-a6ef-07cfdefe4b35
2022-10-13 11:28:39,719 [RatisPipelineUtilsThread - 0] INFO  pipeline.PipelineStateManagerImpl (PipelineStateManagerImpl.java:addPipeline(103)) - Created pipeline Pipeline[ Id: c1399d32-473a-42a1-ae5a-0ef347cfe542, Nodes: 9955ffcb-bd67-4d70-a6ef-07cfdefe4b35{ip: 10.1.0.139, host: fv-az447-90.tnmeiuxxsqeu3byeydcnbj0j5d.dx.internal.cloudapp.net, ports: [REPLICATION=35107, RATIS=42729, RATIS_ADMIN=42729, RATIS_SERVER=42729, STANDALONE=35337], networkLocation: /default-rack, certSerialId: null, persistedOpState: IN_SERVICE, persistedOpStateExpiryEpochSec: 0}, ReplicationConfig: RATIS/ONE, State:ALLOCATED, leaderId:, CreationTimestamp2022-10-13T11:28:39.718Z[Etc/UTC]].
2022-10-13 11:28:40,045 [Listener at 127.0.0.1/46823] INFO  ozone.MiniOzoneClusterImpl (MiniOzoneClusterImpl.java:lambda$waitForClusterToBeReady$0(216)) - Waiting for nodes to be ready. Got 2 of 3 DN Heartbeats.
2022-10-13 11:28:40,045 [Listener at 127.0.0.1/46823] INFO  ozone.MiniOzoneClusterImpl (MiniOzoneClusterImpl.java:lambda$waitForClusterToBeReady$0(219)) - Waiting for cluster to exit safe mode
2022-10-13 11:28:40,045 [Listener at 127.0.0.1/46823] INFO  ozone.MiniOzoneClusterImpl (MiniOzoneClusterImpl.java:lambda$waitForClusterToBeReady$0(221)) - SCM became leader
2022-10-13 11:28:40,047 [IPC Server handler 2 on default port 34741] INFO  net.NetworkTopologyImpl (NetworkTopologyImpl.java:add(112)) - Added a new node: /default-rack/8d6e4cdb-fad5-4da7-a1e6-63da48c44a59
2022-10-13 11:28:40,048 [IPC Server handler 2 on default port 34741] INFO  node.SCMNodeManager (SCMNodeManager.java:register(397)) - Registered Data node : 8d6e4cdb-fad5-4da7-a1e6-63da48c44a59{ip: 10.1.0.139, host: fv-az447-90.tnmeiuxxsqeu3byeydcnbj0j5d.dx.internal.cloudapp.net, ports: [REPLICATION=35985, RATIS=43781, RATIS_ADMIN=43781, RATIS_SERVER=43781, STANDALONE=33431], networkLocation: /default-rack, certSerialId: null, persistedOpState: null, persistedOpStateExpiryEpochSec: 0}
2022-10-13 11:28:40,049 [EventQueue-NewNodeForNewNodeHandler] INFO  pipeline.BackgroundPipelineCreator (BackgroundPipelineCreator.java:notifyEventTriggered(276)) - trigger a one-shot run on RatisPipelineUtilsThread.
2022-10-13 11:28:40,049 [RatisPipelineUtilsThread - 0] INFO  pipeline.RatisPipelineProvider (RatisPipelineProvider.java:lambda$create$0(195)) - Sending CreatePipelineCommand for pipeline:PipelineID=113bf075-c0db-449b-8567-7a9edf3dc25f to datanode:8d6e4cdb-fad5-4da7-a1e6-63da48c44a59
2022-10-13 11:28:40,050 [EventQueue-NodeRegistrationContainerReportForDataNodeSafeModeRule] INFO  safemode.SCMSafeModeManager (DataNodeSafeModeRule.java:process(71)) - SCM in safe mode. 3 DataNodes registered, 3 required.
2022-10-13 11:28:40,050 [EventQueue-NodeRegistrationContainerReportForDataNodeSafeModeRule] INFO  safemode.SCMSafeModeManager (SCMSafeModeManager.java:validateSafeModeExitRules(204)) - DataNodeSafeModeRule rule is successfully validated
2022-10-13 11:28:40,050 [EventQueue-NodeRegistrationContainerReportForDataNodeSafeModeRule] INFO  safemode.SCMSafeModeManager (SCMSafeModeManager.java:completePreCheck(233)) - All SCM safe mode pre check rules have passed
2022-10-13 11:28:40,050 [EventQueue-NodeRegistrationContainerReportForDataNodeSafeModeRule] WARN  events.EventQueue (EventQueue.java:fireEvent(216)) - No event handler registered for event TypedEvent{payloadType=SafeModeStatus, name='Safe mode status'}
2022-10-13 11:28:40,050 [EventQueue-NodeRegistrationContainerReportForDataNodeSafeModeRule] INFO  ha.SCMContext (SCMContext.java:updateSafeModeStatus(228)) - Update SafeModeStatus from SafeModeStatus{safeModeStatus=true, preCheckPassed=false} to SafeModeStatus{safeModeStatus=true, preCheckPassed=true}.
2022-10-13 11:28:40,050 [EventQueue-NodeRegistrationContainerReportForDataNodeSafeModeRule] INFO  pipeline.BackgroundPipelineCreator (BackgroundPipelineCreator.java:notifyEventTriggered(276)) - trigger a one-shot run on RatisPipelineUtilsThread.
2022-10-13 11:28:40,050 [RatisPipelineUtilsThread - 0] INFO  pipeline.PipelineStateManagerImpl (PipelineStateManagerImpl.java:addPipeline(103)) - Created pipeline Pipeline[ Id: 113bf075-c0db-449b-8567-7a9edf3dc25f, Nodes: 8d6e4cdb-fad5-4da7-a1e6-63da48c44a59{ip: 10.1.0.139, host: fv-az447-90.tnmeiuxxsqeu3byeydcnbj0j5d.dx.internal.cloudapp.net, ports: [REPLICATION=35985, RATIS=43781, RATIS_ADMIN=43781, RATIS_SERVER=43781, STANDALONE=33431], networkLocation: /default-rack, certSerialId: null, persistedOpState: IN_SERVICE, persistedOpStateExpiryEpochSec: 0}, ReplicationConfig: RATIS/ONE, State:ALLOCATED, leaderId:, CreationTimestamp2022-10-13T11:28:40.049Z[Etc/UTC]].
2022-10-13 11:28:40,051 [RatisPipelineUtilsThread - 0] INFO  pipeline.RatisPipelineProvider (RatisPipelineProvider.java:lambda$create$0(195)) - Sending CreatePipelineCommand for pipeline:PipelineID=27a90694-cd37-4ec7-9bc7-a6960e8eb4f8 to datanode:9955ffcb-bd67-4d70-a6ef-07cfdefe4b35
2022-10-13 11:28:40,051 [RatisPipelineUtilsThread - 0] INFO  pipeline.RatisPipelineProvider (RatisPipelineProvider.java:lambda$create$0(195)) - Sending CreatePipelineCommand for pipeline:PipelineID=27a90694-cd37-4ec7-9bc7-a6960e8eb4f8 to datanode:8d6e4cdb-fad5-4da7-a1e6-63da48c44a59
2022-10-13 11:28:40,051 [RatisPipelineUtilsThread - 0] INFO  pipeline.RatisPipelineProvider (RatisPipelineProvider.java:lambda$create$0(195)) - Sending CreatePipelineCommand for pipeline:PipelineID=27a90694-cd37-4ec7-9bc7-a6960e8eb4f8 to datanode:e6e6f4e0-cab5-400e-aa02-aaa4db568b90
2022-10-13 11:28:40,052 [RatisPipelineUtilsThread - 0] INFO  pipeline.PipelineStateManagerImpl (PipelineStateManagerImpl.java:addPipeline(103)) - Created pipeline Pipeline[ Id: 27a90694-cd37-4ec7-9bc7-a6960e8eb4f8, Nodes: 9955ffcb-bd67-4d70-a6ef-07cfdefe4b35{ip: 10.1.0.139, host: fv-az447-90.tnmeiuxxsqeu3byeydcnbj0j5d.dx.internal.cloudapp.net, ports: [REPLICATION=35107, RATIS=42729, RATIS_ADMIN=42729, RATIS_SERVER=42729, STANDALONE=35337], networkLocation: /default-rack, certSerialId: null, persistedOpState: IN_SERVICE, persistedOpStateExpiryEpochSec: 0}8d6e4cdb-fad5-4da7-a1e6-63da48c44a59{ip: 10.1.0.139, host: fv-az447-90.tnmeiuxxsqeu3byeydcnbj0j5d.dx.internal.cloudapp.net, ports: [REPLICATION=35985, RATIS=43781, RATIS_ADMIN=43781, RATIS_SERVER=43781, STANDALONE=33431], networkLocation: /default-rack, certSerialId: null, persistedOpState: IN_SERVICE, persistedOpStateExpiryEpochSec: 0}e6e6f4e0-cab5-400e-aa02-aaa4db568b90{ip: 10.1.0.139, host: fv-az447-90.tnmeiuxxsqeu3byeydcnbj0j5d.dx.internal.cloudapp.net, ports: [REPLICATION=41149, RATIS=36441, RATIS_ADMIN=36441, RATIS_SERVER=36441, STANDALONE=35671], networkLocation: /default-rack, certSerialId: null, persistedOpState: IN_SERVICE, persistedOpStateExpiryEpochSec: 0}, ReplicationConfig: RATIS/THREE, State:ALLOCATED, leaderId:, CreationTimestamp2022-10-13T11:28:40.051Z[Etc/UTC]].
2022-10-13 11:28:40,052 [RatisPipelineUtilsThread - 0] INFO  pipeline.RatisPipelineProvider (RatisPipelineProvider.java:lambda$create$0(195)) - Sending CreatePipelineCommand for pipeline:PipelineID=6676e257-ad26-4754-96f3-f95d8d0e04c7 to datanode:8d6e4cdb-fad5-4da7-a1e6-63da48c44a59
2022-10-13 11:28:40,052 [RatisPipelineUtilsThread - 0] INFO  pipeline.RatisPipelineProvider (RatisPipelineProvider.java:lambda$create$0(195)) - Sending CreatePipelineCommand for pipeline:PipelineID=6676e257-ad26-4754-96f3-f95d8d0e04c7 to datanode:e6e6f4e0-cab5-400e-aa02-aaa4db568b90
2022-10-13 11:28:40,052 [RatisPipelineUtilsThread - 0] INFO  pipeline.RatisPipelineProvider (RatisPipelineProvider.java:lambda$create$0(195)) - Sending CreatePipelineCommand for pipeline:PipelineID=6676e257-ad26-4754-96f3-f95d8d0e04c7 to datanode:9955ffcb-bd67-4d70-a6ef-07cfdefe4b35
2022-10-13 11:28:40,053 [RatisPipelineUtilsThread - 0] INFO  pipeline.PipelineStateManagerImpl (PipelineStateManagerImpl.java:addPipeline(103)) - Created pipeline Pipeline[ Id: 6676e257-ad26-4754-96f3-f95d8d0e04c7, Nodes: 8d6e4cdb-fad5-4da7-a1e6-63da48c44a59{ip: 10.1.0.139, host: fv-az447-90.tnmeiuxxsqeu3byeydcnbj0j5d.dx.internal.cloudapp.net, ports: [REPLICATION=35985, RATIS=43781, RATIS_ADMIN=43781, RATIS_SERVER=43781, STANDALONE=33431], networkLocation: /default-rack, certSerialId: null, persistedOpState: IN_SERVICE, persistedOpStateExpiryEpochSec: 0}e6e6f4e0-cab5-400e-aa02-aaa4db568b90{ip: 10.1.0.139, host: fv-az447-90.tnmeiuxxsqeu3byeydcnbj0j5d.dx.internal.cloudapp.net, ports: [REPLICATION=41149, RATIS=36441, RATIS_ADMIN=36441, RATIS_SERVER=36441, STANDALONE=35671], networkLocation: /default-rack, certSerialId: null, persistedOpState: IN_SERVICE, persistedOpStateExpiryEpochSec: 0}9955ffcb-bd67-4d70-a6ef-07cfdefe4b35{ip: 10.1.0.139, host: fv-az447-90.tnmeiuxxsqeu3byeydcnbj0j5d.dx.internal.cloudapp.net, ports: [REPLICATION=35107, RATIS=42729, RATIS_ADMIN=42729, RATIS_SERVER=42729, STANDALONE=35337], networkLocation: /default-rack, certSerialId: null, persistedOpState: IN_SERVICE, persistedOpStateExpiryEpochSec: 0}, ReplicationConfig: RATIS/THREE, State:ALLOCATED, leaderId:, CreationTimestamp2022-10-13T11:28:40.052Z[Etc/UTC]].
2022-10-13 11:28:40,053 [RatisPipelineUtilsThread - 0] INFO  pipeline.PipelineManagerImpl (PipelineManagerImpl.java:recordMetricsForPipeline(796)) - Pipeline: PipelineID=6676e257-ad26-4754-96f3-f95d8d0e04c7 contains same datanodes as previous pipelines: PipelineID=27a90694-cd37-4ec7-9bc7-a6960e8eb4f8 nodeIds: 8d6e4cdb-fad5-4da7-a1e6-63da48c44a59, e6e6f4e0-cab5-400e-aa02-aaa4db568b90, 9955ffcb-bd67-4d70-a6ef-07cfdefe4b35
2022-10-13 11:28:41,046 [Listener at 127.0.0.1/46823] INFO  ozone.MiniOzoneClusterImpl (MiniOzoneClusterImpl.java:lambda$waitForClusterToBeReady$0(216)) - Nodes are ready. Got 3 of 3 DN Heartbeats.
2022-10-13 11:28:41,047 [Listener at 127.0.0.1/46823] INFO  ozone.MiniOzoneClusterImpl (MiniOzoneClusterImpl.java:lambda$waitForClusterToBeReady$0(219)) - Waiting for cluster to exit safe mode
2022-10-13 11:28:41,047 [Listener at 127.0.0.1/46823] INFO  ozone.MiniOzoneClusterImpl (MiniOzoneClusterImpl.java:lambda$waitForClusterToBeReady$0(221)) - SCM became leader
2022-10-13 11:28:42,047 [Listener at 127.0.0.1/46823] INFO  ozone.MiniOzoneClusterImpl (MiniOzoneClusterImpl.java:lambda$waitForClusterToBeReady$0(216)) - Nodes are ready. Got 3 of 3 DN Heartbeats.
2022-10-13 11:28:42,048 [Listener at 127.0.0.1/46823] INFO  ozone.MiniOzoneClusterImpl (MiniOzoneClusterImpl.java:lambda$waitForClusterToBeReady$0(219)) - Waiting for cluster to exit safe mode
2022-10-13 11:28:42,048 [Listener at 127.0.0.1/46823] INFO  ozone.MiniOzoneClusterImpl (MiniOzoneClusterImpl.java:lambda$waitForClusterToBeReady$0(221)) - SCM became leader
2022-10-13 11:28:42,310 [Command processor thread] INFO  server.RaftServer (RaftServerProxy.java:addNew(96)) - e6e6f4e0-cab5-400e-aa02-aaa4db568b90: addNew group-963033228945:[e6e6f4e0-cab5-400e-aa02-aaa4db568b90|rpc:10.1.0.139:36441|priority:1] returns group-963033228945:java.util.concurrent.CompletableFuture@7a814ab7[Not completed]
2022-10-13 11:28:42,312 [pool-218-thread-1] INFO  server.RaftServer$Division (RaftServerImpl.java:<init>(190)) - e6e6f4e0-cab5-400e-aa02-aaa4db568b90: new RaftServerImpl for group-963033228945:[e6e6f4e0-cab5-400e-aa02-aaa4db568b90|rpc:10.1.0.139:36441|priority:1] with ContainerStateMachine:uninitialized
2022-10-13 11:28:42,312 [pool-218-thread-1] INFO  server.RaftServerConfigKeys (ConfUtils.java:logGet(46)) - raft.server.rpc.timeout.min = 5s (custom)
2022-10-13 11:28:42,312 [pool-218-thread-1] INFO  server.RaftServerConfigKeys (ConfUtils.java:logGet(46)) - raft.server.rpc.timeout.max = 5200ms (custom)
2022-10-13 11:28:42,312 [pool-218-thread-1] INFO  server.RaftServerConfigKeys (ConfUtils.java:logGet(46)) - raft.server.rpc.sleep.time = 25ms (default)
2022-10-13 11:28:42,312 [pool-218-thread-1] INFO  server.RaftServerConfigKeys (ConfUtils.java:logGet(46)) - raft.server.rpc.slowness.timeout = 300s (custom)
2022-10-13 11:28:42,312 [pool-218-thread-1] INFO  server.RaftServerConfigKeys (ConfUtils.java:logGet(46)) - raft.server.leaderelection.leader.step-down.wait-time = 10s (default)
2022-10-13 11:28:42,312 [pool-218-thread-1] INFO  server.RaftServerConfigKeys (ConfUtils.java:logGet(46)) - raft.server.sleep.deviation.threshold = 300ms (default)
2022-10-13 11:28:42,312 [pool-218-thread-1] INFO  server.RaftServer$Division (ServerState.java:<init>(107)) - e6e6f4e0-cab5-400e-aa02-aaa4db568b90@group-963033228945: ConfigurationManager, init=-1: [e6e6f4e0-cab5-400e-aa02-aaa4db568b90|rpc:10.1.0.139:36441|priority:1], old=null, confs=<EMPTY_MAP>
2022-10-13 11:28:42,313 [pool-218-thread-1] INFO  server.RaftServerConfigKeys (ConfUtils.java:logGet(46)) - raft.server.storage.dir = [/home/runner/work/ozone/ozone/hadoop-ozone/integration-test/target/test-dir/MiniOzoneClusterImpl-e80e85d6-a50a-47d0-a504-2468c00e5ca2/datanode-0/data/ratis] (custom)
2022-10-13 11:28:42,313 [pool-218-thread-1] INFO  server.RaftServerConfigKeys (ConfUtils.java:logGet(46)) - raft.server.log.corruption.policy = EXCEPTION (default)
2022-10-13 11:28:42,313 [pool-218-thread-1] INFO  server.RaftServerConfigKeys (ConfUtils.java:logGet(46)) - raft.server.storage.free-space.min = 0MB (=0) (default)
2022-10-13 11:28:42,313 [pool-218-thread-1] INFO  storage.RaftStorageDirectory (RaftStorageDirectoryImpl.java:analyzeStorage(135)) - The storage directory /home/runner/work/ozone/ozone/hadoop-ozone/integration-test/target/test-dir/MiniOzoneClusterImpl-e80e85d6-a50a-47d0-a504-2468c00e5ca2/datanode-0/data/ratis/1a7e874b-2afa-4045-bbb8-963033228945 does not exist. Creating ...
2022-10-13 11:28:42,315 [pool-218-thread-1] INFO  storage.RaftStorageDirectory (RaftStorageDirectoryImpl.java:tryLock(230)) - Lock on /home/runner/work/ozone/ozone/hadoop-ozone/integration-test/target/test-dir/MiniOzoneClusterImpl-e80e85d6-a50a-47d0-a504-2468c00e5ca2/datanode-0/data/ratis/1a7e874b-2afa-4045-bbb8-963033228945/in_use.lock acquired by nodename 2264@fv-az447-90
2022-10-13 11:28:42,316 [pool-218-thread-1] INFO  storage.RaftStorage (RaftStorageImpl.java:format(89)) - Storage directory /home/runner/work/ozone/ozone/hadoop-ozone/integration-test/target/test-dir/MiniOzoneClusterImpl-e80e85d6-a50a-47d0-a504-2468c00e5ca2/datanode-0/data/ratis/1a7e874b-2afa-4045-bbb8-963033228945 has been successfully formatted.
2022-10-13 11:28:42,318 [pool-218-thread-1] INFO  ratis.ContainerStateMachine (ContainerStateMachine.java:loadSnapshot(236)) - group-963033228945: The snapshot info is null. Setting the last applied indexto:(t:0, i:~)
2022-10-13 11:28:42,318 [pool-218-thread-1] INFO  server.RaftServerConfigKeys (ConfUtils.java:logGet(46)) - raft.server.notification.no-leader.timeout = 300s (custom)
2022-10-13 11:28:42,318 [pool-218-thread-1] INFO  server.RaftServerConfigKeys (ConfUtils.java:logGet(46)) - raft.server.log.use.memory = false (default)
2022-10-13 11:28:42,319 [pool-218-thread-1] INFO  server.RaftServerConfigKeys (ConfUtils.java:logGet(46)) - raft.server.log.purge.gap = 1000000 (custom)
2022-10-13 11:28:42,319 [pool-218-thread-1] INFO  server.RaftServerConfigKeys (ConfUtils.java:logGet(46)) - raft.server.log.appender.buffer.byte-limit = 33554432 (custom)
2022-10-13 11:28:42,319 [pool-218-thread-1] INFO  server.RaftServerConfigKeys (ConfUtils.java:logGet(46)) - raft.server.log.statemachine.data.read.timeout = 1000ms (default)
2022-10-13 11:28:42,319 [EventQueue-PipelineReportForPipelineReportHandler] INFO  pipeline.PipelineManagerImpl (PipelineManagerImpl.java:openPipeline(367)) - Pipeline Pipeline[ Id: 1a7e874b-2afa-4045-bbb8-963033228945, Nodes: e6e6f4e0-cab5-400e-aa02-aaa4db568b90{ip: 10.1.0.139, host: fv-az447-90.tnmeiuxxsqeu3byeydcnbj0j5d.dx.internal.cloudapp.net, ports: [REPLICATION=41149, RATIS=36441, RATIS_ADMIN=36441, RATIS_SERVER=36441, STANDALONE=35671], networkLocation: /default-rack, certSerialId: null, persistedOpState: IN_SERVICE, persistedOpStateExpiryEpochSec: 0}, ReplicationConfig: RATIS/ONE, State:ALLOCATED, leaderId:e6e6f4e0-cab5-400e-aa02-aaa4db568b90, CreationTimestamp2022-10-13T11:28:39.317Z[Etc/UTC]] moved to OPEN state
2022-10-13 11:28:42,319 [pool-218-thread-1] INFO  server.RaftServerConfigKeys (ConfUtils.java:logGet(46)) - raft.server.log.segment.size.max = 1048576 (custom)
2022-10-13 11:28:42,320 [pool-218-thread-1] INFO  server.RaftServerConfigKeys (ConfUtils.java:logGet(46)) - raft.server.log.segment.cache.num.max = 2 (custom)
2022-10-13 11:28:42,320 [pool-218-thread-1] INFO  server.RaftServerConfigKeys (ConfUtils.java:logGet(46)) - raft.server.log.segment.cache.size.max = 200MB (=209715200) (default)
2022-10-13 11:28:42,320 [pool-218-thread-1] INFO  segmented.SegmentedRaftLogWorker (SegmentedRaftLogWorker.java:<init>(187)) - new e6e6f4e0-cab5-400e-aa02-aaa4db568b90@group-963033228945-SegmentedRaftLogWorker for RaftStorageImpl:Storage Directory /home/runner/work/ozone/ozone/hadoop-ozone/integration-test/target/test-dir/MiniOzoneClusterImpl-e80e85d6-a50a-47d0-a504-2468c00e5ca2/datanode-0/data/ratis/1a7e874b-2afa-4045-bbb8-963033228945
2022-10-13 11:28:42,320 [pool-218-thread-1] INFO  server.RaftServerConfigKeys (ConfUtils.java:logGet(46)) - raft.server.log.queue.byte-limit = 4294967296 (custom)
2022-10-13 11:28:42,320 [pool-218-thread-1] INFO  server.RaftServerConfigKeys (ConfUtils.java:logGet(46)) - raft.server.log.queue.element-limit = 1024 (custom)
2022-10-13 11:28:42,320 [pool-218-thread-1] INFO  server.RaftServerConfigKeys (ConfUtils.java:logGet(46)) - raft.server.log.segment.size.max = 1048576 (custom)
2022-10-13 11:28:42,320 [pool-218-thread-1] INFO  server.RaftServerConfigKeys (ConfUtils.java:logGet(46)) - raft.server.log.preallocated.size = 16384 (custom)
2022-10-13 11:28:42,320 [pool-218-thread-1] INFO  server.RaftServerConfigKeys (ConfUtils.java:logGet(46)) - raft.server.log.force.sync.num = 128 (default)
2022-10-13 11:28:42,320 [pool-218-thread-1] INFO  server.RaftServerConfigKeys (ConfUtils.java:logGet(46)) - raft.server.log.statemachine.data.sync = true (default)
2022-10-13 11:28:42,320 [pool-218-thread-1] INFO  server.RaftServerConfigKeys (ConfUtils.java:logGet(46)) - raft.server.log.statemachine.data.sync.timeout = 10s (default)
2022-10-13 11:28:42,320 [pool-218-thread-1] INFO  server.RaftServerConfigKeys (ConfUtils.java:logGet(46)) - raft.server.log.statemachine.data.sync.timeout.retry = -1 (default)
2022-10-13 11:28:42,322 [pool-218-thread-1] INFO  server.RaftServerConfigKeys (ConfUtils.java:logGet(46)) - raft.server.log.write.buffer.size = 1048576 (custom)
2022-10-13 11:28:42,323 [pool-218-thread-1] INFO  server.RaftServerConfigKeys (ConfUtils.java:logGet(46)) - raft.server.log.unsafe-flush.enabled = false (default)
2022-10-13 11:28:42,323 [EventQueue-OpenPipelineForHealthyPipelineSafeModeRule] INFO  safemode.SCMSafeModeManager (HealthyPipelineSafeModeRule.java:process(137)) - SCM in safe mode. Healthy pipelines reported count is 0, required healthy pipeline reported count is 1
2022-10-13 11:28:42,323 [pool-218-thread-1] INFO  server.RaftServerConfigKeys (ConfUtils.java:logGet(46)) - raft.server.log.statemachine.data.caching.enabled = true (custom)
2022-10-13 11:28:42,324 [pool-218-thread-1] INFO  segmented.SegmentedRaftLogWorker (SegmentedRaftLogWorker.java:lambda$new$0(135)) - e6e6f4e0-cab5-400e-aa02-aaa4db568b90@group-963033228945-SegmentedRaftLogWorker: flushIndex: setUnconditionally 0 -> -1
2022-10-13 11:28:42,324 [pool-218-thread-1] INFO  segmented.SegmentedRaftLogWorker (SegmentedRaftLogWorker.java:lambda$new$0(135)) - e6e6f4e0-cab5-400e-aa02-aaa4db568b90@group-963033228945-SegmentedRaftLogWorker: safeCacheEvictIndex: setUnconditionally 0 -> -1
2022-10-13 11:28:42,324 [pool-218-thread-1] INFO  server.RaftServerConfigKeys (ConfUtils.java:logGet(46)) - raft.server.snapshot.auto.trigger.enabled = true (custom)
2022-10-13 11:28:42,324 [pool-218-thread-1] INFO  server.RaftServerConfigKeys (ConfUtils.java:logGet(46)) - raft.server.snapshot.auto.trigger.threshold = 10000 (custom)
2022-10-13 11:28:42,324 [pool-218-thread-1] INFO  server.RaftServerConfigKeys (ConfUtils.java:logGet(46)) - raft.server.snapshot.retention.file.num = 5 (custom)
2022-10-13 11:28:42,324 [pool-218-thread-1] INFO  server.RaftServerConfigKeys (ConfUtils.java:logGet(46)) - raft.server.log.purge.upto.snapshot.index = false (default)
2022-10-13 11:28:42,324 [pool-218-thread-1] INFO  server.RaftServerConfigKeys (ConfUtils.java:logGet(46)) - raft.server.retrycache.expirytime = 600000ms (custom)
2022-10-13 11:28:42,324 [pool-218-thread-1] INFO  server.RaftServerConfigKeys (ConfUtils.java:logGet(46)) - raft.server.retrycache.statistics.expirytime = 100μs (default)
2022-10-13 11:28:42,326 [pool-218-thread-1] INFO  server.RaftServerConfigKeys (ConfUtils.java:logGet(46)) - raft.server.log.appender.install.snapshot.enabled = false (custom)
2022-10-13 11:28:42,326 [pool-218-thread-1] INFO  server.RaftServerConfigKeys (ConfUtils.java:logGet(46)) - raft.server.threadpool.server.cached = true (default)
2022-10-13 11:28:42,326 [pool-218-thread-1] INFO  server.RaftServerConfigKeys (ConfUtils.java:logGet(46)) - raft.server.threadpool.server.size = 0 (default)
2022-10-13 11:28:42,327 [pool-218-thread-1] INFO  server.RaftServerConfigKeys (ConfUtils.java:logGet(46)) - raft.server.threadpool.client.cached = true (default)
2022-10-13 11:28:42,327 [pool-218-thread-1] INFO  server.RaftServerConfigKeys (ConfUtils.java:logGet(46)) - raft.server.threadpool.client.size = 0 (default)
2022-10-13 11:28:42,327 [pool-218-thread-1] INFO  server.RaftServer$Division (RaftServerImpl.java:start(310)) - e6e6f4e0-cab5-400e-aa02-aaa4db568b90@group-963033228945: start as a follower, conf=-1: [e6e6f4e0-cab5-400e-aa02-aaa4db568b90|rpc:10.1.0.139:36441|priority:1], old=null
2022-10-13 11:28:42,327 [pool-218-thread-1] INFO  server.RaftServer$Division (RaftServerImpl.java:setRole(299)) - e6e6f4e0-cab5-400e-aa02-aaa4db568b90@group-963033228945: changes role from      null to FOLLOWER at term 0 for startAsFollower
2022-10-13 11:28:42,327 [pool-218-thread-1] INFO  impl.RoleInfo (RoleInfo.java:updateAndGet(139)) - e6e6f4e0-cab5-400e-aa02-aaa4db568b90: start e6e6f4e0-cab5-400e-aa02-aaa4db568b90@group-963033228945-FollowerState
2022-10-13 11:28:42,328 [pool-218-thread-1] INFO  util.JmxRegister (JmxRegister.java:tryRegister(44)) - Successfully registered JMX Bean with object name Ratis:service=RaftServer,group=group-963033228945,id=e6e6f4e0-cab5-400e-aa02-aaa4db568b90
2022-10-13 11:28:42,329 [Command processor thread] INFO  ratis.XceiverServerRatis (XceiverServerRatis.java:addGroup(765)) - Created group PipelineID=1a7e874b-2afa-4045-bbb8-963033228945
2022-10-13 11:28:42,329 [Command processor thread] INFO  commandhandler.CreatePipelineCommandHandler (CreatePipelineCommandHandler.java:handle(113)) - Created Pipeline RATIS ONE PipelineID=1a7e874b-2afa-4045-bbb8-963033228945.
2022-10-13 11:28:42,329 [Command processor thread] INFO  server.RaftServer (RaftServerProxy.java:addNew(96)) - e6e6f4e0-cab5-400e-aa02-aaa4db568b90: addNew group-A6960E8EB4F8:[8d6e4cdb-fad5-4da7-a1e6-63da48c44a59|rpc:10.1.0.139:43781|priority:0, 9955ffcb-bd67-4d70-a6ef-07cfdefe4b35|rpc:10.1.0.139:42729|priority:1, e6e6f4e0-cab5-400e-aa02-aaa4db568b90|rpc:10.1.0.139:36441|priority:0] returns group-A6960E8EB4F8:java.util.concurrent.CompletableFuture@7ebed13f[Not completed]
2022-10-13 11:28:42,330 [pool-218-thread-1] INFO  server.RaftServer$Division (RaftServerImpl.java:<init>(190)) - e6e6f4e0-cab5-400e-aa02-aaa4db568b90: new RaftServerImpl for group-A6960E8EB4F8:[8d6e4cdb-fad5-4da7-a1e6-63da48c44a59|rpc:10.1.0.139:43781|priority:0, 9955ffcb-bd67-4d70-a6ef-07cfdefe4b35|rpc:10.1.0.139:42729|priority:1, e6e6f4e0-cab5-400e-aa02-aaa4db568b90|rpc:10.1.0.139:36441|priority:0] with ContainerStateMachine:uninitialized
2022-10-13 11:28:42,330 [pool-218-thread-1] INFO  server.RaftServerConfigKeys (ConfUtils.java:logGet(46)) - raft.server.rpc.timeout.min = 5s (custom)
2022-10-13 11:28:42,330 [pool-218-thread-1] INFO  server.RaftServerConfigKeys (ConfUtils.java:logGet(46)) - raft.server.rpc.timeout.max = 5200ms (custom)
2022-10-13 11:28:42,330 [pool-218-thread-1] INFO  server.RaftServerConfigKeys (ConfUtils.java:logGet(46)) - raft.server.rpc.sleep.time = 25ms (default)
2022-10-13 11:28:42,330 [pool-218-thread-1] INFO  server.RaftServerConfigKeys (ConfUtils.java:logGet(46)) - raft.server.rpc.slowness.timeout = 300s (custom)
2022-10-13 11:28:42,330 [pool-218-thread-1] INFO  server.RaftServerConfigKeys (ConfUtils.java:logGet(46)) - raft.server.leaderelection.leader.step-down.wait-time = 10s (default)
2022-10-13 11:28:42,331 [pool-218-thread-1] INFO  server.RaftServerConfigKeys (ConfUtils.java:logGet(46)) - raft.server.sleep.deviation.threshold = 300ms (default)
2022-10-13 11:28:42,331 [pool-218-thread-1] INFO  server.RaftServer$Division (ServerState.java:<init>(107)) - e6e6f4e0-cab5-400e-aa02-aaa4db568b90@group-A6960E8EB4F8: ConfigurationManager, init=-1: [8d6e4cdb-fad5-4da7-a1e6-63da48c44a59|rpc:10.1.0.139:43781|priority:0, 9955ffcb-bd67-4d70-a6ef-07cfdefe4b35|rpc:10.1.0.139:42729|priority:1, e6e6f4e0-cab5-400e-aa02-aaa4db568b90|rpc:10.1.0.139:36441|priority:0], old=null, confs=<EMPTY_MAP>
2022-10-13 11:28:42,331 [pool-218-thread-1] INFO  server.RaftServerConfigKeys (ConfUtils.java:logGet(46)) - raft.server.storage.dir = [/home/runner/work/ozone/ozone/hadoop-ozone/integration-test/target/test-dir/MiniOzoneClusterImpl-e80e85d6-a50a-47d0-a504-2468c00e5ca2/datanode-0/data/ratis] (custom)
2022-10-13 11:28:42,331 [pool-218-thread-1] INFO  server.RaftServerConfigKeys (ConfUtils.java:logGet(46)) - raft.server.log.corruption.policy = EXCEPTION (default)
2022-10-13 11:28:42,331 [pool-218-thread-1] INFO  server.RaftServerConfigKeys (ConfUtils.java:logGet(46)) - raft.server.storage.free-space.min = 0MB (=0) (default)
2022-10-13 11:28:42,331 [pool-218-thread-1] INFO  storage.RaftStorageDirectory (RaftStorageDirectoryImpl.java:analyzeStorage(135)) - The storage directory /home/runner/work/ozone/ozone/hadoop-ozone/integration-test/target/test-dir/MiniOzoneClusterImpl-e80e85d6-a50a-47d0-a504-2468c00e5ca2/datanode-0/data/ratis/27a90694-cd37-4ec7-9bc7-a6960e8eb4f8 does not exist. Creating ...
2022-10-13 11:28:42,333 [pool-218-thread-1] INFO  storage.RaftStorageDirectory (RaftStorageDirectoryImpl.java:tryLock(230)) - Lock on /home/runner/work/ozone/ozone/hadoop-ozone/integration-test/target/test-dir/MiniOzoneClusterImpl-e80e85d6-a50a-47d0-a504-2468c00e5ca2/datanode-0/data/ratis/27a90694-cd37-4ec7-9bc7-a6960e8eb4f8/in_use.lock acquired by nodename 2264@fv-az447-90
2022-10-13 11:28:42,335 [pool-218-thread-1] INFO  storage.RaftStorage (RaftStorageImpl.java:format(89)) - Storage directory /home/runner/work/ozone/ozone/hadoop-ozone/integration-test/target/test-dir/MiniOzoneClusterImpl-e80e85d6-a50a-47d0-a504-2468c00e5ca2/datanode-0/data/ratis/27a90694-cd37-4ec7-9bc7-a6960e8eb4f8 has been successfully formatted.
2022-10-13 11:28:42,335 [pool-218-thread-1] INFO  ratis.ContainerStateMachine (ContainerStateMachine.java:loadSnapshot(236)) - group-A6960E8EB4F8: The snapshot info is null. Setting the last applied indexto:(t:0, i:~)
2022-10-13 11:28:42,336 [pool-218-thread-1] INFO  server.RaftServerConfigKeys (ConfUtils.java:logGet(46)) - raft.server.notification.no-leader.timeout = 300s (custom)
2022-10-13 11:28:42,336 [pool-218-thread-1] INFO  server.RaftServerConfigKeys (ConfUtils.java:logGet(46)) - raft.server.log.use.memory = false (default)
2022-10-13 11:28:42,336 [pool-218-thread-1] INFO  server.RaftServerConfigKeys (ConfUtils.java:logGet(46)) - raft.server.log.purge.gap = 1000000 (custom)
2022-10-13 11:28:42,336 [pool-218-thread-1] INFO  server.RaftServerConfigKeys (ConfUtils.java:logGet(46)) - raft.server.log.appender.buffer.byte-limit = 33554432 (custom)
2022-10-13 11:28:42,336 [pool-218-thread-1] INFO  server.RaftServerConfigKeys (ConfUtils.java:logGet(46)) - raft.server.log.statemachine.data.read.timeout = 1000ms (default)
2022-10-13 11:28:42,337 [pool-218-thread-1] INFO  server.RaftServerConfigKeys (ConfUtils.java:logGet(46)) - raft.server.log.segment.size.max = 1048576 (custom)
2022-10-13 11:28:42,337 [EventQueue-OpenPipelineForHealthyPipelineSafeModeRule] INFO  safemode.SCMSafeModeManager (HealthyPipelineSafeModeRule.java:process(137)) - SCM in safe mode. Healthy pipelines reported count is 0, required healthy pipeline reported count is 1
2022-10-13 11:28:42,337 [pool-218-thread-1] INFO  server.RaftServerConfigKeys (ConfUtils.java:logGet(46)) - raft.server.log.segment.cache.num.max = 2 (custom)
2022-10-13 11:28:42,337 [pool-218-thread-1] INFO  server.RaftServerConfigKeys (ConfUtils.java:logGet(46)) - raft.server.log.segment.cache.size.max = 200MB (=209715200) (default)
2022-10-13 11:28:42,337 [pool-218-thread-1] INFO  segmented.SegmentedRaftLogWorker (SegmentedRaftLogWorker.java:<init>(187)) - new e6e6f4e0-cab5-400e-aa02-aaa4db568b90@group-A6960E8EB4F8-SegmentedRaftLogWorker for RaftStorageImpl:Storage Directory /home/runner/work/ozone/ozone/hadoop-ozone/integration-test/target/test-dir/MiniOzoneClusterImpl-e80e85d6-a50a-47d0-a504-2468c00e5ca2/datanode-0/data/ratis/27a90694-cd37-4ec7-9bc7-a6960e8eb4f8
2022-10-13 11:28:42,337 [pool-218-thread-1] INFO  server.RaftServerConfigKeys (ConfUtils.java:logGet(46)) - raft.server.log.queue.byte-limit = 4294967296 (custom)
2022-10-13 11:28:42,337 [pool-218-thread-1] INFO  server.RaftServerConfigKeys (ConfUtils.java:logGet(46)) - raft.server.log.queue.element-limit = 1024 (custom)
2022-10-13 11:28:42,338 [pool-218-thread-1] INFO  server.RaftServerConfigKeys (ConfUtils.java:logGet(46)) - raft.server.log.segment.size.max = 1048576 (custom)
2022-10-13 11:28:42,338 [pool-218-thread-1] INFO  server.RaftServerConfigKeys (ConfUtils.java:logGet(46)) - raft.server.log.preallocated.size = 16384 (custom)
2022-10-13 11:28:42,338 [pool-218-thread-1] INFO  server.RaftServerConfigKeys (ConfUtils.java:logGet(46)) - raft.server.log.force.sync.num = 128 (default)
2022-10-13 11:28:42,338 [pool-218-thread-1] INFO  server.RaftServerConfigKeys (ConfUtils.java:logGet(46)) - raft.server.log.statemachine.data.sync = true (default)
2022-10-13 11:28:42,338 [pool-218-thread-1] INFO  server.RaftServerConfigKeys (ConfUtils.java:logGet(46)) - raft.server.log.statemachine.data.sync.timeout = 10s (default)
2022-10-13 11:28:42,338 [pool-218-thread-1] INFO  server.RaftServerConfigKeys (ConfUtils.java:logGet(46)) - raft.server.log.statemachine.data.sync.timeout.retry = -1 (default)
2022-10-13 11:28:42,339 [pool-218-thread-1] INFO  server.RaftServerConfigKeys (ConfUtils.java:logGet(46)) - raft.server.log.write.buffer.size = 1048576 (custom)
2022-10-13 11:28:42,340 [pool-218-thread-1] INFO  server.RaftServerConfigKeys (ConfUtils.java:logGet(46)) - raft.server.log.unsafe-flush.enabled = false (default)
2022-10-13 11:28:42,340 [pool-218-thread-1] INFO  server.RaftServerConfigKeys (ConfUtils.java:logGet(46)) - raft.server.log.statemachine.data.caching.enabled = true (custom)
2022-10-13 11:28:42,340 [pool-218-thread-1] INFO  segmented.SegmentedRaftLogWorker (SegmentedRaftLogWorker.java:lambda$new$0(135)) - e6e6f4e0-cab5-400e-aa02-aaa4db568b90@group-A6960E8EB4F8-SegmentedRaftLogWorker: flushIndex: setUnconditionally 0 -> -1
2022-10-13 11:28:42,340 [pool-218-thread-1] INFO  segmented.SegmentedRaftLogWorker (SegmentedRaftLogWorker.java:lambda$new$0(135)) - e6e6f4e0-cab5-400e-aa02-aaa4db568b90@group-A6960E8EB4F8-SegmentedRaftLogWorker: safeCacheEvictIndex: setUnconditionally 0 -> -1
2022-10-13 11:28:42,341 [pool-218-thread-1] INFO  server.RaftServerConfigKeys (ConfUtils.java:logGet(46)) - raft.server.snapshot.auto.trigger.enabled = true (custom)
2022-10-13 11:28:42,341 [pool-218-thread-1] INFO  server.RaftServerConfigKeys (ConfUtils.java:logGet(46)) - raft.server.snapshot.auto.trigger.threshold = 10000 (custom)
2022-10-13 11:28:42,341 [pool-218-thread-1] INFO  server.RaftServerConfigKeys (ConfUtils.java:logGet(46)) - raft.server.snapshot.retention.file.num = 5 (custom)
2022-10-13 11:28:42,342 [pool-218-thread-1] INFO  server.RaftServerConfigKeys (ConfUtils.java:logGet(46)) - raft.server.log.purge.upto.snapshot.index = false (default)
2022-10-13 11:28:42,342 [pool-218-thread-1] INFO  server.RaftServerConfigKeys (ConfUtils.java:logGet(46)) - raft.server.retrycache.expirytime = 600000ms (custom)
2022-10-13 11:28:42,342 [pool-218-thread-1] INFO  server.RaftServerConfigKeys (ConfUtils.java:logGet(46)) - raft.server.retrycache.statistics.expirytime = 100μs (default)
2022-10-13 11:28:42,343 [pool-218-thread-1] INFO  server.RaftServerConfigKeys (ConfUtils.java:logGet(46)) - raft.server.log.appender.install.snapshot.enabled = false (custom)
2022-10-13 11:28:42,343 [pool-218-thread-1] INFO  server.RaftServerConfigKeys (ConfUtils.java:logGet(46)) - raft.server.threadpool.server.cached = true (default)
2022-10-13 11:28:42,343 [pool-218-thread-1] INFO  server.RaftServerConfigKeys (ConfUtils.java:logGet(46)) - raft.server.threadpool.server.size = 0 (default)
2022-10-13 11:28:42,343 [pool-218-thread-1] INFO  server.RaftServerConfigKeys (ConfUtils.java:logGet(46)) - raft.server.threadpool.client.cached = true (default)
2022-10-13 11:28:42,343 [pool-218-thread-1] INFO  server.RaftServerConfigKeys (ConfUtils.java:logGet(46)) - raft.server.threadpool.client.size = 0 (default)
2022-10-13 11:28:42,343 [pool-218-thread-1] INFO  server.RaftServer$Division (RaftServerImpl.java:start(310)) - e6e6f4e0-cab5-400e-aa02-aaa4db568b90@group-A6960E8EB4F8: start as a follower, conf=-1: [8d6e4cdb-fad5-4da7-a1e6-63da48c44a59|rpc:10.1.0.139:43781|priority:0, 9955ffcb-bd67-4d70-a6ef-07cfdefe4b35|rpc:10.1.0.139:42729|priority:1, e6e6f4e0-cab5-400e-aa02-aaa4db568b90|rpc:10.1.0.139:36441|priority:0], old=null
2022-10-13 11:28:42,344 [pool-218-thread-1] INFO  server.RaftServer$Division (RaftServerImpl.java:setRole(299)) - e6e6f4e0-cab5-400e-aa02-aaa4db568b90@group-A6960E8EB4F8: changes role from      null to FOLLOWER at term 0 for startAsFollower
2022-10-13 11:28:42,344 [pool-218-thread-1] INFO  impl.RoleInfo (RoleInfo.java:updateAndGet(139)) - e6e6f4e0-cab5-400e-aa02-aaa4db568b90: start e6e6f4e0-cab5-400e-aa02-aaa4db568b90@group-A6960E8EB4F8-FollowerState
2022-10-13 11:28:42,344 [pool-218-thread-1] INFO  util.JmxRegister (JmxRegister.java:tryRegister(44)) - Successfully registered JMX Bean with object name Ratis:service=RaftServer,group=group-A6960E8EB4F8,id=e6e6f4e0-cab5-400e-aa02-aaa4db568b90
2022-10-13 11:28:42,344 [Command processor thread] INFO  ratis.XceiverServerRatis (XceiverServerRatis.java:addGroup(765)) - Created group PipelineID=27a90694-cd37-4ec7-9bc7-a6960e8eb4f8
2022-10-13 11:28:42,370 [grpc-default-executor-0] INFO  server.RaftServer (RaftServerProxy.java:addNew(96)) - 9955ffcb-bd67-4d70-a6ef-07cfdefe4b35: addNew group-A6960E8EB4F8:[8d6e4cdb-fad5-4da7-a1e6-63da48c44a59|rpc:10.1.0.139:43781|dataStream:|priority:0, 9955ffcb-bd67-4d70-a6ef-07cfdefe4b35|rpc:10.1.0.139:42729|dataStream:|priority:1, e6e6f4e0-cab5-400e-aa02-aaa4db568b90|rpc:10.1.0.139:36441|dataStream:|priority:0] returns group-A6960E8EB4F8:java.util.concurrent.CompletableFuture@7f583318[Not completed]
2022-10-13 11:28:42,371 [pool-241-thread-1] INFO  server.RaftServer$Division (RaftServerImpl.java:<init>(190)) - 9955ffcb-bd67-4d70-a6ef-07cfdefe4b35: new RaftServerImpl for group-A6960E8EB4F8:[8d6e4cdb-fad5-4da7-a1e6-63da48c44a59|rpc:10.1.0.139:43781|dataStream:|priority:0, 9955ffcb-bd67-4d70-a6ef-07cfdefe4b35|rpc:10.1.0.139:42729|dataStream:|priority:1, e6e6f4e0-cab5-400e-aa02-aaa4db568b90|rpc:10.1.0.139:36441|dataStream:|priority:0] with ContainerStateMachine:uninitialized
2022-10-13 11:28:42,372 [pool-241-thread-1] INFO  server.RaftServerConfigKeys (ConfUtils.java:logGet(46)) - raft.server.rpc.timeout.min = 5s (custom)
2022-10-13 11:28:42,372 [pool-241-thread-1] INFO  server.RaftServerConfigKeys (ConfUtils.java:logGet(46)) - raft.server.rpc.timeout.max = 5200ms (custom)
2022-10-13 11:28:42,372 [pool-241-thread-1] INFO  server.RaftServerConfigKeys (ConfUtils.java:logGet(46)) - raft.server.rpc.sleep.time = 25ms (default)
2022-10-13 11:28:42,372 [pool-241-thread-1] INFO  server.RaftServerConfigKeys (ConfUtils.java:logGet(46)) - raft.server.rpc.slowness.timeout = 300s (custom)
2022-10-13 11:28:42,372 [pool-241-thread-1] INFO  server.RaftServerConfigKeys (ConfUtils.java:logGet(46)) - raft.server.leaderelection.leader.step-down.wait-time = 10s (default)
2022-10-13 11:28:42,373 [pool-241-thread-1] INFO  server.RaftServerConfigKeys (ConfUtils.java:logGet(46)) - raft.server.sleep.deviation.threshold = 300ms (default)
2022-10-13 11:28:42,373 [pool-241-thread-1] INFO  server.RaftServer$Division (ServerState.java:<init>(107)) - 9955ffcb-bd67-4d70-a6ef-07cfdefe4b35@group-A6960E8EB4F8: ConfigurationManager, init=-1: [8d6e4cdb-fad5-4da7-a1e6-63da48c44a59|rpc:10.1.0.139:43781|dataStream:|priority:0, 9955ffcb-bd67-4d70-a6ef-07cfdefe4b35|rpc:10.1.0.139:42729|dataStream:|priority:1, e6e6f4e0-cab5-400e-aa02-aaa4db568b90|rpc:10.1.0.139:36441|dataStream:|priority:0], old=null, confs=<EMPTY_MAP>
2022-10-13 11:28:42,373 [pool-241-thread-1] INFO  server.RaftServerConfigKeys (ConfUtils.java:logGet(46)) - raft.server.storage.dir = [/home/runner/work/ozone/ozone/hadoop-ozone/integration-test/target/test-dir/MiniOzoneClusterImpl-e80e85d6-a50a-47d0-a504-2468c00e5ca2/datanode-1/data/ratis] (custom)
2022-10-13 11:28:42,373 [pool-241-thread-1] INFO  server.RaftServerConfigKeys (ConfUtils.java:logGet(46)) - raft.server.log.corruption.policy = EXCEPTION (default)
2022-10-13 11:28:42,373 [pool-241-thread-1] INFO  server.RaftServerConfigKeys (ConfUtils.java:logGet(46)) - raft.server.storage.free-space.min = 0MB (=0) (default)
2022-10-13 11:28:42,373 [pool-241-thread-1] INFO  storage.RaftStorageDirectory (RaftStorageDirectoryImpl.java:analyzeStorage(135)) - The storage directory /home/runner/work/ozone/ozone/hadoop-ozone/integration-test/target/test-dir/MiniOzoneClusterImpl-e80e85d6-a50a-47d0-a504-2468c00e5ca2/datanode-1/data/ratis/27a90694-cd37-4ec7-9bc7-a6960e8eb4f8 does not exist. Creating ...
2022-10-13 11:28:42,374 [pool-241-thread-1] INFO  storage.RaftStorageDirectory (RaftStorageDirectoryImpl.java:tryLock(230)) - Lock on /home/runner/work/ozone/ozone/hadoop-ozone/integration-test/target/test-dir/MiniOzoneClusterImpl-e80e85d6-a50a-47d0-a504-2468c00e5ca2/datanode-1/data/ratis/27a90694-cd37-4ec7-9bc7-a6960e8eb4f8/in_use.lock acquired by nodename 2264@fv-az447-90
2022-10-13 11:28:42,378 [pool-241-thread-1] INFO  storage.RaftStorage (RaftStorageImpl.java:format(89)) - Storage directory /home/runner/work/ozone/ozone/hadoop-ozone/integration-test/target/test-dir/MiniOzoneClusterImpl-e80e85d6-a50a-47d0-a504-2468c00e5ca2/datanode-1/data/ratis/27a90694-cd37-4ec7-9bc7-a6960e8eb4f8 has been successfully formatted.
2022-10-13 11:28:42,379 [pool-241-thread-1] INFO  ratis.ContainerStateMachine (ContainerStateMachine.java:loadSnapshot(236)) - group-A6960E8EB4F8: The snapshot info is null. Setting the last applied indexto:(t:0, i:~)
2022-10-13 11:28:42,379 [pool-241-thread-1] INFO  server.RaftServerConfigKeys (ConfUtils.java:logGet(46)) - raft.server.notification.no-leader.timeout = 300s (custom)
2022-10-13 11:28:42,379 [pool-241-thread-1] INFO  server.RaftServerConfigKeys (ConfUtils.java:logGet(46)) - raft.server.log.use.memory = false (default)
2022-10-13 11:28:42,379 [pool-241-thread-1] INFO  server.RaftServerConfigKeys (ConfUtils.java:logGet(46)) - raft.server.log.purge.gap = 1000000 (custom)
2022-10-13 11:28:42,379 [pool-241-thread-1] INFO  server.RaftServerConfigKeys (ConfUtils.java:logGet(46)) - raft.server.log.appender.buffer.byte-limit = 33554432 (custom)
2022-10-13 11:28:42,380 [pool-241-thread-1] INFO  server.RaftServerConfigKeys (ConfUtils.java:logGet(46)) - raft.server.log.statemachine.data.read.timeout = 1000ms (default)
2022-10-13 11:28:42,381 [pool-241-thread-1] INFO  server.RaftServerConfigKeys (ConfUtils.java:logGet(46)) - raft.server.log.segment.size.max = 1048576 (custom)
2022-10-13 11:28:42,382 [pool-241-thread-1] INFO  server.RaftServerConfigKeys (ConfUtils.java:logGet(46)) - raft.server.log.segment.cache.num.max = 2 (custom)
2022-10-13 11:28:42,382 [pool-241-thread-1] INFO  server.RaftServerConfigKeys (ConfUtils.java:logGet(46)) - raft.server.log.segment.cache.size.max = 200MB (=209715200) (default)
2022-10-13 11:28:42,382 [pool-241-thread-1] INFO  segmented.SegmentedRaftLogWorker (SegmentedRaftLogWorker.java:<init>(187)) - new 9955ffcb-bd67-4d70-a6ef-07cfdefe4b35@group-A6960E8EB4F8-SegmentedRaftLogWorker for RaftStorageImpl:Storage Directory /home/runner/work/ozone/ozone/hadoop-ozone/integration-test/target/test-dir/MiniOzoneClusterImpl-e80e85d6-a50a-47d0-a504-2468c00e5ca2/datanode-1/data/ratis/27a90694-cd37-4ec7-9bc7-a6960e8eb4f8
2022-10-13 11:28:42,382 [pool-241-thread-1] INFO  server.RaftServerConfigKeys (ConfUtils.java:logGet(46)) - raft.server.log.queue.byte-limit = 4294967296 (custom)
2022-10-13 11:28:42,382 [pool-241-thread-1] INFO  server.RaftServerConfigKeys (ConfUtils.java:logGet(46)) - raft.server.log.queue.element-limit = 1024 (custom)
2022-10-13 11:28:42,382 [pool-241-thread-1] INFO  server.RaftServerConfigKeys (ConfUtils.java:logGet(46)) - raft.server.log.segment.size.max = 1048576 (custom)
2022-10-13 11:28:42,382 [pool-241-thread-1] INFO  server.RaftServerConfigKeys (ConfUtils.java:logGet(46)) - raft.server.log.preallocated.size = 16384 (custom)
2022-10-13 11:28:42,382 [pool-241-thread-1] INFO  server.RaftServerConfigKeys (ConfUtils.java:logGet(46)) - raft.server.log.force.sync.num = 128 (default)
2022-10-13 11:28:42,382 [pool-241-thread-1] INFO  server.RaftServerConfigKeys (ConfUtils.java:logGet(46)) - raft.server.log.statemachine.data.sync = true (default)
2022-10-13 11:28:42,382 [pool-241-thread-1] INFO  server.RaftServerConfigKeys (ConfUtils.java:logGet(46)) - raft.server.log.statemachine.data.sync.timeout = 10s (default)
2022-10-13 11:28:42,382 [pool-241-thread-1] INFO  server.RaftServerConfigKeys (ConfUtils.java:logGet(46)) - raft.server.log.statemachine.data.sync.timeout.retry = -1 (default)
2022-10-13 11:28:42,383 [pool-241-thread-1] INFO  server.RaftServerConfigKeys (ConfUtils.java:logGet(46)) - raft.server.log.write.buffer.size = 1048576 (custom)
2022-10-13 11:28:42,384 [pool-241-thread-1] INFO  server.RaftServerConfigKeys (ConfUtils.java:logGet(46)) - raft.server.log.unsafe-flush.enabled = false (default)
2022-10-13 11:28:42,384 [pool-241-thread-1] INFO  server.RaftServerConfigKeys (ConfUtils.java:logGet(46)) - raft.server.log.statemachine.data.caching.enabled = true (custom)
2022-10-13 11:28:42,384 [pool-241-thread-1] INFO  segmented.SegmentedRaftLogWorker (SegmentedRaftLogWorker.java:lambda$new$0(135)) - 9955ffcb-bd67-4d70-a6ef-07cfdefe4b35@group-A6960E8EB4F8-SegmentedRaftLogWorker: flushIndex: setUnconditionally 0 -> -1
2022-10-13 11:28:42,384 [pool-241-thread-1] INFO  segmented.SegmentedRaftLogWorker (SegmentedRaftLogWorker.java:lambda$new$0(135)) - 9955ffcb-bd67-4d70-a6ef-07cfdefe4b35@group-A6960E8EB4F8-SegmentedRaftLogWorker: safeCacheEvictIndex: setUnconditionally 0 -> -1
2022-10-13 11:28:42,385 [pool-241-thread-1] INFO  server.RaftServerConfigKeys (ConfUtils.java:logGet(46)) - raft.server.snapshot.auto.trigger.enabled = true (custom)
2022-10-13 11:28:42,385 [pool-241-thread-1] INFO  server.RaftServerConfigKeys (ConfUtils.java:logGet(46)) - raft.server.snapshot.auto.trigger.threshold = 10000 (custom)
2022-10-13 11:28:42,385 [pool-241-thread-1] INFO  server.RaftServerConfigKeys (ConfUtils.java:logGet(46)) - raft.server.snapshot.retention.file.num = 5 (custom)
2022-10-13 11:28:42,385 [pool-241-thread-1] INFO  server.RaftServerConfigKeys (ConfUtils.java:logGet(46)) - raft.server.log.purge.upto.snapshot.index = false (default)
2022-10-13 11:28:42,385 [pool-241-thread-1] INFO  server.RaftServerConfigKeys (ConfUtils.java:logGet(46)) - raft.server.retrycache.expirytime = 600000ms (custom)
2022-10-13 11:28:42,385 [pool-241-thread-1] INFO  server.RaftServerConfigKeys (ConfUtils.java:logGet(46)) - raft.server.retrycache.statistics.expirytime = 100μs (default)
2022-10-13 11:28:42,386 [pool-241-thread-1] INFO  server.RaftServerConfigKeys (ConfUtils.java:logGet(46)) - raft.server.log.appender.install.snapshot.enabled = false (custom)
2022-10-13 11:28:42,386 [pool-241-thread-1] INFO  server.RaftServerConfigKeys (ConfUtils.java:logGet(46)) - raft.server.threadpool.server.cached = true (default)
2022-10-13 11:28:42,386 [pool-241-thread-1] INFO  server.RaftServerConfigKeys (ConfUtils.java:logGet(46)) - raft.server.threadpool.server.size = 0 (default)
2022-10-13 11:28:42,387 [pool-241-thread-1] INFO  server.RaftServerConfigKeys (ConfUtils.java:logGet(46)) - raft.server.threadpool.client.cached = true (default)
2022-10-13 11:28:42,387 [pool-241-thread-1] INFO  server.RaftServerConfigKeys (ConfUtils.java:logGet(46)) - raft.server.threadpool.client.size = 0 (default)
2022-10-13 11:28:42,387 [pool-241-thread-1] INFO  server.RaftServer$Division (RaftServerImpl.java:start(310)) - 9955ffcb-bd67-4d70-a6ef-07cfdefe4b35@group-A6960E8EB4F8: start as a follower, conf=-1: [8d6e4cdb-fad5-4da7-a1e6-63da48c44a59|rpc:10.1.0.139:43781|dataStream:|priority:0, 9955ffcb-bd67-4d70-a6ef-07cfdefe4b35|rpc:10.1.0.139:42729|dataStream:|priority:1, e6e6f4e0-cab5-400e-aa02-aaa4db568b90|rpc:10.1.0.139:36441|dataStream:|priority:0], old=null
2022-10-13 11:28:42,387 [pool-241-thread-1] INFO  server.RaftServer$Division (RaftServerImpl.java:setRole(299)) - 9955ffcb-bd67-4d70-a6ef-07cfdefe4b35@group-A6960E8EB4F8: changes role from      null to FOLLOWER at term 0 for startAsFollower
2022-10-13 11:28:42,387 [pool-241-thread-1] INFO  impl.RoleInfo (RoleInfo.java:updateAndGet(139)) - 9955ffcb-bd67-4d70-a6ef-07cfdefe4b35: start 9955ffcb-bd67-4d70-a6ef-07cfdefe4b35@group-A6960E8EB4F8-FollowerState
2022-10-13 11:28:42,389 [pool-241-thread-1] INFO  util.JmxRegister (JmxRegister.java:tryRegister(44)) - Successfully registered JMX Bean with object name Ratis:service=RaftServer,group=group-A6960E8EB4F8,id=9955ffcb-bd67-4d70-a6ef-07cfdefe4b35
2022-10-13 11:28:42,427 [grpc-default-executor-0] INFO  server.RaftServer (RaftServerProxy.java:addNew(96)) - 8d6e4cdb-fad5-4da7-a1e6-63da48c44a59: addNew group-A6960E8EB4F8:[8d6e4cdb-fad5-4da7-a1e6-63da48c44a59|rpc:10.1.0.139:43781|dataStream:|priority:0, 9955ffcb-bd67-4d70-a6ef-07cfdefe4b35|rpc:10.1.0.139:42729|dataStream:|priority:1, e6e6f4e0-cab5-400e-aa02-aaa4db568b90|rpc:10.1.0.139:36441|dataStream:|priority:0] returns group-A6960E8EB4F8:java.util.concurrent.CompletableFuture@37dca93b[Not completed]
2022-10-13 11:28:42,429 [pool-264-thread-1] INFO  server.RaftServer$Division (RaftServerImpl.java:<init>(190)) - 8d6e4cdb-fad5-4da7-a1e6-63da48c44a59: new RaftServerImpl for group-A6960E8EB4F8:[8d6e4cdb-fad5-4da7-a1e6-63da48c44a59|rpc:10.1.0.139:43781|dataStream:|priority:0, 9955ffcb-bd67-4d70-a6ef-07cfdefe4b35|rpc:10.1.0.139:42729|dataStream:|priority:1, e6e6f4e0-cab5-400e-aa02-aaa4db568b90|rpc:10.1.0.139:36441|dataStream:|priority:0] with ContainerStateMachine:uninitialized
2022-10-13 11:28:42,430 [pool-264-thread-1] INFO  server.RaftServerConfigKeys (ConfUtils.java:logGet(46)) - raft.server.rpc.timeout.min = 5s (custom)
2022-10-13 11:28:42,430 [pool-264-thread-1] INFO  server.RaftServerConfigKeys (ConfUtils.java:logGet(46)) - raft.server.rpc.timeout.max = 5200ms (custom)
2022-10-13 11:28:42,430 [pool-264-thread-1] INFO  server.RaftServerConfigKeys (ConfUtils.java:logGet(46)) - raft.server.rpc.sleep.time = 25ms (default)
2022-10-13 11:28:42,430 [pool-264-thread-1] INFO  server.RaftServerConfigKeys (ConfUtils.java:logGet(46)) - raft.server.rpc.slowness.timeout = 300s (custom)
2022-10-13 11:28:42,430 [pool-264-thread-1] INFO  server.RaftServerConfigKeys (ConfUtils.java:logGet(46)) - raft.server.leaderelection.leader.step-down.wait-time = 10s (default)
2022-10-13 11:28:42,431 [pool-264-thread-1] INFO  server.RaftServerConfigKeys (ConfUtils.java:logGet(46)) - raft.server.sleep.deviation.threshold = 300ms (default)
2022-10-13 11:28:42,432 [pool-264-thread-1] INFO  server.RaftServer$Division (ServerState.java:<init>(107)) - 8d6e4cdb-fad5-4da7-a1e6-63da48c44a59@group-A6960E8EB4F8: ConfigurationManager, init=-1: [8d6e4cdb-fad5-4da7-a1e6-63da48c44a59|rpc:10.1.0.139:43781|dataStream:|priority:0, 9955ffcb-bd67-4d70-a6ef-07cfdefe4b35|rpc:10.1.0.139:42729|dataStream:|priority:1, e6e6f4e0-cab5-400e-aa02-aaa4db568b90|rpc:10.1.0.139:36441|dataStream:|priority:0], old=null, confs=<EMPTY_MAP>
2022-10-13 11:28:42,432 [pool-264-thread-1] INFO  server.RaftServerConfigKeys (ConfUtils.java:logGet(46)) - raft.server.storage.dir = [/home/runner/work/ozone/ozone/hadoop-ozone/integration-test/target/test-dir/MiniOzoneClusterImpl-e80e85d6-a50a-47d0-a504-2468c00e5ca2/datanode-2/data/ratis] (custom)
2022-10-13 11:28:42,432 [pool-264-thread-1] INFO  server.RaftServerConfigKeys (ConfUtils.java:logGet(46)) - raft.server.log.corruption.policy = EXCEPTION (default)
2022-10-13 11:28:42,432 [pool-264-thread-1] INFO  server.RaftServerConfigKeys (ConfUtils.java:logGet(46)) - raft.server.storage.free-space.min = 0MB (=0) (default)
2022-10-13 11:28:42,432 [pool-264-thread-1] INFO  storage.RaftStorageDirectory (RaftStorageDirectoryImpl.java:analyzeStorage(135)) - The storage directory /home/runner/work/ozone/ozone/hadoop-ozone/integration-test/target/test-dir/MiniOzoneClusterImpl-e80e85d6-a50a-47d0-a504-2468c00e5ca2/datanode-2/data/ratis/27a90694-cd37-4ec7-9bc7-a6960e8eb4f8 does not exist. Creating ...
2022-10-13 11:28:42,435 [pool-264-thread-1] INFO  storage.RaftStorageDirectory (RaftStorageDirectoryImpl.java:tryLock(230)) - Lock on /home/runner/work/ozone/ozone/hadoop-ozone/integration-test/target/test-dir/MiniOzoneClusterImpl-e80e85d6-a50a-47d0-a504-2468c00e5ca2/datanode-2/data/ratis/27a90694-cd37-4ec7-9bc7-a6960e8eb4f8/in_use.lock acquired by nodename 2264@fv-az447-90
2022-10-13 11:28:42,438 [pool-264-thread-1] INFO  storage.RaftStorage (RaftStorageImpl.java:format(89)) - Storage directory /home/runner/work/ozone/ozone/hadoop-ozone/integration-test/target/test-dir/MiniOzoneClusterImpl-e80e85d6-a50a-47d0-a504-2468c00e5ca2/datanode-2/data/ratis/27a90694-cd37-4ec7-9bc7-a6960e8eb4f8 has been successfully formatted.
2022-10-13 11:28:42,438 [pool-264-thread-1] INFO  ratis.ContainerStateMachine (ContainerStateMachine.java:loadSnapshot(236)) - group-A6960E8EB4F8: The snapshot info is null. Setting the last applied indexto:(t:0, i:~)
2022-10-13 11:28:42,438 [pool-264-thread-1] INFO  server.RaftServerConfigKeys (ConfUtils.java:logGet(46)) - raft.server.notification.no-leader.timeout = 300s (custom)
2022-10-13 11:28:42,438 [pool-264-thread-1] INFO  server.RaftServerConfigKeys (ConfUtils.java:logGet(46)) - raft.server.log.use.memory = false (default)
2022-10-13 11:28:42,438 [pool-264-thread-1] INFO  server.RaftServerConfigKeys (ConfUtils.java:logGet(46)) - raft.server.log.purge.gap = 1000000 (custom)
2022-10-13 11:28:42,439 [pool-264-thread-1] INFO  server.RaftServerConfigKeys (ConfUtils.java:logGet(46)) - raft.server.log.appender.buffer.byte-limit = 33554432 (custom)
2022-10-13 11:28:42,439 [pool-264-thread-1] INFO  server.RaftServerConfigKeys (ConfUtils.java:logGet(46)) - raft.server.log.statemachine.data.read.timeout = 1000ms (default)
2022-10-13 11:28:42,439 [pool-264-thread-1] INFO  server.RaftServerConfigKeys (ConfUtils.java:logGet(46)) - raft.server.log.segment.size.max = 1048576 (custom)
2022-10-13 11:28:42,439 [pool-264-thread-1] INFO  server.RaftServerConfigKeys (ConfUtils.java:logGet(46)) - raft.server.log.segment.cache.num.max = 2 (custom)
2022-10-13 11:28:42,440 [pool-264-thread-1] INFO  server.RaftServerConfigKeys (ConfUtils.java:logGet(46)) - raft.server.log.segment.cache.size.max = 200MB (=209715200) (default)
2022-10-13 11:28:42,440 [pool-264-thread-1] INFO  segmented.SegmentedRaftLogWorker (SegmentedRaftLogWorker.java:<init>(187)) - new 8d6e4cdb-fad5-4da7-a1e6-63da48c44a59@group-A6960E8EB4F8-SegmentedRaftLogWorker for RaftStorageImpl:Storage Directory /home/runner/work/ozone/ozone/hadoop-ozone/integration-test/target/test-dir/MiniOzoneClusterImpl-e80e85d6-a50a-47d0-a504-2468c00e5ca2/datanode-2/data/ratis/27a90694-cd37-4ec7-9bc7-a6960e8eb4f8
2022-10-13 11:28:42,440 [pool-264-thread-1] INFO  server.RaftServerConfigKeys (ConfUtils.java:logGet(46)) - raft.server.log.queue.byte-limit = 4294967296 (custom)
2022-10-13 11:28:42,440 [pool-264-thread-1] INFO  server.RaftServerConfigKeys (ConfUtils.java:logGet(46)) - raft.server.log.queue.element-limit = 1024 (custom)
2022-10-13 11:28:42,440 [pool-264-thread-1] INFO  server.RaftServerConfigKeys (ConfUtils.java:logGet(46)) - raft.server.log.segment.size.max = 1048576 (custom)
2022-10-13 11:28:42,440 [pool-264-thread-1] INFO  server.RaftServerConfigKeys (ConfUtils.java:logGet(46)) - raft.server.log.preallocated.size = 16384 (custom)
2022-10-13 11:28:42,440 [pool-264-thread-1] INFO  server.RaftServerConfigKeys (ConfUtils.java:logGet(46)) - raft.server.log.force.sync.num = 128 (default)
2022-10-13 11:28:42,440 [pool-264-thread-1] INFO  server.RaftServerConfigKeys (ConfUtils.java:logGet(46)) - raft.server.log.statemachine.data.sync = true (default)
2022-10-13 11:28:42,440 [pool-264-thread-1] INFO  server.RaftServerConfigKeys (ConfUtils.java:logGet(46)) - raft.server.log.statemachine.data.sync.timeout = 10s (default)
2022-10-13 11:28:42,440 [pool-264-thread-1] INFO  server.RaftServerConfigKeys (ConfUtils.java:logGet(46)) - raft.server.log.statemachine.data.sync.timeout.retry = -1 (default)
2022-10-13 11:28:42,441 [pool-264-thread-1] INFO  server.RaftServerConfigKeys (ConfUtils.java:logGet(46)) - raft.server.log.write.buffer.size = 1048576 (custom)
2022-10-13 11:28:42,441 [pool-264-thread-1] INFO  server.RaftServerConfigKeys (ConfUtils.java:logGet(46)) - raft.server.log.unsafe-flush.enabled = false (default)
2022-10-13 11:28:42,441 [pool-264-thread-1] INFO  server.RaftServerConfigKeys (ConfUtils.java:logGet(46)) - raft.server.log.statemachine.data.caching.enabled = true (custom)
2022-10-13 11:28:42,442 [pool-264-thread-1] INFO  segmented.SegmentedRaftLogWorker (SegmentedRaftLogWorker.java:lambda$new$0(135)) - 8d6e4cdb-fad5-4da7-a1e6-63da48c44a59@group-A6960E8EB4F8-SegmentedRaftLogWorker: flushIndex: setUnconditionally 0 -> -1
2022-10-13 11:28:42,442 [pool-264-thread-1] INFO  segmented.SegmentedRaftLogWorker (SegmentedRaftLogWorker.java:lambda$new$0(135)) - 8d6e4cdb-fad5-4da7-a1e6-63da48c44a59@group-A6960E8EB4F8-SegmentedRaftLogWorker: safeCacheEvictIndex: setUnconditionally 0 -> -1
2022-10-13 11:28:42,445 [pool-264-thread-1] INFO  server.RaftServerConfigKeys (ConfUtils.java:logGet(46)) - raft.server.snapshot.auto.trigger.enabled = true (custom)
2022-10-13 11:28:42,445 [pool-264-thread-1] INFO  server.RaftServerConfigKeys (ConfUtils.java:logGet(46)) - raft.server.snapshot.auto.trigger.threshold = 10000 (custom)
2022-10-13 11:28:42,445 [pool-264-thread-1] INFO  server.RaftServerConfigKeys (ConfUtils.java:logGet(46)) - raft.server.snapshot.retention.file.num = 5 (custom)
2022-10-13 11:28:42,445 [pool-264-thread-1] INFO  server.RaftServerConfigKeys (ConfUtils.java:logGet(46)) - raft.server.log.purge.upto.snapshot.index = false (default)
2022-10-13 11:28:42,445 [pool-264-thread-1] INFO  server.RaftServerConfigKeys (ConfUtils.java:logGet(46)) - raft.server.retrycache.expirytime = 600000ms (custom)
2022-10-13 11:28:42,445 [pool-264-thread-1] INFO  server.RaftServerConfigKeys (ConfUtils.java:logGet(46)) - raft.server.retrycache.statistics.expirytime = 100μs (default)
2022-10-13 11:28:42,446 [pool-264-thread-1] INFO  server.RaftServerConfigKeys (ConfUtils.java:logGet(46)) - raft.server.log.appender.install.snapshot.enabled = false (custom)
2022-10-13 11:28:42,446 [pool-264-thread-1] INFO  server.RaftServerConfigKeys (ConfUtils.java:logGet(46)) - raft.server.threadpool.server.cached = true (default)
2022-10-13 11:28:42,446 [pool-264-thread-1] INFO  server.RaftServerConfigKeys (ConfUtils.java:logGet(46)) - raft.server.threadpool.server.size = 0 (default)
2022-10-13 11:28:42,447 [pool-264-thread-1] INFO  server.RaftServerConfigKeys (ConfUtils.java:logGet(46)) - raft.server.threadpool.client.cached = true (default)
2022-10-13 11:28:42,447 [pool-264-thread-1] INFO  server.RaftServerConfigKeys (ConfUtils.java:logGet(46)) - raft.server.threadpool.client.size = 0 (default)
2022-10-13 11:28:42,447 [pool-264-thread-1] INFO  server.RaftServer$Division (RaftServerImpl.java:start(310)) - 8d6e4cdb-fad5-4da7-a1e6-63da48c44a59@group-A6960E8EB4F8: start as a follower, conf=-1: [8d6e4cdb-fad5-4da7-a1e6-63da48c44a59|rpc:10.1.0.139:43781|dataStream:|priority:0, 9955ffcb-bd67-4d70-a6ef-07cfdefe4b35|rpc:10.1.0.139:42729|dataStream:|priority:1, e6e6f4e0-cab5-400e-aa02-aaa4db568b90|rpc:10.1.0.139:36441|dataStream:|priority:0], old=null
2022-10-13 11:28:42,447 [pool-264-thread-1] INFO  server.RaftServer$Division (RaftServerImpl.java:setRole(299)) - 8d6e4cdb-fad5-4da7-a1e6-63da48c44a59@group-A6960E8EB4F8: changes role from      null to FOLLOWER at term 0 for startAsFollower
2022-10-13 11:28:42,447 [pool-264-thread-1] INFO  impl.RoleInfo (RoleInfo.java:updateAndGet(139)) - 8d6e4cdb-fad5-4da7-a1e6-63da48c44a59: start 8d6e4cdb-fad5-4da7-a1e6-63da48c44a59@group-A6960E8EB4F8-FollowerState
2022-10-13 11:28:42,449 [pool-264-thread-1] INFO  util.JmxRegister (JmxRegister.java:tryRegister(44)) - Successfully registered JMX Bean with object name Ratis:service=RaftServer,group=group-A6960E8EB4F8,id=8d6e4cdb-fad5-4da7-a1e6-63da48c44a59
2022-10-13 11:28:42,454 [Command processor thread] INFO  commandhandler.CreatePipelineCommandHandler (CreatePipelineCommandHandler.java:handle(113)) - Created Pipeline RATIS THREE PipelineID=27a90694-cd37-4ec7-9bc7-a6960e8eb4f8.
2022-10-13 11:28:42,454 [Command processor thread] INFO  server.RaftServer (RaftServerProxy.java:addNew(96)) - e6e6f4e0-cab5-400e-aa02-aaa4db568b90: addNew group-F95D8D0E04C7:[8d6e4cdb-fad5-4da7-a1e6-63da48c44a59|rpc:10.1.0.139:43781|priority:1, 9955ffcb-bd67-4d70-a6ef-07cfdefe4b35|rpc:10.1.0.139:42729|priority:0, e6e6f4e0-cab5-400e-aa02-aaa4db568b90|rpc:10.1.0.139:36441|priority:0] returns group-F95D8D0E04C7:java.util.concurrent.CompletableFuture@b2efb00[Not completed]
2022-10-13 11:28:42,455 [pool-218-thread-1] INFO  server.RaftServer$Division (RaftServerImpl.java:<init>(190)) - e6e6f4e0-cab5-400e-aa02-aaa4db568b90: new RaftServerImpl for group-F95D8D0E04C7:[8d6e4cdb-fad5-4da7-a1e6-63da48c44a59|rpc:10.1.0.139:43781|priority:1, 9955ffcb-bd67-4d70-a6ef-07cfdefe4b35|rpc:10.1.0.139:42729|priority:0, e6e6f4e0-cab5-400e-aa02-aaa4db568b90|rpc:10.1.0.139:36441|priority:0] with ContainerStateMachine:uninitialized
2022-10-13 11:28:42,455 [pool-218-thread-1] INFO  server.RaftServerConfigKeys (ConfUtils.java:logGet(46)) - raft.server.rpc.timeout.min = 5s (custom)
2022-10-13 11:28:42,455 [pool-218-thread-1] INFO  server.RaftServerConfigKeys (ConfUtils.java:logGet(46)) - raft.server.rpc.timeout.max = 5200ms (custom)
2022-10-13 11:28:42,455 [pool-218-thread-1] INFO  server.RaftServerConfigKeys (ConfUtils.java:logGet(46)) - raft.server.rpc.sleep.time = 25ms (default)
2022-10-13 11:28:42,455 [pool-218-thread-1] INFO  server.RaftServerConfigKeys (ConfUtils.java:logGet(46)) - raft.server.rpc.slowness.timeout = 300s (custom)
2022-10-13 11:28:42,455 [pool-218-thread-1] INFO  server.RaftServerConfigKeys (ConfUtils.java:logGet(46)) - raft.server.leaderelection.leader.step-down.wait-time = 10s (default)
2022-10-13 11:28:42,455 [pool-218-thread-1] INFO  server.RaftServerConfigKeys (ConfUtils.java:logGet(46)) - raft.server.sleep.deviation.threshold = 300ms (default)
2022-10-13 11:28:42,455 [pool-218-thread-1] INFO  server.RaftServer$Division (ServerState.java:<init>(107)) - e6e6f4e0-cab5-400e-aa02-aaa4db568b90@group-F95D8D0E04C7: ConfigurationManager, init=-1: [8d6e4cdb-fad5-4da7-a1e6-63da48c44a59|rpc:10.1.0.139:43781|priority:1, 9955ffcb-bd67-4d70-a6ef-07cfdefe4b35|rpc:10.1.0.139:42729|priority:0, e6e6f4e0-cab5-400e-aa02-aaa4db568b90|rpc:10.1.0.139:36441|priority:0], old=null, confs=<EMPTY_MAP>
2022-10-13 11:28:42,455 [pool-218-thread-1] INFO  server.RaftServerConfigKeys (ConfUtils.java:logGet(46)) - raft.server.storage.dir = [/home/runner/work/ozone/ozone/hadoop-ozone/integration-test/target/test-dir/MiniOzoneClusterImpl-e80e85d6-a50a-47d0-a504-2468c00e5ca2/datanode-0/data/ratis] (custom)
2022-10-13 11:28:42,455 [pool-218-thread-1] INFO  server.RaftServerConfigKeys (ConfUtils.java:logGet(46)) - raft.server.log.corruption.policy = EXCEPTION (default)
2022-10-13 11:28:42,456 [pool-218-thread-1] INFO  server.RaftServerConfigKeys (ConfUtils.java:logGet(46)) - raft.server.storage.free-space.min = 0MB (=0) (default)
2022-10-13 11:28:42,456 [pool-218-thread-1] INFO  storage.RaftStorageDirectory (RaftStorageDirectoryImpl.java:analyzeStorage(135)) - The storage directory /home/runner/work/ozone/ozone/hadoop-ozone/integration-test/target/test-dir/MiniOzoneClusterImpl-e80e85d6-a50a-47d0-a504-2468c00e5ca2/datanode-0/data/ratis/6676e257-ad26-4754-96f3-f95d8d0e04c7 does not exist. Creating ...
2022-10-13 11:28:42,457 [pool-218-thread-1] INFO  storage.RaftStorageDirectory (RaftStorageDirectoryImpl.java:tryLock(230)) - Lock on /home/runner/work/ozone/ozone/hadoop-ozone/integration-test/target/test-dir/MiniOzoneClusterImpl-e80e85d6-a50a-47d0-a504-2468c00e5ca2/datanode-0/data/ratis/6676e257-ad26-4754-96f3-f95d8d0e04c7/in_use.lock acquired by nodename 2264@fv-az447-90
2022-10-13 11:28:42,458 [pool-218-thread-1] INFO  storage.RaftStorage (RaftStorageImpl.java:format(89)) - Storage directory /home/runner/work/ozone/ozone/hadoop-ozone/integration-test/target/test-dir/MiniOzoneClusterImpl-e80e85d6-a50a-47d0-a504-2468c00e5ca2/datanode-0/data/ratis/6676e257-ad26-4754-96f3-f95d8d0e04c7 has been successfully formatted.
2022-10-13 11:28:42,459 [pool-218-thread-1] INFO  ratis.ContainerStateMachine (ContainerStateMachine.java:loadSnapshot(236)) - group-F95D8D0E04C7: The snapshot info is null. Setting the last applied indexto:(t:0, i:~)
2022-10-13 11:28:42,460 [pool-218-thread-1] INFO  server.RaftServerConfigKeys (ConfUtils.java:logGet(46)) - raft.server.notification.no-leader.timeout = 300s (custom)
2022-10-13 11:28:42,460 [pool-218-thread-1] INFO  server.RaftServerConfigKeys (ConfUtils.java:logGet(46)) - raft.server.log.use.memory = false (default)
2022-10-13 11:28:42,460 [pool-218-thread-1] INFO  server.RaftServerConfigKeys (ConfUtils.java:logGet(46)) - raft.server.log.purge.gap = 1000000 (custom)
2022-10-13 11:28:42,461 [pool-218-thread-1] INFO  server.RaftServerConfigKeys (ConfUtils.java:logGet(46)) - raft.server.log.appender.buffer.byte-limit = 33554432 (custom)
2022-10-13 11:28:42,461 [pool-218-thread-1] INFO  server.RaftServerConfigKeys (ConfUtils.java:logGet(46)) - raft.server.log.statemachine.data.read.timeout = 1000ms (default)
2022-10-13 11:28:42,461 [pool-218-thread-1] INFO  server.RaftServerConfigKeys (ConfUtils.java:logGet(46)) - raft.server.log.segment.size.max = 1048576 (custom)
2022-10-13 11:28:42,461 [pool-218-thread-1] INFO  server.RaftServerConfigKeys (ConfUtils.java:logGet(46)) - raft.server.log.segment.cache.num.max = 2 (custom)
2022-10-13 11:28:42,461 [pool-218-thread-1] INFO  server.RaftServerConfigKeys (ConfUtils.java:logGet(46)) - raft.server.log.segment.cache.size.max = 200MB (=209715200) (default)
2022-10-13 11:28:42,461 [pool-218-thread-1] INFO  segmented.SegmentedRaftLogWorker (SegmentedRaftLogWorker.java:<init>(187)) - new e6e6f4e0-cab5-400e-aa02-aaa4db568b90@group-F95D8D0E04C7-SegmentedRaftLogWorker for RaftStorageImpl:Storage Directory /home/runner/work/ozone/ozone/hadoop-ozone/integration-test/target/test-dir/MiniOzoneClusterImpl-e80e85d6-a50a-47d0-a504-2468c00e5ca2/datanode-0/data/ratis/6676e257-ad26-4754-96f3-f95d8d0e04c7
2022-10-13 11:28:42,461 [pool-218-thread-1] INFO  server.RaftServerConfigKeys (ConfUtils.java:logGet(46)) - raft.server.log.queue.byte-limit = 4294967296 (custom)
2022-10-13 11:28:42,461 [pool-218-thread-1] INFO  server.RaftServerConfigKeys (ConfUtils.java:logGet(46)) - raft.server.log.queue.element-limit = 1024 (custom)
2022-10-13 11:28:42,462 [pool-218-thread-1] INFO  server.RaftServerConfigKeys (ConfUtils.java:logGet(46)) - raft.server.log.segment.size.max = 1048576 (custom)
2022-10-13 11:28:42,462 [pool-218-thread-1] INFO  server.RaftServerConfigKeys (ConfUtils.java:logGet(46)) - raft.server.log.preallocated.size = 16384 (custom)
2022-10-13 11:28:42,462 [pool-218-thread-1] INFO  server.RaftServerConfigKeys (ConfUtils.java:logGet(46)) - raft.server.log.force.sync.num = 128 (default)
2022-10-13 11:28:42,462 [pool-218-thread-1] INFO  server.RaftServerConfigKeys (ConfUtils.java:logGet(46)) - raft.server.log.statemachine.data.sync = true (default)
2022-10-13 11:28:42,462 [EventQueue-OpenPipelineForHealthyPipelineSafeModeRule] INFO  safemode.SCMSafeModeManager (HealthyPipelineSafeModeRule.java:process(137)) - SCM in safe mode. Healthy pipelines reported count is 0, required healthy pipeline reported count is 1
2022-10-13 11:28:42,462 [pool-218-thread-1] INFO  server.RaftServerConfigKeys (ConfUtils.java:logGet(46)) - raft.server.log.statemachine.data.sync.timeout = 10s (default)
2022-10-13 11:28:42,462 [pool-218-thread-1] INFO  server.RaftServerConfigKeys (ConfUtils.java:logGet(46)) - raft.server.log.statemachine.data.sync.timeout.retry = -1 (default)
2022-10-13 11:28:42,463 [pool-218-thread-1] INFO  server.RaftServerConfigKeys (ConfUtils.java:logGet(46)) - raft.server.log.write.buffer.size = 1048576 (custom)
2022-10-13 11:28:42,463 [pool-218-thread-1] INFO  server.RaftServerConfigKeys (ConfUtils.java:logGet(46)) - raft.server.log.unsafe-flush.enabled = false (default)
2022-10-13 11:28:42,463 [pool-218-thread-1] INFO  server.RaftServerConfigKeys (ConfUtils.java:logGet(46)) - raft.server.log.statemachine.data.caching.enabled = true (custom)
2022-10-13 11:28:42,464 [pool-218-thread-1] INFO  segmented.SegmentedRaftLogWorker (SegmentedRaftLogWorker.java:lambda$new$0(135)) - e6e6f4e0-cab5-400e-aa02-aaa4db568b90@group-F95D8D0E04C7-SegmentedRaftLogWorker: flushIndex: setUnconditionally 0 -> -1
2022-10-13 11:28:42,464 [pool-218-thread-1] INFO  segmented.SegmentedRaftLogWorker (SegmentedRaftLogWorker.java:lambda$new$0(135)) - e6e6f4e0-cab5-400e-aa02-aaa4db568b90@group-F95D8D0E04C7-SegmentedRaftLogWorker: safeCacheEvictIndex: setUnconditionally 0 -> -1
2022-10-13 11:28:42,464 [pool-218-thread-1] INFO  server.RaftServerConfigKeys (ConfUtils.java:logGet(46)) - raft.server.snapshot.auto.trigger.enabled = true (custom)
2022-10-13 11:28:42,464 [pool-218-thread-1] INFO  server.RaftServerConfigKeys (ConfUtils.java:logGet(46)) - raft.server.snapshot.auto.trigger.threshold = 10000 (custom)
2022-10-13 11:28:42,464 [pool-218-thread-1] INFO  server.RaftServerConfigKeys (ConfUtils.java:logGet(46)) - raft.server.snapshot.retention.file.num = 5 (custom)
2022-10-13 11:28:42,464 [pool-218-thread-1] INFO  server.RaftServerConfigKeys (ConfUtils.java:logGet(46)) - raft.server.log.purge.upto.snapshot.index = false (default)
2022-10-13 11:28:42,464 [pool-218-thread-1] INFO  server.RaftServerConfigKeys (ConfUtils.java:logGet(46)) - raft.server.retrycache.expirytime = 600000ms (custom)
2022-10-13 11:28:42,464 [pool-218-thread-1] INFO  server.RaftServerConfigKeys (ConfUtils.java:logGet(46)) - raft.server.retrycache.statistics.expirytime = 100μs (default)
2022-10-13 11:28:42,465 [pool-218-thread-1] INFO  server.RaftServerConfigKeys (ConfUtils.java:logGet(46)) - raft.server.log.appender.install.snapshot.enabled = false (custom)
2022-10-13 11:28:42,465 [pool-218-thread-1] INFO  server.RaftServerConfigKeys (ConfUtils.java:logGet(46)) - raft.server.threadpool.server.cached = true (default)
2022-10-13 11:28:42,465 [pool-218-thread-1] INFO  server.RaftServerConfigKeys (ConfUtils.java:logGet(46)) - raft.server.threadpool.server.size = 0 (default)
2022-10-13 11:28:42,465 [pool-218-thread-1] INFO  server.RaftServerConfigKeys (ConfUtils.java:logGet(46)) - raft.server.threadpool.client.cached = true (default)
2022-10-13 11:28:42,465 [pool-218-thread-1] INFO  server.RaftServerConfigKeys (ConfUtils.java:logGet(46)) - raft.server.threadpool.client.size = 0 (default)
2022-10-13 11:28:42,465 [pool-218-thread-1] INFO  server.RaftServer$Division (RaftServerImpl.java:start(310)) - e6e6f4e0-cab5-400e-aa02-aaa4db568b90@group-F95D8D0E04C7: start as a follower, conf=-1: [8d6e4cdb-fad5-4da7-a1e6-63da48c44a59|rpc:10.1.0.139:43781|priority:1, 9955ffcb-bd67-4d70-a6ef-07cfdefe4b35|rpc:10.1.0.139:42729|priority:0, e6e6f4e0-cab5-400e-aa02-aaa4db568b90|rpc:10.1.0.139:36441|priority:0], old=null
2022-10-13 11:28:42,466 [pool-218-thread-1] INFO  server.RaftServer$Division (RaftServerImpl.java:setRole(299)) - e6e6f4e0-cab5-400e-aa02-aaa4db568b90@group-F95D8D0E04C7: changes role from      null to FOLLOWER at term 0 for startAsFollower
2022-10-13 11:28:42,466 [pool-218-thread-1] INFO  impl.RoleInfo (RoleInfo.java:updateAndGet(139)) - e6e6f4e0-cab5-400e-aa02-aaa4db568b90: start e6e6f4e0-cab5-400e-aa02-aaa4db568b90@group-F95D8D0E04C7-FollowerState
2022-10-13 11:28:42,466 [pool-218-thread-1] INFO  util.JmxRegister (JmxRegister.java:tryRegister(44)) - Successfully registered JMX Bean with object name Ratis:service=RaftServer,group=group-F95D8D0E04C7,id=e6e6f4e0-cab5-400e-aa02-aaa4db568b90
2022-10-13 11:28:42,467 [Command processor thread] INFO  ratis.XceiverServerRatis (XceiverServerRatis.java:addGroup(765)) - Created group PipelineID=6676e257-ad26-4754-96f3-f95d8d0e04c7
2022-10-13 11:28:42,484 [grpc-default-executor-0] INFO  server.RaftServer (RaftServerProxy.java:addNew(96)) - 8d6e4cdb-fad5-4da7-a1e6-63da48c44a59: addNew group-F95D8D0E04C7:[8d6e4cdb-fad5-4da7-a1e6-63da48c44a59|rpc:10.1.0.139:43781|dataStream:|priority:1, 9955ffcb-bd67-4d70-a6ef-07cfdefe4b35|rpc:10.1.0.139:42729|dataStream:|priority:0, e6e6f4e0-cab5-400e-aa02-aaa4db568b90|rpc:10.1.0.139:36441|dataStream:|priority:0] returns group-F95D8D0E04C7:java.util.concurrent.CompletableFuture@6a1ba305[Not completed]
2022-10-13 11:28:42,485 [pool-264-thread-1] INFO  server.RaftServer$Division (RaftServerImpl.java:<init>(190)) - 8d6e4cdb-fad5-4da7-a1e6-63da48c44a59: new RaftServerImpl for group-F95D8D0E04C7:[8d6e4cdb-fad5-4da7-a1e6-63da48c44a59|rpc:10.1.0.139:43781|dataStream:|priority:1, 9955ffcb-bd67-4d70-a6ef-07cfdefe4b35|rpc:10.1.0.139:42729|dataStream:|priority:0, e6e6f4e0-cab5-400e-aa02-aaa4db568b90|rpc:10.1.0.139:36441|dataStream:|priority:0] with ContainerStateMachine:uninitialized
2022-10-13 11:28:42,485 [pool-264-thread-1] INFO  server.RaftServerConfigKeys (ConfUtils.java:logGet(46)) - raft.server.rpc.timeout.min = 5s (custom)
2022-10-13 11:28:42,485 [pool-264-thread-1] INFO  server.RaftServerConfigKeys (ConfUtils.java:logGet(46)) - raft.server.rpc.timeout.max = 5200ms (custom)
2022-10-13 11:28:42,485 [pool-264-thread-1] INFO  server.RaftServerConfigKeys (ConfUtils.java:logGet(46)) - raft.server.rpc.sleep.time = 25ms (default)
2022-10-13 11:28:42,485 [pool-264-thread-1] INFO  server.RaftServerConfigKeys (ConfUtils.java:logGet(46)) - raft.server.rpc.slowness.timeout = 300s (custom)
2022-10-13 11:28:42,485 [pool-264-thread-1] INFO  server.RaftServerConfigKeys (ConfUtils.java:logGet(46)) - raft.server.leaderelection.leader.step-down.wait-time = 10s (default)
2022-10-13 11:28:42,485 [pool-264-thread-1] INFO  server.RaftServerConfigKeys (ConfUtils.java:logGet(46)) - raft.server.sleep.deviation.threshold = 300ms (default)
2022-10-13 11:28:42,485 [pool-264-thread-1] INFO  server.RaftServer$Division (ServerState.java:<init>(107)) - 8d6e4cdb-fad5-4da7-a1e6-63da48c44a59@group-F95D8D0E04C7: ConfigurationManager, init=-1: [8d6e4cdb-fad5-4da7-a1e6-63da48c44a59|rpc:10.1.0.139:43781|dataStream:|priority:1, 9955ffcb-bd67-4d70-a6ef-07cfdefe4b35|rpc:10.1.0.139:42729|dataStream:|priority:0, e6e6f4e0-cab5-400e-aa02-aaa4db568b90|rpc:10.1.0.139:36441|dataStream:|priority:0], old=null, confs=<EMPTY_MAP>
2022-10-13 11:28:42,485 [pool-264-thread-1] INFO  server.RaftServerConfigKeys (ConfUtils.java:logGet(46)) - raft.server.storage.dir = [/home/runner/work/ozone/ozone/hadoop-ozone/integration-test/target/test-dir/MiniOzoneClusterImpl-e80e85d6-a50a-47d0-a504-2468c00e5ca2/datanode-2/data/ratis] (custom)
2022-10-13 11:28:42,486 [pool-264-thread-1] INFO  server.RaftServerConfigKeys (ConfUtils.java:logGet(46)) - raft.server.log.corruption.policy = EXCEPTION (default)
2022-10-13 11:28:42,486 [pool-264-thread-1] INFO  server.RaftServerConfigKeys (ConfUtils.java:logGet(46)) - raft.server.storage.free-space.min = 0MB (=0) (default)
2022-10-13 11:28:42,486 [pool-264-thread-1] INFO  storage.RaftStorageDirectory (RaftStorageDirectoryImpl.java:analyzeStorage(135)) - The storage directory /home/runner/work/ozone/ozone/hadoop-ozone/integration-test/target/test-dir/MiniOzoneClusterImpl-e80e85d6-a50a-47d0-a504-2468c00e5ca2/datanode-2/data/ratis/6676e257-ad26-4754-96f3-f95d8d0e04c7 does not exist. Creating ...
2022-10-13 11:28:42,487 [pool-264-thread-1] INFO  storage.RaftStorageDirectory (RaftStorageDirectoryImpl.java:tryLock(230)) - Lock on /home/runner/work/ozone/ozone/hadoop-ozone/integration-test/target/test-dir/MiniOzoneClusterImpl-e80e85d6-a50a-47d0-a504-2468c00e5ca2/datanode-2/data/ratis/6676e257-ad26-4754-96f3-f95d8d0e04c7/in_use.lock acquired by nodename 2264@fv-az447-90
2022-10-13 11:28:42,489 [pool-264-thread-1] INFO  storage.RaftStorage (RaftStorageImpl.java:format(89)) - Storage directory /home/runner/work/ozone/ozone/hadoop-ozone/integration-test/target/test-dir/MiniOzoneClusterImpl-e80e85d6-a50a-47d0-a504-2468c00e5ca2/datanode-2/data/ratis/6676e257-ad26-4754-96f3-f95d8d0e04c7 has been successfully formatted.
2022-10-13 11:28:42,489 [pool-264-thread-1] INFO  ratis.ContainerStateMachine (ContainerStateMachine.java:loadSnapshot(236)) - group-F95D8D0E04C7: The snapshot info is null. Setting the last applied indexto:(t:0, i:~)
2022-10-13 11:28:42,489 [pool-264-thread-1] INFO  server.RaftServerConfigKeys (ConfUtils.java:logGet(46)) - raft.server.notification.no-leader.timeout = 300s (custom)
2022-10-13 11:28:42,491 [pool-264-thread-1] INFO  server.RaftServerConfigKeys (ConfUtils.java:logGet(46)) - raft.server.log.use.memory = false (default)
2022-10-13 11:28:42,491 [pool-264-thread-1] INFO  server.RaftServerConfigKeys (ConfUtils.java:logGet(46)) - raft.server.log.purge.gap = 1000000 (custom)
2022-10-13 11:28:42,491 [pool-264-thread-1] INFO  server.RaftServerConfigKeys (ConfUtils.java:logGet(46)) - raft.server.log.appender.buffer.byte-limit = 33554432 (custom)
2022-10-13 11:28:42,491 [pool-264-thread-1] INFO  server.RaftServerConfigKeys (ConfUtils.java:logGet(46)) - raft.server.log.statemachine.data.read.timeout = 1000ms (default)
2022-10-13 11:28:42,491 [pool-264-thread-1] INFO  server.RaftServerConfigKeys (ConfUtils.java:logGet(46)) - raft.server.log.segment.size.max = 1048576 (custom)
2022-10-13 11:28:42,492 [pool-264-thread-1] INFO  server.RaftServerConfigKeys (ConfUtils.java:logGet(46)) - raft.server.log.segment.cache.num.max = 2 (custom)
2022-10-13 11:28:42,492 [pool-264-thread-1] INFO  server.RaftServerConfigKeys (ConfUtils.java:logGet(46)) - raft.server.log.segment.cache.size.max = 200MB (=209715200) (default)
2022-10-13 11:28:42,492 [pool-264-thread-1] INFO  segmented.SegmentedRaftLogWorker (SegmentedRaftLogWorker.java:<init>(187)) - new 8d6e4cdb-fad5-4da7-a1e6-63da48c44a59@group-F95D8D0E04C7-SegmentedRaftLogWorker for RaftStorageImpl:Storage Directory /home/runner/work/ozone/ozone/hadoop-ozone/integration-test/target/test-dir/MiniOzoneClusterImpl-e80e85d6-a50a-47d0-a504-2468c00e5ca2/datanode-2/data/ratis/6676e257-ad26-4754-96f3-f95d8d0e04c7
2022-10-13 11:28:42,492 [pool-264-thread-1] INFO  server.RaftServerConfigKeys (ConfUtils.java:logGet(46)) - raft.server.log.queue.byte-limit = 4294967296 (custom)
2022-10-13 11:28:42,492 [pool-264-thread-1] INFO  server.RaftServerConfigKeys (ConfUtils.java:logGet(46)) - raft.server.log.queue.element-limit = 1024 (custom)
2022-10-13 11:28:42,492 [pool-264-thread-1] INFO  server.RaftServerConfigKeys (ConfUtils.java:logGet(46)) - raft.server.log.segment.size.max = 1048576 (custom)
2022-10-13 11:28:42,492 [pool-264-thread-1] INFO  server.RaftServerConfigKeys (ConfUtils.java:logGet(46)) - raft.server.log.preallocated.size = 16384 (custom)
2022-10-13 11:28:42,492 [pool-264-thread-1] INFO  server.RaftServerConfigKeys (ConfUtils.java:logGet(46)) - raft.server.log.force.sync.num = 128 (default)
2022-10-13 11:28:42,492 [pool-264-thread-1] INFO  server.RaftServerConfigKeys (ConfUtils.java:logGet(46)) - raft.server.log.statemachine.data.sync = true (default)
2022-10-13 11:28:42,492 [pool-264-thread-1] INFO  server.RaftServerConfigKeys (ConfUtils.java:logGet(46)) - raft.server.log.statemachine.data.sync.timeout = 10s (default)
2022-10-13 11:28:42,492 [pool-264-thread-1] INFO  server.RaftServerConfigKeys (ConfUtils.java:logGet(46)) - raft.server.log.statemachine.data.sync.timeout.retry = -1 (default)
2022-10-13 11:28:42,493 [pool-264-thread-1] INFO  server.RaftServerConfigKeys (ConfUtils.java:logGet(46)) - raft.server.log.write.buffer.size = 1048576 (custom)
2022-10-13 11:28:42,494 [pool-264-thread-1] INFO  server.RaftServerConfigKeys (ConfUtils.java:logGet(46)) - raft.server.log.unsafe-flush.enabled = false (default)
2022-10-13 11:28:42,494 [pool-264-thread-1] INFO  server.RaftServerConfigKeys (ConfUtils.java:logGet(46)) - raft.server.log.statemachine.data.caching.enabled = true (custom)
2022-10-13 11:28:42,494 [pool-264-thread-1] INFO  segmented.SegmentedRaftLogWorker (SegmentedRaftLogWorker.java:lambda$new$0(135)) - 8d6e4cdb-fad5-4da7-a1e6-63da48c44a59@group-F95D8D0E04C7-SegmentedRaftLogWorker: flushIndex: setUnconditionally 0 -> -1
2022-10-13 11:28:42,494 [pool-264-thread-1] INFO  segmented.SegmentedRaftLogWorker (SegmentedRaftLogWorker.java:lambda$new$0(135)) - 8d6e4cdb-fad5-4da7-a1e6-63da48c44a59@group-F95D8D0E04C7-SegmentedRaftLogWorker: safeCacheEvictIndex: setUnconditionally 0 -> -1
2022-10-13 11:28:42,494 [pool-264-thread-1] INFO  server.RaftServerConfigKeys (ConfUtils.java:logGet(46)) - raft.server.snapshot.auto.trigger.enabled = true (custom)
2022-10-13 11:28:42,494 [pool-264-thread-1] INFO  server.RaftServerConfigKeys (ConfUtils.java:logGet(46)) - raft.server.snapshot.auto.trigger.threshold = 10000 (custom)
2022-10-13 11:28:42,494 [pool-264-thread-1] INFO  server.RaftServerConfigKeys (ConfUtils.java:logGet(46)) - raft.server.snapshot.retention.file.num = 5 (custom)
2022-10-13 11:28:42,494 [pool-264-thread-1] INFO  server.RaftServerConfigKeys (ConfUtils.java:logGet(46)) - raft.server.log.purge.upto.snapshot.index = false (default)
2022-10-13 11:28:42,494 [pool-264-thread-1] INFO  server.RaftServerConfigKeys (ConfUtils.java:logGet(46)) - raft.server.retrycache.expirytime = 600000ms (custom)
2022-10-13 11:28:42,494 [pool-264-thread-1] INFO  server.RaftServerConfigKeys (ConfUtils.java:logGet(46)) - raft.server.retrycache.statistics.expirytime = 100μs (default)
2022-10-13 11:28:42,496 [pool-264-thread-1] INFO  server.RaftServerConfigKeys (ConfUtils.java:logGet(46)) - raft.server.log.appender.install.snapshot.enabled = false (custom)
2022-10-13 11:28:42,496 [pool-264-thread-1] INFO  server.RaftServerConfigKeys (ConfUtils.java:logGet(46)) - raft.server.threadpool.server.cached = true (default)
2022-10-13 11:28:42,496 [pool-264-thread-1] INFO  server.RaftServerConfigKeys (ConfUtils.java:logGet(46)) - raft.server.threadpool.server.size = 0 (default)
2022-10-13 11:28:42,496 [pool-264-thread-1] INFO  server.RaftServerConfigKeys (ConfUtils.java:logGet(46)) - raft.server.threadpool.client.cached = true (default)
2022-10-13 11:28:42,496 [pool-264-thread-1] INFO  server.RaftServerConfigKeys (ConfUtils.java:logGet(46)) - raft.server.threadpool.client.size = 0 (default)
2022-10-13 11:28:42,496 [pool-264-thread-1] INFO  server.RaftServer$Division (RaftServerImpl.java:start(310)) - 8d6e4cdb-fad5-4da7-a1e6-63da48c44a59@group-F95D8D0E04C7: start as a follower, conf=-1: [8d6e4cdb-fad5-4da7-a1e6-63da48c44a59|rpc:10.1.0.139:43781|dataStream:|priority:1, 9955ffcb-bd67-4d70-a6ef-07cfdefe4b35|rpc:10.1.0.139:42729|dataStream:|priority:0, e6e6f4e0-cab5-400e-aa02-aaa4db568b90|rpc:10.1.0.139:36441|dataStream:|priority:0], old=null
2022-10-13 11:28:42,496 [pool-264-thread-1] INFO  server.RaftServer$Division (RaftServerImpl.java:setRole(299)) - 8d6e4cdb-fad5-4da7-a1e6-63da48c44a59@group-F95D8D0E04C7: changes role from      null to FOLLOWER at term 0 for startAsFollower
2022-10-13 11:28:42,496 [pool-264-thread-1] INFO  impl.RoleInfo (RoleInfo.java:updateAndGet(139)) - 8d6e4cdb-fad5-4da7-a1e6-63da48c44a59: start 8d6e4cdb-fad5-4da7-a1e6-63da48c44a59@group-F95D8D0E04C7-FollowerState
2022-10-13 11:28:42,497 [pool-264-thread-1] INFO  util.JmxRegister (JmxRegister.java:tryRegister(44)) - Successfully registered JMX Bean with object name Ratis:service=RaftServer,group=group-F95D8D0E04C7,id=8d6e4cdb-fad5-4da7-a1e6-63da48c44a59
2022-10-13 11:28:42,516 [grpc-default-executor-0] INFO  server.RaftServer (RaftServerProxy.java:addNew(96)) - 9955ffcb-bd67-4d70-a6ef-07cfdefe4b35: addNew group-F95D8D0E04C7:[8d6e4cdb-fad5-4da7-a1e6-63da48c44a59|rpc:10.1.0.139:43781|dataStream:|priority:1, 9955ffcb-bd67-4d70-a6ef-07cfdefe4b35|rpc:10.1.0.139:42729|dataStream:|priority:0, e6e6f4e0-cab5-400e-aa02-aaa4db568b90|rpc:10.1.0.139:36441|dataStream:|priority:0] returns group-F95D8D0E04C7:java.util.concurrent.CompletableFuture@33fccbf[Not completed]
2022-10-13 11:28:42,517 [pool-241-thread-1] INFO  server.RaftServer$Division (RaftServerImpl.java:<init>(190)) - 9955ffcb-bd67-4d70-a6ef-07cfdefe4b35: new RaftServerImpl for group-F95D8D0E04C7:[8d6e4cdb-fad5-4da7-a1e6-63da48c44a59|rpc:10.1.0.139:43781|dataStream:|priority:1, 9955ffcb-bd67-4d70-a6ef-07cfdefe4b35|rpc:10.1.0.139:42729|dataStream:|priority:0, e6e6f4e0-cab5-400e-aa02-aaa4db568b90|rpc:10.1.0.139:36441|dataStream:|priority:0] with ContainerStateMachine:uninitialized
2022-10-13 11:28:42,517 [pool-241-thread-1] INFO  server.RaftServerConfigKeys (ConfUtils.java:logGet(46)) - raft.server.rpc.timeout.min = 5s (custom)
2022-10-13 11:28:42,517 [pool-241-thread-1] INFO  server.RaftServerConfigKeys (ConfUtils.java:logGet(46)) - raft.server.rpc.timeout.max = 5200ms (custom)
2022-10-13 11:28:42,517 [pool-241-thread-1] INFO  server.RaftServerConfigKeys (ConfUtils.java:logGet(46)) - raft.server.rpc.sleep.time = 25ms (default)
2022-10-13 11:28:42,517 [pool-241-thread-1] INFO  server.RaftServerConfigKeys (ConfUtils.java:logGet(46)) - raft.server.rpc.slowness.timeout = 300s (custom)
2022-10-13 11:28:42,517 [pool-241-thread-1] INFO  server.RaftServerConfigKeys (ConfUtils.java:logGet(46)) - raft.server.leaderelection.leader.step-down.wait-time = 10s (default)
2022-10-13 11:28:42,517 [pool-241-thread-1] INFO  server.RaftServerConfigKeys (ConfUtils.java:logGet(46)) - raft.server.sleep.deviation.threshold = 300ms (default)
2022-10-13 11:28:42,517 [pool-241-thread-1] INFO  server.RaftServer$Division (ServerState.java:<init>(107)) - 9955ffcb-bd67-4d70-a6ef-07cfdefe4b35@group-F95D8D0E04C7: ConfigurationManager, init=-1: [8d6e4cdb-fad5-4da7-a1e6-63da48c44a59|rpc:10.1.0.139:43781|dataStream:|priority:1, 9955ffcb-bd67-4d70-a6ef-07cfdefe4b35|rpc:10.1.0.139:42729|dataStream:|priority:0, e6e6f4e0-cab5-400e-aa02-aaa4db568b90|rpc:10.1.0.139:36441|dataStream:|priority:0], old=null, confs=<EMPTY_MAP>
2022-10-13 11:28:42,517 [pool-241-thread-1] INFO  server.RaftServerConfigKeys (ConfUtils.java:logGet(46)) - raft.server.storage.dir = [/home/runner/work/ozone/ozone/hadoop-ozone/integration-test/target/test-dir/MiniOzoneClusterImpl-e80e85d6-a50a-47d0-a504-2468c00e5ca2/datanode-1/data/ratis] (custom)
2022-10-13 11:28:42,518 [pool-241-thread-1] INFO  server.RaftServerConfigKeys (ConfUtils.java:logGet(46)) - raft.server.log.corruption.policy = EXCEPTION (default)
2022-10-13 11:28:42,518 [pool-241-thread-1] INFO  server.RaftServerConfigKeys (ConfUtils.java:logGet(46)) - raft.server.storage.free-space.min = 0MB (=0) (default)
2022-10-13 11:28:42,518 [pool-241-thread-1] INFO  storage.RaftStorageDirectory (RaftStorageDirectoryImpl.java:analyzeStorage(135)) - The storage directory /home/runner/work/ozone/ozone/hadoop-ozone/integration-test/target/test-dir/MiniOzoneClusterImpl-e80e85d6-a50a-47d0-a504-2468c00e5ca2/datanode-1/data/ratis/6676e257-ad26-4754-96f3-f95d8d0e04c7 does not exist. Creating ...
2022-10-13 11:28:42,519 [pool-241-thread-1] INFO  storage.RaftStorageDirectory (RaftStorageDirectoryImpl.java:tryLock(230)) - Lock on /home/runner/work/ozone/ozone/hadoop-ozone/integration-test/target/test-dir/MiniOzoneClusterImpl-e80e85d6-a50a-47d0-a504-2468c00e5ca2/datanode-1/data/ratis/6676e257-ad26-4754-96f3-f95d8d0e04c7/in_use.lock acquired by nodename 2264@fv-az447-90
2022-10-13 11:28:42,520 [pool-241-thread-1] INFO  storage.RaftStorage (RaftStorageImpl.java:format(89)) - Storage directory /home/runner/work/ozone/ozone/hadoop-ozone/integration-test/target/test-dir/MiniOzoneClusterImpl-e80e85d6-a50a-47d0-a504-2468c00e5ca2/datanode-1/data/ratis/6676e257-ad26-4754-96f3-f95d8d0e04c7 has been successfully formatted.
2022-10-13 11:28:42,521 [pool-241-thread-1] INFO  ratis.ContainerStateMachine (ContainerStateMachine.java:loadSnapshot(236)) - group-F95D8D0E04C7: The snapshot info is null. Setting the last applied indexto:(t:0, i:~)
2022-10-13 11:28:42,521 [pool-241-thread-1] INFO  server.RaftServerConfigKeys (ConfUtils.java:logGet(46)) - raft.server.notification.no-leader.timeout = 300s (custom)
2022-10-13 11:28:42,521 [pool-241-thread-1] INFO  server.RaftServerConfigKeys (ConfUtils.java:logGet(46)) - raft.server.log.use.memory = false (default)
2022-10-13 11:28:42,521 [pool-241-thread-1] INFO  server.RaftServerConfigKeys (ConfUtils.java:logGet(46)) - raft.server.log.purge.gap = 1000000 (custom)
2022-10-13 11:28:42,521 [pool-241-thread-1] INFO  server.RaftServerConfigKeys (ConfUtils.java:logGet(46)) - raft.server.log.appender.buffer.byte-limit = 33554432 (custom)
2022-10-13 11:28:42,521 [pool-241-thread-1] INFO  server.RaftServerConfigKeys (ConfUtils.java:logGet(46)) - raft.server.log.statemachine.data.read.timeout = 1000ms (default)
2022-10-13 11:28:42,521 [pool-241-thread-1] INFO  server.RaftServerConfigKeys (ConfUtils.java:logGet(46)) - raft.server.log.segment.size.max = 1048576 (custom)
2022-10-13 11:28:42,522 [pool-241-thread-1] INFO  server.RaftServerConfigKeys (ConfUtils.java:logGet(46)) - raft.server.log.segment.cache.num.max = 2 (custom)
2022-10-13 11:28:42,522 [pool-241-thread-1] INFO  server.RaftServerConfigKeys (ConfUtils.java:logGet(46)) - raft.server.log.segment.cache.size.max = 200MB (=209715200) (default)
2022-10-13 11:28:42,522 [pool-241-thread-1] INFO  segmented.SegmentedRaftLogWorker (SegmentedRaftLogWorker.java:<init>(187)) - new 9955ffcb-bd67-4d70-a6ef-07cfdefe4b35@group-F95D8D0E04C7-SegmentedRaftLogWorker for RaftStorageImpl:Storage Directory /home/runner/work/ozone/ozone/hadoop-ozone/integration-test/target/test-dir/MiniOzoneClusterImpl-e80e85d6-a50a-47d0-a504-2468c00e5ca2/datanode-1/data/ratis/6676e257-ad26-4754-96f3-f95d8d0e04c7
2022-10-13 11:28:42,522 [pool-241-thread-1] INFO  server.RaftServerConfigKeys (ConfUtils.java:logGet(46)) - raft.server.log.queue.byte-limit = 4294967296 (custom)
2022-10-13 11:28:42,522 [pool-241-thread-1] INFO  server.RaftServerConfigKeys (ConfUtils.java:logGet(46)) - raft.server.log.queue.element-limit = 1024 (custom)
2022-10-13 11:28:42,522 [pool-241-thread-1] INFO  server.RaftServerConfigKeys (ConfUtils.java:logGet(46)) - raft.server.log.segment.size.max = 1048576 (custom)
2022-10-13 11:28:42,522 [pool-241-thread-1] INFO  server.RaftServerConfigKeys (ConfUtils.java:logGet(46)) - raft.server.log.preallocated.size = 16384 (custom)
2022-10-13 11:28:42,522 [pool-241-thread-1] INFO  server.RaftServerConfigKeys (ConfUtils.java:logGet(46)) - raft.server.log.force.sync.num = 128 (default)
2022-10-13 11:28:42,522 [pool-241-thread-1] INFO  server.RaftServerConfigKeys (ConfUtils.java:logGet(46)) - raft.server.log.statemachine.data.sync = true (default)
2022-10-13 11:28:42,522 [pool-241-thread-1] INFO  server.RaftServerConfigKeys (ConfUtils.java:logGet(46)) - raft.server.log.statemachine.data.sync.timeout = 10s (default)
2022-10-13 11:28:42,522 [pool-241-thread-1] INFO  server.RaftServerConfigKeys (ConfUtils.java:logGet(46)) - raft.server.log.statemachine.data.sync.timeout.retry = -1 (default)
2022-10-13 11:28:42,523 [pool-241-thread-1] INFO  server.RaftServerConfigKeys (ConfUtils.java:logGet(46)) - raft.server.log.write.buffer.size = 1048576 (custom)
2022-10-13 11:28:42,524 [pool-241-thread-1] INFO  server.RaftServerConfigKeys (ConfUtils.java:logGet(46)) - raft.server.log.unsafe-flush.enabled = false (default)
2022-10-13 11:28:42,524 [pool-241-thread-1] INFO  server.RaftServerConfigKeys (ConfUtils.java:logGet(46)) - raft.server.log.statemachine.data.caching.enabled = true (custom)
2022-10-13 11:28:42,524 [pool-241-thread-1] INFO  segmented.SegmentedRaftLogWorker (SegmentedRaftLogWorker.java:lambda$new$0(135)) - 9955ffcb-bd67-4d70-a6ef-07cfdefe4b35@group-F95D8D0E04C7-SegmentedRaftLogWorker: flushIndex: setUnconditionally 0 -> -1
2022-10-13 11:28:42,524 [pool-241-thread-1] INFO  segmented.SegmentedRaftLogWorker (SegmentedRaftLogWorker.java:lambda$new$0(135)) - 9955ffcb-bd67-4d70-a6ef-07cfdefe4b35@group-F95D8D0E04C7-SegmentedRaftLogWorker: safeCacheEvictIndex: setUnconditionally 0 -> -1
2022-10-13 11:28:42,525 [pool-241-thread-1] INFO  server.RaftServerConfigKeys (ConfUtils.java:logGet(46)) - raft.server.snapshot.auto.trigger.enabled = true (custom)
2022-10-13 11:28:42,525 [pool-241-thread-1] INFO  server.RaftServerConfigKeys (ConfUtils.java:logGet(46)) - raft.server.snapshot.auto.trigger.threshold = 10000 (custom)
2022-10-13 11:28:42,526 [pool-241-thread-1] INFO  server.RaftServerConfigKeys (ConfUtils.java:logGet(46)) - raft.server.snapshot.retention.file.num = 5 (custom)
2022-10-13 11:28:42,526 [pool-241-thread-1] INFO  server.RaftServerConfigKeys (ConfUtils.java:logGet(46)) - raft.server.log.purge.upto.snapshot.index = false (default)
2022-10-13 11:28:42,526 [pool-241-thread-1] INFO  server.RaftServerConfigKeys (ConfUtils.java:logGet(46)) - raft.server.retrycache.expirytime = 600000ms (custom)
2022-10-13 11:28:42,526 [pool-241-thread-1] INFO  server.RaftServerConfigKeys (ConfUtils.java:logGet(46)) - raft.server.retrycache.statistics.expirytime = 100μs (default)
2022-10-13 11:28:42,527 [pool-241-thread-1] INFO  server.RaftServerConfigKeys (ConfUtils.java:logGet(46)) - raft.server.log.appender.install.snapshot.enabled = false (custom)
2022-10-13 11:28:42,527 [pool-241-thread-1] INFO  server.RaftServerConfigKeys (ConfUtils.java:logGet(46)) - raft.server.threadpool.server.cached = true (default)
2022-10-13 11:28:42,527 [pool-241-thread-1] INFO  server.RaftServerConfigKeys (ConfUtils.java:logGet(46)) - raft.server.threadpool.server.size = 0 (default)
2022-10-13 11:28:42,527 [pool-241-thread-1] INFO  server.RaftServerConfigKeys (ConfUtils.java:logGet(46)) - raft.server.threadpool.client.cached = true (default)
2022-10-13 11:28:42,527 [pool-241-thread-1] INFO  server.RaftServerConfigKeys (ConfUtils.java:logGet(46)) - raft.server.threadpool.client.size = 0 (default)
2022-10-13 11:28:42,527 [pool-241-thread-1] INFO  server.RaftServer$Division (RaftServerImpl.java:start(310)) - 9955ffcb-bd67-4d70-a6ef-07cfdefe4b35@group-F95D8D0E04C7: start as a follower, conf=-1: [8d6e4cdb-fad5-4da7-a1e6-63da48c44a59|rpc:10.1.0.139:43781|dataStream:|priority:1, 9955ffcb-bd67-4d70-a6ef-07cfdefe4b35|rpc:10.1.0.139:42729|dataStream:|priority:0, e6e6f4e0-cab5-400e-aa02-aaa4db568b90|rpc:10.1.0.139:36441|dataStream:|priority:0], old=null
2022-10-13 11:28:42,527 [pool-241-thread-1] INFO  server.RaftServer$Division (RaftServerImpl.java:setRole(299)) - 9955ffcb-bd67-4d70-a6ef-07cfdefe4b35@group-F95D8D0E04C7: changes role from      null to FOLLOWER at term 0 for startAsFollower
2022-10-13 11:28:42,527 [pool-241-thread-1] INFO  impl.RoleInfo (RoleInfo.java:updateAndGet(139)) - 9955ffcb-bd67-4d70-a6ef-07cfdefe4b35: start 9955ffcb-bd67-4d70-a6ef-07cfdefe4b35@group-F95D8D0E04C7-FollowerState
2022-10-13 11:28:42,528 [pool-241-thread-1] INFO  util.JmxRegister (JmxRegister.java:tryRegister(44)) - Successfully registered JMX Bean with object name Ratis:service=RaftServer,group=group-F95D8D0E04C7,id=9955ffcb-bd67-4d70-a6ef-07cfdefe4b35
2022-10-13 11:28:42,536 [Command processor thread] INFO  commandhandler.CreatePipelineCommandHandler (CreatePipelineCommandHandler.java:handle(113)) - Created Pipeline RATIS THREE PipelineID=6676e257-ad26-4754-96f3-f95d8d0e04c7.
2022-10-13 11:28:42,713 [Command processor thread] INFO  server.RaftServer (RaftServerProxy.java:addNew(96)) - 9955ffcb-bd67-4d70-a6ef-07cfdefe4b35: addNew group-0EF347CFE542:[9955ffcb-bd67-4d70-a6ef-07cfdefe4b35|rpc:10.1.0.139:42729|priority:1] returns group-0EF347CFE542:java.util.concurrent.CompletableFuture@5f3ef9e9[Not completed]
2022-10-13 11:28:42,714 [pool-241-thread-1] INFO  server.RaftServer$Division (RaftServerImpl.java:<init>(190)) - 9955ffcb-bd67-4d70-a6ef-07cfdefe4b35: new RaftServerImpl for group-0EF347CFE542:[9955ffcb-bd67-4d70-a6ef-07cfdefe4b35|rpc:10.1.0.139:42729|priority:1] with ContainerStateMachine:uninitialized
2022-10-13 11:28:42,715 [pool-241-thread-1] INFO  server.RaftServerConfigKeys (ConfUtils.java:logGet(46)) - raft.server.rpc.timeout.min = 5s (custom)
2022-10-13 11:28:42,715 [pool-241-thread-1] INFO  server.RaftServerConfigKeys (ConfUtils.java:logGet(46)) - raft.server.rpc.timeout.max = 5200ms (custom)
2022-10-13 11:28:42,715 [pool-241-thread-1] INFO  server.RaftServerConfigKeys (ConfUtils.java:logGet(46)) - raft.server.rpc.sleep.time = 25ms (default)
2022-10-13 11:28:42,715 [pool-241-thread-1] INFO  server.RaftServerConfigKeys (ConfUtils.java:logGet(46)) - raft.server.rpc.slowness.timeout = 300s (custom)
2022-10-13 11:28:42,715 [pool-241-thread-1] INFO  server.RaftServerConfigKeys (ConfUtils.java:logGet(46)) - raft.server.leaderelection.leader.step-down.wait-time = 10s (default)
2022-10-13 11:28:42,715 [pool-241-thread-1] INFO  server.RaftServerConfigKeys (ConfUtils.java:logGet(46)) - raft.server.sleep.deviation.threshold = 300ms (default)
2022-10-13 11:28:42,715 [pool-241-thread-1] INFO  server.RaftServer$Division (ServerState.java:<init>(107)) - 9955ffcb-bd67-4d70-a6ef-07cfdefe4b35@group-0EF347CFE542: ConfigurationManager, init=-1: [9955ffcb-bd67-4d70-a6ef-07cfdefe4b35|rpc:10.1.0.139:42729|priority:1], old=null, confs=<EMPTY_MAP>
2022-10-13 11:28:42,715 [pool-241-thread-1] INFO  server.RaftServerConfigKeys (ConfUtils.java:logGet(46)) - raft.server.storage.dir = [/home/runner/work/ozone/ozone/hadoop-ozone/integration-test/target/test-dir/MiniOzoneClusterImpl-e80e85d6-a50a-47d0-a504-2468c00e5ca2/datanode-1/data/ratis] (custom)
2022-10-13 11:28:42,715 [pool-241-thread-1] INFO  server.RaftServerConfigKeys (ConfUtils.java:logGet(46)) - raft.server.log.corruption.policy = EXCEPTION (default)
2022-10-13 11:28:42,715 [pool-241-thread-1] INFO  server.RaftServerConfigKeys (ConfUtils.java:logGet(46)) - raft.server.storage.free-space.min = 0MB (=0) (default)
2022-10-13 11:28:42,716 [pool-241-thread-1] INFO  storage.RaftStorageDirectory (RaftStorageDirectoryImpl.java:analyzeStorage(135)) - The storage directory /home/runner/work/ozone/ozone/hadoop-ozone/integration-test/target/test-dir/MiniOzoneClusterImpl-e80e85d6-a50a-47d0-a504-2468c00e5ca2/datanode-1/data/ratis/c1399d32-473a-42a1-ae5a-0ef347cfe542 does not exist. Creating ...
2022-10-13 11:28:42,717 [pool-241-thread-1] INFO  storage.RaftStorageDirectory (RaftStorageDirectoryImpl.java:tryLock(230)) - Lock on /home/runner/work/ozone/ozone/hadoop-ozone/integration-test/target/test-dir/MiniOzoneClusterImpl-e80e85d6-a50a-47d0-a504-2468c00e5ca2/datanode-1/data/ratis/c1399d32-473a-42a1-ae5a-0ef347cfe542/in_use.lock acquired by nodename 2264@fv-az447-90
2022-10-13 11:28:42,719 [pool-241-thread-1] INFO  storage.RaftStorage (RaftStorageImpl.java:format(89)) - Storage directory /home/runner/work/ozone/ozone/hadoop-ozone/integration-test/target/test-dir/MiniOzoneClusterImpl-e80e85d6-a50a-47d0-a504-2468c00e5ca2/datanode-1/data/ratis/c1399d32-473a-42a1-ae5a-0ef347cfe542 has been successfully formatted.
2022-10-13 11:28:42,719 [pool-241-thread-1] INFO  ratis.ContainerStateMachine (ContainerStateMachine.java:loadSnapshot(236)) - group-0EF347CFE542: The snapshot info is null. Setting the last applied indexto:(t:0, i:~)
2022-10-13 11:28:42,719 [pool-241-thread-1] INFO  server.RaftServerConfigKeys (ConfUtils.java:logGet(46)) - raft.server.notification.no-leader.timeout = 300s (custom)
2022-10-13 11:28:42,720 [pool-241-thread-1] INFO  server.RaftServerConfigKeys (ConfUtils.java:logGet(46)) - raft.server.log.use.memory = false (default)
2022-10-13 11:28:42,720 [pool-241-thread-1] INFO  server.RaftServerConfigKeys (ConfUtils.java:logGet(46)) - raft.server.log.purge.gap = 1000000 (custom)
2022-10-13 11:28:42,720 [pool-241-thread-1] INFO  server.RaftServerConfigKeys (ConfUtils.java:logGet(46)) - raft.server.log.appender.buffer.byte-limit = 33554432 (custom)
2022-10-13 11:28:42,720 [pool-241-thread-1] INFO  server.RaftServerConfigKeys (ConfUtils.java:logGet(46)) - raft.server.log.statemachine.data.read.timeout = 1000ms (default)
2022-10-13 11:28:42,720 [pool-241-thread-1] INFO  server.RaftServerConfigKeys (ConfUtils.java:logGet(46)) - raft.server.log.segment.size.max = 1048576 (custom)
2022-10-13 11:28:42,721 [EventQueue-PipelineReportForPipelineReportHandler] INFO  pipeline.PipelineManagerImpl (PipelineManagerImpl.java:openPipeline(367)) - Pipeline Pipeline[ Id: c1399d32-473a-42a1-ae5a-0ef347cfe542, Nodes: 9955ffcb-bd67-4d70-a6ef-07cfdefe4b35{ip: 10.1.0.139, host: fv-az447-90.tnmeiuxxsqeu3byeydcnbj0j5d.dx.internal.cloudapp.net, ports: [REPLICATION=35107, RATIS=42729, RATIS_ADMIN=42729, RATIS_SERVER=42729, STANDALONE=35337], networkLocation: /default-rack, certSerialId: null, persistedOpState: IN_SERVICE, persistedOpStateExpiryEpochSec: 0}, ReplicationConfig: RATIS/ONE, State:ALLOCATED, leaderId:9955ffcb-bd67-4d70-a6ef-07cfdefe4b35, CreationTimestamp2022-10-13T11:28:39.718Z[Etc/UTC]] moved to OPEN state
2022-10-13 11:28:42,722 [EventQueue-OpenPipelineForHealthyPipelineSafeModeRule] INFO  safemode.SCMSafeModeManager (HealthyPipelineSafeModeRule.java:process(137)) - SCM in safe mode. Healthy pipelines reported count is 0, required healthy pipeline reported count is 1
2022-10-13 11:28:42,722 [pool-241-thread-1] INFO  server.RaftServerConfigKeys (ConfUtils.java:logGet(46)) - raft.server.log.segment.cache.num.max = 2 (custom)
2022-10-13 11:28:42,723 [pool-241-thread-1] INFO  server.RaftServerConfigKeys (ConfUtils.java:logGet(46)) - raft.server.log.segment.cache.size.max = 200MB (=209715200) (default)
2022-10-13 11:28:42,723 [pool-241-thread-1] INFO  segmented.SegmentedRaftLogWorker (SegmentedRaftLogWorker.java:<init>(187)) - new 9955ffcb-bd67-4d70-a6ef-07cfdefe4b35@group-0EF347CFE542-SegmentedRaftLogWorker for RaftStorageImpl:Storage Directory /home/runner/work/ozone/ozone/hadoop-ozone/integration-test/target/test-dir/MiniOzoneClusterImpl-e80e85d6-a50a-47d0-a504-2468c00e5ca2/datanode-1/data/ratis/c1399d32-473a-42a1-ae5a-0ef347cfe542
2022-10-13 11:28:42,723 [pool-241-thread-1] INFO  server.RaftServerConfigKeys (ConfUtils.java:logGet(46)) - raft.server.log.queue.byte-limit = 4294967296 (custom)
2022-10-13 11:28:42,723 [pool-241-thread-1] INFO  server.RaftServerConfigKeys (ConfUtils.java:logGet(46)) - raft.server.log.queue.element-limit = 1024 (custom)
2022-10-13 11:28:42,723 [pool-241-thread-1] INFO  server.RaftServerConfigKeys (ConfUtils.java:logGet(46)) - raft.server.log.segment.size.max = 1048576 (custom)
2022-10-13 11:28:42,723 [pool-241-thread-1] INFO  server.RaftServerConfigKeys (ConfUtils.java:logGet(46)) - raft.server.log.preallocated.size = 16384 (custom)
2022-10-13 11:28:42,723 [pool-241-thread-1] INFO  server.RaftServerConfigKeys (ConfUtils.java:logGet(46)) - raft.server.log.force.sync.num = 128 (default)
2022-10-13 11:28:42,723 [pool-241-thread-1] INFO  server.RaftServerConfigKeys (ConfUtils.java:logGet(46)) - raft.server.log.statemachine.data.sync = true (default)
2022-10-13 11:28:42,723 [pool-241-thread-1] INFO  server.RaftServerConfigKeys (ConfUtils.java:logGet(46)) - raft.server.log.statemachine.data.sync.timeout = 10s (default)
2022-10-13 11:28:42,723 [pool-241-thread-1] INFO  server.RaftServerConfigKeys (ConfUtils.java:logGet(46)) - raft.server.log.statemachine.data.sync.timeout.retry = -1 (default)
2022-10-13 11:28:42,724 [pool-241-thread-1] INFO  server.RaftServerConfigKeys (ConfUtils.java:logGet(46)) - raft.server.log.write.buffer.size = 1048576 (custom)
2022-10-13 11:28:42,725 [pool-241-thread-1] INFO  server.RaftServerConfigKeys (ConfUtils.java:logGet(46)) - raft.server.log.unsafe-flush.enabled = false (default)
2022-10-13 11:28:42,725 [pool-241-thread-1] INFO  server.RaftServerConfigKeys (ConfUtils.java:logGet(46)) - raft.server.log.statemachine.data.caching.enabled = true (custom)
2022-10-13 11:28:42,725 [pool-241-thread-1] INFO  segmented.SegmentedRaftLogWorker (SegmentedRaftLogWorker.java:lambda$new$0(135)) - 9955ffcb-bd67-4d70-a6ef-07cfdefe4b35@group-0EF347CFE542-SegmentedRaftLogWorker: flushIndex: setUnconditionally 0 -> -1
2022-10-13 11:28:42,725 [pool-241-thread-1] INFO  segmented.SegmentedRaftLogWorker (SegmentedRaftLogWorker.java:lambda$new$0(135)) - 9955ffcb-bd67-4d70-a6ef-07cfdefe4b35@group-0EF347CFE542-SegmentedRaftLogWorker: safeCacheEvictIndex: setUnconditionally 0 -> -1
2022-10-13 11:28:42,725 [pool-241-thread-1] INFO  server.RaftServerConfigKeys (ConfUtils.java:logGet(46)) - raft.server.snapshot.auto.trigger.enabled = true (custom)
2022-10-13 11:28:42,726 [pool-241-thread-1] INFO  server.RaftServerConfigKeys (ConfUtils.java:logGet(46)) - raft.server.snapshot.auto.trigger.threshold = 10000 (custom)
2022-10-13 11:28:42,726 [pool-241-thread-1] INFO  server.RaftServerConfigKeys (ConfUtils.java:logGet(46)) - raft.server.snapshot.retention.file.num = 5 (custom)
2022-10-13 11:28:42,726 [pool-241-thread-1] INFO  server.RaftServerConfigKeys (ConfUtils.java:logGet(46)) - raft.server.log.purge.upto.snapshot.index = false (default)
2022-10-13 11:28:42,726 [pool-241-thread-1] INFO  server.RaftServerConfigKeys (ConfUtils.java:logGet(46)) - raft.server.retrycache.expirytime = 600000ms (custom)
2022-10-13 11:28:42,726 [pool-241-thread-1] INFO  server.RaftServerConfigKeys (ConfUtils.java:logGet(46)) - raft.server.retrycache.statistics.expirytime = 100μs (default)
2022-10-13 11:28:42,727 [pool-241-thread-1] INFO  server.RaftServerConfigKeys (ConfUtils.java:logGet(46)) - raft.server.log.appender.install.snapshot.enabled = false (custom)
2022-10-13 11:28:42,727 [pool-241-thread-1] INFO  server.RaftServerConfigKeys (ConfUtils.java:logGet(46)) - raft.server.threadpool.server.cached = true (default)
2022-10-13 11:28:42,727 [pool-241-thread-1] INFO  server.RaftServerConfigKeys (ConfUtils.java:logGet(46)) - raft.server.threadpool.server.size = 0 (default)
2022-10-13 11:28:42,727 [pool-241-thread-1] INFO  server.RaftServerConfigKeys (ConfUtils.java:logGet(46)) - raft.server.threadpool.client.cached = true (default)
2022-10-13 11:28:42,727 [pool-241-thread-1] INFO  server.RaftServerConfigKeys (ConfUtils.java:logGet(46)) - raft.server.threadpool.client.size = 0 (default)
2022-10-13 11:28:42,727 [pool-241-thread-1] INFO  server.RaftServer$Division (RaftServerImpl.java:start(310)) - 9955ffcb-bd67-4d70-a6ef-07cfdefe4b35@group-0EF347CFE542: start as a follower, conf=-1: [9955ffcb-bd67-4d70-a6ef-07cfdefe4b35|rpc:10.1.0.139:42729|priority:1], old=null
2022-10-13 11:28:42,727 [pool-241-thread-1] INFO  server.RaftServer$Division (RaftServerImpl.java:setRole(299)) - 9955ffcb-bd67-4d70-a6ef-07cfdefe4b35@group-0EF347CFE542: changes role from      null to FOLLOWER at term 0 for startAsFollower
2022-10-13 11:28:42,727 [pool-241-thread-1] INFO  impl.RoleInfo (RoleInfo.java:updateAndGet(139)) - 9955ffcb-bd67-4d70-a6ef-07cfdefe4b35: start 9955ffcb-bd67-4d70-a6ef-07cfdefe4b35@group-0EF347CFE542-FollowerState
2022-10-13 11:28:42,731 [pool-241-thread-1] INFO  util.JmxRegister (JmxRegister.java:tryRegister(44)) - Successfully registered JMX Bean with object name Ratis:service=RaftServer,group=group-0EF347CFE542,id=9955ffcb-bd67-4d70-a6ef-07cfdefe4b35
2022-10-13 11:28:42,732 [Command processor thread] INFO  ratis.XceiverServerRatis (XceiverServerRatis.java:addGroup(765)) - Created group PipelineID=c1399d32-473a-42a1-ae5a-0ef347cfe542
2022-10-13 11:28:42,732 [Command processor thread] INFO  commandhandler.CreatePipelineCommandHandler (CreatePipelineCommandHandler.java:handle(113)) - Created Pipeline RATIS ONE PipelineID=c1399d32-473a-42a1-ae5a-0ef347cfe542.
2022-10-13 11:28:43,047 [Command processor thread] INFO  server.RaftServer (RaftServerProxy.java:addNew(96)) - 8d6e4cdb-fad5-4da7-a1e6-63da48c44a59: addNew group-7A9EDF3DC25F:[8d6e4cdb-fad5-4da7-a1e6-63da48c44a59|rpc:10.1.0.139:43781|priority:1] returns group-7A9EDF3DC25F:java.util.concurrent.CompletableFuture@31ba5864[Not completed]
2022-10-13 11:28:43,048 [pool-264-thread-1] INFO  server.RaftServer$Division (RaftServerImpl.java:<init>(190)) - 8d6e4cdb-fad5-4da7-a1e6-63da48c44a59: new RaftServerImpl for group-7A9EDF3DC25F:[8d6e4cdb-fad5-4da7-a1e6-63da48c44a59|rpc:10.1.0.139:43781|priority:1] with ContainerStateMachine:uninitialized
2022-10-13 11:28:43,049 [pool-264-thread-1] INFO  server.RaftServerConfigKeys (ConfUtils.java:logGet(46)) - raft.server.rpc.timeout.min = 5s (custom)
2022-10-13 11:28:43,049 [pool-264-thread-1] INFO  server.RaftServerConfigKeys (ConfUtils.java:logGet(46)) - raft.server.rpc.timeout.max = 5200ms (custom)
2022-10-13 11:28:43,049 [pool-264-thread-1] INFO  server.RaftServerConfigKeys (ConfUtils.java:logGet(46)) - raft.server.rpc.sleep.time = 25ms (default)
2022-10-13 11:28:43,049 [pool-264-thread-1] INFO  server.RaftServerConfigKeys (ConfUtils.java:logGet(46)) - raft.server.rpc.slowness.timeout = 300s (custom)
2022-10-13 11:28:43,049 [pool-264-thread-1] INFO  server.RaftServerConfigKeys (ConfUtils.java:logGet(46)) - raft.server.leaderelection.leader.step-down.wait-time = 10s (default)
2022-10-13 11:28:43,049 [pool-264-thread-1] INFO  server.RaftServerConfigKeys (ConfUtils.java:logGet(46)) - raft.server.sleep.deviation.threshold = 300ms (default)
2022-10-13 11:28:43,049 [pool-264-thread-1] INFO  server.RaftServer$Division (ServerState.java:<init>(107)) - 8d6e4cdb-fad5-4da7-a1e6-63da48c44a59@group-7A9EDF3DC25F: ConfigurationManager, init=-1: [8d6e4cdb-fad5-4da7-a1e6-63da48c44a59|rpc:10.1.0.139:43781|priority:1], old=null, confs=<EMPTY_MAP>
2022-10-13 11:28:43,049 [pool-264-thread-1] INFO  server.RaftServerConfigKeys (ConfUtils.java:logGet(46)) - raft.server.storage.dir = [/home/runner/work/ozone/ozone/hadoop-ozone/integration-test/target/test-dir/MiniOzoneClusterImpl-e80e85d6-a50a-47d0-a504-2468c00e5ca2/datanode-2/data/ratis] (custom)
2022-10-13 11:28:43,049 [pool-264-thread-1] INFO  server.RaftServerConfigKeys (ConfUtils.java:logGet(46)) - raft.server.log.corruption.policy = EXCEPTION (default)
2022-10-13 11:28:43,049 [pool-264-thread-1] INFO  server.RaftServerConfigKeys (ConfUtils.java:logGet(46)) - raft.server.storage.free-space.min = 0MB (=0) (default)
2022-10-13 11:28:43,050 [pool-264-thread-1] INFO  storage.RaftStorageDirectory (RaftStorageDirectoryImpl.java:analyzeStorage(135)) - The storage directory /home/runner/work/ozone/ozone/hadoop-ozone/integration-test/target/test-dir/MiniOzoneClusterImpl-e80e85d6-a50a-47d0-a504-2468c00e5ca2/datanode-2/data/ratis/113bf075-c0db-449b-8567-7a9edf3dc25f does not exist. Creating ...
2022-10-13 11:28:43,050 [Listener at 127.0.0.1/46823] INFO  ozone.MiniOzoneClusterImpl (MiniOzoneClusterImpl.java:lambda$waitForClusterToBeReady$0(216)) - Nodes are ready. Got 3 of 3 DN Heartbeats.
2022-10-13 11:28:43,050 [Listener at 127.0.0.1/46823] INFO  ozone.MiniOzoneClusterImpl (MiniOzoneClusterImpl.java:lambda$waitForClusterToBeReady$0(219)) - Waiting for cluster to exit safe mode
2022-10-13 11:28:43,051 [Listener at 127.0.0.1/46823] INFO  ozone.MiniOzoneClusterImpl (MiniOzoneClusterImpl.java:lambda$waitForClusterToBeReady$0(221)) - SCM became leader
2022-10-13 11:28:43,052 [pool-264-thread-1] INFO  storage.RaftStorageDirectory (RaftStorageDirectoryImpl.java:tryLock(230)) - Lock on /home/runner/work/ozone/ozone/hadoop-ozone/integration-test/target/test-dir/MiniOzoneClusterImpl-e80e85d6-a50a-47d0-a504-2468c00e5ca2/datanode-2/data/ratis/113bf075-c0db-449b-8567-7a9edf3dc25f/in_use.lock acquired by nodename 2264@fv-az447-90
2022-10-13 11:28:43,054 [pool-264-thread-1] INFO  storage.RaftStorage (RaftStorageImpl.java:format(89)) - Storage directory /home/runner/work/ozone/ozone/hadoop-ozone/integration-test/target/test-dir/MiniOzoneClusterImpl-e80e85d6-a50a-47d0-a504-2468c00e5ca2/datanode-2/data/ratis/113bf075-c0db-449b-8567-7a9edf3dc25f has been successfully formatted.
2022-10-13 11:28:43,054 [pool-264-thread-1] INFO  ratis.ContainerStateMachine (ContainerStateMachine.java:loadSnapshot(236)) - group-7A9EDF3DC25F: The snapshot info is null. Setting the last applied indexto:(t:0, i:~)
2022-10-13 11:28:43,054 [pool-264-thread-1] INFO  server.RaftServerConfigKeys (ConfUtils.java:logGet(46)) - raft.server.notification.no-leader.timeout = 300s (custom)
2022-10-13 11:28:43,055 [pool-264-thread-1] INFO  server.RaftServerConfigKeys (ConfUtils.java:logGet(46)) - raft.server.log.use.memory = false (default)
2022-10-13 11:28:43,055 [pool-264-thread-1] INFO  server.RaftServerConfigKeys (ConfUtils.java:logGet(46)) - raft.server.log.purge.gap = 1000000 (custom)
2022-10-13 11:28:43,055 [pool-264-thread-1] INFO  server.RaftServerConfigKeys (ConfUtils.java:logGet(46)) - raft.server.log.appender.buffer.byte-limit = 33554432 (custom)
2022-10-13 11:28:43,055 [pool-264-thread-1] INFO  server.RaftServerConfigKeys (ConfUtils.java:logGet(46)) - raft.server.log.statemachine.data.read.timeout = 1000ms (default)
2022-10-13 11:28:43,056 [pool-264-thread-1] INFO  server.RaftServerConfigKeys (ConfUtils.java:logGet(46)) - raft.server.log.segment.size.max = 1048576 (custom)
2022-10-13 11:28:43,056 [pool-264-thread-1] INFO  server.RaftServerConfigKeys (ConfUtils.java:logGet(46)) - raft.server.log.segment.cache.num.max = 2 (custom)
2022-10-13 11:28:43,056 [EventQueue-PipelineReportForPipelineReportHandler] INFO  pipeline.PipelineManagerImpl (PipelineManagerImpl.java:openPipeline(367)) - Pipeline Pipeline[ Id: 113bf075-c0db-449b-8567-7a9edf3dc25f, Nodes: 8d6e4cdb-fad5-4da7-a1e6-63da48c44a59{ip: 10.1.0.139, host: fv-az447-90.tnmeiuxxsqeu3byeydcnbj0j5d.dx.internal.cloudapp.net, ports: [REPLICATION=35985, RATIS=43781, RATIS_ADMIN=43781, RATIS_SERVER=43781, STANDALONE=33431], networkLocation: /default-rack, certSerialId: null, persistedOpState: IN_SERVICE, persistedOpStateExpiryEpochSec: 0}, ReplicationConfig: RATIS/ONE, State:ALLOCATED, leaderId:8d6e4cdb-fad5-4da7-a1e6-63da48c44a59, CreationTimestamp2022-10-13T11:28:40.049Z[Etc/UTC]] moved to OPEN state
2022-10-13 11:28:43,057 [EventQueue-OpenPipelineForHealthyPipelineSafeModeRule] INFO  safemode.SCMSafeModeManager (HealthyPipelineSafeModeRule.java:process(137)) - SCM in safe mode. Healthy pipelines reported count is 0, required healthy pipeline reported count is 1
2022-10-13 11:28:43,057 [pool-264-thread-1] INFO  server.RaftServerConfigKeys (ConfUtils.java:logGet(46)) - raft.server.log.segment.cache.size.max = 200MB (=209715200) (default)
2022-10-13 11:28:43,059 [pool-264-thread-1] INFO  segmented.SegmentedRaftLogWorker (SegmentedRaftLogWorker.java:<init>(187)) - new 8d6e4cdb-fad5-4da7-a1e6-63da48c44a59@group-7A9EDF3DC25F-SegmentedRaftLogWorker for RaftStorageImpl:Storage Directory /home/runner/work/ozone/ozone/hadoop-ozone/integration-test/target/test-dir/MiniOzoneClusterImpl-e80e85d6-a50a-47d0-a504-2468c00e5ca2/datanode-2/data/ratis/113bf075-c0db-449b-8567-7a9edf3dc25f
2022-10-13 11:28:43,059 [pool-264-thread-1] INFO  server.RaftServerConfigKeys (ConfUtils.java:logGet(46)) - raft.server.log.queue.byte-limit = 4294967296 (custom)
2022-10-13 11:28:43,059 [pool-264-thread-1] INFO  server.RaftServerConfigKeys (ConfUtils.java:logGet(46)) - raft.server.log.queue.element-limit = 1024 (custom)
2022-10-13 11:28:43,059 [pool-264-thread-1] INFO  server.RaftServerConfigKeys (ConfUtils.java:logGet(46)) - raft.server.log.segment.size.max = 1048576 (custom)
2022-10-13 11:28:43,059 [pool-264-thread-1] INFO  server.RaftServerConfigKeys (ConfUtils.java:logGet(46)) - raft.server.log.preallocated.size = 16384 (custom)
2022-10-13 11:28:43,059 [pool-264-thread-1] INFO  server.RaftServerConfigKeys (ConfUtils.java:logGet(46)) - raft.server.log.force.sync.num = 128 (default)
2022-10-13 11:28:43,059 [pool-264-thread-1] INFO  server.RaftServerConfigKeys (ConfUtils.java:logGet(46)) - raft.server.log.statemachine.data.sync = true (default)
2022-10-13 11:28:43,059 [pool-264-thread-1] INFO  server.RaftServerConfigKeys (ConfUtils.java:logGet(46)) - raft.server.log.statemachine.data.sync.timeout = 10s (default)
2022-10-13 11:28:43,059 [pool-264-thread-1] INFO  server.RaftServerConfigKeys (ConfUtils.java:logGet(46)) - raft.server.log.statemachine.data.sync.timeout.retry = -1 (default)
2022-10-13 11:28:43,060 [pool-264-thread-1] INFO  server.RaftServerConfigKeys (ConfUtils.java:logGet(46)) - raft.server.log.write.buffer.size = 1048576 (custom)
2022-10-13 11:28:43,061 [pool-264-thread-1] INFO  server.RaftServerConfigKeys (ConfUtils.java:logGet(46)) - raft.server.log.unsafe-flush.enabled = false (default)
2022-10-13 11:28:43,061 [pool-264-thread-1] INFO  server.RaftServerConfigKeys (ConfUtils.java:logGet(46)) - raft.server.log.statemachine.data.caching.enabled = true (custom)
2022-10-13 11:28:43,061 [pool-264-thread-1] INFO  segmented.SegmentedRaftLogWorker (SegmentedRaftLogWorker.java:lambda$new$0(135)) - 8d6e4cdb-fad5-4da7-a1e6-63da48c44a59@group-7A9EDF3DC25F-SegmentedRaftLogWorker: flushIndex: setUnconditionally 0 -> -1
2022-10-13 11:28:43,061 [pool-264-thread-1] INFO  segmented.SegmentedRaftLogWorker (SegmentedRaftLogWorker.java:lambda$new$0(135)) - 8d6e4cdb-fad5-4da7-a1e6-63da48c44a59@group-7A9EDF3DC25F-SegmentedRaftLogWorker: safeCacheEvictIndex: setUnconditionally 0 -> -1
2022-10-13 11:28:43,061 [pool-264-thread-1] INFO  server.RaftServerConfigKeys (ConfUtils.java:logGet(46)) - raft.server.snapshot.auto.trigger.enabled = true (custom)
2022-10-13 11:28:43,061 [pool-264-thread-1] INFO  server.RaftServerConfigKeys (ConfUtils.java:logGet(46)) - raft.server.snapshot.auto.trigger.threshold = 10000 (custom)
2022-10-13 11:28:43,061 [pool-264-thread-1] INFO  server.RaftServerConfigKeys (ConfUtils.java:logGet(46)) - raft.server.snapshot.retention.file.num = 5 (custom)
2022-10-13 11:28:43,061 [pool-264-thread-1] INFO  server.RaftServerConfigKeys (ConfUtils.java:logGet(46)) - raft.server.log.purge.upto.snapshot.index = false (default)
2022-10-13 11:28:43,062 [pool-264-thread-1] INFO  server.RaftServerConfigKeys (ConfUtils.java:logGet(46)) - raft.server.retrycache.expirytime = 600000ms (custom)
2022-10-13 11:28:43,062 [pool-264-thread-1] INFO  server.RaftServerConfigKeys (ConfUtils.java:logGet(46)) - raft.server.retrycache.statistics.expirytime = 100μs (default)
2022-10-13 11:28:43,063 [pool-264-thread-1] INFO  server.RaftServerConfigKeys (ConfUtils.java:logGet(46)) - raft.server.log.appender.install.snapshot.enabled = false (custom)
2022-10-13 11:28:43,063 [pool-264-thread-1] INFO  server.RaftServerConfigKeys (ConfUtils.java:logGet(46)) - raft.server.threadpool.server.cached = true (default)
2022-10-13 11:28:43,063 [pool-264-thread-1] INFO  server.RaftServerConfigKeys (ConfUtils.java:logGet(46)) - raft.server.threadpool.server.size = 0 (default)
2022-10-13 11:28:43,063 [pool-264-thread-1] INFO  server.RaftServerConfigKeys (ConfUtils.java:logGet(46)) - raft.server.threadpool.client.cached = true (default)
2022-10-13 11:28:43,063 [pool-264-thread-1] INFO  server.RaftServerConfigKeys (ConfUtils.java:logGet(46)) - raft.server.threadpool.client.size = 0 (default)
2022-10-13 11:28:43,063 [pool-264-thread-1] INFO  server.RaftServer$Division (RaftServerImpl.java:start(310)) - 8d6e4cdb-fad5-4da7-a1e6-63da48c44a59@group-7A9EDF3DC25F: start as a follower, conf=-1: [8d6e4cdb-fad5-4da7-a1e6-63da48c44a59|rpc:10.1.0.139:43781|priority:1], old=null
2022-10-13 11:28:43,063 [pool-264-thread-1] INFO  server.RaftServer$Division (RaftServerImpl.java:setRole(299)) - 8d6e4cdb-fad5-4da7-a1e6-63da48c44a59@group-7A9EDF3DC25F: changes role from      null to FOLLOWER at term 0 for startAsFollower
2022-10-13 11:28:43,063 [pool-264-thread-1] INFO  impl.RoleInfo (RoleInfo.java:updateAndGet(139)) - 8d6e4cdb-fad5-4da7-a1e6-63da48c44a59: start 8d6e4cdb-fad5-4da7-a1e6-63da48c44a59@group-7A9EDF3DC25F-FollowerState
2022-10-13 11:28:43,071 [pool-264-thread-1] INFO  util.JmxRegister (JmxRegister.java:tryRegister(44)) - Successfully registered JMX Bean with object name Ratis:service=RaftServer,group=group-7A9EDF3DC25F,id=8d6e4cdb-fad5-4da7-a1e6-63da48c44a59
2022-10-13 11:28:43,071 [Command processor thread] INFO  ratis.XceiverServerRatis (XceiverServerRatis.java:addGroup(765)) - Created group PipelineID=113bf075-c0db-449b-8567-7a9edf3dc25f
2022-10-13 11:28:43,073 [Command processor thread] INFO  commandhandler.CreatePipelineCommandHandler (CreatePipelineCommandHandler.java:handle(113)) - Created Pipeline RATIS ONE PipelineID=113bf075-c0db-449b-8567-7a9edf3dc25f.
2022-10-13 11:28:44,051 [Listener at 127.0.0.1/46823] INFO  ozone.MiniOzoneClusterImpl (MiniOzoneClusterImpl.java:lambda$waitForClusterToBeReady$0(216)) - Nodes are ready. Got 3 of 3 DN Heartbeats.
2022-10-13 11:28:44,051 [Listener at 127.0.0.1/46823] INFO  ozone.MiniOzoneClusterImpl (MiniOzoneClusterImpl.java:lambda$waitForClusterToBeReady$0(219)) - Waiting for cluster to exit safe mode
2022-10-13 11:28:44,052 [Listener at 127.0.0.1/46823] INFO  ozone.MiniOzoneClusterImpl (MiniOzoneClusterImpl.java:lambda$waitForClusterToBeReady$0(221)) - SCM became leader
2022-10-13 11:28:45,052 [Listener at 127.0.0.1/46823] INFO  ozone.MiniOzoneClusterImpl (MiniOzoneClusterImpl.java:lambda$waitForClusterToBeReady$0(216)) - Nodes are ready. Got 3 of 3 DN Heartbeats.
2022-10-13 11:28:45,052 [Listener at 127.0.0.1/46823] INFO  ozone.MiniOzoneClusterImpl (MiniOzoneClusterImpl.java:lambda$waitForClusterToBeReady$0(219)) - Waiting for cluster to exit safe mode
2022-10-13 11:28:45,052 [Listener at 127.0.0.1/46823] INFO  ozone.MiniOzoneClusterImpl (MiniOzoneClusterImpl.java:lambda$waitForClusterToBeReady$0(221)) - SCM became leader
2022-10-13 11:28:46,053 [Listener at 127.0.0.1/46823] INFO  ozone.MiniOzoneClusterImpl (MiniOzoneClusterImpl.java:lambda$waitForClusterToBeReady$0(216)) - Nodes are ready. Got 3 of 3 DN Heartbeats.
2022-10-13 11:28:46,053 [Listener at 127.0.0.1/46823] INFO  ozone.MiniOzoneClusterImpl (MiniOzoneClusterImpl.java:lambda$waitForClusterToBeReady$0(219)) - Waiting for cluster to exit safe mode
2022-10-13 11:28:46,053 [Listener at 127.0.0.1/46823] INFO  ozone.MiniOzoneClusterImpl (MiniOzoneClusterImpl.java:lambda$waitForClusterToBeReady$0(221)) - SCM became leader
2022-10-13 11:28:47,053 [Listener at 127.0.0.1/46823] INFO  ozone.MiniOzoneClusterImpl (MiniOzoneClusterImpl.java:lambda$waitForClusterToBeReady$0(216)) - Nodes are ready. Got 3 of 3 DN Heartbeats.
2022-10-13 11:28:47,054 [Listener at 127.0.0.1/46823] INFO  ozone.MiniOzoneClusterImpl (MiniOzoneClusterImpl.java:lambda$waitForClusterToBeReady$0(219)) - Waiting for cluster to exit safe mode
2022-10-13 11:28:47,054 [Listener at 127.0.0.1/46823] INFO  ozone.MiniOzoneClusterImpl (MiniOzoneClusterImpl.java:lambda$waitForClusterToBeReady$0(221)) - SCM became leader
2022-10-13 11:28:47,450 [e6e6f4e0-cab5-400e-aa02-aaa4db568b90@group-963033228945-FollowerState] INFO  impl.FollowerState (FollowerState.java:run(143)) - e6e6f4e0-cab5-400e-aa02-aaa4db568b90@group-963033228945-FollowerState: change to CANDIDATE, lastRpcElapsedTime:5122133094ns, electionTimeout:5121ms
2022-10-13 11:28:47,450 [e6e6f4e0-cab5-400e-aa02-aaa4db568b90@group-963033228945-FollowerState] INFO  impl.RoleInfo (RoleInfo.java:shutdownFollowerState(110)) - e6e6f4e0-cab5-400e-aa02-aaa4db568b90: shutdown e6e6f4e0-cab5-400e-aa02-aaa4db568b90@group-963033228945-FollowerState
2022-10-13 11:28:47,450 [e6e6f4e0-cab5-400e-aa02-aaa4db568b90@group-963033228945-FollowerState] INFO  server.RaftServer$Division (RaftServerImpl.java:setRole(299)) - e6e6f4e0-cab5-400e-aa02-aaa4db568b90@group-963033228945: changes role from  FOLLOWER to CANDIDATE at term 0 for changeToCandidate
2022-10-13 11:28:47,451 [e6e6f4e0-cab5-400e-aa02-aaa4db568b90@group-963033228945-FollowerState] INFO  server.RaftServerConfigKeys (ConfUtils.java:logGet(46)) - raft.server.leaderelection.pre-vote = false (custom)
2022-10-13 11:28:47,451 [e6e6f4e0-cab5-400e-aa02-aaa4db568b90@group-963033228945-FollowerState] INFO  impl.RoleInfo (RoleInfo.java:updateAndGet(139)) - e6e6f4e0-cab5-400e-aa02-aaa4db568b90: start e6e6f4e0-cab5-400e-aa02-aaa4db568b90@group-963033228945-LeaderElection8
2022-10-13 11:28:47,455 [e6e6f4e0-cab5-400e-aa02-aaa4db568b90@group-963033228945-LeaderElection8] INFO  impl.LeaderElection (LeaderElection.java:askForVotes(310)) - e6e6f4e0-cab5-400e-aa02-aaa4db568b90@group-963033228945-LeaderElection8 ELECTION round 0: submit vote requests at term 1 for -1: [e6e6f4e0-cab5-400e-aa02-aaa4db568b90|rpc:10.1.0.139:36441|priority:1], old=null
2022-10-13 11:28:47,455 [e6e6f4e0-cab5-400e-aa02-aaa4db568b90@group-963033228945-LeaderElection8] INFO  impl.LeaderElection (LeaderElection.java:askForVotes(312)) - e6e6f4e0-cab5-400e-aa02-aaa4db568b90@group-963033228945-LeaderElection8 ELECTION round 0: result PASSED (term=1)
2022-10-13 11:28:47,455 [e6e6f4e0-cab5-400e-aa02-aaa4db568b90@group-963033228945-LeaderElection8] INFO  impl.RoleInfo (RoleInfo.java:shutdownLeaderElection(130)) - e6e6f4e0-cab5-400e-aa02-aaa4db568b90: shutdown e6e6f4e0-cab5-400e-aa02-aaa4db568b90@group-963033228945-LeaderElection8
2022-10-13 11:28:47,456 [e6e6f4e0-cab5-400e-aa02-aaa4db568b90@group-963033228945-LeaderElection8] INFO  server.RaftServer$Division (RaftServerImpl.java:setRole(299)) - e6e6f4e0-cab5-400e-aa02-aaa4db568b90@group-963033228945: changes role from CANDIDATE to LEADER at term 1 for changeToLeader
2022-10-13 11:28:47,456 [e6e6f4e0-cab5-400e-aa02-aaa4db568b90@group-963033228945-LeaderElection8] INFO  ratis.XceiverServerRatis (XceiverServerRatis.java:handleLeaderChangedNotification(863)) - Leader change notification received for group: group-963033228945 with new leaderId: e6e6f4e0-cab5-400e-aa02-aaa4db568b90
2022-10-13 11:28:47,458 [9955ffcb-bd67-4d70-a6ef-07cfdefe4b35@group-A6960E8EB4F8-FollowerState] INFO  impl.FollowerState (FollowerState.java:run(143)) - 9955ffcb-bd67-4d70-a6ef-07cfdefe4b35@group-A6960E8EB4F8-FollowerState: change to CANDIDATE, lastRpcElapsedTime:5070709910ns, electionTimeout:5067ms
2022-10-13 11:28:47,458 [9955ffcb-bd67-4d70-a6ef-07cfdefe4b35@group-A6960E8EB4F8-FollowerState] INFO  impl.RoleInfo (RoleInfo.java:shutdownFollowerState(110)) - 9955ffcb-bd67-4d70-a6ef-07cfdefe4b35: shutdown 9955ffcb-bd67-4d70-a6ef-07cfdefe4b35@group-A6960E8EB4F8-FollowerState
2022-10-13 11:28:47,458 [e6e6f4e0-cab5-400e-aa02-aaa4db568b90@group-963033228945-LeaderElection8] INFO  server.RaftServer$Division (ServerState.java:setLeader(287)) - e6e6f4e0-cab5-400e-aa02-aaa4db568b90@group-963033228945: change Leader from null to e6e6f4e0-cab5-400e-aa02-aaa4db568b90 at term 1 for becomeLeader, leader elected after 5137ms
2022-10-13 11:28:47,458 [e6e6f4e0-cab5-400e-aa02-aaa4db568b90@group-963033228945-LeaderElection8] INFO  server.RaftServerConfigKeys (ConfUtils.java:logGet(46)) - raft.server.staging.catchup.gap = 1000 (default)
2022-10-13 11:28:47,458 [EventQueue-OpenPipelineForHealthyPipelineSafeModeRule] INFO  safemode.SCMSafeModeManager (HealthyPipelineSafeModeRule.java:process(137)) - SCM in safe mode. Healthy pipelines reported count is 0, required healthy pipeline reported count is 1
2022-10-13 11:28:47,458 [e6e6f4e0-cab5-400e-aa02-aaa4db568b90@group-963033228945-LeaderElection8] INFO  server.RaftServerConfigKeys (ConfUtils.java:logGet(46)) - raft.server.write.element-limit = 1024 (custom)
2022-10-13 11:28:47,458 [e6e6f4e0-cab5-400e-aa02-aaa4db568b90@group-963033228945-LeaderElection8] INFO  server.RaftServerConfigKeys (ConfUtils.java:logGet(46)) - raft.server.write.byte-limit = 1024 M (=1073741824) (custom)
2022-10-13 11:28:47,458 [9955ffcb-bd67-4d70-a6ef-07cfdefe4b35@group-A6960E8EB4F8-FollowerState] INFO  server.RaftServer$Division (RaftServerImpl.java:setRole(299)) - 9955ffcb-bd67-4d70-a6ef-07cfdefe4b35@group-A6960E8EB4F8: changes role from  FOLLOWER to CANDIDATE at term 0 for changeToCandidate
2022-10-13 11:28:47,459 [9955ffcb-bd67-4d70-a6ef-07cfdefe4b35@group-A6960E8EB4F8-FollowerState] INFO  server.RaftServerConfigKeys (ConfUtils.java:logGet(46)) - raft.server.leaderelection.pre-vote = false (custom)
2022-10-13 11:28:47,459 [9955ffcb-bd67-4d70-a6ef-07cfdefe4b35@group-A6960E8EB4F8-FollowerState] INFO  impl.RoleInfo (RoleInfo.java:updateAndGet(139)) - 9955ffcb-bd67-4d70-a6ef-07cfdefe4b35: start 9955ffcb-bd67-4d70-a6ef-07cfdefe4b35@group-A6960E8EB4F8-LeaderElection9
2022-10-13 11:28:47,459 [e6e6f4e0-cab5-400e-aa02-aaa4db568b90@group-963033228945-LeaderElection8] INFO  server.RaftServerConfigKeys (ConfUtils.java:logGet(46)) - raft.server.watch.timeout = 180s (custom)
2022-10-13 11:28:47,459 [e6e6f4e0-cab5-400e-aa02-aaa4db568b90@group-963033228945-LeaderElection8] INFO  server.RaftServerConfigKeys (ConfUtils.java:logGet(46)) - raft.server.watch.timeout.denomination = 1s (default)
2022-10-13 11:28:47,459 [e6e6f4e0-cab5-400e-aa02-aaa4db568b90@group-963033228945-LeaderElection8] INFO  server.RaftServerConfigKeys (ConfUtils.java:logGet(46)) - raft.server.watch.element-limit = 65536 (default)
2022-10-13 11:28:47,459 [e6e6f4e0-cab5-400e-aa02-aaa4db568b90@group-963033228945-LeaderElection8] INFO  server.RaftServerConfigKeys (ConfUtils.java:logGet(46)) - raft.server.write.element-limit = 1024 (custom)
2022-10-13 11:28:47,459 [e6e6f4e0-cab5-400e-aa02-aaa4db568b90@group-963033228945-LeaderElection8] INFO  server.RaftServerConfigKeys (ConfUtils.java:logGet(46)) - raft.server.write.follower.gap.ratio.max = -1.0 (default)
2022-10-13 11:28:47,459 [e6e6f4e0-cab5-400e-aa02-aaa4db568b90@group-963033228945-LeaderElection8] INFO  impl.RoleInfo (RoleInfo.java:updateAndGet(139)) - e6e6f4e0-cab5-400e-aa02-aaa4db568b90: start e6e6f4e0-cab5-400e-aa02-aaa4db568b90@group-963033228945-LeaderStateImpl
2022-10-13 11:28:47,460 [e6e6f4e0-cab5-400e-aa02-aaa4db568b90@group-963033228945-LeaderElection8] INFO  segmented.SegmentedRaftLogWorker (SegmentedRaftLogWorker.java:startLogSegment(425)) - e6e6f4e0-cab5-400e-aa02-aaa4db568b90@group-963033228945-SegmentedRaftLogWorker: Starting segment from index:0
2022-10-13 11:28:47,463 [e6e6f4e0-cab5-400e-aa02-aaa4db568b90@group-963033228945-LeaderElection8] INFO  server.RaftServer$Division (ServerState.java:setRaftConf(393)) - e6e6f4e0-cab5-400e-aa02-aaa4db568b90@group-963033228945: set configuration 0: [e6e6f4e0-cab5-400e-aa02-aaa4db568b90|rpc:10.1.0.139:36441|dataStream:|priority:1], old=null
2022-10-13 11:28:47,466 [9955ffcb-bd67-4d70-a6ef-07cfdefe4b35@group-A6960E8EB4F8-LeaderElection9] INFO  impl.LeaderElection (LeaderElection.java:askForVotes(310)) - 9955ffcb-bd67-4d70-a6ef-07cfdefe4b35@group-A6960E8EB4F8-LeaderElection9 ELECTION round 0: submit vote requests at term 1 for -1: [8d6e4cdb-fad5-4da7-a1e6-63da48c44a59|rpc:10.1.0.139:43781|dataStream:|priority:0, 9955ffcb-bd67-4d70-a6ef-07cfdefe4b35|rpc:10.1.0.139:42729|dataStream:|priority:1, e6e6f4e0-cab5-400e-aa02-aaa4db568b90|rpc:10.1.0.139:36441|dataStream:|priority:0], old=null
2022-10-13 11:28:47,466 [e6e6f4e0-cab5-400e-aa02-aaa4db568b90@group-963033228945-SegmentedRaftLogWorker] INFO  segmented.SegmentedRaftLogWorker (SegmentedRaftLogWorker.java:execute(629)) - e6e6f4e0-cab5-400e-aa02-aaa4db568b90@group-963033228945-SegmentedRaftLogWorker: created new log segment /home/runner/work/ozone/ozone/hadoop-ozone/integration-test/target/test-dir/MiniOzoneClusterImpl-e80e85d6-a50a-47d0-a504-2468c00e5ca2/datanode-0/data/ratis/1a7e874b-2afa-4045-bbb8-963033228945/current/log_inprogress_0
2022-10-13 11:28:47,481 [grpc-default-executor-0] INFO  server.RaftServer$Division (RaftServerImpl.java:requestVote(1152)) - 8d6e4cdb-fad5-4da7-a1e6-63da48c44a59@group-A6960E8EB4F8: receive requestVote(ELECTION, 9955ffcb-bd67-4d70-a6ef-07cfdefe4b35, group-A6960E8EB4F8, 1, (t:0, i:0))
2022-10-13 11:28:47,482 [grpc-default-executor-0] INFO  impl.VoteContext (VoteContext.java:log(48)) - 8d6e4cdb-fad5-4da7-a1e6-63da48c44a59@group-A6960E8EB4F8-FOLLOWER: accept ELECTION from 9955ffcb-bd67-4d70-a6ef-07cfdefe4b35: our priority 0 <= candidate's priority 1
2022-10-13 11:28:47,482 [grpc-default-executor-0] INFO  server.RaftServer$Division (RaftServerImpl.java:setRole(299)) - 8d6e4cdb-fad5-4da7-a1e6-63da48c44a59@group-A6960E8EB4F8: changes role from  FOLLOWER to FOLLOWER at term 1 for candidate:9955ffcb-bd67-4d70-a6ef-07cfdefe4b35
2022-10-13 11:28:47,482 [grpc-default-executor-0] INFO  impl.RoleInfo (RoleInfo.java:shutdownFollowerState(110)) - 8d6e4cdb-fad5-4da7-a1e6-63da48c44a59: shutdown 8d6e4cdb-fad5-4da7-a1e6-63da48c44a59@group-A6960E8EB4F8-FollowerState
2022-10-13 11:28:47,482 [grpc-default-executor-0] INFO  impl.RoleInfo (RoleInfo.java:updateAndGet(139)) - 8d6e4cdb-fad5-4da7-a1e6-63da48c44a59: start 8d6e4cdb-fad5-4da7-a1e6-63da48c44a59@group-A6960E8EB4F8-FollowerState
2022-10-13 11:28:47,482 [8d6e4cdb-fad5-4da7-a1e6-63da48c44a59@group-A6960E8EB4F8-FollowerState] INFO  impl.FollowerState (FollowerState.java:run(152)) - 8d6e4cdb-fad5-4da7-a1e6-63da48c44a59@group-A6960E8EB4F8-FollowerState was interrupted
2022-10-13 11:28:47,484 [e6e6f4e0-cab5-400e-aa02-aaa4db568b90@group-A6960E8EB4F8-FollowerState] INFO  impl.FollowerState (FollowerState.java:run(143)) - e6e6f4e0-cab5-400e-aa02-aaa4db568b90@group-A6960E8EB4F8-FollowerState: change to CANDIDATE, lastRpcElapsedTime:5140377057ns, electionTimeout:5140ms
2022-10-13 11:28:47,484 [e6e6f4e0-cab5-400e-aa02-aaa4db568b90@group-A6960E8EB4F8-FollowerState] INFO  impl.RoleInfo (RoleInfo.java:shutdownFollowerState(110)) - e6e6f4e0-cab5-400e-aa02-aaa4db568b90: shutdown e6e6f4e0-cab5-400e-aa02-aaa4db568b90@group-A6960E8EB4F8-FollowerState
2022-10-13 11:28:47,484 [e6e6f4e0-cab5-400e-aa02-aaa4db568b90@group-A6960E8EB4F8-FollowerState] INFO  server.RaftServer$Division (RaftServerImpl.java:setRole(299)) - e6e6f4e0-cab5-400e-aa02-aaa4db568b90@group-A6960E8EB4F8: changes role from  FOLLOWER to CANDIDATE at term 0 for changeToCandidate
2022-10-13 11:28:47,484 [e6e6f4e0-cab5-400e-aa02-aaa4db568b90@group-A6960E8EB4F8-FollowerState] INFO  server.RaftServerConfigKeys (ConfUtils.java:logGet(46)) - raft.server.leaderelection.pre-vote = false (custom)
2022-10-13 11:28:47,484 [e6e6f4e0-cab5-400e-aa02-aaa4db568b90@group-A6960E8EB4F8-FollowerState] INFO  impl.RoleInfo (RoleInfo.java:updateAndGet(139)) - e6e6f4e0-cab5-400e-aa02-aaa4db568b90: start e6e6f4e0-cab5-400e-aa02-aaa4db568b90@group-A6960E8EB4F8-LeaderElection10
2022-10-13 11:28:47,493 [grpc-default-executor-1] INFO  server.RaftServer$Division (RaftServerImpl.java:requestVote(1152)) - e6e6f4e0-cab5-400e-aa02-aaa4db568b90@group-A6960E8EB4F8: receive requestVote(ELECTION, 9955ffcb-bd67-4d70-a6ef-07cfdefe4b35, group-A6960E8EB4F8, 1, (t:0, i:0))
2022-10-13 11:28:47,493 [grpc-default-executor-1] INFO  impl.VoteContext (VoteContext.java:log(48)) - e6e6f4e0-cab5-400e-aa02-aaa4db568b90@group-A6960E8EB4F8-CANDIDATE: accept ELECTION from 9955ffcb-bd67-4d70-a6ef-07cfdefe4b35: our priority 0 <= candidate's priority 1
2022-10-13 11:28:47,493 [grpc-default-executor-1] INFO  server.RaftServer$Division (RaftServerImpl.java:setRole(299)) - e6e6f4e0-cab5-400e-aa02-aaa4db568b90@group-A6960E8EB4F8: changes role from CANDIDATE to FOLLOWER at term 1 for candidate:9955ffcb-bd67-4d70-a6ef-07cfdefe4b35
2022-10-13 11:28:47,493 [grpc-default-executor-1] INFO  impl.RoleInfo (RoleInfo.java:shutdownLeaderElection(130)) - e6e6f4e0-cab5-400e-aa02-aaa4db568b90: shutdown e6e6f4e0-cab5-400e-aa02-aaa4db568b90@group-A6960E8EB4F8-LeaderElection10
2022-10-13 11:28:47,493 [grpc-default-executor-1] INFO  impl.RoleInfo (RoleInfo.java:updateAndGet(139)) - e6e6f4e0-cab5-400e-aa02-aaa4db568b90: start e6e6f4e0-cab5-400e-aa02-aaa4db568b90@group-A6960E8EB4F8-FollowerState
2022-10-13 11:28:47,495 [grpc-default-executor-0] INFO  server.RaftServer$Division (RaftServerImpl.java:requestVote(1184)) - 8d6e4cdb-fad5-4da7-a1e6-63da48c44a59@group-A6960E8EB4F8 replies to ELECTION vote request: 9955ffcb-bd67-4d70-a6ef-07cfdefe4b35<-8d6e4cdb-fad5-4da7-a1e6-63da48c44a59#0:OK-t1. Peer's state: 8d6e4cdb-fad5-4da7-a1e6-63da48c44a59@group-A6960E8EB4F8:t1, leader=null, voted=9955ffcb-bd67-4d70-a6ef-07cfdefe4b35, raftlog=8d6e4cdb-fad5-4da7-a1e6-63da48c44a59@group-A6960E8EB4F8-SegmentedRaftLog:OPENED:c-1, conf=-1: [8d6e4cdb-fad5-4da7-a1e6-63da48c44a59|rpc:10.1.0.139:43781|dataStream:|priority:0, 9955ffcb-bd67-4d70-a6ef-07cfdefe4b35|rpc:10.1.0.139:42729|dataStream:|priority:1, e6e6f4e0-cab5-400e-aa02-aaa4db568b90|rpc:10.1.0.139:36441|dataStream:|priority:0], old=null
2022-10-13 11:28:47,497 [9955ffcb-bd67-4d70-a6ef-07cfdefe4b35@group-A6960E8EB4F8-LeaderElection9] INFO  impl.LeaderElection (LeaderElection.java:logAndReturn(90)) - 9955ffcb-bd67-4d70-a6ef-07cfdefe4b35@group-A6960E8EB4F8-LeaderElection9: ELECTION PASSED received 1 response(s) and 0 exception(s):
2022-10-13 11:28:47,497 [9955ffcb-bd67-4d70-a6ef-07cfdefe4b35@group-A6960E8EB4F8-LeaderElection9] INFO  impl.LeaderElection (LeaderElection.java:logAndReturn(94)) -   Response 0: 9955ffcb-bd67-4d70-a6ef-07cfdefe4b35<-8d6e4cdb-fad5-4da7-a1e6-63da48c44a59#0:OK-t1
2022-10-13 11:28:47,497 [grpc-default-executor-1] INFO  server.RaftServer$Division (RaftServerImpl.java:requestVote(1184)) - e6e6f4e0-cab5-400e-aa02-aaa4db568b90@group-A6960E8EB4F8 replies to ELECTION vote request: 9955ffcb-bd67-4d70-a6ef-07cfdefe4b35<-e6e6f4e0-cab5-400e-aa02-aaa4db568b90#0:OK-t1. Peer's state: e6e6f4e0-cab5-400e-aa02-aaa4db568b90@group-A6960E8EB4F8:t1, leader=null, voted=9955ffcb-bd67-4d70-a6ef-07cfdefe4b35, raftlog=e6e6f4e0-cab5-400e-aa02-aaa4db568b90@group-A6960E8EB4F8-SegmentedRaftLog:OPENED:c-1, conf=-1: [8d6e4cdb-fad5-4da7-a1e6-63da48c44a59|rpc:10.1.0.139:43781|priority:0, 9955ffcb-bd67-4d70-a6ef-07cfdefe4b35|rpc:10.1.0.139:42729|priority:1, e6e6f4e0-cab5-400e-aa02-aaa4db568b90|rpc:10.1.0.139:36441|priority:0], old=null
2022-10-13 11:28:47,497 [9955ffcb-bd67-4d70-a6ef-07cfdefe4b35@group-A6960E8EB4F8-LeaderElection9] INFO  impl.LeaderElection (LeaderElection.java:askForVotes(312)) - 9955ffcb-bd67-4d70-a6ef-07cfdefe4b35@group-A6960E8EB4F8-LeaderElection9 ELECTION round 0: result PASSED
2022-10-13 11:28:47,498 [9955ffcb-bd67-4d70-a6ef-07cfdefe4b35@group-A6960E8EB4F8-LeaderElection9] INFO  impl.RoleInfo (RoleInfo.java:shutdownLeaderElection(130)) - 9955ffcb-bd67-4d70-a6ef-07cfdefe4b35: shutdown 9955ffcb-bd67-4d70-a6ef-07cfdefe4b35@group-A6960E8EB4F8-LeaderElection9
2022-10-13 11:28:47,498 [9955ffcb-bd67-4d70-a6ef-07cfdefe4b35@group-A6960E8EB4F8-LeaderElection9] INFO  server.RaftServer$Division (RaftServerImpl.java:setRole(299)) - 9955ffcb-bd67-4d70-a6ef-07cfdefe4b35@group-A6960E8EB4F8: changes role from CANDIDATE to LEADER at term 1 for changeToLeader
2022-10-13 11:28:47,498 [9955ffcb-bd67-4d70-a6ef-07cfdefe4b35@group-A6960E8EB4F8-LeaderElection9] INFO  ratis.XceiverServerRatis (XceiverServerRatis.java:handleLeaderChangedNotification(863)) - Leader change notification received for group: group-A6960E8EB4F8 with new leaderId: 9955ffcb-bd67-4d70-a6ef-07cfdefe4b35
2022-10-13 11:28:47,498 [9955ffcb-bd67-4d70-a6ef-07cfdefe4b35@group-A6960E8EB4F8-LeaderElection9] INFO  server.RaftServer$Division (ServerState.java:setLeader(287)) - 9955ffcb-bd67-4d70-a6ef-07cfdefe4b35@group-A6960E8EB4F8: change Leader from null to 9955ffcb-bd67-4d70-a6ef-07cfdefe4b35 at term 1 for becomeLeader, leader elected after 5118ms
2022-10-13 11:28:47,498 [9955ffcb-bd67-4d70-a6ef-07cfdefe4b35@group-A6960E8EB4F8-LeaderElection9] INFO  server.RaftServerConfigKeys (ConfUtils.java:logGet(46)) - raft.server.staging.catchup.gap = 1000 (default)
2022-10-13 11:28:47,498 [9955ffcb-bd67-4d70-a6ef-07cfdefe4b35@group-A6960E8EB4F8-LeaderElection9] INFO  server.RaftServerConfigKeys (ConfUtils.java:logGet(46)) - raft.server.write.element-limit = 1024 (custom)
2022-10-13 11:28:47,499 [9955ffcb-bd67-4d70-a6ef-07cfdefe4b35@group-A6960E8EB4F8-LeaderElection9] INFO  server.RaftServerConfigKeys (ConfUtils.java:logGet(46)) - raft.server.write.byte-limit = 1024 M (=1073741824) (custom)
2022-10-13 11:28:47,499 [9955ffcb-bd67-4d70-a6ef-07cfdefe4b35@group-A6960E8EB4F8-LeaderElection9] INFO  server.RaftServerConfigKeys (ConfUtils.java:logGet(46)) - raft.server.watch.timeout = 180s (custom)
2022-10-13 11:28:47,499 [9955ffcb-bd67-4d70-a6ef-07cfdefe4b35@group-A6960E8EB4F8-LeaderElection9] INFO  server.RaftServerConfigKeys (ConfUtils.java:logGet(46)) - raft.server.watch.timeout.denomination = 1s (default)
2022-10-13 11:28:47,499 [9955ffcb-bd67-4d70-a6ef-07cfdefe4b35@group-A6960E8EB4F8-LeaderElection9] INFO  server.RaftServerConfigKeys (ConfUtils.java:logGet(46)) - raft.server.watch.element-limit = 65536 (default)
2022-10-13 11:28:47,499 [9955ffcb-bd67-4d70-a6ef-07cfdefe4b35@group-A6960E8EB4F8-LeaderElection9] INFO  server.RaftServerConfigKeys (ConfUtils.java:logGet(46)) - raft.server.write.element-limit = 1024 (custom)
2022-10-13 11:28:47,499 [9955ffcb-bd67-4d70-a6ef-07cfdefe4b35@group-A6960E8EB4F8-LeaderElection9] INFO  server.RaftServerConfigKeys (ConfUtils.java:logGet(46)) - raft.server.write.follower.gap.ratio.max = -1.0 (default)
2022-10-13 11:28:47,500 [9955ffcb-bd67-4d70-a6ef-07cfdefe4b35@group-A6960E8EB4F8-LeaderElection9] INFO  server.RaftServerConfigKeys (ConfUtils.java:logGet(46)) - raft.server.log.appender.snapshot.chunk.size.max = 16MB (=16777216) (default)
2022-10-13 11:28:47,500 [9955ffcb-bd67-4d70-a6ef-07cfdefe4b35@group-A6960E8EB4F8-LeaderElection9] INFO  server.RaftServerConfigKeys (ConfUtils.java:logGet(46)) - raft.server.log.appender.buffer.byte-limit = 33554432 (custom)
2022-10-13 11:28:47,500 [9955ffcb-bd67-4d70-a6ef-07cfdefe4b35@group-A6960E8EB4F8-LeaderElection9] INFO  server.RaftServerConfigKeys (ConfUtils.java:logGet(46)) - raft.server.log.appender.buffer.element-limit = 1 (custom)
2022-10-13 11:28:47,500 [9955ffcb-bd67-4d70-a6ef-07cfdefe4b35@group-A6960E8EB4F8-LeaderElection9] INFO  grpc.GrpcConfigKeys (ConfUtils.java:logGet(46)) - raft.grpc.server.leader.outstanding.appends.max = 128 (default)
2022-10-13 11:28:47,500 [9955ffcb-bd67-4d70-a6ef-07cfdefe4b35@group-A6960E8EB4F8-LeaderElection9] INFO  server.RaftServerConfigKeys (ConfUtils.java:logGet(46)) - raft.server.rpc.request.timeout = 60s (custom)
2022-10-13 11:28:47,500 [9955ffcb-bd67-4d70-a6ef-07cfdefe4b35@group-A6960E8EB4F8-LeaderElection9] INFO  server.RaftServerConfigKeys (ConfUtils.java:logGet(46)) - raft.server.log.appender.install.snapshot.enabled = false (custom)
2022-10-13 11:28:47,506 [9955ffcb-bd67-4d70-a6ef-07cfdefe4b35@group-A6960E8EB4F8-LeaderElection9] INFO  server.RaftServerConfigKeys (ConfUtils.java:logGet(46)) - raft.server.log.appender.snapshot.chunk.size.max = 16MB (=16777216) (default)
2022-10-13 11:28:47,506 [9955ffcb-bd67-4d70-a6ef-07cfdefe4b35@group-A6960E8EB4F8-LeaderElection9] INFO  server.RaftServerConfigKeys (ConfUtils.java:logGet(46)) - raft.server.log.appender.buffer.byte-limit = 33554432 (custom)
2022-10-13 11:28:47,506 [9955ffcb-bd67-4d70-a6ef-07cfdefe4b35@group-A6960E8EB4F8-LeaderElection9] INFO  server.RaftServerConfigKeys (ConfUtils.java:logGet(46)) - raft.server.log.appender.buffer.element-limit = 1 (custom)
2022-10-13 11:28:47,506 [9955ffcb-bd67-4d70-a6ef-07cfdefe4b35@group-A6960E8EB4F8-LeaderElection9] INFO  grpc.GrpcConfigKeys (ConfUtils.java:logGet(46)) - raft.grpc.server.leader.outstanding.appends.max = 128 (default)
2022-10-13 11:28:47,507 [9955ffcb-bd67-4d70-a6ef-07cfdefe4b35@group-A6960E8EB4F8-LeaderElection9] INFO  server.RaftServerConfigKeys (ConfUtils.java:logGet(46)) - raft.server.rpc.request.timeout = 60s (custom)
2022-10-13 11:28:47,507 [9955ffcb-bd67-4d70-a6ef-07cfdefe4b35@group-A6960E8EB4F8-LeaderElection9] INFO  server.RaftServerConfigKeys (ConfUtils.java:logGet(46)) - raft.server.log.appender.install.snapshot.enabled = false (custom)
2022-10-13 11:28:47,507 [9955ffcb-bd67-4d70-a6ef-07cfdefe4b35@group-A6960E8EB4F8-LeaderElection9] INFO  impl.RoleInfo (RoleInfo.java:updateAndGet(139)) - 9955ffcb-bd67-4d70-a6ef-07cfdefe4b35: start 9955ffcb-bd67-4d70-a6ef-07cfdefe4b35@group-A6960E8EB4F8-LeaderStateImpl
2022-10-13 11:28:47,507 [EventQueue-PipelineReportForPipelineReportHandler] INFO  pipeline.PipelineManagerImpl (PipelineManagerImpl.java:openPipeline(367)) - Pipeline Pipeline[ Id: 27a90694-cd37-4ec7-9bc7-a6960e8eb4f8, Nodes: 9955ffcb-bd67-4d70-a6ef-07cfdefe4b35{ip: 10.1.0.139, host: fv-az447-90.tnmeiuxxsqeu3byeydcnbj0j5d.dx.internal.cloudapp.net, ports: [REPLICATION=35107, RATIS=42729, RATIS_ADMIN=42729, RATIS_SERVER=42729, STANDALONE=35337], networkLocation: /default-rack, certSerialId: null, persistedOpState: IN_SERVICE, persistedOpStateExpiryEpochSec: 0}8d6e4cdb-fad5-4da7-a1e6-63da48c44a59{ip: 10.1.0.139, host: fv-az447-90.tnmeiuxxsqeu3byeydcnbj0j5d.dx.internal.cloudapp.net, ports: [REPLICATION=35985, RATIS=43781, RATIS_ADMIN=43781, RATIS_SERVER=43781, STANDALONE=33431], networkLocation: /default-rack, certSerialId: null, persistedOpState: IN_SERVICE, persistedOpStateExpiryEpochSec: 0}e6e6f4e0-cab5-400e-aa02-aaa4db568b90{ip: 10.1.0.139, host: fv-az447-90.tnmeiuxxsqeu3byeydcnbj0j5d.dx.internal.cloudapp.net, ports: [REPLICATION=41149, RATIS=36441, RATIS_ADMIN=36441, RATIS_SERVER=36441, STANDALONE=35671], networkLocation: /default-rack, certSerialId: null, persistedOpState: IN_SERVICE, persistedOpStateExpiryEpochSec: 0}, ReplicationConfig: RATIS/THREE, State:ALLOCATED, leaderId:9955ffcb-bd67-4d70-a6ef-07cfdefe4b35, CreationTimestamp2022-10-13T11:28:40.051Z[Etc/UTC]] moved to OPEN state
2022-10-13 11:28:47,507 [EventQueue-OpenPipelineForHealthyPipelineSafeModeRule] INFO  safemode.SCMSafeModeManager (HealthyPipelineSafeModeRule.java:process(137)) - SCM in safe mode. Healthy pipelines reported count is 0, required healthy pipeline reported count is 1
2022-10-13 11:28:47,508 [EventQueue-OpenPipelineForHealthyPipelineSafeModeRule] INFO  safemode.SCMSafeModeManager (HealthyPipelineSafeModeRule.java:process(137)) - SCM in safe mode. Healthy pipelines reported count is 1, required healthy pipeline reported count is 1
2022-10-13 11:28:47,509 [EventQueue-OpenPipelineForHealthyPipelineSafeModeRule] INFO  safemode.SCMSafeModeManager (SCMSafeModeManager.java:validateSafeModeExitRules(204)) - HealthyPipelineSafeModeRule rule is successfully validated
2022-10-13 11:28:47,509 [EventQueue-OpenPipelineForHealthyPipelineSafeModeRule] INFO  safemode.SCMSafeModeManager (SCMSafeModeManager.java:validateSafeModeExitRules(219)) - ScmSafeModeManager, all rules are successfully validated
2022-10-13 11:28:47,509 [EventQueue-OpenPipelineForHealthyPipelineSafeModeRule] INFO  safemode.SCMSafeModeManager (SCMSafeModeManager.java:exitSafeMode(248)) - SCM exiting safe mode.
2022-10-13 11:28:47,509 [EventQueue-OpenPipelineForHealthyPipelineSafeModeRule] WARN  events.EventQueue (EventQueue.java:fireEvent(216)) - No event handler registered for event TypedEvent{payloadType=SafeModeStatus, name='Safe mode status'}
2022-10-13 11:28:47,509 [EventQueue-OpenPipelineForHealthyPipelineSafeModeRule] INFO  ha.SCMContext (SCMContext.java:updateSafeModeStatus(228)) - Update SafeModeStatus from SafeModeStatus{safeModeStatus=true, preCheckPassed=true} to SafeModeStatus{safeModeStatus=false, preCheckPassed=true}.
2022-10-13 11:28:47,509 [EventQueue-OpenPipelineForHealthyPipelineSafeModeRule] INFO  pipeline.BackgroundPipelineCreator (BackgroundPipelineCreator.java:notifyStatusChanged(254)) - Service BackgroundPipelineCreator transitions to RUNNING.
2022-10-13 11:28:47,509 [EventQueue-OpenPipelineForHealthyPipelineSafeModeRule] INFO  BackgroundPipelineScrubber (BackgroundSCMService.java:notifyStatusChanged(82)) - Service BackgroundPipelineScrubber transitions to RUNNING.
2022-10-13 11:28:47,509 [EventQueue-OpenPipelineForHealthyPipelineSafeModeRule] INFO  ExpiredContainerReplicaOpScrubber (BackgroundSCMService.java:notifyStatusChanged(82)) - Service ExpiredContainerReplicaOpScrubber transitions to RUNNING.
2022-10-13 11:28:47,509 [EventQueue-OpenPipelineForHealthyPipelineSafeModeRule] INFO  replication.ReplicationManager (ReplicationManager.java:notifyStatusChanged(728)) - Service ReplicationManager transitions to RUNNING.
2022-10-13 11:28:47,509 [EventQueue-OpenPipelineForHealthyPipelineSafeModeRule] WARN  balancer.ContainerBalancer (ContainerBalancer.java:shouldRun(936)) - Could not find persisted configuration for ContainerBalancer when checking if ContainerBalancer should run. ContainerBalancer should not run now.
2022-10-13 11:28:47,507 [9955ffcb-bd67-4d70-a6ef-07cfdefe4b35@group-A6960E8EB4F8-LeaderElection9] INFO  segmented.SegmentedRaftLogWorker (SegmentedRaftLogWorker.java:startLogSegment(425)) - 9955ffcb-bd67-4d70-a6ef-07cfdefe4b35@group-A6960E8EB4F8-SegmentedRaftLogWorker: Starting segment from index:0
2022-10-13 11:28:47,518 [9955ffcb-bd67-4d70-a6ef-07cfdefe4b35@group-A6960E8EB4F8-SegmentedRaftLogWorker] INFO  segmented.SegmentedRaftLogWorker (SegmentedRaftLogWorker.java:execute(629)) - 9955ffcb-bd67-4d70-a6ef-07cfdefe4b35@group-A6960E8EB4F8-SegmentedRaftLogWorker: created new log segment /home/runner/work/ozone/ozone/hadoop-ozone/integration-test/target/test-dir/MiniOzoneClusterImpl-e80e85d6-a50a-47d0-a504-2468c00e5ca2/datanode-1/data/ratis/27a90694-cd37-4ec7-9bc7-a6960e8eb4f8/current/log_inprogress_0
2022-10-13 11:28:47,529 [9955ffcb-bd67-4d70-a6ef-07cfdefe4b35@group-A6960E8EB4F8-LeaderElection9] INFO  server.RaftServer$Division (ServerState.java:setRaftConf(393)) - 9955ffcb-bd67-4d70-a6ef-07cfdefe4b35@group-A6960E8EB4F8: set configuration 0: [8d6e4cdb-fad5-4da7-a1e6-63da48c44a59|rpc:10.1.0.139:43781|dataStream:|priority:0, 9955ffcb-bd67-4d70-a6ef-07cfdefe4b35|rpc:10.1.0.139:42729|dataStream:|priority:1, e6e6f4e0-cab5-400e-aa02-aaa4db568b90|rpc:10.1.0.139:36441|dataStream:|priority:0], old=null
2022-10-13 11:28:47,532 [8d6e4cdb-fad5-4da7-a1e6-63da48c44a59-server-thread1] INFO  ratis.XceiverServerRatis (XceiverServerRatis.java:handleLeaderChangedNotification(863)) - Leader change notification received for group: group-A6960E8EB4F8 with new leaderId: 9955ffcb-bd67-4d70-a6ef-07cfdefe4b35
2022-10-13 11:28:47,532 [8d6e4cdb-fad5-4da7-a1e6-63da48c44a59-server-thread1] INFO  server.RaftServer$Division (ServerState.java:setLeader(287)) - 8d6e4cdb-fad5-4da7-a1e6-63da48c44a59@group-A6960E8EB4F8: change Leader from null to 9955ffcb-bd67-4d70-a6ef-07cfdefe4b35 at term 1 for appendEntries, leader elected after 5093ms
2022-10-13 11:28:47,531 [e6e6f4e0-cab5-400e-aa02-aaa4db568b90-server-thread1] INFO  ratis.XceiverServerRatis (XceiverServerRatis.java:handleLeaderChangedNotification(863)) - Leader change notification received for group: group-A6960E8EB4F8 with new leaderId: 9955ffcb-bd67-4d70-a6ef-07cfdefe4b35
2022-10-13 11:28:47,537 [8d6e4cdb-fad5-4da7-a1e6-63da48c44a59-server-thread1] INFO  server.RaftServer$Division (ServerState.java:setRaftConf(393)) - 8d6e4cdb-fad5-4da7-a1e6-63da48c44a59@group-A6960E8EB4F8: set configuration 0: [8d6e4cdb-fad5-4da7-a1e6-63da48c44a59|rpc:10.1.0.139:43781|dataStream:|priority:0, 9955ffcb-bd67-4d70-a6ef-07cfdefe4b35|rpc:10.1.0.139:42729|dataStream:|priority:1, e6e6f4e0-cab5-400e-aa02-aaa4db568b90|rpc:10.1.0.139:36441|dataStream:|priority:0], old=null
2022-10-13 11:28:47,538 [8d6e4cdb-fad5-4da7-a1e6-63da48c44a59-server-thread1] INFO  segmented.SegmentedRaftLogWorker (SegmentedRaftLogWorker.java:startLogSegment(425)) - 8d6e4cdb-fad5-4da7-a1e6-63da48c44a59@group-A6960E8EB4F8-SegmentedRaftLogWorker: Starting segment from index:0
2022-10-13 11:28:47,539 [e6e6f4e0-cab5-400e-aa02-aaa4db568b90-server-thread1] INFO  server.RaftServer$Division (ServerState.java:setLeader(287)) - e6e6f4e0-cab5-400e-aa02-aaa4db568b90@group-A6960E8EB4F8: change Leader from null to 9955ffcb-bd67-4d70-a6ef-07cfdefe4b35 at term 1 for appendEntries, leader elected after 5195ms
2022-10-13 11:28:47,540 [8d6e4cdb-fad5-4da7-a1e6-63da48c44a59@group-A6960E8EB4F8-SegmentedRaftLogWorker] INFO  segmented.SegmentedRaftLogWorker (SegmentedRaftLogWorker.java:execute(629)) - 8d6e4cdb-fad5-4da7-a1e6-63da48c44a59@group-A6960E8EB4F8-SegmentedRaftLogWorker: created new log segment /home/runner/work/ozone/ozone/hadoop-ozone/integration-test/target/test-dir/MiniOzoneClusterImpl-e80e85d6-a50a-47d0-a504-2468c00e5ca2/datanode-2/data/ratis/27a90694-cd37-4ec7-9bc7-a6960e8eb4f8/current/log_inprogress_0
2022-10-13 11:28:47,556 [e6e6f4e0-cab5-400e-aa02-aaa4db568b90-server-thread1] INFO  server.RaftServer$Division (ServerState.java:setRaftConf(393)) - e6e6f4e0-cab5-400e-aa02-aaa4db568b90@group-A6960E8EB4F8: set configuration 0: [8d6e4cdb-fad5-4da7-a1e6-63da48c44a59|rpc:10.1.0.139:43781|dataStream:|priority:0, 9955ffcb-bd67-4d70-a6ef-07cfdefe4b35|rpc:10.1.0.139:42729|dataStream:|priority:1, e6e6f4e0-cab5-400e-aa02-aaa4db568b90|rpc:10.1.0.139:36441|dataStream:|priority:0], old=null
2022-10-13 11:28:47,556 [e6e6f4e0-cab5-400e-aa02-aaa4db568b90-server-thread1] INFO  segmented.SegmentedRaftLogWorker (SegmentedRaftLogWorker.java:startLogSegment(425)) - e6e6f4e0-cab5-400e-aa02-aaa4db568b90@group-A6960E8EB4F8-SegmentedRaftLogWorker: Starting segment from index:0
2022-10-13 11:28:47,557 [9955ffcb-bd67-4d70-a6ef-07cfdefe4b35@group-F95D8D0E04C7-FollowerState] INFO  impl.FollowerState (FollowerState.java:run(143)) - 9955ffcb-bd67-4d70-a6ef-07cfdefe4b35@group-F95D8D0E04C7-FollowerState: change to CANDIDATE, lastRpcElapsedTime:5029924965ns, electionTimeout:5027ms
2022-10-13 11:28:47,557 [9955ffcb-bd67-4d70-a6ef-07cfdefe4b35@group-F95D8D0E04C7-FollowerState] INFO  impl.RoleInfo (RoleInfo.java:shutdownFollowerState(110)) - 9955ffcb-bd67-4d70-a6ef-07cfdefe4b35: shutdown 9955ffcb-bd67-4d70-a6ef-07cfdefe4b35@group-F95D8D0E04C7-FollowerState
2022-10-13 11:28:47,558 [9955ffcb-bd67-4d70-a6ef-07cfdefe4b35@group-F95D8D0E04C7-FollowerState] INFO  server.RaftServer$Division (RaftServerImpl.java:setRole(299)) - 9955ffcb-bd67-4d70-a6ef-07cfdefe4b35@group-F95D8D0E04C7: changes role from  FOLLOWER to CANDIDATE at term 0 for changeToCandidate
2022-10-13 11:28:47,558 [9955ffcb-bd67-4d70-a6ef-07cfdefe4b35@group-F95D8D0E04C7-FollowerState] INFO  server.RaftServerConfigKeys (ConfUtils.java:logGet(46)) - raft.server.leaderelection.pre-vote = false (custom)
2022-10-13 11:28:47,559 [e6e6f4e0-cab5-400e-aa02-aaa4db568b90@group-A6960E8EB4F8-SegmentedRaftLogWorker] INFO  segmented.SegmentedRaftLogWorker (SegmentedRaftLogWorker.java:execute(629)) - e6e6f4e0-cab5-400e-aa02-aaa4db568b90@group-A6960E8EB4F8-SegmentedRaftLogWorker: created new log segment /home/runner/work/ozone/ozone/hadoop-ozone/integration-test/target/test-dir/MiniOzoneClusterImpl-e80e85d6-a50a-47d0-a504-2468c00e5ca2/datanode-0/data/ratis/27a90694-cd37-4ec7-9bc7-a6960e8eb4f8/current/log_inprogress_0
2022-10-13 11:28:47,559 [9955ffcb-bd67-4d70-a6ef-07cfdefe4b35@group-F95D8D0E04C7-FollowerState] INFO  impl.RoleInfo (RoleInfo.java:updateAndGet(139)) - 9955ffcb-bd67-4d70-a6ef-07cfdefe4b35: start 9955ffcb-bd67-4d70-a6ef-07cfdefe4b35@group-F95D8D0E04C7-LeaderElection11
2022-10-13 11:28:47,566 [9955ffcb-bd67-4d70-a6ef-07cfdefe4b35@group-F95D8D0E04C7-LeaderElection11] INFO  impl.LeaderElection (LeaderElection.java:askForVotes(310)) - 9955ffcb-bd67-4d70-a6ef-07cfdefe4b35@group-F95D8D0E04C7-LeaderElection11 ELECTION round 0: submit vote requests at term 1 for -1: [8d6e4cdb-fad5-4da7-a1e6-63da48c44a59|rpc:10.1.0.139:43781|dataStream:|priority:1, 9955ffcb-bd67-4d70-a6ef-07cfdefe4b35|rpc:10.1.0.139:42729|dataStream:|priority:0, e6e6f4e0-cab5-400e-aa02-aaa4db568b90|rpc:10.1.0.139:36441|dataStream:|priority:0], old=null
2022-10-13 11:28:47,576 [grpc-default-executor-0] INFO  server.RaftServer$Division (RaftServerImpl.java:requestVote(1152)) - 8d6e4cdb-fad5-4da7-a1e6-63da48c44a59@group-F95D8D0E04C7: receive requestVote(ELECTION, 9955ffcb-bd67-4d70-a6ef-07cfdefe4b35, group-F95D8D0E04C7, 1, (t:0, i:0))
2022-10-13 11:28:47,577 [grpc-default-executor-0] INFO  impl.VoteContext (VoteContext.java:log(48)) - 8d6e4cdb-fad5-4da7-a1e6-63da48c44a59@group-F95D8D0E04C7-FOLLOWER: reject ELECTION from 9955ffcb-bd67-4d70-a6ef-07cfdefe4b35: our priority 1 > candidate's priority 0
2022-10-13 11:28:47,577 [grpc-default-executor-0] INFO  server.RaftServer$Division (RaftServerImpl.java:setRole(299)) - 8d6e4cdb-fad5-4da7-a1e6-63da48c44a59@group-F95D8D0E04C7: changes role from  FOLLOWER to FOLLOWER at term 1 for candidate:9955ffcb-bd67-4d70-a6ef-07cfdefe4b35
2022-10-13 11:28:47,577 [grpc-default-executor-0] INFO  impl.RoleInfo (RoleInfo.java:shutdownFollowerState(110)) - 8d6e4cdb-fad5-4da7-a1e6-63da48c44a59: shutdown 8d6e4cdb-fad5-4da7-a1e6-63da48c44a59@group-F95D8D0E04C7-FollowerState
2022-10-13 11:28:47,577 [grpc-default-executor-0] INFO  impl.RoleInfo (RoleInfo.java:updateAndGet(139)) - 8d6e4cdb-fad5-4da7-a1e6-63da48c44a59: start 8d6e4cdb-fad5-4da7-a1e6-63da48c44a59@group-F95D8D0E04C7-FollowerState
2022-10-13 11:28:47,579 [grpc-default-executor-0] INFO  server.RaftServer$Division (RaftServerImpl.java:requestVote(1184)) - 8d6e4cdb-fad5-4da7-a1e6-63da48c44a59@group-F95D8D0E04C7 replies to ELECTION vote request: 9955ffcb-bd67-4d70-a6ef-07cfdefe4b35<-8d6e4cdb-fad5-4da7-a1e6-63da48c44a59#0:FAIL-t1. Peer's state: 8d6e4cdb-fad5-4da7-a1e6-63da48c44a59@group-F95D8D0E04C7:t1, leader=null, voted=null, raftlog=8d6e4cdb-fad5-4da7-a1e6-63da48c44a59@group-F95D8D0E04C7-SegmentedRaftLog:OPENED:c-1, conf=-1: [8d6e4cdb-fad5-4da7-a1e6-63da48c44a59|rpc:10.1.0.139:43781|dataStream:|priority:1, 9955ffcb-bd67-4d70-a6ef-07cfdefe4b35|rpc:10.1.0.139:42729|dataStream:|priority:0, e6e6f4e0-cab5-400e-aa02-aaa4db568b90|rpc:10.1.0.139:36441|dataStream:|priority:0], old=null
2022-10-13 11:28:47,579 [8d6e4cdb-fad5-4da7-a1e6-63da48c44a59@group-F95D8D0E04C7-FollowerState] INFO  impl.FollowerState (FollowerState.java:run(152)) - 8d6e4cdb-fad5-4da7-a1e6-63da48c44a59@group-F95D8D0E04C7-FollowerState was interrupted
2022-10-13 11:28:47,589 [9955ffcb-bd67-4d70-a6ef-07cfdefe4b35@group-F95D8D0E04C7-LeaderElection11] INFO  impl.LeaderElection (LeaderElection.java:logAndReturn(90)) - 9955ffcb-bd67-4d70-a6ef-07cfdefe4b35@group-F95D8D0E04C7-LeaderElection11: ELECTION REJECTED received 1 response(s) and 0 exception(s):
2022-10-13 11:28:47,595 [9955ffcb-bd67-4d70-a6ef-07cfdefe4b35@group-F95D8D0E04C7-LeaderElection11] INFO  impl.LeaderElection (LeaderElection.java:logAndReturn(94)) -   Response 0: 9955ffcb-bd67-4d70-a6ef-07cfdefe4b35<-8d6e4cdb-fad5-4da7-a1e6-63da48c44a59#0:FAIL-t1
2022-10-13 11:28:47,595 [9955ffcb-bd67-4d70-a6ef-07cfdefe4b35@group-F95D8D0E04C7-LeaderElection11] INFO  impl.LeaderElection (LeaderElection.java:askForVotes(312)) - 9955ffcb-bd67-4d70-a6ef-07cfdefe4b35@group-F95D8D0E04C7-LeaderElection11 ELECTION round 0: result REJECTED
2022-10-13 11:28:47,595 [9955ffcb-bd67-4d70-a6ef-07cfdefe4b35@group-F95D8D0E04C7-LeaderElection11] INFO  server.RaftServer$Division (RaftServerImpl.java:setRole(299)) - 9955ffcb-bd67-4d70-a6ef-07cfdefe4b35@group-F95D8D0E04C7: changes role from CANDIDATE to FOLLOWER at term 1 for REJECTED
2022-10-13 11:28:47,595 [9955ffcb-bd67-4d70-a6ef-07cfdefe4b35@group-F95D8D0E04C7-LeaderElection11] INFO  impl.RoleInfo (RoleInfo.java:shutdownLeaderElection(130)) - 9955ffcb-bd67-4d70-a6ef-07cfdefe4b35: shutdown 9955ffcb-bd67-4d70-a6ef-07cfdefe4b35@group-F95D8D0E04C7-LeaderElection11
2022-10-13 11:28:47,595 [9955ffcb-bd67-4d70-a6ef-07cfdefe4b35@group-F95D8D0E04C7-LeaderElection11] INFO  impl.RoleInfo (RoleInfo.java:updateAndGet(139)) - 9955ffcb-bd67-4d70-a6ef-07cfdefe4b35: start 9955ffcb-bd67-4d70-a6ef-07cfdefe4b35@group-F95D8D0E04C7-FollowerState
2022-10-13 11:28:47,597 [e6e6f4e0-cab5-400e-aa02-aaa4db568b90@group-F95D8D0E04C7-FollowerState] INFO  impl.FollowerState (FollowerState.java:run(143)) - e6e6f4e0-cab5-400e-aa02-aaa4db568b90@group-F95D8D0E04C7-FollowerState: change to CANDIDATE, lastRpcElapsedTime:5131891825ns, electionTimeout:5131ms
2022-10-13 11:28:47,598 [e6e6f4e0-cab5-400e-aa02-aaa4db568b90@group-F95D8D0E04C7-FollowerState] INFO  impl.RoleInfo (RoleInfo.java:shutdownFollowerState(110)) - e6e6f4e0-cab5-400e-aa02-aaa4db568b90: shutdown e6e6f4e0-cab5-400e-aa02-aaa4db568b90@group-F95D8D0E04C7-FollowerState
2022-10-13 11:28:47,598 [e6e6f4e0-cab5-400e-aa02-aaa4db568b90@group-F95D8D0E04C7-FollowerState] INFO  server.RaftServer$Division (RaftServerImpl.java:setRole(299)) - e6e6f4e0-cab5-400e-aa02-aaa4db568b90@group-F95D8D0E04C7: changes role from  FOLLOWER to CANDIDATE at term 0 for changeToCandidate
2022-10-13 11:28:47,598 [e6e6f4e0-cab5-400e-aa02-aaa4db568b90@group-F95D8D0E04C7-FollowerState] INFO  server.RaftServerConfigKeys (ConfUtils.java:logGet(46)) - raft.server.leaderelection.pre-vote = false (custom)
2022-10-13 11:28:47,598 [e6e6f4e0-cab5-400e-aa02-aaa4db568b90@group-F95D8D0E04C7-FollowerState] INFO  impl.RoleInfo (RoleInfo.java:updateAndGet(139)) - e6e6f4e0-cab5-400e-aa02-aaa4db568b90: start e6e6f4e0-cab5-400e-aa02-aaa4db568b90@group-F95D8D0E04C7-LeaderElection12
2022-10-13 11:28:47,602 [grpc-default-executor-0] INFO  server.RaftServer$Division (RaftServerImpl.java:requestVote(1152)) - e6e6f4e0-cab5-400e-aa02-aaa4db568b90@group-F95D8D0E04C7: receive requestVote(ELECTION, 9955ffcb-bd67-4d70-a6ef-07cfdefe4b35, group-F95D8D0E04C7, 1, (t:0, i:0))
2022-10-13 11:28:47,603 [grpc-default-executor-0] INFO  impl.VoteContext (VoteContext.java:log(48)) - e6e6f4e0-cab5-400e-aa02-aaa4db568b90@group-F95D8D0E04C7-CANDIDATE: accept ELECTION from 9955ffcb-bd67-4d70-a6ef-07cfdefe4b35: our priority 0 <= candidate's priority 0
2022-10-13 11:28:47,603 [grpc-default-executor-0] INFO  server.RaftServer$Division (RaftServerImpl.java:setRole(299)) - e6e6f4e0-cab5-400e-aa02-aaa4db568b90@group-F95D8D0E04C7: changes role from CANDIDATE to FOLLOWER at term 1 for candidate:9955ffcb-bd67-4d70-a6ef-07cfdefe4b35
2022-10-13 11:28:47,603 [grpc-default-executor-0] INFO  impl.RoleInfo (RoleInfo.java:shutdownLeaderElection(130)) - e6e6f4e0-cab5-400e-aa02-aaa4db568b90: shutdown e6e6f4e0-cab5-400e-aa02-aaa4db568b90@group-F95D8D0E04C7-LeaderElection12
2022-10-13 11:28:47,603 [grpc-default-executor-0] INFO  impl.RoleInfo (RoleInfo.java:updateAndGet(139)) - e6e6f4e0-cab5-400e-aa02-aaa4db568b90: start e6e6f4e0-cab5-400e-aa02-aaa4db568b90@group-F95D8D0E04C7-FollowerState
2022-10-13 11:28:47,604 [grpc-default-executor-0] INFO  server.RaftServer$Division (RaftServerImpl.java:requestVote(1184)) - e6e6f4e0-cab5-400e-aa02-aaa4db568b90@group-F95D8D0E04C7 replies to ELECTION vote request: 9955ffcb-bd67-4d70-a6ef-07cfdefe4b35<-e6e6f4e0-cab5-400e-aa02-aaa4db568b90#0:OK-t1. Peer's state: e6e6f4e0-cab5-400e-aa02-aaa4db568b90@group-F95D8D0E04C7:t1, leader=null, voted=9955ffcb-bd67-4d70-a6ef-07cfdefe4b35, raftlog=e6e6f4e0-cab5-400e-aa02-aaa4db568b90@group-F95D8D0E04C7-SegmentedRaftLog:OPENED:c-1, conf=-1: [8d6e4cdb-fad5-4da7-a1e6-63da48c44a59|rpc:10.1.0.139:43781|priority:1, 9955ffcb-bd67-4d70-a6ef-07cfdefe4b35|rpc:10.1.0.139:42729|priority:0, e6e6f4e0-cab5-400e-aa02-aaa4db568b90|rpc:10.1.0.139:36441|priority:0], old=null
2022-10-13 11:28:47,806 [9955ffcb-bd67-4d70-a6ef-07cfdefe4b35@group-0EF347CFE542-FollowerState] INFO  impl.FollowerState (FollowerState.java:run(143)) - 9955ffcb-bd67-4d70-a6ef-07cfdefe4b35@group-0EF347CFE542-FollowerState: change to CANDIDATE, lastRpcElapsedTime:5078175936ns, electionTimeout:5074ms
2022-10-13 11:28:47,806 [9955ffcb-bd67-4d70-a6ef-07cfdefe4b35@group-0EF347CFE542-FollowerState] INFO  impl.RoleInfo (RoleInfo.java:shutdownFollowerState(110)) - 9955ffcb-bd67-4d70-a6ef-07cfdefe4b35: shutdown 9955ffcb-bd67-4d70-a6ef-07cfdefe4b35@group-0EF347CFE542-FollowerState
2022-10-13 11:28:47,806 [9955ffcb-bd67-4d70-a6ef-07cfdefe4b35@group-0EF347CFE542-FollowerState] INFO  server.RaftServer$Division (RaftServerImpl.java:setRole(299)) - 9955ffcb-bd67-4d70-a6ef-07cfdefe4b35@group-0EF347CFE542: changes role from  FOLLOWER to CANDIDATE at term 0 for changeToCandidate
2022-10-13 11:28:47,806 [9955ffcb-bd67-4d70-a6ef-07cfdefe4b35@group-0EF347CFE542-FollowerState] INFO  server.RaftServerConfigKeys (ConfUtils.java:logGet(46)) - raft.server.leaderelection.pre-vote = false (custom)
2022-10-13 11:28:47,806 [9955ffcb-bd67-4d70-a6ef-07cfdefe4b35@group-0EF347CFE542-FollowerState] INFO  impl.RoleInfo (RoleInfo.java:updateAndGet(139)) - 9955ffcb-bd67-4d70-a6ef-07cfdefe4b35: start 9955ffcb-bd67-4d70-a6ef-07cfdefe4b35@group-0EF347CFE542-LeaderElection13
2022-10-13 11:28:47,809 [9955ffcb-bd67-4d70-a6ef-07cfdefe4b35@group-0EF347CFE542-LeaderElection13] INFO  impl.LeaderElection (LeaderElection.java:askForVotes(310)) - 9955ffcb-bd67-4d70-a6ef-07cfdefe4b35@group-0EF347CFE542-LeaderElection13 ELECTION round 0: submit vote requests at term 1 for -1: [9955ffcb-bd67-4d70-a6ef-07cfdefe4b35|rpc:10.1.0.139:42729|priority:1], old=null
2022-10-13 11:28:47,809 [9955ffcb-bd67-4d70-a6ef-07cfdefe4b35@group-0EF347CFE542-LeaderElection13] INFO  impl.LeaderElection (LeaderElection.java:askForVotes(312)) - 9955ffcb-bd67-4d70-a6ef-07cfdefe4b35@group-0EF347CFE542-LeaderElection13 ELECTION round 0: result PASSED (term=1)
2022-10-13 11:28:47,809 [9955ffcb-bd67-4d70-a6ef-07cfdefe4b35@group-0EF347CFE542-LeaderElection13] INFO  impl.RoleInfo (RoleInfo.java:shutdownLeaderElection(130)) - 9955ffcb-bd67-4d70-a6ef-07cfdefe4b35: shutdown 9955ffcb-bd67-4d70-a6ef-07cfdefe4b35@group-0EF347CFE542-LeaderElection13
2022-10-13 11:28:47,809 [9955ffcb-bd67-4d70-a6ef-07cfdefe4b35@group-0EF347CFE542-LeaderElection13] INFO  server.RaftServer$Division (RaftServerImpl.java:setRole(299)) - 9955ffcb-bd67-4d70-a6ef-07cfdefe4b35@group-0EF347CFE542: changes role from CANDIDATE to LEADER at term 1 for changeToLeader
2022-10-13 11:28:47,809 [9955ffcb-bd67-4d70-a6ef-07cfdefe4b35@group-0EF347CFE542-LeaderElection13] INFO  ratis.XceiverServerRatis (XceiverServerRatis.java:handleLeaderChangedNotification(863)) - Leader change notification received for group: group-0EF347CFE542 with new leaderId: 9955ffcb-bd67-4d70-a6ef-07cfdefe4b35
2022-10-13 11:28:47,810 [9955ffcb-bd67-4d70-a6ef-07cfdefe4b35@group-0EF347CFE542-LeaderElection13] INFO  server.RaftServer$Division (ServerState.java:setLeader(287)) - 9955ffcb-bd67-4d70-a6ef-07cfdefe4b35@group-0EF347CFE542: change Leader from null to 9955ffcb-bd67-4d70-a6ef-07cfdefe4b35 at term 1 for becomeLeader, leader elected after 5089ms
2022-10-13 11:28:47,810 [9955ffcb-bd67-4d70-a6ef-07cfdefe4b35@group-0EF347CFE542-LeaderElection13] INFO  server.RaftServerConfigKeys (ConfUtils.java:logGet(46)) - raft.server.staging.catchup.gap = 1000 (default)
2022-10-13 11:28:47,810 [9955ffcb-bd67-4d70-a6ef-07cfdefe4b35@group-0EF347CFE542-LeaderElection13] INFO  server.RaftServerConfigKeys (ConfUtils.java:logGet(46)) - raft.server.write.element-limit = 1024 (custom)
2022-10-13 11:28:47,810 [9955ffcb-bd67-4d70-a6ef-07cfdefe4b35@group-0EF347CFE542-LeaderElection13] INFO  server.RaftServerConfigKeys (ConfUtils.java:logGet(46)) - raft.server.write.byte-limit = 1024 M (=1073741824) (custom)
2022-10-13 11:28:47,810 [9955ffcb-bd67-4d70-a6ef-07cfdefe4b35@group-0EF347CFE542-LeaderElection13] INFO  server.RaftServerConfigKeys (ConfUtils.java:logGet(46)) - raft.server.watch.timeout = 180s (custom)
2022-10-13 11:28:47,811 [9955ffcb-bd67-4d70-a6ef-07cfdefe4b35@group-0EF347CFE542-LeaderElection13] INFO  server.RaftServerConfigKeys (ConfUtils.java:logGet(46)) - raft.server.watch.timeout.denomination = 1s (default)
2022-10-13 11:28:47,811 [9955ffcb-bd67-4d70-a6ef-07cfdefe4b35@group-0EF347CFE542-LeaderElection13] INFO  server.RaftServerConfigKeys (ConfUtils.java:logGet(46)) - raft.server.watch.element-limit = 65536 (default)
2022-10-13 11:28:47,811 [9955ffcb-bd67-4d70-a6ef-07cfdefe4b35@group-0EF347CFE542-LeaderElection13] INFO  server.RaftServerConfigKeys (ConfUtils.java:logGet(46)) - raft.server.write.element-limit = 1024 (custom)
2022-10-13 11:28:47,811 [9955ffcb-bd67-4d70-a6ef-07cfdefe4b35@group-0EF347CFE542-LeaderElection13] INFO  server.RaftServerConfigKeys (ConfUtils.java:logGet(46)) - raft.server.write.follower.gap.ratio.max = -1.0 (default)
2022-10-13 11:28:47,812 [9955ffcb-bd67-4d70-a6ef-07cfdefe4b35@group-0EF347CFE542-LeaderElection13] INFO  impl.RoleInfo (RoleInfo.java:updateAndGet(139)) - 9955ffcb-bd67-4d70-a6ef-07cfdefe4b35: start 9955ffcb-bd67-4d70-a6ef-07cfdefe4b35@group-0EF347CFE542-LeaderStateImpl
2022-10-13 11:28:47,813 [9955ffcb-bd67-4d70-a6ef-07cfdefe4b35@group-0EF347CFE542-LeaderElection13] INFO  segmented.SegmentedRaftLogWorker (SegmentedRaftLogWorker.java:startLogSegment(425)) - 9955ffcb-bd67-4d70-a6ef-07cfdefe4b35@group-0EF347CFE542-SegmentedRaftLogWorker: Starting segment from index:0
2022-10-13 11:28:47,814 [9955ffcb-bd67-4d70-a6ef-07cfdefe4b35@group-0EF347CFE542-SegmentedRaftLogWorker] INFO  segmented.SegmentedRaftLogWorker (SegmentedRaftLogWorker.java:execute(629)) - 9955ffcb-bd67-4d70-a6ef-07cfdefe4b35@group-0EF347CFE542-SegmentedRaftLogWorker: created new log segment /home/runner/work/ozone/ozone/hadoop-ozone/integration-test/target/test-dir/MiniOzoneClusterImpl-e80e85d6-a50a-47d0-a504-2468c00e5ca2/datanode-1/data/ratis/c1399d32-473a-42a1-ae5a-0ef347cfe542/current/log_inprogress_0
2022-10-13 11:28:47,816 [9955ffcb-bd67-4d70-a6ef-07cfdefe4b35@group-0EF347CFE542-LeaderElection13] INFO  server.RaftServer$Division (ServerState.java:setRaftConf(393)) - 9955ffcb-bd67-4d70-a6ef-07cfdefe4b35@group-0EF347CFE542: set configuration 0: [9955ffcb-bd67-4d70-a6ef-07cfdefe4b35|rpc:10.1.0.139:42729|dataStream:|priority:1], old=null
2022-10-13 11:28:48,054 [Listener at 127.0.0.1/46823] INFO  ozone.MiniOzoneClusterImpl (MiniOzoneClusterImpl.java:lambda$waitForClusterToBeReady$0(216)) - Nodes are ready. Got 3 of 3 DN Heartbeats.
2022-10-13 11:28:48,054 [Listener at 127.0.0.1/46823] INFO  ozone.MiniOzoneClusterImpl (MiniOzoneClusterImpl.java:lambda$waitForClusterToBeReady$0(219)) - Cluster exits safe mode
2022-10-13 11:28:48,055 [Listener at 127.0.0.1/46823] INFO  ozone.MiniOzoneClusterImpl (MiniOzoneClusterImpl.java:lambda$waitForClusterToBeReady$0(221)) - SCM became leader
]]></system-out>
    </rerunFailure>
    <rerunFailure type="java.lang.AssertionError">
      <stackTrace><![CDATA[java.lang.AssertionError
	at org.junit.Assert.fail(Assert.java:87)
	at org.junit.Assert.assertTrue(Assert.java:42)
	at org.junit.Assert.assertTrue(Assert.java:53)
	at org.apache.hadoop.hdds.scm.TestRatisPipelineLeader.testLeaderIdAfterLeaderChange(TestRatisPipelineLeader.java:119)
	at sun.reflect.NativeMethodAccessorImpl.invoke0(Native Method)
	at sun.reflect.NativeMethodAccessorImpl.invoke(NativeMethodAccessorImpl.java:62)
	at sun.reflect.DelegatingMethodAccessorImpl.invoke(DelegatingMethodAccessorImpl.java:43)
	at java.lang.reflect.Method.invoke(Method.java:498)
	at org.junit.platform.commons.util.ReflectionUtils.invokeMethod(ReflectionUtils.java:725)
	at org.junit.jupiter.engine.execution.MethodInvocation.proceed(MethodInvocation.java:60)
	at org.junit.jupiter.engine.execution.InvocationInterceptorChain$ValidatingInvocation.proceed(InvocationInterceptorChain.java:131)
	at org.junit.jupiter.engine.extension.TimeoutInvocation.proceed(TimeoutInvocation.java:46)
	at org.junit.jupiter.engine.extension.TimeoutExtension.intercept(TimeoutExtension.java:149)
	at org.junit.jupiter.engine.extension.TimeoutExtension.interceptTestableMethod(TimeoutExtension.java:140)
	at org.junit.jupiter.engine.extension.TimeoutExtension.interceptTestMethod(TimeoutExtension.java:84)
	at org.junit.jupiter.engine.execution.ExecutableInvoker$ReflectiveInterceptorCall.lambda$ofVoidMethod$0(ExecutableInvoker.java:115)
	at org.junit.jupiter.engine.execution.ExecutableInvoker.lambda$invoke$0(ExecutableInvoker.java:105)
	at org.junit.jupiter.engine.execution.InvocationInterceptorChain$InterceptedInvocation.proceed(InvocationInterceptorChain.java:106)
	at org.junit.jupiter.engine.execution.InvocationInterceptorChain.proceed(InvocationInterceptorChain.java:64)
	at org.junit.jupiter.engine.execution.InvocationInterceptorChain.chainAndInvoke(InvocationInterceptorChain.java:45)
	at org.junit.jupiter.engine.execution.InvocationInterceptorChain.invoke(InvocationInterceptorChain.java:37)
	at org.junit.jupiter.engine.execution.ExecutableInvoker.invoke(ExecutableInvoker.java:104)
	at org.junit.jupiter.engine.execution.ExecutableInvoker.invoke(ExecutableInvoker.java:98)
	at org.junit.jupiter.engine.descriptor.TestMethodTestDescriptor.lambda$invokeTestMethod$7(TestMethodTestDescriptor.java:214)
	at org.junit.platform.engine.support.hierarchical.ThrowableCollector.execute(ThrowableCollector.java:73)
	at org.junit.jupiter.engine.descriptor.TestMethodTestDescriptor.invokeTestMethod(TestMethodTestDescriptor.java:210)
	at org.junit.jupiter.engine.descriptor.TestMethodTestDescriptor.execute(TestMethodTestDescriptor.java:135)
	at org.junit.jupiter.engine.descriptor.TestMethodTestDescriptor.execute(TestMethodTestDescriptor.java:66)
	at org.junit.platform.engine.support.hierarchical.NodeTestTask.lambda$executeRecursively$6(NodeTestTask.java:151)
	at org.junit.platform.engine.support.hierarchical.ThrowableCollector.execute(ThrowableCollector.java:73)
	at org.junit.platform.engine.support.hierarchical.NodeTestTask.lambda$executeRecursively$8(NodeTestTask.java:141)
	at org.junit.platform.engine.support.hierarchical.Node.around(Node.java:137)
	at org.junit.platform.engine.support.hierarchical.NodeTestTask.lambda$executeRecursively$9(NodeTestTask.java:139)
	at org.junit.platform.engine.support.hierarchical.ThrowableCollector.execute(ThrowableCollector.java:73)
	at org.junit.platform.engine.support.hierarchical.NodeTestTask.executeRecursively(NodeTestTask.java:138)
	at org.junit.platform.engine.support.hierarchical.NodeTestTask.execute(NodeTestTask.java:95)
	at java.util.ArrayList.forEach(ArrayList.java:1259)
	at org.junit.platform.engine.support.hierarchical.SameThreadHierarchicalTestExecutorService.invokeAll(SameThreadHierarchicalTestExecutorService.java:41)
	at org.junit.platform.engine.support.hierarchical.NodeTestTask.lambda$executeRecursively$6(NodeTestTask.java:155)
	at org.junit.platform.engine.support.hierarchical.ThrowableCollector.execute(ThrowableCollector.java:73)
	at org.junit.platform.engine.support.hierarchical.NodeTestTask.lambda$executeRecursively$8(NodeTestTask.java:141)
	at org.junit.platform.engine.support.hierarchical.Node.around(Node.java:137)
	at org.junit.platform.engine.support.hierarchical.NodeTestTask.lambda$executeRecursively$9(NodeTestTask.java:139)
	at org.junit.platform.engine.support.hierarchical.ThrowableCollector.execute(ThrowableCollector.java:73)
	at org.junit.platform.engine.support.hierarchical.NodeTestTask.executeRecursively(NodeTestTask.java:138)
	at org.junit.platform.engine.support.hierarchical.NodeTestTask.execute(NodeTestTask.java:95)
	at java.util.ArrayList.forEach(ArrayList.java:1259)
	at org.junit.platform.engine.support.hierarchical.SameThreadHierarchicalTestExecutorService.invokeAll(SameThreadHierarchicalTestExecutorService.java:41)
	at org.junit.platform.engine.support.hierarchical.NodeTestTask.lambda$executeRecursively$6(NodeTestTask.java:155)
	at org.junit.platform.engine.support.hierarchical.ThrowableCollector.execute(ThrowableCollector.java:73)
	at org.junit.platform.engine.support.hierarchical.NodeTestTask.lambda$executeRecursively$8(NodeTestTask.java:141)
	at org.junit.platform.engine.support.hierarchical.Node.around(Node.java:137)
	at org.junit.platform.engine.support.hierarchical.NodeTestTask.lambda$executeRecursively$9(NodeTestTask.java:139)
	at org.junit.platform.engine.support.hierarchical.ThrowableCollector.execute(ThrowableCollector.java:73)
	at org.junit.platform.engine.support.hierarchical.NodeTestTask.executeRecursively(NodeTestTask.java:138)
	at org.junit.platform.engine.support.hierarchical.NodeTestTask.execute(NodeTestTask.java:95)
	at org.junit.platform.engine.support.hierarchical.SameThreadHierarchicalTestExecutorService.submit(SameThreadHierarchicalTestExecutorService.java:35)
	at org.junit.platform.engine.support.hierarchical.HierarchicalTestExecutor.execute(HierarchicalTestExecutor.java:57)
	at org.junit.platform.engine.support.hierarchical.HierarchicalTestEngine.execute(HierarchicalTestEngine.java:54)
	at org.junit.platform.launcher.core.EngineExecutionOrchestrator.execute(EngineExecutionOrchestrator.java:107)
	at org.junit.platform.launcher.core.EngineExecutionOrchestrator.execute(EngineExecutionOrchestrator.java:88)
	at org.junit.platform.launcher.core.EngineExecutionOrchestrator.lambda$execute$0(EngineExecutionOrchestrator.java:54)
	at org.junit.platform.launcher.core.EngineExecutionOrchestrator.withInterceptedStreams(EngineExecutionOrchestrator.java:67)
	at org.junit.platform.launcher.core.EngineExecutionOrchestrator.execute(EngineExecutionOrchestrator.java:52)
	at org.junit.platform.launcher.core.DefaultLauncher.execute(DefaultLauncher.java:114)
	at org.junit.platform.launcher.core.DefaultLauncher.execute(DefaultLauncher.java:86)
	at org.junit.platform.launcher.core.DefaultLauncherSession$DelegatingLauncher.execute(DefaultLauncherSession.java:86)
	at org.junit.platform.launcher.core.SessionPerRequestLauncher.execute(SessionPerRequestLauncher.java:53)
	at org.apache.maven.surefire.junitplatform.JUnitPlatformProvider.invokeAllTests(JUnitPlatformProvider.java:165)
	at org.apache.maven.surefire.junitplatform.JUnitPlatformProvider.invoke(JUnitPlatformProvider.java:124)
	at org.apache.maven.surefire.booter.ForkedBooter.runSuitesInProcess(ForkedBooter.java:428)
	at org.apache.maven.surefire.booter.ForkedBooter.execute(ForkedBooter.java:162)
	at org.apache.maven.surefire.booter.ForkedBooter.run(ForkedBooter.java:562)
	at org.apache.maven.surefire.booter.ForkedBooter.main(ForkedBooter.java:548)
]]></stackTrace>
      <system-out><![CDATA[2022-10-13 11:28:52,376 [Listener at 127.0.0.1/46823] WARN  server.ServerUtils (ServerUtils.java:getScmDbDir(148)) - ozone.scm.db.dirs is not configured. We recommend adding this setting. Falling back to ozone.metadata.dirs instead.
2022-10-13 11:28:52,381 [Listener at 127.0.0.1/46823] WARN  server.ServerUtils (ServerUtils.java:getScmDbDir(148)) - ozone.scm.db.dirs is not configured. We recommend adding this setting. Falling back to ozone.metadata.dirs instead.
2022-10-13 11:28:52,381 [Listener at 127.0.0.1/46823] INFO  ha.SCMHANodeDetails (SCMHANodeDetails.java:loadSCMHAConfig(209)) - ServiceID for StorageContainerManager is null
2022-10-13 11:28:52,381 [Listener at 127.0.0.1/46823] INFO  ha.SCMHANodeDetails (SCMHANodeDetails.java:loadSCMHAConfig(214)) - ozone.scm.default.service.id is not defined, falling back to ozone.scm.service.ids to find serviceID for StorageContainerManager if it is HA enabled cluster
2022-10-13 11:28:52,382 [Listener at 127.0.0.1/46823] WARN  utils.HAUtils (HAUtils.java:getMetaDir(342)) - ozone.scm.db.dirs is not configured. We recommend adding this setting. Falling back to ozone.metadata.dirs instead.
2022-10-13 11:28:52,383 [Listener at 127.0.0.1/46823] WARN  db.DBStoreBuilder (DBStoreBuilder.java:applyDBDefinition(144)) - ozone.scm.db.dirs is not configured. We recommend adding this setting. Falling back to ozone.metadata.dirs instead.
2022-10-13 11:28:52,512 [Listener at 127.0.0.1/46823] INFO  net.NodeSchemaLoader (NodeSchemaLoader.java:loadSchemaFromFile(129)) - Loading schema from [jar:file:/home/runner/.m2/repository/org/apache/ozone/hdds-common/1.3.0-SNAPSHOT/hdds-common-1.3.0-SNAPSHOT.jar!/network-topology-default.xml]
2022-10-13 11:28:52,512 [Listener at 127.0.0.1/46823] INFO  net.NodeSchemaLoader (NodeSchemaLoader.java:loadSchema(176)) - Loading network topology layer schema file
2022-10-13 11:28:52,515 [Listener at 127.0.0.1/46823] INFO  upgrade.AbstractLayoutVersionManager (AbstractLayoutVersionManager.java:init(83)) - Initializing Layout version manager with metadata layout = DATANODE_SCHEMA_V3 (version = 4), software layout = DATANODE_SCHEMA_V3 (version = 4)
2022-10-13 11:28:52,557 [Listener at 127.0.0.1/46823] INFO  reflections.Reflections (Reflections.java:scan(232)) - Reflections took 41 ms to scan 7 urls, producing 137 keys and 328 values 
2022-10-13 11:28:52,559 [Listener at 127.0.0.1/46823] INFO  ha.SequenceIdGenerator (SequenceIdGenerator.java:upgradeToSequenceId(349)) - upgrade localId to 109611004723200000
2022-10-13 11:28:52,559 [Listener at 127.0.0.1/46823] INFO  ha.SequenceIdGenerator (SequenceIdGenerator.java:upgradeToSequenceId(359)) - upgrade delTxnId to 0
2022-10-13 11:28:52,559 [Listener at 127.0.0.1/46823] INFO  ha.SequenceIdGenerator (SequenceIdGenerator.java:upgradeToSequenceId(376)) - upgrade containerId to 0
2022-10-13 11:28:52,559 [Listener at 127.0.0.1/46823] INFO  ha.SequenceIdGenerator (SequenceIdGenerator.java:<init>(220)) - Init the HA SequenceIdGenerator.
2022-10-13 11:28:52,560 [Listener at 127.0.0.1/46823] WARN  server.ServerUtils (ServerUtils.java:sanitizeUserArgs(73)) - ozone.scm.stale.node.interval value = 300000 is larger than max = 100000 based on the key value of ozone.scm.heartbeat.thread.interval, reset to the max value 100000.
2022-10-13 11:28:52,560 [Listener at 127.0.0.1/46823] WARN  server.ServerUtils (ServerUtils.java:sanitizeUserArgs(73)) - ozone.scm.stale.node.interval value = 300000 is larger than max = 100000 based on the key value of ozone.scm.heartbeat.thread.interval, reset to the max value 100000.
2022-10-13 11:28:52,560 [Listener at 127.0.0.1/46823] INFO  node.SCMNodeManager (SCMNodeManager.java:<init>(149)) - Entering startup safe mode.
2022-10-13 11:28:52,561 [Listener at 127.0.0.1/46823] INFO  algorithms.ContainerPlacementPolicyFactory (ContainerPlacementPolicyFactory.java:getPolicyInternal(86)) - Create container placement policy of type org.apache.hadoop.hdds.scm.container.placement.algorithms.SCMContainerPlacementRandom
2022-10-13 11:28:52,561 [Listener at 127.0.0.1/46823] INFO  algorithms.ContainerPlacementPolicyFactory (ContainerPlacementPolicyFactory.java:getPolicyInternal(86)) - Create container placement policy of type org.apache.hadoop.hdds.scm.container.placement.algorithms.SCMContainerPlacementRackScatter
2022-10-13 11:28:52,561 [Listener at 127.0.0.1/46823] INFO  pipeline.PipelineStateManagerImpl (PipelineStateManagerImpl.java:initialize(78)) - No pipeline exists in current db
2022-10-13 11:28:52,562 [Listener at 127.0.0.1/46823] INFO  algorithms.LeaderChoosePolicyFactory (LeaderChoosePolicyFactory.java:getPolicy(57)) - Create leader choose policy of type org.apache.hadoop.hdds.scm.pipeline.leader.choose.algorithms.MinLeaderCountChoosePolicy
2022-10-13 11:28:52,562 [Listener at 127.0.0.1/46823] INFO  algorithms.ContainerPlacementPolicyFactory (ContainerPlacementPolicyFactory.java:getPolicyInternal(86)) - Create container placement policy of type org.apache.hadoop.hdds.scm.container.placement.algorithms.SCMContainerPlacementRackScatter
2022-10-13 11:28:52,562 [Listener at 127.0.0.1/46823] INFO  ha.SCMServiceManager (SCMServiceManager.java:register(42)) - Registering service BackgroundPipelineCreator.
2022-10-13 11:28:52,562 [Listener at 127.0.0.1/46823] INFO  pipeline.BackgroundPipelineCreator (BackgroundPipelineCreator.java:start(124)) - Starting RatisPipelineUtilsThread.
2022-10-13 11:28:52,568 [Listener at 127.0.0.1/46823] INFO  BackgroundPipelineScrubber (BackgroundSCMService.java:start(68)) - Starting BackgroundPipelineScrubber Service.
2022-10-13 11:28:52,568 [Listener at 127.0.0.1/46823] INFO  ha.SCMServiceManager (SCMServiceManager.java:register(42)) - Registering service BackgroundPipelineScrubber.
2022-10-13 11:28:52,569 [Listener at 127.0.0.1/46823] INFO  ExpiredContainerReplicaOpScrubber (BackgroundSCMService.java:start(68)) - Starting ExpiredContainerReplicaOpScrubber Service.
2022-10-13 11:28:52,569 [Listener at 127.0.0.1/46823] INFO  ha.SCMServiceManager (SCMServiceManager.java:register(42)) - Registering service ExpiredContainerReplicaOpScrubber.
2022-10-13 11:28:52,570 [Listener at 127.0.0.1/46823] INFO  algorithms.PipelineChoosePolicyFactory (PipelineChoosePolicyFactory.java:createPipelineChoosePolicyFromClass(73)) - Create pipeline choose policy of type org.apache.hadoop.hdds.scm.pipeline.choose.algorithms.RandomPipelineChoosePolicy
2022-10-13 11:28:52,571 [Listener at 127.0.0.1/46823] INFO  ha.SCMServiceManager (SCMServiceManager.java:register(42)) - Registering service SCMBlockDeletingService.
2022-10-13 11:28:52,571 [Listener at 127.0.0.1/46823] INFO  replication.ReplicationManager (ReplicationManager.java:start(223)) - Starting Replication Monitor Thread.
2022-10-13 11:28:52,572 [Listener at 127.0.0.1/46823] INFO  ha.SCMServiceManager (SCMServiceManager.java:register(42)) - Registering service ReplicationManager.
2022-10-13 11:28:52,572 [ReplicationMonitor] INFO  replication.ReplicationManager (ReplicationManager.java:processAll(291)) - Replication Manager is not ready to run until 3000ms after safemode exit
2022-10-13 11:28:52,572 [Listener at 127.0.0.1/46823] INFO  safemode.ContainerSafeModeRule (ContainerSafeModeRule.java:<init>(89)) - containers with one replica threshold count 0
2022-10-13 11:28:52,573 [Listener at 127.0.0.1/46823] INFO  safemode.HealthyPipelineSafeModeRule (HealthyPipelineSafeModeRule.java:initializeRule(169)) - Total pipeline count is 0, healthy pipeline threshold count is 1
2022-10-13 11:28:52,573 [Listener at 127.0.0.1/46823] INFO  safemode.OneReplicaPipelineSafeModeRule (OneReplicaPipelineSafeModeRule.java:initializeRule(180)) - Total pipeline count is 0, pipeline's with at least one datanode reported threshold count is 0
2022-10-13 11:28:52,574 [Listener at 127.0.0.1/46823] INFO  ipc.CallQueueManager (CallQueueManager.java:<init>(90)) - Using callQueue: class java.util.concurrent.LinkedBlockingQueue, queueCapacity: 2000, scheduler: class org.apache.hadoop.ipc.DefaultRpcScheduler, ipcBackoff: false.
2022-10-13 11:28:52,575 [Socket Reader #1 for port 0] INFO  ipc.Server (Server.java:run(1273)) - Starting Socket Reader #1 for port 0
2022-10-13 11:28:52,575 [Listener at 0.0.0.0/39547] INFO  ipc.CallQueueManager (CallQueueManager.java:<init>(90)) - Using callQueue: class java.util.concurrent.LinkedBlockingQueue, queueCapacity: 2000, scheduler: class org.apache.hadoop.ipc.DefaultRpcScheduler, ipcBackoff: false.
2022-10-13 11:28:52,576 [Listener at 0.0.0.0/40133] INFO  ipc.CallQueueManager (CallQueueManager.java:<init>(90)) - Using callQueue: class java.util.concurrent.LinkedBlockingQueue, queueCapacity: 2000, scheduler: class org.apache.hadoop.ipc.DefaultRpcScheduler, ipcBackoff: false.
2022-10-13 11:28:52,577 [Socket Reader #1 for port 0] INFO  ipc.Server (Server.java:run(1273)) - Starting Socket Reader #1 for port 0
2022-10-13 11:28:52,577 [Socket Reader #1 for port 0] INFO  ipc.Server (Server.java:run(1273)) - Starting Socket Reader #1 for port 0
2022-10-13 11:28:52,595 [Listener at 0.0.0.0/43607] INFO  ha.SCMServiceManager (SCMServiceManager.java:register(42)) - Registering service ContainerBalancer.
2022-10-13 11:28:52,596 [Listener at 0.0.0.0/43607] INFO  server.StorageContainerManager (StorageContainerManager.java:<init>(410)) - 
Container Balancer status:
Key                            Value
Running                        false
Container Balancer Configuration values:
Key                                                Value
Threshold                                          10
Max Datanodes to Involve per Iteration(percent)    20
Max Size to Move per Iteration                     500GB
Max Size Entering Target per Iteration             26GB
Max Size Leaving Source per Iteration              26GB

2022-10-13 11:28:52,596 [Listener at 0.0.0.0/43607] WARN  events.EventQueue (EventQueue.java:fireEvent(216)) - No event handler registered for event TypedEvent{payloadType=SafeModeStatus, name='Safe mode status'}
2022-10-13 11:28:52,596 [Listener at 0.0.0.0/43607] INFO  ha.SCMContext (SCMContext.java:updateSafeModeStatus(228)) - Update SafeModeStatus from SafeModeStatus{safeModeStatus=true, preCheckPassed=false} to SafeModeStatus{safeModeStatus=true, preCheckPassed=false}.
2022-10-13 11:28:52,598 [Listener at 0.0.0.0/43607] INFO  server.StorageContainerManager (StorageContainerManager.java:start(1436)) - StorageContainerLocationProtocol RPC server is listening at /0.0.0.0:43607
2022-10-13 11:28:52,599 [Listener at 0.0.0.0/43607] WARN  impl.MetricsConfig (MetricsConfig.java:loadFirst(136)) - Cannot locate configuration: tried hadoop-metrics2-storagecontainermanager.properties,hadoop-metrics2.properties
2022-10-13 11:28:52,601 [Listener at 0.0.0.0/43607] INFO  impl.MetricsSystemImpl (MetricsSystemImpl.java:startTimer(378)) - Scheduled Metric snapshot period at 10 second(s).
2022-10-13 11:28:52,601 [Listener at 0.0.0.0/43607] INFO  impl.MetricsSystemImpl (MetricsSystemImpl.java:start(191)) - StorageContainerManager metrics system started
2022-10-13 11:28:52,617 [Listener at 0.0.0.0/43607] INFO  impl.MetricsSinkAdapter (MetricsSinkAdapter.java:start(204)) - Sink prometheus started
2022-10-13 11:28:52,617 [Listener at 0.0.0.0/43607] INFO  impl.MetricsSystemImpl (MetricsSystemImpl.java:registerSink(305)) - Registered sink prometheus
2022-10-13 11:28:52,631 [Listener at 0.0.0.0/43607] INFO  server.SCMClientProtocolServer (SCMClientProtocolServer.java:start(170)) - RPC server for Client  is listening at /0.0.0.0:43607
2022-10-13 11:28:52,631 [IPC Server Responder] INFO  ipc.Server (Server.java:run(1512)) - IPC Server Responder: starting
2022-10-13 11:28:52,633 [IPC Server listener on 0] INFO  ipc.Server (Server.java:run(1352)) - IPC Server listener on 0: starting
2022-10-13 11:28:52,638 [Listener at 0.0.0.0/43607] INFO  server.StorageContainerManager (StorageContainerManager.java:start(1451)) - ScmBlockLocationProtocol RPC server is listening at /0.0.0.0:40133
2022-10-13 11:28:52,639 [Listener at 0.0.0.0/43607] INFO  server.SCMBlockProtocolServer (SCMBlockProtocolServer.java:start(152)) - RPC server for Block Protocol is listening at /0.0.0.0:40133
2022-10-13 11:28:52,639 [IPC Server Responder] INFO  ipc.Server (Server.java:run(1512)) - IPC Server Responder: starting
2022-10-13 11:28:52,642 [IPC Server listener on 0] INFO  ipc.Server (Server.java:run(1352)) - IPC Server listener on 0: starting
2022-10-13 11:28:52,647 [Listener at 0.0.0.0/43607] INFO  server.SCMDatanodeProtocolServer (SCMDatanodeProtocolServer.java:start(186)) - ScmDatanodeProtocol RPC server for DataNodes is listening at /0.0.0.0:39547
2022-10-13 11:28:52,654 [IPC Server Responder] INFO  ipc.Server (Server.java:run(1512)) - IPC Server Responder: starting
2022-10-13 11:28:52,654 [IPC Server listener on 0] INFO  ipc.Server (Server.java:run(1352)) - IPC Server listener on 0: starting
2022-10-13 11:28:52,662 [Listener at 0.0.0.0/43607] INFO  http.BaseHttpServer (BaseHttpServer.java:newHttpServer2BuilderForOzone(213)) - Starting Web-server for scm at: http://0.0.0.0:0
2022-10-13 11:28:52,662 [Listener at 0.0.0.0/43607] INFO  http.BaseHttpServer (BaseHttpServer.java:<init>(108)) - Hadoop Security Enabled: false Ozone Security Enabled: false Ozone HTTP Security Enabled: false 
2022-10-13 11:28:52,663 [Listener at 0.0.0.0/43607] WARN  server.AuthenticationFilter (AuthenticationFilter.java:constructSecretProvider(240)) - Unable to initialize FileSignerSecretProvider, falling back to use random secrets. Reason: Could not read signature secret file: /home/runner/hadoop-http-auth-signature-secret
2022-10-13 11:28:52,665 [Listener at 0.0.0.0/43607] WARN  http.HttpRequestLog (HttpRequestLog.java:getRequestLog(103)) - Jetty request log can only be enabled using Log4j
2022-10-13 11:28:52,666 [Listener at 0.0.0.0/43607] INFO  http.HttpServer2 (HttpServer2.java:addGlobalFilter(1031)) - Added global filter 'safety' (class=org.apache.hadoop.hdds.server.http.HttpServer2$QuotingInputFilter)
2022-10-13 11:28:52,667 [Listener at 0.0.0.0/43607] INFO  http.HttpServer2 (HttpServer2.java:addFilter(1007)) - Added filter static_user_filter (class=org.apache.hadoop.http.lib.StaticUserWebFilter$StaticUserFilter) to context scm
2022-10-13 11:28:52,667 [Listener at 0.0.0.0/43607] INFO  http.HttpServer2 (HttpServer2.java:addFilter(1015)) - Added filter static_user_filter (class=org.apache.hadoop.http.lib.StaticUserWebFilter$StaticUserFilter) to context static
2022-10-13 11:28:52,667 [Listener at 0.0.0.0/43607] INFO  http.HttpServer2 (HttpServer2.java:addFilter(1015)) - Added filter static_user_filter (class=org.apache.hadoop.http.lib.StaticUserWebFilter$StaticUserFilter) to context logs
2022-10-13 11:28:52,668 [Listener at 0.0.0.0/43607] INFO  http.HttpServer2 (HttpServer2.java:bindListener(1250)) - Jetty bound to port 46349
2022-10-13 11:28:52,668 [Listener at 0.0.0.0/43607] INFO  server.Server (Server.java:doStart(375)) - jetty-9.4.43.v20210629; built: 2021-06-30T11:07:22.254Z; git: 526006ecfa3af7f1a27ef3a288e2bef7ea9dd7e8; jvm 1.8.0_345-b01
2022-10-13 11:28:52,669 [org.apache.hadoop.util.JvmPauseMonitor$Monitor@3064a6ad] INFO  util.JvmPauseMonitor (JvmPauseMonitor.java:run(188)) - Starting JVM pause monitor
2022-10-13 11:28:52,670 [Listener at 0.0.0.0/43607] INFO  server.session (DefaultSessionIdManager.java:doStart(334)) - DefaultSessionIdManager workerName=node0
2022-10-13 11:28:52,670 [Listener at 0.0.0.0/43607] INFO  server.session (DefaultSessionIdManager.java:doStart(339)) - No SessionScavenger set, using defaults
2022-10-13 11:28:52,670 [Listener at 0.0.0.0/43607] INFO  server.session (HouseKeeper.java:startScavenging(132)) - node0 Scavenging every 660000ms
2022-10-13 11:28:52,671 [Listener at 0.0.0.0/43607] INFO  handler.ContextHandler (ContextHandler.java:doStart(915)) - Started o.e.j.s.ServletContextHandler@2ad8aeb5{logs,/logs,file:///home/runner/work/ozone/ozone/hadoop-ozone/integration-test/target/log,AVAILABLE}
2022-10-13 11:28:52,671 [Listener at 0.0.0.0/43607] INFO  handler.ContextHandler (ContextHandler.java:doStart(915)) - Started o.e.j.s.ServletContextHandler@4894d5ce{static,/static,file:///home/runner/work/ozone/ozone/hadoop-ozone/integration-test/target/test-classes/webapps/static,AVAILABLE}
2022-10-13 11:28:52,675 [Listener at 0.0.0.0/43607] INFO  handler.ContextHandler (ContextHandler.java:doStart(915)) - Started o.e.j.w.WebAppContext@23605c01{scm,/,file:///home/runner/work/ozone/ozone/hadoop-ozone/integration-test/target/test-classes/webapps/scm/,AVAILABLE}{file:/home/runner/work/ozone/ozone/hadoop-ozone/integration-test/target/test-classes/webapps/scm}
2022-10-13 11:28:52,682 [Listener at 0.0.0.0/43607] INFO  server.AbstractConnector (AbstractConnector.java:doStart(331)) - Started ServerConnector@41fa9c41{HTTP/1.1, (http/1.1)}{0.0.0.0:46349}
2022-10-13 11:28:52,683 [Listener at 0.0.0.0/43607] INFO  server.Server (Server.java:doStart(415)) - Started @46220ms
2022-10-13 11:28:52,683 [Listener at 0.0.0.0/43607] WARN  impl.MetricsSystemImpl (MetricsSystemImpl.java:register(279)) - Sink prometheus already exists!
2022-10-13 11:28:52,683 [Listener at 0.0.0.0/43607] INFO  http.BaseHttpServer (BaseHttpServer.java:updateConnectorAddress(333)) - HTTP server of scm listening at http://0.0.0.0:46349
2022-10-13 11:28:52,686 [Listener at 0.0.0.0/43607] WARN  server.ServerUtils (ServerUtils.java:getDBPath(225)) - ozone.om.db.dirs is not configured. We recommend adding this setting. Falling back to ozone.metadata.dirs instead.
2022-10-13 11:28:52,689 [Listener at 0.0.0.0/43607] INFO  ha.OMHANodeDetails (OMHANodeDetails.java:loadOMHAConfig(115)) - ozone.om.internal.service.id is not defined, falling back to ozone.om.service.ids to find serviceID for OzoneManager if it is HA enabled cluster
2022-10-13 11:28:52,689 [Listener at 0.0.0.0/43607] INFO  ha.OMHANodeDetails (OMHANodeDetails.java:loadOMHAConfig(226)) - Configuration does not have ozone.om.address set. Falling back to the default OM address /127.0.0.1:0
2022-10-13 11:28:52,690 [Listener at 0.0.0.0/43607] INFO  ha.OMHANodeDetails (OMHANodeDetails.java:getOMNodeDetailsForNonHA(254)) - OM Service ID is not set. Setting it to the default ID: omServiceIdDefault
2022-10-13 11:28:52,690 [Listener at 0.0.0.0/43607] INFO  ha.OMHANodeDetails (OMHANodeDetails.java:getOMNodeDetailsForNonHA(261)) - OM Node ID is not set. Setting it to the default ID: om1
2022-10-13 11:28:52,690 [Listener at 0.0.0.0/43607] WARN  server.ServerUtils (ServerUtils.java:getDBPath(225)) - ozone.om.db.dirs is not configured. We recommend adding this setting. Falling back to ozone.metadata.dirs instead.
2022-10-13 11:28:52,691 [Listener at 0.0.0.0/43607] INFO  upgrade.AbstractLayoutVersionManager (AbstractLayoutVersionManager.java:init(83)) - Initializing Layout version manager with metadata layout = MULTITENANCY_SCHEMA (version = 3), software layout = MULTITENANCY_SCHEMA (version = 3)
2022-10-13 11:28:52,747 [Listener at 0.0.0.0/43607] INFO  reflections.Reflections (Reflections.java:scan(232)) - Reflections took 55 ms to scan 2 urls, producing 154 keys and 428 values [using 2 cores]
2022-10-13 11:28:52,747 [Listener at 0.0.0.0/43607] INFO  upgrade.OMLayoutVersionManager (OMLayoutVersionManager.java:lambda$0(115)) - Skipping Upgrade Action MockOmUpgradeAction since it has been finalized.
2022-10-13 11:28:52,748 [Listener at 0.0.0.0/43607] WARN  server.ServerUtils (ServerUtils.java:getDBPath(225)) - ozone.om.db.dirs is not configured. We recommend adding this setting. Falling back to ozone.metadata.dirs instead.
2022-10-13 11:28:52,749 [Listener at 0.0.0.0/43607] INFO  proxy.SCMBlockLocationFailoverProxyProvider (SCMBlockLocationFailoverProxyProvider.java:<init>(114)) - Created block location fail-over proxy with 1 nodes: [nodeId=scmNodeId,nodeAddress=/0.0.0.0:40133]
2022-10-13 11:28:52,750 [Listener at 0.0.0.0/43607] INFO  proxy.SCMBlockLocationFailoverProxyProvider (SCMBlockLocationFailoverProxyProvider.java:<init>(114)) - Created block location fail-over proxy with 1 nodes: [nodeId=scmNodeId,nodeAddress=/0.0.0.0:40133]
2022-10-13 11:28:52,758 [Listener at 0.0.0.0/43607] WARN  server.ServerUtils (ServerUtils.java:getDBPath(225)) - ozone.om.db.dirs is not configured. We recommend adding this setting. Falling back to ozone.metadata.dirs instead.
2022-10-13 11:28:52,758 [Listener at 0.0.0.0/43607] INFO  codec.OmKeyInfoCodec (OmKeyInfoCodec.java:<init>(49)) - OmKeyInfoCodec ignorePipeline = true
2022-10-13 11:28:52,758 [Listener at 0.0.0.0/43607] INFO  codec.RepeatedOmKeyInfoCodec (RepeatedOmKeyInfoCodec.java:<init>(41)) - RepeatedOmKeyInfoCodec ignorePipeline = true
2022-10-13 11:28:52,921 [Listener at 0.0.0.0/43607] INFO  om.OzoneManager (OzoneManager.java:instantiateServices(712)) - S3 Multi-Tenancy is disabled
2022-10-13 11:28:52,923 [Listener at 0.0.0.0/43607] INFO  om.OzoneManager (OzoneManager.java:addS3GVolumeToDB(4386)) - Created Volume s3v With Owner runner required for S3Gateway operations.
2022-10-13 11:28:52,923 [Listener at 0.0.0.0/43607] WARN  server.ServerUtils (ServerUtils.java:getDefaultRatisDirectory(237)) - Storage directory for Ratis is not configured. It is a good idea to map this to an SSD disk. Falling back to ozone.metadata.dirs
2022-10-13 11:28:52,923 [Listener at 0.0.0.0/43607] WARN  utils.OzoneManagerRatisUtils (OzoneManagerRatisUtils.java:getOMRatisSnapshotDirectory(434)) - ozone.om.ratis.snapshot.dir is not configured. Falling back to ozone.metadata.dirs config
2022-10-13 11:28:52,924 [Listener at 0.0.0.0/43607] WARN  server.ServerUtils (ServerUtils.java:getDefaultRatisDirectory(237)) - Storage directory for Ratis is not configured. It is a good idea to map this to an SSD disk. Falling back to ozone.metadata.dirs
2022-10-13 11:28:52,925 [Listener at 0.0.0.0/43607] INFO  ratis.OzoneManagerRatisServer (OzoneManagerRatisServer.java:<init>(160)) - Instantiating OM Ratis server with groupID: omServiceIdDefault and peers: localhost:9872
2022-10-13 11:28:52,925 [Listener at 0.0.0.0/43607] INFO  ratis.OzoneManagerStateMachine (OzoneManagerStateMachine.java:loadSnapshotInfoFromDB(632)) - LastAppliedIndex is set from TransactionInfo from OM DB as (t:0, i:~)
2022-10-13 11:28:52,926 [Listener at 0.0.0.0/43607] INFO  server.RaftServer (ConfUtils.java:logGet(46)) - raft.rpc.type = GRPC (default)
2022-10-13 11:28:52,926 [Listener at 0.0.0.0/43607] INFO  grpc.GrpcFactory (GrpcFactory.java:checkPooledByteBufAllocatorUseCacheForAllThreads(48)) - PERFORMANCE WARNING: useCacheForAllThreads is true that may cause Netty to create a lot garbage objects and, as a result, trigger GC.
	It is recommended to disable useCacheForAllThreads by setting -Dorg.apache.ratis.thirdparty.io.netty.allocator.useCacheForAllThreads=false in command line.
2022-10-13 11:28:52,926 [Listener at 0.0.0.0/43607] INFO  grpc.GrpcConfigKeys (ConfUtils.java:logGet(46)) - raft.grpc.admin.port = -1 (default)
2022-10-13 11:28:52,926 [Listener at 0.0.0.0/43607] INFO  grpc.GrpcConfigKeys (ConfUtils.java:logGet(46)) - raft.grpc.server.port = 9872 (custom)
2022-10-13 11:28:52,926 [Listener at 0.0.0.0/43607] INFO  grpc.GrpcConfigKeys (ConfUtils.java:logGet(46)) - raft.grpc.client.port = -1 (default)
2022-10-13 11:28:52,926 [Listener at 0.0.0.0/43607] INFO  grpc.GrpcConfigKeys (ConfUtils.java:logGet(46)) - raft.grpc.server.port = 9872 (custom)
2022-10-13 11:28:52,926 [Listener at 0.0.0.0/43607] INFO  grpc.GrpcConfigKeys (ConfUtils.java:logGet(46)) - raft.grpc.server.port = 9872 (custom)
2022-10-13 11:28:52,927 [Listener at 0.0.0.0/43607] INFO  server.GrpcService (ConfUtils.java:logGet(46)) - raft.grpc.message.size.max = 33554432 (custom)
2022-10-13 11:28:52,927 [Listener at 0.0.0.0/43607] INFO  server.RaftServerConfigKeys (ConfUtils.java:logGet(46)) - raft.server.log.appender.buffer.byte-limit = 33554432 (custom)
2022-10-13 11:28:52,927 [Listener at 0.0.0.0/43607] INFO  server.GrpcService (ConfUtils.java:logGet(46)) - raft.grpc.flow.control.window = 1MB (=1048576) (default)
2022-10-13 11:28:52,927 [Listener at 0.0.0.0/43607] INFO  server.RaftServerConfigKeys (ConfUtils.java:logGet(46)) - raft.server.rpc.request.timeout = 3000ms (default)
2022-10-13 11:28:52,927 [Listener at 0.0.0.0/43607] INFO  grpc.GrpcConfigKeys (ConfUtils.java:logGet(46)) - raft.grpc.server.async.request.thread.pool.cached = true (default)
2022-10-13 11:28:52,927 [Listener at 0.0.0.0/43607] INFO  grpc.GrpcConfigKeys (ConfUtils.java:logGet(46)) - raft.grpc.server.async.request.thread.pool.size = 32 (default)
2022-10-13 11:28:52,929 [Listener at 0.0.0.0/43607] INFO  impl.DataStreamServerImpl (ConfUtils.java:logGet(46)) - raft.datastream.type = DISABLED (default)
2022-10-13 11:28:52,929 [Listener at 0.0.0.0/43607] INFO  server.RaftServerConfigKeys (ConfUtils.java:logGet(46)) - raft.server.threadpool.proxy.cached = true (default)
2022-10-13 11:28:52,929 [Listener at 0.0.0.0/43607] INFO  server.RaftServerConfigKeys (ConfUtils.java:logGet(46)) - raft.server.threadpool.proxy.size = 0 (default)
2022-10-13 11:28:52,929 [Listener at 0.0.0.0/43607] INFO  server.RaftServerConfigKeys (ConfUtils.java:logGet(46)) - raft.server.rpc.slowness.timeout = 120s (custom)
2022-10-13 11:28:52,929 [Listener at 0.0.0.0/43607] INFO  server.RaftServerConfigKeys (ConfUtils.java:logGet(46)) - raft.server.leaderelection.leader.step-down.wait-time = 10s (default)
2022-10-13 11:28:52,930 [Listener at 0.0.0.0/43607] INFO  server.RaftServerConfigKeys (ConfUtils.java:logGet(46)) - raft.server.storage.dir = [/home/runner/work/ozone/ozone/hadoop-ozone/integration-test/target/test-dir/MiniOzoneClusterImpl-19e7b4a3-42bc-4567-acfc-6f1f2d45bde8/ozone-meta/ratis] (custom)
2022-10-13 11:28:52,930 [Listener at 0.0.0.0/43607] INFO  server.RaftServer (RaftServerProxy.java:addNew(96)) - om1: addNew group-C5BA1605619E:[om1|rpc:localhost:9872|priority:0] returns group-C5BA1605619E:java.util.concurrent.CompletableFuture@6f4dd65d[Not completed]
2022-10-13 11:28:52,930 [Listener at 0.0.0.0/43607] INFO  om.OzoneManager (OzoneManager.java:initializeRatisServer(1976)) - OzoneManager Ratis server initialized at port 9872
2022-10-13 11:28:52,931 [Listener at 0.0.0.0/43607] INFO  om.OzoneManager (OzoneManager.java:getRpcServer(1102)) - Creating RPC Server
2022-10-13 11:28:52,932 [pool-349-thread-1] INFO  server.RaftServer$Division (RaftServerImpl.java:<init>(190)) - om1: new RaftServerImpl for group-C5BA1605619E:[om1|rpc:localhost:9872|priority:0] with OzoneManagerStateMachine:uninitialized
2022-10-13 11:28:52,932 [pool-349-thread-1] INFO  server.RaftServerConfigKeys (ConfUtils.java:logGet(46)) - raft.server.rpc.timeout.min = 1s (custom)
2022-10-13 11:28:52,932 [pool-349-thread-1] INFO  server.RaftServerConfigKeys (ConfUtils.java:logGet(46)) - raft.server.rpc.timeout.max = 1200ms (custom)
2022-10-13 11:28:52,932 [pool-349-thread-1] INFO  server.RaftServerConfigKeys (ConfUtils.java:logGet(46)) - raft.server.rpc.sleep.time = 25ms (default)
2022-10-13 11:28:52,932 [pool-349-thread-1] INFO  server.RaftServerConfigKeys (ConfUtils.java:logGet(46)) - raft.server.rpc.slowness.timeout = 120s (custom)
2022-10-13 11:28:52,932 [pool-349-thread-1] INFO  server.RaftServerConfigKeys (ConfUtils.java:logGet(46)) - raft.server.leaderelection.leader.step-down.wait-time = 10s (default)
2022-10-13 11:28:52,932 [pool-349-thread-1] INFO  server.RaftServerConfigKeys (ConfUtils.java:logGet(46)) - raft.server.sleep.deviation.threshold = 300ms (default)
2022-10-13 11:28:52,932 [pool-349-thread-1] INFO  server.RaftServer$Division (ServerState.java:<init>(107)) - om1@group-C5BA1605619E: ConfigurationManager, init=-1: [om1|rpc:localhost:9872|priority:0], old=null, confs=<EMPTY_MAP>
2022-10-13 11:28:52,933 [pool-349-thread-1] INFO  server.RaftServerConfigKeys (ConfUtils.java:logGet(46)) - raft.server.storage.dir = [/home/runner/work/ozone/ozone/hadoop-ozone/integration-test/target/test-dir/MiniOzoneClusterImpl-19e7b4a3-42bc-4567-acfc-6f1f2d45bde8/ozone-meta/ratis] (custom)
2022-10-13 11:28:52,933 [pool-349-thread-1] INFO  server.RaftServerConfigKeys (ConfUtils.java:logGet(46)) - raft.server.log.corruption.policy = EXCEPTION (default)
2022-10-13 11:28:52,933 [pool-349-thread-1] INFO  server.RaftServerConfigKeys (ConfUtils.java:logGet(46)) - raft.server.storage.free-space.min = 0MB (=0) (default)
2022-10-13 11:28:52,933 [pool-349-thread-1] INFO  storage.RaftStorageDirectory (RaftStorageDirectoryImpl.java:analyzeStorage(135)) - The storage directory /home/runner/work/ozone/ozone/hadoop-ozone/integration-test/target/test-dir/MiniOzoneClusterImpl-19e7b4a3-42bc-4567-acfc-6f1f2d45bde8/ozone-meta/ratis/bf265839-605b-3f16-9796-c5ba1605619e does not exist. Creating ...
2022-10-13 11:28:52,939 [pool-349-thread-1] INFO  storage.RaftStorageDirectory (RaftStorageDirectoryImpl.java:tryLock(230)) - Lock on /home/runner/work/ozone/ozone/hadoop-ozone/integration-test/target/test-dir/MiniOzoneClusterImpl-19e7b4a3-42bc-4567-acfc-6f1f2d45bde8/ozone-meta/ratis/bf265839-605b-3f16-9796-c5ba1605619e/in_use.lock acquired by nodename 2264@fv-az447-90
2022-10-13 11:28:52,941 [pool-349-thread-1] INFO  storage.RaftStorage (RaftStorageImpl.java:format(89)) - Storage directory /home/runner/work/ozone/ozone/hadoop-ozone/integration-test/target/test-dir/MiniOzoneClusterImpl-19e7b4a3-42bc-4567-acfc-6f1f2d45bde8/ozone-meta/ratis/bf265839-605b-3f16-9796-c5ba1605619e has been successfully formatted.
2022-10-13 11:28:52,942 [pool-349-thread-1] INFO  server.RaftServerConfigKeys (ConfUtils.java:logGet(46)) - raft.server.notification.no-leader.timeout = 120s (custom)
2022-10-13 11:28:52,942 [pool-349-thread-1] INFO  server.RaftServerConfigKeys (ConfUtils.java:logGet(46)) - raft.server.log.use.memory = false (default)
2022-10-13 11:28:52,942 [pool-349-thread-1] INFO  server.RaftServerConfigKeys (ConfUtils.java:logGet(46)) - raft.server.log.purge.gap = 1000000 (custom)
2022-10-13 11:28:52,942 [pool-349-thread-1] INFO  server.RaftServerConfigKeys (ConfUtils.java:logGet(46)) - raft.server.log.appender.buffer.byte-limit = 33554432 (custom)
2022-10-13 11:28:52,942 [pool-349-thread-1] INFO  server.RaftServerConfigKeys (ConfUtils.java:logGet(46)) - raft.server.log.statemachine.data.read.timeout = 1000ms (default)
2022-10-13 11:28:52,942 [pool-349-thread-1] INFO  server.RaftServerConfigKeys (ConfUtils.java:logGet(46)) - raft.server.log.segment.size.max = 4194304 (custom)
2022-10-13 11:28:52,943 [pool-349-thread-1] INFO  server.RaftServerConfigKeys (ConfUtils.java:logGet(46)) - raft.server.log.segment.cache.num.max = 2 (custom)
2022-10-13 11:28:52,943 [pool-349-thread-1] INFO  server.RaftServerConfigKeys (ConfUtils.java:logGet(46)) - raft.server.log.segment.cache.size.max = 200MB (=209715200) (default)
2022-10-13 11:28:52,943 [pool-349-thread-1] INFO  segmented.SegmentedRaftLogWorker (SegmentedRaftLogWorker.java:<init>(187)) - new om1@group-C5BA1605619E-SegmentedRaftLogWorker for RaftStorageImpl:Storage Directory /home/runner/work/ozone/ozone/hadoop-ozone/integration-test/target/test-dir/MiniOzoneClusterImpl-19e7b4a3-42bc-4567-acfc-6f1f2d45bde8/ozone-meta/ratis/bf265839-605b-3f16-9796-c5ba1605619e
2022-10-13 11:28:52,943 [pool-349-thread-1] INFO  server.RaftServerConfigKeys (ConfUtils.java:logGet(46)) - raft.server.log.queue.byte-limit = 64MB (=67108864) (default)
2022-10-13 11:28:52,943 [pool-349-thread-1] INFO  server.RaftServerConfigKeys (ConfUtils.java:logGet(46)) - raft.server.log.queue.element-limit = 4096 (default)
2022-10-13 11:28:52,943 [pool-349-thread-1] INFO  server.RaftServerConfigKeys (ConfUtils.java:logGet(46)) - raft.server.log.segment.size.max = 4194304 (custom)
2022-10-13 11:28:52,943 [pool-349-thread-1] INFO  server.RaftServerConfigKeys (ConfUtils.java:logGet(46)) - raft.server.log.preallocated.size = 4194304 (custom)
2022-10-13 11:28:52,943 [pool-349-thread-1] INFO  server.RaftServerConfigKeys (ConfUtils.java:logGet(46)) - raft.server.log.force.sync.num = 128 (default)
2022-10-13 11:28:52,943 [pool-349-thread-1] INFO  server.RaftServerConfigKeys (ConfUtils.java:logGet(46)) - raft.server.log.statemachine.data.sync = true (default)
2022-10-13 11:28:52,943 [pool-349-thread-1] INFO  server.RaftServerConfigKeys (ConfUtils.java:logGet(46)) - raft.server.log.statemachine.data.sync.timeout = 10s (default)
2022-10-13 11:28:52,943 [pool-349-thread-1] INFO  server.RaftServerConfigKeys (ConfUtils.java:logGet(46)) - raft.server.log.statemachine.data.sync.timeout.retry = -1 (default)
2022-10-13 11:28:52,944 [pool-349-thread-1] INFO  server.RaftServerConfigKeys (ConfUtils.java:logGet(46)) - raft.server.log.write.buffer.size = 64KB (=65536) (default)
2022-10-13 11:28:52,944 [pool-349-thread-1] INFO  server.RaftServerConfigKeys (ConfUtils.java:logGet(46)) - raft.server.log.unsafe-flush.enabled = false (default)
2022-10-13 11:28:52,953 [pool-349-thread-1] INFO  server.RaftServerConfigKeys (ConfUtils.java:logGet(46)) - raft.server.log.statemachine.data.caching.enabled = false (default)
2022-10-13 11:28:52,953 [pool-349-thread-1] INFO  segmented.SegmentedRaftLogWorker (SegmentedRaftLogWorker.java:lambda$new$0(135)) - om1@group-C5BA1605619E-SegmentedRaftLogWorker: flushIndex: setUnconditionally 0 -> -1
2022-10-13 11:28:52,953 [pool-349-thread-1] INFO  segmented.SegmentedRaftLogWorker (SegmentedRaftLogWorker.java:lambda$new$0(135)) - om1@group-C5BA1605619E-SegmentedRaftLogWorker: safeCacheEvictIndex: setUnconditionally 0 -> -1
2022-10-13 11:28:52,957 [pool-349-thread-1] INFO  server.RaftServerConfigKeys (ConfUtils.java:logGet(46)) - raft.server.snapshot.auto.trigger.enabled = true (custom)
2022-10-13 11:28:52,957 [pool-349-thread-1] INFO  server.RaftServerConfigKeys (ConfUtils.java:logGet(46)) - raft.server.snapshot.auto.trigger.threshold = 400000 (default)
2022-10-13 11:28:52,957 [pool-349-thread-1] INFO  server.RaftServerConfigKeys (ConfUtils.java:logGet(46)) - raft.server.snapshot.retention.file.num = -1 (default)
2022-10-13 11:28:52,957 [pool-349-thread-1] INFO  server.RaftServerConfigKeys (ConfUtils.java:logGet(46)) - raft.server.log.purge.upto.snapshot.index = true (custom)
2022-10-13 11:28:52,957 [pool-349-thread-1] INFO  server.RaftServerConfigKeys (ConfUtils.java:logGet(46)) - raft.server.retrycache.expirytime = 300s (custom)
2022-10-13 11:28:52,957 [pool-349-thread-1] INFO  server.RaftServerConfigKeys (ConfUtils.java:logGet(46)) - raft.server.retrycache.statistics.expirytime = 100μs (default)
2022-10-13 11:28:52,959 [pool-349-thread-1] INFO  server.RaftServerConfigKeys (ConfUtils.java:logGet(46)) - raft.server.log.appender.install.snapshot.enabled = false (custom)
2022-10-13 11:28:52,959 [pool-349-thread-1] INFO  server.RaftServerConfigKeys (ConfUtils.java:logGet(46)) - raft.server.threadpool.server.cached = true (default)
2022-10-13 11:28:52,959 [pool-349-thread-1] INFO  server.RaftServerConfigKeys (ConfUtils.java:logGet(46)) - raft.server.threadpool.server.size = 0 (default)
2022-10-13 11:28:52,959 [pool-349-thread-1] INFO  server.RaftServerConfigKeys (ConfUtils.java:logGet(46)) - raft.server.threadpool.client.cached = true (default)
2022-10-13 11:28:52,959 [pool-349-thread-1] INFO  server.RaftServerConfigKeys (ConfUtils.java:logGet(46)) - raft.server.threadpool.client.size = 0 (default)
2022-10-13 11:28:53,507 [Listener at 0.0.0.0/43607] INFO  reflections.Reflections (Reflections.java:scan(232)) - Reflections took 575 ms to scan 19 urls, producing 67 keys and 4232 values [using 2 cores]
2022-10-13 11:28:53,509 [Listener at 0.0.0.0/43607] INFO  ipc.CallQueueManager (CallQueueManager.java:<init>(90)) - Using callQueue: class java.util.concurrent.LinkedBlockingQueue, queueCapacity: 2000, scheduler: class org.apache.hadoop.ipc.DefaultRpcScheduler, ipcBackoff: false.
2022-10-13 11:28:53,509 [Socket Reader #1 for port 0] INFO  ipc.Server (Server.java:run(1273)) - Starting Socket Reader #1 for port 0
2022-10-13 11:28:53,528 [Listener at 127.0.0.1/45599] INFO  impl.MetricsSystemImpl (MetricsSystemImpl.java:init(158)) - OzoneManager metrics system started (again)
2022-10-13 11:28:53,537 [Listener at 127.0.0.1/45599] INFO  om.OzoneManager (OzoneManager.java:start(1483)) - OzoneManager RPC server is listening at localhost/127.0.0.1:45599
2022-10-13 11:28:53,537 [Listener at 127.0.0.1/45599] INFO  ratis.OzoneManagerRatisServer (OzoneManagerRatisServer.java:start(555)) - Starting OzoneManagerRatisServer om1 at port 9872
2022-10-13 11:28:53,538 [om1-impl-thread1] INFO  server.RaftServer$Division (RaftServerImpl.java:start(310)) - om1@group-C5BA1605619E: start as a follower, conf=-1: [om1|rpc:localhost:9872|priority:0], old=null
2022-10-13 11:28:53,538 [om1-impl-thread1] INFO  server.RaftServer$Division (RaftServerImpl.java:setRole(299)) - om1@group-C5BA1605619E: changes role from      null to FOLLOWER at term 0 for startAsFollower
2022-10-13 11:28:53,538 [om1-impl-thread1] INFO  impl.RoleInfo (RoleInfo.java:updateAndGet(139)) - om1: start om1@group-C5BA1605619E-FollowerState
2022-10-13 11:28:53,539 [om1-impl-thread1] INFO  util.JmxRegister (JmxRegister.java:tryRegister(44)) - Successfully registered JMX Bean with object name Ratis:service=RaftServer,group=group-C5BA1605619E,id=om1
2022-10-13 11:28:53,539 [Listener at 127.0.0.1/45599] INFO  server.RaftServer (RaftServerProxy.java:lambda$start$6(382)) - om1: start RPC server
2022-10-13 11:28:53,541 [Listener at 127.0.0.1/45599] INFO  server.GrpcService (GrpcService.java:startImpl(260)) - om1: GrpcService started, listening on 9872
2022-10-13 11:28:53,541 [org.apache.ratis.util.JvmPauseMonitor$$Lambda$690/1264163010@4b16ba59] INFO  util.JvmPauseMonitor (JvmPauseMonitor.java:run(103)) - JvmPauseMonitor-om1: Started
2022-10-13 11:28:53,541 [Listener at 127.0.0.1/45599] INFO  om.OzoneManager (OzoneManager.java:start(1499)) - Version File has different layout version (3) than OM DB (null). That is expected if this OM has never been finalized to a newer layout version.
2022-10-13 11:28:53,543 [Listener at 127.0.0.1/45599] INFO  http.BaseHttpServer (BaseHttpServer.java:newHttpServer2BuilderForOzone(213)) - Starting Web-server for ozoneManager at: http://0.0.0.0:0
2022-10-13 11:28:53,544 [Listener at 127.0.0.1/45599] INFO  http.BaseHttpServer (BaseHttpServer.java:<init>(108)) - Hadoop Security Enabled: false Ozone Security Enabled: false Ozone HTTP Security Enabled: false 
2022-10-13 11:28:53,545 [Listener at 127.0.0.1/45599] WARN  server.AuthenticationFilter (AuthenticationFilter.java:constructSecretProvider(240)) - Unable to initialize FileSignerSecretProvider, falling back to use random secrets. Reason: Could not read signature secret file: /home/runner/hadoop-http-auth-signature-secret
2022-10-13 11:28:53,545 [Listener at 127.0.0.1/45599] WARN  http.HttpRequestLog (HttpRequestLog.java:getRequestLog(103)) - Jetty request log can only be enabled using Log4j
2022-10-13 11:28:53,546 [Listener at 127.0.0.1/45599] INFO  http.HttpServer2 (HttpServer2.java:addGlobalFilter(1031)) - Added global filter 'safety' (class=org.apache.hadoop.hdds.server.http.HttpServer2$QuotingInputFilter)
2022-10-13 11:28:53,547 [Listener at 127.0.0.1/45599] INFO  http.HttpServer2 (HttpServer2.java:addFilter(1007)) - Added filter static_user_filter (class=org.apache.hadoop.http.lib.StaticUserWebFilter$StaticUserFilter) to context ozoneManager
2022-10-13 11:28:53,547 [Listener at 127.0.0.1/45599] INFO  http.HttpServer2 (HttpServer2.java:addFilter(1015)) - Added filter static_user_filter (class=org.apache.hadoop.http.lib.StaticUserWebFilter$StaticUserFilter) to context logs
2022-10-13 11:28:53,548 [Listener at 127.0.0.1/45599] INFO  http.HttpServer2 (HttpServer2.java:addFilter(1015)) - Added filter static_user_filter (class=org.apache.hadoop.http.lib.StaticUserWebFilter$StaticUserFilter) to context static
2022-10-13 11:28:53,548 [Listener at 127.0.0.1/45599] INFO  http.HttpServer2 (HttpServer2.java:bindListener(1250)) - Jetty bound to port 45011
2022-10-13 11:28:53,548 [Listener at 127.0.0.1/45599] INFO  server.Server (Server.java:doStart(375)) - jetty-9.4.43.v20210629; built: 2021-06-30T11:07:22.254Z; git: 526006ecfa3af7f1a27ef3a288e2bef7ea9dd7e8; jvm 1.8.0_345-b01
2022-10-13 11:28:53,550 [Listener at 127.0.0.1/45599] INFO  server.session (DefaultSessionIdManager.java:doStart(334)) - DefaultSessionIdManager workerName=node0
2022-10-13 11:28:53,550 [Listener at 127.0.0.1/45599] INFO  server.session (DefaultSessionIdManager.java:doStart(339)) - No SessionScavenger set, using defaults
2022-10-13 11:28:53,550 [Listener at 127.0.0.1/45599] INFO  server.session (HouseKeeper.java:startScavenging(132)) - node0 Scavenging every 660000ms
2022-10-13 11:28:53,551 [Listener at 127.0.0.1/45599] INFO  handler.ContextHandler (ContextHandler.java:doStart(915)) - Started o.e.j.s.ServletContextHandler@6e5ffaee{logs,/logs,file:///home/runner/work/ozone/ozone/hadoop-ozone/integration-test/target/log,AVAILABLE}
2022-10-13 11:28:53,551 [Listener at 127.0.0.1/45599] INFO  handler.ContextHandler (ContextHandler.java:doStart(915)) - Started o.e.j.s.ServletContextHandler@5d70f081{static,/static,file:///home/runner/work/ozone/ozone/hadoop-ozone/integration-test/target/test-classes/webapps/static,AVAILABLE}
2022-10-13 11:28:53,555 [Listener at 127.0.0.1/45599] INFO  handler.ContextHandler (ContextHandler.java:doStart(915)) - Started o.e.j.w.WebAppContext@8f3c594{ozoneManager,/,file:///home/runner/work/ozone/ozone/hadoop-ozone/integration-test/target/test-classes/webapps/ozoneManager/,AVAILABLE}{file:/home/runner/work/ozone/ozone/hadoop-ozone/integration-test/target/test-classes/webapps/ozoneManager}
2022-10-13 11:28:53,556 [Listener at 127.0.0.1/45599] INFO  server.AbstractConnector (AbstractConnector.java:doStart(331)) - Started ServerConnector@70fce245{HTTP/1.1, (http/1.1)}{0.0.0.0:45011}
2022-10-13 11:28:53,556 [Listener at 127.0.0.1/45599] INFO  server.Server (Server.java:doStart(415)) - Started @47094ms
2022-10-13 11:28:53,556 [Listener at 127.0.0.1/45599] WARN  impl.MetricsSystemImpl (MetricsSystemImpl.java:register(279)) - Sink prometheus already exists!
2022-10-13 11:28:53,557 [Listener at 127.0.0.1/45599] INFO  http.BaseHttpServer (BaseHttpServer.java:updateConnectorAddress(333)) - HTTP server of ozoneManager listening at http://0.0.0.0:45011
2022-10-13 11:28:53,557 [IPC Server Responder] INFO  ipc.Server (Server.java:run(1512)) - IPC Server Responder: starting
2022-10-13 11:28:53,557 [IPC Server listener on 0] INFO  ipc.Server (Server.java:run(1352)) - IPC Server listener on 0: starting
2022-10-13 11:28:53,566 [Listener at 127.0.0.1/45599] INFO  om.OzoneManager (OzoneManager.java:startTrashEmptier(1920)) - Trash Interval set to 0. Files deleted won't move to trash
2022-10-13 11:28:53,567 [org.apache.hadoop.util.JvmPauseMonitor$Monitor@6538c136] INFO  util.JvmPauseMonitor (JvmPauseMonitor.java:run(188)) - Starting JVM pause monitor
2022-10-13 11:28:53,576 [Listener at 127.0.0.1/45599] WARN  impl.MetricRegistriesImpl (MetricRegistriesImpl.java:addReporterRegistration(111)) - New reporters are added after registries were created. Some metrics will be missing from the reporter. Please add reporter before adding any new registry.
2022-10-13 11:28:53,576 [Listener at 127.0.0.1/45599] WARN  impl.MetricRegistriesImpl (MetricRegistriesImpl.java:addReporterRegistration(111)) - New reporters are added after registries were created. Some metrics will be missing from the reporter. Please add reporter before adding any new registry.
2022-10-13 11:28:53,576 [Listener at 127.0.0.1/45599] INFO  impl.MetricsSystemImpl (MetricsSystemImpl.java:init(158)) - HddsDatanode metrics system started (again)
2022-10-13 11:28:53,587 [Listener at 127.0.0.1/45599] INFO  ozone.HddsDatanodeService (HddsDatanodeService.java:start(236)) - HddsDatanodeService host:fv-az447-90.tnmeiuxxsqeu3byeydcnbj0j5d.dx.internal.cloudapp.net ip:10.1.0.139
2022-10-13 11:28:53,611 [Listener at 127.0.0.1/45599] INFO  upgrade.AbstractLayoutVersionManager (AbstractLayoutVersionManager.java:init(83)) - Initializing Layout version manager with metadata layout = DATANODE_SCHEMA_V3 (version = 4), software layout = DATANODE_SCHEMA_V3 (version = 4)
2022-10-13 11:28:53,656 [Listener at 127.0.0.1/45599] INFO  reflections.Reflections (Reflections.java:scan(232)) - Reflections took 44 ms to scan 7 urls, producing 137 keys and 328 values 
2022-10-13 11:28:53,657 [Listener at 127.0.0.1/45599] INFO  statemachine.DatanodeStateMachine (DatanodeStateMachine.java:getEndPointTaskThreadPoolSize(237)) - Datanode State Machine Task Thread Pool size 2
2022-10-13 11:28:53,668 [Listener at 127.0.0.1/45599] INFO  volume.HddsVolume (HddsVolume.java:<init>(117)) - Creating HddsVolume: /home/runner/work/ozone/ozone/hadoop-ozone/integration-test/target/test-dir/MiniOzoneClusterImpl-19e7b4a3-42bc-4567-acfc-6f1f2d45bde8/datanode-0/data-0/containers/hdds of storage type : DISK capacity : 9223372036854775807
2022-10-13 11:28:53,669 [Listener at 127.0.0.1/45599] INFO  volume.MutableVolumeSet (MutableVolumeSet.java:initializeVolumeSet(174)) - Added Volume : /home/runner/work/ozone/ozone/hadoop-ozone/integration-test/target/test-dir/MiniOzoneClusterImpl-19e7b4a3-42bc-4567-acfc-6f1f2d45bde8/datanode-0/data-0/containers/hdds to VolumeSet
2022-10-13 11:28:53,669 [Listener at 127.0.0.1/45599] INFO  volume.ThrottledAsyncChecker (ThrottledAsyncChecker.java:schedule(141)) - Scheduling a check for /home/runner/work/ozone/ozone/hadoop-ozone/integration-test/target/test-dir/MiniOzoneClusterImpl-19e7b4a3-42bc-4567-acfc-6f1f2d45bde8/datanode-0/data-0/containers/hdds
2022-10-13 11:28:53,670 [Listener at 127.0.0.1/45599] INFO  volume.StorageVolumeChecker (StorageVolumeChecker.java:checkAllVolumes(202)) - Scheduled health check for volume /home/runner/work/ozone/ozone/hadoop-ozone/integration-test/target/test-dir/MiniOzoneClusterImpl-19e7b4a3-42bc-4567-acfc-6f1f2d45bde8/datanode-0/data-0/containers/hdds
2022-10-13 11:28:53,686 [Listener at 127.0.0.1/45599] INFO  volume.MutableVolumeSet (MutableVolumeSet.java:initializeVolumeSet(174)) - Added Volume : /home/runner/work/ozone/ozone/hadoop-ozone/integration-test/target/test-dir/MiniOzoneClusterImpl-19e7b4a3-42bc-4567-acfc-6f1f2d45bde8/datanode-0/data/ratis to VolumeSet
2022-10-13 11:28:53,686 [Listener at 127.0.0.1/45599] INFO  volume.ThrottledAsyncChecker (ThrottledAsyncChecker.java:schedule(141)) - Scheduling a check for /home/runner/work/ozone/ozone/hadoop-ozone/integration-test/target/test-dir/MiniOzoneClusterImpl-19e7b4a3-42bc-4567-acfc-6f1f2d45bde8/datanode-0/data/ratis
2022-10-13 11:28:53,686 [Listener at 127.0.0.1/45599] INFO  volume.StorageVolumeChecker (StorageVolumeChecker.java:checkAllVolumes(202)) - Scheduled health check for volume /home/runner/work/ozone/ozone/hadoop-ozone/integration-test/target/test-dir/MiniOzoneClusterImpl-19e7b4a3-42bc-4567-acfc-6f1f2d45bde8/datanode-0/data/ratis
2022-10-13 11:28:53,697 [Thread-634] INFO  ozoneimpl.ContainerReader (ContainerReader.java:readVolume(175)) - Finish verifying containers on volume /home/runner/work/ozone/ozone/hadoop-ozone/integration-test/target/test-dir/MiniOzoneClusterImpl-19e7b4a3-42bc-4567-acfc-6f1f2d45bde8/datanode-0/data-0/containers/hdds
2022-10-13 11:28:53,697 [Listener at 127.0.0.1/45599] INFO  ozoneimpl.OzoneContainer (OzoneContainer.java:buildContainerSet(300)) - Build ContainerSet costs 0s
2022-10-13 11:28:53,699 [Listener at 127.0.0.1/45599] INFO  server.RaftServer (ConfUtils.java:logGet(46)) - raft.rpc.type = GRPC (default)
2022-10-13 11:28:53,699 [Listener at 127.0.0.1/45599] INFO  grpc.GrpcFactory (GrpcFactory.java:checkPooledByteBufAllocatorUseCacheForAllThreads(48)) - PERFORMANCE WARNING: useCacheForAllThreads is true that may cause Netty to create a lot garbage objects and, as a result, trigger GC.
	It is recommended to disable useCacheForAllThreads by setting -Dorg.apache.ratis.thirdparty.io.netty.allocator.useCacheForAllThreads=false in command line.
2022-10-13 11:28:53,699 [Listener at 127.0.0.1/45599] INFO  grpc.GrpcConfigKeys (ConfUtils.java:logGet(46)) - raft.grpc.admin.port = 0 (custom)
2022-10-13 11:28:53,699 [Listener at 127.0.0.1/45599] INFO  grpc.GrpcConfigKeys (ConfUtils.java:logGet(46)) - raft.grpc.client.port = 0 (custom)
2022-10-13 11:28:53,699 [Listener at 127.0.0.1/45599] INFO  grpc.GrpcConfigKeys (ConfUtils.java:logGet(46)) - raft.grpc.server.port = 0 (default)
2022-10-13 11:28:53,700 [Listener at 127.0.0.1/45599] INFO  server.GrpcService (ConfUtils.java:logGet(46)) - raft.grpc.message.size.max = 32MB (=33554432) (custom)
2022-10-13 11:28:53,700 [Listener at 127.0.0.1/45599] INFO  server.RaftServerConfigKeys (ConfUtils.java:logGet(46)) - raft.server.log.appender.buffer.byte-limit = 33554432 (custom)
2022-10-13 11:28:53,700 [Listener at 127.0.0.1/45599] INFO  server.GrpcService (ConfUtils.java:logGet(46)) - raft.grpc.flow.control.window = 5MB (=5242880) (custom)
2022-10-13 11:28:53,700 [Listener at 127.0.0.1/45599] INFO  server.RaftServerConfigKeys (ConfUtils.java:logGet(46)) - raft.server.rpc.request.timeout = 60s (custom)
2022-10-13 11:28:53,700 [Listener at 127.0.0.1/45599] INFO  grpc.GrpcConfigKeys (ConfUtils.java:logGet(46)) - raft.grpc.server.async.request.thread.pool.cached = true (default)
2022-10-13 11:28:53,700 [Listener at 127.0.0.1/45599] INFO  grpc.GrpcConfigKeys (ConfUtils.java:logGet(46)) - raft.grpc.server.async.request.thread.pool.size = 32 (default)
2022-10-13 11:28:53,702 [Listener at 127.0.0.1/45599] INFO  impl.DataStreamServerImpl (ConfUtils.java:logGet(46)) - raft.datastream.type = DISABLED (default)
2022-10-13 11:28:53,702 [Listener at 127.0.0.1/45599] INFO  server.RaftServerConfigKeys (ConfUtils.java:logGet(46)) - raft.server.threadpool.proxy.cached = true (default)
2022-10-13 11:28:53,702 [Listener at 127.0.0.1/45599] INFO  server.RaftServerConfigKeys (ConfUtils.java:logGet(46)) - raft.server.threadpool.proxy.size = 0 (default)
2022-10-13 11:28:53,702 [Listener at 127.0.0.1/45599] INFO  server.RaftServerConfigKeys (ConfUtils.java:logGet(46)) - raft.server.rpc.slowness.timeout = 300s (custom)
2022-10-13 11:28:53,702 [Listener at 127.0.0.1/45599] INFO  server.RaftServerConfigKeys (ConfUtils.java:logGet(46)) - raft.server.leaderelection.leader.step-down.wait-time = 10s (default)
2022-10-13 11:28:53,703 [Listener at 127.0.0.1/45599] INFO  server.RaftServerConfigKeys (ConfUtils.java:logGet(46)) - raft.server.storage.dir = [/home/runner/work/ozone/ozone/hadoop-ozone/integration-test/target/test-dir/MiniOzoneClusterImpl-19e7b4a3-42bc-4567-acfc-6f1f2d45bde8/datanode-0/data/ratis] (custom)
2022-10-13 11:28:53,704 [Listener at 127.0.0.1/45599] INFO  server.XceiverServerGrpc (XceiverServerGrpc.java:<init>(132)) - GrpcServer channel type EpollServerSocketChannel
2022-10-13 11:28:53,708 [Listener at 127.0.0.1/45599] INFO  http.BaseHttpServer (BaseHttpServer.java:newHttpServer2BuilderForOzone(213)) - Starting Web-server for hddsDatanode at: http://0.0.0.0:0
2022-10-13 11:28:53,708 [Listener at 127.0.0.1/45599] INFO  http.BaseHttpServer (BaseHttpServer.java:<init>(108)) - Hadoop Security Enabled: false Ozone Security Enabled: false Ozone HTTP Security Enabled: false 
2022-10-13 11:28:53,709 [Listener at 127.0.0.1/45599] WARN  server.AuthenticationFilter (AuthenticationFilter.java:constructSecretProvider(240)) - Unable to initialize FileSignerSecretProvider, falling back to use random secrets. Reason: Could not read signature secret file: /home/runner/hadoop-http-auth-signature-secret
2022-10-13 11:28:53,709 [Listener at 127.0.0.1/45599] WARN  http.HttpRequestLog (HttpRequestLog.java:getRequestLog(103)) - Jetty request log can only be enabled using Log4j
2022-10-13 11:28:53,711 [Listener at 127.0.0.1/45599] INFO  http.HttpServer2 (HttpServer2.java:addGlobalFilter(1031)) - Added global filter 'safety' (class=org.apache.hadoop.hdds.server.http.HttpServer2$QuotingInputFilter)
2022-10-13 11:28:53,711 [Listener at 127.0.0.1/45599] INFO  http.HttpServer2 (HttpServer2.java:addFilter(1007)) - Added filter static_user_filter (class=org.apache.hadoop.http.lib.StaticUserWebFilter$StaticUserFilter) to context hddsDatanode
2022-10-13 11:28:53,712 [Listener at 127.0.0.1/45599] INFO  http.HttpServer2 (HttpServer2.java:addFilter(1015)) - Added filter static_user_filter (class=org.apache.hadoop.http.lib.StaticUserWebFilter$StaticUserFilter) to context static
2022-10-13 11:28:53,712 [Listener at 127.0.0.1/45599] INFO  http.HttpServer2 (HttpServer2.java:addFilter(1015)) - Added filter static_user_filter (class=org.apache.hadoop.http.lib.StaticUserWebFilter$StaticUserFilter) to context logs
2022-10-13 11:28:53,712 [Listener at 127.0.0.1/45599] INFO  http.HttpServer2 (HttpServer2.java:bindListener(1250)) - Jetty bound to port 40763
2022-10-13 11:28:53,712 [Listener at 127.0.0.1/45599] INFO  server.Server (Server.java:doStart(375)) - jetty-9.4.43.v20210629; built: 2021-06-30T11:07:22.254Z; git: 526006ecfa3af7f1a27ef3a288e2bef7ea9dd7e8; jvm 1.8.0_345-b01
2022-10-13 11:28:53,714 [Listener at 127.0.0.1/45599] INFO  server.session (DefaultSessionIdManager.java:doStart(334)) - DefaultSessionIdManager workerName=node0
2022-10-13 11:28:53,714 [Listener at 127.0.0.1/45599] INFO  server.session (DefaultSessionIdManager.java:doStart(339)) - No SessionScavenger set, using defaults
2022-10-13 11:28:53,714 [Listener at 127.0.0.1/45599] INFO  server.session (HouseKeeper.java:startScavenging(132)) - node0 Scavenging every 660000ms
2022-10-13 11:28:53,715 [Listener at 127.0.0.1/45599] INFO  handler.ContextHandler (ContextHandler.java:doStart(915)) - Started o.e.j.s.ServletContextHandler@9c6b1b4{logs,/logs,file:///home/runner/work/ozone/ozone/hadoop-ozone/integration-test/target/log,AVAILABLE}
2022-10-13 11:28:53,715 [Listener at 127.0.0.1/45599] INFO  handler.ContextHandler (ContextHandler.java:doStart(915)) - Started o.e.j.s.ServletContextHandler@380ce6fc{static,/static,jar:file:/home/runner/.m2/repository/org/apache/ozone/hdds-container-service/1.3.0-SNAPSHOT/hdds-container-service-1.3.0-SNAPSHOT.jar!/webapps/static,AVAILABLE}
2022-10-13 11:28:53,893 [Listener at 127.0.0.1/45599] INFO  handler.ContextHandler (ContextHandler.java:doStart(915)) - Started o.e.j.w.WebAppContext@37c595f4{hddsDatanode,/,file:///tmp/jetty-0_0_0_0-40763-hdds-container-service-1_3_0-SNAPSHOT_jar-_-any-770063042256607061/webapp/,AVAILABLE}{jar:file:/home/runner/.m2/repository/org/apache/ozone/hdds-container-service/1.3.0-SNAPSHOT/hdds-container-service-1.3.0-SNAPSHOT.jar!/webapps/hddsDatanode}
2022-10-13 11:28:53,895 [Listener at 127.0.0.1/45599] INFO  server.AbstractConnector (AbstractConnector.java:doStart(331)) - Started ServerConnector@45f80a0a{HTTP/1.1, (http/1.1)}{0.0.0.0:40763}
2022-10-13 11:28:53,895 [Listener at 127.0.0.1/45599] INFO  server.Server (Server.java:doStart(415)) - Started @47432ms
2022-10-13 11:28:53,895 [Listener at 127.0.0.1/45599] WARN  impl.MetricsSystemImpl (MetricsSystemImpl.java:register(279)) - Sink prometheus already exists!
2022-10-13 11:28:53,896 [Listener at 127.0.0.1/45599] INFO  http.BaseHttpServer (BaseHttpServer.java:updateConnectorAddress(333)) - HTTP server of hddsDatanode listening at http://0.0.0.0:40763
2022-10-13 11:28:53,897 [Listener at 127.0.0.1/45599] WARN  impl.MetricRegistriesImpl (MetricRegistriesImpl.java:addReporterRegistration(111)) - New reporters are added after registries were created. Some metrics will be missing from the reporter. Please add reporter before adding any new registry.
2022-10-13 11:28:53,898 [Listener at 127.0.0.1/45599] WARN  impl.MetricRegistriesImpl (MetricRegistriesImpl.java:addReporterRegistration(111)) - New reporters are added after registries were created. Some metrics will be missing from the reporter. Please add reporter before adding any new registry.
2022-10-13 11:28:53,898 [Listener at 127.0.0.1/45599] INFO  impl.MetricsSystemImpl (MetricsSystemImpl.java:init(158)) - HddsDatanode metrics system started (again)
2022-10-13 11:28:53,905 [Datanode State Machine Daemon Thread] INFO  statemachine.DatanodeStateMachine (DatanodeStateMachine.java:lambda$startDaemon$0(492)) - Ozone container server started.
2022-10-13 11:28:53,917 [Listener at 127.0.0.1/45599] INFO  ozone.HddsDatanodeService (HddsDatanodeService.java:start(236)) - HddsDatanodeService host:fv-az447-90.tnmeiuxxsqeu3byeydcnbj0j5d.dx.internal.cloudapp.net ip:10.1.0.139
2022-10-13 11:28:53,925 [org.apache.hadoop.util.JvmPauseMonitor$Monitor@30f8e2d] INFO  util.JvmPauseMonitor (JvmPauseMonitor.java:run(188)) - Starting JVM pause monitor
2022-10-13 11:28:53,930 [Datanode State Machine Task Thread - 0] INFO  datanode.InitDatanodeState (InitDatanodeState.java:persistContainerDatanodeDetails(138)) - DatanodeDetails is persisted to /home/runner/work/ozone/ozone/hadoop-ozone/integration-test/target/test-dir/MiniOzoneClusterImpl-19e7b4a3-42bc-4567-acfc-6f1f2d45bde8/datanode-0/meta/datanode.id
2022-10-13 11:28:53,948 [Listener at 127.0.0.1/45599] INFO  upgrade.AbstractLayoutVersionManager (AbstractLayoutVersionManager.java:init(83)) - Initializing Layout version manager with metadata layout = DATANODE_SCHEMA_V3 (version = 4), software layout = DATANODE_SCHEMA_V3 (version = 4)
2022-10-13 11:28:53,992 [Listener at 127.0.0.1/45599] INFO  reflections.Reflections (Reflections.java:scan(232)) - Reflections took 42 ms to scan 7 urls, producing 137 keys and 328 values 
2022-10-13 11:28:53,993 [Listener at 127.0.0.1/45599] INFO  statemachine.DatanodeStateMachine (DatanodeStateMachine.java:getEndPointTaskThreadPoolSize(237)) - Datanode State Machine Task Thread Pool size 2
2022-10-13 11:28:53,995 [Listener at 127.0.0.1/45599] INFO  volume.HddsVolume (HddsVolume.java:<init>(117)) - Creating HddsVolume: /home/runner/work/ozone/ozone/hadoop-ozone/integration-test/target/test-dir/MiniOzoneClusterImpl-19e7b4a3-42bc-4567-acfc-6f1f2d45bde8/datanode-1/data-0/containers/hdds of storage type : DISK capacity : 9223372036854775807
2022-10-13 11:28:53,996 [Listener at 127.0.0.1/45599] INFO  volume.MutableVolumeSet (MutableVolumeSet.java:initializeVolumeSet(174)) - Added Volume : /home/runner/work/ozone/ozone/hadoop-ozone/integration-test/target/test-dir/MiniOzoneClusterImpl-19e7b4a3-42bc-4567-acfc-6f1f2d45bde8/datanode-1/data-0/containers/hdds to VolumeSet
2022-10-13 11:28:53,996 [Listener at 127.0.0.1/45599] INFO  volume.ThrottledAsyncChecker (ThrottledAsyncChecker.java:schedule(141)) - Scheduling a check for /home/runner/work/ozone/ozone/hadoop-ozone/integration-test/target/test-dir/MiniOzoneClusterImpl-19e7b4a3-42bc-4567-acfc-6f1f2d45bde8/datanode-1/data-0/containers/hdds
2022-10-13 11:28:53,997 [Listener at 127.0.0.1/45599] INFO  volume.StorageVolumeChecker (StorageVolumeChecker.java:checkAllVolumes(202)) - Scheduled health check for volume /home/runner/work/ozone/ozone/hadoop-ozone/integration-test/target/test-dir/MiniOzoneClusterImpl-19e7b4a3-42bc-4567-acfc-6f1f2d45bde8/datanode-1/data-0/containers/hdds
2022-10-13 11:28:54,008 [Listener at 127.0.0.1/45599] INFO  volume.MutableVolumeSet (MutableVolumeSet.java:initializeVolumeSet(174)) - Added Volume : /home/runner/work/ozone/ozone/hadoop-ozone/integration-test/target/test-dir/MiniOzoneClusterImpl-19e7b4a3-42bc-4567-acfc-6f1f2d45bde8/datanode-1/data/ratis to VolumeSet
2022-10-13 11:28:54,008 [Listener at 127.0.0.1/45599] INFO  volume.ThrottledAsyncChecker (ThrottledAsyncChecker.java:schedule(141)) - Scheduling a check for /home/runner/work/ozone/ozone/hadoop-ozone/integration-test/target/test-dir/MiniOzoneClusterImpl-19e7b4a3-42bc-4567-acfc-6f1f2d45bde8/datanode-1/data/ratis
2022-10-13 11:28:54,008 [Listener at 127.0.0.1/45599] INFO  volume.StorageVolumeChecker (StorageVolumeChecker.java:checkAllVolumes(202)) - Scheduled health check for volume /home/runner/work/ozone/ozone/hadoop-ozone/integration-test/target/test-dir/MiniOzoneClusterImpl-19e7b4a3-42bc-4567-acfc-6f1f2d45bde8/datanode-1/data/ratis
2022-10-13 11:28:54,018 [Thread-647] INFO  ozoneimpl.ContainerReader (ContainerReader.java:readVolume(175)) - Finish verifying containers on volume /home/runner/work/ozone/ozone/hadoop-ozone/integration-test/target/test-dir/MiniOzoneClusterImpl-19e7b4a3-42bc-4567-acfc-6f1f2d45bde8/datanode-1/data-0/containers/hdds
2022-10-13 11:28:54,018 [Listener at 127.0.0.1/45599] INFO  ozoneimpl.OzoneContainer (OzoneContainer.java:buildContainerSet(300)) - Build ContainerSet costs 0s
2022-10-13 11:28:54,020 [Listener at 127.0.0.1/45599] INFO  server.RaftServer (ConfUtils.java:logGet(46)) - raft.rpc.type = GRPC (default)
2022-10-13 11:28:54,020 [Listener at 127.0.0.1/45599] INFO  grpc.GrpcFactory (GrpcFactory.java:checkPooledByteBufAllocatorUseCacheForAllThreads(48)) - PERFORMANCE WARNING: useCacheForAllThreads is true that may cause Netty to create a lot garbage objects and, as a result, trigger GC.
	It is recommended to disable useCacheForAllThreads by setting -Dorg.apache.ratis.thirdparty.io.netty.allocator.useCacheForAllThreads=false in command line.
2022-10-13 11:28:54,021 [Listener at 127.0.0.1/45599] INFO  grpc.GrpcConfigKeys (ConfUtils.java:logGet(46)) - raft.grpc.admin.port = 0 (custom)
2022-10-13 11:28:54,021 [Listener at 127.0.0.1/45599] INFO  grpc.GrpcConfigKeys (ConfUtils.java:logGet(46)) - raft.grpc.client.port = 0 (custom)
2022-10-13 11:28:54,021 [Listener at 127.0.0.1/45599] INFO  grpc.GrpcConfigKeys (ConfUtils.java:logGet(46)) - raft.grpc.server.port = 0 (default)
2022-10-13 11:28:54,021 [Listener at 127.0.0.1/45599] INFO  server.GrpcService (ConfUtils.java:logGet(46)) - raft.grpc.message.size.max = 32MB (=33554432) (custom)
2022-10-13 11:28:54,021 [Listener at 127.0.0.1/45599] INFO  server.RaftServerConfigKeys (ConfUtils.java:logGet(46)) - raft.server.log.appender.buffer.byte-limit = 33554432 (custom)
2022-10-13 11:28:54,021 [Listener at 127.0.0.1/45599] INFO  server.GrpcService (ConfUtils.java:logGet(46)) - raft.grpc.flow.control.window = 5MB (=5242880) (custom)
2022-10-13 11:28:54,021 [Listener at 127.0.0.1/45599] INFO  server.RaftServerConfigKeys (ConfUtils.java:logGet(46)) - raft.server.rpc.request.timeout = 60s (custom)
2022-10-13 11:28:54,022 [Listener at 127.0.0.1/45599] INFO  grpc.GrpcConfigKeys (ConfUtils.java:logGet(46)) - raft.grpc.server.async.request.thread.pool.cached = true (default)
2022-10-13 11:28:54,022 [Listener at 127.0.0.1/45599] INFO  grpc.GrpcConfigKeys (ConfUtils.java:logGet(46)) - raft.grpc.server.async.request.thread.pool.size = 32 (default)
2022-10-13 11:28:54,023 [Listener at 127.0.0.1/45599] INFO  impl.DataStreamServerImpl (ConfUtils.java:logGet(46)) - raft.datastream.type = DISABLED (default)
2022-10-13 11:28:54,023 [Listener at 127.0.0.1/45599] INFO  server.RaftServerConfigKeys (ConfUtils.java:logGet(46)) - raft.server.threadpool.proxy.cached = true (default)
2022-10-13 11:28:54,023 [Listener at 127.0.0.1/45599] INFO  server.RaftServerConfigKeys (ConfUtils.java:logGet(46)) - raft.server.threadpool.proxy.size = 0 (default)
2022-10-13 11:28:54,023 [Listener at 127.0.0.1/45599] INFO  server.RaftServerConfigKeys (ConfUtils.java:logGet(46)) - raft.server.rpc.slowness.timeout = 300s (custom)
2022-10-13 11:28:54,023 [Listener at 127.0.0.1/45599] INFO  server.RaftServerConfigKeys (ConfUtils.java:logGet(46)) - raft.server.leaderelection.leader.step-down.wait-time = 10s (default)
2022-10-13 11:28:54,024 [Listener at 127.0.0.1/45599] INFO  server.RaftServerConfigKeys (ConfUtils.java:logGet(46)) - raft.server.storage.dir = [/home/runner/work/ozone/ozone/hadoop-ozone/integration-test/target/test-dir/MiniOzoneClusterImpl-19e7b4a3-42bc-4567-acfc-6f1f2d45bde8/datanode-1/data/ratis] (custom)
2022-10-13 11:28:54,030 [Listener at 127.0.0.1/45599] INFO  server.XceiverServerGrpc (XceiverServerGrpc.java:<init>(132)) - GrpcServer channel type EpollServerSocketChannel
2022-10-13 11:28:54,033 [Listener at 127.0.0.1/45599] INFO  http.BaseHttpServer (BaseHttpServer.java:newHttpServer2BuilderForOzone(213)) - Starting Web-server for hddsDatanode at: http://0.0.0.0:0
2022-10-13 11:28:54,033 [Listener at 127.0.0.1/45599] INFO  http.BaseHttpServer (BaseHttpServer.java:<init>(108)) - Hadoop Security Enabled: false Ozone Security Enabled: false Ozone HTTP Security Enabled: false 
2022-10-13 11:28:54,034 [Listener at 127.0.0.1/45599] WARN  server.AuthenticationFilter (AuthenticationFilter.java:constructSecretProvider(240)) - Unable to initialize FileSignerSecretProvider, falling back to use random secrets. Reason: Could not read signature secret file: /home/runner/hadoop-http-auth-signature-secret
2022-10-13 11:28:54,035 [Listener at 127.0.0.1/45599] WARN  http.HttpRequestLog (HttpRequestLog.java:getRequestLog(103)) - Jetty request log can only be enabled using Log4j
2022-10-13 11:28:54,036 [Listener at 127.0.0.1/45599] INFO  http.HttpServer2 (HttpServer2.java:addGlobalFilter(1031)) - Added global filter 'safety' (class=org.apache.hadoop.hdds.server.http.HttpServer2$QuotingInputFilter)
2022-10-13 11:28:54,037 [Listener at 127.0.0.1/45599] INFO  http.HttpServer2 (HttpServer2.java:addFilter(1007)) - Added filter static_user_filter (class=org.apache.hadoop.http.lib.StaticUserWebFilter$StaticUserFilter) to context hddsDatanode
2022-10-13 11:28:54,037 [Listener at 127.0.0.1/45599] INFO  http.HttpServer2 (HttpServer2.java:addFilter(1015)) - Added filter static_user_filter (class=org.apache.hadoop.http.lib.StaticUserWebFilter$StaticUserFilter) to context logs
2022-10-13 11:28:54,037 [Listener at 127.0.0.1/45599] INFO  http.HttpServer2 (HttpServer2.java:addFilter(1015)) - Added filter static_user_filter (class=org.apache.hadoop.http.lib.StaticUserWebFilter$StaticUserFilter) to context static
2022-10-13 11:28:54,037 [Listener at 127.0.0.1/45599] INFO  http.HttpServer2 (HttpServer2.java:bindListener(1250)) - Jetty bound to port 44727
2022-10-13 11:28:54,038 [Listener at 127.0.0.1/45599] INFO  server.Server (Server.java:doStart(375)) - jetty-9.4.43.v20210629; built: 2021-06-30T11:07:22.254Z; git: 526006ecfa3af7f1a27ef3a288e2bef7ea9dd7e8; jvm 1.8.0_345-b01
2022-10-13 11:28:54,039 [Listener at 127.0.0.1/45599] INFO  server.session (DefaultSessionIdManager.java:doStart(334)) - DefaultSessionIdManager workerName=node0
2022-10-13 11:28:54,039 [Listener at 127.0.0.1/45599] INFO  server.session (DefaultSessionIdManager.java:doStart(339)) - No SessionScavenger set, using defaults
2022-10-13 11:28:54,039 [Listener at 127.0.0.1/45599] INFO  server.session (HouseKeeper.java:startScavenging(132)) - node0 Scavenging every 600000ms
2022-10-13 11:28:54,040 [Listener at 127.0.0.1/45599] INFO  handler.ContextHandler (ContextHandler.java:doStart(915)) - Started o.e.j.s.ServletContextHandler@3af6c942{logs,/logs,file:///home/runner/work/ozone/ozone/hadoop-ozone/integration-test/target/log,AVAILABLE}
2022-10-13 11:28:54,040 [Listener at 127.0.0.1/45599] INFO  handler.ContextHandler (ContextHandler.java:doStart(915)) - Started o.e.j.s.ServletContextHandler@5d80293e{static,/static,jar:file:/home/runner/.m2/repository/org/apache/ozone/hdds-container-service/1.3.0-SNAPSHOT/hdds-container-service-1.3.0-SNAPSHOT.jar!/webapps/static,AVAILABLE}
2022-10-13 11:28:54,215 [Listener at 127.0.0.1/45599] INFO  handler.ContextHandler (ContextHandler.java:doStart(915)) - Started o.e.j.w.WebAppContext@4bc54046{hddsDatanode,/,file:///tmp/jetty-0_0_0_0-44727-hdds-container-service-1_3_0-SNAPSHOT_jar-_-any-483854717388232822/webapp/,AVAILABLE}{jar:file:/home/runner/.m2/repository/org/apache/ozone/hdds-container-service/1.3.0-SNAPSHOT/hdds-container-service-1.3.0-SNAPSHOT.jar!/webapps/hddsDatanode}
2022-10-13 11:28:54,217 [Listener at 127.0.0.1/45599] INFO  server.AbstractConnector (AbstractConnector.java:doStart(331)) - Started ServerConnector@5b70749{HTTP/1.1, (http/1.1)}{0.0.0.0:44727}
2022-10-13 11:28:54,217 [Listener at 127.0.0.1/45599] INFO  server.Server (Server.java:doStart(415)) - Started @47754ms
2022-10-13 11:28:54,217 [Listener at 127.0.0.1/45599] WARN  impl.MetricsSystemImpl (MetricsSystemImpl.java:register(279)) - Sink prometheus already exists!
2022-10-13 11:28:54,218 [Listener at 127.0.0.1/45599] INFO  http.BaseHttpServer (BaseHttpServer.java:updateConnectorAddress(333)) - HTTP server of hddsDatanode listening at http://0.0.0.0:44727
2022-10-13 11:28:54,218 [Datanode State Machine Daemon Thread] INFO  statemachine.DatanodeStateMachine (DatanodeStateMachine.java:lambda$startDaemon$0(492)) - Ozone container server started.
2022-10-13 11:28:54,218 [Listener at 127.0.0.1/45599] WARN  impl.MetricRegistriesImpl (MetricRegistriesImpl.java:addReporterRegistration(111)) - New reporters are added after registries were created. Some metrics will be missing from the reporter. Please add reporter before adding any new registry.
2022-10-13 11:28:54,219 [Listener at 127.0.0.1/45599] WARN  impl.MetricRegistriesImpl (MetricRegistriesImpl.java:addReporterRegistration(111)) - New reporters are added after registries were created. Some metrics will be missing from the reporter. Please add reporter before adding any new registry.
2022-10-13 11:28:54,219 [Listener at 127.0.0.1/45599] INFO  impl.MetricsSystemImpl (MetricsSystemImpl.java:init(158)) - HddsDatanode metrics system started (again)
2022-10-13 11:28:54,225 [org.apache.hadoop.util.JvmPauseMonitor$Monitor@4514fb28] INFO  util.JvmPauseMonitor (JvmPauseMonitor.java:run(188)) - Starting JVM pause monitor
2022-10-13 11:28:54,230 [Listener at 127.0.0.1/45599] INFO  ozone.HddsDatanodeService (HddsDatanodeService.java:start(236)) - HddsDatanodeService host:fv-az447-90.tnmeiuxxsqeu3byeydcnbj0j5d.dx.internal.cloudapp.net ip:10.1.0.139
2022-10-13 11:28:54,232 [Datanode State Machine Task Thread - 0] INFO  datanode.InitDatanodeState (InitDatanodeState.java:persistContainerDatanodeDetails(138)) - DatanodeDetails is persisted to /home/runner/work/ozone/ozone/hadoop-ozone/integration-test/target/test-dir/MiniOzoneClusterImpl-19e7b4a3-42bc-4567-acfc-6f1f2d45bde8/datanode-1/meta/datanode.id
2022-10-13 11:28:54,262 [Listener at 127.0.0.1/45599] INFO  upgrade.AbstractLayoutVersionManager (AbstractLayoutVersionManager.java:init(83)) - Initializing Layout version manager with metadata layout = DATANODE_SCHEMA_V3 (version = 4), software layout = DATANODE_SCHEMA_V3 (version = 4)
2022-10-13 11:28:54,307 [Listener at 127.0.0.1/45599] INFO  reflections.Reflections (Reflections.java:scan(232)) - Reflections took 44 ms to scan 7 urls, producing 137 keys and 328 values 
2022-10-13 11:28:54,311 [Listener at 127.0.0.1/45599] INFO  statemachine.DatanodeStateMachine (DatanodeStateMachine.java:getEndPointTaskThreadPoolSize(237)) - Datanode State Machine Task Thread Pool size 2
2022-10-13 11:28:54,313 [Listener at 127.0.0.1/45599] INFO  volume.HddsVolume (HddsVolume.java:<init>(117)) - Creating HddsVolume: /home/runner/work/ozone/ozone/hadoop-ozone/integration-test/target/test-dir/MiniOzoneClusterImpl-19e7b4a3-42bc-4567-acfc-6f1f2d45bde8/datanode-2/data-0/containers/hdds of storage type : DISK capacity : 9223372036854775807
2022-10-13 11:28:54,313 [Listener at 127.0.0.1/45599] INFO  volume.MutableVolumeSet (MutableVolumeSet.java:initializeVolumeSet(174)) - Added Volume : /home/runner/work/ozone/ozone/hadoop-ozone/integration-test/target/test-dir/MiniOzoneClusterImpl-19e7b4a3-42bc-4567-acfc-6f1f2d45bde8/datanode-2/data-0/containers/hdds to VolumeSet
2022-10-13 11:28:54,313 [Listener at 127.0.0.1/45599] INFO  volume.ThrottledAsyncChecker (ThrottledAsyncChecker.java:schedule(141)) - Scheduling a check for /home/runner/work/ozone/ozone/hadoop-ozone/integration-test/target/test-dir/MiniOzoneClusterImpl-19e7b4a3-42bc-4567-acfc-6f1f2d45bde8/datanode-2/data-0/containers/hdds
2022-10-13 11:28:54,316 [Listener at 127.0.0.1/45599] INFO  volume.StorageVolumeChecker (StorageVolumeChecker.java:checkAllVolumes(202)) - Scheduled health check for volume /home/runner/work/ozone/ozone/hadoop-ozone/integration-test/target/test-dir/MiniOzoneClusterImpl-19e7b4a3-42bc-4567-acfc-6f1f2d45bde8/datanode-2/data-0/containers/hdds
2022-10-13 11:28:54,327 [Listener at 127.0.0.1/45599] INFO  volume.MutableVolumeSet (MutableVolumeSet.java:initializeVolumeSet(174)) - Added Volume : /home/runner/work/ozone/ozone/hadoop-ozone/integration-test/target/test-dir/MiniOzoneClusterImpl-19e7b4a3-42bc-4567-acfc-6f1f2d45bde8/datanode-2/data/ratis to VolumeSet
2022-10-13 11:28:54,327 [Listener at 127.0.0.1/45599] INFO  volume.ThrottledAsyncChecker (ThrottledAsyncChecker.java:schedule(141)) - Scheduling a check for /home/runner/work/ozone/ozone/hadoop-ozone/integration-test/target/test-dir/MiniOzoneClusterImpl-19e7b4a3-42bc-4567-acfc-6f1f2d45bde8/datanode-2/data/ratis
2022-10-13 11:28:54,328 [Listener at 127.0.0.1/45599] INFO  volume.StorageVolumeChecker (StorageVolumeChecker.java:checkAllVolumes(202)) - Scheduled health check for volume /home/runner/work/ozone/ozone/hadoop-ozone/integration-test/target/test-dir/MiniOzoneClusterImpl-19e7b4a3-42bc-4567-acfc-6f1f2d45bde8/datanode-2/data/ratis
2022-10-13 11:28:54,342 [Thread-660] INFO  ozoneimpl.ContainerReader (ContainerReader.java:readVolume(175)) - Finish verifying containers on volume /home/runner/work/ozone/ozone/hadoop-ozone/integration-test/target/test-dir/MiniOzoneClusterImpl-19e7b4a3-42bc-4567-acfc-6f1f2d45bde8/datanode-2/data-0/containers/hdds
2022-10-13 11:28:54,342 [Listener at 127.0.0.1/45599] INFO  ozoneimpl.OzoneContainer (OzoneContainer.java:buildContainerSet(300)) - Build ContainerSet costs 0s
2022-10-13 11:28:54,344 [Listener at 127.0.0.1/45599] INFO  server.RaftServer (ConfUtils.java:logGet(46)) - raft.rpc.type = GRPC (default)
2022-10-13 11:28:54,344 [Listener at 127.0.0.1/45599] INFO  grpc.GrpcFactory (GrpcFactory.java:checkPooledByteBufAllocatorUseCacheForAllThreads(48)) - PERFORMANCE WARNING: useCacheForAllThreads is true that may cause Netty to create a lot garbage objects and, as a result, trigger GC.
	It is recommended to disable useCacheForAllThreads by setting -Dorg.apache.ratis.thirdparty.io.netty.allocator.useCacheForAllThreads=false in command line.
2022-10-13 11:28:54,344 [Listener at 127.0.0.1/45599] INFO  grpc.GrpcConfigKeys (ConfUtils.java:logGet(46)) - raft.grpc.admin.port = 0 (custom)
2022-10-13 11:28:54,344 [Listener at 127.0.0.1/45599] INFO  grpc.GrpcConfigKeys (ConfUtils.java:logGet(46)) - raft.grpc.client.port = 0 (custom)
2022-10-13 11:28:54,344 [Listener at 127.0.0.1/45599] INFO  grpc.GrpcConfigKeys (ConfUtils.java:logGet(46)) - raft.grpc.server.port = 0 (default)
2022-10-13 11:28:54,344 [Listener at 127.0.0.1/45599] INFO  server.GrpcService (ConfUtils.java:logGet(46)) - raft.grpc.message.size.max = 32MB (=33554432) (custom)
2022-10-13 11:28:54,345 [Listener at 127.0.0.1/45599] INFO  server.RaftServerConfigKeys (ConfUtils.java:logGet(46)) - raft.server.log.appender.buffer.byte-limit = 33554432 (custom)
2022-10-13 11:28:54,345 [Listener at 127.0.0.1/45599] INFO  server.GrpcService (ConfUtils.java:logGet(46)) - raft.grpc.flow.control.window = 5MB (=5242880) (custom)
2022-10-13 11:28:54,345 [Listener at 127.0.0.1/45599] INFO  server.RaftServerConfigKeys (ConfUtils.java:logGet(46)) - raft.server.rpc.request.timeout = 60s (custom)
2022-10-13 11:28:54,346 [Listener at 127.0.0.1/45599] INFO  grpc.GrpcConfigKeys (ConfUtils.java:logGet(46)) - raft.grpc.server.async.request.thread.pool.cached = true (default)
2022-10-13 11:28:54,346 [Listener at 127.0.0.1/45599] INFO  grpc.GrpcConfigKeys (ConfUtils.java:logGet(46)) - raft.grpc.server.async.request.thread.pool.size = 32 (default)
2022-10-13 11:28:54,348 [Listener at 127.0.0.1/45599] INFO  impl.DataStreamServerImpl (ConfUtils.java:logGet(46)) - raft.datastream.type = DISABLED (default)
2022-10-13 11:28:54,348 [Listener at 127.0.0.1/45599] INFO  server.RaftServerConfigKeys (ConfUtils.java:logGet(46)) - raft.server.threadpool.proxy.cached = true (default)
2022-10-13 11:28:54,348 [Listener at 127.0.0.1/45599] INFO  server.RaftServerConfigKeys (ConfUtils.java:logGet(46)) - raft.server.threadpool.proxy.size = 0 (default)
2022-10-13 11:28:54,348 [Listener at 127.0.0.1/45599] INFO  server.RaftServerConfigKeys (ConfUtils.java:logGet(46)) - raft.server.rpc.slowness.timeout = 300s (custom)
2022-10-13 11:28:54,348 [Listener at 127.0.0.1/45599] INFO  server.RaftServerConfigKeys (ConfUtils.java:logGet(46)) - raft.server.leaderelection.leader.step-down.wait-time = 10s (default)
2022-10-13 11:28:54,349 [Listener at 127.0.0.1/45599] INFO  server.RaftServerConfigKeys (ConfUtils.java:logGet(46)) - raft.server.storage.dir = [/home/runner/work/ozone/ozone/hadoop-ozone/integration-test/target/test-dir/MiniOzoneClusterImpl-19e7b4a3-42bc-4567-acfc-6f1f2d45bde8/datanode-2/data/ratis] (custom)
2022-10-13 11:28:54,351 [Listener at 127.0.0.1/45599] INFO  server.XceiverServerGrpc (XceiverServerGrpc.java:<init>(132)) - GrpcServer channel type EpollServerSocketChannel
2022-10-13 11:28:54,355 [Listener at 127.0.0.1/45599] INFO  http.BaseHttpServer (BaseHttpServer.java:newHttpServer2BuilderForOzone(213)) - Starting Web-server for hddsDatanode at: http://0.0.0.0:0
2022-10-13 11:28:54,355 [Listener at 127.0.0.1/45599] INFO  http.BaseHttpServer (BaseHttpServer.java:<init>(108)) - Hadoop Security Enabled: false Ozone Security Enabled: false Ozone HTTP Security Enabled: false 
2022-10-13 11:28:54,356 [Listener at 127.0.0.1/45599] WARN  server.AuthenticationFilter (AuthenticationFilter.java:constructSecretProvider(240)) - Unable to initialize FileSignerSecretProvider, falling back to use random secrets. Reason: Could not read signature secret file: /home/runner/hadoop-http-auth-signature-secret
2022-10-13 11:28:54,357 [Listener at 127.0.0.1/45599] WARN  http.HttpRequestLog (HttpRequestLog.java:getRequestLog(103)) - Jetty request log can only be enabled using Log4j
2022-10-13 11:28:54,358 [Listener at 127.0.0.1/45599] INFO  http.HttpServer2 (HttpServer2.java:addGlobalFilter(1031)) - Added global filter 'safety' (class=org.apache.hadoop.hdds.server.http.HttpServer2$QuotingInputFilter)
2022-10-13 11:28:54,359 [Listener at 127.0.0.1/45599] INFO  http.HttpServer2 (HttpServer2.java:addFilter(1007)) - Added filter static_user_filter (class=org.apache.hadoop.http.lib.StaticUserWebFilter$StaticUserFilter) to context hddsDatanode
2022-10-13 11:28:54,359 [Listener at 127.0.0.1/45599] INFO  http.HttpServer2 (HttpServer2.java:addFilter(1015)) - Added filter static_user_filter (class=org.apache.hadoop.http.lib.StaticUserWebFilter$StaticUserFilter) to context logs
2022-10-13 11:28:54,359 [Listener at 127.0.0.1/45599] INFO  http.HttpServer2 (HttpServer2.java:addFilter(1015)) - Added filter static_user_filter (class=org.apache.hadoop.http.lib.StaticUserWebFilter$StaticUserFilter) to context static
2022-10-13 11:28:54,360 [Listener at 127.0.0.1/45599] INFO  http.HttpServer2 (HttpServer2.java:bindListener(1250)) - Jetty bound to port 39531
2022-10-13 11:28:54,360 [Listener at 127.0.0.1/45599] INFO  server.Server (Server.java:doStart(375)) - jetty-9.4.43.v20210629; built: 2021-06-30T11:07:22.254Z; git: 526006ecfa3af7f1a27ef3a288e2bef7ea9dd7e8; jvm 1.8.0_345-b01
2022-10-13 11:28:54,361 [Listener at 127.0.0.1/45599] INFO  server.session (DefaultSessionIdManager.java:doStart(334)) - DefaultSessionIdManager workerName=node0
2022-10-13 11:28:54,361 [Listener at 127.0.0.1/45599] INFO  server.session (DefaultSessionIdManager.java:doStart(339)) - No SessionScavenger set, using defaults
2022-10-13 11:28:54,361 [Listener at 127.0.0.1/45599] INFO  server.session (HouseKeeper.java:startScavenging(132)) - node0 Scavenging every 600000ms
2022-10-13 11:28:54,362 [Listener at 127.0.0.1/45599] INFO  handler.ContextHandler (ContextHandler.java:doStart(915)) - Started o.e.j.s.ServletContextHandler@2d80cec3{logs,/logs,file:///home/runner/work/ozone/ozone/hadoop-ozone/integration-test/target/log,AVAILABLE}
2022-10-13 11:28:54,362 [Listener at 127.0.0.1/45599] INFO  handler.ContextHandler (ContextHandler.java:doStart(915)) - Started o.e.j.s.ServletContextHandler@d5196fc{static,/static,jar:file:/home/runner/.m2/repository/org/apache/ozone/hdds-container-service/1.3.0-SNAPSHOT/hdds-container-service-1.3.0-SNAPSHOT.jar!/webapps/static,AVAILABLE}
2022-10-13 11:28:54,553 [Listener at 127.0.0.1/45599] INFO  handler.ContextHandler (ContextHandler.java:doStart(915)) - Started o.e.j.w.WebAppContext@4f1c0bfe{hddsDatanode,/,file:///tmp/jetty-0_0_0_0-39531-hdds-container-service-1_3_0-SNAPSHOT_jar-_-any-4063642403416824511/webapp/,AVAILABLE}{jar:file:/home/runner/.m2/repository/org/apache/ozone/hdds-container-service/1.3.0-SNAPSHOT/hdds-container-service-1.3.0-SNAPSHOT.jar!/webapps/hddsDatanode}
2022-10-13 11:28:54,554 [Listener at 127.0.0.1/45599] INFO  server.AbstractConnector (AbstractConnector.java:doStart(331)) - Started ServerConnector@1d9edbad{HTTP/1.1, (http/1.1)}{0.0.0.0:39531}
2022-10-13 11:28:54,555 [Listener at 127.0.0.1/45599] INFO  server.Server (Server.java:doStart(415)) - Started @48092ms
2022-10-13 11:28:54,555 [Listener at 127.0.0.1/45599] WARN  impl.MetricsSystemImpl (MetricsSystemImpl.java:register(279)) - Sink prometheus already exists!
2022-10-13 11:28:54,556 [Listener at 127.0.0.1/45599] INFO  http.BaseHttpServer (BaseHttpServer.java:updateConnectorAddress(333)) - HTTP server of hddsDatanode listening at http://0.0.0.0:39531
2022-10-13 11:28:54,556 [Datanode State Machine Daemon Thread] INFO  statemachine.DatanodeStateMachine (DatanodeStateMachine.java:lambda$startDaemon$0(492)) - Ozone container server started.
2022-10-13 11:28:54,558 [Listener at 127.0.0.1/45599] INFO  ozone.MiniOzoneClusterImpl (MiniOzoneClusterImpl.java:lambda$waitForClusterToBeReady$0(216)) - Waiting for nodes to be ready. Got 0 of 3 DN Heartbeats.
2022-10-13 11:28:54,558 [Listener at 127.0.0.1/45599] INFO  ozone.MiniOzoneClusterImpl (MiniOzoneClusterImpl.java:lambda$waitForClusterToBeReady$0(219)) - Waiting for cluster to exit safe mode
2022-10-13 11:28:54,558 [Listener at 127.0.0.1/45599] INFO  ozone.MiniOzoneClusterImpl (MiniOzoneClusterImpl.java:lambda$waitForClusterToBeReady$0(221)) - SCM became leader
2022-10-13 11:28:54,559 [org.apache.hadoop.util.JvmPauseMonitor$Monitor@52949eb7] INFO  util.JvmPauseMonitor (JvmPauseMonitor.java:run(188)) - Starting JVM pause monitor
2022-10-13 11:28:54,560 [Datanode State Machine Task Thread - 0] INFO  datanode.InitDatanodeState (InitDatanodeState.java:persistContainerDatanodeDetails(138)) - DatanodeDetails is persisted to /home/runner/work/ozone/ozone/hadoop-ozone/integration-test/target/test-dir/MiniOzoneClusterImpl-19e7b4a3-42bc-4567-acfc-6f1f2d45bde8/datanode-2/meta/datanode.id
2022-10-13 11:28:54,683 [om1@group-C5BA1605619E-FollowerState] INFO  impl.FollowerState (FollowerState.java:run(143)) - om1@group-C5BA1605619E-FollowerState: change to CANDIDATE, lastRpcElapsedTime:1145482193ns, electionTimeout:1145ms
2022-10-13 11:28:54,684 [om1@group-C5BA1605619E-FollowerState] INFO  impl.RoleInfo (RoleInfo.java:shutdownFollowerState(110)) - om1: shutdown om1@group-C5BA1605619E-FollowerState
2022-10-13 11:28:54,684 [om1@group-C5BA1605619E-FollowerState] INFO  server.RaftServer$Division (RaftServerImpl.java:setRole(299)) - om1@group-C5BA1605619E: changes role from  FOLLOWER to CANDIDATE at term 0 for changeToCandidate
2022-10-13 11:28:54,684 [om1@group-C5BA1605619E-FollowerState] INFO  server.RaftServerConfigKeys (ConfUtils.java:logGet(46)) - raft.server.leaderelection.pre-vote = false (custom)
2022-10-13 11:28:54,684 [om1@group-C5BA1605619E-FollowerState] INFO  impl.RoleInfo (RoleInfo.java:updateAndGet(139)) - om1: start om1@group-C5BA1605619E-LeaderElection15
2022-10-13 11:28:54,687 [om1@group-C5BA1605619E-LeaderElection15] INFO  impl.LeaderElection (LeaderElection.java:askForVotes(310)) - om1@group-C5BA1605619E-LeaderElection15 ELECTION round 0: submit vote requests at term 1 for -1: [om1|rpc:localhost:9872|priority:0], old=null
2022-10-13 11:28:54,688 [om1@group-C5BA1605619E-LeaderElection15] INFO  impl.LeaderElection (LeaderElection.java:askForVotes(312)) - om1@group-C5BA1605619E-LeaderElection15 ELECTION round 0: result PASSED (term=1)
2022-10-13 11:28:54,688 [om1@group-C5BA1605619E-LeaderElection15] INFO  impl.RoleInfo (RoleInfo.java:shutdownLeaderElection(130)) - om1: shutdown om1@group-C5BA1605619E-LeaderElection15
2022-10-13 11:28:54,688 [om1@group-C5BA1605619E-LeaderElection15] INFO  server.RaftServer$Division (RaftServerImpl.java:setRole(299)) - om1@group-C5BA1605619E: changes role from CANDIDATE to LEADER at term 1 for changeToLeader
2022-10-13 11:28:54,688 [om1@group-C5BA1605619E-LeaderElection15] INFO  server.RaftServer$Division (ServerState.java:setLeader(287)) - om1@group-C5BA1605619E: change Leader from null to om1 at term 1 for becomeLeader, leader elected after 1746ms
2022-10-13 11:28:54,688 [om1@group-C5BA1605619E-LeaderElection15] INFO  server.RaftServerConfigKeys (ConfUtils.java:logGet(46)) - raft.server.staging.catchup.gap = 1000 (default)
2022-10-13 11:28:54,688 [om1@group-C5BA1605619E-LeaderElection15] INFO  server.RaftServerConfigKeys (ConfUtils.java:logGet(46)) - raft.server.write.element-limit = 4096 (default)
2022-10-13 11:28:54,688 [om1@group-C5BA1605619E-LeaderElection15] INFO  server.RaftServerConfigKeys (ConfUtils.java:logGet(46)) - raft.server.write.byte-limit = 64MB (=67108864) (default)
2022-10-13 11:28:54,688 [om1@group-C5BA1605619E-LeaderElection15] INFO  server.RaftServerConfigKeys (ConfUtils.java:logGet(46)) - raft.server.watch.timeout = 10s (default)
2022-10-13 11:28:54,688 [om1@group-C5BA1605619E-LeaderElection15] INFO  server.RaftServerConfigKeys (ConfUtils.java:logGet(46)) - raft.server.watch.timeout.denomination = 1s (default)
2022-10-13 11:28:54,689 [om1@group-C5BA1605619E-LeaderElection15] INFO  server.RaftServerConfigKeys (ConfUtils.java:logGet(46)) - raft.server.watch.element-limit = 65536 (default)
2022-10-13 11:28:54,689 [om1@group-C5BA1605619E-LeaderElection15] INFO  server.RaftServerConfigKeys (ConfUtils.java:logGet(46)) - raft.server.write.element-limit = 4096 (default)
2022-10-13 11:28:54,689 [om1@group-C5BA1605619E-LeaderElection15] INFO  server.RaftServerConfigKeys (ConfUtils.java:logGet(46)) - raft.server.write.follower.gap.ratio.max = -1.0 (default)
2022-10-13 11:28:54,689 [om1@group-C5BA1605619E-LeaderElection15] INFO  impl.RoleInfo (RoleInfo.java:updateAndGet(139)) - om1: start om1@group-C5BA1605619E-LeaderStateImpl
2022-10-13 11:28:54,690 [om1@group-C5BA1605619E-LeaderElection15] INFO  segmented.SegmentedRaftLogWorker (SegmentedRaftLogWorker.java:startLogSegment(425)) - om1@group-C5BA1605619E-SegmentedRaftLogWorker: Starting segment from index:0
2022-10-13 11:28:54,694 [om1@group-C5BA1605619E-LeaderElection15] INFO  server.RaftServer$Division (ServerState.java:setRaftConf(393)) - om1@group-C5BA1605619E: set configuration 0: [om1|rpc:localhost:9872|admin:|client:|dataStream:|priority:0], old=null
2022-10-13 11:28:54,705 [om1@group-C5BA1605619E-SegmentedRaftLogWorker] INFO  segmented.SegmentedRaftLogWorker (SegmentedRaftLogWorker.java:execute(629)) - om1@group-C5BA1605619E-SegmentedRaftLogWorker: created new log segment /home/runner/work/ozone/ozone/hadoop-ozone/integration-test/target/test-dir/MiniOzoneClusterImpl-19e7b4a3-42bc-4567-acfc-6f1f2d45bde8/ozone-meta/ratis/bf265839-605b-3f16-9796-c5ba1605619e/current/log_inprogress_0
2022-10-13 11:28:54,707 [om1@group-C5BA1605619E-StateMachineUpdater] INFO  ratis.OzoneManagerStateMachine (OzoneManagerStateMachine.java:notifyConfigurationChanged(192)) - Received Configuration change notification from Ratis. New Peer list:
[id: "om1"
address: "localhost:9872"
]
2022-10-13 11:28:55,558 [Listener at 127.0.0.1/45599] INFO  ozone.MiniOzoneClusterImpl (MiniOzoneClusterImpl.java:lambda$waitForClusterToBeReady$0(216)) - Waiting for nodes to be ready. Got 0 of 3 DN Heartbeats.
2022-10-13 11:28:55,558 [Listener at 127.0.0.1/45599] INFO  ozone.MiniOzoneClusterImpl (MiniOzoneClusterImpl.java:lambda$waitForClusterToBeReady$0(219)) - Waiting for cluster to exit safe mode
2022-10-13 11:28:55,558 [Listener at 127.0.0.1/45599] INFO  ozone.MiniOzoneClusterImpl (MiniOzoneClusterImpl.java:lambda$waitForClusterToBeReady$0(221)) - SCM became leader
2022-10-13 11:28:55,984 [EndpointStateMachine task thread for /0.0.0.0:39547 - 0 ] INFO  volume.HddsVolume (HddsVolume.java:createDbStore(307)) - SchemaV3 db is created and loaded at /home/runner/work/ozone/ozone/hadoop-ozone/integration-test/target/test-dir/MiniOzoneClusterImpl-19e7b4a3-42bc-4567-acfc-6f1f2d45bde8/datanode-0/data-0/containers/hdds/19e7b4a3-42bc-4567-acfc-6f1f2d45bde8/DS-8aa9394d-c28a-41d4-86b3-662e0213d515/container.db for volume DS-8aa9394d-c28a-41d4-86b3-662e0213d515
2022-10-13 11:28:55,986 [EndpointStateMachine task thread for /0.0.0.0:39547 - 0 ] INFO  volume.HddsVolume (HddsVolume.java:closeDbStore(338)) - SchemaV3 db is stopped at /home/runner/work/ozone/ozone/hadoop-ozone/integration-test/target/test-dir/MiniOzoneClusterImpl-19e7b4a3-42bc-4567-acfc-6f1f2d45bde8/datanode-0/data-0/containers/hdds/19e7b4a3-42bc-4567-acfc-6f1f2d45bde8/DS-8aa9394d-c28a-41d4-86b3-662e0213d515/container.db for volume DS-8aa9394d-c28a-41d4-86b3-662e0213d515
2022-10-13 11:28:55,986 [EndpointStateMachine task thread for /0.0.0.0:39547 - 0 ] INFO  ozoneimpl.OzoneContainer (OzoneContainer.java:start(378)) - Attempting to start container services.
2022-10-13 11:28:55,986 [EndpointStateMachine task thread for /0.0.0.0:39547 - 0 ] INFO  ozoneimpl.OzoneContainer (OzoneContainer.java:startContainerScrub(313)) - Background container scanner has been disabled.
2022-10-13 11:28:55,989 [EndpointStateMachine task thread for /0.0.0.0:39547 - 0 ] INFO  replication.ReplicationServer (ReplicationServer.java:start(111)) - ReplicationServer is started using port 46391
2022-10-13 11:28:55,990 [EndpointStateMachine task thread for /0.0.0.0:39547 - 0 ] INFO  ratis.XceiverServerRatis (XceiverServerRatis.java:start(481)) - Starting XceiverServerRatis 907e746a-156d-4134-8703-444bba091feb
2022-10-13 11:28:55,991 [EndpointStateMachine task thread for /0.0.0.0:39547 - 0 ] INFO  server.RaftServer (RaftServerProxy.java:lambda$start$6(382)) - 907e746a-156d-4134-8703-444bba091feb: start RPC server
2022-10-13 11:28:55,993 [EndpointStateMachine task thread for /0.0.0.0:39547 - 0 ] INFO  server.GrpcService (GrpcService.java:startImpl(260)) - 907e746a-156d-4134-8703-444bba091feb: GrpcService started, listening on 45489
2022-10-13 11:28:55,994 [EndpointStateMachine task thread for /0.0.0.0:39547 - 0 ] INFO  ratis.XceiverServerRatis (XceiverServerRatis.java:getRealPort(502)) - XceiverServerRatis 907e746a-156d-4134-8703-444bba091feb is started using port 45489 for RATIS
2022-10-13 11:28:55,994 [org.apache.ratis.util.JvmPauseMonitor$$Lambda$690/1264163010@336af65] INFO  util.JvmPauseMonitor (JvmPauseMonitor.java:run(103)) - JvmPauseMonitor-907e746a-156d-4134-8703-444bba091feb: Started
2022-10-13 11:28:55,994 [EndpointStateMachine task thread for /0.0.0.0:39547 - 0 ] INFO  ratis.XceiverServerRatis (XceiverServerRatis.java:getRealPort(502)) - XceiverServerRatis 907e746a-156d-4134-8703-444bba091feb is started using port 45489 for RATIS_ADMIN
2022-10-13 11:28:55,994 [EndpointStateMachine task thread for /0.0.0.0:39547 - 0 ] INFO  ratis.XceiverServerRatis (XceiverServerRatis.java:getRealPort(502)) - XceiverServerRatis 907e746a-156d-4134-8703-444bba091feb is started using port 45489 for RATIS_SERVER
2022-10-13 11:28:55,996 [EndpointStateMachine task thread for /0.0.0.0:39547 - 0 ] INFO  server.XceiverServerGrpc (XceiverServerGrpc.java:start(180)) - XceiverServerGrpc 907e746a-156d-4134-8703-444bba091feb is started using port 38645
2022-10-13 11:28:56,269 [EndpointStateMachine task thread for /0.0.0.0:39547 - 0 ] INFO  volume.HddsVolume (HddsVolume.java:createDbStore(307)) - SchemaV3 db is created and loaded at /home/runner/work/ozone/ozone/hadoop-ozone/integration-test/target/test-dir/MiniOzoneClusterImpl-19e7b4a3-42bc-4567-acfc-6f1f2d45bde8/datanode-1/data-0/containers/hdds/19e7b4a3-42bc-4567-acfc-6f1f2d45bde8/DS-d712f39b-6c9d-457f-91a8-c4354b460060/container.db for volume DS-d712f39b-6c9d-457f-91a8-c4354b460060
2022-10-13 11:28:56,270 [EndpointStateMachine task thread for /0.0.0.0:39547 - 0 ] INFO  volume.HddsVolume (HddsVolume.java:closeDbStore(338)) - SchemaV3 db is stopped at /home/runner/work/ozone/ozone/hadoop-ozone/integration-test/target/test-dir/MiniOzoneClusterImpl-19e7b4a3-42bc-4567-acfc-6f1f2d45bde8/datanode-1/data-0/containers/hdds/19e7b4a3-42bc-4567-acfc-6f1f2d45bde8/DS-d712f39b-6c9d-457f-91a8-c4354b460060/container.db for volume DS-d712f39b-6c9d-457f-91a8-c4354b460060
2022-10-13 11:28:56,270 [EndpointStateMachine task thread for /0.0.0.0:39547 - 0 ] INFO  ozoneimpl.OzoneContainer (OzoneContainer.java:start(378)) - Attempting to start container services.
2022-10-13 11:28:56,270 [EndpointStateMachine task thread for /0.0.0.0:39547 - 0 ] INFO  ozoneimpl.OzoneContainer (OzoneContainer.java:startContainerScrub(313)) - Background container scanner has been disabled.
2022-10-13 11:28:56,272 [EndpointStateMachine task thread for /0.0.0.0:39547 - 0 ] INFO  replication.ReplicationServer (ReplicationServer.java:start(111)) - ReplicationServer is started using port 46769
2022-10-13 11:28:56,272 [EndpointStateMachine task thread for /0.0.0.0:39547 - 0 ] INFO  ratis.XceiverServerRatis (XceiverServerRatis.java:start(481)) - Starting XceiverServerRatis 0745b8b8-0e66-4c37-8dad-d9626659dfe4
2022-10-13 11:28:56,273 [EndpointStateMachine task thread for /0.0.0.0:39547 - 0 ] INFO  server.RaftServer (RaftServerProxy.java:lambda$start$6(382)) - 0745b8b8-0e66-4c37-8dad-d9626659dfe4: start RPC server
2022-10-13 11:28:56,274 [EndpointStateMachine task thread for /0.0.0.0:39547 - 0 ] INFO  server.GrpcService (GrpcService.java:startImpl(260)) - 0745b8b8-0e66-4c37-8dad-d9626659dfe4: GrpcService started, listening on 35951
2022-10-13 11:28:56,274 [EndpointStateMachine task thread for /0.0.0.0:39547 - 0 ] INFO  ratis.XceiverServerRatis (XceiverServerRatis.java:getRealPort(502)) - XceiverServerRatis 0745b8b8-0e66-4c37-8dad-d9626659dfe4 is started using port 35951 for RATIS
2022-10-13 11:28:56,274 [org.apache.ratis.util.JvmPauseMonitor$$Lambda$690/1264163010@6f1dc4d8] INFO  util.JvmPauseMonitor (JvmPauseMonitor.java:run(103)) - JvmPauseMonitor-0745b8b8-0e66-4c37-8dad-d9626659dfe4: Started
2022-10-13 11:28:56,274 [EndpointStateMachine task thread for /0.0.0.0:39547 - 0 ] INFO  ratis.XceiverServerRatis (XceiverServerRatis.java:getRealPort(502)) - XceiverServerRatis 0745b8b8-0e66-4c37-8dad-d9626659dfe4 is started using port 35951 for RATIS_ADMIN
2022-10-13 11:28:56,274 [EndpointStateMachine task thread for /0.0.0.0:39547 - 0 ] INFO  ratis.XceiverServerRatis (XceiverServerRatis.java:getRealPort(502)) - XceiverServerRatis 0745b8b8-0e66-4c37-8dad-d9626659dfe4 is started using port 35951 for RATIS_SERVER
2022-10-13 11:28:56,276 [EndpointStateMachine task thread for /0.0.0.0:39547 - 0 ] INFO  server.XceiverServerGrpc (XceiverServerGrpc.java:start(180)) - XceiverServerGrpc 0745b8b8-0e66-4c37-8dad-d9626659dfe4 is started using port 38551
2022-10-13 11:28:56,559 [Listener at 127.0.0.1/45599] INFO  ozone.MiniOzoneClusterImpl (MiniOzoneClusterImpl.java:lambda$waitForClusterToBeReady$0(216)) - Waiting for nodes to be ready. Got 0 of 3 DN Heartbeats.
2022-10-13 11:28:56,559 [Listener at 127.0.0.1/45599] INFO  ozone.MiniOzoneClusterImpl (MiniOzoneClusterImpl.java:lambda$waitForClusterToBeReady$0(219)) - Waiting for cluster to exit safe mode
2022-10-13 11:28:56,559 [Listener at 127.0.0.1/45599] INFO  ozone.MiniOzoneClusterImpl (MiniOzoneClusterImpl.java:lambda$waitForClusterToBeReady$0(221)) - SCM became leader
2022-10-13 11:28:56,597 [EndpointStateMachine task thread for /0.0.0.0:39547 - 0 ] INFO  volume.HddsVolume (HddsVolume.java:createDbStore(307)) - SchemaV3 db is created and loaded at /home/runner/work/ozone/ozone/hadoop-ozone/integration-test/target/test-dir/MiniOzoneClusterImpl-19e7b4a3-42bc-4567-acfc-6f1f2d45bde8/datanode-2/data-0/containers/hdds/19e7b4a3-42bc-4567-acfc-6f1f2d45bde8/DS-7e2a75b7-73ca-4c38-bee6-fcfa96d74f2e/container.db for volume DS-7e2a75b7-73ca-4c38-bee6-fcfa96d74f2e
2022-10-13 11:28:56,598 [EndpointStateMachine task thread for /0.0.0.0:39547 - 0 ] INFO  volume.HddsVolume (HddsVolume.java:closeDbStore(338)) - SchemaV3 db is stopped at /home/runner/work/ozone/ozone/hadoop-ozone/integration-test/target/test-dir/MiniOzoneClusterImpl-19e7b4a3-42bc-4567-acfc-6f1f2d45bde8/datanode-2/data-0/containers/hdds/19e7b4a3-42bc-4567-acfc-6f1f2d45bde8/DS-7e2a75b7-73ca-4c38-bee6-fcfa96d74f2e/container.db for volume DS-7e2a75b7-73ca-4c38-bee6-fcfa96d74f2e
2022-10-13 11:28:56,598 [EndpointStateMachine task thread for /0.0.0.0:39547 - 0 ] INFO  ozoneimpl.OzoneContainer (OzoneContainer.java:start(378)) - Attempting to start container services.
2022-10-13 11:28:56,598 [EndpointStateMachine task thread for /0.0.0.0:39547 - 0 ] INFO  ozoneimpl.OzoneContainer (OzoneContainer.java:startContainerScrub(313)) - Background container scanner has been disabled.
2022-10-13 11:28:56,599 [EndpointStateMachine task thread for /0.0.0.0:39547 - 0 ] INFO  replication.ReplicationServer (ReplicationServer.java:start(111)) - ReplicationServer is started using port 34119
2022-10-13 11:28:56,599 [EndpointStateMachine task thread for /0.0.0.0:39547 - 0 ] INFO  ratis.XceiverServerRatis (XceiverServerRatis.java:start(481)) - Starting XceiverServerRatis 948c17cc-3e3a-4e0b-bb31-fb01344eff50
2022-10-13 11:28:56,600 [EndpointStateMachine task thread for /0.0.0.0:39547 - 0 ] INFO  server.RaftServer (RaftServerProxy.java:lambda$start$6(382)) - 948c17cc-3e3a-4e0b-bb31-fb01344eff50: start RPC server
2022-10-13 11:28:56,602 [EndpointStateMachine task thread for /0.0.0.0:39547 - 0 ] INFO  server.GrpcService (GrpcService.java:startImpl(260)) - 948c17cc-3e3a-4e0b-bb31-fb01344eff50: GrpcService started, listening on 46025
2022-10-13 11:28:56,602 [EndpointStateMachine task thread for /0.0.0.0:39547 - 0 ] INFO  ratis.XceiverServerRatis (XceiverServerRatis.java:getRealPort(502)) - XceiverServerRatis 948c17cc-3e3a-4e0b-bb31-fb01344eff50 is started using port 46025 for RATIS
2022-10-13 11:28:56,602 [org.apache.ratis.util.JvmPauseMonitor$$Lambda$690/1264163010@6980dedb] INFO  util.JvmPauseMonitor (JvmPauseMonitor.java:run(103)) - JvmPauseMonitor-948c17cc-3e3a-4e0b-bb31-fb01344eff50: Started
2022-10-13 11:28:56,602 [EndpointStateMachine task thread for /0.0.0.0:39547 - 0 ] INFO  ratis.XceiverServerRatis (XceiverServerRatis.java:getRealPort(502)) - XceiverServerRatis 948c17cc-3e3a-4e0b-bb31-fb01344eff50 is started using port 46025 for RATIS_ADMIN
2022-10-13 11:28:56,602 [EndpointStateMachine task thread for /0.0.0.0:39547 - 0 ] INFO  ratis.XceiverServerRatis (XceiverServerRatis.java:getRealPort(502)) - XceiverServerRatis 948c17cc-3e3a-4e0b-bb31-fb01344eff50 is started using port 46025 for RATIS_SERVER
2022-10-13 11:28:56,603 [EndpointStateMachine task thread for /0.0.0.0:39547 - 0 ] INFO  server.XceiverServerGrpc (XceiverServerGrpc.java:start(180)) - XceiverServerGrpc 948c17cc-3e3a-4e0b-bb31-fb01344eff50 is started using port 43147
2022-10-13 11:28:57,559 [Listener at 127.0.0.1/45599] INFO  ozone.MiniOzoneClusterImpl (MiniOzoneClusterImpl.java:lambda$waitForClusterToBeReady$0(216)) - Waiting for nodes to be ready. Got 0 of 3 DN Heartbeats.
2022-10-13 11:28:57,560 [Listener at 127.0.0.1/45599] INFO  ozone.MiniOzoneClusterImpl (MiniOzoneClusterImpl.java:lambda$waitForClusterToBeReady$0(219)) - Waiting for cluster to exit safe mode
2022-10-13 11:28:57,560 [Listener at 127.0.0.1/45599] INFO  ozone.MiniOzoneClusterImpl (MiniOzoneClusterImpl.java:lambda$waitForClusterToBeReady$0(221)) - SCM became leader
2022-10-13 11:28:57,928 [IPC Server handler 0 on default port 39547] INFO  net.NetworkTopologyImpl (NetworkTopologyImpl.java:add(112)) - Added a new node: /default-rack/907e746a-156d-4134-8703-444bba091feb
2022-10-13 11:28:57,928 [IPC Server handler 0 on default port 39547] INFO  node.SCMNodeManager (SCMNodeManager.java:register(397)) - Registered Data node : 907e746a-156d-4134-8703-444bba091feb{ip: 10.1.0.139, host: fv-az447-90.tnmeiuxxsqeu3byeydcnbj0j5d.dx.internal.cloudapp.net, ports: [REPLICATION=46391, RATIS=45489, RATIS_ADMIN=45489, RATIS_SERVER=45489, STANDALONE=38645], networkLocation: /default-rack, certSerialId: null, persistedOpState: null, persistedOpStateExpiryEpochSec: 0}
2022-10-13 11:28:57,930 [EventQueue-NodeRegistrationContainerReportForContainerSafeModeRule] INFO  safemode.SCMSafeModeManager (SCMSafeModeManager.java:validateSafeModeExitRules(204)) - ContainerSafeModeRule rule is successfully validated
2022-10-13 11:28:57,930 [EventQueue-NodeRegistrationContainerReportForDataNodeSafeModeRule] INFO  safemode.SCMSafeModeManager (DataNodeSafeModeRule.java:process(71)) - SCM in safe mode. 1 DataNodes registered, 3 required.
2022-10-13 11:28:57,933 [EventQueue-NewNodeForNewNodeHandler] INFO  pipeline.BackgroundPipelineCreator (BackgroundPipelineCreator.java:notifyEventTriggered(276)) - trigger a one-shot run on RatisPipelineUtilsThread.
2022-10-13 11:28:57,934 [RatisPipelineUtilsThread - 0] INFO  pipeline.RatisPipelineProvider (RatisPipelineProvider.java:lambda$create$0(195)) - Sending CreatePipelineCommand for pipeline:PipelineID=c38dad90-84a8-44cf-95eb-bde87230c489 to datanode:907e746a-156d-4134-8703-444bba091feb
2022-10-13 11:28:57,934 [RatisPipelineUtilsThread - 0] INFO  pipeline.PipelineStateManagerImpl (PipelineStateManagerImpl.java:addPipeline(103)) - Created pipeline Pipeline[ Id: c38dad90-84a8-44cf-95eb-bde87230c489, Nodes: 907e746a-156d-4134-8703-444bba091feb{ip: 10.1.0.139, host: fv-az447-90.tnmeiuxxsqeu3byeydcnbj0j5d.dx.internal.cloudapp.net, ports: [REPLICATION=46391, RATIS=45489, RATIS_ADMIN=45489, RATIS_SERVER=45489, STANDALONE=38645], networkLocation: /default-rack, certSerialId: null, persistedOpState: IN_SERVICE, persistedOpStateExpiryEpochSec: 0}, ReplicationConfig: RATIS/ONE, State:ALLOCATED, leaderId:, CreationTimestamp2022-10-13T11:28:57.934Z[Etc/UTC]].
2022-10-13 11:28:57,935 [EventQueue-PipelineReportForOneReplicaPipelineSafeModeRule] INFO  safemode.SCMSafeModeManager (SCMSafeModeManager.java:validateSafeModeExitRules(204)) - AtleastOneDatanodeReportedRule rule is successfully validated
2022-10-13 11:28:58,228 [IPC Server handler 1 on default port 39547] INFO  net.NetworkTopologyImpl (NetworkTopologyImpl.java:add(112)) - Added a new node: /default-rack/0745b8b8-0e66-4c37-8dad-d9626659dfe4
2022-10-13 11:28:58,229 [IPC Server handler 1 on default port 39547] INFO  node.SCMNodeManager (SCMNodeManager.java:register(397)) - Registered Data node : 0745b8b8-0e66-4c37-8dad-d9626659dfe4{ip: 10.1.0.139, host: fv-az447-90.tnmeiuxxsqeu3byeydcnbj0j5d.dx.internal.cloudapp.net, ports: [REPLICATION=46769, RATIS=35951, RATIS_ADMIN=35951, RATIS_SERVER=35951, STANDALONE=38551], networkLocation: /default-rack, certSerialId: null, persistedOpState: null, persistedOpStateExpiryEpochSec: 0}
2022-10-13 11:28:58,229 [EventQueue-NewNodeForNewNodeHandler] INFO  pipeline.BackgroundPipelineCreator (BackgroundPipelineCreator.java:notifyEventTriggered(276)) - trigger a one-shot run on RatisPipelineUtilsThread.
2022-10-13 11:28:58,230 [RatisPipelineUtilsThread - 0] INFO  pipeline.RatisPipelineProvider (RatisPipelineProvider.java:lambda$create$0(195)) - Sending CreatePipelineCommand for pipeline:PipelineID=f743317b-346d-4dcf-93fb-0c661270d85d to datanode:0745b8b8-0e66-4c37-8dad-d9626659dfe4
2022-10-13 11:28:58,230 [EventQueue-NodeRegistrationContainerReportForDataNodeSafeModeRule] INFO  safemode.SCMSafeModeManager (DataNodeSafeModeRule.java:process(71)) - SCM in safe mode. 2 DataNodes registered, 3 required.
2022-10-13 11:28:58,231 [RatisPipelineUtilsThread - 0] INFO  pipeline.PipelineStateManagerImpl (PipelineStateManagerImpl.java:addPipeline(103)) - Created pipeline Pipeline[ Id: f743317b-346d-4dcf-93fb-0c661270d85d, Nodes: 0745b8b8-0e66-4c37-8dad-d9626659dfe4{ip: 10.1.0.139, host: fv-az447-90.tnmeiuxxsqeu3byeydcnbj0j5d.dx.internal.cloudapp.net, ports: [REPLICATION=46769, RATIS=35951, RATIS_ADMIN=35951, RATIS_SERVER=35951, STANDALONE=38551], networkLocation: /default-rack, certSerialId: null, persistedOpState: IN_SERVICE, persistedOpStateExpiryEpochSec: 0}, ReplicationConfig: RATIS/ONE, State:ALLOCATED, leaderId:, CreationTimestamp2022-10-13T11:28:58.230Z[Etc/UTC]].
2022-10-13 11:28:58,560 [IPC Server handler 2 on default port 39547] INFO  net.NetworkTopologyImpl (NetworkTopologyImpl.java:add(112)) - Added a new node: /default-rack/948c17cc-3e3a-4e0b-bb31-fb01344eff50
2022-10-13 11:28:58,561 [IPC Server handler 2 on default port 39547] INFO  node.SCMNodeManager (SCMNodeManager.java:register(397)) - Registered Data node : 948c17cc-3e3a-4e0b-bb31-fb01344eff50{ip: 10.1.0.139, host: fv-az447-90.tnmeiuxxsqeu3byeydcnbj0j5d.dx.internal.cloudapp.net, ports: [REPLICATION=34119, RATIS=46025, RATIS_ADMIN=46025, RATIS_SERVER=46025, STANDALONE=43147], networkLocation: /default-rack, certSerialId: null, persistedOpState: null, persistedOpStateExpiryEpochSec: 0}
2022-10-13 11:28:58,561 [Listener at 127.0.0.1/45599] INFO  ozone.MiniOzoneClusterImpl (MiniOzoneClusterImpl.java:lambda$waitForClusterToBeReady$0(216)) - Nodes are ready. Got 3 of 3 DN Heartbeats.
2022-10-13 11:28:58,563 [Listener at 127.0.0.1/45599] INFO  ozone.MiniOzoneClusterImpl (MiniOzoneClusterImpl.java:lambda$waitForClusterToBeReady$0(219)) - Waiting for cluster to exit safe mode
2022-10-13 11:28:58,563 [Listener at 127.0.0.1/45599] INFO  ozone.MiniOzoneClusterImpl (MiniOzoneClusterImpl.java:lambda$waitForClusterToBeReady$0(221)) - SCM became leader
2022-10-13 11:28:58,563 [EventQueue-NodeRegistrationContainerReportForDataNodeSafeModeRule] INFO  safemode.SCMSafeModeManager (DataNodeSafeModeRule.java:process(71)) - SCM in safe mode. 3 DataNodes registered, 3 required.
2022-10-13 11:28:58,563 [EventQueue-NodeRegistrationContainerReportForDataNodeSafeModeRule] INFO  safemode.SCMSafeModeManager (SCMSafeModeManager.java:validateSafeModeExitRules(204)) - DataNodeSafeModeRule rule is successfully validated
2022-10-13 11:28:58,563 [EventQueue-NodeRegistrationContainerReportForDataNodeSafeModeRule] INFO  safemode.SCMSafeModeManager (SCMSafeModeManager.java:completePreCheck(233)) - All SCM safe mode pre check rules have passed
2022-10-13 11:28:58,563 [EventQueue-NodeRegistrationContainerReportForDataNodeSafeModeRule] WARN  events.EventQueue (EventQueue.java:fireEvent(216)) - No event handler registered for event TypedEvent{payloadType=SafeModeStatus, name='Safe mode status'}
2022-10-13 11:28:58,563 [EventQueue-NodeRegistrationContainerReportForDataNodeSafeModeRule] INFO  ha.SCMContext (SCMContext.java:updateSafeModeStatus(228)) - Update SafeModeStatus from SafeModeStatus{safeModeStatus=true, preCheckPassed=false} to SafeModeStatus{safeModeStatus=true, preCheckPassed=true}.
2022-10-13 11:28:58,561 [EventQueue-NewNodeForNewNodeHandler] INFO  pipeline.BackgroundPipelineCreator (BackgroundPipelineCreator.java:notifyEventTriggered(276)) - trigger a one-shot run on RatisPipelineUtilsThread.
2022-10-13 11:28:58,564 [EventQueue-NodeRegistrationContainerReportForDataNodeSafeModeRule] INFO  pipeline.BackgroundPipelineCreator (BackgroundPipelineCreator.java:notifyEventTriggered(276)) - trigger a one-shot run on RatisPipelineUtilsThread.
2022-10-13 11:28:58,564 [RatisPipelineUtilsThread - 0] INFO  pipeline.RatisPipelineProvider (RatisPipelineProvider.java:lambda$create$0(195)) - Sending CreatePipelineCommand for pipeline:PipelineID=05696802-6a0c-4db3-a5a2-8630cd38ad0e to datanode:948c17cc-3e3a-4e0b-bb31-fb01344eff50
2022-10-13 11:28:58,565 [RatisPipelineUtilsThread - 0] INFO  pipeline.PipelineStateManagerImpl (PipelineStateManagerImpl.java:addPipeline(103)) - Created pipeline Pipeline[ Id: 05696802-6a0c-4db3-a5a2-8630cd38ad0e, Nodes: 948c17cc-3e3a-4e0b-bb31-fb01344eff50{ip: 10.1.0.139, host: fv-az447-90.tnmeiuxxsqeu3byeydcnbj0j5d.dx.internal.cloudapp.net, ports: [REPLICATION=34119, RATIS=46025, RATIS_ADMIN=46025, RATIS_SERVER=46025, STANDALONE=43147], networkLocation: /default-rack, certSerialId: null, persistedOpState: IN_SERVICE, persistedOpStateExpiryEpochSec: 0}, ReplicationConfig: RATIS/ONE, State:ALLOCATED, leaderId:, CreationTimestamp2022-10-13T11:28:58.564Z[Etc/UTC]].
2022-10-13 11:28:58,566 [RatisPipelineUtilsThread - 0] INFO  pipeline.RatisPipelineProvider (RatisPipelineProvider.java:lambda$create$0(195)) - Sending CreatePipelineCommand for pipeline:PipelineID=ee1ff788-904b-4bd4-8a3f-7efb2d698939 to datanode:0745b8b8-0e66-4c37-8dad-d9626659dfe4
2022-10-13 11:28:58,566 [RatisPipelineUtilsThread - 0] INFO  pipeline.RatisPipelineProvider (RatisPipelineProvider.java:lambda$create$0(195)) - Sending CreatePipelineCommand for pipeline:PipelineID=ee1ff788-904b-4bd4-8a3f-7efb2d698939 to datanode:948c17cc-3e3a-4e0b-bb31-fb01344eff50
2022-10-13 11:28:58,566 [RatisPipelineUtilsThread - 0] INFO  pipeline.RatisPipelineProvider (RatisPipelineProvider.java:lambda$create$0(195)) - Sending CreatePipelineCommand for pipeline:PipelineID=ee1ff788-904b-4bd4-8a3f-7efb2d698939 to datanode:907e746a-156d-4134-8703-444bba091feb
2022-10-13 11:28:58,566 [RatisPipelineUtilsThread - 0] INFO  pipeline.PipelineStateManagerImpl (PipelineStateManagerImpl.java:addPipeline(103)) - Created pipeline Pipeline[ Id: ee1ff788-904b-4bd4-8a3f-7efb2d698939, Nodes: 0745b8b8-0e66-4c37-8dad-d9626659dfe4{ip: 10.1.0.139, host: fv-az447-90.tnmeiuxxsqeu3byeydcnbj0j5d.dx.internal.cloudapp.net, ports: [REPLICATION=46769, RATIS=35951, RATIS_ADMIN=35951, RATIS_SERVER=35951, STANDALONE=38551], networkLocation: /default-rack, certSerialId: null, persistedOpState: IN_SERVICE, persistedOpStateExpiryEpochSec: 0}948c17cc-3e3a-4e0b-bb31-fb01344eff50{ip: 10.1.0.139, host: fv-az447-90.tnmeiuxxsqeu3byeydcnbj0j5d.dx.internal.cloudapp.net, ports: [REPLICATION=34119, RATIS=46025, RATIS_ADMIN=46025, RATIS_SERVER=46025, STANDALONE=43147], networkLocation: /default-rack, certSerialId: null, persistedOpState: IN_SERVICE, persistedOpStateExpiryEpochSec: 0}907e746a-156d-4134-8703-444bba091feb{ip: 10.1.0.139, host: fv-az447-90.tnmeiuxxsqeu3byeydcnbj0j5d.dx.internal.cloudapp.net, ports: [REPLICATION=46391, RATIS=45489, RATIS_ADMIN=45489, RATIS_SERVER=45489, STANDALONE=38645], networkLocation: /default-rack, certSerialId: null, persistedOpState: IN_SERVICE, persistedOpStateExpiryEpochSec: 0}, ReplicationConfig: RATIS/THREE, State:ALLOCATED, leaderId:, CreationTimestamp2022-10-13T11:28:58.566Z[Etc/UTC]].
2022-10-13 11:28:58,567 [RatisPipelineUtilsThread - 0] INFO  pipeline.RatisPipelineProvider (RatisPipelineProvider.java:lambda$create$0(195)) - Sending CreatePipelineCommand for pipeline:PipelineID=524dc246-440b-4663-83a5-c56c2cd1fe7d to datanode:948c17cc-3e3a-4e0b-bb31-fb01344eff50
2022-10-13 11:28:58,567 [RatisPipelineUtilsThread - 0] INFO  pipeline.RatisPipelineProvider (RatisPipelineProvider.java:lambda$create$0(195)) - Sending CreatePipelineCommand for pipeline:PipelineID=524dc246-440b-4663-83a5-c56c2cd1fe7d to datanode:907e746a-156d-4134-8703-444bba091feb
2022-10-13 11:28:58,567 [RatisPipelineUtilsThread - 0] INFO  pipeline.RatisPipelineProvider (RatisPipelineProvider.java:lambda$create$0(195)) - Sending CreatePipelineCommand for pipeline:PipelineID=524dc246-440b-4663-83a5-c56c2cd1fe7d to datanode:0745b8b8-0e66-4c37-8dad-d9626659dfe4
2022-10-13 11:28:58,568 [RatisPipelineUtilsThread - 0] INFO  pipeline.PipelineStateManagerImpl (PipelineStateManagerImpl.java:addPipeline(103)) - Created pipeline Pipeline[ Id: 524dc246-440b-4663-83a5-c56c2cd1fe7d, Nodes: 948c17cc-3e3a-4e0b-bb31-fb01344eff50{ip: 10.1.0.139, host: fv-az447-90.tnmeiuxxsqeu3byeydcnbj0j5d.dx.internal.cloudapp.net, ports: [REPLICATION=34119, RATIS=46025, RATIS_ADMIN=46025, RATIS_SERVER=46025, STANDALONE=43147], networkLocation: /default-rack, certSerialId: null, persistedOpState: IN_SERVICE, persistedOpStateExpiryEpochSec: 0}907e746a-156d-4134-8703-444bba091feb{ip: 10.1.0.139, host: fv-az447-90.tnmeiuxxsqeu3byeydcnbj0j5d.dx.internal.cloudapp.net, ports: [REPLICATION=46391, RATIS=45489, RATIS_ADMIN=45489, RATIS_SERVER=45489, STANDALONE=38645], networkLocation: /default-rack, certSerialId: null, persistedOpState: IN_SERVICE, persistedOpStateExpiryEpochSec: 0}0745b8b8-0e66-4c37-8dad-d9626659dfe4{ip: 10.1.0.139, host: fv-az447-90.tnmeiuxxsqeu3byeydcnbj0j5d.dx.internal.cloudapp.net, ports: [REPLICATION=46769, RATIS=35951, RATIS_ADMIN=35951, RATIS_SERVER=35951, STANDALONE=38551], networkLocation: /default-rack, certSerialId: null, persistedOpState: IN_SERVICE, persistedOpStateExpiryEpochSec: 0}, ReplicationConfig: RATIS/THREE, State:ALLOCATED, leaderId:, CreationTimestamp2022-10-13T11:28:58.567Z[Etc/UTC]].
2022-10-13 11:28:58,568 [RatisPipelineUtilsThread - 0] INFO  pipeline.PipelineManagerImpl (PipelineManagerImpl.java:recordMetricsForPipeline(796)) - Pipeline: PipelineID=524dc246-440b-4663-83a5-c56c2cd1fe7d contains same datanodes as previous pipelines: PipelineID=ee1ff788-904b-4bd4-8a3f-7efb2d698939 nodeIds: 948c17cc-3e3a-4e0b-bb31-fb01344eff50, 907e746a-156d-4134-8703-444bba091feb, 0745b8b8-0e66-4c37-8dad-d9626659dfe4
2022-10-13 11:28:59,563 [Listener at 127.0.0.1/45599] INFO  ozone.MiniOzoneClusterImpl (MiniOzoneClusterImpl.java:lambda$waitForClusterToBeReady$0(216)) - Nodes are ready. Got 3 of 3 DN Heartbeats.
2022-10-13 11:28:59,564 [Listener at 127.0.0.1/45599] INFO  ozone.MiniOzoneClusterImpl (MiniOzoneClusterImpl.java:lambda$waitForClusterToBeReady$0(219)) - Waiting for cluster to exit safe mode
2022-10-13 11:28:59,564 [Listener at 127.0.0.1/45599] INFO  ozone.MiniOzoneClusterImpl (MiniOzoneClusterImpl.java:lambda$waitForClusterToBeReady$0(221)) - SCM became leader
2022-10-13 11:29:00,565 [Listener at 127.0.0.1/45599] INFO  ozone.MiniOzoneClusterImpl (MiniOzoneClusterImpl.java:lambda$waitForClusterToBeReady$0(216)) - Nodes are ready. Got 3 of 3 DN Heartbeats.
2022-10-13 11:29:00,565 [Listener at 127.0.0.1/45599] INFO  ozone.MiniOzoneClusterImpl (MiniOzoneClusterImpl.java:lambda$waitForClusterToBeReady$0(219)) - Waiting for cluster to exit safe mode
2022-10-13 11:29:00,565 [Listener at 127.0.0.1/45599] INFO  ozone.MiniOzoneClusterImpl (MiniOzoneClusterImpl.java:lambda$waitForClusterToBeReady$0(221)) - SCM became leader
2022-10-13 11:29:00,928 [Command processor thread] INFO  server.RaftServer (RaftServerProxy.java:addNew(96)) - 907e746a-156d-4134-8703-444bba091feb: addNew group-BDE87230C489:[907e746a-156d-4134-8703-444bba091feb|rpc:10.1.0.139:45489|priority:1] returns group-BDE87230C489:java.util.concurrent.CompletableFuture@286be7f1[Not completed]
2022-10-13 11:29:00,930 [pool-364-thread-1] INFO  server.RaftServer$Division (RaftServerImpl.java:<init>(190)) - 907e746a-156d-4134-8703-444bba091feb: new RaftServerImpl for group-BDE87230C489:[907e746a-156d-4134-8703-444bba091feb|rpc:10.1.0.139:45489|priority:1] with ContainerStateMachine:uninitialized
2022-10-13 11:29:00,931 [pool-364-thread-1] INFO  server.RaftServerConfigKeys (ConfUtils.java:logGet(46)) - raft.server.rpc.timeout.min = 5s (custom)
2022-10-13 11:29:00,931 [pool-364-thread-1] INFO  server.RaftServerConfigKeys (ConfUtils.java:logGet(46)) - raft.server.rpc.timeout.max = 5200ms (custom)
2022-10-13 11:29:00,931 [pool-364-thread-1] INFO  server.RaftServerConfigKeys (ConfUtils.java:logGet(46)) - raft.server.rpc.sleep.time = 25ms (default)
2022-10-13 11:29:00,931 [pool-364-thread-1] INFO  server.RaftServerConfigKeys (ConfUtils.java:logGet(46)) - raft.server.rpc.slowness.timeout = 300s (custom)
2022-10-13 11:29:00,931 [pool-364-thread-1] INFO  server.RaftServerConfigKeys (ConfUtils.java:logGet(46)) - raft.server.leaderelection.leader.step-down.wait-time = 10s (default)
2022-10-13 11:29:00,931 [pool-364-thread-1] INFO  server.RaftServerConfigKeys (ConfUtils.java:logGet(46)) - raft.server.sleep.deviation.threshold = 300ms (default)
2022-10-13 11:29:00,931 [pool-364-thread-1] INFO  server.RaftServer$Division (ServerState.java:<init>(107)) - 907e746a-156d-4134-8703-444bba091feb@group-BDE87230C489: ConfigurationManager, init=-1: [907e746a-156d-4134-8703-444bba091feb|rpc:10.1.0.139:45489|priority:1], old=null, confs=<EMPTY_MAP>
2022-10-13 11:29:00,931 [pool-364-thread-1] INFO  server.RaftServerConfigKeys (ConfUtils.java:logGet(46)) - raft.server.storage.dir = [/home/runner/work/ozone/ozone/hadoop-ozone/integration-test/target/test-dir/MiniOzoneClusterImpl-19e7b4a3-42bc-4567-acfc-6f1f2d45bde8/datanode-0/data/ratis] (custom)
2022-10-13 11:29:00,932 [pool-364-thread-1] INFO  server.RaftServerConfigKeys (ConfUtils.java:logGet(46)) - raft.server.log.corruption.policy = EXCEPTION (default)
2022-10-13 11:29:00,932 [pool-364-thread-1] INFO  server.RaftServerConfigKeys (ConfUtils.java:logGet(46)) - raft.server.storage.free-space.min = 0MB (=0) (default)
2022-10-13 11:29:00,932 [pool-364-thread-1] INFO  storage.RaftStorageDirectory (RaftStorageDirectoryImpl.java:analyzeStorage(135)) - The storage directory /home/runner/work/ozone/ozone/hadoop-ozone/integration-test/target/test-dir/MiniOzoneClusterImpl-19e7b4a3-42bc-4567-acfc-6f1f2d45bde8/datanode-0/data/ratis/c38dad90-84a8-44cf-95eb-bde87230c489 does not exist. Creating ...
2022-10-13 11:29:00,934 [pool-364-thread-1] INFO  storage.RaftStorageDirectory (RaftStorageDirectoryImpl.java:tryLock(230)) - Lock on /home/runner/work/ozone/ozone/hadoop-ozone/integration-test/target/test-dir/MiniOzoneClusterImpl-19e7b4a3-42bc-4567-acfc-6f1f2d45bde8/datanode-0/data/ratis/c38dad90-84a8-44cf-95eb-bde87230c489/in_use.lock acquired by nodename 2264@fv-az447-90
2022-10-13 11:29:00,936 [pool-364-thread-1] INFO  storage.RaftStorage (RaftStorageImpl.java:format(89)) - Storage directory /home/runner/work/ozone/ozone/hadoop-ozone/integration-test/target/test-dir/MiniOzoneClusterImpl-19e7b4a3-42bc-4567-acfc-6f1f2d45bde8/datanode-0/data/ratis/c38dad90-84a8-44cf-95eb-bde87230c489 has been successfully formatted.
2022-10-13 11:29:00,937 [pool-364-thread-1] INFO  ratis.ContainerStateMachine (ContainerStateMachine.java:loadSnapshot(236)) - group-BDE87230C489: The snapshot info is null. Setting the last applied indexto:(t:0, i:~)
2022-10-13 11:29:00,937 [pool-364-thread-1] INFO  server.RaftServerConfigKeys (ConfUtils.java:logGet(46)) - raft.server.notification.no-leader.timeout = 300s (custom)
2022-10-13 11:29:00,938 [pool-364-thread-1] INFO  server.RaftServerConfigKeys (ConfUtils.java:logGet(46)) - raft.server.log.use.memory = false (default)
2022-10-13 11:29:00,938 [pool-364-thread-1] INFO  server.RaftServerConfigKeys (ConfUtils.java:logGet(46)) - raft.server.log.purge.gap = 1000000 (custom)
2022-10-13 11:29:00,938 [pool-364-thread-1] INFO  server.RaftServerConfigKeys (ConfUtils.java:logGet(46)) - raft.server.log.appender.buffer.byte-limit = 33554432 (custom)
2022-10-13 11:29:00,938 [pool-364-thread-1] INFO  server.RaftServerConfigKeys (ConfUtils.java:logGet(46)) - raft.server.log.statemachine.data.read.timeout = 1000ms (default)
2022-10-13 11:29:00,938 [pool-364-thread-1] INFO  server.RaftServerConfigKeys (ConfUtils.java:logGet(46)) - raft.server.log.segment.size.max = 1048576 (custom)
2022-10-13 11:29:00,939 [EventQueue-PipelineReportForPipelineReportHandler] INFO  pipeline.PipelineManagerImpl (PipelineManagerImpl.java:openPipeline(367)) - Pipeline Pipeline[ Id: c38dad90-84a8-44cf-95eb-bde87230c489, Nodes: 907e746a-156d-4134-8703-444bba091feb{ip: 10.1.0.139, host: fv-az447-90.tnmeiuxxsqeu3byeydcnbj0j5d.dx.internal.cloudapp.net, ports: [REPLICATION=46391, RATIS=45489, RATIS_ADMIN=45489, RATIS_SERVER=45489, STANDALONE=38645], networkLocation: /default-rack, certSerialId: null, persistedOpState: IN_SERVICE, persistedOpStateExpiryEpochSec: 0}, ReplicationConfig: RATIS/ONE, State:ALLOCATED, leaderId:907e746a-156d-4134-8703-444bba091feb, CreationTimestamp2022-10-13T11:28:57.934Z[Etc/UTC]] moved to OPEN state
2022-10-13 11:29:00,939 [pool-364-thread-1] INFO  server.RaftServerConfigKeys (ConfUtils.java:logGet(46)) - raft.server.log.segment.cache.num.max = 2 (custom)
2022-10-13 11:29:00,939 [pool-364-thread-1] INFO  server.RaftServerConfigKeys (ConfUtils.java:logGet(46)) - raft.server.log.segment.cache.size.max = 200MB (=209715200) (default)
2022-10-13 11:29:00,939 [pool-364-thread-1] INFO  segmented.SegmentedRaftLogWorker (SegmentedRaftLogWorker.java:<init>(187)) - new 907e746a-156d-4134-8703-444bba091feb@group-BDE87230C489-SegmentedRaftLogWorker for RaftStorageImpl:Storage Directory /home/runner/work/ozone/ozone/hadoop-ozone/integration-test/target/test-dir/MiniOzoneClusterImpl-19e7b4a3-42bc-4567-acfc-6f1f2d45bde8/datanode-0/data/ratis/c38dad90-84a8-44cf-95eb-bde87230c489
2022-10-13 11:29:00,939 [pool-364-thread-1] INFO  server.RaftServerConfigKeys (ConfUtils.java:logGet(46)) - raft.server.log.queue.byte-limit = 4294967296 (custom)
2022-10-13 11:29:00,939 [pool-364-thread-1] INFO  server.RaftServerConfigKeys (ConfUtils.java:logGet(46)) - raft.server.log.queue.element-limit = 1024 (custom)
2022-10-13 11:29:00,939 [pool-364-thread-1] INFO  server.RaftServerConfigKeys (ConfUtils.java:logGet(46)) - raft.server.log.segment.size.max = 1048576 (custom)
2022-10-13 11:29:00,939 [pool-364-thread-1] INFO  server.RaftServerConfigKeys (ConfUtils.java:logGet(46)) - raft.server.log.preallocated.size = 16384 (custom)
2022-10-13 11:29:00,940 [pool-364-thread-1] INFO  server.RaftServerConfigKeys (ConfUtils.java:logGet(46)) - raft.server.log.force.sync.num = 128 (default)
2022-10-13 11:29:00,940 [pool-364-thread-1] INFO  server.RaftServerConfigKeys (ConfUtils.java:logGet(46)) - raft.server.log.statemachine.data.sync = true (default)
2022-10-13 11:29:00,940 [pool-364-thread-1] INFO  server.RaftServerConfigKeys (ConfUtils.java:logGet(46)) - raft.server.log.statemachine.data.sync.timeout = 10s (default)
2022-10-13 11:29:00,940 [pool-364-thread-1] INFO  server.RaftServerConfigKeys (ConfUtils.java:logGet(46)) - raft.server.log.statemachine.data.sync.timeout.retry = -1 (default)
2022-10-13 11:29:00,941 [EventQueue-OpenPipelineForHealthyPipelineSafeModeRule] INFO  safemode.SCMSafeModeManager (HealthyPipelineSafeModeRule.java:process(137)) - SCM in safe mode. Healthy pipelines reported count is 0, required healthy pipeline reported count is 1
2022-10-13 11:29:00,945 [pool-364-thread-1] INFO  server.RaftServerConfigKeys (ConfUtils.java:logGet(46)) - raft.server.log.write.buffer.size = 1048576 (custom)
2022-10-13 11:29:00,946 [pool-364-thread-1] INFO  server.RaftServerConfigKeys (ConfUtils.java:logGet(46)) - raft.server.log.unsafe-flush.enabled = false (default)
2022-10-13 11:29:00,946 [pool-364-thread-1] INFO  server.RaftServerConfigKeys (ConfUtils.java:logGet(46)) - raft.server.log.statemachine.data.caching.enabled = true (custom)
2022-10-13 11:29:00,946 [pool-364-thread-1] INFO  segmented.SegmentedRaftLogWorker (SegmentedRaftLogWorker.java:lambda$new$0(135)) - 907e746a-156d-4134-8703-444bba091feb@group-BDE87230C489-SegmentedRaftLogWorker: flushIndex: setUnconditionally 0 -> -1
2022-10-13 11:29:00,946 [pool-364-thread-1] INFO  segmented.SegmentedRaftLogWorker (SegmentedRaftLogWorker.java:lambda$new$0(135)) - 907e746a-156d-4134-8703-444bba091feb@group-BDE87230C489-SegmentedRaftLogWorker: safeCacheEvictIndex: setUnconditionally 0 -> -1
2022-10-13 11:29:00,946 [pool-364-thread-1] INFO  server.RaftServerConfigKeys (ConfUtils.java:logGet(46)) - raft.server.snapshot.auto.trigger.enabled = true (custom)
2022-10-13 11:29:00,946 [pool-364-thread-1] INFO  server.RaftServerConfigKeys (ConfUtils.java:logGet(46)) - raft.server.snapshot.auto.trigger.threshold = 10000 (custom)
2022-10-13 11:29:00,946 [pool-364-thread-1] INFO  server.RaftServerConfigKeys (ConfUtils.java:logGet(46)) - raft.server.snapshot.retention.file.num = 5 (custom)
2022-10-13 11:29:00,946 [pool-364-thread-1] INFO  server.RaftServerConfigKeys (ConfUtils.java:logGet(46)) - raft.server.log.purge.upto.snapshot.index = false (default)
2022-10-13 11:29:00,947 [pool-364-thread-1] INFO  server.RaftServerConfigKeys (ConfUtils.java:logGet(46)) - raft.server.retrycache.expirytime = 600000ms (custom)
2022-10-13 11:29:00,947 [pool-364-thread-1] INFO  server.RaftServerConfigKeys (ConfUtils.java:logGet(46)) - raft.server.retrycache.statistics.expirytime = 100μs (default)
2022-10-13 11:29:00,948 [pool-364-thread-1] INFO  server.RaftServerConfigKeys (ConfUtils.java:logGet(46)) - raft.server.log.appender.install.snapshot.enabled = false (custom)
2022-10-13 11:29:00,950 [pool-364-thread-1] INFO  server.RaftServerConfigKeys (ConfUtils.java:logGet(46)) - raft.server.threadpool.server.cached = true (default)
2022-10-13 11:29:00,950 [pool-364-thread-1] INFO  server.RaftServerConfigKeys (ConfUtils.java:logGet(46)) - raft.server.threadpool.server.size = 0 (default)
2022-10-13 11:29:00,950 [pool-364-thread-1] INFO  server.RaftServerConfigKeys (ConfUtils.java:logGet(46)) - raft.server.threadpool.client.cached = true (default)
2022-10-13 11:29:00,951 [pool-364-thread-1] INFO  server.RaftServerConfigKeys (ConfUtils.java:logGet(46)) - raft.server.threadpool.client.size = 0 (default)
2022-10-13 11:29:00,951 [pool-364-thread-1] INFO  server.RaftServer$Division (RaftServerImpl.java:start(310)) - 907e746a-156d-4134-8703-444bba091feb@group-BDE87230C489: start as a follower, conf=-1: [907e746a-156d-4134-8703-444bba091feb|rpc:10.1.0.139:45489|priority:1], old=null
2022-10-13 11:29:00,951 [pool-364-thread-1] INFO  server.RaftServer$Division (RaftServerImpl.java:setRole(299)) - 907e746a-156d-4134-8703-444bba091feb@group-BDE87230C489: changes role from      null to FOLLOWER at term 0 for startAsFollower
2022-10-13 11:29:00,951 [pool-364-thread-1] INFO  impl.RoleInfo (RoleInfo.java:updateAndGet(139)) - 907e746a-156d-4134-8703-444bba091feb: start 907e746a-156d-4134-8703-444bba091feb@group-BDE87230C489-FollowerState
2022-10-13 11:29:00,951 [pool-364-thread-1] INFO  util.JmxRegister (JmxRegister.java:tryRegister(44)) - Successfully registered JMX Bean with object name Ratis:service=RaftServer,group=group-BDE87230C489,id=907e746a-156d-4134-8703-444bba091feb
2022-10-13 11:29:00,953 [Command processor thread] INFO  ratis.XceiverServerRatis (XceiverServerRatis.java:addGroup(765)) - Created group PipelineID=c38dad90-84a8-44cf-95eb-bde87230c489
2022-10-13 11:29:00,953 [Command processor thread] INFO  commandhandler.CreatePipelineCommandHandler (CreatePipelineCommandHandler.java:handle(113)) - Created Pipeline RATIS ONE PipelineID=c38dad90-84a8-44cf-95eb-bde87230c489.
2022-10-13 11:29:00,953 [Command processor thread] INFO  server.RaftServer (RaftServerProxy.java:addNew(96)) - 907e746a-156d-4134-8703-444bba091feb: addNew group-7EFB2D698939:[0745b8b8-0e66-4c37-8dad-d9626659dfe4|rpc:10.1.0.139:35951|priority:0, 948c17cc-3e3a-4e0b-bb31-fb01344eff50|rpc:10.1.0.139:46025|priority:0, 907e746a-156d-4134-8703-444bba091feb|rpc:10.1.0.139:45489|priority:1] returns group-7EFB2D698939:java.util.concurrent.CompletableFuture@2c547624[Not completed]
2022-10-13 11:29:00,954 [pool-364-thread-1] INFO  server.RaftServer$Division (RaftServerImpl.java:<init>(190)) - 907e746a-156d-4134-8703-444bba091feb: new RaftServerImpl for group-7EFB2D698939:[0745b8b8-0e66-4c37-8dad-d9626659dfe4|rpc:10.1.0.139:35951|priority:0, 948c17cc-3e3a-4e0b-bb31-fb01344eff50|rpc:10.1.0.139:46025|priority:0, 907e746a-156d-4134-8703-444bba091feb|rpc:10.1.0.139:45489|priority:1] with ContainerStateMachine:uninitialized
2022-10-13 11:29:00,954 [pool-364-thread-1] INFO  server.RaftServerConfigKeys (ConfUtils.java:logGet(46)) - raft.server.rpc.timeout.min = 5s (custom)
2022-10-13 11:29:00,954 [pool-364-thread-1] INFO  server.RaftServerConfigKeys (ConfUtils.java:logGet(46)) - raft.server.rpc.timeout.max = 5200ms (custom)
2022-10-13 11:29:00,954 [pool-364-thread-1] INFO  server.RaftServerConfigKeys (ConfUtils.java:logGet(46)) - raft.server.rpc.sleep.time = 25ms (default)
2022-10-13 11:29:00,954 [pool-364-thread-1] INFO  server.RaftServerConfigKeys (ConfUtils.java:logGet(46)) - raft.server.rpc.slowness.timeout = 300s (custom)
2022-10-13 11:29:00,954 [pool-364-thread-1] INFO  server.RaftServerConfigKeys (ConfUtils.java:logGet(46)) - raft.server.leaderelection.leader.step-down.wait-time = 10s (default)
2022-10-13 11:29:00,954 [pool-364-thread-1] INFO  server.RaftServerConfigKeys (ConfUtils.java:logGet(46)) - raft.server.sleep.deviation.threshold = 300ms (default)
2022-10-13 11:29:00,954 [pool-364-thread-1] INFO  server.RaftServer$Division (ServerState.java:<init>(107)) - 907e746a-156d-4134-8703-444bba091feb@group-7EFB2D698939: ConfigurationManager, init=-1: [0745b8b8-0e66-4c37-8dad-d9626659dfe4|rpc:10.1.0.139:35951|priority:0, 948c17cc-3e3a-4e0b-bb31-fb01344eff50|rpc:10.1.0.139:46025|priority:0, 907e746a-156d-4134-8703-444bba091feb|rpc:10.1.0.139:45489|priority:1], old=null, confs=<EMPTY_MAP>
2022-10-13 11:29:00,954 [pool-364-thread-1] INFO  server.RaftServerConfigKeys (ConfUtils.java:logGet(46)) - raft.server.storage.dir = [/home/runner/work/ozone/ozone/hadoop-ozone/integration-test/target/test-dir/MiniOzoneClusterImpl-19e7b4a3-42bc-4567-acfc-6f1f2d45bde8/datanode-0/data/ratis] (custom)
2022-10-13 11:29:00,955 [pool-364-thread-1] INFO  server.RaftServerConfigKeys (ConfUtils.java:logGet(46)) - raft.server.log.corruption.policy = EXCEPTION (default)
2022-10-13 11:29:00,955 [pool-364-thread-1] INFO  server.RaftServerConfigKeys (ConfUtils.java:logGet(46)) - raft.server.storage.free-space.min = 0MB (=0) (default)
2022-10-13 11:29:00,955 [pool-364-thread-1] INFO  storage.RaftStorageDirectory (RaftStorageDirectoryImpl.java:analyzeStorage(135)) - The storage directory /home/runner/work/ozone/ozone/hadoop-ozone/integration-test/target/test-dir/MiniOzoneClusterImpl-19e7b4a3-42bc-4567-acfc-6f1f2d45bde8/datanode-0/data/ratis/ee1ff788-904b-4bd4-8a3f-7efb2d698939 does not exist. Creating ...
2022-10-13 11:29:00,957 [pool-364-thread-1] INFO  storage.RaftStorageDirectory (RaftStorageDirectoryImpl.java:tryLock(230)) - Lock on /home/runner/work/ozone/ozone/hadoop-ozone/integration-test/target/test-dir/MiniOzoneClusterImpl-19e7b4a3-42bc-4567-acfc-6f1f2d45bde8/datanode-0/data/ratis/ee1ff788-904b-4bd4-8a3f-7efb2d698939/in_use.lock acquired by nodename 2264@fv-az447-90
2022-10-13 11:29:00,959 [pool-364-thread-1] INFO  storage.RaftStorage (RaftStorageImpl.java:format(89)) - Storage directory /home/runner/work/ozone/ozone/hadoop-ozone/integration-test/target/test-dir/MiniOzoneClusterImpl-19e7b4a3-42bc-4567-acfc-6f1f2d45bde8/datanode-0/data/ratis/ee1ff788-904b-4bd4-8a3f-7efb2d698939 has been successfully formatted.
2022-10-13 11:29:00,959 [pool-364-thread-1] INFO  ratis.ContainerStateMachine (ContainerStateMachine.java:loadSnapshot(236)) - group-7EFB2D698939: The snapshot info is null. Setting the last applied indexto:(t:0, i:~)
2022-10-13 11:29:00,959 [pool-364-thread-1] INFO  server.RaftServerConfigKeys (ConfUtils.java:logGet(46)) - raft.server.notification.no-leader.timeout = 300s (custom)
2022-10-13 11:29:00,959 [pool-364-thread-1] INFO  server.RaftServerConfigKeys (ConfUtils.java:logGet(46)) - raft.server.log.use.memory = false (default)
2022-10-13 11:29:00,959 [pool-364-thread-1] INFO  server.RaftServerConfigKeys (ConfUtils.java:logGet(46)) - raft.server.log.purge.gap = 1000000 (custom)
2022-10-13 11:29:00,959 [pool-364-thread-1] INFO  server.RaftServerConfigKeys (ConfUtils.java:logGet(46)) - raft.server.log.appender.buffer.byte-limit = 33554432 (custom)
2022-10-13 11:29:00,959 [pool-364-thread-1] INFO  server.RaftServerConfigKeys (ConfUtils.java:logGet(46)) - raft.server.log.statemachine.data.read.timeout = 1000ms (default)
2022-10-13 11:29:00,960 [pool-364-thread-1] INFO  server.RaftServerConfigKeys (ConfUtils.java:logGet(46)) - raft.server.log.segment.size.max = 1048576 (custom)
2022-10-13 11:29:00,961 [pool-364-thread-1] INFO  server.RaftServerConfigKeys (ConfUtils.java:logGet(46)) - raft.server.log.segment.cache.num.max = 2 (custom)
2022-10-13 11:29:00,961 [EventQueue-OpenPipelineForHealthyPipelineSafeModeRule] INFO  safemode.SCMSafeModeManager (HealthyPipelineSafeModeRule.java:process(137)) - SCM in safe mode. Healthy pipelines reported count is 0, required healthy pipeline reported count is 1
2022-10-13 11:29:00,961 [pool-364-thread-1] INFO  server.RaftServerConfigKeys (ConfUtils.java:logGet(46)) - raft.server.log.segment.cache.size.max = 200MB (=209715200) (default)
2022-10-13 11:29:00,961 [pool-364-thread-1] INFO  segmented.SegmentedRaftLogWorker (SegmentedRaftLogWorker.java:<init>(187)) - new 907e746a-156d-4134-8703-444bba091feb@group-7EFB2D698939-SegmentedRaftLogWorker for RaftStorageImpl:Storage Directory /home/runner/work/ozone/ozone/hadoop-ozone/integration-test/target/test-dir/MiniOzoneClusterImpl-19e7b4a3-42bc-4567-acfc-6f1f2d45bde8/datanode-0/data/ratis/ee1ff788-904b-4bd4-8a3f-7efb2d698939
2022-10-13 11:29:00,961 [pool-364-thread-1] INFO  server.RaftServerConfigKeys (ConfUtils.java:logGet(46)) - raft.server.log.queue.byte-limit = 4294967296 (custom)
2022-10-13 11:29:00,961 [pool-364-thread-1] INFO  server.RaftServerConfigKeys (ConfUtils.java:logGet(46)) - raft.server.log.queue.element-limit = 1024 (custom)
2022-10-13 11:29:00,961 [pool-364-thread-1] INFO  server.RaftServerConfigKeys (ConfUtils.java:logGet(46)) - raft.server.log.segment.size.max = 1048576 (custom)
2022-10-13 11:29:00,961 [pool-364-thread-1] INFO  server.RaftServerConfigKeys (ConfUtils.java:logGet(46)) - raft.server.log.preallocated.size = 16384 (custom)
2022-10-13 11:29:00,961 [pool-364-thread-1] INFO  server.RaftServerConfigKeys (ConfUtils.java:logGet(46)) - raft.server.log.force.sync.num = 128 (default)
2022-10-13 11:29:00,961 [pool-364-thread-1] INFO  server.RaftServerConfigKeys (ConfUtils.java:logGet(46)) - raft.server.log.statemachine.data.sync = true (default)
2022-10-13 11:29:00,961 [pool-364-thread-1] INFO  server.RaftServerConfigKeys (ConfUtils.java:logGet(46)) - raft.server.log.statemachine.data.sync.timeout = 10s (default)
2022-10-13 11:29:00,962 [pool-364-thread-1] INFO  server.RaftServerConfigKeys (ConfUtils.java:logGet(46)) - raft.server.log.statemachine.data.sync.timeout.retry = -1 (default)
2022-10-13 11:29:00,963 [pool-364-thread-1] INFO  server.RaftServerConfigKeys (ConfUtils.java:logGet(46)) - raft.server.log.write.buffer.size = 1048576 (custom)
2022-10-13 11:29:00,963 [pool-364-thread-1] INFO  server.RaftServerConfigKeys (ConfUtils.java:logGet(46)) - raft.server.log.unsafe-flush.enabled = false (default)
2022-10-13 11:29:00,963 [pool-364-thread-1] INFO  server.RaftServerConfigKeys (ConfUtils.java:logGet(46)) - raft.server.log.statemachine.data.caching.enabled = true (custom)
2022-10-13 11:29:00,964 [pool-364-thread-1] INFO  segmented.SegmentedRaftLogWorker (SegmentedRaftLogWorker.java:lambda$new$0(135)) - 907e746a-156d-4134-8703-444bba091feb@group-7EFB2D698939-SegmentedRaftLogWorker: flushIndex: setUnconditionally 0 -> -1
2022-10-13 11:29:00,964 [pool-364-thread-1] INFO  segmented.SegmentedRaftLogWorker (SegmentedRaftLogWorker.java:lambda$new$0(135)) - 907e746a-156d-4134-8703-444bba091feb@group-7EFB2D698939-SegmentedRaftLogWorker: safeCacheEvictIndex: setUnconditionally 0 -> -1
2022-10-13 11:29:00,964 [pool-364-thread-1] INFO  server.RaftServerConfigKeys (ConfUtils.java:logGet(46)) - raft.server.snapshot.auto.trigger.enabled = true (custom)
2022-10-13 11:29:00,964 [pool-364-thread-1] INFO  server.RaftServerConfigKeys (ConfUtils.java:logGet(46)) - raft.server.snapshot.auto.trigger.threshold = 10000 (custom)
2022-10-13 11:29:00,964 [pool-364-thread-1] INFO  server.RaftServerConfigKeys (ConfUtils.java:logGet(46)) - raft.server.snapshot.retention.file.num = 5 (custom)
2022-10-13 11:29:00,964 [pool-364-thread-1] INFO  server.RaftServerConfigKeys (ConfUtils.java:logGet(46)) - raft.server.log.purge.upto.snapshot.index = false (default)
2022-10-13 11:29:00,964 [pool-364-thread-1] INFO  server.RaftServerConfigKeys (ConfUtils.java:logGet(46)) - raft.server.retrycache.expirytime = 600000ms (custom)
2022-10-13 11:29:00,964 [pool-364-thread-1] INFO  server.RaftServerConfigKeys (ConfUtils.java:logGet(46)) - raft.server.retrycache.statistics.expirytime = 100μs (default)
2022-10-13 11:29:00,966 [pool-364-thread-1] INFO  server.RaftServerConfigKeys (ConfUtils.java:logGet(46)) - raft.server.log.appender.install.snapshot.enabled = false (custom)
2022-10-13 11:29:00,966 [pool-364-thread-1] INFO  server.RaftServerConfigKeys (ConfUtils.java:logGet(46)) - raft.server.threadpool.server.cached = true (default)
2022-10-13 11:29:00,966 [pool-364-thread-1] INFO  server.RaftServerConfigKeys (ConfUtils.java:logGet(46)) - raft.server.threadpool.server.size = 0 (default)
2022-10-13 11:29:00,966 [pool-364-thread-1] INFO  server.RaftServerConfigKeys (ConfUtils.java:logGet(46)) - raft.server.threadpool.client.cached = true (default)
2022-10-13 11:29:00,966 [pool-364-thread-1] INFO  server.RaftServerConfigKeys (ConfUtils.java:logGet(46)) - raft.server.threadpool.client.size = 0 (default)
2022-10-13 11:29:00,966 [pool-364-thread-1] INFO  server.RaftServer$Division (RaftServerImpl.java:start(310)) - 907e746a-156d-4134-8703-444bba091feb@group-7EFB2D698939: start as a follower, conf=-1: [0745b8b8-0e66-4c37-8dad-d9626659dfe4|rpc:10.1.0.139:35951|priority:0, 948c17cc-3e3a-4e0b-bb31-fb01344eff50|rpc:10.1.0.139:46025|priority:0, 907e746a-156d-4134-8703-444bba091feb|rpc:10.1.0.139:45489|priority:1], old=null
2022-10-13 11:29:00,966 [pool-364-thread-1] INFO  server.RaftServer$Division (RaftServerImpl.java:setRole(299)) - 907e746a-156d-4134-8703-444bba091feb@group-7EFB2D698939: changes role from      null to FOLLOWER at term 0 for startAsFollower
2022-10-13 11:29:00,966 [pool-364-thread-1] INFO  impl.RoleInfo (RoleInfo.java:updateAndGet(139)) - 907e746a-156d-4134-8703-444bba091feb: start 907e746a-156d-4134-8703-444bba091feb@group-7EFB2D698939-FollowerState
2022-10-13 11:29:00,967 [pool-364-thread-1] INFO  util.JmxRegister (JmxRegister.java:tryRegister(44)) - Successfully registered JMX Bean with object name Ratis:service=RaftServer,group=group-7EFB2D698939,id=907e746a-156d-4134-8703-444bba091feb
2022-10-13 11:29:00,967 [Command processor thread] INFO  ratis.XceiverServerRatis (XceiverServerRatis.java:addGroup(765)) - Created group PipelineID=ee1ff788-904b-4bd4-8a3f-7efb2d698939
2022-10-13 11:29:00,987 [grpc-default-executor-0] INFO  server.RaftServer (RaftServerProxy.java:addNew(96)) - 0745b8b8-0e66-4c37-8dad-d9626659dfe4: addNew group-7EFB2D698939:[0745b8b8-0e66-4c37-8dad-d9626659dfe4|rpc:10.1.0.139:35951|dataStream:|priority:0, 948c17cc-3e3a-4e0b-bb31-fb01344eff50|rpc:10.1.0.139:46025|dataStream:|priority:0, 907e746a-156d-4134-8703-444bba091feb|rpc:10.1.0.139:45489|dataStream:|priority:1] returns group-7EFB2D698939:java.util.concurrent.CompletableFuture@5d74d70c[Not completed]
2022-10-13 11:29:00,988 [pool-387-thread-1] INFO  server.RaftServer$Division (RaftServerImpl.java:<init>(190)) - 0745b8b8-0e66-4c37-8dad-d9626659dfe4: new RaftServerImpl for group-7EFB2D698939:[0745b8b8-0e66-4c37-8dad-d9626659dfe4|rpc:10.1.0.139:35951|dataStream:|priority:0, 948c17cc-3e3a-4e0b-bb31-fb01344eff50|rpc:10.1.0.139:46025|dataStream:|priority:0, 907e746a-156d-4134-8703-444bba091feb|rpc:10.1.0.139:45489|dataStream:|priority:1] with ContainerStateMachine:uninitialized
2022-10-13 11:29:00,988 [pool-387-thread-1] INFO  server.RaftServerConfigKeys (ConfUtils.java:logGet(46)) - raft.server.rpc.timeout.min = 5s (custom)
2022-10-13 11:29:00,988 [pool-387-thread-1] INFO  server.RaftServerConfigKeys (ConfUtils.java:logGet(46)) - raft.server.rpc.timeout.max = 5200ms (custom)
2022-10-13 11:29:00,988 [pool-387-thread-1] INFO  server.RaftServerConfigKeys (ConfUtils.java:logGet(46)) - raft.server.rpc.sleep.time = 25ms (default)
2022-10-13 11:29:00,989 [pool-387-thread-1] INFO  server.RaftServerConfigKeys (ConfUtils.java:logGet(46)) - raft.server.rpc.slowness.timeout = 300s (custom)
2022-10-13 11:29:00,989 [pool-387-thread-1] INFO  server.RaftServerConfigKeys (ConfUtils.java:logGet(46)) - raft.server.leaderelection.leader.step-down.wait-time = 10s (default)
2022-10-13 11:29:00,989 [pool-387-thread-1] INFO  server.RaftServerConfigKeys (ConfUtils.java:logGet(46)) - raft.server.sleep.deviation.threshold = 300ms (default)
2022-10-13 11:29:00,989 [pool-387-thread-1] INFO  server.RaftServer$Division (ServerState.java:<init>(107)) - 0745b8b8-0e66-4c37-8dad-d9626659dfe4@group-7EFB2D698939: ConfigurationManager, init=-1: [0745b8b8-0e66-4c37-8dad-d9626659dfe4|rpc:10.1.0.139:35951|dataStream:|priority:0, 948c17cc-3e3a-4e0b-bb31-fb01344eff50|rpc:10.1.0.139:46025|dataStream:|priority:0, 907e746a-156d-4134-8703-444bba091feb|rpc:10.1.0.139:45489|dataStream:|priority:1], old=null, confs=<EMPTY_MAP>
2022-10-13 11:29:00,989 [pool-387-thread-1] INFO  server.RaftServerConfigKeys (ConfUtils.java:logGet(46)) - raft.server.storage.dir = [/home/runner/work/ozone/ozone/hadoop-ozone/integration-test/target/test-dir/MiniOzoneClusterImpl-19e7b4a3-42bc-4567-acfc-6f1f2d45bde8/datanode-1/data/ratis] (custom)
2022-10-13 11:29:00,989 [pool-387-thread-1] INFO  server.RaftServerConfigKeys (ConfUtils.java:logGet(46)) - raft.server.log.corruption.policy = EXCEPTION (default)
2022-10-13 11:29:00,989 [pool-387-thread-1] INFO  server.RaftServerConfigKeys (ConfUtils.java:logGet(46)) - raft.server.storage.free-space.min = 0MB (=0) (default)
2022-10-13 11:29:00,989 [pool-387-thread-1] INFO  storage.RaftStorageDirectory (RaftStorageDirectoryImpl.java:analyzeStorage(135)) - The storage directory /home/runner/work/ozone/ozone/hadoop-ozone/integration-test/target/test-dir/MiniOzoneClusterImpl-19e7b4a3-42bc-4567-acfc-6f1f2d45bde8/datanode-1/data/ratis/ee1ff788-904b-4bd4-8a3f-7efb2d698939 does not exist. Creating ...
2022-10-13 11:29:00,994 [pool-387-thread-1] INFO  storage.RaftStorageDirectory (RaftStorageDirectoryImpl.java:tryLock(230)) - Lock on /home/runner/work/ozone/ozone/hadoop-ozone/integration-test/target/test-dir/MiniOzoneClusterImpl-19e7b4a3-42bc-4567-acfc-6f1f2d45bde8/datanode-1/data/ratis/ee1ff788-904b-4bd4-8a3f-7efb2d698939/in_use.lock acquired by nodename 2264@fv-az447-90
2022-10-13 11:29:00,995 [pool-387-thread-1] INFO  storage.RaftStorage (RaftStorageImpl.java:format(89)) - Storage directory /home/runner/work/ozone/ozone/hadoop-ozone/integration-test/target/test-dir/MiniOzoneClusterImpl-19e7b4a3-42bc-4567-acfc-6f1f2d45bde8/datanode-1/data/ratis/ee1ff788-904b-4bd4-8a3f-7efb2d698939 has been successfully formatted.
2022-10-13 11:29:00,996 [pool-387-thread-1] INFO  ratis.ContainerStateMachine (ContainerStateMachine.java:loadSnapshot(236)) - group-7EFB2D698939: The snapshot info is null. Setting the last applied indexto:(t:0, i:~)
2022-10-13 11:29:00,996 [pool-387-thread-1] INFO  server.RaftServerConfigKeys (ConfUtils.java:logGet(46)) - raft.server.notification.no-leader.timeout = 300s (custom)
2022-10-13 11:29:00,996 [pool-387-thread-1] INFO  server.RaftServerConfigKeys (ConfUtils.java:logGet(46)) - raft.server.log.use.memory = false (default)
2022-10-13 11:29:00,996 [pool-387-thread-1] INFO  server.RaftServerConfigKeys (ConfUtils.java:logGet(46)) - raft.server.log.purge.gap = 1000000 (custom)
2022-10-13 11:29:00,998 [pool-387-thread-1] INFO  server.RaftServerConfigKeys (ConfUtils.java:logGet(46)) - raft.server.log.appender.buffer.byte-limit = 33554432 (custom)
2022-10-13 11:29:00,999 [pool-387-thread-1] INFO  server.RaftServerConfigKeys (ConfUtils.java:logGet(46)) - raft.server.log.statemachine.data.read.timeout = 1000ms (default)
2022-10-13 11:29:00,999 [pool-387-thread-1] INFO  server.RaftServerConfigKeys (ConfUtils.java:logGet(46)) - raft.server.log.segment.size.max = 1048576 (custom)
2022-10-13 11:29:00,999 [pool-387-thread-1] INFO  server.RaftServerConfigKeys (ConfUtils.java:logGet(46)) - raft.server.log.segment.cache.num.max = 2 (custom)
2022-10-13 11:29:00,999 [pool-387-thread-1] INFO  server.RaftServerConfigKeys (ConfUtils.java:logGet(46)) - raft.server.log.segment.cache.size.max = 200MB (=209715200) (default)
2022-10-13 11:29:00,999 [pool-387-thread-1] INFO  segmented.SegmentedRaftLogWorker (SegmentedRaftLogWorker.java:<init>(187)) - new 0745b8b8-0e66-4c37-8dad-d9626659dfe4@group-7EFB2D698939-SegmentedRaftLogWorker for RaftStorageImpl:Storage Directory /home/runner/work/ozone/ozone/hadoop-ozone/integration-test/target/test-dir/MiniOzoneClusterImpl-19e7b4a3-42bc-4567-acfc-6f1f2d45bde8/datanode-1/data/ratis/ee1ff788-904b-4bd4-8a3f-7efb2d698939
2022-10-13 11:29:00,999 [pool-387-thread-1] INFO  server.RaftServerConfigKeys (ConfUtils.java:logGet(46)) - raft.server.log.queue.byte-limit = 4294967296 (custom)
2022-10-13 11:29:00,999 [pool-387-thread-1] INFO  server.RaftServerConfigKeys (ConfUtils.java:logGet(46)) - raft.server.log.queue.element-limit = 1024 (custom)
2022-10-13 11:29:01,000 [pool-387-thread-1] INFO  server.RaftServerConfigKeys (ConfUtils.java:logGet(46)) - raft.server.log.segment.size.max = 1048576 (custom)
2022-10-13 11:29:01,000 [pool-387-thread-1] INFO  server.RaftServerConfigKeys (ConfUtils.java:logGet(46)) - raft.server.log.preallocated.size = 16384 (custom)
2022-10-13 11:29:01,000 [pool-387-thread-1] INFO  server.RaftServerConfigKeys (ConfUtils.java:logGet(46)) - raft.server.log.force.sync.num = 128 (default)
2022-10-13 11:29:01,000 [pool-387-thread-1] INFO  server.RaftServerConfigKeys (ConfUtils.java:logGet(46)) - raft.server.log.statemachine.data.sync = true (default)
2022-10-13 11:29:01,000 [pool-387-thread-1] INFO  server.RaftServerConfigKeys (ConfUtils.java:logGet(46)) - raft.server.log.statemachine.data.sync.timeout = 10s (default)
2022-10-13 11:29:01,000 [pool-387-thread-1] INFO  server.RaftServerConfigKeys (ConfUtils.java:logGet(46)) - raft.server.log.statemachine.data.sync.timeout.retry = -1 (default)
2022-10-13 11:29:01,001 [pool-387-thread-1] INFO  server.RaftServerConfigKeys (ConfUtils.java:logGet(46)) - raft.server.log.write.buffer.size = 1048576 (custom)
2022-10-13 11:29:01,002 [pool-387-thread-1] INFO  server.RaftServerConfigKeys (ConfUtils.java:logGet(46)) - raft.server.log.unsafe-flush.enabled = false (default)
2022-10-13 11:29:01,002 [pool-387-thread-1] INFO  server.RaftServerConfigKeys (ConfUtils.java:logGet(46)) - raft.server.log.statemachine.data.caching.enabled = true (custom)
2022-10-13 11:29:01,002 [pool-387-thread-1] INFO  segmented.SegmentedRaftLogWorker (SegmentedRaftLogWorker.java:lambda$new$0(135)) - 0745b8b8-0e66-4c37-8dad-d9626659dfe4@group-7EFB2D698939-SegmentedRaftLogWorker: flushIndex: setUnconditionally 0 -> -1
2022-10-13 11:29:01,002 [pool-387-thread-1] INFO  segmented.SegmentedRaftLogWorker (SegmentedRaftLogWorker.java:lambda$new$0(135)) - 0745b8b8-0e66-4c37-8dad-d9626659dfe4@group-7EFB2D698939-SegmentedRaftLogWorker: safeCacheEvictIndex: setUnconditionally 0 -> -1
2022-10-13 11:29:01,005 [pool-387-thread-1] INFO  server.RaftServerConfigKeys (ConfUtils.java:logGet(46)) - raft.server.snapshot.auto.trigger.enabled = true (custom)
2022-10-13 11:29:01,005 [pool-387-thread-1] INFO  server.RaftServerConfigKeys (ConfUtils.java:logGet(46)) - raft.server.snapshot.auto.trigger.threshold = 10000 (custom)
2022-10-13 11:29:01,005 [pool-387-thread-1] INFO  server.RaftServerConfigKeys (ConfUtils.java:logGet(46)) - raft.server.snapshot.retention.file.num = 5 (custom)
2022-10-13 11:29:01,007 [pool-387-thread-1] INFO  server.RaftServerConfigKeys (ConfUtils.java:logGet(46)) - raft.server.log.purge.upto.snapshot.index = false (default)
2022-10-13 11:29:01,007 [pool-387-thread-1] INFO  server.RaftServerConfigKeys (ConfUtils.java:logGet(46)) - raft.server.retrycache.expirytime = 600000ms (custom)
2022-10-13 11:29:01,007 [pool-387-thread-1] INFO  server.RaftServerConfigKeys (ConfUtils.java:logGet(46)) - raft.server.retrycache.statistics.expirytime = 100μs (default)
2022-10-13 11:29:01,009 [pool-387-thread-1] INFO  server.RaftServerConfigKeys (ConfUtils.java:logGet(46)) - raft.server.log.appender.install.snapshot.enabled = false (custom)
2022-10-13 11:29:01,009 [pool-387-thread-1] INFO  server.RaftServerConfigKeys (ConfUtils.java:logGet(46)) - raft.server.threadpool.server.cached = true (default)
2022-10-13 11:29:01,009 [pool-387-thread-1] INFO  server.RaftServerConfigKeys (ConfUtils.java:logGet(46)) - raft.server.threadpool.server.size = 0 (default)
2022-10-13 11:29:01,009 [pool-387-thread-1] INFO  server.RaftServerConfigKeys (ConfUtils.java:logGet(46)) - raft.server.threadpool.client.cached = true (default)
2022-10-13 11:29:01,010 [pool-387-thread-1] INFO  server.RaftServerConfigKeys (ConfUtils.java:logGet(46)) - raft.server.threadpool.client.size = 0 (default)
2022-10-13 11:29:01,010 [pool-387-thread-1] INFO  server.RaftServer$Division (RaftServerImpl.java:start(310)) - 0745b8b8-0e66-4c37-8dad-d9626659dfe4@group-7EFB2D698939: start as a follower, conf=-1: [0745b8b8-0e66-4c37-8dad-d9626659dfe4|rpc:10.1.0.139:35951|dataStream:|priority:0, 948c17cc-3e3a-4e0b-bb31-fb01344eff50|rpc:10.1.0.139:46025|dataStream:|priority:0, 907e746a-156d-4134-8703-444bba091feb|rpc:10.1.0.139:45489|dataStream:|priority:1], old=null
2022-10-13 11:29:01,010 [pool-387-thread-1] INFO  server.RaftServer$Division (RaftServerImpl.java:setRole(299)) - 0745b8b8-0e66-4c37-8dad-d9626659dfe4@group-7EFB2D698939: changes role from      null to FOLLOWER at term 0 for startAsFollower
2022-10-13 11:29:01,010 [pool-387-thread-1] INFO  impl.RoleInfo (RoleInfo.java:updateAndGet(139)) - 0745b8b8-0e66-4c37-8dad-d9626659dfe4: start 0745b8b8-0e66-4c37-8dad-d9626659dfe4@group-7EFB2D698939-FollowerState
2022-10-13 11:29:01,010 [pool-387-thread-1] INFO  util.JmxRegister (JmxRegister.java:tryRegister(44)) - Successfully registered JMX Bean with object name Ratis:service=RaftServer,group=group-7EFB2D698939,id=0745b8b8-0e66-4c37-8dad-d9626659dfe4
2022-10-13 11:29:01,030 [grpc-default-executor-0] INFO  server.RaftServer (RaftServerProxy.java:addNew(96)) - 948c17cc-3e3a-4e0b-bb31-fb01344eff50: addNew group-7EFB2D698939:[0745b8b8-0e66-4c37-8dad-d9626659dfe4|rpc:10.1.0.139:35951|dataStream:|priority:0, 948c17cc-3e3a-4e0b-bb31-fb01344eff50|rpc:10.1.0.139:46025|dataStream:|priority:0, 907e746a-156d-4134-8703-444bba091feb|rpc:10.1.0.139:45489|dataStream:|priority:1] returns group-7EFB2D698939:java.util.concurrent.CompletableFuture@71388a58[Not completed]
2022-10-13 11:29:01,031 [pool-410-thread-1] INFO  server.RaftServer$Division (RaftServerImpl.java:<init>(190)) - 948c17cc-3e3a-4e0b-bb31-fb01344eff50: new RaftServerImpl for group-7EFB2D698939:[0745b8b8-0e66-4c37-8dad-d9626659dfe4|rpc:10.1.0.139:35951|dataStream:|priority:0, 948c17cc-3e3a-4e0b-bb31-fb01344eff50|rpc:10.1.0.139:46025|dataStream:|priority:0, 907e746a-156d-4134-8703-444bba091feb|rpc:10.1.0.139:45489|dataStream:|priority:1] with ContainerStateMachine:uninitialized
2022-10-13 11:29:01,031 [pool-410-thread-1] INFO  server.RaftServerConfigKeys (ConfUtils.java:logGet(46)) - raft.server.rpc.timeout.min = 5s (custom)
2022-10-13 11:29:01,031 [pool-410-thread-1] INFO  server.RaftServerConfigKeys (ConfUtils.java:logGet(46)) - raft.server.rpc.timeout.max = 5200ms (custom)
2022-10-13 11:29:01,031 [pool-410-thread-1] INFO  server.RaftServerConfigKeys (ConfUtils.java:logGet(46)) - raft.server.rpc.sleep.time = 25ms (default)
2022-10-13 11:29:01,032 [pool-410-thread-1] INFO  server.RaftServerConfigKeys (ConfUtils.java:logGet(46)) - raft.server.rpc.slowness.timeout = 300s (custom)
2022-10-13 11:29:01,032 [pool-410-thread-1] INFO  server.RaftServerConfigKeys (ConfUtils.java:logGet(46)) - raft.server.leaderelection.leader.step-down.wait-time = 10s (default)
2022-10-13 11:29:01,032 [pool-410-thread-1] INFO  server.RaftServerConfigKeys (ConfUtils.java:logGet(46)) - raft.server.sleep.deviation.threshold = 300ms (default)
2022-10-13 11:29:01,032 [pool-410-thread-1] INFO  server.RaftServer$Division (ServerState.java:<init>(107)) - 948c17cc-3e3a-4e0b-bb31-fb01344eff50@group-7EFB2D698939: ConfigurationManager, init=-1: [0745b8b8-0e66-4c37-8dad-d9626659dfe4|rpc:10.1.0.139:35951|dataStream:|priority:0, 948c17cc-3e3a-4e0b-bb31-fb01344eff50|rpc:10.1.0.139:46025|dataStream:|priority:0, 907e746a-156d-4134-8703-444bba091feb|rpc:10.1.0.139:45489|dataStream:|priority:1], old=null, confs=<EMPTY_MAP>
2022-10-13 11:29:01,032 [pool-410-thread-1] INFO  server.RaftServerConfigKeys (ConfUtils.java:logGet(46)) - raft.server.storage.dir = [/home/runner/work/ozone/ozone/hadoop-ozone/integration-test/target/test-dir/MiniOzoneClusterImpl-19e7b4a3-42bc-4567-acfc-6f1f2d45bde8/datanode-2/data/ratis] (custom)
2022-10-13 11:29:01,032 [pool-410-thread-1] INFO  server.RaftServerConfigKeys (ConfUtils.java:logGet(46)) - raft.server.log.corruption.policy = EXCEPTION (default)
2022-10-13 11:29:01,032 [pool-410-thread-1] INFO  server.RaftServerConfigKeys (ConfUtils.java:logGet(46)) - raft.server.storage.free-space.min = 0MB (=0) (default)
2022-10-13 11:29:01,032 [pool-410-thread-1] INFO  storage.RaftStorageDirectory (RaftStorageDirectoryImpl.java:analyzeStorage(135)) - The storage directory /home/runner/work/ozone/ozone/hadoop-ozone/integration-test/target/test-dir/MiniOzoneClusterImpl-19e7b4a3-42bc-4567-acfc-6f1f2d45bde8/datanode-2/data/ratis/ee1ff788-904b-4bd4-8a3f-7efb2d698939 does not exist. Creating ...
2022-10-13 11:29:01,034 [pool-410-thread-1] INFO  storage.RaftStorageDirectory (RaftStorageDirectoryImpl.java:tryLock(230)) - Lock on /home/runner/work/ozone/ozone/hadoop-ozone/integration-test/target/test-dir/MiniOzoneClusterImpl-19e7b4a3-42bc-4567-acfc-6f1f2d45bde8/datanode-2/data/ratis/ee1ff788-904b-4bd4-8a3f-7efb2d698939/in_use.lock acquired by nodename 2264@fv-az447-90
2022-10-13 11:29:01,035 [pool-410-thread-1] INFO  storage.RaftStorage (RaftStorageImpl.java:format(89)) - Storage directory /home/runner/work/ozone/ozone/hadoop-ozone/integration-test/target/test-dir/MiniOzoneClusterImpl-19e7b4a3-42bc-4567-acfc-6f1f2d45bde8/datanode-2/data/ratis/ee1ff788-904b-4bd4-8a3f-7efb2d698939 has been successfully formatted.
2022-10-13 11:29:01,036 [pool-410-thread-1] INFO  ratis.ContainerStateMachine (ContainerStateMachine.java:loadSnapshot(236)) - group-7EFB2D698939: The snapshot info is null. Setting the last applied indexto:(t:0, i:~)
2022-10-13 11:29:01,037 [pool-410-thread-1] INFO  server.RaftServerConfigKeys (ConfUtils.java:logGet(46)) - raft.server.notification.no-leader.timeout = 300s (custom)
2022-10-13 11:29:01,037 [pool-410-thread-1] INFO  server.RaftServerConfigKeys (ConfUtils.java:logGet(46)) - raft.server.log.use.memory = false (default)
2022-10-13 11:29:01,037 [pool-410-thread-1] INFO  server.RaftServerConfigKeys (ConfUtils.java:logGet(46)) - raft.server.log.purge.gap = 1000000 (custom)
2022-10-13 11:29:01,037 [pool-410-thread-1] INFO  server.RaftServerConfigKeys (ConfUtils.java:logGet(46)) - raft.server.log.appender.buffer.byte-limit = 33554432 (custom)
2022-10-13 11:29:01,037 [pool-410-thread-1] INFO  server.RaftServerConfigKeys (ConfUtils.java:logGet(46)) - raft.server.log.statemachine.data.read.timeout = 1000ms (default)
2022-10-13 11:29:01,038 [pool-410-thread-1] INFO  server.RaftServerConfigKeys (ConfUtils.java:logGet(46)) - raft.server.log.segment.size.max = 1048576 (custom)
2022-10-13 11:29:01,038 [pool-410-thread-1] INFO  server.RaftServerConfigKeys (ConfUtils.java:logGet(46)) - raft.server.log.segment.cache.num.max = 2 (custom)
2022-10-13 11:29:01,038 [pool-410-thread-1] INFO  server.RaftServerConfigKeys (ConfUtils.java:logGet(46)) - raft.server.log.segment.cache.size.max = 200MB (=209715200) (default)
2022-10-13 11:29:01,038 [pool-410-thread-1] INFO  segmented.SegmentedRaftLogWorker (SegmentedRaftLogWorker.java:<init>(187)) - new 948c17cc-3e3a-4e0b-bb31-fb01344eff50@group-7EFB2D698939-SegmentedRaftLogWorker for RaftStorageImpl:Storage Directory /home/runner/work/ozone/ozone/hadoop-ozone/integration-test/target/test-dir/MiniOzoneClusterImpl-19e7b4a3-42bc-4567-acfc-6f1f2d45bde8/datanode-2/data/ratis/ee1ff788-904b-4bd4-8a3f-7efb2d698939
2022-10-13 11:29:01,038 [pool-410-thread-1] INFO  server.RaftServerConfigKeys (ConfUtils.java:logGet(46)) - raft.server.log.queue.byte-limit = 4294967296 (custom)
2022-10-13 11:29:01,038 [pool-410-thread-1] INFO  server.RaftServerConfigKeys (ConfUtils.java:logGet(46)) - raft.server.log.queue.element-limit = 1024 (custom)
2022-10-13 11:29:01,038 [pool-410-thread-1] INFO  server.RaftServerConfigKeys (ConfUtils.java:logGet(46)) - raft.server.log.segment.size.max = 1048576 (custom)
2022-10-13 11:29:01,039 [pool-410-thread-1] INFO  server.RaftServerConfigKeys (ConfUtils.java:logGet(46)) - raft.server.log.preallocated.size = 16384 (custom)
2022-10-13 11:29:01,039 [pool-410-thread-1] INFO  server.RaftServerConfigKeys (ConfUtils.java:logGet(46)) - raft.server.log.force.sync.num = 128 (default)
2022-10-13 11:29:01,039 [pool-410-thread-1] INFO  server.RaftServerConfigKeys (ConfUtils.java:logGet(46)) - raft.server.log.statemachine.data.sync = true (default)
2022-10-13 11:29:01,039 [pool-410-thread-1] INFO  server.RaftServerConfigKeys (ConfUtils.java:logGet(46)) - raft.server.log.statemachine.data.sync.timeout = 10s (default)
2022-10-13 11:29:01,039 [pool-410-thread-1] INFO  server.RaftServerConfigKeys (ConfUtils.java:logGet(46)) - raft.server.log.statemachine.data.sync.timeout.retry = -1 (default)
2022-10-13 11:29:01,040 [pool-410-thread-1] INFO  server.RaftServerConfigKeys (ConfUtils.java:logGet(46)) - raft.server.log.write.buffer.size = 1048576 (custom)
2022-10-13 11:29:01,040 [pool-410-thread-1] INFO  server.RaftServerConfigKeys (ConfUtils.java:logGet(46)) - raft.server.log.unsafe-flush.enabled = false (default)
2022-10-13 11:29:01,040 [pool-410-thread-1] INFO  server.RaftServerConfigKeys (ConfUtils.java:logGet(46)) - raft.server.log.statemachine.data.caching.enabled = true (custom)
2022-10-13 11:29:01,040 [pool-410-thread-1] INFO  segmented.SegmentedRaftLogWorker (SegmentedRaftLogWorker.java:lambda$new$0(135)) - 948c17cc-3e3a-4e0b-bb31-fb01344eff50@group-7EFB2D698939-SegmentedRaftLogWorker: flushIndex: setUnconditionally 0 -> -1
2022-10-13 11:29:01,040 [pool-410-thread-1] INFO  segmented.SegmentedRaftLogWorker (SegmentedRaftLogWorker.java:lambda$new$0(135)) - 948c17cc-3e3a-4e0b-bb31-fb01344eff50@group-7EFB2D698939-SegmentedRaftLogWorker: safeCacheEvictIndex: setUnconditionally 0 -> -1
2022-10-13 11:29:01,040 [pool-410-thread-1] INFO  server.RaftServerConfigKeys (ConfUtils.java:logGet(46)) - raft.server.snapshot.auto.trigger.enabled = true (custom)
2022-10-13 11:29:01,041 [pool-410-thread-1] INFO  server.RaftServerConfigKeys (ConfUtils.java:logGet(46)) - raft.server.snapshot.auto.trigger.threshold = 10000 (custom)
2022-10-13 11:29:01,041 [pool-410-thread-1] INFO  server.RaftServerConfigKeys (ConfUtils.java:logGet(46)) - raft.server.snapshot.retention.file.num = 5 (custom)
2022-10-13 11:29:01,041 [pool-410-thread-1] INFO  server.RaftServerConfigKeys (ConfUtils.java:logGet(46)) - raft.server.log.purge.upto.snapshot.index = false (default)
2022-10-13 11:29:01,041 [pool-410-thread-1] INFO  server.RaftServerConfigKeys (ConfUtils.java:logGet(46)) - raft.server.retrycache.expirytime = 600000ms (custom)
2022-10-13 11:29:01,041 [pool-410-thread-1] INFO  server.RaftServerConfigKeys (ConfUtils.java:logGet(46)) - raft.server.retrycache.statistics.expirytime = 100μs (default)
2022-10-13 11:29:01,042 [pool-410-thread-1] INFO  server.RaftServerConfigKeys (ConfUtils.java:logGet(46)) - raft.server.log.appender.install.snapshot.enabled = false (custom)
2022-10-13 11:29:01,042 [pool-410-thread-1] INFO  server.RaftServerConfigKeys (ConfUtils.java:logGet(46)) - raft.server.threadpool.server.cached = true (default)
2022-10-13 11:29:01,043 [pool-410-thread-1] INFO  server.RaftServerConfigKeys (ConfUtils.java:logGet(46)) - raft.server.threadpool.server.size = 0 (default)
2022-10-13 11:29:01,043 [pool-410-thread-1] INFO  server.RaftServerConfigKeys (ConfUtils.java:logGet(46)) - raft.server.threadpool.client.cached = true (default)
2022-10-13 11:29:01,043 [pool-410-thread-1] INFO  server.RaftServerConfigKeys (ConfUtils.java:logGet(46)) - raft.server.threadpool.client.size = 0 (default)
2022-10-13 11:29:01,043 [pool-410-thread-1] INFO  server.RaftServer$Division (RaftServerImpl.java:start(310)) - 948c17cc-3e3a-4e0b-bb31-fb01344eff50@group-7EFB2D698939: start as a follower, conf=-1: [0745b8b8-0e66-4c37-8dad-d9626659dfe4|rpc:10.1.0.139:35951|dataStream:|priority:0, 948c17cc-3e3a-4e0b-bb31-fb01344eff50|rpc:10.1.0.139:46025|dataStream:|priority:0, 907e746a-156d-4134-8703-444bba091feb|rpc:10.1.0.139:45489|dataStream:|priority:1], old=null
2022-10-13 11:29:01,043 [pool-410-thread-1] INFO  server.RaftServer$Division (RaftServerImpl.java:setRole(299)) - 948c17cc-3e3a-4e0b-bb31-fb01344eff50@group-7EFB2D698939: changes role from      null to FOLLOWER at term 0 for startAsFollower
2022-10-13 11:29:01,043 [pool-410-thread-1] INFO  impl.RoleInfo (RoleInfo.java:updateAndGet(139)) - 948c17cc-3e3a-4e0b-bb31-fb01344eff50: start 948c17cc-3e3a-4e0b-bb31-fb01344eff50@group-7EFB2D698939-FollowerState
2022-10-13 11:29:01,045 [pool-410-thread-1] INFO  util.JmxRegister (JmxRegister.java:tryRegister(44)) - Successfully registered JMX Bean with object name Ratis:service=RaftServer,group=group-7EFB2D698939,id=948c17cc-3e3a-4e0b-bb31-fb01344eff50
2022-10-13 11:29:01,055 [Command processor thread] INFO  commandhandler.CreatePipelineCommandHandler (CreatePipelineCommandHandler.java:handle(113)) - Created Pipeline RATIS THREE PipelineID=ee1ff788-904b-4bd4-8a3f-7efb2d698939.
2022-10-13 11:29:01,055 [Command processor thread] INFO  server.RaftServer (RaftServerProxy.java:addNew(96)) - 907e746a-156d-4134-8703-444bba091feb: addNew group-C56C2CD1FE7D:[0745b8b8-0e66-4c37-8dad-d9626659dfe4|rpc:10.1.0.139:35951|priority:1, 948c17cc-3e3a-4e0b-bb31-fb01344eff50|rpc:10.1.0.139:46025|priority:0, 907e746a-156d-4134-8703-444bba091feb|rpc:10.1.0.139:45489|priority:0] returns group-C56C2CD1FE7D:java.util.concurrent.CompletableFuture@24183e81[Not completed]
2022-10-13 11:29:01,056 [pool-364-thread-1] INFO  server.RaftServer$Division (RaftServerImpl.java:<init>(190)) - 907e746a-156d-4134-8703-444bba091feb: new RaftServerImpl for group-C56C2CD1FE7D:[0745b8b8-0e66-4c37-8dad-d9626659dfe4|rpc:10.1.0.139:35951|priority:1, 948c17cc-3e3a-4e0b-bb31-fb01344eff50|rpc:10.1.0.139:46025|priority:0, 907e746a-156d-4134-8703-444bba091feb|rpc:10.1.0.139:45489|priority:0] with ContainerStateMachine:uninitialized
2022-10-13 11:29:01,056 [pool-364-thread-1] INFO  server.RaftServerConfigKeys (ConfUtils.java:logGet(46)) - raft.server.rpc.timeout.min = 5s (custom)
2022-10-13 11:29:01,056 [pool-364-thread-1] INFO  server.RaftServerConfigKeys (ConfUtils.java:logGet(46)) - raft.server.rpc.timeout.max = 5200ms (custom)
2022-10-13 11:29:01,056 [pool-364-thread-1] INFO  server.RaftServerConfigKeys (ConfUtils.java:logGet(46)) - raft.server.rpc.sleep.time = 25ms (default)
2022-10-13 11:29:01,056 [pool-364-thread-1] INFO  server.RaftServerConfigKeys (ConfUtils.java:logGet(46)) - raft.server.rpc.slowness.timeout = 300s (custom)
2022-10-13 11:29:01,056 [pool-364-thread-1] INFO  server.RaftServerConfigKeys (ConfUtils.java:logGet(46)) - raft.server.leaderelection.leader.step-down.wait-time = 10s (default)
2022-10-13 11:29:01,056 [pool-364-thread-1] INFO  server.RaftServerConfigKeys (ConfUtils.java:logGet(46)) - raft.server.sleep.deviation.threshold = 300ms (default)
2022-10-13 11:29:01,057 [pool-364-thread-1] INFO  server.RaftServer$Division (ServerState.java:<init>(107)) - 907e746a-156d-4134-8703-444bba091feb@group-C56C2CD1FE7D: ConfigurationManager, init=-1: [0745b8b8-0e66-4c37-8dad-d9626659dfe4|rpc:10.1.0.139:35951|priority:1, 948c17cc-3e3a-4e0b-bb31-fb01344eff50|rpc:10.1.0.139:46025|priority:0, 907e746a-156d-4134-8703-444bba091feb|rpc:10.1.0.139:45489|priority:0], old=null, confs=<EMPTY_MAP>
2022-10-13 11:29:01,057 [pool-364-thread-1] INFO  server.RaftServerConfigKeys (ConfUtils.java:logGet(46)) - raft.server.storage.dir = [/home/runner/work/ozone/ozone/hadoop-ozone/integration-test/target/test-dir/MiniOzoneClusterImpl-19e7b4a3-42bc-4567-acfc-6f1f2d45bde8/datanode-0/data/ratis] (custom)
2022-10-13 11:29:01,057 [pool-364-thread-1] INFO  server.RaftServerConfigKeys (ConfUtils.java:logGet(46)) - raft.server.log.corruption.policy = EXCEPTION (default)
2022-10-13 11:29:01,057 [pool-364-thread-1] INFO  server.RaftServerConfigKeys (ConfUtils.java:logGet(46)) - raft.server.storage.free-space.min = 0MB (=0) (default)
2022-10-13 11:29:01,057 [pool-364-thread-1] INFO  storage.RaftStorageDirectory (RaftStorageDirectoryImpl.java:analyzeStorage(135)) - The storage directory /home/runner/work/ozone/ozone/hadoop-ozone/integration-test/target/test-dir/MiniOzoneClusterImpl-19e7b4a3-42bc-4567-acfc-6f1f2d45bde8/datanode-0/data/ratis/524dc246-440b-4663-83a5-c56c2cd1fe7d does not exist. Creating ...
2022-10-13 11:29:01,058 [pool-364-thread-1] INFO  storage.RaftStorageDirectory (RaftStorageDirectoryImpl.java:tryLock(230)) - Lock on /home/runner/work/ozone/ozone/hadoop-ozone/integration-test/target/test-dir/MiniOzoneClusterImpl-19e7b4a3-42bc-4567-acfc-6f1f2d45bde8/datanode-0/data/ratis/524dc246-440b-4663-83a5-c56c2cd1fe7d/in_use.lock acquired by nodename 2264@fv-az447-90
2022-10-13 11:29:01,060 [pool-364-thread-1] INFO  storage.RaftStorage (RaftStorageImpl.java:format(89)) - Storage directory /home/runner/work/ozone/ozone/hadoop-ozone/integration-test/target/test-dir/MiniOzoneClusterImpl-19e7b4a3-42bc-4567-acfc-6f1f2d45bde8/datanode-0/data/ratis/524dc246-440b-4663-83a5-c56c2cd1fe7d has been successfully formatted.
2022-10-13 11:29:01,060 [pool-364-thread-1] INFO  ratis.ContainerStateMachine (ContainerStateMachine.java:loadSnapshot(236)) - group-C56C2CD1FE7D: The snapshot info is null. Setting the last applied indexto:(t:0, i:~)
2022-10-13 11:29:01,064 [pool-364-thread-1] INFO  server.RaftServerConfigKeys (ConfUtils.java:logGet(46)) - raft.server.notification.no-leader.timeout = 300s (custom)
2022-10-13 11:29:01,063 [EventQueue-OpenPipelineForHealthyPipelineSafeModeRule] INFO  safemode.SCMSafeModeManager (HealthyPipelineSafeModeRule.java:process(137)) - SCM in safe mode. Healthy pipelines reported count is 0, required healthy pipeline reported count is 1
2022-10-13 11:29:01,064 [pool-364-thread-1] INFO  server.RaftServerConfigKeys (ConfUtils.java:logGet(46)) - raft.server.log.use.memory = false (default)
2022-10-13 11:29:01,064 [pool-364-thread-1] INFO  server.RaftServerConfigKeys (ConfUtils.java:logGet(46)) - raft.server.log.purge.gap = 1000000 (custom)
2022-10-13 11:29:01,064 [pool-364-thread-1] INFO  server.RaftServerConfigKeys (ConfUtils.java:logGet(46)) - raft.server.log.appender.buffer.byte-limit = 33554432 (custom)
2022-10-13 11:29:01,064 [pool-364-thread-1] INFO  server.RaftServerConfigKeys (ConfUtils.java:logGet(46)) - raft.server.log.statemachine.data.read.timeout = 1000ms (default)
2022-10-13 11:29:01,064 [pool-364-thread-1] INFO  server.RaftServerConfigKeys (ConfUtils.java:logGet(46)) - raft.server.log.segment.size.max = 1048576 (custom)
2022-10-13 11:29:01,065 [pool-364-thread-1] INFO  server.RaftServerConfigKeys (ConfUtils.java:logGet(46)) - raft.server.log.segment.cache.num.max = 2 (custom)
2022-10-13 11:29:01,065 [pool-364-thread-1] INFO  server.RaftServerConfigKeys (ConfUtils.java:logGet(46)) - raft.server.log.segment.cache.size.max = 200MB (=209715200) (default)
2022-10-13 11:29:01,065 [pool-364-thread-1] INFO  segmented.SegmentedRaftLogWorker (SegmentedRaftLogWorker.java:<init>(187)) - new 907e746a-156d-4134-8703-444bba091feb@group-C56C2CD1FE7D-SegmentedRaftLogWorker for RaftStorageImpl:Storage Directory /home/runner/work/ozone/ozone/hadoop-ozone/integration-test/target/test-dir/MiniOzoneClusterImpl-19e7b4a3-42bc-4567-acfc-6f1f2d45bde8/datanode-0/data/ratis/524dc246-440b-4663-83a5-c56c2cd1fe7d
2022-10-13 11:29:01,065 [pool-364-thread-1] INFO  server.RaftServerConfigKeys (ConfUtils.java:logGet(46)) - raft.server.log.queue.byte-limit = 4294967296 (custom)
2022-10-13 11:29:01,065 [pool-364-thread-1] INFO  server.RaftServerConfigKeys (ConfUtils.java:logGet(46)) - raft.server.log.queue.element-limit = 1024 (custom)
2022-10-13 11:29:01,065 [pool-364-thread-1] INFO  server.RaftServerConfigKeys (ConfUtils.java:logGet(46)) - raft.server.log.segment.size.max = 1048576 (custom)
2022-10-13 11:29:01,065 [pool-364-thread-1] INFO  server.RaftServerConfigKeys (ConfUtils.java:logGet(46)) - raft.server.log.preallocated.size = 16384 (custom)
2022-10-13 11:29:01,065 [pool-364-thread-1] INFO  server.RaftServerConfigKeys (ConfUtils.java:logGet(46)) - raft.server.log.force.sync.num = 128 (default)
2022-10-13 11:29:01,065 [pool-364-thread-1] INFO  server.RaftServerConfigKeys (ConfUtils.java:logGet(46)) - raft.server.log.statemachine.data.sync = true (default)
2022-10-13 11:29:01,065 [pool-364-thread-1] INFO  server.RaftServerConfigKeys (ConfUtils.java:logGet(46)) - raft.server.log.statemachine.data.sync.timeout = 10s (default)
2022-10-13 11:29:01,065 [pool-364-thread-1] INFO  server.RaftServerConfigKeys (ConfUtils.java:logGet(46)) - raft.server.log.statemachine.data.sync.timeout.retry = -1 (default)
2022-10-13 11:29:01,066 [pool-364-thread-1] INFO  server.RaftServerConfigKeys (ConfUtils.java:logGet(46)) - raft.server.log.write.buffer.size = 1048576 (custom)
2022-10-13 11:29:01,067 [pool-364-thread-1] INFO  server.RaftServerConfigKeys (ConfUtils.java:logGet(46)) - raft.server.log.unsafe-flush.enabled = false (default)
2022-10-13 11:29:01,067 [pool-364-thread-1] INFO  server.RaftServerConfigKeys (ConfUtils.java:logGet(46)) - raft.server.log.statemachine.data.caching.enabled = true (custom)
2022-10-13 11:29:01,067 [pool-364-thread-1] INFO  segmented.SegmentedRaftLogWorker (SegmentedRaftLogWorker.java:lambda$new$0(135)) - 907e746a-156d-4134-8703-444bba091feb@group-C56C2CD1FE7D-SegmentedRaftLogWorker: flushIndex: setUnconditionally 0 -> -1
2022-10-13 11:29:01,067 [pool-364-thread-1] INFO  segmented.SegmentedRaftLogWorker (SegmentedRaftLogWorker.java:lambda$new$0(135)) - 907e746a-156d-4134-8703-444bba091feb@group-C56C2CD1FE7D-SegmentedRaftLogWorker: safeCacheEvictIndex: setUnconditionally 0 -> -1
2022-10-13 11:29:01,067 [pool-364-thread-1] INFO  server.RaftServerConfigKeys (ConfUtils.java:logGet(46)) - raft.server.snapshot.auto.trigger.enabled = true (custom)
2022-10-13 11:29:01,067 [pool-364-thread-1] INFO  server.RaftServerConfigKeys (ConfUtils.java:logGet(46)) - raft.server.snapshot.auto.trigger.threshold = 10000 (custom)
2022-10-13 11:29:01,067 [pool-364-thread-1] INFO  server.RaftServerConfigKeys (ConfUtils.java:logGet(46)) - raft.server.snapshot.retention.file.num = 5 (custom)
2022-10-13 11:29:01,067 [pool-364-thread-1] INFO  server.RaftServerConfigKeys (ConfUtils.java:logGet(46)) - raft.server.log.purge.upto.snapshot.index = false (default)
2022-10-13 11:29:01,067 [pool-364-thread-1] INFO  server.RaftServerConfigKeys (ConfUtils.java:logGet(46)) - raft.server.retrycache.expirytime = 600000ms (custom)
2022-10-13 11:29:01,068 [pool-364-thread-1] INFO  server.RaftServerConfigKeys (ConfUtils.java:logGet(46)) - raft.server.retrycache.statistics.expirytime = 100μs (default)
2022-10-13 11:29:01,069 [pool-364-thread-1] INFO  server.RaftServerConfigKeys (ConfUtils.java:logGet(46)) - raft.server.log.appender.install.snapshot.enabled = false (custom)
2022-10-13 11:29:01,069 [pool-364-thread-1] INFO  server.RaftServerConfigKeys (ConfUtils.java:logGet(46)) - raft.server.threadpool.server.cached = true (default)
2022-10-13 11:29:01,069 [pool-364-thread-1] INFO  server.RaftServerConfigKeys (ConfUtils.java:logGet(46)) - raft.server.threadpool.server.size = 0 (default)
2022-10-13 11:29:01,069 [pool-364-thread-1] INFO  server.RaftServerConfigKeys (ConfUtils.java:logGet(46)) - raft.server.threadpool.client.cached = true (default)
2022-10-13 11:29:01,069 [pool-364-thread-1] INFO  server.RaftServerConfigKeys (ConfUtils.java:logGet(46)) - raft.server.threadpool.client.size = 0 (default)
2022-10-13 11:29:01,069 [pool-364-thread-1] INFO  server.RaftServer$Division (RaftServerImpl.java:start(310)) - 907e746a-156d-4134-8703-444bba091feb@group-C56C2CD1FE7D: start as a follower, conf=-1: [0745b8b8-0e66-4c37-8dad-d9626659dfe4|rpc:10.1.0.139:35951|priority:1, 948c17cc-3e3a-4e0b-bb31-fb01344eff50|rpc:10.1.0.139:46025|priority:0, 907e746a-156d-4134-8703-444bba091feb|rpc:10.1.0.139:45489|priority:0], old=null
2022-10-13 11:29:01,069 [pool-364-thread-1] INFO  server.RaftServer$Division (RaftServerImpl.java:setRole(299)) - 907e746a-156d-4134-8703-444bba091feb@group-C56C2CD1FE7D: changes role from      null to FOLLOWER at term 0 for startAsFollower
2022-10-13 11:29:01,069 [pool-364-thread-1] INFO  impl.RoleInfo (RoleInfo.java:updateAndGet(139)) - 907e746a-156d-4134-8703-444bba091feb: start 907e746a-156d-4134-8703-444bba091feb@group-C56C2CD1FE7D-FollowerState
2022-10-13 11:29:01,073 [pool-364-thread-1] INFO  util.JmxRegister (JmxRegister.java:tryRegister(44)) - Successfully registered JMX Bean with object name Ratis:service=RaftServer,group=group-C56C2CD1FE7D,id=907e746a-156d-4134-8703-444bba091feb
2022-10-13 11:29:01,074 [Command processor thread] INFO  ratis.XceiverServerRatis (XceiverServerRatis.java:addGroup(765)) - Created group PipelineID=524dc246-440b-4663-83a5-c56c2cd1fe7d
2022-10-13 11:29:01,083 [grpc-default-executor-0] INFO  server.RaftServer (RaftServerProxy.java:addNew(96)) - 948c17cc-3e3a-4e0b-bb31-fb01344eff50: addNew group-C56C2CD1FE7D:[0745b8b8-0e66-4c37-8dad-d9626659dfe4|rpc:10.1.0.139:35951|dataStream:|priority:1, 948c17cc-3e3a-4e0b-bb31-fb01344eff50|rpc:10.1.0.139:46025|dataStream:|priority:0, 907e746a-156d-4134-8703-444bba091feb|rpc:10.1.0.139:45489|dataStream:|priority:0] returns group-C56C2CD1FE7D:java.util.concurrent.CompletableFuture@7cd7f5bd[Not completed]
2022-10-13 11:29:01,084 [pool-410-thread-1] INFO  server.RaftServer$Division (RaftServerImpl.java:<init>(190)) - 948c17cc-3e3a-4e0b-bb31-fb01344eff50: new RaftServerImpl for group-C56C2CD1FE7D:[0745b8b8-0e66-4c37-8dad-d9626659dfe4|rpc:10.1.0.139:35951|dataStream:|priority:1, 948c17cc-3e3a-4e0b-bb31-fb01344eff50|rpc:10.1.0.139:46025|dataStream:|priority:0, 907e746a-156d-4134-8703-444bba091feb|rpc:10.1.0.139:45489|dataStream:|priority:0] with ContainerStateMachine:uninitialized
2022-10-13 11:29:01,084 [pool-410-thread-1] INFO  server.RaftServerConfigKeys (ConfUtils.java:logGet(46)) - raft.server.rpc.timeout.min = 5s (custom)
2022-10-13 11:29:01,084 [pool-410-thread-1] INFO  server.RaftServerConfigKeys (ConfUtils.java:logGet(46)) - raft.server.rpc.timeout.max = 5200ms (custom)
2022-10-13 11:29:01,084 [pool-410-thread-1] INFO  server.RaftServerConfigKeys (ConfUtils.java:logGet(46)) - raft.server.rpc.sleep.time = 25ms (default)
2022-10-13 11:29:01,084 [pool-410-thread-1] INFO  server.RaftServerConfigKeys (ConfUtils.java:logGet(46)) - raft.server.rpc.slowness.timeout = 300s (custom)
2022-10-13 11:29:01,084 [pool-410-thread-1] INFO  server.RaftServerConfigKeys (ConfUtils.java:logGet(46)) - raft.server.leaderelection.leader.step-down.wait-time = 10s (default)
2022-10-13 11:29:01,085 [pool-410-thread-1] INFO  server.RaftServerConfigKeys (ConfUtils.java:logGet(46)) - raft.server.sleep.deviation.threshold = 300ms (default)
2022-10-13 11:29:01,085 [pool-410-thread-1] INFO  server.RaftServer$Division (ServerState.java:<init>(107)) - 948c17cc-3e3a-4e0b-bb31-fb01344eff50@group-C56C2CD1FE7D: ConfigurationManager, init=-1: [0745b8b8-0e66-4c37-8dad-d9626659dfe4|rpc:10.1.0.139:35951|dataStream:|priority:1, 948c17cc-3e3a-4e0b-bb31-fb01344eff50|rpc:10.1.0.139:46025|dataStream:|priority:0, 907e746a-156d-4134-8703-444bba091feb|rpc:10.1.0.139:45489|dataStream:|priority:0], old=null, confs=<EMPTY_MAP>
2022-10-13 11:29:01,085 [pool-410-thread-1] INFO  server.RaftServerConfigKeys (ConfUtils.java:logGet(46)) - raft.server.storage.dir = [/home/runner/work/ozone/ozone/hadoop-ozone/integration-test/target/test-dir/MiniOzoneClusterImpl-19e7b4a3-42bc-4567-acfc-6f1f2d45bde8/datanode-2/data/ratis] (custom)
2022-10-13 11:29:01,085 [pool-410-thread-1] INFO  server.RaftServerConfigKeys (ConfUtils.java:logGet(46)) - raft.server.log.corruption.policy = EXCEPTION (default)
2022-10-13 11:29:01,085 [pool-410-thread-1] INFO  server.RaftServerConfigKeys (ConfUtils.java:logGet(46)) - raft.server.storage.free-space.min = 0MB (=0) (default)
2022-10-13 11:29:01,085 [pool-410-thread-1] INFO  storage.RaftStorageDirectory (RaftStorageDirectoryImpl.java:analyzeStorage(135)) - The storage directory /home/runner/work/ozone/ozone/hadoop-ozone/integration-test/target/test-dir/MiniOzoneClusterImpl-19e7b4a3-42bc-4567-acfc-6f1f2d45bde8/datanode-2/data/ratis/524dc246-440b-4663-83a5-c56c2cd1fe7d does not exist. Creating ...
2022-10-13 11:29:01,088 [pool-410-thread-1] INFO  storage.RaftStorageDirectory (RaftStorageDirectoryImpl.java:tryLock(230)) - Lock on /home/runner/work/ozone/ozone/hadoop-ozone/integration-test/target/test-dir/MiniOzoneClusterImpl-19e7b4a3-42bc-4567-acfc-6f1f2d45bde8/datanode-2/data/ratis/524dc246-440b-4663-83a5-c56c2cd1fe7d/in_use.lock acquired by nodename 2264@fv-az447-90
2022-10-13 11:29:01,090 [pool-410-thread-1] INFO  storage.RaftStorage (RaftStorageImpl.java:format(89)) - Storage directory /home/runner/work/ozone/ozone/hadoop-ozone/integration-test/target/test-dir/MiniOzoneClusterImpl-19e7b4a3-42bc-4567-acfc-6f1f2d45bde8/datanode-2/data/ratis/524dc246-440b-4663-83a5-c56c2cd1fe7d has been successfully formatted.
2022-10-13 11:29:01,090 [pool-410-thread-1] INFO  ratis.ContainerStateMachine (ContainerStateMachine.java:loadSnapshot(236)) - group-C56C2CD1FE7D: The snapshot info is null. Setting the last applied indexto:(t:0, i:~)
2022-10-13 11:29:01,090 [pool-410-thread-1] INFO  server.RaftServerConfigKeys (ConfUtils.java:logGet(46)) - raft.server.notification.no-leader.timeout = 300s (custom)
2022-10-13 11:29:01,090 [pool-410-thread-1] INFO  server.RaftServerConfigKeys (ConfUtils.java:logGet(46)) - raft.server.log.use.memory = false (default)
2022-10-13 11:29:01,090 [pool-410-thread-1] INFO  server.RaftServerConfigKeys (ConfUtils.java:logGet(46)) - raft.server.log.purge.gap = 1000000 (custom)
2022-10-13 11:29:01,090 [pool-410-thread-1] INFO  server.RaftServerConfigKeys (ConfUtils.java:logGet(46)) - raft.server.log.appender.buffer.byte-limit = 33554432 (custom)
2022-10-13 11:29:01,090 [pool-410-thread-1] INFO  server.RaftServerConfigKeys (ConfUtils.java:logGet(46)) - raft.server.log.statemachine.data.read.timeout = 1000ms (default)
2022-10-13 11:29:01,090 [pool-410-thread-1] INFO  server.RaftServerConfigKeys (ConfUtils.java:logGet(46)) - raft.server.log.segment.size.max = 1048576 (custom)
2022-10-13 11:29:01,091 [pool-410-thread-1] INFO  server.RaftServerConfigKeys (ConfUtils.java:logGet(46)) - raft.server.log.segment.cache.num.max = 2 (custom)
2022-10-13 11:29:01,091 [pool-410-thread-1] INFO  server.RaftServerConfigKeys (ConfUtils.java:logGet(46)) - raft.server.log.segment.cache.size.max = 200MB (=209715200) (default)
2022-10-13 11:29:01,091 [pool-410-thread-1] INFO  segmented.SegmentedRaftLogWorker (SegmentedRaftLogWorker.java:<init>(187)) - new 948c17cc-3e3a-4e0b-bb31-fb01344eff50@group-C56C2CD1FE7D-SegmentedRaftLogWorker for RaftStorageImpl:Storage Directory /home/runner/work/ozone/ozone/hadoop-ozone/integration-test/target/test-dir/MiniOzoneClusterImpl-19e7b4a3-42bc-4567-acfc-6f1f2d45bde8/datanode-2/data/ratis/524dc246-440b-4663-83a5-c56c2cd1fe7d
2022-10-13 11:29:01,091 [pool-410-thread-1] INFO  server.RaftServerConfigKeys (ConfUtils.java:logGet(46)) - raft.server.log.queue.byte-limit = 4294967296 (custom)
2022-10-13 11:29:01,091 [pool-410-thread-1] INFO  server.RaftServerConfigKeys (ConfUtils.java:logGet(46)) - raft.server.log.queue.element-limit = 1024 (custom)
2022-10-13 11:29:01,091 [pool-410-thread-1] INFO  server.RaftServerConfigKeys (ConfUtils.java:logGet(46)) - raft.server.log.segment.size.max = 1048576 (custom)
2022-10-13 11:29:01,091 [pool-410-thread-1] INFO  server.RaftServerConfigKeys (ConfUtils.java:logGet(46)) - raft.server.log.preallocated.size = 16384 (custom)
2022-10-13 11:29:01,091 [pool-410-thread-1] INFO  server.RaftServerConfigKeys (ConfUtils.java:logGet(46)) - raft.server.log.force.sync.num = 128 (default)
2022-10-13 11:29:01,091 [pool-410-thread-1] INFO  server.RaftServerConfigKeys (ConfUtils.java:logGet(46)) - raft.server.log.statemachine.data.sync = true (default)
2022-10-13 11:29:01,091 [pool-410-thread-1] INFO  server.RaftServerConfigKeys (ConfUtils.java:logGet(46)) - raft.server.log.statemachine.data.sync.timeout = 10s (default)
2022-10-13 11:29:01,091 [pool-410-thread-1] INFO  server.RaftServerConfigKeys (ConfUtils.java:logGet(46)) - raft.server.log.statemachine.data.sync.timeout.retry = -1 (default)
2022-10-13 11:29:01,092 [pool-410-thread-1] INFO  server.RaftServerConfigKeys (ConfUtils.java:logGet(46)) - raft.server.log.write.buffer.size = 1048576 (custom)
2022-10-13 11:29:01,092 [pool-410-thread-1] INFO  server.RaftServerConfigKeys (ConfUtils.java:logGet(46)) - raft.server.log.unsafe-flush.enabled = false (default)
2022-10-13 11:29:01,092 [pool-410-thread-1] INFO  server.RaftServerConfigKeys (ConfUtils.java:logGet(46)) - raft.server.log.statemachine.data.caching.enabled = true (custom)
2022-10-13 11:29:01,093 [pool-410-thread-1] INFO  segmented.SegmentedRaftLogWorker (SegmentedRaftLogWorker.java:lambda$new$0(135)) - 948c17cc-3e3a-4e0b-bb31-fb01344eff50@group-C56C2CD1FE7D-SegmentedRaftLogWorker: flushIndex: setUnconditionally 0 -> -1
2022-10-13 11:29:01,093 [pool-410-thread-1] INFO  segmented.SegmentedRaftLogWorker (SegmentedRaftLogWorker.java:lambda$new$0(135)) - 948c17cc-3e3a-4e0b-bb31-fb01344eff50@group-C56C2CD1FE7D-SegmentedRaftLogWorker: safeCacheEvictIndex: setUnconditionally 0 -> -1
2022-10-13 11:29:01,096 [pool-410-thread-1] INFO  server.RaftServerConfigKeys (ConfUtils.java:logGet(46)) - raft.server.snapshot.auto.trigger.enabled = true (custom)
2022-10-13 11:29:01,096 [pool-410-thread-1] INFO  server.RaftServerConfigKeys (ConfUtils.java:logGet(46)) - raft.server.snapshot.auto.trigger.threshold = 10000 (custom)
2022-10-13 11:29:01,096 [pool-410-thread-1] INFO  server.RaftServerConfigKeys (ConfUtils.java:logGet(46)) - raft.server.snapshot.retention.file.num = 5 (custom)
2022-10-13 11:29:01,097 [pool-410-thread-1] INFO  server.RaftServerConfigKeys (ConfUtils.java:logGet(46)) - raft.server.log.purge.upto.snapshot.index = false (default)
2022-10-13 11:29:01,097 [pool-410-thread-1] INFO  server.RaftServerConfigKeys (ConfUtils.java:logGet(46)) - raft.server.retrycache.expirytime = 600000ms (custom)
2022-10-13 11:29:01,097 [pool-410-thread-1] INFO  server.RaftServerConfigKeys (ConfUtils.java:logGet(46)) - raft.server.retrycache.statistics.expirytime = 100μs (default)
2022-10-13 11:29:01,098 [pool-410-thread-1] INFO  server.RaftServerConfigKeys (ConfUtils.java:logGet(46)) - raft.server.log.appender.install.snapshot.enabled = false (custom)
2022-10-13 11:29:01,098 [pool-410-thread-1] INFO  server.RaftServerConfigKeys (ConfUtils.java:logGet(46)) - raft.server.threadpool.server.cached = true (default)
2022-10-13 11:29:01,098 [pool-410-thread-1] INFO  server.RaftServerConfigKeys (ConfUtils.java:logGet(46)) - raft.server.threadpool.server.size = 0 (default)
2022-10-13 11:29:01,098 [pool-410-thread-1] INFO  server.RaftServerConfigKeys (ConfUtils.java:logGet(46)) - raft.server.threadpool.client.cached = true (default)
2022-10-13 11:29:01,098 [pool-410-thread-1] INFO  server.RaftServerConfigKeys (ConfUtils.java:logGet(46)) - raft.server.threadpool.client.size = 0 (default)
2022-10-13 11:29:01,098 [pool-410-thread-1] INFO  server.RaftServer$Division (RaftServerImpl.java:start(310)) - 948c17cc-3e3a-4e0b-bb31-fb01344eff50@group-C56C2CD1FE7D: start as a follower, conf=-1: [0745b8b8-0e66-4c37-8dad-d9626659dfe4|rpc:10.1.0.139:35951|dataStream:|priority:1, 948c17cc-3e3a-4e0b-bb31-fb01344eff50|rpc:10.1.0.139:46025|dataStream:|priority:0, 907e746a-156d-4134-8703-444bba091feb|rpc:10.1.0.139:45489|dataStream:|priority:0], old=null
2022-10-13 11:29:01,098 [pool-410-thread-1] INFO  server.RaftServer$Division (RaftServerImpl.java:setRole(299)) - 948c17cc-3e3a-4e0b-bb31-fb01344eff50@group-C56C2CD1FE7D: changes role from      null to FOLLOWER at term 0 for startAsFollower
2022-10-13 11:29:01,098 [pool-410-thread-1] INFO  impl.RoleInfo (RoleInfo.java:updateAndGet(139)) - 948c17cc-3e3a-4e0b-bb31-fb01344eff50: start 948c17cc-3e3a-4e0b-bb31-fb01344eff50@group-C56C2CD1FE7D-FollowerState
2022-10-13 11:29:01,099 [pool-410-thread-1] INFO  util.JmxRegister (JmxRegister.java:tryRegister(44)) - Successfully registered JMX Bean with object name Ratis:service=RaftServer,group=group-C56C2CD1FE7D,id=948c17cc-3e3a-4e0b-bb31-fb01344eff50
2022-10-13 11:29:01,111 [grpc-default-executor-0] INFO  server.RaftServer (RaftServerProxy.java:addNew(96)) - 0745b8b8-0e66-4c37-8dad-d9626659dfe4: addNew group-C56C2CD1FE7D:[0745b8b8-0e66-4c37-8dad-d9626659dfe4|rpc:10.1.0.139:35951|dataStream:|priority:1, 948c17cc-3e3a-4e0b-bb31-fb01344eff50|rpc:10.1.0.139:46025|dataStream:|priority:0, 907e746a-156d-4134-8703-444bba091feb|rpc:10.1.0.139:45489|dataStream:|priority:0] returns group-C56C2CD1FE7D:java.util.concurrent.CompletableFuture@33df3445[Not completed]
2022-10-13 11:29:01,112 [pool-387-thread-1] INFO  server.RaftServer$Division (RaftServerImpl.java:<init>(190)) - 0745b8b8-0e66-4c37-8dad-d9626659dfe4: new RaftServerImpl for group-C56C2CD1FE7D:[0745b8b8-0e66-4c37-8dad-d9626659dfe4|rpc:10.1.0.139:35951|dataStream:|priority:1, 948c17cc-3e3a-4e0b-bb31-fb01344eff50|rpc:10.1.0.139:46025|dataStream:|priority:0, 907e746a-156d-4134-8703-444bba091feb|rpc:10.1.0.139:45489|dataStream:|priority:0] with ContainerStateMachine:uninitialized
2022-10-13 11:29:01,112 [pool-387-thread-1] INFO  server.RaftServerConfigKeys (ConfUtils.java:logGet(46)) - raft.server.rpc.timeout.min = 5s (custom)
2022-10-13 11:29:01,112 [pool-387-thread-1] INFO  server.RaftServerConfigKeys (ConfUtils.java:logGet(46)) - raft.server.rpc.timeout.max = 5200ms (custom)
2022-10-13 11:29:01,112 [pool-387-thread-1] INFO  server.RaftServerConfigKeys (ConfUtils.java:logGet(46)) - raft.server.rpc.sleep.time = 25ms (default)
2022-10-13 11:29:01,112 [pool-387-thread-1] INFO  server.RaftServerConfigKeys (ConfUtils.java:logGet(46)) - raft.server.rpc.slowness.timeout = 300s (custom)
2022-10-13 11:29:01,112 [pool-387-thread-1] INFO  server.RaftServerConfigKeys (ConfUtils.java:logGet(46)) - raft.server.leaderelection.leader.step-down.wait-time = 10s (default)
2022-10-13 11:29:01,112 [pool-387-thread-1] INFO  server.RaftServerConfigKeys (ConfUtils.java:logGet(46)) - raft.server.sleep.deviation.threshold = 300ms (default)
2022-10-13 11:29:01,112 [pool-387-thread-1] INFO  server.RaftServer$Division (ServerState.java:<init>(107)) - 0745b8b8-0e66-4c37-8dad-d9626659dfe4@group-C56C2CD1FE7D: ConfigurationManager, init=-1: [0745b8b8-0e66-4c37-8dad-d9626659dfe4|rpc:10.1.0.139:35951|dataStream:|priority:1, 948c17cc-3e3a-4e0b-bb31-fb01344eff50|rpc:10.1.0.139:46025|dataStream:|priority:0, 907e746a-156d-4134-8703-444bba091feb|rpc:10.1.0.139:45489|dataStream:|priority:0], old=null, confs=<EMPTY_MAP>
2022-10-13 11:29:01,112 [pool-387-thread-1] INFO  server.RaftServerConfigKeys (ConfUtils.java:logGet(46)) - raft.server.storage.dir = [/home/runner/work/ozone/ozone/hadoop-ozone/integration-test/target/test-dir/MiniOzoneClusterImpl-19e7b4a3-42bc-4567-acfc-6f1f2d45bde8/datanode-1/data/ratis] (custom)
2022-10-13 11:29:01,113 [pool-387-thread-1] INFO  server.RaftServerConfigKeys (ConfUtils.java:logGet(46)) - raft.server.log.corruption.policy = EXCEPTION (default)
2022-10-13 11:29:01,113 [pool-387-thread-1] INFO  server.RaftServerConfigKeys (ConfUtils.java:logGet(46)) - raft.server.storage.free-space.min = 0MB (=0) (default)
2022-10-13 11:29:01,113 [pool-387-thread-1] INFO  storage.RaftStorageDirectory (RaftStorageDirectoryImpl.java:analyzeStorage(135)) - The storage directory /home/runner/work/ozone/ozone/hadoop-ozone/integration-test/target/test-dir/MiniOzoneClusterImpl-19e7b4a3-42bc-4567-acfc-6f1f2d45bde8/datanode-1/data/ratis/524dc246-440b-4663-83a5-c56c2cd1fe7d does not exist. Creating ...
2022-10-13 11:29:01,115 [pool-387-thread-1] INFO  storage.RaftStorageDirectory (RaftStorageDirectoryImpl.java:tryLock(230)) - Lock on /home/runner/work/ozone/ozone/hadoop-ozone/integration-test/target/test-dir/MiniOzoneClusterImpl-19e7b4a3-42bc-4567-acfc-6f1f2d45bde8/datanode-1/data/ratis/524dc246-440b-4663-83a5-c56c2cd1fe7d/in_use.lock acquired by nodename 2264@fv-az447-90
2022-10-13 11:29:01,116 [pool-387-thread-1] INFO  storage.RaftStorage (RaftStorageImpl.java:format(89)) - Storage directory /home/runner/work/ozone/ozone/hadoop-ozone/integration-test/target/test-dir/MiniOzoneClusterImpl-19e7b4a3-42bc-4567-acfc-6f1f2d45bde8/datanode-1/data/ratis/524dc246-440b-4663-83a5-c56c2cd1fe7d has been successfully formatted.
2022-10-13 11:29:01,116 [pool-387-thread-1] INFO  ratis.ContainerStateMachine (ContainerStateMachine.java:loadSnapshot(236)) - group-C56C2CD1FE7D: The snapshot info is null. Setting the last applied indexto:(t:0, i:~)
2022-10-13 11:29:01,117 [pool-387-thread-1] INFO  server.RaftServerConfigKeys (ConfUtils.java:logGet(46)) - raft.server.notification.no-leader.timeout = 300s (custom)
2022-10-13 11:29:01,117 [pool-387-thread-1] INFO  server.RaftServerConfigKeys (ConfUtils.java:logGet(46)) - raft.server.log.use.memory = false (default)
2022-10-13 11:29:01,117 [pool-387-thread-1] INFO  server.RaftServerConfigKeys (ConfUtils.java:logGet(46)) - raft.server.log.purge.gap = 1000000 (custom)
2022-10-13 11:29:01,117 [pool-387-thread-1] INFO  server.RaftServerConfigKeys (ConfUtils.java:logGet(46)) - raft.server.log.appender.buffer.byte-limit = 33554432 (custom)
2022-10-13 11:29:01,117 [pool-387-thread-1] INFO  server.RaftServerConfigKeys (ConfUtils.java:logGet(46)) - raft.server.log.statemachine.data.read.timeout = 1000ms (default)
2022-10-13 11:29:01,117 [pool-387-thread-1] INFO  server.RaftServerConfigKeys (ConfUtils.java:logGet(46)) - raft.server.log.segment.size.max = 1048576 (custom)
2022-10-13 11:29:01,117 [pool-387-thread-1] INFO  server.RaftServerConfigKeys (ConfUtils.java:logGet(46)) - raft.server.log.segment.cache.num.max = 2 (custom)
2022-10-13 11:29:01,118 [pool-387-thread-1] INFO  server.RaftServerConfigKeys (ConfUtils.java:logGet(46)) - raft.server.log.segment.cache.size.max = 200MB (=209715200) (default)
2022-10-13 11:29:01,118 [pool-387-thread-1] INFO  segmented.SegmentedRaftLogWorker (SegmentedRaftLogWorker.java:<init>(187)) - new 0745b8b8-0e66-4c37-8dad-d9626659dfe4@group-C56C2CD1FE7D-SegmentedRaftLogWorker for RaftStorageImpl:Storage Directory /home/runner/work/ozone/ozone/hadoop-ozone/integration-test/target/test-dir/MiniOzoneClusterImpl-19e7b4a3-42bc-4567-acfc-6f1f2d45bde8/datanode-1/data/ratis/524dc246-440b-4663-83a5-c56c2cd1fe7d
2022-10-13 11:29:01,118 [pool-387-thread-1] INFO  server.RaftServerConfigKeys (ConfUtils.java:logGet(46)) - raft.server.log.queue.byte-limit = 4294967296 (custom)
2022-10-13 11:29:01,118 [pool-387-thread-1] INFO  server.RaftServerConfigKeys (ConfUtils.java:logGet(46)) - raft.server.log.queue.element-limit = 1024 (custom)
2022-10-13 11:29:01,118 [pool-387-thread-1] INFO  server.RaftServerConfigKeys (ConfUtils.java:logGet(46)) - raft.server.log.segment.size.max = 1048576 (custom)
2022-10-13 11:29:01,118 [pool-387-thread-1] INFO  server.RaftServerConfigKeys (ConfUtils.java:logGet(46)) - raft.server.log.preallocated.size = 16384 (custom)
2022-10-13 11:29:01,118 [pool-387-thread-1] INFO  server.RaftServerConfigKeys (ConfUtils.java:logGet(46)) - raft.server.log.force.sync.num = 128 (default)
2022-10-13 11:29:01,118 [pool-387-thread-1] INFO  server.RaftServerConfigKeys (ConfUtils.java:logGet(46)) - raft.server.log.statemachine.data.sync = true (default)
2022-10-13 11:29:01,118 [pool-387-thread-1] INFO  server.RaftServerConfigKeys (ConfUtils.java:logGet(46)) - raft.server.log.statemachine.data.sync.timeout = 10s (default)
2022-10-13 11:29:01,118 [pool-387-thread-1] INFO  server.RaftServerConfigKeys (ConfUtils.java:logGet(46)) - raft.server.log.statemachine.data.sync.timeout.retry = -1 (default)
2022-10-13 11:29:01,119 [pool-387-thread-1] INFO  server.RaftServerConfigKeys (ConfUtils.java:logGet(46)) - raft.server.log.write.buffer.size = 1048576 (custom)
2022-10-13 11:29:01,120 [pool-387-thread-1] INFO  server.RaftServerConfigKeys (ConfUtils.java:logGet(46)) - raft.server.log.unsafe-flush.enabled = false (default)
2022-10-13 11:29:01,120 [pool-387-thread-1] INFO  server.RaftServerConfigKeys (ConfUtils.java:logGet(46)) - raft.server.log.statemachine.data.caching.enabled = true (custom)
2022-10-13 11:29:01,120 [pool-387-thread-1] INFO  segmented.SegmentedRaftLogWorker (SegmentedRaftLogWorker.java:lambda$new$0(135)) - 0745b8b8-0e66-4c37-8dad-d9626659dfe4@group-C56C2CD1FE7D-SegmentedRaftLogWorker: flushIndex: setUnconditionally 0 -> -1
2022-10-13 11:29:01,120 [pool-387-thread-1] INFO  segmented.SegmentedRaftLogWorker (SegmentedRaftLogWorker.java:lambda$new$0(135)) - 0745b8b8-0e66-4c37-8dad-d9626659dfe4@group-C56C2CD1FE7D-SegmentedRaftLogWorker: safeCacheEvictIndex: setUnconditionally 0 -> -1
2022-10-13 11:29:01,125 [pool-387-thread-1] INFO  server.RaftServerConfigKeys (ConfUtils.java:logGet(46)) - raft.server.snapshot.auto.trigger.enabled = true (custom)
2022-10-13 11:29:01,125 [pool-387-thread-1] INFO  server.RaftServerConfigKeys (ConfUtils.java:logGet(46)) - raft.server.snapshot.auto.trigger.threshold = 10000 (custom)
2022-10-13 11:29:01,125 [pool-387-thread-1] INFO  server.RaftServerConfigKeys (ConfUtils.java:logGet(46)) - raft.server.snapshot.retention.file.num = 5 (custom)
2022-10-13 11:29:01,125 [pool-387-thread-1] INFO  server.RaftServerConfigKeys (ConfUtils.java:logGet(46)) - raft.server.log.purge.upto.snapshot.index = false (default)
2022-10-13 11:29:01,125 [pool-387-thread-1] INFO  server.RaftServerConfigKeys (ConfUtils.java:logGet(46)) - raft.server.retrycache.expirytime = 600000ms (custom)
2022-10-13 11:29:01,125 [pool-387-thread-1] INFO  server.RaftServerConfigKeys (ConfUtils.java:logGet(46)) - raft.server.retrycache.statistics.expirytime = 100μs (default)
2022-10-13 11:29:01,127 [pool-387-thread-1] INFO  server.RaftServerConfigKeys (ConfUtils.java:logGet(46)) - raft.server.log.appender.install.snapshot.enabled = false (custom)
2022-10-13 11:29:01,127 [pool-387-thread-1] INFO  server.RaftServerConfigKeys (ConfUtils.java:logGet(46)) - raft.server.threadpool.server.cached = true (default)
2022-10-13 11:29:01,127 [pool-387-thread-1] INFO  server.RaftServerConfigKeys (ConfUtils.java:logGet(46)) - raft.server.threadpool.server.size = 0 (default)
2022-10-13 11:29:01,127 [pool-387-thread-1] INFO  server.RaftServerConfigKeys (ConfUtils.java:logGet(46)) - raft.server.threadpool.client.cached = true (default)
2022-10-13 11:29:01,127 [pool-387-thread-1] INFO  server.RaftServerConfigKeys (ConfUtils.java:logGet(46)) - raft.server.threadpool.client.size = 0 (default)
2022-10-13 11:29:01,127 [pool-387-thread-1] INFO  server.RaftServer$Division (RaftServerImpl.java:start(310)) - 0745b8b8-0e66-4c37-8dad-d9626659dfe4@group-C56C2CD1FE7D: start as a follower, conf=-1: [0745b8b8-0e66-4c37-8dad-d9626659dfe4|rpc:10.1.0.139:35951|dataStream:|priority:1, 948c17cc-3e3a-4e0b-bb31-fb01344eff50|rpc:10.1.0.139:46025|dataStream:|priority:0, 907e746a-156d-4134-8703-444bba091feb|rpc:10.1.0.139:45489|dataStream:|priority:0], old=null
2022-10-13 11:29:01,127 [pool-387-thread-1] INFO  server.RaftServer$Division (RaftServerImpl.java:setRole(299)) - 0745b8b8-0e66-4c37-8dad-d9626659dfe4@group-C56C2CD1FE7D: changes role from      null to FOLLOWER at term 0 for startAsFollower
2022-10-13 11:29:01,127 [pool-387-thread-1] INFO  impl.RoleInfo (RoleInfo.java:updateAndGet(139)) - 0745b8b8-0e66-4c37-8dad-d9626659dfe4: start 0745b8b8-0e66-4c37-8dad-d9626659dfe4@group-C56C2CD1FE7D-FollowerState
2022-10-13 11:29:01,128 [pool-387-thread-1] INFO  util.JmxRegister (JmxRegister.java:tryRegister(44)) - Successfully registered JMX Bean with object name Ratis:service=RaftServer,group=group-C56C2CD1FE7D,id=0745b8b8-0e66-4c37-8dad-d9626659dfe4
2022-10-13 11:29:01,136 [Command processor thread] INFO  commandhandler.CreatePipelineCommandHandler (CreatePipelineCommandHandler.java:handle(113)) - Created Pipeline RATIS THREE PipelineID=524dc246-440b-4663-83a5-c56c2cd1fe7d.
2022-10-13 11:29:01,226 [Command processor thread] INFO  server.RaftServer (RaftServerProxy.java:addNew(96)) - 0745b8b8-0e66-4c37-8dad-d9626659dfe4: addNew group-0C661270D85D:[0745b8b8-0e66-4c37-8dad-d9626659dfe4|rpc:10.1.0.139:35951|priority:1] returns group-0C661270D85D:java.util.concurrent.CompletableFuture@2eb83cac[Not completed]
2022-10-13 11:29:01,227 [pool-387-thread-1] INFO  server.RaftServer$Division (RaftServerImpl.java:<init>(190)) - 0745b8b8-0e66-4c37-8dad-d9626659dfe4: new RaftServerImpl for group-0C661270D85D:[0745b8b8-0e66-4c37-8dad-d9626659dfe4|rpc:10.1.0.139:35951|priority:1] with ContainerStateMachine:uninitialized
2022-10-13 11:29:01,227 [pool-387-thread-1] INFO  server.RaftServerConfigKeys (ConfUtils.java:logGet(46)) - raft.server.rpc.timeout.min = 5s (custom)
2022-10-13 11:29:01,227 [pool-387-thread-1] INFO  server.RaftServerConfigKeys (ConfUtils.java:logGet(46)) - raft.server.rpc.timeout.max = 5200ms (custom)
2022-10-13 11:29:01,227 [pool-387-thread-1] INFO  server.RaftServerConfigKeys (ConfUtils.java:logGet(46)) - raft.server.rpc.sleep.time = 25ms (default)
2022-10-13 11:29:01,227 [pool-387-thread-1] INFO  server.RaftServerConfigKeys (ConfUtils.java:logGet(46)) - raft.server.rpc.slowness.timeout = 300s (custom)
2022-10-13 11:29:01,227 [pool-387-thread-1] INFO  server.RaftServerConfigKeys (ConfUtils.java:logGet(46)) - raft.server.leaderelection.leader.step-down.wait-time = 10s (default)
2022-10-13 11:29:01,227 [pool-387-thread-1] INFO  server.RaftServerConfigKeys (ConfUtils.java:logGet(46)) - raft.server.sleep.deviation.threshold = 300ms (default)
2022-10-13 11:29:01,228 [pool-387-thread-1] INFO  server.RaftServer$Division (ServerState.java:<init>(107)) - 0745b8b8-0e66-4c37-8dad-d9626659dfe4@group-0C661270D85D: ConfigurationManager, init=-1: [0745b8b8-0e66-4c37-8dad-d9626659dfe4|rpc:10.1.0.139:35951|priority:1], old=null, confs=<EMPTY_MAP>
2022-10-13 11:29:01,228 [pool-387-thread-1] INFO  server.RaftServerConfigKeys (ConfUtils.java:logGet(46)) - raft.server.storage.dir = [/home/runner/work/ozone/ozone/hadoop-ozone/integration-test/target/test-dir/MiniOzoneClusterImpl-19e7b4a3-42bc-4567-acfc-6f1f2d45bde8/datanode-1/data/ratis] (custom)
2022-10-13 11:29:01,228 [pool-387-thread-1] INFO  server.RaftServerConfigKeys (ConfUtils.java:logGet(46)) - raft.server.log.corruption.policy = EXCEPTION (default)
2022-10-13 11:29:01,228 [pool-387-thread-1] INFO  server.RaftServerConfigKeys (ConfUtils.java:logGet(46)) - raft.server.storage.free-space.min = 0MB (=0) (default)
2022-10-13 11:29:01,228 [pool-387-thread-1] INFO  storage.RaftStorageDirectory (RaftStorageDirectoryImpl.java:analyzeStorage(135)) - The storage directory /home/runner/work/ozone/ozone/hadoop-ozone/integration-test/target/test-dir/MiniOzoneClusterImpl-19e7b4a3-42bc-4567-acfc-6f1f2d45bde8/datanode-1/data/ratis/f743317b-346d-4dcf-93fb-0c661270d85d does not exist. Creating ...
2022-10-13 11:29:01,229 [pool-387-thread-1] INFO  storage.RaftStorageDirectory (RaftStorageDirectoryImpl.java:tryLock(230)) - Lock on /home/runner/work/ozone/ozone/hadoop-ozone/integration-test/target/test-dir/MiniOzoneClusterImpl-19e7b4a3-42bc-4567-acfc-6f1f2d45bde8/datanode-1/data/ratis/f743317b-346d-4dcf-93fb-0c661270d85d/in_use.lock acquired by nodename 2264@fv-az447-90
2022-10-13 11:29:01,231 [pool-387-thread-1] INFO  storage.RaftStorage (RaftStorageImpl.java:format(89)) - Storage directory /home/runner/work/ozone/ozone/hadoop-ozone/integration-test/target/test-dir/MiniOzoneClusterImpl-19e7b4a3-42bc-4567-acfc-6f1f2d45bde8/datanode-1/data/ratis/f743317b-346d-4dcf-93fb-0c661270d85d has been successfully formatted.
2022-10-13 11:29:01,233 [EventQueue-PipelineReportForPipelineReportHandler] INFO  pipeline.PipelineManagerImpl (PipelineManagerImpl.java:openPipeline(367)) - Pipeline Pipeline[ Id: f743317b-346d-4dcf-93fb-0c661270d85d, Nodes: 0745b8b8-0e66-4c37-8dad-d9626659dfe4{ip: 10.1.0.139, host: fv-az447-90.tnmeiuxxsqeu3byeydcnbj0j5d.dx.internal.cloudapp.net, ports: [REPLICATION=46769, RATIS=35951, RATIS_ADMIN=35951, RATIS_SERVER=35951, STANDALONE=38551], networkLocation: /default-rack, certSerialId: null, persistedOpState: IN_SERVICE, persistedOpStateExpiryEpochSec: 0}, ReplicationConfig: RATIS/ONE, State:ALLOCATED, leaderId:0745b8b8-0e66-4c37-8dad-d9626659dfe4, CreationTimestamp2022-10-13T11:28:58.230Z[Etc/UTC]] moved to OPEN state
2022-10-13 11:29:01,233 [pool-387-thread-1] INFO  ratis.ContainerStateMachine (ContainerStateMachine.java:loadSnapshot(236)) - group-0C661270D85D: The snapshot info is null. Setting the last applied indexto:(t:0, i:~)
2022-10-13 11:29:01,233 [pool-387-thread-1] INFO  server.RaftServerConfigKeys (ConfUtils.java:logGet(46)) - raft.server.notification.no-leader.timeout = 300s (custom)
2022-10-13 11:29:01,233 [pool-387-thread-1] INFO  server.RaftServerConfigKeys (ConfUtils.java:logGet(46)) - raft.server.log.use.memory = false (default)
2022-10-13 11:29:01,233 [pool-387-thread-1] INFO  server.RaftServerConfigKeys (ConfUtils.java:logGet(46)) - raft.server.log.purge.gap = 1000000 (custom)
2022-10-13 11:29:01,233 [pool-387-thread-1] INFO  server.RaftServerConfigKeys (ConfUtils.java:logGet(46)) - raft.server.log.appender.buffer.byte-limit = 33554432 (custom)
2022-10-13 11:29:01,233 [pool-387-thread-1] INFO  server.RaftServerConfigKeys (ConfUtils.java:logGet(46)) - raft.server.log.statemachine.data.read.timeout = 1000ms (default)
2022-10-13 11:29:01,234 [pool-387-thread-1] INFO  server.RaftServerConfigKeys (ConfUtils.java:logGet(46)) - raft.server.log.segment.size.max = 1048576 (custom)
2022-10-13 11:29:01,234 [pool-387-thread-1] INFO  server.RaftServerConfigKeys (ConfUtils.java:logGet(46)) - raft.server.log.segment.cache.num.max = 2 (custom)
2022-10-13 11:29:01,234 [pool-387-thread-1] INFO  server.RaftServerConfigKeys (ConfUtils.java:logGet(46)) - raft.server.log.segment.cache.size.max = 200MB (=209715200) (default)
2022-10-13 11:29:01,234 [pool-387-thread-1] INFO  segmented.SegmentedRaftLogWorker (SegmentedRaftLogWorker.java:<init>(187)) - new 0745b8b8-0e66-4c37-8dad-d9626659dfe4@group-0C661270D85D-SegmentedRaftLogWorker for RaftStorageImpl:Storage Directory /home/runner/work/ozone/ozone/hadoop-ozone/integration-test/target/test-dir/MiniOzoneClusterImpl-19e7b4a3-42bc-4567-acfc-6f1f2d45bde8/datanode-1/data/ratis/f743317b-346d-4dcf-93fb-0c661270d85d
2022-10-13 11:29:01,234 [pool-387-thread-1] INFO  server.RaftServerConfigKeys (ConfUtils.java:logGet(46)) - raft.server.log.queue.byte-limit = 4294967296 (custom)
2022-10-13 11:29:01,234 [pool-387-thread-1] INFO  server.RaftServerConfigKeys (ConfUtils.java:logGet(46)) - raft.server.log.queue.element-limit = 1024 (custom)
2022-10-13 11:29:01,234 [pool-387-thread-1] INFO  server.RaftServerConfigKeys (ConfUtils.java:logGet(46)) - raft.server.log.segment.size.max = 1048576 (custom)
2022-10-13 11:29:01,235 [pool-387-thread-1] INFO  server.RaftServerConfigKeys (ConfUtils.java:logGet(46)) - raft.server.log.preallocated.size = 16384 (custom)
2022-10-13 11:29:01,235 [pool-387-thread-1] INFO  server.RaftServerConfigKeys (ConfUtils.java:logGet(46)) - raft.server.log.force.sync.num = 128 (default)
2022-10-13 11:29:01,235 [pool-387-thread-1] INFO  server.RaftServerConfigKeys (ConfUtils.java:logGet(46)) - raft.server.log.statemachine.data.sync = true (default)
2022-10-13 11:29:01,235 [pool-387-thread-1] INFO  server.RaftServerConfigKeys (ConfUtils.java:logGet(46)) - raft.server.log.statemachine.data.sync.timeout = 10s (default)
2022-10-13 11:29:01,235 [pool-387-thread-1] INFO  server.RaftServerConfigKeys (ConfUtils.java:logGet(46)) - raft.server.log.statemachine.data.sync.timeout.retry = -1 (default)
2022-10-13 11:29:01,236 [EventQueue-OpenPipelineForHealthyPipelineSafeModeRule] INFO  safemode.SCMSafeModeManager (HealthyPipelineSafeModeRule.java:process(137)) - SCM in safe mode. Healthy pipelines reported count is 0, required healthy pipeline reported count is 1
2022-10-13 11:29:01,238 [pool-387-thread-1] INFO  server.RaftServerConfigKeys (ConfUtils.java:logGet(46)) - raft.server.log.write.buffer.size = 1048576 (custom)
2022-10-13 11:29:01,239 [pool-387-thread-1] INFO  server.RaftServerConfigKeys (ConfUtils.java:logGet(46)) - raft.server.log.unsafe-flush.enabled = false (default)
2022-10-13 11:29:01,239 [pool-387-thread-1] INFO  server.RaftServerConfigKeys (ConfUtils.java:logGet(46)) - raft.server.log.statemachine.data.caching.enabled = true (custom)
2022-10-13 11:29:01,239 [pool-387-thread-1] INFO  segmented.SegmentedRaftLogWorker (SegmentedRaftLogWorker.java:lambda$new$0(135)) - 0745b8b8-0e66-4c37-8dad-d9626659dfe4@group-0C661270D85D-SegmentedRaftLogWorker: flushIndex: setUnconditionally 0 -> -1
2022-10-13 11:29:01,239 [pool-387-thread-1] INFO  segmented.SegmentedRaftLogWorker (SegmentedRaftLogWorker.java:lambda$new$0(135)) - 0745b8b8-0e66-4c37-8dad-d9626659dfe4@group-0C661270D85D-SegmentedRaftLogWorker: safeCacheEvictIndex: setUnconditionally 0 -> -1
2022-10-13 11:29:01,239 [pool-387-thread-1] INFO  server.RaftServerConfigKeys (ConfUtils.java:logGet(46)) - raft.server.snapshot.auto.trigger.enabled = true (custom)
2022-10-13 11:29:01,239 [pool-387-thread-1] INFO  server.RaftServerConfigKeys (ConfUtils.java:logGet(46)) - raft.server.snapshot.auto.trigger.threshold = 10000 (custom)
2022-10-13 11:29:01,239 [pool-387-thread-1] INFO  server.RaftServerConfigKeys (ConfUtils.java:logGet(46)) - raft.server.snapshot.retention.file.num = 5 (custom)
2022-10-13 11:29:01,239 [pool-387-thread-1] INFO  server.RaftServerConfigKeys (ConfUtils.java:logGet(46)) - raft.server.log.purge.upto.snapshot.index = false (default)
2022-10-13 11:29:01,240 [pool-387-thread-1] INFO  server.RaftServerConfigKeys (ConfUtils.java:logGet(46)) - raft.server.retrycache.expirytime = 600000ms (custom)
2022-10-13 11:29:01,240 [pool-387-thread-1] INFO  server.RaftServerConfigKeys (ConfUtils.java:logGet(46)) - raft.server.retrycache.statistics.expirytime = 100μs (default)
2022-10-13 11:29:01,241 [pool-387-thread-1] INFO  server.RaftServerConfigKeys (ConfUtils.java:logGet(46)) - raft.server.log.appender.install.snapshot.enabled = false (custom)
2022-10-13 11:29:01,242 [pool-387-thread-1] INFO  server.RaftServerConfigKeys (ConfUtils.java:logGet(46)) - raft.server.threadpool.server.cached = true (default)
2022-10-13 11:29:01,242 [pool-387-thread-1] INFO  server.RaftServerConfigKeys (ConfUtils.java:logGet(46)) - raft.server.threadpool.server.size = 0 (default)
2022-10-13 11:29:01,242 [pool-387-thread-1] INFO  server.RaftServerConfigKeys (ConfUtils.java:logGet(46)) - raft.server.threadpool.client.cached = true (default)
2022-10-13 11:29:01,242 [pool-387-thread-1] INFO  server.RaftServerConfigKeys (ConfUtils.java:logGet(46)) - raft.server.threadpool.client.size = 0 (default)
2022-10-13 11:29:01,242 [pool-387-thread-1] INFO  server.RaftServer$Division (RaftServerImpl.java:start(310)) - 0745b8b8-0e66-4c37-8dad-d9626659dfe4@group-0C661270D85D: start as a follower, conf=-1: [0745b8b8-0e66-4c37-8dad-d9626659dfe4|rpc:10.1.0.139:35951|priority:1], old=null
2022-10-13 11:29:01,242 [pool-387-thread-1] INFO  server.RaftServer$Division (RaftServerImpl.java:setRole(299)) - 0745b8b8-0e66-4c37-8dad-d9626659dfe4@group-0C661270D85D: changes role from      null to FOLLOWER at term 0 for startAsFollower
2022-10-13 11:29:01,242 [pool-387-thread-1] INFO  impl.RoleInfo (RoleInfo.java:updateAndGet(139)) - 0745b8b8-0e66-4c37-8dad-d9626659dfe4: start 0745b8b8-0e66-4c37-8dad-d9626659dfe4@group-0C661270D85D-FollowerState
2022-10-13 11:29:01,242 [pool-387-thread-1] INFO  util.JmxRegister (JmxRegister.java:tryRegister(44)) - Successfully registered JMX Bean with object name Ratis:service=RaftServer,group=group-0C661270D85D,id=0745b8b8-0e66-4c37-8dad-d9626659dfe4
2022-10-13 11:29:01,243 [Command processor thread] INFO  ratis.XceiverServerRatis (XceiverServerRatis.java:addGroup(765)) - Created group PipelineID=f743317b-346d-4dcf-93fb-0c661270d85d
2022-10-13 11:29:01,244 [Command processor thread] INFO  commandhandler.CreatePipelineCommandHandler (CreatePipelineCommandHandler.java:handle(113)) - Created Pipeline RATIS ONE PipelineID=f743317b-346d-4dcf-93fb-0c661270d85d.
2022-10-13 11:29:01,560 [Command processor thread] INFO  server.RaftServer (RaftServerProxy.java:addNew(96)) - 948c17cc-3e3a-4e0b-bb31-fb01344eff50: addNew group-8630CD38AD0E:[948c17cc-3e3a-4e0b-bb31-fb01344eff50|rpc:10.1.0.139:46025|priority:1] returns group-8630CD38AD0E:java.util.concurrent.CompletableFuture@60ba0f1c[Not completed]
2022-10-13 11:29:01,561 [pool-410-thread-1] INFO  server.RaftServer$Division (RaftServerImpl.java:<init>(190)) - 948c17cc-3e3a-4e0b-bb31-fb01344eff50: new RaftServerImpl for group-8630CD38AD0E:[948c17cc-3e3a-4e0b-bb31-fb01344eff50|rpc:10.1.0.139:46025|priority:1] with ContainerStateMachine:uninitialized
2022-10-13 11:29:01,561 [pool-410-thread-1] INFO  server.RaftServerConfigKeys (ConfUtils.java:logGet(46)) - raft.server.rpc.timeout.min = 5s (custom)
2022-10-13 11:29:01,561 [pool-410-thread-1] INFO  server.RaftServerConfigKeys (ConfUtils.java:logGet(46)) - raft.server.rpc.timeout.max = 5200ms (custom)
2022-10-13 11:29:01,561 [pool-410-thread-1] INFO  server.RaftServerConfigKeys (ConfUtils.java:logGet(46)) - raft.server.rpc.sleep.time = 25ms (default)
2022-10-13 11:29:01,561 [pool-410-thread-1] INFO  server.RaftServerConfigKeys (ConfUtils.java:logGet(46)) - raft.server.rpc.slowness.timeout = 300s (custom)
2022-10-13 11:29:01,561 [pool-410-thread-1] INFO  server.RaftServerConfigKeys (ConfUtils.java:logGet(46)) - raft.server.leaderelection.leader.step-down.wait-time = 10s (default)
2022-10-13 11:29:01,561 [pool-410-thread-1] INFO  server.RaftServerConfigKeys (ConfUtils.java:logGet(46)) - raft.server.sleep.deviation.threshold = 300ms (default)
2022-10-13 11:29:01,561 [pool-410-thread-1] INFO  server.RaftServer$Division (ServerState.java:<init>(107)) - 948c17cc-3e3a-4e0b-bb31-fb01344eff50@group-8630CD38AD0E: ConfigurationManager, init=-1: [948c17cc-3e3a-4e0b-bb31-fb01344eff50|rpc:10.1.0.139:46025|priority:1], old=null, confs=<EMPTY_MAP>
2022-10-13 11:29:01,561 [pool-410-thread-1] INFO  server.RaftServerConfigKeys (ConfUtils.java:logGet(46)) - raft.server.storage.dir = [/home/runner/work/ozone/ozone/hadoop-ozone/integration-test/target/test-dir/MiniOzoneClusterImpl-19e7b4a3-42bc-4567-acfc-6f1f2d45bde8/datanode-2/data/ratis] (custom)
2022-10-13 11:29:01,562 [pool-410-thread-1] INFO  server.RaftServerConfigKeys (ConfUtils.java:logGet(46)) - raft.server.log.corruption.policy = EXCEPTION (default)
2022-10-13 11:29:01,562 [pool-410-thread-1] INFO  server.RaftServerConfigKeys (ConfUtils.java:logGet(46)) - raft.server.storage.free-space.min = 0MB (=0) (default)
2022-10-13 11:29:01,562 [pool-410-thread-1] INFO  storage.RaftStorageDirectory (RaftStorageDirectoryImpl.java:analyzeStorage(135)) - The storage directory /home/runner/work/ozone/ozone/hadoop-ozone/integration-test/target/test-dir/MiniOzoneClusterImpl-19e7b4a3-42bc-4567-acfc-6f1f2d45bde8/datanode-2/data/ratis/05696802-6a0c-4db3-a5a2-8630cd38ad0e does not exist. Creating ...
2022-10-13 11:29:01,563 [pool-410-thread-1] INFO  storage.RaftStorageDirectory (RaftStorageDirectoryImpl.java:tryLock(230)) - Lock on /home/runner/work/ozone/ozone/hadoop-ozone/integration-test/target/test-dir/MiniOzoneClusterImpl-19e7b4a3-42bc-4567-acfc-6f1f2d45bde8/datanode-2/data/ratis/05696802-6a0c-4db3-a5a2-8630cd38ad0e/in_use.lock acquired by nodename 2264@fv-az447-90
2022-10-13 11:29:01,565 [pool-410-thread-1] INFO  storage.RaftStorage (RaftStorageImpl.java:format(89)) - Storage directory /home/runner/work/ozone/ozone/hadoop-ozone/integration-test/target/test-dir/MiniOzoneClusterImpl-19e7b4a3-42bc-4567-acfc-6f1f2d45bde8/datanode-2/data/ratis/05696802-6a0c-4db3-a5a2-8630cd38ad0e has been successfully formatted.
2022-10-13 11:29:01,566 [Listener at 127.0.0.1/45599] INFO  ozone.MiniOzoneClusterImpl (MiniOzoneClusterImpl.java:lambda$waitForClusterToBeReady$0(216)) - Nodes are ready. Got 3 of 3 DN Heartbeats.
2022-10-13 11:29:01,566 [Listener at 127.0.0.1/45599] INFO  ozone.MiniOzoneClusterImpl (MiniOzoneClusterImpl.java:lambda$waitForClusterToBeReady$0(219)) - Waiting for cluster to exit safe mode
2022-10-13 11:29:01,566 [Listener at 127.0.0.1/45599] INFO  ozone.MiniOzoneClusterImpl (MiniOzoneClusterImpl.java:lambda$waitForClusterToBeReady$0(221)) - SCM became leader
2022-10-13 11:29:01,566 [pool-410-thread-1] INFO  ratis.ContainerStateMachine (ContainerStateMachine.java:loadSnapshot(236)) - group-8630CD38AD0E: The snapshot info is null. Setting the last applied indexto:(t:0, i:~)
2022-10-13 11:29:01,566 [pool-410-thread-1] INFO  server.RaftServerConfigKeys (ConfUtils.java:logGet(46)) - raft.server.notification.no-leader.timeout = 300s (custom)
2022-10-13 11:29:01,566 [pool-410-thread-1] INFO  server.RaftServerConfigKeys (ConfUtils.java:logGet(46)) - raft.server.log.use.memory = false (default)
2022-10-13 11:29:01,566 [pool-410-thread-1] INFO  server.RaftServerConfigKeys (ConfUtils.java:logGet(46)) - raft.server.log.purge.gap = 1000000 (custom)
2022-10-13 11:29:01,567 [pool-410-thread-1] INFO  server.RaftServerConfigKeys (ConfUtils.java:logGet(46)) - raft.server.log.appender.buffer.byte-limit = 33554432 (custom)
2022-10-13 11:29:01,567 [pool-410-thread-1] INFO  server.RaftServerConfigKeys (ConfUtils.java:logGet(46)) - raft.server.log.statemachine.data.read.timeout = 1000ms (default)
2022-10-13 11:29:01,568 [EventQueue-PipelineReportForPipelineReportHandler] INFO  pipeline.PipelineManagerImpl (PipelineManagerImpl.java:openPipeline(367)) - Pipeline Pipeline[ Id: 05696802-6a0c-4db3-a5a2-8630cd38ad0e, Nodes: 948c17cc-3e3a-4e0b-bb31-fb01344eff50{ip: 10.1.0.139, host: fv-az447-90.tnmeiuxxsqeu3byeydcnbj0j5d.dx.internal.cloudapp.net, ports: [REPLICATION=34119, RATIS=46025, RATIS_ADMIN=46025, RATIS_SERVER=46025, STANDALONE=43147], networkLocation: /default-rack, certSerialId: null, persistedOpState: IN_SERVICE, persistedOpStateExpiryEpochSec: 0}, ReplicationConfig: RATIS/ONE, State:ALLOCATED, leaderId:948c17cc-3e3a-4e0b-bb31-fb01344eff50, CreationTimestamp2022-10-13T11:28:58.564Z[Etc/UTC]] moved to OPEN state
2022-10-13 11:29:01,569 [pool-410-thread-1] INFO  server.RaftServerConfigKeys (ConfUtils.java:logGet(46)) - raft.server.log.segment.size.max = 1048576 (custom)
2022-10-13 11:29:01,569 [EventQueue-OpenPipelineForHealthyPipelineSafeModeRule] INFO  safemode.SCMSafeModeManager (HealthyPipelineSafeModeRule.java:process(137)) - SCM in safe mode. Healthy pipelines reported count is 0, required healthy pipeline reported count is 1
2022-10-13 11:29:01,570 [pool-410-thread-1] INFO  server.RaftServerConfigKeys (ConfUtils.java:logGet(46)) - raft.server.log.segment.cache.num.max = 2 (custom)
2022-10-13 11:29:01,570 [pool-410-thread-1] INFO  server.RaftServerConfigKeys (ConfUtils.java:logGet(46)) - raft.server.log.segment.cache.size.max = 200MB (=209715200) (default)
2022-10-13 11:29:01,570 [pool-410-thread-1] INFO  segmented.SegmentedRaftLogWorker (SegmentedRaftLogWorker.java:<init>(187)) - new 948c17cc-3e3a-4e0b-bb31-fb01344eff50@group-8630CD38AD0E-SegmentedRaftLogWorker for RaftStorageImpl:Storage Directory /home/runner/work/ozone/ozone/hadoop-ozone/integration-test/target/test-dir/MiniOzoneClusterImpl-19e7b4a3-42bc-4567-acfc-6f1f2d45bde8/datanode-2/data/ratis/05696802-6a0c-4db3-a5a2-8630cd38ad0e
2022-10-13 11:29:01,571 [pool-410-thread-1] INFO  server.RaftServerConfigKeys (ConfUtils.java:logGet(46)) - raft.server.log.queue.byte-limit = 4294967296 (custom)
2022-10-13 11:29:01,571 [pool-410-thread-1] INFO  server.RaftServerConfigKeys (ConfUtils.java:logGet(46)) - raft.server.log.queue.element-limit = 1024 (custom)
2022-10-13 11:29:01,571 [pool-410-thread-1] INFO  server.RaftServerConfigKeys (ConfUtils.java:logGet(46)) - raft.server.log.segment.size.max = 1048576 (custom)
2022-10-13 11:29:01,571 [pool-410-thread-1] INFO  server.RaftServerConfigKeys (ConfUtils.java:logGet(46)) - raft.server.log.preallocated.size = 16384 (custom)
2022-10-13 11:29:01,571 [pool-410-thread-1] INFO  server.RaftServerConfigKeys (ConfUtils.java:logGet(46)) - raft.server.log.force.sync.num = 128 (default)
2022-10-13 11:29:01,571 [pool-410-thread-1] INFO  server.RaftServerConfigKeys (ConfUtils.java:logGet(46)) - raft.server.log.statemachine.data.sync = true (default)
2022-10-13 11:29:01,571 [pool-410-thread-1] INFO  server.RaftServerConfigKeys (ConfUtils.java:logGet(46)) - raft.server.log.statemachine.data.sync.timeout = 10s (default)
2022-10-13 11:29:01,571 [pool-410-thread-1] INFO  server.RaftServerConfigKeys (ConfUtils.java:logGet(46)) - raft.server.log.statemachine.data.sync.timeout.retry = -1 (default)
2022-10-13 11:29:01,572 [pool-410-thread-1] INFO  server.RaftServerConfigKeys (ConfUtils.java:logGet(46)) - raft.server.log.write.buffer.size = 1048576 (custom)
2022-10-13 11:29:01,572 [pool-410-thread-1] INFO  server.RaftServerConfigKeys (ConfUtils.java:logGet(46)) - raft.server.log.unsafe-flush.enabled = false (default)
2022-10-13 11:29:01,572 [pool-410-thread-1] INFO  server.RaftServerConfigKeys (ConfUtils.java:logGet(46)) - raft.server.log.statemachine.data.caching.enabled = true (custom)
2022-10-13 11:29:01,572 [pool-410-thread-1] INFO  segmented.SegmentedRaftLogWorker (SegmentedRaftLogWorker.java:lambda$new$0(135)) - 948c17cc-3e3a-4e0b-bb31-fb01344eff50@group-8630CD38AD0E-SegmentedRaftLogWorker: flushIndex: setUnconditionally 0 -> -1
2022-10-13 11:29:01,572 [pool-410-thread-1] INFO  segmented.SegmentedRaftLogWorker (SegmentedRaftLogWorker.java:lambda$new$0(135)) - 948c17cc-3e3a-4e0b-bb31-fb01344eff50@group-8630CD38AD0E-SegmentedRaftLogWorker: safeCacheEvictIndex: setUnconditionally 0 -> -1
2022-10-13 11:29:01,573 [pool-410-thread-1] INFO  server.RaftServerConfigKeys (ConfUtils.java:logGet(46)) - raft.server.snapshot.auto.trigger.enabled = true (custom)
2022-10-13 11:29:01,573 [pool-410-thread-1] INFO  server.RaftServerConfigKeys (ConfUtils.java:logGet(46)) - raft.server.snapshot.auto.trigger.threshold = 10000 (custom)
2022-10-13 11:29:01,573 [pool-410-thread-1] INFO  server.RaftServerConfigKeys (ConfUtils.java:logGet(46)) - raft.server.snapshot.retention.file.num = 5 (custom)
2022-10-13 11:29:01,573 [pool-410-thread-1] INFO  server.RaftServerConfigKeys (ConfUtils.java:logGet(46)) - raft.server.log.purge.upto.snapshot.index = false (default)
2022-10-13 11:29:01,573 [pool-410-thread-1] INFO  server.RaftServerConfigKeys (ConfUtils.java:logGet(46)) - raft.server.retrycache.expirytime = 600000ms (custom)
2022-10-13 11:29:01,573 [pool-410-thread-1] INFO  server.RaftServerConfigKeys (ConfUtils.java:logGet(46)) - raft.server.retrycache.statistics.expirytime = 100μs (default)
2022-10-13 11:29:01,574 [pool-410-thread-1] INFO  server.RaftServerConfigKeys (ConfUtils.java:logGet(46)) - raft.server.log.appender.install.snapshot.enabled = false (custom)
2022-10-13 11:29:01,574 [pool-410-thread-1] INFO  server.RaftServerConfigKeys (ConfUtils.java:logGet(46)) - raft.server.threadpool.server.cached = true (default)
2022-10-13 11:29:01,574 [pool-410-thread-1] INFO  server.RaftServerConfigKeys (ConfUtils.java:logGet(46)) - raft.server.threadpool.server.size = 0 (default)
2022-10-13 11:29:01,574 [pool-410-thread-1] INFO  server.RaftServerConfigKeys (ConfUtils.java:logGet(46)) - raft.server.threadpool.client.cached = true (default)
2022-10-13 11:29:01,574 [pool-410-thread-1] INFO  server.RaftServerConfigKeys (ConfUtils.java:logGet(46)) - raft.server.threadpool.client.size = 0 (default)
2022-10-13 11:29:01,574 [pool-410-thread-1] INFO  server.RaftServer$Division (RaftServerImpl.java:start(310)) - 948c17cc-3e3a-4e0b-bb31-fb01344eff50@group-8630CD38AD0E: start as a follower, conf=-1: [948c17cc-3e3a-4e0b-bb31-fb01344eff50|rpc:10.1.0.139:46025|priority:1], old=null
2022-10-13 11:29:01,575 [pool-410-thread-1] INFO  server.RaftServer$Division (RaftServerImpl.java:setRole(299)) - 948c17cc-3e3a-4e0b-bb31-fb01344eff50@group-8630CD38AD0E: changes role from      null to FOLLOWER at term 0 for startAsFollower
2022-10-13 11:29:01,575 [pool-410-thread-1] INFO  impl.RoleInfo (RoleInfo.java:updateAndGet(139)) - 948c17cc-3e3a-4e0b-bb31-fb01344eff50: start 948c17cc-3e3a-4e0b-bb31-fb01344eff50@group-8630CD38AD0E-FollowerState
2022-10-13 11:29:01,575 [pool-410-thread-1] INFO  util.JmxRegister (JmxRegister.java:tryRegister(44)) - Successfully registered JMX Bean with object name Ratis:service=RaftServer,group=group-8630CD38AD0E,id=948c17cc-3e3a-4e0b-bb31-fb01344eff50
2022-10-13 11:29:01,576 [Command processor thread] INFO  ratis.XceiverServerRatis (XceiverServerRatis.java:addGroup(765)) - Created group PipelineID=05696802-6a0c-4db3-a5a2-8630cd38ad0e
2022-10-13 11:29:01,576 [Command processor thread] INFO  commandhandler.CreatePipelineCommandHandler (CreatePipelineCommandHandler.java:handle(113)) - Created Pipeline RATIS ONE PipelineID=05696802-6a0c-4db3-a5a2-8630cd38ad0e.
2022-10-13 11:29:02,566 [Listener at 127.0.0.1/45599] INFO  ozone.MiniOzoneClusterImpl (MiniOzoneClusterImpl.java:lambda$waitForClusterToBeReady$0(216)) - Nodes are ready. Got 3 of 3 DN Heartbeats.
2022-10-13 11:29:02,566 [Listener at 127.0.0.1/45599] INFO  ozone.MiniOzoneClusterImpl (MiniOzoneClusterImpl.java:lambda$waitForClusterToBeReady$0(219)) - Waiting for cluster to exit safe mode
2022-10-13 11:29:02,566 [Listener at 127.0.0.1/45599] INFO  ozone.MiniOzoneClusterImpl (MiniOzoneClusterImpl.java:lambda$waitForClusterToBeReady$0(221)) - SCM became leader
2022-10-13 11:29:03,567 [Listener at 127.0.0.1/45599] INFO  ozone.MiniOzoneClusterImpl (MiniOzoneClusterImpl.java:lambda$waitForClusterToBeReady$0(216)) - Nodes are ready. Got 3 of 3 DN Heartbeats.
2022-10-13 11:29:03,567 [Listener at 127.0.0.1/45599] INFO  ozone.MiniOzoneClusterImpl (MiniOzoneClusterImpl.java:lambda$waitForClusterToBeReady$0(219)) - Waiting for cluster to exit safe mode
2022-10-13 11:29:03,567 [Listener at 127.0.0.1/45599] INFO  ozone.MiniOzoneClusterImpl (MiniOzoneClusterImpl.java:lambda$waitForClusterToBeReady$0(221)) - SCM became leader
2022-10-13 11:29:04,568 [Listener at 127.0.0.1/45599] INFO  ozone.MiniOzoneClusterImpl (MiniOzoneClusterImpl.java:lambda$waitForClusterToBeReady$0(216)) - Nodes are ready. Got 3 of 3 DN Heartbeats.
2022-10-13 11:29:04,568 [Listener at 127.0.0.1/45599] INFO  ozone.MiniOzoneClusterImpl (MiniOzoneClusterImpl.java:lambda$waitForClusterToBeReady$0(219)) - Waiting for cluster to exit safe mode
2022-10-13 11:29:04,568 [Listener at 127.0.0.1/45599] INFO  ozone.MiniOzoneClusterImpl (MiniOzoneClusterImpl.java:lambda$waitForClusterToBeReady$0(221)) - SCM became leader
2022-10-13 11:29:05,568 [Listener at 127.0.0.1/45599] INFO  ozone.MiniOzoneClusterImpl (MiniOzoneClusterImpl.java:lambda$waitForClusterToBeReady$0(216)) - Nodes are ready. Got 3 of 3 DN Heartbeats.
2022-10-13 11:29:05,569 [Listener at 127.0.0.1/45599] INFO  ozone.MiniOzoneClusterImpl (MiniOzoneClusterImpl.java:lambda$waitForClusterToBeReady$0(219)) - Waiting for cluster to exit safe mode
2022-10-13 11:29:05,569 [Listener at 127.0.0.1/45599] INFO  ozone.MiniOzoneClusterImpl (MiniOzoneClusterImpl.java:lambda$waitForClusterToBeReady$0(221)) - SCM became leader
2022-10-13 11:29:05,993 [907e746a-156d-4134-8703-444bba091feb@group-7EFB2D698939-FollowerState] INFO  impl.FollowerState (FollowerState.java:run(143)) - 907e746a-156d-4134-8703-444bba091feb@group-7EFB2D698939-FollowerState: change to CANDIDATE, lastRpcElapsedTime:5027190967ns, electionTimeout:5026ms
2022-10-13 11:29:05,994 [907e746a-156d-4134-8703-444bba091feb@group-7EFB2D698939-FollowerState] INFO  impl.RoleInfo (RoleInfo.java:shutdownFollowerState(110)) - 907e746a-156d-4134-8703-444bba091feb: shutdown 907e746a-156d-4134-8703-444bba091feb@group-7EFB2D698939-FollowerState
2022-10-13 11:29:05,994 [907e746a-156d-4134-8703-444bba091feb@group-7EFB2D698939-FollowerState] INFO  server.RaftServer$Division (RaftServerImpl.java:setRole(299)) - 907e746a-156d-4134-8703-444bba091feb@group-7EFB2D698939: changes role from  FOLLOWER to CANDIDATE at term 0 for changeToCandidate
2022-10-13 11:29:05,994 [907e746a-156d-4134-8703-444bba091feb@group-7EFB2D698939-FollowerState] INFO  server.RaftServerConfigKeys (ConfUtils.java:logGet(46)) - raft.server.leaderelection.pre-vote = false (custom)
2022-10-13 11:29:05,994 [907e746a-156d-4134-8703-444bba091feb@group-7EFB2D698939-FollowerState] INFO  impl.RoleInfo (RoleInfo.java:updateAndGet(139)) - 907e746a-156d-4134-8703-444bba091feb: start 907e746a-156d-4134-8703-444bba091feb@group-7EFB2D698939-LeaderElection16
2022-10-13 11:29:05,995 [907e746a-156d-4134-8703-444bba091feb@group-BDE87230C489-FollowerState] INFO  impl.FollowerState (FollowerState.java:run(143)) - 907e746a-156d-4134-8703-444bba091feb@group-BDE87230C489-FollowerState: change to CANDIDATE, lastRpcElapsedTime:5043961126ns, electionTimeout:5042ms
2022-10-13 11:29:05,995 [907e746a-156d-4134-8703-444bba091feb@group-BDE87230C489-FollowerState] INFO  impl.RoleInfo (RoleInfo.java:shutdownFollowerState(110)) - 907e746a-156d-4134-8703-444bba091feb: shutdown 907e746a-156d-4134-8703-444bba091feb@group-BDE87230C489-FollowerState
2022-10-13 11:29:05,996 [907e746a-156d-4134-8703-444bba091feb@group-BDE87230C489-FollowerState] INFO  server.RaftServer$Division (RaftServerImpl.java:setRole(299)) - 907e746a-156d-4134-8703-444bba091feb@group-BDE87230C489: changes role from  FOLLOWER to CANDIDATE at term 0 for changeToCandidate
2022-10-13 11:29:05,996 [907e746a-156d-4134-8703-444bba091feb@group-BDE87230C489-FollowerState] INFO  server.RaftServerConfigKeys (ConfUtils.java:logGet(46)) - raft.server.leaderelection.pre-vote = false (custom)
2022-10-13 11:29:05,996 [907e746a-156d-4134-8703-444bba091feb@group-BDE87230C489-FollowerState] INFO  impl.RoleInfo (RoleInfo.java:updateAndGet(139)) - 907e746a-156d-4134-8703-444bba091feb: start 907e746a-156d-4134-8703-444bba091feb@group-BDE87230C489-LeaderElection17
2022-10-13 11:29:06,000 [907e746a-156d-4134-8703-444bba091feb@group-7EFB2D698939-LeaderElection16] INFO  impl.LeaderElection (LeaderElection.java:askForVotes(310)) - 907e746a-156d-4134-8703-444bba091feb@group-7EFB2D698939-LeaderElection16 ELECTION round 0: submit vote requests at term 1 for -1: [0745b8b8-0e66-4c37-8dad-d9626659dfe4|rpc:10.1.0.139:35951|priority:0, 948c17cc-3e3a-4e0b-bb31-fb01344eff50|rpc:10.1.0.139:46025|priority:0, 907e746a-156d-4134-8703-444bba091feb|rpc:10.1.0.139:45489|priority:1], old=null
2022-10-13 11:29:06,000 [907e746a-156d-4134-8703-444bba091feb@group-BDE87230C489-LeaderElection17] INFO  impl.LeaderElection (LeaderElection.java:askForVotes(310)) - 907e746a-156d-4134-8703-444bba091feb@group-BDE87230C489-LeaderElection17 ELECTION round 0: submit vote requests at term 1 for -1: [907e746a-156d-4134-8703-444bba091feb|rpc:10.1.0.139:45489|priority:1], old=null
2022-10-13 11:29:06,000 [907e746a-156d-4134-8703-444bba091feb@group-BDE87230C489-LeaderElection17] INFO  impl.LeaderElection (LeaderElection.java:askForVotes(312)) - 907e746a-156d-4134-8703-444bba091feb@group-BDE87230C489-LeaderElection17 ELECTION round 0: result PASSED (term=1)
2022-10-13 11:29:06,000 [907e746a-156d-4134-8703-444bba091feb@group-BDE87230C489-LeaderElection17] INFO  impl.RoleInfo (RoleInfo.java:shutdownLeaderElection(130)) - 907e746a-156d-4134-8703-444bba091feb: shutdown 907e746a-156d-4134-8703-444bba091feb@group-BDE87230C489-LeaderElection17
2022-10-13 11:29:06,000 [907e746a-156d-4134-8703-444bba091feb@group-BDE87230C489-LeaderElection17] INFO  server.RaftServer$Division (RaftServerImpl.java:setRole(299)) - 907e746a-156d-4134-8703-444bba091feb@group-BDE87230C489: changes role from CANDIDATE to LEADER at term 1 for changeToLeader
2022-10-13 11:29:06,000 [907e746a-156d-4134-8703-444bba091feb@group-BDE87230C489-LeaderElection17] INFO  ratis.XceiverServerRatis (XceiverServerRatis.java:handleLeaderChangedNotification(863)) - Leader change notification received for group: group-BDE87230C489 with new leaderId: 907e746a-156d-4134-8703-444bba091feb
2022-10-13 11:29:06,007 [EventQueue-OpenPipelineForHealthyPipelineSafeModeRule] INFO  safemode.SCMSafeModeManager (HealthyPipelineSafeModeRule.java:process(137)) - SCM in safe mode. Healthy pipelines reported count is 0, required healthy pipeline reported count is 1
2022-10-13 11:29:06,007 [907e746a-156d-4134-8703-444bba091feb@group-BDE87230C489-LeaderElection17] INFO  server.RaftServer$Division (ServerState.java:setLeader(287)) - 907e746a-156d-4134-8703-444bba091feb@group-BDE87230C489: change Leader from null to 907e746a-156d-4134-8703-444bba091feb at term 1 for becomeLeader, leader elected after 5063ms
2022-10-13 11:29:06,007 [907e746a-156d-4134-8703-444bba091feb@group-BDE87230C489-LeaderElection17] INFO  server.RaftServerConfigKeys (ConfUtils.java:logGet(46)) - raft.server.staging.catchup.gap = 1000 (default)
2022-10-13 11:29:06,008 [907e746a-156d-4134-8703-444bba091feb@group-BDE87230C489-LeaderElection17] INFO  server.RaftServerConfigKeys (ConfUtils.java:logGet(46)) - raft.server.write.element-limit = 1024 (custom)
2022-10-13 11:29:06,008 [907e746a-156d-4134-8703-444bba091feb@group-BDE87230C489-LeaderElection17] INFO  server.RaftServerConfigKeys (ConfUtils.java:logGet(46)) - raft.server.write.byte-limit = 1024 M (=1073741824) (custom)
2022-10-13 11:29:06,008 [907e746a-156d-4134-8703-444bba091feb@group-BDE87230C489-LeaderElection17] INFO  server.RaftServerConfigKeys (ConfUtils.java:logGet(46)) - raft.server.watch.timeout = 180s (custom)
2022-10-13 11:29:06,008 [907e746a-156d-4134-8703-444bba091feb@group-BDE87230C489-LeaderElection17] INFO  server.RaftServerConfigKeys (ConfUtils.java:logGet(46)) - raft.server.watch.timeout.denomination = 1s (default)
2022-10-13 11:29:06,008 [907e746a-156d-4134-8703-444bba091feb@group-BDE87230C489-LeaderElection17] INFO  server.RaftServerConfigKeys (ConfUtils.java:logGet(46)) - raft.server.watch.element-limit = 65536 (default)
2022-10-13 11:29:06,008 [907e746a-156d-4134-8703-444bba091feb@group-BDE87230C489-LeaderElection17] INFO  server.RaftServerConfigKeys (ConfUtils.java:logGet(46)) - raft.server.write.element-limit = 1024 (custom)
2022-10-13 11:29:06,008 [907e746a-156d-4134-8703-444bba091feb@group-BDE87230C489-LeaderElection17] INFO  server.RaftServerConfigKeys (ConfUtils.java:logGet(46)) - raft.server.write.follower.gap.ratio.max = -1.0 (default)
2022-10-13 11:29:06,008 [907e746a-156d-4134-8703-444bba091feb@group-BDE87230C489-LeaderElection17] INFO  impl.RoleInfo (RoleInfo.java:updateAndGet(139)) - 907e746a-156d-4134-8703-444bba091feb: start 907e746a-156d-4134-8703-444bba091feb@group-BDE87230C489-LeaderStateImpl
2022-10-13 11:29:06,009 [907e746a-156d-4134-8703-444bba091feb@group-BDE87230C489-LeaderElection17] INFO  segmented.SegmentedRaftLogWorker (SegmentedRaftLogWorker.java:startLogSegment(425)) - 907e746a-156d-4134-8703-444bba091feb@group-BDE87230C489-SegmentedRaftLogWorker: Starting segment from index:0
2022-10-13 11:29:06,011 [907e746a-156d-4134-8703-444bba091feb@group-BDE87230C489-SegmentedRaftLogWorker] INFO  segmented.SegmentedRaftLogWorker (SegmentedRaftLogWorker.java:execute(629)) - 907e746a-156d-4134-8703-444bba091feb@group-BDE87230C489-SegmentedRaftLogWorker: created new log segment /home/runner/work/ozone/ozone/hadoop-ozone/integration-test/target/test-dir/MiniOzoneClusterImpl-19e7b4a3-42bc-4567-acfc-6f1f2d45bde8/datanode-0/data/ratis/c38dad90-84a8-44cf-95eb-bde87230c489/current/log_inprogress_0
2022-10-13 11:29:06,011 [907e746a-156d-4134-8703-444bba091feb@group-BDE87230C489-LeaderElection17] INFO  server.RaftServer$Division (ServerState.java:setRaftConf(393)) - 907e746a-156d-4134-8703-444bba091feb@group-BDE87230C489: set configuration 0: [907e746a-156d-4134-8703-444bba091feb|rpc:10.1.0.139:45489|dataStream:|priority:1], old=null
2022-10-13 11:29:06,016 [grpc-default-executor-0] INFO  server.RaftServer$Division (RaftServerImpl.java:requestVote(1152)) - 948c17cc-3e3a-4e0b-bb31-fb01344eff50@group-7EFB2D698939: receive requestVote(ELECTION, 907e746a-156d-4134-8703-444bba091feb, group-7EFB2D698939, 1, (t:0, i:0))
2022-10-13 11:29:06,016 [grpc-default-executor-0] INFO  impl.VoteContext (VoteContext.java:log(48)) - 948c17cc-3e3a-4e0b-bb31-fb01344eff50@group-7EFB2D698939-FOLLOWER: accept ELECTION from 907e746a-156d-4134-8703-444bba091feb: our priority 0 <= candidate's priority 1
2022-10-13 11:29:06,016 [grpc-default-executor-0] INFO  server.RaftServer$Division (RaftServerImpl.java:setRole(299)) - 948c17cc-3e3a-4e0b-bb31-fb01344eff50@group-7EFB2D698939: changes role from  FOLLOWER to FOLLOWER at term 1 for candidate:907e746a-156d-4134-8703-444bba091feb
2022-10-13 11:29:06,016 [grpc-default-executor-0] INFO  impl.RoleInfo (RoleInfo.java:shutdownFollowerState(110)) - 948c17cc-3e3a-4e0b-bb31-fb01344eff50: shutdown 948c17cc-3e3a-4e0b-bb31-fb01344eff50@group-7EFB2D698939-FollowerState
2022-10-13 11:29:06,016 [948c17cc-3e3a-4e0b-bb31-fb01344eff50@group-7EFB2D698939-FollowerState] INFO  impl.FollowerState (FollowerState.java:run(152)) - 948c17cc-3e3a-4e0b-bb31-fb01344eff50@group-7EFB2D698939-FollowerState was interrupted
2022-10-13 11:29:06,016 [grpc-default-executor-0] INFO  impl.RoleInfo (RoleInfo.java:updateAndGet(139)) - 948c17cc-3e3a-4e0b-bb31-fb01344eff50: start 948c17cc-3e3a-4e0b-bb31-fb01344eff50@group-7EFB2D698939-FollowerState
2022-10-13 11:29:06,018 [grpc-default-executor-0] INFO  server.RaftServer$Division (RaftServerImpl.java:requestVote(1184)) - 948c17cc-3e3a-4e0b-bb31-fb01344eff50@group-7EFB2D698939 replies to ELECTION vote request: 907e746a-156d-4134-8703-444bba091feb<-948c17cc-3e3a-4e0b-bb31-fb01344eff50#0:OK-t1. Peer's state: 948c17cc-3e3a-4e0b-bb31-fb01344eff50@group-7EFB2D698939:t1, leader=null, voted=907e746a-156d-4134-8703-444bba091feb, raftlog=948c17cc-3e3a-4e0b-bb31-fb01344eff50@group-7EFB2D698939-SegmentedRaftLog:OPENED:c-1, conf=-1: [0745b8b8-0e66-4c37-8dad-d9626659dfe4|rpc:10.1.0.139:35951|dataStream:|priority:0, 948c17cc-3e3a-4e0b-bb31-fb01344eff50|rpc:10.1.0.139:46025|dataStream:|priority:0, 907e746a-156d-4134-8703-444bba091feb|rpc:10.1.0.139:45489|dataStream:|priority:1], old=null
2022-10-13 11:29:06,022 [907e746a-156d-4134-8703-444bba091feb@group-7EFB2D698939-LeaderElection16] INFO  impl.LeaderElection (LeaderElection.java:logAndReturn(90)) - 907e746a-156d-4134-8703-444bba091feb@group-7EFB2D698939-LeaderElection16: ELECTION PASSED received 1 response(s) and 0 exception(s):
2022-10-13 11:29:06,022 [907e746a-156d-4134-8703-444bba091feb@group-7EFB2D698939-LeaderElection16] INFO  impl.LeaderElection (LeaderElection.java:logAndReturn(94)) -   Response 0: 907e746a-156d-4134-8703-444bba091feb<-948c17cc-3e3a-4e0b-bb31-fb01344eff50#0:OK-t1
2022-10-13 11:29:06,022 [907e746a-156d-4134-8703-444bba091feb@group-7EFB2D698939-LeaderElection16] INFO  impl.LeaderElection (LeaderElection.java:askForVotes(312)) - 907e746a-156d-4134-8703-444bba091feb@group-7EFB2D698939-LeaderElection16 ELECTION round 0: result PASSED
2022-10-13 11:29:06,022 [907e746a-156d-4134-8703-444bba091feb@group-7EFB2D698939-LeaderElection16] INFO  impl.RoleInfo (RoleInfo.java:shutdownLeaderElection(130)) - 907e746a-156d-4134-8703-444bba091feb: shutdown 907e746a-156d-4134-8703-444bba091feb@group-7EFB2D698939-LeaderElection16
2022-10-13 11:29:06,022 [907e746a-156d-4134-8703-444bba091feb@group-7EFB2D698939-LeaderElection16] INFO  server.RaftServer$Division (RaftServerImpl.java:setRole(299)) - 907e746a-156d-4134-8703-444bba091feb@group-7EFB2D698939: changes role from CANDIDATE to LEADER at term 1 for changeToLeader
2022-10-13 11:29:06,022 [907e746a-156d-4134-8703-444bba091feb@group-7EFB2D698939-LeaderElection16] INFO  ratis.XceiverServerRatis (XceiverServerRatis.java:handleLeaderChangedNotification(863)) - Leader change notification received for group: group-7EFB2D698939 with new leaderId: 907e746a-156d-4134-8703-444bba091feb
2022-10-13 11:29:06,022 [907e746a-156d-4134-8703-444bba091feb@group-7EFB2D698939-LeaderElection16] INFO  server.RaftServer$Division (ServerState.java:setLeader(287)) - 907e746a-156d-4134-8703-444bba091feb@group-7EFB2D698939: change Leader from null to 907e746a-156d-4134-8703-444bba091feb at term 1 for becomeLeader, leader elected after 5063ms
2022-10-13 11:29:06,022 [907e746a-156d-4134-8703-444bba091feb@group-7EFB2D698939-LeaderElection16] INFO  server.RaftServerConfigKeys (ConfUtils.java:logGet(46)) - raft.server.staging.catchup.gap = 1000 (default)
2022-10-13 11:29:06,023 [907e746a-156d-4134-8703-444bba091feb@group-7EFB2D698939-LeaderElection16] INFO  server.RaftServerConfigKeys (ConfUtils.java:logGet(46)) - raft.server.write.element-limit = 1024 (custom)
2022-10-13 11:29:06,023 [907e746a-156d-4134-8703-444bba091feb@group-7EFB2D698939-LeaderElection16] INFO  server.RaftServerConfigKeys (ConfUtils.java:logGet(46)) - raft.server.write.byte-limit = 1024 M (=1073741824) (custom)
2022-10-13 11:29:06,023 [907e746a-156d-4134-8703-444bba091feb@group-7EFB2D698939-LeaderElection16] INFO  server.RaftServerConfigKeys (ConfUtils.java:logGet(46)) - raft.server.watch.timeout = 180s (custom)
2022-10-13 11:29:06,023 [907e746a-156d-4134-8703-444bba091feb@group-7EFB2D698939-LeaderElection16] INFO  server.RaftServerConfigKeys (ConfUtils.java:logGet(46)) - raft.server.watch.timeout.denomination = 1s (default)
2022-10-13 11:29:06,023 [907e746a-156d-4134-8703-444bba091feb@group-7EFB2D698939-LeaderElection16] INFO  server.RaftServerConfigKeys (ConfUtils.java:logGet(46)) - raft.server.watch.element-limit = 65536 (default)
2022-10-13 11:29:06,023 [907e746a-156d-4134-8703-444bba091feb@group-7EFB2D698939-LeaderElection16] INFO  server.RaftServerConfigKeys (ConfUtils.java:logGet(46)) - raft.server.write.element-limit = 1024 (custom)
2022-10-13 11:29:06,023 [907e746a-156d-4134-8703-444bba091feb@group-7EFB2D698939-LeaderElection16] INFO  server.RaftServerConfigKeys (ConfUtils.java:logGet(46)) - raft.server.write.follower.gap.ratio.max = -1.0 (default)
2022-10-13 11:29:06,024 [907e746a-156d-4134-8703-444bba091feb@group-7EFB2D698939-LeaderElection16] INFO  server.RaftServerConfigKeys (ConfUtils.java:logGet(46)) - raft.server.log.appender.snapshot.chunk.size.max = 16MB (=16777216) (default)
2022-10-13 11:29:06,024 [907e746a-156d-4134-8703-444bba091feb@group-7EFB2D698939-LeaderElection16] INFO  server.RaftServerConfigKeys (ConfUtils.java:logGet(46)) - raft.server.log.appender.buffer.byte-limit = 33554432 (custom)
2022-10-13 11:29:06,024 [907e746a-156d-4134-8703-444bba091feb@group-7EFB2D698939-LeaderElection16] INFO  server.RaftServerConfigKeys (ConfUtils.java:logGet(46)) - raft.server.log.appender.buffer.element-limit = 1 (custom)
2022-10-13 11:29:06,024 [907e746a-156d-4134-8703-444bba091feb@group-7EFB2D698939-LeaderElection16] INFO  grpc.GrpcConfigKeys (ConfUtils.java:logGet(46)) - raft.grpc.server.leader.outstanding.appends.max = 128 (default)
2022-10-13 11:29:06,024 [907e746a-156d-4134-8703-444bba091feb@group-7EFB2D698939-LeaderElection16] INFO  server.RaftServerConfigKeys (ConfUtils.java:logGet(46)) - raft.server.rpc.request.timeout = 60s (custom)
2022-10-13 11:29:06,024 [907e746a-156d-4134-8703-444bba091feb@group-7EFB2D698939-LeaderElection16] INFO  server.RaftServerConfigKeys (ConfUtils.java:logGet(46)) - raft.server.log.appender.install.snapshot.enabled = false (custom)
2022-10-13 11:29:06,026 [907e746a-156d-4134-8703-444bba091feb@group-7EFB2D698939-LeaderElection16] INFO  server.RaftServerConfigKeys (ConfUtils.java:logGet(46)) - raft.server.log.appender.snapshot.chunk.size.max = 16MB (=16777216) (default)
2022-10-13 11:29:06,026 [907e746a-156d-4134-8703-444bba091feb@group-7EFB2D698939-LeaderElection16] INFO  server.RaftServerConfigKeys (ConfUtils.java:logGet(46)) - raft.server.log.appender.buffer.byte-limit = 33554432 (custom)
2022-10-13 11:29:06,026 [907e746a-156d-4134-8703-444bba091feb@group-7EFB2D698939-LeaderElection16] INFO  server.RaftServerConfigKeys (ConfUtils.java:logGet(46)) - raft.server.log.appender.buffer.element-limit = 1 (custom)
2022-10-13 11:29:06,026 [907e746a-156d-4134-8703-444bba091feb@group-7EFB2D698939-LeaderElection16] INFO  grpc.GrpcConfigKeys (ConfUtils.java:logGet(46)) - raft.grpc.server.leader.outstanding.appends.max = 128 (default)
2022-10-13 11:29:06,026 [907e746a-156d-4134-8703-444bba091feb@group-7EFB2D698939-LeaderElection16] INFO  server.RaftServerConfigKeys (ConfUtils.java:logGet(46)) - raft.server.rpc.request.timeout = 60s (custom)
2022-10-13 11:29:06,026 [907e746a-156d-4134-8703-444bba091feb@group-7EFB2D698939-LeaderElection16] INFO  server.RaftServerConfigKeys (ConfUtils.java:logGet(46)) - raft.server.log.appender.install.snapshot.enabled = false (custom)
2022-10-13 11:29:06,027 [907e746a-156d-4134-8703-444bba091feb@group-7EFB2D698939-LeaderElection16] INFO  impl.RoleInfo (RoleInfo.java:updateAndGet(139)) - 907e746a-156d-4134-8703-444bba091feb: start 907e746a-156d-4134-8703-444bba091feb@group-7EFB2D698939-LeaderStateImpl
2022-10-13 11:29:06,027 [907e746a-156d-4134-8703-444bba091feb@group-7EFB2D698939-LeaderElection16] INFO  segmented.SegmentedRaftLogWorker (SegmentedRaftLogWorker.java:startLogSegment(425)) - 907e746a-156d-4134-8703-444bba091feb@group-7EFB2D698939-SegmentedRaftLogWorker: Starting segment from index:0
2022-10-13 11:29:06,028 [EventQueue-PipelineReportForPipelineReportHandler] INFO  pipeline.PipelineManagerImpl (PipelineManagerImpl.java:openPipeline(367)) - Pipeline Pipeline[ Id: ee1ff788-904b-4bd4-8a3f-7efb2d698939, Nodes: 0745b8b8-0e66-4c37-8dad-d9626659dfe4{ip: 10.1.0.139, host: fv-az447-90.tnmeiuxxsqeu3byeydcnbj0j5d.dx.internal.cloudapp.net, ports: [REPLICATION=46769, RATIS=35951, RATIS_ADMIN=35951, RATIS_SERVER=35951, STANDALONE=38551], networkLocation: /default-rack, certSerialId: null, persistedOpState: IN_SERVICE, persistedOpStateExpiryEpochSec: 0}948c17cc-3e3a-4e0b-bb31-fb01344eff50{ip: 10.1.0.139, host: fv-az447-90.tnmeiuxxsqeu3byeydcnbj0j5d.dx.internal.cloudapp.net, ports: [REPLICATION=34119, RATIS=46025, RATIS_ADMIN=46025, RATIS_SERVER=46025, STANDALONE=43147], networkLocation: /default-rack, certSerialId: null, persistedOpState: IN_SERVICE, persistedOpStateExpiryEpochSec: 0}907e746a-156d-4134-8703-444bba091feb{ip: 10.1.0.139, host: fv-az447-90.tnmeiuxxsqeu3byeydcnbj0j5d.dx.internal.cloudapp.net, ports: [REPLICATION=46391, RATIS=45489, RATIS_ADMIN=45489, RATIS_SERVER=45489, STANDALONE=38645], networkLocation: /default-rack, certSerialId: null, persistedOpState: IN_SERVICE, persistedOpStateExpiryEpochSec: 0}, ReplicationConfig: RATIS/THREE, State:ALLOCATED, leaderId:907e746a-156d-4134-8703-444bba091feb, CreationTimestamp2022-10-13T11:28:58.566Z[Etc/UTC]] moved to OPEN state
2022-10-13 11:29:06,029 [907e746a-156d-4134-8703-444bba091feb@group-7EFB2D698939-SegmentedRaftLogWorker] INFO  segmented.SegmentedRaftLogWorker (SegmentedRaftLogWorker.java:execute(629)) - 907e746a-156d-4134-8703-444bba091feb@group-7EFB2D698939-SegmentedRaftLogWorker: created new log segment /home/runner/work/ozone/ozone/hadoop-ozone/integration-test/target/test-dir/MiniOzoneClusterImpl-19e7b4a3-42bc-4567-acfc-6f1f2d45bde8/datanode-0/data/ratis/ee1ff788-904b-4bd4-8a3f-7efb2d698939/current/log_inprogress_0
2022-10-13 11:29:06,028 [EventQueue-OpenPipelineForHealthyPipelineSafeModeRule] INFO  safemode.SCMSafeModeManager (HealthyPipelineSafeModeRule.java:process(137)) - SCM in safe mode. Healthy pipelines reported count is 0, required healthy pipeline reported count is 1
2022-10-13 11:29:06,033 [EventQueue-OpenPipelineForHealthyPipelineSafeModeRule] INFO  safemode.SCMSafeModeManager (HealthyPipelineSafeModeRule.java:process(137)) - SCM in safe mode. Healthy pipelines reported count is 1, required healthy pipeline reported count is 1
2022-10-13 11:29:06,033 [EventQueue-OpenPipelineForHealthyPipelineSafeModeRule] INFO  safemode.SCMSafeModeManager (SCMSafeModeManager.java:validateSafeModeExitRules(204)) - HealthyPipelineSafeModeRule rule is successfully validated
2022-10-13 11:29:06,033 [EventQueue-OpenPipelineForHealthyPipelineSafeModeRule] INFO  safemode.SCMSafeModeManager (SCMSafeModeManager.java:validateSafeModeExitRules(219)) - ScmSafeModeManager, all rules are successfully validated
2022-10-13 11:29:06,033 [EventQueue-OpenPipelineForHealthyPipelineSafeModeRule] INFO  safemode.SCMSafeModeManager (SCMSafeModeManager.java:exitSafeMode(248)) - SCM exiting safe mode.
2022-10-13 11:29:06,034 [EventQueue-OpenPipelineForHealthyPipelineSafeModeRule] WARN  events.EventQueue (EventQueue.java:fireEvent(216)) - No event handler registered for event TypedEvent{payloadType=SafeModeStatus, name='Safe mode status'}
2022-10-13 11:29:06,034 [EventQueue-OpenPipelineForHealthyPipelineSafeModeRule] INFO  ha.SCMContext (SCMContext.java:updateSafeModeStatus(228)) - Update SafeModeStatus from SafeModeStatus{safeModeStatus=true, preCheckPassed=true} to SafeModeStatus{safeModeStatus=false, preCheckPassed=true}.
2022-10-13 11:29:06,034 [EventQueue-OpenPipelineForHealthyPipelineSafeModeRule] INFO  pipeline.BackgroundPipelineCreator (BackgroundPipelineCreator.java:notifyStatusChanged(254)) - Service BackgroundPipelineCreator transitions to RUNNING.
2022-10-13 11:29:06,034 [EventQueue-OpenPipelineForHealthyPipelineSafeModeRule] INFO  BackgroundPipelineScrubber (BackgroundSCMService.java:notifyStatusChanged(82)) - Service BackgroundPipelineScrubber transitions to RUNNING.
2022-10-13 11:29:06,034 [EventQueue-OpenPipelineForHealthyPipelineSafeModeRule] INFO  ExpiredContainerReplicaOpScrubber (BackgroundSCMService.java:notifyStatusChanged(82)) - Service ExpiredContainerReplicaOpScrubber transitions to RUNNING.
2022-10-13 11:29:06,034 [EventQueue-OpenPipelineForHealthyPipelineSafeModeRule] INFO  replication.ReplicationManager (ReplicationManager.java:notifyStatusChanged(728)) - Service ReplicationManager transitions to RUNNING.
2022-10-13 11:29:06,034 [EventQueue-OpenPipelineForHealthyPipelineSafeModeRule] WARN  balancer.ContainerBalancer (ContainerBalancer.java:shouldRun(936)) - Could not find persisted configuration for ContainerBalancer when checking if ContainerBalancer should run. ContainerBalancer should not run now.
2022-10-13 11:29:06,038 [grpc-default-executor-1] INFO  server.RaftServer$Division (RaftServerImpl.java:requestVote(1152)) - 0745b8b8-0e66-4c37-8dad-d9626659dfe4@group-7EFB2D698939: receive requestVote(ELECTION, 907e746a-156d-4134-8703-444bba091feb, group-7EFB2D698939, 1, (t:0, i:0))
2022-10-13 11:29:06,038 [grpc-default-executor-1] INFO  impl.VoteContext (VoteContext.java:log(48)) - 0745b8b8-0e66-4c37-8dad-d9626659dfe4@group-7EFB2D698939-FOLLOWER: accept ELECTION from 907e746a-156d-4134-8703-444bba091feb: our priority 0 <= candidate's priority 1
2022-10-13 11:29:06,038 [grpc-default-executor-1] INFO  server.RaftServer$Division (RaftServerImpl.java:setRole(299)) - 0745b8b8-0e66-4c37-8dad-d9626659dfe4@group-7EFB2D698939: changes role from  FOLLOWER to FOLLOWER at term 1 for candidate:907e746a-156d-4134-8703-444bba091feb
2022-10-13 11:29:06,038 [grpc-default-executor-1] INFO  impl.RoleInfo (RoleInfo.java:shutdownFollowerState(110)) - 0745b8b8-0e66-4c37-8dad-d9626659dfe4: shutdown 0745b8b8-0e66-4c37-8dad-d9626659dfe4@group-7EFB2D698939-FollowerState
2022-10-13 11:29:06,038 [907e746a-156d-4134-8703-444bba091feb@group-7EFB2D698939-LeaderElection16] INFO  server.RaftServer$Division (ServerState.java:setRaftConf(393)) - 907e746a-156d-4134-8703-444bba091feb@group-7EFB2D698939: set configuration 0: [0745b8b8-0e66-4c37-8dad-d9626659dfe4|rpc:10.1.0.139:35951|dataStream:|priority:0, 948c17cc-3e3a-4e0b-bb31-fb01344eff50|rpc:10.1.0.139:46025|dataStream:|priority:0, 907e746a-156d-4134-8703-444bba091feb|rpc:10.1.0.139:45489|dataStream:|priority:1], old=null
2022-10-13 11:29:06,038 [0745b8b8-0e66-4c37-8dad-d9626659dfe4@group-7EFB2D698939-FollowerState] INFO  impl.FollowerState (FollowerState.java:run(152)) - 0745b8b8-0e66-4c37-8dad-d9626659dfe4@group-7EFB2D698939-FollowerState was interrupted
2022-10-13 11:29:06,038 [grpc-default-executor-1] INFO  impl.RoleInfo (RoleInfo.java:updateAndGet(139)) - 0745b8b8-0e66-4c37-8dad-d9626659dfe4: start 0745b8b8-0e66-4c37-8dad-d9626659dfe4@group-7EFB2D698939-FollowerState
2022-10-13 11:29:06,047 [grpc-default-executor-1] INFO  server.RaftServer$Division (RaftServerImpl.java:requestVote(1184)) - 0745b8b8-0e66-4c37-8dad-d9626659dfe4@group-7EFB2D698939 replies to ELECTION vote request: 907e746a-156d-4134-8703-444bba091feb<-0745b8b8-0e66-4c37-8dad-d9626659dfe4#0:OK-t1. Peer's state: 0745b8b8-0e66-4c37-8dad-d9626659dfe4@group-7EFB2D698939:t1, leader=null, voted=907e746a-156d-4134-8703-444bba091feb, raftlog=0745b8b8-0e66-4c37-8dad-d9626659dfe4@group-7EFB2D698939-SegmentedRaftLog:OPENED:c-1, conf=-1: [0745b8b8-0e66-4c37-8dad-d9626659dfe4|rpc:10.1.0.139:35951|dataStream:|priority:0, 948c17cc-3e3a-4e0b-bb31-fb01344eff50|rpc:10.1.0.139:46025|dataStream:|priority:0, 907e746a-156d-4134-8703-444bba091feb|rpc:10.1.0.139:45489|dataStream:|priority:1], old=null
2022-10-13 11:29:06,067 [948c17cc-3e3a-4e0b-bb31-fb01344eff50-server-thread1] INFO  ratis.XceiverServerRatis (XceiverServerRatis.java:handleLeaderChangedNotification(863)) - Leader change notification received for group: group-7EFB2D698939 with new leaderId: 907e746a-156d-4134-8703-444bba091feb
2022-10-13 11:29:06,067 [0745b8b8-0e66-4c37-8dad-d9626659dfe4-server-thread1] INFO  ratis.XceiverServerRatis (XceiverServerRatis.java:handleLeaderChangedNotification(863)) - Leader change notification received for group: group-7EFB2D698939 with new leaderId: 907e746a-156d-4134-8703-444bba091feb
2022-10-13 11:29:06,067 [0745b8b8-0e66-4c37-8dad-d9626659dfe4-server-thread1] INFO  server.RaftServer$Division (ServerState.java:setLeader(287)) - 0745b8b8-0e66-4c37-8dad-d9626659dfe4@group-7EFB2D698939: change Leader from null to 907e746a-156d-4134-8703-444bba091feb at term 1 for appendEntries, leader elected after 5070ms
2022-10-13 11:29:06,067 [948c17cc-3e3a-4e0b-bb31-fb01344eff50-server-thread1] INFO  server.RaftServer$Division (ServerState.java:setLeader(287)) - 948c17cc-3e3a-4e0b-bb31-fb01344eff50@group-7EFB2D698939: change Leader from null to 907e746a-156d-4134-8703-444bba091feb at term 1 for appendEntries, leader elected after 5030ms
2022-10-13 11:29:06,069 [0745b8b8-0e66-4c37-8dad-d9626659dfe4-server-thread1] INFO  server.RaftServer$Division (ServerState.java:setRaftConf(393)) - 0745b8b8-0e66-4c37-8dad-d9626659dfe4@group-7EFB2D698939: set configuration 0: [0745b8b8-0e66-4c37-8dad-d9626659dfe4|rpc:10.1.0.139:35951|dataStream:|priority:0, 948c17cc-3e3a-4e0b-bb31-fb01344eff50|rpc:10.1.0.139:46025|dataStream:|priority:0, 907e746a-156d-4134-8703-444bba091feb|rpc:10.1.0.139:45489|dataStream:|priority:1], old=null
2022-10-13 11:29:06,070 [0745b8b8-0e66-4c37-8dad-d9626659dfe4-server-thread1] INFO  segmented.SegmentedRaftLogWorker (SegmentedRaftLogWorker.java:startLogSegment(425)) - 0745b8b8-0e66-4c37-8dad-d9626659dfe4@group-7EFB2D698939-SegmentedRaftLogWorker: Starting segment from index:0
2022-10-13 11:29:06,076 [0745b8b8-0e66-4c37-8dad-d9626659dfe4@group-7EFB2D698939-SegmentedRaftLogWorker] INFO  segmented.SegmentedRaftLogWorker (SegmentedRaftLogWorker.java:execute(629)) - 0745b8b8-0e66-4c37-8dad-d9626659dfe4@group-7EFB2D698939-SegmentedRaftLogWorker: created new log segment /home/runner/work/ozone/ozone/hadoop-ozone/integration-test/target/test-dir/MiniOzoneClusterImpl-19e7b4a3-42bc-4567-acfc-6f1f2d45bde8/datanode-1/data/ratis/ee1ff788-904b-4bd4-8a3f-7efb2d698939/current/log_inprogress_0
2022-10-13 11:29:06,077 [948c17cc-3e3a-4e0b-bb31-fb01344eff50-server-thread1] INFO  server.RaftServer$Division (ServerState.java:setRaftConf(393)) - 948c17cc-3e3a-4e0b-bb31-fb01344eff50@group-7EFB2D698939: set configuration 0: [0745b8b8-0e66-4c37-8dad-d9626659dfe4|rpc:10.1.0.139:35951|dataStream:|priority:0, 948c17cc-3e3a-4e0b-bb31-fb01344eff50|rpc:10.1.0.139:46025|dataStream:|priority:0, 907e746a-156d-4134-8703-444bba091feb|rpc:10.1.0.139:45489|dataStream:|priority:1], old=null
2022-10-13 11:29:06,077 [948c17cc-3e3a-4e0b-bb31-fb01344eff50-server-thread1] INFO  segmented.SegmentedRaftLogWorker (SegmentedRaftLogWorker.java:startLogSegment(425)) - 948c17cc-3e3a-4e0b-bb31-fb01344eff50@group-7EFB2D698939-SegmentedRaftLogWorker: Starting segment from index:0
2022-10-13 11:29:06,081 [948c17cc-3e3a-4e0b-bb31-fb01344eff50@group-7EFB2D698939-SegmentedRaftLogWorker] INFO  segmented.SegmentedRaftLogWorker (SegmentedRaftLogWorker.java:execute(629)) - 948c17cc-3e3a-4e0b-bb31-fb01344eff50@group-7EFB2D698939-SegmentedRaftLogWorker: created new log segment /home/runner/work/ozone/ozone/hadoop-ozone/integration-test/target/test-dir/MiniOzoneClusterImpl-19e7b4a3-42bc-4567-acfc-6f1f2d45bde8/datanode-2/data/ratis/ee1ff788-904b-4bd4-8a3f-7efb2d698939/current/log_inprogress_0
2022-10-13 11:29:06,197 [907e746a-156d-4134-8703-444bba091feb@group-C56C2CD1FE7D-FollowerState] INFO  impl.FollowerState (FollowerState.java:run(143)) - 907e746a-156d-4134-8703-444bba091feb@group-C56C2CD1FE7D-FollowerState: change to CANDIDATE, lastRpcElapsedTime:5127565521ns, electionTimeout:5123ms
2022-10-13 11:29:06,197 [907e746a-156d-4134-8703-444bba091feb@group-C56C2CD1FE7D-FollowerState] INFO  impl.RoleInfo (RoleInfo.java:shutdownFollowerState(110)) - 907e746a-156d-4134-8703-444bba091feb: shutdown 907e746a-156d-4134-8703-444bba091feb@group-C56C2CD1FE7D-FollowerState
2022-10-13 11:29:06,197 [907e746a-156d-4134-8703-444bba091feb@group-C56C2CD1FE7D-FollowerState] INFO  server.RaftServer$Division (RaftServerImpl.java:setRole(299)) - 907e746a-156d-4134-8703-444bba091feb@group-C56C2CD1FE7D: changes role from  FOLLOWER to CANDIDATE at term 0 for changeToCandidate
2022-10-13 11:29:06,198 [907e746a-156d-4134-8703-444bba091feb@group-C56C2CD1FE7D-FollowerState] INFO  server.RaftServerConfigKeys (ConfUtils.java:logGet(46)) - raft.server.leaderelection.pre-vote = false (custom)
2022-10-13 11:29:06,198 [907e746a-156d-4134-8703-444bba091feb@group-C56C2CD1FE7D-FollowerState] INFO  impl.RoleInfo (RoleInfo.java:updateAndGet(139)) - 907e746a-156d-4134-8703-444bba091feb: start 907e746a-156d-4134-8703-444bba091feb@group-C56C2CD1FE7D-LeaderElection18
2022-10-13 11:29:06,200 [907e746a-156d-4134-8703-444bba091feb@group-C56C2CD1FE7D-LeaderElection18] INFO  impl.LeaderElection (LeaderElection.java:askForVotes(310)) - 907e746a-156d-4134-8703-444bba091feb@group-C56C2CD1FE7D-LeaderElection18 ELECTION round 0: submit vote requests at term 1 for -1: [0745b8b8-0e66-4c37-8dad-d9626659dfe4|rpc:10.1.0.139:35951|priority:1, 948c17cc-3e3a-4e0b-bb31-fb01344eff50|rpc:10.1.0.139:46025|priority:0, 907e746a-156d-4134-8703-444bba091feb|rpc:10.1.0.139:45489|priority:0], old=null
2022-10-13 11:29:06,205 [grpc-default-executor-2] INFO  server.RaftServer$Division (RaftServerImpl.java:requestVote(1152)) - 0745b8b8-0e66-4c37-8dad-d9626659dfe4@group-C56C2CD1FE7D: receive requestVote(ELECTION, 907e746a-156d-4134-8703-444bba091feb, group-C56C2CD1FE7D, 1, (t:0, i:0))
2022-10-13 11:29:06,205 [grpc-default-executor-0] INFO  server.RaftServer$Division (RaftServerImpl.java:requestVote(1152)) - 948c17cc-3e3a-4e0b-bb31-fb01344eff50@group-C56C2CD1FE7D: receive requestVote(ELECTION, 907e746a-156d-4134-8703-444bba091feb, group-C56C2CD1FE7D, 1, (t:0, i:0))
2022-10-13 11:29:06,207 [grpc-default-executor-2] INFO  impl.VoteContext (VoteContext.java:log(48)) - 0745b8b8-0e66-4c37-8dad-d9626659dfe4@group-C56C2CD1FE7D-FOLLOWER: reject ELECTION from 907e746a-156d-4134-8703-444bba091feb: our priority 1 > candidate's priority 0
2022-10-13 11:29:06,207 [grpc-default-executor-2] INFO  server.RaftServer$Division (RaftServerImpl.java:setRole(299)) - 0745b8b8-0e66-4c37-8dad-d9626659dfe4@group-C56C2CD1FE7D: changes role from  FOLLOWER to FOLLOWER at term 1 for candidate:907e746a-156d-4134-8703-444bba091feb
2022-10-13 11:29:06,207 [grpc-default-executor-2] INFO  impl.RoleInfo (RoleInfo.java:shutdownFollowerState(110)) - 0745b8b8-0e66-4c37-8dad-d9626659dfe4: shutdown 0745b8b8-0e66-4c37-8dad-d9626659dfe4@group-C56C2CD1FE7D-FollowerState
2022-10-13 11:29:06,207 [grpc-default-executor-2] INFO  impl.RoleInfo (RoleInfo.java:updateAndGet(139)) - 0745b8b8-0e66-4c37-8dad-d9626659dfe4: start 0745b8b8-0e66-4c37-8dad-d9626659dfe4@group-C56C2CD1FE7D-FollowerState
2022-10-13 11:29:06,207 [0745b8b8-0e66-4c37-8dad-d9626659dfe4@group-C56C2CD1FE7D-FollowerState] INFO  impl.FollowerState (FollowerState.java:run(152)) - 0745b8b8-0e66-4c37-8dad-d9626659dfe4@group-C56C2CD1FE7D-FollowerState was interrupted
2022-10-13 11:29:06,207 [grpc-default-executor-0] INFO  impl.VoteContext (VoteContext.java:log(48)) - 948c17cc-3e3a-4e0b-bb31-fb01344eff50@group-C56C2CD1FE7D-FOLLOWER: accept ELECTION from 907e746a-156d-4134-8703-444bba091feb: our priority 0 <= candidate's priority 0
2022-10-13 11:29:06,208 [grpc-default-executor-0] INFO  server.RaftServer$Division (RaftServerImpl.java:setRole(299)) - 948c17cc-3e3a-4e0b-bb31-fb01344eff50@group-C56C2CD1FE7D: changes role from  FOLLOWER to FOLLOWER at term 1 for candidate:907e746a-156d-4134-8703-444bba091feb
2022-10-13 11:29:06,208 [grpc-default-executor-0] INFO  impl.RoleInfo (RoleInfo.java:shutdownFollowerState(110)) - 948c17cc-3e3a-4e0b-bb31-fb01344eff50: shutdown 948c17cc-3e3a-4e0b-bb31-fb01344eff50@group-C56C2CD1FE7D-FollowerState
2022-10-13 11:29:06,208 [grpc-default-executor-0] INFO  impl.RoleInfo (RoleInfo.java:updateAndGet(139)) - 948c17cc-3e3a-4e0b-bb31-fb01344eff50: start 948c17cc-3e3a-4e0b-bb31-fb01344eff50@group-C56C2CD1FE7D-FollowerState
2022-10-13 11:29:06,208 [948c17cc-3e3a-4e0b-bb31-fb01344eff50@group-C56C2CD1FE7D-FollowerState] INFO  impl.FollowerState (FollowerState.java:run(152)) - 948c17cc-3e3a-4e0b-bb31-fb01344eff50@group-C56C2CD1FE7D-FollowerState was interrupted
2022-10-13 11:29:06,210 [grpc-default-executor-2] INFO  server.RaftServer$Division (RaftServerImpl.java:requestVote(1184)) - 0745b8b8-0e66-4c37-8dad-d9626659dfe4@group-C56C2CD1FE7D replies to ELECTION vote request: 907e746a-156d-4134-8703-444bba091feb<-0745b8b8-0e66-4c37-8dad-d9626659dfe4#0:FAIL-t1. Peer's state: 0745b8b8-0e66-4c37-8dad-d9626659dfe4@group-C56C2CD1FE7D:t1, leader=null, voted=null, raftlog=0745b8b8-0e66-4c37-8dad-d9626659dfe4@group-C56C2CD1FE7D-SegmentedRaftLog:OPENED:c-1, conf=-1: [0745b8b8-0e66-4c37-8dad-d9626659dfe4|rpc:10.1.0.139:35951|dataStream:|priority:1, 948c17cc-3e3a-4e0b-bb31-fb01344eff50|rpc:10.1.0.139:46025|dataStream:|priority:0, 907e746a-156d-4134-8703-444bba091feb|rpc:10.1.0.139:45489|dataStream:|priority:0], old=null
2022-10-13 11:29:06,211 [grpc-default-executor-0] INFO  server.RaftServer$Division (RaftServerImpl.java:requestVote(1184)) - 948c17cc-3e3a-4e0b-bb31-fb01344eff50@group-C56C2CD1FE7D replies to ELECTION vote request: 907e746a-156d-4134-8703-444bba091feb<-948c17cc-3e3a-4e0b-bb31-fb01344eff50#0:OK-t1. Peer's state: 948c17cc-3e3a-4e0b-bb31-fb01344eff50@group-C56C2CD1FE7D:t1, leader=null, voted=907e746a-156d-4134-8703-444bba091feb, raftlog=948c17cc-3e3a-4e0b-bb31-fb01344eff50@group-C56C2CD1FE7D-SegmentedRaftLog:OPENED:c-1, conf=-1: [0745b8b8-0e66-4c37-8dad-d9626659dfe4|rpc:10.1.0.139:35951|dataStream:|priority:1, 948c17cc-3e3a-4e0b-bb31-fb01344eff50|rpc:10.1.0.139:46025|dataStream:|priority:0, 907e746a-156d-4134-8703-444bba091feb|rpc:10.1.0.139:45489|dataStream:|priority:0], old=null
2022-10-13 11:29:06,212 [907e746a-156d-4134-8703-444bba091feb@group-C56C2CD1FE7D-LeaderElection18] INFO  impl.LeaderElection (LeaderElection.java:logAndReturn(90)) - 907e746a-156d-4134-8703-444bba091feb@group-C56C2CD1FE7D-LeaderElection18: ELECTION REJECTED received 2 response(s) and 0 exception(s):
2022-10-13 11:29:06,212 [907e746a-156d-4134-8703-444bba091feb@group-C56C2CD1FE7D-LeaderElection18] INFO  impl.LeaderElection (LeaderElection.java:logAndReturn(94)) -   Response 0: 907e746a-156d-4134-8703-444bba091feb<-0745b8b8-0e66-4c37-8dad-d9626659dfe4#0:FAIL-t1
2022-10-13 11:29:06,212 [907e746a-156d-4134-8703-444bba091feb@group-C56C2CD1FE7D-LeaderElection18] INFO  impl.LeaderElection (LeaderElection.java:logAndReturn(94)) -   Response 1: 907e746a-156d-4134-8703-444bba091feb<-948c17cc-3e3a-4e0b-bb31-fb01344eff50#0:OK-t1
2022-10-13 11:29:06,213 [907e746a-156d-4134-8703-444bba091feb@group-C56C2CD1FE7D-LeaderElection18] INFO  impl.LeaderElection (LeaderElection.java:askForVotes(312)) - 907e746a-156d-4134-8703-444bba091feb@group-C56C2CD1FE7D-LeaderElection18 ELECTION round 0: result REJECTED
2022-10-13 11:29:06,213 [907e746a-156d-4134-8703-444bba091feb@group-C56C2CD1FE7D-LeaderElection18] INFO  server.RaftServer$Division (RaftServerImpl.java:setRole(299)) - 907e746a-156d-4134-8703-444bba091feb@group-C56C2CD1FE7D: changes role from CANDIDATE to FOLLOWER at term 1 for REJECTED
2022-10-13 11:29:06,213 [907e746a-156d-4134-8703-444bba091feb@group-C56C2CD1FE7D-LeaderElection18] INFO  impl.RoleInfo (RoleInfo.java:shutdownLeaderElection(130)) - 907e746a-156d-4134-8703-444bba091feb: shutdown 907e746a-156d-4134-8703-444bba091feb@group-C56C2CD1FE7D-LeaderElection18
2022-10-13 11:29:06,213 [907e746a-156d-4134-8703-444bba091feb@group-C56C2CD1FE7D-LeaderElection18] INFO  impl.RoleInfo (RoleInfo.java:updateAndGet(139)) - 907e746a-156d-4134-8703-444bba091feb: start 907e746a-156d-4134-8703-444bba091feb@group-C56C2CD1FE7D-FollowerState
2022-10-13 11:29:06,355 [0745b8b8-0e66-4c37-8dad-d9626659dfe4@group-0C661270D85D-FollowerState] INFO  impl.FollowerState (FollowerState.java:run(143)) - 0745b8b8-0e66-4c37-8dad-d9626659dfe4@group-0C661270D85D-FollowerState: change to CANDIDATE, lastRpcElapsedTime:5113128570ns, electionTimeout:5112ms
2022-10-13 11:29:06,356 [0745b8b8-0e66-4c37-8dad-d9626659dfe4@group-0C661270D85D-FollowerState] INFO  impl.RoleInfo (RoleInfo.java:shutdownFollowerState(110)) - 0745b8b8-0e66-4c37-8dad-d9626659dfe4: shutdown 0745b8b8-0e66-4c37-8dad-d9626659dfe4@group-0C661270D85D-FollowerState
2022-10-13 11:29:06,356 [0745b8b8-0e66-4c37-8dad-d9626659dfe4@group-0C661270D85D-FollowerState] INFO  server.RaftServer$Division (RaftServerImpl.java:setRole(299)) - 0745b8b8-0e66-4c37-8dad-d9626659dfe4@group-0C661270D85D: changes role from  FOLLOWER to CANDIDATE at term 0 for changeToCandidate
2022-10-13 11:29:06,356 [0745b8b8-0e66-4c37-8dad-d9626659dfe4@group-0C661270D85D-FollowerState] INFO  server.RaftServerConfigKeys (ConfUtils.java:logGet(46)) - raft.server.leaderelection.pre-vote = false (custom)
2022-10-13 11:29:06,356 [0745b8b8-0e66-4c37-8dad-d9626659dfe4@group-0C661270D85D-FollowerState] INFO  impl.RoleInfo (RoleInfo.java:updateAndGet(139)) - 0745b8b8-0e66-4c37-8dad-d9626659dfe4: start 0745b8b8-0e66-4c37-8dad-d9626659dfe4@group-0C661270D85D-LeaderElection19
2022-10-13 11:29:06,359 [0745b8b8-0e66-4c37-8dad-d9626659dfe4@group-0C661270D85D-LeaderElection19] INFO  impl.LeaderElection (LeaderElection.java:askForVotes(310)) - 0745b8b8-0e66-4c37-8dad-d9626659dfe4@group-0C661270D85D-LeaderElection19 ELECTION round 0: submit vote requests at term 1 for -1: [0745b8b8-0e66-4c37-8dad-d9626659dfe4|rpc:10.1.0.139:35951|priority:1], old=null
2022-10-13 11:29:06,359 [0745b8b8-0e66-4c37-8dad-d9626659dfe4@group-0C661270D85D-LeaderElection19] INFO  impl.LeaderElection (LeaderElection.java:askForVotes(312)) - 0745b8b8-0e66-4c37-8dad-d9626659dfe4@group-0C661270D85D-LeaderElection19 ELECTION round 0: result PASSED (term=1)
2022-10-13 11:29:06,359 [0745b8b8-0e66-4c37-8dad-d9626659dfe4@group-0C661270D85D-LeaderElection19] INFO  impl.RoleInfo (RoleInfo.java:shutdownLeaderElection(130)) - 0745b8b8-0e66-4c37-8dad-d9626659dfe4: shutdown 0745b8b8-0e66-4c37-8dad-d9626659dfe4@group-0C661270D85D-LeaderElection19
2022-10-13 11:29:06,359 [0745b8b8-0e66-4c37-8dad-d9626659dfe4@group-0C661270D85D-LeaderElection19] INFO  server.RaftServer$Division (RaftServerImpl.java:setRole(299)) - 0745b8b8-0e66-4c37-8dad-d9626659dfe4@group-0C661270D85D: changes role from CANDIDATE to LEADER at term 1 for changeToLeader
2022-10-13 11:29:06,359 [0745b8b8-0e66-4c37-8dad-d9626659dfe4@group-0C661270D85D-LeaderElection19] INFO  ratis.XceiverServerRatis (XceiverServerRatis.java:handleLeaderChangedNotification(863)) - Leader change notification received for group: group-0C661270D85D with new leaderId: 0745b8b8-0e66-4c37-8dad-d9626659dfe4
2022-10-13 11:29:06,359 [0745b8b8-0e66-4c37-8dad-d9626659dfe4@group-0C661270D85D-LeaderElection19] INFO  server.RaftServer$Division (ServerState.java:setLeader(287)) - 0745b8b8-0e66-4c37-8dad-d9626659dfe4@group-0C661270D85D: change Leader from null to 0745b8b8-0e66-4c37-8dad-d9626659dfe4 at term 1 for becomeLeader, leader elected after 5126ms
2022-10-13 11:29:06,360 [0745b8b8-0e66-4c37-8dad-d9626659dfe4@group-0C661270D85D-LeaderElection19] INFO  server.RaftServerConfigKeys (ConfUtils.java:logGet(46)) - raft.server.staging.catchup.gap = 1000 (default)
2022-10-13 11:29:06,360 [0745b8b8-0e66-4c37-8dad-d9626659dfe4@group-0C661270D85D-LeaderElection19] INFO  server.RaftServerConfigKeys (ConfUtils.java:logGet(46)) - raft.server.write.element-limit = 1024 (custom)
2022-10-13 11:29:06,360 [0745b8b8-0e66-4c37-8dad-d9626659dfe4@group-0C661270D85D-LeaderElection19] INFO  server.RaftServerConfigKeys (ConfUtils.java:logGet(46)) - raft.server.write.byte-limit = 1024 M (=1073741824) (custom)
2022-10-13 11:29:06,360 [0745b8b8-0e66-4c37-8dad-d9626659dfe4@group-0C661270D85D-LeaderElection19] INFO  server.RaftServerConfigKeys (ConfUtils.java:logGet(46)) - raft.server.watch.timeout = 180s (custom)
2022-10-13 11:29:06,360 [0745b8b8-0e66-4c37-8dad-d9626659dfe4@group-0C661270D85D-LeaderElection19] INFO  server.RaftServerConfigKeys (ConfUtils.java:logGet(46)) - raft.server.watch.timeout.denomination = 1s (default)
2022-10-13 11:29:06,360 [0745b8b8-0e66-4c37-8dad-d9626659dfe4@group-0C661270D85D-LeaderElection19] INFO  server.RaftServerConfigKeys (ConfUtils.java:logGet(46)) - raft.server.watch.element-limit = 65536 (default)
2022-10-13 11:29:06,360 [0745b8b8-0e66-4c37-8dad-d9626659dfe4@group-0C661270D85D-LeaderElection19] INFO  server.RaftServerConfigKeys (ConfUtils.java:logGet(46)) - raft.server.write.element-limit = 1024 (custom)
2022-10-13 11:29:06,360 [0745b8b8-0e66-4c37-8dad-d9626659dfe4@group-0C661270D85D-LeaderElection19] INFO  server.RaftServerConfigKeys (ConfUtils.java:logGet(46)) - raft.server.write.follower.gap.ratio.max = -1.0 (default)
2022-10-13 11:29:06,361 [0745b8b8-0e66-4c37-8dad-d9626659dfe4@group-0C661270D85D-LeaderElection19] INFO  impl.RoleInfo (RoleInfo.java:updateAndGet(139)) - 0745b8b8-0e66-4c37-8dad-d9626659dfe4: start 0745b8b8-0e66-4c37-8dad-d9626659dfe4@group-0C661270D85D-LeaderStateImpl
2022-10-13 11:29:06,361 [0745b8b8-0e66-4c37-8dad-d9626659dfe4@group-0C661270D85D-LeaderElection19] INFO  segmented.SegmentedRaftLogWorker (SegmentedRaftLogWorker.java:startLogSegment(425)) - 0745b8b8-0e66-4c37-8dad-d9626659dfe4@group-0C661270D85D-SegmentedRaftLogWorker: Starting segment from index:0
2022-10-13 11:29:06,363 [0745b8b8-0e66-4c37-8dad-d9626659dfe4@group-0C661270D85D-LeaderElection19] INFO  server.RaftServer$Division (ServerState.java:setRaftConf(393)) - 0745b8b8-0e66-4c37-8dad-d9626659dfe4@group-0C661270D85D: set configuration 0: [0745b8b8-0e66-4c37-8dad-d9626659dfe4|rpc:10.1.0.139:35951|dataStream:|priority:1], old=null
2022-10-13 11:29:06,366 [0745b8b8-0e66-4c37-8dad-d9626659dfe4@group-0C661270D85D-SegmentedRaftLogWorker] INFO  segmented.SegmentedRaftLogWorker (SegmentedRaftLogWorker.java:execute(629)) - 0745b8b8-0e66-4c37-8dad-d9626659dfe4@group-0C661270D85D-SegmentedRaftLogWorker: created new log segment /home/runner/work/ozone/ozone/hadoop-ozone/integration-test/target/test-dir/MiniOzoneClusterImpl-19e7b4a3-42bc-4567-acfc-6f1f2d45bde8/datanode-1/data/ratis/f743317b-346d-4dcf-93fb-0c661270d85d/current/log_inprogress_0
2022-10-13 11:29:06,569 [Listener at 127.0.0.1/45599] INFO  ozone.MiniOzoneClusterImpl (MiniOzoneClusterImpl.java:lambda$waitForClusterToBeReady$0(216)) - Nodes are ready. Got 3 of 3 DN Heartbeats.
2022-10-13 11:29:06,569 [Listener at 127.0.0.1/45599] INFO  ozone.MiniOzoneClusterImpl (MiniOzoneClusterImpl.java:lambda$waitForClusterToBeReady$0(219)) - Cluster exits safe mode
2022-10-13 11:29:06,569 [Listener at 127.0.0.1/45599] INFO  ozone.MiniOzoneClusterImpl (MiniOzoneClusterImpl.java:lambda$waitForClusterToBeReady$0(221)) - SCM became leader
]]></system-out>
    </rerunFailure>
    <rerunFailure type="java.lang.AssertionError">
      <stackTrace><![CDATA[java.lang.AssertionError
	at org.junit.Assert.fail(Assert.java:87)
	at org.junit.Assert.assertTrue(Assert.java:42)
	at org.junit.Assert.assertTrue(Assert.java:53)
	at org.apache.hadoop.hdds.scm.TestRatisPipelineLeader.testLeaderIdAfterLeaderChange(TestRatisPipelineLeader.java:119)
	at sun.reflect.NativeMethodAccessorImpl.invoke0(Native Method)
	at sun.reflect.NativeMethodAccessorImpl.invoke(NativeMethodAccessorImpl.java:62)
	at sun.reflect.DelegatingMethodAccessorImpl.invoke(DelegatingMethodAccessorImpl.java:43)
	at java.lang.reflect.Method.invoke(Method.java:498)
	at org.junit.platform.commons.util.ReflectionUtils.invokeMethod(ReflectionUtils.java:725)
	at org.junit.jupiter.engine.execution.MethodInvocation.proceed(MethodInvocation.java:60)
	at org.junit.jupiter.engine.execution.InvocationInterceptorChain$ValidatingInvocation.proceed(InvocationInterceptorChain.java:131)
	at org.junit.jupiter.engine.extension.TimeoutInvocation.proceed(TimeoutInvocation.java:46)
	at org.junit.jupiter.engine.extension.TimeoutExtension.intercept(TimeoutExtension.java:149)
	at org.junit.jupiter.engine.extension.TimeoutExtension.interceptTestableMethod(TimeoutExtension.java:140)
	at org.junit.jupiter.engine.extension.TimeoutExtension.interceptTestMethod(TimeoutExtension.java:84)
	at org.junit.jupiter.engine.execution.ExecutableInvoker$ReflectiveInterceptorCall.lambda$ofVoidMethod$0(ExecutableInvoker.java:115)
	at org.junit.jupiter.engine.execution.ExecutableInvoker.lambda$invoke$0(ExecutableInvoker.java:105)
	at org.junit.jupiter.engine.execution.InvocationInterceptorChain$InterceptedInvocation.proceed(InvocationInterceptorChain.java:106)
	at org.junit.jupiter.engine.execution.InvocationInterceptorChain.proceed(InvocationInterceptorChain.java:64)
	at org.junit.jupiter.engine.execution.InvocationInterceptorChain.chainAndInvoke(InvocationInterceptorChain.java:45)
	at org.junit.jupiter.engine.execution.InvocationInterceptorChain.invoke(InvocationInterceptorChain.java:37)
	at org.junit.jupiter.engine.execution.ExecutableInvoker.invoke(ExecutableInvoker.java:104)
	at org.junit.jupiter.engine.execution.ExecutableInvoker.invoke(ExecutableInvoker.java:98)
	at org.junit.jupiter.engine.descriptor.TestMethodTestDescriptor.lambda$invokeTestMethod$7(TestMethodTestDescriptor.java:214)
	at org.junit.platform.engine.support.hierarchical.ThrowableCollector.execute(ThrowableCollector.java:73)
	at org.junit.jupiter.engine.descriptor.TestMethodTestDescriptor.invokeTestMethod(TestMethodTestDescriptor.java:210)
	at org.junit.jupiter.engine.descriptor.TestMethodTestDescriptor.execute(TestMethodTestDescriptor.java:135)
	at org.junit.jupiter.engine.descriptor.TestMethodTestDescriptor.execute(TestMethodTestDescriptor.java:66)
	at org.junit.platform.engine.support.hierarchical.NodeTestTask.lambda$executeRecursively$6(NodeTestTask.java:151)
	at org.junit.platform.engine.support.hierarchical.ThrowableCollector.execute(ThrowableCollector.java:73)
	at org.junit.platform.engine.support.hierarchical.NodeTestTask.lambda$executeRecursively$8(NodeTestTask.java:141)
	at org.junit.platform.engine.support.hierarchical.Node.around(Node.java:137)
	at org.junit.platform.engine.support.hierarchical.NodeTestTask.lambda$executeRecursively$9(NodeTestTask.java:139)
	at org.junit.platform.engine.support.hierarchical.ThrowableCollector.execute(ThrowableCollector.java:73)
	at org.junit.platform.engine.support.hierarchical.NodeTestTask.executeRecursively(NodeTestTask.java:138)
	at org.junit.platform.engine.support.hierarchical.NodeTestTask.execute(NodeTestTask.java:95)
	at java.util.ArrayList.forEach(ArrayList.java:1259)
	at org.junit.platform.engine.support.hierarchical.SameThreadHierarchicalTestExecutorService.invokeAll(SameThreadHierarchicalTestExecutorService.java:41)
	at org.junit.platform.engine.support.hierarchical.NodeTestTask.lambda$executeRecursively$6(NodeTestTask.java:155)
	at org.junit.platform.engine.support.hierarchical.ThrowableCollector.execute(ThrowableCollector.java:73)
	at org.junit.platform.engine.support.hierarchical.NodeTestTask.lambda$executeRecursively$8(NodeTestTask.java:141)
	at org.junit.platform.engine.support.hierarchical.Node.around(Node.java:137)
	at org.junit.platform.engine.support.hierarchical.NodeTestTask.lambda$executeRecursively$9(NodeTestTask.java:139)
	at org.junit.platform.engine.support.hierarchical.ThrowableCollector.execute(ThrowableCollector.java:73)
	at org.junit.platform.engine.support.hierarchical.NodeTestTask.executeRecursively(NodeTestTask.java:138)
	at org.junit.platform.engine.support.hierarchical.NodeTestTask.execute(NodeTestTask.java:95)
	at java.util.ArrayList.forEach(ArrayList.java:1259)
	at org.junit.platform.engine.support.hierarchical.SameThreadHierarchicalTestExecutorService.invokeAll(SameThreadHierarchicalTestExecutorService.java:41)
	at org.junit.platform.engine.support.hierarchical.NodeTestTask.lambda$executeRecursively$6(NodeTestTask.java:155)
	at org.junit.platform.engine.support.hierarchical.ThrowableCollector.execute(ThrowableCollector.java:73)
	at org.junit.platform.engine.support.hierarchical.NodeTestTask.lambda$executeRecursively$8(NodeTestTask.java:141)
	at org.junit.platform.engine.support.hierarchical.Node.around(Node.java:137)
	at org.junit.platform.engine.support.hierarchical.NodeTestTask.lambda$executeRecursively$9(NodeTestTask.java:139)
	at org.junit.platform.engine.support.hierarchical.ThrowableCollector.execute(ThrowableCollector.java:73)
	at org.junit.platform.engine.support.hierarchical.NodeTestTask.executeRecursively(NodeTestTask.java:138)
	at org.junit.platform.engine.support.hierarchical.NodeTestTask.execute(NodeTestTask.java:95)
	at org.junit.platform.engine.support.hierarchical.SameThreadHierarchicalTestExecutorService.submit(SameThreadHierarchicalTestExecutorService.java:35)
	at org.junit.platform.engine.support.hierarchical.HierarchicalTestExecutor.execute(HierarchicalTestExecutor.java:57)
	at org.junit.platform.engine.support.hierarchical.HierarchicalTestEngine.execute(HierarchicalTestEngine.java:54)
	at org.junit.platform.launcher.core.EngineExecutionOrchestrator.execute(EngineExecutionOrchestrator.java:107)
	at org.junit.platform.launcher.core.EngineExecutionOrchestrator.execute(EngineExecutionOrchestrator.java:88)
	at org.junit.platform.launcher.core.EngineExecutionOrchestrator.lambda$execute$0(EngineExecutionOrchestrator.java:54)
	at org.junit.platform.launcher.core.EngineExecutionOrchestrator.withInterceptedStreams(EngineExecutionOrchestrator.java:67)
	at org.junit.platform.launcher.core.EngineExecutionOrchestrator.execute(EngineExecutionOrchestrator.java:52)
	at org.junit.platform.launcher.core.DefaultLauncher.execute(DefaultLauncher.java:114)
	at org.junit.platform.launcher.core.DefaultLauncher.execute(DefaultLauncher.java:86)
	at org.junit.platform.launcher.core.DefaultLauncherSession$DelegatingLauncher.execute(DefaultLauncherSession.java:86)
	at org.junit.platform.launcher.core.SessionPerRequestLauncher.execute(SessionPerRequestLauncher.java:53)
	at org.apache.maven.surefire.junitplatform.JUnitPlatformProvider.invokeAllTests(JUnitPlatformProvider.java:165)
	at org.apache.maven.surefire.junitplatform.JUnitPlatformProvider.invoke(JUnitPlatformProvider.java:124)
	at org.apache.maven.surefire.booter.ForkedBooter.runSuitesInProcess(ForkedBooter.java:428)
	at org.apache.maven.surefire.booter.ForkedBooter.execute(ForkedBooter.java:162)
	at org.apache.maven.surefire.booter.ForkedBooter.run(ForkedBooter.java:562)
	at org.apache.maven.surefire.booter.ForkedBooter.main(ForkedBooter.java:548)
]]></stackTrace>
      <system-out><![CDATA[2022-10-13 11:29:10,883 [Listener at 127.0.0.1/45599] WARN  server.ServerUtils (ServerUtils.java:getScmDbDir(148)) - ozone.scm.db.dirs is not configured. We recommend adding this setting. Falling back to ozone.metadata.dirs instead.
2022-10-13 11:29:10,887 [Listener at 127.0.0.1/45599] WARN  server.ServerUtils (ServerUtils.java:getScmDbDir(148)) - ozone.scm.db.dirs is not configured. We recommend adding this setting. Falling back to ozone.metadata.dirs instead.
2022-10-13 11:29:10,887 [Listener at 127.0.0.1/45599] INFO  ha.SCMHANodeDetails (SCMHANodeDetails.java:loadSCMHAConfig(209)) - ServiceID for StorageContainerManager is null
2022-10-13 11:29:10,887 [Listener at 127.0.0.1/45599] INFO  ha.SCMHANodeDetails (SCMHANodeDetails.java:loadSCMHAConfig(214)) - ozone.scm.default.service.id is not defined, falling back to ozone.scm.service.ids to find serviceID for StorageContainerManager if it is HA enabled cluster
2022-10-13 11:29:10,888 [Listener at 127.0.0.1/45599] WARN  utils.HAUtils (HAUtils.java:getMetaDir(342)) - ozone.scm.db.dirs is not configured. We recommend adding this setting. Falling back to ozone.metadata.dirs instead.
2022-10-13 11:29:10,888 [Listener at 127.0.0.1/45599] WARN  db.DBStoreBuilder (DBStoreBuilder.java:applyDBDefinition(144)) - ozone.scm.db.dirs is not configured. We recommend adding this setting. Falling back to ozone.metadata.dirs instead.
2022-10-13 11:29:10,997 [Listener at 127.0.0.1/45599] INFO  net.NodeSchemaLoader (NodeSchemaLoader.java:loadSchemaFromFile(129)) - Loading schema from [jar:file:/home/runner/.m2/repository/org/apache/ozone/hdds-common/1.3.0-SNAPSHOT/hdds-common-1.3.0-SNAPSHOT.jar!/network-topology-default.xml]
2022-10-13 11:29:10,997 [Listener at 127.0.0.1/45599] INFO  net.NodeSchemaLoader (NodeSchemaLoader.java:loadSchema(176)) - Loading network topology layer schema file
2022-10-13 11:29:11,000 [Listener at 127.0.0.1/45599] INFO  upgrade.AbstractLayoutVersionManager (AbstractLayoutVersionManager.java:init(83)) - Initializing Layout version manager with metadata layout = DATANODE_SCHEMA_V3 (version = 4), software layout = DATANODE_SCHEMA_V3 (version = 4)
2022-10-13 11:29:11,042 [Listener at 127.0.0.1/45599] INFO  reflections.Reflections (Reflections.java:scan(232)) - Reflections took 42 ms to scan 7 urls, producing 137 keys and 328 values 
2022-10-13 11:29:11,043 [Listener at 127.0.0.1/45599] INFO  ha.SequenceIdGenerator (SequenceIdGenerator.java:upgradeToSequenceId(349)) - upgrade localId to 109611004723200000
2022-10-13 11:29:11,044 [Listener at 127.0.0.1/45599] INFO  ha.SequenceIdGenerator (SequenceIdGenerator.java:upgradeToSequenceId(359)) - upgrade delTxnId to 0
2022-10-13 11:29:11,044 [Listener at 127.0.0.1/45599] INFO  ha.SequenceIdGenerator (SequenceIdGenerator.java:upgradeToSequenceId(376)) - upgrade containerId to 0
2022-10-13 11:29:11,044 [Listener at 127.0.0.1/45599] INFO  ha.SequenceIdGenerator (SequenceIdGenerator.java:<init>(220)) - Init the HA SequenceIdGenerator.
2022-10-13 11:29:11,045 [Listener at 127.0.0.1/45599] WARN  server.ServerUtils (ServerUtils.java:sanitizeUserArgs(73)) - ozone.scm.stale.node.interval value = 300000 is larger than max = 100000 based on the key value of ozone.scm.heartbeat.thread.interval, reset to the max value 100000.
2022-10-13 11:29:11,045 [Listener at 127.0.0.1/45599] WARN  server.ServerUtils (ServerUtils.java:sanitizeUserArgs(73)) - ozone.scm.stale.node.interval value = 300000 is larger than max = 100000 based on the key value of ozone.scm.heartbeat.thread.interval, reset to the max value 100000.
2022-10-13 11:29:11,049 [Listener at 127.0.0.1/45599] INFO  node.SCMNodeManager (SCMNodeManager.java:<init>(149)) - Entering startup safe mode.
2022-10-13 11:29:11,049 [Listener at 127.0.0.1/45599] INFO  algorithms.ContainerPlacementPolicyFactory (ContainerPlacementPolicyFactory.java:getPolicyInternal(86)) - Create container placement policy of type org.apache.hadoop.hdds.scm.container.placement.algorithms.SCMContainerPlacementRandom
2022-10-13 11:29:11,050 [Listener at 127.0.0.1/45599] INFO  algorithms.ContainerPlacementPolicyFactory (ContainerPlacementPolicyFactory.java:getPolicyInternal(86)) - Create container placement policy of type org.apache.hadoop.hdds.scm.container.placement.algorithms.SCMContainerPlacementRackScatter
2022-10-13 11:29:11,050 [Listener at 127.0.0.1/45599] INFO  pipeline.PipelineStateManagerImpl (PipelineStateManagerImpl.java:initialize(78)) - No pipeline exists in current db
2022-10-13 11:29:11,050 [Listener at 127.0.0.1/45599] INFO  algorithms.LeaderChoosePolicyFactory (LeaderChoosePolicyFactory.java:getPolicy(57)) - Create leader choose policy of type org.apache.hadoop.hdds.scm.pipeline.leader.choose.algorithms.MinLeaderCountChoosePolicy
2022-10-13 11:29:11,050 [Listener at 127.0.0.1/45599] INFO  algorithms.ContainerPlacementPolicyFactory (ContainerPlacementPolicyFactory.java:getPolicyInternal(86)) - Create container placement policy of type org.apache.hadoop.hdds.scm.container.placement.algorithms.SCMContainerPlacementRackScatter
2022-10-13 11:29:11,050 [Listener at 127.0.0.1/45599] INFO  ha.SCMServiceManager (SCMServiceManager.java:register(42)) - Registering service BackgroundPipelineCreator.
2022-10-13 11:29:11,051 [Listener at 127.0.0.1/45599] INFO  pipeline.BackgroundPipelineCreator (BackgroundPipelineCreator.java:start(124)) - Starting RatisPipelineUtilsThread.
2022-10-13 11:29:11,051 [Listener at 127.0.0.1/45599] INFO  BackgroundPipelineScrubber (BackgroundSCMService.java:start(68)) - Starting BackgroundPipelineScrubber Service.
2022-10-13 11:29:11,051 [Listener at 127.0.0.1/45599] INFO  ha.SCMServiceManager (SCMServiceManager.java:register(42)) - Registering service BackgroundPipelineScrubber.
2022-10-13 11:29:11,051 [Listener at 127.0.0.1/45599] INFO  ExpiredContainerReplicaOpScrubber (BackgroundSCMService.java:start(68)) - Starting ExpiredContainerReplicaOpScrubber Service.
2022-10-13 11:29:11,052 [Listener at 127.0.0.1/45599] INFO  ha.SCMServiceManager (SCMServiceManager.java:register(42)) - Registering service ExpiredContainerReplicaOpScrubber.
2022-10-13 11:29:11,053 [Listener at 127.0.0.1/45599] INFO  algorithms.PipelineChoosePolicyFactory (PipelineChoosePolicyFactory.java:createPipelineChoosePolicyFromClass(73)) - Create pipeline choose policy of type org.apache.hadoop.hdds.scm.pipeline.choose.algorithms.RandomPipelineChoosePolicy
2022-10-13 11:29:11,053 [Listener at 127.0.0.1/45599] INFO  ha.SCMServiceManager (SCMServiceManager.java:register(42)) - Registering service SCMBlockDeletingService.
2022-10-13 11:29:11,054 [Listener at 127.0.0.1/45599] INFO  replication.ReplicationManager (ReplicationManager.java:start(223)) - Starting Replication Monitor Thread.
2022-10-13 11:29:11,055 [Listener at 127.0.0.1/45599] INFO  ha.SCMServiceManager (SCMServiceManager.java:register(42)) - Registering service ReplicationManager.
2022-10-13 11:29:11,055 [ReplicationMonitor] INFO  replication.ReplicationManager (ReplicationManager.java:processAll(291)) - Replication Manager is not ready to run until 3000ms after safemode exit
2022-10-13 11:29:11,055 [Listener at 127.0.0.1/45599] INFO  safemode.ContainerSafeModeRule (ContainerSafeModeRule.java:<init>(89)) - containers with one replica threshold count 0
2022-10-13 11:29:11,055 [Listener at 127.0.0.1/45599] INFO  safemode.HealthyPipelineSafeModeRule (HealthyPipelineSafeModeRule.java:initializeRule(169)) - Total pipeline count is 0, healthy pipeline threshold count is 1
2022-10-13 11:29:11,056 [Listener at 127.0.0.1/45599] INFO  safemode.OneReplicaPipelineSafeModeRule (OneReplicaPipelineSafeModeRule.java:initializeRule(180)) - Total pipeline count is 0, pipeline's with at least one datanode reported threshold count is 0
2022-10-13 11:29:11,056 [Listener at 127.0.0.1/45599] INFO  ipc.CallQueueManager (CallQueueManager.java:<init>(90)) - Using callQueue: class java.util.concurrent.LinkedBlockingQueue, queueCapacity: 2000, scheduler: class org.apache.hadoop.ipc.DefaultRpcScheduler, ipcBackoff: false.
2022-10-13 11:29:11,057 [Socket Reader #1 for port 0] INFO  ipc.Server (Server.java:run(1273)) - Starting Socket Reader #1 for port 0
2022-10-13 11:29:11,057 [Listener at 0.0.0.0/34091] INFO  ipc.CallQueueManager (CallQueueManager.java:<init>(90)) - Using callQueue: class java.util.concurrent.LinkedBlockingQueue, queueCapacity: 2000, scheduler: class org.apache.hadoop.ipc.DefaultRpcScheduler, ipcBackoff: false.
2022-10-13 11:29:11,058 [Socket Reader #1 for port 0] INFO  ipc.Server (Server.java:run(1273)) - Starting Socket Reader #1 for port 0
2022-10-13 11:29:11,062 [Listener at 0.0.0.0/38293] INFO  ipc.CallQueueManager (CallQueueManager.java:<init>(90)) - Using callQueue: class java.util.concurrent.LinkedBlockingQueue, queueCapacity: 2000, scheduler: class org.apache.hadoop.ipc.DefaultRpcScheduler, ipcBackoff: false.
2022-10-13 11:29:11,062 [Socket Reader #1 for port 0] INFO  ipc.Server (Server.java:run(1273)) - Starting Socket Reader #1 for port 0
2022-10-13 11:29:11,079 [Listener at 0.0.0.0/38383] INFO  ha.SCMServiceManager (SCMServiceManager.java:register(42)) - Registering service ContainerBalancer.
2022-10-13 11:29:11,079 [Listener at 0.0.0.0/38383] INFO  server.StorageContainerManager (StorageContainerManager.java:<init>(410)) - 
Container Balancer status:
Key                            Value
Running                        false
Container Balancer Configuration values:
Key                                                Value
Threshold                                          10
Max Datanodes to Involve per Iteration(percent)    20
Max Size to Move per Iteration                     500GB
Max Size Entering Target per Iteration             26GB
Max Size Leaving Source per Iteration              26GB

2022-10-13 11:29:11,080 [Listener at 0.0.0.0/38383] WARN  events.EventQueue (EventQueue.java:fireEvent(216)) - No event handler registered for event TypedEvent{payloadType=SafeModeStatus, name='Safe mode status'}
2022-10-13 11:29:11,080 [Listener at 0.0.0.0/38383] INFO  ha.SCMContext (SCMContext.java:updateSafeModeStatus(228)) - Update SafeModeStatus from SafeModeStatus{safeModeStatus=true, preCheckPassed=false} to SafeModeStatus{safeModeStatus=true, preCheckPassed=false}.
2022-10-13 11:29:11,080 [Listener at 0.0.0.0/38383] INFO  server.StorageContainerManager (StorageContainerManager.java:start(1436)) - StorageContainerLocationProtocol RPC server is listening at /0.0.0.0:38383
2022-10-13 11:29:11,082 [Listener at 0.0.0.0/38383] WARN  impl.MetricsConfig (MetricsConfig.java:loadFirst(136)) - Cannot locate configuration: tried hadoop-metrics2-storagecontainermanager.properties,hadoop-metrics2.properties
2022-10-13 11:29:11,082 [Listener at 0.0.0.0/38383] INFO  impl.MetricsSystemImpl (MetricsSystemImpl.java:startTimer(378)) - Scheduled Metric snapshot period at 10 second(s).
2022-10-13 11:29:11,082 [Listener at 0.0.0.0/38383] INFO  impl.MetricsSystemImpl (MetricsSystemImpl.java:start(191)) - StorageContainerManager metrics system started
2022-10-13 11:29:11,093 [Listener at 0.0.0.0/38383] INFO  impl.MetricsSinkAdapter (MetricsSinkAdapter.java:start(204)) - Sink prometheus started
2022-10-13 11:29:11,093 [Listener at 0.0.0.0/38383] INFO  impl.MetricsSystemImpl (MetricsSystemImpl.java:registerSink(305)) - Registered sink prometheus
2022-10-13 11:29:11,104 [Listener at 0.0.0.0/38383] INFO  server.SCMClientProtocolServer (SCMClientProtocolServer.java:start(170)) - RPC server for Client  is listening at /0.0.0.0:38383
2022-10-13 11:29:11,105 [IPC Server Responder] INFO  ipc.Server (Server.java:run(1512)) - IPC Server Responder: starting
2022-10-13 11:29:11,105 [IPC Server listener on 0] INFO  ipc.Server (Server.java:run(1352)) - IPC Server listener on 0: starting
2022-10-13 11:29:11,117 [Listener at 0.0.0.0/38383] INFO  server.StorageContainerManager (StorageContainerManager.java:start(1451)) - ScmBlockLocationProtocol RPC server is listening at /0.0.0.0:38293
2022-10-13 11:29:11,117 [Listener at 0.0.0.0/38383] INFO  server.SCMBlockProtocolServer (SCMBlockProtocolServer.java:start(152)) - RPC server for Block Protocol is listening at /0.0.0.0:38293
2022-10-13 11:29:11,118 [IPC Server Responder] INFO  ipc.Server (Server.java:run(1512)) - IPC Server Responder: starting
2022-10-13 11:29:11,118 [IPC Server listener on 0] INFO  ipc.Server (Server.java:run(1352)) - IPC Server listener on 0: starting
2022-10-13 11:29:11,120 [Listener at 0.0.0.0/38383] INFO  server.SCMDatanodeProtocolServer (SCMDatanodeProtocolServer.java:start(186)) - ScmDatanodeProtocol RPC server for DataNodes is listening at /0.0.0.0:34091
2022-10-13 11:29:11,121 [IPC Server Responder] INFO  ipc.Server (Server.java:run(1512)) - IPC Server Responder: starting
2022-10-13 11:29:11,121 [IPC Server listener on 0] INFO  ipc.Server (Server.java:run(1352)) - IPC Server listener on 0: starting
2022-10-13 11:29:11,129 [org.apache.hadoop.util.JvmPauseMonitor$Monitor@c700c] INFO  util.JvmPauseMonitor (JvmPauseMonitor.java:run(188)) - Starting JVM pause monitor
2022-10-13 11:29:11,129 [Listener at 0.0.0.0/38383] INFO  http.BaseHttpServer (BaseHttpServer.java:newHttpServer2BuilderForOzone(213)) - Starting Web-server for scm at: http://0.0.0.0:0
2022-10-13 11:29:11,129 [Listener at 0.0.0.0/38383] INFO  http.BaseHttpServer (BaseHttpServer.java:<init>(108)) - Hadoop Security Enabled: false Ozone Security Enabled: false Ozone HTTP Security Enabled: false 
2022-10-13 11:29:11,131 [Listener at 0.0.0.0/38383] WARN  server.AuthenticationFilter (AuthenticationFilter.java:constructSecretProvider(240)) - Unable to initialize FileSignerSecretProvider, falling back to use random secrets. Reason: Could not read signature secret file: /home/runner/hadoop-http-auth-signature-secret
2022-10-13 11:29:11,132 [Listener at 0.0.0.0/38383] WARN  http.HttpRequestLog (HttpRequestLog.java:getRequestLog(103)) - Jetty request log can only be enabled using Log4j
2022-10-13 11:29:11,133 [Listener at 0.0.0.0/38383] INFO  http.HttpServer2 (HttpServer2.java:addGlobalFilter(1031)) - Added global filter 'safety' (class=org.apache.hadoop.hdds.server.http.HttpServer2$QuotingInputFilter)
2022-10-13 11:29:11,134 [Listener at 0.0.0.0/38383] INFO  http.HttpServer2 (HttpServer2.java:addFilter(1007)) - Added filter static_user_filter (class=org.apache.hadoop.http.lib.StaticUserWebFilter$StaticUserFilter) to context scm
2022-10-13 11:29:11,135 [Listener at 0.0.0.0/38383] INFO  http.HttpServer2 (HttpServer2.java:addFilter(1015)) - Added filter static_user_filter (class=org.apache.hadoop.http.lib.StaticUserWebFilter$StaticUserFilter) to context static
2022-10-13 11:29:11,135 [Listener at 0.0.0.0/38383] INFO  http.HttpServer2 (HttpServer2.java:addFilter(1015)) - Added filter static_user_filter (class=org.apache.hadoop.http.lib.StaticUserWebFilter$StaticUserFilter) to context logs
2022-10-13 11:29:11,135 [Listener at 0.0.0.0/38383] INFO  http.HttpServer2 (HttpServer2.java:bindListener(1250)) - Jetty bound to port 39461
2022-10-13 11:29:11,136 [Listener at 0.0.0.0/38383] INFO  server.Server (Server.java:doStart(375)) - jetty-9.4.43.v20210629; built: 2021-06-30T11:07:22.254Z; git: 526006ecfa3af7f1a27ef3a288e2bef7ea9dd7e8; jvm 1.8.0_345-b01
2022-10-13 11:29:11,138 [Listener at 0.0.0.0/38383] INFO  server.session (DefaultSessionIdManager.java:doStart(334)) - DefaultSessionIdManager workerName=node0
2022-10-13 11:29:11,138 [Listener at 0.0.0.0/38383] INFO  server.session (DefaultSessionIdManager.java:doStart(339)) - No SessionScavenger set, using defaults
2022-10-13 11:29:11,138 [Listener at 0.0.0.0/38383] INFO  server.session (HouseKeeper.java:startScavenging(132)) - node0 Scavenging every 660000ms
2022-10-13 11:29:11,139 [Listener at 0.0.0.0/38383] INFO  handler.ContextHandler (ContextHandler.java:doStart(915)) - Started o.e.j.s.ServletContextHandler@4b0f2bf{logs,/logs,file:///home/runner/work/ozone/ozone/hadoop-ozone/integration-test/target/log,AVAILABLE}
2022-10-13 11:29:11,140 [Listener at 0.0.0.0/38383] INFO  handler.ContextHandler (ContextHandler.java:doStart(915)) - Started o.e.j.s.ServletContextHandler@1b17b5cb{static,/static,file:///home/runner/work/ozone/ozone/hadoop-ozone/integration-test/target/test-classes/webapps/static,AVAILABLE}
2022-10-13 11:29:11,144 [Listener at 0.0.0.0/38383] INFO  handler.ContextHandler (ContextHandler.java:doStart(915)) - Started o.e.j.w.WebAppContext@2143dff1{scm,/,file:///home/runner/work/ozone/ozone/hadoop-ozone/integration-test/target/test-classes/webapps/scm/,AVAILABLE}{file:/home/runner/work/ozone/ozone/hadoop-ozone/integration-test/target/test-classes/webapps/scm}
2022-10-13 11:29:11,149 [Listener at 0.0.0.0/38383] INFO  server.AbstractConnector (AbstractConnector.java:doStart(331)) - Started ServerConnector@3e7afcc{HTTP/1.1, (http/1.1)}{0.0.0.0:39461}
2022-10-13 11:29:11,149 [Listener at 0.0.0.0/38383] INFO  server.Server (Server.java:doStart(415)) - Started @64687ms
2022-10-13 11:29:11,149 [Listener at 0.0.0.0/38383] WARN  impl.MetricsSystemImpl (MetricsSystemImpl.java:register(279)) - Sink prometheus already exists!
2022-10-13 11:29:11,150 [Listener at 0.0.0.0/38383] INFO  http.BaseHttpServer (BaseHttpServer.java:updateConnectorAddress(333)) - HTTP server of scm listening at http://0.0.0.0:39461
2022-10-13 11:29:11,150 [Listener at 0.0.0.0/38383] WARN  server.ServerUtils (ServerUtils.java:getDBPath(225)) - ozone.om.db.dirs is not configured. We recommend adding this setting. Falling back to ozone.metadata.dirs instead.
2022-10-13 11:29:11,153 [Listener at 0.0.0.0/38383] INFO  ha.OMHANodeDetails (OMHANodeDetails.java:loadOMHAConfig(115)) - ozone.om.internal.service.id is not defined, falling back to ozone.om.service.ids to find serviceID for OzoneManager if it is HA enabled cluster
2022-10-13 11:29:11,153 [Listener at 0.0.0.0/38383] INFO  ha.OMHANodeDetails (OMHANodeDetails.java:loadOMHAConfig(226)) - Configuration does not have ozone.om.address set. Falling back to the default OM address /127.0.0.1:0
2022-10-13 11:29:11,153 [Listener at 0.0.0.0/38383] INFO  ha.OMHANodeDetails (OMHANodeDetails.java:getOMNodeDetailsForNonHA(254)) - OM Service ID is not set. Setting it to the default ID: omServiceIdDefault
2022-10-13 11:29:11,153 [Listener at 0.0.0.0/38383] INFO  ha.OMHANodeDetails (OMHANodeDetails.java:getOMNodeDetailsForNonHA(261)) - OM Node ID is not set. Setting it to the default ID: om1
2022-10-13 11:29:11,153 [Listener at 0.0.0.0/38383] WARN  server.ServerUtils (ServerUtils.java:getDBPath(225)) - ozone.om.db.dirs is not configured. We recommend adding this setting. Falling back to ozone.metadata.dirs instead.
2022-10-13 11:29:11,154 [Listener at 0.0.0.0/38383] INFO  upgrade.AbstractLayoutVersionManager (AbstractLayoutVersionManager.java:init(83)) - Initializing Layout version manager with metadata layout = MULTITENANCY_SCHEMA (version = 3), software layout = MULTITENANCY_SCHEMA (version = 3)
2022-10-13 11:29:11,228 [Listener at 0.0.0.0/38383] INFO  reflections.Reflections (Reflections.java:scan(232)) - Reflections took 74 ms to scan 2 urls, producing 154 keys and 428 values [using 2 cores]
2022-10-13 11:29:11,229 [Listener at 0.0.0.0/38383] INFO  upgrade.OMLayoutVersionManager (OMLayoutVersionManager.java:lambda$0(115)) - Skipping Upgrade Action MockOmUpgradeAction since it has been finalized.
2022-10-13 11:29:11,229 [Listener at 0.0.0.0/38383] WARN  server.ServerUtils (ServerUtils.java:getDBPath(225)) - ozone.om.db.dirs is not configured. We recommend adding this setting. Falling back to ozone.metadata.dirs instead.
2022-10-13 11:29:11,230 [Listener at 0.0.0.0/38383] INFO  proxy.SCMBlockLocationFailoverProxyProvider (SCMBlockLocationFailoverProxyProvider.java:<init>(114)) - Created block location fail-over proxy with 1 nodes: [nodeId=scmNodeId,nodeAddress=/0.0.0.0:38293]
2022-10-13 11:29:11,231 [Listener at 0.0.0.0/38383] INFO  proxy.SCMBlockLocationFailoverProxyProvider (SCMBlockLocationFailoverProxyProvider.java:<init>(114)) - Created block location fail-over proxy with 1 nodes: [nodeId=scmNodeId,nodeAddress=/0.0.0.0:38293]
2022-10-13 11:29:11,239 [Listener at 0.0.0.0/38383] WARN  server.ServerUtils (ServerUtils.java:getDBPath(225)) - ozone.om.db.dirs is not configured. We recommend adding this setting. Falling back to ozone.metadata.dirs instead.
2022-10-13 11:29:11,239 [Listener at 0.0.0.0/38383] INFO  codec.OmKeyInfoCodec (OmKeyInfoCodec.java:<init>(49)) - OmKeyInfoCodec ignorePipeline = true
2022-10-13 11:29:11,239 [Listener at 0.0.0.0/38383] INFO  codec.RepeatedOmKeyInfoCodec (RepeatedOmKeyInfoCodec.java:<init>(41)) - RepeatedOmKeyInfoCodec ignorePipeline = true
2022-10-13 11:29:11,410 [Listener at 0.0.0.0/38383] INFO  om.OzoneManager (OzoneManager.java:instantiateServices(712)) - S3 Multi-Tenancy is disabled
2022-10-13 11:29:11,411 [Listener at 0.0.0.0/38383] INFO  om.OzoneManager (OzoneManager.java:addS3GVolumeToDB(4386)) - Created Volume s3v With Owner runner required for S3Gateway operations.
2022-10-13 11:29:11,411 [Listener at 0.0.0.0/38383] WARN  server.ServerUtils (ServerUtils.java:getDefaultRatisDirectory(237)) - Storage directory for Ratis is not configured. It is a good idea to map this to an SSD disk. Falling back to ozone.metadata.dirs
2022-10-13 11:29:11,412 [Listener at 0.0.0.0/38383] WARN  utils.OzoneManagerRatisUtils (OzoneManagerRatisUtils.java:getOMRatisSnapshotDirectory(434)) - ozone.om.ratis.snapshot.dir is not configured. Falling back to ozone.metadata.dirs config
2022-10-13 11:29:11,413 [Listener at 0.0.0.0/38383] WARN  server.ServerUtils (ServerUtils.java:getDefaultRatisDirectory(237)) - Storage directory for Ratis is not configured. It is a good idea to map this to an SSD disk. Falling back to ozone.metadata.dirs
2022-10-13 11:29:11,418 [Listener at 0.0.0.0/38383] INFO  ratis.OzoneManagerRatisServer (OzoneManagerRatisServer.java:<init>(160)) - Instantiating OM Ratis server with groupID: omServiceIdDefault and peers: localhost:9872
2022-10-13 11:29:11,418 [Listener at 0.0.0.0/38383] INFO  ratis.OzoneManagerStateMachine (OzoneManagerStateMachine.java:loadSnapshotInfoFromDB(632)) - LastAppliedIndex is set from TransactionInfo from OM DB as (t:0, i:~)
2022-10-13 11:29:11,419 [Listener at 0.0.0.0/38383] INFO  server.RaftServer (ConfUtils.java:logGet(46)) - raft.rpc.type = GRPC (default)
2022-10-13 11:29:11,419 [Listener at 0.0.0.0/38383] INFO  grpc.GrpcFactory (GrpcFactory.java:checkPooledByteBufAllocatorUseCacheForAllThreads(48)) - PERFORMANCE WARNING: useCacheForAllThreads is true that may cause Netty to create a lot garbage objects and, as a result, trigger GC.
	It is recommended to disable useCacheForAllThreads by setting -Dorg.apache.ratis.thirdparty.io.netty.allocator.useCacheForAllThreads=false in command line.
2022-10-13 11:29:11,419 [Listener at 0.0.0.0/38383] INFO  grpc.GrpcConfigKeys (ConfUtils.java:logGet(46)) - raft.grpc.admin.port = -1 (default)
2022-10-13 11:29:11,419 [Listener at 0.0.0.0/38383] INFO  grpc.GrpcConfigKeys (ConfUtils.java:logGet(46)) - raft.grpc.server.port = 9872 (custom)
2022-10-13 11:29:11,419 [Listener at 0.0.0.0/38383] INFO  grpc.GrpcConfigKeys (ConfUtils.java:logGet(46)) - raft.grpc.client.port = -1 (default)
2022-10-13 11:29:11,419 [Listener at 0.0.0.0/38383] INFO  grpc.GrpcConfigKeys (ConfUtils.java:logGet(46)) - raft.grpc.server.port = 9872 (custom)
2022-10-13 11:29:11,420 [Listener at 0.0.0.0/38383] INFO  grpc.GrpcConfigKeys (ConfUtils.java:logGet(46)) - raft.grpc.server.port = 9872 (custom)
2022-10-13 11:29:11,420 [Listener at 0.0.0.0/38383] INFO  server.GrpcService (ConfUtils.java:logGet(46)) - raft.grpc.message.size.max = 33554432 (custom)
2022-10-13 11:29:11,420 [Listener at 0.0.0.0/38383] INFO  server.RaftServerConfigKeys (ConfUtils.java:logGet(46)) - raft.server.log.appender.buffer.byte-limit = 33554432 (custom)
2022-10-13 11:29:11,420 [Listener at 0.0.0.0/38383] INFO  server.GrpcService (ConfUtils.java:logGet(46)) - raft.grpc.flow.control.window = 1MB (=1048576) (default)
2022-10-13 11:29:11,420 [Listener at 0.0.0.0/38383] INFO  server.RaftServerConfigKeys (ConfUtils.java:logGet(46)) - raft.server.rpc.request.timeout = 3000ms (default)
2022-10-13 11:29:11,420 [Listener at 0.0.0.0/38383] INFO  grpc.GrpcConfigKeys (ConfUtils.java:logGet(46)) - raft.grpc.server.async.request.thread.pool.cached = true (default)
2022-10-13 11:29:11,420 [Listener at 0.0.0.0/38383] INFO  grpc.GrpcConfigKeys (ConfUtils.java:logGet(46)) - raft.grpc.server.async.request.thread.pool.size = 32 (default)
2022-10-13 11:29:11,423 [Listener at 0.0.0.0/38383] INFO  impl.DataStreamServerImpl (ConfUtils.java:logGet(46)) - raft.datastream.type = DISABLED (default)
2022-10-13 11:29:11,423 [Listener at 0.0.0.0/38383] INFO  server.RaftServerConfigKeys (ConfUtils.java:logGet(46)) - raft.server.threadpool.proxy.cached = true (default)
2022-10-13 11:29:11,423 [Listener at 0.0.0.0/38383] INFO  server.RaftServerConfigKeys (ConfUtils.java:logGet(46)) - raft.server.threadpool.proxy.size = 0 (default)
2022-10-13 11:29:11,423 [Listener at 0.0.0.0/38383] INFO  server.RaftServerConfigKeys (ConfUtils.java:logGet(46)) - raft.server.rpc.slowness.timeout = 120s (custom)
2022-10-13 11:29:11,423 [Listener at 0.0.0.0/38383] INFO  server.RaftServerConfigKeys (ConfUtils.java:logGet(46)) - raft.server.leaderelection.leader.step-down.wait-time = 10s (default)
2022-10-13 11:29:11,423 [Listener at 0.0.0.0/38383] INFO  server.RaftServerConfigKeys (ConfUtils.java:logGet(46)) - raft.server.storage.dir = [/home/runner/work/ozone/ozone/hadoop-ozone/integration-test/target/test-dir/MiniOzoneClusterImpl-d2d9cd47-4a8f-47c9-ae3e-7163176d789f/ozone-meta/ratis] (custom)
2022-10-13 11:29:11,424 [Listener at 0.0.0.0/38383] INFO  server.RaftServer (RaftServerProxy.java:addNew(96)) - om1: addNew group-C5BA1605619E:[om1|rpc:localhost:9872|priority:0] returns group-C5BA1605619E:java.util.concurrent.CompletableFuture@3deddbbd[Not completed]
2022-10-13 11:29:11,424 [Listener at 0.0.0.0/38383] INFO  om.OzoneManager (OzoneManager.java:initializeRatisServer(1976)) - OzoneManager Ratis server initialized at port 9872
2022-10-13 11:29:11,424 [pool-495-thread-1] INFO  server.RaftServer$Division (RaftServerImpl.java:<init>(190)) - om1: new RaftServerImpl for group-C5BA1605619E:[om1|rpc:localhost:9872|priority:0] with OzoneManagerStateMachine:uninitialized
2022-10-13 11:29:11,424 [pool-495-thread-1] INFO  server.RaftServerConfigKeys (ConfUtils.java:logGet(46)) - raft.server.rpc.timeout.min = 1s (custom)
2022-10-13 11:29:11,424 [pool-495-thread-1] INFO  server.RaftServerConfigKeys (ConfUtils.java:logGet(46)) - raft.server.rpc.timeout.max = 1200ms (custom)
2022-10-13 11:29:11,425 [pool-495-thread-1] INFO  server.RaftServerConfigKeys (ConfUtils.java:logGet(46)) - raft.server.rpc.sleep.time = 25ms (default)
2022-10-13 11:29:11,425 [pool-495-thread-1] INFO  server.RaftServerConfigKeys (ConfUtils.java:logGet(46)) - raft.server.rpc.slowness.timeout = 120s (custom)
2022-10-13 11:29:11,425 [pool-495-thread-1] INFO  server.RaftServerConfigKeys (ConfUtils.java:logGet(46)) - raft.server.leaderelection.leader.step-down.wait-time = 10s (default)
2022-10-13 11:29:11,425 [pool-495-thread-1] INFO  server.RaftServerConfigKeys (ConfUtils.java:logGet(46)) - raft.server.sleep.deviation.threshold = 300ms (default)
2022-10-13 11:29:11,425 [pool-495-thread-1] INFO  server.RaftServer$Division (ServerState.java:<init>(107)) - om1@group-C5BA1605619E: ConfigurationManager, init=-1: [om1|rpc:localhost:9872|priority:0], old=null, confs=<EMPTY_MAP>
2022-10-13 11:29:11,425 [pool-495-thread-1] INFO  server.RaftServerConfigKeys (ConfUtils.java:logGet(46)) - raft.server.storage.dir = [/home/runner/work/ozone/ozone/hadoop-ozone/integration-test/target/test-dir/MiniOzoneClusterImpl-d2d9cd47-4a8f-47c9-ae3e-7163176d789f/ozone-meta/ratis] (custom)
2022-10-13 11:29:11,425 [pool-495-thread-1] INFO  server.RaftServerConfigKeys (ConfUtils.java:logGet(46)) - raft.server.log.corruption.policy = EXCEPTION (default)
2022-10-13 11:29:11,425 [Listener at 0.0.0.0/38383] INFO  om.OzoneManager (OzoneManager.java:getRpcServer(1102)) - Creating RPC Server
2022-10-13 11:29:11,425 [pool-495-thread-1] INFO  server.RaftServerConfigKeys (ConfUtils.java:logGet(46)) - raft.server.storage.free-space.min = 0MB (=0) (default)
2022-10-13 11:29:11,426 [pool-495-thread-1] INFO  storage.RaftStorageDirectory (RaftStorageDirectoryImpl.java:analyzeStorage(135)) - The storage directory /home/runner/work/ozone/ozone/hadoop-ozone/integration-test/target/test-dir/MiniOzoneClusterImpl-d2d9cd47-4a8f-47c9-ae3e-7163176d789f/ozone-meta/ratis/bf265839-605b-3f16-9796-c5ba1605619e does not exist. Creating ...
2022-10-13 11:29:11,427 [pool-495-thread-1] INFO  storage.RaftStorageDirectory (RaftStorageDirectoryImpl.java:tryLock(230)) - Lock on /home/runner/work/ozone/ozone/hadoop-ozone/integration-test/target/test-dir/MiniOzoneClusterImpl-d2d9cd47-4a8f-47c9-ae3e-7163176d789f/ozone-meta/ratis/bf265839-605b-3f16-9796-c5ba1605619e/in_use.lock acquired by nodename 2264@fv-az447-90
2022-10-13 11:29:11,429 [pool-495-thread-1] INFO  storage.RaftStorage (RaftStorageImpl.java:format(89)) - Storage directory /home/runner/work/ozone/ozone/hadoop-ozone/integration-test/target/test-dir/MiniOzoneClusterImpl-d2d9cd47-4a8f-47c9-ae3e-7163176d789f/ozone-meta/ratis/bf265839-605b-3f16-9796-c5ba1605619e has been successfully formatted.
2022-10-13 11:29:11,429 [pool-495-thread-1] INFO  server.RaftServerConfigKeys (ConfUtils.java:logGet(46)) - raft.server.notification.no-leader.timeout = 120s (custom)
2022-10-13 11:29:11,429 [pool-495-thread-1] INFO  server.RaftServerConfigKeys (ConfUtils.java:logGet(46)) - raft.server.log.use.memory = false (default)
2022-10-13 11:29:11,429 [pool-495-thread-1] INFO  server.RaftServerConfigKeys (ConfUtils.java:logGet(46)) - raft.server.log.purge.gap = 1000000 (custom)
2022-10-13 11:29:11,429 [pool-495-thread-1] INFO  server.RaftServerConfigKeys (ConfUtils.java:logGet(46)) - raft.server.log.appender.buffer.byte-limit = 33554432 (custom)
2022-10-13 11:29:11,429 [pool-495-thread-1] INFO  server.RaftServerConfigKeys (ConfUtils.java:logGet(46)) - raft.server.log.statemachine.data.read.timeout = 1000ms (default)
2022-10-13 11:29:11,429 [pool-495-thread-1] INFO  server.RaftServerConfigKeys (ConfUtils.java:logGet(46)) - raft.server.log.segment.size.max = 4194304 (custom)
2022-10-13 11:29:11,430 [pool-495-thread-1] INFO  server.RaftServerConfigKeys (ConfUtils.java:logGet(46)) - raft.server.log.segment.cache.num.max = 2 (custom)
2022-10-13 11:29:11,430 [pool-495-thread-1] INFO  server.RaftServerConfigKeys (ConfUtils.java:logGet(46)) - raft.server.log.segment.cache.size.max = 200MB (=209715200) (default)
2022-10-13 11:29:11,430 [pool-495-thread-1] INFO  segmented.SegmentedRaftLogWorker (SegmentedRaftLogWorker.java:<init>(187)) - new om1@group-C5BA1605619E-SegmentedRaftLogWorker for RaftStorageImpl:Storage Directory /home/runner/work/ozone/ozone/hadoop-ozone/integration-test/target/test-dir/MiniOzoneClusterImpl-d2d9cd47-4a8f-47c9-ae3e-7163176d789f/ozone-meta/ratis/bf265839-605b-3f16-9796-c5ba1605619e
2022-10-13 11:29:11,430 [pool-495-thread-1] INFO  server.RaftServerConfigKeys (ConfUtils.java:logGet(46)) - raft.server.log.queue.byte-limit = 64MB (=67108864) (default)
2022-10-13 11:29:11,430 [pool-495-thread-1] INFO  server.RaftServerConfigKeys (ConfUtils.java:logGet(46)) - raft.server.log.queue.element-limit = 4096 (default)
2022-10-13 11:29:11,430 [pool-495-thread-1] INFO  server.RaftServerConfigKeys (ConfUtils.java:logGet(46)) - raft.server.log.segment.size.max = 4194304 (custom)
2022-10-13 11:29:11,430 [pool-495-thread-1] INFO  server.RaftServerConfigKeys (ConfUtils.java:logGet(46)) - raft.server.log.preallocated.size = 4194304 (custom)
2022-10-13 11:29:11,430 [pool-495-thread-1] INFO  server.RaftServerConfigKeys (ConfUtils.java:logGet(46)) - raft.server.log.force.sync.num = 128 (default)
2022-10-13 11:29:11,430 [pool-495-thread-1] INFO  server.RaftServerConfigKeys (ConfUtils.java:logGet(46)) - raft.server.log.statemachine.data.sync = true (default)
2022-10-13 11:29:11,430 [pool-495-thread-1] INFO  server.RaftServerConfigKeys (ConfUtils.java:logGet(46)) - raft.server.log.statemachine.data.sync.timeout = 10s (default)
2022-10-13 11:29:11,430 [pool-495-thread-1] INFO  server.RaftServerConfigKeys (ConfUtils.java:logGet(46)) - raft.server.log.statemachine.data.sync.timeout.retry = -1 (default)
2022-10-13 11:29:11,438 [pool-495-thread-1] INFO  server.RaftServerConfigKeys (ConfUtils.java:logGet(46)) - raft.server.log.write.buffer.size = 64KB (=65536) (default)
2022-10-13 11:29:11,438 [pool-495-thread-1] INFO  server.RaftServerConfigKeys (ConfUtils.java:logGet(46)) - raft.server.log.unsafe-flush.enabled = false (default)
2022-10-13 11:29:11,438 [pool-495-thread-1] INFO  server.RaftServerConfigKeys (ConfUtils.java:logGet(46)) - raft.server.log.statemachine.data.caching.enabled = false (default)
2022-10-13 11:29:11,438 [pool-495-thread-1] INFO  segmented.SegmentedRaftLogWorker (SegmentedRaftLogWorker.java:lambda$new$0(135)) - om1@group-C5BA1605619E-SegmentedRaftLogWorker: flushIndex: setUnconditionally 0 -> -1
2022-10-13 11:29:11,438 [pool-495-thread-1] INFO  segmented.SegmentedRaftLogWorker (SegmentedRaftLogWorker.java:lambda$new$0(135)) - om1@group-C5BA1605619E-SegmentedRaftLogWorker: safeCacheEvictIndex: setUnconditionally 0 -> -1
2022-10-13 11:29:11,443 [pool-495-thread-1] INFO  server.RaftServerConfigKeys (ConfUtils.java:logGet(46)) - raft.server.snapshot.auto.trigger.enabled = true (custom)
2022-10-13 11:29:11,443 [pool-495-thread-1] INFO  server.RaftServerConfigKeys (ConfUtils.java:logGet(46)) - raft.server.snapshot.auto.trigger.threshold = 400000 (default)
2022-10-13 11:29:11,443 [pool-495-thread-1] INFO  server.RaftServerConfigKeys (ConfUtils.java:logGet(46)) - raft.server.snapshot.retention.file.num = -1 (default)
2022-10-13 11:29:11,483 [pool-495-thread-1] INFO  server.RaftServerConfigKeys (ConfUtils.java:logGet(46)) - raft.server.log.purge.upto.snapshot.index = true (custom)
2022-10-13 11:29:11,483 [pool-495-thread-1] INFO  server.RaftServerConfigKeys (ConfUtils.java:logGet(46)) - raft.server.retrycache.expirytime = 300s (custom)
2022-10-13 11:29:11,483 [pool-495-thread-1] INFO  server.RaftServerConfigKeys (ConfUtils.java:logGet(46)) - raft.server.retrycache.statistics.expirytime = 100μs (default)
2022-10-13 11:29:11,484 [pool-495-thread-1] INFO  server.RaftServerConfigKeys (ConfUtils.java:logGet(46)) - raft.server.log.appender.install.snapshot.enabled = false (custom)
2022-10-13 11:29:11,484 [pool-495-thread-1] INFO  server.RaftServerConfigKeys (ConfUtils.java:logGet(46)) - raft.server.threadpool.server.cached = true (default)
2022-10-13 11:29:11,484 [pool-495-thread-1] INFO  server.RaftServerConfigKeys (ConfUtils.java:logGet(46)) - raft.server.threadpool.server.size = 0 (default)
2022-10-13 11:29:11,484 [pool-495-thread-1] INFO  server.RaftServerConfigKeys (ConfUtils.java:logGet(46)) - raft.server.threadpool.client.cached = true (default)
2022-10-13 11:29:11,484 [pool-495-thread-1] INFO  server.RaftServerConfigKeys (ConfUtils.java:logGet(46)) - raft.server.threadpool.client.size = 0 (default)
2022-10-13 11:29:11,810 [Listener at 0.0.0.0/38383] INFO  reflections.Reflections (Reflections.java:scan(232)) - Reflections took 384 ms to scan 19 urls, producing 67 keys and 4232 values [using 2 cores]
2022-10-13 11:29:11,812 [Listener at 0.0.0.0/38383] INFO  ipc.CallQueueManager (CallQueueManager.java:<init>(90)) - Using callQueue: class java.util.concurrent.LinkedBlockingQueue, queueCapacity: 2000, scheduler: class org.apache.hadoop.ipc.DefaultRpcScheduler, ipcBackoff: false.
2022-10-13 11:29:11,814 [Socket Reader #1 for port 0] INFO  ipc.Server (Server.java:run(1273)) - Starting Socket Reader #1 for port 0
2022-10-13 11:29:11,836 [Listener at 127.0.0.1/46741] INFO  impl.MetricsSystemImpl (MetricsSystemImpl.java:init(158)) - OzoneManager metrics system started (again)
2022-10-13 11:29:11,849 [Listener at 127.0.0.1/46741] INFO  om.OzoneManager (OzoneManager.java:start(1483)) - OzoneManager RPC server is listening at localhost/127.0.0.1:46741
2022-10-13 11:29:11,850 [Listener at 127.0.0.1/46741] INFO  ratis.OzoneManagerRatisServer (OzoneManagerRatisServer.java:start(555)) - Starting OzoneManagerRatisServer om1 at port 9872
2022-10-13 11:29:11,850 [om1-impl-thread1] INFO  server.RaftServer$Division (RaftServerImpl.java:start(310)) - om1@group-C5BA1605619E: start as a follower, conf=-1: [om1|rpc:localhost:9872|priority:0], old=null
2022-10-13 11:29:11,850 [om1-impl-thread1] INFO  server.RaftServer$Division (RaftServerImpl.java:setRole(299)) - om1@group-C5BA1605619E: changes role from      null to FOLLOWER at term 0 for startAsFollower
2022-10-13 11:29:11,850 [om1-impl-thread1] INFO  impl.RoleInfo (RoleInfo.java:updateAndGet(139)) - om1: start om1@group-C5BA1605619E-FollowerState
2022-10-13 11:29:11,853 [om1-impl-thread1] INFO  util.JmxRegister (JmxRegister.java:tryRegister(44)) - Successfully registered JMX Bean with object name Ratis:service=RaftServer,group=group-C5BA1605619E,id=om1
2022-10-13 11:29:11,854 [Listener at 127.0.0.1/46741] INFO  server.RaftServer (RaftServerProxy.java:lambda$start$6(382)) - om1: start RPC server
2022-10-13 11:29:11,862 [Listener at 127.0.0.1/46741] INFO  server.GrpcService (GrpcService.java:startImpl(260)) - om1: GrpcService started, listening on 9872
2022-10-13 11:29:11,863 [Listener at 127.0.0.1/46741] INFO  om.OzoneManager (OzoneManager.java:start(1499)) - Version File has different layout version (3) than OM DB (null). That is expected if this OM has never been finalized to a newer layout version.
2022-10-13 11:29:11,864 [org.apache.ratis.util.JvmPauseMonitor$$Lambda$690/1264163010@7fa0e13a] INFO  util.JvmPauseMonitor (JvmPauseMonitor.java:run(103)) - JvmPauseMonitor-om1: Started
2022-10-13 11:29:11,867 [Listener at 127.0.0.1/46741] INFO  http.BaseHttpServer (BaseHttpServer.java:newHttpServer2BuilderForOzone(213)) - Starting Web-server for ozoneManager at: http://0.0.0.0:0
2022-10-13 11:29:11,867 [Listener at 127.0.0.1/46741] INFO  http.BaseHttpServer (BaseHttpServer.java:<init>(108)) - Hadoop Security Enabled: false Ozone Security Enabled: false Ozone HTTP Security Enabled: false 
2022-10-13 11:29:11,868 [Listener at 127.0.0.1/46741] WARN  server.AuthenticationFilter (AuthenticationFilter.java:constructSecretProvider(240)) - Unable to initialize FileSignerSecretProvider, falling back to use random secrets. Reason: Could not read signature secret file: /home/runner/hadoop-http-auth-signature-secret
2022-10-13 11:29:11,871 [Listener at 127.0.0.1/46741] WARN  http.HttpRequestLog (HttpRequestLog.java:getRequestLog(103)) - Jetty request log can only be enabled using Log4j
2022-10-13 11:29:11,873 [Listener at 127.0.0.1/46741] INFO  http.HttpServer2 (HttpServer2.java:addGlobalFilter(1031)) - Added global filter 'safety' (class=org.apache.hadoop.hdds.server.http.HttpServer2$QuotingInputFilter)
2022-10-13 11:29:11,874 [Listener at 127.0.0.1/46741] INFO  http.HttpServer2 (HttpServer2.java:addFilter(1007)) - Added filter static_user_filter (class=org.apache.hadoop.http.lib.StaticUserWebFilter$StaticUserFilter) to context ozoneManager
2022-10-13 11:29:11,874 [Listener at 127.0.0.1/46741] INFO  http.HttpServer2 (HttpServer2.java:addFilter(1015)) - Added filter static_user_filter (class=org.apache.hadoop.http.lib.StaticUserWebFilter$StaticUserFilter) to context static
2022-10-13 11:29:11,874 [Listener at 127.0.0.1/46741] INFO  http.HttpServer2 (HttpServer2.java:addFilter(1015)) - Added filter static_user_filter (class=org.apache.hadoop.http.lib.StaticUserWebFilter$StaticUserFilter) to context logs
2022-10-13 11:29:11,875 [Listener at 127.0.0.1/46741] INFO  http.HttpServer2 (HttpServer2.java:bindListener(1250)) - Jetty bound to port 35627
2022-10-13 11:29:11,875 [Listener at 127.0.0.1/46741] INFO  server.Server (Server.java:doStart(375)) - jetty-9.4.43.v20210629; built: 2021-06-30T11:07:22.254Z; git: 526006ecfa3af7f1a27ef3a288e2bef7ea9dd7e8; jvm 1.8.0_345-b01
2022-10-13 11:29:11,880 [Listener at 127.0.0.1/46741] INFO  server.session (DefaultSessionIdManager.java:doStart(334)) - DefaultSessionIdManager workerName=node0
2022-10-13 11:29:11,880 [Listener at 127.0.0.1/46741] INFO  server.session (DefaultSessionIdManager.java:doStart(339)) - No SessionScavenger set, using defaults
2022-10-13 11:29:11,881 [Listener at 127.0.0.1/46741] INFO  server.session (HouseKeeper.java:startScavenging(132)) - node0 Scavenging every 660000ms
2022-10-13 11:29:11,885 [Listener at 127.0.0.1/46741] INFO  handler.ContextHandler (ContextHandler.java:doStart(915)) - Started o.e.j.s.ServletContextHandler@2f5004f{logs,/logs,file:///home/runner/work/ozone/ozone/hadoop-ozone/integration-test/target/log,AVAILABLE}
2022-10-13 11:29:11,900 [Listener at 127.0.0.1/46741] INFO  handler.ContextHandler (ContextHandler.java:doStart(915)) - Started o.e.j.s.ServletContextHandler@214ce26a{static,/static,file:///home/runner/work/ozone/ozone/hadoop-ozone/integration-test/target/test-classes/webapps/static,AVAILABLE}
2022-10-13 11:29:11,912 [Listener at 127.0.0.1/46741] INFO  handler.ContextHandler (ContextHandler.java:doStart(915)) - Started o.e.j.w.WebAppContext@54531b67{ozoneManager,/,file:///home/runner/work/ozone/ozone/hadoop-ozone/integration-test/target/test-classes/webapps/ozoneManager/,AVAILABLE}{file:/home/runner/work/ozone/ozone/hadoop-ozone/integration-test/target/test-classes/webapps/ozoneManager}
2022-10-13 11:29:11,913 [Listener at 127.0.0.1/46741] INFO  server.AbstractConnector (AbstractConnector.java:doStart(331)) - Started ServerConnector@7f9a762b{HTTP/1.1, (http/1.1)}{0.0.0.0:35627}
2022-10-13 11:29:11,913 [Listener at 127.0.0.1/46741] INFO  server.Server (Server.java:doStart(415)) - Started @65451ms
2022-10-13 11:29:11,913 [Listener at 127.0.0.1/46741] WARN  impl.MetricsSystemImpl (MetricsSystemImpl.java:register(279)) - Sink prometheus already exists!
2022-10-13 11:29:11,915 [Listener at 127.0.0.1/46741] INFO  http.BaseHttpServer (BaseHttpServer.java:updateConnectorAddress(333)) - HTTP server of ozoneManager listening at http://0.0.0.0:35627
2022-10-13 11:29:11,916 [IPC Server Responder] INFO  ipc.Server (Server.java:run(1512)) - IPC Server Responder: starting
2022-10-13 11:29:11,916 [IPC Server listener on 0] INFO  ipc.Server (Server.java:run(1352)) - IPC Server listener on 0: starting
2022-10-13 11:29:11,919 [Listener at 127.0.0.1/46741] INFO  om.OzoneManager (OzoneManager.java:startTrashEmptier(1920)) - Trash Interval set to 0. Files deleted won't move to trash
2022-10-13 11:29:11,943 [org.apache.hadoop.util.JvmPauseMonitor$Monitor@52e3b39b] INFO  util.JvmPauseMonitor (JvmPauseMonitor.java:run(188)) - Starting JVM pause monitor
2022-10-13 11:29:11,947 [Listener at 127.0.0.1/46741] WARN  impl.MetricRegistriesImpl (MetricRegistriesImpl.java:addReporterRegistration(111)) - New reporters are added after registries were created. Some metrics will be missing from the reporter. Please add reporter before adding any new registry.
2022-10-13 11:29:11,947 [Listener at 127.0.0.1/46741] WARN  impl.MetricRegistriesImpl (MetricRegistriesImpl.java:addReporterRegistration(111)) - New reporters are added after registries were created. Some metrics will be missing from the reporter. Please add reporter before adding any new registry.
2022-10-13 11:29:11,947 [Listener at 127.0.0.1/46741] INFO  impl.MetricsSystemImpl (MetricsSystemImpl.java:init(158)) - HddsDatanode metrics system started (again)
2022-10-13 11:29:11,960 [Listener at 127.0.0.1/46741] INFO  ozone.HddsDatanodeService (HddsDatanodeService.java:start(236)) - HddsDatanodeService host:fv-az447-90.tnmeiuxxsqeu3byeydcnbj0j5d.dx.internal.cloudapp.net ip:10.1.0.139
2022-10-13 11:29:11,997 [Listener at 127.0.0.1/46741] INFO  upgrade.AbstractLayoutVersionManager (AbstractLayoutVersionManager.java:init(83)) - Initializing Layout version manager with metadata layout = DATANODE_SCHEMA_V3 (version = 4), software layout = DATANODE_SCHEMA_V3 (version = 4)
2022-10-13 11:29:12,042 [Listener at 127.0.0.1/46741] INFO  reflections.Reflections (Reflections.java:scan(232)) - Reflections took 44 ms to scan 7 urls, producing 137 keys and 328 values 
2022-10-13 11:29:12,047 [Listener at 127.0.0.1/46741] INFO  statemachine.DatanodeStateMachine (DatanodeStateMachine.java:getEndPointTaskThreadPoolSize(237)) - Datanode State Machine Task Thread Pool size 2
2022-10-13 11:29:12,050 [Listener at 127.0.0.1/46741] INFO  volume.HddsVolume (HddsVolume.java:<init>(117)) - Creating HddsVolume: /home/runner/work/ozone/ozone/hadoop-ozone/integration-test/target/test-dir/MiniOzoneClusterImpl-d2d9cd47-4a8f-47c9-ae3e-7163176d789f/datanode-0/data-0/containers/hdds of storage type : DISK capacity : 9223372036854775807
2022-10-13 11:29:12,052 [Listener at 127.0.0.1/46741] INFO  volume.MutableVolumeSet (MutableVolumeSet.java:initializeVolumeSet(174)) - Added Volume : /home/runner/work/ozone/ozone/hadoop-ozone/integration-test/target/test-dir/MiniOzoneClusterImpl-d2d9cd47-4a8f-47c9-ae3e-7163176d789f/datanode-0/data-0/containers/hdds to VolumeSet
2022-10-13 11:29:12,052 [Listener at 127.0.0.1/46741] INFO  volume.ThrottledAsyncChecker (ThrottledAsyncChecker.java:schedule(141)) - Scheduling a check for /home/runner/work/ozone/ozone/hadoop-ozone/integration-test/target/test-dir/MiniOzoneClusterImpl-d2d9cd47-4a8f-47c9-ae3e-7163176d789f/datanode-0/data-0/containers/hdds
2022-10-13 11:29:12,056 [Listener at 127.0.0.1/46741] INFO  volume.StorageVolumeChecker (StorageVolumeChecker.java:checkAllVolumes(202)) - Scheduled health check for volume /home/runner/work/ozone/ozone/hadoop-ozone/integration-test/target/test-dir/MiniOzoneClusterImpl-d2d9cd47-4a8f-47c9-ae3e-7163176d789f/datanode-0/data-0/containers/hdds
2022-10-13 11:29:12,068 [Listener at 127.0.0.1/46741] INFO  volume.MutableVolumeSet (MutableVolumeSet.java:initializeVolumeSet(174)) - Added Volume : /home/runner/work/ozone/ozone/hadoop-ozone/integration-test/target/test-dir/MiniOzoneClusterImpl-d2d9cd47-4a8f-47c9-ae3e-7163176d789f/datanode-0/data/ratis to VolumeSet
2022-10-13 11:29:12,068 [Listener at 127.0.0.1/46741] INFO  volume.ThrottledAsyncChecker (ThrottledAsyncChecker.java:schedule(141)) - Scheduling a check for /home/runner/work/ozone/ozone/hadoop-ozone/integration-test/target/test-dir/MiniOzoneClusterImpl-d2d9cd47-4a8f-47c9-ae3e-7163176d789f/datanode-0/data/ratis
2022-10-13 11:29:12,068 [Listener at 127.0.0.1/46741] INFO  volume.StorageVolumeChecker (StorageVolumeChecker.java:checkAllVolumes(202)) - Scheduled health check for volume /home/runner/work/ozone/ozone/hadoop-ozone/integration-test/target/test-dir/MiniOzoneClusterImpl-d2d9cd47-4a8f-47c9-ae3e-7163176d789f/datanode-0/data/ratis
2022-10-13 11:29:12,080 [Thread-877] INFO  ozoneimpl.ContainerReader (ContainerReader.java:readVolume(175)) - Finish verifying containers on volume /home/runner/work/ozone/ozone/hadoop-ozone/integration-test/target/test-dir/MiniOzoneClusterImpl-d2d9cd47-4a8f-47c9-ae3e-7163176d789f/datanode-0/data-0/containers/hdds
2022-10-13 11:29:12,080 [Listener at 127.0.0.1/46741] INFO  ozoneimpl.OzoneContainer (OzoneContainer.java:buildContainerSet(300)) - Build ContainerSet costs 0s
2022-10-13 11:29:12,085 [Listener at 127.0.0.1/46741] INFO  server.RaftServer (ConfUtils.java:logGet(46)) - raft.rpc.type = GRPC (default)
2022-10-13 11:29:12,085 [Listener at 127.0.0.1/46741] INFO  grpc.GrpcFactory (GrpcFactory.java:checkPooledByteBufAllocatorUseCacheForAllThreads(48)) - PERFORMANCE WARNING: useCacheForAllThreads is true that may cause Netty to create a lot garbage objects and, as a result, trigger GC.
	It is recommended to disable useCacheForAllThreads by setting -Dorg.apache.ratis.thirdparty.io.netty.allocator.useCacheForAllThreads=false in command line.
2022-10-13 11:29:12,086 [Listener at 127.0.0.1/46741] INFO  grpc.GrpcConfigKeys (ConfUtils.java:logGet(46)) - raft.grpc.admin.port = 0 (custom)
2022-10-13 11:29:12,086 [Listener at 127.0.0.1/46741] INFO  grpc.GrpcConfigKeys (ConfUtils.java:logGet(46)) - raft.grpc.client.port = 0 (custom)
2022-10-13 11:29:12,087 [Listener at 127.0.0.1/46741] INFO  grpc.GrpcConfigKeys (ConfUtils.java:logGet(46)) - raft.grpc.server.port = 0 (default)
2022-10-13 11:29:12,087 [Listener at 127.0.0.1/46741] INFO  server.GrpcService (ConfUtils.java:logGet(46)) - raft.grpc.message.size.max = 32MB (=33554432) (custom)
2022-10-13 11:29:12,087 [Listener at 127.0.0.1/46741] INFO  server.RaftServerConfigKeys (ConfUtils.java:logGet(46)) - raft.server.log.appender.buffer.byte-limit = 33554432 (custom)
2022-10-13 11:29:12,087 [Listener at 127.0.0.1/46741] INFO  server.GrpcService (ConfUtils.java:logGet(46)) - raft.grpc.flow.control.window = 5MB (=5242880) (custom)
2022-10-13 11:29:12,087 [Listener at 127.0.0.1/46741] INFO  server.RaftServerConfigKeys (ConfUtils.java:logGet(46)) - raft.server.rpc.request.timeout = 60s (custom)
2022-10-13 11:29:12,087 [Listener at 127.0.0.1/46741] INFO  grpc.GrpcConfigKeys (ConfUtils.java:logGet(46)) - raft.grpc.server.async.request.thread.pool.cached = true (default)
2022-10-13 11:29:12,088 [Listener at 127.0.0.1/46741] INFO  grpc.GrpcConfigKeys (ConfUtils.java:logGet(46)) - raft.grpc.server.async.request.thread.pool.size = 32 (default)
2022-10-13 11:29:12,089 [Listener at 127.0.0.1/46741] INFO  impl.DataStreamServerImpl (ConfUtils.java:logGet(46)) - raft.datastream.type = DISABLED (default)
2022-10-13 11:29:12,089 [Listener at 127.0.0.1/46741] INFO  server.RaftServerConfigKeys (ConfUtils.java:logGet(46)) - raft.server.threadpool.proxy.cached = true (default)
2022-10-13 11:29:12,089 [Listener at 127.0.0.1/46741] INFO  server.RaftServerConfigKeys (ConfUtils.java:logGet(46)) - raft.server.threadpool.proxy.size = 0 (default)
2022-10-13 11:29:12,090 [Listener at 127.0.0.1/46741] INFO  server.RaftServerConfigKeys (ConfUtils.java:logGet(46)) - raft.server.rpc.slowness.timeout = 300s (custom)
2022-10-13 11:29:12,090 [Listener at 127.0.0.1/46741] INFO  server.RaftServerConfigKeys (ConfUtils.java:logGet(46)) - raft.server.leaderelection.leader.step-down.wait-time = 10s (default)
2022-10-13 11:29:12,090 [Listener at 127.0.0.1/46741] INFO  server.RaftServerConfigKeys (ConfUtils.java:logGet(46)) - raft.server.storage.dir = [/home/runner/work/ozone/ozone/hadoop-ozone/integration-test/target/test-dir/MiniOzoneClusterImpl-d2d9cd47-4a8f-47c9-ae3e-7163176d789f/datanode-0/data/ratis] (custom)
2022-10-13 11:29:12,091 [Listener at 127.0.0.1/46741] INFO  server.XceiverServerGrpc (XceiverServerGrpc.java:<init>(132)) - GrpcServer channel type EpollServerSocketChannel
2022-10-13 11:29:12,096 [Listener at 127.0.0.1/46741] INFO  http.BaseHttpServer (BaseHttpServer.java:newHttpServer2BuilderForOzone(213)) - Starting Web-server for hddsDatanode at: http://0.0.0.0:0
2022-10-13 11:29:12,096 [Listener at 127.0.0.1/46741] INFO  http.BaseHttpServer (BaseHttpServer.java:<init>(108)) - Hadoop Security Enabled: false Ozone Security Enabled: false Ozone HTTP Security Enabled: false 
2022-10-13 11:29:12,098 [Listener at 127.0.0.1/46741] WARN  server.AuthenticationFilter (AuthenticationFilter.java:constructSecretProvider(240)) - Unable to initialize FileSignerSecretProvider, falling back to use random secrets. Reason: Could not read signature secret file: /home/runner/hadoop-http-auth-signature-secret
2022-10-13 11:29:12,101 [Listener at 127.0.0.1/46741] WARN  http.HttpRequestLog (HttpRequestLog.java:getRequestLog(103)) - Jetty request log can only be enabled using Log4j
2022-10-13 11:29:12,102 [Listener at 127.0.0.1/46741] INFO  http.HttpServer2 (HttpServer2.java:addGlobalFilter(1031)) - Added global filter 'safety' (class=org.apache.hadoop.hdds.server.http.HttpServer2$QuotingInputFilter)
2022-10-13 11:29:12,103 [Listener at 127.0.0.1/46741] INFO  http.HttpServer2 (HttpServer2.java:addFilter(1007)) - Added filter static_user_filter (class=org.apache.hadoop.http.lib.StaticUserWebFilter$StaticUserFilter) to context hddsDatanode
2022-10-13 11:29:12,103 [Listener at 127.0.0.1/46741] INFO  http.HttpServer2 (HttpServer2.java:addFilter(1015)) - Added filter static_user_filter (class=org.apache.hadoop.http.lib.StaticUserWebFilter$StaticUserFilter) to context static
2022-10-13 11:29:12,103 [Listener at 127.0.0.1/46741] INFO  http.HttpServer2 (HttpServer2.java:addFilter(1015)) - Added filter static_user_filter (class=org.apache.hadoop.http.lib.StaticUserWebFilter$StaticUserFilter) to context logs
2022-10-13 11:29:12,104 [Listener at 127.0.0.1/46741] INFO  http.HttpServer2 (HttpServer2.java:bindListener(1250)) - Jetty bound to port 32785
2022-10-13 11:29:12,104 [Listener at 127.0.0.1/46741] INFO  server.Server (Server.java:doStart(375)) - jetty-9.4.43.v20210629; built: 2021-06-30T11:07:22.254Z; git: 526006ecfa3af7f1a27ef3a288e2bef7ea9dd7e8; jvm 1.8.0_345-b01
2022-10-13 11:29:12,106 [Listener at 127.0.0.1/46741] INFO  server.session (DefaultSessionIdManager.java:doStart(334)) - DefaultSessionIdManager workerName=node0
2022-10-13 11:29:12,106 [Listener at 127.0.0.1/46741] INFO  server.session (DefaultSessionIdManager.java:doStart(339)) - No SessionScavenger set, using defaults
2022-10-13 11:29:12,106 [Listener at 127.0.0.1/46741] INFO  server.session (HouseKeeper.java:startScavenging(132)) - node0 Scavenging every 660000ms
2022-10-13 11:29:12,107 [Listener at 127.0.0.1/46741] INFO  handler.ContextHandler (ContextHandler.java:doStart(915)) - Started o.e.j.s.ServletContextHandler@7f517c2e{logs,/logs,file:///home/runner/work/ozone/ozone/hadoop-ozone/integration-test/target/log,AVAILABLE}
2022-10-13 11:29:12,107 [Listener at 127.0.0.1/46741] INFO  handler.ContextHandler (ContextHandler.java:doStart(915)) - Started o.e.j.s.ServletContextHandler@22dd4c4f{static,/static,jar:file:/home/runner/.m2/repository/org/apache/ozone/hdds-container-service/1.3.0-SNAPSHOT/hdds-container-service-1.3.0-SNAPSHOT.jar!/webapps/static,AVAILABLE}
2022-10-13 11:29:12,298 [Listener at 127.0.0.1/46741] INFO  handler.ContextHandler (ContextHandler.java:doStart(915)) - Started o.e.j.w.WebAppContext@2e43f0ef{hddsDatanode,/,file:///tmp/jetty-0_0_0_0-32785-hdds-container-service-1_3_0-SNAPSHOT_jar-_-any-8824973176182966250/webapp/,AVAILABLE}{jar:file:/home/runner/.m2/repository/org/apache/ozone/hdds-container-service/1.3.0-SNAPSHOT/hdds-container-service-1.3.0-SNAPSHOT.jar!/webapps/hddsDatanode}
2022-10-13 11:29:12,299 [Listener at 127.0.0.1/46741] INFO  server.AbstractConnector (AbstractConnector.java:doStart(331)) - Started ServerConnector@50ddbc4b{HTTP/1.1, (http/1.1)}{0.0.0.0:32785}
2022-10-13 11:29:12,299 [Listener at 127.0.0.1/46741] INFO  server.Server (Server.java:doStart(415)) - Started @65837ms
2022-10-13 11:29:12,299 [Listener at 127.0.0.1/46741] WARN  impl.MetricsSystemImpl (MetricsSystemImpl.java:register(279)) - Sink prometheus already exists!
2022-10-13 11:29:12,300 [Listener at 127.0.0.1/46741] INFO  http.BaseHttpServer (BaseHttpServer.java:updateConnectorAddress(333)) - HTTP server of hddsDatanode listening at http://0.0.0.0:32785
2022-10-13 11:29:12,301 [Listener at 127.0.0.1/46741] WARN  impl.MetricRegistriesImpl (MetricRegistriesImpl.java:addReporterRegistration(111)) - New reporters are added after registries were created. Some metrics will be missing from the reporter. Please add reporter before adding any new registry.
2022-10-13 11:29:12,301 [Listener at 127.0.0.1/46741] WARN  impl.MetricRegistriesImpl (MetricRegistriesImpl.java:addReporterRegistration(111)) - New reporters are added after registries were created. Some metrics will be missing from the reporter. Please add reporter before adding any new registry.
2022-10-13 11:29:12,301 [Listener at 127.0.0.1/46741] INFO  impl.MetricsSystemImpl (MetricsSystemImpl.java:init(158)) - HddsDatanode metrics system started (again)
2022-10-13 11:29:12,309 [Datanode State Machine Daemon Thread] INFO  statemachine.DatanodeStateMachine (DatanodeStateMachine.java:lambda$startDaemon$0(492)) - Ozone container server started.
2022-10-13 11:29:12,313 [Listener at 127.0.0.1/46741] INFO  ozone.HddsDatanodeService (HddsDatanodeService.java:start(236)) - HddsDatanodeService host:fv-az447-90.tnmeiuxxsqeu3byeydcnbj0j5d.dx.internal.cloudapp.net ip:10.1.0.139
2022-10-13 11:29:12,327 [org.apache.hadoop.util.JvmPauseMonitor$Monitor@60cbc51f] INFO  util.JvmPauseMonitor (JvmPauseMonitor.java:run(188)) - Starting JVM pause monitor
2022-10-13 11:29:12,330 [Datanode State Machine Task Thread - 0] INFO  datanode.InitDatanodeState (InitDatanodeState.java:persistContainerDatanodeDetails(138)) - DatanodeDetails is persisted to /home/runner/work/ozone/ozone/hadoop-ozone/integration-test/target/test-dir/MiniOzoneClusterImpl-d2d9cd47-4a8f-47c9-ae3e-7163176d789f/datanode-0/meta/datanode.id
2022-10-13 11:29:12,343 [Listener at 127.0.0.1/46741] INFO  upgrade.AbstractLayoutVersionManager (AbstractLayoutVersionManager.java:init(83)) - Initializing Layout version manager with metadata layout = DATANODE_SCHEMA_V3 (version = 4), software layout = DATANODE_SCHEMA_V3 (version = 4)
2022-10-13 11:29:12,384 [Listener at 127.0.0.1/46741] INFO  reflections.Reflections (Reflections.java:scan(232)) - Reflections took 40 ms to scan 7 urls, producing 137 keys and 328 values 
2022-10-13 11:29:12,386 [Listener at 127.0.0.1/46741] INFO  statemachine.DatanodeStateMachine (DatanodeStateMachine.java:getEndPointTaskThreadPoolSize(237)) - Datanode State Machine Task Thread Pool size 2
2022-10-13 11:29:12,387 [Listener at 127.0.0.1/46741] INFO  volume.HddsVolume (HddsVolume.java:<init>(117)) - Creating HddsVolume: /home/runner/work/ozone/ozone/hadoop-ozone/integration-test/target/test-dir/MiniOzoneClusterImpl-d2d9cd47-4a8f-47c9-ae3e-7163176d789f/datanode-1/data-0/containers/hdds of storage type : DISK capacity : 9223372036854775807
2022-10-13 11:29:12,388 [Listener at 127.0.0.1/46741] INFO  volume.MutableVolumeSet (MutableVolumeSet.java:initializeVolumeSet(174)) - Added Volume : /home/runner/work/ozone/ozone/hadoop-ozone/integration-test/target/test-dir/MiniOzoneClusterImpl-d2d9cd47-4a8f-47c9-ae3e-7163176d789f/datanode-1/data-0/containers/hdds to VolumeSet
2022-10-13 11:29:12,388 [Listener at 127.0.0.1/46741] INFO  volume.ThrottledAsyncChecker (ThrottledAsyncChecker.java:schedule(141)) - Scheduling a check for /home/runner/work/ozone/ozone/hadoop-ozone/integration-test/target/test-dir/MiniOzoneClusterImpl-d2d9cd47-4a8f-47c9-ae3e-7163176d789f/datanode-1/data-0/containers/hdds
2022-10-13 11:29:12,390 [Listener at 127.0.0.1/46741] INFO  volume.StorageVolumeChecker (StorageVolumeChecker.java:checkAllVolumes(202)) - Scheduled health check for volume /home/runner/work/ozone/ozone/hadoop-ozone/integration-test/target/test-dir/MiniOzoneClusterImpl-d2d9cd47-4a8f-47c9-ae3e-7163176d789f/datanode-1/data-0/containers/hdds
2022-10-13 11:29:12,401 [Listener at 127.0.0.1/46741] INFO  volume.MutableVolumeSet (MutableVolumeSet.java:initializeVolumeSet(174)) - Added Volume : /home/runner/work/ozone/ozone/hadoop-ozone/integration-test/target/test-dir/MiniOzoneClusterImpl-d2d9cd47-4a8f-47c9-ae3e-7163176d789f/datanode-1/data/ratis to VolumeSet
2022-10-13 11:29:12,401 [Listener at 127.0.0.1/46741] INFO  volume.ThrottledAsyncChecker (ThrottledAsyncChecker.java:schedule(141)) - Scheduling a check for /home/runner/work/ozone/ozone/hadoop-ozone/integration-test/target/test-dir/MiniOzoneClusterImpl-d2d9cd47-4a8f-47c9-ae3e-7163176d789f/datanode-1/data/ratis
2022-10-13 11:29:12,401 [Listener at 127.0.0.1/46741] INFO  volume.StorageVolumeChecker (StorageVolumeChecker.java:checkAllVolumes(202)) - Scheduled health check for volume /home/runner/work/ozone/ozone/hadoop-ozone/integration-test/target/test-dir/MiniOzoneClusterImpl-d2d9cd47-4a8f-47c9-ae3e-7163176d789f/datanode-1/data/ratis
2022-10-13 11:29:12,412 [Thread-890] INFO  ozoneimpl.ContainerReader (ContainerReader.java:readVolume(175)) - Finish verifying containers on volume /home/runner/work/ozone/ozone/hadoop-ozone/integration-test/target/test-dir/MiniOzoneClusterImpl-d2d9cd47-4a8f-47c9-ae3e-7163176d789f/datanode-1/data-0/containers/hdds
2022-10-13 11:29:12,412 [Listener at 127.0.0.1/46741] INFO  ozoneimpl.OzoneContainer (OzoneContainer.java:buildContainerSet(300)) - Build ContainerSet costs 0s
2022-10-13 11:29:12,414 [Listener at 127.0.0.1/46741] INFO  server.RaftServer (ConfUtils.java:logGet(46)) - raft.rpc.type = GRPC (default)
2022-10-13 11:29:12,414 [Listener at 127.0.0.1/46741] INFO  grpc.GrpcFactory (GrpcFactory.java:checkPooledByteBufAllocatorUseCacheForAllThreads(48)) - PERFORMANCE WARNING: useCacheForAllThreads is true that may cause Netty to create a lot garbage objects and, as a result, trigger GC.
	It is recommended to disable useCacheForAllThreads by setting -Dorg.apache.ratis.thirdparty.io.netty.allocator.useCacheForAllThreads=false in command line.
2022-10-13 11:29:12,414 [Listener at 127.0.0.1/46741] INFO  grpc.GrpcConfigKeys (ConfUtils.java:logGet(46)) - raft.grpc.admin.port = 0 (custom)
2022-10-13 11:29:12,415 [Listener at 127.0.0.1/46741] INFO  grpc.GrpcConfigKeys (ConfUtils.java:logGet(46)) - raft.grpc.client.port = 0 (custom)
2022-10-13 11:29:12,415 [Listener at 127.0.0.1/46741] INFO  grpc.GrpcConfigKeys (ConfUtils.java:logGet(46)) - raft.grpc.server.port = 0 (default)
2022-10-13 11:29:12,415 [Listener at 127.0.0.1/46741] INFO  server.GrpcService (ConfUtils.java:logGet(46)) - raft.grpc.message.size.max = 32MB (=33554432) (custom)
2022-10-13 11:29:12,415 [Listener at 127.0.0.1/46741] INFO  server.RaftServerConfigKeys (ConfUtils.java:logGet(46)) - raft.server.log.appender.buffer.byte-limit = 33554432 (custom)
2022-10-13 11:29:12,415 [Listener at 127.0.0.1/46741] INFO  server.GrpcService (ConfUtils.java:logGet(46)) - raft.grpc.flow.control.window = 5MB (=5242880) (custom)
2022-10-13 11:29:12,415 [Listener at 127.0.0.1/46741] INFO  server.RaftServerConfigKeys (ConfUtils.java:logGet(46)) - raft.server.rpc.request.timeout = 60s (custom)
2022-10-13 11:29:12,415 [Listener at 127.0.0.1/46741] INFO  grpc.GrpcConfigKeys (ConfUtils.java:logGet(46)) - raft.grpc.server.async.request.thread.pool.cached = true (default)
2022-10-13 11:29:12,416 [Listener at 127.0.0.1/46741] INFO  grpc.GrpcConfigKeys (ConfUtils.java:logGet(46)) - raft.grpc.server.async.request.thread.pool.size = 32 (default)
2022-10-13 11:29:12,417 [Listener at 127.0.0.1/46741] INFO  impl.DataStreamServerImpl (ConfUtils.java:logGet(46)) - raft.datastream.type = DISABLED (default)
2022-10-13 11:29:12,417 [Listener at 127.0.0.1/46741] INFO  server.RaftServerConfigKeys (ConfUtils.java:logGet(46)) - raft.server.threadpool.proxy.cached = true (default)
2022-10-13 11:29:12,417 [Listener at 127.0.0.1/46741] INFO  server.RaftServerConfigKeys (ConfUtils.java:logGet(46)) - raft.server.threadpool.proxy.size = 0 (default)
2022-10-13 11:29:12,417 [Listener at 127.0.0.1/46741] INFO  server.RaftServerConfigKeys (ConfUtils.java:logGet(46)) - raft.server.rpc.slowness.timeout = 300s (custom)
2022-10-13 11:29:12,417 [Listener at 127.0.0.1/46741] INFO  server.RaftServerConfigKeys (ConfUtils.java:logGet(46)) - raft.server.leaderelection.leader.step-down.wait-time = 10s (default)
2022-10-13 11:29:12,417 [Listener at 127.0.0.1/46741] INFO  server.RaftServerConfigKeys (ConfUtils.java:logGet(46)) - raft.server.storage.dir = [/home/runner/work/ozone/ozone/hadoop-ozone/integration-test/target/test-dir/MiniOzoneClusterImpl-d2d9cd47-4a8f-47c9-ae3e-7163176d789f/datanode-1/data/ratis] (custom)
2022-10-13 11:29:12,422 [Listener at 127.0.0.1/46741] INFO  server.XceiverServerGrpc (XceiverServerGrpc.java:<init>(132)) - GrpcServer channel type EpollServerSocketChannel
2022-10-13 11:29:12,427 [Listener at 127.0.0.1/46741] INFO  http.BaseHttpServer (BaseHttpServer.java:newHttpServer2BuilderForOzone(213)) - Starting Web-server for hddsDatanode at: http://0.0.0.0:0
2022-10-13 11:29:12,427 [Listener at 127.0.0.1/46741] INFO  http.BaseHttpServer (BaseHttpServer.java:<init>(108)) - Hadoop Security Enabled: false Ozone Security Enabled: false Ozone HTTP Security Enabled: false 
2022-10-13 11:29:12,429 [Listener at 127.0.0.1/46741] WARN  server.AuthenticationFilter (AuthenticationFilter.java:constructSecretProvider(240)) - Unable to initialize FileSignerSecretProvider, falling back to use random secrets. Reason: Could not read signature secret file: /home/runner/hadoop-http-auth-signature-secret
2022-10-13 11:29:12,429 [Listener at 127.0.0.1/46741] WARN  http.HttpRequestLog (HttpRequestLog.java:getRequestLog(103)) - Jetty request log can only be enabled using Log4j
2022-10-13 11:29:12,430 [Listener at 127.0.0.1/46741] INFO  http.HttpServer2 (HttpServer2.java:addGlobalFilter(1031)) - Added global filter 'safety' (class=org.apache.hadoop.hdds.server.http.HttpServer2$QuotingInputFilter)
2022-10-13 11:29:12,431 [Listener at 127.0.0.1/46741] INFO  http.HttpServer2 (HttpServer2.java:addFilter(1007)) - Added filter static_user_filter (class=org.apache.hadoop.http.lib.StaticUserWebFilter$StaticUserFilter) to context hddsDatanode
2022-10-13 11:29:12,431 [Listener at 127.0.0.1/46741] INFO  http.HttpServer2 (HttpServer2.java:addFilter(1015)) - Added filter static_user_filter (class=org.apache.hadoop.http.lib.StaticUserWebFilter$StaticUserFilter) to context static
2022-10-13 11:29:12,431 [Listener at 127.0.0.1/46741] INFO  http.HttpServer2 (HttpServer2.java:addFilter(1015)) - Added filter static_user_filter (class=org.apache.hadoop.http.lib.StaticUserWebFilter$StaticUserFilter) to context logs
2022-10-13 11:29:12,432 [Listener at 127.0.0.1/46741] INFO  http.HttpServer2 (HttpServer2.java:bindListener(1250)) - Jetty bound to port 43339
2022-10-13 11:29:12,433 [Listener at 127.0.0.1/46741] INFO  server.Server (Server.java:doStart(375)) - jetty-9.4.43.v20210629; built: 2021-06-30T11:07:22.254Z; git: 526006ecfa3af7f1a27ef3a288e2bef7ea9dd7e8; jvm 1.8.0_345-b01
2022-10-13 11:29:12,434 [Listener at 127.0.0.1/46741] INFO  server.session (DefaultSessionIdManager.java:doStart(334)) - DefaultSessionIdManager workerName=node0
2022-10-13 11:29:12,434 [Listener at 127.0.0.1/46741] INFO  server.session (DefaultSessionIdManager.java:doStart(339)) - No SessionScavenger set, using defaults
2022-10-13 11:29:12,435 [Listener at 127.0.0.1/46741] INFO  server.session (HouseKeeper.java:startScavenging(132)) - node0 Scavenging every 600000ms
2022-10-13 11:29:12,435 [Listener at 127.0.0.1/46741] INFO  handler.ContextHandler (ContextHandler.java:doStart(915)) - Started o.e.j.s.ServletContextHandler@7dc83502{logs,/logs,file:///home/runner/work/ozone/ozone/hadoop-ozone/integration-test/target/log,AVAILABLE}
2022-10-13 11:29:12,436 [Listener at 127.0.0.1/46741] INFO  handler.ContextHandler (ContextHandler.java:doStart(915)) - Started o.e.j.s.ServletContextHandler@242767e0{static,/static,jar:file:/home/runner/.m2/repository/org/apache/ozone/hdds-container-service/1.3.0-SNAPSHOT/hdds-container-service-1.3.0-SNAPSHOT.jar!/webapps/static,AVAILABLE}
2022-10-13 11:29:12,607 [Listener at 127.0.0.1/46741] INFO  handler.ContextHandler (ContextHandler.java:doStart(915)) - Started o.e.j.w.WebAppContext@15d2dfb4{hddsDatanode,/,file:///tmp/jetty-0_0_0_0-43339-hdds-container-service-1_3_0-SNAPSHOT_jar-_-any-8347331271086946347/webapp/,AVAILABLE}{jar:file:/home/runner/.m2/repository/org/apache/ozone/hdds-container-service/1.3.0-SNAPSHOT/hdds-container-service-1.3.0-SNAPSHOT.jar!/webapps/hddsDatanode}
2022-10-13 11:29:12,612 [Listener at 127.0.0.1/46741] INFO  server.AbstractConnector (AbstractConnector.java:doStart(331)) - Started ServerConnector@1f9fb936{HTTP/1.1, (http/1.1)}{0.0.0.0:43339}
2022-10-13 11:29:12,612 [Listener at 127.0.0.1/46741] INFO  server.Server (Server.java:doStart(415)) - Started @66150ms
2022-10-13 11:29:12,612 [Listener at 127.0.0.1/46741] WARN  impl.MetricsSystemImpl (MetricsSystemImpl.java:register(279)) - Sink prometheus already exists!
2022-10-13 11:29:12,613 [Listener at 127.0.0.1/46741] INFO  http.BaseHttpServer (BaseHttpServer.java:updateConnectorAddress(333)) - HTTP server of hddsDatanode listening at http://0.0.0.0:43339
2022-10-13 11:29:12,614 [Datanode State Machine Daemon Thread] INFO  statemachine.DatanodeStateMachine (DatanodeStateMachine.java:lambda$startDaemon$0(492)) - Ozone container server started.
2022-10-13 11:29:12,614 [Listener at 127.0.0.1/46741] WARN  impl.MetricRegistriesImpl (MetricRegistriesImpl.java:addReporterRegistration(111)) - New reporters are added after registries were created. Some metrics will be missing from the reporter. Please add reporter before adding any new registry.
2022-10-13 11:29:12,614 [Listener at 127.0.0.1/46741] WARN  impl.MetricRegistriesImpl (MetricRegistriesImpl.java:addReporterRegistration(111)) - New reporters are added after registries were created. Some metrics will be missing from the reporter. Please add reporter before adding any new registry.
2022-10-13 11:29:12,615 [Listener at 127.0.0.1/46741] INFO  impl.MetricsSystemImpl (MetricsSystemImpl.java:init(158)) - HddsDatanode metrics system started (again)
2022-10-13 11:29:12,625 [Listener at 127.0.0.1/46741] INFO  ozone.HddsDatanodeService (HddsDatanodeService.java:start(236)) - HddsDatanodeService host:fv-az447-90.tnmeiuxxsqeu3byeydcnbj0j5d.dx.internal.cloudapp.net ip:10.1.0.139
2022-10-13 11:29:12,626 [org.apache.hadoop.util.JvmPauseMonitor$Monitor@7ee112bb] INFO  util.JvmPauseMonitor (JvmPauseMonitor.java:run(188)) - Starting JVM pause monitor
2022-10-13 11:29:12,632 [Datanode State Machine Task Thread - 0] INFO  datanode.InitDatanodeState (InitDatanodeState.java:persistContainerDatanodeDetails(138)) - DatanodeDetails is persisted to /home/runner/work/ozone/ozone/hadoop-ozone/integration-test/target/test-dir/MiniOzoneClusterImpl-d2d9cd47-4a8f-47c9-ae3e-7163176d789f/datanode-1/meta/datanode.id
2022-10-13 11:29:12,649 [Listener at 127.0.0.1/46741] INFO  upgrade.AbstractLayoutVersionManager (AbstractLayoutVersionManager.java:init(83)) - Initializing Layout version manager with metadata layout = DATANODE_SCHEMA_V3 (version = 4), software layout = DATANODE_SCHEMA_V3 (version = 4)
2022-10-13 11:29:12,691 [Listener at 127.0.0.1/46741] INFO  reflections.Reflections (Reflections.java:scan(232)) - Reflections took 41 ms to scan 7 urls, producing 137 keys and 328 values 
2022-10-13 11:29:12,693 [Listener at 127.0.0.1/46741] INFO  statemachine.DatanodeStateMachine (DatanodeStateMachine.java:getEndPointTaskThreadPoolSize(237)) - Datanode State Machine Task Thread Pool size 2
2022-10-13 11:29:12,695 [Listener at 127.0.0.1/46741] INFO  volume.HddsVolume (HddsVolume.java:<init>(117)) - Creating HddsVolume: /home/runner/work/ozone/ozone/hadoop-ozone/integration-test/target/test-dir/MiniOzoneClusterImpl-d2d9cd47-4a8f-47c9-ae3e-7163176d789f/datanode-2/data-0/containers/hdds of storage type : DISK capacity : 9223372036854775807
2022-10-13 11:29:12,695 [Listener at 127.0.0.1/46741] INFO  volume.MutableVolumeSet (MutableVolumeSet.java:initializeVolumeSet(174)) - Added Volume : /home/runner/work/ozone/ozone/hadoop-ozone/integration-test/target/test-dir/MiniOzoneClusterImpl-d2d9cd47-4a8f-47c9-ae3e-7163176d789f/datanode-2/data-0/containers/hdds to VolumeSet
2022-10-13 11:29:12,695 [Listener at 127.0.0.1/46741] INFO  volume.ThrottledAsyncChecker (ThrottledAsyncChecker.java:schedule(141)) - Scheduling a check for /home/runner/work/ozone/ozone/hadoop-ozone/integration-test/target/test-dir/MiniOzoneClusterImpl-d2d9cd47-4a8f-47c9-ae3e-7163176d789f/datanode-2/data-0/containers/hdds
2022-10-13 11:29:12,696 [Listener at 127.0.0.1/46741] INFO  volume.StorageVolumeChecker (StorageVolumeChecker.java:checkAllVolumes(202)) - Scheduled health check for volume /home/runner/work/ozone/ozone/hadoop-ozone/integration-test/target/test-dir/MiniOzoneClusterImpl-d2d9cd47-4a8f-47c9-ae3e-7163176d789f/datanode-2/data-0/containers/hdds
2022-10-13 11:29:12,706 [Listener at 127.0.0.1/46741] INFO  volume.MutableVolumeSet (MutableVolumeSet.java:initializeVolumeSet(174)) - Added Volume : /home/runner/work/ozone/ozone/hadoop-ozone/integration-test/target/test-dir/MiniOzoneClusterImpl-d2d9cd47-4a8f-47c9-ae3e-7163176d789f/datanode-2/data/ratis to VolumeSet
2022-10-13 11:29:12,706 [Listener at 127.0.0.1/46741] INFO  volume.ThrottledAsyncChecker (ThrottledAsyncChecker.java:schedule(141)) - Scheduling a check for /home/runner/work/ozone/ozone/hadoop-ozone/integration-test/target/test-dir/MiniOzoneClusterImpl-d2d9cd47-4a8f-47c9-ae3e-7163176d789f/datanode-2/data/ratis
2022-10-13 11:29:12,706 [Listener at 127.0.0.1/46741] INFO  volume.StorageVolumeChecker (StorageVolumeChecker.java:checkAllVolumes(202)) - Scheduled health check for volume /home/runner/work/ozone/ozone/hadoop-ozone/integration-test/target/test-dir/MiniOzoneClusterImpl-d2d9cd47-4a8f-47c9-ae3e-7163176d789f/datanode-2/data/ratis
2022-10-13 11:29:12,717 [Thread-903] INFO  ozoneimpl.ContainerReader (ContainerReader.java:readVolume(175)) - Finish verifying containers on volume /home/runner/work/ozone/ozone/hadoop-ozone/integration-test/target/test-dir/MiniOzoneClusterImpl-d2d9cd47-4a8f-47c9-ae3e-7163176d789f/datanode-2/data-0/containers/hdds
2022-10-13 11:29:12,717 [Listener at 127.0.0.1/46741] INFO  ozoneimpl.OzoneContainer (OzoneContainer.java:buildContainerSet(300)) - Build ContainerSet costs 0s
2022-10-13 11:29:12,719 [Listener at 127.0.0.1/46741] INFO  server.RaftServer (ConfUtils.java:logGet(46)) - raft.rpc.type = GRPC (default)
2022-10-13 11:29:12,719 [Listener at 127.0.0.1/46741] INFO  grpc.GrpcFactory (GrpcFactory.java:checkPooledByteBufAllocatorUseCacheForAllThreads(48)) - PERFORMANCE WARNING: useCacheForAllThreads is true that may cause Netty to create a lot garbage objects and, as a result, trigger GC.
	It is recommended to disable useCacheForAllThreads by setting -Dorg.apache.ratis.thirdparty.io.netty.allocator.useCacheForAllThreads=false in command line.
2022-10-13 11:29:12,719 [Listener at 127.0.0.1/46741] INFO  grpc.GrpcConfigKeys (ConfUtils.java:logGet(46)) - raft.grpc.admin.port = 0 (custom)
2022-10-13 11:29:12,720 [Listener at 127.0.0.1/46741] INFO  grpc.GrpcConfigKeys (ConfUtils.java:logGet(46)) - raft.grpc.client.port = 0 (custom)
2022-10-13 11:29:12,720 [Listener at 127.0.0.1/46741] INFO  grpc.GrpcConfigKeys (ConfUtils.java:logGet(46)) - raft.grpc.server.port = 0 (default)
2022-10-13 11:29:12,720 [Listener at 127.0.0.1/46741] INFO  server.GrpcService (ConfUtils.java:logGet(46)) - raft.grpc.message.size.max = 32MB (=33554432) (custom)
2022-10-13 11:29:12,720 [Listener at 127.0.0.1/46741] INFO  server.RaftServerConfigKeys (ConfUtils.java:logGet(46)) - raft.server.log.appender.buffer.byte-limit = 33554432 (custom)
2022-10-13 11:29:12,720 [Listener at 127.0.0.1/46741] INFO  server.GrpcService (ConfUtils.java:logGet(46)) - raft.grpc.flow.control.window = 5MB (=5242880) (custom)
2022-10-13 11:29:12,720 [Listener at 127.0.0.1/46741] INFO  server.RaftServerConfigKeys (ConfUtils.java:logGet(46)) - raft.server.rpc.request.timeout = 60s (custom)
2022-10-13 11:29:12,720 [Listener at 127.0.0.1/46741] INFO  grpc.GrpcConfigKeys (ConfUtils.java:logGet(46)) - raft.grpc.server.async.request.thread.pool.cached = true (default)
2022-10-13 11:29:12,721 [Listener at 127.0.0.1/46741] INFO  grpc.GrpcConfigKeys (ConfUtils.java:logGet(46)) - raft.grpc.server.async.request.thread.pool.size = 32 (default)
2022-10-13 11:29:12,722 [Listener at 127.0.0.1/46741] INFO  impl.DataStreamServerImpl (ConfUtils.java:logGet(46)) - raft.datastream.type = DISABLED (default)
2022-10-13 11:29:12,722 [Listener at 127.0.0.1/46741] INFO  server.RaftServerConfigKeys (ConfUtils.java:logGet(46)) - raft.server.threadpool.proxy.cached = true (default)
2022-10-13 11:29:12,722 [Listener at 127.0.0.1/46741] INFO  server.RaftServerConfigKeys (ConfUtils.java:logGet(46)) - raft.server.threadpool.proxy.size = 0 (default)
2022-10-13 11:29:12,722 [Listener at 127.0.0.1/46741] INFO  server.RaftServerConfigKeys (ConfUtils.java:logGet(46)) - raft.server.rpc.slowness.timeout = 300s (custom)
2022-10-13 11:29:12,722 [Listener at 127.0.0.1/46741] INFO  server.RaftServerConfigKeys (ConfUtils.java:logGet(46)) - raft.server.leaderelection.leader.step-down.wait-time = 10s (default)
2022-10-13 11:29:12,722 [Listener at 127.0.0.1/46741] INFO  server.RaftServerConfigKeys (ConfUtils.java:logGet(46)) - raft.server.storage.dir = [/home/runner/work/ozone/ozone/hadoop-ozone/integration-test/target/test-dir/MiniOzoneClusterImpl-d2d9cd47-4a8f-47c9-ae3e-7163176d789f/datanode-2/data/ratis] (custom)
2022-10-13 11:29:12,724 [Listener at 127.0.0.1/46741] INFO  server.XceiverServerGrpc (XceiverServerGrpc.java:<init>(132)) - GrpcServer channel type EpollServerSocketChannel
2022-10-13 11:29:12,727 [Listener at 127.0.0.1/46741] INFO  http.BaseHttpServer (BaseHttpServer.java:newHttpServer2BuilderForOzone(213)) - Starting Web-server for hddsDatanode at: http://0.0.0.0:0
2022-10-13 11:29:12,727 [Listener at 127.0.0.1/46741] INFO  http.BaseHttpServer (BaseHttpServer.java:<init>(108)) - Hadoop Security Enabled: false Ozone Security Enabled: false Ozone HTTP Security Enabled: false 
2022-10-13 11:29:12,729 [Listener at 127.0.0.1/46741] WARN  server.AuthenticationFilter (AuthenticationFilter.java:constructSecretProvider(240)) - Unable to initialize FileSignerSecretProvider, falling back to use random secrets. Reason: Could not read signature secret file: /home/runner/hadoop-http-auth-signature-secret
2022-10-13 11:29:12,729 [Listener at 127.0.0.1/46741] WARN  http.HttpRequestLog (HttpRequestLog.java:getRequestLog(103)) - Jetty request log can only be enabled using Log4j
2022-10-13 11:29:12,730 [Listener at 127.0.0.1/46741] INFO  http.HttpServer2 (HttpServer2.java:addGlobalFilter(1031)) - Added global filter 'safety' (class=org.apache.hadoop.hdds.server.http.HttpServer2$QuotingInputFilter)
2022-10-13 11:29:12,731 [Listener at 127.0.0.1/46741] INFO  http.HttpServer2 (HttpServer2.java:addFilter(1007)) - Added filter static_user_filter (class=org.apache.hadoop.http.lib.StaticUserWebFilter$StaticUserFilter) to context hddsDatanode
2022-10-13 11:29:12,731 [Listener at 127.0.0.1/46741] INFO  http.HttpServer2 (HttpServer2.java:addFilter(1015)) - Added filter static_user_filter (class=org.apache.hadoop.http.lib.StaticUserWebFilter$StaticUserFilter) to context logs
2022-10-13 11:29:12,731 [Listener at 127.0.0.1/46741] INFO  http.HttpServer2 (HttpServer2.java:addFilter(1015)) - Added filter static_user_filter (class=org.apache.hadoop.http.lib.StaticUserWebFilter$StaticUserFilter) to context static
2022-10-13 11:29:12,732 [Listener at 127.0.0.1/46741] INFO  http.HttpServer2 (HttpServer2.java:bindListener(1250)) - Jetty bound to port 35055
2022-10-13 11:29:12,732 [Listener at 127.0.0.1/46741] INFO  server.Server (Server.java:doStart(375)) - jetty-9.4.43.v20210629; built: 2021-06-30T11:07:22.254Z; git: 526006ecfa3af7f1a27ef3a288e2bef7ea9dd7e8; jvm 1.8.0_345-b01
2022-10-13 11:29:12,733 [Listener at 127.0.0.1/46741] INFO  server.session (DefaultSessionIdManager.java:doStart(334)) - DefaultSessionIdManager workerName=node0
2022-10-13 11:29:12,733 [Listener at 127.0.0.1/46741] INFO  server.session (DefaultSessionIdManager.java:doStart(339)) - No SessionScavenger set, using defaults
2022-10-13 11:29:12,734 [Listener at 127.0.0.1/46741] INFO  server.session (HouseKeeper.java:startScavenging(132)) - node0 Scavenging every 600000ms
2022-10-13 11:29:12,735 [Listener at 127.0.0.1/46741] INFO  handler.ContextHandler (ContextHandler.java:doStart(915)) - Started o.e.j.s.ServletContextHandler@35aeef9b{logs,/logs,file:///home/runner/work/ozone/ozone/hadoop-ozone/integration-test/target/log,AVAILABLE}
2022-10-13 11:29:12,735 [Listener at 127.0.0.1/46741] INFO  handler.ContextHandler (ContextHandler.java:doStart(915)) - Started o.e.j.s.ServletContextHandler@2926c1dc{static,/static,jar:file:/home/runner/.m2/repository/org/apache/ozone/hdds-container-service/1.3.0-SNAPSHOT/hdds-container-service-1.3.0-SNAPSHOT.jar!/webapps/static,AVAILABLE}
2022-10-13 11:29:12,911 [Listener at 127.0.0.1/46741] INFO  handler.ContextHandler (ContextHandler.java:doStart(915)) - Started o.e.j.w.WebAppContext@72d0a354{hddsDatanode,/,file:///tmp/jetty-0_0_0_0-35055-hdds-container-service-1_3_0-SNAPSHOT_jar-_-any-4524181140369302221/webapp/,AVAILABLE}{jar:file:/home/runner/.m2/repository/org/apache/ozone/hdds-container-service/1.3.0-SNAPSHOT/hdds-container-service-1.3.0-SNAPSHOT.jar!/webapps/hddsDatanode}
2022-10-13 11:29:12,914 [Listener at 127.0.0.1/46741] INFO  server.AbstractConnector (AbstractConnector.java:doStart(331)) - Started ServerConnector@6cede900{HTTP/1.1, (http/1.1)}{0.0.0.0:35055}
2022-10-13 11:29:12,914 [Listener at 127.0.0.1/46741] INFO  server.Server (Server.java:doStart(415)) - Started @66452ms
2022-10-13 11:29:12,915 [Listener at 127.0.0.1/46741] WARN  impl.MetricsSystemImpl (MetricsSystemImpl.java:register(279)) - Sink prometheus already exists!
2022-10-13 11:29:12,915 [Listener at 127.0.0.1/46741] INFO  http.BaseHttpServer (BaseHttpServer.java:updateConnectorAddress(333)) - HTTP server of hddsDatanode listening at http://0.0.0.0:35055
2022-10-13 11:29:12,916 [Datanode State Machine Daemon Thread] INFO  statemachine.DatanodeStateMachine (DatanodeStateMachine.java:lambda$startDaemon$0(492)) - Ozone container server started.
2022-10-13 11:29:12,917 [Listener at 127.0.0.1/46741] INFO  ozone.MiniOzoneClusterImpl (MiniOzoneClusterImpl.java:lambda$waitForClusterToBeReady$0(216)) - Waiting for nodes to be ready. Got 0 of 3 DN Heartbeats.
2022-10-13 11:29:12,917 [Listener at 127.0.0.1/46741] INFO  ozone.MiniOzoneClusterImpl (MiniOzoneClusterImpl.java:lambda$waitForClusterToBeReady$0(219)) - Waiting for cluster to exit safe mode
2022-10-13 11:29:12,917 [Listener at 127.0.0.1/46741] INFO  ozone.MiniOzoneClusterImpl (MiniOzoneClusterImpl.java:lambda$waitForClusterToBeReady$0(221)) - SCM became leader
2022-10-13 11:29:12,918 [org.apache.hadoop.util.JvmPauseMonitor$Monitor@7d25ec1] INFO  util.JvmPauseMonitor (JvmPauseMonitor.java:run(188)) - Starting JVM pause monitor
2022-10-13 11:29:12,922 [Datanode State Machine Task Thread - 0] INFO  datanode.InitDatanodeState (InitDatanodeState.java:persistContainerDatanodeDetails(138)) - DatanodeDetails is persisted to /home/runner/work/ozone/ozone/hadoop-ozone/integration-test/target/test-dir/MiniOzoneClusterImpl-d2d9cd47-4a8f-47c9-ae3e-7163176d789f/datanode-2/meta/datanode.id
2022-10-13 11:29:12,997 [om1@group-C5BA1605619E-FollowerState] INFO  impl.FollowerState (FollowerState.java:run(143)) - om1@group-C5BA1605619E-FollowerState: change to CANDIDATE, lastRpcElapsedTime:1147185641ns, electionTimeout:1143ms
2022-10-13 11:29:12,998 [om1@group-C5BA1605619E-FollowerState] INFO  impl.RoleInfo (RoleInfo.java:shutdownFollowerState(110)) - om1: shutdown om1@group-C5BA1605619E-FollowerState
2022-10-13 11:29:12,998 [om1@group-C5BA1605619E-FollowerState] INFO  server.RaftServer$Division (RaftServerImpl.java:setRole(299)) - om1@group-C5BA1605619E: changes role from  FOLLOWER to CANDIDATE at term 0 for changeToCandidate
2022-10-13 11:29:12,998 [om1@group-C5BA1605619E-FollowerState] INFO  server.RaftServerConfigKeys (ConfUtils.java:logGet(46)) - raft.server.leaderelection.pre-vote = false (custom)
2022-10-13 11:29:12,998 [om1@group-C5BA1605619E-FollowerState] INFO  impl.RoleInfo (RoleInfo.java:updateAndGet(139)) - om1: start om1@group-C5BA1605619E-LeaderElection21
2022-10-13 11:29:13,007 [om1@group-C5BA1605619E-LeaderElection21] INFO  impl.LeaderElection (LeaderElection.java:askForVotes(310)) - om1@group-C5BA1605619E-LeaderElection21 ELECTION round 0: submit vote requests at term 1 for -1: [om1|rpc:localhost:9872|priority:0], old=null
2022-10-13 11:29:13,007 [om1@group-C5BA1605619E-LeaderElection21] INFO  impl.LeaderElection (LeaderElection.java:askForVotes(312)) - om1@group-C5BA1605619E-LeaderElection21 ELECTION round 0: result PASSED (term=1)
2022-10-13 11:29:13,007 [om1@group-C5BA1605619E-LeaderElection21] INFO  impl.RoleInfo (RoleInfo.java:shutdownLeaderElection(130)) - om1: shutdown om1@group-C5BA1605619E-LeaderElection21
2022-10-13 11:29:13,007 [om1@group-C5BA1605619E-LeaderElection21] INFO  server.RaftServer$Division (RaftServerImpl.java:setRole(299)) - om1@group-C5BA1605619E: changes role from CANDIDATE to LEADER at term 1 for changeToLeader
2022-10-13 11:29:13,007 [om1@group-C5BA1605619E-LeaderElection21] INFO  server.RaftServer$Division (ServerState.java:setLeader(287)) - om1@group-C5BA1605619E: change Leader from null to om1 at term 1 for becomeLeader, leader elected after 1578ms
2022-10-13 11:29:13,007 [om1@group-C5BA1605619E-LeaderElection21] INFO  server.RaftServerConfigKeys (ConfUtils.java:logGet(46)) - raft.server.staging.catchup.gap = 1000 (default)
2022-10-13 11:29:13,008 [om1@group-C5BA1605619E-LeaderElection21] INFO  server.RaftServerConfigKeys (ConfUtils.java:logGet(46)) - raft.server.write.element-limit = 4096 (default)
2022-10-13 11:29:13,008 [om1@group-C5BA1605619E-LeaderElection21] INFO  server.RaftServerConfigKeys (ConfUtils.java:logGet(46)) - raft.server.write.byte-limit = 64MB (=67108864) (default)
2022-10-13 11:29:13,008 [om1@group-C5BA1605619E-LeaderElection21] INFO  server.RaftServerConfigKeys (ConfUtils.java:logGet(46)) - raft.server.watch.timeout = 10s (default)
2022-10-13 11:29:13,008 [om1@group-C5BA1605619E-LeaderElection21] INFO  server.RaftServerConfigKeys (ConfUtils.java:logGet(46)) - raft.server.watch.timeout.denomination = 1s (default)
2022-10-13 11:29:13,008 [om1@group-C5BA1605619E-LeaderElection21] INFO  server.RaftServerConfigKeys (ConfUtils.java:logGet(46)) - raft.server.watch.element-limit = 65536 (default)
2022-10-13 11:29:13,008 [om1@group-C5BA1605619E-LeaderElection21] INFO  server.RaftServerConfigKeys (ConfUtils.java:logGet(46)) - raft.server.write.element-limit = 4096 (default)
2022-10-13 11:29:13,008 [om1@group-C5BA1605619E-LeaderElection21] INFO  server.RaftServerConfigKeys (ConfUtils.java:logGet(46)) - raft.server.write.follower.gap.ratio.max = -1.0 (default)
2022-10-13 11:29:13,008 [om1@group-C5BA1605619E-LeaderElection21] INFO  impl.RoleInfo (RoleInfo.java:updateAndGet(139)) - om1: start om1@group-C5BA1605619E-LeaderStateImpl
2022-10-13 11:29:13,009 [om1@group-C5BA1605619E-LeaderElection21] INFO  segmented.SegmentedRaftLogWorker (SegmentedRaftLogWorker.java:startLogSegment(425)) - om1@group-C5BA1605619E-SegmentedRaftLogWorker: Starting segment from index:0
2022-10-13 11:29:13,013 [om1@group-C5BA1605619E-LeaderElection21] INFO  server.RaftServer$Division (ServerState.java:setRaftConf(393)) - om1@group-C5BA1605619E: set configuration 0: [om1|rpc:localhost:9872|admin:|client:|dataStream:|priority:0], old=null
2022-10-13 11:29:13,020 [om1@group-C5BA1605619E-SegmentedRaftLogWorker] INFO  segmented.SegmentedRaftLogWorker (SegmentedRaftLogWorker.java:execute(629)) - om1@group-C5BA1605619E-SegmentedRaftLogWorker: created new log segment /home/runner/work/ozone/ozone/hadoop-ozone/integration-test/target/test-dir/MiniOzoneClusterImpl-d2d9cd47-4a8f-47c9-ae3e-7163176d789f/ozone-meta/ratis/bf265839-605b-3f16-9796-c5ba1605619e/current/log_inprogress_0
2022-10-13 11:29:13,022 [om1@group-C5BA1605619E-StateMachineUpdater] INFO  ratis.OzoneManagerStateMachine (OzoneManagerStateMachine.java:notifyConfigurationChanged(192)) - Received Configuration change notification from Ratis. New Peer list:
[id: "om1"
address: "localhost:9872"
]
2022-10-13 11:29:13,918 [Listener at 127.0.0.1/46741] INFO  ozone.MiniOzoneClusterImpl (MiniOzoneClusterImpl.java:lambda$waitForClusterToBeReady$0(216)) - Waiting for nodes to be ready. Got 0 of 3 DN Heartbeats.
2022-10-13 11:29:13,918 [Listener at 127.0.0.1/46741] INFO  ozone.MiniOzoneClusterImpl (MiniOzoneClusterImpl.java:lambda$waitForClusterToBeReady$0(219)) - Waiting for cluster to exit safe mode
2022-10-13 11:29:13,918 [Listener at 127.0.0.1/46741] INFO  ozone.MiniOzoneClusterImpl (MiniOzoneClusterImpl.java:lambda$waitForClusterToBeReady$0(221)) - SCM became leader
2022-10-13 11:29:14,368 [EndpointStateMachine task thread for /0.0.0.0:34091 - 0 ] INFO  volume.HddsVolume (HddsVolume.java:createDbStore(307)) - SchemaV3 db is created and loaded at /home/runner/work/ozone/ozone/hadoop-ozone/integration-test/target/test-dir/MiniOzoneClusterImpl-d2d9cd47-4a8f-47c9-ae3e-7163176d789f/datanode-0/data-0/containers/hdds/d2d9cd47-4a8f-47c9-ae3e-7163176d789f/DS-454085f7-2abe-44aa-b6e4-81534d1d73ae/container.db for volume DS-454085f7-2abe-44aa-b6e4-81534d1d73ae
2022-10-13 11:29:14,369 [EndpointStateMachine task thread for /0.0.0.0:34091 - 0 ] INFO  volume.HddsVolume (HddsVolume.java:closeDbStore(338)) - SchemaV3 db is stopped at /home/runner/work/ozone/ozone/hadoop-ozone/integration-test/target/test-dir/MiniOzoneClusterImpl-d2d9cd47-4a8f-47c9-ae3e-7163176d789f/datanode-0/data-0/containers/hdds/d2d9cd47-4a8f-47c9-ae3e-7163176d789f/DS-454085f7-2abe-44aa-b6e4-81534d1d73ae/container.db for volume DS-454085f7-2abe-44aa-b6e4-81534d1d73ae
2022-10-13 11:29:14,369 [EndpointStateMachine task thread for /0.0.0.0:34091 - 0 ] INFO  ozoneimpl.OzoneContainer (OzoneContainer.java:start(378)) - Attempting to start container services.
2022-10-13 11:29:14,369 [EndpointStateMachine task thread for /0.0.0.0:34091 - 0 ] INFO  ozoneimpl.OzoneContainer (OzoneContainer.java:startContainerScrub(313)) - Background container scanner has been disabled.
2022-10-13 11:29:14,370 [EndpointStateMachine task thread for /0.0.0.0:34091 - 0 ] INFO  replication.ReplicationServer (ReplicationServer.java:start(111)) - ReplicationServer is started using port 37465
2022-10-13 11:29:14,371 [EndpointStateMachine task thread for /0.0.0.0:34091 - 0 ] INFO  ratis.XceiverServerRatis (XceiverServerRatis.java:start(481)) - Starting XceiverServerRatis eb006ac0-056f-4f1a-b412-99697cc0034b
2022-10-13 11:29:14,373 [EndpointStateMachine task thread for /0.0.0.0:34091 - 0 ] INFO  server.RaftServer (RaftServerProxy.java:lambda$start$6(382)) - eb006ac0-056f-4f1a-b412-99697cc0034b: start RPC server
2022-10-13 11:29:14,377 [EndpointStateMachine task thread for /0.0.0.0:34091 - 0 ] INFO  server.GrpcService (GrpcService.java:startImpl(260)) - eb006ac0-056f-4f1a-b412-99697cc0034b: GrpcService started, listening on 40859
2022-10-13 11:29:14,378 [EndpointStateMachine task thread for /0.0.0.0:34091 - 0 ] INFO  ratis.XceiverServerRatis (XceiverServerRatis.java:getRealPort(502)) - XceiverServerRatis eb006ac0-056f-4f1a-b412-99697cc0034b is started using port 40859 for RATIS
2022-10-13 11:29:14,378 [EndpointStateMachine task thread for /0.0.0.0:34091 - 0 ] INFO  ratis.XceiverServerRatis (XceiverServerRatis.java:getRealPort(502)) - XceiverServerRatis eb006ac0-056f-4f1a-b412-99697cc0034b is started using port 40859 for RATIS_ADMIN
2022-10-13 11:29:14,378 [EndpointStateMachine task thread for /0.0.0.0:34091 - 0 ] INFO  ratis.XceiverServerRatis (XceiverServerRatis.java:getRealPort(502)) - XceiverServerRatis eb006ac0-056f-4f1a-b412-99697cc0034b is started using port 40859 for RATIS_SERVER
2022-10-13 11:29:14,378 [org.apache.ratis.util.JvmPauseMonitor$$Lambda$690/1264163010@4be0b43d] INFO  util.JvmPauseMonitor (JvmPauseMonitor.java:run(103)) - JvmPauseMonitor-eb006ac0-056f-4f1a-b412-99697cc0034b: Started
2022-10-13 11:29:14,379 [EndpointStateMachine task thread for /0.0.0.0:34091 - 0 ] INFO  server.XceiverServerGrpc (XceiverServerGrpc.java:start(180)) - XceiverServerGrpc eb006ac0-056f-4f1a-b412-99697cc0034b is started using port 41941
2022-10-13 11:29:14,672 [EndpointStateMachine task thread for /0.0.0.0:34091 - 0 ] INFO  volume.HddsVolume (HddsVolume.java:createDbStore(307)) - SchemaV3 db is created and loaded at /home/runner/work/ozone/ozone/hadoop-ozone/integration-test/target/test-dir/MiniOzoneClusterImpl-d2d9cd47-4a8f-47c9-ae3e-7163176d789f/datanode-1/data-0/containers/hdds/d2d9cd47-4a8f-47c9-ae3e-7163176d789f/DS-5fe39080-66bb-4d50-9d23-0acbeaf30917/container.db for volume DS-5fe39080-66bb-4d50-9d23-0acbeaf30917
2022-10-13 11:29:14,673 [EndpointStateMachine task thread for /0.0.0.0:34091 - 0 ] INFO  volume.HddsVolume (HddsVolume.java:closeDbStore(338)) - SchemaV3 db is stopped at /home/runner/work/ozone/ozone/hadoop-ozone/integration-test/target/test-dir/MiniOzoneClusterImpl-d2d9cd47-4a8f-47c9-ae3e-7163176d789f/datanode-1/data-0/containers/hdds/d2d9cd47-4a8f-47c9-ae3e-7163176d789f/DS-5fe39080-66bb-4d50-9d23-0acbeaf30917/container.db for volume DS-5fe39080-66bb-4d50-9d23-0acbeaf30917
2022-10-13 11:29:14,673 [EndpointStateMachine task thread for /0.0.0.0:34091 - 0 ] INFO  ozoneimpl.OzoneContainer (OzoneContainer.java:start(378)) - Attempting to start container services.
2022-10-13 11:29:14,673 [EndpointStateMachine task thread for /0.0.0.0:34091 - 0 ] INFO  ozoneimpl.OzoneContainer (OzoneContainer.java:startContainerScrub(313)) - Background container scanner has been disabled.
2022-10-13 11:29:14,674 [EndpointStateMachine task thread for /0.0.0.0:34091 - 0 ] INFO  replication.ReplicationServer (ReplicationServer.java:start(111)) - ReplicationServer is started using port 44249
2022-10-13 11:29:14,674 [EndpointStateMachine task thread for /0.0.0.0:34091 - 0 ] INFO  ratis.XceiverServerRatis (XceiverServerRatis.java:start(481)) - Starting XceiverServerRatis 33e3c0bc-8f59-462c-92be-36e05a096713
2022-10-13 11:29:14,675 [EndpointStateMachine task thread for /0.0.0.0:34091 - 0 ] INFO  server.RaftServer (RaftServerProxy.java:lambda$start$6(382)) - 33e3c0bc-8f59-462c-92be-36e05a096713: start RPC server
2022-10-13 11:29:14,676 [EndpointStateMachine task thread for /0.0.0.0:34091 - 0 ] INFO  server.GrpcService (GrpcService.java:startImpl(260)) - 33e3c0bc-8f59-462c-92be-36e05a096713: GrpcService started, listening on 44523
2022-10-13 11:29:14,676 [EndpointStateMachine task thread for /0.0.0.0:34091 - 0 ] INFO  ratis.XceiverServerRatis (XceiverServerRatis.java:getRealPort(502)) - XceiverServerRatis 33e3c0bc-8f59-462c-92be-36e05a096713 is started using port 44523 for RATIS
2022-10-13 11:29:14,676 [org.apache.ratis.util.JvmPauseMonitor$$Lambda$690/1264163010@3099da90] INFO  util.JvmPauseMonitor (JvmPauseMonitor.java:run(103)) - JvmPauseMonitor-33e3c0bc-8f59-462c-92be-36e05a096713: Started
2022-10-13 11:29:14,676 [EndpointStateMachine task thread for /0.0.0.0:34091 - 0 ] INFO  ratis.XceiverServerRatis (XceiverServerRatis.java:getRealPort(502)) - XceiverServerRatis 33e3c0bc-8f59-462c-92be-36e05a096713 is started using port 44523 for RATIS_ADMIN
2022-10-13 11:29:14,676 [EndpointStateMachine task thread for /0.0.0.0:34091 - 0 ] INFO  ratis.XceiverServerRatis (XceiverServerRatis.java:getRealPort(502)) - XceiverServerRatis 33e3c0bc-8f59-462c-92be-36e05a096713 is started using port 44523 for RATIS_SERVER
2022-10-13 11:29:14,678 [EndpointStateMachine task thread for /0.0.0.0:34091 - 0 ] INFO  server.XceiverServerGrpc (XceiverServerGrpc.java:start(180)) - XceiverServerGrpc 33e3c0bc-8f59-462c-92be-36e05a096713 is started using port 40475
2022-10-13 11:29:14,918 [Listener at 127.0.0.1/46741] INFO  ozone.MiniOzoneClusterImpl (MiniOzoneClusterImpl.java:lambda$waitForClusterToBeReady$0(216)) - Waiting for nodes to be ready. Got 0 of 3 DN Heartbeats.
2022-10-13 11:29:14,919 [Listener at 127.0.0.1/46741] INFO  ozone.MiniOzoneClusterImpl (MiniOzoneClusterImpl.java:lambda$waitForClusterToBeReady$0(219)) - Waiting for cluster to exit safe mode
2022-10-13 11:29:14,919 [Listener at 127.0.0.1/46741] INFO  ozone.MiniOzoneClusterImpl (MiniOzoneClusterImpl.java:lambda$waitForClusterToBeReady$0(221)) - SCM became leader
2022-10-13 11:29:14,958 [EndpointStateMachine task thread for /0.0.0.0:34091 - 0 ] INFO  volume.HddsVolume (HddsVolume.java:createDbStore(307)) - SchemaV3 db is created and loaded at /home/runner/work/ozone/ozone/hadoop-ozone/integration-test/target/test-dir/MiniOzoneClusterImpl-d2d9cd47-4a8f-47c9-ae3e-7163176d789f/datanode-2/data-0/containers/hdds/d2d9cd47-4a8f-47c9-ae3e-7163176d789f/DS-358c1b8b-62ee-44d3-b6f6-0ee4f9bd866e/container.db for volume DS-358c1b8b-62ee-44d3-b6f6-0ee4f9bd866e
2022-10-13 11:29:14,959 [EndpointStateMachine task thread for /0.0.0.0:34091 - 0 ] INFO  volume.HddsVolume (HddsVolume.java:closeDbStore(338)) - SchemaV3 db is stopped at /home/runner/work/ozone/ozone/hadoop-ozone/integration-test/target/test-dir/MiniOzoneClusterImpl-d2d9cd47-4a8f-47c9-ae3e-7163176d789f/datanode-2/data-0/containers/hdds/d2d9cd47-4a8f-47c9-ae3e-7163176d789f/DS-358c1b8b-62ee-44d3-b6f6-0ee4f9bd866e/container.db for volume DS-358c1b8b-62ee-44d3-b6f6-0ee4f9bd866e
2022-10-13 11:29:14,959 [EndpointStateMachine task thread for /0.0.0.0:34091 - 0 ] INFO  ozoneimpl.OzoneContainer (OzoneContainer.java:start(378)) - Attempting to start container services.
2022-10-13 11:29:14,959 [EndpointStateMachine task thread for /0.0.0.0:34091 - 0 ] INFO  ozoneimpl.OzoneContainer (OzoneContainer.java:startContainerScrub(313)) - Background container scanner has been disabled.
2022-10-13 11:29:14,960 [EndpointStateMachine task thread for /0.0.0.0:34091 - 0 ] INFO  replication.ReplicationServer (ReplicationServer.java:start(111)) - ReplicationServer is started using port 42383
2022-10-13 11:29:14,961 [EndpointStateMachine task thread for /0.0.0.0:34091 - 0 ] INFO  ratis.XceiverServerRatis (XceiverServerRatis.java:start(481)) - Starting XceiverServerRatis 7dfa6ca3-47f6-4a40-9cc4-a3bc1bb73048
2022-10-13 11:29:14,961 [EndpointStateMachine task thread for /0.0.0.0:34091 - 0 ] INFO  server.RaftServer (RaftServerProxy.java:lambda$start$6(382)) - 7dfa6ca3-47f6-4a40-9cc4-a3bc1bb73048: start RPC server
2022-10-13 11:29:14,962 [EndpointStateMachine task thread for /0.0.0.0:34091 - 0 ] INFO  server.GrpcService (GrpcService.java:startImpl(260)) - 7dfa6ca3-47f6-4a40-9cc4-a3bc1bb73048: GrpcService started, listening on 46609
2022-10-13 11:29:14,962 [EndpointStateMachine task thread for /0.0.0.0:34091 - 0 ] INFO  ratis.XceiverServerRatis (XceiverServerRatis.java:getRealPort(502)) - XceiverServerRatis 7dfa6ca3-47f6-4a40-9cc4-a3bc1bb73048 is started using port 46609 for RATIS
2022-10-13 11:29:14,962 [org.apache.ratis.util.JvmPauseMonitor$$Lambda$690/1264163010@5660326d] INFO  util.JvmPauseMonitor (JvmPauseMonitor.java:run(103)) - JvmPauseMonitor-7dfa6ca3-47f6-4a40-9cc4-a3bc1bb73048: Started
2022-10-13 11:29:14,962 [EndpointStateMachine task thread for /0.0.0.0:34091 - 0 ] INFO  ratis.XceiverServerRatis (XceiverServerRatis.java:getRealPort(502)) - XceiverServerRatis 7dfa6ca3-47f6-4a40-9cc4-a3bc1bb73048 is started using port 46609 for RATIS_ADMIN
2022-10-13 11:29:14,962 [EndpointStateMachine task thread for /0.0.0.0:34091 - 0 ] INFO  ratis.XceiverServerRatis (XceiverServerRatis.java:getRealPort(502)) - XceiverServerRatis 7dfa6ca3-47f6-4a40-9cc4-a3bc1bb73048 is started using port 46609 for RATIS_SERVER
2022-10-13 11:29:14,963 [EndpointStateMachine task thread for /0.0.0.0:34091 - 0 ] INFO  server.XceiverServerGrpc (XceiverServerGrpc.java:start(180)) - XceiverServerGrpc 7dfa6ca3-47f6-4a40-9cc4-a3bc1bb73048 is started using port 40315
2022-10-13 11:29:15,919 [Listener at 127.0.0.1/46741] INFO  ozone.MiniOzoneClusterImpl (MiniOzoneClusterImpl.java:lambda$waitForClusterToBeReady$0(216)) - Waiting for nodes to be ready. Got 0 of 3 DN Heartbeats.
2022-10-13 11:29:15,919 [Listener at 127.0.0.1/46741] INFO  ozone.MiniOzoneClusterImpl (MiniOzoneClusterImpl.java:lambda$waitForClusterToBeReady$0(219)) - Waiting for cluster to exit safe mode
2022-10-13 11:29:15,920 [Listener at 127.0.0.1/46741] INFO  ozone.MiniOzoneClusterImpl (MiniOzoneClusterImpl.java:lambda$waitForClusterToBeReady$0(221)) - SCM became leader
2022-10-13 11:29:16,329 [IPC Server handler 0 on default port 34091] INFO  net.NetworkTopologyImpl (NetworkTopologyImpl.java:add(112)) - Added a new node: /default-rack/eb006ac0-056f-4f1a-b412-99697cc0034b
2022-10-13 11:29:16,329 [IPC Server handler 0 on default port 34091] INFO  node.SCMNodeManager (SCMNodeManager.java:register(397)) - Registered Data node : eb006ac0-056f-4f1a-b412-99697cc0034b{ip: 10.1.0.139, host: fv-az447-90.tnmeiuxxsqeu3byeydcnbj0j5d.dx.internal.cloudapp.net, ports: [REPLICATION=37465, RATIS=40859, RATIS_ADMIN=40859, RATIS_SERVER=40859, STANDALONE=41941], networkLocation: /default-rack, certSerialId: null, persistedOpState: null, persistedOpStateExpiryEpochSec: 0}
2022-10-13 11:29:16,331 [EventQueue-NodeRegistrationContainerReportForContainerSafeModeRule] INFO  safemode.SCMSafeModeManager (SCMSafeModeManager.java:validateSafeModeExitRules(204)) - ContainerSafeModeRule rule is successfully validated
2022-10-13 11:29:16,331 [EventQueue-NewNodeForNewNodeHandler] INFO  pipeline.BackgroundPipelineCreator (BackgroundPipelineCreator.java:notifyEventTriggered(276)) - trigger a one-shot run on RatisPipelineUtilsThread.
2022-10-13 11:29:16,332 [RatisPipelineUtilsThread - 0] INFO  pipeline.RatisPipelineProvider (RatisPipelineProvider.java:lambda$create$0(195)) - Sending CreatePipelineCommand for pipeline:PipelineID=5d62c771-c194-469b-9493-aee73ecc53cc to datanode:eb006ac0-056f-4f1a-b412-99697cc0034b
2022-10-13 11:29:16,333 [EventQueue-NodeRegistrationContainerReportForDataNodeSafeModeRule] INFO  safemode.SCMSafeModeManager (DataNodeSafeModeRule.java:process(71)) - SCM in safe mode. 1 DataNodes registered, 3 required.
2022-10-13 11:29:16,333 [EventQueue-PipelineReportForOneReplicaPipelineSafeModeRule] INFO  safemode.SCMSafeModeManager (SCMSafeModeManager.java:validateSafeModeExitRules(204)) - AtleastOneDatanodeReportedRule rule is successfully validated
2022-10-13 11:29:16,334 [RatisPipelineUtilsThread - 0] INFO  pipeline.PipelineStateManagerImpl (PipelineStateManagerImpl.java:addPipeline(103)) - Created pipeline Pipeline[ Id: 5d62c771-c194-469b-9493-aee73ecc53cc, Nodes: eb006ac0-056f-4f1a-b412-99697cc0034b{ip: 10.1.0.139, host: fv-az447-90.tnmeiuxxsqeu3byeydcnbj0j5d.dx.internal.cloudapp.net, ports: [REPLICATION=37465, RATIS=40859, RATIS_ADMIN=40859, RATIS_SERVER=40859, STANDALONE=41941], networkLocation: /default-rack, certSerialId: null, persistedOpState: IN_SERVICE, persistedOpStateExpiryEpochSec: 0}, ReplicationConfig: RATIS/ONE, State:ALLOCATED, leaderId:, CreationTimestamp2022-10-13T11:29:16.332Z[Etc/UTC]].
2022-10-13 11:29:16,628 [IPC Server handler 1 on default port 34091] INFO  net.NetworkTopologyImpl (NetworkTopologyImpl.java:add(112)) - Added a new node: /default-rack/33e3c0bc-8f59-462c-92be-36e05a096713
2022-10-13 11:29:16,628 [IPC Server handler 1 on default port 34091] INFO  node.SCMNodeManager (SCMNodeManager.java:register(397)) - Registered Data node : 33e3c0bc-8f59-462c-92be-36e05a096713{ip: 10.1.0.139, host: fv-az447-90.tnmeiuxxsqeu3byeydcnbj0j5d.dx.internal.cloudapp.net, ports: [REPLICATION=44249, RATIS=44523, RATIS_ADMIN=44523, RATIS_SERVER=44523, STANDALONE=40475], networkLocation: /default-rack, certSerialId: null, persistedOpState: null, persistedOpStateExpiryEpochSec: 0}
2022-10-13 11:29:16,628 [EventQueue-NodeRegistrationContainerReportForDataNodeSafeModeRule] INFO  safemode.SCMSafeModeManager (DataNodeSafeModeRule.java:process(71)) - SCM in safe mode. 2 DataNodes registered, 3 required.
2022-10-13 11:29:16,629 [EventQueue-NewNodeForNewNodeHandler] INFO  pipeline.BackgroundPipelineCreator (BackgroundPipelineCreator.java:notifyEventTriggered(276)) - trigger a one-shot run on RatisPipelineUtilsThread.
2022-10-13 11:29:16,629 [RatisPipelineUtilsThread - 0] INFO  pipeline.RatisPipelineProvider (RatisPipelineProvider.java:lambda$create$0(195)) - Sending CreatePipelineCommand for pipeline:PipelineID=6f5880c9-8143-42e8-a06c-4efb72c335a4 to datanode:33e3c0bc-8f59-462c-92be-36e05a096713
2022-10-13 11:29:16,630 [RatisPipelineUtilsThread - 0] INFO  pipeline.PipelineStateManagerImpl (PipelineStateManagerImpl.java:addPipeline(103)) - Created pipeline Pipeline[ Id: 6f5880c9-8143-42e8-a06c-4efb72c335a4, Nodes: 33e3c0bc-8f59-462c-92be-36e05a096713{ip: 10.1.0.139, host: fv-az447-90.tnmeiuxxsqeu3byeydcnbj0j5d.dx.internal.cloudapp.net, ports: [REPLICATION=44249, RATIS=44523, RATIS_ADMIN=44523, RATIS_SERVER=44523, STANDALONE=40475], networkLocation: /default-rack, certSerialId: null, persistedOpState: IN_SERVICE, persistedOpStateExpiryEpochSec: 0}, ReplicationConfig: RATIS/ONE, State:ALLOCATED, leaderId:, CreationTimestamp2022-10-13T11:29:16.629Z[Etc/UTC]].
2022-10-13 11:29:16,920 [IPC Server handler 2 on default port 34091] INFO  net.NetworkTopologyImpl (NetworkTopologyImpl.java:add(112)) - Added a new node: /default-rack/7dfa6ca3-47f6-4a40-9cc4-a3bc1bb73048
2022-10-13 11:29:16,920 [IPC Server handler 2 on default port 34091] INFO  node.SCMNodeManager (SCMNodeManager.java:register(397)) - Registered Data node : 7dfa6ca3-47f6-4a40-9cc4-a3bc1bb73048{ip: 10.1.0.139, host: fv-az447-90.tnmeiuxxsqeu3byeydcnbj0j5d.dx.internal.cloudapp.net, ports: [REPLICATION=42383, RATIS=46609, RATIS_ADMIN=46609, RATIS_SERVER=46609, STANDALONE=40315], networkLocation: /default-rack, certSerialId: null, persistedOpState: null, persistedOpStateExpiryEpochSec: 0}
2022-10-13 11:29:16,921 [Listener at 127.0.0.1/46741] INFO  ozone.MiniOzoneClusterImpl (MiniOzoneClusterImpl.java:lambda$waitForClusterToBeReady$0(216)) - Nodes are ready. Got 3 of 3 DN Heartbeats.
2022-10-13 11:29:16,921 [Listener at 127.0.0.1/46741] INFO  ozone.MiniOzoneClusterImpl (MiniOzoneClusterImpl.java:lambda$waitForClusterToBeReady$0(219)) - Waiting for cluster to exit safe mode
2022-10-13 11:29:16,921 [Listener at 127.0.0.1/46741] INFO  ozone.MiniOzoneClusterImpl (MiniOzoneClusterImpl.java:lambda$waitForClusterToBeReady$0(221)) - SCM became leader
2022-10-13 11:29:16,921 [EventQueue-NodeRegistrationContainerReportForDataNodeSafeModeRule] INFO  safemode.SCMSafeModeManager (DataNodeSafeModeRule.java:process(71)) - SCM in safe mode. 3 DataNodes registered, 3 required.
2022-10-13 11:29:16,921 [EventQueue-NodeRegistrationContainerReportForDataNodeSafeModeRule] INFO  safemode.SCMSafeModeManager (SCMSafeModeManager.java:validateSafeModeExitRules(204)) - DataNodeSafeModeRule rule is successfully validated
2022-10-13 11:29:16,921 [EventQueue-NodeRegistrationContainerReportForDataNodeSafeModeRule] INFO  safemode.SCMSafeModeManager (SCMSafeModeManager.java:completePreCheck(233)) - All SCM safe mode pre check rules have passed
2022-10-13 11:29:16,921 [EventQueue-NodeRegistrationContainerReportForDataNodeSafeModeRule] WARN  events.EventQueue (EventQueue.java:fireEvent(216)) - No event handler registered for event TypedEvent{payloadType=SafeModeStatus, name='Safe mode status'}
2022-10-13 11:29:16,922 [EventQueue-NodeRegistrationContainerReportForDataNodeSafeModeRule] INFO  ha.SCMContext (SCMContext.java:updateSafeModeStatus(228)) - Update SafeModeStatus from SafeModeStatus{safeModeStatus=true, preCheckPassed=false} to SafeModeStatus{safeModeStatus=true, preCheckPassed=true}.
2022-10-13 11:29:16,921 [EventQueue-NewNodeForNewNodeHandler] INFO  pipeline.BackgroundPipelineCreator (BackgroundPipelineCreator.java:notifyEventTriggered(276)) - trigger a one-shot run on RatisPipelineUtilsThread.
2022-10-13 11:29:16,922 [EventQueue-NodeRegistrationContainerReportForDataNodeSafeModeRule] INFO  pipeline.BackgroundPipelineCreator (BackgroundPipelineCreator.java:notifyEventTriggered(276)) - trigger a one-shot run on RatisPipelineUtilsThread.
2022-10-13 11:29:16,923 [RatisPipelineUtilsThread - 0] INFO  pipeline.RatisPipelineProvider (RatisPipelineProvider.java:lambda$create$0(195)) - Sending CreatePipelineCommand for pipeline:PipelineID=b635b23e-3a25-4b13-bbea-cbe35a0fff02 to datanode:7dfa6ca3-47f6-4a40-9cc4-a3bc1bb73048
2022-10-13 11:29:16,923 [RatisPipelineUtilsThread - 0] INFO  pipeline.PipelineStateManagerImpl (PipelineStateManagerImpl.java:addPipeline(103)) - Created pipeline Pipeline[ Id: b635b23e-3a25-4b13-bbea-cbe35a0fff02, Nodes: 7dfa6ca3-47f6-4a40-9cc4-a3bc1bb73048{ip: 10.1.0.139, host: fv-az447-90.tnmeiuxxsqeu3byeydcnbj0j5d.dx.internal.cloudapp.net, ports: [REPLICATION=42383, RATIS=46609, RATIS_ADMIN=46609, RATIS_SERVER=46609, STANDALONE=40315], networkLocation: /default-rack, certSerialId: null, persistedOpState: IN_SERVICE, persistedOpStateExpiryEpochSec: 0}, ReplicationConfig: RATIS/ONE, State:ALLOCATED, leaderId:, CreationTimestamp2022-10-13T11:29:16.923Z[Etc/UTC]].
2022-10-13 11:29:16,924 [RatisPipelineUtilsThread - 0] INFO  pipeline.RatisPipelineProvider (RatisPipelineProvider.java:lambda$create$0(195)) - Sending CreatePipelineCommand for pipeline:PipelineID=803385ca-4de3-4179-b4ce-1d47bab5da1d to datanode:33e3c0bc-8f59-462c-92be-36e05a096713
2022-10-13 11:29:16,924 [RatisPipelineUtilsThread - 0] INFO  pipeline.RatisPipelineProvider (RatisPipelineProvider.java:lambda$create$0(195)) - Sending CreatePipelineCommand for pipeline:PipelineID=803385ca-4de3-4179-b4ce-1d47bab5da1d to datanode:eb006ac0-056f-4f1a-b412-99697cc0034b
2022-10-13 11:29:16,924 [RatisPipelineUtilsThread - 0] INFO  pipeline.RatisPipelineProvider (RatisPipelineProvider.java:lambda$create$0(195)) - Sending CreatePipelineCommand for pipeline:PipelineID=803385ca-4de3-4179-b4ce-1d47bab5da1d to datanode:7dfa6ca3-47f6-4a40-9cc4-a3bc1bb73048
2022-10-13 11:29:16,924 [RatisPipelineUtilsThread - 0] INFO  pipeline.PipelineStateManagerImpl (PipelineStateManagerImpl.java:addPipeline(103)) - Created pipeline Pipeline[ Id: 803385ca-4de3-4179-b4ce-1d47bab5da1d, Nodes: 33e3c0bc-8f59-462c-92be-36e05a096713{ip: 10.1.0.139, host: fv-az447-90.tnmeiuxxsqeu3byeydcnbj0j5d.dx.internal.cloudapp.net, ports: [REPLICATION=44249, RATIS=44523, RATIS_ADMIN=44523, RATIS_SERVER=44523, STANDALONE=40475], networkLocation: /default-rack, certSerialId: null, persistedOpState: IN_SERVICE, persistedOpStateExpiryEpochSec: 0}eb006ac0-056f-4f1a-b412-99697cc0034b{ip: 10.1.0.139, host: fv-az447-90.tnmeiuxxsqeu3byeydcnbj0j5d.dx.internal.cloudapp.net, ports: [REPLICATION=37465, RATIS=40859, RATIS_ADMIN=40859, RATIS_SERVER=40859, STANDALONE=41941], networkLocation: /default-rack, certSerialId: null, persistedOpState: IN_SERVICE, persistedOpStateExpiryEpochSec: 0}7dfa6ca3-47f6-4a40-9cc4-a3bc1bb73048{ip: 10.1.0.139, host: fv-az447-90.tnmeiuxxsqeu3byeydcnbj0j5d.dx.internal.cloudapp.net, ports: [REPLICATION=42383, RATIS=46609, RATIS_ADMIN=46609, RATIS_SERVER=46609, STANDALONE=40315], networkLocation: /default-rack, certSerialId: null, persistedOpState: IN_SERVICE, persistedOpStateExpiryEpochSec: 0}, ReplicationConfig: RATIS/THREE, State:ALLOCATED, leaderId:, CreationTimestamp2022-10-13T11:29:16.924Z[Etc/UTC]].
2022-10-13 11:29:16,925 [RatisPipelineUtilsThread - 0] INFO  pipeline.RatisPipelineProvider (RatisPipelineProvider.java:lambda$create$0(195)) - Sending CreatePipelineCommand for pipeline:PipelineID=6358c765-d9cb-4190-97dc-51b49ede02f1 to datanode:7dfa6ca3-47f6-4a40-9cc4-a3bc1bb73048
2022-10-13 11:29:16,925 [RatisPipelineUtilsThread - 0] INFO  pipeline.RatisPipelineProvider (RatisPipelineProvider.java:lambda$create$0(195)) - Sending CreatePipelineCommand for pipeline:PipelineID=6358c765-d9cb-4190-97dc-51b49ede02f1 to datanode:eb006ac0-056f-4f1a-b412-99697cc0034b
2022-10-13 11:29:16,925 [RatisPipelineUtilsThread - 0] INFO  pipeline.RatisPipelineProvider (RatisPipelineProvider.java:lambda$create$0(195)) - Sending CreatePipelineCommand for pipeline:PipelineID=6358c765-d9cb-4190-97dc-51b49ede02f1 to datanode:33e3c0bc-8f59-462c-92be-36e05a096713
2022-10-13 11:29:16,926 [RatisPipelineUtilsThread - 0] INFO  pipeline.PipelineStateManagerImpl (PipelineStateManagerImpl.java:addPipeline(103)) - Created pipeline Pipeline[ Id: 6358c765-d9cb-4190-97dc-51b49ede02f1, Nodes: 7dfa6ca3-47f6-4a40-9cc4-a3bc1bb73048{ip: 10.1.0.139, host: fv-az447-90.tnmeiuxxsqeu3byeydcnbj0j5d.dx.internal.cloudapp.net, ports: [REPLICATION=42383, RATIS=46609, RATIS_ADMIN=46609, RATIS_SERVER=46609, STANDALONE=40315], networkLocation: /default-rack, certSerialId: null, persistedOpState: IN_SERVICE, persistedOpStateExpiryEpochSec: 0}eb006ac0-056f-4f1a-b412-99697cc0034b{ip: 10.1.0.139, host: fv-az447-90.tnmeiuxxsqeu3byeydcnbj0j5d.dx.internal.cloudapp.net, ports: [REPLICATION=37465, RATIS=40859, RATIS_ADMIN=40859, RATIS_SERVER=40859, STANDALONE=41941], networkLocation: /default-rack, certSerialId: null, persistedOpState: IN_SERVICE, persistedOpStateExpiryEpochSec: 0}33e3c0bc-8f59-462c-92be-36e05a096713{ip: 10.1.0.139, host: fv-az447-90.tnmeiuxxsqeu3byeydcnbj0j5d.dx.internal.cloudapp.net, ports: [REPLICATION=44249, RATIS=44523, RATIS_ADMIN=44523, RATIS_SERVER=44523, STANDALONE=40475], networkLocation: /default-rack, certSerialId: null, persistedOpState: IN_SERVICE, persistedOpStateExpiryEpochSec: 0}, ReplicationConfig: RATIS/THREE, State:ALLOCATED, leaderId:, CreationTimestamp2022-10-13T11:29:16.925Z[Etc/UTC]].
2022-10-13 11:29:16,926 [RatisPipelineUtilsThread - 0] INFO  pipeline.PipelineManagerImpl (PipelineManagerImpl.java:recordMetricsForPipeline(796)) - Pipeline: PipelineID=6358c765-d9cb-4190-97dc-51b49ede02f1 contains same datanodes as previous pipelines: PipelineID=803385ca-4de3-4179-b4ce-1d47bab5da1d nodeIds: 7dfa6ca3-47f6-4a40-9cc4-a3bc1bb73048, eb006ac0-056f-4f1a-b412-99697cc0034b, 33e3c0bc-8f59-462c-92be-36e05a096713
2022-10-13 11:29:17,921 [Listener at 127.0.0.1/46741] INFO  ozone.MiniOzoneClusterImpl (MiniOzoneClusterImpl.java:lambda$waitForClusterToBeReady$0(216)) - Nodes are ready. Got 3 of 3 DN Heartbeats.
2022-10-13 11:29:17,922 [Listener at 127.0.0.1/46741] INFO  ozone.MiniOzoneClusterImpl (MiniOzoneClusterImpl.java:lambda$waitForClusterToBeReady$0(219)) - Waiting for cluster to exit safe mode
2022-10-13 11:29:17,922 [Listener at 127.0.0.1/46741] INFO  ozone.MiniOzoneClusterImpl (MiniOzoneClusterImpl.java:lambda$waitForClusterToBeReady$0(221)) - SCM became leader
2022-10-13 11:29:18,922 [Listener at 127.0.0.1/46741] INFO  ozone.MiniOzoneClusterImpl (MiniOzoneClusterImpl.java:lambda$waitForClusterToBeReady$0(216)) - Nodes are ready. Got 3 of 3 DN Heartbeats.
2022-10-13 11:29:18,922 [Listener at 127.0.0.1/46741] INFO  ozone.MiniOzoneClusterImpl (MiniOzoneClusterImpl.java:lambda$waitForClusterToBeReady$0(219)) - Waiting for cluster to exit safe mode
2022-10-13 11:29:18,923 [Listener at 127.0.0.1/46741] INFO  ozone.MiniOzoneClusterImpl (MiniOzoneClusterImpl.java:lambda$waitForClusterToBeReady$0(221)) - SCM became leader
2022-10-13 11:29:19,328 [Command processor thread] INFO  server.RaftServer (RaftServerProxy.java:addNew(96)) - eb006ac0-056f-4f1a-b412-99697cc0034b: addNew group-AEE73ECC53CC:[eb006ac0-056f-4f1a-b412-99697cc0034b|rpc:10.1.0.139:40859|priority:1] returns group-AEE73ECC53CC:java.util.concurrent.CompletableFuture@3d11989d[Not completed]
2022-10-13 11:29:19,332 [pool-510-thread-1] INFO  server.RaftServer$Division (RaftServerImpl.java:<init>(190)) - eb006ac0-056f-4f1a-b412-99697cc0034b: new RaftServerImpl for group-AEE73ECC53CC:[eb006ac0-056f-4f1a-b412-99697cc0034b|rpc:10.1.0.139:40859|priority:1] with ContainerStateMachine:uninitialized
2022-10-13 11:29:19,332 [pool-510-thread-1] INFO  server.RaftServerConfigKeys (ConfUtils.java:logGet(46)) - raft.server.rpc.timeout.min = 5s (custom)
2022-10-13 11:29:19,332 [pool-510-thread-1] INFO  server.RaftServerConfigKeys (ConfUtils.java:logGet(46)) - raft.server.rpc.timeout.max = 5200ms (custom)
2022-10-13 11:29:19,332 [pool-510-thread-1] INFO  server.RaftServerConfigKeys (ConfUtils.java:logGet(46)) - raft.server.rpc.sleep.time = 25ms (default)
2022-10-13 11:29:19,332 [pool-510-thread-1] INFO  server.RaftServerConfigKeys (ConfUtils.java:logGet(46)) - raft.server.rpc.slowness.timeout = 300s (custom)
2022-10-13 11:29:19,332 [pool-510-thread-1] INFO  server.RaftServerConfigKeys (ConfUtils.java:logGet(46)) - raft.server.leaderelection.leader.step-down.wait-time = 10s (default)
2022-10-13 11:29:19,332 [pool-510-thread-1] INFO  server.RaftServerConfigKeys (ConfUtils.java:logGet(46)) - raft.server.sleep.deviation.threshold = 300ms (default)
2022-10-13 11:29:19,332 [pool-510-thread-1] INFO  server.RaftServer$Division (ServerState.java:<init>(107)) - eb006ac0-056f-4f1a-b412-99697cc0034b@group-AEE73ECC53CC: ConfigurationManager, init=-1: [eb006ac0-056f-4f1a-b412-99697cc0034b|rpc:10.1.0.139:40859|priority:1], old=null, confs=<EMPTY_MAP>
2022-10-13 11:29:19,332 [pool-510-thread-1] INFO  server.RaftServerConfigKeys (ConfUtils.java:logGet(46)) - raft.server.storage.dir = [/home/runner/work/ozone/ozone/hadoop-ozone/integration-test/target/test-dir/MiniOzoneClusterImpl-d2d9cd47-4a8f-47c9-ae3e-7163176d789f/datanode-0/data/ratis] (custom)
2022-10-13 11:29:19,333 [pool-510-thread-1] INFO  server.RaftServerConfigKeys (ConfUtils.java:logGet(46)) - raft.server.log.corruption.policy = EXCEPTION (default)
2022-10-13 11:29:19,333 [pool-510-thread-1] INFO  server.RaftServerConfigKeys (ConfUtils.java:logGet(46)) - raft.server.storage.free-space.min = 0MB (=0) (default)
2022-10-13 11:29:19,333 [pool-510-thread-1] INFO  storage.RaftStorageDirectory (RaftStorageDirectoryImpl.java:analyzeStorage(135)) - The storage directory /home/runner/work/ozone/ozone/hadoop-ozone/integration-test/target/test-dir/MiniOzoneClusterImpl-d2d9cd47-4a8f-47c9-ae3e-7163176d789f/datanode-0/data/ratis/5d62c771-c194-469b-9493-aee73ecc53cc does not exist. Creating ...
2022-10-13 11:29:19,335 [pool-510-thread-1] INFO  storage.RaftStorageDirectory (RaftStorageDirectoryImpl.java:tryLock(230)) - Lock on /home/runner/work/ozone/ozone/hadoop-ozone/integration-test/target/test-dir/MiniOzoneClusterImpl-d2d9cd47-4a8f-47c9-ae3e-7163176d789f/datanode-0/data/ratis/5d62c771-c194-469b-9493-aee73ecc53cc/in_use.lock acquired by nodename 2264@fv-az447-90
2022-10-13 11:29:19,337 [pool-510-thread-1] INFO  storage.RaftStorage (RaftStorageImpl.java:format(89)) - Storage directory /home/runner/work/ozone/ozone/hadoop-ozone/integration-test/target/test-dir/MiniOzoneClusterImpl-d2d9cd47-4a8f-47c9-ae3e-7163176d789f/datanode-0/data/ratis/5d62c771-c194-469b-9493-aee73ecc53cc has been successfully formatted.
2022-10-13 11:29:19,338 [pool-510-thread-1] INFO  ratis.ContainerStateMachine (ContainerStateMachine.java:loadSnapshot(236)) - group-AEE73ECC53CC: The snapshot info is null. Setting the last applied indexto:(t:0, i:~)
2022-10-13 11:29:19,338 [pool-510-thread-1] INFO  server.RaftServerConfigKeys (ConfUtils.java:logGet(46)) - raft.server.notification.no-leader.timeout = 300s (custom)
2022-10-13 11:29:19,341 [pool-510-thread-1] INFO  server.RaftServerConfigKeys (ConfUtils.java:logGet(46)) - raft.server.log.use.memory = false (default)
2022-10-13 11:29:19,340 [EventQueue-PipelineReportForPipelineReportHandler] INFO  pipeline.PipelineManagerImpl (PipelineManagerImpl.java:openPipeline(367)) - Pipeline Pipeline[ Id: 5d62c771-c194-469b-9493-aee73ecc53cc, Nodes: eb006ac0-056f-4f1a-b412-99697cc0034b{ip: 10.1.0.139, host: fv-az447-90.tnmeiuxxsqeu3byeydcnbj0j5d.dx.internal.cloudapp.net, ports: [REPLICATION=37465, RATIS=40859, RATIS_ADMIN=40859, RATIS_SERVER=40859, STANDALONE=41941], networkLocation: /default-rack, certSerialId: null, persistedOpState: IN_SERVICE, persistedOpStateExpiryEpochSec: 0}, ReplicationConfig: RATIS/ONE, State:ALLOCATED, leaderId:eb006ac0-056f-4f1a-b412-99697cc0034b, CreationTimestamp2022-10-13T11:29:16.332Z[Etc/UTC]] moved to OPEN state
2022-10-13 11:29:19,341 [pool-510-thread-1] INFO  server.RaftServerConfigKeys (ConfUtils.java:logGet(46)) - raft.server.log.purge.gap = 1000000 (custom)
2022-10-13 11:29:19,342 [pool-510-thread-1] INFO  server.RaftServerConfigKeys (ConfUtils.java:logGet(46)) - raft.server.log.appender.buffer.byte-limit = 33554432 (custom)
2022-10-13 11:29:19,342 [pool-510-thread-1] INFO  server.RaftServerConfigKeys (ConfUtils.java:logGet(46)) - raft.server.log.statemachine.data.read.timeout = 1000ms (default)
2022-10-13 11:29:19,342 [pool-510-thread-1] INFO  server.RaftServerConfigKeys (ConfUtils.java:logGet(46)) - raft.server.log.segment.size.max = 1048576 (custom)
2022-10-13 11:29:19,343 [pool-510-thread-1] INFO  server.RaftServerConfigKeys (ConfUtils.java:logGet(46)) - raft.server.log.segment.cache.num.max = 2 (custom)
2022-10-13 11:29:19,343 [pool-510-thread-1] INFO  server.RaftServerConfigKeys (ConfUtils.java:logGet(46)) - raft.server.log.segment.cache.size.max = 200MB (=209715200) (default)
2022-10-13 11:29:19,343 [pool-510-thread-1] INFO  segmented.SegmentedRaftLogWorker (SegmentedRaftLogWorker.java:<init>(187)) - new eb006ac0-056f-4f1a-b412-99697cc0034b@group-AEE73ECC53CC-SegmentedRaftLogWorker for RaftStorageImpl:Storage Directory /home/runner/work/ozone/ozone/hadoop-ozone/integration-test/target/test-dir/MiniOzoneClusterImpl-d2d9cd47-4a8f-47c9-ae3e-7163176d789f/datanode-0/data/ratis/5d62c771-c194-469b-9493-aee73ecc53cc
2022-10-13 11:29:19,343 [pool-510-thread-1] INFO  server.RaftServerConfigKeys (ConfUtils.java:logGet(46)) - raft.server.log.queue.byte-limit = 4294967296 (custom)
2022-10-13 11:29:19,343 [pool-510-thread-1] INFO  server.RaftServerConfigKeys (ConfUtils.java:logGet(46)) - raft.server.log.queue.element-limit = 1024 (custom)
2022-10-13 11:29:19,343 [pool-510-thread-1] INFO  server.RaftServerConfigKeys (ConfUtils.java:logGet(46)) - raft.server.log.segment.size.max = 1048576 (custom)
2022-10-13 11:29:19,343 [pool-510-thread-1] INFO  server.RaftServerConfigKeys (ConfUtils.java:logGet(46)) - raft.server.log.preallocated.size = 16384 (custom)
2022-10-13 11:29:19,343 [pool-510-thread-1] INFO  server.RaftServerConfigKeys (ConfUtils.java:logGet(46)) - raft.server.log.force.sync.num = 128 (default)
2022-10-13 11:29:19,343 [pool-510-thread-1] INFO  server.RaftServerConfigKeys (ConfUtils.java:logGet(46)) - raft.server.log.statemachine.data.sync = true (default)
2022-10-13 11:29:19,343 [pool-510-thread-1] INFO  server.RaftServerConfigKeys (ConfUtils.java:logGet(46)) - raft.server.log.statemachine.data.sync.timeout = 10s (default)
2022-10-13 11:29:19,344 [pool-510-thread-1] INFO  server.RaftServerConfigKeys (ConfUtils.java:logGet(46)) - raft.server.log.statemachine.data.sync.timeout.retry = -1 (default)
2022-10-13 11:29:19,346 [pool-510-thread-1] INFO  server.RaftServerConfigKeys (ConfUtils.java:logGet(46)) - raft.server.log.write.buffer.size = 1048576 (custom)
2022-10-13 11:29:19,346 [pool-510-thread-1] INFO  server.RaftServerConfigKeys (ConfUtils.java:logGet(46)) - raft.server.log.unsafe-flush.enabled = false (default)
2022-10-13 11:29:19,346 [pool-510-thread-1] INFO  server.RaftServerConfigKeys (ConfUtils.java:logGet(46)) - raft.server.log.statemachine.data.caching.enabled = true (custom)
2022-10-13 11:29:19,346 [pool-510-thread-1] INFO  segmented.SegmentedRaftLogWorker (SegmentedRaftLogWorker.java:lambda$new$0(135)) - eb006ac0-056f-4f1a-b412-99697cc0034b@group-AEE73ECC53CC-SegmentedRaftLogWorker: flushIndex: setUnconditionally 0 -> -1
2022-10-13 11:29:19,346 [pool-510-thread-1] INFO  segmented.SegmentedRaftLogWorker (SegmentedRaftLogWorker.java:lambda$new$0(135)) - eb006ac0-056f-4f1a-b412-99697cc0034b@group-AEE73ECC53CC-SegmentedRaftLogWorker: safeCacheEvictIndex: setUnconditionally 0 -> -1
2022-10-13 11:29:19,353 [EventQueue-OpenPipelineForHealthyPipelineSafeModeRule] INFO  safemode.SCMSafeModeManager (HealthyPipelineSafeModeRule.java:process(137)) - SCM in safe mode. Healthy pipelines reported count is 0, required healthy pipeline reported count is 1
2022-10-13 11:29:19,353 [pool-510-thread-1] INFO  server.RaftServerConfigKeys (ConfUtils.java:logGet(46)) - raft.server.snapshot.auto.trigger.enabled = true (custom)
2022-10-13 11:29:19,354 [pool-510-thread-1] INFO  server.RaftServerConfigKeys (ConfUtils.java:logGet(46)) - raft.server.snapshot.auto.trigger.threshold = 10000 (custom)
2022-10-13 11:29:19,354 [pool-510-thread-1] INFO  server.RaftServerConfigKeys (ConfUtils.java:logGet(46)) - raft.server.snapshot.retention.file.num = 5 (custom)
2022-10-13 11:29:19,354 [pool-510-thread-1] INFO  server.RaftServerConfigKeys (ConfUtils.java:logGet(46)) - raft.server.log.purge.upto.snapshot.index = false (default)
2022-10-13 11:29:19,354 [pool-510-thread-1] INFO  server.RaftServerConfigKeys (ConfUtils.java:logGet(46)) - raft.server.retrycache.expirytime = 600000ms (custom)
2022-10-13 11:29:19,354 [pool-510-thread-1] INFO  server.RaftServerConfigKeys (ConfUtils.java:logGet(46)) - raft.server.retrycache.statistics.expirytime = 100μs (default)
2022-10-13 11:29:19,355 [pool-510-thread-1] INFO  server.RaftServerConfigKeys (ConfUtils.java:logGet(46)) - raft.server.log.appender.install.snapshot.enabled = false (custom)
2022-10-13 11:29:19,355 [pool-510-thread-1] INFO  server.RaftServerConfigKeys (ConfUtils.java:logGet(46)) - raft.server.threadpool.server.cached = true (default)
2022-10-13 11:29:19,355 [pool-510-thread-1] INFO  server.RaftServerConfigKeys (ConfUtils.java:logGet(46)) - raft.server.threadpool.server.size = 0 (default)
2022-10-13 11:29:19,356 [pool-510-thread-1] INFO  server.RaftServerConfigKeys (ConfUtils.java:logGet(46)) - raft.server.threadpool.client.cached = true (default)
2022-10-13 11:29:19,356 [pool-510-thread-1] INFO  server.RaftServerConfigKeys (ConfUtils.java:logGet(46)) - raft.server.threadpool.client.size = 0 (default)
2022-10-13 11:29:19,357 [pool-510-thread-1] INFO  server.RaftServer$Division (RaftServerImpl.java:start(310)) - eb006ac0-056f-4f1a-b412-99697cc0034b@group-AEE73ECC53CC: start as a follower, conf=-1: [eb006ac0-056f-4f1a-b412-99697cc0034b|rpc:10.1.0.139:40859|priority:1], old=null
2022-10-13 11:29:19,357 [pool-510-thread-1] INFO  server.RaftServer$Division (RaftServerImpl.java:setRole(299)) - eb006ac0-056f-4f1a-b412-99697cc0034b@group-AEE73ECC53CC: changes role from      null to FOLLOWER at term 0 for startAsFollower
2022-10-13 11:29:19,358 [pool-510-thread-1] INFO  impl.RoleInfo (RoleInfo.java:updateAndGet(139)) - eb006ac0-056f-4f1a-b412-99697cc0034b: start eb006ac0-056f-4f1a-b412-99697cc0034b@group-AEE73ECC53CC-FollowerState
2022-10-13 11:29:19,358 [pool-510-thread-1] INFO  util.JmxRegister (JmxRegister.java:tryRegister(44)) - Successfully registered JMX Bean with object name Ratis:service=RaftServer,group=group-AEE73ECC53CC,id=eb006ac0-056f-4f1a-b412-99697cc0034b
2022-10-13 11:29:19,359 [Command processor thread] INFO  ratis.XceiverServerRatis (XceiverServerRatis.java:addGroup(765)) - Created group PipelineID=5d62c771-c194-469b-9493-aee73ecc53cc
2022-10-13 11:29:19,359 [Command processor thread] INFO  commandhandler.CreatePipelineCommandHandler (CreatePipelineCommandHandler.java:handle(113)) - Created Pipeline RATIS ONE PipelineID=5d62c771-c194-469b-9493-aee73ecc53cc.
2022-10-13 11:29:19,359 [Command processor thread] INFO  server.RaftServer (RaftServerProxy.java:addNew(96)) - eb006ac0-056f-4f1a-b412-99697cc0034b: addNew group-1D47BAB5DA1D:[eb006ac0-056f-4f1a-b412-99697cc0034b|rpc:10.1.0.139:40859|priority:1, 33e3c0bc-8f59-462c-92be-36e05a096713|rpc:10.1.0.139:44523|priority:0, 7dfa6ca3-47f6-4a40-9cc4-a3bc1bb73048|rpc:10.1.0.139:46609|priority:0] returns group-1D47BAB5DA1D:java.util.concurrent.CompletableFuture@392e1be7[Not completed]
2022-10-13 11:29:19,360 [pool-510-thread-1] INFO  server.RaftServer$Division (RaftServerImpl.java:<init>(190)) - eb006ac0-056f-4f1a-b412-99697cc0034b: new RaftServerImpl for group-1D47BAB5DA1D:[eb006ac0-056f-4f1a-b412-99697cc0034b|rpc:10.1.0.139:40859|priority:1, 33e3c0bc-8f59-462c-92be-36e05a096713|rpc:10.1.0.139:44523|priority:0, 7dfa6ca3-47f6-4a40-9cc4-a3bc1bb73048|rpc:10.1.0.139:46609|priority:0] with ContainerStateMachine:uninitialized
2022-10-13 11:29:19,360 [pool-510-thread-1] INFO  server.RaftServerConfigKeys (ConfUtils.java:logGet(46)) - raft.server.rpc.timeout.min = 5s (custom)
2022-10-13 11:29:19,360 [pool-510-thread-1] INFO  server.RaftServerConfigKeys (ConfUtils.java:logGet(46)) - raft.server.rpc.timeout.max = 5200ms (custom)
2022-10-13 11:29:19,360 [pool-510-thread-1] INFO  server.RaftServerConfigKeys (ConfUtils.java:logGet(46)) - raft.server.rpc.sleep.time = 25ms (default)
2022-10-13 11:29:19,360 [pool-510-thread-1] INFO  server.RaftServerConfigKeys (ConfUtils.java:logGet(46)) - raft.server.rpc.slowness.timeout = 300s (custom)
2022-10-13 11:29:19,360 [pool-510-thread-1] INFO  server.RaftServerConfigKeys (ConfUtils.java:logGet(46)) - raft.server.leaderelection.leader.step-down.wait-time = 10s (default)
2022-10-13 11:29:19,360 [pool-510-thread-1] INFO  server.RaftServerConfigKeys (ConfUtils.java:logGet(46)) - raft.server.sleep.deviation.threshold = 300ms (default)
2022-10-13 11:29:19,360 [pool-510-thread-1] INFO  server.RaftServer$Division (ServerState.java:<init>(107)) - eb006ac0-056f-4f1a-b412-99697cc0034b@group-1D47BAB5DA1D: ConfigurationManager, init=-1: [eb006ac0-056f-4f1a-b412-99697cc0034b|rpc:10.1.0.139:40859|priority:1, 33e3c0bc-8f59-462c-92be-36e05a096713|rpc:10.1.0.139:44523|priority:0, 7dfa6ca3-47f6-4a40-9cc4-a3bc1bb73048|rpc:10.1.0.139:46609|priority:0], old=null, confs=<EMPTY_MAP>
2022-10-13 11:29:19,360 [pool-510-thread-1] INFO  server.RaftServerConfigKeys (ConfUtils.java:logGet(46)) - raft.server.storage.dir = [/home/runner/work/ozone/ozone/hadoop-ozone/integration-test/target/test-dir/MiniOzoneClusterImpl-d2d9cd47-4a8f-47c9-ae3e-7163176d789f/datanode-0/data/ratis] (custom)
2022-10-13 11:29:19,361 [pool-510-thread-1] INFO  server.RaftServerConfigKeys (ConfUtils.java:logGet(46)) - raft.server.log.corruption.policy = EXCEPTION (default)
2022-10-13 11:29:19,361 [pool-510-thread-1] INFO  server.RaftServerConfigKeys (ConfUtils.java:logGet(46)) - raft.server.storage.free-space.min = 0MB (=0) (default)
2022-10-13 11:29:19,361 [pool-510-thread-1] INFO  storage.RaftStorageDirectory (RaftStorageDirectoryImpl.java:analyzeStorage(135)) - The storage directory /home/runner/work/ozone/ozone/hadoop-ozone/integration-test/target/test-dir/MiniOzoneClusterImpl-d2d9cd47-4a8f-47c9-ae3e-7163176d789f/datanode-0/data/ratis/803385ca-4de3-4179-b4ce-1d47bab5da1d does not exist. Creating ...
2022-10-13 11:29:19,362 [pool-510-thread-1] INFO  storage.RaftStorageDirectory (RaftStorageDirectoryImpl.java:tryLock(230)) - Lock on /home/runner/work/ozone/ozone/hadoop-ozone/integration-test/target/test-dir/MiniOzoneClusterImpl-d2d9cd47-4a8f-47c9-ae3e-7163176d789f/datanode-0/data/ratis/803385ca-4de3-4179-b4ce-1d47bab5da1d/in_use.lock acquired by nodename 2264@fv-az447-90
2022-10-13 11:29:19,364 [pool-510-thread-1] INFO  storage.RaftStorage (RaftStorageImpl.java:format(89)) - Storage directory /home/runner/work/ozone/ozone/hadoop-ozone/integration-test/target/test-dir/MiniOzoneClusterImpl-d2d9cd47-4a8f-47c9-ae3e-7163176d789f/datanode-0/data/ratis/803385ca-4de3-4179-b4ce-1d47bab5da1d has been successfully formatted.
2022-10-13 11:29:19,366 [pool-510-thread-1] INFO  ratis.ContainerStateMachine (ContainerStateMachine.java:loadSnapshot(236)) - group-1D47BAB5DA1D: The snapshot info is null. Setting the last applied indexto:(t:0, i:~)
2022-10-13 11:29:19,366 [EventQueue-OpenPipelineForHealthyPipelineSafeModeRule] INFO  safemode.SCMSafeModeManager (HealthyPipelineSafeModeRule.java:process(137)) - SCM in safe mode. Healthy pipelines reported count is 0, required healthy pipeline reported count is 1
2022-10-13 11:29:19,367 [pool-510-thread-1] INFO  server.RaftServerConfigKeys (ConfUtils.java:logGet(46)) - raft.server.notification.no-leader.timeout = 300s (custom)
2022-10-13 11:29:19,367 [pool-510-thread-1] INFO  server.RaftServerConfigKeys (ConfUtils.java:logGet(46)) - raft.server.log.use.memory = false (default)
2022-10-13 11:29:19,367 [pool-510-thread-1] INFO  server.RaftServerConfigKeys (ConfUtils.java:logGet(46)) - raft.server.log.purge.gap = 1000000 (custom)
2022-10-13 11:29:19,367 [pool-510-thread-1] INFO  server.RaftServerConfigKeys (ConfUtils.java:logGet(46)) - raft.server.log.appender.buffer.byte-limit = 33554432 (custom)
2022-10-13 11:29:19,367 [pool-510-thread-1] INFO  server.RaftServerConfigKeys (ConfUtils.java:logGet(46)) - raft.server.log.statemachine.data.read.timeout = 1000ms (default)
2022-10-13 11:29:19,367 [pool-510-thread-1] INFO  server.RaftServerConfigKeys (ConfUtils.java:logGet(46)) - raft.server.log.segment.size.max = 1048576 (custom)
2022-10-13 11:29:19,368 [pool-510-thread-1] INFO  server.RaftServerConfigKeys (ConfUtils.java:logGet(46)) - raft.server.log.segment.cache.num.max = 2 (custom)
2022-10-13 11:29:19,368 [pool-510-thread-1] INFO  server.RaftServerConfigKeys (ConfUtils.java:logGet(46)) - raft.server.log.segment.cache.size.max = 200MB (=209715200) (default)
2022-10-13 11:29:19,368 [pool-510-thread-1] INFO  segmented.SegmentedRaftLogWorker (SegmentedRaftLogWorker.java:<init>(187)) - new eb006ac0-056f-4f1a-b412-99697cc0034b@group-1D47BAB5DA1D-SegmentedRaftLogWorker for RaftStorageImpl:Storage Directory /home/runner/work/ozone/ozone/hadoop-ozone/integration-test/target/test-dir/MiniOzoneClusterImpl-d2d9cd47-4a8f-47c9-ae3e-7163176d789f/datanode-0/data/ratis/803385ca-4de3-4179-b4ce-1d47bab5da1d
2022-10-13 11:29:19,368 [pool-510-thread-1] INFO  server.RaftServerConfigKeys (ConfUtils.java:logGet(46)) - raft.server.log.queue.byte-limit = 4294967296 (custom)
2022-10-13 11:29:19,368 [pool-510-thread-1] INFO  server.RaftServerConfigKeys (ConfUtils.java:logGet(46)) - raft.server.log.queue.element-limit = 1024 (custom)
2022-10-13 11:29:19,368 [pool-510-thread-1] INFO  server.RaftServerConfigKeys (ConfUtils.java:logGet(46)) - raft.server.log.segment.size.max = 1048576 (custom)
2022-10-13 11:29:19,368 [pool-510-thread-1] INFO  server.RaftServerConfigKeys (ConfUtils.java:logGet(46)) - raft.server.log.preallocated.size = 16384 (custom)
2022-10-13 11:29:19,368 [pool-510-thread-1] INFO  server.RaftServerConfigKeys (ConfUtils.java:logGet(46)) - raft.server.log.force.sync.num = 128 (default)
2022-10-13 11:29:19,369 [pool-510-thread-1] INFO  server.RaftServerConfigKeys (ConfUtils.java:logGet(46)) - raft.server.log.statemachine.data.sync = true (default)
2022-10-13 11:29:19,369 [pool-510-thread-1] INFO  server.RaftServerConfigKeys (ConfUtils.java:logGet(46)) - raft.server.log.statemachine.data.sync.timeout = 10s (default)
2022-10-13 11:29:19,369 [pool-510-thread-1] INFO  server.RaftServerConfigKeys (ConfUtils.java:logGet(46)) - raft.server.log.statemachine.data.sync.timeout.retry = -1 (default)
2022-10-13 11:29:19,370 [pool-510-thread-1] INFO  server.RaftServerConfigKeys (ConfUtils.java:logGet(46)) - raft.server.log.write.buffer.size = 1048576 (custom)
2022-10-13 11:29:19,370 [pool-510-thread-1] INFO  server.RaftServerConfigKeys (ConfUtils.java:logGet(46)) - raft.server.log.unsafe-flush.enabled = false (default)
2022-10-13 11:29:19,370 [pool-510-thread-1] INFO  server.RaftServerConfigKeys (ConfUtils.java:logGet(46)) - raft.server.log.statemachine.data.caching.enabled = true (custom)
2022-10-13 11:29:19,370 [pool-510-thread-1] INFO  segmented.SegmentedRaftLogWorker (SegmentedRaftLogWorker.java:lambda$new$0(135)) - eb006ac0-056f-4f1a-b412-99697cc0034b@group-1D47BAB5DA1D-SegmentedRaftLogWorker: flushIndex: setUnconditionally 0 -> -1
2022-10-13 11:29:19,370 [pool-510-thread-1] INFO  segmented.SegmentedRaftLogWorker (SegmentedRaftLogWorker.java:lambda$new$0(135)) - eb006ac0-056f-4f1a-b412-99697cc0034b@group-1D47BAB5DA1D-SegmentedRaftLogWorker: safeCacheEvictIndex: setUnconditionally 0 -> -1
2022-10-13 11:29:19,370 [pool-510-thread-1] INFO  server.RaftServerConfigKeys (ConfUtils.java:logGet(46)) - raft.server.snapshot.auto.trigger.enabled = true (custom)
2022-10-13 11:29:19,370 [pool-510-thread-1] INFO  server.RaftServerConfigKeys (ConfUtils.java:logGet(46)) - raft.server.snapshot.auto.trigger.threshold = 10000 (custom)
2022-10-13 11:29:19,370 [pool-510-thread-1] INFO  server.RaftServerConfigKeys (ConfUtils.java:logGet(46)) - raft.server.snapshot.retention.file.num = 5 (custom)
2022-10-13 11:29:19,371 [pool-510-thread-1] INFO  server.RaftServerConfigKeys (ConfUtils.java:logGet(46)) - raft.server.log.purge.upto.snapshot.index = false (default)
2022-10-13 11:29:19,371 [pool-510-thread-1] INFO  server.RaftServerConfigKeys (ConfUtils.java:logGet(46)) - raft.server.retrycache.expirytime = 600000ms (custom)
2022-10-13 11:29:19,371 [pool-510-thread-1] INFO  server.RaftServerConfigKeys (ConfUtils.java:logGet(46)) - raft.server.retrycache.statistics.expirytime = 100μs (default)
2022-10-13 11:29:19,372 [pool-510-thread-1] INFO  server.RaftServerConfigKeys (ConfUtils.java:logGet(46)) - raft.server.log.appender.install.snapshot.enabled = false (custom)
2022-10-13 11:29:19,372 [pool-510-thread-1] INFO  server.RaftServerConfigKeys (ConfUtils.java:logGet(46)) - raft.server.threadpool.server.cached = true (default)
2022-10-13 11:29:19,372 [pool-510-thread-1] INFO  server.RaftServerConfigKeys (ConfUtils.java:logGet(46)) - raft.server.threadpool.server.size = 0 (default)
2022-10-13 11:29:19,372 [pool-510-thread-1] INFO  server.RaftServerConfigKeys (ConfUtils.java:logGet(46)) - raft.server.threadpool.client.cached = true (default)
2022-10-13 11:29:19,372 [pool-510-thread-1] INFO  server.RaftServerConfigKeys (ConfUtils.java:logGet(46)) - raft.server.threadpool.client.size = 0 (default)
2022-10-13 11:29:19,372 [pool-510-thread-1] INFO  server.RaftServer$Division (RaftServerImpl.java:start(310)) - eb006ac0-056f-4f1a-b412-99697cc0034b@group-1D47BAB5DA1D: start as a follower, conf=-1: [eb006ac0-056f-4f1a-b412-99697cc0034b|rpc:10.1.0.139:40859|priority:1, 33e3c0bc-8f59-462c-92be-36e05a096713|rpc:10.1.0.139:44523|priority:0, 7dfa6ca3-47f6-4a40-9cc4-a3bc1bb73048|rpc:10.1.0.139:46609|priority:0], old=null
2022-10-13 11:29:19,372 [pool-510-thread-1] INFO  server.RaftServer$Division (RaftServerImpl.java:setRole(299)) - eb006ac0-056f-4f1a-b412-99697cc0034b@group-1D47BAB5DA1D: changes role from      null to FOLLOWER at term 0 for startAsFollower
2022-10-13 11:29:19,372 [pool-510-thread-1] INFO  impl.RoleInfo (RoleInfo.java:updateAndGet(139)) - eb006ac0-056f-4f1a-b412-99697cc0034b: start eb006ac0-056f-4f1a-b412-99697cc0034b@group-1D47BAB5DA1D-FollowerState
2022-10-13 11:29:19,373 [pool-510-thread-1] INFO  util.JmxRegister (JmxRegister.java:tryRegister(44)) - Successfully registered JMX Bean with object name Ratis:service=RaftServer,group=group-1D47BAB5DA1D,id=eb006ac0-056f-4f1a-b412-99697cc0034b
2022-10-13 11:29:19,377 [Command processor thread] INFO  ratis.XceiverServerRatis (XceiverServerRatis.java:addGroup(765)) - Created group PipelineID=803385ca-4de3-4179-b4ce-1d47bab5da1d
2022-10-13 11:29:19,391 [grpc-default-executor-0] INFO  server.RaftServer (RaftServerProxy.java:addNew(96)) - 33e3c0bc-8f59-462c-92be-36e05a096713: addNew group-1D47BAB5DA1D:[eb006ac0-056f-4f1a-b412-99697cc0034b|rpc:10.1.0.139:40859|dataStream:|priority:1, 33e3c0bc-8f59-462c-92be-36e05a096713|rpc:10.1.0.139:44523|dataStream:|priority:0, 7dfa6ca3-47f6-4a40-9cc4-a3bc1bb73048|rpc:10.1.0.139:46609|dataStream:|priority:0] returns group-1D47BAB5DA1D:java.util.concurrent.CompletableFuture@744f23b3[Not completed]
2022-10-13 11:29:19,392 [pool-533-thread-1] INFO  server.RaftServer$Division (RaftServerImpl.java:<init>(190)) - 33e3c0bc-8f59-462c-92be-36e05a096713: new RaftServerImpl for group-1D47BAB5DA1D:[eb006ac0-056f-4f1a-b412-99697cc0034b|rpc:10.1.0.139:40859|dataStream:|priority:1, 33e3c0bc-8f59-462c-92be-36e05a096713|rpc:10.1.0.139:44523|dataStream:|priority:0, 7dfa6ca3-47f6-4a40-9cc4-a3bc1bb73048|rpc:10.1.0.139:46609|dataStream:|priority:0] with ContainerStateMachine:uninitialized
2022-10-13 11:29:19,392 [pool-533-thread-1] INFO  server.RaftServerConfigKeys (ConfUtils.java:logGet(46)) - raft.server.rpc.timeout.min = 5s (custom)
2022-10-13 11:29:19,392 [pool-533-thread-1] INFO  server.RaftServerConfigKeys (ConfUtils.java:logGet(46)) - raft.server.rpc.timeout.max = 5200ms (custom)
2022-10-13 11:29:19,392 [pool-533-thread-1] INFO  server.RaftServerConfigKeys (ConfUtils.java:logGet(46)) - raft.server.rpc.sleep.time = 25ms (default)
2022-10-13 11:29:19,392 [pool-533-thread-1] INFO  server.RaftServerConfigKeys (ConfUtils.java:logGet(46)) - raft.server.rpc.slowness.timeout = 300s (custom)
2022-10-13 11:29:19,392 [pool-533-thread-1] INFO  server.RaftServerConfigKeys (ConfUtils.java:logGet(46)) - raft.server.leaderelection.leader.step-down.wait-time = 10s (default)
2022-10-13 11:29:19,392 [pool-533-thread-1] INFO  server.RaftServerConfigKeys (ConfUtils.java:logGet(46)) - raft.server.sleep.deviation.threshold = 300ms (default)
2022-10-13 11:29:19,392 [pool-533-thread-1] INFO  server.RaftServer$Division (ServerState.java:<init>(107)) - 33e3c0bc-8f59-462c-92be-36e05a096713@group-1D47BAB5DA1D: ConfigurationManager, init=-1: [eb006ac0-056f-4f1a-b412-99697cc0034b|rpc:10.1.0.139:40859|dataStream:|priority:1, 33e3c0bc-8f59-462c-92be-36e05a096713|rpc:10.1.0.139:44523|dataStream:|priority:0, 7dfa6ca3-47f6-4a40-9cc4-a3bc1bb73048|rpc:10.1.0.139:46609|dataStream:|priority:0], old=null, confs=<EMPTY_MAP>
2022-10-13 11:29:19,392 [pool-533-thread-1] INFO  server.RaftServerConfigKeys (ConfUtils.java:logGet(46)) - raft.server.storage.dir = [/home/runner/work/ozone/ozone/hadoop-ozone/integration-test/target/test-dir/MiniOzoneClusterImpl-d2d9cd47-4a8f-47c9-ae3e-7163176d789f/datanode-1/data/ratis] (custom)
2022-10-13 11:29:19,393 [pool-533-thread-1] INFO  server.RaftServerConfigKeys (ConfUtils.java:logGet(46)) - raft.server.log.corruption.policy = EXCEPTION (default)
2022-10-13 11:29:19,393 [pool-533-thread-1] INFO  server.RaftServerConfigKeys (ConfUtils.java:logGet(46)) - raft.server.storage.free-space.min = 0MB (=0) (default)
2022-10-13 11:29:19,393 [pool-533-thread-1] INFO  storage.RaftStorageDirectory (RaftStorageDirectoryImpl.java:analyzeStorage(135)) - The storage directory /home/runner/work/ozone/ozone/hadoop-ozone/integration-test/target/test-dir/MiniOzoneClusterImpl-d2d9cd47-4a8f-47c9-ae3e-7163176d789f/datanode-1/data/ratis/803385ca-4de3-4179-b4ce-1d47bab5da1d does not exist. Creating ...
2022-10-13 11:29:19,394 [pool-533-thread-1] INFO  storage.RaftStorageDirectory (RaftStorageDirectoryImpl.java:tryLock(230)) - Lock on /home/runner/work/ozone/ozone/hadoop-ozone/integration-test/target/test-dir/MiniOzoneClusterImpl-d2d9cd47-4a8f-47c9-ae3e-7163176d789f/datanode-1/data/ratis/803385ca-4de3-4179-b4ce-1d47bab5da1d/in_use.lock acquired by nodename 2264@fv-az447-90
2022-10-13 11:29:19,396 [pool-533-thread-1] INFO  storage.RaftStorage (RaftStorageImpl.java:format(89)) - Storage directory /home/runner/work/ozone/ozone/hadoop-ozone/integration-test/target/test-dir/MiniOzoneClusterImpl-d2d9cd47-4a8f-47c9-ae3e-7163176d789f/datanode-1/data/ratis/803385ca-4de3-4179-b4ce-1d47bab5da1d has been successfully formatted.
2022-10-13 11:29:19,397 [pool-533-thread-1] INFO  ratis.ContainerStateMachine (ContainerStateMachine.java:loadSnapshot(236)) - group-1D47BAB5DA1D: The snapshot info is null. Setting the last applied indexto:(t:0, i:~)
2022-10-13 11:29:19,397 [pool-533-thread-1] INFO  server.RaftServerConfigKeys (ConfUtils.java:logGet(46)) - raft.server.notification.no-leader.timeout = 300s (custom)
2022-10-13 11:29:19,397 [pool-533-thread-1] INFO  server.RaftServerConfigKeys (ConfUtils.java:logGet(46)) - raft.server.log.use.memory = false (default)
2022-10-13 11:29:19,398 [pool-533-thread-1] INFO  server.RaftServerConfigKeys (ConfUtils.java:logGet(46)) - raft.server.log.purge.gap = 1000000 (custom)
2022-10-13 11:29:19,398 [pool-533-thread-1] INFO  server.RaftServerConfigKeys (ConfUtils.java:logGet(46)) - raft.server.log.appender.buffer.byte-limit = 33554432 (custom)
2022-10-13 11:29:19,398 [pool-533-thread-1] INFO  server.RaftServerConfigKeys (ConfUtils.java:logGet(46)) - raft.server.log.statemachine.data.read.timeout = 1000ms (default)
2022-10-13 11:29:19,398 [pool-533-thread-1] INFO  server.RaftServerConfigKeys (ConfUtils.java:logGet(46)) - raft.server.log.segment.size.max = 1048576 (custom)
2022-10-13 11:29:19,399 [pool-533-thread-1] INFO  server.RaftServerConfigKeys (ConfUtils.java:logGet(46)) - raft.server.log.segment.cache.num.max = 2 (custom)
2022-10-13 11:29:19,399 [pool-533-thread-1] INFO  server.RaftServerConfigKeys (ConfUtils.java:logGet(46)) - raft.server.log.segment.cache.size.max = 200MB (=209715200) (default)
2022-10-13 11:29:19,399 [pool-533-thread-1] INFO  segmented.SegmentedRaftLogWorker (SegmentedRaftLogWorker.java:<init>(187)) - new 33e3c0bc-8f59-462c-92be-36e05a096713@group-1D47BAB5DA1D-SegmentedRaftLogWorker for RaftStorageImpl:Storage Directory /home/runner/work/ozone/ozone/hadoop-ozone/integration-test/target/test-dir/MiniOzoneClusterImpl-d2d9cd47-4a8f-47c9-ae3e-7163176d789f/datanode-1/data/ratis/803385ca-4de3-4179-b4ce-1d47bab5da1d
2022-10-13 11:29:19,399 [pool-533-thread-1] INFO  server.RaftServerConfigKeys (ConfUtils.java:logGet(46)) - raft.server.log.queue.byte-limit = 4294967296 (custom)
2022-10-13 11:29:19,399 [pool-533-thread-1] INFO  server.RaftServerConfigKeys (ConfUtils.java:logGet(46)) - raft.server.log.queue.element-limit = 1024 (custom)
2022-10-13 11:29:19,399 [pool-533-thread-1] INFO  server.RaftServerConfigKeys (ConfUtils.java:logGet(46)) - raft.server.log.segment.size.max = 1048576 (custom)
2022-10-13 11:29:19,399 [pool-533-thread-1] INFO  server.RaftServerConfigKeys (ConfUtils.java:logGet(46)) - raft.server.log.preallocated.size = 16384 (custom)
2022-10-13 11:29:19,399 [pool-533-thread-1] INFO  server.RaftServerConfigKeys (ConfUtils.java:logGet(46)) - raft.server.log.force.sync.num = 128 (default)
2022-10-13 11:29:19,399 [pool-533-thread-1] INFO  server.RaftServerConfigKeys (ConfUtils.java:logGet(46)) - raft.server.log.statemachine.data.sync = true (default)
2022-10-13 11:29:19,399 [pool-533-thread-1] INFO  server.RaftServerConfigKeys (ConfUtils.java:logGet(46)) - raft.server.log.statemachine.data.sync.timeout = 10s (default)
2022-10-13 11:29:19,399 [pool-533-thread-1] INFO  server.RaftServerConfigKeys (ConfUtils.java:logGet(46)) - raft.server.log.statemachine.data.sync.timeout.retry = -1 (default)
2022-10-13 11:29:19,400 [pool-533-thread-1] INFO  server.RaftServerConfigKeys (ConfUtils.java:logGet(46)) - raft.server.log.write.buffer.size = 1048576 (custom)
2022-10-13 11:29:19,400 [pool-533-thread-1] INFO  server.RaftServerConfigKeys (ConfUtils.java:logGet(46)) - raft.server.log.unsafe-flush.enabled = false (default)
2022-10-13 11:29:19,400 [pool-533-thread-1] INFO  server.RaftServerConfigKeys (ConfUtils.java:logGet(46)) - raft.server.log.statemachine.data.caching.enabled = true (custom)
2022-10-13 11:29:19,400 [pool-533-thread-1] INFO  segmented.SegmentedRaftLogWorker (SegmentedRaftLogWorker.java:lambda$new$0(135)) - 33e3c0bc-8f59-462c-92be-36e05a096713@group-1D47BAB5DA1D-SegmentedRaftLogWorker: flushIndex: setUnconditionally 0 -> -1
2022-10-13 11:29:19,401 [pool-533-thread-1] INFO  segmented.SegmentedRaftLogWorker (SegmentedRaftLogWorker.java:lambda$new$0(135)) - 33e3c0bc-8f59-462c-92be-36e05a096713@group-1D47BAB5DA1D-SegmentedRaftLogWorker: safeCacheEvictIndex: setUnconditionally 0 -> -1
2022-10-13 11:29:19,401 [pool-533-thread-1] INFO  server.RaftServerConfigKeys (ConfUtils.java:logGet(46)) - raft.server.snapshot.auto.trigger.enabled = true (custom)
2022-10-13 11:29:19,401 [pool-533-thread-1] INFO  server.RaftServerConfigKeys (ConfUtils.java:logGet(46)) - raft.server.snapshot.auto.trigger.threshold = 10000 (custom)
2022-10-13 11:29:19,401 [pool-533-thread-1] INFO  server.RaftServerConfigKeys (ConfUtils.java:logGet(46)) - raft.server.snapshot.retention.file.num = 5 (custom)
2022-10-13 11:29:19,401 [pool-533-thread-1] INFO  server.RaftServerConfigKeys (ConfUtils.java:logGet(46)) - raft.server.log.purge.upto.snapshot.index = false (default)
2022-10-13 11:29:19,401 [pool-533-thread-1] INFO  server.RaftServerConfigKeys (ConfUtils.java:logGet(46)) - raft.server.retrycache.expirytime = 600000ms (custom)
2022-10-13 11:29:19,401 [pool-533-thread-1] INFO  server.RaftServerConfigKeys (ConfUtils.java:logGet(46)) - raft.server.retrycache.statistics.expirytime = 100μs (default)
2022-10-13 11:29:19,402 [pool-533-thread-1] INFO  server.RaftServerConfigKeys (ConfUtils.java:logGet(46)) - raft.server.log.appender.install.snapshot.enabled = false (custom)
2022-10-13 11:29:19,402 [pool-533-thread-1] INFO  server.RaftServerConfigKeys (ConfUtils.java:logGet(46)) - raft.server.threadpool.server.cached = true (default)
2022-10-13 11:29:19,403 [pool-533-thread-1] INFO  server.RaftServerConfigKeys (ConfUtils.java:logGet(46)) - raft.server.threadpool.server.size = 0 (default)
2022-10-13 11:29:19,403 [pool-533-thread-1] INFO  server.RaftServerConfigKeys (ConfUtils.java:logGet(46)) - raft.server.threadpool.client.cached = true (default)
2022-10-13 11:29:19,403 [pool-533-thread-1] INFO  server.RaftServerConfigKeys (ConfUtils.java:logGet(46)) - raft.server.threadpool.client.size = 0 (default)
2022-10-13 11:29:19,403 [pool-533-thread-1] INFO  server.RaftServer$Division (RaftServerImpl.java:start(310)) - 33e3c0bc-8f59-462c-92be-36e05a096713@group-1D47BAB5DA1D: start as a follower, conf=-1: [eb006ac0-056f-4f1a-b412-99697cc0034b|rpc:10.1.0.139:40859|dataStream:|priority:1, 33e3c0bc-8f59-462c-92be-36e05a096713|rpc:10.1.0.139:44523|dataStream:|priority:0, 7dfa6ca3-47f6-4a40-9cc4-a3bc1bb73048|rpc:10.1.0.139:46609|dataStream:|priority:0], old=null
2022-10-13 11:29:19,403 [pool-533-thread-1] INFO  server.RaftServer$Division (RaftServerImpl.java:setRole(299)) - 33e3c0bc-8f59-462c-92be-36e05a096713@group-1D47BAB5DA1D: changes role from      null to FOLLOWER at term 0 for startAsFollower
2022-10-13 11:29:19,403 [pool-533-thread-1] INFO  impl.RoleInfo (RoleInfo.java:updateAndGet(139)) - 33e3c0bc-8f59-462c-92be-36e05a096713: start 33e3c0bc-8f59-462c-92be-36e05a096713@group-1D47BAB5DA1D-FollowerState
2022-10-13 11:29:19,405 [pool-533-thread-1] INFO  util.JmxRegister (JmxRegister.java:tryRegister(44)) - Successfully registered JMX Bean with object name Ratis:service=RaftServer,group=group-1D47BAB5DA1D,id=33e3c0bc-8f59-462c-92be-36e05a096713
2022-10-13 11:29:19,423 [grpc-default-executor-0] INFO  server.RaftServer (RaftServerProxy.java:addNew(96)) - 7dfa6ca3-47f6-4a40-9cc4-a3bc1bb73048: addNew group-1D47BAB5DA1D:[eb006ac0-056f-4f1a-b412-99697cc0034b|rpc:10.1.0.139:40859|dataStream:|priority:1, 33e3c0bc-8f59-462c-92be-36e05a096713|rpc:10.1.0.139:44523|dataStream:|priority:0, 7dfa6ca3-47f6-4a40-9cc4-a3bc1bb73048|rpc:10.1.0.139:46609|dataStream:|priority:0] returns group-1D47BAB5DA1D:java.util.concurrent.CompletableFuture@7b46021e[Not completed]
2022-10-13 11:29:19,424 [pool-556-thread-1] INFO  server.RaftServer$Division (RaftServerImpl.java:<init>(190)) - 7dfa6ca3-47f6-4a40-9cc4-a3bc1bb73048: new RaftServerImpl for group-1D47BAB5DA1D:[eb006ac0-056f-4f1a-b412-99697cc0034b|rpc:10.1.0.139:40859|dataStream:|priority:1, 33e3c0bc-8f59-462c-92be-36e05a096713|rpc:10.1.0.139:44523|dataStream:|priority:0, 7dfa6ca3-47f6-4a40-9cc4-a3bc1bb73048|rpc:10.1.0.139:46609|dataStream:|priority:0] with ContainerStateMachine:uninitialized
2022-10-13 11:29:19,424 [pool-556-thread-1] INFO  server.RaftServerConfigKeys (ConfUtils.java:logGet(46)) - raft.server.rpc.timeout.min = 5s (custom)
2022-10-13 11:29:19,424 [pool-556-thread-1] INFO  server.RaftServerConfigKeys (ConfUtils.java:logGet(46)) - raft.server.rpc.timeout.max = 5200ms (custom)
2022-10-13 11:29:19,424 [pool-556-thread-1] INFO  server.RaftServerConfigKeys (ConfUtils.java:logGet(46)) - raft.server.rpc.sleep.time = 25ms (default)
2022-10-13 11:29:19,424 [pool-556-thread-1] INFO  server.RaftServerConfigKeys (ConfUtils.java:logGet(46)) - raft.server.rpc.slowness.timeout = 300s (custom)
2022-10-13 11:29:19,424 [pool-556-thread-1] INFO  server.RaftServerConfigKeys (ConfUtils.java:logGet(46)) - raft.server.leaderelection.leader.step-down.wait-time = 10s (default)
2022-10-13 11:29:19,424 [pool-556-thread-1] INFO  server.RaftServerConfigKeys (ConfUtils.java:logGet(46)) - raft.server.sleep.deviation.threshold = 300ms (default)
2022-10-13 11:29:19,424 [pool-556-thread-1] INFO  server.RaftServer$Division (ServerState.java:<init>(107)) - 7dfa6ca3-47f6-4a40-9cc4-a3bc1bb73048@group-1D47BAB5DA1D: ConfigurationManager, init=-1: [eb006ac0-056f-4f1a-b412-99697cc0034b|rpc:10.1.0.139:40859|dataStream:|priority:1, 33e3c0bc-8f59-462c-92be-36e05a096713|rpc:10.1.0.139:44523|dataStream:|priority:0, 7dfa6ca3-47f6-4a40-9cc4-a3bc1bb73048|rpc:10.1.0.139:46609|dataStream:|priority:0], old=null, confs=<EMPTY_MAP>
2022-10-13 11:29:19,424 [pool-556-thread-1] INFO  server.RaftServerConfigKeys (ConfUtils.java:logGet(46)) - raft.server.storage.dir = [/home/runner/work/ozone/ozone/hadoop-ozone/integration-test/target/test-dir/MiniOzoneClusterImpl-d2d9cd47-4a8f-47c9-ae3e-7163176d789f/datanode-2/data/ratis] (custom)
2022-10-13 11:29:19,425 [pool-556-thread-1] INFO  server.RaftServerConfigKeys (ConfUtils.java:logGet(46)) - raft.server.log.corruption.policy = EXCEPTION (default)
2022-10-13 11:29:19,425 [pool-556-thread-1] INFO  server.RaftServerConfigKeys (ConfUtils.java:logGet(46)) - raft.server.storage.free-space.min = 0MB (=0) (default)
2022-10-13 11:29:19,425 [pool-556-thread-1] INFO  storage.RaftStorageDirectory (RaftStorageDirectoryImpl.java:analyzeStorage(135)) - The storage directory /home/runner/work/ozone/ozone/hadoop-ozone/integration-test/target/test-dir/MiniOzoneClusterImpl-d2d9cd47-4a8f-47c9-ae3e-7163176d789f/datanode-2/data/ratis/803385ca-4de3-4179-b4ce-1d47bab5da1d does not exist. Creating ...
2022-10-13 11:29:19,426 [pool-556-thread-1] INFO  storage.RaftStorageDirectory (RaftStorageDirectoryImpl.java:tryLock(230)) - Lock on /home/runner/work/ozone/ozone/hadoop-ozone/integration-test/target/test-dir/MiniOzoneClusterImpl-d2d9cd47-4a8f-47c9-ae3e-7163176d789f/datanode-2/data/ratis/803385ca-4de3-4179-b4ce-1d47bab5da1d/in_use.lock acquired by nodename 2264@fv-az447-90
2022-10-13 11:29:19,428 [pool-556-thread-1] INFO  storage.RaftStorage (RaftStorageImpl.java:format(89)) - Storage directory /home/runner/work/ozone/ozone/hadoop-ozone/integration-test/target/test-dir/MiniOzoneClusterImpl-d2d9cd47-4a8f-47c9-ae3e-7163176d789f/datanode-2/data/ratis/803385ca-4de3-4179-b4ce-1d47bab5da1d has been successfully formatted.
2022-10-13 11:29:19,429 [pool-556-thread-1] INFO  ratis.ContainerStateMachine (ContainerStateMachine.java:loadSnapshot(236)) - group-1D47BAB5DA1D: The snapshot info is null. Setting the last applied indexto:(t:0, i:~)
2022-10-13 11:29:19,429 [pool-556-thread-1] INFO  server.RaftServerConfigKeys (ConfUtils.java:logGet(46)) - raft.server.notification.no-leader.timeout = 300s (custom)
2022-10-13 11:29:19,429 [pool-556-thread-1] INFO  server.RaftServerConfigKeys (ConfUtils.java:logGet(46)) - raft.server.log.use.memory = false (default)
2022-10-13 11:29:19,429 [pool-556-thread-1] INFO  server.RaftServerConfigKeys (ConfUtils.java:logGet(46)) - raft.server.log.purge.gap = 1000000 (custom)
2022-10-13 11:29:19,429 [pool-556-thread-1] INFO  server.RaftServerConfigKeys (ConfUtils.java:logGet(46)) - raft.server.log.appender.buffer.byte-limit = 33554432 (custom)
2022-10-13 11:29:19,430 [pool-556-thread-1] INFO  server.RaftServerConfigKeys (ConfUtils.java:logGet(46)) - raft.server.log.statemachine.data.read.timeout = 1000ms (default)
2022-10-13 11:29:19,431 [pool-556-thread-1] INFO  server.RaftServerConfigKeys (ConfUtils.java:logGet(46)) - raft.server.log.segment.size.max = 1048576 (custom)
2022-10-13 11:29:19,431 [pool-556-thread-1] INFO  server.RaftServerConfigKeys (ConfUtils.java:logGet(46)) - raft.server.log.segment.cache.num.max = 2 (custom)
2022-10-13 11:29:19,431 [pool-556-thread-1] INFO  server.RaftServerConfigKeys (ConfUtils.java:logGet(46)) - raft.server.log.segment.cache.size.max = 200MB (=209715200) (default)
2022-10-13 11:29:19,432 [pool-556-thread-1] INFO  segmented.SegmentedRaftLogWorker (SegmentedRaftLogWorker.java:<init>(187)) - new 7dfa6ca3-47f6-4a40-9cc4-a3bc1bb73048@group-1D47BAB5DA1D-SegmentedRaftLogWorker for RaftStorageImpl:Storage Directory /home/runner/work/ozone/ozone/hadoop-ozone/integration-test/target/test-dir/MiniOzoneClusterImpl-d2d9cd47-4a8f-47c9-ae3e-7163176d789f/datanode-2/data/ratis/803385ca-4de3-4179-b4ce-1d47bab5da1d
2022-10-13 11:29:19,432 [pool-556-thread-1] INFO  server.RaftServerConfigKeys (ConfUtils.java:logGet(46)) - raft.server.log.queue.byte-limit = 4294967296 (custom)
2022-10-13 11:29:19,432 [pool-556-thread-1] INFO  server.RaftServerConfigKeys (ConfUtils.java:logGet(46)) - raft.server.log.queue.element-limit = 1024 (custom)
2022-10-13 11:29:19,432 [pool-556-thread-1] INFO  server.RaftServerConfigKeys (ConfUtils.java:logGet(46)) - raft.server.log.segment.size.max = 1048576 (custom)
2022-10-13 11:29:19,432 [pool-556-thread-1] INFO  server.RaftServerConfigKeys (ConfUtils.java:logGet(46)) - raft.server.log.preallocated.size = 16384 (custom)
2022-10-13 11:29:19,432 [pool-556-thread-1] INFO  server.RaftServerConfigKeys (ConfUtils.java:logGet(46)) - raft.server.log.force.sync.num = 128 (default)
2022-10-13 11:29:19,432 [pool-556-thread-1] INFO  server.RaftServerConfigKeys (ConfUtils.java:logGet(46)) - raft.server.log.statemachine.data.sync = true (default)
2022-10-13 11:29:19,432 [pool-556-thread-1] INFO  server.RaftServerConfigKeys (ConfUtils.java:logGet(46)) - raft.server.log.statemachine.data.sync.timeout = 10s (default)
2022-10-13 11:29:19,432 [pool-556-thread-1] INFO  server.RaftServerConfigKeys (ConfUtils.java:logGet(46)) - raft.server.log.statemachine.data.sync.timeout.retry = -1 (default)
2022-10-13 11:29:19,433 [pool-556-thread-1] INFO  server.RaftServerConfigKeys (ConfUtils.java:logGet(46)) - raft.server.log.write.buffer.size = 1048576 (custom)
2022-10-13 11:29:19,434 [pool-556-thread-1] INFO  server.RaftServerConfigKeys (ConfUtils.java:logGet(46)) - raft.server.log.unsafe-flush.enabled = false (default)
2022-10-13 11:29:19,434 [pool-556-thread-1] INFO  server.RaftServerConfigKeys (ConfUtils.java:logGet(46)) - raft.server.log.statemachine.data.caching.enabled = true (custom)
2022-10-13 11:29:19,434 [pool-556-thread-1] INFO  segmented.SegmentedRaftLogWorker (SegmentedRaftLogWorker.java:lambda$new$0(135)) - 7dfa6ca3-47f6-4a40-9cc4-a3bc1bb73048@group-1D47BAB5DA1D-SegmentedRaftLogWorker: flushIndex: setUnconditionally 0 -> -1
2022-10-13 11:29:19,434 [pool-556-thread-1] INFO  segmented.SegmentedRaftLogWorker (SegmentedRaftLogWorker.java:lambda$new$0(135)) - 7dfa6ca3-47f6-4a40-9cc4-a3bc1bb73048@group-1D47BAB5DA1D-SegmentedRaftLogWorker: safeCacheEvictIndex: setUnconditionally 0 -> -1
2022-10-13 11:29:19,437 [pool-556-thread-1] INFO  server.RaftServerConfigKeys (ConfUtils.java:logGet(46)) - raft.server.snapshot.auto.trigger.enabled = true (custom)
2022-10-13 11:29:19,437 [pool-556-thread-1] INFO  server.RaftServerConfigKeys (ConfUtils.java:logGet(46)) - raft.server.snapshot.auto.trigger.threshold = 10000 (custom)
2022-10-13 11:29:19,437 [pool-556-thread-1] INFO  server.RaftServerConfigKeys (ConfUtils.java:logGet(46)) - raft.server.snapshot.retention.file.num = 5 (custom)
2022-10-13 11:29:19,437 [pool-556-thread-1] INFO  server.RaftServerConfigKeys (ConfUtils.java:logGet(46)) - raft.server.log.purge.upto.snapshot.index = false (default)
2022-10-13 11:29:19,437 [pool-556-thread-1] INFO  server.RaftServerConfigKeys (ConfUtils.java:logGet(46)) - raft.server.retrycache.expirytime = 600000ms (custom)
2022-10-13 11:29:19,437 [pool-556-thread-1] INFO  server.RaftServerConfigKeys (ConfUtils.java:logGet(46)) - raft.server.retrycache.statistics.expirytime = 100μs (default)
2022-10-13 11:29:19,439 [pool-556-thread-1] INFO  server.RaftServerConfigKeys (ConfUtils.java:logGet(46)) - raft.server.log.appender.install.snapshot.enabled = false (custom)
2022-10-13 11:29:19,439 [pool-556-thread-1] INFO  server.RaftServerConfigKeys (ConfUtils.java:logGet(46)) - raft.server.threadpool.server.cached = true (default)
2022-10-13 11:29:19,439 [pool-556-thread-1] INFO  server.RaftServerConfigKeys (ConfUtils.java:logGet(46)) - raft.server.threadpool.server.size = 0 (default)
2022-10-13 11:29:19,439 [pool-556-thread-1] INFO  server.RaftServerConfigKeys (ConfUtils.java:logGet(46)) - raft.server.threadpool.client.cached = true (default)
2022-10-13 11:29:19,439 [pool-556-thread-1] INFO  server.RaftServerConfigKeys (ConfUtils.java:logGet(46)) - raft.server.threadpool.client.size = 0 (default)
2022-10-13 11:29:19,439 [pool-556-thread-1] INFO  server.RaftServer$Division (RaftServerImpl.java:start(310)) - 7dfa6ca3-47f6-4a40-9cc4-a3bc1bb73048@group-1D47BAB5DA1D: start as a follower, conf=-1: [eb006ac0-056f-4f1a-b412-99697cc0034b|rpc:10.1.0.139:40859|dataStream:|priority:1, 33e3c0bc-8f59-462c-92be-36e05a096713|rpc:10.1.0.139:44523|dataStream:|priority:0, 7dfa6ca3-47f6-4a40-9cc4-a3bc1bb73048|rpc:10.1.0.139:46609|dataStream:|priority:0], old=null
2022-10-13 11:29:19,439 [pool-556-thread-1] INFO  server.RaftServer$Division (RaftServerImpl.java:setRole(299)) - 7dfa6ca3-47f6-4a40-9cc4-a3bc1bb73048@group-1D47BAB5DA1D: changes role from      null to FOLLOWER at term 0 for startAsFollower
2022-10-13 11:29:19,439 [pool-556-thread-1] INFO  impl.RoleInfo (RoleInfo.java:updateAndGet(139)) - 7dfa6ca3-47f6-4a40-9cc4-a3bc1bb73048: start 7dfa6ca3-47f6-4a40-9cc4-a3bc1bb73048@group-1D47BAB5DA1D-FollowerState
2022-10-13 11:29:19,439 [pool-556-thread-1] INFO  util.JmxRegister (JmxRegister.java:tryRegister(44)) - Successfully registered JMX Bean with object name Ratis:service=RaftServer,group=group-1D47BAB5DA1D,id=7dfa6ca3-47f6-4a40-9cc4-a3bc1bb73048
2022-10-13 11:29:19,446 [Command processor thread] INFO  commandhandler.CreatePipelineCommandHandler (CreatePipelineCommandHandler.java:handle(113)) - Created Pipeline RATIS THREE PipelineID=803385ca-4de3-4179-b4ce-1d47bab5da1d.
2022-10-13 11:29:19,446 [Command processor thread] INFO  server.RaftServer (RaftServerProxy.java:addNew(96)) - eb006ac0-056f-4f1a-b412-99697cc0034b: addNew group-51B49EDE02F1:[eb006ac0-056f-4f1a-b412-99697cc0034b|rpc:10.1.0.139:40859|priority:0, 33e3c0bc-8f59-462c-92be-36e05a096713|rpc:10.1.0.139:44523|priority:0, 7dfa6ca3-47f6-4a40-9cc4-a3bc1bb73048|rpc:10.1.0.139:46609|priority:1] returns group-51B49EDE02F1:java.util.concurrent.CompletableFuture@25fc4520[Not completed]
2022-10-13 11:29:19,447 [pool-510-thread-1] INFO  server.RaftServer$Division (RaftServerImpl.java:<init>(190)) - eb006ac0-056f-4f1a-b412-99697cc0034b: new RaftServerImpl for group-51B49EDE02F1:[eb006ac0-056f-4f1a-b412-99697cc0034b|rpc:10.1.0.139:40859|priority:0, 33e3c0bc-8f59-462c-92be-36e05a096713|rpc:10.1.0.139:44523|priority:0, 7dfa6ca3-47f6-4a40-9cc4-a3bc1bb73048|rpc:10.1.0.139:46609|priority:1] with ContainerStateMachine:uninitialized
2022-10-13 11:29:19,447 [pool-510-thread-1] INFO  server.RaftServerConfigKeys (ConfUtils.java:logGet(46)) - raft.server.rpc.timeout.min = 5s (custom)
2022-10-13 11:29:19,448 [pool-510-thread-1] INFO  server.RaftServerConfigKeys (ConfUtils.java:logGet(46)) - raft.server.rpc.timeout.max = 5200ms (custom)
2022-10-13 11:29:19,448 [pool-510-thread-1] INFO  server.RaftServerConfigKeys (ConfUtils.java:logGet(46)) - raft.server.rpc.sleep.time = 25ms (default)
2022-10-13 11:29:19,448 [pool-510-thread-1] INFO  server.RaftServerConfigKeys (ConfUtils.java:logGet(46)) - raft.server.rpc.slowness.timeout = 300s (custom)
2022-10-13 11:29:19,448 [pool-510-thread-1] INFO  server.RaftServerConfigKeys (ConfUtils.java:logGet(46)) - raft.server.leaderelection.leader.step-down.wait-time = 10s (default)
2022-10-13 11:29:19,448 [pool-510-thread-1] INFO  server.RaftServerConfigKeys (ConfUtils.java:logGet(46)) - raft.server.sleep.deviation.threshold = 300ms (default)
2022-10-13 11:29:19,448 [pool-510-thread-1] INFO  server.RaftServer$Division (ServerState.java:<init>(107)) - eb006ac0-056f-4f1a-b412-99697cc0034b@group-51B49EDE02F1: ConfigurationManager, init=-1: [eb006ac0-056f-4f1a-b412-99697cc0034b|rpc:10.1.0.139:40859|priority:0, 33e3c0bc-8f59-462c-92be-36e05a096713|rpc:10.1.0.139:44523|priority:0, 7dfa6ca3-47f6-4a40-9cc4-a3bc1bb73048|rpc:10.1.0.139:46609|priority:1], old=null, confs=<EMPTY_MAP>
2022-10-13 11:29:19,448 [pool-510-thread-1] INFO  server.RaftServerConfigKeys (ConfUtils.java:logGet(46)) - raft.server.storage.dir = [/home/runner/work/ozone/ozone/hadoop-ozone/integration-test/target/test-dir/MiniOzoneClusterImpl-d2d9cd47-4a8f-47c9-ae3e-7163176d789f/datanode-0/data/ratis] (custom)
2022-10-13 11:29:19,448 [pool-510-thread-1] INFO  server.RaftServerConfigKeys (ConfUtils.java:logGet(46)) - raft.server.log.corruption.policy = EXCEPTION (default)
2022-10-13 11:29:19,448 [pool-510-thread-1] INFO  server.RaftServerConfigKeys (ConfUtils.java:logGet(46)) - raft.server.storage.free-space.min = 0MB (=0) (default)
2022-10-13 11:29:19,448 [pool-510-thread-1] INFO  storage.RaftStorageDirectory (RaftStorageDirectoryImpl.java:analyzeStorage(135)) - The storage directory /home/runner/work/ozone/ozone/hadoop-ozone/integration-test/target/test-dir/MiniOzoneClusterImpl-d2d9cd47-4a8f-47c9-ae3e-7163176d789f/datanode-0/data/ratis/6358c765-d9cb-4190-97dc-51b49ede02f1 does not exist. Creating ...
2022-10-13 11:29:19,450 [pool-510-thread-1] INFO  storage.RaftStorageDirectory (RaftStorageDirectoryImpl.java:tryLock(230)) - Lock on /home/runner/work/ozone/ozone/hadoop-ozone/integration-test/target/test-dir/MiniOzoneClusterImpl-d2d9cd47-4a8f-47c9-ae3e-7163176d789f/datanode-0/data/ratis/6358c765-d9cb-4190-97dc-51b49ede02f1/in_use.lock acquired by nodename 2264@fv-az447-90
2022-10-13 11:29:19,451 [pool-510-thread-1] INFO  storage.RaftStorage (RaftStorageImpl.java:format(89)) - Storage directory /home/runner/work/ozone/ozone/hadoop-ozone/integration-test/target/test-dir/MiniOzoneClusterImpl-d2d9cd47-4a8f-47c9-ae3e-7163176d789f/datanode-0/data/ratis/6358c765-d9cb-4190-97dc-51b49ede02f1 has been successfully formatted.
2022-10-13 11:29:19,452 [pool-510-thread-1] INFO  ratis.ContainerStateMachine (ContainerStateMachine.java:loadSnapshot(236)) - group-51B49EDE02F1: The snapshot info is null. Setting the last applied indexto:(t:0, i:~)
2022-10-13 11:29:19,452 [pool-510-thread-1] INFO  server.RaftServerConfigKeys (ConfUtils.java:logGet(46)) - raft.server.notification.no-leader.timeout = 300s (custom)
2022-10-13 11:29:19,452 [pool-510-thread-1] INFO  server.RaftServerConfigKeys (ConfUtils.java:logGet(46)) - raft.server.log.use.memory = false (default)
2022-10-13 11:29:19,453 [EventQueue-OpenPipelineForHealthyPipelineSafeModeRule] INFO  safemode.SCMSafeModeManager (HealthyPipelineSafeModeRule.java:process(137)) - SCM in safe mode. Healthy pipelines reported count is 0, required healthy pipeline reported count is 1
2022-10-13 11:29:19,454 [pool-510-thread-1] INFO  server.RaftServerConfigKeys (ConfUtils.java:logGet(46)) - raft.server.log.purge.gap = 1000000 (custom)
2022-10-13 11:29:19,454 [pool-510-thread-1] INFO  server.RaftServerConfigKeys (ConfUtils.java:logGet(46)) - raft.server.log.appender.buffer.byte-limit = 33554432 (custom)
2022-10-13 11:29:19,455 [pool-510-thread-1] INFO  server.RaftServerConfigKeys (ConfUtils.java:logGet(46)) - raft.server.log.statemachine.data.read.timeout = 1000ms (default)
2022-10-13 11:29:19,455 [pool-510-thread-1] INFO  server.RaftServerConfigKeys (ConfUtils.java:logGet(46)) - raft.server.log.segment.size.max = 1048576 (custom)
2022-10-13 11:29:19,455 [pool-510-thread-1] INFO  server.RaftServerConfigKeys (ConfUtils.java:logGet(46)) - raft.server.log.segment.cache.num.max = 2 (custom)
2022-10-13 11:29:19,456 [pool-510-thread-1] INFO  server.RaftServerConfigKeys (ConfUtils.java:logGet(46)) - raft.server.log.segment.cache.size.max = 200MB (=209715200) (default)
2022-10-13 11:29:19,456 [pool-510-thread-1] INFO  segmented.SegmentedRaftLogWorker (SegmentedRaftLogWorker.java:<init>(187)) - new eb006ac0-056f-4f1a-b412-99697cc0034b@group-51B49EDE02F1-SegmentedRaftLogWorker for RaftStorageImpl:Storage Directory /home/runner/work/ozone/ozone/hadoop-ozone/integration-test/target/test-dir/MiniOzoneClusterImpl-d2d9cd47-4a8f-47c9-ae3e-7163176d789f/datanode-0/data/ratis/6358c765-d9cb-4190-97dc-51b49ede02f1
2022-10-13 11:29:19,456 [pool-510-thread-1] INFO  server.RaftServerConfigKeys (ConfUtils.java:logGet(46)) - raft.server.log.queue.byte-limit = 4294967296 (custom)
2022-10-13 11:29:19,456 [pool-510-thread-1] INFO  server.RaftServerConfigKeys (ConfUtils.java:logGet(46)) - raft.server.log.queue.element-limit = 1024 (custom)
2022-10-13 11:29:19,456 [pool-510-thread-1] INFO  server.RaftServerConfigKeys (ConfUtils.java:logGet(46)) - raft.server.log.segment.size.max = 1048576 (custom)
2022-10-13 11:29:19,456 [pool-510-thread-1] INFO  server.RaftServerConfigKeys (ConfUtils.java:logGet(46)) - raft.server.log.preallocated.size = 16384 (custom)
2022-10-13 11:29:19,456 [pool-510-thread-1] INFO  server.RaftServerConfigKeys (ConfUtils.java:logGet(46)) - raft.server.log.force.sync.num = 128 (default)
2022-10-13 11:29:19,456 [pool-510-thread-1] INFO  server.RaftServerConfigKeys (ConfUtils.java:logGet(46)) - raft.server.log.statemachine.data.sync = true (default)
2022-10-13 11:29:19,456 [pool-510-thread-1] INFO  server.RaftServerConfigKeys (ConfUtils.java:logGet(46)) - raft.server.log.statemachine.data.sync.timeout = 10s (default)
2022-10-13 11:29:19,456 [pool-510-thread-1] INFO  server.RaftServerConfigKeys (ConfUtils.java:logGet(46)) - raft.server.log.statemachine.data.sync.timeout.retry = -1 (default)
2022-10-13 11:29:19,457 [pool-510-thread-1] INFO  server.RaftServerConfigKeys (ConfUtils.java:logGet(46)) - raft.server.log.write.buffer.size = 1048576 (custom)
2022-10-13 11:29:19,460 [pool-510-thread-1] INFO  server.RaftServerConfigKeys (ConfUtils.java:logGet(46)) - raft.server.log.unsafe-flush.enabled = false (default)
2022-10-13 11:29:19,460 [pool-510-thread-1] INFO  server.RaftServerConfigKeys (ConfUtils.java:logGet(46)) - raft.server.log.statemachine.data.caching.enabled = true (custom)
2022-10-13 11:29:19,460 [pool-510-thread-1] INFO  segmented.SegmentedRaftLogWorker (SegmentedRaftLogWorker.java:lambda$new$0(135)) - eb006ac0-056f-4f1a-b412-99697cc0034b@group-51B49EDE02F1-SegmentedRaftLogWorker: flushIndex: setUnconditionally 0 -> -1
2022-10-13 11:29:19,461 [pool-510-thread-1] INFO  segmented.SegmentedRaftLogWorker (SegmentedRaftLogWorker.java:lambda$new$0(135)) - eb006ac0-056f-4f1a-b412-99697cc0034b@group-51B49EDE02F1-SegmentedRaftLogWorker: safeCacheEvictIndex: setUnconditionally 0 -> -1
2022-10-13 11:29:19,461 [pool-510-thread-1] INFO  server.RaftServerConfigKeys (ConfUtils.java:logGet(46)) - raft.server.snapshot.auto.trigger.enabled = true (custom)
2022-10-13 11:29:19,461 [pool-510-thread-1] INFO  server.RaftServerConfigKeys (ConfUtils.java:logGet(46)) - raft.server.snapshot.auto.trigger.threshold = 10000 (custom)
2022-10-13 11:29:19,461 [pool-510-thread-1] INFO  server.RaftServerConfigKeys (ConfUtils.java:logGet(46)) - raft.server.snapshot.retention.file.num = 5 (custom)
2022-10-13 11:29:19,461 [pool-510-thread-1] INFO  server.RaftServerConfigKeys (ConfUtils.java:logGet(46)) - raft.server.log.purge.upto.snapshot.index = false (default)
2022-10-13 11:29:19,461 [pool-510-thread-1] INFO  server.RaftServerConfigKeys (ConfUtils.java:logGet(46)) - raft.server.retrycache.expirytime = 600000ms (custom)
2022-10-13 11:29:19,461 [pool-510-thread-1] INFO  server.RaftServerConfigKeys (ConfUtils.java:logGet(46)) - raft.server.retrycache.statistics.expirytime = 100μs (default)
2022-10-13 11:29:19,463 [pool-510-thread-1] INFO  server.RaftServerConfigKeys (ConfUtils.java:logGet(46)) - raft.server.log.appender.install.snapshot.enabled = false (custom)
2022-10-13 11:29:19,463 [pool-510-thread-1] INFO  server.RaftServerConfigKeys (ConfUtils.java:logGet(46)) - raft.server.threadpool.server.cached = true (default)
2022-10-13 11:29:19,463 [pool-510-thread-1] INFO  server.RaftServerConfigKeys (ConfUtils.java:logGet(46)) - raft.server.threadpool.server.size = 0 (default)
2022-10-13 11:29:19,463 [pool-510-thread-1] INFO  server.RaftServerConfigKeys (ConfUtils.java:logGet(46)) - raft.server.threadpool.client.cached = true (default)
2022-10-13 11:29:19,463 [pool-510-thread-1] INFO  server.RaftServerConfigKeys (ConfUtils.java:logGet(46)) - raft.server.threadpool.client.size = 0 (default)
2022-10-13 11:29:19,463 [pool-510-thread-1] INFO  server.RaftServer$Division (RaftServerImpl.java:start(310)) - eb006ac0-056f-4f1a-b412-99697cc0034b@group-51B49EDE02F1: start as a follower, conf=-1: [eb006ac0-056f-4f1a-b412-99697cc0034b|rpc:10.1.0.139:40859|priority:0, 33e3c0bc-8f59-462c-92be-36e05a096713|rpc:10.1.0.139:44523|priority:0, 7dfa6ca3-47f6-4a40-9cc4-a3bc1bb73048|rpc:10.1.0.139:46609|priority:1], old=null
2022-10-13 11:29:19,463 [pool-510-thread-1] INFO  server.RaftServer$Division (RaftServerImpl.java:setRole(299)) - eb006ac0-056f-4f1a-b412-99697cc0034b@group-51B49EDE02F1: changes role from      null to FOLLOWER at term 0 for startAsFollower
2022-10-13 11:29:19,463 [pool-510-thread-1] INFO  impl.RoleInfo (RoleInfo.java:updateAndGet(139)) - eb006ac0-056f-4f1a-b412-99697cc0034b: start eb006ac0-056f-4f1a-b412-99697cc0034b@group-51B49EDE02F1-FollowerState
2022-10-13 11:29:19,464 [pool-510-thread-1] INFO  util.JmxRegister (JmxRegister.java:tryRegister(44)) - Successfully registered JMX Bean with object name Ratis:service=RaftServer,group=group-51B49EDE02F1,id=eb006ac0-056f-4f1a-b412-99697cc0034b
2022-10-13 11:29:19,466 [Command processor thread] INFO  ratis.XceiverServerRatis (XceiverServerRatis.java:addGroup(765)) - Created group PipelineID=6358c765-d9cb-4190-97dc-51b49ede02f1
2022-10-13 11:29:19,479 [grpc-default-executor-0] INFO  server.RaftServer (RaftServerProxy.java:addNew(96)) - 7dfa6ca3-47f6-4a40-9cc4-a3bc1bb73048: addNew group-51B49EDE02F1:[eb006ac0-056f-4f1a-b412-99697cc0034b|rpc:10.1.0.139:40859|dataStream:|priority:0, 33e3c0bc-8f59-462c-92be-36e05a096713|rpc:10.1.0.139:44523|dataStream:|priority:0, 7dfa6ca3-47f6-4a40-9cc4-a3bc1bb73048|rpc:10.1.0.139:46609|dataStream:|priority:1] returns group-51B49EDE02F1:java.util.concurrent.CompletableFuture@5fc0ca40[Not completed]
2022-10-13 11:29:19,480 [pool-556-thread-1] INFO  server.RaftServer$Division (RaftServerImpl.java:<init>(190)) - 7dfa6ca3-47f6-4a40-9cc4-a3bc1bb73048: new RaftServerImpl for group-51B49EDE02F1:[eb006ac0-056f-4f1a-b412-99697cc0034b|rpc:10.1.0.139:40859|dataStream:|priority:0, 33e3c0bc-8f59-462c-92be-36e05a096713|rpc:10.1.0.139:44523|dataStream:|priority:0, 7dfa6ca3-47f6-4a40-9cc4-a3bc1bb73048|rpc:10.1.0.139:46609|dataStream:|priority:1] with ContainerStateMachine:uninitialized
2022-10-13 11:29:19,480 [pool-556-thread-1] INFO  server.RaftServerConfigKeys (ConfUtils.java:logGet(46)) - raft.server.rpc.timeout.min = 5s (custom)
2022-10-13 11:29:19,480 [pool-556-thread-1] INFO  server.RaftServerConfigKeys (ConfUtils.java:logGet(46)) - raft.server.rpc.timeout.max = 5200ms (custom)
2022-10-13 11:29:19,480 [pool-556-thread-1] INFO  server.RaftServerConfigKeys (ConfUtils.java:logGet(46)) - raft.server.rpc.sleep.time = 25ms (default)
2022-10-13 11:29:19,480 [pool-556-thread-1] INFO  server.RaftServerConfigKeys (ConfUtils.java:logGet(46)) - raft.server.rpc.slowness.timeout = 300s (custom)
2022-10-13 11:29:19,480 [pool-556-thread-1] INFO  server.RaftServerConfigKeys (ConfUtils.java:logGet(46)) - raft.server.leaderelection.leader.step-down.wait-time = 10s (default)
2022-10-13 11:29:19,480 [pool-556-thread-1] INFO  server.RaftServerConfigKeys (ConfUtils.java:logGet(46)) - raft.server.sleep.deviation.threshold = 300ms (default)
2022-10-13 11:29:19,480 [pool-556-thread-1] INFO  server.RaftServer$Division (ServerState.java:<init>(107)) - 7dfa6ca3-47f6-4a40-9cc4-a3bc1bb73048@group-51B49EDE02F1: ConfigurationManager, init=-1: [eb006ac0-056f-4f1a-b412-99697cc0034b|rpc:10.1.0.139:40859|dataStream:|priority:0, 33e3c0bc-8f59-462c-92be-36e05a096713|rpc:10.1.0.139:44523|dataStream:|priority:0, 7dfa6ca3-47f6-4a40-9cc4-a3bc1bb73048|rpc:10.1.0.139:46609|dataStream:|priority:1], old=null, confs=<EMPTY_MAP>
2022-10-13 11:29:19,480 [pool-556-thread-1] INFO  server.RaftServerConfigKeys (ConfUtils.java:logGet(46)) - raft.server.storage.dir = [/home/runner/work/ozone/ozone/hadoop-ozone/integration-test/target/test-dir/MiniOzoneClusterImpl-d2d9cd47-4a8f-47c9-ae3e-7163176d789f/datanode-2/data/ratis] (custom)
2022-10-13 11:29:19,480 [pool-556-thread-1] INFO  server.RaftServerConfigKeys (ConfUtils.java:logGet(46)) - raft.server.log.corruption.policy = EXCEPTION (default)
2022-10-13 11:29:19,480 [pool-556-thread-1] INFO  server.RaftServerConfigKeys (ConfUtils.java:logGet(46)) - raft.server.storage.free-space.min = 0MB (=0) (default)
2022-10-13 11:29:19,480 [pool-556-thread-1] INFO  storage.RaftStorageDirectory (RaftStorageDirectoryImpl.java:analyzeStorage(135)) - The storage directory /home/runner/work/ozone/ozone/hadoop-ozone/integration-test/target/test-dir/MiniOzoneClusterImpl-d2d9cd47-4a8f-47c9-ae3e-7163176d789f/datanode-2/data/ratis/6358c765-d9cb-4190-97dc-51b49ede02f1 does not exist. Creating ...
2022-10-13 11:29:19,482 [pool-556-thread-1] INFO  storage.RaftStorageDirectory (RaftStorageDirectoryImpl.java:tryLock(230)) - Lock on /home/runner/work/ozone/ozone/hadoop-ozone/integration-test/target/test-dir/MiniOzoneClusterImpl-d2d9cd47-4a8f-47c9-ae3e-7163176d789f/datanode-2/data/ratis/6358c765-d9cb-4190-97dc-51b49ede02f1/in_use.lock acquired by nodename 2264@fv-az447-90
2022-10-13 11:29:19,484 [pool-556-thread-1] INFO  storage.RaftStorage (RaftStorageImpl.java:format(89)) - Storage directory /home/runner/work/ozone/ozone/hadoop-ozone/integration-test/target/test-dir/MiniOzoneClusterImpl-d2d9cd47-4a8f-47c9-ae3e-7163176d789f/datanode-2/data/ratis/6358c765-d9cb-4190-97dc-51b49ede02f1 has been successfully formatted.
2022-10-13 11:29:19,484 [pool-556-thread-1] INFO  ratis.ContainerStateMachine (ContainerStateMachine.java:loadSnapshot(236)) - group-51B49EDE02F1: The snapshot info is null. Setting the last applied indexto:(t:0, i:~)
2022-10-13 11:29:19,484 [pool-556-thread-1] INFO  server.RaftServerConfigKeys (ConfUtils.java:logGet(46)) - raft.server.notification.no-leader.timeout = 300s (custom)
2022-10-13 11:29:19,484 [pool-556-thread-1] INFO  server.RaftServerConfigKeys (ConfUtils.java:logGet(46)) - raft.server.log.use.memory = false (default)
2022-10-13 11:29:19,484 [pool-556-thread-1] INFO  server.RaftServerConfigKeys (ConfUtils.java:logGet(46)) - raft.server.log.purge.gap = 1000000 (custom)
2022-10-13 11:29:19,484 [pool-556-thread-1] INFO  server.RaftServerConfigKeys (ConfUtils.java:logGet(46)) - raft.server.log.appender.buffer.byte-limit = 33554432 (custom)
2022-10-13 11:29:19,484 [pool-556-thread-1] INFO  server.RaftServerConfigKeys (ConfUtils.java:logGet(46)) - raft.server.log.statemachine.data.read.timeout = 1000ms (default)
2022-10-13 11:29:19,484 [pool-556-thread-1] INFO  server.RaftServerConfigKeys (ConfUtils.java:logGet(46)) - raft.server.log.segment.size.max = 1048576 (custom)
2022-10-13 11:29:19,485 [pool-556-thread-1] INFO  server.RaftServerConfigKeys (ConfUtils.java:logGet(46)) - raft.server.log.segment.cache.num.max = 2 (custom)
2022-10-13 11:29:19,485 [pool-556-thread-1] INFO  server.RaftServerConfigKeys (ConfUtils.java:logGet(46)) - raft.server.log.segment.cache.size.max = 200MB (=209715200) (default)
2022-10-13 11:29:19,485 [pool-556-thread-1] INFO  segmented.SegmentedRaftLogWorker (SegmentedRaftLogWorker.java:<init>(187)) - new 7dfa6ca3-47f6-4a40-9cc4-a3bc1bb73048@group-51B49EDE02F1-SegmentedRaftLogWorker for RaftStorageImpl:Storage Directory /home/runner/work/ozone/ozone/hadoop-ozone/integration-test/target/test-dir/MiniOzoneClusterImpl-d2d9cd47-4a8f-47c9-ae3e-7163176d789f/datanode-2/data/ratis/6358c765-d9cb-4190-97dc-51b49ede02f1
2022-10-13 11:29:19,485 [pool-556-thread-1] INFO  server.RaftServerConfigKeys (ConfUtils.java:logGet(46)) - raft.server.log.queue.byte-limit = 4294967296 (custom)
2022-10-13 11:29:19,485 [pool-556-thread-1] INFO  server.RaftServerConfigKeys (ConfUtils.java:logGet(46)) - raft.server.log.queue.element-limit = 1024 (custom)
2022-10-13 11:29:19,485 [pool-556-thread-1] INFO  server.RaftServerConfigKeys (ConfUtils.java:logGet(46)) - raft.server.log.segment.size.max = 1048576 (custom)
2022-10-13 11:29:19,485 [pool-556-thread-1] INFO  server.RaftServerConfigKeys (ConfUtils.java:logGet(46)) - raft.server.log.preallocated.size = 16384 (custom)
2022-10-13 11:29:19,485 [pool-556-thread-1] INFO  server.RaftServerConfigKeys (ConfUtils.java:logGet(46)) - raft.server.log.force.sync.num = 128 (default)
2022-10-13 11:29:19,485 [pool-556-thread-1] INFO  server.RaftServerConfigKeys (ConfUtils.java:logGet(46)) - raft.server.log.statemachine.data.sync = true (default)
2022-10-13 11:29:19,485 [pool-556-thread-1] INFO  server.RaftServerConfigKeys (ConfUtils.java:logGet(46)) - raft.server.log.statemachine.data.sync.timeout = 10s (default)
2022-10-13 11:29:19,485 [pool-556-thread-1] INFO  server.RaftServerConfigKeys (ConfUtils.java:logGet(46)) - raft.server.log.statemachine.data.sync.timeout.retry = -1 (default)
2022-10-13 11:29:19,486 [pool-556-thread-1] INFO  server.RaftServerConfigKeys (ConfUtils.java:logGet(46)) - raft.server.log.write.buffer.size = 1048576 (custom)
2022-10-13 11:29:19,487 [pool-556-thread-1] INFO  server.RaftServerConfigKeys (ConfUtils.java:logGet(46)) - raft.server.log.unsafe-flush.enabled = false (default)
2022-10-13 11:29:19,487 [pool-556-thread-1] INFO  server.RaftServerConfigKeys (ConfUtils.java:logGet(46)) - raft.server.log.statemachine.data.caching.enabled = true (custom)
2022-10-13 11:29:19,487 [pool-556-thread-1] INFO  segmented.SegmentedRaftLogWorker (SegmentedRaftLogWorker.java:lambda$new$0(135)) - 7dfa6ca3-47f6-4a40-9cc4-a3bc1bb73048@group-51B49EDE02F1-SegmentedRaftLogWorker: flushIndex: setUnconditionally 0 -> -1
2022-10-13 11:29:19,487 [pool-556-thread-1] INFO  segmented.SegmentedRaftLogWorker (SegmentedRaftLogWorker.java:lambda$new$0(135)) - 7dfa6ca3-47f6-4a40-9cc4-a3bc1bb73048@group-51B49EDE02F1-SegmentedRaftLogWorker: safeCacheEvictIndex: setUnconditionally 0 -> -1
2022-10-13 11:29:19,489 [pool-556-thread-1] INFO  server.RaftServerConfigKeys (ConfUtils.java:logGet(46)) - raft.server.snapshot.auto.trigger.enabled = true (custom)
2022-10-13 11:29:19,489 [pool-556-thread-1] INFO  server.RaftServerConfigKeys (ConfUtils.java:logGet(46)) - raft.server.snapshot.auto.trigger.threshold = 10000 (custom)
2022-10-13 11:29:19,489 [pool-556-thread-1] INFO  server.RaftServerConfigKeys (ConfUtils.java:logGet(46)) - raft.server.snapshot.retention.file.num = 5 (custom)
2022-10-13 11:29:19,489 [pool-556-thread-1] INFO  server.RaftServerConfigKeys (ConfUtils.java:logGet(46)) - raft.server.log.purge.upto.snapshot.index = false (default)
2022-10-13 11:29:19,489 [pool-556-thread-1] INFO  server.RaftServerConfigKeys (ConfUtils.java:logGet(46)) - raft.server.retrycache.expirytime = 600000ms (custom)
2022-10-13 11:29:19,489 [pool-556-thread-1] INFO  server.RaftServerConfigKeys (ConfUtils.java:logGet(46)) - raft.server.retrycache.statistics.expirytime = 100μs (default)
2022-10-13 11:29:19,491 [pool-556-thread-1] INFO  server.RaftServerConfigKeys (ConfUtils.java:logGet(46)) - raft.server.log.appender.install.snapshot.enabled = false (custom)
2022-10-13 11:29:19,491 [pool-556-thread-1] INFO  server.RaftServerConfigKeys (ConfUtils.java:logGet(46)) - raft.server.threadpool.server.cached = true (default)
2022-10-13 11:29:19,491 [pool-556-thread-1] INFO  server.RaftServerConfigKeys (ConfUtils.java:logGet(46)) - raft.server.threadpool.server.size = 0 (default)
2022-10-13 11:29:19,491 [pool-556-thread-1] INFO  server.RaftServerConfigKeys (ConfUtils.java:logGet(46)) - raft.server.threadpool.client.cached = true (default)
2022-10-13 11:29:19,491 [pool-556-thread-1] INFO  server.RaftServerConfigKeys (ConfUtils.java:logGet(46)) - raft.server.threadpool.client.size = 0 (default)
2022-10-13 11:29:19,491 [pool-556-thread-1] INFO  server.RaftServer$Division (RaftServerImpl.java:start(310)) - 7dfa6ca3-47f6-4a40-9cc4-a3bc1bb73048@group-51B49EDE02F1: start as a follower, conf=-1: [eb006ac0-056f-4f1a-b412-99697cc0034b|rpc:10.1.0.139:40859|dataStream:|priority:0, 33e3c0bc-8f59-462c-92be-36e05a096713|rpc:10.1.0.139:44523|dataStream:|priority:0, 7dfa6ca3-47f6-4a40-9cc4-a3bc1bb73048|rpc:10.1.0.139:46609|dataStream:|priority:1], old=null
2022-10-13 11:29:19,491 [pool-556-thread-1] INFO  server.RaftServer$Division (RaftServerImpl.java:setRole(299)) - 7dfa6ca3-47f6-4a40-9cc4-a3bc1bb73048@group-51B49EDE02F1: changes role from      null to FOLLOWER at term 0 for startAsFollower
2022-10-13 11:29:19,491 [pool-556-thread-1] INFO  impl.RoleInfo (RoleInfo.java:updateAndGet(139)) - 7dfa6ca3-47f6-4a40-9cc4-a3bc1bb73048: start 7dfa6ca3-47f6-4a40-9cc4-a3bc1bb73048@group-51B49EDE02F1-FollowerState
2022-10-13 11:29:19,493 [pool-556-thread-1] INFO  util.JmxRegister (JmxRegister.java:tryRegister(44)) - Successfully registered JMX Bean with object name Ratis:service=RaftServer,group=group-51B49EDE02F1,id=7dfa6ca3-47f6-4a40-9cc4-a3bc1bb73048
2022-10-13 11:29:19,507 [grpc-default-executor-0] INFO  server.RaftServer (RaftServerProxy.java:addNew(96)) - 33e3c0bc-8f59-462c-92be-36e05a096713: addNew group-51B49EDE02F1:[eb006ac0-056f-4f1a-b412-99697cc0034b|rpc:10.1.0.139:40859|dataStream:|priority:0, 33e3c0bc-8f59-462c-92be-36e05a096713|rpc:10.1.0.139:44523|dataStream:|priority:0, 7dfa6ca3-47f6-4a40-9cc4-a3bc1bb73048|rpc:10.1.0.139:46609|dataStream:|priority:1] returns group-51B49EDE02F1:java.util.concurrent.CompletableFuture@1ec79543[Not completed]
2022-10-13 11:29:19,508 [pool-533-thread-1] INFO  server.RaftServer$Division (RaftServerImpl.java:<init>(190)) - 33e3c0bc-8f59-462c-92be-36e05a096713: new RaftServerImpl for group-51B49EDE02F1:[eb006ac0-056f-4f1a-b412-99697cc0034b|rpc:10.1.0.139:40859|dataStream:|priority:0, 33e3c0bc-8f59-462c-92be-36e05a096713|rpc:10.1.0.139:44523|dataStream:|priority:0, 7dfa6ca3-47f6-4a40-9cc4-a3bc1bb73048|rpc:10.1.0.139:46609|dataStream:|priority:1] with ContainerStateMachine:uninitialized
2022-10-13 11:29:19,508 [pool-533-thread-1] INFO  server.RaftServerConfigKeys (ConfUtils.java:logGet(46)) - raft.server.rpc.timeout.min = 5s (custom)
2022-10-13 11:29:19,508 [pool-533-thread-1] INFO  server.RaftServerConfigKeys (ConfUtils.java:logGet(46)) - raft.server.rpc.timeout.max = 5200ms (custom)
2022-10-13 11:29:19,508 [pool-533-thread-1] INFO  server.RaftServerConfigKeys (ConfUtils.java:logGet(46)) - raft.server.rpc.sleep.time = 25ms (default)
2022-10-13 11:29:19,508 [pool-533-thread-1] INFO  server.RaftServerConfigKeys (ConfUtils.java:logGet(46)) - raft.server.rpc.slowness.timeout = 300s (custom)
2022-10-13 11:29:19,508 [pool-533-thread-1] INFO  server.RaftServerConfigKeys (ConfUtils.java:logGet(46)) - raft.server.leaderelection.leader.step-down.wait-time = 10s (default)
2022-10-13 11:29:19,508 [pool-533-thread-1] INFO  server.RaftServerConfigKeys (ConfUtils.java:logGet(46)) - raft.server.sleep.deviation.threshold = 300ms (default)
2022-10-13 11:29:19,508 [pool-533-thread-1] INFO  server.RaftServer$Division (ServerState.java:<init>(107)) - 33e3c0bc-8f59-462c-92be-36e05a096713@group-51B49EDE02F1: ConfigurationManager, init=-1: [eb006ac0-056f-4f1a-b412-99697cc0034b|rpc:10.1.0.139:40859|dataStream:|priority:0, 33e3c0bc-8f59-462c-92be-36e05a096713|rpc:10.1.0.139:44523|dataStream:|priority:0, 7dfa6ca3-47f6-4a40-9cc4-a3bc1bb73048|rpc:10.1.0.139:46609|dataStream:|priority:1], old=null, confs=<EMPTY_MAP>
2022-10-13 11:29:19,508 [pool-533-thread-1] INFO  server.RaftServerConfigKeys (ConfUtils.java:logGet(46)) - raft.server.storage.dir = [/home/runner/work/ozone/ozone/hadoop-ozone/integration-test/target/test-dir/MiniOzoneClusterImpl-d2d9cd47-4a8f-47c9-ae3e-7163176d789f/datanode-1/data/ratis] (custom)
2022-10-13 11:29:19,509 [pool-533-thread-1] INFO  server.RaftServerConfigKeys (ConfUtils.java:logGet(46)) - raft.server.log.corruption.policy = EXCEPTION (default)
2022-10-13 11:29:19,509 [pool-533-thread-1] INFO  server.RaftServerConfigKeys (ConfUtils.java:logGet(46)) - raft.server.storage.free-space.min = 0MB (=0) (default)
2022-10-13 11:29:19,509 [pool-533-thread-1] INFO  storage.RaftStorageDirectory (RaftStorageDirectoryImpl.java:analyzeStorage(135)) - The storage directory /home/runner/work/ozone/ozone/hadoop-ozone/integration-test/target/test-dir/MiniOzoneClusterImpl-d2d9cd47-4a8f-47c9-ae3e-7163176d789f/datanode-1/data/ratis/6358c765-d9cb-4190-97dc-51b49ede02f1 does not exist. Creating ...
2022-10-13 11:29:19,510 [pool-533-thread-1] INFO  storage.RaftStorageDirectory (RaftStorageDirectoryImpl.java:tryLock(230)) - Lock on /home/runner/work/ozone/ozone/hadoop-ozone/integration-test/target/test-dir/MiniOzoneClusterImpl-d2d9cd47-4a8f-47c9-ae3e-7163176d789f/datanode-1/data/ratis/6358c765-d9cb-4190-97dc-51b49ede02f1/in_use.lock acquired by nodename 2264@fv-az447-90
2022-10-13 11:29:19,511 [pool-533-thread-1] INFO  storage.RaftStorage (RaftStorageImpl.java:format(89)) - Storage directory /home/runner/work/ozone/ozone/hadoop-ozone/integration-test/target/test-dir/MiniOzoneClusterImpl-d2d9cd47-4a8f-47c9-ae3e-7163176d789f/datanode-1/data/ratis/6358c765-d9cb-4190-97dc-51b49ede02f1 has been successfully formatted.
2022-10-13 11:29:19,512 [pool-533-thread-1] INFO  ratis.ContainerStateMachine (ContainerStateMachine.java:loadSnapshot(236)) - group-51B49EDE02F1: The snapshot info is null. Setting the last applied indexto:(t:0, i:~)
2022-10-13 11:29:19,513 [pool-533-thread-1] INFO  server.RaftServerConfigKeys (ConfUtils.java:logGet(46)) - raft.server.notification.no-leader.timeout = 300s (custom)
2022-10-13 11:29:19,513 [pool-533-thread-1] INFO  server.RaftServerConfigKeys (ConfUtils.java:logGet(46)) - raft.server.log.use.memory = false (default)
2022-10-13 11:29:19,513 [pool-533-thread-1] INFO  server.RaftServerConfigKeys (ConfUtils.java:logGet(46)) - raft.server.log.purge.gap = 1000000 (custom)
2022-10-13 11:29:19,513 [pool-533-thread-1] INFO  server.RaftServerConfigKeys (ConfUtils.java:logGet(46)) - raft.server.log.appender.buffer.byte-limit = 33554432 (custom)
2022-10-13 11:29:19,514 [pool-533-thread-1] INFO  server.RaftServerConfigKeys (ConfUtils.java:logGet(46)) - raft.server.log.statemachine.data.read.timeout = 1000ms (default)
2022-10-13 11:29:19,514 [pool-533-thread-1] INFO  server.RaftServerConfigKeys (ConfUtils.java:logGet(46)) - raft.server.log.segment.size.max = 1048576 (custom)
2022-10-13 11:29:19,514 [pool-533-thread-1] INFO  server.RaftServerConfigKeys (ConfUtils.java:logGet(46)) - raft.server.log.segment.cache.num.max = 2 (custom)
2022-10-13 11:29:19,514 [pool-533-thread-1] INFO  server.RaftServerConfigKeys (ConfUtils.java:logGet(46)) - raft.server.log.segment.cache.size.max = 200MB (=209715200) (default)
2022-10-13 11:29:19,514 [pool-533-thread-1] INFO  segmented.SegmentedRaftLogWorker (SegmentedRaftLogWorker.java:<init>(187)) - new 33e3c0bc-8f59-462c-92be-36e05a096713@group-51B49EDE02F1-SegmentedRaftLogWorker for RaftStorageImpl:Storage Directory /home/runner/work/ozone/ozone/hadoop-ozone/integration-test/target/test-dir/MiniOzoneClusterImpl-d2d9cd47-4a8f-47c9-ae3e-7163176d789f/datanode-1/data/ratis/6358c765-d9cb-4190-97dc-51b49ede02f1
2022-10-13 11:29:19,514 [pool-533-thread-1] INFO  server.RaftServerConfigKeys (ConfUtils.java:logGet(46)) - raft.server.log.queue.byte-limit = 4294967296 (custom)
2022-10-13 11:29:19,514 [pool-533-thread-1] INFO  server.RaftServerConfigKeys (ConfUtils.java:logGet(46)) - raft.server.log.queue.element-limit = 1024 (custom)
2022-10-13 11:29:19,514 [pool-533-thread-1] INFO  server.RaftServerConfigKeys (ConfUtils.java:logGet(46)) - raft.server.log.segment.size.max = 1048576 (custom)
2022-10-13 11:29:19,514 [pool-533-thread-1] INFO  server.RaftServerConfigKeys (ConfUtils.java:logGet(46)) - raft.server.log.preallocated.size = 16384 (custom)
2022-10-13 11:29:19,514 [pool-533-thread-1] INFO  server.RaftServerConfigKeys (ConfUtils.java:logGet(46)) - raft.server.log.force.sync.num = 128 (default)
2022-10-13 11:29:19,514 [pool-533-thread-1] INFO  server.RaftServerConfigKeys (ConfUtils.java:logGet(46)) - raft.server.log.statemachine.data.sync = true (default)
2022-10-13 11:29:19,514 [pool-533-thread-1] INFO  server.RaftServerConfigKeys (ConfUtils.java:logGet(46)) - raft.server.log.statemachine.data.sync.timeout = 10s (default)
2022-10-13 11:29:19,515 [pool-533-thread-1] INFO  server.RaftServerConfigKeys (ConfUtils.java:logGet(46)) - raft.server.log.statemachine.data.sync.timeout.retry = -1 (default)
2022-10-13 11:29:19,515 [pool-533-thread-1] INFO  server.RaftServerConfigKeys (ConfUtils.java:logGet(46)) - raft.server.log.write.buffer.size = 1048576 (custom)
2022-10-13 11:29:19,516 [pool-533-thread-1] INFO  server.RaftServerConfigKeys (ConfUtils.java:logGet(46)) - raft.server.log.unsafe-flush.enabled = false (default)
2022-10-13 11:29:19,516 [pool-533-thread-1] INFO  server.RaftServerConfigKeys (ConfUtils.java:logGet(46)) - raft.server.log.statemachine.data.caching.enabled = true (custom)
2022-10-13 11:29:19,516 [pool-533-thread-1] INFO  segmented.SegmentedRaftLogWorker (SegmentedRaftLogWorker.java:lambda$new$0(135)) - 33e3c0bc-8f59-462c-92be-36e05a096713@group-51B49EDE02F1-SegmentedRaftLogWorker: flushIndex: setUnconditionally 0 -> -1
2022-10-13 11:29:19,516 [pool-533-thread-1] INFO  segmented.SegmentedRaftLogWorker (SegmentedRaftLogWorker.java:lambda$new$0(135)) - 33e3c0bc-8f59-462c-92be-36e05a096713@group-51B49EDE02F1-SegmentedRaftLogWorker: safeCacheEvictIndex: setUnconditionally 0 -> -1
2022-10-13 11:29:19,516 [pool-533-thread-1] INFO  server.RaftServerConfigKeys (ConfUtils.java:logGet(46)) - raft.server.snapshot.auto.trigger.enabled = true (custom)
2022-10-13 11:29:19,516 [pool-533-thread-1] INFO  server.RaftServerConfigKeys (ConfUtils.java:logGet(46)) - raft.server.snapshot.auto.trigger.threshold = 10000 (custom)
2022-10-13 11:29:19,516 [pool-533-thread-1] INFO  server.RaftServerConfigKeys (ConfUtils.java:logGet(46)) - raft.server.snapshot.retention.file.num = 5 (custom)
2022-10-13 11:29:19,516 [pool-533-thread-1] INFO  server.RaftServerConfigKeys (ConfUtils.java:logGet(46)) - raft.server.log.purge.upto.snapshot.index = false (default)
2022-10-13 11:29:19,516 [pool-533-thread-1] INFO  server.RaftServerConfigKeys (ConfUtils.java:logGet(46)) - raft.server.retrycache.expirytime = 600000ms (custom)
2022-10-13 11:29:19,516 [pool-533-thread-1] INFO  server.RaftServerConfigKeys (ConfUtils.java:logGet(46)) - raft.server.retrycache.statistics.expirytime = 100μs (default)
2022-10-13 11:29:19,517 [pool-533-thread-1] INFO  server.RaftServerConfigKeys (ConfUtils.java:logGet(46)) - raft.server.log.appender.install.snapshot.enabled = false (custom)
2022-10-13 11:29:19,517 [pool-533-thread-1] INFO  server.RaftServerConfigKeys (ConfUtils.java:logGet(46)) - raft.server.threadpool.server.cached = true (default)
2022-10-13 11:29:19,518 [pool-533-thread-1] INFO  server.RaftServerConfigKeys (ConfUtils.java:logGet(46)) - raft.server.threadpool.server.size = 0 (default)
2022-10-13 11:29:19,518 [pool-533-thread-1] INFO  server.RaftServerConfigKeys (ConfUtils.java:logGet(46)) - raft.server.threadpool.client.cached = true (default)
2022-10-13 11:29:19,518 [pool-533-thread-1] INFO  server.RaftServerConfigKeys (ConfUtils.java:logGet(46)) - raft.server.threadpool.client.size = 0 (default)
2022-10-13 11:29:19,518 [pool-533-thread-1] INFO  server.RaftServer$Division (RaftServerImpl.java:start(310)) - 33e3c0bc-8f59-462c-92be-36e05a096713@group-51B49EDE02F1: start as a follower, conf=-1: [eb006ac0-056f-4f1a-b412-99697cc0034b|rpc:10.1.0.139:40859|dataStream:|priority:0, 33e3c0bc-8f59-462c-92be-36e05a096713|rpc:10.1.0.139:44523|dataStream:|priority:0, 7dfa6ca3-47f6-4a40-9cc4-a3bc1bb73048|rpc:10.1.0.139:46609|dataStream:|priority:1], old=null
2022-10-13 11:29:19,518 [pool-533-thread-1] INFO  server.RaftServer$Division (RaftServerImpl.java:setRole(299)) - 33e3c0bc-8f59-462c-92be-36e05a096713@group-51B49EDE02F1: changes role from      null to FOLLOWER at term 0 for startAsFollower
2022-10-13 11:29:19,518 [pool-533-thread-1] INFO  impl.RoleInfo (RoleInfo.java:updateAndGet(139)) - 33e3c0bc-8f59-462c-92be-36e05a096713: start 33e3c0bc-8f59-462c-92be-36e05a096713@group-51B49EDE02F1-FollowerState
2022-10-13 11:29:19,518 [pool-533-thread-1] INFO  util.JmxRegister (JmxRegister.java:tryRegister(44)) - Successfully registered JMX Bean with object name Ratis:service=RaftServer,group=group-51B49EDE02F1,id=33e3c0bc-8f59-462c-92be-36e05a096713
2022-10-13 11:29:19,522 [Command processor thread] INFO  commandhandler.CreatePipelineCommandHandler (CreatePipelineCommandHandler.java:handle(113)) - Created Pipeline RATIS THREE PipelineID=6358c765-d9cb-4190-97dc-51b49ede02f1.
2022-10-13 11:29:19,626 [Command processor thread] INFO  server.RaftServer (RaftServerProxy.java:addNew(96)) - 33e3c0bc-8f59-462c-92be-36e05a096713: addNew group-4EFB72C335A4:[33e3c0bc-8f59-462c-92be-36e05a096713|rpc:10.1.0.139:44523|priority:1] returns group-4EFB72C335A4:java.util.concurrent.CompletableFuture@1dc7d29b[Not completed]
2022-10-13 11:29:19,627 [pool-533-thread-1] INFO  server.RaftServer$Division (RaftServerImpl.java:<init>(190)) - 33e3c0bc-8f59-462c-92be-36e05a096713: new RaftServerImpl for group-4EFB72C335A4:[33e3c0bc-8f59-462c-92be-36e05a096713|rpc:10.1.0.139:44523|priority:1] with ContainerStateMachine:uninitialized
2022-10-13 11:29:19,627 [pool-533-thread-1] INFO  server.RaftServerConfigKeys (ConfUtils.java:logGet(46)) - raft.server.rpc.timeout.min = 5s (custom)
2022-10-13 11:29:19,627 [pool-533-thread-1] INFO  server.RaftServerConfigKeys (ConfUtils.java:logGet(46)) - raft.server.rpc.timeout.max = 5200ms (custom)
2022-10-13 11:29:19,627 [pool-533-thread-1] INFO  server.RaftServerConfigKeys (ConfUtils.java:logGet(46)) - raft.server.rpc.sleep.time = 25ms (default)
2022-10-13 11:29:19,627 [pool-533-thread-1] INFO  server.RaftServerConfigKeys (ConfUtils.java:logGet(46)) - raft.server.rpc.slowness.timeout = 300s (custom)
2022-10-13 11:29:19,628 [pool-533-thread-1] INFO  server.RaftServerConfigKeys (ConfUtils.java:logGet(46)) - raft.server.leaderelection.leader.step-down.wait-time = 10s (default)
2022-10-13 11:29:19,628 [pool-533-thread-1] INFO  server.RaftServerConfigKeys (ConfUtils.java:logGet(46)) - raft.server.sleep.deviation.threshold = 300ms (default)
2022-10-13 11:29:19,628 [pool-533-thread-1] INFO  server.RaftServer$Division (ServerState.java:<init>(107)) - 33e3c0bc-8f59-462c-92be-36e05a096713@group-4EFB72C335A4: ConfigurationManager, init=-1: [33e3c0bc-8f59-462c-92be-36e05a096713|rpc:10.1.0.139:44523|priority:1], old=null, confs=<EMPTY_MAP>
2022-10-13 11:29:19,628 [pool-533-thread-1] INFO  server.RaftServerConfigKeys (ConfUtils.java:logGet(46)) - raft.server.storage.dir = [/home/runner/work/ozone/ozone/hadoop-ozone/integration-test/target/test-dir/MiniOzoneClusterImpl-d2d9cd47-4a8f-47c9-ae3e-7163176d789f/datanode-1/data/ratis] (custom)
2022-10-13 11:29:19,628 [pool-533-thread-1] INFO  server.RaftServerConfigKeys (ConfUtils.java:logGet(46)) - raft.server.log.corruption.policy = EXCEPTION (default)
2022-10-13 11:29:19,628 [pool-533-thread-1] INFO  server.RaftServerConfigKeys (ConfUtils.java:logGet(46)) - raft.server.storage.free-space.min = 0MB (=0) (default)
2022-10-13 11:29:19,628 [pool-533-thread-1] INFO  storage.RaftStorageDirectory (RaftStorageDirectoryImpl.java:analyzeStorage(135)) - The storage directory /home/runner/work/ozone/ozone/hadoop-ozone/integration-test/target/test-dir/MiniOzoneClusterImpl-d2d9cd47-4a8f-47c9-ae3e-7163176d789f/datanode-1/data/ratis/6f5880c9-8143-42e8-a06c-4efb72c335a4 does not exist. Creating ...
2022-10-13 11:29:19,629 [pool-533-thread-1] INFO  storage.RaftStorageDirectory (RaftStorageDirectoryImpl.java:tryLock(230)) - Lock on /home/runner/work/ozone/ozone/hadoop-ozone/integration-test/target/test-dir/MiniOzoneClusterImpl-d2d9cd47-4a8f-47c9-ae3e-7163176d789f/datanode-1/data/ratis/6f5880c9-8143-42e8-a06c-4efb72c335a4/in_use.lock acquired by nodename 2264@fv-az447-90
2022-10-13 11:29:19,631 [pool-533-thread-1] INFO  storage.RaftStorage (RaftStorageImpl.java:format(89)) - Storage directory /home/runner/work/ozone/ozone/hadoop-ozone/integration-test/target/test-dir/MiniOzoneClusterImpl-d2d9cd47-4a8f-47c9-ae3e-7163176d789f/datanode-1/data/ratis/6f5880c9-8143-42e8-a06c-4efb72c335a4 has been successfully formatted.
2022-10-13 11:29:19,632 [pool-533-thread-1] INFO  ratis.ContainerStateMachine (ContainerStateMachine.java:loadSnapshot(236)) - group-4EFB72C335A4: The snapshot info is null. Setting the last applied indexto:(t:0, i:~)
2022-10-13 11:29:19,632 [pool-533-thread-1] INFO  server.RaftServerConfigKeys (ConfUtils.java:logGet(46)) - raft.server.notification.no-leader.timeout = 300s (custom)
2022-10-13 11:29:19,632 [pool-533-thread-1] INFO  server.RaftServerConfigKeys (ConfUtils.java:logGet(46)) - raft.server.log.use.memory = false (default)
2022-10-13 11:29:19,632 [pool-533-thread-1] INFO  server.RaftServerConfigKeys (ConfUtils.java:logGet(46)) - raft.server.log.purge.gap = 1000000 (custom)
2022-10-13 11:29:19,632 [pool-533-thread-1] INFO  server.RaftServerConfigKeys (ConfUtils.java:logGet(46)) - raft.server.log.appender.buffer.byte-limit = 33554432 (custom)
2022-10-13 11:29:19,632 [pool-533-thread-1] INFO  server.RaftServerConfigKeys (ConfUtils.java:logGet(46)) - raft.server.log.statemachine.data.read.timeout = 1000ms (default)
2022-10-13 11:29:19,632 [pool-533-thread-1] INFO  server.RaftServerConfigKeys (ConfUtils.java:logGet(46)) - raft.server.log.segment.size.max = 1048576 (custom)
2022-10-13 11:29:19,677 [pool-533-thread-1] INFO  server.RaftServerConfigKeys (ConfUtils.java:logGet(46)) - raft.server.log.segment.cache.num.max = 2 (custom)
2022-10-13 11:29:19,677 [pool-533-thread-1] INFO  server.RaftServerConfigKeys (ConfUtils.java:logGet(46)) - raft.server.log.segment.cache.size.max = 200MB (=209715200) (default)
2022-10-13 11:29:19,677 [pool-533-thread-1] INFO  segmented.SegmentedRaftLogWorker (SegmentedRaftLogWorker.java:<init>(187)) - new 33e3c0bc-8f59-462c-92be-36e05a096713@group-4EFB72C335A4-SegmentedRaftLogWorker for RaftStorageImpl:Storage Directory /home/runner/work/ozone/ozone/hadoop-ozone/integration-test/target/test-dir/MiniOzoneClusterImpl-d2d9cd47-4a8f-47c9-ae3e-7163176d789f/datanode-1/data/ratis/6f5880c9-8143-42e8-a06c-4efb72c335a4
2022-10-13 11:29:19,680 [pool-533-thread-1] INFO  server.RaftServerConfigKeys (ConfUtils.java:logGet(46)) - raft.server.log.queue.byte-limit = 4294967296 (custom)
2022-10-13 11:29:19,678 [EventQueue-PipelineReportForPipelineReportHandler] INFO  pipeline.PipelineManagerImpl (PipelineManagerImpl.java:openPipeline(367)) - Pipeline Pipeline[ Id: 6f5880c9-8143-42e8-a06c-4efb72c335a4, Nodes: 33e3c0bc-8f59-462c-92be-36e05a096713{ip: 10.1.0.139, host: fv-az447-90.tnmeiuxxsqeu3byeydcnbj0j5d.dx.internal.cloudapp.net, ports: [REPLICATION=44249, RATIS=44523, RATIS_ADMIN=44523, RATIS_SERVER=44523, STANDALONE=40475], networkLocation: /default-rack, certSerialId: null, persistedOpState: IN_SERVICE, persistedOpStateExpiryEpochSec: 0}, ReplicationConfig: RATIS/ONE, State:ALLOCATED, leaderId:33e3c0bc-8f59-462c-92be-36e05a096713, CreationTimestamp2022-10-13T11:29:16.629Z[Etc/UTC]] moved to OPEN state
2022-10-13 11:29:19,682 [pool-533-thread-1] INFO  server.RaftServerConfigKeys (ConfUtils.java:logGet(46)) - raft.server.log.queue.element-limit = 1024 (custom)
2022-10-13 11:29:19,682 [pool-533-thread-1] INFO  server.RaftServerConfigKeys (ConfUtils.java:logGet(46)) - raft.server.log.segment.size.max = 1048576 (custom)
2022-10-13 11:29:19,682 [pool-533-thread-1] INFO  server.RaftServerConfigKeys (ConfUtils.java:logGet(46)) - raft.server.log.preallocated.size = 16384 (custom)
2022-10-13 11:29:19,682 [pool-533-thread-1] INFO  server.RaftServerConfigKeys (ConfUtils.java:logGet(46)) - raft.server.log.force.sync.num = 128 (default)
2022-10-13 11:29:19,682 [pool-533-thread-1] INFO  server.RaftServerConfigKeys (ConfUtils.java:logGet(46)) - raft.server.log.statemachine.data.sync = true (default)
2022-10-13 11:29:19,682 [pool-533-thread-1] INFO  server.RaftServerConfigKeys (ConfUtils.java:logGet(46)) - raft.server.log.statemachine.data.sync.timeout = 10s (default)
2022-10-13 11:29:19,682 [pool-533-thread-1] INFO  server.RaftServerConfigKeys (ConfUtils.java:logGet(46)) - raft.server.log.statemachine.data.sync.timeout.retry = -1 (default)
2022-10-13 11:29:19,683 [pool-533-thread-1] INFO  server.RaftServerConfigKeys (ConfUtils.java:logGet(46)) - raft.server.log.write.buffer.size = 1048576 (custom)
2022-10-13 11:29:19,684 [pool-533-thread-1] INFO  server.RaftServerConfigKeys (ConfUtils.java:logGet(46)) - raft.server.log.unsafe-flush.enabled = false (default)
2022-10-13 11:29:19,684 [pool-533-thread-1] INFO  server.RaftServerConfigKeys (ConfUtils.java:logGet(46)) - raft.server.log.statemachine.data.caching.enabled = true (custom)
2022-10-13 11:29:19,684 [pool-533-thread-1] INFO  segmented.SegmentedRaftLogWorker (SegmentedRaftLogWorker.java:lambda$new$0(135)) - 33e3c0bc-8f59-462c-92be-36e05a096713@group-4EFB72C335A4-SegmentedRaftLogWorker: flushIndex: setUnconditionally 0 -> -1
2022-10-13 11:29:19,684 [pool-533-thread-1] INFO  segmented.SegmentedRaftLogWorker (SegmentedRaftLogWorker.java:lambda$new$0(135)) - 33e3c0bc-8f59-462c-92be-36e05a096713@group-4EFB72C335A4-SegmentedRaftLogWorker: safeCacheEvictIndex: setUnconditionally 0 -> -1
2022-10-13 11:29:19,684 [pool-533-thread-1] INFO  server.RaftServerConfigKeys (ConfUtils.java:logGet(46)) - raft.server.snapshot.auto.trigger.enabled = true (custom)
2022-10-13 11:29:19,684 [pool-533-thread-1] INFO  server.RaftServerConfigKeys (ConfUtils.java:logGet(46)) - raft.server.snapshot.auto.trigger.threshold = 10000 (custom)
2022-10-13 11:29:19,684 [pool-533-thread-1] INFO  server.RaftServerConfigKeys (ConfUtils.java:logGet(46)) - raft.server.snapshot.retention.file.num = 5 (custom)
2022-10-13 11:29:19,684 [pool-533-thread-1] INFO  server.RaftServerConfigKeys (ConfUtils.java:logGet(46)) - raft.server.log.purge.upto.snapshot.index = false (default)
2022-10-13 11:29:19,684 [pool-533-thread-1] INFO  server.RaftServerConfigKeys (ConfUtils.java:logGet(46)) - raft.server.retrycache.expirytime = 600000ms (custom)
2022-10-13 11:29:19,684 [pool-533-thread-1] INFO  server.RaftServerConfigKeys (ConfUtils.java:logGet(46)) - raft.server.retrycache.statistics.expirytime = 100μs (default)
2022-10-13 11:29:19,685 [EventQueue-OpenPipelineForHealthyPipelineSafeModeRule] INFO  safemode.SCMSafeModeManager (HealthyPipelineSafeModeRule.java:process(137)) - SCM in safe mode. Healthy pipelines reported count is 0, required healthy pipeline reported count is 1
2022-10-13 11:29:19,686 [pool-533-thread-1] INFO  server.RaftServerConfigKeys (ConfUtils.java:logGet(46)) - raft.server.log.appender.install.snapshot.enabled = false (custom)
2022-10-13 11:29:19,686 [pool-533-thread-1] INFO  server.RaftServerConfigKeys (ConfUtils.java:logGet(46)) - raft.server.threadpool.server.cached = true (default)
2022-10-13 11:29:19,686 [pool-533-thread-1] INFO  server.RaftServerConfigKeys (ConfUtils.java:logGet(46)) - raft.server.threadpool.server.size = 0 (default)
2022-10-13 11:29:19,686 [pool-533-thread-1] INFO  server.RaftServerConfigKeys (ConfUtils.java:logGet(46)) - raft.server.threadpool.client.cached = true (default)
2022-10-13 11:29:19,686 [pool-533-thread-1] INFO  server.RaftServerConfigKeys (ConfUtils.java:logGet(46)) - raft.server.threadpool.client.size = 0 (default)
2022-10-13 11:29:19,687 [pool-533-thread-1] INFO  server.RaftServer$Division (RaftServerImpl.java:start(310)) - 33e3c0bc-8f59-462c-92be-36e05a096713@group-4EFB72C335A4: start as a follower, conf=-1: [33e3c0bc-8f59-462c-92be-36e05a096713|rpc:10.1.0.139:44523|priority:1], old=null
2022-10-13 11:29:19,687 [pool-533-thread-1] INFO  server.RaftServer$Division (RaftServerImpl.java:setRole(299)) - 33e3c0bc-8f59-462c-92be-36e05a096713@group-4EFB72C335A4: changes role from      null to FOLLOWER at term 0 for startAsFollower
2022-10-13 11:29:19,687 [pool-533-thread-1] INFO  impl.RoleInfo (RoleInfo.java:updateAndGet(139)) - 33e3c0bc-8f59-462c-92be-36e05a096713: start 33e3c0bc-8f59-462c-92be-36e05a096713@group-4EFB72C335A4-FollowerState
2022-10-13 11:29:19,687 [pool-533-thread-1] INFO  util.JmxRegister (JmxRegister.java:tryRegister(44)) - Successfully registered JMX Bean with object name Ratis:service=RaftServer,group=group-4EFB72C335A4,id=33e3c0bc-8f59-462c-92be-36e05a096713
2022-10-13 11:29:19,689 [Command processor thread] INFO  ratis.XceiverServerRatis (XceiverServerRatis.java:addGroup(765)) - Created group PipelineID=6f5880c9-8143-42e8-a06c-4efb72c335a4
2022-10-13 11:29:19,689 [Command processor thread] INFO  commandhandler.CreatePipelineCommandHandler (CreatePipelineCommandHandler.java:handle(113)) - Created Pipeline RATIS ONE PipelineID=6f5880c9-8143-42e8-a06c-4efb72c335a4.
2022-10-13 11:29:19,919 [Command processor thread] INFO  server.RaftServer (RaftServerProxy.java:addNew(96)) - 7dfa6ca3-47f6-4a40-9cc4-a3bc1bb73048: addNew group-CBE35A0FFF02:[7dfa6ca3-47f6-4a40-9cc4-a3bc1bb73048|rpc:10.1.0.139:46609|priority:1] returns group-CBE35A0FFF02:java.util.concurrent.CompletableFuture@2f0dad7a[Not completed]
2022-10-13 11:29:19,920 [pool-556-thread-1] INFO  server.RaftServer$Division (RaftServerImpl.java:<init>(190)) - 7dfa6ca3-47f6-4a40-9cc4-a3bc1bb73048: new RaftServerImpl for group-CBE35A0FFF02:[7dfa6ca3-47f6-4a40-9cc4-a3bc1bb73048|rpc:10.1.0.139:46609|priority:1] with ContainerStateMachine:uninitialized
2022-10-13 11:29:19,920 [pool-556-thread-1] INFO  server.RaftServerConfigKeys (ConfUtils.java:logGet(46)) - raft.server.rpc.timeout.min = 5s (custom)
2022-10-13 11:29:19,921 [pool-556-thread-1] INFO  server.RaftServerConfigKeys (ConfUtils.java:logGet(46)) - raft.server.rpc.timeout.max = 5200ms (custom)
2022-10-13 11:29:19,921 [pool-556-thread-1] INFO  server.RaftServerConfigKeys (ConfUtils.java:logGet(46)) - raft.server.rpc.sleep.time = 25ms (default)
2022-10-13 11:29:19,921 [pool-556-thread-1] INFO  server.RaftServerConfigKeys (ConfUtils.java:logGet(46)) - raft.server.rpc.slowness.timeout = 300s (custom)
2022-10-13 11:29:19,921 [pool-556-thread-1] INFO  server.RaftServerConfigKeys (ConfUtils.java:logGet(46)) - raft.server.leaderelection.leader.step-down.wait-time = 10s (default)
2022-10-13 11:29:19,921 [pool-556-thread-1] INFO  server.RaftServerConfigKeys (ConfUtils.java:logGet(46)) - raft.server.sleep.deviation.threshold = 300ms (default)
2022-10-13 11:29:19,921 [pool-556-thread-1] INFO  server.RaftServer$Division (ServerState.java:<init>(107)) - 7dfa6ca3-47f6-4a40-9cc4-a3bc1bb73048@group-CBE35A0FFF02: ConfigurationManager, init=-1: [7dfa6ca3-47f6-4a40-9cc4-a3bc1bb73048|rpc:10.1.0.139:46609|priority:1], old=null, confs=<EMPTY_MAP>
2022-10-13 11:29:19,921 [pool-556-thread-1] INFO  server.RaftServerConfigKeys (ConfUtils.java:logGet(46)) - raft.server.storage.dir = [/home/runner/work/ozone/ozone/hadoop-ozone/integration-test/target/test-dir/MiniOzoneClusterImpl-d2d9cd47-4a8f-47c9-ae3e-7163176d789f/datanode-2/data/ratis] (custom)
2022-10-13 11:29:19,921 [pool-556-thread-1] INFO  server.RaftServerConfigKeys (ConfUtils.java:logGet(46)) - raft.server.log.corruption.policy = EXCEPTION (default)
2022-10-13 11:29:19,921 [pool-556-thread-1] INFO  server.RaftServerConfigKeys (ConfUtils.java:logGet(46)) - raft.server.storage.free-space.min = 0MB (=0) (default)
2022-10-13 11:29:19,921 [pool-556-thread-1] INFO  storage.RaftStorageDirectory (RaftStorageDirectoryImpl.java:analyzeStorage(135)) - The storage directory /home/runner/work/ozone/ozone/hadoop-ozone/integration-test/target/test-dir/MiniOzoneClusterImpl-d2d9cd47-4a8f-47c9-ae3e-7163176d789f/datanode-2/data/ratis/b635b23e-3a25-4b13-bbea-cbe35a0fff02 does not exist. Creating ...
2022-10-13 11:29:19,923 [Listener at 127.0.0.1/46741] INFO  ozone.MiniOzoneClusterImpl (MiniOzoneClusterImpl.java:lambda$waitForClusterToBeReady$0(216)) - Nodes are ready. Got 3 of 3 DN Heartbeats.
2022-10-13 11:29:19,923 [Listener at 127.0.0.1/46741] INFO  ozone.MiniOzoneClusterImpl (MiniOzoneClusterImpl.java:lambda$waitForClusterToBeReady$0(219)) - Waiting for cluster to exit safe mode
2022-10-13 11:29:19,923 [Listener at 127.0.0.1/46741] INFO  ozone.MiniOzoneClusterImpl (MiniOzoneClusterImpl.java:lambda$waitForClusterToBeReady$0(221)) - SCM became leader
2022-10-13 11:29:19,923 [pool-556-thread-1] INFO  storage.RaftStorageDirectory (RaftStorageDirectoryImpl.java:tryLock(230)) - Lock on /home/runner/work/ozone/ozone/hadoop-ozone/integration-test/target/test-dir/MiniOzoneClusterImpl-d2d9cd47-4a8f-47c9-ae3e-7163176d789f/datanode-2/data/ratis/b635b23e-3a25-4b13-bbea-cbe35a0fff02/in_use.lock acquired by nodename 2264@fv-az447-90
2022-10-13 11:29:19,925 [pool-556-thread-1] INFO  storage.RaftStorage (RaftStorageImpl.java:format(89)) - Storage directory /home/runner/work/ozone/ozone/hadoop-ozone/integration-test/target/test-dir/MiniOzoneClusterImpl-d2d9cd47-4a8f-47c9-ae3e-7163176d789f/datanode-2/data/ratis/b635b23e-3a25-4b13-bbea-cbe35a0fff02 has been successfully formatted.
2022-10-13 11:29:19,927 [EventQueue-PipelineReportForPipelineReportHandler] INFO  pipeline.PipelineManagerImpl (PipelineManagerImpl.java:openPipeline(367)) - Pipeline Pipeline[ Id: b635b23e-3a25-4b13-bbea-cbe35a0fff02, Nodes: 7dfa6ca3-47f6-4a40-9cc4-a3bc1bb73048{ip: 10.1.0.139, host: fv-az447-90.tnmeiuxxsqeu3byeydcnbj0j5d.dx.internal.cloudapp.net, ports: [REPLICATION=42383, RATIS=46609, RATIS_ADMIN=46609, RATIS_SERVER=46609, STANDALONE=40315], networkLocation: /default-rack, certSerialId: null, persistedOpState: IN_SERVICE, persistedOpStateExpiryEpochSec: 0}, ReplicationConfig: RATIS/ONE, State:ALLOCATED, leaderId:7dfa6ca3-47f6-4a40-9cc4-a3bc1bb73048, CreationTimestamp2022-10-13T11:29:16.923Z[Etc/UTC]] moved to OPEN state
2022-10-13 11:29:19,927 [pool-556-thread-1] INFO  ratis.ContainerStateMachine (ContainerStateMachine.java:loadSnapshot(236)) - group-CBE35A0FFF02: The snapshot info is null. Setting the last applied indexto:(t:0, i:~)
2022-10-13 11:29:19,927 [pool-556-thread-1] INFO  server.RaftServerConfigKeys (ConfUtils.java:logGet(46)) - raft.server.notification.no-leader.timeout = 300s (custom)
2022-10-13 11:29:19,927 [pool-556-thread-1] INFO  server.RaftServerConfigKeys (ConfUtils.java:logGet(46)) - raft.server.log.use.memory = false (default)
2022-10-13 11:29:19,927 [pool-556-thread-1] INFO  server.RaftServerConfigKeys (ConfUtils.java:logGet(46)) - raft.server.log.purge.gap = 1000000 (custom)
2022-10-13 11:29:19,927 [EventQueue-OpenPipelineForHealthyPipelineSafeModeRule] INFO  safemode.SCMSafeModeManager (HealthyPipelineSafeModeRule.java:process(137)) - SCM in safe mode. Healthy pipelines reported count is 0, required healthy pipeline reported count is 1
2022-10-13 11:29:19,928 [pool-556-thread-1] INFO  server.RaftServerConfigKeys (ConfUtils.java:logGet(46)) - raft.server.log.appender.buffer.byte-limit = 33554432 (custom)
2022-10-13 11:29:19,928 [pool-556-thread-1] INFO  server.RaftServerConfigKeys (ConfUtils.java:logGet(46)) - raft.server.log.statemachine.data.read.timeout = 1000ms (default)
2022-10-13 11:29:19,928 [pool-556-thread-1] INFO  server.RaftServerConfigKeys (ConfUtils.java:logGet(46)) - raft.server.log.segment.size.max = 1048576 (custom)
2022-10-13 11:29:19,928 [pool-556-thread-1] INFO  server.RaftServerConfigKeys (ConfUtils.java:logGet(46)) - raft.server.log.segment.cache.num.max = 2 (custom)
2022-10-13 11:29:19,928 [pool-556-thread-1] INFO  server.RaftServerConfigKeys (ConfUtils.java:logGet(46)) - raft.server.log.segment.cache.size.max = 200MB (=209715200) (default)
2022-10-13 11:29:19,928 [pool-556-thread-1] INFO  segmented.SegmentedRaftLogWorker (SegmentedRaftLogWorker.java:<init>(187)) - new 7dfa6ca3-47f6-4a40-9cc4-a3bc1bb73048@group-CBE35A0FFF02-SegmentedRaftLogWorker for RaftStorageImpl:Storage Directory /home/runner/work/ozone/ozone/hadoop-ozone/integration-test/target/test-dir/MiniOzoneClusterImpl-d2d9cd47-4a8f-47c9-ae3e-7163176d789f/datanode-2/data/ratis/b635b23e-3a25-4b13-bbea-cbe35a0fff02
2022-10-13 11:29:19,929 [pool-556-thread-1] INFO  server.RaftServerConfigKeys (ConfUtils.java:logGet(46)) - raft.server.log.queue.byte-limit = 4294967296 (custom)
2022-10-13 11:29:19,929 [pool-556-thread-1] INFO  server.RaftServerConfigKeys (ConfUtils.java:logGet(46)) - raft.server.log.queue.element-limit = 1024 (custom)
2022-10-13 11:29:19,929 [pool-556-thread-1] INFO  server.RaftServerConfigKeys (ConfUtils.java:logGet(46)) - raft.server.log.segment.size.max = 1048576 (custom)
2022-10-13 11:29:19,929 [pool-556-thread-1] INFO  server.RaftServerConfigKeys (ConfUtils.java:logGet(46)) - raft.server.log.preallocated.size = 16384 (custom)
2022-10-13 11:29:19,929 [pool-556-thread-1] INFO  server.RaftServerConfigKeys (ConfUtils.java:logGet(46)) - raft.server.log.force.sync.num = 128 (default)
2022-10-13 11:29:19,929 [pool-556-thread-1] INFO  server.RaftServerConfigKeys (ConfUtils.java:logGet(46)) - raft.server.log.statemachine.data.sync = true (default)
2022-10-13 11:29:19,929 [pool-556-thread-1] INFO  server.RaftServerConfigKeys (ConfUtils.java:logGet(46)) - raft.server.log.statemachine.data.sync.timeout = 10s (default)
2022-10-13 11:29:19,929 [pool-556-thread-1] INFO  server.RaftServerConfigKeys (ConfUtils.java:logGet(46)) - raft.server.log.statemachine.data.sync.timeout.retry = -1 (default)
2022-10-13 11:29:19,930 [pool-556-thread-1] INFO  server.RaftServerConfigKeys (ConfUtils.java:logGet(46)) - raft.server.log.write.buffer.size = 1048576 (custom)
2022-10-13 11:29:19,930 [pool-556-thread-1] INFO  server.RaftServerConfigKeys (ConfUtils.java:logGet(46)) - raft.server.log.unsafe-flush.enabled = false (default)
2022-10-13 11:29:19,931 [pool-556-thread-1] INFO  server.RaftServerConfigKeys (ConfUtils.java:logGet(46)) - raft.server.log.statemachine.data.caching.enabled = true (custom)
2022-10-13 11:29:19,931 [pool-556-thread-1] INFO  segmented.SegmentedRaftLogWorker (SegmentedRaftLogWorker.java:lambda$new$0(135)) - 7dfa6ca3-47f6-4a40-9cc4-a3bc1bb73048@group-CBE35A0FFF02-SegmentedRaftLogWorker: flushIndex: setUnconditionally 0 -> -1
2022-10-13 11:29:19,931 [pool-556-thread-1] INFO  segmented.SegmentedRaftLogWorker (SegmentedRaftLogWorker.java:lambda$new$0(135)) - 7dfa6ca3-47f6-4a40-9cc4-a3bc1bb73048@group-CBE35A0FFF02-SegmentedRaftLogWorker: safeCacheEvictIndex: setUnconditionally 0 -> -1
2022-10-13 11:29:19,931 [pool-556-thread-1] INFO  server.RaftServerConfigKeys (ConfUtils.java:logGet(46)) - raft.server.snapshot.auto.trigger.enabled = true (custom)
2022-10-13 11:29:19,931 [pool-556-thread-1] INFO  server.RaftServerConfigKeys (ConfUtils.java:logGet(46)) - raft.server.snapshot.auto.trigger.threshold = 10000 (custom)
2022-10-13 11:29:19,931 [pool-556-thread-1] INFO  server.RaftServerConfigKeys (ConfUtils.java:logGet(46)) - raft.server.snapshot.retention.file.num = 5 (custom)
2022-10-13 11:29:19,931 [pool-556-thread-1] INFO  server.RaftServerConfigKeys (ConfUtils.java:logGet(46)) - raft.server.log.purge.upto.snapshot.index = false (default)
2022-10-13 11:29:19,931 [pool-556-thread-1] INFO  server.RaftServerConfigKeys (ConfUtils.java:logGet(46)) - raft.server.retrycache.expirytime = 600000ms (custom)
2022-10-13 11:29:19,931 [pool-556-thread-1] INFO  server.RaftServerConfigKeys (ConfUtils.java:logGet(46)) - raft.server.retrycache.statistics.expirytime = 100μs (default)
2022-10-13 11:29:19,933 [pool-556-thread-1] INFO  server.RaftServerConfigKeys (ConfUtils.java:logGet(46)) - raft.server.log.appender.install.snapshot.enabled = false (custom)
2022-10-13 11:29:19,933 [pool-556-thread-1] INFO  server.RaftServerConfigKeys (ConfUtils.java:logGet(46)) - raft.server.threadpool.server.cached = true (default)
2022-10-13 11:29:19,933 [pool-556-thread-1] INFO  server.RaftServerConfigKeys (ConfUtils.java:logGet(46)) - raft.server.threadpool.server.size = 0 (default)
2022-10-13 11:29:19,933 [pool-556-thread-1] INFO  server.RaftServerConfigKeys (ConfUtils.java:logGet(46)) - raft.server.threadpool.client.cached = true (default)
2022-10-13 11:29:19,933 [pool-556-thread-1] INFO  server.RaftServerConfigKeys (ConfUtils.java:logGet(46)) - raft.server.threadpool.client.size = 0 (default)
2022-10-13 11:29:19,933 [pool-556-thread-1] INFO  server.RaftServer$Division (RaftServerImpl.java:start(310)) - 7dfa6ca3-47f6-4a40-9cc4-a3bc1bb73048@group-CBE35A0FFF02: start as a follower, conf=-1: [7dfa6ca3-47f6-4a40-9cc4-a3bc1bb73048|rpc:10.1.0.139:46609|priority:1], old=null
2022-10-13 11:29:19,933 [pool-556-thread-1] INFO  server.RaftServer$Division (RaftServerImpl.java:setRole(299)) - 7dfa6ca3-47f6-4a40-9cc4-a3bc1bb73048@group-CBE35A0FFF02: changes role from      null to FOLLOWER at term 0 for startAsFollower
2022-10-13 11:29:19,933 [pool-556-thread-1] INFO  impl.RoleInfo (RoleInfo.java:updateAndGet(139)) - 7dfa6ca3-47f6-4a40-9cc4-a3bc1bb73048: start 7dfa6ca3-47f6-4a40-9cc4-a3bc1bb73048@group-CBE35A0FFF02-FollowerState
2022-10-13 11:29:19,933 [pool-556-thread-1] INFO  util.JmxRegister (JmxRegister.java:tryRegister(44)) - Successfully registered JMX Bean with object name Ratis:service=RaftServer,group=group-CBE35A0FFF02,id=7dfa6ca3-47f6-4a40-9cc4-a3bc1bb73048
2022-10-13 11:29:19,934 [Command processor thread] INFO  ratis.XceiverServerRatis (XceiverServerRatis.java:addGroup(765)) - Created group PipelineID=b635b23e-3a25-4b13-bbea-cbe35a0fff02
2022-10-13 11:29:19,934 [Command processor thread] INFO  commandhandler.CreatePipelineCommandHandler (CreatePipelineCommandHandler.java:handle(113)) - Created Pipeline RATIS ONE PipelineID=b635b23e-3a25-4b13-bbea-cbe35a0fff02.
2022-10-13 11:29:20,924 [Listener at 127.0.0.1/46741] INFO  ozone.MiniOzoneClusterImpl (MiniOzoneClusterImpl.java:lambda$waitForClusterToBeReady$0(216)) - Nodes are ready. Got 3 of 3 DN Heartbeats.
2022-10-13 11:29:20,924 [Listener at 127.0.0.1/46741] INFO  ozone.MiniOzoneClusterImpl (MiniOzoneClusterImpl.java:lambda$waitForClusterToBeReady$0(219)) - Waiting for cluster to exit safe mode
2022-10-13 11:29:20,924 [Listener at 127.0.0.1/46741] INFO  ozone.MiniOzoneClusterImpl (MiniOzoneClusterImpl.java:lambda$waitForClusterToBeReady$0(221)) - SCM became leader
2022-10-13 11:29:21,924 [Listener at 127.0.0.1/46741] INFO  ozone.MiniOzoneClusterImpl (MiniOzoneClusterImpl.java:lambda$waitForClusterToBeReady$0(216)) - Nodes are ready. Got 3 of 3 DN Heartbeats.
2022-10-13 11:29:21,925 [Listener at 127.0.0.1/46741] INFO  ozone.MiniOzoneClusterImpl (MiniOzoneClusterImpl.java:lambda$waitForClusterToBeReady$0(219)) - Waiting for cluster to exit safe mode
2022-10-13 11:29:21,925 [Listener at 127.0.0.1/46741] INFO  ozone.MiniOzoneClusterImpl (MiniOzoneClusterImpl.java:lambda$waitForClusterToBeReady$0(221)) - SCM became leader
2022-10-13 11:29:22,925 [Listener at 127.0.0.1/46741] INFO  ozone.MiniOzoneClusterImpl (MiniOzoneClusterImpl.java:lambda$waitForClusterToBeReady$0(216)) - Nodes are ready. Got 3 of 3 DN Heartbeats.
2022-10-13 11:29:22,925 [Listener at 127.0.0.1/46741] INFO  ozone.MiniOzoneClusterImpl (MiniOzoneClusterImpl.java:lambda$waitForClusterToBeReady$0(219)) - Waiting for cluster to exit safe mode
2022-10-13 11:29:22,925 [Listener at 127.0.0.1/46741] INFO  ozone.MiniOzoneClusterImpl (MiniOzoneClusterImpl.java:lambda$waitForClusterToBeReady$0(221)) - SCM became leader
2022-10-13 11:29:23,926 [Listener at 127.0.0.1/46741] INFO  ozone.MiniOzoneClusterImpl (MiniOzoneClusterImpl.java:lambda$waitForClusterToBeReady$0(216)) - Nodes are ready. Got 3 of 3 DN Heartbeats.
2022-10-13 11:29:23,926 [Listener at 127.0.0.1/46741] INFO  ozone.MiniOzoneClusterImpl (MiniOzoneClusterImpl.java:lambda$waitForClusterToBeReady$0(219)) - Waiting for cluster to exit safe mode
2022-10-13 11:29:23,926 [Listener at 127.0.0.1/46741] INFO  ozone.MiniOzoneClusterImpl (MiniOzoneClusterImpl.java:lambda$waitForClusterToBeReady$0(221)) - SCM became leader
2022-10-13 11:29:24,399 [eb006ac0-056f-4f1a-b412-99697cc0034b@group-AEE73ECC53CC-FollowerState] INFO  impl.FollowerState (FollowerState.java:run(143)) - eb006ac0-056f-4f1a-b412-99697cc0034b@group-AEE73ECC53CC-FollowerState: change to CANDIDATE, lastRpcElapsedTime:5041019219ns, electionTimeout:5040ms
2022-10-13 11:29:24,399 [eb006ac0-056f-4f1a-b412-99697cc0034b@group-AEE73ECC53CC-FollowerState] INFO  impl.RoleInfo (RoleInfo.java:shutdownFollowerState(110)) - eb006ac0-056f-4f1a-b412-99697cc0034b: shutdown eb006ac0-056f-4f1a-b412-99697cc0034b@group-AEE73ECC53CC-FollowerState
2022-10-13 11:29:24,399 [eb006ac0-056f-4f1a-b412-99697cc0034b@group-AEE73ECC53CC-FollowerState] INFO  server.RaftServer$Division (RaftServerImpl.java:setRole(299)) - eb006ac0-056f-4f1a-b412-99697cc0034b@group-AEE73ECC53CC: changes role from  FOLLOWER to CANDIDATE at term 0 for changeToCandidate
2022-10-13 11:29:24,399 [eb006ac0-056f-4f1a-b412-99697cc0034b@group-AEE73ECC53CC-FollowerState] INFO  server.RaftServerConfigKeys (ConfUtils.java:logGet(46)) - raft.server.leaderelection.pre-vote = false (custom)
2022-10-13 11:29:24,399 [eb006ac0-056f-4f1a-b412-99697cc0034b@group-AEE73ECC53CC-FollowerState] INFO  impl.RoleInfo (RoleInfo.java:updateAndGet(139)) - eb006ac0-056f-4f1a-b412-99697cc0034b: start eb006ac0-056f-4f1a-b412-99697cc0034b@group-AEE73ECC53CC-LeaderElection22
2022-10-13 11:29:24,403 [eb006ac0-056f-4f1a-b412-99697cc0034b@group-AEE73ECC53CC-LeaderElection22] INFO  impl.LeaderElection (LeaderElection.java:askForVotes(310)) - eb006ac0-056f-4f1a-b412-99697cc0034b@group-AEE73ECC53CC-LeaderElection22 ELECTION round 0: submit vote requests at term 1 for -1: [eb006ac0-056f-4f1a-b412-99697cc0034b|rpc:10.1.0.139:40859|priority:1], old=null
2022-10-13 11:29:24,403 [eb006ac0-056f-4f1a-b412-99697cc0034b@group-AEE73ECC53CC-LeaderElection22] INFO  impl.LeaderElection (LeaderElection.java:askForVotes(312)) - eb006ac0-056f-4f1a-b412-99697cc0034b@group-AEE73ECC53CC-LeaderElection22 ELECTION round 0: result PASSED (term=1)
2022-10-13 11:29:24,403 [eb006ac0-056f-4f1a-b412-99697cc0034b@group-AEE73ECC53CC-LeaderElection22] INFO  impl.RoleInfo (RoleInfo.java:shutdownLeaderElection(130)) - eb006ac0-056f-4f1a-b412-99697cc0034b: shutdown eb006ac0-056f-4f1a-b412-99697cc0034b@group-AEE73ECC53CC-LeaderElection22
2022-10-13 11:29:24,403 [eb006ac0-056f-4f1a-b412-99697cc0034b@group-AEE73ECC53CC-LeaderElection22] INFO  server.RaftServer$Division (RaftServerImpl.java:setRole(299)) - eb006ac0-056f-4f1a-b412-99697cc0034b@group-AEE73ECC53CC: changes role from CANDIDATE to LEADER at term 1 for changeToLeader
2022-10-13 11:29:24,403 [eb006ac0-056f-4f1a-b412-99697cc0034b@group-AEE73ECC53CC-LeaderElection22] INFO  ratis.XceiverServerRatis (XceiverServerRatis.java:handleLeaderChangedNotification(863)) - Leader change notification received for group: group-AEE73ECC53CC with new leaderId: eb006ac0-056f-4f1a-b412-99697cc0034b
2022-10-13 11:29:24,403 [eb006ac0-056f-4f1a-b412-99697cc0034b@group-AEE73ECC53CC-LeaderElection22] INFO  server.RaftServer$Division (ServerState.java:setLeader(287)) - eb006ac0-056f-4f1a-b412-99697cc0034b@group-AEE73ECC53CC: change Leader from null to eb006ac0-056f-4f1a-b412-99697cc0034b at term 1 for becomeLeader, leader elected after 5064ms
2022-10-13 11:29:24,403 [eb006ac0-056f-4f1a-b412-99697cc0034b@group-AEE73ECC53CC-LeaderElection22] INFO  server.RaftServerConfigKeys (ConfUtils.java:logGet(46)) - raft.server.staging.catchup.gap = 1000 (default)
2022-10-13 11:29:24,404 [eb006ac0-056f-4f1a-b412-99697cc0034b@group-AEE73ECC53CC-LeaderElection22] INFO  server.RaftServerConfigKeys (ConfUtils.java:logGet(46)) - raft.server.write.element-limit = 1024 (custom)
2022-10-13 11:29:24,404 [eb006ac0-056f-4f1a-b412-99697cc0034b@group-AEE73ECC53CC-LeaderElection22] INFO  server.RaftServerConfigKeys (ConfUtils.java:logGet(46)) - raft.server.write.byte-limit = 1024 M (=1073741824) (custom)
2022-10-13 11:29:24,404 [eb006ac0-056f-4f1a-b412-99697cc0034b@group-AEE73ECC53CC-LeaderElection22] INFO  server.RaftServerConfigKeys (ConfUtils.java:logGet(46)) - raft.server.watch.timeout = 180s (custom)
2022-10-13 11:29:24,404 [eb006ac0-056f-4f1a-b412-99697cc0034b@group-AEE73ECC53CC-LeaderElection22] INFO  server.RaftServerConfigKeys (ConfUtils.java:logGet(46)) - raft.server.watch.timeout.denomination = 1s (default)
2022-10-13 11:29:24,404 [eb006ac0-056f-4f1a-b412-99697cc0034b@group-AEE73ECC53CC-LeaderElection22] INFO  server.RaftServerConfigKeys (ConfUtils.java:logGet(46)) - raft.server.watch.element-limit = 65536 (default)
2022-10-13 11:29:24,404 [eb006ac0-056f-4f1a-b412-99697cc0034b@group-AEE73ECC53CC-LeaderElection22] INFO  server.RaftServerConfigKeys (ConfUtils.java:logGet(46)) - raft.server.write.element-limit = 1024 (custom)
2022-10-13 11:29:24,404 [eb006ac0-056f-4f1a-b412-99697cc0034b@group-AEE73ECC53CC-LeaderElection22] INFO  server.RaftServerConfigKeys (ConfUtils.java:logGet(46)) - raft.server.write.follower.gap.ratio.max = -1.0 (default)
2022-10-13 11:29:24,404 [eb006ac0-056f-4f1a-b412-99697cc0034b@group-AEE73ECC53CC-LeaderElection22] INFO  impl.RoleInfo (RoleInfo.java:updateAndGet(139)) - eb006ac0-056f-4f1a-b412-99697cc0034b: start eb006ac0-056f-4f1a-b412-99697cc0034b@group-AEE73ECC53CC-LeaderStateImpl
2022-10-13 11:29:24,405 [eb006ac0-056f-4f1a-b412-99697cc0034b@group-AEE73ECC53CC-LeaderElection22] INFO  segmented.SegmentedRaftLogWorker (SegmentedRaftLogWorker.java:startLogSegment(425)) - eb006ac0-056f-4f1a-b412-99697cc0034b@group-AEE73ECC53CC-SegmentedRaftLogWorker: Starting segment from index:0
2022-10-13 11:29:24,405 [EventQueue-OpenPipelineForHealthyPipelineSafeModeRule] INFO  safemode.SCMSafeModeManager (HealthyPipelineSafeModeRule.java:process(137)) - SCM in safe mode. Healthy pipelines reported count is 0, required healthy pipeline reported count is 1
2022-10-13 11:29:24,406 [eb006ac0-056f-4f1a-b412-99697cc0034b@group-AEE73ECC53CC-LeaderElection22] INFO  server.RaftServer$Division (ServerState.java:setRaftConf(393)) - eb006ac0-056f-4f1a-b412-99697cc0034b@group-AEE73ECC53CC: set configuration 0: [eb006ac0-056f-4f1a-b412-99697cc0034b|rpc:10.1.0.139:40859|dataStream:|priority:1], old=null
2022-10-13 11:29:24,407 [eb006ac0-056f-4f1a-b412-99697cc0034b@group-AEE73ECC53CC-SegmentedRaftLogWorker] INFO  segmented.SegmentedRaftLogWorker (SegmentedRaftLogWorker.java:execute(629)) - eb006ac0-056f-4f1a-b412-99697cc0034b@group-AEE73ECC53CC-SegmentedRaftLogWorker: created new log segment /home/runner/work/ozone/ozone/hadoop-ozone/integration-test/target/test-dir/MiniOzoneClusterImpl-d2d9cd47-4a8f-47c9-ae3e-7163176d789f/datanode-0/data/ratis/5d62c771-c194-469b-9493-aee73ecc53cc/current/log_inprogress_0
2022-10-13 11:29:24,513 [7dfa6ca3-47f6-4a40-9cc4-a3bc1bb73048@group-1D47BAB5DA1D-FollowerState] INFO  impl.FollowerState (FollowerState.java:run(143)) - 7dfa6ca3-47f6-4a40-9cc4-a3bc1bb73048@group-1D47BAB5DA1D-FollowerState: change to CANDIDATE, lastRpcElapsedTime:5073912761ns, electionTimeout:5073ms
2022-10-13 11:29:24,513 [7dfa6ca3-47f6-4a40-9cc4-a3bc1bb73048@group-1D47BAB5DA1D-FollowerState] INFO  impl.RoleInfo (RoleInfo.java:shutdownFollowerState(110)) - 7dfa6ca3-47f6-4a40-9cc4-a3bc1bb73048: shutdown 7dfa6ca3-47f6-4a40-9cc4-a3bc1bb73048@group-1D47BAB5DA1D-FollowerState
2022-10-13 11:29:24,513 [7dfa6ca3-47f6-4a40-9cc4-a3bc1bb73048@group-1D47BAB5DA1D-FollowerState] INFO  server.RaftServer$Division (RaftServerImpl.java:setRole(299)) - 7dfa6ca3-47f6-4a40-9cc4-a3bc1bb73048@group-1D47BAB5DA1D: changes role from  FOLLOWER to CANDIDATE at term 0 for changeToCandidate
2022-10-13 11:29:24,513 [7dfa6ca3-47f6-4a40-9cc4-a3bc1bb73048@group-1D47BAB5DA1D-FollowerState] INFO  server.RaftServerConfigKeys (ConfUtils.java:logGet(46)) - raft.server.leaderelection.pre-vote = false (custom)
2022-10-13 11:29:24,513 [7dfa6ca3-47f6-4a40-9cc4-a3bc1bb73048@group-1D47BAB5DA1D-FollowerState] INFO  impl.RoleInfo (RoleInfo.java:updateAndGet(139)) - 7dfa6ca3-47f6-4a40-9cc4-a3bc1bb73048: start 7dfa6ca3-47f6-4a40-9cc4-a3bc1bb73048@group-1D47BAB5DA1D-LeaderElection23
2022-10-13 11:29:24,517 [7dfa6ca3-47f6-4a40-9cc4-a3bc1bb73048@group-1D47BAB5DA1D-LeaderElection23] INFO  impl.LeaderElection (LeaderElection.java:askForVotes(310)) - 7dfa6ca3-47f6-4a40-9cc4-a3bc1bb73048@group-1D47BAB5DA1D-LeaderElection23 ELECTION round 0: submit vote requests at term 1 for -1: [eb006ac0-056f-4f1a-b412-99697cc0034b|rpc:10.1.0.139:40859|dataStream:|priority:1, 33e3c0bc-8f59-462c-92be-36e05a096713|rpc:10.1.0.139:44523|dataStream:|priority:0, 7dfa6ca3-47f6-4a40-9cc4-a3bc1bb73048|rpc:10.1.0.139:46609|dataStream:|priority:0], old=null
2022-10-13 11:29:24,518 [eb006ac0-056f-4f1a-b412-99697cc0034b@group-1D47BAB5DA1D-FollowerState] INFO  impl.FollowerState (FollowerState.java:run(143)) - eb006ac0-056f-4f1a-b412-99697cc0034b@group-1D47BAB5DA1D-FollowerState: change to CANDIDATE, lastRpcElapsedTime:5145428291ns, electionTimeout:5144ms
2022-10-13 11:29:24,518 [eb006ac0-056f-4f1a-b412-99697cc0034b@group-1D47BAB5DA1D-FollowerState] INFO  impl.RoleInfo (RoleInfo.java:shutdownFollowerState(110)) - eb006ac0-056f-4f1a-b412-99697cc0034b: shutdown eb006ac0-056f-4f1a-b412-99697cc0034b@group-1D47BAB5DA1D-FollowerState
2022-10-13 11:29:24,518 [eb006ac0-056f-4f1a-b412-99697cc0034b@group-1D47BAB5DA1D-FollowerState] INFO  server.RaftServer$Division (RaftServerImpl.java:setRole(299)) - eb006ac0-056f-4f1a-b412-99697cc0034b@group-1D47BAB5DA1D: changes role from  FOLLOWER to CANDIDATE at term 0 for changeToCandidate
2022-10-13 11:29:24,518 [eb006ac0-056f-4f1a-b412-99697cc0034b@group-1D47BAB5DA1D-FollowerState] INFO  server.RaftServerConfigKeys (ConfUtils.java:logGet(46)) - raft.server.leaderelection.pre-vote = false (custom)
2022-10-13 11:29:24,518 [eb006ac0-056f-4f1a-b412-99697cc0034b@group-1D47BAB5DA1D-FollowerState] INFO  impl.RoleInfo (RoleInfo.java:updateAndGet(139)) - eb006ac0-056f-4f1a-b412-99697cc0034b: start eb006ac0-056f-4f1a-b412-99697cc0034b@group-1D47BAB5DA1D-LeaderElection24
2022-10-13 11:29:24,538 [eb006ac0-056f-4f1a-b412-99697cc0034b@group-51B49EDE02F1-FollowerState] INFO  impl.FollowerState (FollowerState.java:run(143)) - eb006ac0-056f-4f1a-b412-99697cc0034b@group-51B49EDE02F1-FollowerState: change to CANDIDATE, lastRpcElapsedTime:5074644126ns, electionTimeout:5067ms
2022-10-13 11:29:24,538 [grpc-default-executor-0] INFO  server.RaftServer$Division (RaftServerImpl.java:requestVote(1152)) - eb006ac0-056f-4f1a-b412-99697cc0034b@group-1D47BAB5DA1D: receive requestVote(ELECTION, 7dfa6ca3-47f6-4a40-9cc4-a3bc1bb73048, group-1D47BAB5DA1D, 1, (t:0, i:0))
2022-10-13 11:29:24,538 [eb006ac0-056f-4f1a-b412-99697cc0034b@group-51B49EDE02F1-FollowerState] INFO  impl.RoleInfo (RoleInfo.java:shutdownFollowerState(110)) - eb006ac0-056f-4f1a-b412-99697cc0034b: shutdown eb006ac0-056f-4f1a-b412-99697cc0034b@group-51B49EDE02F1-FollowerState
2022-10-13 11:29:24,538 [eb006ac0-056f-4f1a-b412-99697cc0034b@group-51B49EDE02F1-FollowerState] INFO  server.RaftServer$Division (RaftServerImpl.java:setRole(299)) - eb006ac0-056f-4f1a-b412-99697cc0034b@group-51B49EDE02F1: changes role from  FOLLOWER to CANDIDATE at term 0 for changeToCandidate
2022-10-13 11:29:24,538 [eb006ac0-056f-4f1a-b412-99697cc0034b@group-51B49EDE02F1-FollowerState] INFO  server.RaftServerConfigKeys (ConfUtils.java:logGet(46)) - raft.server.leaderelection.pre-vote = false (custom)
2022-10-13 11:29:24,538 [eb006ac0-056f-4f1a-b412-99697cc0034b@group-51B49EDE02F1-FollowerState] INFO  impl.RoleInfo (RoleInfo.java:updateAndGet(139)) - eb006ac0-056f-4f1a-b412-99697cc0034b: start eb006ac0-056f-4f1a-b412-99697cc0034b@group-51B49EDE02F1-LeaderElection25
2022-10-13 11:29:24,541 [grpc-default-executor-0] INFO  impl.VoteContext (VoteContext.java:log(48)) - eb006ac0-056f-4f1a-b412-99697cc0034b@group-1D47BAB5DA1D-CANDIDATE: reject ELECTION from 7dfa6ca3-47f6-4a40-9cc4-a3bc1bb73048: our priority 1 > candidate's priority 0
2022-10-13 11:29:24,541 [grpc-default-executor-0] INFO  server.RaftServer$Division (RaftServerImpl.java:setRole(299)) - eb006ac0-056f-4f1a-b412-99697cc0034b@group-1D47BAB5DA1D: changes role from CANDIDATE to FOLLOWER at term 1 for candidate:7dfa6ca3-47f6-4a40-9cc4-a3bc1bb73048
2022-10-13 11:29:24,541 [grpc-default-executor-0] INFO  impl.RoleInfo (RoleInfo.java:shutdownLeaderElection(130)) - eb006ac0-056f-4f1a-b412-99697cc0034b: shutdown eb006ac0-056f-4f1a-b412-99697cc0034b@group-1D47BAB5DA1D-LeaderElection24
2022-10-13 11:29:24,541 [grpc-default-executor-0] INFO  impl.RoleInfo (RoleInfo.java:updateAndGet(139)) - eb006ac0-056f-4f1a-b412-99697cc0034b: start eb006ac0-056f-4f1a-b412-99697cc0034b@group-1D47BAB5DA1D-FollowerState
2022-10-13 11:29:24,541 [grpc-default-executor-1] INFO  server.RaftServer$Division (RaftServerImpl.java:requestVote(1152)) - 33e3c0bc-8f59-462c-92be-36e05a096713@group-1D47BAB5DA1D: receive requestVote(ELECTION, 7dfa6ca3-47f6-4a40-9cc4-a3bc1bb73048, group-1D47BAB5DA1D, 1, (t:0, i:0))
2022-10-13 11:29:24,542 [grpc-default-executor-1] INFO  impl.VoteContext (VoteContext.java:log(48)) - 33e3c0bc-8f59-462c-92be-36e05a096713@group-1D47BAB5DA1D-FOLLOWER: accept ELECTION from 7dfa6ca3-47f6-4a40-9cc4-a3bc1bb73048: our priority 0 <= candidate's priority 0
2022-10-13 11:29:24,542 [grpc-default-executor-1] INFO  server.RaftServer$Division (RaftServerImpl.java:setRole(299)) - 33e3c0bc-8f59-462c-92be-36e05a096713@group-1D47BAB5DA1D: changes role from  FOLLOWER to FOLLOWER at term 1 for candidate:7dfa6ca3-47f6-4a40-9cc4-a3bc1bb73048
2022-10-13 11:29:24,542 [grpc-default-executor-1] INFO  impl.RoleInfo (RoleInfo.java:shutdownFollowerState(110)) - 33e3c0bc-8f59-462c-92be-36e05a096713: shutdown 33e3c0bc-8f59-462c-92be-36e05a096713@group-1D47BAB5DA1D-FollowerState
2022-10-13 11:29:24,543 [grpc-default-executor-1] INFO  impl.RoleInfo (RoleInfo.java:updateAndGet(139)) - 33e3c0bc-8f59-462c-92be-36e05a096713: start 33e3c0bc-8f59-462c-92be-36e05a096713@group-1D47BAB5DA1D-FollowerState
2022-10-13 11:29:24,543 [33e3c0bc-8f59-462c-92be-36e05a096713@group-1D47BAB5DA1D-FollowerState] INFO  impl.FollowerState (FollowerState.java:run(152)) - 33e3c0bc-8f59-462c-92be-36e05a096713@group-1D47BAB5DA1D-FollowerState was interrupted
2022-10-13 11:29:24,545 [grpc-default-executor-0] INFO  server.RaftServer$Division (RaftServerImpl.java:requestVote(1184)) - eb006ac0-056f-4f1a-b412-99697cc0034b@group-1D47BAB5DA1D replies to ELECTION vote request: 7dfa6ca3-47f6-4a40-9cc4-a3bc1bb73048<-eb006ac0-056f-4f1a-b412-99697cc0034b#0:FAIL-t1. Peer's state: eb006ac0-056f-4f1a-b412-99697cc0034b@group-1D47BAB5DA1D:t1, leader=null, voted=null, raftlog=eb006ac0-056f-4f1a-b412-99697cc0034b@group-1D47BAB5DA1D-SegmentedRaftLog:OPENED:c-1, conf=-1: [eb006ac0-056f-4f1a-b412-99697cc0034b|rpc:10.1.0.139:40859|priority:1, 33e3c0bc-8f59-462c-92be-36e05a096713|rpc:10.1.0.139:44523|priority:0, 7dfa6ca3-47f6-4a40-9cc4-a3bc1bb73048|rpc:10.1.0.139:46609|priority:0], old=null
2022-10-13 11:29:24,545 [eb006ac0-056f-4f1a-b412-99697cc0034b@group-51B49EDE02F1-LeaderElection25] INFO  impl.LeaderElection (LeaderElection.java:askForVotes(310)) - eb006ac0-056f-4f1a-b412-99697cc0034b@group-51B49EDE02F1-LeaderElection25 ELECTION round 0: submit vote requests at term 1 for -1: [eb006ac0-056f-4f1a-b412-99697cc0034b|rpc:10.1.0.139:40859|priority:0, 33e3c0bc-8f59-462c-92be-36e05a096713|rpc:10.1.0.139:44523|priority:0, 7dfa6ca3-47f6-4a40-9cc4-a3bc1bb73048|rpc:10.1.0.139:46609|priority:1], old=null
2022-10-13 11:29:24,549 [7dfa6ca3-47f6-4a40-9cc4-a3bc1bb73048@group-1D47BAB5DA1D-LeaderElection23] INFO  impl.LeaderElection (LeaderElection.java:logAndReturn(90)) - 7dfa6ca3-47f6-4a40-9cc4-a3bc1bb73048@group-1D47BAB5DA1D-LeaderElection23: ELECTION REJECTED received 1 response(s) and 0 exception(s):
2022-10-13 11:29:24,549 [7dfa6ca3-47f6-4a40-9cc4-a3bc1bb73048@group-1D47BAB5DA1D-LeaderElection23] INFO  impl.LeaderElection (LeaderElection.java:logAndReturn(94)) -   Response 0: 7dfa6ca3-47f6-4a40-9cc4-a3bc1bb73048<-eb006ac0-056f-4f1a-b412-99697cc0034b#0:FAIL-t1
2022-10-13 11:29:24,549 [7dfa6ca3-47f6-4a40-9cc4-a3bc1bb73048@group-1D47BAB5DA1D-LeaderElection23] INFO  impl.LeaderElection (LeaderElection.java:askForVotes(312)) - 7dfa6ca3-47f6-4a40-9cc4-a3bc1bb73048@group-1D47BAB5DA1D-LeaderElection23 ELECTION round 0: result REJECTED
2022-10-13 11:29:24,549 [7dfa6ca3-47f6-4a40-9cc4-a3bc1bb73048@group-1D47BAB5DA1D-LeaderElection23] INFO  server.RaftServer$Division (RaftServerImpl.java:setRole(299)) - 7dfa6ca3-47f6-4a40-9cc4-a3bc1bb73048@group-1D47BAB5DA1D: changes role from CANDIDATE to FOLLOWER at term 1 for REJECTED
2022-10-13 11:29:24,551 [7dfa6ca3-47f6-4a40-9cc4-a3bc1bb73048@group-1D47BAB5DA1D-LeaderElection23] INFO  impl.RoleInfo (RoleInfo.java:shutdownLeaderElection(130)) - 7dfa6ca3-47f6-4a40-9cc4-a3bc1bb73048: shutdown 7dfa6ca3-47f6-4a40-9cc4-a3bc1bb73048@group-1D47BAB5DA1D-LeaderElection23
2022-10-13 11:29:24,552 [7dfa6ca3-47f6-4a40-9cc4-a3bc1bb73048@group-1D47BAB5DA1D-LeaderElection23] INFO  impl.RoleInfo (RoleInfo.java:updateAndGet(139)) - 7dfa6ca3-47f6-4a40-9cc4-a3bc1bb73048: start 7dfa6ca3-47f6-4a40-9cc4-a3bc1bb73048@group-1D47BAB5DA1D-FollowerState
2022-10-13 11:29:24,550 [grpc-default-executor-1] INFO  server.RaftServer$Division (RaftServerImpl.java:requestVote(1184)) - 33e3c0bc-8f59-462c-92be-36e05a096713@group-1D47BAB5DA1D replies to ELECTION vote request: 7dfa6ca3-47f6-4a40-9cc4-a3bc1bb73048<-33e3c0bc-8f59-462c-92be-36e05a096713#0:OK-t1. Peer's state: 33e3c0bc-8f59-462c-92be-36e05a096713@group-1D47BAB5DA1D:t1, leader=null, voted=7dfa6ca3-47f6-4a40-9cc4-a3bc1bb73048, raftlog=33e3c0bc-8f59-462c-92be-36e05a096713@group-1D47BAB5DA1D-SegmentedRaftLog:OPENED:c-1, conf=-1: [eb006ac0-056f-4f1a-b412-99697cc0034b|rpc:10.1.0.139:40859|dataStream:|priority:1, 33e3c0bc-8f59-462c-92be-36e05a096713|rpc:10.1.0.139:44523|dataStream:|priority:0, 7dfa6ca3-47f6-4a40-9cc4-a3bc1bb73048|rpc:10.1.0.139:46609|dataStream:|priority:0], old=null
2022-10-13 11:29:24,559 [grpc-default-executor-1] INFO  server.RaftServer$Division (RaftServerImpl.java:requestVote(1152)) - 33e3c0bc-8f59-462c-92be-36e05a096713@group-51B49EDE02F1: receive requestVote(ELECTION, eb006ac0-056f-4f1a-b412-99697cc0034b, group-51B49EDE02F1, 1, (t:0, i:0))
2022-10-13 11:29:24,559 [grpc-default-executor-1] INFO  impl.VoteContext (VoteContext.java:log(48)) - 33e3c0bc-8f59-462c-92be-36e05a096713@group-51B49EDE02F1-FOLLOWER: accept ELECTION from eb006ac0-056f-4f1a-b412-99697cc0034b: our priority 0 <= candidate's priority 0
2022-10-13 11:29:24,560 [grpc-default-executor-1] INFO  server.RaftServer$Division (RaftServerImpl.java:setRole(299)) - 33e3c0bc-8f59-462c-92be-36e05a096713@group-51B49EDE02F1: changes role from  FOLLOWER to FOLLOWER at term 1 for candidate:eb006ac0-056f-4f1a-b412-99697cc0034b
2022-10-13 11:29:24,560 [grpc-default-executor-1] INFO  impl.RoleInfo (RoleInfo.java:shutdownFollowerState(110)) - 33e3c0bc-8f59-462c-92be-36e05a096713: shutdown 33e3c0bc-8f59-462c-92be-36e05a096713@group-51B49EDE02F1-FollowerState
2022-10-13 11:29:24,560 [grpc-default-executor-1] INFO  impl.RoleInfo (RoleInfo.java:updateAndGet(139)) - 33e3c0bc-8f59-462c-92be-36e05a096713: start 33e3c0bc-8f59-462c-92be-36e05a096713@group-51B49EDE02F1-FollowerState
2022-10-13 11:29:24,560 [33e3c0bc-8f59-462c-92be-36e05a096713@group-51B49EDE02F1-FollowerState] INFO  impl.FollowerState (FollowerState.java:run(152)) - 33e3c0bc-8f59-462c-92be-36e05a096713@group-51B49EDE02F1-FollowerState was interrupted
2022-10-13 11:29:24,562 [grpc-default-executor-1] INFO  server.RaftServer$Division (RaftServerImpl.java:requestVote(1184)) - 33e3c0bc-8f59-462c-92be-36e05a096713@group-51B49EDE02F1 replies to ELECTION vote request: eb006ac0-056f-4f1a-b412-99697cc0034b<-33e3c0bc-8f59-462c-92be-36e05a096713#0:OK-t1. Peer's state: 33e3c0bc-8f59-462c-92be-36e05a096713@group-51B49EDE02F1:t1, leader=null, voted=eb006ac0-056f-4f1a-b412-99697cc0034b, raftlog=33e3c0bc-8f59-462c-92be-36e05a096713@group-51B49EDE02F1-SegmentedRaftLog:OPENED:c-1, conf=-1: [eb006ac0-056f-4f1a-b412-99697cc0034b|rpc:10.1.0.139:40859|dataStream:|priority:0, 33e3c0bc-8f59-462c-92be-36e05a096713|rpc:10.1.0.139:44523|dataStream:|priority:0, 7dfa6ca3-47f6-4a40-9cc4-a3bc1bb73048|rpc:10.1.0.139:46609|dataStream:|priority:1], old=null
2022-10-13 11:29:24,568 [grpc-default-executor-0] INFO  server.RaftServer$Division (RaftServerImpl.java:requestVote(1152)) - 7dfa6ca3-47f6-4a40-9cc4-a3bc1bb73048@group-51B49EDE02F1: receive requestVote(ELECTION, eb006ac0-056f-4f1a-b412-99697cc0034b, group-51B49EDE02F1, 1, (t:0, i:0))
2022-10-13 11:29:24,568 [grpc-default-executor-0] INFO  impl.VoteContext (VoteContext.java:log(48)) - 7dfa6ca3-47f6-4a40-9cc4-a3bc1bb73048@group-51B49EDE02F1-FOLLOWER: reject ELECTION from eb006ac0-056f-4f1a-b412-99697cc0034b: our priority 1 > candidate's priority 0
2022-10-13 11:29:24,568 [grpc-default-executor-0] INFO  server.RaftServer$Division (RaftServerImpl.java:setRole(299)) - 7dfa6ca3-47f6-4a40-9cc4-a3bc1bb73048@group-51B49EDE02F1: changes role from  FOLLOWER to FOLLOWER at term 1 for candidate:eb006ac0-056f-4f1a-b412-99697cc0034b
2022-10-13 11:29:24,568 [grpc-default-executor-0] INFO  impl.RoleInfo (RoleInfo.java:shutdownFollowerState(110)) - 7dfa6ca3-47f6-4a40-9cc4-a3bc1bb73048: shutdown 7dfa6ca3-47f6-4a40-9cc4-a3bc1bb73048@group-51B49EDE02F1-FollowerState
2022-10-13 11:29:24,569 [grpc-default-executor-0] INFO  impl.RoleInfo (RoleInfo.java:updateAndGet(139)) - 7dfa6ca3-47f6-4a40-9cc4-a3bc1bb73048: start 7dfa6ca3-47f6-4a40-9cc4-a3bc1bb73048@group-51B49EDE02F1-FollowerState
2022-10-13 11:29:24,569 [7dfa6ca3-47f6-4a40-9cc4-a3bc1bb73048@group-51B49EDE02F1-FollowerState] INFO  impl.FollowerState (FollowerState.java:run(152)) - 7dfa6ca3-47f6-4a40-9cc4-a3bc1bb73048@group-51B49EDE02F1-FollowerState was interrupted
2022-10-13 11:29:24,575 [grpc-default-executor-0] INFO  server.RaftServer$Division (RaftServerImpl.java:requestVote(1184)) - 7dfa6ca3-47f6-4a40-9cc4-a3bc1bb73048@group-51B49EDE02F1 replies to ELECTION vote request: eb006ac0-056f-4f1a-b412-99697cc0034b<-7dfa6ca3-47f6-4a40-9cc4-a3bc1bb73048#0:FAIL-t1. Peer's state: 7dfa6ca3-47f6-4a40-9cc4-a3bc1bb73048@group-51B49EDE02F1:t1, leader=null, voted=null, raftlog=7dfa6ca3-47f6-4a40-9cc4-a3bc1bb73048@group-51B49EDE02F1-SegmentedRaftLog:OPENED:c-1, conf=-1: [eb006ac0-056f-4f1a-b412-99697cc0034b|rpc:10.1.0.139:40859|dataStream:|priority:0, 33e3c0bc-8f59-462c-92be-36e05a096713|rpc:10.1.0.139:44523|dataStream:|priority:0, 7dfa6ca3-47f6-4a40-9cc4-a3bc1bb73048|rpc:10.1.0.139:46609|dataStream:|priority:1], old=null
2022-10-13 11:29:24,577 [eb006ac0-056f-4f1a-b412-99697cc0034b@group-51B49EDE02F1-LeaderElection25] INFO  impl.LeaderElection (LeaderElection.java:logAndReturn(90)) - eb006ac0-056f-4f1a-b412-99697cc0034b@group-51B49EDE02F1-LeaderElection25: ELECTION REJECTED received 2 response(s) and 0 exception(s):
2022-10-13 11:29:24,577 [eb006ac0-056f-4f1a-b412-99697cc0034b@group-51B49EDE02F1-LeaderElection25] INFO  impl.LeaderElection (LeaderElection.java:logAndReturn(94)) -   Response 0: eb006ac0-056f-4f1a-b412-99697cc0034b<-33e3c0bc-8f59-462c-92be-36e05a096713#0:OK-t1
2022-10-13 11:29:24,577 [eb006ac0-056f-4f1a-b412-99697cc0034b@group-51B49EDE02F1-LeaderElection25] INFO  impl.LeaderElection (LeaderElection.java:logAndReturn(94)) -   Response 1: eb006ac0-056f-4f1a-b412-99697cc0034b<-7dfa6ca3-47f6-4a40-9cc4-a3bc1bb73048#0:FAIL-t1
2022-10-13 11:29:24,577 [eb006ac0-056f-4f1a-b412-99697cc0034b@group-51B49EDE02F1-LeaderElection25] INFO  impl.LeaderElection (LeaderElection.java:askForVotes(312)) - eb006ac0-056f-4f1a-b412-99697cc0034b@group-51B49EDE02F1-LeaderElection25 ELECTION round 0: result REJECTED
2022-10-13 11:29:24,577 [eb006ac0-056f-4f1a-b412-99697cc0034b@group-51B49EDE02F1-LeaderElection25] INFO  server.RaftServer$Division (RaftServerImpl.java:setRole(299)) - eb006ac0-056f-4f1a-b412-99697cc0034b@group-51B49EDE02F1: changes role from CANDIDATE to FOLLOWER at term 1 for REJECTED
2022-10-13 11:29:24,577 [eb006ac0-056f-4f1a-b412-99697cc0034b@group-51B49EDE02F1-LeaderElection25] INFO  impl.RoleInfo (RoleInfo.java:shutdownLeaderElection(130)) - eb006ac0-056f-4f1a-b412-99697cc0034b: shutdown eb006ac0-056f-4f1a-b412-99697cc0034b@group-51B49EDE02F1-LeaderElection25
2022-10-13 11:29:24,577 [eb006ac0-056f-4f1a-b412-99697cc0034b@group-51B49EDE02F1-LeaderElection25] INFO  impl.RoleInfo (RoleInfo.java:updateAndGet(139)) - eb006ac0-056f-4f1a-b412-99697cc0034b: start eb006ac0-056f-4f1a-b412-99697cc0034b@group-51B49EDE02F1-FollowerState
2022-10-13 11:29:24,739 [33e3c0bc-8f59-462c-92be-36e05a096713@group-4EFB72C335A4-FollowerState] INFO  impl.FollowerState (FollowerState.java:run(143)) - 33e3c0bc-8f59-462c-92be-36e05a096713@group-4EFB72C335A4-FollowerState: change to CANDIDATE, lastRpcElapsedTime:5052599698ns, electionTimeout:5051ms
2022-10-13 11:29:24,740 [33e3c0bc-8f59-462c-92be-36e05a096713@group-4EFB72C335A4-FollowerState] INFO  impl.RoleInfo (RoleInfo.java:shutdownFollowerState(110)) - 33e3c0bc-8f59-462c-92be-36e05a096713: shutdown 33e3c0bc-8f59-462c-92be-36e05a096713@group-4EFB72C335A4-FollowerState
2022-10-13 11:29:24,740 [33e3c0bc-8f59-462c-92be-36e05a096713@group-4EFB72C335A4-FollowerState] INFO  server.RaftServer$Division (RaftServerImpl.java:setRole(299)) - 33e3c0bc-8f59-462c-92be-36e05a096713@group-4EFB72C335A4: changes role from  FOLLOWER to CANDIDATE at term 0 for changeToCandidate
2022-10-13 11:29:24,740 [33e3c0bc-8f59-462c-92be-36e05a096713@group-4EFB72C335A4-FollowerState] INFO  server.RaftServerConfigKeys (ConfUtils.java:logGet(46)) - raft.server.leaderelection.pre-vote = false (custom)
2022-10-13 11:29:24,740 [33e3c0bc-8f59-462c-92be-36e05a096713@group-4EFB72C335A4-FollowerState] INFO  impl.RoleInfo (RoleInfo.java:updateAndGet(139)) - 33e3c0bc-8f59-462c-92be-36e05a096713: start 33e3c0bc-8f59-462c-92be-36e05a096713@group-4EFB72C335A4-LeaderElection26
2022-10-13 11:29:24,743 [33e3c0bc-8f59-462c-92be-36e05a096713@group-4EFB72C335A4-LeaderElection26] INFO  impl.LeaderElection (LeaderElection.java:askForVotes(310)) - 33e3c0bc-8f59-462c-92be-36e05a096713@group-4EFB72C335A4-LeaderElection26 ELECTION round 0: submit vote requests at term 1 for -1: [33e3c0bc-8f59-462c-92be-36e05a096713|rpc:10.1.0.139:44523|priority:1], old=null
2022-10-13 11:29:24,743 [33e3c0bc-8f59-462c-92be-36e05a096713@group-4EFB72C335A4-LeaderElection26] INFO  impl.LeaderElection (LeaderElection.java:askForVotes(312)) - 33e3c0bc-8f59-462c-92be-36e05a096713@group-4EFB72C335A4-LeaderElection26 ELECTION round 0: result PASSED (term=1)
2022-10-13 11:29:24,743 [33e3c0bc-8f59-462c-92be-36e05a096713@group-4EFB72C335A4-LeaderElection26] INFO  impl.RoleInfo (RoleInfo.java:shutdownLeaderElection(130)) - 33e3c0bc-8f59-462c-92be-36e05a096713: shutdown 33e3c0bc-8f59-462c-92be-36e05a096713@group-4EFB72C335A4-LeaderElection26
2022-10-13 11:29:24,743 [33e3c0bc-8f59-462c-92be-36e05a096713@group-4EFB72C335A4-LeaderElection26] INFO  server.RaftServer$Division (RaftServerImpl.java:setRole(299)) - 33e3c0bc-8f59-462c-92be-36e05a096713@group-4EFB72C335A4: changes role from CANDIDATE to LEADER at term 1 for changeToLeader
2022-10-13 11:29:24,743 [33e3c0bc-8f59-462c-92be-36e05a096713@group-4EFB72C335A4-LeaderElection26] INFO  ratis.XceiverServerRatis (XceiverServerRatis.java:handleLeaderChangedNotification(863)) - Leader change notification received for group: group-4EFB72C335A4 with new leaderId: 33e3c0bc-8f59-462c-92be-36e05a096713
2022-10-13 11:29:24,744 [33e3c0bc-8f59-462c-92be-36e05a096713@group-4EFB72C335A4-LeaderElection26] INFO  server.RaftServer$Division (ServerState.java:setLeader(287)) - 33e3c0bc-8f59-462c-92be-36e05a096713@group-4EFB72C335A4: change Leader from null to 33e3c0bc-8f59-462c-92be-36e05a096713 at term 1 for becomeLeader, leader elected after 5111ms
2022-10-13 11:29:24,744 [33e3c0bc-8f59-462c-92be-36e05a096713@group-4EFB72C335A4-LeaderElection26] INFO  server.RaftServerConfigKeys (ConfUtils.java:logGet(46)) - raft.server.staging.catchup.gap = 1000 (default)
2022-10-13 11:29:24,744 [33e3c0bc-8f59-462c-92be-36e05a096713@group-4EFB72C335A4-LeaderElection26] INFO  server.RaftServerConfigKeys (ConfUtils.java:logGet(46)) - raft.server.write.element-limit = 1024 (custom)
2022-10-13 11:29:24,744 [33e3c0bc-8f59-462c-92be-36e05a096713@group-4EFB72C335A4-LeaderElection26] INFO  server.RaftServerConfigKeys (ConfUtils.java:logGet(46)) - raft.server.write.byte-limit = 1024 M (=1073741824) (custom)
2022-10-13 11:29:24,745 [EventQueue-OpenPipelineForHealthyPipelineSafeModeRule] INFO  safemode.SCMSafeModeManager (HealthyPipelineSafeModeRule.java:process(137)) - SCM in safe mode. Healthy pipelines reported count is 0, required healthy pipeline reported count is 1
2022-10-13 11:29:24,746 [33e3c0bc-8f59-462c-92be-36e05a096713@group-4EFB72C335A4-LeaderElection26] INFO  server.RaftServerConfigKeys (ConfUtils.java:logGet(46)) - raft.server.watch.timeout = 180s (custom)
2022-10-13 11:29:24,746 [33e3c0bc-8f59-462c-92be-36e05a096713@group-4EFB72C335A4-LeaderElection26] INFO  server.RaftServerConfigKeys (ConfUtils.java:logGet(46)) - raft.server.watch.timeout.denomination = 1s (default)
2022-10-13 11:29:24,746 [33e3c0bc-8f59-462c-92be-36e05a096713@group-4EFB72C335A4-LeaderElection26] INFO  server.RaftServerConfigKeys (ConfUtils.java:logGet(46)) - raft.server.watch.element-limit = 65536 (default)
2022-10-13 11:29:24,746 [33e3c0bc-8f59-462c-92be-36e05a096713@group-4EFB72C335A4-LeaderElection26] INFO  server.RaftServerConfigKeys (ConfUtils.java:logGet(46)) - raft.server.write.element-limit = 1024 (custom)
2022-10-13 11:29:24,746 [33e3c0bc-8f59-462c-92be-36e05a096713@group-4EFB72C335A4-LeaderElection26] INFO  server.RaftServerConfigKeys (ConfUtils.java:logGet(46)) - raft.server.write.follower.gap.ratio.max = -1.0 (default)
2022-10-13 11:29:24,746 [33e3c0bc-8f59-462c-92be-36e05a096713@group-4EFB72C335A4-LeaderElection26] INFO  impl.RoleInfo (RoleInfo.java:updateAndGet(139)) - 33e3c0bc-8f59-462c-92be-36e05a096713: start 33e3c0bc-8f59-462c-92be-36e05a096713@group-4EFB72C335A4-LeaderStateImpl
2022-10-13 11:29:24,746 [33e3c0bc-8f59-462c-92be-36e05a096713@group-4EFB72C335A4-LeaderElection26] INFO  segmented.SegmentedRaftLogWorker (SegmentedRaftLogWorker.java:startLogSegment(425)) - 33e3c0bc-8f59-462c-92be-36e05a096713@group-4EFB72C335A4-SegmentedRaftLogWorker: Starting segment from index:0
2022-10-13 11:29:24,748 [33e3c0bc-8f59-462c-92be-36e05a096713@group-4EFB72C335A4-LeaderElection26] INFO  server.RaftServer$Division (ServerState.java:setRaftConf(393)) - 33e3c0bc-8f59-462c-92be-36e05a096713@group-4EFB72C335A4: set configuration 0: [33e3c0bc-8f59-462c-92be-36e05a096713|rpc:10.1.0.139:44523|dataStream:|priority:1], old=null
2022-10-13 11:29:24,748 [33e3c0bc-8f59-462c-92be-36e05a096713@group-4EFB72C335A4-SegmentedRaftLogWorker] INFO  segmented.SegmentedRaftLogWorker (SegmentedRaftLogWorker.java:execute(629)) - 33e3c0bc-8f59-462c-92be-36e05a096713@group-4EFB72C335A4-SegmentedRaftLogWorker: created new log segment /home/runner/work/ozone/ozone/hadoop-ozone/integration-test/target/test-dir/MiniOzoneClusterImpl-d2d9cd47-4a8f-47c9-ae3e-7163176d789f/datanode-1/data/ratis/6f5880c9-8143-42e8-a06c-4efb72c335a4/current/log_inprogress_0
2022-10-13 11:29:24,927 [Listener at 127.0.0.1/46741] INFO  ozone.MiniOzoneClusterImpl (MiniOzoneClusterImpl.java:lambda$waitForClusterToBeReady$0(216)) - Nodes are ready. Got 3 of 3 DN Heartbeats.
2022-10-13 11:29:24,927 [Listener at 127.0.0.1/46741] INFO  ozone.MiniOzoneClusterImpl (MiniOzoneClusterImpl.java:lambda$waitForClusterToBeReady$0(219)) - Waiting for cluster to exit safe mode
2022-10-13 11:29:24,927 [Listener at 127.0.0.1/46741] INFO  ozone.MiniOzoneClusterImpl (MiniOzoneClusterImpl.java:lambda$waitForClusterToBeReady$0(221)) - SCM became leader
2022-10-13 11:29:25,068 [7dfa6ca3-47f6-4a40-9cc4-a3bc1bb73048@group-CBE35A0FFF02-FollowerState] INFO  impl.FollowerState (FollowerState.java:run(143)) - 7dfa6ca3-47f6-4a40-9cc4-a3bc1bb73048@group-CBE35A0FFF02-FollowerState: change to CANDIDATE, lastRpcElapsedTime:5135072863ns, electionTimeout:5134ms
2022-10-13 11:29:25,068 [7dfa6ca3-47f6-4a40-9cc4-a3bc1bb73048@group-CBE35A0FFF02-FollowerState] INFO  impl.RoleInfo (RoleInfo.java:shutdownFollowerState(110)) - 7dfa6ca3-47f6-4a40-9cc4-a3bc1bb73048: shutdown 7dfa6ca3-47f6-4a40-9cc4-a3bc1bb73048@group-CBE35A0FFF02-FollowerState
2022-10-13 11:29:25,068 [7dfa6ca3-47f6-4a40-9cc4-a3bc1bb73048@group-CBE35A0FFF02-FollowerState] INFO  server.RaftServer$Division (RaftServerImpl.java:setRole(299)) - 7dfa6ca3-47f6-4a40-9cc4-a3bc1bb73048@group-CBE35A0FFF02: changes role from  FOLLOWER to CANDIDATE at term 0 for changeToCandidate
2022-10-13 11:29:25,069 [7dfa6ca3-47f6-4a40-9cc4-a3bc1bb73048@group-CBE35A0FFF02-FollowerState] INFO  server.RaftServerConfigKeys (ConfUtils.java:logGet(46)) - raft.server.leaderelection.pre-vote = false (custom)
2022-10-13 11:29:25,069 [7dfa6ca3-47f6-4a40-9cc4-a3bc1bb73048@group-CBE35A0FFF02-FollowerState] INFO  impl.RoleInfo (RoleInfo.java:updateAndGet(139)) - 7dfa6ca3-47f6-4a40-9cc4-a3bc1bb73048: start 7dfa6ca3-47f6-4a40-9cc4-a3bc1bb73048@group-CBE35A0FFF02-LeaderElection27
2022-10-13 11:29:25,076 [7dfa6ca3-47f6-4a40-9cc4-a3bc1bb73048@group-CBE35A0FFF02-LeaderElection27] INFO  impl.LeaderElection (LeaderElection.java:askForVotes(310)) - 7dfa6ca3-47f6-4a40-9cc4-a3bc1bb73048@group-CBE35A0FFF02-LeaderElection27 ELECTION round 0: submit vote requests at term 1 for -1: [7dfa6ca3-47f6-4a40-9cc4-a3bc1bb73048|rpc:10.1.0.139:46609|priority:1], old=null
2022-10-13 11:29:25,076 [7dfa6ca3-47f6-4a40-9cc4-a3bc1bb73048@group-CBE35A0FFF02-LeaderElection27] INFO  impl.LeaderElection (LeaderElection.java:askForVotes(312)) - 7dfa6ca3-47f6-4a40-9cc4-a3bc1bb73048@group-CBE35A0FFF02-LeaderElection27 ELECTION round 0: result PASSED (term=1)
2022-10-13 11:29:25,076 [7dfa6ca3-47f6-4a40-9cc4-a3bc1bb73048@group-CBE35A0FFF02-LeaderElection27] INFO  impl.RoleInfo (RoleInfo.java:shutdownLeaderElection(130)) - 7dfa6ca3-47f6-4a40-9cc4-a3bc1bb73048: shutdown 7dfa6ca3-47f6-4a40-9cc4-a3bc1bb73048@group-CBE35A0FFF02-LeaderElection27
2022-10-13 11:29:25,076 [7dfa6ca3-47f6-4a40-9cc4-a3bc1bb73048@group-CBE35A0FFF02-LeaderElection27] INFO  server.RaftServer$Division (RaftServerImpl.java:setRole(299)) - 7dfa6ca3-47f6-4a40-9cc4-a3bc1bb73048@group-CBE35A0FFF02: changes role from CANDIDATE to LEADER at term 1 for changeToLeader
2022-10-13 11:29:25,076 [7dfa6ca3-47f6-4a40-9cc4-a3bc1bb73048@group-CBE35A0FFF02-LeaderElection27] INFO  ratis.XceiverServerRatis (XceiverServerRatis.java:handleLeaderChangedNotification(863)) - Leader change notification received for group: group-CBE35A0FFF02 with new leaderId: 7dfa6ca3-47f6-4a40-9cc4-a3bc1bb73048
2022-10-13 11:29:25,077 [7dfa6ca3-47f6-4a40-9cc4-a3bc1bb73048@group-CBE35A0FFF02-LeaderElection27] INFO  server.RaftServer$Division (ServerState.java:setLeader(287)) - 7dfa6ca3-47f6-4a40-9cc4-a3bc1bb73048@group-CBE35A0FFF02: change Leader from null to 7dfa6ca3-47f6-4a40-9cc4-a3bc1bb73048 at term 1 for becomeLeader, leader elected after 5149ms
2022-10-13 11:29:25,077 [7dfa6ca3-47f6-4a40-9cc4-a3bc1bb73048@group-CBE35A0FFF02-LeaderElection27] INFO  server.RaftServerConfigKeys (ConfUtils.java:logGet(46)) - raft.server.staging.catchup.gap = 1000 (default)
2022-10-13 11:29:25,077 [7dfa6ca3-47f6-4a40-9cc4-a3bc1bb73048@group-CBE35A0FFF02-LeaderElection27] INFO  server.RaftServerConfigKeys (ConfUtils.java:logGet(46)) - raft.server.write.element-limit = 1024 (custom)
2022-10-13 11:29:25,077 [7dfa6ca3-47f6-4a40-9cc4-a3bc1bb73048@group-CBE35A0FFF02-LeaderElection27] INFO  server.RaftServerConfigKeys (ConfUtils.java:logGet(46)) - raft.server.write.byte-limit = 1024 M (=1073741824) (custom)
2022-10-13 11:29:25,077 [7dfa6ca3-47f6-4a40-9cc4-a3bc1bb73048@group-CBE35A0FFF02-LeaderElection27] INFO  server.RaftServerConfigKeys (ConfUtils.java:logGet(46)) - raft.server.watch.timeout = 180s (custom)
2022-10-13 11:29:25,077 [7dfa6ca3-47f6-4a40-9cc4-a3bc1bb73048@group-CBE35A0FFF02-LeaderElection27] INFO  server.RaftServerConfigKeys (ConfUtils.java:logGet(46)) - raft.server.watch.timeout.denomination = 1s (default)
2022-10-13 11:29:25,077 [7dfa6ca3-47f6-4a40-9cc4-a3bc1bb73048@group-CBE35A0FFF02-LeaderElection27] INFO  server.RaftServerConfigKeys (ConfUtils.java:logGet(46)) - raft.server.watch.element-limit = 65536 (default)
2022-10-13 11:29:25,078 [7dfa6ca3-47f6-4a40-9cc4-a3bc1bb73048@group-CBE35A0FFF02-LeaderElection27] INFO  server.RaftServerConfigKeys (ConfUtils.java:logGet(46)) - raft.server.write.element-limit = 1024 (custom)
2022-10-13 11:29:25,078 [7dfa6ca3-47f6-4a40-9cc4-a3bc1bb73048@group-CBE35A0FFF02-LeaderElection27] INFO  server.RaftServerConfigKeys (ConfUtils.java:logGet(46)) - raft.server.write.follower.gap.ratio.max = -1.0 (default)
2022-10-13 11:29:25,078 [EventQueue-OpenPipelineForHealthyPipelineSafeModeRule] INFO  safemode.SCMSafeModeManager (HealthyPipelineSafeModeRule.java:process(137)) - SCM in safe mode. Healthy pipelines reported count is 0, required healthy pipeline reported count is 1
2022-10-13 11:29:25,079 [7dfa6ca3-47f6-4a40-9cc4-a3bc1bb73048@group-CBE35A0FFF02-LeaderElection27] INFO  impl.RoleInfo (RoleInfo.java:updateAndGet(139)) - 7dfa6ca3-47f6-4a40-9cc4-a3bc1bb73048: start 7dfa6ca3-47f6-4a40-9cc4-a3bc1bb73048@group-CBE35A0FFF02-LeaderStateImpl
2022-10-13 11:29:25,079 [7dfa6ca3-47f6-4a40-9cc4-a3bc1bb73048@group-CBE35A0FFF02-LeaderElection27] INFO  segmented.SegmentedRaftLogWorker (SegmentedRaftLogWorker.java:startLogSegment(425)) - 7dfa6ca3-47f6-4a40-9cc4-a3bc1bb73048@group-CBE35A0FFF02-SegmentedRaftLogWorker: Starting segment from index:0
2022-10-13 11:29:25,080 [7dfa6ca3-47f6-4a40-9cc4-a3bc1bb73048@group-CBE35A0FFF02-LeaderElection27] INFO  server.RaftServer$Division (ServerState.java:setRaftConf(393)) - 7dfa6ca3-47f6-4a40-9cc4-a3bc1bb73048@group-CBE35A0FFF02: set configuration 0: [7dfa6ca3-47f6-4a40-9cc4-a3bc1bb73048|rpc:10.1.0.139:46609|dataStream:|priority:1], old=null
2022-10-13 11:29:25,081 [7dfa6ca3-47f6-4a40-9cc4-a3bc1bb73048@group-CBE35A0FFF02-SegmentedRaftLogWorker] INFO  segmented.SegmentedRaftLogWorker (SegmentedRaftLogWorker.java:execute(629)) - 7dfa6ca3-47f6-4a40-9cc4-a3bc1bb73048@group-CBE35A0FFF02-SegmentedRaftLogWorker: created new log segment /home/runner/work/ozone/ozone/hadoop-ozone/integration-test/target/test-dir/MiniOzoneClusterImpl-d2d9cd47-4a8f-47c9-ae3e-7163176d789f/datanode-2/data/ratis/b635b23e-3a25-4b13-bbea-cbe35a0fff02/current/log_inprogress_0
2022-10-13 11:29:25,928 [Listener at 127.0.0.1/46741] INFO  ozone.MiniOzoneClusterImpl (MiniOzoneClusterImpl.java:lambda$waitForClusterToBeReady$0(216)) - Nodes are ready. Got 3 of 3 DN Heartbeats.
2022-10-13 11:29:25,928 [Listener at 127.0.0.1/46741] INFO  ozone.MiniOzoneClusterImpl (MiniOzoneClusterImpl.java:lambda$waitForClusterToBeReady$0(219)) - Waiting for cluster to exit safe mode
2022-10-13 11:29:25,928 [Listener at 127.0.0.1/46741] INFO  ozone.MiniOzoneClusterImpl (MiniOzoneClusterImpl.java:lambda$waitForClusterToBeReady$0(221)) - SCM became leader
2022-10-13 11:29:26,928 [Listener at 127.0.0.1/46741] INFO  ozone.MiniOzoneClusterImpl (MiniOzoneClusterImpl.java:lambda$waitForClusterToBeReady$0(216)) - Nodes are ready. Got 3 of 3 DN Heartbeats.
2022-10-13 11:29:26,928 [Listener at 127.0.0.1/46741] INFO  ozone.MiniOzoneClusterImpl (MiniOzoneClusterImpl.java:lambda$waitForClusterToBeReady$0(219)) - Waiting for cluster to exit safe mode
2022-10-13 11:29:26,929 [Listener at 127.0.0.1/46741] INFO  ozone.MiniOzoneClusterImpl (MiniOzoneClusterImpl.java:lambda$waitForClusterToBeReady$0(221)) - SCM became leader
2022-10-13 11:29:27,929 [Listener at 127.0.0.1/46741] INFO  ozone.MiniOzoneClusterImpl (MiniOzoneClusterImpl.java:lambda$waitForClusterToBeReady$0(216)) - Nodes are ready. Got 3 of 3 DN Heartbeats.
2022-10-13 11:29:27,929 [Listener at 127.0.0.1/46741] INFO  ozone.MiniOzoneClusterImpl (MiniOzoneClusterImpl.java:lambda$waitForClusterToBeReady$0(219)) - Waiting for cluster to exit safe mode
2022-10-13 11:29:27,929 [Listener at 127.0.0.1/46741] INFO  ozone.MiniOzoneClusterImpl (MiniOzoneClusterImpl.java:lambda$waitForClusterToBeReady$0(221)) - SCM became leader
2022-10-13 11:29:28,930 [Listener at 127.0.0.1/46741] INFO  ozone.MiniOzoneClusterImpl (MiniOzoneClusterImpl.java:lambda$waitForClusterToBeReady$0(216)) - Nodes are ready. Got 3 of 3 DN Heartbeats.
2022-10-13 11:29:28,930 [Listener at 127.0.0.1/46741] INFO  ozone.MiniOzoneClusterImpl (MiniOzoneClusterImpl.java:lambda$waitForClusterToBeReady$0(219)) - Waiting for cluster to exit safe mode
2022-10-13 11:29:28,930 [Listener at 127.0.0.1/46741] INFO  ozone.MiniOzoneClusterImpl (MiniOzoneClusterImpl.java:lambda$waitForClusterToBeReady$0(221)) - SCM became leader
2022-10-13 11:29:29,592 [eb006ac0-056f-4f1a-b412-99697cc0034b@group-1D47BAB5DA1D-FollowerState] INFO  impl.FollowerState (FollowerState.java:run(143)) - eb006ac0-056f-4f1a-b412-99697cc0034b@group-1D47BAB5DA1D-FollowerState: change to CANDIDATE, lastRpcElapsedTime:5050252265ns, electionTimeout:5044ms
2022-10-13 11:29:29,592 [eb006ac0-056f-4f1a-b412-99697cc0034b@group-1D47BAB5DA1D-FollowerState] INFO  impl.RoleInfo (RoleInfo.java:shutdownFollowerState(110)) - eb006ac0-056f-4f1a-b412-99697cc0034b: shutdown eb006ac0-056f-4f1a-b412-99697cc0034b@group-1D47BAB5DA1D-FollowerState
2022-10-13 11:29:29,592 [eb006ac0-056f-4f1a-b412-99697cc0034b@group-1D47BAB5DA1D-FollowerState] INFO  server.RaftServer$Division (RaftServerImpl.java:setRole(299)) - eb006ac0-056f-4f1a-b412-99697cc0034b@group-1D47BAB5DA1D: changes role from  FOLLOWER to CANDIDATE at term 1 for changeToCandidate
2022-10-13 11:29:29,592 [eb006ac0-056f-4f1a-b412-99697cc0034b@group-1D47BAB5DA1D-FollowerState] INFO  server.RaftServerConfigKeys (ConfUtils.java:logGet(46)) - raft.server.leaderelection.pre-vote = false (custom)
2022-10-13 11:29:29,592 [eb006ac0-056f-4f1a-b412-99697cc0034b@group-1D47BAB5DA1D-FollowerState] INFO  impl.RoleInfo (RoleInfo.java:updateAndGet(139)) - eb006ac0-056f-4f1a-b412-99697cc0034b: start eb006ac0-056f-4f1a-b412-99697cc0034b@group-1D47BAB5DA1D-LeaderElection28
2022-10-13 11:29:29,595 [eb006ac0-056f-4f1a-b412-99697cc0034b@group-1D47BAB5DA1D-LeaderElection28] INFO  impl.LeaderElection (LeaderElection.java:askForVotes(310)) - eb006ac0-056f-4f1a-b412-99697cc0034b@group-1D47BAB5DA1D-LeaderElection28 ELECTION round 0: submit vote requests at term 2 for -1: [eb006ac0-056f-4f1a-b412-99697cc0034b|rpc:10.1.0.139:40859|priority:1, 33e3c0bc-8f59-462c-92be-36e05a096713|rpc:10.1.0.139:44523|priority:0, 7dfa6ca3-47f6-4a40-9cc4-a3bc1bb73048|rpc:10.1.0.139:46609|priority:0], old=null
2022-10-13 11:29:29,598 [grpc-default-executor-1] INFO  server.RaftServer$Division (RaftServerImpl.java:requestVote(1152)) - 33e3c0bc-8f59-462c-92be-36e05a096713@group-1D47BAB5DA1D: receive requestVote(ELECTION, eb006ac0-056f-4f1a-b412-99697cc0034b, group-1D47BAB5DA1D, 2, (t:0, i:0))
2022-10-13 11:29:29,598 [grpc-default-executor-1] INFO  impl.VoteContext (VoteContext.java:log(48)) - 33e3c0bc-8f59-462c-92be-36e05a096713@group-1D47BAB5DA1D-FOLLOWER: accept ELECTION from eb006ac0-056f-4f1a-b412-99697cc0034b: our priority 0 <= candidate's priority 1
2022-10-13 11:29:29,598 [grpc-default-executor-1] INFO  server.RaftServer$Division (RaftServerImpl.java:setRole(299)) - 33e3c0bc-8f59-462c-92be-36e05a096713@group-1D47BAB5DA1D: changes role from  FOLLOWER to FOLLOWER at term 2 for candidate:eb006ac0-056f-4f1a-b412-99697cc0034b
2022-10-13 11:29:29,599 [grpc-default-executor-1] INFO  impl.RoleInfo (RoleInfo.java:shutdownFollowerState(110)) - 33e3c0bc-8f59-462c-92be-36e05a096713: shutdown 33e3c0bc-8f59-462c-92be-36e05a096713@group-1D47BAB5DA1D-FollowerState
2022-10-13 11:29:29,599 [grpc-default-executor-1] INFO  impl.RoleInfo (RoleInfo.java:updateAndGet(139)) - 33e3c0bc-8f59-462c-92be-36e05a096713: start 33e3c0bc-8f59-462c-92be-36e05a096713@group-1D47BAB5DA1D-FollowerState
2022-10-13 11:29:29,599 [33e3c0bc-8f59-462c-92be-36e05a096713@group-1D47BAB5DA1D-FollowerState] INFO  impl.FollowerState (FollowerState.java:run(152)) - 33e3c0bc-8f59-462c-92be-36e05a096713@group-1D47BAB5DA1D-FollowerState was interrupted
2022-10-13 11:29:29,600 [grpc-default-executor-1] INFO  server.RaftServer$Division (RaftServerImpl.java:requestVote(1184)) - 33e3c0bc-8f59-462c-92be-36e05a096713@group-1D47BAB5DA1D replies to ELECTION vote request: eb006ac0-056f-4f1a-b412-99697cc0034b<-33e3c0bc-8f59-462c-92be-36e05a096713#0:OK-t2. Peer's state: 33e3c0bc-8f59-462c-92be-36e05a096713@group-1D47BAB5DA1D:t2, leader=null, voted=eb006ac0-056f-4f1a-b412-99697cc0034b, raftlog=33e3c0bc-8f59-462c-92be-36e05a096713@group-1D47BAB5DA1D-SegmentedRaftLog:OPENED:c-1, conf=-1: [eb006ac0-056f-4f1a-b412-99697cc0034b|rpc:10.1.0.139:40859|dataStream:|priority:1, 33e3c0bc-8f59-462c-92be-36e05a096713|rpc:10.1.0.139:44523|dataStream:|priority:0, 7dfa6ca3-47f6-4a40-9cc4-a3bc1bb73048|rpc:10.1.0.139:46609|dataStream:|priority:0], old=null
2022-10-13 11:29:29,603 [eb006ac0-056f-4f1a-b412-99697cc0034b@group-1D47BAB5DA1D-LeaderElection28] INFO  impl.LeaderElection (LeaderElection.java:logAndReturn(90)) - eb006ac0-056f-4f1a-b412-99697cc0034b@group-1D47BAB5DA1D-LeaderElection28: ELECTION PASSED received 1 response(s) and 0 exception(s):
2022-10-13 11:29:29,603 [eb006ac0-056f-4f1a-b412-99697cc0034b@group-1D47BAB5DA1D-LeaderElection28] INFO  impl.LeaderElection (LeaderElection.java:logAndReturn(94)) -   Response 0: eb006ac0-056f-4f1a-b412-99697cc0034b<-33e3c0bc-8f59-462c-92be-36e05a096713#0:OK-t2
2022-10-13 11:29:29,603 [grpc-default-executor-0] INFO  server.RaftServer$Division (RaftServerImpl.java:requestVote(1152)) - 7dfa6ca3-47f6-4a40-9cc4-a3bc1bb73048@group-1D47BAB5DA1D: receive requestVote(ELECTION, eb006ac0-056f-4f1a-b412-99697cc0034b, group-1D47BAB5DA1D, 2, (t:0, i:0))
2022-10-13 11:29:29,603 [eb006ac0-056f-4f1a-b412-99697cc0034b@group-1D47BAB5DA1D-LeaderElection28] INFO  impl.LeaderElection (LeaderElection.java:askForVotes(312)) - eb006ac0-056f-4f1a-b412-99697cc0034b@group-1D47BAB5DA1D-LeaderElection28 ELECTION round 0: result PASSED
2022-10-13 11:29:29,603 [grpc-default-executor-0] INFO  impl.VoteContext (VoteContext.java:log(48)) - 7dfa6ca3-47f6-4a40-9cc4-a3bc1bb73048@group-1D47BAB5DA1D-FOLLOWER: accept ELECTION from eb006ac0-056f-4f1a-b412-99697cc0034b: our priority 0 <= candidate's priority 1
2022-10-13 11:29:29,603 [grpc-default-executor-0] INFO  server.RaftServer$Division (RaftServerImpl.java:setRole(299)) - 7dfa6ca3-47f6-4a40-9cc4-a3bc1bb73048@group-1D47BAB5DA1D: changes role from  FOLLOWER to FOLLOWER at term 2 for candidate:eb006ac0-056f-4f1a-b412-99697cc0034b
2022-10-13 11:29:29,603 [grpc-default-executor-0] INFO  impl.RoleInfo (RoleInfo.java:shutdownFollowerState(110)) - 7dfa6ca3-47f6-4a40-9cc4-a3bc1bb73048: shutdown 7dfa6ca3-47f6-4a40-9cc4-a3bc1bb73048@group-1D47BAB5DA1D-FollowerState
2022-10-13 11:29:29,604 [grpc-default-executor-0] INFO  impl.RoleInfo (RoleInfo.java:updateAndGet(139)) - 7dfa6ca3-47f6-4a40-9cc4-a3bc1bb73048: start 7dfa6ca3-47f6-4a40-9cc4-a3bc1bb73048@group-1D47BAB5DA1D-FollowerState
2022-10-13 11:29:29,604 [7dfa6ca3-47f6-4a40-9cc4-a3bc1bb73048@group-1D47BAB5DA1D-FollowerState] INFO  impl.FollowerState (FollowerState.java:run(152)) - 7dfa6ca3-47f6-4a40-9cc4-a3bc1bb73048@group-1D47BAB5DA1D-FollowerState was interrupted
2022-10-13 11:29:29,603 [eb006ac0-056f-4f1a-b412-99697cc0034b@group-1D47BAB5DA1D-LeaderElection28] INFO  impl.RoleInfo (RoleInfo.java:shutdownLeaderElection(130)) - eb006ac0-056f-4f1a-b412-99697cc0034b: shutdown eb006ac0-056f-4f1a-b412-99697cc0034b@group-1D47BAB5DA1D-LeaderElection28
2022-10-13 11:29:29,604 [eb006ac0-056f-4f1a-b412-99697cc0034b@group-1D47BAB5DA1D-LeaderElection28] INFO  server.RaftServer$Division (RaftServerImpl.java:setRole(299)) - eb006ac0-056f-4f1a-b412-99697cc0034b@group-1D47BAB5DA1D: changes role from CANDIDATE to LEADER at term 2 for changeToLeader
2022-10-13 11:29:29,604 [eb006ac0-056f-4f1a-b412-99697cc0034b@group-1D47BAB5DA1D-LeaderElection28] INFO  ratis.XceiverServerRatis (XceiverServerRatis.java:handleLeaderChangedNotification(863)) - Leader change notification received for group: group-1D47BAB5DA1D with new leaderId: eb006ac0-056f-4f1a-b412-99697cc0034b
2022-10-13 11:29:29,606 [grpc-default-executor-0] INFO  server.RaftServer$Division (RaftServerImpl.java:requestVote(1184)) - 7dfa6ca3-47f6-4a40-9cc4-a3bc1bb73048@group-1D47BAB5DA1D replies to ELECTION vote request: eb006ac0-056f-4f1a-b412-99697cc0034b<-7dfa6ca3-47f6-4a40-9cc4-a3bc1bb73048#0:OK-t2. Peer's state: 7dfa6ca3-47f6-4a40-9cc4-a3bc1bb73048@group-1D47BAB5DA1D:t2, leader=null, voted=eb006ac0-056f-4f1a-b412-99697cc0034b, raftlog=7dfa6ca3-47f6-4a40-9cc4-a3bc1bb73048@group-1D47BAB5DA1D-SegmentedRaftLog:OPENED:c-1, conf=-1: [eb006ac0-056f-4f1a-b412-99697cc0034b|rpc:10.1.0.139:40859|dataStream:|priority:1, 33e3c0bc-8f59-462c-92be-36e05a096713|rpc:10.1.0.139:44523|dataStream:|priority:0, 7dfa6ca3-47f6-4a40-9cc4-a3bc1bb73048|rpc:10.1.0.139:46609|dataStream:|priority:0], old=null
2022-10-13 11:29:29,606 [eb006ac0-056f-4f1a-b412-99697cc0034b@group-1D47BAB5DA1D-LeaderElection28] INFO  server.RaftServer$Division (ServerState.java:setLeader(287)) - eb006ac0-056f-4f1a-b412-99697cc0034b@group-1D47BAB5DA1D: change Leader from null to eb006ac0-056f-4f1a-b412-99697cc0034b at term 2 for becomeLeader, leader elected after 10237ms
2022-10-13 11:29:29,606 [eb006ac0-056f-4f1a-b412-99697cc0034b@group-1D47BAB5DA1D-LeaderElection28] INFO  server.RaftServerConfigKeys (ConfUtils.java:logGet(46)) - raft.server.staging.catchup.gap = 1000 (default)
2022-10-13 11:29:29,606 [eb006ac0-056f-4f1a-b412-99697cc0034b@group-1D47BAB5DA1D-LeaderElection28] INFO  server.RaftServerConfigKeys (ConfUtils.java:logGet(46)) - raft.server.write.element-limit = 1024 (custom)
2022-10-13 11:29:29,606 [eb006ac0-056f-4f1a-b412-99697cc0034b@group-1D47BAB5DA1D-LeaderElection28] INFO  server.RaftServerConfigKeys (ConfUtils.java:logGet(46)) - raft.server.write.byte-limit = 1024 M (=1073741824) (custom)
2022-10-13 11:29:29,608 [33e3c0bc-8f59-462c-92be-36e05a096713@group-51B49EDE02F1-FollowerState] INFO  impl.FollowerState (FollowerState.java:run(143)) - 33e3c0bc-8f59-462c-92be-36e05a096713@group-51B49EDE02F1-FollowerState: change to CANDIDATE, lastRpcElapsedTime:5045402544ns, electionTimeout:5043ms
2022-10-13 11:29:29,608 [33e3c0bc-8f59-462c-92be-36e05a096713@group-51B49EDE02F1-FollowerState] INFO  impl.RoleInfo (RoleInfo.java:shutdownFollowerState(110)) - 33e3c0bc-8f59-462c-92be-36e05a096713: shutdown 33e3c0bc-8f59-462c-92be-36e05a096713@group-51B49EDE02F1-FollowerState
2022-10-13 11:29:29,608 [33e3c0bc-8f59-462c-92be-36e05a096713@group-51B49EDE02F1-FollowerState] INFO  server.RaftServer$Division (RaftServerImpl.java:setRole(299)) - 33e3c0bc-8f59-462c-92be-36e05a096713@group-51B49EDE02F1: changes role from  FOLLOWER to CANDIDATE at term 1 for changeToCandidate
2022-10-13 11:29:29,608 [33e3c0bc-8f59-462c-92be-36e05a096713@group-51B49EDE02F1-FollowerState] INFO  server.RaftServerConfigKeys (ConfUtils.java:logGet(46)) - raft.server.leaderelection.pre-vote = false (custom)
2022-10-13 11:29:29,608 [33e3c0bc-8f59-462c-92be-36e05a096713@group-51B49EDE02F1-FollowerState] INFO  impl.RoleInfo (RoleInfo.java:updateAndGet(139)) - 33e3c0bc-8f59-462c-92be-36e05a096713: start 33e3c0bc-8f59-462c-92be-36e05a096713@group-51B49EDE02F1-LeaderElection29
2022-10-13 11:29:29,608 [eb006ac0-056f-4f1a-b412-99697cc0034b@group-1D47BAB5DA1D-LeaderElection28] INFO  server.RaftServerConfigKeys (ConfUtils.java:logGet(46)) - raft.server.watch.timeout = 180s (custom)
2022-10-13 11:29:29,608 [eb006ac0-056f-4f1a-b412-99697cc0034b@group-1D47BAB5DA1D-LeaderElection28] INFO  server.RaftServerConfigKeys (ConfUtils.java:logGet(46)) - raft.server.watch.timeout.denomination = 1s (default)
2022-10-13 11:29:29,608 [eb006ac0-056f-4f1a-b412-99697cc0034b@group-1D47BAB5DA1D-LeaderElection28] INFO  server.RaftServerConfigKeys (ConfUtils.java:logGet(46)) - raft.server.watch.element-limit = 65536 (default)
2022-10-13 11:29:29,608 [eb006ac0-056f-4f1a-b412-99697cc0034b@group-1D47BAB5DA1D-LeaderElection28] INFO  server.RaftServerConfigKeys (ConfUtils.java:logGet(46)) - raft.server.write.element-limit = 1024 (custom)
2022-10-13 11:29:29,609 [eb006ac0-056f-4f1a-b412-99697cc0034b@group-1D47BAB5DA1D-LeaderElection28] INFO  server.RaftServerConfigKeys (ConfUtils.java:logGet(46)) - raft.server.write.follower.gap.ratio.max = -1.0 (default)
2022-10-13 11:29:29,609 [eb006ac0-056f-4f1a-b412-99697cc0034b@group-1D47BAB5DA1D-LeaderElection28] INFO  server.RaftServerConfigKeys (ConfUtils.java:logGet(46)) - raft.server.log.appender.snapshot.chunk.size.max = 16MB (=16777216) (default)
2022-10-13 11:29:29,609 [eb006ac0-056f-4f1a-b412-99697cc0034b@group-1D47BAB5DA1D-LeaderElection28] INFO  server.RaftServerConfigKeys (ConfUtils.java:logGet(46)) - raft.server.log.appender.buffer.byte-limit = 33554432 (custom)
2022-10-13 11:29:29,609 [eb006ac0-056f-4f1a-b412-99697cc0034b@group-1D47BAB5DA1D-LeaderElection28] INFO  server.RaftServerConfigKeys (ConfUtils.java:logGet(46)) - raft.server.log.appender.buffer.element-limit = 1 (custom)
2022-10-13 11:29:29,610 [eb006ac0-056f-4f1a-b412-99697cc0034b@group-1D47BAB5DA1D-LeaderElection28] INFO  grpc.GrpcConfigKeys (ConfUtils.java:logGet(46)) - raft.grpc.server.leader.outstanding.appends.max = 128 (default)
2022-10-13 11:29:29,610 [eb006ac0-056f-4f1a-b412-99697cc0034b@group-1D47BAB5DA1D-LeaderElection28] INFO  server.RaftServerConfigKeys (ConfUtils.java:logGet(46)) - raft.server.rpc.request.timeout = 60s (custom)
2022-10-13 11:29:29,610 [eb006ac0-056f-4f1a-b412-99697cc0034b@group-1D47BAB5DA1D-LeaderElection28] INFO  server.RaftServerConfigKeys (ConfUtils.java:logGet(46)) - raft.server.log.appender.install.snapshot.enabled = false (custom)
2022-10-13 11:29:29,611 [eb006ac0-056f-4f1a-b412-99697cc0034b@group-1D47BAB5DA1D-LeaderElection28] INFO  server.RaftServerConfigKeys (ConfUtils.java:logGet(46)) - raft.server.log.appender.snapshot.chunk.size.max = 16MB (=16777216) (default)
2022-10-13 11:29:29,611 [eb006ac0-056f-4f1a-b412-99697cc0034b@group-1D47BAB5DA1D-LeaderElection28] INFO  server.RaftServerConfigKeys (ConfUtils.java:logGet(46)) - raft.server.log.appender.buffer.byte-limit = 33554432 (custom)
2022-10-13 11:29:29,611 [eb006ac0-056f-4f1a-b412-99697cc0034b@group-1D47BAB5DA1D-LeaderElection28] INFO  server.RaftServerConfigKeys (ConfUtils.java:logGet(46)) - raft.server.log.appender.buffer.element-limit = 1 (custom)
2022-10-13 11:29:29,611 [eb006ac0-056f-4f1a-b412-99697cc0034b@group-1D47BAB5DA1D-LeaderElection28] INFO  grpc.GrpcConfigKeys (ConfUtils.java:logGet(46)) - raft.grpc.server.leader.outstanding.appends.max = 128 (default)
2022-10-13 11:29:29,611 [eb006ac0-056f-4f1a-b412-99697cc0034b@group-1D47BAB5DA1D-LeaderElection28] INFO  server.RaftServerConfigKeys (ConfUtils.java:logGet(46)) - raft.server.rpc.request.timeout = 60s (custom)
2022-10-13 11:29:29,611 [eb006ac0-056f-4f1a-b412-99697cc0034b@group-1D47BAB5DA1D-LeaderElection28] INFO  server.RaftServerConfigKeys (ConfUtils.java:logGet(46)) - raft.server.log.appender.install.snapshot.enabled = false (custom)
2022-10-13 11:29:29,611 [eb006ac0-056f-4f1a-b412-99697cc0034b@group-1D47BAB5DA1D-LeaderElection28] INFO  impl.RoleInfo (RoleInfo.java:updateAndGet(139)) - eb006ac0-056f-4f1a-b412-99697cc0034b: start eb006ac0-056f-4f1a-b412-99697cc0034b@group-1D47BAB5DA1D-LeaderStateImpl
2022-10-13 11:29:29,612 [eb006ac0-056f-4f1a-b412-99697cc0034b@group-1D47BAB5DA1D-LeaderElection28] INFO  segmented.SegmentedRaftLogWorker (SegmentedRaftLogWorker.java:startLogSegment(425)) - eb006ac0-056f-4f1a-b412-99697cc0034b@group-1D47BAB5DA1D-SegmentedRaftLogWorker: Starting segment from index:0
2022-10-13 11:29:29,614 [EventQueue-PipelineReportForPipelineReportHandler] INFO  pipeline.PipelineManagerImpl (PipelineManagerImpl.java:openPipeline(367)) - Pipeline Pipeline[ Id: 803385ca-4de3-4179-b4ce-1d47bab5da1d, Nodes: 33e3c0bc-8f59-462c-92be-36e05a096713{ip: 10.1.0.139, host: fv-az447-90.tnmeiuxxsqeu3byeydcnbj0j5d.dx.internal.cloudapp.net, ports: [REPLICATION=44249, RATIS=44523, RATIS_ADMIN=44523, RATIS_SERVER=44523, STANDALONE=40475], networkLocation: /default-rack, certSerialId: null, persistedOpState: IN_SERVICE, persistedOpStateExpiryEpochSec: 0}eb006ac0-056f-4f1a-b412-99697cc0034b{ip: 10.1.0.139, host: fv-az447-90.tnmeiuxxsqeu3byeydcnbj0j5d.dx.internal.cloudapp.net, ports: [REPLICATION=37465, RATIS=40859, RATIS_ADMIN=40859, RATIS_SERVER=40859, STANDALONE=41941], networkLocation: /default-rack, certSerialId: null, persistedOpState: IN_SERVICE, persistedOpStateExpiryEpochSec: 0}7dfa6ca3-47f6-4a40-9cc4-a3bc1bb73048{ip: 10.1.0.139, host: fv-az447-90.tnmeiuxxsqeu3byeydcnbj0j5d.dx.internal.cloudapp.net, ports: [REPLICATION=42383, RATIS=46609, RATIS_ADMIN=46609, RATIS_SERVER=46609, STANDALONE=40315], networkLocation: /default-rack, certSerialId: null, persistedOpState: IN_SERVICE, persistedOpStateExpiryEpochSec: 0}, ReplicationConfig: RATIS/THREE, State:ALLOCATED, leaderId:eb006ac0-056f-4f1a-b412-99697cc0034b, CreationTimestamp2022-10-13T11:29:16.924Z[Etc/UTC]] moved to OPEN state
2022-10-13 11:29:29,615 [EventQueue-OpenPipelineForHealthyPipelineSafeModeRule] INFO  safemode.SCMSafeModeManager (HealthyPipelineSafeModeRule.java:process(137)) - SCM in safe mode. Healthy pipelines reported count is 1, required healthy pipeline reported count is 1
2022-10-13 11:29:29,615 [eb006ac0-056f-4f1a-b412-99697cc0034b@group-1D47BAB5DA1D-SegmentedRaftLogWorker] INFO  segmented.SegmentedRaftLogWorker (SegmentedRaftLogWorker.java:execute(629)) - eb006ac0-056f-4f1a-b412-99697cc0034b@group-1D47BAB5DA1D-SegmentedRaftLogWorker: created new log segment /home/runner/work/ozone/ozone/hadoop-ozone/integration-test/target/test-dir/MiniOzoneClusterImpl-d2d9cd47-4a8f-47c9-ae3e-7163176d789f/datanode-0/data/ratis/803385ca-4de3-4179-b4ce-1d47bab5da1d/current/log_inprogress_0
2022-10-13 11:29:29,615 [EventQueue-OpenPipelineForHealthyPipelineSafeModeRule] INFO  safemode.SCMSafeModeManager (SCMSafeModeManager.java:validateSafeModeExitRules(204)) - HealthyPipelineSafeModeRule rule is successfully validated
2022-10-13 11:29:29,615 [EventQueue-OpenPipelineForHealthyPipelineSafeModeRule] INFO  safemode.SCMSafeModeManager (SCMSafeModeManager.java:validateSafeModeExitRules(219)) - ScmSafeModeManager, all rules are successfully validated
2022-10-13 11:29:29,615 [EventQueue-OpenPipelineForHealthyPipelineSafeModeRule] INFO  safemode.SCMSafeModeManager (SCMSafeModeManager.java:exitSafeMode(248)) - SCM exiting safe mode.
2022-10-13 11:29:29,615 [EventQueue-OpenPipelineForHealthyPipelineSafeModeRule] WARN  events.EventQueue (EventQueue.java:fireEvent(216)) - No event handler registered for event TypedEvent{payloadType=SafeModeStatus, name='Safe mode status'}
2022-10-13 11:29:29,615 [EventQueue-OpenPipelineForHealthyPipelineSafeModeRule] INFO  ha.SCMContext (SCMContext.java:updateSafeModeStatus(228)) - Update SafeModeStatus from SafeModeStatus{safeModeStatus=true, preCheckPassed=true} to SafeModeStatus{safeModeStatus=false, preCheckPassed=true}.
2022-10-13 11:29:29,615 [EventQueue-OpenPipelineForHealthyPipelineSafeModeRule] INFO  pipeline.BackgroundPipelineCreator (BackgroundPipelineCreator.java:notifyStatusChanged(254)) - Service BackgroundPipelineCreator transitions to RUNNING.
2022-10-13 11:29:29,615 [EventQueue-OpenPipelineForHealthyPipelineSafeModeRule] INFO  BackgroundPipelineScrubber (BackgroundSCMService.java:notifyStatusChanged(82)) - Service BackgroundPipelineScrubber transitions to RUNNING.
2022-10-13 11:29:29,615 [EventQueue-OpenPipelineForHealthyPipelineSafeModeRule] INFO  ExpiredContainerReplicaOpScrubber (BackgroundSCMService.java:notifyStatusChanged(82)) - Service ExpiredContainerReplicaOpScrubber transitions to RUNNING.
2022-10-13 11:29:29,615 [EventQueue-OpenPipelineForHealthyPipelineSafeModeRule] INFO  replication.ReplicationManager (ReplicationManager.java:notifyStatusChanged(728)) - Service ReplicationManager transitions to RUNNING.
2022-10-13 11:29:29,615 [EventQueue-OpenPipelineForHealthyPipelineSafeModeRule] WARN  balancer.ContainerBalancer (ContainerBalancer.java:shouldRun(936)) - Could not find persisted configuration for ContainerBalancer when checking if ContainerBalancer should run. ContainerBalancer should not run now.
2022-10-13 11:29:29,623 [33e3c0bc-8f59-462c-92be-36e05a096713@group-51B49EDE02F1-LeaderElection29] INFO  impl.LeaderElection (LeaderElection.java:askForVotes(310)) - 33e3c0bc-8f59-462c-92be-36e05a096713@group-51B49EDE02F1-LeaderElection29 ELECTION round 0: submit vote requests at term 2 for -1: [eb006ac0-056f-4f1a-b412-99697cc0034b|rpc:10.1.0.139:40859|dataStream:|priority:0, 33e3c0bc-8f59-462c-92be-36e05a096713|rpc:10.1.0.139:44523|dataStream:|priority:0, 7dfa6ca3-47f6-4a40-9cc4-a3bc1bb73048|rpc:10.1.0.139:46609|dataStream:|priority:1], old=null
2022-10-13 11:29:29,627 [eb006ac0-056f-4f1a-b412-99697cc0034b@group-51B49EDE02F1-FollowerState] INFO  impl.FollowerState (FollowerState.java:run(143)) - eb006ac0-056f-4f1a-b412-99697cc0034b@group-51B49EDE02F1-FollowerState: change to CANDIDATE, lastRpcElapsedTime:5050034663ns, electionTimeout:5047ms
2022-10-13 11:29:29,627 [eb006ac0-056f-4f1a-b412-99697cc0034b@group-51B49EDE02F1-FollowerState] INFO  impl.RoleInfo (RoleInfo.java:shutdownFollowerState(110)) - eb006ac0-056f-4f1a-b412-99697cc0034b: shutdown eb006ac0-056f-4f1a-b412-99697cc0034b@group-51B49EDE02F1-FollowerState
2022-10-13 11:29:29,628 [eb006ac0-056f-4f1a-b412-99697cc0034b@group-51B49EDE02F1-FollowerState] INFO  server.RaftServer$Division (RaftServerImpl.java:setRole(299)) - eb006ac0-056f-4f1a-b412-99697cc0034b@group-51B49EDE02F1: changes role from  FOLLOWER to CANDIDATE at term 1 for changeToCandidate
2022-10-13 11:29:29,632 [eb006ac0-056f-4f1a-b412-99697cc0034b@group-51B49EDE02F1-FollowerState] INFO  server.RaftServerConfigKeys (ConfUtils.java:logGet(46)) - raft.server.leaderelection.pre-vote = false (custom)
2022-10-13 11:29:29,632 [eb006ac0-056f-4f1a-b412-99697cc0034b@group-51B49EDE02F1-FollowerState] INFO  impl.RoleInfo (RoleInfo.java:updateAndGet(139)) - eb006ac0-056f-4f1a-b412-99697cc0034b: start eb006ac0-056f-4f1a-b412-99697cc0034b@group-51B49EDE02F1-LeaderElection30
2022-10-13 11:29:29,632 [grpc-default-executor-0] INFO  server.RaftServer$Division (RaftServerImpl.java:requestVote(1152)) - eb006ac0-056f-4f1a-b412-99697cc0034b@group-51B49EDE02F1: receive requestVote(ELECTION, 33e3c0bc-8f59-462c-92be-36e05a096713, group-51B49EDE02F1, 2, (t:0, i:0))
2022-10-13 11:29:29,646 [grpc-default-executor-0] INFO  impl.VoteContext (VoteContext.java:log(48)) - eb006ac0-056f-4f1a-b412-99697cc0034b@group-51B49EDE02F1-CANDIDATE: accept ELECTION from 33e3c0bc-8f59-462c-92be-36e05a096713: our priority 0 <= candidate's priority 0
2022-10-13 11:29:29,646 [grpc-default-executor-0] INFO  server.RaftServer$Division (RaftServerImpl.java:setRole(299)) - eb006ac0-056f-4f1a-b412-99697cc0034b@group-51B49EDE02F1: changes role from CANDIDATE to FOLLOWER at term 2 for candidate:33e3c0bc-8f59-462c-92be-36e05a096713
2022-10-13 11:29:29,646 [grpc-default-executor-0] INFO  impl.RoleInfo (RoleInfo.java:shutdownLeaderElection(130)) - eb006ac0-056f-4f1a-b412-99697cc0034b: shutdown eb006ac0-056f-4f1a-b412-99697cc0034b@group-51B49EDE02F1-LeaderElection30
2022-10-13 11:29:29,646 [grpc-default-executor-0] INFO  impl.RoleInfo (RoleInfo.java:updateAndGet(139)) - eb006ac0-056f-4f1a-b412-99697cc0034b: start eb006ac0-056f-4f1a-b412-99697cc0034b@group-51B49EDE02F1-FollowerState
2022-10-13 11:29:29,646 [grpc-default-executor-1] INFO  server.RaftServer$Division (RaftServerImpl.java:requestVote(1152)) - 7dfa6ca3-47f6-4a40-9cc4-a3bc1bb73048@group-51B49EDE02F1: receive requestVote(ELECTION, 33e3c0bc-8f59-462c-92be-36e05a096713, group-51B49EDE02F1, 2, (t:0, i:0))
2022-10-13 11:29:29,663 [eb006ac0-056f-4f1a-b412-99697cc0034b@group-1D47BAB5DA1D-LeaderElection28] INFO  server.RaftServer$Division (ServerState.java:setRaftConf(393)) - eb006ac0-056f-4f1a-b412-99697cc0034b@group-1D47BAB5DA1D: set configuration 0: [eb006ac0-056f-4f1a-b412-99697cc0034b|rpc:10.1.0.139:40859|dataStream:|priority:1, 33e3c0bc-8f59-462c-92be-36e05a096713|rpc:10.1.0.139:44523|dataStream:|priority:0, 7dfa6ca3-47f6-4a40-9cc4-a3bc1bb73048|rpc:10.1.0.139:46609|dataStream:|priority:0], old=null
2022-10-13 11:29:29,663 [grpc-default-executor-1] INFO  impl.VoteContext (VoteContext.java:log(48)) - 7dfa6ca3-47f6-4a40-9cc4-a3bc1bb73048@group-51B49EDE02F1-FOLLOWER: reject ELECTION from 33e3c0bc-8f59-462c-92be-36e05a096713: our priority 1 > candidate's priority 0
2022-10-13 11:29:29,663 [grpc-default-executor-1] INFO  server.RaftServer$Division (RaftServerImpl.java:setRole(299)) - 7dfa6ca3-47f6-4a40-9cc4-a3bc1bb73048@group-51B49EDE02F1: changes role from  FOLLOWER to FOLLOWER at term 2 for candidate:33e3c0bc-8f59-462c-92be-36e05a096713
2022-10-13 11:29:29,663 [grpc-default-executor-1] INFO  impl.RoleInfo (RoleInfo.java:shutdownFollowerState(110)) - 7dfa6ca3-47f6-4a40-9cc4-a3bc1bb73048: shutdown 7dfa6ca3-47f6-4a40-9cc4-a3bc1bb73048@group-51B49EDE02F1-FollowerState
2022-10-13 11:29:29,663 [grpc-default-executor-1] INFO  impl.RoleInfo (RoleInfo.java:updateAndGet(139)) - 7dfa6ca3-47f6-4a40-9cc4-a3bc1bb73048: start 7dfa6ca3-47f6-4a40-9cc4-a3bc1bb73048@group-51B49EDE02F1-FollowerState
2022-10-13 11:29:29,663 [7dfa6ca3-47f6-4a40-9cc4-a3bc1bb73048@group-51B49EDE02F1-FollowerState] INFO  impl.FollowerState (FollowerState.java:run(152)) - 7dfa6ca3-47f6-4a40-9cc4-a3bc1bb73048@group-51B49EDE02F1-FollowerState was interrupted
2022-10-13 11:29:29,665 [grpc-default-executor-0] INFO  server.RaftServer$Division (RaftServerImpl.java:requestVote(1184)) - eb006ac0-056f-4f1a-b412-99697cc0034b@group-51B49EDE02F1 replies to ELECTION vote request: 33e3c0bc-8f59-462c-92be-36e05a096713<-eb006ac0-056f-4f1a-b412-99697cc0034b#0:OK-t2. Peer's state: eb006ac0-056f-4f1a-b412-99697cc0034b@group-51B49EDE02F1:t2, leader=null, voted=33e3c0bc-8f59-462c-92be-36e05a096713, raftlog=eb006ac0-056f-4f1a-b412-99697cc0034b@group-51B49EDE02F1-SegmentedRaftLog:OPENED:c-1, conf=-1: [eb006ac0-056f-4f1a-b412-99697cc0034b|rpc:10.1.0.139:40859|priority:0, 33e3c0bc-8f59-462c-92be-36e05a096713|rpc:10.1.0.139:44523|priority:0, 7dfa6ca3-47f6-4a40-9cc4-a3bc1bb73048|rpc:10.1.0.139:46609|priority:1], old=null
2022-10-13 11:29:29,670 [grpc-default-executor-1] INFO  server.RaftServer$Division (RaftServerImpl.java:requestVote(1184)) - 7dfa6ca3-47f6-4a40-9cc4-a3bc1bb73048@group-51B49EDE02F1 replies to ELECTION vote request: 33e3c0bc-8f59-462c-92be-36e05a096713<-7dfa6ca3-47f6-4a40-9cc4-a3bc1bb73048#0:FAIL-t2. Peer's state: 7dfa6ca3-47f6-4a40-9cc4-a3bc1bb73048@group-51B49EDE02F1:t2, leader=null, voted=null, raftlog=7dfa6ca3-47f6-4a40-9cc4-a3bc1bb73048@group-51B49EDE02F1-SegmentedRaftLog:OPENED:c-1, conf=-1: [eb006ac0-056f-4f1a-b412-99697cc0034b|rpc:10.1.0.139:40859|dataStream:|priority:0, 33e3c0bc-8f59-462c-92be-36e05a096713|rpc:10.1.0.139:44523|dataStream:|priority:0, 7dfa6ca3-47f6-4a40-9cc4-a3bc1bb73048|rpc:10.1.0.139:46609|dataStream:|priority:1], old=null
2022-10-13 11:29:29,670 [7dfa6ca3-47f6-4a40-9cc4-a3bc1bb73048-server-thread1] INFO  ratis.XceiverServerRatis (XceiverServerRatis.java:handleLeaderChangedNotification(863)) - Leader change notification received for group: group-1D47BAB5DA1D with new leaderId: eb006ac0-056f-4f1a-b412-99697cc0034b
2022-10-13 11:29:29,670 [7dfa6ca3-47f6-4a40-9cc4-a3bc1bb73048-server-thread1] INFO  server.RaftServer$Division (ServerState.java:setLeader(287)) - 7dfa6ca3-47f6-4a40-9cc4-a3bc1bb73048@group-1D47BAB5DA1D: change Leader from null to eb006ac0-056f-4f1a-b412-99697cc0034b at term 2 for appendEntries, leader elected after 10240ms
2022-10-13 11:29:29,672 [33e3c0bc-8f59-462c-92be-36e05a096713@group-51B49EDE02F1-LeaderElection29] INFO  impl.LeaderElection (LeaderElection.java:logAndReturn(90)) - 33e3c0bc-8f59-462c-92be-36e05a096713@group-51B49EDE02F1-LeaderElection29: ELECTION REJECTED received 2 response(s) and 0 exception(s):
2022-10-13 11:29:29,672 [33e3c0bc-8f59-462c-92be-36e05a096713@group-51B49EDE02F1-LeaderElection29] INFO  impl.LeaderElection (LeaderElection.java:logAndReturn(94)) -   Response 0: 33e3c0bc-8f59-462c-92be-36e05a096713<-eb006ac0-056f-4f1a-b412-99697cc0034b#0:OK-t2
2022-10-13 11:29:29,672 [33e3c0bc-8f59-462c-92be-36e05a096713@group-51B49EDE02F1-LeaderElection29] INFO  impl.LeaderElection (LeaderElection.java:logAndReturn(94)) -   Response 1: 33e3c0bc-8f59-462c-92be-36e05a096713<-7dfa6ca3-47f6-4a40-9cc4-a3bc1bb73048#0:FAIL-t2
2022-10-13 11:29:29,672 [33e3c0bc-8f59-462c-92be-36e05a096713@group-51B49EDE02F1-LeaderElection29] INFO  impl.LeaderElection (LeaderElection.java:askForVotes(312)) - 33e3c0bc-8f59-462c-92be-36e05a096713@group-51B49EDE02F1-LeaderElection29 ELECTION round 0: result REJECTED
2022-10-13 11:29:29,672 [33e3c0bc-8f59-462c-92be-36e05a096713@group-51B49EDE02F1-LeaderElection29] INFO  server.RaftServer$Division (RaftServerImpl.java:setRole(299)) - 33e3c0bc-8f59-462c-92be-36e05a096713@group-51B49EDE02F1: changes role from CANDIDATE to FOLLOWER at term 2 for REJECTED
2022-10-13 11:29:29,672 [33e3c0bc-8f59-462c-92be-36e05a096713@group-51B49EDE02F1-LeaderElection29] INFO  impl.RoleInfo (RoleInfo.java:shutdownLeaderElection(130)) - 33e3c0bc-8f59-462c-92be-36e05a096713: shutdown 33e3c0bc-8f59-462c-92be-36e05a096713@group-51B49EDE02F1-LeaderElection29
2022-10-13 11:29:29,672 [33e3c0bc-8f59-462c-92be-36e05a096713@group-51B49EDE02F1-LeaderElection29] INFO  impl.RoleInfo (RoleInfo.java:updateAndGet(139)) - 33e3c0bc-8f59-462c-92be-36e05a096713: start 33e3c0bc-8f59-462c-92be-36e05a096713@group-51B49EDE02F1-FollowerState
2022-10-13 11:29:29,691 [33e3c0bc-8f59-462c-92be-36e05a096713-server-thread1] INFO  ratis.XceiverServerRatis (XceiverServerRatis.java:handleLeaderChangedNotification(863)) - Leader change notification received for group: group-1D47BAB5DA1D with new leaderId: eb006ac0-056f-4f1a-b412-99697cc0034b
2022-10-13 11:29:29,691 [33e3c0bc-8f59-462c-92be-36e05a096713-server-thread1] INFO  server.RaftServer$Division (ServerState.java:setLeader(287)) - 33e3c0bc-8f59-462c-92be-36e05a096713@group-1D47BAB5DA1D: change Leader from null to eb006ac0-056f-4f1a-b412-99697cc0034b at term 2 for appendEntries, leader elected after 10293ms
2022-10-13 11:29:29,691 [7dfa6ca3-47f6-4a40-9cc4-a3bc1bb73048-server-thread1] INFO  server.RaftServer$Division (ServerState.java:setRaftConf(393)) - 7dfa6ca3-47f6-4a40-9cc4-a3bc1bb73048@group-1D47BAB5DA1D: set configuration 0: [eb006ac0-056f-4f1a-b412-99697cc0034b|rpc:10.1.0.139:40859|dataStream:|priority:1, 33e3c0bc-8f59-462c-92be-36e05a096713|rpc:10.1.0.139:44523|dataStream:|priority:0, 7dfa6ca3-47f6-4a40-9cc4-a3bc1bb73048|rpc:10.1.0.139:46609|dataStream:|priority:0], old=null
2022-10-13 11:29:29,691 [7dfa6ca3-47f6-4a40-9cc4-a3bc1bb73048-server-thread1] INFO  segmented.SegmentedRaftLogWorker (SegmentedRaftLogWorker.java:startLogSegment(425)) - 7dfa6ca3-47f6-4a40-9cc4-a3bc1bb73048@group-1D47BAB5DA1D-SegmentedRaftLogWorker: Starting segment from index:0
2022-10-13 11:29:29,694 [7dfa6ca3-47f6-4a40-9cc4-a3bc1bb73048@group-1D47BAB5DA1D-SegmentedRaftLogWorker] INFO  segmented.SegmentedRaftLogWorker (SegmentedRaftLogWorker.java:execute(629)) - 7dfa6ca3-47f6-4a40-9cc4-a3bc1bb73048@group-1D47BAB5DA1D-SegmentedRaftLogWorker: created new log segment /home/runner/work/ozone/ozone/hadoop-ozone/integration-test/target/test-dir/MiniOzoneClusterImpl-d2d9cd47-4a8f-47c9-ae3e-7163176d789f/datanode-2/data/ratis/803385ca-4de3-4179-b4ce-1d47bab5da1d/current/log_inprogress_0
2022-10-13 11:29:29,695 [33e3c0bc-8f59-462c-92be-36e05a096713-server-thread1] INFO  server.RaftServer$Division (ServerState.java:setRaftConf(393)) - 33e3c0bc-8f59-462c-92be-36e05a096713@group-1D47BAB5DA1D: set configuration 0: [eb006ac0-056f-4f1a-b412-99697cc0034b|rpc:10.1.0.139:40859|dataStream:|priority:1, 33e3c0bc-8f59-462c-92be-36e05a096713|rpc:10.1.0.139:44523|dataStream:|priority:0, 7dfa6ca3-47f6-4a40-9cc4-a3bc1bb73048|rpc:10.1.0.139:46609|dataStream:|priority:0], old=null
2022-10-13 11:29:29,695 [33e3c0bc-8f59-462c-92be-36e05a096713-server-thread1] INFO  segmented.SegmentedRaftLogWorker (SegmentedRaftLogWorker.java:startLogSegment(425)) - 33e3c0bc-8f59-462c-92be-36e05a096713@group-1D47BAB5DA1D-SegmentedRaftLogWorker: Starting segment from index:0
2022-10-13 11:29:29,697 [33e3c0bc-8f59-462c-92be-36e05a096713@group-1D47BAB5DA1D-SegmentedRaftLogWorker] INFO  segmented.SegmentedRaftLogWorker (SegmentedRaftLogWorker.java:execute(629)) - 33e3c0bc-8f59-462c-92be-36e05a096713@group-1D47BAB5DA1D-SegmentedRaftLogWorker: created new log segment /home/runner/work/ozone/ozone/hadoop-ozone/integration-test/target/test-dir/MiniOzoneClusterImpl-d2d9cd47-4a8f-47c9-ae3e-7163176d789f/datanode-1/data/ratis/803385ca-4de3-4179-b4ce-1d47bab5da1d/current/log_inprogress_0
2022-10-13 11:29:29,930 [Listener at 127.0.0.1/46741] INFO  ozone.MiniOzoneClusterImpl (MiniOzoneClusterImpl.java:lambda$waitForClusterToBeReady$0(216)) - Nodes are ready. Got 3 of 3 DN Heartbeats.
2022-10-13 11:29:29,931 [Listener at 127.0.0.1/46741] INFO  ozone.MiniOzoneClusterImpl (MiniOzoneClusterImpl.java:lambda$waitForClusterToBeReady$0(219)) - Cluster exits safe mode
2022-10-13 11:29:29,931 [Listener at 127.0.0.1/46741] INFO  ozone.MiniOzoneClusterImpl (MiniOzoneClusterImpl.java:lambda$waitForClusterToBeReady$0(221)) - SCM became leader
]]></system-out>
    </rerunFailure>
    <rerunFailure type="java.lang.AssertionError">
      <stackTrace><![CDATA[java.lang.AssertionError
	at org.junit.Assert.fail(Assert.java:87)
	at org.junit.Assert.assertTrue(Assert.java:42)
	at org.junit.Assert.assertTrue(Assert.java:53)
	at org.apache.hadoop.hdds.scm.TestRatisPipelineLeader.testLeaderIdAfterLeaderChange(TestRatisPipelineLeader.java:119)
	at sun.reflect.NativeMethodAccessorImpl.invoke0(Native Method)
	at sun.reflect.NativeMethodAccessorImpl.invoke(NativeMethodAccessorImpl.java:62)
	at sun.reflect.DelegatingMethodAccessorImpl.invoke(DelegatingMethodAccessorImpl.java:43)
	at java.lang.reflect.Method.invoke(Method.java:498)
	at org.junit.platform.commons.util.ReflectionUtils.invokeMethod(ReflectionUtils.java:725)
	at org.junit.jupiter.engine.execution.MethodInvocation.proceed(MethodInvocation.java:60)
	at org.junit.jupiter.engine.execution.InvocationInterceptorChain$ValidatingInvocation.proceed(InvocationInterceptorChain.java:131)
	at org.junit.jupiter.engine.extension.TimeoutInvocation.proceed(TimeoutInvocation.java:46)
	at org.junit.jupiter.engine.extension.TimeoutExtension.intercept(TimeoutExtension.java:149)
	at org.junit.jupiter.engine.extension.TimeoutExtension.interceptTestableMethod(TimeoutExtension.java:140)
	at org.junit.jupiter.engine.extension.TimeoutExtension.interceptTestMethod(TimeoutExtension.java:84)
	at org.junit.jupiter.engine.execution.ExecutableInvoker$ReflectiveInterceptorCall.lambda$ofVoidMethod$0(ExecutableInvoker.java:115)
	at org.junit.jupiter.engine.execution.ExecutableInvoker.lambda$invoke$0(ExecutableInvoker.java:105)
	at org.junit.jupiter.engine.execution.InvocationInterceptorChain$InterceptedInvocation.proceed(InvocationInterceptorChain.java:106)
	at org.junit.jupiter.engine.execution.InvocationInterceptorChain.proceed(InvocationInterceptorChain.java:64)
	at org.junit.jupiter.engine.execution.InvocationInterceptorChain.chainAndInvoke(InvocationInterceptorChain.java:45)
	at org.junit.jupiter.engine.execution.InvocationInterceptorChain.invoke(InvocationInterceptorChain.java:37)
	at org.junit.jupiter.engine.execution.ExecutableInvoker.invoke(ExecutableInvoker.java:104)
	at org.junit.jupiter.engine.execution.ExecutableInvoker.invoke(ExecutableInvoker.java:98)
	at org.junit.jupiter.engine.descriptor.TestMethodTestDescriptor.lambda$invokeTestMethod$7(TestMethodTestDescriptor.java:214)
	at org.junit.platform.engine.support.hierarchical.ThrowableCollector.execute(ThrowableCollector.java:73)
	at org.junit.jupiter.engine.descriptor.TestMethodTestDescriptor.invokeTestMethod(TestMethodTestDescriptor.java:210)
	at org.junit.jupiter.engine.descriptor.TestMethodTestDescriptor.execute(TestMethodTestDescriptor.java:135)
	at org.junit.jupiter.engine.descriptor.TestMethodTestDescriptor.execute(TestMethodTestDescriptor.java:66)
	at org.junit.platform.engine.support.hierarchical.NodeTestTask.lambda$executeRecursively$6(NodeTestTask.java:151)
	at org.junit.platform.engine.support.hierarchical.ThrowableCollector.execute(ThrowableCollector.java:73)
	at org.junit.platform.engine.support.hierarchical.NodeTestTask.lambda$executeRecursively$8(NodeTestTask.java:141)
	at org.junit.platform.engine.support.hierarchical.Node.around(Node.java:137)
	at org.junit.platform.engine.support.hierarchical.NodeTestTask.lambda$executeRecursively$9(NodeTestTask.java:139)
	at org.junit.platform.engine.support.hierarchical.ThrowableCollector.execute(ThrowableCollector.java:73)
	at org.junit.platform.engine.support.hierarchical.NodeTestTask.executeRecursively(NodeTestTask.java:138)
	at org.junit.platform.engine.support.hierarchical.NodeTestTask.execute(NodeTestTask.java:95)
	at java.util.ArrayList.forEach(ArrayList.java:1259)
	at org.junit.platform.engine.support.hierarchical.SameThreadHierarchicalTestExecutorService.invokeAll(SameThreadHierarchicalTestExecutorService.java:41)
	at org.junit.platform.engine.support.hierarchical.NodeTestTask.lambda$executeRecursively$6(NodeTestTask.java:155)
	at org.junit.platform.engine.support.hierarchical.ThrowableCollector.execute(ThrowableCollector.java:73)
	at org.junit.platform.engine.support.hierarchical.NodeTestTask.lambda$executeRecursively$8(NodeTestTask.java:141)
	at org.junit.platform.engine.support.hierarchical.Node.around(Node.java:137)
	at org.junit.platform.engine.support.hierarchical.NodeTestTask.lambda$executeRecursively$9(NodeTestTask.java:139)
	at org.junit.platform.engine.support.hierarchical.ThrowableCollector.execute(ThrowableCollector.java:73)
	at org.junit.platform.engine.support.hierarchical.NodeTestTask.executeRecursively(NodeTestTask.java:138)
	at org.junit.platform.engine.support.hierarchical.NodeTestTask.execute(NodeTestTask.java:95)
	at java.util.ArrayList.forEach(ArrayList.java:1259)
	at org.junit.platform.engine.support.hierarchical.SameThreadHierarchicalTestExecutorService.invokeAll(SameThreadHierarchicalTestExecutorService.java:41)
	at org.junit.platform.engine.support.hierarchical.NodeTestTask.lambda$executeRecursively$6(NodeTestTask.java:155)
	at org.junit.platform.engine.support.hierarchical.ThrowableCollector.execute(ThrowableCollector.java:73)
	at org.junit.platform.engine.support.hierarchical.NodeTestTask.lambda$executeRecursively$8(NodeTestTask.java:141)
	at org.junit.platform.engine.support.hierarchical.Node.around(Node.java:137)
	at org.junit.platform.engine.support.hierarchical.NodeTestTask.lambda$executeRecursively$9(NodeTestTask.java:139)
	at org.junit.platform.engine.support.hierarchical.ThrowableCollector.execute(ThrowableCollector.java:73)
	at org.junit.platform.engine.support.hierarchical.NodeTestTask.executeRecursively(NodeTestTask.java:138)
	at org.junit.platform.engine.support.hierarchical.NodeTestTask.execute(NodeTestTask.java:95)
	at org.junit.platform.engine.support.hierarchical.SameThreadHierarchicalTestExecutorService.submit(SameThreadHierarchicalTestExecutorService.java:35)
	at org.junit.platform.engine.support.hierarchical.HierarchicalTestExecutor.execute(HierarchicalTestExecutor.java:57)
	at org.junit.platform.engine.support.hierarchical.HierarchicalTestEngine.execute(HierarchicalTestEngine.java:54)
	at org.junit.platform.launcher.core.EngineExecutionOrchestrator.execute(EngineExecutionOrchestrator.java:107)
	at org.junit.platform.launcher.core.EngineExecutionOrchestrator.execute(EngineExecutionOrchestrator.java:88)
	at org.junit.platform.launcher.core.EngineExecutionOrchestrator.lambda$execute$0(EngineExecutionOrchestrator.java:54)
	at org.junit.platform.launcher.core.EngineExecutionOrchestrator.withInterceptedStreams(EngineExecutionOrchestrator.java:67)
	at org.junit.platform.launcher.core.EngineExecutionOrchestrator.execute(EngineExecutionOrchestrator.java:52)
	at org.junit.platform.launcher.core.DefaultLauncher.execute(DefaultLauncher.java:114)
	at org.junit.platform.launcher.core.DefaultLauncher.execute(DefaultLauncher.java:86)
	at org.junit.platform.launcher.core.DefaultLauncherSession$DelegatingLauncher.execute(DefaultLauncherSession.java:86)
	at org.junit.platform.launcher.core.SessionPerRequestLauncher.execute(SessionPerRequestLauncher.java:53)
	at org.apache.maven.surefire.junitplatform.JUnitPlatformProvider.invokeAllTests(JUnitPlatformProvider.java:165)
	at org.apache.maven.surefire.junitplatform.JUnitPlatformProvider.invoke(JUnitPlatformProvider.java:124)
	at org.apache.maven.surefire.booter.ForkedBooter.runSuitesInProcess(ForkedBooter.java:428)
	at org.apache.maven.surefire.booter.ForkedBooter.execute(ForkedBooter.java:162)
	at org.apache.maven.surefire.booter.ForkedBooter.run(ForkedBooter.java:562)
	at org.apache.maven.surefire.booter.ForkedBooter.main(ForkedBooter.java:548)
]]></stackTrace>
      <system-out><![CDATA[2022-10-13 11:29:34,219 [Listener at 127.0.0.1/46741] WARN  server.ServerUtils (ServerUtils.java:getScmDbDir(148)) - ozone.scm.db.dirs is not configured. We recommend adding this setting. Falling back to ozone.metadata.dirs instead.
2022-10-13 11:29:34,222 [Listener at 127.0.0.1/46741] WARN  server.ServerUtils (ServerUtils.java:getScmDbDir(148)) - ozone.scm.db.dirs is not configured. We recommend adding this setting. Falling back to ozone.metadata.dirs instead.
2022-10-13 11:29:34,222 [Listener at 127.0.0.1/46741] INFO  ha.SCMHANodeDetails (SCMHANodeDetails.java:loadSCMHAConfig(209)) - ServiceID for StorageContainerManager is null
2022-10-13 11:29:34,222 [Listener at 127.0.0.1/46741] INFO  ha.SCMHANodeDetails (SCMHANodeDetails.java:loadSCMHAConfig(214)) - ozone.scm.default.service.id is not defined, falling back to ozone.scm.service.ids to find serviceID for StorageContainerManager if it is HA enabled cluster
2022-10-13 11:29:34,223 [Listener at 127.0.0.1/46741] WARN  utils.HAUtils (HAUtils.java:getMetaDir(342)) - ozone.scm.db.dirs is not configured. We recommend adding this setting. Falling back to ozone.metadata.dirs instead.
2022-10-13 11:29:34,223 [Listener at 127.0.0.1/46741] WARN  db.DBStoreBuilder (DBStoreBuilder.java:applyDBDefinition(144)) - ozone.scm.db.dirs is not configured. We recommend adding this setting. Falling back to ozone.metadata.dirs instead.
2022-10-13 11:29:34,340 [Listener at 127.0.0.1/46741] INFO  net.NodeSchemaLoader (NodeSchemaLoader.java:loadSchemaFromFile(129)) - Loading schema from [jar:file:/home/runner/.m2/repository/org/apache/ozone/hdds-common/1.3.0-SNAPSHOT/hdds-common-1.3.0-SNAPSHOT.jar!/network-topology-default.xml]
2022-10-13 11:29:34,340 [Listener at 127.0.0.1/46741] INFO  net.NodeSchemaLoader (NodeSchemaLoader.java:loadSchema(176)) - Loading network topology layer schema file
2022-10-13 11:29:34,350 [Listener at 127.0.0.1/46741] INFO  upgrade.AbstractLayoutVersionManager (AbstractLayoutVersionManager.java:init(83)) - Initializing Layout version manager with metadata layout = DATANODE_SCHEMA_V3 (version = 4), software layout = DATANODE_SCHEMA_V3 (version = 4)
2022-10-13 11:29:34,391 [Listener at 127.0.0.1/46741] INFO  reflections.Reflections (Reflections.java:scan(232)) - Reflections took 40 ms to scan 7 urls, producing 137 keys and 328 values 
2022-10-13 11:29:34,392 [Listener at 127.0.0.1/46741] INFO  ha.SequenceIdGenerator (SequenceIdGenerator.java:upgradeToSequenceId(349)) - upgrade localId to 109611004723200000
2022-10-13 11:29:34,393 [Listener at 127.0.0.1/46741] INFO  ha.SequenceIdGenerator (SequenceIdGenerator.java:upgradeToSequenceId(359)) - upgrade delTxnId to 0
2022-10-13 11:29:34,393 [Listener at 127.0.0.1/46741] INFO  ha.SequenceIdGenerator (SequenceIdGenerator.java:upgradeToSequenceId(376)) - upgrade containerId to 0
2022-10-13 11:29:34,393 [Listener at 127.0.0.1/46741] INFO  ha.SequenceIdGenerator (SequenceIdGenerator.java:<init>(220)) - Init the HA SequenceIdGenerator.
2022-10-13 11:29:34,394 [Listener at 127.0.0.1/46741] WARN  server.ServerUtils (ServerUtils.java:sanitizeUserArgs(73)) - ozone.scm.stale.node.interval value = 300000 is larger than max = 100000 based on the key value of ozone.scm.heartbeat.thread.interval, reset to the max value 100000.
2022-10-13 11:29:34,394 [Listener at 127.0.0.1/46741] WARN  server.ServerUtils (ServerUtils.java:sanitizeUserArgs(73)) - ozone.scm.stale.node.interval value = 300000 is larger than max = 100000 based on the key value of ozone.scm.heartbeat.thread.interval, reset to the max value 100000.
2022-10-13 11:29:34,394 [Listener at 127.0.0.1/46741] INFO  node.SCMNodeManager (SCMNodeManager.java:<init>(149)) - Entering startup safe mode.
2022-10-13 11:29:34,394 [Listener at 127.0.0.1/46741] INFO  algorithms.ContainerPlacementPolicyFactory (ContainerPlacementPolicyFactory.java:getPolicyInternal(86)) - Create container placement policy of type org.apache.hadoop.hdds.scm.container.placement.algorithms.SCMContainerPlacementRandom
2022-10-13 11:29:34,395 [Listener at 127.0.0.1/46741] INFO  algorithms.ContainerPlacementPolicyFactory (ContainerPlacementPolicyFactory.java:getPolicyInternal(86)) - Create container placement policy of type org.apache.hadoop.hdds.scm.container.placement.algorithms.SCMContainerPlacementRackScatter
2022-10-13 11:29:34,395 [Listener at 127.0.0.1/46741] INFO  pipeline.PipelineStateManagerImpl (PipelineStateManagerImpl.java:initialize(78)) - No pipeline exists in current db
2022-10-13 11:29:34,395 [Listener at 127.0.0.1/46741] INFO  algorithms.LeaderChoosePolicyFactory (LeaderChoosePolicyFactory.java:getPolicy(57)) - Create leader choose policy of type org.apache.hadoop.hdds.scm.pipeline.leader.choose.algorithms.MinLeaderCountChoosePolicy
2022-10-13 11:29:34,395 [Listener at 127.0.0.1/46741] INFO  algorithms.ContainerPlacementPolicyFactory (ContainerPlacementPolicyFactory.java:getPolicyInternal(86)) - Create container placement policy of type org.apache.hadoop.hdds.scm.container.placement.algorithms.SCMContainerPlacementRackScatter
2022-10-13 11:29:34,396 [Listener at 127.0.0.1/46741] INFO  ha.SCMServiceManager (SCMServiceManager.java:register(42)) - Registering service BackgroundPipelineCreator.
2022-10-13 11:29:34,396 [Listener at 127.0.0.1/46741] INFO  pipeline.BackgroundPipelineCreator (BackgroundPipelineCreator.java:start(124)) - Starting RatisPipelineUtilsThread.
2022-10-13 11:29:34,396 [Listener at 127.0.0.1/46741] INFO  BackgroundPipelineScrubber (BackgroundSCMService.java:start(68)) - Starting BackgroundPipelineScrubber Service.
2022-10-13 11:29:34,396 [Listener at 127.0.0.1/46741] INFO  ha.SCMServiceManager (SCMServiceManager.java:register(42)) - Registering service BackgroundPipelineScrubber.
2022-10-13 11:29:34,397 [Listener at 127.0.0.1/46741] INFO  ExpiredContainerReplicaOpScrubber (BackgroundSCMService.java:start(68)) - Starting ExpiredContainerReplicaOpScrubber Service.
2022-10-13 11:29:34,397 [Listener at 127.0.0.1/46741] INFO  ha.SCMServiceManager (SCMServiceManager.java:register(42)) - Registering service ExpiredContainerReplicaOpScrubber.
2022-10-13 11:29:34,398 [Listener at 127.0.0.1/46741] INFO  algorithms.PipelineChoosePolicyFactory (PipelineChoosePolicyFactory.java:createPipelineChoosePolicyFromClass(73)) - Create pipeline choose policy of type org.apache.hadoop.hdds.scm.pipeline.choose.algorithms.RandomPipelineChoosePolicy
2022-10-13 11:29:34,399 [Listener at 127.0.0.1/46741] INFO  ha.SCMServiceManager (SCMServiceManager.java:register(42)) - Registering service SCMBlockDeletingService.
2022-10-13 11:29:34,399 [Listener at 127.0.0.1/46741] INFO  replication.ReplicationManager (ReplicationManager.java:start(223)) - Starting Replication Monitor Thread.
2022-10-13 11:29:34,403 [Listener at 127.0.0.1/46741] INFO  ha.SCMServiceManager (SCMServiceManager.java:register(42)) - Registering service ReplicationManager.
2022-10-13 11:29:34,403 [Listener at 127.0.0.1/46741] INFO  safemode.ContainerSafeModeRule (ContainerSafeModeRule.java:<init>(89)) - containers with one replica threshold count 0
2022-10-13 11:29:34,403 [Listener at 127.0.0.1/46741] INFO  safemode.HealthyPipelineSafeModeRule (HealthyPipelineSafeModeRule.java:initializeRule(169)) - Total pipeline count is 0, healthy pipeline threshold count is 1
2022-10-13 11:29:34,403 [Listener at 127.0.0.1/46741] INFO  safemode.OneReplicaPipelineSafeModeRule (OneReplicaPipelineSafeModeRule.java:initializeRule(180)) - Total pipeline count is 0, pipeline's with at least one datanode reported threshold count is 0
2022-10-13 11:29:34,404 [ReplicationMonitor] INFO  replication.ReplicationManager (ReplicationManager.java:processAll(291)) - Replication Manager is not ready to run until 3000ms after safemode exit
2022-10-13 11:29:34,404 [Listener at 127.0.0.1/46741] INFO  ipc.CallQueueManager (CallQueueManager.java:<init>(90)) - Using callQueue: class java.util.concurrent.LinkedBlockingQueue, queueCapacity: 2000, scheduler: class org.apache.hadoop.ipc.DefaultRpcScheduler, ipcBackoff: false.
2022-10-13 11:29:34,405 [Socket Reader #1 for port 0] INFO  ipc.Server (Server.java:run(1273)) - Starting Socket Reader #1 for port 0
2022-10-13 11:29:34,405 [Listener at 0.0.0.0/33999] INFO  ipc.CallQueueManager (CallQueueManager.java:<init>(90)) - Using callQueue: class java.util.concurrent.LinkedBlockingQueue, queueCapacity: 2000, scheduler: class org.apache.hadoop.ipc.DefaultRpcScheduler, ipcBackoff: false.
2022-10-13 11:29:34,406 [Socket Reader #1 for port 0] INFO  ipc.Server (Server.java:run(1273)) - Starting Socket Reader #1 for port 0
2022-10-13 11:29:34,407 [Listener at 0.0.0.0/46401] INFO  ipc.CallQueueManager (CallQueueManager.java:<init>(90)) - Using callQueue: class java.util.concurrent.LinkedBlockingQueue, queueCapacity: 2000, scheduler: class org.apache.hadoop.ipc.DefaultRpcScheduler, ipcBackoff: false.
2022-10-13 11:29:34,407 [Socket Reader #1 for port 0] INFO  ipc.Server (Server.java:run(1273)) - Starting Socket Reader #1 for port 0
2022-10-13 11:29:34,425 [Listener at 0.0.0.0/37469] INFO  ha.SCMServiceManager (SCMServiceManager.java:register(42)) - Registering service ContainerBalancer.
2022-10-13 11:29:34,425 [Listener at 0.0.0.0/37469] INFO  server.StorageContainerManager (StorageContainerManager.java:<init>(410)) - 
Container Balancer status:
Key                            Value
Running                        false
Container Balancer Configuration values:
Key                                                Value
Threshold                                          10
Max Datanodes to Involve per Iteration(percent)    20
Max Size to Move per Iteration                     500GB
Max Size Entering Target per Iteration             26GB
Max Size Leaving Source per Iteration              26GB

2022-10-13 11:29:34,425 [Listener at 0.0.0.0/37469] WARN  events.EventQueue (EventQueue.java:fireEvent(216)) - No event handler registered for event TypedEvent{payloadType=SafeModeStatus, name='Safe mode status'}
2022-10-13 11:29:34,425 [Listener at 0.0.0.0/37469] INFO  ha.SCMContext (SCMContext.java:updateSafeModeStatus(228)) - Update SafeModeStatus from SafeModeStatus{safeModeStatus=true, preCheckPassed=false} to SafeModeStatus{safeModeStatus=true, preCheckPassed=false}.
2022-10-13 11:29:34,426 [Listener at 0.0.0.0/37469] INFO  server.StorageContainerManager (StorageContainerManager.java:start(1436)) - StorageContainerLocationProtocol RPC server is listening at /0.0.0.0:37469
2022-10-13 11:29:34,428 [Listener at 0.0.0.0/37469] WARN  impl.MetricsConfig (MetricsConfig.java:loadFirst(136)) - Cannot locate configuration: tried hadoop-metrics2-storagecontainermanager.properties,hadoop-metrics2.properties
2022-10-13 11:29:34,428 [Listener at 0.0.0.0/37469] INFO  impl.MetricsSystemImpl (MetricsSystemImpl.java:startTimer(378)) - Scheduled Metric snapshot period at 10 second(s).
2022-10-13 11:29:34,428 [Listener at 0.0.0.0/37469] INFO  impl.MetricsSystemImpl (MetricsSystemImpl.java:start(191)) - StorageContainerManager metrics system started
2022-10-13 11:29:34,440 [Listener at 0.0.0.0/37469] INFO  impl.MetricsSinkAdapter (MetricsSinkAdapter.java:start(204)) - Sink prometheus started
2022-10-13 11:29:34,441 [Listener at 0.0.0.0/37469] INFO  impl.MetricsSystemImpl (MetricsSystemImpl.java:registerSink(305)) - Registered sink prometheus
2022-10-13 11:29:34,452 [Listener at 0.0.0.0/37469] INFO  server.SCMClientProtocolServer (SCMClientProtocolServer.java:start(170)) - RPC server for Client  is listening at /0.0.0.0:37469
2022-10-13 11:29:34,452 [IPC Server Responder] INFO  ipc.Server (Server.java:run(1512)) - IPC Server Responder: starting
2022-10-13 11:29:34,453 [IPC Server listener on 0] INFO  ipc.Server (Server.java:run(1352)) - IPC Server listener on 0: starting
2022-10-13 11:29:34,459 [Listener at 0.0.0.0/37469] INFO  server.StorageContainerManager (StorageContainerManager.java:start(1451)) - ScmBlockLocationProtocol RPC server is listening at /0.0.0.0:46401
2022-10-13 11:29:34,459 [Listener at 0.0.0.0/37469] INFO  server.SCMBlockProtocolServer (SCMBlockProtocolServer.java:start(152)) - RPC server for Block Protocol is listening at /0.0.0.0:46401
2022-10-13 11:29:34,460 [IPC Server Responder] INFO  ipc.Server (Server.java:run(1512)) - IPC Server Responder: starting
2022-10-13 11:29:34,460 [IPC Server listener on 0] INFO  ipc.Server (Server.java:run(1352)) - IPC Server listener on 0: starting
2022-10-13 11:29:34,462 [Listener at 0.0.0.0/37469] INFO  server.SCMDatanodeProtocolServer (SCMDatanodeProtocolServer.java:start(186)) - ScmDatanodeProtocol RPC server for DataNodes is listening at /0.0.0.0:33999
2022-10-13 11:29:34,462 [IPC Server Responder] INFO  ipc.Server (Server.java:run(1512)) - IPC Server Responder: starting
2022-10-13 11:29:34,463 [IPC Server listener on 0] INFO  ipc.Server (Server.java:run(1352)) - IPC Server listener on 0: starting
2022-10-13 11:29:34,466 [Listener at 0.0.0.0/37469] INFO  http.BaseHttpServer (BaseHttpServer.java:newHttpServer2BuilderForOzone(213)) - Starting Web-server for scm at: http://0.0.0.0:0
2022-10-13 11:29:34,466 [Listener at 0.0.0.0/37469] INFO  http.BaseHttpServer (BaseHttpServer.java:<init>(108)) - Hadoop Security Enabled: false Ozone Security Enabled: false Ozone HTTP Security Enabled: false 
2022-10-13 11:29:34,467 [Listener at 0.0.0.0/37469] WARN  server.AuthenticationFilter (AuthenticationFilter.java:constructSecretProvider(240)) - Unable to initialize FileSignerSecretProvider, falling back to use random secrets. Reason: Could not read signature secret file: /home/runner/hadoop-http-auth-signature-secret
2022-10-13 11:29:34,468 [org.apache.hadoop.util.JvmPauseMonitor$Monitor@3256cc66] INFO  util.JvmPauseMonitor (JvmPauseMonitor.java:run(188)) - Starting JVM pause monitor
2022-10-13 11:29:34,468 [Listener at 0.0.0.0/37469] WARN  http.HttpRequestLog (HttpRequestLog.java:getRequestLog(103)) - Jetty request log can only be enabled using Log4j
2022-10-13 11:29:34,469 [Listener at 0.0.0.0/37469] INFO  http.HttpServer2 (HttpServer2.java:addGlobalFilter(1031)) - Added global filter 'safety' (class=org.apache.hadoop.hdds.server.http.HttpServer2$QuotingInputFilter)
2022-10-13 11:29:34,470 [Listener at 0.0.0.0/37469] INFO  http.HttpServer2 (HttpServer2.java:addFilter(1007)) - Added filter static_user_filter (class=org.apache.hadoop.http.lib.StaticUserWebFilter$StaticUserFilter) to context scm
2022-10-13 11:29:34,470 [Listener at 0.0.0.0/37469] INFO  http.HttpServer2 (HttpServer2.java:addFilter(1015)) - Added filter static_user_filter (class=org.apache.hadoop.http.lib.StaticUserWebFilter$StaticUserFilter) to context logs
2022-10-13 11:29:34,470 [Listener at 0.0.0.0/37469] INFO  http.HttpServer2 (HttpServer2.java:addFilter(1015)) - Added filter static_user_filter (class=org.apache.hadoop.http.lib.StaticUserWebFilter$StaticUserFilter) to context static
2022-10-13 11:29:34,471 [Listener at 0.0.0.0/37469] INFO  http.HttpServer2 (HttpServer2.java:bindListener(1250)) - Jetty bound to port 37307
2022-10-13 11:29:34,471 [Listener at 0.0.0.0/37469] INFO  server.Server (Server.java:doStart(375)) - jetty-9.4.43.v20210629; built: 2021-06-30T11:07:22.254Z; git: 526006ecfa3af7f1a27ef3a288e2bef7ea9dd7e8; jvm 1.8.0_345-b01
2022-10-13 11:29:34,473 [Listener at 0.0.0.0/37469] INFO  server.session (DefaultSessionIdManager.java:doStart(334)) - DefaultSessionIdManager workerName=node0
2022-10-13 11:29:34,473 [Listener at 0.0.0.0/37469] INFO  server.session (DefaultSessionIdManager.java:doStart(339)) - No SessionScavenger set, using defaults
2022-10-13 11:29:34,473 [Listener at 0.0.0.0/37469] INFO  server.session (HouseKeeper.java:startScavenging(132)) - node0 Scavenging every 600000ms
2022-10-13 11:29:34,474 [Listener at 0.0.0.0/37469] INFO  handler.ContextHandler (ContextHandler.java:doStart(915)) - Started o.e.j.s.ServletContextHandler@69d6f6d0{logs,/logs,file:///home/runner/work/ozone/ozone/hadoop-ozone/integration-test/target/log,AVAILABLE}
2022-10-13 11:29:34,474 [Listener at 0.0.0.0/37469] INFO  handler.ContextHandler (ContextHandler.java:doStart(915)) - Started o.e.j.s.ServletContextHandler@7ec68dec{static,/static,file:///home/runner/work/ozone/ozone/hadoop-ozone/integration-test/target/test-classes/webapps/static,AVAILABLE}
2022-10-13 11:29:34,478 [Listener at 0.0.0.0/37469] INFO  handler.ContextHandler (ContextHandler.java:doStart(915)) - Started o.e.j.w.WebAppContext@1e5c7bba{scm,/,file:///home/runner/work/ozone/ozone/hadoop-ozone/integration-test/target/test-classes/webapps/scm/,AVAILABLE}{file:/home/runner/work/ozone/ozone/hadoop-ozone/integration-test/target/test-classes/webapps/scm}
2022-10-13 11:29:34,479 [Listener at 0.0.0.0/37469] INFO  server.AbstractConnector (AbstractConnector.java:doStart(331)) - Started ServerConnector@4380706a{HTTP/1.1, (http/1.1)}{0.0.0.0:37307}
2022-10-13 11:29:34,479 [Listener at 0.0.0.0/37469] INFO  server.Server (Server.java:doStart(415)) - Started @88016ms
2022-10-13 11:29:34,479 [Listener at 0.0.0.0/37469] WARN  impl.MetricsSystemImpl (MetricsSystemImpl.java:register(279)) - Sink prometheus already exists!
2022-10-13 11:29:34,480 [Listener at 0.0.0.0/37469] INFO  http.BaseHttpServer (BaseHttpServer.java:updateConnectorAddress(333)) - HTTP server of scm listening at http://0.0.0.0:37307
2022-10-13 11:29:34,480 [Listener at 0.0.0.0/37469] WARN  server.ServerUtils (ServerUtils.java:getDBPath(225)) - ozone.om.db.dirs is not configured. We recommend adding this setting. Falling back to ozone.metadata.dirs instead.
2022-10-13 11:29:34,484 [Listener at 0.0.0.0/37469] INFO  ha.OMHANodeDetails (OMHANodeDetails.java:loadOMHAConfig(115)) - ozone.om.internal.service.id is not defined, falling back to ozone.om.service.ids to find serviceID for OzoneManager if it is HA enabled cluster
2022-10-13 11:29:34,484 [Listener at 0.0.0.0/37469] INFO  ha.OMHANodeDetails (OMHANodeDetails.java:loadOMHAConfig(226)) - Configuration does not have ozone.om.address set. Falling back to the default OM address /127.0.0.1:0
2022-10-13 11:29:34,484 [Listener at 0.0.0.0/37469] INFO  ha.OMHANodeDetails (OMHANodeDetails.java:getOMNodeDetailsForNonHA(254)) - OM Service ID is not set. Setting it to the default ID: omServiceIdDefault
2022-10-13 11:29:34,485 [Listener at 0.0.0.0/37469] INFO  ha.OMHANodeDetails (OMHANodeDetails.java:getOMNodeDetailsForNonHA(261)) - OM Node ID is not set. Setting it to the default ID: om1
2022-10-13 11:29:34,485 [Listener at 0.0.0.0/37469] WARN  server.ServerUtils (ServerUtils.java:getDBPath(225)) - ozone.om.db.dirs is not configured. We recommend adding this setting. Falling back to ozone.metadata.dirs instead.
2022-10-13 11:29:34,485 [Listener at 0.0.0.0/37469] INFO  upgrade.AbstractLayoutVersionManager (AbstractLayoutVersionManager.java:init(83)) - Initializing Layout version manager with metadata layout = MULTITENANCY_SCHEMA (version = 3), software layout = MULTITENANCY_SCHEMA (version = 3)
2022-10-13 11:29:34,548 [Listener at 0.0.0.0/37469] INFO  reflections.Reflections (Reflections.java:scan(232)) - Reflections took 62 ms to scan 2 urls, producing 154 keys and 428 values [using 2 cores]
2022-10-13 11:29:34,548 [Listener at 0.0.0.0/37469] INFO  upgrade.OMLayoutVersionManager (OMLayoutVersionManager.java:lambda$0(115)) - Skipping Upgrade Action MockOmUpgradeAction since it has been finalized.
2022-10-13 11:29:34,548 [Listener at 0.0.0.0/37469] WARN  server.ServerUtils (ServerUtils.java:getDBPath(225)) - ozone.om.db.dirs is not configured. We recommend adding this setting. Falling back to ozone.metadata.dirs instead.
2022-10-13 11:29:34,549 [Listener at 0.0.0.0/37469] INFO  proxy.SCMBlockLocationFailoverProxyProvider (SCMBlockLocationFailoverProxyProvider.java:<init>(114)) - Created block location fail-over proxy with 1 nodes: [nodeId=scmNodeId,nodeAddress=/0.0.0.0:46401]
2022-10-13 11:29:34,550 [Listener at 0.0.0.0/37469] INFO  proxy.SCMBlockLocationFailoverProxyProvider (SCMBlockLocationFailoverProxyProvider.java:<init>(114)) - Created block location fail-over proxy with 1 nodes: [nodeId=scmNodeId,nodeAddress=/0.0.0.0:46401]
2022-10-13 11:29:34,563 [Listener at 0.0.0.0/37469] WARN  server.ServerUtils (ServerUtils.java:getDBPath(225)) - ozone.om.db.dirs is not configured. We recommend adding this setting. Falling back to ozone.metadata.dirs instead.
2022-10-13 11:29:34,564 [Listener at 0.0.0.0/37469] INFO  codec.OmKeyInfoCodec (OmKeyInfoCodec.java:<init>(49)) - OmKeyInfoCodec ignorePipeline = true
2022-10-13 11:29:34,564 [Listener at 0.0.0.0/37469] INFO  codec.RepeatedOmKeyInfoCodec (RepeatedOmKeyInfoCodec.java:<init>(41)) - RepeatedOmKeyInfoCodec ignorePipeline = true
2022-10-13 11:29:34,758 [Listener at 0.0.0.0/37469] INFO  om.OzoneManager (OzoneManager.java:instantiateServices(712)) - S3 Multi-Tenancy is disabled
2022-10-13 11:29:34,760 [Listener at 0.0.0.0/37469] INFO  om.OzoneManager (OzoneManager.java:addS3GVolumeToDB(4386)) - Created Volume s3v With Owner runner required for S3Gateway operations.
2022-10-13 11:29:34,760 [Listener at 0.0.0.0/37469] WARN  server.ServerUtils (ServerUtils.java:getDefaultRatisDirectory(237)) - Storage directory for Ratis is not configured. It is a good idea to map this to an SSD disk. Falling back to ozone.metadata.dirs
2022-10-13 11:29:34,760 [Listener at 0.0.0.0/37469] WARN  utils.OzoneManagerRatisUtils (OzoneManagerRatisUtils.java:getOMRatisSnapshotDirectory(434)) - ozone.om.ratis.snapshot.dir is not configured. Falling back to ozone.metadata.dirs config
2022-10-13 11:29:34,760 [Listener at 0.0.0.0/37469] WARN  server.ServerUtils (ServerUtils.java:getDefaultRatisDirectory(237)) - Storage directory for Ratis is not configured. It is a good idea to map this to an SSD disk. Falling back to ozone.metadata.dirs
2022-10-13 11:29:34,761 [Listener at 0.0.0.0/37469] INFO  ratis.OzoneManagerRatisServer (OzoneManagerRatisServer.java:<init>(160)) - Instantiating OM Ratis server with groupID: omServiceIdDefault and peers: localhost:9872
2022-10-13 11:29:34,762 [Listener at 0.0.0.0/37469] INFO  ratis.OzoneManagerStateMachine (OzoneManagerStateMachine.java:loadSnapshotInfoFromDB(632)) - LastAppliedIndex is set from TransactionInfo from OM DB as (t:0, i:~)
2022-10-13 11:29:34,762 [Listener at 0.0.0.0/37469] INFO  server.RaftServer (ConfUtils.java:logGet(46)) - raft.rpc.type = GRPC (default)
2022-10-13 11:29:34,762 [Listener at 0.0.0.0/37469] INFO  grpc.GrpcFactory (GrpcFactory.java:checkPooledByteBufAllocatorUseCacheForAllThreads(48)) - PERFORMANCE WARNING: useCacheForAllThreads is true that may cause Netty to create a lot garbage objects and, as a result, trigger GC.
	It is recommended to disable useCacheForAllThreads by setting -Dorg.apache.ratis.thirdparty.io.netty.allocator.useCacheForAllThreads=false in command line.
2022-10-13 11:29:34,762 [Listener at 0.0.0.0/37469] INFO  grpc.GrpcConfigKeys (ConfUtils.java:logGet(46)) - raft.grpc.admin.port = -1 (default)
2022-10-13 11:29:34,763 [Listener at 0.0.0.0/37469] INFO  grpc.GrpcConfigKeys (ConfUtils.java:logGet(46)) - raft.grpc.server.port = 9872 (custom)
2022-10-13 11:29:34,763 [Listener at 0.0.0.0/37469] INFO  grpc.GrpcConfigKeys (ConfUtils.java:logGet(46)) - raft.grpc.client.port = -1 (default)
2022-10-13 11:29:34,763 [Listener at 0.0.0.0/37469] INFO  grpc.GrpcConfigKeys (ConfUtils.java:logGet(46)) - raft.grpc.server.port = 9872 (custom)
2022-10-13 11:29:34,763 [Listener at 0.0.0.0/37469] INFO  grpc.GrpcConfigKeys (ConfUtils.java:logGet(46)) - raft.grpc.server.port = 9872 (custom)
2022-10-13 11:29:34,763 [Listener at 0.0.0.0/37469] INFO  server.GrpcService (ConfUtils.java:logGet(46)) - raft.grpc.message.size.max = 33554432 (custom)
2022-10-13 11:29:34,763 [Listener at 0.0.0.0/37469] INFO  server.RaftServerConfigKeys (ConfUtils.java:logGet(46)) - raft.server.log.appender.buffer.byte-limit = 33554432 (custom)
2022-10-13 11:29:34,763 [Listener at 0.0.0.0/37469] INFO  server.GrpcService (ConfUtils.java:logGet(46)) - raft.grpc.flow.control.window = 1MB (=1048576) (default)
2022-10-13 11:29:34,764 [Listener at 0.0.0.0/37469] INFO  server.RaftServerConfigKeys (ConfUtils.java:logGet(46)) - raft.server.rpc.request.timeout = 3000ms (default)
2022-10-13 11:29:34,764 [Listener at 0.0.0.0/37469] INFO  grpc.GrpcConfigKeys (ConfUtils.java:logGet(46)) - raft.grpc.server.async.request.thread.pool.cached = true (default)
2022-10-13 11:29:34,764 [Listener at 0.0.0.0/37469] INFO  grpc.GrpcConfigKeys (ConfUtils.java:logGet(46)) - raft.grpc.server.async.request.thread.pool.size = 32 (default)
2022-10-13 11:29:34,765 [Listener at 0.0.0.0/37469] INFO  impl.DataStreamServerImpl (ConfUtils.java:logGet(46)) - raft.datastream.type = DISABLED (default)
2022-10-13 11:29:34,766 [Listener at 0.0.0.0/37469] INFO  server.RaftServerConfigKeys (ConfUtils.java:logGet(46)) - raft.server.threadpool.proxy.cached = true (default)
2022-10-13 11:29:34,766 [Listener at 0.0.0.0/37469] INFO  server.RaftServerConfigKeys (ConfUtils.java:logGet(46)) - raft.server.threadpool.proxy.size = 0 (default)
2022-10-13 11:29:34,766 [Listener at 0.0.0.0/37469] INFO  server.RaftServerConfigKeys (ConfUtils.java:logGet(46)) - raft.server.rpc.slowness.timeout = 120s (custom)
2022-10-13 11:29:34,766 [Listener at 0.0.0.0/37469] INFO  server.RaftServerConfigKeys (ConfUtils.java:logGet(46)) - raft.server.leaderelection.leader.step-down.wait-time = 10s (default)
2022-10-13 11:29:34,766 [Listener at 0.0.0.0/37469] INFO  server.RaftServerConfigKeys (ConfUtils.java:logGet(46)) - raft.server.storage.dir = [/home/runner/work/ozone/ozone/hadoop-ozone/integration-test/target/test-dir/MiniOzoneClusterImpl-900e8113-aac4-448a-a9d6-76244602bcf4/ozone-meta/ratis] (custom)
2022-10-13 11:29:34,767 [Listener at 0.0.0.0/37469] INFO  server.RaftServer (RaftServerProxy.java:addNew(96)) - om1: addNew group-C5BA1605619E:[om1|rpc:localhost:9872|priority:0] returns group-C5BA1605619E:java.util.concurrent.CompletableFuture@7b8e4501[Not completed]
2022-10-13 11:29:34,767 [pool-641-thread-1] INFO  server.RaftServer$Division (RaftServerImpl.java:<init>(190)) - om1: new RaftServerImpl for group-C5BA1605619E:[om1|rpc:localhost:9872|priority:0] with OzoneManagerStateMachine:uninitialized
2022-10-13 11:29:34,767 [Listener at 0.0.0.0/37469] INFO  om.OzoneManager (OzoneManager.java:initializeRatisServer(1976)) - OzoneManager Ratis server initialized at port 9872
2022-10-13 11:29:34,767 [pool-641-thread-1] INFO  server.RaftServerConfigKeys (ConfUtils.java:logGet(46)) - raft.server.rpc.timeout.min = 1s (custom)
2022-10-13 11:29:34,767 [pool-641-thread-1] INFO  server.RaftServerConfigKeys (ConfUtils.java:logGet(46)) - raft.server.rpc.timeout.max = 1200ms (custom)
2022-10-13 11:29:34,767 [pool-641-thread-1] INFO  server.RaftServerConfigKeys (ConfUtils.java:logGet(46)) - raft.server.rpc.sleep.time = 25ms (default)
2022-10-13 11:29:34,767 [pool-641-thread-1] INFO  server.RaftServerConfigKeys (ConfUtils.java:logGet(46)) - raft.server.rpc.slowness.timeout = 120s (custom)
2022-10-13 11:29:34,767 [pool-641-thread-1] INFO  server.RaftServerConfigKeys (ConfUtils.java:logGet(46)) - raft.server.leaderelection.leader.step-down.wait-time = 10s (default)
2022-10-13 11:29:34,767 [pool-641-thread-1] INFO  server.RaftServerConfigKeys (ConfUtils.java:logGet(46)) - raft.server.sleep.deviation.threshold = 300ms (default)
2022-10-13 11:29:34,767 [pool-641-thread-1] INFO  server.RaftServer$Division (ServerState.java:<init>(107)) - om1@group-C5BA1605619E: ConfigurationManager, init=-1: [om1|rpc:localhost:9872|priority:0], old=null, confs=<EMPTY_MAP>
2022-10-13 11:29:34,767 [pool-641-thread-1] INFO  server.RaftServerConfigKeys (ConfUtils.java:logGet(46)) - raft.server.storage.dir = [/home/runner/work/ozone/ozone/hadoop-ozone/integration-test/target/test-dir/MiniOzoneClusterImpl-900e8113-aac4-448a-a9d6-76244602bcf4/ozone-meta/ratis] (custom)
2022-10-13 11:29:34,768 [pool-641-thread-1] INFO  server.RaftServerConfigKeys (ConfUtils.java:logGet(46)) - raft.server.log.corruption.policy = EXCEPTION (default)
2022-10-13 11:29:34,768 [pool-641-thread-1] INFO  server.RaftServerConfigKeys (ConfUtils.java:logGet(46)) - raft.server.storage.free-space.min = 0MB (=0) (default)
2022-10-13 11:29:34,768 [Listener at 0.0.0.0/37469] INFO  om.OzoneManager (OzoneManager.java:getRpcServer(1102)) - Creating RPC Server
2022-10-13 11:29:34,768 [pool-641-thread-1] INFO  storage.RaftStorageDirectory (RaftStorageDirectoryImpl.java:analyzeStorage(135)) - The storage directory /home/runner/work/ozone/ozone/hadoop-ozone/integration-test/target/test-dir/MiniOzoneClusterImpl-900e8113-aac4-448a-a9d6-76244602bcf4/ozone-meta/ratis/bf265839-605b-3f16-9796-c5ba1605619e does not exist. Creating ...
2022-10-13 11:29:34,772 [pool-641-thread-1] INFO  storage.RaftStorageDirectory (RaftStorageDirectoryImpl.java:tryLock(230)) - Lock on /home/runner/work/ozone/ozone/hadoop-ozone/integration-test/target/test-dir/MiniOzoneClusterImpl-900e8113-aac4-448a-a9d6-76244602bcf4/ozone-meta/ratis/bf265839-605b-3f16-9796-c5ba1605619e/in_use.lock acquired by nodename 2264@fv-az447-90
2022-10-13 11:29:34,778 [pool-641-thread-1] INFO  storage.RaftStorage (RaftStorageImpl.java:format(89)) - Storage directory /home/runner/work/ozone/ozone/hadoop-ozone/integration-test/target/test-dir/MiniOzoneClusterImpl-900e8113-aac4-448a-a9d6-76244602bcf4/ozone-meta/ratis/bf265839-605b-3f16-9796-c5ba1605619e has been successfully formatted.
2022-10-13 11:29:34,778 [pool-641-thread-1] INFO  server.RaftServerConfigKeys (ConfUtils.java:logGet(46)) - raft.server.notification.no-leader.timeout = 120s (custom)
2022-10-13 11:29:34,778 [pool-641-thread-1] INFO  server.RaftServerConfigKeys (ConfUtils.java:logGet(46)) - raft.server.log.use.memory = false (default)
2022-10-13 11:29:34,778 [pool-641-thread-1] INFO  server.RaftServerConfigKeys (ConfUtils.java:logGet(46)) - raft.server.log.purge.gap = 1000000 (custom)
2022-10-13 11:29:34,778 [pool-641-thread-1] INFO  server.RaftServerConfigKeys (ConfUtils.java:logGet(46)) - raft.server.log.appender.buffer.byte-limit = 33554432 (custom)
2022-10-13 11:29:34,778 [pool-641-thread-1] INFO  server.RaftServerConfigKeys (ConfUtils.java:logGet(46)) - raft.server.log.statemachine.data.read.timeout = 1000ms (default)
2022-10-13 11:29:34,779 [pool-641-thread-1] INFO  server.RaftServerConfigKeys (ConfUtils.java:logGet(46)) - raft.server.log.segment.size.max = 4194304 (custom)
2022-10-13 11:29:34,779 [pool-641-thread-1] INFO  server.RaftServerConfigKeys (ConfUtils.java:logGet(46)) - raft.server.log.segment.cache.num.max = 2 (custom)
2022-10-13 11:29:34,779 [pool-641-thread-1] INFO  server.RaftServerConfigKeys (ConfUtils.java:logGet(46)) - raft.server.log.segment.cache.size.max = 200MB (=209715200) (default)
2022-10-13 11:29:34,779 [pool-641-thread-1] INFO  segmented.SegmentedRaftLogWorker (SegmentedRaftLogWorker.java:<init>(187)) - new om1@group-C5BA1605619E-SegmentedRaftLogWorker for RaftStorageImpl:Storage Directory /home/runner/work/ozone/ozone/hadoop-ozone/integration-test/target/test-dir/MiniOzoneClusterImpl-900e8113-aac4-448a-a9d6-76244602bcf4/ozone-meta/ratis/bf265839-605b-3f16-9796-c5ba1605619e
2022-10-13 11:29:34,779 [pool-641-thread-1] INFO  server.RaftServerConfigKeys (ConfUtils.java:logGet(46)) - raft.server.log.queue.byte-limit = 64MB (=67108864) (default)
2022-10-13 11:29:34,779 [pool-641-thread-1] INFO  server.RaftServerConfigKeys (ConfUtils.java:logGet(46)) - raft.server.log.queue.element-limit = 4096 (default)
2022-10-13 11:29:34,779 [pool-641-thread-1] INFO  server.RaftServerConfigKeys (ConfUtils.java:logGet(46)) - raft.server.log.segment.size.max = 4194304 (custom)
2022-10-13 11:29:34,779 [pool-641-thread-1] INFO  server.RaftServerConfigKeys (ConfUtils.java:logGet(46)) - raft.server.log.preallocated.size = 4194304 (custom)
2022-10-13 11:29:34,779 [pool-641-thread-1] INFO  server.RaftServerConfigKeys (ConfUtils.java:logGet(46)) - raft.server.log.force.sync.num = 128 (default)
2022-10-13 11:29:34,779 [pool-641-thread-1] INFO  server.RaftServerConfigKeys (ConfUtils.java:logGet(46)) - raft.server.log.statemachine.data.sync = true (default)
2022-10-13 11:29:34,779 [pool-641-thread-1] INFO  server.RaftServerConfigKeys (ConfUtils.java:logGet(46)) - raft.server.log.statemachine.data.sync.timeout = 10s (default)
2022-10-13 11:29:34,779 [pool-641-thread-1] INFO  server.RaftServerConfigKeys (ConfUtils.java:logGet(46)) - raft.server.log.statemachine.data.sync.timeout.retry = -1 (default)
2022-10-13 11:29:34,780 [pool-641-thread-1] INFO  server.RaftServerConfigKeys (ConfUtils.java:logGet(46)) - raft.server.log.write.buffer.size = 64KB (=65536) (default)
2022-10-13 11:29:34,780 [pool-641-thread-1] INFO  server.RaftServerConfigKeys (ConfUtils.java:logGet(46)) - raft.server.log.unsafe-flush.enabled = false (default)
2022-10-13 11:29:34,780 [pool-641-thread-1] INFO  server.RaftServerConfigKeys (ConfUtils.java:logGet(46)) - raft.server.log.statemachine.data.caching.enabled = false (default)
2022-10-13 11:29:34,781 [pool-641-thread-1] INFO  segmented.SegmentedRaftLogWorker (SegmentedRaftLogWorker.java:lambda$new$0(135)) - om1@group-C5BA1605619E-SegmentedRaftLogWorker: flushIndex: setUnconditionally 0 -> -1
2022-10-13 11:29:34,781 [pool-641-thread-1] INFO  segmented.SegmentedRaftLogWorker (SegmentedRaftLogWorker.java:lambda$new$0(135)) - om1@group-C5BA1605619E-SegmentedRaftLogWorker: safeCacheEvictIndex: setUnconditionally 0 -> -1
2022-10-13 11:29:34,787 [pool-641-thread-1] INFO  server.RaftServerConfigKeys (ConfUtils.java:logGet(46)) - raft.server.snapshot.auto.trigger.enabled = true (custom)
2022-10-13 11:29:34,787 [pool-641-thread-1] INFO  server.RaftServerConfigKeys (ConfUtils.java:logGet(46)) - raft.server.snapshot.auto.trigger.threshold = 400000 (default)
2022-10-13 11:29:34,787 [pool-641-thread-1] INFO  server.RaftServerConfigKeys (ConfUtils.java:logGet(46)) - raft.server.snapshot.retention.file.num = -1 (default)
2022-10-13 11:29:34,787 [pool-641-thread-1] INFO  server.RaftServerConfigKeys (ConfUtils.java:logGet(46)) - raft.server.log.purge.upto.snapshot.index = true (custom)
2022-10-13 11:29:34,787 [pool-641-thread-1] INFO  server.RaftServerConfigKeys (ConfUtils.java:logGet(46)) - raft.server.retrycache.expirytime = 300s (custom)
2022-10-13 11:29:34,787 [pool-641-thread-1] INFO  server.RaftServerConfigKeys (ConfUtils.java:logGet(46)) - raft.server.retrycache.statistics.expirytime = 100μs (default)
2022-10-13 11:29:34,788 [pool-641-thread-1] INFO  server.RaftServerConfigKeys (ConfUtils.java:logGet(46)) - raft.server.log.appender.install.snapshot.enabled = false (custom)
2022-10-13 11:29:34,788 [pool-641-thread-1] INFO  server.RaftServerConfigKeys (ConfUtils.java:logGet(46)) - raft.server.threadpool.server.cached = true (default)
2022-10-13 11:29:34,789 [pool-641-thread-1] INFO  server.RaftServerConfigKeys (ConfUtils.java:logGet(46)) - raft.server.threadpool.server.size = 0 (default)
2022-10-13 11:29:34,789 [pool-641-thread-1] INFO  server.RaftServerConfigKeys (ConfUtils.java:logGet(46)) - raft.server.threadpool.client.cached = true (default)
2022-10-13 11:29:34,789 [pool-641-thread-1] INFO  server.RaftServerConfigKeys (ConfUtils.java:logGet(46)) - raft.server.threadpool.client.size = 0 (default)
2022-10-13 11:29:35,162 [Listener at 0.0.0.0/37469] INFO  reflections.Reflections (Reflections.java:scan(232)) - Reflections took 393 ms to scan 19 urls, producing 67 keys and 4232 values [using 2 cores]
2022-10-13 11:29:35,163 [Listener at 0.0.0.0/37469] INFO  ipc.CallQueueManager (CallQueueManager.java:<init>(90)) - Using callQueue: class java.util.concurrent.LinkedBlockingQueue, queueCapacity: 2000, scheduler: class org.apache.hadoop.ipc.DefaultRpcScheduler, ipcBackoff: false.
2022-10-13 11:29:35,164 [Socket Reader #1 for port 0] INFO  ipc.Server (Server.java:run(1273)) - Starting Socket Reader #1 for port 0
2022-10-13 11:29:35,186 [Listener at 127.0.0.1/37531] INFO  impl.MetricsSystemImpl (MetricsSystemImpl.java:init(158)) - OzoneManager metrics system started (again)
2022-10-13 11:29:35,197 [Listener at 127.0.0.1/37531] INFO  om.OzoneManager (OzoneManager.java:start(1483)) - OzoneManager RPC server is listening at localhost/127.0.0.1:37531
2022-10-13 11:29:35,197 [Listener at 127.0.0.1/37531] INFO  ratis.OzoneManagerRatisServer (OzoneManagerRatisServer.java:start(555)) - Starting OzoneManagerRatisServer om1 at port 9872
2022-10-13 11:29:35,197 [om1-impl-thread1] INFO  server.RaftServer$Division (RaftServerImpl.java:start(310)) - om1@group-C5BA1605619E: start as a follower, conf=-1: [om1|rpc:localhost:9872|priority:0], old=null
2022-10-13 11:29:35,197 [om1-impl-thread1] INFO  server.RaftServer$Division (RaftServerImpl.java:setRole(299)) - om1@group-C5BA1605619E: changes role from      null to FOLLOWER at term 0 for startAsFollower
2022-10-13 11:29:35,197 [om1-impl-thread1] INFO  impl.RoleInfo (RoleInfo.java:updateAndGet(139)) - om1: start om1@group-C5BA1605619E-FollowerState
2022-10-13 11:29:35,197 [om1-impl-thread1] INFO  util.JmxRegister (JmxRegister.java:tryRegister(44)) - Successfully registered JMX Bean with object name Ratis:service=RaftServer,group=group-C5BA1605619E,id=om1
2022-10-13 11:29:35,198 [Listener at 127.0.0.1/37531] INFO  server.RaftServer (RaftServerProxy.java:lambda$start$6(382)) - om1: start RPC server
2022-10-13 11:29:35,199 [Listener at 127.0.0.1/37531] INFO  server.GrpcService (GrpcService.java:startImpl(260)) - om1: GrpcService started, listening on 9872
2022-10-13 11:29:35,200 [org.apache.ratis.util.JvmPauseMonitor$$Lambda$690/1264163010@632006f3] INFO  util.JvmPauseMonitor (JvmPauseMonitor.java:run(103)) - JvmPauseMonitor-om1: Started
2022-10-13 11:29:35,200 [Listener at 127.0.0.1/37531] INFO  om.OzoneManager (OzoneManager.java:start(1499)) - Version File has different layout version (3) than OM DB (null). That is expected if this OM has never been finalized to a newer layout version.
2022-10-13 11:29:35,202 [Listener at 127.0.0.1/37531] INFO  http.BaseHttpServer (BaseHttpServer.java:newHttpServer2BuilderForOzone(213)) - Starting Web-server for ozoneManager at: http://0.0.0.0:0
2022-10-13 11:29:35,202 [Listener at 127.0.0.1/37531] INFO  http.BaseHttpServer (BaseHttpServer.java:<init>(108)) - Hadoop Security Enabled: false Ozone Security Enabled: false Ozone HTTP Security Enabled: false 
2022-10-13 11:29:35,203 [Listener at 127.0.0.1/37531] WARN  server.AuthenticationFilter (AuthenticationFilter.java:constructSecretProvider(240)) - Unable to initialize FileSignerSecretProvider, falling back to use random secrets. Reason: Could not read signature secret file: /home/runner/hadoop-http-auth-signature-secret
2022-10-13 11:29:35,205 [Listener at 127.0.0.1/37531] WARN  http.HttpRequestLog (HttpRequestLog.java:getRequestLog(103)) - Jetty request log can only be enabled using Log4j
2022-10-13 11:29:35,207 [Listener at 127.0.0.1/37531] INFO  http.HttpServer2 (HttpServer2.java:addGlobalFilter(1031)) - Added global filter 'safety' (class=org.apache.hadoop.hdds.server.http.HttpServer2$QuotingInputFilter)
2022-10-13 11:29:35,207 [Listener at 127.0.0.1/37531] INFO  http.HttpServer2 (HttpServer2.java:addFilter(1007)) - Added filter static_user_filter (class=org.apache.hadoop.http.lib.StaticUserWebFilter$StaticUserFilter) to context ozoneManager
2022-10-13 11:29:35,207 [Listener at 127.0.0.1/37531] INFO  http.HttpServer2 (HttpServer2.java:addFilter(1015)) - Added filter static_user_filter (class=org.apache.hadoop.http.lib.StaticUserWebFilter$StaticUserFilter) to context logs
2022-10-13 11:29:35,207 [Listener at 127.0.0.1/37531] INFO  http.HttpServer2 (HttpServer2.java:addFilter(1015)) - Added filter static_user_filter (class=org.apache.hadoop.http.lib.StaticUserWebFilter$StaticUserFilter) to context static
2022-10-13 11:29:35,208 [Listener at 127.0.0.1/37531] INFO  http.HttpServer2 (HttpServer2.java:bindListener(1250)) - Jetty bound to port 43591
2022-10-13 11:29:35,208 [Listener at 127.0.0.1/37531] INFO  server.Server (Server.java:doStart(375)) - jetty-9.4.43.v20210629; built: 2021-06-30T11:07:22.254Z; git: 526006ecfa3af7f1a27ef3a288e2bef7ea9dd7e8; jvm 1.8.0_345-b01
2022-10-13 11:29:35,218 [Listener at 127.0.0.1/37531] INFO  server.session (DefaultSessionIdManager.java:doStart(334)) - DefaultSessionIdManager workerName=node0
2022-10-13 11:29:35,218 [Listener at 127.0.0.1/37531] INFO  server.session (DefaultSessionIdManager.java:doStart(339)) - No SessionScavenger set, using defaults
2022-10-13 11:29:35,219 [Listener at 127.0.0.1/37531] INFO  server.session (HouseKeeper.java:startScavenging(132)) - node0 Scavenging every 600000ms
2022-10-13 11:29:35,219 [Listener at 127.0.0.1/37531] INFO  handler.ContextHandler (ContextHandler.java:doStart(915)) - Started o.e.j.s.ServletContextHandler@4bd785f{logs,/logs,file:///home/runner/work/ozone/ozone/hadoop-ozone/integration-test/target/log,AVAILABLE}
2022-10-13 11:29:35,220 [Listener at 127.0.0.1/37531] INFO  handler.ContextHandler (ContextHandler.java:doStart(915)) - Started o.e.j.s.ServletContextHandler@375d6aa{static,/static,file:///home/runner/work/ozone/ozone/hadoop-ozone/integration-test/target/test-classes/webapps/static,AVAILABLE}
2022-10-13 11:29:35,227 [Listener at 127.0.0.1/37531] INFO  handler.ContextHandler (ContextHandler.java:doStart(915)) - Started o.e.j.w.WebAppContext@46ed3f66{ozoneManager,/,file:///home/runner/work/ozone/ozone/hadoop-ozone/integration-test/target/test-classes/webapps/ozoneManager/,AVAILABLE}{file:/home/runner/work/ozone/ozone/hadoop-ozone/integration-test/target/test-classes/webapps/ozoneManager}
2022-10-13 11:29:35,229 [Listener at 127.0.0.1/37531] INFO  server.AbstractConnector (AbstractConnector.java:doStart(331)) - Started ServerConnector@77ba85e9{HTTP/1.1, (http/1.1)}{0.0.0.0:43591}
2022-10-13 11:29:35,229 [Listener at 127.0.0.1/37531] INFO  server.Server (Server.java:doStart(415)) - Started @88766ms
2022-10-13 11:29:35,229 [Listener at 127.0.0.1/37531] WARN  impl.MetricsSystemImpl (MetricsSystemImpl.java:register(279)) - Sink prometheus already exists!
2022-10-13 11:29:35,230 [Listener at 127.0.0.1/37531] INFO  http.BaseHttpServer (BaseHttpServer.java:updateConnectorAddress(333)) - HTTP server of ozoneManager listening at http://0.0.0.0:43591
2022-10-13 11:29:35,230 [IPC Server Responder] INFO  ipc.Server (Server.java:run(1512)) - IPC Server Responder: starting
2022-10-13 11:29:35,230 [IPC Server listener on 0] INFO  ipc.Server (Server.java:run(1352)) - IPC Server listener on 0: starting
2022-10-13 11:29:35,233 [Listener at 127.0.0.1/37531] INFO  om.OzoneManager (OzoneManager.java:startTrashEmptier(1920)) - Trash Interval set to 0. Files deleted won't move to trash
2022-10-13 11:29:35,247 [org.apache.hadoop.util.JvmPauseMonitor$Monitor@3c573c04] INFO  util.JvmPauseMonitor (JvmPauseMonitor.java:run(188)) - Starting JVM pause monitor
2022-10-13 11:29:35,248 [Listener at 127.0.0.1/37531] WARN  impl.MetricRegistriesImpl (MetricRegistriesImpl.java:addReporterRegistration(111)) - New reporters are added after registries were created. Some metrics will be missing from the reporter. Please add reporter before adding any new registry.
2022-10-13 11:29:35,248 [Listener at 127.0.0.1/37531] WARN  impl.MetricRegistriesImpl (MetricRegistriesImpl.java:addReporterRegistration(111)) - New reporters are added after registries were created. Some metrics will be missing from the reporter. Please add reporter before adding any new registry.
2022-10-13 11:29:35,248 [Listener at 127.0.0.1/37531] INFO  impl.MetricsSystemImpl (MetricsSystemImpl.java:init(158)) - HddsDatanode metrics system started (again)
2022-10-13 11:29:35,259 [Listener at 127.0.0.1/37531] INFO  ozone.HddsDatanodeService (HddsDatanodeService.java:start(236)) - HddsDatanodeService host:fv-az447-90.tnmeiuxxsqeu3byeydcnbj0j5d.dx.internal.cloudapp.net ip:10.1.0.139
2022-10-13 11:29:35,283 [Listener at 127.0.0.1/37531] INFO  upgrade.AbstractLayoutVersionManager (AbstractLayoutVersionManager.java:init(83)) - Initializing Layout version manager with metadata layout = DATANODE_SCHEMA_V3 (version = 4), software layout = DATANODE_SCHEMA_V3 (version = 4)
2022-10-13 11:29:35,371 [Listener at 127.0.0.1/37531] INFO  reflections.Reflections (Reflections.java:scan(232)) - Reflections took 87 ms to scan 7 urls, producing 137 keys and 328 values 
2022-10-13 11:29:35,376 [Listener at 127.0.0.1/37531] INFO  statemachine.DatanodeStateMachine (DatanodeStateMachine.java:getEndPointTaskThreadPoolSize(237)) - Datanode State Machine Task Thread Pool size 2
2022-10-13 11:29:35,378 [Listener at 127.0.0.1/37531] INFO  volume.HddsVolume (HddsVolume.java:<init>(117)) - Creating HddsVolume: /home/runner/work/ozone/ozone/hadoop-ozone/integration-test/target/test-dir/MiniOzoneClusterImpl-900e8113-aac4-448a-a9d6-76244602bcf4/datanode-0/data-0/containers/hdds of storage type : DISK capacity : 9223372036854775807
2022-10-13 11:29:35,378 [Listener at 127.0.0.1/37531] INFO  volume.MutableVolumeSet (MutableVolumeSet.java:initializeVolumeSet(174)) - Added Volume : /home/runner/work/ozone/ozone/hadoop-ozone/integration-test/target/test-dir/MiniOzoneClusterImpl-900e8113-aac4-448a-a9d6-76244602bcf4/datanode-0/data-0/containers/hdds to VolumeSet
2022-10-13 11:29:35,378 [Listener at 127.0.0.1/37531] INFO  volume.ThrottledAsyncChecker (ThrottledAsyncChecker.java:schedule(141)) - Scheduling a check for /home/runner/work/ozone/ozone/hadoop-ozone/integration-test/target/test-dir/MiniOzoneClusterImpl-900e8113-aac4-448a-a9d6-76244602bcf4/datanode-0/data-0/containers/hdds
2022-10-13 11:29:35,378 [Listener at 127.0.0.1/37531] INFO  volume.StorageVolumeChecker (StorageVolumeChecker.java:checkAllVolumes(202)) - Scheduled health check for volume /home/runner/work/ozone/ozone/hadoop-ozone/integration-test/target/test-dir/MiniOzoneClusterImpl-900e8113-aac4-448a-a9d6-76244602bcf4/datanode-0/data-0/containers/hdds
2022-10-13 11:29:35,389 [Listener at 127.0.0.1/37531] INFO  volume.MutableVolumeSet (MutableVolumeSet.java:initializeVolumeSet(174)) - Added Volume : /home/runner/work/ozone/ozone/hadoop-ozone/integration-test/target/test-dir/MiniOzoneClusterImpl-900e8113-aac4-448a-a9d6-76244602bcf4/datanode-0/data/ratis to VolumeSet
2022-10-13 11:29:35,390 [Listener at 127.0.0.1/37531] INFO  volume.ThrottledAsyncChecker (ThrottledAsyncChecker.java:schedule(141)) - Scheduling a check for /home/runner/work/ozone/ozone/hadoop-ozone/integration-test/target/test-dir/MiniOzoneClusterImpl-900e8113-aac4-448a-a9d6-76244602bcf4/datanode-0/data/ratis
2022-10-13 11:29:35,390 [Listener at 127.0.0.1/37531] INFO  volume.StorageVolumeChecker (StorageVolumeChecker.java:checkAllVolumes(202)) - Scheduled health check for volume /home/runner/work/ozone/ozone/hadoop-ozone/integration-test/target/test-dir/MiniOzoneClusterImpl-900e8113-aac4-448a-a9d6-76244602bcf4/datanode-0/data/ratis
2022-10-13 11:29:35,400 [Thread-1136] INFO  ozoneimpl.ContainerReader (ContainerReader.java:readVolume(175)) - Finish verifying containers on volume /home/runner/work/ozone/ozone/hadoop-ozone/integration-test/target/test-dir/MiniOzoneClusterImpl-900e8113-aac4-448a-a9d6-76244602bcf4/datanode-0/data-0/containers/hdds
2022-10-13 11:29:35,400 [Listener at 127.0.0.1/37531] INFO  ozoneimpl.OzoneContainer (OzoneContainer.java:buildContainerSet(300)) - Build ContainerSet costs 0s
2022-10-13 11:29:35,402 [Listener at 127.0.0.1/37531] INFO  server.RaftServer (ConfUtils.java:logGet(46)) - raft.rpc.type = GRPC (default)
2022-10-13 11:29:35,402 [Listener at 127.0.0.1/37531] INFO  grpc.GrpcFactory (GrpcFactory.java:checkPooledByteBufAllocatorUseCacheForAllThreads(48)) - PERFORMANCE WARNING: useCacheForAllThreads is true that may cause Netty to create a lot garbage objects and, as a result, trigger GC.
	It is recommended to disable useCacheForAllThreads by setting -Dorg.apache.ratis.thirdparty.io.netty.allocator.useCacheForAllThreads=false in command line.
2022-10-13 11:29:35,402 [Listener at 127.0.0.1/37531] INFO  grpc.GrpcConfigKeys (ConfUtils.java:logGet(46)) - raft.grpc.admin.port = 0 (custom)
2022-10-13 11:29:35,402 [Listener at 127.0.0.1/37531] INFO  grpc.GrpcConfigKeys (ConfUtils.java:logGet(46)) - raft.grpc.client.port = 0 (custom)
2022-10-13 11:29:35,402 [Listener at 127.0.0.1/37531] INFO  grpc.GrpcConfigKeys (ConfUtils.java:logGet(46)) - raft.grpc.server.port = 0 (default)
2022-10-13 11:29:35,403 [Listener at 127.0.0.1/37531] INFO  server.GrpcService (ConfUtils.java:logGet(46)) - raft.grpc.message.size.max = 32MB (=33554432) (custom)
2022-10-13 11:29:35,403 [Listener at 127.0.0.1/37531] INFO  server.RaftServerConfigKeys (ConfUtils.java:logGet(46)) - raft.server.log.appender.buffer.byte-limit = 33554432 (custom)
2022-10-13 11:29:35,403 [Listener at 127.0.0.1/37531] INFO  server.GrpcService (ConfUtils.java:logGet(46)) - raft.grpc.flow.control.window = 5MB (=5242880) (custom)
2022-10-13 11:29:35,403 [Listener at 127.0.0.1/37531] INFO  server.RaftServerConfigKeys (ConfUtils.java:logGet(46)) - raft.server.rpc.request.timeout = 60s (custom)
2022-10-13 11:29:35,403 [Listener at 127.0.0.1/37531] INFO  grpc.GrpcConfigKeys (ConfUtils.java:logGet(46)) - raft.grpc.server.async.request.thread.pool.cached = true (default)
2022-10-13 11:29:35,403 [Listener at 127.0.0.1/37531] INFO  grpc.GrpcConfigKeys (ConfUtils.java:logGet(46)) - raft.grpc.server.async.request.thread.pool.size = 32 (default)
2022-10-13 11:29:35,404 [Listener at 127.0.0.1/37531] INFO  impl.DataStreamServerImpl (ConfUtils.java:logGet(46)) - raft.datastream.type = DISABLED (default)
2022-10-13 11:29:35,405 [Listener at 127.0.0.1/37531] INFO  server.RaftServerConfigKeys (ConfUtils.java:logGet(46)) - raft.server.threadpool.proxy.cached = true (default)
2022-10-13 11:29:35,405 [Listener at 127.0.0.1/37531] INFO  server.RaftServerConfigKeys (ConfUtils.java:logGet(46)) - raft.server.threadpool.proxy.size = 0 (default)
2022-10-13 11:29:35,405 [Listener at 127.0.0.1/37531] INFO  server.RaftServerConfigKeys (ConfUtils.java:logGet(46)) - raft.server.rpc.slowness.timeout = 300s (custom)
2022-10-13 11:29:35,405 [Listener at 127.0.0.1/37531] INFO  server.RaftServerConfigKeys (ConfUtils.java:logGet(46)) - raft.server.leaderelection.leader.step-down.wait-time = 10s (default)
2022-10-13 11:29:35,405 [Listener at 127.0.0.1/37531] INFO  server.RaftServerConfigKeys (ConfUtils.java:logGet(46)) - raft.server.storage.dir = [/home/runner/work/ozone/ozone/hadoop-ozone/integration-test/target/test-dir/MiniOzoneClusterImpl-900e8113-aac4-448a-a9d6-76244602bcf4/datanode-0/data/ratis] (custom)
2022-10-13 11:29:35,407 [Listener at 127.0.0.1/37531] INFO  server.XceiverServerGrpc (XceiverServerGrpc.java:<init>(132)) - GrpcServer channel type EpollServerSocketChannel
2022-10-13 11:29:35,409 [Listener at 127.0.0.1/37531] INFO  http.BaseHttpServer (BaseHttpServer.java:newHttpServer2BuilderForOzone(213)) - Starting Web-server for hddsDatanode at: http://0.0.0.0:0
2022-10-13 11:29:35,409 [Listener at 127.0.0.1/37531] INFO  http.BaseHttpServer (BaseHttpServer.java:<init>(108)) - Hadoop Security Enabled: false Ozone Security Enabled: false Ozone HTTP Security Enabled: false 
2022-10-13 11:29:35,410 [Listener at 127.0.0.1/37531] WARN  server.AuthenticationFilter (AuthenticationFilter.java:constructSecretProvider(240)) - Unable to initialize FileSignerSecretProvider, falling back to use random secrets. Reason: Could not read signature secret file: /home/runner/hadoop-http-auth-signature-secret
2022-10-13 11:29:35,411 [Listener at 127.0.0.1/37531] WARN  http.HttpRequestLog (HttpRequestLog.java:getRequestLog(103)) - Jetty request log can only be enabled using Log4j
2022-10-13 11:29:35,412 [Listener at 127.0.0.1/37531] INFO  http.HttpServer2 (HttpServer2.java:addGlobalFilter(1031)) - Added global filter 'safety' (class=org.apache.hadoop.hdds.server.http.HttpServer2$QuotingInputFilter)
2022-10-13 11:29:35,412 [Listener at 127.0.0.1/37531] INFO  http.HttpServer2 (HttpServer2.java:addFilter(1007)) - Added filter static_user_filter (class=org.apache.hadoop.http.lib.StaticUserWebFilter$StaticUserFilter) to context hddsDatanode
2022-10-13 11:29:35,412 [Listener at 127.0.0.1/37531] INFO  http.HttpServer2 (HttpServer2.java:addFilter(1015)) - Added filter static_user_filter (class=org.apache.hadoop.http.lib.StaticUserWebFilter$StaticUserFilter) to context static
2022-10-13 11:29:35,412 [Listener at 127.0.0.1/37531] INFO  http.HttpServer2 (HttpServer2.java:addFilter(1015)) - Added filter static_user_filter (class=org.apache.hadoop.http.lib.StaticUserWebFilter$StaticUserFilter) to context logs
2022-10-13 11:29:35,413 [Listener at 127.0.0.1/37531] INFO  http.HttpServer2 (HttpServer2.java:bindListener(1250)) - Jetty bound to port 42003
2022-10-13 11:29:35,413 [Listener at 127.0.0.1/37531] INFO  server.Server (Server.java:doStart(375)) - jetty-9.4.43.v20210629; built: 2021-06-30T11:07:22.254Z; git: 526006ecfa3af7f1a27ef3a288e2bef7ea9dd7e8; jvm 1.8.0_345-b01
2022-10-13 11:29:35,414 [Listener at 127.0.0.1/37531] INFO  server.session (DefaultSessionIdManager.java:doStart(334)) - DefaultSessionIdManager workerName=node0
2022-10-13 11:29:35,414 [Listener at 127.0.0.1/37531] INFO  server.session (DefaultSessionIdManager.java:doStart(339)) - No SessionScavenger set, using defaults
2022-10-13 11:29:35,414 [Listener at 127.0.0.1/37531] INFO  server.session (HouseKeeper.java:startScavenging(132)) - node0 Scavenging every 660000ms
2022-10-13 11:29:35,415 [Listener at 127.0.0.1/37531] INFO  handler.ContextHandler (ContextHandler.java:doStart(915)) - Started o.e.j.s.ServletContextHandler@3eb452ca{logs,/logs,file:///home/runner/work/ozone/ozone/hadoop-ozone/integration-test/target/log,AVAILABLE}
2022-10-13 11:29:35,415 [Listener at 127.0.0.1/37531] INFO  handler.ContextHandler (ContextHandler.java:doStart(915)) - Started o.e.j.s.ServletContextHandler@52529090{static,/static,jar:file:/home/runner/.m2/repository/org/apache/ozone/hdds-container-service/1.3.0-SNAPSHOT/hdds-container-service-1.3.0-SNAPSHOT.jar!/webapps/static,AVAILABLE}
2022-10-13 11:29:35,591 [Listener at 127.0.0.1/37531] INFO  handler.ContextHandler (ContextHandler.java:doStart(915)) - Started o.e.j.w.WebAppContext@12c1371e{hddsDatanode,/,file:///tmp/jetty-0_0_0_0-42003-hdds-container-service-1_3_0-SNAPSHOT_jar-_-any-8761376002689062664/webapp/,AVAILABLE}{jar:file:/home/runner/.m2/repository/org/apache/ozone/hdds-container-service/1.3.0-SNAPSHOT/hdds-container-service-1.3.0-SNAPSHOT.jar!/webapps/hddsDatanode}
2022-10-13 11:29:35,592 [Listener at 127.0.0.1/37531] INFO  server.AbstractConnector (AbstractConnector.java:doStart(331)) - Started ServerConnector@6c3c2718{HTTP/1.1, (http/1.1)}{0.0.0.0:42003}
2022-10-13 11:29:35,592 [Listener at 127.0.0.1/37531] INFO  server.Server (Server.java:doStart(415)) - Started @89130ms
2022-10-13 11:29:35,592 [Listener at 127.0.0.1/37531] WARN  impl.MetricsSystemImpl (MetricsSystemImpl.java:register(279)) - Sink prometheus already exists!
2022-10-13 11:29:35,593 [Listener at 127.0.0.1/37531] INFO  http.BaseHttpServer (BaseHttpServer.java:updateConnectorAddress(333)) - HTTP server of hddsDatanode listening at http://0.0.0.0:42003
2022-10-13 11:29:35,594 [Datanode State Machine Daemon Thread] INFO  statemachine.DatanodeStateMachine (DatanodeStateMachine.java:lambda$startDaemon$0(492)) - Ozone container server started.
2022-10-13 11:29:35,594 [Listener at 127.0.0.1/37531] WARN  impl.MetricRegistriesImpl (MetricRegistriesImpl.java:addReporterRegistration(111)) - New reporters are added after registries were created. Some metrics will be missing from the reporter. Please add reporter before adding any new registry.
2022-10-13 11:29:35,594 [Listener at 127.0.0.1/37531] WARN  impl.MetricRegistriesImpl (MetricRegistriesImpl.java:addReporterRegistration(111)) - New reporters are added after registries were created. Some metrics will be missing from the reporter. Please add reporter before adding any new registry.
2022-10-13 11:29:35,595 [Listener at 127.0.0.1/37531] INFO  impl.MetricsSystemImpl (MetricsSystemImpl.java:init(158)) - HddsDatanode metrics system started (again)
2022-10-13 11:29:35,604 [Listener at 127.0.0.1/37531] INFO  ozone.HddsDatanodeService (HddsDatanodeService.java:start(236)) - HddsDatanodeService host:fv-az447-90.tnmeiuxxsqeu3byeydcnbj0j5d.dx.internal.cloudapp.net ip:10.1.0.139
2022-10-13 11:29:35,605 [org.apache.hadoop.util.JvmPauseMonitor$Monitor@3d0a01e6] INFO  util.JvmPauseMonitor (JvmPauseMonitor.java:run(188)) - Starting JVM pause monitor
2022-10-13 11:29:35,606 [Datanode State Machine Task Thread - 0] INFO  datanode.InitDatanodeState (InitDatanodeState.java:persistContainerDatanodeDetails(138)) - DatanodeDetails is persisted to /home/runner/work/ozone/ozone/hadoop-ozone/integration-test/target/test-dir/MiniOzoneClusterImpl-900e8113-aac4-448a-a9d6-76244602bcf4/datanode-0/meta/datanode.id
2022-10-13 11:29:35,632 [Listener at 127.0.0.1/37531] INFO  upgrade.AbstractLayoutVersionManager (AbstractLayoutVersionManager.java:init(83)) - Initializing Layout version manager with metadata layout = DATANODE_SCHEMA_V3 (version = 4), software layout = DATANODE_SCHEMA_V3 (version = 4)
2022-10-13 11:29:35,674 [Listener at 127.0.0.1/37531] INFO  reflections.Reflections (Reflections.java:scan(232)) - Reflections took 41 ms to scan 7 urls, producing 137 keys and 328 values 
2022-10-13 11:29:35,675 [Listener at 127.0.0.1/37531] INFO  statemachine.DatanodeStateMachine (DatanodeStateMachine.java:getEndPointTaskThreadPoolSize(237)) - Datanode State Machine Task Thread Pool size 2
2022-10-13 11:29:35,678 [Listener at 127.0.0.1/37531] INFO  volume.HddsVolume (HddsVolume.java:<init>(117)) - Creating HddsVolume: /home/runner/work/ozone/ozone/hadoop-ozone/integration-test/target/test-dir/MiniOzoneClusterImpl-900e8113-aac4-448a-a9d6-76244602bcf4/datanode-1/data-0/containers/hdds of storage type : DISK capacity : 9223372036854775807
2022-10-13 11:29:35,678 [Listener at 127.0.0.1/37531] INFO  volume.MutableVolumeSet (MutableVolumeSet.java:initializeVolumeSet(174)) - Added Volume : /home/runner/work/ozone/ozone/hadoop-ozone/integration-test/target/test-dir/MiniOzoneClusterImpl-900e8113-aac4-448a-a9d6-76244602bcf4/datanode-1/data-0/containers/hdds to VolumeSet
2022-10-13 11:29:35,678 [Listener at 127.0.0.1/37531] INFO  volume.ThrottledAsyncChecker (ThrottledAsyncChecker.java:schedule(141)) - Scheduling a check for /home/runner/work/ozone/ozone/hadoop-ozone/integration-test/target/test-dir/MiniOzoneClusterImpl-900e8113-aac4-448a-a9d6-76244602bcf4/datanode-1/data-0/containers/hdds
2022-10-13 11:29:35,679 [Listener at 127.0.0.1/37531] INFO  volume.StorageVolumeChecker (StorageVolumeChecker.java:checkAllVolumes(202)) - Scheduled health check for volume /home/runner/work/ozone/ozone/hadoop-ozone/integration-test/target/test-dir/MiniOzoneClusterImpl-900e8113-aac4-448a-a9d6-76244602bcf4/datanode-1/data-0/containers/hdds
2022-10-13 11:29:35,689 [Listener at 127.0.0.1/37531] INFO  volume.MutableVolumeSet (MutableVolumeSet.java:initializeVolumeSet(174)) - Added Volume : /home/runner/work/ozone/ozone/hadoop-ozone/integration-test/target/test-dir/MiniOzoneClusterImpl-900e8113-aac4-448a-a9d6-76244602bcf4/datanode-1/data/ratis to VolumeSet
2022-10-13 11:29:35,689 [Listener at 127.0.0.1/37531] INFO  volume.ThrottledAsyncChecker (ThrottledAsyncChecker.java:schedule(141)) - Scheduling a check for /home/runner/work/ozone/ozone/hadoop-ozone/integration-test/target/test-dir/MiniOzoneClusterImpl-900e8113-aac4-448a-a9d6-76244602bcf4/datanode-1/data/ratis
2022-10-13 11:29:35,689 [Listener at 127.0.0.1/37531] INFO  volume.StorageVolumeChecker (StorageVolumeChecker.java:checkAllVolumes(202)) - Scheduled health check for volume /home/runner/work/ozone/ozone/hadoop-ozone/integration-test/target/test-dir/MiniOzoneClusterImpl-900e8113-aac4-448a-a9d6-76244602bcf4/datanode-1/data/ratis
2022-10-13 11:29:35,698 [Thread-1149] INFO  ozoneimpl.ContainerReader (ContainerReader.java:readVolume(175)) - Finish verifying containers on volume /home/runner/work/ozone/ozone/hadoop-ozone/integration-test/target/test-dir/MiniOzoneClusterImpl-900e8113-aac4-448a-a9d6-76244602bcf4/datanode-1/data-0/containers/hdds
2022-10-13 11:29:35,698 [Listener at 127.0.0.1/37531] INFO  ozoneimpl.OzoneContainer (OzoneContainer.java:buildContainerSet(300)) - Build ContainerSet costs 0s
2022-10-13 11:29:35,700 [Listener at 127.0.0.1/37531] INFO  server.RaftServer (ConfUtils.java:logGet(46)) - raft.rpc.type = GRPC (default)
2022-10-13 11:29:35,700 [Listener at 127.0.0.1/37531] INFO  grpc.GrpcFactory (GrpcFactory.java:checkPooledByteBufAllocatorUseCacheForAllThreads(48)) - PERFORMANCE WARNING: useCacheForAllThreads is true that may cause Netty to create a lot garbage objects and, as a result, trigger GC.
	It is recommended to disable useCacheForAllThreads by setting -Dorg.apache.ratis.thirdparty.io.netty.allocator.useCacheForAllThreads=false in command line.
2022-10-13 11:29:35,700 [Listener at 127.0.0.1/37531] INFO  grpc.GrpcConfigKeys (ConfUtils.java:logGet(46)) - raft.grpc.admin.port = 0 (custom)
2022-10-13 11:29:35,700 [Listener at 127.0.0.1/37531] INFO  grpc.GrpcConfigKeys (ConfUtils.java:logGet(46)) - raft.grpc.client.port = 0 (custom)
2022-10-13 11:29:35,700 [Listener at 127.0.0.1/37531] INFO  grpc.GrpcConfigKeys (ConfUtils.java:logGet(46)) - raft.grpc.server.port = 0 (default)
2022-10-13 11:29:35,701 [Listener at 127.0.0.1/37531] INFO  server.GrpcService (ConfUtils.java:logGet(46)) - raft.grpc.message.size.max = 32MB (=33554432) (custom)
2022-10-13 11:29:35,701 [Listener at 127.0.0.1/37531] INFO  server.RaftServerConfigKeys (ConfUtils.java:logGet(46)) - raft.server.log.appender.buffer.byte-limit = 33554432 (custom)
2022-10-13 11:29:35,701 [Listener at 127.0.0.1/37531] INFO  server.GrpcService (ConfUtils.java:logGet(46)) - raft.grpc.flow.control.window = 5MB (=5242880) (custom)
2022-10-13 11:29:35,701 [Listener at 127.0.0.1/37531] INFO  server.RaftServerConfigKeys (ConfUtils.java:logGet(46)) - raft.server.rpc.request.timeout = 60s (custom)
2022-10-13 11:29:35,701 [Listener at 127.0.0.1/37531] INFO  grpc.GrpcConfigKeys (ConfUtils.java:logGet(46)) - raft.grpc.server.async.request.thread.pool.cached = true (default)
2022-10-13 11:29:35,701 [Listener at 127.0.0.1/37531] INFO  grpc.GrpcConfigKeys (ConfUtils.java:logGet(46)) - raft.grpc.server.async.request.thread.pool.size = 32 (default)
2022-10-13 11:29:35,702 [Listener at 127.0.0.1/37531] INFO  impl.DataStreamServerImpl (ConfUtils.java:logGet(46)) - raft.datastream.type = DISABLED (default)
2022-10-13 11:29:35,702 [Listener at 127.0.0.1/37531] INFO  server.RaftServerConfigKeys (ConfUtils.java:logGet(46)) - raft.server.threadpool.proxy.cached = true (default)
2022-10-13 11:29:35,703 [Listener at 127.0.0.1/37531] INFO  server.RaftServerConfigKeys (ConfUtils.java:logGet(46)) - raft.server.threadpool.proxy.size = 0 (default)
2022-10-13 11:29:35,703 [Listener at 127.0.0.1/37531] INFO  server.RaftServerConfigKeys (ConfUtils.java:logGet(46)) - raft.server.rpc.slowness.timeout = 300s (custom)
2022-10-13 11:29:35,703 [Listener at 127.0.0.1/37531] INFO  server.RaftServerConfigKeys (ConfUtils.java:logGet(46)) - raft.server.leaderelection.leader.step-down.wait-time = 10s (default)
2022-10-13 11:29:35,703 [Listener at 127.0.0.1/37531] INFO  server.RaftServerConfigKeys (ConfUtils.java:logGet(46)) - raft.server.storage.dir = [/home/runner/work/ozone/ozone/hadoop-ozone/integration-test/target/test-dir/MiniOzoneClusterImpl-900e8113-aac4-448a-a9d6-76244602bcf4/datanode-1/data/ratis] (custom)
2022-10-13 11:29:35,704 [Listener at 127.0.0.1/37531] INFO  server.XceiverServerGrpc (XceiverServerGrpc.java:<init>(132)) - GrpcServer channel type EpollServerSocketChannel
2022-10-13 11:29:35,707 [Listener at 127.0.0.1/37531] INFO  http.BaseHttpServer (BaseHttpServer.java:newHttpServer2BuilderForOzone(213)) - Starting Web-server for hddsDatanode at: http://0.0.0.0:0
2022-10-13 11:29:35,707 [Listener at 127.0.0.1/37531] INFO  http.BaseHttpServer (BaseHttpServer.java:<init>(108)) - Hadoop Security Enabled: false Ozone Security Enabled: false Ozone HTTP Security Enabled: false 
2022-10-13 11:29:35,708 [Listener at 127.0.0.1/37531] WARN  server.AuthenticationFilter (AuthenticationFilter.java:constructSecretProvider(240)) - Unable to initialize FileSignerSecretProvider, falling back to use random secrets. Reason: Could not read signature secret file: /home/runner/hadoop-http-auth-signature-secret
2022-10-13 11:29:35,709 [Listener at 127.0.0.1/37531] WARN  http.HttpRequestLog (HttpRequestLog.java:getRequestLog(103)) - Jetty request log can only be enabled using Log4j
2022-10-13 11:29:35,710 [Listener at 127.0.0.1/37531] INFO  http.HttpServer2 (HttpServer2.java:addGlobalFilter(1031)) - Added global filter 'safety' (class=org.apache.hadoop.hdds.server.http.HttpServer2$QuotingInputFilter)
2022-10-13 11:29:35,710 [Listener at 127.0.0.1/37531] INFO  http.HttpServer2 (HttpServer2.java:addFilter(1007)) - Added filter static_user_filter (class=org.apache.hadoop.http.lib.StaticUserWebFilter$StaticUserFilter) to context hddsDatanode
2022-10-13 11:29:35,710 [Listener at 127.0.0.1/37531] INFO  http.HttpServer2 (HttpServer2.java:addFilter(1015)) - Added filter static_user_filter (class=org.apache.hadoop.http.lib.StaticUserWebFilter$StaticUserFilter) to context logs
2022-10-13 11:29:35,711 [Listener at 127.0.0.1/37531] INFO  http.HttpServer2 (HttpServer2.java:addFilter(1015)) - Added filter static_user_filter (class=org.apache.hadoop.http.lib.StaticUserWebFilter$StaticUserFilter) to context static
2022-10-13 11:29:35,712 [Listener at 127.0.0.1/37531] INFO  http.HttpServer2 (HttpServer2.java:bindListener(1250)) - Jetty bound to port 41801
2022-10-13 11:29:35,712 [Listener at 127.0.0.1/37531] INFO  server.Server (Server.java:doStart(375)) - jetty-9.4.43.v20210629; built: 2021-06-30T11:07:22.254Z; git: 526006ecfa3af7f1a27ef3a288e2bef7ea9dd7e8; jvm 1.8.0_345-b01
2022-10-13 11:29:35,715 [Listener at 127.0.0.1/37531] INFO  server.session (DefaultSessionIdManager.java:doStart(334)) - DefaultSessionIdManager workerName=node0
2022-10-13 11:29:35,715 [Listener at 127.0.0.1/37531] INFO  server.session (DefaultSessionIdManager.java:doStart(339)) - No SessionScavenger set, using defaults
2022-10-13 11:29:35,715 [Listener at 127.0.0.1/37531] INFO  server.session (HouseKeeper.java:startScavenging(132)) - node0 Scavenging every 600000ms
2022-10-13 11:29:35,718 [Listener at 127.0.0.1/37531] INFO  handler.ContextHandler (ContextHandler.java:doStart(915)) - Started o.e.j.s.ServletContextHandler@4c59f5e8{logs,/logs,file:///home/runner/work/ozone/ozone/hadoop-ozone/integration-test/target/log,AVAILABLE}
2022-10-13 11:29:35,718 [Listener at 127.0.0.1/37531] INFO  handler.ContextHandler (ContextHandler.java:doStart(915)) - Started o.e.j.s.ServletContextHandler@16c48d5a{static,/static,jar:file:/home/runner/.m2/repository/org/apache/ozone/hdds-container-service/1.3.0-SNAPSHOT/hdds-container-service-1.3.0-SNAPSHOT.jar!/webapps/static,AVAILABLE}
2022-10-13 11:29:35,895 [Listener at 127.0.0.1/37531] INFO  handler.ContextHandler (ContextHandler.java:doStart(915)) - Started o.e.j.w.WebAppContext@d66374c{hddsDatanode,/,file:///tmp/jetty-0_0_0_0-41801-hdds-container-service-1_3_0-SNAPSHOT_jar-_-any-1896334790097280572/webapp/,AVAILABLE}{jar:file:/home/runner/.m2/repository/org/apache/ozone/hdds-container-service/1.3.0-SNAPSHOT/hdds-container-service-1.3.0-SNAPSHOT.jar!/webapps/hddsDatanode}
2022-10-13 11:29:35,897 [Listener at 127.0.0.1/37531] INFO  server.AbstractConnector (AbstractConnector.java:doStart(331)) - Started ServerConnector@60513bea{HTTP/1.1, (http/1.1)}{0.0.0.0:41801}
2022-10-13 11:29:35,897 [Listener at 127.0.0.1/37531] INFO  server.Server (Server.java:doStart(415)) - Started @89434ms
2022-10-13 11:29:35,897 [Listener at 127.0.0.1/37531] WARN  impl.MetricsSystemImpl (MetricsSystemImpl.java:register(279)) - Sink prometheus already exists!
2022-10-13 11:29:35,898 [Listener at 127.0.0.1/37531] INFO  http.BaseHttpServer (BaseHttpServer.java:updateConnectorAddress(333)) - HTTP server of hddsDatanode listening at http://0.0.0.0:41801
2022-10-13 11:29:35,898 [Datanode State Machine Daemon Thread] INFO  statemachine.DatanodeStateMachine (DatanodeStateMachine.java:lambda$startDaemon$0(492)) - Ozone container server started.
2022-10-13 11:29:35,898 [Listener at 127.0.0.1/37531] WARN  impl.MetricRegistriesImpl (MetricRegistriesImpl.java:addReporterRegistration(111)) - New reporters are added after registries were created. Some metrics will be missing from the reporter. Please add reporter before adding any new registry.
2022-10-13 11:29:35,899 [Listener at 127.0.0.1/37531] WARN  impl.MetricRegistriesImpl (MetricRegistriesImpl.java:addReporterRegistration(111)) - New reporters are added after registries were created. Some metrics will be missing from the reporter. Please add reporter before adding any new registry.
2022-10-13 11:29:35,899 [Listener at 127.0.0.1/37531] INFO  impl.MetricsSystemImpl (MetricsSystemImpl.java:init(158)) - HddsDatanode metrics system started (again)
2022-10-13 11:29:35,909 [Listener at 127.0.0.1/37531] INFO  ozone.HddsDatanodeService (HddsDatanodeService.java:start(236)) - HddsDatanodeService host:fv-az447-90.tnmeiuxxsqeu3byeydcnbj0j5d.dx.internal.cloudapp.net ip:10.1.0.139
2022-10-13 11:29:35,910 [org.apache.hadoop.util.JvmPauseMonitor$Monitor@2f963567] INFO  util.JvmPauseMonitor (JvmPauseMonitor.java:run(188)) - Starting JVM pause monitor
2022-10-13 11:29:35,918 [Datanode State Machine Task Thread - 0] INFO  datanode.InitDatanodeState (InitDatanodeState.java:persistContainerDatanodeDetails(138)) - DatanodeDetails is persisted to /home/runner/work/ozone/ozone/hadoop-ozone/integration-test/target/test-dir/MiniOzoneClusterImpl-900e8113-aac4-448a-a9d6-76244602bcf4/datanode-1/meta/datanode.id
2022-10-13 11:29:35,938 [Listener at 127.0.0.1/37531] INFO  upgrade.AbstractLayoutVersionManager (AbstractLayoutVersionManager.java:init(83)) - Initializing Layout version manager with metadata layout = DATANODE_SCHEMA_V3 (version = 4), software layout = DATANODE_SCHEMA_V3 (version = 4)
2022-10-13 11:29:35,981 [Listener at 127.0.0.1/37531] INFO  reflections.Reflections (Reflections.java:scan(232)) - Reflections took 41 ms to scan 7 urls, producing 137 keys and 328 values 
2022-10-13 11:29:35,982 [Listener at 127.0.0.1/37531] INFO  statemachine.DatanodeStateMachine (DatanodeStateMachine.java:getEndPointTaskThreadPoolSize(237)) - Datanode State Machine Task Thread Pool size 2
2022-10-13 11:29:35,985 [Listener at 127.0.0.1/37531] INFO  volume.HddsVolume (HddsVolume.java:<init>(117)) - Creating HddsVolume: /home/runner/work/ozone/ozone/hadoop-ozone/integration-test/target/test-dir/MiniOzoneClusterImpl-900e8113-aac4-448a-a9d6-76244602bcf4/datanode-2/data-0/containers/hdds of storage type : DISK capacity : 9223372036854775807
2022-10-13 11:29:35,985 [Listener at 127.0.0.1/37531] INFO  volume.MutableVolumeSet (MutableVolumeSet.java:initializeVolumeSet(174)) - Added Volume : /home/runner/work/ozone/ozone/hadoop-ozone/integration-test/target/test-dir/MiniOzoneClusterImpl-900e8113-aac4-448a-a9d6-76244602bcf4/datanode-2/data-0/containers/hdds to VolumeSet
2022-10-13 11:29:35,985 [Listener at 127.0.0.1/37531] INFO  volume.ThrottledAsyncChecker (ThrottledAsyncChecker.java:schedule(141)) - Scheduling a check for /home/runner/work/ozone/ozone/hadoop-ozone/integration-test/target/test-dir/MiniOzoneClusterImpl-900e8113-aac4-448a-a9d6-76244602bcf4/datanode-2/data-0/containers/hdds
2022-10-13 11:29:35,987 [Listener at 127.0.0.1/37531] INFO  volume.StorageVolumeChecker (StorageVolumeChecker.java:checkAllVolumes(202)) - Scheduled health check for volume /home/runner/work/ozone/ozone/hadoop-ozone/integration-test/target/test-dir/MiniOzoneClusterImpl-900e8113-aac4-448a-a9d6-76244602bcf4/datanode-2/data-0/containers/hdds
2022-10-13 11:29:35,998 [Listener at 127.0.0.1/37531] INFO  volume.MutableVolumeSet (MutableVolumeSet.java:initializeVolumeSet(174)) - Added Volume : /home/runner/work/ozone/ozone/hadoop-ozone/integration-test/target/test-dir/MiniOzoneClusterImpl-900e8113-aac4-448a-a9d6-76244602bcf4/datanode-2/data/ratis to VolumeSet
2022-10-13 11:29:35,998 [Listener at 127.0.0.1/37531] INFO  volume.ThrottledAsyncChecker (ThrottledAsyncChecker.java:schedule(141)) - Scheduling a check for /home/runner/work/ozone/ozone/hadoop-ozone/integration-test/target/test-dir/MiniOzoneClusterImpl-900e8113-aac4-448a-a9d6-76244602bcf4/datanode-2/data/ratis
2022-10-13 11:29:35,998 [Listener at 127.0.0.1/37531] INFO  volume.StorageVolumeChecker (StorageVolumeChecker.java:checkAllVolumes(202)) - Scheduled health check for volume /home/runner/work/ozone/ozone/hadoop-ozone/integration-test/target/test-dir/MiniOzoneClusterImpl-900e8113-aac4-448a-a9d6-76244602bcf4/datanode-2/data/ratis
2022-10-13 11:29:36,008 [Thread-1162] INFO  ozoneimpl.ContainerReader (ContainerReader.java:readVolume(175)) - Finish verifying containers on volume /home/runner/work/ozone/ozone/hadoop-ozone/integration-test/target/test-dir/MiniOzoneClusterImpl-900e8113-aac4-448a-a9d6-76244602bcf4/datanode-2/data-0/containers/hdds
2022-10-13 11:29:36,009 [Listener at 127.0.0.1/37531] INFO  ozoneimpl.OzoneContainer (OzoneContainer.java:buildContainerSet(300)) - Build ContainerSet costs 0s
2022-10-13 11:29:36,010 [Listener at 127.0.0.1/37531] INFO  server.RaftServer (ConfUtils.java:logGet(46)) - raft.rpc.type = GRPC (default)
2022-10-13 11:29:36,010 [Listener at 127.0.0.1/37531] INFO  grpc.GrpcFactory (GrpcFactory.java:checkPooledByteBufAllocatorUseCacheForAllThreads(48)) - PERFORMANCE WARNING: useCacheForAllThreads is true that may cause Netty to create a lot garbage objects and, as a result, trigger GC.
	It is recommended to disable useCacheForAllThreads by setting -Dorg.apache.ratis.thirdparty.io.netty.allocator.useCacheForAllThreads=false in command line.
2022-10-13 11:29:36,011 [Listener at 127.0.0.1/37531] INFO  grpc.GrpcConfigKeys (ConfUtils.java:logGet(46)) - raft.grpc.admin.port = 0 (custom)
2022-10-13 11:29:36,011 [Listener at 127.0.0.1/37531] INFO  grpc.GrpcConfigKeys (ConfUtils.java:logGet(46)) - raft.grpc.client.port = 0 (custom)
2022-10-13 11:29:36,011 [Listener at 127.0.0.1/37531] INFO  grpc.GrpcConfigKeys (ConfUtils.java:logGet(46)) - raft.grpc.server.port = 0 (default)
2022-10-13 11:29:36,011 [Listener at 127.0.0.1/37531] INFO  server.GrpcService (ConfUtils.java:logGet(46)) - raft.grpc.message.size.max = 32MB (=33554432) (custom)
2022-10-13 11:29:36,011 [Listener at 127.0.0.1/37531] INFO  server.RaftServerConfigKeys (ConfUtils.java:logGet(46)) - raft.server.log.appender.buffer.byte-limit = 33554432 (custom)
2022-10-13 11:29:36,011 [Listener at 127.0.0.1/37531] INFO  server.GrpcService (ConfUtils.java:logGet(46)) - raft.grpc.flow.control.window = 5MB (=5242880) (custom)
2022-10-13 11:29:36,011 [Listener at 127.0.0.1/37531] INFO  server.RaftServerConfigKeys (ConfUtils.java:logGet(46)) - raft.server.rpc.request.timeout = 60s (custom)
2022-10-13 11:29:36,012 [Listener at 127.0.0.1/37531] INFO  grpc.GrpcConfigKeys (ConfUtils.java:logGet(46)) - raft.grpc.server.async.request.thread.pool.cached = true (default)
2022-10-13 11:29:36,012 [Listener at 127.0.0.1/37531] INFO  grpc.GrpcConfigKeys (ConfUtils.java:logGet(46)) - raft.grpc.server.async.request.thread.pool.size = 32 (default)
2022-10-13 11:29:36,013 [Listener at 127.0.0.1/37531] INFO  impl.DataStreamServerImpl (ConfUtils.java:logGet(46)) - raft.datastream.type = DISABLED (default)
2022-10-13 11:29:36,013 [Listener at 127.0.0.1/37531] INFO  server.RaftServerConfigKeys (ConfUtils.java:logGet(46)) - raft.server.threadpool.proxy.cached = true (default)
2022-10-13 11:29:36,013 [Listener at 127.0.0.1/37531] INFO  server.RaftServerConfigKeys (ConfUtils.java:logGet(46)) - raft.server.threadpool.proxy.size = 0 (default)
2022-10-13 11:29:36,013 [Listener at 127.0.0.1/37531] INFO  server.RaftServerConfigKeys (ConfUtils.java:logGet(46)) - raft.server.rpc.slowness.timeout = 300s (custom)
2022-10-13 11:29:36,013 [Listener at 127.0.0.1/37531] INFO  server.RaftServerConfigKeys (ConfUtils.java:logGet(46)) - raft.server.leaderelection.leader.step-down.wait-time = 10s (default)
2022-10-13 11:29:36,014 [Listener at 127.0.0.1/37531] INFO  server.RaftServerConfigKeys (ConfUtils.java:logGet(46)) - raft.server.storage.dir = [/home/runner/work/ozone/ozone/hadoop-ozone/integration-test/target/test-dir/MiniOzoneClusterImpl-900e8113-aac4-448a-a9d6-76244602bcf4/datanode-2/data/ratis] (custom)
2022-10-13 11:29:36,018 [Listener at 127.0.0.1/37531] INFO  server.XceiverServerGrpc (XceiverServerGrpc.java:<init>(132)) - GrpcServer channel type EpollServerSocketChannel
2022-10-13 11:29:36,021 [Listener at 127.0.0.1/37531] INFO  http.BaseHttpServer (BaseHttpServer.java:newHttpServer2BuilderForOzone(213)) - Starting Web-server for hddsDatanode at: http://0.0.0.0:0
2022-10-13 11:29:36,021 [Listener at 127.0.0.1/37531] INFO  http.BaseHttpServer (BaseHttpServer.java:<init>(108)) - Hadoop Security Enabled: false Ozone Security Enabled: false Ozone HTTP Security Enabled: false 
2022-10-13 11:29:36,022 [Listener at 127.0.0.1/37531] WARN  server.AuthenticationFilter (AuthenticationFilter.java:constructSecretProvider(240)) - Unable to initialize FileSignerSecretProvider, falling back to use random secrets. Reason: Could not read signature secret file: /home/runner/hadoop-http-auth-signature-secret
2022-10-13 11:29:36,022 [Listener at 127.0.0.1/37531] WARN  http.HttpRequestLog (HttpRequestLog.java:getRequestLog(103)) - Jetty request log can only be enabled using Log4j
2022-10-13 11:29:36,023 [Listener at 127.0.0.1/37531] INFO  http.HttpServer2 (HttpServer2.java:addGlobalFilter(1031)) - Added global filter 'safety' (class=org.apache.hadoop.hdds.server.http.HttpServer2$QuotingInputFilter)
2022-10-13 11:29:36,024 [Listener at 127.0.0.1/37531] INFO  http.HttpServer2 (HttpServer2.java:addFilter(1007)) - Added filter static_user_filter (class=org.apache.hadoop.http.lib.StaticUserWebFilter$StaticUserFilter) to context hddsDatanode
2022-10-13 11:29:36,024 [Listener at 127.0.0.1/37531] INFO  http.HttpServer2 (HttpServer2.java:addFilter(1015)) - Added filter static_user_filter (class=org.apache.hadoop.http.lib.StaticUserWebFilter$StaticUserFilter) to context logs
2022-10-13 11:29:36,024 [Listener at 127.0.0.1/37531] INFO  http.HttpServer2 (HttpServer2.java:addFilter(1015)) - Added filter static_user_filter (class=org.apache.hadoop.http.lib.StaticUserWebFilter$StaticUserFilter) to context static
2022-10-13 11:29:36,024 [Listener at 127.0.0.1/37531] INFO  http.HttpServer2 (HttpServer2.java:bindListener(1250)) - Jetty bound to port 45171
2022-10-13 11:29:36,025 [Listener at 127.0.0.1/37531] INFO  server.Server (Server.java:doStart(375)) - jetty-9.4.43.v20210629; built: 2021-06-30T11:07:22.254Z; git: 526006ecfa3af7f1a27ef3a288e2bef7ea9dd7e8; jvm 1.8.0_345-b01
2022-10-13 11:29:36,027 [Listener at 127.0.0.1/37531] INFO  server.session (DefaultSessionIdManager.java:doStart(334)) - DefaultSessionIdManager workerName=node0
2022-10-13 11:29:36,027 [Listener at 127.0.0.1/37531] INFO  server.session (DefaultSessionIdManager.java:doStart(339)) - No SessionScavenger set, using defaults
2022-10-13 11:29:36,027 [Listener at 127.0.0.1/37531] INFO  server.session (HouseKeeper.java:startScavenging(132)) - node0 Scavenging every 600000ms
2022-10-13 11:29:36,028 [Listener at 127.0.0.1/37531] INFO  handler.ContextHandler (ContextHandler.java:doStart(915)) - Started o.e.j.s.ServletContextHandler@69243ea8{logs,/logs,file:///home/runner/work/ozone/ozone/hadoop-ozone/integration-test/target/log,AVAILABLE}
2022-10-13 11:29:36,028 [Listener at 127.0.0.1/37531] INFO  handler.ContextHandler (ContextHandler.java:doStart(915)) - Started o.e.j.s.ServletContextHandler@64d6d42b{static,/static,jar:file:/home/runner/.m2/repository/org/apache/ozone/hdds-container-service/1.3.0-SNAPSHOT/hdds-container-service-1.3.0-SNAPSHOT.jar!/webapps/static,AVAILABLE}
2022-10-13 11:29:36,227 [Listener at 127.0.0.1/37531] INFO  handler.ContextHandler (ContextHandler.java:doStart(915)) - Started o.e.j.w.WebAppContext@76128ab5{hddsDatanode,/,file:///tmp/jetty-0_0_0_0-45171-hdds-container-service-1_3_0-SNAPSHOT_jar-_-any-5463839731665020661/webapp/,AVAILABLE}{jar:file:/home/runner/.m2/repository/org/apache/ozone/hdds-container-service/1.3.0-SNAPSHOT/hdds-container-service-1.3.0-SNAPSHOT.jar!/webapps/hddsDatanode}
2022-10-13 11:29:36,228 [Listener at 127.0.0.1/37531] INFO  server.AbstractConnector (AbstractConnector.java:doStart(331)) - Started ServerConnector@76c4e8f0{HTTP/1.1, (http/1.1)}{0.0.0.0:45171}
2022-10-13 11:29:36,229 [Listener at 127.0.0.1/37531] INFO  server.Server (Server.java:doStart(415)) - Started @89766ms
2022-10-13 11:29:36,229 [Listener at 127.0.0.1/37531] WARN  impl.MetricsSystemImpl (MetricsSystemImpl.java:register(279)) - Sink prometheus already exists!
2022-10-13 11:29:36,229 [Listener at 127.0.0.1/37531] INFO  http.BaseHttpServer (BaseHttpServer.java:updateConnectorAddress(333)) - HTTP server of hddsDatanode listening at http://0.0.0.0:45171
2022-10-13 11:29:36,230 [Datanode State Machine Daemon Thread] INFO  statemachine.DatanodeStateMachine (DatanodeStateMachine.java:lambda$startDaemon$0(492)) - Ozone container server started.
2022-10-13 11:29:36,237 [Listener at 127.0.0.1/37531] INFO  ozone.MiniOzoneClusterImpl (MiniOzoneClusterImpl.java:lambda$waitForClusterToBeReady$0(216)) - Waiting for nodes to be ready. Got 0 of 3 DN Heartbeats.
2022-10-13 11:29:36,237 [Listener at 127.0.0.1/37531] INFO  ozone.MiniOzoneClusterImpl (MiniOzoneClusterImpl.java:lambda$waitForClusterToBeReady$0(219)) - Waiting for cluster to exit safe mode
2022-10-13 11:29:36,238 [Listener at 127.0.0.1/37531] INFO  ozone.MiniOzoneClusterImpl (MiniOzoneClusterImpl.java:lambda$waitForClusterToBeReady$0(221)) - SCM became leader
2022-10-13 11:29:36,240 [org.apache.hadoop.util.JvmPauseMonitor$Monitor@6a94176c] INFO  util.JvmPauseMonitor (JvmPauseMonitor.java:run(188)) - Starting JVM pause monitor
2022-10-13 11:29:36,247 [Datanode State Machine Task Thread - 0] INFO  datanode.InitDatanodeState (InitDatanodeState.java:persistContainerDatanodeDetails(138)) - DatanodeDetails is persisted to /home/runner/work/ozone/ozone/hadoop-ozone/integration-test/target/test-dir/MiniOzoneClusterImpl-900e8113-aac4-448a-a9d6-76244602bcf4/datanode-2/meta/datanode.id
2022-10-13 11:29:36,390 [om1@group-C5BA1605619E-FollowerState] INFO  impl.FollowerState (FollowerState.java:run(143)) - om1@group-C5BA1605619E-FollowerState: change to CANDIDATE, lastRpcElapsedTime:1192471627ns, electionTimeout:1192ms
2022-10-13 11:29:36,390 [om1@group-C5BA1605619E-FollowerState] INFO  impl.RoleInfo (RoleInfo.java:shutdownFollowerState(110)) - om1: shutdown om1@group-C5BA1605619E-FollowerState
2022-10-13 11:29:36,390 [om1@group-C5BA1605619E-FollowerState] INFO  server.RaftServer$Division (RaftServerImpl.java:setRole(299)) - om1@group-C5BA1605619E: changes role from  FOLLOWER to CANDIDATE at term 0 for changeToCandidate
2022-10-13 11:29:36,390 [om1@group-C5BA1605619E-FollowerState] INFO  server.RaftServerConfigKeys (ConfUtils.java:logGet(46)) - raft.server.leaderelection.pre-vote = false (custom)
2022-10-13 11:29:36,390 [om1@group-C5BA1605619E-FollowerState] INFO  impl.RoleInfo (RoleInfo.java:updateAndGet(139)) - om1: start om1@group-C5BA1605619E-LeaderElection31
2022-10-13 11:29:36,394 [om1@group-C5BA1605619E-LeaderElection31] INFO  impl.LeaderElection (LeaderElection.java:askForVotes(310)) - om1@group-C5BA1605619E-LeaderElection31 ELECTION round 0: submit vote requests at term 1 for -1: [om1|rpc:localhost:9872|priority:0], old=null
2022-10-13 11:29:36,394 [om1@group-C5BA1605619E-LeaderElection31] INFO  impl.LeaderElection (LeaderElection.java:askForVotes(312)) - om1@group-C5BA1605619E-LeaderElection31 ELECTION round 0: result PASSED (term=1)
2022-10-13 11:29:36,394 [om1@group-C5BA1605619E-LeaderElection31] INFO  impl.RoleInfo (RoleInfo.java:shutdownLeaderElection(130)) - om1: shutdown om1@group-C5BA1605619E-LeaderElection31
2022-10-13 11:29:36,394 [om1@group-C5BA1605619E-LeaderElection31] INFO  server.RaftServer$Division (RaftServerImpl.java:setRole(299)) - om1@group-C5BA1605619E: changes role from CANDIDATE to LEADER at term 1 for changeToLeader
2022-10-13 11:29:36,394 [om1@group-C5BA1605619E-LeaderElection31] INFO  server.RaftServer$Division (ServerState.java:setLeader(287)) - om1@group-C5BA1605619E: change Leader from null to om1 at term 1 for becomeLeader, leader elected after 1616ms
2022-10-13 11:29:36,394 [om1@group-C5BA1605619E-LeaderElection31] INFO  server.RaftServerConfigKeys (ConfUtils.java:logGet(46)) - raft.server.staging.catchup.gap = 1000 (default)
2022-10-13 11:29:36,395 [om1@group-C5BA1605619E-LeaderElection31] INFO  server.RaftServerConfigKeys (ConfUtils.java:logGet(46)) - raft.server.write.element-limit = 4096 (default)
2022-10-13 11:29:36,395 [om1@group-C5BA1605619E-LeaderElection31] INFO  server.RaftServerConfigKeys (ConfUtils.java:logGet(46)) - raft.server.write.byte-limit = 64MB (=67108864) (default)
2022-10-13 11:29:36,395 [om1@group-C5BA1605619E-LeaderElection31] INFO  server.RaftServerConfigKeys (ConfUtils.java:logGet(46)) - raft.server.watch.timeout = 10s (default)
2022-10-13 11:29:36,395 [om1@group-C5BA1605619E-LeaderElection31] INFO  server.RaftServerConfigKeys (ConfUtils.java:logGet(46)) - raft.server.watch.timeout.denomination = 1s (default)
2022-10-13 11:29:36,395 [om1@group-C5BA1605619E-LeaderElection31] INFO  server.RaftServerConfigKeys (ConfUtils.java:logGet(46)) - raft.server.watch.element-limit = 65536 (default)
2022-10-13 11:29:36,395 [om1@group-C5BA1605619E-LeaderElection31] INFO  server.RaftServerConfigKeys (ConfUtils.java:logGet(46)) - raft.server.write.element-limit = 4096 (default)
2022-10-13 11:29:36,395 [om1@group-C5BA1605619E-LeaderElection31] INFO  server.RaftServerConfigKeys (ConfUtils.java:logGet(46)) - raft.server.write.follower.gap.ratio.max = -1.0 (default)
2022-10-13 11:29:36,395 [om1@group-C5BA1605619E-LeaderElection31] INFO  impl.RoleInfo (RoleInfo.java:updateAndGet(139)) - om1: start om1@group-C5BA1605619E-LeaderStateImpl
2022-10-13 11:29:36,396 [om1@group-C5BA1605619E-LeaderElection31] INFO  segmented.SegmentedRaftLogWorker (SegmentedRaftLogWorker.java:startLogSegment(425)) - om1@group-C5BA1605619E-SegmentedRaftLogWorker: Starting segment from index:0
2022-10-13 11:29:36,397 [om1@group-C5BA1605619E-LeaderElection31] INFO  server.RaftServer$Division (ServerState.java:setRaftConf(393)) - om1@group-C5BA1605619E: set configuration 0: [om1|rpc:localhost:9872|admin:|client:|dataStream:|priority:0], old=null
2022-10-13 11:29:36,408 [om1@group-C5BA1605619E-SegmentedRaftLogWorker] INFO  segmented.SegmentedRaftLogWorker (SegmentedRaftLogWorker.java:execute(629)) - om1@group-C5BA1605619E-SegmentedRaftLogWorker: created new log segment /home/runner/work/ozone/ozone/hadoop-ozone/integration-test/target/test-dir/MiniOzoneClusterImpl-900e8113-aac4-448a-a9d6-76244602bcf4/ozone-meta/ratis/bf265839-605b-3f16-9796-c5ba1605619e/current/log_inprogress_0
2022-10-13 11:29:36,410 [om1@group-C5BA1605619E-StateMachineUpdater] INFO  ratis.OzoneManagerStateMachine (OzoneManagerStateMachine.java:notifyConfigurationChanged(192)) - Received Configuration change notification from Ratis. New Peer list:
[id: "om1"
address: "localhost:9872"
]
2022-10-13 11:29:37,238 [Listener at 127.0.0.1/37531] INFO  ozone.MiniOzoneClusterImpl (MiniOzoneClusterImpl.java:lambda$waitForClusterToBeReady$0(216)) - Waiting for nodes to be ready. Got 0 of 3 DN Heartbeats.
2022-10-13 11:29:37,238 [Listener at 127.0.0.1/37531] INFO  ozone.MiniOzoneClusterImpl (MiniOzoneClusterImpl.java:lambda$waitForClusterToBeReady$0(219)) - Waiting for cluster to exit safe mode
2022-10-13 11:29:37,238 [Listener at 127.0.0.1/37531] INFO  ozone.MiniOzoneClusterImpl (MiniOzoneClusterImpl.java:lambda$waitForClusterToBeReady$0(221)) - SCM became leader
2022-10-13 11:29:37,650 [EndpointStateMachine task thread for /0.0.0.0:33999 - 0 ] INFO  volume.HddsVolume (HddsVolume.java:createDbStore(307)) - SchemaV3 db is created and loaded at /home/runner/work/ozone/ozone/hadoop-ozone/integration-test/target/test-dir/MiniOzoneClusterImpl-900e8113-aac4-448a-a9d6-76244602bcf4/datanode-0/data-0/containers/hdds/900e8113-aac4-448a-a9d6-76244602bcf4/DS-671cd97a-3e27-4e1a-bf5d-c8aa4469ef53/container.db for volume DS-671cd97a-3e27-4e1a-bf5d-c8aa4469ef53
2022-10-13 11:29:37,651 [EndpointStateMachine task thread for /0.0.0.0:33999 - 0 ] INFO  volume.HddsVolume (HddsVolume.java:closeDbStore(338)) - SchemaV3 db is stopped at /home/runner/work/ozone/ozone/hadoop-ozone/integration-test/target/test-dir/MiniOzoneClusterImpl-900e8113-aac4-448a-a9d6-76244602bcf4/datanode-0/data-0/containers/hdds/900e8113-aac4-448a-a9d6-76244602bcf4/DS-671cd97a-3e27-4e1a-bf5d-c8aa4469ef53/container.db for volume DS-671cd97a-3e27-4e1a-bf5d-c8aa4469ef53
2022-10-13 11:29:37,651 [EndpointStateMachine task thread for /0.0.0.0:33999 - 0 ] INFO  ozoneimpl.OzoneContainer (OzoneContainer.java:start(378)) - Attempting to start container services.
2022-10-13 11:29:37,651 [EndpointStateMachine task thread for /0.0.0.0:33999 - 0 ] INFO  ozoneimpl.OzoneContainer (OzoneContainer.java:startContainerScrub(313)) - Background container scanner has been disabled.
2022-10-13 11:29:37,653 [EndpointStateMachine task thread for /0.0.0.0:33999 - 0 ] INFO  replication.ReplicationServer (ReplicationServer.java:start(111)) - ReplicationServer is started using port 36365
2022-10-13 11:29:37,653 [EndpointStateMachine task thread for /0.0.0.0:33999 - 0 ] INFO  ratis.XceiverServerRatis (XceiverServerRatis.java:start(481)) - Starting XceiverServerRatis 5434c52c-ef5a-4936-a116-7fd551384221
2022-10-13 11:29:37,654 [EndpointStateMachine task thread for /0.0.0.0:33999 - 0 ] INFO  server.RaftServer (RaftServerProxy.java:lambda$start$6(382)) - 5434c52c-ef5a-4936-a116-7fd551384221: start RPC server
2022-10-13 11:29:37,655 [EndpointStateMachine task thread for /0.0.0.0:33999 - 0 ] INFO  server.GrpcService (GrpcService.java:startImpl(260)) - 5434c52c-ef5a-4936-a116-7fd551384221: GrpcService started, listening on 44247
2022-10-13 11:29:37,655 [EndpointStateMachine task thread for /0.0.0.0:33999 - 0 ] INFO  ratis.XceiverServerRatis (XceiverServerRatis.java:getRealPort(502)) - XceiverServerRatis 5434c52c-ef5a-4936-a116-7fd551384221 is started using port 44247 for RATIS
2022-10-13 11:29:37,655 [org.apache.ratis.util.JvmPauseMonitor$$Lambda$690/1264163010@33fabd36] INFO  util.JvmPauseMonitor (JvmPauseMonitor.java:run(103)) - JvmPauseMonitor-5434c52c-ef5a-4936-a116-7fd551384221: Started
2022-10-13 11:29:37,655 [EndpointStateMachine task thread for /0.0.0.0:33999 - 0 ] INFO  ratis.XceiverServerRatis (XceiverServerRatis.java:getRealPort(502)) - XceiverServerRatis 5434c52c-ef5a-4936-a116-7fd551384221 is started using port 44247 for RATIS_ADMIN
2022-10-13 11:29:37,655 [EndpointStateMachine task thread for /0.0.0.0:33999 - 0 ] INFO  ratis.XceiverServerRatis (XceiverServerRatis.java:getRealPort(502)) - XceiverServerRatis 5434c52c-ef5a-4936-a116-7fd551384221 is started using port 44247 for RATIS_SERVER
2022-10-13 11:29:37,656 [EndpointStateMachine task thread for /0.0.0.0:33999 - 0 ] INFO  server.XceiverServerGrpc (XceiverServerGrpc.java:start(180)) - XceiverServerGrpc 5434c52c-ef5a-4936-a116-7fd551384221 is started using port 46171
2022-10-13 11:29:37,950 [EndpointStateMachine task thread for /0.0.0.0:33999 - 0 ] INFO  volume.HddsVolume (HddsVolume.java:createDbStore(307)) - SchemaV3 db is created and loaded at /home/runner/work/ozone/ozone/hadoop-ozone/integration-test/target/test-dir/MiniOzoneClusterImpl-900e8113-aac4-448a-a9d6-76244602bcf4/datanode-1/data-0/containers/hdds/900e8113-aac4-448a-a9d6-76244602bcf4/DS-2b44b7f2-8915-4712-90f2-dfdfaa1bf163/container.db for volume DS-2b44b7f2-8915-4712-90f2-dfdfaa1bf163
2022-10-13 11:29:37,951 [EndpointStateMachine task thread for /0.0.0.0:33999 - 0 ] INFO  volume.HddsVolume (HddsVolume.java:closeDbStore(338)) - SchemaV3 db is stopped at /home/runner/work/ozone/ozone/hadoop-ozone/integration-test/target/test-dir/MiniOzoneClusterImpl-900e8113-aac4-448a-a9d6-76244602bcf4/datanode-1/data-0/containers/hdds/900e8113-aac4-448a-a9d6-76244602bcf4/DS-2b44b7f2-8915-4712-90f2-dfdfaa1bf163/container.db for volume DS-2b44b7f2-8915-4712-90f2-dfdfaa1bf163
2022-10-13 11:29:37,951 [EndpointStateMachine task thread for /0.0.0.0:33999 - 0 ] INFO  ozoneimpl.OzoneContainer (OzoneContainer.java:start(378)) - Attempting to start container services.
2022-10-13 11:29:37,951 [EndpointStateMachine task thread for /0.0.0.0:33999 - 0 ] INFO  ozoneimpl.OzoneContainer (OzoneContainer.java:startContainerScrub(313)) - Background container scanner has been disabled.
2022-10-13 11:29:37,954 [EndpointStateMachine task thread for /0.0.0.0:33999 - 0 ] INFO  replication.ReplicationServer (ReplicationServer.java:start(111)) - ReplicationServer is started using port 41919
2022-10-13 11:29:37,954 [EndpointStateMachine task thread for /0.0.0.0:33999 - 0 ] INFO  ratis.XceiverServerRatis (XceiverServerRatis.java:start(481)) - Starting XceiverServerRatis a77fef8e-fdb1-4318-93ee-d092ca05aa64
2022-10-13 11:29:37,955 [EndpointStateMachine task thread for /0.0.0.0:33999 - 0 ] INFO  server.RaftServer (RaftServerProxy.java:lambda$start$6(382)) - a77fef8e-fdb1-4318-93ee-d092ca05aa64: start RPC server
2022-10-13 11:29:37,956 [EndpointStateMachine task thread for /0.0.0.0:33999 - 0 ] INFO  server.GrpcService (GrpcService.java:startImpl(260)) - a77fef8e-fdb1-4318-93ee-d092ca05aa64: GrpcService started, listening on 41225
2022-10-13 11:29:37,956 [EndpointStateMachine task thread for /0.0.0.0:33999 - 0 ] INFO  ratis.XceiverServerRatis (XceiverServerRatis.java:getRealPort(502)) - XceiverServerRatis a77fef8e-fdb1-4318-93ee-d092ca05aa64 is started using port 41225 for RATIS
2022-10-13 11:29:37,956 [org.apache.ratis.util.JvmPauseMonitor$$Lambda$690/1264163010@45d50905] INFO  util.JvmPauseMonitor (JvmPauseMonitor.java:run(103)) - JvmPauseMonitor-a77fef8e-fdb1-4318-93ee-d092ca05aa64: Started
2022-10-13 11:29:37,956 [EndpointStateMachine task thread for /0.0.0.0:33999 - 0 ] INFO  ratis.XceiverServerRatis (XceiverServerRatis.java:getRealPort(502)) - XceiverServerRatis a77fef8e-fdb1-4318-93ee-d092ca05aa64 is started using port 41225 for RATIS_ADMIN
2022-10-13 11:29:37,956 [EndpointStateMachine task thread for /0.0.0.0:33999 - 0 ] INFO  ratis.XceiverServerRatis (XceiverServerRatis.java:getRealPort(502)) - XceiverServerRatis a77fef8e-fdb1-4318-93ee-d092ca05aa64 is started using port 41225 for RATIS_SERVER
2022-10-13 11:29:37,957 [EndpointStateMachine task thread for /0.0.0.0:33999 - 0 ] INFO  server.XceiverServerGrpc (XceiverServerGrpc.java:start(180)) - XceiverServerGrpc a77fef8e-fdb1-4318-93ee-d092ca05aa64 is started using port 45143
2022-10-13 11:29:38,239 [Listener at 127.0.0.1/37531] INFO  ozone.MiniOzoneClusterImpl (MiniOzoneClusterImpl.java:lambda$waitForClusterToBeReady$0(216)) - Waiting for nodes to be ready. Got 0 of 3 DN Heartbeats.
2022-10-13 11:29:38,239 [Listener at 127.0.0.1/37531] INFO  ozone.MiniOzoneClusterImpl (MiniOzoneClusterImpl.java:lambda$waitForClusterToBeReady$0(219)) - Waiting for cluster to exit safe mode
2022-10-13 11:29:38,239 [Listener at 127.0.0.1/37531] INFO  ozone.MiniOzoneClusterImpl (MiniOzoneClusterImpl.java:lambda$waitForClusterToBeReady$0(221)) - SCM became leader
2022-10-13 11:29:38,282 [EndpointStateMachine task thread for /0.0.0.0:33999 - 0 ] INFO  volume.HddsVolume (HddsVolume.java:createDbStore(307)) - SchemaV3 db is created and loaded at /home/runner/work/ozone/ozone/hadoop-ozone/integration-test/target/test-dir/MiniOzoneClusterImpl-900e8113-aac4-448a-a9d6-76244602bcf4/datanode-2/data-0/containers/hdds/900e8113-aac4-448a-a9d6-76244602bcf4/DS-f37669b4-fde6-4cd3-9229-85fd324dcdf5/container.db for volume DS-f37669b4-fde6-4cd3-9229-85fd324dcdf5
2022-10-13 11:29:38,283 [EndpointStateMachine task thread for /0.0.0.0:33999 - 0 ] INFO  volume.HddsVolume (HddsVolume.java:closeDbStore(338)) - SchemaV3 db is stopped at /home/runner/work/ozone/ozone/hadoop-ozone/integration-test/target/test-dir/MiniOzoneClusterImpl-900e8113-aac4-448a-a9d6-76244602bcf4/datanode-2/data-0/containers/hdds/900e8113-aac4-448a-a9d6-76244602bcf4/DS-f37669b4-fde6-4cd3-9229-85fd324dcdf5/container.db for volume DS-f37669b4-fde6-4cd3-9229-85fd324dcdf5
2022-10-13 11:29:38,283 [EndpointStateMachine task thread for /0.0.0.0:33999 - 0 ] INFO  ozoneimpl.OzoneContainer (OzoneContainer.java:start(378)) - Attempting to start container services.
2022-10-13 11:29:38,283 [EndpointStateMachine task thread for /0.0.0.0:33999 - 0 ] INFO  ozoneimpl.OzoneContainer (OzoneContainer.java:startContainerScrub(313)) - Background container scanner has been disabled.
2022-10-13 11:29:38,285 [EndpointStateMachine task thread for /0.0.0.0:33999 - 0 ] INFO  replication.ReplicationServer (ReplicationServer.java:start(111)) - ReplicationServer is started using port 39905
2022-10-13 11:29:38,285 [EndpointStateMachine task thread for /0.0.0.0:33999 - 0 ] INFO  ratis.XceiverServerRatis (XceiverServerRatis.java:start(481)) - Starting XceiverServerRatis 99102043-e169-401c-83bb-bf4102350d41
2022-10-13 11:29:38,286 [EndpointStateMachine task thread for /0.0.0.0:33999 - 0 ] INFO  server.RaftServer (RaftServerProxy.java:lambda$start$6(382)) - 99102043-e169-401c-83bb-bf4102350d41: start RPC server
2022-10-13 11:29:38,289 [EndpointStateMachine task thread for /0.0.0.0:33999 - 0 ] INFO  server.GrpcService (GrpcService.java:startImpl(260)) - 99102043-e169-401c-83bb-bf4102350d41: GrpcService started, listening on 39239
2022-10-13 11:29:38,290 [EndpointStateMachine task thread for /0.0.0.0:33999 - 0 ] INFO  ratis.XceiverServerRatis (XceiverServerRatis.java:getRealPort(502)) - XceiverServerRatis 99102043-e169-401c-83bb-bf4102350d41 is started using port 39239 for RATIS
2022-10-13 11:29:38,290 [EndpointStateMachine task thread for /0.0.0.0:33999 - 0 ] INFO  ratis.XceiverServerRatis (XceiverServerRatis.java:getRealPort(502)) - XceiverServerRatis 99102043-e169-401c-83bb-bf4102350d41 is started using port 39239 for RATIS_ADMIN
2022-10-13 11:29:38,290 [EndpointStateMachine task thread for /0.0.0.0:33999 - 0 ] INFO  ratis.XceiverServerRatis (XceiverServerRatis.java:getRealPort(502)) - XceiverServerRatis 99102043-e169-401c-83bb-bf4102350d41 is started using port 39239 for RATIS_SERVER
2022-10-13 11:29:38,290 [org.apache.ratis.util.JvmPauseMonitor$$Lambda$690/1264163010@1f12a7bd] INFO  util.JvmPauseMonitor (JvmPauseMonitor.java:run(103)) - JvmPauseMonitor-99102043-e169-401c-83bb-bf4102350d41: Started
2022-10-13 11:29:38,302 [EndpointStateMachine task thread for /0.0.0.0:33999 - 0 ] INFO  server.XceiverServerGrpc (XceiverServerGrpc.java:start(180)) - XceiverServerGrpc 99102043-e169-401c-83bb-bf4102350d41 is started using port 40673
2022-10-13 11:29:39,241 [Listener at 127.0.0.1/37531] INFO  ozone.MiniOzoneClusterImpl (MiniOzoneClusterImpl.java:lambda$waitForClusterToBeReady$0(216)) - Waiting for nodes to be ready. Got 0 of 3 DN Heartbeats.
2022-10-13 11:29:39,244 [Listener at 127.0.0.1/37531] INFO  ozone.MiniOzoneClusterImpl (MiniOzoneClusterImpl.java:lambda$waitForClusterToBeReady$0(219)) - Waiting for cluster to exit safe mode
2022-10-13 11:29:39,244 [Listener at 127.0.0.1/37531] INFO  ozone.MiniOzoneClusterImpl (MiniOzoneClusterImpl.java:lambda$waitForClusterToBeReady$0(221)) - SCM became leader
2022-10-13 11:29:39,607 [IPC Server handler 2 on default port 33999] INFO  net.NetworkTopologyImpl (NetworkTopologyImpl.java:add(112)) - Added a new node: /default-rack/5434c52c-ef5a-4936-a116-7fd551384221
2022-10-13 11:29:39,607 [IPC Server handler 2 on default port 33999] INFO  node.SCMNodeManager (SCMNodeManager.java:register(397)) - Registered Data node : 5434c52c-ef5a-4936-a116-7fd551384221{ip: 10.1.0.139, host: fv-az447-90.tnmeiuxxsqeu3byeydcnbj0j5d.dx.internal.cloudapp.net, ports: [REPLICATION=36365, RATIS=44247, RATIS_ADMIN=44247, RATIS_SERVER=44247, STANDALONE=46171], networkLocation: /default-rack, certSerialId: null, persistedOpState: null, persistedOpStateExpiryEpochSec: 0}
2022-10-13 11:29:39,609 [EventQueue-NewNodeForNewNodeHandler] INFO  pipeline.BackgroundPipelineCreator (BackgroundPipelineCreator.java:notifyEventTriggered(276)) - trigger a one-shot run on RatisPipelineUtilsThread.
2022-10-13 11:29:39,609 [RatisPipelineUtilsThread - 0] INFO  pipeline.RatisPipelineProvider (RatisPipelineProvider.java:lambda$create$0(195)) - Sending CreatePipelineCommand for pipeline:PipelineID=57cdee8e-0270-45a9-a6ff-28b5d74b2ebf to datanode:5434c52c-ef5a-4936-a116-7fd551384221
2022-10-13 11:29:39,610 [EventQueue-NodeRegistrationContainerReportForDataNodeSafeModeRule] INFO  safemode.SCMSafeModeManager (DataNodeSafeModeRule.java:process(71)) - SCM in safe mode. 1 DataNodes registered, 3 required.
2022-10-13 11:29:39,610 [EventQueue-NodeRegistrationContainerReportForContainerSafeModeRule] INFO  safemode.SCMSafeModeManager (SCMSafeModeManager.java:validateSafeModeExitRules(204)) - ContainerSafeModeRule rule is successfully validated
2022-10-13 11:29:39,612 [RatisPipelineUtilsThread - 0] INFO  pipeline.PipelineStateManagerImpl (PipelineStateManagerImpl.java:addPipeline(103)) - Created pipeline Pipeline[ Id: 57cdee8e-0270-45a9-a6ff-28b5d74b2ebf, Nodes: 5434c52c-ef5a-4936-a116-7fd551384221{ip: 10.1.0.139, host: fv-az447-90.tnmeiuxxsqeu3byeydcnbj0j5d.dx.internal.cloudapp.net, ports: [REPLICATION=36365, RATIS=44247, RATIS_ADMIN=44247, RATIS_SERVER=44247, STANDALONE=46171], networkLocation: /default-rack, certSerialId: null, persistedOpState: IN_SERVICE, persistedOpStateExpiryEpochSec: 0}, ReplicationConfig: RATIS/ONE, State:ALLOCATED, leaderId:, CreationTimestamp2022-10-13T11:29:39.609Z[Etc/UTC]].
2022-10-13 11:29:39,612 [EventQueue-PipelineReportForOneReplicaPipelineSafeModeRule] INFO  safemode.SCMSafeModeManager (SCMSafeModeManager.java:validateSafeModeExitRules(204)) - AtleastOneDatanodeReportedRule rule is successfully validated
2022-10-13 11:29:39,912 [IPC Server handler 0 on default port 33999] INFO  net.NetworkTopologyImpl (NetworkTopologyImpl.java:add(112)) - Added a new node: /default-rack/a77fef8e-fdb1-4318-93ee-d092ca05aa64
2022-10-13 11:29:39,912 [IPC Server handler 0 on default port 33999] INFO  node.SCMNodeManager (SCMNodeManager.java:register(397)) - Registered Data node : a77fef8e-fdb1-4318-93ee-d092ca05aa64{ip: 10.1.0.139, host: fv-az447-90.tnmeiuxxsqeu3byeydcnbj0j5d.dx.internal.cloudapp.net, ports: [REPLICATION=41919, RATIS=41225, RATIS_ADMIN=41225, RATIS_SERVER=41225, STANDALONE=45143], networkLocation: /default-rack, certSerialId: null, persistedOpState: null, persistedOpStateExpiryEpochSec: 0}
2022-10-13 11:29:39,912 [EventQueue-NewNodeForNewNodeHandler] INFO  pipeline.BackgroundPipelineCreator (BackgroundPipelineCreator.java:notifyEventTriggered(276)) - trigger a one-shot run on RatisPipelineUtilsThread.
2022-10-13 11:29:39,913 [EventQueue-NodeRegistrationContainerReportForDataNodeSafeModeRule] INFO  safemode.SCMSafeModeManager (DataNodeSafeModeRule.java:process(71)) - SCM in safe mode. 2 DataNodes registered, 3 required.
2022-10-13 11:29:39,913 [RatisPipelineUtilsThread - 0] INFO  pipeline.RatisPipelineProvider (RatisPipelineProvider.java:lambda$create$0(195)) - Sending CreatePipelineCommand for pipeline:PipelineID=1062fbf5-f107-4716-8c0a-647f43e92ead to datanode:a77fef8e-fdb1-4318-93ee-d092ca05aa64
2022-10-13 11:29:39,914 [RatisPipelineUtilsThread - 0] INFO  pipeline.PipelineStateManagerImpl (PipelineStateManagerImpl.java:addPipeline(103)) - Created pipeline Pipeline[ Id: 1062fbf5-f107-4716-8c0a-647f43e92ead, Nodes: a77fef8e-fdb1-4318-93ee-d092ca05aa64{ip: 10.1.0.139, host: fv-az447-90.tnmeiuxxsqeu3byeydcnbj0j5d.dx.internal.cloudapp.net, ports: [REPLICATION=41919, RATIS=41225, RATIS_ADMIN=41225, RATIS_SERVER=41225, STANDALONE=45143], networkLocation: /default-rack, certSerialId: null, persistedOpState: IN_SERVICE, persistedOpStateExpiryEpochSec: 0}, ReplicationConfig: RATIS/ONE, State:ALLOCATED, leaderId:, CreationTimestamp2022-10-13T11:29:39.913Z[Etc/UTC]].
2022-10-13 11:29:40,243 [IPC Server handler 1 on default port 33999] INFO  net.NetworkTopologyImpl (NetworkTopologyImpl.java:add(112)) - Added a new node: /default-rack/99102043-e169-401c-83bb-bf4102350d41
2022-10-13 11:29:40,243 [IPC Server handler 1 on default port 33999] INFO  node.SCMNodeManager (SCMNodeManager.java:register(397)) - Registered Data node : 99102043-e169-401c-83bb-bf4102350d41{ip: 10.1.0.139, host: fv-az447-90.tnmeiuxxsqeu3byeydcnbj0j5d.dx.internal.cloudapp.net, ports: [REPLICATION=39905, RATIS=39239, RATIS_ADMIN=39239, RATIS_SERVER=39239, STANDALONE=40673], networkLocation: /default-rack, certSerialId: null, persistedOpState: null, persistedOpStateExpiryEpochSec: 0}
2022-10-13 11:29:40,244 [EventQueue-NewNodeForNewNodeHandler] INFO  pipeline.BackgroundPipelineCreator (BackgroundPipelineCreator.java:notifyEventTriggered(276)) - trigger a one-shot run on RatisPipelineUtilsThread.
2022-10-13 11:29:40,245 [Listener at 127.0.0.1/37531] INFO  ozone.MiniOzoneClusterImpl (MiniOzoneClusterImpl.java:lambda$waitForClusterToBeReady$0(216)) - Nodes are ready. Got 3 of 3 DN Heartbeats.
2022-10-13 11:29:40,245 [Listener at 127.0.0.1/37531] INFO  ozone.MiniOzoneClusterImpl (MiniOzoneClusterImpl.java:lambda$waitForClusterToBeReady$0(219)) - Waiting for cluster to exit safe mode
2022-10-13 11:29:40,245 [Listener at 127.0.0.1/37531] INFO  ozone.MiniOzoneClusterImpl (MiniOzoneClusterImpl.java:lambda$waitForClusterToBeReady$0(221)) - SCM became leader
2022-10-13 11:29:40,245 [RatisPipelineUtilsThread - 0] INFO  pipeline.RatisPipelineProvider (RatisPipelineProvider.java:lambda$create$0(195)) - Sending CreatePipelineCommand for pipeline:PipelineID=d2a7d859-9318-4789-a2b8-fbb80062e162 to datanode:99102043-e169-401c-83bb-bf4102350d41
2022-10-13 11:29:40,246 [EventQueue-NodeRegistrationContainerReportForDataNodeSafeModeRule] INFO  safemode.SCMSafeModeManager (DataNodeSafeModeRule.java:process(71)) - SCM in safe mode. 3 DataNodes registered, 3 required.
2022-10-13 11:29:40,246 [EventQueue-NodeRegistrationContainerReportForDataNodeSafeModeRule] INFO  safemode.SCMSafeModeManager (SCMSafeModeManager.java:validateSafeModeExitRules(204)) - DataNodeSafeModeRule rule is successfully validated
2022-10-13 11:29:40,246 [EventQueue-NodeRegistrationContainerReportForDataNodeSafeModeRule] INFO  safemode.SCMSafeModeManager (SCMSafeModeManager.java:completePreCheck(233)) - All SCM safe mode pre check rules have passed
2022-10-13 11:29:40,246 [EventQueue-NodeRegistrationContainerReportForDataNodeSafeModeRule] WARN  events.EventQueue (EventQueue.java:fireEvent(216)) - No event handler registered for event TypedEvent{payloadType=SafeModeStatus, name='Safe mode status'}
2022-10-13 11:29:40,246 [EventQueue-NodeRegistrationContainerReportForDataNodeSafeModeRule] INFO  ha.SCMContext (SCMContext.java:updateSafeModeStatus(228)) - Update SafeModeStatus from SafeModeStatus{safeModeStatus=true, preCheckPassed=false} to SafeModeStatus{safeModeStatus=true, preCheckPassed=true}.
2022-10-13 11:29:40,246 [EventQueue-NodeRegistrationContainerReportForDataNodeSafeModeRule] INFO  pipeline.BackgroundPipelineCreator (BackgroundPipelineCreator.java:notifyEventTriggered(276)) - trigger a one-shot run on RatisPipelineUtilsThread.
2022-10-13 11:29:40,246 [RatisPipelineUtilsThread - 0] INFO  pipeline.PipelineStateManagerImpl (PipelineStateManagerImpl.java:addPipeline(103)) - Created pipeline Pipeline[ Id: d2a7d859-9318-4789-a2b8-fbb80062e162, Nodes: 99102043-e169-401c-83bb-bf4102350d41{ip: 10.1.0.139, host: fv-az447-90.tnmeiuxxsqeu3byeydcnbj0j5d.dx.internal.cloudapp.net, ports: [REPLICATION=39905, RATIS=39239, RATIS_ADMIN=39239, RATIS_SERVER=39239, STANDALONE=40673], networkLocation: /default-rack, certSerialId: null, persistedOpState: IN_SERVICE, persistedOpStateExpiryEpochSec: 0}, ReplicationConfig: RATIS/ONE, State:ALLOCATED, leaderId:, CreationTimestamp2022-10-13T11:29:40.245Z[Etc/UTC]].
2022-10-13 11:29:40,247 [RatisPipelineUtilsThread - 0] INFO  pipeline.RatisPipelineProvider (RatisPipelineProvider.java:lambda$create$0(195)) - Sending CreatePipelineCommand for pipeline:PipelineID=ef7283f9-7b10-4125-8415-30397a6ad897 to datanode:5434c52c-ef5a-4936-a116-7fd551384221
2022-10-13 11:29:40,247 [RatisPipelineUtilsThread - 0] INFO  pipeline.RatisPipelineProvider (RatisPipelineProvider.java:lambda$create$0(195)) - Sending CreatePipelineCommand for pipeline:PipelineID=ef7283f9-7b10-4125-8415-30397a6ad897 to datanode:99102043-e169-401c-83bb-bf4102350d41
2022-10-13 11:29:40,248 [RatisPipelineUtilsThread - 0] INFO  pipeline.RatisPipelineProvider (RatisPipelineProvider.java:lambda$create$0(195)) - Sending CreatePipelineCommand for pipeline:PipelineID=ef7283f9-7b10-4125-8415-30397a6ad897 to datanode:a77fef8e-fdb1-4318-93ee-d092ca05aa64
2022-10-13 11:29:40,249 [RatisPipelineUtilsThread - 0] INFO  pipeline.PipelineStateManagerImpl (PipelineStateManagerImpl.java:addPipeline(103)) - Created pipeline Pipeline[ Id: ef7283f9-7b10-4125-8415-30397a6ad897, Nodes: 5434c52c-ef5a-4936-a116-7fd551384221{ip: 10.1.0.139, host: fv-az447-90.tnmeiuxxsqeu3byeydcnbj0j5d.dx.internal.cloudapp.net, ports: [REPLICATION=36365, RATIS=44247, RATIS_ADMIN=44247, RATIS_SERVER=44247, STANDALONE=46171], networkLocation: /default-rack, certSerialId: null, persistedOpState: IN_SERVICE, persistedOpStateExpiryEpochSec: 0}99102043-e169-401c-83bb-bf4102350d41{ip: 10.1.0.139, host: fv-az447-90.tnmeiuxxsqeu3byeydcnbj0j5d.dx.internal.cloudapp.net, ports: [REPLICATION=39905, RATIS=39239, RATIS_ADMIN=39239, RATIS_SERVER=39239, STANDALONE=40673], networkLocation: /default-rack, certSerialId: null, persistedOpState: IN_SERVICE, persistedOpStateExpiryEpochSec: 0}a77fef8e-fdb1-4318-93ee-d092ca05aa64{ip: 10.1.0.139, host: fv-az447-90.tnmeiuxxsqeu3byeydcnbj0j5d.dx.internal.cloudapp.net, ports: [REPLICATION=41919, RATIS=41225, RATIS_ADMIN=41225, RATIS_SERVER=41225, STANDALONE=45143], networkLocation: /default-rack, certSerialId: null, persistedOpState: IN_SERVICE, persistedOpStateExpiryEpochSec: 0}, ReplicationConfig: RATIS/THREE, State:ALLOCATED, leaderId:, CreationTimestamp2022-10-13T11:29:40.247Z[Etc/UTC]].
2022-10-13 11:29:40,251 [RatisPipelineUtilsThread - 0] INFO  pipeline.RatisPipelineProvider (RatisPipelineProvider.java:lambda$create$0(195)) - Sending CreatePipelineCommand for pipeline:PipelineID=35338c13-24fb-49e9-bff0-14fcdcedd760 to datanode:99102043-e169-401c-83bb-bf4102350d41
2022-10-13 11:29:40,251 [RatisPipelineUtilsThread - 0] INFO  pipeline.RatisPipelineProvider (RatisPipelineProvider.java:lambda$create$0(195)) - Sending CreatePipelineCommand for pipeline:PipelineID=35338c13-24fb-49e9-bff0-14fcdcedd760 to datanode:5434c52c-ef5a-4936-a116-7fd551384221
2022-10-13 11:29:40,251 [RatisPipelineUtilsThread - 0] INFO  pipeline.RatisPipelineProvider (RatisPipelineProvider.java:lambda$create$0(195)) - Sending CreatePipelineCommand for pipeline:PipelineID=35338c13-24fb-49e9-bff0-14fcdcedd760 to datanode:a77fef8e-fdb1-4318-93ee-d092ca05aa64
2022-10-13 11:29:40,253 [RatisPipelineUtilsThread - 0] INFO  pipeline.PipelineStateManagerImpl (PipelineStateManagerImpl.java:addPipeline(103)) - Created pipeline Pipeline[ Id: 35338c13-24fb-49e9-bff0-14fcdcedd760, Nodes: 99102043-e169-401c-83bb-bf4102350d41{ip: 10.1.0.139, host: fv-az447-90.tnmeiuxxsqeu3byeydcnbj0j5d.dx.internal.cloudapp.net, ports: [REPLICATION=39905, RATIS=39239, RATIS_ADMIN=39239, RATIS_SERVER=39239, STANDALONE=40673], networkLocation: /default-rack, certSerialId: null, persistedOpState: IN_SERVICE, persistedOpStateExpiryEpochSec: 0}5434c52c-ef5a-4936-a116-7fd551384221{ip: 10.1.0.139, host: fv-az447-90.tnmeiuxxsqeu3byeydcnbj0j5d.dx.internal.cloudapp.net, ports: [REPLICATION=36365, RATIS=44247, RATIS_ADMIN=44247, RATIS_SERVER=44247, STANDALONE=46171], networkLocation: /default-rack, certSerialId: null, persistedOpState: IN_SERVICE, persistedOpStateExpiryEpochSec: 0}a77fef8e-fdb1-4318-93ee-d092ca05aa64{ip: 10.1.0.139, host: fv-az447-90.tnmeiuxxsqeu3byeydcnbj0j5d.dx.internal.cloudapp.net, ports: [REPLICATION=41919, RATIS=41225, RATIS_ADMIN=41225, RATIS_SERVER=41225, STANDALONE=45143], networkLocation: /default-rack, certSerialId: null, persistedOpState: IN_SERVICE, persistedOpStateExpiryEpochSec: 0}, ReplicationConfig: RATIS/THREE, State:ALLOCATED, leaderId:, CreationTimestamp2022-10-13T11:29:40.251Z[Etc/UTC]].
2022-10-13 11:29:40,253 [RatisPipelineUtilsThread - 0] INFO  pipeline.PipelineManagerImpl (PipelineManagerImpl.java:recordMetricsForPipeline(796)) - Pipeline: PipelineID=35338c13-24fb-49e9-bff0-14fcdcedd760 contains same datanodes as previous pipelines: PipelineID=ef7283f9-7b10-4125-8415-30397a6ad897 nodeIds: 99102043-e169-401c-83bb-bf4102350d41, 5434c52c-ef5a-4936-a116-7fd551384221, a77fef8e-fdb1-4318-93ee-d092ca05aa64
2022-10-13 11:29:41,246 [Listener at 127.0.0.1/37531] INFO  ozone.MiniOzoneClusterImpl (MiniOzoneClusterImpl.java:lambda$waitForClusterToBeReady$0(216)) - Nodes are ready. Got 3 of 3 DN Heartbeats.
2022-10-13 11:29:41,246 [Listener at 127.0.0.1/37531] INFO  ozone.MiniOzoneClusterImpl (MiniOzoneClusterImpl.java:lambda$waitForClusterToBeReady$0(219)) - Waiting for cluster to exit safe mode
2022-10-13 11:29:41,246 [Listener at 127.0.0.1/37531] INFO  ozone.MiniOzoneClusterImpl (MiniOzoneClusterImpl.java:lambda$waitForClusterToBeReady$0(221)) - SCM became leader
2022-10-13 11:29:42,246 [Listener at 127.0.0.1/37531] INFO  ozone.MiniOzoneClusterImpl (MiniOzoneClusterImpl.java:lambda$waitForClusterToBeReady$0(216)) - Nodes are ready. Got 3 of 3 DN Heartbeats.
2022-10-13 11:29:42,246 [Listener at 127.0.0.1/37531] INFO  ozone.MiniOzoneClusterImpl (MiniOzoneClusterImpl.java:lambda$waitForClusterToBeReady$0(219)) - Waiting for cluster to exit safe mode
2022-10-13 11:29:42,246 [Listener at 127.0.0.1/37531] INFO  ozone.MiniOzoneClusterImpl (MiniOzoneClusterImpl.java:lambda$waitForClusterToBeReady$0(221)) - SCM became leader
2022-10-13 11:29:42,606 [Command processor thread] INFO  server.RaftServer (RaftServerProxy.java:addNew(96)) - 5434c52c-ef5a-4936-a116-7fd551384221: addNew group-28B5D74B2EBF:[5434c52c-ef5a-4936-a116-7fd551384221|rpc:10.1.0.139:44247|priority:1] returns group-28B5D74B2EBF:java.util.concurrent.CompletableFuture@12126905[Not completed]
2022-10-13 11:29:42,608 [pool-656-thread-1] INFO  server.RaftServer$Division (RaftServerImpl.java:<init>(190)) - 5434c52c-ef5a-4936-a116-7fd551384221: new RaftServerImpl for group-28B5D74B2EBF:[5434c52c-ef5a-4936-a116-7fd551384221|rpc:10.1.0.139:44247|priority:1] with ContainerStateMachine:uninitialized
2022-10-13 11:29:42,609 [pool-656-thread-1] INFO  server.RaftServerConfigKeys (ConfUtils.java:logGet(46)) - raft.server.rpc.timeout.min = 5s (custom)
2022-10-13 11:29:42,609 [pool-656-thread-1] INFO  server.RaftServerConfigKeys (ConfUtils.java:logGet(46)) - raft.server.rpc.timeout.max = 5200ms (custom)
2022-10-13 11:29:42,609 [pool-656-thread-1] INFO  server.RaftServerConfigKeys (ConfUtils.java:logGet(46)) - raft.server.rpc.sleep.time = 25ms (default)
2022-10-13 11:29:42,609 [pool-656-thread-1] INFO  server.RaftServerConfigKeys (ConfUtils.java:logGet(46)) - raft.server.rpc.slowness.timeout = 300s (custom)
2022-10-13 11:29:42,609 [pool-656-thread-1] INFO  server.RaftServerConfigKeys (ConfUtils.java:logGet(46)) - raft.server.leaderelection.leader.step-down.wait-time = 10s (default)
2022-10-13 11:29:42,609 [pool-656-thread-1] INFO  server.RaftServerConfigKeys (ConfUtils.java:logGet(46)) - raft.server.sleep.deviation.threshold = 300ms (default)
2022-10-13 11:29:42,609 [pool-656-thread-1] INFO  server.RaftServer$Division (ServerState.java:<init>(107)) - 5434c52c-ef5a-4936-a116-7fd551384221@group-28B5D74B2EBF: ConfigurationManager, init=-1: [5434c52c-ef5a-4936-a116-7fd551384221|rpc:10.1.0.139:44247|priority:1], old=null, confs=<EMPTY_MAP>
2022-10-13 11:29:42,609 [pool-656-thread-1] INFO  server.RaftServerConfigKeys (ConfUtils.java:logGet(46)) - raft.server.storage.dir = [/home/runner/work/ozone/ozone/hadoop-ozone/integration-test/target/test-dir/MiniOzoneClusterImpl-900e8113-aac4-448a-a9d6-76244602bcf4/datanode-0/data/ratis] (custom)
2022-10-13 11:29:42,609 [pool-656-thread-1] INFO  server.RaftServerConfigKeys (ConfUtils.java:logGet(46)) - raft.server.log.corruption.policy = EXCEPTION (default)
2022-10-13 11:29:42,609 [pool-656-thread-1] INFO  server.RaftServerConfigKeys (ConfUtils.java:logGet(46)) - raft.server.storage.free-space.min = 0MB (=0) (default)
2022-10-13 11:29:42,609 [pool-656-thread-1] INFO  storage.RaftStorageDirectory (RaftStorageDirectoryImpl.java:analyzeStorage(135)) - The storage directory /home/runner/work/ozone/ozone/hadoop-ozone/integration-test/target/test-dir/MiniOzoneClusterImpl-900e8113-aac4-448a-a9d6-76244602bcf4/datanode-0/data/ratis/57cdee8e-0270-45a9-a6ff-28b5d74b2ebf does not exist. Creating ...
2022-10-13 11:29:42,611 [pool-656-thread-1] INFO  storage.RaftStorageDirectory (RaftStorageDirectoryImpl.java:tryLock(230)) - Lock on /home/runner/work/ozone/ozone/hadoop-ozone/integration-test/target/test-dir/MiniOzoneClusterImpl-900e8113-aac4-448a-a9d6-76244602bcf4/datanode-0/data/ratis/57cdee8e-0270-45a9-a6ff-28b5d74b2ebf/in_use.lock acquired by nodename 2264@fv-az447-90
2022-10-13 11:29:42,613 [pool-656-thread-1] INFO  storage.RaftStorage (RaftStorageImpl.java:format(89)) - Storage directory /home/runner/work/ozone/ozone/hadoop-ozone/integration-test/target/test-dir/MiniOzoneClusterImpl-900e8113-aac4-448a-a9d6-76244602bcf4/datanode-0/data/ratis/57cdee8e-0270-45a9-a6ff-28b5d74b2ebf has been successfully formatted.
2022-10-13 11:29:42,614 [pool-656-thread-1] INFO  ratis.ContainerStateMachine (ContainerStateMachine.java:loadSnapshot(236)) - group-28B5D74B2EBF: The snapshot info is null. Setting the last applied indexto:(t:0, i:~)
2022-10-13 11:29:42,614 [pool-656-thread-1] INFO  server.RaftServerConfigKeys (ConfUtils.java:logGet(46)) - raft.server.notification.no-leader.timeout = 300s (custom)
2022-10-13 11:29:42,614 [pool-656-thread-1] INFO  server.RaftServerConfigKeys (ConfUtils.java:logGet(46)) - raft.server.log.use.memory = false (default)
2022-10-13 11:29:42,614 [pool-656-thread-1] INFO  server.RaftServerConfigKeys (ConfUtils.java:logGet(46)) - raft.server.log.purge.gap = 1000000 (custom)
2022-10-13 11:29:42,614 [pool-656-thread-1] INFO  server.RaftServerConfigKeys (ConfUtils.java:logGet(46)) - raft.server.log.appender.buffer.byte-limit = 33554432 (custom)
2022-10-13 11:29:42,614 [pool-656-thread-1] INFO  server.RaftServerConfigKeys (ConfUtils.java:logGet(46)) - raft.server.log.statemachine.data.read.timeout = 1000ms (default)
2022-10-13 11:29:42,614 [pool-656-thread-1] INFO  server.RaftServerConfigKeys (ConfUtils.java:logGet(46)) - raft.server.log.segment.size.max = 1048576 (custom)
2022-10-13 11:29:42,615 [pool-656-thread-1] INFO  server.RaftServerConfigKeys (ConfUtils.java:logGet(46)) - raft.server.log.segment.cache.num.max = 2 (custom)
2022-10-13 11:29:42,615 [EventQueue-PipelineReportForPipelineReportHandler] INFO  pipeline.PipelineManagerImpl (PipelineManagerImpl.java:openPipeline(367)) - Pipeline Pipeline[ Id: 57cdee8e-0270-45a9-a6ff-28b5d74b2ebf, Nodes: 5434c52c-ef5a-4936-a116-7fd551384221{ip: 10.1.0.139, host: fv-az447-90.tnmeiuxxsqeu3byeydcnbj0j5d.dx.internal.cloudapp.net, ports: [REPLICATION=36365, RATIS=44247, RATIS_ADMIN=44247, RATIS_SERVER=44247, STANDALONE=46171], networkLocation: /default-rack, certSerialId: null, persistedOpState: IN_SERVICE, persistedOpStateExpiryEpochSec: 0}, ReplicationConfig: RATIS/ONE, State:ALLOCATED, leaderId:5434c52c-ef5a-4936-a116-7fd551384221, CreationTimestamp2022-10-13T11:29:39.609Z[Etc/UTC]] moved to OPEN state
2022-10-13 11:29:42,615 [pool-656-thread-1] INFO  server.RaftServerConfigKeys (ConfUtils.java:logGet(46)) - raft.server.log.segment.cache.size.max = 200MB (=209715200) (default)
2022-10-13 11:29:42,615 [pool-656-thread-1] INFO  segmented.SegmentedRaftLogWorker (SegmentedRaftLogWorker.java:<init>(187)) - new 5434c52c-ef5a-4936-a116-7fd551384221@group-28B5D74B2EBF-SegmentedRaftLogWorker for RaftStorageImpl:Storage Directory /home/runner/work/ozone/ozone/hadoop-ozone/integration-test/target/test-dir/MiniOzoneClusterImpl-900e8113-aac4-448a-a9d6-76244602bcf4/datanode-0/data/ratis/57cdee8e-0270-45a9-a6ff-28b5d74b2ebf
2022-10-13 11:29:42,615 [pool-656-thread-1] INFO  server.RaftServerConfigKeys (ConfUtils.java:logGet(46)) - raft.server.log.queue.byte-limit = 4294967296 (custom)
2022-10-13 11:29:42,615 [pool-656-thread-1] INFO  server.RaftServerConfigKeys (ConfUtils.java:logGet(46)) - raft.server.log.queue.element-limit = 1024 (custom)
2022-10-13 11:29:42,615 [pool-656-thread-1] INFO  server.RaftServerConfigKeys (ConfUtils.java:logGet(46)) - raft.server.log.segment.size.max = 1048576 (custom)
2022-10-13 11:29:42,615 [pool-656-thread-1] INFO  server.RaftServerConfigKeys (ConfUtils.java:logGet(46)) - raft.server.log.preallocated.size = 16384 (custom)
2022-10-13 11:29:42,615 [pool-656-thread-1] INFO  server.RaftServerConfigKeys (ConfUtils.java:logGet(46)) - raft.server.log.force.sync.num = 128 (default)
2022-10-13 11:29:42,615 [pool-656-thread-1] INFO  server.RaftServerConfigKeys (ConfUtils.java:logGet(46)) - raft.server.log.statemachine.data.sync = true (default)
2022-10-13 11:29:42,615 [pool-656-thread-1] INFO  server.RaftServerConfigKeys (ConfUtils.java:logGet(46)) - raft.server.log.statemachine.data.sync.timeout = 10s (default)
2022-10-13 11:29:42,615 [pool-656-thread-1] INFO  server.RaftServerConfigKeys (ConfUtils.java:logGet(46)) - raft.server.log.statemachine.data.sync.timeout.retry = -1 (default)
2022-10-13 11:29:42,616 [pool-656-thread-1] INFO  server.RaftServerConfigKeys (ConfUtils.java:logGet(46)) - raft.server.log.write.buffer.size = 1048576 (custom)
2022-10-13 11:29:42,617 [pool-656-thread-1] INFO  server.RaftServerConfigKeys (ConfUtils.java:logGet(46)) - raft.server.log.unsafe-flush.enabled = false (default)
2022-10-13 11:29:42,617 [pool-656-thread-1] INFO  server.RaftServerConfigKeys (ConfUtils.java:logGet(46)) - raft.server.log.statemachine.data.caching.enabled = true (custom)
2022-10-13 11:29:42,617 [pool-656-thread-1] INFO  segmented.SegmentedRaftLogWorker (SegmentedRaftLogWorker.java:lambda$new$0(135)) - 5434c52c-ef5a-4936-a116-7fd551384221@group-28B5D74B2EBF-SegmentedRaftLogWorker: flushIndex: setUnconditionally 0 -> -1
2022-10-13 11:29:42,617 [pool-656-thread-1] INFO  segmented.SegmentedRaftLogWorker (SegmentedRaftLogWorker.java:lambda$new$0(135)) - 5434c52c-ef5a-4936-a116-7fd551384221@group-28B5D74B2EBF-SegmentedRaftLogWorker: safeCacheEvictIndex: setUnconditionally 0 -> -1
2022-10-13 11:29:42,618 [pool-656-thread-1] INFO  server.RaftServerConfigKeys (ConfUtils.java:logGet(46)) - raft.server.snapshot.auto.trigger.enabled = true (custom)
2022-10-13 11:29:42,618 [pool-656-thread-1] INFO  server.RaftServerConfigKeys (ConfUtils.java:logGet(46)) - raft.server.snapshot.auto.trigger.threshold = 10000 (custom)
2022-10-13 11:29:42,618 [pool-656-thread-1] INFO  server.RaftServerConfigKeys (ConfUtils.java:logGet(46)) - raft.server.snapshot.retention.file.num = 5 (custom)
2022-10-13 11:29:42,618 [pool-656-thread-1] INFO  server.RaftServerConfigKeys (ConfUtils.java:logGet(46)) - raft.server.log.purge.upto.snapshot.index = false (default)
2022-10-13 11:29:42,621 [pool-656-thread-1] INFO  server.RaftServerConfigKeys (ConfUtils.java:logGet(46)) - raft.server.retrycache.expirytime = 600000ms (custom)
2022-10-13 11:29:42,621 [pool-656-thread-1] INFO  server.RaftServerConfigKeys (ConfUtils.java:logGet(46)) - raft.server.retrycache.statistics.expirytime = 100μs (default)
2022-10-13 11:29:42,622 [pool-656-thread-1] INFO  server.RaftServerConfigKeys (ConfUtils.java:logGet(46)) - raft.server.log.appender.install.snapshot.enabled = false (custom)
2022-10-13 11:29:42,623 [pool-656-thread-1] INFO  server.RaftServerConfigKeys (ConfUtils.java:logGet(46)) - raft.server.threadpool.server.cached = true (default)
2022-10-13 11:29:42,623 [pool-656-thread-1] INFO  server.RaftServerConfigKeys (ConfUtils.java:logGet(46)) - raft.server.threadpool.server.size = 0 (default)
2022-10-13 11:29:42,623 [pool-656-thread-1] INFO  server.RaftServerConfigKeys (ConfUtils.java:logGet(46)) - raft.server.threadpool.client.cached = true (default)
2022-10-13 11:29:42,623 [pool-656-thread-1] INFO  server.RaftServerConfigKeys (ConfUtils.java:logGet(46)) - raft.server.threadpool.client.size = 0 (default)
2022-10-13 11:29:42,623 [pool-656-thread-1] INFO  server.RaftServer$Division (RaftServerImpl.java:start(310)) - 5434c52c-ef5a-4936-a116-7fd551384221@group-28B5D74B2EBF: start as a follower, conf=-1: [5434c52c-ef5a-4936-a116-7fd551384221|rpc:10.1.0.139:44247|priority:1], old=null
2022-10-13 11:29:42,623 [pool-656-thread-1] INFO  server.RaftServer$Division (RaftServerImpl.java:setRole(299)) - 5434c52c-ef5a-4936-a116-7fd551384221@group-28B5D74B2EBF: changes role from      null to FOLLOWER at term 0 for startAsFollower
2022-10-13 11:29:42,623 [pool-656-thread-1] INFO  impl.RoleInfo (RoleInfo.java:updateAndGet(139)) - 5434c52c-ef5a-4936-a116-7fd551384221: start 5434c52c-ef5a-4936-a116-7fd551384221@group-28B5D74B2EBF-FollowerState
2022-10-13 11:29:42,625 [pool-656-thread-1] INFO  util.JmxRegister (JmxRegister.java:tryRegister(44)) - Successfully registered JMX Bean with object name Ratis:service=RaftServer,group=group-28B5D74B2EBF,id=5434c52c-ef5a-4936-a116-7fd551384221
2022-10-13 11:29:42,629 [Command processor thread] INFO  ratis.XceiverServerRatis (XceiverServerRatis.java:addGroup(765)) - Created group PipelineID=57cdee8e-0270-45a9-a6ff-28b5d74b2ebf
2022-10-13 11:29:42,629 [Command processor thread] INFO  commandhandler.CreatePipelineCommandHandler (CreatePipelineCommandHandler.java:handle(113)) - Created Pipeline RATIS ONE PipelineID=57cdee8e-0270-45a9-a6ff-28b5d74b2ebf.
2022-10-13 11:29:42,629 [Command processor thread] INFO  server.RaftServer (RaftServerProxy.java:addNew(96)) - 5434c52c-ef5a-4936-a116-7fd551384221: addNew group-30397A6AD897:[99102043-e169-401c-83bb-bf4102350d41|rpc:10.1.0.139:39239|priority:0, a77fef8e-fdb1-4318-93ee-d092ca05aa64|rpc:10.1.0.139:41225|priority:1, 5434c52c-ef5a-4936-a116-7fd551384221|rpc:10.1.0.139:44247|priority:0] returns group-30397A6AD897:java.util.concurrent.CompletableFuture@162def9f[Not completed]
2022-10-13 11:29:42,631 [pool-656-thread-1] INFO  server.RaftServer$Division (RaftServerImpl.java:<init>(190)) - 5434c52c-ef5a-4936-a116-7fd551384221: new RaftServerImpl for group-30397A6AD897:[99102043-e169-401c-83bb-bf4102350d41|rpc:10.1.0.139:39239|priority:0, a77fef8e-fdb1-4318-93ee-d092ca05aa64|rpc:10.1.0.139:41225|priority:1, 5434c52c-ef5a-4936-a116-7fd551384221|rpc:10.1.0.139:44247|priority:0] with ContainerStateMachine:uninitialized
2022-10-13 11:29:42,631 [pool-656-thread-1] INFO  server.RaftServerConfigKeys (ConfUtils.java:logGet(46)) - raft.server.rpc.timeout.min = 5s (custom)
2022-10-13 11:29:42,631 [pool-656-thread-1] INFO  server.RaftServerConfigKeys (ConfUtils.java:logGet(46)) - raft.server.rpc.timeout.max = 5200ms (custom)
2022-10-13 11:29:42,631 [pool-656-thread-1] INFO  server.RaftServerConfigKeys (ConfUtils.java:logGet(46)) - raft.server.rpc.sleep.time = 25ms (default)
2022-10-13 11:29:42,631 [pool-656-thread-1] INFO  server.RaftServerConfigKeys (ConfUtils.java:logGet(46)) - raft.server.rpc.slowness.timeout = 300s (custom)
2022-10-13 11:29:42,631 [pool-656-thread-1] INFO  server.RaftServerConfigKeys (ConfUtils.java:logGet(46)) - raft.server.leaderelection.leader.step-down.wait-time = 10s (default)
2022-10-13 11:29:42,631 [pool-656-thread-1] INFO  server.RaftServerConfigKeys (ConfUtils.java:logGet(46)) - raft.server.sleep.deviation.threshold = 300ms (default)
2022-10-13 11:29:42,631 [pool-656-thread-1] INFO  server.RaftServer$Division (ServerState.java:<init>(107)) - 5434c52c-ef5a-4936-a116-7fd551384221@group-30397A6AD897: ConfigurationManager, init=-1: [99102043-e169-401c-83bb-bf4102350d41|rpc:10.1.0.139:39239|priority:0, a77fef8e-fdb1-4318-93ee-d092ca05aa64|rpc:10.1.0.139:41225|priority:1, 5434c52c-ef5a-4936-a116-7fd551384221|rpc:10.1.0.139:44247|priority:0], old=null, confs=<EMPTY_MAP>
2022-10-13 11:29:42,631 [pool-656-thread-1] INFO  server.RaftServerConfigKeys (ConfUtils.java:logGet(46)) - raft.server.storage.dir = [/home/runner/work/ozone/ozone/hadoop-ozone/integration-test/target/test-dir/MiniOzoneClusterImpl-900e8113-aac4-448a-a9d6-76244602bcf4/datanode-0/data/ratis] (custom)
2022-10-13 11:29:42,631 [pool-656-thread-1] INFO  server.RaftServerConfigKeys (ConfUtils.java:logGet(46)) - raft.server.log.corruption.policy = EXCEPTION (default)
2022-10-13 11:29:42,631 [pool-656-thread-1] INFO  server.RaftServerConfigKeys (ConfUtils.java:logGet(46)) - raft.server.storage.free-space.min = 0MB (=0) (default)
2022-10-13 11:29:42,632 [pool-656-thread-1] INFO  storage.RaftStorageDirectory (RaftStorageDirectoryImpl.java:analyzeStorage(135)) - The storage directory /home/runner/work/ozone/ozone/hadoop-ozone/integration-test/target/test-dir/MiniOzoneClusterImpl-900e8113-aac4-448a-a9d6-76244602bcf4/datanode-0/data/ratis/ef7283f9-7b10-4125-8415-30397a6ad897 does not exist. Creating ...
2022-10-13 11:29:42,629 [EventQueue-OpenPipelineForHealthyPipelineSafeModeRule] INFO  safemode.SCMSafeModeManager (HealthyPipelineSafeModeRule.java:process(137)) - SCM in safe mode. Healthy pipelines reported count is 0, required healthy pipeline reported count is 1
2022-10-13 11:29:42,633 [pool-656-thread-1] INFO  storage.RaftStorageDirectory (RaftStorageDirectoryImpl.java:tryLock(230)) - Lock on /home/runner/work/ozone/ozone/hadoop-ozone/integration-test/target/test-dir/MiniOzoneClusterImpl-900e8113-aac4-448a-a9d6-76244602bcf4/datanode-0/data/ratis/ef7283f9-7b10-4125-8415-30397a6ad897/in_use.lock acquired by nodename 2264@fv-az447-90
2022-10-13 11:29:42,634 [pool-656-thread-1] INFO  storage.RaftStorage (RaftStorageImpl.java:format(89)) - Storage directory /home/runner/work/ozone/ozone/hadoop-ozone/integration-test/target/test-dir/MiniOzoneClusterImpl-900e8113-aac4-448a-a9d6-76244602bcf4/datanode-0/data/ratis/ef7283f9-7b10-4125-8415-30397a6ad897 has been successfully formatted.
2022-10-13 11:29:42,636 [pool-656-thread-1] INFO  ratis.ContainerStateMachine (ContainerStateMachine.java:loadSnapshot(236)) - group-30397A6AD897: The snapshot info is null. Setting the last applied indexto:(t:0, i:~)
2022-10-13 11:29:42,637 [pool-656-thread-1] INFO  server.RaftServerConfigKeys (ConfUtils.java:logGet(46)) - raft.server.notification.no-leader.timeout = 300s (custom)
2022-10-13 11:29:42,637 [pool-656-thread-1] INFO  server.RaftServerConfigKeys (ConfUtils.java:logGet(46)) - raft.server.log.use.memory = false (default)
2022-10-13 11:29:42,637 [pool-656-thread-1] INFO  server.RaftServerConfigKeys (ConfUtils.java:logGet(46)) - raft.server.log.purge.gap = 1000000 (custom)
2022-10-13 11:29:42,637 [pool-656-thread-1] INFO  server.RaftServerConfigKeys (ConfUtils.java:logGet(46)) - raft.server.log.appender.buffer.byte-limit = 33554432 (custom)
2022-10-13 11:29:42,637 [pool-656-thread-1] INFO  server.RaftServerConfigKeys (ConfUtils.java:logGet(46)) - raft.server.log.statemachine.data.read.timeout = 1000ms (default)
2022-10-13 11:29:42,637 [pool-656-thread-1] INFO  server.RaftServerConfigKeys (ConfUtils.java:logGet(46)) - raft.server.log.segment.size.max = 1048576 (custom)
2022-10-13 11:29:42,638 [pool-656-thread-1] INFO  server.RaftServerConfigKeys (ConfUtils.java:logGet(46)) - raft.server.log.segment.cache.num.max = 2 (custom)
2022-10-13 11:29:42,638 [pool-656-thread-1] INFO  server.RaftServerConfigKeys (ConfUtils.java:logGet(46)) - raft.server.log.segment.cache.size.max = 200MB (=209715200) (default)
2022-10-13 11:29:42,638 [pool-656-thread-1] INFO  segmented.SegmentedRaftLogWorker (SegmentedRaftLogWorker.java:<init>(187)) - new 5434c52c-ef5a-4936-a116-7fd551384221@group-30397A6AD897-SegmentedRaftLogWorker for RaftStorageImpl:Storage Directory /home/runner/work/ozone/ozone/hadoop-ozone/integration-test/target/test-dir/MiniOzoneClusterImpl-900e8113-aac4-448a-a9d6-76244602bcf4/datanode-0/data/ratis/ef7283f9-7b10-4125-8415-30397a6ad897
2022-10-13 11:29:42,638 [pool-656-thread-1] INFO  server.RaftServerConfigKeys (ConfUtils.java:logGet(46)) - raft.server.log.queue.byte-limit = 4294967296 (custom)
2022-10-13 11:29:42,638 [pool-656-thread-1] INFO  server.RaftServerConfigKeys (ConfUtils.java:logGet(46)) - raft.server.log.queue.element-limit = 1024 (custom)
2022-10-13 11:29:42,638 [pool-656-thread-1] INFO  server.RaftServerConfigKeys (ConfUtils.java:logGet(46)) - raft.server.log.segment.size.max = 1048576 (custom)
2022-10-13 11:29:42,638 [pool-656-thread-1] INFO  server.RaftServerConfigKeys (ConfUtils.java:logGet(46)) - raft.server.log.preallocated.size = 16384 (custom)
2022-10-13 11:29:42,638 [pool-656-thread-1] INFO  server.RaftServerConfigKeys (ConfUtils.java:logGet(46)) - raft.server.log.force.sync.num = 128 (default)
2022-10-13 11:29:42,638 [pool-656-thread-1] INFO  server.RaftServerConfigKeys (ConfUtils.java:logGet(46)) - raft.server.log.statemachine.data.sync = true (default)
2022-10-13 11:29:42,638 [pool-656-thread-1] INFO  server.RaftServerConfigKeys (ConfUtils.java:logGet(46)) - raft.server.log.statemachine.data.sync.timeout = 10s (default)
2022-10-13 11:29:42,638 [pool-656-thread-1] INFO  server.RaftServerConfigKeys (ConfUtils.java:logGet(46)) - raft.server.log.statemachine.data.sync.timeout.retry = -1 (default)
2022-10-13 11:29:42,639 [EventQueue-OpenPipelineForHealthyPipelineSafeModeRule] INFO  safemode.SCMSafeModeManager (HealthyPipelineSafeModeRule.java:process(137)) - SCM in safe mode. Healthy pipelines reported count is 0, required healthy pipeline reported count is 1
2022-10-13 11:29:42,640 [pool-656-thread-1] INFO  server.RaftServerConfigKeys (ConfUtils.java:logGet(46)) - raft.server.log.write.buffer.size = 1048576 (custom)
2022-10-13 11:29:42,641 [pool-656-thread-1] INFO  server.RaftServerConfigKeys (ConfUtils.java:logGet(46)) - raft.server.log.unsafe-flush.enabled = false (default)
2022-10-13 11:29:42,641 [pool-656-thread-1] INFO  server.RaftServerConfigKeys (ConfUtils.java:logGet(46)) - raft.server.log.statemachine.data.caching.enabled = true (custom)
2022-10-13 11:29:42,641 [pool-656-thread-1] INFO  segmented.SegmentedRaftLogWorker (SegmentedRaftLogWorker.java:lambda$new$0(135)) - 5434c52c-ef5a-4936-a116-7fd551384221@group-30397A6AD897-SegmentedRaftLogWorker: flushIndex: setUnconditionally 0 -> -1
2022-10-13 11:29:42,641 [pool-656-thread-1] INFO  segmented.SegmentedRaftLogWorker (SegmentedRaftLogWorker.java:lambda$new$0(135)) - 5434c52c-ef5a-4936-a116-7fd551384221@group-30397A6AD897-SegmentedRaftLogWorker: safeCacheEvictIndex: setUnconditionally 0 -> -1
2022-10-13 11:29:42,645 [pool-656-thread-1] INFO  server.RaftServerConfigKeys (ConfUtils.java:logGet(46)) - raft.server.snapshot.auto.trigger.enabled = true (custom)
2022-10-13 11:29:42,645 [pool-656-thread-1] INFO  server.RaftServerConfigKeys (ConfUtils.java:logGet(46)) - raft.server.snapshot.auto.trigger.threshold = 10000 (custom)
2022-10-13 11:29:42,645 [pool-656-thread-1] INFO  server.RaftServerConfigKeys (ConfUtils.java:logGet(46)) - raft.server.snapshot.retention.file.num = 5 (custom)
2022-10-13 11:29:42,645 [pool-656-thread-1] INFO  server.RaftServerConfigKeys (ConfUtils.java:logGet(46)) - raft.server.log.purge.upto.snapshot.index = false (default)
2022-10-13 11:29:42,645 [pool-656-thread-1] INFO  server.RaftServerConfigKeys (ConfUtils.java:logGet(46)) - raft.server.retrycache.expirytime = 600000ms (custom)
2022-10-13 11:29:42,645 [pool-656-thread-1] INFO  server.RaftServerConfigKeys (ConfUtils.java:logGet(46)) - raft.server.retrycache.statistics.expirytime = 100μs (default)
2022-10-13 11:29:42,647 [pool-656-thread-1] INFO  server.RaftServerConfigKeys (ConfUtils.java:logGet(46)) - raft.server.log.appender.install.snapshot.enabled = false (custom)
2022-10-13 11:29:42,647 [pool-656-thread-1] INFO  server.RaftServerConfigKeys (ConfUtils.java:logGet(46)) - raft.server.threadpool.server.cached = true (default)
2022-10-13 11:29:42,647 [pool-656-thread-1] INFO  server.RaftServerConfigKeys (ConfUtils.java:logGet(46)) - raft.server.threadpool.server.size = 0 (default)
2022-10-13 11:29:42,647 [pool-656-thread-1] INFO  server.RaftServerConfigKeys (ConfUtils.java:logGet(46)) - raft.server.threadpool.client.cached = true (default)
2022-10-13 11:29:42,647 [pool-656-thread-1] INFO  server.RaftServerConfigKeys (ConfUtils.java:logGet(46)) - raft.server.threadpool.client.size = 0 (default)
2022-10-13 11:29:42,647 [pool-656-thread-1] INFO  server.RaftServer$Division (RaftServerImpl.java:start(310)) - 5434c52c-ef5a-4936-a116-7fd551384221@group-30397A6AD897: start as a follower, conf=-1: [99102043-e169-401c-83bb-bf4102350d41|rpc:10.1.0.139:39239|priority:0, a77fef8e-fdb1-4318-93ee-d092ca05aa64|rpc:10.1.0.139:41225|priority:1, 5434c52c-ef5a-4936-a116-7fd551384221|rpc:10.1.0.139:44247|priority:0], old=null
2022-10-13 11:29:42,647 [pool-656-thread-1] INFO  server.RaftServer$Division (RaftServerImpl.java:setRole(299)) - 5434c52c-ef5a-4936-a116-7fd551384221@group-30397A6AD897: changes role from      null to FOLLOWER at term 0 for startAsFollower
2022-10-13 11:29:42,647 [pool-656-thread-1] INFO  impl.RoleInfo (RoleInfo.java:updateAndGet(139)) - 5434c52c-ef5a-4936-a116-7fd551384221: start 5434c52c-ef5a-4936-a116-7fd551384221@group-30397A6AD897-FollowerState
2022-10-13 11:29:42,648 [pool-656-thread-1] INFO  util.JmxRegister (JmxRegister.java:tryRegister(44)) - Successfully registered JMX Bean with object name Ratis:service=RaftServer,group=group-30397A6AD897,id=5434c52c-ef5a-4936-a116-7fd551384221
2022-10-13 11:29:42,648 [Command processor thread] INFO  ratis.XceiverServerRatis (XceiverServerRatis.java:addGroup(765)) - Created group PipelineID=ef7283f9-7b10-4125-8415-30397a6ad897
2022-10-13 11:29:42,669 [grpc-default-executor-0] INFO  server.RaftServer (RaftServerProxy.java:addNew(96)) - 99102043-e169-401c-83bb-bf4102350d41: addNew group-30397A6AD897:[99102043-e169-401c-83bb-bf4102350d41|rpc:10.1.0.139:39239|dataStream:|priority:0, a77fef8e-fdb1-4318-93ee-d092ca05aa64|rpc:10.1.0.139:41225|dataStream:|priority:1, 5434c52c-ef5a-4936-a116-7fd551384221|rpc:10.1.0.139:44247|dataStream:|priority:0] returns group-30397A6AD897:java.util.concurrent.CompletableFuture@7261af7c[Not completed]
2022-10-13 11:29:42,670 [pool-702-thread-1] INFO  server.RaftServer$Division (RaftServerImpl.java:<init>(190)) - 99102043-e169-401c-83bb-bf4102350d41: new RaftServerImpl for group-30397A6AD897:[99102043-e169-401c-83bb-bf4102350d41|rpc:10.1.0.139:39239|dataStream:|priority:0, a77fef8e-fdb1-4318-93ee-d092ca05aa64|rpc:10.1.0.139:41225|dataStream:|priority:1, 5434c52c-ef5a-4936-a116-7fd551384221|rpc:10.1.0.139:44247|dataStream:|priority:0] with ContainerStateMachine:uninitialized
2022-10-13 11:29:42,671 [pool-702-thread-1] INFO  server.RaftServerConfigKeys (ConfUtils.java:logGet(46)) - raft.server.rpc.timeout.min = 5s (custom)
2022-10-13 11:29:42,671 [pool-702-thread-1] INFO  server.RaftServerConfigKeys (ConfUtils.java:logGet(46)) - raft.server.rpc.timeout.max = 5200ms (custom)
2022-10-13 11:29:42,671 [pool-702-thread-1] INFO  server.RaftServerConfigKeys (ConfUtils.java:logGet(46)) - raft.server.rpc.sleep.time = 25ms (default)
2022-10-13 11:29:42,671 [pool-702-thread-1] INFO  server.RaftServerConfigKeys (ConfUtils.java:logGet(46)) - raft.server.rpc.slowness.timeout = 300s (custom)
2022-10-13 11:29:42,671 [pool-702-thread-1] INFO  server.RaftServerConfigKeys (ConfUtils.java:logGet(46)) - raft.server.leaderelection.leader.step-down.wait-time = 10s (default)
2022-10-13 11:29:42,671 [pool-702-thread-1] INFO  server.RaftServerConfigKeys (ConfUtils.java:logGet(46)) - raft.server.sleep.deviation.threshold = 300ms (default)
2022-10-13 11:29:42,671 [pool-702-thread-1] INFO  server.RaftServer$Division (ServerState.java:<init>(107)) - 99102043-e169-401c-83bb-bf4102350d41@group-30397A6AD897: ConfigurationManager, init=-1: [99102043-e169-401c-83bb-bf4102350d41|rpc:10.1.0.139:39239|dataStream:|priority:0, a77fef8e-fdb1-4318-93ee-d092ca05aa64|rpc:10.1.0.139:41225|dataStream:|priority:1, 5434c52c-ef5a-4936-a116-7fd551384221|rpc:10.1.0.139:44247|dataStream:|priority:0], old=null, confs=<EMPTY_MAP>
2022-10-13 11:29:42,671 [pool-702-thread-1] INFO  server.RaftServerConfigKeys (ConfUtils.java:logGet(46)) - raft.server.storage.dir = [/home/runner/work/ozone/ozone/hadoop-ozone/integration-test/target/test-dir/MiniOzoneClusterImpl-900e8113-aac4-448a-a9d6-76244602bcf4/datanode-2/data/ratis] (custom)
2022-10-13 11:29:42,671 [pool-702-thread-1] INFO  server.RaftServerConfigKeys (ConfUtils.java:logGet(46)) - raft.server.log.corruption.policy = EXCEPTION (default)
2022-10-13 11:29:42,671 [pool-702-thread-1] INFO  server.RaftServerConfigKeys (ConfUtils.java:logGet(46)) - raft.server.storage.free-space.min = 0MB (=0) (default)
2022-10-13 11:29:42,671 [pool-702-thread-1] INFO  storage.RaftStorageDirectory (RaftStorageDirectoryImpl.java:analyzeStorage(135)) - The storage directory /home/runner/work/ozone/ozone/hadoop-ozone/integration-test/target/test-dir/MiniOzoneClusterImpl-900e8113-aac4-448a-a9d6-76244602bcf4/datanode-2/data/ratis/ef7283f9-7b10-4125-8415-30397a6ad897 does not exist. Creating ...
2022-10-13 11:29:42,673 [pool-702-thread-1] INFO  storage.RaftStorageDirectory (RaftStorageDirectoryImpl.java:tryLock(230)) - Lock on /home/runner/work/ozone/ozone/hadoop-ozone/integration-test/target/test-dir/MiniOzoneClusterImpl-900e8113-aac4-448a-a9d6-76244602bcf4/datanode-2/data/ratis/ef7283f9-7b10-4125-8415-30397a6ad897/in_use.lock acquired by nodename 2264@fv-az447-90
2022-10-13 11:29:42,674 [pool-702-thread-1] INFO  storage.RaftStorage (RaftStorageImpl.java:format(89)) - Storage directory /home/runner/work/ozone/ozone/hadoop-ozone/integration-test/target/test-dir/MiniOzoneClusterImpl-900e8113-aac4-448a-a9d6-76244602bcf4/datanode-2/data/ratis/ef7283f9-7b10-4125-8415-30397a6ad897 has been successfully formatted.
2022-10-13 11:29:42,675 [pool-702-thread-1] INFO  ratis.ContainerStateMachine (ContainerStateMachine.java:loadSnapshot(236)) - group-30397A6AD897: The snapshot info is null. Setting the last applied indexto:(t:0, i:~)
2022-10-13 11:29:42,675 [pool-702-thread-1] INFO  server.RaftServerConfigKeys (ConfUtils.java:logGet(46)) - raft.server.notification.no-leader.timeout = 300s (custom)
2022-10-13 11:29:42,675 [pool-702-thread-1] INFO  server.RaftServerConfigKeys (ConfUtils.java:logGet(46)) - raft.server.log.use.memory = false (default)
2022-10-13 11:29:42,675 [pool-702-thread-1] INFO  server.RaftServerConfigKeys (ConfUtils.java:logGet(46)) - raft.server.log.purge.gap = 1000000 (custom)
2022-10-13 11:29:42,675 [pool-702-thread-1] INFO  server.RaftServerConfigKeys (ConfUtils.java:logGet(46)) - raft.server.log.appender.buffer.byte-limit = 33554432 (custom)
2022-10-13 11:29:42,675 [pool-702-thread-1] INFO  server.RaftServerConfigKeys (ConfUtils.java:logGet(46)) - raft.server.log.statemachine.data.read.timeout = 1000ms (default)
2022-10-13 11:29:42,680 [pool-702-thread-1] INFO  server.RaftServerConfigKeys (ConfUtils.java:logGet(46)) - raft.server.log.segment.size.max = 1048576 (custom)
2022-10-13 11:29:42,680 [pool-702-thread-1] INFO  server.RaftServerConfigKeys (ConfUtils.java:logGet(46)) - raft.server.log.segment.cache.num.max = 2 (custom)
2022-10-13 11:29:42,680 [pool-702-thread-1] INFO  server.RaftServerConfigKeys (ConfUtils.java:logGet(46)) - raft.server.log.segment.cache.size.max = 200MB (=209715200) (default)
2022-10-13 11:29:42,680 [pool-702-thread-1] INFO  segmented.SegmentedRaftLogWorker (SegmentedRaftLogWorker.java:<init>(187)) - new 99102043-e169-401c-83bb-bf4102350d41@group-30397A6AD897-SegmentedRaftLogWorker for RaftStorageImpl:Storage Directory /home/runner/work/ozone/ozone/hadoop-ozone/integration-test/target/test-dir/MiniOzoneClusterImpl-900e8113-aac4-448a-a9d6-76244602bcf4/datanode-2/data/ratis/ef7283f9-7b10-4125-8415-30397a6ad897
2022-10-13 11:29:42,680 [pool-702-thread-1] INFO  server.RaftServerConfigKeys (ConfUtils.java:logGet(46)) - raft.server.log.queue.byte-limit = 4294967296 (custom)
2022-10-13 11:29:42,680 [pool-702-thread-1] INFO  server.RaftServerConfigKeys (ConfUtils.java:logGet(46)) - raft.server.log.queue.element-limit = 1024 (custom)
2022-10-13 11:29:42,680 [pool-702-thread-1] INFO  server.RaftServerConfigKeys (ConfUtils.java:logGet(46)) - raft.server.log.segment.size.max = 1048576 (custom)
2022-10-13 11:29:42,680 [pool-702-thread-1] INFO  server.RaftServerConfigKeys (ConfUtils.java:logGet(46)) - raft.server.log.preallocated.size = 16384 (custom)
2022-10-13 11:29:42,680 [pool-702-thread-1] INFO  server.RaftServerConfigKeys (ConfUtils.java:logGet(46)) - raft.server.log.force.sync.num = 128 (default)
2022-10-13 11:29:42,680 [pool-702-thread-1] INFO  server.RaftServerConfigKeys (ConfUtils.java:logGet(46)) - raft.server.log.statemachine.data.sync = true (default)
2022-10-13 11:29:42,680 [pool-702-thread-1] INFO  server.RaftServerConfigKeys (ConfUtils.java:logGet(46)) - raft.server.log.statemachine.data.sync.timeout = 10s (default)
2022-10-13 11:29:42,680 [pool-702-thread-1] INFO  server.RaftServerConfigKeys (ConfUtils.java:logGet(46)) - raft.server.log.statemachine.data.sync.timeout.retry = -1 (default)
2022-10-13 11:29:42,681 [pool-702-thread-1] INFO  server.RaftServerConfigKeys (ConfUtils.java:logGet(46)) - raft.server.log.write.buffer.size = 1048576 (custom)
2022-10-13 11:29:42,682 [pool-702-thread-1] INFO  server.RaftServerConfigKeys (ConfUtils.java:logGet(46)) - raft.server.log.unsafe-flush.enabled = false (default)
2022-10-13 11:29:42,682 [pool-702-thread-1] INFO  server.RaftServerConfigKeys (ConfUtils.java:logGet(46)) - raft.server.log.statemachine.data.caching.enabled = true (custom)
2022-10-13 11:29:42,682 [pool-702-thread-1] INFO  segmented.SegmentedRaftLogWorker (SegmentedRaftLogWorker.java:lambda$new$0(135)) - 99102043-e169-401c-83bb-bf4102350d41@group-30397A6AD897-SegmentedRaftLogWorker: flushIndex: setUnconditionally 0 -> -1
2022-10-13 11:29:42,682 [pool-702-thread-1] INFO  segmented.SegmentedRaftLogWorker (SegmentedRaftLogWorker.java:lambda$new$0(135)) - 99102043-e169-401c-83bb-bf4102350d41@group-30397A6AD897-SegmentedRaftLogWorker: safeCacheEvictIndex: setUnconditionally 0 -> -1
2022-10-13 11:29:42,685 [pool-702-thread-1] INFO  server.RaftServerConfigKeys (ConfUtils.java:logGet(46)) - raft.server.snapshot.auto.trigger.enabled = true (custom)
2022-10-13 11:29:42,685 [pool-702-thread-1] INFO  server.RaftServerConfigKeys (ConfUtils.java:logGet(46)) - raft.server.snapshot.auto.trigger.threshold = 10000 (custom)
2022-10-13 11:29:42,685 [pool-702-thread-1] INFO  server.RaftServerConfigKeys (ConfUtils.java:logGet(46)) - raft.server.snapshot.retention.file.num = 5 (custom)
2022-10-13 11:29:42,685 [pool-702-thread-1] INFO  server.RaftServerConfigKeys (ConfUtils.java:logGet(46)) - raft.server.log.purge.upto.snapshot.index = false (default)
2022-10-13 11:29:42,685 [pool-702-thread-1] INFO  server.RaftServerConfigKeys (ConfUtils.java:logGet(46)) - raft.server.retrycache.expirytime = 600000ms (custom)
2022-10-13 11:29:42,685 [pool-702-thread-1] INFO  server.RaftServerConfigKeys (ConfUtils.java:logGet(46)) - raft.server.retrycache.statistics.expirytime = 100μs (default)
2022-10-13 11:29:42,687 [pool-702-thread-1] INFO  server.RaftServerConfigKeys (ConfUtils.java:logGet(46)) - raft.server.log.appender.install.snapshot.enabled = false (custom)
2022-10-13 11:29:42,687 [pool-702-thread-1] INFO  server.RaftServerConfigKeys (ConfUtils.java:logGet(46)) - raft.server.threadpool.server.cached = true (default)
2022-10-13 11:29:42,687 [pool-702-thread-1] INFO  server.RaftServerConfigKeys (ConfUtils.java:logGet(46)) - raft.server.threadpool.server.size = 0 (default)
2022-10-13 11:29:42,687 [pool-702-thread-1] INFO  server.RaftServerConfigKeys (ConfUtils.java:logGet(46)) - raft.server.threadpool.client.cached = true (default)
2022-10-13 11:29:42,687 [pool-702-thread-1] INFO  server.RaftServerConfigKeys (ConfUtils.java:logGet(46)) - raft.server.threadpool.client.size = 0 (default)
2022-10-13 11:29:42,688 [pool-702-thread-1] INFO  server.RaftServer$Division (RaftServerImpl.java:start(310)) - 99102043-e169-401c-83bb-bf4102350d41@group-30397A6AD897: start as a follower, conf=-1: [99102043-e169-401c-83bb-bf4102350d41|rpc:10.1.0.139:39239|dataStream:|priority:0, a77fef8e-fdb1-4318-93ee-d092ca05aa64|rpc:10.1.0.139:41225|dataStream:|priority:1, 5434c52c-ef5a-4936-a116-7fd551384221|rpc:10.1.0.139:44247|dataStream:|priority:0], old=null
2022-10-13 11:29:42,688 [pool-702-thread-1] INFO  server.RaftServer$Division (RaftServerImpl.java:setRole(299)) - 99102043-e169-401c-83bb-bf4102350d41@group-30397A6AD897: changes role from      null to FOLLOWER at term 0 for startAsFollower
2022-10-13 11:29:42,688 [pool-702-thread-1] INFO  impl.RoleInfo (RoleInfo.java:updateAndGet(139)) - 99102043-e169-401c-83bb-bf4102350d41: start 99102043-e169-401c-83bb-bf4102350d41@group-30397A6AD897-FollowerState
2022-10-13 11:29:42,688 [pool-702-thread-1] INFO  util.JmxRegister (JmxRegister.java:tryRegister(44)) - Successfully registered JMX Bean with object name Ratis:service=RaftServer,group=group-30397A6AD897,id=99102043-e169-401c-83bb-bf4102350d41
2022-10-13 11:29:42,709 [grpc-default-executor-0] INFO  server.RaftServer (RaftServerProxy.java:addNew(96)) - a77fef8e-fdb1-4318-93ee-d092ca05aa64: addNew group-30397A6AD897:[99102043-e169-401c-83bb-bf4102350d41|rpc:10.1.0.139:39239|dataStream:|priority:0, a77fef8e-fdb1-4318-93ee-d092ca05aa64|rpc:10.1.0.139:41225|dataStream:|priority:1, 5434c52c-ef5a-4936-a116-7fd551384221|rpc:10.1.0.139:44247|dataStream:|priority:0] returns group-30397A6AD897:java.util.concurrent.CompletableFuture@6a71c367[Not completed]
2022-10-13 11:29:42,711 [pool-679-thread-1] INFO  server.RaftServer$Division (RaftServerImpl.java:<init>(190)) - a77fef8e-fdb1-4318-93ee-d092ca05aa64: new RaftServerImpl for group-30397A6AD897:[99102043-e169-401c-83bb-bf4102350d41|rpc:10.1.0.139:39239|dataStream:|priority:0, a77fef8e-fdb1-4318-93ee-d092ca05aa64|rpc:10.1.0.139:41225|dataStream:|priority:1, 5434c52c-ef5a-4936-a116-7fd551384221|rpc:10.1.0.139:44247|dataStream:|priority:0] with ContainerStateMachine:uninitialized
2022-10-13 11:29:42,711 [pool-679-thread-1] INFO  server.RaftServerConfigKeys (ConfUtils.java:logGet(46)) - raft.server.rpc.timeout.min = 5s (custom)
2022-10-13 11:29:42,711 [pool-679-thread-1] INFO  server.RaftServerConfigKeys (ConfUtils.java:logGet(46)) - raft.server.rpc.timeout.max = 5200ms (custom)
2022-10-13 11:29:42,711 [pool-679-thread-1] INFO  server.RaftServerConfigKeys (ConfUtils.java:logGet(46)) - raft.server.rpc.sleep.time = 25ms (default)
2022-10-13 11:29:42,711 [pool-679-thread-1] INFO  server.RaftServerConfigKeys (ConfUtils.java:logGet(46)) - raft.server.rpc.slowness.timeout = 300s (custom)
2022-10-13 11:29:42,712 [pool-679-thread-1] INFO  server.RaftServerConfigKeys (ConfUtils.java:logGet(46)) - raft.server.leaderelection.leader.step-down.wait-time = 10s (default)
2022-10-13 11:29:42,712 [pool-679-thread-1] INFO  server.RaftServerConfigKeys (ConfUtils.java:logGet(46)) - raft.server.sleep.deviation.threshold = 300ms (default)
2022-10-13 11:29:42,712 [pool-679-thread-1] INFO  server.RaftServer$Division (ServerState.java:<init>(107)) - a77fef8e-fdb1-4318-93ee-d092ca05aa64@group-30397A6AD897: ConfigurationManager, init=-1: [99102043-e169-401c-83bb-bf4102350d41|rpc:10.1.0.139:39239|dataStream:|priority:0, a77fef8e-fdb1-4318-93ee-d092ca05aa64|rpc:10.1.0.139:41225|dataStream:|priority:1, 5434c52c-ef5a-4936-a116-7fd551384221|rpc:10.1.0.139:44247|dataStream:|priority:0], old=null, confs=<EMPTY_MAP>
2022-10-13 11:29:42,712 [pool-679-thread-1] INFO  server.RaftServerConfigKeys (ConfUtils.java:logGet(46)) - raft.server.storage.dir = [/home/runner/work/ozone/ozone/hadoop-ozone/integration-test/target/test-dir/MiniOzoneClusterImpl-900e8113-aac4-448a-a9d6-76244602bcf4/datanode-1/data/ratis] (custom)
2022-10-13 11:29:42,712 [pool-679-thread-1] INFO  server.RaftServerConfigKeys (ConfUtils.java:logGet(46)) - raft.server.log.corruption.policy = EXCEPTION (default)
2022-10-13 11:29:42,712 [pool-679-thread-1] INFO  server.RaftServerConfigKeys (ConfUtils.java:logGet(46)) - raft.server.storage.free-space.min = 0MB (=0) (default)
2022-10-13 11:29:42,712 [pool-679-thread-1] INFO  storage.RaftStorageDirectory (RaftStorageDirectoryImpl.java:analyzeStorage(135)) - The storage directory /home/runner/work/ozone/ozone/hadoop-ozone/integration-test/target/test-dir/MiniOzoneClusterImpl-900e8113-aac4-448a-a9d6-76244602bcf4/datanode-1/data/ratis/ef7283f9-7b10-4125-8415-30397a6ad897 does not exist. Creating ...
2022-10-13 11:29:42,718 [pool-679-thread-1] INFO  storage.RaftStorageDirectory (RaftStorageDirectoryImpl.java:tryLock(230)) - Lock on /home/runner/work/ozone/ozone/hadoop-ozone/integration-test/target/test-dir/MiniOzoneClusterImpl-900e8113-aac4-448a-a9d6-76244602bcf4/datanode-1/data/ratis/ef7283f9-7b10-4125-8415-30397a6ad897/in_use.lock acquired by nodename 2264@fv-az447-90
2022-10-13 11:29:42,719 [pool-679-thread-1] INFO  storage.RaftStorage (RaftStorageImpl.java:format(89)) - Storage directory /home/runner/work/ozone/ozone/hadoop-ozone/integration-test/target/test-dir/MiniOzoneClusterImpl-900e8113-aac4-448a-a9d6-76244602bcf4/datanode-1/data/ratis/ef7283f9-7b10-4125-8415-30397a6ad897 has been successfully formatted.
2022-10-13 11:29:42,723 [pool-679-thread-1] INFO  ratis.ContainerStateMachine (ContainerStateMachine.java:loadSnapshot(236)) - group-30397A6AD897: The snapshot info is null. Setting the last applied indexto:(t:0, i:~)
2022-10-13 11:29:42,723 [pool-679-thread-1] INFO  server.RaftServerConfigKeys (ConfUtils.java:logGet(46)) - raft.server.notification.no-leader.timeout = 300s (custom)
2022-10-13 11:29:42,723 [pool-679-thread-1] INFO  server.RaftServerConfigKeys (ConfUtils.java:logGet(46)) - raft.server.log.use.memory = false (default)
2022-10-13 11:29:42,723 [pool-679-thread-1] INFO  server.RaftServerConfigKeys (ConfUtils.java:logGet(46)) - raft.server.log.purge.gap = 1000000 (custom)
2022-10-13 11:29:42,723 [pool-679-thread-1] INFO  server.RaftServerConfigKeys (ConfUtils.java:logGet(46)) - raft.server.log.appender.buffer.byte-limit = 33554432 (custom)
2022-10-13 11:29:42,723 [pool-679-thread-1] INFO  server.RaftServerConfigKeys (ConfUtils.java:logGet(46)) - raft.server.log.statemachine.data.read.timeout = 1000ms (default)
2022-10-13 11:29:42,723 [pool-679-thread-1] INFO  server.RaftServerConfigKeys (ConfUtils.java:logGet(46)) - raft.server.log.segment.size.max = 1048576 (custom)
2022-10-13 11:29:42,724 [pool-679-thread-1] INFO  server.RaftServerConfigKeys (ConfUtils.java:logGet(46)) - raft.server.log.segment.cache.num.max = 2 (custom)
2022-10-13 11:29:42,724 [pool-679-thread-1] INFO  server.RaftServerConfigKeys (ConfUtils.java:logGet(46)) - raft.server.log.segment.cache.size.max = 200MB (=209715200) (default)
2022-10-13 11:29:42,724 [pool-679-thread-1] INFO  segmented.SegmentedRaftLogWorker (SegmentedRaftLogWorker.java:<init>(187)) - new a77fef8e-fdb1-4318-93ee-d092ca05aa64@group-30397A6AD897-SegmentedRaftLogWorker for RaftStorageImpl:Storage Directory /home/runner/work/ozone/ozone/hadoop-ozone/integration-test/target/test-dir/MiniOzoneClusterImpl-900e8113-aac4-448a-a9d6-76244602bcf4/datanode-1/data/ratis/ef7283f9-7b10-4125-8415-30397a6ad897
2022-10-13 11:29:42,724 [pool-679-thread-1] INFO  server.RaftServerConfigKeys (ConfUtils.java:logGet(46)) - raft.server.log.queue.byte-limit = 4294967296 (custom)
2022-10-13 11:29:42,724 [pool-679-thread-1] INFO  server.RaftServerConfigKeys (ConfUtils.java:logGet(46)) - raft.server.log.queue.element-limit = 1024 (custom)
2022-10-13 11:29:42,724 [pool-679-thread-1] INFO  server.RaftServerConfigKeys (ConfUtils.java:logGet(46)) - raft.server.log.segment.size.max = 1048576 (custom)
2022-10-13 11:29:42,724 [pool-679-thread-1] INFO  server.RaftServerConfigKeys (ConfUtils.java:logGet(46)) - raft.server.log.preallocated.size = 16384 (custom)
2022-10-13 11:29:42,724 [pool-679-thread-1] INFO  server.RaftServerConfigKeys (ConfUtils.java:logGet(46)) - raft.server.log.force.sync.num = 128 (default)
2022-10-13 11:29:42,724 [pool-679-thread-1] INFO  server.RaftServerConfigKeys (ConfUtils.java:logGet(46)) - raft.server.log.statemachine.data.sync = true (default)
2022-10-13 11:29:42,724 [pool-679-thread-1] INFO  server.RaftServerConfigKeys (ConfUtils.java:logGet(46)) - raft.server.log.statemachine.data.sync.timeout = 10s (default)
2022-10-13 11:29:42,724 [pool-679-thread-1] INFO  server.RaftServerConfigKeys (ConfUtils.java:logGet(46)) - raft.server.log.statemachine.data.sync.timeout.retry = -1 (default)
2022-10-13 11:29:42,725 [pool-679-thread-1] INFO  server.RaftServerConfigKeys (ConfUtils.java:logGet(46)) - raft.server.log.write.buffer.size = 1048576 (custom)
2022-10-13 11:29:42,726 [pool-679-thread-1] INFO  server.RaftServerConfigKeys (ConfUtils.java:logGet(46)) - raft.server.log.unsafe-flush.enabled = false (default)
2022-10-13 11:29:42,726 [pool-679-thread-1] INFO  server.RaftServerConfigKeys (ConfUtils.java:logGet(46)) - raft.server.log.statemachine.data.caching.enabled = true (custom)
2022-10-13 11:29:42,726 [pool-679-thread-1] INFO  segmented.SegmentedRaftLogWorker (SegmentedRaftLogWorker.java:lambda$new$0(135)) - a77fef8e-fdb1-4318-93ee-d092ca05aa64@group-30397A6AD897-SegmentedRaftLogWorker: flushIndex: setUnconditionally 0 -> -1
2022-10-13 11:29:42,726 [pool-679-thread-1] INFO  segmented.SegmentedRaftLogWorker (SegmentedRaftLogWorker.java:lambda$new$0(135)) - a77fef8e-fdb1-4318-93ee-d092ca05aa64@group-30397A6AD897-SegmentedRaftLogWorker: safeCacheEvictIndex: setUnconditionally 0 -> -1
2022-10-13 11:29:42,726 [pool-679-thread-1] INFO  server.RaftServerConfigKeys (ConfUtils.java:logGet(46)) - raft.server.snapshot.auto.trigger.enabled = true (custom)
2022-10-13 11:29:42,726 [pool-679-thread-1] INFO  server.RaftServerConfigKeys (ConfUtils.java:logGet(46)) - raft.server.snapshot.auto.trigger.threshold = 10000 (custom)
2022-10-13 11:29:42,726 [pool-679-thread-1] INFO  server.RaftServerConfigKeys (ConfUtils.java:logGet(46)) - raft.server.snapshot.retention.file.num = 5 (custom)
2022-10-13 11:29:42,726 [pool-679-thread-1] INFO  server.RaftServerConfigKeys (ConfUtils.java:logGet(46)) - raft.server.log.purge.upto.snapshot.index = false (default)
2022-10-13 11:29:42,726 [pool-679-thread-1] INFO  server.RaftServerConfigKeys (ConfUtils.java:logGet(46)) - raft.server.retrycache.expirytime = 600000ms (custom)
2022-10-13 11:29:42,726 [pool-679-thread-1] INFO  server.RaftServerConfigKeys (ConfUtils.java:logGet(46)) - raft.server.retrycache.statistics.expirytime = 100μs (default)
2022-10-13 11:29:42,727 [pool-679-thread-1] INFO  server.RaftServerConfigKeys (ConfUtils.java:logGet(46)) - raft.server.log.appender.install.snapshot.enabled = false (custom)
2022-10-13 11:29:42,728 [pool-679-thread-1] INFO  server.RaftServerConfigKeys (ConfUtils.java:logGet(46)) - raft.server.threadpool.server.cached = true (default)
2022-10-13 11:29:42,728 [pool-679-thread-1] INFO  server.RaftServerConfigKeys (ConfUtils.java:logGet(46)) - raft.server.threadpool.server.size = 0 (default)
2022-10-13 11:29:42,728 [pool-679-thread-1] INFO  server.RaftServerConfigKeys (ConfUtils.java:logGet(46)) - raft.server.threadpool.client.cached = true (default)
2022-10-13 11:29:42,728 [pool-679-thread-1] INFO  server.RaftServerConfigKeys (ConfUtils.java:logGet(46)) - raft.server.threadpool.client.size = 0 (default)
2022-10-13 11:29:42,728 [pool-679-thread-1] INFO  server.RaftServer$Division (RaftServerImpl.java:start(310)) - a77fef8e-fdb1-4318-93ee-d092ca05aa64@group-30397A6AD897: start as a follower, conf=-1: [99102043-e169-401c-83bb-bf4102350d41|rpc:10.1.0.139:39239|dataStream:|priority:0, a77fef8e-fdb1-4318-93ee-d092ca05aa64|rpc:10.1.0.139:41225|dataStream:|priority:1, 5434c52c-ef5a-4936-a116-7fd551384221|rpc:10.1.0.139:44247|dataStream:|priority:0], old=null
2022-10-13 11:29:42,728 [pool-679-thread-1] INFO  server.RaftServer$Division (RaftServerImpl.java:setRole(299)) - a77fef8e-fdb1-4318-93ee-d092ca05aa64@group-30397A6AD897: changes role from      null to FOLLOWER at term 0 for startAsFollower
2022-10-13 11:29:42,728 [pool-679-thread-1] INFO  impl.RoleInfo (RoleInfo.java:updateAndGet(139)) - a77fef8e-fdb1-4318-93ee-d092ca05aa64: start a77fef8e-fdb1-4318-93ee-d092ca05aa64@group-30397A6AD897-FollowerState
2022-10-13 11:29:42,729 [pool-679-thread-1] INFO  util.JmxRegister (JmxRegister.java:tryRegister(44)) - Successfully registered JMX Bean with object name Ratis:service=RaftServer,group=group-30397A6AD897,id=a77fef8e-fdb1-4318-93ee-d092ca05aa64
2022-10-13 11:29:42,735 [Command processor thread] INFO  commandhandler.CreatePipelineCommandHandler (CreatePipelineCommandHandler.java:handle(113)) - Created Pipeline RATIS THREE PipelineID=ef7283f9-7b10-4125-8415-30397a6ad897.
2022-10-13 11:29:42,735 [Command processor thread] INFO  server.RaftServer (RaftServerProxy.java:addNew(96)) - 5434c52c-ef5a-4936-a116-7fd551384221: addNew group-14FCDCEDD760:[99102043-e169-401c-83bb-bf4102350d41|rpc:10.1.0.139:39239|priority:1, a77fef8e-fdb1-4318-93ee-d092ca05aa64|rpc:10.1.0.139:41225|priority:0, 5434c52c-ef5a-4936-a116-7fd551384221|rpc:10.1.0.139:44247|priority:0] returns group-14FCDCEDD760:java.util.concurrent.CompletableFuture@4272cf95[Not completed]
2022-10-13 11:29:42,736 [pool-656-thread-1] INFO  server.RaftServer$Division (RaftServerImpl.java:<init>(190)) - 5434c52c-ef5a-4936-a116-7fd551384221: new RaftServerImpl for group-14FCDCEDD760:[99102043-e169-401c-83bb-bf4102350d41|rpc:10.1.0.139:39239|priority:1, a77fef8e-fdb1-4318-93ee-d092ca05aa64|rpc:10.1.0.139:41225|priority:0, 5434c52c-ef5a-4936-a116-7fd551384221|rpc:10.1.0.139:44247|priority:0] with ContainerStateMachine:uninitialized
2022-10-13 11:29:42,736 [pool-656-thread-1] INFO  server.RaftServerConfigKeys (ConfUtils.java:logGet(46)) - raft.server.rpc.timeout.min = 5s (custom)
2022-10-13 11:29:42,736 [pool-656-thread-1] INFO  server.RaftServerConfigKeys (ConfUtils.java:logGet(46)) - raft.server.rpc.timeout.max = 5200ms (custom)
2022-10-13 11:29:42,736 [pool-656-thread-1] INFO  server.RaftServerConfigKeys (ConfUtils.java:logGet(46)) - raft.server.rpc.sleep.time = 25ms (default)
2022-10-13 11:29:42,736 [pool-656-thread-1] INFO  server.RaftServerConfigKeys (ConfUtils.java:logGet(46)) - raft.server.rpc.slowness.timeout = 300s (custom)
2022-10-13 11:29:42,736 [pool-656-thread-1] INFO  server.RaftServerConfigKeys (ConfUtils.java:logGet(46)) - raft.server.leaderelection.leader.step-down.wait-time = 10s (default)
2022-10-13 11:29:42,736 [pool-656-thread-1] INFO  server.RaftServerConfigKeys (ConfUtils.java:logGet(46)) - raft.server.sleep.deviation.threshold = 300ms (default)
2022-10-13 11:29:42,737 [pool-656-thread-1] INFO  server.RaftServer$Division (ServerState.java:<init>(107)) - 5434c52c-ef5a-4936-a116-7fd551384221@group-14FCDCEDD760: ConfigurationManager, init=-1: [99102043-e169-401c-83bb-bf4102350d41|rpc:10.1.0.139:39239|priority:1, a77fef8e-fdb1-4318-93ee-d092ca05aa64|rpc:10.1.0.139:41225|priority:0, 5434c52c-ef5a-4936-a116-7fd551384221|rpc:10.1.0.139:44247|priority:0], old=null, confs=<EMPTY_MAP>
2022-10-13 11:29:42,737 [pool-656-thread-1] INFO  server.RaftServerConfigKeys (ConfUtils.java:logGet(46)) - raft.server.storage.dir = [/home/runner/work/ozone/ozone/hadoop-ozone/integration-test/target/test-dir/MiniOzoneClusterImpl-900e8113-aac4-448a-a9d6-76244602bcf4/datanode-0/data/ratis] (custom)
2022-10-13 11:29:42,737 [pool-656-thread-1] INFO  server.RaftServerConfigKeys (ConfUtils.java:logGet(46)) - raft.server.log.corruption.policy = EXCEPTION (default)
2022-10-13 11:29:42,737 [pool-656-thread-1] INFO  server.RaftServerConfigKeys (ConfUtils.java:logGet(46)) - raft.server.storage.free-space.min = 0MB (=0) (default)
2022-10-13 11:29:42,737 [pool-656-thread-1] INFO  storage.RaftStorageDirectory (RaftStorageDirectoryImpl.java:analyzeStorage(135)) - The storage directory /home/runner/work/ozone/ozone/hadoop-ozone/integration-test/target/test-dir/MiniOzoneClusterImpl-900e8113-aac4-448a-a9d6-76244602bcf4/datanode-0/data/ratis/35338c13-24fb-49e9-bff0-14fcdcedd760 does not exist. Creating ...
2022-10-13 11:29:42,738 [pool-656-thread-1] INFO  storage.RaftStorageDirectory (RaftStorageDirectoryImpl.java:tryLock(230)) - Lock on /home/runner/work/ozone/ozone/hadoop-ozone/integration-test/target/test-dir/MiniOzoneClusterImpl-900e8113-aac4-448a-a9d6-76244602bcf4/datanode-0/data/ratis/35338c13-24fb-49e9-bff0-14fcdcedd760/in_use.lock acquired by nodename 2264@fv-az447-90
2022-10-13 11:29:42,739 [pool-656-thread-1] INFO  storage.RaftStorage (RaftStorageImpl.java:format(89)) - Storage directory /home/runner/work/ozone/ozone/hadoop-ozone/integration-test/target/test-dir/MiniOzoneClusterImpl-900e8113-aac4-448a-a9d6-76244602bcf4/datanode-0/data/ratis/35338c13-24fb-49e9-bff0-14fcdcedd760 has been successfully formatted.
2022-10-13 11:29:42,740 [pool-656-thread-1] INFO  ratis.ContainerStateMachine (ContainerStateMachine.java:loadSnapshot(236)) - group-14FCDCEDD760: The snapshot info is null. Setting the last applied indexto:(t:0, i:~)
2022-10-13 11:29:42,749 [EventQueue-OpenPipelineForHealthyPipelineSafeModeRule] INFO  safemode.SCMSafeModeManager (HealthyPipelineSafeModeRule.java:process(137)) - SCM in safe mode. Healthy pipelines reported count is 0, required healthy pipeline reported count is 1
2022-10-13 11:29:42,750 [pool-656-thread-1] INFO  server.RaftServerConfigKeys (ConfUtils.java:logGet(46)) - raft.server.notification.no-leader.timeout = 300s (custom)
2022-10-13 11:29:42,750 [pool-656-thread-1] INFO  server.RaftServerConfigKeys (ConfUtils.java:logGet(46)) - raft.server.log.use.memory = false (default)
2022-10-13 11:29:42,750 [pool-656-thread-1] INFO  server.RaftServerConfigKeys (ConfUtils.java:logGet(46)) - raft.server.log.purge.gap = 1000000 (custom)
2022-10-13 11:29:42,750 [pool-656-thread-1] INFO  server.RaftServerConfigKeys (ConfUtils.java:logGet(46)) - raft.server.log.appender.buffer.byte-limit = 33554432 (custom)
2022-10-13 11:29:42,750 [pool-656-thread-1] INFO  server.RaftServerConfigKeys (ConfUtils.java:logGet(46)) - raft.server.log.statemachine.data.read.timeout = 1000ms (default)
2022-10-13 11:29:42,750 [pool-656-thread-1] INFO  server.RaftServerConfigKeys (ConfUtils.java:logGet(46)) - raft.server.log.segment.size.max = 1048576 (custom)
2022-10-13 11:29:42,750 [pool-656-thread-1] INFO  server.RaftServerConfigKeys (ConfUtils.java:logGet(46)) - raft.server.log.segment.cache.num.max = 2 (custom)
2022-10-13 11:29:42,750 [pool-656-thread-1] INFO  server.RaftServerConfigKeys (ConfUtils.java:logGet(46)) - raft.server.log.segment.cache.size.max = 200MB (=209715200) (default)
2022-10-13 11:29:42,750 [pool-656-thread-1] INFO  segmented.SegmentedRaftLogWorker (SegmentedRaftLogWorker.java:<init>(187)) - new 5434c52c-ef5a-4936-a116-7fd551384221@group-14FCDCEDD760-SegmentedRaftLogWorker for RaftStorageImpl:Storage Directory /home/runner/work/ozone/ozone/hadoop-ozone/integration-test/target/test-dir/MiniOzoneClusterImpl-900e8113-aac4-448a-a9d6-76244602bcf4/datanode-0/data/ratis/35338c13-24fb-49e9-bff0-14fcdcedd760
2022-10-13 11:29:42,751 [pool-656-thread-1] INFO  server.RaftServerConfigKeys (ConfUtils.java:logGet(46)) - raft.server.log.queue.byte-limit = 4294967296 (custom)
2022-10-13 11:29:42,751 [pool-656-thread-1] INFO  server.RaftServerConfigKeys (ConfUtils.java:logGet(46)) - raft.server.log.queue.element-limit = 1024 (custom)
2022-10-13 11:29:42,751 [pool-656-thread-1] INFO  server.RaftServerConfigKeys (ConfUtils.java:logGet(46)) - raft.server.log.segment.size.max = 1048576 (custom)
2022-10-13 11:29:42,751 [pool-656-thread-1] INFO  server.RaftServerConfigKeys (ConfUtils.java:logGet(46)) - raft.server.log.preallocated.size = 16384 (custom)
2022-10-13 11:29:42,751 [pool-656-thread-1] INFO  server.RaftServerConfigKeys (ConfUtils.java:logGet(46)) - raft.server.log.force.sync.num = 128 (default)
2022-10-13 11:29:42,751 [pool-656-thread-1] INFO  server.RaftServerConfigKeys (ConfUtils.java:logGet(46)) - raft.server.log.statemachine.data.sync = true (default)
2022-10-13 11:29:42,751 [pool-656-thread-1] INFO  server.RaftServerConfigKeys (ConfUtils.java:logGet(46)) - raft.server.log.statemachine.data.sync.timeout = 10s (default)
2022-10-13 11:29:42,751 [pool-656-thread-1] INFO  server.RaftServerConfigKeys (ConfUtils.java:logGet(46)) - raft.server.log.statemachine.data.sync.timeout.retry = -1 (default)
2022-10-13 11:29:42,752 [pool-656-thread-1] INFO  server.RaftServerConfigKeys (ConfUtils.java:logGet(46)) - raft.server.log.write.buffer.size = 1048576 (custom)
2022-10-13 11:29:42,753 [pool-656-thread-1] INFO  server.RaftServerConfigKeys (ConfUtils.java:logGet(46)) - raft.server.log.unsafe-flush.enabled = false (default)
2022-10-13 11:29:42,754 [pool-656-thread-1] INFO  server.RaftServerConfigKeys (ConfUtils.java:logGet(46)) - raft.server.log.statemachine.data.caching.enabled = true (custom)
2022-10-13 11:29:42,754 [pool-656-thread-1] INFO  segmented.SegmentedRaftLogWorker (SegmentedRaftLogWorker.java:lambda$new$0(135)) - 5434c52c-ef5a-4936-a116-7fd551384221@group-14FCDCEDD760-SegmentedRaftLogWorker: flushIndex: setUnconditionally 0 -> -1
2022-10-13 11:29:42,754 [pool-656-thread-1] INFO  segmented.SegmentedRaftLogWorker (SegmentedRaftLogWorker.java:lambda$new$0(135)) - 5434c52c-ef5a-4936-a116-7fd551384221@group-14FCDCEDD760-SegmentedRaftLogWorker: safeCacheEvictIndex: setUnconditionally 0 -> -1
2022-10-13 11:29:42,757 [pool-656-thread-1] INFO  server.RaftServerConfigKeys (ConfUtils.java:logGet(46)) - raft.server.snapshot.auto.trigger.enabled = true (custom)
2022-10-13 11:29:42,757 [pool-656-thread-1] INFO  server.RaftServerConfigKeys (ConfUtils.java:logGet(46)) - raft.server.snapshot.auto.trigger.threshold = 10000 (custom)
2022-10-13 11:29:42,757 [pool-656-thread-1] INFO  server.RaftServerConfigKeys (ConfUtils.java:logGet(46)) - raft.server.snapshot.retention.file.num = 5 (custom)
2022-10-13 11:29:42,757 [pool-656-thread-1] INFO  server.RaftServerConfigKeys (ConfUtils.java:logGet(46)) - raft.server.log.purge.upto.snapshot.index = false (default)
2022-10-13 11:29:42,757 [pool-656-thread-1] INFO  server.RaftServerConfigKeys (ConfUtils.java:logGet(46)) - raft.server.retrycache.expirytime = 600000ms (custom)
2022-10-13 11:29:42,757 [pool-656-thread-1] INFO  server.RaftServerConfigKeys (ConfUtils.java:logGet(46)) - raft.server.retrycache.statistics.expirytime = 100μs (default)
2022-10-13 11:29:42,759 [pool-656-thread-1] INFO  server.RaftServerConfigKeys (ConfUtils.java:logGet(46)) - raft.server.log.appender.install.snapshot.enabled = false (custom)
2022-10-13 11:29:42,759 [pool-656-thread-1] INFO  server.RaftServerConfigKeys (ConfUtils.java:logGet(46)) - raft.server.threadpool.server.cached = true (default)
2022-10-13 11:29:42,759 [pool-656-thread-1] INFO  server.RaftServerConfigKeys (ConfUtils.java:logGet(46)) - raft.server.threadpool.server.size = 0 (default)
2022-10-13 11:29:42,759 [pool-656-thread-1] INFO  server.RaftServerConfigKeys (ConfUtils.java:logGet(46)) - raft.server.threadpool.client.cached = true (default)
2022-10-13 11:29:42,759 [pool-656-thread-1] INFO  server.RaftServerConfigKeys (ConfUtils.java:logGet(46)) - raft.server.threadpool.client.size = 0 (default)
2022-10-13 11:29:42,759 [pool-656-thread-1] INFO  server.RaftServer$Division (RaftServerImpl.java:start(310)) - 5434c52c-ef5a-4936-a116-7fd551384221@group-14FCDCEDD760: start as a follower, conf=-1: [99102043-e169-401c-83bb-bf4102350d41|rpc:10.1.0.139:39239|priority:1, a77fef8e-fdb1-4318-93ee-d092ca05aa64|rpc:10.1.0.139:41225|priority:0, 5434c52c-ef5a-4936-a116-7fd551384221|rpc:10.1.0.139:44247|priority:0], old=null
2022-10-13 11:29:42,759 [pool-656-thread-1] INFO  server.RaftServer$Division (RaftServerImpl.java:setRole(299)) - 5434c52c-ef5a-4936-a116-7fd551384221@group-14FCDCEDD760: changes role from      null to FOLLOWER at term 0 for startAsFollower
2022-10-13 11:29:42,759 [pool-656-thread-1] INFO  impl.RoleInfo (RoleInfo.java:updateAndGet(139)) - 5434c52c-ef5a-4936-a116-7fd551384221: start 5434c52c-ef5a-4936-a116-7fd551384221@group-14FCDCEDD760-FollowerState
2022-10-13 11:29:42,759 [pool-656-thread-1] INFO  util.JmxRegister (JmxRegister.java:tryRegister(44)) - Successfully registered JMX Bean with object name Ratis:service=RaftServer,group=group-14FCDCEDD760,id=5434c52c-ef5a-4936-a116-7fd551384221
2022-10-13 11:29:42,760 [Command processor thread] INFO  ratis.XceiverServerRatis (XceiverServerRatis.java:addGroup(765)) - Created group PipelineID=35338c13-24fb-49e9-bff0-14fcdcedd760
2022-10-13 11:29:42,769 [grpc-default-executor-0] INFO  server.RaftServer (RaftServerProxy.java:addNew(96)) - 99102043-e169-401c-83bb-bf4102350d41: addNew group-14FCDCEDD760:[99102043-e169-401c-83bb-bf4102350d41|rpc:10.1.0.139:39239|dataStream:|priority:1, a77fef8e-fdb1-4318-93ee-d092ca05aa64|rpc:10.1.0.139:41225|dataStream:|priority:0, 5434c52c-ef5a-4936-a116-7fd551384221|rpc:10.1.0.139:44247|dataStream:|priority:0] returns group-14FCDCEDD760:java.util.concurrent.CompletableFuture@fb39466[Not completed]
2022-10-13 11:29:42,769 [pool-702-thread-1] INFO  server.RaftServer$Division (RaftServerImpl.java:<init>(190)) - 99102043-e169-401c-83bb-bf4102350d41: new RaftServerImpl for group-14FCDCEDD760:[99102043-e169-401c-83bb-bf4102350d41|rpc:10.1.0.139:39239|dataStream:|priority:1, a77fef8e-fdb1-4318-93ee-d092ca05aa64|rpc:10.1.0.139:41225|dataStream:|priority:0, 5434c52c-ef5a-4936-a116-7fd551384221|rpc:10.1.0.139:44247|dataStream:|priority:0] with ContainerStateMachine:uninitialized
2022-10-13 11:29:42,769 [pool-702-thread-1] INFO  server.RaftServerConfigKeys (ConfUtils.java:logGet(46)) - raft.server.rpc.timeout.min = 5s (custom)
2022-10-13 11:29:42,769 [pool-702-thread-1] INFO  server.RaftServerConfigKeys (ConfUtils.java:logGet(46)) - raft.server.rpc.timeout.max = 5200ms (custom)
2022-10-13 11:29:42,769 [pool-702-thread-1] INFO  server.RaftServerConfigKeys (ConfUtils.java:logGet(46)) - raft.server.rpc.sleep.time = 25ms (default)
2022-10-13 11:29:42,769 [pool-702-thread-1] INFO  server.RaftServerConfigKeys (ConfUtils.java:logGet(46)) - raft.server.rpc.slowness.timeout = 300s (custom)
2022-10-13 11:29:42,769 [pool-702-thread-1] INFO  server.RaftServerConfigKeys (ConfUtils.java:logGet(46)) - raft.server.leaderelection.leader.step-down.wait-time = 10s (default)
2022-10-13 11:29:42,770 [pool-702-thread-1] INFO  server.RaftServerConfigKeys (ConfUtils.java:logGet(46)) - raft.server.sleep.deviation.threshold = 300ms (default)
2022-10-13 11:29:42,770 [pool-702-thread-1] INFO  server.RaftServer$Division (ServerState.java:<init>(107)) - 99102043-e169-401c-83bb-bf4102350d41@group-14FCDCEDD760: ConfigurationManager, init=-1: [99102043-e169-401c-83bb-bf4102350d41|rpc:10.1.0.139:39239|dataStream:|priority:1, a77fef8e-fdb1-4318-93ee-d092ca05aa64|rpc:10.1.0.139:41225|dataStream:|priority:0, 5434c52c-ef5a-4936-a116-7fd551384221|rpc:10.1.0.139:44247|dataStream:|priority:0], old=null, confs=<EMPTY_MAP>
2022-10-13 11:29:42,770 [pool-702-thread-1] INFO  server.RaftServerConfigKeys (ConfUtils.java:logGet(46)) - raft.server.storage.dir = [/home/runner/work/ozone/ozone/hadoop-ozone/integration-test/target/test-dir/MiniOzoneClusterImpl-900e8113-aac4-448a-a9d6-76244602bcf4/datanode-2/data/ratis] (custom)
2022-10-13 11:29:42,770 [pool-702-thread-1] INFO  server.RaftServerConfigKeys (ConfUtils.java:logGet(46)) - raft.server.log.corruption.policy = EXCEPTION (default)
2022-10-13 11:29:42,770 [pool-702-thread-1] INFO  server.RaftServerConfigKeys (ConfUtils.java:logGet(46)) - raft.server.storage.free-space.min = 0MB (=0) (default)
2022-10-13 11:29:42,770 [pool-702-thread-1] INFO  storage.RaftStorageDirectory (RaftStorageDirectoryImpl.java:analyzeStorage(135)) - The storage directory /home/runner/work/ozone/ozone/hadoop-ozone/integration-test/target/test-dir/MiniOzoneClusterImpl-900e8113-aac4-448a-a9d6-76244602bcf4/datanode-2/data/ratis/35338c13-24fb-49e9-bff0-14fcdcedd760 does not exist. Creating ...
2022-10-13 11:29:42,771 [pool-702-thread-1] INFO  storage.RaftStorageDirectory (RaftStorageDirectoryImpl.java:tryLock(230)) - Lock on /home/runner/work/ozone/ozone/hadoop-ozone/integration-test/target/test-dir/MiniOzoneClusterImpl-900e8113-aac4-448a-a9d6-76244602bcf4/datanode-2/data/ratis/35338c13-24fb-49e9-bff0-14fcdcedd760/in_use.lock acquired by nodename 2264@fv-az447-90
2022-10-13 11:29:42,772 [pool-702-thread-1] INFO  storage.RaftStorage (RaftStorageImpl.java:format(89)) - Storage directory /home/runner/work/ozone/ozone/hadoop-ozone/integration-test/target/test-dir/MiniOzoneClusterImpl-900e8113-aac4-448a-a9d6-76244602bcf4/datanode-2/data/ratis/35338c13-24fb-49e9-bff0-14fcdcedd760 has been successfully formatted.
2022-10-13 11:29:42,773 [pool-702-thread-1] INFO  ratis.ContainerStateMachine (ContainerStateMachine.java:loadSnapshot(236)) - group-14FCDCEDD760: The snapshot info is null. Setting the last applied indexto:(t:0, i:~)
2022-10-13 11:29:42,773 [pool-702-thread-1] INFO  server.RaftServerConfigKeys (ConfUtils.java:logGet(46)) - raft.server.notification.no-leader.timeout = 300s (custom)
2022-10-13 11:29:42,773 [pool-702-thread-1] INFO  server.RaftServerConfigKeys (ConfUtils.java:logGet(46)) - raft.server.log.use.memory = false (default)
2022-10-13 11:29:42,773 [pool-702-thread-1] INFO  server.RaftServerConfigKeys (ConfUtils.java:logGet(46)) - raft.server.log.purge.gap = 1000000 (custom)
2022-10-13 11:29:42,773 [pool-702-thread-1] INFO  server.RaftServerConfigKeys (ConfUtils.java:logGet(46)) - raft.server.log.appender.buffer.byte-limit = 33554432 (custom)
2022-10-13 11:29:42,773 [pool-702-thread-1] INFO  server.RaftServerConfigKeys (ConfUtils.java:logGet(46)) - raft.server.log.statemachine.data.read.timeout = 1000ms (default)
2022-10-13 11:29:42,773 [pool-702-thread-1] INFO  server.RaftServerConfigKeys (ConfUtils.java:logGet(46)) - raft.server.log.segment.size.max = 1048576 (custom)
2022-10-13 11:29:42,774 [pool-702-thread-1] INFO  server.RaftServerConfigKeys (ConfUtils.java:logGet(46)) - raft.server.log.segment.cache.num.max = 2 (custom)
2022-10-13 11:29:42,774 [pool-702-thread-1] INFO  server.RaftServerConfigKeys (ConfUtils.java:logGet(46)) - raft.server.log.segment.cache.size.max = 200MB (=209715200) (default)
2022-10-13 11:29:42,774 [pool-702-thread-1] INFO  segmented.SegmentedRaftLogWorker (SegmentedRaftLogWorker.java:<init>(187)) - new 99102043-e169-401c-83bb-bf4102350d41@group-14FCDCEDD760-SegmentedRaftLogWorker for RaftStorageImpl:Storage Directory /home/runner/work/ozone/ozone/hadoop-ozone/integration-test/target/test-dir/MiniOzoneClusterImpl-900e8113-aac4-448a-a9d6-76244602bcf4/datanode-2/data/ratis/35338c13-24fb-49e9-bff0-14fcdcedd760
2022-10-13 11:29:42,774 [pool-702-thread-1] INFO  server.RaftServerConfigKeys (ConfUtils.java:logGet(46)) - raft.server.log.queue.byte-limit = 4294967296 (custom)
2022-10-13 11:29:42,774 [pool-702-thread-1] INFO  server.RaftServerConfigKeys (ConfUtils.java:logGet(46)) - raft.server.log.queue.element-limit = 1024 (custom)
2022-10-13 11:29:42,774 [pool-702-thread-1] INFO  server.RaftServerConfigKeys (ConfUtils.java:logGet(46)) - raft.server.log.segment.size.max = 1048576 (custom)
2022-10-13 11:29:42,774 [pool-702-thread-1] INFO  server.RaftServerConfigKeys (ConfUtils.java:logGet(46)) - raft.server.log.preallocated.size = 16384 (custom)
2022-10-13 11:29:42,774 [pool-702-thread-1] INFO  server.RaftServerConfigKeys (ConfUtils.java:logGet(46)) - raft.server.log.force.sync.num = 128 (default)
2022-10-13 11:29:42,774 [pool-702-thread-1] INFO  server.RaftServerConfigKeys (ConfUtils.java:logGet(46)) - raft.server.log.statemachine.data.sync = true (default)
2022-10-13 11:29:42,774 [pool-702-thread-1] INFO  server.RaftServerConfigKeys (ConfUtils.java:logGet(46)) - raft.server.log.statemachine.data.sync.timeout = 10s (default)
2022-10-13 11:29:42,774 [pool-702-thread-1] INFO  server.RaftServerConfigKeys (ConfUtils.java:logGet(46)) - raft.server.log.statemachine.data.sync.timeout.retry = -1 (default)
2022-10-13 11:29:42,775 [pool-702-thread-1] INFO  server.RaftServerConfigKeys (ConfUtils.java:logGet(46)) - raft.server.log.write.buffer.size = 1048576 (custom)
2022-10-13 11:29:42,776 [pool-702-thread-1] INFO  server.RaftServerConfigKeys (ConfUtils.java:logGet(46)) - raft.server.log.unsafe-flush.enabled = false (default)
2022-10-13 11:29:42,776 [pool-702-thread-1] INFO  server.RaftServerConfigKeys (ConfUtils.java:logGet(46)) - raft.server.log.statemachine.data.caching.enabled = true (custom)
2022-10-13 11:29:42,776 [pool-702-thread-1] INFO  segmented.SegmentedRaftLogWorker (SegmentedRaftLogWorker.java:lambda$new$0(135)) - 99102043-e169-401c-83bb-bf4102350d41@group-14FCDCEDD760-SegmentedRaftLogWorker: flushIndex: setUnconditionally 0 -> -1
2022-10-13 11:29:42,776 [pool-702-thread-1] INFO  segmented.SegmentedRaftLogWorker (SegmentedRaftLogWorker.java:lambda$new$0(135)) - 99102043-e169-401c-83bb-bf4102350d41@group-14FCDCEDD760-SegmentedRaftLogWorker: safeCacheEvictIndex: setUnconditionally 0 -> -1
2022-10-13 11:29:42,776 [pool-702-thread-1] INFO  server.RaftServerConfigKeys (ConfUtils.java:logGet(46)) - raft.server.snapshot.auto.trigger.enabled = true (custom)
2022-10-13 11:29:42,776 [pool-702-thread-1] INFO  server.RaftServerConfigKeys (ConfUtils.java:logGet(46)) - raft.server.snapshot.auto.trigger.threshold = 10000 (custom)
2022-10-13 11:29:42,776 [pool-702-thread-1] INFO  server.RaftServerConfigKeys (ConfUtils.java:logGet(46)) - raft.server.snapshot.retention.file.num = 5 (custom)
2022-10-13 11:29:42,776 [pool-702-thread-1] INFO  server.RaftServerConfigKeys (ConfUtils.java:logGet(46)) - raft.server.log.purge.upto.snapshot.index = false (default)
2022-10-13 11:29:42,776 [pool-702-thread-1] INFO  server.RaftServerConfigKeys (ConfUtils.java:logGet(46)) - raft.server.retrycache.expirytime = 600000ms (custom)
2022-10-13 11:29:42,776 [pool-702-thread-1] INFO  server.RaftServerConfigKeys (ConfUtils.java:logGet(46)) - raft.server.retrycache.statistics.expirytime = 100μs (default)
2022-10-13 11:29:42,777 [pool-702-thread-1] INFO  server.RaftServerConfigKeys (ConfUtils.java:logGet(46)) - raft.server.log.appender.install.snapshot.enabled = false (custom)
2022-10-13 11:29:42,778 [pool-702-thread-1] INFO  server.RaftServerConfigKeys (ConfUtils.java:logGet(46)) - raft.server.threadpool.server.cached = true (default)
2022-10-13 11:29:42,778 [pool-702-thread-1] INFO  server.RaftServerConfigKeys (ConfUtils.java:logGet(46)) - raft.server.threadpool.server.size = 0 (default)
2022-10-13 11:29:42,778 [pool-702-thread-1] INFO  server.RaftServerConfigKeys (ConfUtils.java:logGet(46)) - raft.server.threadpool.client.cached = true (default)
2022-10-13 11:29:42,778 [pool-702-thread-1] INFO  server.RaftServerConfigKeys (ConfUtils.java:logGet(46)) - raft.server.threadpool.client.size = 0 (default)
2022-10-13 11:29:42,778 [pool-702-thread-1] INFO  server.RaftServer$Division (RaftServerImpl.java:start(310)) - 99102043-e169-401c-83bb-bf4102350d41@group-14FCDCEDD760: start as a follower, conf=-1: [99102043-e169-401c-83bb-bf4102350d41|rpc:10.1.0.139:39239|dataStream:|priority:1, a77fef8e-fdb1-4318-93ee-d092ca05aa64|rpc:10.1.0.139:41225|dataStream:|priority:0, 5434c52c-ef5a-4936-a116-7fd551384221|rpc:10.1.0.139:44247|dataStream:|priority:0], old=null
2022-10-13 11:29:42,778 [pool-702-thread-1] INFO  server.RaftServer$Division (RaftServerImpl.java:setRole(299)) - 99102043-e169-401c-83bb-bf4102350d41@group-14FCDCEDD760: changes role from      null to FOLLOWER at term 0 for startAsFollower
2022-10-13 11:29:42,778 [pool-702-thread-1] INFO  impl.RoleInfo (RoleInfo.java:updateAndGet(139)) - 99102043-e169-401c-83bb-bf4102350d41: start 99102043-e169-401c-83bb-bf4102350d41@group-14FCDCEDD760-FollowerState
2022-10-13 11:29:42,778 [pool-702-thread-1] INFO  util.JmxRegister (JmxRegister.java:tryRegister(44)) - Successfully registered JMX Bean with object name Ratis:service=RaftServer,group=group-14FCDCEDD760,id=99102043-e169-401c-83bb-bf4102350d41
2022-10-13 11:29:42,789 [grpc-default-executor-0] INFO  server.RaftServer (RaftServerProxy.java:addNew(96)) - a77fef8e-fdb1-4318-93ee-d092ca05aa64: addNew group-14FCDCEDD760:[99102043-e169-401c-83bb-bf4102350d41|rpc:10.1.0.139:39239|dataStream:|priority:1, a77fef8e-fdb1-4318-93ee-d092ca05aa64|rpc:10.1.0.139:41225|dataStream:|priority:0, 5434c52c-ef5a-4936-a116-7fd551384221|rpc:10.1.0.139:44247|dataStream:|priority:0] returns group-14FCDCEDD760:java.util.concurrent.CompletableFuture@47022857[Not completed]
2022-10-13 11:29:42,790 [pool-679-thread-1] INFO  server.RaftServer$Division (RaftServerImpl.java:<init>(190)) - a77fef8e-fdb1-4318-93ee-d092ca05aa64: new RaftServerImpl for group-14FCDCEDD760:[99102043-e169-401c-83bb-bf4102350d41|rpc:10.1.0.139:39239|dataStream:|priority:1, a77fef8e-fdb1-4318-93ee-d092ca05aa64|rpc:10.1.0.139:41225|dataStream:|priority:0, 5434c52c-ef5a-4936-a116-7fd551384221|rpc:10.1.0.139:44247|dataStream:|priority:0] with ContainerStateMachine:uninitialized
2022-10-13 11:29:42,790 [pool-679-thread-1] INFO  server.RaftServerConfigKeys (ConfUtils.java:logGet(46)) - raft.server.rpc.timeout.min = 5s (custom)
2022-10-13 11:29:42,790 [pool-679-thread-1] INFO  server.RaftServerConfigKeys (ConfUtils.java:logGet(46)) - raft.server.rpc.timeout.max = 5200ms (custom)
2022-10-13 11:29:42,790 [pool-679-thread-1] INFO  server.RaftServerConfigKeys (ConfUtils.java:logGet(46)) - raft.server.rpc.sleep.time = 25ms (default)
2022-10-13 11:29:42,790 [pool-679-thread-1] INFO  server.RaftServerConfigKeys (ConfUtils.java:logGet(46)) - raft.server.rpc.slowness.timeout = 300s (custom)
2022-10-13 11:29:42,790 [pool-679-thread-1] INFO  server.RaftServerConfigKeys (ConfUtils.java:logGet(46)) - raft.server.leaderelection.leader.step-down.wait-time = 10s (default)
2022-10-13 11:29:42,790 [pool-679-thread-1] INFO  server.RaftServerConfigKeys (ConfUtils.java:logGet(46)) - raft.server.sleep.deviation.threshold = 300ms (default)
2022-10-13 11:29:42,790 [pool-679-thread-1] INFO  server.RaftServer$Division (ServerState.java:<init>(107)) - a77fef8e-fdb1-4318-93ee-d092ca05aa64@group-14FCDCEDD760: ConfigurationManager, init=-1: [99102043-e169-401c-83bb-bf4102350d41|rpc:10.1.0.139:39239|dataStream:|priority:1, a77fef8e-fdb1-4318-93ee-d092ca05aa64|rpc:10.1.0.139:41225|dataStream:|priority:0, 5434c52c-ef5a-4936-a116-7fd551384221|rpc:10.1.0.139:44247|dataStream:|priority:0], old=null, confs=<EMPTY_MAP>
2022-10-13 11:29:42,790 [pool-679-thread-1] INFO  server.RaftServerConfigKeys (ConfUtils.java:logGet(46)) - raft.server.storage.dir = [/home/runner/work/ozone/ozone/hadoop-ozone/integration-test/target/test-dir/MiniOzoneClusterImpl-900e8113-aac4-448a-a9d6-76244602bcf4/datanode-1/data/ratis] (custom)
2022-10-13 11:29:42,790 [pool-679-thread-1] INFO  server.RaftServerConfigKeys (ConfUtils.java:logGet(46)) - raft.server.log.corruption.policy = EXCEPTION (default)
2022-10-13 11:29:42,790 [pool-679-thread-1] INFO  server.RaftServerConfigKeys (ConfUtils.java:logGet(46)) - raft.server.storage.free-space.min = 0MB (=0) (default)
2022-10-13 11:29:42,790 [pool-679-thread-1] INFO  storage.RaftStorageDirectory (RaftStorageDirectoryImpl.java:analyzeStorage(135)) - The storage directory /home/runner/work/ozone/ozone/hadoop-ozone/integration-test/target/test-dir/MiniOzoneClusterImpl-900e8113-aac4-448a-a9d6-76244602bcf4/datanode-1/data/ratis/35338c13-24fb-49e9-bff0-14fcdcedd760 does not exist. Creating ...
2022-10-13 11:29:42,791 [pool-679-thread-1] INFO  storage.RaftStorageDirectory (RaftStorageDirectoryImpl.java:tryLock(230)) - Lock on /home/runner/work/ozone/ozone/hadoop-ozone/integration-test/target/test-dir/MiniOzoneClusterImpl-900e8113-aac4-448a-a9d6-76244602bcf4/datanode-1/data/ratis/35338c13-24fb-49e9-bff0-14fcdcedd760/in_use.lock acquired by nodename 2264@fv-az447-90
2022-10-13 11:29:42,793 [pool-679-thread-1] INFO  storage.RaftStorage (RaftStorageImpl.java:format(89)) - Storage directory /home/runner/work/ozone/ozone/hadoop-ozone/integration-test/target/test-dir/MiniOzoneClusterImpl-900e8113-aac4-448a-a9d6-76244602bcf4/datanode-1/data/ratis/35338c13-24fb-49e9-bff0-14fcdcedd760 has been successfully formatted.
2022-10-13 11:29:42,793 [pool-679-thread-1] INFO  ratis.ContainerStateMachine (ContainerStateMachine.java:loadSnapshot(236)) - group-14FCDCEDD760: The snapshot info is null. Setting the last applied indexto:(t:0, i:~)
2022-10-13 11:29:42,793 [pool-679-thread-1] INFO  server.RaftServerConfigKeys (ConfUtils.java:logGet(46)) - raft.server.notification.no-leader.timeout = 300s (custom)
2022-10-13 11:29:42,793 [pool-679-thread-1] INFO  server.RaftServerConfigKeys (ConfUtils.java:logGet(46)) - raft.server.log.use.memory = false (default)
2022-10-13 11:29:42,793 [pool-679-thread-1] INFO  server.RaftServerConfigKeys (ConfUtils.java:logGet(46)) - raft.server.log.purge.gap = 1000000 (custom)
2022-10-13 11:29:42,793 [pool-679-thread-1] INFO  server.RaftServerConfigKeys (ConfUtils.java:logGet(46)) - raft.server.log.appender.buffer.byte-limit = 33554432 (custom)
2022-10-13 11:29:42,794 [pool-679-thread-1] INFO  server.RaftServerConfigKeys (ConfUtils.java:logGet(46)) - raft.server.log.statemachine.data.read.timeout = 1000ms (default)
2022-10-13 11:29:42,795 [pool-679-thread-1] INFO  server.RaftServerConfigKeys (ConfUtils.java:logGet(46)) - raft.server.log.segment.size.max = 1048576 (custom)
2022-10-13 11:29:42,795 [pool-679-thread-1] INFO  server.RaftServerConfigKeys (ConfUtils.java:logGet(46)) - raft.server.log.segment.cache.num.max = 2 (custom)
2022-10-13 11:29:42,795 [pool-679-thread-1] INFO  server.RaftServerConfigKeys (ConfUtils.java:logGet(46)) - raft.server.log.segment.cache.size.max = 200MB (=209715200) (default)
2022-10-13 11:29:42,795 [pool-679-thread-1] INFO  segmented.SegmentedRaftLogWorker (SegmentedRaftLogWorker.java:<init>(187)) - new a77fef8e-fdb1-4318-93ee-d092ca05aa64@group-14FCDCEDD760-SegmentedRaftLogWorker for RaftStorageImpl:Storage Directory /home/runner/work/ozone/ozone/hadoop-ozone/integration-test/target/test-dir/MiniOzoneClusterImpl-900e8113-aac4-448a-a9d6-76244602bcf4/datanode-1/data/ratis/35338c13-24fb-49e9-bff0-14fcdcedd760
2022-10-13 11:29:42,795 [pool-679-thread-1] INFO  server.RaftServerConfigKeys (ConfUtils.java:logGet(46)) - raft.server.log.queue.byte-limit = 4294967296 (custom)
2022-10-13 11:29:42,795 [pool-679-thread-1] INFO  server.RaftServerConfigKeys (ConfUtils.java:logGet(46)) - raft.server.log.queue.element-limit = 1024 (custom)
2022-10-13 11:29:42,795 [pool-679-thread-1] INFO  server.RaftServerConfigKeys (ConfUtils.java:logGet(46)) - raft.server.log.segment.size.max = 1048576 (custom)
2022-10-13 11:29:42,795 [pool-679-thread-1] INFO  server.RaftServerConfigKeys (ConfUtils.java:logGet(46)) - raft.server.log.preallocated.size = 16384 (custom)
2022-10-13 11:29:42,795 [pool-679-thread-1] INFO  server.RaftServerConfigKeys (ConfUtils.java:logGet(46)) - raft.server.log.force.sync.num = 128 (default)
2022-10-13 11:29:42,795 [pool-679-thread-1] INFO  server.RaftServerConfigKeys (ConfUtils.java:logGet(46)) - raft.server.log.statemachine.data.sync = true (default)
2022-10-13 11:29:42,795 [pool-679-thread-1] INFO  server.RaftServerConfigKeys (ConfUtils.java:logGet(46)) - raft.server.log.statemachine.data.sync.timeout = 10s (default)
2022-10-13 11:29:42,795 [pool-679-thread-1] INFO  server.RaftServerConfigKeys (ConfUtils.java:logGet(46)) - raft.server.log.statemachine.data.sync.timeout.retry = -1 (default)
2022-10-13 11:29:42,796 [pool-679-thread-1] INFO  server.RaftServerConfigKeys (ConfUtils.java:logGet(46)) - raft.server.log.write.buffer.size = 1048576 (custom)
2022-10-13 11:29:42,797 [pool-679-thread-1] INFO  server.RaftServerConfigKeys (ConfUtils.java:logGet(46)) - raft.server.log.unsafe-flush.enabled = false (default)
2022-10-13 11:29:42,797 [pool-679-thread-1] INFO  server.RaftServerConfigKeys (ConfUtils.java:logGet(46)) - raft.server.log.statemachine.data.caching.enabled = true (custom)
2022-10-13 11:29:42,797 [pool-679-thread-1] INFO  segmented.SegmentedRaftLogWorker (SegmentedRaftLogWorker.java:lambda$new$0(135)) - a77fef8e-fdb1-4318-93ee-d092ca05aa64@group-14FCDCEDD760-SegmentedRaftLogWorker: flushIndex: setUnconditionally 0 -> -1
2022-10-13 11:29:42,797 [pool-679-thread-1] INFO  segmented.SegmentedRaftLogWorker (SegmentedRaftLogWorker.java:lambda$new$0(135)) - a77fef8e-fdb1-4318-93ee-d092ca05aa64@group-14FCDCEDD760-SegmentedRaftLogWorker: safeCacheEvictIndex: setUnconditionally 0 -> -1
2022-10-13 11:29:42,797 [pool-679-thread-1] INFO  server.RaftServerConfigKeys (ConfUtils.java:logGet(46)) - raft.server.snapshot.auto.trigger.enabled = true (custom)
2022-10-13 11:29:42,798 [pool-679-thread-1] INFO  server.RaftServerConfigKeys (ConfUtils.java:logGet(46)) - raft.server.snapshot.auto.trigger.threshold = 10000 (custom)
2022-10-13 11:29:42,798 [pool-679-thread-1] INFO  server.RaftServerConfigKeys (ConfUtils.java:logGet(46)) - raft.server.snapshot.retention.file.num = 5 (custom)
2022-10-13 11:29:42,798 [pool-679-thread-1] INFO  server.RaftServerConfigKeys (ConfUtils.java:logGet(46)) - raft.server.log.purge.upto.snapshot.index = false (default)
2022-10-13 11:29:42,798 [pool-679-thread-1] INFO  server.RaftServerConfigKeys (ConfUtils.java:logGet(46)) - raft.server.retrycache.expirytime = 600000ms (custom)
2022-10-13 11:29:42,798 [pool-679-thread-1] INFO  server.RaftServerConfigKeys (ConfUtils.java:logGet(46)) - raft.server.retrycache.statistics.expirytime = 100μs (default)
2022-10-13 11:29:42,799 [pool-679-thread-1] INFO  server.RaftServerConfigKeys (ConfUtils.java:logGet(46)) - raft.server.log.appender.install.snapshot.enabled = false (custom)
2022-10-13 11:29:42,799 [pool-679-thread-1] INFO  server.RaftServerConfigKeys (ConfUtils.java:logGet(46)) - raft.server.threadpool.server.cached = true (default)
2022-10-13 11:29:42,799 [pool-679-thread-1] INFO  server.RaftServerConfigKeys (ConfUtils.java:logGet(46)) - raft.server.threadpool.server.size = 0 (default)
2022-10-13 11:29:42,799 [pool-679-thread-1] INFO  server.RaftServerConfigKeys (ConfUtils.java:logGet(46)) - raft.server.threadpool.client.cached = true (default)
2022-10-13 11:29:42,799 [pool-679-thread-1] INFO  server.RaftServerConfigKeys (ConfUtils.java:logGet(46)) - raft.server.threadpool.client.size = 0 (default)
2022-10-13 11:29:42,799 [pool-679-thread-1] INFO  server.RaftServer$Division (RaftServerImpl.java:start(310)) - a77fef8e-fdb1-4318-93ee-d092ca05aa64@group-14FCDCEDD760: start as a follower, conf=-1: [99102043-e169-401c-83bb-bf4102350d41|rpc:10.1.0.139:39239|dataStream:|priority:1, a77fef8e-fdb1-4318-93ee-d092ca05aa64|rpc:10.1.0.139:41225|dataStream:|priority:0, 5434c52c-ef5a-4936-a116-7fd551384221|rpc:10.1.0.139:44247|dataStream:|priority:0], old=null
2022-10-13 11:29:42,799 [pool-679-thread-1] INFO  server.RaftServer$Division (RaftServerImpl.java:setRole(299)) - a77fef8e-fdb1-4318-93ee-d092ca05aa64@group-14FCDCEDD760: changes role from      null to FOLLOWER at term 0 for startAsFollower
2022-10-13 11:29:42,799 [pool-679-thread-1] INFO  impl.RoleInfo (RoleInfo.java:updateAndGet(139)) - a77fef8e-fdb1-4318-93ee-d092ca05aa64: start a77fef8e-fdb1-4318-93ee-d092ca05aa64@group-14FCDCEDD760-FollowerState
2022-10-13 11:29:42,800 [pool-679-thread-1] INFO  util.JmxRegister (JmxRegister.java:tryRegister(44)) - Successfully registered JMX Bean with object name Ratis:service=RaftServer,group=group-14FCDCEDD760,id=a77fef8e-fdb1-4318-93ee-d092ca05aa64
2022-10-13 11:29:42,805 [Command processor thread] INFO  commandhandler.CreatePipelineCommandHandler (CreatePipelineCommandHandler.java:handle(113)) - Created Pipeline RATIS THREE PipelineID=35338c13-24fb-49e9-bff0-14fcdcedd760.
2022-10-13 11:29:42,911 [Command processor thread] INFO  server.RaftServer (RaftServerProxy.java:addNew(96)) - a77fef8e-fdb1-4318-93ee-d092ca05aa64: addNew group-647F43E92EAD:[a77fef8e-fdb1-4318-93ee-d092ca05aa64|rpc:10.1.0.139:41225|priority:1] returns group-647F43E92EAD:java.util.concurrent.CompletableFuture@2914820b[Not completed]
2022-10-13 11:29:42,912 [pool-679-thread-1] INFO  server.RaftServer$Division (RaftServerImpl.java:<init>(190)) - a77fef8e-fdb1-4318-93ee-d092ca05aa64: new RaftServerImpl for group-647F43E92EAD:[a77fef8e-fdb1-4318-93ee-d092ca05aa64|rpc:10.1.0.139:41225|priority:1] with ContainerStateMachine:uninitialized
2022-10-13 11:29:42,912 [pool-679-thread-1] INFO  server.RaftServerConfigKeys (ConfUtils.java:logGet(46)) - raft.server.rpc.timeout.min = 5s (custom)
2022-10-13 11:29:42,912 [pool-679-thread-1] INFO  server.RaftServerConfigKeys (ConfUtils.java:logGet(46)) - raft.server.rpc.timeout.max = 5200ms (custom)
2022-10-13 11:29:42,912 [pool-679-thread-1] INFO  server.RaftServerConfigKeys (ConfUtils.java:logGet(46)) - raft.server.rpc.sleep.time = 25ms (default)
2022-10-13 11:29:42,912 [pool-679-thread-1] INFO  server.RaftServerConfigKeys (ConfUtils.java:logGet(46)) - raft.server.rpc.slowness.timeout = 300s (custom)
2022-10-13 11:29:42,912 [pool-679-thread-1] INFO  server.RaftServerConfigKeys (ConfUtils.java:logGet(46)) - raft.server.leaderelection.leader.step-down.wait-time = 10s (default)
2022-10-13 11:29:42,912 [pool-679-thread-1] INFO  server.RaftServerConfigKeys (ConfUtils.java:logGet(46)) - raft.server.sleep.deviation.threshold = 300ms (default)
2022-10-13 11:29:42,912 [pool-679-thread-1] INFO  server.RaftServer$Division (ServerState.java:<init>(107)) - a77fef8e-fdb1-4318-93ee-d092ca05aa64@group-647F43E92EAD: ConfigurationManager, init=-1: [a77fef8e-fdb1-4318-93ee-d092ca05aa64|rpc:10.1.0.139:41225|priority:1], old=null, confs=<EMPTY_MAP>
2022-10-13 11:29:42,912 [pool-679-thread-1] INFO  server.RaftServerConfigKeys (ConfUtils.java:logGet(46)) - raft.server.storage.dir = [/home/runner/work/ozone/ozone/hadoop-ozone/integration-test/target/test-dir/MiniOzoneClusterImpl-900e8113-aac4-448a-a9d6-76244602bcf4/datanode-1/data/ratis] (custom)
2022-10-13 11:29:42,912 [pool-679-thread-1] INFO  server.RaftServerConfigKeys (ConfUtils.java:logGet(46)) - raft.server.log.corruption.policy = EXCEPTION (default)
2022-10-13 11:29:42,912 [pool-679-thread-1] INFO  server.RaftServerConfigKeys (ConfUtils.java:logGet(46)) - raft.server.storage.free-space.min = 0MB (=0) (default)
2022-10-13 11:29:42,913 [pool-679-thread-1] INFO  storage.RaftStorageDirectory (RaftStorageDirectoryImpl.java:analyzeStorage(135)) - The storage directory /home/runner/work/ozone/ozone/hadoop-ozone/integration-test/target/test-dir/MiniOzoneClusterImpl-900e8113-aac4-448a-a9d6-76244602bcf4/datanode-1/data/ratis/1062fbf5-f107-4716-8c0a-647f43e92ead does not exist. Creating ...
2022-10-13 11:29:42,914 [pool-679-thread-1] INFO  storage.RaftStorageDirectory (RaftStorageDirectoryImpl.java:tryLock(230)) - Lock on /home/runner/work/ozone/ozone/hadoop-ozone/integration-test/target/test-dir/MiniOzoneClusterImpl-900e8113-aac4-448a-a9d6-76244602bcf4/datanode-1/data/ratis/1062fbf5-f107-4716-8c0a-647f43e92ead/in_use.lock acquired by nodename 2264@fv-az447-90
2022-10-13 11:29:42,915 [pool-679-thread-1] INFO  storage.RaftStorage (RaftStorageImpl.java:format(89)) - Storage directory /home/runner/work/ozone/ozone/hadoop-ozone/integration-test/target/test-dir/MiniOzoneClusterImpl-900e8113-aac4-448a-a9d6-76244602bcf4/datanode-1/data/ratis/1062fbf5-f107-4716-8c0a-647f43e92ead has been successfully formatted.
2022-10-13 11:29:42,916 [pool-679-thread-1] INFO  ratis.ContainerStateMachine (ContainerStateMachine.java:loadSnapshot(236)) - group-647F43E92EAD: The snapshot info is null. Setting the last applied indexto:(t:0, i:~)
2022-10-13 11:29:42,919 [EventQueue-PipelineReportForPipelineReportHandler] INFO  pipeline.PipelineManagerImpl (PipelineManagerImpl.java:openPipeline(367)) - Pipeline Pipeline[ Id: 1062fbf5-f107-4716-8c0a-647f43e92ead, Nodes: a77fef8e-fdb1-4318-93ee-d092ca05aa64{ip: 10.1.0.139, host: fv-az447-90.tnmeiuxxsqeu3byeydcnbj0j5d.dx.internal.cloudapp.net, ports: [REPLICATION=41919, RATIS=41225, RATIS_ADMIN=41225, RATIS_SERVER=41225, STANDALONE=45143], networkLocation: /default-rack, certSerialId: null, persistedOpState: IN_SERVICE, persistedOpStateExpiryEpochSec: 0}, ReplicationConfig: RATIS/ONE, State:ALLOCATED, leaderId:a77fef8e-fdb1-4318-93ee-d092ca05aa64, CreationTimestamp2022-10-13T11:29:39.913Z[Etc/UTC]] moved to OPEN state
2022-10-13 11:29:42,919 [EventQueue-OpenPipelineForHealthyPipelineSafeModeRule] INFO  safemode.SCMSafeModeManager (HealthyPipelineSafeModeRule.java:process(137)) - SCM in safe mode. Healthy pipelines reported count is 0, required healthy pipeline reported count is 1
2022-10-13 11:29:42,920 [pool-679-thread-1] INFO  server.RaftServerConfigKeys (ConfUtils.java:logGet(46)) - raft.server.notification.no-leader.timeout = 300s (custom)
2022-10-13 11:29:42,920 [pool-679-thread-1] INFO  server.RaftServerConfigKeys (ConfUtils.java:logGet(46)) - raft.server.log.use.memory = false (default)
2022-10-13 11:29:42,920 [pool-679-thread-1] INFO  server.RaftServerConfigKeys (ConfUtils.java:logGet(46)) - raft.server.log.purge.gap = 1000000 (custom)
2022-10-13 11:29:42,920 [pool-679-thread-1] INFO  server.RaftServerConfigKeys (ConfUtils.java:logGet(46)) - raft.server.log.appender.buffer.byte-limit = 33554432 (custom)
2022-10-13 11:29:42,920 [pool-679-thread-1] INFO  server.RaftServerConfigKeys (ConfUtils.java:logGet(46)) - raft.server.log.statemachine.data.read.timeout = 1000ms (default)
2022-10-13 11:29:42,921 [pool-679-thread-1] INFO  server.RaftServerConfigKeys (ConfUtils.java:logGet(46)) - raft.server.log.segment.size.max = 1048576 (custom)
2022-10-13 11:29:42,922 [pool-679-thread-1] INFO  server.RaftServerConfigKeys (ConfUtils.java:logGet(46)) - raft.server.log.segment.cache.num.max = 2 (custom)
2022-10-13 11:29:42,922 [pool-679-thread-1] INFO  server.RaftServerConfigKeys (ConfUtils.java:logGet(46)) - raft.server.log.segment.cache.size.max = 200MB (=209715200) (default)
2022-10-13 11:29:42,922 [pool-679-thread-1] INFO  segmented.SegmentedRaftLogWorker (SegmentedRaftLogWorker.java:<init>(187)) - new a77fef8e-fdb1-4318-93ee-d092ca05aa64@group-647F43E92EAD-SegmentedRaftLogWorker for RaftStorageImpl:Storage Directory /home/runner/work/ozone/ozone/hadoop-ozone/integration-test/target/test-dir/MiniOzoneClusterImpl-900e8113-aac4-448a-a9d6-76244602bcf4/datanode-1/data/ratis/1062fbf5-f107-4716-8c0a-647f43e92ead
2022-10-13 11:29:42,922 [pool-679-thread-1] INFO  server.RaftServerConfigKeys (ConfUtils.java:logGet(46)) - raft.server.log.queue.byte-limit = 4294967296 (custom)
2022-10-13 11:29:42,922 [pool-679-thread-1] INFO  server.RaftServerConfigKeys (ConfUtils.java:logGet(46)) - raft.server.log.queue.element-limit = 1024 (custom)
2022-10-13 11:29:42,922 [pool-679-thread-1] INFO  server.RaftServerConfigKeys (ConfUtils.java:logGet(46)) - raft.server.log.segment.size.max = 1048576 (custom)
2022-10-13 11:29:42,922 [pool-679-thread-1] INFO  server.RaftServerConfigKeys (ConfUtils.java:logGet(46)) - raft.server.log.preallocated.size = 16384 (custom)
2022-10-13 11:29:42,922 [pool-679-thread-1] INFO  server.RaftServerConfigKeys (ConfUtils.java:logGet(46)) - raft.server.log.force.sync.num = 128 (default)
2022-10-13 11:29:42,922 [pool-679-thread-1] INFO  server.RaftServerConfigKeys (ConfUtils.java:logGet(46)) - raft.server.log.statemachine.data.sync = true (default)
2022-10-13 11:29:42,922 [pool-679-thread-1] INFO  server.RaftServerConfigKeys (ConfUtils.java:logGet(46)) - raft.server.log.statemachine.data.sync.timeout = 10s (default)
2022-10-13 11:29:42,922 [pool-679-thread-1] INFO  server.RaftServerConfigKeys (ConfUtils.java:logGet(46)) - raft.server.log.statemachine.data.sync.timeout.retry = -1 (default)
2022-10-13 11:29:42,923 [pool-679-thread-1] INFO  server.RaftServerConfigKeys (ConfUtils.java:logGet(46)) - raft.server.log.write.buffer.size = 1048576 (custom)
2022-10-13 11:29:42,924 [pool-679-thread-1] INFO  server.RaftServerConfigKeys (ConfUtils.java:logGet(46)) - raft.server.log.unsafe-flush.enabled = false (default)
2022-10-13 11:29:42,924 [pool-679-thread-1] INFO  server.RaftServerConfigKeys (ConfUtils.java:logGet(46)) - raft.server.log.statemachine.data.caching.enabled = true (custom)
2022-10-13 11:29:42,924 [pool-679-thread-1] INFO  segmented.SegmentedRaftLogWorker (SegmentedRaftLogWorker.java:lambda$new$0(135)) - a77fef8e-fdb1-4318-93ee-d092ca05aa64@group-647F43E92EAD-SegmentedRaftLogWorker: flushIndex: setUnconditionally 0 -> -1
2022-10-13 11:29:42,924 [pool-679-thread-1] INFO  segmented.SegmentedRaftLogWorker (SegmentedRaftLogWorker.java:lambda$new$0(135)) - a77fef8e-fdb1-4318-93ee-d092ca05aa64@group-647F43E92EAD-SegmentedRaftLogWorker: safeCacheEvictIndex: setUnconditionally 0 -> -1
2022-10-13 11:29:42,924 [pool-679-thread-1] INFO  server.RaftServerConfigKeys (ConfUtils.java:logGet(46)) - raft.server.snapshot.auto.trigger.enabled = true (custom)
2022-10-13 11:29:42,924 [pool-679-thread-1] INFO  server.RaftServerConfigKeys (ConfUtils.java:logGet(46)) - raft.server.snapshot.auto.trigger.threshold = 10000 (custom)
2022-10-13 11:29:42,924 [pool-679-thread-1] INFO  server.RaftServerConfigKeys (ConfUtils.java:logGet(46)) - raft.server.snapshot.retention.file.num = 5 (custom)
2022-10-13 11:29:42,924 [pool-679-thread-1] INFO  server.RaftServerConfigKeys (ConfUtils.java:logGet(46)) - raft.server.log.purge.upto.snapshot.index = false (default)
2022-10-13 11:29:42,924 [pool-679-thread-1] INFO  server.RaftServerConfigKeys (ConfUtils.java:logGet(46)) - raft.server.retrycache.expirytime = 600000ms (custom)
2022-10-13 11:29:42,925 [pool-679-thread-1] INFO  server.RaftServerConfigKeys (ConfUtils.java:logGet(46)) - raft.server.retrycache.statistics.expirytime = 100μs (default)
2022-10-13 11:29:42,926 [pool-679-thread-1] INFO  server.RaftServerConfigKeys (ConfUtils.java:logGet(46)) - raft.server.log.appender.install.snapshot.enabled = false (custom)
2022-10-13 11:29:42,926 [pool-679-thread-1] INFO  server.RaftServerConfigKeys (ConfUtils.java:logGet(46)) - raft.server.threadpool.server.cached = true (default)
2022-10-13 11:29:42,926 [pool-679-thread-1] INFO  server.RaftServerConfigKeys (ConfUtils.java:logGet(46)) - raft.server.threadpool.server.size = 0 (default)
2022-10-13 11:29:42,926 [pool-679-thread-1] INFO  server.RaftServerConfigKeys (ConfUtils.java:logGet(46)) - raft.server.threadpool.client.cached = true (default)
2022-10-13 11:29:42,926 [pool-679-thread-1] INFO  server.RaftServerConfigKeys (ConfUtils.java:logGet(46)) - raft.server.threadpool.client.size = 0 (default)
2022-10-13 11:29:42,926 [pool-679-thread-1] INFO  server.RaftServer$Division (RaftServerImpl.java:start(310)) - a77fef8e-fdb1-4318-93ee-d092ca05aa64@group-647F43E92EAD: start as a follower, conf=-1: [a77fef8e-fdb1-4318-93ee-d092ca05aa64|rpc:10.1.0.139:41225|priority:1], old=null
2022-10-13 11:29:42,926 [pool-679-thread-1] INFO  server.RaftServer$Division (RaftServerImpl.java:setRole(299)) - a77fef8e-fdb1-4318-93ee-d092ca05aa64@group-647F43E92EAD: changes role from      null to FOLLOWER at term 0 for startAsFollower
2022-10-13 11:29:42,926 [pool-679-thread-1] INFO  impl.RoleInfo (RoleInfo.java:updateAndGet(139)) - a77fef8e-fdb1-4318-93ee-d092ca05aa64: start a77fef8e-fdb1-4318-93ee-d092ca05aa64@group-647F43E92EAD-FollowerState
2022-10-13 11:29:42,927 [pool-679-thread-1] INFO  util.JmxRegister (JmxRegister.java:tryRegister(44)) - Successfully registered JMX Bean with object name Ratis:service=RaftServer,group=group-647F43E92EAD,id=a77fef8e-fdb1-4318-93ee-d092ca05aa64
2022-10-13 11:29:42,928 [Command processor thread] INFO  ratis.XceiverServerRatis (XceiverServerRatis.java:addGroup(765)) - Created group PipelineID=1062fbf5-f107-4716-8c0a-647f43e92ead
2022-10-13 11:29:42,928 [Command processor thread] INFO  commandhandler.CreatePipelineCommandHandler (CreatePipelineCommandHandler.java:handle(113)) - Created Pipeline RATIS ONE PipelineID=1062fbf5-f107-4716-8c0a-647f43e92ead.
2022-10-13 11:29:43,242 [Command processor thread] INFO  server.RaftServer (RaftServerProxy.java:addNew(96)) - 99102043-e169-401c-83bb-bf4102350d41: addNew group-FBB80062E162:[99102043-e169-401c-83bb-bf4102350d41|rpc:10.1.0.139:39239|priority:1] returns group-FBB80062E162:java.util.concurrent.CompletableFuture@6beeaeed[Not completed]
2022-10-13 11:29:43,243 [pool-702-thread-1] INFO  server.RaftServer$Division (RaftServerImpl.java:<init>(190)) - 99102043-e169-401c-83bb-bf4102350d41: new RaftServerImpl for group-FBB80062E162:[99102043-e169-401c-83bb-bf4102350d41|rpc:10.1.0.139:39239|priority:1] with ContainerStateMachine:uninitialized
2022-10-13 11:29:43,243 [pool-702-thread-1] INFO  server.RaftServerConfigKeys (ConfUtils.java:logGet(46)) - raft.server.rpc.timeout.min = 5s (custom)
2022-10-13 11:29:43,243 [pool-702-thread-1] INFO  server.RaftServerConfigKeys (ConfUtils.java:logGet(46)) - raft.server.rpc.timeout.max = 5200ms (custom)
2022-10-13 11:29:43,243 [pool-702-thread-1] INFO  server.RaftServerConfigKeys (ConfUtils.java:logGet(46)) - raft.server.rpc.sleep.time = 25ms (default)
2022-10-13 11:29:43,243 [pool-702-thread-1] INFO  server.RaftServerConfigKeys (ConfUtils.java:logGet(46)) - raft.server.rpc.slowness.timeout = 300s (custom)
2022-10-13 11:29:43,243 [pool-702-thread-1] INFO  server.RaftServerConfigKeys (ConfUtils.java:logGet(46)) - raft.server.leaderelection.leader.step-down.wait-time = 10s (default)
2022-10-13 11:29:43,243 [pool-702-thread-1] INFO  server.RaftServerConfigKeys (ConfUtils.java:logGet(46)) - raft.server.sleep.deviation.threshold = 300ms (default)
2022-10-13 11:29:43,243 [pool-702-thread-1] INFO  server.RaftServer$Division (ServerState.java:<init>(107)) - 99102043-e169-401c-83bb-bf4102350d41@group-FBB80062E162: ConfigurationManager, init=-1: [99102043-e169-401c-83bb-bf4102350d41|rpc:10.1.0.139:39239|priority:1], old=null, confs=<EMPTY_MAP>
2022-10-13 11:29:43,243 [pool-702-thread-1] INFO  server.RaftServerConfigKeys (ConfUtils.java:logGet(46)) - raft.server.storage.dir = [/home/runner/work/ozone/ozone/hadoop-ozone/integration-test/target/test-dir/MiniOzoneClusterImpl-900e8113-aac4-448a-a9d6-76244602bcf4/datanode-2/data/ratis] (custom)
2022-10-13 11:29:43,244 [pool-702-thread-1] INFO  server.RaftServerConfigKeys (ConfUtils.java:logGet(46)) - raft.server.log.corruption.policy = EXCEPTION (default)
2022-10-13 11:29:43,244 [pool-702-thread-1] INFO  server.RaftServerConfigKeys (ConfUtils.java:logGet(46)) - raft.server.storage.free-space.min = 0MB (=0) (default)
2022-10-13 11:29:43,244 [pool-702-thread-1] INFO  storage.RaftStorageDirectory (RaftStorageDirectoryImpl.java:analyzeStorage(135)) - The storage directory /home/runner/work/ozone/ozone/hadoop-ozone/integration-test/target/test-dir/MiniOzoneClusterImpl-900e8113-aac4-448a-a9d6-76244602bcf4/datanode-2/data/ratis/d2a7d859-9318-4789-a2b8-fbb80062e162 does not exist. Creating ...
2022-10-13 11:29:43,246 [pool-702-thread-1] INFO  storage.RaftStorageDirectory (RaftStorageDirectoryImpl.java:tryLock(230)) - Lock on /home/runner/work/ozone/ozone/hadoop-ozone/integration-test/target/test-dir/MiniOzoneClusterImpl-900e8113-aac4-448a-a9d6-76244602bcf4/datanode-2/data/ratis/d2a7d859-9318-4789-a2b8-fbb80062e162/in_use.lock acquired by nodename 2264@fv-az447-90
2022-10-13 11:29:43,247 [Listener at 127.0.0.1/37531] INFO  ozone.MiniOzoneClusterImpl (MiniOzoneClusterImpl.java:lambda$waitForClusterToBeReady$0(216)) - Nodes are ready. Got 3 of 3 DN Heartbeats.
2022-10-13 11:29:43,247 [Listener at 127.0.0.1/37531] INFO  ozone.MiniOzoneClusterImpl (MiniOzoneClusterImpl.java:lambda$waitForClusterToBeReady$0(219)) - Waiting for cluster to exit safe mode
2022-10-13 11:29:43,247 [Listener at 127.0.0.1/37531] INFO  ozone.MiniOzoneClusterImpl (MiniOzoneClusterImpl.java:lambda$waitForClusterToBeReady$0(221)) - SCM became leader
2022-10-13 11:29:43,248 [pool-702-thread-1] INFO  storage.RaftStorage (RaftStorageImpl.java:format(89)) - Storage directory /home/runner/work/ozone/ozone/hadoop-ozone/integration-test/target/test-dir/MiniOzoneClusterImpl-900e8113-aac4-448a-a9d6-76244602bcf4/datanode-2/data/ratis/d2a7d859-9318-4789-a2b8-fbb80062e162 has been successfully formatted.
2022-10-13 11:29:43,248 [pool-702-thread-1] INFO  ratis.ContainerStateMachine (ContainerStateMachine.java:loadSnapshot(236)) - group-FBB80062E162: The snapshot info is null. Setting the last applied indexto:(t:0, i:~)
2022-10-13 11:29:43,248 [pool-702-thread-1] INFO  server.RaftServerConfigKeys (ConfUtils.java:logGet(46)) - raft.server.notification.no-leader.timeout = 300s (custom)
2022-10-13 11:29:43,249 [pool-702-thread-1] INFO  server.RaftServerConfigKeys (ConfUtils.java:logGet(46)) - raft.server.log.use.memory = false (default)
2022-10-13 11:29:43,249 [pool-702-thread-1] INFO  server.RaftServerConfigKeys (ConfUtils.java:logGet(46)) - raft.server.log.purge.gap = 1000000 (custom)
2022-10-13 11:29:43,249 [pool-702-thread-1] INFO  server.RaftServerConfigKeys (ConfUtils.java:logGet(46)) - raft.server.log.appender.buffer.byte-limit = 33554432 (custom)
2022-10-13 11:29:43,249 [pool-702-thread-1] INFO  server.RaftServerConfigKeys (ConfUtils.java:logGet(46)) - raft.server.log.statemachine.data.read.timeout = 1000ms (default)
2022-10-13 11:29:43,249 [pool-702-thread-1] INFO  server.RaftServerConfigKeys (ConfUtils.java:logGet(46)) - raft.server.log.segment.size.max = 1048576 (custom)
2022-10-13 11:29:43,250 [EventQueue-PipelineReportForPipelineReportHandler] INFO  pipeline.PipelineManagerImpl (PipelineManagerImpl.java:openPipeline(367)) - Pipeline Pipeline[ Id: d2a7d859-9318-4789-a2b8-fbb80062e162, Nodes: 99102043-e169-401c-83bb-bf4102350d41{ip: 10.1.0.139, host: fv-az447-90.tnmeiuxxsqeu3byeydcnbj0j5d.dx.internal.cloudapp.net, ports: [REPLICATION=39905, RATIS=39239, RATIS_ADMIN=39239, RATIS_SERVER=39239, STANDALONE=40673], networkLocation: /default-rack, certSerialId: null, persistedOpState: IN_SERVICE, persistedOpStateExpiryEpochSec: 0}, ReplicationConfig: RATIS/ONE, State:ALLOCATED, leaderId:99102043-e169-401c-83bb-bf4102350d41, CreationTimestamp2022-10-13T11:29:40.245Z[Etc/UTC]] moved to OPEN state
2022-10-13 11:29:43,251 [EventQueue-OpenPipelineForHealthyPipelineSafeModeRule] INFO  safemode.SCMSafeModeManager (HealthyPipelineSafeModeRule.java:process(137)) - SCM in safe mode. Healthy pipelines reported count is 0, required healthy pipeline reported count is 1
2022-10-13 11:29:43,251 [pool-702-thread-1] INFO  server.RaftServerConfigKeys (ConfUtils.java:logGet(46)) - raft.server.log.segment.cache.num.max = 2 (custom)
2022-10-13 11:29:43,251 [pool-702-thread-1] INFO  server.RaftServerConfigKeys (ConfUtils.java:logGet(46)) - raft.server.log.segment.cache.size.max = 200MB (=209715200) (default)
2022-10-13 11:29:43,251 [pool-702-thread-1] INFO  segmented.SegmentedRaftLogWorker (SegmentedRaftLogWorker.java:<init>(187)) - new 99102043-e169-401c-83bb-bf4102350d41@group-FBB80062E162-SegmentedRaftLogWorker for RaftStorageImpl:Storage Directory /home/runner/work/ozone/ozone/hadoop-ozone/integration-test/target/test-dir/MiniOzoneClusterImpl-900e8113-aac4-448a-a9d6-76244602bcf4/datanode-2/data/ratis/d2a7d859-9318-4789-a2b8-fbb80062e162
2022-10-13 11:29:43,251 [pool-702-thread-1] INFO  server.RaftServerConfigKeys (ConfUtils.java:logGet(46)) - raft.server.log.queue.byte-limit = 4294967296 (custom)
2022-10-13 11:29:43,251 [pool-702-thread-1] INFO  server.RaftServerConfigKeys (ConfUtils.java:logGet(46)) - raft.server.log.queue.element-limit = 1024 (custom)
2022-10-13 11:29:43,251 [pool-702-thread-1] INFO  server.RaftServerConfigKeys (ConfUtils.java:logGet(46)) - raft.server.log.segment.size.max = 1048576 (custom)
2022-10-13 11:29:43,251 [pool-702-thread-1] INFO  server.RaftServerConfigKeys (ConfUtils.java:logGet(46)) - raft.server.log.preallocated.size = 16384 (custom)
2022-10-13 11:29:43,251 [pool-702-thread-1] INFO  server.RaftServerConfigKeys (ConfUtils.java:logGet(46)) - raft.server.log.force.sync.num = 128 (default)
2022-10-13 11:29:43,251 [pool-702-thread-1] INFO  server.RaftServerConfigKeys (ConfUtils.java:logGet(46)) - raft.server.log.statemachine.data.sync = true (default)
2022-10-13 11:29:43,251 [pool-702-thread-1] INFO  server.RaftServerConfigKeys (ConfUtils.java:logGet(46)) - raft.server.log.statemachine.data.sync.timeout = 10s (default)
2022-10-13 11:29:43,252 [pool-702-thread-1] INFO  server.RaftServerConfigKeys (ConfUtils.java:logGet(46)) - raft.server.log.statemachine.data.sync.timeout.retry = -1 (default)
2022-10-13 11:29:43,252 [pool-702-thread-1] INFO  server.RaftServerConfigKeys (ConfUtils.java:logGet(46)) - raft.server.log.write.buffer.size = 1048576 (custom)
2022-10-13 11:29:43,253 [pool-702-thread-1] INFO  server.RaftServerConfigKeys (ConfUtils.java:logGet(46)) - raft.server.log.unsafe-flush.enabled = false (default)
2022-10-13 11:29:43,253 [pool-702-thread-1] INFO  server.RaftServerConfigKeys (ConfUtils.java:logGet(46)) - raft.server.log.statemachine.data.caching.enabled = true (custom)
2022-10-13 11:29:43,253 [pool-702-thread-1] INFO  segmented.SegmentedRaftLogWorker (SegmentedRaftLogWorker.java:lambda$new$0(135)) - 99102043-e169-401c-83bb-bf4102350d41@group-FBB80062E162-SegmentedRaftLogWorker: flushIndex: setUnconditionally 0 -> -1
2022-10-13 11:29:43,253 [pool-702-thread-1] INFO  segmented.SegmentedRaftLogWorker (SegmentedRaftLogWorker.java:lambda$new$0(135)) - 99102043-e169-401c-83bb-bf4102350d41@group-FBB80062E162-SegmentedRaftLogWorker: safeCacheEvictIndex: setUnconditionally 0 -> -1
2022-10-13 11:29:43,253 [pool-702-thread-1] INFO  server.RaftServerConfigKeys (ConfUtils.java:logGet(46)) - raft.server.snapshot.auto.trigger.enabled = true (custom)
2022-10-13 11:29:43,253 [pool-702-thread-1] INFO  server.RaftServerConfigKeys (ConfUtils.java:logGet(46)) - raft.server.snapshot.auto.trigger.threshold = 10000 (custom)
2022-10-13 11:29:43,253 [pool-702-thread-1] INFO  server.RaftServerConfigKeys (ConfUtils.java:logGet(46)) - raft.server.snapshot.retention.file.num = 5 (custom)
2022-10-13 11:29:43,253 [pool-702-thread-1] INFO  server.RaftServerConfigKeys (ConfUtils.java:logGet(46)) - raft.server.log.purge.upto.snapshot.index = false (default)
2022-10-13 11:29:43,253 [pool-702-thread-1] INFO  server.RaftServerConfigKeys (ConfUtils.java:logGet(46)) - raft.server.retrycache.expirytime = 600000ms (custom)
2022-10-13 11:29:43,253 [pool-702-thread-1] INFO  server.RaftServerConfigKeys (ConfUtils.java:logGet(46)) - raft.server.retrycache.statistics.expirytime = 100μs (default)
2022-10-13 11:29:43,255 [pool-702-thread-1] INFO  server.RaftServerConfigKeys (ConfUtils.java:logGet(46)) - raft.server.log.appender.install.snapshot.enabled = false (custom)
2022-10-13 11:29:43,255 [pool-702-thread-1] INFO  server.RaftServerConfigKeys (ConfUtils.java:logGet(46)) - raft.server.threadpool.server.cached = true (default)
2022-10-13 11:29:43,255 [pool-702-thread-1] INFO  server.RaftServerConfigKeys (ConfUtils.java:logGet(46)) - raft.server.threadpool.server.size = 0 (default)
2022-10-13 11:29:43,255 [pool-702-thread-1] INFO  server.RaftServerConfigKeys (ConfUtils.java:logGet(46)) - raft.server.threadpool.client.cached = true (default)
2022-10-13 11:29:43,255 [pool-702-thread-1] INFO  server.RaftServerConfigKeys (ConfUtils.java:logGet(46)) - raft.server.threadpool.client.size = 0 (default)
2022-10-13 11:29:43,255 [pool-702-thread-1] INFO  server.RaftServer$Division (RaftServerImpl.java:start(310)) - 99102043-e169-401c-83bb-bf4102350d41@group-FBB80062E162: start as a follower, conf=-1: [99102043-e169-401c-83bb-bf4102350d41|rpc:10.1.0.139:39239|priority:1], old=null
2022-10-13 11:29:43,255 [pool-702-thread-1] INFO  server.RaftServer$Division (RaftServerImpl.java:setRole(299)) - 99102043-e169-401c-83bb-bf4102350d41@group-FBB80062E162: changes role from      null to FOLLOWER at term 0 for startAsFollower
2022-10-13 11:29:43,255 [pool-702-thread-1] INFO  impl.RoleInfo (RoleInfo.java:updateAndGet(139)) - 99102043-e169-401c-83bb-bf4102350d41: start 99102043-e169-401c-83bb-bf4102350d41@group-FBB80062E162-FollowerState
2022-10-13 11:29:43,259 [pool-702-thread-1] INFO  util.JmxRegister (JmxRegister.java:tryRegister(44)) - Successfully registered JMX Bean with object name Ratis:service=RaftServer,group=group-FBB80062E162,id=99102043-e169-401c-83bb-bf4102350d41
2022-10-13 11:29:43,259 [Command processor thread] INFO  ratis.XceiverServerRatis (XceiverServerRatis.java:addGroup(765)) - Created group PipelineID=d2a7d859-9318-4789-a2b8-fbb80062e162
2022-10-13 11:29:43,260 [Command processor thread] INFO  commandhandler.CreatePipelineCommandHandler (CreatePipelineCommandHandler.java:handle(113)) - Created Pipeline RATIS ONE PipelineID=d2a7d859-9318-4789-a2b8-fbb80062e162.
2022-10-13 11:29:44,248 [Listener at 127.0.0.1/37531] INFO  ozone.MiniOzoneClusterImpl (MiniOzoneClusterImpl.java:lambda$waitForClusterToBeReady$0(216)) - Nodes are ready. Got 3 of 3 DN Heartbeats.
2022-10-13 11:29:44,248 [Listener at 127.0.0.1/37531] INFO  ozone.MiniOzoneClusterImpl (MiniOzoneClusterImpl.java:lambda$waitForClusterToBeReady$0(219)) - Waiting for cluster to exit safe mode
2022-10-13 11:29:44,248 [Listener at 127.0.0.1/37531] INFO  ozone.MiniOzoneClusterImpl (MiniOzoneClusterImpl.java:lambda$waitForClusterToBeReady$0(221)) - SCM became leader
2022-10-13 11:29:45,248 [Listener at 127.0.0.1/37531] INFO  ozone.MiniOzoneClusterImpl (MiniOzoneClusterImpl.java:lambda$waitForClusterToBeReady$0(216)) - Nodes are ready. Got 3 of 3 DN Heartbeats.
2022-10-13 11:29:45,249 [Listener at 127.0.0.1/37531] INFO  ozone.MiniOzoneClusterImpl (MiniOzoneClusterImpl.java:lambda$waitForClusterToBeReady$0(219)) - Waiting for cluster to exit safe mode
2022-10-13 11:29:45,249 [Listener at 127.0.0.1/37531] INFO  ozone.MiniOzoneClusterImpl (MiniOzoneClusterImpl.java:lambda$waitForClusterToBeReady$0(221)) - SCM became leader
2022-10-13 11:29:46,249 [Listener at 127.0.0.1/37531] INFO  ozone.MiniOzoneClusterImpl (MiniOzoneClusterImpl.java:lambda$waitForClusterToBeReady$0(216)) - Nodes are ready. Got 3 of 3 DN Heartbeats.
2022-10-13 11:29:46,250 [Listener at 127.0.0.1/37531] INFO  ozone.MiniOzoneClusterImpl (MiniOzoneClusterImpl.java:lambda$waitForClusterToBeReady$0(219)) - Waiting for cluster to exit safe mode
2022-10-13 11:29:46,250 [Listener at 127.0.0.1/37531] INFO  ozone.MiniOzoneClusterImpl (MiniOzoneClusterImpl.java:lambda$waitForClusterToBeReady$0(221)) - SCM became leader
2022-10-13 11:29:47,250 [Listener at 127.0.0.1/37531] INFO  ozone.MiniOzoneClusterImpl (MiniOzoneClusterImpl.java:lambda$waitForClusterToBeReady$0(216)) - Nodes are ready. Got 3 of 3 DN Heartbeats.
2022-10-13 11:29:47,250 [Listener at 127.0.0.1/37531] INFO  ozone.MiniOzoneClusterImpl (MiniOzoneClusterImpl.java:lambda$waitForClusterToBeReady$0(219)) - Waiting for cluster to exit safe mode
2022-10-13 11:29:47,250 [Listener at 127.0.0.1/37531] INFO  ozone.MiniOzoneClusterImpl (MiniOzoneClusterImpl.java:lambda$waitForClusterToBeReady$0(221)) - SCM became leader
2022-10-13 11:29:47,690 [5434c52c-ef5a-4936-a116-7fd551384221@group-30397A6AD897-FollowerState] INFO  impl.FollowerState (FollowerState.java:run(143)) - 5434c52c-ef5a-4936-a116-7fd551384221@group-30397A6AD897-FollowerState: change to CANDIDATE, lastRpcElapsedTime:5043069804ns, electionTimeout:5042ms
2022-10-13 11:29:47,691 [5434c52c-ef5a-4936-a116-7fd551384221@group-30397A6AD897-FollowerState] INFO  impl.RoleInfo (RoleInfo.java:shutdownFollowerState(110)) - 5434c52c-ef5a-4936-a116-7fd551384221: shutdown 5434c52c-ef5a-4936-a116-7fd551384221@group-30397A6AD897-FollowerState
2022-10-13 11:29:47,691 [5434c52c-ef5a-4936-a116-7fd551384221@group-30397A6AD897-FollowerState] INFO  server.RaftServer$Division (RaftServerImpl.java:setRole(299)) - 5434c52c-ef5a-4936-a116-7fd551384221@group-30397A6AD897: changes role from  FOLLOWER to CANDIDATE at term 0 for changeToCandidate
2022-10-13 11:29:47,691 [5434c52c-ef5a-4936-a116-7fd551384221@group-30397A6AD897-FollowerState] INFO  server.RaftServerConfigKeys (ConfUtils.java:logGet(46)) - raft.server.leaderelection.pre-vote = false (custom)
2022-10-13 11:29:47,691 [5434c52c-ef5a-4936-a116-7fd551384221@group-30397A6AD897-FollowerState] INFO  impl.RoleInfo (RoleInfo.java:updateAndGet(139)) - 5434c52c-ef5a-4936-a116-7fd551384221: start 5434c52c-ef5a-4936-a116-7fd551384221@group-30397A6AD897-LeaderElection32
2022-10-13 11:29:47,695 [5434c52c-ef5a-4936-a116-7fd551384221@group-30397A6AD897-LeaderElection32] INFO  impl.LeaderElection (LeaderElection.java:askForVotes(310)) - 5434c52c-ef5a-4936-a116-7fd551384221@group-30397A6AD897-LeaderElection32 ELECTION round 0: submit vote requests at term 1 for -1: [99102043-e169-401c-83bb-bf4102350d41|rpc:10.1.0.139:39239|priority:0, a77fef8e-fdb1-4318-93ee-d092ca05aa64|rpc:10.1.0.139:41225|priority:1, 5434c52c-ef5a-4936-a116-7fd551384221|rpc:10.1.0.139:44247|priority:0], old=null
2022-10-13 11:29:47,704 [grpc-default-executor-0] INFO  server.RaftServer$Division (RaftServerImpl.java:requestVote(1152)) - 99102043-e169-401c-83bb-bf4102350d41@group-30397A6AD897: receive requestVote(ELECTION, 5434c52c-ef5a-4936-a116-7fd551384221, group-30397A6AD897, 1, (t:0, i:0))
2022-10-13 11:29:47,705 [grpc-default-executor-0] INFO  impl.VoteContext (VoteContext.java:log(48)) - 99102043-e169-401c-83bb-bf4102350d41@group-30397A6AD897-FOLLOWER: accept ELECTION from 5434c52c-ef5a-4936-a116-7fd551384221: our priority 0 <= candidate's priority 0
2022-10-13 11:29:47,705 [grpc-default-executor-0] INFO  server.RaftServer$Division (RaftServerImpl.java:setRole(299)) - 99102043-e169-401c-83bb-bf4102350d41@group-30397A6AD897: changes role from  FOLLOWER to FOLLOWER at term 1 for candidate:5434c52c-ef5a-4936-a116-7fd551384221
2022-10-13 11:29:47,705 [grpc-default-executor-0] INFO  impl.RoleInfo (RoleInfo.java:shutdownFollowerState(110)) - 99102043-e169-401c-83bb-bf4102350d41: shutdown 99102043-e169-401c-83bb-bf4102350d41@group-30397A6AD897-FollowerState
2022-10-13 11:29:47,705 [grpc-default-executor-0] INFO  impl.RoleInfo (RoleInfo.java:updateAndGet(139)) - 99102043-e169-401c-83bb-bf4102350d41: start 99102043-e169-401c-83bb-bf4102350d41@group-30397A6AD897-FollowerState
2022-10-13 11:29:47,705 [99102043-e169-401c-83bb-bf4102350d41@group-30397A6AD897-FollowerState] INFO  impl.FollowerState (FollowerState.java:run(152)) - 99102043-e169-401c-83bb-bf4102350d41@group-30397A6AD897-FollowerState was interrupted
2022-10-13 11:29:47,711 [grpc-default-executor-0] INFO  server.RaftServer$Division (RaftServerImpl.java:requestVote(1184)) - 99102043-e169-401c-83bb-bf4102350d41@group-30397A6AD897 replies to ELECTION vote request: 5434c52c-ef5a-4936-a116-7fd551384221<-99102043-e169-401c-83bb-bf4102350d41#0:OK-t1. Peer's state: 99102043-e169-401c-83bb-bf4102350d41@group-30397A6AD897:t1, leader=null, voted=5434c52c-ef5a-4936-a116-7fd551384221, raftlog=99102043-e169-401c-83bb-bf4102350d41@group-30397A6AD897-SegmentedRaftLog:OPENED:c-1, conf=-1: [99102043-e169-401c-83bb-bf4102350d41|rpc:10.1.0.139:39239|dataStream:|priority:0, a77fef8e-fdb1-4318-93ee-d092ca05aa64|rpc:10.1.0.139:41225|dataStream:|priority:1, 5434c52c-ef5a-4936-a116-7fd551384221|rpc:10.1.0.139:44247|dataStream:|priority:0], old=null
2022-10-13 11:29:47,713 [grpc-default-executor-0] INFO  server.RaftServer$Division (RaftServerImpl.java:requestVote(1152)) - a77fef8e-fdb1-4318-93ee-d092ca05aa64@group-30397A6AD897: receive requestVote(ELECTION, 5434c52c-ef5a-4936-a116-7fd551384221, group-30397A6AD897, 1, (t:0, i:0))
2022-10-13 11:29:47,714 [grpc-default-executor-0] INFO  impl.VoteContext (VoteContext.java:log(48)) - a77fef8e-fdb1-4318-93ee-d092ca05aa64@group-30397A6AD897-FOLLOWER: reject ELECTION from 5434c52c-ef5a-4936-a116-7fd551384221: our priority 1 > candidate's priority 0
2022-10-13 11:29:47,714 [grpc-default-executor-0] INFO  server.RaftServer$Division (RaftServerImpl.java:setRole(299)) - a77fef8e-fdb1-4318-93ee-d092ca05aa64@group-30397A6AD897: changes role from  FOLLOWER to FOLLOWER at term 1 for candidate:5434c52c-ef5a-4936-a116-7fd551384221
2022-10-13 11:29:47,714 [grpc-default-executor-0] INFO  impl.RoleInfo (RoleInfo.java:shutdownFollowerState(110)) - a77fef8e-fdb1-4318-93ee-d092ca05aa64: shutdown a77fef8e-fdb1-4318-93ee-d092ca05aa64@group-30397A6AD897-FollowerState
2022-10-13 11:29:47,714 [grpc-default-executor-0] INFO  impl.RoleInfo (RoleInfo.java:updateAndGet(139)) - a77fef8e-fdb1-4318-93ee-d092ca05aa64: start a77fef8e-fdb1-4318-93ee-d092ca05aa64@group-30397A6AD897-FollowerState
2022-10-13 11:29:47,714 [a77fef8e-fdb1-4318-93ee-d092ca05aa64@group-30397A6AD897-FollowerState] INFO  impl.FollowerState (FollowerState.java:run(152)) - a77fef8e-fdb1-4318-93ee-d092ca05aa64@group-30397A6AD897-FollowerState was interrupted
2022-10-13 11:29:47,719 [grpc-default-executor-0] INFO  server.RaftServer$Division (RaftServerImpl.java:requestVote(1184)) - a77fef8e-fdb1-4318-93ee-d092ca05aa64@group-30397A6AD897 replies to ELECTION vote request: 5434c52c-ef5a-4936-a116-7fd551384221<-a77fef8e-fdb1-4318-93ee-d092ca05aa64#0:FAIL-t1. Peer's state: a77fef8e-fdb1-4318-93ee-d092ca05aa64@group-30397A6AD897:t1, leader=null, voted=null, raftlog=a77fef8e-fdb1-4318-93ee-d092ca05aa64@group-30397A6AD897-SegmentedRaftLog:OPENED:c-1, conf=-1: [99102043-e169-401c-83bb-bf4102350d41|rpc:10.1.0.139:39239|dataStream:|priority:0, a77fef8e-fdb1-4318-93ee-d092ca05aa64|rpc:10.1.0.139:41225|dataStream:|priority:1, 5434c52c-ef5a-4936-a116-7fd551384221|rpc:10.1.0.139:44247|dataStream:|priority:0], old=null
2022-10-13 11:29:47,722 [5434c52c-ef5a-4936-a116-7fd551384221@group-30397A6AD897-LeaderElection32] INFO  impl.LeaderElection (LeaderElection.java:logAndReturn(90)) - 5434c52c-ef5a-4936-a116-7fd551384221@group-30397A6AD897-LeaderElection32: ELECTION REJECTED received 2 response(s) and 0 exception(s):
2022-10-13 11:29:47,722 [5434c52c-ef5a-4936-a116-7fd551384221@group-30397A6AD897-LeaderElection32] INFO  impl.LeaderElection (LeaderElection.java:logAndReturn(94)) -   Response 0: 5434c52c-ef5a-4936-a116-7fd551384221<-99102043-e169-401c-83bb-bf4102350d41#0:OK-t1
2022-10-13 11:29:47,722 [5434c52c-ef5a-4936-a116-7fd551384221@group-30397A6AD897-LeaderElection32] INFO  impl.LeaderElection (LeaderElection.java:logAndReturn(94)) -   Response 1: 5434c52c-ef5a-4936-a116-7fd551384221<-a77fef8e-fdb1-4318-93ee-d092ca05aa64#0:FAIL-t1
2022-10-13 11:29:47,722 [5434c52c-ef5a-4936-a116-7fd551384221@group-30397A6AD897-LeaderElection32] INFO  impl.LeaderElection (LeaderElection.java:askForVotes(312)) - 5434c52c-ef5a-4936-a116-7fd551384221@group-30397A6AD897-LeaderElection32 ELECTION round 0: result REJECTED
2022-10-13 11:29:47,722 [5434c52c-ef5a-4936-a116-7fd551384221@group-30397A6AD897-LeaderElection32] INFO  server.RaftServer$Division (RaftServerImpl.java:setRole(299)) - 5434c52c-ef5a-4936-a116-7fd551384221@group-30397A6AD897: changes role from CANDIDATE to FOLLOWER at term 1 for REJECTED
2022-10-13 11:29:47,722 [5434c52c-ef5a-4936-a116-7fd551384221@group-30397A6AD897-LeaderElection32] INFO  impl.RoleInfo (RoleInfo.java:shutdownLeaderElection(130)) - 5434c52c-ef5a-4936-a116-7fd551384221: shutdown 5434c52c-ef5a-4936-a116-7fd551384221@group-30397A6AD897-LeaderElection32
2022-10-13 11:29:47,722 [5434c52c-ef5a-4936-a116-7fd551384221@group-30397A6AD897-LeaderElection32] INFO  impl.RoleInfo (RoleInfo.java:updateAndGet(139)) - 5434c52c-ef5a-4936-a116-7fd551384221: start 5434c52c-ef5a-4936-a116-7fd551384221@group-30397A6AD897-FollowerState
2022-10-13 11:29:47,740 [5434c52c-ef5a-4936-a116-7fd551384221@group-28B5D74B2EBF-FollowerState] INFO  impl.FollowerState (FollowerState.java:run(143)) - 5434c52c-ef5a-4936-a116-7fd551384221@group-28B5D74B2EBF-FollowerState: change to CANDIDATE, lastRpcElapsedTime:5116826504ns, electionTimeout:5114ms
2022-10-13 11:29:47,740 [5434c52c-ef5a-4936-a116-7fd551384221@group-28B5D74B2EBF-FollowerState] INFO  impl.RoleInfo (RoleInfo.java:shutdownFollowerState(110)) - 5434c52c-ef5a-4936-a116-7fd551384221: shutdown 5434c52c-ef5a-4936-a116-7fd551384221@group-28B5D74B2EBF-FollowerState
2022-10-13 11:29:47,740 [5434c52c-ef5a-4936-a116-7fd551384221@group-28B5D74B2EBF-FollowerState] INFO  server.RaftServer$Division (RaftServerImpl.java:setRole(299)) - 5434c52c-ef5a-4936-a116-7fd551384221@group-28B5D74B2EBF: changes role from  FOLLOWER to CANDIDATE at term 0 for changeToCandidate
2022-10-13 11:29:47,740 [5434c52c-ef5a-4936-a116-7fd551384221@group-28B5D74B2EBF-FollowerState] INFO  server.RaftServerConfigKeys (ConfUtils.java:logGet(46)) - raft.server.leaderelection.pre-vote = false (custom)
2022-10-13 11:29:47,740 [5434c52c-ef5a-4936-a116-7fd551384221@group-28B5D74B2EBF-FollowerState] INFO  impl.RoleInfo (RoleInfo.java:updateAndGet(139)) - 5434c52c-ef5a-4936-a116-7fd551384221: start 5434c52c-ef5a-4936-a116-7fd551384221@group-28B5D74B2EBF-LeaderElection33
2022-10-13 11:29:47,743 [5434c52c-ef5a-4936-a116-7fd551384221@group-28B5D74B2EBF-LeaderElection33] INFO  impl.LeaderElection (LeaderElection.java:askForVotes(310)) - 5434c52c-ef5a-4936-a116-7fd551384221@group-28B5D74B2EBF-LeaderElection33 ELECTION round 0: submit vote requests at term 1 for -1: [5434c52c-ef5a-4936-a116-7fd551384221|rpc:10.1.0.139:44247|priority:1], old=null
2022-10-13 11:29:47,743 [5434c52c-ef5a-4936-a116-7fd551384221@group-28B5D74B2EBF-LeaderElection33] INFO  impl.LeaderElection (LeaderElection.java:askForVotes(312)) - 5434c52c-ef5a-4936-a116-7fd551384221@group-28B5D74B2EBF-LeaderElection33 ELECTION round 0: result PASSED (term=1)
2022-10-13 11:29:47,743 [5434c52c-ef5a-4936-a116-7fd551384221@group-28B5D74B2EBF-LeaderElection33] INFO  impl.RoleInfo (RoleInfo.java:shutdownLeaderElection(130)) - 5434c52c-ef5a-4936-a116-7fd551384221: shutdown 5434c52c-ef5a-4936-a116-7fd551384221@group-28B5D74B2EBF-LeaderElection33
2022-10-13 11:29:47,744 [5434c52c-ef5a-4936-a116-7fd551384221@group-28B5D74B2EBF-LeaderElection33] INFO  server.RaftServer$Division (RaftServerImpl.java:setRole(299)) - 5434c52c-ef5a-4936-a116-7fd551384221@group-28B5D74B2EBF: changes role from CANDIDATE to LEADER at term 1 for changeToLeader
2022-10-13 11:29:47,744 [5434c52c-ef5a-4936-a116-7fd551384221@group-28B5D74B2EBF-LeaderElection33] INFO  ratis.XceiverServerRatis (XceiverServerRatis.java:handleLeaderChangedNotification(863)) - Leader change notification received for group: group-28B5D74B2EBF with new leaderId: 5434c52c-ef5a-4936-a116-7fd551384221
2022-10-13 11:29:47,744 [5434c52c-ef5a-4936-a116-7fd551384221@group-28B5D74B2EBF-LeaderElection33] INFO  server.RaftServer$Division (ServerState.java:setLeader(287)) - 5434c52c-ef5a-4936-a116-7fd551384221@group-28B5D74B2EBF: change Leader from null to 5434c52c-ef5a-4936-a116-7fd551384221 at term 1 for becomeLeader, leader elected after 5129ms
2022-10-13 11:29:47,744 [5434c52c-ef5a-4936-a116-7fd551384221@group-28B5D74B2EBF-LeaderElection33] INFO  server.RaftServerConfigKeys (ConfUtils.java:logGet(46)) - raft.server.staging.catchup.gap = 1000 (default)
2022-10-13 11:29:47,744 [5434c52c-ef5a-4936-a116-7fd551384221@group-28B5D74B2EBF-LeaderElection33] INFO  server.RaftServerConfigKeys (ConfUtils.java:logGet(46)) - raft.server.write.element-limit = 1024 (custom)
2022-10-13 11:29:47,744 [5434c52c-ef5a-4936-a116-7fd551384221@group-28B5D74B2EBF-LeaderElection33] INFO  server.RaftServerConfigKeys (ConfUtils.java:logGet(46)) - raft.server.write.byte-limit = 1024 M (=1073741824) (custom)
2022-10-13 11:29:47,745 [5434c52c-ef5a-4936-a116-7fd551384221@group-28B5D74B2EBF-LeaderElection33] INFO  server.RaftServerConfigKeys (ConfUtils.java:logGet(46)) - raft.server.watch.timeout = 180s (custom)
2022-10-13 11:29:47,745 [5434c52c-ef5a-4936-a116-7fd551384221@group-28B5D74B2EBF-LeaderElection33] INFO  server.RaftServerConfigKeys (ConfUtils.java:logGet(46)) - raft.server.watch.timeout.denomination = 1s (default)
2022-10-13 11:29:47,745 [5434c52c-ef5a-4936-a116-7fd551384221@group-28B5D74B2EBF-LeaderElection33] INFO  server.RaftServerConfigKeys (ConfUtils.java:logGet(46)) - raft.server.watch.element-limit = 65536 (default)
2022-10-13 11:29:47,745 [5434c52c-ef5a-4936-a116-7fd551384221@group-28B5D74B2EBF-LeaderElection33] INFO  server.RaftServerConfigKeys (ConfUtils.java:logGet(46)) - raft.server.write.element-limit = 1024 (custom)
2022-10-13 11:29:47,745 [5434c52c-ef5a-4936-a116-7fd551384221@group-28B5D74B2EBF-LeaderElection33] INFO  server.RaftServerConfigKeys (ConfUtils.java:logGet(46)) - raft.server.write.follower.gap.ratio.max = -1.0 (default)
2022-10-13 11:29:47,745 [5434c52c-ef5a-4936-a116-7fd551384221@group-28B5D74B2EBF-LeaderElection33] INFO  impl.RoleInfo (RoleInfo.java:updateAndGet(139)) - 5434c52c-ef5a-4936-a116-7fd551384221: start 5434c52c-ef5a-4936-a116-7fd551384221@group-28B5D74B2EBF-LeaderStateImpl
2022-10-13 11:29:47,745 [5434c52c-ef5a-4936-a116-7fd551384221@group-28B5D74B2EBF-LeaderElection33] INFO  segmented.SegmentedRaftLogWorker (SegmentedRaftLogWorker.java:startLogSegment(425)) - 5434c52c-ef5a-4936-a116-7fd551384221@group-28B5D74B2EBF-SegmentedRaftLogWorker: Starting segment from index:0
2022-10-13 11:29:47,746 [EventQueue-OpenPipelineForHealthyPipelineSafeModeRule] INFO  safemode.SCMSafeModeManager (HealthyPipelineSafeModeRule.java:process(137)) - SCM in safe mode. Healthy pipelines reported count is 0, required healthy pipeline reported count is 1
2022-10-13 11:29:47,747 [5434c52c-ef5a-4936-a116-7fd551384221@group-28B5D74B2EBF-LeaderElection33] INFO  server.RaftServer$Division (ServerState.java:setRaftConf(393)) - 5434c52c-ef5a-4936-a116-7fd551384221@group-28B5D74B2EBF: set configuration 0: [5434c52c-ef5a-4936-a116-7fd551384221|rpc:10.1.0.139:44247|dataStream:|priority:1], old=null
2022-10-13 11:29:47,747 [5434c52c-ef5a-4936-a116-7fd551384221@group-28B5D74B2EBF-SegmentedRaftLogWorker] INFO  segmented.SegmentedRaftLogWorker (SegmentedRaftLogWorker.java:execute(629)) - 5434c52c-ef5a-4936-a116-7fd551384221@group-28B5D74B2EBF-SegmentedRaftLogWorker: created new log segment /home/runner/work/ozone/ozone/hadoop-ozone/integration-test/target/test-dir/MiniOzoneClusterImpl-900e8113-aac4-448a-a9d6-76244602bcf4/datanode-0/data/ratis/57cdee8e-0270-45a9-a6ff-28b5d74b2ebf/current/log_inprogress_0
2022-10-13 11:29:47,765 [5434c52c-ef5a-4936-a116-7fd551384221@group-14FCDCEDD760-FollowerState] INFO  impl.FollowerState (FollowerState.java:run(143)) - 5434c52c-ef5a-4936-a116-7fd551384221@group-14FCDCEDD760-FollowerState: change to CANDIDATE, lastRpcElapsedTime:5005914922ns, electionTimeout:5005ms
2022-10-13 11:29:47,765 [5434c52c-ef5a-4936-a116-7fd551384221@group-14FCDCEDD760-FollowerState] INFO  impl.RoleInfo (RoleInfo.java:shutdownFollowerState(110)) - 5434c52c-ef5a-4936-a116-7fd551384221: shutdown 5434c52c-ef5a-4936-a116-7fd551384221@group-14FCDCEDD760-FollowerState
2022-10-13 11:29:47,765 [5434c52c-ef5a-4936-a116-7fd551384221@group-14FCDCEDD760-FollowerState] INFO  server.RaftServer$Division (RaftServerImpl.java:setRole(299)) - 5434c52c-ef5a-4936-a116-7fd551384221@group-14FCDCEDD760: changes role from  FOLLOWER to CANDIDATE at term 0 for changeToCandidate
2022-10-13 11:29:47,765 [5434c52c-ef5a-4936-a116-7fd551384221@group-14FCDCEDD760-FollowerState] INFO  server.RaftServerConfigKeys (ConfUtils.java:logGet(46)) - raft.server.leaderelection.pre-vote = false (custom)
2022-10-13 11:29:47,765 [5434c52c-ef5a-4936-a116-7fd551384221@group-14FCDCEDD760-FollowerState] INFO  impl.RoleInfo (RoleInfo.java:updateAndGet(139)) - 5434c52c-ef5a-4936-a116-7fd551384221: start 5434c52c-ef5a-4936-a116-7fd551384221@group-14FCDCEDD760-LeaderElection34
2022-10-13 11:29:47,768 [5434c52c-ef5a-4936-a116-7fd551384221@group-14FCDCEDD760-LeaderElection34] INFO  impl.LeaderElection (LeaderElection.java:askForVotes(310)) - 5434c52c-ef5a-4936-a116-7fd551384221@group-14FCDCEDD760-LeaderElection34 ELECTION round 0: submit vote requests at term 1 for -1: [99102043-e169-401c-83bb-bf4102350d41|rpc:10.1.0.139:39239|priority:1, a77fef8e-fdb1-4318-93ee-d092ca05aa64|rpc:10.1.0.139:41225|priority:0, 5434c52c-ef5a-4936-a116-7fd551384221|rpc:10.1.0.139:44247|priority:0], old=null
2022-10-13 11:29:47,774 [grpc-default-executor-0] INFO  server.RaftServer$Division (RaftServerImpl.java:requestVote(1152)) - a77fef8e-fdb1-4318-93ee-d092ca05aa64@group-14FCDCEDD760: receive requestVote(ELECTION, 5434c52c-ef5a-4936-a116-7fd551384221, group-14FCDCEDD760, 1, (t:0, i:0))
2022-10-13 11:29:47,774 [grpc-default-executor-0] INFO  impl.VoteContext (VoteContext.java:log(48)) - a77fef8e-fdb1-4318-93ee-d092ca05aa64@group-14FCDCEDD760-FOLLOWER: accept ELECTION from 5434c52c-ef5a-4936-a116-7fd551384221: our priority 0 <= candidate's priority 0
2022-10-13 11:29:47,774 [grpc-default-executor-0] INFO  server.RaftServer$Division (RaftServerImpl.java:setRole(299)) - a77fef8e-fdb1-4318-93ee-d092ca05aa64@group-14FCDCEDD760: changes role from  FOLLOWER to FOLLOWER at term 1 for candidate:5434c52c-ef5a-4936-a116-7fd551384221
2022-10-13 11:29:47,774 [grpc-default-executor-0] INFO  impl.RoleInfo (RoleInfo.java:shutdownFollowerState(110)) - a77fef8e-fdb1-4318-93ee-d092ca05aa64: shutdown a77fef8e-fdb1-4318-93ee-d092ca05aa64@group-14FCDCEDD760-FollowerState
2022-10-13 11:29:47,774 [grpc-default-executor-0] INFO  impl.RoleInfo (RoleInfo.java:updateAndGet(139)) - a77fef8e-fdb1-4318-93ee-d092ca05aa64: start a77fef8e-fdb1-4318-93ee-d092ca05aa64@group-14FCDCEDD760-FollowerState
2022-10-13 11:29:47,774 [a77fef8e-fdb1-4318-93ee-d092ca05aa64@group-14FCDCEDD760-FollowerState] INFO  impl.FollowerState (FollowerState.java:run(152)) - a77fef8e-fdb1-4318-93ee-d092ca05aa64@group-14FCDCEDD760-FollowerState was interrupted
2022-10-13 11:29:47,775 [grpc-default-executor-1] INFO  server.RaftServer$Division (RaftServerImpl.java:requestVote(1152)) - 99102043-e169-401c-83bb-bf4102350d41@group-14FCDCEDD760: receive requestVote(ELECTION, 5434c52c-ef5a-4936-a116-7fd551384221, group-14FCDCEDD760, 1, (t:0, i:0))
2022-10-13 11:29:47,776 [grpc-default-executor-1] INFO  impl.VoteContext (VoteContext.java:log(48)) - 99102043-e169-401c-83bb-bf4102350d41@group-14FCDCEDD760-FOLLOWER: reject ELECTION from 5434c52c-ef5a-4936-a116-7fd551384221: our priority 1 > candidate's priority 0
2022-10-13 11:29:47,776 [grpc-default-executor-1] INFO  server.RaftServer$Division (RaftServerImpl.java:setRole(299)) - 99102043-e169-401c-83bb-bf4102350d41@group-14FCDCEDD760: changes role from  FOLLOWER to FOLLOWER at term 1 for candidate:5434c52c-ef5a-4936-a116-7fd551384221
2022-10-13 11:29:47,776 [grpc-default-executor-1] INFO  impl.RoleInfo (RoleInfo.java:shutdownFollowerState(110)) - 99102043-e169-401c-83bb-bf4102350d41: shutdown 99102043-e169-401c-83bb-bf4102350d41@group-14FCDCEDD760-FollowerState
2022-10-13 11:29:47,776 [99102043-e169-401c-83bb-bf4102350d41@group-14FCDCEDD760-FollowerState] INFO  impl.FollowerState (FollowerState.java:run(152)) - 99102043-e169-401c-83bb-bf4102350d41@group-14FCDCEDD760-FollowerState was interrupted
2022-10-13 11:29:47,776 [grpc-default-executor-1] INFO  impl.RoleInfo (RoleInfo.java:updateAndGet(139)) - 99102043-e169-401c-83bb-bf4102350d41: start 99102043-e169-401c-83bb-bf4102350d41@group-14FCDCEDD760-FollowerState
2022-10-13 11:29:47,777 [grpc-default-executor-0] INFO  server.RaftServer$Division (RaftServerImpl.java:requestVote(1184)) - a77fef8e-fdb1-4318-93ee-d092ca05aa64@group-14FCDCEDD760 replies to ELECTION vote request: 5434c52c-ef5a-4936-a116-7fd551384221<-a77fef8e-fdb1-4318-93ee-d092ca05aa64#0:OK-t1. Peer's state: a77fef8e-fdb1-4318-93ee-d092ca05aa64@group-14FCDCEDD760:t1, leader=null, voted=5434c52c-ef5a-4936-a116-7fd551384221, raftlog=a77fef8e-fdb1-4318-93ee-d092ca05aa64@group-14FCDCEDD760-SegmentedRaftLog:OPENED:c-1, conf=-1: [99102043-e169-401c-83bb-bf4102350d41|rpc:10.1.0.139:39239|dataStream:|priority:1, a77fef8e-fdb1-4318-93ee-d092ca05aa64|rpc:10.1.0.139:41225|dataStream:|priority:0, 5434c52c-ef5a-4936-a116-7fd551384221|rpc:10.1.0.139:44247|dataStream:|priority:0], old=null
2022-10-13 11:29:47,778 [grpc-default-executor-1] INFO  server.RaftServer$Division (RaftServerImpl.java:requestVote(1184)) - 99102043-e169-401c-83bb-bf4102350d41@group-14FCDCEDD760 replies to ELECTION vote request: 5434c52c-ef5a-4936-a116-7fd551384221<-99102043-e169-401c-83bb-bf4102350d41#0:FAIL-t1. Peer's state: 99102043-e169-401c-83bb-bf4102350d41@group-14FCDCEDD760:t1, leader=null, voted=null, raftlog=99102043-e169-401c-83bb-bf4102350d41@group-14FCDCEDD760-SegmentedRaftLog:OPENED:c-1, conf=-1: [99102043-e169-401c-83bb-bf4102350d41|rpc:10.1.0.139:39239|dataStream:|priority:1, a77fef8e-fdb1-4318-93ee-d092ca05aa64|rpc:10.1.0.139:41225|dataStream:|priority:0, 5434c52c-ef5a-4936-a116-7fd551384221|rpc:10.1.0.139:44247|dataStream:|priority:0], old=null
2022-10-13 11:29:47,782 [5434c52c-ef5a-4936-a116-7fd551384221@group-14FCDCEDD760-LeaderElection34] INFO  impl.LeaderElection (LeaderElection.java:logAndReturn(90)) - 5434c52c-ef5a-4936-a116-7fd551384221@group-14FCDCEDD760-LeaderElection34: ELECTION REJECTED received 2 response(s) and 0 exception(s):
2022-10-13 11:29:47,782 [5434c52c-ef5a-4936-a116-7fd551384221@group-14FCDCEDD760-LeaderElection34] INFO  impl.LeaderElection (LeaderElection.java:logAndReturn(94)) -   Response 0: 5434c52c-ef5a-4936-a116-7fd551384221<-99102043-e169-401c-83bb-bf4102350d41#0:FAIL-t1
2022-10-13 11:29:47,782 [5434c52c-ef5a-4936-a116-7fd551384221@group-14FCDCEDD760-LeaderElection34] INFO  impl.LeaderElection (LeaderElection.java:logAndReturn(94)) -   Response 1: 5434c52c-ef5a-4936-a116-7fd551384221<-a77fef8e-fdb1-4318-93ee-d092ca05aa64#0:OK-t1
2022-10-13 11:29:47,782 [5434c52c-ef5a-4936-a116-7fd551384221@group-14FCDCEDD760-LeaderElection34] INFO  impl.LeaderElection (LeaderElection.java:askForVotes(312)) - 5434c52c-ef5a-4936-a116-7fd551384221@group-14FCDCEDD760-LeaderElection34 ELECTION round 0: result REJECTED
2022-10-13 11:29:47,782 [5434c52c-ef5a-4936-a116-7fd551384221@group-14FCDCEDD760-LeaderElection34] INFO  server.RaftServer$Division (RaftServerImpl.java:setRole(299)) - 5434c52c-ef5a-4936-a116-7fd551384221@group-14FCDCEDD760: changes role from CANDIDATE to FOLLOWER at term 1 for REJECTED
2022-10-13 11:29:47,782 [5434c52c-ef5a-4936-a116-7fd551384221@group-14FCDCEDD760-LeaderElection34] INFO  impl.RoleInfo (RoleInfo.java:shutdownLeaderElection(130)) - 5434c52c-ef5a-4936-a116-7fd551384221: shutdown 5434c52c-ef5a-4936-a116-7fd551384221@group-14FCDCEDD760-LeaderElection34
2022-10-13 11:29:47,782 [5434c52c-ef5a-4936-a116-7fd551384221@group-14FCDCEDD760-LeaderElection34] INFO  impl.RoleInfo (RoleInfo.java:updateAndGet(139)) - 5434c52c-ef5a-4936-a116-7fd551384221: start 5434c52c-ef5a-4936-a116-7fd551384221@group-14FCDCEDD760-FollowerState
2022-10-13 11:29:48,128 [a77fef8e-fdb1-4318-93ee-d092ca05aa64@group-647F43E92EAD-FollowerState] INFO  impl.FollowerState (FollowerState.java:run(143)) - a77fef8e-fdb1-4318-93ee-d092ca05aa64@group-647F43E92EAD-FollowerState: change to CANDIDATE, lastRpcElapsedTime:5201455641ns, electionTimeout:5200ms
2022-10-13 11:29:48,128 [a77fef8e-fdb1-4318-93ee-d092ca05aa64@group-647F43E92EAD-FollowerState] INFO  impl.RoleInfo (RoleInfo.java:shutdownFollowerState(110)) - a77fef8e-fdb1-4318-93ee-d092ca05aa64: shutdown a77fef8e-fdb1-4318-93ee-d092ca05aa64@group-647F43E92EAD-FollowerState
2022-10-13 11:29:48,128 [a77fef8e-fdb1-4318-93ee-d092ca05aa64@group-647F43E92EAD-FollowerState] INFO  server.RaftServer$Division (RaftServerImpl.java:setRole(299)) - a77fef8e-fdb1-4318-93ee-d092ca05aa64@group-647F43E92EAD: changes role from  FOLLOWER to CANDIDATE at term 0 for changeToCandidate
2022-10-13 11:29:48,128 [a77fef8e-fdb1-4318-93ee-d092ca05aa64@group-647F43E92EAD-FollowerState] INFO  server.RaftServerConfigKeys (ConfUtils.java:logGet(46)) - raft.server.leaderelection.pre-vote = false (custom)
2022-10-13 11:29:48,128 [a77fef8e-fdb1-4318-93ee-d092ca05aa64@group-647F43E92EAD-FollowerState] INFO  impl.RoleInfo (RoleInfo.java:updateAndGet(139)) - a77fef8e-fdb1-4318-93ee-d092ca05aa64: start a77fef8e-fdb1-4318-93ee-d092ca05aa64@group-647F43E92EAD-LeaderElection35
2022-10-13 11:29:48,132 [a77fef8e-fdb1-4318-93ee-d092ca05aa64@group-647F43E92EAD-LeaderElection35] INFO  impl.LeaderElection (LeaderElection.java:askForVotes(310)) - a77fef8e-fdb1-4318-93ee-d092ca05aa64@group-647F43E92EAD-LeaderElection35 ELECTION round 0: submit vote requests at term 1 for -1: [a77fef8e-fdb1-4318-93ee-d092ca05aa64|rpc:10.1.0.139:41225|priority:1], old=null
2022-10-13 11:29:48,132 [a77fef8e-fdb1-4318-93ee-d092ca05aa64@group-647F43E92EAD-LeaderElection35] INFO  impl.LeaderElection (LeaderElection.java:askForVotes(312)) - a77fef8e-fdb1-4318-93ee-d092ca05aa64@group-647F43E92EAD-LeaderElection35 ELECTION round 0: result PASSED (term=1)
2022-10-13 11:29:48,132 [a77fef8e-fdb1-4318-93ee-d092ca05aa64@group-647F43E92EAD-LeaderElection35] INFO  impl.RoleInfo (RoleInfo.java:shutdownLeaderElection(130)) - a77fef8e-fdb1-4318-93ee-d092ca05aa64: shutdown a77fef8e-fdb1-4318-93ee-d092ca05aa64@group-647F43E92EAD-LeaderElection35
2022-10-13 11:29:48,132 [a77fef8e-fdb1-4318-93ee-d092ca05aa64@group-647F43E92EAD-LeaderElection35] INFO  server.RaftServer$Division (RaftServerImpl.java:setRole(299)) - a77fef8e-fdb1-4318-93ee-d092ca05aa64@group-647F43E92EAD: changes role from CANDIDATE to LEADER at term 1 for changeToLeader
2022-10-13 11:29:48,132 [a77fef8e-fdb1-4318-93ee-d092ca05aa64@group-647F43E92EAD-LeaderElection35] INFO  ratis.XceiverServerRatis (XceiverServerRatis.java:handleLeaderChangedNotification(863)) - Leader change notification received for group: group-647F43E92EAD with new leaderId: a77fef8e-fdb1-4318-93ee-d092ca05aa64
2022-10-13 11:29:48,132 [a77fef8e-fdb1-4318-93ee-d092ca05aa64@group-647F43E92EAD-LeaderElection35] INFO  server.RaftServer$Division (ServerState.java:setLeader(287)) - a77fef8e-fdb1-4318-93ee-d092ca05aa64@group-647F43E92EAD: change Leader from null to a77fef8e-fdb1-4318-93ee-d092ca05aa64 at term 1 for becomeLeader, leader elected after 5212ms
2022-10-13 11:29:48,132 [a77fef8e-fdb1-4318-93ee-d092ca05aa64@group-647F43E92EAD-LeaderElection35] INFO  server.RaftServerConfigKeys (ConfUtils.java:logGet(46)) - raft.server.staging.catchup.gap = 1000 (default)
2022-10-13 11:29:48,133 [a77fef8e-fdb1-4318-93ee-d092ca05aa64@group-647F43E92EAD-LeaderElection35] INFO  server.RaftServerConfigKeys (ConfUtils.java:logGet(46)) - raft.server.write.element-limit = 1024 (custom)
2022-10-13 11:29:48,133 [a77fef8e-fdb1-4318-93ee-d092ca05aa64@group-647F43E92EAD-LeaderElection35] INFO  server.RaftServerConfigKeys (ConfUtils.java:logGet(46)) - raft.server.write.byte-limit = 1024 M (=1073741824) (custom)
2022-10-13 11:29:48,133 [a77fef8e-fdb1-4318-93ee-d092ca05aa64@group-647F43E92EAD-LeaderElection35] INFO  server.RaftServerConfigKeys (ConfUtils.java:logGet(46)) - raft.server.watch.timeout = 180s (custom)
2022-10-13 11:29:48,133 [a77fef8e-fdb1-4318-93ee-d092ca05aa64@group-647F43E92EAD-LeaderElection35] INFO  server.RaftServerConfigKeys (ConfUtils.java:logGet(46)) - raft.server.watch.timeout.denomination = 1s (default)
2022-10-13 11:29:48,133 [a77fef8e-fdb1-4318-93ee-d092ca05aa64@group-647F43E92EAD-LeaderElection35] INFO  server.RaftServerConfigKeys (ConfUtils.java:logGet(46)) - raft.server.watch.element-limit = 65536 (default)
2022-10-13 11:29:48,133 [a77fef8e-fdb1-4318-93ee-d092ca05aa64@group-647F43E92EAD-LeaderElection35] INFO  server.RaftServerConfigKeys (ConfUtils.java:logGet(46)) - raft.server.write.element-limit = 1024 (custom)
2022-10-13 11:29:48,133 [a77fef8e-fdb1-4318-93ee-d092ca05aa64@group-647F43E92EAD-LeaderElection35] INFO  server.RaftServerConfigKeys (ConfUtils.java:logGet(46)) - raft.server.write.follower.gap.ratio.max = -1.0 (default)
2022-10-13 11:29:48,133 [a77fef8e-fdb1-4318-93ee-d092ca05aa64@group-647F43E92EAD-LeaderElection35] INFO  impl.RoleInfo (RoleInfo.java:updateAndGet(139)) - a77fef8e-fdb1-4318-93ee-d092ca05aa64: start a77fef8e-fdb1-4318-93ee-d092ca05aa64@group-647F43E92EAD-LeaderStateImpl
2022-10-13 11:29:48,135 [EventQueue-OpenPipelineForHealthyPipelineSafeModeRule] INFO  safemode.SCMSafeModeManager (HealthyPipelineSafeModeRule.java:process(137)) - SCM in safe mode. Healthy pipelines reported count is 0, required healthy pipeline reported count is 1
2022-10-13 11:29:48,135 [a77fef8e-fdb1-4318-93ee-d092ca05aa64@group-647F43E92EAD-LeaderElection35] INFO  segmented.SegmentedRaftLogWorker (SegmentedRaftLogWorker.java:startLogSegment(425)) - a77fef8e-fdb1-4318-93ee-d092ca05aa64@group-647F43E92EAD-SegmentedRaftLogWorker: Starting segment from index:0
2022-10-13 11:29:48,138 [a77fef8e-fdb1-4318-93ee-d092ca05aa64@group-647F43E92EAD-SegmentedRaftLogWorker] INFO  segmented.SegmentedRaftLogWorker (SegmentedRaftLogWorker.java:execute(629)) - a77fef8e-fdb1-4318-93ee-d092ca05aa64@group-647F43E92EAD-SegmentedRaftLogWorker: created new log segment /home/runner/work/ozone/ozone/hadoop-ozone/integration-test/target/test-dir/MiniOzoneClusterImpl-900e8113-aac4-448a-a9d6-76244602bcf4/datanode-1/data/ratis/1062fbf5-f107-4716-8c0a-647f43e92ead/current/log_inprogress_0
2022-10-13 11:29:48,138 [a77fef8e-fdb1-4318-93ee-d092ca05aa64@group-647F43E92EAD-LeaderElection35] INFO  server.RaftServer$Division (ServerState.java:setRaftConf(393)) - a77fef8e-fdb1-4318-93ee-d092ca05aa64@group-647F43E92EAD: set configuration 0: [a77fef8e-fdb1-4318-93ee-d092ca05aa64|rpc:10.1.0.139:41225|dataStream:|priority:1], old=null
2022-10-13 11:29:48,251 [Listener at 127.0.0.1/37531] INFO  ozone.MiniOzoneClusterImpl (MiniOzoneClusterImpl.java:lambda$waitForClusterToBeReady$0(216)) - Nodes are ready. Got 3 of 3 DN Heartbeats.
2022-10-13 11:29:48,251 [Listener at 127.0.0.1/37531] INFO  ozone.MiniOzoneClusterImpl (MiniOzoneClusterImpl.java:lambda$waitForClusterToBeReady$0(219)) - Waiting for cluster to exit safe mode
2022-10-13 11:29:48,251 [Listener at 127.0.0.1/37531] INFO  ozone.MiniOzoneClusterImpl (MiniOzoneClusterImpl.java:lambda$waitForClusterToBeReady$0(221)) - SCM became leader
2022-10-13 11:29:48,349 [99102043-e169-401c-83bb-bf4102350d41@group-FBB80062E162-FollowerState] INFO  impl.FollowerState (FollowerState.java:run(143)) - 99102043-e169-401c-83bb-bf4102350d41@group-FBB80062E162-FollowerState: change to CANDIDATE, lastRpcElapsedTime:5094011667ns, electionTimeout:5090ms
2022-10-13 11:29:48,349 [99102043-e169-401c-83bb-bf4102350d41@group-FBB80062E162-FollowerState] INFO  impl.RoleInfo (RoleInfo.java:shutdownFollowerState(110)) - 99102043-e169-401c-83bb-bf4102350d41: shutdown 99102043-e169-401c-83bb-bf4102350d41@group-FBB80062E162-FollowerState
2022-10-13 11:29:48,350 [99102043-e169-401c-83bb-bf4102350d41@group-FBB80062E162-FollowerState] INFO  server.RaftServer$Division (RaftServerImpl.java:setRole(299)) - 99102043-e169-401c-83bb-bf4102350d41@group-FBB80062E162: changes role from  FOLLOWER to CANDIDATE at term 0 for changeToCandidate
2022-10-13 11:29:48,350 [99102043-e169-401c-83bb-bf4102350d41@group-FBB80062E162-FollowerState] INFO  server.RaftServerConfigKeys (ConfUtils.java:logGet(46)) - raft.server.leaderelection.pre-vote = false (custom)
2022-10-13 11:29:48,350 [99102043-e169-401c-83bb-bf4102350d41@group-FBB80062E162-FollowerState] INFO  impl.RoleInfo (RoleInfo.java:updateAndGet(139)) - 99102043-e169-401c-83bb-bf4102350d41: start 99102043-e169-401c-83bb-bf4102350d41@group-FBB80062E162-LeaderElection36
2022-10-13 11:29:48,353 [99102043-e169-401c-83bb-bf4102350d41@group-FBB80062E162-LeaderElection36] INFO  impl.LeaderElection (LeaderElection.java:askForVotes(310)) - 99102043-e169-401c-83bb-bf4102350d41@group-FBB80062E162-LeaderElection36 ELECTION round 0: submit vote requests at term 1 for -1: [99102043-e169-401c-83bb-bf4102350d41|rpc:10.1.0.139:39239|priority:1], old=null
2022-10-13 11:29:48,353 [99102043-e169-401c-83bb-bf4102350d41@group-FBB80062E162-LeaderElection36] INFO  impl.LeaderElection (LeaderElection.java:askForVotes(312)) - 99102043-e169-401c-83bb-bf4102350d41@group-FBB80062E162-LeaderElection36 ELECTION round 0: result PASSED (term=1)
2022-10-13 11:29:48,353 [99102043-e169-401c-83bb-bf4102350d41@group-FBB80062E162-LeaderElection36] INFO  impl.RoleInfo (RoleInfo.java:shutdownLeaderElection(130)) - 99102043-e169-401c-83bb-bf4102350d41: shutdown 99102043-e169-401c-83bb-bf4102350d41@group-FBB80062E162-LeaderElection36
2022-10-13 11:29:48,353 [99102043-e169-401c-83bb-bf4102350d41@group-FBB80062E162-LeaderElection36] INFO  server.RaftServer$Division (RaftServerImpl.java:setRole(299)) - 99102043-e169-401c-83bb-bf4102350d41@group-FBB80062E162: changes role from CANDIDATE to LEADER at term 1 for changeToLeader
2022-10-13 11:29:48,353 [99102043-e169-401c-83bb-bf4102350d41@group-FBB80062E162-LeaderElection36] INFO  ratis.XceiverServerRatis (XceiverServerRatis.java:handleLeaderChangedNotification(863)) - Leader change notification received for group: group-FBB80062E162 with new leaderId: 99102043-e169-401c-83bb-bf4102350d41
2022-10-13 11:29:48,353 [99102043-e169-401c-83bb-bf4102350d41@group-FBB80062E162-LeaderElection36] INFO  server.RaftServer$Division (ServerState.java:setLeader(287)) - 99102043-e169-401c-83bb-bf4102350d41@group-FBB80062E162: change Leader from null to 99102043-e169-401c-83bb-bf4102350d41 at term 1 for becomeLeader, leader elected after 5104ms
2022-10-13 11:29:48,354 [99102043-e169-401c-83bb-bf4102350d41@group-FBB80062E162-LeaderElection36] INFO  server.RaftServerConfigKeys (ConfUtils.java:logGet(46)) - raft.server.staging.catchup.gap = 1000 (default)
2022-10-13 11:29:48,354 [99102043-e169-401c-83bb-bf4102350d41@group-FBB80062E162-LeaderElection36] INFO  server.RaftServerConfigKeys (ConfUtils.java:logGet(46)) - raft.server.write.element-limit = 1024 (custom)
2022-10-13 11:29:48,354 [99102043-e169-401c-83bb-bf4102350d41@group-FBB80062E162-LeaderElection36] INFO  server.RaftServerConfigKeys (ConfUtils.java:logGet(46)) - raft.server.write.byte-limit = 1024 M (=1073741824) (custom)
2022-10-13 11:29:48,354 [99102043-e169-401c-83bb-bf4102350d41@group-FBB80062E162-LeaderElection36] INFO  server.RaftServerConfigKeys (ConfUtils.java:logGet(46)) - raft.server.watch.timeout = 180s (custom)
2022-10-13 11:29:48,354 [99102043-e169-401c-83bb-bf4102350d41@group-FBB80062E162-LeaderElection36] INFO  server.RaftServerConfigKeys (ConfUtils.java:logGet(46)) - raft.server.watch.timeout.denomination = 1s (default)
2022-10-13 11:29:48,354 [99102043-e169-401c-83bb-bf4102350d41@group-FBB80062E162-LeaderElection36] INFO  server.RaftServerConfigKeys (ConfUtils.java:logGet(46)) - raft.server.watch.element-limit = 65536 (default)
2022-10-13 11:29:48,355 [EventQueue-OpenPipelineForHealthyPipelineSafeModeRule] INFO  safemode.SCMSafeModeManager (HealthyPipelineSafeModeRule.java:process(137)) - SCM in safe mode. Healthy pipelines reported count is 0, required healthy pipeline reported count is 1
2022-10-13 11:29:48,357 [99102043-e169-401c-83bb-bf4102350d41@group-FBB80062E162-LeaderElection36] INFO  server.RaftServerConfigKeys (ConfUtils.java:logGet(46)) - raft.server.write.element-limit = 1024 (custom)
2022-10-13 11:29:48,357 [99102043-e169-401c-83bb-bf4102350d41@group-FBB80062E162-LeaderElection36] INFO  server.RaftServerConfigKeys (ConfUtils.java:logGet(46)) - raft.server.write.follower.gap.ratio.max = -1.0 (default)
2022-10-13 11:29:48,357 [99102043-e169-401c-83bb-bf4102350d41@group-FBB80062E162-LeaderElection36] INFO  impl.RoleInfo (RoleInfo.java:updateAndGet(139)) - 99102043-e169-401c-83bb-bf4102350d41: start 99102043-e169-401c-83bb-bf4102350d41@group-FBB80062E162-LeaderStateImpl
2022-10-13 11:29:48,357 [99102043-e169-401c-83bb-bf4102350d41@group-FBB80062E162-LeaderElection36] INFO  segmented.SegmentedRaftLogWorker (SegmentedRaftLogWorker.java:startLogSegment(425)) - 99102043-e169-401c-83bb-bf4102350d41@group-FBB80062E162-SegmentedRaftLogWorker: Starting segment from index:0
2022-10-13 11:29:48,365 [99102043-e169-401c-83bb-bf4102350d41@group-FBB80062E162-SegmentedRaftLogWorker] INFO  segmented.SegmentedRaftLogWorker (SegmentedRaftLogWorker.java:execute(629)) - 99102043-e169-401c-83bb-bf4102350d41@group-FBB80062E162-SegmentedRaftLogWorker: created new log segment /home/runner/work/ozone/ozone/hadoop-ozone/integration-test/target/test-dir/MiniOzoneClusterImpl-900e8113-aac4-448a-a9d6-76244602bcf4/datanode-2/data/ratis/d2a7d859-9318-4789-a2b8-fbb80062e162/current/log_inprogress_0
2022-10-13 11:29:48,366 [99102043-e169-401c-83bb-bf4102350d41@group-FBB80062E162-LeaderElection36] INFO  server.RaftServer$Division (ServerState.java:setRaftConf(393)) - 99102043-e169-401c-83bb-bf4102350d41@group-FBB80062E162: set configuration 0: [99102043-e169-401c-83bb-bf4102350d41|rpc:10.1.0.139:39239|dataStream:|priority:1], old=null
2022-10-13 11:29:49,251 [Listener at 127.0.0.1/37531] INFO  ozone.MiniOzoneClusterImpl (MiniOzoneClusterImpl.java:lambda$waitForClusterToBeReady$0(216)) - Nodes are ready. Got 3 of 3 DN Heartbeats.
2022-10-13 11:29:49,252 [Listener at 127.0.0.1/37531] INFO  ozone.MiniOzoneClusterImpl (MiniOzoneClusterImpl.java:lambda$waitForClusterToBeReady$0(219)) - Waiting for cluster to exit safe mode
2022-10-13 11:29:49,252 [Listener at 127.0.0.1/37531] INFO  ozone.MiniOzoneClusterImpl (MiniOzoneClusterImpl.java:lambda$waitForClusterToBeReady$0(221)) - SCM became leader
2022-10-13 11:29:50,252 [Listener at 127.0.0.1/37531] INFO  ozone.MiniOzoneClusterImpl (MiniOzoneClusterImpl.java:lambda$waitForClusterToBeReady$0(216)) - Nodes are ready. Got 3 of 3 DN Heartbeats.
2022-10-13 11:29:50,252 [Listener at 127.0.0.1/37531] INFO  ozone.MiniOzoneClusterImpl (MiniOzoneClusterImpl.java:lambda$waitForClusterToBeReady$0(219)) - Waiting for cluster to exit safe mode
2022-10-13 11:29:50,252 [Listener at 127.0.0.1/37531] INFO  ozone.MiniOzoneClusterImpl (MiniOzoneClusterImpl.java:lambda$waitForClusterToBeReady$0(221)) - SCM became leader
2022-10-13 11:29:51,253 [Listener at 127.0.0.1/37531] INFO  ozone.MiniOzoneClusterImpl (MiniOzoneClusterImpl.java:lambda$waitForClusterToBeReady$0(216)) - Nodes are ready. Got 3 of 3 DN Heartbeats.
2022-10-13 11:29:51,253 [Listener at 127.0.0.1/37531] INFO  ozone.MiniOzoneClusterImpl (MiniOzoneClusterImpl.java:lambda$waitForClusterToBeReady$0(219)) - Waiting for cluster to exit safe mode
2022-10-13 11:29:51,253 [Listener at 127.0.0.1/37531] INFO  ozone.MiniOzoneClusterImpl (MiniOzoneClusterImpl.java:lambda$waitForClusterToBeReady$0(221)) - SCM became leader
2022-10-13 11:29:52,253 [Listener at 127.0.0.1/37531] INFO  ozone.MiniOzoneClusterImpl (MiniOzoneClusterImpl.java:lambda$waitForClusterToBeReady$0(216)) - Nodes are ready. Got 3 of 3 DN Heartbeats.
2022-10-13 11:29:52,254 [Listener at 127.0.0.1/37531] INFO  ozone.MiniOzoneClusterImpl (MiniOzoneClusterImpl.java:lambda$waitForClusterToBeReady$0(219)) - Waiting for cluster to exit safe mode
2022-10-13 11:29:52,254 [Listener at 127.0.0.1/37531] INFO  ozone.MiniOzoneClusterImpl (MiniOzoneClusterImpl.java:lambda$waitForClusterToBeReady$0(221)) - SCM became leader
2022-10-13 11:29:52,782 [a77fef8e-fdb1-4318-93ee-d092ca05aa64@group-14FCDCEDD760-FollowerState] INFO  impl.FollowerState (FollowerState.java:run(143)) - a77fef8e-fdb1-4318-93ee-d092ca05aa64@group-14FCDCEDD760-FollowerState: change to CANDIDATE, lastRpcElapsedTime:5004311637ns, electionTimeout:5004ms
2022-10-13 11:29:52,782 [a77fef8e-fdb1-4318-93ee-d092ca05aa64@group-14FCDCEDD760-FollowerState] INFO  impl.RoleInfo (RoleInfo.java:shutdownFollowerState(110)) - a77fef8e-fdb1-4318-93ee-d092ca05aa64: shutdown a77fef8e-fdb1-4318-93ee-d092ca05aa64@group-14FCDCEDD760-FollowerState
2022-10-13 11:29:52,782 [a77fef8e-fdb1-4318-93ee-d092ca05aa64@group-14FCDCEDD760-FollowerState] INFO  server.RaftServer$Division (RaftServerImpl.java:setRole(299)) - a77fef8e-fdb1-4318-93ee-d092ca05aa64@group-14FCDCEDD760: changes role from  FOLLOWER to CANDIDATE at term 1 for changeToCandidate
2022-10-13 11:29:52,782 [a77fef8e-fdb1-4318-93ee-d092ca05aa64@group-14FCDCEDD760-FollowerState] INFO  server.RaftServerConfigKeys (ConfUtils.java:logGet(46)) - raft.server.leaderelection.pre-vote = false (custom)
2022-10-13 11:29:52,782 [a77fef8e-fdb1-4318-93ee-d092ca05aa64@group-14FCDCEDD760-FollowerState] INFO  impl.RoleInfo (RoleInfo.java:updateAndGet(139)) - a77fef8e-fdb1-4318-93ee-d092ca05aa64: start a77fef8e-fdb1-4318-93ee-d092ca05aa64@group-14FCDCEDD760-LeaderElection37
2022-10-13 11:29:52,786 [a77fef8e-fdb1-4318-93ee-d092ca05aa64@group-14FCDCEDD760-LeaderElection37] INFO  impl.LeaderElection (LeaderElection.java:askForVotes(310)) - a77fef8e-fdb1-4318-93ee-d092ca05aa64@group-14FCDCEDD760-LeaderElection37 ELECTION round 0: submit vote requests at term 2 for -1: [99102043-e169-401c-83bb-bf4102350d41|rpc:10.1.0.139:39239|dataStream:|priority:1, a77fef8e-fdb1-4318-93ee-d092ca05aa64|rpc:10.1.0.139:41225|dataStream:|priority:0, 5434c52c-ef5a-4936-a116-7fd551384221|rpc:10.1.0.139:44247|dataStream:|priority:0], old=null
2022-10-13 11:29:52,787 [5434c52c-ef5a-4936-a116-7fd551384221@group-30397A6AD897-FollowerState] INFO  impl.FollowerState (FollowerState.java:run(143)) - 5434c52c-ef5a-4936-a116-7fd551384221@group-30397A6AD897-FollowerState: change to CANDIDATE, lastRpcElapsedTime:5064621234ns, electionTimeout:5064ms
2022-10-13 11:29:52,787 [5434c52c-ef5a-4936-a116-7fd551384221@group-30397A6AD897-FollowerState] INFO  impl.RoleInfo (RoleInfo.java:shutdownFollowerState(110)) - 5434c52c-ef5a-4936-a116-7fd551384221: shutdown 5434c52c-ef5a-4936-a116-7fd551384221@group-30397A6AD897-FollowerState
2022-10-13 11:29:52,787 [5434c52c-ef5a-4936-a116-7fd551384221@group-30397A6AD897-FollowerState] INFO  server.RaftServer$Division (RaftServerImpl.java:setRole(299)) - 5434c52c-ef5a-4936-a116-7fd551384221@group-30397A6AD897: changes role from  FOLLOWER to CANDIDATE at term 1 for changeToCandidate
2022-10-13 11:29:52,787 [5434c52c-ef5a-4936-a116-7fd551384221@group-30397A6AD897-FollowerState] INFO  server.RaftServerConfigKeys (ConfUtils.java:logGet(46)) - raft.server.leaderelection.pre-vote = false (custom)
2022-10-13 11:29:52,787 [5434c52c-ef5a-4936-a116-7fd551384221@group-30397A6AD897-FollowerState] INFO  impl.RoleInfo (RoleInfo.java:updateAndGet(139)) - 5434c52c-ef5a-4936-a116-7fd551384221: start 5434c52c-ef5a-4936-a116-7fd551384221@group-30397A6AD897-LeaderElection38
2022-10-13 11:29:52,806 [grpc-default-executor-0] INFO  server.RaftServer$Division (RaftServerImpl.java:requestVote(1152)) - 99102043-e169-401c-83bb-bf4102350d41@group-14FCDCEDD760: receive requestVote(ELECTION, a77fef8e-fdb1-4318-93ee-d092ca05aa64, group-14FCDCEDD760, 2, (t:0, i:0))
2022-10-13 11:29:52,806 [grpc-default-executor-1] INFO  server.RaftServer$Division (RaftServerImpl.java:requestVote(1152)) - 5434c52c-ef5a-4936-a116-7fd551384221@group-14FCDCEDD760: receive requestVote(ELECTION, a77fef8e-fdb1-4318-93ee-d092ca05aa64, group-14FCDCEDD760, 2, (t:0, i:0))
2022-10-13 11:29:52,806 [grpc-default-executor-1] INFO  impl.VoteContext (VoteContext.java:log(48)) - 5434c52c-ef5a-4936-a116-7fd551384221@group-14FCDCEDD760-FOLLOWER: accept ELECTION from a77fef8e-fdb1-4318-93ee-d092ca05aa64: our priority 0 <= candidate's priority 0
2022-10-13 11:29:52,806 [grpc-default-executor-1] INFO  server.RaftServer$Division (RaftServerImpl.java:setRole(299)) - 5434c52c-ef5a-4936-a116-7fd551384221@group-14FCDCEDD760: changes role from  FOLLOWER to FOLLOWER at term 2 for candidate:a77fef8e-fdb1-4318-93ee-d092ca05aa64
2022-10-13 11:29:52,806 [grpc-default-executor-1] INFO  impl.RoleInfo (RoleInfo.java:shutdownFollowerState(110)) - 5434c52c-ef5a-4936-a116-7fd551384221: shutdown 5434c52c-ef5a-4936-a116-7fd551384221@group-14FCDCEDD760-FollowerState
2022-10-13 11:29:52,806 [grpc-default-executor-1] INFO  impl.RoleInfo (RoleInfo.java:updateAndGet(139)) - 5434c52c-ef5a-4936-a116-7fd551384221: start 5434c52c-ef5a-4936-a116-7fd551384221@group-14FCDCEDD760-FollowerState
2022-10-13 11:29:52,806 [5434c52c-ef5a-4936-a116-7fd551384221@group-14FCDCEDD760-FollowerState] INFO  impl.FollowerState (FollowerState.java:run(152)) - 5434c52c-ef5a-4936-a116-7fd551384221@group-14FCDCEDD760-FollowerState was interrupted
2022-10-13 11:29:52,807 [5434c52c-ef5a-4936-a116-7fd551384221@group-30397A6AD897-LeaderElection38] INFO  impl.LeaderElection (LeaderElection.java:askForVotes(310)) - 5434c52c-ef5a-4936-a116-7fd551384221@group-30397A6AD897-LeaderElection38 ELECTION round 0: submit vote requests at term 2 for -1: [99102043-e169-401c-83bb-bf4102350d41|rpc:10.1.0.139:39239|priority:0, a77fef8e-fdb1-4318-93ee-d092ca05aa64|rpc:10.1.0.139:41225|priority:1, 5434c52c-ef5a-4936-a116-7fd551384221|rpc:10.1.0.139:44247|priority:0], old=null
2022-10-13 11:29:52,810 [grpc-default-executor-1] INFO  server.RaftServer$Division (RaftServerImpl.java:requestVote(1184)) - 5434c52c-ef5a-4936-a116-7fd551384221@group-14FCDCEDD760 replies to ELECTION vote request: a77fef8e-fdb1-4318-93ee-d092ca05aa64<-5434c52c-ef5a-4936-a116-7fd551384221#0:OK-t2. Peer's state: 5434c52c-ef5a-4936-a116-7fd551384221@group-14FCDCEDD760:t2, leader=null, voted=a77fef8e-fdb1-4318-93ee-d092ca05aa64, raftlog=5434c52c-ef5a-4936-a116-7fd551384221@group-14FCDCEDD760-SegmentedRaftLog:OPENED:c-1, conf=-1: [99102043-e169-401c-83bb-bf4102350d41|rpc:10.1.0.139:39239|priority:1, a77fef8e-fdb1-4318-93ee-d092ca05aa64|rpc:10.1.0.139:41225|priority:0, 5434c52c-ef5a-4936-a116-7fd551384221|rpc:10.1.0.139:44247|priority:0], old=null
2022-10-13 11:29:52,813 [grpc-default-executor-0] INFO  impl.VoteContext (VoteContext.java:log(48)) - 99102043-e169-401c-83bb-bf4102350d41@group-14FCDCEDD760-FOLLOWER: reject ELECTION from a77fef8e-fdb1-4318-93ee-d092ca05aa64: our priority 1 > candidate's priority 0
2022-10-13 11:29:52,814 [grpc-default-executor-0] INFO  server.RaftServer$Division (RaftServerImpl.java:setRole(299)) - 99102043-e169-401c-83bb-bf4102350d41@group-14FCDCEDD760: changes role from  FOLLOWER to FOLLOWER at term 2 for candidate:a77fef8e-fdb1-4318-93ee-d092ca05aa64
2022-10-13 11:29:52,814 [grpc-default-executor-0] INFO  impl.RoleInfo (RoleInfo.java:shutdownFollowerState(110)) - 99102043-e169-401c-83bb-bf4102350d41: shutdown 99102043-e169-401c-83bb-bf4102350d41@group-14FCDCEDD760-FollowerState
2022-10-13 11:29:52,814 [grpc-default-executor-0] INFO  impl.RoleInfo (RoleInfo.java:updateAndGet(139)) - 99102043-e169-401c-83bb-bf4102350d41: start 99102043-e169-401c-83bb-bf4102350d41@group-14FCDCEDD760-FollowerState
2022-10-13 11:29:52,814 [99102043-e169-401c-83bb-bf4102350d41@group-14FCDCEDD760-FollowerState] INFO  impl.FollowerState (FollowerState.java:run(152)) - 99102043-e169-401c-83bb-bf4102350d41@group-14FCDCEDD760-FollowerState was interrupted
2022-10-13 11:29:52,818 [99102043-e169-401c-83bb-bf4102350d41@group-30397A6AD897-FollowerState] INFO  impl.FollowerState (FollowerState.java:run(143)) - 99102043-e169-401c-83bb-bf4102350d41@group-30397A6AD897-FollowerState: change to CANDIDATE, lastRpcElapsedTime:5107633800ns, electionTimeout:5101ms
2022-10-13 11:29:52,818 [99102043-e169-401c-83bb-bf4102350d41@group-30397A6AD897-FollowerState] INFO  impl.RoleInfo (RoleInfo.java:shutdownFollowerState(110)) - 99102043-e169-401c-83bb-bf4102350d41: shutdown 99102043-e169-401c-83bb-bf4102350d41@group-30397A6AD897-FollowerState
2022-10-13 11:29:52,818 [99102043-e169-401c-83bb-bf4102350d41@group-30397A6AD897-FollowerState] INFO  server.RaftServer$Division (RaftServerImpl.java:setRole(299)) - 99102043-e169-401c-83bb-bf4102350d41@group-30397A6AD897: changes role from  FOLLOWER to CANDIDATE at term 1 for changeToCandidate
2022-10-13 11:29:52,818 [grpc-default-executor-0] INFO  server.RaftServer$Division (RaftServerImpl.java:requestVote(1184)) - 99102043-e169-401c-83bb-bf4102350d41@group-14FCDCEDD760 replies to ELECTION vote request: a77fef8e-fdb1-4318-93ee-d092ca05aa64<-99102043-e169-401c-83bb-bf4102350d41#0:FAIL-t2. Peer's state: 99102043-e169-401c-83bb-bf4102350d41@group-14FCDCEDD760:t2, leader=null, voted=null, raftlog=99102043-e169-401c-83bb-bf4102350d41@group-14FCDCEDD760-SegmentedRaftLog:OPENED:c-1, conf=-1: [99102043-e169-401c-83bb-bf4102350d41|rpc:10.1.0.139:39239|dataStream:|priority:1, a77fef8e-fdb1-4318-93ee-d092ca05aa64|rpc:10.1.0.139:41225|dataStream:|priority:0, 5434c52c-ef5a-4936-a116-7fd551384221|rpc:10.1.0.139:44247|dataStream:|priority:0], old=null
2022-10-13 11:29:52,818 [99102043-e169-401c-83bb-bf4102350d41@group-30397A6AD897-FollowerState] INFO  server.RaftServerConfigKeys (ConfUtils.java:logGet(46)) - raft.server.leaderelection.pre-vote = false (custom)
2022-10-13 11:29:52,821 [99102043-e169-401c-83bb-bf4102350d41@group-30397A6AD897-FollowerState] INFO  impl.RoleInfo (RoleInfo.java:updateAndGet(139)) - 99102043-e169-401c-83bb-bf4102350d41: start 99102043-e169-401c-83bb-bf4102350d41@group-30397A6AD897-LeaderElection39
2022-10-13 11:29:52,821 [a77fef8e-fdb1-4318-93ee-d092ca05aa64@group-14FCDCEDD760-LeaderElection37] INFO  impl.LeaderElection (LeaderElection.java:logAndReturn(90)) - a77fef8e-fdb1-4318-93ee-d092ca05aa64@group-14FCDCEDD760-LeaderElection37: ELECTION REJECTED received 2 response(s) and 0 exception(s):
2022-10-13 11:29:52,821 [a77fef8e-fdb1-4318-93ee-d092ca05aa64@group-14FCDCEDD760-LeaderElection37] INFO  impl.LeaderElection (LeaderElection.java:logAndReturn(94)) -   Response 0: a77fef8e-fdb1-4318-93ee-d092ca05aa64<-99102043-e169-401c-83bb-bf4102350d41#0:FAIL-t2
2022-10-13 11:29:52,821 [a77fef8e-fdb1-4318-93ee-d092ca05aa64@group-14FCDCEDD760-LeaderElection37] INFO  impl.LeaderElection (LeaderElection.java:logAndReturn(94)) -   Response 1: a77fef8e-fdb1-4318-93ee-d092ca05aa64<-5434c52c-ef5a-4936-a116-7fd551384221#0:OK-t2
2022-10-13 11:29:52,826 [a77fef8e-fdb1-4318-93ee-d092ca05aa64@group-14FCDCEDD760-LeaderElection37] INFO  impl.LeaderElection (LeaderElection.java:askForVotes(312)) - a77fef8e-fdb1-4318-93ee-d092ca05aa64@group-14FCDCEDD760-LeaderElection37 ELECTION round 0: result REJECTED
2022-10-13 11:29:52,826 [grpc-default-executor-1] INFO  server.RaftServer$Division (RaftServerImpl.java:requestVote(1152)) - 99102043-e169-401c-83bb-bf4102350d41@group-30397A6AD897: receive requestVote(ELECTION, 5434c52c-ef5a-4936-a116-7fd551384221, group-30397A6AD897, 2, (t:0, i:0))
2022-10-13 11:29:52,826 [grpc-default-executor-1] INFO  impl.VoteContext (VoteContext.java:log(48)) - 99102043-e169-401c-83bb-bf4102350d41@group-30397A6AD897-CANDIDATE: accept ELECTION from 5434c52c-ef5a-4936-a116-7fd551384221: our priority 0 <= candidate's priority 0
2022-10-13 11:29:52,826 [grpc-default-executor-1] INFO  server.RaftServer$Division (RaftServerImpl.java:setRole(299)) - 99102043-e169-401c-83bb-bf4102350d41@group-30397A6AD897: changes role from CANDIDATE to FOLLOWER at term 2 for candidate:5434c52c-ef5a-4936-a116-7fd551384221
2022-10-13 11:29:52,826 [grpc-default-executor-1] INFO  impl.RoleInfo (RoleInfo.java:shutdownLeaderElection(130)) - 99102043-e169-401c-83bb-bf4102350d41: shutdown 99102043-e169-401c-83bb-bf4102350d41@group-30397A6AD897-LeaderElection39
2022-10-13 11:29:52,826 [grpc-default-executor-1] INFO  impl.RoleInfo (RoleInfo.java:updateAndGet(139)) - 99102043-e169-401c-83bb-bf4102350d41: start 99102043-e169-401c-83bb-bf4102350d41@group-30397A6AD897-FollowerState
2022-10-13 11:29:52,826 [a77fef8e-fdb1-4318-93ee-d092ca05aa64@group-14FCDCEDD760-LeaderElection37] INFO  server.RaftServer$Division (RaftServerImpl.java:setRole(299)) - a77fef8e-fdb1-4318-93ee-d092ca05aa64@group-14FCDCEDD760: changes role from CANDIDATE to FOLLOWER at term 2 for REJECTED
2022-10-13 11:29:52,826 [a77fef8e-fdb1-4318-93ee-d092ca05aa64@group-14FCDCEDD760-LeaderElection37] INFO  impl.RoleInfo (RoleInfo.java:shutdownLeaderElection(130)) - a77fef8e-fdb1-4318-93ee-d092ca05aa64: shutdown a77fef8e-fdb1-4318-93ee-d092ca05aa64@group-14FCDCEDD760-LeaderElection37
2022-10-13 11:29:52,827 [a77fef8e-fdb1-4318-93ee-d092ca05aa64@group-14FCDCEDD760-LeaderElection37] INFO  impl.RoleInfo (RoleInfo.java:updateAndGet(139)) - a77fef8e-fdb1-4318-93ee-d092ca05aa64: start a77fef8e-fdb1-4318-93ee-d092ca05aa64@group-14FCDCEDD760-FollowerState
2022-10-13 11:29:52,828 [grpc-default-executor-1] INFO  server.RaftServer$Division (RaftServerImpl.java:requestVote(1184)) - 99102043-e169-401c-83bb-bf4102350d41@group-30397A6AD897 replies to ELECTION vote request: 5434c52c-ef5a-4936-a116-7fd551384221<-99102043-e169-401c-83bb-bf4102350d41#0:OK-t2. Peer's state: 99102043-e169-401c-83bb-bf4102350d41@group-30397A6AD897:t2, leader=null, voted=5434c52c-ef5a-4936-a116-7fd551384221, raftlog=99102043-e169-401c-83bb-bf4102350d41@group-30397A6AD897-SegmentedRaftLog:OPENED:c-1, conf=-1: [99102043-e169-401c-83bb-bf4102350d41|rpc:10.1.0.139:39239|dataStream:|priority:0, a77fef8e-fdb1-4318-93ee-d092ca05aa64|rpc:10.1.0.139:41225|dataStream:|priority:1, 5434c52c-ef5a-4936-a116-7fd551384221|rpc:10.1.0.139:44247|dataStream:|priority:0], old=null
2022-10-13 11:29:52,830 [99102043-e169-401c-83bb-bf4102350d41@group-30397A6AD897-LeaderElection39] INFO  impl.LeaderElection (LeaderElection.java:run(231)) - 99102043-e169-401c-83bb-bf4102350d41@group-30397A6AD897-LeaderElection39: skip running since this is already CLOSING
2022-10-13 11:29:52,830 [grpc-default-executor-0] INFO  server.RaftServer$Division (RaftServerImpl.java:requestVote(1152)) - a77fef8e-fdb1-4318-93ee-d092ca05aa64@group-30397A6AD897: receive requestVote(ELECTION, 5434c52c-ef5a-4936-a116-7fd551384221, group-30397A6AD897, 2, (t:0, i:0))
2022-10-13 11:29:52,830 [grpc-default-executor-0] INFO  impl.VoteContext (VoteContext.java:log(48)) - a77fef8e-fdb1-4318-93ee-d092ca05aa64@group-30397A6AD897-FOLLOWER: reject ELECTION from 5434c52c-ef5a-4936-a116-7fd551384221: our priority 1 > candidate's priority 0
2022-10-13 11:29:52,830 [grpc-default-executor-0] INFO  server.RaftServer$Division (RaftServerImpl.java:setRole(299)) - a77fef8e-fdb1-4318-93ee-d092ca05aa64@group-30397A6AD897: changes role from  FOLLOWER to FOLLOWER at term 2 for candidate:5434c52c-ef5a-4936-a116-7fd551384221
2022-10-13 11:29:52,830 [grpc-default-executor-0] INFO  impl.RoleInfo (RoleInfo.java:shutdownFollowerState(110)) - a77fef8e-fdb1-4318-93ee-d092ca05aa64: shutdown a77fef8e-fdb1-4318-93ee-d092ca05aa64@group-30397A6AD897-FollowerState
2022-10-13 11:29:52,830 [grpc-default-executor-0] INFO  impl.RoleInfo (RoleInfo.java:updateAndGet(139)) - a77fef8e-fdb1-4318-93ee-d092ca05aa64: start a77fef8e-fdb1-4318-93ee-d092ca05aa64@group-30397A6AD897-FollowerState
2022-10-13 11:29:52,830 [a77fef8e-fdb1-4318-93ee-d092ca05aa64@group-30397A6AD897-FollowerState] INFO  impl.FollowerState (FollowerState.java:run(152)) - a77fef8e-fdb1-4318-93ee-d092ca05aa64@group-30397A6AD897-FollowerState was interrupted
2022-10-13 11:29:52,834 [grpc-default-executor-0] INFO  server.RaftServer$Division (RaftServerImpl.java:requestVote(1184)) - a77fef8e-fdb1-4318-93ee-d092ca05aa64@group-30397A6AD897 replies to ELECTION vote request: 5434c52c-ef5a-4936-a116-7fd551384221<-a77fef8e-fdb1-4318-93ee-d092ca05aa64#0:FAIL-t2. Peer's state: a77fef8e-fdb1-4318-93ee-d092ca05aa64@group-30397A6AD897:t2, leader=null, voted=null, raftlog=a77fef8e-fdb1-4318-93ee-d092ca05aa64@group-30397A6AD897-SegmentedRaftLog:OPENED:c-1, conf=-1: [99102043-e169-401c-83bb-bf4102350d41|rpc:10.1.0.139:39239|dataStream:|priority:0, a77fef8e-fdb1-4318-93ee-d092ca05aa64|rpc:10.1.0.139:41225|dataStream:|priority:1, 5434c52c-ef5a-4936-a116-7fd551384221|rpc:10.1.0.139:44247|dataStream:|priority:0], old=null
2022-10-13 11:29:52,835 [5434c52c-ef5a-4936-a116-7fd551384221@group-30397A6AD897-LeaderElection38] INFO  impl.LeaderElection (LeaderElection.java:logAndReturn(90)) - 5434c52c-ef5a-4936-a116-7fd551384221@group-30397A6AD897-LeaderElection38: ELECTION REJECTED received 2 response(s) and 0 exception(s):
2022-10-13 11:29:52,835 [5434c52c-ef5a-4936-a116-7fd551384221@group-30397A6AD897-LeaderElection38] INFO  impl.LeaderElection (LeaderElection.java:logAndReturn(94)) -   Response 0: 5434c52c-ef5a-4936-a116-7fd551384221<-99102043-e169-401c-83bb-bf4102350d41#0:OK-t2
2022-10-13 11:29:52,835 [5434c52c-ef5a-4936-a116-7fd551384221@group-30397A6AD897-LeaderElection38] INFO  impl.LeaderElection (LeaderElection.java:logAndReturn(94)) -   Response 1: 5434c52c-ef5a-4936-a116-7fd551384221<-a77fef8e-fdb1-4318-93ee-d092ca05aa64#0:FAIL-t2
2022-10-13 11:29:52,835 [5434c52c-ef5a-4936-a116-7fd551384221@group-30397A6AD897-LeaderElection38] INFO  impl.LeaderElection (LeaderElection.java:askForVotes(312)) - 5434c52c-ef5a-4936-a116-7fd551384221@group-30397A6AD897-LeaderElection38 ELECTION round 0: result REJECTED
2022-10-13 11:29:52,835 [5434c52c-ef5a-4936-a116-7fd551384221@group-30397A6AD897-LeaderElection38] INFO  server.RaftServer$Division (RaftServerImpl.java:setRole(299)) - 5434c52c-ef5a-4936-a116-7fd551384221@group-30397A6AD897: changes role from CANDIDATE to FOLLOWER at term 2 for REJECTED
2022-10-13 11:29:52,835 [5434c52c-ef5a-4936-a116-7fd551384221@group-30397A6AD897-LeaderElection38] INFO  impl.RoleInfo (RoleInfo.java:shutdownLeaderElection(130)) - 5434c52c-ef5a-4936-a116-7fd551384221: shutdown 5434c52c-ef5a-4936-a116-7fd551384221@group-30397A6AD897-LeaderElection38
2022-10-13 11:29:52,835 [5434c52c-ef5a-4936-a116-7fd551384221@group-30397A6AD897-LeaderElection38] INFO  impl.RoleInfo (RoleInfo.java:updateAndGet(139)) - 5434c52c-ef5a-4936-a116-7fd551384221: start 5434c52c-ef5a-4936-a116-7fd551384221@group-30397A6AD897-FollowerState
2022-10-13 11:29:53,254 [Listener at 127.0.0.1/37531] INFO  ozone.MiniOzoneClusterImpl (MiniOzoneClusterImpl.java:lambda$waitForClusterToBeReady$0(216)) - Nodes are ready. Got 3 of 3 DN Heartbeats.
2022-10-13 11:29:53,254 [Listener at 127.0.0.1/37531] INFO  ozone.MiniOzoneClusterImpl (MiniOzoneClusterImpl.java:lambda$waitForClusterToBeReady$0(219)) - Waiting for cluster to exit safe mode
2022-10-13 11:29:53,254 [Listener at 127.0.0.1/37531] INFO  ozone.MiniOzoneClusterImpl (MiniOzoneClusterImpl.java:lambda$waitForClusterToBeReady$0(221)) - SCM became leader
2022-10-13 11:29:54,255 [Listener at 127.0.0.1/37531] INFO  ozone.MiniOzoneClusterImpl (MiniOzoneClusterImpl.java:lambda$waitForClusterToBeReady$0(216)) - Nodes are ready. Got 3 of 3 DN Heartbeats.
2022-10-13 11:29:54,255 [Listener at 127.0.0.1/37531] INFO  ozone.MiniOzoneClusterImpl (MiniOzoneClusterImpl.java:lambda$waitForClusterToBeReady$0(219)) - Waiting for cluster to exit safe mode
2022-10-13 11:29:54,255 [Listener at 127.0.0.1/37531] INFO  ozone.MiniOzoneClusterImpl (MiniOzoneClusterImpl.java:lambda$waitForClusterToBeReady$0(221)) - SCM became leader
2022-10-13 11:29:55,255 [Listener at 127.0.0.1/37531] INFO  ozone.MiniOzoneClusterImpl (MiniOzoneClusterImpl.java:lambda$waitForClusterToBeReady$0(216)) - Nodes are ready. Got 3 of 3 DN Heartbeats.
2022-10-13 11:29:55,256 [Listener at 127.0.0.1/37531] INFO  ozone.MiniOzoneClusterImpl (MiniOzoneClusterImpl.java:lambda$waitForClusterToBeReady$0(219)) - Waiting for cluster to exit safe mode
2022-10-13 11:29:55,256 [Listener at 127.0.0.1/37531] INFO  ozone.MiniOzoneClusterImpl (MiniOzoneClusterImpl.java:lambda$waitForClusterToBeReady$0(221)) - SCM became leader
2022-10-13 11:29:56,256 [Listener at 127.0.0.1/37531] INFO  ozone.MiniOzoneClusterImpl (MiniOzoneClusterImpl.java:lambda$waitForClusterToBeReady$0(216)) - Nodes are ready. Got 3 of 3 DN Heartbeats.
2022-10-13 11:29:56,256 [Listener at 127.0.0.1/37531] INFO  ozone.MiniOzoneClusterImpl (MiniOzoneClusterImpl.java:lambda$waitForClusterToBeReady$0(219)) - Waiting for cluster to exit safe mode
2022-10-13 11:29:56,256 [Listener at 127.0.0.1/37531] INFO  ozone.MiniOzoneClusterImpl (MiniOzoneClusterImpl.java:lambda$waitForClusterToBeReady$0(221)) - SCM became leader
2022-10-13 11:29:57,257 [Listener at 127.0.0.1/37531] INFO  ozone.MiniOzoneClusterImpl (MiniOzoneClusterImpl.java:lambda$waitForClusterToBeReady$0(216)) - Nodes are ready. Got 3 of 3 DN Heartbeats.
2022-10-13 11:29:57,257 [Listener at 127.0.0.1/37531] INFO  ozone.MiniOzoneClusterImpl (MiniOzoneClusterImpl.java:lambda$waitForClusterToBeReady$0(219)) - Waiting for cluster to exit safe mode
2022-10-13 11:29:57,257 [Listener at 127.0.0.1/37531] INFO  ozone.MiniOzoneClusterImpl (MiniOzoneClusterImpl.java:lambda$waitForClusterToBeReady$0(221)) - SCM became leader
2022-10-13 11:29:57,847 [a77fef8e-fdb1-4318-93ee-d092ca05aa64@group-30397A6AD897-FollowerState] INFO  impl.FollowerState (FollowerState.java:run(143)) - a77fef8e-fdb1-4318-93ee-d092ca05aa64@group-30397A6AD897-FollowerState: change to CANDIDATE, lastRpcElapsedTime:5016987774ns, electionTimeout:5005ms
2022-10-13 11:29:57,847 [a77fef8e-fdb1-4318-93ee-d092ca05aa64@group-30397A6AD897-FollowerState] INFO  impl.RoleInfo (RoleInfo.java:shutdownFollowerState(110)) - a77fef8e-fdb1-4318-93ee-d092ca05aa64: shutdown a77fef8e-fdb1-4318-93ee-d092ca05aa64@group-30397A6AD897-FollowerState
2022-10-13 11:29:57,848 [a77fef8e-fdb1-4318-93ee-d092ca05aa64@group-30397A6AD897-FollowerState] INFO  server.RaftServer$Division (RaftServerImpl.java:setRole(299)) - a77fef8e-fdb1-4318-93ee-d092ca05aa64@group-30397A6AD897: changes role from  FOLLOWER to CANDIDATE at term 2 for changeToCandidate
2022-10-13 11:29:57,848 [a77fef8e-fdb1-4318-93ee-d092ca05aa64@group-30397A6AD897-FollowerState] INFO  server.RaftServerConfigKeys (ConfUtils.java:logGet(46)) - raft.server.leaderelection.pre-vote = false (custom)
2022-10-13 11:29:57,848 [a77fef8e-fdb1-4318-93ee-d092ca05aa64@group-30397A6AD897-FollowerState] INFO  impl.RoleInfo (RoleInfo.java:updateAndGet(139)) - a77fef8e-fdb1-4318-93ee-d092ca05aa64: start a77fef8e-fdb1-4318-93ee-d092ca05aa64@group-30397A6AD897-LeaderElection40
2022-10-13 11:29:57,851 [a77fef8e-fdb1-4318-93ee-d092ca05aa64@group-30397A6AD897-LeaderElection40] INFO  impl.LeaderElection (LeaderElection.java:askForVotes(310)) - a77fef8e-fdb1-4318-93ee-d092ca05aa64@group-30397A6AD897-LeaderElection40 ELECTION round 0: submit vote requests at term 3 for -1: [99102043-e169-401c-83bb-bf4102350d41|rpc:10.1.0.139:39239|dataStream:|priority:0, a77fef8e-fdb1-4318-93ee-d092ca05aa64|rpc:10.1.0.139:41225|dataStream:|priority:1, 5434c52c-ef5a-4936-a116-7fd551384221|rpc:10.1.0.139:44247|dataStream:|priority:0], old=null
2022-10-13 11:29:57,855 [grpc-default-executor-0] INFO  server.RaftServer$Division (RaftServerImpl.java:requestVote(1152)) - 99102043-e169-401c-83bb-bf4102350d41@group-30397A6AD897: receive requestVote(ELECTION, a77fef8e-fdb1-4318-93ee-d092ca05aa64, group-30397A6AD897, 3, (t:0, i:0))
2022-10-13 11:29:57,855 [grpc-default-executor-0] INFO  impl.VoteContext (VoteContext.java:log(48)) - 99102043-e169-401c-83bb-bf4102350d41@group-30397A6AD897-FOLLOWER: accept ELECTION from a77fef8e-fdb1-4318-93ee-d092ca05aa64: our priority 0 <= candidate's priority 1
2022-10-13 11:29:57,856 [grpc-default-executor-0] INFO  server.RaftServer$Division (RaftServerImpl.java:setRole(299)) - 99102043-e169-401c-83bb-bf4102350d41@group-30397A6AD897: changes role from  FOLLOWER to FOLLOWER at term 3 for candidate:a77fef8e-fdb1-4318-93ee-d092ca05aa64
2022-10-13 11:29:57,856 [grpc-default-executor-0] INFO  impl.RoleInfo (RoleInfo.java:shutdownFollowerState(110)) - 99102043-e169-401c-83bb-bf4102350d41: shutdown 99102043-e169-401c-83bb-bf4102350d41@group-30397A6AD897-FollowerState
2022-10-13 11:29:57,856 [grpc-default-executor-0] INFO  impl.RoleInfo (RoleInfo.java:updateAndGet(139)) - 99102043-e169-401c-83bb-bf4102350d41: start 99102043-e169-401c-83bb-bf4102350d41@group-30397A6AD897-FollowerState
2022-10-13 11:29:57,856 [99102043-e169-401c-83bb-bf4102350d41@group-30397A6AD897-FollowerState] INFO  impl.FollowerState (FollowerState.java:run(152)) - 99102043-e169-401c-83bb-bf4102350d41@group-30397A6AD897-FollowerState was interrupted
2022-10-13 11:29:57,857 [grpc-default-executor-1] INFO  server.RaftServer$Division (RaftServerImpl.java:requestVote(1152)) - 5434c52c-ef5a-4936-a116-7fd551384221@group-30397A6AD897: receive requestVote(ELECTION, a77fef8e-fdb1-4318-93ee-d092ca05aa64, group-30397A6AD897, 3, (t:0, i:0))
2022-10-13 11:29:57,857 [grpc-default-executor-1] INFO  impl.VoteContext (VoteContext.java:log(48)) - 5434c52c-ef5a-4936-a116-7fd551384221@group-30397A6AD897-FOLLOWER: accept ELECTION from a77fef8e-fdb1-4318-93ee-d092ca05aa64: our priority 0 <= candidate's priority 1
2022-10-13 11:29:57,857 [grpc-default-executor-1] INFO  server.RaftServer$Division (RaftServerImpl.java:setRole(299)) - 5434c52c-ef5a-4936-a116-7fd551384221@group-30397A6AD897: changes role from  FOLLOWER to FOLLOWER at term 3 for candidate:a77fef8e-fdb1-4318-93ee-d092ca05aa64
2022-10-13 11:29:57,857 [grpc-default-executor-1] INFO  impl.RoleInfo (RoleInfo.java:shutdownFollowerState(110)) - 5434c52c-ef5a-4936-a116-7fd551384221: shutdown 5434c52c-ef5a-4936-a116-7fd551384221@group-30397A6AD897-FollowerState
2022-10-13 11:29:57,857 [grpc-default-executor-1] INFO  impl.RoleInfo (RoleInfo.java:updateAndGet(139)) - 5434c52c-ef5a-4936-a116-7fd551384221: start 5434c52c-ef5a-4936-a116-7fd551384221@group-30397A6AD897-FollowerState
2022-10-13 11:29:57,857 [5434c52c-ef5a-4936-a116-7fd551384221@group-30397A6AD897-FollowerState] INFO  impl.FollowerState (FollowerState.java:run(152)) - 5434c52c-ef5a-4936-a116-7fd551384221@group-30397A6AD897-FollowerState was interrupted
2022-10-13 11:29:57,858 [grpc-default-executor-0] INFO  server.RaftServer$Division (RaftServerImpl.java:requestVote(1184)) - 99102043-e169-401c-83bb-bf4102350d41@group-30397A6AD897 replies to ELECTION vote request: a77fef8e-fdb1-4318-93ee-d092ca05aa64<-99102043-e169-401c-83bb-bf4102350d41#0:OK-t3. Peer's state: 99102043-e169-401c-83bb-bf4102350d41@group-30397A6AD897:t3, leader=null, voted=a77fef8e-fdb1-4318-93ee-d092ca05aa64, raftlog=99102043-e169-401c-83bb-bf4102350d41@group-30397A6AD897-SegmentedRaftLog:OPENED:c-1, conf=-1: [99102043-e169-401c-83bb-bf4102350d41|rpc:10.1.0.139:39239|dataStream:|priority:0, a77fef8e-fdb1-4318-93ee-d092ca05aa64|rpc:10.1.0.139:41225|dataStream:|priority:1, 5434c52c-ef5a-4936-a116-7fd551384221|rpc:10.1.0.139:44247|dataStream:|priority:0], old=null
2022-10-13 11:29:57,862 [a77fef8e-fdb1-4318-93ee-d092ca05aa64@group-30397A6AD897-LeaderElection40] INFO  impl.LeaderElection (LeaderElection.java:logAndReturn(90)) - a77fef8e-fdb1-4318-93ee-d092ca05aa64@group-30397A6AD897-LeaderElection40: ELECTION PASSED received 1 response(s) and 0 exception(s):
2022-10-13 11:29:57,862 [a77fef8e-fdb1-4318-93ee-d092ca05aa64@group-30397A6AD897-LeaderElection40] INFO  impl.LeaderElection (LeaderElection.java:logAndReturn(94)) -   Response 0: a77fef8e-fdb1-4318-93ee-d092ca05aa64<-99102043-e169-401c-83bb-bf4102350d41#0:OK-t3
2022-10-13 11:29:57,862 [a77fef8e-fdb1-4318-93ee-d092ca05aa64@group-30397A6AD897-LeaderElection40] INFO  impl.LeaderElection (LeaderElection.java:askForVotes(312)) - a77fef8e-fdb1-4318-93ee-d092ca05aa64@group-30397A6AD897-LeaderElection40 ELECTION round 0: result PASSED
2022-10-13 11:29:57,862 [a77fef8e-fdb1-4318-93ee-d092ca05aa64@group-30397A6AD897-LeaderElection40] INFO  impl.RoleInfo (RoleInfo.java:shutdownLeaderElection(130)) - a77fef8e-fdb1-4318-93ee-d092ca05aa64: shutdown a77fef8e-fdb1-4318-93ee-d092ca05aa64@group-30397A6AD897-LeaderElection40
2022-10-13 11:29:57,862 [a77fef8e-fdb1-4318-93ee-d092ca05aa64@group-30397A6AD897-LeaderElection40] INFO  server.RaftServer$Division (RaftServerImpl.java:setRole(299)) - a77fef8e-fdb1-4318-93ee-d092ca05aa64@group-30397A6AD897: changes role from CANDIDATE to LEADER at term 3 for changeToLeader
2022-10-13 11:29:57,862 [a77fef8e-fdb1-4318-93ee-d092ca05aa64@group-30397A6AD897-LeaderElection40] INFO  ratis.XceiverServerRatis (XceiverServerRatis.java:handleLeaderChangedNotification(863)) - Leader change notification received for group: group-30397A6AD897 with new leaderId: a77fef8e-fdb1-4318-93ee-d092ca05aa64
2022-10-13 11:29:57,863 [a77fef8e-fdb1-4318-93ee-d092ca05aa64@group-30397A6AD897-LeaderElection40] INFO  server.RaftServer$Division (ServerState.java:setLeader(287)) - a77fef8e-fdb1-4318-93ee-d092ca05aa64@group-30397A6AD897: change Leader from null to a77fef8e-fdb1-4318-93ee-d092ca05aa64 at term 3 for becomeLeader, leader elected after 15139ms
2022-10-13 11:29:57,863 [a77fef8e-fdb1-4318-93ee-d092ca05aa64@group-30397A6AD897-LeaderElection40] INFO  server.RaftServerConfigKeys (ConfUtils.java:logGet(46)) - raft.server.staging.catchup.gap = 1000 (default)
2022-10-13 11:29:57,864 [a77fef8e-fdb1-4318-93ee-d092ca05aa64@group-30397A6AD897-LeaderElection40] INFO  server.RaftServerConfigKeys (ConfUtils.java:logGet(46)) - raft.server.write.element-limit = 1024 (custom)
2022-10-13 11:29:57,864 [a77fef8e-fdb1-4318-93ee-d092ca05aa64@group-30397A6AD897-LeaderElection40] INFO  server.RaftServerConfigKeys (ConfUtils.java:logGet(46)) - raft.server.write.byte-limit = 1024 M (=1073741824) (custom)
2022-10-13 11:29:57,864 [a77fef8e-fdb1-4318-93ee-d092ca05aa64@group-30397A6AD897-LeaderElection40] INFO  server.RaftServerConfigKeys (ConfUtils.java:logGet(46)) - raft.server.watch.timeout = 180s (custom)
2022-10-13 11:29:57,865 [a77fef8e-fdb1-4318-93ee-d092ca05aa64@group-30397A6AD897-LeaderElection40] INFO  server.RaftServerConfigKeys (ConfUtils.java:logGet(46)) - raft.server.watch.timeout.denomination = 1s (default)
2022-10-13 11:29:57,865 [a77fef8e-fdb1-4318-93ee-d092ca05aa64@group-30397A6AD897-LeaderElection40] INFO  server.RaftServerConfigKeys (ConfUtils.java:logGet(46)) - raft.server.watch.element-limit = 65536 (default)
2022-10-13 11:29:57,865 [a77fef8e-fdb1-4318-93ee-d092ca05aa64@group-30397A6AD897-LeaderElection40] INFO  server.RaftServerConfigKeys (ConfUtils.java:logGet(46)) - raft.server.write.element-limit = 1024 (custom)
2022-10-13 11:29:57,864 [grpc-default-executor-1] INFO  server.RaftServer$Division (RaftServerImpl.java:requestVote(1184)) - 5434c52c-ef5a-4936-a116-7fd551384221@group-30397A6AD897 replies to ELECTION vote request: a77fef8e-fdb1-4318-93ee-d092ca05aa64<-5434c52c-ef5a-4936-a116-7fd551384221#0:OK-t3. Peer's state: 5434c52c-ef5a-4936-a116-7fd551384221@group-30397A6AD897:t3, leader=null, voted=a77fef8e-fdb1-4318-93ee-d092ca05aa64, raftlog=5434c52c-ef5a-4936-a116-7fd551384221@group-30397A6AD897-SegmentedRaftLog:OPENED:c-1, conf=-1: [99102043-e169-401c-83bb-bf4102350d41|rpc:10.1.0.139:39239|priority:0, a77fef8e-fdb1-4318-93ee-d092ca05aa64|rpc:10.1.0.139:41225|priority:1, 5434c52c-ef5a-4936-a116-7fd551384221|rpc:10.1.0.139:44247|priority:0], old=null
2022-10-13 11:29:57,866 [EventQueue-PipelineReportForPipelineReportHandler] INFO  pipeline.PipelineManagerImpl (PipelineManagerImpl.java:openPipeline(367)) - Pipeline Pipeline[ Id: ef7283f9-7b10-4125-8415-30397a6ad897, Nodes: 5434c52c-ef5a-4936-a116-7fd551384221{ip: 10.1.0.139, host: fv-az447-90.tnmeiuxxsqeu3byeydcnbj0j5d.dx.internal.cloudapp.net, ports: [REPLICATION=36365, RATIS=44247, RATIS_ADMIN=44247, RATIS_SERVER=44247, STANDALONE=46171], networkLocation: /default-rack, certSerialId: null, persistedOpState: IN_SERVICE, persistedOpStateExpiryEpochSec: 0}99102043-e169-401c-83bb-bf4102350d41{ip: 10.1.0.139, host: fv-az447-90.tnmeiuxxsqeu3byeydcnbj0j5d.dx.internal.cloudapp.net, ports: [REPLICATION=39905, RATIS=39239, RATIS_ADMIN=39239, RATIS_SERVER=39239, STANDALONE=40673], networkLocation: /default-rack, certSerialId: null, persistedOpState: IN_SERVICE, persistedOpStateExpiryEpochSec: 0}a77fef8e-fdb1-4318-93ee-d092ca05aa64{ip: 10.1.0.139, host: fv-az447-90.tnmeiuxxsqeu3byeydcnbj0j5d.dx.internal.cloudapp.net, ports: [REPLICATION=41919, RATIS=41225, RATIS_ADMIN=41225, RATIS_SERVER=41225, STANDALONE=45143], networkLocation: /default-rack, certSerialId: null, persistedOpState: IN_SERVICE, persistedOpStateExpiryEpochSec: 0}, ReplicationConfig: RATIS/THREE, State:ALLOCATED, leaderId:a77fef8e-fdb1-4318-93ee-d092ca05aa64, CreationTimestamp2022-10-13T11:29:40.247Z[Etc/UTC]] moved to OPEN state
2022-10-13 11:29:57,867 [EventQueue-OpenPipelineForHealthyPipelineSafeModeRule] INFO  safemode.SCMSafeModeManager (HealthyPipelineSafeModeRule.java:process(137)) - SCM in safe mode. Healthy pipelines reported count is 0, required healthy pipeline reported count is 1
2022-10-13 11:29:57,867 [EventQueue-OpenPipelineForHealthyPipelineSafeModeRule] INFO  safemode.SCMSafeModeManager (HealthyPipelineSafeModeRule.java:process(137)) - SCM in safe mode. Healthy pipelines reported count is 1, required healthy pipeline reported count is 1
2022-10-13 11:29:57,867 [EventQueue-OpenPipelineForHealthyPipelineSafeModeRule] INFO  safemode.SCMSafeModeManager (SCMSafeModeManager.java:validateSafeModeExitRules(204)) - HealthyPipelineSafeModeRule rule is successfully validated
2022-10-13 11:29:57,867 [EventQueue-OpenPipelineForHealthyPipelineSafeModeRule] INFO  safemode.SCMSafeModeManager (SCMSafeModeManager.java:validateSafeModeExitRules(219)) - ScmSafeModeManager, all rules are successfully validated
2022-10-13 11:29:57,867 [EventQueue-OpenPipelineForHealthyPipelineSafeModeRule] INFO  safemode.SCMSafeModeManager (SCMSafeModeManager.java:exitSafeMode(248)) - SCM exiting safe mode.
2022-10-13 11:29:57,867 [EventQueue-OpenPipelineForHealthyPipelineSafeModeRule] WARN  events.EventQueue (EventQueue.java:fireEvent(216)) - No event handler registered for event TypedEvent{payloadType=SafeModeStatus, name='Safe mode status'}
2022-10-13 11:29:57,867 [a77fef8e-fdb1-4318-93ee-d092ca05aa64@group-30397A6AD897-LeaderElection40] INFO  server.RaftServerConfigKeys (ConfUtils.java:logGet(46)) - raft.server.write.follower.gap.ratio.max = -1.0 (default)
2022-10-13 11:29:57,867 [EventQueue-OpenPipelineForHealthyPipelineSafeModeRule] INFO  ha.SCMContext (SCMContext.java:updateSafeModeStatus(228)) - Update SafeModeStatus from SafeModeStatus{safeModeStatus=true, preCheckPassed=true} to SafeModeStatus{safeModeStatus=false, preCheckPassed=true}.
2022-10-13 11:29:57,868 [EventQueue-OpenPipelineForHealthyPipelineSafeModeRule] INFO  pipeline.BackgroundPipelineCreator (BackgroundPipelineCreator.java:notifyStatusChanged(254)) - Service BackgroundPipelineCreator transitions to RUNNING.
2022-10-13 11:29:57,868 [EventQueue-OpenPipelineForHealthyPipelineSafeModeRule] INFO  BackgroundPipelineScrubber (BackgroundSCMService.java:notifyStatusChanged(82)) - Service BackgroundPipelineScrubber transitions to RUNNING.
2022-10-13 11:29:57,868 [EventQueue-OpenPipelineForHealthyPipelineSafeModeRule] INFO  ExpiredContainerReplicaOpScrubber (BackgroundSCMService.java:notifyStatusChanged(82)) - Service ExpiredContainerReplicaOpScrubber transitions to RUNNING.
2022-10-13 11:29:57,868 [EventQueue-OpenPipelineForHealthyPipelineSafeModeRule] INFO  replication.ReplicationManager (ReplicationManager.java:notifyStatusChanged(728)) - Service ReplicationManager transitions to RUNNING.
2022-10-13 11:29:57,868 [EventQueue-OpenPipelineForHealthyPipelineSafeModeRule] WARN  balancer.ContainerBalancer (ContainerBalancer.java:shouldRun(936)) - Could not find persisted configuration for ContainerBalancer when checking if ContainerBalancer should run. ContainerBalancer should not run now.
2022-10-13 11:29:57,870 [a77fef8e-fdb1-4318-93ee-d092ca05aa64@group-30397A6AD897-LeaderElection40] INFO  server.RaftServerConfigKeys (ConfUtils.java:logGet(46)) - raft.server.log.appender.snapshot.chunk.size.max = 16MB (=16777216) (default)
2022-10-13 11:29:57,870 [a77fef8e-fdb1-4318-93ee-d092ca05aa64@group-30397A6AD897-LeaderElection40] INFO  server.RaftServerConfigKeys (ConfUtils.java:logGet(46)) - raft.server.log.appender.buffer.byte-limit = 33554432 (custom)
2022-10-13 11:29:57,870 [a77fef8e-fdb1-4318-93ee-d092ca05aa64@group-30397A6AD897-LeaderElection40] INFO  server.RaftServerConfigKeys (ConfUtils.java:logGet(46)) - raft.server.log.appender.buffer.element-limit = 1 (custom)
2022-10-13 11:29:57,870 [a77fef8e-fdb1-4318-93ee-d092ca05aa64@group-30397A6AD897-LeaderElection40] INFO  grpc.GrpcConfigKeys (ConfUtils.java:logGet(46)) - raft.grpc.server.leader.outstanding.appends.max = 128 (default)
2022-10-13 11:29:57,870 [a77fef8e-fdb1-4318-93ee-d092ca05aa64@group-30397A6AD897-LeaderElection40] INFO  server.RaftServerConfigKeys (ConfUtils.java:logGet(46)) - raft.server.rpc.request.timeout = 60s (custom)
2022-10-13 11:29:57,870 [a77fef8e-fdb1-4318-93ee-d092ca05aa64@group-30397A6AD897-LeaderElection40] INFO  server.RaftServerConfigKeys (ConfUtils.java:logGet(46)) - raft.server.log.appender.install.snapshot.enabled = false (custom)
2022-10-13 11:29:57,872 [a77fef8e-fdb1-4318-93ee-d092ca05aa64@group-30397A6AD897-LeaderElection40] INFO  server.RaftServerConfigKeys (ConfUtils.java:logGet(46)) - raft.server.log.appender.snapshot.chunk.size.max = 16MB (=16777216) (default)
2022-10-13 11:29:57,872 [a77fef8e-fdb1-4318-93ee-d092ca05aa64@group-30397A6AD897-LeaderElection40] INFO  server.RaftServerConfigKeys (ConfUtils.java:logGet(46)) - raft.server.log.appender.buffer.byte-limit = 33554432 (custom)
2022-10-13 11:29:57,872 [a77fef8e-fdb1-4318-93ee-d092ca05aa64@group-30397A6AD897-LeaderElection40] INFO  server.RaftServerConfigKeys (ConfUtils.java:logGet(46)) - raft.server.log.appender.buffer.element-limit = 1 (custom)
2022-10-13 11:29:57,872 [a77fef8e-fdb1-4318-93ee-d092ca05aa64@group-30397A6AD897-LeaderElection40] INFO  grpc.GrpcConfigKeys (ConfUtils.java:logGet(46)) - raft.grpc.server.leader.outstanding.appends.max = 128 (default)
2022-10-13 11:29:57,872 [a77fef8e-fdb1-4318-93ee-d092ca05aa64@group-30397A6AD897-LeaderElection40] INFO  server.RaftServerConfigKeys (ConfUtils.java:logGet(46)) - raft.server.rpc.request.timeout = 60s (custom)
2022-10-13 11:29:57,872 [a77fef8e-fdb1-4318-93ee-d092ca05aa64@group-30397A6AD897-LeaderElection40] INFO  server.RaftServerConfigKeys (ConfUtils.java:logGet(46)) - raft.server.log.appender.install.snapshot.enabled = false (custom)
2022-10-13 11:29:57,872 [a77fef8e-fdb1-4318-93ee-d092ca05aa64@group-30397A6AD897-LeaderElection40] INFO  impl.RoleInfo (RoleInfo.java:updateAndGet(139)) - a77fef8e-fdb1-4318-93ee-d092ca05aa64: start a77fef8e-fdb1-4318-93ee-d092ca05aa64@group-30397A6AD897-LeaderStateImpl
2022-10-13 11:29:57,873 [a77fef8e-fdb1-4318-93ee-d092ca05aa64@group-30397A6AD897-LeaderElection40] INFO  segmented.SegmentedRaftLogWorker (SegmentedRaftLogWorker.java:startLogSegment(425)) - a77fef8e-fdb1-4318-93ee-d092ca05aa64@group-30397A6AD897-SegmentedRaftLogWorker: Starting segment from index:0
2022-10-13 11:29:57,875 [a77fef8e-fdb1-4318-93ee-d092ca05aa64@group-30397A6AD897-LeaderElection40] INFO  server.RaftServer$Division (ServerState.java:setRaftConf(393)) - a77fef8e-fdb1-4318-93ee-d092ca05aa64@group-30397A6AD897: set configuration 0: [99102043-e169-401c-83bb-bf4102350d41|rpc:10.1.0.139:39239|dataStream:|priority:0, a77fef8e-fdb1-4318-93ee-d092ca05aa64|rpc:10.1.0.139:41225|dataStream:|priority:1, 5434c52c-ef5a-4936-a116-7fd551384221|rpc:10.1.0.139:44247|dataStream:|priority:0], old=null
2022-10-13 11:29:57,876 [a77fef8e-fdb1-4318-93ee-d092ca05aa64@group-30397A6AD897-SegmentedRaftLogWorker] INFO  segmented.SegmentedRaftLogWorker (SegmentedRaftLogWorker.java:execute(629)) - a77fef8e-fdb1-4318-93ee-d092ca05aa64@group-30397A6AD897-SegmentedRaftLogWorker: created new log segment /home/runner/work/ozone/ozone/hadoop-ozone/integration-test/target/test-dir/MiniOzoneClusterImpl-900e8113-aac4-448a-a9d6-76244602bcf4/datanode-1/data/ratis/ef7283f9-7b10-4125-8415-30397a6ad897/current/log_inprogress_0
2022-10-13 11:29:57,884 [99102043-e169-401c-83bb-bf4102350d41-server-thread1] INFO  ratis.XceiverServerRatis (XceiverServerRatis.java:handleLeaderChangedNotification(863)) - Leader change notification received for group: group-30397A6AD897 with new leaderId: a77fef8e-fdb1-4318-93ee-d092ca05aa64
2022-10-13 11:29:57,884 [99102043-e169-401c-83bb-bf4102350d41-server-thread1] INFO  server.RaftServer$Division (ServerState.java:setLeader(287)) - 99102043-e169-401c-83bb-bf4102350d41@group-30397A6AD897: change Leader from null to a77fef8e-fdb1-4318-93ee-d092ca05aa64 at term 3 for appendEntries, leader elected after 15208ms
2022-10-13 11:29:57,884 [5434c52c-ef5a-4936-a116-7fd551384221-server-thread1] INFO  ratis.XceiverServerRatis (XceiverServerRatis.java:handleLeaderChangedNotification(863)) - Leader change notification received for group: group-30397A6AD897 with new leaderId: a77fef8e-fdb1-4318-93ee-d092ca05aa64
2022-10-13 11:29:57,884 [5434c52c-ef5a-4936-a116-7fd551384221-server-thread1] INFO  server.RaftServer$Division (ServerState.java:setLeader(287)) - 5434c52c-ef5a-4936-a116-7fd551384221@group-30397A6AD897: change Leader from null to a77fef8e-fdb1-4318-93ee-d092ca05aa64 at term 3 for appendEntries, leader elected after 15247ms
2022-10-13 11:29:57,890 [5434c52c-ef5a-4936-a116-7fd551384221-server-thread1] INFO  server.RaftServer$Division (ServerState.java:setRaftConf(393)) - 5434c52c-ef5a-4936-a116-7fd551384221@group-30397A6AD897: set configuration 0: [99102043-e169-401c-83bb-bf4102350d41|rpc:10.1.0.139:39239|dataStream:|priority:0, a77fef8e-fdb1-4318-93ee-d092ca05aa64|rpc:10.1.0.139:41225|dataStream:|priority:1, 5434c52c-ef5a-4936-a116-7fd551384221|rpc:10.1.0.139:44247|dataStream:|priority:0], old=null
2022-10-13 11:29:57,890 [5434c52c-ef5a-4936-a116-7fd551384221-server-thread1] INFO  segmented.SegmentedRaftLogWorker (SegmentedRaftLogWorker.java:startLogSegment(425)) - 5434c52c-ef5a-4936-a116-7fd551384221@group-30397A6AD897-SegmentedRaftLogWorker: Starting segment from index:0
2022-10-13 11:29:57,892 [5434c52c-ef5a-4936-a116-7fd551384221@group-30397A6AD897-SegmentedRaftLogWorker] INFO  segmented.SegmentedRaftLogWorker (SegmentedRaftLogWorker.java:execute(629)) - 5434c52c-ef5a-4936-a116-7fd551384221@group-30397A6AD897-SegmentedRaftLogWorker: created new log segment /home/runner/work/ozone/ozone/hadoop-ozone/integration-test/target/test-dir/MiniOzoneClusterImpl-900e8113-aac4-448a-a9d6-76244602bcf4/datanode-0/data/ratis/ef7283f9-7b10-4125-8415-30397a6ad897/current/log_inprogress_0
2022-10-13 11:29:57,898 [99102043-e169-401c-83bb-bf4102350d41-server-thread2] INFO  server.RaftServer$Division (ServerState.java:setRaftConf(393)) - 99102043-e169-401c-83bb-bf4102350d41@group-30397A6AD897: set configuration 0: [99102043-e169-401c-83bb-bf4102350d41|rpc:10.1.0.139:39239|dataStream:|priority:0, a77fef8e-fdb1-4318-93ee-d092ca05aa64|rpc:10.1.0.139:41225|dataStream:|priority:1, 5434c52c-ef5a-4936-a116-7fd551384221|rpc:10.1.0.139:44247|dataStream:|priority:0], old=null
2022-10-13 11:29:57,898 [99102043-e169-401c-83bb-bf4102350d41-server-thread2] INFO  segmented.SegmentedRaftLogWorker (SegmentedRaftLogWorker.java:startLogSegment(425)) - 99102043-e169-401c-83bb-bf4102350d41@group-30397A6AD897-SegmentedRaftLogWorker: Starting segment from index:0
2022-10-13 11:29:57,900 [99102043-e169-401c-83bb-bf4102350d41@group-30397A6AD897-SegmentedRaftLogWorker] INFO  segmented.SegmentedRaftLogWorker (SegmentedRaftLogWorker.java:execute(629)) - 99102043-e169-401c-83bb-bf4102350d41@group-30397A6AD897-SegmentedRaftLogWorker: created new log segment /home/runner/work/ozone/ozone/hadoop-ozone/integration-test/target/test-dir/MiniOzoneClusterImpl-900e8113-aac4-448a-a9d6-76244602bcf4/datanode-2/data/ratis/ef7283f9-7b10-4125-8415-30397a6ad897/current/log_inprogress_0
2022-10-13 11:29:57,935 [a77fef8e-fdb1-4318-93ee-d092ca05aa64@group-14FCDCEDD760-FollowerState] INFO  impl.FollowerState (FollowerState.java:run(143)) - a77fef8e-fdb1-4318-93ee-d092ca05aa64@group-14FCDCEDD760-FollowerState: change to CANDIDATE, lastRpcElapsedTime:5108224700ns, electionTimeout:5098ms
2022-10-13 11:29:57,935 [a77fef8e-fdb1-4318-93ee-d092ca05aa64@group-14FCDCEDD760-FollowerState] INFO  impl.RoleInfo (RoleInfo.java:shutdownFollowerState(110)) - a77fef8e-fdb1-4318-93ee-d092ca05aa64: shutdown a77fef8e-fdb1-4318-93ee-d092ca05aa64@group-14FCDCEDD760-FollowerState
2022-10-13 11:29:57,935 [a77fef8e-fdb1-4318-93ee-d092ca05aa64@group-14FCDCEDD760-FollowerState] INFO  server.RaftServer$Division (RaftServerImpl.java:setRole(299)) - a77fef8e-fdb1-4318-93ee-d092ca05aa64@group-14FCDCEDD760: changes role from  FOLLOWER to CANDIDATE at term 2 for changeToCandidate
2022-10-13 11:29:57,936 [a77fef8e-fdb1-4318-93ee-d092ca05aa64@group-14FCDCEDD760-FollowerState] INFO  server.RaftServerConfigKeys (ConfUtils.java:logGet(46)) - raft.server.leaderelection.pre-vote = false (custom)
2022-10-13 11:29:57,936 [a77fef8e-fdb1-4318-93ee-d092ca05aa64@group-14FCDCEDD760-FollowerState] INFO  impl.RoleInfo (RoleInfo.java:updateAndGet(139)) - a77fef8e-fdb1-4318-93ee-d092ca05aa64: start a77fef8e-fdb1-4318-93ee-d092ca05aa64@group-14FCDCEDD760-LeaderElection41
2022-10-13 11:29:57,938 [a77fef8e-fdb1-4318-93ee-d092ca05aa64@group-14FCDCEDD760-LeaderElection41] INFO  impl.LeaderElection (LeaderElection.java:askForVotes(310)) - a77fef8e-fdb1-4318-93ee-d092ca05aa64@group-14FCDCEDD760-LeaderElection41 ELECTION round 0: submit vote requests at term 3 for -1: [99102043-e169-401c-83bb-bf4102350d41|rpc:10.1.0.139:39239|dataStream:|priority:1, a77fef8e-fdb1-4318-93ee-d092ca05aa64|rpc:10.1.0.139:41225|dataStream:|priority:0, 5434c52c-ef5a-4936-a116-7fd551384221|rpc:10.1.0.139:44247|dataStream:|priority:0], old=null
2022-10-13 11:29:57,941 [grpc-default-executor-1] INFO  server.RaftServer$Division (RaftServerImpl.java:requestVote(1152)) - 5434c52c-ef5a-4936-a116-7fd551384221@group-14FCDCEDD760: receive requestVote(ELECTION, a77fef8e-fdb1-4318-93ee-d092ca05aa64, group-14FCDCEDD760, 3, (t:0, i:0))
2022-10-13 11:29:57,941 [grpc-default-executor-1] INFO  impl.VoteContext (VoteContext.java:log(48)) - 5434c52c-ef5a-4936-a116-7fd551384221@group-14FCDCEDD760-FOLLOWER: accept ELECTION from a77fef8e-fdb1-4318-93ee-d092ca05aa64: our priority 0 <= candidate's priority 0
2022-10-13 11:29:57,941 [grpc-default-executor-1] INFO  server.RaftServer$Division (RaftServerImpl.java:setRole(299)) - 5434c52c-ef5a-4936-a116-7fd551384221@group-14FCDCEDD760: changes role from  FOLLOWER to FOLLOWER at term 3 for candidate:a77fef8e-fdb1-4318-93ee-d092ca05aa64
2022-10-13 11:29:57,941 [grpc-default-executor-1] INFO  impl.RoleInfo (RoleInfo.java:shutdownFollowerState(110)) - 5434c52c-ef5a-4936-a116-7fd551384221: shutdown 5434c52c-ef5a-4936-a116-7fd551384221@group-14FCDCEDD760-FollowerState
2022-10-13 11:29:57,941 [grpc-default-executor-1] INFO  impl.RoleInfo (RoleInfo.java:updateAndGet(139)) - 5434c52c-ef5a-4936-a116-7fd551384221: start 5434c52c-ef5a-4936-a116-7fd551384221@group-14FCDCEDD760-FollowerState
2022-10-13 11:29:57,941 [5434c52c-ef5a-4936-a116-7fd551384221@group-14FCDCEDD760-FollowerState] INFO  impl.FollowerState (FollowerState.java:run(152)) - 5434c52c-ef5a-4936-a116-7fd551384221@group-14FCDCEDD760-FollowerState was interrupted
2022-10-13 11:29:57,946 [grpc-default-executor-1] INFO  server.RaftServer$Division (RaftServerImpl.java:requestVote(1184)) - 5434c52c-ef5a-4936-a116-7fd551384221@group-14FCDCEDD760 replies to ELECTION vote request: a77fef8e-fdb1-4318-93ee-d092ca05aa64<-5434c52c-ef5a-4936-a116-7fd551384221#0:OK-t3. Peer's state: 5434c52c-ef5a-4936-a116-7fd551384221@group-14FCDCEDD760:t3, leader=null, voted=a77fef8e-fdb1-4318-93ee-d092ca05aa64, raftlog=5434c52c-ef5a-4936-a116-7fd551384221@group-14FCDCEDD760-SegmentedRaftLog:OPENED:c-1, conf=-1: [99102043-e169-401c-83bb-bf4102350d41|rpc:10.1.0.139:39239|priority:1, a77fef8e-fdb1-4318-93ee-d092ca05aa64|rpc:10.1.0.139:41225|priority:0, 5434c52c-ef5a-4936-a116-7fd551384221|rpc:10.1.0.139:44247|priority:0], old=null
2022-10-13 11:29:57,947 [grpc-default-executor-3] INFO  server.RaftServer$Division (RaftServerImpl.java:requestVote(1152)) - 99102043-e169-401c-83bb-bf4102350d41@group-14FCDCEDD760: receive requestVote(ELECTION, a77fef8e-fdb1-4318-93ee-d092ca05aa64, group-14FCDCEDD760, 3, (t:0, i:0))
2022-10-13 11:29:57,947 [grpc-default-executor-3] INFO  impl.VoteContext (VoteContext.java:log(48)) - 99102043-e169-401c-83bb-bf4102350d41@group-14FCDCEDD760-FOLLOWER: reject ELECTION from a77fef8e-fdb1-4318-93ee-d092ca05aa64: our priority 1 > candidate's priority 0
2022-10-13 11:29:57,948 [grpc-default-executor-3] INFO  server.RaftServer$Division (RaftServerImpl.java:setRole(299)) - 99102043-e169-401c-83bb-bf4102350d41@group-14FCDCEDD760: changes role from  FOLLOWER to FOLLOWER at term 3 for candidate:a77fef8e-fdb1-4318-93ee-d092ca05aa64
2022-10-13 11:29:57,948 [grpc-default-executor-3] INFO  impl.RoleInfo (RoleInfo.java:shutdownFollowerState(110)) - 99102043-e169-401c-83bb-bf4102350d41: shutdown 99102043-e169-401c-83bb-bf4102350d41@group-14FCDCEDD760-FollowerState
2022-10-13 11:29:57,948 [grpc-default-executor-3] INFO  impl.RoleInfo (RoleInfo.java:updateAndGet(139)) - 99102043-e169-401c-83bb-bf4102350d41: start 99102043-e169-401c-83bb-bf4102350d41@group-14FCDCEDD760-FollowerState
2022-10-13 11:29:57,948 [99102043-e169-401c-83bb-bf4102350d41@group-14FCDCEDD760-FollowerState] INFO  impl.FollowerState (FollowerState.java:run(152)) - 99102043-e169-401c-83bb-bf4102350d41@group-14FCDCEDD760-FollowerState was interrupted
2022-10-13 11:29:57,951 [grpc-default-executor-3] INFO  server.RaftServer$Division (RaftServerImpl.java:requestVote(1184)) - 99102043-e169-401c-83bb-bf4102350d41@group-14FCDCEDD760 replies to ELECTION vote request: a77fef8e-fdb1-4318-93ee-d092ca05aa64<-99102043-e169-401c-83bb-bf4102350d41#0:FAIL-t3. Peer's state: 99102043-e169-401c-83bb-bf4102350d41@group-14FCDCEDD760:t3, leader=null, voted=null, raftlog=99102043-e169-401c-83bb-bf4102350d41@group-14FCDCEDD760-SegmentedRaftLog:OPENED:c-1, conf=-1: [99102043-e169-401c-83bb-bf4102350d41|rpc:10.1.0.139:39239|dataStream:|priority:1, a77fef8e-fdb1-4318-93ee-d092ca05aa64|rpc:10.1.0.139:41225|dataStream:|priority:0, 5434c52c-ef5a-4936-a116-7fd551384221|rpc:10.1.0.139:44247|dataStream:|priority:0], old=null
2022-10-13 11:29:57,952 [a77fef8e-fdb1-4318-93ee-d092ca05aa64@group-14FCDCEDD760-LeaderElection41] INFO  impl.LeaderElection (LeaderElection.java:logAndReturn(90)) - a77fef8e-fdb1-4318-93ee-d092ca05aa64@group-14FCDCEDD760-LeaderElection41: ELECTION REJECTED received 2 response(s) and 0 exception(s):
2022-10-13 11:29:57,952 [a77fef8e-fdb1-4318-93ee-d092ca05aa64@group-14FCDCEDD760-LeaderElection41] INFO  impl.LeaderElection (LeaderElection.java:logAndReturn(94)) -   Response 0: a77fef8e-fdb1-4318-93ee-d092ca05aa64<-99102043-e169-401c-83bb-bf4102350d41#0:FAIL-t3
2022-10-13 11:29:57,952 [a77fef8e-fdb1-4318-93ee-d092ca05aa64@group-14FCDCEDD760-LeaderElection41] INFO  impl.LeaderElection (LeaderElection.java:logAndReturn(94)) -   Response 1: a77fef8e-fdb1-4318-93ee-d092ca05aa64<-5434c52c-ef5a-4936-a116-7fd551384221#0:OK-t3
2022-10-13 11:29:57,952 [a77fef8e-fdb1-4318-93ee-d092ca05aa64@group-14FCDCEDD760-LeaderElection41] INFO  impl.LeaderElection (LeaderElection.java:askForVotes(312)) - a77fef8e-fdb1-4318-93ee-d092ca05aa64@group-14FCDCEDD760-LeaderElection41 ELECTION round 0: result REJECTED
2022-10-13 11:29:57,952 [a77fef8e-fdb1-4318-93ee-d092ca05aa64@group-14FCDCEDD760-LeaderElection41] INFO  server.RaftServer$Division (RaftServerImpl.java:setRole(299)) - a77fef8e-fdb1-4318-93ee-d092ca05aa64@group-14FCDCEDD760: changes role from CANDIDATE to FOLLOWER at term 3 for REJECTED
2022-10-13 11:29:57,952 [a77fef8e-fdb1-4318-93ee-d092ca05aa64@group-14FCDCEDD760-LeaderElection41] INFO  impl.RoleInfo (RoleInfo.java:shutdownLeaderElection(130)) - a77fef8e-fdb1-4318-93ee-d092ca05aa64: shutdown a77fef8e-fdb1-4318-93ee-d092ca05aa64@group-14FCDCEDD760-LeaderElection41
2022-10-13 11:29:57,952 [a77fef8e-fdb1-4318-93ee-d092ca05aa64@group-14FCDCEDD760-LeaderElection41] INFO  impl.RoleInfo (RoleInfo.java:updateAndGet(139)) - a77fef8e-fdb1-4318-93ee-d092ca05aa64: start a77fef8e-fdb1-4318-93ee-d092ca05aa64@group-14FCDCEDD760-FollowerState
2022-10-13 11:29:58,257 [Listener at 127.0.0.1/37531] INFO  ozone.MiniOzoneClusterImpl (MiniOzoneClusterImpl.java:lambda$waitForClusterToBeReady$0(216)) - Nodes are ready. Got 3 of 3 DN Heartbeats.
2022-10-13 11:29:58,258 [Listener at 127.0.0.1/37531] INFO  ozone.MiniOzoneClusterImpl (MiniOzoneClusterImpl.java:lambda$waitForClusterToBeReady$0(219)) - Cluster exits safe mode
2022-10-13 11:29:58,258 [Listener at 127.0.0.1/37531] INFO  ozone.MiniOzoneClusterImpl (MiniOzoneClusterImpl.java:lambda$waitForClusterToBeReady$0(221)) - SCM became leader
]]></system-out>
    </rerunFailure>
    <rerunFailure type="java.lang.AssertionError">
      <stackTrace><![CDATA[java.lang.AssertionError
	at org.junit.Assert.fail(Assert.java:87)
	at org.junit.Assert.assertTrue(Assert.java:42)
	at org.junit.Assert.assertTrue(Assert.java:53)
	at org.apache.hadoop.hdds.scm.TestRatisPipelineLeader.testLeaderIdAfterLeaderChange(TestRatisPipelineLeader.java:119)
	at sun.reflect.NativeMethodAccessorImpl.invoke0(Native Method)
	at sun.reflect.NativeMethodAccessorImpl.invoke(NativeMethodAccessorImpl.java:62)
	at sun.reflect.DelegatingMethodAccessorImpl.invoke(DelegatingMethodAccessorImpl.java:43)
	at java.lang.reflect.Method.invoke(Method.java:498)
	at org.junit.platform.commons.util.ReflectionUtils.invokeMethod(ReflectionUtils.java:725)
	at org.junit.jupiter.engine.execution.MethodInvocation.proceed(MethodInvocation.java:60)
	at org.junit.jupiter.engine.execution.InvocationInterceptorChain$ValidatingInvocation.proceed(InvocationInterceptorChain.java:131)
	at org.junit.jupiter.engine.extension.TimeoutInvocation.proceed(TimeoutInvocation.java:46)
	at org.junit.jupiter.engine.extension.TimeoutExtension.intercept(TimeoutExtension.java:149)
	at org.junit.jupiter.engine.extension.TimeoutExtension.interceptTestableMethod(TimeoutExtension.java:140)
	at org.junit.jupiter.engine.extension.TimeoutExtension.interceptTestMethod(TimeoutExtension.java:84)
	at org.junit.jupiter.engine.execution.ExecutableInvoker$ReflectiveInterceptorCall.lambda$ofVoidMethod$0(ExecutableInvoker.java:115)
	at org.junit.jupiter.engine.execution.ExecutableInvoker.lambda$invoke$0(ExecutableInvoker.java:105)
	at org.junit.jupiter.engine.execution.InvocationInterceptorChain$InterceptedInvocation.proceed(InvocationInterceptorChain.java:106)
	at org.junit.jupiter.engine.execution.InvocationInterceptorChain.proceed(InvocationInterceptorChain.java:64)
	at org.junit.jupiter.engine.execution.InvocationInterceptorChain.chainAndInvoke(InvocationInterceptorChain.java:45)
	at org.junit.jupiter.engine.execution.InvocationInterceptorChain.invoke(InvocationInterceptorChain.java:37)
	at org.junit.jupiter.engine.execution.ExecutableInvoker.invoke(ExecutableInvoker.java:104)
	at org.junit.jupiter.engine.execution.ExecutableInvoker.invoke(ExecutableInvoker.java:98)
	at org.junit.jupiter.engine.descriptor.TestMethodTestDescriptor.lambda$invokeTestMethod$7(TestMethodTestDescriptor.java:214)
	at org.junit.platform.engine.support.hierarchical.ThrowableCollector.execute(ThrowableCollector.java:73)
	at org.junit.jupiter.engine.descriptor.TestMethodTestDescriptor.invokeTestMethod(TestMethodTestDescriptor.java:210)
	at org.junit.jupiter.engine.descriptor.TestMethodTestDescriptor.execute(TestMethodTestDescriptor.java:135)
	at org.junit.jupiter.engine.descriptor.TestMethodTestDescriptor.execute(TestMethodTestDescriptor.java:66)
	at org.junit.platform.engine.support.hierarchical.NodeTestTask.lambda$executeRecursively$6(NodeTestTask.java:151)
	at org.junit.platform.engine.support.hierarchical.ThrowableCollector.execute(ThrowableCollector.java:73)
	at org.junit.platform.engine.support.hierarchical.NodeTestTask.lambda$executeRecursively$8(NodeTestTask.java:141)
	at org.junit.platform.engine.support.hierarchical.Node.around(Node.java:137)
	at org.junit.platform.engine.support.hierarchical.NodeTestTask.lambda$executeRecursively$9(NodeTestTask.java:139)
	at org.junit.platform.engine.support.hierarchical.ThrowableCollector.execute(ThrowableCollector.java:73)
	at org.junit.platform.engine.support.hierarchical.NodeTestTask.executeRecursively(NodeTestTask.java:138)
	at org.junit.platform.engine.support.hierarchical.NodeTestTask.execute(NodeTestTask.java:95)
	at java.util.ArrayList.forEach(ArrayList.java:1259)
	at org.junit.platform.engine.support.hierarchical.SameThreadHierarchicalTestExecutorService.invokeAll(SameThreadHierarchicalTestExecutorService.java:41)
	at org.junit.platform.engine.support.hierarchical.NodeTestTask.lambda$executeRecursively$6(NodeTestTask.java:155)
	at org.junit.platform.engine.support.hierarchical.ThrowableCollector.execute(ThrowableCollector.java:73)
	at org.junit.platform.engine.support.hierarchical.NodeTestTask.lambda$executeRecursively$8(NodeTestTask.java:141)
	at org.junit.platform.engine.support.hierarchical.Node.around(Node.java:137)
	at org.junit.platform.engine.support.hierarchical.NodeTestTask.lambda$executeRecursively$9(NodeTestTask.java:139)
	at org.junit.platform.engine.support.hierarchical.ThrowableCollector.execute(ThrowableCollector.java:73)
	at org.junit.platform.engine.support.hierarchical.NodeTestTask.executeRecursively(NodeTestTask.java:138)
	at org.junit.platform.engine.support.hierarchical.NodeTestTask.execute(NodeTestTask.java:95)
	at java.util.ArrayList.forEach(ArrayList.java:1259)
	at org.junit.platform.engine.support.hierarchical.SameThreadHierarchicalTestExecutorService.invokeAll(SameThreadHierarchicalTestExecutorService.java:41)
	at org.junit.platform.engine.support.hierarchical.NodeTestTask.lambda$executeRecursively$6(NodeTestTask.java:155)
	at org.junit.platform.engine.support.hierarchical.ThrowableCollector.execute(ThrowableCollector.java:73)
	at org.junit.platform.engine.support.hierarchical.NodeTestTask.lambda$executeRecursively$8(NodeTestTask.java:141)
	at org.junit.platform.engine.support.hierarchical.Node.around(Node.java:137)
	at org.junit.platform.engine.support.hierarchical.NodeTestTask.lambda$executeRecursively$9(NodeTestTask.java:139)
	at org.junit.platform.engine.support.hierarchical.ThrowableCollector.execute(ThrowableCollector.java:73)
	at org.junit.platform.engine.support.hierarchical.NodeTestTask.executeRecursively(NodeTestTask.java:138)
	at org.junit.platform.engine.support.hierarchical.NodeTestTask.execute(NodeTestTask.java:95)
	at org.junit.platform.engine.support.hierarchical.SameThreadHierarchicalTestExecutorService.submit(SameThreadHierarchicalTestExecutorService.java:35)
	at org.junit.platform.engine.support.hierarchical.HierarchicalTestExecutor.execute(HierarchicalTestExecutor.java:57)
	at org.junit.platform.engine.support.hierarchical.HierarchicalTestEngine.execute(HierarchicalTestEngine.java:54)
	at org.junit.platform.launcher.core.EngineExecutionOrchestrator.execute(EngineExecutionOrchestrator.java:107)
	at org.junit.platform.launcher.core.EngineExecutionOrchestrator.execute(EngineExecutionOrchestrator.java:88)
	at org.junit.platform.launcher.core.EngineExecutionOrchestrator.lambda$execute$0(EngineExecutionOrchestrator.java:54)
	at org.junit.platform.launcher.core.EngineExecutionOrchestrator.withInterceptedStreams(EngineExecutionOrchestrator.java:67)
	at org.junit.platform.launcher.core.EngineExecutionOrchestrator.execute(EngineExecutionOrchestrator.java:52)
	at org.junit.platform.launcher.core.DefaultLauncher.execute(DefaultLauncher.java:114)
	at org.junit.platform.launcher.core.DefaultLauncher.execute(DefaultLauncher.java:86)
	at org.junit.platform.launcher.core.DefaultLauncherSession$DelegatingLauncher.execute(DefaultLauncherSession.java:86)
	at org.junit.platform.launcher.core.SessionPerRequestLauncher.execute(SessionPerRequestLauncher.java:53)
	at org.apache.maven.surefire.junitplatform.JUnitPlatformProvider.invokeAllTests(JUnitPlatformProvider.java:165)
	at org.apache.maven.surefire.junitplatform.JUnitPlatformProvider.invoke(JUnitPlatformProvider.java:124)
	at org.apache.maven.surefire.booter.ForkedBooter.runSuitesInProcess(ForkedBooter.java:428)
	at org.apache.maven.surefire.booter.ForkedBooter.execute(ForkedBooter.java:162)
	at org.apache.maven.surefire.booter.ForkedBooter.run(ForkedBooter.java:562)
	at org.apache.maven.surefire.booter.ForkedBooter.main(ForkedBooter.java:548)
]]></stackTrace>
      <system-out><![CDATA[2022-10-13 11:30:02,517 [Listener at 127.0.0.1/37531] WARN  server.ServerUtils (ServerUtils.java:getScmDbDir(148)) - ozone.scm.db.dirs is not configured. We recommend adding this setting. Falling back to ozone.metadata.dirs instead.
2022-10-13 11:30:02,527 [Listener at 127.0.0.1/37531] WARN  server.ServerUtils (ServerUtils.java:getScmDbDir(148)) - ozone.scm.db.dirs is not configured. We recommend adding this setting. Falling back to ozone.metadata.dirs instead.
2022-10-13 11:30:02,530 [Listener at 127.0.0.1/37531] INFO  ha.SCMHANodeDetails (SCMHANodeDetails.java:loadSCMHAConfig(209)) - ServiceID for StorageContainerManager is null
2022-10-13 11:30:02,530 [Listener at 127.0.0.1/37531] INFO  ha.SCMHANodeDetails (SCMHANodeDetails.java:loadSCMHAConfig(214)) - ozone.scm.default.service.id is not defined, falling back to ozone.scm.service.ids to find serviceID for StorageContainerManager if it is HA enabled cluster
2022-10-13 11:30:02,533 [Listener at 127.0.0.1/37531] WARN  utils.HAUtils (HAUtils.java:getMetaDir(342)) - ozone.scm.db.dirs is not configured. We recommend adding this setting. Falling back to ozone.metadata.dirs instead.
2022-10-13 11:30:02,533 [Listener at 127.0.0.1/37531] WARN  db.DBStoreBuilder (DBStoreBuilder.java:applyDBDefinition(144)) - ozone.scm.db.dirs is not configured. We recommend adding this setting. Falling back to ozone.metadata.dirs instead.
2022-10-13 11:30:02,666 [Listener at 127.0.0.1/37531] INFO  net.NodeSchemaLoader (NodeSchemaLoader.java:loadSchemaFromFile(129)) - Loading schema from [jar:file:/home/runner/.m2/repository/org/apache/ozone/hdds-common/1.3.0-SNAPSHOT/hdds-common-1.3.0-SNAPSHOT.jar!/network-topology-default.xml]
2022-10-13 11:30:02,667 [Listener at 127.0.0.1/37531] INFO  net.NodeSchemaLoader (NodeSchemaLoader.java:loadSchema(176)) - Loading network topology layer schema file
2022-10-13 11:30:02,669 [Listener at 127.0.0.1/37531] INFO  upgrade.AbstractLayoutVersionManager (AbstractLayoutVersionManager.java:init(83)) - Initializing Layout version manager with metadata layout = DATANODE_SCHEMA_V3 (version = 4), software layout = DATANODE_SCHEMA_V3 (version = 4)
2022-10-13 11:30:02,712 [Listener at 127.0.0.1/37531] INFO  reflections.Reflections (Reflections.java:scan(232)) - Reflections took 42 ms to scan 7 urls, producing 137 keys and 328 values 
2022-10-13 11:30:02,714 [Listener at 127.0.0.1/37531] INFO  ha.SequenceIdGenerator (SequenceIdGenerator.java:upgradeToSequenceId(349)) - upgrade localId to 109611004723200000
2022-10-13 11:30:02,714 [Listener at 127.0.0.1/37531] INFO  ha.SequenceIdGenerator (SequenceIdGenerator.java:upgradeToSequenceId(359)) - upgrade delTxnId to 0
2022-10-13 11:30:02,714 [Listener at 127.0.0.1/37531] INFO  ha.SequenceIdGenerator (SequenceIdGenerator.java:upgradeToSequenceId(376)) - upgrade containerId to 0
2022-10-13 11:30:02,714 [Listener at 127.0.0.1/37531] INFO  ha.SequenceIdGenerator (SequenceIdGenerator.java:<init>(220)) - Init the HA SequenceIdGenerator.
2022-10-13 11:30:02,715 [Listener at 127.0.0.1/37531] WARN  server.ServerUtils (ServerUtils.java:sanitizeUserArgs(73)) - ozone.scm.stale.node.interval value = 300000 is larger than max = 100000 based on the key value of ozone.scm.heartbeat.thread.interval, reset to the max value 100000.
2022-10-13 11:30:02,715 [Listener at 127.0.0.1/37531] WARN  server.ServerUtils (ServerUtils.java:sanitizeUserArgs(73)) - ozone.scm.stale.node.interval value = 300000 is larger than max = 100000 based on the key value of ozone.scm.heartbeat.thread.interval, reset to the max value 100000.
2022-10-13 11:30:02,715 [Listener at 127.0.0.1/37531] INFO  node.SCMNodeManager (SCMNodeManager.java:<init>(149)) - Entering startup safe mode.
2022-10-13 11:30:02,715 [Listener at 127.0.0.1/37531] INFO  algorithms.ContainerPlacementPolicyFactory (ContainerPlacementPolicyFactory.java:getPolicyInternal(86)) - Create container placement policy of type org.apache.hadoop.hdds.scm.container.placement.algorithms.SCMContainerPlacementRandom
2022-10-13 11:30:02,716 [Listener at 127.0.0.1/37531] INFO  algorithms.ContainerPlacementPolicyFactory (ContainerPlacementPolicyFactory.java:getPolicyInternal(86)) - Create container placement policy of type org.apache.hadoop.hdds.scm.container.placement.algorithms.SCMContainerPlacementRackScatter
2022-10-13 11:30:02,716 [Listener at 127.0.0.1/37531] INFO  pipeline.PipelineStateManagerImpl (PipelineStateManagerImpl.java:initialize(78)) - No pipeline exists in current db
2022-10-13 11:30:02,716 [Listener at 127.0.0.1/37531] INFO  algorithms.LeaderChoosePolicyFactory (LeaderChoosePolicyFactory.java:getPolicy(57)) - Create leader choose policy of type org.apache.hadoop.hdds.scm.pipeline.leader.choose.algorithms.MinLeaderCountChoosePolicy
2022-10-13 11:30:02,716 [Listener at 127.0.0.1/37531] INFO  algorithms.ContainerPlacementPolicyFactory (ContainerPlacementPolicyFactory.java:getPolicyInternal(86)) - Create container placement policy of type org.apache.hadoop.hdds.scm.container.placement.algorithms.SCMContainerPlacementRackScatter
2022-10-13 11:30:02,716 [Listener at 127.0.0.1/37531] INFO  ha.SCMServiceManager (SCMServiceManager.java:register(42)) - Registering service BackgroundPipelineCreator.
2022-10-13 11:30:02,716 [Listener at 127.0.0.1/37531] INFO  pipeline.BackgroundPipelineCreator (BackgroundPipelineCreator.java:start(124)) - Starting RatisPipelineUtilsThread.
2022-10-13 11:30:02,717 [Listener at 127.0.0.1/37531] INFO  BackgroundPipelineScrubber (BackgroundSCMService.java:start(68)) - Starting BackgroundPipelineScrubber Service.
2022-10-13 11:30:02,717 [Listener at 127.0.0.1/37531] INFO  ha.SCMServiceManager (SCMServiceManager.java:register(42)) - Registering service BackgroundPipelineScrubber.
2022-10-13 11:30:02,717 [Listener at 127.0.0.1/37531] INFO  ExpiredContainerReplicaOpScrubber (BackgroundSCMService.java:start(68)) - Starting ExpiredContainerReplicaOpScrubber Service.
2022-10-13 11:30:02,717 [Listener at 127.0.0.1/37531] INFO  ha.SCMServiceManager (SCMServiceManager.java:register(42)) - Registering service ExpiredContainerReplicaOpScrubber.
2022-10-13 11:30:02,719 [Listener at 127.0.0.1/37531] INFO  algorithms.PipelineChoosePolicyFactory (PipelineChoosePolicyFactory.java:createPipelineChoosePolicyFromClass(73)) - Create pipeline choose policy of type org.apache.hadoop.hdds.scm.pipeline.choose.algorithms.RandomPipelineChoosePolicy
2022-10-13 11:30:02,719 [Listener at 127.0.0.1/37531] INFO  ha.SCMServiceManager (SCMServiceManager.java:register(42)) - Registering service SCMBlockDeletingService.
2022-10-13 11:30:02,719 [Listener at 127.0.0.1/37531] INFO  replication.ReplicationManager (ReplicationManager.java:start(223)) - Starting Replication Monitor Thread.
2022-10-13 11:30:02,725 [ReplicationMonitor] INFO  replication.ReplicationManager (ReplicationManager.java:processAll(291)) - Replication Manager is not ready to run until 3000ms after safemode exit
2022-10-13 11:30:02,725 [Listener at 127.0.0.1/37531] INFO  ha.SCMServiceManager (SCMServiceManager.java:register(42)) - Registering service ReplicationManager.
2022-10-13 11:30:02,725 [Listener at 127.0.0.1/37531] INFO  safemode.ContainerSafeModeRule (ContainerSafeModeRule.java:<init>(89)) - containers with one replica threshold count 0
2022-10-13 11:30:02,725 [Listener at 127.0.0.1/37531] INFO  safemode.HealthyPipelineSafeModeRule (HealthyPipelineSafeModeRule.java:initializeRule(169)) - Total pipeline count is 0, healthy pipeline threshold count is 1
2022-10-13 11:30:02,725 [Listener at 127.0.0.1/37531] INFO  safemode.OneReplicaPipelineSafeModeRule (OneReplicaPipelineSafeModeRule.java:initializeRule(180)) - Total pipeline count is 0, pipeline's with at least one datanode reported threshold count is 0
2022-10-13 11:30:02,726 [Listener at 127.0.0.1/37531] INFO  ipc.CallQueueManager (CallQueueManager.java:<init>(90)) - Using callQueue: class java.util.concurrent.LinkedBlockingQueue, queueCapacity: 2000, scheduler: class org.apache.hadoop.ipc.DefaultRpcScheduler, ipcBackoff: false.
2022-10-13 11:30:02,727 [Socket Reader #1 for port 0] INFO  ipc.Server (Server.java:run(1273)) - Starting Socket Reader #1 for port 0
2022-10-13 11:30:02,727 [Listener at 0.0.0.0/42811] INFO  ipc.CallQueueManager (CallQueueManager.java:<init>(90)) - Using callQueue: class java.util.concurrent.LinkedBlockingQueue, queueCapacity: 2000, scheduler: class org.apache.hadoop.ipc.DefaultRpcScheduler, ipcBackoff: false.
2022-10-13 11:30:02,728 [Socket Reader #1 for port 0] INFO  ipc.Server (Server.java:run(1273)) - Starting Socket Reader #1 for port 0
2022-10-13 11:30:02,729 [Listener at 0.0.0.0/37255] INFO  ipc.CallQueueManager (CallQueueManager.java:<init>(90)) - Using callQueue: class java.util.concurrent.LinkedBlockingQueue, queueCapacity: 2000, scheduler: class org.apache.hadoop.ipc.DefaultRpcScheduler, ipcBackoff: false.
2022-10-13 11:30:02,733 [Socket Reader #1 for port 0] INFO  ipc.Server (Server.java:run(1273)) - Starting Socket Reader #1 for port 0
2022-10-13 11:30:02,745 [Listener at 0.0.0.0/33491] INFO  ha.SCMServiceManager (SCMServiceManager.java:register(42)) - Registering service ContainerBalancer.
2022-10-13 11:30:02,746 [Listener at 0.0.0.0/33491] INFO  server.StorageContainerManager (StorageContainerManager.java:<init>(410)) - 
Container Balancer status:
Key                            Value
Running                        false
Container Balancer Configuration values:
Key                                                Value
Threshold                                          10
Max Datanodes to Involve per Iteration(percent)    20
Max Size to Move per Iteration                     500GB
Max Size Entering Target per Iteration             26GB
Max Size Leaving Source per Iteration              26GB

2022-10-13 11:30:02,746 [Listener at 0.0.0.0/33491] WARN  events.EventQueue (EventQueue.java:fireEvent(216)) - No event handler registered for event TypedEvent{payloadType=SafeModeStatus, name='Safe mode status'}
2022-10-13 11:30:02,746 [Listener at 0.0.0.0/33491] INFO  ha.SCMContext (SCMContext.java:updateSafeModeStatus(228)) - Update SafeModeStatus from SafeModeStatus{safeModeStatus=true, preCheckPassed=false} to SafeModeStatus{safeModeStatus=true, preCheckPassed=false}.
2022-10-13 11:30:02,746 [Listener at 0.0.0.0/33491] INFO  server.StorageContainerManager (StorageContainerManager.java:start(1436)) - StorageContainerLocationProtocol RPC server is listening at /0.0.0.0:33491
2022-10-13 11:30:02,747 [Listener at 0.0.0.0/33491] WARN  impl.MetricsConfig (MetricsConfig.java:loadFirst(136)) - Cannot locate configuration: tried hadoop-metrics2-storagecontainermanager.properties,hadoop-metrics2.properties
2022-10-13 11:30:02,749 [Listener at 0.0.0.0/33491] INFO  impl.MetricsSystemImpl (MetricsSystemImpl.java:startTimer(378)) - Scheduled Metric snapshot period at 10 second(s).
2022-10-13 11:30:02,749 [Listener at 0.0.0.0/33491] INFO  impl.MetricsSystemImpl (MetricsSystemImpl.java:start(191)) - StorageContainerManager metrics system started
2022-10-13 11:30:02,753 [Listener at 0.0.0.0/33491] INFO  impl.MetricsSinkAdapter (MetricsSinkAdapter.java:start(204)) - Sink prometheus started
2022-10-13 11:30:02,753 [Listener at 0.0.0.0/33491] INFO  impl.MetricsSystemImpl (MetricsSystemImpl.java:registerSink(305)) - Registered sink prometheus
2022-10-13 11:30:02,768 [Listener at 0.0.0.0/33491] INFO  server.SCMClientProtocolServer (SCMClientProtocolServer.java:start(170)) - RPC server for Client  is listening at /0.0.0.0:33491
2022-10-13 11:30:02,773 [IPC Server Responder] INFO  ipc.Server (Server.java:run(1512)) - IPC Server Responder: starting
2022-10-13 11:30:02,773 [IPC Server listener on 0] INFO  ipc.Server (Server.java:run(1352)) - IPC Server listener on 0: starting
2022-10-13 11:30:02,775 [Listener at 0.0.0.0/33491] INFO  server.StorageContainerManager (StorageContainerManager.java:start(1451)) - ScmBlockLocationProtocol RPC server is listening at /0.0.0.0:37255
2022-10-13 11:30:02,776 [Listener at 0.0.0.0/33491] INFO  server.SCMBlockProtocolServer (SCMBlockProtocolServer.java:start(152)) - RPC server for Block Protocol is listening at /0.0.0.0:37255
2022-10-13 11:30:02,776 [IPC Server Responder] INFO  ipc.Server (Server.java:run(1512)) - IPC Server Responder: starting
2022-10-13 11:30:02,779 [Listener at 0.0.0.0/33491] INFO  server.SCMDatanodeProtocolServer (SCMDatanodeProtocolServer.java:start(186)) - ScmDatanodeProtocol RPC server for DataNodes is listening at /0.0.0.0:42811
2022-10-13 11:30:02,779 [IPC Server Responder] INFO  ipc.Server (Server.java:run(1512)) - IPC Server Responder: starting
2022-10-13 11:30:02,779 [IPC Server listener on 0] INFO  ipc.Server (Server.java:run(1352)) - IPC Server listener on 0: starting
2022-10-13 11:30:02,783 [IPC Server listener on 0] INFO  ipc.Server (Server.java:run(1352)) - IPC Server listener on 0: starting
2022-10-13 11:30:02,784 [Listener at 0.0.0.0/33491] INFO  http.BaseHttpServer (BaseHttpServer.java:newHttpServer2BuilderForOzone(213)) - Starting Web-server for scm at: http://0.0.0.0:0
2022-10-13 11:30:02,784 [Listener at 0.0.0.0/33491] INFO  http.BaseHttpServer (BaseHttpServer.java:<init>(108)) - Hadoop Security Enabled: false Ozone Security Enabled: false Ozone HTTP Security Enabled: false 
2022-10-13 11:30:02,786 [Listener at 0.0.0.0/33491] WARN  server.AuthenticationFilter (AuthenticationFilter.java:constructSecretProvider(240)) - Unable to initialize FileSignerSecretProvider, falling back to use random secrets. Reason: Could not read signature secret file: /home/runner/hadoop-http-auth-signature-secret
2022-10-13 11:30:02,789 [Listener at 0.0.0.0/33491] WARN  http.HttpRequestLog (HttpRequestLog.java:getRequestLog(103)) - Jetty request log can only be enabled using Log4j
2022-10-13 11:30:02,790 [Listener at 0.0.0.0/33491] INFO  http.HttpServer2 (HttpServer2.java:addGlobalFilter(1031)) - Added global filter 'safety' (class=org.apache.hadoop.hdds.server.http.HttpServer2$QuotingInputFilter)
2022-10-13 11:30:02,791 [Listener at 0.0.0.0/33491] INFO  http.HttpServer2 (HttpServer2.java:addFilter(1007)) - Added filter static_user_filter (class=org.apache.hadoop.http.lib.StaticUserWebFilter$StaticUserFilter) to context scm
2022-10-13 11:30:02,791 [Listener at 0.0.0.0/33491] INFO  http.HttpServer2 (HttpServer2.java:addFilter(1015)) - Added filter static_user_filter (class=org.apache.hadoop.http.lib.StaticUserWebFilter$StaticUserFilter) to context static
2022-10-13 11:30:02,791 [Listener at 0.0.0.0/33491] INFO  http.HttpServer2 (HttpServer2.java:addFilter(1015)) - Added filter static_user_filter (class=org.apache.hadoop.http.lib.StaticUserWebFilter$StaticUserFilter) to context logs
2022-10-13 11:30:02,792 [Listener at 0.0.0.0/33491] INFO  http.HttpServer2 (HttpServer2.java:bindListener(1250)) - Jetty bound to port 41127
2022-10-13 11:30:02,792 [Listener at 0.0.0.0/33491] INFO  server.Server (Server.java:doStart(375)) - jetty-9.4.43.v20210629; built: 2021-06-30T11:07:22.254Z; git: 526006ecfa3af7f1a27ef3a288e2bef7ea9dd7e8; jvm 1.8.0_345-b01
2022-10-13 11:30:02,796 [Listener at 0.0.0.0/33491] INFO  server.session (DefaultSessionIdManager.java:doStart(334)) - DefaultSessionIdManager workerName=node0
2022-10-13 11:30:02,796 [Listener at 0.0.0.0/33491] INFO  server.session (DefaultSessionIdManager.java:doStart(339)) - No SessionScavenger set, using defaults
2022-10-13 11:30:02,796 [Listener at 0.0.0.0/33491] INFO  server.session (HouseKeeper.java:startScavenging(132)) - node0 Scavenging every 660000ms
2022-10-13 11:30:02,797 [Listener at 0.0.0.0/33491] INFO  handler.ContextHandler (ContextHandler.java:doStart(915)) - Started o.e.j.s.ServletContextHandler@2009b81a{logs,/logs,file:///home/runner/work/ozone/ozone/hadoop-ozone/integration-test/target/log,AVAILABLE}
2022-10-13 11:30:02,797 [Listener at 0.0.0.0/33491] INFO  handler.ContextHandler (ContextHandler.java:doStart(915)) - Started o.e.j.s.ServletContextHandler@72ecd5ce{static,/static,file:///home/runner/work/ozone/ozone/hadoop-ozone/integration-test/target/test-classes/webapps/static,AVAILABLE}
2022-10-13 11:30:02,800 [Listener at 0.0.0.0/33491] INFO  handler.ContextHandler (ContextHandler.java:doStart(915)) - Started o.e.j.w.WebAppContext@acf5d76{scm,/,file:///home/runner/work/ozone/ozone/hadoop-ozone/integration-test/target/test-classes/webapps/scm/,AVAILABLE}{file:/home/runner/work/ozone/ozone/hadoop-ozone/integration-test/target/test-classes/webapps/scm}
2022-10-13 11:30:02,800 [org.apache.hadoop.util.JvmPauseMonitor$Monitor@715c296e] INFO  util.JvmPauseMonitor (JvmPauseMonitor.java:run(188)) - Starting JVM pause monitor
2022-10-13 11:30:02,802 [Listener at 0.0.0.0/33491] INFO  server.AbstractConnector (AbstractConnector.java:doStart(331)) - Started ServerConnector@86ee2f8{HTTP/1.1, (http/1.1)}{0.0.0.0:41127}
2022-10-13 11:30:02,802 [Listener at 0.0.0.0/33491] INFO  server.Server (Server.java:doStart(415)) - Started @116339ms
2022-10-13 11:30:02,802 [Listener at 0.0.0.0/33491] WARN  impl.MetricsSystemImpl (MetricsSystemImpl.java:register(279)) - Sink prometheus already exists!
2022-10-13 11:30:02,802 [Listener at 0.0.0.0/33491] INFO  http.BaseHttpServer (BaseHttpServer.java:updateConnectorAddress(333)) - HTTP server of scm listening at http://0.0.0.0:41127
2022-10-13 11:30:02,802 [Listener at 0.0.0.0/33491] WARN  server.ServerUtils (ServerUtils.java:getDBPath(225)) - ozone.om.db.dirs is not configured. We recommend adding this setting. Falling back to ozone.metadata.dirs instead.
2022-10-13 11:30:02,805 [Listener at 0.0.0.0/33491] INFO  ha.OMHANodeDetails (OMHANodeDetails.java:loadOMHAConfig(115)) - ozone.om.internal.service.id is not defined, falling back to ozone.om.service.ids to find serviceID for OzoneManager if it is HA enabled cluster
2022-10-13 11:30:02,806 [Listener at 0.0.0.0/33491] INFO  ha.OMHANodeDetails (OMHANodeDetails.java:loadOMHAConfig(226)) - Configuration does not have ozone.om.address set. Falling back to the default OM address /127.0.0.1:0
2022-10-13 11:30:02,806 [Listener at 0.0.0.0/33491] INFO  ha.OMHANodeDetails (OMHANodeDetails.java:getOMNodeDetailsForNonHA(254)) - OM Service ID is not set. Setting it to the default ID: omServiceIdDefault
2022-10-13 11:30:02,806 [Listener at 0.0.0.0/33491] INFO  ha.OMHANodeDetails (OMHANodeDetails.java:getOMNodeDetailsForNonHA(261)) - OM Node ID is not set. Setting it to the default ID: om1
2022-10-13 11:30:02,806 [Listener at 0.0.0.0/33491] WARN  server.ServerUtils (ServerUtils.java:getDBPath(225)) - ozone.om.db.dirs is not configured. We recommend adding this setting. Falling back to ozone.metadata.dirs instead.
2022-10-13 11:30:02,807 [Listener at 0.0.0.0/33491] INFO  upgrade.AbstractLayoutVersionManager (AbstractLayoutVersionManager.java:init(83)) - Initializing Layout version manager with metadata layout = MULTITENANCY_SCHEMA (version = 3), software layout = MULTITENANCY_SCHEMA (version = 3)
2022-10-13 11:30:02,877 [Listener at 0.0.0.0/33491] INFO  reflections.Reflections (Reflections.java:scan(232)) - Reflections took 70 ms to scan 2 urls, producing 154 keys and 428 values [using 2 cores]
2022-10-13 11:30:02,877 [Listener at 0.0.0.0/33491] INFO  upgrade.OMLayoutVersionManager (OMLayoutVersionManager.java:lambda$0(115)) - Skipping Upgrade Action MockOmUpgradeAction since it has been finalized.
2022-10-13 11:30:02,877 [Listener at 0.0.0.0/33491] WARN  server.ServerUtils (ServerUtils.java:getDBPath(225)) - ozone.om.db.dirs is not configured. We recommend adding this setting. Falling back to ozone.metadata.dirs instead.
2022-10-13 11:30:02,878 [Listener at 0.0.0.0/33491] INFO  proxy.SCMBlockLocationFailoverProxyProvider (SCMBlockLocationFailoverProxyProvider.java:<init>(114)) - Created block location fail-over proxy with 1 nodes: [nodeId=scmNodeId,nodeAddress=/0.0.0.0:37255]
2022-10-13 11:30:02,879 [Listener at 0.0.0.0/33491] INFO  proxy.SCMBlockLocationFailoverProxyProvider (SCMBlockLocationFailoverProxyProvider.java:<init>(114)) - Created block location fail-over proxy with 1 nodes: [nodeId=scmNodeId,nodeAddress=/0.0.0.0:37255]
2022-10-13 11:30:02,889 [Listener at 0.0.0.0/33491] WARN  server.ServerUtils (ServerUtils.java:getDBPath(225)) - ozone.om.db.dirs is not configured. We recommend adding this setting. Falling back to ozone.metadata.dirs instead.
2022-10-13 11:30:02,890 [Listener at 0.0.0.0/33491] INFO  codec.OmKeyInfoCodec (OmKeyInfoCodec.java:<init>(49)) - OmKeyInfoCodec ignorePipeline = true
2022-10-13 11:30:02,890 [Listener at 0.0.0.0/33491] INFO  codec.RepeatedOmKeyInfoCodec (RepeatedOmKeyInfoCodec.java:<init>(41)) - RepeatedOmKeyInfoCodec ignorePipeline = true
2022-10-13 11:30:03,066 [Listener at 0.0.0.0/33491] INFO  om.OzoneManager (OzoneManager.java:instantiateServices(712)) - S3 Multi-Tenancy is disabled
2022-10-13 11:30:03,068 [Listener at 0.0.0.0/33491] INFO  om.OzoneManager (OzoneManager.java:addS3GVolumeToDB(4386)) - Created Volume s3v With Owner runner required for S3Gateway operations.
2022-10-13 11:30:03,068 [Listener at 0.0.0.0/33491] WARN  server.ServerUtils (ServerUtils.java:getDefaultRatisDirectory(237)) - Storage directory for Ratis is not configured. It is a good idea to map this to an SSD disk. Falling back to ozone.metadata.dirs
2022-10-13 11:30:03,068 [Listener at 0.0.0.0/33491] WARN  utils.OzoneManagerRatisUtils (OzoneManagerRatisUtils.java:getOMRatisSnapshotDirectory(434)) - ozone.om.ratis.snapshot.dir is not configured. Falling back to ozone.metadata.dirs config
2022-10-13 11:30:03,068 [Listener at 0.0.0.0/33491] WARN  server.ServerUtils (ServerUtils.java:getDefaultRatisDirectory(237)) - Storage directory for Ratis is not configured. It is a good idea to map this to an SSD disk. Falling back to ozone.metadata.dirs
2022-10-13 11:30:03,069 [Listener at 0.0.0.0/33491] INFO  ratis.OzoneManagerRatisServer (OzoneManagerRatisServer.java:<init>(160)) - Instantiating OM Ratis server with groupID: omServiceIdDefault and peers: localhost:9872
2022-10-13 11:30:03,070 [Listener at 0.0.0.0/33491] INFO  ratis.OzoneManagerStateMachine (OzoneManagerStateMachine.java:loadSnapshotInfoFromDB(632)) - LastAppliedIndex is set from TransactionInfo from OM DB as (t:0, i:~)
2022-10-13 11:30:03,070 [Listener at 0.0.0.0/33491] INFO  server.RaftServer (ConfUtils.java:logGet(46)) - raft.rpc.type = GRPC (default)
2022-10-13 11:30:03,070 [Listener at 0.0.0.0/33491] INFO  grpc.GrpcFactory (GrpcFactory.java:checkPooledByteBufAllocatorUseCacheForAllThreads(48)) - PERFORMANCE WARNING: useCacheForAllThreads is true that may cause Netty to create a lot garbage objects and, as a result, trigger GC.
	It is recommended to disable useCacheForAllThreads by setting -Dorg.apache.ratis.thirdparty.io.netty.allocator.useCacheForAllThreads=false in command line.
2022-10-13 11:30:03,070 [Listener at 0.0.0.0/33491] INFO  grpc.GrpcConfigKeys (ConfUtils.java:logGet(46)) - raft.grpc.admin.port = -1 (default)
2022-10-13 11:30:03,071 [Listener at 0.0.0.0/33491] INFO  grpc.GrpcConfigKeys (ConfUtils.java:logGet(46)) - raft.grpc.server.port = 9872 (custom)
2022-10-13 11:30:03,071 [Listener at 0.0.0.0/33491] INFO  grpc.GrpcConfigKeys (ConfUtils.java:logGet(46)) - raft.grpc.client.port = -1 (default)
2022-10-13 11:30:03,071 [Listener at 0.0.0.0/33491] INFO  grpc.GrpcConfigKeys (ConfUtils.java:logGet(46)) - raft.grpc.server.port = 9872 (custom)
2022-10-13 11:30:03,071 [Listener at 0.0.0.0/33491] INFO  grpc.GrpcConfigKeys (ConfUtils.java:logGet(46)) - raft.grpc.server.port = 9872 (custom)
2022-10-13 11:30:03,071 [Listener at 0.0.0.0/33491] INFO  server.GrpcService (ConfUtils.java:logGet(46)) - raft.grpc.message.size.max = 33554432 (custom)
2022-10-13 11:30:03,071 [Listener at 0.0.0.0/33491] INFO  server.RaftServerConfigKeys (ConfUtils.java:logGet(46)) - raft.server.log.appender.buffer.byte-limit = 33554432 (custom)
2022-10-13 11:30:03,071 [Listener at 0.0.0.0/33491] INFO  server.GrpcService (ConfUtils.java:logGet(46)) - raft.grpc.flow.control.window = 1MB (=1048576) (default)
2022-10-13 11:30:03,071 [Listener at 0.0.0.0/33491] INFO  server.RaftServerConfigKeys (ConfUtils.java:logGet(46)) - raft.server.rpc.request.timeout = 3000ms (default)
2022-10-13 11:30:03,072 [Listener at 0.0.0.0/33491] INFO  grpc.GrpcConfigKeys (ConfUtils.java:logGet(46)) - raft.grpc.server.async.request.thread.pool.cached = true (default)
2022-10-13 11:30:03,072 [Listener at 0.0.0.0/33491] INFO  grpc.GrpcConfigKeys (ConfUtils.java:logGet(46)) - raft.grpc.server.async.request.thread.pool.size = 32 (default)
2022-10-13 11:30:03,073 [Listener at 0.0.0.0/33491] INFO  impl.DataStreamServerImpl (ConfUtils.java:logGet(46)) - raft.datastream.type = DISABLED (default)
2022-10-13 11:30:03,073 [Listener at 0.0.0.0/33491] INFO  server.RaftServerConfigKeys (ConfUtils.java:logGet(46)) - raft.server.threadpool.proxy.cached = true (default)
2022-10-13 11:30:03,073 [Listener at 0.0.0.0/33491] INFO  server.RaftServerConfigKeys (ConfUtils.java:logGet(46)) - raft.server.threadpool.proxy.size = 0 (default)
2022-10-13 11:30:03,074 [Listener at 0.0.0.0/33491] INFO  server.RaftServerConfigKeys (ConfUtils.java:logGet(46)) - raft.server.rpc.slowness.timeout = 120s (custom)
2022-10-13 11:30:03,074 [Listener at 0.0.0.0/33491] INFO  server.RaftServerConfigKeys (ConfUtils.java:logGet(46)) - raft.server.leaderelection.leader.step-down.wait-time = 10s (default)
2022-10-13 11:30:03,074 [Listener at 0.0.0.0/33491] INFO  server.RaftServerConfigKeys (ConfUtils.java:logGet(46)) - raft.server.storage.dir = [/home/runner/work/ozone/ozone/hadoop-ozone/integration-test/target/test-dir/MiniOzoneClusterImpl-cb6e840c-eeae-4d67-92af-d8558e489f02/ozone-meta/ratis] (custom)
2022-10-13 11:30:03,075 [Listener at 0.0.0.0/33491] INFO  server.RaftServer (RaftServerProxy.java:addNew(96)) - om1: addNew group-C5BA1605619E:[om1|rpc:localhost:9872|priority:0] returns group-C5BA1605619E:java.util.concurrent.CompletableFuture@1fb6a13a[Not completed]
2022-10-13 11:30:03,075 [pool-787-thread-1] INFO  server.RaftServer$Division (RaftServerImpl.java:<init>(190)) - om1: new RaftServerImpl for group-C5BA1605619E:[om1|rpc:localhost:9872|priority:0] with OzoneManagerStateMachine:uninitialized
2022-10-13 11:30:03,075 [Listener at 0.0.0.0/33491] INFO  om.OzoneManager (OzoneManager.java:initializeRatisServer(1976)) - OzoneManager Ratis server initialized at port 9872
2022-10-13 11:30:03,075 [pool-787-thread-1] INFO  server.RaftServerConfigKeys (ConfUtils.java:logGet(46)) - raft.server.rpc.timeout.min = 1s (custom)
2022-10-13 11:30:03,075 [pool-787-thread-1] INFO  server.RaftServerConfigKeys (ConfUtils.java:logGet(46)) - raft.server.rpc.timeout.max = 1200ms (custom)
2022-10-13 11:30:03,075 [pool-787-thread-1] INFO  server.RaftServerConfigKeys (ConfUtils.java:logGet(46)) - raft.server.rpc.sleep.time = 25ms (default)
2022-10-13 11:30:03,075 [pool-787-thread-1] INFO  server.RaftServerConfigKeys (ConfUtils.java:logGet(46)) - raft.server.rpc.slowness.timeout = 120s (custom)
2022-10-13 11:30:03,081 [pool-787-thread-1] INFO  server.RaftServerConfigKeys (ConfUtils.java:logGet(46)) - raft.server.leaderelection.leader.step-down.wait-time = 10s (default)
2022-10-13 11:30:03,081 [pool-787-thread-1] INFO  server.RaftServerConfigKeys (ConfUtils.java:logGet(46)) - raft.server.sleep.deviation.threshold = 300ms (default)
2022-10-13 11:30:03,081 [pool-787-thread-1] INFO  server.RaftServer$Division (ServerState.java:<init>(107)) - om1@group-C5BA1605619E: ConfigurationManager, init=-1: [om1|rpc:localhost:9872|priority:0], old=null, confs=<EMPTY_MAP>
2022-10-13 11:30:03,081 [pool-787-thread-1] INFO  server.RaftServerConfigKeys (ConfUtils.java:logGet(46)) - raft.server.storage.dir = [/home/runner/work/ozone/ozone/hadoop-ozone/integration-test/target/test-dir/MiniOzoneClusterImpl-cb6e840c-eeae-4d67-92af-d8558e489f02/ozone-meta/ratis] (custom)
2022-10-13 11:30:03,081 [pool-787-thread-1] INFO  server.RaftServerConfigKeys (ConfUtils.java:logGet(46)) - raft.server.log.corruption.policy = EXCEPTION (default)
2022-10-13 11:30:03,082 [pool-787-thread-1] INFO  server.RaftServerConfigKeys (ConfUtils.java:logGet(46)) - raft.server.storage.free-space.min = 0MB (=0) (default)
2022-10-13 11:30:03,082 [pool-787-thread-1] INFO  storage.RaftStorageDirectory (RaftStorageDirectoryImpl.java:analyzeStorage(135)) - The storage directory /home/runner/work/ozone/ozone/hadoop-ozone/integration-test/target/test-dir/MiniOzoneClusterImpl-cb6e840c-eeae-4d67-92af-d8558e489f02/ozone-meta/ratis/bf265839-605b-3f16-9796-c5ba1605619e does not exist. Creating ...
2022-10-13 11:30:03,076 [Listener at 0.0.0.0/33491] INFO  om.OzoneManager (OzoneManager.java:getRpcServer(1102)) - Creating RPC Server
2022-10-13 11:30:03,086 [pool-787-thread-1] INFO  storage.RaftStorageDirectory (RaftStorageDirectoryImpl.java:tryLock(230)) - Lock on /home/runner/work/ozone/ozone/hadoop-ozone/integration-test/target/test-dir/MiniOzoneClusterImpl-cb6e840c-eeae-4d67-92af-d8558e489f02/ozone-meta/ratis/bf265839-605b-3f16-9796-c5ba1605619e/in_use.lock acquired by nodename 2264@fv-az447-90
2022-10-13 11:30:03,088 [pool-787-thread-1] INFO  storage.RaftStorage (RaftStorageImpl.java:format(89)) - Storage directory /home/runner/work/ozone/ozone/hadoop-ozone/integration-test/target/test-dir/MiniOzoneClusterImpl-cb6e840c-eeae-4d67-92af-d8558e489f02/ozone-meta/ratis/bf265839-605b-3f16-9796-c5ba1605619e has been successfully formatted.
2022-10-13 11:30:03,089 [pool-787-thread-1] INFO  server.RaftServerConfigKeys (ConfUtils.java:logGet(46)) - raft.server.notification.no-leader.timeout = 120s (custom)
2022-10-13 11:30:03,089 [pool-787-thread-1] INFO  server.RaftServerConfigKeys (ConfUtils.java:logGet(46)) - raft.server.log.use.memory = false (default)
2022-10-13 11:30:03,089 [pool-787-thread-1] INFO  server.RaftServerConfigKeys (ConfUtils.java:logGet(46)) - raft.server.log.purge.gap = 1000000 (custom)
2022-10-13 11:30:03,089 [pool-787-thread-1] INFO  server.RaftServerConfigKeys (ConfUtils.java:logGet(46)) - raft.server.log.appender.buffer.byte-limit = 33554432 (custom)
2022-10-13 11:30:03,089 [pool-787-thread-1] INFO  server.RaftServerConfigKeys (ConfUtils.java:logGet(46)) - raft.server.log.statemachine.data.read.timeout = 1000ms (default)
2022-10-13 11:30:03,089 [pool-787-thread-1] INFO  server.RaftServerConfigKeys (ConfUtils.java:logGet(46)) - raft.server.log.segment.size.max = 4194304 (custom)
2022-10-13 11:30:03,090 [pool-787-thread-1] INFO  server.RaftServerConfigKeys (ConfUtils.java:logGet(46)) - raft.server.log.segment.cache.num.max = 2 (custom)
2022-10-13 11:30:03,090 [pool-787-thread-1] INFO  server.RaftServerConfigKeys (ConfUtils.java:logGet(46)) - raft.server.log.segment.cache.size.max = 200MB (=209715200) (default)
2022-10-13 11:30:03,090 [pool-787-thread-1] INFO  segmented.SegmentedRaftLogWorker (SegmentedRaftLogWorker.java:<init>(187)) - new om1@group-C5BA1605619E-SegmentedRaftLogWorker for RaftStorageImpl:Storage Directory /home/runner/work/ozone/ozone/hadoop-ozone/integration-test/target/test-dir/MiniOzoneClusterImpl-cb6e840c-eeae-4d67-92af-d8558e489f02/ozone-meta/ratis/bf265839-605b-3f16-9796-c5ba1605619e
2022-10-13 11:30:03,090 [pool-787-thread-1] INFO  server.RaftServerConfigKeys (ConfUtils.java:logGet(46)) - raft.server.log.queue.byte-limit = 64MB (=67108864) (default)
2022-10-13 11:30:03,090 [pool-787-thread-1] INFO  server.RaftServerConfigKeys (ConfUtils.java:logGet(46)) - raft.server.log.queue.element-limit = 4096 (default)
2022-10-13 11:30:03,090 [pool-787-thread-1] INFO  server.RaftServerConfigKeys (ConfUtils.java:logGet(46)) - raft.server.log.segment.size.max = 4194304 (custom)
2022-10-13 11:30:03,090 [pool-787-thread-1] INFO  server.RaftServerConfigKeys (ConfUtils.java:logGet(46)) - raft.server.log.preallocated.size = 4194304 (custom)
2022-10-13 11:30:03,090 [pool-787-thread-1] INFO  server.RaftServerConfigKeys (ConfUtils.java:logGet(46)) - raft.server.log.force.sync.num = 128 (default)
2022-10-13 11:30:03,090 [pool-787-thread-1] INFO  server.RaftServerConfigKeys (ConfUtils.java:logGet(46)) - raft.server.log.statemachine.data.sync = true (default)
2022-10-13 11:30:03,090 [pool-787-thread-1] INFO  server.RaftServerConfigKeys (ConfUtils.java:logGet(46)) - raft.server.log.statemachine.data.sync.timeout = 10s (default)
2022-10-13 11:30:03,090 [pool-787-thread-1] INFO  server.RaftServerConfigKeys (ConfUtils.java:logGet(46)) - raft.server.log.statemachine.data.sync.timeout.retry = -1 (default)
2022-10-13 11:30:03,091 [pool-787-thread-1] INFO  server.RaftServerConfigKeys (ConfUtils.java:logGet(46)) - raft.server.log.write.buffer.size = 64KB (=65536) (default)
2022-10-13 11:30:03,091 [pool-787-thread-1] INFO  server.RaftServerConfigKeys (ConfUtils.java:logGet(46)) - raft.server.log.unsafe-flush.enabled = false (default)
2022-10-13 11:30:03,091 [pool-787-thread-1] INFO  server.RaftServerConfigKeys (ConfUtils.java:logGet(46)) - raft.server.log.statemachine.data.caching.enabled = false (default)
2022-10-13 11:30:03,091 [pool-787-thread-1] INFO  segmented.SegmentedRaftLogWorker (SegmentedRaftLogWorker.java:lambda$new$0(135)) - om1@group-C5BA1605619E-SegmentedRaftLogWorker: flushIndex: setUnconditionally 0 -> -1
2022-10-13 11:30:03,092 [pool-787-thread-1] INFO  segmented.SegmentedRaftLogWorker (SegmentedRaftLogWorker.java:lambda$new$0(135)) - om1@group-C5BA1605619E-SegmentedRaftLogWorker: safeCacheEvictIndex: setUnconditionally 0 -> -1
2022-10-13 11:30:03,096 [pool-787-thread-1] INFO  server.RaftServerConfigKeys (ConfUtils.java:logGet(46)) - raft.server.snapshot.auto.trigger.enabled = true (custom)
2022-10-13 11:30:03,096 [pool-787-thread-1] INFO  server.RaftServerConfigKeys (ConfUtils.java:logGet(46)) - raft.server.snapshot.auto.trigger.threshold = 400000 (default)
2022-10-13 11:30:03,096 [pool-787-thread-1] INFO  server.RaftServerConfigKeys (ConfUtils.java:logGet(46)) - raft.server.snapshot.retention.file.num = -1 (default)
2022-10-13 11:30:03,096 [pool-787-thread-1] INFO  server.RaftServerConfigKeys (ConfUtils.java:logGet(46)) - raft.server.log.purge.upto.snapshot.index = true (custom)
2022-10-13 11:30:03,096 [pool-787-thread-1] INFO  server.RaftServerConfigKeys (ConfUtils.java:logGet(46)) - raft.server.retrycache.expirytime = 300s (custom)
2022-10-13 11:30:03,096 [pool-787-thread-1] INFO  server.RaftServerConfigKeys (ConfUtils.java:logGet(46)) - raft.server.retrycache.statistics.expirytime = 100μs (default)
2022-10-13 11:30:03,097 [pool-787-thread-1] INFO  server.RaftServerConfigKeys (ConfUtils.java:logGet(46)) - raft.server.log.appender.install.snapshot.enabled = false (custom)
2022-10-13 11:30:03,097 [pool-787-thread-1] INFO  server.RaftServerConfigKeys (ConfUtils.java:logGet(46)) - raft.server.threadpool.server.cached = true (default)
2022-10-13 11:30:03,097 [pool-787-thread-1] INFO  server.RaftServerConfigKeys (ConfUtils.java:logGet(46)) - raft.server.threadpool.server.size = 0 (default)
2022-10-13 11:30:03,097 [pool-787-thread-1] INFO  server.RaftServerConfigKeys (ConfUtils.java:logGet(46)) - raft.server.threadpool.client.cached = true (default)
2022-10-13 11:30:03,097 [pool-787-thread-1] INFO  server.RaftServerConfigKeys (ConfUtils.java:logGet(46)) - raft.server.threadpool.client.size = 0 (default)
2022-10-13 11:30:03,428 [Listener at 0.0.0.0/33491] INFO  reflections.Reflections (Reflections.java:scan(232)) - Reflections took 345 ms to scan 19 urls, producing 67 keys and 4232 values [using 2 cores]
2022-10-13 11:30:03,430 [Listener at 0.0.0.0/33491] INFO  ipc.CallQueueManager (CallQueueManager.java:<init>(90)) - Using callQueue: class java.util.concurrent.LinkedBlockingQueue, queueCapacity: 2000, scheduler: class org.apache.hadoop.ipc.DefaultRpcScheduler, ipcBackoff: false.
2022-10-13 11:30:03,431 [Socket Reader #1 for port 0] INFO  ipc.Server (Server.java:run(1273)) - Starting Socket Reader #1 for port 0
2022-10-13 11:30:03,447 [Listener at 127.0.0.1/41263] INFO  impl.MetricsSystemImpl (MetricsSystemImpl.java:init(158)) - OzoneManager metrics system started (again)
2022-10-13 11:30:03,457 [Listener at 127.0.0.1/41263] INFO  om.OzoneManager (OzoneManager.java:start(1483)) - OzoneManager RPC server is listening at localhost/127.0.0.1:41263
2022-10-13 11:30:03,457 [Listener at 127.0.0.1/41263] INFO  ratis.OzoneManagerRatisServer (OzoneManagerRatisServer.java:start(555)) - Starting OzoneManagerRatisServer om1 at port 9872
2022-10-13 11:30:03,457 [om1-impl-thread1] INFO  server.RaftServer$Division (RaftServerImpl.java:start(310)) - om1@group-C5BA1605619E: start as a follower, conf=-1: [om1|rpc:localhost:9872|priority:0], old=null
2022-10-13 11:30:03,457 [om1-impl-thread1] INFO  server.RaftServer$Division (RaftServerImpl.java:setRole(299)) - om1@group-C5BA1605619E: changes role from      null to FOLLOWER at term 0 for startAsFollower
2022-10-13 11:30:03,457 [om1-impl-thread1] INFO  impl.RoleInfo (RoleInfo.java:updateAndGet(139)) - om1: start om1@group-C5BA1605619E-FollowerState
2022-10-13 11:30:03,457 [om1-impl-thread1] INFO  util.JmxRegister (JmxRegister.java:tryRegister(44)) - Successfully registered JMX Bean with object name Ratis:service=RaftServer,group=group-C5BA1605619E,id=om1
2022-10-13 11:30:03,458 [Listener at 127.0.0.1/41263] INFO  server.RaftServer (RaftServerProxy.java:lambda$start$6(382)) - om1: start RPC server
2022-10-13 11:30:03,459 [Listener at 127.0.0.1/41263] INFO  server.GrpcService (GrpcService.java:startImpl(260)) - om1: GrpcService started, listening on 9872
2022-10-13 11:30:03,460 [org.apache.ratis.util.JvmPauseMonitor$$Lambda$690/1264163010@1218679a] INFO  util.JvmPauseMonitor (JvmPauseMonitor.java:run(103)) - JvmPauseMonitor-om1: Started
2022-10-13 11:30:03,460 [Listener at 127.0.0.1/41263] INFO  om.OzoneManager (OzoneManager.java:start(1499)) - Version File has different layout version (3) than OM DB (null). That is expected if this OM has never been finalized to a newer layout version.
2022-10-13 11:30:03,462 [Listener at 127.0.0.1/41263] INFO  http.BaseHttpServer (BaseHttpServer.java:newHttpServer2BuilderForOzone(213)) - Starting Web-server for ozoneManager at: http://0.0.0.0:0
2022-10-13 11:30:03,462 [Listener at 127.0.0.1/41263] INFO  http.BaseHttpServer (BaseHttpServer.java:<init>(108)) - Hadoop Security Enabled: false Ozone Security Enabled: false Ozone HTTP Security Enabled: false 
2022-10-13 11:30:03,463 [Listener at 127.0.0.1/41263] WARN  server.AuthenticationFilter (AuthenticationFilter.java:constructSecretProvider(240)) - Unable to initialize FileSignerSecretProvider, falling back to use random secrets. Reason: Could not read signature secret file: /home/runner/hadoop-http-auth-signature-secret
2022-10-13 11:30:03,463 [Listener at 127.0.0.1/41263] WARN  http.HttpRequestLog (HttpRequestLog.java:getRequestLog(103)) - Jetty request log can only be enabled using Log4j
2022-10-13 11:30:03,464 [Listener at 127.0.0.1/41263] INFO  http.HttpServer2 (HttpServer2.java:addGlobalFilter(1031)) - Added global filter 'safety' (class=org.apache.hadoop.hdds.server.http.HttpServer2$QuotingInputFilter)
2022-10-13 11:30:03,465 [Listener at 127.0.0.1/41263] INFO  http.HttpServer2 (HttpServer2.java:addFilter(1007)) - Added filter static_user_filter (class=org.apache.hadoop.http.lib.StaticUserWebFilter$StaticUserFilter) to context ozoneManager
2022-10-13 11:30:03,465 [Listener at 127.0.0.1/41263] INFO  http.HttpServer2 (HttpServer2.java:addFilter(1015)) - Added filter static_user_filter (class=org.apache.hadoop.http.lib.StaticUserWebFilter$StaticUserFilter) to context logs
2022-10-13 11:30:03,465 [Listener at 127.0.0.1/41263] INFO  http.HttpServer2 (HttpServer2.java:addFilter(1015)) - Added filter static_user_filter (class=org.apache.hadoop.http.lib.StaticUserWebFilter$StaticUserFilter) to context static
2022-10-13 11:30:03,465 [Listener at 127.0.0.1/41263] INFO  http.HttpServer2 (HttpServer2.java:bindListener(1250)) - Jetty bound to port 42303
2022-10-13 11:30:03,466 [Listener at 127.0.0.1/41263] INFO  server.Server (Server.java:doStart(375)) - jetty-9.4.43.v20210629; built: 2021-06-30T11:07:22.254Z; git: 526006ecfa3af7f1a27ef3a288e2bef7ea9dd7e8; jvm 1.8.0_345-b01
2022-10-13 11:30:03,477 [Listener at 127.0.0.1/41263] INFO  server.session (DefaultSessionIdManager.java:doStart(334)) - DefaultSessionIdManager workerName=node0
2022-10-13 11:30:03,477 [Listener at 127.0.0.1/41263] INFO  server.session (DefaultSessionIdManager.java:doStart(339)) - No SessionScavenger set, using defaults
2022-10-13 11:30:03,478 [Listener at 127.0.0.1/41263] INFO  server.session (HouseKeeper.java:startScavenging(132)) - node0 Scavenging every 600000ms
2022-10-13 11:30:03,479 [Listener at 127.0.0.1/41263] INFO  handler.ContextHandler (ContextHandler.java:doStart(915)) - Started o.e.j.s.ServletContextHandler@f29d52c{logs,/logs,file:///home/runner/work/ozone/ozone/hadoop-ozone/integration-test/target/log,AVAILABLE}
2022-10-13 11:30:03,480 [Listener at 127.0.0.1/41263] INFO  handler.ContextHandler (ContextHandler.java:doStart(915)) - Started o.e.j.s.ServletContextHandler@799058fd{static,/static,file:///home/runner/work/ozone/ozone/hadoop-ozone/integration-test/target/test-classes/webapps/static,AVAILABLE}
2022-10-13 11:30:03,485 [Listener at 127.0.0.1/41263] INFO  handler.ContextHandler (ContextHandler.java:doStart(915)) - Started o.e.j.w.WebAppContext@59a45b95{ozoneManager,/,file:///home/runner/work/ozone/ozone/hadoop-ozone/integration-test/target/test-classes/webapps/ozoneManager/,AVAILABLE}{file:/home/runner/work/ozone/ozone/hadoop-ozone/integration-test/target/test-classes/webapps/ozoneManager}
2022-10-13 11:30:03,486 [Listener at 127.0.0.1/41263] INFO  server.AbstractConnector (AbstractConnector.java:doStart(331)) - Started ServerConnector@3f6075ce{HTTP/1.1, (http/1.1)}{0.0.0.0:42303}
2022-10-13 11:30:03,486 [Listener at 127.0.0.1/41263] INFO  server.Server (Server.java:doStart(415)) - Started @117023ms
2022-10-13 11:30:03,486 [Listener at 127.0.0.1/41263] WARN  impl.MetricsSystemImpl (MetricsSystemImpl.java:register(279)) - Sink prometheus already exists!
2022-10-13 11:30:03,486 [Listener at 127.0.0.1/41263] INFO  http.BaseHttpServer (BaseHttpServer.java:updateConnectorAddress(333)) - HTTP server of ozoneManager listening at http://0.0.0.0:42303
2022-10-13 11:30:03,487 [IPC Server Responder] INFO  ipc.Server (Server.java:run(1512)) - IPC Server Responder: starting
2022-10-13 11:30:03,487 [IPC Server listener on 0] INFO  ipc.Server (Server.java:run(1352)) - IPC Server listener on 0: starting
2022-10-13 11:30:03,495 [Listener at 127.0.0.1/41263] INFO  om.OzoneManager (OzoneManager.java:startTrashEmptier(1920)) - Trash Interval set to 0. Files deleted won't move to trash
2022-10-13 11:30:03,497 [org.apache.hadoop.util.JvmPauseMonitor$Monitor@2c5f702b] INFO  util.JvmPauseMonitor (JvmPauseMonitor.java:run(188)) - Starting JVM pause monitor
2022-10-13 11:30:03,504 [Listener at 127.0.0.1/41263] WARN  impl.MetricRegistriesImpl (MetricRegistriesImpl.java:addReporterRegistration(111)) - New reporters are added after registries were created. Some metrics will be missing from the reporter. Please add reporter before adding any new registry.
2022-10-13 11:30:03,504 [Listener at 127.0.0.1/41263] WARN  impl.MetricRegistriesImpl (MetricRegistriesImpl.java:addReporterRegistration(111)) - New reporters are added after registries were created. Some metrics will be missing from the reporter. Please add reporter before adding any new registry.
2022-10-13 11:30:03,504 [Listener at 127.0.0.1/41263] INFO  impl.MetricsSystemImpl (MetricsSystemImpl.java:init(158)) - HddsDatanode metrics system started (again)
2022-10-13 11:30:03,516 [Listener at 127.0.0.1/41263] INFO  ozone.HddsDatanodeService (HddsDatanodeService.java:start(236)) - HddsDatanodeService host:fv-az447-90.tnmeiuxxsqeu3byeydcnbj0j5d.dx.internal.cloudapp.net ip:10.1.0.139
2022-10-13 11:30:03,540 [Listener at 127.0.0.1/41263] INFO  upgrade.AbstractLayoutVersionManager (AbstractLayoutVersionManager.java:init(83)) - Initializing Layout version manager with metadata layout = DATANODE_SCHEMA_V3 (version = 4), software layout = DATANODE_SCHEMA_V3 (version = 4)
2022-10-13 11:30:03,579 [Listener at 127.0.0.1/41263] INFO  reflections.Reflections (Reflections.java:scan(232)) - Reflections took 38 ms to scan 7 urls, producing 137 keys and 328 values 
2022-10-13 11:30:03,580 [Listener at 127.0.0.1/41263] INFO  statemachine.DatanodeStateMachine (DatanodeStateMachine.java:getEndPointTaskThreadPoolSize(237)) - Datanode State Machine Task Thread Pool size 2
2022-10-13 11:30:03,582 [Listener at 127.0.0.1/41263] INFO  volume.HddsVolume (HddsVolume.java:<init>(117)) - Creating HddsVolume: /home/runner/work/ozone/ozone/hadoop-ozone/integration-test/target/test-dir/MiniOzoneClusterImpl-cb6e840c-eeae-4d67-92af-d8558e489f02/datanode-0/data-0/containers/hdds of storage type : DISK capacity : 9223372036854775807
2022-10-13 11:30:03,582 [Listener at 127.0.0.1/41263] INFO  volume.MutableVolumeSet (MutableVolumeSet.java:initializeVolumeSet(174)) - Added Volume : /home/runner/work/ozone/ozone/hadoop-ozone/integration-test/target/test-dir/MiniOzoneClusterImpl-cb6e840c-eeae-4d67-92af-d8558e489f02/datanode-0/data-0/containers/hdds to VolumeSet
2022-10-13 11:30:03,582 [Listener at 127.0.0.1/41263] INFO  volume.ThrottledAsyncChecker (ThrottledAsyncChecker.java:schedule(141)) - Scheduling a check for /home/runner/work/ozone/ozone/hadoop-ozone/integration-test/target/test-dir/MiniOzoneClusterImpl-cb6e840c-eeae-4d67-92af-d8558e489f02/datanode-0/data-0/containers/hdds
2022-10-13 11:30:03,582 [Listener at 127.0.0.1/41263] INFO  volume.StorageVolumeChecker (StorageVolumeChecker.java:checkAllVolumes(202)) - Scheduled health check for volume /home/runner/work/ozone/ozone/hadoop-ozone/integration-test/target/test-dir/MiniOzoneClusterImpl-cb6e840c-eeae-4d67-92af-d8558e489f02/datanode-0/data-0/containers/hdds
2022-10-13 11:30:03,592 [Listener at 127.0.0.1/41263] INFO  volume.MutableVolumeSet (MutableVolumeSet.java:initializeVolumeSet(174)) - Added Volume : /home/runner/work/ozone/ozone/hadoop-ozone/integration-test/target/test-dir/MiniOzoneClusterImpl-cb6e840c-eeae-4d67-92af-d8558e489f02/datanode-0/data/ratis to VolumeSet
2022-10-13 11:30:03,593 [Listener at 127.0.0.1/41263] INFO  volume.ThrottledAsyncChecker (ThrottledAsyncChecker.java:schedule(141)) - Scheduling a check for /home/runner/work/ozone/ozone/hadoop-ozone/integration-test/target/test-dir/MiniOzoneClusterImpl-cb6e840c-eeae-4d67-92af-d8558e489f02/datanode-0/data/ratis
2022-10-13 11:30:03,593 [Listener at 127.0.0.1/41263] INFO  volume.StorageVolumeChecker (StorageVolumeChecker.java:checkAllVolumes(202)) - Scheduled health check for volume /home/runner/work/ozone/ozone/hadoop-ozone/integration-test/target/test-dir/MiniOzoneClusterImpl-cb6e840c-eeae-4d67-92af-d8558e489f02/datanode-0/data/ratis
2022-10-13 11:30:03,602 [Thread-1407] INFO  ozoneimpl.ContainerReader (ContainerReader.java:readVolume(175)) - Finish verifying containers on volume /home/runner/work/ozone/ozone/hadoop-ozone/integration-test/target/test-dir/MiniOzoneClusterImpl-cb6e840c-eeae-4d67-92af-d8558e489f02/datanode-0/data-0/containers/hdds
2022-10-13 11:30:03,602 [Listener at 127.0.0.1/41263] INFO  ozoneimpl.OzoneContainer (OzoneContainer.java:buildContainerSet(300)) - Build ContainerSet costs 0s
2022-10-13 11:30:03,604 [Listener at 127.0.0.1/41263] INFO  server.RaftServer (ConfUtils.java:logGet(46)) - raft.rpc.type = GRPC (default)
2022-10-13 11:30:03,604 [Listener at 127.0.0.1/41263] INFO  grpc.GrpcFactory (GrpcFactory.java:checkPooledByteBufAllocatorUseCacheForAllThreads(48)) - PERFORMANCE WARNING: useCacheForAllThreads is true that may cause Netty to create a lot garbage objects and, as a result, trigger GC.
	It is recommended to disable useCacheForAllThreads by setting -Dorg.apache.ratis.thirdparty.io.netty.allocator.useCacheForAllThreads=false in command line.
2022-10-13 11:30:03,604 [Listener at 127.0.0.1/41263] INFO  grpc.GrpcConfigKeys (ConfUtils.java:logGet(46)) - raft.grpc.admin.port = 0 (custom)
2022-10-13 11:30:03,605 [Listener at 127.0.0.1/41263] INFO  grpc.GrpcConfigKeys (ConfUtils.java:logGet(46)) - raft.grpc.client.port = 0 (custom)
2022-10-13 11:30:03,605 [Listener at 127.0.0.1/41263] INFO  grpc.GrpcConfigKeys (ConfUtils.java:logGet(46)) - raft.grpc.server.port = 0 (default)
2022-10-13 11:30:03,605 [Listener at 127.0.0.1/41263] INFO  server.GrpcService (ConfUtils.java:logGet(46)) - raft.grpc.message.size.max = 32MB (=33554432) (custom)
2022-10-13 11:30:03,605 [Listener at 127.0.0.1/41263] INFO  server.RaftServerConfigKeys (ConfUtils.java:logGet(46)) - raft.server.log.appender.buffer.byte-limit = 33554432 (custom)
2022-10-13 11:30:03,605 [Listener at 127.0.0.1/41263] INFO  server.GrpcService (ConfUtils.java:logGet(46)) - raft.grpc.flow.control.window = 5MB (=5242880) (custom)
2022-10-13 11:30:03,605 [Listener at 127.0.0.1/41263] INFO  server.RaftServerConfigKeys (ConfUtils.java:logGet(46)) - raft.server.rpc.request.timeout = 60s (custom)
2022-10-13 11:30:03,605 [Listener at 127.0.0.1/41263] INFO  grpc.GrpcConfigKeys (ConfUtils.java:logGet(46)) - raft.grpc.server.async.request.thread.pool.cached = true (default)
2022-10-13 11:30:03,605 [Listener at 127.0.0.1/41263] INFO  grpc.GrpcConfigKeys (ConfUtils.java:logGet(46)) - raft.grpc.server.async.request.thread.pool.size = 32 (default)
2022-10-13 11:30:03,606 [Listener at 127.0.0.1/41263] INFO  impl.DataStreamServerImpl (ConfUtils.java:logGet(46)) - raft.datastream.type = DISABLED (default)
2022-10-13 11:30:03,607 [Listener at 127.0.0.1/41263] INFO  server.RaftServerConfigKeys (ConfUtils.java:logGet(46)) - raft.server.threadpool.proxy.cached = true (default)
2022-10-13 11:30:03,607 [Listener at 127.0.0.1/41263] INFO  server.RaftServerConfigKeys (ConfUtils.java:logGet(46)) - raft.server.threadpool.proxy.size = 0 (default)
2022-10-13 11:30:03,607 [Listener at 127.0.0.1/41263] INFO  server.RaftServerConfigKeys (ConfUtils.java:logGet(46)) - raft.server.rpc.slowness.timeout = 300s (custom)
2022-10-13 11:30:03,607 [Listener at 127.0.0.1/41263] INFO  server.RaftServerConfigKeys (ConfUtils.java:logGet(46)) - raft.server.leaderelection.leader.step-down.wait-time = 10s (default)
2022-10-13 11:30:03,607 [Listener at 127.0.0.1/41263] INFO  server.RaftServerConfigKeys (ConfUtils.java:logGet(46)) - raft.server.storage.dir = [/home/runner/work/ozone/ozone/hadoop-ozone/integration-test/target/test-dir/MiniOzoneClusterImpl-cb6e840c-eeae-4d67-92af-d8558e489f02/datanode-0/data/ratis] (custom)
2022-10-13 11:30:03,608 [Listener at 127.0.0.1/41263] INFO  server.XceiverServerGrpc (XceiverServerGrpc.java:<init>(132)) - GrpcServer channel type EpollServerSocketChannel
2022-10-13 11:30:03,619 [Listener at 127.0.0.1/41263] INFO  http.BaseHttpServer (BaseHttpServer.java:newHttpServer2BuilderForOzone(213)) - Starting Web-server for hddsDatanode at: http://0.0.0.0:0
2022-10-13 11:30:03,620 [Listener at 127.0.0.1/41263] INFO  http.BaseHttpServer (BaseHttpServer.java:<init>(108)) - Hadoop Security Enabled: false Ozone Security Enabled: false Ozone HTTP Security Enabled: false 
2022-10-13 11:30:03,620 [Listener at 127.0.0.1/41263] WARN  server.AuthenticationFilter (AuthenticationFilter.java:constructSecretProvider(240)) - Unable to initialize FileSignerSecretProvider, falling back to use random secrets. Reason: Could not read signature secret file: /home/runner/hadoop-http-auth-signature-secret
2022-10-13 11:30:03,622 [Listener at 127.0.0.1/41263] WARN  http.HttpRequestLog (HttpRequestLog.java:getRequestLog(103)) - Jetty request log can only be enabled using Log4j
2022-10-13 11:30:03,623 [Listener at 127.0.0.1/41263] INFO  http.HttpServer2 (HttpServer2.java:addGlobalFilter(1031)) - Added global filter 'safety' (class=org.apache.hadoop.hdds.server.http.HttpServer2$QuotingInputFilter)
2022-10-13 11:30:03,623 [Listener at 127.0.0.1/41263] INFO  http.HttpServer2 (HttpServer2.java:addFilter(1007)) - Added filter static_user_filter (class=org.apache.hadoop.http.lib.StaticUserWebFilter$StaticUserFilter) to context hddsDatanode
2022-10-13 11:30:03,624 [Listener at 127.0.0.1/41263] INFO  http.HttpServer2 (HttpServer2.java:addFilter(1015)) - Added filter static_user_filter (class=org.apache.hadoop.http.lib.StaticUserWebFilter$StaticUserFilter) to context logs
2022-10-13 11:30:03,624 [Listener at 127.0.0.1/41263] INFO  http.HttpServer2 (HttpServer2.java:addFilter(1015)) - Added filter static_user_filter (class=org.apache.hadoop.http.lib.StaticUserWebFilter$StaticUserFilter) to context static
2022-10-13 11:30:03,624 [Listener at 127.0.0.1/41263] INFO  http.HttpServer2 (HttpServer2.java:bindListener(1250)) - Jetty bound to port 33457
2022-10-13 11:30:03,624 [Listener at 127.0.0.1/41263] INFO  server.Server (Server.java:doStart(375)) - jetty-9.4.43.v20210629; built: 2021-06-30T11:07:22.254Z; git: 526006ecfa3af7f1a27ef3a288e2bef7ea9dd7e8; jvm 1.8.0_345-b01
2022-10-13 11:30:03,626 [Listener at 127.0.0.1/41263] INFO  server.session (DefaultSessionIdManager.java:doStart(334)) - DefaultSessionIdManager workerName=node0
2022-10-13 11:30:03,626 [Listener at 127.0.0.1/41263] INFO  server.session (DefaultSessionIdManager.java:doStart(339)) - No SessionScavenger set, using defaults
2022-10-13 11:30:03,626 [Listener at 127.0.0.1/41263] INFO  server.session (HouseKeeper.java:startScavenging(132)) - node0 Scavenging every 660000ms
2022-10-13 11:30:03,627 [Listener at 127.0.0.1/41263] INFO  handler.ContextHandler (ContextHandler.java:doStart(915)) - Started o.e.j.s.ServletContextHandler@d634eb0{logs,/logs,file:///home/runner/work/ozone/ozone/hadoop-ozone/integration-test/target/log,AVAILABLE}
2022-10-13 11:30:03,627 [Listener at 127.0.0.1/41263] INFO  handler.ContextHandler (ContextHandler.java:doStart(915)) - Started o.e.j.s.ServletContextHandler@1a3b8cf6{static,/static,jar:file:/home/runner/.m2/repository/org/apache/ozone/hdds-container-service/1.3.0-SNAPSHOT/hdds-container-service-1.3.0-SNAPSHOT.jar!/webapps/static,AVAILABLE}
2022-10-13 11:30:03,805 [Listener at 127.0.0.1/41263] INFO  handler.ContextHandler (ContextHandler.java:doStart(915)) - Started o.e.j.w.WebAppContext@14cef937{hddsDatanode,/,file:///tmp/jetty-0_0_0_0-33457-hdds-container-service-1_3_0-SNAPSHOT_jar-_-any-8572107629517117677/webapp/,AVAILABLE}{jar:file:/home/runner/.m2/repository/org/apache/ozone/hdds-container-service/1.3.0-SNAPSHOT/hdds-container-service-1.3.0-SNAPSHOT.jar!/webapps/hddsDatanode}
2022-10-13 11:30:03,807 [Listener at 127.0.0.1/41263] INFO  server.AbstractConnector (AbstractConnector.java:doStart(331)) - Started ServerConnector@28d340f2{HTTP/1.1, (http/1.1)}{0.0.0.0:33457}
2022-10-13 11:30:03,807 [Listener at 127.0.0.1/41263] INFO  server.Server (Server.java:doStart(415)) - Started @117345ms
2022-10-13 11:30:03,807 [Listener at 127.0.0.1/41263] WARN  impl.MetricsSystemImpl (MetricsSystemImpl.java:register(279)) - Sink prometheus already exists!
2022-10-13 11:30:03,808 [Listener at 127.0.0.1/41263] INFO  http.BaseHttpServer (BaseHttpServer.java:updateConnectorAddress(333)) - HTTP server of hddsDatanode listening at http://0.0.0.0:33457
2022-10-13 11:30:03,809 [Datanode State Machine Daemon Thread] INFO  statemachine.DatanodeStateMachine (DatanodeStateMachine.java:lambda$startDaemon$0(492)) - Ozone container server started.
2022-10-13 11:30:03,809 [Listener at 127.0.0.1/41263] WARN  impl.MetricRegistriesImpl (MetricRegistriesImpl.java:addReporterRegistration(111)) - New reporters are added after registries were created. Some metrics will be missing from the reporter. Please add reporter before adding any new registry.
2022-10-13 11:30:03,810 [Listener at 127.0.0.1/41263] WARN  impl.MetricRegistriesImpl (MetricRegistriesImpl.java:addReporterRegistration(111)) - New reporters are added after registries were created. Some metrics will be missing from the reporter. Please add reporter before adding any new registry.
2022-10-13 11:30:03,810 [Listener at 127.0.0.1/41263] INFO  impl.MetricsSystemImpl (MetricsSystemImpl.java:init(158)) - HddsDatanode metrics system started (again)
2022-10-13 11:30:03,817 [org.apache.hadoop.util.JvmPauseMonitor$Monitor@227d6a68] INFO  util.JvmPauseMonitor (JvmPauseMonitor.java:run(188)) - Starting JVM pause monitor
2022-10-13 11:30:03,821 [Listener at 127.0.0.1/41263] INFO  ozone.HddsDatanodeService (HddsDatanodeService.java:start(236)) - HddsDatanodeService host:fv-az447-90.tnmeiuxxsqeu3byeydcnbj0j5d.dx.internal.cloudapp.net ip:10.1.0.139
2022-10-13 11:30:03,827 [Datanode State Machine Task Thread - 0] INFO  datanode.InitDatanodeState (InitDatanodeState.java:persistContainerDatanodeDetails(138)) - DatanodeDetails is persisted to /home/runner/work/ozone/ozone/hadoop-ozone/integration-test/target/test-dir/MiniOzoneClusterImpl-cb6e840c-eeae-4d67-92af-d8558e489f02/datanode-0/meta/datanode.id
2022-10-13 11:30:03,847 [Listener at 127.0.0.1/41263] INFO  upgrade.AbstractLayoutVersionManager (AbstractLayoutVersionManager.java:init(83)) - Initializing Layout version manager with metadata layout = DATANODE_SCHEMA_V3 (version = 4), software layout = DATANODE_SCHEMA_V3 (version = 4)
2022-10-13 11:30:03,887 [Listener at 127.0.0.1/41263] INFO  reflections.Reflections (Reflections.java:scan(232)) - Reflections took 39 ms to scan 7 urls, producing 137 keys and 328 values 
2022-10-13 11:30:03,888 [Listener at 127.0.0.1/41263] INFO  statemachine.DatanodeStateMachine (DatanodeStateMachine.java:getEndPointTaskThreadPoolSize(237)) - Datanode State Machine Task Thread Pool size 2
2022-10-13 11:30:03,889 [Listener at 127.0.0.1/41263] INFO  volume.HddsVolume (HddsVolume.java:<init>(117)) - Creating HddsVolume: /home/runner/work/ozone/ozone/hadoop-ozone/integration-test/target/test-dir/MiniOzoneClusterImpl-cb6e840c-eeae-4d67-92af-d8558e489f02/datanode-1/data-0/containers/hdds of storage type : DISK capacity : 9223372036854775807
2022-10-13 11:30:03,889 [Listener at 127.0.0.1/41263] INFO  volume.MutableVolumeSet (MutableVolumeSet.java:initializeVolumeSet(174)) - Added Volume : /home/runner/work/ozone/ozone/hadoop-ozone/integration-test/target/test-dir/MiniOzoneClusterImpl-cb6e840c-eeae-4d67-92af-d8558e489f02/datanode-1/data-0/containers/hdds to VolumeSet
2022-10-13 11:30:03,890 [Listener at 127.0.0.1/41263] INFO  volume.ThrottledAsyncChecker (ThrottledAsyncChecker.java:schedule(141)) - Scheduling a check for /home/runner/work/ozone/ozone/hadoop-ozone/integration-test/target/test-dir/MiniOzoneClusterImpl-cb6e840c-eeae-4d67-92af-d8558e489f02/datanode-1/data-0/containers/hdds
2022-10-13 11:30:03,890 [Listener at 127.0.0.1/41263] INFO  volume.StorageVolumeChecker (StorageVolumeChecker.java:checkAllVolumes(202)) - Scheduled health check for volume /home/runner/work/ozone/ozone/hadoop-ozone/integration-test/target/test-dir/MiniOzoneClusterImpl-cb6e840c-eeae-4d67-92af-d8558e489f02/datanode-1/data-0/containers/hdds
2022-10-13 11:30:03,900 [Listener at 127.0.0.1/41263] INFO  volume.MutableVolumeSet (MutableVolumeSet.java:initializeVolumeSet(174)) - Added Volume : /home/runner/work/ozone/ozone/hadoop-ozone/integration-test/target/test-dir/MiniOzoneClusterImpl-cb6e840c-eeae-4d67-92af-d8558e489f02/datanode-1/data/ratis to VolumeSet
2022-10-13 11:30:03,900 [Listener at 127.0.0.1/41263] INFO  volume.ThrottledAsyncChecker (ThrottledAsyncChecker.java:schedule(141)) - Scheduling a check for /home/runner/work/ozone/ozone/hadoop-ozone/integration-test/target/test-dir/MiniOzoneClusterImpl-cb6e840c-eeae-4d67-92af-d8558e489f02/datanode-1/data/ratis
2022-10-13 11:30:03,900 [Listener at 127.0.0.1/41263] INFO  volume.StorageVolumeChecker (StorageVolumeChecker.java:checkAllVolumes(202)) - Scheduled health check for volume /home/runner/work/ozone/ozone/hadoop-ozone/integration-test/target/test-dir/MiniOzoneClusterImpl-cb6e840c-eeae-4d67-92af-d8558e489f02/datanode-1/data/ratis
2022-10-13 11:30:03,910 [Thread-1420] INFO  ozoneimpl.ContainerReader (ContainerReader.java:readVolume(175)) - Finish verifying containers on volume /home/runner/work/ozone/ozone/hadoop-ozone/integration-test/target/test-dir/MiniOzoneClusterImpl-cb6e840c-eeae-4d67-92af-d8558e489f02/datanode-1/data-0/containers/hdds
2022-10-13 11:30:03,910 [Listener at 127.0.0.1/41263] INFO  ozoneimpl.OzoneContainer (OzoneContainer.java:buildContainerSet(300)) - Build ContainerSet costs 0s
2022-10-13 11:30:03,911 [Listener at 127.0.0.1/41263] INFO  server.RaftServer (ConfUtils.java:logGet(46)) - raft.rpc.type = GRPC (default)
2022-10-13 11:30:03,912 [Listener at 127.0.0.1/41263] INFO  grpc.GrpcFactory (GrpcFactory.java:checkPooledByteBufAllocatorUseCacheForAllThreads(48)) - PERFORMANCE WARNING: useCacheForAllThreads is true that may cause Netty to create a lot garbage objects and, as a result, trigger GC.
	It is recommended to disable useCacheForAllThreads by setting -Dorg.apache.ratis.thirdparty.io.netty.allocator.useCacheForAllThreads=false in command line.
2022-10-13 11:30:03,912 [Listener at 127.0.0.1/41263] INFO  grpc.GrpcConfigKeys (ConfUtils.java:logGet(46)) - raft.grpc.admin.port = 0 (custom)
2022-10-13 11:30:03,912 [Listener at 127.0.0.1/41263] INFO  grpc.GrpcConfigKeys (ConfUtils.java:logGet(46)) - raft.grpc.client.port = 0 (custom)
2022-10-13 11:30:03,912 [Listener at 127.0.0.1/41263] INFO  grpc.GrpcConfigKeys (ConfUtils.java:logGet(46)) - raft.grpc.server.port = 0 (default)
2022-10-13 11:30:03,912 [Listener at 127.0.0.1/41263] INFO  server.GrpcService (ConfUtils.java:logGet(46)) - raft.grpc.message.size.max = 32MB (=33554432) (custom)
2022-10-13 11:30:03,912 [Listener at 127.0.0.1/41263] INFO  server.RaftServerConfigKeys (ConfUtils.java:logGet(46)) - raft.server.log.appender.buffer.byte-limit = 33554432 (custom)
2022-10-13 11:30:03,912 [Listener at 127.0.0.1/41263] INFO  server.GrpcService (ConfUtils.java:logGet(46)) - raft.grpc.flow.control.window = 5MB (=5242880) (custom)
2022-10-13 11:30:03,912 [Listener at 127.0.0.1/41263] INFO  server.RaftServerConfigKeys (ConfUtils.java:logGet(46)) - raft.server.rpc.request.timeout = 60s (custom)
2022-10-13 11:30:03,913 [Listener at 127.0.0.1/41263] INFO  grpc.GrpcConfigKeys (ConfUtils.java:logGet(46)) - raft.grpc.server.async.request.thread.pool.cached = true (default)
2022-10-13 11:30:03,913 [Listener at 127.0.0.1/41263] INFO  grpc.GrpcConfigKeys (ConfUtils.java:logGet(46)) - raft.grpc.server.async.request.thread.pool.size = 32 (default)
2022-10-13 11:30:03,914 [Listener at 127.0.0.1/41263] INFO  impl.DataStreamServerImpl (ConfUtils.java:logGet(46)) - raft.datastream.type = DISABLED (default)
2022-10-13 11:30:03,914 [Listener at 127.0.0.1/41263] INFO  server.RaftServerConfigKeys (ConfUtils.java:logGet(46)) - raft.server.threadpool.proxy.cached = true (default)
2022-10-13 11:30:03,914 [Listener at 127.0.0.1/41263] INFO  server.RaftServerConfigKeys (ConfUtils.java:logGet(46)) - raft.server.threadpool.proxy.size = 0 (default)
2022-10-13 11:30:03,914 [Listener at 127.0.0.1/41263] INFO  server.RaftServerConfigKeys (ConfUtils.java:logGet(46)) - raft.server.rpc.slowness.timeout = 300s (custom)
2022-10-13 11:30:03,914 [Listener at 127.0.0.1/41263] INFO  server.RaftServerConfigKeys (ConfUtils.java:logGet(46)) - raft.server.leaderelection.leader.step-down.wait-time = 10s (default)
2022-10-13 11:30:03,915 [Listener at 127.0.0.1/41263] INFO  server.RaftServerConfigKeys (ConfUtils.java:logGet(46)) - raft.server.storage.dir = [/home/runner/work/ozone/ozone/hadoop-ozone/integration-test/target/test-dir/MiniOzoneClusterImpl-cb6e840c-eeae-4d67-92af-d8558e489f02/datanode-1/data/ratis] (custom)
2022-10-13 11:30:03,916 [Listener at 127.0.0.1/41263] INFO  server.XceiverServerGrpc (XceiverServerGrpc.java:<init>(132)) - GrpcServer channel type EpollServerSocketChannel
2022-10-13 11:30:03,919 [Listener at 127.0.0.1/41263] INFO  http.BaseHttpServer (BaseHttpServer.java:newHttpServer2BuilderForOzone(213)) - Starting Web-server for hddsDatanode at: http://0.0.0.0:0
2022-10-13 11:30:03,919 [Listener at 127.0.0.1/41263] INFO  http.BaseHttpServer (BaseHttpServer.java:<init>(108)) - Hadoop Security Enabled: false Ozone Security Enabled: false Ozone HTTP Security Enabled: false 
2022-10-13 11:30:03,919 [Listener at 127.0.0.1/41263] WARN  server.AuthenticationFilter (AuthenticationFilter.java:constructSecretProvider(240)) - Unable to initialize FileSignerSecretProvider, falling back to use random secrets. Reason: Could not read signature secret file: /home/runner/hadoop-http-auth-signature-secret
2022-10-13 11:30:03,920 [Listener at 127.0.0.1/41263] WARN  http.HttpRequestLog (HttpRequestLog.java:getRequestLog(103)) - Jetty request log can only be enabled using Log4j
2022-10-13 11:30:03,921 [Listener at 127.0.0.1/41263] INFO  http.HttpServer2 (HttpServer2.java:addGlobalFilter(1031)) - Added global filter 'safety' (class=org.apache.hadoop.hdds.server.http.HttpServer2$QuotingInputFilter)
2022-10-13 11:30:03,921 [Listener at 127.0.0.1/41263] INFO  http.HttpServer2 (HttpServer2.java:addFilter(1007)) - Added filter static_user_filter (class=org.apache.hadoop.http.lib.StaticUserWebFilter$StaticUserFilter) to context hddsDatanode
2022-10-13 11:30:03,922 [Listener at 127.0.0.1/41263] INFO  http.HttpServer2 (HttpServer2.java:addFilter(1015)) - Added filter static_user_filter (class=org.apache.hadoop.http.lib.StaticUserWebFilter$StaticUserFilter) to context logs
2022-10-13 11:30:03,922 [Listener at 127.0.0.1/41263] INFO  http.HttpServer2 (HttpServer2.java:addFilter(1015)) - Added filter static_user_filter (class=org.apache.hadoop.http.lib.StaticUserWebFilter$StaticUserFilter) to context static
2022-10-13 11:30:03,922 [Listener at 127.0.0.1/41263] INFO  http.HttpServer2 (HttpServer2.java:bindListener(1250)) - Jetty bound to port 43099
2022-10-13 11:30:03,922 [Listener at 127.0.0.1/41263] INFO  server.Server (Server.java:doStart(375)) - jetty-9.4.43.v20210629; built: 2021-06-30T11:07:22.254Z; git: 526006ecfa3af7f1a27ef3a288e2bef7ea9dd7e8; jvm 1.8.0_345-b01
2022-10-13 11:30:03,930 [Listener at 127.0.0.1/41263] INFO  server.session (DefaultSessionIdManager.java:doStart(334)) - DefaultSessionIdManager workerName=node0
2022-10-13 11:30:03,930 [Listener at 127.0.0.1/41263] INFO  server.session (DefaultSessionIdManager.java:doStart(339)) - No SessionScavenger set, using defaults
2022-10-13 11:30:03,931 [Listener at 127.0.0.1/41263] INFO  server.session (HouseKeeper.java:startScavenging(132)) - node0 Scavenging every 600000ms
2022-10-13 11:30:03,931 [Listener at 127.0.0.1/41263] INFO  handler.ContextHandler (ContextHandler.java:doStart(915)) - Started o.e.j.s.ServletContextHandler@c1c39bb{logs,/logs,file:///home/runner/work/ozone/ozone/hadoop-ozone/integration-test/target/log,AVAILABLE}
2022-10-13 11:30:03,931 [Listener at 127.0.0.1/41263] INFO  handler.ContextHandler (ContextHandler.java:doStart(915)) - Started o.e.j.s.ServletContextHandler@234ebbf4{static,/static,jar:file:/home/runner/.m2/repository/org/apache/ozone/hdds-container-service/1.3.0-SNAPSHOT/hdds-container-service-1.3.0-SNAPSHOT.jar!/webapps/static,AVAILABLE}
2022-10-13 11:30:04,127 [Listener at 127.0.0.1/41263] INFO  handler.ContextHandler (ContextHandler.java:doStart(915)) - Started o.e.j.w.WebAppContext@6652f18d{hddsDatanode,/,file:///tmp/jetty-0_0_0_0-43099-hdds-container-service-1_3_0-SNAPSHOT_jar-_-any-7249228674667232279/webapp/,AVAILABLE}{jar:file:/home/runner/.m2/repository/org/apache/ozone/hdds-container-service/1.3.0-SNAPSHOT/hdds-container-service-1.3.0-SNAPSHOT.jar!/webapps/hddsDatanode}
2022-10-13 11:30:04,128 [Listener at 127.0.0.1/41263] INFO  server.AbstractConnector (AbstractConnector.java:doStart(331)) - Started ServerConnector@9447300{HTTP/1.1, (http/1.1)}{0.0.0.0:43099}
2022-10-13 11:30:04,128 [Listener at 127.0.0.1/41263] INFO  server.Server (Server.java:doStart(415)) - Started @117666ms
2022-10-13 11:30:04,128 [Listener at 127.0.0.1/41263] WARN  impl.MetricsSystemImpl (MetricsSystemImpl.java:register(279)) - Sink prometheus already exists!
2022-10-13 11:30:04,129 [Listener at 127.0.0.1/41263] INFO  http.BaseHttpServer (BaseHttpServer.java:updateConnectorAddress(333)) - HTTP server of hddsDatanode listening at http://0.0.0.0:43099
2022-10-13 11:30:04,130 [Datanode State Machine Daemon Thread] INFO  statemachine.DatanodeStateMachine (DatanodeStateMachine.java:lambda$startDaemon$0(492)) - Ozone container server started.
2022-10-13 11:30:04,130 [Listener at 127.0.0.1/41263] WARN  impl.MetricRegistriesImpl (MetricRegistriesImpl.java:addReporterRegistration(111)) - New reporters are added after registries were created. Some metrics will be missing from the reporter. Please add reporter before adding any new registry.
2022-10-13 11:30:04,131 [Listener at 127.0.0.1/41263] WARN  impl.MetricRegistriesImpl (MetricRegistriesImpl.java:addReporterRegistration(111)) - New reporters are added after registries were created. Some metrics will be missing from the reporter. Please add reporter before adding any new registry.
2022-10-13 11:30:04,131 [Listener at 127.0.0.1/41263] INFO  impl.MetricsSystemImpl (MetricsSystemImpl.java:init(158)) - HddsDatanode metrics system started (again)
2022-10-13 11:30:04,141 [org.apache.hadoop.util.JvmPauseMonitor$Monitor@1bb9818c] INFO  util.JvmPauseMonitor (JvmPauseMonitor.java:run(188)) - Starting JVM pause monitor
2022-10-13 11:30:04,142 [Listener at 127.0.0.1/41263] INFO  ozone.HddsDatanodeService (HddsDatanodeService.java:start(236)) - HddsDatanodeService host:fv-az447-90.tnmeiuxxsqeu3byeydcnbj0j5d.dx.internal.cloudapp.net ip:10.1.0.139
2022-10-13 11:30:04,147 [Datanode State Machine Task Thread - 0] INFO  datanode.InitDatanodeState (InitDatanodeState.java:persistContainerDatanodeDetails(138)) - DatanodeDetails is persisted to /home/runner/work/ozone/ozone/hadoop-ozone/integration-test/target/test-dir/MiniOzoneClusterImpl-cb6e840c-eeae-4d67-92af-d8558e489f02/datanode-1/meta/datanode.id
2022-10-13 11:30:04,165 [Listener at 127.0.0.1/41263] INFO  upgrade.AbstractLayoutVersionManager (AbstractLayoutVersionManager.java:init(83)) - Initializing Layout version manager with metadata layout = DATANODE_SCHEMA_V3 (version = 4), software layout = DATANODE_SCHEMA_V3 (version = 4)
2022-10-13 11:30:04,207 [Listener at 127.0.0.1/41263] INFO  reflections.Reflections (Reflections.java:scan(232)) - Reflections took 41 ms to scan 7 urls, producing 137 keys and 328 values 
2022-10-13 11:30:04,209 [Listener at 127.0.0.1/41263] INFO  statemachine.DatanodeStateMachine (DatanodeStateMachine.java:getEndPointTaskThreadPoolSize(237)) - Datanode State Machine Task Thread Pool size 2
2022-10-13 11:30:04,210 [Listener at 127.0.0.1/41263] INFO  volume.HddsVolume (HddsVolume.java:<init>(117)) - Creating HddsVolume: /home/runner/work/ozone/ozone/hadoop-ozone/integration-test/target/test-dir/MiniOzoneClusterImpl-cb6e840c-eeae-4d67-92af-d8558e489f02/datanode-2/data-0/containers/hdds of storage type : DISK capacity : 9223372036854775807
2022-10-13 11:30:04,210 [Listener at 127.0.0.1/41263] INFO  volume.MutableVolumeSet (MutableVolumeSet.java:initializeVolumeSet(174)) - Added Volume : /home/runner/work/ozone/ozone/hadoop-ozone/integration-test/target/test-dir/MiniOzoneClusterImpl-cb6e840c-eeae-4d67-92af-d8558e489f02/datanode-2/data-0/containers/hdds to VolumeSet
2022-10-13 11:30:04,210 [Listener at 127.0.0.1/41263] INFO  volume.ThrottledAsyncChecker (ThrottledAsyncChecker.java:schedule(141)) - Scheduling a check for /home/runner/work/ozone/ozone/hadoop-ozone/integration-test/target/test-dir/MiniOzoneClusterImpl-cb6e840c-eeae-4d67-92af-d8558e489f02/datanode-2/data-0/containers/hdds
2022-10-13 11:30:04,211 [Listener at 127.0.0.1/41263] INFO  volume.StorageVolumeChecker (StorageVolumeChecker.java:checkAllVolumes(202)) - Scheduled health check for volume /home/runner/work/ozone/ozone/hadoop-ozone/integration-test/target/test-dir/MiniOzoneClusterImpl-cb6e840c-eeae-4d67-92af-d8558e489f02/datanode-2/data-0/containers/hdds
2022-10-13 11:30:04,221 [Listener at 127.0.0.1/41263] INFO  volume.MutableVolumeSet (MutableVolumeSet.java:initializeVolumeSet(174)) - Added Volume : /home/runner/work/ozone/ozone/hadoop-ozone/integration-test/target/test-dir/MiniOzoneClusterImpl-cb6e840c-eeae-4d67-92af-d8558e489f02/datanode-2/data/ratis to VolumeSet
2022-10-13 11:30:04,221 [Listener at 127.0.0.1/41263] INFO  volume.ThrottledAsyncChecker (ThrottledAsyncChecker.java:schedule(141)) - Scheduling a check for /home/runner/work/ozone/ozone/hadoop-ozone/integration-test/target/test-dir/MiniOzoneClusterImpl-cb6e840c-eeae-4d67-92af-d8558e489f02/datanode-2/data/ratis
2022-10-13 11:30:04,221 [Listener at 127.0.0.1/41263] INFO  volume.StorageVolumeChecker (StorageVolumeChecker.java:checkAllVolumes(202)) - Scheduled health check for volume /home/runner/work/ozone/ozone/hadoop-ozone/integration-test/target/test-dir/MiniOzoneClusterImpl-cb6e840c-eeae-4d67-92af-d8558e489f02/datanode-2/data/ratis
2022-10-13 11:30:04,232 [Thread-1433] INFO  ozoneimpl.ContainerReader (ContainerReader.java:readVolume(175)) - Finish verifying containers on volume /home/runner/work/ozone/ozone/hadoop-ozone/integration-test/target/test-dir/MiniOzoneClusterImpl-cb6e840c-eeae-4d67-92af-d8558e489f02/datanode-2/data-0/containers/hdds
2022-10-13 11:30:04,233 [Listener at 127.0.0.1/41263] INFO  ozoneimpl.OzoneContainer (OzoneContainer.java:buildContainerSet(300)) - Build ContainerSet costs 0s
2022-10-13 11:30:04,234 [Listener at 127.0.0.1/41263] INFO  server.RaftServer (ConfUtils.java:logGet(46)) - raft.rpc.type = GRPC (default)
2022-10-13 11:30:04,234 [Listener at 127.0.0.1/41263] INFO  grpc.GrpcFactory (GrpcFactory.java:checkPooledByteBufAllocatorUseCacheForAllThreads(48)) - PERFORMANCE WARNING: useCacheForAllThreads is true that may cause Netty to create a lot garbage objects and, as a result, trigger GC.
	It is recommended to disable useCacheForAllThreads by setting -Dorg.apache.ratis.thirdparty.io.netty.allocator.useCacheForAllThreads=false in command line.
2022-10-13 11:30:04,234 [Listener at 127.0.0.1/41263] INFO  grpc.GrpcConfigKeys (ConfUtils.java:logGet(46)) - raft.grpc.admin.port = 0 (custom)
2022-10-13 11:30:04,235 [Listener at 127.0.0.1/41263] INFO  grpc.GrpcConfigKeys (ConfUtils.java:logGet(46)) - raft.grpc.client.port = 0 (custom)
2022-10-13 11:30:04,235 [Listener at 127.0.0.1/41263] INFO  grpc.GrpcConfigKeys (ConfUtils.java:logGet(46)) - raft.grpc.server.port = 0 (default)
2022-10-13 11:30:04,235 [Listener at 127.0.0.1/41263] INFO  server.GrpcService (ConfUtils.java:logGet(46)) - raft.grpc.message.size.max = 32MB (=33554432) (custom)
2022-10-13 11:30:04,235 [Listener at 127.0.0.1/41263] INFO  server.RaftServerConfigKeys (ConfUtils.java:logGet(46)) - raft.server.log.appender.buffer.byte-limit = 33554432 (custom)
2022-10-13 11:30:04,235 [Listener at 127.0.0.1/41263] INFO  server.GrpcService (ConfUtils.java:logGet(46)) - raft.grpc.flow.control.window = 5MB (=5242880) (custom)
2022-10-13 11:30:04,235 [Listener at 127.0.0.1/41263] INFO  server.RaftServerConfigKeys (ConfUtils.java:logGet(46)) - raft.server.rpc.request.timeout = 60s (custom)
2022-10-13 11:30:04,235 [Listener at 127.0.0.1/41263] INFO  grpc.GrpcConfigKeys (ConfUtils.java:logGet(46)) - raft.grpc.server.async.request.thread.pool.cached = true (default)
2022-10-13 11:30:04,236 [Listener at 127.0.0.1/41263] INFO  grpc.GrpcConfigKeys (ConfUtils.java:logGet(46)) - raft.grpc.server.async.request.thread.pool.size = 32 (default)
2022-10-13 11:30:04,236 [Listener at 127.0.0.1/41263] INFO  impl.DataStreamServerImpl (ConfUtils.java:logGet(46)) - raft.datastream.type = DISABLED (default)
2022-10-13 11:30:04,237 [Listener at 127.0.0.1/41263] INFO  server.RaftServerConfigKeys (ConfUtils.java:logGet(46)) - raft.server.threadpool.proxy.cached = true (default)
2022-10-13 11:30:04,237 [Listener at 127.0.0.1/41263] INFO  server.RaftServerConfigKeys (ConfUtils.java:logGet(46)) - raft.server.threadpool.proxy.size = 0 (default)
2022-10-13 11:30:04,237 [Listener at 127.0.0.1/41263] INFO  server.RaftServerConfigKeys (ConfUtils.java:logGet(46)) - raft.server.rpc.slowness.timeout = 300s (custom)
2022-10-13 11:30:04,237 [Listener at 127.0.0.1/41263] INFO  server.RaftServerConfigKeys (ConfUtils.java:logGet(46)) - raft.server.leaderelection.leader.step-down.wait-time = 10s (default)
2022-10-13 11:30:04,237 [Listener at 127.0.0.1/41263] INFO  server.RaftServerConfigKeys (ConfUtils.java:logGet(46)) - raft.server.storage.dir = [/home/runner/work/ozone/ozone/hadoop-ozone/integration-test/target/test-dir/MiniOzoneClusterImpl-cb6e840c-eeae-4d67-92af-d8558e489f02/datanode-2/data/ratis] (custom)
2022-10-13 11:30:04,238 [Listener at 127.0.0.1/41263] INFO  server.XceiverServerGrpc (XceiverServerGrpc.java:<init>(132)) - GrpcServer channel type EpollServerSocketChannel
2022-10-13 11:30:04,242 [Listener at 127.0.0.1/41263] INFO  http.BaseHttpServer (BaseHttpServer.java:newHttpServer2BuilderForOzone(213)) - Starting Web-server for hddsDatanode at: http://0.0.0.0:0
2022-10-13 11:30:04,242 [Listener at 127.0.0.1/41263] INFO  http.BaseHttpServer (BaseHttpServer.java:<init>(108)) - Hadoop Security Enabled: false Ozone Security Enabled: false Ozone HTTP Security Enabled: false 
2022-10-13 11:30:04,244 [Listener at 127.0.0.1/41263] WARN  server.AuthenticationFilter (AuthenticationFilter.java:constructSecretProvider(240)) - Unable to initialize FileSignerSecretProvider, falling back to use random secrets. Reason: Could not read signature secret file: /home/runner/hadoop-http-auth-signature-secret
2022-10-13 11:30:04,250 [Listener at 127.0.0.1/41263] WARN  http.HttpRequestLog (HttpRequestLog.java:getRequestLog(103)) - Jetty request log can only be enabled using Log4j
2022-10-13 11:30:04,251 [Listener at 127.0.0.1/41263] INFO  http.HttpServer2 (HttpServer2.java:addGlobalFilter(1031)) - Added global filter 'safety' (class=org.apache.hadoop.hdds.server.http.HttpServer2$QuotingInputFilter)
2022-10-13 11:30:04,252 [Listener at 127.0.0.1/41263] INFO  http.HttpServer2 (HttpServer2.java:addFilter(1007)) - Added filter static_user_filter (class=org.apache.hadoop.http.lib.StaticUserWebFilter$StaticUserFilter) to context hddsDatanode
2022-10-13 11:30:04,252 [Listener at 127.0.0.1/41263] INFO  http.HttpServer2 (HttpServer2.java:addFilter(1015)) - Added filter static_user_filter (class=org.apache.hadoop.http.lib.StaticUserWebFilter$StaticUserFilter) to context logs
2022-10-13 11:30:04,252 [Listener at 127.0.0.1/41263] INFO  http.HttpServer2 (HttpServer2.java:addFilter(1015)) - Added filter static_user_filter (class=org.apache.hadoop.http.lib.StaticUserWebFilter$StaticUserFilter) to context static
2022-10-13 11:30:04,253 [Listener at 127.0.0.1/41263] INFO  http.HttpServer2 (HttpServer2.java:bindListener(1250)) - Jetty bound to port 33657
2022-10-13 11:30:04,253 [Listener at 127.0.0.1/41263] INFO  server.Server (Server.java:doStart(375)) - jetty-9.4.43.v20210629; built: 2021-06-30T11:07:22.254Z; git: 526006ecfa3af7f1a27ef3a288e2bef7ea9dd7e8; jvm 1.8.0_345-b01
2022-10-13 11:30:04,255 [Listener at 127.0.0.1/41263] INFO  server.session (DefaultSessionIdManager.java:doStart(334)) - DefaultSessionIdManager workerName=node0
2022-10-13 11:30:04,255 [Listener at 127.0.0.1/41263] INFO  server.session (DefaultSessionIdManager.java:doStart(339)) - No SessionScavenger set, using defaults
2022-10-13 11:30:04,255 [Listener at 127.0.0.1/41263] INFO  server.session (HouseKeeper.java:startScavenging(132)) - node0 Scavenging every 600000ms
2022-10-13 11:30:04,256 [Listener at 127.0.0.1/41263] INFO  handler.ContextHandler (ContextHandler.java:doStart(915)) - Started o.e.j.s.ServletContextHandler@7327749c{logs,/logs,file:///home/runner/work/ozone/ozone/hadoop-ozone/integration-test/target/log,AVAILABLE}
2022-10-13 11:30:04,256 [Listener at 127.0.0.1/41263] INFO  handler.ContextHandler (ContextHandler.java:doStart(915)) - Started o.e.j.s.ServletContextHandler@6156e4cd{static,/static,jar:file:/home/runner/.m2/repository/org/apache/ozone/hdds-container-service/1.3.0-SNAPSHOT/hdds-container-service-1.3.0-SNAPSHOT.jar!/webapps/static,AVAILABLE}
2022-10-13 11:30:04,440 [Listener at 127.0.0.1/41263] INFO  handler.ContextHandler (ContextHandler.java:doStart(915)) - Started o.e.j.w.WebAppContext@7d2c61c2{hddsDatanode,/,file:///tmp/jetty-0_0_0_0-33657-hdds-container-service-1_3_0-SNAPSHOT_jar-_-any-6026028980263715919/webapp/,AVAILABLE}{jar:file:/home/runner/.m2/repository/org/apache/ozone/hdds-container-service/1.3.0-SNAPSHOT/hdds-container-service-1.3.0-SNAPSHOT.jar!/webapps/hddsDatanode}
2022-10-13 11:30:04,442 [Listener at 127.0.0.1/41263] INFO  server.AbstractConnector (AbstractConnector.java:doStart(331)) - Started ServerConnector@6b302cce{HTTP/1.1, (http/1.1)}{0.0.0.0:33657}
2022-10-13 11:30:04,442 [Listener at 127.0.0.1/41263] INFO  server.Server (Server.java:doStart(415)) - Started @117979ms
2022-10-13 11:30:04,442 [Listener at 127.0.0.1/41263] WARN  impl.MetricsSystemImpl (MetricsSystemImpl.java:register(279)) - Sink prometheus already exists!
2022-10-13 11:30:04,443 [Listener at 127.0.0.1/41263] INFO  http.BaseHttpServer (BaseHttpServer.java:updateConnectorAddress(333)) - HTTP server of hddsDatanode listening at http://0.0.0.0:33657
2022-10-13 11:30:04,443 [Listener at 127.0.0.1/41263] INFO  ozone.MiniOzoneClusterImpl (MiniOzoneClusterImpl.java:lambda$waitForClusterToBeReady$0(216)) - Waiting for nodes to be ready. Got 0 of 3 DN Heartbeats.
2022-10-13 11:30:04,443 [Listener at 127.0.0.1/41263] INFO  ozone.MiniOzoneClusterImpl (MiniOzoneClusterImpl.java:lambda$waitForClusterToBeReady$0(219)) - Waiting for cluster to exit safe mode
2022-10-13 11:30:04,443 [Listener at 127.0.0.1/41263] INFO  ozone.MiniOzoneClusterImpl (MiniOzoneClusterImpl.java:lambda$waitForClusterToBeReady$0(221)) - SCM became leader
2022-10-13 11:30:04,443 [Datanode State Machine Daemon Thread] INFO  statemachine.DatanodeStateMachine (DatanodeStateMachine.java:lambda$startDaemon$0(492)) - Ozone container server started.
2022-10-13 11:30:04,445 [org.apache.hadoop.util.JvmPauseMonitor$Monitor@6f662375] INFO  util.JvmPauseMonitor (JvmPauseMonitor.java:run(188)) - Starting JVM pause monitor
2022-10-13 11:30:04,448 [Datanode State Machine Task Thread - 0] INFO  datanode.InitDatanodeState (InitDatanodeState.java:persistContainerDatanodeDetails(138)) - DatanodeDetails is persisted to /home/runner/work/ozone/ozone/hadoop-ozone/integration-test/target/test-dir/MiniOzoneClusterImpl-cb6e840c-eeae-4d67-92af-d8558e489f02/datanode-2/meta/datanode.id
2022-10-13 11:30:04,640 [om1@group-C5BA1605619E-FollowerState] INFO  impl.FollowerState (FollowerState.java:run(143)) - om1@group-C5BA1605619E-FollowerState: change to CANDIDATE, lastRpcElapsedTime:1182416685ns, electionTimeout:1182ms
2022-10-13 11:30:04,640 [om1@group-C5BA1605619E-FollowerState] INFO  impl.RoleInfo (RoleInfo.java:shutdownFollowerState(110)) - om1: shutdown om1@group-C5BA1605619E-FollowerState
2022-10-13 11:30:04,640 [om1@group-C5BA1605619E-FollowerState] INFO  server.RaftServer$Division (RaftServerImpl.java:setRole(299)) - om1@group-C5BA1605619E: changes role from  FOLLOWER to CANDIDATE at term 0 for changeToCandidate
2022-10-13 11:30:04,640 [om1@group-C5BA1605619E-FollowerState] INFO  server.RaftServerConfigKeys (ConfUtils.java:logGet(46)) - raft.server.leaderelection.pre-vote = false (custom)
2022-10-13 11:30:04,640 [om1@group-C5BA1605619E-FollowerState] INFO  impl.RoleInfo (RoleInfo.java:updateAndGet(139)) - om1: start om1@group-C5BA1605619E-LeaderElection42
2022-10-13 11:30:04,644 [om1@group-C5BA1605619E-LeaderElection42] INFO  impl.LeaderElection (LeaderElection.java:askForVotes(310)) - om1@group-C5BA1605619E-LeaderElection42 ELECTION round 0: submit vote requests at term 1 for -1: [om1|rpc:localhost:9872|priority:0], old=null
2022-10-13 11:30:04,644 [om1@group-C5BA1605619E-LeaderElection42] INFO  impl.LeaderElection (LeaderElection.java:askForVotes(312)) - om1@group-C5BA1605619E-LeaderElection42 ELECTION round 0: result PASSED (term=1)
2022-10-13 11:30:04,644 [om1@group-C5BA1605619E-LeaderElection42] INFO  impl.RoleInfo (RoleInfo.java:shutdownLeaderElection(130)) - om1: shutdown om1@group-C5BA1605619E-LeaderElection42
2022-10-13 11:30:04,644 [om1@group-C5BA1605619E-LeaderElection42] INFO  server.RaftServer$Division (RaftServerImpl.java:setRole(299)) - om1@group-C5BA1605619E: changes role from CANDIDATE to LEADER at term 1 for changeToLeader
2022-10-13 11:30:04,644 [om1@group-C5BA1605619E-LeaderElection42] INFO  server.RaftServer$Division (ServerState.java:setLeader(287)) - om1@group-C5BA1605619E: change Leader from null to om1 at term 1 for becomeLeader, leader elected after 1555ms
2022-10-13 11:30:04,644 [om1@group-C5BA1605619E-LeaderElection42] INFO  server.RaftServerConfigKeys (ConfUtils.java:logGet(46)) - raft.server.staging.catchup.gap = 1000 (default)
2022-10-13 11:30:04,644 [om1@group-C5BA1605619E-LeaderElection42] INFO  server.RaftServerConfigKeys (ConfUtils.java:logGet(46)) - raft.server.write.element-limit = 4096 (default)
2022-10-13 11:30:04,644 [om1@group-C5BA1605619E-LeaderElection42] INFO  server.RaftServerConfigKeys (ConfUtils.java:logGet(46)) - raft.server.write.byte-limit = 64MB (=67108864) (default)
2022-10-13 11:30:04,645 [om1@group-C5BA1605619E-LeaderElection42] INFO  server.RaftServerConfigKeys (ConfUtils.java:logGet(46)) - raft.server.watch.timeout = 10s (default)
2022-10-13 11:30:04,645 [om1@group-C5BA1605619E-LeaderElection42] INFO  server.RaftServerConfigKeys (ConfUtils.java:logGet(46)) - raft.server.watch.timeout.denomination = 1s (default)
2022-10-13 11:30:04,646 [om1@group-C5BA1605619E-LeaderElection42] INFO  server.RaftServerConfigKeys (ConfUtils.java:logGet(46)) - raft.server.watch.element-limit = 65536 (default)
2022-10-13 11:30:04,646 [om1@group-C5BA1605619E-LeaderElection42] INFO  server.RaftServerConfigKeys (ConfUtils.java:logGet(46)) - raft.server.write.element-limit = 4096 (default)
2022-10-13 11:30:04,646 [om1@group-C5BA1605619E-LeaderElection42] INFO  server.RaftServerConfigKeys (ConfUtils.java:logGet(46)) - raft.server.write.follower.gap.ratio.max = -1.0 (default)
2022-10-13 11:30:04,646 [om1@group-C5BA1605619E-LeaderElection42] INFO  impl.RoleInfo (RoleInfo.java:updateAndGet(139)) - om1: start om1@group-C5BA1605619E-LeaderStateImpl
2022-10-13 11:30:04,646 [om1@group-C5BA1605619E-LeaderElection42] INFO  segmented.SegmentedRaftLogWorker (SegmentedRaftLogWorker.java:startLogSegment(425)) - om1@group-C5BA1605619E-SegmentedRaftLogWorker: Starting segment from index:0
2022-10-13 11:30:04,649 [om1@group-C5BA1605619E-LeaderElection42] INFO  server.RaftServer$Division (ServerState.java:setRaftConf(393)) - om1@group-C5BA1605619E: set configuration 0: [om1|rpc:localhost:9872|admin:|client:|dataStream:|priority:0], old=null
2022-10-13 11:30:04,661 [om1@group-C5BA1605619E-SegmentedRaftLogWorker] INFO  segmented.SegmentedRaftLogWorker (SegmentedRaftLogWorker.java:execute(629)) - om1@group-C5BA1605619E-SegmentedRaftLogWorker: created new log segment /home/runner/work/ozone/ozone/hadoop-ozone/integration-test/target/test-dir/MiniOzoneClusterImpl-cb6e840c-eeae-4d67-92af-d8558e489f02/ozone-meta/ratis/bf265839-605b-3f16-9796-c5ba1605619e/current/log_inprogress_0
2022-10-13 11:30:04,664 [om1@group-C5BA1605619E-StateMachineUpdater] INFO  ratis.OzoneManagerStateMachine (OzoneManagerStateMachine.java:notifyConfigurationChanged(192)) - Received Configuration change notification from Ratis. New Peer list:
[id: "om1"
address: "localhost:9872"
]
2022-10-13 11:30:05,444 [Listener at 127.0.0.1/41263] INFO  ozone.MiniOzoneClusterImpl (MiniOzoneClusterImpl.java:lambda$waitForClusterToBeReady$0(216)) - Waiting for nodes to be ready. Got 0 of 3 DN Heartbeats.
2022-10-13 11:30:05,444 [Listener at 127.0.0.1/41263] INFO  ozone.MiniOzoneClusterImpl (MiniOzoneClusterImpl.java:lambda$waitForClusterToBeReady$0(219)) - Waiting for cluster to exit safe mode
2022-10-13 11:30:05,444 [Listener at 127.0.0.1/41263] INFO  ozone.MiniOzoneClusterImpl (MiniOzoneClusterImpl.java:lambda$waitForClusterToBeReady$0(221)) - SCM became leader
2022-10-13 11:30:05,866 [EndpointStateMachine task thread for /0.0.0.0:42811 - 0 ] INFO  volume.HddsVolume (HddsVolume.java:createDbStore(307)) - SchemaV3 db is created and loaded at /home/runner/work/ozone/ozone/hadoop-ozone/integration-test/target/test-dir/MiniOzoneClusterImpl-cb6e840c-eeae-4d67-92af-d8558e489f02/datanode-0/data-0/containers/hdds/cb6e840c-eeae-4d67-92af-d8558e489f02/DS-a297cbb0-5ecb-428f-9ee2-dd7d5901bd46/container.db for volume DS-a297cbb0-5ecb-428f-9ee2-dd7d5901bd46
2022-10-13 11:30:05,867 [EndpointStateMachine task thread for /0.0.0.0:42811 - 0 ] INFO  volume.HddsVolume (HddsVolume.java:closeDbStore(338)) - SchemaV3 db is stopped at /home/runner/work/ozone/ozone/hadoop-ozone/integration-test/target/test-dir/MiniOzoneClusterImpl-cb6e840c-eeae-4d67-92af-d8558e489f02/datanode-0/data-0/containers/hdds/cb6e840c-eeae-4d67-92af-d8558e489f02/DS-a297cbb0-5ecb-428f-9ee2-dd7d5901bd46/container.db for volume DS-a297cbb0-5ecb-428f-9ee2-dd7d5901bd46
2022-10-13 11:30:05,867 [EndpointStateMachine task thread for /0.0.0.0:42811 - 0 ] INFO  ozoneimpl.OzoneContainer (OzoneContainer.java:start(378)) - Attempting to start container services.
2022-10-13 11:30:05,868 [EndpointStateMachine task thread for /0.0.0.0:42811 - 0 ] INFO  ozoneimpl.OzoneContainer (OzoneContainer.java:startContainerScrub(313)) - Background container scanner has been disabled.
2022-10-13 11:30:05,869 [EndpointStateMachine task thread for /0.0.0.0:42811 - 0 ] INFO  replication.ReplicationServer (ReplicationServer.java:start(111)) - ReplicationServer is started using port 41601
2022-10-13 11:30:05,870 [EndpointStateMachine task thread for /0.0.0.0:42811 - 0 ] INFO  ratis.XceiverServerRatis (XceiverServerRatis.java:start(481)) - Starting XceiverServerRatis 712be322-34b1-4d33-aaf2-76c2c9935d67
2022-10-13 11:30:05,870 [EndpointStateMachine task thread for /0.0.0.0:42811 - 0 ] INFO  server.RaftServer (RaftServerProxy.java:lambda$start$6(382)) - 712be322-34b1-4d33-aaf2-76c2c9935d67: start RPC server
2022-10-13 11:30:05,871 [EndpointStateMachine task thread for /0.0.0.0:42811 - 0 ] INFO  server.GrpcService (GrpcService.java:startImpl(260)) - 712be322-34b1-4d33-aaf2-76c2c9935d67: GrpcService started, listening on 46709
2022-10-13 11:30:05,871 [EndpointStateMachine task thread for /0.0.0.0:42811 - 0 ] INFO  ratis.XceiverServerRatis (XceiverServerRatis.java:getRealPort(502)) - XceiverServerRatis 712be322-34b1-4d33-aaf2-76c2c9935d67 is started using port 46709 for RATIS
2022-10-13 11:30:05,871 [org.apache.ratis.util.JvmPauseMonitor$$Lambda$690/1264163010@585983d7] INFO  util.JvmPauseMonitor (JvmPauseMonitor.java:run(103)) - JvmPauseMonitor-712be322-34b1-4d33-aaf2-76c2c9935d67: Started
2022-10-13 11:30:05,871 [EndpointStateMachine task thread for /0.0.0.0:42811 - 0 ] INFO  ratis.XceiverServerRatis (XceiverServerRatis.java:getRealPort(502)) - XceiverServerRatis 712be322-34b1-4d33-aaf2-76c2c9935d67 is started using port 46709 for RATIS_ADMIN
2022-10-13 11:30:05,871 [EndpointStateMachine task thread for /0.0.0.0:42811 - 0 ] INFO  ratis.XceiverServerRatis (XceiverServerRatis.java:getRealPort(502)) - XceiverServerRatis 712be322-34b1-4d33-aaf2-76c2c9935d67 is started using port 46709 for RATIS_SERVER
2022-10-13 11:30:05,872 [EndpointStateMachine task thread for /0.0.0.0:42811 - 0 ] INFO  server.XceiverServerGrpc (XceiverServerGrpc.java:start(180)) - XceiverServerGrpc 712be322-34b1-4d33-aaf2-76c2c9935d67 is started using port 33581
2022-10-13 11:30:06,180 [EndpointStateMachine task thread for /0.0.0.0:42811 - 0 ] INFO  volume.HddsVolume (HddsVolume.java:createDbStore(307)) - SchemaV3 db is created and loaded at /home/runner/work/ozone/ozone/hadoop-ozone/integration-test/target/test-dir/MiniOzoneClusterImpl-cb6e840c-eeae-4d67-92af-d8558e489f02/datanode-1/data-0/containers/hdds/cb6e840c-eeae-4d67-92af-d8558e489f02/DS-d995a000-0044-4eca-9533-af73bbec06d2/container.db for volume DS-d995a000-0044-4eca-9533-af73bbec06d2
2022-10-13 11:30:06,181 [EndpointStateMachine task thread for /0.0.0.0:42811 - 0 ] INFO  volume.HddsVolume (HddsVolume.java:closeDbStore(338)) - SchemaV3 db is stopped at /home/runner/work/ozone/ozone/hadoop-ozone/integration-test/target/test-dir/MiniOzoneClusterImpl-cb6e840c-eeae-4d67-92af-d8558e489f02/datanode-1/data-0/containers/hdds/cb6e840c-eeae-4d67-92af-d8558e489f02/DS-d995a000-0044-4eca-9533-af73bbec06d2/container.db for volume DS-d995a000-0044-4eca-9533-af73bbec06d2
2022-10-13 11:30:06,181 [EndpointStateMachine task thread for /0.0.0.0:42811 - 0 ] INFO  ozoneimpl.OzoneContainer (OzoneContainer.java:start(378)) - Attempting to start container services.
2022-10-13 11:30:06,181 [EndpointStateMachine task thread for /0.0.0.0:42811 - 0 ] INFO  ozoneimpl.OzoneContainer (OzoneContainer.java:startContainerScrub(313)) - Background container scanner has been disabled.
2022-10-13 11:30:06,182 [EndpointStateMachine task thread for /0.0.0.0:42811 - 0 ] INFO  replication.ReplicationServer (ReplicationServer.java:start(111)) - ReplicationServer is started using port 45435
2022-10-13 11:30:06,183 [EndpointStateMachine task thread for /0.0.0.0:42811 - 0 ] INFO  ratis.XceiverServerRatis (XceiverServerRatis.java:start(481)) - Starting XceiverServerRatis 3085d457-a103-493c-b4e9-901a54e38ac8
2022-10-13 11:30:06,183 [EndpointStateMachine task thread for /0.0.0.0:42811 - 0 ] INFO  server.RaftServer (RaftServerProxy.java:lambda$start$6(382)) - 3085d457-a103-493c-b4e9-901a54e38ac8: start RPC server
2022-10-13 11:30:06,184 [EndpointStateMachine task thread for /0.0.0.0:42811 - 0 ] INFO  server.GrpcService (GrpcService.java:startImpl(260)) - 3085d457-a103-493c-b4e9-901a54e38ac8: GrpcService started, listening on 35861
2022-10-13 11:30:06,184 [EndpointStateMachine task thread for /0.0.0.0:42811 - 0 ] INFO  ratis.XceiverServerRatis (XceiverServerRatis.java:getRealPort(502)) - XceiverServerRatis 3085d457-a103-493c-b4e9-901a54e38ac8 is started using port 35861 for RATIS
2022-10-13 11:30:06,184 [EndpointStateMachine task thread for /0.0.0.0:42811 - 0 ] INFO  ratis.XceiverServerRatis (XceiverServerRatis.java:getRealPort(502)) - XceiverServerRatis 3085d457-a103-493c-b4e9-901a54e38ac8 is started using port 35861 for RATIS_ADMIN
2022-10-13 11:30:06,184 [EndpointStateMachine task thread for /0.0.0.0:42811 - 0 ] INFO  ratis.XceiverServerRatis (XceiverServerRatis.java:getRealPort(502)) - XceiverServerRatis 3085d457-a103-493c-b4e9-901a54e38ac8 is started using port 35861 for RATIS_SERVER
2022-10-13 11:30:06,185 [org.apache.ratis.util.JvmPauseMonitor$$Lambda$690/1264163010@798217e5] INFO  util.JvmPauseMonitor (JvmPauseMonitor.java:run(103)) - JvmPauseMonitor-3085d457-a103-493c-b4e9-901a54e38ac8: Started
2022-10-13 11:30:06,190 [EndpointStateMachine task thread for /0.0.0.0:42811 - 0 ] INFO  server.XceiverServerGrpc (XceiverServerGrpc.java:start(180)) - XceiverServerGrpc 3085d457-a103-493c-b4e9-901a54e38ac8 is started using port 45777
2022-10-13 11:30:06,444 [Listener at 127.0.0.1/41263] INFO  ozone.MiniOzoneClusterImpl (MiniOzoneClusterImpl.java:lambda$waitForClusterToBeReady$0(216)) - Waiting for nodes to be ready. Got 0 of 3 DN Heartbeats.
2022-10-13 11:30:06,445 [Listener at 127.0.0.1/41263] INFO  ozone.MiniOzoneClusterImpl (MiniOzoneClusterImpl.java:lambda$waitForClusterToBeReady$0(219)) - Waiting for cluster to exit safe mode
2022-10-13 11:30:06,445 [Listener at 127.0.0.1/41263] INFO  ozone.MiniOzoneClusterImpl (MiniOzoneClusterImpl.java:lambda$waitForClusterToBeReady$0(221)) - SCM became leader
2022-10-13 11:30:06,489 [EndpointStateMachine task thread for /0.0.0.0:42811 - 0 ] INFO  volume.HddsVolume (HddsVolume.java:createDbStore(307)) - SchemaV3 db is created and loaded at /home/runner/work/ozone/ozone/hadoop-ozone/integration-test/target/test-dir/MiniOzoneClusterImpl-cb6e840c-eeae-4d67-92af-d8558e489f02/datanode-2/data-0/containers/hdds/cb6e840c-eeae-4d67-92af-d8558e489f02/DS-39329bec-2cb3-4508-89db-6d1212a9d7b4/container.db for volume DS-39329bec-2cb3-4508-89db-6d1212a9d7b4
2022-10-13 11:30:06,489 [EndpointStateMachine task thread for /0.0.0.0:42811 - 0 ] INFO  volume.HddsVolume (HddsVolume.java:closeDbStore(338)) - SchemaV3 db is stopped at /home/runner/work/ozone/ozone/hadoop-ozone/integration-test/target/test-dir/MiniOzoneClusterImpl-cb6e840c-eeae-4d67-92af-d8558e489f02/datanode-2/data-0/containers/hdds/cb6e840c-eeae-4d67-92af-d8558e489f02/DS-39329bec-2cb3-4508-89db-6d1212a9d7b4/container.db for volume DS-39329bec-2cb3-4508-89db-6d1212a9d7b4
2022-10-13 11:30:06,490 [EndpointStateMachine task thread for /0.0.0.0:42811 - 0 ] INFO  ozoneimpl.OzoneContainer (OzoneContainer.java:start(378)) - Attempting to start container services.
2022-10-13 11:30:06,490 [EndpointStateMachine task thread for /0.0.0.0:42811 - 0 ] INFO  ozoneimpl.OzoneContainer (OzoneContainer.java:startContainerScrub(313)) - Background container scanner has been disabled.
2022-10-13 11:30:06,494 [EndpointStateMachine task thread for /0.0.0.0:42811 - 0 ] INFO  replication.ReplicationServer (ReplicationServer.java:start(111)) - ReplicationServer is started using port 40421
2022-10-13 11:30:06,495 [EndpointStateMachine task thread for /0.0.0.0:42811 - 0 ] INFO  ratis.XceiverServerRatis (XceiverServerRatis.java:start(481)) - Starting XceiverServerRatis c6ba56ce-59ca-4e1a-8f34-5688e5c45b2f
2022-10-13 11:30:06,498 [EndpointStateMachine task thread for /0.0.0.0:42811 - 0 ] INFO  server.RaftServer (RaftServerProxy.java:lambda$start$6(382)) - c6ba56ce-59ca-4e1a-8f34-5688e5c45b2f: start RPC server
2022-10-13 11:30:06,499 [EndpointStateMachine task thread for /0.0.0.0:42811 - 0 ] INFO  server.GrpcService (GrpcService.java:startImpl(260)) - c6ba56ce-59ca-4e1a-8f34-5688e5c45b2f: GrpcService started, listening on 40701
2022-10-13 11:30:06,499 [EndpointStateMachine task thread for /0.0.0.0:42811 - 0 ] INFO  ratis.XceiverServerRatis (XceiverServerRatis.java:getRealPort(502)) - XceiverServerRatis c6ba56ce-59ca-4e1a-8f34-5688e5c45b2f is started using port 40701 for RATIS
2022-10-13 11:30:06,499 [org.apache.ratis.util.JvmPauseMonitor$$Lambda$690/1264163010@4b1ecb85] INFO  util.JvmPauseMonitor (JvmPauseMonitor.java:run(103)) - JvmPauseMonitor-c6ba56ce-59ca-4e1a-8f34-5688e5c45b2f: Started
2022-10-13 11:30:06,499 [EndpointStateMachine task thread for /0.0.0.0:42811 - 0 ] INFO  ratis.XceiverServerRatis (XceiverServerRatis.java:getRealPort(502)) - XceiverServerRatis c6ba56ce-59ca-4e1a-8f34-5688e5c45b2f is started using port 40701 for RATIS_ADMIN
2022-10-13 11:30:06,500 [EndpointStateMachine task thread for /0.0.0.0:42811 - 0 ] INFO  ratis.XceiverServerRatis (XceiverServerRatis.java:getRealPort(502)) - XceiverServerRatis c6ba56ce-59ca-4e1a-8f34-5688e5c45b2f is started using port 40701 for RATIS_SERVER
2022-10-13 11:30:06,501 [EndpointStateMachine task thread for /0.0.0.0:42811 - 0 ] INFO  server.XceiverServerGrpc (XceiverServerGrpc.java:start(180)) - XceiverServerGrpc c6ba56ce-59ca-4e1a-8f34-5688e5c45b2f is started using port 37415
2022-10-13 11:30:07,445 [Listener at 127.0.0.1/41263] INFO  ozone.MiniOzoneClusterImpl (MiniOzoneClusterImpl.java:lambda$waitForClusterToBeReady$0(216)) - Waiting for nodes to be ready. Got 0 of 3 DN Heartbeats.
2022-10-13 11:30:07,445 [Listener at 127.0.0.1/41263] INFO  ozone.MiniOzoneClusterImpl (MiniOzoneClusterImpl.java:lambda$waitForClusterToBeReady$0(219)) - Waiting for cluster to exit safe mode
2022-10-13 11:30:07,445 [Listener at 127.0.0.1/41263] INFO  ozone.MiniOzoneClusterImpl (MiniOzoneClusterImpl.java:lambda$waitForClusterToBeReady$0(221)) - SCM became leader
2022-10-13 11:30:07,819 [IPC Server handler 0 on default port 42811] INFO  net.NetworkTopologyImpl (NetworkTopologyImpl.java:add(112)) - Added a new node: /default-rack/712be322-34b1-4d33-aaf2-76c2c9935d67
2022-10-13 11:30:07,820 [IPC Server handler 0 on default port 42811] INFO  node.SCMNodeManager (SCMNodeManager.java:register(397)) - Registered Data node : 712be322-34b1-4d33-aaf2-76c2c9935d67{ip: 10.1.0.139, host: fv-az447-90.tnmeiuxxsqeu3byeydcnbj0j5d.dx.internal.cloudapp.net, ports: [REPLICATION=41601, RATIS=46709, RATIS_ADMIN=46709, RATIS_SERVER=46709, STANDALONE=33581], networkLocation: /default-rack, certSerialId: null, persistedOpState: null, persistedOpStateExpiryEpochSec: 0}
2022-10-13 11:30:07,822 [EventQueue-NodeRegistrationContainerReportForDataNodeSafeModeRule] INFO  safemode.SCMSafeModeManager (DataNodeSafeModeRule.java:process(71)) - SCM in safe mode. 1 DataNodes registered, 3 required.
2022-10-13 11:30:07,823 [EventQueue-NodeRegistrationContainerReportForContainerSafeModeRule] INFO  safemode.SCMSafeModeManager (SCMSafeModeManager.java:validateSafeModeExitRules(204)) - ContainerSafeModeRule rule is successfully validated
2022-10-13 11:30:07,826 [EventQueue-NewNodeForNewNodeHandler] INFO  pipeline.BackgroundPipelineCreator (BackgroundPipelineCreator.java:notifyEventTriggered(276)) - trigger a one-shot run on RatisPipelineUtilsThread.
2022-10-13 11:30:07,826 [EventQueue-PipelineReportForOneReplicaPipelineSafeModeRule] INFO  safemode.SCMSafeModeManager (SCMSafeModeManager.java:validateSafeModeExitRules(204)) - AtleastOneDatanodeReportedRule rule is successfully validated
2022-10-13 11:30:07,826 [RatisPipelineUtilsThread - 0] INFO  pipeline.RatisPipelineProvider (RatisPipelineProvider.java:lambda$create$0(195)) - Sending CreatePipelineCommand for pipeline:PipelineID=18fd7870-85f0-4f1b-8b11-3c52668f3149 to datanode:712be322-34b1-4d33-aaf2-76c2c9935d67
2022-10-13 11:30:07,827 [RatisPipelineUtilsThread - 0] INFO  pipeline.PipelineStateManagerImpl (PipelineStateManagerImpl.java:addPipeline(103)) - Created pipeline Pipeline[ Id: 18fd7870-85f0-4f1b-8b11-3c52668f3149, Nodes: 712be322-34b1-4d33-aaf2-76c2c9935d67{ip: 10.1.0.139, host: fv-az447-90.tnmeiuxxsqeu3byeydcnbj0j5d.dx.internal.cloudapp.net, ports: [REPLICATION=41601, RATIS=46709, RATIS_ADMIN=46709, RATIS_SERVER=46709, STANDALONE=33581], networkLocation: /default-rack, certSerialId: null, persistedOpState: IN_SERVICE, persistedOpStateExpiryEpochSec: 0}, ReplicationConfig: RATIS/ONE, State:ALLOCATED, leaderId:, CreationTimestamp2022-10-13T11:30:07.826Z[Etc/UTC]].
2022-10-13 11:30:08,144 [IPC Server handler 1 on default port 42811] INFO  net.NetworkTopologyImpl (NetworkTopologyImpl.java:add(112)) - Added a new node: /default-rack/3085d457-a103-493c-b4e9-901a54e38ac8
2022-10-13 11:30:08,144 [IPC Server handler 1 on default port 42811] INFO  node.SCMNodeManager (SCMNodeManager.java:register(397)) - Registered Data node : 3085d457-a103-493c-b4e9-901a54e38ac8{ip: 10.1.0.139, host: fv-az447-90.tnmeiuxxsqeu3byeydcnbj0j5d.dx.internal.cloudapp.net, ports: [REPLICATION=45435, RATIS=35861, RATIS_ADMIN=35861, RATIS_SERVER=35861, STANDALONE=45777], networkLocation: /default-rack, certSerialId: null, persistedOpState: null, persistedOpStateExpiryEpochSec: 0}
2022-10-13 11:30:08,145 [EventQueue-NewNodeForNewNodeHandler] INFO  pipeline.BackgroundPipelineCreator (BackgroundPipelineCreator.java:notifyEventTriggered(276)) - trigger a one-shot run on RatisPipelineUtilsThread.
2022-10-13 11:30:08,145 [EventQueue-NodeRegistrationContainerReportForDataNodeSafeModeRule] INFO  safemode.SCMSafeModeManager (DataNodeSafeModeRule.java:process(71)) - SCM in safe mode. 2 DataNodes registered, 3 required.
2022-10-13 11:30:08,146 [RatisPipelineUtilsThread - 0] INFO  pipeline.RatisPipelineProvider (RatisPipelineProvider.java:lambda$create$0(195)) - Sending CreatePipelineCommand for pipeline:PipelineID=e3439bab-e3a5-4d3a-bbe8-b6595296a3df to datanode:3085d457-a103-493c-b4e9-901a54e38ac8
2022-10-13 11:30:08,147 [RatisPipelineUtilsThread - 0] INFO  pipeline.PipelineStateManagerImpl (PipelineStateManagerImpl.java:addPipeline(103)) - Created pipeline Pipeline[ Id: e3439bab-e3a5-4d3a-bbe8-b6595296a3df, Nodes: 3085d457-a103-493c-b4e9-901a54e38ac8{ip: 10.1.0.139, host: fv-az447-90.tnmeiuxxsqeu3byeydcnbj0j5d.dx.internal.cloudapp.net, ports: [REPLICATION=45435, RATIS=35861, RATIS_ADMIN=35861, RATIS_SERVER=35861, STANDALONE=45777], networkLocation: /default-rack, certSerialId: null, persistedOpState: IN_SERVICE, persistedOpStateExpiryEpochSec: 0}, ReplicationConfig: RATIS/ONE, State:ALLOCATED, leaderId:, CreationTimestamp2022-10-13T11:30:08.146Z[Etc/UTC]].
2022-10-13 11:30:08,446 [Listener at 127.0.0.1/41263] INFO  ozone.MiniOzoneClusterImpl (MiniOzoneClusterImpl.java:lambda$waitForClusterToBeReady$0(216)) - Waiting for nodes to be ready. Got 2 of 3 DN Heartbeats.
2022-10-13 11:30:08,446 [Listener at 127.0.0.1/41263] INFO  ozone.MiniOzoneClusterImpl (MiniOzoneClusterImpl.java:lambda$waitForClusterToBeReady$0(219)) - Waiting for cluster to exit safe mode
2022-10-13 11:30:08,446 [Listener at 127.0.0.1/41263] INFO  ozone.MiniOzoneClusterImpl (MiniOzoneClusterImpl.java:lambda$waitForClusterToBeReady$0(221)) - SCM became leader
2022-10-13 11:30:08,448 [IPC Server handler 2 on default port 42811] INFO  net.NetworkTopologyImpl (NetworkTopologyImpl.java:add(112)) - Added a new node: /default-rack/c6ba56ce-59ca-4e1a-8f34-5688e5c45b2f
2022-10-13 11:30:08,448 [IPC Server handler 2 on default port 42811] INFO  node.SCMNodeManager (SCMNodeManager.java:register(397)) - Registered Data node : c6ba56ce-59ca-4e1a-8f34-5688e5c45b2f{ip: 10.1.0.139, host: fv-az447-90.tnmeiuxxsqeu3byeydcnbj0j5d.dx.internal.cloudapp.net, ports: [REPLICATION=40421, RATIS=40701, RATIS_ADMIN=40701, RATIS_SERVER=40701, STANDALONE=37415], networkLocation: /default-rack, certSerialId: null, persistedOpState: null, persistedOpStateExpiryEpochSec: 0}
2022-10-13 11:30:08,449 [EventQueue-NewNodeForNewNodeHandler] INFO  pipeline.BackgroundPipelineCreator (BackgroundPipelineCreator.java:notifyEventTriggered(276)) - trigger a one-shot run on RatisPipelineUtilsThread.
2022-10-13 11:30:08,449 [EventQueue-NodeRegistrationContainerReportForDataNodeSafeModeRule] INFO  safemode.SCMSafeModeManager (DataNodeSafeModeRule.java:process(71)) - SCM in safe mode. 3 DataNodes registered, 3 required.
2022-10-13 11:30:08,449 [EventQueue-NodeRegistrationContainerReportForDataNodeSafeModeRule] INFO  safemode.SCMSafeModeManager (SCMSafeModeManager.java:validateSafeModeExitRules(204)) - DataNodeSafeModeRule rule is successfully validated
2022-10-13 11:30:08,449 [EventQueue-NodeRegistrationContainerReportForDataNodeSafeModeRule] INFO  safemode.SCMSafeModeManager (SCMSafeModeManager.java:completePreCheck(233)) - All SCM safe mode pre check rules have passed
2022-10-13 11:30:08,449 [EventQueue-NodeRegistrationContainerReportForDataNodeSafeModeRule] WARN  events.EventQueue (EventQueue.java:fireEvent(216)) - No event handler registered for event TypedEvent{payloadType=SafeModeStatus, name='Safe mode status'}
2022-10-13 11:30:08,449 [EventQueue-NodeRegistrationContainerReportForDataNodeSafeModeRule] INFO  ha.SCMContext (SCMContext.java:updateSafeModeStatus(228)) - Update SafeModeStatus from SafeModeStatus{safeModeStatus=true, preCheckPassed=false} to SafeModeStatus{safeModeStatus=true, preCheckPassed=true}.
2022-10-13 11:30:08,449 [EventQueue-NodeRegistrationContainerReportForDataNodeSafeModeRule] INFO  pipeline.BackgroundPipelineCreator (BackgroundPipelineCreator.java:notifyEventTriggered(276)) - trigger a one-shot run on RatisPipelineUtilsThread.
2022-10-13 11:30:08,450 [RatisPipelineUtilsThread - 0] INFO  pipeline.RatisPipelineProvider (RatisPipelineProvider.java:lambda$create$0(195)) - Sending CreatePipelineCommand for pipeline:PipelineID=2209edb6-b404-4dcd-94a6-f6296274b165 to datanode:c6ba56ce-59ca-4e1a-8f34-5688e5c45b2f
2022-10-13 11:30:08,450 [RatisPipelineUtilsThread - 0] INFO  pipeline.PipelineStateManagerImpl (PipelineStateManagerImpl.java:addPipeline(103)) - Created pipeline Pipeline[ Id: 2209edb6-b404-4dcd-94a6-f6296274b165, Nodes: c6ba56ce-59ca-4e1a-8f34-5688e5c45b2f{ip: 10.1.0.139, host: fv-az447-90.tnmeiuxxsqeu3byeydcnbj0j5d.dx.internal.cloudapp.net, ports: [REPLICATION=40421, RATIS=40701, RATIS_ADMIN=40701, RATIS_SERVER=40701, STANDALONE=37415], networkLocation: /default-rack, certSerialId: null, persistedOpState: IN_SERVICE, persistedOpStateExpiryEpochSec: 0}, ReplicationConfig: RATIS/ONE, State:ALLOCATED, leaderId:, CreationTimestamp2022-10-13T11:30:08.450Z[Etc/UTC]].
2022-10-13 11:30:08,451 [RatisPipelineUtilsThread - 0] INFO  pipeline.RatisPipelineProvider (RatisPipelineProvider.java:lambda$create$0(195)) - Sending CreatePipelineCommand for pipeline:PipelineID=65f79174-5c16-4e6d-ab2d-8a27e13a4fe7 to datanode:3085d457-a103-493c-b4e9-901a54e38ac8
2022-10-13 11:30:08,451 [RatisPipelineUtilsThread - 0] INFO  pipeline.RatisPipelineProvider (RatisPipelineProvider.java:lambda$create$0(195)) - Sending CreatePipelineCommand for pipeline:PipelineID=65f79174-5c16-4e6d-ab2d-8a27e13a4fe7 to datanode:c6ba56ce-59ca-4e1a-8f34-5688e5c45b2f
2022-10-13 11:30:08,451 [RatisPipelineUtilsThread - 0] INFO  pipeline.RatisPipelineProvider (RatisPipelineProvider.java:lambda$create$0(195)) - Sending CreatePipelineCommand for pipeline:PipelineID=65f79174-5c16-4e6d-ab2d-8a27e13a4fe7 to datanode:712be322-34b1-4d33-aaf2-76c2c9935d67
2022-10-13 11:30:08,451 [RatisPipelineUtilsThread - 0] INFO  pipeline.PipelineStateManagerImpl (PipelineStateManagerImpl.java:addPipeline(103)) - Created pipeline Pipeline[ Id: 65f79174-5c16-4e6d-ab2d-8a27e13a4fe7, Nodes: 3085d457-a103-493c-b4e9-901a54e38ac8{ip: 10.1.0.139, host: fv-az447-90.tnmeiuxxsqeu3byeydcnbj0j5d.dx.internal.cloudapp.net, ports: [REPLICATION=45435, RATIS=35861, RATIS_ADMIN=35861, RATIS_SERVER=35861, STANDALONE=45777], networkLocation: /default-rack, certSerialId: null, persistedOpState: IN_SERVICE, persistedOpStateExpiryEpochSec: 0}c6ba56ce-59ca-4e1a-8f34-5688e5c45b2f{ip: 10.1.0.139, host: fv-az447-90.tnmeiuxxsqeu3byeydcnbj0j5d.dx.internal.cloudapp.net, ports: [REPLICATION=40421, RATIS=40701, RATIS_ADMIN=40701, RATIS_SERVER=40701, STANDALONE=37415], networkLocation: /default-rack, certSerialId: null, persistedOpState: IN_SERVICE, persistedOpStateExpiryEpochSec: 0}712be322-34b1-4d33-aaf2-76c2c9935d67{ip: 10.1.0.139, host: fv-az447-90.tnmeiuxxsqeu3byeydcnbj0j5d.dx.internal.cloudapp.net, ports: [REPLICATION=41601, RATIS=46709, RATIS_ADMIN=46709, RATIS_SERVER=46709, STANDALONE=33581], networkLocation: /default-rack, certSerialId: null, persistedOpState: IN_SERVICE, persistedOpStateExpiryEpochSec: 0}, ReplicationConfig: RATIS/THREE, State:ALLOCATED, leaderId:, CreationTimestamp2022-10-13T11:30:08.451Z[Etc/UTC]].
2022-10-13 11:30:08,452 [RatisPipelineUtilsThread - 0] INFO  pipeline.RatisPipelineProvider (RatisPipelineProvider.java:lambda$create$0(195)) - Sending CreatePipelineCommand for pipeline:PipelineID=a1f604af-ceb7-4d95-988a-f61de661d2f1 to datanode:712be322-34b1-4d33-aaf2-76c2c9935d67
2022-10-13 11:30:08,452 [RatisPipelineUtilsThread - 0] INFO  pipeline.RatisPipelineProvider (RatisPipelineProvider.java:lambda$create$0(195)) - Sending CreatePipelineCommand for pipeline:PipelineID=a1f604af-ceb7-4d95-988a-f61de661d2f1 to datanode:3085d457-a103-493c-b4e9-901a54e38ac8
2022-10-13 11:30:08,452 [RatisPipelineUtilsThread - 0] INFO  pipeline.RatisPipelineProvider (RatisPipelineProvider.java:lambda$create$0(195)) - Sending CreatePipelineCommand for pipeline:PipelineID=a1f604af-ceb7-4d95-988a-f61de661d2f1 to datanode:c6ba56ce-59ca-4e1a-8f34-5688e5c45b2f
2022-10-13 11:30:08,452 [RatisPipelineUtilsThread - 0] INFO  pipeline.PipelineStateManagerImpl (PipelineStateManagerImpl.java:addPipeline(103)) - Created pipeline Pipeline[ Id: a1f604af-ceb7-4d95-988a-f61de661d2f1, Nodes: 712be322-34b1-4d33-aaf2-76c2c9935d67{ip: 10.1.0.139, host: fv-az447-90.tnmeiuxxsqeu3byeydcnbj0j5d.dx.internal.cloudapp.net, ports: [REPLICATION=41601, RATIS=46709, RATIS_ADMIN=46709, RATIS_SERVER=46709, STANDALONE=33581], networkLocation: /default-rack, certSerialId: null, persistedOpState: IN_SERVICE, persistedOpStateExpiryEpochSec: 0}3085d457-a103-493c-b4e9-901a54e38ac8{ip: 10.1.0.139, host: fv-az447-90.tnmeiuxxsqeu3byeydcnbj0j5d.dx.internal.cloudapp.net, ports: [REPLICATION=45435, RATIS=35861, RATIS_ADMIN=35861, RATIS_SERVER=35861, STANDALONE=45777], networkLocation: /default-rack, certSerialId: null, persistedOpState: IN_SERVICE, persistedOpStateExpiryEpochSec: 0}c6ba56ce-59ca-4e1a-8f34-5688e5c45b2f{ip: 10.1.0.139, host: fv-az447-90.tnmeiuxxsqeu3byeydcnbj0j5d.dx.internal.cloudapp.net, ports: [REPLICATION=40421, RATIS=40701, RATIS_ADMIN=40701, RATIS_SERVER=40701, STANDALONE=37415], networkLocation: /default-rack, certSerialId: null, persistedOpState: IN_SERVICE, persistedOpStateExpiryEpochSec: 0}, ReplicationConfig: RATIS/THREE, State:ALLOCATED, leaderId:, CreationTimestamp2022-10-13T11:30:08.452Z[Etc/UTC]].
2022-10-13 11:30:08,452 [RatisPipelineUtilsThread - 0] INFO  pipeline.PipelineManagerImpl (PipelineManagerImpl.java:recordMetricsForPipeline(796)) - Pipeline: PipelineID=a1f604af-ceb7-4d95-988a-f61de661d2f1 contains same datanodes as previous pipelines: PipelineID=65f79174-5c16-4e6d-ab2d-8a27e13a4fe7 nodeIds: 712be322-34b1-4d33-aaf2-76c2c9935d67, 3085d457-a103-493c-b4e9-901a54e38ac8, c6ba56ce-59ca-4e1a-8f34-5688e5c45b2f
2022-10-13 11:30:09,447 [Listener at 127.0.0.1/41263] INFO  ozone.MiniOzoneClusterImpl (MiniOzoneClusterImpl.java:lambda$waitForClusterToBeReady$0(216)) - Nodes are ready. Got 3 of 3 DN Heartbeats.
2022-10-13 11:30:09,447 [Listener at 127.0.0.1/41263] INFO  ozone.MiniOzoneClusterImpl (MiniOzoneClusterImpl.java:lambda$waitForClusterToBeReady$0(219)) - Waiting for cluster to exit safe mode
2022-10-13 11:30:09,447 [Listener at 127.0.0.1/41263] INFO  ozone.MiniOzoneClusterImpl (MiniOzoneClusterImpl.java:lambda$waitForClusterToBeReady$0(221)) - SCM became leader
2022-10-13 11:30:10,448 [Listener at 127.0.0.1/41263] INFO  ozone.MiniOzoneClusterImpl (MiniOzoneClusterImpl.java:lambda$waitForClusterToBeReady$0(216)) - Nodes are ready. Got 3 of 3 DN Heartbeats.
2022-10-13 11:30:10,448 [Listener at 127.0.0.1/41263] INFO  ozone.MiniOzoneClusterImpl (MiniOzoneClusterImpl.java:lambda$waitForClusterToBeReady$0(219)) - Waiting for cluster to exit safe mode
2022-10-13 11:30:10,448 [Listener at 127.0.0.1/41263] INFO  ozone.MiniOzoneClusterImpl (MiniOzoneClusterImpl.java:lambda$waitForClusterToBeReady$0(221)) - SCM became leader
2022-10-13 11:30:10,818 [Command processor thread] INFO  server.RaftServer (RaftServerProxy.java:addNew(96)) - 712be322-34b1-4d33-aaf2-76c2c9935d67: addNew group-3C52668F3149:[712be322-34b1-4d33-aaf2-76c2c9935d67|rpc:10.1.0.139:46709|priority:1] returns group-3C52668F3149:java.util.concurrent.CompletableFuture@4dcb6731[Not completed]
2022-10-13 11:30:10,819 [pool-802-thread-1] INFO  server.RaftServer$Division (RaftServerImpl.java:<init>(190)) - 712be322-34b1-4d33-aaf2-76c2c9935d67: new RaftServerImpl for group-3C52668F3149:[712be322-34b1-4d33-aaf2-76c2c9935d67|rpc:10.1.0.139:46709|priority:1] with ContainerStateMachine:uninitialized
2022-10-13 11:30:10,819 [pool-802-thread-1] INFO  server.RaftServerConfigKeys (ConfUtils.java:logGet(46)) - raft.server.rpc.timeout.min = 5s (custom)
2022-10-13 11:30:10,819 [pool-802-thread-1] INFO  server.RaftServerConfigKeys (ConfUtils.java:logGet(46)) - raft.server.rpc.timeout.max = 5200ms (custom)
2022-10-13 11:30:10,819 [pool-802-thread-1] INFO  server.RaftServerConfigKeys (ConfUtils.java:logGet(46)) - raft.server.rpc.sleep.time = 25ms (default)
2022-10-13 11:30:10,820 [pool-802-thread-1] INFO  server.RaftServerConfigKeys (ConfUtils.java:logGet(46)) - raft.server.rpc.slowness.timeout = 300s (custom)
2022-10-13 11:30:10,820 [pool-802-thread-1] INFO  server.RaftServerConfigKeys (ConfUtils.java:logGet(46)) - raft.server.leaderelection.leader.step-down.wait-time = 10s (default)
2022-10-13 11:30:10,820 [pool-802-thread-1] INFO  server.RaftServerConfigKeys (ConfUtils.java:logGet(46)) - raft.server.sleep.deviation.threshold = 300ms (default)
2022-10-13 11:30:10,820 [pool-802-thread-1] INFO  server.RaftServer$Division (ServerState.java:<init>(107)) - 712be322-34b1-4d33-aaf2-76c2c9935d67@group-3C52668F3149: ConfigurationManager, init=-1: [712be322-34b1-4d33-aaf2-76c2c9935d67|rpc:10.1.0.139:46709|priority:1], old=null, confs=<EMPTY_MAP>
2022-10-13 11:30:10,820 [pool-802-thread-1] INFO  server.RaftServerConfigKeys (ConfUtils.java:logGet(46)) - raft.server.storage.dir = [/home/runner/work/ozone/ozone/hadoop-ozone/integration-test/target/test-dir/MiniOzoneClusterImpl-cb6e840c-eeae-4d67-92af-d8558e489f02/datanode-0/data/ratis] (custom)
2022-10-13 11:30:10,820 [pool-802-thread-1] INFO  server.RaftServerConfigKeys (ConfUtils.java:logGet(46)) - raft.server.log.corruption.policy = EXCEPTION (default)
2022-10-13 11:30:10,820 [pool-802-thread-1] INFO  server.RaftServerConfigKeys (ConfUtils.java:logGet(46)) - raft.server.storage.free-space.min = 0MB (=0) (default)
2022-10-13 11:30:10,820 [pool-802-thread-1] INFO  storage.RaftStorageDirectory (RaftStorageDirectoryImpl.java:analyzeStorage(135)) - The storage directory /home/runner/work/ozone/ozone/hadoop-ozone/integration-test/target/test-dir/MiniOzoneClusterImpl-cb6e840c-eeae-4d67-92af-d8558e489f02/datanode-0/data/ratis/18fd7870-85f0-4f1b-8b11-3c52668f3149 does not exist. Creating ...
2022-10-13 11:30:10,822 [pool-802-thread-1] INFO  storage.RaftStorageDirectory (RaftStorageDirectoryImpl.java:tryLock(230)) - Lock on /home/runner/work/ozone/ozone/hadoop-ozone/integration-test/target/test-dir/MiniOzoneClusterImpl-cb6e840c-eeae-4d67-92af-d8558e489f02/datanode-0/data/ratis/18fd7870-85f0-4f1b-8b11-3c52668f3149/in_use.lock acquired by nodename 2264@fv-az447-90
2022-10-13 11:30:10,824 [pool-802-thread-1] INFO  storage.RaftStorage (RaftStorageImpl.java:format(89)) - Storage directory /home/runner/work/ozone/ozone/hadoop-ozone/integration-test/target/test-dir/MiniOzoneClusterImpl-cb6e840c-eeae-4d67-92af-d8558e489f02/datanode-0/data/ratis/18fd7870-85f0-4f1b-8b11-3c52668f3149 has been successfully formatted.
2022-10-13 11:30:10,825 [pool-802-thread-1] INFO  ratis.ContainerStateMachine (ContainerStateMachine.java:loadSnapshot(236)) - group-3C52668F3149: The snapshot info is null. Setting the last applied indexto:(t:0, i:~)
2022-10-13 11:30:10,825 [pool-802-thread-1] INFO  server.RaftServerConfigKeys (ConfUtils.java:logGet(46)) - raft.server.notification.no-leader.timeout = 300s (custom)
2022-10-13 11:30:10,825 [pool-802-thread-1] INFO  server.RaftServerConfigKeys (ConfUtils.java:logGet(46)) - raft.server.log.use.memory = false (default)
2022-10-13 11:30:10,825 [pool-802-thread-1] INFO  server.RaftServerConfigKeys (ConfUtils.java:logGet(46)) - raft.server.log.purge.gap = 1000000 (custom)
2022-10-13 11:30:10,826 [pool-802-thread-1] INFO  server.RaftServerConfigKeys (ConfUtils.java:logGet(46)) - raft.server.log.appender.buffer.byte-limit = 33554432 (custom)
2022-10-13 11:30:10,826 [pool-802-thread-1] INFO  server.RaftServerConfigKeys (ConfUtils.java:logGet(46)) - raft.server.log.statemachine.data.read.timeout = 1000ms (default)
2022-10-13 11:30:10,826 [EventQueue-PipelineReportForPipelineReportHandler] INFO  pipeline.PipelineManagerImpl (PipelineManagerImpl.java:openPipeline(367)) - Pipeline Pipeline[ Id: 18fd7870-85f0-4f1b-8b11-3c52668f3149, Nodes: 712be322-34b1-4d33-aaf2-76c2c9935d67{ip: 10.1.0.139, host: fv-az447-90.tnmeiuxxsqeu3byeydcnbj0j5d.dx.internal.cloudapp.net, ports: [REPLICATION=41601, RATIS=46709, RATIS_ADMIN=46709, RATIS_SERVER=46709, STANDALONE=33581], networkLocation: /default-rack, certSerialId: null, persistedOpState: IN_SERVICE, persistedOpStateExpiryEpochSec: 0}, ReplicationConfig: RATIS/ONE, State:ALLOCATED, leaderId:712be322-34b1-4d33-aaf2-76c2c9935d67, CreationTimestamp2022-10-13T11:30:07.826Z[Etc/UTC]] moved to OPEN state
2022-10-13 11:30:10,827 [pool-802-thread-1] INFO  server.RaftServerConfigKeys (ConfUtils.java:logGet(46)) - raft.server.log.segment.size.max = 1048576 (custom)
2022-10-13 11:30:10,828 [pool-802-thread-1] INFO  server.RaftServerConfigKeys (ConfUtils.java:logGet(46)) - raft.server.log.segment.cache.num.max = 2 (custom)
2022-10-13 11:30:10,828 [pool-802-thread-1] INFO  server.RaftServerConfigKeys (ConfUtils.java:logGet(46)) - raft.server.log.segment.cache.size.max = 200MB (=209715200) (default)
2022-10-13 11:30:10,828 [pool-802-thread-1] INFO  segmented.SegmentedRaftLogWorker (SegmentedRaftLogWorker.java:<init>(187)) - new 712be322-34b1-4d33-aaf2-76c2c9935d67@group-3C52668F3149-SegmentedRaftLogWorker for RaftStorageImpl:Storage Directory /home/runner/work/ozone/ozone/hadoop-ozone/integration-test/target/test-dir/MiniOzoneClusterImpl-cb6e840c-eeae-4d67-92af-d8558e489f02/datanode-0/data/ratis/18fd7870-85f0-4f1b-8b11-3c52668f3149
2022-10-13 11:30:10,828 [pool-802-thread-1] INFO  server.RaftServerConfigKeys (ConfUtils.java:logGet(46)) - raft.server.log.queue.byte-limit = 4294967296 (custom)
2022-10-13 11:30:10,828 [pool-802-thread-1] INFO  server.RaftServerConfigKeys (ConfUtils.java:logGet(46)) - raft.server.log.queue.element-limit = 1024 (custom)
2022-10-13 11:30:10,828 [pool-802-thread-1] INFO  server.RaftServerConfigKeys (ConfUtils.java:logGet(46)) - raft.server.log.segment.size.max = 1048576 (custom)
2022-10-13 11:30:10,828 [pool-802-thread-1] INFO  server.RaftServerConfigKeys (ConfUtils.java:logGet(46)) - raft.server.log.preallocated.size = 16384 (custom)
2022-10-13 11:30:10,828 [pool-802-thread-1] INFO  server.RaftServerConfigKeys (ConfUtils.java:logGet(46)) - raft.server.log.force.sync.num = 128 (default)
2022-10-13 11:30:10,828 [pool-802-thread-1] INFO  server.RaftServerConfigKeys (ConfUtils.java:logGet(46)) - raft.server.log.statemachine.data.sync = true (default)
2022-10-13 11:30:10,828 [pool-802-thread-1] INFO  server.RaftServerConfigKeys (ConfUtils.java:logGet(46)) - raft.server.log.statemachine.data.sync.timeout = 10s (default)
2022-10-13 11:30:10,828 [pool-802-thread-1] INFO  server.RaftServerConfigKeys (ConfUtils.java:logGet(46)) - raft.server.log.statemachine.data.sync.timeout.retry = -1 (default)
2022-10-13 11:30:10,830 [EventQueue-OpenPipelineForHealthyPipelineSafeModeRule] INFO  safemode.SCMSafeModeManager (HealthyPipelineSafeModeRule.java:process(137)) - SCM in safe mode. Healthy pipelines reported count is 0, required healthy pipeline reported count is 1
2022-10-13 11:30:10,830 [pool-802-thread-1] INFO  server.RaftServerConfigKeys (ConfUtils.java:logGet(46)) - raft.server.log.write.buffer.size = 1048576 (custom)
2022-10-13 11:30:10,831 [pool-802-thread-1] INFO  server.RaftServerConfigKeys (ConfUtils.java:logGet(46)) - raft.server.log.unsafe-flush.enabled = false (default)
2022-10-13 11:30:10,831 [pool-802-thread-1] INFO  server.RaftServerConfigKeys (ConfUtils.java:logGet(46)) - raft.server.log.statemachine.data.caching.enabled = true (custom)
2022-10-13 11:30:10,831 [pool-802-thread-1] INFO  segmented.SegmentedRaftLogWorker (SegmentedRaftLogWorker.java:lambda$new$0(135)) - 712be322-34b1-4d33-aaf2-76c2c9935d67@group-3C52668F3149-SegmentedRaftLogWorker: flushIndex: setUnconditionally 0 -> -1
2022-10-13 11:30:10,831 [pool-802-thread-1] INFO  segmented.SegmentedRaftLogWorker (SegmentedRaftLogWorker.java:lambda$new$0(135)) - 712be322-34b1-4d33-aaf2-76c2c9935d67@group-3C52668F3149-SegmentedRaftLogWorker: safeCacheEvictIndex: setUnconditionally 0 -> -1
2022-10-13 11:30:10,831 [pool-802-thread-1] INFO  server.RaftServerConfigKeys (ConfUtils.java:logGet(46)) - raft.server.snapshot.auto.trigger.enabled = true (custom)
2022-10-13 11:30:10,831 [pool-802-thread-1] INFO  server.RaftServerConfigKeys (ConfUtils.java:logGet(46)) - raft.server.snapshot.auto.trigger.threshold = 10000 (custom)
2022-10-13 11:30:10,831 [pool-802-thread-1] INFO  server.RaftServerConfigKeys (ConfUtils.java:logGet(46)) - raft.server.snapshot.retention.file.num = 5 (custom)
2022-10-13 11:30:10,831 [pool-802-thread-1] INFO  server.RaftServerConfigKeys (ConfUtils.java:logGet(46)) - raft.server.log.purge.upto.snapshot.index = false (default)
2022-10-13 11:30:10,831 [pool-802-thread-1] INFO  server.RaftServerConfigKeys (ConfUtils.java:logGet(46)) - raft.server.retrycache.expirytime = 600000ms (custom)
2022-10-13 11:30:10,831 [pool-802-thread-1] INFO  server.RaftServerConfigKeys (ConfUtils.java:logGet(46)) - raft.server.retrycache.statistics.expirytime = 100μs (default)
2022-10-13 11:30:10,833 [pool-802-thread-1] INFO  server.RaftServerConfigKeys (ConfUtils.java:logGet(46)) - raft.server.log.appender.install.snapshot.enabled = false (custom)
2022-10-13 11:30:10,835 [pool-802-thread-1] INFO  server.RaftServerConfigKeys (ConfUtils.java:logGet(46)) - raft.server.threadpool.server.cached = true (default)
2022-10-13 11:30:10,835 [pool-802-thread-1] INFO  server.RaftServerConfigKeys (ConfUtils.java:logGet(46)) - raft.server.threadpool.server.size = 0 (default)
2022-10-13 11:30:10,835 [pool-802-thread-1] INFO  server.RaftServerConfigKeys (ConfUtils.java:logGet(46)) - raft.server.threadpool.client.cached = true (default)
2022-10-13 11:30:10,835 [pool-802-thread-1] INFO  server.RaftServerConfigKeys (ConfUtils.java:logGet(46)) - raft.server.threadpool.client.size = 0 (default)
2022-10-13 11:30:10,836 [pool-802-thread-1] INFO  server.RaftServer$Division (RaftServerImpl.java:start(310)) - 712be322-34b1-4d33-aaf2-76c2c9935d67@group-3C52668F3149: start as a follower, conf=-1: [712be322-34b1-4d33-aaf2-76c2c9935d67|rpc:10.1.0.139:46709|priority:1], old=null
2022-10-13 11:30:10,836 [pool-802-thread-1] INFO  server.RaftServer$Division (RaftServerImpl.java:setRole(299)) - 712be322-34b1-4d33-aaf2-76c2c9935d67@group-3C52668F3149: changes role from      null to FOLLOWER at term 0 for startAsFollower
2022-10-13 11:30:10,836 [pool-802-thread-1] INFO  impl.RoleInfo (RoleInfo.java:updateAndGet(139)) - 712be322-34b1-4d33-aaf2-76c2c9935d67: start 712be322-34b1-4d33-aaf2-76c2c9935d67@group-3C52668F3149-FollowerState
2022-10-13 11:30:10,836 [pool-802-thread-1] INFO  util.JmxRegister (JmxRegister.java:tryRegister(44)) - Successfully registered JMX Bean with object name Ratis:service=RaftServer,group=group-3C52668F3149,id=712be322-34b1-4d33-aaf2-76c2c9935d67
2022-10-13 11:30:10,837 [Command processor thread] INFO  ratis.XceiverServerRatis (XceiverServerRatis.java:addGroup(765)) - Created group PipelineID=18fd7870-85f0-4f1b-8b11-3c52668f3149
2022-10-13 11:30:10,837 [Command processor thread] INFO  commandhandler.CreatePipelineCommandHandler (CreatePipelineCommandHandler.java:handle(113)) - Created Pipeline RATIS ONE PipelineID=18fd7870-85f0-4f1b-8b11-3c52668f3149.
2022-10-13 11:30:10,837 [Command processor thread] INFO  server.RaftServer (RaftServerProxy.java:addNew(96)) - 712be322-34b1-4d33-aaf2-76c2c9935d67: addNew group-8A27E13A4FE7:[3085d457-a103-493c-b4e9-901a54e38ac8|rpc:10.1.0.139:35861|priority:0, 712be322-34b1-4d33-aaf2-76c2c9935d67|rpc:10.1.0.139:46709|priority:0, c6ba56ce-59ca-4e1a-8f34-5688e5c45b2f|rpc:10.1.0.139:40701|priority:1] returns group-8A27E13A4FE7:java.util.concurrent.CompletableFuture@49f4fa50[Not completed]
2022-10-13 11:30:10,838 [pool-802-thread-1] INFO  server.RaftServer$Division (RaftServerImpl.java:<init>(190)) - 712be322-34b1-4d33-aaf2-76c2c9935d67: new RaftServerImpl for group-8A27E13A4FE7:[3085d457-a103-493c-b4e9-901a54e38ac8|rpc:10.1.0.139:35861|priority:0, 712be322-34b1-4d33-aaf2-76c2c9935d67|rpc:10.1.0.139:46709|priority:0, c6ba56ce-59ca-4e1a-8f34-5688e5c45b2f|rpc:10.1.0.139:40701|priority:1] with ContainerStateMachine:uninitialized
2022-10-13 11:30:10,838 [pool-802-thread-1] INFO  server.RaftServerConfigKeys (ConfUtils.java:logGet(46)) - raft.server.rpc.timeout.min = 5s (custom)
2022-10-13 11:30:10,838 [pool-802-thread-1] INFO  server.RaftServerConfigKeys (ConfUtils.java:logGet(46)) - raft.server.rpc.timeout.max = 5200ms (custom)
2022-10-13 11:30:10,838 [pool-802-thread-1] INFO  server.RaftServerConfigKeys (ConfUtils.java:logGet(46)) - raft.server.rpc.sleep.time = 25ms (default)
2022-10-13 11:30:10,838 [pool-802-thread-1] INFO  server.RaftServerConfigKeys (ConfUtils.java:logGet(46)) - raft.server.rpc.slowness.timeout = 300s (custom)
2022-10-13 11:30:10,838 [pool-802-thread-1] INFO  server.RaftServerConfigKeys (ConfUtils.java:logGet(46)) - raft.server.leaderelection.leader.step-down.wait-time = 10s (default)
2022-10-13 11:30:10,838 [pool-802-thread-1] INFO  server.RaftServerConfigKeys (ConfUtils.java:logGet(46)) - raft.server.sleep.deviation.threshold = 300ms (default)
2022-10-13 11:30:10,838 [pool-802-thread-1] INFO  server.RaftServer$Division (ServerState.java:<init>(107)) - 712be322-34b1-4d33-aaf2-76c2c9935d67@group-8A27E13A4FE7: ConfigurationManager, init=-1: [3085d457-a103-493c-b4e9-901a54e38ac8|rpc:10.1.0.139:35861|priority:0, 712be322-34b1-4d33-aaf2-76c2c9935d67|rpc:10.1.0.139:46709|priority:0, c6ba56ce-59ca-4e1a-8f34-5688e5c45b2f|rpc:10.1.0.139:40701|priority:1], old=null, confs=<EMPTY_MAP>
2022-10-13 11:30:10,839 [pool-802-thread-1] INFO  server.RaftServerConfigKeys (ConfUtils.java:logGet(46)) - raft.server.storage.dir = [/home/runner/work/ozone/ozone/hadoop-ozone/integration-test/target/test-dir/MiniOzoneClusterImpl-cb6e840c-eeae-4d67-92af-d8558e489f02/datanode-0/data/ratis] (custom)
2022-10-13 11:30:10,839 [pool-802-thread-1] INFO  server.RaftServerConfigKeys (ConfUtils.java:logGet(46)) - raft.server.log.corruption.policy = EXCEPTION (default)
2022-10-13 11:30:10,839 [pool-802-thread-1] INFO  server.RaftServerConfigKeys (ConfUtils.java:logGet(46)) - raft.server.storage.free-space.min = 0MB (=0) (default)
2022-10-13 11:30:10,839 [pool-802-thread-1] INFO  storage.RaftStorageDirectory (RaftStorageDirectoryImpl.java:analyzeStorage(135)) - The storage directory /home/runner/work/ozone/ozone/hadoop-ozone/integration-test/target/test-dir/MiniOzoneClusterImpl-cb6e840c-eeae-4d67-92af-d8558e489f02/datanode-0/data/ratis/65f79174-5c16-4e6d-ab2d-8a27e13a4fe7 does not exist. Creating ...
2022-10-13 11:30:10,840 [pool-802-thread-1] INFO  storage.RaftStorageDirectory (RaftStorageDirectoryImpl.java:tryLock(230)) - Lock on /home/runner/work/ozone/ozone/hadoop-ozone/integration-test/target/test-dir/MiniOzoneClusterImpl-cb6e840c-eeae-4d67-92af-d8558e489f02/datanode-0/data/ratis/65f79174-5c16-4e6d-ab2d-8a27e13a4fe7/in_use.lock acquired by nodename 2264@fv-az447-90
2022-10-13 11:30:10,842 [pool-802-thread-1] INFO  storage.RaftStorage (RaftStorageImpl.java:format(89)) - Storage directory /home/runner/work/ozone/ozone/hadoop-ozone/integration-test/target/test-dir/MiniOzoneClusterImpl-cb6e840c-eeae-4d67-92af-d8558e489f02/datanode-0/data/ratis/65f79174-5c16-4e6d-ab2d-8a27e13a4fe7 has been successfully formatted.
2022-10-13 11:30:10,842 [pool-802-thread-1] INFO  ratis.ContainerStateMachine (ContainerStateMachine.java:loadSnapshot(236)) - group-8A27E13A4FE7: The snapshot info is null. Setting the last applied indexto:(t:0, i:~)
2022-10-13 11:30:10,842 [pool-802-thread-1] INFO  server.RaftServerConfigKeys (ConfUtils.java:logGet(46)) - raft.server.notification.no-leader.timeout = 300s (custom)
2022-10-13 11:30:10,842 [pool-802-thread-1] INFO  server.RaftServerConfigKeys (ConfUtils.java:logGet(46)) - raft.server.log.use.memory = false (default)
2022-10-13 11:30:10,842 [pool-802-thread-1] INFO  server.RaftServerConfigKeys (ConfUtils.java:logGet(46)) - raft.server.log.purge.gap = 1000000 (custom)
2022-10-13 11:30:10,842 [pool-802-thread-1] INFO  server.RaftServerConfigKeys (ConfUtils.java:logGet(46)) - raft.server.log.appender.buffer.byte-limit = 33554432 (custom)
2022-10-13 11:30:10,842 [pool-802-thread-1] INFO  server.RaftServerConfigKeys (ConfUtils.java:logGet(46)) - raft.server.log.statemachine.data.read.timeout = 1000ms (default)
2022-10-13 11:30:10,843 [pool-802-thread-1] INFO  server.RaftServerConfigKeys (ConfUtils.java:logGet(46)) - raft.server.log.segment.size.max = 1048576 (custom)
2022-10-13 11:30:10,844 [pool-802-thread-1] INFO  server.RaftServerConfigKeys (ConfUtils.java:logGet(46)) - raft.server.log.segment.cache.num.max = 2 (custom)
2022-10-13 11:30:10,844 [pool-802-thread-1] INFO  server.RaftServerConfigKeys (ConfUtils.java:logGet(46)) - raft.server.log.segment.cache.size.max = 200MB (=209715200) (default)
2022-10-13 11:30:10,844 [pool-802-thread-1] INFO  segmented.SegmentedRaftLogWorker (SegmentedRaftLogWorker.java:<init>(187)) - new 712be322-34b1-4d33-aaf2-76c2c9935d67@group-8A27E13A4FE7-SegmentedRaftLogWorker for RaftStorageImpl:Storage Directory /home/runner/work/ozone/ozone/hadoop-ozone/integration-test/target/test-dir/MiniOzoneClusterImpl-cb6e840c-eeae-4d67-92af-d8558e489f02/datanode-0/data/ratis/65f79174-5c16-4e6d-ab2d-8a27e13a4fe7
2022-10-13 11:30:10,844 [pool-802-thread-1] INFO  server.RaftServerConfigKeys (ConfUtils.java:logGet(46)) - raft.server.log.queue.byte-limit = 4294967296 (custom)
2022-10-13 11:30:10,844 [pool-802-thread-1] INFO  server.RaftServerConfigKeys (ConfUtils.java:logGet(46)) - raft.server.log.queue.element-limit = 1024 (custom)
2022-10-13 11:30:10,844 [pool-802-thread-1] INFO  server.RaftServerConfigKeys (ConfUtils.java:logGet(46)) - raft.server.log.segment.size.max = 1048576 (custom)
2022-10-13 11:30:10,844 [pool-802-thread-1] INFO  server.RaftServerConfigKeys (ConfUtils.java:logGet(46)) - raft.server.log.preallocated.size = 16384 (custom)
2022-10-13 11:30:10,844 [pool-802-thread-1] INFO  server.RaftServerConfigKeys (ConfUtils.java:logGet(46)) - raft.server.log.force.sync.num = 128 (default)
2022-10-13 11:30:10,844 [pool-802-thread-1] INFO  server.RaftServerConfigKeys (ConfUtils.java:logGet(46)) - raft.server.log.statemachine.data.sync = true (default)
2022-10-13 11:30:10,844 [pool-802-thread-1] INFO  server.RaftServerConfigKeys (ConfUtils.java:logGet(46)) - raft.server.log.statemachine.data.sync.timeout = 10s (default)
2022-10-13 11:30:10,844 [pool-802-thread-1] INFO  server.RaftServerConfigKeys (ConfUtils.java:logGet(46)) - raft.server.log.statemachine.data.sync.timeout.retry = -1 (default)
2022-10-13 11:30:10,845 [pool-802-thread-1] INFO  server.RaftServerConfigKeys (ConfUtils.java:logGet(46)) - raft.server.log.write.buffer.size = 1048576 (custom)
2022-10-13 11:30:10,846 [pool-802-thread-1] INFO  server.RaftServerConfigKeys (ConfUtils.java:logGet(46)) - raft.server.log.unsafe-flush.enabled = false (default)
2022-10-13 11:30:10,846 [pool-802-thread-1] INFO  server.RaftServerConfigKeys (ConfUtils.java:logGet(46)) - raft.server.log.statemachine.data.caching.enabled = true (custom)
2022-10-13 11:30:10,846 [pool-802-thread-1] INFO  segmented.SegmentedRaftLogWorker (SegmentedRaftLogWorker.java:lambda$new$0(135)) - 712be322-34b1-4d33-aaf2-76c2c9935d67@group-8A27E13A4FE7-SegmentedRaftLogWorker: flushIndex: setUnconditionally 0 -> -1
2022-10-13 11:30:10,846 [pool-802-thread-1] INFO  segmented.SegmentedRaftLogWorker (SegmentedRaftLogWorker.java:lambda$new$0(135)) - 712be322-34b1-4d33-aaf2-76c2c9935d67@group-8A27E13A4FE7-SegmentedRaftLogWorker: safeCacheEvictIndex: setUnconditionally 0 -> -1
2022-10-13 11:30:10,849 [pool-802-thread-1] INFO  server.RaftServerConfigKeys (ConfUtils.java:logGet(46)) - raft.server.snapshot.auto.trigger.enabled = true (custom)
2022-10-13 11:30:10,849 [pool-802-thread-1] INFO  server.RaftServerConfigKeys (ConfUtils.java:logGet(46)) - raft.server.snapshot.auto.trigger.threshold = 10000 (custom)
2022-10-13 11:30:10,849 [pool-802-thread-1] INFO  server.RaftServerConfigKeys (ConfUtils.java:logGet(46)) - raft.server.snapshot.retention.file.num = 5 (custom)
2022-10-13 11:30:10,849 [pool-802-thread-1] INFO  server.RaftServerConfigKeys (ConfUtils.java:logGet(46)) - raft.server.log.purge.upto.snapshot.index = false (default)
2022-10-13 11:30:10,849 [pool-802-thread-1] INFO  server.RaftServerConfigKeys (ConfUtils.java:logGet(46)) - raft.server.retrycache.expirytime = 600000ms (custom)
2022-10-13 11:30:10,849 [pool-802-thread-1] INFO  server.RaftServerConfigKeys (ConfUtils.java:logGet(46)) - raft.server.retrycache.statistics.expirytime = 100μs (default)
2022-10-13 11:30:10,851 [pool-802-thread-1] INFO  server.RaftServerConfigKeys (ConfUtils.java:logGet(46)) - raft.server.log.appender.install.snapshot.enabled = false (custom)
2022-10-13 11:30:10,851 [pool-802-thread-1] INFO  server.RaftServerConfigKeys (ConfUtils.java:logGet(46)) - raft.server.threadpool.server.cached = true (default)
2022-10-13 11:30:10,851 [pool-802-thread-1] INFO  server.RaftServerConfigKeys (ConfUtils.java:logGet(46)) - raft.server.threadpool.server.size = 0 (default)
2022-10-13 11:30:10,851 [pool-802-thread-1] INFO  server.RaftServerConfigKeys (ConfUtils.java:logGet(46)) - raft.server.threadpool.client.cached = true (default)
2022-10-13 11:30:10,851 [pool-802-thread-1] INFO  server.RaftServerConfigKeys (ConfUtils.java:logGet(46)) - raft.server.threadpool.client.size = 0 (default)
2022-10-13 11:30:10,851 [pool-802-thread-1] INFO  server.RaftServer$Division (RaftServerImpl.java:start(310)) - 712be322-34b1-4d33-aaf2-76c2c9935d67@group-8A27E13A4FE7: start as a follower, conf=-1: [3085d457-a103-493c-b4e9-901a54e38ac8|rpc:10.1.0.139:35861|priority:0, 712be322-34b1-4d33-aaf2-76c2c9935d67|rpc:10.1.0.139:46709|priority:0, c6ba56ce-59ca-4e1a-8f34-5688e5c45b2f|rpc:10.1.0.139:40701|priority:1], old=null
2022-10-13 11:30:10,851 [pool-802-thread-1] INFO  server.RaftServer$Division (RaftServerImpl.java:setRole(299)) - 712be322-34b1-4d33-aaf2-76c2c9935d67@group-8A27E13A4FE7: changes role from      null to FOLLOWER at term 0 for startAsFollower
2022-10-13 11:30:10,851 [pool-802-thread-1] INFO  impl.RoleInfo (RoleInfo.java:updateAndGet(139)) - 712be322-34b1-4d33-aaf2-76c2c9935d67: start 712be322-34b1-4d33-aaf2-76c2c9935d67@group-8A27E13A4FE7-FollowerState
2022-10-13 11:30:10,853 [pool-802-thread-1] INFO  util.JmxRegister (JmxRegister.java:tryRegister(44)) - Successfully registered JMX Bean with object name Ratis:service=RaftServer,group=group-8A27E13A4FE7,id=712be322-34b1-4d33-aaf2-76c2c9935d67
2022-10-13 11:30:10,854 [Command processor thread] INFO  ratis.XceiverServerRatis (XceiverServerRatis.java:addGroup(765)) - Created group PipelineID=65f79174-5c16-4e6d-ab2d-8a27e13a4fe7
2022-10-13 11:30:10,854 [EventQueue-OpenPipelineForHealthyPipelineSafeModeRule] INFO  safemode.SCMSafeModeManager (HealthyPipelineSafeModeRule.java:process(137)) - SCM in safe mode. Healthy pipelines reported count is 0, required healthy pipeline reported count is 1
2022-10-13 11:30:10,864 [grpc-default-executor-0] INFO  server.RaftServer (RaftServerProxy.java:addNew(96)) - 3085d457-a103-493c-b4e9-901a54e38ac8: addNew group-8A27E13A4FE7:[3085d457-a103-493c-b4e9-901a54e38ac8|rpc:10.1.0.139:35861|dataStream:|priority:0, 712be322-34b1-4d33-aaf2-76c2c9935d67|rpc:10.1.0.139:46709|dataStream:|priority:0, c6ba56ce-59ca-4e1a-8f34-5688e5c45b2f|rpc:10.1.0.139:40701|dataStream:|priority:1] returns group-8A27E13A4FE7:java.util.concurrent.CompletableFuture@385ac670[Not completed]
2022-10-13 11:30:10,865 [pool-825-thread-1] INFO  server.RaftServer$Division (RaftServerImpl.java:<init>(190)) - 3085d457-a103-493c-b4e9-901a54e38ac8: new RaftServerImpl for group-8A27E13A4FE7:[3085d457-a103-493c-b4e9-901a54e38ac8|rpc:10.1.0.139:35861|dataStream:|priority:0, 712be322-34b1-4d33-aaf2-76c2c9935d67|rpc:10.1.0.139:46709|dataStream:|priority:0, c6ba56ce-59ca-4e1a-8f34-5688e5c45b2f|rpc:10.1.0.139:40701|dataStream:|priority:1] with ContainerStateMachine:uninitialized
2022-10-13 11:30:10,865 [pool-825-thread-1] INFO  server.RaftServerConfigKeys (ConfUtils.java:logGet(46)) - raft.server.rpc.timeout.min = 5s (custom)
2022-10-13 11:30:10,865 [pool-825-thread-1] INFO  server.RaftServerConfigKeys (ConfUtils.java:logGet(46)) - raft.server.rpc.timeout.max = 5200ms (custom)
2022-10-13 11:30:10,865 [pool-825-thread-1] INFO  server.RaftServerConfigKeys (ConfUtils.java:logGet(46)) - raft.server.rpc.sleep.time = 25ms (default)
2022-10-13 11:30:10,865 [pool-825-thread-1] INFO  server.RaftServerConfigKeys (ConfUtils.java:logGet(46)) - raft.server.rpc.slowness.timeout = 300s (custom)
2022-10-13 11:30:10,865 [pool-825-thread-1] INFO  server.RaftServerConfigKeys (ConfUtils.java:logGet(46)) - raft.server.leaderelection.leader.step-down.wait-time = 10s (default)
2022-10-13 11:30:10,865 [pool-825-thread-1] INFO  server.RaftServerConfigKeys (ConfUtils.java:logGet(46)) - raft.server.sleep.deviation.threshold = 300ms (default)
2022-10-13 11:30:10,865 [pool-825-thread-1] INFO  server.RaftServer$Division (ServerState.java:<init>(107)) - 3085d457-a103-493c-b4e9-901a54e38ac8@group-8A27E13A4FE7: ConfigurationManager, init=-1: [3085d457-a103-493c-b4e9-901a54e38ac8|rpc:10.1.0.139:35861|dataStream:|priority:0, 712be322-34b1-4d33-aaf2-76c2c9935d67|rpc:10.1.0.139:46709|dataStream:|priority:0, c6ba56ce-59ca-4e1a-8f34-5688e5c45b2f|rpc:10.1.0.139:40701|dataStream:|priority:1], old=null, confs=<EMPTY_MAP>
2022-10-13 11:30:10,866 [pool-825-thread-1] INFO  server.RaftServerConfigKeys (ConfUtils.java:logGet(46)) - raft.server.storage.dir = [/home/runner/work/ozone/ozone/hadoop-ozone/integration-test/target/test-dir/MiniOzoneClusterImpl-cb6e840c-eeae-4d67-92af-d8558e489f02/datanode-1/data/ratis] (custom)
2022-10-13 11:30:10,866 [pool-825-thread-1] INFO  server.RaftServerConfigKeys (ConfUtils.java:logGet(46)) - raft.server.log.corruption.policy = EXCEPTION (default)
2022-10-13 11:30:10,866 [pool-825-thread-1] INFO  server.RaftServerConfigKeys (ConfUtils.java:logGet(46)) - raft.server.storage.free-space.min = 0MB (=0) (default)
2022-10-13 11:30:10,866 [pool-825-thread-1] INFO  storage.RaftStorageDirectory (RaftStorageDirectoryImpl.java:analyzeStorage(135)) - The storage directory /home/runner/work/ozone/ozone/hadoop-ozone/integration-test/target/test-dir/MiniOzoneClusterImpl-cb6e840c-eeae-4d67-92af-d8558e489f02/datanode-1/data/ratis/65f79174-5c16-4e6d-ab2d-8a27e13a4fe7 does not exist. Creating ...
2022-10-13 11:30:10,867 [pool-825-thread-1] INFO  storage.RaftStorageDirectory (RaftStorageDirectoryImpl.java:tryLock(230)) - Lock on /home/runner/work/ozone/ozone/hadoop-ozone/integration-test/target/test-dir/MiniOzoneClusterImpl-cb6e840c-eeae-4d67-92af-d8558e489f02/datanode-1/data/ratis/65f79174-5c16-4e6d-ab2d-8a27e13a4fe7/in_use.lock acquired by nodename 2264@fv-az447-90
2022-10-13 11:30:10,869 [pool-825-thread-1] INFO  storage.RaftStorage (RaftStorageImpl.java:format(89)) - Storage directory /home/runner/work/ozone/ozone/hadoop-ozone/integration-test/target/test-dir/MiniOzoneClusterImpl-cb6e840c-eeae-4d67-92af-d8558e489f02/datanode-1/data/ratis/65f79174-5c16-4e6d-ab2d-8a27e13a4fe7 has been successfully formatted.
2022-10-13 11:30:10,869 [pool-825-thread-1] INFO  ratis.ContainerStateMachine (ContainerStateMachine.java:loadSnapshot(236)) - group-8A27E13A4FE7: The snapshot info is null. Setting the last applied indexto:(t:0, i:~)
2022-10-13 11:30:10,870 [pool-825-thread-1] INFO  server.RaftServerConfigKeys (ConfUtils.java:logGet(46)) - raft.server.notification.no-leader.timeout = 300s (custom)
2022-10-13 11:30:10,870 [pool-825-thread-1] INFO  server.RaftServerConfigKeys (ConfUtils.java:logGet(46)) - raft.server.log.use.memory = false (default)
2022-10-13 11:30:10,870 [pool-825-thread-1] INFO  server.RaftServerConfigKeys (ConfUtils.java:logGet(46)) - raft.server.log.purge.gap = 1000000 (custom)
2022-10-13 11:30:10,870 [pool-825-thread-1] INFO  server.RaftServerConfigKeys (ConfUtils.java:logGet(46)) - raft.server.log.appender.buffer.byte-limit = 33554432 (custom)
2022-10-13 11:30:10,872 [pool-825-thread-1] INFO  server.RaftServerConfigKeys (ConfUtils.java:logGet(46)) - raft.server.log.statemachine.data.read.timeout = 1000ms (default)
2022-10-13 11:30:10,872 [pool-825-thread-1] INFO  server.RaftServerConfigKeys (ConfUtils.java:logGet(46)) - raft.server.log.segment.size.max = 1048576 (custom)
2022-10-13 11:30:10,873 [pool-825-thread-1] INFO  server.RaftServerConfigKeys (ConfUtils.java:logGet(46)) - raft.server.log.segment.cache.num.max = 2 (custom)
2022-10-13 11:30:10,873 [pool-825-thread-1] INFO  server.RaftServerConfigKeys (ConfUtils.java:logGet(46)) - raft.server.log.segment.cache.size.max = 200MB (=209715200) (default)
2022-10-13 11:30:10,873 [pool-825-thread-1] INFO  segmented.SegmentedRaftLogWorker (SegmentedRaftLogWorker.java:<init>(187)) - new 3085d457-a103-493c-b4e9-901a54e38ac8@group-8A27E13A4FE7-SegmentedRaftLogWorker for RaftStorageImpl:Storage Directory /home/runner/work/ozone/ozone/hadoop-ozone/integration-test/target/test-dir/MiniOzoneClusterImpl-cb6e840c-eeae-4d67-92af-d8558e489f02/datanode-1/data/ratis/65f79174-5c16-4e6d-ab2d-8a27e13a4fe7
2022-10-13 11:30:10,873 [pool-825-thread-1] INFO  server.RaftServerConfigKeys (ConfUtils.java:logGet(46)) - raft.server.log.queue.byte-limit = 4294967296 (custom)
2022-10-13 11:30:10,873 [pool-825-thread-1] INFO  server.RaftServerConfigKeys (ConfUtils.java:logGet(46)) - raft.server.log.queue.element-limit = 1024 (custom)
2022-10-13 11:30:10,873 [pool-825-thread-1] INFO  server.RaftServerConfigKeys (ConfUtils.java:logGet(46)) - raft.server.log.segment.size.max = 1048576 (custom)
2022-10-13 11:30:10,873 [pool-825-thread-1] INFO  server.RaftServerConfigKeys (ConfUtils.java:logGet(46)) - raft.server.log.preallocated.size = 16384 (custom)
2022-10-13 11:30:10,873 [pool-825-thread-1] INFO  server.RaftServerConfigKeys (ConfUtils.java:logGet(46)) - raft.server.log.force.sync.num = 128 (default)
2022-10-13 11:30:10,873 [pool-825-thread-1] INFO  server.RaftServerConfigKeys (ConfUtils.java:logGet(46)) - raft.server.log.statemachine.data.sync = true (default)
2022-10-13 11:30:10,873 [pool-825-thread-1] INFO  server.RaftServerConfigKeys (ConfUtils.java:logGet(46)) - raft.server.log.statemachine.data.sync.timeout = 10s (default)
2022-10-13 11:30:10,873 [pool-825-thread-1] INFO  server.RaftServerConfigKeys (ConfUtils.java:logGet(46)) - raft.server.log.statemachine.data.sync.timeout.retry = -1 (default)
2022-10-13 11:30:10,874 [pool-825-thread-1] INFO  server.RaftServerConfigKeys (ConfUtils.java:logGet(46)) - raft.server.log.write.buffer.size = 1048576 (custom)
2022-10-13 11:30:10,875 [pool-825-thread-1] INFO  server.RaftServerConfigKeys (ConfUtils.java:logGet(46)) - raft.server.log.unsafe-flush.enabled = false (default)
2022-10-13 11:30:10,875 [pool-825-thread-1] INFO  server.RaftServerConfigKeys (ConfUtils.java:logGet(46)) - raft.server.log.statemachine.data.caching.enabled = true (custom)
2022-10-13 11:30:10,875 [pool-825-thread-1] INFO  segmented.SegmentedRaftLogWorker (SegmentedRaftLogWorker.java:lambda$new$0(135)) - 3085d457-a103-493c-b4e9-901a54e38ac8@group-8A27E13A4FE7-SegmentedRaftLogWorker: flushIndex: setUnconditionally 0 -> -1
2022-10-13 11:30:10,875 [pool-825-thread-1] INFO  segmented.SegmentedRaftLogWorker (SegmentedRaftLogWorker.java:lambda$new$0(135)) - 3085d457-a103-493c-b4e9-901a54e38ac8@group-8A27E13A4FE7-SegmentedRaftLogWorker: safeCacheEvictIndex: setUnconditionally 0 -> -1
2022-10-13 11:30:10,875 [pool-825-thread-1] INFO  server.RaftServerConfigKeys (ConfUtils.java:logGet(46)) - raft.server.snapshot.auto.trigger.enabled = true (custom)
2022-10-13 11:30:10,875 [pool-825-thread-1] INFO  server.RaftServerConfigKeys (ConfUtils.java:logGet(46)) - raft.server.snapshot.auto.trigger.threshold = 10000 (custom)
2022-10-13 11:30:10,875 [pool-825-thread-1] INFO  server.RaftServerConfigKeys (ConfUtils.java:logGet(46)) - raft.server.snapshot.retention.file.num = 5 (custom)
2022-10-13 11:30:10,875 [pool-825-thread-1] INFO  server.RaftServerConfigKeys (ConfUtils.java:logGet(46)) - raft.server.log.purge.upto.snapshot.index = false (default)
2022-10-13 11:30:10,875 [pool-825-thread-1] INFO  server.RaftServerConfigKeys (ConfUtils.java:logGet(46)) - raft.server.retrycache.expirytime = 600000ms (custom)
2022-10-13 11:30:10,875 [pool-825-thread-1] INFO  server.RaftServerConfigKeys (ConfUtils.java:logGet(46)) - raft.server.retrycache.statistics.expirytime = 100μs (default)
2022-10-13 11:30:10,877 [pool-825-thread-1] INFO  server.RaftServerConfigKeys (ConfUtils.java:logGet(46)) - raft.server.log.appender.install.snapshot.enabled = false (custom)
2022-10-13 11:30:10,877 [pool-825-thread-1] INFO  server.RaftServerConfigKeys (ConfUtils.java:logGet(46)) - raft.server.threadpool.server.cached = true (default)
2022-10-13 11:30:10,877 [pool-825-thread-1] INFO  server.RaftServerConfigKeys (ConfUtils.java:logGet(46)) - raft.server.threadpool.server.size = 0 (default)
2022-10-13 11:30:10,877 [pool-825-thread-1] INFO  server.RaftServerConfigKeys (ConfUtils.java:logGet(46)) - raft.server.threadpool.client.cached = true (default)
2022-10-13 11:30:10,877 [pool-825-thread-1] INFO  server.RaftServerConfigKeys (ConfUtils.java:logGet(46)) - raft.server.threadpool.client.size = 0 (default)
2022-10-13 11:30:10,877 [pool-825-thread-1] INFO  server.RaftServer$Division (RaftServerImpl.java:start(310)) - 3085d457-a103-493c-b4e9-901a54e38ac8@group-8A27E13A4FE7: start as a follower, conf=-1: [3085d457-a103-493c-b4e9-901a54e38ac8|rpc:10.1.0.139:35861|dataStream:|priority:0, 712be322-34b1-4d33-aaf2-76c2c9935d67|rpc:10.1.0.139:46709|dataStream:|priority:0, c6ba56ce-59ca-4e1a-8f34-5688e5c45b2f|rpc:10.1.0.139:40701|dataStream:|priority:1], old=null
2022-10-13 11:30:10,877 [pool-825-thread-1] INFO  server.RaftServer$Division (RaftServerImpl.java:setRole(299)) - 3085d457-a103-493c-b4e9-901a54e38ac8@group-8A27E13A4FE7: changes role from      null to FOLLOWER at term 0 for startAsFollower
2022-10-13 11:30:10,877 [pool-825-thread-1] INFO  impl.RoleInfo (RoleInfo.java:updateAndGet(139)) - 3085d457-a103-493c-b4e9-901a54e38ac8: start 3085d457-a103-493c-b4e9-901a54e38ac8@group-8A27E13A4FE7-FollowerState
2022-10-13 11:30:10,878 [pool-825-thread-1] INFO  util.JmxRegister (JmxRegister.java:tryRegister(44)) - Successfully registered JMX Bean with object name Ratis:service=RaftServer,group=group-8A27E13A4FE7,id=3085d457-a103-493c-b4e9-901a54e38ac8
2022-10-13 11:30:10,894 [grpc-default-executor-0] INFO  server.RaftServer (RaftServerProxy.java:addNew(96)) - c6ba56ce-59ca-4e1a-8f34-5688e5c45b2f: addNew group-8A27E13A4FE7:[3085d457-a103-493c-b4e9-901a54e38ac8|rpc:10.1.0.139:35861|dataStream:|priority:0, 712be322-34b1-4d33-aaf2-76c2c9935d67|rpc:10.1.0.139:46709|dataStream:|priority:0, c6ba56ce-59ca-4e1a-8f34-5688e5c45b2f|rpc:10.1.0.139:40701|dataStream:|priority:1] returns group-8A27E13A4FE7:java.util.concurrent.CompletableFuture@58c2380b[Not completed]
2022-10-13 11:30:10,895 [pool-848-thread-1] INFO  server.RaftServer$Division (RaftServerImpl.java:<init>(190)) - c6ba56ce-59ca-4e1a-8f34-5688e5c45b2f: new RaftServerImpl for group-8A27E13A4FE7:[3085d457-a103-493c-b4e9-901a54e38ac8|rpc:10.1.0.139:35861|dataStream:|priority:0, 712be322-34b1-4d33-aaf2-76c2c9935d67|rpc:10.1.0.139:46709|dataStream:|priority:0, c6ba56ce-59ca-4e1a-8f34-5688e5c45b2f|rpc:10.1.0.139:40701|dataStream:|priority:1] with ContainerStateMachine:uninitialized
2022-10-13 11:30:10,895 [pool-848-thread-1] INFO  server.RaftServerConfigKeys (ConfUtils.java:logGet(46)) - raft.server.rpc.timeout.min = 5s (custom)
2022-10-13 11:30:10,895 [pool-848-thread-1] INFO  server.RaftServerConfigKeys (ConfUtils.java:logGet(46)) - raft.server.rpc.timeout.max = 5200ms (custom)
2022-10-13 11:30:10,895 [pool-848-thread-1] INFO  server.RaftServerConfigKeys (ConfUtils.java:logGet(46)) - raft.server.rpc.sleep.time = 25ms (default)
2022-10-13 11:30:10,895 [pool-848-thread-1] INFO  server.RaftServerConfigKeys (ConfUtils.java:logGet(46)) - raft.server.rpc.slowness.timeout = 300s (custom)
2022-10-13 11:30:10,895 [pool-848-thread-1] INFO  server.RaftServerConfigKeys (ConfUtils.java:logGet(46)) - raft.server.leaderelection.leader.step-down.wait-time = 10s (default)
2022-10-13 11:30:10,895 [pool-848-thread-1] INFO  server.RaftServerConfigKeys (ConfUtils.java:logGet(46)) - raft.server.sleep.deviation.threshold = 300ms (default)
2022-10-13 11:30:10,895 [pool-848-thread-1] INFO  server.RaftServer$Division (ServerState.java:<init>(107)) - c6ba56ce-59ca-4e1a-8f34-5688e5c45b2f@group-8A27E13A4FE7: ConfigurationManager, init=-1: [3085d457-a103-493c-b4e9-901a54e38ac8|rpc:10.1.0.139:35861|dataStream:|priority:0, 712be322-34b1-4d33-aaf2-76c2c9935d67|rpc:10.1.0.139:46709|dataStream:|priority:0, c6ba56ce-59ca-4e1a-8f34-5688e5c45b2f|rpc:10.1.0.139:40701|dataStream:|priority:1], old=null, confs=<EMPTY_MAP>
2022-10-13 11:30:10,895 [pool-848-thread-1] INFO  server.RaftServerConfigKeys (ConfUtils.java:logGet(46)) - raft.server.storage.dir = [/home/runner/work/ozone/ozone/hadoop-ozone/integration-test/target/test-dir/MiniOzoneClusterImpl-cb6e840c-eeae-4d67-92af-d8558e489f02/datanode-2/data/ratis] (custom)
2022-10-13 11:30:10,895 [pool-848-thread-1] INFO  server.RaftServerConfigKeys (ConfUtils.java:logGet(46)) - raft.server.log.corruption.policy = EXCEPTION (default)
2022-10-13 11:30:10,896 [pool-848-thread-1] INFO  server.RaftServerConfigKeys (ConfUtils.java:logGet(46)) - raft.server.storage.free-space.min = 0MB (=0) (default)
2022-10-13 11:30:10,896 [pool-848-thread-1] INFO  storage.RaftStorageDirectory (RaftStorageDirectoryImpl.java:analyzeStorage(135)) - The storage directory /home/runner/work/ozone/ozone/hadoop-ozone/integration-test/target/test-dir/MiniOzoneClusterImpl-cb6e840c-eeae-4d67-92af-d8558e489f02/datanode-2/data/ratis/65f79174-5c16-4e6d-ab2d-8a27e13a4fe7 does not exist. Creating ...
2022-10-13 11:30:10,897 [pool-848-thread-1] INFO  storage.RaftStorageDirectory (RaftStorageDirectoryImpl.java:tryLock(230)) - Lock on /home/runner/work/ozone/ozone/hadoop-ozone/integration-test/target/test-dir/MiniOzoneClusterImpl-cb6e840c-eeae-4d67-92af-d8558e489f02/datanode-2/data/ratis/65f79174-5c16-4e6d-ab2d-8a27e13a4fe7/in_use.lock acquired by nodename 2264@fv-az447-90
2022-10-13 11:30:10,898 [pool-848-thread-1] INFO  storage.RaftStorage (RaftStorageImpl.java:format(89)) - Storage directory /home/runner/work/ozone/ozone/hadoop-ozone/integration-test/target/test-dir/MiniOzoneClusterImpl-cb6e840c-eeae-4d67-92af-d8558e489f02/datanode-2/data/ratis/65f79174-5c16-4e6d-ab2d-8a27e13a4fe7 has been successfully formatted.
2022-10-13 11:30:10,899 [pool-848-thread-1] INFO  ratis.ContainerStateMachine (ContainerStateMachine.java:loadSnapshot(236)) - group-8A27E13A4FE7: The snapshot info is null. Setting the last applied indexto:(t:0, i:~)
2022-10-13 11:30:10,899 [pool-848-thread-1] INFO  server.RaftServerConfigKeys (ConfUtils.java:logGet(46)) - raft.server.notification.no-leader.timeout = 300s (custom)
2022-10-13 11:30:10,899 [pool-848-thread-1] INFO  server.RaftServerConfigKeys (ConfUtils.java:logGet(46)) - raft.server.log.use.memory = false (default)
2022-10-13 11:30:10,899 [pool-848-thread-1] INFO  server.RaftServerConfigKeys (ConfUtils.java:logGet(46)) - raft.server.log.purge.gap = 1000000 (custom)
2022-10-13 11:30:10,899 [pool-848-thread-1] INFO  server.RaftServerConfigKeys (ConfUtils.java:logGet(46)) - raft.server.log.appender.buffer.byte-limit = 33554432 (custom)
2022-10-13 11:30:10,900 [pool-848-thread-1] INFO  server.RaftServerConfigKeys (ConfUtils.java:logGet(46)) - raft.server.log.statemachine.data.read.timeout = 1000ms (default)
2022-10-13 11:30:10,901 [pool-848-thread-1] INFO  server.RaftServerConfigKeys (ConfUtils.java:logGet(46)) - raft.server.log.segment.size.max = 1048576 (custom)
2022-10-13 11:30:10,901 [pool-848-thread-1] INFO  server.RaftServerConfigKeys (ConfUtils.java:logGet(46)) - raft.server.log.segment.cache.num.max = 2 (custom)
2022-10-13 11:30:10,901 [pool-848-thread-1] INFO  server.RaftServerConfigKeys (ConfUtils.java:logGet(46)) - raft.server.log.segment.cache.size.max = 200MB (=209715200) (default)
2022-10-13 11:30:10,901 [pool-848-thread-1] INFO  segmented.SegmentedRaftLogWorker (SegmentedRaftLogWorker.java:<init>(187)) - new c6ba56ce-59ca-4e1a-8f34-5688e5c45b2f@group-8A27E13A4FE7-SegmentedRaftLogWorker for RaftStorageImpl:Storage Directory /home/runner/work/ozone/ozone/hadoop-ozone/integration-test/target/test-dir/MiniOzoneClusterImpl-cb6e840c-eeae-4d67-92af-d8558e489f02/datanode-2/data/ratis/65f79174-5c16-4e6d-ab2d-8a27e13a4fe7
2022-10-13 11:30:10,901 [pool-848-thread-1] INFO  server.RaftServerConfigKeys (ConfUtils.java:logGet(46)) - raft.server.log.queue.byte-limit = 4294967296 (custom)
2022-10-13 11:30:10,901 [pool-848-thread-1] INFO  server.RaftServerConfigKeys (ConfUtils.java:logGet(46)) - raft.server.log.queue.element-limit = 1024 (custom)
2022-10-13 11:30:10,902 [pool-848-thread-1] INFO  server.RaftServerConfigKeys (ConfUtils.java:logGet(46)) - raft.server.log.segment.size.max = 1048576 (custom)
2022-10-13 11:30:10,902 [pool-848-thread-1] INFO  server.RaftServerConfigKeys (ConfUtils.java:logGet(46)) - raft.server.log.preallocated.size = 16384 (custom)
2022-10-13 11:30:10,902 [pool-848-thread-1] INFO  server.RaftServerConfigKeys (ConfUtils.java:logGet(46)) - raft.server.log.force.sync.num = 128 (default)
2022-10-13 11:30:10,902 [pool-848-thread-1] INFO  server.RaftServerConfigKeys (ConfUtils.java:logGet(46)) - raft.server.log.statemachine.data.sync = true (default)
2022-10-13 11:30:10,902 [pool-848-thread-1] INFO  server.RaftServerConfigKeys (ConfUtils.java:logGet(46)) - raft.server.log.statemachine.data.sync.timeout = 10s (default)
2022-10-13 11:30:10,902 [pool-848-thread-1] INFO  server.RaftServerConfigKeys (ConfUtils.java:logGet(46)) - raft.server.log.statemachine.data.sync.timeout.retry = -1 (default)
2022-10-13 11:30:10,903 [pool-848-thread-1] INFO  server.RaftServerConfigKeys (ConfUtils.java:logGet(46)) - raft.server.log.write.buffer.size = 1048576 (custom)
2022-10-13 11:30:10,903 [pool-848-thread-1] INFO  server.RaftServerConfigKeys (ConfUtils.java:logGet(46)) - raft.server.log.unsafe-flush.enabled = false (default)
2022-10-13 11:30:10,904 [pool-848-thread-1] INFO  server.RaftServerConfigKeys (ConfUtils.java:logGet(46)) - raft.server.log.statemachine.data.caching.enabled = true (custom)
2022-10-13 11:30:10,904 [pool-848-thread-1] INFO  segmented.SegmentedRaftLogWorker (SegmentedRaftLogWorker.java:lambda$new$0(135)) - c6ba56ce-59ca-4e1a-8f34-5688e5c45b2f@group-8A27E13A4FE7-SegmentedRaftLogWorker: flushIndex: setUnconditionally 0 -> -1
2022-10-13 11:30:10,904 [pool-848-thread-1] INFO  segmented.SegmentedRaftLogWorker (SegmentedRaftLogWorker.java:lambda$new$0(135)) - c6ba56ce-59ca-4e1a-8f34-5688e5c45b2f@group-8A27E13A4FE7-SegmentedRaftLogWorker: safeCacheEvictIndex: setUnconditionally 0 -> -1
2022-10-13 11:30:10,904 [pool-848-thread-1] INFO  server.RaftServerConfigKeys (ConfUtils.java:logGet(46)) - raft.server.snapshot.auto.trigger.enabled = true (custom)
2022-10-13 11:30:10,904 [pool-848-thread-1] INFO  server.RaftServerConfigKeys (ConfUtils.java:logGet(46)) - raft.server.snapshot.auto.trigger.threshold = 10000 (custom)
2022-10-13 11:30:10,904 [pool-848-thread-1] INFO  server.RaftServerConfigKeys (ConfUtils.java:logGet(46)) - raft.server.snapshot.retention.file.num = 5 (custom)
2022-10-13 11:30:10,904 [pool-848-thread-1] INFO  server.RaftServerConfigKeys (ConfUtils.java:logGet(46)) - raft.server.log.purge.upto.snapshot.index = false (default)
2022-10-13 11:30:10,904 [pool-848-thread-1] INFO  server.RaftServerConfigKeys (ConfUtils.java:logGet(46)) - raft.server.retrycache.expirytime = 600000ms (custom)
2022-10-13 11:30:10,904 [pool-848-thread-1] INFO  server.RaftServerConfigKeys (ConfUtils.java:logGet(46)) - raft.server.retrycache.statistics.expirytime = 100μs (default)
2022-10-13 11:30:10,906 [pool-848-thread-1] INFO  server.RaftServerConfigKeys (ConfUtils.java:logGet(46)) - raft.server.log.appender.install.snapshot.enabled = false (custom)
2022-10-13 11:30:10,906 [pool-848-thread-1] INFO  server.RaftServerConfigKeys (ConfUtils.java:logGet(46)) - raft.server.threadpool.server.cached = true (default)
2022-10-13 11:30:10,906 [pool-848-thread-1] INFO  server.RaftServerConfigKeys (ConfUtils.java:logGet(46)) - raft.server.threadpool.server.size = 0 (default)
2022-10-13 11:30:10,906 [pool-848-thread-1] INFO  server.RaftServerConfigKeys (ConfUtils.java:logGet(46)) - raft.server.threadpool.client.cached = true (default)
2022-10-13 11:30:10,906 [pool-848-thread-1] INFO  server.RaftServerConfigKeys (ConfUtils.java:logGet(46)) - raft.server.threadpool.client.size = 0 (default)
2022-10-13 11:30:10,906 [pool-848-thread-1] INFO  server.RaftServer$Division (RaftServerImpl.java:start(310)) - c6ba56ce-59ca-4e1a-8f34-5688e5c45b2f@group-8A27E13A4FE7: start as a follower, conf=-1: [3085d457-a103-493c-b4e9-901a54e38ac8|rpc:10.1.0.139:35861|dataStream:|priority:0, 712be322-34b1-4d33-aaf2-76c2c9935d67|rpc:10.1.0.139:46709|dataStream:|priority:0, c6ba56ce-59ca-4e1a-8f34-5688e5c45b2f|rpc:10.1.0.139:40701|dataStream:|priority:1], old=null
2022-10-13 11:30:10,906 [pool-848-thread-1] INFO  server.RaftServer$Division (RaftServerImpl.java:setRole(299)) - c6ba56ce-59ca-4e1a-8f34-5688e5c45b2f@group-8A27E13A4FE7: changes role from      null to FOLLOWER at term 0 for startAsFollower
2022-10-13 11:30:10,906 [pool-848-thread-1] INFO  impl.RoleInfo (RoleInfo.java:updateAndGet(139)) - c6ba56ce-59ca-4e1a-8f34-5688e5c45b2f: start c6ba56ce-59ca-4e1a-8f34-5688e5c45b2f@group-8A27E13A4FE7-FollowerState
2022-10-13 11:30:10,907 [pool-848-thread-1] INFO  util.JmxRegister (JmxRegister.java:tryRegister(44)) - Successfully registered JMX Bean with object name Ratis:service=RaftServer,group=group-8A27E13A4FE7,id=c6ba56ce-59ca-4e1a-8f34-5688e5c45b2f
2022-10-13 11:30:10,910 [Command processor thread] INFO  commandhandler.CreatePipelineCommandHandler (CreatePipelineCommandHandler.java:handle(113)) - Created Pipeline RATIS THREE PipelineID=65f79174-5c16-4e6d-ab2d-8a27e13a4fe7.
2022-10-13 11:30:10,910 [Command processor thread] INFO  server.RaftServer (RaftServerProxy.java:addNew(96)) - 712be322-34b1-4d33-aaf2-76c2c9935d67: addNew group-F61DE661D2F1:[712be322-34b1-4d33-aaf2-76c2c9935d67|rpc:10.1.0.139:46709|priority:0, 3085d457-a103-493c-b4e9-901a54e38ac8|rpc:10.1.0.139:35861|priority:1, c6ba56ce-59ca-4e1a-8f34-5688e5c45b2f|rpc:10.1.0.139:40701|priority:0] returns group-F61DE661D2F1:java.util.concurrent.CompletableFuture@5ea09fbf[Not completed]
2022-10-13 11:30:10,911 [pool-802-thread-1] INFO  server.RaftServer$Division (RaftServerImpl.java:<init>(190)) - 712be322-34b1-4d33-aaf2-76c2c9935d67: new RaftServerImpl for group-F61DE661D2F1:[712be322-34b1-4d33-aaf2-76c2c9935d67|rpc:10.1.0.139:46709|priority:0, 3085d457-a103-493c-b4e9-901a54e38ac8|rpc:10.1.0.139:35861|priority:1, c6ba56ce-59ca-4e1a-8f34-5688e5c45b2f|rpc:10.1.0.139:40701|priority:0] with ContainerStateMachine:uninitialized
2022-10-13 11:30:10,911 [pool-802-thread-1] INFO  server.RaftServerConfigKeys (ConfUtils.java:logGet(46)) - raft.server.rpc.timeout.min = 5s (custom)
2022-10-13 11:30:10,911 [pool-802-thread-1] INFO  server.RaftServerConfigKeys (ConfUtils.java:logGet(46)) - raft.server.rpc.timeout.max = 5200ms (custom)
2022-10-13 11:30:10,911 [pool-802-thread-1] INFO  server.RaftServerConfigKeys (ConfUtils.java:logGet(46)) - raft.server.rpc.sleep.time = 25ms (default)
2022-10-13 11:30:10,911 [pool-802-thread-1] INFO  server.RaftServerConfigKeys (ConfUtils.java:logGet(46)) - raft.server.rpc.slowness.timeout = 300s (custom)
2022-10-13 11:30:10,911 [pool-802-thread-1] INFO  server.RaftServerConfigKeys (ConfUtils.java:logGet(46)) - raft.server.leaderelection.leader.step-down.wait-time = 10s (default)
2022-10-13 11:30:10,911 [pool-802-thread-1] INFO  server.RaftServerConfigKeys (ConfUtils.java:logGet(46)) - raft.server.sleep.deviation.threshold = 300ms (default)
2022-10-13 11:30:10,911 [pool-802-thread-1] INFO  server.RaftServer$Division (ServerState.java:<init>(107)) - 712be322-34b1-4d33-aaf2-76c2c9935d67@group-F61DE661D2F1: ConfigurationManager, init=-1: [712be322-34b1-4d33-aaf2-76c2c9935d67|rpc:10.1.0.139:46709|priority:0, 3085d457-a103-493c-b4e9-901a54e38ac8|rpc:10.1.0.139:35861|priority:1, c6ba56ce-59ca-4e1a-8f34-5688e5c45b2f|rpc:10.1.0.139:40701|priority:0], old=null, confs=<EMPTY_MAP>
2022-10-13 11:30:10,911 [pool-802-thread-1] INFO  server.RaftServerConfigKeys (ConfUtils.java:logGet(46)) - raft.server.storage.dir = [/home/runner/work/ozone/ozone/hadoop-ozone/integration-test/target/test-dir/MiniOzoneClusterImpl-cb6e840c-eeae-4d67-92af-d8558e489f02/datanode-0/data/ratis] (custom)
2022-10-13 11:30:10,911 [pool-802-thread-1] INFO  server.RaftServerConfigKeys (ConfUtils.java:logGet(46)) - raft.server.log.corruption.policy = EXCEPTION (default)
2022-10-13 11:30:10,911 [pool-802-thread-1] INFO  server.RaftServerConfigKeys (ConfUtils.java:logGet(46)) - raft.server.storage.free-space.min = 0MB (=0) (default)
2022-10-13 11:30:10,912 [pool-802-thread-1] INFO  storage.RaftStorageDirectory (RaftStorageDirectoryImpl.java:analyzeStorage(135)) - The storage directory /home/runner/work/ozone/ozone/hadoop-ozone/integration-test/target/test-dir/MiniOzoneClusterImpl-cb6e840c-eeae-4d67-92af-d8558e489f02/datanode-0/data/ratis/a1f604af-ceb7-4d95-988a-f61de661d2f1 does not exist. Creating ...
2022-10-13 11:30:10,913 [pool-802-thread-1] INFO  storage.RaftStorageDirectory (RaftStorageDirectoryImpl.java:tryLock(230)) - Lock on /home/runner/work/ozone/ozone/hadoop-ozone/integration-test/target/test-dir/MiniOzoneClusterImpl-cb6e840c-eeae-4d67-92af-d8558e489f02/datanode-0/data/ratis/a1f604af-ceb7-4d95-988a-f61de661d2f1/in_use.lock acquired by nodename 2264@fv-az447-90
2022-10-13 11:30:10,915 [pool-802-thread-1] INFO  storage.RaftStorage (RaftStorageImpl.java:format(89)) - Storage directory /home/runner/work/ozone/ozone/hadoop-ozone/integration-test/target/test-dir/MiniOzoneClusterImpl-cb6e840c-eeae-4d67-92af-d8558e489f02/datanode-0/data/ratis/a1f604af-ceb7-4d95-988a-f61de661d2f1 has been successfully formatted.
2022-10-13 11:30:10,915 [pool-802-thread-1] INFO  ratis.ContainerStateMachine (ContainerStateMachine.java:loadSnapshot(236)) - group-F61DE661D2F1: The snapshot info is null. Setting the last applied indexto:(t:0, i:~)
2022-10-13 11:30:10,917 [pool-802-thread-1] INFO  server.RaftServerConfigKeys (ConfUtils.java:logGet(46)) - raft.server.notification.no-leader.timeout = 300s (custom)
2022-10-13 11:30:10,917 [pool-802-thread-1] INFO  server.RaftServerConfigKeys (ConfUtils.java:logGet(46)) - raft.server.log.use.memory = false (default)
2022-10-13 11:30:10,917 [pool-802-thread-1] INFO  server.RaftServerConfigKeys (ConfUtils.java:logGet(46)) - raft.server.log.purge.gap = 1000000 (custom)
2022-10-13 11:30:10,918 [pool-802-thread-1] INFO  server.RaftServerConfigKeys (ConfUtils.java:logGet(46)) - raft.server.log.appender.buffer.byte-limit = 33554432 (custom)
2022-10-13 11:30:10,918 [EventQueue-OpenPipelineForHealthyPipelineSafeModeRule] INFO  safemode.SCMSafeModeManager (HealthyPipelineSafeModeRule.java:process(137)) - SCM in safe mode. Healthy pipelines reported count is 0, required healthy pipeline reported count is 1
2022-10-13 11:30:10,918 [pool-802-thread-1] INFO  server.RaftServerConfigKeys (ConfUtils.java:logGet(46)) - raft.server.log.statemachine.data.read.timeout = 1000ms (default)
2022-10-13 11:30:10,918 [pool-802-thread-1] INFO  server.RaftServerConfigKeys (ConfUtils.java:logGet(46)) - raft.server.log.segment.size.max = 1048576 (custom)
2022-10-13 11:30:10,919 [pool-802-thread-1] INFO  server.RaftServerConfigKeys (ConfUtils.java:logGet(46)) - raft.server.log.segment.cache.num.max = 2 (custom)
2022-10-13 11:30:10,919 [pool-802-thread-1] INFO  server.RaftServerConfigKeys (ConfUtils.java:logGet(46)) - raft.server.log.segment.cache.size.max = 200MB (=209715200) (default)
2022-10-13 11:30:10,919 [pool-802-thread-1] INFO  segmented.SegmentedRaftLogWorker (SegmentedRaftLogWorker.java:<init>(187)) - new 712be322-34b1-4d33-aaf2-76c2c9935d67@group-F61DE661D2F1-SegmentedRaftLogWorker for RaftStorageImpl:Storage Directory /home/runner/work/ozone/ozone/hadoop-ozone/integration-test/target/test-dir/MiniOzoneClusterImpl-cb6e840c-eeae-4d67-92af-d8558e489f02/datanode-0/data/ratis/a1f604af-ceb7-4d95-988a-f61de661d2f1
2022-10-13 11:30:10,919 [pool-802-thread-1] INFO  server.RaftServerConfigKeys (ConfUtils.java:logGet(46)) - raft.server.log.queue.byte-limit = 4294967296 (custom)
2022-10-13 11:30:10,919 [pool-802-thread-1] INFO  server.RaftServerConfigKeys (ConfUtils.java:logGet(46)) - raft.server.log.queue.element-limit = 1024 (custom)
2022-10-13 11:30:10,919 [pool-802-thread-1] INFO  server.RaftServerConfigKeys (ConfUtils.java:logGet(46)) - raft.server.log.segment.size.max = 1048576 (custom)
2022-10-13 11:30:10,919 [pool-802-thread-1] INFO  server.RaftServerConfigKeys (ConfUtils.java:logGet(46)) - raft.server.log.preallocated.size = 16384 (custom)
2022-10-13 11:30:10,919 [pool-802-thread-1] INFO  server.RaftServerConfigKeys (ConfUtils.java:logGet(46)) - raft.server.log.force.sync.num = 128 (default)
2022-10-13 11:30:10,919 [pool-802-thread-1] INFO  server.RaftServerConfigKeys (ConfUtils.java:logGet(46)) - raft.server.log.statemachine.data.sync = true (default)
2022-10-13 11:30:10,919 [pool-802-thread-1] INFO  server.RaftServerConfigKeys (ConfUtils.java:logGet(46)) - raft.server.log.statemachine.data.sync.timeout = 10s (default)
2022-10-13 11:30:10,919 [pool-802-thread-1] INFO  server.RaftServerConfigKeys (ConfUtils.java:logGet(46)) - raft.server.log.statemachine.data.sync.timeout.retry = -1 (default)
2022-10-13 11:30:10,954 [pool-802-thread-1] INFO  server.RaftServerConfigKeys (ConfUtils.java:logGet(46)) - raft.server.log.write.buffer.size = 1048576 (custom)
2022-10-13 11:30:10,954 [pool-802-thread-1] INFO  server.RaftServerConfigKeys (ConfUtils.java:logGet(46)) - raft.server.log.unsafe-flush.enabled = false (default)
2022-10-13 11:30:10,954 [pool-802-thread-1] INFO  server.RaftServerConfigKeys (ConfUtils.java:logGet(46)) - raft.server.log.statemachine.data.caching.enabled = true (custom)
2022-10-13 11:30:10,955 [pool-802-thread-1] INFO  segmented.SegmentedRaftLogWorker (SegmentedRaftLogWorker.java:lambda$new$0(135)) - 712be322-34b1-4d33-aaf2-76c2c9935d67@group-F61DE661D2F1-SegmentedRaftLogWorker: flushIndex: setUnconditionally 0 -> -1
2022-10-13 11:30:10,955 [pool-802-thread-1] INFO  segmented.SegmentedRaftLogWorker (SegmentedRaftLogWorker.java:lambda$new$0(135)) - 712be322-34b1-4d33-aaf2-76c2c9935d67@group-F61DE661D2F1-SegmentedRaftLogWorker: safeCacheEvictIndex: setUnconditionally 0 -> -1
2022-10-13 11:30:10,955 [pool-802-thread-1] INFO  server.RaftServerConfigKeys (ConfUtils.java:logGet(46)) - raft.server.snapshot.auto.trigger.enabled = true (custom)
2022-10-13 11:30:10,955 [pool-802-thread-1] INFO  server.RaftServerConfigKeys (ConfUtils.java:logGet(46)) - raft.server.snapshot.auto.trigger.threshold = 10000 (custom)
2022-10-13 11:30:10,955 [pool-802-thread-1] INFO  server.RaftServerConfigKeys (ConfUtils.java:logGet(46)) - raft.server.snapshot.retention.file.num = 5 (custom)
2022-10-13 11:30:10,955 [pool-802-thread-1] INFO  server.RaftServerConfigKeys (ConfUtils.java:logGet(46)) - raft.server.log.purge.upto.snapshot.index = false (default)
2022-10-13 11:30:10,955 [pool-802-thread-1] INFO  server.RaftServerConfigKeys (ConfUtils.java:logGet(46)) - raft.server.retrycache.expirytime = 600000ms (custom)
2022-10-13 11:30:10,955 [pool-802-thread-1] INFO  server.RaftServerConfigKeys (ConfUtils.java:logGet(46)) - raft.server.retrycache.statistics.expirytime = 100μs (default)
2022-10-13 11:30:10,957 [pool-802-thread-1] INFO  server.RaftServerConfigKeys (ConfUtils.java:logGet(46)) - raft.server.log.appender.install.snapshot.enabled = false (custom)
2022-10-13 11:30:10,957 [pool-802-thread-1] INFO  server.RaftServerConfigKeys (ConfUtils.java:logGet(46)) - raft.server.threadpool.server.cached = true (default)
2022-10-13 11:30:10,957 [pool-802-thread-1] INFO  server.RaftServerConfigKeys (ConfUtils.java:logGet(46)) - raft.server.threadpool.server.size = 0 (default)
2022-10-13 11:30:10,958 [pool-802-thread-1] INFO  server.RaftServerConfigKeys (ConfUtils.java:logGet(46)) - raft.server.threadpool.client.cached = true (default)
2022-10-13 11:30:10,958 [pool-802-thread-1] INFO  server.RaftServerConfigKeys (ConfUtils.java:logGet(46)) - raft.server.threadpool.client.size = 0 (default)
2022-10-13 11:30:10,958 [pool-802-thread-1] INFO  server.RaftServer$Division (RaftServerImpl.java:start(310)) - 712be322-34b1-4d33-aaf2-76c2c9935d67@group-F61DE661D2F1: start as a follower, conf=-1: [712be322-34b1-4d33-aaf2-76c2c9935d67|rpc:10.1.0.139:46709|priority:0, 3085d457-a103-493c-b4e9-901a54e38ac8|rpc:10.1.0.139:35861|priority:1, c6ba56ce-59ca-4e1a-8f34-5688e5c45b2f|rpc:10.1.0.139:40701|priority:0], old=null
2022-10-13 11:30:10,958 [pool-802-thread-1] INFO  server.RaftServer$Division (RaftServerImpl.java:setRole(299)) - 712be322-34b1-4d33-aaf2-76c2c9935d67@group-F61DE661D2F1: changes role from      null to FOLLOWER at term 0 for startAsFollower
2022-10-13 11:30:10,958 [pool-802-thread-1] INFO  impl.RoleInfo (RoleInfo.java:updateAndGet(139)) - 712be322-34b1-4d33-aaf2-76c2c9935d67: start 712be322-34b1-4d33-aaf2-76c2c9935d67@group-F61DE661D2F1-FollowerState
2022-10-13 11:30:10,959 [pool-802-thread-1] INFO  util.JmxRegister (JmxRegister.java:tryRegister(44)) - Successfully registered JMX Bean with object name Ratis:service=RaftServer,group=group-F61DE661D2F1,id=712be322-34b1-4d33-aaf2-76c2c9935d67
2022-10-13 11:30:10,959 [Command processor thread] INFO  ratis.XceiverServerRatis (XceiverServerRatis.java:addGroup(765)) - Created group PipelineID=a1f604af-ceb7-4d95-988a-f61de661d2f1
2022-10-13 11:30:10,970 [grpc-default-executor-0] INFO  server.RaftServer (RaftServerProxy.java:addNew(96)) - 3085d457-a103-493c-b4e9-901a54e38ac8: addNew group-F61DE661D2F1:[712be322-34b1-4d33-aaf2-76c2c9935d67|rpc:10.1.0.139:46709|dataStream:|priority:0, 3085d457-a103-493c-b4e9-901a54e38ac8|rpc:10.1.0.139:35861|dataStream:|priority:1, c6ba56ce-59ca-4e1a-8f34-5688e5c45b2f|rpc:10.1.0.139:40701|dataStream:|priority:0] returns group-F61DE661D2F1:java.util.concurrent.CompletableFuture@5cc20766[Not completed]
2022-10-13 11:30:10,971 [pool-825-thread-1] INFO  server.RaftServer$Division (RaftServerImpl.java:<init>(190)) - 3085d457-a103-493c-b4e9-901a54e38ac8: new RaftServerImpl for group-F61DE661D2F1:[712be322-34b1-4d33-aaf2-76c2c9935d67|rpc:10.1.0.139:46709|dataStream:|priority:0, 3085d457-a103-493c-b4e9-901a54e38ac8|rpc:10.1.0.139:35861|dataStream:|priority:1, c6ba56ce-59ca-4e1a-8f34-5688e5c45b2f|rpc:10.1.0.139:40701|dataStream:|priority:0] with ContainerStateMachine:uninitialized
2022-10-13 11:30:10,971 [pool-825-thread-1] INFO  server.RaftServerConfigKeys (ConfUtils.java:logGet(46)) - raft.server.rpc.timeout.min = 5s (custom)
2022-10-13 11:30:10,971 [pool-825-thread-1] INFO  server.RaftServerConfigKeys (ConfUtils.java:logGet(46)) - raft.server.rpc.timeout.max = 5200ms (custom)
2022-10-13 11:30:10,971 [pool-825-thread-1] INFO  server.RaftServerConfigKeys (ConfUtils.java:logGet(46)) - raft.server.rpc.sleep.time = 25ms (default)
2022-10-13 11:30:10,971 [pool-825-thread-1] INFO  server.RaftServerConfigKeys (ConfUtils.java:logGet(46)) - raft.server.rpc.slowness.timeout = 300s (custom)
2022-10-13 11:30:10,971 [pool-825-thread-1] INFO  server.RaftServerConfigKeys (ConfUtils.java:logGet(46)) - raft.server.leaderelection.leader.step-down.wait-time = 10s (default)
2022-10-13 11:30:10,971 [pool-825-thread-1] INFO  server.RaftServerConfigKeys (ConfUtils.java:logGet(46)) - raft.server.sleep.deviation.threshold = 300ms (default)
2022-10-13 11:30:10,971 [pool-825-thread-1] INFO  server.RaftServer$Division (ServerState.java:<init>(107)) - 3085d457-a103-493c-b4e9-901a54e38ac8@group-F61DE661D2F1: ConfigurationManager, init=-1: [712be322-34b1-4d33-aaf2-76c2c9935d67|rpc:10.1.0.139:46709|dataStream:|priority:0, 3085d457-a103-493c-b4e9-901a54e38ac8|rpc:10.1.0.139:35861|dataStream:|priority:1, c6ba56ce-59ca-4e1a-8f34-5688e5c45b2f|rpc:10.1.0.139:40701|dataStream:|priority:0], old=null, confs=<EMPTY_MAP>
2022-10-13 11:30:10,972 [pool-825-thread-1] INFO  server.RaftServerConfigKeys (ConfUtils.java:logGet(46)) - raft.server.storage.dir = [/home/runner/work/ozone/ozone/hadoop-ozone/integration-test/target/test-dir/MiniOzoneClusterImpl-cb6e840c-eeae-4d67-92af-d8558e489f02/datanode-1/data/ratis] (custom)
2022-10-13 11:30:10,972 [pool-825-thread-1] INFO  server.RaftServerConfigKeys (ConfUtils.java:logGet(46)) - raft.server.log.corruption.policy = EXCEPTION (default)
2022-10-13 11:30:10,972 [pool-825-thread-1] INFO  server.RaftServerConfigKeys (ConfUtils.java:logGet(46)) - raft.server.storage.free-space.min = 0MB (=0) (default)
2022-10-13 11:30:10,972 [pool-825-thread-1] INFO  storage.RaftStorageDirectory (RaftStorageDirectoryImpl.java:analyzeStorage(135)) - The storage directory /home/runner/work/ozone/ozone/hadoop-ozone/integration-test/target/test-dir/MiniOzoneClusterImpl-cb6e840c-eeae-4d67-92af-d8558e489f02/datanode-1/data/ratis/a1f604af-ceb7-4d95-988a-f61de661d2f1 does not exist. Creating ...
2022-10-13 11:30:10,973 [pool-825-thread-1] INFO  storage.RaftStorageDirectory (RaftStorageDirectoryImpl.java:tryLock(230)) - Lock on /home/runner/work/ozone/ozone/hadoop-ozone/integration-test/target/test-dir/MiniOzoneClusterImpl-cb6e840c-eeae-4d67-92af-d8558e489f02/datanode-1/data/ratis/a1f604af-ceb7-4d95-988a-f61de661d2f1/in_use.lock acquired by nodename 2264@fv-az447-90
2022-10-13 11:30:10,974 [pool-825-thread-1] INFO  storage.RaftStorage (RaftStorageImpl.java:format(89)) - Storage directory /home/runner/work/ozone/ozone/hadoop-ozone/integration-test/target/test-dir/MiniOzoneClusterImpl-cb6e840c-eeae-4d67-92af-d8558e489f02/datanode-1/data/ratis/a1f604af-ceb7-4d95-988a-f61de661d2f1 has been successfully formatted.
2022-10-13 11:30:10,975 [pool-825-thread-1] INFO  ratis.ContainerStateMachine (ContainerStateMachine.java:loadSnapshot(236)) - group-F61DE661D2F1: The snapshot info is null. Setting the last applied indexto:(t:0, i:~)
2022-10-13 11:30:10,976 [pool-825-thread-1] INFO  server.RaftServerConfigKeys (ConfUtils.java:logGet(46)) - raft.server.notification.no-leader.timeout = 300s (custom)
2022-10-13 11:30:10,976 [pool-825-thread-1] INFO  server.RaftServerConfigKeys (ConfUtils.java:logGet(46)) - raft.server.log.use.memory = false (default)
2022-10-13 11:30:10,976 [pool-825-thread-1] INFO  server.RaftServerConfigKeys (ConfUtils.java:logGet(46)) - raft.server.log.purge.gap = 1000000 (custom)
2022-10-13 11:30:10,976 [pool-825-thread-1] INFO  server.RaftServerConfigKeys (ConfUtils.java:logGet(46)) - raft.server.log.appender.buffer.byte-limit = 33554432 (custom)
2022-10-13 11:30:10,976 [pool-825-thread-1] INFO  server.RaftServerConfigKeys (ConfUtils.java:logGet(46)) - raft.server.log.statemachine.data.read.timeout = 1000ms (default)
2022-10-13 11:30:10,977 [pool-825-thread-1] INFO  server.RaftServerConfigKeys (ConfUtils.java:logGet(46)) - raft.server.log.segment.size.max = 1048576 (custom)
2022-10-13 11:30:10,977 [pool-825-thread-1] INFO  server.RaftServerConfigKeys (ConfUtils.java:logGet(46)) - raft.server.log.segment.cache.num.max = 2 (custom)
2022-10-13 11:30:10,977 [pool-825-thread-1] INFO  server.RaftServerConfigKeys (ConfUtils.java:logGet(46)) - raft.server.log.segment.cache.size.max = 200MB (=209715200) (default)
2022-10-13 11:30:10,977 [pool-825-thread-1] INFO  segmented.SegmentedRaftLogWorker (SegmentedRaftLogWorker.java:<init>(187)) - new 3085d457-a103-493c-b4e9-901a54e38ac8@group-F61DE661D2F1-SegmentedRaftLogWorker for RaftStorageImpl:Storage Directory /home/runner/work/ozone/ozone/hadoop-ozone/integration-test/target/test-dir/MiniOzoneClusterImpl-cb6e840c-eeae-4d67-92af-d8558e489f02/datanode-1/data/ratis/a1f604af-ceb7-4d95-988a-f61de661d2f1
2022-10-13 11:30:10,977 [pool-825-thread-1] INFO  server.RaftServerConfigKeys (ConfUtils.java:logGet(46)) - raft.server.log.queue.byte-limit = 4294967296 (custom)
2022-10-13 11:30:10,977 [pool-825-thread-1] INFO  server.RaftServerConfigKeys (ConfUtils.java:logGet(46)) - raft.server.log.queue.element-limit = 1024 (custom)
2022-10-13 11:30:10,977 [pool-825-thread-1] INFO  server.RaftServerConfigKeys (ConfUtils.java:logGet(46)) - raft.server.log.segment.size.max = 1048576 (custom)
2022-10-13 11:30:10,977 [pool-825-thread-1] INFO  server.RaftServerConfigKeys (ConfUtils.java:logGet(46)) - raft.server.log.preallocated.size = 16384 (custom)
2022-10-13 11:30:10,977 [pool-825-thread-1] INFO  server.RaftServerConfigKeys (ConfUtils.java:logGet(46)) - raft.server.log.force.sync.num = 128 (default)
2022-10-13 11:30:10,978 [pool-825-thread-1] INFO  server.RaftServerConfigKeys (ConfUtils.java:logGet(46)) - raft.server.log.statemachine.data.sync = true (default)
2022-10-13 11:30:10,978 [pool-825-thread-1] INFO  server.RaftServerConfigKeys (ConfUtils.java:logGet(46)) - raft.server.log.statemachine.data.sync.timeout = 10s (default)
2022-10-13 11:30:10,978 [pool-825-thread-1] INFO  server.RaftServerConfigKeys (ConfUtils.java:logGet(46)) - raft.server.log.statemachine.data.sync.timeout.retry = -1 (default)
2022-10-13 11:30:10,979 [pool-825-thread-1] INFO  server.RaftServerConfigKeys (ConfUtils.java:logGet(46)) - raft.server.log.write.buffer.size = 1048576 (custom)
2022-10-13 11:30:10,979 [pool-825-thread-1] INFO  server.RaftServerConfigKeys (ConfUtils.java:logGet(46)) - raft.server.log.unsafe-flush.enabled = false (default)
2022-10-13 11:30:10,979 [pool-825-thread-1] INFO  server.RaftServerConfigKeys (ConfUtils.java:logGet(46)) - raft.server.log.statemachine.data.caching.enabled = true (custom)
2022-10-13 11:30:10,979 [pool-825-thread-1] INFO  segmented.SegmentedRaftLogWorker (SegmentedRaftLogWorker.java:lambda$new$0(135)) - 3085d457-a103-493c-b4e9-901a54e38ac8@group-F61DE661D2F1-SegmentedRaftLogWorker: flushIndex: setUnconditionally 0 -> -1
2022-10-13 11:30:10,979 [pool-825-thread-1] INFO  segmented.SegmentedRaftLogWorker (SegmentedRaftLogWorker.java:lambda$new$0(135)) - 3085d457-a103-493c-b4e9-901a54e38ac8@group-F61DE661D2F1-SegmentedRaftLogWorker: safeCacheEvictIndex: setUnconditionally 0 -> -1
2022-10-13 11:30:10,985 [pool-825-thread-1] INFO  server.RaftServerConfigKeys (ConfUtils.java:logGet(46)) - raft.server.snapshot.auto.trigger.enabled = true (custom)
2022-10-13 11:30:10,985 [pool-825-thread-1] INFO  server.RaftServerConfigKeys (ConfUtils.java:logGet(46)) - raft.server.snapshot.auto.trigger.threshold = 10000 (custom)
2022-10-13 11:30:10,985 [pool-825-thread-1] INFO  server.RaftServerConfigKeys (ConfUtils.java:logGet(46)) - raft.server.snapshot.retention.file.num = 5 (custom)
2022-10-13 11:30:10,985 [pool-825-thread-1] INFO  server.RaftServerConfigKeys (ConfUtils.java:logGet(46)) - raft.server.log.purge.upto.snapshot.index = false (default)
2022-10-13 11:30:10,985 [pool-825-thread-1] INFO  server.RaftServerConfigKeys (ConfUtils.java:logGet(46)) - raft.server.retrycache.expirytime = 600000ms (custom)
2022-10-13 11:30:10,985 [pool-825-thread-1] INFO  server.RaftServerConfigKeys (ConfUtils.java:logGet(46)) - raft.server.retrycache.statistics.expirytime = 100μs (default)
2022-10-13 11:30:10,987 [pool-825-thread-1] INFO  server.RaftServerConfigKeys (ConfUtils.java:logGet(46)) - raft.server.log.appender.install.snapshot.enabled = false (custom)
2022-10-13 11:30:10,987 [pool-825-thread-1] INFO  server.RaftServerConfigKeys (ConfUtils.java:logGet(46)) - raft.server.threadpool.server.cached = true (default)
2022-10-13 11:30:10,987 [pool-825-thread-1] INFO  server.RaftServerConfigKeys (ConfUtils.java:logGet(46)) - raft.server.threadpool.server.size = 0 (default)
2022-10-13 11:30:10,987 [pool-825-thread-1] INFO  server.RaftServerConfigKeys (ConfUtils.java:logGet(46)) - raft.server.threadpool.client.cached = true (default)
2022-10-13 11:30:10,987 [pool-825-thread-1] INFO  server.RaftServerConfigKeys (ConfUtils.java:logGet(46)) - raft.server.threadpool.client.size = 0 (default)
2022-10-13 11:30:10,987 [pool-825-thread-1] INFO  server.RaftServer$Division (RaftServerImpl.java:start(310)) - 3085d457-a103-493c-b4e9-901a54e38ac8@group-F61DE661D2F1: start as a follower, conf=-1: [712be322-34b1-4d33-aaf2-76c2c9935d67|rpc:10.1.0.139:46709|dataStream:|priority:0, 3085d457-a103-493c-b4e9-901a54e38ac8|rpc:10.1.0.139:35861|dataStream:|priority:1, c6ba56ce-59ca-4e1a-8f34-5688e5c45b2f|rpc:10.1.0.139:40701|dataStream:|priority:0], old=null
2022-10-13 11:30:10,987 [pool-825-thread-1] INFO  server.RaftServer$Division (RaftServerImpl.java:setRole(299)) - 3085d457-a103-493c-b4e9-901a54e38ac8@group-F61DE661D2F1: changes role from      null to FOLLOWER at term 0 for startAsFollower
2022-10-13 11:30:10,987 [pool-825-thread-1] INFO  impl.RoleInfo (RoleInfo.java:updateAndGet(139)) - 3085d457-a103-493c-b4e9-901a54e38ac8: start 3085d457-a103-493c-b4e9-901a54e38ac8@group-F61DE661D2F1-FollowerState
2022-10-13 11:30:10,987 [pool-825-thread-1] INFO  util.JmxRegister (JmxRegister.java:tryRegister(44)) - Successfully registered JMX Bean with object name Ratis:service=RaftServer,group=group-F61DE661D2F1,id=3085d457-a103-493c-b4e9-901a54e38ac8
2022-10-13 11:30:11,006 [grpc-default-executor-0] INFO  server.RaftServer (RaftServerProxy.java:addNew(96)) - c6ba56ce-59ca-4e1a-8f34-5688e5c45b2f: addNew group-F61DE661D2F1:[712be322-34b1-4d33-aaf2-76c2c9935d67|rpc:10.1.0.139:46709|dataStream:|priority:0, 3085d457-a103-493c-b4e9-901a54e38ac8|rpc:10.1.0.139:35861|dataStream:|priority:1, c6ba56ce-59ca-4e1a-8f34-5688e5c45b2f|rpc:10.1.0.139:40701|dataStream:|priority:0] returns group-F61DE661D2F1:java.util.concurrent.CompletableFuture@6f6dd719[Not completed]
2022-10-13 11:30:11,006 [pool-848-thread-1] INFO  server.RaftServer$Division (RaftServerImpl.java:<init>(190)) - c6ba56ce-59ca-4e1a-8f34-5688e5c45b2f: new RaftServerImpl for group-F61DE661D2F1:[712be322-34b1-4d33-aaf2-76c2c9935d67|rpc:10.1.0.139:46709|dataStream:|priority:0, 3085d457-a103-493c-b4e9-901a54e38ac8|rpc:10.1.0.139:35861|dataStream:|priority:1, c6ba56ce-59ca-4e1a-8f34-5688e5c45b2f|rpc:10.1.0.139:40701|dataStream:|priority:0] with ContainerStateMachine:uninitialized
2022-10-13 11:30:11,006 [pool-848-thread-1] INFO  server.RaftServerConfigKeys (ConfUtils.java:logGet(46)) - raft.server.rpc.timeout.min = 5s (custom)
2022-10-13 11:30:11,006 [pool-848-thread-1] INFO  server.RaftServerConfigKeys (ConfUtils.java:logGet(46)) - raft.server.rpc.timeout.max = 5200ms (custom)
2022-10-13 11:30:11,006 [pool-848-thread-1] INFO  server.RaftServerConfigKeys (ConfUtils.java:logGet(46)) - raft.server.rpc.sleep.time = 25ms (default)
2022-10-13 11:30:11,006 [pool-848-thread-1] INFO  server.RaftServerConfigKeys (ConfUtils.java:logGet(46)) - raft.server.rpc.slowness.timeout = 300s (custom)
2022-10-13 11:30:11,006 [pool-848-thread-1] INFO  server.RaftServerConfigKeys (ConfUtils.java:logGet(46)) - raft.server.leaderelection.leader.step-down.wait-time = 10s (default)
2022-10-13 11:30:11,007 [pool-848-thread-1] INFO  server.RaftServerConfigKeys (ConfUtils.java:logGet(46)) - raft.server.sleep.deviation.threshold = 300ms (default)
2022-10-13 11:30:11,007 [pool-848-thread-1] INFO  server.RaftServer$Division (ServerState.java:<init>(107)) - c6ba56ce-59ca-4e1a-8f34-5688e5c45b2f@group-F61DE661D2F1: ConfigurationManager, init=-1: [712be322-34b1-4d33-aaf2-76c2c9935d67|rpc:10.1.0.139:46709|dataStream:|priority:0, 3085d457-a103-493c-b4e9-901a54e38ac8|rpc:10.1.0.139:35861|dataStream:|priority:1, c6ba56ce-59ca-4e1a-8f34-5688e5c45b2f|rpc:10.1.0.139:40701|dataStream:|priority:0], old=null, confs=<EMPTY_MAP>
2022-10-13 11:30:11,007 [pool-848-thread-1] INFO  server.RaftServerConfigKeys (ConfUtils.java:logGet(46)) - raft.server.storage.dir = [/home/runner/work/ozone/ozone/hadoop-ozone/integration-test/target/test-dir/MiniOzoneClusterImpl-cb6e840c-eeae-4d67-92af-d8558e489f02/datanode-2/data/ratis] (custom)
2022-10-13 11:30:11,007 [pool-848-thread-1] INFO  server.RaftServerConfigKeys (ConfUtils.java:logGet(46)) - raft.server.log.corruption.policy = EXCEPTION (default)
2022-10-13 11:30:11,007 [pool-848-thread-1] INFO  server.RaftServerConfigKeys (ConfUtils.java:logGet(46)) - raft.server.storage.free-space.min = 0MB (=0) (default)
2022-10-13 11:30:11,007 [pool-848-thread-1] INFO  storage.RaftStorageDirectory (RaftStorageDirectoryImpl.java:analyzeStorage(135)) - The storage directory /home/runner/work/ozone/ozone/hadoop-ozone/integration-test/target/test-dir/MiniOzoneClusterImpl-cb6e840c-eeae-4d67-92af-d8558e489f02/datanode-2/data/ratis/a1f604af-ceb7-4d95-988a-f61de661d2f1 does not exist. Creating ...
2022-10-13 11:30:11,008 [pool-848-thread-1] INFO  storage.RaftStorageDirectory (RaftStorageDirectoryImpl.java:tryLock(230)) - Lock on /home/runner/work/ozone/ozone/hadoop-ozone/integration-test/target/test-dir/MiniOzoneClusterImpl-cb6e840c-eeae-4d67-92af-d8558e489f02/datanode-2/data/ratis/a1f604af-ceb7-4d95-988a-f61de661d2f1/in_use.lock acquired by nodename 2264@fv-az447-90
2022-10-13 11:30:11,009 [pool-848-thread-1] INFO  storage.RaftStorage (RaftStorageImpl.java:format(89)) - Storage directory /home/runner/work/ozone/ozone/hadoop-ozone/integration-test/target/test-dir/MiniOzoneClusterImpl-cb6e840c-eeae-4d67-92af-d8558e489f02/datanode-2/data/ratis/a1f604af-ceb7-4d95-988a-f61de661d2f1 has been successfully formatted.
2022-10-13 11:30:11,010 [pool-848-thread-1] INFO  ratis.ContainerStateMachine (ContainerStateMachine.java:loadSnapshot(236)) - group-F61DE661D2F1: The snapshot info is null. Setting the last applied indexto:(t:0, i:~)
2022-10-13 11:30:11,010 [pool-848-thread-1] INFO  server.RaftServerConfigKeys (ConfUtils.java:logGet(46)) - raft.server.notification.no-leader.timeout = 300s (custom)
2022-10-13 11:30:11,010 [pool-848-thread-1] INFO  server.RaftServerConfigKeys (ConfUtils.java:logGet(46)) - raft.server.log.use.memory = false (default)
2022-10-13 11:30:11,010 [pool-848-thread-1] INFO  server.RaftServerConfigKeys (ConfUtils.java:logGet(46)) - raft.server.log.purge.gap = 1000000 (custom)
2022-10-13 11:30:11,010 [pool-848-thread-1] INFO  server.RaftServerConfigKeys (ConfUtils.java:logGet(46)) - raft.server.log.appender.buffer.byte-limit = 33554432 (custom)
2022-10-13 11:30:11,010 [pool-848-thread-1] INFO  server.RaftServerConfigKeys (ConfUtils.java:logGet(46)) - raft.server.log.statemachine.data.read.timeout = 1000ms (default)
2022-10-13 11:30:11,011 [pool-848-thread-1] INFO  server.RaftServerConfigKeys (ConfUtils.java:logGet(46)) - raft.server.log.segment.size.max = 1048576 (custom)
2022-10-13 11:30:11,011 [pool-848-thread-1] INFO  server.RaftServerConfigKeys (ConfUtils.java:logGet(46)) - raft.server.log.segment.cache.num.max = 2 (custom)
2022-10-13 11:30:11,011 [pool-848-thread-1] INFO  server.RaftServerConfigKeys (ConfUtils.java:logGet(46)) - raft.server.log.segment.cache.size.max = 200MB (=209715200) (default)
2022-10-13 11:30:11,011 [pool-848-thread-1] INFO  segmented.SegmentedRaftLogWorker (SegmentedRaftLogWorker.java:<init>(187)) - new c6ba56ce-59ca-4e1a-8f34-5688e5c45b2f@group-F61DE661D2F1-SegmentedRaftLogWorker for RaftStorageImpl:Storage Directory /home/runner/work/ozone/ozone/hadoop-ozone/integration-test/target/test-dir/MiniOzoneClusterImpl-cb6e840c-eeae-4d67-92af-d8558e489f02/datanode-2/data/ratis/a1f604af-ceb7-4d95-988a-f61de661d2f1
2022-10-13 11:30:11,011 [pool-848-thread-1] INFO  server.RaftServerConfigKeys (ConfUtils.java:logGet(46)) - raft.server.log.queue.byte-limit = 4294967296 (custom)
2022-10-13 11:30:11,011 [pool-848-thread-1] INFO  server.RaftServerConfigKeys (ConfUtils.java:logGet(46)) - raft.server.log.queue.element-limit = 1024 (custom)
2022-10-13 11:30:11,011 [pool-848-thread-1] INFO  server.RaftServerConfigKeys (ConfUtils.java:logGet(46)) - raft.server.log.segment.size.max = 1048576 (custom)
2022-10-13 11:30:11,011 [pool-848-thread-1] INFO  server.RaftServerConfigKeys (ConfUtils.java:logGet(46)) - raft.server.log.preallocated.size = 16384 (custom)
2022-10-13 11:30:11,012 [pool-848-thread-1] INFO  server.RaftServerConfigKeys (ConfUtils.java:logGet(46)) - raft.server.log.force.sync.num = 128 (default)
2022-10-13 11:30:11,012 [pool-848-thread-1] INFO  server.RaftServerConfigKeys (ConfUtils.java:logGet(46)) - raft.server.log.statemachine.data.sync = true (default)
2022-10-13 11:30:11,012 [pool-848-thread-1] INFO  server.RaftServerConfigKeys (ConfUtils.java:logGet(46)) - raft.server.log.statemachine.data.sync.timeout = 10s (default)
2022-10-13 11:30:11,012 [pool-848-thread-1] INFO  server.RaftServerConfigKeys (ConfUtils.java:logGet(46)) - raft.server.log.statemachine.data.sync.timeout.retry = -1 (default)
2022-10-13 11:30:11,013 [pool-848-thread-1] INFO  server.RaftServerConfigKeys (ConfUtils.java:logGet(46)) - raft.server.log.write.buffer.size = 1048576 (custom)
2022-10-13 11:30:11,013 [pool-848-thread-1] INFO  server.RaftServerConfigKeys (ConfUtils.java:logGet(46)) - raft.server.log.unsafe-flush.enabled = false (default)
2022-10-13 11:30:11,014 [pool-848-thread-1] INFO  server.RaftServerConfigKeys (ConfUtils.java:logGet(46)) - raft.server.log.statemachine.data.caching.enabled = true (custom)
2022-10-13 11:30:11,014 [pool-848-thread-1] INFO  segmented.SegmentedRaftLogWorker (SegmentedRaftLogWorker.java:lambda$new$0(135)) - c6ba56ce-59ca-4e1a-8f34-5688e5c45b2f@group-F61DE661D2F1-SegmentedRaftLogWorker: flushIndex: setUnconditionally 0 -> -1
2022-10-13 11:30:11,014 [pool-848-thread-1] INFO  segmented.SegmentedRaftLogWorker (SegmentedRaftLogWorker.java:lambda$new$0(135)) - c6ba56ce-59ca-4e1a-8f34-5688e5c45b2f@group-F61DE661D2F1-SegmentedRaftLogWorker: safeCacheEvictIndex: setUnconditionally 0 -> -1
2022-10-13 11:30:11,015 [pool-848-thread-1] INFO  server.RaftServerConfigKeys (ConfUtils.java:logGet(46)) - raft.server.snapshot.auto.trigger.enabled = true (custom)
2022-10-13 11:30:11,015 [pool-848-thread-1] INFO  server.RaftServerConfigKeys (ConfUtils.java:logGet(46)) - raft.server.snapshot.auto.trigger.threshold = 10000 (custom)
2022-10-13 11:30:11,015 [pool-848-thread-1] INFO  server.RaftServerConfigKeys (ConfUtils.java:logGet(46)) - raft.server.snapshot.retention.file.num = 5 (custom)
2022-10-13 11:30:11,015 [pool-848-thread-1] INFO  server.RaftServerConfigKeys (ConfUtils.java:logGet(46)) - raft.server.log.purge.upto.snapshot.index = false (default)
2022-10-13 11:30:11,015 [pool-848-thread-1] INFO  server.RaftServerConfigKeys (ConfUtils.java:logGet(46)) - raft.server.retrycache.expirytime = 600000ms (custom)
2022-10-13 11:30:11,015 [pool-848-thread-1] INFO  server.RaftServerConfigKeys (ConfUtils.java:logGet(46)) - raft.server.retrycache.statistics.expirytime = 100μs (default)
2022-10-13 11:30:11,017 [pool-848-thread-1] INFO  server.RaftServerConfigKeys (ConfUtils.java:logGet(46)) - raft.server.log.appender.install.snapshot.enabled = false (custom)
2022-10-13 11:30:11,017 [pool-848-thread-1] INFO  server.RaftServerConfigKeys (ConfUtils.java:logGet(46)) - raft.server.threadpool.server.cached = true (default)
2022-10-13 11:30:11,017 [pool-848-thread-1] INFO  server.RaftServerConfigKeys (ConfUtils.java:logGet(46)) - raft.server.threadpool.server.size = 0 (default)
2022-10-13 11:30:11,017 [pool-848-thread-1] INFO  server.RaftServerConfigKeys (ConfUtils.java:logGet(46)) - raft.server.threadpool.client.cached = true (default)
2022-10-13 11:30:11,017 [pool-848-thread-1] INFO  server.RaftServerConfigKeys (ConfUtils.java:logGet(46)) - raft.server.threadpool.client.size = 0 (default)
2022-10-13 11:30:11,017 [pool-848-thread-1] INFO  server.RaftServer$Division (RaftServerImpl.java:start(310)) - c6ba56ce-59ca-4e1a-8f34-5688e5c45b2f@group-F61DE661D2F1: start as a follower, conf=-1: [712be322-34b1-4d33-aaf2-76c2c9935d67|rpc:10.1.0.139:46709|dataStream:|priority:0, 3085d457-a103-493c-b4e9-901a54e38ac8|rpc:10.1.0.139:35861|dataStream:|priority:1, c6ba56ce-59ca-4e1a-8f34-5688e5c45b2f|rpc:10.1.0.139:40701|dataStream:|priority:0], old=null
2022-10-13 11:30:11,017 [pool-848-thread-1] INFO  server.RaftServer$Division (RaftServerImpl.java:setRole(299)) - c6ba56ce-59ca-4e1a-8f34-5688e5c45b2f@group-F61DE661D2F1: changes role from      null to FOLLOWER at term 0 for startAsFollower
2022-10-13 11:30:11,017 [pool-848-thread-1] INFO  impl.RoleInfo (RoleInfo.java:updateAndGet(139)) - c6ba56ce-59ca-4e1a-8f34-5688e5c45b2f: start c6ba56ce-59ca-4e1a-8f34-5688e5c45b2f@group-F61DE661D2F1-FollowerState
2022-10-13 11:30:11,017 [pool-848-thread-1] INFO  util.JmxRegister (JmxRegister.java:tryRegister(44)) - Successfully registered JMX Bean with object name Ratis:service=RaftServer,group=group-F61DE661D2F1,id=c6ba56ce-59ca-4e1a-8f34-5688e5c45b2f
2022-10-13 11:30:11,023 [Command processor thread] INFO  commandhandler.CreatePipelineCommandHandler (CreatePipelineCommandHandler.java:handle(113)) - Created Pipeline RATIS THREE PipelineID=a1f604af-ceb7-4d95-988a-f61de661d2f1.
2022-10-13 11:30:11,142 [Command processor thread] INFO  server.RaftServer (RaftServerProxy.java:addNew(96)) - 3085d457-a103-493c-b4e9-901a54e38ac8: addNew group-B6595296A3DF:[3085d457-a103-493c-b4e9-901a54e38ac8|rpc:10.1.0.139:35861|priority:1] returns group-B6595296A3DF:java.util.concurrent.CompletableFuture@13988d13[Not completed]
2022-10-13 11:30:11,143 [pool-825-thread-1] INFO  server.RaftServer$Division (RaftServerImpl.java:<init>(190)) - 3085d457-a103-493c-b4e9-901a54e38ac8: new RaftServerImpl for group-B6595296A3DF:[3085d457-a103-493c-b4e9-901a54e38ac8|rpc:10.1.0.139:35861|priority:1] with ContainerStateMachine:uninitialized
2022-10-13 11:30:11,143 [pool-825-thread-1] INFO  server.RaftServerConfigKeys (ConfUtils.java:logGet(46)) - raft.server.rpc.timeout.min = 5s (custom)
2022-10-13 11:30:11,143 [pool-825-thread-1] INFO  server.RaftServerConfigKeys (ConfUtils.java:logGet(46)) - raft.server.rpc.timeout.max = 5200ms (custom)
2022-10-13 11:30:11,143 [pool-825-thread-1] INFO  server.RaftServerConfigKeys (ConfUtils.java:logGet(46)) - raft.server.rpc.sleep.time = 25ms (default)
2022-10-13 11:30:11,143 [pool-825-thread-1] INFO  server.RaftServerConfigKeys (ConfUtils.java:logGet(46)) - raft.server.rpc.slowness.timeout = 300s (custom)
2022-10-13 11:30:11,143 [pool-825-thread-1] INFO  server.RaftServerConfigKeys (ConfUtils.java:logGet(46)) - raft.server.leaderelection.leader.step-down.wait-time = 10s (default)
2022-10-13 11:30:11,143 [pool-825-thread-1] INFO  server.RaftServerConfigKeys (ConfUtils.java:logGet(46)) - raft.server.sleep.deviation.threshold = 300ms (default)
2022-10-13 11:30:11,143 [pool-825-thread-1] INFO  server.RaftServer$Division (ServerState.java:<init>(107)) - 3085d457-a103-493c-b4e9-901a54e38ac8@group-B6595296A3DF: ConfigurationManager, init=-1: [3085d457-a103-493c-b4e9-901a54e38ac8|rpc:10.1.0.139:35861|priority:1], old=null, confs=<EMPTY_MAP>
2022-10-13 11:30:11,143 [pool-825-thread-1] INFO  server.RaftServerConfigKeys (ConfUtils.java:logGet(46)) - raft.server.storage.dir = [/home/runner/work/ozone/ozone/hadoop-ozone/integration-test/target/test-dir/MiniOzoneClusterImpl-cb6e840c-eeae-4d67-92af-d8558e489f02/datanode-1/data/ratis] (custom)
2022-10-13 11:30:11,143 [pool-825-thread-1] INFO  server.RaftServerConfigKeys (ConfUtils.java:logGet(46)) - raft.server.log.corruption.policy = EXCEPTION (default)
2022-10-13 11:30:11,143 [pool-825-thread-1] INFO  server.RaftServerConfigKeys (ConfUtils.java:logGet(46)) - raft.server.storage.free-space.min = 0MB (=0) (default)
2022-10-13 11:30:11,143 [pool-825-thread-1] INFO  storage.RaftStorageDirectory (RaftStorageDirectoryImpl.java:analyzeStorage(135)) - The storage directory /home/runner/work/ozone/ozone/hadoop-ozone/integration-test/target/test-dir/MiniOzoneClusterImpl-cb6e840c-eeae-4d67-92af-d8558e489f02/datanode-1/data/ratis/e3439bab-e3a5-4d3a-bbe8-b6595296a3df does not exist. Creating ...
2022-10-13 11:30:11,145 [pool-825-thread-1] INFO  storage.RaftStorageDirectory (RaftStorageDirectoryImpl.java:tryLock(230)) - Lock on /home/runner/work/ozone/ozone/hadoop-ozone/integration-test/target/test-dir/MiniOzoneClusterImpl-cb6e840c-eeae-4d67-92af-d8558e489f02/datanode-1/data/ratis/e3439bab-e3a5-4d3a-bbe8-b6595296a3df/in_use.lock acquired by nodename 2264@fv-az447-90
2022-10-13 11:30:11,146 [pool-825-thread-1] INFO  storage.RaftStorage (RaftStorageImpl.java:format(89)) - Storage directory /home/runner/work/ozone/ozone/hadoop-ozone/integration-test/target/test-dir/MiniOzoneClusterImpl-cb6e840c-eeae-4d67-92af-d8558e489f02/datanode-1/data/ratis/e3439bab-e3a5-4d3a-bbe8-b6595296a3df has been successfully formatted.
2022-10-13 11:30:11,147 [pool-825-thread-1] INFO  ratis.ContainerStateMachine (ContainerStateMachine.java:loadSnapshot(236)) - group-B6595296A3DF: The snapshot info is null. Setting the last applied indexto:(t:0, i:~)
2022-10-13 11:30:11,148 [pool-825-thread-1] INFO  server.RaftServerConfigKeys (ConfUtils.java:logGet(46)) - raft.server.notification.no-leader.timeout = 300s (custom)
2022-10-13 11:30:11,148 [pool-825-thread-1] INFO  server.RaftServerConfigKeys (ConfUtils.java:logGet(46)) - raft.server.log.use.memory = false (default)
2022-10-13 11:30:11,148 [pool-825-thread-1] INFO  server.RaftServerConfigKeys (ConfUtils.java:logGet(46)) - raft.server.log.purge.gap = 1000000 (custom)
2022-10-13 11:30:11,148 [pool-825-thread-1] INFO  server.RaftServerConfigKeys (ConfUtils.java:logGet(46)) - raft.server.log.appender.buffer.byte-limit = 33554432 (custom)
2022-10-13 11:30:11,148 [pool-825-thread-1] INFO  server.RaftServerConfigKeys (ConfUtils.java:logGet(46)) - raft.server.log.statemachine.data.read.timeout = 1000ms (default)
2022-10-13 11:30:11,148 [EventQueue-PipelineReportForPipelineReportHandler] INFO  pipeline.PipelineManagerImpl (PipelineManagerImpl.java:openPipeline(367)) - Pipeline Pipeline[ Id: e3439bab-e3a5-4d3a-bbe8-b6595296a3df, Nodes: 3085d457-a103-493c-b4e9-901a54e38ac8{ip: 10.1.0.139, host: fv-az447-90.tnmeiuxxsqeu3byeydcnbj0j5d.dx.internal.cloudapp.net, ports: [REPLICATION=45435, RATIS=35861, RATIS_ADMIN=35861, RATIS_SERVER=35861, STANDALONE=45777], networkLocation: /default-rack, certSerialId: null, persistedOpState: IN_SERVICE, persistedOpStateExpiryEpochSec: 0}, ReplicationConfig: RATIS/ONE, State:ALLOCATED, leaderId:3085d457-a103-493c-b4e9-901a54e38ac8, CreationTimestamp2022-10-13T11:30:08.146Z[Etc/UTC]] moved to OPEN state
2022-10-13 11:30:11,149 [EventQueue-OpenPipelineForHealthyPipelineSafeModeRule] INFO  safemode.SCMSafeModeManager (HealthyPipelineSafeModeRule.java:process(137)) - SCM in safe mode. Healthy pipelines reported count is 0, required healthy pipeline reported count is 1
2022-10-13 11:30:11,149 [pool-825-thread-1] INFO  server.RaftServerConfigKeys (ConfUtils.java:logGet(46)) - raft.server.log.segment.size.max = 1048576 (custom)
2022-10-13 11:30:11,150 [pool-825-thread-1] INFO  server.RaftServerConfigKeys (ConfUtils.java:logGet(46)) - raft.server.log.segment.cache.num.max = 2 (custom)
2022-10-13 11:30:11,150 [pool-825-thread-1] INFO  server.RaftServerConfigKeys (ConfUtils.java:logGet(46)) - raft.server.log.segment.cache.size.max = 200MB (=209715200) (default)
2022-10-13 11:30:11,150 [pool-825-thread-1] INFO  segmented.SegmentedRaftLogWorker (SegmentedRaftLogWorker.java:<init>(187)) - new 3085d457-a103-493c-b4e9-901a54e38ac8@group-B6595296A3DF-SegmentedRaftLogWorker for RaftStorageImpl:Storage Directory /home/runner/work/ozone/ozone/hadoop-ozone/integration-test/target/test-dir/MiniOzoneClusterImpl-cb6e840c-eeae-4d67-92af-d8558e489f02/datanode-1/data/ratis/e3439bab-e3a5-4d3a-bbe8-b6595296a3df
2022-10-13 11:30:11,150 [pool-825-thread-1] INFO  server.RaftServerConfigKeys (ConfUtils.java:logGet(46)) - raft.server.log.queue.byte-limit = 4294967296 (custom)
2022-10-13 11:30:11,150 [pool-825-thread-1] INFO  server.RaftServerConfigKeys (ConfUtils.java:logGet(46)) - raft.server.log.queue.element-limit = 1024 (custom)
2022-10-13 11:30:11,150 [pool-825-thread-1] INFO  server.RaftServerConfigKeys (ConfUtils.java:logGet(46)) - raft.server.log.segment.size.max = 1048576 (custom)
2022-10-13 11:30:11,150 [pool-825-thread-1] INFO  server.RaftServerConfigKeys (ConfUtils.java:logGet(46)) - raft.server.log.preallocated.size = 16384 (custom)
2022-10-13 11:30:11,150 [pool-825-thread-1] INFO  server.RaftServerConfigKeys (ConfUtils.java:logGet(46)) - raft.server.log.force.sync.num = 128 (default)
2022-10-13 11:30:11,150 [pool-825-thread-1] INFO  server.RaftServerConfigKeys (ConfUtils.java:logGet(46)) - raft.server.log.statemachine.data.sync = true (default)
2022-10-13 11:30:11,150 [pool-825-thread-1] INFO  server.RaftServerConfigKeys (ConfUtils.java:logGet(46)) - raft.server.log.statemachine.data.sync.timeout = 10s (default)
2022-10-13 11:30:11,150 [pool-825-thread-1] INFO  server.RaftServerConfigKeys (ConfUtils.java:logGet(46)) - raft.server.log.statemachine.data.sync.timeout.retry = -1 (default)
2022-10-13 11:30:11,151 [pool-825-thread-1] INFO  server.RaftServerConfigKeys (ConfUtils.java:logGet(46)) - raft.server.log.write.buffer.size = 1048576 (custom)
2022-10-13 11:30:11,151 [pool-825-thread-1] INFO  server.RaftServerConfigKeys (ConfUtils.java:logGet(46)) - raft.server.log.unsafe-flush.enabled = false (default)
2022-10-13 11:30:11,151 [pool-825-thread-1] INFO  server.RaftServerConfigKeys (ConfUtils.java:logGet(46)) - raft.server.log.statemachine.data.caching.enabled = true (custom)
2022-10-13 11:30:11,152 [pool-825-thread-1] INFO  segmented.SegmentedRaftLogWorker (SegmentedRaftLogWorker.java:lambda$new$0(135)) - 3085d457-a103-493c-b4e9-901a54e38ac8@group-B6595296A3DF-SegmentedRaftLogWorker: flushIndex: setUnconditionally 0 -> -1
2022-10-13 11:30:11,152 [pool-825-thread-1] INFO  segmented.SegmentedRaftLogWorker (SegmentedRaftLogWorker.java:lambda$new$0(135)) - 3085d457-a103-493c-b4e9-901a54e38ac8@group-B6595296A3DF-SegmentedRaftLogWorker: safeCacheEvictIndex: setUnconditionally 0 -> -1
2022-10-13 11:30:11,152 [pool-825-thread-1] INFO  server.RaftServerConfigKeys (ConfUtils.java:logGet(46)) - raft.server.snapshot.auto.trigger.enabled = true (custom)
2022-10-13 11:30:11,152 [pool-825-thread-1] INFO  server.RaftServerConfigKeys (ConfUtils.java:logGet(46)) - raft.server.snapshot.auto.trigger.threshold = 10000 (custom)
2022-10-13 11:30:11,152 [pool-825-thread-1] INFO  server.RaftServerConfigKeys (ConfUtils.java:logGet(46)) - raft.server.snapshot.retention.file.num = 5 (custom)
2022-10-13 11:30:11,152 [pool-825-thread-1] INFO  server.RaftServerConfigKeys (ConfUtils.java:logGet(46)) - raft.server.log.purge.upto.snapshot.index = false (default)
2022-10-13 11:30:11,152 [pool-825-thread-1] INFO  server.RaftServerConfigKeys (ConfUtils.java:logGet(46)) - raft.server.retrycache.expirytime = 600000ms (custom)
2022-10-13 11:30:11,152 [pool-825-thread-1] INFO  server.RaftServerConfigKeys (ConfUtils.java:logGet(46)) - raft.server.retrycache.statistics.expirytime = 100μs (default)
2022-10-13 11:30:11,154 [pool-825-thread-1] INFO  server.RaftServerConfigKeys (ConfUtils.java:logGet(46)) - raft.server.log.appender.install.snapshot.enabled = false (custom)
2022-10-13 11:30:11,154 [pool-825-thread-1] INFO  server.RaftServerConfigKeys (ConfUtils.java:logGet(46)) - raft.server.threadpool.server.cached = true (default)
2022-10-13 11:30:11,154 [pool-825-thread-1] INFO  server.RaftServerConfigKeys (ConfUtils.java:logGet(46)) - raft.server.threadpool.server.size = 0 (default)
2022-10-13 11:30:11,154 [pool-825-thread-1] INFO  server.RaftServerConfigKeys (ConfUtils.java:logGet(46)) - raft.server.threadpool.client.cached = true (default)
2022-10-13 11:30:11,154 [pool-825-thread-1] INFO  server.RaftServerConfigKeys (ConfUtils.java:logGet(46)) - raft.server.threadpool.client.size = 0 (default)
2022-10-13 11:30:11,155 [pool-825-thread-1] INFO  server.RaftServer$Division (RaftServerImpl.java:start(310)) - 3085d457-a103-493c-b4e9-901a54e38ac8@group-B6595296A3DF: start as a follower, conf=-1: [3085d457-a103-493c-b4e9-901a54e38ac8|rpc:10.1.0.139:35861|priority:1], old=null
2022-10-13 11:30:11,155 [pool-825-thread-1] INFO  server.RaftServer$Division (RaftServerImpl.java:setRole(299)) - 3085d457-a103-493c-b4e9-901a54e38ac8@group-B6595296A3DF: changes role from      null to FOLLOWER at term 0 for startAsFollower
2022-10-13 11:30:11,156 [pool-825-thread-1] INFO  impl.RoleInfo (RoleInfo.java:updateAndGet(139)) - 3085d457-a103-493c-b4e9-901a54e38ac8: start 3085d457-a103-493c-b4e9-901a54e38ac8@group-B6595296A3DF-FollowerState
2022-10-13 11:30:11,156 [pool-825-thread-1] INFO  util.JmxRegister (JmxRegister.java:tryRegister(44)) - Successfully registered JMX Bean with object name Ratis:service=RaftServer,group=group-B6595296A3DF,id=3085d457-a103-493c-b4e9-901a54e38ac8
2022-10-13 11:30:11,157 [Command processor thread] INFO  ratis.XceiverServerRatis (XceiverServerRatis.java:addGroup(765)) - Created group PipelineID=e3439bab-e3a5-4d3a-bbe8-b6595296a3df
2022-10-13 11:30:11,157 [Command processor thread] INFO  commandhandler.CreatePipelineCommandHandler (CreatePipelineCommandHandler.java:handle(113)) - Created Pipeline RATIS ONE PipelineID=e3439bab-e3a5-4d3a-bbe8-b6595296a3df.
2022-10-13 11:30:11,446 [Command processor thread] INFO  server.RaftServer (RaftServerProxy.java:addNew(96)) - c6ba56ce-59ca-4e1a-8f34-5688e5c45b2f: addNew group-F6296274B165:[c6ba56ce-59ca-4e1a-8f34-5688e5c45b2f|rpc:10.1.0.139:40701|priority:1] returns group-F6296274B165:java.util.concurrent.CompletableFuture@7bb041c9[Not completed]
2022-10-13 11:30:11,447 [pool-848-thread-1] INFO  server.RaftServer$Division (RaftServerImpl.java:<init>(190)) - c6ba56ce-59ca-4e1a-8f34-5688e5c45b2f: new RaftServerImpl for group-F6296274B165:[c6ba56ce-59ca-4e1a-8f34-5688e5c45b2f|rpc:10.1.0.139:40701|priority:1] with ContainerStateMachine:uninitialized
2022-10-13 11:30:11,447 [pool-848-thread-1] INFO  server.RaftServerConfigKeys (ConfUtils.java:logGet(46)) - raft.server.rpc.timeout.min = 5s (custom)
2022-10-13 11:30:11,447 [pool-848-thread-1] INFO  server.RaftServerConfigKeys (ConfUtils.java:logGet(46)) - raft.server.rpc.timeout.max = 5200ms (custom)
2022-10-13 11:30:11,447 [pool-848-thread-1] INFO  server.RaftServerConfigKeys (ConfUtils.java:logGet(46)) - raft.server.rpc.sleep.time = 25ms (default)
2022-10-13 11:30:11,447 [pool-848-thread-1] INFO  server.RaftServerConfigKeys (ConfUtils.java:logGet(46)) - raft.server.rpc.slowness.timeout = 300s (custom)
2022-10-13 11:30:11,447 [pool-848-thread-1] INFO  server.RaftServerConfigKeys (ConfUtils.java:logGet(46)) - raft.server.leaderelection.leader.step-down.wait-time = 10s (default)
2022-10-13 11:30:11,447 [pool-848-thread-1] INFO  server.RaftServerConfigKeys (ConfUtils.java:logGet(46)) - raft.server.sleep.deviation.threshold = 300ms (default)
2022-10-13 11:30:11,447 [pool-848-thread-1] INFO  server.RaftServer$Division (ServerState.java:<init>(107)) - c6ba56ce-59ca-4e1a-8f34-5688e5c45b2f@group-F6296274B165: ConfigurationManager, init=-1: [c6ba56ce-59ca-4e1a-8f34-5688e5c45b2f|rpc:10.1.0.139:40701|priority:1], old=null, confs=<EMPTY_MAP>
2022-10-13 11:30:11,447 [pool-848-thread-1] INFO  server.RaftServerConfigKeys (ConfUtils.java:logGet(46)) - raft.server.storage.dir = [/home/runner/work/ozone/ozone/hadoop-ozone/integration-test/target/test-dir/MiniOzoneClusterImpl-cb6e840c-eeae-4d67-92af-d8558e489f02/datanode-2/data/ratis] (custom)
2022-10-13 11:30:11,448 [pool-848-thread-1] INFO  server.RaftServerConfigKeys (ConfUtils.java:logGet(46)) - raft.server.log.corruption.policy = EXCEPTION (default)
2022-10-13 11:30:11,448 [pool-848-thread-1] INFO  server.RaftServerConfigKeys (ConfUtils.java:logGet(46)) - raft.server.storage.free-space.min = 0MB (=0) (default)
2022-10-13 11:30:11,448 [pool-848-thread-1] INFO  storage.RaftStorageDirectory (RaftStorageDirectoryImpl.java:analyzeStorage(135)) - The storage directory /home/runner/work/ozone/ozone/hadoop-ozone/integration-test/target/test-dir/MiniOzoneClusterImpl-cb6e840c-eeae-4d67-92af-d8558e489f02/datanode-2/data/ratis/2209edb6-b404-4dcd-94a6-f6296274b165 does not exist. Creating ...
2022-10-13 11:30:11,448 [Listener at 127.0.0.1/41263] INFO  ozone.MiniOzoneClusterImpl (MiniOzoneClusterImpl.java:lambda$waitForClusterToBeReady$0(216)) - Nodes are ready. Got 3 of 3 DN Heartbeats.
2022-10-13 11:30:11,448 [Listener at 127.0.0.1/41263] INFO  ozone.MiniOzoneClusterImpl (MiniOzoneClusterImpl.java:lambda$waitForClusterToBeReady$0(219)) - Waiting for cluster to exit safe mode
2022-10-13 11:30:11,449 [Listener at 127.0.0.1/41263] INFO  ozone.MiniOzoneClusterImpl (MiniOzoneClusterImpl.java:lambda$waitForClusterToBeReady$0(221)) - SCM became leader
2022-10-13 11:30:11,450 [pool-848-thread-1] INFO  storage.RaftStorageDirectory (RaftStorageDirectoryImpl.java:tryLock(230)) - Lock on /home/runner/work/ozone/ozone/hadoop-ozone/integration-test/target/test-dir/MiniOzoneClusterImpl-cb6e840c-eeae-4d67-92af-d8558e489f02/datanode-2/data/ratis/2209edb6-b404-4dcd-94a6-f6296274b165/in_use.lock acquired by nodename 2264@fv-az447-90
2022-10-13 11:30:11,452 [pool-848-thread-1] INFO  storage.RaftStorage (RaftStorageImpl.java:format(89)) - Storage directory /home/runner/work/ozone/ozone/hadoop-ozone/integration-test/target/test-dir/MiniOzoneClusterImpl-cb6e840c-eeae-4d67-92af-d8558e489f02/datanode-2/data/ratis/2209edb6-b404-4dcd-94a6-f6296274b165 has been successfully formatted.
2022-10-13 11:30:11,452 [pool-848-thread-1] INFO  ratis.ContainerStateMachine (ContainerStateMachine.java:loadSnapshot(236)) - group-F6296274B165: The snapshot info is null. Setting the last applied indexto:(t:0, i:~)
2022-10-13 11:30:11,452 [pool-848-thread-1] INFO  server.RaftServerConfigKeys (ConfUtils.java:logGet(46)) - raft.server.notification.no-leader.timeout = 300s (custom)
2022-10-13 11:30:11,452 [pool-848-thread-1] INFO  server.RaftServerConfigKeys (ConfUtils.java:logGet(46)) - raft.server.log.use.memory = false (default)
2022-10-13 11:30:11,452 [pool-848-thread-1] INFO  server.RaftServerConfigKeys (ConfUtils.java:logGet(46)) - raft.server.log.purge.gap = 1000000 (custom)
2022-10-13 11:30:11,452 [pool-848-thread-1] INFO  server.RaftServerConfigKeys (ConfUtils.java:logGet(46)) - raft.server.log.appender.buffer.byte-limit = 33554432 (custom)
2022-10-13 11:30:11,452 [pool-848-thread-1] INFO  server.RaftServerConfigKeys (ConfUtils.java:logGet(46)) - raft.server.log.statemachine.data.read.timeout = 1000ms (default)
2022-10-13 11:30:11,453 [pool-848-thread-1] INFO  server.RaftServerConfigKeys (ConfUtils.java:logGet(46)) - raft.server.log.segment.size.max = 1048576 (custom)
2022-10-13 11:30:11,453 [pool-848-thread-1] INFO  server.RaftServerConfigKeys (ConfUtils.java:logGet(46)) - raft.server.log.segment.cache.num.max = 2 (custom)
2022-10-13 11:30:11,453 [pool-848-thread-1] INFO  server.RaftServerConfigKeys (ConfUtils.java:logGet(46)) - raft.server.log.segment.cache.size.max = 200MB (=209715200) (default)
2022-10-13 11:30:11,453 [pool-848-thread-1] INFO  segmented.SegmentedRaftLogWorker (SegmentedRaftLogWorker.java:<init>(187)) - new c6ba56ce-59ca-4e1a-8f34-5688e5c45b2f@group-F6296274B165-SegmentedRaftLogWorker for RaftStorageImpl:Storage Directory /home/runner/work/ozone/ozone/hadoop-ozone/integration-test/target/test-dir/MiniOzoneClusterImpl-cb6e840c-eeae-4d67-92af-d8558e489f02/datanode-2/data/ratis/2209edb6-b404-4dcd-94a6-f6296274b165
2022-10-13 11:30:11,453 [pool-848-thread-1] INFO  server.RaftServerConfigKeys (ConfUtils.java:logGet(46)) - raft.server.log.queue.byte-limit = 4294967296 (custom)
2022-10-13 11:30:11,454 [pool-848-thread-1] INFO  server.RaftServerConfigKeys (ConfUtils.java:logGet(46)) - raft.server.log.queue.element-limit = 1024 (custom)
2022-10-13 11:30:11,454 [pool-848-thread-1] INFO  server.RaftServerConfigKeys (ConfUtils.java:logGet(46)) - raft.server.log.segment.size.max = 1048576 (custom)
2022-10-13 11:30:11,454 [pool-848-thread-1] INFO  server.RaftServerConfigKeys (ConfUtils.java:logGet(46)) - raft.server.log.preallocated.size = 16384 (custom)
2022-10-13 11:30:11,454 [pool-848-thread-1] INFO  server.RaftServerConfigKeys (ConfUtils.java:logGet(46)) - raft.server.log.force.sync.num = 128 (default)
2022-10-13 11:30:11,454 [pool-848-thread-1] INFO  server.RaftServerConfigKeys (ConfUtils.java:logGet(46)) - raft.server.log.statemachine.data.sync = true (default)
2022-10-13 11:30:11,454 [pool-848-thread-1] INFO  server.RaftServerConfigKeys (ConfUtils.java:logGet(46)) - raft.server.log.statemachine.data.sync.timeout = 10s (default)
2022-10-13 11:30:11,454 [pool-848-thread-1] INFO  server.RaftServerConfigKeys (ConfUtils.java:logGet(46)) - raft.server.log.statemachine.data.sync.timeout.retry = -1 (default)
2022-10-13 11:30:11,454 [EventQueue-PipelineReportForPipelineReportHandler] INFO  pipeline.PipelineManagerImpl (PipelineManagerImpl.java:openPipeline(367)) - Pipeline Pipeline[ Id: 2209edb6-b404-4dcd-94a6-f6296274b165, Nodes: c6ba56ce-59ca-4e1a-8f34-5688e5c45b2f{ip: 10.1.0.139, host: fv-az447-90.tnmeiuxxsqeu3byeydcnbj0j5d.dx.internal.cloudapp.net, ports: [REPLICATION=40421, RATIS=40701, RATIS_ADMIN=40701, RATIS_SERVER=40701, STANDALONE=37415], networkLocation: /default-rack, certSerialId: null, persistedOpState: IN_SERVICE, persistedOpStateExpiryEpochSec: 0}, ReplicationConfig: RATIS/ONE, State:ALLOCATED, leaderId:c6ba56ce-59ca-4e1a-8f34-5688e5c45b2f, CreationTimestamp2022-10-13T11:30:08.450Z[Etc/UTC]] moved to OPEN state
2022-10-13 11:30:11,454 [EventQueue-OpenPipelineForHealthyPipelineSafeModeRule] INFO  safemode.SCMSafeModeManager (HealthyPipelineSafeModeRule.java:process(137)) - SCM in safe mode. Healthy pipelines reported count is 0, required healthy pipeline reported count is 1
2022-10-13 11:30:11,455 [pool-848-thread-1] INFO  server.RaftServerConfigKeys (ConfUtils.java:logGet(46)) - raft.server.log.write.buffer.size = 1048576 (custom)
2022-10-13 11:30:11,456 [pool-848-thread-1] INFO  server.RaftServerConfigKeys (ConfUtils.java:logGet(46)) - raft.server.log.unsafe-flush.enabled = false (default)
2022-10-13 11:30:11,456 [pool-848-thread-1] INFO  server.RaftServerConfigKeys (ConfUtils.java:logGet(46)) - raft.server.log.statemachine.data.caching.enabled = true (custom)
2022-10-13 11:30:11,456 [pool-848-thread-1] INFO  segmented.SegmentedRaftLogWorker (SegmentedRaftLogWorker.java:lambda$new$0(135)) - c6ba56ce-59ca-4e1a-8f34-5688e5c45b2f@group-F6296274B165-SegmentedRaftLogWorker: flushIndex: setUnconditionally 0 -> -1
2022-10-13 11:30:11,456 [pool-848-thread-1] INFO  segmented.SegmentedRaftLogWorker (SegmentedRaftLogWorker.java:lambda$new$0(135)) - c6ba56ce-59ca-4e1a-8f34-5688e5c45b2f@group-F6296274B165-SegmentedRaftLogWorker: safeCacheEvictIndex: setUnconditionally 0 -> -1
2022-10-13 11:30:11,456 [pool-848-thread-1] INFO  server.RaftServerConfigKeys (ConfUtils.java:logGet(46)) - raft.server.snapshot.auto.trigger.enabled = true (custom)
2022-10-13 11:30:11,456 [pool-848-thread-1] INFO  server.RaftServerConfigKeys (ConfUtils.java:logGet(46)) - raft.server.snapshot.auto.trigger.threshold = 10000 (custom)
2022-10-13 11:30:11,456 [pool-848-thread-1] INFO  server.RaftServerConfigKeys (ConfUtils.java:logGet(46)) - raft.server.snapshot.retention.file.num = 5 (custom)
2022-10-13 11:30:11,457 [pool-848-thread-1] INFO  server.RaftServerConfigKeys (ConfUtils.java:logGet(46)) - raft.server.log.purge.upto.snapshot.index = false (default)
2022-10-13 11:30:11,457 [pool-848-thread-1] INFO  server.RaftServerConfigKeys (ConfUtils.java:logGet(46)) - raft.server.retrycache.expirytime = 600000ms (custom)
2022-10-13 11:30:11,457 [pool-848-thread-1] INFO  server.RaftServerConfigKeys (ConfUtils.java:logGet(46)) - raft.server.retrycache.statistics.expirytime = 100μs (default)
2022-10-13 11:30:11,458 [pool-848-thread-1] INFO  server.RaftServerConfigKeys (ConfUtils.java:logGet(46)) - raft.server.log.appender.install.snapshot.enabled = false (custom)
2022-10-13 11:30:11,458 [pool-848-thread-1] INFO  server.RaftServerConfigKeys (ConfUtils.java:logGet(46)) - raft.server.threadpool.server.cached = true (default)
2022-10-13 11:30:11,458 [pool-848-thread-1] INFO  server.RaftServerConfigKeys (ConfUtils.java:logGet(46)) - raft.server.threadpool.server.size = 0 (default)
2022-10-13 11:30:11,458 [pool-848-thread-1] INFO  server.RaftServerConfigKeys (ConfUtils.java:logGet(46)) - raft.server.threadpool.client.cached = true (default)
2022-10-13 11:30:11,458 [pool-848-thread-1] INFO  server.RaftServerConfigKeys (ConfUtils.java:logGet(46)) - raft.server.threadpool.client.size = 0 (default)
2022-10-13 11:30:11,459 [pool-848-thread-1] INFO  server.RaftServer$Division (RaftServerImpl.java:start(310)) - c6ba56ce-59ca-4e1a-8f34-5688e5c45b2f@group-F6296274B165: start as a follower, conf=-1: [c6ba56ce-59ca-4e1a-8f34-5688e5c45b2f|rpc:10.1.0.139:40701|priority:1], old=null
2022-10-13 11:30:11,459 [pool-848-thread-1] INFO  server.RaftServer$Division (RaftServerImpl.java:setRole(299)) - c6ba56ce-59ca-4e1a-8f34-5688e5c45b2f@group-F6296274B165: changes role from      null to FOLLOWER at term 0 for startAsFollower
2022-10-13 11:30:11,459 [pool-848-thread-1] INFO  impl.RoleInfo (RoleInfo.java:updateAndGet(139)) - c6ba56ce-59ca-4e1a-8f34-5688e5c45b2f: start c6ba56ce-59ca-4e1a-8f34-5688e5c45b2f@group-F6296274B165-FollowerState
2022-10-13 11:30:11,459 [pool-848-thread-1] INFO  util.JmxRegister (JmxRegister.java:tryRegister(44)) - Successfully registered JMX Bean with object name Ratis:service=RaftServer,group=group-F6296274B165,id=c6ba56ce-59ca-4e1a-8f34-5688e5c45b2f
2022-10-13 11:30:11,460 [Command processor thread] INFO  ratis.XceiverServerRatis (XceiverServerRatis.java:addGroup(765)) - Created group PipelineID=2209edb6-b404-4dcd-94a6-f6296274b165
2022-10-13 11:30:11,460 [Command processor thread] INFO  commandhandler.CreatePipelineCommandHandler (CreatePipelineCommandHandler.java:handle(113)) - Created Pipeline RATIS ONE PipelineID=2209edb6-b404-4dcd-94a6-f6296274b165.
2022-10-13 11:30:12,449 [Listener at 127.0.0.1/41263] INFO  ozone.MiniOzoneClusterImpl (MiniOzoneClusterImpl.java:lambda$waitForClusterToBeReady$0(216)) - Nodes are ready. Got 3 of 3 DN Heartbeats.
2022-10-13 11:30:12,449 [Listener at 127.0.0.1/41263] INFO  ozone.MiniOzoneClusterImpl (MiniOzoneClusterImpl.java:lambda$waitForClusterToBeReady$0(219)) - Waiting for cluster to exit safe mode
2022-10-13 11:30:12,449 [Listener at 127.0.0.1/41263] INFO  ozone.MiniOzoneClusterImpl (MiniOzoneClusterImpl.java:lambda$waitForClusterToBeReady$0(221)) - SCM became leader
2022-10-13 11:30:13,450 [Listener at 127.0.0.1/41263] INFO  ozone.MiniOzoneClusterImpl (MiniOzoneClusterImpl.java:lambda$waitForClusterToBeReady$0(216)) - Nodes are ready. Got 3 of 3 DN Heartbeats.
2022-10-13 11:30:13,450 [Listener at 127.0.0.1/41263] INFO  ozone.MiniOzoneClusterImpl (MiniOzoneClusterImpl.java:lambda$waitForClusterToBeReady$0(219)) - Waiting for cluster to exit safe mode
2022-10-13 11:30:13,450 [Listener at 127.0.0.1/41263] INFO  ozone.MiniOzoneClusterImpl (MiniOzoneClusterImpl.java:lambda$waitForClusterToBeReady$0(221)) - SCM became leader
2022-10-13 11:30:14,450 [Listener at 127.0.0.1/41263] INFO  ozone.MiniOzoneClusterImpl (MiniOzoneClusterImpl.java:lambda$waitForClusterToBeReady$0(216)) - Nodes are ready. Got 3 of 3 DN Heartbeats.
2022-10-13 11:30:14,451 [Listener at 127.0.0.1/41263] INFO  ozone.MiniOzoneClusterImpl (MiniOzoneClusterImpl.java:lambda$waitForClusterToBeReady$0(219)) - Waiting for cluster to exit safe mode
2022-10-13 11:30:14,451 [Listener at 127.0.0.1/41263] INFO  ozone.MiniOzoneClusterImpl (MiniOzoneClusterImpl.java:lambda$waitForClusterToBeReady$0(221)) - SCM became leader
2022-10-13 11:30:15,451 [Listener at 127.0.0.1/41263] INFO  ozone.MiniOzoneClusterImpl (MiniOzoneClusterImpl.java:lambda$waitForClusterToBeReady$0(216)) - Nodes are ready. Got 3 of 3 DN Heartbeats.
2022-10-13 11:30:15,451 [Listener at 127.0.0.1/41263] INFO  ozone.MiniOzoneClusterImpl (MiniOzoneClusterImpl.java:lambda$waitForClusterToBeReady$0(219)) - Waiting for cluster to exit safe mode
2022-10-13 11:30:15,452 [Listener at 127.0.0.1/41263] INFO  ozone.MiniOzoneClusterImpl (MiniOzoneClusterImpl.java:lambda$waitForClusterToBeReady$0(221)) - SCM became leader
2022-10-13 11:30:15,880 [712be322-34b1-4d33-aaf2-76c2c9935d67@group-8A27E13A4FE7-FollowerState] INFO  impl.FollowerState (FollowerState.java:run(143)) - 712be322-34b1-4d33-aaf2-76c2c9935d67@group-8A27E13A4FE7-FollowerState: change to CANDIDATE, lastRpcElapsedTime:5028561557ns, electionTimeout:5026ms
2022-10-13 11:30:15,880 [712be322-34b1-4d33-aaf2-76c2c9935d67@group-8A27E13A4FE7-FollowerState] INFO  impl.RoleInfo (RoleInfo.java:shutdownFollowerState(110)) - 712be322-34b1-4d33-aaf2-76c2c9935d67: shutdown 712be322-34b1-4d33-aaf2-76c2c9935d67@group-8A27E13A4FE7-FollowerState
2022-10-13 11:30:15,880 [712be322-34b1-4d33-aaf2-76c2c9935d67@group-8A27E13A4FE7-FollowerState] INFO  server.RaftServer$Division (RaftServerImpl.java:setRole(299)) - 712be322-34b1-4d33-aaf2-76c2c9935d67@group-8A27E13A4FE7: changes role from  FOLLOWER to CANDIDATE at term 0 for changeToCandidate
2022-10-13 11:30:15,880 [712be322-34b1-4d33-aaf2-76c2c9935d67@group-8A27E13A4FE7-FollowerState] INFO  server.RaftServerConfigKeys (ConfUtils.java:logGet(46)) - raft.server.leaderelection.pre-vote = false (custom)
2022-10-13 11:30:15,880 [712be322-34b1-4d33-aaf2-76c2c9935d67@group-8A27E13A4FE7-FollowerState] INFO  impl.RoleInfo (RoleInfo.java:updateAndGet(139)) - 712be322-34b1-4d33-aaf2-76c2c9935d67: start 712be322-34b1-4d33-aaf2-76c2c9935d67@group-8A27E13A4FE7-LeaderElection43
2022-10-13 11:30:15,881 [3085d457-a103-493c-b4e9-901a54e38ac8@group-8A27E13A4FE7-FollowerState] INFO  impl.FollowerState (FollowerState.java:run(143)) - 3085d457-a103-493c-b4e9-901a54e38ac8@group-8A27E13A4FE7-FollowerState: change to CANDIDATE, lastRpcElapsedTime:5003894486ns, electionTimeout:5003ms
2022-10-13 11:30:15,882 [3085d457-a103-493c-b4e9-901a54e38ac8@group-8A27E13A4FE7-FollowerState] INFO  impl.RoleInfo (RoleInfo.java:shutdownFollowerState(110)) - 3085d457-a103-493c-b4e9-901a54e38ac8: shutdown 3085d457-a103-493c-b4e9-901a54e38ac8@group-8A27E13A4FE7-FollowerState
2022-10-13 11:30:15,883 [3085d457-a103-493c-b4e9-901a54e38ac8@group-8A27E13A4FE7-FollowerState] INFO  server.RaftServer$Division (RaftServerImpl.java:setRole(299)) - 3085d457-a103-493c-b4e9-901a54e38ac8@group-8A27E13A4FE7: changes role from  FOLLOWER to CANDIDATE at term 0 for changeToCandidate
2022-10-13 11:30:15,883 [3085d457-a103-493c-b4e9-901a54e38ac8@group-8A27E13A4FE7-FollowerState] INFO  server.RaftServerConfigKeys (ConfUtils.java:logGet(46)) - raft.server.leaderelection.pre-vote = false (custom)
2022-10-13 11:30:15,883 [3085d457-a103-493c-b4e9-901a54e38ac8@group-8A27E13A4FE7-FollowerState] INFO  impl.RoleInfo (RoleInfo.java:updateAndGet(139)) - 3085d457-a103-493c-b4e9-901a54e38ac8: start 3085d457-a103-493c-b4e9-901a54e38ac8@group-8A27E13A4FE7-LeaderElection44
2022-10-13 11:30:15,885 [712be322-34b1-4d33-aaf2-76c2c9935d67@group-8A27E13A4FE7-LeaderElection43] INFO  impl.LeaderElection (LeaderElection.java:askForVotes(310)) - 712be322-34b1-4d33-aaf2-76c2c9935d67@group-8A27E13A4FE7-LeaderElection43 ELECTION round 0: submit vote requests at term 1 for -1: [3085d457-a103-493c-b4e9-901a54e38ac8|rpc:10.1.0.139:35861|priority:0, 712be322-34b1-4d33-aaf2-76c2c9935d67|rpc:10.1.0.139:46709|priority:0, c6ba56ce-59ca-4e1a-8f34-5688e5c45b2f|rpc:10.1.0.139:40701|priority:1], old=null
2022-10-13 11:30:15,887 [3085d457-a103-493c-b4e9-901a54e38ac8@group-8A27E13A4FE7-LeaderElection44] INFO  impl.LeaderElection (LeaderElection.java:askForVotes(310)) - 3085d457-a103-493c-b4e9-901a54e38ac8@group-8A27E13A4FE7-LeaderElection44 ELECTION round 0: submit vote requests at term 1 for -1: [3085d457-a103-493c-b4e9-901a54e38ac8|rpc:10.1.0.139:35861|dataStream:|priority:0, 712be322-34b1-4d33-aaf2-76c2c9935d67|rpc:10.1.0.139:46709|dataStream:|priority:0, c6ba56ce-59ca-4e1a-8f34-5688e5c45b2f|rpc:10.1.0.139:40701|dataStream:|priority:1], old=null
2022-10-13 11:30:15,903 [grpc-default-executor-0] INFO  server.RaftServer$Division (RaftServerImpl.java:requestVote(1152)) - 3085d457-a103-493c-b4e9-901a54e38ac8@group-8A27E13A4FE7: receive requestVote(ELECTION, 712be322-34b1-4d33-aaf2-76c2c9935d67, group-8A27E13A4FE7, 1, (t:0, i:0))
2022-10-13 11:30:15,903 [grpc-default-executor-0] INFO  impl.VoteContext (VoteContext.java:log(48)) - 3085d457-a103-493c-b4e9-901a54e38ac8@group-8A27E13A4FE7-CANDIDATE: reject ELECTION from 712be322-34b1-4d33-aaf2-76c2c9935d67: already has voted for 3085d457-a103-493c-b4e9-901a54e38ac8 at current term 1
2022-10-13 11:30:15,903 [grpc-default-executor-0] INFO  server.RaftServer$Division (RaftServerImpl.java:requestVote(1184)) - 3085d457-a103-493c-b4e9-901a54e38ac8@group-8A27E13A4FE7 replies to ELECTION vote request: 712be322-34b1-4d33-aaf2-76c2c9935d67<-3085d457-a103-493c-b4e9-901a54e38ac8#0:FAIL-t1. Peer's state: 3085d457-a103-493c-b4e9-901a54e38ac8@group-8A27E13A4FE7:t1, leader=null, voted=3085d457-a103-493c-b4e9-901a54e38ac8, raftlog=3085d457-a103-493c-b4e9-901a54e38ac8@group-8A27E13A4FE7-SegmentedRaftLog:OPENED:c-1, conf=-1: [3085d457-a103-493c-b4e9-901a54e38ac8|rpc:10.1.0.139:35861|dataStream:|priority:0, 712be322-34b1-4d33-aaf2-76c2c9935d67|rpc:10.1.0.139:46709|dataStream:|priority:0, c6ba56ce-59ca-4e1a-8f34-5688e5c45b2f|rpc:10.1.0.139:40701|dataStream:|priority:1], old=null
2022-10-13 11:30:15,910 [grpc-default-executor-0] INFO  server.RaftServer$Division (RaftServerImpl.java:requestVote(1152)) - c6ba56ce-59ca-4e1a-8f34-5688e5c45b2f@group-8A27E13A4FE7: receive requestVote(ELECTION, 3085d457-a103-493c-b4e9-901a54e38ac8, group-8A27E13A4FE7, 1, (t:0, i:0))
2022-10-13 11:30:15,910 [grpc-default-executor-0] INFO  impl.VoteContext (VoteContext.java:log(48)) - c6ba56ce-59ca-4e1a-8f34-5688e5c45b2f@group-8A27E13A4FE7-FOLLOWER: reject ELECTION from 3085d457-a103-493c-b4e9-901a54e38ac8: our priority 1 > candidate's priority 0
2022-10-13 11:30:15,910 [grpc-default-executor-0] INFO  server.RaftServer$Division (RaftServerImpl.java:setRole(299)) - c6ba56ce-59ca-4e1a-8f34-5688e5c45b2f@group-8A27E13A4FE7: changes role from  FOLLOWER to FOLLOWER at term 1 for candidate:3085d457-a103-493c-b4e9-901a54e38ac8
2022-10-13 11:30:15,910 [grpc-default-executor-0] INFO  impl.RoleInfo (RoleInfo.java:shutdownFollowerState(110)) - c6ba56ce-59ca-4e1a-8f34-5688e5c45b2f: shutdown c6ba56ce-59ca-4e1a-8f34-5688e5c45b2f@group-8A27E13A4FE7-FollowerState
2022-10-13 11:30:15,910 [grpc-default-executor-0] INFO  impl.RoleInfo (RoleInfo.java:updateAndGet(139)) - c6ba56ce-59ca-4e1a-8f34-5688e5c45b2f: start c6ba56ce-59ca-4e1a-8f34-5688e5c45b2f@group-8A27E13A4FE7-FollowerState
2022-10-13 11:30:15,910 [c6ba56ce-59ca-4e1a-8f34-5688e5c45b2f@group-8A27E13A4FE7-FollowerState] INFO  impl.FollowerState (FollowerState.java:run(152)) - c6ba56ce-59ca-4e1a-8f34-5688e5c45b2f@group-8A27E13A4FE7-FollowerState was interrupted
2022-10-13 11:30:15,912 [grpc-default-executor-0] INFO  server.RaftServer$Division (RaftServerImpl.java:requestVote(1184)) - c6ba56ce-59ca-4e1a-8f34-5688e5c45b2f@group-8A27E13A4FE7 replies to ELECTION vote request: 3085d457-a103-493c-b4e9-901a54e38ac8<-c6ba56ce-59ca-4e1a-8f34-5688e5c45b2f#0:FAIL-t1. Peer's state: c6ba56ce-59ca-4e1a-8f34-5688e5c45b2f@group-8A27E13A4FE7:t1, leader=null, voted=null, raftlog=c6ba56ce-59ca-4e1a-8f34-5688e5c45b2f@group-8A27E13A4FE7-SegmentedRaftLog:OPENED:c-1, conf=-1: [3085d457-a103-493c-b4e9-901a54e38ac8|rpc:10.1.0.139:35861|dataStream:|priority:0, 712be322-34b1-4d33-aaf2-76c2c9935d67|rpc:10.1.0.139:46709|dataStream:|priority:0, c6ba56ce-59ca-4e1a-8f34-5688e5c45b2f|rpc:10.1.0.139:40701|dataStream:|priority:1], old=null
2022-10-13 11:30:15,914 [grpc-default-executor-1] INFO  server.RaftServer$Division (RaftServerImpl.java:requestVote(1152)) - c6ba56ce-59ca-4e1a-8f34-5688e5c45b2f@group-8A27E13A4FE7: receive requestVote(ELECTION, 712be322-34b1-4d33-aaf2-76c2c9935d67, group-8A27E13A4FE7, 1, (t:0, i:0))
2022-10-13 11:30:15,915 [3085d457-a103-493c-b4e9-901a54e38ac8@group-8A27E13A4FE7-LeaderElection44] INFO  impl.LeaderElection (LeaderElection.java:logAndReturn(90)) - 3085d457-a103-493c-b4e9-901a54e38ac8@group-8A27E13A4FE7-LeaderElection44: ELECTION REJECTED received 1 response(s) and 0 exception(s):
2022-10-13 11:30:15,916 [3085d457-a103-493c-b4e9-901a54e38ac8@group-8A27E13A4FE7-LeaderElection44] INFO  impl.LeaderElection (LeaderElection.java:logAndReturn(94)) -   Response 0: 3085d457-a103-493c-b4e9-901a54e38ac8<-c6ba56ce-59ca-4e1a-8f34-5688e5c45b2f#0:FAIL-t1
2022-10-13 11:30:15,915 [grpc-default-executor-1] INFO  impl.VoteContext (VoteContext.java:log(48)) - c6ba56ce-59ca-4e1a-8f34-5688e5c45b2f@group-8A27E13A4FE7-FOLLOWER: reject ELECTION from 712be322-34b1-4d33-aaf2-76c2c9935d67: our priority 1 > candidate's priority 0
2022-10-13 11:30:15,916 [grpc-default-executor-1] INFO  server.RaftServer$Division (RaftServerImpl.java:setRole(299)) - c6ba56ce-59ca-4e1a-8f34-5688e5c45b2f@group-8A27E13A4FE7: changes role from  FOLLOWER to FOLLOWER at term 1 for candidate:712be322-34b1-4d33-aaf2-76c2c9935d67
2022-10-13 11:30:15,916 [grpc-default-executor-1] INFO  impl.RoleInfo (RoleInfo.java:shutdownFollowerState(110)) - c6ba56ce-59ca-4e1a-8f34-5688e5c45b2f: shutdown c6ba56ce-59ca-4e1a-8f34-5688e5c45b2f@group-8A27E13A4FE7-FollowerState
2022-10-13 11:30:15,917 [grpc-default-executor-1] INFO  impl.RoleInfo (RoleInfo.java:updateAndGet(139)) - c6ba56ce-59ca-4e1a-8f34-5688e5c45b2f: start c6ba56ce-59ca-4e1a-8f34-5688e5c45b2f@group-8A27E13A4FE7-FollowerState
2022-10-13 11:30:15,915 [712be322-34b1-4d33-aaf2-76c2c9935d67@group-3C52668F3149-FollowerState] INFO  impl.FollowerState (FollowerState.java:run(143)) - 712be322-34b1-4d33-aaf2-76c2c9935d67@group-3C52668F3149-FollowerState: change to CANDIDATE, lastRpcElapsedTime:5079389303ns, electionTimeout:5079ms
2022-10-13 11:30:15,917 [c6ba56ce-59ca-4e1a-8f34-5688e5c45b2f@group-8A27E13A4FE7-FollowerState] INFO  impl.FollowerState (FollowerState.java:run(152)) - c6ba56ce-59ca-4e1a-8f34-5688e5c45b2f@group-8A27E13A4FE7-FollowerState was interrupted
2022-10-13 11:30:15,916 [3085d457-a103-493c-b4e9-901a54e38ac8@group-8A27E13A4FE7-LeaderElection44] INFO  impl.LeaderElection (LeaderElection.java:askForVotes(312)) - 3085d457-a103-493c-b4e9-901a54e38ac8@group-8A27E13A4FE7-LeaderElection44 ELECTION round 0: result REJECTED
2022-10-13 11:30:15,917 [3085d457-a103-493c-b4e9-901a54e38ac8@group-8A27E13A4FE7-LeaderElection44] INFO  server.RaftServer$Division (RaftServerImpl.java:setRole(299)) - 3085d457-a103-493c-b4e9-901a54e38ac8@group-8A27E13A4FE7: changes role from CANDIDATE to FOLLOWER at term 1 for REJECTED
2022-10-13 11:30:15,917 [712be322-34b1-4d33-aaf2-76c2c9935d67@group-3C52668F3149-FollowerState] INFO  impl.RoleInfo (RoleInfo.java:shutdownFollowerState(110)) - 712be322-34b1-4d33-aaf2-76c2c9935d67: shutdown 712be322-34b1-4d33-aaf2-76c2c9935d67@group-3C52668F3149-FollowerState
2022-10-13 11:30:15,917 [3085d457-a103-493c-b4e9-901a54e38ac8@group-8A27E13A4FE7-LeaderElection44] INFO  impl.RoleInfo (RoleInfo.java:shutdownLeaderElection(130)) - 3085d457-a103-493c-b4e9-901a54e38ac8: shutdown 3085d457-a103-493c-b4e9-901a54e38ac8@group-8A27E13A4FE7-LeaderElection44
2022-10-13 11:30:15,917 [712be322-34b1-4d33-aaf2-76c2c9935d67@group-3C52668F3149-FollowerState] INFO  server.RaftServer$Division (RaftServerImpl.java:setRole(299)) - 712be322-34b1-4d33-aaf2-76c2c9935d67@group-3C52668F3149: changes role from  FOLLOWER to CANDIDATE at term 0 for changeToCandidate
2022-10-13 11:30:15,918 [grpc-default-executor-1] INFO  server.RaftServer$Division (RaftServerImpl.java:requestVote(1184)) - c6ba56ce-59ca-4e1a-8f34-5688e5c45b2f@group-8A27E13A4FE7 replies to ELECTION vote request: 712be322-34b1-4d33-aaf2-76c2c9935d67<-c6ba56ce-59ca-4e1a-8f34-5688e5c45b2f#0:FAIL-t1. Peer's state: c6ba56ce-59ca-4e1a-8f34-5688e5c45b2f@group-8A27E13A4FE7:t1, leader=null, voted=null, raftlog=c6ba56ce-59ca-4e1a-8f34-5688e5c45b2f@group-8A27E13A4FE7-SegmentedRaftLog:OPENED:c-1, conf=-1: [3085d457-a103-493c-b4e9-901a54e38ac8|rpc:10.1.0.139:35861|dataStream:|priority:0, 712be322-34b1-4d33-aaf2-76c2c9935d67|rpc:10.1.0.139:46709|dataStream:|priority:0, c6ba56ce-59ca-4e1a-8f34-5688e5c45b2f|rpc:10.1.0.139:40701|dataStream:|priority:1], old=null
2022-10-13 11:30:15,925 [712be322-34b1-4d33-aaf2-76c2c9935d67@group-8A27E13A4FE7-LeaderElection43] INFO  impl.LeaderElection (LeaderElection.java:logAndReturn(90)) - 712be322-34b1-4d33-aaf2-76c2c9935d67@group-8A27E13A4FE7-LeaderElection43: ELECTION REJECTED received 2 response(s) and 0 exception(s):
2022-10-13 11:30:15,925 [712be322-34b1-4d33-aaf2-76c2c9935d67@group-8A27E13A4FE7-LeaderElection43] INFO  impl.LeaderElection (LeaderElection.java:logAndReturn(94)) -   Response 0: 712be322-34b1-4d33-aaf2-76c2c9935d67<-3085d457-a103-493c-b4e9-901a54e38ac8#0:FAIL-t1
2022-10-13 11:30:15,925 [712be322-34b1-4d33-aaf2-76c2c9935d67@group-8A27E13A4FE7-LeaderElection43] INFO  impl.LeaderElection (LeaderElection.java:logAndReturn(94)) -   Response 1: 712be322-34b1-4d33-aaf2-76c2c9935d67<-c6ba56ce-59ca-4e1a-8f34-5688e5c45b2f#0:FAIL-t1
2022-10-13 11:30:15,926 [712be322-34b1-4d33-aaf2-76c2c9935d67@group-8A27E13A4FE7-LeaderElection43] INFO  impl.LeaderElection (LeaderElection.java:askForVotes(312)) - 712be322-34b1-4d33-aaf2-76c2c9935d67@group-8A27E13A4FE7-LeaderElection43 ELECTION round 0: result REJECTED
2022-10-13 11:30:15,926 [712be322-34b1-4d33-aaf2-76c2c9935d67@group-8A27E13A4FE7-LeaderElection43] INFO  server.RaftServer$Division (RaftServerImpl.java:setRole(299)) - 712be322-34b1-4d33-aaf2-76c2c9935d67@group-8A27E13A4FE7: changes role from CANDIDATE to FOLLOWER at term 1 for REJECTED
2022-10-13 11:30:15,926 [712be322-34b1-4d33-aaf2-76c2c9935d67@group-8A27E13A4FE7-LeaderElection43] INFO  impl.RoleInfo (RoleInfo.java:shutdownLeaderElection(130)) - 712be322-34b1-4d33-aaf2-76c2c9935d67: shutdown 712be322-34b1-4d33-aaf2-76c2c9935d67@group-8A27E13A4FE7-LeaderElection43
2022-10-13 11:30:15,926 [712be322-34b1-4d33-aaf2-76c2c9935d67@group-8A27E13A4FE7-LeaderElection43] INFO  impl.RoleInfo (RoleInfo.java:updateAndGet(139)) - 712be322-34b1-4d33-aaf2-76c2c9935d67: start 712be322-34b1-4d33-aaf2-76c2c9935d67@group-8A27E13A4FE7-FollowerState
2022-10-13 11:30:15,927 [grpc-default-executor-2] INFO  server.RaftServer$Division (RaftServerImpl.java:requestVote(1152)) - 712be322-34b1-4d33-aaf2-76c2c9935d67@group-8A27E13A4FE7: receive requestVote(ELECTION, 3085d457-a103-493c-b4e9-901a54e38ac8, group-8A27E13A4FE7, 1, (t:0, i:0))
2022-10-13 11:30:15,927 [3085d457-a103-493c-b4e9-901a54e38ac8@group-8A27E13A4FE7-LeaderElection44] INFO  impl.RoleInfo (RoleInfo.java:updateAndGet(139)) - 3085d457-a103-493c-b4e9-901a54e38ac8: start 3085d457-a103-493c-b4e9-901a54e38ac8@group-8A27E13A4FE7-FollowerState
2022-10-13 11:30:15,927 [712be322-34b1-4d33-aaf2-76c2c9935d67@group-3C52668F3149-FollowerState] INFO  server.RaftServerConfigKeys (ConfUtils.java:logGet(46)) - raft.server.leaderelection.pre-vote = false (custom)
2022-10-13 11:30:15,927 [712be322-34b1-4d33-aaf2-76c2c9935d67@group-3C52668F3149-FollowerState] INFO  impl.RoleInfo (RoleInfo.java:updateAndGet(139)) - 712be322-34b1-4d33-aaf2-76c2c9935d67: start 712be322-34b1-4d33-aaf2-76c2c9935d67@group-3C52668F3149-LeaderElection45
2022-10-13 11:30:15,929 [grpc-default-executor-2] INFO  impl.VoteContext (VoteContext.java:log(48)) - 712be322-34b1-4d33-aaf2-76c2c9935d67@group-8A27E13A4FE7-FOLLOWER: reject ELECTION from 3085d457-a103-493c-b4e9-901a54e38ac8: already has voted for 712be322-34b1-4d33-aaf2-76c2c9935d67 at current term 1
2022-10-13 11:30:15,930 [grpc-default-executor-2] INFO  server.RaftServer$Division (RaftServerImpl.java:requestVote(1184)) - 712be322-34b1-4d33-aaf2-76c2c9935d67@group-8A27E13A4FE7 replies to ELECTION vote request: 3085d457-a103-493c-b4e9-901a54e38ac8<-712be322-34b1-4d33-aaf2-76c2c9935d67#0:FAIL-t1. Peer's state: 712be322-34b1-4d33-aaf2-76c2c9935d67@group-8A27E13A4FE7:t1, leader=null, voted=712be322-34b1-4d33-aaf2-76c2c9935d67, raftlog=712be322-34b1-4d33-aaf2-76c2c9935d67@group-8A27E13A4FE7-SegmentedRaftLog:OPENED:c-1, conf=-1: [3085d457-a103-493c-b4e9-901a54e38ac8|rpc:10.1.0.139:35861|priority:0, 712be322-34b1-4d33-aaf2-76c2c9935d67|rpc:10.1.0.139:46709|priority:0, c6ba56ce-59ca-4e1a-8f34-5688e5c45b2f|rpc:10.1.0.139:40701|priority:1], old=null
2022-10-13 11:30:15,932 [712be322-34b1-4d33-aaf2-76c2c9935d67@group-3C52668F3149-LeaderElection45] INFO  impl.LeaderElection (LeaderElection.java:askForVotes(310)) - 712be322-34b1-4d33-aaf2-76c2c9935d67@group-3C52668F3149-LeaderElection45 ELECTION round 0: submit vote requests at term 1 for -1: [712be322-34b1-4d33-aaf2-76c2c9935d67|rpc:10.1.0.139:46709|priority:1], old=null
2022-10-13 11:30:15,932 [712be322-34b1-4d33-aaf2-76c2c9935d67@group-3C52668F3149-LeaderElection45] INFO  impl.LeaderElection (LeaderElection.java:askForVotes(312)) - 712be322-34b1-4d33-aaf2-76c2c9935d67@group-3C52668F3149-LeaderElection45 ELECTION round 0: result PASSED (term=1)
2022-10-13 11:30:15,932 [712be322-34b1-4d33-aaf2-76c2c9935d67@group-3C52668F3149-LeaderElection45] INFO  impl.RoleInfo (RoleInfo.java:shutdownLeaderElection(130)) - 712be322-34b1-4d33-aaf2-76c2c9935d67: shutdown 712be322-34b1-4d33-aaf2-76c2c9935d67@group-3C52668F3149-LeaderElection45
2022-10-13 11:30:15,932 [712be322-34b1-4d33-aaf2-76c2c9935d67@group-3C52668F3149-LeaderElection45] INFO  server.RaftServer$Division (RaftServerImpl.java:setRole(299)) - 712be322-34b1-4d33-aaf2-76c2c9935d67@group-3C52668F3149: changes role from CANDIDATE to LEADER at term 1 for changeToLeader
2022-10-13 11:30:15,932 [712be322-34b1-4d33-aaf2-76c2c9935d67@group-3C52668F3149-LeaderElection45] INFO  ratis.XceiverServerRatis (XceiverServerRatis.java:handleLeaderChangedNotification(863)) - Leader change notification received for group: group-3C52668F3149 with new leaderId: 712be322-34b1-4d33-aaf2-76c2c9935d67
2022-10-13 11:30:15,932 [712be322-34b1-4d33-aaf2-76c2c9935d67@group-3C52668F3149-LeaderElection45] INFO  server.RaftServer$Division (ServerState.java:setLeader(287)) - 712be322-34b1-4d33-aaf2-76c2c9935d67@group-3C52668F3149: change Leader from null to 712be322-34b1-4d33-aaf2-76c2c9935d67 at term 1 for becomeLeader, leader elected after 5106ms
2022-10-13 11:30:15,932 [712be322-34b1-4d33-aaf2-76c2c9935d67@group-3C52668F3149-LeaderElection45] INFO  server.RaftServerConfigKeys (ConfUtils.java:logGet(46)) - raft.server.staging.catchup.gap = 1000 (default)
2022-10-13 11:30:15,933 [712be322-34b1-4d33-aaf2-76c2c9935d67@group-3C52668F3149-LeaderElection45] INFO  server.RaftServerConfigKeys (ConfUtils.java:logGet(46)) - raft.server.write.element-limit = 1024 (custom)
2022-10-13 11:30:15,933 [712be322-34b1-4d33-aaf2-76c2c9935d67@group-3C52668F3149-LeaderElection45] INFO  server.RaftServerConfigKeys (ConfUtils.java:logGet(46)) - raft.server.write.byte-limit = 1024 M (=1073741824) (custom)
2022-10-13 11:30:15,933 [EventQueue-OpenPipelineForHealthyPipelineSafeModeRule] INFO  safemode.SCMSafeModeManager (HealthyPipelineSafeModeRule.java:process(137)) - SCM in safe mode. Healthy pipelines reported count is 0, required healthy pipeline reported count is 1
2022-10-13 11:30:15,934 [712be322-34b1-4d33-aaf2-76c2c9935d67@group-3C52668F3149-LeaderElection45] INFO  server.RaftServerConfigKeys (ConfUtils.java:logGet(46)) - raft.server.watch.timeout = 180s (custom)
2022-10-13 11:30:15,934 [712be322-34b1-4d33-aaf2-76c2c9935d67@group-3C52668F3149-LeaderElection45] INFO  server.RaftServerConfigKeys (ConfUtils.java:logGet(46)) - raft.server.watch.timeout.denomination = 1s (default)
2022-10-13 11:30:15,934 [712be322-34b1-4d33-aaf2-76c2c9935d67@group-3C52668F3149-LeaderElection45] INFO  server.RaftServerConfigKeys (ConfUtils.java:logGet(46)) - raft.server.watch.element-limit = 65536 (default)
2022-10-13 11:30:15,934 [712be322-34b1-4d33-aaf2-76c2c9935d67@group-3C52668F3149-LeaderElection45] INFO  server.RaftServerConfigKeys (ConfUtils.java:logGet(46)) - raft.server.write.element-limit = 1024 (custom)
2022-10-13 11:30:15,934 [712be322-34b1-4d33-aaf2-76c2c9935d67@group-3C52668F3149-LeaderElection45] INFO  server.RaftServerConfigKeys (ConfUtils.java:logGet(46)) - raft.server.write.follower.gap.ratio.max = -1.0 (default)
2022-10-13 11:30:15,934 [712be322-34b1-4d33-aaf2-76c2c9935d67@group-3C52668F3149-LeaderElection45] INFO  impl.RoleInfo (RoleInfo.java:updateAndGet(139)) - 712be322-34b1-4d33-aaf2-76c2c9935d67: start 712be322-34b1-4d33-aaf2-76c2c9935d67@group-3C52668F3149-LeaderStateImpl
2022-10-13 11:30:15,934 [712be322-34b1-4d33-aaf2-76c2c9935d67@group-3C52668F3149-LeaderElection45] INFO  segmented.SegmentedRaftLogWorker (SegmentedRaftLogWorker.java:startLogSegment(425)) - 712be322-34b1-4d33-aaf2-76c2c9935d67@group-3C52668F3149-SegmentedRaftLogWorker: Starting segment from index:0
2022-10-13 11:30:15,936 [712be322-34b1-4d33-aaf2-76c2c9935d67@group-3C52668F3149-LeaderElection45] INFO  server.RaftServer$Division (ServerState.java:setRaftConf(393)) - 712be322-34b1-4d33-aaf2-76c2c9935d67@group-3C52668F3149: set configuration 0: [712be322-34b1-4d33-aaf2-76c2c9935d67|rpc:10.1.0.139:46709|dataStream:|priority:1], old=null
2022-10-13 11:30:15,936 [712be322-34b1-4d33-aaf2-76c2c9935d67@group-3C52668F3149-SegmentedRaftLogWorker] INFO  segmented.SegmentedRaftLogWorker (SegmentedRaftLogWorker.java:execute(629)) - 712be322-34b1-4d33-aaf2-76c2c9935d67@group-3C52668F3149-SegmentedRaftLogWorker: created new log segment /home/runner/work/ozone/ozone/hadoop-ozone/integration-test/target/test-dir/MiniOzoneClusterImpl-cb6e840c-eeae-4d67-92af-d8558e489f02/datanode-0/data/ratis/18fd7870-85f0-4f1b-8b11-3c52668f3149/current/log_inprogress_0
2022-10-13 11:30:16,029 [712be322-34b1-4d33-aaf2-76c2c9935d67@group-F61DE661D2F1-FollowerState] INFO  impl.FollowerState (FollowerState.java:run(143)) - 712be322-34b1-4d33-aaf2-76c2c9935d67@group-F61DE661D2F1-FollowerState: change to CANDIDATE, lastRpcElapsedTime:5070353377ns, electionTimeout:5070ms
2022-10-13 11:30:16,029 [712be322-34b1-4d33-aaf2-76c2c9935d67@group-F61DE661D2F1-FollowerState] INFO  impl.RoleInfo (RoleInfo.java:shutdownFollowerState(110)) - 712be322-34b1-4d33-aaf2-76c2c9935d67: shutdown 712be322-34b1-4d33-aaf2-76c2c9935d67@group-F61DE661D2F1-FollowerState
2022-10-13 11:30:16,029 [712be322-34b1-4d33-aaf2-76c2c9935d67@group-F61DE661D2F1-FollowerState] INFO  server.RaftServer$Division (RaftServerImpl.java:setRole(299)) - 712be322-34b1-4d33-aaf2-76c2c9935d67@group-F61DE661D2F1: changes role from  FOLLOWER to CANDIDATE at term 0 for changeToCandidate
2022-10-13 11:30:16,029 [712be322-34b1-4d33-aaf2-76c2c9935d67@group-F61DE661D2F1-FollowerState] INFO  server.RaftServerConfigKeys (ConfUtils.java:logGet(46)) - raft.server.leaderelection.pre-vote = false (custom)
2022-10-13 11:30:16,029 [712be322-34b1-4d33-aaf2-76c2c9935d67@group-F61DE661D2F1-FollowerState] INFO  impl.RoleInfo (RoleInfo.java:updateAndGet(139)) - 712be322-34b1-4d33-aaf2-76c2c9935d67: start 712be322-34b1-4d33-aaf2-76c2c9935d67@group-F61DE661D2F1-LeaderElection46
2022-10-13 11:30:16,032 [712be322-34b1-4d33-aaf2-76c2c9935d67@group-F61DE661D2F1-LeaderElection46] INFO  impl.LeaderElection (LeaderElection.java:askForVotes(310)) - 712be322-34b1-4d33-aaf2-76c2c9935d67@group-F61DE661D2F1-LeaderElection46 ELECTION round 0: submit vote requests at term 1 for -1: [712be322-34b1-4d33-aaf2-76c2c9935d67|rpc:10.1.0.139:46709|priority:0, 3085d457-a103-493c-b4e9-901a54e38ac8|rpc:10.1.0.139:35861|priority:1, c6ba56ce-59ca-4e1a-8f34-5688e5c45b2f|rpc:10.1.0.139:40701|priority:0], old=null
2022-10-13 11:30:16,038 [grpc-default-executor-2] INFO  server.RaftServer$Division (RaftServerImpl.java:requestVote(1152)) - 3085d457-a103-493c-b4e9-901a54e38ac8@group-F61DE661D2F1: receive requestVote(ELECTION, 712be322-34b1-4d33-aaf2-76c2c9935d67, group-F61DE661D2F1, 1, (t:0, i:0))
2022-10-13 11:30:16,038 [grpc-default-executor-2] INFO  impl.VoteContext (VoteContext.java:log(48)) - 3085d457-a103-493c-b4e9-901a54e38ac8@group-F61DE661D2F1-FOLLOWER: reject ELECTION from 712be322-34b1-4d33-aaf2-76c2c9935d67: our priority 1 > candidate's priority 0
2022-10-13 11:30:16,038 [grpc-default-executor-2] INFO  server.RaftServer$Division (RaftServerImpl.java:setRole(299)) - 3085d457-a103-493c-b4e9-901a54e38ac8@group-F61DE661D2F1: changes role from  FOLLOWER to FOLLOWER at term 1 for candidate:712be322-34b1-4d33-aaf2-76c2c9935d67
2022-10-13 11:30:16,038 [grpc-default-executor-2] INFO  impl.RoleInfo (RoleInfo.java:shutdownFollowerState(110)) - 3085d457-a103-493c-b4e9-901a54e38ac8: shutdown 3085d457-a103-493c-b4e9-901a54e38ac8@group-F61DE661D2F1-FollowerState
2022-10-13 11:30:16,038 [grpc-default-executor-2] INFO  impl.RoleInfo (RoleInfo.java:updateAndGet(139)) - 3085d457-a103-493c-b4e9-901a54e38ac8: start 3085d457-a103-493c-b4e9-901a54e38ac8@group-F61DE661D2F1-FollowerState
2022-10-13 11:30:16,038 [3085d457-a103-493c-b4e9-901a54e38ac8@group-F61DE661D2F1-FollowerState] INFO  impl.FollowerState (FollowerState.java:run(152)) - 3085d457-a103-493c-b4e9-901a54e38ac8@group-F61DE661D2F1-FollowerState was interrupted
2022-10-13 11:30:16,046 [grpc-default-executor-1] INFO  server.RaftServer$Division (RaftServerImpl.java:requestVote(1152)) - c6ba56ce-59ca-4e1a-8f34-5688e5c45b2f@group-F61DE661D2F1: receive requestVote(ELECTION, 712be322-34b1-4d33-aaf2-76c2c9935d67, group-F61DE661D2F1, 1, (t:0, i:0))
2022-10-13 11:30:16,046 [grpc-default-executor-1] INFO  impl.VoteContext (VoteContext.java:log(48)) - c6ba56ce-59ca-4e1a-8f34-5688e5c45b2f@group-F61DE661D2F1-FOLLOWER: accept ELECTION from 712be322-34b1-4d33-aaf2-76c2c9935d67: our priority 0 <= candidate's priority 0
2022-10-13 11:30:16,046 [grpc-default-executor-1] INFO  server.RaftServer$Division (RaftServerImpl.java:setRole(299)) - c6ba56ce-59ca-4e1a-8f34-5688e5c45b2f@group-F61DE661D2F1: changes role from  FOLLOWER to FOLLOWER at term 1 for candidate:712be322-34b1-4d33-aaf2-76c2c9935d67
2022-10-13 11:30:16,046 [grpc-default-executor-1] INFO  impl.RoleInfo (RoleInfo.java:shutdownFollowerState(110)) - c6ba56ce-59ca-4e1a-8f34-5688e5c45b2f: shutdown c6ba56ce-59ca-4e1a-8f34-5688e5c45b2f@group-F61DE661D2F1-FollowerState
2022-10-13 11:30:16,046 [grpc-default-executor-1] INFO  impl.RoleInfo (RoleInfo.java:updateAndGet(139)) - c6ba56ce-59ca-4e1a-8f34-5688e5c45b2f: start c6ba56ce-59ca-4e1a-8f34-5688e5c45b2f@group-F61DE661D2F1-FollowerState
2022-10-13 11:30:16,048 [c6ba56ce-59ca-4e1a-8f34-5688e5c45b2f@group-F61DE661D2F1-FollowerState] INFO  impl.FollowerState (FollowerState.java:run(152)) - c6ba56ce-59ca-4e1a-8f34-5688e5c45b2f@group-F61DE661D2F1-FollowerState was interrupted
2022-10-13 11:30:16,058 [grpc-default-executor-2] INFO  server.RaftServer$Division (RaftServerImpl.java:requestVote(1184)) - 3085d457-a103-493c-b4e9-901a54e38ac8@group-F61DE661D2F1 replies to ELECTION vote request: 712be322-34b1-4d33-aaf2-76c2c9935d67<-3085d457-a103-493c-b4e9-901a54e38ac8#0:FAIL-t1. Peer's state: 3085d457-a103-493c-b4e9-901a54e38ac8@group-F61DE661D2F1:t1, leader=null, voted=null, raftlog=3085d457-a103-493c-b4e9-901a54e38ac8@group-F61DE661D2F1-SegmentedRaftLog:OPENED:c-1, conf=-1: [712be322-34b1-4d33-aaf2-76c2c9935d67|rpc:10.1.0.139:46709|dataStream:|priority:0, 3085d457-a103-493c-b4e9-901a54e38ac8|rpc:10.1.0.139:35861|dataStream:|priority:1, c6ba56ce-59ca-4e1a-8f34-5688e5c45b2f|rpc:10.1.0.139:40701|dataStream:|priority:0], old=null
2022-10-13 11:30:16,058 [grpc-default-executor-1] INFO  server.RaftServer$Division (RaftServerImpl.java:requestVote(1184)) - c6ba56ce-59ca-4e1a-8f34-5688e5c45b2f@group-F61DE661D2F1 replies to ELECTION vote request: 712be322-34b1-4d33-aaf2-76c2c9935d67<-c6ba56ce-59ca-4e1a-8f34-5688e5c45b2f#0:OK-t1. Peer's state: c6ba56ce-59ca-4e1a-8f34-5688e5c45b2f@group-F61DE661D2F1:t1, leader=null, voted=712be322-34b1-4d33-aaf2-76c2c9935d67, raftlog=c6ba56ce-59ca-4e1a-8f34-5688e5c45b2f@group-F61DE661D2F1-SegmentedRaftLog:OPENED:c-1, conf=-1: [712be322-34b1-4d33-aaf2-76c2c9935d67|rpc:10.1.0.139:46709|dataStream:|priority:0, 3085d457-a103-493c-b4e9-901a54e38ac8|rpc:10.1.0.139:35861|dataStream:|priority:1, c6ba56ce-59ca-4e1a-8f34-5688e5c45b2f|rpc:10.1.0.139:40701|dataStream:|priority:0], old=null
2022-10-13 11:30:16,060 [712be322-34b1-4d33-aaf2-76c2c9935d67@group-F61DE661D2F1-LeaderElection46] INFO  impl.LeaderElection (LeaderElection.java:logAndReturn(90)) - 712be322-34b1-4d33-aaf2-76c2c9935d67@group-F61DE661D2F1-LeaderElection46: ELECTION REJECTED received 1 response(s) and 0 exception(s):
2022-10-13 11:30:16,060 [712be322-34b1-4d33-aaf2-76c2c9935d67@group-F61DE661D2F1-LeaderElection46] INFO  impl.LeaderElection (LeaderElection.java:logAndReturn(94)) -   Response 0: 712be322-34b1-4d33-aaf2-76c2c9935d67<-3085d457-a103-493c-b4e9-901a54e38ac8#0:FAIL-t1
2022-10-13 11:30:16,060 [712be322-34b1-4d33-aaf2-76c2c9935d67@group-F61DE661D2F1-LeaderElection46] INFO  impl.LeaderElection (LeaderElection.java:askForVotes(312)) - 712be322-34b1-4d33-aaf2-76c2c9935d67@group-F61DE661D2F1-LeaderElection46 ELECTION round 0: result REJECTED
2022-10-13 11:30:16,060 [712be322-34b1-4d33-aaf2-76c2c9935d67@group-F61DE661D2F1-LeaderElection46] INFO  server.RaftServer$Division (RaftServerImpl.java:setRole(299)) - 712be322-34b1-4d33-aaf2-76c2c9935d67@group-F61DE661D2F1: changes role from CANDIDATE to FOLLOWER at term 1 for REJECTED
2022-10-13 11:30:16,060 [712be322-34b1-4d33-aaf2-76c2c9935d67@group-F61DE661D2F1-LeaderElection46] INFO  impl.RoleInfo (RoleInfo.java:shutdownLeaderElection(130)) - 712be322-34b1-4d33-aaf2-76c2c9935d67: shutdown 712be322-34b1-4d33-aaf2-76c2c9935d67@group-F61DE661D2F1-LeaderElection46
2022-10-13 11:30:16,060 [712be322-34b1-4d33-aaf2-76c2c9935d67@group-F61DE661D2F1-LeaderElection46] INFO  impl.RoleInfo (RoleInfo.java:updateAndGet(139)) - 712be322-34b1-4d33-aaf2-76c2c9935d67: start 712be322-34b1-4d33-aaf2-76c2c9935d67@group-F61DE661D2F1-FollowerState
2022-10-13 11:30:16,327 [3085d457-a103-493c-b4e9-901a54e38ac8@group-B6595296A3DF-FollowerState] INFO  impl.FollowerState (FollowerState.java:run(143)) - 3085d457-a103-493c-b4e9-901a54e38ac8@group-B6595296A3DF-FollowerState: change to CANDIDATE, lastRpcElapsedTime:5171457668ns, electionTimeout:5170ms
2022-10-13 11:30:16,327 [3085d457-a103-493c-b4e9-901a54e38ac8@group-B6595296A3DF-FollowerState] INFO  impl.RoleInfo (RoleInfo.java:shutdownFollowerState(110)) - 3085d457-a103-493c-b4e9-901a54e38ac8: shutdown 3085d457-a103-493c-b4e9-901a54e38ac8@group-B6595296A3DF-FollowerState
2022-10-13 11:30:16,327 [3085d457-a103-493c-b4e9-901a54e38ac8@group-B6595296A3DF-FollowerState] INFO  server.RaftServer$Division (RaftServerImpl.java:setRole(299)) - 3085d457-a103-493c-b4e9-901a54e38ac8@group-B6595296A3DF: changes role from  FOLLOWER to CANDIDATE at term 0 for changeToCandidate
2022-10-13 11:30:16,328 [3085d457-a103-493c-b4e9-901a54e38ac8@group-B6595296A3DF-FollowerState] INFO  server.RaftServerConfigKeys (ConfUtils.java:logGet(46)) - raft.server.leaderelection.pre-vote = false (custom)
2022-10-13 11:30:16,328 [3085d457-a103-493c-b4e9-901a54e38ac8@group-B6595296A3DF-FollowerState] INFO  impl.RoleInfo (RoleInfo.java:updateAndGet(139)) - 3085d457-a103-493c-b4e9-901a54e38ac8: start 3085d457-a103-493c-b4e9-901a54e38ac8@group-B6595296A3DF-LeaderElection47
2022-10-13 11:30:16,331 [3085d457-a103-493c-b4e9-901a54e38ac8@group-B6595296A3DF-LeaderElection47] INFO  impl.LeaderElection (LeaderElection.java:askForVotes(310)) - 3085d457-a103-493c-b4e9-901a54e38ac8@group-B6595296A3DF-LeaderElection47 ELECTION round 0: submit vote requests at term 1 for -1: [3085d457-a103-493c-b4e9-901a54e38ac8|rpc:10.1.0.139:35861|priority:1], old=null
2022-10-13 11:30:16,331 [3085d457-a103-493c-b4e9-901a54e38ac8@group-B6595296A3DF-LeaderElection47] INFO  impl.LeaderElection (LeaderElection.java:askForVotes(312)) - 3085d457-a103-493c-b4e9-901a54e38ac8@group-B6595296A3DF-LeaderElection47 ELECTION round 0: result PASSED (term=1)
2022-10-13 11:30:16,331 [3085d457-a103-493c-b4e9-901a54e38ac8@group-B6595296A3DF-LeaderElection47] INFO  impl.RoleInfo (RoleInfo.java:shutdownLeaderElection(130)) - 3085d457-a103-493c-b4e9-901a54e38ac8: shutdown 3085d457-a103-493c-b4e9-901a54e38ac8@group-B6595296A3DF-LeaderElection47
2022-10-13 11:30:16,331 [3085d457-a103-493c-b4e9-901a54e38ac8@group-B6595296A3DF-LeaderElection47] INFO  server.RaftServer$Division (RaftServerImpl.java:setRole(299)) - 3085d457-a103-493c-b4e9-901a54e38ac8@group-B6595296A3DF: changes role from CANDIDATE to LEADER at term 1 for changeToLeader
2022-10-13 11:30:16,331 [3085d457-a103-493c-b4e9-901a54e38ac8@group-B6595296A3DF-LeaderElection47] INFO  ratis.XceiverServerRatis (XceiverServerRatis.java:handleLeaderChangedNotification(863)) - Leader change notification received for group: group-B6595296A3DF with new leaderId: 3085d457-a103-493c-b4e9-901a54e38ac8
2022-10-13 11:30:16,331 [3085d457-a103-493c-b4e9-901a54e38ac8@group-B6595296A3DF-LeaderElection47] INFO  server.RaftServer$Division (ServerState.java:setLeader(287)) - 3085d457-a103-493c-b4e9-901a54e38ac8@group-B6595296A3DF: change Leader from null to 3085d457-a103-493c-b4e9-901a54e38ac8 at term 1 for becomeLeader, leader elected after 5184ms
2022-10-13 11:30:16,331 [3085d457-a103-493c-b4e9-901a54e38ac8@group-B6595296A3DF-LeaderElection47] INFO  server.RaftServerConfigKeys (ConfUtils.java:logGet(46)) - raft.server.staging.catchup.gap = 1000 (default)
2022-10-13 11:30:16,332 [3085d457-a103-493c-b4e9-901a54e38ac8@group-B6595296A3DF-LeaderElection47] INFO  server.RaftServerConfigKeys (ConfUtils.java:logGet(46)) - raft.server.write.element-limit = 1024 (custom)
2022-10-13 11:30:16,332 [3085d457-a103-493c-b4e9-901a54e38ac8@group-B6595296A3DF-LeaderElection47] INFO  server.RaftServerConfigKeys (ConfUtils.java:logGet(46)) - raft.server.write.byte-limit = 1024 M (=1073741824) (custom)
2022-10-13 11:30:16,332 [3085d457-a103-493c-b4e9-901a54e38ac8@group-B6595296A3DF-LeaderElection47] INFO  server.RaftServerConfigKeys (ConfUtils.java:logGet(46)) - raft.server.watch.timeout = 180s (custom)
2022-10-13 11:30:16,333 [EventQueue-OpenPipelineForHealthyPipelineSafeModeRule] INFO  safemode.SCMSafeModeManager (HealthyPipelineSafeModeRule.java:process(137)) - SCM in safe mode. Healthy pipelines reported count is 0, required healthy pipeline reported count is 1
2022-10-13 11:30:16,333 [3085d457-a103-493c-b4e9-901a54e38ac8@group-B6595296A3DF-LeaderElection47] INFO  server.RaftServerConfigKeys (ConfUtils.java:logGet(46)) - raft.server.watch.timeout.denomination = 1s (default)
2022-10-13 11:30:16,334 [3085d457-a103-493c-b4e9-901a54e38ac8@group-B6595296A3DF-LeaderElection47] INFO  server.RaftServerConfigKeys (ConfUtils.java:logGet(46)) - raft.server.watch.element-limit = 65536 (default)
2022-10-13 11:30:16,334 [3085d457-a103-493c-b4e9-901a54e38ac8@group-B6595296A3DF-LeaderElection47] INFO  server.RaftServerConfigKeys (ConfUtils.java:logGet(46)) - raft.server.write.element-limit = 1024 (custom)
2022-10-13 11:30:16,334 [3085d457-a103-493c-b4e9-901a54e38ac8@group-B6595296A3DF-LeaderElection47] INFO  server.RaftServerConfigKeys (ConfUtils.java:logGet(46)) - raft.server.write.follower.gap.ratio.max = -1.0 (default)
2022-10-13 11:30:16,334 [3085d457-a103-493c-b4e9-901a54e38ac8@group-B6595296A3DF-LeaderElection47] INFO  impl.RoleInfo (RoleInfo.java:updateAndGet(139)) - 3085d457-a103-493c-b4e9-901a54e38ac8: start 3085d457-a103-493c-b4e9-901a54e38ac8@group-B6595296A3DF-LeaderStateImpl
2022-10-13 11:30:16,334 [3085d457-a103-493c-b4e9-901a54e38ac8@group-B6595296A3DF-LeaderElection47] INFO  segmented.SegmentedRaftLogWorker (SegmentedRaftLogWorker.java:startLogSegment(425)) - 3085d457-a103-493c-b4e9-901a54e38ac8@group-B6595296A3DF-SegmentedRaftLogWorker: Starting segment from index:0
2022-10-13 11:30:16,336 [3085d457-a103-493c-b4e9-901a54e38ac8@group-B6595296A3DF-LeaderElection47] INFO  server.RaftServer$Division (ServerState.java:setRaftConf(393)) - 3085d457-a103-493c-b4e9-901a54e38ac8@group-B6595296A3DF: set configuration 0: [3085d457-a103-493c-b4e9-901a54e38ac8|rpc:10.1.0.139:35861|dataStream:|priority:1], old=null
2022-10-13 11:30:16,337 [3085d457-a103-493c-b4e9-901a54e38ac8@group-B6595296A3DF-SegmentedRaftLogWorker] INFO  segmented.SegmentedRaftLogWorker (SegmentedRaftLogWorker.java:execute(629)) - 3085d457-a103-493c-b4e9-901a54e38ac8@group-B6595296A3DF-SegmentedRaftLogWorker: created new log segment /home/runner/work/ozone/ozone/hadoop-ozone/integration-test/target/test-dir/MiniOzoneClusterImpl-cb6e840c-eeae-4d67-92af-d8558e489f02/datanode-1/data/ratis/e3439bab-e3a5-4d3a-bbe8-b6595296a3df/current/log_inprogress_0
2022-10-13 11:30:16,452 [Listener at 127.0.0.1/41263] INFO  ozone.MiniOzoneClusterImpl (MiniOzoneClusterImpl.java:lambda$waitForClusterToBeReady$0(216)) - Nodes are ready. Got 3 of 3 DN Heartbeats.
2022-10-13 11:30:16,452 [Listener at 127.0.0.1/41263] INFO  ozone.MiniOzoneClusterImpl (MiniOzoneClusterImpl.java:lambda$waitForClusterToBeReady$0(219)) - Waiting for cluster to exit safe mode
2022-10-13 11:30:16,452 [Listener at 127.0.0.1/41263] INFO  ozone.MiniOzoneClusterImpl (MiniOzoneClusterImpl.java:lambda$waitForClusterToBeReady$0(221)) - SCM became leader
2022-10-13 11:30:16,575 [c6ba56ce-59ca-4e1a-8f34-5688e5c45b2f@group-F6296274B165-FollowerState] INFO  impl.FollowerState (FollowerState.java:run(143)) - c6ba56ce-59ca-4e1a-8f34-5688e5c45b2f@group-F6296274B165-FollowerState: change to CANDIDATE, lastRpcElapsedTime:5116220909ns, electionTimeout:5114ms
2022-10-13 11:30:16,575 [c6ba56ce-59ca-4e1a-8f34-5688e5c45b2f@group-F6296274B165-FollowerState] INFO  impl.RoleInfo (RoleInfo.java:shutdownFollowerState(110)) - c6ba56ce-59ca-4e1a-8f34-5688e5c45b2f: shutdown c6ba56ce-59ca-4e1a-8f34-5688e5c45b2f@group-F6296274B165-FollowerState
2022-10-13 11:30:16,575 [c6ba56ce-59ca-4e1a-8f34-5688e5c45b2f@group-F6296274B165-FollowerState] INFO  server.RaftServer$Division (RaftServerImpl.java:setRole(299)) - c6ba56ce-59ca-4e1a-8f34-5688e5c45b2f@group-F6296274B165: changes role from  FOLLOWER to CANDIDATE at term 0 for changeToCandidate
2022-10-13 11:30:16,575 [c6ba56ce-59ca-4e1a-8f34-5688e5c45b2f@group-F6296274B165-FollowerState] INFO  server.RaftServerConfigKeys (ConfUtils.java:logGet(46)) - raft.server.leaderelection.pre-vote = false (custom)
2022-10-13 11:30:16,576 [c6ba56ce-59ca-4e1a-8f34-5688e5c45b2f@group-F6296274B165-FollowerState] INFO  impl.RoleInfo (RoleInfo.java:updateAndGet(139)) - c6ba56ce-59ca-4e1a-8f34-5688e5c45b2f: start c6ba56ce-59ca-4e1a-8f34-5688e5c45b2f@group-F6296274B165-LeaderElection48
2022-10-13 11:30:16,579 [c6ba56ce-59ca-4e1a-8f34-5688e5c45b2f@group-F6296274B165-LeaderElection48] INFO  impl.LeaderElection (LeaderElection.java:askForVotes(310)) - c6ba56ce-59ca-4e1a-8f34-5688e5c45b2f@group-F6296274B165-LeaderElection48 ELECTION round 0: submit vote requests at term 1 for -1: [c6ba56ce-59ca-4e1a-8f34-5688e5c45b2f|rpc:10.1.0.139:40701|priority:1], old=null
2022-10-13 11:30:16,579 [c6ba56ce-59ca-4e1a-8f34-5688e5c45b2f@group-F6296274B165-LeaderElection48] INFO  impl.LeaderElection (LeaderElection.java:askForVotes(312)) - c6ba56ce-59ca-4e1a-8f34-5688e5c45b2f@group-F6296274B165-LeaderElection48 ELECTION round 0: result PASSED (term=1)
2022-10-13 11:30:16,579 [c6ba56ce-59ca-4e1a-8f34-5688e5c45b2f@group-F6296274B165-LeaderElection48] INFO  impl.RoleInfo (RoleInfo.java:shutdownLeaderElection(130)) - c6ba56ce-59ca-4e1a-8f34-5688e5c45b2f: shutdown c6ba56ce-59ca-4e1a-8f34-5688e5c45b2f@group-F6296274B165-LeaderElection48
2022-10-13 11:30:16,579 [c6ba56ce-59ca-4e1a-8f34-5688e5c45b2f@group-F6296274B165-LeaderElection48] INFO  server.RaftServer$Division (RaftServerImpl.java:setRole(299)) - c6ba56ce-59ca-4e1a-8f34-5688e5c45b2f@group-F6296274B165: changes role from CANDIDATE to LEADER at term 1 for changeToLeader
2022-10-13 11:30:16,579 [c6ba56ce-59ca-4e1a-8f34-5688e5c45b2f@group-F6296274B165-LeaderElection48] INFO  ratis.XceiverServerRatis (XceiverServerRatis.java:handleLeaderChangedNotification(863)) - Leader change notification received for group: group-F6296274B165 with new leaderId: c6ba56ce-59ca-4e1a-8f34-5688e5c45b2f
2022-10-13 11:30:16,580 [c6ba56ce-59ca-4e1a-8f34-5688e5c45b2f@group-F6296274B165-LeaderElection48] INFO  server.RaftServer$Division (ServerState.java:setLeader(287)) - c6ba56ce-59ca-4e1a-8f34-5688e5c45b2f@group-F6296274B165: change Leader from null to c6ba56ce-59ca-4e1a-8f34-5688e5c45b2f at term 1 for becomeLeader, leader elected after 5127ms
2022-10-13 11:30:16,580 [c6ba56ce-59ca-4e1a-8f34-5688e5c45b2f@group-F6296274B165-LeaderElection48] INFO  server.RaftServerConfigKeys (ConfUtils.java:logGet(46)) - raft.server.staging.catchup.gap = 1000 (default)
2022-10-13 11:30:16,582 [EventQueue-OpenPipelineForHealthyPipelineSafeModeRule] INFO  safemode.SCMSafeModeManager (HealthyPipelineSafeModeRule.java:process(137)) - SCM in safe mode. Healthy pipelines reported count is 0, required healthy pipeline reported count is 1
2022-10-13 11:30:16,582 [c6ba56ce-59ca-4e1a-8f34-5688e5c45b2f@group-F6296274B165-LeaderElection48] INFO  server.RaftServerConfigKeys (ConfUtils.java:logGet(46)) - raft.server.write.element-limit = 1024 (custom)
2022-10-13 11:30:16,582 [c6ba56ce-59ca-4e1a-8f34-5688e5c45b2f@group-F6296274B165-LeaderElection48] INFO  server.RaftServerConfigKeys (ConfUtils.java:logGet(46)) - raft.server.write.byte-limit = 1024 M (=1073741824) (custom)
2022-10-13 11:30:16,582 [c6ba56ce-59ca-4e1a-8f34-5688e5c45b2f@group-F6296274B165-LeaderElection48] INFO  server.RaftServerConfigKeys (ConfUtils.java:logGet(46)) - raft.server.watch.timeout = 180s (custom)
2022-10-13 11:30:16,583 [c6ba56ce-59ca-4e1a-8f34-5688e5c45b2f@group-F6296274B165-LeaderElection48] INFO  server.RaftServerConfigKeys (ConfUtils.java:logGet(46)) - raft.server.watch.timeout.denomination = 1s (default)
2022-10-13 11:30:16,583 [c6ba56ce-59ca-4e1a-8f34-5688e5c45b2f@group-F6296274B165-LeaderElection48] INFO  server.RaftServerConfigKeys (ConfUtils.java:logGet(46)) - raft.server.watch.element-limit = 65536 (default)
2022-10-13 11:30:16,583 [c6ba56ce-59ca-4e1a-8f34-5688e5c45b2f@group-F6296274B165-LeaderElection48] INFO  server.RaftServerConfigKeys (ConfUtils.java:logGet(46)) - raft.server.write.element-limit = 1024 (custom)
2022-10-13 11:30:16,583 [c6ba56ce-59ca-4e1a-8f34-5688e5c45b2f@group-F6296274B165-LeaderElection48] INFO  server.RaftServerConfigKeys (ConfUtils.java:logGet(46)) - raft.server.write.follower.gap.ratio.max = -1.0 (default)
2022-10-13 11:30:16,583 [c6ba56ce-59ca-4e1a-8f34-5688e5c45b2f@group-F6296274B165-LeaderElection48] INFO  impl.RoleInfo (RoleInfo.java:updateAndGet(139)) - c6ba56ce-59ca-4e1a-8f34-5688e5c45b2f: start c6ba56ce-59ca-4e1a-8f34-5688e5c45b2f@group-F6296274B165-LeaderStateImpl
2022-10-13 11:30:16,583 [c6ba56ce-59ca-4e1a-8f34-5688e5c45b2f@group-F6296274B165-LeaderElection48] INFO  segmented.SegmentedRaftLogWorker (SegmentedRaftLogWorker.java:startLogSegment(425)) - c6ba56ce-59ca-4e1a-8f34-5688e5c45b2f@group-F6296274B165-SegmentedRaftLogWorker: Starting segment from index:0
2022-10-13 11:30:16,585 [c6ba56ce-59ca-4e1a-8f34-5688e5c45b2f@group-F6296274B165-LeaderElection48] INFO  server.RaftServer$Division (ServerState.java:setRaftConf(393)) - c6ba56ce-59ca-4e1a-8f34-5688e5c45b2f@group-F6296274B165: set configuration 0: [c6ba56ce-59ca-4e1a-8f34-5688e5c45b2f|rpc:10.1.0.139:40701|dataStream:|priority:1], old=null
2022-10-13 11:30:16,586 [c6ba56ce-59ca-4e1a-8f34-5688e5c45b2f@group-F6296274B165-SegmentedRaftLogWorker] INFO  segmented.SegmentedRaftLogWorker (SegmentedRaftLogWorker.java:execute(629)) - c6ba56ce-59ca-4e1a-8f34-5688e5c45b2f@group-F6296274B165-SegmentedRaftLogWorker: created new log segment /home/runner/work/ozone/ozone/hadoop-ozone/integration-test/target/test-dir/MiniOzoneClusterImpl-cb6e840c-eeae-4d67-92af-d8558e489f02/datanode-2/data/ratis/2209edb6-b404-4dcd-94a6-f6296274b165/current/log_inprogress_0
2022-10-13 11:30:17,453 [Listener at 127.0.0.1/41263] INFO  ozone.MiniOzoneClusterImpl (MiniOzoneClusterImpl.java:lambda$waitForClusterToBeReady$0(216)) - Nodes are ready. Got 3 of 3 DN Heartbeats.
2022-10-13 11:30:17,453 [Listener at 127.0.0.1/41263] INFO  ozone.MiniOzoneClusterImpl (MiniOzoneClusterImpl.java:lambda$waitForClusterToBeReady$0(219)) - Waiting for cluster to exit safe mode
2022-10-13 11:30:17,453 [Listener at 127.0.0.1/41263] INFO  ozone.MiniOzoneClusterImpl (MiniOzoneClusterImpl.java:lambda$waitForClusterToBeReady$0(221)) - SCM became leader
2022-10-13 11:30:18,453 [Listener at 127.0.0.1/41263] INFO  ozone.MiniOzoneClusterImpl (MiniOzoneClusterImpl.java:lambda$waitForClusterToBeReady$0(216)) - Nodes are ready. Got 3 of 3 DN Heartbeats.
2022-10-13 11:30:18,454 [Listener at 127.0.0.1/41263] INFO  ozone.MiniOzoneClusterImpl (MiniOzoneClusterImpl.java:lambda$waitForClusterToBeReady$0(219)) - Waiting for cluster to exit safe mode
2022-10-13 11:30:18,454 [Listener at 127.0.0.1/41263] INFO  ozone.MiniOzoneClusterImpl (MiniOzoneClusterImpl.java:lambda$waitForClusterToBeReady$0(221)) - SCM became leader
2022-10-13 11:30:19,454 [Listener at 127.0.0.1/41263] INFO  ozone.MiniOzoneClusterImpl (MiniOzoneClusterImpl.java:lambda$waitForClusterToBeReady$0(216)) - Nodes are ready. Got 3 of 3 DN Heartbeats.
2022-10-13 11:30:19,454 [Listener at 127.0.0.1/41263] INFO  ozone.MiniOzoneClusterImpl (MiniOzoneClusterImpl.java:lambda$waitForClusterToBeReady$0(219)) - Waiting for cluster to exit safe mode
2022-10-13 11:30:19,454 [Listener at 127.0.0.1/41263] INFO  ozone.MiniOzoneClusterImpl (MiniOzoneClusterImpl.java:lambda$waitForClusterToBeReady$0(221)) - SCM became leader
2022-10-13 11:30:20,455 [Listener at 127.0.0.1/41263] INFO  ozone.MiniOzoneClusterImpl (MiniOzoneClusterImpl.java:lambda$waitForClusterToBeReady$0(216)) - Nodes are ready. Got 3 of 3 DN Heartbeats.
2022-10-13 11:30:20,455 [Listener at 127.0.0.1/41263] INFO  ozone.MiniOzoneClusterImpl (MiniOzoneClusterImpl.java:lambda$waitForClusterToBeReady$0(219)) - Waiting for cluster to exit safe mode
2022-10-13 11:30:20,455 [Listener at 127.0.0.1/41263] INFO  ozone.MiniOzoneClusterImpl (MiniOzoneClusterImpl.java:lambda$waitForClusterToBeReady$0(221)) - SCM became leader
2022-10-13 11:30:21,001 [c6ba56ce-59ca-4e1a-8f34-5688e5c45b2f@group-8A27E13A4FE7-FollowerState] INFO  impl.FollowerState (FollowerState.java:run(143)) - c6ba56ce-59ca-4e1a-8f34-5688e5c45b2f@group-8A27E13A4FE7-FollowerState: change to CANDIDATE, lastRpcElapsedTime:5084625762ns, electionTimeout:5074ms
2022-10-13 11:30:21,001 [c6ba56ce-59ca-4e1a-8f34-5688e5c45b2f@group-8A27E13A4FE7-FollowerState] INFO  impl.RoleInfo (RoleInfo.java:shutdownFollowerState(110)) - c6ba56ce-59ca-4e1a-8f34-5688e5c45b2f: shutdown c6ba56ce-59ca-4e1a-8f34-5688e5c45b2f@group-8A27E13A4FE7-FollowerState
2022-10-13 11:30:21,002 [c6ba56ce-59ca-4e1a-8f34-5688e5c45b2f@group-8A27E13A4FE7-FollowerState] INFO  server.RaftServer$Division (RaftServerImpl.java:setRole(299)) - c6ba56ce-59ca-4e1a-8f34-5688e5c45b2f@group-8A27E13A4FE7: changes role from  FOLLOWER to CANDIDATE at term 1 for changeToCandidate
2022-10-13 11:30:21,002 [c6ba56ce-59ca-4e1a-8f34-5688e5c45b2f@group-8A27E13A4FE7-FollowerState] INFO  server.RaftServerConfigKeys (ConfUtils.java:logGet(46)) - raft.server.leaderelection.pre-vote = false (custom)
2022-10-13 11:30:21,002 [c6ba56ce-59ca-4e1a-8f34-5688e5c45b2f@group-8A27E13A4FE7-FollowerState] INFO  impl.RoleInfo (RoleInfo.java:updateAndGet(139)) - c6ba56ce-59ca-4e1a-8f34-5688e5c45b2f: start c6ba56ce-59ca-4e1a-8f34-5688e5c45b2f@group-8A27E13A4FE7-LeaderElection49
2022-10-13 11:30:21,004 [c6ba56ce-59ca-4e1a-8f34-5688e5c45b2f@group-8A27E13A4FE7-LeaderElection49] INFO  impl.LeaderElection (LeaderElection.java:askForVotes(310)) - c6ba56ce-59ca-4e1a-8f34-5688e5c45b2f@group-8A27E13A4FE7-LeaderElection49 ELECTION round 0: submit vote requests at term 2 for -1: [3085d457-a103-493c-b4e9-901a54e38ac8|rpc:10.1.0.139:35861|dataStream:|priority:0, 712be322-34b1-4d33-aaf2-76c2c9935d67|rpc:10.1.0.139:46709|dataStream:|priority:0, c6ba56ce-59ca-4e1a-8f34-5688e5c45b2f|rpc:10.1.0.139:40701|dataStream:|priority:1], old=null
2022-10-13 11:30:21,013 [grpc-default-executor-1] INFO  server.RaftServer$Division (RaftServerImpl.java:requestVote(1152)) - 3085d457-a103-493c-b4e9-901a54e38ac8@group-8A27E13A4FE7: receive requestVote(ELECTION, c6ba56ce-59ca-4e1a-8f34-5688e5c45b2f, group-8A27E13A4FE7, 2, (t:0, i:0))
2022-10-13 11:30:21,013 [grpc-default-executor-1] INFO  impl.VoteContext (VoteContext.java:log(48)) - 3085d457-a103-493c-b4e9-901a54e38ac8@group-8A27E13A4FE7-FOLLOWER: accept ELECTION from c6ba56ce-59ca-4e1a-8f34-5688e5c45b2f: our priority 0 <= candidate's priority 1
2022-10-13 11:30:21,013 [grpc-default-executor-1] INFO  server.RaftServer$Division (RaftServerImpl.java:setRole(299)) - 3085d457-a103-493c-b4e9-901a54e38ac8@group-8A27E13A4FE7: changes role from  FOLLOWER to FOLLOWER at term 2 for candidate:c6ba56ce-59ca-4e1a-8f34-5688e5c45b2f
2022-10-13 11:30:21,013 [grpc-default-executor-1] INFO  impl.RoleInfo (RoleInfo.java:shutdownFollowerState(110)) - 3085d457-a103-493c-b4e9-901a54e38ac8: shutdown 3085d457-a103-493c-b4e9-901a54e38ac8@group-8A27E13A4FE7-FollowerState
2022-10-13 11:30:21,013 [grpc-default-executor-1] INFO  impl.RoleInfo (RoleInfo.java:updateAndGet(139)) - 3085d457-a103-493c-b4e9-901a54e38ac8: start 3085d457-a103-493c-b4e9-901a54e38ac8@group-8A27E13A4FE7-FollowerState
2022-10-13 11:30:21,013 [3085d457-a103-493c-b4e9-901a54e38ac8@group-8A27E13A4FE7-FollowerState] INFO  impl.FollowerState (FollowerState.java:run(152)) - 3085d457-a103-493c-b4e9-901a54e38ac8@group-8A27E13A4FE7-FollowerState was interrupted
2022-10-13 11:30:21,018 [grpc-default-executor-1] INFO  server.RaftServer$Division (RaftServerImpl.java:requestVote(1184)) - 3085d457-a103-493c-b4e9-901a54e38ac8@group-8A27E13A4FE7 replies to ELECTION vote request: c6ba56ce-59ca-4e1a-8f34-5688e5c45b2f<-3085d457-a103-493c-b4e9-901a54e38ac8#0:OK-t2. Peer's state: 3085d457-a103-493c-b4e9-901a54e38ac8@group-8A27E13A4FE7:t2, leader=null, voted=c6ba56ce-59ca-4e1a-8f34-5688e5c45b2f, raftlog=3085d457-a103-493c-b4e9-901a54e38ac8@group-8A27E13A4FE7-SegmentedRaftLog:OPENED:c-1, conf=-1: [3085d457-a103-493c-b4e9-901a54e38ac8|rpc:10.1.0.139:35861|dataStream:|priority:0, 712be322-34b1-4d33-aaf2-76c2c9935d67|rpc:10.1.0.139:46709|dataStream:|priority:0, c6ba56ce-59ca-4e1a-8f34-5688e5c45b2f|rpc:10.1.0.139:40701|dataStream:|priority:1], old=null
2022-10-13 11:30:21,019 [grpc-default-executor-2] INFO  server.RaftServer$Division (RaftServerImpl.java:requestVote(1152)) - 712be322-34b1-4d33-aaf2-76c2c9935d67@group-8A27E13A4FE7: receive requestVote(ELECTION, c6ba56ce-59ca-4e1a-8f34-5688e5c45b2f, group-8A27E13A4FE7, 2, (t:0, i:0))
2022-10-13 11:30:21,019 [grpc-default-executor-2] INFO  impl.VoteContext (VoteContext.java:log(48)) - 712be322-34b1-4d33-aaf2-76c2c9935d67@group-8A27E13A4FE7-FOLLOWER: accept ELECTION from c6ba56ce-59ca-4e1a-8f34-5688e5c45b2f: our priority 0 <= candidate's priority 1
2022-10-13 11:30:21,019 [grpc-default-executor-2] INFO  server.RaftServer$Division (RaftServerImpl.java:setRole(299)) - 712be322-34b1-4d33-aaf2-76c2c9935d67@group-8A27E13A4FE7: changes role from  FOLLOWER to FOLLOWER at term 2 for candidate:c6ba56ce-59ca-4e1a-8f34-5688e5c45b2f
2022-10-13 11:30:21,019 [grpc-default-executor-2] INFO  impl.RoleInfo (RoleInfo.java:shutdownFollowerState(110)) - 712be322-34b1-4d33-aaf2-76c2c9935d67: shutdown 712be322-34b1-4d33-aaf2-76c2c9935d67@group-8A27E13A4FE7-FollowerState
2022-10-13 11:30:21,019 [grpc-default-executor-2] INFO  impl.RoleInfo (RoleInfo.java:updateAndGet(139)) - 712be322-34b1-4d33-aaf2-76c2c9935d67: start 712be322-34b1-4d33-aaf2-76c2c9935d67@group-8A27E13A4FE7-FollowerState
2022-10-13 11:30:21,019 [712be322-34b1-4d33-aaf2-76c2c9935d67@group-8A27E13A4FE7-FollowerState] INFO  impl.FollowerState (FollowerState.java:run(152)) - 712be322-34b1-4d33-aaf2-76c2c9935d67@group-8A27E13A4FE7-FollowerState was interrupted
2022-10-13 11:30:21,024 [c6ba56ce-59ca-4e1a-8f34-5688e5c45b2f@group-8A27E13A4FE7-LeaderElection49] INFO  impl.LeaderElection (LeaderElection.java:logAndReturn(90)) - c6ba56ce-59ca-4e1a-8f34-5688e5c45b2f@group-8A27E13A4FE7-LeaderElection49: ELECTION PASSED received 1 response(s) and 0 exception(s):
2022-10-13 11:30:21,024 [c6ba56ce-59ca-4e1a-8f34-5688e5c45b2f@group-8A27E13A4FE7-LeaderElection49] INFO  impl.LeaderElection (LeaderElection.java:logAndReturn(94)) -   Response 0: c6ba56ce-59ca-4e1a-8f34-5688e5c45b2f<-3085d457-a103-493c-b4e9-901a54e38ac8#0:OK-t2
2022-10-13 11:30:21,024 [c6ba56ce-59ca-4e1a-8f34-5688e5c45b2f@group-8A27E13A4FE7-LeaderElection49] INFO  impl.LeaderElection (LeaderElection.java:askForVotes(312)) - c6ba56ce-59ca-4e1a-8f34-5688e5c45b2f@group-8A27E13A4FE7-LeaderElection49 ELECTION round 0: result PASSED
2022-10-13 11:30:21,024 [c6ba56ce-59ca-4e1a-8f34-5688e5c45b2f@group-8A27E13A4FE7-LeaderElection49] INFO  impl.RoleInfo (RoleInfo.java:shutdownLeaderElection(130)) - c6ba56ce-59ca-4e1a-8f34-5688e5c45b2f: shutdown c6ba56ce-59ca-4e1a-8f34-5688e5c45b2f@group-8A27E13A4FE7-LeaderElection49
2022-10-13 11:30:21,024 [c6ba56ce-59ca-4e1a-8f34-5688e5c45b2f@group-8A27E13A4FE7-LeaderElection49] INFO  server.RaftServer$Division (RaftServerImpl.java:setRole(299)) - c6ba56ce-59ca-4e1a-8f34-5688e5c45b2f@group-8A27E13A4FE7: changes role from CANDIDATE to LEADER at term 2 for changeToLeader
2022-10-13 11:30:21,024 [c6ba56ce-59ca-4e1a-8f34-5688e5c45b2f@group-8A27E13A4FE7-LeaderElection49] INFO  ratis.XceiverServerRatis (XceiverServerRatis.java:handleLeaderChangedNotification(863)) - Leader change notification received for group: group-8A27E13A4FE7 with new leaderId: c6ba56ce-59ca-4e1a-8f34-5688e5c45b2f
2022-10-13 11:30:21,024 [c6ba56ce-59ca-4e1a-8f34-5688e5c45b2f@group-8A27E13A4FE7-LeaderElection49] INFO  server.RaftServer$Division (ServerState.java:setLeader(287)) - c6ba56ce-59ca-4e1a-8f34-5688e5c45b2f@group-8A27E13A4FE7: change Leader from null to c6ba56ce-59ca-4e1a-8f34-5688e5c45b2f at term 2 for becomeLeader, leader elected after 10124ms
2022-10-13 11:30:21,024 [c6ba56ce-59ca-4e1a-8f34-5688e5c45b2f@group-8A27E13A4FE7-LeaderElection49] INFO  server.RaftServerConfigKeys (ConfUtils.java:logGet(46)) - raft.server.staging.catchup.gap = 1000 (default)
2022-10-13 11:30:21,025 [c6ba56ce-59ca-4e1a-8f34-5688e5c45b2f@group-8A27E13A4FE7-LeaderElection49] INFO  server.RaftServerConfigKeys (ConfUtils.java:logGet(46)) - raft.server.write.element-limit = 1024 (custom)
2022-10-13 11:30:21,025 [c6ba56ce-59ca-4e1a-8f34-5688e5c45b2f@group-8A27E13A4FE7-LeaderElection49] INFO  server.RaftServerConfigKeys (ConfUtils.java:logGet(46)) - raft.server.write.byte-limit = 1024 M (=1073741824) (custom)
2022-10-13 11:30:21,025 [c6ba56ce-59ca-4e1a-8f34-5688e5c45b2f@group-8A27E13A4FE7-LeaderElection49] INFO  server.RaftServerConfigKeys (ConfUtils.java:logGet(46)) - raft.server.watch.timeout = 180s (custom)
2022-10-13 11:30:21,025 [c6ba56ce-59ca-4e1a-8f34-5688e5c45b2f@group-8A27E13A4FE7-LeaderElection49] INFO  server.RaftServerConfigKeys (ConfUtils.java:logGet(46)) - raft.server.watch.timeout.denomination = 1s (default)
2022-10-13 11:30:21,025 [c6ba56ce-59ca-4e1a-8f34-5688e5c45b2f@group-8A27E13A4FE7-LeaderElection49] INFO  server.RaftServerConfigKeys (ConfUtils.java:logGet(46)) - raft.server.watch.element-limit = 65536 (default)
2022-10-13 11:30:21,025 [c6ba56ce-59ca-4e1a-8f34-5688e5c45b2f@group-8A27E13A4FE7-LeaderElection49] INFO  server.RaftServerConfigKeys (ConfUtils.java:logGet(46)) - raft.server.write.element-limit = 1024 (custom)
2022-10-13 11:30:21,025 [c6ba56ce-59ca-4e1a-8f34-5688e5c45b2f@group-8A27E13A4FE7-LeaderElection49] INFO  server.RaftServerConfigKeys (ConfUtils.java:logGet(46)) - raft.server.write.follower.gap.ratio.max = -1.0 (default)
2022-10-13 11:30:21,026 [grpc-default-executor-2] INFO  server.RaftServer$Division (RaftServerImpl.java:requestVote(1184)) - 712be322-34b1-4d33-aaf2-76c2c9935d67@group-8A27E13A4FE7 replies to ELECTION vote request: c6ba56ce-59ca-4e1a-8f34-5688e5c45b2f<-712be322-34b1-4d33-aaf2-76c2c9935d67#0:OK-t2. Peer's state: 712be322-34b1-4d33-aaf2-76c2c9935d67@group-8A27E13A4FE7:t2, leader=null, voted=c6ba56ce-59ca-4e1a-8f34-5688e5c45b2f, raftlog=712be322-34b1-4d33-aaf2-76c2c9935d67@group-8A27E13A4FE7-SegmentedRaftLog:OPENED:c-1, conf=-1: [3085d457-a103-493c-b4e9-901a54e38ac8|rpc:10.1.0.139:35861|priority:0, 712be322-34b1-4d33-aaf2-76c2c9935d67|rpc:10.1.0.139:46709|priority:0, c6ba56ce-59ca-4e1a-8f34-5688e5c45b2f|rpc:10.1.0.139:40701|priority:1], old=null
2022-10-13 11:30:21,027 [c6ba56ce-59ca-4e1a-8f34-5688e5c45b2f@group-8A27E13A4FE7-LeaderElection49] INFO  server.RaftServerConfigKeys (ConfUtils.java:logGet(46)) - raft.server.log.appender.snapshot.chunk.size.max = 16MB (=16777216) (default)
2022-10-13 11:30:21,027 [c6ba56ce-59ca-4e1a-8f34-5688e5c45b2f@group-8A27E13A4FE7-LeaderElection49] INFO  server.RaftServerConfigKeys (ConfUtils.java:logGet(46)) - raft.server.log.appender.buffer.byte-limit = 33554432 (custom)
2022-10-13 11:30:21,027 [c6ba56ce-59ca-4e1a-8f34-5688e5c45b2f@group-8A27E13A4FE7-LeaderElection49] INFO  server.RaftServerConfigKeys (ConfUtils.java:logGet(46)) - raft.server.log.appender.buffer.element-limit = 1 (custom)
2022-10-13 11:30:21,027 [c6ba56ce-59ca-4e1a-8f34-5688e5c45b2f@group-8A27E13A4FE7-LeaderElection49] INFO  grpc.GrpcConfigKeys (ConfUtils.java:logGet(46)) - raft.grpc.server.leader.outstanding.appends.max = 128 (default)
2022-10-13 11:30:21,027 [c6ba56ce-59ca-4e1a-8f34-5688e5c45b2f@group-8A27E13A4FE7-LeaderElection49] INFO  server.RaftServerConfigKeys (ConfUtils.java:logGet(46)) - raft.server.rpc.request.timeout = 60s (custom)
2022-10-13 11:30:21,027 [c6ba56ce-59ca-4e1a-8f34-5688e5c45b2f@group-8A27E13A4FE7-LeaderElection49] INFO  server.RaftServerConfigKeys (ConfUtils.java:logGet(46)) - raft.server.log.appender.install.snapshot.enabled = false (custom)
2022-10-13 11:30:21,029 [EventQueue-PipelineReportForPipelineReportHandler] INFO  pipeline.PipelineManagerImpl (PipelineManagerImpl.java:openPipeline(367)) - Pipeline Pipeline[ Id: 65f79174-5c16-4e6d-ab2d-8a27e13a4fe7, Nodes: 3085d457-a103-493c-b4e9-901a54e38ac8{ip: 10.1.0.139, host: fv-az447-90.tnmeiuxxsqeu3byeydcnbj0j5d.dx.internal.cloudapp.net, ports: [REPLICATION=45435, RATIS=35861, RATIS_ADMIN=35861, RATIS_SERVER=35861, STANDALONE=45777], networkLocation: /default-rack, certSerialId: null, persistedOpState: IN_SERVICE, persistedOpStateExpiryEpochSec: 0}c6ba56ce-59ca-4e1a-8f34-5688e5c45b2f{ip: 10.1.0.139, host: fv-az447-90.tnmeiuxxsqeu3byeydcnbj0j5d.dx.internal.cloudapp.net, ports: [REPLICATION=40421, RATIS=40701, RATIS_ADMIN=40701, RATIS_SERVER=40701, STANDALONE=37415], networkLocation: /default-rack, certSerialId: null, persistedOpState: IN_SERVICE, persistedOpStateExpiryEpochSec: 0}712be322-34b1-4d33-aaf2-76c2c9935d67{ip: 10.1.0.139, host: fv-az447-90.tnmeiuxxsqeu3byeydcnbj0j5d.dx.internal.cloudapp.net, ports: [REPLICATION=41601, RATIS=46709, RATIS_ADMIN=46709, RATIS_SERVER=46709, STANDALONE=33581], networkLocation: /default-rack, certSerialId: null, persistedOpState: IN_SERVICE, persistedOpStateExpiryEpochSec: 0}, ReplicationConfig: RATIS/THREE, State:ALLOCATED, leaderId:c6ba56ce-59ca-4e1a-8f34-5688e5c45b2f, CreationTimestamp2022-10-13T11:30:08.451Z[Etc/UTC]] moved to OPEN state
2022-10-13 11:30:21,030 [EventQueue-OpenPipelineForHealthyPipelineSafeModeRule] INFO  safemode.SCMSafeModeManager (HealthyPipelineSafeModeRule.java:process(137)) - SCM in safe mode. Healthy pipelines reported count is 0, required healthy pipeline reported count is 1
2022-10-13 11:30:21,030 [EventQueue-OpenPipelineForHealthyPipelineSafeModeRule] INFO  safemode.SCMSafeModeManager (HealthyPipelineSafeModeRule.java:process(137)) - SCM in safe mode. Healthy pipelines reported count is 1, required healthy pipeline reported count is 1
2022-10-13 11:30:21,030 [EventQueue-OpenPipelineForHealthyPipelineSafeModeRule] INFO  safemode.SCMSafeModeManager (SCMSafeModeManager.java:validateSafeModeExitRules(204)) - HealthyPipelineSafeModeRule rule is successfully validated
2022-10-13 11:30:21,030 [EventQueue-OpenPipelineForHealthyPipelineSafeModeRule] INFO  safemode.SCMSafeModeManager (SCMSafeModeManager.java:validateSafeModeExitRules(219)) - ScmSafeModeManager, all rules are successfully validated
2022-10-13 11:30:21,030 [EventQueue-OpenPipelineForHealthyPipelineSafeModeRule] INFO  safemode.SCMSafeModeManager (SCMSafeModeManager.java:exitSafeMode(248)) - SCM exiting safe mode.
2022-10-13 11:30:21,030 [EventQueue-OpenPipelineForHealthyPipelineSafeModeRule] WARN  events.EventQueue (EventQueue.java:fireEvent(216)) - No event handler registered for event TypedEvent{payloadType=SafeModeStatus, name='Safe mode status'}
2022-10-13 11:30:21,030 [EventQueue-OpenPipelineForHealthyPipelineSafeModeRule] INFO  ha.SCMContext (SCMContext.java:updateSafeModeStatus(228)) - Update SafeModeStatus from SafeModeStatus{safeModeStatus=true, preCheckPassed=true} to SafeModeStatus{safeModeStatus=false, preCheckPassed=true}.
2022-10-13 11:30:21,030 [EventQueue-OpenPipelineForHealthyPipelineSafeModeRule] INFO  pipeline.BackgroundPipelineCreator (BackgroundPipelineCreator.java:notifyStatusChanged(254)) - Service BackgroundPipelineCreator transitions to RUNNING.
2022-10-13 11:30:21,030 [EventQueue-OpenPipelineForHealthyPipelineSafeModeRule] INFO  BackgroundPipelineScrubber (BackgroundSCMService.java:notifyStatusChanged(82)) - Service BackgroundPipelineScrubber transitions to RUNNING.
2022-10-13 11:30:21,030 [EventQueue-OpenPipelineForHealthyPipelineSafeModeRule] INFO  ExpiredContainerReplicaOpScrubber (BackgroundSCMService.java:notifyStatusChanged(82)) - Service ExpiredContainerReplicaOpScrubber transitions to RUNNING.
2022-10-13 11:30:21,030 [EventQueue-OpenPipelineForHealthyPipelineSafeModeRule] INFO  replication.ReplicationManager (ReplicationManager.java:notifyStatusChanged(728)) - Service ReplicationManager transitions to RUNNING.
2022-10-13 11:30:21,030 [EventQueue-OpenPipelineForHealthyPipelineSafeModeRule] WARN  balancer.ContainerBalancer (ContainerBalancer.java:shouldRun(936)) - Could not find persisted configuration for ContainerBalancer when checking if ContainerBalancer should run. ContainerBalancer should not run now.
2022-10-13 11:30:21,032 [c6ba56ce-59ca-4e1a-8f34-5688e5c45b2f@group-8A27E13A4FE7-LeaderElection49] INFO  server.RaftServerConfigKeys (ConfUtils.java:logGet(46)) - raft.server.log.appender.snapshot.chunk.size.max = 16MB (=16777216) (default)
2022-10-13 11:30:21,032 [c6ba56ce-59ca-4e1a-8f34-5688e5c45b2f@group-8A27E13A4FE7-LeaderElection49] INFO  server.RaftServerConfigKeys (ConfUtils.java:logGet(46)) - raft.server.log.appender.buffer.byte-limit = 33554432 (custom)
2022-10-13 11:30:21,032 [c6ba56ce-59ca-4e1a-8f34-5688e5c45b2f@group-8A27E13A4FE7-LeaderElection49] INFO  server.RaftServerConfigKeys (ConfUtils.java:logGet(46)) - raft.server.log.appender.buffer.element-limit = 1 (custom)
2022-10-13 11:30:21,033 [c6ba56ce-59ca-4e1a-8f34-5688e5c45b2f@group-8A27E13A4FE7-LeaderElection49] INFO  grpc.GrpcConfigKeys (ConfUtils.java:logGet(46)) - raft.grpc.server.leader.outstanding.appends.max = 128 (default)
2022-10-13 11:30:21,033 [c6ba56ce-59ca-4e1a-8f34-5688e5c45b2f@group-8A27E13A4FE7-LeaderElection49] INFO  server.RaftServerConfigKeys (ConfUtils.java:logGet(46)) - raft.server.rpc.request.timeout = 60s (custom)
2022-10-13 11:30:21,033 [c6ba56ce-59ca-4e1a-8f34-5688e5c45b2f@group-8A27E13A4FE7-LeaderElection49] INFO  server.RaftServerConfigKeys (ConfUtils.java:logGet(46)) - raft.server.log.appender.install.snapshot.enabled = false (custom)
2022-10-13 11:30:21,033 [c6ba56ce-59ca-4e1a-8f34-5688e5c45b2f@group-8A27E13A4FE7-LeaderElection49] INFO  impl.RoleInfo (RoleInfo.java:updateAndGet(139)) - c6ba56ce-59ca-4e1a-8f34-5688e5c45b2f: start c6ba56ce-59ca-4e1a-8f34-5688e5c45b2f@group-8A27E13A4FE7-LeaderStateImpl
2022-10-13 11:30:21,034 [c6ba56ce-59ca-4e1a-8f34-5688e5c45b2f@group-8A27E13A4FE7-LeaderElection49] INFO  segmented.SegmentedRaftLogWorker (SegmentedRaftLogWorker.java:startLogSegment(425)) - c6ba56ce-59ca-4e1a-8f34-5688e5c45b2f@group-8A27E13A4FE7-SegmentedRaftLogWorker: Starting segment from index:0
2022-10-13 11:30:21,036 [c6ba56ce-59ca-4e1a-8f34-5688e5c45b2f@group-8A27E13A4FE7-SegmentedRaftLogWorker] INFO  segmented.SegmentedRaftLogWorker (SegmentedRaftLogWorker.java:execute(629)) - c6ba56ce-59ca-4e1a-8f34-5688e5c45b2f@group-8A27E13A4FE7-SegmentedRaftLogWorker: created new log segment /home/runner/work/ozone/ozone/hadoop-ozone/integration-test/target/test-dir/MiniOzoneClusterImpl-cb6e840c-eeae-4d67-92af-d8558e489f02/datanode-2/data/ratis/65f79174-5c16-4e6d-ab2d-8a27e13a4fe7/current/log_inprogress_0
2022-10-13 11:30:21,039 [c6ba56ce-59ca-4e1a-8f34-5688e5c45b2f@group-8A27E13A4FE7-LeaderElection49] INFO  server.RaftServer$Division (ServerState.java:setRaftConf(393)) - c6ba56ce-59ca-4e1a-8f34-5688e5c45b2f@group-8A27E13A4FE7: set configuration 0: [3085d457-a103-493c-b4e9-901a54e38ac8|rpc:10.1.0.139:35861|dataStream:|priority:0, 712be322-34b1-4d33-aaf2-76c2c9935d67|rpc:10.1.0.139:46709|dataStream:|priority:0, c6ba56ce-59ca-4e1a-8f34-5688e5c45b2f|rpc:10.1.0.139:40701|dataStream:|priority:1], old=null
2022-10-13 11:30:21,047 [3085d457-a103-493c-b4e9-901a54e38ac8-server-thread1] INFO  ratis.XceiverServerRatis (XceiverServerRatis.java:handleLeaderChangedNotification(863)) - Leader change notification received for group: group-8A27E13A4FE7 with new leaderId: c6ba56ce-59ca-4e1a-8f34-5688e5c45b2f
2022-10-13 11:30:21,048 [3085d457-a103-493c-b4e9-901a54e38ac8-server-thread1] INFO  server.RaftServer$Division (ServerState.java:setLeader(287)) - 3085d457-a103-493c-b4e9-901a54e38ac8@group-8A27E13A4FE7: change Leader from null to c6ba56ce-59ca-4e1a-8f34-5688e5c45b2f at term 2 for appendEntries, leader elected after 10177ms
2022-10-13 11:30:21,049 [712be322-34b1-4d33-aaf2-76c2c9935d67-server-thread1] INFO  ratis.XceiverServerRatis (XceiverServerRatis.java:handleLeaderChangedNotification(863)) - Leader change notification received for group: group-8A27E13A4FE7 with new leaderId: c6ba56ce-59ca-4e1a-8f34-5688e5c45b2f
2022-10-13 11:30:21,049 [712be322-34b1-4d33-aaf2-76c2c9935d67-server-thread1] INFO  server.RaftServer$Division (ServerState.java:setLeader(287)) - 712be322-34b1-4d33-aaf2-76c2c9935d67@group-8A27E13A4FE7: change Leader from null to c6ba56ce-59ca-4e1a-8f34-5688e5c45b2f at term 2 for appendEntries, leader elected after 10206ms
2022-10-13 11:30:21,053 [3085d457-a103-493c-b4e9-901a54e38ac8-server-thread1] INFO  server.RaftServer$Division (ServerState.java:setRaftConf(393)) - 3085d457-a103-493c-b4e9-901a54e38ac8@group-8A27E13A4FE7: set configuration 0: [3085d457-a103-493c-b4e9-901a54e38ac8|rpc:10.1.0.139:35861|dataStream:|priority:0, 712be322-34b1-4d33-aaf2-76c2c9935d67|rpc:10.1.0.139:46709|dataStream:|priority:0, c6ba56ce-59ca-4e1a-8f34-5688e5c45b2f|rpc:10.1.0.139:40701|dataStream:|priority:1], old=null
2022-10-13 11:30:21,054 [3085d457-a103-493c-b4e9-901a54e38ac8-server-thread1] INFO  segmented.SegmentedRaftLogWorker (SegmentedRaftLogWorker.java:startLogSegment(425)) - 3085d457-a103-493c-b4e9-901a54e38ac8@group-8A27E13A4FE7-SegmentedRaftLogWorker: Starting segment from index:0
2022-10-13 11:30:21,056 [3085d457-a103-493c-b4e9-901a54e38ac8@group-8A27E13A4FE7-SegmentedRaftLogWorker] INFO  segmented.SegmentedRaftLogWorker (SegmentedRaftLogWorker.java:execute(629)) - 3085d457-a103-493c-b4e9-901a54e38ac8@group-8A27E13A4FE7-SegmentedRaftLogWorker: created new log segment /home/runner/work/ozone/ozone/hadoop-ozone/integration-test/target/test-dir/MiniOzoneClusterImpl-cb6e840c-eeae-4d67-92af-d8558e489f02/datanode-1/data/ratis/65f79174-5c16-4e6d-ab2d-8a27e13a4fe7/current/log_inprogress_0
2022-10-13 11:30:21,066 [712be322-34b1-4d33-aaf2-76c2c9935d67-server-thread1] INFO  server.RaftServer$Division (ServerState.java:setRaftConf(393)) - 712be322-34b1-4d33-aaf2-76c2c9935d67@group-8A27E13A4FE7: set configuration 0: [3085d457-a103-493c-b4e9-901a54e38ac8|rpc:10.1.0.139:35861|dataStream:|priority:0, 712be322-34b1-4d33-aaf2-76c2c9935d67|rpc:10.1.0.139:46709|dataStream:|priority:0, c6ba56ce-59ca-4e1a-8f34-5688e5c45b2f|rpc:10.1.0.139:40701|dataStream:|priority:1], old=null
2022-10-13 11:30:21,067 [712be322-34b1-4d33-aaf2-76c2c9935d67-server-thread1] INFO  segmented.SegmentedRaftLogWorker (SegmentedRaftLogWorker.java:startLogSegment(425)) - 712be322-34b1-4d33-aaf2-76c2c9935d67@group-8A27E13A4FE7-SegmentedRaftLogWorker: Starting segment from index:0
2022-10-13 11:30:21,068 [712be322-34b1-4d33-aaf2-76c2c9935d67@group-8A27E13A4FE7-SegmentedRaftLogWorker] INFO  segmented.SegmentedRaftLogWorker (SegmentedRaftLogWorker.java:execute(629)) - 712be322-34b1-4d33-aaf2-76c2c9935d67@group-8A27E13A4FE7-SegmentedRaftLogWorker: created new log segment /home/runner/work/ozone/ozone/hadoop-ozone/integration-test/target/test-dir/MiniOzoneClusterImpl-cb6e840c-eeae-4d67-92af-d8558e489f02/datanode-0/data/ratis/65f79174-5c16-4e6d-ab2d-8a27e13a4fe7/current/log_inprogress_0
2022-10-13 11:30:21,154 [712be322-34b1-4d33-aaf2-76c2c9935d67@group-F61DE661D2F1-FollowerState] INFO  impl.FollowerState (FollowerState.java:run(143)) - 712be322-34b1-4d33-aaf2-76c2c9935d67@group-F61DE661D2F1-FollowerState: change to CANDIDATE, lastRpcElapsedTime:5093783016ns, electionTimeout:5093ms
2022-10-13 11:30:21,154 [712be322-34b1-4d33-aaf2-76c2c9935d67@group-F61DE661D2F1-FollowerState] INFO  impl.RoleInfo (RoleInfo.java:shutdownFollowerState(110)) - 712be322-34b1-4d33-aaf2-76c2c9935d67: shutdown 712be322-34b1-4d33-aaf2-76c2c9935d67@group-F61DE661D2F1-FollowerState
2022-10-13 11:30:21,154 [712be322-34b1-4d33-aaf2-76c2c9935d67@group-F61DE661D2F1-FollowerState] INFO  server.RaftServer$Division (RaftServerImpl.java:setRole(299)) - 712be322-34b1-4d33-aaf2-76c2c9935d67@group-F61DE661D2F1: changes role from  FOLLOWER to CANDIDATE at term 1 for changeToCandidate
2022-10-13 11:30:21,154 [712be322-34b1-4d33-aaf2-76c2c9935d67@group-F61DE661D2F1-FollowerState] INFO  server.RaftServerConfigKeys (ConfUtils.java:logGet(46)) - raft.server.leaderelection.pre-vote = false (custom)
2022-10-13 11:30:21,154 [712be322-34b1-4d33-aaf2-76c2c9935d67@group-F61DE661D2F1-FollowerState] INFO  impl.RoleInfo (RoleInfo.java:updateAndGet(139)) - 712be322-34b1-4d33-aaf2-76c2c9935d67: start 712be322-34b1-4d33-aaf2-76c2c9935d67@group-F61DE661D2F1-LeaderElection50
2022-10-13 11:30:21,158 [712be322-34b1-4d33-aaf2-76c2c9935d67@group-F61DE661D2F1-LeaderElection50] INFO  impl.LeaderElection (LeaderElection.java:askForVotes(310)) - 712be322-34b1-4d33-aaf2-76c2c9935d67@group-F61DE661D2F1-LeaderElection50 ELECTION round 0: submit vote requests at term 2 for -1: [712be322-34b1-4d33-aaf2-76c2c9935d67|rpc:10.1.0.139:46709|priority:0, 3085d457-a103-493c-b4e9-901a54e38ac8|rpc:10.1.0.139:35861|priority:1, c6ba56ce-59ca-4e1a-8f34-5688e5c45b2f|rpc:10.1.0.139:40701|priority:0], old=null
2022-10-13 11:30:21,165 [grpc-default-executor-2] INFO  server.RaftServer$Division (RaftServerImpl.java:requestVote(1152)) - 3085d457-a103-493c-b4e9-901a54e38ac8@group-F61DE661D2F1: receive requestVote(ELECTION, 712be322-34b1-4d33-aaf2-76c2c9935d67, group-F61DE661D2F1, 2, (t:0, i:0))
2022-10-13 11:30:21,165 [grpc-default-executor-2] INFO  impl.VoteContext (VoteContext.java:log(48)) - 3085d457-a103-493c-b4e9-901a54e38ac8@group-F61DE661D2F1-FOLLOWER: reject ELECTION from 712be322-34b1-4d33-aaf2-76c2c9935d67: our priority 1 > candidate's priority 0
2022-10-13 11:30:21,165 [grpc-default-executor-2] INFO  server.RaftServer$Division (RaftServerImpl.java:setRole(299)) - 3085d457-a103-493c-b4e9-901a54e38ac8@group-F61DE661D2F1: changes role from  FOLLOWER to FOLLOWER at term 2 for candidate:712be322-34b1-4d33-aaf2-76c2c9935d67
2022-10-13 11:30:21,165 [grpc-default-executor-2] INFO  impl.RoleInfo (RoleInfo.java:shutdownFollowerState(110)) - 3085d457-a103-493c-b4e9-901a54e38ac8: shutdown 3085d457-a103-493c-b4e9-901a54e38ac8@group-F61DE661D2F1-FollowerState
2022-10-13 11:30:21,166 [grpc-default-executor-2] INFO  impl.RoleInfo (RoleInfo.java:updateAndGet(139)) - 3085d457-a103-493c-b4e9-901a54e38ac8: start 3085d457-a103-493c-b4e9-901a54e38ac8@group-F61DE661D2F1-FollowerState
2022-10-13 11:30:21,166 [3085d457-a103-493c-b4e9-901a54e38ac8@group-F61DE661D2F1-FollowerState] INFO  impl.FollowerState (FollowerState.java:run(152)) - 3085d457-a103-493c-b4e9-901a54e38ac8@group-F61DE661D2F1-FollowerState was interrupted
2022-10-13 11:30:21,169 [grpc-default-executor-1] INFO  server.RaftServer$Division (RaftServerImpl.java:requestVote(1152)) - c6ba56ce-59ca-4e1a-8f34-5688e5c45b2f@group-F61DE661D2F1: receive requestVote(ELECTION, 712be322-34b1-4d33-aaf2-76c2c9935d67, group-F61DE661D2F1, 2, (t:0, i:0))
2022-10-13 11:30:21,169 [grpc-default-executor-1] INFO  impl.VoteContext (VoteContext.java:log(48)) - c6ba56ce-59ca-4e1a-8f34-5688e5c45b2f@group-F61DE661D2F1-FOLLOWER: accept ELECTION from 712be322-34b1-4d33-aaf2-76c2c9935d67: our priority 0 <= candidate's priority 0
2022-10-13 11:30:21,170 [grpc-default-executor-1] INFO  server.RaftServer$Division (RaftServerImpl.java:setRole(299)) - c6ba56ce-59ca-4e1a-8f34-5688e5c45b2f@group-F61DE661D2F1: changes role from  FOLLOWER to FOLLOWER at term 2 for candidate:712be322-34b1-4d33-aaf2-76c2c9935d67
2022-10-13 11:30:21,170 [grpc-default-executor-1] INFO  impl.RoleInfo (RoleInfo.java:shutdownFollowerState(110)) - c6ba56ce-59ca-4e1a-8f34-5688e5c45b2f: shutdown c6ba56ce-59ca-4e1a-8f34-5688e5c45b2f@group-F61DE661D2F1-FollowerState
2022-10-13 11:30:21,170 [grpc-default-executor-1] INFO  impl.RoleInfo (RoleInfo.java:updateAndGet(139)) - c6ba56ce-59ca-4e1a-8f34-5688e5c45b2f: start c6ba56ce-59ca-4e1a-8f34-5688e5c45b2f@group-F61DE661D2F1-FollowerState
2022-10-13 11:30:21,170 [c6ba56ce-59ca-4e1a-8f34-5688e5c45b2f@group-F61DE661D2F1-FollowerState] INFO  impl.FollowerState (FollowerState.java:run(152)) - c6ba56ce-59ca-4e1a-8f34-5688e5c45b2f@group-F61DE661D2F1-FollowerState was interrupted
2022-10-13 11:30:21,171 [grpc-default-executor-2] INFO  server.RaftServer$Division (RaftServerImpl.java:requestVote(1184)) - 3085d457-a103-493c-b4e9-901a54e38ac8@group-F61DE661D2F1 replies to ELECTION vote request: 712be322-34b1-4d33-aaf2-76c2c9935d67<-3085d457-a103-493c-b4e9-901a54e38ac8#0:FAIL-t2. Peer's state: 3085d457-a103-493c-b4e9-901a54e38ac8@group-F61DE661D2F1:t2, leader=null, voted=null, raftlog=3085d457-a103-493c-b4e9-901a54e38ac8@group-F61DE661D2F1-SegmentedRaftLog:OPENED:c-1, conf=-1: [712be322-34b1-4d33-aaf2-76c2c9935d67|rpc:10.1.0.139:46709|dataStream:|priority:0, 3085d457-a103-493c-b4e9-901a54e38ac8|rpc:10.1.0.139:35861|dataStream:|priority:1, c6ba56ce-59ca-4e1a-8f34-5688e5c45b2f|rpc:10.1.0.139:40701|dataStream:|priority:0], old=null
2022-10-13 11:30:21,172 [712be322-34b1-4d33-aaf2-76c2c9935d67@group-F61DE661D2F1-LeaderElection50] INFO  impl.LeaderElection (LeaderElection.java:logAndReturn(90)) - 712be322-34b1-4d33-aaf2-76c2c9935d67@group-F61DE661D2F1-LeaderElection50: ELECTION REJECTED received 1 response(s) and 0 exception(s):
2022-10-13 11:30:21,172 [712be322-34b1-4d33-aaf2-76c2c9935d67@group-F61DE661D2F1-LeaderElection50] INFO  impl.LeaderElection (LeaderElection.java:logAndReturn(94)) -   Response 0: 712be322-34b1-4d33-aaf2-76c2c9935d67<-3085d457-a103-493c-b4e9-901a54e38ac8#0:FAIL-t2
2022-10-13 11:30:21,172 [712be322-34b1-4d33-aaf2-76c2c9935d67@group-F61DE661D2F1-LeaderElection50] INFO  impl.LeaderElection (LeaderElection.java:askForVotes(312)) - 712be322-34b1-4d33-aaf2-76c2c9935d67@group-F61DE661D2F1-LeaderElection50 ELECTION round 0: result REJECTED
2022-10-13 11:30:21,172 [712be322-34b1-4d33-aaf2-76c2c9935d67@group-F61DE661D2F1-LeaderElection50] INFO  server.RaftServer$Division (RaftServerImpl.java:setRole(299)) - 712be322-34b1-4d33-aaf2-76c2c9935d67@group-F61DE661D2F1: changes role from CANDIDATE to FOLLOWER at term 2 for REJECTED
2022-10-13 11:30:21,172 [712be322-34b1-4d33-aaf2-76c2c9935d67@group-F61DE661D2F1-LeaderElection50] INFO  impl.RoleInfo (RoleInfo.java:shutdownLeaderElection(130)) - 712be322-34b1-4d33-aaf2-76c2c9935d67: shutdown 712be322-34b1-4d33-aaf2-76c2c9935d67@group-F61DE661D2F1-LeaderElection50
2022-10-13 11:30:21,172 [712be322-34b1-4d33-aaf2-76c2c9935d67@group-F61DE661D2F1-LeaderElection50] INFO  impl.RoleInfo (RoleInfo.java:updateAndGet(139)) - 712be322-34b1-4d33-aaf2-76c2c9935d67: start 712be322-34b1-4d33-aaf2-76c2c9935d67@group-F61DE661D2F1-FollowerState
2022-10-13 11:30:21,173 [grpc-default-executor-1] INFO  server.RaftServer$Division (RaftServerImpl.java:requestVote(1184)) - c6ba56ce-59ca-4e1a-8f34-5688e5c45b2f@group-F61DE661D2F1 replies to ELECTION vote request: 712be322-34b1-4d33-aaf2-76c2c9935d67<-c6ba56ce-59ca-4e1a-8f34-5688e5c45b2f#0:OK-t2. Peer's state: c6ba56ce-59ca-4e1a-8f34-5688e5c45b2f@group-F61DE661D2F1:t2, leader=null, voted=712be322-34b1-4d33-aaf2-76c2c9935d67, raftlog=c6ba56ce-59ca-4e1a-8f34-5688e5c45b2f@group-F61DE661D2F1-SegmentedRaftLog:OPENED:c-1, conf=-1: [712be322-34b1-4d33-aaf2-76c2c9935d67|rpc:10.1.0.139:46709|dataStream:|priority:0, 3085d457-a103-493c-b4e9-901a54e38ac8|rpc:10.1.0.139:35861|dataStream:|priority:1, c6ba56ce-59ca-4e1a-8f34-5688e5c45b2f|rpc:10.1.0.139:40701|dataStream:|priority:0], old=null
2022-10-13 11:30:21,455 [Listener at 127.0.0.1/41263] INFO  ozone.MiniOzoneClusterImpl (MiniOzoneClusterImpl.java:lambda$waitForClusterToBeReady$0(216)) - Nodes are ready. Got 3 of 3 DN Heartbeats.
2022-10-13 11:30:21,456 [Listener at 127.0.0.1/41263] INFO  ozone.MiniOzoneClusterImpl (MiniOzoneClusterImpl.java:lambda$waitForClusterToBeReady$0(219)) - Cluster exits safe mode
2022-10-13 11:30:21,456 [Listener at 127.0.0.1/41263] INFO  ozone.MiniOzoneClusterImpl (MiniOzoneClusterImpl.java:lambda$waitForClusterToBeReady$0(221)) - SCM became leader
]]></system-out>
    </rerunFailure>
  </testcase>
  <testcase name="testLeaderIdUsedOnFirstCall" classname="org.apache.hadoop.hdds.scm.TestRatisPipelineLeader" time="0.001">
    <failure type="java.lang.AssertionError"><![CDATA[java.lang.AssertionError
	at org.junit.Assert.fail(Assert.java:87)
	at org.junit.Assert.assertTrue(Assert.java:42)
	at org.junit.Assert.assertTrue(Assert.java:53)
	at org.apache.hadoop.hdds.scm.TestRatisPipelineLeader.testLeaderIdUsedOnFirstCall(TestRatisPipelineLeader.java:85)
	at sun.reflect.NativeMethodAccessorImpl.invoke0(Native Method)
	at sun.reflect.NativeMethodAccessorImpl.invoke(NativeMethodAccessorImpl.java:62)
	at sun.reflect.DelegatingMethodAccessorImpl.invoke(DelegatingMethodAccessorImpl.java:43)
	at java.lang.reflect.Method.invoke(Method.java:498)
	at org.junit.platform.commons.util.ReflectionUtils.invokeMethod(ReflectionUtils.java:725)
	at org.junit.jupiter.engine.execution.MethodInvocation.proceed(MethodInvocation.java:60)
	at org.junit.jupiter.engine.execution.InvocationInterceptorChain$ValidatingInvocation.proceed(InvocationInterceptorChain.java:131)
	at org.junit.jupiter.engine.extension.TimeoutInvocation.proceed(TimeoutInvocation.java:46)
	at org.junit.jupiter.engine.extension.TimeoutExtension.intercept(TimeoutExtension.java:149)
	at org.junit.jupiter.engine.extension.TimeoutExtension.interceptTestableMethod(TimeoutExtension.java:140)
	at org.junit.jupiter.engine.extension.TimeoutExtension.interceptTestMethod(TimeoutExtension.java:84)
	at org.junit.jupiter.engine.execution.ExecutableInvoker$ReflectiveInterceptorCall.lambda$ofVoidMethod$0(ExecutableInvoker.java:115)
	at org.junit.jupiter.engine.execution.ExecutableInvoker.lambda$invoke$0(ExecutableInvoker.java:105)
	at org.junit.jupiter.engine.execution.InvocationInterceptorChain$InterceptedInvocation.proceed(InvocationInterceptorChain.java:106)
	at org.junit.jupiter.engine.execution.InvocationInterceptorChain.proceed(InvocationInterceptorChain.java:64)
	at org.junit.jupiter.engine.execution.InvocationInterceptorChain.chainAndInvoke(InvocationInterceptorChain.java:45)
	at org.junit.jupiter.engine.execution.InvocationInterceptorChain.invoke(InvocationInterceptorChain.java:37)
	at org.junit.jupiter.engine.execution.ExecutableInvoker.invoke(ExecutableInvoker.java:104)
	at org.junit.jupiter.engine.execution.ExecutableInvoker.invoke(ExecutableInvoker.java:98)
	at org.junit.jupiter.engine.descriptor.TestMethodTestDescriptor.lambda$invokeTestMethod$7(TestMethodTestDescriptor.java:214)
	at org.junit.platform.engine.support.hierarchical.ThrowableCollector.execute(ThrowableCollector.java:73)
	at org.junit.jupiter.engine.descriptor.TestMethodTestDescriptor.invokeTestMethod(TestMethodTestDescriptor.java:210)
	at org.junit.jupiter.engine.descriptor.TestMethodTestDescriptor.execute(TestMethodTestDescriptor.java:135)
	at org.junit.jupiter.engine.descriptor.TestMethodTestDescriptor.execute(TestMethodTestDescriptor.java:66)
	at org.junit.platform.engine.support.hierarchical.NodeTestTask.lambda$executeRecursively$6(NodeTestTask.java:151)
	at org.junit.platform.engine.support.hierarchical.ThrowableCollector.execute(ThrowableCollector.java:73)
	at org.junit.platform.engine.support.hierarchical.NodeTestTask.lambda$executeRecursively$8(NodeTestTask.java:141)
	at org.junit.platform.engine.support.hierarchical.Node.around(Node.java:137)
	at org.junit.platform.engine.support.hierarchical.NodeTestTask.lambda$executeRecursively$9(NodeTestTask.java:139)
	at org.junit.platform.engine.support.hierarchical.ThrowableCollector.execute(ThrowableCollector.java:73)
	at org.junit.platform.engine.support.hierarchical.NodeTestTask.executeRecursively(NodeTestTask.java:138)
	at org.junit.platform.engine.support.hierarchical.NodeTestTask.execute(NodeTestTask.java:95)
	at java.util.ArrayList.forEach(ArrayList.java:1259)
	at org.junit.platform.engine.support.hierarchical.SameThreadHierarchicalTestExecutorService.invokeAll(SameThreadHierarchicalTestExecutorService.java:41)
	at org.junit.platform.engine.support.hierarchical.NodeTestTask.lambda$executeRecursively$6(NodeTestTask.java:155)
	at org.junit.platform.engine.support.hierarchical.ThrowableCollector.execute(ThrowableCollector.java:73)
	at org.junit.platform.engine.support.hierarchical.NodeTestTask.lambda$executeRecursively$8(NodeTestTask.java:141)
	at org.junit.platform.engine.support.hierarchical.Node.around(Node.java:137)
	at org.junit.platform.engine.support.hierarchical.NodeTestTask.lambda$executeRecursively$9(NodeTestTask.java:139)
	at org.junit.platform.engine.support.hierarchical.ThrowableCollector.execute(ThrowableCollector.java:73)
	at org.junit.platform.engine.support.hierarchical.NodeTestTask.executeRecursively(NodeTestTask.java:138)
	at org.junit.platform.engine.support.hierarchical.NodeTestTask.execute(NodeTestTask.java:95)
	at java.util.ArrayList.forEach(ArrayList.java:1259)
	at org.junit.platform.engine.support.hierarchical.SameThreadHierarchicalTestExecutorService.invokeAll(SameThreadHierarchicalTestExecutorService.java:41)
	at org.junit.platform.engine.support.hierarchical.NodeTestTask.lambda$executeRecursively$6(NodeTestTask.java:155)
	at org.junit.platform.engine.support.hierarchical.ThrowableCollector.execute(ThrowableCollector.java:73)
	at org.junit.platform.engine.support.hierarchical.NodeTestTask.lambda$executeRecursively$8(NodeTestTask.java:141)
	at org.junit.platform.engine.support.hierarchical.Node.around(Node.java:137)
	at org.junit.platform.engine.support.hierarchical.NodeTestTask.lambda$executeRecursively$9(NodeTestTask.java:139)
	at org.junit.platform.engine.support.hierarchical.ThrowableCollector.execute(ThrowableCollector.java:73)
	at org.junit.platform.engine.support.hierarchical.NodeTestTask.executeRecursively(NodeTestTask.java:138)
	at org.junit.platform.engine.support.hierarchical.NodeTestTask.execute(NodeTestTask.java:95)
	at org.junit.platform.engine.support.hierarchical.SameThreadHierarchicalTestExecutorService.submit(SameThreadHierarchicalTestExecutorService.java:35)
	at org.junit.platform.engine.support.hierarchical.HierarchicalTestExecutor.execute(HierarchicalTestExecutor.java:57)
	at org.junit.platform.engine.support.hierarchical.HierarchicalTestEngine.execute(HierarchicalTestEngine.java:54)
	at org.junit.platform.launcher.core.EngineExecutionOrchestrator.execute(EngineExecutionOrchestrator.java:107)
	at org.junit.platform.launcher.core.EngineExecutionOrchestrator.execute(EngineExecutionOrchestrator.java:88)
	at org.junit.platform.launcher.core.EngineExecutionOrchestrator.lambda$execute$0(EngineExecutionOrchestrator.java:54)
	at org.junit.platform.launcher.core.EngineExecutionOrchestrator.withInterceptedStreams(EngineExecutionOrchestrator.java:67)
	at org.junit.platform.launcher.core.EngineExecutionOrchestrator.execute(EngineExecutionOrchestrator.java:52)
	at org.junit.platform.launcher.core.DefaultLauncher.execute(DefaultLauncher.java:114)
	at org.junit.platform.launcher.core.DefaultLauncher.execute(DefaultLauncher.java:86)
	at org.junit.platform.launcher.core.DefaultLauncherSession$DelegatingLauncher.execute(DefaultLauncherSession.java:86)
	at org.junit.platform.launcher.core.SessionPerRequestLauncher.execute(SessionPerRequestLauncher.java:53)
	at org.apache.maven.surefire.junitplatform.JUnitPlatformProvider.execute(JUnitPlatformProvider.java:188)
	at org.apache.maven.surefire.junitplatform.JUnitPlatformProvider.invokeAllTests(JUnitPlatformProvider.java:154)
	at org.apache.maven.surefire.junitplatform.JUnitPlatformProvider.invoke(JUnitPlatformProvider.java:124)
	at org.apache.maven.surefire.booter.ForkedBooter.runSuitesInProcess(ForkedBooter.java:428)
	at org.apache.maven.surefire.booter.ForkedBooter.execute(ForkedBooter.java:162)
	at org.apache.maven.surefire.booter.ForkedBooter.run(ForkedBooter.java:562)
	at org.apache.maven.surefire.booter.ForkedBooter.main(ForkedBooter.java:548)
]]></failure>
    <rerunFailure type="java.lang.AssertionError">
      <stackTrace><![CDATA[java.lang.AssertionError
	at org.junit.Assert.fail(Assert.java:87)
	at org.junit.Assert.assertTrue(Assert.java:42)
	at org.junit.Assert.assertTrue(Assert.java:53)
	at org.apache.hadoop.hdds.scm.TestRatisPipelineLeader.testLeaderIdUsedOnFirstCall(TestRatisPipelineLeader.java:85)
	at sun.reflect.NativeMethodAccessorImpl.invoke0(Native Method)
	at sun.reflect.NativeMethodAccessorImpl.invoke(NativeMethodAccessorImpl.java:62)
	at sun.reflect.DelegatingMethodAccessorImpl.invoke(DelegatingMethodAccessorImpl.java:43)
	at java.lang.reflect.Method.invoke(Method.java:498)
	at org.junit.platform.commons.util.ReflectionUtils.invokeMethod(ReflectionUtils.java:725)
	at org.junit.jupiter.engine.execution.MethodInvocation.proceed(MethodInvocation.java:60)
	at org.junit.jupiter.engine.execution.InvocationInterceptorChain$ValidatingInvocation.proceed(InvocationInterceptorChain.java:131)
	at org.junit.jupiter.engine.extension.TimeoutInvocation.proceed(TimeoutInvocation.java:46)
	at org.junit.jupiter.engine.extension.TimeoutExtension.intercept(TimeoutExtension.java:149)
	at org.junit.jupiter.engine.extension.TimeoutExtension.interceptTestableMethod(TimeoutExtension.java:140)
	at org.junit.jupiter.engine.extension.TimeoutExtension.interceptTestMethod(TimeoutExtension.java:84)
	at org.junit.jupiter.engine.execution.ExecutableInvoker$ReflectiveInterceptorCall.lambda$ofVoidMethod$0(ExecutableInvoker.java:115)
	at org.junit.jupiter.engine.execution.ExecutableInvoker.lambda$invoke$0(ExecutableInvoker.java:105)
	at org.junit.jupiter.engine.execution.InvocationInterceptorChain$InterceptedInvocation.proceed(InvocationInterceptorChain.java:106)
	at org.junit.jupiter.engine.execution.InvocationInterceptorChain.proceed(InvocationInterceptorChain.java:64)
	at org.junit.jupiter.engine.execution.InvocationInterceptorChain.chainAndInvoke(InvocationInterceptorChain.java:45)
	at org.junit.jupiter.engine.execution.InvocationInterceptorChain.invoke(InvocationInterceptorChain.java:37)
	at org.junit.jupiter.engine.execution.ExecutableInvoker.invoke(ExecutableInvoker.java:104)
	at org.junit.jupiter.engine.execution.ExecutableInvoker.invoke(ExecutableInvoker.java:98)
	at org.junit.jupiter.engine.descriptor.TestMethodTestDescriptor.lambda$invokeTestMethod$7(TestMethodTestDescriptor.java:214)
	at org.junit.platform.engine.support.hierarchical.ThrowableCollector.execute(ThrowableCollector.java:73)
	at org.junit.jupiter.engine.descriptor.TestMethodTestDescriptor.invokeTestMethod(TestMethodTestDescriptor.java:210)
	at org.junit.jupiter.engine.descriptor.TestMethodTestDescriptor.execute(TestMethodTestDescriptor.java:135)
	at org.junit.jupiter.engine.descriptor.TestMethodTestDescriptor.execute(TestMethodTestDescriptor.java:66)
	at org.junit.platform.engine.support.hierarchical.NodeTestTask.lambda$executeRecursively$6(NodeTestTask.java:151)
	at org.junit.platform.engine.support.hierarchical.ThrowableCollector.execute(ThrowableCollector.java:73)
	at org.junit.platform.engine.support.hierarchical.NodeTestTask.lambda$executeRecursively$8(NodeTestTask.java:141)
	at org.junit.platform.engine.support.hierarchical.Node.around(Node.java:137)
	at org.junit.platform.engine.support.hierarchical.NodeTestTask.lambda$executeRecursively$9(NodeTestTask.java:139)
	at org.junit.platform.engine.support.hierarchical.ThrowableCollector.execute(ThrowableCollector.java:73)
	at org.junit.platform.engine.support.hierarchical.NodeTestTask.executeRecursively(NodeTestTask.java:138)
	at org.junit.platform.engine.support.hierarchical.NodeTestTask.execute(NodeTestTask.java:95)
	at java.util.ArrayList.forEach(ArrayList.java:1259)
	at org.junit.platform.engine.support.hierarchical.SameThreadHierarchicalTestExecutorService.invokeAll(SameThreadHierarchicalTestExecutorService.java:41)
	at org.junit.platform.engine.support.hierarchical.NodeTestTask.lambda$executeRecursively$6(NodeTestTask.java:155)
	at org.junit.platform.engine.support.hierarchical.ThrowableCollector.execute(ThrowableCollector.java:73)
	at org.junit.platform.engine.support.hierarchical.NodeTestTask.lambda$executeRecursively$8(NodeTestTask.java:141)
	at org.junit.platform.engine.support.hierarchical.Node.around(Node.java:137)
	at org.junit.platform.engine.support.hierarchical.NodeTestTask.lambda$executeRecursively$9(NodeTestTask.java:139)
	at org.junit.platform.engine.support.hierarchical.ThrowableCollector.execute(ThrowableCollector.java:73)
	at org.junit.platform.engine.support.hierarchical.NodeTestTask.executeRecursively(NodeTestTask.java:138)
	at org.junit.platform.engine.support.hierarchical.NodeTestTask.execute(NodeTestTask.java:95)
	at java.util.ArrayList.forEach(ArrayList.java:1259)
	at org.junit.platform.engine.support.hierarchical.SameThreadHierarchicalTestExecutorService.invokeAll(SameThreadHierarchicalTestExecutorService.java:41)
	at org.junit.platform.engine.support.hierarchical.NodeTestTask.lambda$executeRecursively$6(NodeTestTask.java:155)
	at org.junit.platform.engine.support.hierarchical.ThrowableCollector.execute(ThrowableCollector.java:73)
	at org.junit.platform.engine.support.hierarchical.NodeTestTask.lambda$executeRecursively$8(NodeTestTask.java:141)
	at org.junit.platform.engine.support.hierarchical.Node.around(Node.java:137)
	at org.junit.platform.engine.support.hierarchical.NodeTestTask.lambda$executeRecursively$9(NodeTestTask.java:139)
	at org.junit.platform.engine.support.hierarchical.ThrowableCollector.execute(ThrowableCollector.java:73)
	at org.junit.platform.engine.support.hierarchical.NodeTestTask.executeRecursively(NodeTestTask.java:138)
	at org.junit.platform.engine.support.hierarchical.NodeTestTask.execute(NodeTestTask.java:95)
	at org.junit.platform.engine.support.hierarchical.SameThreadHierarchicalTestExecutorService.submit(SameThreadHierarchicalTestExecutorService.java:35)
	at org.junit.platform.engine.support.hierarchical.HierarchicalTestExecutor.execute(HierarchicalTestExecutor.java:57)
	at org.junit.platform.engine.support.hierarchical.HierarchicalTestEngine.execute(HierarchicalTestEngine.java:54)
	at org.junit.platform.launcher.core.EngineExecutionOrchestrator.execute(EngineExecutionOrchestrator.java:107)
	at org.junit.platform.launcher.core.EngineExecutionOrchestrator.execute(EngineExecutionOrchestrator.java:88)
	at org.junit.platform.launcher.core.EngineExecutionOrchestrator.lambda$execute$0(EngineExecutionOrchestrator.java:54)
	at org.junit.platform.launcher.core.EngineExecutionOrchestrator.withInterceptedStreams(EngineExecutionOrchestrator.java:67)
	at org.junit.platform.launcher.core.EngineExecutionOrchestrator.execute(EngineExecutionOrchestrator.java:52)
	at org.junit.platform.launcher.core.DefaultLauncher.execute(DefaultLauncher.java:114)
	at org.junit.platform.launcher.core.DefaultLauncher.execute(DefaultLauncher.java:86)
	at org.junit.platform.launcher.core.DefaultLauncherSession$DelegatingLauncher.execute(DefaultLauncherSession.java:86)
	at org.junit.platform.launcher.core.SessionPerRequestLauncher.execute(SessionPerRequestLauncher.java:53)
	at org.apache.maven.surefire.junitplatform.JUnitPlatformProvider.invokeAllTests(JUnitPlatformProvider.java:165)
	at org.apache.maven.surefire.junitplatform.JUnitPlatformProvider.invoke(JUnitPlatformProvider.java:124)
	at org.apache.maven.surefire.booter.ForkedBooter.runSuitesInProcess(ForkedBooter.java:428)
	at org.apache.maven.surefire.booter.ForkedBooter.execute(ForkedBooter.java:162)
	at org.apache.maven.surefire.booter.ForkedBooter.run(ForkedBooter.java:562)
	at org.apache.maven.surefire.booter.ForkedBooter.main(ForkedBooter.java:548)
]]></stackTrace>
    </rerunFailure>
    <rerunFailure type="java.lang.AssertionError">
      <stackTrace><![CDATA[java.lang.AssertionError
	at org.junit.Assert.fail(Assert.java:87)
	at org.junit.Assert.assertTrue(Assert.java:42)
	at org.junit.Assert.assertTrue(Assert.java:53)
	at org.apache.hadoop.hdds.scm.TestRatisPipelineLeader.testLeaderIdUsedOnFirstCall(TestRatisPipelineLeader.java:85)
	at sun.reflect.NativeMethodAccessorImpl.invoke0(Native Method)
	at sun.reflect.NativeMethodAccessorImpl.invoke(NativeMethodAccessorImpl.java:62)
	at sun.reflect.DelegatingMethodAccessorImpl.invoke(DelegatingMethodAccessorImpl.java:43)
	at java.lang.reflect.Method.invoke(Method.java:498)
	at org.junit.platform.commons.util.ReflectionUtils.invokeMethod(ReflectionUtils.java:725)
	at org.junit.jupiter.engine.execution.MethodInvocation.proceed(MethodInvocation.java:60)
	at org.junit.jupiter.engine.execution.InvocationInterceptorChain$ValidatingInvocation.proceed(InvocationInterceptorChain.java:131)
	at org.junit.jupiter.engine.extension.TimeoutInvocation.proceed(TimeoutInvocation.java:46)
	at org.junit.jupiter.engine.extension.TimeoutExtension.intercept(TimeoutExtension.java:149)
	at org.junit.jupiter.engine.extension.TimeoutExtension.interceptTestableMethod(TimeoutExtension.java:140)
	at org.junit.jupiter.engine.extension.TimeoutExtension.interceptTestMethod(TimeoutExtension.java:84)
	at org.junit.jupiter.engine.execution.ExecutableInvoker$ReflectiveInterceptorCall.lambda$ofVoidMethod$0(ExecutableInvoker.java:115)
	at org.junit.jupiter.engine.execution.ExecutableInvoker.lambda$invoke$0(ExecutableInvoker.java:105)
	at org.junit.jupiter.engine.execution.InvocationInterceptorChain$InterceptedInvocation.proceed(InvocationInterceptorChain.java:106)
	at org.junit.jupiter.engine.execution.InvocationInterceptorChain.proceed(InvocationInterceptorChain.java:64)
	at org.junit.jupiter.engine.execution.InvocationInterceptorChain.chainAndInvoke(InvocationInterceptorChain.java:45)
	at org.junit.jupiter.engine.execution.InvocationInterceptorChain.invoke(InvocationInterceptorChain.java:37)
	at org.junit.jupiter.engine.execution.ExecutableInvoker.invoke(ExecutableInvoker.java:104)
	at org.junit.jupiter.engine.execution.ExecutableInvoker.invoke(ExecutableInvoker.java:98)
	at org.junit.jupiter.engine.descriptor.TestMethodTestDescriptor.lambda$invokeTestMethod$7(TestMethodTestDescriptor.java:214)
	at org.junit.platform.engine.support.hierarchical.ThrowableCollector.execute(ThrowableCollector.java:73)
	at org.junit.jupiter.engine.descriptor.TestMethodTestDescriptor.invokeTestMethod(TestMethodTestDescriptor.java:210)
	at org.junit.jupiter.engine.descriptor.TestMethodTestDescriptor.execute(TestMethodTestDescriptor.java:135)
	at org.junit.jupiter.engine.descriptor.TestMethodTestDescriptor.execute(TestMethodTestDescriptor.java:66)
	at org.junit.platform.engine.support.hierarchical.NodeTestTask.lambda$executeRecursively$6(NodeTestTask.java:151)
	at org.junit.platform.engine.support.hierarchical.ThrowableCollector.execute(ThrowableCollector.java:73)
	at org.junit.platform.engine.support.hierarchical.NodeTestTask.lambda$executeRecursively$8(NodeTestTask.java:141)
	at org.junit.platform.engine.support.hierarchical.Node.around(Node.java:137)
	at org.junit.platform.engine.support.hierarchical.NodeTestTask.lambda$executeRecursively$9(NodeTestTask.java:139)
	at org.junit.platform.engine.support.hierarchical.ThrowableCollector.execute(ThrowableCollector.java:73)
	at org.junit.platform.engine.support.hierarchical.NodeTestTask.executeRecursively(NodeTestTask.java:138)
	at org.junit.platform.engine.support.hierarchical.NodeTestTask.execute(NodeTestTask.java:95)
	at java.util.ArrayList.forEach(ArrayList.java:1259)
	at org.junit.platform.engine.support.hierarchical.SameThreadHierarchicalTestExecutorService.invokeAll(SameThreadHierarchicalTestExecutorService.java:41)
	at org.junit.platform.engine.support.hierarchical.NodeTestTask.lambda$executeRecursively$6(NodeTestTask.java:155)
	at org.junit.platform.engine.support.hierarchical.ThrowableCollector.execute(ThrowableCollector.java:73)
	at org.junit.platform.engine.support.hierarchical.NodeTestTask.lambda$executeRecursively$8(NodeTestTask.java:141)
	at org.junit.platform.engine.support.hierarchical.Node.around(Node.java:137)
	at org.junit.platform.engine.support.hierarchical.NodeTestTask.lambda$executeRecursively$9(NodeTestTask.java:139)
	at org.junit.platform.engine.support.hierarchical.ThrowableCollector.execute(ThrowableCollector.java:73)
	at org.junit.platform.engine.support.hierarchical.NodeTestTask.executeRecursively(NodeTestTask.java:138)
	at org.junit.platform.engine.support.hierarchical.NodeTestTask.execute(NodeTestTask.java:95)
	at java.util.ArrayList.forEach(ArrayList.java:1259)
	at org.junit.platform.engine.support.hierarchical.SameThreadHierarchicalTestExecutorService.invokeAll(SameThreadHierarchicalTestExecutorService.java:41)
	at org.junit.platform.engine.support.hierarchical.NodeTestTask.lambda$executeRecursively$6(NodeTestTask.java:155)
	at org.junit.platform.engine.support.hierarchical.ThrowableCollector.execute(ThrowableCollector.java:73)
	at org.junit.platform.engine.support.hierarchical.NodeTestTask.lambda$executeRecursively$8(NodeTestTask.java:141)
	at org.junit.platform.engine.support.hierarchical.Node.around(Node.java:137)
	at org.junit.platform.engine.support.hierarchical.NodeTestTask.lambda$executeRecursively$9(NodeTestTask.java:139)
	at org.junit.platform.engine.support.hierarchical.ThrowableCollector.execute(ThrowableCollector.java:73)
	at org.junit.platform.engine.support.hierarchical.NodeTestTask.executeRecursively(NodeTestTask.java:138)
	at org.junit.platform.engine.support.hierarchical.NodeTestTask.execute(NodeTestTask.java:95)
	at org.junit.platform.engine.support.hierarchical.SameThreadHierarchicalTestExecutorService.submit(SameThreadHierarchicalTestExecutorService.java:35)
	at org.junit.platform.engine.support.hierarchical.HierarchicalTestExecutor.execute(HierarchicalTestExecutor.java:57)
	at org.junit.platform.engine.support.hierarchical.HierarchicalTestEngine.execute(HierarchicalTestEngine.java:54)
	at org.junit.platform.launcher.core.EngineExecutionOrchestrator.execute(EngineExecutionOrchestrator.java:107)
	at org.junit.platform.launcher.core.EngineExecutionOrchestrator.execute(EngineExecutionOrchestrator.java:88)
	at org.junit.platform.launcher.core.EngineExecutionOrchestrator.lambda$execute$0(EngineExecutionOrchestrator.java:54)
	at org.junit.platform.launcher.core.EngineExecutionOrchestrator.withInterceptedStreams(EngineExecutionOrchestrator.java:67)
	at org.junit.platform.launcher.core.EngineExecutionOrchestrator.execute(EngineExecutionOrchestrator.java:52)
	at org.junit.platform.launcher.core.DefaultLauncher.execute(DefaultLauncher.java:114)
	at org.junit.platform.launcher.core.DefaultLauncher.execute(DefaultLauncher.java:86)
	at org.junit.platform.launcher.core.DefaultLauncherSession$DelegatingLauncher.execute(DefaultLauncherSession.java:86)
	at org.junit.platform.launcher.core.SessionPerRequestLauncher.execute(SessionPerRequestLauncher.java:53)
	at org.apache.maven.surefire.junitplatform.JUnitPlatformProvider.invokeAllTests(JUnitPlatformProvider.java:165)
	at org.apache.maven.surefire.junitplatform.JUnitPlatformProvider.invoke(JUnitPlatformProvider.java:124)
	at org.apache.maven.surefire.booter.ForkedBooter.runSuitesInProcess(ForkedBooter.java:428)
	at org.apache.maven.surefire.booter.ForkedBooter.execute(ForkedBooter.java:162)
	at org.apache.maven.surefire.booter.ForkedBooter.run(ForkedBooter.java:562)
	at org.apache.maven.surefire.booter.ForkedBooter.main(ForkedBooter.java:548)
]]></stackTrace>
    </rerunFailure>
    <rerunFailure type="java.lang.AssertionError">
      <stackTrace><![CDATA[java.lang.AssertionError
	at org.junit.Assert.fail(Assert.java:87)
	at org.junit.Assert.assertTrue(Assert.java:42)
	at org.junit.Assert.assertTrue(Assert.java:53)
	at org.apache.hadoop.hdds.scm.TestRatisPipelineLeader.testLeaderIdUsedOnFirstCall(TestRatisPipelineLeader.java:85)
	at sun.reflect.NativeMethodAccessorImpl.invoke0(Native Method)
	at sun.reflect.NativeMethodAccessorImpl.invoke(NativeMethodAccessorImpl.java:62)
	at sun.reflect.DelegatingMethodAccessorImpl.invoke(DelegatingMethodAccessorImpl.java:43)
	at java.lang.reflect.Method.invoke(Method.java:498)
	at org.junit.platform.commons.util.ReflectionUtils.invokeMethod(ReflectionUtils.java:725)
	at org.junit.jupiter.engine.execution.MethodInvocation.proceed(MethodInvocation.java:60)
	at org.junit.jupiter.engine.execution.InvocationInterceptorChain$ValidatingInvocation.proceed(InvocationInterceptorChain.java:131)
	at org.junit.jupiter.engine.extension.TimeoutInvocation.proceed(TimeoutInvocation.java:46)
	at org.junit.jupiter.engine.extension.TimeoutExtension.intercept(TimeoutExtension.java:149)
	at org.junit.jupiter.engine.extension.TimeoutExtension.interceptTestableMethod(TimeoutExtension.java:140)
	at org.junit.jupiter.engine.extension.TimeoutExtension.interceptTestMethod(TimeoutExtension.java:84)
	at org.junit.jupiter.engine.execution.ExecutableInvoker$ReflectiveInterceptorCall.lambda$ofVoidMethod$0(ExecutableInvoker.java:115)
	at org.junit.jupiter.engine.execution.ExecutableInvoker.lambda$invoke$0(ExecutableInvoker.java:105)
	at org.junit.jupiter.engine.execution.InvocationInterceptorChain$InterceptedInvocation.proceed(InvocationInterceptorChain.java:106)
	at org.junit.jupiter.engine.execution.InvocationInterceptorChain.proceed(InvocationInterceptorChain.java:64)
	at org.junit.jupiter.engine.execution.InvocationInterceptorChain.chainAndInvoke(InvocationInterceptorChain.java:45)
	at org.junit.jupiter.engine.execution.InvocationInterceptorChain.invoke(InvocationInterceptorChain.java:37)
	at org.junit.jupiter.engine.execution.ExecutableInvoker.invoke(ExecutableInvoker.java:104)
	at org.junit.jupiter.engine.execution.ExecutableInvoker.invoke(ExecutableInvoker.java:98)
	at org.junit.jupiter.engine.descriptor.TestMethodTestDescriptor.lambda$invokeTestMethod$7(TestMethodTestDescriptor.java:214)
	at org.junit.platform.engine.support.hierarchical.ThrowableCollector.execute(ThrowableCollector.java:73)
	at org.junit.jupiter.engine.descriptor.TestMethodTestDescriptor.invokeTestMethod(TestMethodTestDescriptor.java:210)
	at org.junit.jupiter.engine.descriptor.TestMethodTestDescriptor.execute(TestMethodTestDescriptor.java:135)
	at org.junit.jupiter.engine.descriptor.TestMethodTestDescriptor.execute(TestMethodTestDescriptor.java:66)
	at org.junit.platform.engine.support.hierarchical.NodeTestTask.lambda$executeRecursively$6(NodeTestTask.java:151)
	at org.junit.platform.engine.support.hierarchical.ThrowableCollector.execute(ThrowableCollector.java:73)
	at org.junit.platform.engine.support.hierarchical.NodeTestTask.lambda$executeRecursively$8(NodeTestTask.java:141)
	at org.junit.platform.engine.support.hierarchical.Node.around(Node.java:137)
	at org.junit.platform.engine.support.hierarchical.NodeTestTask.lambda$executeRecursively$9(NodeTestTask.java:139)
	at org.junit.platform.engine.support.hierarchical.ThrowableCollector.execute(ThrowableCollector.java:73)
	at org.junit.platform.engine.support.hierarchical.NodeTestTask.executeRecursively(NodeTestTask.java:138)
	at org.junit.platform.engine.support.hierarchical.NodeTestTask.execute(NodeTestTask.java:95)
	at java.util.ArrayList.forEach(ArrayList.java:1259)
	at org.junit.platform.engine.support.hierarchical.SameThreadHierarchicalTestExecutorService.invokeAll(SameThreadHierarchicalTestExecutorService.java:41)
	at org.junit.platform.engine.support.hierarchical.NodeTestTask.lambda$executeRecursively$6(NodeTestTask.java:155)
	at org.junit.platform.engine.support.hierarchical.ThrowableCollector.execute(ThrowableCollector.java:73)
	at org.junit.platform.engine.support.hierarchical.NodeTestTask.lambda$executeRecursively$8(NodeTestTask.java:141)
	at org.junit.platform.engine.support.hierarchical.Node.around(Node.java:137)
	at org.junit.platform.engine.support.hierarchical.NodeTestTask.lambda$executeRecursively$9(NodeTestTask.java:139)
	at org.junit.platform.engine.support.hierarchical.ThrowableCollector.execute(ThrowableCollector.java:73)
	at org.junit.platform.engine.support.hierarchical.NodeTestTask.executeRecursively(NodeTestTask.java:138)
	at org.junit.platform.engine.support.hierarchical.NodeTestTask.execute(NodeTestTask.java:95)
	at java.util.ArrayList.forEach(ArrayList.java:1259)
	at org.junit.platform.engine.support.hierarchical.SameThreadHierarchicalTestExecutorService.invokeAll(SameThreadHierarchicalTestExecutorService.java:41)
	at org.junit.platform.engine.support.hierarchical.NodeTestTask.lambda$executeRecursively$6(NodeTestTask.java:155)
	at org.junit.platform.engine.support.hierarchical.ThrowableCollector.execute(ThrowableCollector.java:73)
	at org.junit.platform.engine.support.hierarchical.NodeTestTask.lambda$executeRecursively$8(NodeTestTask.java:141)
	at org.junit.platform.engine.support.hierarchical.Node.around(Node.java:137)
	at org.junit.platform.engine.support.hierarchical.NodeTestTask.lambda$executeRecursively$9(NodeTestTask.java:139)
	at org.junit.platform.engine.support.hierarchical.ThrowableCollector.execute(ThrowableCollector.java:73)
	at org.junit.platform.engine.support.hierarchical.NodeTestTask.executeRecursively(NodeTestTask.java:138)
	at org.junit.platform.engine.support.hierarchical.NodeTestTask.execute(NodeTestTask.java:95)
	at org.junit.platform.engine.support.hierarchical.SameThreadHierarchicalTestExecutorService.submit(SameThreadHierarchicalTestExecutorService.java:35)
	at org.junit.platform.engine.support.hierarchical.HierarchicalTestExecutor.execute(HierarchicalTestExecutor.java:57)
	at org.junit.platform.engine.support.hierarchical.HierarchicalTestEngine.execute(HierarchicalTestEngine.java:54)
	at org.junit.platform.launcher.core.EngineExecutionOrchestrator.execute(EngineExecutionOrchestrator.java:107)
	at org.junit.platform.launcher.core.EngineExecutionOrchestrator.execute(EngineExecutionOrchestrator.java:88)
	at org.junit.platform.launcher.core.EngineExecutionOrchestrator.lambda$execute$0(EngineExecutionOrchestrator.java:54)
	at org.junit.platform.launcher.core.EngineExecutionOrchestrator.withInterceptedStreams(EngineExecutionOrchestrator.java:67)
	at org.junit.platform.launcher.core.EngineExecutionOrchestrator.execute(EngineExecutionOrchestrator.java:52)
	at org.junit.platform.launcher.core.DefaultLauncher.execute(DefaultLauncher.java:114)
	at org.junit.platform.launcher.core.DefaultLauncher.execute(DefaultLauncher.java:86)
	at org.junit.platform.launcher.core.DefaultLauncherSession$DelegatingLauncher.execute(DefaultLauncherSession.java:86)
	at org.junit.platform.launcher.core.SessionPerRequestLauncher.execute(SessionPerRequestLauncher.java:53)
	at org.apache.maven.surefire.junitplatform.JUnitPlatformProvider.invokeAllTests(JUnitPlatformProvider.java:165)
	at org.apache.maven.surefire.junitplatform.JUnitPlatformProvider.invoke(JUnitPlatformProvider.java:124)
	at org.apache.maven.surefire.booter.ForkedBooter.runSuitesInProcess(ForkedBooter.java:428)
	at org.apache.maven.surefire.booter.ForkedBooter.execute(ForkedBooter.java:162)
	at org.apache.maven.surefire.booter.ForkedBooter.run(ForkedBooter.java:562)
	at org.apache.maven.surefire.booter.ForkedBooter.main(ForkedBooter.java:548)
]]></stackTrace>
    </rerunFailure>
    <rerunFailure type="java.lang.AssertionError">
      <stackTrace><![CDATA[java.lang.AssertionError
	at org.junit.Assert.fail(Assert.java:87)
	at org.junit.Assert.assertTrue(Assert.java:42)
	at org.junit.Assert.assertTrue(Assert.java:53)
	at org.apache.hadoop.hdds.scm.TestRatisPipelineLeader.testLeaderIdUsedOnFirstCall(TestRatisPipelineLeader.java:85)
	at sun.reflect.NativeMethodAccessorImpl.invoke0(Native Method)
	at sun.reflect.NativeMethodAccessorImpl.invoke(NativeMethodAccessorImpl.java:62)
	at sun.reflect.DelegatingMethodAccessorImpl.invoke(DelegatingMethodAccessorImpl.java:43)
	at java.lang.reflect.Method.invoke(Method.java:498)
	at org.junit.platform.commons.util.ReflectionUtils.invokeMethod(ReflectionUtils.java:725)
	at org.junit.jupiter.engine.execution.MethodInvocation.proceed(MethodInvocation.java:60)
	at org.junit.jupiter.engine.execution.InvocationInterceptorChain$ValidatingInvocation.proceed(InvocationInterceptorChain.java:131)
	at org.junit.jupiter.engine.extension.TimeoutInvocation.proceed(TimeoutInvocation.java:46)
	at org.junit.jupiter.engine.extension.TimeoutExtension.intercept(TimeoutExtension.java:149)
	at org.junit.jupiter.engine.extension.TimeoutExtension.interceptTestableMethod(TimeoutExtension.java:140)
	at org.junit.jupiter.engine.extension.TimeoutExtension.interceptTestMethod(TimeoutExtension.java:84)
	at org.junit.jupiter.engine.execution.ExecutableInvoker$ReflectiveInterceptorCall.lambda$ofVoidMethod$0(ExecutableInvoker.java:115)
	at org.junit.jupiter.engine.execution.ExecutableInvoker.lambda$invoke$0(ExecutableInvoker.java:105)
	at org.junit.jupiter.engine.execution.InvocationInterceptorChain$InterceptedInvocation.proceed(InvocationInterceptorChain.java:106)
	at org.junit.jupiter.engine.execution.InvocationInterceptorChain.proceed(InvocationInterceptorChain.java:64)
	at org.junit.jupiter.engine.execution.InvocationInterceptorChain.chainAndInvoke(InvocationInterceptorChain.java:45)
	at org.junit.jupiter.engine.execution.InvocationInterceptorChain.invoke(InvocationInterceptorChain.java:37)
	at org.junit.jupiter.engine.execution.ExecutableInvoker.invoke(ExecutableInvoker.java:104)
	at org.junit.jupiter.engine.execution.ExecutableInvoker.invoke(ExecutableInvoker.java:98)
	at org.junit.jupiter.engine.descriptor.TestMethodTestDescriptor.lambda$invokeTestMethod$7(TestMethodTestDescriptor.java:214)
	at org.junit.platform.engine.support.hierarchical.ThrowableCollector.execute(ThrowableCollector.java:73)
	at org.junit.jupiter.engine.descriptor.TestMethodTestDescriptor.invokeTestMethod(TestMethodTestDescriptor.java:210)
	at org.junit.jupiter.engine.descriptor.TestMethodTestDescriptor.execute(TestMethodTestDescriptor.java:135)
	at org.junit.jupiter.engine.descriptor.TestMethodTestDescriptor.execute(TestMethodTestDescriptor.java:66)
	at org.junit.platform.engine.support.hierarchical.NodeTestTask.lambda$executeRecursively$6(NodeTestTask.java:151)
	at org.junit.platform.engine.support.hierarchical.ThrowableCollector.execute(ThrowableCollector.java:73)
	at org.junit.platform.engine.support.hierarchical.NodeTestTask.lambda$executeRecursively$8(NodeTestTask.java:141)
	at org.junit.platform.engine.support.hierarchical.Node.around(Node.java:137)
	at org.junit.platform.engine.support.hierarchical.NodeTestTask.lambda$executeRecursively$9(NodeTestTask.java:139)
	at org.junit.platform.engine.support.hierarchical.ThrowableCollector.execute(ThrowableCollector.java:73)
	at org.junit.platform.engine.support.hierarchical.NodeTestTask.executeRecursively(NodeTestTask.java:138)
	at org.junit.platform.engine.support.hierarchical.NodeTestTask.execute(NodeTestTask.java:95)
	at java.util.ArrayList.forEach(ArrayList.java:1259)
	at org.junit.platform.engine.support.hierarchical.SameThreadHierarchicalTestExecutorService.invokeAll(SameThreadHierarchicalTestExecutorService.java:41)
	at org.junit.platform.engine.support.hierarchical.NodeTestTask.lambda$executeRecursively$6(NodeTestTask.java:155)
	at org.junit.platform.engine.support.hierarchical.ThrowableCollector.execute(ThrowableCollector.java:73)
	at org.junit.platform.engine.support.hierarchical.NodeTestTask.lambda$executeRecursively$8(NodeTestTask.java:141)
	at org.junit.platform.engine.support.hierarchical.Node.around(Node.java:137)
	at org.junit.platform.engine.support.hierarchical.NodeTestTask.lambda$executeRecursively$9(NodeTestTask.java:139)
	at org.junit.platform.engine.support.hierarchical.ThrowableCollector.execute(ThrowableCollector.java:73)
	at org.junit.platform.engine.support.hierarchical.NodeTestTask.executeRecursively(NodeTestTask.java:138)
	at org.junit.platform.engine.support.hierarchical.NodeTestTask.execute(NodeTestTask.java:95)
	at java.util.ArrayList.forEach(ArrayList.java:1259)
	at org.junit.platform.engine.support.hierarchical.SameThreadHierarchicalTestExecutorService.invokeAll(SameThreadHierarchicalTestExecutorService.java:41)
	at org.junit.platform.engine.support.hierarchical.NodeTestTask.lambda$executeRecursively$6(NodeTestTask.java:155)
	at org.junit.platform.engine.support.hierarchical.ThrowableCollector.execute(ThrowableCollector.java:73)
	at org.junit.platform.engine.support.hierarchical.NodeTestTask.lambda$executeRecursively$8(NodeTestTask.java:141)
	at org.junit.platform.engine.support.hierarchical.Node.around(Node.java:137)
	at org.junit.platform.engine.support.hierarchical.NodeTestTask.lambda$executeRecursively$9(NodeTestTask.java:139)
	at org.junit.platform.engine.support.hierarchical.ThrowableCollector.execute(ThrowableCollector.java:73)
	at org.junit.platform.engine.support.hierarchical.NodeTestTask.executeRecursively(NodeTestTask.java:138)
	at org.junit.platform.engine.support.hierarchical.NodeTestTask.execute(NodeTestTask.java:95)
	at org.junit.platform.engine.support.hierarchical.SameThreadHierarchicalTestExecutorService.submit(SameThreadHierarchicalTestExecutorService.java:35)
	at org.junit.platform.engine.support.hierarchical.HierarchicalTestExecutor.execute(HierarchicalTestExecutor.java:57)
	at org.junit.platform.engine.support.hierarchical.HierarchicalTestEngine.execute(HierarchicalTestEngine.java:54)
	at org.junit.platform.launcher.core.EngineExecutionOrchestrator.execute(EngineExecutionOrchestrator.java:107)
	at org.junit.platform.launcher.core.EngineExecutionOrchestrator.execute(EngineExecutionOrchestrator.java:88)
	at org.junit.platform.launcher.core.EngineExecutionOrchestrator.lambda$execute$0(EngineExecutionOrchestrator.java:54)
	at org.junit.platform.launcher.core.EngineExecutionOrchestrator.withInterceptedStreams(EngineExecutionOrchestrator.java:67)
	at org.junit.platform.launcher.core.EngineExecutionOrchestrator.execute(EngineExecutionOrchestrator.java:52)
	at org.junit.platform.launcher.core.DefaultLauncher.execute(DefaultLauncher.java:114)
	at org.junit.platform.launcher.core.DefaultLauncher.execute(DefaultLauncher.java:86)
	at org.junit.platform.launcher.core.DefaultLauncherSession$DelegatingLauncher.execute(DefaultLauncherSession.java:86)
	at org.junit.platform.launcher.core.SessionPerRequestLauncher.execute(SessionPerRequestLauncher.java:53)
	at org.apache.maven.surefire.junitplatform.JUnitPlatformProvider.invokeAllTests(JUnitPlatformProvider.java:165)
	at org.apache.maven.surefire.junitplatform.JUnitPlatformProvider.invoke(JUnitPlatformProvider.java:124)
	at org.apache.maven.surefire.booter.ForkedBooter.runSuitesInProcess(ForkedBooter.java:428)
	at org.apache.maven.surefire.booter.ForkedBooter.execute(ForkedBooter.java:162)
	at org.apache.maven.surefire.booter.ForkedBooter.run(ForkedBooter.java:562)
	at org.apache.maven.surefire.booter.ForkedBooter.main(ForkedBooter.java:548)
]]></stackTrace>
    </rerunFailure>
    <rerunFailure type="java.lang.AssertionError">
      <stackTrace><![CDATA[java.lang.AssertionError
	at org.junit.Assert.fail(Assert.java:87)
	at org.junit.Assert.assertTrue(Assert.java:42)
	at org.junit.Assert.assertTrue(Assert.java:53)
	at org.apache.hadoop.hdds.scm.TestRatisPipelineLeader.testLeaderIdUsedOnFirstCall(TestRatisPipelineLeader.java:85)
	at sun.reflect.NativeMethodAccessorImpl.invoke0(Native Method)
	at sun.reflect.NativeMethodAccessorImpl.invoke(NativeMethodAccessorImpl.java:62)
	at sun.reflect.DelegatingMethodAccessorImpl.invoke(DelegatingMethodAccessorImpl.java:43)
	at java.lang.reflect.Method.invoke(Method.java:498)
	at org.junit.platform.commons.util.ReflectionUtils.invokeMethod(ReflectionUtils.java:725)
	at org.junit.jupiter.engine.execution.MethodInvocation.proceed(MethodInvocation.java:60)
	at org.junit.jupiter.engine.execution.InvocationInterceptorChain$ValidatingInvocation.proceed(InvocationInterceptorChain.java:131)
	at org.junit.jupiter.engine.extension.TimeoutInvocation.proceed(TimeoutInvocation.java:46)
	at org.junit.jupiter.engine.extension.TimeoutExtension.intercept(TimeoutExtension.java:149)
	at org.junit.jupiter.engine.extension.TimeoutExtension.interceptTestableMethod(TimeoutExtension.java:140)
	at org.junit.jupiter.engine.extension.TimeoutExtension.interceptTestMethod(TimeoutExtension.java:84)
	at org.junit.jupiter.engine.execution.ExecutableInvoker$ReflectiveInterceptorCall.lambda$ofVoidMethod$0(ExecutableInvoker.java:115)
	at org.junit.jupiter.engine.execution.ExecutableInvoker.lambda$invoke$0(ExecutableInvoker.java:105)
	at org.junit.jupiter.engine.execution.InvocationInterceptorChain$InterceptedInvocation.proceed(InvocationInterceptorChain.java:106)
	at org.junit.jupiter.engine.execution.InvocationInterceptorChain.proceed(InvocationInterceptorChain.java:64)
	at org.junit.jupiter.engine.execution.InvocationInterceptorChain.chainAndInvoke(InvocationInterceptorChain.java:45)
	at org.junit.jupiter.engine.execution.InvocationInterceptorChain.invoke(InvocationInterceptorChain.java:37)
	at org.junit.jupiter.engine.execution.ExecutableInvoker.invoke(ExecutableInvoker.java:104)
	at org.junit.jupiter.engine.execution.ExecutableInvoker.invoke(ExecutableInvoker.java:98)
	at org.junit.jupiter.engine.descriptor.TestMethodTestDescriptor.lambda$invokeTestMethod$7(TestMethodTestDescriptor.java:214)
	at org.junit.platform.engine.support.hierarchical.ThrowableCollector.execute(ThrowableCollector.java:73)
	at org.junit.jupiter.engine.descriptor.TestMethodTestDescriptor.invokeTestMethod(TestMethodTestDescriptor.java:210)
	at org.junit.jupiter.engine.descriptor.TestMethodTestDescriptor.execute(TestMethodTestDescriptor.java:135)
	at org.junit.jupiter.engine.descriptor.TestMethodTestDescriptor.execute(TestMethodTestDescriptor.java:66)
	at org.junit.platform.engine.support.hierarchical.NodeTestTask.lambda$executeRecursively$6(NodeTestTask.java:151)
	at org.junit.platform.engine.support.hierarchical.ThrowableCollector.execute(ThrowableCollector.java:73)
	at org.junit.platform.engine.support.hierarchical.NodeTestTask.lambda$executeRecursively$8(NodeTestTask.java:141)
	at org.junit.platform.engine.support.hierarchical.Node.around(Node.java:137)
	at org.junit.platform.engine.support.hierarchical.NodeTestTask.lambda$executeRecursively$9(NodeTestTask.java:139)
	at org.junit.platform.engine.support.hierarchical.ThrowableCollector.execute(ThrowableCollector.java:73)
	at org.junit.platform.engine.support.hierarchical.NodeTestTask.executeRecursively(NodeTestTask.java:138)
	at org.junit.platform.engine.support.hierarchical.NodeTestTask.execute(NodeTestTask.java:95)
	at java.util.ArrayList.forEach(ArrayList.java:1259)
	at org.junit.platform.engine.support.hierarchical.SameThreadHierarchicalTestExecutorService.invokeAll(SameThreadHierarchicalTestExecutorService.java:41)
	at org.junit.platform.engine.support.hierarchical.NodeTestTask.lambda$executeRecursively$6(NodeTestTask.java:155)
	at org.junit.platform.engine.support.hierarchical.ThrowableCollector.execute(ThrowableCollector.java:73)
	at org.junit.platform.engine.support.hierarchical.NodeTestTask.lambda$executeRecursively$8(NodeTestTask.java:141)
	at org.junit.platform.engine.support.hierarchical.Node.around(Node.java:137)
	at org.junit.platform.engine.support.hierarchical.NodeTestTask.lambda$executeRecursively$9(NodeTestTask.java:139)
	at org.junit.platform.engine.support.hierarchical.ThrowableCollector.execute(ThrowableCollector.java:73)
	at org.junit.platform.engine.support.hierarchical.NodeTestTask.executeRecursively(NodeTestTask.java:138)
	at org.junit.platform.engine.support.hierarchical.NodeTestTask.execute(NodeTestTask.java:95)
	at java.util.ArrayList.forEach(ArrayList.java:1259)
	at org.junit.platform.engine.support.hierarchical.SameThreadHierarchicalTestExecutorService.invokeAll(SameThreadHierarchicalTestExecutorService.java:41)
	at org.junit.platform.engine.support.hierarchical.NodeTestTask.lambda$executeRecursively$6(NodeTestTask.java:155)
	at org.junit.platform.engine.support.hierarchical.ThrowableCollector.execute(ThrowableCollector.java:73)
	at org.junit.platform.engine.support.hierarchical.NodeTestTask.lambda$executeRecursively$8(NodeTestTask.java:141)
	at org.junit.platform.engine.support.hierarchical.Node.around(Node.java:137)
	at org.junit.platform.engine.support.hierarchical.NodeTestTask.lambda$executeRecursively$9(NodeTestTask.java:139)
	at org.junit.platform.engine.support.hierarchical.ThrowableCollector.execute(ThrowableCollector.java:73)
	at org.junit.platform.engine.support.hierarchical.NodeTestTask.executeRecursively(NodeTestTask.java:138)
	at org.junit.platform.engine.support.hierarchical.NodeTestTask.execute(NodeTestTask.java:95)
	at org.junit.platform.engine.support.hierarchical.SameThreadHierarchicalTestExecutorService.submit(SameThreadHierarchicalTestExecutorService.java:35)
	at org.junit.platform.engine.support.hierarchical.HierarchicalTestExecutor.execute(HierarchicalTestExecutor.java:57)
	at org.junit.platform.engine.support.hierarchical.HierarchicalTestEngine.execute(HierarchicalTestEngine.java:54)
	at org.junit.platform.launcher.core.EngineExecutionOrchestrator.execute(EngineExecutionOrchestrator.java:107)
	at org.junit.platform.launcher.core.EngineExecutionOrchestrator.execute(EngineExecutionOrchestrator.java:88)
	at org.junit.platform.launcher.core.EngineExecutionOrchestrator.lambda$execute$0(EngineExecutionOrchestrator.java:54)
	at org.junit.platform.launcher.core.EngineExecutionOrchestrator.withInterceptedStreams(EngineExecutionOrchestrator.java:67)
	at org.junit.platform.launcher.core.EngineExecutionOrchestrator.execute(EngineExecutionOrchestrator.java:52)
	at org.junit.platform.launcher.core.DefaultLauncher.execute(DefaultLauncher.java:114)
	at org.junit.platform.launcher.core.DefaultLauncher.execute(DefaultLauncher.java:86)
	at org.junit.platform.launcher.core.DefaultLauncherSession$DelegatingLauncher.execute(DefaultLauncherSession.java:86)
	at org.junit.platform.launcher.core.SessionPerRequestLauncher.execute(SessionPerRequestLauncher.java:53)
	at org.apache.maven.surefire.junitplatform.JUnitPlatformProvider.invokeAllTests(JUnitPlatformProvider.java:165)
	at org.apache.maven.surefire.junitplatform.JUnitPlatformProvider.invoke(JUnitPlatformProvider.java:124)
	at org.apache.maven.surefire.booter.ForkedBooter.runSuitesInProcess(ForkedBooter.java:428)
	at org.apache.maven.surefire.booter.ForkedBooter.execute(ForkedBooter.java:162)
	at org.apache.maven.surefire.booter.ForkedBooter.run(ForkedBooter.java:562)
	at org.apache.maven.surefire.booter.ForkedBooter.main(ForkedBooter.java:548)
]]></stackTrace>
    </rerunFailure>
  </testcase>
</testsuite>