<?xml version="1.0" encoding="UTF-8"?>
<testsuite xmlns:xsi="http://www.w3.org/2001/XMLSchema-instance" xsi:noNamespaceSchemaLocation="https://maven.apache.org/surefire/maven-surefire-plugin/xsd/surefire-test-report.xsd" name="org.apache.hadoop.ozone.client.rpc.TestWatchForCommit" time="305.962" tests="4" errors="1" skipped="0" failures="0">
  <properties>
    <property name="awt.toolkit" value="sun.awt.X11.XToolkit"/>
    <property name="file.encoding.pkg" value="sun.io"/>
    <property name="java.specification.version" value="1.8"/>
    <property name="sun.cpu.isalist" value=""/>
    <property name="sun.jnu.encoding" value="UTF-8"/>
    <property name="java.class.path" value="/home/runner/work/ozone/ozone/hadoop-ozone/integration-test/target/test-classes:/home/runner/work/ozone/ozone/hadoop-ozone/integration-test/target/classes:/home/runner/.m2/repository/org/apache/ozone/ozone-common/1.2.0-SNAPSHOT/ozone-common-1.2.0-SNAPSHOT.jar:/home/runner/.m2/repository/org/apache/commons/commons-compress/1.20/commons-compress-1.20.jar:/home/runner/.m2/repository/org/apache/ozone/hdds-common/1.2.0-SNAPSHOT/hdds-common-1.2.0-SNAPSHOT.jar:/home/runner/.m2/repository/org/apache/ozone/hdds-client/1.2.0-SNAPSHOT/hdds-client-1.2.0-SNAPSHOT.jar:/home/runner/.m2/repository/org/apache/ozone/ozone-interface-client/1.2.0-SNAPSHOT/ozone-interface-client-1.2.0-SNAPSHOT.jar:/home/runner/.m2/repository/org/apache/ozone/hdds-server-framework/1.2.0-SNAPSHOT/hdds-server-framework-1.2.0-SNAPSHOT.jar:/home/runner/.m2/repository/org/apache/ozone/hdds-interface-server/1.2.0-SNAPSHOT/hdds-interface-server-1.2.0-SNAPSHOT.jar:/home/runner/.m2/repository/org/eclipse/jetty/jetty-servlet/9.4.43.v20210629/jetty-servlet-9.4.43.v20210629.jar:/home/runner/.m2/repository/org/eclipse/jetty/jetty-security/9.4.43.v20210629/jetty-security-9.4.43.v20210629.jar:/home/runner/.m2/repository/org/rocksdb/rocksdbjni/6.20.3/rocksdbjni-6.20.3.jar:/home/runner/.m2/repository/io/prometheus/simpleclient_dropwizard/0.7.0/simpleclient_dropwizard-0.7.0.jar:/home/runner/.m2/repository/io/prometheus/simpleclient/0.7.0/simpleclient-0.7.0.jar:/home/runner/.m2/repository/io/prometheus/simpleclient_common/0.7.0/simpleclient_common-0.7.0.jar:/home/runner/.m2/repository/com/fasterxml/jackson/datatype/jackson-datatype-jsr310/2.12.1/jackson-datatype-jsr310-2.12.1.jar:/home/runner/.m2/repository/org/apache/ozone/hdds-test-utils/1.2.0-SNAPSHOT/hdds-test-utils-1.2.0-SNAPSHOT.jar:/home/runner/.m2/repository/com/google/guava/guava/30.1.1-jre/guava-30.1.1-jre.jar:/home/runner/.m2/repository/com/google/guava/failureaccess/1.0.1/failureaccess-1.0.1.jar:/home/runner/.m2/repository/com/google/guava/listenablefuture/9999.0-empty-to-avoid-conflict-with-guava/listenablefuture-9999.0-empty-to-avoid-conflict-with-guava.jar:/home/runner/.m2/repository/com/google/code/findbugs/jsr305/3.0.0/jsr305-3.0.0.jar:/home/runner/.m2/repository/org/checkerframework/checker-qual/3.8.0/checker-qual-3.8.0.jar:/home/runner/.m2/repository/com/google/errorprone/error_prone_annotations/2.2.0/error_prone_annotations-2.2.0.jar:/home/runner/.m2/repository/com/google/j2objc/j2objc-annotations/1.3/j2objc-annotations-1.3.jar:/home/runner/.m2/repository/commons-io/commons-io/2.8.0/commons-io-2.8.0.jar:/home/runner/.m2/repository/commons-logging/commons-logging/1.2/commons-logging-1.2.jar:/home/runner/.m2/repository/log4j/log4j/1.2.17/log4j-1.2.17.jar:/home/runner/.m2/repository/org/slf4j/slf4j-api/1.7.30/slf4j-api-1.7.30.jar:/home/runner/.m2/repository/org/apache/ozone/hdds-server-scm/1.2.0-SNAPSHOT/hdds-server-scm-1.2.0-SNAPSHOT.jar:/home/runner/.m2/repository/org/apache/ozone/hdds-container-service/1.2.0-SNAPSHOT/hdds-container-service-1.2.0-SNAPSHOT.jar:/home/runner/.m2/repository/org/apache/ozone/hdds-hadoop-dependency-server/1.2.0-SNAPSHOT/hdds-hadoop-dependency-server-1.2.0-SNAPSHOT.jar:/home/runner/.m2/repository/org/apache/hadoop/hadoop-hdfs/3.3.1/hadoop-hdfs-3.3.1.jar:/home/runner/.m2/repository/io/dropwizard/metrics/metrics-core/3.2.4/metrics-core-3.2.4.jar:/home/runner/.m2/repository/org/apache/hadoop/hadoop-hdfs-client/3.3.1/hadoop-hdfs-client-3.3.1.jar:/home/runner/.m2/repository/org/bouncycastle/bcprov-jdk15on/1.67/bcprov-jdk15on-1.67.jar:/home/runner/.m2/repository/com/google/protobuf/protobuf-java/2.5.0/protobuf-java-2.5.0.jar:/home/runner/.m2/repository/org/apache/ozone/ozone-manager/1.2.0-SNAPSHOT/ozone-manager-1.2.0-SNAPSHOT.jar:/home/runner/.m2/repository/org/aspectj/aspectjrt/1.8.9/aspectjrt-1.8.9.jar:/home/runner/.m2/repository/org/aspectj/aspectjweaver/1.8.9/aspectjweaver-1.8.9.jar:/home/runner/.m2/repository/org/apache/ozone/hdds-interface-client/1.2.0-SNAPSHOT/hdds-interface-client-1.2.0-SNAPSHOT.jar:/home/runner/.m2/repository/org/apache/hadoop/thirdparty/hadoop-shaded-protobuf_3_7/1.1.1/hadoop-shaded-protobuf_3_7-1.1.1.jar:/home/runner/.m2/repository/org/apache/ozone/ozone-interface-storage/1.2.0-SNAPSHOT/ozone-interface-storage-1.2.0-SNAPSHOT.jar:/home/runner/.m2/repository/org/reflections/reflections/0.9.11/reflections-0.9.11.jar:/home/runner/.m2/repository/org/apache/hadoop/hadoop-minikdc/3.3.1/hadoop-minikdc-3.3.1.jar:/home/runner/.m2/repository/org/apache/kerby/kerb-simplekdc/1.0.1/kerb-simplekdc-1.0.1.jar:/home/runner/.m2/repository/org/apache/kerby/kerb-client/1.0.1/kerb-client-1.0.1.jar:/home/runner/.m2/repository/org/apache/kerby/kerby-config/1.0.1/kerby-config-1.0.1.jar:/home/runner/.m2/repository/org/apache/kerby/kerb-common/1.0.1/kerb-common-1.0.1.jar:/home/runner/.m2/repository/org/apache/kerby/kerb-crypto/1.0.1/kerb-crypto-1.0.1.jar:/home/runner/.m2/repository/org/apache/kerby/kerb-util/1.0.1/kerb-util-1.0.1.jar:/home/runner/.m2/repository/org/apache/kerby/token-provider/1.0.1/token-provider-1.0.1.jar:/home/runner/.m2/repository/org/apache/kerby/kerb-admin/1.0.1/kerb-admin-1.0.1.jar:/home/runner/.m2/repository/org/apache/kerby/kerb-server/1.0.1/kerb-server-1.0.1.jar:/home/runner/.m2/repository/org/apache/kerby/kerb-identity/1.0.1/kerb-identity-1.0.1.jar:/home/runner/.m2/repository/org/apache/kerby/kerby-xdr/1.0.1/kerby-xdr-1.0.1.jar:/home/runner/.m2/repository/org/slf4j/slf4j-log4j12/1.7.30/slf4j-log4j12-1.7.30.jar:/home/runner/.m2/repository/org/apache/ozone/ozone-s3gateway/1.2.0-SNAPSHOT/ozone-s3gateway-1.2.0-SNAPSHOT.jar:/home/runner/.m2/repository/org/javassist/javassist/3.21.0-GA/javassist-3.21.0-GA.jar:/home/runner/.m2/repository/org/jboss/weld/servlet/weld-servlet/2.4.7.Final/weld-servlet-2.4.7.Final.jar:/home/runner/.m2/repository/org/glassfish/jersey/containers/jersey-container-servlet-core/2.33/jersey-container-servlet-core-2.33.jar:/home/runner/.m2/repository/org/glassfish/hk2/external/jakarta.inject/2.6.1/jakarta.inject-2.6.1.jar:/home/runner/.m2/repository/org/glassfish/jersey/core/jersey-common/2.33/jersey-common-2.33.jar:/home/runner/.m2/repository/jakarta/ws/rs/jakarta.ws.rs-api/2.1.6/jakarta.ws.rs-api-2.1.6.jar:/home/runner/.m2/repository/org/glassfish/jersey/ext/cdi/jersey-cdi1x/2.33/jersey-cdi1x-2.33.jar:/home/runner/.m2/repository/org/glassfish/jersey/inject/jersey-hk2/2.33/jersey-hk2-2.33.jar:/home/runner/.m2/repository/org/glassfish/hk2/hk2-locator/2.6.1/hk2-locator-2.6.1.jar:/home/runner/.m2/repository/org/glassfish/jersey/media/jersey-media-jaxb/2.33/jersey-media-jaxb-2.33.jar:/home/runner/.m2/repository/org/glassfish/hk2/osgi-resource-locator/1.0.3/osgi-resource-locator-1.0.3.jar:/home/runner/.m2/repository/org/glassfish/hk2/hk2-api/2.5.0/hk2-api-2.5.0.jar:/home/runner/.m2/repository/org/glassfish/hk2/hk2-utils/2.5.0/hk2-utils-2.5.0.jar:/home/runner/.m2/repository/org/glassfish/hk2/external/aopalliance-repackaged/2.5.0/aopalliance-repackaged-2.5.0.jar:/home/runner/.m2/repository/com/fasterxml/jackson/dataformat/jackson-dataformat-xml/2.12.1/jackson-dataformat-xml-2.12.1.jar:/home/runner/.m2/repository/com/fasterxml/jackson/core/jackson-core/2.12.1/jackson-core-2.12.1.jar:/home/runner/.m2/repository/com/fasterxml/jackson/module/jackson-module-jaxb-annotations/2.12.1/jackson-module-jaxb-annotations-2.12.1.jar:/home/runner/.m2/repository/jakarta/xml/bind/jakarta.xml.bind-api/2.3.2/jakarta.xml.bind-api-2.3.2.jar:/home/runner/.m2/repository/org/codehaus/woodstox/stax2-api/3.1.4/stax2-api-3.1.4.jar:/home/runner/.m2/repository/com/fasterxml/woodstox/woodstox-core/5.0.3/woodstox-core-5.0.3.jar:/home/runner/.m2/repository/javax/enterprise/cdi-api/1.2/cdi-api-1.2.jar:/home/runner/.m2/repository/javax/el/javax.el-api/3.0.0/javax.el-api-3.0.0.jar:/home/runner/.m2/repository/javax/interceptor/javax.interceptor-api/1.2/javax.interceptor-api-1.2.jar:/home/runner/.m2/repository/javax/inject/javax.inject/1/javax.inject-1.jar:/home/runner/.m2/repository/javax/xml/bind/jaxb-api/2.3.0/jaxb-api-2.3.0.jar:/home/runner/.m2/repository/org/glassfish/jaxb/jaxb-runtime/2.3.0.1/jaxb-runtime-2.3.0.1.jar:/home/runner/.m2/repository/org/glassfish/jaxb/jaxb-core/2.3.0.1/jaxb-core-2.3.0.1.jar:/home/runner/.m2/repository/org/glassfish/jaxb/txw2/2.3.0.1/txw2-2.3.0.1.jar:/home/runner/.m2/repository/com/sun/istack/istack-commons-runtime/3.0.5/istack-commons-runtime-3.0.5.jar:/home/runner/.m2/repository/org/jvnet/staxex/stax-ex/1.7.8/stax-ex-1.7.8.jar:/home/runner/.m2/repository/com/sun/xml/fastinfoset/FastInfoset/1.2.13/FastInfoset-1.2.13.jar:/home/runner/.m2/repository/javax/activation/activation/1.1.1/activation-1.1.1.jar:/home/runner/.m2/repository/org/apache/ozone/ozone-csi/1.2.0-SNAPSHOT/ozone-csi-1.2.0-SNAPSHOT.jar:/home/runner/.m2/repository/com/google/protobuf/protobuf-java-util/3.12.0/protobuf-java-util-3.12.0.jar:/home/runner/.m2/repository/com/google/code/gson/gson/2.2.4/gson-2.2.4.jar:/home/runner/.m2/repository/org/apache/ozone/hdds-config/1.2.0-SNAPSHOT/hdds-config-1.2.0-SNAPSHOT.jar:/home/runner/.m2/repository/io/grpc/grpc-netty/1.33.0/grpc-netty-1.33.0.jar:/home/runner/.m2/repository/io/grpc/grpc-core/1.33.0/grpc-core-1.33.0.jar:/home/runner/.m2/repository/com/google/android/annotations/4.1.1.4/annotations-4.1.1.4.jar:/home/runner/.m2/repository/io/netty/netty-codec-http2/4.1.63.Final/netty-codec-http2-4.1.63.Final.jar:/home/runner/.m2/repository/io/netty/netty-codec-http/4.1.63.Final/netty-codec-http-4.1.63.Final.jar:/home/runner/.m2/repository/io/netty/netty-handler-proxy/4.1.63.Final/netty-handler-proxy-4.1.63.Final.jar:/home/runner/.m2/repository/io/netty/netty-codec-socks/4.1.63.Final/netty-codec-socks-4.1.63.Final.jar:/home/runner/.m2/repository/io/perfmark/perfmark-api/0.19.0/perfmark-api-0.19.0.jar:/home/runner/.m2/repository/org/codehaus/mojo/animal-sniffer-annotations/1.18/animal-sniffer-annotations-1.18.jar:/home/runner/.m2/repository/io/netty/netty-transport-native-epoll/4.1.63.Final/netty-transport-native-epoll-4.1.63.Final.jar:/home/runner/.m2/repository/io/netty/netty-common/4.1.63.Final/netty-common-4.1.63.Final.jar:/home/runner/.m2/repository/io/netty/netty-buffer/4.1.63.Final/netty-buffer-4.1.63.Final.jar:/home/runner/.m2/repository/io/netty/netty-transport-native-unix-common/4.1.63.Final/netty-transport-native-unix-common-4.1.63.Final.jar:/home/runner/.m2/repository/io/grpc/grpc-protobuf/1.33.0/grpc-protobuf-1.33.0.jar:/home/runner/.m2/repository/io/grpc/grpc-api/1.33.0/grpc-api-1.33.0.jar:/home/runner/.m2/repository/io/grpc/grpc-context/1.33.0/grpc-context-1.33.0.jar:/home/runner/.m2/repository/com/google/api/grpc/proto-google-common-protos/1.17.0/proto-google-common-protos-1.17.0.jar:/home/runner/.m2/repository/io/grpc/grpc-protobuf-lite/1.33.0/grpc-protobuf-lite-1.33.0.jar:/home/runner/.m2/repository/io/grpc/grpc-stub/1.33.0/grpc-stub-1.33.0.jar:/home/runner/.m2/repository/org/apache/ozone/ozone-recon/1.2.0-SNAPSHOT/ozone-recon-1.2.0-SNAPSHOT.jar:/home/runner/.m2/repository/org/apache/ozone/ozone-reconcodegen/1.2.0-SNAPSHOT/ozone-reconcodegen-1.2.0-SNAPSHOT.jar:/home/runner/.m2/repository/com/google/inject/extensions/guice-multibindings/4.0/guice-multibindings-4.0.jar:/home/runner/.m2/repository/com/google/inject/guice/4.0/guice-4.0.jar:/home/runner/.m2/repository/aopalliance/aopalliance/1.0/aopalliance-1.0.jar:/home/runner/.m2/repository/com/google/inject/extensions/guice-assistedinject/4.0/guice-assistedinject-4.0.jar:/home/runner/.m2/repository/com/google/inject/extensions/guice-servlet/4.0/guice-servlet-4.0.jar:/home/runner/.m2/repository/org/glassfish/jersey/containers/jersey-container-servlet/2.33/jersey-container-servlet-2.33.jar:/home/runner/.m2/repository/org/glassfish/hk2/guice-bridge/2.5.0/guice-bridge-2.5.0.jar:/home/runner/.m2/repository/org/glassfish/jersey/core/jersey-server/2.33/jersey-server-2.33.jar:/home/runner/.m2/repository/org/glassfish/jersey/core/jersey-client/2.33/jersey-client-2.33.jar:/home/runner/.m2/repository/jakarta/annotation/jakarta.annotation-api/1.3.5/jakarta.annotation-api-1.3.5.jar:/home/runner/.m2/repository/jakarta/validation/jakarta.validation-api/2.0.2/jakarta.validation-api-2.0.2.jar:/home/runner/.m2/repository/org/glassfish/jersey/media/jersey-media-json-jackson/2.33/jersey-media-json-jackson-2.33.jar:/home/runner/.m2/repository/org/glassfish/jersey/ext/jersey-entity-filtering/2.33/jersey-entity-filtering-2.33.jar:/home/runner/.m2/repository/org/jooq/jooq/3.11.10/jooq-3.11.10.jar:/home/runner/.m2/repository/org/jooq/jooq-meta/3.11.10/jooq-meta-3.11.10.jar:/home/runner/.m2/repository/org/jooq/jooq-codegen/3.11.10/jooq-codegen-3.11.10.jar:/home/runner/.m2/repository/com/jolbox/bonecp/0.8.0.RELEASE/bonecp-0.8.0.RELEASE.jar:/home/runner/.m2/repository/org/apache/derby/derby/10.14.2.0/derby-10.14.2.0.jar:/home/runner/.m2/repository/org/xerial/sqlite-jdbc/3.25.2/sqlite-jdbc-3.25.2.jar:/home/runner/.m2/repository/org/springframework/spring-jdbc/5.2.11.RELEASE/spring-jdbc-5.2.11.RELEASE.jar:/home/runner/.m2/repository/org/springframework/spring-beans/5.2.11.RELEASE/spring-beans-5.2.11.RELEASE.jar:/home/runner/.m2/repository/org/springframework/spring-core/5.2.11.RELEASE/spring-core-5.2.11.RELEASE.jar:/home/runner/.m2/repository/org/springframework/spring-jcl/5.2.11.RELEASE/spring-jcl-5.2.11.RELEASE.jar:/home/runner/.m2/repository/org/springframework/spring-tx/5.2.11.RELEASE/spring-tx-5.2.11.RELEASE.jar:/home/runner/.m2/repository/org/apache/ozone/ozone-client/1.2.0-SNAPSHOT/ozone-client-1.2.0-SNAPSHOT.jar:/home/runner/.m2/repository/org/apache/ozone/ozone-filesystem/1.2.0-SNAPSHOT/ozone-filesystem-1.2.0-SNAPSHOT.jar:/home/runner/.m2/repository/org/apache/ozone/ozone-filesystem-common/1.2.0-SNAPSHOT/ozone-filesystem-common-1.2.0-SNAPSHOT.jar:/home/runner/.m2/repository/org/apache/ozone/ozone-tools/1.2.0-SNAPSHOT/ozone-tools-1.2.0-SNAPSHOT.jar:/home/runner/.m2/repository/org/apache/ratis/ratis-tools/2.1.0-03f3b68-SNAPSHOT/ratis-tools-2.1.0-03f3b68-SNAPSHOT.jar:/home/runner/.m2/repository/com/amazonaws/aws-java-sdk-core/1.11.901/aws-java-sdk-core-1.11.901.jar:/home/runner/.m2/repository/org/apache/httpcomponents/httpclient/4.5.13/httpclient-4.5.13.jar:/home/runner/.m2/repository/org/apache/httpcomponents/httpcore/4.4.13/httpcore-4.4.13.jar:/home/runner/.m2/repository/software/amazon/ion/ion-java/1.0.2/ion-java-1.0.2.jar:/home/runner/.m2/repository/com/fasterxml/jackson/dataformat/jackson-dataformat-cbor/2.12.1/jackson-dataformat-cbor-2.12.1.jar:/home/runner/.m2/repository/joda-time/joda-time/2.8.1/joda-time-2.8.1.jar:/home/runner/.m2/repository/com/amazonaws/aws-java-sdk-s3/1.11.901/aws-java-sdk-s3-1.11.901.jar:/home/runner/.m2/repository/com/amazonaws/aws-java-sdk-kms/1.11.901/aws-java-sdk-kms-1.11.901.jar:/home/runner/.m2/repository/com/amazonaws/jmespath-java/1.11.901/jmespath-java-1.11.901.jar:/home/runner/.m2/repository/org/kohsuke/metainf-services/metainf-services/1.8/metainf-services-1.8.jar:/home/runner/.m2/repository/org/apache/ozone/hdds-tools/1.2.0-SNAPSHOT/hdds-tools-1.2.0-SNAPSHOT.jar:/home/runner/.m2/repository/commons-cli/commons-cli/1.2/commons-cli-1.2.jar:/home/runner/.m2/repository/org/apache/commons/commons-lang3/3.7/commons-lang3-3.7.jar:/home/runner/.m2/repository/org/apache/ozone/ozone-manager/1.2.0-SNAPSHOT/ozone-manager-1.2.0-SNAPSHOT-tests.jar:/home/runner/.m2/repository/org/apache/ozone/hdds-common/1.2.0-SNAPSHOT/hdds-common-1.2.0-SNAPSHOT-tests.jar:/home/runner/.m2/repository/org/apache/ozone/hdds-hadoop-dependency-client/1.2.0-SNAPSHOT/hdds-hadoop-dependency-client-1.2.0-SNAPSHOT.jar:/home/runner/.m2/repository/info/picocli/picocli/4.6.1/picocli-4.6.1.jar:/home/runner/.m2/repository/com/fasterxml/jackson/core/jackson-annotations/2.12.1/jackson-annotations-2.12.1.jar:/home/runner/.m2/repository/javax/annotation/javax.annotation-api/1.2/javax.annotation-api-1.2.jar:/home/runner/.m2/repository/org/apache/ratis/ratis-server/2.1.0-03f3b68-SNAPSHOT/ratis-server-2.1.0-03f3b68-SNAPSHOT.jar:/home/runner/.m2/repository/org/apache/ratis/ratis-client/2.1.0-03f3b68-SNAPSHOT/ratis-client-2.1.0-03f3b68-SNAPSHOT.jar:/home/runner/.m2/repository/org/apache/ratis/ratis-server-api/2.1.0-03f3b68-SNAPSHOT/ratis-server-api-2.1.0-03f3b68-SNAPSHOT.jar:/home/runner/.m2/repository/org/apache/ratis/ratis-metrics/2.1.0-03f3b68-SNAPSHOT/ratis-metrics-2.1.0-03f3b68-SNAPSHOT.jar:/home/runner/.m2/repository/org/apache/ratis/ratis-netty/2.1.0-03f3b68-SNAPSHOT/ratis-netty-2.1.0-03f3b68-SNAPSHOT.jar:/home/runner/.m2/repository/org/apache/ratis/ratis-grpc/2.1.0-03f3b68-SNAPSHOT/ratis-grpc-2.1.0-03f3b68-SNAPSHOT.jar:/home/runner/.m2/repository/org/apache/logging/log4j/log4j-api/2.13.3/log4j-api-2.13.3.jar:/home/runner/.m2/repository/org/apache/logging/log4j/log4j-core/2.13.3/log4j-core-2.13.3.jar:/home/runner/.m2/repository/com/lmax/disruptor/3.4.2/disruptor-3.4.2.jar:/home/runner/.m2/repository/org/apache/commons/commons-pool2/2.6.0/commons-pool2-2.6.0.jar:/home/runner/.m2/repository/org/bouncycastle/bcpkix-jdk15on/1.67/bcpkix-jdk15on-1.67.jar:/home/runner/.m2/repository/commons-validator/commons-validator/1.6/commons-validator-1.6.jar:/home/runner/.m2/repository/commons-beanutils/commons-beanutils/1.9.4/commons-beanutils-1.9.4.jar:/home/runner/.m2/repository/commons-digester/commons-digester/1.8.1/commons-digester-1.8.1.jar:/home/runner/.m2/repository/commons-collections/commons-collections/3.2.2/commons-collections-3.2.2.jar:/home/runner/.m2/repository/io/jaegertracing/jaeger-client/1.6.0/jaeger-client-1.6.0.jar:/home/runner/.m2/repository/io/jaegertracing/jaeger-thrift/1.6.0/jaeger-thrift-1.6.0.jar:/home/runner/.m2/repository/org/apache/thrift/libthrift/0.14.1/libthrift-0.14.1.jar:/home/runner/.m2/repository/com/squareup/okhttp3/okhttp/4.9.0/okhttp-4.9.0.jar:/home/runner/.m2/repository/com/squareup/okio/okio/2.8.0/okio-2.8.0.jar:/home/runner/.m2/repository/io/jaegertracing/jaeger-core/1.6.0/jaeger-core-1.6.0.jar:/home/runner/.m2/repository/io/jaegertracing/jaeger-tracerresolver/1.6.0/jaeger-tracerresolver-1.6.0.jar:/home/runner/.m2/repository/io/opentracing/contrib/opentracing-tracerresolver/0.1.8/opentracing-tracerresolver-0.1.8.jar:/home/runner/.m2/repository/org/jetbrains/kotlin/kotlin-stdlib/1.4.31/kotlin-stdlib-1.4.31.jar:/home/runner/.m2/repository/org/jetbrains/kotlin/kotlin-stdlib-common/1.4.31/kotlin-stdlib-common-1.4.31.jar:/home/runner/.m2/repository/org/jetbrains/annotations/13.0/annotations-13.0.jar:/home/runner/.m2/repository/io/opentracing/opentracing-util/0.33.0/opentracing-util-0.33.0.jar:/home/runner/.m2/repository/io/opentracing/opentracing-api/0.33.0/opentracing-api-0.33.0.jar:/home/runner/.m2/repository/io/opentracing/opentracing-noop/0.33.0/opentracing-noop-0.33.0.jar:/home/runner/.m2/repository/org/yaml/snakeyaml/1.26/snakeyaml-1.26.jar:/home/runner/.m2/repository/org/apache/ozone/hdds-interface-admin/1.2.0-SNAPSHOT/hdds-interface-admin-1.2.0-SNAPSHOT.jar:/home/runner/.m2/repository/junit/junit/4.13.1/junit-4.13.1.jar:/home/runner/.m2/repository/org/hamcrest/hamcrest-core/1.3/hamcrest-core-1.3.jar:/home/runner/.m2/repository/org/junit/jupiter/junit-jupiter-api/5.7.0/junit-jupiter-api-5.7.0.jar:/home/runner/.m2/repository/org/apiguardian/apiguardian-api/1.1.0/apiguardian-api-1.1.0.jar:/home/runner/.m2/repository/org/opentest4j/opentest4j/1.2.0/opentest4j-1.2.0.jar:/home/runner/.m2/repository/org/junit/platform/junit-platform-commons/1.7.0/junit-platform-commons-1.7.0.jar:/home/runner/.m2/repository/org/junit/jupiter/junit-jupiter-engine/5.7.0/junit-jupiter-engine-5.7.0.jar:/home/runner/.m2/repository/org/junit/platform/junit-platform-engine/1.7.0/junit-platform-engine-1.7.0.jar:/home/runner/.m2/repository/org/junit/vintage/junit-vintage-engine/5.7.0/junit-vintage-engine-5.7.0.jar:/home/runner/.m2/repository/org/junit/platform/junit-platform-launcher/1.7.0/junit-platform-launcher-1.7.0.jar:/home/runner/.m2/repository/org/openjdk/jmh/jmh-core/1.19/jmh-core-1.19.jar:/home/runner/.m2/repository/net/sf/jopt-simple/jopt-simple/4.6/jopt-simple-4.6.jar:/home/runner/.m2/repository/org/apache/commons/commons-math3/3.1.1/commons-math3-3.1.1.jar:/home/runner/.m2/repository/org/openjdk/jmh/jmh-generator-annprocess/1.19/jmh-generator-annprocess-1.19.jar:/home/runner/.m2/repository/org/mockito/mockito-core/2.28.2/mockito-core-2.28.2.jar:/home/runner/.m2/repository/net/bytebuddy/byte-buddy/1.9.10/byte-buddy-1.9.10.jar:/home/runner/.m2/repository/net/bytebuddy/byte-buddy-agent/1.9.10/byte-buddy-agent-1.9.10.jar:/home/runner/.m2/repository/org/objenesis/objenesis/1.0/objenesis-1.0.jar:/home/runner/.m2/repository/org/apache/hadoop/hadoop-kms/3.3.1/hadoop-kms-3.3.1.jar:/home/runner/.m2/repository/org/apache/hadoop/hadoop-auth/3.3.1/hadoop-auth-3.3.1.jar:/home/runner/.m2/repository/com/nimbusds/nimbus-jose-jwt/7.9/nimbus-jose-jwt-7.9.jar:/home/runner/.m2/repository/com/github/stephenc/jcip/jcip-annotations/1.0-1/jcip-annotations-1.0-1.jar:/home/runner/.m2/repository/net/minidev/json-smart/2.3/json-smart-2.3.jar:/home/runner/.m2/repository/net/minidev/accessors-smart/1.2/accessors-smart-1.2.jar:/home/runner/.m2/repository/org/ow2/asm/asm/5.0.4/asm-5.0.4.jar:/home/runner/.m2/repository/org/apache/zookeeper/zookeeper/3.5.6/zookeeper-3.5.6.jar:/home/runner/.m2/repository/org/apache/zookeeper/zookeeper-jute/3.5.6/zookeeper-jute-3.5.6.jar:/home/runner/.m2/repository/org/apache/yetus/audience-annotations/0.5.0/audience-annotations-0.5.0.jar:/home/runner/.m2/repository/org/apache/curator/curator-framework/4.2.0/curator-framework-4.2.0.jar:/home/runner/.m2/repository/org/apache/hadoop/thirdparty/hadoop-shaded-guava/1.1.1/hadoop-shaded-guava-1.1.1.jar:/home/runner/.m2/repository/com/sun/jersey/jersey-core/1.19/jersey-core-1.19.jar:/home/runner/.m2/repository/javax/ws/rs/jsr311-api/1.1.1/jsr311-api-1.1.1.jar:/home/runner/.m2/repository/com/sun/jersey/jersey-server/1.19/jersey-server-1.19.jar:/home/runner/.m2/repository/javax/servlet/javax.servlet-api/3.1.0/javax.servlet-api-3.1.0.jar:/home/runner/.m2/repository/org/eclipse/jetty/jetty-server/9.4.43.v20210629/jetty-server-9.4.43.v20210629.jar:/home/runner/.m2/repository/org/eclipse/jetty/jetty-http/9.4.43.v20210629/jetty-http-9.4.43.v20210629.jar:/home/runner/.m2/repository/org/eclipse/jetty/jetty-io/9.4.43.v20210629/jetty-io-9.4.43.v20210629.jar:/home/runner/.m2/repository/org/eclipse/jetty/jetty-webapp/9.4.43.v20210629/jetty-webapp-9.4.43.v20210629.jar:/home/runner/.m2/repository/org/eclipse/jetty/jetty-xml/9.4.43.v20210629/jetty-xml-9.4.43.v20210629.jar:/home/runner/.m2/repository/org/apache/hadoop/hadoop-common/3.3.1/hadoop-common-3.3.1.jar:/home/runner/.m2/repository/commons-net/commons-net/3.6/commons-net-3.6.jar:/home/runner/.m2/repository/jakarta/activation/jakarta.activation-api/1.2.1/jakarta.activation-api-1.2.1.jar:/home/runner/.m2/repository/com/sun/jersey/jersey-servlet/1.19/jersey-servlet-1.19.jar:/home/runner/.m2/repository/com/sun/jersey/jersey-json/1.19/jersey-json-1.19.jar:/home/runner/.m2/repository/org/codehaus/jettison/jettison/1.1/jettison-1.1.jar:/home/runner/.m2/repository/com/sun/xml/bind/jaxb-impl/2.2.3-1/jaxb-impl-2.2.3-1.jar:/home/runner/.m2/repository/org/codehaus/jackson/jackson-jaxrs/1.9.2/jackson-jaxrs-1.9.2.jar:/home/runner/.m2/repository/org/codehaus/jackson/jackson-xc/1.9.2/jackson-xc-1.9.2.jar:/home/runner/.m2/repository/org/apache/commons/commons-configuration2/2.1.1/commons-configuration2-2.1.1.jar:/home/runner/.m2/repository/org/apache/commons/commons-text/1.4/commons-text-1.4.jar:/home/runner/.m2/repository/com/google/re2j/re2j/1.1/re2j-1.1.jar:/home/runner/.m2/repository/com/jcraft/jsch/0.1.54/jsch-0.1.54.jar:/home/runner/.m2/repository/org/apache/curator/curator-client/4.2.0/curator-client-4.2.0.jar:/home/runner/.m2/repository/org/apache/curator/curator-recipes/4.2.0/curator-recipes-4.2.0.jar:/home/runner/.m2/repository/org/apache/kerby/kerb-core/1.0.1/kerb-core-1.0.1.jar:/home/runner/.m2/repository/org/apache/kerby/kerby-pkix/1.0.1/kerby-pkix-1.0.1.jar:/home/runner/.m2/repository/org/apache/kerby/kerby-asn1/1.0.1/kerby-asn1-1.0.1.jar:/home/runner/.m2/repository/org/apache/kerby/kerby-util/1.0.1/kerby-util-1.0.1.jar:/home/runner/.m2/repository/dnsjava/dnsjava/2.1.7/dnsjava-2.1.7.jar:/home/runner/.m2/repository/org/xerial/snappy/snappy-java/1.1.8.2/snappy-java-1.1.8.2.jar:/home/runner/.m2/repository/org/slf4j/jul-to-slf4j/1.7.30/jul-to-slf4j-1.7.30.jar:/home/runner/.m2/repository/org/eclipse/jetty/jetty-util/9.4.43.v20210629/jetty-util-9.4.43.v20210629.jar:/home/runner/.m2/repository/com/fasterxml/jackson/core/jackson-databind/2.12.1/jackson-databind-2.12.1.jar:/home/runner/.m2/repository/org/apache/hadoop/hadoop-kms/3.3.1/hadoop-kms-3.3.1-tests.jar:/home/runner/.m2/repository/org/apache/ozone/hdds-server-scm/1.2.0-SNAPSHOT/hdds-server-scm-1.2.0-SNAPSHOT-tests.jar:/home/runner/.m2/repository/org/apache/ozone/hdds-container-service/1.2.0-SNAPSHOT/hdds-container-service-1.2.0-SNAPSHOT-tests.jar:/home/runner/.m2/repository/commons-codec/commons-codec/1.11/commons-codec-1.11.jar:/home/runner/.m2/repository/io/netty/netty-transport/4.1.63.Final/netty-transport-4.1.63.Final.jar:/home/runner/.m2/repository/io/netty/netty-resolver/4.1.63.Final/netty-resolver-4.1.63.Final.jar:/home/runner/.m2/repository/io/netty/netty-codec/4.1.63.Final/netty-codec-4.1.63.Final.jar:/home/runner/.m2/repository/io/netty/netty-handler/4.1.63.Final/netty-handler-4.1.63.Final.jar:/home/runner/.m2/repository/org/apache/ozone/hdds-hadoop-dependency-test/1.2.0-SNAPSHOT/hdds-hadoop-dependency-test-1.2.0-SNAPSHOT.jar:/home/runner/.m2/repository/org/apache/hadoop/hadoop-common/3.3.1/hadoop-common-3.3.1-tests.jar:/home/runner/.m2/repository/org/assertj/assertj-core/3.12.2/assertj-core-3.12.2.jar:/home/runner/.m2/repository/org/apache/hadoop/hadoop-hdfs/3.3.1/hadoop-hdfs-3.3.1-tests.jar:/home/runner/.m2/repository/org/eclipse/jetty/jetty-util-ajax/9.4.43.v20210629/jetty-util-ajax-9.4.43.v20210629.jar:/home/runner/.m2/repository/commons-daemon/commons-daemon/1.0.13/commons-daemon-1.0.13.jar:/home/runner/.m2/repository/io/netty/netty/3.10.6.Final/netty-3.10.6.Final.jar:/home/runner/.m2/repository/io/netty/netty-all/4.1.63.Final/netty-all-4.1.63.Final.jar:/home/runner/.m2/repository/org/apache/htrace/htrace-core4/4.1.0-incubating/htrace-core4-4.1.0-incubating.jar:/home/runner/.m2/repository/org/fusesource/leveldbjni/leveldbjni-all/1.8/leveldbjni-all-1.8.jar:/home/runner/.m2/repository/org/apache/hadoop/hadoop-distcp/3.3.1/hadoop-distcp-3.3.1.jar:/home/runner/.m2/repository/org/apache/hadoop/hadoop-mapreduce-client-jobclient/3.3.1/hadoop-mapreduce-client-jobclient-3.3.1.jar:/home/runner/.m2/repository/org/apache/hadoop/hadoop-mapreduce-client-common/3.3.1/hadoop-mapreduce-client-common-3.3.1.jar:/home/runner/.m2/repository/org/apache/hadoop/hadoop-yarn-common/3.3.1/hadoop-yarn-common-3.3.1.jar:/home/runner/.m2/repository/org/apache/hadoop/hadoop-yarn-api/3.3.1/hadoop-yarn-api-3.3.1.jar:/home/runner/.m2/repository/com/sun/jersey/jersey-client/1.19/jersey-client-1.19.jar:/home/runner/.m2/repository/com/sun/jersey/contribs/jersey-guice/1.19/jersey-guice-1.19.jar:/home/runner/.m2/repository/com/fasterxml/jackson/jaxrs/jackson-jaxrs-json-provider/2.12.1/jackson-jaxrs-json-provider-2.12.1.jar:/home/runner/.m2/repository/com/fasterxml/jackson/jaxrs/jackson-jaxrs-base/2.12.1/jackson-jaxrs-base-2.12.1.jar:/home/runner/.m2/repository/org/apache/hadoop/hadoop-yarn-client/3.3.1/hadoop-yarn-client-3.3.1.jar:/home/runner/.m2/repository/org/eclipse/jetty/websocket/websocket-client/9.4.40.v20210413/websocket-client-9.4.40.v20210413.jar:/home/runner/.m2/repository/org/eclipse/jetty/jetty-client/9.4.40.v20210413/jetty-client-9.4.40.v20210413.jar:/home/runner/.m2/repository/org/eclipse/jetty/websocket/websocket-common/9.4.40.v20210413/websocket-common-9.4.40.v20210413.jar:/home/runner/.m2/repository/org/eclipse/jetty/websocket/websocket-api/9.4.40.v20210413/websocket-api-9.4.40.v20210413.jar:/home/runner/.m2/repository/org/jline/jline/3.9.0/jline-3.9.0.jar:/home/runner/.m2/repository/org/apache/hadoop/hadoop-mapreduce-client-core/3.3.1/hadoop-mapreduce-client-core-3.3.1.jar:/home/runner/.m2/repository/org/apache/avro/avro/1.7.7/avro-1.7.7.jar:/home/runner/.m2/repository/org/codehaus/jackson/jackson-core-asl/1.9.13/jackson-core-asl-1.9.13.jar:/home/runner/.m2/repository/org/codehaus/jackson/jackson-mapper-asl/1.9.13/jackson-mapper-asl-1.9.13.jar:/home/runner/.m2/repository/com/thoughtworks/paranamer/paranamer/2.3/paranamer-2.3.jar:/home/runner/.m2/repository/org/apache/hadoop/hadoop-annotations/3.3.1/hadoop-annotations-3.3.1.jar:/usr/lib/jvm/adoptopenjdk-8-hotspot-amd64/jre/../lib/tools.jar:/home/runner/.m2/repository/org/apache/hadoop/hadoop-distcp/3.3.1/hadoop-distcp-3.3.1-tests.jar:/home/runner/.m2/repository/org/apache/ratis/ratis-common/2.1.0-03f3b68-SNAPSHOT/ratis-common-2.1.0-03f3b68-SNAPSHOT.jar:/home/runner/.m2/repository/org/apache/ratis/ratis-thirdparty-misc/0.7.0/ratis-thirdparty-misc-0.7.0.jar:/home/runner/.m2/repository/org/apache/ratis/ratis-proto/2.1.0-03f3b68-SNAPSHOT/ratis-proto-2.1.0-03f3b68-SNAPSHOT.jar:"/>
    <property name="java.vm.vendor" value="AdoptOpenJDK"/>
    <property name="sun.arch.data.model" value="64"/>
    <property name="test.build.dir" value="/home/runner/work/ozone/ozone/hadoop-ozone/integration-test/target/test-dir"/>
    <property name="test.cache.data" value=""/>
    <property name="java.vendor.url" value="https://adoptopenjdk.net/"/>
    <property name="user.timezone" value=""/>
    <property name="java.vm.specification.version" value="1.8"/>
    <property name="os.name" value="Linux"/>
    <property name="test.build.data" value="/home/runner/work/ozone/ozone/hadoop-ozone/integration-test/target/test-dir"/>
    <property name="sun.java.launcher" value="SUN_STANDARD"/>
    <property name="sun.boot.library.path" value="/usr/lib/jvm/adoptopenjdk-8-hotspot-amd64/jre/lib/amd64"/>
    <property name="sun.java.command" value="/home/runner/work/ozone/ozone/hadoop-ozone/integration-test/target/surefire/surefirebooter3545451213221399552.jar /home/runner/work/ozone/ozone/hadoop-ozone/integration-test/target/surefire 2021-08-27T11-50-18_279-jvmRun1 surefire4387467554982570649tmp surefire_83556434667332257631tmp"/>
    <property name="surefire.test.class.path" value="/home/runner/work/ozone/ozone/hadoop-ozone/integration-test/target/test-classes:/home/runner/work/ozone/ozone/hadoop-ozone/integration-test/target/classes:/home/runner/.m2/repository/org/apache/ozone/ozone-common/1.2.0-SNAPSHOT/ozone-common-1.2.0-SNAPSHOT.jar:/home/runner/.m2/repository/org/apache/commons/commons-compress/1.20/commons-compress-1.20.jar:/home/runner/.m2/repository/org/apache/ozone/hdds-common/1.2.0-SNAPSHOT/hdds-common-1.2.0-SNAPSHOT.jar:/home/runner/.m2/repository/org/apache/ozone/hdds-client/1.2.0-SNAPSHOT/hdds-client-1.2.0-SNAPSHOT.jar:/home/runner/.m2/repository/org/apache/ozone/ozone-interface-client/1.2.0-SNAPSHOT/ozone-interface-client-1.2.0-SNAPSHOT.jar:/home/runner/.m2/repository/org/apache/ozone/hdds-server-framework/1.2.0-SNAPSHOT/hdds-server-framework-1.2.0-SNAPSHOT.jar:/home/runner/.m2/repository/org/apache/ozone/hdds-interface-server/1.2.0-SNAPSHOT/hdds-interface-server-1.2.0-SNAPSHOT.jar:/home/runner/.m2/repository/org/eclipse/jetty/jetty-servlet/9.4.43.v20210629/jetty-servlet-9.4.43.v20210629.jar:/home/runner/.m2/repository/org/eclipse/jetty/jetty-security/9.4.43.v20210629/jetty-security-9.4.43.v20210629.jar:/home/runner/.m2/repository/org/rocksdb/rocksdbjni/6.20.3/rocksdbjni-6.20.3.jar:/home/runner/.m2/repository/io/prometheus/simpleclient_dropwizard/0.7.0/simpleclient_dropwizard-0.7.0.jar:/home/runner/.m2/repository/io/prometheus/simpleclient/0.7.0/simpleclient-0.7.0.jar:/home/runner/.m2/repository/io/prometheus/simpleclient_common/0.7.0/simpleclient_common-0.7.0.jar:/home/runner/.m2/repository/com/fasterxml/jackson/datatype/jackson-datatype-jsr310/2.12.1/jackson-datatype-jsr310-2.12.1.jar:/home/runner/.m2/repository/org/apache/ozone/hdds-test-utils/1.2.0-SNAPSHOT/hdds-test-utils-1.2.0-SNAPSHOT.jar:/home/runner/.m2/repository/com/google/guava/guava/30.1.1-jre/guava-30.1.1-jre.jar:/home/runner/.m2/repository/com/google/guava/failureaccess/1.0.1/failureaccess-1.0.1.jar:/home/runner/.m2/repository/com/google/guava/listenablefuture/9999.0-empty-to-avoid-conflict-with-guava/listenablefuture-9999.0-empty-to-avoid-conflict-with-guava.jar:/home/runner/.m2/repository/com/google/code/findbugs/jsr305/3.0.0/jsr305-3.0.0.jar:/home/runner/.m2/repository/org/checkerframework/checker-qual/3.8.0/checker-qual-3.8.0.jar:/home/runner/.m2/repository/com/google/errorprone/error_prone_annotations/2.2.0/error_prone_annotations-2.2.0.jar:/home/runner/.m2/repository/com/google/j2objc/j2objc-annotations/1.3/j2objc-annotations-1.3.jar:/home/runner/.m2/repository/commons-io/commons-io/2.8.0/commons-io-2.8.0.jar:/home/runner/.m2/repository/commons-logging/commons-logging/1.2/commons-logging-1.2.jar:/home/runner/.m2/repository/log4j/log4j/1.2.17/log4j-1.2.17.jar:/home/runner/.m2/repository/org/slf4j/slf4j-api/1.7.30/slf4j-api-1.7.30.jar:/home/runner/.m2/repository/org/apache/ozone/hdds-server-scm/1.2.0-SNAPSHOT/hdds-server-scm-1.2.0-SNAPSHOT.jar:/home/runner/.m2/repository/org/apache/ozone/hdds-container-service/1.2.0-SNAPSHOT/hdds-container-service-1.2.0-SNAPSHOT.jar:/home/runner/.m2/repository/org/apache/ozone/hdds-hadoop-dependency-server/1.2.0-SNAPSHOT/hdds-hadoop-dependency-server-1.2.0-SNAPSHOT.jar:/home/runner/.m2/repository/org/apache/hadoop/hadoop-hdfs/3.3.1/hadoop-hdfs-3.3.1.jar:/home/runner/.m2/repository/io/dropwizard/metrics/metrics-core/3.2.4/metrics-core-3.2.4.jar:/home/runner/.m2/repository/org/apache/hadoop/hadoop-hdfs-client/3.3.1/hadoop-hdfs-client-3.3.1.jar:/home/runner/.m2/repository/org/bouncycastle/bcprov-jdk15on/1.67/bcprov-jdk15on-1.67.jar:/home/runner/.m2/repository/com/google/protobuf/protobuf-java/2.5.0/protobuf-java-2.5.0.jar:/home/runner/.m2/repository/org/apache/ozone/ozone-manager/1.2.0-SNAPSHOT/ozone-manager-1.2.0-SNAPSHOT.jar:/home/runner/.m2/repository/org/aspectj/aspectjrt/1.8.9/aspectjrt-1.8.9.jar:/home/runner/.m2/repository/org/aspectj/aspectjweaver/1.8.9/aspectjweaver-1.8.9.jar:/home/runner/.m2/repository/org/apache/ozone/hdds-interface-client/1.2.0-SNAPSHOT/hdds-interface-client-1.2.0-SNAPSHOT.jar:/home/runner/.m2/repository/org/apache/hadoop/thirdparty/hadoop-shaded-protobuf_3_7/1.1.1/hadoop-shaded-protobuf_3_7-1.1.1.jar:/home/runner/.m2/repository/org/apache/ozone/ozone-interface-storage/1.2.0-SNAPSHOT/ozone-interface-storage-1.2.0-SNAPSHOT.jar:/home/runner/.m2/repository/org/reflections/reflections/0.9.11/reflections-0.9.11.jar:/home/runner/.m2/repository/org/apache/hadoop/hadoop-minikdc/3.3.1/hadoop-minikdc-3.3.1.jar:/home/runner/.m2/repository/org/apache/kerby/kerb-simplekdc/1.0.1/kerb-simplekdc-1.0.1.jar:/home/runner/.m2/repository/org/apache/kerby/kerb-client/1.0.1/kerb-client-1.0.1.jar:/home/runner/.m2/repository/org/apache/kerby/kerby-config/1.0.1/kerby-config-1.0.1.jar:/home/runner/.m2/repository/org/apache/kerby/kerb-common/1.0.1/kerb-common-1.0.1.jar:/home/runner/.m2/repository/org/apache/kerby/kerb-crypto/1.0.1/kerb-crypto-1.0.1.jar:/home/runner/.m2/repository/org/apache/kerby/kerb-util/1.0.1/kerb-util-1.0.1.jar:/home/runner/.m2/repository/org/apache/kerby/token-provider/1.0.1/token-provider-1.0.1.jar:/home/runner/.m2/repository/org/apache/kerby/kerb-admin/1.0.1/kerb-admin-1.0.1.jar:/home/runner/.m2/repository/org/apache/kerby/kerb-server/1.0.1/kerb-server-1.0.1.jar:/home/runner/.m2/repository/org/apache/kerby/kerb-identity/1.0.1/kerb-identity-1.0.1.jar:/home/runner/.m2/repository/org/apache/kerby/kerby-xdr/1.0.1/kerby-xdr-1.0.1.jar:/home/runner/.m2/repository/org/slf4j/slf4j-log4j12/1.7.30/slf4j-log4j12-1.7.30.jar:/home/runner/.m2/repository/org/apache/ozone/ozone-s3gateway/1.2.0-SNAPSHOT/ozone-s3gateway-1.2.0-SNAPSHOT.jar:/home/runner/.m2/repository/org/javassist/javassist/3.21.0-GA/javassist-3.21.0-GA.jar:/home/runner/.m2/repository/org/jboss/weld/servlet/weld-servlet/2.4.7.Final/weld-servlet-2.4.7.Final.jar:/home/runner/.m2/repository/org/glassfish/jersey/containers/jersey-container-servlet-core/2.33/jersey-container-servlet-core-2.33.jar:/home/runner/.m2/repository/org/glassfish/hk2/external/jakarta.inject/2.6.1/jakarta.inject-2.6.1.jar:/home/runner/.m2/repository/org/glassfish/jersey/core/jersey-common/2.33/jersey-common-2.33.jar:/home/runner/.m2/repository/jakarta/ws/rs/jakarta.ws.rs-api/2.1.6/jakarta.ws.rs-api-2.1.6.jar:/home/runner/.m2/repository/org/glassfish/jersey/ext/cdi/jersey-cdi1x/2.33/jersey-cdi1x-2.33.jar:/home/runner/.m2/repository/org/glassfish/jersey/inject/jersey-hk2/2.33/jersey-hk2-2.33.jar:/home/runner/.m2/repository/org/glassfish/hk2/hk2-locator/2.6.1/hk2-locator-2.6.1.jar:/home/runner/.m2/repository/org/glassfish/jersey/media/jersey-media-jaxb/2.33/jersey-media-jaxb-2.33.jar:/home/runner/.m2/repository/org/glassfish/hk2/osgi-resource-locator/1.0.3/osgi-resource-locator-1.0.3.jar:/home/runner/.m2/repository/org/glassfish/hk2/hk2-api/2.5.0/hk2-api-2.5.0.jar:/home/runner/.m2/repository/org/glassfish/hk2/hk2-utils/2.5.0/hk2-utils-2.5.0.jar:/home/runner/.m2/repository/org/glassfish/hk2/external/aopalliance-repackaged/2.5.0/aopalliance-repackaged-2.5.0.jar:/home/runner/.m2/repository/com/fasterxml/jackson/dataformat/jackson-dataformat-xml/2.12.1/jackson-dataformat-xml-2.12.1.jar:/home/runner/.m2/repository/com/fasterxml/jackson/core/jackson-core/2.12.1/jackson-core-2.12.1.jar:/home/runner/.m2/repository/com/fasterxml/jackson/module/jackson-module-jaxb-annotations/2.12.1/jackson-module-jaxb-annotations-2.12.1.jar:/home/runner/.m2/repository/jakarta/xml/bind/jakarta.xml.bind-api/2.3.2/jakarta.xml.bind-api-2.3.2.jar:/home/runner/.m2/repository/org/codehaus/woodstox/stax2-api/3.1.4/stax2-api-3.1.4.jar:/home/runner/.m2/repository/com/fasterxml/woodstox/woodstox-core/5.0.3/woodstox-core-5.0.3.jar:/home/runner/.m2/repository/javax/enterprise/cdi-api/1.2/cdi-api-1.2.jar:/home/runner/.m2/repository/javax/el/javax.el-api/3.0.0/javax.el-api-3.0.0.jar:/home/runner/.m2/repository/javax/interceptor/javax.interceptor-api/1.2/javax.interceptor-api-1.2.jar:/home/runner/.m2/repository/javax/inject/javax.inject/1/javax.inject-1.jar:/home/runner/.m2/repository/javax/xml/bind/jaxb-api/2.3.0/jaxb-api-2.3.0.jar:/home/runner/.m2/repository/org/glassfish/jaxb/jaxb-runtime/2.3.0.1/jaxb-runtime-2.3.0.1.jar:/home/runner/.m2/repository/org/glassfish/jaxb/jaxb-core/2.3.0.1/jaxb-core-2.3.0.1.jar:/home/runner/.m2/repository/org/glassfish/jaxb/txw2/2.3.0.1/txw2-2.3.0.1.jar:/home/runner/.m2/repository/com/sun/istack/istack-commons-runtime/3.0.5/istack-commons-runtime-3.0.5.jar:/home/runner/.m2/repository/org/jvnet/staxex/stax-ex/1.7.8/stax-ex-1.7.8.jar:/home/runner/.m2/repository/com/sun/xml/fastinfoset/FastInfoset/1.2.13/FastInfoset-1.2.13.jar:/home/runner/.m2/repository/javax/activation/activation/1.1.1/activation-1.1.1.jar:/home/runner/.m2/repository/org/apache/ozone/ozone-csi/1.2.0-SNAPSHOT/ozone-csi-1.2.0-SNAPSHOT.jar:/home/runner/.m2/repository/com/google/protobuf/protobuf-java-util/3.12.0/protobuf-java-util-3.12.0.jar:/home/runner/.m2/repository/com/google/code/gson/gson/2.2.4/gson-2.2.4.jar:/home/runner/.m2/repository/org/apache/ozone/hdds-config/1.2.0-SNAPSHOT/hdds-config-1.2.0-SNAPSHOT.jar:/home/runner/.m2/repository/io/grpc/grpc-netty/1.33.0/grpc-netty-1.33.0.jar:/home/runner/.m2/repository/io/grpc/grpc-core/1.33.0/grpc-core-1.33.0.jar:/home/runner/.m2/repository/com/google/android/annotations/4.1.1.4/annotations-4.1.1.4.jar:/home/runner/.m2/repository/io/netty/netty-codec-http2/4.1.63.Final/netty-codec-http2-4.1.63.Final.jar:/home/runner/.m2/repository/io/netty/netty-codec-http/4.1.63.Final/netty-codec-http-4.1.63.Final.jar:/home/runner/.m2/repository/io/netty/netty-handler-proxy/4.1.63.Final/netty-handler-proxy-4.1.63.Final.jar:/home/runner/.m2/repository/io/netty/netty-codec-socks/4.1.63.Final/netty-codec-socks-4.1.63.Final.jar:/home/runner/.m2/repository/io/perfmark/perfmark-api/0.19.0/perfmark-api-0.19.0.jar:/home/runner/.m2/repository/org/codehaus/mojo/animal-sniffer-annotations/1.18/animal-sniffer-annotations-1.18.jar:/home/runner/.m2/repository/io/netty/netty-transport-native-epoll/4.1.63.Final/netty-transport-native-epoll-4.1.63.Final.jar:/home/runner/.m2/repository/io/netty/netty-common/4.1.63.Final/netty-common-4.1.63.Final.jar:/home/runner/.m2/repository/io/netty/netty-buffer/4.1.63.Final/netty-buffer-4.1.63.Final.jar:/home/runner/.m2/repository/io/netty/netty-transport-native-unix-common/4.1.63.Final/netty-transport-native-unix-common-4.1.63.Final.jar:/home/runner/.m2/repository/io/grpc/grpc-protobuf/1.33.0/grpc-protobuf-1.33.0.jar:/home/runner/.m2/repository/io/grpc/grpc-api/1.33.0/grpc-api-1.33.0.jar:/home/runner/.m2/repository/io/grpc/grpc-context/1.33.0/grpc-context-1.33.0.jar:/home/runner/.m2/repository/com/google/api/grpc/proto-google-common-protos/1.17.0/proto-google-common-protos-1.17.0.jar:/home/runner/.m2/repository/io/grpc/grpc-protobuf-lite/1.33.0/grpc-protobuf-lite-1.33.0.jar:/home/runner/.m2/repository/io/grpc/grpc-stub/1.33.0/grpc-stub-1.33.0.jar:/home/runner/.m2/repository/org/apache/ozone/ozone-recon/1.2.0-SNAPSHOT/ozone-recon-1.2.0-SNAPSHOT.jar:/home/runner/.m2/repository/org/apache/ozone/ozone-reconcodegen/1.2.0-SNAPSHOT/ozone-reconcodegen-1.2.0-SNAPSHOT.jar:/home/runner/.m2/repository/com/google/inject/extensions/guice-multibindings/4.0/guice-multibindings-4.0.jar:/home/runner/.m2/repository/com/google/inject/guice/4.0/guice-4.0.jar:/home/runner/.m2/repository/aopalliance/aopalliance/1.0/aopalliance-1.0.jar:/home/runner/.m2/repository/com/google/inject/extensions/guice-assistedinject/4.0/guice-assistedinject-4.0.jar:/home/runner/.m2/repository/com/google/inject/extensions/guice-servlet/4.0/guice-servlet-4.0.jar:/home/runner/.m2/repository/org/glassfish/jersey/containers/jersey-container-servlet/2.33/jersey-container-servlet-2.33.jar:/home/runner/.m2/repository/org/glassfish/hk2/guice-bridge/2.5.0/guice-bridge-2.5.0.jar:/home/runner/.m2/repository/org/glassfish/jersey/core/jersey-server/2.33/jersey-server-2.33.jar:/home/runner/.m2/repository/org/glassfish/jersey/core/jersey-client/2.33/jersey-client-2.33.jar:/home/runner/.m2/repository/jakarta/annotation/jakarta.annotation-api/1.3.5/jakarta.annotation-api-1.3.5.jar:/home/runner/.m2/repository/jakarta/validation/jakarta.validation-api/2.0.2/jakarta.validation-api-2.0.2.jar:/home/runner/.m2/repository/org/glassfish/jersey/media/jersey-media-json-jackson/2.33/jersey-media-json-jackson-2.33.jar:/home/runner/.m2/repository/org/glassfish/jersey/ext/jersey-entity-filtering/2.33/jersey-entity-filtering-2.33.jar:/home/runner/.m2/repository/org/jooq/jooq/3.11.10/jooq-3.11.10.jar:/home/runner/.m2/repository/org/jooq/jooq-meta/3.11.10/jooq-meta-3.11.10.jar:/home/runner/.m2/repository/org/jooq/jooq-codegen/3.11.10/jooq-codegen-3.11.10.jar:/home/runner/.m2/repository/com/jolbox/bonecp/0.8.0.RELEASE/bonecp-0.8.0.RELEASE.jar:/home/runner/.m2/repository/org/apache/derby/derby/10.14.2.0/derby-10.14.2.0.jar:/home/runner/.m2/repository/org/xerial/sqlite-jdbc/3.25.2/sqlite-jdbc-3.25.2.jar:/home/runner/.m2/repository/org/springframework/spring-jdbc/5.2.11.RELEASE/spring-jdbc-5.2.11.RELEASE.jar:/home/runner/.m2/repository/org/springframework/spring-beans/5.2.11.RELEASE/spring-beans-5.2.11.RELEASE.jar:/home/runner/.m2/repository/org/springframework/spring-core/5.2.11.RELEASE/spring-core-5.2.11.RELEASE.jar:/home/runner/.m2/repository/org/springframework/spring-jcl/5.2.11.RELEASE/spring-jcl-5.2.11.RELEASE.jar:/home/runner/.m2/repository/org/springframework/spring-tx/5.2.11.RELEASE/spring-tx-5.2.11.RELEASE.jar:/home/runner/.m2/repository/org/apache/ozone/ozone-client/1.2.0-SNAPSHOT/ozone-client-1.2.0-SNAPSHOT.jar:/home/runner/.m2/repository/org/apache/ozone/ozone-filesystem/1.2.0-SNAPSHOT/ozone-filesystem-1.2.0-SNAPSHOT.jar:/home/runner/.m2/repository/org/apache/ozone/ozone-filesystem-common/1.2.0-SNAPSHOT/ozone-filesystem-common-1.2.0-SNAPSHOT.jar:/home/runner/.m2/repository/org/apache/ozone/ozone-tools/1.2.0-SNAPSHOT/ozone-tools-1.2.0-SNAPSHOT.jar:/home/runner/.m2/repository/org/apache/ratis/ratis-tools/2.1.0-03f3b68-SNAPSHOT/ratis-tools-2.1.0-03f3b68-SNAPSHOT.jar:/home/runner/.m2/repository/com/amazonaws/aws-java-sdk-core/1.11.901/aws-java-sdk-core-1.11.901.jar:/home/runner/.m2/repository/org/apache/httpcomponents/httpclient/4.5.13/httpclient-4.5.13.jar:/home/runner/.m2/repository/org/apache/httpcomponents/httpcore/4.4.13/httpcore-4.4.13.jar:/home/runner/.m2/repository/software/amazon/ion/ion-java/1.0.2/ion-java-1.0.2.jar:/home/runner/.m2/repository/com/fasterxml/jackson/dataformat/jackson-dataformat-cbor/2.12.1/jackson-dataformat-cbor-2.12.1.jar:/home/runner/.m2/repository/joda-time/joda-time/2.8.1/joda-time-2.8.1.jar:/home/runner/.m2/repository/com/amazonaws/aws-java-sdk-s3/1.11.901/aws-java-sdk-s3-1.11.901.jar:/home/runner/.m2/repository/com/amazonaws/aws-java-sdk-kms/1.11.901/aws-java-sdk-kms-1.11.901.jar:/home/runner/.m2/repository/com/amazonaws/jmespath-java/1.11.901/jmespath-java-1.11.901.jar:/home/runner/.m2/repository/org/kohsuke/metainf-services/metainf-services/1.8/metainf-services-1.8.jar:/home/runner/.m2/repository/org/apache/ozone/hdds-tools/1.2.0-SNAPSHOT/hdds-tools-1.2.0-SNAPSHOT.jar:/home/runner/.m2/repository/commons-cli/commons-cli/1.2/commons-cli-1.2.jar:/home/runner/.m2/repository/org/apache/commons/commons-lang3/3.7/commons-lang3-3.7.jar:/home/runner/.m2/repository/org/apache/ozone/ozone-manager/1.2.0-SNAPSHOT/ozone-manager-1.2.0-SNAPSHOT-tests.jar:/home/runner/.m2/repository/org/apache/ozone/hdds-common/1.2.0-SNAPSHOT/hdds-common-1.2.0-SNAPSHOT-tests.jar:/home/runner/.m2/repository/org/apache/ozone/hdds-hadoop-dependency-client/1.2.0-SNAPSHOT/hdds-hadoop-dependency-client-1.2.0-SNAPSHOT.jar:/home/runner/.m2/repository/info/picocli/picocli/4.6.1/picocli-4.6.1.jar:/home/runner/.m2/repository/com/fasterxml/jackson/core/jackson-annotations/2.12.1/jackson-annotations-2.12.1.jar:/home/runner/.m2/repository/javax/annotation/javax.annotation-api/1.2/javax.annotation-api-1.2.jar:/home/runner/.m2/repository/org/apache/ratis/ratis-server/2.1.0-03f3b68-SNAPSHOT/ratis-server-2.1.0-03f3b68-SNAPSHOT.jar:/home/runner/.m2/repository/org/apache/ratis/ratis-client/2.1.0-03f3b68-SNAPSHOT/ratis-client-2.1.0-03f3b68-SNAPSHOT.jar:/home/runner/.m2/repository/org/apache/ratis/ratis-server-api/2.1.0-03f3b68-SNAPSHOT/ratis-server-api-2.1.0-03f3b68-SNAPSHOT.jar:/home/runner/.m2/repository/org/apache/ratis/ratis-metrics/2.1.0-03f3b68-SNAPSHOT/ratis-metrics-2.1.0-03f3b68-SNAPSHOT.jar:/home/runner/.m2/repository/org/apache/ratis/ratis-netty/2.1.0-03f3b68-SNAPSHOT/ratis-netty-2.1.0-03f3b68-SNAPSHOT.jar:/home/runner/.m2/repository/org/apache/ratis/ratis-grpc/2.1.0-03f3b68-SNAPSHOT/ratis-grpc-2.1.0-03f3b68-SNAPSHOT.jar:/home/runner/.m2/repository/org/apache/logging/log4j/log4j-api/2.13.3/log4j-api-2.13.3.jar:/home/runner/.m2/repository/org/apache/logging/log4j/log4j-core/2.13.3/log4j-core-2.13.3.jar:/home/runner/.m2/repository/com/lmax/disruptor/3.4.2/disruptor-3.4.2.jar:/home/runner/.m2/repository/org/apache/commons/commons-pool2/2.6.0/commons-pool2-2.6.0.jar:/home/runner/.m2/repository/org/bouncycastle/bcpkix-jdk15on/1.67/bcpkix-jdk15on-1.67.jar:/home/runner/.m2/repository/commons-validator/commons-validator/1.6/commons-validator-1.6.jar:/home/runner/.m2/repository/commons-beanutils/commons-beanutils/1.9.4/commons-beanutils-1.9.4.jar:/home/runner/.m2/repository/commons-digester/commons-digester/1.8.1/commons-digester-1.8.1.jar:/home/runner/.m2/repository/commons-collections/commons-collections/3.2.2/commons-collections-3.2.2.jar:/home/runner/.m2/repository/io/jaegertracing/jaeger-client/1.6.0/jaeger-client-1.6.0.jar:/home/runner/.m2/repository/io/jaegertracing/jaeger-thrift/1.6.0/jaeger-thrift-1.6.0.jar:/home/runner/.m2/repository/org/apache/thrift/libthrift/0.14.1/libthrift-0.14.1.jar:/home/runner/.m2/repository/com/squareup/okhttp3/okhttp/4.9.0/okhttp-4.9.0.jar:/home/runner/.m2/repository/com/squareup/okio/okio/2.8.0/okio-2.8.0.jar:/home/runner/.m2/repository/io/jaegertracing/jaeger-core/1.6.0/jaeger-core-1.6.0.jar:/home/runner/.m2/repository/io/jaegertracing/jaeger-tracerresolver/1.6.0/jaeger-tracerresolver-1.6.0.jar:/home/runner/.m2/repository/io/opentracing/contrib/opentracing-tracerresolver/0.1.8/opentracing-tracerresolver-0.1.8.jar:/home/runner/.m2/repository/org/jetbrains/kotlin/kotlin-stdlib/1.4.31/kotlin-stdlib-1.4.31.jar:/home/runner/.m2/repository/org/jetbrains/kotlin/kotlin-stdlib-common/1.4.31/kotlin-stdlib-common-1.4.31.jar:/home/runner/.m2/repository/org/jetbrains/annotations/13.0/annotations-13.0.jar:/home/runner/.m2/repository/io/opentracing/opentracing-util/0.33.0/opentracing-util-0.33.0.jar:/home/runner/.m2/repository/io/opentracing/opentracing-api/0.33.0/opentracing-api-0.33.0.jar:/home/runner/.m2/repository/io/opentracing/opentracing-noop/0.33.0/opentracing-noop-0.33.0.jar:/home/runner/.m2/repository/org/yaml/snakeyaml/1.26/snakeyaml-1.26.jar:/home/runner/.m2/repository/org/apache/ozone/hdds-interface-admin/1.2.0-SNAPSHOT/hdds-interface-admin-1.2.0-SNAPSHOT.jar:/home/runner/.m2/repository/junit/junit/4.13.1/junit-4.13.1.jar:/home/runner/.m2/repository/org/hamcrest/hamcrest-core/1.3/hamcrest-core-1.3.jar:/home/runner/.m2/repository/org/junit/jupiter/junit-jupiter-api/5.7.0/junit-jupiter-api-5.7.0.jar:/home/runner/.m2/repository/org/apiguardian/apiguardian-api/1.1.0/apiguardian-api-1.1.0.jar:/home/runner/.m2/repository/org/opentest4j/opentest4j/1.2.0/opentest4j-1.2.0.jar:/home/runner/.m2/repository/org/junit/platform/junit-platform-commons/1.7.0/junit-platform-commons-1.7.0.jar:/home/runner/.m2/repository/org/junit/jupiter/junit-jupiter-engine/5.7.0/junit-jupiter-engine-5.7.0.jar:/home/runner/.m2/repository/org/junit/platform/junit-platform-engine/1.7.0/junit-platform-engine-1.7.0.jar:/home/runner/.m2/repository/org/junit/vintage/junit-vintage-engine/5.7.0/junit-vintage-engine-5.7.0.jar:/home/runner/.m2/repository/org/junit/platform/junit-platform-launcher/1.7.0/junit-platform-launcher-1.7.0.jar:/home/runner/.m2/repository/org/openjdk/jmh/jmh-core/1.19/jmh-core-1.19.jar:/home/runner/.m2/repository/net/sf/jopt-simple/jopt-simple/4.6/jopt-simple-4.6.jar:/home/runner/.m2/repository/org/apache/commons/commons-math3/3.1.1/commons-math3-3.1.1.jar:/home/runner/.m2/repository/org/openjdk/jmh/jmh-generator-annprocess/1.19/jmh-generator-annprocess-1.19.jar:/home/runner/.m2/repository/org/mockito/mockito-core/2.28.2/mockito-core-2.28.2.jar:/home/runner/.m2/repository/net/bytebuddy/byte-buddy/1.9.10/byte-buddy-1.9.10.jar:/home/runner/.m2/repository/net/bytebuddy/byte-buddy-agent/1.9.10/byte-buddy-agent-1.9.10.jar:/home/runner/.m2/repository/org/objenesis/objenesis/1.0/objenesis-1.0.jar:/home/runner/.m2/repository/org/apache/hadoop/hadoop-kms/3.3.1/hadoop-kms-3.3.1.jar:/home/runner/.m2/repository/org/apache/hadoop/hadoop-auth/3.3.1/hadoop-auth-3.3.1.jar:/home/runner/.m2/repository/com/nimbusds/nimbus-jose-jwt/7.9/nimbus-jose-jwt-7.9.jar:/home/runner/.m2/repository/com/github/stephenc/jcip/jcip-annotations/1.0-1/jcip-annotations-1.0-1.jar:/home/runner/.m2/repository/net/minidev/json-smart/2.3/json-smart-2.3.jar:/home/runner/.m2/repository/net/minidev/accessors-smart/1.2/accessors-smart-1.2.jar:/home/runner/.m2/repository/org/ow2/asm/asm/5.0.4/asm-5.0.4.jar:/home/runner/.m2/repository/org/apache/zookeeper/zookeeper/3.5.6/zookeeper-3.5.6.jar:/home/runner/.m2/repository/org/apache/zookeeper/zookeeper-jute/3.5.6/zookeeper-jute-3.5.6.jar:/home/runner/.m2/repository/org/apache/yetus/audience-annotations/0.5.0/audience-annotations-0.5.0.jar:/home/runner/.m2/repository/org/apache/curator/curator-framework/4.2.0/curator-framework-4.2.0.jar:/home/runner/.m2/repository/org/apache/hadoop/thirdparty/hadoop-shaded-guava/1.1.1/hadoop-shaded-guava-1.1.1.jar:/home/runner/.m2/repository/com/sun/jersey/jersey-core/1.19/jersey-core-1.19.jar:/home/runner/.m2/repository/javax/ws/rs/jsr311-api/1.1.1/jsr311-api-1.1.1.jar:/home/runner/.m2/repository/com/sun/jersey/jersey-server/1.19/jersey-server-1.19.jar:/home/runner/.m2/repository/javax/servlet/javax.servlet-api/3.1.0/javax.servlet-api-3.1.0.jar:/home/runner/.m2/repository/org/eclipse/jetty/jetty-server/9.4.43.v20210629/jetty-server-9.4.43.v20210629.jar:/home/runner/.m2/repository/org/eclipse/jetty/jetty-http/9.4.43.v20210629/jetty-http-9.4.43.v20210629.jar:/home/runner/.m2/repository/org/eclipse/jetty/jetty-io/9.4.43.v20210629/jetty-io-9.4.43.v20210629.jar:/home/runner/.m2/repository/org/eclipse/jetty/jetty-webapp/9.4.43.v20210629/jetty-webapp-9.4.43.v20210629.jar:/home/runner/.m2/repository/org/eclipse/jetty/jetty-xml/9.4.43.v20210629/jetty-xml-9.4.43.v20210629.jar:/home/runner/.m2/repository/org/apache/hadoop/hadoop-common/3.3.1/hadoop-common-3.3.1.jar:/home/runner/.m2/repository/commons-net/commons-net/3.6/commons-net-3.6.jar:/home/runner/.m2/repository/jakarta/activation/jakarta.activation-api/1.2.1/jakarta.activation-api-1.2.1.jar:/home/runner/.m2/repository/com/sun/jersey/jersey-servlet/1.19/jersey-servlet-1.19.jar:/home/runner/.m2/repository/com/sun/jersey/jersey-json/1.19/jersey-json-1.19.jar:/home/runner/.m2/repository/org/codehaus/jettison/jettison/1.1/jettison-1.1.jar:/home/runner/.m2/repository/com/sun/xml/bind/jaxb-impl/2.2.3-1/jaxb-impl-2.2.3-1.jar:/home/runner/.m2/repository/org/codehaus/jackson/jackson-jaxrs/1.9.2/jackson-jaxrs-1.9.2.jar:/home/runner/.m2/repository/org/codehaus/jackson/jackson-xc/1.9.2/jackson-xc-1.9.2.jar:/home/runner/.m2/repository/org/apache/commons/commons-configuration2/2.1.1/commons-configuration2-2.1.1.jar:/home/runner/.m2/repository/org/apache/commons/commons-text/1.4/commons-text-1.4.jar:/home/runner/.m2/repository/com/google/re2j/re2j/1.1/re2j-1.1.jar:/home/runner/.m2/repository/com/jcraft/jsch/0.1.54/jsch-0.1.54.jar:/home/runner/.m2/repository/org/apache/curator/curator-client/4.2.0/curator-client-4.2.0.jar:/home/runner/.m2/repository/org/apache/curator/curator-recipes/4.2.0/curator-recipes-4.2.0.jar:/home/runner/.m2/repository/org/apache/kerby/kerb-core/1.0.1/kerb-core-1.0.1.jar:/home/runner/.m2/repository/org/apache/kerby/kerby-pkix/1.0.1/kerby-pkix-1.0.1.jar:/home/runner/.m2/repository/org/apache/kerby/kerby-asn1/1.0.1/kerby-asn1-1.0.1.jar:/home/runner/.m2/repository/org/apache/kerby/kerby-util/1.0.1/kerby-util-1.0.1.jar:/home/runner/.m2/repository/dnsjava/dnsjava/2.1.7/dnsjava-2.1.7.jar:/home/runner/.m2/repository/org/xerial/snappy/snappy-java/1.1.8.2/snappy-java-1.1.8.2.jar:/home/runner/.m2/repository/org/slf4j/jul-to-slf4j/1.7.30/jul-to-slf4j-1.7.30.jar:/home/runner/.m2/repository/org/eclipse/jetty/jetty-util/9.4.43.v20210629/jetty-util-9.4.43.v20210629.jar:/home/runner/.m2/repository/com/fasterxml/jackson/core/jackson-databind/2.12.1/jackson-databind-2.12.1.jar:/home/runner/.m2/repository/org/apache/hadoop/hadoop-kms/3.3.1/hadoop-kms-3.3.1-tests.jar:/home/runner/.m2/repository/org/apache/ozone/hdds-server-scm/1.2.0-SNAPSHOT/hdds-server-scm-1.2.0-SNAPSHOT-tests.jar:/home/runner/.m2/repository/org/apache/ozone/hdds-container-service/1.2.0-SNAPSHOT/hdds-container-service-1.2.0-SNAPSHOT-tests.jar:/home/runner/.m2/repository/commons-codec/commons-codec/1.11/commons-codec-1.11.jar:/home/runner/.m2/repository/io/netty/netty-transport/4.1.63.Final/netty-transport-4.1.63.Final.jar:/home/runner/.m2/repository/io/netty/netty-resolver/4.1.63.Final/netty-resolver-4.1.63.Final.jar:/home/runner/.m2/repository/io/netty/netty-codec/4.1.63.Final/netty-codec-4.1.63.Final.jar:/home/runner/.m2/repository/io/netty/netty-handler/4.1.63.Final/netty-handler-4.1.63.Final.jar:/home/runner/.m2/repository/org/apache/ozone/hdds-hadoop-dependency-test/1.2.0-SNAPSHOT/hdds-hadoop-dependency-test-1.2.0-SNAPSHOT.jar:/home/runner/.m2/repository/org/apache/hadoop/hadoop-common/3.3.1/hadoop-common-3.3.1-tests.jar:/home/runner/.m2/repository/org/assertj/assertj-core/3.12.2/assertj-core-3.12.2.jar:/home/runner/.m2/repository/org/apache/hadoop/hadoop-hdfs/3.3.1/hadoop-hdfs-3.3.1-tests.jar:/home/runner/.m2/repository/org/eclipse/jetty/jetty-util-ajax/9.4.43.v20210629/jetty-util-ajax-9.4.43.v20210629.jar:/home/runner/.m2/repository/commons-daemon/commons-daemon/1.0.13/commons-daemon-1.0.13.jar:/home/runner/.m2/repository/io/netty/netty/3.10.6.Final/netty-3.10.6.Final.jar:/home/runner/.m2/repository/io/netty/netty-all/4.1.63.Final/netty-all-4.1.63.Final.jar:/home/runner/.m2/repository/org/apache/htrace/htrace-core4/4.1.0-incubating/htrace-core4-4.1.0-incubating.jar:/home/runner/.m2/repository/org/fusesource/leveldbjni/leveldbjni-all/1.8/leveldbjni-all-1.8.jar:/home/runner/.m2/repository/org/apache/hadoop/hadoop-distcp/3.3.1/hadoop-distcp-3.3.1.jar:/home/runner/.m2/repository/org/apache/hadoop/hadoop-mapreduce-client-jobclient/3.3.1/hadoop-mapreduce-client-jobclient-3.3.1.jar:/home/runner/.m2/repository/org/apache/hadoop/hadoop-mapreduce-client-common/3.3.1/hadoop-mapreduce-client-common-3.3.1.jar:/home/runner/.m2/repository/org/apache/hadoop/hadoop-yarn-common/3.3.1/hadoop-yarn-common-3.3.1.jar:/home/runner/.m2/repository/org/apache/hadoop/hadoop-yarn-api/3.3.1/hadoop-yarn-api-3.3.1.jar:/home/runner/.m2/repository/com/sun/jersey/jersey-client/1.19/jersey-client-1.19.jar:/home/runner/.m2/repository/com/sun/jersey/contribs/jersey-guice/1.19/jersey-guice-1.19.jar:/home/runner/.m2/repository/com/fasterxml/jackson/jaxrs/jackson-jaxrs-json-provider/2.12.1/jackson-jaxrs-json-provider-2.12.1.jar:/home/runner/.m2/repository/com/fasterxml/jackson/jaxrs/jackson-jaxrs-base/2.12.1/jackson-jaxrs-base-2.12.1.jar:/home/runner/.m2/repository/org/apache/hadoop/hadoop-yarn-client/3.3.1/hadoop-yarn-client-3.3.1.jar:/home/runner/.m2/repository/org/eclipse/jetty/websocket/websocket-client/9.4.40.v20210413/websocket-client-9.4.40.v20210413.jar:/home/runner/.m2/repository/org/eclipse/jetty/jetty-client/9.4.40.v20210413/jetty-client-9.4.40.v20210413.jar:/home/runner/.m2/repository/org/eclipse/jetty/websocket/websocket-common/9.4.40.v20210413/websocket-common-9.4.40.v20210413.jar:/home/runner/.m2/repository/org/eclipse/jetty/websocket/websocket-api/9.4.40.v20210413/websocket-api-9.4.40.v20210413.jar:/home/runner/.m2/repository/org/jline/jline/3.9.0/jline-3.9.0.jar:/home/runner/.m2/repository/org/apache/hadoop/hadoop-mapreduce-client-core/3.3.1/hadoop-mapreduce-client-core-3.3.1.jar:/home/runner/.m2/repository/org/apache/avro/avro/1.7.7/avro-1.7.7.jar:/home/runner/.m2/repository/org/codehaus/jackson/jackson-core-asl/1.9.13/jackson-core-asl-1.9.13.jar:/home/runner/.m2/repository/org/codehaus/jackson/jackson-mapper-asl/1.9.13/jackson-mapper-asl-1.9.13.jar:/home/runner/.m2/repository/com/thoughtworks/paranamer/paranamer/2.3/paranamer-2.3.jar:/home/runner/.m2/repository/org/apache/hadoop/hadoop-annotations/3.3.1/hadoop-annotations-3.3.1.jar:/usr/lib/jvm/adoptopenjdk-8-hotspot-amd64/jre/../lib/tools.jar:/home/runner/.m2/repository/org/apache/hadoop/hadoop-distcp/3.3.1/hadoop-distcp-3.3.1-tests.jar:/home/runner/.m2/repository/org/apache/ratis/ratis-common/2.1.0-03f3b68-SNAPSHOT/ratis-common-2.1.0-03f3b68-SNAPSHOT.jar:/home/runner/.m2/repository/org/apache/ratis/ratis-thirdparty-misc/0.7.0/ratis-thirdparty-misc-0.7.0.jar:/home/runner/.m2/repository/org/apache/ratis/ratis-proto/2.1.0-03f3b68-SNAPSHOT/ratis-proto-2.1.0-03f3b68-SNAPSHOT.jar:"/>
    <property name="sun.cpu.endian" value="little"/>
    <property name="user.home" value="/home/runner"/>
    <property name="user.language" value="en"/>
    <property name="java.specification.vendor" value="Oracle Corporation"/>
    <property name="java.home" value="/usr/lib/jvm/adoptopenjdk-8-hotspot-amd64/jre"/>
    <property name="java.security.krb5.conf" value="/home/runner/work/ozone/ozone/hadoop-ozone/integration-test/target/test-classes/krb5.conf"/>
    <property name="basedir" value="/home/runner/work/ozone/ozone/hadoop-ozone/integration-test"/>
    <property name="file.separator" value="/"/>
    <property name="line.separator" value="&#10;"/>
    <property name="java.vm.specification.vendor" value="Oracle Corporation"/>
    <property name="java.specification.name" value="Java Platform API Specification"/>
    <property name="java.awt.graphicsenv" value="sun.awt.X11GraphicsEnvironment"/>
    <property name="skip.installnpx" value="true"/>
    <property name="surefire.real.class.path" value="/home/runner/work/ozone/ozone/hadoop-ozone/integration-test/target/surefire/surefirebooter3545451213221399552.jar:/home/runner/.m2/repository/org/jacoco/org.jacoco.agent/0.8.5/org.jacoco.agent-0.8.5-runtime.jar"/>
    <property name="hadoop.log.dir" value="/home/runner/work/ozone/ozone/hadoop-ozone/integration-test/target/log"/>
    <property name="sun.boot.class.path" value="/usr/lib/jvm/adoptopenjdk-8-hotspot-amd64/jre/lib/resources.jar:/usr/lib/jvm/adoptopenjdk-8-hotspot-amd64/jre/lib/rt.jar:/usr/lib/jvm/adoptopenjdk-8-hotspot-amd64/jre/lib/sunrsasign.jar:/usr/lib/jvm/adoptopenjdk-8-hotspot-amd64/jre/lib/jsse.jar:/usr/lib/jvm/adoptopenjdk-8-hotspot-amd64/jre/lib/jce.jar:/usr/lib/jvm/adoptopenjdk-8-hotspot-amd64/jre/lib/charsets.jar:/usr/lib/jvm/adoptopenjdk-8-hotspot-amd64/jre/lib/jfr.jar:/usr/lib/jvm/adoptopenjdk-8-hotspot-amd64/jre/classes"/>
    <property name="sun.management.compiler" value="HotSpot 64-Bit Tiered Compilers"/>
    <property name="skip.npx" value="true"/>
    <property name="java.runtime.version" value="1.8.0_292-b10"/>
    <property name="java.net.preferIPv4Stack" value="true"/>
    <property name="user.name" value="runner"/>
    <property name="path.separator" value=":"/>
    <property name="java.security.egd" value="file:///dev/urandom"/>
    <property name="os.version" value="5.4.0-1055-azure"/>
    <property name="java.endorsed.dirs" value="/usr/lib/jvm/adoptopenjdk-8-hotspot-amd64/jre/lib/endorsed"/>
    <property name="java.runtime.name" value="OpenJDK Runtime Environment"/>
    <property name="file.encoding" value="UTF-8"/>
    <property name="java.vm.name" value="OpenJDK 64-Bit Server VM"/>
    <property name="test.build.webapps" value=""/>
    <property name="localRepository" value="/home/runner/.m2/repository"/>
    <property name="java.vendor.url.bug" value="https://github.com/AdoptOpenJDK/openjdk-support/issues"/>
    <property name="java.io.tmpdir" value="/tmp"/>
    <property name="require.test.libhadoop" value=""/>
    <property name="java.version" value="1.8.0_292"/>
    <property name="user.dir" value="/home/runner/work/ozone/ozone/hadoop-ozone/integration-test"/>
    <property name="os.arch" value="amd64"/>
    <property name="java.vm.specification.name" value="Java Virtual Machine Specification"/>
    <property name="test.build.classes" value="/home/runner/work/ozone/ozone/hadoop-ozone/integration-test/target/test-classes"/>
    <property name="java.awt.printerjob" value="sun.print.PSPrinterJob"/>
    <property name="sun.os.patch.level" value="unknown"/>
    <property name="hadoop.tmp.dir" value="/home/runner/work/ozone/ozone/hadoop-ozone/integration-test/target/tmp"/>
    <property name="java.library.path" value="/usr/java/packages/lib/amd64:/usr/lib64:/lib64:/lib:/usr/lib"/>
    <property name="java.vm.info" value="mixed mode"/>
    <property name="java.vendor" value="AdoptOpenJDK"/>
    <property name="java.vm.version" value="25.292-b10"/>
    <property name="java.ext.dirs" value="/usr/lib/jvm/adoptopenjdk-8-hotspot-amd64/jre/lib/ext:/usr/java/packages/lib/ext"/>
    <property name="sun.io.unicode.encoding" value="UnicodeLittle"/>
    <property name="java.class.version" value="52.0"/>
  </properties>
  <testcase name="testWatchForCommitWithKeyWrite" classname="org.apache.hadoop.ozone.client.rpc.TestWatchForCommit" time="83.036"/>
  <testcase name="testWatchForCommitForRetryfailure" classname="org.apache.hadoop.ozone.client.rpc.TestWatchForCommit" time="90.498"/>
  <testcase name="testWatchForCommitForGroupMismatchException" classname="org.apache.hadoop.ozone.client.rpc.TestWatchForCommit" time="71.873">
    <error message="org.apache.ratis.protocol.exceptions.AlreadyClosedException: SlidingWindow$Client:client-134E9B647F47-&gt;RAFT is closed." type="java.util.concurrent.ExecutionException">java.util.concurrent.ExecutionException: org.apache.ratis.protocol.exceptions.AlreadyClosedException: SlidingWindow$Client:client-134E9B647F47->RAFT is closed.
	at java.util.concurrent.CompletableFuture.reportGet(CompletableFuture.java:357)
	at java.util.concurrent.CompletableFuture.get(CompletableFuture.java:1908)
	at org.apache.hadoop.ozone.client.rpc.TestWatchForCommit.testWatchForCommitForGroupMismatchException(TestWatchForCommit.java:354)
	at sun.reflect.NativeMethodAccessorImpl.invoke0(Native Method)
	at sun.reflect.NativeMethodAccessorImpl.invoke(NativeMethodAccessorImpl.java:62)
	at sun.reflect.DelegatingMethodAccessorImpl.invoke(DelegatingMethodAccessorImpl.java:43)
	at java.lang.reflect.Method.invoke(Method.java:498)
	at org.junit.runners.model.FrameworkMethod$1.runReflectiveCall(FrameworkMethod.java:59)
	at org.junit.internal.runners.model.ReflectiveCallable.run(ReflectiveCallable.java:12)
	at org.junit.runners.model.FrameworkMethod.invokeExplosively(FrameworkMethod.java:56)
	at org.junit.internal.runners.statements.InvokeMethod.evaluate(InvokeMethod.java:17)
	at org.junit.internal.runners.statements.RunBefores.evaluate(RunBefores.java:26)
	at org.junit.internal.runners.statements.RunAfters.evaluate(RunAfters.java:27)
	at org.junit.runners.ParentRunner$3.evaluate(ParentRunner.java:306)
	at org.junit.runners.BlockJUnit4ClassRunner$1.evaluate(BlockJUnit4ClassRunner.java:100)
	at org.junit.runners.ParentRunner.runLeaf(ParentRunner.java:366)
	at org.junit.runners.BlockJUnit4ClassRunner.runChild(BlockJUnit4ClassRunner.java:103)
	at org.junit.runners.BlockJUnit4ClassRunner.runChild(BlockJUnit4ClassRunner.java:63)
	at org.junit.runners.ParentRunner$4.run(ParentRunner.java:331)
	at org.junit.runners.ParentRunner$1.schedule(ParentRunner.java:79)
	at org.junit.runners.ParentRunner.runChildren(ParentRunner.java:329)
	at org.junit.runners.ParentRunner.access$100(ParentRunner.java:66)
	at org.junit.runners.ParentRunner$2.evaluate(ParentRunner.java:293)
	at org.junit.runners.ParentRunner$3.evaluate(ParentRunner.java:306)
	at org.junit.runners.ParentRunner.run(ParentRunner.java:413)
	at org.junit.runner.JUnitCore.run(JUnitCore.java:137)
	at org.junit.runner.JUnitCore.run(JUnitCore.java:115)
	at org.junit.vintage.engine.execution.RunnerExecutor.execute(RunnerExecutor.java:43)
	at java.util.stream.ForEachOps$ForEachOp$OfRef.accept(ForEachOps.java:183)
	at java.util.stream.ReferencePipeline$3$1.accept(ReferencePipeline.java:193)
	at java.util.Iterator.forEachRemaining(Iterator.java:116)
	at java.util.Spliterators$IteratorSpliterator.forEachRemaining(Spliterators.java:1801)
	at java.util.stream.AbstractPipeline.copyInto(AbstractPipeline.java:482)
	at java.util.stream.AbstractPipeline.wrapAndCopyInto(AbstractPipeline.java:472)
	at java.util.stream.ForEachOps$ForEachOp.evaluateSequential(ForEachOps.java:150)
	at java.util.stream.ForEachOps$ForEachOp$OfRef.evaluateSequential(ForEachOps.java:173)
	at java.util.stream.AbstractPipeline.evaluate(AbstractPipeline.java:234)
	at java.util.stream.ReferencePipeline.forEach(ReferencePipeline.java:485)
	at org.junit.vintage.engine.VintageTestEngine.executeAllChildren(VintageTestEngine.java:82)
	at org.junit.vintage.engine.VintageTestEngine.execute(VintageTestEngine.java:73)
	at org.junit.platform.launcher.core.EngineExecutionOrchestrator.execute(EngineExecutionOrchestrator.java:108)
	at org.junit.platform.launcher.core.EngineExecutionOrchestrator.execute(EngineExecutionOrchestrator.java:88)
	at org.junit.platform.launcher.core.EngineExecutionOrchestrator.lambda$execute$0(EngineExecutionOrchestrator.java:54)
	at org.junit.platform.launcher.core.EngineExecutionOrchestrator.withInterceptedStreams(EngineExecutionOrchestrator.java:67)
	at org.junit.platform.launcher.core.EngineExecutionOrchestrator.execute(EngineExecutionOrchestrator.java:52)
	at org.junit.platform.launcher.core.DefaultLauncher.execute(DefaultLauncher.java:96)
	at org.junit.platform.launcher.core.DefaultLauncher.execute(DefaultLauncher.java:75)
	at org.apache.maven.surefire.junitplatform.JUnitPlatformProvider.invokeAllTests(JUnitPlatformProvider.java:142)
	at org.apache.maven.surefire.junitplatform.JUnitPlatformProvider.invoke(JUnitPlatformProvider.java:113)
	at org.apache.maven.surefire.booter.ForkedBooter.invokeProviderInSameClassLoader(ForkedBooter.java:384)
	at org.apache.maven.surefire.booter.ForkedBooter.runSuitesInProcess(ForkedBooter.java:345)
	at org.apache.maven.surefire.booter.ForkedBooter.execute(ForkedBooter.java:126)
	at org.apache.maven.surefire.booter.ForkedBooter.main(ForkedBooter.java:418)
Caused by: org.apache.ratis.protocol.exceptions.AlreadyClosedException: SlidingWindow$Client:client-134E9B647F47->RAFT is closed.
	at org.apache.ratis.util.SlidingWindow$Client.alreadyClosed(SlidingWindow.java:378)
	at org.apache.ratis.util.SlidingWindow$Client.fail(SlidingWindow.java:366)
	at org.apache.ratis.client.impl.OrderedAsync.failAllAsyncRequests(OrderedAsync.java:148)
	at org.apache.ratis.client.impl.OrderedAsync.handleAsyncRetryFailure(OrderedAsync.java:152)
	at org.apache.ratis.client.impl.OrderedAsync.lambda$sendRequest$10(OrderedAsync.java:252)
	at java.util.concurrent.CompletableFuture.uniExceptionally(CompletableFuture.java:884)
	at java.util.concurrent.CompletableFuture$UniExceptionally.tryFire(CompletableFuture.java:866)
	at java.util.concurrent.CompletableFuture.postComplete(CompletableFuture.java:488)
	at java.util.concurrent.CompletableFuture.completeExceptionally(CompletableFuture.java:1990)
	at org.apache.ratis.grpc.client.GrpcClientProtocolClient$AsyncStreamObservers.completeReplyExceptionally(GrpcClientProtocolClient.java:389)
	at org.apache.ratis.grpc.client.GrpcClientProtocolClient$AsyncStreamObservers.access$000(GrpcClientProtocolClient.java:295)
	at org.apache.ratis.grpc.client.GrpcClientProtocolClient$AsyncStreamObservers$1.onNext(GrpcClientProtocolClient.java:309)
	at org.apache.ratis.grpc.client.GrpcClientProtocolClient$AsyncStreamObservers$1.onNext(GrpcClientProtocolClient.java:300)
	at org.apache.ratis.thirdparty.io.grpc.stub.ClientCalls$StreamObserverToCallListenerAdapter.onMessage(ClientCalls.java:465)
	at org.apache.ratis.thirdparty.io.grpc.ForwardingClientCallListener.onMessage(ForwardingClientCallListener.java:33)
	at org.apache.ratis.thirdparty.io.grpc.internal.DelayedClientCall$DelayedListener.onMessage(DelayedClientCall.java:447)
	at org.apache.ratis.thirdparty.io.grpc.internal.ClientCallImpl$ClientStreamListenerImpl$1MessagesAvailable.runInternal(ClientCallImpl.java:715)
	at org.apache.ratis.thirdparty.io.grpc.internal.ClientCallImpl$ClientStreamListenerImpl$1MessagesAvailable.runInContext(ClientCallImpl.java:700)
	at org.apache.ratis.thirdparty.io.grpc.internal.ContextRunnable.run(ContextRunnable.java:37)
	at org.apache.ratis.thirdparty.io.grpc.internal.SerializingExecutor.run(SerializingExecutor.java:123)
	at java.util.concurrent.ThreadPoolExecutor.runWorker(ThreadPoolExecutor.java:1149)
	at java.util.concurrent.ThreadPoolExecutor$Worker.run(ThreadPoolExecutor.java:624)
	at java.lang.Thread.run(Thread.java:748)
Caused by: org.apache.ratis.protocol.exceptions.RaftRetryFailureException: Failed RaftClientRequest:client-134E9B647F47->97469cba-ac70-4b4e-8b1d-7d1e4e3cf9ac@group-6AA931AC1D3C, cid=52, seq=1*, Watch(0), null for 4 attempts with RequestTypeDependentRetryPolicy{WRITE->org.apache.ratis.retry.ExceptionDependentRetry@2aec2ca1, WATCH->org.apache.ratis.retry.ExceptionDependentRetry@1063fe4a}
	at org.apache.ratis.client.impl.RaftClientImpl.noMoreRetries(RaftClientImpl.java:254)
	... 20 more
Caused by: org.apache.ratis.protocol.exceptions.NotLeaderException: Server 97469cba-ac70-4b4e-8b1d-7d1e4e3cf9ac@group-6AA931AC1D3C is not the leader
	at org.apache.ratis.client.impl.ClientProtoUtils.toRaftClientReply(ClientProtoUtils.java:368)
	at org.apache.ratis.grpc.client.GrpcClientProtocolClient$AsyncStreamObservers$1.onNext(GrpcClientProtocolClient.java:305)
	... 11 more
</error>
    <system-out><![CDATA[2021-08-27 12:19:13,661 [Listener at 127.0.0.1/35081] WARN  server.ServerUtils (ServerUtils.java:getScmDbDir(148)) - ozone.scm.db.dirs is not configured. We recommend adding this setting. Falling back to ozone.metadata.dirs instead.
2021-08-27 12:19:13,674 [Listener at 127.0.0.1/35081] INFO  ha.SCMHANodeDetails (SCMHANodeDetails.java:loadSCMHAConfig(157)) - ServiceID for StorageContainerManager is null
2021-08-27 12:19:13,674 [Listener at 127.0.0.1/35081] INFO  ha.SCMHANodeDetails (SCMHANodeDetails.java:loadSCMHAConfig(162)) - ozone.scm.default.service.id is not defined, falling back to ozone.scm.service.ids to find serviceID for StorageContainerManager if it is HA enabled cluster
2021-08-27 12:19:13,675 [Listener at 127.0.0.1/35081] WARN  server.ServerUtils (ServerUtils.java:getScmDbDir(148)) - ozone.scm.db.dirs is not configured. We recommend adding this setting. Falling back to ozone.metadata.dirs instead.
2021-08-27 12:19:13,675 [Listener at 127.0.0.1/35081] INFO  upgrade.AbstractLayoutVersionManager (AbstractLayoutVersionManager.java:init(70)) - Initializing Layout version manager with metadata layout = SCM_HA (version = 2), software layout = SCM_HA (version = 2)
2021-08-27 12:19:13,732 [Listener at 127.0.0.1/35081] INFO  reflections.Reflections (Reflections.java:scan(232)) - Reflections took 56 ms to scan 7 urls, producing 120 keys and 275 values 
2021-08-27 12:19:13,735 [Listener at 127.0.0.1/35081] WARN  utils.HAUtils (HAUtils.java:getMetaDir(342)) - ozone.scm.db.dirs is not configured. We recommend adding this setting. Falling back to ozone.metadata.dirs instead.
2021-08-27 12:19:13,738 [Listener at 127.0.0.1/35081] WARN  db.DBStoreBuilder (DBStoreBuilder.java:applyDBDefinition(145)) - ozone.scm.db.dirs is not configured. We recommend adding this setting. Falling back to ozone.metadata.dirs instead.
2021-08-27 12:19:13,889 [Listener at 127.0.0.1/35081] INFO  net.NodeSchemaLoader (NodeSchemaLoader.java:loadSchemaFromFile(129)) - Loading schema from [jar:file:/home/runner/.m2/repository/org/apache/ozone/hdds-common/1.2.0-SNAPSHOT/hdds-common-1.2.0-SNAPSHOT.jar!/network-topology-default.xml]
2021-08-27 12:19:13,889 [Listener at 127.0.0.1/35081] INFO  net.NodeSchemaLoader (NodeSchemaLoader.java:loadSchema(176)) - Loading network topology layer schema file
2021-08-27 12:19:13,901 [Listener at 127.0.0.1/35081] INFO  ha.SequenceIdGenerator (SequenceIdGenerator.java:upgradeToSequenceId(327)) - upgrade localId to 107544261427200000
2021-08-27 12:19:13,902 [Listener at 127.0.0.1/35081] INFO  ha.SequenceIdGenerator (SequenceIdGenerator.java:upgradeToSequenceId(337)) - upgrade delTxnId to 0
2021-08-27 12:19:13,902 [Listener at 127.0.0.1/35081] INFO  ha.SequenceIdGenerator (SequenceIdGenerator.java:upgradeToSequenceId(351)) - upgrade containerId to 0
2021-08-27 12:19:13,902 [Listener at 127.0.0.1/35081] INFO  ha.SequenceIdGenerator (SequenceIdGenerator.java:<init>(217)) - Init the HA SequenceIdGenerator.
2021-08-27 12:19:13,903 [Listener at 127.0.0.1/35081] INFO  node.SCMNodeManager (SCMNodeManager.java:<init>(145)) - Entering startup safe mode.
2021-08-27 12:19:13,904 [Listener at 127.0.0.1/35081] INFO  algorithms.ContainerPlacementPolicyFactory (ContainerPlacementPolicyFactory.java:getPolicy(60)) - Create container placement policy of type org.apache.hadoop.hdds.scm.container.placement.algorithms.SCMContainerPlacementRandom
2021-08-27 12:19:13,904 [Listener at 127.0.0.1/35081] INFO  pipeline.PipelineStateManager (PipelineStateManagerV2Impl.java:initialize(78)) - No pipeline exists in current db
2021-08-27 12:19:13,904 [Listener at 127.0.0.1/35081] INFO  algorithms.LeaderChoosePolicyFactory (LeaderChoosePolicyFactory.java:getPolicy(57)) - Create leader choose policy of type org.apache.hadoop.hdds.scm.pipeline.leader.choose.algorithms.MinLeaderCountChoosePolicy
2021-08-27 12:19:13,904 [Listener at 127.0.0.1/35081] INFO  ha.SCMServiceManager (SCMServiceManager.java:register(43)) - Registering service BackgroundPipelineCreator.
2021-08-27 12:19:13,904 [Listener at 127.0.0.1/35081] INFO  pipeline.BackgroundPipelineCreator (BackgroundPipelineCreatorV2.java:start(130)) - Starting RatisPipelineUtilsThread.
2021-08-27 12:19:13,905 [Listener at 127.0.0.1/35081] INFO  algorithms.PipelineChoosePolicyFactory (PipelineChoosePolicyFactory.java:createPipelineChoosePolicyFromClass(73)) - Create pipeline choose policy of type org.apache.hadoop.hdds.scm.pipeline.choose.algorithms.RandomPipelineChoosePolicy
2021-08-27 12:19:13,905 [Listener at 127.0.0.1/35081] INFO  ha.SCMServiceManager (SCMServiceManager.java:register(43)) - Registering service SCMBlockDeletingService.
2021-08-27 12:19:13,905 [Listener at 127.0.0.1/35081] INFO  ha.SCMServiceManager (SCMServiceManager.java:register(43)) - Registering service ReplicationManager.
2021-08-27 12:19:13,905 [Listener at 127.0.0.1/35081] INFO  container.ReplicationManager (ReplicationManager.java:start(307)) - Starting Replication Monitor Thread.
2021-08-27 12:19:13,917 [Listener at 127.0.0.1/35081] INFO  safemode.ContainerSafeModeRule (ContainerSafeModeRule.java:<init>(89)) - containers with one replica threshold count 0
2021-08-27 12:19:13,917 [Listener at 127.0.0.1/35081] INFO  safemode.HealthyPipelineSafeModeRule (HealthyPipelineSafeModeRule.java:initializeRule(156)) - Total pipeline count is 0, healthy pipeline threshold count is 1
2021-08-27 12:19:13,917 [Listener at 127.0.0.1/35081] INFO  safemode.OneReplicaPipelineSafeModeRule (OneReplicaPipelineSafeModeRule.java:initializeRule(180)) - Total pipeline count is 0, pipeline's with at least one datanode reported threshold count is 0
2021-08-27 12:19:13,923 [Listener at 127.0.0.1/35081] INFO  ipc.CallQueueManager (CallQueueManager.java:<init>(90)) - Using callQueue: class java.util.concurrent.LinkedBlockingQueue, queueCapacity: 2000, scheduler: class org.apache.hadoop.ipc.DefaultRpcScheduler, ipcBackoff: false.
2021-08-27 12:19:13,924 [Socket Reader #1 for port 0] INFO  ipc.Server (Server.java:run(1265)) - Starting Socket Reader #1 for port 0
2021-08-27 12:19:13,924 [Listener at 0.0.0.0/34203] INFO  ipc.CallQueueManager (CallQueueManager.java:<init>(90)) - Using callQueue: class java.util.concurrent.LinkedBlockingQueue, queueCapacity: 2000, scheduler: class org.apache.hadoop.ipc.DefaultRpcScheduler, ipcBackoff: false.
2021-08-27 12:19:13,931 [Listener at 0.0.0.0/33327] INFO  ipc.CallQueueManager (CallQueueManager.java:<init>(90)) - Using callQueue: class java.util.concurrent.LinkedBlockingQueue, queueCapacity: 2000, scheduler: class org.apache.hadoop.ipc.DefaultRpcScheduler, ipcBackoff: false.
2021-08-27 12:19:13,932 [Socket Reader #1 for port 0] INFO  ipc.Server (Server.java:run(1265)) - Starting Socket Reader #1 for port 0
2021-08-27 12:19:13,939 [ReplicationMonitor] INFO  container.ReplicationManager (ReplicationManager.java:processAll(359)) - Replication Monitor Thread took 0 milliseconds for processing 0 containers.
2021-08-27 12:19:13,958 [Socket Reader #1 for port 0] INFO  ipc.Server (Server.java:run(1265)) - Starting Socket Reader #1 for port 0
2021-08-27 12:19:13,989 [Listener at 0.0.0.0/37907] INFO  algorithms.ContainerPlacementPolicyFactory (ContainerPlacementPolicyFactory.java:getPolicy(60)) - Create container placement policy of type org.apache.hadoop.hdds.scm.container.placement.algorithms.SCMContainerPlacementRandom
2021-08-27 12:19:13,991 [Listener at 0.0.0.0/37907] INFO  server.StorageContainerManager (StorageContainerManager.java:<init>(387)) - 
Container Balancer status:
Key                            Value
Running                        false
Container Balancer Configuration values:
Key                                                Value
Threshold                                          0.1
Max Datanodes to Involve per Iteration(ratio)      0.5
Max Size to Move per Iteration                     10737418240B

2021-08-27 12:19:13,991 [Listener at 0.0.0.0/37907] WARN  events.EventQueue (EventQueue.java:fireEvent(194)) - No event handler registered for event TypedEvent{payloadType=SafeModeStatus, name='Safe mode status'}
2021-08-27 12:19:13,991 [Listener at 0.0.0.0/37907] INFO  ha.SCMContext (SCMContext.java:updateSafeModeStatus(205)) - Update SafeModeStatus from SafeModeStatus{safeModeStatus=true, preCheckPassed=false} to SafeModeStatus{safeModeStatus=true, preCheckPassed=false}.
2021-08-27 12:19:13,991 [Listener at 0.0.0.0/37907] INFO  server.StorageContainerManager (StorageContainerManager.java:start(1255)) - StorageContainerLocationProtocol RPC server is listening at /0.0.0.0:37907
2021-08-27 12:19:13,993 [Listener at 0.0.0.0/37907] WARN  impl.MetricsConfig (MetricsConfig.java:loadFirst(136)) - Cannot locate configuration: tried hadoop-metrics2-storagecontainermanager.properties,hadoop-metrics2.properties
2021-08-27 12:19:13,993 [Listener at 0.0.0.0/37907] INFO  impl.MetricsSystemImpl (MetricsSystemImpl.java:startTimer(378)) - Scheduled Metric snapshot period at 10 second(s).
2021-08-27 12:19:13,994 [Listener at 0.0.0.0/37907] INFO  impl.MetricsSystemImpl (MetricsSystemImpl.java:start(191)) - StorageContainerManager metrics system started
2021-08-27 12:19:14,106 [Listener at 0.0.0.0/37907] INFO  impl.MetricsSinkAdapter (MetricsSinkAdapter.java:start(204)) - Sink prometheus started
2021-08-27 12:19:14,106 [Listener at 0.0.0.0/37907] INFO  impl.MetricsSystemImpl (MetricsSystemImpl.java:registerSink(305)) - Registered sink prometheus
2021-08-27 12:19:14,143 [Listener at 0.0.0.0/37907] WARN  impl.MetricRegistriesImpl (MetricRegistriesImpl.java:addReporterRegistration(111)) - New reporters are added after registries were created. Some metrics will be missing from the reporter. Please add reporter before adding any new registry.
2021-08-27 12:19:14,144 [Listener at 0.0.0.0/37907] WARN  impl.MetricRegistriesImpl (MetricRegistriesImpl.java:addReporterRegistration(111)) - New reporters are added after registries were created. Some metrics will be missing from the reporter. Please add reporter before adding any new registry.
2021-08-27 12:19:14,154 [Listener at 0.0.0.0/37907] INFO  server.SCMClientProtocolServer (SCMClientProtocolServer.java:start(164)) - RPC server for Client  is listening at /0.0.0.0:37907
2021-08-27 12:19:14,154 [IPC Server Responder] INFO  ipc.Server (Server.java:run(1507)) - IPC Server Responder: starting
2021-08-27 12:19:14,155 [IPC Server listener on 0] INFO  ipc.Server (Server.java:run(1344)) - IPC Server listener on 0: starting
2021-08-27 12:19:14,218 [Listener at 0.0.0.0/37907] INFO  server.StorageContainerManager (StorageContainerManager.java:start(1272)) - ScmBlockLocationProtocol RPC server is listening at /0.0.0.0:33327
2021-08-27 12:19:14,218 [Listener at 0.0.0.0/37907] INFO  server.SCMBlockProtocolServer (SCMBlockProtocolServer.java:start(151)) - RPC server for Block Protocol is listening at /0.0.0.0:33327
2021-08-27 12:19:14,219 [IPC Server Responder] INFO  ipc.Server (Server.java:run(1507)) - IPC Server Responder: starting
2021-08-27 12:19:14,219 [IPC Server listener on 0] INFO  ipc.Server (Server.java:run(1344)) - IPC Server listener on 0: starting
2021-08-27 12:19:14,221 [Listener at 0.0.0.0/37907] INFO  server.StorageContainerManager (StorageContainerManager.java:start(1278)) - ScmDatanodeProtocl RPC server is listening at /0.0.0.0:34203
2021-08-27 12:19:14,221 [Listener at 0.0.0.0/37907] INFO  server.SCMDatanodeProtocolServer (SCMDatanodeProtocolServer.java:start(181)) - RPC server for DataNodes is listening at /0.0.0.0:34203
2021-08-27 12:19:14,225 [IPC Server Responder] INFO  ipc.Server (Server.java:run(1507)) - IPC Server Responder: starting
2021-08-27 12:19:14,225 [IPC Server listener on 0] INFO  ipc.Server (Server.java:run(1344)) - IPC Server listener on 0: starting
2021-08-27 12:19:14,237 [Listener at 0.0.0.0/37907] INFO  http.BaseHttpServer (BaseHttpServer.java:newHttpServer2BuilderForOzone(209)) - Starting Web-server for scm at: http://0.0.0.0:0
2021-08-27 12:19:14,238 [Listener at 0.0.0.0/37907] INFO  http.BaseHttpServer (BaseHttpServer.java:<init>(107)) - Hadoop Security Enabled: false Ozone Security Enabled: false Ozone HTTP Security Enabled: false 
2021-08-27 12:19:14,239 [Listener at 0.0.0.0/37907] INFO  server.AuthenticationFilter (AuthenticationFilter.java:constructSecretProvider(240)) - Unable to initialize FileSignerSecretProvider, falling back to use random secrets.
2021-08-27 12:19:14,239 [Listener at 0.0.0.0/37907] WARN  http.HttpRequestLog (HttpRequestLog.java:getRequestLog(103)) - Jetty request log can only be enabled using Log4j
2021-08-27 12:19:14,254 [Listener at 0.0.0.0/37907] INFO  http.HttpServer2 (HttpServer2.java:addGlobalFilter(1030)) - Added global filter 'safety' (class=org.apache.hadoop.hdds.server.http.HttpServer2$QuotingInputFilter)
2021-08-27 12:19:14,255 [Listener at 0.0.0.0/37907] INFO  http.HttpServer2 (HttpServer2.java:addFilter(1006)) - Added filter static_user_filter (class=org.apache.hadoop.http.lib.StaticUserWebFilter$StaticUserFilter) to context scm
2021-08-27 12:19:14,255 [Listener at 0.0.0.0/37907] INFO  http.HttpServer2 (HttpServer2.java:addFilter(1014)) - Added filter static_user_filter (class=org.apache.hadoop.http.lib.StaticUserWebFilter$StaticUserFilter) to context logs
2021-08-27 12:19:14,255 [Listener at 0.0.0.0/37907] INFO  http.HttpServer2 (HttpServer2.java:addFilter(1014)) - Added filter static_user_filter (class=org.apache.hadoop.http.lib.StaticUserWebFilter$StaticUserFilter) to context static
2021-08-27 12:19:14,255 [Listener at 0.0.0.0/37907] INFO  http.HttpServer2 (HttpServer2.java:bindListener(1249)) - Jetty bound to port 39567
2021-08-27 12:19:14,255 [Listener at 0.0.0.0/37907] INFO  server.Server (Server.java:doStart(375)) - jetty-9.4.43.v20210629; built: 2021-06-30T11:07:22.254Z; git: 526006ecfa3af7f1a27ef3a288e2bef7ea9dd7e8; jvm 1.8.0_292-b10
2021-08-27 12:19:14,256 [org.apache.hadoop.util.JvmPauseMonitor$Monitor@750b4448] INFO  util.JvmPauseMonitor (JvmPauseMonitor.java:run(188)) - Starting JVM pause monitor
2021-08-27 12:19:14,269 [Listener at 0.0.0.0/37907] INFO  server.session (DefaultSessionIdManager.java:doStart(334)) - DefaultSessionIdManager workerName=node0
2021-08-27 12:19:14,269 [Listener at 0.0.0.0/37907] INFO  server.session (DefaultSessionIdManager.java:doStart(339)) - No SessionScavenger set, using defaults
2021-08-27 12:19:14,269 [Listener at 0.0.0.0/37907] INFO  server.session (HouseKeeper.java:startScavenging(132)) - node0 Scavenging every 600000ms
2021-08-27 12:19:14,270 [Listener at 0.0.0.0/37907] INFO  handler.ContextHandler (ContextHandler.java:doStart(915)) - Started o.e.j.s.ServletContextHandler@7e4e4931{logs,/logs,file:///home/runner/work/ozone/ozone/hadoop-ozone/integration-test/target/log,AVAILABLE}
2021-08-27 12:19:14,270 [Listener at 0.0.0.0/37907] INFO  handler.ContextHandler (ContextHandler.java:doStart(915)) - Started o.e.j.s.ServletContextHandler@4095f32a{static,/static,file:///home/runner/work/ozone/ozone/hadoop-ozone/integration-test/target/test-classes/webapps/static,AVAILABLE}
2021-08-27 12:19:14,291 [Listener at 0.0.0.0/37907] INFO  handler.ContextHandler (ContextHandler.java:doStart(915)) - Started o.e.j.w.WebAppContext@6d58674f{scm,/,file:///home/runner/work/ozone/ozone/hadoop-ozone/integration-test/target/test-classes/webapps/scm/,AVAILABLE}{file:/home/runner/work/ozone/ozone/hadoop-ozone/integration-test/target/test-classes/webapps/scm}
2021-08-27 12:19:14,305 [Listener at 0.0.0.0/37907] INFO  server.AbstractConnector (AbstractConnector.java:doStart(331)) - Started ServerConnector@347133e{HTTP/1.1, (http/1.1)}{0.0.0.0:39567}
2021-08-27 12:19:14,305 [Listener at 0.0.0.0/37907] INFO  server.Server (Server.java:doStart(415)) - Started @175137ms
2021-08-27 12:19:14,305 [Listener at 0.0.0.0/37907] WARN  impl.MetricsSystemImpl (MetricsSystemImpl.java:register(279)) - Sink prometheus already exists!
2021-08-27 12:19:14,306 [Listener at 0.0.0.0/37907] INFO  http.BaseHttpServer (BaseHttpServer.java:updateConnectorAddress(329)) - HTTP server of scm listening at http://0.0.0.0:39567
2021-08-27 12:19:14,306 [Listener at 0.0.0.0/37907] WARN  server.ServerUtils (ServerUtils.java:getDBPath(225)) - ozone.om.db.dirs is not configured. We recommend adding this setting. Falling back to ozone.metadata.dirs instead.
2021-08-27 12:19:14,314 [Listener at 0.0.0.0/37907] INFO  ha.OMHANodeDetails (OMHANodeDetails.java:loadOMHAConfig(112)) - ozone.om.internal.service.id is not defined, falling back to ozone.om.service.ids to find serviceID for OzoneManager if it is HA enabled cluster
2021-08-27 12:19:14,315 [Listener at 0.0.0.0/37907] INFO  ha.OMHANodeDetails (OMHANodeDetails.java:loadOMHAConfig(219)) - Configuration does not have ozone.om.address set. Falling back to the default OM address /127.0.0.1:0
2021-08-27 12:19:14,315 [Listener at 0.0.0.0/37907] INFO  ha.OMHANodeDetails (OMHANodeDetails.java:getOMNodeDetails(247)) - OM Service ID is not set. Setting it to the default ID: omServiceIdDefault
2021-08-27 12:19:14,315 [Listener at 0.0.0.0/37907] INFO  ha.OMHANodeDetails (OMHANodeDetails.java:getOMNodeDetails(254)) - OM Node ID is not set. Setting it to the default ID: om1
2021-08-27 12:19:14,315 [Listener at 0.0.0.0/37907] WARN  server.ServerUtils (ServerUtils.java:getDBPath(225)) - ozone.om.db.dirs is not configured. We recommend adding this setting. Falling back to ozone.metadata.dirs instead.
2021-08-27 12:19:14,316 [Listener at 0.0.0.0/37907] INFO  upgrade.AbstractLayoutVersionManager (AbstractLayoutVersionManager.java:init(70)) - Initializing Layout version manager with metadata layout = INITIAL_VERSION (version = 0), software layout = INITIAL_VERSION (version = 0)
2021-08-27 12:19:14,390 [Listener at 0.0.0.0/37907] INFO  reflections.Reflections (Reflections.java:scan(232)) - Reflections took 73 ms to scan 2 urls, producing 131 keys and 342 values [using 2 cores]
2021-08-27 12:19:14,390 [Listener at 0.0.0.0/37907] INFO  upgrade.OMLayoutVersionManager (OMLayoutVersionManager.java:lambda$0(116)) - Skipping Upgrade Action MockOmUpgradeAction since it has been finalized.
2021-08-27 12:19:14,390 [Listener at 0.0.0.0/37907] WARN  server.ServerUtils (ServerUtils.java:getDBPath(225)) - ozone.om.db.dirs is not configured. We recommend adding this setting. Falling back to ozone.metadata.dirs instead.
2021-08-27 12:19:14,422 [Listener at 0.0.0.0/37907] WARN  server.ServerUtils (ServerUtils.java:getDBPath(225)) - ozone.om.db.dirs is not configured. We recommend adding this setting. Falling back to ozone.metadata.dirs instead.
2021-08-27 12:19:14,423 [Listener at 0.0.0.0/37907] INFO  codec.OmKeyInfoCodec (OmKeyInfoCodec.java:<init>(51)) - OmKeyInfoCodec ignorePipeline = true
2021-08-27 12:19:14,423 [Listener at 0.0.0.0/37907] INFO  codec.RepeatedOmKeyInfoCodec (RepeatedOmKeyInfoCodec.java:<init>(42)) - RepeatedOmKeyInfoCodec ignorePipeline = true
2021-08-27 12:19:14,566 [Listener at 0.0.0.0/37907] INFO  om.OzoneManager (OzoneManager.java:addS3GVolumeToDB(4115)) - Created Volume s3v With Owner runner required for S3Gateway operations.
2021-08-27 12:19:14,567 [Listener at 0.0.0.0/37907] WARN  server.ServerUtils (ServerUtils.java:getDefaultRatisDirectory(237)) - Storage directory for Ratis is not configured. It is a good idea to map this to an SSD disk. Falling back to ozone.metadata.dirs
2021-08-27 12:19:14,567 [Listener at 0.0.0.0/37907] WARN  utils.OzoneManagerRatisUtils (OzoneManagerRatisUtils.java:getOMRatisSnapshotDirectory(391)) - ozone.om.ratis.snapshot.dir is not configured. Falling back to ozone.metadata.dirs config
2021-08-27 12:19:14,567 [Listener at 0.0.0.0/37907] WARN  impl.MetricRegistriesImpl (MetricRegistriesImpl.java:addReporterRegistration(111)) - New reporters are added after registries were created. Some metrics will be missing from the reporter. Please add reporter before adding any new registry.
2021-08-27 12:19:14,567 [Listener at 0.0.0.0/37907] WARN  impl.MetricRegistriesImpl (MetricRegistriesImpl.java:addReporterRegistration(111)) - New reporters are added after registries were created. Some metrics will be missing from the reporter. Please add reporter before adding any new registry.
2021-08-27 12:19:14,567 [Listener at 0.0.0.0/37907] WARN  server.ServerUtils (ServerUtils.java:getDefaultRatisDirectory(237)) - Storage directory for Ratis is not configured. It is a good idea to map this to an SSD disk. Falling back to ozone.metadata.dirs
2021-08-27 12:19:14,568 [Listener at 0.0.0.0/37907] INFO  ratis.OzoneManagerRatisServer (OzoneManagerRatisServer.java:<init>(158)) - Instantiating OM Ratis server with groupID: omServiceIdDefault and peers: localhost:9872
2021-08-27 12:19:14,568 [Listener at 0.0.0.0/37907] INFO  ratis.OzoneManagerStateMachine (OzoneManagerStateMachine.java:loadSnapshotInfoFromDB(605)) - LastAppliedIndex is set from TransactionInfo from OM DB as (t:0, i:~)
2021-08-27 12:19:14,573 [Listener at 0.0.0.0/37907] INFO  server.RaftServer (ConfUtils.java:logGet(44)) - raft.rpc.type = GRPC (default)
2021-08-27 12:19:14,573 [Listener at 0.0.0.0/37907] INFO  grpc.GrpcFactory (GrpcFactory.java:checkPooledByteBufAllocatorUseCacheForAllThreads(48)) - PERFORMANCE WARNING: useCacheForAllThreads is true that may cause Netty to create a lot garbage objects and, as a result, trigger GC.
	It is recommended to disable useCacheForAllThreads by setting -Dorg.apache.ratis.thirdparty.io.netty.allocator.useCacheForAllThreads=false in command line.
2021-08-27 12:19:14,573 [Listener at 0.0.0.0/37907] INFO  grpc.GrpcConfigKeys (ConfUtils.java:logGet(44)) - raft.grpc.admin.port = -1 (default)
2021-08-27 12:19:14,573 [Listener at 0.0.0.0/37907] INFO  grpc.GrpcConfigKeys (ConfUtils.java:logGet(44)) - raft.grpc.server.port = 9872 (custom)
2021-08-27 12:19:14,574 [Listener at 0.0.0.0/37907] INFO  grpc.GrpcConfigKeys (ConfUtils.java:logGet(44)) - raft.grpc.client.port = -1 (default)
2021-08-27 12:19:14,574 [Listener at 0.0.0.0/37907] INFO  grpc.GrpcConfigKeys (ConfUtils.java:logGet(44)) - raft.grpc.server.port = 9872 (custom)
2021-08-27 12:19:14,574 [Listener at 0.0.0.0/37907] INFO  grpc.GrpcConfigKeys (ConfUtils.java:logGet(44)) - raft.grpc.server.port = 9872 (custom)
2021-08-27 12:19:14,574 [Listener at 0.0.0.0/37907] INFO  server.GrpcService (ConfUtils.java:logGet(44)) - raft.grpc.message.size.max = 33554432 (custom)
2021-08-27 12:19:14,574 [Listener at 0.0.0.0/37907] INFO  server.RaftServerConfigKeys (ConfUtils.java:logGet(44)) - raft.server.log.appender.buffer.byte-limit = 33554432 (custom)
2021-08-27 12:19:14,574 [Listener at 0.0.0.0/37907] INFO  server.GrpcService (ConfUtils.java:logGet(44)) - raft.grpc.flow.control.window = 1MB (=1048576) (default)
2021-08-27 12:19:14,574 [Listener at 0.0.0.0/37907] INFO  server.RaftServerConfigKeys (ConfUtils.java:logGet(44)) - raft.server.rpc.request.timeout = 3000ms (default)
2021-08-27 12:19:14,575 [Listener at 0.0.0.0/37907] INFO  impl.DataStreamServerImpl (ConfUtils.java:logGet(44)) - raft.datastream.type = DISABLED (default)
2021-08-27 12:19:14,576 [Listener at 0.0.0.0/37907] INFO  server.RaftServerConfigKeys (ConfUtils.java:logGet(44)) - raft.server.rpc.slowness.timeout = 120s (custom)
2021-08-27 12:19:14,576 [Listener at 0.0.0.0/37907] INFO  server.RaftServerConfigKeys (ConfUtils.java:logGet(44)) - raft.server.leaderelection.leader.step-down.wait-time = 10s (default)
2021-08-27 12:19:14,576 [Listener at 0.0.0.0/37907] INFO  server.RaftServerConfigKeys (ConfUtils.java:logGet(44)) - raft.server.storage.dir = [/home/runner/work/ozone/ozone/hadoop-ozone/integration-test/target/test-dir/MiniOzoneClusterImpl-595ad429-f938-4b04-a1e1-fbbc785922f0/ozone-meta/ratis] (custom)
2021-08-27 12:19:14,583 [Listener at 0.0.0.0/37907] INFO  server.RaftServer (RaftServerProxy.java:addNew(95)) - om1: addNew group-C5BA1605619E:[om1|rpc:localhost:9872|priority:0] returns group-C5BA1605619E:java.util.concurrent.CompletableFuture@527ffa80[Not completed]
2021-08-27 12:19:14,583 [Listener at 0.0.0.0/37907] INFO  om.OzoneManager (OzoneManager.java:initializeRatisServer(1573)) - OzoneManager Ratis server initialized at port 9872
2021-08-27 12:19:14,584 [Listener at 0.0.0.0/37907] INFO  ipc.CallQueueManager (CallQueueManager.java:<init>(90)) - Using callQueue: class java.util.concurrent.LinkedBlockingQueue, queueCapacity: 2000, scheduler: class org.apache.hadoop.ipc.DefaultRpcScheduler, ipcBackoff: false.
2021-08-27 12:19:14,584 [pool-535-thread-1] INFO  server.RaftServer$Division (RaftServerImpl.java:<init>(181)) - om1: new RaftServerImpl for group-C5BA1605619E:[om1|rpc:localhost:9872|priority:0] with OzoneManagerStateMachine:uninitialized
2021-08-27 12:19:14,590 [Socket Reader #1 for port 0] INFO  ipc.Server (Server.java:run(1265)) - Starting Socket Reader #1 for port 0
2021-08-27 12:19:14,604 [pool-535-thread-1] INFO  server.RaftServerConfigKeys (ConfUtils.java:logGet(44)) - raft.server.rpc.timeout.min = 1s (custom)
2021-08-27 12:19:14,604 [pool-535-thread-1] INFO  server.RaftServerConfigKeys (ConfUtils.java:logGet(44)) - raft.server.rpc.timeout.max = 1200ms (custom)
2021-08-27 12:19:14,604 [pool-535-thread-1] INFO  server.RaftServerConfigKeys (ConfUtils.java:logGet(44)) - raft.server.rpc.sleep.time = 25ms (default)
2021-08-27 12:19:14,604 [pool-535-thread-1] INFO  server.RaftServerConfigKeys (ConfUtils.java:logGet(44)) - raft.server.rpc.slowness.timeout = 120s (custom)
2021-08-27 12:19:14,604 [pool-535-thread-1] INFO  server.RaftServerConfigKeys (ConfUtils.java:logGet(44)) - raft.server.leaderelection.leader.step-down.wait-time = 10s (default)
2021-08-27 12:19:14,604 [pool-535-thread-1] INFO  server.RaftServerConfigKeys (ConfUtils.java:logGet(44)) - raft.server.sleep.deviation.threshold = 300ms (default)
2021-08-27 12:19:14,604 [pool-535-thread-1] INFO  server.RaftServerConfigKeys (ConfUtils.java:logGet(44)) - raft.server.log.appender.install.snapshot.enabled = false (custom)
2021-08-27 12:19:14,604 [pool-535-thread-1] INFO  server.RaftServer$Division (ServerState.java:<init>(105)) - om1@group-C5BA1605619E: ConfigurationManager, init=-1: [om1|rpc:localhost:9872|priority:0], old=null, confs=<EMPTY_MAP>
2021-08-27 12:19:14,604 [pool-535-thread-1] INFO  server.RaftServerConfigKeys (ConfUtils.java:logGet(44)) - raft.server.storage.dir = [/home/runner/work/ozone/ozone/hadoop-ozone/integration-test/target/test-dir/MiniOzoneClusterImpl-595ad429-f938-4b04-a1e1-fbbc785922f0/ozone-meta/ratis] (custom)
2021-08-27 12:19:14,604 [pool-535-thread-1] INFO  server.RaftServerConfigKeys (ConfUtils.java:logGet(44)) - raft.server.log.corruption.policy = EXCEPTION (default)
2021-08-27 12:19:14,604 [pool-535-thread-1] INFO  server.RaftServerConfigKeys (ConfUtils.java:logGet(44)) - raft.server.storage.free-space.min = 0MB (=0) (default)
2021-08-27 12:19:14,604 [pool-535-thread-1] INFO  storage.RaftStorageDirectory (RaftStorageDirectoryImpl.java:analyzeStorage(135)) - The storage directory /home/runner/work/ozone/ozone/hadoop-ozone/integration-test/target/test-dir/MiniOzoneClusterImpl-595ad429-f938-4b04-a1e1-fbbc785922f0/ozone-meta/ratis/bf265839-605b-3f16-9796-c5ba1605619e does not exist. Creating ...
2021-08-27 12:19:14,610 [pool-535-thread-1] INFO  storage.RaftStorageDirectory (RaftStorageDirectoryImpl.java:tryLock(230)) - Lock on /home/runner/work/ozone/ozone/hadoop-ozone/integration-test/target/test-dir/MiniOzoneClusterImpl-595ad429-f938-4b04-a1e1-fbbc785922f0/ozone-meta/ratis/bf265839-605b-3f16-9796-c5ba1605619e/in_use.lock acquired by nodename 3639@fv-az122-729
2021-08-27 12:19:14,623 [Listener at 127.0.0.1/43833] INFO  om.OzoneManager (OzoneManager.java:initFSOLayout(4321)) - Configured ozone.om.metadata.layout=SIMPLE and disabled optimized OM FS operations
2021-08-27 12:19:14,624 [Listener at 127.0.0.1/43833] INFO  impl.MetricsSystemImpl (MetricsSystemImpl.java:init(158)) - OzoneManager metrics system started (again)
2021-08-27 12:19:14,638 [pool-535-thread-1] INFO  storage.RaftStorage (RaftStorageImpl.java:format(89)) - Storage directory /home/runner/work/ozone/ozone/hadoop-ozone/integration-test/target/test-dir/MiniOzoneClusterImpl-595ad429-f938-4b04-a1e1-fbbc785922f0/ozone-meta/ratis/bf265839-605b-3f16-9796-c5ba1605619e has been successfully formatted.
2021-08-27 12:19:14,644 [Listener at 127.0.0.1/43833] INFO  om.OzoneManager (OzoneManager.java:start(1270)) - OzoneManager RPC server is listening at localhost/127.0.0.1:43833
2021-08-27 12:19:14,644 [Listener at 127.0.0.1/43833] INFO  ratis.OzoneManagerRatisServer (OzoneManagerRatisServer.java:start(516)) - Starting OzoneManagerRatisServer om1 at port 9872
2021-08-27 12:19:14,646 [pool-535-thread-1] INFO  server.RaftServerConfigKeys (ConfUtils.java:logGet(44)) - raft.server.notification.no-leader.timeout = 120s (custom)
2021-08-27 12:19:14,646 [pool-535-thread-1] INFO  server.RaftServerConfigKeys (ConfUtils.java:logGet(44)) - raft.server.log.use.memory = false (default)
2021-08-27 12:19:14,646 [pool-535-thread-1] INFO  server.RaftServerConfigKeys (ConfUtils.java:logGet(44)) - raft.server.log.purge.gap = 1000000 (custom)
2021-08-27 12:19:14,646 [pool-535-thread-1] INFO  server.RaftServerConfigKeys (ConfUtils.java:logGet(44)) - raft.server.log.appender.buffer.byte-limit = 33554432 (custom)
2021-08-27 12:19:14,646 [pool-535-thread-1] INFO  server.RaftServerConfigKeys (ConfUtils.java:logGet(44)) - raft.server.log.segment.size.max = 4194304 (custom)
2021-08-27 12:19:14,646 [pool-535-thread-1] INFO  server.RaftServerConfigKeys (ConfUtils.java:logGet(44)) - raft.server.log.segment.cache.num.max = 2 (custom)
2021-08-27 12:19:14,646 [pool-535-thread-1] INFO  server.RaftServerConfigKeys (ConfUtils.java:logGet(44)) - raft.server.log.segment.cache.size.max = 200MB (=209715200) (default)
2021-08-27 12:19:14,646 [pool-535-thread-1] INFO  segmented.SegmentedRaftLogWorker (SegmentedRaftLogWorker.java:<init>(182)) - new om1@group-C5BA1605619E-SegmentedRaftLogWorker for RaftStorageImpl:Storage Directory /home/runner/work/ozone/ozone/hadoop-ozone/integration-test/target/test-dir/MiniOzoneClusterImpl-595ad429-f938-4b04-a1e1-fbbc785922f0/ozone-meta/ratis/bf265839-605b-3f16-9796-c5ba1605619e
2021-08-27 12:19:14,646 [pool-535-thread-1] INFO  server.RaftServerConfigKeys (ConfUtils.java:logGet(44)) - raft.server.log.queue.byte-limit = 64MB (=67108864) (default)
2021-08-27 12:19:14,646 [pool-535-thread-1] INFO  server.RaftServerConfigKeys (ConfUtils.java:logGet(44)) - raft.server.log.queue.element-limit = 4096 (default)
2021-08-27 12:19:14,646 [pool-535-thread-1] INFO  server.RaftServerConfigKeys (ConfUtils.java:logGet(44)) - raft.server.log.segment.size.max = 4194304 (custom)
2021-08-27 12:19:14,647 [pool-535-thread-1] INFO  server.RaftServerConfigKeys (ConfUtils.java:logGet(44)) - raft.server.log.preallocated.size = 4194304 (custom)
2021-08-27 12:19:14,647 [pool-535-thread-1] INFO  server.RaftServerConfigKeys (ConfUtils.java:logGet(44)) - raft.server.log.force.sync.num = 128 (default)
2021-08-27 12:19:14,647 [pool-535-thread-1] INFO  server.RaftServerConfigKeys (ConfUtils.java:logGet(44)) - raft.server.log.statemachine.data.sync = true (default)
2021-08-27 12:19:14,647 [pool-535-thread-1] INFO  server.RaftServerConfigKeys (ConfUtils.java:logGet(44)) - raft.server.log.statemachine.data.sync.timeout = 10s (default)
2021-08-27 12:19:14,647 [pool-535-thread-1] INFO  server.RaftServerConfigKeys (ConfUtils.java:logGet(44)) - raft.server.log.statemachine.data.sync.timeout.retry = -1 (default)
2021-08-27 12:19:14,647 [pool-535-thread-1] INFO  server.RaftServerConfigKeys (ConfUtils.java:logGet(44)) - raft.server.log.write.buffer.size = 64KB (=65536) (default)
2021-08-27 12:19:14,647 [pool-535-thread-1] INFO  server.RaftServerConfigKeys (ConfUtils.java:logGet(44)) - raft.server.log.statemachine.data.caching.enabled = false (default)
2021-08-27 12:19:14,648 [pool-535-thread-1] INFO  segmented.SegmentedRaftLogWorker (SegmentedRaftLogWorker.java:lambda$new$0(133)) - om1@group-C5BA1605619E-SegmentedRaftLogWorker: flushIndex: setUnconditionally 0 -> -1
2021-08-27 12:19:14,648 [pool-535-thread-1] INFO  segmented.SegmentedRaftLogWorker (SegmentedRaftLogWorker.java:lambda$new$0(133)) - om1@group-C5BA1605619E-SegmentedRaftLogWorker: safeCacheEvictIndex: setUnconditionally 0 -> -1
2021-08-27 12:19:14,648 [pool-535-thread-1] INFO  server.RaftServerConfigKeys (ConfUtils.java:logGet(44)) - raft.server.snapshot.auto.trigger.enabled = true (custom)
2021-08-27 12:19:14,648 [pool-535-thread-1] INFO  server.RaftServerConfigKeys (ConfUtils.java:logGet(44)) - raft.server.snapshot.auto.trigger.threshold = 400000 (default)
2021-08-27 12:19:14,648 [pool-535-thread-1] INFO  server.RaftServerConfigKeys (ConfUtils.java:logGet(44)) - raft.server.snapshot.retention.file.num = -1 (default)
2021-08-27 12:19:14,648 [pool-535-thread-1] INFO  server.RaftServerConfigKeys (ConfUtils.java:logGet(44)) - raft.server.log.purge.upto.snapshot.index = true (custom)
2021-08-27 12:19:14,648 [pool-535-thread-1] INFO  server.RaftServerConfigKeys (ConfUtils.java:logGet(44)) - raft.server.retrycache.expirytime = 300s (custom)
2021-08-27 12:19:14,648 [pool-535-thread-1] INFO  server.RaftServerConfigKeys (ConfUtils.java:logGet(44)) - raft.server.retrycache.statistics.expirytime = 100μs (default)
2021-08-27 12:19:14,650 [Listener at 127.0.0.1/43833] INFO  server.RaftServer$Division (RaftServerImpl.java:start(296)) - om1@group-C5BA1605619E: start as a follower, conf=-1: [om1|rpc:localhost:9872|priority:0], old=null
2021-08-27 12:19:14,650 [Listener at 127.0.0.1/43833] INFO  server.RaftServer$Division (RaftServerImpl.java:setRole(285)) - om1@group-C5BA1605619E: changes role from      null to FOLLOWER at term 0 for startAsFollower
2021-08-27 12:19:14,650 [Listener at 127.0.0.1/43833] INFO  impl.RoleInfo (RoleInfo.java:updateAndGet(130)) - om1: start om1@group-C5BA1605619E-FollowerState
2021-08-27 12:19:14,655 [Listener at 127.0.0.1/43833] INFO  util.JmxRegister (JmxRegister.java:tryRegister(44)) - Successfully registered JMX Bean with object name Ratis:service=RaftServer,group=group-C5BA1605619E,id=om1
2021-08-27 12:19:14,660 [Listener at 127.0.0.1/43833] INFO  server.RaftServer (RaftServerProxy.java:lambda$start$5(374)) - om1: start RPC server
2021-08-27 12:19:14,661 [Listener at 127.0.0.1/43833] INFO  server.GrpcService (GrpcService.java:startImpl(253)) - om1: GrpcService started, listening on 9872
2021-08-27 12:19:14,664 [Listener at 127.0.0.1/43833] INFO  om.OzoneManager (OzoneManager.java:start(1288)) - Version File has different layout version (0) than OM DB (null). That is expected if this OM has never been finalized to a newer layout version.
2021-08-27 12:19:14,664 [org.apache.ratis.util.JvmPauseMonitor$$Lambda$531/1692429552@1247be34] INFO  util.JvmPauseMonitor (JvmPauseMonitor.java:run(103)) - JvmPauseMonitor-om1: Started
2021-08-27 12:19:14,669 [Listener at 127.0.0.1/43833] INFO  http.BaseHttpServer (BaseHttpServer.java:newHttpServer2BuilderForOzone(209)) - Starting Web-server for ozoneManager at: http://0.0.0.0:0
2021-08-27 12:19:14,669 [Listener at 127.0.0.1/43833] INFO  http.BaseHttpServer (BaseHttpServer.java:<init>(107)) - Hadoop Security Enabled: false Ozone Security Enabled: false Ozone HTTP Security Enabled: false 
2021-08-27 12:19:14,670 [Listener at 127.0.0.1/43833] INFO  server.AuthenticationFilter (AuthenticationFilter.java:constructSecretProvider(240)) - Unable to initialize FileSignerSecretProvider, falling back to use random secrets.
2021-08-27 12:19:14,678 [Listener at 127.0.0.1/43833] WARN  http.HttpRequestLog (HttpRequestLog.java:getRequestLog(103)) - Jetty request log can only be enabled using Log4j
2021-08-27 12:19:14,678 [Listener at 127.0.0.1/43833] INFO  http.HttpServer2 (HttpServer2.java:addGlobalFilter(1030)) - Added global filter 'safety' (class=org.apache.hadoop.hdds.server.http.HttpServer2$QuotingInputFilter)
2021-08-27 12:19:14,679 [Listener at 127.0.0.1/43833] INFO  http.HttpServer2 (HttpServer2.java:addFilter(1006)) - Added filter static_user_filter (class=org.apache.hadoop.http.lib.StaticUserWebFilter$StaticUserFilter) to context ozoneManager
2021-08-27 12:19:14,679 [Listener at 127.0.0.1/43833] INFO  http.HttpServer2 (HttpServer2.java:addFilter(1014)) - Added filter static_user_filter (class=org.apache.hadoop.http.lib.StaticUserWebFilter$StaticUserFilter) to context logs
2021-08-27 12:19:14,679 [Listener at 127.0.0.1/43833] INFO  http.HttpServer2 (HttpServer2.java:addFilter(1014)) - Added filter static_user_filter (class=org.apache.hadoop.http.lib.StaticUserWebFilter$StaticUserFilter) to context static
2021-08-27 12:19:14,679 [Listener at 127.0.0.1/43833] INFO  http.HttpServer2 (HttpServer2.java:bindListener(1249)) - Jetty bound to port 46267
2021-08-27 12:19:14,680 [Listener at 127.0.0.1/43833] INFO  server.Server (Server.java:doStart(375)) - jetty-9.4.43.v20210629; built: 2021-06-30T11:07:22.254Z; git: 526006ecfa3af7f1a27ef3a288e2bef7ea9dd7e8; jvm 1.8.0_292-b10
2021-08-27 12:19:14,707 [Listener at 127.0.0.1/43833] INFO  server.session (DefaultSessionIdManager.java:doStart(334)) - DefaultSessionIdManager workerName=node0
2021-08-27 12:19:14,707 [Listener at 127.0.0.1/43833] INFO  server.session (DefaultSessionIdManager.java:doStart(339)) - No SessionScavenger set, using defaults
2021-08-27 12:19:14,707 [Listener at 127.0.0.1/43833] INFO  server.session (HouseKeeper.java:startScavenging(132)) - node0 Scavenging every 600000ms
2021-08-27 12:19:14,708 [Listener at 127.0.0.1/43833] INFO  handler.ContextHandler (ContextHandler.java:doStart(915)) - Started o.e.j.s.ServletContextHandler@7331e91c{logs,/logs,file:///home/runner/work/ozone/ozone/hadoop-ozone/integration-test/target/log,AVAILABLE}
2021-08-27 12:19:14,708 [Listener at 127.0.0.1/43833] INFO  handler.ContextHandler (ContextHandler.java:doStart(915)) - Started o.e.j.s.ServletContextHandler@1112d23f{static,/static,file:///home/runner/work/ozone/ozone/hadoop-ozone/integration-test/target/test-classes/webapps/static,AVAILABLE}
2021-08-27 12:19:14,715 [Listener at 127.0.0.1/43833] INFO  handler.ContextHandler (ContextHandler.java:doStart(915)) - Started o.e.j.w.WebAppContext@2c831c44{ozoneManager,/,file:///home/runner/work/ozone/ozone/hadoop-ozone/integration-test/target/test-classes/webapps/ozoneManager/,AVAILABLE}{file:/home/runner/work/ozone/ozone/hadoop-ozone/integration-test/target/test-classes/webapps/ozoneManager}
2021-08-27 12:19:14,736 [Listener at 127.0.0.1/43833] INFO  server.AbstractConnector (AbstractConnector.java:doStart(331)) - Started ServerConnector@7f04c13d{HTTP/1.1, (http/1.1)}{0.0.0.0:46267}
2021-08-27 12:19:14,737 [Listener at 127.0.0.1/43833] INFO  server.Server (Server.java:doStart(415)) - Started @175568ms
2021-08-27 12:19:14,737 [Listener at 127.0.0.1/43833] WARN  impl.MetricsSystemImpl (MetricsSystemImpl.java:register(279)) - Sink prometheus already exists!
2021-08-27 12:19:14,749 [Listener at 127.0.0.1/43833] INFO  http.BaseHttpServer (BaseHttpServer.java:updateConnectorAddress(329)) - HTTP server of ozoneManager listening at http://0.0.0.0:46267
2021-08-27 12:19:14,753 [IPC Server Responder] INFO  ipc.Server (Server.java:run(1507)) - IPC Server Responder: starting
2021-08-27 12:19:14,754 [IPC Server listener on 0] INFO  ipc.Server (Server.java:run(1344)) - IPC Server listener on 0: starting
2021-08-27 12:19:14,783 [Listener at 127.0.0.1/43833] INFO  om.OzoneManager (OzoneManager.java:startTrashEmptier(1531)) - Trash Interval set to 0. Files deleted will not move to trash
2021-08-27 12:19:14,792 [org.apache.hadoop.util.JvmPauseMonitor$Monitor@2ac4b262] INFO  util.JvmPauseMonitor (JvmPauseMonitor.java:run(188)) - Starting JVM pause monitor
2021-08-27 12:19:14,820 [Listener at 127.0.0.1/43833] WARN  impl.MetricRegistriesImpl (MetricRegistriesImpl.java:addReporterRegistration(111)) - New reporters are added after registries were created. Some metrics will be missing from the reporter. Please add reporter before adding any new registry.
2021-08-27 12:19:14,822 [Listener at 127.0.0.1/43833] WARN  impl.MetricRegistriesImpl (MetricRegistriesImpl.java:addReporterRegistration(111)) - New reporters are added after registries were created. Some metrics will be missing from the reporter. Please add reporter before adding any new registry.
2021-08-27 12:19:14,822 [Listener at 127.0.0.1/43833] INFO  impl.MetricsSystemImpl (MetricsSystemImpl.java:init(158)) - HddsDatanode metrics system started (again)
2021-08-27 12:19:14,844 [Listener at 127.0.0.1/43833] INFO  ozone.HddsDatanodeService (HddsDatanodeService.java:start(234)) - HddsDatanodeService host:fv-az122-729.zf1tlrj3kn4expqppa1j4mpycf.xx.internal.cloudapp.net ip:10.1.0.9
2021-08-27 12:19:14,884 [Listener at 127.0.0.1/43833] INFO  upgrade.AbstractLayoutVersionManager (AbstractLayoutVersionManager.java:init(70)) - Initializing Layout version manager with metadata layout = SCM_HA (version = 2), software layout = SCM_HA (version = 2)
2021-08-27 12:19:14,953 [Listener at 127.0.0.1/43833] INFO  reflections.Reflections (Reflections.java:scan(232)) - Reflections took 68 ms to scan 7 urls, producing 120 keys and 275 values 
2021-08-27 12:19:14,961 [Listener at 127.0.0.1/43833] INFO  volume.HddsVolume (HddsVolume.java:<init>(120)) - Creating HddsVolume: /home/runner/work/ozone/ozone/hadoop-ozone/integration-test/target/test-dir/MiniOzoneClusterImpl-595ad429-f938-4b04-a1e1-fbbc785922f0/datanode-0/data-0/containers/hdds of storage type : DISK capacity : 9223372036854775807
2021-08-27 12:19:14,961 [Listener at 127.0.0.1/43833] INFO  volume.MutableVolumeSet (MutableVolumeSet.java:initializeVolumeSet(181)) - Added Volume : /home/runner/work/ozone/ozone/hadoop-ozone/integration-test/target/test-dir/MiniOzoneClusterImpl-595ad429-f938-4b04-a1e1-fbbc785922f0/datanode-0/data-0/containers/hdds to VolumeSet
2021-08-27 12:19:14,962 [Listener at 127.0.0.1/43833] INFO  volume.ThrottledAsyncChecker (ThrottledAsyncChecker.java:schedule(141)) - Scheduling a check for /home/runner/work/ozone/ozone/hadoop-ozone/integration-test/target/test-dir/MiniOzoneClusterImpl-595ad429-f938-4b04-a1e1-fbbc785922f0/datanode-0/data-0/containers/hdds
2021-08-27 12:19:14,963 [Listener at 127.0.0.1/43833] INFO  volume.StorageVolumeChecker (StorageVolumeChecker.java:checkAllVolumes(202)) - Scheduled health check for volume /home/runner/work/ozone/ozone/hadoop-ozone/integration-test/target/test-dir/MiniOzoneClusterImpl-595ad429-f938-4b04-a1e1-fbbc785922f0/datanode-0/data-0/containers/hdds
2021-08-27 12:19:14,978 [Listener at 127.0.0.1/43833] INFO  volume.MutableVolumeSet (MutableVolumeSet.java:initializeVolumeSet(181)) - Added Volume : /home/runner/work/ozone/ozone/hadoop-ozone/integration-test/target/test-dir/MiniOzoneClusterImpl-595ad429-f938-4b04-a1e1-fbbc785922f0/datanode-0/data/ratis to VolumeSet
2021-08-27 12:19:14,978 [Listener at 127.0.0.1/43833] INFO  volume.ThrottledAsyncChecker (ThrottledAsyncChecker.java:schedule(141)) - Scheduling a check for /home/runner/work/ozone/ozone/hadoop-ozone/integration-test/target/test-dir/MiniOzoneClusterImpl-595ad429-f938-4b04-a1e1-fbbc785922f0/datanode-0/data/ratis
2021-08-27 12:19:14,978 [Listener at 127.0.0.1/43833] INFO  volume.StorageVolumeChecker (StorageVolumeChecker.java:checkAllVolumes(202)) - Scheduled health check for volume /home/runner/work/ozone/ozone/hadoop-ozone/integration-test/target/test-dir/MiniOzoneClusterImpl-595ad429-f938-4b04-a1e1-fbbc785922f0/datanode-0/data/ratis
2021-08-27 12:19:14,990 [Listener at 127.0.0.1/43833] INFO  ozoneimpl.ContainerReader (ContainerReader.java:<init>(98)) - Running in upgrade mode:true
2021-08-27 12:19:14,992 [Thread-1276] INFO  ozoneimpl.ContainerReader (ContainerReader.java:readVolume(142)) - Start to verify containers on volume /home/runner/work/ozone/ozone/hadoop-ozone/integration-test/target/test-dir/MiniOzoneClusterImpl-595ad429-f938-4b04-a1e1-fbbc785922f0/datanode-0/data-0/containers/hdds
2021-08-27 12:19:14,992 [Thread-1276] INFO  ozoneimpl.ContainerReader (ContainerReader.java:readVolume(174)) - Finish verifying containers on volume /home/runner/work/ozone/ozone/hadoop-ozone/integration-test/target/test-dir/MiniOzoneClusterImpl-595ad429-f938-4b04-a1e1-fbbc785922f0/datanode-0/data-0/containers/hdds
2021-08-27 12:19:14,992 [Listener at 127.0.0.1/43833] INFO  ozoneimpl.OzoneContainer (OzoneContainer.java:buildContainerSet(237)) - Build ContainerSet costs 0s
2021-08-27 12:19:14,993 [Listener at 127.0.0.1/43833] INFO  server.RaftServer (ConfUtils.java:logGet(44)) - raft.rpc.type = GRPC (default)
2021-08-27 12:19:14,994 [Listener at 127.0.0.1/43833] INFO  grpc.GrpcFactory (GrpcFactory.java:checkPooledByteBufAllocatorUseCacheForAllThreads(48)) - PERFORMANCE WARNING: useCacheForAllThreads is true that may cause Netty to create a lot garbage objects and, as a result, trigger GC.
	It is recommended to disable useCacheForAllThreads by setting -Dorg.apache.ratis.thirdparty.io.netty.allocator.useCacheForAllThreads=false in command line.
2021-08-27 12:19:14,994 [Listener at 127.0.0.1/43833] INFO  grpc.GrpcConfigKeys (ConfUtils.java:logGet(44)) - raft.grpc.admin.port = 0 (custom)
2021-08-27 12:19:14,994 [Listener at 127.0.0.1/43833] INFO  grpc.GrpcConfigKeys (ConfUtils.java:logGet(44)) - raft.grpc.client.port = 0 (custom)
2021-08-27 12:19:14,994 [Listener at 127.0.0.1/43833] INFO  grpc.GrpcConfigKeys (ConfUtils.java:logGet(44)) - raft.grpc.server.port = 0 (default)
2021-08-27 12:19:14,994 [Listener at 127.0.0.1/43833] INFO  server.GrpcService (ConfUtils.java:logGet(44)) - raft.grpc.message.size.max = 32MB (=33554432) (custom)
2021-08-27 12:19:14,994 [Listener at 127.0.0.1/43833] INFO  server.RaftServerConfigKeys (ConfUtils.java:logGet(44)) - raft.server.log.appender.buffer.byte-limit = 33554432 (custom)
2021-08-27 12:19:14,994 [Listener at 127.0.0.1/43833] INFO  server.GrpcService (ConfUtils.java:logGet(44)) - raft.grpc.flow.control.window = 5MB (=5242880) (custom)
2021-08-27 12:19:14,995 [Listener at 127.0.0.1/43833] INFO  server.RaftServerConfigKeys (ConfUtils.java:logGet(44)) - raft.server.rpc.request.timeout = 3000ms (default)
2021-08-27 12:19:15,002 [Listener at 127.0.0.1/43833] INFO  impl.DataStreamServerImpl (ConfUtils.java:logGet(44)) - raft.datastream.type = DISABLED (default)
2021-08-27 12:19:15,003 [Listener at 127.0.0.1/43833] INFO  server.RaftServerConfigKeys (ConfUtils.java:logGet(44)) - raft.server.rpc.slowness.timeout = 300000ms (custom)
2021-08-27 12:19:15,003 [Listener at 127.0.0.1/43833] INFO  server.RaftServerConfigKeys (ConfUtils.java:logGet(44)) - raft.server.leaderelection.leader.step-down.wait-time = 10s (default)
2021-08-27 12:19:15,003 [Listener at 127.0.0.1/43833] INFO  server.RaftServerConfigKeys (ConfUtils.java:logGet(44)) - raft.server.storage.dir = [/home/runner/work/ozone/ozone/hadoop-ozone/integration-test/target/test-dir/MiniOzoneClusterImpl-595ad429-f938-4b04-a1e1-fbbc785922f0/datanode-0/data/ratis] (custom)
2021-08-27 12:19:15,008 [Listener at 127.0.0.1/43833] INFO  http.BaseHttpServer (BaseHttpServer.java:newHttpServer2BuilderForOzone(209)) - Starting Web-server for hddsDatanode at: http://0.0.0.0:0
2021-08-27 12:19:15,008 [Listener at 127.0.0.1/43833] INFO  http.BaseHttpServer (BaseHttpServer.java:<init>(107)) - Hadoop Security Enabled: false Ozone Security Enabled: false Ozone HTTP Security Enabled: false 
2021-08-27 12:19:15,009 [Listener at 127.0.0.1/43833] INFO  server.AuthenticationFilter (AuthenticationFilter.java:constructSecretProvider(240)) - Unable to initialize FileSignerSecretProvider, falling back to use random secrets.
2021-08-27 12:19:15,015 [Listener at 127.0.0.1/43833] WARN  http.HttpRequestLog (HttpRequestLog.java:getRequestLog(103)) - Jetty request log can only be enabled using Log4j
2021-08-27 12:19:15,015 [Listener at 127.0.0.1/43833] INFO  http.HttpServer2 (HttpServer2.java:addGlobalFilter(1030)) - Added global filter 'safety' (class=org.apache.hadoop.hdds.server.http.HttpServer2$QuotingInputFilter)
2021-08-27 12:19:15,016 [Listener at 127.0.0.1/43833] INFO  http.HttpServer2 (HttpServer2.java:addFilter(1006)) - Added filter static_user_filter (class=org.apache.hadoop.http.lib.StaticUserWebFilter$StaticUserFilter) to context hddsDatanode
2021-08-27 12:19:15,016 [Listener at 127.0.0.1/43833] INFO  http.HttpServer2 (HttpServer2.java:addFilter(1014)) - Added filter static_user_filter (class=org.apache.hadoop.http.lib.StaticUserWebFilter$StaticUserFilter) to context logs
2021-08-27 12:19:15,016 [Listener at 127.0.0.1/43833] INFO  http.HttpServer2 (HttpServer2.java:addFilter(1014)) - Added filter static_user_filter (class=org.apache.hadoop.http.lib.StaticUserWebFilter$StaticUserFilter) to context static
2021-08-27 12:19:15,016 [Listener at 127.0.0.1/43833] INFO  http.HttpServer2 (HttpServer2.java:bindListener(1249)) - Jetty bound to port 39569
2021-08-27 12:19:15,016 [Listener at 127.0.0.1/43833] INFO  server.Server (Server.java:doStart(375)) - jetty-9.4.43.v20210629; built: 2021-06-30T11:07:22.254Z; git: 526006ecfa3af7f1a27ef3a288e2bef7ea9dd7e8; jvm 1.8.0_292-b10
2021-08-27 12:19:15,021 [Listener at 127.0.0.1/43833] INFO  server.session (DefaultSessionIdManager.java:doStart(334)) - DefaultSessionIdManager workerName=node0
2021-08-27 12:19:15,022 [Listener at 127.0.0.1/43833] INFO  server.session (DefaultSessionIdManager.java:doStart(339)) - No SessionScavenger set, using defaults
2021-08-27 12:19:15,022 [Listener at 127.0.0.1/43833] INFO  server.session (HouseKeeper.java:startScavenging(132)) - node0 Scavenging every 660000ms
2021-08-27 12:19:15,023 [Listener at 127.0.0.1/43833] INFO  handler.ContextHandler (ContextHandler.java:doStart(915)) - Started o.e.j.s.ServletContextHandler@11bbc6f7{logs,/logs,file:///home/runner/work/ozone/ozone/hadoop-ozone/integration-test/target/log,AVAILABLE}
2021-08-27 12:19:15,023 [Listener at 127.0.0.1/43833] INFO  handler.ContextHandler (ContextHandler.java:doStart(915)) - Started o.e.j.s.ServletContextHandler@1ae7c0a8{static,/static,jar:file:/home/runner/.m2/repository/org/apache/ozone/hdds-container-service/1.2.0-SNAPSHOT/hdds-container-service-1.2.0-SNAPSHOT.jar!/webapps/static,AVAILABLE}
2021-08-27 12:19:15,077 [Listener at 127.0.0.1/43833] INFO  handler.ContextHandler (ContextHandler.java:doStart(915)) - Started o.e.j.w.WebAppContext@21557e98{hddsDatanode,/,file:///tmp/jetty-0_0_0_0-39569-hdds-container-service-1_2_0-SNAPSHOT_jar-_-any-5188646716573009361/webapp/,AVAILABLE}{jar:file:/home/runner/.m2/repository/org/apache/ozone/hdds-container-service/1.2.0-SNAPSHOT/hdds-container-service-1.2.0-SNAPSHOT.jar!/webapps/hddsDatanode}
2021-08-27 12:19:15,089 [Listener at 127.0.0.1/43833] INFO  server.AbstractConnector (AbstractConnector.java:doStart(331)) - Started ServerConnector@3fb09dfe{HTTP/1.1, (http/1.1)}{0.0.0.0:39569}
2021-08-27 12:19:15,089 [Listener at 127.0.0.1/43833] INFO  server.Server (Server.java:doStart(415)) - Started @175921ms
2021-08-27 12:19:15,089 [Listener at 127.0.0.1/43833] WARN  impl.MetricsSystemImpl (MetricsSystemImpl.java:register(279)) - Sink prometheus already exists!
2021-08-27 12:19:15,094 [Listener at 127.0.0.1/43833] INFO  http.BaseHttpServer (BaseHttpServer.java:updateConnectorAddress(329)) - HTTP server of hddsDatanode listening at http://0.0.0.0:39569
2021-08-27 12:19:15,095 [Listener at 127.0.0.1/43833] WARN  impl.MetricRegistriesImpl (MetricRegistriesImpl.java:addReporterRegistration(111)) - New reporters are added after registries were created. Some metrics will be missing from the reporter. Please add reporter before adding any new registry.
2021-08-27 12:19:15,095 [Listener at 127.0.0.1/43833] WARN  impl.MetricRegistriesImpl (MetricRegistriesImpl.java:addReporterRegistration(111)) - New reporters are added after registries were created. Some metrics will be missing from the reporter. Please add reporter before adding any new registry.
2021-08-27 12:19:15,095 [Listener at 127.0.0.1/43833] INFO  impl.MetricsSystemImpl (MetricsSystemImpl.java:init(158)) - HddsDatanode metrics system started (again)
2021-08-27 12:19:15,124 [Listener at 127.0.0.1/43833] INFO  ozone.HddsDatanodeService (HddsDatanodeService.java:start(234)) - HddsDatanodeService host:fv-az122-729.zf1tlrj3kn4expqppa1j4mpycf.xx.internal.cloudapp.net ip:10.1.0.9
2021-08-27 12:19:15,147 [Datanode State Machine Task Thread - 0] INFO  datanode.InitDatanodeState (InitDatanodeState.java:persistContainerDatanodeDetails(145)) - DatanodeDetails is persisted to /home/runner/work/ozone/ozone/hadoop-ozone/integration-test/target/test-dir/MiniOzoneClusterImpl-595ad429-f938-4b04-a1e1-fbbc785922f0/datanode-0/meta/datanode.id
2021-08-27 12:19:15,150 [org.apache.hadoop.util.JvmPauseMonitor$Monitor@2d4a92bd] INFO  util.JvmPauseMonitor (JvmPauseMonitor.java:run(188)) - Starting JVM pause monitor
2021-08-27 12:19:15,195 [Listener at 127.0.0.1/43833] INFO  upgrade.AbstractLayoutVersionManager (AbstractLayoutVersionManager.java:init(70)) - Initializing Layout version manager with metadata layout = SCM_HA (version = 2), software layout = SCM_HA (version = 2)
2021-08-27 12:19:15,244 [Listener at 127.0.0.1/43833] INFO  reflections.Reflections (Reflections.java:scan(232)) - Reflections took 42 ms to scan 7 urls, producing 120 keys and 275 values 
2021-08-27 12:19:15,247 [Listener at 127.0.0.1/43833] INFO  volume.HddsVolume (HddsVolume.java:<init>(120)) - Creating HddsVolume: /home/runner/work/ozone/ozone/hadoop-ozone/integration-test/target/test-dir/MiniOzoneClusterImpl-595ad429-f938-4b04-a1e1-fbbc785922f0/datanode-1/data-0/containers/hdds of storage type : DISK capacity : 9223372036854775807
2021-08-27 12:19:15,247 [Listener at 127.0.0.1/43833] INFO  volume.MutableVolumeSet (MutableVolumeSet.java:initializeVolumeSet(181)) - Added Volume : /home/runner/work/ozone/ozone/hadoop-ozone/integration-test/target/test-dir/MiniOzoneClusterImpl-595ad429-f938-4b04-a1e1-fbbc785922f0/datanode-1/data-0/containers/hdds to VolumeSet
2021-08-27 12:19:15,247 [Listener at 127.0.0.1/43833] INFO  volume.ThrottledAsyncChecker (ThrottledAsyncChecker.java:schedule(141)) - Scheduling a check for /home/runner/work/ozone/ozone/hadoop-ozone/integration-test/target/test-dir/MiniOzoneClusterImpl-595ad429-f938-4b04-a1e1-fbbc785922f0/datanode-1/data-0/containers/hdds
2021-08-27 12:19:15,247 [Listener at 127.0.0.1/43833] INFO  volume.StorageVolumeChecker (StorageVolumeChecker.java:checkAllVolumes(202)) - Scheduled health check for volume /home/runner/work/ozone/ozone/hadoop-ozone/integration-test/target/test-dir/MiniOzoneClusterImpl-595ad429-f938-4b04-a1e1-fbbc785922f0/datanode-1/data-0/containers/hdds
2021-08-27 12:19:15,258 [Listener at 127.0.0.1/43833] INFO  volume.MutableVolumeSet (MutableVolumeSet.java:initializeVolumeSet(181)) - Added Volume : /home/runner/work/ozone/ozone/hadoop-ozone/integration-test/target/test-dir/MiniOzoneClusterImpl-595ad429-f938-4b04-a1e1-fbbc785922f0/datanode-1/data/ratis to VolumeSet
2021-08-27 12:19:15,258 [Listener at 127.0.0.1/43833] INFO  volume.ThrottledAsyncChecker (ThrottledAsyncChecker.java:schedule(141)) - Scheduling a check for /home/runner/work/ozone/ozone/hadoop-ozone/integration-test/target/test-dir/MiniOzoneClusterImpl-595ad429-f938-4b04-a1e1-fbbc785922f0/datanode-1/data/ratis
2021-08-27 12:19:15,259 [Listener at 127.0.0.1/43833] INFO  volume.StorageVolumeChecker (StorageVolumeChecker.java:checkAllVolumes(202)) - Scheduled health check for volume /home/runner/work/ozone/ozone/hadoop-ozone/integration-test/target/test-dir/MiniOzoneClusterImpl-595ad429-f938-4b04-a1e1-fbbc785922f0/datanode-1/data/ratis
2021-08-27 12:19:15,268 [Listener at 127.0.0.1/43833] INFO  ozoneimpl.ContainerReader (ContainerReader.java:<init>(98)) - Running in upgrade mode:true
2021-08-27 12:19:15,272 [Thread-1288] INFO  ozoneimpl.ContainerReader (ContainerReader.java:readVolume(142)) - Start to verify containers on volume /home/runner/work/ozone/ozone/hadoop-ozone/integration-test/target/test-dir/MiniOzoneClusterImpl-595ad429-f938-4b04-a1e1-fbbc785922f0/datanode-1/data-0/containers/hdds
2021-08-27 12:19:15,272 [Thread-1288] INFO  ozoneimpl.ContainerReader (ContainerReader.java:readVolume(174)) - Finish verifying containers on volume /home/runner/work/ozone/ozone/hadoop-ozone/integration-test/target/test-dir/MiniOzoneClusterImpl-595ad429-f938-4b04-a1e1-fbbc785922f0/datanode-1/data-0/containers/hdds
2021-08-27 12:19:15,273 [Listener at 127.0.0.1/43833] INFO  ozoneimpl.OzoneContainer (OzoneContainer.java:buildContainerSet(237)) - Build ContainerSet costs 0s
2021-08-27 12:19:15,276 [Listener at 127.0.0.1/43833] INFO  server.RaftServer (ConfUtils.java:logGet(44)) - raft.rpc.type = GRPC (default)
2021-08-27 12:19:15,278 [Listener at 127.0.0.1/43833] INFO  grpc.GrpcFactory (GrpcFactory.java:checkPooledByteBufAllocatorUseCacheForAllThreads(48)) - PERFORMANCE WARNING: useCacheForAllThreads is true that may cause Netty to create a lot garbage objects and, as a result, trigger GC.
	It is recommended to disable useCacheForAllThreads by setting -Dorg.apache.ratis.thirdparty.io.netty.allocator.useCacheForAllThreads=false in command line.
2021-08-27 12:19:15,278 [Listener at 127.0.0.1/43833] INFO  grpc.GrpcConfigKeys (ConfUtils.java:logGet(44)) - raft.grpc.admin.port = 0 (custom)
2021-08-27 12:19:15,278 [Listener at 127.0.0.1/43833] INFO  grpc.GrpcConfigKeys (ConfUtils.java:logGet(44)) - raft.grpc.client.port = 0 (custom)
2021-08-27 12:19:15,278 [Listener at 127.0.0.1/43833] INFO  grpc.GrpcConfigKeys (ConfUtils.java:logGet(44)) - raft.grpc.server.port = 0 (default)
2021-08-27 12:19:15,278 [Listener at 127.0.0.1/43833] INFO  server.GrpcService (ConfUtils.java:logGet(44)) - raft.grpc.message.size.max = 32MB (=33554432) (custom)
2021-08-27 12:19:15,279 [Listener at 127.0.0.1/43833] INFO  server.RaftServerConfigKeys (ConfUtils.java:logGet(44)) - raft.server.log.appender.buffer.byte-limit = 33554432 (custom)
2021-08-27 12:19:15,279 [Listener at 127.0.0.1/43833] INFO  server.GrpcService (ConfUtils.java:logGet(44)) - raft.grpc.flow.control.window = 5MB (=5242880) (custom)
2021-08-27 12:19:15,279 [Listener at 127.0.0.1/43833] INFO  server.RaftServerConfigKeys (ConfUtils.java:logGet(44)) - raft.server.rpc.request.timeout = 3000ms (default)
2021-08-27 12:19:15,280 [Listener at 127.0.0.1/43833] INFO  impl.DataStreamServerImpl (ConfUtils.java:logGet(44)) - raft.datastream.type = DISABLED (default)
2021-08-27 12:19:15,280 [Listener at 127.0.0.1/43833] INFO  server.RaftServerConfigKeys (ConfUtils.java:logGet(44)) - raft.server.rpc.slowness.timeout = 300000ms (custom)
2021-08-27 12:19:15,280 [Listener at 127.0.0.1/43833] INFO  server.RaftServerConfigKeys (ConfUtils.java:logGet(44)) - raft.server.leaderelection.leader.step-down.wait-time = 10s (default)
2021-08-27 12:19:15,280 [Listener at 127.0.0.1/43833] INFO  server.RaftServerConfigKeys (ConfUtils.java:logGet(44)) - raft.server.storage.dir = [/home/runner/work/ozone/ozone/hadoop-ozone/integration-test/target/test-dir/MiniOzoneClusterImpl-595ad429-f938-4b04-a1e1-fbbc785922f0/datanode-1/data/ratis] (custom)
2021-08-27 12:19:15,284 [Listener at 127.0.0.1/43833] INFO  http.BaseHttpServer (BaseHttpServer.java:newHttpServer2BuilderForOzone(209)) - Starting Web-server for hddsDatanode at: http://0.0.0.0:0
2021-08-27 12:19:15,285 [Listener at 127.0.0.1/43833] INFO  http.BaseHttpServer (BaseHttpServer.java:<init>(107)) - Hadoop Security Enabled: false Ozone Security Enabled: false Ozone HTTP Security Enabled: false 
2021-08-27 12:19:15,285 [Listener at 127.0.0.1/43833] INFO  server.AuthenticationFilter (AuthenticationFilter.java:constructSecretProvider(240)) - Unable to initialize FileSignerSecretProvider, falling back to use random secrets.
2021-08-27 12:19:15,286 [Listener at 127.0.0.1/43833] WARN  http.HttpRequestLog (HttpRequestLog.java:getRequestLog(103)) - Jetty request log can only be enabled using Log4j
2021-08-27 12:19:15,286 [Listener at 127.0.0.1/43833] INFO  http.HttpServer2 (HttpServer2.java:addGlobalFilter(1030)) - Added global filter 'safety' (class=org.apache.hadoop.hdds.server.http.HttpServer2$QuotingInputFilter)
2021-08-27 12:19:15,287 [Listener at 127.0.0.1/43833] INFO  http.HttpServer2 (HttpServer2.java:addFilter(1006)) - Added filter static_user_filter (class=org.apache.hadoop.http.lib.StaticUserWebFilter$StaticUserFilter) to context hddsDatanode
2021-08-27 12:19:15,287 [Listener at 127.0.0.1/43833] INFO  http.HttpServer2 (HttpServer2.java:addFilter(1014)) - Added filter static_user_filter (class=org.apache.hadoop.http.lib.StaticUserWebFilter$StaticUserFilter) to context static
2021-08-27 12:19:15,287 [Listener at 127.0.0.1/43833] INFO  http.HttpServer2 (HttpServer2.java:addFilter(1014)) - Added filter static_user_filter (class=org.apache.hadoop.http.lib.StaticUserWebFilter$StaticUserFilter) to context logs
2021-08-27 12:19:15,287 [Listener at 127.0.0.1/43833] INFO  http.HttpServer2 (HttpServer2.java:bindListener(1249)) - Jetty bound to port 44143
2021-08-27 12:19:15,288 [Listener at 127.0.0.1/43833] INFO  server.Server (Server.java:doStart(375)) - jetty-9.4.43.v20210629; built: 2021-06-30T11:07:22.254Z; git: 526006ecfa3af7f1a27ef3a288e2bef7ea9dd7e8; jvm 1.8.0_292-b10
2021-08-27 12:19:15,296 [Listener at 127.0.0.1/43833] INFO  server.session (DefaultSessionIdManager.java:doStart(334)) - DefaultSessionIdManager workerName=node0
2021-08-27 12:19:15,296 [Listener at 127.0.0.1/43833] INFO  server.session (DefaultSessionIdManager.java:doStart(339)) - No SessionScavenger set, using defaults
2021-08-27 12:19:15,296 [Listener at 127.0.0.1/43833] INFO  server.session (HouseKeeper.java:startScavenging(132)) - node0 Scavenging every 660000ms
2021-08-27 12:19:15,297 [Listener at 127.0.0.1/43833] INFO  handler.ContextHandler (ContextHandler.java:doStart(915)) - Started o.e.j.s.ServletContextHandler@301dc6d6{logs,/logs,file:///home/runner/work/ozone/ozone/hadoop-ozone/integration-test/target/log,AVAILABLE}
2021-08-27 12:19:15,297 [Listener at 127.0.0.1/43833] INFO  handler.ContextHandler (ContextHandler.java:doStart(915)) - Started o.e.j.s.ServletContextHandler@3d23c882{static,/static,jar:file:/home/runner/.m2/repository/org/apache/ozone/hdds-container-service/1.2.0-SNAPSHOT/hdds-container-service-1.2.0-SNAPSHOT.jar!/webapps/static,AVAILABLE}
2021-08-27 12:19:15,410 [Listener at 127.0.0.1/43833] INFO  handler.ContextHandler (ContextHandler.java:doStart(915)) - Started o.e.j.w.WebAppContext@4d1de87a{hddsDatanode,/,file:///tmp/jetty-0_0_0_0-44143-hdds-container-service-1_2_0-SNAPSHOT_jar-_-any-3704569561529390599/webapp/,AVAILABLE}{jar:file:/home/runner/.m2/repository/org/apache/ozone/hdds-container-service/1.2.0-SNAPSHOT/hdds-container-service-1.2.0-SNAPSHOT.jar!/webapps/hddsDatanode}
2021-08-27 12:19:15,434 [Listener at 127.0.0.1/43833] INFO  server.AbstractConnector (AbstractConnector.java:doStart(331)) - Started ServerConnector@2e99f113{HTTP/1.1, (http/1.1)}{0.0.0.0:44143}
2021-08-27 12:19:15,435 [Listener at 127.0.0.1/43833] INFO  server.Server (Server.java:doStart(415)) - Started @176267ms
2021-08-27 12:19:15,435 [Listener at 127.0.0.1/43833] WARN  impl.MetricsSystemImpl (MetricsSystemImpl.java:register(279)) - Sink prometheus already exists!
2021-08-27 12:19:15,436 [Listener at 127.0.0.1/43833] INFO  http.BaseHttpServer (BaseHttpServer.java:updateConnectorAddress(329)) - HTTP server of hddsDatanode listening at http://0.0.0.0:44143
2021-08-27 12:19:15,447 [Listener at 127.0.0.1/43833] WARN  impl.MetricRegistriesImpl (MetricRegistriesImpl.java:addReporterRegistration(111)) - New reporters are added after registries were created. Some metrics will be missing from the reporter. Please add reporter before adding any new registry.
2021-08-27 12:19:15,447 [Listener at 127.0.0.1/43833] WARN  impl.MetricRegistriesImpl (MetricRegistriesImpl.java:addReporterRegistration(111)) - New reporters are added after registries were created. Some metrics will be missing from the reporter. Please add reporter before adding any new registry.
2021-08-27 12:19:15,447 [Listener at 127.0.0.1/43833] INFO  impl.MetricsSystemImpl (MetricsSystemImpl.java:init(158)) - HddsDatanode metrics system started (again)
2021-08-27 12:19:15,503 [org.apache.hadoop.util.JvmPauseMonitor$Monitor@6156f200] INFO  util.JvmPauseMonitor (JvmPauseMonitor.java:run(188)) - Starting JVM pause monitor
2021-08-27 12:19:15,513 [Listener at 127.0.0.1/43833] INFO  ozone.HddsDatanodeService (HddsDatanodeService.java:start(234)) - HddsDatanodeService host:fv-az122-729.zf1tlrj3kn4expqppa1j4mpycf.xx.internal.cloudapp.net ip:10.1.0.9
2021-08-27 12:19:15,513 [Datanode State Machine Task Thread - 0] INFO  datanode.InitDatanodeState (InitDatanodeState.java:persistContainerDatanodeDetails(145)) - DatanodeDetails is persisted to /home/runner/work/ozone/ozone/hadoop-ozone/integration-test/target/test-dir/MiniOzoneClusterImpl-595ad429-f938-4b04-a1e1-fbbc785922f0/datanode-1/meta/datanode.id
2021-08-27 12:19:15,541 [Listener at 127.0.0.1/43833] INFO  upgrade.AbstractLayoutVersionManager (AbstractLayoutVersionManager.java:init(70)) - Initializing Layout version manager with metadata layout = SCM_HA (version = 2), software layout = SCM_HA (version = 2)
2021-08-27 12:19:15,586 [Listener at 127.0.0.1/43833] INFO  reflections.Reflections (Reflections.java:scan(232)) - Reflections took 38 ms to scan 7 urls, producing 120 keys and 275 values 
2021-08-27 12:19:15,595 [Listener at 127.0.0.1/43833] INFO  volume.HddsVolume (HddsVolume.java:<init>(120)) - Creating HddsVolume: /home/runner/work/ozone/ozone/hadoop-ozone/integration-test/target/test-dir/MiniOzoneClusterImpl-595ad429-f938-4b04-a1e1-fbbc785922f0/datanode-2/data-0/containers/hdds of storage type : DISK capacity : 9223372036854775807
2021-08-27 12:19:15,595 [Listener at 127.0.0.1/43833] INFO  volume.MutableVolumeSet (MutableVolumeSet.java:initializeVolumeSet(181)) - Added Volume : /home/runner/work/ozone/ozone/hadoop-ozone/integration-test/target/test-dir/MiniOzoneClusterImpl-595ad429-f938-4b04-a1e1-fbbc785922f0/datanode-2/data-0/containers/hdds to VolumeSet
2021-08-27 12:19:15,596 [Listener at 127.0.0.1/43833] INFO  volume.ThrottledAsyncChecker (ThrottledAsyncChecker.java:schedule(141)) - Scheduling a check for /home/runner/work/ozone/ozone/hadoop-ozone/integration-test/target/test-dir/MiniOzoneClusterImpl-595ad429-f938-4b04-a1e1-fbbc785922f0/datanode-2/data-0/containers/hdds
2021-08-27 12:19:15,596 [Listener at 127.0.0.1/43833] INFO  volume.StorageVolumeChecker (StorageVolumeChecker.java:checkAllVolumes(202)) - Scheduled health check for volume /home/runner/work/ozone/ozone/hadoop-ozone/integration-test/target/test-dir/MiniOzoneClusterImpl-595ad429-f938-4b04-a1e1-fbbc785922f0/datanode-2/data-0/containers/hdds
2021-08-27 12:19:15,608 [Listener at 127.0.0.1/43833] INFO  volume.MutableVolumeSet (MutableVolumeSet.java:initializeVolumeSet(181)) - Added Volume : /home/runner/work/ozone/ozone/hadoop-ozone/integration-test/target/test-dir/MiniOzoneClusterImpl-595ad429-f938-4b04-a1e1-fbbc785922f0/datanode-2/data/ratis to VolumeSet
2021-08-27 12:19:15,608 [Listener at 127.0.0.1/43833] INFO  volume.ThrottledAsyncChecker (ThrottledAsyncChecker.java:schedule(141)) - Scheduling a check for /home/runner/work/ozone/ozone/hadoop-ozone/integration-test/target/test-dir/MiniOzoneClusterImpl-595ad429-f938-4b04-a1e1-fbbc785922f0/datanode-2/data/ratis
2021-08-27 12:19:15,608 [Listener at 127.0.0.1/43833] INFO  volume.StorageVolumeChecker (StorageVolumeChecker.java:checkAllVolumes(202)) - Scheduled health check for volume /home/runner/work/ozone/ozone/hadoop-ozone/integration-test/target/test-dir/MiniOzoneClusterImpl-595ad429-f938-4b04-a1e1-fbbc785922f0/datanode-2/data/ratis
2021-08-27 12:19:15,644 [Listener at 127.0.0.1/43833] INFO  ozoneimpl.ContainerReader (ContainerReader.java:<init>(98)) - Running in upgrade mode:true
2021-08-27 12:19:15,644 [Thread-1300] INFO  ozoneimpl.ContainerReader (ContainerReader.java:readVolume(142)) - Start to verify containers on volume /home/runner/work/ozone/ozone/hadoop-ozone/integration-test/target/test-dir/MiniOzoneClusterImpl-595ad429-f938-4b04-a1e1-fbbc785922f0/datanode-2/data-0/containers/hdds
2021-08-27 12:19:15,644 [Thread-1300] INFO  ozoneimpl.ContainerReader (ContainerReader.java:readVolume(174)) - Finish verifying containers on volume /home/runner/work/ozone/ozone/hadoop-ozone/integration-test/target/test-dir/MiniOzoneClusterImpl-595ad429-f938-4b04-a1e1-fbbc785922f0/datanode-2/data-0/containers/hdds
2021-08-27 12:19:15,644 [Listener at 127.0.0.1/43833] INFO  ozoneimpl.OzoneContainer (OzoneContainer.java:buildContainerSet(237)) - Build ContainerSet costs 0s
2021-08-27 12:19:15,645 [Listener at 127.0.0.1/43833] INFO  server.RaftServer (ConfUtils.java:logGet(44)) - raft.rpc.type = GRPC (default)
2021-08-27 12:19:15,646 [Listener at 127.0.0.1/43833] INFO  grpc.GrpcFactory (GrpcFactory.java:checkPooledByteBufAllocatorUseCacheForAllThreads(48)) - PERFORMANCE WARNING: useCacheForAllThreads is true that may cause Netty to create a lot garbage objects and, as a result, trigger GC.
	It is recommended to disable useCacheForAllThreads by setting -Dorg.apache.ratis.thirdparty.io.netty.allocator.useCacheForAllThreads=false in command line.
2021-08-27 12:19:15,646 [Listener at 127.0.0.1/43833] INFO  grpc.GrpcConfigKeys (ConfUtils.java:logGet(44)) - raft.grpc.admin.port = 0 (custom)
2021-08-27 12:19:15,646 [Listener at 127.0.0.1/43833] INFO  grpc.GrpcConfigKeys (ConfUtils.java:logGet(44)) - raft.grpc.client.port = 0 (custom)
2021-08-27 12:19:15,646 [Listener at 127.0.0.1/43833] INFO  grpc.GrpcConfigKeys (ConfUtils.java:logGet(44)) - raft.grpc.server.port = 0 (default)
2021-08-27 12:19:15,646 [Listener at 127.0.0.1/43833] INFO  server.GrpcService (ConfUtils.java:logGet(44)) - raft.grpc.message.size.max = 32MB (=33554432) (custom)
2021-08-27 12:19:15,646 [Listener at 127.0.0.1/43833] INFO  server.RaftServerConfigKeys (ConfUtils.java:logGet(44)) - raft.server.log.appender.buffer.byte-limit = 33554432 (custom)
2021-08-27 12:19:15,646 [Listener at 127.0.0.1/43833] INFO  server.GrpcService (ConfUtils.java:logGet(44)) - raft.grpc.flow.control.window = 5MB (=5242880) (custom)
2021-08-27 12:19:15,646 [Listener at 127.0.0.1/43833] INFO  server.RaftServerConfigKeys (ConfUtils.java:logGet(44)) - raft.server.rpc.request.timeout = 3000ms (default)
2021-08-27 12:19:15,647 [Listener at 127.0.0.1/43833] INFO  impl.DataStreamServerImpl (ConfUtils.java:logGet(44)) - raft.datastream.type = DISABLED (default)
2021-08-27 12:19:15,647 [Listener at 127.0.0.1/43833] INFO  server.RaftServerConfigKeys (ConfUtils.java:logGet(44)) - raft.server.rpc.slowness.timeout = 300000ms (custom)
2021-08-27 12:19:15,647 [Listener at 127.0.0.1/43833] INFO  server.RaftServerConfigKeys (ConfUtils.java:logGet(44)) - raft.server.leaderelection.leader.step-down.wait-time = 10s (default)
2021-08-27 12:19:15,647 [Listener at 127.0.0.1/43833] INFO  server.RaftServerConfigKeys (ConfUtils.java:logGet(44)) - raft.server.storage.dir = [/home/runner/work/ozone/ozone/hadoop-ozone/integration-test/target/test-dir/MiniOzoneClusterImpl-595ad429-f938-4b04-a1e1-fbbc785922f0/datanode-2/data/ratis] (custom)
2021-08-27 12:19:15,652 [Listener at 127.0.0.1/43833] INFO  http.BaseHttpServer (BaseHttpServer.java:newHttpServer2BuilderForOzone(209)) - Starting Web-server for hddsDatanode at: http://0.0.0.0:0
2021-08-27 12:19:15,653 [Listener at 127.0.0.1/43833] INFO  http.BaseHttpServer (BaseHttpServer.java:<init>(107)) - Hadoop Security Enabled: false Ozone Security Enabled: false Ozone HTTP Security Enabled: false 
2021-08-27 12:19:15,653 [Listener at 127.0.0.1/43833] INFO  server.AuthenticationFilter (AuthenticationFilter.java:constructSecretProvider(240)) - Unable to initialize FileSignerSecretProvider, falling back to use random secrets.
2021-08-27 12:19:15,657 [Listener at 127.0.0.1/43833] WARN  http.HttpRequestLog (HttpRequestLog.java:getRequestLog(103)) - Jetty request log can only be enabled using Log4j
2021-08-27 12:19:15,658 [Listener at 127.0.0.1/43833] INFO  http.HttpServer2 (HttpServer2.java:addGlobalFilter(1030)) - Added global filter 'safety' (class=org.apache.hadoop.hdds.server.http.HttpServer2$QuotingInputFilter)
2021-08-27 12:19:15,659 [Listener at 127.0.0.1/43833] INFO  http.HttpServer2 (HttpServer2.java:addFilter(1006)) - Added filter static_user_filter (class=org.apache.hadoop.http.lib.StaticUserWebFilter$StaticUserFilter) to context hddsDatanode
2021-08-27 12:19:15,659 [Listener at 127.0.0.1/43833] INFO  http.HttpServer2 (HttpServer2.java:addFilter(1014)) - Added filter static_user_filter (class=org.apache.hadoop.http.lib.StaticUserWebFilter$StaticUserFilter) to context logs
2021-08-27 12:19:15,659 [Listener at 127.0.0.1/43833] INFO  http.HttpServer2 (HttpServer2.java:addFilter(1014)) - Added filter static_user_filter (class=org.apache.hadoop.http.lib.StaticUserWebFilter$StaticUserFilter) to context static
2021-08-27 12:19:15,659 [Listener at 127.0.0.1/43833] INFO  http.HttpServer2 (HttpServer2.java:bindListener(1249)) - Jetty bound to port 32771
2021-08-27 12:19:15,659 [Listener at 127.0.0.1/43833] INFO  server.Server (Server.java:doStart(375)) - jetty-9.4.43.v20210629; built: 2021-06-30T11:07:22.254Z; git: 526006ecfa3af7f1a27ef3a288e2bef7ea9dd7e8; jvm 1.8.0_292-b10
2021-08-27 12:19:15,660 [Listener at 127.0.0.1/43833] INFO  server.session (DefaultSessionIdManager.java:doStart(334)) - DefaultSessionIdManager workerName=node0
2021-08-27 12:19:15,661 [Listener at 127.0.0.1/43833] INFO  server.session (DefaultSessionIdManager.java:doStart(339)) - No SessionScavenger set, using defaults
2021-08-27 12:19:15,661 [Listener at 127.0.0.1/43833] INFO  server.session (HouseKeeper.java:startScavenging(132)) - node0 Scavenging every 600000ms
2021-08-27 12:19:15,661 [Listener at 127.0.0.1/43833] INFO  handler.ContextHandler (ContextHandler.java:doStart(915)) - Started o.e.j.s.ServletContextHandler@1c06d3b6{logs,/logs,file:///home/runner/work/ozone/ozone/hadoop-ozone/integration-test/target/log,AVAILABLE}
2021-08-27 12:19:15,661 [Listener at 127.0.0.1/43833] INFO  handler.ContextHandler (ContextHandler.java:doStart(915)) - Started o.e.j.s.ServletContextHandler@6d954f5a{static,/static,jar:file:/home/runner/.m2/repository/org/apache/ozone/hdds-container-service/1.2.0-SNAPSHOT/hdds-container-service-1.2.0-SNAPSHOT.jar!/webapps/static,AVAILABLE}
2021-08-27 12:19:15,729 [Listener at 127.0.0.1/43833] INFO  handler.ContextHandler (ContextHandler.java:doStart(915)) - Started o.e.j.w.WebAppContext@1366a852{hddsDatanode,/,file:///tmp/jetty-0_0_0_0-32771-hdds-container-service-1_2_0-SNAPSHOT_jar-_-any-8608339380925829737/webapp/,AVAILABLE}{jar:file:/home/runner/.m2/repository/org/apache/ozone/hdds-container-service/1.2.0-SNAPSHOT/hdds-container-service-1.2.0-SNAPSHOT.jar!/webapps/hddsDatanode}
2021-08-27 12:19:15,748 [Listener at 127.0.0.1/43833] INFO  server.AbstractConnector (AbstractConnector.java:doStart(331)) - Started ServerConnector@5a68ad9f{HTTP/1.1, (http/1.1)}{0.0.0.0:32771}
2021-08-27 12:19:15,748 [Listener at 127.0.0.1/43833] INFO  server.Server (Server.java:doStart(415)) - Started @176580ms
2021-08-27 12:19:15,748 [Listener at 127.0.0.1/43833] WARN  impl.MetricsSystemImpl (MetricsSystemImpl.java:register(279)) - Sink prometheus already exists!
2021-08-27 12:19:15,749 [Listener at 127.0.0.1/43833] INFO  http.BaseHttpServer (BaseHttpServer.java:updateConnectorAddress(329)) - HTTP server of hddsDatanode listening at http://0.0.0.0:32771
2021-08-27 12:19:15,779 [Listener at 127.0.0.1/43833] WARN  impl.MetricRegistriesImpl (MetricRegistriesImpl.java:addReporterRegistration(111)) - New reporters are added after registries were created. Some metrics will be missing from the reporter. Please add reporter before adding any new registry.
2021-08-27 12:19:15,779 [Listener at 127.0.0.1/43833] WARN  impl.MetricRegistriesImpl (MetricRegistriesImpl.java:addReporterRegistration(111)) - New reporters are added after registries were created. Some metrics will be missing from the reporter. Please add reporter before adding any new registry.
2021-08-27 12:19:15,779 [Listener at 127.0.0.1/43833] INFO  impl.MetricsSystemImpl (MetricsSystemImpl.java:init(158)) - HddsDatanode metrics system started (again)
2021-08-27 12:19:15,791 [om1@group-C5BA1605619E-FollowerState] INFO  impl.FollowerState (FollowerState.java:run(134)) - om1@group-C5BA1605619E-FollowerState: change to CANDIDATE, lastRpcElapsedTime:1140526616ns, electionTimeout:1135ms
2021-08-27 12:19:15,791 [om1@group-C5BA1605619E-FollowerState] INFO  impl.RoleInfo (RoleInfo.java:shutdownFollowerState(108)) - om1: shutdown om1@group-C5BA1605619E-FollowerState
2021-08-27 12:19:15,791 [om1@group-C5BA1605619E-FollowerState] INFO  server.RaftServer$Division (RaftServerImpl.java:setRole(285)) - om1@group-C5BA1605619E: changes role from  FOLLOWER to CANDIDATE at term 0 for changeToCandidate
2021-08-27 12:19:15,791 [om1@group-C5BA1605619E-FollowerState] INFO  server.RaftServerConfigKeys (ConfUtils.java:logGet(44)) - raft.server.leaderelection.pre-vote = false (custom)
2021-08-27 12:19:15,791 [om1@group-C5BA1605619E-FollowerState] INFO  impl.RoleInfo (RoleInfo.java:updateAndGet(130)) - om1: start om1@group-C5BA1605619E-LeaderElection54
2021-08-27 12:19:15,828 [Listener at 127.0.0.1/43833] INFO  ozone.HddsDatanodeService (HddsDatanodeService.java:start(234)) - HddsDatanodeService host:fv-az122-729.zf1tlrj3kn4expqppa1j4mpycf.xx.internal.cloudapp.net ip:10.1.0.9
2021-08-27 12:19:15,830 [om1@group-C5BA1605619E-LeaderElection54] INFO  impl.LeaderElection (LeaderElection.java:askForVotes(306)) - om1@group-C5BA1605619E-LeaderElection54 ELECTION round 0: submit vote requests at term 1 for -1: [om1|rpc:localhost:9872|priority:0], old=null
2021-08-27 12:19:15,830 [om1@group-C5BA1605619E-LeaderElection54] INFO  impl.LeaderElection (LeaderElection.java:askForVotes(308)) - om1@group-C5BA1605619E-LeaderElection54 ELECTION round 0: result PASSED (term=1)
2021-08-27 12:19:15,830 [om1@group-C5BA1605619E-LeaderElection54] INFO  impl.RoleInfo (RoleInfo.java:shutdownLeaderElection(121)) - om1: shutdown om1@group-C5BA1605619E-LeaderElection54
2021-08-27 12:19:15,830 [om1@group-C5BA1605619E-LeaderElection54] INFO  server.RaftServer$Division (RaftServerImpl.java:setRole(285)) - om1@group-C5BA1605619E: changes role from CANDIDATE to LEADER at term 1 for changeToLeader
2021-08-27 12:19:15,830 [om1@group-C5BA1605619E-LeaderElection54] INFO  server.RaftServer$Division (ServerState.java:setLeader(285)) - om1@group-C5BA1605619E: change Leader from null to om1 at term 1 for becomeLeader, leader elected after 1184ms
2021-08-27 12:19:15,830 [om1@group-C5BA1605619E-LeaderElection54] INFO  server.RaftServerConfigKeys (ConfUtils.java:logGet(44)) - raft.server.staging.catchup.gap = 1000 (default)
2021-08-27 12:19:15,838 [om1@group-C5BA1605619E-LeaderElection54] INFO  server.RaftServerConfigKeys (ConfUtils.java:logGet(44)) - raft.server.write.element-limit = 4096 (default)
2021-08-27 12:19:15,838 [om1@group-C5BA1605619E-LeaderElection54] INFO  server.RaftServerConfigKeys (ConfUtils.java:logGet(44)) - raft.server.write.byte-limit = 64MB (=67108864) (default)
2021-08-27 12:19:15,838 [org.apache.hadoop.util.JvmPauseMonitor$Monitor@73403d4c] INFO  util.JvmPauseMonitor (JvmPauseMonitor.java:run(188)) - Starting JVM pause monitor
2021-08-27 12:19:15,839 [om1@group-C5BA1605619E-LeaderElection54] INFO  server.RaftServerConfigKeys (ConfUtils.java:logGet(44)) - raft.server.watch.timeout = 10s (default)
2021-08-27 12:19:15,839 [om1@group-C5BA1605619E-LeaderElection54] INFO  server.RaftServerConfigKeys (ConfUtils.java:logGet(44)) - raft.server.watch.timeout.denomination = 1s (default)
2021-08-27 12:19:15,839 [om1@group-C5BA1605619E-LeaderElection54] INFO  server.RaftServerConfigKeys (ConfUtils.java:logGet(44)) - raft.server.watch.element-limit = 65536 (default)
2021-08-27 12:19:15,839 [om1@group-C5BA1605619E-LeaderElection54] INFO  impl.RoleInfo (RoleInfo.java:updateAndGet(130)) - om1: start om1@group-C5BA1605619E-LeaderStateImpl
2021-08-27 12:19:15,839 [om1@group-C5BA1605619E-LeaderElection54] INFO  segmented.SegmentedRaftLogWorker (SegmentedRaftLogWorker.java:startLogSegment(394)) - om1@group-C5BA1605619E-SegmentedRaftLogWorker: Starting segment from index:0
2021-08-27 12:19:15,843 [Datanode State Machine Task Thread - 0] INFO  datanode.InitDatanodeState (InitDatanodeState.java:persistContainerDatanodeDetails(145)) - DatanodeDetails is persisted to /home/runner/work/ozone/ozone/hadoop-ozone/integration-test/target/test-dir/MiniOzoneClusterImpl-595ad429-f938-4b04-a1e1-fbbc785922f0/datanode-2/meta/datanode.id
2021-08-27 12:19:15,862 [om1@group-C5BA1605619E-SegmentedRaftLogWorker] INFO  segmented.SegmentedRaftLogWorker (SegmentedRaftLogWorker.java:execute(601)) - om1@group-C5BA1605619E-SegmentedRaftLogWorker: created new log segment /home/runner/work/ozone/ozone/hadoop-ozone/integration-test/target/test-dir/MiniOzoneClusterImpl-595ad429-f938-4b04-a1e1-fbbc785922f0/ozone-meta/ratis/bf265839-605b-3f16-9796-c5ba1605619e/current/log_inprogress_0
2021-08-27 12:19:15,862 [om1@group-C5BA1605619E-LeaderElection54] INFO  server.RaftServer$Division (ServerState.java:setRaftConf(387)) - om1@group-C5BA1605619E: set configuration 0: [om1|rpc:localhost:9872|admin:|client:|dataStream:|priority:0], old=null
2021-08-27 12:19:15,872 [Listener at 127.0.0.1/43833] INFO  upgrade.AbstractLayoutVersionManager (AbstractLayoutVersionManager.java:init(70)) - Initializing Layout version manager with metadata layout = SCM_HA (version = 2), software layout = SCM_HA (version = 2)
2021-08-27 12:19:15,905 [Listener at 127.0.0.1/43833] INFO  reflections.Reflections (Reflections.java:scan(232)) - Reflections took 32 ms to scan 7 urls, producing 120 keys and 275 values 
2021-08-27 12:19:15,914 [om1@group-C5BA1605619E-StateMachineUpdater] INFO  ratis.OzoneManagerStateMachine (OzoneManagerStateMachine.java:notifyConfigurationChanged(188)) - Received Configuration change notification from Ratis. New Peer list:
[id: "om1"
address: "localhost:9872"
]
2021-08-27 12:19:15,923 [Listener at 127.0.0.1/43833] INFO  volume.HddsVolume (HddsVolume.java:<init>(120)) - Creating HddsVolume: /home/runner/work/ozone/ozone/hadoop-ozone/integration-test/target/test-dir/MiniOzoneClusterImpl-595ad429-f938-4b04-a1e1-fbbc785922f0/datanode-3/data-0/containers/hdds of storage type : DISK capacity : 9223372036854775807
2021-08-27 12:19:15,923 [Listener at 127.0.0.1/43833] INFO  volume.MutableVolumeSet (MutableVolumeSet.java:initializeVolumeSet(181)) - Added Volume : /home/runner/work/ozone/ozone/hadoop-ozone/integration-test/target/test-dir/MiniOzoneClusterImpl-595ad429-f938-4b04-a1e1-fbbc785922f0/datanode-3/data-0/containers/hdds to VolumeSet
2021-08-27 12:19:15,924 [Listener at 127.0.0.1/43833] INFO  volume.ThrottledAsyncChecker (ThrottledAsyncChecker.java:schedule(141)) - Scheduling a check for /home/runner/work/ozone/ozone/hadoop-ozone/integration-test/target/test-dir/MiniOzoneClusterImpl-595ad429-f938-4b04-a1e1-fbbc785922f0/datanode-3/data-0/containers/hdds
2021-08-27 12:19:15,924 [Listener at 127.0.0.1/43833] INFO  volume.StorageVolumeChecker (StorageVolumeChecker.java:checkAllVolumes(202)) - Scheduled health check for volume /home/runner/work/ozone/ozone/hadoop-ozone/integration-test/target/test-dir/MiniOzoneClusterImpl-595ad429-f938-4b04-a1e1-fbbc785922f0/datanode-3/data-0/containers/hdds
2021-08-27 12:19:15,937 [Listener at 127.0.0.1/43833] INFO  volume.MutableVolumeSet (MutableVolumeSet.java:initializeVolumeSet(181)) - Added Volume : /home/runner/work/ozone/ozone/hadoop-ozone/integration-test/target/test-dir/MiniOzoneClusterImpl-595ad429-f938-4b04-a1e1-fbbc785922f0/datanode-3/data/ratis to VolumeSet
2021-08-27 12:19:15,937 [Listener at 127.0.0.1/43833] INFO  volume.ThrottledAsyncChecker (ThrottledAsyncChecker.java:schedule(141)) - Scheduling a check for /home/runner/work/ozone/ozone/hadoop-ozone/integration-test/target/test-dir/MiniOzoneClusterImpl-595ad429-f938-4b04-a1e1-fbbc785922f0/datanode-3/data/ratis
2021-08-27 12:19:15,937 [Listener at 127.0.0.1/43833] INFO  volume.StorageVolumeChecker (StorageVolumeChecker.java:checkAllVolumes(202)) - Scheduled health check for volume /home/runner/work/ozone/ozone/hadoop-ozone/integration-test/target/test-dir/MiniOzoneClusterImpl-595ad429-f938-4b04-a1e1-fbbc785922f0/datanode-3/data/ratis
2021-08-27 12:19:15,949 [Listener at 127.0.0.1/43833] INFO  ozoneimpl.ContainerReader (ContainerReader.java:<init>(98)) - Running in upgrade mode:true
2021-08-27 12:19:15,949 [Thread-1314] INFO  ozoneimpl.ContainerReader (ContainerReader.java:readVolume(142)) - Start to verify containers on volume /home/runner/work/ozone/ozone/hadoop-ozone/integration-test/target/test-dir/MiniOzoneClusterImpl-595ad429-f938-4b04-a1e1-fbbc785922f0/datanode-3/data-0/containers/hdds
2021-08-27 12:19:15,949 [Thread-1314] INFO  ozoneimpl.ContainerReader (ContainerReader.java:readVolume(174)) - Finish verifying containers on volume /home/runner/work/ozone/ozone/hadoop-ozone/integration-test/target/test-dir/MiniOzoneClusterImpl-595ad429-f938-4b04-a1e1-fbbc785922f0/datanode-3/data-0/containers/hdds
2021-08-27 12:19:15,950 [Listener at 127.0.0.1/43833] INFO  ozoneimpl.OzoneContainer (OzoneContainer.java:buildContainerSet(237)) - Build ContainerSet costs 0s
2021-08-27 12:19:15,951 [Listener at 127.0.0.1/43833] INFO  server.RaftServer (ConfUtils.java:logGet(44)) - raft.rpc.type = GRPC (default)
2021-08-27 12:19:15,951 [Listener at 127.0.0.1/43833] INFO  grpc.GrpcFactory (GrpcFactory.java:checkPooledByteBufAllocatorUseCacheForAllThreads(48)) - PERFORMANCE WARNING: useCacheForAllThreads is true that may cause Netty to create a lot garbage objects and, as a result, trigger GC.
	It is recommended to disable useCacheForAllThreads by setting -Dorg.apache.ratis.thirdparty.io.netty.allocator.useCacheForAllThreads=false in command line.
2021-08-27 12:19:15,952 [Listener at 127.0.0.1/43833] INFO  grpc.GrpcConfigKeys (ConfUtils.java:logGet(44)) - raft.grpc.admin.port = 0 (custom)
2021-08-27 12:19:15,952 [Listener at 127.0.0.1/43833] INFO  grpc.GrpcConfigKeys (ConfUtils.java:logGet(44)) - raft.grpc.client.port = 0 (custom)
2021-08-27 12:19:15,952 [Listener at 127.0.0.1/43833] INFO  grpc.GrpcConfigKeys (ConfUtils.java:logGet(44)) - raft.grpc.server.port = 0 (default)
2021-08-27 12:19:15,952 [Listener at 127.0.0.1/43833] INFO  server.GrpcService (ConfUtils.java:logGet(44)) - raft.grpc.message.size.max = 32MB (=33554432) (custom)
2021-08-27 12:19:15,952 [Listener at 127.0.0.1/43833] INFO  server.RaftServerConfigKeys (ConfUtils.java:logGet(44)) - raft.server.log.appender.buffer.byte-limit = 33554432 (custom)
2021-08-27 12:19:15,952 [Listener at 127.0.0.1/43833] INFO  server.GrpcService (ConfUtils.java:logGet(44)) - raft.grpc.flow.control.window = 5MB (=5242880) (custom)
2021-08-27 12:19:15,953 [Listener at 127.0.0.1/43833] INFO  server.RaftServerConfigKeys (ConfUtils.java:logGet(44)) - raft.server.rpc.request.timeout = 3000ms (default)
2021-08-27 12:19:15,955 [Listener at 127.0.0.1/43833] INFO  impl.DataStreamServerImpl (ConfUtils.java:logGet(44)) - raft.datastream.type = DISABLED (default)
2021-08-27 12:19:15,962 [Listener at 127.0.0.1/43833] INFO  server.RaftServerConfigKeys (ConfUtils.java:logGet(44)) - raft.server.rpc.slowness.timeout = 300000ms (custom)
2021-08-27 12:19:15,962 [Listener at 127.0.0.1/43833] INFO  server.RaftServerConfigKeys (ConfUtils.java:logGet(44)) - raft.server.leaderelection.leader.step-down.wait-time = 10s (default)
2021-08-27 12:19:15,963 [Listener at 127.0.0.1/43833] INFO  server.RaftServerConfigKeys (ConfUtils.java:logGet(44)) - raft.server.storage.dir = [/home/runner/work/ozone/ozone/hadoop-ozone/integration-test/target/test-dir/MiniOzoneClusterImpl-595ad429-f938-4b04-a1e1-fbbc785922f0/datanode-3/data/ratis] (custom)
2021-08-27 12:19:15,975 [Listener at 127.0.0.1/43833] INFO  http.BaseHttpServer (BaseHttpServer.java:newHttpServer2BuilderForOzone(209)) - Starting Web-server for hddsDatanode at: http://0.0.0.0:0
2021-08-27 12:19:15,975 [Listener at 127.0.0.1/43833] INFO  http.BaseHttpServer (BaseHttpServer.java:<init>(107)) - Hadoop Security Enabled: false Ozone Security Enabled: false Ozone HTTP Security Enabled: false 
2021-08-27 12:19:15,975 [Listener at 127.0.0.1/43833] INFO  server.AuthenticationFilter (AuthenticationFilter.java:constructSecretProvider(240)) - Unable to initialize FileSignerSecretProvider, falling back to use random secrets.
2021-08-27 12:19:15,976 [Listener at 127.0.0.1/43833] WARN  http.HttpRequestLog (HttpRequestLog.java:getRequestLog(103)) - Jetty request log can only be enabled using Log4j
2021-08-27 12:19:15,977 [Listener at 127.0.0.1/43833] INFO  http.HttpServer2 (HttpServer2.java:addGlobalFilter(1030)) - Added global filter 'safety' (class=org.apache.hadoop.hdds.server.http.HttpServer2$QuotingInputFilter)
2021-08-27 12:19:15,978 [Listener at 127.0.0.1/43833] INFO  http.HttpServer2 (HttpServer2.java:addFilter(1006)) - Added filter static_user_filter (class=org.apache.hadoop.http.lib.StaticUserWebFilter$StaticUserFilter) to context hddsDatanode
2021-08-27 12:19:15,978 [Listener at 127.0.0.1/43833] INFO  http.HttpServer2 (HttpServer2.java:addFilter(1014)) - Added filter static_user_filter (class=org.apache.hadoop.http.lib.StaticUserWebFilter$StaticUserFilter) to context static
2021-08-27 12:19:15,978 [Listener at 127.0.0.1/43833] INFO  http.HttpServer2 (HttpServer2.java:addFilter(1014)) - Added filter static_user_filter (class=org.apache.hadoop.http.lib.StaticUserWebFilter$StaticUserFilter) to context logs
2021-08-27 12:19:15,978 [Listener at 127.0.0.1/43833] INFO  http.HttpServer2 (HttpServer2.java:bindListener(1249)) - Jetty bound to port 43821
2021-08-27 12:19:15,978 [Listener at 127.0.0.1/43833] INFO  server.Server (Server.java:doStart(375)) - jetty-9.4.43.v20210629; built: 2021-06-30T11:07:22.254Z; git: 526006ecfa3af7f1a27ef3a288e2bef7ea9dd7e8; jvm 1.8.0_292-b10
2021-08-27 12:19:15,992 [Listener at 127.0.0.1/43833] INFO  server.session (DefaultSessionIdManager.java:doStart(334)) - DefaultSessionIdManager workerName=node0
2021-08-27 12:19:15,993 [Listener at 127.0.0.1/43833] INFO  server.session (DefaultSessionIdManager.java:doStart(339)) - No SessionScavenger set, using defaults
2021-08-27 12:19:15,993 [Listener at 127.0.0.1/43833] INFO  server.session (HouseKeeper.java:startScavenging(132)) - node0 Scavenging every 600000ms
2021-08-27 12:19:15,993 [Listener at 127.0.0.1/43833] INFO  handler.ContextHandler (ContextHandler.java:doStart(915)) - Started o.e.j.s.ServletContextHandler@58107cbb{logs,/logs,file:///home/runner/work/ozone/ozone/hadoop-ozone/integration-test/target/log,AVAILABLE}
2021-08-27 12:19:15,994 [Listener at 127.0.0.1/43833] INFO  handler.ContextHandler (ContextHandler.java:doStart(915)) - Started o.e.j.s.ServletContextHandler@248ef0ae{static,/static,jar:file:/home/runner/.m2/repository/org/apache/ozone/hdds-container-service/1.2.0-SNAPSHOT/hdds-container-service-1.2.0-SNAPSHOT.jar!/webapps/static,AVAILABLE}
2021-08-27 12:19:16,044 [Listener at 127.0.0.1/43833] INFO  handler.ContextHandler (ContextHandler.java:doStart(915)) - Started o.e.j.w.WebAppContext@4e9100f{hddsDatanode,/,file:///tmp/jetty-0_0_0_0-43821-hdds-container-service-1_2_0-SNAPSHOT_jar-_-any-7245251670367430054/webapp/,AVAILABLE}{jar:file:/home/runner/.m2/repository/org/apache/ozone/hdds-container-service/1.2.0-SNAPSHOT/hdds-container-service-1.2.0-SNAPSHOT.jar!/webapps/hddsDatanode}
2021-08-27 12:19:16,053 [Listener at 127.0.0.1/43833] INFO  server.AbstractConnector (AbstractConnector.java:doStart(331)) - Started ServerConnector@2ce5f148{HTTP/1.1, (http/1.1)}{0.0.0.0:43821}
2021-08-27 12:19:16,054 [Listener at 127.0.0.1/43833] INFO  server.Server (Server.java:doStart(415)) - Started @176885ms
2021-08-27 12:19:16,054 [Listener at 127.0.0.1/43833] WARN  impl.MetricsSystemImpl (MetricsSystemImpl.java:register(279)) - Sink prometheus already exists!
2021-08-27 12:19:16,059 [Listener at 127.0.0.1/43833] INFO  http.BaseHttpServer (BaseHttpServer.java:updateConnectorAddress(329)) - HTTP server of hddsDatanode listening at http://0.0.0.0:43821
2021-08-27 12:19:16,060 [Listener at 127.0.0.1/43833] WARN  impl.MetricRegistriesImpl (MetricRegistriesImpl.java:addReporterRegistration(111)) - New reporters are added after registries were created. Some metrics will be missing from the reporter. Please add reporter before adding any new registry.
2021-08-27 12:19:16,060 [Listener at 127.0.0.1/43833] WARN  impl.MetricRegistriesImpl (MetricRegistriesImpl.java:addReporterRegistration(111)) - New reporters are added after registries were created. Some metrics will be missing from the reporter. Please add reporter before adding any new registry.
2021-08-27 12:19:16,060 [Listener at 127.0.0.1/43833] INFO  impl.MetricsSystemImpl (MetricsSystemImpl.java:init(158)) - HddsDatanode metrics system started (again)
2021-08-27 12:19:16,096 [Listener at 127.0.0.1/43833] INFO  ozone.HddsDatanodeService (HddsDatanodeService.java:start(234)) - HddsDatanodeService host:fv-az122-729.zf1tlrj3kn4expqppa1j4mpycf.xx.internal.cloudapp.net ip:10.1.0.9
2021-08-27 12:19:16,105 [org.apache.hadoop.util.JvmPauseMonitor$Monitor@52c2290c] INFO  util.JvmPauseMonitor (JvmPauseMonitor.java:run(188)) - Starting JVM pause monitor
2021-08-27 12:19:16,129 [Datanode State Machine Task Thread - 0] INFO  datanode.InitDatanodeState (InitDatanodeState.java:persistContainerDatanodeDetails(145)) - DatanodeDetails is persisted to /home/runner/work/ozone/ozone/hadoop-ozone/integration-test/target/test-dir/MiniOzoneClusterImpl-595ad429-f938-4b04-a1e1-fbbc785922f0/datanode-3/meta/datanode.id
2021-08-27 12:19:16,147 [Listener at 127.0.0.1/43833] INFO  upgrade.AbstractLayoutVersionManager (AbstractLayoutVersionManager.java:init(70)) - Initializing Layout version manager with metadata layout = SCM_HA (version = 2), software layout = SCM_HA (version = 2)
2021-08-27 12:19:16,201 [Listener at 127.0.0.1/43833] INFO  reflections.Reflections (Reflections.java:scan(232)) - Reflections took 51 ms to scan 7 urls, producing 120 keys and 275 values 
2021-08-27 12:19:16,203 [Listener at 127.0.0.1/43833] INFO  volume.HddsVolume (HddsVolume.java:<init>(120)) - Creating HddsVolume: /home/runner/work/ozone/ozone/hadoop-ozone/integration-test/target/test-dir/MiniOzoneClusterImpl-595ad429-f938-4b04-a1e1-fbbc785922f0/datanode-4/data-0/containers/hdds of storage type : DISK capacity : 9223372036854775807
2021-08-27 12:19:16,203 [Listener at 127.0.0.1/43833] INFO  volume.MutableVolumeSet (MutableVolumeSet.java:initializeVolumeSet(181)) - Added Volume : /home/runner/work/ozone/ozone/hadoop-ozone/integration-test/target/test-dir/MiniOzoneClusterImpl-595ad429-f938-4b04-a1e1-fbbc785922f0/datanode-4/data-0/containers/hdds to VolumeSet
2021-08-27 12:19:16,203 [Listener at 127.0.0.1/43833] INFO  volume.ThrottledAsyncChecker (ThrottledAsyncChecker.java:schedule(141)) - Scheduling a check for /home/runner/work/ozone/ozone/hadoop-ozone/integration-test/target/test-dir/MiniOzoneClusterImpl-595ad429-f938-4b04-a1e1-fbbc785922f0/datanode-4/data-0/containers/hdds
2021-08-27 12:19:16,204 [Listener at 127.0.0.1/43833] INFO  volume.StorageVolumeChecker (StorageVolumeChecker.java:checkAllVolumes(202)) - Scheduled health check for volume /home/runner/work/ozone/ozone/hadoop-ozone/integration-test/target/test-dir/MiniOzoneClusterImpl-595ad429-f938-4b04-a1e1-fbbc785922f0/datanode-4/data-0/containers/hdds
2021-08-27 12:19:16,222 [Listener at 127.0.0.1/43833] INFO  volume.MutableVolumeSet (MutableVolumeSet.java:initializeVolumeSet(181)) - Added Volume : /home/runner/work/ozone/ozone/hadoop-ozone/integration-test/target/test-dir/MiniOzoneClusterImpl-595ad429-f938-4b04-a1e1-fbbc785922f0/datanode-4/data/ratis to VolumeSet
2021-08-27 12:19:16,222 [Listener at 127.0.0.1/43833] INFO  volume.ThrottledAsyncChecker (ThrottledAsyncChecker.java:schedule(141)) - Scheduling a check for /home/runner/work/ozone/ozone/hadoop-ozone/integration-test/target/test-dir/MiniOzoneClusterImpl-595ad429-f938-4b04-a1e1-fbbc785922f0/datanode-4/data/ratis
2021-08-27 12:19:16,222 [Listener at 127.0.0.1/43833] INFO  volume.StorageVolumeChecker (StorageVolumeChecker.java:checkAllVolumes(202)) - Scheduled health check for volume /home/runner/work/ozone/ozone/hadoop-ozone/integration-test/target/test-dir/MiniOzoneClusterImpl-595ad429-f938-4b04-a1e1-fbbc785922f0/datanode-4/data/ratis
2021-08-27 12:19:16,246 [Listener at 127.0.0.1/43833] INFO  ozoneimpl.ContainerReader (ContainerReader.java:<init>(98)) - Running in upgrade mode:true
2021-08-27 12:19:16,249 [Thread-1326] INFO  ozoneimpl.ContainerReader (ContainerReader.java:readVolume(142)) - Start to verify containers on volume /home/runner/work/ozone/ozone/hadoop-ozone/integration-test/target/test-dir/MiniOzoneClusterImpl-595ad429-f938-4b04-a1e1-fbbc785922f0/datanode-4/data-0/containers/hdds
2021-08-27 12:19:16,249 [Thread-1326] INFO  ozoneimpl.ContainerReader (ContainerReader.java:readVolume(174)) - Finish verifying containers on volume /home/runner/work/ozone/ozone/hadoop-ozone/integration-test/target/test-dir/MiniOzoneClusterImpl-595ad429-f938-4b04-a1e1-fbbc785922f0/datanode-4/data-0/containers/hdds
2021-08-27 12:19:16,249 [Listener at 127.0.0.1/43833] INFO  ozoneimpl.OzoneContainer (OzoneContainer.java:buildContainerSet(237)) - Build ContainerSet costs 0s
2021-08-27 12:19:16,250 [Listener at 127.0.0.1/43833] INFO  server.RaftServer (ConfUtils.java:logGet(44)) - raft.rpc.type = GRPC (default)
2021-08-27 12:19:16,250 [Listener at 127.0.0.1/43833] INFO  grpc.GrpcFactory (GrpcFactory.java:checkPooledByteBufAllocatorUseCacheForAllThreads(48)) - PERFORMANCE WARNING: useCacheForAllThreads is true that may cause Netty to create a lot garbage objects and, as a result, trigger GC.
	It is recommended to disable useCacheForAllThreads by setting -Dorg.apache.ratis.thirdparty.io.netty.allocator.useCacheForAllThreads=false in command line.
2021-08-27 12:19:16,251 [Listener at 127.0.0.1/43833] INFO  grpc.GrpcConfigKeys (ConfUtils.java:logGet(44)) - raft.grpc.admin.port = 0 (custom)
2021-08-27 12:19:16,251 [Listener at 127.0.0.1/43833] INFO  grpc.GrpcConfigKeys (ConfUtils.java:logGet(44)) - raft.grpc.client.port = 0 (custom)
2021-08-27 12:19:16,251 [Listener at 127.0.0.1/43833] INFO  grpc.GrpcConfigKeys (ConfUtils.java:logGet(44)) - raft.grpc.server.port = 0 (default)
2021-08-27 12:19:16,251 [Listener at 127.0.0.1/43833] INFO  server.GrpcService (ConfUtils.java:logGet(44)) - raft.grpc.message.size.max = 32MB (=33554432) (custom)
2021-08-27 12:19:16,251 [Listener at 127.0.0.1/43833] INFO  server.RaftServerConfigKeys (ConfUtils.java:logGet(44)) - raft.server.log.appender.buffer.byte-limit = 33554432 (custom)
2021-08-27 12:19:16,251 [Listener at 127.0.0.1/43833] INFO  server.GrpcService (ConfUtils.java:logGet(44)) - raft.grpc.flow.control.window = 5MB (=5242880) (custom)
2021-08-27 12:19:16,251 [Listener at 127.0.0.1/43833] INFO  server.RaftServerConfigKeys (ConfUtils.java:logGet(44)) - raft.server.rpc.request.timeout = 3000ms (default)
2021-08-27 12:19:16,252 [Listener at 127.0.0.1/43833] INFO  impl.DataStreamServerImpl (ConfUtils.java:logGet(44)) - raft.datastream.type = DISABLED (default)
2021-08-27 12:19:16,252 [Listener at 127.0.0.1/43833] INFO  server.RaftServerConfigKeys (ConfUtils.java:logGet(44)) - raft.server.rpc.slowness.timeout = 300000ms (custom)
2021-08-27 12:19:16,252 [Listener at 127.0.0.1/43833] INFO  server.RaftServerConfigKeys (ConfUtils.java:logGet(44)) - raft.server.leaderelection.leader.step-down.wait-time = 10s (default)
2021-08-27 12:19:16,252 [Listener at 127.0.0.1/43833] INFO  server.RaftServerConfigKeys (ConfUtils.java:logGet(44)) - raft.server.storage.dir = [/home/runner/work/ozone/ozone/hadoop-ozone/integration-test/target/test-dir/MiniOzoneClusterImpl-595ad429-f938-4b04-a1e1-fbbc785922f0/datanode-4/data/ratis] (custom)
2021-08-27 12:19:16,279 [Listener at 127.0.0.1/43833] INFO  http.BaseHttpServer (BaseHttpServer.java:newHttpServer2BuilderForOzone(209)) - Starting Web-server for hddsDatanode at: http://0.0.0.0:0
2021-08-27 12:19:16,279 [Listener at 127.0.0.1/43833] INFO  http.BaseHttpServer (BaseHttpServer.java:<init>(107)) - Hadoop Security Enabled: false Ozone Security Enabled: false Ozone HTTP Security Enabled: false 
2021-08-27 12:19:16,280 [Listener at 127.0.0.1/43833] INFO  server.AuthenticationFilter (AuthenticationFilter.java:constructSecretProvider(240)) - Unable to initialize FileSignerSecretProvider, falling back to use random secrets.
2021-08-27 12:19:16,285 [Listener at 127.0.0.1/43833] WARN  http.HttpRequestLog (HttpRequestLog.java:getRequestLog(103)) - Jetty request log can only be enabled using Log4j
2021-08-27 12:19:16,298 [Listener at 127.0.0.1/43833] INFO  http.HttpServer2 (HttpServer2.java:addGlobalFilter(1030)) - Added global filter 'safety' (class=org.apache.hadoop.hdds.server.http.HttpServer2$QuotingInputFilter)
2021-08-27 12:19:16,298 [Listener at 127.0.0.1/43833] INFO  http.HttpServer2 (HttpServer2.java:addFilter(1006)) - Added filter static_user_filter (class=org.apache.hadoop.http.lib.StaticUserWebFilter$StaticUserFilter) to context hddsDatanode
2021-08-27 12:19:16,299 [Listener at 127.0.0.1/43833] INFO  http.HttpServer2 (HttpServer2.java:addFilter(1014)) - Added filter static_user_filter (class=org.apache.hadoop.http.lib.StaticUserWebFilter$StaticUserFilter) to context logs
2021-08-27 12:19:16,299 [Listener at 127.0.0.1/43833] INFO  http.HttpServer2 (HttpServer2.java:addFilter(1014)) - Added filter static_user_filter (class=org.apache.hadoop.http.lib.StaticUserWebFilter$StaticUserFilter) to context static
2021-08-27 12:19:16,299 [Listener at 127.0.0.1/43833] INFO  http.HttpServer2 (HttpServer2.java:bindListener(1249)) - Jetty bound to port 43571
2021-08-27 12:19:16,299 [Listener at 127.0.0.1/43833] INFO  server.Server (Server.java:doStart(375)) - jetty-9.4.43.v20210629; built: 2021-06-30T11:07:22.254Z; git: 526006ecfa3af7f1a27ef3a288e2bef7ea9dd7e8; jvm 1.8.0_292-b10
2021-08-27 12:19:16,301 [Listener at 127.0.0.1/43833] INFO  server.session (DefaultSessionIdManager.java:doStart(334)) - DefaultSessionIdManager workerName=node0
2021-08-27 12:19:16,301 [Listener at 127.0.0.1/43833] INFO  server.session (DefaultSessionIdManager.java:doStart(339)) - No SessionScavenger set, using defaults
2021-08-27 12:19:16,301 [Listener at 127.0.0.1/43833] INFO  server.session (HouseKeeper.java:startScavenging(132)) - node0 Scavenging every 600000ms
2021-08-27 12:19:16,301 [Listener at 127.0.0.1/43833] INFO  handler.ContextHandler (ContextHandler.java:doStart(915)) - Started o.e.j.s.ServletContextHandler@27f567e4{logs,/logs,file:///home/runner/work/ozone/ozone/hadoop-ozone/integration-test/target/log,AVAILABLE}
2021-08-27 12:19:16,302 [Listener at 127.0.0.1/43833] INFO  handler.ContextHandler (ContextHandler.java:doStart(915)) - Started o.e.j.s.ServletContextHandler@7cf6679f{static,/static,jar:file:/home/runner/.m2/repository/org/apache/ozone/hdds-container-service/1.2.0-SNAPSHOT/hdds-container-service-1.2.0-SNAPSHOT.jar!/webapps/static,AVAILABLE}
2021-08-27 12:19:16,353 [Listener at 127.0.0.1/43833] INFO  handler.ContextHandler (ContextHandler.java:doStart(915)) - Started o.e.j.w.WebAppContext@3346245e{hddsDatanode,/,file:///tmp/jetty-0_0_0_0-43571-hdds-container-service-1_2_0-SNAPSHOT_jar-_-any-5743603458725649089/webapp/,AVAILABLE}{jar:file:/home/runner/.m2/repository/org/apache/ozone/hdds-container-service/1.2.0-SNAPSHOT/hdds-container-service-1.2.0-SNAPSHOT.jar!/webapps/hddsDatanode}
2021-08-27 12:19:16,368 [Listener at 127.0.0.1/43833] INFO  server.AbstractConnector (AbstractConnector.java:doStart(331)) - Started ServerConnector@3aee36c6{HTTP/1.1, (http/1.1)}{0.0.0.0:43571}
2021-08-27 12:19:16,368 [Listener at 127.0.0.1/43833] INFO  server.Server (Server.java:doStart(415)) - Started @177200ms
2021-08-27 12:19:16,368 [Listener at 127.0.0.1/43833] WARN  impl.MetricsSystemImpl (MetricsSystemImpl.java:register(279)) - Sink prometheus already exists!
2021-08-27 12:19:16,369 [Listener at 127.0.0.1/43833] INFO  http.BaseHttpServer (BaseHttpServer.java:updateConnectorAddress(329)) - HTTP server of hddsDatanode listening at http://0.0.0.0:43571
2021-08-27 12:19:16,374 [Listener at 127.0.0.1/43833] WARN  impl.MetricRegistriesImpl (MetricRegistriesImpl.java:addReporterRegistration(111)) - New reporters are added after registries were created. Some metrics will be missing from the reporter. Please add reporter before adding any new registry.
2021-08-27 12:19:16,374 [Listener at 127.0.0.1/43833] WARN  impl.MetricRegistriesImpl (MetricRegistriesImpl.java:addReporterRegistration(111)) - New reporters are added after registries were created. Some metrics will be missing from the reporter. Please add reporter before adding any new registry.
2021-08-27 12:19:16,374 [Listener at 127.0.0.1/43833] INFO  impl.MetricsSystemImpl (MetricsSystemImpl.java:init(158)) - HddsDatanode metrics system started (again)
2021-08-27 12:19:16,406 [Listener at 127.0.0.1/43833] INFO  ozone.HddsDatanodeService (HddsDatanodeService.java:start(234)) - HddsDatanodeService host:fv-az122-729.zf1tlrj3kn4expqppa1j4mpycf.xx.internal.cloudapp.net ip:10.1.0.9
2021-08-27 12:19:16,435 [org.apache.hadoop.util.JvmPauseMonitor$Monitor@1476172a] INFO  util.JvmPauseMonitor (JvmPauseMonitor.java:run(188)) - Starting JVM pause monitor
2021-08-27 12:19:16,450 [Datanode State Machine Task Thread - 0] INFO  datanode.InitDatanodeState (InitDatanodeState.java:persistContainerDatanodeDetails(145)) - DatanodeDetails is persisted to /home/runner/work/ozone/ozone/hadoop-ozone/integration-test/target/test-dir/MiniOzoneClusterImpl-595ad429-f938-4b04-a1e1-fbbc785922f0/datanode-4/meta/datanode.id
2021-08-27 12:19:16,467 [Listener at 127.0.0.1/43833] INFO  upgrade.AbstractLayoutVersionManager (AbstractLayoutVersionManager.java:init(70)) - Initializing Layout version manager with metadata layout = SCM_HA (version = 2), software layout = SCM_HA (version = 2)
2021-08-27 12:19:16,513 [Listener at 127.0.0.1/43833] INFO  reflections.Reflections (Reflections.java:scan(232)) - Reflections took 35 ms to scan 7 urls, producing 120 keys and 275 values 
2021-08-27 12:19:16,527 [Listener at 127.0.0.1/43833] INFO  volume.HddsVolume (HddsVolume.java:<init>(120)) - Creating HddsVolume: /home/runner/work/ozone/ozone/hadoop-ozone/integration-test/target/test-dir/MiniOzoneClusterImpl-595ad429-f938-4b04-a1e1-fbbc785922f0/datanode-5/data-0/containers/hdds of storage type : DISK capacity : 9223372036854775807
2021-08-27 12:19:16,527 [Listener at 127.0.0.1/43833] INFO  volume.MutableVolumeSet (MutableVolumeSet.java:initializeVolumeSet(181)) - Added Volume : /home/runner/work/ozone/ozone/hadoop-ozone/integration-test/target/test-dir/MiniOzoneClusterImpl-595ad429-f938-4b04-a1e1-fbbc785922f0/datanode-5/data-0/containers/hdds to VolumeSet
2021-08-27 12:19:16,527 [Listener at 127.0.0.1/43833] INFO  volume.ThrottledAsyncChecker (ThrottledAsyncChecker.java:schedule(141)) - Scheduling a check for /home/runner/work/ozone/ozone/hadoop-ozone/integration-test/target/test-dir/MiniOzoneClusterImpl-595ad429-f938-4b04-a1e1-fbbc785922f0/datanode-5/data-0/containers/hdds
2021-08-27 12:19:16,535 [Listener at 127.0.0.1/43833] INFO  volume.StorageVolumeChecker (StorageVolumeChecker.java:checkAllVolumes(202)) - Scheduled health check for volume /home/runner/work/ozone/ozone/hadoop-ozone/integration-test/target/test-dir/MiniOzoneClusterImpl-595ad429-f938-4b04-a1e1-fbbc785922f0/datanode-5/data-0/containers/hdds
2021-08-27 12:19:16,551 [Listener at 127.0.0.1/43833] INFO  volume.MutableVolumeSet (MutableVolumeSet.java:initializeVolumeSet(181)) - Added Volume : /home/runner/work/ozone/ozone/hadoop-ozone/integration-test/target/test-dir/MiniOzoneClusterImpl-595ad429-f938-4b04-a1e1-fbbc785922f0/datanode-5/data/ratis to VolumeSet
2021-08-27 12:19:16,553 [Listener at 127.0.0.1/43833] INFO  volume.ThrottledAsyncChecker (ThrottledAsyncChecker.java:schedule(141)) - Scheduling a check for /home/runner/work/ozone/ozone/hadoop-ozone/integration-test/target/test-dir/MiniOzoneClusterImpl-595ad429-f938-4b04-a1e1-fbbc785922f0/datanode-5/data/ratis
2021-08-27 12:19:16,553 [Listener at 127.0.0.1/43833] INFO  volume.StorageVolumeChecker (StorageVolumeChecker.java:checkAllVolumes(202)) - Scheduled health check for volume /home/runner/work/ozone/ozone/hadoop-ozone/integration-test/target/test-dir/MiniOzoneClusterImpl-595ad429-f938-4b04-a1e1-fbbc785922f0/datanode-5/data/ratis
2021-08-27 12:19:16,563 [Listener at 127.0.0.1/43833] INFO  ozoneimpl.ContainerReader (ContainerReader.java:<init>(98)) - Running in upgrade mode:true
2021-08-27 12:19:16,563 [Thread-1338] INFO  ozoneimpl.ContainerReader (ContainerReader.java:readVolume(142)) - Start to verify containers on volume /home/runner/work/ozone/ozone/hadoop-ozone/integration-test/target/test-dir/MiniOzoneClusterImpl-595ad429-f938-4b04-a1e1-fbbc785922f0/datanode-5/data-0/containers/hdds
2021-08-27 12:19:16,563 [Thread-1338] INFO  ozoneimpl.ContainerReader (ContainerReader.java:readVolume(174)) - Finish verifying containers on volume /home/runner/work/ozone/ozone/hadoop-ozone/integration-test/target/test-dir/MiniOzoneClusterImpl-595ad429-f938-4b04-a1e1-fbbc785922f0/datanode-5/data-0/containers/hdds
2021-08-27 12:19:16,563 [Listener at 127.0.0.1/43833] INFO  ozoneimpl.OzoneContainer (OzoneContainer.java:buildContainerSet(237)) - Build ContainerSet costs 0s
2021-08-27 12:19:16,565 [Listener at 127.0.0.1/43833] INFO  server.RaftServer (ConfUtils.java:logGet(44)) - raft.rpc.type = GRPC (default)
2021-08-27 12:19:16,565 [Listener at 127.0.0.1/43833] INFO  grpc.GrpcFactory (GrpcFactory.java:checkPooledByteBufAllocatorUseCacheForAllThreads(48)) - PERFORMANCE WARNING: useCacheForAllThreads is true that may cause Netty to create a lot garbage objects and, as a result, trigger GC.
	It is recommended to disable useCacheForAllThreads by setting -Dorg.apache.ratis.thirdparty.io.netty.allocator.useCacheForAllThreads=false in command line.
2021-08-27 12:19:16,565 [Listener at 127.0.0.1/43833] INFO  grpc.GrpcConfigKeys (ConfUtils.java:logGet(44)) - raft.grpc.admin.port = 0 (custom)
2021-08-27 12:19:16,565 [Listener at 127.0.0.1/43833] INFO  grpc.GrpcConfigKeys (ConfUtils.java:logGet(44)) - raft.grpc.client.port = 0 (custom)
2021-08-27 12:19:16,565 [Listener at 127.0.0.1/43833] INFO  grpc.GrpcConfigKeys (ConfUtils.java:logGet(44)) - raft.grpc.server.port = 0 (default)
2021-08-27 12:19:16,565 [Listener at 127.0.0.1/43833] INFO  server.GrpcService (ConfUtils.java:logGet(44)) - raft.grpc.message.size.max = 32MB (=33554432) (custom)
2021-08-27 12:19:16,565 [Listener at 127.0.0.1/43833] INFO  server.RaftServerConfigKeys (ConfUtils.java:logGet(44)) - raft.server.log.appender.buffer.byte-limit = 33554432 (custom)
2021-08-27 12:19:16,567 [Listener at 127.0.0.1/43833] INFO  server.GrpcService (ConfUtils.java:logGet(44)) - raft.grpc.flow.control.window = 5MB (=5242880) (custom)
2021-08-27 12:19:16,568 [Listener at 127.0.0.1/43833] INFO  server.RaftServerConfigKeys (ConfUtils.java:logGet(44)) - raft.server.rpc.request.timeout = 3000ms (default)
2021-08-27 12:19:16,569 [Listener at 127.0.0.1/43833] INFO  impl.DataStreamServerImpl (ConfUtils.java:logGet(44)) - raft.datastream.type = DISABLED (default)
2021-08-27 12:19:16,569 [Listener at 127.0.0.1/43833] INFO  server.RaftServerConfigKeys (ConfUtils.java:logGet(44)) - raft.server.rpc.slowness.timeout = 300000ms (custom)
2021-08-27 12:19:16,569 [Listener at 127.0.0.1/43833] INFO  server.RaftServerConfigKeys (ConfUtils.java:logGet(44)) - raft.server.leaderelection.leader.step-down.wait-time = 10s (default)
2021-08-27 12:19:16,569 [Listener at 127.0.0.1/43833] INFO  server.RaftServerConfigKeys (ConfUtils.java:logGet(44)) - raft.server.storage.dir = [/home/runner/work/ozone/ozone/hadoop-ozone/integration-test/target/test-dir/MiniOzoneClusterImpl-595ad429-f938-4b04-a1e1-fbbc785922f0/datanode-5/data/ratis] (custom)
2021-08-27 12:19:16,580 [Listener at 127.0.0.1/43833] INFO  http.BaseHttpServer (BaseHttpServer.java:newHttpServer2BuilderForOzone(209)) - Starting Web-server for hddsDatanode at: http://0.0.0.0:0
2021-08-27 12:19:16,580 [Listener at 127.0.0.1/43833] INFO  http.BaseHttpServer (BaseHttpServer.java:<init>(107)) - Hadoop Security Enabled: false Ozone Security Enabled: false Ozone HTTP Security Enabled: false 
2021-08-27 12:19:16,580 [Listener at 127.0.0.1/43833] INFO  server.AuthenticationFilter (AuthenticationFilter.java:constructSecretProvider(240)) - Unable to initialize FileSignerSecretProvider, falling back to use random secrets.
2021-08-27 12:19:16,582 [Listener at 127.0.0.1/43833] WARN  http.HttpRequestLog (HttpRequestLog.java:getRequestLog(103)) - Jetty request log can only be enabled using Log4j
2021-08-27 12:19:16,582 [Listener at 127.0.0.1/43833] INFO  http.HttpServer2 (HttpServer2.java:addGlobalFilter(1030)) - Added global filter 'safety' (class=org.apache.hadoop.hdds.server.http.HttpServer2$QuotingInputFilter)
2021-08-27 12:19:16,583 [Listener at 127.0.0.1/43833] INFO  http.HttpServer2 (HttpServer2.java:addFilter(1006)) - Added filter static_user_filter (class=org.apache.hadoop.http.lib.StaticUserWebFilter$StaticUserFilter) to context hddsDatanode
2021-08-27 12:19:16,583 [Listener at 127.0.0.1/43833] INFO  http.HttpServer2 (HttpServer2.java:addFilter(1014)) - Added filter static_user_filter (class=org.apache.hadoop.http.lib.StaticUserWebFilter$StaticUserFilter) to context logs
2021-08-27 12:19:16,583 [Listener at 127.0.0.1/43833] INFO  http.HttpServer2 (HttpServer2.java:addFilter(1014)) - Added filter static_user_filter (class=org.apache.hadoop.http.lib.StaticUserWebFilter$StaticUserFilter) to context static
2021-08-27 12:19:16,586 [Listener at 127.0.0.1/43833] INFO  http.HttpServer2 (HttpServer2.java:bindListener(1249)) - Jetty bound to port 46453
2021-08-27 12:19:16,587 [Listener at 127.0.0.1/43833] INFO  server.Server (Server.java:doStart(375)) - jetty-9.4.43.v20210629; built: 2021-06-30T11:07:22.254Z; git: 526006ecfa3af7f1a27ef3a288e2bef7ea9dd7e8; jvm 1.8.0_292-b10
2021-08-27 12:19:16,593 [Listener at 127.0.0.1/43833] INFO  server.session (DefaultSessionIdManager.java:doStart(334)) - DefaultSessionIdManager workerName=node0
2021-08-27 12:19:16,594 [Listener at 127.0.0.1/43833] INFO  server.session (DefaultSessionIdManager.java:doStart(339)) - No SessionScavenger set, using defaults
2021-08-27 12:19:16,594 [Listener at 127.0.0.1/43833] INFO  server.session (HouseKeeper.java:startScavenging(132)) - node0 Scavenging every 660000ms
2021-08-27 12:19:16,596 [Listener at 127.0.0.1/43833] INFO  handler.ContextHandler (ContextHandler.java:doStart(915)) - Started o.e.j.s.ServletContextHandler@3ecb153a{logs,/logs,file:///home/runner/work/ozone/ozone/hadoop-ozone/integration-test/target/log,AVAILABLE}
2021-08-27 12:19:16,597 [Listener at 127.0.0.1/43833] INFO  handler.ContextHandler (ContextHandler.java:doStart(915)) - Started o.e.j.s.ServletContextHandler@7490238a{static,/static,jar:file:/home/runner/.m2/repository/org/apache/ozone/hdds-container-service/1.2.0-SNAPSHOT/hdds-container-service-1.2.0-SNAPSHOT.jar!/webapps/static,AVAILABLE}
2021-08-27 12:19:16,653 [Listener at 127.0.0.1/43833] INFO  handler.ContextHandler (ContextHandler.java:doStart(915)) - Started o.e.j.w.WebAppContext@57936a03{hddsDatanode,/,file:///tmp/jetty-0_0_0_0-46453-hdds-container-service-1_2_0-SNAPSHOT_jar-_-any-1305347816715652394/webapp/,AVAILABLE}{jar:file:/home/runner/.m2/repository/org/apache/ozone/hdds-container-service/1.2.0-SNAPSHOT/hdds-container-service-1.2.0-SNAPSHOT.jar!/webapps/hddsDatanode}
2021-08-27 12:19:16,663 [Listener at 127.0.0.1/43833] INFO  server.AbstractConnector (AbstractConnector.java:doStart(331)) - Started ServerConnector@75644d58{HTTP/1.1, (http/1.1)}{0.0.0.0:46453}
2021-08-27 12:19:16,664 [Listener at 127.0.0.1/43833] INFO  server.Server (Server.java:doStart(415)) - Started @177495ms
2021-08-27 12:19:16,664 [Listener at 127.0.0.1/43833] WARN  impl.MetricsSystemImpl (MetricsSystemImpl.java:register(279)) - Sink prometheus already exists!
2021-08-27 12:19:16,665 [Listener at 127.0.0.1/43833] INFO  http.BaseHttpServer (BaseHttpServer.java:updateConnectorAddress(329)) - HTTP server of hddsDatanode listening at http://0.0.0.0:46453
2021-08-27 12:19:16,666 [Listener at 127.0.0.1/43833] WARN  impl.MetricRegistriesImpl (MetricRegistriesImpl.java:addReporterRegistration(111)) - New reporters are added after registries were created. Some metrics will be missing from the reporter. Please add reporter before adding any new registry.
2021-08-27 12:19:16,666 [Listener at 127.0.0.1/43833] WARN  impl.MetricRegistriesImpl (MetricRegistriesImpl.java:addReporterRegistration(111)) - New reporters are added after registries were created. Some metrics will be missing from the reporter. Please add reporter before adding any new registry.
2021-08-27 12:19:16,666 [Listener at 127.0.0.1/43833] INFO  impl.MetricsSystemImpl (MetricsSystemImpl.java:init(158)) - HddsDatanode metrics system started (again)
2021-08-27 12:19:16,687 [Listener at 127.0.0.1/43833] INFO  ozone.HddsDatanodeService (HddsDatanodeService.java:start(234)) - HddsDatanodeService host:fv-az122-729.zf1tlrj3kn4expqppa1j4mpycf.xx.internal.cloudapp.net ip:10.1.0.9
2021-08-27 12:19:16,702 [org.apache.hadoop.util.JvmPauseMonitor$Monitor@1d155964] INFO  util.JvmPauseMonitor (JvmPauseMonitor.java:run(188)) - Starting JVM pause monitor
2021-08-27 12:19:16,703 [Datanode State Machine Task Thread - 0] INFO  datanode.InitDatanodeState (InitDatanodeState.java:persistContainerDatanodeDetails(145)) - DatanodeDetails is persisted to /home/runner/work/ozone/ozone/hadoop-ozone/integration-test/target/test-dir/MiniOzoneClusterImpl-595ad429-f938-4b04-a1e1-fbbc785922f0/datanode-5/meta/datanode.id
2021-08-27 12:19:16,730 [Listener at 127.0.0.1/43833] INFO  upgrade.AbstractLayoutVersionManager (AbstractLayoutVersionManager.java:init(70)) - Initializing Layout version manager with metadata layout = SCM_HA (version = 2), software layout = SCM_HA (version = 2)
2021-08-27 12:19:16,799 [Listener at 127.0.0.1/43833] INFO  reflections.Reflections (Reflections.java:scan(232)) - Reflections took 68 ms to scan 7 urls, producing 120 keys and 275 values 
2021-08-27 12:19:16,809 [Listener at 127.0.0.1/43833] INFO  volume.HddsVolume (HddsVolume.java:<init>(120)) - Creating HddsVolume: /home/runner/work/ozone/ozone/hadoop-ozone/integration-test/target/test-dir/MiniOzoneClusterImpl-595ad429-f938-4b04-a1e1-fbbc785922f0/datanode-6/data-0/containers/hdds of storage type : DISK capacity : 9223372036854775807
2021-08-27 12:19:16,810 [Listener at 127.0.0.1/43833] INFO  volume.MutableVolumeSet (MutableVolumeSet.java:initializeVolumeSet(181)) - Added Volume : /home/runner/work/ozone/ozone/hadoop-ozone/integration-test/target/test-dir/MiniOzoneClusterImpl-595ad429-f938-4b04-a1e1-fbbc785922f0/datanode-6/data-0/containers/hdds to VolumeSet
2021-08-27 12:19:16,810 [Listener at 127.0.0.1/43833] INFO  volume.ThrottledAsyncChecker (ThrottledAsyncChecker.java:schedule(141)) - Scheduling a check for /home/runner/work/ozone/ozone/hadoop-ozone/integration-test/target/test-dir/MiniOzoneClusterImpl-595ad429-f938-4b04-a1e1-fbbc785922f0/datanode-6/data-0/containers/hdds
2021-08-27 12:19:16,810 [Listener at 127.0.0.1/43833] INFO  volume.StorageVolumeChecker (StorageVolumeChecker.java:checkAllVolumes(202)) - Scheduled health check for volume /home/runner/work/ozone/ozone/hadoop-ozone/integration-test/target/test-dir/MiniOzoneClusterImpl-595ad429-f938-4b04-a1e1-fbbc785922f0/datanode-6/data-0/containers/hdds
2021-08-27 12:19:16,829 [Listener at 127.0.0.1/43833] INFO  volume.MutableVolumeSet (MutableVolumeSet.java:initializeVolumeSet(181)) - Added Volume : /home/runner/work/ozone/ozone/hadoop-ozone/integration-test/target/test-dir/MiniOzoneClusterImpl-595ad429-f938-4b04-a1e1-fbbc785922f0/datanode-6/data/ratis to VolumeSet
2021-08-27 12:19:16,829 [Listener at 127.0.0.1/43833] INFO  volume.ThrottledAsyncChecker (ThrottledAsyncChecker.java:schedule(141)) - Scheduling a check for /home/runner/work/ozone/ozone/hadoop-ozone/integration-test/target/test-dir/MiniOzoneClusterImpl-595ad429-f938-4b04-a1e1-fbbc785922f0/datanode-6/data/ratis
2021-08-27 12:19:16,830 [Listener at 127.0.0.1/43833] INFO  volume.StorageVolumeChecker (StorageVolumeChecker.java:checkAllVolumes(202)) - Scheduled health check for volume /home/runner/work/ozone/ozone/hadoop-ozone/integration-test/target/test-dir/MiniOzoneClusterImpl-595ad429-f938-4b04-a1e1-fbbc785922f0/datanode-6/data/ratis
2021-08-27 12:19:16,850 [Listener at 127.0.0.1/43833] INFO  ozoneimpl.ContainerReader (ContainerReader.java:<init>(98)) - Running in upgrade mode:true
2021-08-27 12:19:16,850 [Thread-1350] INFO  ozoneimpl.ContainerReader (ContainerReader.java:readVolume(142)) - Start to verify containers on volume /home/runner/work/ozone/ozone/hadoop-ozone/integration-test/target/test-dir/MiniOzoneClusterImpl-595ad429-f938-4b04-a1e1-fbbc785922f0/datanode-6/data-0/containers/hdds
2021-08-27 12:19:16,850 [Thread-1350] INFO  ozoneimpl.ContainerReader (ContainerReader.java:readVolume(174)) - Finish verifying containers on volume /home/runner/work/ozone/ozone/hadoop-ozone/integration-test/target/test-dir/MiniOzoneClusterImpl-595ad429-f938-4b04-a1e1-fbbc785922f0/datanode-6/data-0/containers/hdds
2021-08-27 12:19:16,851 [Listener at 127.0.0.1/43833] INFO  ozoneimpl.OzoneContainer (OzoneContainer.java:buildContainerSet(237)) - Build ContainerSet costs 0s
2021-08-27 12:19:16,852 [Listener at 127.0.0.1/43833] INFO  server.RaftServer (ConfUtils.java:logGet(44)) - raft.rpc.type = GRPC (default)
2021-08-27 12:19:16,852 [Listener at 127.0.0.1/43833] INFO  grpc.GrpcFactory (GrpcFactory.java:checkPooledByteBufAllocatorUseCacheForAllThreads(48)) - PERFORMANCE WARNING: useCacheForAllThreads is true that may cause Netty to create a lot garbage objects and, as a result, trigger GC.
	It is recommended to disable useCacheForAllThreads by setting -Dorg.apache.ratis.thirdparty.io.netty.allocator.useCacheForAllThreads=false in command line.
2021-08-27 12:19:16,853 [Listener at 127.0.0.1/43833] INFO  grpc.GrpcConfigKeys (ConfUtils.java:logGet(44)) - raft.grpc.admin.port = 0 (custom)
2021-08-27 12:19:16,853 [Listener at 127.0.0.1/43833] INFO  grpc.GrpcConfigKeys (ConfUtils.java:logGet(44)) - raft.grpc.client.port = 0 (custom)
2021-08-27 12:19:16,853 [Listener at 127.0.0.1/43833] INFO  grpc.GrpcConfigKeys (ConfUtils.java:logGet(44)) - raft.grpc.server.port = 0 (default)
2021-08-27 12:19:16,853 [Listener at 127.0.0.1/43833] INFO  server.GrpcService (ConfUtils.java:logGet(44)) - raft.grpc.message.size.max = 32MB (=33554432) (custom)
2021-08-27 12:19:16,853 [Listener at 127.0.0.1/43833] INFO  server.RaftServerConfigKeys (ConfUtils.java:logGet(44)) - raft.server.log.appender.buffer.byte-limit = 33554432 (custom)
2021-08-27 12:19:16,853 [Listener at 127.0.0.1/43833] INFO  server.GrpcService (ConfUtils.java:logGet(44)) - raft.grpc.flow.control.window = 5MB (=5242880) (custom)
2021-08-27 12:19:16,853 [Listener at 127.0.0.1/43833] INFO  server.RaftServerConfigKeys (ConfUtils.java:logGet(44)) - raft.server.rpc.request.timeout = 3000ms (default)
2021-08-27 12:19:16,854 [Listener at 127.0.0.1/43833] INFO  impl.DataStreamServerImpl (ConfUtils.java:logGet(44)) - raft.datastream.type = DISABLED (default)
2021-08-27 12:19:16,854 [Listener at 127.0.0.1/43833] INFO  server.RaftServerConfigKeys (ConfUtils.java:logGet(44)) - raft.server.rpc.slowness.timeout = 300000ms (custom)
2021-08-27 12:19:16,855 [Listener at 127.0.0.1/43833] INFO  server.RaftServerConfigKeys (ConfUtils.java:logGet(44)) - raft.server.leaderelection.leader.step-down.wait-time = 10s (default)
2021-08-27 12:19:16,855 [Listener at 127.0.0.1/43833] INFO  server.RaftServerConfigKeys (ConfUtils.java:logGet(44)) - raft.server.storage.dir = [/home/runner/work/ozone/ozone/hadoop-ozone/integration-test/target/test-dir/MiniOzoneClusterImpl-595ad429-f938-4b04-a1e1-fbbc785922f0/datanode-6/data/ratis] (custom)
2021-08-27 12:19:16,866 [Listener at 127.0.0.1/43833] INFO  http.BaseHttpServer (BaseHttpServer.java:newHttpServer2BuilderForOzone(209)) - Starting Web-server for hddsDatanode at: http://0.0.0.0:0
2021-08-27 12:19:16,866 [Listener at 127.0.0.1/43833] INFO  http.BaseHttpServer (BaseHttpServer.java:<init>(107)) - Hadoop Security Enabled: false Ozone Security Enabled: false Ozone HTTP Security Enabled: false 
2021-08-27 12:19:16,872 [Listener at 127.0.0.1/43833] INFO  server.AuthenticationFilter (AuthenticationFilter.java:constructSecretProvider(240)) - Unable to initialize FileSignerSecretProvider, falling back to use random secrets.
2021-08-27 12:19:16,873 [Listener at 127.0.0.1/43833] WARN  http.HttpRequestLog (HttpRequestLog.java:getRequestLog(103)) - Jetty request log can only be enabled using Log4j
2021-08-27 12:19:16,873 [Listener at 127.0.0.1/43833] INFO  http.HttpServer2 (HttpServer2.java:addGlobalFilter(1030)) - Added global filter 'safety' (class=org.apache.hadoop.hdds.server.http.HttpServer2$QuotingInputFilter)
2021-08-27 12:19:16,874 [Listener at 127.0.0.1/43833] INFO  http.HttpServer2 (HttpServer2.java:addFilter(1006)) - Added filter static_user_filter (class=org.apache.hadoop.http.lib.StaticUserWebFilter$StaticUserFilter) to context hddsDatanode
2021-08-27 12:19:16,874 [Listener at 127.0.0.1/43833] INFO  http.HttpServer2 (HttpServer2.java:addFilter(1014)) - Added filter static_user_filter (class=org.apache.hadoop.http.lib.StaticUserWebFilter$StaticUserFilter) to context logs
2021-08-27 12:19:16,874 [Listener at 127.0.0.1/43833] INFO  http.HttpServer2 (HttpServer2.java:addFilter(1014)) - Added filter static_user_filter (class=org.apache.hadoop.http.lib.StaticUserWebFilter$StaticUserFilter) to context static
2021-08-27 12:19:16,874 [Listener at 127.0.0.1/43833] INFO  http.HttpServer2 (HttpServer2.java:bindListener(1249)) - Jetty bound to port 45629
2021-08-27 12:19:16,874 [Listener at 127.0.0.1/43833] INFO  server.Server (Server.java:doStart(375)) - jetty-9.4.43.v20210629; built: 2021-06-30T11:07:22.254Z; git: 526006ecfa3af7f1a27ef3a288e2bef7ea9dd7e8; jvm 1.8.0_292-b10
2021-08-27 12:19:16,876 [Listener at 127.0.0.1/43833] INFO  server.session (DefaultSessionIdManager.java:doStart(334)) - DefaultSessionIdManager workerName=node0
2021-08-27 12:19:16,876 [Listener at 127.0.0.1/43833] INFO  server.session (DefaultSessionIdManager.java:doStart(339)) - No SessionScavenger set, using defaults
2021-08-27 12:19:16,876 [Listener at 127.0.0.1/43833] INFO  server.session (HouseKeeper.java:startScavenging(132)) - node0 Scavenging every 660000ms
2021-08-27 12:19:16,877 [Listener at 127.0.0.1/43833] INFO  handler.ContextHandler (ContextHandler.java:doStart(915)) - Started o.e.j.s.ServletContextHandler@41643fec{logs,/logs,file:///home/runner/work/ozone/ozone/hadoop-ozone/integration-test/target/log,AVAILABLE}
2021-08-27 12:19:16,877 [Listener at 127.0.0.1/43833] INFO  handler.ContextHandler (ContextHandler.java:doStart(915)) - Started o.e.j.s.ServletContextHandler@7ba24428{static,/static,jar:file:/home/runner/.m2/repository/org/apache/ozone/hdds-container-service/1.2.0-SNAPSHOT/hdds-container-service-1.2.0-SNAPSHOT.jar!/webapps/static,AVAILABLE}
2021-08-27 12:19:16,924 [Listener at 127.0.0.1/43833] INFO  handler.ContextHandler (ContextHandler.java:doStart(915)) - Started o.e.j.w.WebAppContext@505d09b0{hddsDatanode,/,file:///tmp/jetty-0_0_0_0-45629-hdds-container-service-1_2_0-SNAPSHOT_jar-_-any-1590011769904830877/webapp/,AVAILABLE}{jar:file:/home/runner/.m2/repository/org/apache/ozone/hdds-container-service/1.2.0-SNAPSHOT/hdds-container-service-1.2.0-SNAPSHOT.jar!/webapps/hddsDatanode}
2021-08-27 12:19:16,938 [Listener at 127.0.0.1/43833] INFO  server.AbstractConnector (AbstractConnector.java:doStart(331)) - Started ServerConnector@6a05679a{HTTP/1.1, (http/1.1)}{0.0.0.0:45629}
2021-08-27 12:19:16,938 [Listener at 127.0.0.1/43833] INFO  server.Server (Server.java:doStart(415)) - Started @177770ms
2021-08-27 12:19:16,938 [Listener at 127.0.0.1/43833] WARN  impl.MetricsSystemImpl (MetricsSystemImpl.java:register(279)) - Sink prometheus already exists!
2021-08-27 12:19:16,939 [Listener at 127.0.0.1/43833] INFO  http.BaseHttpServer (BaseHttpServer.java:updateConnectorAddress(329)) - HTTP server of hddsDatanode listening at http://0.0.0.0:45629
2021-08-27 12:19:16,943 [Listener at 127.0.0.1/43833] WARN  impl.MetricRegistriesImpl (MetricRegistriesImpl.java:addReporterRegistration(111)) - New reporters are added after registries were created. Some metrics will be missing from the reporter. Please add reporter before adding any new registry.
2021-08-27 12:19:16,943 [Listener at 127.0.0.1/43833] WARN  impl.MetricRegistriesImpl (MetricRegistriesImpl.java:addReporterRegistration(111)) - New reporters are added after registries were created. Some metrics will be missing from the reporter. Please add reporter before adding any new registry.
2021-08-27 12:19:16,943 [Listener at 127.0.0.1/43833] INFO  impl.MetricsSystemImpl (MetricsSystemImpl.java:init(158)) - HddsDatanode metrics system started (again)
2021-08-27 12:19:16,954 [Listener at 127.0.0.1/43833] INFO  ozone.HddsDatanodeService (HddsDatanodeService.java:start(234)) - HddsDatanodeService host:fv-az122-729.zf1tlrj3kn4expqppa1j4mpycf.xx.internal.cloudapp.net ip:10.1.0.9
2021-08-27 12:19:17,015 [Listener at 127.0.0.1/43833] INFO  upgrade.AbstractLayoutVersionManager (AbstractLayoutVersionManager.java:init(70)) - Initializing Layout version manager with metadata layout = SCM_HA (version = 2), software layout = SCM_HA (version = 2)
2021-08-27 12:19:17,018 [Datanode State Machine Task Thread - 0] INFO  datanode.InitDatanodeState (InitDatanodeState.java:persistContainerDatanodeDetails(145)) - DatanodeDetails is persisted to /home/runner/work/ozone/ozone/hadoop-ozone/integration-test/target/test-dir/MiniOzoneClusterImpl-595ad429-f938-4b04-a1e1-fbbc785922f0/datanode-6/meta/datanode.id
2021-08-27 12:19:17,019 [org.apache.hadoop.util.JvmPauseMonitor$Monitor@5f7019ed] INFO  util.JvmPauseMonitor (JvmPauseMonitor.java:run(188)) - Starting JVM pause monitor
2021-08-27 12:19:17,107 [Listener at 127.0.0.1/43833] INFO  reflections.Reflections (Reflections.java:scan(232)) - Reflections took 91 ms to scan 7 urls, producing 120 keys and 275 values 
2021-08-27 12:19:17,111 [Listener at 127.0.0.1/43833] INFO  volume.HddsVolume (HddsVolume.java:<init>(120)) - Creating HddsVolume: /home/runner/work/ozone/ozone/hadoop-ozone/integration-test/target/test-dir/MiniOzoneClusterImpl-595ad429-f938-4b04-a1e1-fbbc785922f0/datanode-7/data-0/containers/hdds of storage type : DISK capacity : 9223372036854775807
2021-08-27 12:19:17,111 [Listener at 127.0.0.1/43833] INFO  volume.MutableVolumeSet (MutableVolumeSet.java:initializeVolumeSet(181)) - Added Volume : /home/runner/work/ozone/ozone/hadoop-ozone/integration-test/target/test-dir/MiniOzoneClusterImpl-595ad429-f938-4b04-a1e1-fbbc785922f0/datanode-7/data-0/containers/hdds to VolumeSet
2021-08-27 12:19:17,111 [Listener at 127.0.0.1/43833] INFO  volume.ThrottledAsyncChecker (ThrottledAsyncChecker.java:schedule(141)) - Scheduling a check for /home/runner/work/ozone/ozone/hadoop-ozone/integration-test/target/test-dir/MiniOzoneClusterImpl-595ad429-f938-4b04-a1e1-fbbc785922f0/datanode-7/data-0/containers/hdds
2021-08-27 12:19:17,112 [Listener at 127.0.0.1/43833] INFO  volume.StorageVolumeChecker (StorageVolumeChecker.java:checkAllVolumes(202)) - Scheduled health check for volume /home/runner/work/ozone/ozone/hadoop-ozone/integration-test/target/test-dir/MiniOzoneClusterImpl-595ad429-f938-4b04-a1e1-fbbc785922f0/datanode-7/data-0/containers/hdds
2021-08-27 12:19:17,133 [Listener at 127.0.0.1/43833] INFO  volume.MutableVolumeSet (MutableVolumeSet.java:initializeVolumeSet(181)) - Added Volume : /home/runner/work/ozone/ozone/hadoop-ozone/integration-test/target/test-dir/MiniOzoneClusterImpl-595ad429-f938-4b04-a1e1-fbbc785922f0/datanode-7/data/ratis to VolumeSet
2021-08-27 12:19:17,134 [Listener at 127.0.0.1/43833] INFO  volume.ThrottledAsyncChecker (ThrottledAsyncChecker.java:schedule(141)) - Scheduling a check for /home/runner/work/ozone/ozone/hadoop-ozone/integration-test/target/test-dir/MiniOzoneClusterImpl-595ad429-f938-4b04-a1e1-fbbc785922f0/datanode-7/data/ratis
2021-08-27 12:19:17,134 [Listener at 127.0.0.1/43833] INFO  volume.StorageVolumeChecker (StorageVolumeChecker.java:checkAllVolumes(202)) - Scheduled health check for volume /home/runner/work/ozone/ozone/hadoop-ozone/integration-test/target/test-dir/MiniOzoneClusterImpl-595ad429-f938-4b04-a1e1-fbbc785922f0/datanode-7/data/ratis
2021-08-27 12:19:17,165 [Listener at 127.0.0.1/43833] INFO  ozoneimpl.ContainerReader (ContainerReader.java:<init>(98)) - Running in upgrade mode:true
2021-08-27 12:19:17,205 [EndpointStateMachine task thread for /0.0.0.0:34203 - 0 ] INFO  ozoneimpl.OzoneContainer (OzoneContainer.java:start(305)) - Attempting to start container services.
2021-08-27 12:19:17,205 [EndpointStateMachine task thread for /0.0.0.0:34203 - 0 ] INFO  ozoneimpl.OzoneContainer (OzoneContainer.java:startContainerScrub(250)) - Background container scanner has been disabled.
2021-08-27 12:19:17,206 [EndpointStateMachine task thread for /0.0.0.0:34203 - 0 ] INFO  replication.ReplicationServer (ReplicationServer.java:start(107)) - ReplicationServer is started using port 34189
2021-08-27 12:19:17,208 [EndpointStateMachine task thread for /0.0.0.0:34203 - 0 ] INFO  ratis.XceiverServerRatis (XceiverServerRatis.java:start(482)) - Starting XceiverServerRatis 97469cba-ac70-4b4e-8b1d-7d1e4e3cf9ac
2021-08-27 12:19:17,214 [EndpointStateMachine task thread for /0.0.0.0:34203 - 0 ] INFO  server.RaftServer (RaftServerProxy.java:lambda$start$5(374)) - 97469cba-ac70-4b4e-8b1d-7d1e4e3cf9ac: start RPC server
2021-08-27 12:19:17,214 [EndpointStateMachine task thread for /0.0.0.0:34203 - 0 ] INFO  server.GrpcService (GrpcService.java:startImpl(253)) - 97469cba-ac70-4b4e-8b1d-7d1e4e3cf9ac: GrpcService started, listening on 36551
2021-08-27 12:19:17,215 [EndpointStateMachine task thread for /0.0.0.0:34203 - 0 ] INFO  ratis.XceiverServerRatis (XceiverServerRatis.java:getRealPort(503)) - XceiverServerRatis 97469cba-ac70-4b4e-8b1d-7d1e4e3cf9ac is started using port 36551 for RATIS
2021-08-27 12:19:17,215 [EndpointStateMachine task thread for /0.0.0.0:34203 - 0 ] INFO  ratis.XceiverServerRatis (XceiverServerRatis.java:getRealPort(503)) - XceiverServerRatis 97469cba-ac70-4b4e-8b1d-7d1e4e3cf9ac is started using port 36551 for RATIS_ADMIN
2021-08-27 12:19:17,215 [EndpointStateMachine task thread for /0.0.0.0:34203 - 0 ] INFO  ratis.XceiverServerRatis (XceiverServerRatis.java:getRealPort(503)) - XceiverServerRatis 97469cba-ac70-4b4e-8b1d-7d1e4e3cf9ac is started using port 36551 for RATIS_SERVER
2021-08-27 12:19:17,218 [Thread-1363] INFO  ozoneimpl.ContainerReader (ContainerReader.java:readVolume(142)) - Start to verify containers on volume /home/runner/work/ozone/ozone/hadoop-ozone/integration-test/target/test-dir/MiniOzoneClusterImpl-595ad429-f938-4b04-a1e1-fbbc785922f0/datanode-7/data-0/containers/hdds
2021-08-27 12:19:17,218 [Thread-1363] INFO  ozoneimpl.ContainerReader (ContainerReader.java:readVolume(174)) - Finish verifying containers on volume /home/runner/work/ozone/ozone/hadoop-ozone/integration-test/target/test-dir/MiniOzoneClusterImpl-595ad429-f938-4b04-a1e1-fbbc785922f0/datanode-7/data-0/containers/hdds
2021-08-27 12:19:17,218 [Listener at 127.0.0.1/43833] INFO  ozoneimpl.OzoneContainer (OzoneContainer.java:buildContainerSet(237)) - Build ContainerSet costs 0s
2021-08-27 12:19:17,219 [EndpointStateMachine task thread for /0.0.0.0:34203 - 0 ] INFO  server.XceiverServerGrpc (XceiverServerGrpc.java:start(135)) - XceiverServerGrpc 97469cba-ac70-4b4e-8b1d-7d1e4e3cf9ac is started using port 39425
2021-08-27 12:19:17,234 [Listener at 127.0.0.1/43833] INFO  server.RaftServer (ConfUtils.java:logGet(44)) - raft.rpc.type = GRPC (default)
2021-08-27 12:19:17,234 [Listener at 127.0.0.1/43833] INFO  grpc.GrpcFactory (GrpcFactory.java:checkPooledByteBufAllocatorUseCacheForAllThreads(48)) - PERFORMANCE WARNING: useCacheForAllThreads is true that may cause Netty to create a lot garbage objects and, as a result, trigger GC.
	It is recommended to disable useCacheForAllThreads by setting -Dorg.apache.ratis.thirdparty.io.netty.allocator.useCacheForAllThreads=false in command line.
2021-08-27 12:19:17,234 [Listener at 127.0.0.1/43833] INFO  grpc.GrpcConfigKeys (ConfUtils.java:logGet(44)) - raft.grpc.admin.port = 0 (custom)
2021-08-27 12:19:17,235 [Listener at 127.0.0.1/43833] INFO  grpc.GrpcConfigKeys (ConfUtils.java:logGet(44)) - raft.grpc.client.port = 0 (custom)
2021-08-27 12:19:17,235 [Listener at 127.0.0.1/43833] INFO  grpc.GrpcConfigKeys (ConfUtils.java:logGet(44)) - raft.grpc.server.port = 0 (default)
2021-08-27 12:19:17,235 [Listener at 127.0.0.1/43833] INFO  server.GrpcService (ConfUtils.java:logGet(44)) - raft.grpc.message.size.max = 32MB (=33554432) (custom)
2021-08-27 12:19:17,235 [Listener at 127.0.0.1/43833] INFO  server.RaftServerConfigKeys (ConfUtils.java:logGet(44)) - raft.server.log.appender.buffer.byte-limit = 33554432 (custom)
2021-08-27 12:19:17,235 [Listener at 127.0.0.1/43833] INFO  server.GrpcService (ConfUtils.java:logGet(44)) - raft.grpc.flow.control.window = 5MB (=5242880) (custom)
2021-08-27 12:19:17,235 [Listener at 127.0.0.1/43833] INFO  server.RaftServerConfigKeys (ConfUtils.java:logGet(44)) - raft.server.rpc.request.timeout = 3000ms (default)
2021-08-27 12:19:17,236 [Listener at 127.0.0.1/43833] INFO  impl.DataStreamServerImpl (ConfUtils.java:logGet(44)) - raft.datastream.type = DISABLED (default)
2021-08-27 12:19:17,236 [Listener at 127.0.0.1/43833] INFO  server.RaftServerConfigKeys (ConfUtils.java:logGet(44)) - raft.server.rpc.slowness.timeout = 300000ms (custom)
2021-08-27 12:19:17,236 [Listener at 127.0.0.1/43833] INFO  server.RaftServerConfigKeys (ConfUtils.java:logGet(44)) - raft.server.leaderelection.leader.step-down.wait-time = 10s (default)
2021-08-27 12:19:17,236 [Listener at 127.0.0.1/43833] INFO  server.RaftServerConfigKeys (ConfUtils.java:logGet(44)) - raft.server.storage.dir = [/home/runner/work/ozone/ozone/hadoop-ozone/integration-test/target/test-dir/MiniOzoneClusterImpl-595ad429-f938-4b04-a1e1-fbbc785922f0/datanode-7/data/ratis] (custom)
2021-08-27 12:19:17,241 [Listener at 127.0.0.1/43833] INFO  http.BaseHttpServer (BaseHttpServer.java:newHttpServer2BuilderForOzone(209)) - Starting Web-server for hddsDatanode at: http://0.0.0.0:0
2021-08-27 12:19:17,241 [Listener at 127.0.0.1/43833] INFO  http.BaseHttpServer (BaseHttpServer.java:<init>(107)) - Hadoop Security Enabled: false Ozone Security Enabled: false Ozone HTTP Security Enabled: false 
2021-08-27 12:19:17,242 [Listener at 127.0.0.1/43833] INFO  server.AuthenticationFilter (AuthenticationFilter.java:constructSecretProvider(240)) - Unable to initialize FileSignerSecretProvider, falling back to use random secrets.
2021-08-27 12:19:17,244 [Listener at 127.0.0.1/43833] WARN  http.HttpRequestLog (HttpRequestLog.java:getRequestLog(103)) - Jetty request log can only be enabled using Log4j
2021-08-27 12:19:17,245 [Listener at 127.0.0.1/43833] INFO  http.HttpServer2 (HttpServer2.java:addGlobalFilter(1030)) - Added global filter 'safety' (class=org.apache.hadoop.hdds.server.http.HttpServer2$QuotingInputFilter)
2021-08-27 12:19:17,245 [Listener at 127.0.0.1/43833] INFO  http.HttpServer2 (HttpServer2.java:addFilter(1006)) - Added filter static_user_filter (class=org.apache.hadoop.http.lib.StaticUserWebFilter$StaticUserFilter) to context hddsDatanode
2021-08-27 12:19:17,245 [Listener at 127.0.0.1/43833] INFO  http.HttpServer2 (HttpServer2.java:addFilter(1014)) - Added filter static_user_filter (class=org.apache.hadoop.http.lib.StaticUserWebFilter$StaticUserFilter) to context logs
2021-08-27 12:19:17,245 [Listener at 127.0.0.1/43833] INFO  http.HttpServer2 (HttpServer2.java:addFilter(1014)) - Added filter static_user_filter (class=org.apache.hadoop.http.lib.StaticUserWebFilter$StaticUserFilter) to context static
2021-08-27 12:19:17,245 [Listener at 127.0.0.1/43833] INFO  http.HttpServer2 (HttpServer2.java:bindListener(1249)) - Jetty bound to port 40831
2021-08-27 12:19:17,246 [Listener at 127.0.0.1/43833] INFO  server.Server (Server.java:doStart(375)) - jetty-9.4.43.v20210629; built: 2021-06-30T11:07:22.254Z; git: 526006ecfa3af7f1a27ef3a288e2bef7ea9dd7e8; jvm 1.8.0_292-b10
2021-08-27 12:19:17,250 [org.apache.ratis.util.JvmPauseMonitor$$Lambda$531/1692429552@7e38d1d4] INFO  util.JvmPauseMonitor (JvmPauseMonitor.java:run(103)) - JvmPauseMonitor-97469cba-ac70-4b4e-8b1d-7d1e4e3cf9ac: Started
2021-08-27 12:19:17,269 [Listener at 127.0.0.1/43833] INFO  server.session (DefaultSessionIdManager.java:doStart(334)) - DefaultSessionIdManager workerName=node0
2021-08-27 12:19:17,269 [Listener at 127.0.0.1/43833] INFO  server.session (DefaultSessionIdManager.java:doStart(339)) - No SessionScavenger set, using defaults
2021-08-27 12:19:17,269 [Listener at 127.0.0.1/43833] INFO  server.session (HouseKeeper.java:startScavenging(132)) - node0 Scavenging every 600000ms
2021-08-27 12:19:17,274 [Listener at 127.0.0.1/43833] INFO  handler.ContextHandler (ContextHandler.java:doStart(915)) - Started o.e.j.s.ServletContextHandler@59b80558{logs,/logs,file:///home/runner/work/ozone/ozone/hadoop-ozone/integration-test/target/log,AVAILABLE}
2021-08-27 12:19:17,274 [Listener at 127.0.0.1/43833] INFO  handler.ContextHandler (ContextHandler.java:doStart(915)) - Started o.e.j.s.ServletContextHandler@18f1e506{static,/static,jar:file:/home/runner/.m2/repository/org/apache/ozone/hdds-container-service/1.2.0-SNAPSHOT/hdds-container-service-1.2.0-SNAPSHOT.jar!/webapps/static,AVAILABLE}
2021-08-27 12:19:17,321 [Listener at 127.0.0.1/43833] INFO  handler.ContextHandler (ContextHandler.java:doStart(915)) - Started o.e.j.w.WebAppContext@6c7aff0d{hddsDatanode,/,file:///tmp/jetty-0_0_0_0-40831-hdds-container-service-1_2_0-SNAPSHOT_jar-_-any-2879447970656240879/webapp/,AVAILABLE}{jar:file:/home/runner/.m2/repository/org/apache/ozone/hdds-container-service/1.2.0-SNAPSHOT/hdds-container-service-1.2.0-SNAPSHOT.jar!/webapps/hddsDatanode}
2021-08-27 12:19:17,345 [Listener at 127.0.0.1/43833] INFO  server.AbstractConnector (AbstractConnector.java:doStart(331)) - Started ServerConnector@1825307c{HTTP/1.1, (http/1.1)}{0.0.0.0:40831}
2021-08-27 12:19:17,345 [Listener at 127.0.0.1/43833] INFO  server.Server (Server.java:doStart(415)) - Started @178177ms
2021-08-27 12:19:17,345 [Listener at 127.0.0.1/43833] WARN  impl.MetricsSystemImpl (MetricsSystemImpl.java:register(279)) - Sink prometheus already exists!
2021-08-27 12:19:17,346 [Listener at 127.0.0.1/43833] INFO  http.BaseHttpServer (BaseHttpServer.java:updateConnectorAddress(329)) - HTTP server of hddsDatanode listening at http://0.0.0.0:40831
2021-08-27 12:19:17,346 [Listener at 127.0.0.1/43833] WARN  impl.MetricRegistriesImpl (MetricRegistriesImpl.java:addReporterRegistration(111)) - New reporters are added after registries were created. Some metrics will be missing from the reporter. Please add reporter before adding any new registry.
2021-08-27 12:19:17,346 [Listener at 127.0.0.1/43833] WARN  impl.MetricRegistriesImpl (MetricRegistriesImpl.java:addReporterRegistration(111)) - New reporters are added after registries were created. Some metrics will be missing from the reporter. Please add reporter before adding any new registry.
2021-08-27 12:19:17,346 [Listener at 127.0.0.1/43833] INFO  impl.MetricsSystemImpl (MetricsSystemImpl.java:init(158)) - HddsDatanode metrics system started (again)
2021-08-27 12:19:17,368 [Listener at 127.0.0.1/43833] INFO  ozone.HddsDatanodeService (HddsDatanodeService.java:start(234)) - HddsDatanodeService host:fv-az122-729.zf1tlrj3kn4expqppa1j4mpycf.xx.internal.cloudapp.net ip:10.1.0.9
2021-08-27 12:19:17,398 [org.apache.hadoop.util.JvmPauseMonitor$Monitor@63f5af1f] INFO  util.JvmPauseMonitor (JvmPauseMonitor.java:run(188)) - Starting JVM pause monitor
2021-08-27 12:19:17,414 [Listener at 127.0.0.1/43833] INFO  upgrade.AbstractLayoutVersionManager (AbstractLayoutVersionManager.java:init(70)) - Initializing Layout version manager with metadata layout = SCM_HA (version = 2), software layout = SCM_HA (version = 2)
2021-08-27 12:19:17,427 [Datanode State Machine Task Thread - 0] INFO  datanode.InitDatanodeState (InitDatanodeState.java:persistContainerDatanodeDetails(145)) - DatanodeDetails is persisted to /home/runner/work/ozone/ozone/hadoop-ozone/integration-test/target/test-dir/MiniOzoneClusterImpl-595ad429-f938-4b04-a1e1-fbbc785922f0/datanode-7/meta/datanode.id
2021-08-27 12:19:17,479 [Listener at 127.0.0.1/43833] INFO  reflections.Reflections (Reflections.java:scan(232)) - Reflections took 63 ms to scan 7 urls, producing 120 keys and 275 values 
2021-08-27 12:19:17,481 [Listener at 127.0.0.1/43833] INFO  volume.HddsVolume (HddsVolume.java:<init>(120)) - Creating HddsVolume: /home/runner/work/ozone/ozone/hadoop-ozone/integration-test/target/test-dir/MiniOzoneClusterImpl-595ad429-f938-4b04-a1e1-fbbc785922f0/datanode-8/data-0/containers/hdds of storage type : DISK capacity : 9223372036854775807
2021-08-27 12:19:17,481 [Listener at 127.0.0.1/43833] INFO  volume.MutableVolumeSet (MutableVolumeSet.java:initializeVolumeSet(181)) - Added Volume : /home/runner/work/ozone/ozone/hadoop-ozone/integration-test/target/test-dir/MiniOzoneClusterImpl-595ad429-f938-4b04-a1e1-fbbc785922f0/datanode-8/data-0/containers/hdds to VolumeSet
2021-08-27 12:19:17,482 [Listener at 127.0.0.1/43833] INFO  volume.ThrottledAsyncChecker (ThrottledAsyncChecker.java:schedule(141)) - Scheduling a check for /home/runner/work/ozone/ozone/hadoop-ozone/integration-test/target/test-dir/MiniOzoneClusterImpl-595ad429-f938-4b04-a1e1-fbbc785922f0/datanode-8/data-0/containers/hdds
2021-08-27 12:19:17,488 [Listener at 127.0.0.1/43833] INFO  volume.StorageVolumeChecker (StorageVolumeChecker.java:checkAllVolumes(202)) - Scheduled health check for volume /home/runner/work/ozone/ozone/hadoop-ozone/integration-test/target/test-dir/MiniOzoneClusterImpl-595ad429-f938-4b04-a1e1-fbbc785922f0/datanode-8/data-0/containers/hdds
2021-08-27 12:19:17,506 [Listener at 127.0.0.1/43833] INFO  volume.MutableVolumeSet (MutableVolumeSet.java:initializeVolumeSet(181)) - Added Volume : /home/runner/work/ozone/ozone/hadoop-ozone/integration-test/target/test-dir/MiniOzoneClusterImpl-595ad429-f938-4b04-a1e1-fbbc785922f0/datanode-8/data/ratis to VolumeSet
2021-08-27 12:19:17,512 [Listener at 127.0.0.1/43833] INFO  volume.ThrottledAsyncChecker (ThrottledAsyncChecker.java:schedule(141)) - Scheduling a check for /home/runner/work/ozone/ozone/hadoop-ozone/integration-test/target/test-dir/MiniOzoneClusterImpl-595ad429-f938-4b04-a1e1-fbbc785922f0/datanode-8/data/ratis
2021-08-27 12:19:17,512 [Listener at 127.0.0.1/43833] INFO  volume.StorageVolumeChecker (StorageVolumeChecker.java:checkAllVolumes(202)) - Scheduled health check for volume /home/runner/work/ozone/ozone/hadoop-ozone/integration-test/target/test-dir/MiniOzoneClusterImpl-595ad429-f938-4b04-a1e1-fbbc785922f0/datanode-8/data/ratis
2021-08-27 12:19:17,526 [Listener at 127.0.0.1/43833] INFO  ozoneimpl.ContainerReader (ContainerReader.java:<init>(98)) - Running in upgrade mode:true
2021-08-27 12:19:17,527 [Thread-1378] INFO  ozoneimpl.ContainerReader (ContainerReader.java:readVolume(142)) - Start to verify containers on volume /home/runner/work/ozone/ozone/hadoop-ozone/integration-test/target/test-dir/MiniOzoneClusterImpl-595ad429-f938-4b04-a1e1-fbbc785922f0/datanode-8/data-0/containers/hdds
2021-08-27 12:19:17,528 [EndpointStateMachine task thread for /0.0.0.0:34203 - 0 ] INFO  ozoneimpl.OzoneContainer (OzoneContainer.java:start(305)) - Attempting to start container services.
2021-08-27 12:19:17,528 [EndpointStateMachine task thread for /0.0.0.0:34203 - 0 ] INFO  ozoneimpl.OzoneContainer (OzoneContainer.java:startContainerScrub(250)) - Background container scanner has been disabled.
2021-08-27 12:19:17,529 [EndpointStateMachine task thread for /0.0.0.0:34203 - 0 ] INFO  replication.ReplicationServer (ReplicationServer.java:start(107)) - ReplicationServer is started using port 35351
2021-08-27 12:19:17,529 [Thread-1378] INFO  ozoneimpl.ContainerReader (ContainerReader.java:readVolume(174)) - Finish verifying containers on volume /home/runner/work/ozone/ozone/hadoop-ozone/integration-test/target/test-dir/MiniOzoneClusterImpl-595ad429-f938-4b04-a1e1-fbbc785922f0/datanode-8/data-0/containers/hdds
2021-08-27 12:19:17,529 [Listener at 127.0.0.1/43833] INFO  ozoneimpl.OzoneContainer (OzoneContainer.java:buildContainerSet(237)) - Build ContainerSet costs 0s
2021-08-27 12:19:17,530 [Listener at 127.0.0.1/43833] INFO  server.RaftServer (ConfUtils.java:logGet(44)) - raft.rpc.type = GRPC (default)
2021-08-27 12:19:17,530 [Listener at 127.0.0.1/43833] INFO  grpc.GrpcFactory (GrpcFactory.java:checkPooledByteBufAllocatorUseCacheForAllThreads(48)) - PERFORMANCE WARNING: useCacheForAllThreads is true that may cause Netty to create a lot garbage objects and, as a result, trigger GC.
	It is recommended to disable useCacheForAllThreads by setting -Dorg.apache.ratis.thirdparty.io.netty.allocator.useCacheForAllThreads=false in command line.
2021-08-27 12:19:17,530 [Listener at 127.0.0.1/43833] INFO  grpc.GrpcConfigKeys (ConfUtils.java:logGet(44)) - raft.grpc.admin.port = 0 (custom)
2021-08-27 12:19:17,531 [Listener at 127.0.0.1/43833] INFO  grpc.GrpcConfigKeys (ConfUtils.java:logGet(44)) - raft.grpc.client.port = 0 (custom)
2021-08-27 12:19:17,531 [Listener at 127.0.0.1/43833] INFO  grpc.GrpcConfigKeys (ConfUtils.java:logGet(44)) - raft.grpc.server.port = 0 (default)
2021-08-27 12:19:17,531 [Listener at 127.0.0.1/43833] INFO  server.GrpcService (ConfUtils.java:logGet(44)) - raft.grpc.message.size.max = 32MB (=33554432) (custom)
2021-08-27 12:19:17,531 [Listener at 127.0.0.1/43833] INFO  server.RaftServerConfigKeys (ConfUtils.java:logGet(44)) - raft.server.log.appender.buffer.byte-limit = 33554432 (custom)
2021-08-27 12:19:17,531 [Listener at 127.0.0.1/43833] INFO  server.GrpcService (ConfUtils.java:logGet(44)) - raft.grpc.flow.control.window = 5MB (=5242880) (custom)
2021-08-27 12:19:17,531 [Listener at 127.0.0.1/43833] INFO  server.RaftServerConfigKeys (ConfUtils.java:logGet(44)) - raft.server.rpc.request.timeout = 3000ms (default)
2021-08-27 12:19:17,532 [Listener at 127.0.0.1/43833] INFO  impl.DataStreamServerImpl (ConfUtils.java:logGet(44)) - raft.datastream.type = DISABLED (default)
2021-08-27 12:19:17,532 [Listener at 127.0.0.1/43833] INFO  server.RaftServerConfigKeys (ConfUtils.java:logGet(44)) - raft.server.rpc.slowness.timeout = 300000ms (custom)
2021-08-27 12:19:17,532 [Listener at 127.0.0.1/43833] INFO  server.RaftServerConfigKeys (ConfUtils.java:logGet(44)) - raft.server.leaderelection.leader.step-down.wait-time = 10s (default)
2021-08-27 12:19:17,532 [Listener at 127.0.0.1/43833] INFO  server.RaftServerConfigKeys (ConfUtils.java:logGet(44)) - raft.server.storage.dir = [/home/runner/work/ozone/ozone/hadoop-ozone/integration-test/target/test-dir/MiniOzoneClusterImpl-595ad429-f938-4b04-a1e1-fbbc785922f0/datanode-8/data/ratis] (custom)
2021-08-27 12:19:17,542 [EndpointStateMachine task thread for /0.0.0.0:34203 - 0 ] INFO  ratis.XceiverServerRatis (XceiverServerRatis.java:start(482)) - Starting XceiverServerRatis f890e39a-5838-4db2-99cf-760c0a4a7b9f
2021-08-27 12:19:17,545 [EndpointStateMachine task thread for /0.0.0.0:34203 - 0 ] INFO  server.RaftServer (RaftServerProxy.java:lambda$start$5(374)) - f890e39a-5838-4db2-99cf-760c0a4a7b9f: start RPC server
2021-08-27 12:19:17,553 [EndpointStateMachine task thread for /0.0.0.0:34203 - 0 ] INFO  server.GrpcService (GrpcService.java:startImpl(253)) - f890e39a-5838-4db2-99cf-760c0a4a7b9f: GrpcService started, listening on 38659
2021-08-27 12:19:17,558 [EndpointStateMachine task thread for /0.0.0.0:34203 - 0 ] INFO  ratis.XceiverServerRatis (XceiverServerRatis.java:getRealPort(503)) - XceiverServerRatis f890e39a-5838-4db2-99cf-760c0a4a7b9f is started using port 38659 for RATIS
2021-08-27 12:19:17,558 [EndpointStateMachine task thread for /0.0.0.0:34203 - 0 ] INFO  ratis.XceiverServerRatis (XceiverServerRatis.java:getRealPort(503)) - XceiverServerRatis f890e39a-5838-4db2-99cf-760c0a4a7b9f is started using port 38659 for RATIS_ADMIN
2021-08-27 12:19:17,558 [EndpointStateMachine task thread for /0.0.0.0:34203 - 0 ] INFO  ratis.XceiverServerRatis (XceiverServerRatis.java:getRealPort(503)) - XceiverServerRatis f890e39a-5838-4db2-99cf-760c0a4a7b9f is started using port 38659 for RATIS_SERVER
2021-08-27 12:19:17,559 [EndpointStateMachine task thread for /0.0.0.0:34203 - 0 ] INFO  server.XceiverServerGrpc (XceiverServerGrpc.java:start(135)) - XceiverServerGrpc f890e39a-5838-4db2-99cf-760c0a4a7b9f is started using port 39183
2021-08-27 12:19:17,559 [org.apache.ratis.util.JvmPauseMonitor$$Lambda$531/1692429552@209f87c8] INFO  util.JvmPauseMonitor (JvmPauseMonitor.java:run(103)) - JvmPauseMonitor-f890e39a-5838-4db2-99cf-760c0a4a7b9f: Started
2021-08-27 12:19:17,582 [Listener at 127.0.0.1/43833] INFO  http.BaseHttpServer (BaseHttpServer.java:newHttpServer2BuilderForOzone(209)) - Starting Web-server for hddsDatanode at: http://0.0.0.0:0
2021-08-27 12:19:17,582 [Listener at 127.0.0.1/43833] INFO  http.BaseHttpServer (BaseHttpServer.java:<init>(107)) - Hadoop Security Enabled: false Ozone Security Enabled: false Ozone HTTP Security Enabled: false 
2021-08-27 12:19:17,583 [Listener at 127.0.0.1/43833] INFO  server.AuthenticationFilter (AuthenticationFilter.java:constructSecretProvider(240)) - Unable to initialize FileSignerSecretProvider, falling back to use random secrets.
2021-08-27 12:19:17,583 [Listener at 127.0.0.1/43833] WARN  http.HttpRequestLog (HttpRequestLog.java:getRequestLog(103)) - Jetty request log can only be enabled using Log4j
2021-08-27 12:19:17,584 [Listener at 127.0.0.1/43833] INFO  http.HttpServer2 (HttpServer2.java:addGlobalFilter(1030)) - Added global filter 'safety' (class=org.apache.hadoop.hdds.server.http.HttpServer2$QuotingInputFilter)
2021-08-27 12:19:17,584 [Listener at 127.0.0.1/43833] INFO  http.HttpServer2 (HttpServer2.java:addFilter(1006)) - Added filter static_user_filter (class=org.apache.hadoop.http.lib.StaticUserWebFilter$StaticUserFilter) to context hddsDatanode
2021-08-27 12:19:17,584 [Listener at 127.0.0.1/43833] INFO  http.HttpServer2 (HttpServer2.java:addFilter(1014)) - Added filter static_user_filter (class=org.apache.hadoop.http.lib.StaticUserWebFilter$StaticUserFilter) to context logs
2021-08-27 12:19:17,584 [Listener at 127.0.0.1/43833] INFO  http.HttpServer2 (HttpServer2.java:addFilter(1014)) - Added filter static_user_filter (class=org.apache.hadoop.http.lib.StaticUserWebFilter$StaticUserFilter) to context static
2021-08-27 12:19:17,585 [Listener at 127.0.0.1/43833] INFO  http.HttpServer2 (HttpServer2.java:bindListener(1249)) - Jetty bound to port 41413
2021-08-27 12:19:17,585 [Listener at 127.0.0.1/43833] INFO  server.Server (Server.java:doStart(375)) - jetty-9.4.43.v20210629; built: 2021-06-30T11:07:22.254Z; git: 526006ecfa3af7f1a27ef3a288e2bef7ea9dd7e8; jvm 1.8.0_292-b10
2021-08-27 12:19:17,588 [Listener at 127.0.0.1/43833] INFO  server.session (DefaultSessionIdManager.java:doStart(334)) - DefaultSessionIdManager workerName=node0
2021-08-27 12:19:17,588 [Listener at 127.0.0.1/43833] INFO  server.session (DefaultSessionIdManager.java:doStart(339)) - No SessionScavenger set, using defaults
2021-08-27 12:19:17,588 [Listener at 127.0.0.1/43833] INFO  server.session (HouseKeeper.java:startScavenging(132)) - node0 Scavenging every 660000ms
2021-08-27 12:19:17,589 [Listener at 127.0.0.1/43833] INFO  handler.ContextHandler (ContextHandler.java:doStart(915)) - Started o.e.j.s.ServletContextHandler@6dd22470{logs,/logs,file:///home/runner/work/ozone/ozone/hadoop-ozone/integration-test/target/log,AVAILABLE}
2021-08-27 12:19:17,589 [Listener at 127.0.0.1/43833] INFO  handler.ContextHandler (ContextHandler.java:doStart(915)) - Started o.e.j.s.ServletContextHandler@6abcda34{static,/static,jar:file:/home/runner/.m2/repository/org/apache/ozone/hdds-container-service/1.2.0-SNAPSHOT/hdds-container-service-1.2.0-SNAPSHOT.jar!/webapps/static,AVAILABLE}
2021-08-27 12:19:17,691 [Listener at 127.0.0.1/43833] INFO  handler.ContextHandler (ContextHandler.java:doStart(915)) - Started o.e.j.w.WebAppContext@51ebe1be{hddsDatanode,/,file:///tmp/jetty-0_0_0_0-41413-hdds-container-service-1_2_0-SNAPSHOT_jar-_-any-631123667523637992/webapp/,AVAILABLE}{jar:file:/home/runner/.m2/repository/org/apache/ozone/hdds-container-service/1.2.0-SNAPSHOT/hdds-container-service-1.2.0-SNAPSHOT.jar!/webapps/hddsDatanode}
2021-08-27 12:19:17,720 [Listener at 127.0.0.1/43833] INFO  server.AbstractConnector (AbstractConnector.java:doStart(331)) - Started ServerConnector@3c7580f5{HTTP/1.1, (http/1.1)}{0.0.0.0:41413}
2021-08-27 12:19:17,720 [Listener at 127.0.0.1/43833] INFO  server.Server (Server.java:doStart(415)) - Started @178552ms
2021-08-27 12:19:17,720 [Listener at 127.0.0.1/43833] WARN  impl.MetricsSystemImpl (MetricsSystemImpl.java:register(279)) - Sink prometheus already exists!
2021-08-27 12:19:17,721 [Listener at 127.0.0.1/43833] INFO  http.BaseHttpServer (BaseHttpServer.java:updateConnectorAddress(329)) - HTTP server of hddsDatanode listening at http://0.0.0.0:41413
2021-08-27 12:19:17,726 [Listener at 127.0.0.1/43833] INFO  ozone.MiniOzoneClusterImpl (MiniOzoneClusterImpl.java:lambda$waitForClusterToBeReady$0(235)) - Waiting for nodes to be ready. Got 0 of 9 DN Heartbeats.
2021-08-27 12:19:17,726 [Listener at 127.0.0.1/43833] INFO  ozone.MiniOzoneClusterImpl (MiniOzoneClusterImpl.java:lambda$waitForClusterToBeReady$0(238)) - Waiting for cluster to exit safe mode
2021-08-27 12:19:17,726 [Listener at 127.0.0.1/43833] INFO  ozone.MiniOzoneClusterImpl (MiniOzoneClusterImpl.java:lambda$waitForClusterToBeReady$0(240)) - SCM became leader
2021-08-27 12:19:17,784 [org.apache.hadoop.util.JvmPauseMonitor$Monitor@72c5e81d] INFO  util.JvmPauseMonitor (JvmPauseMonitor.java:run(188)) - Starting JVM pause monitor
2021-08-27 12:19:17,792 [Datanode State Machine Task Thread - 0] INFO  datanode.InitDatanodeState (InitDatanodeState.java:persistContainerDatanodeDetails(145)) - DatanodeDetails is persisted to /home/runner/work/ozone/ozone/hadoop-ozone/integration-test/target/test-dir/MiniOzoneClusterImpl-595ad429-f938-4b04-a1e1-fbbc785922f0/datanode-8/meta/datanode.id
2021-08-27 12:19:17,862 [EndpointStateMachine task thread for /0.0.0.0:34203 - 0 ] INFO  ozoneimpl.OzoneContainer (OzoneContainer.java:start(305)) - Attempting to start container services.
2021-08-27 12:19:17,862 [EndpointStateMachine task thread for /0.0.0.0:34203 - 0 ] INFO  ozoneimpl.OzoneContainer (OzoneContainer.java:startContainerScrub(250)) - Background container scanner has been disabled.
2021-08-27 12:19:17,863 [EndpointStateMachine task thread for /0.0.0.0:34203 - 0 ] INFO  replication.ReplicationServer (ReplicationServer.java:start(107)) - ReplicationServer is started using port 39075
2021-08-27 12:19:17,863 [EndpointStateMachine task thread for /0.0.0.0:34203 - 0 ] INFO  ratis.XceiverServerRatis (XceiverServerRatis.java:start(482)) - Starting XceiverServerRatis dd2b24ff-1eae-4a3e-81dc-b04424e7f942
2021-08-27 12:19:17,863 [EndpointStateMachine task thread for /0.0.0.0:34203 - 0 ] INFO  server.RaftServer (RaftServerProxy.java:lambda$start$5(374)) - dd2b24ff-1eae-4a3e-81dc-b04424e7f942: start RPC server
2021-08-27 12:19:17,864 [EndpointStateMachine task thread for /0.0.0.0:34203 - 0 ] INFO  server.GrpcService (GrpcService.java:startImpl(253)) - dd2b24ff-1eae-4a3e-81dc-b04424e7f942: GrpcService started, listening on 39127
2021-08-27 12:19:17,864 [EndpointStateMachine task thread for /0.0.0.0:34203 - 0 ] INFO  ratis.XceiverServerRatis (XceiverServerRatis.java:getRealPort(503)) - XceiverServerRatis dd2b24ff-1eae-4a3e-81dc-b04424e7f942 is started using port 39127 for RATIS
2021-08-27 12:19:17,864 [EndpointStateMachine task thread for /0.0.0.0:34203 - 0 ] INFO  ratis.XceiverServerRatis (XceiverServerRatis.java:getRealPort(503)) - XceiverServerRatis dd2b24ff-1eae-4a3e-81dc-b04424e7f942 is started using port 39127 for RATIS_ADMIN
2021-08-27 12:19:17,864 [EndpointStateMachine task thread for /0.0.0.0:34203 - 0 ] INFO  ratis.XceiverServerRatis (XceiverServerRatis.java:getRealPort(503)) - XceiverServerRatis dd2b24ff-1eae-4a3e-81dc-b04424e7f942 is started using port 39127 for RATIS_SERVER
2021-08-27 12:19:17,864 [EndpointStateMachine task thread for /0.0.0.0:34203 - 0 ] INFO  server.XceiverServerGrpc (XceiverServerGrpc.java:start(135)) - XceiverServerGrpc dd2b24ff-1eae-4a3e-81dc-b04424e7f942 is started using port 44719
2021-08-27 12:19:17,883 [org.apache.ratis.util.JvmPauseMonitor$$Lambda$531/1692429552@265d36de] INFO  util.JvmPauseMonitor (JvmPauseMonitor.java:run(103)) - JvmPauseMonitor-dd2b24ff-1eae-4a3e-81dc-b04424e7f942: Started
2021-08-27 12:19:18,117 [EndpointStateMachine task thread for /0.0.0.0:34203 - 0 ] INFO  ozoneimpl.OzoneContainer (OzoneContainer.java:start(305)) - Attempting to start container services.
2021-08-27 12:19:18,118 [EndpointStateMachine task thread for /0.0.0.0:34203 - 0 ] INFO  ozoneimpl.OzoneContainer (OzoneContainer.java:startContainerScrub(250)) - Background container scanner has been disabled.
2021-08-27 12:19:18,118 [EndpointStateMachine task thread for /0.0.0.0:34203 - 0 ] INFO  replication.ReplicationServer (ReplicationServer.java:start(107)) - ReplicationServer is started using port 34719
2021-08-27 12:19:18,118 [EndpointStateMachine task thread for /0.0.0.0:34203 - 0 ] INFO  ratis.XceiverServerRatis (XceiverServerRatis.java:start(482)) - Starting XceiverServerRatis 1627f0ec-3267-4946-a770-cb64d6080904
2021-08-27 12:19:18,119 [EndpointStateMachine task thread for /0.0.0.0:34203 - 0 ] INFO  server.RaftServer (RaftServerProxy.java:lambda$start$5(374)) - 1627f0ec-3267-4946-a770-cb64d6080904: start RPC server
2021-08-27 12:19:18,120 [EndpointStateMachine task thread for /0.0.0.0:34203 - 0 ] INFO  server.GrpcService (GrpcService.java:startImpl(253)) - 1627f0ec-3267-4946-a770-cb64d6080904: GrpcService started, listening on 39909
2021-08-27 12:19:18,121 [EndpointStateMachine task thread for /0.0.0.0:34203 - 0 ] INFO  ratis.XceiverServerRatis (XceiverServerRatis.java:getRealPort(503)) - XceiverServerRatis 1627f0ec-3267-4946-a770-cb64d6080904 is started using port 39909 for RATIS
2021-08-27 12:19:18,121 [org.apache.ratis.util.JvmPauseMonitor$$Lambda$531/1692429552@36b1dc64] INFO  util.JvmPauseMonitor (JvmPauseMonitor.java:run(103)) - JvmPauseMonitor-1627f0ec-3267-4946-a770-cb64d6080904: Started
2021-08-27 12:19:18,121 [EndpointStateMachine task thread for /0.0.0.0:34203 - 0 ] INFO  ratis.XceiverServerRatis (XceiverServerRatis.java:getRealPort(503)) - XceiverServerRatis 1627f0ec-3267-4946-a770-cb64d6080904 is started using port 39909 for RATIS_ADMIN
2021-08-27 12:19:18,121 [EndpointStateMachine task thread for /0.0.0.0:34203 - 0 ] INFO  ratis.XceiverServerRatis (XceiverServerRatis.java:getRealPort(503)) - XceiverServerRatis 1627f0ec-3267-4946-a770-cb64d6080904 is started using port 39909 for RATIS_SERVER
2021-08-27 12:19:18,121 [EndpointStateMachine task thread for /0.0.0.0:34203 - 0 ] INFO  server.XceiverServerGrpc (XceiverServerGrpc.java:start(135)) - XceiverServerGrpc 1627f0ec-3267-4946-a770-cb64d6080904 is started using port 42461
2021-08-27 12:19:18,438 [EndpointStateMachine task thread for /0.0.0.0:34203 - 0 ] INFO  ozoneimpl.OzoneContainer (OzoneContainer.java:start(305)) - Attempting to start container services.
2021-08-27 12:19:18,438 [EndpointStateMachine task thread for /0.0.0.0:34203 - 0 ] INFO  ozoneimpl.OzoneContainer (OzoneContainer.java:startContainerScrub(250)) - Background container scanner has been disabled.
2021-08-27 12:19:18,438 [EndpointStateMachine task thread for /0.0.0.0:34203 - 0 ] INFO  replication.ReplicationServer (ReplicationServer.java:start(107)) - ReplicationServer is started using port 43661
2021-08-27 12:19:18,439 [EndpointStateMachine task thread for /0.0.0.0:34203 - 0 ] INFO  ratis.XceiverServerRatis (XceiverServerRatis.java:start(482)) - Starting XceiverServerRatis 8406e4c7-9c64-45ff-a753-663392bee600
2021-08-27 12:19:18,439 [EndpointStateMachine task thread for /0.0.0.0:34203 - 0 ] INFO  server.RaftServer (RaftServerProxy.java:lambda$start$5(374)) - 8406e4c7-9c64-45ff-a753-663392bee600: start RPC server
2021-08-27 12:19:18,444 [EndpointStateMachine task thread for /0.0.0.0:34203 - 0 ] INFO  server.GrpcService (GrpcService.java:startImpl(253)) - 8406e4c7-9c64-45ff-a753-663392bee600: GrpcService started, listening on 43903
2021-08-27 12:19:18,447 [EndpointStateMachine task thread for /0.0.0.0:34203 - 0 ] INFO  ratis.XceiverServerRatis (XceiverServerRatis.java:getRealPort(503)) - XceiverServerRatis 8406e4c7-9c64-45ff-a753-663392bee600 is started using port 43903 for RATIS
2021-08-27 12:19:18,447 [EndpointStateMachine task thread for /0.0.0.0:34203 - 0 ] INFO  ratis.XceiverServerRatis (XceiverServerRatis.java:getRealPort(503)) - XceiverServerRatis 8406e4c7-9c64-45ff-a753-663392bee600 is started using port 43903 for RATIS_ADMIN
2021-08-27 12:19:18,447 [EndpointStateMachine task thread for /0.0.0.0:34203 - 0 ] INFO  ratis.XceiverServerRatis (XceiverServerRatis.java:getRealPort(503)) - XceiverServerRatis 8406e4c7-9c64-45ff-a753-663392bee600 is started using port 43903 for RATIS_SERVER
2021-08-27 12:19:18,447 [EndpointStateMachine task thread for /0.0.0.0:34203 - 0 ] INFO  server.XceiverServerGrpc (XceiverServerGrpc.java:start(135)) - XceiverServerGrpc 8406e4c7-9c64-45ff-a753-663392bee600 is started using port 34477
2021-08-27 12:19:18,466 [org.apache.ratis.util.JvmPauseMonitor$$Lambda$531/1692429552@1ba5e774] INFO  util.JvmPauseMonitor (JvmPauseMonitor.java:run(103)) - JvmPauseMonitor-8406e4c7-9c64-45ff-a753-663392bee600: Started
2021-08-27 12:19:18,721 [EndpointStateMachine task thread for /0.0.0.0:34203 - 0 ] INFO  ozoneimpl.OzoneContainer (OzoneContainer.java:start(305)) - Attempting to start container services.
2021-08-27 12:19:18,721 [EndpointStateMachine task thread for /0.0.0.0:34203 - 0 ] INFO  ozoneimpl.OzoneContainer (OzoneContainer.java:startContainerScrub(250)) - Background container scanner has been disabled.
2021-08-27 12:19:18,727 [Listener at 127.0.0.1/43833] INFO  ozone.MiniOzoneClusterImpl (MiniOzoneClusterImpl.java:lambda$waitForClusterToBeReady$0(235)) - Waiting for nodes to be ready. Got 0 of 9 DN Heartbeats.
2021-08-27 12:19:18,727 [Listener at 127.0.0.1/43833] INFO  ozone.MiniOzoneClusterImpl (MiniOzoneClusterImpl.java:lambda$waitForClusterToBeReady$0(238)) - Waiting for cluster to exit safe mode
2021-08-27 12:19:18,727 [Listener at 127.0.0.1/43833] INFO  ozone.MiniOzoneClusterImpl (MiniOzoneClusterImpl.java:lambda$waitForClusterToBeReady$0(240)) - SCM became leader
2021-08-27 12:19:18,728 [EndpointStateMachine task thread for /0.0.0.0:34203 - 0 ] INFO  replication.ReplicationServer (ReplicationServer.java:start(107)) - ReplicationServer is started using port 44289
2021-08-27 12:19:18,728 [EndpointStateMachine task thread for /0.0.0.0:34203 - 0 ] INFO  ratis.XceiverServerRatis (XceiverServerRatis.java:start(482)) - Starting XceiverServerRatis 0bc7842a-14bb-4f31-a0ca-67e37dbbf265
2021-08-27 12:19:18,729 [EndpointStateMachine task thread for /0.0.0.0:34203 - 0 ] INFO  server.RaftServer (RaftServerProxy.java:lambda$start$5(374)) - 0bc7842a-14bb-4f31-a0ca-67e37dbbf265: start RPC server
2021-08-27 12:19:18,730 [EndpointStateMachine task thread for /0.0.0.0:34203 - 0 ] INFO  server.GrpcService (GrpcService.java:startImpl(253)) - 0bc7842a-14bb-4f31-a0ca-67e37dbbf265: GrpcService started, listening on 39103
2021-08-27 12:19:18,730 [EndpointStateMachine task thread for /0.0.0.0:34203 - 0 ] INFO  ratis.XceiverServerRatis (XceiverServerRatis.java:getRealPort(503)) - XceiverServerRatis 0bc7842a-14bb-4f31-a0ca-67e37dbbf265 is started using port 39103 for RATIS
2021-08-27 12:19:18,730 [EndpointStateMachine task thread for /0.0.0.0:34203 - 0 ] INFO  ratis.XceiverServerRatis (XceiverServerRatis.java:getRealPort(503)) - XceiverServerRatis 0bc7842a-14bb-4f31-a0ca-67e37dbbf265 is started using port 39103 for RATIS_ADMIN
2021-08-27 12:19:18,730 [EndpointStateMachine task thread for /0.0.0.0:34203 - 0 ] INFO  ratis.XceiverServerRatis (XceiverServerRatis.java:getRealPort(503)) - XceiverServerRatis 0bc7842a-14bb-4f31-a0ca-67e37dbbf265 is started using port 39103 for RATIS_SERVER
2021-08-27 12:19:18,730 [org.apache.ratis.util.JvmPauseMonitor$$Lambda$531/1692429552@1bb50f41] INFO  util.JvmPauseMonitor (JvmPauseMonitor.java:run(103)) - JvmPauseMonitor-0bc7842a-14bb-4f31-a0ca-67e37dbbf265: Started
2021-08-27 12:19:18,731 [EndpointStateMachine task thread for /0.0.0.0:34203 - 0 ] INFO  server.XceiverServerGrpc (XceiverServerGrpc.java:start(135)) - XceiverServerGrpc 0bc7842a-14bb-4f31-a0ca-67e37dbbf265 is started using port 42113
2021-08-27 12:19:19,000 [EndpointStateMachine task thread for /0.0.0.0:34203 - 0 ] INFO  ozoneimpl.OzoneContainer (OzoneContainer.java:start(305)) - Attempting to start container services.
2021-08-27 12:19:19,000 [EndpointStateMachine task thread for /0.0.0.0:34203 - 0 ] INFO  ozoneimpl.OzoneContainer (OzoneContainer.java:startContainerScrub(250)) - Background container scanner has been disabled.
2021-08-27 12:19:19,002 [EndpointStateMachine task thread for /0.0.0.0:34203 - 0 ] INFO  replication.ReplicationServer (ReplicationServer.java:start(107)) - ReplicationServer is started using port 36553
2021-08-27 12:19:19,002 [EndpointStateMachine task thread for /0.0.0.0:34203 - 0 ] INFO  ratis.XceiverServerRatis (XceiverServerRatis.java:start(482)) - Starting XceiverServerRatis ff42b6c9-4897-43a9-a52a-fdd67bba99ae
2021-08-27 12:19:19,006 [EndpointStateMachine task thread for /0.0.0.0:34203 - 0 ] INFO  server.RaftServer (RaftServerProxy.java:lambda$start$5(374)) - ff42b6c9-4897-43a9-a52a-fdd67bba99ae: start RPC server
2021-08-27 12:19:19,008 [EndpointStateMachine task thread for /0.0.0.0:34203 - 0 ] INFO  server.GrpcService (GrpcService.java:startImpl(253)) - ff42b6c9-4897-43a9-a52a-fdd67bba99ae: GrpcService started, listening on 45231
2021-08-27 12:19:19,009 [EndpointStateMachine task thread for /0.0.0.0:34203 - 0 ] INFO  ratis.XceiverServerRatis (XceiverServerRatis.java:getRealPort(503)) - XceiverServerRatis ff42b6c9-4897-43a9-a52a-fdd67bba99ae is started using port 45231 for RATIS
2021-08-27 12:19:19,009 [EndpointStateMachine task thread for /0.0.0.0:34203 - 0 ] INFO  ratis.XceiverServerRatis (XceiverServerRatis.java:getRealPort(503)) - XceiverServerRatis ff42b6c9-4897-43a9-a52a-fdd67bba99ae is started using port 45231 for RATIS_ADMIN
2021-08-27 12:19:19,009 [EndpointStateMachine task thread for /0.0.0.0:34203 - 0 ] INFO  ratis.XceiverServerRatis (XceiverServerRatis.java:getRealPort(503)) - XceiverServerRatis ff42b6c9-4897-43a9-a52a-fdd67bba99ae is started using port 45231 for RATIS_SERVER
2021-08-27 12:19:19,009 [EndpointStateMachine task thread for /0.0.0.0:34203 - 0 ] INFO  server.XceiverServerGrpc (XceiverServerGrpc.java:start(135)) - XceiverServerGrpc ff42b6c9-4897-43a9-a52a-fdd67bba99ae is started using port 36799
2021-08-27 12:19:19,030 [org.apache.ratis.util.JvmPauseMonitor$$Lambda$531/1692429552@3217a47f] INFO  util.JvmPauseMonitor (JvmPauseMonitor.java:run(103)) - JvmPauseMonitor-ff42b6c9-4897-43a9-a52a-fdd67bba99ae: Started
2021-08-27 12:19:19,144 [IPC Server handler 18 on default port 34203] INFO  net.NetworkTopologyImpl (NetworkTopologyImpl.java:add(112)) - Added a new node: /default-rack/97469cba-ac70-4b4e-8b1d-7d1e4e3cf9ac
2021-08-27 12:19:19,144 [IPC Server handler 18 on default port 34203] INFO  node.SCMNodeManager (SCMNodeManager.java:register(390)) - Registered Data node : 97469cba-ac70-4b4e-8b1d-7d1e4e3cf9ac{ip: 10.1.0.9, host: fv-az122-729.zf1tlrj3kn4expqppa1j4mpycf.xx.internal.cloudapp.net, ports: [REPLICATION=34189, RATIS=36551, RATIS_ADMIN=36551, RATIS_SERVER=36551, STANDALONE=39425], networkLocation: /default-rack, certSerialId: null, persistedOpState: null, persistedOpStateExpiryEpochSec: 0}
2021-08-27 12:19:19,147 [EventQueue-NodeRegistrationContainerReportForDataNodeSafeModeRule] INFO  safemode.SCMSafeModeManager (DataNodeSafeModeRule.java:process(71)) - SCM in safe mode. 1 DataNodes registered, 3 required.
2021-08-27 12:19:19,147 [EventQueue-NodeRegistrationContainerReportForContainerSafeModeRule] INFO  safemode.SCMSafeModeManager (SCMSafeModeManager.java:validateSafeModeExitRules(204)) - ContainerSafeModeRule rule is successfully validated
2021-08-27 12:19:19,161 [EventQueue-PipelineReportForOneReplicaPipelineSafeModeRule] INFO  safemode.SCMSafeModeManager (SCMSafeModeManager.java:validateSafeModeExitRules(204)) - AtleastOneDatanodeReportedRule rule is successfully validated
2021-08-27 12:19:19,161 [EventQueue-NewNodeForNewNodeHandler] INFO  pipeline.BackgroundPipelineCreator (BackgroundPipelineCreatorV2.java:notifyEventTriggered(285)) - trigger a one-shot run on RatisPipelineUtilsThread.
2021-08-27 12:19:19,164 [RatisPipelineUtilsThread - 0] INFO  pipeline.RatisPipelineProvider (RatisPipelineProvider.java:lambda$create$0(183)) - Sending CreatePipelineCommand for pipeline:PipelineID=5fa11995-2f58-4a86-a79b-b91bb50f422b to datanode:97469cba-ac70-4b4e-8b1d-7d1e4e3cf9ac
2021-08-27 12:19:19,166 [RatisPipelineUtilsThread - 0] INFO  pipeline.PipelineStateManager (PipelineStateManagerV2Impl.java:addPipeline(101)) - Created pipeline Pipeline[ Id: 5fa11995-2f58-4a86-a79b-b91bb50f422b, Nodes: 97469cba-ac70-4b4e-8b1d-7d1e4e3cf9ac{ip: 10.1.0.9, host: fv-az122-729.zf1tlrj3kn4expqppa1j4mpycf.xx.internal.cloudapp.net, ports: [REPLICATION=34189, RATIS=36551, RATIS_ADMIN=36551, RATIS_SERVER=36551, STANDALONE=39425], networkLocation: /default-rack, certSerialId: null, persistedOpState: IN_SERVICE, persistedOpStateExpiryEpochSec: 0}, ReplicationConfig: RATIS/ONE, State:ALLOCATED, leaderId:, CreationTimestamp2021-08-27T12:19:19.164Z[Etc/UTC]].
2021-08-27 12:19:19,442 [EndpointStateMachine task thread for /0.0.0.0:34203 - 0 ] INFO  ozoneimpl.OzoneContainer (OzoneContainer.java:start(305)) - Attempting to start container services.
2021-08-27 12:19:19,442 [EndpointStateMachine task thread for /0.0.0.0:34203 - 0 ] INFO  ozoneimpl.OzoneContainer (OzoneContainer.java:startContainerScrub(250)) - Background container scanner has been disabled.
2021-08-27 12:19:19,450 [EndpointStateMachine task thread for /0.0.0.0:34203 - 0 ] INFO  replication.ReplicationServer (ReplicationServer.java:start(107)) - ReplicationServer is started using port 34925
2021-08-27 12:19:19,450 [EndpointStateMachine task thread for /0.0.0.0:34203 - 0 ] INFO  ratis.XceiverServerRatis (XceiverServerRatis.java:start(482)) - Starting XceiverServerRatis 96076b98-8515-473a-ab50-26e1974acf6c
2021-08-27 12:19:19,451 [EndpointStateMachine task thread for /0.0.0.0:34203 - 0 ] INFO  server.RaftServer (RaftServerProxy.java:lambda$start$5(374)) - 96076b98-8515-473a-ab50-26e1974acf6c: start RPC server
2021-08-27 12:19:19,454 [EndpointStateMachine task thread for /0.0.0.0:34203 - 0 ] INFO  server.GrpcService (GrpcService.java:startImpl(253)) - 96076b98-8515-473a-ab50-26e1974acf6c: GrpcService started, listening on 44405
2021-08-27 12:19:19,454 [EndpointStateMachine task thread for /0.0.0.0:34203 - 0 ] INFO  ratis.XceiverServerRatis (XceiverServerRatis.java:getRealPort(503)) - XceiverServerRatis 96076b98-8515-473a-ab50-26e1974acf6c is started using port 44405 for RATIS
2021-08-27 12:19:19,454 [EndpointStateMachine task thread for /0.0.0.0:34203 - 0 ] INFO  ratis.XceiverServerRatis (XceiverServerRatis.java:getRealPort(503)) - XceiverServerRatis 96076b98-8515-473a-ab50-26e1974acf6c is started using port 44405 for RATIS_ADMIN
2021-08-27 12:19:19,454 [EndpointStateMachine task thread for /0.0.0.0:34203 - 0 ] INFO  ratis.XceiverServerRatis (XceiverServerRatis.java:getRealPort(503)) - XceiverServerRatis 96076b98-8515-473a-ab50-26e1974acf6c is started using port 44405 for RATIS_SERVER
2021-08-27 12:19:19,455 [org.apache.ratis.util.JvmPauseMonitor$$Lambda$531/1692429552@7c3b54c0] INFO  util.JvmPauseMonitor (JvmPauseMonitor.java:run(103)) - JvmPauseMonitor-96076b98-8515-473a-ab50-26e1974acf6c: Started
2021-08-27 12:19:19,456 [EndpointStateMachine task thread for /0.0.0.0:34203 - 0 ] INFO  server.XceiverServerGrpc (XceiverServerGrpc.java:start(135)) - XceiverServerGrpc 96076b98-8515-473a-ab50-26e1974acf6c is started using port 35065
2021-08-27 12:19:19,507 [IPC Server handler 1 on default port 34203] INFO  net.NetworkTopologyImpl (NetworkTopologyImpl.java:add(112)) - Added a new node: /default-rack/f890e39a-5838-4db2-99cf-760c0a4a7b9f
2021-08-27 12:19:19,507 [IPC Server handler 1 on default port 34203] INFO  node.SCMNodeManager (SCMNodeManager.java:register(390)) - Registered Data node : f890e39a-5838-4db2-99cf-760c0a4a7b9f{ip: 10.1.0.9, host: fv-az122-729.zf1tlrj3kn4expqppa1j4mpycf.xx.internal.cloudapp.net, ports: [REPLICATION=35351, RATIS=38659, RATIS_ADMIN=38659, RATIS_SERVER=38659, STANDALONE=39183], networkLocation: /default-rack, certSerialId: null, persistedOpState: null, persistedOpStateExpiryEpochSec: 0}
2021-08-27 12:19:19,507 [EventQueue-NewNodeForNewNodeHandler] INFO  pipeline.BackgroundPipelineCreator (BackgroundPipelineCreatorV2.java:notifyEventTriggered(285)) - trigger a one-shot run on RatisPipelineUtilsThread.
2021-08-27 12:19:19,512 [EventQueue-NodeRegistrationContainerReportForDataNodeSafeModeRule] INFO  safemode.SCMSafeModeManager (DataNodeSafeModeRule.java:process(71)) - SCM in safe mode. 2 DataNodes registered, 3 required.
2021-08-27 12:19:19,518 [RatisPipelineUtilsThread - 0] INFO  pipeline.RatisPipelineProvider (RatisPipelineProvider.java:lambda$create$0(183)) - Sending CreatePipelineCommand for pipeline:PipelineID=9f328766-b087-46a9-b866-a0fc95479fb1 to datanode:f890e39a-5838-4db2-99cf-760c0a4a7b9f
2021-08-27 12:19:19,519 [RatisPipelineUtilsThread - 0] INFO  pipeline.PipelineStateManager (PipelineStateManagerV2Impl.java:addPipeline(101)) - Created pipeline Pipeline[ Id: 9f328766-b087-46a9-b866-a0fc95479fb1, Nodes: f890e39a-5838-4db2-99cf-760c0a4a7b9f{ip: 10.1.0.9, host: fv-az122-729.zf1tlrj3kn4expqppa1j4mpycf.xx.internal.cloudapp.net, ports: [REPLICATION=35351, RATIS=38659, RATIS_ADMIN=38659, RATIS_SERVER=38659, STANDALONE=39183], networkLocation: /default-rack, certSerialId: null, persistedOpState: IN_SERVICE, persistedOpStateExpiryEpochSec: 0}, ReplicationConfig: RATIS/ONE, State:ALLOCATED, leaderId:, CreationTimestamp2021-08-27T12:19:19.518Z[Etc/UTC]].
2021-08-27 12:19:19,727 [Listener at 127.0.0.1/43833] INFO  ozone.MiniOzoneClusterImpl (MiniOzoneClusterImpl.java:lambda$waitForClusterToBeReady$0(235)) - Waiting for nodes to be ready. Got 2 of 9 DN Heartbeats.
2021-08-27 12:19:19,727 [Listener at 127.0.0.1/43833] INFO  ozone.MiniOzoneClusterImpl (MiniOzoneClusterImpl.java:lambda$waitForClusterToBeReady$0(238)) - Waiting for cluster to exit safe mode
2021-08-27 12:19:19,728 [Listener at 127.0.0.1/43833] INFO  ozone.MiniOzoneClusterImpl (MiniOzoneClusterImpl.java:lambda$waitForClusterToBeReady$0(240)) - SCM became leader
2021-08-27 12:19:19,794 [EndpointStateMachine task thread for /0.0.0.0:34203 - 0 ] INFO  ozoneimpl.OzoneContainer (OzoneContainer.java:start(305)) - Attempting to start container services.
2021-08-27 12:19:19,794 [EndpointStateMachine task thread for /0.0.0.0:34203 - 0 ] INFO  ozoneimpl.OzoneContainer (OzoneContainer.java:startContainerScrub(250)) - Background container scanner has been disabled.
2021-08-27 12:19:19,794 [EndpointStateMachine task thread for /0.0.0.0:34203 - 0 ] INFO  replication.ReplicationServer (ReplicationServer.java:start(107)) - ReplicationServer is started using port 40625
2021-08-27 12:19:19,808 [EndpointStateMachine task thread for /0.0.0.0:34203 - 0 ] INFO  ratis.XceiverServerRatis (XceiverServerRatis.java:start(482)) - Starting XceiverServerRatis 1fe13acc-f0f9-4502-98df-9f6d0a8c5d2e
2021-08-27 12:19:19,809 [EndpointStateMachine task thread for /0.0.0.0:34203 - 0 ] INFO  server.RaftServer (RaftServerProxy.java:lambda$start$5(374)) - 1fe13acc-f0f9-4502-98df-9f6d0a8c5d2e: start RPC server
2021-08-27 12:19:19,809 [EndpointStateMachine task thread for /0.0.0.0:34203 - 0 ] INFO  server.GrpcService (GrpcService.java:startImpl(253)) - 1fe13acc-f0f9-4502-98df-9f6d0a8c5d2e: GrpcService started, listening on 40147
2021-08-27 12:19:19,810 [EndpointStateMachine task thread for /0.0.0.0:34203 - 0 ] INFO  ratis.XceiverServerRatis (XceiverServerRatis.java:getRealPort(503)) - XceiverServerRatis 1fe13acc-f0f9-4502-98df-9f6d0a8c5d2e is started using port 40147 for RATIS
2021-08-27 12:19:19,810 [EndpointStateMachine task thread for /0.0.0.0:34203 - 0 ] INFO  ratis.XceiverServerRatis (XceiverServerRatis.java:getRealPort(503)) - XceiverServerRatis 1fe13acc-f0f9-4502-98df-9f6d0a8c5d2e is started using port 40147 for RATIS_ADMIN
2021-08-27 12:19:19,810 [EndpointStateMachine task thread for /0.0.0.0:34203 - 0 ] INFO  ratis.XceiverServerRatis (XceiverServerRatis.java:getRealPort(503)) - XceiverServerRatis 1fe13acc-f0f9-4502-98df-9f6d0a8c5d2e is started using port 40147 for RATIS_SERVER
2021-08-27 12:19:19,812 [EndpointStateMachine task thread for /0.0.0.0:34203 - 0 ] INFO  server.XceiverServerGrpc (XceiverServerGrpc.java:start(135)) - XceiverServerGrpc 1fe13acc-f0f9-4502-98df-9f6d0a8c5d2e is started using port 38407
2021-08-27 12:19:19,813 [org.apache.ratis.util.JvmPauseMonitor$$Lambda$531/1692429552@6b1bc47c] INFO  util.JvmPauseMonitor (JvmPauseMonitor.java:run(103)) - JvmPauseMonitor-1fe13acc-f0f9-4502-98df-9f6d0a8c5d2e: Started
2021-08-27 12:19:19,844 [IPC Server handler 18 on default port 34203] INFO  net.NetworkTopologyImpl (NetworkTopologyImpl.java:add(112)) - Added a new node: /default-rack/dd2b24ff-1eae-4a3e-81dc-b04424e7f942
2021-08-27 12:19:19,844 [IPC Server handler 18 on default port 34203] INFO  node.SCMNodeManager (SCMNodeManager.java:register(390)) - Registered Data node : dd2b24ff-1eae-4a3e-81dc-b04424e7f942{ip: 10.1.0.9, host: fv-az122-729.zf1tlrj3kn4expqppa1j4mpycf.xx.internal.cloudapp.net, ports: [REPLICATION=39075, RATIS=39127, RATIS_ADMIN=39127, RATIS_SERVER=39127, STANDALONE=44719], networkLocation: /default-rack, certSerialId: null, persistedOpState: null, persistedOpStateExpiryEpochSec: 0}
2021-08-27 12:19:19,844 [EventQueue-NewNodeForNewNodeHandler] INFO  pipeline.BackgroundPipelineCreator (BackgroundPipelineCreatorV2.java:notifyEventTriggered(285)) - trigger a one-shot run on RatisPipelineUtilsThread.
2021-08-27 12:19:19,846 [EventQueue-NodeRegistrationContainerReportForDataNodeSafeModeRule] INFO  safemode.SCMSafeModeManager (DataNodeSafeModeRule.java:process(71)) - SCM in safe mode. 3 DataNodes registered, 3 required.
2021-08-27 12:19:19,846 [EventQueue-NodeRegistrationContainerReportForDataNodeSafeModeRule] INFO  safemode.SCMSafeModeManager (SCMSafeModeManager.java:validateSafeModeExitRules(204)) - DataNodeSafeModeRule rule is successfully validated
2021-08-27 12:19:19,846 [EventQueue-NodeRegistrationContainerReportForDataNodeSafeModeRule] INFO  safemode.SCMSafeModeManager (SCMSafeModeManager.java:completePreCheck(233)) - All SCM safe mode pre check rules have passed
2021-08-27 12:19:19,846 [EventQueue-NodeRegistrationContainerReportForDataNodeSafeModeRule] WARN  events.EventQueue (EventQueue.java:fireEvent(194)) - No event handler registered for event TypedEvent{payloadType=SafeModeStatus, name='Safe mode status'}
2021-08-27 12:19:19,846 [EventQueue-NodeRegistrationContainerReportForDataNodeSafeModeRule] INFO  ha.SCMContext (SCMContext.java:updateSafeModeStatus(205)) - Update SafeModeStatus from SafeModeStatus{safeModeStatus=true, preCheckPassed=false} to SafeModeStatus{safeModeStatus=true, preCheckPassed=true}.
2021-08-27 12:19:19,846 [EventQueue-NodeRegistrationContainerReportForDataNodeSafeModeRule] INFO  pipeline.BackgroundPipelineCreator (BackgroundPipelineCreatorV2.java:notifyEventTriggered(285)) - trigger a one-shot run on RatisPipelineUtilsThread.
2021-08-27 12:19:19,850 [RatisPipelineUtilsThread - 0] INFO  pipeline.RatisPipelineProvider (RatisPipelineProvider.java:lambda$create$0(183)) - Sending CreatePipelineCommand for pipeline:PipelineID=61a619c2-92f5-4d96-96f4-4ba538602507 to datanode:dd2b24ff-1eae-4a3e-81dc-b04424e7f942
2021-08-27 12:19:19,850 [RatisPipelineUtilsThread - 0] INFO  pipeline.PipelineStateManager (PipelineStateManagerV2Impl.java:addPipeline(101)) - Created pipeline Pipeline[ Id: 61a619c2-92f5-4d96-96f4-4ba538602507, Nodes: dd2b24ff-1eae-4a3e-81dc-b04424e7f942{ip: 10.1.0.9, host: fv-az122-729.zf1tlrj3kn4expqppa1j4mpycf.xx.internal.cloudapp.net, ports: [REPLICATION=39075, RATIS=39127, RATIS_ADMIN=39127, RATIS_SERVER=39127, STANDALONE=44719], networkLocation: /default-rack, certSerialId: null, persistedOpState: IN_SERVICE, persistedOpStateExpiryEpochSec: 0}, ReplicationConfig: RATIS/ONE, State:ALLOCATED, leaderId:, CreationTimestamp2021-08-27T12:19:19.850Z[Etc/UTC]].
2021-08-27 12:19:19,850 [RatisPipelineUtilsThread - 0] INFO  pipeline.RatisPipelineProvider (RatisPipelineProvider.java:lambda$create$0(183)) - Sending CreatePipelineCommand for pipeline:PipelineID=8e08a3c8-b922-4d02-9de6-6aa931ac1d3c to datanode:f890e39a-5838-4db2-99cf-760c0a4a7b9f
2021-08-27 12:19:19,850 [RatisPipelineUtilsThread - 0] INFO  pipeline.RatisPipelineProvider (RatisPipelineProvider.java:lambda$create$0(183)) - Sending CreatePipelineCommand for pipeline:PipelineID=8e08a3c8-b922-4d02-9de6-6aa931ac1d3c to datanode:97469cba-ac70-4b4e-8b1d-7d1e4e3cf9ac
2021-08-27 12:19:19,850 [RatisPipelineUtilsThread - 0] INFO  pipeline.RatisPipelineProvider (RatisPipelineProvider.java:lambda$create$0(183)) - Sending CreatePipelineCommand for pipeline:PipelineID=8e08a3c8-b922-4d02-9de6-6aa931ac1d3c to datanode:dd2b24ff-1eae-4a3e-81dc-b04424e7f942
2021-08-27 12:19:19,851 [RatisPipelineUtilsThread - 0] INFO  pipeline.PipelineStateManager (PipelineStateManagerV2Impl.java:addPipeline(101)) - Created pipeline Pipeline[ Id: 8e08a3c8-b922-4d02-9de6-6aa931ac1d3c, Nodes: f890e39a-5838-4db2-99cf-760c0a4a7b9f{ip: 10.1.0.9, host: fv-az122-729.zf1tlrj3kn4expqppa1j4mpycf.xx.internal.cloudapp.net, ports: [REPLICATION=35351, RATIS=38659, RATIS_ADMIN=38659, RATIS_SERVER=38659, STANDALONE=39183], networkLocation: /default-rack, certSerialId: null, persistedOpState: IN_SERVICE, persistedOpStateExpiryEpochSec: 0}97469cba-ac70-4b4e-8b1d-7d1e4e3cf9ac{ip: 10.1.0.9, host: fv-az122-729.zf1tlrj3kn4expqppa1j4mpycf.xx.internal.cloudapp.net, ports: [REPLICATION=34189, RATIS=36551, RATIS_ADMIN=36551, RATIS_SERVER=36551, STANDALONE=39425], networkLocation: /default-rack, certSerialId: null, persistedOpState: IN_SERVICE, persistedOpStateExpiryEpochSec: 0}dd2b24ff-1eae-4a3e-81dc-b04424e7f942{ip: 10.1.0.9, host: fv-az122-729.zf1tlrj3kn4expqppa1j4mpycf.xx.internal.cloudapp.net, ports: [REPLICATION=39075, RATIS=39127, RATIS_ADMIN=39127, RATIS_SERVER=39127, STANDALONE=44719], networkLocation: /default-rack, certSerialId: null, persistedOpState: IN_SERVICE, persistedOpStateExpiryEpochSec: 0}, ReplicationConfig: RATIS/THREE, State:ALLOCATED, leaderId:, CreationTimestamp2021-08-27T12:19:19.850Z[Etc/UTC]].
2021-08-27 12:19:20,107 [IPC Server handler 17 on default port 34203] INFO  net.NetworkTopologyImpl (NetworkTopologyImpl.java:add(112)) - Added a new node: /default-rack/1627f0ec-3267-4946-a770-cb64d6080904
2021-08-27 12:19:20,108 [IPC Server handler 17 on default port 34203] INFO  node.SCMNodeManager (SCMNodeManager.java:register(390)) - Registered Data node : 1627f0ec-3267-4946-a770-cb64d6080904{ip: 10.1.0.9, host: fv-az122-729.zf1tlrj3kn4expqppa1j4mpycf.xx.internal.cloudapp.net, ports: [REPLICATION=34719, RATIS=39909, RATIS_ADMIN=39909, RATIS_SERVER=39909, STANDALONE=42461], networkLocation: /default-rack, certSerialId: null, persistedOpState: null, persistedOpStateExpiryEpochSec: 0}
2021-08-27 12:19:20,108 [EventQueue-NewNodeForNewNodeHandler] INFO  pipeline.BackgroundPipelineCreator (BackgroundPipelineCreatorV2.java:notifyEventTriggered(285)) - trigger a one-shot run on RatisPipelineUtilsThread.
2021-08-27 12:19:20,109 [RatisPipelineUtilsThread - 0] INFO  pipeline.RatisPipelineProvider (RatisPipelineProvider.java:lambda$create$0(183)) - Sending CreatePipelineCommand for pipeline:PipelineID=ed48e0b0-1d3d-44dd-9b4b-1d7c0afad1c5 to datanode:1627f0ec-3267-4946-a770-cb64d6080904
2021-08-27 12:19:20,109 [RatisPipelineUtilsThread - 0] INFO  pipeline.PipelineStateManager (PipelineStateManagerV2Impl.java:addPipeline(101)) - Created pipeline Pipeline[ Id: ed48e0b0-1d3d-44dd-9b4b-1d7c0afad1c5, Nodes: 1627f0ec-3267-4946-a770-cb64d6080904{ip: 10.1.0.9, host: fv-az122-729.zf1tlrj3kn4expqppa1j4mpycf.xx.internal.cloudapp.net, ports: [REPLICATION=34719, RATIS=39909, RATIS_ADMIN=39909, RATIS_SERVER=39909, STANDALONE=42461], networkLocation: /default-rack, certSerialId: null, persistedOpState: IN_SERVICE, persistedOpStateExpiryEpochSec: 0}, ReplicationConfig: RATIS/ONE, State:ALLOCATED, leaderId:, CreationTimestamp2021-08-27T12:19:20.109Z[Etc/UTC]].
2021-08-27 12:19:20,432 [IPC Server handler 1 on default port 34203] INFO  net.NetworkTopologyImpl (NetworkTopologyImpl.java:add(112)) - Added a new node: /default-rack/8406e4c7-9c64-45ff-a753-663392bee600
2021-08-27 12:19:20,432 [IPC Server handler 1 on default port 34203] INFO  node.SCMNodeManager (SCMNodeManager.java:register(390)) - Registered Data node : 8406e4c7-9c64-45ff-a753-663392bee600{ip: 10.1.0.9, host: fv-az122-729.zf1tlrj3kn4expqppa1j4mpycf.xx.internal.cloudapp.net, ports: [REPLICATION=43661, RATIS=43903, RATIS_ADMIN=43903, RATIS_SERVER=43903, STANDALONE=34477], networkLocation: /default-rack, certSerialId: null, persistedOpState: null, persistedOpStateExpiryEpochSec: 0}
2021-08-27 12:19:20,432 [EventQueue-NewNodeForNewNodeHandler] INFO  pipeline.BackgroundPipelineCreator (BackgroundPipelineCreatorV2.java:notifyEventTriggered(285)) - trigger a one-shot run on RatisPipelineUtilsThread.
2021-08-27 12:19:20,433 [RatisPipelineUtilsThread - 0] INFO  pipeline.RatisPipelineProvider (RatisPipelineProvider.java:lambda$create$0(183)) - Sending CreatePipelineCommand for pipeline:PipelineID=b587afb6-e83e-4169-8ffb-71bb057e84db to datanode:8406e4c7-9c64-45ff-a753-663392bee600
2021-08-27 12:19:20,433 [RatisPipelineUtilsThread - 0] INFO  pipeline.PipelineStateManager (PipelineStateManagerV2Impl.java:addPipeline(101)) - Created pipeline Pipeline[ Id: b587afb6-e83e-4169-8ffb-71bb057e84db, Nodes: 8406e4c7-9c64-45ff-a753-663392bee600{ip: 10.1.0.9, host: fv-az122-729.zf1tlrj3kn4expqppa1j4mpycf.xx.internal.cloudapp.net, ports: [REPLICATION=43661, RATIS=43903, RATIS_ADMIN=43903, RATIS_SERVER=43903, STANDALONE=34477], networkLocation: /default-rack, certSerialId: null, persistedOpState: IN_SERVICE, persistedOpStateExpiryEpochSec: 0}, ReplicationConfig: RATIS/ONE, State:ALLOCATED, leaderId:, CreationTimestamp2021-08-27T12:19:20.433Z[Etc/UTC]].
2021-08-27 12:19:20,708 [IPC Server handler 19 on default port 34203] INFO  net.NetworkTopologyImpl (NetworkTopologyImpl.java:add(112)) - Added a new node: /default-rack/0bc7842a-14bb-4f31-a0ca-67e37dbbf265
2021-08-27 12:19:20,708 [IPC Server handler 19 on default port 34203] INFO  node.SCMNodeManager (SCMNodeManager.java:register(390)) - Registered Data node : 0bc7842a-14bb-4f31-a0ca-67e37dbbf265{ip: 10.1.0.9, host: fv-az122-729.zf1tlrj3kn4expqppa1j4mpycf.xx.internal.cloudapp.net, ports: [REPLICATION=44289, RATIS=39103, RATIS_ADMIN=39103, RATIS_SERVER=39103, STANDALONE=42113], networkLocation: /default-rack, certSerialId: null, persistedOpState: null, persistedOpStateExpiryEpochSec: 0}
2021-08-27 12:19:20,708 [EventQueue-NewNodeForNewNodeHandler] INFO  pipeline.BackgroundPipelineCreator (BackgroundPipelineCreatorV2.java:notifyEventTriggered(285)) - trigger a one-shot run on RatisPipelineUtilsThread.
2021-08-27 12:19:20,709 [RatisPipelineUtilsThread - 0] INFO  pipeline.RatisPipelineProvider (RatisPipelineProvider.java:lambda$create$0(183)) - Sending CreatePipelineCommand for pipeline:PipelineID=0e7abe0e-8ed9-4c49-ae90-a28631288c24 to datanode:0bc7842a-14bb-4f31-a0ca-67e37dbbf265
2021-08-27 12:19:20,709 [RatisPipelineUtilsThread - 0] INFO  pipeline.PipelineStateManager (PipelineStateManagerV2Impl.java:addPipeline(101)) - Created pipeline Pipeline[ Id: 0e7abe0e-8ed9-4c49-ae90-a28631288c24, Nodes: 0bc7842a-14bb-4f31-a0ca-67e37dbbf265{ip: 10.1.0.9, host: fv-az122-729.zf1tlrj3kn4expqppa1j4mpycf.xx.internal.cloudapp.net, ports: [REPLICATION=44289, RATIS=39103, RATIS_ADMIN=39103, RATIS_SERVER=39103, STANDALONE=42113], networkLocation: /default-rack, certSerialId: null, persistedOpState: IN_SERVICE, persistedOpStateExpiryEpochSec: 0}, ReplicationConfig: RATIS/ONE, State:ALLOCATED, leaderId:, CreationTimestamp2021-08-27T12:19:20.709Z[Etc/UTC]].
2021-08-27 12:19:20,709 [RatisPipelineUtilsThread - 0] INFO  pipeline.RatisPipelineProvider (RatisPipelineProvider.java:lambda$create$0(183)) - Sending CreatePipelineCommand for pipeline:PipelineID=d60ec560-7dcf-4b46-bf9d-73f2619da9b8 to datanode:8406e4c7-9c64-45ff-a753-663392bee600
2021-08-27 12:19:20,709 [RatisPipelineUtilsThread - 0] INFO  pipeline.RatisPipelineProvider (RatisPipelineProvider.java:lambda$create$0(183)) - Sending CreatePipelineCommand for pipeline:PipelineID=d60ec560-7dcf-4b46-bf9d-73f2619da9b8 to datanode:0bc7842a-14bb-4f31-a0ca-67e37dbbf265
2021-08-27 12:19:20,709 [RatisPipelineUtilsThread - 0] INFO  pipeline.RatisPipelineProvider (RatisPipelineProvider.java:lambda$create$0(183)) - Sending CreatePipelineCommand for pipeline:PipelineID=d60ec560-7dcf-4b46-bf9d-73f2619da9b8 to datanode:1627f0ec-3267-4946-a770-cb64d6080904
2021-08-27 12:19:20,710 [RatisPipelineUtilsThread - 0] INFO  pipeline.PipelineStateManager (PipelineStateManagerV2Impl.java:addPipeline(101)) - Created pipeline Pipeline[ Id: d60ec560-7dcf-4b46-bf9d-73f2619da9b8, Nodes: 8406e4c7-9c64-45ff-a753-663392bee600{ip: 10.1.0.9, host: fv-az122-729.zf1tlrj3kn4expqppa1j4mpycf.xx.internal.cloudapp.net, ports: [REPLICATION=43661, RATIS=43903, RATIS_ADMIN=43903, RATIS_SERVER=43903, STANDALONE=34477], networkLocation: /default-rack, certSerialId: null, persistedOpState: IN_SERVICE, persistedOpStateExpiryEpochSec: 0}0bc7842a-14bb-4f31-a0ca-67e37dbbf265{ip: 10.1.0.9, host: fv-az122-729.zf1tlrj3kn4expqppa1j4mpycf.xx.internal.cloudapp.net, ports: [REPLICATION=44289, RATIS=39103, RATIS_ADMIN=39103, RATIS_SERVER=39103, STANDALONE=42113], networkLocation: /default-rack, certSerialId: null, persistedOpState: IN_SERVICE, persistedOpStateExpiryEpochSec: 0}1627f0ec-3267-4946-a770-cb64d6080904{ip: 10.1.0.9, host: fv-az122-729.zf1tlrj3kn4expqppa1j4mpycf.xx.internal.cloudapp.net, ports: [REPLICATION=34719, RATIS=39909, RATIS_ADMIN=39909, RATIS_SERVER=39909, STANDALONE=42461], networkLocation: /default-rack, certSerialId: null, persistedOpState: IN_SERVICE, persistedOpStateExpiryEpochSec: 0}, ReplicationConfig: RATIS/THREE, State:ALLOCATED, leaderId:, CreationTimestamp2021-08-27T12:19:20.709Z[Etc/UTC]].
2021-08-27 12:19:20,728 [Listener at 127.0.0.1/43833] INFO  ozone.MiniOzoneClusterImpl (MiniOzoneClusterImpl.java:lambda$waitForClusterToBeReady$0(235)) - Waiting for nodes to be ready. Got 6 of 9 DN Heartbeats.
2021-08-27 12:19:20,728 [Listener at 127.0.0.1/43833] INFO  ozone.MiniOzoneClusterImpl (MiniOzoneClusterImpl.java:lambda$waitForClusterToBeReady$0(238)) - Waiting for cluster to exit safe mode
2021-08-27 12:19:20,728 [Listener at 127.0.0.1/43833] INFO  ozone.MiniOzoneClusterImpl (MiniOzoneClusterImpl.java:lambda$waitForClusterToBeReady$0(240)) - SCM became leader
2021-08-27 12:19:20,989 [IPC Server handler 17 on default port 34203] INFO  net.NetworkTopologyImpl (NetworkTopologyImpl.java:add(112)) - Added a new node: /default-rack/ff42b6c9-4897-43a9-a52a-fdd67bba99ae
2021-08-27 12:19:20,989 [IPC Server handler 17 on default port 34203] INFO  node.SCMNodeManager (SCMNodeManager.java:register(390)) - Registered Data node : ff42b6c9-4897-43a9-a52a-fdd67bba99ae{ip: 10.1.0.9, host: fv-az122-729.zf1tlrj3kn4expqppa1j4mpycf.xx.internal.cloudapp.net, ports: [REPLICATION=36553, RATIS=45231, RATIS_ADMIN=45231, RATIS_SERVER=45231, STANDALONE=36799], networkLocation: /default-rack, certSerialId: null, persistedOpState: null, persistedOpStateExpiryEpochSec: 0}
2021-08-27 12:19:20,989 [EventQueue-NewNodeForNewNodeHandler] INFO  pipeline.BackgroundPipelineCreator (BackgroundPipelineCreatorV2.java:notifyEventTriggered(285)) - trigger a one-shot run on RatisPipelineUtilsThread.
2021-08-27 12:19:20,990 [RatisPipelineUtilsThread - 0] INFO  pipeline.RatisPipelineProvider (RatisPipelineProvider.java:lambda$create$0(183)) - Sending CreatePipelineCommand for pipeline:PipelineID=f87de282-f697-4be1-abab-d0d272707e6f to datanode:ff42b6c9-4897-43a9-a52a-fdd67bba99ae
2021-08-27 12:19:20,990 [RatisPipelineUtilsThread - 0] INFO  pipeline.PipelineStateManager (PipelineStateManagerV2Impl.java:addPipeline(101)) - Created pipeline Pipeline[ Id: f87de282-f697-4be1-abab-d0d272707e6f, Nodes: ff42b6c9-4897-43a9-a52a-fdd67bba99ae{ip: 10.1.0.9, host: fv-az122-729.zf1tlrj3kn4expqppa1j4mpycf.xx.internal.cloudapp.net, ports: [REPLICATION=36553, RATIS=45231, RATIS_ADMIN=45231, RATIS_SERVER=45231, STANDALONE=36799], networkLocation: /default-rack, certSerialId: null, persistedOpState: IN_SERVICE, persistedOpStateExpiryEpochSec: 0}, ReplicationConfig: RATIS/ONE, State:ALLOCATED, leaderId:, CreationTimestamp2021-08-27T12:19:20.990Z[Etc/UTC]].
2021-08-27 12:19:21,399 [IPC Server handler 0 on default port 34203] INFO  net.NetworkTopologyImpl (NetworkTopologyImpl.java:add(112)) - Added a new node: /default-rack/96076b98-8515-473a-ab50-26e1974acf6c
2021-08-27 12:19:21,399 [IPC Server handler 0 on default port 34203] INFO  node.SCMNodeManager (SCMNodeManager.java:register(390)) - Registered Data node : 96076b98-8515-473a-ab50-26e1974acf6c{ip: 10.1.0.9, host: fv-az122-729.zf1tlrj3kn4expqppa1j4mpycf.xx.internal.cloudapp.net, ports: [REPLICATION=34925, RATIS=44405, RATIS_ADMIN=44405, RATIS_SERVER=44405, STANDALONE=35065], networkLocation: /default-rack, certSerialId: null, persistedOpState: null, persistedOpStateExpiryEpochSec: 0}
2021-08-27 12:19:21,399 [EventQueue-NewNodeForNewNodeHandler] INFO  pipeline.BackgroundPipelineCreator (BackgroundPipelineCreatorV2.java:notifyEventTriggered(285)) - trigger a one-shot run on RatisPipelineUtilsThread.
2021-08-27 12:19:21,400 [RatisPipelineUtilsThread - 0] INFO  pipeline.RatisPipelineProvider (RatisPipelineProvider.java:lambda$create$0(183)) - Sending CreatePipelineCommand for pipeline:PipelineID=360ed035-2556-4248-ad25-273b8f00fece to datanode:96076b98-8515-473a-ab50-26e1974acf6c
2021-08-27 12:19:21,400 [RatisPipelineUtilsThread - 0] INFO  pipeline.PipelineStateManager (PipelineStateManagerV2Impl.java:addPipeline(101)) - Created pipeline Pipeline[ Id: 360ed035-2556-4248-ad25-273b8f00fece, Nodes: 96076b98-8515-473a-ab50-26e1974acf6c{ip: 10.1.0.9, host: fv-az122-729.zf1tlrj3kn4expqppa1j4mpycf.xx.internal.cloudapp.net, ports: [REPLICATION=34925, RATIS=44405, RATIS_ADMIN=44405, RATIS_SERVER=44405, STANDALONE=35065], networkLocation: /default-rack, certSerialId: null, persistedOpState: IN_SERVICE, persistedOpStateExpiryEpochSec: 0}, ReplicationConfig: RATIS/ONE, State:ALLOCATED, leaderId:, CreationTimestamp2021-08-27T12:19:21.400Z[Etc/UTC]].
2021-08-27 12:19:21,728 [Listener at 127.0.0.1/43833] INFO  ozone.MiniOzoneClusterImpl (MiniOzoneClusterImpl.java:lambda$waitForClusterToBeReady$0(235)) - Waiting for nodes to be ready. Got 8 of 9 DN Heartbeats.
2021-08-27 12:19:21,728 [Listener at 127.0.0.1/43833] INFO  ozone.MiniOzoneClusterImpl (MiniOzoneClusterImpl.java:lambda$waitForClusterToBeReady$0(238)) - Waiting for cluster to exit safe mode
2021-08-27 12:19:21,728 [Listener at 127.0.0.1/43833] INFO  ozone.MiniOzoneClusterImpl (MiniOzoneClusterImpl.java:lambda$waitForClusterToBeReady$0(240)) - SCM became leader
2021-08-27 12:19:21,789 [IPC Server handler 18 on default port 34203] INFO  net.NetworkTopologyImpl (NetworkTopologyImpl.java:add(112)) - Added a new node: /default-rack/1fe13acc-f0f9-4502-98df-9f6d0a8c5d2e
2021-08-27 12:19:21,790 [IPC Server handler 18 on default port 34203] INFO  node.SCMNodeManager (SCMNodeManager.java:register(390)) - Registered Data node : 1fe13acc-f0f9-4502-98df-9f6d0a8c5d2e{ip: 10.1.0.9, host: fv-az122-729.zf1tlrj3kn4expqppa1j4mpycf.xx.internal.cloudapp.net, ports: [REPLICATION=40625, RATIS=40147, RATIS_ADMIN=40147, RATIS_SERVER=40147, STANDALONE=38407], networkLocation: /default-rack, certSerialId: null, persistedOpState: null, persistedOpStateExpiryEpochSec: 0}
2021-08-27 12:19:21,790 [EventQueue-NewNodeForNewNodeHandler] INFO  pipeline.BackgroundPipelineCreator (BackgroundPipelineCreatorV2.java:notifyEventTriggered(285)) - trigger a one-shot run on RatisPipelineUtilsThread.
2021-08-27 12:19:21,790 [RatisPipelineUtilsThread - 0] INFO  pipeline.RatisPipelineProvider (RatisPipelineProvider.java:lambda$create$0(183)) - Sending CreatePipelineCommand for pipeline:PipelineID=e5b10fb8-f6c8-4815-9d88-d255ea171e03 to datanode:1fe13acc-f0f9-4502-98df-9f6d0a8c5d2e
2021-08-27 12:19:21,791 [RatisPipelineUtilsThread - 0] INFO  pipeline.PipelineStateManager (PipelineStateManagerV2Impl.java:addPipeline(101)) - Created pipeline Pipeline[ Id: e5b10fb8-f6c8-4815-9d88-d255ea171e03, Nodes: 1fe13acc-f0f9-4502-98df-9f6d0a8c5d2e{ip: 10.1.0.9, host: fv-az122-729.zf1tlrj3kn4expqppa1j4mpycf.xx.internal.cloudapp.net, ports: [REPLICATION=40625, RATIS=40147, RATIS_ADMIN=40147, RATIS_SERVER=40147, STANDALONE=38407], networkLocation: /default-rack, certSerialId: null, persistedOpState: IN_SERVICE, persistedOpStateExpiryEpochSec: 0}, ReplicationConfig: RATIS/ONE, State:ALLOCATED, leaderId:, CreationTimestamp2021-08-27T12:19:21.790Z[Etc/UTC]].
2021-08-27 12:19:21,791 [RatisPipelineUtilsThread - 0] INFO  pipeline.RatisPipelineProvider (RatisPipelineProvider.java:lambda$create$0(183)) - Sending CreatePipelineCommand for pipeline:PipelineID=5c9aca2d-62a8-42a7-9b38-2816b9e709fd to datanode:96076b98-8515-473a-ab50-26e1974acf6c
2021-08-27 12:19:21,791 [RatisPipelineUtilsThread - 0] INFO  pipeline.RatisPipelineProvider (RatisPipelineProvider.java:lambda$create$0(183)) - Sending CreatePipelineCommand for pipeline:PipelineID=5c9aca2d-62a8-42a7-9b38-2816b9e709fd to datanode:ff42b6c9-4897-43a9-a52a-fdd67bba99ae
2021-08-27 12:19:21,791 [RatisPipelineUtilsThread - 0] INFO  pipeline.RatisPipelineProvider (RatisPipelineProvider.java:lambda$create$0(183)) - Sending CreatePipelineCommand for pipeline:PipelineID=5c9aca2d-62a8-42a7-9b38-2816b9e709fd to datanode:1fe13acc-f0f9-4502-98df-9f6d0a8c5d2e
2021-08-27 12:19:21,791 [RatisPipelineUtilsThread - 0] INFO  pipeline.PipelineStateManager (PipelineStateManagerV2Impl.java:addPipeline(101)) - Created pipeline Pipeline[ Id: 5c9aca2d-62a8-42a7-9b38-2816b9e709fd, Nodes: 96076b98-8515-473a-ab50-26e1974acf6c{ip: 10.1.0.9, host: fv-az122-729.zf1tlrj3kn4expqppa1j4mpycf.xx.internal.cloudapp.net, ports: [REPLICATION=34925, RATIS=44405, RATIS_ADMIN=44405, RATIS_SERVER=44405, STANDALONE=35065], networkLocation: /default-rack, certSerialId: null, persistedOpState: IN_SERVICE, persistedOpStateExpiryEpochSec: 0}ff42b6c9-4897-43a9-a52a-fdd67bba99ae{ip: 10.1.0.9, host: fv-az122-729.zf1tlrj3kn4expqppa1j4mpycf.xx.internal.cloudapp.net, ports: [REPLICATION=36553, RATIS=45231, RATIS_ADMIN=45231, RATIS_SERVER=45231, STANDALONE=36799], networkLocation: /default-rack, certSerialId: null, persistedOpState: IN_SERVICE, persistedOpStateExpiryEpochSec: 0}1fe13acc-f0f9-4502-98df-9f6d0a8c5d2e{ip: 10.1.0.9, host: fv-az122-729.zf1tlrj3kn4expqppa1j4mpycf.xx.internal.cloudapp.net, ports: [REPLICATION=40625, RATIS=40147, RATIS_ADMIN=40147, RATIS_SERVER=40147, STANDALONE=38407], networkLocation: /default-rack, certSerialId: null, persistedOpState: IN_SERVICE, persistedOpStateExpiryEpochSec: 0}, ReplicationConfig: RATIS/THREE, State:ALLOCATED, leaderId:, CreationTimestamp2021-08-27T12:19:21.791Z[Etc/UTC]].
2021-08-27 12:19:22,144 [Command processor thread] INFO  server.RaftServer (RaftServerProxy.java:addNew(95)) - 97469cba-ac70-4b4e-8b1d-7d1e4e3cf9ac: addNew group-B91BB50F422B:[97469cba-ac70-4b4e-8b1d-7d1e4e3cf9ac|rpc:10.1.0.9:36551|priority:1] returns group-B91BB50F422B:java.util.concurrent.CompletableFuture@475ce7b3[Not completed]
2021-08-27 12:19:22,146 [pool-548-thread-1] INFO  server.RaftServer$Division (RaftServerImpl.java:<init>(181)) - 97469cba-ac70-4b4e-8b1d-7d1e4e3cf9ac: new RaftServerImpl for group-B91BB50F422B:[97469cba-ac70-4b4e-8b1d-7d1e4e3cf9ac|rpc:10.1.0.9:36551|priority:1] with ContainerStateMachine:uninitialized
2021-08-27 12:19:22,146 [pool-548-thread-1] INFO  server.RaftServerConfigKeys (ConfUtils.java:logGet(44)) - raft.server.rpc.timeout.min = 5s (custom)
2021-08-27 12:19:22,146 [pool-548-thread-1] INFO  server.RaftServerConfigKeys (ConfUtils.java:logGet(44)) - raft.server.rpc.timeout.max = 5200ms (custom)
2021-08-27 12:19:22,146 [pool-548-thread-1] INFO  server.RaftServerConfigKeys (ConfUtils.java:logGet(44)) - raft.server.rpc.sleep.time = 25ms (default)
2021-08-27 12:19:22,146 [pool-548-thread-1] INFO  server.RaftServerConfigKeys (ConfUtils.java:logGet(44)) - raft.server.rpc.slowness.timeout = 300000ms (custom)
2021-08-27 12:19:22,146 [pool-548-thread-1] INFO  server.RaftServerConfigKeys (ConfUtils.java:logGet(44)) - raft.server.leaderelection.leader.step-down.wait-time = 10s (default)
2021-08-27 12:19:22,146 [pool-548-thread-1] INFO  server.RaftServerConfigKeys (ConfUtils.java:logGet(44)) - raft.server.sleep.deviation.threshold = 300ms (default)
2021-08-27 12:19:22,146 [pool-548-thread-1] INFO  server.RaftServerConfigKeys (ConfUtils.java:logGet(44)) - raft.server.log.appender.install.snapshot.enabled = false (custom)
2021-08-27 12:19:22,146 [pool-548-thread-1] INFO  server.RaftServer$Division (ServerState.java:<init>(105)) - 97469cba-ac70-4b4e-8b1d-7d1e4e3cf9ac@group-B91BB50F422B: ConfigurationManager, init=-1: [97469cba-ac70-4b4e-8b1d-7d1e4e3cf9ac|rpc:10.1.0.9:36551|priority:1], old=null, confs=<EMPTY_MAP>
2021-08-27 12:19:22,146 [pool-548-thread-1] INFO  server.RaftServerConfigKeys (ConfUtils.java:logGet(44)) - raft.server.storage.dir = [/home/runner/work/ozone/ozone/hadoop-ozone/integration-test/target/test-dir/MiniOzoneClusterImpl-595ad429-f938-4b04-a1e1-fbbc785922f0/datanode-0/data/ratis] (custom)
2021-08-27 12:19:22,147 [pool-548-thread-1] INFO  server.RaftServerConfigKeys (ConfUtils.java:logGet(44)) - raft.server.log.corruption.policy = EXCEPTION (default)
2021-08-27 12:19:22,147 [pool-548-thread-1] INFO  server.RaftServerConfigKeys (ConfUtils.java:logGet(44)) - raft.server.storage.free-space.min = 0MB (=0) (default)
2021-08-27 12:19:22,147 [pool-548-thread-1] INFO  storage.RaftStorageDirectory (RaftStorageDirectoryImpl.java:analyzeStorage(135)) - The storage directory /home/runner/work/ozone/ozone/hadoop-ozone/integration-test/target/test-dir/MiniOzoneClusterImpl-595ad429-f938-4b04-a1e1-fbbc785922f0/datanode-0/data/ratis/5fa11995-2f58-4a86-a79b-b91bb50f422b does not exist. Creating ...
2021-08-27 12:19:22,148 [pool-548-thread-1] INFO  storage.RaftStorageDirectory (RaftStorageDirectoryImpl.java:tryLock(230)) - Lock on /home/runner/work/ozone/ozone/hadoop-ozone/integration-test/target/test-dir/MiniOzoneClusterImpl-595ad429-f938-4b04-a1e1-fbbc785922f0/datanode-0/data/ratis/5fa11995-2f58-4a86-a79b-b91bb50f422b/in_use.lock acquired by nodename 3639@fv-az122-729
2021-08-27 12:19:22,149 [pool-548-thread-1] INFO  storage.RaftStorage (RaftStorageImpl.java:format(89)) - Storage directory /home/runner/work/ozone/ozone/hadoop-ozone/integration-test/target/test-dir/MiniOzoneClusterImpl-595ad429-f938-4b04-a1e1-fbbc785922f0/datanode-0/data/ratis/5fa11995-2f58-4a86-a79b-b91bb50f422b has been successfully formatted.
2021-08-27 12:19:22,167 [Datanode State Machine Thread - 0] WARN  statemachine.StateContext (StateContext.java:execute(621)) - No available thread in pool for past 1 seconds.
2021-08-27 12:19:22,167 [pool-548-thread-1] INFO  ratis.ContainerStateMachine (ContainerStateMachine.java:loadSnapshot(224)) - group-B91BB50F422B: The snapshot info is null. Setting the last applied indexto:(t:0, i:~)
2021-08-27 12:19:22,167 [pool-548-thread-1] INFO  server.RaftServerConfigKeys (ConfUtils.java:logGet(44)) - raft.server.notification.no-leader.timeout = 300000ms (custom)
2021-08-27 12:19:22,168 [EventQueue-PipelineReportForPipelineReportHandler] INFO  pipeline.PipelineManagerImpl (PipelineManagerImpl.java:openPipeline(282)) - Pipeline Pipeline[ Id: 5fa11995-2f58-4a86-a79b-b91bb50f422b, Nodes: 97469cba-ac70-4b4e-8b1d-7d1e4e3cf9ac{ip: 10.1.0.9, host: fv-az122-729.zf1tlrj3kn4expqppa1j4mpycf.xx.internal.cloudapp.net, ports: [REPLICATION=34189, RATIS=36551, RATIS_ADMIN=36551, RATIS_SERVER=36551, STANDALONE=39425], networkLocation: /default-rack, certSerialId: null, persistedOpState: IN_SERVICE, persistedOpStateExpiryEpochSec: 0}, ReplicationConfig: RATIS/ONE, State:ALLOCATED, leaderId:97469cba-ac70-4b4e-8b1d-7d1e4e3cf9ac, CreationTimestamp2021-08-27T12:19:19.164Z[Etc/UTC]] moved to OPEN state
2021-08-27 12:19:22,194 [pool-548-thread-1] INFO  server.RaftServerConfigKeys (ConfUtils.java:logGet(44)) - raft.server.log.use.memory = false (default)
2021-08-27 12:19:22,194 [pool-548-thread-1] INFO  server.RaftServerConfigKeys (ConfUtils.java:logGet(44)) - raft.server.log.purge.gap = 1000000 (custom)
2021-08-27 12:19:22,194 [pool-548-thread-1] INFO  server.RaftServerConfigKeys (ConfUtils.java:logGet(44)) - raft.server.log.appender.buffer.byte-limit = 33554432 (custom)
2021-08-27 12:19:22,194 [pool-548-thread-1] INFO  server.RaftServerConfigKeys (ConfUtils.java:logGet(44)) - raft.server.log.segment.size.max = 1048576 (custom)
2021-08-27 12:19:22,195 [pool-548-thread-1] INFO  server.RaftServerConfigKeys (ConfUtils.java:logGet(44)) - raft.server.log.segment.cache.num.max = 2 (custom)
2021-08-27 12:19:22,195 [pool-548-thread-1] INFO  server.RaftServerConfigKeys (ConfUtils.java:logGet(44)) - raft.server.log.segment.cache.size.max = 200MB (=209715200) (default)
2021-08-27 12:19:22,195 [pool-548-thread-1] INFO  segmented.SegmentedRaftLogWorker (SegmentedRaftLogWorker.java:<init>(182)) - new 97469cba-ac70-4b4e-8b1d-7d1e4e3cf9ac@group-B91BB50F422B-SegmentedRaftLogWorker for RaftStorageImpl:Storage Directory /home/runner/work/ozone/ozone/hadoop-ozone/integration-test/target/test-dir/MiniOzoneClusterImpl-595ad429-f938-4b04-a1e1-fbbc785922f0/datanode-0/data/ratis/5fa11995-2f58-4a86-a79b-b91bb50f422b
2021-08-27 12:19:22,195 [pool-548-thread-1] INFO  server.RaftServerConfigKeys (ConfUtils.java:logGet(44)) - raft.server.log.queue.byte-limit = 2147483647 (custom)
2021-08-27 12:19:22,195 [pool-548-thread-1] INFO  server.RaftServerConfigKeys (ConfUtils.java:logGet(44)) - raft.server.log.queue.element-limit = 1024 (custom)
2021-08-27 12:19:22,195 [pool-548-thread-1] INFO  server.RaftServerConfigKeys (ConfUtils.java:logGet(44)) - raft.server.log.segment.size.max = 1048576 (custom)
2021-08-27 12:19:22,195 [pool-548-thread-1] INFO  server.RaftServerConfigKeys (ConfUtils.java:logGet(44)) - raft.server.log.preallocated.size = 16384 (custom)
2021-08-27 12:19:22,195 [pool-548-thread-1] INFO  server.RaftServerConfigKeys (ConfUtils.java:logGet(44)) - raft.server.log.force.sync.num = 128 (default)
2021-08-27 12:19:22,195 [pool-548-thread-1] INFO  server.RaftServerConfigKeys (ConfUtils.java:logGet(44)) - raft.server.log.statemachine.data.sync = true (default)
2021-08-27 12:19:22,195 [pool-548-thread-1] INFO  server.RaftServerConfigKeys (ConfUtils.java:logGet(44)) - raft.server.log.statemachine.data.sync.timeout = 10s (default)
2021-08-27 12:19:22,196 [pool-548-thread-1] INFO  server.RaftServerConfigKeys (ConfUtils.java:logGet(44)) - raft.server.log.statemachine.data.sync.timeout.retry = -1 (default)
2021-08-27 12:19:22,197 [pool-548-thread-1] INFO  server.RaftServerConfigKeys (ConfUtils.java:logGet(44)) - raft.server.log.write.buffer.size = 1048576 (custom)
2021-08-27 12:19:22,198 [EventQueue-OpenPipelineForHealthyPipelineSafeModeRule] INFO  safemode.SCMSafeModeManager (HealthyPipelineSafeModeRule.java:process(124)) - SCM in safe mode. Healthy pipelines reported count is 0, required healthy pipeline reported count is 1
2021-08-27 12:19:22,198 [pool-548-thread-1] INFO  server.RaftServerConfigKeys (ConfUtils.java:logGet(44)) - raft.server.log.statemachine.data.caching.enabled = true (custom)
2021-08-27 12:19:22,198 [pool-548-thread-1] INFO  segmented.SegmentedRaftLogWorker (SegmentedRaftLogWorker.java:lambda$new$0(133)) - 97469cba-ac70-4b4e-8b1d-7d1e4e3cf9ac@group-B91BB50F422B-SegmentedRaftLogWorker: flushIndex: setUnconditionally 0 -> -1
2021-08-27 12:19:22,198 [pool-548-thread-1] INFO  segmented.SegmentedRaftLogWorker (SegmentedRaftLogWorker.java:lambda$new$0(133)) - 97469cba-ac70-4b4e-8b1d-7d1e4e3cf9ac@group-B91BB50F422B-SegmentedRaftLogWorker: safeCacheEvictIndex: setUnconditionally 0 -> -1
2021-08-27 12:19:22,199 [pool-548-thread-1] INFO  server.RaftServerConfigKeys (ConfUtils.java:logGet(44)) - raft.server.snapshot.auto.trigger.enabled = true (custom)
2021-08-27 12:19:22,199 [pool-548-thread-1] INFO  server.RaftServerConfigKeys (ConfUtils.java:logGet(44)) - raft.server.snapshot.auto.trigger.threshold = 10000 (custom)
2021-08-27 12:19:22,199 [pool-548-thread-1] INFO  server.RaftServerConfigKeys (ConfUtils.java:logGet(44)) - raft.server.snapshot.retention.file.num = 5 (custom)
2021-08-27 12:19:22,199 [pool-548-thread-1] INFO  server.RaftServerConfigKeys (ConfUtils.java:logGet(44)) - raft.server.log.purge.upto.snapshot.index = false (default)
2021-08-27 12:19:22,199 [pool-548-thread-1] INFO  server.RaftServerConfigKeys (ConfUtils.java:logGet(44)) - raft.server.retrycache.expirytime = 600000ms (custom)
2021-08-27 12:19:22,199 [pool-548-thread-1] INFO  server.RaftServerConfigKeys (ConfUtils.java:logGet(44)) - raft.server.retrycache.statistics.expirytime = 100μs (default)
2021-08-27 12:19:22,200 [pool-548-thread-1] INFO  server.RaftServer$Division (RaftServerImpl.java:start(296)) - 97469cba-ac70-4b4e-8b1d-7d1e4e3cf9ac@group-B91BB50F422B: start as a follower, conf=-1: [97469cba-ac70-4b4e-8b1d-7d1e4e3cf9ac|rpc:10.1.0.9:36551|priority:1], old=null
2021-08-27 12:19:22,201 [pool-548-thread-1] INFO  server.RaftServer$Division (RaftServerImpl.java:setRole(285)) - 97469cba-ac70-4b4e-8b1d-7d1e4e3cf9ac@group-B91BB50F422B: changes role from      null to FOLLOWER at term 0 for startAsFollower
2021-08-27 12:19:22,201 [pool-548-thread-1] INFO  impl.RoleInfo (RoleInfo.java:updateAndGet(130)) - 97469cba-ac70-4b4e-8b1d-7d1e4e3cf9ac: start 97469cba-ac70-4b4e-8b1d-7d1e4e3cf9ac@group-B91BB50F422B-FollowerState
2021-08-27 12:19:22,201 [pool-548-thread-1] INFO  util.JmxRegister (JmxRegister.java:tryRegister(44)) - Successfully registered JMX Bean with object name Ratis:service=RaftServer,group=group-B91BB50F422B,id=97469cba-ac70-4b4e-8b1d-7d1e4e3cf9ac
2021-08-27 12:19:22,201 [Command processor thread] INFO  ratis.XceiverServerRatis (XceiverServerRatis.java:addGroup(763)) - Created group PipelineID=5fa11995-2f58-4a86-a79b-b91bb50f422b
2021-08-27 12:19:22,202 [Command processor thread] INFO  commandhandler.CreatePipelineCommandHandler (CreatePipelineCommandHandler.java:handle(106)) - Created Pipeline RATIS ONE PipelineID=5fa11995-2f58-4a86-a79b-b91bb50f422b.
2021-08-27 12:19:22,202 [Command processor thread] INFO  server.RaftServer (RaftServerProxy.java:addNew(95)) - 97469cba-ac70-4b4e-8b1d-7d1e4e3cf9ac: addNew group-6AA931AC1D3C:[dd2b24ff-1eae-4a3e-81dc-b04424e7f942|rpc:10.1.0.9:39127|priority:0, f890e39a-5838-4db2-99cf-760c0a4a7b9f|rpc:10.1.0.9:38659|priority:0, 97469cba-ac70-4b4e-8b1d-7d1e4e3cf9ac|rpc:10.1.0.9:36551|priority:1] returns group-6AA931AC1D3C:java.util.concurrent.CompletableFuture@43636b80[Not completed]
2021-08-27 12:19:22,204 [pool-548-thread-1] INFO  server.RaftServer$Division (RaftServerImpl.java:<init>(181)) - 97469cba-ac70-4b4e-8b1d-7d1e4e3cf9ac: new RaftServerImpl for group-6AA931AC1D3C:[dd2b24ff-1eae-4a3e-81dc-b04424e7f942|rpc:10.1.0.9:39127|priority:0, f890e39a-5838-4db2-99cf-760c0a4a7b9f|rpc:10.1.0.9:38659|priority:0, 97469cba-ac70-4b4e-8b1d-7d1e4e3cf9ac|rpc:10.1.0.9:36551|priority:1] with ContainerStateMachine:uninitialized
2021-08-27 12:19:22,204 [pool-548-thread-1] INFO  server.RaftServerConfigKeys (ConfUtils.java:logGet(44)) - raft.server.rpc.timeout.min = 5s (custom)
2021-08-27 12:19:22,204 [pool-548-thread-1] INFO  server.RaftServerConfigKeys (ConfUtils.java:logGet(44)) - raft.server.rpc.timeout.max = 5200ms (custom)
2021-08-27 12:19:22,204 [pool-548-thread-1] INFO  server.RaftServerConfigKeys (ConfUtils.java:logGet(44)) - raft.server.rpc.sleep.time = 25ms (default)
2021-08-27 12:19:22,204 [pool-548-thread-1] INFO  server.RaftServerConfigKeys (ConfUtils.java:logGet(44)) - raft.server.rpc.slowness.timeout = 300000ms (custom)
2021-08-27 12:19:22,204 [pool-548-thread-1] INFO  server.RaftServerConfigKeys (ConfUtils.java:logGet(44)) - raft.server.leaderelection.leader.step-down.wait-time = 10s (default)
2021-08-27 12:19:22,204 [pool-548-thread-1] INFO  server.RaftServerConfigKeys (ConfUtils.java:logGet(44)) - raft.server.sleep.deviation.threshold = 300ms (default)
2021-08-27 12:19:22,204 [pool-548-thread-1] INFO  server.RaftServerConfigKeys (ConfUtils.java:logGet(44)) - raft.server.log.appender.install.snapshot.enabled = false (custom)
2021-08-27 12:19:22,204 [pool-548-thread-1] INFO  server.RaftServer$Division (ServerState.java:<init>(105)) - 97469cba-ac70-4b4e-8b1d-7d1e4e3cf9ac@group-6AA931AC1D3C: ConfigurationManager, init=-1: [dd2b24ff-1eae-4a3e-81dc-b04424e7f942|rpc:10.1.0.9:39127|priority:0, f890e39a-5838-4db2-99cf-760c0a4a7b9f|rpc:10.1.0.9:38659|priority:0, 97469cba-ac70-4b4e-8b1d-7d1e4e3cf9ac|rpc:10.1.0.9:36551|priority:1], old=null, confs=<EMPTY_MAP>
2021-08-27 12:19:22,204 [pool-548-thread-1] INFO  server.RaftServerConfigKeys (ConfUtils.java:logGet(44)) - raft.server.storage.dir = [/home/runner/work/ozone/ozone/hadoop-ozone/integration-test/target/test-dir/MiniOzoneClusterImpl-595ad429-f938-4b04-a1e1-fbbc785922f0/datanode-0/data/ratis] (custom)
2021-08-27 12:19:22,204 [pool-548-thread-1] INFO  server.RaftServerConfigKeys (ConfUtils.java:logGet(44)) - raft.server.log.corruption.policy = EXCEPTION (default)
2021-08-27 12:19:22,204 [pool-548-thread-1] INFO  server.RaftServerConfigKeys (ConfUtils.java:logGet(44)) - raft.server.storage.free-space.min = 0MB (=0) (default)
2021-08-27 12:19:22,204 [pool-548-thread-1] INFO  storage.RaftStorageDirectory (RaftStorageDirectoryImpl.java:analyzeStorage(135)) - The storage directory /home/runner/work/ozone/ozone/hadoop-ozone/integration-test/target/test-dir/MiniOzoneClusterImpl-595ad429-f938-4b04-a1e1-fbbc785922f0/datanode-0/data/ratis/8e08a3c8-b922-4d02-9de6-6aa931ac1d3c does not exist. Creating ...
2021-08-27 12:19:22,206 [pool-548-thread-1] INFO  storage.RaftStorageDirectory (RaftStorageDirectoryImpl.java:tryLock(230)) - Lock on /home/runner/work/ozone/ozone/hadoop-ozone/integration-test/target/test-dir/MiniOzoneClusterImpl-595ad429-f938-4b04-a1e1-fbbc785922f0/datanode-0/data/ratis/8e08a3c8-b922-4d02-9de6-6aa931ac1d3c/in_use.lock acquired by nodename 3639@fv-az122-729
2021-08-27 12:19:22,207 [pool-548-thread-1] INFO  storage.RaftStorage (RaftStorageImpl.java:format(89)) - Storage directory /home/runner/work/ozone/ozone/hadoop-ozone/integration-test/target/test-dir/MiniOzoneClusterImpl-595ad429-f938-4b04-a1e1-fbbc785922f0/datanode-0/data/ratis/8e08a3c8-b922-4d02-9de6-6aa931ac1d3c has been successfully formatted.
2021-08-27 12:19:22,208 [pool-548-thread-1] INFO  ratis.ContainerStateMachine (ContainerStateMachine.java:loadSnapshot(224)) - group-6AA931AC1D3C: The snapshot info is null. Setting the last applied indexto:(t:0, i:~)
2021-08-27 12:19:22,208 [pool-548-thread-1] INFO  server.RaftServerConfigKeys (ConfUtils.java:logGet(44)) - raft.server.notification.no-leader.timeout = 300000ms (custom)
2021-08-27 12:19:22,208 [pool-548-thread-1] INFO  server.RaftServerConfigKeys (ConfUtils.java:logGet(44)) - raft.server.log.use.memory = false (default)
2021-08-27 12:19:22,208 [pool-548-thread-1] INFO  server.RaftServerConfigKeys (ConfUtils.java:logGet(44)) - raft.server.log.purge.gap = 1000000 (custom)
2021-08-27 12:19:22,208 [pool-548-thread-1] INFO  server.RaftServerConfigKeys (ConfUtils.java:logGet(44)) - raft.server.log.appender.buffer.byte-limit = 33554432 (custom)
2021-08-27 12:19:22,208 [pool-548-thread-1] INFO  server.RaftServerConfigKeys (ConfUtils.java:logGet(44)) - raft.server.log.segment.size.max = 1048576 (custom)
2021-08-27 12:19:22,209 [pool-548-thread-1] INFO  server.RaftServerConfigKeys (ConfUtils.java:logGet(44)) - raft.server.log.segment.cache.num.max = 2 (custom)
2021-08-27 12:19:22,209 [pool-548-thread-1] INFO  server.RaftServerConfigKeys (ConfUtils.java:logGet(44)) - raft.server.log.segment.cache.size.max = 200MB (=209715200) (default)
2021-08-27 12:19:22,209 [pool-548-thread-1] INFO  segmented.SegmentedRaftLogWorker (SegmentedRaftLogWorker.java:<init>(182)) - new 97469cba-ac70-4b4e-8b1d-7d1e4e3cf9ac@group-6AA931AC1D3C-SegmentedRaftLogWorker for RaftStorageImpl:Storage Directory /home/runner/work/ozone/ozone/hadoop-ozone/integration-test/target/test-dir/MiniOzoneClusterImpl-595ad429-f938-4b04-a1e1-fbbc785922f0/datanode-0/data/ratis/8e08a3c8-b922-4d02-9de6-6aa931ac1d3c
2021-08-27 12:19:22,209 [pool-548-thread-1] INFO  server.RaftServerConfigKeys (ConfUtils.java:logGet(44)) - raft.server.log.queue.byte-limit = 2147483647 (custom)
2021-08-27 12:19:22,209 [pool-548-thread-1] INFO  server.RaftServerConfigKeys (ConfUtils.java:logGet(44)) - raft.server.log.queue.element-limit = 1024 (custom)
2021-08-27 12:19:22,209 [pool-548-thread-1] INFO  server.RaftServerConfigKeys (ConfUtils.java:logGet(44)) - raft.server.log.segment.size.max = 1048576 (custom)
2021-08-27 12:19:22,209 [pool-548-thread-1] INFO  server.RaftServerConfigKeys (ConfUtils.java:logGet(44)) - raft.server.log.preallocated.size = 16384 (custom)
2021-08-27 12:19:22,209 [pool-548-thread-1] INFO  server.RaftServerConfigKeys (ConfUtils.java:logGet(44)) - raft.server.log.force.sync.num = 128 (default)
2021-08-27 12:19:22,209 [pool-548-thread-1] INFO  server.RaftServerConfigKeys (ConfUtils.java:logGet(44)) - raft.server.log.statemachine.data.sync = true (default)
2021-08-27 12:19:22,209 [pool-548-thread-1] INFO  server.RaftServerConfigKeys (ConfUtils.java:logGet(44)) - raft.server.log.statemachine.data.sync.timeout = 10s (default)
2021-08-27 12:19:22,209 [pool-548-thread-1] INFO  server.RaftServerConfigKeys (ConfUtils.java:logGet(44)) - raft.server.log.statemachine.data.sync.timeout.retry = -1 (default)
2021-08-27 12:19:22,210 [EventQueue-OpenPipelineForHealthyPipelineSafeModeRule] INFO  safemode.SCMSafeModeManager (HealthyPipelineSafeModeRule.java:process(124)) - SCM in safe mode. Healthy pipelines reported count is 0, required healthy pipeline reported count is 1
2021-08-27 12:19:22,212 [pool-548-thread-1] INFO  server.RaftServerConfigKeys (ConfUtils.java:logGet(44)) - raft.server.log.write.buffer.size = 1048576 (custom)
2021-08-27 12:19:22,212 [pool-548-thread-1] INFO  server.RaftServerConfigKeys (ConfUtils.java:logGet(44)) - raft.server.log.statemachine.data.caching.enabled = true (custom)
2021-08-27 12:19:22,212 [pool-548-thread-1] INFO  segmented.SegmentedRaftLogWorker (SegmentedRaftLogWorker.java:lambda$new$0(133)) - 97469cba-ac70-4b4e-8b1d-7d1e4e3cf9ac@group-6AA931AC1D3C-SegmentedRaftLogWorker: flushIndex: setUnconditionally 0 -> -1
2021-08-27 12:19:22,212 [pool-548-thread-1] INFO  segmented.SegmentedRaftLogWorker (SegmentedRaftLogWorker.java:lambda$new$0(133)) - 97469cba-ac70-4b4e-8b1d-7d1e4e3cf9ac@group-6AA931AC1D3C-SegmentedRaftLogWorker: safeCacheEvictIndex: setUnconditionally 0 -> -1
2021-08-27 12:19:22,213 [pool-548-thread-1] INFO  server.RaftServerConfigKeys (ConfUtils.java:logGet(44)) - raft.server.snapshot.auto.trigger.enabled = true (custom)
2021-08-27 12:19:22,213 [pool-548-thread-1] INFO  server.RaftServerConfigKeys (ConfUtils.java:logGet(44)) - raft.server.snapshot.auto.trigger.threshold = 10000 (custom)
2021-08-27 12:19:22,213 [pool-548-thread-1] INFO  server.RaftServerConfigKeys (ConfUtils.java:logGet(44)) - raft.server.snapshot.retention.file.num = 5 (custom)
2021-08-27 12:19:22,213 [pool-548-thread-1] INFO  server.RaftServerConfigKeys (ConfUtils.java:logGet(44)) - raft.server.log.purge.upto.snapshot.index = false (default)
2021-08-27 12:19:22,213 [pool-548-thread-1] INFO  server.RaftServerConfigKeys (ConfUtils.java:logGet(44)) - raft.server.retrycache.expirytime = 600000ms (custom)
2021-08-27 12:19:22,213 [pool-548-thread-1] INFO  server.RaftServerConfigKeys (ConfUtils.java:logGet(44)) - raft.server.retrycache.statistics.expirytime = 100μs (default)
2021-08-27 12:19:22,214 [pool-548-thread-1] INFO  server.RaftServer$Division (RaftServerImpl.java:start(296)) - 97469cba-ac70-4b4e-8b1d-7d1e4e3cf9ac@group-6AA931AC1D3C: start as a follower, conf=-1: [dd2b24ff-1eae-4a3e-81dc-b04424e7f942|rpc:10.1.0.9:39127|priority:0, f890e39a-5838-4db2-99cf-760c0a4a7b9f|rpc:10.1.0.9:38659|priority:0, 97469cba-ac70-4b4e-8b1d-7d1e4e3cf9ac|rpc:10.1.0.9:36551|priority:1], old=null
2021-08-27 12:19:22,214 [pool-548-thread-1] INFO  server.RaftServer$Division (RaftServerImpl.java:setRole(285)) - 97469cba-ac70-4b4e-8b1d-7d1e4e3cf9ac@group-6AA931AC1D3C: changes role from      null to FOLLOWER at term 0 for startAsFollower
2021-08-27 12:19:22,214 [pool-548-thread-1] INFO  impl.RoleInfo (RoleInfo.java:updateAndGet(130)) - 97469cba-ac70-4b4e-8b1d-7d1e4e3cf9ac: start 97469cba-ac70-4b4e-8b1d-7d1e4e3cf9ac@group-6AA931AC1D3C-FollowerState
2021-08-27 12:19:22,215 [pool-548-thread-1] INFO  util.JmxRegister (JmxRegister.java:tryRegister(44)) - Successfully registered JMX Bean with object name Ratis:service=RaftServer,group=group-6AA931AC1D3C,id=97469cba-ac70-4b4e-8b1d-7d1e4e3cf9ac
2021-08-27 12:19:22,217 [Command processor thread] INFO  ratis.XceiverServerRatis (XceiverServerRatis.java:addGroup(763)) - Created group PipelineID=8e08a3c8-b922-4d02-9de6-6aa931ac1d3c
2021-08-27 12:19:22,232 [grpc-default-executor-1] INFO  server.RaftServer (RaftServerProxy.java:addNew(95)) - f890e39a-5838-4db2-99cf-760c0a4a7b9f: addNew group-6AA931AC1D3C:[dd2b24ff-1eae-4a3e-81dc-b04424e7f942|rpc:10.1.0.9:39127|dataStream:|priority:0, f890e39a-5838-4db2-99cf-760c0a4a7b9f|rpc:10.1.0.9:38659|dataStream:|priority:0, 97469cba-ac70-4b4e-8b1d-7d1e4e3cf9ac|rpc:10.1.0.9:36551|dataStream:|priority:1] returns group-6AA931AC1D3C:java.util.concurrent.CompletableFuture@13afd446[Not completed]
2021-08-27 12:19:22,238 [pool-567-thread-1] INFO  server.RaftServer$Division (RaftServerImpl.java:<init>(181)) - f890e39a-5838-4db2-99cf-760c0a4a7b9f: new RaftServerImpl for group-6AA931AC1D3C:[dd2b24ff-1eae-4a3e-81dc-b04424e7f942|rpc:10.1.0.9:39127|dataStream:|priority:0, f890e39a-5838-4db2-99cf-760c0a4a7b9f|rpc:10.1.0.9:38659|dataStream:|priority:0, 97469cba-ac70-4b4e-8b1d-7d1e4e3cf9ac|rpc:10.1.0.9:36551|dataStream:|priority:1] with ContainerStateMachine:uninitialized
2021-08-27 12:19:22,238 [pool-567-thread-1] INFO  server.RaftServerConfigKeys (ConfUtils.java:logGet(44)) - raft.server.rpc.timeout.min = 5s (custom)
2021-08-27 12:19:22,238 [pool-567-thread-1] INFO  server.RaftServerConfigKeys (ConfUtils.java:logGet(44)) - raft.server.rpc.timeout.max = 5200ms (custom)
2021-08-27 12:19:22,239 [pool-567-thread-1] INFO  server.RaftServerConfigKeys (ConfUtils.java:logGet(44)) - raft.server.rpc.sleep.time = 25ms (default)
2021-08-27 12:19:22,239 [pool-567-thread-1] INFO  server.RaftServerConfigKeys (ConfUtils.java:logGet(44)) - raft.server.rpc.slowness.timeout = 300000ms (custom)
2021-08-27 12:19:22,239 [pool-567-thread-1] INFO  server.RaftServerConfigKeys (ConfUtils.java:logGet(44)) - raft.server.leaderelection.leader.step-down.wait-time = 10s (default)
2021-08-27 12:19:22,239 [pool-567-thread-1] INFO  server.RaftServerConfigKeys (ConfUtils.java:logGet(44)) - raft.server.sleep.deviation.threshold = 300ms (default)
2021-08-27 12:19:22,239 [pool-567-thread-1] INFO  server.RaftServerConfigKeys (ConfUtils.java:logGet(44)) - raft.server.log.appender.install.snapshot.enabled = false (custom)
2021-08-27 12:19:22,239 [pool-567-thread-1] INFO  server.RaftServer$Division (ServerState.java:<init>(105)) - f890e39a-5838-4db2-99cf-760c0a4a7b9f@group-6AA931AC1D3C: ConfigurationManager, init=-1: [dd2b24ff-1eae-4a3e-81dc-b04424e7f942|rpc:10.1.0.9:39127|dataStream:|priority:0, f890e39a-5838-4db2-99cf-760c0a4a7b9f|rpc:10.1.0.9:38659|dataStream:|priority:0, 97469cba-ac70-4b4e-8b1d-7d1e4e3cf9ac|rpc:10.1.0.9:36551|dataStream:|priority:1], old=null, confs=<EMPTY_MAP>
2021-08-27 12:19:22,239 [pool-567-thread-1] INFO  server.RaftServerConfigKeys (ConfUtils.java:logGet(44)) - raft.server.storage.dir = [/home/runner/work/ozone/ozone/hadoop-ozone/integration-test/target/test-dir/MiniOzoneClusterImpl-595ad429-f938-4b04-a1e1-fbbc785922f0/datanode-1/data/ratis] (custom)
2021-08-27 12:19:22,239 [pool-567-thread-1] INFO  server.RaftServerConfigKeys (ConfUtils.java:logGet(44)) - raft.server.log.corruption.policy = EXCEPTION (default)
2021-08-27 12:19:22,239 [pool-567-thread-1] INFO  server.RaftServerConfigKeys (ConfUtils.java:logGet(44)) - raft.server.storage.free-space.min = 0MB (=0) (default)
2021-08-27 12:19:22,240 [pool-567-thread-1] INFO  storage.RaftStorageDirectory (RaftStorageDirectoryImpl.java:analyzeStorage(135)) - The storage directory /home/runner/work/ozone/ozone/hadoop-ozone/integration-test/target/test-dir/MiniOzoneClusterImpl-595ad429-f938-4b04-a1e1-fbbc785922f0/datanode-1/data/ratis/8e08a3c8-b922-4d02-9de6-6aa931ac1d3c does not exist. Creating ...
2021-08-27 12:19:22,248 [pool-567-thread-1] INFO  storage.RaftStorageDirectory (RaftStorageDirectoryImpl.java:tryLock(230)) - Lock on /home/runner/work/ozone/ozone/hadoop-ozone/integration-test/target/test-dir/MiniOzoneClusterImpl-595ad429-f938-4b04-a1e1-fbbc785922f0/datanode-1/data/ratis/8e08a3c8-b922-4d02-9de6-6aa931ac1d3c/in_use.lock acquired by nodename 3639@fv-az122-729
2021-08-27 12:19:22,259 [pool-567-thread-1] INFO  storage.RaftStorage (RaftStorageImpl.java:format(89)) - Storage directory /home/runner/work/ozone/ozone/hadoop-ozone/integration-test/target/test-dir/MiniOzoneClusterImpl-595ad429-f938-4b04-a1e1-fbbc785922f0/datanode-1/data/ratis/8e08a3c8-b922-4d02-9de6-6aa931ac1d3c has been successfully formatted.
2021-08-27 12:19:22,274 [pool-567-thread-1] INFO  ratis.ContainerStateMachine (ContainerStateMachine.java:loadSnapshot(224)) - group-6AA931AC1D3C: The snapshot info is null. Setting the last applied indexto:(t:0, i:~)
2021-08-27 12:19:22,286 [pool-567-thread-1] INFO  server.RaftServerConfigKeys (ConfUtils.java:logGet(44)) - raft.server.notification.no-leader.timeout = 300000ms (custom)
2021-08-27 12:19:22,286 [pool-567-thread-1] INFO  server.RaftServerConfigKeys (ConfUtils.java:logGet(44)) - raft.server.log.use.memory = false (default)
2021-08-27 12:19:22,286 [pool-567-thread-1] INFO  server.RaftServerConfigKeys (ConfUtils.java:logGet(44)) - raft.server.log.purge.gap = 1000000 (custom)
2021-08-27 12:19:22,286 [pool-567-thread-1] INFO  server.RaftServerConfigKeys (ConfUtils.java:logGet(44)) - raft.server.log.appender.buffer.byte-limit = 33554432 (custom)
2021-08-27 12:19:22,287 [pool-567-thread-1] INFO  server.RaftServerConfigKeys (ConfUtils.java:logGet(44)) - raft.server.log.segment.size.max = 1048576 (custom)
2021-08-27 12:19:22,287 [pool-567-thread-1] INFO  server.RaftServerConfigKeys (ConfUtils.java:logGet(44)) - raft.server.log.segment.cache.num.max = 2 (custom)
2021-08-27 12:19:22,287 [pool-567-thread-1] INFO  server.RaftServerConfigKeys (ConfUtils.java:logGet(44)) - raft.server.log.segment.cache.size.max = 200MB (=209715200) (default)
2021-08-27 12:19:22,287 [pool-567-thread-1] INFO  segmented.SegmentedRaftLogWorker (SegmentedRaftLogWorker.java:<init>(182)) - new f890e39a-5838-4db2-99cf-760c0a4a7b9f@group-6AA931AC1D3C-SegmentedRaftLogWorker for RaftStorageImpl:Storage Directory /home/runner/work/ozone/ozone/hadoop-ozone/integration-test/target/test-dir/MiniOzoneClusterImpl-595ad429-f938-4b04-a1e1-fbbc785922f0/datanode-1/data/ratis/8e08a3c8-b922-4d02-9de6-6aa931ac1d3c
2021-08-27 12:19:22,287 [pool-567-thread-1] INFO  server.RaftServerConfigKeys (ConfUtils.java:logGet(44)) - raft.server.log.queue.byte-limit = 2147483647 (custom)
2021-08-27 12:19:22,287 [pool-567-thread-1] INFO  server.RaftServerConfigKeys (ConfUtils.java:logGet(44)) - raft.server.log.queue.element-limit = 1024 (custom)
2021-08-27 12:19:22,287 [pool-567-thread-1] INFO  server.RaftServerConfigKeys (ConfUtils.java:logGet(44)) - raft.server.log.segment.size.max = 1048576 (custom)
2021-08-27 12:19:22,287 [pool-567-thread-1] INFO  server.RaftServerConfigKeys (ConfUtils.java:logGet(44)) - raft.server.log.preallocated.size = 16384 (custom)
2021-08-27 12:19:22,287 [pool-567-thread-1] INFO  server.RaftServerConfigKeys (ConfUtils.java:logGet(44)) - raft.server.log.force.sync.num = 128 (default)
2021-08-27 12:19:22,288 [pool-567-thread-1] INFO  server.RaftServerConfigKeys (ConfUtils.java:logGet(44)) - raft.server.log.statemachine.data.sync = true (default)
2021-08-27 12:19:22,288 [pool-567-thread-1] INFO  server.RaftServerConfigKeys (ConfUtils.java:logGet(44)) - raft.server.log.statemachine.data.sync.timeout = 10s (default)
2021-08-27 12:19:22,288 [pool-567-thread-1] INFO  server.RaftServerConfigKeys (ConfUtils.java:logGet(44)) - raft.server.log.statemachine.data.sync.timeout.retry = -1 (default)
2021-08-27 12:19:22,289 [pool-567-thread-1] INFO  server.RaftServerConfigKeys (ConfUtils.java:logGet(44)) - raft.server.log.write.buffer.size = 1048576 (custom)
2021-08-27 12:19:22,292 [pool-567-thread-1] INFO  server.RaftServerConfigKeys (ConfUtils.java:logGet(44)) - raft.server.log.statemachine.data.caching.enabled = true (custom)
2021-08-27 12:19:22,292 [pool-567-thread-1] INFO  segmented.SegmentedRaftLogWorker (SegmentedRaftLogWorker.java:lambda$new$0(133)) - f890e39a-5838-4db2-99cf-760c0a4a7b9f@group-6AA931AC1D3C-SegmentedRaftLogWorker: flushIndex: setUnconditionally 0 -> -1
2021-08-27 12:19:22,292 [pool-567-thread-1] INFO  segmented.SegmentedRaftLogWorker (SegmentedRaftLogWorker.java:lambda$new$0(133)) - f890e39a-5838-4db2-99cf-760c0a4a7b9f@group-6AA931AC1D3C-SegmentedRaftLogWorker: safeCacheEvictIndex: setUnconditionally 0 -> -1
2021-08-27 12:19:22,292 [pool-567-thread-1] INFO  server.RaftServerConfigKeys (ConfUtils.java:logGet(44)) - raft.server.snapshot.auto.trigger.enabled = true (custom)
2021-08-27 12:19:22,292 [pool-567-thread-1] INFO  server.RaftServerConfigKeys (ConfUtils.java:logGet(44)) - raft.server.snapshot.auto.trigger.threshold = 10000 (custom)
2021-08-27 12:19:22,292 [pool-567-thread-1] INFO  server.RaftServerConfigKeys (ConfUtils.java:logGet(44)) - raft.server.snapshot.retention.file.num = 5 (custom)
2021-08-27 12:19:22,292 [pool-567-thread-1] INFO  server.RaftServerConfigKeys (ConfUtils.java:logGet(44)) - raft.server.log.purge.upto.snapshot.index = false (default)
2021-08-27 12:19:22,292 [pool-567-thread-1] INFO  server.RaftServerConfigKeys (ConfUtils.java:logGet(44)) - raft.server.retrycache.expirytime = 600000ms (custom)
2021-08-27 12:19:22,292 [pool-567-thread-1] INFO  server.RaftServerConfigKeys (ConfUtils.java:logGet(44)) - raft.server.retrycache.statistics.expirytime = 100μs (default)
2021-08-27 12:19:22,294 [pool-567-thread-1] INFO  server.RaftServer$Division (RaftServerImpl.java:start(296)) - f890e39a-5838-4db2-99cf-760c0a4a7b9f@group-6AA931AC1D3C: start as a follower, conf=-1: [dd2b24ff-1eae-4a3e-81dc-b04424e7f942|rpc:10.1.0.9:39127|dataStream:|priority:0, f890e39a-5838-4db2-99cf-760c0a4a7b9f|rpc:10.1.0.9:38659|dataStream:|priority:0, 97469cba-ac70-4b4e-8b1d-7d1e4e3cf9ac|rpc:10.1.0.9:36551|dataStream:|priority:1], old=null
2021-08-27 12:19:22,294 [pool-567-thread-1] INFO  server.RaftServer$Division (RaftServerImpl.java:setRole(285)) - f890e39a-5838-4db2-99cf-760c0a4a7b9f@group-6AA931AC1D3C: changes role from      null to FOLLOWER at term 0 for startAsFollower
2021-08-27 12:19:22,294 [pool-567-thread-1] INFO  impl.RoleInfo (RoleInfo.java:updateAndGet(130)) - f890e39a-5838-4db2-99cf-760c0a4a7b9f: start f890e39a-5838-4db2-99cf-760c0a4a7b9f@group-6AA931AC1D3C-FollowerState
2021-08-27 12:19:22,302 [pool-567-thread-1] INFO  util.JmxRegister (JmxRegister.java:tryRegister(44)) - Successfully registered JMX Bean with object name Ratis:service=RaftServer,group=group-6AA931AC1D3C,id=f890e39a-5838-4db2-99cf-760c0a4a7b9f
2021-08-27 12:19:22,343 [grpc-default-executor-1] INFO  server.RaftServer (RaftServerProxy.java:addNew(95)) - dd2b24ff-1eae-4a3e-81dc-b04424e7f942: addNew group-6AA931AC1D3C:[dd2b24ff-1eae-4a3e-81dc-b04424e7f942|rpc:10.1.0.9:39127|dataStream:|priority:0, f890e39a-5838-4db2-99cf-760c0a4a7b9f|rpc:10.1.0.9:38659|dataStream:|priority:0, 97469cba-ac70-4b4e-8b1d-7d1e4e3cf9ac|rpc:10.1.0.9:36551|dataStream:|priority:1] returns group-6AA931AC1D3C:java.util.concurrent.CompletableFuture@4220c21c[Not completed]
2021-08-27 12:19:22,352 [pool-586-thread-1] INFO  server.RaftServer$Division (RaftServerImpl.java:<init>(181)) - dd2b24ff-1eae-4a3e-81dc-b04424e7f942: new RaftServerImpl for group-6AA931AC1D3C:[dd2b24ff-1eae-4a3e-81dc-b04424e7f942|rpc:10.1.0.9:39127|dataStream:|priority:0, f890e39a-5838-4db2-99cf-760c0a4a7b9f|rpc:10.1.0.9:38659|dataStream:|priority:0, 97469cba-ac70-4b4e-8b1d-7d1e4e3cf9ac|rpc:10.1.0.9:36551|dataStream:|priority:1] with ContainerStateMachine:uninitialized
2021-08-27 12:19:22,352 [pool-586-thread-1] INFO  server.RaftServerConfigKeys (ConfUtils.java:logGet(44)) - raft.server.rpc.timeout.min = 5s (custom)
2021-08-27 12:19:22,352 [pool-586-thread-1] INFO  server.RaftServerConfigKeys (ConfUtils.java:logGet(44)) - raft.server.rpc.timeout.max = 5200ms (custom)
2021-08-27 12:19:22,354 [pool-586-thread-1] INFO  server.RaftServerConfigKeys (ConfUtils.java:logGet(44)) - raft.server.rpc.sleep.time = 25ms (default)
2021-08-27 12:19:22,354 [pool-586-thread-1] INFO  server.RaftServerConfigKeys (ConfUtils.java:logGet(44)) - raft.server.rpc.slowness.timeout = 300000ms (custom)
2021-08-27 12:19:22,354 [pool-586-thread-1] INFO  server.RaftServerConfigKeys (ConfUtils.java:logGet(44)) - raft.server.leaderelection.leader.step-down.wait-time = 10s (default)
2021-08-27 12:19:22,354 [pool-586-thread-1] INFO  server.RaftServerConfigKeys (ConfUtils.java:logGet(44)) - raft.server.sleep.deviation.threshold = 300ms (default)
2021-08-27 12:19:22,354 [pool-586-thread-1] INFO  server.RaftServerConfigKeys (ConfUtils.java:logGet(44)) - raft.server.log.appender.install.snapshot.enabled = false (custom)
2021-08-27 12:19:22,354 [pool-586-thread-1] INFO  server.RaftServer$Division (ServerState.java:<init>(105)) - dd2b24ff-1eae-4a3e-81dc-b04424e7f942@group-6AA931AC1D3C: ConfigurationManager, init=-1: [dd2b24ff-1eae-4a3e-81dc-b04424e7f942|rpc:10.1.0.9:39127|dataStream:|priority:0, f890e39a-5838-4db2-99cf-760c0a4a7b9f|rpc:10.1.0.9:38659|dataStream:|priority:0, 97469cba-ac70-4b4e-8b1d-7d1e4e3cf9ac|rpc:10.1.0.9:36551|dataStream:|priority:1], old=null, confs=<EMPTY_MAP>
2021-08-27 12:19:22,354 [pool-586-thread-1] INFO  server.RaftServerConfigKeys (ConfUtils.java:logGet(44)) - raft.server.storage.dir = [/home/runner/work/ozone/ozone/hadoop-ozone/integration-test/target/test-dir/MiniOzoneClusterImpl-595ad429-f938-4b04-a1e1-fbbc785922f0/datanode-2/data/ratis] (custom)
2021-08-27 12:19:22,354 [pool-586-thread-1] INFO  server.RaftServerConfigKeys (ConfUtils.java:logGet(44)) - raft.server.log.corruption.policy = EXCEPTION (default)
2021-08-27 12:19:22,354 [pool-586-thread-1] INFO  server.RaftServerConfigKeys (ConfUtils.java:logGet(44)) - raft.server.storage.free-space.min = 0MB (=0) (default)
2021-08-27 12:19:22,354 [pool-586-thread-1] INFO  storage.RaftStorageDirectory (RaftStorageDirectoryImpl.java:analyzeStorage(135)) - The storage directory /home/runner/work/ozone/ozone/hadoop-ozone/integration-test/target/test-dir/MiniOzoneClusterImpl-595ad429-f938-4b04-a1e1-fbbc785922f0/datanode-2/data/ratis/8e08a3c8-b922-4d02-9de6-6aa931ac1d3c does not exist. Creating ...
2021-08-27 12:19:22,362 [pool-586-thread-1] INFO  storage.RaftStorageDirectory (RaftStorageDirectoryImpl.java:tryLock(230)) - Lock on /home/runner/work/ozone/ozone/hadoop-ozone/integration-test/target/test-dir/MiniOzoneClusterImpl-595ad429-f938-4b04-a1e1-fbbc785922f0/datanode-2/data/ratis/8e08a3c8-b922-4d02-9de6-6aa931ac1d3c/in_use.lock acquired by nodename 3639@fv-az122-729
2021-08-27 12:19:22,363 [pool-586-thread-1] INFO  storage.RaftStorage (RaftStorageImpl.java:format(89)) - Storage directory /home/runner/work/ozone/ozone/hadoop-ozone/integration-test/target/test-dir/MiniOzoneClusterImpl-595ad429-f938-4b04-a1e1-fbbc785922f0/datanode-2/data/ratis/8e08a3c8-b922-4d02-9de6-6aa931ac1d3c has been successfully formatted.
2021-08-27 12:19:22,369 [Datanode State Machine Thread - 0] WARN  statemachine.StateContext (StateContext.java:execute(621)) - No available thread in pool for past 1 seconds.
2021-08-27 12:19:22,385 [pool-586-thread-1] INFO  ratis.ContainerStateMachine (ContainerStateMachine.java:loadSnapshot(224)) - group-6AA931AC1D3C: The snapshot info is null. Setting the last applied indexto:(t:0, i:~)
2021-08-27 12:19:22,385 [pool-586-thread-1] INFO  server.RaftServerConfigKeys (ConfUtils.java:logGet(44)) - raft.server.notification.no-leader.timeout = 300000ms (custom)
2021-08-27 12:19:22,385 [pool-586-thread-1] INFO  server.RaftServerConfigKeys (ConfUtils.java:logGet(44)) - raft.server.log.use.memory = false (default)
2021-08-27 12:19:22,385 [pool-586-thread-1] INFO  server.RaftServerConfigKeys (ConfUtils.java:logGet(44)) - raft.server.log.purge.gap = 1000000 (custom)
2021-08-27 12:19:22,385 [pool-586-thread-1] INFO  server.RaftServerConfigKeys (ConfUtils.java:logGet(44)) - raft.server.log.appender.buffer.byte-limit = 33554432 (custom)
2021-08-27 12:19:22,388 [pool-586-thread-1] INFO  server.RaftServerConfigKeys (ConfUtils.java:logGet(44)) - raft.server.log.segment.size.max = 1048576 (custom)
2021-08-27 12:19:22,389 [pool-586-thread-1] INFO  server.RaftServerConfigKeys (ConfUtils.java:logGet(44)) - raft.server.log.segment.cache.num.max = 2 (custom)
2021-08-27 12:19:22,391 [pool-586-thread-1] INFO  server.RaftServerConfigKeys (ConfUtils.java:logGet(44)) - raft.server.log.segment.cache.size.max = 200MB (=209715200) (default)
2021-08-27 12:19:22,391 [pool-586-thread-1] INFO  segmented.SegmentedRaftLogWorker (SegmentedRaftLogWorker.java:<init>(182)) - new dd2b24ff-1eae-4a3e-81dc-b04424e7f942@group-6AA931AC1D3C-SegmentedRaftLogWorker for RaftStorageImpl:Storage Directory /home/runner/work/ozone/ozone/hadoop-ozone/integration-test/target/test-dir/MiniOzoneClusterImpl-595ad429-f938-4b04-a1e1-fbbc785922f0/datanode-2/data/ratis/8e08a3c8-b922-4d02-9de6-6aa931ac1d3c
2021-08-27 12:19:22,391 [pool-586-thread-1] INFO  server.RaftServerConfigKeys (ConfUtils.java:logGet(44)) - raft.server.log.queue.byte-limit = 2147483647 (custom)
2021-08-27 12:19:22,391 [pool-586-thread-1] INFO  server.RaftServerConfigKeys (ConfUtils.java:logGet(44)) - raft.server.log.queue.element-limit = 1024 (custom)
2021-08-27 12:19:22,391 [pool-586-thread-1] INFO  server.RaftServerConfigKeys (ConfUtils.java:logGet(44)) - raft.server.log.segment.size.max = 1048576 (custom)
2021-08-27 12:19:22,391 [pool-586-thread-1] INFO  server.RaftServerConfigKeys (ConfUtils.java:logGet(44)) - raft.server.log.preallocated.size = 16384 (custom)
2021-08-27 12:19:22,391 [pool-586-thread-1] INFO  server.RaftServerConfigKeys (ConfUtils.java:logGet(44)) - raft.server.log.force.sync.num = 128 (default)
2021-08-27 12:19:22,391 [pool-586-thread-1] INFO  server.RaftServerConfigKeys (ConfUtils.java:logGet(44)) - raft.server.log.statemachine.data.sync = true (default)
2021-08-27 12:19:22,391 [pool-586-thread-1] INFO  server.RaftServerConfigKeys (ConfUtils.java:logGet(44)) - raft.server.log.statemachine.data.sync.timeout = 10s (default)
2021-08-27 12:19:22,391 [pool-586-thread-1] INFO  server.RaftServerConfigKeys (ConfUtils.java:logGet(44)) - raft.server.log.statemachine.data.sync.timeout.retry = -1 (default)
2021-08-27 12:19:22,393 [pool-586-thread-1] INFO  server.RaftServerConfigKeys (ConfUtils.java:logGet(44)) - raft.server.log.write.buffer.size = 1048576 (custom)
2021-08-27 12:19:22,393 [pool-586-thread-1] INFO  server.RaftServerConfigKeys (ConfUtils.java:logGet(44)) - raft.server.log.statemachine.data.caching.enabled = true (custom)
2021-08-27 12:19:22,396 [pool-586-thread-1] INFO  segmented.SegmentedRaftLogWorker (SegmentedRaftLogWorker.java:lambda$new$0(133)) - dd2b24ff-1eae-4a3e-81dc-b04424e7f942@group-6AA931AC1D3C-SegmentedRaftLogWorker: flushIndex: setUnconditionally 0 -> -1
2021-08-27 12:19:22,396 [pool-586-thread-1] INFO  segmented.SegmentedRaftLogWorker (SegmentedRaftLogWorker.java:lambda$new$0(133)) - dd2b24ff-1eae-4a3e-81dc-b04424e7f942@group-6AA931AC1D3C-SegmentedRaftLogWorker: safeCacheEvictIndex: setUnconditionally 0 -> -1
2021-08-27 12:19:22,397 [pool-586-thread-1] INFO  server.RaftServerConfigKeys (ConfUtils.java:logGet(44)) - raft.server.snapshot.auto.trigger.enabled = true (custom)
2021-08-27 12:19:22,397 [pool-586-thread-1] INFO  server.RaftServerConfigKeys (ConfUtils.java:logGet(44)) - raft.server.snapshot.auto.trigger.threshold = 10000 (custom)
2021-08-27 12:19:22,397 [pool-586-thread-1] INFO  server.RaftServerConfigKeys (ConfUtils.java:logGet(44)) - raft.server.snapshot.retention.file.num = 5 (custom)
2021-08-27 12:19:22,397 [pool-586-thread-1] INFO  server.RaftServerConfigKeys (ConfUtils.java:logGet(44)) - raft.server.log.purge.upto.snapshot.index = false (default)
2021-08-27 12:19:22,397 [pool-586-thread-1] INFO  server.RaftServerConfigKeys (ConfUtils.java:logGet(44)) - raft.server.retrycache.expirytime = 600000ms (custom)
2021-08-27 12:19:22,397 [pool-586-thread-1] INFO  server.RaftServerConfigKeys (ConfUtils.java:logGet(44)) - raft.server.retrycache.statistics.expirytime = 100μs (default)
2021-08-27 12:19:22,399 [pool-586-thread-1] INFO  server.RaftServer$Division (RaftServerImpl.java:start(296)) - dd2b24ff-1eae-4a3e-81dc-b04424e7f942@group-6AA931AC1D3C: start as a follower, conf=-1: [dd2b24ff-1eae-4a3e-81dc-b04424e7f942|rpc:10.1.0.9:39127|dataStream:|priority:0, f890e39a-5838-4db2-99cf-760c0a4a7b9f|rpc:10.1.0.9:38659|dataStream:|priority:0, 97469cba-ac70-4b4e-8b1d-7d1e4e3cf9ac|rpc:10.1.0.9:36551|dataStream:|priority:1], old=null
2021-08-27 12:19:22,399 [pool-586-thread-1] INFO  server.RaftServer$Division (RaftServerImpl.java:setRole(285)) - dd2b24ff-1eae-4a3e-81dc-b04424e7f942@group-6AA931AC1D3C: changes role from      null to FOLLOWER at term 0 for startAsFollower
2021-08-27 12:19:22,399 [pool-586-thread-1] INFO  impl.RoleInfo (RoleInfo.java:updateAndGet(130)) - dd2b24ff-1eae-4a3e-81dc-b04424e7f942: start dd2b24ff-1eae-4a3e-81dc-b04424e7f942@group-6AA931AC1D3C-FollowerState
2021-08-27 12:19:22,399 [pool-586-thread-1] INFO  util.JmxRegister (JmxRegister.java:tryRegister(44)) - Successfully registered JMX Bean with object name Ratis:service=RaftServer,group=group-6AA931AC1D3C,id=dd2b24ff-1eae-4a3e-81dc-b04424e7f942
2021-08-27 12:19:22,424 [Command processor thread] INFO  commandhandler.CreatePipelineCommandHandler (CreatePipelineCommandHandler.java:handle(106)) - Created Pipeline RATIS THREE PipelineID=8e08a3c8-b922-4d02-9de6-6aa931ac1d3c.
2021-08-27 12:19:22,506 [Command processor thread] INFO  server.RaftServer (RaftServerProxy.java:addNew(95)) - f890e39a-5838-4db2-99cf-760c0a4a7b9f: addNew group-A0FC95479FB1:[f890e39a-5838-4db2-99cf-760c0a4a7b9f|rpc:10.1.0.9:38659|priority:1] returns group-A0FC95479FB1:java.util.concurrent.CompletableFuture@9d943f5[Not completed]
2021-08-27 12:19:22,507 [pool-567-thread-1] INFO  server.RaftServer$Division (RaftServerImpl.java:<init>(181)) - f890e39a-5838-4db2-99cf-760c0a4a7b9f: new RaftServerImpl for group-A0FC95479FB1:[f890e39a-5838-4db2-99cf-760c0a4a7b9f|rpc:10.1.0.9:38659|priority:1] with ContainerStateMachine:uninitialized
2021-08-27 12:19:22,507 [pool-567-thread-1] INFO  server.RaftServerConfigKeys (ConfUtils.java:logGet(44)) - raft.server.rpc.timeout.min = 5s (custom)
2021-08-27 12:19:22,507 [pool-567-thread-1] INFO  server.RaftServerConfigKeys (ConfUtils.java:logGet(44)) - raft.server.rpc.timeout.max = 5200ms (custom)
2021-08-27 12:19:22,507 [pool-567-thread-1] INFO  server.RaftServerConfigKeys (ConfUtils.java:logGet(44)) - raft.server.rpc.sleep.time = 25ms (default)
2021-08-27 12:19:22,507 [pool-567-thread-1] INFO  server.RaftServerConfigKeys (ConfUtils.java:logGet(44)) - raft.server.rpc.slowness.timeout = 300000ms (custom)
2021-08-27 12:19:22,507 [pool-567-thread-1] INFO  server.RaftServerConfigKeys (ConfUtils.java:logGet(44)) - raft.server.leaderelection.leader.step-down.wait-time = 10s (default)
2021-08-27 12:19:22,507 [pool-567-thread-1] INFO  server.RaftServerConfigKeys (ConfUtils.java:logGet(44)) - raft.server.sleep.deviation.threshold = 300ms (default)
2021-08-27 12:19:22,507 [pool-567-thread-1] INFO  server.RaftServerConfigKeys (ConfUtils.java:logGet(44)) - raft.server.log.appender.install.snapshot.enabled = false (custom)
2021-08-27 12:19:22,507 [pool-567-thread-1] INFO  server.RaftServer$Division (ServerState.java:<init>(105)) - f890e39a-5838-4db2-99cf-760c0a4a7b9f@group-A0FC95479FB1: ConfigurationManager, init=-1: [f890e39a-5838-4db2-99cf-760c0a4a7b9f|rpc:10.1.0.9:38659|priority:1], old=null, confs=<EMPTY_MAP>
2021-08-27 12:19:22,507 [pool-567-thread-1] INFO  server.RaftServerConfigKeys (ConfUtils.java:logGet(44)) - raft.server.storage.dir = [/home/runner/work/ozone/ozone/hadoop-ozone/integration-test/target/test-dir/MiniOzoneClusterImpl-595ad429-f938-4b04-a1e1-fbbc785922f0/datanode-1/data/ratis] (custom)
2021-08-27 12:19:22,507 [pool-567-thread-1] INFO  server.RaftServerConfigKeys (ConfUtils.java:logGet(44)) - raft.server.log.corruption.policy = EXCEPTION (default)
2021-08-27 12:19:22,507 [pool-567-thread-1] INFO  server.RaftServerConfigKeys (ConfUtils.java:logGet(44)) - raft.server.storage.free-space.min = 0MB (=0) (default)
2021-08-27 12:19:22,507 [pool-567-thread-1] INFO  storage.RaftStorageDirectory (RaftStorageDirectoryImpl.java:analyzeStorage(135)) - The storage directory /home/runner/work/ozone/ozone/hadoop-ozone/integration-test/target/test-dir/MiniOzoneClusterImpl-595ad429-f938-4b04-a1e1-fbbc785922f0/datanode-1/data/ratis/9f328766-b087-46a9-b866-a0fc95479fb1 does not exist. Creating ...
2021-08-27 12:19:22,508 [pool-567-thread-1] INFO  storage.RaftStorageDirectory (RaftStorageDirectoryImpl.java:tryLock(230)) - Lock on /home/runner/work/ozone/ozone/hadoop-ozone/integration-test/target/test-dir/MiniOzoneClusterImpl-595ad429-f938-4b04-a1e1-fbbc785922f0/datanode-1/data/ratis/9f328766-b087-46a9-b866-a0fc95479fb1/in_use.lock acquired by nodename 3639@fv-az122-729
2021-08-27 12:19:22,510 [pool-567-thread-1] INFO  storage.RaftStorage (RaftStorageImpl.java:format(89)) - Storage directory /home/runner/work/ozone/ozone/hadoop-ozone/integration-test/target/test-dir/MiniOzoneClusterImpl-595ad429-f938-4b04-a1e1-fbbc785922f0/datanode-1/data/ratis/9f328766-b087-46a9-b866-a0fc95479fb1 has been successfully formatted.
2021-08-27 12:19:22,511 [pool-567-thread-1] INFO  ratis.ContainerStateMachine (ContainerStateMachine.java:loadSnapshot(224)) - group-A0FC95479FB1: The snapshot info is null. Setting the last applied indexto:(t:0, i:~)
2021-08-27 12:19:22,511 [Datanode State Machine Thread - 0] WARN  statemachine.StateContext (StateContext.java:execute(621)) - No available thread in pool for past 1 seconds.
2021-08-27 12:19:22,511 [pool-567-thread-1] INFO  server.RaftServerConfigKeys (ConfUtils.java:logGet(44)) - raft.server.notification.no-leader.timeout = 300000ms (custom)
2021-08-27 12:19:22,511 [pool-567-thread-1] INFO  server.RaftServerConfigKeys (ConfUtils.java:logGet(44)) - raft.server.log.use.memory = false (default)
2021-08-27 12:19:22,511 [pool-567-thread-1] INFO  server.RaftServerConfigKeys (ConfUtils.java:logGet(44)) - raft.server.log.purge.gap = 1000000 (custom)
2021-08-27 12:19:22,511 [pool-567-thread-1] INFO  server.RaftServerConfigKeys (ConfUtils.java:logGet(44)) - raft.server.log.appender.buffer.byte-limit = 33554432 (custom)
2021-08-27 12:19:22,511 [pool-567-thread-1] INFO  server.RaftServerConfigKeys (ConfUtils.java:logGet(44)) - raft.server.log.segment.size.max = 1048576 (custom)
2021-08-27 12:19:22,511 [EventQueue-PipelineReportForPipelineReportHandler] INFO  pipeline.PipelineManagerImpl (PipelineManagerImpl.java:openPipeline(282)) - Pipeline Pipeline[ Id: 9f328766-b087-46a9-b866-a0fc95479fb1, Nodes: f890e39a-5838-4db2-99cf-760c0a4a7b9f{ip: 10.1.0.9, host: fv-az122-729.zf1tlrj3kn4expqppa1j4mpycf.xx.internal.cloudapp.net, ports: [REPLICATION=35351, RATIS=38659, RATIS_ADMIN=38659, RATIS_SERVER=38659, STANDALONE=39183], networkLocation: /default-rack, certSerialId: null, persistedOpState: IN_SERVICE, persistedOpStateExpiryEpochSec: 0}, ReplicationConfig: RATIS/ONE, State:ALLOCATED, leaderId:f890e39a-5838-4db2-99cf-760c0a4a7b9f, CreationTimestamp2021-08-27T12:19:19.518Z[Etc/UTC]] moved to OPEN state
2021-08-27 12:19:22,512 [pool-567-thread-1] INFO  server.RaftServerConfigKeys (ConfUtils.java:logGet(44)) - raft.server.log.segment.cache.num.max = 2 (custom)
2021-08-27 12:19:22,512 [pool-567-thread-1] INFO  server.RaftServerConfigKeys (ConfUtils.java:logGet(44)) - raft.server.log.segment.cache.size.max = 200MB (=209715200) (default)
2021-08-27 12:19:22,512 [pool-567-thread-1] INFO  segmented.SegmentedRaftLogWorker (SegmentedRaftLogWorker.java:<init>(182)) - new f890e39a-5838-4db2-99cf-760c0a4a7b9f@group-A0FC95479FB1-SegmentedRaftLogWorker for RaftStorageImpl:Storage Directory /home/runner/work/ozone/ozone/hadoop-ozone/integration-test/target/test-dir/MiniOzoneClusterImpl-595ad429-f938-4b04-a1e1-fbbc785922f0/datanode-1/data/ratis/9f328766-b087-46a9-b866-a0fc95479fb1
2021-08-27 12:19:22,512 [EventQueue-OpenPipelineForHealthyPipelineSafeModeRule] INFO  safemode.SCMSafeModeManager (HealthyPipelineSafeModeRule.java:process(124)) - SCM in safe mode. Healthy pipelines reported count is 0, required healthy pipeline reported count is 1
2021-08-27 12:19:22,517 [pool-567-thread-1] INFO  server.RaftServerConfigKeys (ConfUtils.java:logGet(44)) - raft.server.log.queue.byte-limit = 2147483647 (custom)
2021-08-27 12:19:22,517 [pool-567-thread-1] INFO  server.RaftServerConfigKeys (ConfUtils.java:logGet(44)) - raft.server.log.queue.element-limit = 1024 (custom)
2021-08-27 12:19:22,517 [pool-567-thread-1] INFO  server.RaftServerConfigKeys (ConfUtils.java:logGet(44)) - raft.server.log.segment.size.max = 1048576 (custom)
2021-08-27 12:19:22,517 [pool-567-thread-1] INFO  server.RaftServerConfigKeys (ConfUtils.java:logGet(44)) - raft.server.log.preallocated.size = 16384 (custom)
2021-08-27 12:19:22,517 [pool-567-thread-1] INFO  server.RaftServerConfigKeys (ConfUtils.java:logGet(44)) - raft.server.log.force.sync.num = 128 (default)
2021-08-27 12:19:22,517 [pool-567-thread-1] INFO  server.RaftServerConfigKeys (ConfUtils.java:logGet(44)) - raft.server.log.statemachine.data.sync = true (default)
2021-08-27 12:19:22,517 [pool-567-thread-1] INFO  server.RaftServerConfigKeys (ConfUtils.java:logGet(44)) - raft.server.log.statemachine.data.sync.timeout = 10s (default)
2021-08-27 12:19:22,517 [pool-567-thread-1] INFO  server.RaftServerConfigKeys (ConfUtils.java:logGet(44)) - raft.server.log.statemachine.data.sync.timeout.retry = -1 (default)
2021-08-27 12:19:22,519 [pool-567-thread-1] INFO  server.RaftServerConfigKeys (ConfUtils.java:logGet(44)) - raft.server.log.write.buffer.size = 1048576 (custom)
2021-08-27 12:19:22,521 [pool-567-thread-1] INFO  server.RaftServerConfigKeys (ConfUtils.java:logGet(44)) - raft.server.log.statemachine.data.caching.enabled = true (custom)
2021-08-27 12:19:22,521 [pool-567-thread-1] INFO  segmented.SegmentedRaftLogWorker (SegmentedRaftLogWorker.java:lambda$new$0(133)) - f890e39a-5838-4db2-99cf-760c0a4a7b9f@group-A0FC95479FB1-SegmentedRaftLogWorker: flushIndex: setUnconditionally 0 -> -1
2021-08-27 12:19:22,521 [pool-567-thread-1] INFO  segmented.SegmentedRaftLogWorker (SegmentedRaftLogWorker.java:lambda$new$0(133)) - f890e39a-5838-4db2-99cf-760c0a4a7b9f@group-A0FC95479FB1-SegmentedRaftLogWorker: safeCacheEvictIndex: setUnconditionally 0 -> -1
2021-08-27 12:19:22,524 [pool-567-thread-1] INFO  server.RaftServerConfigKeys (ConfUtils.java:logGet(44)) - raft.server.snapshot.auto.trigger.enabled = true (custom)
2021-08-27 12:19:22,524 [pool-567-thread-1] INFO  server.RaftServerConfigKeys (ConfUtils.java:logGet(44)) - raft.server.snapshot.auto.trigger.threshold = 10000 (custom)
2021-08-27 12:19:22,524 [pool-567-thread-1] INFO  server.RaftServerConfigKeys (ConfUtils.java:logGet(44)) - raft.server.snapshot.retention.file.num = 5 (custom)
2021-08-27 12:19:22,524 [pool-567-thread-1] INFO  server.RaftServerConfigKeys (ConfUtils.java:logGet(44)) - raft.server.log.purge.upto.snapshot.index = false (default)
2021-08-27 12:19:22,524 [pool-567-thread-1] INFO  server.RaftServerConfigKeys (ConfUtils.java:logGet(44)) - raft.server.retrycache.expirytime = 600000ms (custom)
2021-08-27 12:19:22,524 [pool-567-thread-1] INFO  server.RaftServerConfigKeys (ConfUtils.java:logGet(44)) - raft.server.retrycache.statistics.expirytime = 100μs (default)
2021-08-27 12:19:22,526 [pool-567-thread-1] INFO  server.RaftServer$Division (RaftServerImpl.java:start(296)) - f890e39a-5838-4db2-99cf-760c0a4a7b9f@group-A0FC95479FB1: start as a follower, conf=-1: [f890e39a-5838-4db2-99cf-760c0a4a7b9f|rpc:10.1.0.9:38659|priority:1], old=null
2021-08-27 12:19:22,526 [pool-567-thread-1] INFO  server.RaftServer$Division (RaftServerImpl.java:setRole(285)) - f890e39a-5838-4db2-99cf-760c0a4a7b9f@group-A0FC95479FB1: changes role from      null to FOLLOWER at term 0 for startAsFollower
2021-08-27 12:19:22,526 [pool-567-thread-1] INFO  impl.RoleInfo (RoleInfo.java:updateAndGet(130)) - f890e39a-5838-4db2-99cf-760c0a4a7b9f: start f890e39a-5838-4db2-99cf-760c0a4a7b9f@group-A0FC95479FB1-FollowerState
2021-08-27 12:19:22,526 [pool-567-thread-1] INFO  util.JmxRegister (JmxRegister.java:tryRegister(44)) - Successfully registered JMX Bean with object name Ratis:service=RaftServer,group=group-A0FC95479FB1,id=f890e39a-5838-4db2-99cf-760c0a4a7b9f
2021-08-27 12:19:22,527 [Command processor thread] INFO  ratis.XceiverServerRatis (XceiverServerRatis.java:addGroup(763)) - Created group PipelineID=9f328766-b087-46a9-b866-a0fc95479fb1
2021-08-27 12:19:22,527 [Command processor thread] INFO  commandhandler.CreatePipelineCommandHandler (CreatePipelineCommandHandler.java:handle(106)) - Created Pipeline RATIS ONE PipelineID=9f328766-b087-46a9-b866-a0fc95479fb1.
2021-08-27 12:19:22,729 [Listener at 127.0.0.1/43833] INFO  ozone.MiniOzoneClusterImpl (MiniOzoneClusterImpl.java:lambda$waitForClusterToBeReady$0(235)) - Nodes are ready. Got 9 of 9 DN Heartbeats.
2021-08-27 12:19:22,729 [Listener at 127.0.0.1/43833] INFO  ozone.MiniOzoneClusterImpl (MiniOzoneClusterImpl.java:lambda$waitForClusterToBeReady$0(238)) - Waiting for cluster to exit safe mode
2021-08-27 12:19:22,729 [Listener at 127.0.0.1/43833] INFO  ozone.MiniOzoneClusterImpl (MiniOzoneClusterImpl.java:lambda$waitForClusterToBeReady$0(240)) - SCM became leader
2021-08-27 12:19:22,838 [Command processor thread] INFO  server.RaftServer (RaftServerProxy.java:addNew(95)) - dd2b24ff-1eae-4a3e-81dc-b04424e7f942: addNew group-4BA538602507:[dd2b24ff-1eae-4a3e-81dc-b04424e7f942|rpc:10.1.0.9:39127|priority:1] returns group-4BA538602507:java.util.concurrent.CompletableFuture@5c4fefe0[Not completed]
2021-08-27 12:19:22,839 [pool-586-thread-1] INFO  server.RaftServer$Division (RaftServerImpl.java:<init>(181)) - dd2b24ff-1eae-4a3e-81dc-b04424e7f942: new RaftServerImpl for group-4BA538602507:[dd2b24ff-1eae-4a3e-81dc-b04424e7f942|rpc:10.1.0.9:39127|priority:1] with ContainerStateMachine:uninitialized
2021-08-27 12:19:22,839 [pool-586-thread-1] INFO  server.RaftServerConfigKeys (ConfUtils.java:logGet(44)) - raft.server.rpc.timeout.min = 5s (custom)
2021-08-27 12:19:22,839 [pool-586-thread-1] INFO  server.RaftServerConfigKeys (ConfUtils.java:logGet(44)) - raft.server.rpc.timeout.max = 5200ms (custom)
2021-08-27 12:19:22,839 [pool-586-thread-1] INFO  server.RaftServerConfigKeys (ConfUtils.java:logGet(44)) - raft.server.rpc.sleep.time = 25ms (default)
2021-08-27 12:19:22,839 [pool-586-thread-1] INFO  server.RaftServerConfigKeys (ConfUtils.java:logGet(44)) - raft.server.rpc.slowness.timeout = 300000ms (custom)
2021-08-27 12:19:22,839 [pool-586-thread-1] INFO  server.RaftServerConfigKeys (ConfUtils.java:logGet(44)) - raft.server.leaderelection.leader.step-down.wait-time = 10s (default)
2021-08-27 12:19:22,839 [pool-586-thread-1] INFO  server.RaftServerConfigKeys (ConfUtils.java:logGet(44)) - raft.server.sleep.deviation.threshold = 300ms (default)
2021-08-27 12:19:22,839 [pool-586-thread-1] INFO  server.RaftServerConfigKeys (ConfUtils.java:logGet(44)) - raft.server.log.appender.install.snapshot.enabled = false (custom)
2021-08-27 12:19:22,839 [pool-586-thread-1] INFO  server.RaftServer$Division (ServerState.java:<init>(105)) - dd2b24ff-1eae-4a3e-81dc-b04424e7f942@group-4BA538602507: ConfigurationManager, init=-1: [dd2b24ff-1eae-4a3e-81dc-b04424e7f942|rpc:10.1.0.9:39127|priority:1], old=null, confs=<EMPTY_MAP>
2021-08-27 12:19:22,839 [pool-586-thread-1] INFO  server.RaftServerConfigKeys (ConfUtils.java:logGet(44)) - raft.server.storage.dir = [/home/runner/work/ozone/ozone/hadoop-ozone/integration-test/target/test-dir/MiniOzoneClusterImpl-595ad429-f938-4b04-a1e1-fbbc785922f0/datanode-2/data/ratis] (custom)
2021-08-27 12:19:22,839 [pool-586-thread-1] INFO  server.RaftServerConfigKeys (ConfUtils.java:logGet(44)) - raft.server.log.corruption.policy = EXCEPTION (default)
2021-08-27 12:19:22,839 [pool-586-thread-1] INFO  server.RaftServerConfigKeys (ConfUtils.java:logGet(44)) - raft.server.storage.free-space.min = 0MB (=0) (default)
2021-08-27 12:19:22,839 [pool-586-thread-1] INFO  storage.RaftStorageDirectory (RaftStorageDirectoryImpl.java:analyzeStorage(135)) - The storage directory /home/runner/work/ozone/ozone/hadoop-ozone/integration-test/target/test-dir/MiniOzoneClusterImpl-595ad429-f938-4b04-a1e1-fbbc785922f0/datanode-2/data/ratis/61a619c2-92f5-4d96-96f4-4ba538602507 does not exist. Creating ...
2021-08-27 12:19:22,848 [pool-586-thread-1] INFO  storage.RaftStorageDirectory (RaftStorageDirectoryImpl.java:tryLock(230)) - Lock on /home/runner/work/ozone/ozone/hadoop-ozone/integration-test/target/test-dir/MiniOzoneClusterImpl-595ad429-f938-4b04-a1e1-fbbc785922f0/datanode-2/data/ratis/61a619c2-92f5-4d96-96f4-4ba538602507/in_use.lock acquired by nodename 3639@fv-az122-729
2021-08-27 12:19:22,851 [pool-586-thread-1] INFO  storage.RaftStorage (RaftStorageImpl.java:format(89)) - Storage directory /home/runner/work/ozone/ozone/hadoop-ozone/integration-test/target/test-dir/MiniOzoneClusterImpl-595ad429-f938-4b04-a1e1-fbbc785922f0/datanode-2/data/ratis/61a619c2-92f5-4d96-96f4-4ba538602507 has been successfully formatted.
2021-08-27 12:19:22,851 [Datanode State Machine Thread - 0] WARN  statemachine.StateContext (StateContext.java:execute(621)) - No available thread in pool for past 1 seconds.
2021-08-27 12:19:22,852 [EventQueue-PipelineReportForPipelineReportHandler] INFO  pipeline.PipelineManagerImpl (PipelineManagerImpl.java:openPipeline(282)) - Pipeline Pipeline[ Id: 61a619c2-92f5-4d96-96f4-4ba538602507, Nodes: dd2b24ff-1eae-4a3e-81dc-b04424e7f942{ip: 10.1.0.9, host: fv-az122-729.zf1tlrj3kn4expqppa1j4mpycf.xx.internal.cloudapp.net, ports: [REPLICATION=39075, RATIS=39127, RATIS_ADMIN=39127, RATIS_SERVER=39127, STANDALONE=44719], networkLocation: /default-rack, certSerialId: null, persistedOpState: IN_SERVICE, persistedOpStateExpiryEpochSec: 0}, ReplicationConfig: RATIS/ONE, State:ALLOCATED, leaderId:dd2b24ff-1eae-4a3e-81dc-b04424e7f942, CreationTimestamp2021-08-27T12:19:19.850Z[Etc/UTC]] moved to OPEN state
2021-08-27 12:19:22,852 [EventQueue-OpenPipelineForHealthyPipelineSafeModeRule] INFO  safemode.SCMSafeModeManager (HealthyPipelineSafeModeRule.java:process(124)) - SCM in safe mode. Healthy pipelines reported count is 0, required healthy pipeline reported count is 1
2021-08-27 12:19:22,853 [pool-586-thread-1] INFO  ratis.ContainerStateMachine (ContainerStateMachine.java:loadSnapshot(224)) - group-4BA538602507: The snapshot info is null. Setting the last applied indexto:(t:0, i:~)
2021-08-27 12:19:22,853 [pool-586-thread-1] INFO  server.RaftServerConfigKeys (ConfUtils.java:logGet(44)) - raft.server.notification.no-leader.timeout = 300000ms (custom)
2021-08-27 12:19:22,853 [pool-586-thread-1] INFO  server.RaftServerConfigKeys (ConfUtils.java:logGet(44)) - raft.server.log.use.memory = false (default)
2021-08-27 12:19:22,853 [pool-586-thread-1] INFO  server.RaftServerConfigKeys (ConfUtils.java:logGet(44)) - raft.server.log.purge.gap = 1000000 (custom)
2021-08-27 12:19:22,853 [pool-586-thread-1] INFO  server.RaftServerConfigKeys (ConfUtils.java:logGet(44)) - raft.server.log.appender.buffer.byte-limit = 33554432 (custom)
2021-08-27 12:19:22,853 [pool-586-thread-1] INFO  server.RaftServerConfigKeys (ConfUtils.java:logGet(44)) - raft.server.log.segment.size.max = 1048576 (custom)
2021-08-27 12:19:22,854 [pool-586-thread-1] INFO  server.RaftServerConfigKeys (ConfUtils.java:logGet(44)) - raft.server.log.segment.cache.num.max = 2 (custom)
2021-08-27 12:19:22,854 [pool-586-thread-1] INFO  server.RaftServerConfigKeys (ConfUtils.java:logGet(44)) - raft.server.log.segment.cache.size.max = 200MB (=209715200) (default)
2021-08-27 12:19:22,854 [pool-586-thread-1] INFO  segmented.SegmentedRaftLogWorker (SegmentedRaftLogWorker.java:<init>(182)) - new dd2b24ff-1eae-4a3e-81dc-b04424e7f942@group-4BA538602507-SegmentedRaftLogWorker for RaftStorageImpl:Storage Directory /home/runner/work/ozone/ozone/hadoop-ozone/integration-test/target/test-dir/MiniOzoneClusterImpl-595ad429-f938-4b04-a1e1-fbbc785922f0/datanode-2/data/ratis/61a619c2-92f5-4d96-96f4-4ba538602507
2021-08-27 12:19:22,854 [pool-586-thread-1] INFO  server.RaftServerConfigKeys (ConfUtils.java:logGet(44)) - raft.server.log.queue.byte-limit = 2147483647 (custom)
2021-08-27 12:19:22,854 [pool-586-thread-1] INFO  server.RaftServerConfigKeys (ConfUtils.java:logGet(44)) - raft.server.log.queue.element-limit = 1024 (custom)
2021-08-27 12:19:22,854 [pool-586-thread-1] INFO  server.RaftServerConfigKeys (ConfUtils.java:logGet(44)) - raft.server.log.segment.size.max = 1048576 (custom)
2021-08-27 12:19:22,854 [pool-586-thread-1] INFO  server.RaftServerConfigKeys (ConfUtils.java:logGet(44)) - raft.server.log.preallocated.size = 16384 (custom)
2021-08-27 12:19:22,854 [pool-586-thread-1] INFO  server.RaftServerConfigKeys (ConfUtils.java:logGet(44)) - raft.server.log.force.sync.num = 128 (default)
2021-08-27 12:19:22,854 [pool-586-thread-1] INFO  server.RaftServerConfigKeys (ConfUtils.java:logGet(44)) - raft.server.log.statemachine.data.sync = true (default)
2021-08-27 12:19:22,854 [pool-586-thread-1] INFO  server.RaftServerConfigKeys (ConfUtils.java:logGet(44)) - raft.server.log.statemachine.data.sync.timeout = 10s (default)
2021-08-27 12:19:22,854 [pool-586-thread-1] INFO  server.RaftServerConfigKeys (ConfUtils.java:logGet(44)) - raft.server.log.statemachine.data.sync.timeout.retry = -1 (default)
2021-08-27 12:19:22,856 [pool-586-thread-1] INFO  server.RaftServerConfigKeys (ConfUtils.java:logGet(44)) - raft.server.log.write.buffer.size = 1048576 (custom)
2021-08-27 12:19:22,857 [pool-586-thread-1] INFO  server.RaftServerConfigKeys (ConfUtils.java:logGet(44)) - raft.server.log.statemachine.data.caching.enabled = true (custom)
2021-08-27 12:19:22,857 [pool-586-thread-1] INFO  segmented.SegmentedRaftLogWorker (SegmentedRaftLogWorker.java:lambda$new$0(133)) - dd2b24ff-1eae-4a3e-81dc-b04424e7f942@group-4BA538602507-SegmentedRaftLogWorker: flushIndex: setUnconditionally 0 -> -1
2021-08-27 12:19:22,857 [pool-586-thread-1] INFO  segmented.SegmentedRaftLogWorker (SegmentedRaftLogWorker.java:lambda$new$0(133)) - dd2b24ff-1eae-4a3e-81dc-b04424e7f942@group-4BA538602507-SegmentedRaftLogWorker: safeCacheEvictIndex: setUnconditionally 0 -> -1
2021-08-27 12:19:22,857 [pool-586-thread-1] INFO  server.RaftServerConfigKeys (ConfUtils.java:logGet(44)) - raft.server.snapshot.auto.trigger.enabled = true (custom)
2021-08-27 12:19:22,857 [pool-586-thread-1] INFO  server.RaftServerConfigKeys (ConfUtils.java:logGet(44)) - raft.server.snapshot.auto.trigger.threshold = 10000 (custom)
2021-08-27 12:19:22,857 [pool-586-thread-1] INFO  server.RaftServerConfigKeys (ConfUtils.java:logGet(44)) - raft.server.snapshot.retention.file.num = 5 (custom)
2021-08-27 12:19:22,857 [pool-586-thread-1] INFO  server.RaftServerConfigKeys (ConfUtils.java:logGet(44)) - raft.server.log.purge.upto.snapshot.index = false (default)
2021-08-27 12:19:22,857 [pool-586-thread-1] INFO  server.RaftServerConfigKeys (ConfUtils.java:logGet(44)) - raft.server.retrycache.expirytime = 600000ms (custom)
2021-08-27 12:19:22,857 [pool-586-thread-1] INFO  server.RaftServerConfigKeys (ConfUtils.java:logGet(44)) - raft.server.retrycache.statistics.expirytime = 100μs (default)
2021-08-27 12:19:22,859 [pool-586-thread-1] INFO  server.RaftServer$Division (RaftServerImpl.java:start(296)) - dd2b24ff-1eae-4a3e-81dc-b04424e7f942@group-4BA538602507: start as a follower, conf=-1: [dd2b24ff-1eae-4a3e-81dc-b04424e7f942|rpc:10.1.0.9:39127|priority:1], old=null
2021-08-27 12:19:22,859 [pool-586-thread-1] INFO  server.RaftServer$Division (RaftServerImpl.java:setRole(285)) - dd2b24ff-1eae-4a3e-81dc-b04424e7f942@group-4BA538602507: changes role from      null to FOLLOWER at term 0 for startAsFollower
2021-08-27 12:19:22,859 [pool-586-thread-1] INFO  impl.RoleInfo (RoleInfo.java:updateAndGet(130)) - dd2b24ff-1eae-4a3e-81dc-b04424e7f942: start dd2b24ff-1eae-4a3e-81dc-b04424e7f942@group-4BA538602507-FollowerState
2021-08-27 12:19:22,862 [pool-586-thread-1] INFO  util.JmxRegister (JmxRegister.java:tryRegister(44)) - Successfully registered JMX Bean with object name Ratis:service=RaftServer,group=group-4BA538602507,id=dd2b24ff-1eae-4a3e-81dc-b04424e7f942
2021-08-27 12:19:22,863 [Command processor thread] INFO  ratis.XceiverServerRatis (XceiverServerRatis.java:addGroup(763)) - Created group PipelineID=61a619c2-92f5-4d96-96f4-4ba538602507
2021-08-27 12:19:22,863 [Command processor thread] INFO  commandhandler.CreatePipelineCommandHandler (CreatePipelineCommandHandler.java:handle(106)) - Created Pipeline RATIS ONE PipelineID=61a619c2-92f5-4d96-96f4-4ba538602507.
2021-08-27 12:19:23,116 [Command processor thread] INFO  server.RaftServer (RaftServerProxy.java:addNew(95)) - 1627f0ec-3267-4946-a770-cb64d6080904: addNew group-1D7C0AFAD1C5:[1627f0ec-3267-4946-a770-cb64d6080904|rpc:10.1.0.9:39909|priority:1] returns group-1D7C0AFAD1C5:java.util.concurrent.CompletableFuture@27475f4a[Not completed]
2021-08-27 12:19:23,118 [pool-605-thread-1] INFO  server.RaftServer$Division (RaftServerImpl.java:<init>(181)) - 1627f0ec-3267-4946-a770-cb64d6080904: new RaftServerImpl for group-1D7C0AFAD1C5:[1627f0ec-3267-4946-a770-cb64d6080904|rpc:10.1.0.9:39909|priority:1] with ContainerStateMachine:uninitialized
2021-08-27 12:19:23,118 [pool-605-thread-1] INFO  server.RaftServerConfigKeys (ConfUtils.java:logGet(44)) - raft.server.rpc.timeout.min = 5s (custom)
2021-08-27 12:19:23,118 [pool-605-thread-1] INFO  server.RaftServerConfigKeys (ConfUtils.java:logGet(44)) - raft.server.rpc.timeout.max = 5200ms (custom)
2021-08-27 12:19:23,118 [pool-605-thread-1] INFO  server.RaftServerConfigKeys (ConfUtils.java:logGet(44)) - raft.server.rpc.sleep.time = 25ms (default)
2021-08-27 12:19:23,118 [pool-605-thread-1] INFO  server.RaftServerConfigKeys (ConfUtils.java:logGet(44)) - raft.server.rpc.slowness.timeout = 300000ms (custom)
2021-08-27 12:19:23,118 [pool-605-thread-1] INFO  server.RaftServerConfigKeys (ConfUtils.java:logGet(44)) - raft.server.leaderelection.leader.step-down.wait-time = 10s (default)
2021-08-27 12:19:23,118 [pool-605-thread-1] INFO  server.RaftServerConfigKeys (ConfUtils.java:logGet(44)) - raft.server.sleep.deviation.threshold = 300ms (default)
2021-08-27 12:19:23,118 [pool-605-thread-1] INFO  server.RaftServerConfigKeys (ConfUtils.java:logGet(44)) - raft.server.log.appender.install.snapshot.enabled = false (custom)
2021-08-27 12:19:23,118 [pool-605-thread-1] INFO  server.RaftServer$Division (ServerState.java:<init>(105)) - 1627f0ec-3267-4946-a770-cb64d6080904@group-1D7C0AFAD1C5: ConfigurationManager, init=-1: [1627f0ec-3267-4946-a770-cb64d6080904|rpc:10.1.0.9:39909|priority:1], old=null, confs=<EMPTY_MAP>
2021-08-27 12:19:23,118 [pool-605-thread-1] INFO  server.RaftServerConfigKeys (ConfUtils.java:logGet(44)) - raft.server.storage.dir = [/home/runner/work/ozone/ozone/hadoop-ozone/integration-test/target/test-dir/MiniOzoneClusterImpl-595ad429-f938-4b04-a1e1-fbbc785922f0/datanode-3/data/ratis] (custom)
2021-08-27 12:19:23,119 [pool-605-thread-1] INFO  server.RaftServerConfigKeys (ConfUtils.java:logGet(44)) - raft.server.log.corruption.policy = EXCEPTION (default)
2021-08-27 12:19:23,119 [pool-605-thread-1] INFO  server.RaftServerConfigKeys (ConfUtils.java:logGet(44)) - raft.server.storage.free-space.min = 0MB (=0) (default)
2021-08-27 12:19:23,119 [pool-605-thread-1] INFO  storage.RaftStorageDirectory (RaftStorageDirectoryImpl.java:analyzeStorage(135)) - The storage directory /home/runner/work/ozone/ozone/hadoop-ozone/integration-test/target/test-dir/MiniOzoneClusterImpl-595ad429-f938-4b04-a1e1-fbbc785922f0/datanode-3/data/ratis/ed48e0b0-1d3d-44dd-9b4b-1d7c0afad1c5 does not exist. Creating ...
2021-08-27 12:19:23,120 [pool-605-thread-1] INFO  storage.RaftStorageDirectory (RaftStorageDirectoryImpl.java:tryLock(230)) - Lock on /home/runner/work/ozone/ozone/hadoop-ozone/integration-test/target/test-dir/MiniOzoneClusterImpl-595ad429-f938-4b04-a1e1-fbbc785922f0/datanode-3/data/ratis/ed48e0b0-1d3d-44dd-9b4b-1d7c0afad1c5/in_use.lock acquired by nodename 3639@fv-az122-729
2021-08-27 12:19:23,122 [pool-605-thread-1] INFO  storage.RaftStorage (RaftStorageImpl.java:format(89)) - Storage directory /home/runner/work/ozone/ozone/hadoop-ozone/integration-test/target/test-dir/MiniOzoneClusterImpl-595ad429-f938-4b04-a1e1-fbbc785922f0/datanode-3/data/ratis/ed48e0b0-1d3d-44dd-9b4b-1d7c0afad1c5 has been successfully formatted.
2021-08-27 12:19:23,157 [Datanode State Machine Thread - 0] WARN  statemachine.StateContext (StateContext.java:execute(621)) - No available thread in pool for past 1 seconds.
2021-08-27 12:19:23,157 [pool-605-thread-1] INFO  ratis.ContainerStateMachine (ContainerStateMachine.java:loadSnapshot(224)) - group-1D7C0AFAD1C5: The snapshot info is null. Setting the last applied indexto:(t:0, i:~)
2021-08-27 12:19:23,157 [pool-605-thread-1] INFO  server.RaftServerConfigKeys (ConfUtils.java:logGet(44)) - raft.server.notification.no-leader.timeout = 300000ms (custom)
2021-08-27 12:19:23,157 [pool-605-thread-1] INFO  server.RaftServerConfigKeys (ConfUtils.java:logGet(44)) - raft.server.log.use.memory = false (default)
2021-08-27 12:19:23,157 [pool-605-thread-1] INFO  server.RaftServerConfigKeys (ConfUtils.java:logGet(44)) - raft.server.log.purge.gap = 1000000 (custom)
2021-08-27 12:19:23,157 [pool-605-thread-1] INFO  server.RaftServerConfigKeys (ConfUtils.java:logGet(44)) - raft.server.log.appender.buffer.byte-limit = 33554432 (custom)
2021-08-27 12:19:23,157 [pool-605-thread-1] INFO  server.RaftServerConfigKeys (ConfUtils.java:logGet(44)) - raft.server.log.segment.size.max = 1048576 (custom)
2021-08-27 12:19:23,158 [pool-605-thread-1] INFO  server.RaftServerConfigKeys (ConfUtils.java:logGet(44)) - raft.server.log.segment.cache.num.max = 2 (custom)
2021-08-27 12:19:23,158 [pool-605-thread-1] INFO  server.RaftServerConfigKeys (ConfUtils.java:logGet(44)) - raft.server.log.segment.cache.size.max = 200MB (=209715200) (default)
2021-08-27 12:19:23,158 [pool-605-thread-1] INFO  segmented.SegmentedRaftLogWorker (SegmentedRaftLogWorker.java:<init>(182)) - new 1627f0ec-3267-4946-a770-cb64d6080904@group-1D7C0AFAD1C5-SegmentedRaftLogWorker for RaftStorageImpl:Storage Directory /home/runner/work/ozone/ozone/hadoop-ozone/integration-test/target/test-dir/MiniOzoneClusterImpl-595ad429-f938-4b04-a1e1-fbbc785922f0/datanode-3/data/ratis/ed48e0b0-1d3d-44dd-9b4b-1d7c0afad1c5
2021-08-27 12:19:23,158 [pool-605-thread-1] INFO  server.RaftServerConfigKeys (ConfUtils.java:logGet(44)) - raft.server.log.queue.byte-limit = 2147483647 (custom)
2021-08-27 12:19:23,158 [pool-605-thread-1] INFO  server.RaftServerConfigKeys (ConfUtils.java:logGet(44)) - raft.server.log.queue.element-limit = 1024 (custom)
2021-08-27 12:19:23,158 [pool-605-thread-1] INFO  server.RaftServerConfigKeys (ConfUtils.java:logGet(44)) - raft.server.log.segment.size.max = 1048576 (custom)
2021-08-27 12:19:23,158 [pool-605-thread-1] INFO  server.RaftServerConfigKeys (ConfUtils.java:logGet(44)) - raft.server.log.preallocated.size = 16384 (custom)
2021-08-27 12:19:23,158 [pool-605-thread-1] INFO  server.RaftServerConfigKeys (ConfUtils.java:logGet(44)) - raft.server.log.force.sync.num = 128 (default)
2021-08-27 12:19:23,158 [pool-605-thread-1] INFO  server.RaftServerConfigKeys (ConfUtils.java:logGet(44)) - raft.server.log.statemachine.data.sync = true (default)
2021-08-27 12:19:23,158 [pool-605-thread-1] INFO  server.RaftServerConfigKeys (ConfUtils.java:logGet(44)) - raft.server.log.statemachine.data.sync.timeout = 10s (default)
2021-08-27 12:19:23,158 [pool-605-thread-1] INFO  server.RaftServerConfigKeys (ConfUtils.java:logGet(44)) - raft.server.log.statemachine.data.sync.timeout.retry = -1 (default)
2021-08-27 12:19:23,159 [pool-605-thread-1] INFO  server.RaftServerConfigKeys (ConfUtils.java:logGet(44)) - raft.server.log.write.buffer.size = 1048576 (custom)
2021-08-27 12:19:23,160 [pool-605-thread-1] INFO  server.RaftServerConfigKeys (ConfUtils.java:logGet(44)) - raft.server.log.statemachine.data.caching.enabled = true (custom)
2021-08-27 12:19:23,160 [pool-605-thread-1] INFO  segmented.SegmentedRaftLogWorker (SegmentedRaftLogWorker.java:lambda$new$0(133)) - 1627f0ec-3267-4946-a770-cb64d6080904@group-1D7C0AFAD1C5-SegmentedRaftLogWorker: flushIndex: setUnconditionally 0 -> -1
2021-08-27 12:19:23,160 [pool-605-thread-1] INFO  segmented.SegmentedRaftLogWorker (SegmentedRaftLogWorker.java:lambda$new$0(133)) - 1627f0ec-3267-4946-a770-cb64d6080904@group-1D7C0AFAD1C5-SegmentedRaftLogWorker: safeCacheEvictIndex: setUnconditionally 0 -> -1
2021-08-27 12:19:23,162 [EventQueue-PipelineReportForPipelineReportHandler] INFO  pipeline.PipelineManagerImpl (PipelineManagerImpl.java:openPipeline(282)) - Pipeline Pipeline[ Id: ed48e0b0-1d3d-44dd-9b4b-1d7c0afad1c5, Nodes: 1627f0ec-3267-4946-a770-cb64d6080904{ip: 10.1.0.9, host: fv-az122-729.zf1tlrj3kn4expqppa1j4mpycf.xx.internal.cloudapp.net, ports: [REPLICATION=34719, RATIS=39909, RATIS_ADMIN=39909, RATIS_SERVER=39909, STANDALONE=42461], networkLocation: /default-rack, certSerialId: null, persistedOpState: IN_SERVICE, persistedOpStateExpiryEpochSec: 0}, ReplicationConfig: RATIS/ONE, State:ALLOCATED, leaderId:1627f0ec-3267-4946-a770-cb64d6080904, CreationTimestamp2021-08-27T12:19:20.109Z[Etc/UTC]] moved to OPEN state
2021-08-27 12:19:23,163 [EventQueue-OpenPipelineForHealthyPipelineSafeModeRule] INFO  safemode.SCMSafeModeManager (HealthyPipelineSafeModeRule.java:process(124)) - SCM in safe mode. Healthy pipelines reported count is 0, required healthy pipeline reported count is 1
2021-08-27 12:19:23,163 [pool-605-thread-1] INFO  server.RaftServerConfigKeys (ConfUtils.java:logGet(44)) - raft.server.snapshot.auto.trigger.enabled = true (custom)
2021-08-27 12:19:23,163 [pool-605-thread-1] INFO  server.RaftServerConfigKeys (ConfUtils.java:logGet(44)) - raft.server.snapshot.auto.trigger.threshold = 10000 (custom)
2021-08-27 12:19:23,163 [pool-605-thread-1] INFO  server.RaftServerConfigKeys (ConfUtils.java:logGet(44)) - raft.server.snapshot.retention.file.num = 5 (custom)
2021-08-27 12:19:23,163 [pool-605-thread-1] INFO  server.RaftServerConfigKeys (ConfUtils.java:logGet(44)) - raft.server.log.purge.upto.snapshot.index = false (default)
2021-08-27 12:19:23,163 [pool-605-thread-1] INFO  server.RaftServerConfigKeys (ConfUtils.java:logGet(44)) - raft.server.retrycache.expirytime = 600000ms (custom)
2021-08-27 12:19:23,163 [pool-605-thread-1] INFO  server.RaftServerConfigKeys (ConfUtils.java:logGet(44)) - raft.server.retrycache.statistics.expirytime = 100μs (default)
2021-08-27 12:19:23,165 [pool-605-thread-1] INFO  server.RaftServer$Division (RaftServerImpl.java:start(296)) - 1627f0ec-3267-4946-a770-cb64d6080904@group-1D7C0AFAD1C5: start as a follower, conf=-1: [1627f0ec-3267-4946-a770-cb64d6080904|rpc:10.1.0.9:39909|priority:1], old=null
2021-08-27 12:19:23,165 [pool-605-thread-1] INFO  server.RaftServer$Division (RaftServerImpl.java:setRole(285)) - 1627f0ec-3267-4946-a770-cb64d6080904@group-1D7C0AFAD1C5: changes role from      null to FOLLOWER at term 0 for startAsFollower
2021-08-27 12:19:23,165 [pool-605-thread-1] INFO  impl.RoleInfo (RoleInfo.java:updateAndGet(130)) - 1627f0ec-3267-4946-a770-cb64d6080904: start 1627f0ec-3267-4946-a770-cb64d6080904@group-1D7C0AFAD1C5-FollowerState
2021-08-27 12:19:23,165 [pool-605-thread-1] INFO  util.JmxRegister (JmxRegister.java:tryRegister(44)) - Successfully registered JMX Bean with object name Ratis:service=RaftServer,group=group-1D7C0AFAD1C5,id=1627f0ec-3267-4946-a770-cb64d6080904
2021-08-27 12:19:23,166 [Command processor thread] INFO  ratis.XceiverServerRatis (XceiverServerRatis.java:addGroup(763)) - Created group PipelineID=ed48e0b0-1d3d-44dd-9b4b-1d7c0afad1c5
2021-08-27 12:19:23,166 [Command processor thread] INFO  commandhandler.CreatePipelineCommandHandler (CreatePipelineCommandHandler.java:handle(106)) - Created Pipeline RATIS ONE PipelineID=ed48e0b0-1d3d-44dd-9b4b-1d7c0afad1c5.
2021-08-27 12:19:23,166 [Command processor thread] INFO  server.RaftServer (RaftServerProxy.java:addNew(95)) - 1627f0ec-3267-4946-a770-cb64d6080904: addNew group-73F2619DA9B8:[1627f0ec-3267-4946-a770-cb64d6080904|rpc:10.1.0.9:39909|priority:0, 8406e4c7-9c64-45ff-a753-663392bee600|rpc:10.1.0.9:43903|priority:0, 0bc7842a-14bb-4f31-a0ca-67e37dbbf265|rpc:10.1.0.9:39103|priority:1] returns group-73F2619DA9B8:java.util.concurrent.CompletableFuture@2378df7a[Not completed]
2021-08-27 12:19:23,167 [pool-605-thread-1] INFO  server.RaftServer$Division (RaftServerImpl.java:<init>(181)) - 1627f0ec-3267-4946-a770-cb64d6080904: new RaftServerImpl for group-73F2619DA9B8:[1627f0ec-3267-4946-a770-cb64d6080904|rpc:10.1.0.9:39909|priority:0, 8406e4c7-9c64-45ff-a753-663392bee600|rpc:10.1.0.9:43903|priority:0, 0bc7842a-14bb-4f31-a0ca-67e37dbbf265|rpc:10.1.0.9:39103|priority:1] with ContainerStateMachine:uninitialized
2021-08-27 12:19:23,167 [pool-605-thread-1] INFO  server.RaftServerConfigKeys (ConfUtils.java:logGet(44)) - raft.server.rpc.timeout.min = 5s (custom)
2021-08-27 12:19:23,167 [pool-605-thread-1] INFO  server.RaftServerConfigKeys (ConfUtils.java:logGet(44)) - raft.server.rpc.timeout.max = 5200ms (custom)
2021-08-27 12:19:23,167 [pool-605-thread-1] INFO  server.RaftServerConfigKeys (ConfUtils.java:logGet(44)) - raft.server.rpc.sleep.time = 25ms (default)
2021-08-27 12:19:23,167 [pool-605-thread-1] INFO  server.RaftServerConfigKeys (ConfUtils.java:logGet(44)) - raft.server.rpc.slowness.timeout = 300000ms (custom)
2021-08-27 12:19:23,167 [pool-605-thread-1] INFO  server.RaftServerConfigKeys (ConfUtils.java:logGet(44)) - raft.server.leaderelection.leader.step-down.wait-time = 10s (default)
2021-08-27 12:19:23,167 [pool-605-thread-1] INFO  server.RaftServerConfigKeys (ConfUtils.java:logGet(44)) - raft.server.sleep.deviation.threshold = 300ms (default)
2021-08-27 12:19:23,167 [pool-605-thread-1] INFO  server.RaftServerConfigKeys (ConfUtils.java:logGet(44)) - raft.server.log.appender.install.snapshot.enabled = false (custom)
2021-08-27 12:19:23,167 [pool-605-thread-1] INFO  server.RaftServer$Division (ServerState.java:<init>(105)) - 1627f0ec-3267-4946-a770-cb64d6080904@group-73F2619DA9B8: ConfigurationManager, init=-1: [1627f0ec-3267-4946-a770-cb64d6080904|rpc:10.1.0.9:39909|priority:0, 8406e4c7-9c64-45ff-a753-663392bee600|rpc:10.1.0.9:43903|priority:0, 0bc7842a-14bb-4f31-a0ca-67e37dbbf265|rpc:10.1.0.9:39103|priority:1], old=null, confs=<EMPTY_MAP>
2021-08-27 12:19:23,167 [pool-605-thread-1] INFO  server.RaftServerConfigKeys (ConfUtils.java:logGet(44)) - raft.server.storage.dir = [/home/runner/work/ozone/ozone/hadoop-ozone/integration-test/target/test-dir/MiniOzoneClusterImpl-595ad429-f938-4b04-a1e1-fbbc785922f0/datanode-3/data/ratis] (custom)
2021-08-27 12:19:23,168 [pool-605-thread-1] INFO  server.RaftServerConfigKeys (ConfUtils.java:logGet(44)) - raft.server.log.corruption.policy = EXCEPTION (default)
2021-08-27 12:19:23,168 [pool-605-thread-1] INFO  server.RaftServerConfigKeys (ConfUtils.java:logGet(44)) - raft.server.storage.free-space.min = 0MB (=0) (default)
2021-08-27 12:19:23,168 [pool-605-thread-1] INFO  storage.RaftStorageDirectory (RaftStorageDirectoryImpl.java:analyzeStorage(135)) - The storage directory /home/runner/work/ozone/ozone/hadoop-ozone/integration-test/target/test-dir/MiniOzoneClusterImpl-595ad429-f938-4b04-a1e1-fbbc785922f0/datanode-3/data/ratis/d60ec560-7dcf-4b46-bf9d-73f2619da9b8 does not exist. Creating ...
2021-08-27 12:19:23,170 [pool-605-thread-1] INFO  storage.RaftStorageDirectory (RaftStorageDirectoryImpl.java:tryLock(230)) - Lock on /home/runner/work/ozone/ozone/hadoop-ozone/integration-test/target/test-dir/MiniOzoneClusterImpl-595ad429-f938-4b04-a1e1-fbbc785922f0/datanode-3/data/ratis/d60ec560-7dcf-4b46-bf9d-73f2619da9b8/in_use.lock acquired by nodename 3639@fv-az122-729
2021-08-27 12:19:23,171 [pool-605-thread-1] INFO  storage.RaftStorage (RaftStorageImpl.java:format(89)) - Storage directory /home/runner/work/ozone/ozone/hadoop-ozone/integration-test/target/test-dir/MiniOzoneClusterImpl-595ad429-f938-4b04-a1e1-fbbc785922f0/datanode-3/data/ratis/d60ec560-7dcf-4b46-bf9d-73f2619da9b8 has been successfully formatted.
2021-08-27 12:19:23,172 [pool-605-thread-1] INFO  ratis.ContainerStateMachine (ContainerStateMachine.java:loadSnapshot(224)) - group-73F2619DA9B8: The snapshot info is null. Setting the last applied indexto:(t:0, i:~)
2021-08-27 12:19:23,172 [pool-605-thread-1] INFO  server.RaftServerConfigKeys (ConfUtils.java:logGet(44)) - raft.server.notification.no-leader.timeout = 300000ms (custom)
2021-08-27 12:19:23,172 [pool-605-thread-1] INFO  server.RaftServerConfigKeys (ConfUtils.java:logGet(44)) - raft.server.log.use.memory = false (default)
2021-08-27 12:19:23,172 [pool-605-thread-1] INFO  server.RaftServerConfigKeys (ConfUtils.java:logGet(44)) - raft.server.log.purge.gap = 1000000 (custom)
2021-08-27 12:19:23,172 [pool-605-thread-1] INFO  server.RaftServerConfigKeys (ConfUtils.java:logGet(44)) - raft.server.log.appender.buffer.byte-limit = 33554432 (custom)
2021-08-27 12:19:23,172 [pool-605-thread-1] INFO  server.RaftServerConfigKeys (ConfUtils.java:logGet(44)) - raft.server.log.segment.size.max = 1048576 (custom)
2021-08-27 12:19:23,173 [pool-605-thread-1] INFO  server.RaftServerConfigKeys (ConfUtils.java:logGet(44)) - raft.server.log.segment.cache.num.max = 2 (custom)
2021-08-27 12:19:23,173 [pool-605-thread-1] INFO  server.RaftServerConfigKeys (ConfUtils.java:logGet(44)) - raft.server.log.segment.cache.size.max = 200MB (=209715200) (default)
2021-08-27 12:19:23,173 [pool-605-thread-1] INFO  segmented.SegmentedRaftLogWorker (SegmentedRaftLogWorker.java:<init>(182)) - new 1627f0ec-3267-4946-a770-cb64d6080904@group-73F2619DA9B8-SegmentedRaftLogWorker for RaftStorageImpl:Storage Directory /home/runner/work/ozone/ozone/hadoop-ozone/integration-test/target/test-dir/MiniOzoneClusterImpl-595ad429-f938-4b04-a1e1-fbbc785922f0/datanode-3/data/ratis/d60ec560-7dcf-4b46-bf9d-73f2619da9b8
2021-08-27 12:19:23,173 [pool-605-thread-1] INFO  server.RaftServerConfigKeys (ConfUtils.java:logGet(44)) - raft.server.log.queue.byte-limit = 2147483647 (custom)
2021-08-27 12:19:23,173 [pool-605-thread-1] INFO  server.RaftServerConfigKeys (ConfUtils.java:logGet(44)) - raft.server.log.queue.element-limit = 1024 (custom)
2021-08-27 12:19:23,173 [pool-605-thread-1] INFO  server.RaftServerConfigKeys (ConfUtils.java:logGet(44)) - raft.server.log.segment.size.max = 1048576 (custom)
2021-08-27 12:19:23,173 [pool-605-thread-1] INFO  server.RaftServerConfigKeys (ConfUtils.java:logGet(44)) - raft.server.log.preallocated.size = 16384 (custom)
2021-08-27 12:19:23,173 [pool-605-thread-1] INFO  server.RaftServerConfigKeys (ConfUtils.java:logGet(44)) - raft.server.log.force.sync.num = 128 (default)
2021-08-27 12:19:23,173 [pool-605-thread-1] INFO  server.RaftServerConfigKeys (ConfUtils.java:logGet(44)) - raft.server.log.statemachine.data.sync = true (default)
2021-08-27 12:19:23,173 [pool-605-thread-1] INFO  server.RaftServerConfigKeys (ConfUtils.java:logGet(44)) - raft.server.log.statemachine.data.sync.timeout = 10s (default)
2021-08-27 12:19:23,173 [pool-605-thread-1] INFO  server.RaftServerConfigKeys (ConfUtils.java:logGet(44)) - raft.server.log.statemachine.data.sync.timeout.retry = -1 (default)
2021-08-27 12:19:23,174 [Datanode State Machine Thread - 0] WARN  statemachine.StateContext (StateContext.java:execute(621)) - No available thread in pool for past 1 seconds.
2021-08-27 12:19:23,174 [EventQueue-OpenPipelineForHealthyPipelineSafeModeRule] INFO  safemode.SCMSafeModeManager (HealthyPipelineSafeModeRule.java:process(124)) - SCM in safe mode. Healthy pipelines reported count is 0, required healthy pipeline reported count is 1
2021-08-27 12:19:23,175 [pool-605-thread-1] INFO  server.RaftServerConfigKeys (ConfUtils.java:logGet(44)) - raft.server.log.write.buffer.size = 1048576 (custom)
2021-08-27 12:19:23,175 [pool-605-thread-1] INFO  server.RaftServerConfigKeys (ConfUtils.java:logGet(44)) - raft.server.log.statemachine.data.caching.enabled = true (custom)
2021-08-27 12:19:23,175 [pool-605-thread-1] INFO  segmented.SegmentedRaftLogWorker (SegmentedRaftLogWorker.java:lambda$new$0(133)) - 1627f0ec-3267-4946-a770-cb64d6080904@group-73F2619DA9B8-SegmentedRaftLogWorker: flushIndex: setUnconditionally 0 -> -1
2021-08-27 12:19:23,175 [pool-605-thread-1] INFO  segmented.SegmentedRaftLogWorker (SegmentedRaftLogWorker.java:lambda$new$0(133)) - 1627f0ec-3267-4946-a770-cb64d6080904@group-73F2619DA9B8-SegmentedRaftLogWorker: safeCacheEvictIndex: setUnconditionally 0 -> -1
2021-08-27 12:19:23,176 [pool-605-thread-1] INFO  server.RaftServerConfigKeys (ConfUtils.java:logGet(44)) - raft.server.snapshot.auto.trigger.enabled = true (custom)
2021-08-27 12:19:23,176 [pool-605-thread-1] INFO  server.RaftServerConfigKeys (ConfUtils.java:logGet(44)) - raft.server.snapshot.auto.trigger.threshold = 10000 (custom)
2021-08-27 12:19:23,176 [pool-605-thread-1] INFO  server.RaftServerConfigKeys (ConfUtils.java:logGet(44)) - raft.server.snapshot.retention.file.num = 5 (custom)
2021-08-27 12:19:23,176 [pool-605-thread-1] INFO  server.RaftServerConfigKeys (ConfUtils.java:logGet(44)) - raft.server.log.purge.upto.snapshot.index = false (default)
2021-08-27 12:19:23,176 [pool-605-thread-1] INFO  server.RaftServerConfigKeys (ConfUtils.java:logGet(44)) - raft.server.retrycache.expirytime = 600000ms (custom)
2021-08-27 12:19:23,176 [pool-605-thread-1] INFO  server.RaftServerConfigKeys (ConfUtils.java:logGet(44)) - raft.server.retrycache.statistics.expirytime = 100μs (default)
2021-08-27 12:19:23,178 [pool-605-thread-1] INFO  server.RaftServer$Division (RaftServerImpl.java:start(296)) - 1627f0ec-3267-4946-a770-cb64d6080904@group-73F2619DA9B8: start as a follower, conf=-1: [1627f0ec-3267-4946-a770-cb64d6080904|rpc:10.1.0.9:39909|priority:0, 8406e4c7-9c64-45ff-a753-663392bee600|rpc:10.1.0.9:43903|priority:0, 0bc7842a-14bb-4f31-a0ca-67e37dbbf265|rpc:10.1.0.9:39103|priority:1], old=null
2021-08-27 12:19:23,178 [pool-605-thread-1] INFO  server.RaftServer$Division (RaftServerImpl.java:setRole(285)) - 1627f0ec-3267-4946-a770-cb64d6080904@group-73F2619DA9B8: changes role from      null to FOLLOWER at term 0 for startAsFollower
2021-08-27 12:19:23,178 [pool-605-thread-1] INFO  impl.RoleInfo (RoleInfo.java:updateAndGet(130)) - 1627f0ec-3267-4946-a770-cb64d6080904: start 1627f0ec-3267-4946-a770-cb64d6080904@group-73F2619DA9B8-FollowerState
2021-08-27 12:19:23,178 [pool-605-thread-1] INFO  util.JmxRegister (JmxRegister.java:tryRegister(44)) - Successfully registered JMX Bean with object name Ratis:service=RaftServer,group=group-73F2619DA9B8,id=1627f0ec-3267-4946-a770-cb64d6080904
2021-08-27 12:19:23,179 [Command processor thread] INFO  ratis.XceiverServerRatis (XceiverServerRatis.java:addGroup(763)) - Created group PipelineID=d60ec560-7dcf-4b46-bf9d-73f2619da9b8
2021-08-27 12:19:23,216 [grpc-default-executor-1] INFO  server.RaftServer (RaftServerProxy.java:addNew(95)) - 8406e4c7-9c64-45ff-a753-663392bee600: addNew group-73F2619DA9B8:[1627f0ec-3267-4946-a770-cb64d6080904|rpc:10.1.0.9:39909|dataStream:|priority:0, 8406e4c7-9c64-45ff-a753-663392bee600|rpc:10.1.0.9:43903|dataStream:|priority:0, 0bc7842a-14bb-4f31-a0ca-67e37dbbf265|rpc:10.1.0.9:39103|dataStream:|priority:1] returns group-73F2619DA9B8:java.util.concurrent.CompletableFuture@12738194[Not completed]
2021-08-27 12:19:23,216 [pool-624-thread-1] INFO  server.RaftServer$Division (RaftServerImpl.java:<init>(181)) - 8406e4c7-9c64-45ff-a753-663392bee600: new RaftServerImpl for group-73F2619DA9B8:[1627f0ec-3267-4946-a770-cb64d6080904|rpc:10.1.0.9:39909|dataStream:|priority:0, 8406e4c7-9c64-45ff-a753-663392bee600|rpc:10.1.0.9:43903|dataStream:|priority:0, 0bc7842a-14bb-4f31-a0ca-67e37dbbf265|rpc:10.1.0.9:39103|dataStream:|priority:1] with ContainerStateMachine:uninitialized
2021-08-27 12:19:23,217 [pool-624-thread-1] INFO  server.RaftServerConfigKeys (ConfUtils.java:logGet(44)) - raft.server.rpc.timeout.min = 5s (custom)
2021-08-27 12:19:23,217 [pool-624-thread-1] INFO  server.RaftServerConfigKeys (ConfUtils.java:logGet(44)) - raft.server.rpc.timeout.max = 5200ms (custom)
2021-08-27 12:19:23,217 [pool-624-thread-1] INFO  server.RaftServerConfigKeys (ConfUtils.java:logGet(44)) - raft.server.rpc.sleep.time = 25ms (default)
2021-08-27 12:19:23,217 [pool-624-thread-1] INFO  server.RaftServerConfigKeys (ConfUtils.java:logGet(44)) - raft.server.rpc.slowness.timeout = 300000ms (custom)
2021-08-27 12:19:23,217 [pool-624-thread-1] INFO  server.RaftServerConfigKeys (ConfUtils.java:logGet(44)) - raft.server.leaderelection.leader.step-down.wait-time = 10s (default)
2021-08-27 12:19:23,217 [pool-624-thread-1] INFO  server.RaftServerConfigKeys (ConfUtils.java:logGet(44)) - raft.server.sleep.deviation.threshold = 300ms (default)
2021-08-27 12:19:23,217 [pool-624-thread-1] INFO  server.RaftServerConfigKeys (ConfUtils.java:logGet(44)) - raft.server.log.appender.install.snapshot.enabled = false (custom)
2021-08-27 12:19:23,217 [pool-624-thread-1] INFO  server.RaftServer$Division (ServerState.java:<init>(105)) - 8406e4c7-9c64-45ff-a753-663392bee600@group-73F2619DA9B8: ConfigurationManager, init=-1: [1627f0ec-3267-4946-a770-cb64d6080904|rpc:10.1.0.9:39909|dataStream:|priority:0, 8406e4c7-9c64-45ff-a753-663392bee600|rpc:10.1.0.9:43903|dataStream:|priority:0, 0bc7842a-14bb-4f31-a0ca-67e37dbbf265|rpc:10.1.0.9:39103|dataStream:|priority:1], old=null, confs=<EMPTY_MAP>
2021-08-27 12:19:23,217 [pool-624-thread-1] INFO  server.RaftServerConfigKeys (ConfUtils.java:logGet(44)) - raft.server.storage.dir = [/home/runner/work/ozone/ozone/hadoop-ozone/integration-test/target/test-dir/MiniOzoneClusterImpl-595ad429-f938-4b04-a1e1-fbbc785922f0/datanode-4/data/ratis] (custom)
2021-08-27 12:19:23,217 [pool-624-thread-1] INFO  server.RaftServerConfigKeys (ConfUtils.java:logGet(44)) - raft.server.log.corruption.policy = EXCEPTION (default)
2021-08-27 12:19:23,217 [pool-624-thread-1] INFO  server.RaftServerConfigKeys (ConfUtils.java:logGet(44)) - raft.server.storage.free-space.min = 0MB (=0) (default)
2021-08-27 12:19:23,217 [pool-624-thread-1] INFO  storage.RaftStorageDirectory (RaftStorageDirectoryImpl.java:analyzeStorage(135)) - The storage directory /home/runner/work/ozone/ozone/hadoop-ozone/integration-test/target/test-dir/MiniOzoneClusterImpl-595ad429-f938-4b04-a1e1-fbbc785922f0/datanode-4/data/ratis/d60ec560-7dcf-4b46-bf9d-73f2619da9b8 does not exist. Creating ...
2021-08-27 12:19:23,218 [pool-624-thread-1] INFO  storage.RaftStorageDirectory (RaftStorageDirectoryImpl.java:tryLock(230)) - Lock on /home/runner/work/ozone/ozone/hadoop-ozone/integration-test/target/test-dir/MiniOzoneClusterImpl-595ad429-f938-4b04-a1e1-fbbc785922f0/datanode-4/data/ratis/d60ec560-7dcf-4b46-bf9d-73f2619da9b8/in_use.lock acquired by nodename 3639@fv-az122-729
2021-08-27 12:19:23,220 [pool-624-thread-1] INFO  storage.RaftStorage (RaftStorageImpl.java:format(89)) - Storage directory /home/runner/work/ozone/ozone/hadoop-ozone/integration-test/target/test-dir/MiniOzoneClusterImpl-595ad429-f938-4b04-a1e1-fbbc785922f0/datanode-4/data/ratis/d60ec560-7dcf-4b46-bf9d-73f2619da9b8 has been successfully formatted.
2021-08-27 12:19:23,247 [pool-624-thread-1] INFO  ratis.ContainerStateMachine (ContainerStateMachine.java:loadSnapshot(224)) - group-73F2619DA9B8: The snapshot info is null. Setting the last applied indexto:(t:0, i:~)
2021-08-27 12:19:23,247 [pool-624-thread-1] INFO  server.RaftServerConfigKeys (ConfUtils.java:logGet(44)) - raft.server.notification.no-leader.timeout = 300000ms (custom)
2021-08-27 12:19:23,248 [pool-624-thread-1] INFO  server.RaftServerConfigKeys (ConfUtils.java:logGet(44)) - raft.server.log.use.memory = false (default)
2021-08-27 12:19:23,248 [pool-624-thread-1] INFO  server.RaftServerConfigKeys (ConfUtils.java:logGet(44)) - raft.server.log.purge.gap = 1000000 (custom)
2021-08-27 12:19:23,248 [pool-624-thread-1] INFO  server.RaftServerConfigKeys (ConfUtils.java:logGet(44)) - raft.server.log.appender.buffer.byte-limit = 33554432 (custom)
2021-08-27 12:19:23,248 [pool-624-thread-1] INFO  server.RaftServerConfigKeys (ConfUtils.java:logGet(44)) - raft.server.log.segment.size.max = 1048576 (custom)
2021-08-27 12:19:23,248 [pool-624-thread-1] INFO  server.RaftServerConfigKeys (ConfUtils.java:logGet(44)) - raft.server.log.segment.cache.num.max = 2 (custom)
2021-08-27 12:19:23,248 [pool-624-thread-1] INFO  server.RaftServerConfigKeys (ConfUtils.java:logGet(44)) - raft.server.log.segment.cache.size.max = 200MB (=209715200) (default)
2021-08-27 12:19:23,248 [pool-624-thread-1] INFO  segmented.SegmentedRaftLogWorker (SegmentedRaftLogWorker.java:<init>(182)) - new 8406e4c7-9c64-45ff-a753-663392bee600@group-73F2619DA9B8-SegmentedRaftLogWorker for RaftStorageImpl:Storage Directory /home/runner/work/ozone/ozone/hadoop-ozone/integration-test/target/test-dir/MiniOzoneClusterImpl-595ad429-f938-4b04-a1e1-fbbc785922f0/datanode-4/data/ratis/d60ec560-7dcf-4b46-bf9d-73f2619da9b8
2021-08-27 12:19:23,248 [pool-624-thread-1] INFO  server.RaftServerConfigKeys (ConfUtils.java:logGet(44)) - raft.server.log.queue.byte-limit = 2147483647 (custom)
2021-08-27 12:19:23,249 [pool-624-thread-1] INFO  server.RaftServerConfigKeys (ConfUtils.java:logGet(44)) - raft.server.log.queue.element-limit = 1024 (custom)
2021-08-27 12:19:23,249 [pool-624-thread-1] INFO  server.RaftServerConfigKeys (ConfUtils.java:logGet(44)) - raft.server.log.segment.size.max = 1048576 (custom)
2021-08-27 12:19:23,249 [pool-624-thread-1] INFO  server.RaftServerConfigKeys (ConfUtils.java:logGet(44)) - raft.server.log.preallocated.size = 16384 (custom)
2021-08-27 12:19:23,249 [pool-624-thread-1] INFO  server.RaftServerConfigKeys (ConfUtils.java:logGet(44)) - raft.server.log.force.sync.num = 128 (default)
2021-08-27 12:19:23,249 [pool-624-thread-1] INFO  server.RaftServerConfigKeys (ConfUtils.java:logGet(44)) - raft.server.log.statemachine.data.sync = true (default)
2021-08-27 12:19:23,249 [pool-624-thread-1] INFO  server.RaftServerConfigKeys (ConfUtils.java:logGet(44)) - raft.server.log.statemachine.data.sync.timeout = 10s (default)
2021-08-27 12:19:23,249 [pool-624-thread-1] INFO  server.RaftServerConfigKeys (ConfUtils.java:logGet(44)) - raft.server.log.statemachine.data.sync.timeout.retry = -1 (default)
2021-08-27 12:19:23,250 [Datanode State Machine Thread - 0] WARN  statemachine.StateContext (StateContext.java:execute(621)) - No available thread in pool for past 1 seconds.
2021-08-27 12:19:23,252 [pool-624-thread-1] INFO  server.RaftServerConfigKeys (ConfUtils.java:logGet(44)) - raft.server.log.write.buffer.size = 1048576 (custom)
2021-08-27 12:19:23,252 [pool-624-thread-1] INFO  server.RaftServerConfigKeys (ConfUtils.java:logGet(44)) - raft.server.log.statemachine.data.caching.enabled = true (custom)
2021-08-27 12:19:23,253 [pool-624-thread-1] INFO  segmented.SegmentedRaftLogWorker (SegmentedRaftLogWorker.java:lambda$new$0(133)) - 8406e4c7-9c64-45ff-a753-663392bee600@group-73F2619DA9B8-SegmentedRaftLogWorker: flushIndex: setUnconditionally 0 -> -1
2021-08-27 12:19:23,254 [pool-624-thread-1] INFO  segmented.SegmentedRaftLogWorker (SegmentedRaftLogWorker.java:lambda$new$0(133)) - 8406e4c7-9c64-45ff-a753-663392bee600@group-73F2619DA9B8-SegmentedRaftLogWorker: safeCacheEvictIndex: setUnconditionally 0 -> -1
2021-08-27 12:19:23,254 [pool-624-thread-1] INFO  server.RaftServerConfigKeys (ConfUtils.java:logGet(44)) - raft.server.snapshot.auto.trigger.enabled = true (custom)
2021-08-27 12:19:23,254 [pool-624-thread-1] INFO  server.RaftServerConfigKeys (ConfUtils.java:logGet(44)) - raft.server.snapshot.auto.trigger.threshold = 10000 (custom)
2021-08-27 12:19:23,255 [pool-624-thread-1] INFO  server.RaftServerConfigKeys (ConfUtils.java:logGet(44)) - raft.server.snapshot.retention.file.num = 5 (custom)
2021-08-27 12:19:23,255 [pool-624-thread-1] INFO  server.RaftServerConfigKeys (ConfUtils.java:logGet(44)) - raft.server.log.purge.upto.snapshot.index = false (default)
2021-08-27 12:19:23,255 [pool-624-thread-1] INFO  server.RaftServerConfigKeys (ConfUtils.java:logGet(44)) - raft.server.retrycache.expirytime = 600000ms (custom)
2021-08-27 12:19:23,255 [pool-624-thread-1] INFO  server.RaftServerConfigKeys (ConfUtils.java:logGet(44)) - raft.server.retrycache.statistics.expirytime = 100μs (default)
2021-08-27 12:19:23,256 [pool-624-thread-1] INFO  server.RaftServer$Division (RaftServerImpl.java:start(296)) - 8406e4c7-9c64-45ff-a753-663392bee600@group-73F2619DA9B8: start as a follower, conf=-1: [1627f0ec-3267-4946-a770-cb64d6080904|rpc:10.1.0.9:39909|dataStream:|priority:0, 8406e4c7-9c64-45ff-a753-663392bee600|rpc:10.1.0.9:43903|dataStream:|priority:0, 0bc7842a-14bb-4f31-a0ca-67e37dbbf265|rpc:10.1.0.9:39103|dataStream:|priority:1], old=null
2021-08-27 12:19:23,256 [pool-624-thread-1] INFO  server.RaftServer$Division (RaftServerImpl.java:setRole(285)) - 8406e4c7-9c64-45ff-a753-663392bee600@group-73F2619DA9B8: changes role from      null to FOLLOWER at term 0 for startAsFollower
2021-08-27 12:19:23,256 [pool-624-thread-1] INFO  impl.RoleInfo (RoleInfo.java:updateAndGet(130)) - 8406e4c7-9c64-45ff-a753-663392bee600: start 8406e4c7-9c64-45ff-a753-663392bee600@group-73F2619DA9B8-FollowerState
2021-08-27 12:19:23,266 [pool-624-thread-1] INFO  util.JmxRegister (JmxRegister.java:tryRegister(44)) - Successfully registered JMX Bean with object name Ratis:service=RaftServer,group=group-73F2619DA9B8,id=8406e4c7-9c64-45ff-a753-663392bee600
2021-08-27 12:19:23,310 [grpc-default-executor-1] INFO  server.RaftServer (RaftServerProxy.java:addNew(95)) - 0bc7842a-14bb-4f31-a0ca-67e37dbbf265: addNew group-73F2619DA9B8:[1627f0ec-3267-4946-a770-cb64d6080904|rpc:10.1.0.9:39909|dataStream:|priority:0, 8406e4c7-9c64-45ff-a753-663392bee600|rpc:10.1.0.9:43903|dataStream:|priority:0, 0bc7842a-14bb-4f31-a0ca-67e37dbbf265|rpc:10.1.0.9:39103|dataStream:|priority:1] returns group-73F2619DA9B8:java.util.concurrent.CompletableFuture@5712ec50[Not completed]
2021-08-27 12:19:23,311 [pool-643-thread-1] INFO  server.RaftServer$Division (RaftServerImpl.java:<init>(181)) - 0bc7842a-14bb-4f31-a0ca-67e37dbbf265: new RaftServerImpl for group-73F2619DA9B8:[1627f0ec-3267-4946-a770-cb64d6080904|rpc:10.1.0.9:39909|dataStream:|priority:0, 8406e4c7-9c64-45ff-a753-663392bee600|rpc:10.1.0.9:43903|dataStream:|priority:0, 0bc7842a-14bb-4f31-a0ca-67e37dbbf265|rpc:10.1.0.9:39103|dataStream:|priority:1] with ContainerStateMachine:uninitialized
2021-08-27 12:19:23,311 [pool-643-thread-1] INFO  server.RaftServerConfigKeys (ConfUtils.java:logGet(44)) - raft.server.rpc.timeout.min = 5s (custom)
2021-08-27 12:19:23,311 [pool-643-thread-1] INFO  server.RaftServerConfigKeys (ConfUtils.java:logGet(44)) - raft.server.rpc.timeout.max = 5200ms (custom)
2021-08-27 12:19:23,311 [pool-643-thread-1] INFO  server.RaftServerConfigKeys (ConfUtils.java:logGet(44)) - raft.server.rpc.sleep.time = 25ms (default)
2021-08-27 12:19:23,311 [pool-643-thread-1] INFO  server.RaftServerConfigKeys (ConfUtils.java:logGet(44)) - raft.server.rpc.slowness.timeout = 300000ms (custom)
2021-08-27 12:19:23,311 [pool-643-thread-1] INFO  server.RaftServerConfigKeys (ConfUtils.java:logGet(44)) - raft.server.leaderelection.leader.step-down.wait-time = 10s (default)
2021-08-27 12:19:23,311 [pool-643-thread-1] INFO  server.RaftServerConfigKeys (ConfUtils.java:logGet(44)) - raft.server.sleep.deviation.threshold = 300ms (default)
2021-08-27 12:19:23,311 [pool-643-thread-1] INFO  server.RaftServerConfigKeys (ConfUtils.java:logGet(44)) - raft.server.log.appender.install.snapshot.enabled = false (custom)
2021-08-27 12:19:23,311 [pool-643-thread-1] INFO  server.RaftServer$Division (ServerState.java:<init>(105)) - 0bc7842a-14bb-4f31-a0ca-67e37dbbf265@group-73F2619DA9B8: ConfigurationManager, init=-1: [1627f0ec-3267-4946-a770-cb64d6080904|rpc:10.1.0.9:39909|dataStream:|priority:0, 8406e4c7-9c64-45ff-a753-663392bee600|rpc:10.1.0.9:43903|dataStream:|priority:0, 0bc7842a-14bb-4f31-a0ca-67e37dbbf265|rpc:10.1.0.9:39103|dataStream:|priority:1], old=null, confs=<EMPTY_MAP>
2021-08-27 12:19:23,311 [pool-643-thread-1] INFO  server.RaftServerConfigKeys (ConfUtils.java:logGet(44)) - raft.server.storage.dir = [/home/runner/work/ozone/ozone/hadoop-ozone/integration-test/target/test-dir/MiniOzoneClusterImpl-595ad429-f938-4b04-a1e1-fbbc785922f0/datanode-5/data/ratis] (custom)
2021-08-27 12:19:23,312 [pool-643-thread-1] INFO  server.RaftServerConfigKeys (ConfUtils.java:logGet(44)) - raft.server.log.corruption.policy = EXCEPTION (default)
2021-08-27 12:19:23,312 [pool-643-thread-1] INFO  server.RaftServerConfigKeys (ConfUtils.java:logGet(44)) - raft.server.storage.free-space.min = 0MB (=0) (default)
2021-08-27 12:19:23,312 [pool-643-thread-1] INFO  storage.RaftStorageDirectory (RaftStorageDirectoryImpl.java:analyzeStorage(135)) - The storage directory /home/runner/work/ozone/ozone/hadoop-ozone/integration-test/target/test-dir/MiniOzoneClusterImpl-595ad429-f938-4b04-a1e1-fbbc785922f0/datanode-5/data/ratis/d60ec560-7dcf-4b46-bf9d-73f2619da9b8 does not exist. Creating ...
2021-08-27 12:19:23,313 [pool-643-thread-1] INFO  storage.RaftStorageDirectory (RaftStorageDirectoryImpl.java:tryLock(230)) - Lock on /home/runner/work/ozone/ozone/hadoop-ozone/integration-test/target/test-dir/MiniOzoneClusterImpl-595ad429-f938-4b04-a1e1-fbbc785922f0/datanode-5/data/ratis/d60ec560-7dcf-4b46-bf9d-73f2619da9b8/in_use.lock acquired by nodename 3639@fv-az122-729
2021-08-27 12:19:23,321 [pool-643-thread-1] INFO  storage.RaftStorage (RaftStorageImpl.java:format(89)) - Storage directory /home/runner/work/ozone/ozone/hadoop-ozone/integration-test/target/test-dir/MiniOzoneClusterImpl-595ad429-f938-4b04-a1e1-fbbc785922f0/datanode-5/data/ratis/d60ec560-7dcf-4b46-bf9d-73f2619da9b8 has been successfully formatted.
2021-08-27 12:19:23,332 [Datanode State Machine Thread - 0] WARN  statemachine.StateContext (StateContext.java:execute(621)) - No available thread in pool for past 1 seconds.
2021-08-27 12:19:23,333 [pool-643-thread-1] INFO  ratis.ContainerStateMachine (ContainerStateMachine.java:loadSnapshot(224)) - group-73F2619DA9B8: The snapshot info is null. Setting the last applied indexto:(t:0, i:~)
2021-08-27 12:19:23,333 [pool-643-thread-1] INFO  server.RaftServerConfigKeys (ConfUtils.java:logGet(44)) - raft.server.notification.no-leader.timeout = 300000ms (custom)
2021-08-27 12:19:23,333 [pool-643-thread-1] INFO  server.RaftServerConfigKeys (ConfUtils.java:logGet(44)) - raft.server.log.use.memory = false (default)
2021-08-27 12:19:23,333 [pool-643-thread-1] INFO  server.RaftServerConfigKeys (ConfUtils.java:logGet(44)) - raft.server.log.purge.gap = 1000000 (custom)
2021-08-27 12:19:23,333 [pool-643-thread-1] INFO  server.RaftServerConfigKeys (ConfUtils.java:logGet(44)) - raft.server.log.appender.buffer.byte-limit = 33554432 (custom)
2021-08-27 12:19:23,333 [pool-643-thread-1] INFO  server.RaftServerConfigKeys (ConfUtils.java:logGet(44)) - raft.server.log.segment.size.max = 1048576 (custom)
2021-08-27 12:19:23,334 [pool-643-thread-1] INFO  server.RaftServerConfigKeys (ConfUtils.java:logGet(44)) - raft.server.log.segment.cache.num.max = 2 (custom)
2021-08-27 12:19:23,334 [pool-643-thread-1] INFO  server.RaftServerConfigKeys (ConfUtils.java:logGet(44)) - raft.server.log.segment.cache.size.max = 200MB (=209715200) (default)
2021-08-27 12:19:23,334 [pool-643-thread-1] INFO  segmented.SegmentedRaftLogWorker (SegmentedRaftLogWorker.java:<init>(182)) - new 0bc7842a-14bb-4f31-a0ca-67e37dbbf265@group-73F2619DA9B8-SegmentedRaftLogWorker for RaftStorageImpl:Storage Directory /home/runner/work/ozone/ozone/hadoop-ozone/integration-test/target/test-dir/MiniOzoneClusterImpl-595ad429-f938-4b04-a1e1-fbbc785922f0/datanode-5/data/ratis/d60ec560-7dcf-4b46-bf9d-73f2619da9b8
2021-08-27 12:19:23,334 [pool-643-thread-1] INFO  server.RaftServerConfigKeys (ConfUtils.java:logGet(44)) - raft.server.log.queue.byte-limit = 2147483647 (custom)
2021-08-27 12:19:23,334 [pool-643-thread-1] INFO  server.RaftServerConfigKeys (ConfUtils.java:logGet(44)) - raft.server.log.queue.element-limit = 1024 (custom)
2021-08-27 12:19:23,334 [pool-643-thread-1] INFO  server.RaftServerConfigKeys (ConfUtils.java:logGet(44)) - raft.server.log.segment.size.max = 1048576 (custom)
2021-08-27 12:19:23,334 [pool-643-thread-1] INFO  server.RaftServerConfigKeys (ConfUtils.java:logGet(44)) - raft.server.log.preallocated.size = 16384 (custom)
2021-08-27 12:19:23,334 [pool-643-thread-1] INFO  server.RaftServerConfigKeys (ConfUtils.java:logGet(44)) - raft.server.log.force.sync.num = 128 (default)
2021-08-27 12:19:23,334 [pool-643-thread-1] INFO  server.RaftServerConfigKeys (ConfUtils.java:logGet(44)) - raft.server.log.statemachine.data.sync = true (default)
2021-08-27 12:19:23,334 [pool-643-thread-1] INFO  server.RaftServerConfigKeys (ConfUtils.java:logGet(44)) - raft.server.log.statemachine.data.sync.timeout = 10s (default)
2021-08-27 12:19:23,334 [pool-643-thread-1] INFO  server.RaftServerConfigKeys (ConfUtils.java:logGet(44)) - raft.server.log.statemachine.data.sync.timeout.retry = -1 (default)
2021-08-27 12:19:23,335 [pool-643-thread-1] INFO  server.RaftServerConfigKeys (ConfUtils.java:logGet(44)) - raft.server.log.write.buffer.size = 1048576 (custom)
2021-08-27 12:19:23,337 [pool-643-thread-1] INFO  server.RaftServerConfigKeys (ConfUtils.java:logGet(44)) - raft.server.log.statemachine.data.caching.enabled = true (custom)
2021-08-27 12:19:23,337 [pool-643-thread-1] INFO  segmented.SegmentedRaftLogWorker (SegmentedRaftLogWorker.java:lambda$new$0(133)) - 0bc7842a-14bb-4f31-a0ca-67e37dbbf265@group-73F2619DA9B8-SegmentedRaftLogWorker: flushIndex: setUnconditionally 0 -> -1
2021-08-27 12:19:23,337 [pool-643-thread-1] INFO  segmented.SegmentedRaftLogWorker (SegmentedRaftLogWorker.java:lambda$new$0(133)) - 0bc7842a-14bb-4f31-a0ca-67e37dbbf265@group-73F2619DA9B8-SegmentedRaftLogWorker: safeCacheEvictIndex: setUnconditionally 0 -> -1
2021-08-27 12:19:23,337 [pool-643-thread-1] INFO  server.RaftServerConfigKeys (ConfUtils.java:logGet(44)) - raft.server.snapshot.auto.trigger.enabled = true (custom)
2021-08-27 12:19:23,337 [pool-643-thread-1] INFO  server.RaftServerConfigKeys (ConfUtils.java:logGet(44)) - raft.server.snapshot.auto.trigger.threshold = 10000 (custom)
2021-08-27 12:19:23,337 [pool-643-thread-1] INFO  server.RaftServerConfigKeys (ConfUtils.java:logGet(44)) - raft.server.snapshot.retention.file.num = 5 (custom)
2021-08-27 12:19:23,337 [pool-643-thread-1] INFO  server.RaftServerConfigKeys (ConfUtils.java:logGet(44)) - raft.server.log.purge.upto.snapshot.index = false (default)
2021-08-27 12:19:23,337 [pool-643-thread-1] INFO  server.RaftServerConfigKeys (ConfUtils.java:logGet(44)) - raft.server.retrycache.expirytime = 600000ms (custom)
2021-08-27 12:19:23,337 [pool-643-thread-1] INFO  server.RaftServerConfigKeys (ConfUtils.java:logGet(44)) - raft.server.retrycache.statistics.expirytime = 100μs (default)
2021-08-27 12:19:23,339 [pool-643-thread-1] INFO  server.RaftServer$Division (RaftServerImpl.java:start(296)) - 0bc7842a-14bb-4f31-a0ca-67e37dbbf265@group-73F2619DA9B8: start as a follower, conf=-1: [1627f0ec-3267-4946-a770-cb64d6080904|rpc:10.1.0.9:39909|dataStream:|priority:0, 8406e4c7-9c64-45ff-a753-663392bee600|rpc:10.1.0.9:43903|dataStream:|priority:0, 0bc7842a-14bb-4f31-a0ca-67e37dbbf265|rpc:10.1.0.9:39103|dataStream:|priority:1], old=null
2021-08-27 12:19:23,339 [pool-643-thread-1] INFO  server.RaftServer$Division (RaftServerImpl.java:setRole(285)) - 0bc7842a-14bb-4f31-a0ca-67e37dbbf265@group-73F2619DA9B8: changes role from      null to FOLLOWER at term 0 for startAsFollower
2021-08-27 12:19:23,339 [pool-643-thread-1] INFO  impl.RoleInfo (RoleInfo.java:updateAndGet(130)) - 0bc7842a-14bb-4f31-a0ca-67e37dbbf265: start 0bc7842a-14bb-4f31-a0ca-67e37dbbf265@group-73F2619DA9B8-FollowerState
2021-08-27 12:19:23,342 [pool-643-thread-1] INFO  util.JmxRegister (JmxRegister.java:tryRegister(44)) - Successfully registered JMX Bean with object name Ratis:service=RaftServer,group=group-73F2619DA9B8,id=0bc7842a-14bb-4f31-a0ca-67e37dbbf265
2021-08-27 12:19:23,366 [Command processor thread] INFO  commandhandler.CreatePipelineCommandHandler (CreatePipelineCommandHandler.java:handle(106)) - Created Pipeline RATIS THREE PipelineID=d60ec560-7dcf-4b46-bf9d-73f2619da9b8.
2021-08-27 12:19:23,431 [Command processor thread] INFO  server.RaftServer (RaftServerProxy.java:addNew(95)) - 8406e4c7-9c64-45ff-a753-663392bee600: addNew group-71BB057E84DB:[8406e4c7-9c64-45ff-a753-663392bee600|rpc:10.1.0.9:43903|priority:1] returns group-71BB057E84DB:java.util.concurrent.CompletableFuture@7e21f865[Not completed]
2021-08-27 12:19:23,432 [pool-624-thread-1] INFO  server.RaftServer$Division (RaftServerImpl.java:<init>(181)) - 8406e4c7-9c64-45ff-a753-663392bee600: new RaftServerImpl for group-71BB057E84DB:[8406e4c7-9c64-45ff-a753-663392bee600|rpc:10.1.0.9:43903|priority:1] with ContainerStateMachine:uninitialized
2021-08-27 12:19:23,432 [pool-624-thread-1] INFO  server.RaftServerConfigKeys (ConfUtils.java:logGet(44)) - raft.server.rpc.timeout.min = 5s (custom)
2021-08-27 12:19:23,432 [pool-624-thread-1] INFO  server.RaftServerConfigKeys (ConfUtils.java:logGet(44)) - raft.server.rpc.timeout.max = 5200ms (custom)
2021-08-27 12:19:23,432 [pool-624-thread-1] INFO  server.RaftServerConfigKeys (ConfUtils.java:logGet(44)) - raft.server.rpc.sleep.time = 25ms (default)
2021-08-27 12:19:23,432 [pool-624-thread-1] INFO  server.RaftServerConfigKeys (ConfUtils.java:logGet(44)) - raft.server.rpc.slowness.timeout = 300000ms (custom)
2021-08-27 12:19:23,432 [pool-624-thread-1] INFO  server.RaftServerConfigKeys (ConfUtils.java:logGet(44)) - raft.server.leaderelection.leader.step-down.wait-time = 10s (default)
2021-08-27 12:19:23,432 [pool-624-thread-1] INFO  server.RaftServerConfigKeys (ConfUtils.java:logGet(44)) - raft.server.sleep.deviation.threshold = 300ms (default)
2021-08-27 12:19:23,432 [pool-624-thread-1] INFO  server.RaftServerConfigKeys (ConfUtils.java:logGet(44)) - raft.server.log.appender.install.snapshot.enabled = false (custom)
2021-08-27 12:19:23,432 [pool-624-thread-1] INFO  server.RaftServer$Division (ServerState.java:<init>(105)) - 8406e4c7-9c64-45ff-a753-663392bee600@group-71BB057E84DB: ConfigurationManager, init=-1: [8406e4c7-9c64-45ff-a753-663392bee600|rpc:10.1.0.9:43903|priority:1], old=null, confs=<EMPTY_MAP>
2021-08-27 12:19:23,432 [pool-624-thread-1] INFO  server.RaftServerConfigKeys (ConfUtils.java:logGet(44)) - raft.server.storage.dir = [/home/runner/work/ozone/ozone/hadoop-ozone/integration-test/target/test-dir/MiniOzoneClusterImpl-595ad429-f938-4b04-a1e1-fbbc785922f0/datanode-4/data/ratis] (custom)
2021-08-27 12:19:23,432 [pool-624-thread-1] INFO  server.RaftServerConfigKeys (ConfUtils.java:logGet(44)) - raft.server.log.corruption.policy = EXCEPTION (default)
2021-08-27 12:19:23,432 [pool-624-thread-1] INFO  server.RaftServerConfigKeys (ConfUtils.java:logGet(44)) - raft.server.storage.free-space.min = 0MB (=0) (default)
2021-08-27 12:19:23,433 [pool-624-thread-1] INFO  storage.RaftStorageDirectory (RaftStorageDirectoryImpl.java:analyzeStorage(135)) - The storage directory /home/runner/work/ozone/ozone/hadoop-ozone/integration-test/target/test-dir/MiniOzoneClusterImpl-595ad429-f938-4b04-a1e1-fbbc785922f0/datanode-4/data/ratis/b587afb6-e83e-4169-8ffb-71bb057e84db does not exist. Creating ...
2021-08-27 12:19:23,434 [pool-624-thread-1] INFO  storage.RaftStorageDirectory (RaftStorageDirectoryImpl.java:tryLock(230)) - Lock on /home/runner/work/ozone/ozone/hadoop-ozone/integration-test/target/test-dir/MiniOzoneClusterImpl-595ad429-f938-4b04-a1e1-fbbc785922f0/datanode-4/data/ratis/b587afb6-e83e-4169-8ffb-71bb057e84db/in_use.lock acquired by nodename 3639@fv-az122-729
2021-08-27 12:19:23,442 [pool-624-thread-1] INFO  storage.RaftStorage (RaftStorageImpl.java:format(89)) - Storage directory /home/runner/work/ozone/ozone/hadoop-ozone/integration-test/target/test-dir/MiniOzoneClusterImpl-595ad429-f938-4b04-a1e1-fbbc785922f0/datanode-4/data/ratis/b587afb6-e83e-4169-8ffb-71bb057e84db has been successfully formatted.
2021-08-27 12:19:23,442 [Datanode State Machine Thread - 0] WARN  statemachine.StateContext (StateContext.java:execute(621)) - No available thread in pool for past 1 seconds.
2021-08-27 12:19:23,443 [EventQueue-PipelineReportForPipelineReportHandler] INFO  pipeline.PipelineManagerImpl (PipelineManagerImpl.java:openPipeline(282)) - Pipeline Pipeline[ Id: b587afb6-e83e-4169-8ffb-71bb057e84db, Nodes: 8406e4c7-9c64-45ff-a753-663392bee600{ip: 10.1.0.9, host: fv-az122-729.zf1tlrj3kn4expqppa1j4mpycf.xx.internal.cloudapp.net, ports: [REPLICATION=43661, RATIS=43903, RATIS_ADMIN=43903, RATIS_SERVER=43903, STANDALONE=34477], networkLocation: /default-rack, certSerialId: null, persistedOpState: IN_SERVICE, persistedOpStateExpiryEpochSec: 0}, ReplicationConfig: RATIS/ONE, State:ALLOCATED, leaderId:8406e4c7-9c64-45ff-a753-663392bee600, CreationTimestamp2021-08-27T12:19:20.433Z[Etc/UTC]] moved to OPEN state
2021-08-27 12:19:23,444 [EventQueue-OpenPipelineForHealthyPipelineSafeModeRule] INFO  safemode.SCMSafeModeManager (HealthyPipelineSafeModeRule.java:process(124)) - SCM in safe mode. Healthy pipelines reported count is 0, required healthy pipeline reported count is 1
2021-08-27 12:19:23,446 [pool-624-thread-1] INFO  ratis.ContainerStateMachine (ContainerStateMachine.java:loadSnapshot(224)) - group-71BB057E84DB: The snapshot info is null. Setting the last applied indexto:(t:0, i:~)
2021-08-27 12:19:23,446 [pool-624-thread-1] INFO  server.RaftServerConfigKeys (ConfUtils.java:logGet(44)) - raft.server.notification.no-leader.timeout = 300000ms (custom)
2021-08-27 12:19:23,447 [pool-624-thread-1] INFO  server.RaftServerConfigKeys (ConfUtils.java:logGet(44)) - raft.server.log.use.memory = false (default)
2021-08-27 12:19:23,447 [pool-624-thread-1] INFO  server.RaftServerConfigKeys (ConfUtils.java:logGet(44)) - raft.server.log.purge.gap = 1000000 (custom)
2021-08-27 12:19:23,447 [pool-624-thread-1] INFO  server.RaftServerConfigKeys (ConfUtils.java:logGet(44)) - raft.server.log.appender.buffer.byte-limit = 33554432 (custom)
2021-08-27 12:19:23,447 [pool-624-thread-1] INFO  server.RaftServerConfigKeys (ConfUtils.java:logGet(44)) - raft.server.log.segment.size.max = 1048576 (custom)
2021-08-27 12:19:23,447 [pool-624-thread-1] INFO  server.RaftServerConfigKeys (ConfUtils.java:logGet(44)) - raft.server.log.segment.cache.num.max = 2 (custom)
2021-08-27 12:19:23,447 [pool-624-thread-1] INFO  server.RaftServerConfigKeys (ConfUtils.java:logGet(44)) - raft.server.log.segment.cache.size.max = 200MB (=209715200) (default)
2021-08-27 12:19:23,448 [pool-624-thread-1] INFO  segmented.SegmentedRaftLogWorker (SegmentedRaftLogWorker.java:<init>(182)) - new 8406e4c7-9c64-45ff-a753-663392bee600@group-71BB057E84DB-SegmentedRaftLogWorker for RaftStorageImpl:Storage Directory /home/runner/work/ozone/ozone/hadoop-ozone/integration-test/target/test-dir/MiniOzoneClusterImpl-595ad429-f938-4b04-a1e1-fbbc785922f0/datanode-4/data/ratis/b587afb6-e83e-4169-8ffb-71bb057e84db
2021-08-27 12:19:23,448 [pool-624-thread-1] INFO  server.RaftServerConfigKeys (ConfUtils.java:logGet(44)) - raft.server.log.queue.byte-limit = 2147483647 (custom)
2021-08-27 12:19:23,448 [pool-624-thread-1] INFO  server.RaftServerConfigKeys (ConfUtils.java:logGet(44)) - raft.server.log.queue.element-limit = 1024 (custom)
2021-08-27 12:19:23,448 [pool-624-thread-1] INFO  server.RaftServerConfigKeys (ConfUtils.java:logGet(44)) - raft.server.log.segment.size.max = 1048576 (custom)
2021-08-27 12:19:23,448 [pool-624-thread-1] INFO  server.RaftServerConfigKeys (ConfUtils.java:logGet(44)) - raft.server.log.preallocated.size = 16384 (custom)
2021-08-27 12:19:23,448 [pool-624-thread-1] INFO  server.RaftServerConfigKeys (ConfUtils.java:logGet(44)) - raft.server.log.force.sync.num = 128 (default)
2021-08-27 12:19:23,448 [pool-624-thread-1] INFO  server.RaftServerConfigKeys (ConfUtils.java:logGet(44)) - raft.server.log.statemachine.data.sync = true (default)
2021-08-27 12:19:23,448 [pool-624-thread-1] INFO  server.RaftServerConfigKeys (ConfUtils.java:logGet(44)) - raft.server.log.statemachine.data.sync.timeout = 10s (default)
2021-08-27 12:19:23,449 [pool-624-thread-1] INFO  server.RaftServerConfigKeys (ConfUtils.java:logGet(44)) - raft.server.log.statemachine.data.sync.timeout.retry = -1 (default)
2021-08-27 12:19:23,451 [pool-624-thread-1] INFO  server.RaftServerConfigKeys (ConfUtils.java:logGet(44)) - raft.server.log.write.buffer.size = 1048576 (custom)
2021-08-27 12:19:23,452 [pool-624-thread-1] INFO  server.RaftServerConfigKeys (ConfUtils.java:logGet(44)) - raft.server.log.statemachine.data.caching.enabled = true (custom)
2021-08-27 12:19:23,452 [pool-624-thread-1] INFO  segmented.SegmentedRaftLogWorker (SegmentedRaftLogWorker.java:lambda$new$0(133)) - 8406e4c7-9c64-45ff-a753-663392bee600@group-71BB057E84DB-SegmentedRaftLogWorker: flushIndex: setUnconditionally 0 -> -1
2021-08-27 12:19:23,452 [pool-624-thread-1] INFO  segmented.SegmentedRaftLogWorker (SegmentedRaftLogWorker.java:lambda$new$0(133)) - 8406e4c7-9c64-45ff-a753-663392bee600@group-71BB057E84DB-SegmentedRaftLogWorker: safeCacheEvictIndex: setUnconditionally 0 -> -1
2021-08-27 12:19:23,452 [pool-624-thread-1] INFO  server.RaftServerConfigKeys (ConfUtils.java:logGet(44)) - raft.server.snapshot.auto.trigger.enabled = true (custom)
2021-08-27 12:19:23,452 [pool-624-thread-1] INFO  server.RaftServerConfigKeys (ConfUtils.java:logGet(44)) - raft.server.snapshot.auto.trigger.threshold = 10000 (custom)
2021-08-27 12:19:23,452 [pool-624-thread-1] INFO  server.RaftServerConfigKeys (ConfUtils.java:logGet(44)) - raft.server.snapshot.retention.file.num = 5 (custom)
2021-08-27 12:19:23,452 [pool-624-thread-1] INFO  server.RaftServerConfigKeys (ConfUtils.java:logGet(44)) - raft.server.log.purge.upto.snapshot.index = false (default)
2021-08-27 12:19:23,452 [pool-624-thread-1] INFO  server.RaftServerConfigKeys (ConfUtils.java:logGet(44)) - raft.server.retrycache.expirytime = 600000ms (custom)
2021-08-27 12:19:23,453 [pool-624-thread-1] INFO  server.RaftServerConfigKeys (ConfUtils.java:logGet(44)) - raft.server.retrycache.statistics.expirytime = 100μs (default)
2021-08-27 12:19:23,454 [pool-624-thread-1] INFO  server.RaftServer$Division (RaftServerImpl.java:start(296)) - 8406e4c7-9c64-45ff-a753-663392bee600@group-71BB057E84DB: start as a follower, conf=-1: [8406e4c7-9c64-45ff-a753-663392bee600|rpc:10.1.0.9:43903|priority:1], old=null
2021-08-27 12:19:23,454 [pool-624-thread-1] INFO  server.RaftServer$Division (RaftServerImpl.java:setRole(285)) - 8406e4c7-9c64-45ff-a753-663392bee600@group-71BB057E84DB: changes role from      null to FOLLOWER at term 0 for startAsFollower
2021-08-27 12:19:23,454 [pool-624-thread-1] INFO  impl.RoleInfo (RoleInfo.java:updateAndGet(130)) - 8406e4c7-9c64-45ff-a753-663392bee600: start 8406e4c7-9c64-45ff-a753-663392bee600@group-71BB057E84DB-FollowerState
2021-08-27 12:19:23,454 [pool-624-thread-1] INFO  util.JmxRegister (JmxRegister.java:tryRegister(44)) - Successfully registered JMX Bean with object name Ratis:service=RaftServer,group=group-71BB057E84DB,id=8406e4c7-9c64-45ff-a753-663392bee600
2021-08-27 12:19:23,455 [Command processor thread] INFO  ratis.XceiverServerRatis (XceiverServerRatis.java:addGroup(763)) - Created group PipelineID=b587afb6-e83e-4169-8ffb-71bb057e84db
2021-08-27 12:19:23,455 [Command processor thread] INFO  commandhandler.CreatePipelineCommandHandler (CreatePipelineCommandHandler.java:handle(106)) - Created Pipeline RATIS ONE PipelineID=b587afb6-e83e-4169-8ffb-71bb057e84db.
2021-08-27 12:19:23,702 [Command processor thread] INFO  server.RaftServer (RaftServerProxy.java:addNew(95)) - 0bc7842a-14bb-4f31-a0ca-67e37dbbf265: addNew group-A28631288C24:[0bc7842a-14bb-4f31-a0ca-67e37dbbf265|rpc:10.1.0.9:39103|priority:1] returns group-A28631288C24:java.util.concurrent.CompletableFuture@1cbd5ca8[Not completed]
2021-08-27 12:19:23,703 [pool-643-thread-1] INFO  server.RaftServer$Division (RaftServerImpl.java:<init>(181)) - 0bc7842a-14bb-4f31-a0ca-67e37dbbf265: new RaftServerImpl for group-A28631288C24:[0bc7842a-14bb-4f31-a0ca-67e37dbbf265|rpc:10.1.0.9:39103|priority:1] with ContainerStateMachine:uninitialized
2021-08-27 12:19:23,703 [pool-643-thread-1] INFO  server.RaftServerConfigKeys (ConfUtils.java:logGet(44)) - raft.server.rpc.timeout.min = 5s (custom)
2021-08-27 12:19:23,703 [pool-643-thread-1] INFO  server.RaftServerConfigKeys (ConfUtils.java:logGet(44)) - raft.server.rpc.timeout.max = 5200ms (custom)
2021-08-27 12:19:23,703 [pool-643-thread-1] INFO  server.RaftServerConfigKeys (ConfUtils.java:logGet(44)) - raft.server.rpc.sleep.time = 25ms (default)
2021-08-27 12:19:23,704 [pool-643-thread-1] INFO  server.RaftServerConfigKeys (ConfUtils.java:logGet(44)) - raft.server.rpc.slowness.timeout = 300000ms (custom)
2021-08-27 12:19:23,704 [pool-643-thread-1] INFO  server.RaftServerConfigKeys (ConfUtils.java:logGet(44)) - raft.server.leaderelection.leader.step-down.wait-time = 10s (default)
2021-08-27 12:19:23,704 [pool-643-thread-1] INFO  server.RaftServerConfigKeys (ConfUtils.java:logGet(44)) - raft.server.sleep.deviation.threshold = 300ms (default)
2021-08-27 12:19:23,704 [pool-643-thread-1] INFO  server.RaftServerConfigKeys (ConfUtils.java:logGet(44)) - raft.server.log.appender.install.snapshot.enabled = false (custom)
2021-08-27 12:19:23,704 [pool-643-thread-1] INFO  server.RaftServer$Division (ServerState.java:<init>(105)) - 0bc7842a-14bb-4f31-a0ca-67e37dbbf265@group-A28631288C24: ConfigurationManager, init=-1: [0bc7842a-14bb-4f31-a0ca-67e37dbbf265|rpc:10.1.0.9:39103|priority:1], old=null, confs=<EMPTY_MAP>
2021-08-27 12:19:23,704 [pool-643-thread-1] INFO  server.RaftServerConfigKeys (ConfUtils.java:logGet(44)) - raft.server.storage.dir = [/home/runner/work/ozone/ozone/hadoop-ozone/integration-test/target/test-dir/MiniOzoneClusterImpl-595ad429-f938-4b04-a1e1-fbbc785922f0/datanode-5/data/ratis] (custom)
2021-08-27 12:19:23,704 [pool-643-thread-1] INFO  server.RaftServerConfigKeys (ConfUtils.java:logGet(44)) - raft.server.log.corruption.policy = EXCEPTION (default)
2021-08-27 12:19:23,704 [pool-643-thread-1] INFO  server.RaftServerConfigKeys (ConfUtils.java:logGet(44)) - raft.server.storage.free-space.min = 0MB (=0) (default)
2021-08-27 12:19:23,704 [pool-643-thread-1] INFO  storage.RaftStorageDirectory (RaftStorageDirectoryImpl.java:analyzeStorage(135)) - The storage directory /home/runner/work/ozone/ozone/hadoop-ozone/integration-test/target/test-dir/MiniOzoneClusterImpl-595ad429-f938-4b04-a1e1-fbbc785922f0/datanode-5/data/ratis/0e7abe0e-8ed9-4c49-ae90-a28631288c24 does not exist. Creating ...
2021-08-27 12:19:23,706 [pool-643-thread-1] INFO  storage.RaftStorageDirectory (RaftStorageDirectoryImpl.java:tryLock(230)) - Lock on /home/runner/work/ozone/ozone/hadoop-ozone/integration-test/target/test-dir/MiniOzoneClusterImpl-595ad429-f938-4b04-a1e1-fbbc785922f0/datanode-5/data/ratis/0e7abe0e-8ed9-4c49-ae90-a28631288c24/in_use.lock acquired by nodename 3639@fv-az122-729
2021-08-27 12:19:23,707 [pool-643-thread-1] INFO  storage.RaftStorage (RaftStorageImpl.java:format(89)) - Storage directory /home/runner/work/ozone/ozone/hadoop-ozone/integration-test/target/test-dir/MiniOzoneClusterImpl-595ad429-f938-4b04-a1e1-fbbc785922f0/datanode-5/data/ratis/0e7abe0e-8ed9-4c49-ae90-a28631288c24 has been successfully formatted.
2021-08-27 12:19:23,708 [Datanode State Machine Thread - 0] WARN  statemachine.StateContext (StateContext.java:execute(621)) - No available thread in pool for past 1 seconds.
2021-08-27 12:19:23,709 [EventQueue-PipelineReportForPipelineReportHandler] INFO  pipeline.PipelineManagerImpl (PipelineManagerImpl.java:openPipeline(282)) - Pipeline Pipeline[ Id: 0e7abe0e-8ed9-4c49-ae90-a28631288c24, Nodes: 0bc7842a-14bb-4f31-a0ca-67e37dbbf265{ip: 10.1.0.9, host: fv-az122-729.zf1tlrj3kn4expqppa1j4mpycf.xx.internal.cloudapp.net, ports: [REPLICATION=44289, RATIS=39103, RATIS_ADMIN=39103, RATIS_SERVER=39103, STANDALONE=42113], networkLocation: /default-rack, certSerialId: null, persistedOpState: IN_SERVICE, persistedOpStateExpiryEpochSec: 0}, ReplicationConfig: RATIS/ONE, State:ALLOCATED, leaderId:0bc7842a-14bb-4f31-a0ca-67e37dbbf265, CreationTimestamp2021-08-27T12:19:20.709Z[Etc/UTC]] moved to OPEN state
2021-08-27 12:19:23,709 [EventQueue-OpenPipelineForHealthyPipelineSafeModeRule] INFO  safemode.SCMSafeModeManager (HealthyPipelineSafeModeRule.java:process(124)) - SCM in safe mode. Healthy pipelines reported count is 0, required healthy pipeline reported count is 1
2021-08-27 12:19:23,710 [pool-643-thread-1] INFO  ratis.ContainerStateMachine (ContainerStateMachine.java:loadSnapshot(224)) - group-A28631288C24: The snapshot info is null. Setting the last applied indexto:(t:0, i:~)
2021-08-27 12:19:23,710 [pool-643-thread-1] INFO  server.RaftServerConfigKeys (ConfUtils.java:logGet(44)) - raft.server.notification.no-leader.timeout = 300000ms (custom)
2021-08-27 12:19:23,710 [pool-643-thread-1] INFO  server.RaftServerConfigKeys (ConfUtils.java:logGet(44)) - raft.server.log.use.memory = false (default)
2021-08-27 12:19:23,710 [pool-643-thread-1] INFO  server.RaftServerConfigKeys (ConfUtils.java:logGet(44)) - raft.server.log.purge.gap = 1000000 (custom)
2021-08-27 12:19:23,710 [pool-643-thread-1] INFO  server.RaftServerConfigKeys (ConfUtils.java:logGet(44)) - raft.server.log.appender.buffer.byte-limit = 33554432 (custom)
2021-08-27 12:19:23,711 [pool-643-thread-1] INFO  server.RaftServerConfigKeys (ConfUtils.java:logGet(44)) - raft.server.log.segment.size.max = 1048576 (custom)
2021-08-27 12:19:23,711 [pool-643-thread-1] INFO  server.RaftServerConfigKeys (ConfUtils.java:logGet(44)) - raft.server.log.segment.cache.num.max = 2 (custom)
2021-08-27 12:19:23,711 [pool-643-thread-1] INFO  server.RaftServerConfigKeys (ConfUtils.java:logGet(44)) - raft.server.log.segment.cache.size.max = 200MB (=209715200) (default)
2021-08-27 12:19:23,711 [pool-643-thread-1] INFO  segmented.SegmentedRaftLogWorker (SegmentedRaftLogWorker.java:<init>(182)) - new 0bc7842a-14bb-4f31-a0ca-67e37dbbf265@group-A28631288C24-SegmentedRaftLogWorker for RaftStorageImpl:Storage Directory /home/runner/work/ozone/ozone/hadoop-ozone/integration-test/target/test-dir/MiniOzoneClusterImpl-595ad429-f938-4b04-a1e1-fbbc785922f0/datanode-5/data/ratis/0e7abe0e-8ed9-4c49-ae90-a28631288c24
2021-08-27 12:19:23,711 [pool-643-thread-1] INFO  server.RaftServerConfigKeys (ConfUtils.java:logGet(44)) - raft.server.log.queue.byte-limit = 2147483647 (custom)
2021-08-27 12:19:23,711 [pool-643-thread-1] INFO  server.RaftServerConfigKeys (ConfUtils.java:logGet(44)) - raft.server.log.queue.element-limit = 1024 (custom)
2021-08-27 12:19:23,711 [pool-643-thread-1] INFO  server.RaftServerConfigKeys (ConfUtils.java:logGet(44)) - raft.server.log.segment.size.max = 1048576 (custom)
2021-08-27 12:19:23,711 [pool-643-thread-1] INFO  server.RaftServerConfigKeys (ConfUtils.java:logGet(44)) - raft.server.log.preallocated.size = 16384 (custom)
2021-08-27 12:19:23,712 [pool-643-thread-1] INFO  server.RaftServerConfigKeys (ConfUtils.java:logGet(44)) - raft.server.log.force.sync.num = 128 (default)
2021-08-27 12:19:23,712 [pool-643-thread-1] INFO  server.RaftServerConfigKeys (ConfUtils.java:logGet(44)) - raft.server.log.statemachine.data.sync = true (default)
2021-08-27 12:19:23,712 [pool-643-thread-1] INFO  server.RaftServerConfigKeys (ConfUtils.java:logGet(44)) - raft.server.log.statemachine.data.sync.timeout = 10s (default)
2021-08-27 12:19:23,712 [pool-643-thread-1] INFO  server.RaftServerConfigKeys (ConfUtils.java:logGet(44)) - raft.server.log.statemachine.data.sync.timeout.retry = -1 (default)
2021-08-27 12:19:23,713 [pool-643-thread-1] INFO  server.RaftServerConfigKeys (ConfUtils.java:logGet(44)) - raft.server.log.write.buffer.size = 1048576 (custom)
2021-08-27 12:19:23,713 [pool-643-thread-1] INFO  server.RaftServerConfigKeys (ConfUtils.java:logGet(44)) - raft.server.log.statemachine.data.caching.enabled = true (custom)
2021-08-27 12:19:23,713 [pool-643-thread-1] INFO  segmented.SegmentedRaftLogWorker (SegmentedRaftLogWorker.java:lambda$new$0(133)) - 0bc7842a-14bb-4f31-a0ca-67e37dbbf265@group-A28631288C24-SegmentedRaftLogWorker: flushIndex: setUnconditionally 0 -> -1
2021-08-27 12:19:23,713 [pool-643-thread-1] INFO  segmented.SegmentedRaftLogWorker (SegmentedRaftLogWorker.java:lambda$new$0(133)) - 0bc7842a-14bb-4f31-a0ca-67e37dbbf265@group-A28631288C24-SegmentedRaftLogWorker: safeCacheEvictIndex: setUnconditionally 0 -> -1
2021-08-27 12:19:23,715 [pool-643-thread-1] INFO  server.RaftServerConfigKeys (ConfUtils.java:logGet(44)) - raft.server.snapshot.auto.trigger.enabled = true (custom)
2021-08-27 12:19:23,715 [pool-643-thread-1] INFO  server.RaftServerConfigKeys (ConfUtils.java:logGet(44)) - raft.server.snapshot.auto.trigger.threshold = 10000 (custom)
2021-08-27 12:19:23,715 [pool-643-thread-1] INFO  server.RaftServerConfigKeys (ConfUtils.java:logGet(44)) - raft.server.snapshot.retention.file.num = 5 (custom)
2021-08-27 12:19:23,715 [pool-643-thread-1] INFO  server.RaftServerConfigKeys (ConfUtils.java:logGet(44)) - raft.server.log.purge.upto.snapshot.index = false (default)
2021-08-27 12:19:23,715 [pool-643-thread-1] INFO  server.RaftServerConfigKeys (ConfUtils.java:logGet(44)) - raft.server.retrycache.expirytime = 600000ms (custom)
2021-08-27 12:19:23,715 [pool-643-thread-1] INFO  server.RaftServerConfigKeys (ConfUtils.java:logGet(44)) - raft.server.retrycache.statistics.expirytime = 100μs (default)
2021-08-27 12:19:23,718 [pool-643-thread-1] INFO  server.RaftServer$Division (RaftServerImpl.java:start(296)) - 0bc7842a-14bb-4f31-a0ca-67e37dbbf265@group-A28631288C24: start as a follower, conf=-1: [0bc7842a-14bb-4f31-a0ca-67e37dbbf265|rpc:10.1.0.9:39103|priority:1], old=null
2021-08-27 12:19:23,718 [pool-643-thread-1] INFO  server.RaftServer$Division (RaftServerImpl.java:setRole(285)) - 0bc7842a-14bb-4f31-a0ca-67e37dbbf265@group-A28631288C24: changes role from      null to FOLLOWER at term 0 for startAsFollower
2021-08-27 12:19:23,718 [pool-643-thread-1] INFO  impl.RoleInfo (RoleInfo.java:updateAndGet(130)) - 0bc7842a-14bb-4f31-a0ca-67e37dbbf265: start 0bc7842a-14bb-4f31-a0ca-67e37dbbf265@group-A28631288C24-FollowerState
2021-08-27 12:19:23,723 [pool-643-thread-1] INFO  util.JmxRegister (JmxRegister.java:tryRegister(44)) - Successfully registered JMX Bean with object name Ratis:service=RaftServer,group=group-A28631288C24,id=0bc7842a-14bb-4f31-a0ca-67e37dbbf265
2021-08-27 12:19:23,725 [Command processor thread] INFO  ratis.XceiverServerRatis (XceiverServerRatis.java:addGroup(763)) - Created group PipelineID=0e7abe0e-8ed9-4c49-ae90-a28631288c24
2021-08-27 12:19:23,725 [Command processor thread] INFO  commandhandler.CreatePipelineCommandHandler (CreatePipelineCommandHandler.java:handle(106)) - Created Pipeline RATIS ONE PipelineID=0e7abe0e-8ed9-4c49-ae90-a28631288c24.
2021-08-27 12:19:23,729 [Listener at 127.0.0.1/43833] INFO  ozone.MiniOzoneClusterImpl (MiniOzoneClusterImpl.java:lambda$waitForClusterToBeReady$0(235)) - Nodes are ready. Got 9 of 9 DN Heartbeats.
2021-08-27 12:19:23,730 [Listener at 127.0.0.1/43833] INFO  ozone.MiniOzoneClusterImpl (MiniOzoneClusterImpl.java:lambda$waitForClusterToBeReady$0(238)) - Waiting for cluster to exit safe mode
2021-08-27 12:19:23,730 [Listener at 127.0.0.1/43833] INFO  ozone.MiniOzoneClusterImpl (MiniOzoneClusterImpl.java:lambda$waitForClusterToBeReady$0(240)) - SCM became leader
2021-08-27 12:19:23,989 [Command processor thread] INFO  server.RaftServer (RaftServerProxy.java:addNew(95)) - ff42b6c9-4897-43a9-a52a-fdd67bba99ae: addNew group-D0D272707E6F:[ff42b6c9-4897-43a9-a52a-fdd67bba99ae|rpc:10.1.0.9:45231|priority:1] returns group-D0D272707E6F:java.util.concurrent.CompletableFuture@526b2ec7[Not completed]
2021-08-27 12:19:23,990 [pool-662-thread-1] INFO  server.RaftServer$Division (RaftServerImpl.java:<init>(181)) - ff42b6c9-4897-43a9-a52a-fdd67bba99ae: new RaftServerImpl for group-D0D272707E6F:[ff42b6c9-4897-43a9-a52a-fdd67bba99ae|rpc:10.1.0.9:45231|priority:1] with ContainerStateMachine:uninitialized
2021-08-27 12:19:23,990 [pool-662-thread-1] INFO  server.RaftServerConfigKeys (ConfUtils.java:logGet(44)) - raft.server.rpc.timeout.min = 5s (custom)
2021-08-27 12:19:23,990 [pool-662-thread-1] INFO  server.RaftServerConfigKeys (ConfUtils.java:logGet(44)) - raft.server.rpc.timeout.max = 5200ms (custom)
2021-08-27 12:19:23,990 [pool-662-thread-1] INFO  server.RaftServerConfigKeys (ConfUtils.java:logGet(44)) - raft.server.rpc.sleep.time = 25ms (default)
2021-08-27 12:19:23,990 [pool-662-thread-1] INFO  server.RaftServerConfigKeys (ConfUtils.java:logGet(44)) - raft.server.rpc.slowness.timeout = 300000ms (custom)
2021-08-27 12:19:23,990 [pool-662-thread-1] INFO  server.RaftServerConfigKeys (ConfUtils.java:logGet(44)) - raft.server.leaderelection.leader.step-down.wait-time = 10s (default)
2021-08-27 12:19:23,990 [pool-662-thread-1] INFO  server.RaftServerConfigKeys (ConfUtils.java:logGet(44)) - raft.server.sleep.deviation.threshold = 300ms (default)
2021-08-27 12:19:23,990 [pool-662-thread-1] INFO  server.RaftServerConfigKeys (ConfUtils.java:logGet(44)) - raft.server.log.appender.install.snapshot.enabled = false (custom)
2021-08-27 12:19:23,990 [pool-662-thread-1] INFO  server.RaftServer$Division (ServerState.java:<init>(105)) - ff42b6c9-4897-43a9-a52a-fdd67bba99ae@group-D0D272707E6F: ConfigurationManager, init=-1: [ff42b6c9-4897-43a9-a52a-fdd67bba99ae|rpc:10.1.0.9:45231|priority:1], old=null, confs=<EMPTY_MAP>
2021-08-27 12:19:23,990 [pool-662-thread-1] INFO  server.RaftServerConfigKeys (ConfUtils.java:logGet(44)) - raft.server.storage.dir = [/home/runner/work/ozone/ozone/hadoop-ozone/integration-test/target/test-dir/MiniOzoneClusterImpl-595ad429-f938-4b04-a1e1-fbbc785922f0/datanode-6/data/ratis] (custom)
2021-08-27 12:19:23,991 [pool-662-thread-1] INFO  server.RaftServerConfigKeys (ConfUtils.java:logGet(44)) - raft.server.log.corruption.policy = EXCEPTION (default)
2021-08-27 12:19:23,991 [pool-662-thread-1] INFO  server.RaftServerConfigKeys (ConfUtils.java:logGet(44)) - raft.server.storage.free-space.min = 0MB (=0) (default)
2021-08-27 12:19:23,991 [pool-662-thread-1] INFO  storage.RaftStorageDirectory (RaftStorageDirectoryImpl.java:analyzeStorage(135)) - The storage directory /home/runner/work/ozone/ozone/hadoop-ozone/integration-test/target/test-dir/MiniOzoneClusterImpl-595ad429-f938-4b04-a1e1-fbbc785922f0/datanode-6/data/ratis/f87de282-f697-4be1-abab-d0d272707e6f does not exist. Creating ...
2021-08-27 12:19:23,992 [pool-662-thread-1] INFO  storage.RaftStorageDirectory (RaftStorageDirectoryImpl.java:tryLock(230)) - Lock on /home/runner/work/ozone/ozone/hadoop-ozone/integration-test/target/test-dir/MiniOzoneClusterImpl-595ad429-f938-4b04-a1e1-fbbc785922f0/datanode-6/data/ratis/f87de282-f697-4be1-abab-d0d272707e6f/in_use.lock acquired by nodename 3639@fv-az122-729
2021-08-27 12:19:24,061 [pool-662-thread-1] INFO  storage.RaftStorage (RaftStorageImpl.java:format(89)) - Storage directory /home/runner/work/ozone/ozone/hadoop-ozone/integration-test/target/test-dir/MiniOzoneClusterImpl-595ad429-f938-4b04-a1e1-fbbc785922f0/datanode-6/data/ratis/f87de282-f697-4be1-abab-d0d272707e6f has been successfully formatted.
2021-08-27 12:19:24,068 [pool-662-thread-1] INFO  ratis.ContainerStateMachine (ContainerStateMachine.java:loadSnapshot(224)) - group-D0D272707E6F: The snapshot info is null. Setting the last applied indexto:(t:0, i:~)
2021-08-27 12:19:24,068 [pool-662-thread-1] INFO  server.RaftServerConfigKeys (ConfUtils.java:logGet(44)) - raft.server.notification.no-leader.timeout = 300000ms (custom)
2021-08-27 12:19:24,068 [pool-662-thread-1] INFO  server.RaftServerConfigKeys (ConfUtils.java:logGet(44)) - raft.server.log.use.memory = false (default)
2021-08-27 12:19:24,068 [pool-662-thread-1] INFO  server.RaftServerConfigKeys (ConfUtils.java:logGet(44)) - raft.server.log.purge.gap = 1000000 (custom)
2021-08-27 12:19:24,068 [pool-662-thread-1] INFO  server.RaftServerConfigKeys (ConfUtils.java:logGet(44)) - raft.server.log.appender.buffer.byte-limit = 33554432 (custom)
2021-08-27 12:19:24,068 [pool-662-thread-1] INFO  server.RaftServerConfigKeys (ConfUtils.java:logGet(44)) - raft.server.log.segment.size.max = 1048576 (custom)
2021-08-27 12:19:24,069 [pool-662-thread-1] INFO  server.RaftServerConfigKeys (ConfUtils.java:logGet(44)) - raft.server.log.segment.cache.num.max = 2 (custom)
2021-08-27 12:19:24,069 [pool-662-thread-1] INFO  server.RaftServerConfigKeys (ConfUtils.java:logGet(44)) - raft.server.log.segment.cache.size.max = 200MB (=209715200) (default)
2021-08-27 12:19:24,069 [pool-662-thread-1] INFO  segmented.SegmentedRaftLogWorker (SegmentedRaftLogWorker.java:<init>(182)) - new ff42b6c9-4897-43a9-a52a-fdd67bba99ae@group-D0D272707E6F-SegmentedRaftLogWorker for RaftStorageImpl:Storage Directory /home/runner/work/ozone/ozone/hadoop-ozone/integration-test/target/test-dir/MiniOzoneClusterImpl-595ad429-f938-4b04-a1e1-fbbc785922f0/datanode-6/data/ratis/f87de282-f697-4be1-abab-d0d272707e6f
2021-08-27 12:19:24,069 [pool-662-thread-1] INFO  server.RaftServerConfigKeys (ConfUtils.java:logGet(44)) - raft.server.log.queue.byte-limit = 2147483647 (custom)
2021-08-27 12:19:24,069 [pool-662-thread-1] INFO  server.RaftServerConfigKeys (ConfUtils.java:logGet(44)) - raft.server.log.queue.element-limit = 1024 (custom)
2021-08-27 12:19:24,069 [pool-662-thread-1] INFO  server.RaftServerConfigKeys (ConfUtils.java:logGet(44)) - raft.server.log.segment.size.max = 1048576 (custom)
2021-08-27 12:19:24,069 [pool-662-thread-1] INFO  server.RaftServerConfigKeys (ConfUtils.java:logGet(44)) - raft.server.log.preallocated.size = 16384 (custom)
2021-08-27 12:19:24,069 [pool-662-thread-1] INFO  server.RaftServerConfigKeys (ConfUtils.java:logGet(44)) - raft.server.log.force.sync.num = 128 (default)
2021-08-27 12:19:24,069 [pool-662-thread-1] INFO  server.RaftServerConfigKeys (ConfUtils.java:logGet(44)) - raft.server.log.statemachine.data.sync = true (default)
2021-08-27 12:19:24,069 [pool-662-thread-1] INFO  server.RaftServerConfigKeys (ConfUtils.java:logGet(44)) - raft.server.log.statemachine.data.sync.timeout = 10s (default)
2021-08-27 12:19:24,069 [pool-662-thread-1] INFO  server.RaftServerConfigKeys (ConfUtils.java:logGet(44)) - raft.server.log.statemachine.data.sync.timeout.retry = -1 (default)
2021-08-27 12:19:24,070 [EventQueue-PipelineReportForPipelineReportHandler] INFO  pipeline.PipelineManagerImpl (PipelineManagerImpl.java:openPipeline(282)) - Pipeline Pipeline[ Id: f87de282-f697-4be1-abab-d0d272707e6f, Nodes: ff42b6c9-4897-43a9-a52a-fdd67bba99ae{ip: 10.1.0.9, host: fv-az122-729.zf1tlrj3kn4expqppa1j4mpycf.xx.internal.cloudapp.net, ports: [REPLICATION=36553, RATIS=45231, RATIS_ADMIN=45231, RATIS_SERVER=45231, STANDALONE=36799], networkLocation: /default-rack, certSerialId: null, persistedOpState: IN_SERVICE, persistedOpStateExpiryEpochSec: 0}, ReplicationConfig: RATIS/ONE, State:ALLOCATED, leaderId:ff42b6c9-4897-43a9-a52a-fdd67bba99ae, CreationTimestamp2021-08-27T12:19:20.990Z[Etc/UTC]] moved to OPEN state
2021-08-27 12:19:24,071 [EventQueue-OpenPipelineForHealthyPipelineSafeModeRule] INFO  safemode.SCMSafeModeManager (HealthyPipelineSafeModeRule.java:process(124)) - SCM in safe mode. Healthy pipelines reported count is 0, required healthy pipeline reported count is 1
2021-08-27 12:19:24,072 [pool-662-thread-1] INFO  server.RaftServerConfigKeys (ConfUtils.java:logGet(44)) - raft.server.log.write.buffer.size = 1048576 (custom)
2021-08-27 12:19:24,072 [pool-662-thread-1] INFO  server.RaftServerConfigKeys (ConfUtils.java:logGet(44)) - raft.server.log.statemachine.data.caching.enabled = true (custom)
2021-08-27 12:19:24,073 [pool-662-thread-1] INFO  segmented.SegmentedRaftLogWorker (SegmentedRaftLogWorker.java:lambda$new$0(133)) - ff42b6c9-4897-43a9-a52a-fdd67bba99ae@group-D0D272707E6F-SegmentedRaftLogWorker: flushIndex: setUnconditionally 0 -> -1
2021-08-27 12:19:24,073 [pool-662-thread-1] INFO  segmented.SegmentedRaftLogWorker (SegmentedRaftLogWorker.java:lambda$new$0(133)) - ff42b6c9-4897-43a9-a52a-fdd67bba99ae@group-D0D272707E6F-SegmentedRaftLogWorker: safeCacheEvictIndex: setUnconditionally 0 -> -1
2021-08-27 12:19:24,074 [pool-662-thread-1] INFO  server.RaftServerConfigKeys (ConfUtils.java:logGet(44)) - raft.server.snapshot.auto.trigger.enabled = true (custom)
2021-08-27 12:19:24,074 [pool-662-thread-1] INFO  server.RaftServerConfigKeys (ConfUtils.java:logGet(44)) - raft.server.snapshot.auto.trigger.threshold = 10000 (custom)
2021-08-27 12:19:24,074 [pool-662-thread-1] INFO  server.RaftServerConfigKeys (ConfUtils.java:logGet(44)) - raft.server.snapshot.retention.file.num = 5 (custom)
2021-08-27 12:19:24,074 [pool-662-thread-1] INFO  server.RaftServerConfigKeys (ConfUtils.java:logGet(44)) - raft.server.log.purge.upto.snapshot.index = false (default)
2021-08-27 12:19:24,074 [pool-662-thread-1] INFO  server.RaftServerConfigKeys (ConfUtils.java:logGet(44)) - raft.server.retrycache.expirytime = 600000ms (custom)
2021-08-27 12:19:24,074 [pool-662-thread-1] INFO  server.RaftServerConfigKeys (ConfUtils.java:logGet(44)) - raft.server.retrycache.statistics.expirytime = 100μs (default)
2021-08-27 12:19:24,075 [pool-662-thread-1] INFO  server.RaftServer$Division (RaftServerImpl.java:start(296)) - ff42b6c9-4897-43a9-a52a-fdd67bba99ae@group-D0D272707E6F: start as a follower, conf=-1: [ff42b6c9-4897-43a9-a52a-fdd67bba99ae|rpc:10.1.0.9:45231|priority:1], old=null
2021-08-27 12:19:24,075 [pool-662-thread-1] INFO  server.RaftServer$Division (RaftServerImpl.java:setRole(285)) - ff42b6c9-4897-43a9-a52a-fdd67bba99ae@group-D0D272707E6F: changes role from      null to FOLLOWER at term 0 for startAsFollower
2021-08-27 12:19:24,076 [pool-662-thread-1] INFO  impl.RoleInfo (RoleInfo.java:updateAndGet(130)) - ff42b6c9-4897-43a9-a52a-fdd67bba99ae: start ff42b6c9-4897-43a9-a52a-fdd67bba99ae@group-D0D272707E6F-FollowerState
2021-08-27 12:19:24,086 [pool-662-thread-1] INFO  util.JmxRegister (JmxRegister.java:tryRegister(44)) - Successfully registered JMX Bean with object name Ratis:service=RaftServer,group=group-D0D272707E6F,id=ff42b6c9-4897-43a9-a52a-fdd67bba99ae
2021-08-27 12:19:24,087 [Command processor thread] INFO  ratis.XceiverServerRatis (XceiverServerRatis.java:addGroup(763)) - Created group PipelineID=f87de282-f697-4be1-abab-d0d272707e6f
2021-08-27 12:19:24,121 [Command processor thread] INFO  commandhandler.CreatePipelineCommandHandler (CreatePipelineCommandHandler.java:handle(106)) - Created Pipeline RATIS ONE PipelineID=f87de282-f697-4be1-abab-d0d272707e6f.
2021-08-27 12:19:24,121 [Command processor thread] INFO  server.RaftServer (RaftServerProxy.java:addNew(95)) - ff42b6c9-4897-43a9-a52a-fdd67bba99ae: addNew group-2816B9E709FD:[ff42b6c9-4897-43a9-a52a-fdd67bba99ae|rpc:10.1.0.9:45231|priority:0, 96076b98-8515-473a-ab50-26e1974acf6c|rpc:10.1.0.9:44405|priority:0, 1fe13acc-f0f9-4502-98df-9f6d0a8c5d2e|rpc:10.1.0.9:40147|priority:1] returns group-2816B9E709FD:java.util.concurrent.CompletableFuture@5654a052[Not completed]
2021-08-27 12:19:24,160 [pool-662-thread-1] INFO  server.RaftServer$Division (RaftServerImpl.java:<init>(181)) - ff42b6c9-4897-43a9-a52a-fdd67bba99ae: new RaftServerImpl for group-2816B9E709FD:[ff42b6c9-4897-43a9-a52a-fdd67bba99ae|rpc:10.1.0.9:45231|priority:0, 96076b98-8515-473a-ab50-26e1974acf6c|rpc:10.1.0.9:44405|priority:0, 1fe13acc-f0f9-4502-98df-9f6d0a8c5d2e|rpc:10.1.0.9:40147|priority:1] with ContainerStateMachine:uninitialized
2021-08-27 12:19:24,160 [pool-662-thread-1] INFO  server.RaftServerConfigKeys (ConfUtils.java:logGet(44)) - raft.server.rpc.timeout.min = 5s (custom)
2021-08-27 12:19:24,160 [pool-662-thread-1] INFO  server.RaftServerConfigKeys (ConfUtils.java:logGet(44)) - raft.server.rpc.timeout.max = 5200ms (custom)
2021-08-27 12:19:24,160 [pool-662-thread-1] INFO  server.RaftServerConfigKeys (ConfUtils.java:logGet(44)) - raft.server.rpc.sleep.time = 25ms (default)
2021-08-27 12:19:24,160 [pool-662-thread-1] INFO  server.RaftServerConfigKeys (ConfUtils.java:logGet(44)) - raft.server.rpc.slowness.timeout = 300000ms (custom)
2021-08-27 12:19:24,160 [pool-662-thread-1] INFO  server.RaftServerConfigKeys (ConfUtils.java:logGet(44)) - raft.server.leaderelection.leader.step-down.wait-time = 10s (default)
2021-08-27 12:19:24,160 [pool-662-thread-1] INFO  server.RaftServerConfigKeys (ConfUtils.java:logGet(44)) - raft.server.sleep.deviation.threshold = 300ms (default)
2021-08-27 12:19:24,160 [pool-662-thread-1] INFO  server.RaftServerConfigKeys (ConfUtils.java:logGet(44)) - raft.server.log.appender.install.snapshot.enabled = false (custom)
2021-08-27 12:19:24,161 [pool-662-thread-1] INFO  server.RaftServer$Division (ServerState.java:<init>(105)) - ff42b6c9-4897-43a9-a52a-fdd67bba99ae@group-2816B9E709FD: ConfigurationManager, init=-1: [ff42b6c9-4897-43a9-a52a-fdd67bba99ae|rpc:10.1.0.9:45231|priority:0, 96076b98-8515-473a-ab50-26e1974acf6c|rpc:10.1.0.9:44405|priority:0, 1fe13acc-f0f9-4502-98df-9f6d0a8c5d2e|rpc:10.1.0.9:40147|priority:1], old=null, confs=<EMPTY_MAP>
2021-08-27 12:19:24,161 [pool-662-thread-1] INFO  server.RaftServerConfigKeys (ConfUtils.java:logGet(44)) - raft.server.storage.dir = [/home/runner/work/ozone/ozone/hadoop-ozone/integration-test/target/test-dir/MiniOzoneClusterImpl-595ad429-f938-4b04-a1e1-fbbc785922f0/datanode-6/data/ratis] (custom)
2021-08-27 12:19:24,161 [pool-662-thread-1] INFO  server.RaftServerConfigKeys (ConfUtils.java:logGet(44)) - raft.server.log.corruption.policy = EXCEPTION (default)
2021-08-27 12:19:24,161 [pool-662-thread-1] INFO  server.RaftServerConfigKeys (ConfUtils.java:logGet(44)) - raft.server.storage.free-space.min = 0MB (=0) (default)
2021-08-27 12:19:24,161 [pool-662-thread-1] INFO  storage.RaftStorageDirectory (RaftStorageDirectoryImpl.java:analyzeStorage(135)) - The storage directory /home/runner/work/ozone/ozone/hadoop-ozone/integration-test/target/test-dir/MiniOzoneClusterImpl-595ad429-f938-4b04-a1e1-fbbc785922f0/datanode-6/data/ratis/5c9aca2d-62a8-42a7-9b38-2816b9e709fd does not exist. Creating ...
2021-08-27 12:19:24,178 [pool-662-thread-1] INFO  storage.RaftStorageDirectory (RaftStorageDirectoryImpl.java:tryLock(230)) - Lock on /home/runner/work/ozone/ozone/hadoop-ozone/integration-test/target/test-dir/MiniOzoneClusterImpl-595ad429-f938-4b04-a1e1-fbbc785922f0/datanode-6/data/ratis/5c9aca2d-62a8-42a7-9b38-2816b9e709fd/in_use.lock acquired by nodename 3639@fv-az122-729
2021-08-27 12:19:24,179 [pool-662-thread-1] INFO  storage.RaftStorage (RaftStorageImpl.java:format(89)) - Storage directory /home/runner/work/ozone/ozone/hadoop-ozone/integration-test/target/test-dir/MiniOzoneClusterImpl-595ad429-f938-4b04-a1e1-fbbc785922f0/datanode-6/data/ratis/5c9aca2d-62a8-42a7-9b38-2816b9e709fd has been successfully formatted.
2021-08-27 12:19:24,180 [Datanode State Machine Thread - 0] WARN  statemachine.StateContext (StateContext.java:execute(621)) - No available thread in pool for past 1 seconds.
2021-08-27 12:19:24,180 [pool-662-thread-1] INFO  ratis.ContainerStateMachine (ContainerStateMachine.java:loadSnapshot(224)) - group-2816B9E709FD: The snapshot info is null. Setting the last applied indexto:(t:0, i:~)
2021-08-27 12:19:24,180 [pool-662-thread-1] INFO  server.RaftServerConfigKeys (ConfUtils.java:logGet(44)) - raft.server.notification.no-leader.timeout = 300000ms (custom)
2021-08-27 12:19:24,180 [pool-662-thread-1] INFO  server.RaftServerConfigKeys (ConfUtils.java:logGet(44)) - raft.server.log.use.memory = false (default)
2021-08-27 12:19:24,180 [pool-662-thread-1] INFO  server.RaftServerConfigKeys (ConfUtils.java:logGet(44)) - raft.server.log.purge.gap = 1000000 (custom)
2021-08-27 12:19:24,181 [pool-662-thread-1] INFO  server.RaftServerConfigKeys (ConfUtils.java:logGet(44)) - raft.server.log.appender.buffer.byte-limit = 33554432 (custom)
2021-08-27 12:19:24,181 [pool-662-thread-1] INFO  server.RaftServerConfigKeys (ConfUtils.java:logGet(44)) - raft.server.log.segment.size.max = 1048576 (custom)
2021-08-27 12:19:24,181 [pool-662-thread-1] INFO  server.RaftServerConfigKeys (ConfUtils.java:logGet(44)) - raft.server.log.segment.cache.num.max = 2 (custom)
2021-08-27 12:19:24,181 [pool-662-thread-1] INFO  server.RaftServerConfigKeys (ConfUtils.java:logGet(44)) - raft.server.log.segment.cache.size.max = 200MB (=209715200) (default)
2021-08-27 12:19:24,182 [pool-662-thread-1] INFO  segmented.SegmentedRaftLogWorker (SegmentedRaftLogWorker.java:<init>(182)) - new ff42b6c9-4897-43a9-a52a-fdd67bba99ae@group-2816B9E709FD-SegmentedRaftLogWorker for RaftStorageImpl:Storage Directory /home/runner/work/ozone/ozone/hadoop-ozone/integration-test/target/test-dir/MiniOzoneClusterImpl-595ad429-f938-4b04-a1e1-fbbc785922f0/datanode-6/data/ratis/5c9aca2d-62a8-42a7-9b38-2816b9e709fd
2021-08-27 12:19:24,182 [EventQueue-OpenPipelineForHealthyPipelineSafeModeRule] INFO  safemode.SCMSafeModeManager (HealthyPipelineSafeModeRule.java:process(124)) - SCM in safe mode. Healthy pipelines reported count is 0, required healthy pipeline reported count is 1
2021-08-27 12:19:24,182 [pool-662-thread-1] INFO  server.RaftServerConfigKeys (ConfUtils.java:logGet(44)) - raft.server.log.queue.byte-limit = 2147483647 (custom)
2021-08-27 12:19:24,182 [pool-662-thread-1] INFO  server.RaftServerConfigKeys (ConfUtils.java:logGet(44)) - raft.server.log.queue.element-limit = 1024 (custom)
2021-08-27 12:19:24,182 [pool-662-thread-1] INFO  server.RaftServerConfigKeys (ConfUtils.java:logGet(44)) - raft.server.log.segment.size.max = 1048576 (custom)
2021-08-27 12:19:24,186 [pool-662-thread-1] INFO  server.RaftServerConfigKeys (ConfUtils.java:logGet(44)) - raft.server.log.preallocated.size = 16384 (custom)
2021-08-27 12:19:24,186 [pool-662-thread-1] INFO  server.RaftServerConfigKeys (ConfUtils.java:logGet(44)) - raft.server.log.force.sync.num = 128 (default)
2021-08-27 12:19:24,186 [pool-662-thread-1] INFO  server.RaftServerConfigKeys (ConfUtils.java:logGet(44)) - raft.server.log.statemachine.data.sync = true (default)
2021-08-27 12:19:24,186 [pool-662-thread-1] INFO  server.RaftServerConfigKeys (ConfUtils.java:logGet(44)) - raft.server.log.statemachine.data.sync.timeout = 10s (default)
2021-08-27 12:19:24,186 [pool-662-thread-1] INFO  server.RaftServerConfigKeys (ConfUtils.java:logGet(44)) - raft.server.log.statemachine.data.sync.timeout.retry = -1 (default)
2021-08-27 12:19:24,187 [pool-662-thread-1] INFO  server.RaftServerConfigKeys (ConfUtils.java:logGet(44)) - raft.server.log.write.buffer.size = 1048576 (custom)
2021-08-27 12:19:24,191 [pool-662-thread-1] INFO  server.RaftServerConfigKeys (ConfUtils.java:logGet(44)) - raft.server.log.statemachine.data.caching.enabled = true (custom)
2021-08-27 12:19:24,198 [pool-662-thread-1] INFO  segmented.SegmentedRaftLogWorker (SegmentedRaftLogWorker.java:lambda$new$0(133)) - ff42b6c9-4897-43a9-a52a-fdd67bba99ae@group-2816B9E709FD-SegmentedRaftLogWorker: flushIndex: setUnconditionally 0 -> -1
2021-08-27 12:19:24,198 [pool-662-thread-1] INFO  segmented.SegmentedRaftLogWorker (SegmentedRaftLogWorker.java:lambda$new$0(133)) - ff42b6c9-4897-43a9-a52a-fdd67bba99ae@group-2816B9E709FD-SegmentedRaftLogWorker: safeCacheEvictIndex: setUnconditionally 0 -> -1
2021-08-27 12:19:24,198 [pool-662-thread-1] INFO  server.RaftServerConfigKeys (ConfUtils.java:logGet(44)) - raft.server.snapshot.auto.trigger.enabled = true (custom)
2021-08-27 12:19:24,199 [pool-662-thread-1] INFO  server.RaftServerConfigKeys (ConfUtils.java:logGet(44)) - raft.server.snapshot.auto.trigger.threshold = 10000 (custom)
2021-08-27 12:19:24,199 [pool-662-thread-1] INFO  server.RaftServerConfigKeys (ConfUtils.java:logGet(44)) - raft.server.snapshot.retention.file.num = 5 (custom)
2021-08-27 12:19:24,199 [pool-662-thread-1] INFO  server.RaftServerConfigKeys (ConfUtils.java:logGet(44)) - raft.server.log.purge.upto.snapshot.index = false (default)
2021-08-27 12:19:24,199 [pool-662-thread-1] INFO  server.RaftServerConfigKeys (ConfUtils.java:logGet(44)) - raft.server.retrycache.expirytime = 600000ms (custom)
2021-08-27 12:19:24,199 [pool-662-thread-1] INFO  server.RaftServerConfigKeys (ConfUtils.java:logGet(44)) - raft.server.retrycache.statistics.expirytime = 100μs (default)
2021-08-27 12:19:24,200 [pool-662-thread-1] INFO  server.RaftServer$Division (RaftServerImpl.java:start(296)) - ff42b6c9-4897-43a9-a52a-fdd67bba99ae@group-2816B9E709FD: start as a follower, conf=-1: [ff42b6c9-4897-43a9-a52a-fdd67bba99ae|rpc:10.1.0.9:45231|priority:0, 96076b98-8515-473a-ab50-26e1974acf6c|rpc:10.1.0.9:44405|priority:0, 1fe13acc-f0f9-4502-98df-9f6d0a8c5d2e|rpc:10.1.0.9:40147|priority:1], old=null
2021-08-27 12:19:24,200 [pool-662-thread-1] INFO  server.RaftServer$Division (RaftServerImpl.java:setRole(285)) - ff42b6c9-4897-43a9-a52a-fdd67bba99ae@group-2816B9E709FD: changes role from      null to FOLLOWER at term 0 for startAsFollower
2021-08-27 12:19:24,200 [pool-662-thread-1] INFO  impl.RoleInfo (RoleInfo.java:updateAndGet(130)) - ff42b6c9-4897-43a9-a52a-fdd67bba99ae: start ff42b6c9-4897-43a9-a52a-fdd67bba99ae@group-2816B9E709FD-FollowerState
2021-08-27 12:19:24,201 [pool-662-thread-1] INFO  util.JmxRegister (JmxRegister.java:tryRegister(44)) - Successfully registered JMX Bean with object name Ratis:service=RaftServer,group=group-2816B9E709FD,id=ff42b6c9-4897-43a9-a52a-fdd67bba99ae
2021-08-27 12:19:24,201 [Command processor thread] INFO  ratis.XceiverServerRatis (XceiverServerRatis.java:addGroup(763)) - Created group PipelineID=5c9aca2d-62a8-42a7-9b38-2816b9e709fd
2021-08-27 12:19:24,250 [grpc-default-executor-1] INFO  server.RaftServer (RaftServerProxy.java:addNew(95)) - 96076b98-8515-473a-ab50-26e1974acf6c: addNew group-2816B9E709FD:[ff42b6c9-4897-43a9-a52a-fdd67bba99ae|rpc:10.1.0.9:45231|dataStream:|priority:0, 96076b98-8515-473a-ab50-26e1974acf6c|rpc:10.1.0.9:44405|dataStream:|priority:0, 1fe13acc-f0f9-4502-98df-9f6d0a8c5d2e|rpc:10.1.0.9:40147|dataStream:|priority:1] returns group-2816B9E709FD:java.util.concurrent.CompletableFuture@966d283[Not completed]
2021-08-27 12:19:24,258 [pool-681-thread-1] INFO  server.RaftServer$Division (RaftServerImpl.java:<init>(181)) - 96076b98-8515-473a-ab50-26e1974acf6c: new RaftServerImpl for group-2816B9E709FD:[ff42b6c9-4897-43a9-a52a-fdd67bba99ae|rpc:10.1.0.9:45231|dataStream:|priority:0, 96076b98-8515-473a-ab50-26e1974acf6c|rpc:10.1.0.9:44405|dataStream:|priority:0, 1fe13acc-f0f9-4502-98df-9f6d0a8c5d2e|rpc:10.1.0.9:40147|dataStream:|priority:1] with ContainerStateMachine:uninitialized
2021-08-27 12:19:24,261 [pool-681-thread-1] INFO  server.RaftServerConfigKeys (ConfUtils.java:logGet(44)) - raft.server.rpc.timeout.min = 5s (custom)
2021-08-27 12:19:24,261 [pool-681-thread-1] INFO  server.RaftServerConfigKeys (ConfUtils.java:logGet(44)) - raft.server.rpc.timeout.max = 5200ms (custom)
2021-08-27 12:19:24,261 [pool-681-thread-1] INFO  server.RaftServerConfigKeys (ConfUtils.java:logGet(44)) - raft.server.rpc.sleep.time = 25ms (default)
2021-08-27 12:19:24,261 [pool-681-thread-1] INFO  server.RaftServerConfigKeys (ConfUtils.java:logGet(44)) - raft.server.rpc.slowness.timeout = 300000ms (custom)
2021-08-27 12:19:24,261 [pool-681-thread-1] INFO  server.RaftServerConfigKeys (ConfUtils.java:logGet(44)) - raft.server.leaderelection.leader.step-down.wait-time = 10s (default)
2021-08-27 12:19:24,261 [pool-681-thread-1] INFO  server.RaftServerConfigKeys (ConfUtils.java:logGet(44)) - raft.server.sleep.deviation.threshold = 300ms (default)
2021-08-27 12:19:24,262 [pool-681-thread-1] INFO  server.RaftServerConfigKeys (ConfUtils.java:logGet(44)) - raft.server.log.appender.install.snapshot.enabled = false (custom)
2021-08-27 12:19:24,267 [pool-681-thread-1] INFO  server.RaftServer$Division (ServerState.java:<init>(105)) - 96076b98-8515-473a-ab50-26e1974acf6c@group-2816B9E709FD: ConfigurationManager, init=-1: [ff42b6c9-4897-43a9-a52a-fdd67bba99ae|rpc:10.1.0.9:45231|dataStream:|priority:0, 96076b98-8515-473a-ab50-26e1974acf6c|rpc:10.1.0.9:44405|dataStream:|priority:0, 1fe13acc-f0f9-4502-98df-9f6d0a8c5d2e|rpc:10.1.0.9:40147|dataStream:|priority:1], old=null, confs=<EMPTY_MAP>
2021-08-27 12:19:24,268 [pool-681-thread-1] INFO  server.RaftServerConfigKeys (ConfUtils.java:logGet(44)) - raft.server.storage.dir = [/home/runner/work/ozone/ozone/hadoop-ozone/integration-test/target/test-dir/MiniOzoneClusterImpl-595ad429-f938-4b04-a1e1-fbbc785922f0/datanode-7/data/ratis] (custom)
2021-08-27 12:19:24,268 [pool-681-thread-1] INFO  server.RaftServerConfigKeys (ConfUtils.java:logGet(44)) - raft.server.log.corruption.policy = EXCEPTION (default)
2021-08-27 12:19:24,268 [pool-681-thread-1] INFO  server.RaftServerConfigKeys (ConfUtils.java:logGet(44)) - raft.server.storage.free-space.min = 0MB (=0) (default)
2021-08-27 12:19:24,268 [pool-681-thread-1] INFO  storage.RaftStorageDirectory (RaftStorageDirectoryImpl.java:analyzeStorage(135)) - The storage directory /home/runner/work/ozone/ozone/hadoop-ozone/integration-test/target/test-dir/MiniOzoneClusterImpl-595ad429-f938-4b04-a1e1-fbbc785922f0/datanode-7/data/ratis/5c9aca2d-62a8-42a7-9b38-2816b9e709fd does not exist. Creating ...
2021-08-27 12:19:24,274 [pool-681-thread-1] INFO  storage.RaftStorageDirectory (RaftStorageDirectoryImpl.java:tryLock(230)) - Lock on /home/runner/work/ozone/ozone/hadoop-ozone/integration-test/target/test-dir/MiniOzoneClusterImpl-595ad429-f938-4b04-a1e1-fbbc785922f0/datanode-7/data/ratis/5c9aca2d-62a8-42a7-9b38-2816b9e709fd/in_use.lock acquired by nodename 3639@fv-az122-729
2021-08-27 12:19:24,276 [pool-681-thread-1] INFO  storage.RaftStorage (RaftStorageImpl.java:format(89)) - Storage directory /home/runner/work/ozone/ozone/hadoop-ozone/integration-test/target/test-dir/MiniOzoneClusterImpl-595ad429-f938-4b04-a1e1-fbbc785922f0/datanode-7/data/ratis/5c9aca2d-62a8-42a7-9b38-2816b9e709fd has been successfully formatted.
2021-08-27 12:19:24,302 [pool-681-thread-1] INFO  ratis.ContainerStateMachine (ContainerStateMachine.java:loadSnapshot(224)) - group-2816B9E709FD: The snapshot info is null. Setting the last applied indexto:(t:0, i:~)
2021-08-27 12:19:24,302 [pool-681-thread-1] INFO  server.RaftServerConfigKeys (ConfUtils.java:logGet(44)) - raft.server.notification.no-leader.timeout = 300000ms (custom)
2021-08-27 12:19:24,302 [pool-681-thread-1] INFO  server.RaftServerConfigKeys (ConfUtils.java:logGet(44)) - raft.server.log.use.memory = false (default)
2021-08-27 12:19:24,303 [pool-681-thread-1] INFO  server.RaftServerConfigKeys (ConfUtils.java:logGet(44)) - raft.server.log.purge.gap = 1000000 (custom)
2021-08-27 12:19:24,303 [pool-681-thread-1] INFO  server.RaftServerConfigKeys (ConfUtils.java:logGet(44)) - raft.server.log.appender.buffer.byte-limit = 33554432 (custom)
2021-08-27 12:19:24,303 [pool-681-thread-1] INFO  server.RaftServerConfigKeys (ConfUtils.java:logGet(44)) - raft.server.log.segment.size.max = 1048576 (custom)
2021-08-27 12:19:24,303 [pool-681-thread-1] INFO  server.RaftServerConfigKeys (ConfUtils.java:logGet(44)) - raft.server.log.segment.cache.num.max = 2 (custom)
2021-08-27 12:19:24,303 [pool-681-thread-1] INFO  server.RaftServerConfigKeys (ConfUtils.java:logGet(44)) - raft.server.log.segment.cache.size.max = 200MB (=209715200) (default)
2021-08-27 12:19:24,303 [pool-681-thread-1] INFO  segmented.SegmentedRaftLogWorker (SegmentedRaftLogWorker.java:<init>(182)) - new 96076b98-8515-473a-ab50-26e1974acf6c@group-2816B9E709FD-SegmentedRaftLogWorker for RaftStorageImpl:Storage Directory /home/runner/work/ozone/ozone/hadoop-ozone/integration-test/target/test-dir/MiniOzoneClusterImpl-595ad429-f938-4b04-a1e1-fbbc785922f0/datanode-7/data/ratis/5c9aca2d-62a8-42a7-9b38-2816b9e709fd
2021-08-27 12:19:24,303 [pool-681-thread-1] INFO  server.RaftServerConfigKeys (ConfUtils.java:logGet(44)) - raft.server.log.queue.byte-limit = 2147483647 (custom)
2021-08-27 12:19:24,303 [pool-681-thread-1] INFO  server.RaftServerConfigKeys (ConfUtils.java:logGet(44)) - raft.server.log.queue.element-limit = 1024 (custom)
2021-08-27 12:19:24,303 [pool-681-thread-1] INFO  server.RaftServerConfigKeys (ConfUtils.java:logGet(44)) - raft.server.log.segment.size.max = 1048576 (custom)
2021-08-27 12:19:24,303 [pool-681-thread-1] INFO  server.RaftServerConfigKeys (ConfUtils.java:logGet(44)) - raft.server.log.preallocated.size = 16384 (custom)
2021-08-27 12:19:24,303 [pool-681-thread-1] INFO  server.RaftServerConfigKeys (ConfUtils.java:logGet(44)) - raft.server.log.force.sync.num = 128 (default)
2021-08-27 12:19:24,304 [pool-681-thread-1] INFO  server.RaftServerConfigKeys (ConfUtils.java:logGet(44)) - raft.server.log.statemachine.data.sync = true (default)
2021-08-27 12:19:24,304 [pool-681-thread-1] INFO  server.RaftServerConfigKeys (ConfUtils.java:logGet(44)) - raft.server.log.statemachine.data.sync.timeout = 10s (default)
2021-08-27 12:19:24,304 [pool-681-thread-1] INFO  server.RaftServerConfigKeys (ConfUtils.java:logGet(44)) - raft.server.log.statemachine.data.sync.timeout.retry = -1 (default)
2021-08-27 12:19:24,305 [pool-681-thread-1] INFO  server.RaftServerConfigKeys (ConfUtils.java:logGet(44)) - raft.server.log.write.buffer.size = 1048576 (custom)
2021-08-27 12:19:24,305 [pool-681-thread-1] INFO  server.RaftServerConfigKeys (ConfUtils.java:logGet(44)) - raft.server.log.statemachine.data.caching.enabled = true (custom)
2021-08-27 12:19:24,305 [pool-681-thread-1] INFO  segmented.SegmentedRaftLogWorker (SegmentedRaftLogWorker.java:lambda$new$0(133)) - 96076b98-8515-473a-ab50-26e1974acf6c@group-2816B9E709FD-SegmentedRaftLogWorker: flushIndex: setUnconditionally 0 -> -1
2021-08-27 12:19:24,305 [pool-681-thread-1] INFO  segmented.SegmentedRaftLogWorker (SegmentedRaftLogWorker.java:lambda$new$0(133)) - 96076b98-8515-473a-ab50-26e1974acf6c@group-2816B9E709FD-SegmentedRaftLogWorker: safeCacheEvictIndex: setUnconditionally 0 -> -1
2021-08-27 12:19:24,305 [Datanode State Machine Thread - 0] WARN  statemachine.StateContext (StateContext.java:execute(621)) - No available thread in pool for past 1 seconds.
2021-08-27 12:19:24,311 [pool-681-thread-1] INFO  server.RaftServerConfigKeys (ConfUtils.java:logGet(44)) - raft.server.snapshot.auto.trigger.enabled = true (custom)
2021-08-27 12:19:24,311 [pool-681-thread-1] INFO  server.RaftServerConfigKeys (ConfUtils.java:logGet(44)) - raft.server.snapshot.auto.trigger.threshold = 10000 (custom)
2021-08-27 12:19:24,311 [pool-681-thread-1] INFO  server.RaftServerConfigKeys (ConfUtils.java:logGet(44)) - raft.server.snapshot.retention.file.num = 5 (custom)
2021-08-27 12:19:24,311 [pool-681-thread-1] INFO  server.RaftServerConfigKeys (ConfUtils.java:logGet(44)) - raft.server.log.purge.upto.snapshot.index = false (default)
2021-08-27 12:19:24,311 [pool-681-thread-1] INFO  server.RaftServerConfigKeys (ConfUtils.java:logGet(44)) - raft.server.retrycache.expirytime = 600000ms (custom)
2021-08-27 12:19:24,311 [pool-681-thread-1] INFO  server.RaftServerConfigKeys (ConfUtils.java:logGet(44)) - raft.server.retrycache.statistics.expirytime = 100μs (default)
2021-08-27 12:19:24,341 [pool-681-thread-1] INFO  server.RaftServer$Division (RaftServerImpl.java:start(296)) - 96076b98-8515-473a-ab50-26e1974acf6c@group-2816B9E709FD: start as a follower, conf=-1: [ff42b6c9-4897-43a9-a52a-fdd67bba99ae|rpc:10.1.0.9:45231|dataStream:|priority:0, 96076b98-8515-473a-ab50-26e1974acf6c|rpc:10.1.0.9:44405|dataStream:|priority:0, 1fe13acc-f0f9-4502-98df-9f6d0a8c5d2e|rpc:10.1.0.9:40147|dataStream:|priority:1], old=null
2021-08-27 12:19:24,341 [pool-681-thread-1] INFO  server.RaftServer$Division (RaftServerImpl.java:setRole(285)) - 96076b98-8515-473a-ab50-26e1974acf6c@group-2816B9E709FD: changes role from      null to FOLLOWER at term 0 for startAsFollower
2021-08-27 12:19:24,341 [pool-681-thread-1] INFO  impl.RoleInfo (RoleInfo.java:updateAndGet(130)) - 96076b98-8515-473a-ab50-26e1974acf6c: start 96076b98-8515-473a-ab50-26e1974acf6c@group-2816B9E709FD-FollowerState
2021-08-27 12:19:24,354 [pool-681-thread-1] INFO  util.JmxRegister (JmxRegister.java:tryRegister(44)) - Successfully registered JMX Bean with object name Ratis:service=RaftServer,group=group-2816B9E709FD,id=96076b98-8515-473a-ab50-26e1974acf6c
2021-08-27 12:19:24,398 [Command processor thread] INFO  server.RaftServer (RaftServerProxy.java:addNew(95)) - 96076b98-8515-473a-ab50-26e1974acf6c: addNew group-273B8F00FECE:[96076b98-8515-473a-ab50-26e1974acf6c|rpc:10.1.0.9:44405|priority:1] returns group-273B8F00FECE:java.util.concurrent.CompletableFuture@6a76cf36[Not completed]
2021-08-27 12:19:24,398 [pool-681-thread-1] INFO  server.RaftServer$Division (RaftServerImpl.java:<init>(181)) - 96076b98-8515-473a-ab50-26e1974acf6c: new RaftServerImpl for group-273B8F00FECE:[96076b98-8515-473a-ab50-26e1974acf6c|rpc:10.1.0.9:44405|priority:1] with ContainerStateMachine:uninitialized
2021-08-27 12:19:24,398 [pool-681-thread-1] INFO  server.RaftServerConfigKeys (ConfUtils.java:logGet(44)) - raft.server.rpc.timeout.min = 5s (custom)
2021-08-27 12:19:24,399 [pool-681-thread-1] INFO  server.RaftServerConfigKeys (ConfUtils.java:logGet(44)) - raft.server.rpc.timeout.max = 5200ms (custom)
2021-08-27 12:19:24,399 [pool-681-thread-1] INFO  server.RaftServerConfigKeys (ConfUtils.java:logGet(44)) - raft.server.rpc.sleep.time = 25ms (default)
2021-08-27 12:19:24,399 [pool-681-thread-1] INFO  server.RaftServerConfigKeys (ConfUtils.java:logGet(44)) - raft.server.rpc.slowness.timeout = 300000ms (custom)
2021-08-27 12:19:24,399 [pool-681-thread-1] INFO  server.RaftServerConfigKeys (ConfUtils.java:logGet(44)) - raft.server.leaderelection.leader.step-down.wait-time = 10s (default)
2021-08-27 12:19:24,399 [pool-681-thread-1] INFO  server.RaftServerConfigKeys (ConfUtils.java:logGet(44)) - raft.server.sleep.deviation.threshold = 300ms (default)
2021-08-27 12:19:24,399 [pool-681-thread-1] INFO  server.RaftServerConfigKeys (ConfUtils.java:logGet(44)) - raft.server.log.appender.install.snapshot.enabled = false (custom)
2021-08-27 12:19:24,399 [pool-681-thread-1] INFO  server.RaftServer$Division (ServerState.java:<init>(105)) - 96076b98-8515-473a-ab50-26e1974acf6c@group-273B8F00FECE: ConfigurationManager, init=-1: [96076b98-8515-473a-ab50-26e1974acf6c|rpc:10.1.0.9:44405|priority:1], old=null, confs=<EMPTY_MAP>
2021-08-27 12:19:24,399 [pool-681-thread-1] INFO  server.RaftServerConfigKeys (ConfUtils.java:logGet(44)) - raft.server.storage.dir = [/home/runner/work/ozone/ozone/hadoop-ozone/integration-test/target/test-dir/MiniOzoneClusterImpl-595ad429-f938-4b04-a1e1-fbbc785922f0/datanode-7/data/ratis] (custom)
2021-08-27 12:19:24,399 [pool-681-thread-1] INFO  server.RaftServerConfigKeys (ConfUtils.java:logGet(44)) - raft.server.log.corruption.policy = EXCEPTION (default)
2021-08-27 12:19:24,399 [pool-681-thread-1] INFO  server.RaftServerConfigKeys (ConfUtils.java:logGet(44)) - raft.server.storage.free-space.min = 0MB (=0) (default)
2021-08-27 12:19:24,399 [pool-681-thread-1] INFO  storage.RaftStorageDirectory (RaftStorageDirectoryImpl.java:analyzeStorage(135)) - The storage directory /home/runner/work/ozone/ozone/hadoop-ozone/integration-test/target/test-dir/MiniOzoneClusterImpl-595ad429-f938-4b04-a1e1-fbbc785922f0/datanode-7/data/ratis/360ed035-2556-4248-ad25-273b8f00fece does not exist. Creating ...
2021-08-27 12:19:24,402 [pool-681-thread-1] INFO  storage.RaftStorageDirectory (RaftStorageDirectoryImpl.java:tryLock(230)) - Lock on /home/runner/work/ozone/ozone/hadoop-ozone/integration-test/target/test-dir/MiniOzoneClusterImpl-595ad429-f938-4b04-a1e1-fbbc785922f0/datanode-7/data/ratis/360ed035-2556-4248-ad25-273b8f00fece/in_use.lock acquired by nodename 3639@fv-az122-729
2021-08-27 12:19:24,424 [pool-681-thread-1] INFO  storage.RaftStorage (RaftStorageImpl.java:format(89)) - Storage directory /home/runner/work/ozone/ozone/hadoop-ozone/integration-test/target/test-dir/MiniOzoneClusterImpl-595ad429-f938-4b04-a1e1-fbbc785922f0/datanode-7/data/ratis/360ed035-2556-4248-ad25-273b8f00fece has been successfully formatted.
2021-08-27 12:19:24,425 [pool-681-thread-1] INFO  ratis.ContainerStateMachine (ContainerStateMachine.java:loadSnapshot(224)) - group-273B8F00FECE: The snapshot info is null. Setting the last applied indexto:(t:0, i:~)
2021-08-27 12:19:24,425 [Datanode State Machine Thread - 0] WARN  statemachine.StateContext (StateContext.java:execute(621)) - No available thread in pool for past 1 seconds.
2021-08-27 12:19:24,425 [pool-681-thread-1] INFO  server.RaftServerConfigKeys (ConfUtils.java:logGet(44)) - raft.server.notification.no-leader.timeout = 300000ms (custom)
2021-08-27 12:19:24,425 [pool-681-thread-1] INFO  server.RaftServerConfigKeys (ConfUtils.java:logGet(44)) - raft.server.log.use.memory = false (default)
2021-08-27 12:19:24,425 [pool-681-thread-1] INFO  server.RaftServerConfigKeys (ConfUtils.java:logGet(44)) - raft.server.log.purge.gap = 1000000 (custom)
2021-08-27 12:19:24,425 [pool-681-thread-1] INFO  server.RaftServerConfigKeys (ConfUtils.java:logGet(44)) - raft.server.log.appender.buffer.byte-limit = 33554432 (custom)
2021-08-27 12:19:24,425 [pool-681-thread-1] INFO  server.RaftServerConfigKeys (ConfUtils.java:logGet(44)) - raft.server.log.segment.size.max = 1048576 (custom)
2021-08-27 12:19:24,426 [EventQueue-PipelineReportForPipelineReportHandler] INFO  pipeline.PipelineManagerImpl (PipelineManagerImpl.java:openPipeline(282)) - Pipeline Pipeline[ Id: 360ed035-2556-4248-ad25-273b8f00fece, Nodes: 96076b98-8515-473a-ab50-26e1974acf6c{ip: 10.1.0.9, host: fv-az122-729.zf1tlrj3kn4expqppa1j4mpycf.xx.internal.cloudapp.net, ports: [REPLICATION=34925, RATIS=44405, RATIS_ADMIN=44405, RATIS_SERVER=44405, STANDALONE=35065], networkLocation: /default-rack, certSerialId: null, persistedOpState: IN_SERVICE, persistedOpStateExpiryEpochSec: 0}, ReplicationConfig: RATIS/ONE, State:ALLOCATED, leaderId:96076b98-8515-473a-ab50-26e1974acf6c, CreationTimestamp2021-08-27T12:19:21.400Z[Etc/UTC]] moved to OPEN state
2021-08-27 12:19:24,426 [EventQueue-OpenPipelineForHealthyPipelineSafeModeRule] INFO  safemode.SCMSafeModeManager (HealthyPipelineSafeModeRule.java:process(124)) - SCM in safe mode. Healthy pipelines reported count is 0, required healthy pipeline reported count is 1
2021-08-27 12:19:24,426 [pool-681-thread-1] INFO  server.RaftServerConfigKeys (ConfUtils.java:logGet(44)) - raft.server.log.segment.cache.num.max = 2 (custom)
2021-08-27 12:19:24,428 [pool-681-thread-1] INFO  server.RaftServerConfigKeys (ConfUtils.java:logGet(44)) - raft.server.log.segment.cache.size.max = 200MB (=209715200) (default)
2021-08-27 12:19:24,429 [pool-681-thread-1] INFO  segmented.SegmentedRaftLogWorker (SegmentedRaftLogWorker.java:<init>(182)) - new 96076b98-8515-473a-ab50-26e1974acf6c@group-273B8F00FECE-SegmentedRaftLogWorker for RaftStorageImpl:Storage Directory /home/runner/work/ozone/ozone/hadoop-ozone/integration-test/target/test-dir/MiniOzoneClusterImpl-595ad429-f938-4b04-a1e1-fbbc785922f0/datanode-7/data/ratis/360ed035-2556-4248-ad25-273b8f00fece
2021-08-27 12:19:24,429 [pool-681-thread-1] INFO  server.RaftServerConfigKeys (ConfUtils.java:logGet(44)) - raft.server.log.queue.byte-limit = 2147483647 (custom)
2021-08-27 12:19:24,429 [pool-681-thread-1] INFO  server.RaftServerConfigKeys (ConfUtils.java:logGet(44)) - raft.server.log.queue.element-limit = 1024 (custom)
2021-08-27 12:19:24,429 [pool-681-thread-1] INFO  server.RaftServerConfigKeys (ConfUtils.java:logGet(44)) - raft.server.log.segment.size.max = 1048576 (custom)
2021-08-27 12:19:24,429 [pool-681-thread-1] INFO  server.RaftServerConfigKeys (ConfUtils.java:logGet(44)) - raft.server.log.preallocated.size = 16384 (custom)
2021-08-27 12:19:24,429 [pool-681-thread-1] INFO  server.RaftServerConfigKeys (ConfUtils.java:logGet(44)) - raft.server.log.force.sync.num = 128 (default)
2021-08-27 12:19:24,429 [pool-681-thread-1] INFO  server.RaftServerConfigKeys (ConfUtils.java:logGet(44)) - raft.server.log.statemachine.data.sync = true (default)
2021-08-27 12:19:24,429 [pool-681-thread-1] INFO  server.RaftServerConfigKeys (ConfUtils.java:logGet(44)) - raft.server.log.statemachine.data.sync.timeout = 10s (default)
2021-08-27 12:19:24,429 [pool-681-thread-1] INFO  server.RaftServerConfigKeys (ConfUtils.java:logGet(44)) - raft.server.log.statemachine.data.sync.timeout.retry = -1 (default)
2021-08-27 12:19:24,430 [pool-681-thread-1] INFO  server.RaftServerConfigKeys (ConfUtils.java:logGet(44)) - raft.server.log.write.buffer.size = 1048576 (custom)
2021-08-27 12:19:24,430 [pool-681-thread-1] INFO  server.RaftServerConfigKeys (ConfUtils.java:logGet(44)) - raft.server.log.statemachine.data.caching.enabled = true (custom)
2021-08-27 12:19:24,430 [pool-681-thread-1] INFO  segmented.SegmentedRaftLogWorker (SegmentedRaftLogWorker.java:lambda$new$0(133)) - 96076b98-8515-473a-ab50-26e1974acf6c@group-273B8F00FECE-SegmentedRaftLogWorker: flushIndex: setUnconditionally 0 -> -1
2021-08-27 12:19:24,430 [pool-681-thread-1] INFO  segmented.SegmentedRaftLogWorker (SegmentedRaftLogWorker.java:lambda$new$0(133)) - 96076b98-8515-473a-ab50-26e1974acf6c@group-273B8F00FECE-SegmentedRaftLogWorker: safeCacheEvictIndex: setUnconditionally 0 -> -1
2021-08-27 12:19:24,437 [pool-681-thread-1] INFO  server.RaftServerConfigKeys (ConfUtils.java:logGet(44)) - raft.server.snapshot.auto.trigger.enabled = true (custom)
2021-08-27 12:19:24,437 [pool-681-thread-1] INFO  server.RaftServerConfigKeys (ConfUtils.java:logGet(44)) - raft.server.snapshot.auto.trigger.threshold = 10000 (custom)
2021-08-27 12:19:24,438 [pool-681-thread-1] INFO  server.RaftServerConfigKeys (ConfUtils.java:logGet(44)) - raft.server.snapshot.retention.file.num = 5 (custom)
2021-08-27 12:19:24,438 [pool-681-thread-1] INFO  server.RaftServerConfigKeys (ConfUtils.java:logGet(44)) - raft.server.log.purge.upto.snapshot.index = false (default)
2021-08-27 12:19:24,438 [pool-681-thread-1] INFO  server.RaftServerConfigKeys (ConfUtils.java:logGet(44)) - raft.server.retrycache.expirytime = 600000ms (custom)
2021-08-27 12:19:24,438 [pool-681-thread-1] INFO  server.RaftServerConfigKeys (ConfUtils.java:logGet(44)) - raft.server.retrycache.statistics.expirytime = 100μs (default)
2021-08-27 12:19:24,440 [pool-681-thread-1] INFO  server.RaftServer$Division (RaftServerImpl.java:start(296)) - 96076b98-8515-473a-ab50-26e1974acf6c@group-273B8F00FECE: start as a follower, conf=-1: [96076b98-8515-473a-ab50-26e1974acf6c|rpc:10.1.0.9:44405|priority:1], old=null
2021-08-27 12:19:24,440 [pool-681-thread-1] INFO  server.RaftServer$Division (RaftServerImpl.java:setRole(285)) - 96076b98-8515-473a-ab50-26e1974acf6c@group-273B8F00FECE: changes role from      null to FOLLOWER at term 0 for startAsFollower
2021-08-27 12:19:24,440 [pool-681-thread-1] INFO  impl.RoleInfo (RoleInfo.java:updateAndGet(130)) - 96076b98-8515-473a-ab50-26e1974acf6c: start 96076b98-8515-473a-ab50-26e1974acf6c@group-273B8F00FECE-FollowerState
2021-08-27 12:19:24,443 [pool-681-thread-1] INFO  util.JmxRegister (JmxRegister.java:tryRegister(44)) - Successfully registered JMX Bean with object name Ratis:service=RaftServer,group=group-273B8F00FECE,id=96076b98-8515-473a-ab50-26e1974acf6c
2021-08-27 12:19:24,444 [Command processor thread] INFO  ratis.XceiverServerRatis (XceiverServerRatis.java:addGroup(763)) - Created group PipelineID=360ed035-2556-4248-ad25-273b8f00fece
2021-08-27 12:19:24,444 [Command processor thread] INFO  commandhandler.CreatePipelineCommandHandler (CreatePipelineCommandHandler.java:handle(106)) - Created Pipeline RATIS ONE PipelineID=360ed035-2556-4248-ad25-273b8f00fece.
2021-08-27 12:19:24,454 [grpc-default-executor-1] INFO  server.RaftServer (RaftServerProxy.java:addNew(95)) - 1fe13acc-f0f9-4502-98df-9f6d0a8c5d2e: addNew group-2816B9E709FD:[ff42b6c9-4897-43a9-a52a-fdd67bba99ae|rpc:10.1.0.9:45231|dataStream:|priority:0, 96076b98-8515-473a-ab50-26e1974acf6c|rpc:10.1.0.9:44405|dataStream:|priority:0, 1fe13acc-f0f9-4502-98df-9f6d0a8c5d2e|rpc:10.1.0.9:40147|dataStream:|priority:1] returns group-2816B9E709FD:java.util.concurrent.CompletableFuture@2d071dec[Not completed]
2021-08-27 12:19:24,460 [pool-700-thread-1] INFO  server.RaftServer$Division (RaftServerImpl.java:<init>(181)) - 1fe13acc-f0f9-4502-98df-9f6d0a8c5d2e: new RaftServerImpl for group-2816B9E709FD:[ff42b6c9-4897-43a9-a52a-fdd67bba99ae|rpc:10.1.0.9:45231|dataStream:|priority:0, 96076b98-8515-473a-ab50-26e1974acf6c|rpc:10.1.0.9:44405|dataStream:|priority:0, 1fe13acc-f0f9-4502-98df-9f6d0a8c5d2e|rpc:10.1.0.9:40147|dataStream:|priority:1] with ContainerStateMachine:uninitialized
2021-08-27 12:19:24,478 [pool-700-thread-1] INFO  server.RaftServerConfigKeys (ConfUtils.java:logGet(44)) - raft.server.rpc.timeout.min = 5s (custom)
2021-08-27 12:19:24,478 [pool-700-thread-1] INFO  server.RaftServerConfigKeys (ConfUtils.java:logGet(44)) - raft.server.rpc.timeout.max = 5200ms (custom)
2021-08-27 12:19:24,478 [pool-700-thread-1] INFO  server.RaftServerConfigKeys (ConfUtils.java:logGet(44)) - raft.server.rpc.sleep.time = 25ms (default)
2021-08-27 12:19:24,478 [pool-700-thread-1] INFO  server.RaftServerConfigKeys (ConfUtils.java:logGet(44)) - raft.server.rpc.slowness.timeout = 300000ms (custom)
2021-08-27 12:19:24,478 [pool-700-thread-1] INFO  server.RaftServerConfigKeys (ConfUtils.java:logGet(44)) - raft.server.leaderelection.leader.step-down.wait-time = 10s (default)
2021-08-27 12:19:24,478 [pool-700-thread-1] INFO  server.RaftServerConfigKeys (ConfUtils.java:logGet(44)) - raft.server.sleep.deviation.threshold = 300ms (default)
2021-08-27 12:19:24,478 [pool-700-thread-1] INFO  server.RaftServerConfigKeys (ConfUtils.java:logGet(44)) - raft.server.log.appender.install.snapshot.enabled = false (custom)
2021-08-27 12:19:24,478 [pool-700-thread-1] INFO  server.RaftServer$Division (ServerState.java:<init>(105)) - 1fe13acc-f0f9-4502-98df-9f6d0a8c5d2e@group-2816B9E709FD: ConfigurationManager, init=-1: [ff42b6c9-4897-43a9-a52a-fdd67bba99ae|rpc:10.1.0.9:45231|dataStream:|priority:0, 96076b98-8515-473a-ab50-26e1974acf6c|rpc:10.1.0.9:44405|dataStream:|priority:0, 1fe13acc-f0f9-4502-98df-9f6d0a8c5d2e|rpc:10.1.0.9:40147|dataStream:|priority:1], old=null, confs=<EMPTY_MAP>
2021-08-27 12:19:24,478 [pool-700-thread-1] INFO  server.RaftServerConfigKeys (ConfUtils.java:logGet(44)) - raft.server.storage.dir = [/home/runner/work/ozone/ozone/hadoop-ozone/integration-test/target/test-dir/MiniOzoneClusterImpl-595ad429-f938-4b04-a1e1-fbbc785922f0/datanode-8/data/ratis] (custom)
2021-08-27 12:19:24,478 [pool-700-thread-1] INFO  server.RaftServerConfigKeys (ConfUtils.java:logGet(44)) - raft.server.log.corruption.policy = EXCEPTION (default)
2021-08-27 12:19:24,479 [pool-700-thread-1] INFO  server.RaftServerConfigKeys (ConfUtils.java:logGet(44)) - raft.server.storage.free-space.min = 0MB (=0) (default)
2021-08-27 12:19:24,479 [pool-700-thread-1] INFO  storage.RaftStorageDirectory (RaftStorageDirectoryImpl.java:analyzeStorage(135)) - The storage directory /home/runner/work/ozone/ozone/hadoop-ozone/integration-test/target/test-dir/MiniOzoneClusterImpl-595ad429-f938-4b04-a1e1-fbbc785922f0/datanode-8/data/ratis/5c9aca2d-62a8-42a7-9b38-2816b9e709fd does not exist. Creating ...
2021-08-27 12:19:24,486 [pool-700-thread-1] INFO  storage.RaftStorageDirectory (RaftStorageDirectoryImpl.java:tryLock(230)) - Lock on /home/runner/work/ozone/ozone/hadoop-ozone/integration-test/target/test-dir/MiniOzoneClusterImpl-595ad429-f938-4b04-a1e1-fbbc785922f0/datanode-8/data/ratis/5c9aca2d-62a8-42a7-9b38-2816b9e709fd/in_use.lock acquired by nodename 3639@fv-az122-729
2021-08-27 12:19:24,490 [pool-700-thread-1] INFO  storage.RaftStorage (RaftStorageImpl.java:format(89)) - Storage directory /home/runner/work/ozone/ozone/hadoop-ozone/integration-test/target/test-dir/MiniOzoneClusterImpl-595ad429-f938-4b04-a1e1-fbbc785922f0/datanode-8/data/ratis/5c9aca2d-62a8-42a7-9b38-2816b9e709fd has been successfully formatted.
2021-08-27 12:19:24,525 [Datanode State Machine Thread - 0] WARN  statemachine.StateContext (StateContext.java:execute(621)) - No available thread in pool for past 1 seconds.
2021-08-27 12:19:24,525 [pool-700-thread-1] INFO  ratis.ContainerStateMachine (ContainerStateMachine.java:loadSnapshot(224)) - group-2816B9E709FD: The snapshot info is null. Setting the last applied indexto:(t:0, i:~)
2021-08-27 12:19:24,525 [pool-700-thread-1] INFO  server.RaftServerConfigKeys (ConfUtils.java:logGet(44)) - raft.server.notification.no-leader.timeout = 300000ms (custom)
2021-08-27 12:19:24,525 [pool-700-thread-1] INFO  server.RaftServerConfigKeys (ConfUtils.java:logGet(44)) - raft.server.log.use.memory = false (default)
2021-08-27 12:19:24,525 [pool-700-thread-1] INFO  server.RaftServerConfigKeys (ConfUtils.java:logGet(44)) - raft.server.log.purge.gap = 1000000 (custom)
2021-08-27 12:19:24,525 [pool-700-thread-1] INFO  server.RaftServerConfigKeys (ConfUtils.java:logGet(44)) - raft.server.log.appender.buffer.byte-limit = 33554432 (custom)
2021-08-27 12:19:24,526 [pool-700-thread-1] INFO  server.RaftServerConfigKeys (ConfUtils.java:logGet(44)) - raft.server.log.segment.size.max = 1048576 (custom)
2021-08-27 12:19:24,526 [pool-700-thread-1] INFO  server.RaftServerConfigKeys (ConfUtils.java:logGet(44)) - raft.server.log.segment.cache.num.max = 2 (custom)
2021-08-27 12:19:24,526 [pool-700-thread-1] INFO  server.RaftServerConfigKeys (ConfUtils.java:logGet(44)) - raft.server.log.segment.cache.size.max = 200MB (=209715200) (default)
2021-08-27 12:19:24,526 [pool-700-thread-1] INFO  segmented.SegmentedRaftLogWorker (SegmentedRaftLogWorker.java:<init>(182)) - new 1fe13acc-f0f9-4502-98df-9f6d0a8c5d2e@group-2816B9E709FD-SegmentedRaftLogWorker for RaftStorageImpl:Storage Directory /home/runner/work/ozone/ozone/hadoop-ozone/integration-test/target/test-dir/MiniOzoneClusterImpl-595ad429-f938-4b04-a1e1-fbbc785922f0/datanode-8/data/ratis/5c9aca2d-62a8-42a7-9b38-2816b9e709fd
2021-08-27 12:19:24,526 [pool-700-thread-1] INFO  server.RaftServerConfigKeys (ConfUtils.java:logGet(44)) - raft.server.log.queue.byte-limit = 2147483647 (custom)
2021-08-27 12:19:24,526 [pool-700-thread-1] INFO  server.RaftServerConfigKeys (ConfUtils.java:logGet(44)) - raft.server.log.queue.element-limit = 1024 (custom)
2021-08-27 12:19:24,527 [pool-700-thread-1] INFO  server.RaftServerConfigKeys (ConfUtils.java:logGet(44)) - raft.server.log.segment.size.max = 1048576 (custom)
2021-08-27 12:19:24,527 [pool-700-thread-1] INFO  server.RaftServerConfigKeys (ConfUtils.java:logGet(44)) - raft.server.log.preallocated.size = 16384 (custom)
2021-08-27 12:19:24,527 [pool-700-thread-1] INFO  server.RaftServerConfigKeys (ConfUtils.java:logGet(44)) - raft.server.log.force.sync.num = 128 (default)
2021-08-27 12:19:24,527 [pool-700-thread-1] INFO  server.RaftServerConfigKeys (ConfUtils.java:logGet(44)) - raft.server.log.statemachine.data.sync = true (default)
2021-08-27 12:19:24,527 [pool-700-thread-1] INFO  server.RaftServerConfigKeys (ConfUtils.java:logGet(44)) - raft.server.log.statemachine.data.sync.timeout = 10s (default)
2021-08-27 12:19:24,527 [pool-700-thread-1] INFO  server.RaftServerConfigKeys (ConfUtils.java:logGet(44)) - raft.server.log.statemachine.data.sync.timeout.retry = -1 (default)
2021-08-27 12:19:24,528 [pool-700-thread-1] INFO  server.RaftServerConfigKeys (ConfUtils.java:logGet(44)) - raft.server.log.write.buffer.size = 1048576 (custom)
2021-08-27 12:19:24,529 [pool-700-thread-1] INFO  server.RaftServerConfigKeys (ConfUtils.java:logGet(44)) - raft.server.log.statemachine.data.caching.enabled = true (custom)
2021-08-27 12:19:24,529 [pool-700-thread-1] INFO  segmented.SegmentedRaftLogWorker (SegmentedRaftLogWorker.java:lambda$new$0(133)) - 1fe13acc-f0f9-4502-98df-9f6d0a8c5d2e@group-2816B9E709FD-SegmentedRaftLogWorker: flushIndex: setUnconditionally 0 -> -1
2021-08-27 12:19:24,529 [pool-700-thread-1] INFO  segmented.SegmentedRaftLogWorker (SegmentedRaftLogWorker.java:lambda$new$0(133)) - 1fe13acc-f0f9-4502-98df-9f6d0a8c5d2e@group-2816B9E709FD-SegmentedRaftLogWorker: safeCacheEvictIndex: setUnconditionally 0 -> -1
2021-08-27 12:19:24,539 [pool-700-thread-1] INFO  server.RaftServerConfigKeys (ConfUtils.java:logGet(44)) - raft.server.snapshot.auto.trigger.enabled = true (custom)
2021-08-27 12:19:24,539 [pool-700-thread-1] INFO  server.RaftServerConfigKeys (ConfUtils.java:logGet(44)) - raft.server.snapshot.auto.trigger.threshold = 10000 (custom)
2021-08-27 12:19:24,539 [pool-700-thread-1] INFO  server.RaftServerConfigKeys (ConfUtils.java:logGet(44)) - raft.server.snapshot.retention.file.num = 5 (custom)
2021-08-27 12:19:24,539 [pool-700-thread-1] INFO  server.RaftServerConfigKeys (ConfUtils.java:logGet(44)) - raft.server.log.purge.upto.snapshot.index = false (default)
2021-08-27 12:19:24,539 [pool-700-thread-1] INFO  server.RaftServerConfigKeys (ConfUtils.java:logGet(44)) - raft.server.retrycache.expirytime = 600000ms (custom)
2021-08-27 12:19:24,539 [pool-700-thread-1] INFO  server.RaftServerConfigKeys (ConfUtils.java:logGet(44)) - raft.server.retrycache.statistics.expirytime = 100μs (default)
2021-08-27 12:19:24,541 [pool-700-thread-1] INFO  server.RaftServer$Division (RaftServerImpl.java:start(296)) - 1fe13acc-f0f9-4502-98df-9f6d0a8c5d2e@group-2816B9E709FD: start as a follower, conf=-1: [ff42b6c9-4897-43a9-a52a-fdd67bba99ae|rpc:10.1.0.9:45231|dataStream:|priority:0, 96076b98-8515-473a-ab50-26e1974acf6c|rpc:10.1.0.9:44405|dataStream:|priority:0, 1fe13acc-f0f9-4502-98df-9f6d0a8c5d2e|rpc:10.1.0.9:40147|dataStream:|priority:1], old=null
2021-08-27 12:19:24,541 [pool-700-thread-1] INFO  server.RaftServer$Division (RaftServerImpl.java:setRole(285)) - 1fe13acc-f0f9-4502-98df-9f6d0a8c5d2e@group-2816B9E709FD: changes role from      null to FOLLOWER at term 0 for startAsFollower
2021-08-27 12:19:24,547 [pool-700-thread-1] INFO  impl.RoleInfo (RoleInfo.java:updateAndGet(130)) - 1fe13acc-f0f9-4502-98df-9f6d0a8c5d2e: start 1fe13acc-f0f9-4502-98df-9f6d0a8c5d2e@group-2816B9E709FD-FollowerState
2021-08-27 12:19:24,547 [pool-700-thread-1] INFO  util.JmxRegister (JmxRegister.java:tryRegister(44)) - Successfully registered JMX Bean with object name Ratis:service=RaftServer,group=group-2816B9E709FD,id=1fe13acc-f0f9-4502-98df-9f6d0a8c5d2e
2021-08-27 12:19:24,557 [Command processor thread] INFO  commandhandler.CreatePipelineCommandHandler (CreatePipelineCommandHandler.java:handle(106)) - Created Pipeline RATIS THREE PipelineID=5c9aca2d-62a8-42a7-9b38-2816b9e709fd.
2021-08-27 12:19:24,730 [Listener at 127.0.0.1/43833] INFO  ozone.MiniOzoneClusterImpl (MiniOzoneClusterImpl.java:lambda$waitForClusterToBeReady$0(235)) - Nodes are ready. Got 9 of 9 DN Heartbeats.
2021-08-27 12:19:24,730 [Listener at 127.0.0.1/43833] INFO  ozone.MiniOzoneClusterImpl (MiniOzoneClusterImpl.java:lambda$waitForClusterToBeReady$0(238)) - Waiting for cluster to exit safe mode
2021-08-27 12:19:24,730 [Listener at 127.0.0.1/43833] INFO  ozone.MiniOzoneClusterImpl (MiniOzoneClusterImpl.java:lambda$waitForClusterToBeReady$0(240)) - SCM became leader
2021-08-27 12:19:24,789 [Command processor thread] INFO  server.RaftServer (RaftServerProxy.java:addNew(95)) - 1fe13acc-f0f9-4502-98df-9f6d0a8c5d2e: addNew group-D255EA171E03:[1fe13acc-f0f9-4502-98df-9f6d0a8c5d2e|rpc:10.1.0.9:40147|priority:1] returns group-D255EA171E03:java.util.concurrent.CompletableFuture@1f2c19a0[Not completed]
2021-08-27 12:19:24,789 [pool-700-thread-1] INFO  server.RaftServer$Division (RaftServerImpl.java:<init>(181)) - 1fe13acc-f0f9-4502-98df-9f6d0a8c5d2e: new RaftServerImpl for group-D255EA171E03:[1fe13acc-f0f9-4502-98df-9f6d0a8c5d2e|rpc:10.1.0.9:40147|priority:1] with ContainerStateMachine:uninitialized
2021-08-27 12:19:24,789 [pool-700-thread-1] INFO  server.RaftServerConfigKeys (ConfUtils.java:logGet(44)) - raft.server.rpc.timeout.min = 5s (custom)
2021-08-27 12:19:24,789 [pool-700-thread-1] INFO  server.RaftServerConfigKeys (ConfUtils.java:logGet(44)) - raft.server.rpc.timeout.max = 5200ms (custom)
2021-08-27 12:19:24,789 [pool-700-thread-1] INFO  server.RaftServerConfigKeys (ConfUtils.java:logGet(44)) - raft.server.rpc.sleep.time = 25ms (default)
2021-08-27 12:19:24,789 [pool-700-thread-1] INFO  server.RaftServerConfigKeys (ConfUtils.java:logGet(44)) - raft.server.rpc.slowness.timeout = 300000ms (custom)
2021-08-27 12:19:24,789 [pool-700-thread-1] INFO  server.RaftServerConfigKeys (ConfUtils.java:logGet(44)) - raft.server.leaderelection.leader.step-down.wait-time = 10s (default)
2021-08-27 12:19:24,789 [pool-700-thread-1] INFO  server.RaftServerConfigKeys (ConfUtils.java:logGet(44)) - raft.server.sleep.deviation.threshold = 300ms (default)
2021-08-27 12:19:24,789 [pool-700-thread-1] INFO  server.RaftServerConfigKeys (ConfUtils.java:logGet(44)) - raft.server.log.appender.install.snapshot.enabled = false (custom)
2021-08-27 12:19:24,790 [pool-700-thread-1] INFO  server.RaftServer$Division (ServerState.java:<init>(105)) - 1fe13acc-f0f9-4502-98df-9f6d0a8c5d2e@group-D255EA171E03: ConfigurationManager, init=-1: [1fe13acc-f0f9-4502-98df-9f6d0a8c5d2e|rpc:10.1.0.9:40147|priority:1], old=null, confs=<EMPTY_MAP>
2021-08-27 12:19:24,790 [pool-700-thread-1] INFO  server.RaftServerConfigKeys (ConfUtils.java:logGet(44)) - raft.server.storage.dir = [/home/runner/work/ozone/ozone/hadoop-ozone/integration-test/target/test-dir/MiniOzoneClusterImpl-595ad429-f938-4b04-a1e1-fbbc785922f0/datanode-8/data/ratis] (custom)
2021-08-27 12:19:24,790 [pool-700-thread-1] INFO  server.RaftServerConfigKeys (ConfUtils.java:logGet(44)) - raft.server.log.corruption.policy = EXCEPTION (default)
2021-08-27 12:19:24,790 [pool-700-thread-1] INFO  server.RaftServerConfigKeys (ConfUtils.java:logGet(44)) - raft.server.storage.free-space.min = 0MB (=0) (default)
2021-08-27 12:19:24,790 [pool-700-thread-1] INFO  storage.RaftStorageDirectory (RaftStorageDirectoryImpl.java:analyzeStorage(135)) - The storage directory /home/runner/work/ozone/ozone/hadoop-ozone/integration-test/target/test-dir/MiniOzoneClusterImpl-595ad429-f938-4b04-a1e1-fbbc785922f0/datanode-8/data/ratis/e5b10fb8-f6c8-4815-9d88-d255ea171e03 does not exist. Creating ...
2021-08-27 12:19:24,793 [pool-700-thread-1] INFO  storage.RaftStorageDirectory (RaftStorageDirectoryImpl.java:tryLock(230)) - Lock on /home/runner/work/ozone/ozone/hadoop-ozone/integration-test/target/test-dir/MiniOzoneClusterImpl-595ad429-f938-4b04-a1e1-fbbc785922f0/datanode-8/data/ratis/e5b10fb8-f6c8-4815-9d88-d255ea171e03/in_use.lock acquired by nodename 3639@fv-az122-729
2021-08-27 12:19:24,797 [pool-700-thread-1] INFO  storage.RaftStorage (RaftStorageImpl.java:format(89)) - Storage directory /home/runner/work/ozone/ozone/hadoop-ozone/integration-test/target/test-dir/MiniOzoneClusterImpl-595ad429-f938-4b04-a1e1-fbbc785922f0/datanode-8/data/ratis/e5b10fb8-f6c8-4815-9d88-d255ea171e03 has been successfully formatted.
2021-08-27 12:19:24,797 [Datanode State Machine Thread - 0] WARN  statemachine.StateContext (StateContext.java:execute(621)) - No available thread in pool for past 1 seconds.
2021-08-27 12:19:24,797 [pool-700-thread-1] INFO  ratis.ContainerStateMachine (ContainerStateMachine.java:loadSnapshot(224)) - group-D255EA171E03: The snapshot info is null. Setting the last applied indexto:(t:0, i:~)
2021-08-27 12:19:24,798 [EventQueue-PipelineReportForPipelineReportHandler] INFO  pipeline.PipelineManagerImpl (PipelineManagerImpl.java:openPipeline(282)) - Pipeline Pipeline[ Id: e5b10fb8-f6c8-4815-9d88-d255ea171e03, Nodes: 1fe13acc-f0f9-4502-98df-9f6d0a8c5d2e{ip: 10.1.0.9, host: fv-az122-729.zf1tlrj3kn4expqppa1j4mpycf.xx.internal.cloudapp.net, ports: [REPLICATION=40625, RATIS=40147, RATIS_ADMIN=40147, RATIS_SERVER=40147, STANDALONE=38407], networkLocation: /default-rack, certSerialId: null, persistedOpState: IN_SERVICE, persistedOpStateExpiryEpochSec: 0}, ReplicationConfig: RATIS/ONE, State:ALLOCATED, leaderId:1fe13acc-f0f9-4502-98df-9f6d0a8c5d2e, CreationTimestamp2021-08-27T12:19:21.790Z[Etc/UTC]] moved to OPEN state
2021-08-27 12:19:24,798 [EventQueue-OpenPipelineForHealthyPipelineSafeModeRule] INFO  safemode.SCMSafeModeManager (HealthyPipelineSafeModeRule.java:process(124)) - SCM in safe mode. Healthy pipelines reported count is 0, required healthy pipeline reported count is 1
2021-08-27 12:19:24,806 [pool-700-thread-1] INFO  server.RaftServerConfigKeys (ConfUtils.java:logGet(44)) - raft.server.notification.no-leader.timeout = 300000ms (custom)
2021-08-27 12:19:24,806 [pool-700-thread-1] INFO  server.RaftServerConfigKeys (ConfUtils.java:logGet(44)) - raft.server.log.use.memory = false (default)
2021-08-27 12:19:24,806 [pool-700-thread-1] INFO  server.RaftServerConfigKeys (ConfUtils.java:logGet(44)) - raft.server.log.purge.gap = 1000000 (custom)
2021-08-27 12:19:24,806 [pool-700-thread-1] INFO  server.RaftServerConfigKeys (ConfUtils.java:logGet(44)) - raft.server.log.appender.buffer.byte-limit = 33554432 (custom)
2021-08-27 12:19:24,806 [pool-700-thread-1] INFO  server.RaftServerConfigKeys (ConfUtils.java:logGet(44)) - raft.server.log.segment.size.max = 1048576 (custom)
2021-08-27 12:19:24,806 [pool-700-thread-1] INFO  server.RaftServerConfigKeys (ConfUtils.java:logGet(44)) - raft.server.log.segment.cache.num.max = 2 (custom)
2021-08-27 12:19:24,807 [pool-700-thread-1] INFO  server.RaftServerConfigKeys (ConfUtils.java:logGet(44)) - raft.server.log.segment.cache.size.max = 200MB (=209715200) (default)
2021-08-27 12:19:24,807 [pool-700-thread-1] INFO  segmented.SegmentedRaftLogWorker (SegmentedRaftLogWorker.java:<init>(182)) - new 1fe13acc-f0f9-4502-98df-9f6d0a8c5d2e@group-D255EA171E03-SegmentedRaftLogWorker for RaftStorageImpl:Storage Directory /home/runner/work/ozone/ozone/hadoop-ozone/integration-test/target/test-dir/MiniOzoneClusterImpl-595ad429-f938-4b04-a1e1-fbbc785922f0/datanode-8/data/ratis/e5b10fb8-f6c8-4815-9d88-d255ea171e03
2021-08-27 12:19:24,807 [pool-700-thread-1] INFO  server.RaftServerConfigKeys (ConfUtils.java:logGet(44)) - raft.server.log.queue.byte-limit = 2147483647 (custom)
2021-08-27 12:19:24,807 [pool-700-thread-1] INFO  server.RaftServerConfigKeys (ConfUtils.java:logGet(44)) - raft.server.log.queue.element-limit = 1024 (custom)
2021-08-27 12:19:24,807 [pool-700-thread-1] INFO  server.RaftServerConfigKeys (ConfUtils.java:logGet(44)) - raft.server.log.segment.size.max = 1048576 (custom)
2021-08-27 12:19:24,807 [pool-700-thread-1] INFO  server.RaftServerConfigKeys (ConfUtils.java:logGet(44)) - raft.server.log.preallocated.size = 16384 (custom)
2021-08-27 12:19:24,807 [pool-700-thread-1] INFO  server.RaftServerConfigKeys (ConfUtils.java:logGet(44)) - raft.server.log.force.sync.num = 128 (default)
2021-08-27 12:19:24,807 [pool-700-thread-1] INFO  server.RaftServerConfigKeys (ConfUtils.java:logGet(44)) - raft.server.log.statemachine.data.sync = true (default)
2021-08-27 12:19:24,807 [pool-700-thread-1] INFO  server.RaftServerConfigKeys (ConfUtils.java:logGet(44)) - raft.server.log.statemachine.data.sync.timeout = 10s (default)
2021-08-27 12:19:24,807 [pool-700-thread-1] INFO  server.RaftServerConfigKeys (ConfUtils.java:logGet(44)) - raft.server.log.statemachine.data.sync.timeout.retry = -1 (default)
2021-08-27 12:19:24,808 [pool-700-thread-1] INFO  server.RaftServerConfigKeys (ConfUtils.java:logGet(44)) - raft.server.log.write.buffer.size = 1048576 (custom)
2021-08-27 12:19:24,808 [pool-700-thread-1] INFO  server.RaftServerConfigKeys (ConfUtils.java:logGet(44)) - raft.server.log.statemachine.data.caching.enabled = true (custom)
2021-08-27 12:19:24,809 [pool-700-thread-1] INFO  segmented.SegmentedRaftLogWorker (SegmentedRaftLogWorker.java:lambda$new$0(133)) - 1fe13acc-f0f9-4502-98df-9f6d0a8c5d2e@group-D255EA171E03-SegmentedRaftLogWorker: flushIndex: setUnconditionally 0 -> -1
2021-08-27 12:19:24,809 [pool-700-thread-1] INFO  segmented.SegmentedRaftLogWorker (SegmentedRaftLogWorker.java:lambda$new$0(133)) - 1fe13acc-f0f9-4502-98df-9f6d0a8c5d2e@group-D255EA171E03-SegmentedRaftLogWorker: safeCacheEvictIndex: setUnconditionally 0 -> -1
2021-08-27 12:19:24,810 [pool-700-thread-1] INFO  server.RaftServerConfigKeys (ConfUtils.java:logGet(44)) - raft.server.snapshot.auto.trigger.enabled = true (custom)
2021-08-27 12:19:24,810 [pool-700-thread-1] INFO  server.RaftServerConfigKeys (ConfUtils.java:logGet(44)) - raft.server.snapshot.auto.trigger.threshold = 10000 (custom)
2021-08-27 12:19:24,810 [pool-700-thread-1] INFO  server.RaftServerConfigKeys (ConfUtils.java:logGet(44)) - raft.server.snapshot.retention.file.num = 5 (custom)
2021-08-27 12:19:24,810 [pool-700-thread-1] INFO  server.RaftServerConfigKeys (ConfUtils.java:logGet(44)) - raft.server.log.purge.upto.snapshot.index = false (default)
2021-08-27 12:19:24,810 [pool-700-thread-1] INFO  server.RaftServerConfigKeys (ConfUtils.java:logGet(44)) - raft.server.retrycache.expirytime = 600000ms (custom)
2021-08-27 12:19:24,810 [pool-700-thread-1] INFO  server.RaftServerConfigKeys (ConfUtils.java:logGet(44)) - raft.server.retrycache.statistics.expirytime = 100μs (default)
2021-08-27 12:19:24,812 [pool-700-thread-1] INFO  server.RaftServer$Division (RaftServerImpl.java:start(296)) - 1fe13acc-f0f9-4502-98df-9f6d0a8c5d2e@group-D255EA171E03: start as a follower, conf=-1: [1fe13acc-f0f9-4502-98df-9f6d0a8c5d2e|rpc:10.1.0.9:40147|priority:1], old=null
2021-08-27 12:19:24,812 [pool-700-thread-1] INFO  server.RaftServer$Division (RaftServerImpl.java:setRole(285)) - 1fe13acc-f0f9-4502-98df-9f6d0a8c5d2e@group-D255EA171E03: changes role from      null to FOLLOWER at term 0 for startAsFollower
2021-08-27 12:19:24,812 [pool-700-thread-1] INFO  impl.RoleInfo (RoleInfo.java:updateAndGet(130)) - 1fe13acc-f0f9-4502-98df-9f6d0a8c5d2e: start 1fe13acc-f0f9-4502-98df-9f6d0a8c5d2e@group-D255EA171E03-FollowerState
2021-08-27 12:19:24,813 [pool-700-thread-1] INFO  util.JmxRegister (JmxRegister.java:tryRegister(44)) - Successfully registered JMX Bean with object name Ratis:service=RaftServer,group=group-D255EA171E03,id=1fe13acc-f0f9-4502-98df-9f6d0a8c5d2e
2021-08-27 12:19:24,813 [Command processor thread] INFO  ratis.XceiverServerRatis (XceiverServerRatis.java:addGroup(763)) - Created group PipelineID=e5b10fb8-f6c8-4815-9d88-d255ea171e03
2021-08-27 12:19:24,813 [Command processor thread] INFO  commandhandler.CreatePipelineCommandHandler (CreatePipelineCommandHandler.java:handle(106)) - Created Pipeline RATIS ONE PipelineID=e5b10fb8-f6c8-4815-9d88-d255ea171e03.
2021-08-27 12:19:25,731 [Listener at 127.0.0.1/43833] INFO  ozone.MiniOzoneClusterImpl (MiniOzoneClusterImpl.java:lambda$waitForClusterToBeReady$0(235)) - Nodes are ready. Got 9 of 9 DN Heartbeats.
2021-08-27 12:19:25,731 [Listener at 127.0.0.1/43833] INFO  ozone.MiniOzoneClusterImpl (MiniOzoneClusterImpl.java:lambda$waitForClusterToBeReady$0(238)) - Waiting for cluster to exit safe mode
2021-08-27 12:19:25,731 [Listener at 127.0.0.1/43833] INFO  ozone.MiniOzoneClusterImpl (MiniOzoneClusterImpl.java:lambda$waitForClusterToBeReady$0(240)) - SCM became leader
2021-08-27 12:19:26,731 [Listener at 127.0.0.1/43833] INFO  ozone.MiniOzoneClusterImpl (MiniOzoneClusterImpl.java:lambda$waitForClusterToBeReady$0(235)) - Nodes are ready. Got 9 of 9 DN Heartbeats.
2021-08-27 12:19:26,731 [Listener at 127.0.0.1/43833] INFO  ozone.MiniOzoneClusterImpl (MiniOzoneClusterImpl.java:lambda$waitForClusterToBeReady$0(238)) - Waiting for cluster to exit safe mode
2021-08-27 12:19:26,731 [Listener at 127.0.0.1/43833] INFO  ozone.MiniOzoneClusterImpl (MiniOzoneClusterImpl.java:lambda$waitForClusterToBeReady$0(240)) - SCM became leader
2021-08-27 12:19:27,335 [97469cba-ac70-4b4e-8b1d-7d1e4e3cf9ac@group-6AA931AC1D3C-FollowerState] INFO  impl.FollowerState (FollowerState.java:run(134)) - 97469cba-ac70-4b4e-8b1d-7d1e4e3cf9ac@group-6AA931AC1D3C-FollowerState: change to CANDIDATE, lastRpcElapsedTime:5120170779ns, electionTimeout:5118ms
2021-08-27 12:19:27,335 [97469cba-ac70-4b4e-8b1d-7d1e4e3cf9ac@group-6AA931AC1D3C-FollowerState] INFO  impl.RoleInfo (RoleInfo.java:shutdownFollowerState(108)) - 97469cba-ac70-4b4e-8b1d-7d1e4e3cf9ac: shutdown 97469cba-ac70-4b4e-8b1d-7d1e4e3cf9ac@group-6AA931AC1D3C-FollowerState
2021-08-27 12:19:27,335 [97469cba-ac70-4b4e-8b1d-7d1e4e3cf9ac@group-6AA931AC1D3C-FollowerState] INFO  server.RaftServer$Division (RaftServerImpl.java:setRole(285)) - 97469cba-ac70-4b4e-8b1d-7d1e4e3cf9ac@group-6AA931AC1D3C: changes role from  FOLLOWER to CANDIDATE at term 0 for changeToCandidate
2021-08-27 12:19:27,337 [97469cba-ac70-4b4e-8b1d-7d1e4e3cf9ac@group-6AA931AC1D3C-FollowerState] INFO  server.RaftServerConfigKeys (ConfUtils.java:logGet(44)) - raft.server.leaderelection.pre-vote = false (custom)
2021-08-27 12:19:27,337 [97469cba-ac70-4b4e-8b1d-7d1e4e3cf9ac@group-6AA931AC1D3C-FollowerState] INFO  impl.RoleInfo (RoleInfo.java:updateAndGet(130)) - 97469cba-ac70-4b4e-8b1d-7d1e4e3cf9ac: start 97469cba-ac70-4b4e-8b1d-7d1e4e3cf9ac@group-6AA931AC1D3C-LeaderElection55
2021-08-27 12:19:27,347 [f890e39a-5838-4db2-99cf-760c0a4a7b9f@group-6AA931AC1D3C-FollowerState] INFO  impl.FollowerState (FollowerState.java:run(134)) - f890e39a-5838-4db2-99cf-760c0a4a7b9f@group-6AA931AC1D3C-FollowerState: change to CANDIDATE, lastRpcElapsedTime:5052917484ns, electionTimeout:5044ms
2021-08-27 12:19:27,347 [f890e39a-5838-4db2-99cf-760c0a4a7b9f@group-6AA931AC1D3C-FollowerState] INFO  impl.RoleInfo (RoleInfo.java:shutdownFollowerState(108)) - f890e39a-5838-4db2-99cf-760c0a4a7b9f: shutdown f890e39a-5838-4db2-99cf-760c0a4a7b9f@group-6AA931AC1D3C-FollowerState
2021-08-27 12:19:27,347 [f890e39a-5838-4db2-99cf-760c0a4a7b9f@group-6AA931AC1D3C-FollowerState] INFO  server.RaftServer$Division (RaftServerImpl.java:setRole(285)) - f890e39a-5838-4db2-99cf-760c0a4a7b9f@group-6AA931AC1D3C: changes role from  FOLLOWER to CANDIDATE at term 0 for changeToCandidate
2021-08-27 12:19:27,347 [f890e39a-5838-4db2-99cf-760c0a4a7b9f@group-6AA931AC1D3C-FollowerState] INFO  server.RaftServerConfigKeys (ConfUtils.java:logGet(44)) - raft.server.leaderelection.pre-vote = false (custom)
2021-08-27 12:19:27,348 [f890e39a-5838-4db2-99cf-760c0a4a7b9f@group-6AA931AC1D3C-FollowerState] INFO  impl.RoleInfo (RoleInfo.java:updateAndGet(130)) - f890e39a-5838-4db2-99cf-760c0a4a7b9f: start f890e39a-5838-4db2-99cf-760c0a4a7b9f@group-6AA931AC1D3C-LeaderElection56
2021-08-27 12:19:27,356 [97469cba-ac70-4b4e-8b1d-7d1e4e3cf9ac@group-B91BB50F422B-FollowerState] INFO  impl.FollowerState (FollowerState.java:run(134)) - 97469cba-ac70-4b4e-8b1d-7d1e4e3cf9ac@group-B91BB50F422B-FollowerState: change to CANDIDATE, lastRpcElapsedTime:5155840176ns, electionTimeout:5155ms
2021-08-27 12:19:27,357 [97469cba-ac70-4b4e-8b1d-7d1e4e3cf9ac@group-B91BB50F422B-FollowerState] INFO  impl.RoleInfo (RoleInfo.java:shutdownFollowerState(108)) - 97469cba-ac70-4b4e-8b1d-7d1e4e3cf9ac: shutdown 97469cba-ac70-4b4e-8b1d-7d1e4e3cf9ac@group-B91BB50F422B-FollowerState
2021-08-27 12:19:27,357 [97469cba-ac70-4b4e-8b1d-7d1e4e3cf9ac@group-B91BB50F422B-FollowerState] INFO  server.RaftServer$Division (RaftServerImpl.java:setRole(285)) - 97469cba-ac70-4b4e-8b1d-7d1e4e3cf9ac@group-B91BB50F422B: changes role from  FOLLOWER to CANDIDATE at term 0 for changeToCandidate
2021-08-27 12:19:27,357 [97469cba-ac70-4b4e-8b1d-7d1e4e3cf9ac@group-B91BB50F422B-FollowerState] INFO  server.RaftServerConfigKeys (ConfUtils.java:logGet(44)) - raft.server.leaderelection.pre-vote = false (custom)
2021-08-27 12:19:27,357 [97469cba-ac70-4b4e-8b1d-7d1e4e3cf9ac@group-B91BB50F422B-FollowerState] INFO  impl.RoleInfo (RoleInfo.java:updateAndGet(130)) - 97469cba-ac70-4b4e-8b1d-7d1e4e3cf9ac: start 97469cba-ac70-4b4e-8b1d-7d1e4e3cf9ac@group-B91BB50F422B-LeaderElection57
2021-08-27 12:19:27,370 [f890e39a-5838-4db2-99cf-760c0a4a7b9f@group-6AA931AC1D3C-LeaderElection56] INFO  impl.LeaderElection (LeaderElection.java:askForVotes(306)) - f890e39a-5838-4db2-99cf-760c0a4a7b9f@group-6AA931AC1D3C-LeaderElection56 ELECTION round 0: submit vote requests at term 1 for -1: [dd2b24ff-1eae-4a3e-81dc-b04424e7f942|rpc:10.1.0.9:39127|dataStream:|priority:0, f890e39a-5838-4db2-99cf-760c0a4a7b9f|rpc:10.1.0.9:38659|dataStream:|priority:0, 97469cba-ac70-4b4e-8b1d-7d1e4e3cf9ac|rpc:10.1.0.9:36551|dataStream:|priority:1], old=null
2021-08-27 12:19:27,416 [grpc-default-executor-1] INFO  server.RaftServer$Division (RaftServerImpl.java:requestVote(1043)) - dd2b24ff-1eae-4a3e-81dc-b04424e7f942@group-6AA931AC1D3C: receive requestVote(ELECTION, f890e39a-5838-4db2-99cf-760c0a4a7b9f, group-6AA931AC1D3C, 1, (t:0, i:0))
2021-08-27 12:19:27,416 [grpc-default-executor-1] INFO  impl.VoteContext (VoteContext.java:log(48)) - dd2b24ff-1eae-4a3e-81dc-b04424e7f942@group-6AA931AC1D3C-FOLLOWER: accept ELECTION from f890e39a-5838-4db2-99cf-760c0a4a7b9f: our priority 0 <= candidate's priority 0
2021-08-27 12:19:27,417 [grpc-default-executor-1] INFO  server.RaftServer$Division (RaftServerImpl.java:setRole(285)) - dd2b24ff-1eae-4a3e-81dc-b04424e7f942@group-6AA931AC1D3C: changes role from  FOLLOWER to FOLLOWER at term 1 for candidate:f890e39a-5838-4db2-99cf-760c0a4a7b9f
2021-08-27 12:19:27,417 [grpc-default-executor-1] INFO  impl.RoleInfo (RoleInfo.java:shutdownFollowerState(108)) - dd2b24ff-1eae-4a3e-81dc-b04424e7f942: shutdown dd2b24ff-1eae-4a3e-81dc-b04424e7f942@group-6AA931AC1D3C-FollowerState
2021-08-27 12:19:27,417 [grpc-default-executor-1] INFO  impl.RoleInfo (RoleInfo.java:updateAndGet(130)) - dd2b24ff-1eae-4a3e-81dc-b04424e7f942: start dd2b24ff-1eae-4a3e-81dc-b04424e7f942@group-6AA931AC1D3C-FollowerState
2021-08-27 12:19:27,417 [dd2b24ff-1eae-4a3e-81dc-b04424e7f942@group-6AA931AC1D3C-FollowerState] INFO  impl.FollowerState (FollowerState.java:run(143)) - dd2b24ff-1eae-4a3e-81dc-b04424e7f942@group-6AA931AC1D3C-FollowerState was interrupted: {}
java.lang.InterruptedException: sleep interrupted
	at java.lang.Thread.sleep(Native Method)
	at java.lang.Thread.sleep(Thread.java:340)
	at java.util.concurrent.TimeUnit.sleep(TimeUnit.java:386)
	at org.apache.ratis.util.TimeDuration.sleep(TimeDuration.java:324)
	at org.apache.ratis.util.TimeDuration.sleep(TimeDuration.java:309)
	at org.apache.ratis.server.impl.FollowerState.run(FollowerState.java:118)
2021-08-27 12:19:27,417 [grpc-default-executor-0] INFO  server.RaftServer$Division (RaftServerImpl.java:requestVote(1043)) - 97469cba-ac70-4b4e-8b1d-7d1e4e3cf9ac@group-6AA931AC1D3C: receive requestVote(ELECTION, f890e39a-5838-4db2-99cf-760c0a4a7b9f, group-6AA931AC1D3C, 1, (t:0, i:0))
2021-08-27 12:19:27,417 [grpc-default-executor-0] INFO  impl.VoteContext (VoteContext.java:log(48)) - 97469cba-ac70-4b4e-8b1d-7d1e4e3cf9ac@group-6AA931AC1D3C-CANDIDATE: reject ELECTION from f890e39a-5838-4db2-99cf-760c0a4a7b9f: our priority 1 > candidate's priority 0
2021-08-27 12:19:27,417 [grpc-default-executor-0] INFO  server.RaftServer$Division (RaftServerImpl.java:setRole(285)) - 97469cba-ac70-4b4e-8b1d-7d1e4e3cf9ac@group-6AA931AC1D3C: changes role from CANDIDATE to FOLLOWER at term 1 for candidate:f890e39a-5838-4db2-99cf-760c0a4a7b9f
2021-08-27 12:19:27,417 [grpc-default-executor-0] INFO  impl.RoleInfo (RoleInfo.java:shutdownLeaderElection(121)) - 97469cba-ac70-4b4e-8b1d-7d1e4e3cf9ac: shutdown 97469cba-ac70-4b4e-8b1d-7d1e4e3cf9ac@group-6AA931AC1D3C-LeaderElection55
2021-08-27 12:19:27,438 [grpc-default-executor-0] INFO  impl.RoleInfo (RoleInfo.java:updateAndGet(130)) - 97469cba-ac70-4b4e-8b1d-7d1e4e3cf9ac: start 97469cba-ac70-4b4e-8b1d-7d1e4e3cf9ac@group-6AA931AC1D3C-FollowerState
2021-08-27 12:19:27,442 [grpc-default-executor-0] INFO  server.RaftServer$Division (RaftServerImpl.java:requestVote(1075)) - 97469cba-ac70-4b4e-8b1d-7d1e4e3cf9ac@group-6AA931AC1D3C replies to ELECTION vote request: f890e39a-5838-4db2-99cf-760c0a4a7b9f<-97469cba-ac70-4b4e-8b1d-7d1e4e3cf9ac#0:FAIL-t1. Peer's state: 97469cba-ac70-4b4e-8b1d-7d1e4e3cf9ac@group-6AA931AC1D3C:t1, leader=null, voted=null, raftlog=97469cba-ac70-4b4e-8b1d-7d1e4e3cf9ac@group-6AA931AC1D3C-SegmentedRaftLog:OPENED:c-1,f-1,i0, conf=-1: [dd2b24ff-1eae-4a3e-81dc-b04424e7f942|rpc:10.1.0.9:39127|priority:0, f890e39a-5838-4db2-99cf-760c0a4a7b9f|rpc:10.1.0.9:38659|priority:0, 97469cba-ac70-4b4e-8b1d-7d1e4e3cf9ac|rpc:10.1.0.9:36551|priority:1], old=null
2021-08-27 12:19:27,444 [grpc-default-executor-1] INFO  server.RaftServer$Division (RaftServerImpl.java:requestVote(1075)) - dd2b24ff-1eae-4a3e-81dc-b04424e7f942@group-6AA931AC1D3C replies to ELECTION vote request: f890e39a-5838-4db2-99cf-760c0a4a7b9f<-dd2b24ff-1eae-4a3e-81dc-b04424e7f942#0:OK-t1. Peer's state: dd2b24ff-1eae-4a3e-81dc-b04424e7f942@group-6AA931AC1D3C:t1, leader=null, voted=f890e39a-5838-4db2-99cf-760c0a4a7b9f, raftlog=dd2b24ff-1eae-4a3e-81dc-b04424e7f942@group-6AA931AC1D3C-SegmentedRaftLog:OPENED:c-1,f-1,i0, conf=-1: [dd2b24ff-1eae-4a3e-81dc-b04424e7f942|rpc:10.1.0.9:39127|dataStream:|priority:0, f890e39a-5838-4db2-99cf-760c0a4a7b9f|rpc:10.1.0.9:38659|dataStream:|priority:0, 97469cba-ac70-4b4e-8b1d-7d1e4e3cf9ac|rpc:10.1.0.9:36551|dataStream:|priority:1], old=null
2021-08-27 12:19:27,445 [f890e39a-5838-4db2-99cf-760c0a4a7b9f@group-6AA931AC1D3C-LeaderElection56] INFO  impl.LeaderElection (LeaderElection.java:logAndReturn(89)) - f890e39a-5838-4db2-99cf-760c0a4a7b9f@group-6AA931AC1D3C-LeaderElection56: ELECTION REJECTED received 1 response(s) and 0 exception(s):
2021-08-27 12:19:27,445 [f890e39a-5838-4db2-99cf-760c0a4a7b9f@group-6AA931AC1D3C-LeaderElection56] INFO  impl.LeaderElection (LeaderElection.java:logAndReturn(93)) -   Response 0: f890e39a-5838-4db2-99cf-760c0a4a7b9f<-97469cba-ac70-4b4e-8b1d-7d1e4e3cf9ac#0:FAIL-t1
2021-08-27 12:19:27,445 [f890e39a-5838-4db2-99cf-760c0a4a7b9f@group-6AA931AC1D3C-LeaderElection56] INFO  impl.LeaderElection (LeaderElection.java:askForVotes(308)) - f890e39a-5838-4db2-99cf-760c0a4a7b9f@group-6AA931AC1D3C-LeaderElection56 ELECTION round 0: result REJECTED
2021-08-27 12:19:27,445 [f890e39a-5838-4db2-99cf-760c0a4a7b9f@group-6AA931AC1D3C-LeaderElection56] INFO  server.RaftServer$Division (RaftServerImpl.java:setRole(285)) - f890e39a-5838-4db2-99cf-760c0a4a7b9f@group-6AA931AC1D3C: changes role from CANDIDATE to FOLLOWER at term 1 for REJECTED
2021-08-27 12:19:27,445 [f890e39a-5838-4db2-99cf-760c0a4a7b9f@group-6AA931AC1D3C-LeaderElection56] INFO  impl.RoleInfo (RoleInfo.java:shutdownLeaderElection(121)) - f890e39a-5838-4db2-99cf-760c0a4a7b9f: shutdown f890e39a-5838-4db2-99cf-760c0a4a7b9f@group-6AA931AC1D3C-LeaderElection56
2021-08-27 12:19:27,445 [f890e39a-5838-4db2-99cf-760c0a4a7b9f@group-6AA931AC1D3C-LeaderElection56] INFO  impl.RoleInfo (RoleInfo.java:updateAndGet(130)) - f890e39a-5838-4db2-99cf-760c0a4a7b9f: start f890e39a-5838-4db2-99cf-760c0a4a7b9f@group-6AA931AC1D3C-FollowerState
2021-08-27 12:19:27,446 [97469cba-ac70-4b4e-8b1d-7d1e4e3cf9ac@group-B91BB50F422B-LeaderElection57] INFO  impl.LeaderElection (LeaderElection.java:askForVotes(306)) - 97469cba-ac70-4b4e-8b1d-7d1e4e3cf9ac@group-B91BB50F422B-LeaderElection57 ELECTION round 0: submit vote requests at term 1 for -1: [97469cba-ac70-4b4e-8b1d-7d1e4e3cf9ac|rpc:10.1.0.9:36551|priority:1], old=null
2021-08-27 12:19:27,446 [97469cba-ac70-4b4e-8b1d-7d1e4e3cf9ac@group-B91BB50F422B-LeaderElection57] INFO  impl.LeaderElection (LeaderElection.java:askForVotes(308)) - 97469cba-ac70-4b4e-8b1d-7d1e4e3cf9ac@group-B91BB50F422B-LeaderElection57 ELECTION round 0: result PASSED (term=1)
2021-08-27 12:19:27,446 [97469cba-ac70-4b4e-8b1d-7d1e4e3cf9ac@group-B91BB50F422B-LeaderElection57] INFO  impl.RoleInfo (RoleInfo.java:shutdownLeaderElection(121)) - 97469cba-ac70-4b4e-8b1d-7d1e4e3cf9ac: shutdown 97469cba-ac70-4b4e-8b1d-7d1e4e3cf9ac@group-B91BB50F422B-LeaderElection57
2021-08-27 12:19:27,446 [97469cba-ac70-4b4e-8b1d-7d1e4e3cf9ac@group-B91BB50F422B-LeaderElection57] INFO  server.RaftServer$Division (RaftServerImpl.java:setRole(285)) - 97469cba-ac70-4b4e-8b1d-7d1e4e3cf9ac@group-B91BB50F422B: changes role from CANDIDATE to LEADER at term 1 for changeToLeader
2021-08-27 12:19:27,446 [97469cba-ac70-4b4e-8b1d-7d1e4e3cf9ac@group-B91BB50F422B-LeaderElection57] INFO  ratis.XceiverServerRatis (XceiverServerRatis.java:handleLeaderChangedNotification(861)) - Leader change notification received for group: group-B91BB50F422B with new leaderId: 97469cba-ac70-4b4e-8b1d-7d1e4e3cf9ac
2021-08-27 12:19:27,465 [97469cba-ac70-4b4e-8b1d-7d1e4e3cf9ac@group-B91BB50F422B-LeaderElection57] INFO  server.RaftServer$Division (ServerState.java:setLeader(285)) - 97469cba-ac70-4b4e-8b1d-7d1e4e3cf9ac@group-B91BB50F422B: change Leader from null to 97469cba-ac70-4b4e-8b1d-7d1e4e3cf9ac at term 1 for becomeLeader, leader elected after 5278ms
2021-08-27 12:19:27,465 [97469cba-ac70-4b4e-8b1d-7d1e4e3cf9ac@group-B91BB50F422B-LeaderElection57] INFO  server.RaftServerConfigKeys (ConfUtils.java:logGet(44)) - raft.server.staging.catchup.gap = 1000 (default)
2021-08-27 12:19:27,465 [97469cba-ac70-4b4e-8b1d-7d1e4e3cf9ac@group-B91BB50F422B-LeaderElection57] INFO  server.RaftServerConfigKeys (ConfUtils.java:logGet(44)) - raft.server.write.element-limit = 1024 (custom)
2021-08-27 12:19:27,465 [97469cba-ac70-4b4e-8b1d-7d1e4e3cf9ac@group-B91BB50F422B-LeaderElection57] INFO  server.RaftServerConfigKeys (ConfUtils.java:logGet(44)) - raft.server.write.byte-limit = 1024 M (=1073741824) (custom)
2021-08-27 12:19:27,466 [Datanode State Machine Thread - 0] WARN  statemachine.StateContext (StateContext.java:execute(621)) - No available thread in pool for past 1 seconds.
2021-08-27 12:19:27,467 [EventQueue-OpenPipelineForHealthyPipelineSafeModeRule] INFO  safemode.SCMSafeModeManager (HealthyPipelineSafeModeRule.java:process(124)) - SCM in safe mode. Healthy pipelines reported count is 0, required healthy pipeline reported count is 1
2021-08-27 12:19:27,467 [97469cba-ac70-4b4e-8b1d-7d1e4e3cf9ac@group-B91BB50F422B-LeaderElection57] INFO  server.RaftServerConfigKeys (ConfUtils.java:logGet(44)) - raft.server.watch.timeout = 3000ms (custom)
2021-08-27 12:19:27,467 [97469cba-ac70-4b4e-8b1d-7d1e4e3cf9ac@group-B91BB50F422B-LeaderElection57] INFO  server.RaftServerConfigKeys (ConfUtils.java:logGet(44)) - raft.server.watch.timeout.denomination = 1s (default)
2021-08-27 12:19:27,467 [97469cba-ac70-4b4e-8b1d-7d1e4e3cf9ac@group-B91BB50F422B-LeaderElection57] INFO  server.RaftServerConfigKeys (ConfUtils.java:logGet(44)) - raft.server.watch.element-limit = 65536 (default)
2021-08-27 12:19:27,467 [97469cba-ac70-4b4e-8b1d-7d1e4e3cf9ac@group-B91BB50F422B-LeaderElection57] INFO  impl.RoleInfo (RoleInfo.java:updateAndGet(130)) - 97469cba-ac70-4b4e-8b1d-7d1e4e3cf9ac: start 97469cba-ac70-4b4e-8b1d-7d1e4e3cf9ac@group-B91BB50F422B-LeaderStateImpl
2021-08-27 12:19:27,468 [97469cba-ac70-4b4e-8b1d-7d1e4e3cf9ac@group-B91BB50F422B-LeaderElection57] INFO  segmented.SegmentedRaftLogWorker (SegmentedRaftLogWorker.java:startLogSegment(394)) - 97469cba-ac70-4b4e-8b1d-7d1e4e3cf9ac@group-B91BB50F422B-SegmentedRaftLogWorker: Starting segment from index:0
2021-08-27 12:19:27,470 [97469cba-ac70-4b4e-8b1d-7d1e4e3cf9ac@group-B91BB50F422B-SegmentedRaftLogWorker] INFO  segmented.SegmentedRaftLogWorker (SegmentedRaftLogWorker.java:execute(601)) - 97469cba-ac70-4b4e-8b1d-7d1e4e3cf9ac@group-B91BB50F422B-SegmentedRaftLogWorker: created new log segment /home/runner/work/ozone/ozone/hadoop-ozone/integration-test/target/test-dir/MiniOzoneClusterImpl-595ad429-f938-4b04-a1e1-fbbc785922f0/datanode-0/data/ratis/5fa11995-2f58-4a86-a79b-b91bb50f422b/current/log_inprogress_0
2021-08-27 12:19:27,483 [97469cba-ac70-4b4e-8b1d-7d1e4e3cf9ac@group-B91BB50F422B-LeaderElection57] INFO  server.RaftServer$Division (ServerState.java:setRaftConf(387)) - 97469cba-ac70-4b4e-8b1d-7d1e4e3cf9ac@group-B91BB50F422B: set configuration 0: [97469cba-ac70-4b4e-8b1d-7d1e4e3cf9ac|rpc:10.1.0.9:36551|dataStream:|priority:1], old=null
2021-08-27 12:19:27,531 [f890e39a-5838-4db2-99cf-760c0a4a7b9f@group-A0FC95479FB1-FollowerState] INFO  impl.FollowerState (FollowerState.java:run(134)) - f890e39a-5838-4db2-99cf-760c0a4a7b9f@group-A0FC95479FB1-FollowerState: change to CANDIDATE, lastRpcElapsedTime:5004918187ns, electionTimeout:5004ms
2021-08-27 12:19:27,531 [f890e39a-5838-4db2-99cf-760c0a4a7b9f@group-A0FC95479FB1-FollowerState] INFO  impl.RoleInfo (RoleInfo.java:shutdownFollowerState(108)) - f890e39a-5838-4db2-99cf-760c0a4a7b9f: shutdown f890e39a-5838-4db2-99cf-760c0a4a7b9f@group-A0FC95479FB1-FollowerState
2021-08-27 12:19:27,531 [f890e39a-5838-4db2-99cf-760c0a4a7b9f@group-A0FC95479FB1-FollowerState] INFO  server.RaftServer$Division (RaftServerImpl.java:setRole(285)) - f890e39a-5838-4db2-99cf-760c0a4a7b9f@group-A0FC95479FB1: changes role from  FOLLOWER to CANDIDATE at term 0 for changeToCandidate
2021-08-27 12:19:27,531 [f890e39a-5838-4db2-99cf-760c0a4a7b9f@group-A0FC95479FB1-FollowerState] INFO  server.RaftServerConfigKeys (ConfUtils.java:logGet(44)) - raft.server.leaderelection.pre-vote = false (custom)
2021-08-27 12:19:27,531 [f890e39a-5838-4db2-99cf-760c0a4a7b9f@group-A0FC95479FB1-FollowerState] INFO  impl.RoleInfo (RoleInfo.java:updateAndGet(130)) - f890e39a-5838-4db2-99cf-760c0a4a7b9f: start f890e39a-5838-4db2-99cf-760c0a4a7b9f@group-A0FC95479FB1-LeaderElection58
2021-08-27 12:19:27,545 [f890e39a-5838-4db2-99cf-760c0a4a7b9f@group-A0FC95479FB1-LeaderElection58] INFO  impl.LeaderElection (LeaderElection.java:askForVotes(306)) - f890e39a-5838-4db2-99cf-760c0a4a7b9f@group-A0FC95479FB1-LeaderElection58 ELECTION round 0: submit vote requests at term 1 for -1: [f890e39a-5838-4db2-99cf-760c0a4a7b9f|rpc:10.1.0.9:38659|priority:1], old=null
2021-08-27 12:19:27,545 [f890e39a-5838-4db2-99cf-760c0a4a7b9f@group-A0FC95479FB1-LeaderElection58] INFO  impl.LeaderElection (LeaderElection.java:askForVotes(308)) - f890e39a-5838-4db2-99cf-760c0a4a7b9f@group-A0FC95479FB1-LeaderElection58 ELECTION round 0: result PASSED (term=1)
2021-08-27 12:19:27,546 [f890e39a-5838-4db2-99cf-760c0a4a7b9f@group-A0FC95479FB1-LeaderElection58] INFO  impl.RoleInfo (RoleInfo.java:shutdownLeaderElection(121)) - f890e39a-5838-4db2-99cf-760c0a4a7b9f: shutdown f890e39a-5838-4db2-99cf-760c0a4a7b9f@group-A0FC95479FB1-LeaderElection58
2021-08-27 12:19:27,546 [f890e39a-5838-4db2-99cf-760c0a4a7b9f@group-A0FC95479FB1-LeaderElection58] INFO  server.RaftServer$Division (RaftServerImpl.java:setRole(285)) - f890e39a-5838-4db2-99cf-760c0a4a7b9f@group-A0FC95479FB1: changes role from CANDIDATE to LEADER at term 1 for changeToLeader
2021-08-27 12:19:27,546 [f890e39a-5838-4db2-99cf-760c0a4a7b9f@group-A0FC95479FB1-LeaderElection58] INFO  ratis.XceiverServerRatis (XceiverServerRatis.java:handleLeaderChangedNotification(861)) - Leader change notification received for group: group-A0FC95479FB1 with new leaderId: f890e39a-5838-4db2-99cf-760c0a4a7b9f
2021-08-27 12:19:27,546 [f890e39a-5838-4db2-99cf-760c0a4a7b9f@group-A0FC95479FB1-LeaderElection58] INFO  server.RaftServer$Division (ServerState.java:setLeader(285)) - f890e39a-5838-4db2-99cf-760c0a4a7b9f@group-A0FC95479FB1: change Leader from null to f890e39a-5838-4db2-99cf-760c0a4a7b9f at term 1 for becomeLeader, leader elected after 5035ms
2021-08-27 12:19:27,546 [Datanode State Machine Thread - 0] WARN  statemachine.StateContext (StateContext.java:execute(621)) - No available thread in pool for past 1 seconds.
2021-08-27 12:19:27,546 [f890e39a-5838-4db2-99cf-760c0a4a7b9f@group-A0FC95479FB1-LeaderElection58] INFO  server.RaftServerConfigKeys (ConfUtils.java:logGet(44)) - raft.server.staging.catchup.gap = 1000 (default)
2021-08-27 12:19:27,547 [f890e39a-5838-4db2-99cf-760c0a4a7b9f@group-A0FC95479FB1-LeaderElection58] INFO  server.RaftServerConfigKeys (ConfUtils.java:logGet(44)) - raft.server.write.element-limit = 1024 (custom)
2021-08-27 12:19:27,547 [EventQueue-OpenPipelineForHealthyPipelineSafeModeRule] INFO  safemode.SCMSafeModeManager (HealthyPipelineSafeModeRule.java:process(124)) - SCM in safe mode. Healthy pipelines reported count is 0, required healthy pipeline reported count is 1
2021-08-27 12:19:27,547 [f890e39a-5838-4db2-99cf-760c0a4a7b9f@group-A0FC95479FB1-LeaderElection58] INFO  server.RaftServerConfigKeys (ConfUtils.java:logGet(44)) - raft.server.write.byte-limit = 1024 M (=1073741824) (custom)
2021-08-27 12:19:27,547 [f890e39a-5838-4db2-99cf-760c0a4a7b9f@group-A0FC95479FB1-LeaderElection58] INFO  server.RaftServerConfigKeys (ConfUtils.java:logGet(44)) - raft.server.watch.timeout = 3000ms (custom)
2021-08-27 12:19:27,548 [f890e39a-5838-4db2-99cf-760c0a4a7b9f@group-A0FC95479FB1-LeaderElection58] INFO  server.RaftServerConfigKeys (ConfUtils.java:logGet(44)) - raft.server.watch.timeout.denomination = 1s (default)
2021-08-27 12:19:27,548 [f890e39a-5838-4db2-99cf-760c0a4a7b9f@group-A0FC95479FB1-LeaderElection58] INFO  server.RaftServerConfigKeys (ConfUtils.java:logGet(44)) - raft.server.watch.element-limit = 65536 (default)
2021-08-27 12:19:27,548 [f890e39a-5838-4db2-99cf-760c0a4a7b9f@group-A0FC95479FB1-LeaderElection58] INFO  impl.RoleInfo (RoleInfo.java:updateAndGet(130)) - f890e39a-5838-4db2-99cf-760c0a4a7b9f: start f890e39a-5838-4db2-99cf-760c0a4a7b9f@group-A0FC95479FB1-LeaderStateImpl
2021-08-27 12:19:27,548 [f890e39a-5838-4db2-99cf-760c0a4a7b9f@group-A0FC95479FB1-LeaderElection58] INFO  segmented.SegmentedRaftLogWorker (SegmentedRaftLogWorker.java:startLogSegment(394)) - f890e39a-5838-4db2-99cf-760c0a4a7b9f@group-A0FC95479FB1-SegmentedRaftLogWorker: Starting segment from index:0
2021-08-27 12:19:27,550 [f890e39a-5838-4db2-99cf-760c0a4a7b9f@group-A0FC95479FB1-SegmentedRaftLogWorker] INFO  segmented.SegmentedRaftLogWorker (SegmentedRaftLogWorker.java:execute(601)) - f890e39a-5838-4db2-99cf-760c0a4a7b9f@group-A0FC95479FB1-SegmentedRaftLogWorker: created new log segment /home/runner/work/ozone/ozone/hadoop-ozone/integration-test/target/test-dir/MiniOzoneClusterImpl-595ad429-f938-4b04-a1e1-fbbc785922f0/datanode-1/data/ratis/9f328766-b087-46a9-b866-a0fc95479fb1/current/log_inprogress_0
2021-08-27 12:19:27,555 [f890e39a-5838-4db2-99cf-760c0a4a7b9f@group-A0FC95479FB1-LeaderElection58] INFO  server.RaftServer$Division (ServerState.java:setRaftConf(387)) - f890e39a-5838-4db2-99cf-760c0a4a7b9f@group-A0FC95479FB1: set configuration 0: [f890e39a-5838-4db2-99cf-760c0a4a7b9f|rpc:10.1.0.9:38659|dataStream:|priority:1], old=null
2021-08-27 12:19:27,732 [Listener at 127.0.0.1/43833] INFO  ozone.MiniOzoneClusterImpl (MiniOzoneClusterImpl.java:lambda$waitForClusterToBeReady$0(235)) - Nodes are ready. Got 9 of 9 DN Heartbeats.
2021-08-27 12:19:27,732 [Listener at 127.0.0.1/43833] INFO  ozone.MiniOzoneClusterImpl (MiniOzoneClusterImpl.java:lambda$waitForClusterToBeReady$0(238)) - Waiting for cluster to exit safe mode
2021-08-27 12:19:27,732 [Listener at 127.0.0.1/43833] INFO  ozone.MiniOzoneClusterImpl (MiniOzoneClusterImpl.java:lambda$waitForClusterToBeReady$0(240)) - SCM became leader
2021-08-27 12:19:27,950 [dd2b24ff-1eae-4a3e-81dc-b04424e7f942@group-4BA538602507-FollowerState] INFO  impl.FollowerState (FollowerState.java:run(134)) - dd2b24ff-1eae-4a3e-81dc-b04424e7f942@group-4BA538602507-FollowerState: change to CANDIDATE, lastRpcElapsedTime:5091527678ns, electionTimeout:5088ms
2021-08-27 12:19:27,951 [dd2b24ff-1eae-4a3e-81dc-b04424e7f942@group-4BA538602507-FollowerState] INFO  impl.RoleInfo (RoleInfo.java:shutdownFollowerState(108)) - dd2b24ff-1eae-4a3e-81dc-b04424e7f942: shutdown dd2b24ff-1eae-4a3e-81dc-b04424e7f942@group-4BA538602507-FollowerState
2021-08-27 12:19:27,951 [dd2b24ff-1eae-4a3e-81dc-b04424e7f942@group-4BA538602507-FollowerState] INFO  server.RaftServer$Division (RaftServerImpl.java:setRole(285)) - dd2b24ff-1eae-4a3e-81dc-b04424e7f942@group-4BA538602507: changes role from  FOLLOWER to CANDIDATE at term 0 for changeToCandidate
2021-08-27 12:19:27,952 [dd2b24ff-1eae-4a3e-81dc-b04424e7f942@group-4BA538602507-FollowerState] INFO  server.RaftServerConfigKeys (ConfUtils.java:logGet(44)) - raft.server.leaderelection.pre-vote = false (custom)
2021-08-27 12:19:27,952 [dd2b24ff-1eae-4a3e-81dc-b04424e7f942@group-4BA538602507-FollowerState] INFO  impl.RoleInfo (RoleInfo.java:updateAndGet(130)) - dd2b24ff-1eae-4a3e-81dc-b04424e7f942: start dd2b24ff-1eae-4a3e-81dc-b04424e7f942@group-4BA538602507-LeaderElection59
2021-08-27 12:19:27,976 [dd2b24ff-1eae-4a3e-81dc-b04424e7f942@group-4BA538602507-LeaderElection59] INFO  impl.LeaderElection (LeaderElection.java:askForVotes(306)) - dd2b24ff-1eae-4a3e-81dc-b04424e7f942@group-4BA538602507-LeaderElection59 ELECTION round 0: submit vote requests at term 1 for -1: [dd2b24ff-1eae-4a3e-81dc-b04424e7f942|rpc:10.1.0.9:39127|priority:1], old=null
2021-08-27 12:19:27,976 [dd2b24ff-1eae-4a3e-81dc-b04424e7f942@group-4BA538602507-LeaderElection59] INFO  impl.LeaderElection (LeaderElection.java:askForVotes(308)) - dd2b24ff-1eae-4a3e-81dc-b04424e7f942@group-4BA538602507-LeaderElection59 ELECTION round 0: result PASSED (term=1)
2021-08-27 12:19:27,976 [dd2b24ff-1eae-4a3e-81dc-b04424e7f942@group-4BA538602507-LeaderElection59] INFO  impl.RoleInfo (RoleInfo.java:shutdownLeaderElection(121)) - dd2b24ff-1eae-4a3e-81dc-b04424e7f942: shutdown dd2b24ff-1eae-4a3e-81dc-b04424e7f942@group-4BA538602507-LeaderElection59
2021-08-27 12:19:27,976 [dd2b24ff-1eae-4a3e-81dc-b04424e7f942@group-4BA538602507-LeaderElection59] INFO  server.RaftServer$Division (RaftServerImpl.java:setRole(285)) - dd2b24ff-1eae-4a3e-81dc-b04424e7f942@group-4BA538602507: changes role from CANDIDATE to LEADER at term 1 for changeToLeader
2021-08-27 12:19:27,976 [dd2b24ff-1eae-4a3e-81dc-b04424e7f942@group-4BA538602507-LeaderElection59] INFO  ratis.XceiverServerRatis (XceiverServerRatis.java:handleLeaderChangedNotification(861)) - Leader change notification received for group: group-4BA538602507 with new leaderId: dd2b24ff-1eae-4a3e-81dc-b04424e7f942
2021-08-27 12:19:27,977 [dd2b24ff-1eae-4a3e-81dc-b04424e7f942@group-4BA538602507-LeaderElection59] INFO  server.RaftServer$Division (ServerState.java:setLeader(285)) - dd2b24ff-1eae-4a3e-81dc-b04424e7f942@group-4BA538602507: change Leader from null to dd2b24ff-1eae-4a3e-81dc-b04424e7f942 at term 1 for becomeLeader, leader elected after 5123ms
2021-08-27 12:19:27,977 [dd2b24ff-1eae-4a3e-81dc-b04424e7f942@group-4BA538602507-LeaderElection59] INFO  server.RaftServerConfigKeys (ConfUtils.java:logGet(44)) - raft.server.staging.catchup.gap = 1000 (default)
2021-08-27 12:19:27,977 [Datanode State Machine Thread - 0] WARN  statemachine.StateContext (StateContext.java:execute(621)) - No available thread in pool for past 1 seconds.
2021-08-27 12:19:27,977 [dd2b24ff-1eae-4a3e-81dc-b04424e7f942@group-4BA538602507-LeaderElection59] INFO  server.RaftServerConfigKeys (ConfUtils.java:logGet(44)) - raft.server.write.element-limit = 1024 (custom)
2021-08-27 12:19:27,977 [dd2b24ff-1eae-4a3e-81dc-b04424e7f942@group-4BA538602507-LeaderElection59] INFO  server.RaftServerConfigKeys (ConfUtils.java:logGet(44)) - raft.server.write.byte-limit = 1024 M (=1073741824) (custom)
2021-08-27 12:19:27,978 [EventQueue-OpenPipelineForHealthyPipelineSafeModeRule] INFO  safemode.SCMSafeModeManager (HealthyPipelineSafeModeRule.java:process(124)) - SCM in safe mode. Healthy pipelines reported count is 0, required healthy pipeline reported count is 1
2021-08-27 12:19:27,985 [dd2b24ff-1eae-4a3e-81dc-b04424e7f942@group-4BA538602507-LeaderElection59] INFO  server.RaftServerConfigKeys (ConfUtils.java:logGet(44)) - raft.server.watch.timeout = 3000ms (custom)
2021-08-27 12:19:27,985 [dd2b24ff-1eae-4a3e-81dc-b04424e7f942@group-4BA538602507-LeaderElection59] INFO  server.RaftServerConfigKeys (ConfUtils.java:logGet(44)) - raft.server.watch.timeout.denomination = 1s (default)
2021-08-27 12:19:27,985 [dd2b24ff-1eae-4a3e-81dc-b04424e7f942@group-4BA538602507-LeaderElection59] INFO  server.RaftServerConfigKeys (ConfUtils.java:logGet(44)) - raft.server.watch.element-limit = 65536 (default)
2021-08-27 12:19:27,985 [dd2b24ff-1eae-4a3e-81dc-b04424e7f942@group-4BA538602507-LeaderElection59] INFO  impl.RoleInfo (RoleInfo.java:updateAndGet(130)) - dd2b24ff-1eae-4a3e-81dc-b04424e7f942: start dd2b24ff-1eae-4a3e-81dc-b04424e7f942@group-4BA538602507-LeaderStateImpl
2021-08-27 12:19:27,985 [dd2b24ff-1eae-4a3e-81dc-b04424e7f942@group-4BA538602507-LeaderElection59] INFO  segmented.SegmentedRaftLogWorker (SegmentedRaftLogWorker.java:startLogSegment(394)) - dd2b24ff-1eae-4a3e-81dc-b04424e7f942@group-4BA538602507-SegmentedRaftLogWorker: Starting segment from index:0
2021-08-27 12:19:27,987 [dd2b24ff-1eae-4a3e-81dc-b04424e7f942@group-4BA538602507-SegmentedRaftLogWorker] INFO  segmented.SegmentedRaftLogWorker (SegmentedRaftLogWorker.java:execute(601)) - dd2b24ff-1eae-4a3e-81dc-b04424e7f942@group-4BA538602507-SegmentedRaftLogWorker: created new log segment /home/runner/work/ozone/ozone/hadoop-ozone/integration-test/target/test-dir/MiniOzoneClusterImpl-595ad429-f938-4b04-a1e1-fbbc785922f0/datanode-2/data/ratis/61a619c2-92f5-4d96-96f4-4ba538602507/current/log_inprogress_0
2021-08-27 12:19:28,001 [dd2b24ff-1eae-4a3e-81dc-b04424e7f942@group-4BA538602507-LeaderElection59] INFO  server.RaftServer$Division (ServerState.java:setRaftConf(387)) - dd2b24ff-1eae-4a3e-81dc-b04424e7f942@group-4BA538602507: set configuration 0: [dd2b24ff-1eae-4a3e-81dc-b04424e7f942|rpc:10.1.0.9:39127|dataStream:|priority:1], old=null
2021-08-27 12:19:28,201 [1627f0ec-3267-4946-a770-cb64d6080904@group-1D7C0AFAD1C5-FollowerState] INFO  impl.FollowerState (FollowerState.java:run(134)) - 1627f0ec-3267-4946-a770-cb64d6080904@group-1D7C0AFAD1C5-FollowerState: change to CANDIDATE, lastRpcElapsedTime:5035755481ns, electionTimeout:5034ms
2021-08-27 12:19:28,201 [1627f0ec-3267-4946-a770-cb64d6080904@group-1D7C0AFAD1C5-FollowerState] INFO  impl.RoleInfo (RoleInfo.java:shutdownFollowerState(108)) - 1627f0ec-3267-4946-a770-cb64d6080904: shutdown 1627f0ec-3267-4946-a770-cb64d6080904@group-1D7C0AFAD1C5-FollowerState
2021-08-27 12:19:28,201 [1627f0ec-3267-4946-a770-cb64d6080904@group-1D7C0AFAD1C5-FollowerState] INFO  server.RaftServer$Division (RaftServerImpl.java:setRole(285)) - 1627f0ec-3267-4946-a770-cb64d6080904@group-1D7C0AFAD1C5: changes role from  FOLLOWER to CANDIDATE at term 0 for changeToCandidate
2021-08-27 12:19:28,203 [1627f0ec-3267-4946-a770-cb64d6080904@group-1D7C0AFAD1C5-FollowerState] INFO  server.RaftServerConfigKeys (ConfUtils.java:logGet(44)) - raft.server.leaderelection.pre-vote = false (custom)
2021-08-27 12:19:28,203 [1627f0ec-3267-4946-a770-cb64d6080904@group-1D7C0AFAD1C5-FollowerState] INFO  impl.RoleInfo (RoleInfo.java:updateAndGet(130)) - 1627f0ec-3267-4946-a770-cb64d6080904: start 1627f0ec-3267-4946-a770-cb64d6080904@group-1D7C0AFAD1C5-LeaderElection60
2021-08-27 12:19:28,224 [1627f0ec-3267-4946-a770-cb64d6080904@group-1D7C0AFAD1C5-LeaderElection60] INFO  impl.LeaderElection (LeaderElection.java:askForVotes(306)) - 1627f0ec-3267-4946-a770-cb64d6080904@group-1D7C0AFAD1C5-LeaderElection60 ELECTION round 0: submit vote requests at term 1 for -1: [1627f0ec-3267-4946-a770-cb64d6080904|rpc:10.1.0.9:39909|priority:1], old=null
2021-08-27 12:19:28,224 [1627f0ec-3267-4946-a770-cb64d6080904@group-1D7C0AFAD1C5-LeaderElection60] INFO  impl.LeaderElection (LeaderElection.java:askForVotes(308)) - 1627f0ec-3267-4946-a770-cb64d6080904@group-1D7C0AFAD1C5-LeaderElection60 ELECTION round 0: result PASSED (term=1)
2021-08-27 12:19:28,224 [1627f0ec-3267-4946-a770-cb64d6080904@group-1D7C0AFAD1C5-LeaderElection60] INFO  impl.RoleInfo (RoleInfo.java:shutdownLeaderElection(121)) - 1627f0ec-3267-4946-a770-cb64d6080904: shutdown 1627f0ec-3267-4946-a770-cb64d6080904@group-1D7C0AFAD1C5-LeaderElection60
2021-08-27 12:19:28,224 [1627f0ec-3267-4946-a770-cb64d6080904@group-1D7C0AFAD1C5-LeaderElection60] INFO  server.RaftServer$Division (RaftServerImpl.java:setRole(285)) - 1627f0ec-3267-4946-a770-cb64d6080904@group-1D7C0AFAD1C5: changes role from CANDIDATE to LEADER at term 1 for changeToLeader
2021-08-27 12:19:28,224 [1627f0ec-3267-4946-a770-cb64d6080904@group-1D7C0AFAD1C5-LeaderElection60] INFO  ratis.XceiverServerRatis (XceiverServerRatis.java:handleLeaderChangedNotification(861)) - Leader change notification received for group: group-1D7C0AFAD1C5 with new leaderId: 1627f0ec-3267-4946-a770-cb64d6080904
2021-08-27 12:19:28,225 [Datanode State Machine Thread - 0] WARN  statemachine.StateContext (StateContext.java:execute(621)) - No available thread in pool for past 1 seconds.
2021-08-27 12:19:28,230 [EventQueue-OpenPipelineForHealthyPipelineSafeModeRule] INFO  safemode.SCMSafeModeManager (HealthyPipelineSafeModeRule.java:process(124)) - SCM in safe mode. Healthy pipelines reported count is 0, required healthy pipeline reported count is 1
2021-08-27 12:19:28,231 [1627f0ec-3267-4946-a770-cb64d6080904@group-1D7C0AFAD1C5-LeaderElection60] INFO  server.RaftServer$Division (ServerState.java:setLeader(285)) - 1627f0ec-3267-4946-a770-cb64d6080904@group-1D7C0AFAD1C5: change Leader from null to 1627f0ec-3267-4946-a770-cb64d6080904 at term 1 for becomeLeader, leader elected after 5067ms
2021-08-27 12:19:28,231 [1627f0ec-3267-4946-a770-cb64d6080904@group-1D7C0AFAD1C5-LeaderElection60] INFO  server.RaftServerConfigKeys (ConfUtils.java:logGet(44)) - raft.server.staging.catchup.gap = 1000 (default)
2021-08-27 12:19:28,232 [1627f0ec-3267-4946-a770-cb64d6080904@group-1D7C0AFAD1C5-LeaderElection60] INFO  server.RaftServerConfigKeys (ConfUtils.java:logGet(44)) - raft.server.write.element-limit = 1024 (custom)
2021-08-27 12:19:28,234 [1627f0ec-3267-4946-a770-cb64d6080904@group-1D7C0AFAD1C5-LeaderElection60] INFO  server.RaftServerConfigKeys (ConfUtils.java:logGet(44)) - raft.server.write.byte-limit = 1024 M (=1073741824) (custom)
2021-08-27 12:19:28,236 [1627f0ec-3267-4946-a770-cb64d6080904@group-1D7C0AFAD1C5-LeaderElection60] INFO  server.RaftServerConfigKeys (ConfUtils.java:logGet(44)) - raft.server.watch.timeout = 3000ms (custom)
2021-08-27 12:19:28,239 [1627f0ec-3267-4946-a770-cb64d6080904@group-1D7C0AFAD1C5-LeaderElection60] INFO  server.RaftServerConfigKeys (ConfUtils.java:logGet(44)) - raft.server.watch.timeout.denomination = 1s (default)
2021-08-27 12:19:28,239 [1627f0ec-3267-4946-a770-cb64d6080904@group-1D7C0AFAD1C5-LeaderElection60] INFO  server.RaftServerConfigKeys (ConfUtils.java:logGet(44)) - raft.server.watch.element-limit = 65536 (default)
2021-08-27 12:19:28,239 [1627f0ec-3267-4946-a770-cb64d6080904@group-1D7C0AFAD1C5-LeaderElection60] INFO  impl.RoleInfo (RoleInfo.java:updateAndGet(130)) - 1627f0ec-3267-4946-a770-cb64d6080904: start 1627f0ec-3267-4946-a770-cb64d6080904@group-1D7C0AFAD1C5-LeaderStateImpl
2021-08-27 12:19:28,241 [1627f0ec-3267-4946-a770-cb64d6080904@group-1D7C0AFAD1C5-LeaderElection60] INFO  segmented.SegmentedRaftLogWorker (SegmentedRaftLogWorker.java:startLogSegment(394)) - 1627f0ec-3267-4946-a770-cb64d6080904@group-1D7C0AFAD1C5-SegmentedRaftLogWorker: Starting segment from index:0
2021-08-27 12:19:28,244 [1627f0ec-3267-4946-a770-cb64d6080904@group-1D7C0AFAD1C5-LeaderElection60] INFO  server.RaftServer$Division (ServerState.java:setRaftConf(387)) - 1627f0ec-3267-4946-a770-cb64d6080904@group-1D7C0AFAD1C5: set configuration 0: [1627f0ec-3267-4946-a770-cb64d6080904|rpc:10.1.0.9:39909|dataStream:|priority:1], old=null
2021-08-27 12:19:28,254 [1627f0ec-3267-4946-a770-cb64d6080904@group-1D7C0AFAD1C5-SegmentedRaftLogWorker] INFO  segmented.SegmentedRaftLogWorker (SegmentedRaftLogWorker.java:execute(601)) - 1627f0ec-3267-4946-a770-cb64d6080904@group-1D7C0AFAD1C5-SegmentedRaftLogWorker: created new log segment /home/runner/work/ozone/ozone/hadoop-ozone/integration-test/target/test-dir/MiniOzoneClusterImpl-595ad429-f938-4b04-a1e1-fbbc785922f0/datanode-3/data/ratis/ed48e0b0-1d3d-44dd-9b4b-1d7c0afad1c5/current/log_inprogress_0
2021-08-27 12:19:28,300 [8406e4c7-9c64-45ff-a753-663392bee600@group-73F2619DA9B8-FollowerState] INFO  impl.FollowerState (FollowerState.java:run(134)) - 8406e4c7-9c64-45ff-a753-663392bee600@group-73F2619DA9B8-FollowerState: change to CANDIDATE, lastRpcElapsedTime:5044130481ns, electionTimeout:5033ms
2021-08-27 12:19:28,300 [8406e4c7-9c64-45ff-a753-663392bee600@group-73F2619DA9B8-FollowerState] INFO  impl.RoleInfo (RoleInfo.java:shutdownFollowerState(108)) - 8406e4c7-9c64-45ff-a753-663392bee600: shutdown 8406e4c7-9c64-45ff-a753-663392bee600@group-73F2619DA9B8-FollowerState
2021-08-27 12:19:28,301 [8406e4c7-9c64-45ff-a753-663392bee600@group-73F2619DA9B8-FollowerState] INFO  server.RaftServer$Division (RaftServerImpl.java:setRole(285)) - 8406e4c7-9c64-45ff-a753-663392bee600@group-73F2619DA9B8: changes role from  FOLLOWER to CANDIDATE at term 0 for changeToCandidate
2021-08-27 12:19:28,302 [1627f0ec-3267-4946-a770-cb64d6080904@group-73F2619DA9B8-FollowerState] INFO  impl.FollowerState (FollowerState.java:run(134)) - 1627f0ec-3267-4946-a770-cb64d6080904@group-73F2619DA9B8-FollowerState: change to CANDIDATE, lastRpcElapsedTime:5124121074ns, electionTimeout:5123ms
2021-08-27 12:19:28,302 [1627f0ec-3267-4946-a770-cb64d6080904@group-73F2619DA9B8-FollowerState] INFO  impl.RoleInfo (RoleInfo.java:shutdownFollowerState(108)) - 1627f0ec-3267-4946-a770-cb64d6080904: shutdown 1627f0ec-3267-4946-a770-cb64d6080904@group-73F2619DA9B8-FollowerState
2021-08-27 12:19:28,302 [1627f0ec-3267-4946-a770-cb64d6080904@group-73F2619DA9B8-FollowerState] INFO  server.RaftServer$Division (RaftServerImpl.java:setRole(285)) - 1627f0ec-3267-4946-a770-cb64d6080904@group-73F2619DA9B8: changes role from  FOLLOWER to CANDIDATE at term 0 for changeToCandidate
2021-08-27 12:19:28,302 [1627f0ec-3267-4946-a770-cb64d6080904@group-73F2619DA9B8-FollowerState] INFO  server.RaftServerConfigKeys (ConfUtils.java:logGet(44)) - raft.server.leaderelection.pre-vote = false (custom)
2021-08-27 12:19:28,302 [1627f0ec-3267-4946-a770-cb64d6080904@group-73F2619DA9B8-FollowerState] INFO  impl.RoleInfo (RoleInfo.java:updateAndGet(130)) - 1627f0ec-3267-4946-a770-cb64d6080904: start 1627f0ec-3267-4946-a770-cb64d6080904@group-73F2619DA9B8-LeaderElection62
2021-08-27 12:19:28,302 [8406e4c7-9c64-45ff-a753-663392bee600@group-73F2619DA9B8-FollowerState] INFO  server.RaftServerConfigKeys (ConfUtils.java:logGet(44)) - raft.server.leaderelection.pre-vote = false (custom)
2021-08-27 12:19:28,302 [8406e4c7-9c64-45ff-a753-663392bee600@group-73F2619DA9B8-FollowerState] INFO  impl.RoleInfo (RoleInfo.java:updateAndGet(130)) - 8406e4c7-9c64-45ff-a753-663392bee600: start 8406e4c7-9c64-45ff-a753-663392bee600@group-73F2619DA9B8-LeaderElection61
2021-08-27 12:19:28,330 [1627f0ec-3267-4946-a770-cb64d6080904@group-73F2619DA9B8-LeaderElection62] INFO  impl.LeaderElection (LeaderElection.java:askForVotes(306)) - 1627f0ec-3267-4946-a770-cb64d6080904@group-73F2619DA9B8-LeaderElection62 ELECTION round 0: submit vote requests at term 1 for -1: [1627f0ec-3267-4946-a770-cb64d6080904|rpc:10.1.0.9:39909|priority:0, 8406e4c7-9c64-45ff-a753-663392bee600|rpc:10.1.0.9:43903|priority:0, 0bc7842a-14bb-4f31-a0ca-67e37dbbf265|rpc:10.1.0.9:39103|priority:1], old=null
2021-08-27 12:19:28,335 [8406e4c7-9c64-45ff-a753-663392bee600@group-73F2619DA9B8-LeaderElection61] INFO  impl.LeaderElection (LeaderElection.java:askForVotes(306)) - 8406e4c7-9c64-45ff-a753-663392bee600@group-73F2619DA9B8-LeaderElection61 ELECTION round 0: submit vote requests at term 1 for -1: [1627f0ec-3267-4946-a770-cb64d6080904|rpc:10.1.0.9:39909|dataStream:|priority:0, 8406e4c7-9c64-45ff-a753-663392bee600|rpc:10.1.0.9:43903|dataStream:|priority:0, 0bc7842a-14bb-4f31-a0ca-67e37dbbf265|rpc:10.1.0.9:39103|dataStream:|priority:1], old=null
2021-08-27 12:19:28,363 [grpc-default-executor-1] INFO  server.RaftServer$Division (RaftServerImpl.java:requestVote(1043)) - 8406e4c7-9c64-45ff-a753-663392bee600@group-73F2619DA9B8: receive requestVote(ELECTION, 1627f0ec-3267-4946-a770-cb64d6080904, group-73F2619DA9B8, 1, (t:0, i:0))
2021-08-27 12:19:28,363 [grpc-default-executor-1] INFO  impl.VoteContext (VoteContext.java:log(48)) - 8406e4c7-9c64-45ff-a753-663392bee600@group-73F2619DA9B8-CANDIDATE: reject ELECTION from 1627f0ec-3267-4946-a770-cb64d6080904: already has voted for 8406e4c7-9c64-45ff-a753-663392bee600 at current term 1
2021-08-27 12:19:28,363 [grpc-default-executor-1] INFO  server.RaftServer$Division (RaftServerImpl.java:requestVote(1075)) - 8406e4c7-9c64-45ff-a753-663392bee600@group-73F2619DA9B8 replies to ELECTION vote request: 1627f0ec-3267-4946-a770-cb64d6080904<-8406e4c7-9c64-45ff-a753-663392bee600#0:FAIL-t1. Peer's state: 8406e4c7-9c64-45ff-a753-663392bee600@group-73F2619DA9B8:t1, leader=null, voted=8406e4c7-9c64-45ff-a753-663392bee600, raftlog=8406e4c7-9c64-45ff-a753-663392bee600@group-73F2619DA9B8-SegmentedRaftLog:OPENED:c-1,f-1,i0, conf=-1: [1627f0ec-3267-4946-a770-cb64d6080904|rpc:10.1.0.9:39909|dataStream:|priority:0, 8406e4c7-9c64-45ff-a753-663392bee600|rpc:10.1.0.9:43903|dataStream:|priority:0, 0bc7842a-14bb-4f31-a0ca-67e37dbbf265|rpc:10.1.0.9:39103|dataStream:|priority:1], old=null
2021-08-27 12:19:28,388 [0bc7842a-14bb-4f31-a0ca-67e37dbbf265@group-73F2619DA9B8-FollowerState] INFO  impl.FollowerState (FollowerState.java:run(134)) - 0bc7842a-14bb-4f31-a0ca-67e37dbbf265@group-73F2619DA9B8-FollowerState: change to CANDIDATE, lastRpcElapsedTime:5048458379ns, electionTimeout:5040ms
2021-08-27 12:19:28,388 [0bc7842a-14bb-4f31-a0ca-67e37dbbf265@group-73F2619DA9B8-FollowerState] INFO  impl.RoleInfo (RoleInfo.java:shutdownFollowerState(108)) - 0bc7842a-14bb-4f31-a0ca-67e37dbbf265: shutdown 0bc7842a-14bb-4f31-a0ca-67e37dbbf265@group-73F2619DA9B8-FollowerState
2021-08-27 12:19:28,388 [0bc7842a-14bb-4f31-a0ca-67e37dbbf265@group-73F2619DA9B8-FollowerState] INFO  server.RaftServer$Division (RaftServerImpl.java:setRole(285)) - 0bc7842a-14bb-4f31-a0ca-67e37dbbf265@group-73F2619DA9B8: changes role from  FOLLOWER to CANDIDATE at term 0 for changeToCandidate
2021-08-27 12:19:28,388 [0bc7842a-14bb-4f31-a0ca-67e37dbbf265@group-73F2619DA9B8-FollowerState] INFO  server.RaftServerConfigKeys (ConfUtils.java:logGet(44)) - raft.server.leaderelection.pre-vote = false (custom)
2021-08-27 12:19:28,388 [0bc7842a-14bb-4f31-a0ca-67e37dbbf265@group-73F2619DA9B8-FollowerState] INFO  impl.RoleInfo (RoleInfo.java:updateAndGet(130)) - 0bc7842a-14bb-4f31-a0ca-67e37dbbf265: start 0bc7842a-14bb-4f31-a0ca-67e37dbbf265@group-73F2619DA9B8-LeaderElection63
2021-08-27 12:19:28,413 [grpc-default-executor-1] INFO  server.RaftServer$Division (RaftServerImpl.java:requestVote(1043)) - 0bc7842a-14bb-4f31-a0ca-67e37dbbf265@group-73F2619DA9B8: receive requestVote(ELECTION, 1627f0ec-3267-4946-a770-cb64d6080904, group-73F2619DA9B8, 1, (t:0, i:0))
2021-08-27 12:19:28,413 [grpc-default-executor-1] INFO  impl.VoteContext (VoteContext.java:log(48)) - 0bc7842a-14bb-4f31-a0ca-67e37dbbf265@group-73F2619DA9B8-CANDIDATE: reject ELECTION from 1627f0ec-3267-4946-a770-cb64d6080904: our priority 1 > candidate's priority 0
2021-08-27 12:19:28,413 [grpc-default-executor-1] INFO  server.RaftServer$Division (RaftServerImpl.java:setRole(285)) - 0bc7842a-14bb-4f31-a0ca-67e37dbbf265@group-73F2619DA9B8: changes role from CANDIDATE to FOLLOWER at term 1 for candidate:1627f0ec-3267-4946-a770-cb64d6080904
2021-08-27 12:19:28,413 [grpc-default-executor-1] INFO  impl.RoleInfo (RoleInfo.java:shutdownLeaderElection(121)) - 0bc7842a-14bb-4f31-a0ca-67e37dbbf265: shutdown 0bc7842a-14bb-4f31-a0ca-67e37dbbf265@group-73F2619DA9B8-LeaderElection63
2021-08-27 12:19:28,413 [grpc-default-executor-1] INFO  impl.RoleInfo (RoleInfo.java:updateAndGet(130)) - 0bc7842a-14bb-4f31-a0ca-67e37dbbf265: start 0bc7842a-14bb-4f31-a0ca-67e37dbbf265@group-73F2619DA9B8-FollowerState
2021-08-27 12:19:28,444 [grpc-default-executor-1] INFO  server.RaftServer$Division (RaftServerImpl.java:requestVote(1075)) - 0bc7842a-14bb-4f31-a0ca-67e37dbbf265@group-73F2619DA9B8 replies to ELECTION vote request: 1627f0ec-3267-4946-a770-cb64d6080904<-0bc7842a-14bb-4f31-a0ca-67e37dbbf265#0:FAIL-t1. Peer's state: 0bc7842a-14bb-4f31-a0ca-67e37dbbf265@group-73F2619DA9B8:t1, leader=null, voted=null, raftlog=0bc7842a-14bb-4f31-a0ca-67e37dbbf265@group-73F2619DA9B8-SegmentedRaftLog:OPENED:c-1,f-1,i0, conf=-1: [1627f0ec-3267-4946-a770-cb64d6080904|rpc:10.1.0.9:39909|dataStream:|priority:0, 8406e4c7-9c64-45ff-a753-663392bee600|rpc:10.1.0.9:43903|dataStream:|priority:0, 0bc7842a-14bb-4f31-a0ca-67e37dbbf265|rpc:10.1.0.9:39103|dataStream:|priority:1], old=null
2021-08-27 12:19:28,444 [grpc-default-executor-4] INFO  server.RaftServer$Division (RaftServerImpl.java:requestVote(1043)) - 1627f0ec-3267-4946-a770-cb64d6080904@group-73F2619DA9B8: receive requestVote(ELECTION, 8406e4c7-9c64-45ff-a753-663392bee600, group-73F2619DA9B8, 1, (t:0, i:0))
2021-08-27 12:19:28,445 [grpc-default-executor-4] INFO  impl.VoteContext (VoteContext.java:log(48)) - 1627f0ec-3267-4946-a770-cb64d6080904@group-73F2619DA9B8-CANDIDATE: reject ELECTION from 8406e4c7-9c64-45ff-a753-663392bee600: already has voted for 1627f0ec-3267-4946-a770-cb64d6080904 at current term 1
2021-08-27 12:19:28,445 [grpc-default-executor-4] INFO  server.RaftServer$Division (RaftServerImpl.java:requestVote(1075)) - 1627f0ec-3267-4946-a770-cb64d6080904@group-73F2619DA9B8 replies to ELECTION vote request: 8406e4c7-9c64-45ff-a753-663392bee600<-1627f0ec-3267-4946-a770-cb64d6080904#0:FAIL-t1. Peer's state: 1627f0ec-3267-4946-a770-cb64d6080904@group-73F2619DA9B8:t1, leader=null, voted=1627f0ec-3267-4946-a770-cb64d6080904, raftlog=1627f0ec-3267-4946-a770-cb64d6080904@group-73F2619DA9B8-SegmentedRaftLog:OPENED:c-1,f-1,i0, conf=-1: [1627f0ec-3267-4946-a770-cb64d6080904|rpc:10.1.0.9:39909|priority:0, 8406e4c7-9c64-45ff-a753-663392bee600|rpc:10.1.0.9:43903|priority:0, 0bc7842a-14bb-4f31-a0ca-67e37dbbf265|rpc:10.1.0.9:39103|priority:1], old=null
2021-08-27 12:19:28,445 [grpc-default-executor-0] INFO  server.RaftServer$Division (RaftServerImpl.java:requestVote(1043)) - 0bc7842a-14bb-4f31-a0ca-67e37dbbf265@group-73F2619DA9B8: receive requestVote(ELECTION, 8406e4c7-9c64-45ff-a753-663392bee600, group-73F2619DA9B8, 1, (t:0, i:0))
2021-08-27 12:19:28,445 [grpc-default-executor-0] INFO  impl.VoteContext (VoteContext.java:log(48)) - 0bc7842a-14bb-4f31-a0ca-67e37dbbf265@group-73F2619DA9B8-FOLLOWER: reject ELECTION from 8406e4c7-9c64-45ff-a753-663392bee600: our priority 1 > candidate's priority 0
2021-08-27 12:19:28,445 [grpc-default-executor-0] INFO  server.RaftServer$Division (RaftServerImpl.java:setRole(285)) - 0bc7842a-14bb-4f31-a0ca-67e37dbbf265@group-73F2619DA9B8: changes role from  FOLLOWER to FOLLOWER at term 1 for candidate:8406e4c7-9c64-45ff-a753-663392bee600
2021-08-27 12:19:28,445 [grpc-default-executor-0] INFO  impl.RoleInfo (RoleInfo.java:shutdownFollowerState(108)) - 0bc7842a-14bb-4f31-a0ca-67e37dbbf265: shutdown 0bc7842a-14bb-4f31-a0ca-67e37dbbf265@group-73F2619DA9B8-FollowerState
2021-08-27 12:19:28,445 [grpc-default-executor-0] INFO  impl.RoleInfo (RoleInfo.java:updateAndGet(130)) - 0bc7842a-14bb-4f31-a0ca-67e37dbbf265: start 0bc7842a-14bb-4f31-a0ca-67e37dbbf265@group-73F2619DA9B8-FollowerState
2021-08-27 12:19:28,446 [grpc-default-executor-0] INFO  server.RaftServer$Division (RaftServerImpl.java:requestVote(1075)) - 0bc7842a-14bb-4f31-a0ca-67e37dbbf265@group-73F2619DA9B8 replies to ELECTION vote request: 8406e4c7-9c64-45ff-a753-663392bee600<-0bc7842a-14bb-4f31-a0ca-67e37dbbf265#0:FAIL-t1. Peer's state: 0bc7842a-14bb-4f31-a0ca-67e37dbbf265@group-73F2619DA9B8:t1, leader=null, voted=null, raftlog=0bc7842a-14bb-4f31-a0ca-67e37dbbf265@group-73F2619DA9B8-SegmentedRaftLog:OPENED:c-1,f-1,i0, conf=-1: [1627f0ec-3267-4946-a770-cb64d6080904|rpc:10.1.0.9:39909|dataStream:|priority:0, 8406e4c7-9c64-45ff-a753-663392bee600|rpc:10.1.0.9:43903|dataStream:|priority:0, 0bc7842a-14bb-4f31-a0ca-67e37dbbf265|rpc:10.1.0.9:39103|dataStream:|priority:1], old=null
2021-08-27 12:19:28,470 [1627f0ec-3267-4946-a770-cb64d6080904@group-73F2619DA9B8-LeaderElection62] INFO  impl.LeaderElection (LeaderElection.java:logAndReturn(89)) - 1627f0ec-3267-4946-a770-cb64d6080904@group-73F2619DA9B8-LeaderElection62: ELECTION REJECTED received 2 response(s) and 0 exception(s):
2021-08-27 12:19:28,470 [1627f0ec-3267-4946-a770-cb64d6080904@group-73F2619DA9B8-LeaderElection62] INFO  impl.LeaderElection (LeaderElection.java:logAndReturn(93)) -   Response 0: 1627f0ec-3267-4946-a770-cb64d6080904<-8406e4c7-9c64-45ff-a753-663392bee600#0:FAIL-t1
2021-08-27 12:19:28,470 [1627f0ec-3267-4946-a770-cb64d6080904@group-73F2619DA9B8-LeaderElection62] INFO  impl.LeaderElection (LeaderElection.java:logAndReturn(93)) -   Response 1: 1627f0ec-3267-4946-a770-cb64d6080904<-0bc7842a-14bb-4f31-a0ca-67e37dbbf265#0:FAIL-t1
2021-08-27 12:19:28,470 [1627f0ec-3267-4946-a770-cb64d6080904@group-73F2619DA9B8-LeaderElection62] INFO  impl.LeaderElection (LeaderElection.java:askForVotes(308)) - 1627f0ec-3267-4946-a770-cb64d6080904@group-73F2619DA9B8-LeaderElection62 ELECTION round 0: result REJECTED
2021-08-27 12:19:28,470 [1627f0ec-3267-4946-a770-cb64d6080904@group-73F2619DA9B8-LeaderElection62] INFO  server.RaftServer$Division (RaftServerImpl.java:setRole(285)) - 1627f0ec-3267-4946-a770-cb64d6080904@group-73F2619DA9B8: changes role from CANDIDATE to FOLLOWER at term 1 for REJECTED
2021-08-27 12:19:28,470 [1627f0ec-3267-4946-a770-cb64d6080904@group-73F2619DA9B8-LeaderElection62] INFO  impl.RoleInfo (RoleInfo.java:shutdownLeaderElection(121)) - 1627f0ec-3267-4946-a770-cb64d6080904: shutdown 1627f0ec-3267-4946-a770-cb64d6080904@group-73F2619DA9B8-LeaderElection62
2021-08-27 12:19:28,470 [1627f0ec-3267-4946-a770-cb64d6080904@group-73F2619DA9B8-LeaderElection62] INFO  impl.RoleInfo (RoleInfo.java:updateAndGet(130)) - 1627f0ec-3267-4946-a770-cb64d6080904: start 1627f0ec-3267-4946-a770-cb64d6080904@group-73F2619DA9B8-FollowerState
2021-08-27 12:19:28,474 [8406e4c7-9c64-45ff-a753-663392bee600@group-73F2619DA9B8-LeaderElection61] INFO  impl.LeaderElection (LeaderElection.java:logAndReturn(89)) - 8406e4c7-9c64-45ff-a753-663392bee600@group-73F2619DA9B8-LeaderElection61: ELECTION REJECTED received 2 response(s) and 0 exception(s):
2021-08-27 12:19:28,474 [8406e4c7-9c64-45ff-a753-663392bee600@group-73F2619DA9B8-LeaderElection61] INFO  impl.LeaderElection (LeaderElection.java:logAndReturn(93)) -   Response 0: 8406e4c7-9c64-45ff-a753-663392bee600<-1627f0ec-3267-4946-a770-cb64d6080904#0:FAIL-t1
2021-08-27 12:19:28,474 [8406e4c7-9c64-45ff-a753-663392bee600@group-73F2619DA9B8-LeaderElection61] INFO  impl.LeaderElection (LeaderElection.java:logAndReturn(93)) -   Response 1: 8406e4c7-9c64-45ff-a753-663392bee600<-0bc7842a-14bb-4f31-a0ca-67e37dbbf265#0:FAIL-t1
2021-08-27 12:19:28,474 [8406e4c7-9c64-45ff-a753-663392bee600@group-73F2619DA9B8-LeaderElection61] INFO  impl.LeaderElection (LeaderElection.java:askForVotes(308)) - 8406e4c7-9c64-45ff-a753-663392bee600@group-73F2619DA9B8-LeaderElection61 ELECTION round 0: result REJECTED
2021-08-27 12:19:28,474 [8406e4c7-9c64-45ff-a753-663392bee600@group-73F2619DA9B8-LeaderElection61] INFO  server.RaftServer$Division (RaftServerImpl.java:setRole(285)) - 8406e4c7-9c64-45ff-a753-663392bee600@group-73F2619DA9B8: changes role from CANDIDATE to FOLLOWER at term 1 for REJECTED
2021-08-27 12:19:28,474 [8406e4c7-9c64-45ff-a753-663392bee600@group-73F2619DA9B8-LeaderElection61] INFO  impl.RoleInfo (RoleInfo.java:shutdownLeaderElection(121)) - 8406e4c7-9c64-45ff-a753-663392bee600: shutdown 8406e4c7-9c64-45ff-a753-663392bee600@group-73F2619DA9B8-LeaderElection61
2021-08-27 12:19:28,474 [8406e4c7-9c64-45ff-a753-663392bee600@group-73F2619DA9B8-LeaderElection61] INFO  impl.RoleInfo (RoleInfo.java:updateAndGet(130)) - 8406e4c7-9c64-45ff-a753-663392bee600: start 8406e4c7-9c64-45ff-a753-663392bee600@group-73F2619DA9B8-FollowerState
2021-08-27 12:19:28,650 [8406e4c7-9c64-45ff-a753-663392bee600@group-71BB057E84DB-FollowerState] INFO  impl.FollowerState (FollowerState.java:run(134)) - 8406e4c7-9c64-45ff-a753-663392bee600@group-71BB057E84DB-FollowerState: change to CANDIDATE, lastRpcElapsedTime:5195862167ns, electionTimeout:5195ms
2021-08-27 12:19:28,650 [8406e4c7-9c64-45ff-a753-663392bee600@group-71BB057E84DB-FollowerState] INFO  impl.RoleInfo (RoleInfo.java:shutdownFollowerState(108)) - 8406e4c7-9c64-45ff-a753-663392bee600: shutdown 8406e4c7-9c64-45ff-a753-663392bee600@group-71BB057E84DB-FollowerState
2021-08-27 12:19:28,650 [8406e4c7-9c64-45ff-a753-663392bee600@group-71BB057E84DB-FollowerState] INFO  server.RaftServer$Division (RaftServerImpl.java:setRole(285)) - 8406e4c7-9c64-45ff-a753-663392bee600@group-71BB057E84DB: changes role from  FOLLOWER to CANDIDATE at term 0 for changeToCandidate
2021-08-27 12:19:28,651 [8406e4c7-9c64-45ff-a753-663392bee600@group-71BB057E84DB-FollowerState] INFO  server.RaftServerConfigKeys (ConfUtils.java:logGet(44)) - raft.server.leaderelection.pre-vote = false (custom)
2021-08-27 12:19:28,651 [8406e4c7-9c64-45ff-a753-663392bee600@group-71BB057E84DB-FollowerState] INFO  impl.RoleInfo (RoleInfo.java:updateAndGet(130)) - 8406e4c7-9c64-45ff-a753-663392bee600: start 8406e4c7-9c64-45ff-a753-663392bee600@group-71BB057E84DB-LeaderElection64
2021-08-27 12:19:28,655 [8406e4c7-9c64-45ff-a753-663392bee600@group-71BB057E84DB-LeaderElection64] INFO  impl.LeaderElection (LeaderElection.java:askForVotes(306)) - 8406e4c7-9c64-45ff-a753-663392bee600@group-71BB057E84DB-LeaderElection64 ELECTION round 0: submit vote requests at term 1 for -1: [8406e4c7-9c64-45ff-a753-663392bee600|rpc:10.1.0.9:43903|priority:1], old=null
2021-08-27 12:19:28,655 [8406e4c7-9c64-45ff-a753-663392bee600@group-71BB057E84DB-LeaderElection64] INFO  impl.LeaderElection (LeaderElection.java:askForVotes(308)) - 8406e4c7-9c64-45ff-a753-663392bee600@group-71BB057E84DB-LeaderElection64 ELECTION round 0: result PASSED (term=1)
2021-08-27 12:19:28,655 [8406e4c7-9c64-45ff-a753-663392bee600@group-71BB057E84DB-LeaderElection64] INFO  impl.RoleInfo (RoleInfo.java:shutdownLeaderElection(121)) - 8406e4c7-9c64-45ff-a753-663392bee600: shutdown 8406e4c7-9c64-45ff-a753-663392bee600@group-71BB057E84DB-LeaderElection64
2021-08-27 12:19:28,656 [8406e4c7-9c64-45ff-a753-663392bee600@group-71BB057E84DB-LeaderElection64] INFO  server.RaftServer$Division (RaftServerImpl.java:setRole(285)) - 8406e4c7-9c64-45ff-a753-663392bee600@group-71BB057E84DB: changes role from CANDIDATE to LEADER at term 1 for changeToLeader
2021-08-27 12:19:28,656 [8406e4c7-9c64-45ff-a753-663392bee600@group-71BB057E84DB-LeaderElection64] INFO  ratis.XceiverServerRatis (XceiverServerRatis.java:handleLeaderChangedNotification(861)) - Leader change notification received for group: group-71BB057E84DB with new leaderId: 8406e4c7-9c64-45ff-a753-663392bee600
2021-08-27 12:19:28,656 [8406e4c7-9c64-45ff-a753-663392bee600@group-71BB057E84DB-LeaderElection64] INFO  server.RaftServer$Division (ServerState.java:setLeader(285)) - 8406e4c7-9c64-45ff-a753-663392bee600@group-71BB057E84DB: change Leader from null to 8406e4c7-9c64-45ff-a753-663392bee600 at term 1 for becomeLeader, leader elected after 5209ms
2021-08-27 12:19:28,656 [8406e4c7-9c64-45ff-a753-663392bee600@group-71BB057E84DB-LeaderElection64] INFO  server.RaftServerConfigKeys (ConfUtils.java:logGet(44)) - raft.server.staging.catchup.gap = 1000 (default)
2021-08-27 12:19:28,656 [8406e4c7-9c64-45ff-a753-663392bee600@group-71BB057E84DB-LeaderElection64] INFO  server.RaftServerConfigKeys (ConfUtils.java:logGet(44)) - raft.server.write.element-limit = 1024 (custom)
2021-08-27 12:19:28,656 [8406e4c7-9c64-45ff-a753-663392bee600@group-71BB057E84DB-LeaderElection64] INFO  server.RaftServerConfigKeys (ConfUtils.java:logGet(44)) - raft.server.write.byte-limit = 1024 M (=1073741824) (custom)
2021-08-27 12:19:28,657 [8406e4c7-9c64-45ff-a753-663392bee600@group-71BB057E84DB-LeaderElection64] INFO  server.RaftServerConfigKeys (ConfUtils.java:logGet(44)) - raft.server.watch.timeout = 3000ms (custom)
2021-08-27 12:19:28,657 [8406e4c7-9c64-45ff-a753-663392bee600@group-71BB057E84DB-LeaderElection64] INFO  server.RaftServerConfigKeys (ConfUtils.java:logGet(44)) - raft.server.watch.timeout.denomination = 1s (default)
2021-08-27 12:19:28,657 [8406e4c7-9c64-45ff-a753-663392bee600@group-71BB057E84DB-LeaderElection64] INFO  server.RaftServerConfigKeys (ConfUtils.java:logGet(44)) - raft.server.watch.element-limit = 65536 (default)
2021-08-27 12:19:28,657 [8406e4c7-9c64-45ff-a753-663392bee600@group-71BB057E84DB-LeaderElection64] INFO  impl.RoleInfo (RoleInfo.java:updateAndGet(130)) - 8406e4c7-9c64-45ff-a753-663392bee600: start 8406e4c7-9c64-45ff-a753-663392bee600@group-71BB057E84DB-LeaderStateImpl
2021-08-27 12:19:28,657 [8406e4c7-9c64-45ff-a753-663392bee600@group-71BB057E84DB-LeaderElection64] INFO  segmented.SegmentedRaftLogWorker (SegmentedRaftLogWorker.java:startLogSegment(394)) - 8406e4c7-9c64-45ff-a753-663392bee600@group-71BB057E84DB-SegmentedRaftLogWorker: Starting segment from index:0
2021-08-27 12:19:28,658 [Datanode State Machine Thread - 0] WARN  statemachine.StateContext (StateContext.java:execute(621)) - No available thread in pool for past 1 seconds.
2021-08-27 12:19:28,662 [8406e4c7-9c64-45ff-a753-663392bee600@group-71BB057E84DB-LeaderElection64] INFO  server.RaftServer$Division (ServerState.java:setRaftConf(387)) - 8406e4c7-9c64-45ff-a753-663392bee600@group-71BB057E84DB: set configuration 0: [8406e4c7-9c64-45ff-a753-663392bee600|rpc:10.1.0.9:43903|dataStream:|priority:1], old=null
2021-08-27 12:19:28,686 [8406e4c7-9c64-45ff-a753-663392bee600@group-71BB057E84DB-SegmentedRaftLogWorker] INFO  segmented.SegmentedRaftLogWorker (SegmentedRaftLogWorker.java:execute(601)) - 8406e4c7-9c64-45ff-a753-663392bee600@group-71BB057E84DB-SegmentedRaftLogWorker: created new log segment /home/runner/work/ozone/ozone/hadoop-ozone/integration-test/target/test-dir/MiniOzoneClusterImpl-595ad429-f938-4b04-a1e1-fbbc785922f0/datanode-4/data/ratis/b587afb6-e83e-4169-8ffb-71bb057e84db/current/log_inprogress_0
2021-08-27 12:19:28,687 [EventQueue-OpenPipelineForHealthyPipelineSafeModeRule] INFO  safemode.SCMSafeModeManager (HealthyPipelineSafeModeRule.java:process(124)) - SCM in safe mode. Healthy pipelines reported count is 0, required healthy pipeline reported count is 1
2021-08-27 12:19:28,732 [Listener at 127.0.0.1/43833] INFO  ozone.MiniOzoneClusterImpl (MiniOzoneClusterImpl.java:lambda$waitForClusterToBeReady$0(235)) - Nodes are ready. Got 9 of 9 DN Heartbeats.
2021-08-27 12:19:28,732 [Listener at 127.0.0.1/43833] INFO  ozone.MiniOzoneClusterImpl (MiniOzoneClusterImpl.java:lambda$waitForClusterToBeReady$0(238)) - Waiting for cluster to exit safe mode
2021-08-27 12:19:28,733 [Listener at 127.0.0.1/43833] INFO  ozone.MiniOzoneClusterImpl (MiniOzoneClusterImpl.java:lambda$waitForClusterToBeReady$0(240)) - SCM became leader
2021-08-27 12:19:28,770 [0bc7842a-14bb-4f31-a0ca-67e37dbbf265@group-A28631288C24-FollowerState] INFO  impl.FollowerState (FollowerState.java:run(134)) - 0bc7842a-14bb-4f31-a0ca-67e37dbbf265@group-A28631288C24-FollowerState: change to CANDIDATE, lastRpcElapsedTime:5051662477ns, electionTimeout:5046ms
2021-08-27 12:19:28,770 [0bc7842a-14bb-4f31-a0ca-67e37dbbf265@group-A28631288C24-FollowerState] INFO  impl.RoleInfo (RoleInfo.java:shutdownFollowerState(108)) - 0bc7842a-14bb-4f31-a0ca-67e37dbbf265: shutdown 0bc7842a-14bb-4f31-a0ca-67e37dbbf265@group-A28631288C24-FollowerState
2021-08-27 12:19:28,770 [0bc7842a-14bb-4f31-a0ca-67e37dbbf265@group-A28631288C24-FollowerState] INFO  server.RaftServer$Division (RaftServerImpl.java:setRole(285)) - 0bc7842a-14bb-4f31-a0ca-67e37dbbf265@group-A28631288C24: changes role from  FOLLOWER to CANDIDATE at term 0 for changeToCandidate
2021-08-27 12:19:28,770 [0bc7842a-14bb-4f31-a0ca-67e37dbbf265@group-A28631288C24-FollowerState] INFO  server.RaftServerConfigKeys (ConfUtils.java:logGet(44)) - raft.server.leaderelection.pre-vote = false (custom)
2021-08-27 12:19:28,770 [0bc7842a-14bb-4f31-a0ca-67e37dbbf265@group-A28631288C24-FollowerState] INFO  impl.RoleInfo (RoleInfo.java:updateAndGet(130)) - 0bc7842a-14bb-4f31-a0ca-67e37dbbf265: start 0bc7842a-14bb-4f31-a0ca-67e37dbbf265@group-A28631288C24-LeaderElection65
2021-08-27 12:19:28,782 [0bc7842a-14bb-4f31-a0ca-67e37dbbf265@group-A28631288C24-LeaderElection65] INFO  impl.LeaderElection (LeaderElection.java:askForVotes(306)) - 0bc7842a-14bb-4f31-a0ca-67e37dbbf265@group-A28631288C24-LeaderElection65 ELECTION round 0: submit vote requests at term 1 for -1: [0bc7842a-14bb-4f31-a0ca-67e37dbbf265|rpc:10.1.0.9:39103|priority:1], old=null
2021-08-27 12:19:28,782 [0bc7842a-14bb-4f31-a0ca-67e37dbbf265@group-A28631288C24-LeaderElection65] INFO  impl.LeaderElection (LeaderElection.java:askForVotes(308)) - 0bc7842a-14bb-4f31-a0ca-67e37dbbf265@group-A28631288C24-LeaderElection65 ELECTION round 0: result PASSED (term=1)
2021-08-27 12:19:28,782 [0bc7842a-14bb-4f31-a0ca-67e37dbbf265@group-A28631288C24-LeaderElection65] INFO  impl.RoleInfo (RoleInfo.java:shutdownLeaderElection(121)) - 0bc7842a-14bb-4f31-a0ca-67e37dbbf265: shutdown 0bc7842a-14bb-4f31-a0ca-67e37dbbf265@group-A28631288C24-LeaderElection65
2021-08-27 12:19:28,782 [0bc7842a-14bb-4f31-a0ca-67e37dbbf265@group-A28631288C24-LeaderElection65] INFO  server.RaftServer$Division (RaftServerImpl.java:setRole(285)) - 0bc7842a-14bb-4f31-a0ca-67e37dbbf265@group-A28631288C24: changes role from CANDIDATE to LEADER at term 1 for changeToLeader
2021-08-27 12:19:28,782 [0bc7842a-14bb-4f31-a0ca-67e37dbbf265@group-A28631288C24-LeaderElection65] INFO  ratis.XceiverServerRatis (XceiverServerRatis.java:handleLeaderChangedNotification(861)) - Leader change notification received for group: group-A28631288C24 with new leaderId: 0bc7842a-14bb-4f31-a0ca-67e37dbbf265
2021-08-27 12:19:28,782 [0bc7842a-14bb-4f31-a0ca-67e37dbbf265@group-A28631288C24-LeaderElection65] INFO  server.RaftServer$Division (ServerState.java:setLeader(285)) - 0bc7842a-14bb-4f31-a0ca-67e37dbbf265@group-A28631288C24: change Leader from null to 0bc7842a-14bb-4f31-a0ca-67e37dbbf265 at term 1 for becomeLeader, leader elected after 5072ms
2021-08-27 12:19:28,783 [EventQueue-OpenPipelineForHealthyPipelineSafeModeRule] INFO  safemode.SCMSafeModeManager (HealthyPipelineSafeModeRule.java:process(124)) - SCM in safe mode. Healthy pipelines reported count is 0, required healthy pipeline reported count is 1
2021-08-27 12:19:28,783 [0bc7842a-14bb-4f31-a0ca-67e37dbbf265@group-A28631288C24-LeaderElection65] INFO  server.RaftServerConfigKeys (ConfUtils.java:logGet(44)) - raft.server.staging.catchup.gap = 1000 (default)
2021-08-27 12:19:28,783 [0bc7842a-14bb-4f31-a0ca-67e37dbbf265@group-A28631288C24-LeaderElection65] INFO  server.RaftServerConfigKeys (ConfUtils.java:logGet(44)) - raft.server.write.element-limit = 1024 (custom)
2021-08-27 12:19:28,784 [0bc7842a-14bb-4f31-a0ca-67e37dbbf265@group-A28631288C24-LeaderElection65] INFO  server.RaftServerConfigKeys (ConfUtils.java:logGet(44)) - raft.server.write.byte-limit = 1024 M (=1073741824) (custom)
2021-08-27 12:19:28,784 [0bc7842a-14bb-4f31-a0ca-67e37dbbf265@group-A28631288C24-LeaderElection65] INFO  server.RaftServerConfigKeys (ConfUtils.java:logGet(44)) - raft.server.watch.timeout = 3000ms (custom)
2021-08-27 12:19:28,784 [0bc7842a-14bb-4f31-a0ca-67e37dbbf265@group-A28631288C24-LeaderElection65] INFO  server.RaftServerConfigKeys (ConfUtils.java:logGet(44)) - raft.server.watch.timeout.denomination = 1s (default)
2021-08-27 12:19:28,784 [0bc7842a-14bb-4f31-a0ca-67e37dbbf265@group-A28631288C24-LeaderElection65] INFO  server.RaftServerConfigKeys (ConfUtils.java:logGet(44)) - raft.server.watch.element-limit = 65536 (default)
2021-08-27 12:19:28,784 [0bc7842a-14bb-4f31-a0ca-67e37dbbf265@group-A28631288C24-LeaderElection65] INFO  impl.RoleInfo (RoleInfo.java:updateAndGet(130)) - 0bc7842a-14bb-4f31-a0ca-67e37dbbf265: start 0bc7842a-14bb-4f31-a0ca-67e37dbbf265@group-A28631288C24-LeaderStateImpl
2021-08-27 12:19:28,784 [0bc7842a-14bb-4f31-a0ca-67e37dbbf265@group-A28631288C24-LeaderElection65] INFO  segmented.SegmentedRaftLogWorker (SegmentedRaftLogWorker.java:startLogSegment(394)) - 0bc7842a-14bb-4f31-a0ca-67e37dbbf265@group-A28631288C24-SegmentedRaftLogWorker: Starting segment from index:0
2021-08-27 12:19:28,786 [0bc7842a-14bb-4f31-a0ca-67e37dbbf265@group-A28631288C24-SegmentedRaftLogWorker] INFO  segmented.SegmentedRaftLogWorker (SegmentedRaftLogWorker.java:execute(601)) - 0bc7842a-14bb-4f31-a0ca-67e37dbbf265@group-A28631288C24-SegmentedRaftLogWorker: created new log segment /home/runner/work/ozone/ozone/hadoop-ozone/integration-test/target/test-dir/MiniOzoneClusterImpl-595ad429-f938-4b04-a1e1-fbbc785922f0/datanode-5/data/ratis/0e7abe0e-8ed9-4c49-ae90-a28631288c24/current/log_inprogress_0
2021-08-27 12:19:28,786 [0bc7842a-14bb-4f31-a0ca-67e37dbbf265@group-A28631288C24-LeaderElection65] INFO  server.RaftServer$Division (ServerState.java:setRaftConf(387)) - 0bc7842a-14bb-4f31-a0ca-67e37dbbf265@group-A28631288C24: set configuration 0: [0bc7842a-14bb-4f31-a0ca-67e37dbbf265|rpc:10.1.0.9:39103|dataStream:|priority:1], old=null
2021-08-27 12:19:29,177 [ff42b6c9-4897-43a9-a52a-fdd67bba99ae@group-D0D272707E6F-FollowerState] INFO  impl.FollowerState (FollowerState.java:run(134)) - ff42b6c9-4897-43a9-a52a-fdd67bba99ae@group-D0D272707E6F-FollowerState: change to CANDIDATE, lastRpcElapsedTime:5101483171ns, electionTimeout:5090ms
2021-08-27 12:19:29,177 [ff42b6c9-4897-43a9-a52a-fdd67bba99ae@group-D0D272707E6F-FollowerState] INFO  impl.RoleInfo (RoleInfo.java:shutdownFollowerState(108)) - ff42b6c9-4897-43a9-a52a-fdd67bba99ae: shutdown ff42b6c9-4897-43a9-a52a-fdd67bba99ae@group-D0D272707E6F-FollowerState
2021-08-27 12:19:29,177 [ff42b6c9-4897-43a9-a52a-fdd67bba99ae@group-D0D272707E6F-FollowerState] INFO  server.RaftServer$Division (RaftServerImpl.java:setRole(285)) - ff42b6c9-4897-43a9-a52a-fdd67bba99ae@group-D0D272707E6F: changes role from  FOLLOWER to CANDIDATE at term 0 for changeToCandidate
2021-08-27 12:19:29,179 [ff42b6c9-4897-43a9-a52a-fdd67bba99ae@group-D0D272707E6F-FollowerState] INFO  server.RaftServerConfigKeys (ConfUtils.java:logGet(44)) - raft.server.leaderelection.pre-vote = false (custom)
2021-08-27 12:19:29,179 [ff42b6c9-4897-43a9-a52a-fdd67bba99ae@group-D0D272707E6F-FollowerState] INFO  impl.RoleInfo (RoleInfo.java:updateAndGet(130)) - ff42b6c9-4897-43a9-a52a-fdd67bba99ae: start ff42b6c9-4897-43a9-a52a-fdd67bba99ae@group-D0D272707E6F-LeaderElection66
2021-08-27 12:19:29,201 [ff42b6c9-4897-43a9-a52a-fdd67bba99ae@group-D0D272707E6F-LeaderElection66] INFO  impl.LeaderElection (LeaderElection.java:askForVotes(306)) - ff42b6c9-4897-43a9-a52a-fdd67bba99ae@group-D0D272707E6F-LeaderElection66 ELECTION round 0: submit vote requests at term 1 for -1: [ff42b6c9-4897-43a9-a52a-fdd67bba99ae|rpc:10.1.0.9:45231|priority:1], old=null
2021-08-27 12:19:29,201 [ff42b6c9-4897-43a9-a52a-fdd67bba99ae@group-D0D272707E6F-LeaderElection66] INFO  impl.LeaderElection (LeaderElection.java:askForVotes(308)) - ff42b6c9-4897-43a9-a52a-fdd67bba99ae@group-D0D272707E6F-LeaderElection66 ELECTION round 0: result PASSED (term=1)
2021-08-27 12:19:29,201 [ff42b6c9-4897-43a9-a52a-fdd67bba99ae@group-D0D272707E6F-LeaderElection66] INFO  impl.RoleInfo (RoleInfo.java:shutdownLeaderElection(121)) - ff42b6c9-4897-43a9-a52a-fdd67bba99ae: shutdown ff42b6c9-4897-43a9-a52a-fdd67bba99ae@group-D0D272707E6F-LeaderElection66
2021-08-27 12:19:29,201 [ff42b6c9-4897-43a9-a52a-fdd67bba99ae@group-D0D272707E6F-LeaderElection66] INFO  server.RaftServer$Division (RaftServerImpl.java:setRole(285)) - ff42b6c9-4897-43a9-a52a-fdd67bba99ae@group-D0D272707E6F: changes role from CANDIDATE to LEADER at term 1 for changeToLeader
2021-08-27 12:19:29,201 [ff42b6c9-4897-43a9-a52a-fdd67bba99ae@group-D0D272707E6F-LeaderElection66] INFO  ratis.XceiverServerRatis (XceiverServerRatis.java:handleLeaderChangedNotification(861)) - Leader change notification received for group: group-D0D272707E6F with new leaderId: ff42b6c9-4897-43a9-a52a-fdd67bba99ae
2021-08-27 12:19:29,203 [ff42b6c9-4897-43a9-a52a-fdd67bba99ae@group-D0D272707E6F-LeaderElection66] INFO  server.RaftServer$Division (ServerState.java:setLeader(285)) - ff42b6c9-4897-43a9-a52a-fdd67bba99ae@group-D0D272707E6F: change Leader from null to ff42b6c9-4897-43a9-a52a-fdd67bba99ae at term 1 for becomeLeader, leader elected after 5133ms
2021-08-27 12:19:29,203 [ff42b6c9-4897-43a9-a52a-fdd67bba99ae@group-D0D272707E6F-LeaderElection66] INFO  server.RaftServerConfigKeys (ConfUtils.java:logGet(44)) - raft.server.staging.catchup.gap = 1000 (default)
2021-08-27 12:19:29,204 [EventQueue-OpenPipelineForHealthyPipelineSafeModeRule] INFO  safemode.SCMSafeModeManager (HealthyPipelineSafeModeRule.java:process(124)) - SCM in safe mode. Healthy pipelines reported count is 0, required healthy pipeline reported count is 1
2021-08-27 12:19:29,204 [ff42b6c9-4897-43a9-a52a-fdd67bba99ae@group-D0D272707E6F-LeaderElection66] INFO  server.RaftServerConfigKeys (ConfUtils.java:logGet(44)) - raft.server.write.element-limit = 1024 (custom)
2021-08-27 12:19:29,204 [ff42b6c9-4897-43a9-a52a-fdd67bba99ae@group-D0D272707E6F-LeaderElection66] INFO  server.RaftServerConfigKeys (ConfUtils.java:logGet(44)) - raft.server.write.byte-limit = 1024 M (=1073741824) (custom)
2021-08-27 12:19:29,205 [ff42b6c9-4897-43a9-a52a-fdd67bba99ae@group-D0D272707E6F-LeaderElection66] INFO  server.RaftServerConfigKeys (ConfUtils.java:logGet(44)) - raft.server.watch.timeout = 3000ms (custom)
2021-08-27 12:19:29,205 [ff42b6c9-4897-43a9-a52a-fdd67bba99ae@group-D0D272707E6F-LeaderElection66] INFO  server.RaftServerConfigKeys (ConfUtils.java:logGet(44)) - raft.server.watch.timeout.denomination = 1s (default)
2021-08-27 12:19:29,205 [ff42b6c9-4897-43a9-a52a-fdd67bba99ae@group-D0D272707E6F-LeaderElection66] INFO  server.RaftServerConfigKeys (ConfUtils.java:logGet(44)) - raft.server.watch.element-limit = 65536 (default)
2021-08-27 12:19:29,210 [ff42b6c9-4897-43a9-a52a-fdd67bba99ae@group-D0D272707E6F-LeaderElection66] INFO  impl.RoleInfo (RoleInfo.java:updateAndGet(130)) - ff42b6c9-4897-43a9-a52a-fdd67bba99ae: start ff42b6c9-4897-43a9-a52a-fdd67bba99ae@group-D0D272707E6F-LeaderStateImpl
2021-08-27 12:19:29,214 [ff42b6c9-4897-43a9-a52a-fdd67bba99ae@group-D0D272707E6F-LeaderElection66] INFO  segmented.SegmentedRaftLogWorker (SegmentedRaftLogWorker.java:startLogSegment(394)) - ff42b6c9-4897-43a9-a52a-fdd67bba99ae@group-D0D272707E6F-SegmentedRaftLogWorker: Starting segment from index:0
2021-08-27 12:19:29,239 [ff42b6c9-4897-43a9-a52a-fdd67bba99ae@group-D0D272707E6F-SegmentedRaftLogWorker] INFO  segmented.SegmentedRaftLogWorker (SegmentedRaftLogWorker.java:execute(601)) - ff42b6c9-4897-43a9-a52a-fdd67bba99ae@group-D0D272707E6F-SegmentedRaftLogWorker: created new log segment /home/runner/work/ozone/ozone/hadoop-ozone/integration-test/target/test-dir/MiniOzoneClusterImpl-595ad429-f938-4b04-a1e1-fbbc785922f0/datanode-6/data/ratis/f87de282-f697-4be1-abab-d0d272707e6f/current/log_inprogress_0
2021-08-27 12:19:29,240 [ff42b6c9-4897-43a9-a52a-fdd67bba99ae@group-D0D272707E6F-LeaderElection66] INFO  server.RaftServer$Division (ServerState.java:setRaftConf(387)) - ff42b6c9-4897-43a9-a52a-fdd67bba99ae@group-D0D272707E6F: set configuration 0: [ff42b6c9-4897-43a9-a52a-fdd67bba99ae|rpc:10.1.0.9:45231|dataStream:|priority:1], old=null
2021-08-27 12:19:29,253 [ff42b6c9-4897-43a9-a52a-fdd67bba99ae@group-2816B9E709FD-FollowerState] INFO  impl.FollowerState (FollowerState.java:run(134)) - ff42b6c9-4897-43a9-a52a-fdd67bba99ae@group-2816B9E709FD-FollowerState: change to CANDIDATE, lastRpcElapsedTime:5052774975ns, electionTimeout:5050ms
2021-08-27 12:19:29,253 [ff42b6c9-4897-43a9-a52a-fdd67bba99ae@group-2816B9E709FD-FollowerState] INFO  impl.RoleInfo (RoleInfo.java:shutdownFollowerState(108)) - ff42b6c9-4897-43a9-a52a-fdd67bba99ae: shutdown ff42b6c9-4897-43a9-a52a-fdd67bba99ae@group-2816B9E709FD-FollowerState
2021-08-27 12:19:29,253 [ff42b6c9-4897-43a9-a52a-fdd67bba99ae@group-2816B9E709FD-FollowerState] INFO  server.RaftServer$Division (RaftServerImpl.java:setRole(285)) - ff42b6c9-4897-43a9-a52a-fdd67bba99ae@group-2816B9E709FD: changes role from  FOLLOWER to CANDIDATE at term 0 for changeToCandidate
2021-08-27 12:19:29,253 [ff42b6c9-4897-43a9-a52a-fdd67bba99ae@group-2816B9E709FD-FollowerState] INFO  server.RaftServerConfigKeys (ConfUtils.java:logGet(44)) - raft.server.leaderelection.pre-vote = false (custom)
2021-08-27 12:19:29,253 [ff42b6c9-4897-43a9-a52a-fdd67bba99ae@group-2816B9E709FD-FollowerState] INFO  impl.RoleInfo (RoleInfo.java:updateAndGet(130)) - ff42b6c9-4897-43a9-a52a-fdd67bba99ae: start ff42b6c9-4897-43a9-a52a-fdd67bba99ae@group-2816B9E709FD-LeaderElection67
2021-08-27 12:19:29,286 [ff42b6c9-4897-43a9-a52a-fdd67bba99ae@group-2816B9E709FD-LeaderElection67] INFO  impl.LeaderElection (LeaderElection.java:askForVotes(306)) - ff42b6c9-4897-43a9-a52a-fdd67bba99ae@group-2816B9E709FD-LeaderElection67 ELECTION round 0: submit vote requests at term 1 for -1: [ff42b6c9-4897-43a9-a52a-fdd67bba99ae|rpc:10.1.0.9:45231|priority:0, 96076b98-8515-473a-ab50-26e1974acf6c|rpc:10.1.0.9:44405|priority:0, 1fe13acc-f0f9-4502-98df-9f6d0a8c5d2e|rpc:10.1.0.9:40147|priority:1], old=null
2021-08-27 12:19:29,328 [grpc-default-executor-0] INFO  server.RaftServer$Division (RaftServerImpl.java:requestVote(1043)) - 96076b98-8515-473a-ab50-26e1974acf6c@group-2816B9E709FD: receive requestVote(ELECTION, ff42b6c9-4897-43a9-a52a-fdd67bba99ae, group-2816B9E709FD, 1, (t:0, i:0))
2021-08-27 12:19:29,328 [grpc-default-executor-0] INFO  impl.VoteContext (VoteContext.java:log(48)) - 96076b98-8515-473a-ab50-26e1974acf6c@group-2816B9E709FD-FOLLOWER: accept ELECTION from ff42b6c9-4897-43a9-a52a-fdd67bba99ae: our priority 0 <= candidate's priority 0
2021-08-27 12:19:29,328 [grpc-default-executor-0] INFO  server.RaftServer$Division (RaftServerImpl.java:setRole(285)) - 96076b98-8515-473a-ab50-26e1974acf6c@group-2816B9E709FD: changes role from  FOLLOWER to FOLLOWER at term 1 for candidate:ff42b6c9-4897-43a9-a52a-fdd67bba99ae
2021-08-27 12:19:29,328 [grpc-default-executor-0] INFO  impl.RoleInfo (RoleInfo.java:shutdownFollowerState(108)) - 96076b98-8515-473a-ab50-26e1974acf6c: shutdown 96076b98-8515-473a-ab50-26e1974acf6c@group-2816B9E709FD-FollowerState
2021-08-27 12:19:29,329 [grpc-default-executor-0] INFO  impl.RoleInfo (RoleInfo.java:updateAndGet(130)) - 96076b98-8515-473a-ab50-26e1974acf6c: start 96076b98-8515-473a-ab50-26e1974acf6c@group-2816B9E709FD-FollowerState
2021-08-27 12:19:29,329 [96076b98-8515-473a-ab50-26e1974acf6c@group-2816B9E709FD-FollowerState] INFO  impl.FollowerState (FollowerState.java:run(143)) - 96076b98-8515-473a-ab50-26e1974acf6c@group-2816B9E709FD-FollowerState was interrupted: {}
java.lang.InterruptedException: sleep interrupted
	at java.lang.Thread.sleep(Native Method)
	at java.lang.Thread.sleep(Thread.java:340)
	at java.util.concurrent.TimeUnit.sleep(TimeUnit.java:386)
	at org.apache.ratis.util.TimeDuration.sleep(TimeDuration.java:324)
	at org.apache.ratis.util.TimeDuration.sleep(TimeDuration.java:309)
	at org.apache.ratis.server.impl.FollowerState.run(FollowerState.java:118)
2021-08-27 12:19:29,346 [grpc-default-executor-0] INFO  server.RaftServer$Division (RaftServerImpl.java:requestVote(1075)) - 96076b98-8515-473a-ab50-26e1974acf6c@group-2816B9E709FD replies to ELECTION vote request: ff42b6c9-4897-43a9-a52a-fdd67bba99ae<-96076b98-8515-473a-ab50-26e1974acf6c#0:OK-t1. Peer's state: 96076b98-8515-473a-ab50-26e1974acf6c@group-2816B9E709FD:t1, leader=null, voted=ff42b6c9-4897-43a9-a52a-fdd67bba99ae, raftlog=96076b98-8515-473a-ab50-26e1974acf6c@group-2816B9E709FD-SegmentedRaftLog:OPENED:c-1,f-1,i0, conf=-1: [ff42b6c9-4897-43a9-a52a-fdd67bba99ae|rpc:10.1.0.9:45231|dataStream:|priority:0, 96076b98-8515-473a-ab50-26e1974acf6c|rpc:10.1.0.9:44405|dataStream:|priority:0, 1fe13acc-f0f9-4502-98df-9f6d0a8c5d2e|rpc:10.1.0.9:40147|dataStream:|priority:1], old=null
2021-08-27 12:19:29,362 [grpc-default-executor-0] INFO  server.RaftServer$Division (RaftServerImpl.java:requestVote(1043)) - 1fe13acc-f0f9-4502-98df-9f6d0a8c5d2e@group-2816B9E709FD: receive requestVote(ELECTION, ff42b6c9-4897-43a9-a52a-fdd67bba99ae, group-2816B9E709FD, 1, (t:0, i:0))
2021-08-27 12:19:29,363 [grpc-default-executor-0] INFO  impl.VoteContext (VoteContext.java:log(48)) - 1fe13acc-f0f9-4502-98df-9f6d0a8c5d2e@group-2816B9E709FD-FOLLOWER: reject ELECTION from ff42b6c9-4897-43a9-a52a-fdd67bba99ae: our priority 1 > candidate's priority 0
2021-08-27 12:19:29,363 [grpc-default-executor-0] INFO  server.RaftServer$Division (RaftServerImpl.java:setRole(285)) - 1fe13acc-f0f9-4502-98df-9f6d0a8c5d2e@group-2816B9E709FD: changes role from  FOLLOWER to FOLLOWER at term 1 for candidate:ff42b6c9-4897-43a9-a52a-fdd67bba99ae
2021-08-27 12:19:29,363 [grpc-default-executor-0] INFO  impl.RoleInfo (RoleInfo.java:shutdownFollowerState(108)) - 1fe13acc-f0f9-4502-98df-9f6d0a8c5d2e: shutdown 1fe13acc-f0f9-4502-98df-9f6d0a8c5d2e@group-2816B9E709FD-FollowerState
2021-08-27 12:19:29,363 [1fe13acc-f0f9-4502-98df-9f6d0a8c5d2e@group-2816B9E709FD-FollowerState] INFO  impl.FollowerState (FollowerState.java:run(143)) - 1fe13acc-f0f9-4502-98df-9f6d0a8c5d2e@group-2816B9E709FD-FollowerState was interrupted: {}
java.lang.InterruptedException: sleep interrupted
	at java.lang.Thread.sleep(Native Method)
	at java.lang.Thread.sleep(Thread.java:340)
	at java.util.concurrent.TimeUnit.sleep(TimeUnit.java:386)
	at org.apache.ratis.util.TimeDuration.sleep(TimeDuration.java:324)
	at org.apache.ratis.util.TimeDuration.sleep(TimeDuration.java:309)
	at org.apache.ratis.server.impl.FollowerState.run(FollowerState.java:118)
2021-08-27 12:19:29,363 [grpc-default-executor-0] INFO  impl.RoleInfo (RoleInfo.java:updateAndGet(130)) - 1fe13acc-f0f9-4502-98df-9f6d0a8c5d2e: start 1fe13acc-f0f9-4502-98df-9f6d0a8c5d2e@group-2816B9E709FD-FollowerState
2021-08-27 12:19:29,366 [grpc-default-executor-0] INFO  server.RaftServer$Division (RaftServerImpl.java:requestVote(1075)) - 1fe13acc-f0f9-4502-98df-9f6d0a8c5d2e@group-2816B9E709FD replies to ELECTION vote request: ff42b6c9-4897-43a9-a52a-fdd67bba99ae<-1fe13acc-f0f9-4502-98df-9f6d0a8c5d2e#0:FAIL-t1. Peer's state: 1fe13acc-f0f9-4502-98df-9f6d0a8c5d2e@group-2816B9E709FD:t1, leader=null, voted=null, raftlog=1fe13acc-f0f9-4502-98df-9f6d0a8c5d2e@group-2816B9E709FD-SegmentedRaftLog:OPENED:c-1,f-1,i0, conf=-1: [ff42b6c9-4897-43a9-a52a-fdd67bba99ae|rpc:10.1.0.9:45231|dataStream:|priority:0, 96076b98-8515-473a-ab50-26e1974acf6c|rpc:10.1.0.9:44405|dataStream:|priority:0, 1fe13acc-f0f9-4502-98df-9f6d0a8c5d2e|rpc:10.1.0.9:40147|dataStream:|priority:1], old=null
2021-08-27 12:19:29,368 [ff42b6c9-4897-43a9-a52a-fdd67bba99ae@group-2816B9E709FD-LeaderElection67] INFO  impl.LeaderElection (LeaderElection.java:logAndReturn(89)) - ff42b6c9-4897-43a9-a52a-fdd67bba99ae@group-2816B9E709FD-LeaderElection67: ELECTION REJECTED received 2 response(s) and 0 exception(s):
2021-08-27 12:19:29,368 [ff42b6c9-4897-43a9-a52a-fdd67bba99ae@group-2816B9E709FD-LeaderElection67] INFO  impl.LeaderElection (LeaderElection.java:logAndReturn(93)) -   Response 0: ff42b6c9-4897-43a9-a52a-fdd67bba99ae<-96076b98-8515-473a-ab50-26e1974acf6c#0:OK-t1
2021-08-27 12:19:29,368 [ff42b6c9-4897-43a9-a52a-fdd67bba99ae@group-2816B9E709FD-LeaderElection67] INFO  impl.LeaderElection (LeaderElection.java:logAndReturn(93)) -   Response 1: ff42b6c9-4897-43a9-a52a-fdd67bba99ae<-1fe13acc-f0f9-4502-98df-9f6d0a8c5d2e#0:FAIL-t1
2021-08-27 12:19:29,368 [ff42b6c9-4897-43a9-a52a-fdd67bba99ae@group-2816B9E709FD-LeaderElection67] INFO  impl.LeaderElection (LeaderElection.java:askForVotes(308)) - ff42b6c9-4897-43a9-a52a-fdd67bba99ae@group-2816B9E709FD-LeaderElection67 ELECTION round 0: result REJECTED
2021-08-27 12:19:29,368 [ff42b6c9-4897-43a9-a52a-fdd67bba99ae@group-2816B9E709FD-LeaderElection67] INFO  server.RaftServer$Division (RaftServerImpl.java:setRole(285)) - ff42b6c9-4897-43a9-a52a-fdd67bba99ae@group-2816B9E709FD: changes role from CANDIDATE to FOLLOWER at term 1 for REJECTED
2021-08-27 12:19:29,368 [ff42b6c9-4897-43a9-a52a-fdd67bba99ae@group-2816B9E709FD-LeaderElection67] INFO  impl.RoleInfo (RoleInfo.java:shutdownLeaderElection(121)) - ff42b6c9-4897-43a9-a52a-fdd67bba99ae: shutdown ff42b6c9-4897-43a9-a52a-fdd67bba99ae@group-2816B9E709FD-LeaderElection67
2021-08-27 12:19:29,368 [ff42b6c9-4897-43a9-a52a-fdd67bba99ae@group-2816B9E709FD-LeaderElection67] INFO  impl.RoleInfo (RoleInfo.java:updateAndGet(130)) - ff42b6c9-4897-43a9-a52a-fdd67bba99ae: start ff42b6c9-4897-43a9-a52a-fdd67bba99ae@group-2816B9E709FD-FollowerState
2021-08-27 12:19:29,561 [96076b98-8515-473a-ab50-26e1974acf6c@group-273B8F00FECE-FollowerState] INFO  impl.FollowerState (FollowerState.java:run(134)) - 96076b98-8515-473a-ab50-26e1974acf6c@group-273B8F00FECE-FollowerState: change to CANDIDATE, lastRpcElapsedTime:5120908368ns, electionTimeout:5117ms
2021-08-27 12:19:29,561 [96076b98-8515-473a-ab50-26e1974acf6c@group-273B8F00FECE-FollowerState] INFO  impl.RoleInfo (RoleInfo.java:shutdownFollowerState(108)) - 96076b98-8515-473a-ab50-26e1974acf6c: shutdown 96076b98-8515-473a-ab50-26e1974acf6c@group-273B8F00FECE-FollowerState
2021-08-27 12:19:29,561 [96076b98-8515-473a-ab50-26e1974acf6c@group-273B8F00FECE-FollowerState] INFO  server.RaftServer$Division (RaftServerImpl.java:setRole(285)) - 96076b98-8515-473a-ab50-26e1974acf6c@group-273B8F00FECE: changes role from  FOLLOWER to CANDIDATE at term 0 for changeToCandidate
2021-08-27 12:19:29,562 [96076b98-8515-473a-ab50-26e1974acf6c@group-273B8F00FECE-FollowerState] INFO  server.RaftServerConfigKeys (ConfUtils.java:logGet(44)) - raft.server.leaderelection.pre-vote = false (custom)
2021-08-27 12:19:29,563 [96076b98-8515-473a-ab50-26e1974acf6c@group-273B8F00FECE-FollowerState] INFO  impl.RoleInfo (RoleInfo.java:updateAndGet(130)) - 96076b98-8515-473a-ab50-26e1974acf6c: start 96076b98-8515-473a-ab50-26e1974acf6c@group-273B8F00FECE-LeaderElection68
2021-08-27 12:19:29,579 [96076b98-8515-473a-ab50-26e1974acf6c@group-273B8F00FECE-LeaderElection68] INFO  impl.LeaderElection (LeaderElection.java:askForVotes(306)) - 96076b98-8515-473a-ab50-26e1974acf6c@group-273B8F00FECE-LeaderElection68 ELECTION round 0: submit vote requests at term 1 for -1: [96076b98-8515-473a-ab50-26e1974acf6c|rpc:10.1.0.9:44405|priority:1], old=null
2021-08-27 12:19:29,579 [96076b98-8515-473a-ab50-26e1974acf6c@group-273B8F00FECE-LeaderElection68] INFO  impl.LeaderElection (LeaderElection.java:askForVotes(308)) - 96076b98-8515-473a-ab50-26e1974acf6c@group-273B8F00FECE-LeaderElection68 ELECTION round 0: result PASSED (term=1)
2021-08-27 12:19:29,580 [96076b98-8515-473a-ab50-26e1974acf6c@group-273B8F00FECE-LeaderElection68] INFO  impl.RoleInfo (RoleInfo.java:shutdownLeaderElection(121)) - 96076b98-8515-473a-ab50-26e1974acf6c: shutdown 96076b98-8515-473a-ab50-26e1974acf6c@group-273B8F00FECE-LeaderElection68
2021-08-27 12:19:29,580 [96076b98-8515-473a-ab50-26e1974acf6c@group-273B8F00FECE-LeaderElection68] INFO  server.RaftServer$Division (RaftServerImpl.java:setRole(285)) - 96076b98-8515-473a-ab50-26e1974acf6c@group-273B8F00FECE: changes role from CANDIDATE to LEADER at term 1 for changeToLeader
2021-08-27 12:19:29,580 [96076b98-8515-473a-ab50-26e1974acf6c@group-273B8F00FECE-LeaderElection68] INFO  ratis.XceiverServerRatis (XceiverServerRatis.java:handleLeaderChangedNotification(861)) - Leader change notification received for group: group-273B8F00FECE with new leaderId: 96076b98-8515-473a-ab50-26e1974acf6c
2021-08-27 12:19:29,581 [Datanode State Machine Thread - 0] WARN  statemachine.StateContext (StateContext.java:execute(621)) - No available thread in pool for past 1 seconds.
2021-08-27 12:19:29,581 [96076b98-8515-473a-ab50-26e1974acf6c@group-273B8F00FECE-LeaderElection68] INFO  server.RaftServer$Division (ServerState.java:setLeader(285)) - 96076b98-8515-473a-ab50-26e1974acf6c@group-273B8F00FECE: change Leader from null to 96076b98-8515-473a-ab50-26e1974acf6c at term 1 for becomeLeader, leader elected after 5155ms
2021-08-27 12:19:29,582 [EventQueue-OpenPipelineForHealthyPipelineSafeModeRule] INFO  safemode.SCMSafeModeManager (HealthyPipelineSafeModeRule.java:process(124)) - SCM in safe mode. Healthy pipelines reported count is 0, required healthy pipeline reported count is 1
2021-08-27 12:19:29,582 [96076b98-8515-473a-ab50-26e1974acf6c@group-273B8F00FECE-LeaderElection68] INFO  server.RaftServerConfigKeys (ConfUtils.java:logGet(44)) - raft.server.staging.catchup.gap = 1000 (default)
2021-08-27 12:19:29,583 [96076b98-8515-473a-ab50-26e1974acf6c@group-273B8F00FECE-LeaderElection68] INFO  server.RaftServerConfigKeys (ConfUtils.java:logGet(44)) - raft.server.write.element-limit = 1024 (custom)
2021-08-27 12:19:29,583 [96076b98-8515-473a-ab50-26e1974acf6c@group-273B8F00FECE-LeaderElection68] INFO  server.RaftServerConfigKeys (ConfUtils.java:logGet(44)) - raft.server.write.byte-limit = 1024 M (=1073741824) (custom)
2021-08-27 12:19:29,584 [96076b98-8515-473a-ab50-26e1974acf6c@group-273B8F00FECE-LeaderElection68] INFO  server.RaftServerConfigKeys (ConfUtils.java:logGet(44)) - raft.server.watch.timeout = 3000ms (custom)
2021-08-27 12:19:29,584 [96076b98-8515-473a-ab50-26e1974acf6c@group-273B8F00FECE-LeaderElection68] INFO  server.RaftServerConfigKeys (ConfUtils.java:logGet(44)) - raft.server.watch.timeout.denomination = 1s (default)
2021-08-27 12:19:29,584 [96076b98-8515-473a-ab50-26e1974acf6c@group-273B8F00FECE-LeaderElection68] INFO  server.RaftServerConfigKeys (ConfUtils.java:logGet(44)) - raft.server.watch.element-limit = 65536 (default)
2021-08-27 12:19:29,584 [96076b98-8515-473a-ab50-26e1974acf6c@group-273B8F00FECE-LeaderElection68] INFO  impl.RoleInfo (RoleInfo.java:updateAndGet(130)) - 96076b98-8515-473a-ab50-26e1974acf6c: start 96076b98-8515-473a-ab50-26e1974acf6c@group-273B8F00FECE-LeaderStateImpl
2021-08-27 12:19:29,584 [96076b98-8515-473a-ab50-26e1974acf6c@group-273B8F00FECE-LeaderElection68] INFO  segmented.SegmentedRaftLogWorker (SegmentedRaftLogWorker.java:startLogSegment(394)) - 96076b98-8515-473a-ab50-26e1974acf6c@group-273B8F00FECE-SegmentedRaftLogWorker: Starting segment from index:0
2021-08-27 12:19:29,586 [96076b98-8515-473a-ab50-26e1974acf6c@group-273B8F00FECE-LeaderElection68] INFO  server.RaftServer$Division (ServerState.java:setRaftConf(387)) - 96076b98-8515-473a-ab50-26e1974acf6c@group-273B8F00FECE: set configuration 0: [96076b98-8515-473a-ab50-26e1974acf6c|rpc:10.1.0.9:44405|dataStream:|priority:1], old=null
2021-08-27 12:19:29,593 [96076b98-8515-473a-ab50-26e1974acf6c@group-273B8F00FECE-SegmentedRaftLogWorker] INFO  segmented.SegmentedRaftLogWorker (SegmentedRaftLogWorker.java:execute(601)) - 96076b98-8515-473a-ab50-26e1974acf6c@group-273B8F00FECE-SegmentedRaftLogWorker: created new log segment /home/runner/work/ozone/ozone/hadoop-ozone/integration-test/target/test-dir/MiniOzoneClusterImpl-595ad429-f938-4b04-a1e1-fbbc785922f0/datanode-7/data/ratis/360ed035-2556-4248-ad25-273b8f00fece/current/log_inprogress_0
2021-08-27 12:19:29,733 [Listener at 127.0.0.1/43833] INFO  ozone.MiniOzoneClusterImpl (MiniOzoneClusterImpl.java:lambda$waitForClusterToBeReady$0(235)) - Nodes are ready. Got 9 of 9 DN Heartbeats.
2021-08-27 12:19:29,733 [Listener at 127.0.0.1/43833] INFO  ozone.MiniOzoneClusterImpl (MiniOzoneClusterImpl.java:lambda$waitForClusterToBeReady$0(238)) - Waiting for cluster to exit safe mode
2021-08-27 12:19:29,733 [Listener at 127.0.0.1/43833] INFO  ozone.MiniOzoneClusterImpl (MiniOzoneClusterImpl.java:lambda$waitForClusterToBeReady$0(240)) - SCM became leader
2021-08-27 12:19:29,902 [1fe13acc-f0f9-4502-98df-9f6d0a8c5d2e@group-D255EA171E03-FollowerState] INFO  impl.FollowerState (FollowerState.java:run(134)) - 1fe13acc-f0f9-4502-98df-9f6d0a8c5d2e@group-D255EA171E03-FollowerState: change to CANDIDATE, lastRpcElapsedTime:5089911470ns, electionTimeout:5089ms
2021-08-27 12:19:29,902 [1fe13acc-f0f9-4502-98df-9f6d0a8c5d2e@group-D255EA171E03-FollowerState] INFO  impl.RoleInfo (RoleInfo.java:shutdownFollowerState(108)) - 1fe13acc-f0f9-4502-98df-9f6d0a8c5d2e: shutdown 1fe13acc-f0f9-4502-98df-9f6d0a8c5d2e@group-D255EA171E03-FollowerState
2021-08-27 12:19:29,903 [1fe13acc-f0f9-4502-98df-9f6d0a8c5d2e@group-D255EA171E03-FollowerState] INFO  server.RaftServer$Division (RaftServerImpl.java:setRole(285)) - 1fe13acc-f0f9-4502-98df-9f6d0a8c5d2e@group-D255EA171E03: changes role from  FOLLOWER to CANDIDATE at term 0 for changeToCandidate
2021-08-27 12:19:29,903 [1fe13acc-f0f9-4502-98df-9f6d0a8c5d2e@group-D255EA171E03-FollowerState] INFO  server.RaftServerConfigKeys (ConfUtils.java:logGet(44)) - raft.server.leaderelection.pre-vote = false (custom)
2021-08-27 12:19:29,903 [1fe13acc-f0f9-4502-98df-9f6d0a8c5d2e@group-D255EA171E03-FollowerState] INFO  impl.RoleInfo (RoleInfo.java:updateAndGet(130)) - 1fe13acc-f0f9-4502-98df-9f6d0a8c5d2e: start 1fe13acc-f0f9-4502-98df-9f6d0a8c5d2e@group-D255EA171E03-LeaderElection69
2021-08-27 12:19:29,908 [1fe13acc-f0f9-4502-98df-9f6d0a8c5d2e@group-D255EA171E03-LeaderElection69] INFO  impl.LeaderElection (LeaderElection.java:askForVotes(306)) - 1fe13acc-f0f9-4502-98df-9f6d0a8c5d2e@group-D255EA171E03-LeaderElection69 ELECTION round 0: submit vote requests at term 1 for -1: [1fe13acc-f0f9-4502-98df-9f6d0a8c5d2e|rpc:10.1.0.9:40147|priority:1], old=null
2021-08-27 12:19:29,908 [1fe13acc-f0f9-4502-98df-9f6d0a8c5d2e@group-D255EA171E03-LeaderElection69] INFO  impl.LeaderElection (LeaderElection.java:askForVotes(308)) - 1fe13acc-f0f9-4502-98df-9f6d0a8c5d2e@group-D255EA171E03-LeaderElection69 ELECTION round 0: result PASSED (term=1)
2021-08-27 12:19:29,909 [1fe13acc-f0f9-4502-98df-9f6d0a8c5d2e@group-D255EA171E03-LeaderElection69] INFO  impl.RoleInfo (RoleInfo.java:shutdownLeaderElection(121)) - 1fe13acc-f0f9-4502-98df-9f6d0a8c5d2e: shutdown 1fe13acc-f0f9-4502-98df-9f6d0a8c5d2e@group-D255EA171E03-LeaderElection69
2021-08-27 12:19:29,909 [1fe13acc-f0f9-4502-98df-9f6d0a8c5d2e@group-D255EA171E03-LeaderElection69] INFO  server.RaftServer$Division (RaftServerImpl.java:setRole(285)) - 1fe13acc-f0f9-4502-98df-9f6d0a8c5d2e@group-D255EA171E03: changes role from CANDIDATE to LEADER at term 1 for changeToLeader
2021-08-27 12:19:29,909 [1fe13acc-f0f9-4502-98df-9f6d0a8c5d2e@group-D255EA171E03-LeaderElection69] INFO  ratis.XceiverServerRatis (XceiverServerRatis.java:handleLeaderChangedNotification(861)) - Leader change notification received for group: group-D255EA171E03 with new leaderId: 1fe13acc-f0f9-4502-98df-9f6d0a8c5d2e
2021-08-27 12:19:29,911 [1fe13acc-f0f9-4502-98df-9f6d0a8c5d2e@group-D255EA171E03-LeaderElection69] INFO  server.RaftServer$Division (ServerState.java:setLeader(285)) - 1fe13acc-f0f9-4502-98df-9f6d0a8c5d2e@group-D255EA171E03: change Leader from null to 1fe13acc-f0f9-4502-98df-9f6d0a8c5d2e at term 1 for becomeLeader, leader elected after 5103ms
2021-08-27 12:19:29,911 [1fe13acc-f0f9-4502-98df-9f6d0a8c5d2e@group-D255EA171E03-LeaderElection69] INFO  server.RaftServerConfigKeys (ConfUtils.java:logGet(44)) - raft.server.staging.catchup.gap = 1000 (default)
2021-08-27 12:19:29,911 [Datanode State Machine Thread - 0] WARN  statemachine.StateContext (StateContext.java:execute(621)) - No available thread in pool for past 1 seconds.
2021-08-27 12:19:29,914 [EventQueue-OpenPipelineForHealthyPipelineSafeModeRule] INFO  safemode.SCMSafeModeManager (HealthyPipelineSafeModeRule.java:process(124)) - SCM in safe mode. Healthy pipelines reported count is 0, required healthy pipeline reported count is 1
2021-08-27 12:19:29,919 [1fe13acc-f0f9-4502-98df-9f6d0a8c5d2e@group-D255EA171E03-LeaderElection69] INFO  server.RaftServerConfigKeys (ConfUtils.java:logGet(44)) - raft.server.write.element-limit = 1024 (custom)
2021-08-27 12:19:29,919 [1fe13acc-f0f9-4502-98df-9f6d0a8c5d2e@group-D255EA171E03-LeaderElection69] INFO  server.RaftServerConfigKeys (ConfUtils.java:logGet(44)) - raft.server.write.byte-limit = 1024 M (=1073741824) (custom)
2021-08-27 12:19:29,919 [1fe13acc-f0f9-4502-98df-9f6d0a8c5d2e@group-D255EA171E03-LeaderElection69] INFO  server.RaftServerConfigKeys (ConfUtils.java:logGet(44)) - raft.server.watch.timeout = 3000ms (custom)
2021-08-27 12:19:29,919 [1fe13acc-f0f9-4502-98df-9f6d0a8c5d2e@group-D255EA171E03-LeaderElection69] INFO  server.RaftServerConfigKeys (ConfUtils.java:logGet(44)) - raft.server.watch.timeout.denomination = 1s (default)
2021-08-27 12:19:29,919 [1fe13acc-f0f9-4502-98df-9f6d0a8c5d2e@group-D255EA171E03-LeaderElection69] INFO  server.RaftServerConfigKeys (ConfUtils.java:logGet(44)) - raft.server.watch.element-limit = 65536 (default)
2021-08-27 12:19:29,920 [1fe13acc-f0f9-4502-98df-9f6d0a8c5d2e@group-D255EA171E03-LeaderElection69] INFO  impl.RoleInfo (RoleInfo.java:updateAndGet(130)) - 1fe13acc-f0f9-4502-98df-9f6d0a8c5d2e: start 1fe13acc-f0f9-4502-98df-9f6d0a8c5d2e@group-D255EA171E03-LeaderStateImpl
2021-08-27 12:19:29,920 [1fe13acc-f0f9-4502-98df-9f6d0a8c5d2e@group-D255EA171E03-LeaderElection69] INFO  segmented.SegmentedRaftLogWorker (SegmentedRaftLogWorker.java:startLogSegment(394)) - 1fe13acc-f0f9-4502-98df-9f6d0a8c5d2e@group-D255EA171E03-SegmentedRaftLogWorker: Starting segment from index:0
2021-08-27 12:19:29,925 [1fe13acc-f0f9-4502-98df-9f6d0a8c5d2e@group-D255EA171E03-SegmentedRaftLogWorker] INFO  segmented.SegmentedRaftLogWorker (SegmentedRaftLogWorker.java:execute(601)) - 1fe13acc-f0f9-4502-98df-9f6d0a8c5d2e@group-D255EA171E03-SegmentedRaftLogWorker: created new log segment /home/runner/work/ozone/ozone/hadoop-ozone/integration-test/target/test-dir/MiniOzoneClusterImpl-595ad429-f938-4b04-a1e1-fbbc785922f0/datanode-8/data/ratis/e5b10fb8-f6c8-4815-9d88-d255ea171e03/current/log_inprogress_0
2021-08-27 12:19:29,926 [1fe13acc-f0f9-4502-98df-9f6d0a8c5d2e@group-D255EA171E03-LeaderElection69] INFO  server.RaftServer$Division (ServerState.java:setRaftConf(387)) - 1fe13acc-f0f9-4502-98df-9f6d0a8c5d2e@group-D255EA171E03: set configuration 0: [1fe13acc-f0f9-4502-98df-9f6d0a8c5d2e|rpc:10.1.0.9:40147|dataStream:|priority:1], old=null
2021-08-27 12:19:30,733 [Listener at 127.0.0.1/43833] INFO  ozone.MiniOzoneClusterImpl (MiniOzoneClusterImpl.java:lambda$waitForClusterToBeReady$0(235)) - Nodes are ready. Got 9 of 9 DN Heartbeats.
2021-08-27 12:19:30,733 [Listener at 127.0.0.1/43833] INFO  ozone.MiniOzoneClusterImpl (MiniOzoneClusterImpl.java:lambda$waitForClusterToBeReady$0(238)) - Waiting for cluster to exit safe mode
2021-08-27 12:19:30,733 [Listener at 127.0.0.1/43833] INFO  ozone.MiniOzoneClusterImpl (MiniOzoneClusterImpl.java:lambda$waitForClusterToBeReady$0(240)) - SCM became leader
2021-08-27 12:19:31,734 [Listener at 127.0.0.1/43833] INFO  ozone.MiniOzoneClusterImpl (MiniOzoneClusterImpl.java:lambda$waitForClusterToBeReady$0(235)) - Nodes are ready. Got 9 of 9 DN Heartbeats.
2021-08-27 12:19:31,734 [Listener at 127.0.0.1/43833] INFO  ozone.MiniOzoneClusterImpl (MiniOzoneClusterImpl.java:lambda$waitForClusterToBeReady$0(238)) - Waiting for cluster to exit safe mode
2021-08-27 12:19:31,734 [Listener at 127.0.0.1/43833] INFO  ozone.MiniOzoneClusterImpl (MiniOzoneClusterImpl.java:lambda$waitForClusterToBeReady$0(240)) - SCM became leader
2021-08-27 12:19:32,531 [97469cba-ac70-4b4e-8b1d-7d1e4e3cf9ac@group-6AA931AC1D3C-FollowerState] INFO  impl.FollowerState (FollowerState.java:run(134)) - 97469cba-ac70-4b4e-8b1d-7d1e4e3cf9ac@group-6AA931AC1D3C-FollowerState: change to CANDIDATE, lastRpcElapsedTime:5092902257ns, electionTimeout:5076ms
2021-08-27 12:19:32,531 [97469cba-ac70-4b4e-8b1d-7d1e4e3cf9ac@group-6AA931AC1D3C-FollowerState] INFO  impl.RoleInfo (RoleInfo.java:shutdownFollowerState(108)) - 97469cba-ac70-4b4e-8b1d-7d1e4e3cf9ac: shutdown 97469cba-ac70-4b4e-8b1d-7d1e4e3cf9ac@group-6AA931AC1D3C-FollowerState
2021-08-27 12:19:32,531 [97469cba-ac70-4b4e-8b1d-7d1e4e3cf9ac@group-6AA931AC1D3C-FollowerState] INFO  server.RaftServer$Division (RaftServerImpl.java:setRole(285)) - 97469cba-ac70-4b4e-8b1d-7d1e4e3cf9ac@group-6AA931AC1D3C: changes role from  FOLLOWER to CANDIDATE at term 1 for changeToCandidate
2021-08-27 12:19:32,531 [97469cba-ac70-4b4e-8b1d-7d1e4e3cf9ac@group-6AA931AC1D3C-FollowerState] INFO  server.RaftServerConfigKeys (ConfUtils.java:logGet(44)) - raft.server.leaderelection.pre-vote = false (custom)
2021-08-27 12:19:32,532 [97469cba-ac70-4b4e-8b1d-7d1e4e3cf9ac@group-6AA931AC1D3C-FollowerState] INFO  impl.RoleInfo (RoleInfo.java:updateAndGet(130)) - 97469cba-ac70-4b4e-8b1d-7d1e4e3cf9ac: start 97469cba-ac70-4b4e-8b1d-7d1e4e3cf9ac@group-6AA931AC1D3C-LeaderElection70
2021-08-27 12:19:32,546 [97469cba-ac70-4b4e-8b1d-7d1e4e3cf9ac@group-6AA931AC1D3C-LeaderElection70] INFO  impl.LeaderElection (LeaderElection.java:askForVotes(306)) - 97469cba-ac70-4b4e-8b1d-7d1e4e3cf9ac@group-6AA931AC1D3C-LeaderElection70 ELECTION round 0: submit vote requests at term 2 for -1: [dd2b24ff-1eae-4a3e-81dc-b04424e7f942|rpc:10.1.0.9:39127|priority:0, f890e39a-5838-4db2-99cf-760c0a4a7b9f|rpc:10.1.0.9:38659|priority:0, 97469cba-ac70-4b4e-8b1d-7d1e4e3cf9ac|rpc:10.1.0.9:36551|priority:1], old=null
2021-08-27 12:19:32,560 [grpc-default-executor-0] INFO  server.RaftServer$Division (RaftServerImpl.java:requestVote(1043)) - dd2b24ff-1eae-4a3e-81dc-b04424e7f942@group-6AA931AC1D3C: receive requestVote(ELECTION, 97469cba-ac70-4b4e-8b1d-7d1e4e3cf9ac, group-6AA931AC1D3C, 2, (t:0, i:0))
2021-08-27 12:19:32,562 [grpc-default-executor-0] INFO  impl.VoteContext (VoteContext.java:log(48)) - dd2b24ff-1eae-4a3e-81dc-b04424e7f942@group-6AA931AC1D3C-FOLLOWER: accept ELECTION from 97469cba-ac70-4b4e-8b1d-7d1e4e3cf9ac: our priority 0 <= candidate's priority 1
2021-08-27 12:19:32,563 [grpc-default-executor-0] INFO  server.RaftServer$Division (RaftServerImpl.java:setRole(285)) - dd2b24ff-1eae-4a3e-81dc-b04424e7f942@group-6AA931AC1D3C: changes role from  FOLLOWER to FOLLOWER at term 2 for candidate:97469cba-ac70-4b4e-8b1d-7d1e4e3cf9ac
2021-08-27 12:19:32,563 [grpc-default-executor-0] INFO  impl.RoleInfo (RoleInfo.java:shutdownFollowerState(108)) - dd2b24ff-1eae-4a3e-81dc-b04424e7f942: shutdown dd2b24ff-1eae-4a3e-81dc-b04424e7f942@group-6AA931AC1D3C-FollowerState
2021-08-27 12:19:32,563 [grpc-default-executor-0] INFO  impl.RoleInfo (RoleInfo.java:updateAndGet(130)) - dd2b24ff-1eae-4a3e-81dc-b04424e7f942: start dd2b24ff-1eae-4a3e-81dc-b04424e7f942@group-6AA931AC1D3C-FollowerState
2021-08-27 12:19:32,572 [grpc-default-executor-0] INFO  server.RaftServer$Division (RaftServerImpl.java:requestVote(1075)) - dd2b24ff-1eae-4a3e-81dc-b04424e7f942@group-6AA931AC1D3C replies to ELECTION vote request: 97469cba-ac70-4b4e-8b1d-7d1e4e3cf9ac<-dd2b24ff-1eae-4a3e-81dc-b04424e7f942#0:OK-t2. Peer's state: dd2b24ff-1eae-4a3e-81dc-b04424e7f942@group-6AA931AC1D3C:t2, leader=null, voted=97469cba-ac70-4b4e-8b1d-7d1e4e3cf9ac, raftlog=dd2b24ff-1eae-4a3e-81dc-b04424e7f942@group-6AA931AC1D3C-SegmentedRaftLog:OPENED:c-1,f-1,i0, conf=-1: [dd2b24ff-1eae-4a3e-81dc-b04424e7f942|rpc:10.1.0.9:39127|dataStream:|priority:0, f890e39a-5838-4db2-99cf-760c0a4a7b9f|rpc:10.1.0.9:38659|dataStream:|priority:0, 97469cba-ac70-4b4e-8b1d-7d1e4e3cf9ac|rpc:10.1.0.9:36551|dataStream:|priority:1], old=null
2021-08-27 12:19:32,573 [dd2b24ff-1eae-4a3e-81dc-b04424e7f942@group-6AA931AC1D3C-FollowerState] INFO  impl.FollowerState (FollowerState.java:run(134)) - dd2b24ff-1eae-4a3e-81dc-b04424e7f942@group-6AA931AC1D3C-FollowerState: change to CANDIDATE, lastRpcElapsedTime:5129230053ns, electionTimeout:5096ms
2021-08-27 12:19:32,573 [dd2b24ff-1eae-4a3e-81dc-b04424e7f942@group-6AA931AC1D3C-FollowerState] INFO  impl.RoleInfo (RoleInfo.java:shutdownFollowerState(108)) - dd2b24ff-1eae-4a3e-81dc-b04424e7f942: shutdown dd2b24ff-1eae-4a3e-81dc-b04424e7f942@group-6AA931AC1D3C-FollowerState
2021-08-27 12:19:32,573 [dd2b24ff-1eae-4a3e-81dc-b04424e7f942@group-6AA931AC1D3C-FollowerState] INFO  server.RaftServer$Division (RaftServerImpl.java:setRole(285)) - dd2b24ff-1eae-4a3e-81dc-b04424e7f942@group-6AA931AC1D3C: changes role from  FOLLOWER to CANDIDATE at term 2 for changeToCandidate
2021-08-27 12:19:32,573 [dd2b24ff-1eae-4a3e-81dc-b04424e7f942@group-6AA931AC1D3C-FollowerState] INFO  server.RaftServerConfigKeys (ConfUtils.java:logGet(44)) - raft.server.leaderelection.pre-vote = false (custom)
2021-08-27 12:19:32,573 [dd2b24ff-1eae-4a3e-81dc-b04424e7f942@group-6AA931AC1D3C-FollowerState] INFO  impl.RoleInfo (RoleInfo.java:updateAndGet(130)) - dd2b24ff-1eae-4a3e-81dc-b04424e7f942: start dd2b24ff-1eae-4a3e-81dc-b04424e7f942@group-6AA931AC1D3C-LeaderElection71
2021-08-27 12:19:32,606 [97469cba-ac70-4b4e-8b1d-7d1e4e3cf9ac@group-6AA931AC1D3C-LeaderElection70] INFO  impl.LeaderElection (LeaderElection.java:logAndReturn(89)) - 97469cba-ac70-4b4e-8b1d-7d1e4e3cf9ac@group-6AA931AC1D3C-LeaderElection70: ELECTION PASSED received 1 response(s) and 0 exception(s):
2021-08-27 12:19:32,606 [97469cba-ac70-4b4e-8b1d-7d1e4e3cf9ac@group-6AA931AC1D3C-LeaderElection70] INFO  impl.LeaderElection (LeaderElection.java:logAndReturn(93)) -   Response 0: 97469cba-ac70-4b4e-8b1d-7d1e4e3cf9ac<-dd2b24ff-1eae-4a3e-81dc-b04424e7f942#0:OK-t2
2021-08-27 12:19:32,606 [97469cba-ac70-4b4e-8b1d-7d1e4e3cf9ac@group-6AA931AC1D3C-LeaderElection70] INFO  impl.LeaderElection (LeaderElection.java:askForVotes(308)) - 97469cba-ac70-4b4e-8b1d-7d1e4e3cf9ac@group-6AA931AC1D3C-LeaderElection70 ELECTION round 0: result PASSED
2021-08-27 12:19:32,606 [97469cba-ac70-4b4e-8b1d-7d1e4e3cf9ac@group-6AA931AC1D3C-LeaderElection70] INFO  impl.RoleInfo (RoleInfo.java:shutdownLeaderElection(121)) - 97469cba-ac70-4b4e-8b1d-7d1e4e3cf9ac: shutdown 97469cba-ac70-4b4e-8b1d-7d1e4e3cf9ac@group-6AA931AC1D3C-LeaderElection70
2021-08-27 12:19:32,606 [97469cba-ac70-4b4e-8b1d-7d1e4e3cf9ac@group-6AA931AC1D3C-LeaderElection70] INFO  server.RaftServer$Division (RaftServerImpl.java:setRole(285)) - 97469cba-ac70-4b4e-8b1d-7d1e4e3cf9ac@group-6AA931AC1D3C: changes role from CANDIDATE to LEADER at term 2 for changeToLeader
2021-08-27 12:19:32,606 [97469cba-ac70-4b4e-8b1d-7d1e4e3cf9ac@group-6AA931AC1D3C-LeaderElection70] INFO  ratis.XceiverServerRatis (XceiverServerRatis.java:handleLeaderChangedNotification(861)) - Leader change notification received for group: group-6AA931AC1D3C with new leaderId: 97469cba-ac70-4b4e-8b1d-7d1e4e3cf9ac
2021-08-27 12:19:32,606 [97469cba-ac70-4b4e-8b1d-7d1e4e3cf9ac@group-6AA931AC1D3C-LeaderElection70] INFO  server.RaftServer$Division (ServerState.java:setLeader(285)) - 97469cba-ac70-4b4e-8b1d-7d1e4e3cf9ac@group-6AA931AC1D3C: change Leader from null to 97469cba-ac70-4b4e-8b1d-7d1e4e3cf9ac at term 2 for becomeLeader, leader elected after 10398ms
2021-08-27 12:19:32,606 [97469cba-ac70-4b4e-8b1d-7d1e4e3cf9ac@group-6AA931AC1D3C-LeaderElection70] INFO  server.RaftServerConfigKeys (ConfUtils.java:logGet(44)) - raft.server.staging.catchup.gap = 1000 (default)
2021-08-27 12:19:32,606 [97469cba-ac70-4b4e-8b1d-7d1e4e3cf9ac@group-6AA931AC1D3C-LeaderElection70] INFO  server.RaftServerConfigKeys (ConfUtils.java:logGet(44)) - raft.server.write.element-limit = 1024 (custom)
2021-08-27 12:19:32,606 [97469cba-ac70-4b4e-8b1d-7d1e4e3cf9ac@group-6AA931AC1D3C-LeaderElection70] INFO  server.RaftServerConfigKeys (ConfUtils.java:logGet(44)) - raft.server.write.byte-limit = 1024 M (=1073741824) (custom)
2021-08-27 12:19:32,607 [97469cba-ac70-4b4e-8b1d-7d1e4e3cf9ac@group-6AA931AC1D3C-LeaderElection70] INFO  server.RaftServerConfigKeys (ConfUtils.java:logGet(44)) - raft.server.watch.timeout = 3000ms (custom)
2021-08-27 12:19:32,607 [97469cba-ac70-4b4e-8b1d-7d1e4e3cf9ac@group-6AA931AC1D3C-LeaderElection70] INFO  server.RaftServerConfigKeys (ConfUtils.java:logGet(44)) - raft.server.watch.timeout.denomination = 1s (default)
2021-08-27 12:19:32,607 [97469cba-ac70-4b4e-8b1d-7d1e4e3cf9ac@group-6AA931AC1D3C-LeaderElection70] INFO  server.RaftServerConfigKeys (ConfUtils.java:logGet(44)) - raft.server.watch.element-limit = 65536 (default)
2021-08-27 12:19:32,607 [97469cba-ac70-4b4e-8b1d-7d1e4e3cf9ac@group-6AA931AC1D3C-LeaderElection70] INFO  server.RaftServerConfigKeys (ConfUtils.java:logGet(44)) - raft.server.log.appender.snapshot.chunk.size.max = 16MB (=16777216) (default)
2021-08-27 12:19:32,607 [97469cba-ac70-4b4e-8b1d-7d1e4e3cf9ac@group-6AA931AC1D3C-LeaderElection70] INFO  server.RaftServerConfigKeys (ConfUtils.java:logGet(44)) - raft.server.log.appender.buffer.byte-limit = 33554432 (custom)
2021-08-27 12:19:32,607 [97469cba-ac70-4b4e-8b1d-7d1e4e3cf9ac@group-6AA931AC1D3C-LeaderElection70] INFO  server.RaftServerConfigKeys (ConfUtils.java:logGet(44)) - raft.server.log.appender.buffer.element-limit = 1 (custom)
2021-08-27 12:19:32,607 [97469cba-ac70-4b4e-8b1d-7d1e4e3cf9ac@group-6AA931AC1D3C-LeaderElection70] INFO  grpc.GrpcConfigKeys (ConfUtils.java:logGet(44)) - raft.grpc.server.leader.outstanding.appends.max = 128 (default)
2021-08-27 12:19:32,607 [97469cba-ac70-4b4e-8b1d-7d1e4e3cf9ac@group-6AA931AC1D3C-LeaderElection70] INFO  server.RaftServerConfigKeys (ConfUtils.java:logGet(44)) - raft.server.rpc.request.timeout = 3000ms (default)
2021-08-27 12:19:32,607 [97469cba-ac70-4b4e-8b1d-7d1e4e3cf9ac@group-6AA931AC1D3C-LeaderElection70] INFO  server.RaftServerConfigKeys (ConfUtils.java:logGet(44)) - raft.server.log.appender.install.snapshot.enabled = false (custom)
2021-08-27 12:19:32,609 [97469cba-ac70-4b4e-8b1d-7d1e4e3cf9ac@group-6AA931AC1D3C-LeaderElection70] INFO  server.RaftServerConfigKeys (ConfUtils.java:logGet(44)) - raft.server.log.appender.snapshot.chunk.size.max = 16MB (=16777216) (default)
2021-08-27 12:19:32,609 [97469cba-ac70-4b4e-8b1d-7d1e4e3cf9ac@group-6AA931AC1D3C-LeaderElection70] INFO  server.RaftServerConfigKeys (ConfUtils.java:logGet(44)) - raft.server.log.appender.buffer.byte-limit = 33554432 (custom)
2021-08-27 12:19:32,609 [97469cba-ac70-4b4e-8b1d-7d1e4e3cf9ac@group-6AA931AC1D3C-LeaderElection70] INFO  server.RaftServerConfigKeys (ConfUtils.java:logGet(44)) - raft.server.log.appender.buffer.element-limit = 1 (custom)
2021-08-27 12:19:32,609 [97469cba-ac70-4b4e-8b1d-7d1e4e3cf9ac@group-6AA931AC1D3C-LeaderElection70] INFO  grpc.GrpcConfigKeys (ConfUtils.java:logGet(44)) - raft.grpc.server.leader.outstanding.appends.max = 128 (default)
2021-08-27 12:19:32,609 [97469cba-ac70-4b4e-8b1d-7d1e4e3cf9ac@group-6AA931AC1D3C-LeaderElection70] INFO  server.RaftServerConfigKeys (ConfUtils.java:logGet(44)) - raft.server.rpc.request.timeout = 3000ms (default)
2021-08-27 12:19:32,609 [97469cba-ac70-4b4e-8b1d-7d1e4e3cf9ac@group-6AA931AC1D3C-LeaderElection70] INFO  server.RaftServerConfigKeys (ConfUtils.java:logGet(44)) - raft.server.log.appender.install.snapshot.enabled = false (custom)
2021-08-27 12:19:32,610 [grpc-default-executor-0] INFO  server.RaftServer$Division (RaftServerImpl.java:requestVote(1043)) - f890e39a-5838-4db2-99cf-760c0a4a7b9f@group-6AA931AC1D3C: receive requestVote(ELECTION, 97469cba-ac70-4b4e-8b1d-7d1e4e3cf9ac, group-6AA931AC1D3C, 2, (t:0, i:0))
2021-08-27 12:19:32,610 [grpc-default-executor-0] INFO  impl.VoteContext (VoteContext.java:log(48)) - f890e39a-5838-4db2-99cf-760c0a4a7b9f@group-6AA931AC1D3C-FOLLOWER: accept ELECTION from 97469cba-ac70-4b4e-8b1d-7d1e4e3cf9ac: our priority 0 <= candidate's priority 1
2021-08-27 12:19:32,610 [grpc-default-executor-0] INFO  server.RaftServer$Division (RaftServerImpl.java:setRole(285)) - f890e39a-5838-4db2-99cf-760c0a4a7b9f@group-6AA931AC1D3C: changes role from  FOLLOWER to FOLLOWER at term 2 for candidate:97469cba-ac70-4b4e-8b1d-7d1e4e3cf9ac
2021-08-27 12:19:32,610 [grpc-default-executor-0] INFO  impl.RoleInfo (RoleInfo.java:shutdownFollowerState(108)) - f890e39a-5838-4db2-99cf-760c0a4a7b9f: shutdown f890e39a-5838-4db2-99cf-760c0a4a7b9f@group-6AA931AC1D3C-FollowerState
2021-08-27 12:19:32,610 [grpc-default-executor-0] INFO  impl.RoleInfo (RoleInfo.java:updateAndGet(130)) - f890e39a-5838-4db2-99cf-760c0a4a7b9f: start f890e39a-5838-4db2-99cf-760c0a4a7b9f@group-6AA931AC1D3C-FollowerState
2021-08-27 12:19:32,611 [97469cba-ac70-4b4e-8b1d-7d1e4e3cf9ac@group-6AA931AC1D3C-LeaderElection70] INFO  impl.RoleInfo (RoleInfo.java:updateAndGet(130)) - 97469cba-ac70-4b4e-8b1d-7d1e4e3cf9ac: start 97469cba-ac70-4b4e-8b1d-7d1e4e3cf9ac@group-6AA931AC1D3C-LeaderStateImpl
2021-08-27 12:19:32,611 [97469cba-ac70-4b4e-8b1d-7d1e4e3cf9ac@group-6AA931AC1D3C-LeaderElection70] INFO  segmented.SegmentedRaftLogWorker (SegmentedRaftLogWorker.java:startLogSegment(394)) - 97469cba-ac70-4b4e-8b1d-7d1e4e3cf9ac@group-6AA931AC1D3C-SegmentedRaftLogWorker: Starting segment from index:0
2021-08-27 12:19:32,612 [Datanode State Machine Thread - 0] WARN  statemachine.StateContext (StateContext.java:execute(621)) - No available thread in pool for past 1 seconds.
2021-08-27 12:19:32,614 [EventQueue-PipelineReportForPipelineReportHandler] INFO  pipeline.PipelineManagerImpl (PipelineManagerImpl.java:openPipeline(282)) - Pipeline Pipeline[ Id: 8e08a3c8-b922-4d02-9de6-6aa931ac1d3c, Nodes: f890e39a-5838-4db2-99cf-760c0a4a7b9f{ip: 10.1.0.9, host: fv-az122-729.zf1tlrj3kn4expqppa1j4mpycf.xx.internal.cloudapp.net, ports: [REPLICATION=35351, RATIS=38659, RATIS_ADMIN=38659, RATIS_SERVER=38659, STANDALONE=39183], networkLocation: /default-rack, certSerialId: null, persistedOpState: IN_SERVICE, persistedOpStateExpiryEpochSec: 0}97469cba-ac70-4b4e-8b1d-7d1e4e3cf9ac{ip: 10.1.0.9, host: fv-az122-729.zf1tlrj3kn4expqppa1j4mpycf.xx.internal.cloudapp.net, ports: [REPLICATION=34189, RATIS=36551, RATIS_ADMIN=36551, RATIS_SERVER=36551, STANDALONE=39425], networkLocation: /default-rack, certSerialId: null, persistedOpState: IN_SERVICE, persistedOpStateExpiryEpochSec: 0}dd2b24ff-1eae-4a3e-81dc-b04424e7f942{ip: 10.1.0.9, host: fv-az122-729.zf1tlrj3kn4expqppa1j4mpycf.xx.internal.cloudapp.net, ports: [REPLICATION=39075, RATIS=39127, RATIS_ADMIN=39127, RATIS_SERVER=39127, STANDALONE=44719], networkLocation: /default-rack, certSerialId: null, persistedOpState: IN_SERVICE, persistedOpStateExpiryEpochSec: 0}, ReplicationConfig: RATIS/THREE, State:ALLOCATED, leaderId:97469cba-ac70-4b4e-8b1d-7d1e4e3cf9ac, CreationTimestamp2021-08-27T12:19:19.850Z[Etc/UTC]] moved to OPEN state
2021-08-27 12:19:32,614 [EventQueue-OpenPipelineForHealthyPipelineSafeModeRule] INFO  safemode.SCMSafeModeManager (HealthyPipelineSafeModeRule.java:process(124)) - SCM in safe mode. Healthy pipelines reported count is 0, required healthy pipeline reported count is 1
2021-08-27 12:19:32,614 [EventQueue-OpenPipelineForHealthyPipelineSafeModeRule] INFO  safemode.SCMSafeModeManager (HealthyPipelineSafeModeRule.java:process(124)) - SCM in safe mode. Healthy pipelines reported count is 1, required healthy pipeline reported count is 1
2021-08-27 12:19:32,614 [EventQueue-OpenPipelineForHealthyPipelineSafeModeRule] INFO  safemode.SCMSafeModeManager (SCMSafeModeManager.java:validateSafeModeExitRules(204)) - HealthyPipelineSafeModeRule rule is successfully validated
2021-08-27 12:19:32,614 [EventQueue-OpenPipelineForHealthyPipelineSafeModeRule] INFO  safemode.SCMSafeModeManager (SCMSafeModeManager.java:validateSafeModeExitRules(219)) - ScmSafeModeManager, all rules are successfully validated
2021-08-27 12:19:32,614 [EventQueue-OpenPipelineForHealthyPipelineSafeModeRule] INFO  safemode.SCMSafeModeManager (SCMSafeModeManager.java:exitSafeMode(248)) - SCM exiting safe mode.
2021-08-27 12:19:32,614 [EventQueue-OpenPipelineForHealthyPipelineSafeModeRule] WARN  events.EventQueue (EventQueue.java:fireEvent(194)) - No event handler registered for event TypedEvent{payloadType=SafeModeStatus, name='Safe mode status'}
2021-08-27 12:19:32,614 [EventQueue-OpenPipelineForHealthyPipelineSafeModeRule] INFO  ha.SCMContext (SCMContext.java:updateSafeModeStatus(205)) - Update SafeModeStatus from SafeModeStatus{safeModeStatus=true, preCheckPassed=true} to SafeModeStatus{safeModeStatus=false, preCheckPassed=true}.
2021-08-27 12:19:32,614 [EventQueue-OpenPipelineForHealthyPipelineSafeModeRule] INFO  pipeline.BackgroundPipelineCreator (BackgroundPipelineCreatorV2.java:notifyStatusChanged(264)) - Service BackgroundPipelineCreator transitions to RUNNING.
2021-08-27 12:19:32,614 [EventQueue-OpenPipelineForHealthyPipelineSafeModeRule] INFO  container.ReplicationManager (ReplicationManager.java:notifyStatusChanged(1722)) - Service ReplicationManager transitions to RUNNING.
2021-08-27 12:19:32,615 [f890e39a-5838-4db2-99cf-760c0a4a7b9f@group-6AA931AC1D3C-FollowerState] INFO  impl.FollowerState (FollowerState.java:run(143)) - f890e39a-5838-4db2-99cf-760c0a4a7b9f@group-6AA931AC1D3C-FollowerState was interrupted: {}
java.lang.InterruptedException: sleep interrupted
	at java.lang.Thread.sleep(Native Method)
	at java.lang.Thread.sleep(Thread.java:340)
	at java.util.concurrent.TimeUnit.sleep(TimeUnit.java:386)
	at org.apache.ratis.util.TimeDuration.sleep(TimeDuration.java:324)
	at org.apache.ratis.util.TimeDuration.sleep(TimeDuration.java:309)
	at org.apache.ratis.server.impl.FollowerState.run(FollowerState.java:118)
2021-08-27 12:19:32,618 [grpc-default-executor-0] INFO  server.RaftServer$Division (RaftServerImpl.java:requestVote(1075)) - f890e39a-5838-4db2-99cf-760c0a4a7b9f@group-6AA931AC1D3C replies to ELECTION vote request: 97469cba-ac70-4b4e-8b1d-7d1e4e3cf9ac<-f890e39a-5838-4db2-99cf-760c0a4a7b9f#0:OK-t2. Peer's state: f890e39a-5838-4db2-99cf-760c0a4a7b9f@group-6AA931AC1D3C:t2, leader=null, voted=97469cba-ac70-4b4e-8b1d-7d1e4e3cf9ac, raftlog=f890e39a-5838-4db2-99cf-760c0a4a7b9f@group-6AA931AC1D3C-SegmentedRaftLog:OPENED:c-1,f-1,i0, conf=-1: [dd2b24ff-1eae-4a3e-81dc-b04424e7f942|rpc:10.1.0.9:39127|dataStream:|priority:0, f890e39a-5838-4db2-99cf-760c0a4a7b9f|rpc:10.1.0.9:38659|dataStream:|priority:0, 97469cba-ac70-4b4e-8b1d-7d1e4e3cf9ac|rpc:10.1.0.9:36551|dataStream:|priority:1], old=null
2021-08-27 12:19:32,623 [97469cba-ac70-4b4e-8b1d-7d1e4e3cf9ac@group-6AA931AC1D3C-SegmentedRaftLogWorker] INFO  segmented.SegmentedRaftLogWorker (SegmentedRaftLogWorker.java:execute(601)) - 97469cba-ac70-4b4e-8b1d-7d1e4e3cf9ac@group-6AA931AC1D3C-SegmentedRaftLogWorker: created new log segment /home/runner/work/ozone/ozone/hadoop-ozone/integration-test/target/test-dir/MiniOzoneClusterImpl-595ad429-f938-4b04-a1e1-fbbc785922f0/datanode-0/data/ratis/8e08a3c8-b922-4d02-9de6-6aa931ac1d3c/current/log_inprogress_0
2021-08-27 12:19:32,642 [97469cba-ac70-4b4e-8b1d-7d1e4e3cf9ac@group-6AA931AC1D3C-LeaderElection70] INFO  server.RaftServer$Division (ServerState.java:setRaftConf(387)) - 97469cba-ac70-4b4e-8b1d-7d1e4e3cf9ac@group-6AA931AC1D3C: set configuration 0: [dd2b24ff-1eae-4a3e-81dc-b04424e7f942|rpc:10.1.0.9:39127|dataStream:|priority:0, f890e39a-5838-4db2-99cf-760c0a4a7b9f|rpc:10.1.0.9:38659|dataStream:|priority:0, 97469cba-ac70-4b4e-8b1d-7d1e4e3cf9ac|rpc:10.1.0.9:36551|dataStream:|priority:1], old=null
2021-08-27 12:19:32,654 [dd2b24ff-1eae-4a3e-81dc-b04424e7f942@group-6AA931AC1D3C-LeaderElection71] INFO  impl.LeaderElection (LeaderElection.java:askForVotes(306)) - dd2b24ff-1eae-4a3e-81dc-b04424e7f942@group-6AA931AC1D3C-LeaderElection71 ELECTION round 0: submit vote requests at term 3 for -1: [dd2b24ff-1eae-4a3e-81dc-b04424e7f942|rpc:10.1.0.9:39127|dataStream:|priority:0, f890e39a-5838-4db2-99cf-760c0a4a7b9f|rpc:10.1.0.9:38659|dataStream:|priority:0, 97469cba-ac70-4b4e-8b1d-7d1e4e3cf9ac|rpc:10.1.0.9:36551|dataStream:|priority:1], old=null
2021-08-27 12:19:32,675 [grpc-default-executor-0] INFO  server.RaftServer$Division (RaftServerImpl.java:requestVote(1043)) - f890e39a-5838-4db2-99cf-760c0a4a7b9f@group-6AA931AC1D3C: receive requestVote(ELECTION, dd2b24ff-1eae-4a3e-81dc-b04424e7f942, group-6AA931AC1D3C, 3, (t:0, i:0))
2021-08-27 12:19:32,675 [grpc-default-executor-0] INFO  impl.VoteContext (VoteContext.java:log(48)) - f890e39a-5838-4db2-99cf-760c0a4a7b9f@group-6AA931AC1D3C-FOLLOWER: accept ELECTION from dd2b24ff-1eae-4a3e-81dc-b04424e7f942: our priority 0 <= candidate's priority 0
2021-08-27 12:19:32,675 [grpc-default-executor-0] INFO  server.RaftServer$Division (RaftServerImpl.java:setRole(285)) - f890e39a-5838-4db2-99cf-760c0a4a7b9f@group-6AA931AC1D3C: changes role from  FOLLOWER to FOLLOWER at term 3 for candidate:dd2b24ff-1eae-4a3e-81dc-b04424e7f942
2021-08-27 12:19:32,675 [grpc-default-executor-0] INFO  impl.RoleInfo (RoleInfo.java:shutdownFollowerState(108)) - f890e39a-5838-4db2-99cf-760c0a4a7b9f: shutdown f890e39a-5838-4db2-99cf-760c0a4a7b9f@group-6AA931AC1D3C-FollowerState
2021-08-27 12:19:32,676 [grpc-default-executor-0] INFO  impl.RoleInfo (RoleInfo.java:updateAndGet(130)) - f890e39a-5838-4db2-99cf-760c0a4a7b9f: start f890e39a-5838-4db2-99cf-760c0a4a7b9f@group-6AA931AC1D3C-FollowerState
2021-08-27 12:19:32,676 [f890e39a-5838-4db2-99cf-760c0a4a7b9f@group-6AA931AC1D3C-FollowerState] INFO  impl.FollowerState (FollowerState.java:run(143)) - f890e39a-5838-4db2-99cf-760c0a4a7b9f@group-6AA931AC1D3C-FollowerState was interrupted: {}
java.lang.InterruptedException: sleep interrupted
	at java.lang.Thread.sleep(Native Method)
	at java.lang.Thread.sleep(Thread.java:340)
	at java.util.concurrent.TimeUnit.sleep(TimeUnit.java:386)
	at org.apache.ratis.util.TimeDuration.sleep(TimeDuration.java:324)
	at org.apache.ratis.util.TimeDuration.sleep(TimeDuration.java:309)
	at org.apache.ratis.server.impl.FollowerState.run(FollowerState.java:118)
2021-08-27 12:19:32,698 [97469cba-ac70-4b4e-8b1d-7d1e4e3cf9ac@group-6AA931AC1D3C-LeaderStateImpl] INFO  server.RaftServer$Division (ServerState.java:setLeader(285)) - 97469cba-ac70-4b4e-8b1d-7d1e4e3cf9ac@group-6AA931AC1D3C: change Leader from 97469cba-ac70-4b4e-8b1d-7d1e4e3cf9ac to null at term 3 for updateCurrentTerm
2021-08-27 12:19:32,698 [97469cba-ac70-4b4e-8b1d-7d1e4e3cf9ac@group-6AA931AC1D3C-LeaderStateImpl] INFO  server.RaftServer$Division (RaftServerImpl.java:setRole(285)) - 97469cba-ac70-4b4e-8b1d-7d1e4e3cf9ac@group-6AA931AC1D3C: changes role from    LEADER to FOLLOWER at term 3 for StepDownReason:HIGHER_TERM
2021-08-27 12:19:32,698 [97469cba-ac70-4b4e-8b1d-7d1e4e3cf9ac@group-6AA931AC1D3C-LeaderStateImpl] INFO  impl.RoleInfo (RoleInfo.java:shutdownLeaderState(91)) - 97469cba-ac70-4b4e-8b1d-7d1e4e3cf9ac: shutdown 97469cba-ac70-4b4e-8b1d-7d1e4e3cf9ac@group-6AA931AC1D3C-LeaderStateImpl
2021-08-27 12:19:32,698 [97469cba-ac70-4b4e-8b1d-7d1e4e3cf9ac@group-6AA931AC1D3C-LeaderStateImpl] INFO  impl.PendingRequests (PendingRequests.java:sendNotLeaderResponses(282)) - 97469cba-ac70-4b4e-8b1d-7d1e4e3cf9ac@group-6AA931AC1D3C-PendingRequests: sendNotLeaderResponses
2021-08-27 12:19:32,699 [97469cba-ac70-4b4e-8b1d-7d1e4e3cf9ac@group-6AA931AC1D3C-LeaderStateImpl] INFO  impl.RoleInfo (RoleInfo.java:updateAndGet(130)) - 97469cba-ac70-4b4e-8b1d-7d1e4e3cf9ac: start 97469cba-ac70-4b4e-8b1d-7d1e4e3cf9ac@group-6AA931AC1D3C-FollowerState
2021-08-27 12:19:32,699 [97469cba-ac70-4b4e-8b1d-7d1e4e3cf9ac@group-6AA931AC1D3C->dd2b24ff-1eae-4a3e-81dc-b04424e7f942-GrpcLogAppender-LogAppenderDaemon] WARN  server.GrpcLogAppender (GrpcLogAppender.java:mayWait(175)) - 97469cba-ac70-4b4e-8b1d-7d1e4e3cf9ac@group-6AA931AC1D3C->dd2b24ff-1eae-4a3e-81dc-b04424e7f942-GrpcLogAppender: Wait interrupted by java.lang.InterruptedException
2021-08-27 12:19:32,716 [grpc-default-executor-0] INFO  server.RaftServer$Division (RaftServerImpl.java:requestVote(1075)) - f890e39a-5838-4db2-99cf-760c0a4a7b9f@group-6AA931AC1D3C replies to ELECTION vote request: dd2b24ff-1eae-4a3e-81dc-b04424e7f942<-f890e39a-5838-4db2-99cf-760c0a4a7b9f#0:OK-t3. Peer's state: f890e39a-5838-4db2-99cf-760c0a4a7b9f@group-6AA931AC1D3C:t3, leader=null, voted=dd2b24ff-1eae-4a3e-81dc-b04424e7f942, raftlog=f890e39a-5838-4db2-99cf-760c0a4a7b9f@group-6AA931AC1D3C-SegmentedRaftLog:OPENED:c-1,f-1,i0, conf=-1: [dd2b24ff-1eae-4a3e-81dc-b04424e7f942|rpc:10.1.0.9:39127|dataStream:|priority:0, f890e39a-5838-4db2-99cf-760c0a4a7b9f|rpc:10.1.0.9:38659|dataStream:|priority:0, 97469cba-ac70-4b4e-8b1d-7d1e4e3cf9ac|rpc:10.1.0.9:36551|dataStream:|priority:1], old=null
2021-08-27 12:19:32,717 [grpc-default-executor-2] INFO  server.GrpcServerProtocolService (GrpcServerProtocolService.java:onCompleted(140)) - f890e39a-5838-4db2-99cf-760c0a4a7b9f: Completed APPEND_ENTRIES, lastRequest: 97469cba-ac70-4b4e-8b1d-7d1e4e3cf9ac->f890e39a-5838-4db2-99cf-760c0a4a7b9f#1-t2,previous=(t:0, i:0),leaderCommit=0,initializing? true,entries: size=1, first=(t:2, i:0), CONFIGURATIONENTRY
2021-08-27 12:19:32,726 [grpc-default-executor-1] INFO  server.GrpcServerProtocolService (GrpcServerProtocolService.java:onCompleted(140)) - dd2b24ff-1eae-4a3e-81dc-b04424e7f942: Completed APPEND_ENTRIES, lastRequest: 97469cba-ac70-4b4e-8b1d-7d1e4e3cf9ac->dd2b24ff-1eae-4a3e-81dc-b04424e7f942#1-t2,previous=(t:0, i:0),leaderCommit=0,initializing? true,entries: size=1, first=(t:2, i:0), CONFIGURATIONENTRY
2021-08-27 12:19:32,726 [grpc-default-executor-4] INFO  server.GrpcLogAppender (GrpcLogAppender.java:onCompleted(344)) - 97469cba-ac70-4b4e-8b1d-7d1e4e3cf9ac@group-6AA931AC1D3C->dd2b24ff-1eae-4a3e-81dc-b04424e7f942-AppendLogResponseHandler: follower responses appendEntries COMPLETED
2021-08-27 12:19:32,727 [grpc-default-executor-4] INFO  leader.FollowerInfo (FollowerInfoImpl.java:lambda$new$0(46)) - 97469cba-ac70-4b4e-8b1d-7d1e4e3cf9ac@group-6AA931AC1D3C->dd2b24ff-1eae-4a3e-81dc-b04424e7f942: nextIndex: updateUnconditionally 1 -> 0
2021-08-27 12:19:32,727 [grpc-default-executor-4] INFO  server.GrpcLogAppender (GrpcLogAppender.java:onCompleted(344)) - 97469cba-ac70-4b4e-8b1d-7d1e4e3cf9ac@group-6AA931AC1D3C->f890e39a-5838-4db2-99cf-760c0a4a7b9f-AppendLogResponseHandler: follower responses appendEntries COMPLETED
2021-08-27 12:19:32,727 [grpc-default-executor-4] INFO  leader.FollowerInfo (FollowerInfoImpl.java:lambda$new$0(46)) - 97469cba-ac70-4b4e-8b1d-7d1e4e3cf9ac@group-6AA931AC1D3C->f890e39a-5838-4db2-99cf-760c0a4a7b9f: nextIndex: updateUnconditionally 1 -> 0
2021-08-27 12:19:32,735 [Listener at 127.0.0.1/43833] INFO  ozone.MiniOzoneClusterImpl (MiniOzoneClusterImpl.java:lambda$waitForClusterToBeReady$0(235)) - Nodes are ready. Got 9 of 9 DN Heartbeats.
2021-08-27 12:19:32,735 [Listener at 127.0.0.1/43833] INFO  ozone.MiniOzoneClusterImpl (MiniOzoneClusterImpl.java:lambda$waitForClusterToBeReady$0(238)) - Cluster exits safe mode
2021-08-27 12:19:32,735 [Listener at 127.0.0.1/43833] INFO  ozone.MiniOzoneClusterImpl (MiniOzoneClusterImpl.java:lambda$waitForClusterToBeReady$0(240)) - SCM became leader
2021-08-27 12:19:32,752 [grpc-default-executor-2] INFO  server.RaftServer$Division (RaftServerImpl.java:requestVote(1043)) - 97469cba-ac70-4b4e-8b1d-7d1e4e3cf9ac@group-6AA931AC1D3C: receive requestVote(ELECTION, dd2b24ff-1eae-4a3e-81dc-b04424e7f942, group-6AA931AC1D3C, 3, (t:0, i:0))
2021-08-27 12:19:32,752 [grpc-default-executor-2] INFO  impl.VoteContext (VoteContext.java:log(48)) - 97469cba-ac70-4b4e-8b1d-7d1e4e3cf9ac@group-6AA931AC1D3C-FOLLOWER: reject ELECTION from dd2b24ff-1eae-4a3e-81dc-b04424e7f942: our last entry (t:2, i:0) > candidate's last entry (t:0, i:0)
2021-08-27 12:19:32,752 [grpc-default-executor-2] INFO  server.RaftServer$Division (RaftServerImpl.java:setRole(285)) - 97469cba-ac70-4b4e-8b1d-7d1e4e3cf9ac@group-6AA931AC1D3C: changes role from  FOLLOWER to FOLLOWER at term 3 for candidate:dd2b24ff-1eae-4a3e-81dc-b04424e7f942
2021-08-27 12:19:32,752 [grpc-default-executor-2] INFO  impl.RoleInfo (RoleInfo.java:shutdownFollowerState(108)) - 97469cba-ac70-4b4e-8b1d-7d1e4e3cf9ac: shutdown 97469cba-ac70-4b4e-8b1d-7d1e4e3cf9ac@group-6AA931AC1D3C-FollowerState
2021-08-27 12:19:32,752 [grpc-default-executor-2] INFO  impl.RoleInfo (RoleInfo.java:updateAndGet(130)) - 97469cba-ac70-4b4e-8b1d-7d1e4e3cf9ac: start 97469cba-ac70-4b4e-8b1d-7d1e4e3cf9ac@group-6AA931AC1D3C-FollowerState
2021-08-27 12:19:32,752 [97469cba-ac70-4b4e-8b1d-7d1e4e3cf9ac@group-6AA931AC1D3C-FollowerState] INFO  impl.FollowerState (FollowerState.java:run(143)) - 97469cba-ac70-4b4e-8b1d-7d1e4e3cf9ac@group-6AA931AC1D3C-FollowerState was interrupted: {}
java.lang.InterruptedException: sleep interrupted
	at java.lang.Thread.sleep(Native Method)
	at java.lang.Thread.sleep(Thread.java:340)
	at java.util.concurrent.TimeUnit.sleep(TimeUnit.java:386)
	at org.apache.ratis.util.TimeDuration.sleep(TimeDuration.java:324)
	at org.apache.ratis.util.TimeDuration.sleep(TimeDuration.java:309)
	at org.apache.ratis.server.impl.FollowerState.run(FollowerState.java:118)
2021-08-27 12:19:32,753 [grpc-default-executor-2] INFO  server.RaftServer$Division (RaftServerImpl.java:requestVote(1075)) - 97469cba-ac70-4b4e-8b1d-7d1e4e3cf9ac@group-6AA931AC1D3C replies to ELECTION vote request: dd2b24ff-1eae-4a3e-81dc-b04424e7f942<-97469cba-ac70-4b4e-8b1d-7d1e4e3cf9ac#0:FAIL-t3. Peer's state: 97469cba-ac70-4b4e-8b1d-7d1e4e3cf9ac@group-6AA931AC1D3C:t3, leader=null, voted=null, raftlog=97469cba-ac70-4b4e-8b1d-7d1e4e3cf9ac@group-6AA931AC1D3C-SegmentedRaftLog:OPENED:c0,f0,i0, conf=0: [dd2b24ff-1eae-4a3e-81dc-b04424e7f942|rpc:10.1.0.9:39127|dataStream:|priority:0, f890e39a-5838-4db2-99cf-760c0a4a7b9f|rpc:10.1.0.9:38659|dataStream:|priority:0, 97469cba-ac70-4b4e-8b1d-7d1e4e3cf9ac|rpc:10.1.0.9:36551|dataStream:|priority:1], old=null
2021-08-27 12:19:32,758 [dd2b24ff-1eae-4a3e-81dc-b04424e7f942@group-6AA931AC1D3C-LeaderElection71] INFO  impl.LeaderElection (LeaderElection.java:logAndReturn(89)) - dd2b24ff-1eae-4a3e-81dc-b04424e7f942@group-6AA931AC1D3C-LeaderElection71: ELECTION REJECTED received 2 response(s) and 0 exception(s):
2021-08-27 12:19:32,758 [dd2b24ff-1eae-4a3e-81dc-b04424e7f942@group-6AA931AC1D3C-LeaderElection71] INFO  impl.LeaderElection (LeaderElection.java:logAndReturn(93)) -   Response 0: dd2b24ff-1eae-4a3e-81dc-b04424e7f942<-f890e39a-5838-4db2-99cf-760c0a4a7b9f#0:OK-t3
2021-08-27 12:19:32,758 [dd2b24ff-1eae-4a3e-81dc-b04424e7f942@group-6AA931AC1D3C-LeaderElection71] INFO  impl.LeaderElection (LeaderElection.java:logAndReturn(93)) -   Response 1: dd2b24ff-1eae-4a3e-81dc-b04424e7f942<-97469cba-ac70-4b4e-8b1d-7d1e4e3cf9ac#0:FAIL-t3
2021-08-27 12:19:32,758 [dd2b24ff-1eae-4a3e-81dc-b04424e7f942@group-6AA931AC1D3C-LeaderElection71] INFO  impl.LeaderElection (LeaderElection.java:askForVotes(308)) - dd2b24ff-1eae-4a3e-81dc-b04424e7f942@group-6AA931AC1D3C-LeaderElection71 ELECTION round 0: result REJECTED
2021-08-27 12:19:32,758 [dd2b24ff-1eae-4a3e-81dc-b04424e7f942@group-6AA931AC1D3C-LeaderElection71] INFO  server.RaftServer$Division (RaftServerImpl.java:setRole(285)) - dd2b24ff-1eae-4a3e-81dc-b04424e7f942@group-6AA931AC1D3C: changes role from CANDIDATE to FOLLOWER at term 3 for REJECTED
2021-08-27 12:19:32,758 [dd2b24ff-1eae-4a3e-81dc-b04424e7f942@group-6AA931AC1D3C-LeaderElection71] INFO  impl.RoleInfo (RoleInfo.java:shutdownLeaderElection(121)) - dd2b24ff-1eae-4a3e-81dc-b04424e7f942: shutdown dd2b24ff-1eae-4a3e-81dc-b04424e7f942@group-6AA931AC1D3C-LeaderElection71
2021-08-27 12:19:32,758 [dd2b24ff-1eae-4a3e-81dc-b04424e7f942@group-6AA931AC1D3C-LeaderElection71] INFO  impl.RoleInfo (RoleInfo.java:updateAndGet(130)) - dd2b24ff-1eae-4a3e-81dc-b04424e7f942: start dd2b24ff-1eae-4a3e-81dc-b04424e7f942@group-6AA931AC1D3C-FollowerState
2021-08-27 12:19:32,795 [Listener at 127.0.0.1/43833] INFO  rpc.RpcClient (RpcClient.java:createVolume(342)) - Creating Volume: watchforcommithandlingtest, with runner as owner and space quota set to -1 bytes, counts quota set to -1
2021-08-27 12:19:32,804 [OM StateMachine ApplyTransaction Thread - 0] INFO  volume.OMVolumeCreateRequest (OMVolumeCreateRequest.java:validateAndUpdateCache(195)) - created volume:watchforcommithandlingtest for user:runner
2021-08-27 12:19:32,812 [Listener at 127.0.0.1/43833] INFO  rpc.RpcClient (RpcClient.java:createBucket(502)) - Creating Bucket: watchforcommithandlingtest/watchforcommithandlingtest, with Versioning false and Storage Type set to DISK and Encryption set to false 
2021-08-27 12:19:32,846 [Listener at 127.0.0.1/43833] INFO  ozone.MiniOzoneClusterImpl (MiniOzoneClusterImpl.java:getStorageContainerLocationClient(346)) - Creating StorageContainerLocationProtocol RPC client with address /0.0.0.0:37907
2021-08-27 12:19:32,866 [IPC Server handler 2 on default port 37907] INFO  ha.SequenceIdGenerator (SequenceIdGenerator.java:getNextId(127)) - Allocate a batch for containerId, change lastId from 0 to 1000.
2021-08-27 12:19:33,579 [8406e4c7-9c64-45ff-a753-663392bee600@group-73F2619DA9B8-FollowerState] INFO  impl.FollowerState (FollowerState.java:run(134)) - 8406e4c7-9c64-45ff-a753-663392bee600@group-73F2619DA9B8-FollowerState: change to CANDIDATE, lastRpcElapsedTime:5105351551ns, electionTimeout:5100ms
2021-08-27 12:19:33,580 [8406e4c7-9c64-45ff-a753-663392bee600@group-73F2619DA9B8-FollowerState] INFO  impl.RoleInfo (RoleInfo.java:shutdownFollowerState(108)) - 8406e4c7-9c64-45ff-a753-663392bee600: shutdown 8406e4c7-9c64-45ff-a753-663392bee600@group-73F2619DA9B8-FollowerState
2021-08-27 12:19:33,580 [8406e4c7-9c64-45ff-a753-663392bee600@group-73F2619DA9B8-FollowerState] INFO  server.RaftServer$Division (RaftServerImpl.java:setRole(285)) - 8406e4c7-9c64-45ff-a753-663392bee600@group-73F2619DA9B8: changes role from  FOLLOWER to CANDIDATE at term 1 for changeToCandidate
2021-08-27 12:19:33,580 [8406e4c7-9c64-45ff-a753-663392bee600@group-73F2619DA9B8-FollowerState] INFO  server.RaftServerConfigKeys (ConfUtils.java:logGet(44)) - raft.server.leaderelection.pre-vote = false (custom)
2021-08-27 12:19:33,580 [8406e4c7-9c64-45ff-a753-663392bee600@group-73F2619DA9B8-FollowerState] INFO  impl.RoleInfo (RoleInfo.java:updateAndGet(130)) - 8406e4c7-9c64-45ff-a753-663392bee600: start 8406e4c7-9c64-45ff-a753-663392bee600@group-73F2619DA9B8-LeaderElection72
2021-08-27 12:19:33,605 [0bc7842a-14bb-4f31-a0ca-67e37dbbf265@group-73F2619DA9B8-FollowerState] INFO  impl.FollowerState (FollowerState.java:run(134)) - 0bc7842a-14bb-4f31-a0ca-67e37dbbf265@group-73F2619DA9B8-FollowerState: change to CANDIDATE, lastRpcElapsedTime:5159938946ns, electionTimeout:5135ms
2021-08-27 12:19:33,605 [0bc7842a-14bb-4f31-a0ca-67e37dbbf265@group-73F2619DA9B8-FollowerState] INFO  impl.RoleInfo (RoleInfo.java:shutdownFollowerState(108)) - 0bc7842a-14bb-4f31-a0ca-67e37dbbf265: shutdown 0bc7842a-14bb-4f31-a0ca-67e37dbbf265@group-73F2619DA9B8-FollowerState
2021-08-27 12:19:33,605 [0bc7842a-14bb-4f31-a0ca-67e37dbbf265@group-73F2619DA9B8-FollowerState] INFO  server.RaftServer$Division (RaftServerImpl.java:setRole(285)) - 0bc7842a-14bb-4f31-a0ca-67e37dbbf265@group-73F2619DA9B8: changes role from  FOLLOWER to CANDIDATE at term 1 for changeToCandidate
2021-08-27 12:19:33,605 [0bc7842a-14bb-4f31-a0ca-67e37dbbf265@group-73F2619DA9B8-FollowerState] INFO  server.RaftServerConfigKeys (ConfUtils.java:logGet(44)) - raft.server.leaderelection.pre-vote = false (custom)
2021-08-27 12:19:33,605 [0bc7842a-14bb-4f31-a0ca-67e37dbbf265@group-73F2619DA9B8-FollowerState] INFO  impl.RoleInfo (RoleInfo.java:updateAndGet(130)) - 0bc7842a-14bb-4f31-a0ca-67e37dbbf265: start 0bc7842a-14bb-4f31-a0ca-67e37dbbf265@group-73F2619DA9B8-LeaderElection73
2021-08-27 12:19:33,606 [8406e4c7-9c64-45ff-a753-663392bee600@group-73F2619DA9B8-LeaderElection72] INFO  impl.LeaderElection (LeaderElection.java:askForVotes(306)) - 8406e4c7-9c64-45ff-a753-663392bee600@group-73F2619DA9B8-LeaderElection72 ELECTION round 0: submit vote requests at term 2 for -1: [1627f0ec-3267-4946-a770-cb64d6080904|rpc:10.1.0.9:39909|dataStream:|priority:0, 8406e4c7-9c64-45ff-a753-663392bee600|rpc:10.1.0.9:43903|dataStream:|priority:0, 0bc7842a-14bb-4f31-a0ca-67e37dbbf265|rpc:10.1.0.9:39103|dataStream:|priority:1], old=null
2021-08-27 12:19:33,610 [0bc7842a-14bb-4f31-a0ca-67e37dbbf265@group-73F2619DA9B8-LeaderElection73] INFO  impl.LeaderElection (LeaderElection.java:askForVotes(306)) - 0bc7842a-14bb-4f31-a0ca-67e37dbbf265@group-73F2619DA9B8-LeaderElection73 ELECTION round 0: submit vote requests at term 2 for -1: [1627f0ec-3267-4946-a770-cb64d6080904|rpc:10.1.0.9:39909|dataStream:|priority:0, 8406e4c7-9c64-45ff-a753-663392bee600|rpc:10.1.0.9:43903|dataStream:|priority:0, 0bc7842a-14bb-4f31-a0ca-67e37dbbf265|rpc:10.1.0.9:39103|dataStream:|priority:1], old=null
2021-08-27 12:19:33,617 [1627f0ec-3267-4946-a770-cb64d6080904@group-73F2619DA9B8-FollowerState] INFO  impl.FollowerState (FollowerState.java:run(134)) - 1627f0ec-3267-4946-a770-cb64d6080904@group-73F2619DA9B8-FollowerState: change to CANDIDATE, lastRpcElapsedTime:5146951847ns, electionTimeout:5144ms
2021-08-27 12:19:33,617 [1627f0ec-3267-4946-a770-cb64d6080904@group-73F2619DA9B8-FollowerState] INFO  impl.RoleInfo (RoleInfo.java:shutdownFollowerState(108)) - 1627f0ec-3267-4946-a770-cb64d6080904: shutdown 1627f0ec-3267-4946-a770-cb64d6080904@group-73F2619DA9B8-FollowerState
2021-08-27 12:19:33,617 [1627f0ec-3267-4946-a770-cb64d6080904@group-73F2619DA9B8-FollowerState] INFO  server.RaftServer$Division (RaftServerImpl.java:setRole(285)) - 1627f0ec-3267-4946-a770-cb64d6080904@group-73F2619DA9B8: changes role from  FOLLOWER to CANDIDATE at term 1 for changeToCandidate
2021-08-27 12:19:33,627 [1627f0ec-3267-4946-a770-cb64d6080904@group-73F2619DA9B8-FollowerState] INFO  server.RaftServerConfigKeys (ConfUtils.java:logGet(44)) - raft.server.leaderelection.pre-vote = false (custom)
2021-08-27 12:19:33,627 [1627f0ec-3267-4946-a770-cb64d6080904@group-73F2619DA9B8-FollowerState] INFO  impl.RoleInfo (RoleInfo.java:updateAndGet(130)) - 1627f0ec-3267-4946-a770-cb64d6080904: start 1627f0ec-3267-4946-a770-cb64d6080904@group-73F2619DA9B8-LeaderElection74
2021-08-27 12:19:33,627 [grpc-default-executor-2] INFO  server.RaftServer$Division (RaftServerImpl.java:requestVote(1043)) - 1627f0ec-3267-4946-a770-cb64d6080904@group-73F2619DA9B8: receive requestVote(ELECTION, 8406e4c7-9c64-45ff-a753-663392bee600, group-73F2619DA9B8, 2, (t:0, i:0))
2021-08-27 12:19:33,627 [grpc-default-executor-2] INFO  impl.VoteContext (VoteContext.java:log(48)) - 1627f0ec-3267-4946-a770-cb64d6080904@group-73F2619DA9B8-CANDIDATE: accept ELECTION from 8406e4c7-9c64-45ff-a753-663392bee600: our priority 0 <= candidate's priority 0
2021-08-27 12:19:33,627 [grpc-default-executor-2] INFO  server.RaftServer$Division (RaftServerImpl.java:setRole(285)) - 1627f0ec-3267-4946-a770-cb64d6080904@group-73F2619DA9B8: changes role from CANDIDATE to FOLLOWER at term 2 for candidate:8406e4c7-9c64-45ff-a753-663392bee600
2021-08-27 12:19:33,627 [grpc-default-executor-2] INFO  impl.RoleInfo (RoleInfo.java:shutdownLeaderElection(121)) - 1627f0ec-3267-4946-a770-cb64d6080904: shutdown 1627f0ec-3267-4946-a770-cb64d6080904@group-73F2619DA9B8-LeaderElection74
2021-08-27 12:19:33,627 [grpc-default-executor-2] INFO  impl.RoleInfo (RoleInfo.java:updateAndGet(130)) - 1627f0ec-3267-4946-a770-cb64d6080904: start 1627f0ec-3267-4946-a770-cb64d6080904@group-73F2619DA9B8-FollowerState
2021-08-27 12:19:33,627 [grpc-default-executor-4] INFO  server.RaftServer$Division (RaftServerImpl.java:requestVote(1043)) - 0bc7842a-14bb-4f31-a0ca-67e37dbbf265@group-73F2619DA9B8: receive requestVote(ELECTION, 8406e4c7-9c64-45ff-a753-663392bee600, group-73F2619DA9B8, 2, (t:0, i:0))
2021-08-27 12:19:33,628 [grpc-default-executor-4] INFO  impl.VoteContext (VoteContext.java:log(48)) - 0bc7842a-14bb-4f31-a0ca-67e37dbbf265@group-73F2619DA9B8-CANDIDATE: reject ELECTION from 8406e4c7-9c64-45ff-a753-663392bee600: already has voted for 0bc7842a-14bb-4f31-a0ca-67e37dbbf265 at current term 2
2021-08-27 12:19:33,628 [grpc-default-executor-4] INFO  server.RaftServer$Division (RaftServerImpl.java:requestVote(1075)) - 0bc7842a-14bb-4f31-a0ca-67e37dbbf265@group-73F2619DA9B8 replies to ELECTION vote request: 8406e4c7-9c64-45ff-a753-663392bee600<-0bc7842a-14bb-4f31-a0ca-67e37dbbf265#0:FAIL-t2. Peer's state: 0bc7842a-14bb-4f31-a0ca-67e37dbbf265@group-73F2619DA9B8:t2, leader=null, voted=0bc7842a-14bb-4f31-a0ca-67e37dbbf265, raftlog=0bc7842a-14bb-4f31-a0ca-67e37dbbf265@group-73F2619DA9B8-SegmentedRaftLog:OPENED:c-1,f-1,i0, conf=-1: [1627f0ec-3267-4946-a770-cb64d6080904|rpc:10.1.0.9:39909|dataStream:|priority:0, 8406e4c7-9c64-45ff-a753-663392bee600|rpc:10.1.0.9:43903|dataStream:|priority:0, 0bc7842a-14bb-4f31-a0ca-67e37dbbf265|rpc:10.1.0.9:39103|dataStream:|priority:1], old=null
2021-08-27 12:19:33,630 [1627f0ec-3267-4946-a770-cb64d6080904@group-73F2619DA9B8-LeaderElection74] INFO  impl.LeaderElection (LeaderElection.java:run(230)) - 1627f0ec-3267-4946-a770-cb64d6080904@group-73F2619DA9B8-LeaderElection74: skip running since this is already CLOSING
2021-08-27 12:19:33,631 [grpc-default-executor-2] INFO  server.RaftServer$Division (RaftServerImpl.java:requestVote(1075)) - 1627f0ec-3267-4946-a770-cb64d6080904@group-73F2619DA9B8 replies to ELECTION vote request: 8406e4c7-9c64-45ff-a753-663392bee600<-1627f0ec-3267-4946-a770-cb64d6080904#0:OK-t2. Peer's state: 1627f0ec-3267-4946-a770-cb64d6080904@group-73F2619DA9B8:t2, leader=null, voted=8406e4c7-9c64-45ff-a753-663392bee600, raftlog=1627f0ec-3267-4946-a770-cb64d6080904@group-73F2619DA9B8-SegmentedRaftLog:OPENED:c-1,f-1,i0, conf=-1: [1627f0ec-3267-4946-a770-cb64d6080904|rpc:10.1.0.9:39909|priority:0, 8406e4c7-9c64-45ff-a753-663392bee600|rpc:10.1.0.9:43903|priority:0, 0bc7842a-14bb-4f31-a0ca-67e37dbbf265|rpc:10.1.0.9:39103|priority:1], old=null
2021-08-27 12:19:33,646 [8406e4c7-9c64-45ff-a753-663392bee600@group-73F2619DA9B8-LeaderElection72] INFO  impl.LeaderElection (LeaderElection.java:logAndReturn(89)) - 8406e4c7-9c64-45ff-a753-663392bee600@group-73F2619DA9B8-LeaderElection72: ELECTION REJECTED received 1 response(s) and 0 exception(s):
2021-08-27 12:19:33,646 [8406e4c7-9c64-45ff-a753-663392bee600@group-73F2619DA9B8-LeaderElection72] INFO  impl.LeaderElection (LeaderElection.java:logAndReturn(93)) -   Response 0: 8406e4c7-9c64-45ff-a753-663392bee600<-0bc7842a-14bb-4f31-a0ca-67e37dbbf265#0:FAIL-t2
2021-08-27 12:19:33,646 [8406e4c7-9c64-45ff-a753-663392bee600@group-73F2619DA9B8-LeaderElection72] INFO  impl.LeaderElection (LeaderElection.java:askForVotes(308)) - 8406e4c7-9c64-45ff-a753-663392bee600@group-73F2619DA9B8-LeaderElection72 ELECTION round 0: result REJECTED
2021-08-27 12:19:33,646 [8406e4c7-9c64-45ff-a753-663392bee600@group-73F2619DA9B8-LeaderElection72] INFO  server.RaftServer$Division (RaftServerImpl.java:setRole(285)) - 8406e4c7-9c64-45ff-a753-663392bee600@group-73F2619DA9B8: changes role from CANDIDATE to FOLLOWER at term 2 for REJECTED
2021-08-27 12:19:33,646 [8406e4c7-9c64-45ff-a753-663392bee600@group-73F2619DA9B8-LeaderElection72] INFO  impl.RoleInfo (RoleInfo.java:shutdownLeaderElection(121)) - 8406e4c7-9c64-45ff-a753-663392bee600: shutdown 8406e4c7-9c64-45ff-a753-663392bee600@group-73F2619DA9B8-LeaderElection72
2021-08-27 12:19:33,646 [8406e4c7-9c64-45ff-a753-663392bee600@group-73F2619DA9B8-LeaderElection72] INFO  impl.RoleInfo (RoleInfo.java:updateAndGet(130)) - 8406e4c7-9c64-45ff-a753-663392bee600: start 8406e4c7-9c64-45ff-a753-663392bee600@group-73F2619DA9B8-FollowerState
2021-08-27 12:19:33,675 [grpc-default-executor-2] INFO  server.RaftServer$Division (RaftServerImpl.java:requestVote(1043)) - 1627f0ec-3267-4946-a770-cb64d6080904@group-73F2619DA9B8: receive requestVote(ELECTION, 0bc7842a-14bb-4f31-a0ca-67e37dbbf265, group-73F2619DA9B8, 2, (t:0, i:0))
2021-08-27 12:19:33,675 [grpc-default-executor-2] INFO  impl.VoteContext (VoteContext.java:log(48)) - 1627f0ec-3267-4946-a770-cb64d6080904@group-73F2619DA9B8-FOLLOWER: reject ELECTION from 0bc7842a-14bb-4f31-a0ca-67e37dbbf265: already has voted for 8406e4c7-9c64-45ff-a753-663392bee600 at current term 2
2021-08-27 12:19:33,675 [grpc-default-executor-2] INFO  server.RaftServer$Division (RaftServerImpl.java:requestVote(1075)) - 1627f0ec-3267-4946-a770-cb64d6080904@group-73F2619DA9B8 replies to ELECTION vote request: 0bc7842a-14bb-4f31-a0ca-67e37dbbf265<-1627f0ec-3267-4946-a770-cb64d6080904#0:FAIL-t2. Peer's state: 1627f0ec-3267-4946-a770-cb64d6080904@group-73F2619DA9B8:t2, leader=null, voted=8406e4c7-9c64-45ff-a753-663392bee600, raftlog=1627f0ec-3267-4946-a770-cb64d6080904@group-73F2619DA9B8-SegmentedRaftLog:OPENED:c-1,f-1,i0, conf=-1: [1627f0ec-3267-4946-a770-cb64d6080904|rpc:10.1.0.9:39909|priority:0, 8406e4c7-9c64-45ff-a753-663392bee600|rpc:10.1.0.9:43903|priority:0, 0bc7842a-14bb-4f31-a0ca-67e37dbbf265|rpc:10.1.0.9:39103|priority:1], old=null
2021-08-27 12:19:33,697 [grpc-default-executor-2] INFO  server.RaftServer$Division (RaftServerImpl.java:requestVote(1043)) - 8406e4c7-9c64-45ff-a753-663392bee600@group-73F2619DA9B8: receive requestVote(ELECTION, 0bc7842a-14bb-4f31-a0ca-67e37dbbf265, group-73F2619DA9B8, 2, (t:0, i:0))
2021-08-27 12:19:33,697 [grpc-default-executor-2] INFO  impl.VoteContext (VoteContext.java:log(48)) - 8406e4c7-9c64-45ff-a753-663392bee600@group-73F2619DA9B8-FOLLOWER: reject ELECTION from 0bc7842a-14bb-4f31-a0ca-67e37dbbf265: already has voted for 8406e4c7-9c64-45ff-a753-663392bee600 at current term 2
2021-08-27 12:19:33,697 [grpc-default-executor-2] INFO  server.RaftServer$Division (RaftServerImpl.java:requestVote(1075)) - 8406e4c7-9c64-45ff-a753-663392bee600@group-73F2619DA9B8 replies to ELECTION vote request: 0bc7842a-14bb-4f31-a0ca-67e37dbbf265<-8406e4c7-9c64-45ff-a753-663392bee600#0:FAIL-t2. Peer's state: 8406e4c7-9c64-45ff-a753-663392bee600@group-73F2619DA9B8:t2, leader=null, voted=8406e4c7-9c64-45ff-a753-663392bee600, raftlog=8406e4c7-9c64-45ff-a753-663392bee600@group-73F2619DA9B8-SegmentedRaftLog:OPENED:c-1,f-1,i0, conf=-1: [1627f0ec-3267-4946-a770-cb64d6080904|rpc:10.1.0.9:39909|dataStream:|priority:0, 8406e4c7-9c64-45ff-a753-663392bee600|rpc:10.1.0.9:43903|dataStream:|priority:0, 0bc7842a-14bb-4f31-a0ca-67e37dbbf265|rpc:10.1.0.9:39103|dataStream:|priority:1], old=null
2021-08-27 12:19:33,699 [0bc7842a-14bb-4f31-a0ca-67e37dbbf265@group-73F2619DA9B8-LeaderElection73] INFO  impl.LeaderElection (LeaderElection.java:logAndReturn(89)) - 0bc7842a-14bb-4f31-a0ca-67e37dbbf265@group-73F2619DA9B8-LeaderElection73: ELECTION REJECTED received 2 response(s) and 0 exception(s):
2021-08-27 12:19:33,699 [0bc7842a-14bb-4f31-a0ca-67e37dbbf265@group-73F2619DA9B8-LeaderElection73] INFO  impl.LeaderElection (LeaderElection.java:logAndReturn(93)) -   Response 0: 0bc7842a-14bb-4f31-a0ca-67e37dbbf265<-1627f0ec-3267-4946-a770-cb64d6080904#0:FAIL-t2
2021-08-27 12:19:33,699 [0bc7842a-14bb-4f31-a0ca-67e37dbbf265@group-73F2619DA9B8-LeaderElection73] INFO  impl.LeaderElection (LeaderElection.java:logAndReturn(93)) -   Response 1: 0bc7842a-14bb-4f31-a0ca-67e37dbbf265<-8406e4c7-9c64-45ff-a753-663392bee600#0:FAIL-t2
2021-08-27 12:19:33,699 [0bc7842a-14bb-4f31-a0ca-67e37dbbf265@group-73F2619DA9B8-LeaderElection73] INFO  impl.LeaderElection (LeaderElection.java:askForVotes(308)) - 0bc7842a-14bb-4f31-a0ca-67e37dbbf265@group-73F2619DA9B8-LeaderElection73 ELECTION round 0: result REJECTED
2021-08-27 12:19:33,699 [0bc7842a-14bb-4f31-a0ca-67e37dbbf265@group-73F2619DA9B8-LeaderElection73] INFO  server.RaftServer$Division (RaftServerImpl.java:setRole(285)) - 0bc7842a-14bb-4f31-a0ca-67e37dbbf265@group-73F2619DA9B8: changes role from CANDIDATE to FOLLOWER at term 2 for REJECTED
2021-08-27 12:19:33,699 [0bc7842a-14bb-4f31-a0ca-67e37dbbf265@group-73F2619DA9B8-LeaderElection73] INFO  impl.RoleInfo (RoleInfo.java:shutdownLeaderElection(121)) - 0bc7842a-14bb-4f31-a0ca-67e37dbbf265: shutdown 0bc7842a-14bb-4f31-a0ca-67e37dbbf265@group-73F2619DA9B8-LeaderElection73
2021-08-27 12:19:33,699 [0bc7842a-14bb-4f31-a0ca-67e37dbbf265@group-73F2619DA9B8-LeaderElection73] INFO  impl.RoleInfo (RoleInfo.java:updateAndGet(130)) - 0bc7842a-14bb-4f31-a0ca-67e37dbbf265: start 0bc7842a-14bb-4f31-a0ca-67e37dbbf265@group-73F2619DA9B8-FollowerState
2021-08-27 12:19:34,381 [1fe13acc-f0f9-4502-98df-9f6d0a8c5d2e@group-2816B9E709FD-FollowerState] INFO  impl.FollowerState (FollowerState.java:run(134)) - 1fe13acc-f0f9-4502-98df-9f6d0a8c5d2e@group-2816B9E709FD-FollowerState: change to CANDIDATE, lastRpcElapsedTime:5017837955ns, electionTimeout:5010ms
2021-08-27 12:19:34,381 [1fe13acc-f0f9-4502-98df-9f6d0a8c5d2e@group-2816B9E709FD-FollowerState] INFO  impl.RoleInfo (RoleInfo.java:shutdownFollowerState(108)) - 1fe13acc-f0f9-4502-98df-9f6d0a8c5d2e: shutdown 1fe13acc-f0f9-4502-98df-9f6d0a8c5d2e@group-2816B9E709FD-FollowerState
2021-08-27 12:19:34,381 [1fe13acc-f0f9-4502-98df-9f6d0a8c5d2e@group-2816B9E709FD-FollowerState] INFO  server.RaftServer$Division (RaftServerImpl.java:setRole(285)) - 1fe13acc-f0f9-4502-98df-9f6d0a8c5d2e@group-2816B9E709FD: changes role from  FOLLOWER to CANDIDATE at term 1 for changeToCandidate
2021-08-27 12:19:34,381 [1fe13acc-f0f9-4502-98df-9f6d0a8c5d2e@group-2816B9E709FD-FollowerState] INFO  server.RaftServerConfigKeys (ConfUtils.java:logGet(44)) - raft.server.leaderelection.pre-vote = false (custom)
2021-08-27 12:19:34,381 [1fe13acc-f0f9-4502-98df-9f6d0a8c5d2e@group-2816B9E709FD-FollowerState] INFO  impl.RoleInfo (RoleInfo.java:updateAndGet(130)) - 1fe13acc-f0f9-4502-98df-9f6d0a8c5d2e: start 1fe13acc-f0f9-4502-98df-9f6d0a8c5d2e@group-2816B9E709FD-LeaderElection75
2021-08-27 12:19:34,412 [1fe13acc-f0f9-4502-98df-9f6d0a8c5d2e@group-2816B9E709FD-LeaderElection75] INFO  impl.LeaderElection (LeaderElection.java:askForVotes(306)) - 1fe13acc-f0f9-4502-98df-9f6d0a8c5d2e@group-2816B9E709FD-LeaderElection75 ELECTION round 0: submit vote requests at term 2 for -1: [ff42b6c9-4897-43a9-a52a-fdd67bba99ae|rpc:10.1.0.9:45231|dataStream:|priority:0, 96076b98-8515-473a-ab50-26e1974acf6c|rpc:10.1.0.9:44405|dataStream:|priority:0, 1fe13acc-f0f9-4502-98df-9f6d0a8c5d2e|rpc:10.1.0.9:40147|dataStream:|priority:1], old=null
2021-08-27 12:19:34,421 [grpc-default-executor-2] INFO  server.RaftServer$Division (RaftServerImpl.java:requestVote(1043)) - ff42b6c9-4897-43a9-a52a-fdd67bba99ae@group-2816B9E709FD: receive requestVote(ELECTION, 1fe13acc-f0f9-4502-98df-9f6d0a8c5d2e, group-2816B9E709FD, 2, (t:0, i:0))
2021-08-27 12:19:34,421 [grpc-default-executor-2] INFO  impl.VoteContext (VoteContext.java:log(48)) - ff42b6c9-4897-43a9-a52a-fdd67bba99ae@group-2816B9E709FD-FOLLOWER: accept ELECTION from 1fe13acc-f0f9-4502-98df-9f6d0a8c5d2e: our priority 0 <= candidate's priority 1
2021-08-27 12:19:34,421 [grpc-default-executor-2] INFO  server.RaftServer$Division (RaftServerImpl.java:setRole(285)) - ff42b6c9-4897-43a9-a52a-fdd67bba99ae@group-2816B9E709FD: changes role from  FOLLOWER to FOLLOWER at term 2 for candidate:1fe13acc-f0f9-4502-98df-9f6d0a8c5d2e
2021-08-27 12:19:34,421 [grpc-default-executor-2] INFO  impl.RoleInfo (RoleInfo.java:shutdownFollowerState(108)) - ff42b6c9-4897-43a9-a52a-fdd67bba99ae: shutdown ff42b6c9-4897-43a9-a52a-fdd67bba99ae@group-2816B9E709FD-FollowerState
2021-08-27 12:19:34,421 [grpc-default-executor-2] INFO  impl.RoleInfo (RoleInfo.java:updateAndGet(130)) - ff42b6c9-4897-43a9-a52a-fdd67bba99ae: start ff42b6c9-4897-43a9-a52a-fdd67bba99ae@group-2816B9E709FD-FollowerState
2021-08-27 12:19:34,421 [ff42b6c9-4897-43a9-a52a-fdd67bba99ae@group-2816B9E709FD-FollowerState] INFO  impl.FollowerState (FollowerState.java:run(143)) - ff42b6c9-4897-43a9-a52a-fdd67bba99ae@group-2816B9E709FD-FollowerState was interrupted: {}
java.lang.InterruptedException: sleep interrupted
	at java.lang.Thread.sleep(Native Method)
	at java.lang.Thread.sleep(Thread.java:340)
	at java.util.concurrent.TimeUnit.sleep(TimeUnit.java:386)
	at org.apache.ratis.util.TimeDuration.sleep(TimeDuration.java:324)
	at org.apache.ratis.util.TimeDuration.sleep(TimeDuration.java:309)
	at org.apache.ratis.server.impl.FollowerState.run(FollowerState.java:118)
2021-08-27 12:19:34,466 [grpc-default-executor-2] INFO  server.RaftServer$Division (RaftServerImpl.java:requestVote(1075)) - ff42b6c9-4897-43a9-a52a-fdd67bba99ae@group-2816B9E709FD replies to ELECTION vote request: 1fe13acc-f0f9-4502-98df-9f6d0a8c5d2e<-ff42b6c9-4897-43a9-a52a-fdd67bba99ae#0:OK-t2. Peer's state: ff42b6c9-4897-43a9-a52a-fdd67bba99ae@group-2816B9E709FD:t2, leader=null, voted=1fe13acc-f0f9-4502-98df-9f6d0a8c5d2e, raftlog=ff42b6c9-4897-43a9-a52a-fdd67bba99ae@group-2816B9E709FD-SegmentedRaftLog:OPENED:c-1,f-1,i0, conf=-1: [ff42b6c9-4897-43a9-a52a-fdd67bba99ae|rpc:10.1.0.9:45231|priority:0, 96076b98-8515-473a-ab50-26e1974acf6c|rpc:10.1.0.9:44405|priority:0, 1fe13acc-f0f9-4502-98df-9f6d0a8c5d2e|rpc:10.1.0.9:40147|priority:1], old=null
2021-08-27 12:19:34,473 [1fe13acc-f0f9-4502-98df-9f6d0a8c5d2e@group-2816B9E709FD-LeaderElection75] INFO  impl.LeaderElection (LeaderElection.java:logAndReturn(89)) - 1fe13acc-f0f9-4502-98df-9f6d0a8c5d2e@group-2816B9E709FD-LeaderElection75: ELECTION PASSED received 1 response(s) and 0 exception(s):
2021-08-27 12:19:34,473 [1fe13acc-f0f9-4502-98df-9f6d0a8c5d2e@group-2816B9E709FD-LeaderElection75] INFO  impl.LeaderElection (LeaderElection.java:logAndReturn(93)) -   Response 0: 1fe13acc-f0f9-4502-98df-9f6d0a8c5d2e<-ff42b6c9-4897-43a9-a52a-fdd67bba99ae#0:OK-t2
2021-08-27 12:19:34,473 [1fe13acc-f0f9-4502-98df-9f6d0a8c5d2e@group-2816B9E709FD-LeaderElection75] INFO  impl.LeaderElection (LeaderElection.java:askForVotes(308)) - 1fe13acc-f0f9-4502-98df-9f6d0a8c5d2e@group-2816B9E709FD-LeaderElection75 ELECTION round 0: result PASSED
2021-08-27 12:19:34,473 [1fe13acc-f0f9-4502-98df-9f6d0a8c5d2e@group-2816B9E709FD-LeaderElection75] INFO  impl.RoleInfo (RoleInfo.java:shutdownLeaderElection(121)) - 1fe13acc-f0f9-4502-98df-9f6d0a8c5d2e: shutdown 1fe13acc-f0f9-4502-98df-9f6d0a8c5d2e@group-2816B9E709FD-LeaderElection75
2021-08-27 12:19:34,473 [1fe13acc-f0f9-4502-98df-9f6d0a8c5d2e@group-2816B9E709FD-LeaderElection75] INFO  server.RaftServer$Division (RaftServerImpl.java:setRole(285)) - 1fe13acc-f0f9-4502-98df-9f6d0a8c5d2e@group-2816B9E709FD: changes role from CANDIDATE to LEADER at term 2 for changeToLeader
2021-08-27 12:19:34,473 [1fe13acc-f0f9-4502-98df-9f6d0a8c5d2e@group-2816B9E709FD-LeaderElection75] INFO  ratis.XceiverServerRatis (XceiverServerRatis.java:handleLeaderChangedNotification(861)) - Leader change notification received for group: group-2816B9E709FD with new leaderId: 1fe13acc-f0f9-4502-98df-9f6d0a8c5d2e
2021-08-27 12:19:34,473 [1fe13acc-f0f9-4502-98df-9f6d0a8c5d2e@group-2816B9E709FD-LeaderElection75] INFO  server.RaftServer$Division (ServerState.java:setLeader(285)) - 1fe13acc-f0f9-4502-98df-9f6d0a8c5d2e@group-2816B9E709FD: change Leader from null to 1fe13acc-f0f9-4502-98df-9f6d0a8c5d2e at term 2 for becomeLeader, leader elected after 9948ms
2021-08-27 12:19:34,473 [1fe13acc-f0f9-4502-98df-9f6d0a8c5d2e@group-2816B9E709FD-LeaderElection75] INFO  server.RaftServerConfigKeys (ConfUtils.java:logGet(44)) - raft.server.staging.catchup.gap = 1000 (default)
2021-08-27 12:19:34,474 [1fe13acc-f0f9-4502-98df-9f6d0a8c5d2e@group-2816B9E709FD-LeaderElection75] INFO  server.RaftServerConfigKeys (ConfUtils.java:logGet(44)) - raft.server.write.element-limit = 1024 (custom)
2021-08-27 12:19:34,474 [1fe13acc-f0f9-4502-98df-9f6d0a8c5d2e@group-2816B9E709FD-LeaderElection75] INFO  server.RaftServerConfigKeys (ConfUtils.java:logGet(44)) - raft.server.write.byte-limit = 1024 M (=1073741824) (custom)
2021-08-27 12:19:34,474 [1fe13acc-f0f9-4502-98df-9f6d0a8c5d2e@group-2816B9E709FD-LeaderElection75] INFO  server.RaftServerConfigKeys (ConfUtils.java:logGet(44)) - raft.server.watch.timeout = 3000ms (custom)
2021-08-27 12:19:34,474 [1fe13acc-f0f9-4502-98df-9f6d0a8c5d2e@group-2816B9E709FD-LeaderElection75] INFO  server.RaftServerConfigKeys (ConfUtils.java:logGet(44)) - raft.server.watch.timeout.denomination = 1s (default)
2021-08-27 12:19:34,474 [1fe13acc-f0f9-4502-98df-9f6d0a8c5d2e@group-2816B9E709FD-LeaderElection75] INFO  server.RaftServerConfigKeys (ConfUtils.java:logGet(44)) - raft.server.watch.element-limit = 65536 (default)
2021-08-27 12:19:34,474 [1fe13acc-f0f9-4502-98df-9f6d0a8c5d2e@group-2816B9E709FD-LeaderElection75] INFO  server.RaftServerConfigKeys (ConfUtils.java:logGet(44)) - raft.server.log.appender.snapshot.chunk.size.max = 16MB (=16777216) (default)
2021-08-27 12:19:34,475 [1fe13acc-f0f9-4502-98df-9f6d0a8c5d2e@group-2816B9E709FD-LeaderElection75] INFO  server.RaftServerConfigKeys (ConfUtils.java:logGet(44)) - raft.server.log.appender.buffer.byte-limit = 33554432 (custom)
2021-08-27 12:19:34,475 [1fe13acc-f0f9-4502-98df-9f6d0a8c5d2e@group-2816B9E709FD-LeaderElection75] INFO  server.RaftServerConfigKeys (ConfUtils.java:logGet(44)) - raft.server.log.appender.buffer.element-limit = 1 (custom)
2021-08-27 12:19:34,475 [1fe13acc-f0f9-4502-98df-9f6d0a8c5d2e@group-2816B9E709FD-LeaderElection75] INFO  grpc.GrpcConfigKeys (ConfUtils.java:logGet(44)) - raft.grpc.server.leader.outstanding.appends.max = 128 (default)
2021-08-27 12:19:34,475 [1fe13acc-f0f9-4502-98df-9f6d0a8c5d2e@group-2816B9E709FD-LeaderElection75] INFO  server.RaftServerConfigKeys (ConfUtils.java:logGet(44)) - raft.server.rpc.request.timeout = 3000ms (default)
2021-08-27 12:19:34,475 [1fe13acc-f0f9-4502-98df-9f6d0a8c5d2e@group-2816B9E709FD-LeaderElection75] INFO  server.RaftServerConfigKeys (ConfUtils.java:logGet(44)) - raft.server.log.appender.install.snapshot.enabled = false (custom)
2021-08-27 12:19:34,476 [1fe13acc-f0f9-4502-98df-9f6d0a8c5d2e@group-2816B9E709FD-LeaderElection75] INFO  server.RaftServerConfigKeys (ConfUtils.java:logGet(44)) - raft.server.log.appender.snapshot.chunk.size.max = 16MB (=16777216) (default)
2021-08-27 12:19:34,476 [1fe13acc-f0f9-4502-98df-9f6d0a8c5d2e@group-2816B9E709FD-LeaderElection75] INFO  server.RaftServerConfigKeys (ConfUtils.java:logGet(44)) - raft.server.log.appender.buffer.byte-limit = 33554432 (custom)
2021-08-27 12:19:34,476 [1fe13acc-f0f9-4502-98df-9f6d0a8c5d2e@group-2816B9E709FD-LeaderElection75] INFO  server.RaftServerConfigKeys (ConfUtils.java:logGet(44)) - raft.server.log.appender.buffer.element-limit = 1 (custom)
2021-08-27 12:19:34,476 [1fe13acc-f0f9-4502-98df-9f6d0a8c5d2e@group-2816B9E709FD-LeaderElection75] INFO  grpc.GrpcConfigKeys (ConfUtils.java:logGet(44)) - raft.grpc.server.leader.outstanding.appends.max = 128 (default)
2021-08-27 12:19:34,476 [1fe13acc-f0f9-4502-98df-9f6d0a8c5d2e@group-2816B9E709FD-LeaderElection75] INFO  server.RaftServerConfigKeys (ConfUtils.java:logGet(44)) - raft.server.rpc.request.timeout = 3000ms (default)
2021-08-27 12:19:34,476 [1fe13acc-f0f9-4502-98df-9f6d0a8c5d2e@group-2816B9E709FD-LeaderElection75] INFO  server.RaftServerConfigKeys (ConfUtils.java:logGet(44)) - raft.server.log.appender.install.snapshot.enabled = false (custom)
2021-08-27 12:19:34,477 [1fe13acc-f0f9-4502-98df-9f6d0a8c5d2e@group-2816B9E709FD-LeaderElection75] INFO  impl.RoleInfo (RoleInfo.java:updateAndGet(130)) - 1fe13acc-f0f9-4502-98df-9f6d0a8c5d2e: start 1fe13acc-f0f9-4502-98df-9f6d0a8c5d2e@group-2816B9E709FD-LeaderStateImpl
2021-08-27 12:19:34,478 [Datanode State Machine Thread - 0] WARN  statemachine.StateContext (StateContext.java:execute(621)) - No available thread in pool for past 1 seconds.
2021-08-27 12:19:34,479 [EventQueue-PipelineReportForPipelineReportHandler] INFO  pipeline.PipelineManagerImpl (PipelineManagerImpl.java:openPipeline(282)) - Pipeline Pipeline[ Id: 5c9aca2d-62a8-42a7-9b38-2816b9e709fd, Nodes: 96076b98-8515-473a-ab50-26e1974acf6c{ip: 10.1.0.9, host: fv-az122-729.zf1tlrj3kn4expqppa1j4mpycf.xx.internal.cloudapp.net, ports: [REPLICATION=34925, RATIS=44405, RATIS_ADMIN=44405, RATIS_SERVER=44405, STANDALONE=35065], networkLocation: /default-rack, certSerialId: null, persistedOpState: IN_SERVICE, persistedOpStateExpiryEpochSec: 0}ff42b6c9-4897-43a9-a52a-fdd67bba99ae{ip: 10.1.0.9, host: fv-az122-729.zf1tlrj3kn4expqppa1j4mpycf.xx.internal.cloudapp.net, ports: [REPLICATION=36553, RATIS=45231, RATIS_ADMIN=45231, RATIS_SERVER=45231, STANDALONE=36799], networkLocation: /default-rack, certSerialId: null, persistedOpState: IN_SERVICE, persistedOpStateExpiryEpochSec: 0}1fe13acc-f0f9-4502-98df-9f6d0a8c5d2e{ip: 10.1.0.9, host: fv-az122-729.zf1tlrj3kn4expqppa1j4mpycf.xx.internal.cloudapp.net, ports: [REPLICATION=40625, RATIS=40147, RATIS_ADMIN=40147, RATIS_SERVER=40147, STANDALONE=38407], networkLocation: /default-rack, certSerialId: null, persistedOpState: IN_SERVICE, persistedOpStateExpiryEpochSec: 0}, ReplicationConfig: RATIS/THREE, State:ALLOCATED, leaderId:1fe13acc-f0f9-4502-98df-9f6d0a8c5d2e, CreationTimestamp2021-08-27T12:19:21.791Z[Etc/UTC]] moved to OPEN state
2021-08-27 12:19:34,481 [grpc-default-executor-4] INFO  server.RaftServer$Division (RaftServerImpl.java:requestVote(1043)) - 96076b98-8515-473a-ab50-26e1974acf6c@group-2816B9E709FD: receive requestVote(ELECTION, 1fe13acc-f0f9-4502-98df-9f6d0a8c5d2e, group-2816B9E709FD, 2, (t:0, i:0))
2021-08-27 12:19:34,484 [grpc-default-executor-4] INFO  impl.VoteContext (VoteContext.java:log(48)) - 96076b98-8515-473a-ab50-26e1974acf6c@group-2816B9E709FD-FOLLOWER: accept ELECTION from 1fe13acc-f0f9-4502-98df-9f6d0a8c5d2e: our priority 0 <= candidate's priority 1
2021-08-27 12:19:34,484 [grpc-default-executor-4] INFO  server.RaftServer$Division (RaftServerImpl.java:setRole(285)) - 96076b98-8515-473a-ab50-26e1974acf6c@group-2816B9E709FD: changes role from  FOLLOWER to FOLLOWER at term 2 for candidate:1fe13acc-f0f9-4502-98df-9f6d0a8c5d2e
2021-08-27 12:19:34,484 [grpc-default-executor-4] INFO  impl.RoleInfo (RoleInfo.java:shutdownFollowerState(108)) - 96076b98-8515-473a-ab50-26e1974acf6c: shutdown 96076b98-8515-473a-ab50-26e1974acf6c@group-2816B9E709FD-FollowerState
2021-08-27 12:19:34,484 [grpc-default-executor-4] INFO  impl.RoleInfo (RoleInfo.java:updateAndGet(130)) - 96076b98-8515-473a-ab50-26e1974acf6c: start 96076b98-8515-473a-ab50-26e1974acf6c@group-2816B9E709FD-FollowerState
2021-08-27 12:19:34,484 [96076b98-8515-473a-ab50-26e1974acf6c@group-2816B9E709FD-FollowerState] INFO  impl.FollowerState (FollowerState.java:run(143)) - 96076b98-8515-473a-ab50-26e1974acf6c@group-2816B9E709FD-FollowerState was interrupted: {}
java.lang.InterruptedException: sleep interrupted
	at java.lang.Thread.sleep(Native Method)
	at java.lang.Thread.sleep(Thread.java:340)
	at java.util.concurrent.TimeUnit.sleep(TimeUnit.java:386)
	at org.apache.ratis.util.TimeDuration.sleep(TimeDuration.java:324)
	at org.apache.ratis.util.TimeDuration.sleep(TimeDuration.java:309)
	at org.apache.ratis.server.impl.FollowerState.run(FollowerState.java:118)
2021-08-27 12:19:34,486 [grpc-default-executor-4] INFO  server.RaftServer$Division (RaftServerImpl.java:requestVote(1075)) - 96076b98-8515-473a-ab50-26e1974acf6c@group-2816B9E709FD replies to ELECTION vote request: 1fe13acc-f0f9-4502-98df-9f6d0a8c5d2e<-96076b98-8515-473a-ab50-26e1974acf6c#0:OK-t2. Peer's state: 96076b98-8515-473a-ab50-26e1974acf6c@group-2816B9E709FD:t2, leader=null, voted=1fe13acc-f0f9-4502-98df-9f6d0a8c5d2e, raftlog=96076b98-8515-473a-ab50-26e1974acf6c@group-2816B9E709FD-SegmentedRaftLog:OPENED:c-1,f-1,i0, conf=-1: [ff42b6c9-4897-43a9-a52a-fdd67bba99ae|rpc:10.1.0.9:45231|dataStream:|priority:0, 96076b98-8515-473a-ab50-26e1974acf6c|rpc:10.1.0.9:44405|dataStream:|priority:0, 1fe13acc-f0f9-4502-98df-9f6d0a8c5d2e|rpc:10.1.0.9:40147|dataStream:|priority:1], old=null
2021-08-27 12:19:34,509 [1fe13acc-f0f9-4502-98df-9f6d0a8c5d2e@group-2816B9E709FD-LeaderElection75] INFO  segmented.SegmentedRaftLogWorker (SegmentedRaftLogWorker.java:startLogSegment(394)) - 1fe13acc-f0f9-4502-98df-9f6d0a8c5d2e@group-2816B9E709FD-SegmentedRaftLogWorker: Starting segment from index:0
2021-08-27 12:19:34,522 [1fe13acc-f0f9-4502-98df-9f6d0a8c5d2e@group-2816B9E709FD-LeaderElection75] INFO  server.RaftServer$Division (ServerState.java:setRaftConf(387)) - 1fe13acc-f0f9-4502-98df-9f6d0a8c5d2e@group-2816B9E709FD: set configuration 0: [ff42b6c9-4897-43a9-a52a-fdd67bba99ae|rpc:10.1.0.9:45231|dataStream:|priority:0, 96076b98-8515-473a-ab50-26e1974acf6c|rpc:10.1.0.9:44405|dataStream:|priority:0, 1fe13acc-f0f9-4502-98df-9f6d0a8c5d2e|rpc:10.1.0.9:40147|dataStream:|priority:1], old=null
2021-08-27 12:19:34,523 [grpc-default-executor-4] INFO  ratis.XceiverServerRatis (XceiverServerRatis.java:handleLeaderChangedNotification(861)) - Leader change notification received for group: group-2816B9E709FD with new leaderId: 1fe13acc-f0f9-4502-98df-9f6d0a8c5d2e
2021-08-27 12:19:34,523 [grpc-default-executor-4] INFO  server.RaftServer$Division (ServerState.java:setLeader(285)) - ff42b6c9-4897-43a9-a52a-fdd67bba99ae@group-2816B9E709FD: change Leader from null to 1fe13acc-f0f9-4502-98df-9f6d0a8c5d2e at term 2 for appendEntries, leader elected after 10342ms
2021-08-27 12:19:34,531 [grpc-default-executor-4] INFO  server.RaftServer$Division (ServerState.java:setRaftConf(387)) - ff42b6c9-4897-43a9-a52a-fdd67bba99ae@group-2816B9E709FD: set configuration 0: [ff42b6c9-4897-43a9-a52a-fdd67bba99ae|rpc:10.1.0.9:45231|dataStream:|priority:0, 96076b98-8515-473a-ab50-26e1974acf6c|rpc:10.1.0.9:44405|dataStream:|priority:0, 1fe13acc-f0f9-4502-98df-9f6d0a8c5d2e|rpc:10.1.0.9:40147|dataStream:|priority:1], old=null
2021-08-27 12:19:34,531 [grpc-default-executor-4] INFO  segmented.SegmentedRaftLogWorker (SegmentedRaftLogWorker.java:startLogSegment(394)) - ff42b6c9-4897-43a9-a52a-fdd67bba99ae@group-2816B9E709FD-SegmentedRaftLogWorker: Starting segment from index:0
2021-08-27 12:19:34,533 [ff42b6c9-4897-43a9-a52a-fdd67bba99ae@group-2816B9E709FD-SegmentedRaftLogWorker] INFO  segmented.SegmentedRaftLogWorker (SegmentedRaftLogWorker.java:execute(601)) - ff42b6c9-4897-43a9-a52a-fdd67bba99ae@group-2816B9E709FD-SegmentedRaftLogWorker: created new log segment /home/runner/work/ozone/ozone/hadoop-ozone/integration-test/target/test-dir/MiniOzoneClusterImpl-595ad429-f938-4b04-a1e1-fbbc785922f0/datanode-6/data/ratis/5c9aca2d-62a8-42a7-9b38-2816b9e709fd/current/log_inprogress_0
2021-08-27 12:19:34,538 [1fe13acc-f0f9-4502-98df-9f6d0a8c5d2e@group-2816B9E709FD-SegmentedRaftLogWorker] INFO  segmented.SegmentedRaftLogWorker (SegmentedRaftLogWorker.java:execute(601)) - 1fe13acc-f0f9-4502-98df-9f6d0a8c5d2e@group-2816B9E709FD-SegmentedRaftLogWorker: created new log segment /home/runner/work/ozone/ozone/hadoop-ozone/integration-test/target/test-dir/MiniOzoneClusterImpl-595ad429-f938-4b04-a1e1-fbbc785922f0/datanode-8/data/ratis/5c9aca2d-62a8-42a7-9b38-2816b9e709fd/current/log_inprogress_0
2021-08-27 12:19:34,543 [grpc-default-executor-4] INFO  ratis.XceiverServerRatis (XceiverServerRatis.java:handleLeaderChangedNotification(861)) - Leader change notification received for group: group-2816B9E709FD with new leaderId: 1fe13acc-f0f9-4502-98df-9f6d0a8c5d2e
2021-08-27 12:19:34,543 [grpc-default-executor-4] INFO  server.RaftServer$Division (ServerState.java:setLeader(285)) - 96076b98-8515-473a-ab50-26e1974acf6c@group-2816B9E709FD: change Leader from null to 1fe13acc-f0f9-4502-98df-9f6d0a8c5d2e at term 2 for appendEntries, leader elected after 10240ms
2021-08-27 12:19:34,563 [grpc-default-executor-4] INFO  server.RaftServer$Division (ServerState.java:setRaftConf(387)) - 96076b98-8515-473a-ab50-26e1974acf6c@group-2816B9E709FD: set configuration 0: [ff42b6c9-4897-43a9-a52a-fdd67bba99ae|rpc:10.1.0.9:45231|dataStream:|priority:0, 96076b98-8515-473a-ab50-26e1974acf6c|rpc:10.1.0.9:44405|dataStream:|priority:0, 1fe13acc-f0f9-4502-98df-9f6d0a8c5d2e|rpc:10.1.0.9:40147|dataStream:|priority:1], old=null
2021-08-27 12:19:34,563 [grpc-default-executor-4] INFO  segmented.SegmentedRaftLogWorker (SegmentedRaftLogWorker.java:startLogSegment(394)) - 96076b98-8515-473a-ab50-26e1974acf6c@group-2816B9E709FD-SegmentedRaftLogWorker: Starting segment from index:0
2021-08-27 12:19:34,564 [96076b98-8515-473a-ab50-26e1974acf6c@group-2816B9E709FD-SegmentedRaftLogWorker] INFO  segmented.SegmentedRaftLogWorker (SegmentedRaftLogWorker.java:execute(601)) - 96076b98-8515-473a-ab50-26e1974acf6c@group-2816B9E709FD-SegmentedRaftLogWorker: created new log segment /home/runner/work/ozone/ozone/hadoop-ozone/integration-test/target/test-dir/MiniOzoneClusterImpl-595ad429-f938-4b04-a1e1-fbbc785922f0/datanode-7/data/ratis/5c9aca2d-62a8-42a7-9b38-2816b9e709fd/current/log_inprogress_0
2021-08-27 12:19:37,858 [dd2b24ff-1eae-4a3e-81dc-b04424e7f942@group-6AA931AC1D3C-FollowerState] INFO  impl.FollowerState (FollowerState.java:run(134)) - dd2b24ff-1eae-4a3e-81dc-b04424e7f942@group-6AA931AC1D3C-FollowerState: change to CANDIDATE, lastRpcElapsedTime:5099689931ns, electionTimeout:5066ms
2021-08-27 12:19:37,858 [dd2b24ff-1eae-4a3e-81dc-b04424e7f942@group-6AA931AC1D3C-FollowerState] INFO  impl.RoleInfo (RoleInfo.java:shutdownFollowerState(108)) - dd2b24ff-1eae-4a3e-81dc-b04424e7f942: shutdown dd2b24ff-1eae-4a3e-81dc-b04424e7f942@group-6AA931AC1D3C-FollowerState
2021-08-27 12:19:37,858 [dd2b24ff-1eae-4a3e-81dc-b04424e7f942@group-6AA931AC1D3C-FollowerState] INFO  server.RaftServer$Division (RaftServerImpl.java:setRole(285)) - dd2b24ff-1eae-4a3e-81dc-b04424e7f942@group-6AA931AC1D3C: changes role from  FOLLOWER to CANDIDATE at term 3 for changeToCandidate
2021-08-27 12:19:37,858 [dd2b24ff-1eae-4a3e-81dc-b04424e7f942@group-6AA931AC1D3C-FollowerState] INFO  server.RaftServerConfigKeys (ConfUtils.java:logGet(44)) - raft.server.leaderelection.pre-vote = false (custom)
2021-08-27 12:19:37,858 [dd2b24ff-1eae-4a3e-81dc-b04424e7f942@group-6AA931AC1D3C-FollowerState] INFO  impl.RoleInfo (RoleInfo.java:updateAndGet(130)) - dd2b24ff-1eae-4a3e-81dc-b04424e7f942: start dd2b24ff-1eae-4a3e-81dc-b04424e7f942@group-6AA931AC1D3C-LeaderElection76
2021-08-27 12:19:37,891 [dd2b24ff-1eae-4a3e-81dc-b04424e7f942@group-6AA931AC1D3C-LeaderElection76] INFO  impl.LeaderElection (LeaderElection.java:askForVotes(306)) - dd2b24ff-1eae-4a3e-81dc-b04424e7f942@group-6AA931AC1D3C-LeaderElection76 ELECTION round 0: submit vote requests at term 4 for -1: [dd2b24ff-1eae-4a3e-81dc-b04424e7f942|rpc:10.1.0.9:39127|dataStream:|priority:0, f890e39a-5838-4db2-99cf-760c0a4a7b9f|rpc:10.1.0.9:38659|dataStream:|priority:0, 97469cba-ac70-4b4e-8b1d-7d1e4e3cf9ac|rpc:10.1.0.9:36551|dataStream:|priority:1], old=null
2021-08-27 12:19:37,899 [grpc-default-executor-4] INFO  server.RaftServer$Division (RaftServerImpl.java:requestVote(1043)) - f890e39a-5838-4db2-99cf-760c0a4a7b9f@group-6AA931AC1D3C: receive requestVote(ELECTION, dd2b24ff-1eae-4a3e-81dc-b04424e7f942, group-6AA931AC1D3C, 4, (t:0, i:0))
2021-08-27 12:19:37,899 [grpc-default-executor-4] INFO  impl.VoteContext (VoteContext.java:log(48)) - f890e39a-5838-4db2-99cf-760c0a4a7b9f@group-6AA931AC1D3C-FOLLOWER: accept ELECTION from dd2b24ff-1eae-4a3e-81dc-b04424e7f942: our priority 0 <= candidate's priority 0
2021-08-27 12:19:37,899 [grpc-default-executor-4] INFO  server.RaftServer$Division (RaftServerImpl.java:setRole(285)) - f890e39a-5838-4db2-99cf-760c0a4a7b9f@group-6AA931AC1D3C: changes role from  FOLLOWER to FOLLOWER at term 4 for candidate:dd2b24ff-1eae-4a3e-81dc-b04424e7f942
2021-08-27 12:19:37,899 [grpc-default-executor-4] INFO  impl.RoleInfo (RoleInfo.java:shutdownFollowerState(108)) - f890e39a-5838-4db2-99cf-760c0a4a7b9f: shutdown f890e39a-5838-4db2-99cf-760c0a4a7b9f@group-6AA931AC1D3C-FollowerState
2021-08-27 12:19:37,899 [grpc-default-executor-4] INFO  impl.RoleInfo (RoleInfo.java:updateAndGet(130)) - f890e39a-5838-4db2-99cf-760c0a4a7b9f: start f890e39a-5838-4db2-99cf-760c0a4a7b9f@group-6AA931AC1D3C-FollowerState
2021-08-27 12:19:37,899 [f890e39a-5838-4db2-99cf-760c0a4a7b9f@group-6AA931AC1D3C-FollowerState] INFO  impl.FollowerState (FollowerState.java:run(143)) - f890e39a-5838-4db2-99cf-760c0a4a7b9f@group-6AA931AC1D3C-FollowerState was interrupted: {}
java.lang.InterruptedException: sleep interrupted
	at java.lang.Thread.sleep(Native Method)
	at java.lang.Thread.sleep(Thread.java:340)
	at java.util.concurrent.TimeUnit.sleep(TimeUnit.java:386)
	at org.apache.ratis.util.TimeDuration.sleep(TimeDuration.java:324)
	at org.apache.ratis.util.TimeDuration.sleep(TimeDuration.java:309)
	at org.apache.ratis.server.impl.FollowerState.run(FollowerState.java:118)
2021-08-27 12:19:37,919 [grpc-default-executor-2] INFO  server.RaftServer$Division (RaftServerImpl.java:requestVote(1043)) - 97469cba-ac70-4b4e-8b1d-7d1e4e3cf9ac@group-6AA931AC1D3C: receive requestVote(ELECTION, dd2b24ff-1eae-4a3e-81dc-b04424e7f942, group-6AA931AC1D3C, 4, (t:0, i:0))
2021-08-27 12:19:37,919 [grpc-default-executor-2] INFO  impl.VoteContext (VoteContext.java:log(48)) - 97469cba-ac70-4b4e-8b1d-7d1e4e3cf9ac@group-6AA931AC1D3C-FOLLOWER: reject ELECTION from dd2b24ff-1eae-4a3e-81dc-b04424e7f942: our last entry (t:2, i:0) > candidate's last entry (t:0, i:0)
2021-08-27 12:19:37,919 [grpc-default-executor-2] INFO  server.RaftServer$Division (RaftServerImpl.java:setRole(285)) - 97469cba-ac70-4b4e-8b1d-7d1e4e3cf9ac@group-6AA931AC1D3C: changes role from  FOLLOWER to FOLLOWER at term 4 for candidate:dd2b24ff-1eae-4a3e-81dc-b04424e7f942
2021-08-27 12:19:37,919 [grpc-default-executor-2] INFO  impl.RoleInfo (RoleInfo.java:shutdownFollowerState(108)) - 97469cba-ac70-4b4e-8b1d-7d1e4e3cf9ac: shutdown 97469cba-ac70-4b4e-8b1d-7d1e4e3cf9ac@group-6AA931AC1D3C-FollowerState
2021-08-27 12:19:37,919 [grpc-default-executor-2] INFO  impl.RoleInfo (RoleInfo.java:updateAndGet(130)) - 97469cba-ac70-4b4e-8b1d-7d1e4e3cf9ac: start 97469cba-ac70-4b4e-8b1d-7d1e4e3cf9ac@group-6AA931AC1D3C-FollowerState
2021-08-27 12:19:37,919 [97469cba-ac70-4b4e-8b1d-7d1e4e3cf9ac@group-6AA931AC1D3C-FollowerState] INFO  impl.FollowerState (FollowerState.java:run(143)) - 97469cba-ac70-4b4e-8b1d-7d1e4e3cf9ac@group-6AA931AC1D3C-FollowerState was interrupted: {}
java.lang.InterruptedException: sleep interrupted
	at java.lang.Thread.sleep(Native Method)
	at java.lang.Thread.sleep(Thread.java:340)
	at java.util.concurrent.TimeUnit.sleep(TimeUnit.java:386)
	at org.apache.ratis.util.TimeDuration.sleep(TimeDuration.java:324)
	at org.apache.ratis.util.TimeDuration.sleep(TimeDuration.java:309)
	at org.apache.ratis.server.impl.FollowerState.run(FollowerState.java:118)
2021-08-27 12:19:37,920 [grpc-default-executor-4] INFO  server.RaftServer$Division (RaftServerImpl.java:requestVote(1075)) - f890e39a-5838-4db2-99cf-760c0a4a7b9f@group-6AA931AC1D3C replies to ELECTION vote request: dd2b24ff-1eae-4a3e-81dc-b04424e7f942<-f890e39a-5838-4db2-99cf-760c0a4a7b9f#0:OK-t4. Peer's state: f890e39a-5838-4db2-99cf-760c0a4a7b9f@group-6AA931AC1D3C:t4, leader=null, voted=dd2b24ff-1eae-4a3e-81dc-b04424e7f942, raftlog=f890e39a-5838-4db2-99cf-760c0a4a7b9f@group-6AA931AC1D3C-SegmentedRaftLog:OPENED:c-1,f-1,i0, conf=-1: [dd2b24ff-1eae-4a3e-81dc-b04424e7f942|rpc:10.1.0.9:39127|dataStream:|priority:0, f890e39a-5838-4db2-99cf-760c0a4a7b9f|rpc:10.1.0.9:38659|dataStream:|priority:0, 97469cba-ac70-4b4e-8b1d-7d1e4e3cf9ac|rpc:10.1.0.9:36551|dataStream:|priority:1], old=null
2021-08-27 12:19:37,927 [grpc-default-executor-2] INFO  server.RaftServer$Division (RaftServerImpl.java:requestVote(1075)) - 97469cba-ac70-4b4e-8b1d-7d1e4e3cf9ac@group-6AA931AC1D3C replies to ELECTION vote request: dd2b24ff-1eae-4a3e-81dc-b04424e7f942<-97469cba-ac70-4b4e-8b1d-7d1e4e3cf9ac#0:FAIL-t4. Peer's state: 97469cba-ac70-4b4e-8b1d-7d1e4e3cf9ac@group-6AA931AC1D3C:t4, leader=null, voted=null, raftlog=97469cba-ac70-4b4e-8b1d-7d1e4e3cf9ac@group-6AA931AC1D3C-SegmentedRaftLog:OPENED:c0,f0,i0, conf=0: [dd2b24ff-1eae-4a3e-81dc-b04424e7f942|rpc:10.1.0.9:39127|dataStream:|priority:0, f890e39a-5838-4db2-99cf-760c0a4a7b9f|rpc:10.1.0.9:38659|dataStream:|priority:0, 97469cba-ac70-4b4e-8b1d-7d1e4e3cf9ac|rpc:10.1.0.9:36551|dataStream:|priority:1], old=null
2021-08-27 12:19:37,952 [dd2b24ff-1eae-4a3e-81dc-b04424e7f942@group-6AA931AC1D3C-LeaderElection76] INFO  impl.LeaderElection (LeaderElection.java:logAndReturn(89)) - dd2b24ff-1eae-4a3e-81dc-b04424e7f942@group-6AA931AC1D3C-LeaderElection76: ELECTION REJECTED received 2 response(s) and 0 exception(s):
2021-08-27 12:19:37,952 [dd2b24ff-1eae-4a3e-81dc-b04424e7f942@group-6AA931AC1D3C-LeaderElection76] INFO  impl.LeaderElection (LeaderElection.java:logAndReturn(93)) -   Response 0: dd2b24ff-1eae-4a3e-81dc-b04424e7f942<-f890e39a-5838-4db2-99cf-760c0a4a7b9f#0:OK-t4
2021-08-27 12:19:37,952 [dd2b24ff-1eae-4a3e-81dc-b04424e7f942@group-6AA931AC1D3C-LeaderElection76] INFO  impl.LeaderElection (LeaderElection.java:logAndReturn(93)) -   Response 1: dd2b24ff-1eae-4a3e-81dc-b04424e7f942<-97469cba-ac70-4b4e-8b1d-7d1e4e3cf9ac#0:FAIL-t4
2021-08-27 12:19:37,952 [dd2b24ff-1eae-4a3e-81dc-b04424e7f942@group-6AA931AC1D3C-LeaderElection76] INFO  impl.LeaderElection (LeaderElection.java:askForVotes(308)) - dd2b24ff-1eae-4a3e-81dc-b04424e7f942@group-6AA931AC1D3C-LeaderElection76 ELECTION round 0: result REJECTED
2021-08-27 12:19:37,952 [dd2b24ff-1eae-4a3e-81dc-b04424e7f942@group-6AA931AC1D3C-LeaderElection76] INFO  server.RaftServer$Division (RaftServerImpl.java:setRole(285)) - dd2b24ff-1eae-4a3e-81dc-b04424e7f942@group-6AA931AC1D3C: changes role from CANDIDATE to FOLLOWER at term 4 for REJECTED
2021-08-27 12:19:37,952 [dd2b24ff-1eae-4a3e-81dc-b04424e7f942@group-6AA931AC1D3C-LeaderElection76] INFO  impl.RoleInfo (RoleInfo.java:shutdownLeaderElection(121)) - dd2b24ff-1eae-4a3e-81dc-b04424e7f942: shutdown dd2b24ff-1eae-4a3e-81dc-b04424e7f942@group-6AA931AC1D3C-LeaderElection76
2021-08-27 12:19:37,952 [dd2b24ff-1eae-4a3e-81dc-b04424e7f942@group-6AA931AC1D3C-LeaderElection76] INFO  impl.RoleInfo (RoleInfo.java:updateAndGet(130)) - dd2b24ff-1eae-4a3e-81dc-b04424e7f942: start dd2b24ff-1eae-4a3e-81dc-b04424e7f942@group-6AA931AC1D3C-FollowerState
2021-08-27 12:19:38,708 [8406e4c7-9c64-45ff-a753-663392bee600@group-73F2619DA9B8-FollowerState] INFO  impl.FollowerState (FollowerState.java:run(134)) - 8406e4c7-9c64-45ff-a753-663392bee600@group-73F2619DA9B8-FollowerState: change to CANDIDATE, lastRpcElapsedTime:5062046631ns, electionTimeout:5056ms
2021-08-27 12:19:38,708 [8406e4c7-9c64-45ff-a753-663392bee600@group-73F2619DA9B8-FollowerState] INFO  impl.RoleInfo (RoleInfo.java:shutdownFollowerState(108)) - 8406e4c7-9c64-45ff-a753-663392bee600: shutdown 8406e4c7-9c64-45ff-a753-663392bee600@group-73F2619DA9B8-FollowerState
2021-08-27 12:19:38,709 [8406e4c7-9c64-45ff-a753-663392bee600@group-73F2619DA9B8-FollowerState] INFO  server.RaftServer$Division (RaftServerImpl.java:setRole(285)) - 8406e4c7-9c64-45ff-a753-663392bee600@group-73F2619DA9B8: changes role from  FOLLOWER to CANDIDATE at term 2 for changeToCandidate
2021-08-27 12:19:38,709 [8406e4c7-9c64-45ff-a753-663392bee600@group-73F2619DA9B8-FollowerState] INFO  server.RaftServerConfigKeys (ConfUtils.java:logGet(44)) - raft.server.leaderelection.pre-vote = false (custom)
2021-08-27 12:19:38,709 [8406e4c7-9c64-45ff-a753-663392bee600@group-73F2619DA9B8-FollowerState] INFO  impl.RoleInfo (RoleInfo.java:updateAndGet(130)) - 8406e4c7-9c64-45ff-a753-663392bee600: start 8406e4c7-9c64-45ff-a753-663392bee600@group-73F2619DA9B8-LeaderElection77
2021-08-27 12:19:38,735 [8406e4c7-9c64-45ff-a753-663392bee600@group-73F2619DA9B8-LeaderElection77] INFO  impl.LeaderElection (LeaderElection.java:askForVotes(306)) - 8406e4c7-9c64-45ff-a753-663392bee600@group-73F2619DA9B8-LeaderElection77 ELECTION round 0: submit vote requests at term 3 for -1: [1627f0ec-3267-4946-a770-cb64d6080904|rpc:10.1.0.9:39909|dataStream:|priority:0, 8406e4c7-9c64-45ff-a753-663392bee600|rpc:10.1.0.9:43903|dataStream:|priority:0, 0bc7842a-14bb-4f31-a0ca-67e37dbbf265|rpc:10.1.0.9:39103|dataStream:|priority:1], old=null
2021-08-27 12:19:38,744 [0bc7842a-14bb-4f31-a0ca-67e37dbbf265@group-73F2619DA9B8-FollowerState] INFO  impl.FollowerState (FollowerState.java:run(134)) - 0bc7842a-14bb-4f31-a0ca-67e37dbbf265@group-73F2619DA9B8-FollowerState: change to CANDIDATE, lastRpcElapsedTime:5044405433ns, electionTimeout:5032ms
2021-08-27 12:19:38,744 [0bc7842a-14bb-4f31-a0ca-67e37dbbf265@group-73F2619DA9B8-FollowerState] INFO  impl.RoleInfo (RoleInfo.java:shutdownFollowerState(108)) - 0bc7842a-14bb-4f31-a0ca-67e37dbbf265: shutdown 0bc7842a-14bb-4f31-a0ca-67e37dbbf265@group-73F2619DA9B8-FollowerState
2021-08-27 12:19:38,744 [0bc7842a-14bb-4f31-a0ca-67e37dbbf265@group-73F2619DA9B8-FollowerState] INFO  server.RaftServer$Division (RaftServerImpl.java:setRole(285)) - 0bc7842a-14bb-4f31-a0ca-67e37dbbf265@group-73F2619DA9B8: changes role from  FOLLOWER to CANDIDATE at term 2 for changeToCandidate
2021-08-27 12:19:38,745 [0bc7842a-14bb-4f31-a0ca-67e37dbbf265@group-73F2619DA9B8-FollowerState] INFO  server.RaftServerConfigKeys (ConfUtils.java:logGet(44)) - raft.server.leaderelection.pre-vote = false (custom)
2021-08-27 12:19:38,745 [0bc7842a-14bb-4f31-a0ca-67e37dbbf265@group-73F2619DA9B8-FollowerState] INFO  impl.RoleInfo (RoleInfo.java:updateAndGet(130)) - 0bc7842a-14bb-4f31-a0ca-67e37dbbf265: start 0bc7842a-14bb-4f31-a0ca-67e37dbbf265@group-73F2619DA9B8-LeaderElection78
2021-08-27 12:19:38,750 [grpc-default-executor-2] INFO  server.RaftServer$Division (RaftServerImpl.java:requestVote(1043)) - 1627f0ec-3267-4946-a770-cb64d6080904@group-73F2619DA9B8: receive requestVote(ELECTION, 8406e4c7-9c64-45ff-a753-663392bee600, group-73F2619DA9B8, 3, (t:0, i:0))
2021-08-27 12:19:38,751 [grpc-default-executor-2] INFO  impl.VoteContext (VoteContext.java:log(48)) - 1627f0ec-3267-4946-a770-cb64d6080904@group-73F2619DA9B8-FOLLOWER: accept ELECTION from 8406e4c7-9c64-45ff-a753-663392bee600: our priority 0 <= candidate's priority 0
2021-08-27 12:19:38,750 [grpc-default-executor-4] INFO  server.RaftServer$Division (RaftServerImpl.java:requestVote(1043)) - 0bc7842a-14bb-4f31-a0ca-67e37dbbf265@group-73F2619DA9B8: receive requestVote(ELECTION, 8406e4c7-9c64-45ff-a753-663392bee600, group-73F2619DA9B8, 3, (t:0, i:0))
2021-08-27 12:19:38,752 [0bc7842a-14bb-4f31-a0ca-67e37dbbf265@group-73F2619DA9B8-LeaderElection78] INFO  impl.LeaderElection (LeaderElection.java:askForVotes(306)) - 0bc7842a-14bb-4f31-a0ca-67e37dbbf265@group-73F2619DA9B8-LeaderElection78 ELECTION round 0: submit vote requests at term 3 for -1: [1627f0ec-3267-4946-a770-cb64d6080904|rpc:10.1.0.9:39909|dataStream:|priority:0, 8406e4c7-9c64-45ff-a753-663392bee600|rpc:10.1.0.9:43903|dataStream:|priority:0, 0bc7842a-14bb-4f31-a0ca-67e37dbbf265|rpc:10.1.0.9:39103|dataStream:|priority:1], old=null
2021-08-27 12:19:38,751 [grpc-default-executor-2] INFO  server.RaftServer$Division (RaftServerImpl.java:setRole(285)) - 1627f0ec-3267-4946-a770-cb64d6080904@group-73F2619DA9B8: changes role from  FOLLOWER to FOLLOWER at term 3 for candidate:8406e4c7-9c64-45ff-a753-663392bee600
2021-08-27 12:19:38,758 [grpc-default-executor-2] INFO  impl.RoleInfo (RoleInfo.java:shutdownFollowerState(108)) - 1627f0ec-3267-4946-a770-cb64d6080904: shutdown 1627f0ec-3267-4946-a770-cb64d6080904@group-73F2619DA9B8-FollowerState
2021-08-27 12:19:38,758 [grpc-default-executor-4] INFO  impl.VoteContext (VoteContext.java:log(48)) - 0bc7842a-14bb-4f31-a0ca-67e37dbbf265@group-73F2619DA9B8-CANDIDATE: reject ELECTION from 8406e4c7-9c64-45ff-a753-663392bee600: already has voted for 0bc7842a-14bb-4f31-a0ca-67e37dbbf265 at current term 3
2021-08-27 12:19:38,758 [grpc-default-executor-4] INFO  server.RaftServer$Division (RaftServerImpl.java:requestVote(1075)) - 0bc7842a-14bb-4f31-a0ca-67e37dbbf265@group-73F2619DA9B8 replies to ELECTION vote request: 8406e4c7-9c64-45ff-a753-663392bee600<-0bc7842a-14bb-4f31-a0ca-67e37dbbf265#0:FAIL-t3. Peer's state: 0bc7842a-14bb-4f31-a0ca-67e37dbbf265@group-73F2619DA9B8:t3, leader=null, voted=0bc7842a-14bb-4f31-a0ca-67e37dbbf265, raftlog=0bc7842a-14bb-4f31-a0ca-67e37dbbf265@group-73F2619DA9B8-SegmentedRaftLog:OPENED:c-1,f-1,i0, conf=-1: [1627f0ec-3267-4946-a770-cb64d6080904|rpc:10.1.0.9:39909|dataStream:|priority:0, 8406e4c7-9c64-45ff-a753-663392bee600|rpc:10.1.0.9:43903|dataStream:|priority:0, 0bc7842a-14bb-4f31-a0ca-67e37dbbf265|rpc:10.1.0.9:39103|dataStream:|priority:1], old=null
2021-08-27 12:19:38,766 [grpc-default-executor-2] INFO  impl.RoleInfo (RoleInfo.java:updateAndGet(130)) - 1627f0ec-3267-4946-a770-cb64d6080904: start 1627f0ec-3267-4946-a770-cb64d6080904@group-73F2619DA9B8-FollowerState
2021-08-27 12:19:38,766 [1627f0ec-3267-4946-a770-cb64d6080904@group-73F2619DA9B8-FollowerState] INFO  impl.FollowerState (FollowerState.java:run(143)) - 1627f0ec-3267-4946-a770-cb64d6080904@group-73F2619DA9B8-FollowerState was interrupted: {}
java.lang.InterruptedException: sleep interrupted
	at java.lang.Thread.sleep(Native Method)
	at java.lang.Thread.sleep(Thread.java:340)
	at java.util.concurrent.TimeUnit.sleep(TimeUnit.java:386)
	at org.apache.ratis.util.TimeDuration.sleep(TimeDuration.java:324)
	at org.apache.ratis.util.TimeDuration.sleep(TimeDuration.java:309)
	at org.apache.ratis.server.impl.FollowerState.run(FollowerState.java:118)
2021-08-27 12:19:38,766 [grpc-default-executor-0] INFO  server.RaftServer$Division (RaftServerImpl.java:requestVote(1043)) - 1627f0ec-3267-4946-a770-cb64d6080904@group-73F2619DA9B8: receive requestVote(ELECTION, 0bc7842a-14bb-4f31-a0ca-67e37dbbf265, group-73F2619DA9B8, 3, (t:0, i:0))
2021-08-27 12:19:38,767 [8406e4c7-9c64-45ff-a753-663392bee600@group-73F2619DA9B8-LeaderElection77] INFO  impl.LeaderElection (LeaderElection.java:logAndReturn(89)) - 8406e4c7-9c64-45ff-a753-663392bee600@group-73F2619DA9B8-LeaderElection77: ELECTION REJECTED received 1 response(s) and 0 exception(s):
2021-08-27 12:19:38,767 [8406e4c7-9c64-45ff-a753-663392bee600@group-73F2619DA9B8-LeaderElection77] INFO  impl.LeaderElection (LeaderElection.java:logAndReturn(93)) -   Response 0: 8406e4c7-9c64-45ff-a753-663392bee600<-0bc7842a-14bb-4f31-a0ca-67e37dbbf265#0:FAIL-t3
2021-08-27 12:19:38,767 [8406e4c7-9c64-45ff-a753-663392bee600@group-73F2619DA9B8-LeaderElection77] INFO  impl.LeaderElection (LeaderElection.java:askForVotes(308)) - 8406e4c7-9c64-45ff-a753-663392bee600@group-73F2619DA9B8-LeaderElection77 ELECTION round 0: result REJECTED
2021-08-27 12:19:38,767 [8406e4c7-9c64-45ff-a753-663392bee600@group-73F2619DA9B8-LeaderElection77] INFO  server.RaftServer$Division (RaftServerImpl.java:setRole(285)) - 8406e4c7-9c64-45ff-a753-663392bee600@group-73F2619DA9B8: changes role from CANDIDATE to FOLLOWER at term 3 for REJECTED
2021-08-27 12:19:38,767 [8406e4c7-9c64-45ff-a753-663392bee600@group-73F2619DA9B8-LeaderElection77] INFO  impl.RoleInfo (RoleInfo.java:shutdownLeaderElection(121)) - 8406e4c7-9c64-45ff-a753-663392bee600: shutdown 8406e4c7-9c64-45ff-a753-663392bee600@group-73F2619DA9B8-LeaderElection77
2021-08-27 12:19:38,767 [8406e4c7-9c64-45ff-a753-663392bee600@group-73F2619DA9B8-LeaderElection77] INFO  impl.RoleInfo (RoleInfo.java:updateAndGet(130)) - 8406e4c7-9c64-45ff-a753-663392bee600: start 8406e4c7-9c64-45ff-a753-663392bee600@group-73F2619DA9B8-FollowerState
2021-08-27 12:19:38,770 [grpc-default-executor-2] INFO  server.RaftServer$Division (RaftServerImpl.java:requestVote(1075)) - 1627f0ec-3267-4946-a770-cb64d6080904@group-73F2619DA9B8 replies to ELECTION vote request: 8406e4c7-9c64-45ff-a753-663392bee600<-1627f0ec-3267-4946-a770-cb64d6080904#0:OK-t3. Peer's state: 1627f0ec-3267-4946-a770-cb64d6080904@group-73F2619DA9B8:t3, leader=null, voted=8406e4c7-9c64-45ff-a753-663392bee600, raftlog=1627f0ec-3267-4946-a770-cb64d6080904@group-73F2619DA9B8-SegmentedRaftLog:OPENED:c-1,f-1,i0, conf=-1: [1627f0ec-3267-4946-a770-cb64d6080904|rpc:10.1.0.9:39909|priority:0, 8406e4c7-9c64-45ff-a753-663392bee600|rpc:10.1.0.9:43903|priority:0, 0bc7842a-14bb-4f31-a0ca-67e37dbbf265|rpc:10.1.0.9:39103|priority:1], old=null
2021-08-27 12:19:38,770 [grpc-default-executor-0] INFO  impl.VoteContext (VoteContext.java:log(48)) - 1627f0ec-3267-4946-a770-cb64d6080904@group-73F2619DA9B8-FOLLOWER: reject ELECTION from 0bc7842a-14bb-4f31-a0ca-67e37dbbf265: already has voted for 8406e4c7-9c64-45ff-a753-663392bee600 at current term 3
2021-08-27 12:19:38,770 [grpc-default-executor-0] INFO  server.RaftServer$Division (RaftServerImpl.java:requestVote(1075)) - 1627f0ec-3267-4946-a770-cb64d6080904@group-73F2619DA9B8 replies to ELECTION vote request: 0bc7842a-14bb-4f31-a0ca-67e37dbbf265<-1627f0ec-3267-4946-a770-cb64d6080904#0:FAIL-t3. Peer's state: 1627f0ec-3267-4946-a770-cb64d6080904@group-73F2619DA9B8:t3, leader=null, voted=8406e4c7-9c64-45ff-a753-663392bee600, raftlog=1627f0ec-3267-4946-a770-cb64d6080904@group-73F2619DA9B8-SegmentedRaftLog:OPENED:c-1,f-1,i0, conf=-1: [1627f0ec-3267-4946-a770-cb64d6080904|rpc:10.1.0.9:39909|priority:0, 8406e4c7-9c64-45ff-a753-663392bee600|rpc:10.1.0.9:43903|priority:0, 0bc7842a-14bb-4f31-a0ca-67e37dbbf265|rpc:10.1.0.9:39103|priority:1], old=null
2021-08-27 12:19:38,779 [grpc-default-executor-4] INFO  server.RaftServer$Division (RaftServerImpl.java:requestVote(1043)) - 8406e4c7-9c64-45ff-a753-663392bee600@group-73F2619DA9B8: receive requestVote(ELECTION, 0bc7842a-14bb-4f31-a0ca-67e37dbbf265, group-73F2619DA9B8, 3, (t:0, i:0))
2021-08-27 12:19:38,780 [grpc-default-executor-4] INFO  impl.VoteContext (VoteContext.java:log(48)) - 8406e4c7-9c64-45ff-a753-663392bee600@group-73F2619DA9B8-FOLLOWER: reject ELECTION from 0bc7842a-14bb-4f31-a0ca-67e37dbbf265: already has voted for 8406e4c7-9c64-45ff-a753-663392bee600 at current term 3
2021-08-27 12:19:38,780 [grpc-default-executor-4] INFO  server.RaftServer$Division (RaftServerImpl.java:requestVote(1075)) - 8406e4c7-9c64-45ff-a753-663392bee600@group-73F2619DA9B8 replies to ELECTION vote request: 0bc7842a-14bb-4f31-a0ca-67e37dbbf265<-8406e4c7-9c64-45ff-a753-663392bee600#0:FAIL-t3. Peer's state: 8406e4c7-9c64-45ff-a753-663392bee600@group-73F2619DA9B8:t3, leader=null, voted=8406e4c7-9c64-45ff-a753-663392bee600, raftlog=8406e4c7-9c64-45ff-a753-663392bee600@group-73F2619DA9B8-SegmentedRaftLog:OPENED:c-1,f-1,i0, conf=-1: [1627f0ec-3267-4946-a770-cb64d6080904|rpc:10.1.0.9:39909|dataStream:|priority:0, 8406e4c7-9c64-45ff-a753-663392bee600|rpc:10.1.0.9:43903|dataStream:|priority:0, 0bc7842a-14bb-4f31-a0ca-67e37dbbf265|rpc:10.1.0.9:39103|dataStream:|priority:1], old=null
2021-08-27 12:19:38,795 [0bc7842a-14bb-4f31-a0ca-67e37dbbf265@group-73F2619DA9B8-LeaderElection78] INFO  impl.LeaderElection (LeaderElection.java:logAndReturn(89)) - 0bc7842a-14bb-4f31-a0ca-67e37dbbf265@group-73F2619DA9B8-LeaderElection78: ELECTION REJECTED received 2 response(s) and 0 exception(s):
2021-08-27 12:19:38,795 [0bc7842a-14bb-4f31-a0ca-67e37dbbf265@group-73F2619DA9B8-LeaderElection78] INFO  impl.LeaderElection (LeaderElection.java:logAndReturn(93)) -   Response 0: 0bc7842a-14bb-4f31-a0ca-67e37dbbf265<-1627f0ec-3267-4946-a770-cb64d6080904#0:FAIL-t3
2021-08-27 12:19:38,795 [0bc7842a-14bb-4f31-a0ca-67e37dbbf265@group-73F2619DA9B8-LeaderElection78] INFO  impl.LeaderElection (LeaderElection.java:logAndReturn(93)) -   Response 1: 0bc7842a-14bb-4f31-a0ca-67e37dbbf265<-8406e4c7-9c64-45ff-a753-663392bee600#0:FAIL-t3
2021-08-27 12:19:38,795 [0bc7842a-14bb-4f31-a0ca-67e37dbbf265@group-73F2619DA9B8-LeaderElection78] INFO  impl.LeaderElection (LeaderElection.java:askForVotes(308)) - 0bc7842a-14bb-4f31-a0ca-67e37dbbf265@group-73F2619DA9B8-LeaderElection78 ELECTION round 0: result REJECTED
2021-08-27 12:19:38,795 [0bc7842a-14bb-4f31-a0ca-67e37dbbf265@group-73F2619DA9B8-LeaderElection78] INFO  server.RaftServer$Division (RaftServerImpl.java:setRole(285)) - 0bc7842a-14bb-4f31-a0ca-67e37dbbf265@group-73F2619DA9B8: changes role from CANDIDATE to FOLLOWER at term 3 for REJECTED
2021-08-27 12:19:38,795 [0bc7842a-14bb-4f31-a0ca-67e37dbbf265@group-73F2619DA9B8-LeaderElection78] INFO  impl.RoleInfo (RoleInfo.java:shutdownLeaderElection(121)) - 0bc7842a-14bb-4f31-a0ca-67e37dbbf265: shutdown 0bc7842a-14bb-4f31-a0ca-67e37dbbf265@group-73F2619DA9B8-LeaderElection78
2021-08-27 12:19:38,796 [0bc7842a-14bb-4f31-a0ca-67e37dbbf265@group-73F2619DA9B8-LeaderElection78] INFO  impl.RoleInfo (RoleInfo.java:updateAndGet(130)) - 0bc7842a-14bb-4f31-a0ca-67e37dbbf265: start 0bc7842a-14bb-4f31-a0ca-67e37dbbf265@group-73F2619DA9B8-FollowerState
2021-08-27 12:19:42,933 [f890e39a-5838-4db2-99cf-760c0a4a7b9f@group-6AA931AC1D3C-FollowerState] INFO  impl.FollowerState (FollowerState.java:run(134)) - f890e39a-5838-4db2-99cf-760c0a4a7b9f@group-6AA931AC1D3C-FollowerState: change to CANDIDATE, lastRpcElapsedTime:5012469517ns, electionTimeout:5004ms
2021-08-27 12:19:42,933 [f890e39a-5838-4db2-99cf-760c0a4a7b9f@group-6AA931AC1D3C-FollowerState] INFO  impl.RoleInfo (RoleInfo.java:shutdownFollowerState(108)) - f890e39a-5838-4db2-99cf-760c0a4a7b9f: shutdown f890e39a-5838-4db2-99cf-760c0a4a7b9f@group-6AA931AC1D3C-FollowerState
2021-08-27 12:19:42,933 [f890e39a-5838-4db2-99cf-760c0a4a7b9f@group-6AA931AC1D3C-FollowerState] INFO  server.RaftServer$Division (RaftServerImpl.java:setRole(285)) - f890e39a-5838-4db2-99cf-760c0a4a7b9f@group-6AA931AC1D3C: changes role from  FOLLOWER to CANDIDATE at term 4 for changeToCandidate
2021-08-27 12:19:42,933 [f890e39a-5838-4db2-99cf-760c0a4a7b9f@group-6AA931AC1D3C-FollowerState] INFO  server.RaftServerConfigKeys (ConfUtils.java:logGet(44)) - raft.server.leaderelection.pre-vote = false (custom)
2021-08-27 12:19:42,933 [f890e39a-5838-4db2-99cf-760c0a4a7b9f@group-6AA931AC1D3C-FollowerState] INFO  impl.RoleInfo (RoleInfo.java:updateAndGet(130)) - f890e39a-5838-4db2-99cf-760c0a4a7b9f: start f890e39a-5838-4db2-99cf-760c0a4a7b9f@group-6AA931AC1D3C-LeaderElection79
2021-08-27 12:19:42,964 [f890e39a-5838-4db2-99cf-760c0a4a7b9f@group-6AA931AC1D3C-LeaderElection79] INFO  impl.LeaderElection (LeaderElection.java:askForVotes(306)) - f890e39a-5838-4db2-99cf-760c0a4a7b9f@group-6AA931AC1D3C-LeaderElection79 ELECTION round 0: submit vote requests at term 5 for -1: [dd2b24ff-1eae-4a3e-81dc-b04424e7f942|rpc:10.1.0.9:39127|dataStream:|priority:0, f890e39a-5838-4db2-99cf-760c0a4a7b9f|rpc:10.1.0.9:38659|dataStream:|priority:0, 97469cba-ac70-4b4e-8b1d-7d1e4e3cf9ac|rpc:10.1.0.9:36551|dataStream:|priority:1], old=null
2021-08-27 12:19:42,968 [grpc-default-executor-0] INFO  server.RaftServer$Division (RaftServerImpl.java:requestVote(1043)) - dd2b24ff-1eae-4a3e-81dc-b04424e7f942@group-6AA931AC1D3C: receive requestVote(ELECTION, f890e39a-5838-4db2-99cf-760c0a4a7b9f, group-6AA931AC1D3C, 5, (t:0, i:0))
2021-08-27 12:19:42,968 [grpc-default-executor-0] INFO  impl.VoteContext (VoteContext.java:log(48)) - dd2b24ff-1eae-4a3e-81dc-b04424e7f942@group-6AA931AC1D3C-FOLLOWER: accept ELECTION from f890e39a-5838-4db2-99cf-760c0a4a7b9f: our priority 0 <= candidate's priority 0
2021-08-27 12:19:42,968 [grpc-default-executor-0] INFO  server.RaftServer$Division (RaftServerImpl.java:setRole(285)) - dd2b24ff-1eae-4a3e-81dc-b04424e7f942@group-6AA931AC1D3C: changes role from  FOLLOWER to FOLLOWER at term 5 for candidate:f890e39a-5838-4db2-99cf-760c0a4a7b9f
2021-08-27 12:19:42,968 [grpc-default-executor-0] INFO  impl.RoleInfo (RoleInfo.java:shutdownFollowerState(108)) - dd2b24ff-1eae-4a3e-81dc-b04424e7f942: shutdown dd2b24ff-1eae-4a3e-81dc-b04424e7f942@group-6AA931AC1D3C-FollowerState
2021-08-27 12:19:42,968 [grpc-default-executor-0] INFO  impl.RoleInfo (RoleInfo.java:updateAndGet(130)) - dd2b24ff-1eae-4a3e-81dc-b04424e7f942: start dd2b24ff-1eae-4a3e-81dc-b04424e7f942@group-6AA931AC1D3C-FollowerState
2021-08-27 12:19:42,968 [dd2b24ff-1eae-4a3e-81dc-b04424e7f942@group-6AA931AC1D3C-FollowerState] INFO  impl.FollowerState (FollowerState.java:run(143)) - dd2b24ff-1eae-4a3e-81dc-b04424e7f942@group-6AA931AC1D3C-FollowerState was interrupted: {}
java.lang.InterruptedException: sleep interrupted
	at java.lang.Thread.sleep(Native Method)
	at java.lang.Thread.sleep(Thread.java:340)
	at java.util.concurrent.TimeUnit.sleep(TimeUnit.java:386)
	at org.apache.ratis.util.TimeDuration.sleep(TimeDuration.java:324)
	at org.apache.ratis.util.TimeDuration.sleep(TimeDuration.java:309)
	at org.apache.ratis.server.impl.FollowerState.run(FollowerState.java:118)
2021-08-27 12:19:42,984 [grpc-default-executor-0] INFO  server.RaftServer$Division (RaftServerImpl.java:requestVote(1075)) - dd2b24ff-1eae-4a3e-81dc-b04424e7f942@group-6AA931AC1D3C replies to ELECTION vote request: f890e39a-5838-4db2-99cf-760c0a4a7b9f<-dd2b24ff-1eae-4a3e-81dc-b04424e7f942#0:OK-t5. Peer's state: dd2b24ff-1eae-4a3e-81dc-b04424e7f942@group-6AA931AC1D3C:t5, leader=null, voted=f890e39a-5838-4db2-99cf-760c0a4a7b9f, raftlog=dd2b24ff-1eae-4a3e-81dc-b04424e7f942@group-6AA931AC1D3C-SegmentedRaftLog:OPENED:c-1,f-1,i0, conf=-1: [dd2b24ff-1eae-4a3e-81dc-b04424e7f942|rpc:10.1.0.9:39127|dataStream:|priority:0, f890e39a-5838-4db2-99cf-760c0a4a7b9f|rpc:10.1.0.9:38659|dataStream:|priority:0, 97469cba-ac70-4b4e-8b1d-7d1e4e3cf9ac|rpc:10.1.0.9:36551|dataStream:|priority:1], old=null
2021-08-27 12:19:42,994 [grpc-default-executor-0] INFO  server.RaftServer$Division (RaftServerImpl.java:requestVote(1043)) - 97469cba-ac70-4b4e-8b1d-7d1e4e3cf9ac@group-6AA931AC1D3C: receive requestVote(ELECTION, f890e39a-5838-4db2-99cf-760c0a4a7b9f, group-6AA931AC1D3C, 5, (t:0, i:0))
2021-08-27 12:19:42,995 [grpc-default-executor-0] INFO  impl.VoteContext (VoteContext.java:log(48)) - 97469cba-ac70-4b4e-8b1d-7d1e4e3cf9ac@group-6AA931AC1D3C-FOLLOWER: reject ELECTION from f890e39a-5838-4db2-99cf-760c0a4a7b9f: our last entry (t:2, i:0) > candidate's last entry (t:0, i:0)
2021-08-27 12:19:42,995 [grpc-default-executor-0] INFO  server.RaftServer$Division (RaftServerImpl.java:setRole(285)) - 97469cba-ac70-4b4e-8b1d-7d1e4e3cf9ac@group-6AA931AC1D3C: changes role from  FOLLOWER to FOLLOWER at term 5 for candidate:f890e39a-5838-4db2-99cf-760c0a4a7b9f
2021-08-27 12:19:42,995 [grpc-default-executor-0] INFO  impl.RoleInfo (RoleInfo.java:shutdownFollowerState(108)) - 97469cba-ac70-4b4e-8b1d-7d1e4e3cf9ac: shutdown 97469cba-ac70-4b4e-8b1d-7d1e4e3cf9ac@group-6AA931AC1D3C-FollowerState
2021-08-27 12:19:42,995 [grpc-default-executor-0] INFO  impl.RoleInfo (RoleInfo.java:updateAndGet(130)) - 97469cba-ac70-4b4e-8b1d-7d1e4e3cf9ac: start 97469cba-ac70-4b4e-8b1d-7d1e4e3cf9ac@group-6AA931AC1D3C-FollowerState
2021-08-27 12:19:42,995 [97469cba-ac70-4b4e-8b1d-7d1e4e3cf9ac@group-6AA931AC1D3C-FollowerState] INFO  impl.FollowerState (FollowerState.java:run(143)) - 97469cba-ac70-4b4e-8b1d-7d1e4e3cf9ac@group-6AA931AC1D3C-FollowerState was interrupted: {}
java.lang.InterruptedException: sleep interrupted
	at java.lang.Thread.sleep(Native Method)
	at java.lang.Thread.sleep(Thread.java:340)
	at java.util.concurrent.TimeUnit.sleep(TimeUnit.java:386)
	at org.apache.ratis.util.TimeDuration.sleep(TimeDuration.java:324)
	at org.apache.ratis.util.TimeDuration.sleep(TimeDuration.java:309)
	at org.apache.ratis.server.impl.FollowerState.run(FollowerState.java:118)
2021-08-27 12:19:42,997 [grpc-default-executor-0] INFO  server.RaftServer$Division (RaftServerImpl.java:requestVote(1075)) - 97469cba-ac70-4b4e-8b1d-7d1e4e3cf9ac@group-6AA931AC1D3C replies to ELECTION vote request: f890e39a-5838-4db2-99cf-760c0a4a7b9f<-97469cba-ac70-4b4e-8b1d-7d1e4e3cf9ac#0:FAIL-t5. Peer's state: 97469cba-ac70-4b4e-8b1d-7d1e4e3cf9ac@group-6AA931AC1D3C:t5, leader=null, voted=null, raftlog=97469cba-ac70-4b4e-8b1d-7d1e4e3cf9ac@group-6AA931AC1D3C-SegmentedRaftLog:OPENED:c0,f0,i0, conf=0: [dd2b24ff-1eae-4a3e-81dc-b04424e7f942|rpc:10.1.0.9:39127|dataStream:|priority:0, f890e39a-5838-4db2-99cf-760c0a4a7b9f|rpc:10.1.0.9:38659|dataStream:|priority:0, 97469cba-ac70-4b4e-8b1d-7d1e4e3cf9ac|rpc:10.1.0.9:36551|dataStream:|priority:1], old=null
2021-08-27 12:19:42,998 [f890e39a-5838-4db2-99cf-760c0a4a7b9f@group-6AA931AC1D3C-LeaderElection79] INFO  impl.LeaderElection (LeaderElection.java:logAndReturn(89)) - f890e39a-5838-4db2-99cf-760c0a4a7b9f@group-6AA931AC1D3C-LeaderElection79: ELECTION REJECTED received 2 response(s) and 0 exception(s):
2021-08-27 12:19:42,998 [f890e39a-5838-4db2-99cf-760c0a4a7b9f@group-6AA931AC1D3C-LeaderElection79] INFO  impl.LeaderElection (LeaderElection.java:logAndReturn(93)) -   Response 0: f890e39a-5838-4db2-99cf-760c0a4a7b9f<-dd2b24ff-1eae-4a3e-81dc-b04424e7f942#0:OK-t5
2021-08-27 12:19:42,998 [f890e39a-5838-4db2-99cf-760c0a4a7b9f@group-6AA931AC1D3C-LeaderElection79] INFO  impl.LeaderElection (LeaderElection.java:logAndReturn(93)) -   Response 1: f890e39a-5838-4db2-99cf-760c0a4a7b9f<-97469cba-ac70-4b4e-8b1d-7d1e4e3cf9ac#0:FAIL-t5
2021-08-27 12:19:42,998 [f890e39a-5838-4db2-99cf-760c0a4a7b9f@group-6AA931AC1D3C-LeaderElection79] INFO  impl.LeaderElection (LeaderElection.java:askForVotes(308)) - f890e39a-5838-4db2-99cf-760c0a4a7b9f@group-6AA931AC1D3C-LeaderElection79 ELECTION round 0: result REJECTED
2021-08-27 12:19:42,998 [f890e39a-5838-4db2-99cf-760c0a4a7b9f@group-6AA931AC1D3C-LeaderElection79] INFO  server.RaftServer$Division (RaftServerImpl.java:setRole(285)) - f890e39a-5838-4db2-99cf-760c0a4a7b9f@group-6AA931AC1D3C: changes role from CANDIDATE to FOLLOWER at term 5 for REJECTED
2021-08-27 12:19:42,998 [f890e39a-5838-4db2-99cf-760c0a4a7b9f@group-6AA931AC1D3C-LeaderElection79] INFO  impl.RoleInfo (RoleInfo.java:shutdownLeaderElection(121)) - f890e39a-5838-4db2-99cf-760c0a4a7b9f: shutdown f890e39a-5838-4db2-99cf-760c0a4a7b9f@group-6AA931AC1D3C-LeaderElection79
2021-08-27 12:19:42,998 [f890e39a-5838-4db2-99cf-760c0a4a7b9f@group-6AA931AC1D3C-LeaderElection79] INFO  impl.RoleInfo (RoleInfo.java:updateAndGet(130)) - f890e39a-5838-4db2-99cf-760c0a4a7b9f: start f890e39a-5838-4db2-99cf-760c0a4a7b9f@group-6AA931AC1D3C-FollowerState
2021-08-27 12:19:43,790 [8406e4c7-9c64-45ff-a753-663392bee600@group-73F2619DA9B8-FollowerState] INFO  impl.FollowerState (FollowerState.java:run(134)) - 8406e4c7-9c64-45ff-a753-663392bee600@group-73F2619DA9B8-FollowerState: change to CANDIDATE, lastRpcElapsedTime:5022620512ns, electionTimeout:5022ms
2021-08-27 12:19:43,790 [8406e4c7-9c64-45ff-a753-663392bee600@group-73F2619DA9B8-FollowerState] INFO  impl.RoleInfo (RoleInfo.java:shutdownFollowerState(108)) - 8406e4c7-9c64-45ff-a753-663392bee600: shutdown 8406e4c7-9c64-45ff-a753-663392bee600@group-73F2619DA9B8-FollowerState
2021-08-27 12:19:43,790 [8406e4c7-9c64-45ff-a753-663392bee600@group-73F2619DA9B8-FollowerState] INFO  server.RaftServer$Division (RaftServerImpl.java:setRole(285)) - 8406e4c7-9c64-45ff-a753-663392bee600@group-73F2619DA9B8: changes role from  FOLLOWER to CANDIDATE at term 3 for changeToCandidate
2021-08-27 12:19:43,790 [8406e4c7-9c64-45ff-a753-663392bee600@group-73F2619DA9B8-FollowerState] INFO  server.RaftServerConfigKeys (ConfUtils.java:logGet(44)) - raft.server.leaderelection.pre-vote = false (custom)
2021-08-27 12:19:43,790 [8406e4c7-9c64-45ff-a753-663392bee600@group-73F2619DA9B8-FollowerState] INFO  impl.RoleInfo (RoleInfo.java:updateAndGet(130)) - 8406e4c7-9c64-45ff-a753-663392bee600: start 8406e4c7-9c64-45ff-a753-663392bee600@group-73F2619DA9B8-LeaderElection80
2021-08-27 12:19:43,801 [8406e4c7-9c64-45ff-a753-663392bee600@group-73F2619DA9B8-LeaderElection80] INFO  impl.LeaderElection (LeaderElection.java:askForVotes(306)) - 8406e4c7-9c64-45ff-a753-663392bee600@group-73F2619DA9B8-LeaderElection80 ELECTION round 0: submit vote requests at term 4 for -1: [1627f0ec-3267-4946-a770-cb64d6080904|rpc:10.1.0.9:39909|dataStream:|priority:0, 8406e4c7-9c64-45ff-a753-663392bee600|rpc:10.1.0.9:43903|dataStream:|priority:0, 0bc7842a-14bb-4f31-a0ca-67e37dbbf265|rpc:10.1.0.9:39103|dataStream:|priority:1], old=null
2021-08-27 12:19:43,817 [grpc-default-executor-0] INFO  server.RaftServer$Division (RaftServerImpl.java:requestVote(1043)) - 1627f0ec-3267-4946-a770-cb64d6080904@group-73F2619DA9B8: receive requestVote(ELECTION, 8406e4c7-9c64-45ff-a753-663392bee600, group-73F2619DA9B8, 4, (t:0, i:0))
2021-08-27 12:19:43,817 [grpc-default-executor-0] INFO  impl.VoteContext (VoteContext.java:log(48)) - 1627f0ec-3267-4946-a770-cb64d6080904@group-73F2619DA9B8-FOLLOWER: accept ELECTION from 8406e4c7-9c64-45ff-a753-663392bee600: our priority 0 <= candidate's priority 0
2021-08-27 12:19:43,817 [grpc-default-executor-0] INFO  server.RaftServer$Division (RaftServerImpl.java:setRole(285)) - 1627f0ec-3267-4946-a770-cb64d6080904@group-73F2619DA9B8: changes role from  FOLLOWER to FOLLOWER at term 4 for candidate:8406e4c7-9c64-45ff-a753-663392bee600
2021-08-27 12:19:43,817 [grpc-default-executor-0] INFO  impl.RoleInfo (RoleInfo.java:shutdownFollowerState(108)) - 1627f0ec-3267-4946-a770-cb64d6080904: shutdown 1627f0ec-3267-4946-a770-cb64d6080904@group-73F2619DA9B8-FollowerState
2021-08-27 12:19:43,817 [grpc-default-executor-0] INFO  impl.RoleInfo (RoleInfo.java:updateAndGet(130)) - 1627f0ec-3267-4946-a770-cb64d6080904: start 1627f0ec-3267-4946-a770-cb64d6080904@group-73F2619DA9B8-FollowerState
2021-08-27 12:19:43,818 [1627f0ec-3267-4946-a770-cb64d6080904@group-73F2619DA9B8-FollowerState] INFO  impl.FollowerState (FollowerState.java:run(143)) - 1627f0ec-3267-4946-a770-cb64d6080904@group-73F2619DA9B8-FollowerState was interrupted: {}
java.lang.InterruptedException: sleep interrupted
	at java.lang.Thread.sleep(Native Method)
	at java.lang.Thread.sleep(Thread.java:340)
	at java.util.concurrent.TimeUnit.sleep(TimeUnit.java:386)
	at org.apache.ratis.util.TimeDuration.sleep(TimeDuration.java:324)
	at org.apache.ratis.util.TimeDuration.sleep(TimeDuration.java:309)
	at org.apache.ratis.server.impl.FollowerState.run(FollowerState.java:118)
2021-08-27 12:19:43,824 [grpc-default-executor-0] INFO  server.RaftServer$Division (RaftServerImpl.java:requestVote(1075)) - 1627f0ec-3267-4946-a770-cb64d6080904@group-73F2619DA9B8 replies to ELECTION vote request: 8406e4c7-9c64-45ff-a753-663392bee600<-1627f0ec-3267-4946-a770-cb64d6080904#0:OK-t4. Peer's state: 1627f0ec-3267-4946-a770-cb64d6080904@group-73F2619DA9B8:t4, leader=null, voted=8406e4c7-9c64-45ff-a753-663392bee600, raftlog=1627f0ec-3267-4946-a770-cb64d6080904@group-73F2619DA9B8-SegmentedRaftLog:OPENED:c-1,f-1,i0, conf=-1: [1627f0ec-3267-4946-a770-cb64d6080904|rpc:10.1.0.9:39909|priority:0, 8406e4c7-9c64-45ff-a753-663392bee600|rpc:10.1.0.9:43903|priority:0, 0bc7842a-14bb-4f31-a0ca-67e37dbbf265|rpc:10.1.0.9:39103|priority:1], old=null
2021-08-27 12:19:43,851 [grpc-default-executor-0] INFO  server.RaftServer$Division (RaftServerImpl.java:requestVote(1043)) - 0bc7842a-14bb-4f31-a0ca-67e37dbbf265@group-73F2619DA9B8: receive requestVote(ELECTION, 8406e4c7-9c64-45ff-a753-663392bee600, group-73F2619DA9B8, 4, (t:0, i:0))
2021-08-27 12:19:43,851 [grpc-default-executor-0] INFO  impl.VoteContext (VoteContext.java:log(48)) - 0bc7842a-14bb-4f31-a0ca-67e37dbbf265@group-73F2619DA9B8-FOLLOWER: reject ELECTION from 8406e4c7-9c64-45ff-a753-663392bee600: our priority 1 > candidate's priority 0
2021-08-27 12:19:43,851 [grpc-default-executor-0] INFO  server.RaftServer$Division (RaftServerImpl.java:setRole(285)) - 0bc7842a-14bb-4f31-a0ca-67e37dbbf265@group-73F2619DA9B8: changes role from  FOLLOWER to FOLLOWER at term 4 for candidate:8406e4c7-9c64-45ff-a753-663392bee600
2021-08-27 12:19:43,851 [grpc-default-executor-0] INFO  impl.RoleInfo (RoleInfo.java:shutdownFollowerState(108)) - 0bc7842a-14bb-4f31-a0ca-67e37dbbf265: shutdown 0bc7842a-14bb-4f31-a0ca-67e37dbbf265@group-73F2619DA9B8-FollowerState
2021-08-27 12:19:43,851 [grpc-default-executor-0] INFO  impl.RoleInfo (RoleInfo.java:updateAndGet(130)) - 0bc7842a-14bb-4f31-a0ca-67e37dbbf265: start 0bc7842a-14bb-4f31-a0ca-67e37dbbf265@group-73F2619DA9B8-FollowerState
2021-08-27 12:19:43,852 [0bc7842a-14bb-4f31-a0ca-67e37dbbf265@group-73F2619DA9B8-FollowerState] INFO  impl.FollowerState (FollowerState.java:run(143)) - 0bc7842a-14bb-4f31-a0ca-67e37dbbf265@group-73F2619DA9B8-FollowerState was interrupted: {}
java.lang.InterruptedException: sleep interrupted
	at java.lang.Thread.sleep(Native Method)
	at java.lang.Thread.sleep(Thread.java:340)
	at java.util.concurrent.TimeUnit.sleep(TimeUnit.java:386)
	at org.apache.ratis.util.TimeDuration.sleep(TimeDuration.java:324)
	at org.apache.ratis.util.TimeDuration.sleep(TimeDuration.java:309)
	at org.apache.ratis.server.impl.FollowerState.run(FollowerState.java:118)
2021-08-27 12:19:43,860 [grpc-default-executor-0] INFO  server.RaftServer$Division (RaftServerImpl.java:requestVote(1075)) - 0bc7842a-14bb-4f31-a0ca-67e37dbbf265@group-73F2619DA9B8 replies to ELECTION vote request: 8406e4c7-9c64-45ff-a753-663392bee600<-0bc7842a-14bb-4f31-a0ca-67e37dbbf265#0:FAIL-t4. Peer's state: 0bc7842a-14bb-4f31-a0ca-67e37dbbf265@group-73F2619DA9B8:t4, leader=null, voted=null, raftlog=0bc7842a-14bb-4f31-a0ca-67e37dbbf265@group-73F2619DA9B8-SegmentedRaftLog:OPENED:c-1,f-1,i0, conf=-1: [1627f0ec-3267-4946-a770-cb64d6080904|rpc:10.1.0.9:39909|dataStream:|priority:0, 8406e4c7-9c64-45ff-a753-663392bee600|rpc:10.1.0.9:43903|dataStream:|priority:0, 0bc7842a-14bb-4f31-a0ca-67e37dbbf265|rpc:10.1.0.9:39103|dataStream:|priority:1], old=null
2021-08-27 12:19:43,861 [8406e4c7-9c64-45ff-a753-663392bee600@group-73F2619DA9B8-LeaderElection80] INFO  impl.LeaderElection (LeaderElection.java:logAndReturn(89)) - 8406e4c7-9c64-45ff-a753-663392bee600@group-73F2619DA9B8-LeaderElection80: ELECTION REJECTED received 2 response(s) and 0 exception(s):
2021-08-27 12:19:43,861 [8406e4c7-9c64-45ff-a753-663392bee600@group-73F2619DA9B8-LeaderElection80] INFO  impl.LeaderElection (LeaderElection.java:logAndReturn(93)) -   Response 0: 8406e4c7-9c64-45ff-a753-663392bee600<-1627f0ec-3267-4946-a770-cb64d6080904#0:OK-t4
2021-08-27 12:19:43,861 [8406e4c7-9c64-45ff-a753-663392bee600@group-73F2619DA9B8-LeaderElection80] INFO  impl.LeaderElection (LeaderElection.java:logAndReturn(93)) -   Response 1: 8406e4c7-9c64-45ff-a753-663392bee600<-0bc7842a-14bb-4f31-a0ca-67e37dbbf265#0:FAIL-t4
2021-08-27 12:19:43,861 [8406e4c7-9c64-45ff-a753-663392bee600@group-73F2619DA9B8-LeaderElection80] INFO  impl.LeaderElection (LeaderElection.java:askForVotes(308)) - 8406e4c7-9c64-45ff-a753-663392bee600@group-73F2619DA9B8-LeaderElection80 ELECTION round 0: result REJECTED
2021-08-27 12:19:43,861 [8406e4c7-9c64-45ff-a753-663392bee600@group-73F2619DA9B8-LeaderElection80] INFO  server.RaftServer$Division (RaftServerImpl.java:setRole(285)) - 8406e4c7-9c64-45ff-a753-663392bee600@group-73F2619DA9B8: changes role from CANDIDATE to FOLLOWER at term 4 for REJECTED
2021-08-27 12:19:43,861 [8406e4c7-9c64-45ff-a753-663392bee600@group-73F2619DA9B8-LeaderElection80] INFO  impl.RoleInfo (RoleInfo.java:shutdownLeaderElection(121)) - 8406e4c7-9c64-45ff-a753-663392bee600: shutdown 8406e4c7-9c64-45ff-a753-663392bee600@group-73F2619DA9B8-LeaderElection80
2021-08-27 12:19:43,861 [8406e4c7-9c64-45ff-a753-663392bee600@group-73F2619DA9B8-LeaderElection80] INFO  impl.RoleInfo (RoleInfo.java:updateAndGet(130)) - 8406e4c7-9c64-45ff-a753-663392bee600: start 8406e4c7-9c64-45ff-a753-663392bee600@group-73F2619DA9B8-FollowerState
2021-08-27 12:19:44,560 [Listener at 127.0.0.1/43833] INFO  ozone.MiniOzoneClusterImpl (MiniOzoneClusterImpl.java:shutdown(453)) - Shutting down the Mini Ozone Cluster
2021-08-27 12:19:44,560 [Listener at 127.0.0.1/43833] INFO  ozone.MiniOzoneClusterImpl (MiniOzoneClusterImpl.java:stop(468)) - Stopping the Mini Ozone Cluster
2021-08-27 12:19:44,560 [Listener at 127.0.0.1/43833] INFO  ozone.MiniOzoneClusterImpl (MiniOzoneClusterImpl.java:stopOM(550)) - Stopping the OzoneManager
2021-08-27 12:19:44,560 [Listener at 127.0.0.1/43833] INFO  om.OzoneManager (OzoneManager.java:stop(1632)) - Stopping Ozone Manager
2021-08-27 12:19:44,560 [Listener at 127.0.0.1/43833] INFO  ipc.Server (Server.java:stop(3414)) - Stopping server on 43833
2021-08-27 12:19:44,575 [IPC Server listener on 0] INFO  ipc.Server (Server.java:run(1376)) - Stopping IPC Server listener on 0
2021-08-27 12:19:44,575 [IPC Server Responder] INFO  ipc.Server (Server.java:run(1512)) - Stopping IPC Server Responder
2021-08-27 12:19:44,580 [Listener at 127.0.0.1/43833] INFO  server.RaftServer (RaftServerProxy.java:lambda$close$6(391)) - om1: close
2021-08-27 12:19:44,580 [Listener at 127.0.0.1/43833] INFO  server.RaftServer$Division (RaftServerImpl.java:lambda$close$4(407)) - om1@group-C5BA1605619E: shutdown
2021-08-27 12:19:44,581 [Listener at 127.0.0.1/43833] INFO  util.JmxRegister (JmxRegister.java:unregister(73)) - Successfully un-registered JMX Bean with object name Ratis:service=RaftServer,group=group-C5BA1605619E,id=om1
2021-08-27 12:19:44,581 [Listener at 127.0.0.1/43833] INFO  impl.RoleInfo (RoleInfo.java:shutdownLeaderState(91)) - om1: shutdown om1@group-C5BA1605619E-LeaderStateImpl
2021-08-27 12:19:44,581 [Listener at 127.0.0.1/43833] INFO  impl.PendingRequests (PendingRequests.java:sendNotLeaderResponses(282)) - om1@group-C5BA1605619E-PendingRequests: sendNotLeaderResponses
2021-08-27 12:19:44,584 [Listener at 127.0.0.1/43833] INFO  impl.StateMachineUpdater (StateMachineUpdater.java:stopAndJoin(149)) - om1@group-C5BA1605619E-StateMachineUpdater: set stopIndex = 4
2021-08-27 12:19:44,584 [om1@group-C5BA1605619E-StateMachineUpdater] INFO  ratis.OzoneManagerStateMachine (OzoneManagerStateMachine.java:takeSnapshot(417)) - Current Snapshot Index (t:1, i:4)
2021-08-27 12:19:44,584 [om1@group-C5BA1605619E-StateMachineUpdater] INFO  impl.StateMachineUpdater (StateMachineUpdater.java:takeSnapshot(281)) - om1@group-C5BA1605619E-StateMachineUpdater: Took a snapshot at index 4
2021-08-27 12:19:44,584 [om1@group-C5BA1605619E-StateMachineUpdater] INFO  impl.StateMachineUpdater (StateMachineUpdater.java:lambda$new$0(89)) - om1@group-C5BA1605619E-StateMachineUpdater: snapshotIndex: updateIncreasingly -1 -> 4
2021-08-27 12:19:44,584 [om1@group-C5BA1605619E-StateMachineUpdater] INFO  ratis.OzoneManagerStateMachine (OzoneManagerStateMachine.java:close(471)) - StateMachine has shutdown. Shutdown OzoneManager if not already shutdown.
2021-08-27 12:19:44,585 [Listener at 127.0.0.1/43833] INFO  server.RaftServer$Division (ServerState.java:close(419)) - om1@group-C5BA1605619E: closes. applyIndex: 4
2021-08-27 12:19:44,585 [om1@group-C5BA1605619E-SegmentedRaftLogWorker] INFO  segmented.SegmentedRaftLogWorker (SegmentedRaftLogWorker.java:run(327)) - om1@group-C5BA1605619E-SegmentedRaftLogWorker was interrupted, exiting. There are 0 tasks remaining in the queue.
2021-08-27 12:19:44,586 [Listener at 127.0.0.1/43833] INFO  segmented.SegmentedRaftLogWorker (SegmentedRaftLogWorker.java:close(237)) - om1@group-C5BA1605619E-SegmentedRaftLogWorker close()
2021-08-27 12:19:44,610 [Listener at 127.0.0.1/43833] INFO  server.GrpcService (GrpcService.java:closeImpl(262)) - om1: shutdown server with port 9872 now
2021-08-27 12:19:44,613 [Listener at 127.0.0.1/43833] INFO  server.GrpcService (GrpcService.java:closeImpl(271)) - om1: shutdown server with port 9872 successfully
2021-08-27 12:19:44,613 [org.apache.ratis.util.JvmPauseMonitor$$Lambda$531/1692429552@1247be34] INFO  util.JvmPauseMonitor (JvmPauseMonitor.java:run(109)) - JvmPauseMonitor-om1: Stopped
2021-08-27 12:19:44,614 [Listener at 127.0.0.1/43833] INFO  ratis.OzoneManagerDoubleBuffer (OzoneManagerDoubleBuffer.java:stop(437)) - Stopping OMDoubleBuffer flush thread
2021-08-27 12:19:44,614 [OMDoubleBufferFlushThread] INFO  ratis.OzoneManagerDoubleBuffer (OzoneManagerDoubleBuffer.java:flushTransactions(356)) - OMDoubleBuffer flush thread OMDoubleBufferFlushThread is interrupted and will exit. OMDoubleBufferFlushThread
2021-08-27 12:19:44,614 [Listener at 127.0.0.1/43833] INFO  utils.BackgroundService (BackgroundService.java:shutdown(132)) - Shutting down service KeyDeletingService
2021-08-27 12:19:44,615 [Listener at 127.0.0.1/43833] INFO  handler.ContextHandler (ContextHandler.java:doStop(1153)) - Stopped o.e.j.w.WebAppContext@2c831c44{ozoneManager,/,null,STOPPED}{file:/home/runner/work/ozone/ozone/hadoop-ozone/integration-test/target/test-classes/webapps/ozoneManager}
2021-08-27 12:19:44,615 [Listener at 127.0.0.1/43833] INFO  server.AbstractConnector (AbstractConnector.java:doStop(381)) - Stopped ServerConnector@7f04c13d{HTTP/1.1, (http/1.1)}{0.0.0.0:0}
2021-08-27 12:19:44,615 [Listener at 127.0.0.1/43833] INFO  server.session (HouseKeeper.java:stopScavenging(149)) - node0 Stopped scavenging
2021-08-27 12:19:44,615 [Listener at 127.0.0.1/43833] INFO  handler.ContextHandler (ContextHandler.java:doStop(1153)) - Stopped o.e.j.s.ServletContextHandler@1112d23f{static,/static,file:///home/runner/work/ozone/ozone/hadoop-ozone/integration-test/target/test-classes/webapps/static,STOPPED}
2021-08-27 12:19:44,616 [Listener at 127.0.0.1/43833] INFO  handler.ContextHandler (ContextHandler.java:doStop(1153)) - Stopped o.e.j.s.ServletContextHandler@7331e91c{logs,/logs,file:///home/runner/work/ozone/ozone/hadoop-ozone/integration-test/target/log,STOPPED}
2021-08-27 12:19:44,634 [Listener at 127.0.0.1/43833] INFO  ozone.MiniOzoneClusterImpl (MiniOzoneClusterImpl.java:stopDatanodes(527)) - Stopping the HddsDatanodes
2021-08-27 12:19:44,664 [Datanode State Machine Thread - 0] INFO  statemachine.DatanodeStateMachine (DatanodeStateMachine.java:lambda$startDaemon$0(457)) - Ozone container server started.
2021-08-27 12:19:44,989 [Datanode State Machine Thread - 0] INFO  statemachine.DatanodeStateMachine (DatanodeStateMachine.java:lambda$startDaemon$0(457)) - Ozone container server started.
2021-08-27 12:19:48,007 [97469cba-ac70-4b4e-8b1d-7d1e4e3cf9ac@group-6AA931AC1D3C-FollowerState] INFO  impl.FollowerState (FollowerState.java:run(134)) - 97469cba-ac70-4b4e-8b1d-7d1e4e3cf9ac@group-6AA931AC1D3C-FollowerState: change to CANDIDATE, lastRpcElapsedTime:5012666395ns, electionTimeout:5012ms
2021-08-27 12:19:48,008 [97469cba-ac70-4b4e-8b1d-7d1e4e3cf9ac@group-6AA931AC1D3C-FollowerState] INFO  impl.RoleInfo (RoleInfo.java:shutdownFollowerState(108)) - 97469cba-ac70-4b4e-8b1d-7d1e4e3cf9ac: shutdown 97469cba-ac70-4b4e-8b1d-7d1e4e3cf9ac@group-6AA931AC1D3C-FollowerState
2021-08-27 12:19:48,008 [97469cba-ac70-4b4e-8b1d-7d1e4e3cf9ac@group-6AA931AC1D3C-FollowerState] INFO  server.RaftServer$Division (RaftServerImpl.java:setRole(285)) - 97469cba-ac70-4b4e-8b1d-7d1e4e3cf9ac@group-6AA931AC1D3C: changes role from  FOLLOWER to CANDIDATE at term 5 for changeToCandidate
2021-08-27 12:19:48,008 [97469cba-ac70-4b4e-8b1d-7d1e4e3cf9ac@group-6AA931AC1D3C-FollowerState] INFO  server.RaftServerConfigKeys (ConfUtils.java:logGet(44)) - raft.server.leaderelection.pre-vote = false (custom)
2021-08-27 12:19:48,008 [97469cba-ac70-4b4e-8b1d-7d1e4e3cf9ac@group-6AA931AC1D3C-FollowerState] INFO  impl.RoleInfo (RoleInfo.java:updateAndGet(130)) - 97469cba-ac70-4b4e-8b1d-7d1e4e3cf9ac: start 97469cba-ac70-4b4e-8b1d-7d1e4e3cf9ac@group-6AA931AC1D3C-LeaderElection81
2021-08-27 12:19:48,010 [97469cba-ac70-4b4e-8b1d-7d1e4e3cf9ac@group-6AA931AC1D3C-LeaderElection81] INFO  impl.LeaderElection (LeaderElection.java:askForVotes(306)) - 97469cba-ac70-4b4e-8b1d-7d1e4e3cf9ac@group-6AA931AC1D3C-LeaderElection81 ELECTION round 0: submit vote requests at term 6 for 0: [dd2b24ff-1eae-4a3e-81dc-b04424e7f942|rpc:10.1.0.9:39127|dataStream:|priority:0, f890e39a-5838-4db2-99cf-760c0a4a7b9f|rpc:10.1.0.9:38659|dataStream:|priority:0, 97469cba-ac70-4b4e-8b1d-7d1e4e3cf9ac|rpc:10.1.0.9:36551|dataStream:|priority:1], old=null
2021-08-27 12:19:48,015 [grpc-default-executor-4] INFO  server.RaftServer$Division (RaftServerImpl.java:requestVote(1043)) - dd2b24ff-1eae-4a3e-81dc-b04424e7f942@group-6AA931AC1D3C: receive requestVote(ELECTION, 97469cba-ac70-4b4e-8b1d-7d1e4e3cf9ac, group-6AA931AC1D3C, 6, (t:2, i:0))
2021-08-27 12:19:48,015 [grpc-default-executor-4] INFO  impl.VoteContext (VoteContext.java:log(48)) - dd2b24ff-1eae-4a3e-81dc-b04424e7f942@group-6AA931AC1D3C-FOLLOWER: accept ELECTION from 97469cba-ac70-4b4e-8b1d-7d1e4e3cf9ac: our last entry null < candidate's last entry (t:2, i:0)
2021-08-27 12:19:48,015 [grpc-default-executor-4] INFO  server.RaftServer$Division (RaftServerImpl.java:setRole(285)) - dd2b24ff-1eae-4a3e-81dc-b04424e7f942@group-6AA931AC1D3C: changes role from  FOLLOWER to FOLLOWER at term 6 for candidate:97469cba-ac70-4b4e-8b1d-7d1e4e3cf9ac
2021-08-27 12:19:48,015 [grpc-default-executor-4] INFO  impl.RoleInfo (RoleInfo.java:shutdownFollowerState(108)) - dd2b24ff-1eae-4a3e-81dc-b04424e7f942: shutdown dd2b24ff-1eae-4a3e-81dc-b04424e7f942@group-6AA931AC1D3C-FollowerState
2021-08-27 12:19:48,015 [grpc-default-executor-4] INFO  impl.RoleInfo (RoleInfo.java:updateAndGet(130)) - dd2b24ff-1eae-4a3e-81dc-b04424e7f942: start dd2b24ff-1eae-4a3e-81dc-b04424e7f942@group-6AA931AC1D3C-FollowerState
2021-08-27 12:19:48,015 [dd2b24ff-1eae-4a3e-81dc-b04424e7f942@group-6AA931AC1D3C-FollowerState] INFO  impl.FollowerState (FollowerState.java:run(143)) - dd2b24ff-1eae-4a3e-81dc-b04424e7f942@group-6AA931AC1D3C-FollowerState was interrupted: {}
java.lang.InterruptedException: sleep interrupted
	at java.lang.Thread.sleep(Native Method)
	at java.lang.Thread.sleep(Thread.java:340)
	at java.util.concurrent.TimeUnit.sleep(TimeUnit.java:386)
	at org.apache.ratis.util.TimeDuration.sleep(TimeDuration.java:324)
	at org.apache.ratis.util.TimeDuration.sleep(TimeDuration.java:309)
	at org.apache.ratis.server.impl.FollowerState.run(FollowerState.java:118)
2021-08-27 12:19:48,017 [grpc-default-executor-0] INFO  server.RaftServer$Division (RaftServerImpl.java:requestVote(1043)) - f890e39a-5838-4db2-99cf-760c0a4a7b9f@group-6AA931AC1D3C: receive requestVote(ELECTION, 97469cba-ac70-4b4e-8b1d-7d1e4e3cf9ac, group-6AA931AC1D3C, 6, (t:2, i:0))
2021-08-27 12:19:48,017 [grpc-default-executor-0] INFO  impl.VoteContext (VoteContext.java:log(48)) - f890e39a-5838-4db2-99cf-760c0a4a7b9f@group-6AA931AC1D3C-FOLLOWER: accept ELECTION from 97469cba-ac70-4b4e-8b1d-7d1e4e3cf9ac: our last entry null < candidate's last entry (t:2, i:0)
2021-08-27 12:19:48,017 [grpc-default-executor-0] INFO  server.RaftServer$Division (RaftServerImpl.java:setRole(285)) - f890e39a-5838-4db2-99cf-760c0a4a7b9f@group-6AA931AC1D3C: changes role from  FOLLOWER to FOLLOWER at term 6 for candidate:97469cba-ac70-4b4e-8b1d-7d1e4e3cf9ac
2021-08-27 12:19:48,017 [grpc-default-executor-0] INFO  impl.RoleInfo (RoleInfo.java:shutdownFollowerState(108)) - f890e39a-5838-4db2-99cf-760c0a4a7b9f: shutdown f890e39a-5838-4db2-99cf-760c0a4a7b9f@group-6AA931AC1D3C-FollowerState
2021-08-27 12:19:48,017 [grpc-default-executor-0] INFO  impl.RoleInfo (RoleInfo.java:updateAndGet(130)) - f890e39a-5838-4db2-99cf-760c0a4a7b9f: start f890e39a-5838-4db2-99cf-760c0a4a7b9f@group-6AA931AC1D3C-FollowerState
2021-08-27 12:19:48,017 [f890e39a-5838-4db2-99cf-760c0a4a7b9f@group-6AA931AC1D3C-FollowerState] INFO  impl.FollowerState (FollowerState.java:run(143)) - f890e39a-5838-4db2-99cf-760c0a4a7b9f@group-6AA931AC1D3C-FollowerState was interrupted: {}
java.lang.InterruptedException: sleep interrupted
	at java.lang.Thread.sleep(Native Method)
	at java.lang.Thread.sleep(Thread.java:340)
	at java.util.concurrent.TimeUnit.sleep(TimeUnit.java:386)
	at org.apache.ratis.util.TimeDuration.sleep(TimeDuration.java:324)
	at org.apache.ratis.util.TimeDuration.sleep(TimeDuration.java:309)
	at org.apache.ratis.server.impl.FollowerState.run(FollowerState.java:118)
2021-08-27 12:19:48,018 [grpc-default-executor-4] INFO  server.RaftServer$Division (RaftServerImpl.java:requestVote(1075)) - dd2b24ff-1eae-4a3e-81dc-b04424e7f942@group-6AA931AC1D3C replies to ELECTION vote request: 97469cba-ac70-4b4e-8b1d-7d1e4e3cf9ac<-dd2b24ff-1eae-4a3e-81dc-b04424e7f942#0:OK-t6. Peer's state: dd2b24ff-1eae-4a3e-81dc-b04424e7f942@group-6AA931AC1D3C:t6, leader=null, voted=97469cba-ac70-4b4e-8b1d-7d1e4e3cf9ac, raftlog=dd2b24ff-1eae-4a3e-81dc-b04424e7f942@group-6AA931AC1D3C-SegmentedRaftLog:OPENED:c-1,f-1,i0, conf=-1: [dd2b24ff-1eae-4a3e-81dc-b04424e7f942|rpc:10.1.0.9:39127|dataStream:|priority:0, f890e39a-5838-4db2-99cf-760c0a4a7b9f|rpc:10.1.0.9:38659|dataStream:|priority:0, 97469cba-ac70-4b4e-8b1d-7d1e4e3cf9ac|rpc:10.1.0.9:36551|dataStream:|priority:1], old=null
2021-08-27 12:19:48,021 [97469cba-ac70-4b4e-8b1d-7d1e4e3cf9ac@group-6AA931AC1D3C-LeaderElection81] INFO  impl.LeaderElection (LeaderElection.java:logAndReturn(89)) - 97469cba-ac70-4b4e-8b1d-7d1e4e3cf9ac@group-6AA931AC1D3C-LeaderElection81: ELECTION PASSED received 1 response(s) and 0 exception(s):
2021-08-27 12:19:48,021 [97469cba-ac70-4b4e-8b1d-7d1e4e3cf9ac@group-6AA931AC1D3C-LeaderElection81] INFO  impl.LeaderElection (LeaderElection.java:logAndReturn(93)) -   Response 0: 97469cba-ac70-4b4e-8b1d-7d1e4e3cf9ac<-dd2b24ff-1eae-4a3e-81dc-b04424e7f942#0:OK-t6
2021-08-27 12:19:48,021 [97469cba-ac70-4b4e-8b1d-7d1e4e3cf9ac@group-6AA931AC1D3C-LeaderElection81] INFO  impl.LeaderElection (LeaderElection.java:askForVotes(308)) - 97469cba-ac70-4b4e-8b1d-7d1e4e3cf9ac@group-6AA931AC1D3C-LeaderElection81 ELECTION round 0: result PASSED
2021-08-27 12:19:48,021 [97469cba-ac70-4b4e-8b1d-7d1e4e3cf9ac@group-6AA931AC1D3C-LeaderElection81] INFO  impl.RoleInfo (RoleInfo.java:shutdownLeaderElection(121)) - 97469cba-ac70-4b4e-8b1d-7d1e4e3cf9ac: shutdown 97469cba-ac70-4b4e-8b1d-7d1e4e3cf9ac@group-6AA931AC1D3C-LeaderElection81
2021-08-27 12:19:48,021 [97469cba-ac70-4b4e-8b1d-7d1e4e3cf9ac@group-6AA931AC1D3C-LeaderElection81] INFO  server.RaftServer$Division (RaftServerImpl.java:setRole(285)) - 97469cba-ac70-4b4e-8b1d-7d1e4e3cf9ac@group-6AA931AC1D3C: changes role from CANDIDATE to LEADER at term 6 for changeToLeader
2021-08-27 12:19:48,021 [97469cba-ac70-4b4e-8b1d-7d1e4e3cf9ac@group-6AA931AC1D3C-LeaderElection81] INFO  ratis.XceiverServerRatis (XceiverServerRatis.java:handleLeaderChangedNotification(861)) - Leader change notification received for group: group-6AA931AC1D3C with new leaderId: 97469cba-ac70-4b4e-8b1d-7d1e4e3cf9ac
2021-08-27 12:19:48,021 [97469cba-ac70-4b4e-8b1d-7d1e4e3cf9ac@group-6AA931AC1D3C-LeaderElection81] INFO  server.RaftServer$Division (ServerState.java:setLeader(285)) - 97469cba-ac70-4b4e-8b1d-7d1e4e3cf9ac@group-6AA931AC1D3C: change Leader from null to 97469cba-ac70-4b4e-8b1d-7d1e4e3cf9ac at term 6 for becomeLeader, leader elected after 15323ms
2021-08-27 12:19:48,021 [97469cba-ac70-4b4e-8b1d-7d1e4e3cf9ac@group-6AA931AC1D3C-LeaderElection81] INFO  server.RaftServerConfigKeys (ConfUtils.java:logGet(44)) - raft.server.staging.catchup.gap = 1000 (default)
2021-08-27 12:19:48,021 [97469cba-ac70-4b4e-8b1d-7d1e4e3cf9ac@group-6AA931AC1D3C-LeaderElection81] INFO  server.RaftServerConfigKeys (ConfUtils.java:logGet(44)) - raft.server.write.element-limit = 1024 (custom)
2021-08-27 12:19:48,021 [97469cba-ac70-4b4e-8b1d-7d1e4e3cf9ac@group-6AA931AC1D3C-LeaderElection81] INFO  server.RaftServerConfigKeys (ConfUtils.java:logGet(44)) - raft.server.write.byte-limit = 1024 M (=1073741824) (custom)
2021-08-27 12:19:48,022 [97469cba-ac70-4b4e-8b1d-7d1e4e3cf9ac@group-6AA931AC1D3C-LeaderElection81] INFO  server.RaftServerConfigKeys (ConfUtils.java:logGet(44)) - raft.server.watch.timeout = 3000ms (custom)
2021-08-27 12:19:48,022 [97469cba-ac70-4b4e-8b1d-7d1e4e3cf9ac@group-6AA931AC1D3C-LeaderElection81] INFO  server.RaftServerConfigKeys (ConfUtils.java:logGet(44)) - raft.server.watch.timeout.denomination = 1s (default)
2021-08-27 12:19:48,022 [97469cba-ac70-4b4e-8b1d-7d1e4e3cf9ac@group-6AA931AC1D3C-LeaderElection81] INFO  server.RaftServerConfigKeys (ConfUtils.java:logGet(44)) - raft.server.watch.element-limit = 65536 (default)
2021-08-27 12:19:48,022 [97469cba-ac70-4b4e-8b1d-7d1e4e3cf9ac@group-6AA931AC1D3C-LeaderElection81] INFO  server.RaftServerConfigKeys (ConfUtils.java:logGet(44)) - raft.server.log.appender.snapshot.chunk.size.max = 16MB (=16777216) (default)
2021-08-27 12:19:48,022 [97469cba-ac70-4b4e-8b1d-7d1e4e3cf9ac@group-6AA931AC1D3C-LeaderElection81] INFO  server.RaftServerConfigKeys (ConfUtils.java:logGet(44)) - raft.server.log.appender.buffer.byte-limit = 33554432 (custom)
2021-08-27 12:19:48,022 [97469cba-ac70-4b4e-8b1d-7d1e4e3cf9ac@group-6AA931AC1D3C-LeaderElection81] INFO  server.RaftServerConfigKeys (ConfUtils.java:logGet(44)) - raft.server.log.appender.buffer.element-limit = 1 (custom)
2021-08-27 12:19:48,022 [97469cba-ac70-4b4e-8b1d-7d1e4e3cf9ac@group-6AA931AC1D3C-LeaderElection81] INFO  grpc.GrpcConfigKeys (ConfUtils.java:logGet(44)) - raft.grpc.server.leader.outstanding.appends.max = 128 (default)
2021-08-27 12:19:48,022 [97469cba-ac70-4b4e-8b1d-7d1e4e3cf9ac@group-6AA931AC1D3C-LeaderElection81] INFO  server.RaftServerConfigKeys (ConfUtils.java:logGet(44)) - raft.server.rpc.request.timeout = 3000ms (default)
2021-08-27 12:19:48,022 [97469cba-ac70-4b4e-8b1d-7d1e4e3cf9ac@group-6AA931AC1D3C-LeaderElection81] INFO  server.RaftServerConfigKeys (ConfUtils.java:logGet(44)) - raft.server.log.appender.install.snapshot.enabled = false (custom)
2021-08-27 12:19:48,023 [97469cba-ac70-4b4e-8b1d-7d1e4e3cf9ac@group-6AA931AC1D3C-LeaderElection81] INFO  server.RaftServerConfigKeys (ConfUtils.java:logGet(44)) - raft.server.log.appender.snapshot.chunk.size.max = 16MB (=16777216) (default)
2021-08-27 12:19:48,023 [97469cba-ac70-4b4e-8b1d-7d1e4e3cf9ac@group-6AA931AC1D3C-LeaderElection81] INFO  server.RaftServerConfigKeys (ConfUtils.java:logGet(44)) - raft.server.log.appender.buffer.byte-limit = 33554432 (custom)
2021-08-27 12:19:48,023 [97469cba-ac70-4b4e-8b1d-7d1e4e3cf9ac@group-6AA931AC1D3C-LeaderElection81] INFO  server.RaftServerConfigKeys (ConfUtils.java:logGet(44)) - raft.server.log.appender.buffer.element-limit = 1 (custom)
2021-08-27 12:19:48,023 [97469cba-ac70-4b4e-8b1d-7d1e4e3cf9ac@group-6AA931AC1D3C-LeaderElection81] INFO  grpc.GrpcConfigKeys (ConfUtils.java:logGet(44)) - raft.grpc.server.leader.outstanding.appends.max = 128 (default)
2021-08-27 12:19:48,023 [97469cba-ac70-4b4e-8b1d-7d1e4e3cf9ac@group-6AA931AC1D3C-LeaderElection81] INFO  server.RaftServerConfigKeys (ConfUtils.java:logGet(44)) - raft.server.rpc.request.timeout = 3000ms (default)
2021-08-27 12:19:48,023 [97469cba-ac70-4b4e-8b1d-7d1e4e3cf9ac@group-6AA931AC1D3C-LeaderElection81] INFO  server.RaftServerConfigKeys (ConfUtils.java:logGet(44)) - raft.server.log.appender.install.snapshot.enabled = false (custom)
2021-08-27 12:19:48,024 [97469cba-ac70-4b4e-8b1d-7d1e4e3cf9ac@group-6AA931AC1D3C-LeaderElection81] INFO  impl.RoleInfo (RoleInfo.java:updateAndGet(130)) - 97469cba-ac70-4b4e-8b1d-7d1e4e3cf9ac: start 97469cba-ac70-4b4e-8b1d-7d1e4e3cf9ac@group-6AA931AC1D3C-LeaderStateImpl
2021-08-27 12:19:48,025 [97469cba-ac70-4b4e-8b1d-7d1e4e3cf9ac@group-6AA931AC1D3C-LeaderElection81] INFO  segmented.SegmentedRaftLogWorker (SegmentedRaftLogWorker.java:rollLogSegment(399)) - 97469cba-ac70-4b4e-8b1d-7d1e4e3cf9ac@group-6AA931AC1D3C-SegmentedRaftLogWorker: Rolling segment log-0_0 to index:0
2021-08-27 12:19:48,025 [97469cba-ac70-4b4e-8b1d-7d1e4e3cf9ac@group-6AA931AC1D3C-SegmentedRaftLogWorker] INFO  segmented.SegmentedRaftLogWorker (SegmentedRaftLogWorker.java:execute(558)) - 97469cba-ac70-4b4e-8b1d-7d1e4e3cf9ac@group-6AA931AC1D3C-SegmentedRaftLogWorker: Rolled log segment from /home/runner/work/ozone/ozone/hadoop-ozone/integration-test/target/test-dir/MiniOzoneClusterImpl-595ad429-f938-4b04-a1e1-fbbc785922f0/datanode-0/data/ratis/8e08a3c8-b922-4d02-9de6-6aa931ac1d3c/current/log_inprogress_0 to /home/runner/work/ozone/ozone/hadoop-ozone/integration-test/target/test-dir/MiniOzoneClusterImpl-595ad429-f938-4b04-a1e1-fbbc785922f0/datanode-0/data/ratis/8e08a3c8-b922-4d02-9de6-6aa931ac1d3c/current/log_0-0
2021-08-27 12:19:48,026 [grpc-default-executor-0] INFO  server.RaftServer$Division (RaftServerImpl.java:requestVote(1075)) - f890e39a-5838-4db2-99cf-760c0a4a7b9f@group-6AA931AC1D3C replies to ELECTION vote request: 97469cba-ac70-4b4e-8b1d-7d1e4e3cf9ac<-f890e39a-5838-4db2-99cf-760c0a4a7b9f#0:OK-t6. Peer's state: f890e39a-5838-4db2-99cf-760c0a4a7b9f@group-6AA931AC1D3C:t6, leader=null, voted=97469cba-ac70-4b4e-8b1d-7d1e4e3cf9ac, raftlog=f890e39a-5838-4db2-99cf-760c0a4a7b9f@group-6AA931AC1D3C-SegmentedRaftLog:OPENED:c-1,f-1,i0, conf=-1: [dd2b24ff-1eae-4a3e-81dc-b04424e7f942|rpc:10.1.0.9:39127|dataStream:|priority:0, f890e39a-5838-4db2-99cf-760c0a4a7b9f|rpc:10.1.0.9:38659|dataStream:|priority:0, 97469cba-ac70-4b4e-8b1d-7d1e4e3cf9ac|rpc:10.1.0.9:36551|dataStream:|priority:1], old=null
2021-08-27 12:19:48,027 [97469cba-ac70-4b4e-8b1d-7d1e4e3cf9ac@group-6AA931AC1D3C-SegmentedRaftLogWorker] INFO  segmented.SegmentedRaftLogWorker (SegmentedRaftLogWorker.java:execute(601)) - 97469cba-ac70-4b4e-8b1d-7d1e4e3cf9ac@group-6AA931AC1D3C-SegmentedRaftLogWorker: created new log segment /home/runner/work/ozone/ozone/hadoop-ozone/integration-test/target/test-dir/MiniOzoneClusterImpl-595ad429-f938-4b04-a1e1-fbbc785922f0/datanode-0/data/ratis/8e08a3c8-b922-4d02-9de6-6aa931ac1d3c/current/log_inprogress_1
2021-08-27 12:19:48,031 [grpc-default-executor-4] INFO  ratis.XceiverServerRatis (XceiverServerRatis.java:handleLeaderChangedNotification(861)) - Leader change notification received for group: group-6AA931AC1D3C with new leaderId: 97469cba-ac70-4b4e-8b1d-7d1e4e3cf9ac
2021-08-27 12:19:48,031 [grpc-default-executor-4] INFO  server.RaftServer$Division (ServerState.java:setLeader(285)) - dd2b24ff-1eae-4a3e-81dc-b04424e7f942@group-6AA931AC1D3C: change Leader from null to 97469cba-ac70-4b4e-8b1d-7d1e4e3cf9ac at term 6 for appendEntries, leader elected after 25646ms
2021-08-27 12:19:48,031 [grpc-default-executor-4] INFO  server.RaftServer$Division (RaftServerImpl.java:checkInconsistentAppendEntries(1319)) - dd2b24ff-1eae-4a3e-81dc-b04424e7f942@group-6AA931AC1D3C: Failed appendEntries as previous log entry ((t:2, i:0)) is not found
2021-08-27 12:19:48,031 [grpc-default-executor-4] INFO  server.RaftServer$Division (RaftServerImpl.java:checkInconsistentAppendEntries(1285)) - dd2b24ff-1eae-4a3e-81dc-b04424e7f942@group-6AA931AC1D3C: inconsistency entries. Reply:97469cba-ac70-4b4e-8b1d-7d1e4e3cf9ac<-dd2b24ff-1eae-4a3e-81dc-b04424e7f942#0:FAIL-t6,INCONSISTENCY,nextIndex=0,followerCommit=-1
2021-08-27 12:19:48,035 [grpc-default-executor-0] INFO  server.RaftServer$Division (RaftServerImpl.java:checkInconsistentAppendEntries(1319)) - dd2b24ff-1eae-4a3e-81dc-b04424e7f942@group-6AA931AC1D3C: Failed appendEntries as previous log entry ((t:2, i:0)) is not found
2021-08-27 12:19:48,036 [grpc-default-executor-0] INFO  server.RaftServer$Division (RaftServerImpl.java:checkInconsistentAppendEntries(1285)) - dd2b24ff-1eae-4a3e-81dc-b04424e7f942@group-6AA931AC1D3C: inconsistency entries. Reply:97469cba-ac70-4b4e-8b1d-7d1e4e3cf9ac<-dd2b24ff-1eae-4a3e-81dc-b04424e7f942#1:FAIL-t6,INCONSISTENCY,nextIndex=0,followerCommit=-1
2021-08-27 12:19:48,036 [97469cba-ac70-4b4e-8b1d-7d1e4e3cf9ac@group-6AA931AC1D3C-LeaderElection81] INFO  server.RaftServer$Division (ServerState.java:setRaftConf(387)) - 97469cba-ac70-4b4e-8b1d-7d1e4e3cf9ac@group-6AA931AC1D3C: set configuration 1: [dd2b24ff-1eae-4a3e-81dc-b04424e7f942|rpc:10.1.0.9:39127|dataStream:|priority:0, f890e39a-5838-4db2-99cf-760c0a4a7b9f|rpc:10.1.0.9:38659|dataStream:|priority:0, 97469cba-ac70-4b4e-8b1d-7d1e4e3cf9ac|rpc:10.1.0.9:36551|dataStream:|priority:1], old=null
2021-08-27 12:19:48,039 [grpc-default-executor-4] INFO  leader.FollowerInfo (FollowerInfoImpl.java:lambda$new$0(46)) - 97469cba-ac70-4b4e-8b1d-7d1e4e3cf9ac@group-6AA931AC1D3C->dd2b24ff-1eae-4a3e-81dc-b04424e7f942: nextIndex: updateUnconditionally 2 -> 0
2021-08-27 12:19:48,040 [grpc-default-executor-0] INFO  leader.FollowerInfo (FollowerInfoImpl.java:lambda$new$0(46)) - 97469cba-ac70-4b4e-8b1d-7d1e4e3cf9ac@group-6AA931AC1D3C->dd2b24ff-1eae-4a3e-81dc-b04424e7f942: nextIndex: updateUnconditionally 0 -> 0
2021-08-27 12:19:48,041 [grpc-default-executor-0] INFO  server.RaftServer$Division (ServerState.java:setRaftConf(387)) - dd2b24ff-1eae-4a3e-81dc-b04424e7f942@group-6AA931AC1D3C: set configuration 0: [dd2b24ff-1eae-4a3e-81dc-b04424e7f942|rpc:10.1.0.9:39127|dataStream:|priority:0, f890e39a-5838-4db2-99cf-760c0a4a7b9f|rpc:10.1.0.9:38659|dataStream:|priority:0, 97469cba-ac70-4b4e-8b1d-7d1e4e3cf9ac|rpc:10.1.0.9:36551|dataStream:|priority:1], old=null
2021-08-27 12:19:48,041 [grpc-default-executor-0] INFO  segmented.SegmentedRaftLogWorker (SegmentedRaftLogWorker.java:startLogSegment(394)) - dd2b24ff-1eae-4a3e-81dc-b04424e7f942@group-6AA931AC1D3C-SegmentedRaftLogWorker: Starting segment from index:0
2021-08-27 12:19:48,047 [dd2b24ff-1eae-4a3e-81dc-b04424e7f942@group-6AA931AC1D3C-SegmentedRaftLogWorker] INFO  segmented.SegmentedRaftLogWorker (SegmentedRaftLogWorker.java:execute(601)) - dd2b24ff-1eae-4a3e-81dc-b04424e7f942@group-6AA931AC1D3C-SegmentedRaftLogWorker: created new log segment /home/runner/work/ozone/ozone/hadoop-ozone/integration-test/target/test-dir/MiniOzoneClusterImpl-595ad429-f938-4b04-a1e1-fbbc785922f0/datanode-2/data/ratis/8e08a3c8-b922-4d02-9de6-6aa931ac1d3c/current/log_inprogress_0
2021-08-27 12:19:48,049 [grpc-default-executor-4] INFO  ratis.XceiverServerRatis (XceiverServerRatis.java:handleLeaderChangedNotification(861)) - Leader change notification received for group: group-6AA931AC1D3C with new leaderId: 97469cba-ac70-4b4e-8b1d-7d1e4e3cf9ac
2021-08-27 12:19:48,049 [grpc-default-executor-4] INFO  server.RaftServer$Division (ServerState.java:setLeader(285)) - f890e39a-5838-4db2-99cf-760c0a4a7b9f@group-6AA931AC1D3C: change Leader from null to 97469cba-ac70-4b4e-8b1d-7d1e4e3cf9ac at term 6 for appendEntries, leader elected after 25763ms
2021-08-27 12:19:48,062 [grpc-default-executor-4] INFO  server.RaftServer$Division (RaftServerImpl.java:checkInconsistentAppendEntries(1319)) - f890e39a-5838-4db2-99cf-760c0a4a7b9f@group-6AA931AC1D3C: Failed appendEntries as previous log entry ((t:2, i:0)) is not found
2021-08-27 12:19:48,062 [grpc-default-executor-4] INFO  server.RaftServer$Division (RaftServerImpl.java:checkInconsistentAppendEntries(1285)) - f890e39a-5838-4db2-99cf-760c0a4a7b9f@group-6AA931AC1D3C: inconsistency entries. Reply:97469cba-ac70-4b4e-8b1d-7d1e4e3cf9ac<-f890e39a-5838-4db2-99cf-760c0a4a7b9f#0:FAIL-t6,INCONSISTENCY,nextIndex=0,followerCommit=-1
2021-08-27 12:19:48,063 [grpc-default-executor-2] INFO  leader.FollowerInfo (FollowerInfoImpl.java:lambda$new$0(46)) - 97469cba-ac70-4b4e-8b1d-7d1e4e3cf9ac@group-6AA931AC1D3C->f890e39a-5838-4db2-99cf-760c0a4a7b9f: nextIndex: updateUnconditionally 2 -> 0
2021-08-27 12:19:48,063 [grpc-default-executor-4] INFO  server.RaftServer$Division (RaftServerImpl.java:checkInconsistentAppendEntries(1319)) - f890e39a-5838-4db2-99cf-760c0a4a7b9f@group-6AA931AC1D3C: Failed appendEntries as previous log entry ((t:2, i:0)) is not found
2021-08-27 12:19:48,063 [grpc-default-executor-4] INFO  server.RaftServer$Division (RaftServerImpl.java:checkInconsistentAppendEntries(1285)) - f890e39a-5838-4db2-99cf-760c0a4a7b9f@group-6AA931AC1D3C: inconsistency entries. Reply:97469cba-ac70-4b4e-8b1d-7d1e4e3cf9ac<-f890e39a-5838-4db2-99cf-760c0a4a7b9f#1:FAIL-t6,INCONSISTENCY,nextIndex=0,followerCommit=-1
2021-08-27 12:19:48,063 [grpc-default-executor-2] INFO  leader.FollowerInfo (FollowerInfoImpl.java:lambda$new$0(46)) - 97469cba-ac70-4b4e-8b1d-7d1e4e3cf9ac@group-6AA931AC1D3C->f890e39a-5838-4db2-99cf-760c0a4a7b9f: nextIndex: updateUnconditionally 0 -> 0
2021-08-27 12:19:48,064 [grpc-default-executor-0] INFO  server.RaftServer$Division (ServerState.java:setRaftConf(387)) - dd2b24ff-1eae-4a3e-81dc-b04424e7f942@group-6AA931AC1D3C: set configuration 1: [dd2b24ff-1eae-4a3e-81dc-b04424e7f942|rpc:10.1.0.9:39127|dataStream:|priority:0, f890e39a-5838-4db2-99cf-760c0a4a7b9f|rpc:10.1.0.9:38659|dataStream:|priority:0, 97469cba-ac70-4b4e-8b1d-7d1e4e3cf9ac|rpc:10.1.0.9:36551|dataStream:|priority:1], old=null
2021-08-27 12:19:48,064 [grpc-default-executor-0] INFO  segmented.SegmentedRaftLogWorker (SegmentedRaftLogWorker.java:rollLogSegment(399)) - dd2b24ff-1eae-4a3e-81dc-b04424e7f942@group-6AA931AC1D3C-SegmentedRaftLogWorker: Rolling segment log-0_0 to index:0
2021-08-27 12:19:48,064 [grpc-default-executor-4] INFO  server.RaftServer$Division (RaftServerImpl.java:checkInconsistentAppendEntries(1319)) - f890e39a-5838-4db2-99cf-760c0a4a7b9f@group-6AA931AC1D3C: Failed appendEntries as previous log entry ((t:6, i:1)) is not found
2021-08-27 12:19:48,064 [grpc-default-executor-4] INFO  server.RaftServer$Division (RaftServerImpl.java:checkInconsistentAppendEntries(1285)) - f890e39a-5838-4db2-99cf-760c0a4a7b9f@group-6AA931AC1D3C: inconsistency entries. Reply:97469cba-ac70-4b4e-8b1d-7d1e4e3cf9ac<-f890e39a-5838-4db2-99cf-760c0a4a7b9f#2:FAIL-t6,INCONSISTENCY,nextIndex=0,followerCommit=-1
2021-08-27 12:19:48,064 [dd2b24ff-1eae-4a3e-81dc-b04424e7f942@group-6AA931AC1D3C-SegmentedRaftLogWorker] INFO  segmented.SegmentedRaftLogWorker (SegmentedRaftLogWorker.java:execute(558)) - dd2b24ff-1eae-4a3e-81dc-b04424e7f942@group-6AA931AC1D3C-SegmentedRaftLogWorker: Rolled log segment from /home/runner/work/ozone/ozone/hadoop-ozone/integration-test/target/test-dir/MiniOzoneClusterImpl-595ad429-f938-4b04-a1e1-fbbc785922f0/datanode-2/data/ratis/8e08a3c8-b922-4d02-9de6-6aa931ac1d3c/current/log_inprogress_0 to /home/runner/work/ozone/ozone/hadoop-ozone/integration-test/target/test-dir/MiniOzoneClusterImpl-595ad429-f938-4b04-a1e1-fbbc785922f0/datanode-2/data/ratis/8e08a3c8-b922-4d02-9de6-6aa931ac1d3c/current/log_0-0
2021-08-27 12:19:48,065 [grpc-default-executor-4] INFO  leader.FollowerInfo (FollowerInfoImpl.java:lambda$new$0(46)) - 97469cba-ac70-4b4e-8b1d-7d1e4e3cf9ac@group-6AA931AC1D3C->f890e39a-5838-4db2-99cf-760c0a4a7b9f: nextIndex: updateUnconditionally 0 -> 0
2021-08-27 12:19:48,065 [dd2b24ff-1eae-4a3e-81dc-b04424e7f942@group-6AA931AC1D3C-SegmentedRaftLogWorker] INFO  segmented.SegmentedRaftLogWorker (SegmentedRaftLogWorker.java:execute(601)) - dd2b24ff-1eae-4a3e-81dc-b04424e7f942@group-6AA931AC1D3C-SegmentedRaftLogWorker: created new log segment /home/runner/work/ozone/ozone/hadoop-ozone/integration-test/target/test-dir/MiniOzoneClusterImpl-595ad429-f938-4b04-a1e1-fbbc785922f0/datanode-2/data/ratis/8e08a3c8-b922-4d02-9de6-6aa931ac1d3c/current/log_inprogress_1
2021-08-27 12:19:48,083 [grpc-default-executor-4] INFO  server.RaftServer$Division (ServerState.java:setRaftConf(387)) - f890e39a-5838-4db2-99cf-760c0a4a7b9f@group-6AA931AC1D3C: set configuration 0: [dd2b24ff-1eae-4a3e-81dc-b04424e7f942|rpc:10.1.0.9:39127|dataStream:|priority:0, f890e39a-5838-4db2-99cf-760c0a4a7b9f|rpc:10.1.0.9:38659|dataStream:|priority:0, 97469cba-ac70-4b4e-8b1d-7d1e4e3cf9ac|rpc:10.1.0.9:36551|dataStream:|priority:1], old=null
2021-08-27 12:19:48,083 [grpc-default-executor-4] INFO  segmented.SegmentedRaftLogWorker (SegmentedRaftLogWorker.java:startLogSegment(394)) - f890e39a-5838-4db2-99cf-760c0a4a7b9f@group-6AA931AC1D3C-SegmentedRaftLogWorker: Starting segment from index:0
2021-08-27 12:19:48,084 [grpc-default-executor-4] INFO  server.RaftServer$Division (ServerState.java:setRaftConf(387)) - f890e39a-5838-4db2-99cf-760c0a4a7b9f@group-6AA931AC1D3C: set configuration 1: [dd2b24ff-1eae-4a3e-81dc-b04424e7f942|rpc:10.1.0.9:39127|dataStream:|priority:0, f890e39a-5838-4db2-99cf-760c0a4a7b9f|rpc:10.1.0.9:38659|dataStream:|priority:0, 97469cba-ac70-4b4e-8b1d-7d1e4e3cf9ac|rpc:10.1.0.9:36551|dataStream:|priority:1], old=null
2021-08-27 12:19:48,084 [grpc-default-executor-4] INFO  segmented.SegmentedRaftLogWorker (SegmentedRaftLogWorker.java:rollLogSegment(399)) - f890e39a-5838-4db2-99cf-760c0a4a7b9f@group-6AA931AC1D3C-SegmentedRaftLogWorker: Rolling segment log-0_0 to index:0
2021-08-27 12:19:48,098 [f890e39a-5838-4db2-99cf-760c0a4a7b9f@group-6AA931AC1D3C-SegmentedRaftLogWorker] INFO  segmented.SegmentedRaftLogWorker (SegmentedRaftLogWorker.java:execute(601)) - f890e39a-5838-4db2-99cf-760c0a4a7b9f@group-6AA931AC1D3C-SegmentedRaftLogWorker: created new log segment /home/runner/work/ozone/ozone/hadoop-ozone/integration-test/target/test-dir/MiniOzoneClusterImpl-595ad429-f938-4b04-a1e1-fbbc785922f0/datanode-1/data/ratis/8e08a3c8-b922-4d02-9de6-6aa931ac1d3c/current/log_inprogress_0
2021-08-27 12:19:48,104 [f890e39a-5838-4db2-99cf-760c0a4a7b9f@group-6AA931AC1D3C-SegmentedRaftLogWorker] INFO  segmented.SegmentedRaftLogWorker (SegmentedRaftLogWorker.java:execute(558)) - f890e39a-5838-4db2-99cf-760c0a4a7b9f@group-6AA931AC1D3C-SegmentedRaftLogWorker: Rolled log segment from /home/runner/work/ozone/ozone/hadoop-ozone/integration-test/target/test-dir/MiniOzoneClusterImpl-595ad429-f938-4b04-a1e1-fbbc785922f0/datanode-1/data/ratis/8e08a3c8-b922-4d02-9de6-6aa931ac1d3c/current/log_inprogress_0 to /home/runner/work/ozone/ozone/hadoop-ozone/integration-test/target/test-dir/MiniOzoneClusterImpl-595ad429-f938-4b04-a1e1-fbbc785922f0/datanode-1/data/ratis/8e08a3c8-b922-4d02-9de6-6aa931ac1d3c/current/log_0-0
2021-08-27 12:19:48,106 [f890e39a-5838-4db2-99cf-760c0a4a7b9f@group-6AA931AC1D3C-SegmentedRaftLogWorker] INFO  segmented.SegmentedRaftLogWorker (SegmentedRaftLogWorker.java:execute(601)) - f890e39a-5838-4db2-99cf-760c0a4a7b9f@group-6AA931AC1D3C-SegmentedRaftLogWorker: created new log segment /home/runner/work/ozone/ozone/hadoop-ozone/integration-test/target/test-dir/MiniOzoneClusterImpl-595ad429-f938-4b04-a1e1-fbbc785922f0/datanode-1/data/ratis/8e08a3c8-b922-4d02-9de6-6aa931ac1d3c/current/log_inprogress_1
2021-08-27 12:19:48,864 [0bc7842a-14bb-4f31-a0ca-67e37dbbf265@group-73F2619DA9B8-FollowerState] INFO  impl.FollowerState (FollowerState.java:run(134)) - 0bc7842a-14bb-4f31-a0ca-67e37dbbf265@group-73F2619DA9B8-FollowerState: change to CANDIDATE, lastRpcElapsedTime:5012324191ns, electionTimeout:5005ms
2021-08-27 12:19:48,864 [0bc7842a-14bb-4f31-a0ca-67e37dbbf265@group-73F2619DA9B8-FollowerState] INFO  impl.RoleInfo (RoleInfo.java:shutdownFollowerState(108)) - 0bc7842a-14bb-4f31-a0ca-67e37dbbf265: shutdown 0bc7842a-14bb-4f31-a0ca-67e37dbbf265@group-73F2619DA9B8-FollowerState
2021-08-27 12:19:48,864 [0bc7842a-14bb-4f31-a0ca-67e37dbbf265@group-73F2619DA9B8-FollowerState] INFO  server.RaftServer$Division (RaftServerImpl.java:setRole(285)) - 0bc7842a-14bb-4f31-a0ca-67e37dbbf265@group-73F2619DA9B8: changes role from  FOLLOWER to CANDIDATE at term 4 for changeToCandidate
2021-08-27 12:19:48,864 [0bc7842a-14bb-4f31-a0ca-67e37dbbf265@group-73F2619DA9B8-FollowerState] INFO  server.RaftServerConfigKeys (ConfUtils.java:logGet(44)) - raft.server.leaderelection.pre-vote = false (custom)
2021-08-27 12:19:48,864 [0bc7842a-14bb-4f31-a0ca-67e37dbbf265@group-73F2619DA9B8-FollowerState] INFO  impl.RoleInfo (RoleInfo.java:updateAndGet(130)) - 0bc7842a-14bb-4f31-a0ca-67e37dbbf265: start 0bc7842a-14bb-4f31-a0ca-67e37dbbf265@group-73F2619DA9B8-LeaderElection82
2021-08-27 12:19:48,867 [8406e4c7-9c64-45ff-a753-663392bee600@group-73F2619DA9B8-FollowerState] INFO  impl.FollowerState (FollowerState.java:run(134)) - 8406e4c7-9c64-45ff-a753-663392bee600@group-73F2619DA9B8-FollowerState: change to CANDIDATE, lastRpcElapsedTime:5006354392ns, electionTimeout:5004ms
2021-08-27 12:19:48,867 [8406e4c7-9c64-45ff-a753-663392bee600@group-73F2619DA9B8-FollowerState] INFO  impl.RoleInfo (RoleInfo.java:shutdownFollowerState(108)) - 8406e4c7-9c64-45ff-a753-663392bee600: shutdown 8406e4c7-9c64-45ff-a753-663392bee600@group-73F2619DA9B8-FollowerState
2021-08-27 12:19:48,867 [8406e4c7-9c64-45ff-a753-663392bee600@group-73F2619DA9B8-FollowerState] INFO  server.RaftServer$Division (RaftServerImpl.java:setRole(285)) - 8406e4c7-9c64-45ff-a753-663392bee600@group-73F2619DA9B8: changes role from  FOLLOWER to CANDIDATE at term 4 for changeToCandidate
2021-08-27 12:19:48,867 [8406e4c7-9c64-45ff-a753-663392bee600@group-73F2619DA9B8-FollowerState] INFO  server.RaftServerConfigKeys (ConfUtils.java:logGet(44)) - raft.server.leaderelection.pre-vote = false (custom)
2021-08-27 12:19:48,867 [8406e4c7-9c64-45ff-a753-663392bee600@group-73F2619DA9B8-FollowerState] INFO  impl.RoleInfo (RoleInfo.java:updateAndGet(130)) - 8406e4c7-9c64-45ff-a753-663392bee600: start 8406e4c7-9c64-45ff-a753-663392bee600@group-73F2619DA9B8-LeaderElection83
2021-08-27 12:19:48,876 [8406e4c7-9c64-45ff-a753-663392bee600@group-73F2619DA9B8-LeaderElection83] INFO  impl.LeaderElection (LeaderElection.java:askForVotes(306)) - 8406e4c7-9c64-45ff-a753-663392bee600@group-73F2619DA9B8-LeaderElection83 ELECTION round 0: submit vote requests at term 5 for -1: [1627f0ec-3267-4946-a770-cb64d6080904|rpc:10.1.0.9:39909|dataStream:|priority:0, 8406e4c7-9c64-45ff-a753-663392bee600|rpc:10.1.0.9:43903|dataStream:|priority:0, 0bc7842a-14bb-4f31-a0ca-67e37dbbf265|rpc:10.1.0.9:39103|dataStream:|priority:1], old=null
2021-08-27 12:19:48,876 [0bc7842a-14bb-4f31-a0ca-67e37dbbf265@group-73F2619DA9B8-LeaderElection82] INFO  impl.LeaderElection (LeaderElection.java:askForVotes(306)) - 0bc7842a-14bb-4f31-a0ca-67e37dbbf265@group-73F2619DA9B8-LeaderElection82 ELECTION round 0: submit vote requests at term 5 for -1: [1627f0ec-3267-4946-a770-cb64d6080904|rpc:10.1.0.9:39909|dataStream:|priority:0, 8406e4c7-9c64-45ff-a753-663392bee600|rpc:10.1.0.9:43903|dataStream:|priority:0, 0bc7842a-14bb-4f31-a0ca-67e37dbbf265|rpc:10.1.0.9:39103|dataStream:|priority:1], old=null
2021-08-27 12:19:48,881 [grpc-default-executor-0] INFO  server.RaftServer$Division (RaftServerImpl.java:requestVote(1043)) - 0bc7842a-14bb-4f31-a0ca-67e37dbbf265@group-73F2619DA9B8: receive requestVote(ELECTION, 8406e4c7-9c64-45ff-a753-663392bee600, group-73F2619DA9B8, 5, (t:0, i:0))
2021-08-27 12:19:48,881 [grpc-default-executor-0] INFO  impl.VoteContext (VoteContext.java:log(48)) - 0bc7842a-14bb-4f31-a0ca-67e37dbbf265@group-73F2619DA9B8-CANDIDATE: reject ELECTION from 8406e4c7-9c64-45ff-a753-663392bee600: already has voted for 0bc7842a-14bb-4f31-a0ca-67e37dbbf265 at current term 5
2021-08-27 12:19:48,881 [grpc-default-executor-0] INFO  server.RaftServer$Division (RaftServerImpl.java:requestVote(1075)) - 0bc7842a-14bb-4f31-a0ca-67e37dbbf265@group-73F2619DA9B8 replies to ELECTION vote request: 8406e4c7-9c64-45ff-a753-663392bee600<-0bc7842a-14bb-4f31-a0ca-67e37dbbf265#0:FAIL-t5. Peer's state: 0bc7842a-14bb-4f31-a0ca-67e37dbbf265@group-73F2619DA9B8:t5, leader=null, voted=0bc7842a-14bb-4f31-a0ca-67e37dbbf265, raftlog=0bc7842a-14bb-4f31-a0ca-67e37dbbf265@group-73F2619DA9B8-SegmentedRaftLog:OPENED:c-1,f-1,i0, conf=-1: [1627f0ec-3267-4946-a770-cb64d6080904|rpc:10.1.0.9:39909|dataStream:|priority:0, 8406e4c7-9c64-45ff-a753-663392bee600|rpc:10.1.0.9:43903|dataStream:|priority:0, 0bc7842a-14bb-4f31-a0ca-67e37dbbf265|rpc:10.1.0.9:39103|dataStream:|priority:1], old=null
2021-08-27 12:19:48,885 [grpc-default-executor-4] INFO  server.RaftServer$Division (RaftServerImpl.java:requestVote(1043)) - 1627f0ec-3267-4946-a770-cb64d6080904@group-73F2619DA9B8: receive requestVote(ELECTION, 8406e4c7-9c64-45ff-a753-663392bee600, group-73F2619DA9B8, 5, (t:0, i:0))
2021-08-27 12:19:48,885 [grpc-default-executor-4] INFO  impl.VoteContext (VoteContext.java:log(48)) - 1627f0ec-3267-4946-a770-cb64d6080904@group-73F2619DA9B8-FOLLOWER: accept ELECTION from 8406e4c7-9c64-45ff-a753-663392bee600: our priority 0 <= candidate's priority 0
2021-08-27 12:19:48,885 [grpc-default-executor-4] INFO  server.RaftServer$Division (RaftServerImpl.java:setRole(285)) - 1627f0ec-3267-4946-a770-cb64d6080904@group-73F2619DA9B8: changes role from  FOLLOWER to FOLLOWER at term 5 for candidate:8406e4c7-9c64-45ff-a753-663392bee600
2021-08-27 12:19:48,885 [grpc-default-executor-4] INFO  impl.RoleInfo (RoleInfo.java:shutdownFollowerState(108)) - 1627f0ec-3267-4946-a770-cb64d6080904: shutdown 1627f0ec-3267-4946-a770-cb64d6080904@group-73F2619DA9B8-FollowerState
2021-08-27 12:19:48,888 [grpc-default-executor-4] INFO  impl.RoleInfo (RoleInfo.java:updateAndGet(130)) - 1627f0ec-3267-4946-a770-cb64d6080904: start 1627f0ec-3267-4946-a770-cb64d6080904@group-73F2619DA9B8-FollowerState
2021-08-27 12:19:48,890 [1627f0ec-3267-4946-a770-cb64d6080904@group-73F2619DA9B8-FollowerState] INFO  impl.FollowerState (FollowerState.java:run(143)) - 1627f0ec-3267-4946-a770-cb64d6080904@group-73F2619DA9B8-FollowerState was interrupted: {}
java.lang.InterruptedException: sleep interrupted
	at java.lang.Thread.sleep(Native Method)
	at java.lang.Thread.sleep(Thread.java:340)
	at java.util.concurrent.TimeUnit.sleep(TimeUnit.java:386)
	at org.apache.ratis.util.TimeDuration.sleep(TimeDuration.java:324)
	at org.apache.ratis.util.TimeDuration.sleep(TimeDuration.java:309)
	at org.apache.ratis.server.impl.FollowerState.run(FollowerState.java:118)
2021-08-27 12:19:48,891 [grpc-default-executor-2] INFO  server.RaftServer$Division (RaftServerImpl.java:requestVote(1043)) - 1627f0ec-3267-4946-a770-cb64d6080904@group-73F2619DA9B8: receive requestVote(ELECTION, 0bc7842a-14bb-4f31-a0ca-67e37dbbf265, group-73F2619DA9B8, 5, (t:0, i:0))
2021-08-27 12:19:48,892 [grpc-default-executor-4] INFO  server.RaftServer$Division (RaftServerImpl.java:requestVote(1075)) - 1627f0ec-3267-4946-a770-cb64d6080904@group-73F2619DA9B8 replies to ELECTION vote request: 8406e4c7-9c64-45ff-a753-663392bee600<-1627f0ec-3267-4946-a770-cb64d6080904#0:OK-t5. Peer's state: 1627f0ec-3267-4946-a770-cb64d6080904@group-73F2619DA9B8:t5, leader=null, voted=8406e4c7-9c64-45ff-a753-663392bee600, raftlog=1627f0ec-3267-4946-a770-cb64d6080904@group-73F2619DA9B8-SegmentedRaftLog:OPENED:c-1,f-1,i0, conf=-1: [1627f0ec-3267-4946-a770-cb64d6080904|rpc:10.1.0.9:39909|priority:0, 8406e4c7-9c64-45ff-a753-663392bee600|rpc:10.1.0.9:43903|priority:0, 0bc7842a-14bb-4f31-a0ca-67e37dbbf265|rpc:10.1.0.9:39103|priority:1], old=null
2021-08-27 12:19:48,893 [grpc-default-executor-2] INFO  impl.VoteContext (VoteContext.java:log(48)) - 1627f0ec-3267-4946-a770-cb64d6080904@group-73F2619DA9B8-FOLLOWER: reject ELECTION from 0bc7842a-14bb-4f31-a0ca-67e37dbbf265: already has voted for 8406e4c7-9c64-45ff-a753-663392bee600 at current term 5
2021-08-27 12:19:48,893 [grpc-default-executor-2] INFO  server.RaftServer$Division (RaftServerImpl.java:requestVote(1075)) - 1627f0ec-3267-4946-a770-cb64d6080904@group-73F2619DA9B8 replies to ELECTION vote request: 0bc7842a-14bb-4f31-a0ca-67e37dbbf265<-1627f0ec-3267-4946-a770-cb64d6080904#0:FAIL-t5. Peer's state: 1627f0ec-3267-4946-a770-cb64d6080904@group-73F2619DA9B8:t5, leader=null, voted=8406e4c7-9c64-45ff-a753-663392bee600, raftlog=1627f0ec-3267-4946-a770-cb64d6080904@group-73F2619DA9B8-SegmentedRaftLog:OPENED:c-1,f-1,i0, conf=-1: [1627f0ec-3267-4946-a770-cb64d6080904|rpc:10.1.0.9:39909|priority:0, 8406e4c7-9c64-45ff-a753-663392bee600|rpc:10.1.0.9:43903|priority:0, 0bc7842a-14bb-4f31-a0ca-67e37dbbf265|rpc:10.1.0.9:39103|priority:1], old=null
2021-08-27 12:19:48,893 [grpc-default-executor-2] INFO  server.RaftServer$Division (RaftServerImpl.java:requestVote(1043)) - 8406e4c7-9c64-45ff-a753-663392bee600@group-73F2619DA9B8: receive requestVote(ELECTION, 0bc7842a-14bb-4f31-a0ca-67e37dbbf265, group-73F2619DA9B8, 5, (t:0, i:0))
2021-08-27 12:19:48,894 [grpc-default-executor-2] INFO  impl.VoteContext (VoteContext.java:log(48)) - 8406e4c7-9c64-45ff-a753-663392bee600@group-73F2619DA9B8-CANDIDATE: reject ELECTION from 0bc7842a-14bb-4f31-a0ca-67e37dbbf265: already has voted for 8406e4c7-9c64-45ff-a753-663392bee600 at current term 5
2021-08-27 12:19:48,894 [grpc-default-executor-2] INFO  server.RaftServer$Division (RaftServerImpl.java:requestVote(1075)) - 8406e4c7-9c64-45ff-a753-663392bee600@group-73F2619DA9B8 replies to ELECTION vote request: 0bc7842a-14bb-4f31-a0ca-67e37dbbf265<-8406e4c7-9c64-45ff-a753-663392bee600#0:FAIL-t5. Peer's state: 8406e4c7-9c64-45ff-a753-663392bee600@group-73F2619DA9B8:t5, leader=null, voted=8406e4c7-9c64-45ff-a753-663392bee600, raftlog=8406e4c7-9c64-45ff-a753-663392bee600@group-73F2619DA9B8-SegmentedRaftLog:OPENED:c-1,f-1,i0, conf=-1: [1627f0ec-3267-4946-a770-cb64d6080904|rpc:10.1.0.9:39909|dataStream:|priority:0, 8406e4c7-9c64-45ff-a753-663392bee600|rpc:10.1.0.9:43903|dataStream:|priority:0, 0bc7842a-14bb-4f31-a0ca-67e37dbbf265|rpc:10.1.0.9:39103|dataStream:|priority:1], old=null
2021-08-27 12:19:48,913 [0bc7842a-14bb-4f31-a0ca-67e37dbbf265@group-73F2619DA9B8-LeaderElection82] INFO  impl.LeaderElection (LeaderElection.java:logAndReturn(89)) - 0bc7842a-14bb-4f31-a0ca-67e37dbbf265@group-73F2619DA9B8-LeaderElection82: ELECTION REJECTED received 2 response(s) and 0 exception(s):
2021-08-27 12:19:48,913 [0bc7842a-14bb-4f31-a0ca-67e37dbbf265@group-73F2619DA9B8-LeaderElection82] INFO  impl.LeaderElection (LeaderElection.java:logAndReturn(93)) -   Response 0: 0bc7842a-14bb-4f31-a0ca-67e37dbbf265<-1627f0ec-3267-4946-a770-cb64d6080904#0:FAIL-t5
2021-08-27 12:19:48,913 [0bc7842a-14bb-4f31-a0ca-67e37dbbf265@group-73F2619DA9B8-LeaderElection82] INFO  impl.LeaderElection (LeaderElection.java:logAndReturn(93)) -   Response 1: 0bc7842a-14bb-4f31-a0ca-67e37dbbf265<-8406e4c7-9c64-45ff-a753-663392bee600#0:FAIL-t5
2021-08-27 12:19:48,913 [0bc7842a-14bb-4f31-a0ca-67e37dbbf265@group-73F2619DA9B8-LeaderElection82] INFO  impl.LeaderElection (LeaderElection.java:askForVotes(308)) - 0bc7842a-14bb-4f31-a0ca-67e37dbbf265@group-73F2619DA9B8-LeaderElection82 ELECTION round 0: result REJECTED
2021-08-27 12:19:48,913 [0bc7842a-14bb-4f31-a0ca-67e37dbbf265@group-73F2619DA9B8-LeaderElection82] INFO  server.RaftServer$Division (RaftServerImpl.java:setRole(285)) - 0bc7842a-14bb-4f31-a0ca-67e37dbbf265@group-73F2619DA9B8: changes role from CANDIDATE to FOLLOWER at term 5 for REJECTED
2021-08-27 12:19:48,913 [0bc7842a-14bb-4f31-a0ca-67e37dbbf265@group-73F2619DA9B8-LeaderElection82] INFO  impl.RoleInfo (RoleInfo.java:shutdownLeaderElection(121)) - 0bc7842a-14bb-4f31-a0ca-67e37dbbf265: shutdown 0bc7842a-14bb-4f31-a0ca-67e37dbbf265@group-73F2619DA9B8-LeaderElection82
2021-08-27 12:19:48,913 [0bc7842a-14bb-4f31-a0ca-67e37dbbf265@group-73F2619DA9B8-LeaderElection82] INFO  impl.RoleInfo (RoleInfo.java:updateAndGet(130)) - 0bc7842a-14bb-4f31-a0ca-67e37dbbf265: start 0bc7842a-14bb-4f31-a0ca-67e37dbbf265@group-73F2619DA9B8-FollowerState
2021-08-27 12:19:48,913 [8406e4c7-9c64-45ff-a753-663392bee600@group-73F2619DA9B8-LeaderElection83] INFO  impl.LeaderElection (LeaderElection.java:logAndReturn(89)) - 8406e4c7-9c64-45ff-a753-663392bee600@group-73F2619DA9B8-LeaderElection83: ELECTION REJECTED received 2 response(s) and 0 exception(s):
2021-08-27 12:19:48,913 [8406e4c7-9c64-45ff-a753-663392bee600@group-73F2619DA9B8-LeaderElection83] INFO  impl.LeaderElection (LeaderElection.java:logAndReturn(93)) -   Response 0: 8406e4c7-9c64-45ff-a753-663392bee600<-1627f0ec-3267-4946-a770-cb64d6080904#0:OK-t5
2021-08-27 12:19:48,914 [8406e4c7-9c64-45ff-a753-663392bee600@group-73F2619DA9B8-LeaderElection83] INFO  impl.LeaderElection (LeaderElection.java:logAndReturn(93)) -   Response 1: 8406e4c7-9c64-45ff-a753-663392bee600<-0bc7842a-14bb-4f31-a0ca-67e37dbbf265#0:FAIL-t5
2021-08-27 12:19:48,921 [8406e4c7-9c64-45ff-a753-663392bee600@group-73F2619DA9B8-LeaderElection83] INFO  impl.LeaderElection (LeaderElection.java:askForVotes(308)) - 8406e4c7-9c64-45ff-a753-663392bee600@group-73F2619DA9B8-LeaderElection83 ELECTION round 0: result REJECTED
2021-08-27 12:19:48,921 [8406e4c7-9c64-45ff-a753-663392bee600@group-73F2619DA9B8-LeaderElection83] INFO  server.RaftServer$Division (RaftServerImpl.java:setRole(285)) - 8406e4c7-9c64-45ff-a753-663392bee600@group-73F2619DA9B8: changes role from CANDIDATE to FOLLOWER at term 5 for REJECTED
2021-08-27 12:19:48,921 [8406e4c7-9c64-45ff-a753-663392bee600@group-73F2619DA9B8-LeaderElection83] INFO  impl.RoleInfo (RoleInfo.java:shutdownLeaderElection(121)) - 8406e4c7-9c64-45ff-a753-663392bee600: shutdown 8406e4c7-9c64-45ff-a753-663392bee600@group-73F2619DA9B8-LeaderElection83
2021-08-27 12:19:48,921 [8406e4c7-9c64-45ff-a753-663392bee600@group-73F2619DA9B8-LeaderElection83] INFO  impl.RoleInfo (RoleInfo.java:updateAndGet(130)) - 8406e4c7-9c64-45ff-a753-663392bee600: start 8406e4c7-9c64-45ff-a753-663392bee600@group-73F2619DA9B8-FollowerState
2021-08-27 12:19:49,635 [Listener at 127.0.0.1/43833] INFO  ozoneimpl.OzoneContainer (OzoneContainer.java:stop(326)) - Attempting to stop container services.
2021-08-27 12:19:49,636 [Listener at 127.0.0.1/43833] INFO  server.RaftServer (RaftServerProxy.java:lambda$close$6(391)) - 8406e4c7-9c64-45ff-a753-663392bee600: close
2021-08-27 12:19:49,636 [Listener at 127.0.0.1/43833] INFO  server.RaftServer$Division (RaftServerImpl.java:lambda$close$4(407)) - 8406e4c7-9c64-45ff-a753-663392bee600@group-71BB057E84DB: shutdown
2021-08-27 12:19:49,636 [Listener at 127.0.0.1/43833] INFO  util.JmxRegister (JmxRegister.java:unregister(73)) - Successfully un-registered JMX Bean with object name Ratis:service=RaftServer,group=group-71BB057E84DB,id=8406e4c7-9c64-45ff-a753-663392bee600
2021-08-27 12:19:49,636 [Listener at 127.0.0.1/43833] INFO  impl.RoleInfo (RoleInfo.java:shutdownLeaderState(91)) - 8406e4c7-9c64-45ff-a753-663392bee600: shutdown 8406e4c7-9c64-45ff-a753-663392bee600@group-71BB057E84DB-LeaderStateImpl
2021-08-27 12:19:49,636 [Listener at 127.0.0.1/43833] INFO  impl.PendingRequests (PendingRequests.java:sendNotLeaderResponses(282)) - 8406e4c7-9c64-45ff-a753-663392bee600@group-71BB057E84DB-PendingRequests: sendNotLeaderResponses
2021-08-27 12:19:49,638 [ForkJoinPool.commonPool-worker-1] INFO  ozoneimpl.OzoneContainer (OzoneContainer.java:stop(326)) - Attempting to stop container services.
2021-08-27 12:19:49,638 [8406e4c7-9c64-45ff-a753-663392bee600@group-71BB057E84DB-StateMachineUpdater] INFO  ratis.ContainerStateMachine (ContainerStateMachine.java:takeSnapshot(292)) - group-71BB057E84DB: Taking a snapshot at:(t:1, i:0) file /home/runner/work/ozone/ozone/hadoop-ozone/integration-test/target/test-dir/MiniOzoneClusterImpl-595ad429-f938-4b04-a1e1-fbbc785922f0/datanode-4/data/ratis/b587afb6-e83e-4169-8ffb-71bb057e84db/sm/snapshot.1_0
2021-08-27 12:19:49,638 [ForkJoinPool.commonPool-worker-1] INFO  server.RaftServer (RaftServerProxy.java:lambda$close$6(391)) - dd2b24ff-1eae-4a3e-81dc-b04424e7f942: close
2021-08-27 12:19:49,638 [ForkJoinPool.commonPool-worker-1] INFO  server.RaftServer$Division (RaftServerImpl.java:lambda$close$4(407)) - dd2b24ff-1eae-4a3e-81dc-b04424e7f942@group-4BA538602507: shutdown
2021-08-27 12:19:49,638 [ForkJoinPool.commonPool-worker-1] INFO  util.JmxRegister (JmxRegister.java:unregister(73)) - Successfully un-registered JMX Bean with object name Ratis:service=RaftServer,group=group-4BA538602507,id=dd2b24ff-1eae-4a3e-81dc-b04424e7f942
2021-08-27 12:19:49,638 [ForkJoinPool.commonPool-worker-1] INFO  impl.RoleInfo (RoleInfo.java:shutdownLeaderState(91)) - dd2b24ff-1eae-4a3e-81dc-b04424e7f942: shutdown dd2b24ff-1eae-4a3e-81dc-b04424e7f942@group-4BA538602507-LeaderStateImpl
2021-08-27 12:19:49,639 [ForkJoinPool.commonPool-worker-1] INFO  impl.PendingRequests (PendingRequests.java:sendNotLeaderResponses(282)) - dd2b24ff-1eae-4a3e-81dc-b04424e7f942@group-4BA538602507-PendingRequests: sendNotLeaderResponses
2021-08-27 12:19:49,639 [8406e4c7-9c64-45ff-a753-663392bee600@group-71BB057E84DB-StateMachineUpdater] INFO  ratis.ContainerStateMachine (ContainerStateMachine.java:takeSnapshot(303)) - group-71BB057E84DB: Finished taking a snapshot at:(t:1, i:0) file:/home/runner/work/ozone/ozone/hadoop-ozone/integration-test/target/test-dir/MiniOzoneClusterImpl-595ad429-f938-4b04-a1e1-fbbc785922f0/datanode-4/data/ratis/b587afb6-e83e-4169-8ffb-71bb057e84db/sm/snapshot.1_0 took: 2 ms
2021-08-27 12:19:49,639 [8406e4c7-9c64-45ff-a753-663392bee600@group-71BB057E84DB-StateMachineUpdater] INFO  impl.StateMachineUpdater (StateMachineUpdater.java:takeSnapshot(281)) - 8406e4c7-9c64-45ff-a753-663392bee600@group-71BB057E84DB-StateMachineUpdater: Took a snapshot at index 0
2021-08-27 12:19:49,639 [8406e4c7-9c64-45ff-a753-663392bee600@group-71BB057E84DB-StateMachineUpdater] INFO  impl.StateMachineUpdater (StateMachineUpdater.java:lambda$new$0(89)) - 8406e4c7-9c64-45ff-a753-663392bee600@group-71BB057E84DB-StateMachineUpdater: snapshotIndex: updateIncreasingly -1 -> 0
2021-08-27 12:19:49,640 [ForkJoinPool.commonPool-worker-1] INFO  impl.StateMachineUpdater (StateMachineUpdater.java:stopAndJoin(149)) - dd2b24ff-1eae-4a3e-81dc-b04424e7f942@group-4BA538602507-StateMachineUpdater: set stopIndex = 0
2021-08-27 12:19:49,640 [dd2b24ff-1eae-4a3e-81dc-b04424e7f942@group-4BA538602507-StateMachineUpdater] INFO  ratis.ContainerStateMachine (ContainerStateMachine.java:takeSnapshot(292)) - group-4BA538602507: Taking a snapshot at:(t:1, i:0) file /home/runner/work/ozone/ozone/hadoop-ozone/integration-test/target/test-dir/MiniOzoneClusterImpl-595ad429-f938-4b04-a1e1-fbbc785922f0/datanode-2/data/ratis/61a619c2-92f5-4d96-96f4-4ba538602507/sm/snapshot.1_0
2021-08-27 12:19:49,641 [dd2b24ff-1eae-4a3e-81dc-b04424e7f942@group-4BA538602507-StateMachineUpdater] INFO  ratis.ContainerStateMachine (ContainerStateMachine.java:takeSnapshot(303)) - group-4BA538602507: Finished taking a snapshot at:(t:1, i:0) file:/home/runner/work/ozone/ozone/hadoop-ozone/integration-test/target/test-dir/MiniOzoneClusterImpl-595ad429-f938-4b04-a1e1-fbbc785922f0/datanode-2/data/ratis/61a619c2-92f5-4d96-96f4-4ba538602507/sm/snapshot.1_0 took: 0 ms
2021-08-27 12:19:49,641 [dd2b24ff-1eae-4a3e-81dc-b04424e7f942@group-4BA538602507-StateMachineUpdater] INFO  impl.StateMachineUpdater (StateMachineUpdater.java:takeSnapshot(281)) - dd2b24ff-1eae-4a3e-81dc-b04424e7f942@group-4BA538602507-StateMachineUpdater: Took a snapshot at index 0
2021-08-27 12:19:49,641 [dd2b24ff-1eae-4a3e-81dc-b04424e7f942@group-4BA538602507-StateMachineUpdater] INFO  impl.StateMachineUpdater (StateMachineUpdater.java:lambda$new$0(89)) - dd2b24ff-1eae-4a3e-81dc-b04424e7f942@group-4BA538602507-StateMachineUpdater: snapshotIndex: updateIncreasingly -1 -> 0
2021-08-27 12:19:49,644 [ForkJoinPool.commonPool-worker-1] INFO  server.RaftServer$Division (ServerState.java:close(419)) - dd2b24ff-1eae-4a3e-81dc-b04424e7f942@group-4BA538602507: closes. applyIndex: 0
2021-08-27 12:19:49,644 [Listener at 127.0.0.1/43833] INFO  impl.StateMachineUpdater (StateMachineUpdater.java:stopAndJoin(149)) - 8406e4c7-9c64-45ff-a753-663392bee600@group-71BB057E84DB-StateMachineUpdater: set stopIndex = 0
2021-08-27 12:19:49,645 [Listener at 127.0.0.1/43833] INFO  server.RaftServer$Division (ServerState.java:close(419)) - 8406e4c7-9c64-45ff-a753-663392bee600@group-71BB057E84DB: closes. applyIndex: 0
2021-08-27 12:19:49,645 [8406e4c7-9c64-45ff-a753-663392bee600@group-71BB057E84DB-SegmentedRaftLogWorker] INFO  segmented.SegmentedRaftLogWorker (SegmentedRaftLogWorker.java:run(327)) - 8406e4c7-9c64-45ff-a753-663392bee600@group-71BB057E84DB-SegmentedRaftLogWorker was interrupted, exiting. There are 0 tasks remaining in the queue.
2021-08-27 12:19:49,645 [dd2b24ff-1eae-4a3e-81dc-b04424e7f942@group-4BA538602507-SegmentedRaftLogWorker] INFO  segmented.SegmentedRaftLogWorker (SegmentedRaftLogWorker.java:run(327)) - dd2b24ff-1eae-4a3e-81dc-b04424e7f942@group-4BA538602507-SegmentedRaftLogWorker was interrupted, exiting. There are 0 tasks remaining in the queue.
2021-08-27 12:19:49,651 [Listener at 127.0.0.1/43833] INFO  segmented.SegmentedRaftLogWorker (SegmentedRaftLogWorker.java:close(237)) - 8406e4c7-9c64-45ff-a753-663392bee600@group-71BB057E84DB-SegmentedRaftLogWorker close()
2021-08-27 12:19:49,651 [ForkJoinPool.commonPool-worker-1] INFO  segmented.SegmentedRaftLogWorker (SegmentedRaftLogWorker.java:close(237)) - dd2b24ff-1eae-4a3e-81dc-b04424e7f942@group-4BA538602507-SegmentedRaftLogWorker close()
2021-08-27 12:19:49,660 [ForkJoinPool.commonPool-worker-1] INFO  server.RaftServer$Division (RaftServerImpl.java:lambda$close$4(407)) - dd2b24ff-1eae-4a3e-81dc-b04424e7f942@group-6AA931AC1D3C: shutdown
2021-08-27 12:19:49,660 [ForkJoinPool.commonPool-worker-1] INFO  util.JmxRegister (JmxRegister.java:unregister(73)) - Successfully un-registered JMX Bean with object name Ratis:service=RaftServer,group=group-6AA931AC1D3C,id=dd2b24ff-1eae-4a3e-81dc-b04424e7f942
2021-08-27 12:19:49,660 [ForkJoinPool.commonPool-worker-1] INFO  impl.RoleInfo (RoleInfo.java:shutdownFollowerState(108)) - dd2b24ff-1eae-4a3e-81dc-b04424e7f942: shutdown dd2b24ff-1eae-4a3e-81dc-b04424e7f942@group-6AA931AC1D3C-FollowerState
2021-08-27 12:19:49,660 [ForkJoinPool.commonPool-worker-1] INFO  impl.StateMachineUpdater (StateMachineUpdater.java:stopAndJoin(149)) - dd2b24ff-1eae-4a3e-81dc-b04424e7f942@group-6AA931AC1D3C-StateMachineUpdater: set stopIndex = 1
2021-08-27 12:19:49,660 [dd2b24ff-1eae-4a3e-81dc-b04424e7f942@group-6AA931AC1D3C-FollowerState] INFO  impl.FollowerState (FollowerState.java:run(143)) - dd2b24ff-1eae-4a3e-81dc-b04424e7f942@group-6AA931AC1D3C-FollowerState was interrupted: {}
java.lang.InterruptedException: sleep interrupted
	at java.lang.Thread.sleep(Native Method)
	at java.lang.Thread.sleep(Thread.java:340)
	at java.util.concurrent.TimeUnit.sleep(TimeUnit.java:386)
	at org.apache.ratis.util.TimeDuration.sleep(TimeDuration.java:324)
	at org.apache.ratis.util.TimeDuration.sleep(TimeDuration.java:309)
	at org.apache.ratis.server.impl.FollowerState.run(FollowerState.java:118)
2021-08-27 12:19:49,660 [Listener at 127.0.0.1/43833] INFO  server.RaftServer$Division (RaftServerImpl.java:lambda$close$4(407)) - 8406e4c7-9c64-45ff-a753-663392bee600@group-73F2619DA9B8: shutdown
2021-08-27 12:19:49,660 [Listener at 127.0.0.1/43833] INFO  util.JmxRegister (JmxRegister.java:unregister(73)) - Successfully un-registered JMX Bean with object name Ratis:service=RaftServer,group=group-73F2619DA9B8,id=8406e4c7-9c64-45ff-a753-663392bee600
2021-08-27 12:19:49,661 [Listener at 127.0.0.1/43833] INFO  impl.RoleInfo (RoleInfo.java:shutdownFollowerState(108)) - 8406e4c7-9c64-45ff-a753-663392bee600: shutdown 8406e4c7-9c64-45ff-a753-663392bee600@group-73F2619DA9B8-FollowerState
2021-08-27 12:19:49,661 [8406e4c7-9c64-45ff-a753-663392bee600@group-73F2619DA9B8-FollowerState] INFO  impl.FollowerState (FollowerState.java:run(143)) - 8406e4c7-9c64-45ff-a753-663392bee600@group-73F2619DA9B8-FollowerState was interrupted: {}
java.lang.InterruptedException: sleep interrupted
	at java.lang.Thread.sleep(Native Method)
	at java.lang.Thread.sleep(Thread.java:340)
	at java.util.concurrent.TimeUnit.sleep(TimeUnit.java:386)
	at org.apache.ratis.util.TimeDuration.sleep(TimeDuration.java:324)
	at org.apache.ratis.util.TimeDuration.sleep(TimeDuration.java:309)
	at org.apache.ratis.server.impl.FollowerState.run(FollowerState.java:118)
2021-08-27 12:19:49,661 [Listener at 127.0.0.1/43833] INFO  impl.StateMachineUpdater (StateMachineUpdater.java:stopAndJoin(149)) - 8406e4c7-9c64-45ff-a753-663392bee600@group-73F2619DA9B8-StateMachineUpdater: set stopIndex = -1
2021-08-27 12:19:49,662 [dd2b24ff-1eae-4a3e-81dc-b04424e7f942@group-6AA931AC1D3C-StateMachineUpdater] INFO  ratis.ContainerStateMachine (ContainerStateMachine.java:takeSnapshot(292)) - group-6AA931AC1D3C: Taking a snapshot at:(t:6, i:1) file /home/runner/work/ozone/ozone/hadoop-ozone/integration-test/target/test-dir/MiniOzoneClusterImpl-595ad429-f938-4b04-a1e1-fbbc785922f0/datanode-2/data/ratis/8e08a3c8-b922-4d02-9de6-6aa931ac1d3c/sm/snapshot.6_1
2021-08-27 12:19:49,663 [dd2b24ff-1eae-4a3e-81dc-b04424e7f942@group-6AA931AC1D3C-StateMachineUpdater] INFO  ratis.ContainerStateMachine (ContainerStateMachine.java:takeSnapshot(303)) - group-6AA931AC1D3C: Finished taking a snapshot at:(t:6, i:1) file:/home/runner/work/ozone/ozone/hadoop-ozone/integration-test/target/test-dir/MiniOzoneClusterImpl-595ad429-f938-4b04-a1e1-fbbc785922f0/datanode-2/data/ratis/8e08a3c8-b922-4d02-9de6-6aa931ac1d3c/sm/snapshot.6_1 took: 1 ms
2021-08-27 12:19:49,663 [dd2b24ff-1eae-4a3e-81dc-b04424e7f942@group-6AA931AC1D3C-StateMachineUpdater] INFO  impl.StateMachineUpdater (StateMachineUpdater.java:takeSnapshot(281)) - dd2b24ff-1eae-4a3e-81dc-b04424e7f942@group-6AA931AC1D3C-StateMachineUpdater: Took a snapshot at index 1
2021-08-27 12:19:49,663 [dd2b24ff-1eae-4a3e-81dc-b04424e7f942@group-6AA931AC1D3C-StateMachineUpdater] INFO  impl.StateMachineUpdater (StateMachineUpdater.java:lambda$new$0(89)) - dd2b24ff-1eae-4a3e-81dc-b04424e7f942@group-6AA931AC1D3C-StateMachineUpdater: snapshotIndex: updateIncreasingly -1 -> 1
2021-08-27 12:19:49,665 [ForkJoinPool.commonPool-worker-1] INFO  server.RaftServer$Division (ServerState.java:close(419)) - dd2b24ff-1eae-4a3e-81dc-b04424e7f942@group-6AA931AC1D3C: closes. applyIndex: 1
2021-08-27 12:19:49,665 [dd2b24ff-1eae-4a3e-81dc-b04424e7f942@group-6AA931AC1D3C-SegmentedRaftLogWorker] INFO  segmented.SegmentedRaftLogWorker (SegmentedRaftLogWorker.java:run(327)) - dd2b24ff-1eae-4a3e-81dc-b04424e7f942@group-6AA931AC1D3C-SegmentedRaftLogWorker was interrupted, exiting. There are 0 tasks remaining in the queue.
2021-08-27 12:19:49,666 [ForkJoinPool.commonPool-worker-1] INFO  segmented.SegmentedRaftLogWorker (SegmentedRaftLogWorker.java:close(237)) - dd2b24ff-1eae-4a3e-81dc-b04424e7f942@group-6AA931AC1D3C-SegmentedRaftLogWorker close()
2021-08-27 12:19:49,668 [ForkJoinPool.commonPool-worker-1] INFO  server.GrpcService (GrpcService.java:closeImpl(262)) - dd2b24ff-1eae-4a3e-81dc-b04424e7f942: shutdown server with port 39127 now
2021-08-27 12:19:49,676 [Listener at 127.0.0.1/43833] INFO  server.RaftServer$Division (ServerState.java:close(419)) - 8406e4c7-9c64-45ff-a753-663392bee600@group-73F2619DA9B8: closes. applyIndex: -1
2021-08-27 12:19:49,676 [8406e4c7-9c64-45ff-a753-663392bee600@group-73F2619DA9B8-SegmentedRaftLogWorker] INFO  segmented.SegmentedRaftLogWorker (SegmentedRaftLogWorker.java:run(327)) - 8406e4c7-9c64-45ff-a753-663392bee600@group-73F2619DA9B8-SegmentedRaftLogWorker was interrupted, exiting. There are 0 tasks remaining in the queue.
2021-08-27 12:19:49,677 [Listener at 127.0.0.1/43833] INFO  segmented.SegmentedRaftLogWorker (SegmentedRaftLogWorker.java:close(237)) - 8406e4c7-9c64-45ff-a753-663392bee600@group-73F2619DA9B8-SegmentedRaftLogWorker close()
2021-08-27 12:19:49,683 [grpc-default-executor-4] WARN  server.GrpcServerProtocolService (LogUtils.java:warn(122)) - dd2b24ff-1eae-4a3e-81dc-b04424e7f942: installSnapshot onError, lastRequest: 97469cba-ac70-4b4e-8b1d-7d1e4e3cf9ac->dd2b24ff-1eae-4a3e-81dc-b04424e7f942#4-t6,previous=(t:6, i:1),leaderCommit=1,initializing? true,entries: size=1, first=(t:6, i:2), METADATAENTRY(c:1): org.apache.ratis.thirdparty.io.grpc.StatusRuntimeException: CANCELLED: client cancelled
2021-08-27 12:19:49,683 [grpc-default-executor-0] WARN  server.GrpcLogAppender (LogUtils.java:warn(122)) - 97469cba-ac70-4b4e-8b1d-7d1e4e3cf9ac@group-6AA931AC1D3C->dd2b24ff-1eae-4a3e-81dc-b04424e7f942-AppendLogResponseHandler: Failed appendEntries: org.apache.ratis.thirdparty.io.grpc.StatusRuntimeException: CANCELLED: HTTP/2 error code: CANCEL
Received Rst Stream
2021-08-27 12:19:49,683 [grpc-default-executor-0] INFO  leader.FollowerInfo (FollowerInfoImpl.java:lambda$new$0(46)) - 97469cba-ac70-4b4e-8b1d-7d1e4e3cf9ac@group-6AA931AC1D3C->dd2b24ff-1eae-4a3e-81dc-b04424e7f942: nextIndex: updateUnconditionally 3 -> 2
2021-08-27 12:19:49,690 [Listener at 127.0.0.1/43833] INFO  server.GrpcService (GrpcService.java:closeImpl(262)) - 8406e4c7-9c64-45ff-a753-663392bee600: shutdown server with port 43903 now
2021-08-27 12:19:49,707 [ForkJoinPool.commonPool-worker-1] INFO  server.GrpcService (GrpcService.java:closeImpl(271)) - dd2b24ff-1eae-4a3e-81dc-b04424e7f942: shutdown server with port 39127 successfully
2021-08-27 12:19:49,707 [org.apache.ratis.util.JvmPauseMonitor$$Lambda$531/1692429552@265d36de] INFO  util.JvmPauseMonitor (JvmPauseMonitor.java:run(109)) - JvmPauseMonitor-dd2b24ff-1eae-4a3e-81dc-b04424e7f942: Stopped
2021-08-27 12:19:49,711 [grpc-default-executor-0] WARN  server.GrpcLogAppender (LogUtils.java:warn(122)) - 97469cba-ac70-4b4e-8b1d-7d1e4e3cf9ac@group-6AA931AC1D3C->dd2b24ff-1eae-4a3e-81dc-b04424e7f942-AppendLogResponseHandler: Failed appendEntries: org.apache.ratis.thirdparty.io.grpc.StatusRuntimeException: UNAVAILABLE: io exception
2021-08-27 12:19:49,711 [grpc-default-executor-0] INFO  leader.FollowerInfo (FollowerInfoImpl.java:lambda$new$0(46)) - 97469cba-ac70-4b4e-8b1d-7d1e4e3cf9ac@group-6AA931AC1D3C->dd2b24ff-1eae-4a3e-81dc-b04424e7f942: nextIndex: updateUnconditionally 3 -> 2
2021-08-27 12:19:49,719 [Listener at 127.0.0.1/43833] INFO  server.GrpcService (GrpcService.java:closeImpl(271)) - 8406e4c7-9c64-45ff-a753-663392bee600: shutdown server with port 43903 successfully
2021-08-27 12:19:49,719 [org.apache.ratis.util.JvmPauseMonitor$$Lambda$531/1692429552@1ba5e774] INFO  util.JvmPauseMonitor (JvmPauseMonitor.java:run(109)) - JvmPauseMonitor-8406e4c7-9c64-45ff-a753-663392bee600: Stopped
2021-08-27 12:19:49,721 [ForkJoinPool.commonPool-worker-1] INFO  utils.BackgroundService (BackgroundService.java:shutdown(132)) - Shutting down service BlockDeletingService
2021-08-27 12:19:49,734 [Listener at 127.0.0.1/43833] INFO  utils.BackgroundService (BackgroundService.java:shutdown(132)) - Shutting down service BlockDeletingService
2021-08-27 12:19:50,673 [grpc-default-executor-0] WARN  server.GrpcLogAppender (LogUtils.java:warn(122)) - 97469cba-ac70-4b4e-8b1d-7d1e4e3cf9ac@group-6AA931AC1D3C->dd2b24ff-1eae-4a3e-81dc-b04424e7f942-AppendLogResponseHandler: Failed appendEntries: org.apache.ratis.thirdparty.io.grpc.StatusRuntimeException: UNAVAILABLE: io exception
2021-08-27 12:19:50,674 [grpc-default-executor-0] INFO  leader.FollowerInfo (FollowerInfoImpl.java:lambda$new$0(46)) - 97469cba-ac70-4b4e-8b1d-7d1e4e3cf9ac@group-6AA931AC1D3C->dd2b24ff-1eae-4a3e-81dc-b04424e7f942: nextIndex: updateUnconditionally 3 -> 2
2021-08-27 12:19:52,727 [ForkJoinPool.commonPool-worker-1] INFO  statemachine.DatanodeStateMachine (DatanodeStateMachine.java:stopDaemon(515)) - Ozone container server stopped.
2021-08-27 12:19:52,730 [ForkJoinPool.commonPool-worker-1] INFO  handler.ContextHandler (ContextHandler.java:doStop(1153)) - Stopped o.e.j.w.WebAppContext@1366a852{hddsDatanode,/,null,STOPPED}{jar:file:/home/runner/.m2/repository/org/apache/ozone/hdds-container-service/1.2.0-SNAPSHOT/hdds-container-service-1.2.0-SNAPSHOT.jar!/webapps/hddsDatanode}
2021-08-27 12:19:52,730 [ForkJoinPool.commonPool-worker-1] INFO  server.AbstractConnector (AbstractConnector.java:doStop(381)) - Stopped ServerConnector@5a68ad9f{HTTP/1.1, (http/1.1)}{0.0.0.0:0}
2021-08-27 12:19:52,730 [ForkJoinPool.commonPool-worker-1] INFO  server.session (HouseKeeper.java:stopScavenging(149)) - node0 Stopped scavenging
2021-08-27 12:19:52,732 [ForkJoinPool.commonPool-worker-1] INFO  handler.ContextHandler (ContextHandler.java:doStop(1153)) - Stopped o.e.j.s.ServletContextHandler@6d954f5a{static,/static,jar:file:/home/runner/.m2/repository/org/apache/ozone/hdds-container-service/1.2.0-SNAPSHOT/hdds-container-service-1.2.0-SNAPSHOT.jar!/webapps/static,STOPPED}
2021-08-27 12:19:52,735 [ForkJoinPool.commonPool-worker-1] INFO  handler.ContextHandler (ContextHandler.java:doStop(1153)) - Stopped o.e.j.s.ServletContextHandler@1c06d3b6{logs,/logs,file:///home/runner/work/ozone/ozone/hadoop-ozone/integration-test/target/log,STOPPED}
2021-08-27 12:19:52,752 [Listener at 127.0.0.1/43833] INFO  statemachine.DatanodeStateMachine (DatanodeStateMachine.java:stopDaemon(515)) - Ozone container server stopped.
2021-08-27 12:19:52,753 [Listener at 127.0.0.1/43833] INFO  handler.ContextHandler (ContextHandler.java:doStop(1153)) - Stopped o.e.j.w.WebAppContext@3346245e{hddsDatanode,/,null,STOPPED}{jar:file:/home/runner/.m2/repository/org/apache/ozone/hdds-container-service/1.2.0-SNAPSHOT/hdds-container-service-1.2.0-SNAPSHOT.jar!/webapps/hddsDatanode}
2021-08-27 12:19:52,753 [Listener at 127.0.0.1/43833] INFO  server.AbstractConnector (AbstractConnector.java:doStop(381)) - Stopped ServerConnector@3aee36c6{HTTP/1.1, (http/1.1)}{0.0.0.0:0}
2021-08-27 12:19:52,754 [Listener at 127.0.0.1/43833] INFO  server.session (HouseKeeper.java:stopScavenging(149)) - node0 Stopped scavenging
2021-08-27 12:19:52,754 [Listener at 127.0.0.1/43833] INFO  handler.ContextHandler (ContextHandler.java:doStop(1153)) - Stopped o.e.j.s.ServletContextHandler@7cf6679f{static,/static,jar:file:/home/runner/.m2/repository/org/apache/ozone/hdds-container-service/1.2.0-SNAPSHOT/hdds-container-service-1.2.0-SNAPSHOT.jar!/webapps/static,STOPPED}
2021-08-27 12:19:52,754 [Listener at 127.0.0.1/43833] INFO  handler.ContextHandler (ContextHandler.java:doStop(1153)) - Stopped o.e.j.s.ServletContextHandler@27f567e4{logs,/logs,file:///home/runner/work/ozone/ozone/hadoop-ozone/integration-test/target/log,STOPPED}
2021-08-27 12:19:52,806 [Datanode State Machine Thread - 0] INFO  statemachine.DatanodeStateMachine (DatanodeStateMachine.java:lambda$startDaemon$0(457)) - Ozone container server started.
2021-08-27 12:19:53,174 [grpc-default-executor-0] WARN  server.GrpcLogAppender (LogUtils.java:warn(122)) - 97469cba-ac70-4b4e-8b1d-7d1e4e3cf9ac@group-6AA931AC1D3C->dd2b24ff-1eae-4a3e-81dc-b04424e7f942-AppendLogResponseHandler: Failed appendEntries: org.apache.ratis.thirdparty.io.grpc.StatusRuntimeException: UNAVAILABLE: io exception
2021-08-27 12:19:53,174 [grpc-default-executor-0] INFO  leader.FollowerInfo (FollowerInfoImpl.java:lambda$new$0(46)) - 97469cba-ac70-4b4e-8b1d-7d1e4e3cf9ac@group-6AA931AC1D3C->dd2b24ff-1eae-4a3e-81dc-b04424e7f942: nextIndex: updateUnconditionally 3 -> 2
2021-08-27 12:19:53,243 [Datanode State Machine Thread - 0] INFO  statemachine.DatanodeStateMachine (DatanodeStateMachine.java:lambda$startDaemon$0(457)) - Ozone container server started.
2021-08-27 12:19:53,938 [1627f0ec-3267-4946-a770-cb64d6080904@group-73F2619DA9B8-FollowerState] INFO  impl.FollowerState (FollowerState.java:run(134)) - 1627f0ec-3267-4946-a770-cb64d6080904@group-73F2619DA9B8-FollowerState: change to CANDIDATE, lastRpcElapsedTime:5046281765ns, electionTimeout:5025ms
2021-08-27 12:19:53,939 [1627f0ec-3267-4946-a770-cb64d6080904@group-73F2619DA9B8-FollowerState] INFO  impl.RoleInfo (RoleInfo.java:shutdownFollowerState(108)) - 1627f0ec-3267-4946-a770-cb64d6080904: shutdown 1627f0ec-3267-4946-a770-cb64d6080904@group-73F2619DA9B8-FollowerState
2021-08-27 12:19:53,939 [1627f0ec-3267-4946-a770-cb64d6080904@group-73F2619DA9B8-FollowerState] INFO  server.RaftServer$Division (RaftServerImpl.java:setRole(285)) - 1627f0ec-3267-4946-a770-cb64d6080904@group-73F2619DA9B8: changes role from  FOLLOWER to CANDIDATE at term 5 for changeToCandidate
2021-08-27 12:19:53,939 [1627f0ec-3267-4946-a770-cb64d6080904@group-73F2619DA9B8-FollowerState] INFO  server.RaftServerConfigKeys (ConfUtils.java:logGet(44)) - raft.server.leaderelection.pre-vote = false (custom)
2021-08-27 12:19:53,939 [1627f0ec-3267-4946-a770-cb64d6080904@group-73F2619DA9B8-FollowerState] INFO  impl.RoleInfo (RoleInfo.java:updateAndGet(130)) - 1627f0ec-3267-4946-a770-cb64d6080904: start 1627f0ec-3267-4946-a770-cb64d6080904@group-73F2619DA9B8-LeaderElection84
2021-08-27 12:19:53,950 [1627f0ec-3267-4946-a770-cb64d6080904@group-73F2619DA9B8-LeaderElection84] INFO  impl.LeaderElection (LeaderElection.java:askForVotes(306)) - 1627f0ec-3267-4946-a770-cb64d6080904@group-73F2619DA9B8-LeaderElection84 ELECTION round 0: submit vote requests at term 6 for -1: [1627f0ec-3267-4946-a770-cb64d6080904|rpc:10.1.0.9:39909|priority:0, 8406e4c7-9c64-45ff-a753-663392bee600|rpc:10.1.0.9:43903|priority:0, 0bc7842a-14bb-4f31-a0ca-67e37dbbf265|rpc:10.1.0.9:39103|priority:1], old=null
2021-08-27 12:19:53,963 [1627f0ec-3267-4946-a770-cb64d6080904@group-73F2619DA9B8-LeaderElection84] INFO  impl.LeaderElection (LogUtils.java:infoOrTrace(137)) - 1627f0ec-3267-4946-a770-cb64d6080904@group-73F2619DA9B8-LeaderElection84 got exception when requesting votes: java.util.concurrent.ExecutionException: org.apache.ratis.thirdparty.io.grpc.StatusRuntimeException: UNAVAILABLE: io exception
2021-08-27 12:19:53,967 [grpc-default-executor-0] INFO  server.RaftServer$Division (RaftServerImpl.java:requestVote(1043)) - 0bc7842a-14bb-4f31-a0ca-67e37dbbf265@group-73F2619DA9B8: receive requestVote(ELECTION, 1627f0ec-3267-4946-a770-cb64d6080904, group-73F2619DA9B8, 6, (t:0, i:0))
2021-08-27 12:19:53,967 [grpc-default-executor-0] INFO  impl.VoteContext (VoteContext.java:log(48)) - 0bc7842a-14bb-4f31-a0ca-67e37dbbf265@group-73F2619DA9B8-FOLLOWER: reject ELECTION from 1627f0ec-3267-4946-a770-cb64d6080904: our priority 1 > candidate's priority 0
2021-08-27 12:19:53,967 [grpc-default-executor-0] INFO  server.RaftServer$Division (RaftServerImpl.java:setRole(285)) - 0bc7842a-14bb-4f31-a0ca-67e37dbbf265@group-73F2619DA9B8: changes role from  FOLLOWER to FOLLOWER at term 6 for candidate:1627f0ec-3267-4946-a770-cb64d6080904
2021-08-27 12:19:53,967 [grpc-default-executor-0] INFO  impl.RoleInfo (RoleInfo.java:shutdownFollowerState(108)) - 0bc7842a-14bb-4f31-a0ca-67e37dbbf265: shutdown 0bc7842a-14bb-4f31-a0ca-67e37dbbf265@group-73F2619DA9B8-FollowerState
2021-08-27 12:19:53,967 [grpc-default-executor-0] INFO  impl.RoleInfo (RoleInfo.java:updateAndGet(130)) - 0bc7842a-14bb-4f31-a0ca-67e37dbbf265: start 0bc7842a-14bb-4f31-a0ca-67e37dbbf265@group-73F2619DA9B8-FollowerState
2021-08-27 12:19:53,967 [0bc7842a-14bb-4f31-a0ca-67e37dbbf265@group-73F2619DA9B8-FollowerState] INFO  impl.FollowerState (FollowerState.java:run(143)) - 0bc7842a-14bb-4f31-a0ca-67e37dbbf265@group-73F2619DA9B8-FollowerState was interrupted: {}
java.lang.InterruptedException: sleep interrupted
	at java.lang.Thread.sleep(Native Method)
	at java.lang.Thread.sleep(Thread.java:340)
	at java.util.concurrent.TimeUnit.sleep(TimeUnit.java:386)
	at org.apache.ratis.util.TimeDuration.sleep(TimeDuration.java:324)
	at org.apache.ratis.util.TimeDuration.sleep(TimeDuration.java:309)
	at org.apache.ratis.server.impl.FollowerState.run(FollowerState.java:118)
2021-08-27 12:19:53,977 [grpc-default-executor-0] INFO  server.RaftServer$Division (RaftServerImpl.java:requestVote(1075)) - 0bc7842a-14bb-4f31-a0ca-67e37dbbf265@group-73F2619DA9B8 replies to ELECTION vote request: 1627f0ec-3267-4946-a770-cb64d6080904<-0bc7842a-14bb-4f31-a0ca-67e37dbbf265#0:FAIL-t6. Peer's state: 0bc7842a-14bb-4f31-a0ca-67e37dbbf265@group-73F2619DA9B8:t6, leader=null, voted=null, raftlog=0bc7842a-14bb-4f31-a0ca-67e37dbbf265@group-73F2619DA9B8-SegmentedRaftLog:OPENED:c-1,f-1,i0, conf=-1: [1627f0ec-3267-4946-a770-cb64d6080904|rpc:10.1.0.9:39909|dataStream:|priority:0, 8406e4c7-9c64-45ff-a753-663392bee600|rpc:10.1.0.9:43903|dataStream:|priority:0, 0bc7842a-14bb-4f31-a0ca-67e37dbbf265|rpc:10.1.0.9:39103|dataStream:|priority:1], old=null
2021-08-27 12:19:53,980 [1627f0ec-3267-4946-a770-cb64d6080904@group-73F2619DA9B8-LeaderElection84] INFO  impl.LeaderElection (LeaderElection.java:logAndReturn(89)) - 1627f0ec-3267-4946-a770-cb64d6080904@group-73F2619DA9B8-LeaderElection84: ELECTION REJECTED received 1 response(s) and 1 exception(s):
2021-08-27 12:19:53,980 [1627f0ec-3267-4946-a770-cb64d6080904@group-73F2619DA9B8-LeaderElection84] INFO  impl.LeaderElection (LeaderElection.java:logAndReturn(93)) -   Response 0: 1627f0ec-3267-4946-a770-cb64d6080904<-0bc7842a-14bb-4f31-a0ca-67e37dbbf265#0:FAIL-t6
2021-08-27 12:19:53,980 [1627f0ec-3267-4946-a770-cb64d6080904@group-73F2619DA9B8-LeaderElection84] INFO  impl.LeaderElection (LogUtils.java:infoOrTrace(137)) -   Exception 1: java.util.concurrent.ExecutionException: org.apache.ratis.thirdparty.io.grpc.StatusRuntimeException: UNAVAILABLE: io exception
2021-08-27 12:19:53,980 [1627f0ec-3267-4946-a770-cb64d6080904@group-73F2619DA9B8-LeaderElection84] INFO  impl.LeaderElection (LeaderElection.java:askForVotes(308)) - 1627f0ec-3267-4946-a770-cb64d6080904@group-73F2619DA9B8-LeaderElection84 ELECTION round 0: result REJECTED
2021-08-27 12:19:53,980 [1627f0ec-3267-4946-a770-cb64d6080904@group-73F2619DA9B8-LeaderElection84] INFO  server.RaftServer$Division (RaftServerImpl.java:setRole(285)) - 1627f0ec-3267-4946-a770-cb64d6080904@group-73F2619DA9B8: changes role from CANDIDATE to FOLLOWER at term 6 for REJECTED
2021-08-27 12:19:53,980 [1627f0ec-3267-4946-a770-cb64d6080904@group-73F2619DA9B8-LeaderElection84] INFO  impl.RoleInfo (RoleInfo.java:shutdownLeaderElection(121)) - 1627f0ec-3267-4946-a770-cb64d6080904: shutdown 1627f0ec-3267-4946-a770-cb64d6080904@group-73F2619DA9B8-LeaderElection84
2021-08-27 12:19:53,980 [1627f0ec-3267-4946-a770-cb64d6080904@group-73F2619DA9B8-LeaderElection84] INFO  impl.RoleInfo (RoleInfo.java:updateAndGet(130)) - 1627f0ec-3267-4946-a770-cb64d6080904: start 1627f0ec-3267-4946-a770-cb64d6080904@group-73F2619DA9B8-FollowerState
2021-08-27 12:19:55,674 [grpc-default-executor-0] WARN  server.GrpcLogAppender (LogUtils.java:warn(122)) - 97469cba-ac70-4b4e-8b1d-7d1e4e3cf9ac@group-6AA931AC1D3C->dd2b24ff-1eae-4a3e-81dc-b04424e7f942-AppendLogResponseHandler: Failed appendEntries: org.apache.ratis.thirdparty.io.grpc.StatusRuntimeException: UNAVAILABLE: io exception
2021-08-27 12:19:55,675 [grpc-default-executor-0] INFO  leader.FollowerInfo (FollowerInfoImpl.java:lambda$new$0(46)) - 97469cba-ac70-4b4e-8b1d-7d1e4e3cf9ac@group-6AA931AC1D3C->dd2b24ff-1eae-4a3e-81dc-b04424e7f942: nextIndex: updateUnconditionally 3 -> 2
2021-08-27 12:19:57,738 [ForkJoinPool.commonPool-worker-1] INFO  ozoneimpl.OzoneContainer (OzoneContainer.java:stop(326)) - Attempting to stop container services.
2021-08-27 12:19:57,740 [ForkJoinPool.commonPool-worker-1] INFO  server.RaftServer (RaftServerProxy.java:lambda$close$6(391)) - 1627f0ec-3267-4946-a770-cb64d6080904: close
2021-08-27 12:19:57,740 [ForkJoinPool.commonPool-worker-1] INFO  server.RaftServer$Division (RaftServerImpl.java:lambda$close$4(407)) - 1627f0ec-3267-4946-a770-cb64d6080904@group-1D7C0AFAD1C5: shutdown
2021-08-27 12:19:57,740 [ForkJoinPool.commonPool-worker-1] INFO  util.JmxRegister (JmxRegister.java:unregister(73)) - Successfully un-registered JMX Bean with object name Ratis:service=RaftServer,group=group-1D7C0AFAD1C5,id=1627f0ec-3267-4946-a770-cb64d6080904
2021-08-27 12:19:57,740 [ForkJoinPool.commonPool-worker-1] INFO  impl.RoleInfo (RoleInfo.java:shutdownLeaderState(91)) - 1627f0ec-3267-4946-a770-cb64d6080904: shutdown 1627f0ec-3267-4946-a770-cb64d6080904@group-1D7C0AFAD1C5-LeaderStateImpl
2021-08-27 12:19:57,740 [ForkJoinPool.commonPool-worker-1] INFO  impl.PendingRequests (PendingRequests.java:sendNotLeaderResponses(282)) - 1627f0ec-3267-4946-a770-cb64d6080904@group-1D7C0AFAD1C5-PendingRequests: sendNotLeaderResponses
2021-08-27 12:19:57,741 [ForkJoinPool.commonPool-worker-1] INFO  impl.StateMachineUpdater (StateMachineUpdater.java:stopAndJoin(149)) - 1627f0ec-3267-4946-a770-cb64d6080904@group-1D7C0AFAD1C5-StateMachineUpdater: set stopIndex = 0
2021-08-27 12:19:57,741 [1627f0ec-3267-4946-a770-cb64d6080904@group-1D7C0AFAD1C5-StateMachineUpdater] INFO  ratis.ContainerStateMachine (ContainerStateMachine.java:takeSnapshot(292)) - group-1D7C0AFAD1C5: Taking a snapshot at:(t:1, i:0) file /home/runner/work/ozone/ozone/hadoop-ozone/integration-test/target/test-dir/MiniOzoneClusterImpl-595ad429-f938-4b04-a1e1-fbbc785922f0/datanode-3/data/ratis/ed48e0b0-1d3d-44dd-9b4b-1d7c0afad1c5/sm/snapshot.1_0
2021-08-27 12:19:57,743 [1627f0ec-3267-4946-a770-cb64d6080904@group-1D7C0AFAD1C5-StateMachineUpdater] INFO  ratis.ContainerStateMachine (ContainerStateMachine.java:takeSnapshot(303)) - group-1D7C0AFAD1C5: Finished taking a snapshot at:(t:1, i:0) file:/home/runner/work/ozone/ozone/hadoop-ozone/integration-test/target/test-dir/MiniOzoneClusterImpl-595ad429-f938-4b04-a1e1-fbbc785922f0/datanode-3/data/ratis/ed48e0b0-1d3d-44dd-9b4b-1d7c0afad1c5/sm/snapshot.1_0 took: 2 ms
2021-08-27 12:19:57,743 [1627f0ec-3267-4946-a770-cb64d6080904@group-1D7C0AFAD1C5-StateMachineUpdater] INFO  impl.StateMachineUpdater (StateMachineUpdater.java:takeSnapshot(281)) - 1627f0ec-3267-4946-a770-cb64d6080904@group-1D7C0AFAD1C5-StateMachineUpdater: Took a snapshot at index 0
2021-08-27 12:19:57,743 [1627f0ec-3267-4946-a770-cb64d6080904@group-1D7C0AFAD1C5-StateMachineUpdater] INFO  impl.StateMachineUpdater (StateMachineUpdater.java:lambda$new$0(89)) - 1627f0ec-3267-4946-a770-cb64d6080904@group-1D7C0AFAD1C5-StateMachineUpdater: snapshotIndex: updateIncreasingly -1 -> 0
2021-08-27 12:19:57,743 [ForkJoinPool.commonPool-worker-1] INFO  server.RaftServer$Division (ServerState.java:close(419)) - 1627f0ec-3267-4946-a770-cb64d6080904@group-1D7C0AFAD1C5: closes. applyIndex: 0
2021-08-27 12:19:57,744 [1627f0ec-3267-4946-a770-cb64d6080904@group-1D7C0AFAD1C5-SegmentedRaftLogWorker] INFO  segmented.SegmentedRaftLogWorker (SegmentedRaftLogWorker.java:run(327)) - 1627f0ec-3267-4946-a770-cb64d6080904@group-1D7C0AFAD1C5-SegmentedRaftLogWorker was interrupted, exiting. There are 0 tasks remaining in the queue.
2021-08-27 12:19:57,745 [ForkJoinPool.commonPool-worker-1] INFO  segmented.SegmentedRaftLogWorker (SegmentedRaftLogWorker.java:close(237)) - 1627f0ec-3267-4946-a770-cb64d6080904@group-1D7C0AFAD1C5-SegmentedRaftLogWorker close()
2021-08-27 12:19:57,758 [ForkJoinPool.commonPool-worker-1] INFO  server.RaftServer$Division (RaftServerImpl.java:lambda$close$4(407)) - 1627f0ec-3267-4946-a770-cb64d6080904@group-73F2619DA9B8: shutdown
2021-08-27 12:19:57,758 [ForkJoinPool.commonPool-worker-1] INFO  util.JmxRegister (JmxRegister.java:unregister(73)) - Successfully un-registered JMX Bean with object name Ratis:service=RaftServer,group=group-73F2619DA9B8,id=1627f0ec-3267-4946-a770-cb64d6080904
2021-08-27 12:19:57,759 [ForkJoinPool.commonPool-worker-1] INFO  impl.RoleInfo (RoleInfo.java:shutdownFollowerState(108)) - 1627f0ec-3267-4946-a770-cb64d6080904: shutdown 1627f0ec-3267-4946-a770-cb64d6080904@group-73F2619DA9B8-FollowerState
2021-08-27 12:19:57,759 [ForkJoinPool.commonPool-worker-1] INFO  impl.StateMachineUpdater (StateMachineUpdater.java:stopAndJoin(149)) - 1627f0ec-3267-4946-a770-cb64d6080904@group-73F2619DA9B8-StateMachineUpdater: set stopIndex = -1
2021-08-27 12:19:57,759 [ForkJoinPool.commonPool-worker-1] INFO  server.RaftServer$Division (ServerState.java:close(419)) - 1627f0ec-3267-4946-a770-cb64d6080904@group-73F2619DA9B8: closes. applyIndex: -1
2021-08-27 12:19:57,761 [1627f0ec-3267-4946-a770-cb64d6080904@group-73F2619DA9B8-SegmentedRaftLogWorker] INFO  segmented.SegmentedRaftLogWorker (SegmentedRaftLogWorker.java:run(327)) - 1627f0ec-3267-4946-a770-cb64d6080904@group-73F2619DA9B8-SegmentedRaftLogWorker was interrupted, exiting. There are 0 tasks remaining in the queue.
2021-08-27 12:19:57,761 [1627f0ec-3267-4946-a770-cb64d6080904@group-73F2619DA9B8-FollowerState] INFO  impl.FollowerState (FollowerState.java:run(143)) - 1627f0ec-3267-4946-a770-cb64d6080904@group-73F2619DA9B8-FollowerState was interrupted: {}
java.lang.InterruptedException: sleep interrupted
	at java.lang.Thread.sleep(Native Method)
	at java.lang.Thread.sleep(Thread.java:340)
	at java.util.concurrent.TimeUnit.sleep(TimeUnit.java:386)
	at org.apache.ratis.util.TimeDuration.sleep(TimeDuration.java:324)
	at org.apache.ratis.util.TimeDuration.sleep(TimeDuration.java:309)
	at org.apache.ratis.server.impl.FollowerState.run(FollowerState.java:118)
2021-08-27 12:19:57,761 [ForkJoinPool.commonPool-worker-1] INFO  segmented.SegmentedRaftLogWorker (SegmentedRaftLogWorker.java:close(237)) - 1627f0ec-3267-4946-a770-cb64d6080904@group-73F2619DA9B8-SegmentedRaftLogWorker close()
2021-08-27 12:19:57,774 [ForkJoinPool.commonPool-worker-1] INFO  server.GrpcService (GrpcService.java:closeImpl(262)) - 1627f0ec-3267-4946-a770-cb64d6080904: shutdown server with port 39909 now
2021-08-27 12:19:57,787 [Listener at 127.0.0.1/43833] INFO  ozoneimpl.OzoneContainer (OzoneContainer.java:stop(326)) - Attempting to stop container services.
2021-08-27 12:19:57,788 [Listener at 127.0.0.1/43833] INFO  server.RaftServer (RaftServerProxy.java:lambda$close$6(391)) - 0bc7842a-14bb-4f31-a0ca-67e37dbbf265: close
2021-08-27 12:19:57,788 [Listener at 127.0.0.1/43833] INFO  server.RaftServer$Division (RaftServerImpl.java:lambda$close$4(407)) - 0bc7842a-14bb-4f31-a0ca-67e37dbbf265@group-73F2619DA9B8: shutdown
2021-08-27 12:19:57,788 [Listener at 127.0.0.1/43833] INFO  util.JmxRegister (JmxRegister.java:unregister(73)) - Successfully un-registered JMX Bean with object name Ratis:service=RaftServer,group=group-73F2619DA9B8,id=0bc7842a-14bb-4f31-a0ca-67e37dbbf265
2021-08-27 12:19:57,788 [Listener at 127.0.0.1/43833] INFO  impl.RoleInfo (RoleInfo.java:shutdownFollowerState(108)) - 0bc7842a-14bb-4f31-a0ca-67e37dbbf265: shutdown 0bc7842a-14bb-4f31-a0ca-67e37dbbf265@group-73F2619DA9B8-FollowerState
2021-08-27 12:19:57,789 [Listener at 127.0.0.1/43833] INFO  impl.StateMachineUpdater (StateMachineUpdater.java:stopAndJoin(149)) - 0bc7842a-14bb-4f31-a0ca-67e37dbbf265@group-73F2619DA9B8-StateMachineUpdater: set stopIndex = -1
2021-08-27 12:19:57,789 [0bc7842a-14bb-4f31-a0ca-67e37dbbf265@group-73F2619DA9B8-FollowerState] INFO  impl.FollowerState (FollowerState.java:run(143)) - 0bc7842a-14bb-4f31-a0ca-67e37dbbf265@group-73F2619DA9B8-FollowerState was interrupted: {}
java.lang.InterruptedException: sleep interrupted
	at java.lang.Thread.sleep(Native Method)
	at java.lang.Thread.sleep(Thread.java:340)
	at java.util.concurrent.TimeUnit.sleep(TimeUnit.java:386)
	at org.apache.ratis.util.TimeDuration.sleep(TimeDuration.java:324)
	at org.apache.ratis.util.TimeDuration.sleep(TimeDuration.java:309)
	at org.apache.ratis.server.impl.FollowerState.run(FollowerState.java:118)
2021-08-27 12:19:57,789 [Listener at 127.0.0.1/43833] INFO  server.RaftServer$Division (ServerState.java:close(419)) - 0bc7842a-14bb-4f31-a0ca-67e37dbbf265@group-73F2619DA9B8: closes. applyIndex: -1
2021-08-27 12:19:57,789 [0bc7842a-14bb-4f31-a0ca-67e37dbbf265@group-73F2619DA9B8-SegmentedRaftLogWorker] INFO  segmented.SegmentedRaftLogWorker (SegmentedRaftLogWorker.java:run(327)) - 0bc7842a-14bb-4f31-a0ca-67e37dbbf265@group-73F2619DA9B8-SegmentedRaftLogWorker was interrupted, exiting. There are 0 tasks remaining in the queue.
2021-08-27 12:19:57,790 [Listener at 127.0.0.1/43833] INFO  segmented.SegmentedRaftLogWorker (SegmentedRaftLogWorker.java:close(237)) - 0bc7842a-14bb-4f31-a0ca-67e37dbbf265@group-73F2619DA9B8-SegmentedRaftLogWorker close()
2021-08-27 12:19:57,802 [Listener at 127.0.0.1/43833] INFO  server.RaftServer$Division (RaftServerImpl.java:lambda$close$4(407)) - 0bc7842a-14bb-4f31-a0ca-67e37dbbf265@group-A28631288C24: shutdown
2021-08-27 12:19:57,802 [Listener at 127.0.0.1/43833] INFO  util.JmxRegister (JmxRegister.java:unregister(73)) - Successfully un-registered JMX Bean with object name Ratis:service=RaftServer,group=group-A28631288C24,id=0bc7842a-14bb-4f31-a0ca-67e37dbbf265
2021-08-27 12:19:57,802 [Listener at 127.0.0.1/43833] INFO  impl.RoleInfo (RoleInfo.java:shutdownLeaderState(91)) - 0bc7842a-14bb-4f31-a0ca-67e37dbbf265: shutdown 0bc7842a-14bb-4f31-a0ca-67e37dbbf265@group-A28631288C24-LeaderStateImpl
2021-08-27 12:19:57,802 [Listener at 127.0.0.1/43833] INFO  impl.PendingRequests (PendingRequests.java:sendNotLeaderResponses(282)) - 0bc7842a-14bb-4f31-a0ca-67e37dbbf265@group-A28631288C24-PendingRequests: sendNotLeaderResponses
2021-08-27 12:19:57,803 [Listener at 127.0.0.1/43833] INFO  impl.StateMachineUpdater (StateMachineUpdater.java:stopAndJoin(149)) - 0bc7842a-14bb-4f31-a0ca-67e37dbbf265@group-A28631288C24-StateMachineUpdater: set stopIndex = 0
2021-08-27 12:19:57,804 [0bc7842a-14bb-4f31-a0ca-67e37dbbf265@group-A28631288C24-StateMachineUpdater] INFO  ratis.ContainerStateMachine (ContainerStateMachine.java:takeSnapshot(292)) - group-A28631288C24: Taking a snapshot at:(t:1, i:0) file /home/runner/work/ozone/ozone/hadoop-ozone/integration-test/target/test-dir/MiniOzoneClusterImpl-595ad429-f938-4b04-a1e1-fbbc785922f0/datanode-5/data/ratis/0e7abe0e-8ed9-4c49-ae90-a28631288c24/sm/snapshot.1_0
2021-08-27 12:19:57,805 [0bc7842a-14bb-4f31-a0ca-67e37dbbf265@group-A28631288C24-StateMachineUpdater] INFO  ratis.ContainerStateMachine (ContainerStateMachine.java:takeSnapshot(303)) - group-A28631288C24: Finished taking a snapshot at:(t:1, i:0) file:/home/runner/work/ozone/ozone/hadoop-ozone/integration-test/target/test-dir/MiniOzoneClusterImpl-595ad429-f938-4b04-a1e1-fbbc785922f0/datanode-5/data/ratis/0e7abe0e-8ed9-4c49-ae90-a28631288c24/sm/snapshot.1_0 took: 2 ms
2021-08-27 12:19:57,805 [0bc7842a-14bb-4f31-a0ca-67e37dbbf265@group-A28631288C24-StateMachineUpdater] INFO  impl.StateMachineUpdater (StateMachineUpdater.java:takeSnapshot(281)) - 0bc7842a-14bb-4f31-a0ca-67e37dbbf265@group-A28631288C24-StateMachineUpdater: Took a snapshot at index 0
2021-08-27 12:19:57,805 [0bc7842a-14bb-4f31-a0ca-67e37dbbf265@group-A28631288C24-StateMachineUpdater] INFO  impl.StateMachineUpdater (StateMachineUpdater.java:lambda$new$0(89)) - 0bc7842a-14bb-4f31-a0ca-67e37dbbf265@group-A28631288C24-StateMachineUpdater: snapshotIndex: updateIncreasingly -1 -> 0
2021-08-27 12:19:57,806 [Listener at 127.0.0.1/43833] INFO  server.RaftServer$Division (ServerState.java:close(419)) - 0bc7842a-14bb-4f31-a0ca-67e37dbbf265@group-A28631288C24: closes. applyIndex: 0
2021-08-27 12:19:57,806 [0bc7842a-14bb-4f31-a0ca-67e37dbbf265@group-A28631288C24-SegmentedRaftLogWorker] INFO  segmented.SegmentedRaftLogWorker (SegmentedRaftLogWorker.java:run(327)) - 0bc7842a-14bb-4f31-a0ca-67e37dbbf265@group-A28631288C24-SegmentedRaftLogWorker was interrupted, exiting. There are 0 tasks remaining in the queue.
2021-08-27 12:19:57,812 [ForkJoinPool.commonPool-worker-1] INFO  server.GrpcService (GrpcService.java:closeImpl(271)) - 1627f0ec-3267-4946-a770-cb64d6080904: shutdown server with port 39909 successfully
2021-08-27 12:19:57,812 [Listener at 127.0.0.1/43833] INFO  segmented.SegmentedRaftLogWorker (SegmentedRaftLogWorker.java:close(237)) - 0bc7842a-14bb-4f31-a0ca-67e37dbbf265@group-A28631288C24-SegmentedRaftLogWorker close()
2021-08-27 12:19:57,812 [org.apache.ratis.util.JvmPauseMonitor$$Lambda$531/1692429552@36b1dc64] INFO  util.JvmPauseMonitor (JvmPauseMonitor.java:run(109)) - JvmPauseMonitor-1627f0ec-3267-4946-a770-cb64d6080904: Stopped
2021-08-27 12:19:57,815 [Listener at 127.0.0.1/43833] INFO  server.GrpcService (GrpcService.java:closeImpl(262)) - 0bc7842a-14bb-4f31-a0ca-67e37dbbf265: shutdown server with port 39103 now
2021-08-27 12:19:57,818 [ForkJoinPool.commonPool-worker-1] INFO  utils.BackgroundService (BackgroundService.java:shutdown(132)) - Shutting down service BlockDeletingService
2021-08-27 12:19:57,819 [Listener at 127.0.0.1/43833] INFO  server.GrpcService (GrpcService.java:closeImpl(271)) - 0bc7842a-14bb-4f31-a0ca-67e37dbbf265: shutdown server with port 39103 successfully
2021-08-27 12:19:57,822 [org.apache.ratis.util.JvmPauseMonitor$$Lambda$531/1692429552@1bb50f41] INFO  util.JvmPauseMonitor (JvmPauseMonitor.java:run(109)) - JvmPauseMonitor-0bc7842a-14bb-4f31-a0ca-67e37dbbf265: Stopped
2021-08-27 12:19:57,822 [Listener at 127.0.0.1/43833] INFO  utils.BackgroundService (BackgroundService.java:shutdown(132)) - Shutting down service BlockDeletingService
2021-08-27 12:19:58,175 [grpc-default-executor-0] WARN  server.GrpcLogAppender (LogUtils.java:warn(122)) - 97469cba-ac70-4b4e-8b1d-7d1e4e3cf9ac@group-6AA931AC1D3C->dd2b24ff-1eae-4a3e-81dc-b04424e7f942-AppendLogResponseHandler: Failed appendEntries: org.apache.ratis.thirdparty.io.grpc.StatusRuntimeException: UNAVAILABLE: io exception
2021-08-27 12:19:58,175 [grpc-default-executor-0] INFO  leader.FollowerInfo (FollowerInfoImpl.java:lambda$new$0(46)) - 97469cba-ac70-4b4e-8b1d-7d1e4e3cf9ac@group-6AA931AC1D3C->dd2b24ff-1eae-4a3e-81dc-b04424e7f942: nextIndex: updateUnconditionally 3 -> 2
2021-08-27 12:20:00,675 [grpc-default-executor-0] WARN  server.GrpcLogAppender (LogUtils.java:warn(122)) - 97469cba-ac70-4b4e-8b1d-7d1e4e3cf9ac@group-6AA931AC1D3C->dd2b24ff-1eae-4a3e-81dc-b04424e7f942-AppendLogResponseHandler: Failed appendEntries: org.apache.ratis.thirdparty.io.grpc.StatusRuntimeException: UNAVAILABLE: io exception
2021-08-27 12:20:00,676 [grpc-default-executor-0] INFO  leader.FollowerInfo (FollowerInfoImpl.java:lambda$new$0(46)) - 97469cba-ac70-4b4e-8b1d-7d1e4e3cf9ac@group-6AA931AC1D3C->dd2b24ff-1eae-4a3e-81dc-b04424e7f942: nextIndex: updateUnconditionally 3 -> 2
2021-08-27 12:20:00,827 [Listener at 127.0.0.1/43833] INFO  statemachine.DatanodeStateMachine (DatanodeStateMachine.java:stopDaemon(515)) - Ozone container server stopped.
2021-08-27 12:20:00,827 [ForkJoinPool.commonPool-worker-1] INFO  statemachine.DatanodeStateMachine (DatanodeStateMachine.java:stopDaemon(515)) - Ozone container server stopped.
2021-08-27 12:20:00,827 [Listener at 127.0.0.1/43833] INFO  handler.ContextHandler (ContextHandler.java:doStop(1153)) - Stopped o.e.j.w.WebAppContext@57936a03{hddsDatanode,/,null,STOPPED}{jar:file:/home/runner/.m2/repository/org/apache/ozone/hdds-container-service/1.2.0-SNAPSHOT/hdds-container-service-1.2.0-SNAPSHOT.jar!/webapps/hddsDatanode}
2021-08-27 12:20:00,830 [ForkJoinPool.commonPool-worker-1] INFO  handler.ContextHandler (ContextHandler.java:doStop(1153)) - Stopped o.e.j.w.WebAppContext@4e9100f{hddsDatanode,/,null,STOPPED}{jar:file:/home/runner/.m2/repository/org/apache/ozone/hdds-container-service/1.2.0-SNAPSHOT/hdds-container-service-1.2.0-SNAPSHOT.jar!/webapps/hddsDatanode}
2021-08-27 12:20:00,833 [ForkJoinPool.commonPool-worker-1] INFO  server.AbstractConnector (AbstractConnector.java:doStop(381)) - Stopped ServerConnector@2ce5f148{HTTP/1.1, (http/1.1)}{0.0.0.0:0}
2021-08-27 12:20:00,833 [ForkJoinPool.commonPool-worker-1] INFO  server.session (HouseKeeper.java:stopScavenging(149)) - node0 Stopped scavenging
2021-08-27 12:20:00,838 [ForkJoinPool.commonPool-worker-1] INFO  handler.ContextHandler (ContextHandler.java:doStop(1153)) - Stopped o.e.j.s.ServletContextHandler@248ef0ae{static,/static,jar:file:/home/runner/.m2/repository/org/apache/ozone/hdds-container-service/1.2.0-SNAPSHOT/hdds-container-service-1.2.0-SNAPSHOT.jar!/webapps/static,STOPPED}
2021-08-27 12:20:00,839 [ForkJoinPool.commonPool-worker-1] INFO  handler.ContextHandler (ContextHandler.java:doStop(1153)) - Stopped o.e.j.s.ServletContextHandler@58107cbb{logs,/logs,file:///home/runner/work/ozone/ozone/hadoop-ozone/integration-test/target/log,STOPPED}
2021-08-27 12:20:00,850 [Listener at 127.0.0.1/43833] INFO  server.AbstractConnector (AbstractConnector.java:doStop(381)) - Stopped ServerConnector@75644d58{HTTP/1.1, (http/1.1)}{0.0.0.0:0}
2021-08-27 12:20:00,850 [Listener at 127.0.0.1/43833] INFO  server.session (HouseKeeper.java:stopScavenging(149)) - node0 Stopped scavenging
2021-08-27 12:20:00,850 [Listener at 127.0.0.1/43833] INFO  handler.ContextHandler (ContextHandler.java:doStop(1153)) - Stopped o.e.j.s.ServletContextHandler@7490238a{static,/static,jar:file:/home/runner/.m2/repository/org/apache/ozone/hdds-container-service/1.2.0-SNAPSHOT/hdds-container-service-1.2.0-SNAPSHOT.jar!/webapps/static,STOPPED}
2021-08-27 12:20:00,851 [Listener at 127.0.0.1/43833] INFO  handler.ContextHandler (ContextHandler.java:doStop(1153)) - Stopped o.e.j.s.ServletContextHandler@3ecb153a{logs,/logs,file:///home/runner/work/ozone/ozone/hadoop-ozone/integration-test/target/log,STOPPED}
2021-08-27 12:20:01,066 [Datanode State Machine Thread - 0] INFO  statemachine.DatanodeStateMachine (DatanodeStateMachine.java:lambda$startDaemon$0(457)) - Ozone container server started.
2021-08-27 12:20:01,598 [Datanode State Machine Thread - 0] INFO  statemachine.DatanodeStateMachine (DatanodeStateMachine.java:lambda$startDaemon$0(457)) - Ozone container server started.
2021-08-27 12:20:03,176 [grpc-default-executor-0] WARN  server.GrpcLogAppender (LogUtils.java:warn(122)) - 97469cba-ac70-4b4e-8b1d-7d1e4e3cf9ac@group-6AA931AC1D3C->dd2b24ff-1eae-4a3e-81dc-b04424e7f942-AppendLogResponseHandler: Failed appendEntries: org.apache.ratis.thirdparty.io.grpc.StatusRuntimeException: UNAVAILABLE: io exception
2021-08-27 12:20:03,176 [grpc-default-executor-0] INFO  leader.FollowerInfo (FollowerInfoImpl.java:lambda$new$0(46)) - 97469cba-ac70-4b4e-8b1d-7d1e4e3cf9ac@group-6AA931AC1D3C->dd2b24ff-1eae-4a3e-81dc-b04424e7f942: nextIndex: updateUnconditionally 3 -> 2
2021-08-27 12:20:05,676 [grpc-default-executor-0] WARN  server.GrpcLogAppender (LogUtils.java:warn(122)) - 97469cba-ac70-4b4e-8b1d-7d1e4e3cf9ac@group-6AA931AC1D3C->dd2b24ff-1eae-4a3e-81dc-b04424e7f942-AppendLogResponseHandler: Failed appendEntries: org.apache.ratis.thirdparty.io.grpc.StatusRuntimeException: UNAVAILABLE: io exception
2021-08-27 12:20:05,676 [grpc-default-executor-0] INFO  leader.FollowerInfo (FollowerInfoImpl.java:lambda$new$0(46)) - 97469cba-ac70-4b4e-8b1d-7d1e4e3cf9ac@group-6AA931AC1D3C->dd2b24ff-1eae-4a3e-81dc-b04424e7f942: nextIndex: updateUnconditionally 3 -> 2
2021-08-27 12:20:05,851 [ForkJoinPool.commonPool-worker-1] INFO  ozoneimpl.OzoneContainer (OzoneContainer.java:stop(326)) - Attempting to stop container services.
2021-08-27 12:20:05,854 [ForkJoinPool.commonPool-worker-1] INFO  server.RaftServer (RaftServerProxy.java:lambda$close$6(391)) - 97469cba-ac70-4b4e-8b1d-7d1e4e3cf9ac: close
2021-08-27 12:20:05,855 [ForkJoinPool.commonPool-worker-1] INFO  server.RaftServer$Division (RaftServerImpl.java:lambda$close$4(407)) - 97469cba-ac70-4b4e-8b1d-7d1e4e3cf9ac@group-B91BB50F422B: shutdown
2021-08-27 12:20:05,855 [ForkJoinPool.commonPool-worker-1] INFO  util.JmxRegister (JmxRegister.java:unregister(73)) - Successfully un-registered JMX Bean with object name Ratis:service=RaftServer,group=group-B91BB50F422B,id=97469cba-ac70-4b4e-8b1d-7d1e4e3cf9ac
2021-08-27 12:20:05,855 [ForkJoinPool.commonPool-worker-1] INFO  impl.RoleInfo (RoleInfo.java:shutdownLeaderState(91)) - 97469cba-ac70-4b4e-8b1d-7d1e4e3cf9ac: shutdown 97469cba-ac70-4b4e-8b1d-7d1e4e3cf9ac@group-B91BB50F422B-LeaderStateImpl
2021-08-27 12:20:05,855 [ForkJoinPool.commonPool-worker-1] INFO  impl.PendingRequests (PendingRequests.java:sendNotLeaderResponses(282)) - 97469cba-ac70-4b4e-8b1d-7d1e4e3cf9ac@group-B91BB50F422B-PendingRequests: sendNotLeaderResponses
2021-08-27 12:20:05,855 [ForkJoinPool.commonPool-worker-1] INFO  impl.StateMachineUpdater (StateMachineUpdater.java:stopAndJoin(149)) - 97469cba-ac70-4b4e-8b1d-7d1e4e3cf9ac@group-B91BB50F422B-StateMachineUpdater: set stopIndex = 0
2021-08-27 12:20:05,856 [97469cba-ac70-4b4e-8b1d-7d1e4e3cf9ac@group-B91BB50F422B-StateMachineUpdater] INFO  ratis.ContainerStateMachine (ContainerStateMachine.java:takeSnapshot(292)) - group-B91BB50F422B: Taking a snapshot at:(t:1, i:0) file /home/runner/work/ozone/ozone/hadoop-ozone/integration-test/target/test-dir/MiniOzoneClusterImpl-595ad429-f938-4b04-a1e1-fbbc785922f0/datanode-0/data/ratis/5fa11995-2f58-4a86-a79b-b91bb50f422b/sm/snapshot.1_0
2021-08-27 12:20:05,857 [97469cba-ac70-4b4e-8b1d-7d1e4e3cf9ac@group-B91BB50F422B-StateMachineUpdater] INFO  ratis.ContainerStateMachine (ContainerStateMachine.java:takeSnapshot(303)) - group-B91BB50F422B: Finished taking a snapshot at:(t:1, i:0) file:/home/runner/work/ozone/ozone/hadoop-ozone/integration-test/target/test-dir/MiniOzoneClusterImpl-595ad429-f938-4b04-a1e1-fbbc785922f0/datanode-0/data/ratis/5fa11995-2f58-4a86-a79b-b91bb50f422b/sm/snapshot.1_0 took: 1 ms
2021-08-27 12:20:05,857 [97469cba-ac70-4b4e-8b1d-7d1e4e3cf9ac@group-B91BB50F422B-StateMachineUpdater] INFO  impl.StateMachineUpdater (StateMachineUpdater.java:takeSnapshot(281)) - 97469cba-ac70-4b4e-8b1d-7d1e4e3cf9ac@group-B91BB50F422B-StateMachineUpdater: Took a snapshot at index 0
2021-08-27 12:20:05,857 [97469cba-ac70-4b4e-8b1d-7d1e4e3cf9ac@group-B91BB50F422B-StateMachineUpdater] INFO  impl.StateMachineUpdater (StateMachineUpdater.java:lambda$new$0(89)) - 97469cba-ac70-4b4e-8b1d-7d1e4e3cf9ac@group-B91BB50F422B-StateMachineUpdater: snapshotIndex: updateIncreasingly -1 -> 0
2021-08-27 12:20:05,858 [ForkJoinPool.commonPool-worker-1] INFO  server.RaftServer$Division (ServerState.java:close(419)) - 97469cba-ac70-4b4e-8b1d-7d1e4e3cf9ac@group-B91BB50F422B: closes. applyIndex: 0
2021-08-27 12:20:05,858 [97469cba-ac70-4b4e-8b1d-7d1e4e3cf9ac@group-B91BB50F422B-SegmentedRaftLogWorker] INFO  segmented.SegmentedRaftLogWorker (SegmentedRaftLogWorker.java:run(327)) - 97469cba-ac70-4b4e-8b1d-7d1e4e3cf9ac@group-B91BB50F422B-SegmentedRaftLogWorker was interrupted, exiting. There are 0 tasks remaining in the queue.
2021-08-27 12:20:05,859 [ForkJoinPool.commonPool-worker-1] INFO  segmented.SegmentedRaftLogWorker (SegmentedRaftLogWorker.java:close(237)) - 97469cba-ac70-4b4e-8b1d-7d1e4e3cf9ac@group-B91BB50F422B-SegmentedRaftLogWorker close()
2021-08-27 12:20:05,863 [ForkJoinPool.commonPool-worker-1] INFO  server.RaftServer$Division (RaftServerImpl.java:lambda$close$4(407)) - 97469cba-ac70-4b4e-8b1d-7d1e4e3cf9ac@group-6AA931AC1D3C: shutdown
2021-08-27 12:20:05,863 [ForkJoinPool.commonPool-worker-1] INFO  util.JmxRegister (JmxRegister.java:unregister(73)) - Successfully un-registered JMX Bean with object name Ratis:service=RaftServer,group=group-6AA931AC1D3C,id=97469cba-ac70-4b4e-8b1d-7d1e4e3cf9ac
2021-08-27 12:20:05,863 [ForkJoinPool.commonPool-worker-1] INFO  impl.RoleInfo (RoleInfo.java:shutdownLeaderState(91)) - 97469cba-ac70-4b4e-8b1d-7d1e4e3cf9ac: shutdown 97469cba-ac70-4b4e-8b1d-7d1e4e3cf9ac@group-6AA931AC1D3C-LeaderStateImpl
2021-08-27 12:20:05,863 [97469cba-ac70-4b4e-8b1d-7d1e4e3cf9ac@group-6AA931AC1D3C->dd2b24ff-1eae-4a3e-81dc-b04424e7f942-GrpcLogAppender-LogAppenderDaemon] WARN  server.GrpcLogAppender (GrpcLogAppender.java:mayWait(175)) - 97469cba-ac70-4b4e-8b1d-7d1e4e3cf9ac@group-6AA931AC1D3C->dd2b24ff-1eae-4a3e-81dc-b04424e7f942-GrpcLogAppender: Wait interrupted by java.lang.InterruptedException
2021-08-27 12:20:05,863 [97469cba-ac70-4b4e-8b1d-7d1e4e3cf9ac@group-6AA931AC1D3C->f890e39a-5838-4db2-99cf-760c0a4a7b9f-GrpcLogAppender-LogAppenderDaemon] WARN  server.GrpcLogAppender (GrpcLogAppender.java:mayWait(175)) - 97469cba-ac70-4b4e-8b1d-7d1e4e3cf9ac@group-6AA931AC1D3C->f890e39a-5838-4db2-99cf-760c0a4a7b9f-GrpcLogAppender: Wait interrupted by java.lang.InterruptedException
2021-08-27 12:20:05,863 [ForkJoinPool.commonPool-worker-1] INFO  impl.PendingRequests (PendingRequests.java:sendNotLeaderResponses(282)) - 97469cba-ac70-4b4e-8b1d-7d1e4e3cf9ac@group-6AA931AC1D3C-PendingRequests: sendNotLeaderResponses
2021-08-27 12:20:05,866 [ForkJoinPool.commonPool-worker-1] INFO  impl.StateMachineUpdater (StateMachineUpdater.java:stopAndJoin(149)) - 97469cba-ac70-4b4e-8b1d-7d1e4e3cf9ac@group-6AA931AC1D3C-StateMachineUpdater: set stopIndex = 2
2021-08-27 12:20:05,867 [97469cba-ac70-4b4e-8b1d-7d1e4e3cf9ac@group-6AA931AC1D3C-StateMachineUpdater] INFO  ratis.ContainerStateMachine (ContainerStateMachine.java:takeSnapshot(292)) - group-6AA931AC1D3C: Taking a snapshot at:(t:6, i:2) file /home/runner/work/ozone/ozone/hadoop-ozone/integration-test/target/test-dir/MiniOzoneClusterImpl-595ad429-f938-4b04-a1e1-fbbc785922f0/datanode-0/data/ratis/8e08a3c8-b922-4d02-9de6-6aa931ac1d3c/sm/snapshot.6_2
2021-08-27 12:20:05,868 [Listener at 127.0.0.1/43833] INFO  ozoneimpl.OzoneContainer (OzoneContainer.java:stop(326)) - Attempting to stop container services.
2021-08-27 12:20:05,868 [97469cba-ac70-4b4e-8b1d-7d1e4e3cf9ac@group-6AA931AC1D3C-StateMachineUpdater] INFO  ratis.ContainerStateMachine (ContainerStateMachine.java:takeSnapshot(303)) - group-6AA931AC1D3C: Finished taking a snapshot at:(t:6, i:2) file:/home/runner/work/ozone/ozone/hadoop-ozone/integration-test/target/test-dir/MiniOzoneClusterImpl-595ad429-f938-4b04-a1e1-fbbc785922f0/datanode-0/data/ratis/8e08a3c8-b922-4d02-9de6-6aa931ac1d3c/sm/snapshot.6_2 took: 1 ms
2021-08-27 12:20:05,869 [Listener at 127.0.0.1/43833] INFO  server.RaftServer (RaftServerProxy.java:lambda$close$6(391)) - 96076b98-8515-473a-ab50-26e1974acf6c: close
2021-08-27 12:20:05,880 [97469cba-ac70-4b4e-8b1d-7d1e4e3cf9ac@group-6AA931AC1D3C-StateMachineUpdater] INFO  impl.StateMachineUpdater (StateMachineUpdater.java:takeSnapshot(281)) - 97469cba-ac70-4b4e-8b1d-7d1e4e3cf9ac@group-6AA931AC1D3C-StateMachineUpdater: Took a snapshot at index 2
2021-08-27 12:20:05,880 [97469cba-ac70-4b4e-8b1d-7d1e4e3cf9ac@group-6AA931AC1D3C-StateMachineUpdater] INFO  impl.StateMachineUpdater (StateMachineUpdater.java:lambda$new$0(89)) - 97469cba-ac70-4b4e-8b1d-7d1e4e3cf9ac@group-6AA931AC1D3C-StateMachineUpdater: snapshotIndex: updateIncreasingly -1 -> 2
2021-08-27 12:20:05,880 [ForkJoinPool.commonPool-worker-1] INFO  server.RaftServer$Division (ServerState.java:close(419)) - 97469cba-ac70-4b4e-8b1d-7d1e4e3cf9ac@group-6AA931AC1D3C: closes. applyIndex: 2
2021-08-27 12:20:05,880 [97469cba-ac70-4b4e-8b1d-7d1e4e3cf9ac@group-6AA931AC1D3C-SegmentedRaftLogWorker] INFO  segmented.SegmentedRaftLogWorker (SegmentedRaftLogWorker.java:run(327)) - 97469cba-ac70-4b4e-8b1d-7d1e4e3cf9ac@group-6AA931AC1D3C-SegmentedRaftLogWorker was interrupted, exiting. There are 0 tasks remaining in the queue.
2021-08-27 12:20:05,880 [Listener at 127.0.0.1/43833] INFO  server.RaftServer$Division (RaftServerImpl.java:lambda$close$4(407)) - 96076b98-8515-473a-ab50-26e1974acf6c@group-273B8F00FECE: shutdown
2021-08-27 12:20:05,880 [Listener at 127.0.0.1/43833] INFO  util.JmxRegister (JmxRegister.java:unregister(73)) - Successfully un-registered JMX Bean with object name Ratis:service=RaftServer,group=group-273B8F00FECE,id=96076b98-8515-473a-ab50-26e1974acf6c
2021-08-27 12:20:05,881 [Listener at 127.0.0.1/43833] INFO  impl.RoleInfo (RoleInfo.java:shutdownLeaderState(91)) - 96076b98-8515-473a-ab50-26e1974acf6c: shutdown 96076b98-8515-473a-ab50-26e1974acf6c@group-273B8F00FECE-LeaderStateImpl
2021-08-27 12:20:05,881 [Listener at 127.0.0.1/43833] INFO  impl.PendingRequests (PendingRequests.java:sendNotLeaderResponses(282)) - 96076b98-8515-473a-ab50-26e1974acf6c@group-273B8F00FECE-PendingRequests: sendNotLeaderResponses
2021-08-27 12:20:05,881 [Listener at 127.0.0.1/43833] INFO  impl.StateMachineUpdater (StateMachineUpdater.java:stopAndJoin(149)) - 96076b98-8515-473a-ab50-26e1974acf6c@group-273B8F00FECE-StateMachineUpdater: set stopIndex = 0
2021-08-27 12:20:05,882 [96076b98-8515-473a-ab50-26e1974acf6c@group-273B8F00FECE-StateMachineUpdater] INFO  ratis.ContainerStateMachine (ContainerStateMachine.java:takeSnapshot(292)) - group-273B8F00FECE: Taking a snapshot at:(t:1, i:0) file /home/runner/work/ozone/ozone/hadoop-ozone/integration-test/target/test-dir/MiniOzoneClusterImpl-595ad429-f938-4b04-a1e1-fbbc785922f0/datanode-7/data/ratis/360ed035-2556-4248-ad25-273b8f00fece/sm/snapshot.1_0
2021-08-27 12:20:05,883 [96076b98-8515-473a-ab50-26e1974acf6c@group-273B8F00FECE-StateMachineUpdater] INFO  ratis.ContainerStateMachine (ContainerStateMachine.java:takeSnapshot(303)) - group-273B8F00FECE: Finished taking a snapshot at:(t:1, i:0) file:/home/runner/work/ozone/ozone/hadoop-ozone/integration-test/target/test-dir/MiniOzoneClusterImpl-595ad429-f938-4b04-a1e1-fbbc785922f0/datanode-7/data/ratis/360ed035-2556-4248-ad25-273b8f00fece/sm/snapshot.1_0 took: 1 ms
2021-08-27 12:20:05,883 [96076b98-8515-473a-ab50-26e1974acf6c@group-273B8F00FECE-StateMachineUpdater] INFO  impl.StateMachineUpdater (StateMachineUpdater.java:takeSnapshot(281)) - 96076b98-8515-473a-ab50-26e1974acf6c@group-273B8F00FECE-StateMachineUpdater: Took a snapshot at index 0
2021-08-27 12:20:05,883 [96076b98-8515-473a-ab50-26e1974acf6c@group-273B8F00FECE-StateMachineUpdater] INFO  impl.StateMachineUpdater (StateMachineUpdater.java:lambda$new$0(89)) - 96076b98-8515-473a-ab50-26e1974acf6c@group-273B8F00FECE-StateMachineUpdater: snapshotIndex: updateIncreasingly -1 -> 0
2021-08-27 12:20:05,883 [Listener at 127.0.0.1/43833] INFO  server.RaftServer$Division (ServerState.java:close(419)) - 96076b98-8515-473a-ab50-26e1974acf6c@group-273B8F00FECE: closes. applyIndex: 0
2021-08-27 12:20:05,884 [96076b98-8515-473a-ab50-26e1974acf6c@group-273B8F00FECE-SegmentedRaftLogWorker] INFO  segmented.SegmentedRaftLogWorker (SegmentedRaftLogWorker.java:run(327)) - 96076b98-8515-473a-ab50-26e1974acf6c@group-273B8F00FECE-SegmentedRaftLogWorker was interrupted, exiting. There are 0 tasks remaining in the queue.
2021-08-27 12:20:05,884 [grpc-default-executor-2] INFO  server.GrpcServerProtocolService (GrpcServerProtocolService.java:onCompleted(140)) - f890e39a-5838-4db2-99cf-760c0a4a7b9f: Completed APPEND_ENTRIES, lastRequest: 97469cba-ac70-4b4e-8b1d-7d1e4e3cf9ac->f890e39a-5838-4db2-99cf-760c0a4a7b9f#9-t6,previous=(t:6, i:1),leaderCommit=1,initializing? true,entries: size=1, first=(t:6, i:2), METADATAENTRY(c:1)
2021-08-27 12:20:05,886 [ForkJoinPool.commonPool-worker-1] INFO  segmented.SegmentedRaftLogWorker (SegmentedRaftLogWorker.java:close(237)) - 97469cba-ac70-4b4e-8b1d-7d1e4e3cf9ac@group-6AA931AC1D3C-SegmentedRaftLogWorker close()
2021-08-27 12:20:05,887 [Listener at 127.0.0.1/43833] INFO  segmented.SegmentedRaftLogWorker (SegmentedRaftLogWorker.java:close(237)) - 96076b98-8515-473a-ab50-26e1974acf6c@group-273B8F00FECE-SegmentedRaftLogWorker close()
2021-08-27 12:20:05,897 [ForkJoinPool.commonPool-worker-1] INFO  server.GrpcService (GrpcService.java:closeImpl(262)) - 97469cba-ac70-4b4e-8b1d-7d1e4e3cf9ac: shutdown server with port 36551 now
2021-08-27 12:20:05,898 [Listener at 127.0.0.1/43833] INFO  server.RaftServer$Division (RaftServerImpl.java:lambda$close$4(407)) - 96076b98-8515-473a-ab50-26e1974acf6c@group-2816B9E709FD: shutdown
2021-08-27 12:20:05,898 [Listener at 127.0.0.1/43833] INFO  util.JmxRegister (JmxRegister.java:unregister(73)) - Successfully un-registered JMX Bean with object name Ratis:service=RaftServer,group=group-2816B9E709FD,id=96076b98-8515-473a-ab50-26e1974acf6c
2021-08-27 12:20:05,898 [Listener at 127.0.0.1/43833] INFO  impl.RoleInfo (RoleInfo.java:shutdownFollowerState(108)) - 96076b98-8515-473a-ab50-26e1974acf6c: shutdown 96076b98-8515-473a-ab50-26e1974acf6c@group-2816B9E709FD-FollowerState
2021-08-27 12:20:05,898 [Listener at 127.0.0.1/43833] INFO  impl.StateMachineUpdater (StateMachineUpdater.java:stopAndJoin(149)) - 96076b98-8515-473a-ab50-26e1974acf6c@group-2816B9E709FD-StateMachineUpdater: set stopIndex = 0
2021-08-27 12:20:05,898 [96076b98-8515-473a-ab50-26e1974acf6c@group-2816B9E709FD-StateMachineUpdater] INFO  ratis.ContainerStateMachine (ContainerStateMachine.java:takeSnapshot(292)) - group-2816B9E709FD: Taking a snapshot at:(t:2, i:0) file /home/runner/work/ozone/ozone/hadoop-ozone/integration-test/target/test-dir/MiniOzoneClusterImpl-595ad429-f938-4b04-a1e1-fbbc785922f0/datanode-7/data/ratis/5c9aca2d-62a8-42a7-9b38-2816b9e709fd/sm/snapshot.2_0
2021-08-27 12:20:05,899 [96076b98-8515-473a-ab50-26e1974acf6c@group-2816B9E709FD-FollowerState] INFO  impl.FollowerState (FollowerState.java:run(143)) - 96076b98-8515-473a-ab50-26e1974acf6c@group-2816B9E709FD-FollowerState was interrupted: {}
java.lang.InterruptedException: sleep interrupted
	at java.lang.Thread.sleep(Native Method)
	at java.lang.Thread.sleep(Thread.java:340)
	at java.util.concurrent.TimeUnit.sleep(TimeUnit.java:386)
	at org.apache.ratis.util.TimeDuration.sleep(TimeDuration.java:324)
	at org.apache.ratis.util.TimeDuration.sleep(TimeDuration.java:309)
	at org.apache.ratis.server.impl.FollowerState.run(FollowerState.java:118)
2021-08-27 12:20:05,899 [96076b98-8515-473a-ab50-26e1974acf6c@group-2816B9E709FD-StateMachineUpdater] INFO  ratis.ContainerStateMachine (ContainerStateMachine.java:takeSnapshot(303)) - group-2816B9E709FD: Finished taking a snapshot at:(t:2, i:0) file:/home/runner/work/ozone/ozone/hadoop-ozone/integration-test/target/test-dir/MiniOzoneClusterImpl-595ad429-f938-4b04-a1e1-fbbc785922f0/datanode-7/data/ratis/5c9aca2d-62a8-42a7-9b38-2816b9e709fd/sm/snapshot.2_0 took: 0 ms
2021-08-27 12:20:05,899 [96076b98-8515-473a-ab50-26e1974acf6c@group-2816B9E709FD-StateMachineUpdater] INFO  impl.StateMachineUpdater (StateMachineUpdater.java:takeSnapshot(281)) - 96076b98-8515-473a-ab50-26e1974acf6c@group-2816B9E709FD-StateMachineUpdater: Took a snapshot at index 0
2021-08-27 12:20:05,899 [96076b98-8515-473a-ab50-26e1974acf6c@group-2816B9E709FD-StateMachineUpdater] INFO  impl.StateMachineUpdater (StateMachineUpdater.java:lambda$new$0(89)) - 96076b98-8515-473a-ab50-26e1974acf6c@group-2816B9E709FD-StateMachineUpdater: snapshotIndex: updateIncreasingly -1 -> 0
2021-08-27 12:20:05,899 [Listener at 127.0.0.1/43833] INFO  server.RaftServer$Division (ServerState.java:close(419)) - 96076b98-8515-473a-ab50-26e1974acf6c@group-2816B9E709FD: closes. applyIndex: 0
2021-08-27 12:20:05,900 [96076b98-8515-473a-ab50-26e1974acf6c@group-2816B9E709FD-SegmentedRaftLogWorker] INFO  segmented.SegmentedRaftLogWorker (SegmentedRaftLogWorker.java:run(327)) - 96076b98-8515-473a-ab50-26e1974acf6c@group-2816B9E709FD-SegmentedRaftLogWorker was interrupted, exiting. There are 0 tasks remaining in the queue.
2021-08-27 12:20:05,900 [Listener at 127.0.0.1/43833] INFO  segmented.SegmentedRaftLogWorker (SegmentedRaftLogWorker.java:close(237)) - 96076b98-8515-473a-ab50-26e1974acf6c@group-2816B9E709FD-SegmentedRaftLogWorker close()
2021-08-27 12:20:05,900 [Listener at 127.0.0.1/43833] INFO  server.GrpcService (GrpcService.java:closeImpl(262)) - 96076b98-8515-473a-ab50-26e1974acf6c: shutdown server with port 44405 now
2021-08-27 12:20:05,911 [grpc-default-executor-2] INFO  server.GrpcLogAppender (GrpcLogAppender.java:onCompleted(344)) - 97469cba-ac70-4b4e-8b1d-7d1e4e3cf9ac@group-6AA931AC1D3C->f890e39a-5838-4db2-99cf-760c0a4a7b9f-AppendLogResponseHandler: follower responses appendEntries COMPLETED
2021-08-27 12:20:05,911 [grpc-default-executor-2] INFO  leader.FollowerInfo (FollowerInfoImpl.java:lambda$new$0(46)) - 97469cba-ac70-4b4e-8b1d-7d1e4e3cf9ac@group-6AA931AC1D3C->f890e39a-5838-4db2-99cf-760c0a4a7b9f: nextIndex: updateUnconditionally 3 -> 2
2021-08-27 12:20:05,930 [ForkJoinPool.commonPool-worker-1] INFO  server.GrpcService (GrpcService.java:closeImpl(271)) - 97469cba-ac70-4b4e-8b1d-7d1e4e3cf9ac: shutdown server with port 36551 successfully
2021-08-27 12:20:05,930 [org.apache.ratis.util.JvmPauseMonitor$$Lambda$531/1692429552@7e38d1d4] INFO  util.JvmPauseMonitor (JvmPauseMonitor.java:run(109)) - JvmPauseMonitor-97469cba-ac70-4b4e-8b1d-7d1e4e3cf9ac: Stopped
2021-08-27 12:20:05,931 [grpc-default-executor-4] WARN  server.GrpcLogAppender (LogUtils.java:warn(122)) - 1fe13acc-f0f9-4502-98df-9f6d0a8c5d2e@group-2816B9E709FD->96076b98-8515-473a-ab50-26e1974acf6c-AppendLogResponseHandler: Failed appendEntries: org.apache.ratis.thirdparty.io.grpc.StatusRuntimeException: CANCELLED: HTTP/2 error code: CANCEL
Received Rst Stream
2021-08-27 12:20:05,931 [grpc-default-executor-4] WARN  server.GrpcLogAppender (GrpcLogAppender.java:resetClient(111)) - 1fe13acc-f0f9-4502-98df-9f6d0a8c5d2e@group-2816B9E709FD->96076b98-8515-473a-ab50-26e1974acf6c-GrpcLogAppender: Leader has not got in touch with Follower 1fe13acc-f0f9-4502-98df-9f6d0a8c5d2e@group-2816B9E709FD->96076b98-8515-473a-ab50-26e1974acf6c(c0,m0,n1, attendVote=true, lastRpcSendTime=1254, lastRpcResponseTime=1253) yet, just keep nextIndex unchanged and retry.
2021-08-27 12:20:05,931 [grpc-default-executor-2] WARN  server.GrpcServerProtocolService (LogUtils.java:warn(122)) - 96076b98-8515-473a-ab50-26e1974acf6c: installSnapshot onError, lastRequest: 1fe13acc-f0f9-4502-98df-9f6d0a8c5d2e->96076b98-8515-473a-ab50-26e1974acf6c#1-t2,previous=(t:0, i:0),leaderCommit=-1,initializing? true,entries: size=1, first=(t:2, i:0), CONFIGURATIONENTRY: org.apache.ratis.thirdparty.io.grpc.StatusRuntimeException: CANCELLED: client cancelled
2021-08-27 12:20:05,931 [Listener at 127.0.0.1/43833] INFO  server.GrpcService (GrpcService.java:closeImpl(271)) - 96076b98-8515-473a-ab50-26e1974acf6c: shutdown server with port 44405 successfully
2021-08-27 12:20:05,931 [org.apache.ratis.util.JvmPauseMonitor$$Lambda$531/1692429552@7c3b54c0] INFO  util.JvmPauseMonitor (JvmPauseMonitor.java:run(109)) - JvmPauseMonitor-96076b98-8515-473a-ab50-26e1974acf6c: Stopped
2021-08-27 12:20:05,933 [ForkJoinPool.commonPool-worker-1] INFO  utils.BackgroundService (BackgroundService.java:shutdown(132)) - Shutting down service BlockDeletingService
2021-08-27 12:20:05,967 [Listener at 127.0.0.1/43833] INFO  utils.BackgroundService (BackgroundService.java:shutdown(132)) - Shutting down service BlockDeletingService
2021-08-27 12:20:07,182 [grpc-default-executor-0] WARN  server.GrpcLogAppender (LogUtils.java:warn(122)) - 1fe13acc-f0f9-4502-98df-9f6d0a8c5d2e@group-2816B9E709FD->96076b98-8515-473a-ab50-26e1974acf6c-AppendLogResponseHandler: Failed appendEntries: org.apache.ratis.thirdparty.io.grpc.StatusRuntimeException: UNAVAILABLE: io exception
2021-08-27 12:20:07,183 [grpc-default-executor-0] WARN  server.GrpcLogAppender (GrpcLogAppender.java:resetClient(111)) - 1fe13acc-f0f9-4502-98df-9f6d0a8c5d2e@group-2816B9E709FD->96076b98-8515-473a-ab50-26e1974acf6c-GrpcLogAppender: Leader has not got in touch with Follower 1fe13acc-f0f9-4502-98df-9f6d0a8c5d2e@group-2816B9E709FD->96076b98-8515-473a-ab50-26e1974acf6c(c0,m0,n1, attendVote=true, lastRpcSendTime=2506, lastRpcResponseTime=2505) yet, just keep nextIndex unchanged and retry.
2021-08-27 12:20:08,938 [ForkJoinPool.commonPool-worker-1] INFO  statemachine.DatanodeStateMachine (DatanodeStateMachine.java:stopDaemon(515)) - Ozone container server stopped.
2021-08-27 12:20:08,941 [ForkJoinPool.commonPool-worker-1] INFO  handler.ContextHandler (ContextHandler.java:doStop(1153)) - Stopped o.e.j.w.WebAppContext@21557e98{hddsDatanode,/,null,STOPPED}{jar:file:/home/runner/.m2/repository/org/apache/ozone/hdds-container-service/1.2.0-SNAPSHOT/hdds-container-service-1.2.0-SNAPSHOT.jar!/webapps/hddsDatanode}
2021-08-27 12:20:08,946 [ForkJoinPool.commonPool-worker-1] INFO  server.AbstractConnector (AbstractConnector.java:doStop(381)) - Stopped ServerConnector@3fb09dfe{HTTP/1.1, (http/1.1)}{0.0.0.0:0}
2021-08-27 12:20:08,946 [ForkJoinPool.commonPool-worker-1] INFO  server.session (HouseKeeper.java:stopScavenging(149)) - node0 Stopped scavenging
2021-08-27 12:20:08,950 [ForkJoinPool.commonPool-worker-1] INFO  handler.ContextHandler (ContextHandler.java:doStop(1153)) - Stopped o.e.j.s.ServletContextHandler@1ae7c0a8{static,/static,jar:file:/home/runner/.m2/repository/org/apache/ozone/hdds-container-service/1.2.0-SNAPSHOT/hdds-container-service-1.2.0-SNAPSHOT.jar!/webapps/static,STOPPED}
2021-08-27 12:20:08,956 [ForkJoinPool.commonPool-worker-1] INFO  handler.ContextHandler (ContextHandler.java:doStop(1153)) - Stopped o.e.j.s.ServletContextHandler@11bbc6f7{logs,/logs,file:///home/runner/work/ozone/ozone/hadoop-ozone/integration-test/target/log,STOPPED}
2021-08-27 12:20:08,974 [Listener at 127.0.0.1/43833] INFO  statemachine.DatanodeStateMachine (DatanodeStateMachine.java:stopDaemon(515)) - Ozone container server stopped.
2021-08-27 12:20:08,974 [Listener at 127.0.0.1/43833] INFO  handler.ContextHandler (ContextHandler.java:doStop(1153)) - Stopped o.e.j.w.WebAppContext@6c7aff0d{hddsDatanode,/,null,STOPPED}{jar:file:/home/runner/.m2/repository/org/apache/ozone/hdds-container-service/1.2.0-SNAPSHOT/hdds-container-service-1.2.0-SNAPSHOT.jar!/webapps/hddsDatanode}
2021-08-27 12:20:08,978 [Listener at 127.0.0.1/43833] INFO  server.AbstractConnector (AbstractConnector.java:doStop(381)) - Stopped ServerConnector@1825307c{HTTP/1.1, (http/1.1)}{0.0.0.0:0}
2021-08-27 12:20:08,978 [Listener at 127.0.0.1/43833] INFO  server.session (HouseKeeper.java:stopScavenging(149)) - node0 Stopped scavenging
2021-08-27 12:20:08,978 [Listener at 127.0.0.1/43833] INFO  handler.ContextHandler (ContextHandler.java:doStop(1153)) - Stopped o.e.j.s.ServletContextHandler@18f1e506{static,/static,jar:file:/home/runner/.m2/repository/org/apache/ozone/hdds-container-service/1.2.0-SNAPSHOT/hdds-container-service-1.2.0-SNAPSHOT.jar!/webapps/static,STOPPED}
2021-08-27 12:20:08,978 [Listener at 127.0.0.1/43833] INFO  handler.ContextHandler (ContextHandler.java:doStop(1153)) - Stopped o.e.j.s.ServletContextHandler@59b80558{logs,/logs,file:///home/runner/work/ozone/ozone/hadoop-ozone/integration-test/target/log,STOPPED}
2021-08-27 12:20:09,507 [Datanode State Machine Thread - 0] INFO  statemachine.DatanodeStateMachine (DatanodeStateMachine.java:lambda$startDaemon$0(457)) - Ozone container server started.
2021-08-27 12:20:09,572 [Datanode State Machine Thread - 0] INFO  statemachine.DatanodeStateMachine (DatanodeStateMachine.java:lambda$startDaemon$0(457)) - Ozone container server started.
2021-08-27 12:20:09,690 [grpc-default-executor-0] WARN  server.GrpcLogAppender (LogUtils.java:warn(122)) - 1fe13acc-f0f9-4502-98df-9f6d0a8c5d2e@group-2816B9E709FD->96076b98-8515-473a-ab50-26e1974acf6c-AppendLogResponseHandler: Failed appendEntries: org.apache.ratis.thirdparty.io.grpc.StatusRuntimeException: UNAVAILABLE: io exception
2021-08-27 12:20:09,690 [grpc-default-executor-0] WARN  server.GrpcLogAppender (GrpcLogAppender.java:resetClient(111)) - 1fe13acc-f0f9-4502-98df-9f6d0a8c5d2e@group-2816B9E709FD->96076b98-8515-473a-ab50-26e1974acf6c-GrpcLogAppender: Leader has not got in touch with Follower 1fe13acc-f0f9-4502-98df-9f6d0a8c5d2e@group-2816B9E709FD->96076b98-8515-473a-ab50-26e1974acf6c(c0,m0,n1, attendVote=true, lastRpcSendTime=0, lastRpcResponseTime=5013) yet, just keep nextIndex unchanged and retry.
2021-08-27 12:20:12,190 [grpc-default-executor-0] WARN  server.GrpcLogAppender (LogUtils.java:warn(122)) - 1fe13acc-f0f9-4502-98df-9f6d0a8c5d2e@group-2816B9E709FD->96076b98-8515-473a-ab50-26e1974acf6c-AppendLogResponseHandler: Failed appendEntries: org.apache.ratis.thirdparty.io.grpc.StatusRuntimeException: UNAVAILABLE: io exception
2021-08-27 12:20:12,191 [grpc-default-executor-0] WARN  server.GrpcLogAppender (GrpcLogAppender.java:resetClient(111)) - 1fe13acc-f0f9-4502-98df-9f6d0a8c5d2e@group-2816B9E709FD->96076b98-8515-473a-ab50-26e1974acf6c-GrpcLogAppender: Leader has not got in touch with Follower 1fe13acc-f0f9-4502-98df-9f6d0a8c5d2e@group-2816B9E709FD->96076b98-8515-473a-ab50-26e1974acf6c(c0,m0,n1, attendVote=true, lastRpcSendTime=1, lastRpcResponseTime=7514) yet, just keep nextIndex unchanged and retry.
2021-08-27 12:20:13,698 [EventQueue-StaleNodeForStaleNodeHandler] INFO  node.StaleNodeHandler (StaleNodeHandler.java:onMessage(58)) - Datanode 8406e4c7-9c64-45ff-a753-663392bee600{ip: 10.1.0.9, host: fv-az122-729.zf1tlrj3kn4expqppa1j4mpycf.xx.internal.cloudapp.net, ports: [REPLICATION=43661, RATIS=43903, RATIS_ADMIN=43903, RATIS_SERVER=43903, STANDALONE=34477], networkLocation: /default-rack, certSerialId: null, persistedOpState: IN_SERVICE, persistedOpStateExpiryEpochSec: 0} moved to stale state. Finalizing its pipelines [PipelineID=b587afb6-e83e-4169-8ffb-71bb057e84db, PipelineID=d60ec560-7dcf-4b46-bf9d-73f2619da9b8]
2021-08-27 12:20:13,700 [EventQueue-StaleNodeForStaleNodeHandler] INFO  pipeline.PipelineManagerImpl (PipelineManagerImpl.java:closePipeline(342)) - Pipeline Pipeline[ Id: b587afb6-e83e-4169-8ffb-71bb057e84db, Nodes: 8406e4c7-9c64-45ff-a753-663392bee600{ip: 10.1.0.9, host: fv-az122-729.zf1tlrj3kn4expqppa1j4mpycf.xx.internal.cloudapp.net, ports: [REPLICATION=43661, RATIS=43903, RATIS_ADMIN=43903, RATIS_SERVER=43903, STANDALONE=34477], networkLocation: /default-rack, certSerialId: null, persistedOpState: IN_SERVICE, persistedOpStateExpiryEpochSec: 0}, ReplicationConfig: RATIS/ONE, State:OPEN, leaderId:8406e4c7-9c64-45ff-a753-663392bee600, CreationTimestamp2021-08-27T12:19:20.433Z[Etc/UTC]] moved to CLOSED state
2021-08-27 12:20:13,700 [EventQueue-StaleNodeForStaleNodeHandler] INFO  pipeline.PipelineManagerImpl (PipelineManagerImpl.java:closePipeline(342)) - Pipeline Pipeline[ Id: d60ec560-7dcf-4b46-bf9d-73f2619da9b8, Nodes: 8406e4c7-9c64-45ff-a753-663392bee600{ip: 10.1.0.9, host: fv-az122-729.zf1tlrj3kn4expqppa1j4mpycf.xx.internal.cloudapp.net, ports: [REPLICATION=43661, RATIS=43903, RATIS_ADMIN=43903, RATIS_SERVER=43903, STANDALONE=34477], networkLocation: /default-rack, certSerialId: null, persistedOpState: IN_SERVICE, persistedOpStateExpiryEpochSec: 0}0bc7842a-14bb-4f31-a0ca-67e37dbbf265{ip: 10.1.0.9, host: fv-az122-729.zf1tlrj3kn4expqppa1j4mpycf.xx.internal.cloudapp.net, ports: [REPLICATION=44289, RATIS=39103, RATIS_ADMIN=39103, RATIS_SERVER=39103, STANDALONE=42113], networkLocation: /default-rack, certSerialId: null, persistedOpState: IN_SERVICE, persistedOpStateExpiryEpochSec: 0}1627f0ec-3267-4946-a770-cb64d6080904{ip: 10.1.0.9, host: fv-az122-729.zf1tlrj3kn4expqppa1j4mpycf.xx.internal.cloudapp.net, ports: [REPLICATION=34719, RATIS=39909, RATIS_ADMIN=39909, RATIS_SERVER=39909, STANDALONE=42461], networkLocation: /default-rack, certSerialId: null, persistedOpState: IN_SERVICE, persistedOpStateExpiryEpochSec: 0}, ReplicationConfig: RATIS/THREE, State:ALLOCATED, leaderId:, CreationTimestamp2021-08-27T12:19:20.709Z[Etc/UTC]] moved to CLOSED state
2021-08-27 12:20:13,715 [f890e39a-5838-4db2-99cf-760c0a4a7b9f@group-6AA931AC1D3C-FollowerState] INFO  impl.FollowerState (FollowerState.java:run(134)) - f890e39a-5838-4db2-99cf-760c0a4a7b9f@group-6AA931AC1D3C-FollowerState: change to CANDIDATE, lastRpcElapsedTime:7988397028ns, electionTimeout:5190ms
2021-08-27 12:20:13,715 [f890e39a-5838-4db2-99cf-760c0a4a7b9f@group-6AA931AC1D3C-FollowerState] INFO  impl.RoleInfo (RoleInfo.java:shutdownFollowerState(108)) - f890e39a-5838-4db2-99cf-760c0a4a7b9f: shutdown f890e39a-5838-4db2-99cf-760c0a4a7b9f@group-6AA931AC1D3C-FollowerState
2021-08-27 12:20:13,715 [f890e39a-5838-4db2-99cf-760c0a4a7b9f@group-6AA931AC1D3C-FollowerState] INFO  server.RaftServer$Division (RaftServerImpl.java:setRole(285)) - f890e39a-5838-4db2-99cf-760c0a4a7b9f@group-6AA931AC1D3C: changes role from  FOLLOWER to CANDIDATE at term 6 for changeToCandidate
2021-08-27 12:20:13,715 [f890e39a-5838-4db2-99cf-760c0a4a7b9f@group-6AA931AC1D3C-FollowerState] INFO  server.RaftServerConfigKeys (ConfUtils.java:logGet(44)) - raft.server.leaderelection.pre-vote = false (custom)
2021-08-27 12:20:13,715 [f890e39a-5838-4db2-99cf-760c0a4a7b9f@group-6AA931AC1D3C-FollowerState] INFO  impl.RoleInfo (RoleInfo.java:updateAndGet(130)) - f890e39a-5838-4db2-99cf-760c0a4a7b9f: start f890e39a-5838-4db2-99cf-760c0a4a7b9f@group-6AA931AC1D3C-LeaderElection85
2021-08-27 12:20:13,727 [f890e39a-5838-4db2-99cf-760c0a4a7b9f@group-6AA931AC1D3C-LeaderElection85] INFO  server.RaftServer$Division (ServerState.java:setLeader(285)) - f890e39a-5838-4db2-99cf-760c0a4a7b9f@group-6AA931AC1D3C: change Leader from 97469cba-ac70-4b4e-8b1d-7d1e4e3cf9ac to null at term 6 for ELECTION
2021-08-27 12:20:13,729 [f890e39a-5838-4db2-99cf-760c0a4a7b9f@group-6AA931AC1D3C-LeaderElection85] INFO  impl.LeaderElection (LeaderElection.java:askForVotes(306)) - f890e39a-5838-4db2-99cf-760c0a4a7b9f@group-6AA931AC1D3C-LeaderElection85 ELECTION round 0: submit vote requests at term 7 for 1: [dd2b24ff-1eae-4a3e-81dc-b04424e7f942|rpc:10.1.0.9:39127|dataStream:|priority:0, f890e39a-5838-4db2-99cf-760c0a4a7b9f|rpc:10.1.0.9:38659|dataStream:|priority:0, 97469cba-ac70-4b4e-8b1d-7d1e4e3cf9ac|rpc:10.1.0.9:36551|dataStream:|priority:1], old=null
2021-08-27 12:20:13,739 [f890e39a-5838-4db2-99cf-760c0a4a7b9f@group-6AA931AC1D3C-LeaderElection85] INFO  impl.LeaderElection (LogUtils.java:infoOrTrace(137)) - f890e39a-5838-4db2-99cf-760c0a4a7b9f@group-6AA931AC1D3C-LeaderElection85 got exception when requesting votes: java.util.concurrent.ExecutionException: org.apache.ratis.thirdparty.io.grpc.StatusRuntimeException: UNAVAILABLE: io exception
2021-08-27 12:20:13,768 [f890e39a-5838-4db2-99cf-760c0a4a7b9f@group-6AA931AC1D3C-LeaderElection85] INFO  impl.LeaderElection (LogUtils.java:infoOrTrace(137)) - f890e39a-5838-4db2-99cf-760c0a4a7b9f@group-6AA931AC1D3C-LeaderElection85 got exception when requesting votes: java.util.concurrent.ExecutionException: org.apache.ratis.thirdparty.io.grpc.StatusRuntimeException: UNAVAILABLE: io exception
2021-08-27 12:20:13,769 [f890e39a-5838-4db2-99cf-760c0a4a7b9f@group-6AA931AC1D3C-LeaderElection85] INFO  impl.LeaderElection (LeaderElection.java:logAndReturn(89)) - f890e39a-5838-4db2-99cf-760c0a4a7b9f@group-6AA931AC1D3C-LeaderElection85: ELECTION REJECTED received 0 response(s) and 2 exception(s):
2021-08-27 12:20:13,769 [f890e39a-5838-4db2-99cf-760c0a4a7b9f@group-6AA931AC1D3C-LeaderElection85] INFO  impl.LeaderElection (LogUtils.java:infoOrTrace(137)) -   Exception 0: java.util.concurrent.ExecutionException: org.apache.ratis.thirdparty.io.grpc.StatusRuntimeException: UNAVAILABLE: io exception
2021-08-27 12:20:13,769 [f890e39a-5838-4db2-99cf-760c0a4a7b9f@group-6AA931AC1D3C-LeaderElection85] INFO  impl.LeaderElection (LogUtils.java:infoOrTrace(137)) -   Exception 1: java.util.concurrent.ExecutionException: org.apache.ratis.thirdparty.io.grpc.StatusRuntimeException: UNAVAILABLE: io exception
2021-08-27 12:20:13,769 [f890e39a-5838-4db2-99cf-760c0a4a7b9f@group-6AA931AC1D3C-LeaderElection85] INFO  impl.LeaderElection (LeaderElection.java:askForVotes(308)) - f890e39a-5838-4db2-99cf-760c0a4a7b9f@group-6AA931AC1D3C-LeaderElection85 ELECTION round 0: result REJECTED
2021-08-27 12:20:13,769 [f890e39a-5838-4db2-99cf-760c0a4a7b9f@group-6AA931AC1D3C-LeaderElection85] INFO  server.RaftServer$Division (RaftServerImpl.java:setRole(285)) - f890e39a-5838-4db2-99cf-760c0a4a7b9f@group-6AA931AC1D3C: changes role from CANDIDATE to FOLLOWER at term 7 for REJECTED
2021-08-27 12:20:13,769 [f890e39a-5838-4db2-99cf-760c0a4a7b9f@group-6AA931AC1D3C-LeaderElection85] INFO  impl.RoleInfo (RoleInfo.java:shutdownLeaderElection(121)) - f890e39a-5838-4db2-99cf-760c0a4a7b9f: shutdown f890e39a-5838-4db2-99cf-760c0a4a7b9f@group-6AA931AC1D3C-LeaderElection85
2021-08-27 12:20:13,769 [f890e39a-5838-4db2-99cf-760c0a4a7b9f@group-6AA931AC1D3C-LeaderElection85] INFO  impl.RoleInfo (RoleInfo.java:updateAndGet(130)) - f890e39a-5838-4db2-99cf-760c0a4a7b9f: start f890e39a-5838-4db2-99cf-760c0a4a7b9f@group-6AA931AC1D3C-FollowerState
2021-08-27 12:20:13,966 [ForkJoinPool.commonPool-worker-1] INFO  ozoneimpl.OzoneContainer (OzoneContainer.java:stop(326)) - Attempting to stop container services.
2021-08-27 12:20:13,966 [ForkJoinPool.commonPool-worker-1] INFO  server.RaftServer (RaftServerProxy.java:lambda$close$6(391)) - f890e39a-5838-4db2-99cf-760c0a4a7b9f: close
2021-08-27 12:20:13,967 [ForkJoinPool.commonPool-worker-1] INFO  server.RaftServer$Division (RaftServerImpl.java:lambda$close$4(407)) - f890e39a-5838-4db2-99cf-760c0a4a7b9f@group-A0FC95479FB1: shutdown
2021-08-27 12:20:13,967 [ForkJoinPool.commonPool-worker-1] INFO  util.JmxRegister (JmxRegister.java:unregister(73)) - Successfully un-registered JMX Bean with object name Ratis:service=RaftServer,group=group-A0FC95479FB1,id=f890e39a-5838-4db2-99cf-760c0a4a7b9f
2021-08-27 12:20:13,967 [ForkJoinPool.commonPool-worker-1] INFO  impl.RoleInfo (RoleInfo.java:shutdownLeaderState(91)) - f890e39a-5838-4db2-99cf-760c0a4a7b9f: shutdown f890e39a-5838-4db2-99cf-760c0a4a7b9f@group-A0FC95479FB1-LeaderStateImpl
2021-08-27 12:20:13,967 [ForkJoinPool.commonPool-worker-1] INFO  impl.PendingRequests (PendingRequests.java:sendNotLeaderResponses(282)) - f890e39a-5838-4db2-99cf-760c0a4a7b9f@group-A0FC95479FB1-PendingRequests: sendNotLeaderResponses
2021-08-27 12:20:13,968 [ForkJoinPool.commonPool-worker-1] INFO  impl.StateMachineUpdater (StateMachineUpdater.java:stopAndJoin(149)) - f890e39a-5838-4db2-99cf-760c0a4a7b9f@group-A0FC95479FB1-StateMachineUpdater: set stopIndex = 0
2021-08-27 12:20:13,968 [f890e39a-5838-4db2-99cf-760c0a4a7b9f@group-A0FC95479FB1-StateMachineUpdater] INFO  ratis.ContainerStateMachine (ContainerStateMachine.java:takeSnapshot(292)) - group-A0FC95479FB1: Taking a snapshot at:(t:1, i:0) file /home/runner/work/ozone/ozone/hadoop-ozone/integration-test/target/test-dir/MiniOzoneClusterImpl-595ad429-f938-4b04-a1e1-fbbc785922f0/datanode-1/data/ratis/9f328766-b087-46a9-b866-a0fc95479fb1/sm/snapshot.1_0
2021-08-27 12:20:13,969 [f890e39a-5838-4db2-99cf-760c0a4a7b9f@group-A0FC95479FB1-StateMachineUpdater] INFO  ratis.ContainerStateMachine (ContainerStateMachine.java:takeSnapshot(303)) - group-A0FC95479FB1: Finished taking a snapshot at:(t:1, i:0) file:/home/runner/work/ozone/ozone/hadoop-ozone/integration-test/target/test-dir/MiniOzoneClusterImpl-595ad429-f938-4b04-a1e1-fbbc785922f0/datanode-1/data/ratis/9f328766-b087-46a9-b866-a0fc95479fb1/sm/snapshot.1_0 took: 1 ms
2021-08-27 12:20:13,969 [f890e39a-5838-4db2-99cf-760c0a4a7b9f@group-A0FC95479FB1-StateMachineUpdater] INFO  impl.StateMachineUpdater (StateMachineUpdater.java:takeSnapshot(281)) - f890e39a-5838-4db2-99cf-760c0a4a7b9f@group-A0FC95479FB1-StateMachineUpdater: Took a snapshot at index 0
2021-08-27 12:20:13,969 [f890e39a-5838-4db2-99cf-760c0a4a7b9f@group-A0FC95479FB1-StateMachineUpdater] INFO  impl.StateMachineUpdater (StateMachineUpdater.java:lambda$new$0(89)) - f890e39a-5838-4db2-99cf-760c0a4a7b9f@group-A0FC95479FB1-StateMachineUpdater: snapshotIndex: updateIncreasingly -1 -> 0
2021-08-27 12:20:13,969 [ForkJoinPool.commonPool-worker-1] INFO  server.RaftServer$Division (ServerState.java:close(419)) - f890e39a-5838-4db2-99cf-760c0a4a7b9f@group-A0FC95479FB1: closes. applyIndex: 0
2021-08-27 12:20:13,970 [f890e39a-5838-4db2-99cf-760c0a4a7b9f@group-A0FC95479FB1-SegmentedRaftLogWorker] INFO  segmented.SegmentedRaftLogWorker (SegmentedRaftLogWorker.java:run(327)) - f890e39a-5838-4db2-99cf-760c0a4a7b9f@group-A0FC95479FB1-SegmentedRaftLogWorker was interrupted, exiting. There are 0 tasks remaining in the queue.
2021-08-27 12:20:13,970 [ForkJoinPool.commonPool-worker-1] INFO  segmented.SegmentedRaftLogWorker (SegmentedRaftLogWorker.java:close(237)) - f890e39a-5838-4db2-99cf-760c0a4a7b9f@group-A0FC95479FB1-SegmentedRaftLogWorker close()
2021-08-27 12:20:13,971 [ForkJoinPool.commonPool-worker-1] INFO  server.RaftServer$Division (RaftServerImpl.java:lambda$close$4(407)) - f890e39a-5838-4db2-99cf-760c0a4a7b9f@group-6AA931AC1D3C: shutdown
2021-08-27 12:20:13,971 [ForkJoinPool.commonPool-worker-1] INFO  util.JmxRegister (JmxRegister.java:unregister(73)) - Successfully un-registered JMX Bean with object name Ratis:service=RaftServer,group=group-6AA931AC1D3C,id=f890e39a-5838-4db2-99cf-760c0a4a7b9f
2021-08-27 12:20:13,972 [ForkJoinPool.commonPool-worker-1] INFO  impl.RoleInfo (RoleInfo.java:shutdownFollowerState(108)) - f890e39a-5838-4db2-99cf-760c0a4a7b9f: shutdown f890e39a-5838-4db2-99cf-760c0a4a7b9f@group-6AA931AC1D3C-FollowerState
2021-08-27 12:20:13,972 [ForkJoinPool.commonPool-worker-1] INFO  impl.StateMachineUpdater (StateMachineUpdater.java:stopAndJoin(149)) - f890e39a-5838-4db2-99cf-760c0a4a7b9f@group-6AA931AC1D3C-StateMachineUpdater: set stopIndex = 2
2021-08-27 12:20:13,972 [f890e39a-5838-4db2-99cf-760c0a4a7b9f@group-6AA931AC1D3C-FollowerState] INFO  impl.FollowerState (FollowerState.java:run(143)) - f890e39a-5838-4db2-99cf-760c0a4a7b9f@group-6AA931AC1D3C-FollowerState was interrupted: {}
java.lang.InterruptedException: sleep interrupted
	at java.lang.Thread.sleep(Native Method)
	at java.lang.Thread.sleep(Thread.java:340)
	at java.util.concurrent.TimeUnit.sleep(TimeUnit.java:386)
	at org.apache.ratis.util.TimeDuration.sleep(TimeDuration.java:324)
	at org.apache.ratis.util.TimeDuration.sleep(TimeDuration.java:309)
	at org.apache.ratis.server.impl.FollowerState.run(FollowerState.java:118)
2021-08-27 12:20:13,972 [f890e39a-5838-4db2-99cf-760c0a4a7b9f@group-6AA931AC1D3C-StateMachineUpdater] INFO  ratis.ContainerStateMachine (ContainerStateMachine.java:takeSnapshot(292)) - group-6AA931AC1D3C: Taking a snapshot at:(t:6, i:2) file /home/runner/work/ozone/ozone/hadoop-ozone/integration-test/target/test-dir/MiniOzoneClusterImpl-595ad429-f938-4b04-a1e1-fbbc785922f0/datanode-1/data/ratis/8e08a3c8-b922-4d02-9de6-6aa931ac1d3c/sm/snapshot.6_2
2021-08-27 12:20:13,973 [f890e39a-5838-4db2-99cf-760c0a4a7b9f@group-6AA931AC1D3C-StateMachineUpdater] INFO  ratis.ContainerStateMachine (ContainerStateMachine.java:takeSnapshot(303)) - group-6AA931AC1D3C: Finished taking a snapshot at:(t:6, i:2) file:/home/runner/work/ozone/ozone/hadoop-ozone/integration-test/target/test-dir/MiniOzoneClusterImpl-595ad429-f938-4b04-a1e1-fbbc785922f0/datanode-1/data/ratis/8e08a3c8-b922-4d02-9de6-6aa931ac1d3c/sm/snapshot.6_2 took: 0 ms
2021-08-27 12:20:13,974 [f890e39a-5838-4db2-99cf-760c0a4a7b9f@group-6AA931AC1D3C-StateMachineUpdater] INFO  impl.StateMachineUpdater (StateMachineUpdater.java:takeSnapshot(281)) - f890e39a-5838-4db2-99cf-760c0a4a7b9f@group-6AA931AC1D3C-StateMachineUpdater: Took a snapshot at index 2
2021-08-27 12:20:13,974 [f890e39a-5838-4db2-99cf-760c0a4a7b9f@group-6AA931AC1D3C-StateMachineUpdater] INFO  impl.StateMachineUpdater (StateMachineUpdater.java:lambda$new$0(89)) - f890e39a-5838-4db2-99cf-760c0a4a7b9f@group-6AA931AC1D3C-StateMachineUpdater: snapshotIndex: updateIncreasingly -1 -> 2
2021-08-27 12:20:13,975 [ForkJoinPool.commonPool-worker-1] INFO  server.RaftServer$Division (ServerState.java:close(419)) - f890e39a-5838-4db2-99cf-760c0a4a7b9f@group-6AA931AC1D3C: closes. applyIndex: 2
2021-08-27 12:20:13,975 [f890e39a-5838-4db2-99cf-760c0a4a7b9f@group-6AA931AC1D3C-SegmentedRaftLogWorker] INFO  segmented.SegmentedRaftLogWorker (SegmentedRaftLogWorker.java:run(327)) - f890e39a-5838-4db2-99cf-760c0a4a7b9f@group-6AA931AC1D3C-SegmentedRaftLogWorker was interrupted, exiting. There are 0 tasks remaining in the queue.
2021-08-27 12:20:13,975 [ForkJoinPool.commonPool-worker-1] INFO  segmented.SegmentedRaftLogWorker (SegmentedRaftLogWorker.java:close(237)) - f890e39a-5838-4db2-99cf-760c0a4a7b9f@group-6AA931AC1D3C-SegmentedRaftLogWorker close()
2021-08-27 12:20:13,976 [ForkJoinPool.commonPool-worker-1] INFO  server.GrpcService (GrpcService.java:closeImpl(262)) - f890e39a-5838-4db2-99cf-760c0a4a7b9f: shutdown server with port 38659 now
2021-08-27 12:20:13,985 [Listener at 127.0.0.1/43833] INFO  ozoneimpl.OzoneContainer (OzoneContainer.java:stop(326)) - Attempting to stop container services.
2021-08-27 12:20:13,990 [ForkJoinPool.commonPool-worker-1] INFO  server.GrpcService (GrpcService.java:closeImpl(271)) - f890e39a-5838-4db2-99cf-760c0a4a7b9f: shutdown server with port 38659 successfully
2021-08-27 12:20:13,990 [org.apache.ratis.util.JvmPauseMonitor$$Lambda$531/1692429552@209f87c8] INFO  util.JvmPauseMonitor (JvmPauseMonitor.java:run(109)) - JvmPauseMonitor-f890e39a-5838-4db2-99cf-760c0a4a7b9f: Stopped
2021-08-27 12:20:13,991 [Listener at 127.0.0.1/43833] INFO  server.RaftServer (RaftServerProxy.java:lambda$close$6(391)) - 1fe13acc-f0f9-4502-98df-9f6d0a8c5d2e: close
2021-08-27 12:20:13,991 [Listener at 127.0.0.1/43833] INFO  server.RaftServer$Division (RaftServerImpl.java:lambda$close$4(407)) - 1fe13acc-f0f9-4502-98df-9f6d0a8c5d2e@group-2816B9E709FD: shutdown
2021-08-27 12:20:13,991 [Listener at 127.0.0.1/43833] INFO  util.JmxRegister (JmxRegister.java:unregister(73)) - Successfully un-registered JMX Bean with object name Ratis:service=RaftServer,group=group-2816B9E709FD,id=1fe13acc-f0f9-4502-98df-9f6d0a8c5d2e
2021-08-27 12:20:13,991 [Listener at 127.0.0.1/43833] INFO  impl.RoleInfo (RoleInfo.java:shutdownLeaderState(91)) - 1fe13acc-f0f9-4502-98df-9f6d0a8c5d2e: shutdown 1fe13acc-f0f9-4502-98df-9f6d0a8c5d2e@group-2816B9E709FD-LeaderStateImpl
2021-08-27 12:20:13,992 [Listener at 127.0.0.1/43833] INFO  impl.PendingRequests (PendingRequests.java:sendNotLeaderResponses(282)) - 1fe13acc-f0f9-4502-98df-9f6d0a8c5d2e@group-2816B9E709FD-PendingRequests: sendNotLeaderResponses
2021-08-27 12:20:13,993 [1fe13acc-f0f9-4502-98df-9f6d0a8c5d2e@group-2816B9E709FD-StateMachineUpdater] INFO  ratis.ContainerStateMachine (ContainerStateMachine.java:takeSnapshot(292)) - group-2816B9E709FD: Taking a snapshot at:(t:2, i:0) file /home/runner/work/ozone/ozone/hadoop-ozone/integration-test/target/test-dir/MiniOzoneClusterImpl-595ad429-f938-4b04-a1e1-fbbc785922f0/datanode-8/data/ratis/5c9aca2d-62a8-42a7-9b38-2816b9e709fd/sm/snapshot.2_0
2021-08-27 12:20:13,993 [Listener at 127.0.0.1/43833] INFO  impl.StateMachineUpdater (StateMachineUpdater.java:stopAndJoin(149)) - 1fe13acc-f0f9-4502-98df-9f6d0a8c5d2e@group-2816B9E709FD-StateMachineUpdater: set stopIndex = 0
2021-08-27 12:20:13,993 [1fe13acc-f0f9-4502-98df-9f6d0a8c5d2e@group-2816B9E709FD->ff42b6c9-4897-43a9-a52a-fdd67bba99ae-GrpcLogAppender-LogAppenderDaemon] WARN  server.GrpcLogAppender (GrpcLogAppender.java:mayWait(175)) - 1fe13acc-f0f9-4502-98df-9f6d0a8c5d2e@group-2816B9E709FD->ff42b6c9-4897-43a9-a52a-fdd67bba99ae-GrpcLogAppender: Wait interrupted by java.lang.InterruptedException
2021-08-27 12:20:13,994 [grpc-default-executor-0] INFO  server.GrpcServerProtocolService (GrpcServerProtocolService.java:onCompleted(140)) - ff42b6c9-4897-43a9-a52a-fdd67bba99ae: Completed APPEND_ENTRIES, lastRequest: 1fe13acc-f0f9-4502-98df-9f6d0a8c5d2e->ff42b6c9-4897-43a9-a52a-fdd67bba99ae#1-t2,previous=(t:0, i:0),leaderCommit=-1,initializing? true,entries: size=1, first=(t:2, i:0), CONFIGURATIONENTRY
2021-08-27 12:20:13,994 [grpc-default-executor-2] INFO  server.GrpcLogAppender (GrpcLogAppender.java:onCompleted(344)) - 1fe13acc-f0f9-4502-98df-9f6d0a8c5d2e@group-2816B9E709FD->ff42b6c9-4897-43a9-a52a-fdd67bba99ae-AppendLogResponseHandler: follower responses appendEntries COMPLETED
2021-08-27 12:20:13,995 [grpc-default-executor-2] INFO  leader.FollowerInfo (FollowerInfoImpl.java:lambda$new$0(46)) - 1fe13acc-f0f9-4502-98df-9f6d0a8c5d2e@group-2816B9E709FD->ff42b6c9-4897-43a9-a52a-fdd67bba99ae: nextIndex: updateUnconditionally 1 -> 0
2021-08-27 12:20:13,995 [1fe13acc-f0f9-4502-98df-9f6d0a8c5d2e@group-2816B9E709FD-StateMachineUpdater] INFO  ratis.ContainerStateMachine (ContainerStateMachine.java:takeSnapshot(303)) - group-2816B9E709FD: Finished taking a snapshot at:(t:2, i:0) file:/home/runner/work/ozone/ozone/hadoop-ozone/integration-test/target/test-dir/MiniOzoneClusterImpl-595ad429-f938-4b04-a1e1-fbbc785922f0/datanode-8/data/ratis/5c9aca2d-62a8-42a7-9b38-2816b9e709fd/sm/snapshot.2_0 took: 2 ms
2021-08-27 12:20:13,995 [1fe13acc-f0f9-4502-98df-9f6d0a8c5d2e@group-2816B9E709FD-StateMachineUpdater] INFO  impl.StateMachineUpdater (StateMachineUpdater.java:takeSnapshot(281)) - 1fe13acc-f0f9-4502-98df-9f6d0a8c5d2e@group-2816B9E709FD-StateMachineUpdater: Took a snapshot at index 0
2021-08-27 12:20:13,995 [1fe13acc-f0f9-4502-98df-9f6d0a8c5d2e@group-2816B9E709FD-StateMachineUpdater] INFO  impl.StateMachineUpdater (StateMachineUpdater.java:lambda$new$0(89)) - 1fe13acc-f0f9-4502-98df-9f6d0a8c5d2e@group-2816B9E709FD-StateMachineUpdater: snapshotIndex: updateIncreasingly -1 -> 0
2021-08-27 12:20:14,002 [Listener at 127.0.0.1/43833] INFO  server.RaftServer$Division (ServerState.java:close(419)) - 1fe13acc-f0f9-4502-98df-9f6d0a8c5d2e@group-2816B9E709FD: closes. applyIndex: 0
2021-08-27 12:20:14,002 [EventQueue-StaleNodeForStaleNodeHandler] INFO  node.StaleNodeHandler (StaleNodeHandler.java:onMessage(58)) - Datanode dd2b24ff-1eae-4a3e-81dc-b04424e7f942{ip: 10.1.0.9, host: fv-az122-729.zf1tlrj3kn4expqppa1j4mpycf.xx.internal.cloudapp.net, ports: [REPLICATION=39075, RATIS=39127, RATIS_ADMIN=39127, RATIS_SERVER=39127, STANDALONE=44719], networkLocation: /default-rack, certSerialId: null, persistedOpState: IN_SERVICE, persistedOpStateExpiryEpochSec: 0} moved to stale state. Finalizing its pipelines [PipelineID=61a619c2-92f5-4d96-96f4-4ba538602507, PipelineID=8e08a3c8-b922-4d02-9de6-6aa931ac1d3c]
2021-08-27 12:20:14,003 [EventQueue-StaleNodeForStaleNodeHandler] INFO  pipeline.PipelineManagerImpl (PipelineManagerImpl.java:closePipeline(342)) - Pipeline Pipeline[ Id: 61a619c2-92f5-4d96-96f4-4ba538602507, Nodes: dd2b24ff-1eae-4a3e-81dc-b04424e7f942{ip: 10.1.0.9, host: fv-az122-729.zf1tlrj3kn4expqppa1j4mpycf.xx.internal.cloudapp.net, ports: [REPLICATION=39075, RATIS=39127, RATIS_ADMIN=39127, RATIS_SERVER=39127, STANDALONE=44719], networkLocation: /default-rack, certSerialId: null, persistedOpState: IN_SERVICE, persistedOpStateExpiryEpochSec: 0}, ReplicationConfig: RATIS/ONE, State:OPEN, leaderId:dd2b24ff-1eae-4a3e-81dc-b04424e7f942, CreationTimestamp2021-08-27T12:19:19.850Z[Etc/UTC]] moved to CLOSED state
2021-08-27 12:20:14,003 [EventQueue-StaleNodeForStaleNodeHandler] INFO  pipeline.PipelineManagerImpl (PipelineManagerImpl.java:closePipeline(342)) - Pipeline Pipeline[ Id: 8e08a3c8-b922-4d02-9de6-6aa931ac1d3c, Nodes: f890e39a-5838-4db2-99cf-760c0a4a7b9f{ip: 10.1.0.9, host: fv-az122-729.zf1tlrj3kn4expqppa1j4mpycf.xx.internal.cloudapp.net, ports: [REPLICATION=35351, RATIS=38659, RATIS_ADMIN=38659, RATIS_SERVER=38659, STANDALONE=39183], networkLocation: /default-rack, certSerialId: null, persistedOpState: IN_SERVICE, persistedOpStateExpiryEpochSec: 0}97469cba-ac70-4b4e-8b1d-7d1e4e3cf9ac{ip: 10.1.0.9, host: fv-az122-729.zf1tlrj3kn4expqppa1j4mpycf.xx.internal.cloudapp.net, ports: [REPLICATION=34189, RATIS=36551, RATIS_ADMIN=36551, RATIS_SERVER=36551, STANDALONE=39425], networkLocation: /default-rack, certSerialId: null, persistedOpState: IN_SERVICE, persistedOpStateExpiryEpochSec: 0}dd2b24ff-1eae-4a3e-81dc-b04424e7f942{ip: 10.1.0.9, host: fv-az122-729.zf1tlrj3kn4expqppa1j4mpycf.xx.internal.cloudapp.net, ports: [REPLICATION=39075, RATIS=39127, RATIS_ADMIN=39127, RATIS_SERVER=39127, STANDALONE=44719], networkLocation: /default-rack, certSerialId: null, persistedOpState: IN_SERVICE, persistedOpStateExpiryEpochSec: 0}, ReplicationConfig: RATIS/THREE, State:OPEN, leaderId:97469cba-ac70-4b4e-8b1d-7d1e4e3cf9ac, CreationTimestamp2021-08-27T12:19:19.850Z[Etc/UTC]] moved to CLOSED state
2021-08-27 12:20:14,012 [1fe13acc-f0f9-4502-98df-9f6d0a8c5d2e@group-2816B9E709FD-SegmentedRaftLogWorker] INFO  segmented.SegmentedRaftLogWorker (SegmentedRaftLogWorker.java:run(327)) - 1fe13acc-f0f9-4502-98df-9f6d0a8c5d2e@group-2816B9E709FD-SegmentedRaftLogWorker was interrupted, exiting. There are 0 tasks remaining in the queue.
2021-08-27 12:20:14,013 [Listener at 127.0.0.1/43833] INFO  segmented.SegmentedRaftLogWorker (SegmentedRaftLogWorker.java:close(237)) - 1fe13acc-f0f9-4502-98df-9f6d0a8c5d2e@group-2816B9E709FD-SegmentedRaftLogWorker close()
2021-08-27 12:20:14,023 [Listener at 127.0.0.1/43833] INFO  server.RaftServer$Division (RaftServerImpl.java:lambda$close$4(407)) - 1fe13acc-f0f9-4502-98df-9f6d0a8c5d2e@group-D255EA171E03: shutdown
2021-08-27 12:20:14,023 [Listener at 127.0.0.1/43833] INFO  util.JmxRegister (JmxRegister.java:unregister(73)) - Successfully un-registered JMX Bean with object name Ratis:service=RaftServer,group=group-D255EA171E03,id=1fe13acc-f0f9-4502-98df-9f6d0a8c5d2e
2021-08-27 12:20:14,023 [Listener at 127.0.0.1/43833] INFO  impl.RoleInfo (RoleInfo.java:shutdownLeaderState(91)) - 1fe13acc-f0f9-4502-98df-9f6d0a8c5d2e: shutdown 1fe13acc-f0f9-4502-98df-9f6d0a8c5d2e@group-D255EA171E03-LeaderStateImpl
2021-08-27 12:20:14,023 [Listener at 127.0.0.1/43833] INFO  impl.PendingRequests (PendingRequests.java:sendNotLeaderResponses(282)) - 1fe13acc-f0f9-4502-98df-9f6d0a8c5d2e@group-D255EA171E03-PendingRequests: sendNotLeaderResponses
2021-08-27 12:20:14,024 [Listener at 127.0.0.1/43833] INFO  impl.StateMachineUpdater (StateMachineUpdater.java:stopAndJoin(149)) - 1fe13acc-f0f9-4502-98df-9f6d0a8c5d2e@group-D255EA171E03-StateMachineUpdater: set stopIndex = 0
2021-08-27 12:20:14,025 [1fe13acc-f0f9-4502-98df-9f6d0a8c5d2e@group-D255EA171E03-StateMachineUpdater] INFO  ratis.ContainerStateMachine (ContainerStateMachine.java:takeSnapshot(292)) - group-D255EA171E03: Taking a snapshot at:(t:1, i:0) file /home/runner/work/ozone/ozone/hadoop-ozone/integration-test/target/test-dir/MiniOzoneClusterImpl-595ad429-f938-4b04-a1e1-fbbc785922f0/datanode-8/data/ratis/e5b10fb8-f6c8-4815-9d88-d255ea171e03/sm/snapshot.1_0
2021-08-27 12:20:14,027 [1fe13acc-f0f9-4502-98df-9f6d0a8c5d2e@group-D255EA171E03-StateMachineUpdater] INFO  ratis.ContainerStateMachine (ContainerStateMachine.java:takeSnapshot(303)) - group-D255EA171E03: Finished taking a snapshot at:(t:1, i:0) file:/home/runner/work/ozone/ozone/hadoop-ozone/integration-test/target/test-dir/MiniOzoneClusterImpl-595ad429-f938-4b04-a1e1-fbbc785922f0/datanode-8/data/ratis/e5b10fb8-f6c8-4815-9d88-d255ea171e03/sm/snapshot.1_0 took: 2 ms
2021-08-27 12:20:14,027 [1fe13acc-f0f9-4502-98df-9f6d0a8c5d2e@group-D255EA171E03-StateMachineUpdater] INFO  impl.StateMachineUpdater (StateMachineUpdater.java:takeSnapshot(281)) - 1fe13acc-f0f9-4502-98df-9f6d0a8c5d2e@group-D255EA171E03-StateMachineUpdater: Took a snapshot at index 0
2021-08-27 12:20:14,027 [1fe13acc-f0f9-4502-98df-9f6d0a8c5d2e@group-D255EA171E03-StateMachineUpdater] INFO  impl.StateMachineUpdater (StateMachineUpdater.java:lambda$new$0(89)) - 1fe13acc-f0f9-4502-98df-9f6d0a8c5d2e@group-D255EA171E03-StateMachineUpdater: snapshotIndex: updateIncreasingly -1 -> 0
2021-08-27 12:20:14,030 [Listener at 127.0.0.1/43833] INFO  server.RaftServer$Division (ServerState.java:close(419)) - 1fe13acc-f0f9-4502-98df-9f6d0a8c5d2e@group-D255EA171E03: closes. applyIndex: 0
2021-08-27 12:20:14,030 [1fe13acc-f0f9-4502-98df-9f6d0a8c5d2e@group-D255EA171E03-SegmentedRaftLogWorker] INFO  segmented.SegmentedRaftLogWorker (SegmentedRaftLogWorker.java:run(327)) - 1fe13acc-f0f9-4502-98df-9f6d0a8c5d2e@group-D255EA171E03-SegmentedRaftLogWorker was interrupted, exiting. There are 0 tasks remaining in the queue.
2021-08-27 12:20:14,030 [Listener at 127.0.0.1/43833] INFO  segmented.SegmentedRaftLogWorker (SegmentedRaftLogWorker.java:close(237)) - 1fe13acc-f0f9-4502-98df-9f6d0a8c5d2e@group-D255EA171E03-SegmentedRaftLogWorker close()
2021-08-27 12:20:14,031 [Listener at 127.0.0.1/43833] INFO  server.GrpcService (GrpcService.java:closeImpl(262)) - 1fe13acc-f0f9-4502-98df-9f6d0a8c5d2e: shutdown server with port 40147 now
2021-08-27 12:20:14,033 [EventQueue-CloseContainerForCloseContainerEventHandler] INFO  container.CloseContainerEventHandler (CloseContainerEventHandler.java:onMessage(69)) - Close container Event triggered for container : #1
2021-08-27 12:20:14,046 [ForkJoinPool.commonPool-worker-1] INFO  utils.BackgroundService (BackgroundService.java:shutdown(132)) - Shutting down service BlockDeletingService
2021-08-27 12:20:14,074 [Listener at 127.0.0.1/43833] INFO  server.GrpcService (GrpcService.java:closeImpl(271)) - 1fe13acc-f0f9-4502-98df-9f6d0a8c5d2e: shutdown server with port 40147 successfully
2021-08-27 12:20:14,074 [org.apache.ratis.util.JvmPauseMonitor$$Lambda$531/1692429552@6b1bc47c] INFO  util.JvmPauseMonitor (JvmPauseMonitor.java:run(109)) - JvmPauseMonitor-1fe13acc-f0f9-4502-98df-9f6d0a8c5d2e: Stopped
2021-08-27 12:20:14,077 [Listener at 127.0.0.1/43833] INFO  utils.BackgroundService (BackgroundService.java:shutdown(132)) - Shutting down service BlockDeletingService
2021-08-27 12:20:17,046 [ForkJoinPool.commonPool-worker-1] INFO  statemachine.DatanodeStateMachine (DatanodeStateMachine.java:stopDaemon(515)) - Ozone container server stopped.
2021-08-27 12:20:17,056 [ForkJoinPool.commonPool-worker-1] INFO  handler.ContextHandler (ContextHandler.java:doStop(1153)) - Stopped o.e.j.w.WebAppContext@4d1de87a{hddsDatanode,/,null,STOPPED}{jar:file:/home/runner/.m2/repository/org/apache/ozone/hdds-container-service/1.2.0-SNAPSHOT/hdds-container-service-1.2.0-SNAPSHOT.jar!/webapps/hddsDatanode}
2021-08-27 12:20:17,063 [ForkJoinPool.commonPool-worker-1] INFO  server.AbstractConnector (AbstractConnector.java:doStop(381)) - Stopped ServerConnector@2e99f113{HTTP/1.1, (http/1.1)}{0.0.0.0:0}
2021-08-27 12:20:17,063 [ForkJoinPool.commonPool-worker-1] INFO  server.session (HouseKeeper.java:stopScavenging(149)) - node0 Stopped scavenging
2021-08-27 12:20:17,066 [ForkJoinPool.commonPool-worker-1] INFO  handler.ContextHandler (ContextHandler.java:doStop(1153)) - Stopped o.e.j.s.ServletContextHandler@3d23c882{static,/static,jar:file:/home/runner/.m2/repository/org/apache/ozone/hdds-container-service/1.2.0-SNAPSHOT/hdds-container-service-1.2.0-SNAPSHOT.jar!/webapps/static,STOPPED}
2021-08-27 12:20:17,067 [ForkJoinPool.commonPool-worker-1] INFO  handler.ContextHandler (ContextHandler.java:doStop(1153)) - Stopped o.e.j.s.ServletContextHandler@301dc6d6{logs,/logs,file:///home/runner/work/ozone/ozone/hadoop-ozone/integration-test/target/log,STOPPED}
2021-08-27 12:20:17,077 [Listener at 127.0.0.1/43833] INFO  statemachine.DatanodeStateMachine (DatanodeStateMachine.java:stopDaemon(515)) - Ozone container server stopped.
2021-08-27 12:20:17,078 [Listener at 127.0.0.1/43833] INFO  handler.ContextHandler (ContextHandler.java:doStop(1153)) - Stopped o.e.j.w.WebAppContext@51ebe1be{hddsDatanode,/,null,STOPPED}{jar:file:/home/runner/.m2/repository/org/apache/ozone/hdds-container-service/1.2.0-SNAPSHOT/hdds-container-service-1.2.0-SNAPSHOT.jar!/webapps/hddsDatanode}
2021-08-27 12:20:17,081 [Listener at 127.0.0.1/43833] INFO  server.AbstractConnector (AbstractConnector.java:doStop(381)) - Stopped ServerConnector@3c7580f5{HTTP/1.1, (http/1.1)}{0.0.0.0:0}
2021-08-27 12:20:17,081 [Listener at 127.0.0.1/43833] INFO  server.session (HouseKeeper.java:stopScavenging(149)) - node0 Stopped scavenging
2021-08-27 12:20:17,081 [Listener at 127.0.0.1/43833] INFO  handler.ContextHandler (ContextHandler.java:doStop(1153)) - Stopped o.e.j.s.ServletContextHandler@6abcda34{static,/static,jar:file:/home/runner/.m2/repository/org/apache/ozone/hdds-container-service/1.2.0-SNAPSHOT/hdds-container-service-1.2.0-SNAPSHOT.jar!/webapps/static,STOPPED}
2021-08-27 12:20:17,081 [Listener at 127.0.0.1/43833] INFO  handler.ContextHandler (ContextHandler.java:doStop(1153)) - Stopped o.e.j.s.ServletContextHandler@6dd22470{logs,/logs,file:///home/runner/work/ozone/ozone/hadoop-ozone/integration-test/target/log,STOPPED}
2021-08-27 12:20:17,227 [Datanode State Machine Thread - 0] INFO  statemachine.DatanodeStateMachine (DatanodeStateMachine.java:lambda$startDaemon$0(457)) - Ozone container server started.
2021-08-27 12:20:20,297 [ff42b6c9-4897-43a9-a52a-fdd67bba99ae@group-2816B9E709FD-FollowerState] INFO  impl.FollowerState (FollowerState.java:run(134)) - ff42b6c9-4897-43a9-a52a-fdd67bba99ae@group-2816B9E709FD-FollowerState: change to CANDIDATE, lastRpcElapsedTime:7947071890ns, electionTimeout:5073ms
2021-08-27 12:20:20,297 [ff42b6c9-4897-43a9-a52a-fdd67bba99ae@group-2816B9E709FD-FollowerState] INFO  impl.RoleInfo (RoleInfo.java:shutdownFollowerState(108)) - ff42b6c9-4897-43a9-a52a-fdd67bba99ae: shutdown ff42b6c9-4897-43a9-a52a-fdd67bba99ae@group-2816B9E709FD-FollowerState
2021-08-27 12:20:20,297 [ff42b6c9-4897-43a9-a52a-fdd67bba99ae@group-2816B9E709FD-FollowerState] INFO  server.RaftServer$Division (RaftServerImpl.java:setRole(285)) - ff42b6c9-4897-43a9-a52a-fdd67bba99ae@group-2816B9E709FD: changes role from  FOLLOWER to CANDIDATE at term 2 for changeToCandidate
2021-08-27 12:20:20,297 [ff42b6c9-4897-43a9-a52a-fdd67bba99ae@group-2816B9E709FD-FollowerState] INFO  server.RaftServerConfigKeys (ConfUtils.java:logGet(44)) - raft.server.leaderelection.pre-vote = false (custom)
2021-08-27 12:20:20,297 [ff42b6c9-4897-43a9-a52a-fdd67bba99ae@group-2816B9E709FD-FollowerState] INFO  impl.RoleInfo (RoleInfo.java:updateAndGet(130)) - ff42b6c9-4897-43a9-a52a-fdd67bba99ae: start ff42b6c9-4897-43a9-a52a-fdd67bba99ae@group-2816B9E709FD-LeaderElection86
2021-08-27 12:20:20,302 [ff42b6c9-4897-43a9-a52a-fdd67bba99ae@group-2816B9E709FD-LeaderElection86] INFO  server.RaftServer$Division (ServerState.java:setLeader(285)) - ff42b6c9-4897-43a9-a52a-fdd67bba99ae@group-2816B9E709FD: change Leader from 1fe13acc-f0f9-4502-98df-9f6d0a8c5d2e to null at term 2 for ELECTION
2021-08-27 12:20:20,306 [ff42b6c9-4897-43a9-a52a-fdd67bba99ae@group-2816B9E709FD-LeaderElection86] INFO  impl.LeaderElection (LeaderElection.java:askForVotes(306)) - ff42b6c9-4897-43a9-a52a-fdd67bba99ae@group-2816B9E709FD-LeaderElection86 ELECTION round 0: submit vote requests at term 3 for 0: [ff42b6c9-4897-43a9-a52a-fdd67bba99ae|rpc:10.1.0.9:45231|dataStream:|priority:0, 96076b98-8515-473a-ab50-26e1974acf6c|rpc:10.1.0.9:44405|dataStream:|priority:0, 1fe13acc-f0f9-4502-98df-9f6d0a8c5d2e|rpc:10.1.0.9:40147|dataStream:|priority:1], old=null
2021-08-27 12:20:20,316 [ff42b6c9-4897-43a9-a52a-fdd67bba99ae@group-2816B9E709FD-LeaderElection86] INFO  impl.LeaderElection (LogUtils.java:infoOrTrace(137)) - ff42b6c9-4897-43a9-a52a-fdd67bba99ae@group-2816B9E709FD-LeaderElection86 got exception when requesting votes: java.util.concurrent.ExecutionException: org.apache.ratis.thirdparty.io.grpc.StatusRuntimeException: UNAVAILABLE: io exception
2021-08-27 12:20:20,317 [ff42b6c9-4897-43a9-a52a-fdd67bba99ae@group-2816B9E709FD-LeaderElection86] INFO  impl.LeaderElection (LogUtils.java:infoOrTrace(137)) - ff42b6c9-4897-43a9-a52a-fdd67bba99ae@group-2816B9E709FD-LeaderElection86 got exception when requesting votes: java.util.concurrent.ExecutionException: org.apache.ratis.thirdparty.io.grpc.StatusRuntimeException: UNAVAILABLE: io exception
2021-08-27 12:20:20,317 [ff42b6c9-4897-43a9-a52a-fdd67bba99ae@group-2816B9E709FD-LeaderElection86] INFO  impl.LeaderElection (LeaderElection.java:logAndReturn(89)) - ff42b6c9-4897-43a9-a52a-fdd67bba99ae@group-2816B9E709FD-LeaderElection86: ELECTION REJECTED received 0 response(s) and 2 exception(s):
2021-08-27 12:20:20,317 [ff42b6c9-4897-43a9-a52a-fdd67bba99ae@group-2816B9E709FD-LeaderElection86] INFO  impl.LeaderElection (LogUtils.java:infoOrTrace(137)) -   Exception 0: java.util.concurrent.ExecutionException: org.apache.ratis.thirdparty.io.grpc.StatusRuntimeException: UNAVAILABLE: io exception
2021-08-27 12:20:20,318 [ff42b6c9-4897-43a9-a52a-fdd67bba99ae@group-2816B9E709FD-LeaderElection86] INFO  impl.LeaderElection (LogUtils.java:infoOrTrace(137)) -   Exception 1: java.util.concurrent.ExecutionException: org.apache.ratis.thirdparty.io.grpc.StatusRuntimeException: UNAVAILABLE: io exception
2021-08-27 12:20:20,318 [ff42b6c9-4897-43a9-a52a-fdd67bba99ae@group-2816B9E709FD-LeaderElection86] INFO  impl.LeaderElection (LeaderElection.java:askForVotes(308)) - ff42b6c9-4897-43a9-a52a-fdd67bba99ae@group-2816B9E709FD-LeaderElection86 ELECTION round 0: result REJECTED
2021-08-27 12:20:20,318 [ff42b6c9-4897-43a9-a52a-fdd67bba99ae@group-2816B9E709FD-LeaderElection86] INFO  server.RaftServer$Division (RaftServerImpl.java:setRole(285)) - ff42b6c9-4897-43a9-a52a-fdd67bba99ae@group-2816B9E709FD: changes role from CANDIDATE to FOLLOWER at term 3 for REJECTED
2021-08-27 12:20:20,318 [ff42b6c9-4897-43a9-a52a-fdd67bba99ae@group-2816B9E709FD-LeaderElection86] INFO  impl.RoleInfo (RoleInfo.java:shutdownLeaderElection(121)) - ff42b6c9-4897-43a9-a52a-fdd67bba99ae: shutdown ff42b6c9-4897-43a9-a52a-fdd67bba99ae@group-2816B9E709FD-LeaderElection86
2021-08-27 12:20:20,318 [ff42b6c9-4897-43a9-a52a-fdd67bba99ae@group-2816B9E709FD-LeaderElection86] INFO  impl.RoleInfo (RoleInfo.java:updateAndGet(130)) - ff42b6c9-4897-43a9-a52a-fdd67bba99ae: start ff42b6c9-4897-43a9-a52a-fdd67bba99ae@group-2816B9E709FD-FollowerState
2021-08-27 12:20:21,821 [EventQueue-StaleNodeForStaleNodeHandler] INFO  node.StaleNodeHandler (StaleNodeHandler.java:onMessage(58)) - Datanode 0bc7842a-14bb-4f31-a0ca-67e37dbbf265{ip: 10.1.0.9, host: fv-az122-729.zf1tlrj3kn4expqppa1j4mpycf.xx.internal.cloudapp.net, ports: [REPLICATION=44289, RATIS=39103, RATIS_ADMIN=39103, RATIS_SERVER=39103, STANDALONE=42113], networkLocation: /default-rack, certSerialId: null, persistedOpState: IN_SERVICE, persistedOpStateExpiryEpochSec: 0} moved to stale state. Finalizing its pipelines [PipelineID=d60ec560-7dcf-4b46-bf9d-73f2619da9b8, PipelineID=0e7abe0e-8ed9-4c49-ae90-a28631288c24]
2021-08-27 12:20:21,821 [EventQueue-StaleNodeForStaleNodeHandler] INFO  pipeline.PipelineManagerImpl (PipelineManagerImpl.java:closePipeline(342)) - Pipeline Pipeline[ Id: 0e7abe0e-8ed9-4c49-ae90-a28631288c24, Nodes: 0bc7842a-14bb-4f31-a0ca-67e37dbbf265{ip: 10.1.0.9, host: fv-az122-729.zf1tlrj3kn4expqppa1j4mpycf.xx.internal.cloudapp.net, ports: [REPLICATION=44289, RATIS=39103, RATIS_ADMIN=39103, RATIS_SERVER=39103, STANDALONE=42113], networkLocation: /default-rack, certSerialId: null, persistedOpState: IN_SERVICE, persistedOpStateExpiryEpochSec: 0}, ReplicationConfig: RATIS/ONE, State:OPEN, leaderId:0bc7842a-14bb-4f31-a0ca-67e37dbbf265, CreationTimestamp2021-08-27T12:19:20.709Z[Etc/UTC]] moved to CLOSED state
2021-08-27 12:20:22,069 [ForkJoinPool.commonPool-worker-1] INFO  ozoneimpl.OzoneContainer (OzoneContainer.java:stop(326)) - Attempting to stop container services.
2021-08-27 12:20:22,070 [ForkJoinPool.commonPool-worker-1] INFO  server.RaftServer (RaftServerProxy.java:lambda$close$6(391)) - ff42b6c9-4897-43a9-a52a-fdd67bba99ae: close
2021-08-27 12:20:22,070 [ForkJoinPool.commonPool-worker-1] INFO  server.RaftServer$Division (RaftServerImpl.java:lambda$close$4(407)) - ff42b6c9-4897-43a9-a52a-fdd67bba99ae@group-2816B9E709FD: shutdown
2021-08-27 12:20:22,070 [ForkJoinPool.commonPool-worker-1] INFO  util.JmxRegister (JmxRegister.java:unregister(73)) - Successfully un-registered JMX Bean with object name Ratis:service=RaftServer,group=group-2816B9E709FD,id=ff42b6c9-4897-43a9-a52a-fdd67bba99ae
2021-08-27 12:20:22,070 [ForkJoinPool.commonPool-worker-1] INFO  impl.RoleInfo (RoleInfo.java:shutdownFollowerState(108)) - ff42b6c9-4897-43a9-a52a-fdd67bba99ae: shutdown ff42b6c9-4897-43a9-a52a-fdd67bba99ae@group-2816B9E709FD-FollowerState
2021-08-27 12:20:22,070 [ForkJoinPool.commonPool-worker-1] INFO  impl.StateMachineUpdater (StateMachineUpdater.java:stopAndJoin(149)) - ff42b6c9-4897-43a9-a52a-fdd67bba99ae@group-2816B9E709FD-StateMachineUpdater: set stopIndex = 0
2021-08-27 12:20:22,070 [ff42b6c9-4897-43a9-a52a-fdd67bba99ae@group-2816B9E709FD-FollowerState] INFO  impl.FollowerState (FollowerState.java:run(143)) - ff42b6c9-4897-43a9-a52a-fdd67bba99ae@group-2816B9E709FD-FollowerState was interrupted: {}
java.lang.InterruptedException: sleep interrupted
	at java.lang.Thread.sleep(Native Method)
	at java.lang.Thread.sleep(Thread.java:340)
	at java.util.concurrent.TimeUnit.sleep(TimeUnit.java:386)
	at org.apache.ratis.util.TimeDuration.sleep(TimeDuration.java:324)
	at org.apache.ratis.util.TimeDuration.sleep(TimeDuration.java:309)
	at org.apache.ratis.server.impl.FollowerState.run(FollowerState.java:118)
2021-08-27 12:20:22,070 [ff42b6c9-4897-43a9-a52a-fdd67bba99ae@group-2816B9E709FD-StateMachineUpdater] INFO  ratis.ContainerStateMachine (ContainerStateMachine.java:takeSnapshot(292)) - group-2816B9E709FD: Taking a snapshot at:(t:2, i:0) file /home/runner/work/ozone/ozone/hadoop-ozone/integration-test/target/test-dir/MiniOzoneClusterImpl-595ad429-f938-4b04-a1e1-fbbc785922f0/datanode-6/data/ratis/5c9aca2d-62a8-42a7-9b38-2816b9e709fd/sm/snapshot.2_0
2021-08-27 12:20:22,073 [ff42b6c9-4897-43a9-a52a-fdd67bba99ae@group-2816B9E709FD-StateMachineUpdater] INFO  ratis.ContainerStateMachine (ContainerStateMachine.java:takeSnapshot(303)) - group-2816B9E709FD: Finished taking a snapshot at:(t:2, i:0) file:/home/runner/work/ozone/ozone/hadoop-ozone/integration-test/target/test-dir/MiniOzoneClusterImpl-595ad429-f938-4b04-a1e1-fbbc785922f0/datanode-6/data/ratis/5c9aca2d-62a8-42a7-9b38-2816b9e709fd/sm/snapshot.2_0 took: 3 ms
2021-08-27 12:20:22,074 [ff42b6c9-4897-43a9-a52a-fdd67bba99ae@group-2816B9E709FD-StateMachineUpdater] INFO  impl.StateMachineUpdater (StateMachineUpdater.java:takeSnapshot(281)) - ff42b6c9-4897-43a9-a52a-fdd67bba99ae@group-2816B9E709FD-StateMachineUpdater: Took a snapshot at index 0
2021-08-27 12:20:22,074 [ff42b6c9-4897-43a9-a52a-fdd67bba99ae@group-2816B9E709FD-StateMachineUpdater] INFO  impl.StateMachineUpdater (StateMachineUpdater.java:lambda$new$0(89)) - ff42b6c9-4897-43a9-a52a-fdd67bba99ae@group-2816B9E709FD-StateMachineUpdater: snapshotIndex: updateIncreasingly -1 -> 0
2021-08-27 12:20:22,074 [ForkJoinPool.commonPool-worker-1] INFO  server.RaftServer$Division (ServerState.java:close(419)) - ff42b6c9-4897-43a9-a52a-fdd67bba99ae@group-2816B9E709FD: closes. applyIndex: 0
2021-08-27 12:20:22,074 [ff42b6c9-4897-43a9-a52a-fdd67bba99ae@group-2816B9E709FD-SegmentedRaftLogWorker] INFO  segmented.SegmentedRaftLogWorker (SegmentedRaftLogWorker.java:run(327)) - ff42b6c9-4897-43a9-a52a-fdd67bba99ae@group-2816B9E709FD-SegmentedRaftLogWorker was interrupted, exiting. There are 0 tasks remaining in the queue.
2021-08-27 12:20:22,074 [ForkJoinPool.commonPool-worker-1] INFO  segmented.SegmentedRaftLogWorker (SegmentedRaftLogWorker.java:close(237)) - ff42b6c9-4897-43a9-a52a-fdd67bba99ae@group-2816B9E709FD-SegmentedRaftLogWorker close()
2021-08-27 12:20:22,076 [ForkJoinPool.commonPool-worker-1] INFO  server.RaftServer$Division (RaftServerImpl.java:lambda$close$4(407)) - ff42b6c9-4897-43a9-a52a-fdd67bba99ae@group-D0D272707E6F: shutdown
2021-08-27 12:20:22,076 [ForkJoinPool.commonPool-worker-1] INFO  util.JmxRegister (JmxRegister.java:unregister(73)) - Successfully un-registered JMX Bean with object name Ratis:service=RaftServer,group=group-D0D272707E6F,id=ff42b6c9-4897-43a9-a52a-fdd67bba99ae
2021-08-27 12:20:22,076 [ForkJoinPool.commonPool-worker-1] INFO  impl.RoleInfo (RoleInfo.java:shutdownLeaderState(91)) - ff42b6c9-4897-43a9-a52a-fdd67bba99ae: shutdown ff42b6c9-4897-43a9-a52a-fdd67bba99ae@group-D0D272707E6F-LeaderStateImpl
2021-08-27 12:20:22,076 [ForkJoinPool.commonPool-worker-1] INFO  impl.PendingRequests (PendingRequests.java:sendNotLeaderResponses(282)) - ff42b6c9-4897-43a9-a52a-fdd67bba99ae@group-D0D272707E6F-PendingRequests: sendNotLeaderResponses
2021-08-27 12:20:22,077 [ForkJoinPool.commonPool-worker-1] INFO  impl.StateMachineUpdater (StateMachineUpdater.java:stopAndJoin(149)) - ff42b6c9-4897-43a9-a52a-fdd67bba99ae@group-D0D272707E6F-StateMachineUpdater: set stopIndex = 0
2021-08-27 12:20:22,077 [ff42b6c9-4897-43a9-a52a-fdd67bba99ae@group-D0D272707E6F-StateMachineUpdater] INFO  ratis.ContainerStateMachine (ContainerStateMachine.java:takeSnapshot(292)) - group-D0D272707E6F: Taking a snapshot at:(t:1, i:0) file /home/runner/work/ozone/ozone/hadoop-ozone/integration-test/target/test-dir/MiniOzoneClusterImpl-595ad429-f938-4b04-a1e1-fbbc785922f0/datanode-6/data/ratis/f87de282-f697-4be1-abab-d0d272707e6f/sm/snapshot.1_0
2021-08-27 12:20:22,078 [ff42b6c9-4897-43a9-a52a-fdd67bba99ae@group-D0D272707E6F-StateMachineUpdater] INFO  ratis.ContainerStateMachine (ContainerStateMachine.java:takeSnapshot(303)) - group-D0D272707E6F: Finished taking a snapshot at:(t:1, i:0) file:/home/runner/work/ozone/ozone/hadoop-ozone/integration-test/target/test-dir/MiniOzoneClusterImpl-595ad429-f938-4b04-a1e1-fbbc785922f0/datanode-6/data/ratis/f87de282-f697-4be1-abab-d0d272707e6f/sm/snapshot.1_0 took: 0 ms
2021-08-27 12:20:22,078 [ff42b6c9-4897-43a9-a52a-fdd67bba99ae@group-D0D272707E6F-StateMachineUpdater] INFO  impl.StateMachineUpdater (StateMachineUpdater.java:takeSnapshot(281)) - ff42b6c9-4897-43a9-a52a-fdd67bba99ae@group-D0D272707E6F-StateMachineUpdater: Took a snapshot at index 0
2021-08-27 12:20:22,078 [ff42b6c9-4897-43a9-a52a-fdd67bba99ae@group-D0D272707E6F-StateMachineUpdater] INFO  impl.StateMachineUpdater (StateMachineUpdater.java:lambda$new$0(89)) - ff42b6c9-4897-43a9-a52a-fdd67bba99ae@group-D0D272707E6F-StateMachineUpdater: snapshotIndex: updateIncreasingly -1 -> 0
2021-08-27 12:20:22,081 [ForkJoinPool.commonPool-worker-1] INFO  server.RaftServer$Division (ServerState.java:close(419)) - ff42b6c9-4897-43a9-a52a-fdd67bba99ae@group-D0D272707E6F: closes. applyIndex: 0
2021-08-27 12:20:22,084 [ff42b6c9-4897-43a9-a52a-fdd67bba99ae@group-D0D272707E6F-SegmentedRaftLogWorker] INFO  segmented.SegmentedRaftLogWorker (SegmentedRaftLogWorker.java:run(327)) - ff42b6c9-4897-43a9-a52a-fdd67bba99ae@group-D0D272707E6F-SegmentedRaftLogWorker was interrupted, exiting. There are 0 tasks remaining in the queue.
2021-08-27 12:20:22,084 [ForkJoinPool.commonPool-worker-1] INFO  segmented.SegmentedRaftLogWorker (SegmentedRaftLogWorker.java:close(237)) - ff42b6c9-4897-43a9-a52a-fdd67bba99ae@group-D0D272707E6F-SegmentedRaftLogWorker close()
2021-08-27 12:20:22,086 [ForkJoinPool.commonPool-worker-1] INFO  server.GrpcService (GrpcService.java:closeImpl(262)) - ff42b6c9-4897-43a9-a52a-fdd67bba99ae: shutdown server with port 45231 now
2021-08-27 12:20:22,087 [ForkJoinPool.commonPool-worker-1] INFO  server.GrpcService (GrpcService.java:closeImpl(271)) - ff42b6c9-4897-43a9-a52a-fdd67bba99ae: shutdown server with port 45231 successfully
2021-08-27 12:20:22,087 [org.apache.ratis.util.JvmPauseMonitor$$Lambda$531/1692429552@3217a47f] INFO  util.JvmPauseMonitor (JvmPauseMonitor.java:run(109)) - JvmPauseMonitor-ff42b6c9-4897-43a9-a52a-fdd67bba99ae: Stopped
2021-08-27 12:20:22,089 [ForkJoinPool.commonPool-worker-1] INFO  utils.BackgroundService (BackgroundService.java:shutdown(132)) - Shutting down service BlockDeletingService
2021-08-27 12:20:22,326 [EventQueue-StaleNodeForStaleNodeHandler] INFO  node.StaleNodeHandler (StaleNodeHandler.java:onMessage(58)) - Datanode 1627f0ec-3267-4946-a770-cb64d6080904{ip: 10.1.0.9, host: fv-az122-729.zf1tlrj3kn4expqppa1j4mpycf.xx.internal.cloudapp.net, ports: [REPLICATION=34719, RATIS=39909, RATIS_ADMIN=39909, RATIS_SERVER=39909, STANDALONE=42461], networkLocation: /default-rack, certSerialId: null, persistedOpState: IN_SERVICE, persistedOpStateExpiryEpochSec: 0} moved to stale state. Finalizing its pipelines [PipelineID=ed48e0b0-1d3d-44dd-9b4b-1d7c0afad1c5, PipelineID=d60ec560-7dcf-4b46-bf9d-73f2619da9b8]
2021-08-27 12:20:22,326 [EventQueue-StaleNodeForStaleNodeHandler] INFO  pipeline.PipelineManagerImpl (PipelineManagerImpl.java:closePipeline(342)) - Pipeline Pipeline[ Id: ed48e0b0-1d3d-44dd-9b4b-1d7c0afad1c5, Nodes: 1627f0ec-3267-4946-a770-cb64d6080904{ip: 10.1.0.9, host: fv-az122-729.zf1tlrj3kn4expqppa1j4mpycf.xx.internal.cloudapp.net, ports: [REPLICATION=34719, RATIS=39909, RATIS_ADMIN=39909, RATIS_SERVER=39909, STANDALONE=42461], networkLocation: /default-rack, certSerialId: null, persistedOpState: IN_SERVICE, persistedOpStateExpiryEpochSec: 0}, ReplicationConfig: RATIS/ONE, State:OPEN, leaderId:1627f0ec-3267-4946-a770-cb64d6080904, CreationTimestamp2021-08-27T12:19:20.109Z[Etc/UTC]] moved to CLOSED state
2021-08-27 12:20:25,102 [ForkJoinPool.commonPool-worker-1] INFO  statemachine.DatanodeStateMachine (DatanodeStateMachine.java:stopDaemon(515)) - Ozone container server stopped.
2021-08-27 12:20:25,104 [ForkJoinPool.commonPool-worker-1] INFO  handler.ContextHandler (ContextHandler.java:doStop(1153)) - Stopped o.e.j.w.WebAppContext@505d09b0{hddsDatanode,/,null,STOPPED}{jar:file:/home/runner/.m2/repository/org/apache/ozone/hdds-container-service/1.2.0-SNAPSHOT/hdds-container-service-1.2.0-SNAPSHOT.jar!/webapps/hddsDatanode}
2021-08-27 12:20:25,129 [ForkJoinPool.commonPool-worker-1] INFO  server.AbstractConnector (AbstractConnector.java:doStop(381)) - Stopped ServerConnector@6a05679a{HTTP/1.1, (http/1.1)}{0.0.0.0:0}
2021-08-27 12:20:25,129 [ForkJoinPool.commonPool-worker-1] INFO  server.session (HouseKeeper.java:stopScavenging(149)) - node0 Stopped scavenging
2021-08-27 12:20:25,130 [ForkJoinPool.commonPool-worker-1] INFO  handler.ContextHandler (ContextHandler.java:doStop(1153)) - Stopped o.e.j.s.ServletContextHandler@7ba24428{static,/static,jar:file:/home/runner/.m2/repository/org/apache/ozone/hdds-container-service/1.2.0-SNAPSHOT/hdds-container-service-1.2.0-SNAPSHOT.jar!/webapps/static,STOPPED}
2021-08-27 12:20:25,130 [ForkJoinPool.commonPool-worker-1] INFO  handler.ContextHandler (ContextHandler.java:doStop(1153)) - Stopped o.e.j.s.ServletContextHandler@41643fec{logs,/logs,file:///home/runner/work/ozone/ozone/hadoop-ozone/integration-test/target/log,STOPPED}
2021-08-27 12:20:25,137 [Listener at 127.0.0.1/43833] INFO  ozone.MiniOzoneClusterImpl (MiniOzoneClusterImpl.java:stopSCM(542)) - Stopping the StorageContainerManager
2021-08-27 12:20:25,138 [Listener at 127.0.0.1/43833] INFO  server.StorageContainerManager (StorageContainerManager.java:stop(1349)) - Stopping Container Balancer service.
2021-08-27 12:20:25,138 [Listener at 127.0.0.1/43833] INFO  balancer.ContainerBalancer (ContainerBalancer.java:stop(721)) - Container Balancer is not running.
2021-08-27 12:20:25,138 [Listener at 127.0.0.1/43833] INFO  server.StorageContainerManager (StorageContainerManager.java:stop(1356)) - Stopping Replication Manager Service.
2021-08-27 12:20:25,138 [Listener at 127.0.0.1/43833] INFO  container.ReplicationManager (ReplicationManager.java:stop(338)) - Stopping Replication Monitor Thread.
2021-08-27 12:20:25,138 [Listener at 127.0.0.1/43833] INFO  server.StorageContainerManager (StorageContainerManager.java:stop(1363)) - Stopping the Datanode Admin Monitor.
2021-08-27 12:20:25,139 [Listener at 127.0.0.1/43833] INFO  server.StorageContainerManager (StorageContainerManager.java:stop(1370)) - Stopping Lease Manager of the command watchers
2021-08-27 12:20:25,139 [Listener at 127.0.0.1/43833] INFO  server.StorageContainerManager (StorageContainerManager.java:stop(1377)) - Stopping datanode service RPC server
2021-08-27 12:20:25,139 [Listener at 127.0.0.1/43833] INFO  server.SCMDatanodeProtocolServer (SCMDatanodeProtocolServer.java:stop(389)) - Stopping the RPC server for DataNodes
2021-08-27 12:20:25,139 [Listener at 127.0.0.1/43833] INFO  ipc.Server (Server.java:stop(3414)) - Stopping server on 34203
2021-08-27 12:20:25,173 [IPC Server Responder] INFO  ipc.Server (Server.java:run(1512)) - Stopping IPC Server Responder
2021-08-27 12:20:25,187 [IPC Server listener on 0] INFO  ipc.Server (Server.java:run(1376)) - Stopping IPC Server listener on 0
2021-08-27 12:20:25,233 [SCM Heartbeat Processing Thread - 0] WARN  node.NodeStateManager (NodeStateManager.java:scheduleNextHealthCheck(799)) - Current Thread is interrupted, shutting down HB processing thread for Node Manager.
2021-08-27 12:20:25,233 [Listener at 127.0.0.1/43833] INFO  server.StorageContainerManager (StorageContainerManager.java:stop(1385)) - Stopping block service RPC server
2021-08-27 12:20:25,233 [Listener at 127.0.0.1/43833] INFO  server.SCMBlockProtocolServer (SCMBlockProtocolServer.java:stop(160)) - Stopping the RPC server for Block Protocol
2021-08-27 12:20:25,233 [Listener at 127.0.0.1/43833] INFO  ipc.Server (Server.java:stop(3414)) - Stopping server on 33327
2021-08-27 12:20:25,236 [Listener at 127.0.0.1/43833] INFO  server.StorageContainerManager (StorageContainerManager.java:stop(1392)) - Stopping the StorageContainerLocationProtocol RPC server
2021-08-27 12:20:25,236 [Listener at 127.0.0.1/43833] INFO  server.SCMClientProtocolServer (SCMClientProtocolServer.java:stop(173)) - Stopping the RPC server for Client Protocol
2021-08-27 12:20:25,236 [Listener at 127.0.0.1/43833] INFO  ipc.Server (Server.java:stop(3414)) - Stopping server on 37907
2021-08-27 12:20:25,237 [IPC Server listener on 0] INFO  ipc.Server (Server.java:run(1376)) - Stopping IPC Server listener on 0
2021-08-27 12:20:25,238 [IPC Server Responder] INFO  ipc.Server (Server.java:run(1512)) - Stopping IPC Server Responder
2021-08-27 12:20:25,263 [Listener at 127.0.0.1/43833] INFO  server.StorageContainerManager (StorageContainerManager.java:stop(1399)) - Stopping Storage Container Manager HTTP server.
2021-08-27 12:20:25,264 [Listener at 127.0.0.1/43833] INFO  handler.ContextHandler (ContextHandler.java:doStop(1153)) - Stopped o.e.j.w.WebAppContext@6d58674f{scm,/,null,STOPPED}{file:/home/runner/work/ozone/ozone/hadoop-ozone/integration-test/target/test-classes/webapps/scm}
2021-08-27 12:20:25,264 [IPC Server listener on 0] INFO  ipc.Server (Server.java:run(1376)) - Stopping IPC Server listener on 0
2021-08-27 12:20:25,264 [IPC Server Responder] INFO  ipc.Server (Server.java:run(1512)) - Stopping IPC Server Responder
2021-08-27 12:20:25,277 [Listener at 127.0.0.1/43833] INFO  server.AbstractConnector (AbstractConnector.java:doStop(381)) - Stopped ServerConnector@347133e{HTTP/1.1, (http/1.1)}{0.0.0.0:0}
2021-08-27 12:20:25,277 [Listener at 127.0.0.1/43833] INFO  server.session (HouseKeeper.java:stopScavenging(149)) - node0 Stopped scavenging
2021-08-27 12:20:25,278 [Listener at 127.0.0.1/43833] INFO  handler.ContextHandler (ContextHandler.java:doStop(1153)) - Stopped o.e.j.s.ServletContextHandler@4095f32a{static,/static,file:///home/runner/work/ozone/ozone/hadoop-ozone/integration-test/target/test-classes/webapps/static,STOPPED}
2021-08-27 12:20:25,278 [Listener at 127.0.0.1/43833] INFO  handler.ContextHandler (ContextHandler.java:doStop(1153)) - Stopped o.e.j.s.ServletContextHandler@7e4e4931{logs,/logs,file:///home/runner/work/ozone/ozone/hadoop-ozone/integration-test/target/log,STOPPED}
2021-08-27 12:20:25,279 [Listener at 127.0.0.1/43833] INFO  server.StorageContainerManager (StorageContainerManager.java:stop(1410)) - Stopping Block Manager Service.
2021-08-27 12:20:25,280 [Listener at 127.0.0.1/43833] INFO  utils.BackgroundService (BackgroundService.java:shutdown(132)) - Shutting down service SCMBlockDeletingService
2021-08-27 12:20:25,280 [Listener at 127.0.0.1/43833] INFO  utils.BackgroundService (BackgroundService.java:shutdown(132)) - Shutting down service SCMBlockDeletingService
2021-08-27 12:20:25,280 [Listener at 127.0.0.1/43833] INFO  server.StorageContainerManager (StorageContainerManager.java:stop(1437)) - Stopping SCM Event Queue.
2021-08-27 12:20:25,282 [Listener at 127.0.0.1/43833] INFO  server.StorageContainerManager (StorageContainerManager.java:stop(1448)) - Stopping SCM HA services.
2021-08-27 12:20:25,283 [Listener at 127.0.0.1/43833] INFO  pipeline.BackgroundPipelineCreator (BackgroundPipelineCreatorV2.java:stop(158)) - Stopping RatisPipelineUtilsThread.
2021-08-27 12:20:25,283 [Listener at 127.0.0.1/43833] INFO  server.StorageContainerManager (StorageContainerManager.java:stop(1458)) - Stopping SCM MetadataStore.
2021-08-27 12:20:25,289 [Listener at 127.0.0.1/43833] INFO  impl.MetricsSystemImpl (MetricsSystemImpl.java:stop(210)) - Stopping HddsDatanode metrics system...
2021-08-27 12:20:25,387 [prometheus] INFO  impl.MetricsSinkAdapter (MetricsSinkAdapter.java:publishMetricsFromQueue(141)) - prometheus thread interrupted.
2021-08-27 12:20:25,389 [Listener at 127.0.0.1/43833] INFO  impl.MetricsSystemImpl (MetricsSystemImpl.java:stop(216)) - HddsDatanode metrics system stopped.
]]></system-out>
    <system-err><![CDATA[Aug 27, 2021 12:20:13 PM org.apache.ratis.thirdparty.io.grpc.internal.ManagedChannelOrphanWrapper$ManagedChannelReference cleanQueue
SEVERE: *~*~*~ Channel ManagedChannelImpl{logId=788, target=10.1.0.9:36551} was not shutdown properly!!! ~*~*~*
    Make sure to call shutdown()/shutdownNow() and wait until awaitTermination() returns true.
java.lang.RuntimeException: ManagedChannel allocation site
	at org.apache.ratis.thirdparty.io.grpc.internal.ManagedChannelOrphanWrapper$ManagedChannelReference.<init>(ManagedChannelOrphanWrapper.java:93)
	at org.apache.ratis.thirdparty.io.grpc.internal.ManagedChannelOrphanWrapper.<init>(ManagedChannelOrphanWrapper.java:53)
	at org.apache.ratis.thirdparty.io.grpc.internal.ManagedChannelOrphanWrapper.<init>(ManagedChannelOrphanWrapper.java:44)
	at org.apache.ratis.thirdparty.io.grpc.internal.ManagedChannelImplBuilder.build(ManagedChannelImplBuilder.java:596)
	at org.apache.ratis.thirdparty.io.grpc.ForwardingChannelBuilder.build(ForwardingChannelBuilder.java:255)
	at org.apache.ratis.grpc.client.GrpcClientProtocolClient.buildChannel(GrpcClientProtocolClient.java:159)
	at org.apache.ratis.grpc.client.GrpcClientProtocolClient.<init>(GrpcClientProtocolClient.java:111)
	at org.apache.ratis.grpc.client.GrpcClientRpc.lambda$new$0(GrpcClientRpc.java:57)
	at org.apache.ratis.util.PeerProxyMap$PeerAndProxy.lambda$getProxy$0(PeerProxyMap.java:63)
	at org.apache.ratis.util.LifeCycle.startAndTransition(LifeCycle.java:270)
	at org.apache.ratis.util.PeerProxyMap$PeerAndProxy.getProxy(PeerProxyMap.java:62)
	at org.apache.ratis.util.PeerProxyMap.getProxy(PeerProxyMap.java:114)
	at org.apache.ratis.grpc.client.GrpcClientRpc.sendRequestAsync(GrpcClientRpc.java:67)
	at org.apache.ratis.client.impl.OrderedAsync.sendRequest(OrderedAsync.java:235)
	at org.apache.ratis.client.impl.OrderedAsync.sendRequestWithRetry(OrderedAsync.java:189)
	at org.apache.ratis.util.SlidingWindow$Client.sendOrDelayRequest(SlidingWindow.java:280)
	at org.apache.ratis.util.SlidingWindow$Client.retry(SlidingWindow.java:296)
	at org.apache.ratis.client.impl.OrderedAsync.lambda$scheduleWithTimeout$7(OrderedAsync.java:222)
	at org.apache.ratis.util.TimeoutScheduler.lambda$onTimeout$0(TimeoutScheduler.java:141)
	at org.apache.ratis.util.TimeoutScheduler.lambda$onTimeout$1(TimeoutScheduler.java:155)
	at org.apache.ratis.util.LogUtils.runAndLog(LogUtils.java:38)
	at org.apache.ratis.util.LogUtils$1.run(LogUtils.java:79)
	at java.util.concurrent.Executors$RunnableAdapter.call(Executors.java:511)
	at java.util.concurrent.FutureTask.run(FutureTask.java:266)
	at java.util.concurrent.ScheduledThreadPoolExecutor$ScheduledFutureTask.access$201(ScheduledThreadPoolExecutor.java:180)
	at java.util.concurrent.ScheduledThreadPoolExecutor$ScheduledFutureTask.run(ScheduledThreadPoolExecutor.java:293)
	at java.util.concurrent.ThreadPoolExecutor.runWorker(ThreadPoolExecutor.java:1149)
	at java.util.concurrent.ThreadPoolExecutor$Worker.run(ThreadPoolExecutor.java:624)
	at java.lang.Thread.run(Thread.java:748)

]]></system-err>
  </testcase>
  <testcase name="test2WayCommitForTimeoutException" classname="org.apache.hadoop.ozone.client.rpc.TestWatchForCommit" time="60.543"/>
</testsuite>