<?xml version="1.0" encoding="UTF-8"?>
<testsuite xmlns:xsi="http://www.w3.org/2001/XMLSchema-instance" xsi:noNamespaceSchemaLocation="https://maven.apache.org/surefire/maven-surefire-plugin/xsd/surefire-test-report.xsd" name="org.apache.hadoop.ozone.client.rpc.TestBlockOutputStreamWithFailures" time="442.878" tests="8" errors="1" skipped="0" failures="0">
  <properties>
    <property name="awt.toolkit" value="sun.awt.X11.XToolkit"/>
    <property name="file.encoding.pkg" value="sun.io"/>
    <property name="java.specification.version" value="1.8"/>
    <property name="sun.cpu.isalist" value=""/>
    <property name="sun.jnu.encoding" value="ANSI_X3.4-1968"/>
    <property name="java.class.path" value="/github/workspace/mnt/ozone/hadoop-ozone/integration-test/target/test-classes:/github/workspace/mnt/ozone/hadoop-ozone/integration-test/target/classes:/home/user/.m2/repository/org/apache/hadoop/hadoop-ozone-common/1.1.0-SNAPSHOT/hadoop-ozone-common-1.1.0-SNAPSHOT.jar:/home/user/.m2/repository/org/apache/commons/commons-compress/1.4.1/commons-compress-1.4.1.jar:/home/user/.m2/repository/org/tukaani/xz/1.0/xz-1.0.jar:/home/user/.m2/repository/org/apache/hadoop/hadoop-hdds-common/1.1.0-SNAPSHOT/hadoop-hdds-common-1.1.0-SNAPSHOT.jar:/home/user/.m2/repository/org/apache/hadoop/hadoop-hdds-client/1.1.0-SNAPSHOT/hadoop-hdds-client-1.1.0-SNAPSHOT.jar:/home/user/.m2/repository/org/apache/hadoop/hadoop-ozone-interface-client/1.1.0-SNAPSHOT/hadoop-ozone-interface-client-1.1.0-SNAPSHOT.jar:/home/user/.m2/repository/org/apache/hadoop/hadoop-hdds-test-utils/1.1.0-SNAPSHOT/hadoop-hdds-test-utils-1.1.0-SNAPSHOT.jar:/home/user/.m2/repository/com/google/guava/guava/28.2-jre/guava-28.2-jre.jar:/home/user/.m2/repository/com/google/guava/failureaccess/1.0.1/failureaccess-1.0.1.jar:/home/user/.m2/repository/com/google/guava/listenablefuture/9999.0-empty-to-avoid-conflict-with-guava/listenablefuture-9999.0-empty-to-avoid-conflict-with-guava.jar:/home/user/.m2/repository/com/google/code/findbugs/jsr305/3.0.0/jsr305-3.0.0.jar:/home/user/.m2/repository/org/checkerframework/checker-qual/2.10.0/checker-qual-2.10.0.jar:/home/user/.m2/repository/com/google/errorprone/error_prone_annotations/2.2.0/error_prone_annotations-2.2.0.jar:/home/user/.m2/repository/com/google/j2objc/j2objc-annotations/1.3/j2objc-annotations-1.3.jar:/home/user/.m2/repository/commons-io/commons-io/2.5/commons-io-2.5.jar:/home/user/.m2/repository/commons-logging/commons-logging/1.2/commons-logging-1.2.jar:/home/user/.m2/repository/log4j/log4j/1.2.17/log4j-1.2.17.jar:/home/user/.m2/repository/org/slf4j/slf4j-api/1.7.30/slf4j-api-1.7.30.jar:/home/user/.m2/repository/org/apache/hadoop/hadoop-hdds-server-scm/1.1.0-SNAPSHOT/hadoop-hdds-server-scm-1.1.0-SNAPSHOT.jar:/home/user/.m2/repository/org/apache/hadoop/hadoop-hdds-container-service/1.1.0-SNAPSHOT/hadoop-hdds-container-service-1.1.0-SNAPSHOT.jar:/home/user/.m2/repository/org/apache/hadoop/hadoop-hdds-hadoop-dependency-server/1.1.0-SNAPSHOT/hadoop-hdds-hadoop-dependency-server-1.1.0-SNAPSHOT.jar:/home/user/.m2/repository/org/apache/hadoop/hadoop-hdfs/3.2.2/hadoop-hdfs-3.2.2.jar:/home/user/.m2/repository/org/apache/hadoop/hadoop-hdds-server-framework/1.1.0-SNAPSHOT/hadoop-hdds-server-framework-1.1.0-SNAPSHOT.jar:/home/user/.m2/repository/org/apache/hadoop/hadoop-hdds-interface-server/1.1.0-SNAPSHOT/hadoop-hdds-interface-server-1.1.0-SNAPSHOT.jar:/home/user/.m2/repository/org/apache/hadoop/hadoop-hdds-interface-admin/1.1.0-SNAPSHOT/hadoop-hdds-interface-admin-1.1.0-SNAPSHOT.jar:/home/user/.m2/repository/org/eclipse/jetty/jetty-servlet/9.4.35.v20201120/jetty-servlet-9.4.35.v20201120.jar:/home/user/.m2/repository/org/eclipse/jetty/jetty-security/9.4.35.v20201120/jetty-security-9.4.35.v20201120.jar:/home/user/.m2/repository/org/rocksdb/rocksdbjni/6.8.1/rocksdbjni-6.8.1.jar:/home/user/.m2/repository/io/prometheus/simpleclient_dropwizard/0.7.0/simpleclient_dropwizard-0.7.0.jar:/home/user/.m2/repository/io/prometheus/simpleclient/0.7.0/simpleclient-0.7.0.jar:/home/user/.m2/repository/io/prometheus/simpleclient_common/0.7.0/simpleclient_common-0.7.0.jar:/home/user/.m2/repository/com/fasterxml/jackson/datatype/jackson-datatype-jsr310/2.12.1/jackson-datatype-jsr310-2.12.1.jar:/home/user/.m2/repository/io/dropwizard/metrics/metrics-core/3.2.4/metrics-core-3.2.4.jar:/home/user/.m2/repository/org/apache/hadoop/hadoop-hdfs-client/3.2.2/hadoop-hdfs-client-3.2.2.jar:/home/user/.m2/repository/org/bouncycastle/bcprov-jdk15on/1.67/bcprov-jdk15on-1.67.jar:/home/user/.m2/repository/org/apache/hadoop/hadoop-ozone-ozone-manager/1.1.0-SNAPSHOT/hadoop-ozone-ozone-manager-1.1.0-SNAPSHOT.jar:/home/user/.m2/repository/org/apache/hadoop/hadoop-hdds-interface-client/1.1.0-SNAPSHOT/hadoop-hdds-interface-client-1.1.0-SNAPSHOT.jar:/home/user/.m2/repository/org/apache/ratis/ratis-thirdparty-misc/0.6.0/ratis-thirdparty-misc-0.6.0.jar:/home/user/.m2/repository/org/apache/hadoop/hadoop-ozone-interface-storage/1.1.0-SNAPSHOT/hadoop-ozone-interface-storage-1.1.0-SNAPSHOT.jar:/home/user/.m2/repository/org/apache/hadoop/hadoop-minikdc/3.2.2/hadoop-minikdc-3.2.2.jar:/home/user/.m2/repository/org/apache/kerby/kerb-simplekdc/1.0.1/kerb-simplekdc-1.0.1.jar:/home/user/.m2/repository/org/apache/kerby/kerb-client/1.0.1/kerb-client-1.0.1.jar:/home/user/.m2/repository/org/apache/kerby/kerby-config/1.0.1/kerby-config-1.0.1.jar:/home/user/.m2/repository/org/apache/kerby/kerb-core/1.0.1/kerb-core-1.0.1.jar:/home/user/.m2/repository/org/apache/kerby/kerby-pkix/1.0.1/kerby-pkix-1.0.1.jar:/home/user/.m2/repository/org/apache/kerby/kerby-asn1/1.0.1/kerby-asn1-1.0.1.jar:/home/user/.m2/repository/org/apache/kerby/kerby-util/1.0.1/kerby-util-1.0.1.jar:/home/user/.m2/repository/org/apache/kerby/kerb-common/1.0.1/kerb-common-1.0.1.jar:/home/user/.m2/repository/org/apache/kerby/kerb-crypto/1.0.1/kerb-crypto-1.0.1.jar:/home/user/.m2/repository/org/apache/kerby/kerb-util/1.0.1/kerb-util-1.0.1.jar:/home/user/.m2/repository/org/apache/kerby/token-provider/1.0.1/token-provider-1.0.1.jar:/home/user/.m2/repository/org/apache/kerby/kerb-admin/1.0.1/kerb-admin-1.0.1.jar:/home/user/.m2/repository/org/apache/kerby/kerb-server/1.0.1/kerb-server-1.0.1.jar:/home/user/.m2/repository/org/apache/kerby/kerb-identity/1.0.1/kerb-identity-1.0.1.jar:/home/user/.m2/repository/org/apache/kerby/kerby-xdr/1.0.1/kerby-xdr-1.0.1.jar:/home/user/.m2/repository/org/slf4j/slf4j-log4j12/1.7.30/slf4j-log4j12-1.7.30.jar:/home/user/.m2/repository/org/apache/hadoop/hadoop-ozone-s3gateway/1.1.0-SNAPSHOT/hadoop-ozone-s3gateway-1.1.0-SNAPSHOT.jar:/home/user/.m2/repository/org/jboss/weld/servlet/weld-servlet/2.4.7.Final/weld-servlet-2.4.7.Final.jar:/home/user/.m2/repository/org/glassfish/jersey/containers/jersey-container-servlet-core/2.27/jersey-container-servlet-core-2.27.jar:/home/user/.m2/repository/org/glassfish/hk2/external/javax.inject/2.5.0-b42/javax.inject-2.5.0-b42.jar:/home/user/.m2/repository/org/glassfish/jersey/core/jersey-common/2.27/jersey-common-2.27.jar:/home/user/.m2/repository/org/glassfish/hk2/osgi-resource-locator/1.0.1/osgi-resource-locator-1.0.1.jar:/home/user/.m2/repository/javax/ws/rs/javax.ws.rs-api/2.1/javax.ws.rs-api-2.1.jar:/home/user/.m2/repository/org/glassfish/jersey/ext/cdi/jersey-cdi1x/2.27/jersey-cdi1x-2.27.jar:/home/user/.m2/repository/org/glassfish/jersey/inject/jersey-hk2/2.27/jersey-hk2-2.27.jar:/home/user/.m2/repository/org/glassfish/hk2/hk2-locator/2.5.0-b42/hk2-locator-2.5.0-b42.jar:/home/user/.m2/repository/org/javassist/javassist/3.22.0-CR2/javassist-3.22.0-CR2.jar:/home/user/.m2/repository/org/glassfish/hk2/hk2-api/2.5.0/hk2-api-2.5.0.jar:/home/user/.m2/repository/org/glassfish/hk2/external/jakarta.inject/2.5.0/jakarta.inject-2.5.0.jar:/home/user/.m2/repository/org/glassfish/hk2/hk2-utils/2.5.0/hk2-utils-2.5.0.jar:/home/user/.m2/repository/jakarta/annotation/jakarta.annotation-api/1.3.4/jakarta.annotation-api-1.3.4.jar:/home/user/.m2/repository/org/glassfish/hk2/external/aopalliance-repackaged/2.5.0/aopalliance-repackaged-2.5.0.jar:/home/user/.m2/repository/com/fasterxml/jackson/dataformat/jackson-dataformat-xml/2.12.1/jackson-dataformat-xml-2.12.1.jar:/home/user/.m2/repository/com/fasterxml/jackson/core/jackson-core/2.12.1/jackson-core-2.12.1.jar:/home/user/.m2/repository/com/fasterxml/jackson/module/jackson-module-jaxb-annotations/2.12.1/jackson-module-jaxb-annotations-2.12.1.jar:/home/user/.m2/repository/jakarta/xml/bind/jakarta.xml.bind-api/2.3.2/jakarta.xml.bind-api-2.3.2.jar:/home/user/.m2/repository/jakarta/activation/jakarta.activation-api/1.2.1/jakarta.activation-api-1.2.1.jar:/home/user/.m2/repository/org/codehaus/woodstox/stax2-api/3.1.4/stax2-api-3.1.4.jar:/home/user/.m2/repository/com/fasterxml/woodstox/woodstox-core/5.0.3/woodstox-core-5.0.3.jar:/home/user/.m2/repository/javax/enterprise/cdi-api/1.2/cdi-api-1.2.jar:/home/user/.m2/repository/javax/el/javax.el-api/3.0.0/javax.el-api-3.0.0.jar:/home/user/.m2/repository/javax/interceptor/javax.interceptor-api/1.2/javax.interceptor-api-1.2.jar:/home/user/.m2/repository/javax/inject/javax.inject/1/javax.inject-1.jar:/home/user/.m2/repository/com/sun/xml/bind/jaxb-impl/2.3.0.1/jaxb-impl-2.3.0.1.jar:/home/user/.m2/repository/com/sun/xml/bind/jaxb-core/2.3.0.1/jaxb-core-2.3.0.1.jar:/home/user/.m2/repository/javax/xml/bind/jaxb-api/2.3.0/jaxb-api-2.3.0.jar:/home/user/.m2/repository/javax/activation/activation/1.1.1/activation-1.1.1.jar:/home/user/.m2/repository/org/apache/hadoop/hadoop-ozone-csi/1.1.0-SNAPSHOT/hadoop-ozone-csi-1.1.0-SNAPSHOT.jar:/home/user/.m2/repository/com/google/protobuf/protobuf-java-util/3.12.0/protobuf-java-util-3.12.0.jar:/home/user/.m2/repository/com/google/code/gson/gson/2.2.4/gson-2.2.4.jar:/home/user/.m2/repository/org/apache/hadoop/hadoop-hdds-config/1.1.0-SNAPSHOT/hadoop-hdds-config-1.1.0-SNAPSHOT.jar:/home/user/.m2/repository/com/google/protobuf/protobuf-java/2.5.0/protobuf-java-2.5.0.jar:/home/user/.m2/repository/io/grpc/grpc-netty/1.33.0/grpc-netty-1.33.0.jar:/home/user/.m2/repository/io/grpc/grpc-core/1.33.0/grpc-core-1.33.0.jar:/home/user/.m2/repository/com/google/android/annotations/4.1.1.4/annotations-4.1.1.4.jar:/home/user/.m2/repository/io/netty/netty-codec-http2/4.1.51.Final/netty-codec-http2-4.1.51.Final.jar:/home/user/.m2/repository/io/netty/netty-codec/4.1.51.Final/netty-codec-4.1.51.Final.jar:/home/user/.m2/repository/io/netty/netty-handler/4.1.51.Final/netty-handler-4.1.51.Final.jar:/home/user/.m2/repository/io/netty/netty-codec-http/4.1.51.Final/netty-codec-http-4.1.51.Final.jar:/home/user/.m2/repository/io/netty/netty-handler-proxy/4.1.51.Final/netty-handler-proxy-4.1.51.Final.jar:/home/user/.m2/repository/io/netty/netty-codec-socks/4.1.51.Final/netty-codec-socks-4.1.51.Final.jar:/home/user/.m2/repository/io/perfmark/perfmark-api/0.19.0/perfmark-api-0.19.0.jar:/home/user/.m2/repository/org/codehaus/mojo/animal-sniffer-annotations/1.18/animal-sniffer-annotations-1.18.jar:/home/user/.m2/repository/io/netty/netty-transport-native-epoll/4.1.51.Final/netty-transport-native-epoll-4.1.51.Final.jar:/home/user/.m2/repository/io/netty/netty-common/4.1.51.Final/netty-common-4.1.51.Final.jar:/home/user/.m2/repository/io/netty/netty-buffer/4.1.51.Final/netty-buffer-4.1.51.Final.jar:/home/user/.m2/repository/io/netty/netty-transport/4.1.51.Final/netty-transport-4.1.51.Final.jar:/home/user/.m2/repository/io/netty/netty-resolver/4.1.51.Final/netty-resolver-4.1.51.Final.jar:/home/user/.m2/repository/io/netty/netty-transport-native-unix-common/4.1.51.Final/netty-transport-native-unix-common-4.1.51.Final.jar:/home/user/.m2/repository/io/grpc/grpc-protobuf/1.33.0/grpc-protobuf-1.33.0.jar:/home/user/.m2/repository/io/grpc/grpc-api/1.33.0/grpc-api-1.33.0.jar:/home/user/.m2/repository/io/grpc/grpc-context/1.33.0/grpc-context-1.33.0.jar:/home/user/.m2/repository/com/google/api/grpc/proto-google-common-protos/1.17.0/proto-google-common-protos-1.17.0.jar:/home/user/.m2/repository/io/grpc/grpc-protobuf-lite/1.33.0/grpc-protobuf-lite-1.33.0.jar:/home/user/.m2/repository/io/grpc/grpc-stub/1.33.0/grpc-stub-1.33.0.jar:/home/user/.m2/repository/org/apache/hadoop/hadoop-ozone-recon/1.1.0-SNAPSHOT/hadoop-ozone-recon-1.1.0-SNAPSHOT.jar:/home/user/.m2/repository/org/apache/hadoop/hadoop-ozone-reconcodegen/1.1.0-SNAPSHOT/hadoop-ozone-reconcodegen-1.1.0-SNAPSHOT.jar:/home/user/.m2/repository/com/google/inject/extensions/guice-multibindings/4.0/guice-multibindings-4.0.jar:/home/user/.m2/repository/com/google/inject/guice/4.0/guice-4.0.jar:/home/user/.m2/repository/aopalliance/aopalliance/1.0/aopalliance-1.0.jar:/home/user/.m2/repository/com/google/inject/extensions/guice-assistedinject/4.0/guice-assistedinject-4.0.jar:/home/user/.m2/repository/com/google/inject/extensions/guice-servlet/4.0/guice-servlet-4.0.jar:/home/user/.m2/repository/org/glassfish/jersey/containers/jersey-container-servlet/2.27/jersey-container-servlet-2.27.jar:/home/user/.m2/repository/org/glassfish/hk2/guice-bridge/2.5.0/guice-bridge-2.5.0.jar:/home/user/.m2/repository/org/glassfish/jersey/core/jersey-server/2.27/jersey-server-2.27.jar:/home/user/.m2/repository/org/glassfish/jersey/core/jersey-client/2.27/jersey-client-2.27.jar:/home/user/.m2/repository/org/glassfish/jersey/media/jersey-media-jaxb/2.27/jersey-media-jaxb-2.27.jar:/home/user/.m2/repository/javax/validation/validation-api/1.1.0.Final/validation-api-1.1.0.Final.jar:/home/user/.m2/repository/org/glassfish/jersey/media/jersey-media-json-jackson/2.27/jersey-media-json-jackson-2.27.jar:/home/user/.m2/repository/org/glassfish/jersey/ext/jersey-entity-filtering/2.27/jersey-entity-filtering-2.27.jar:/home/user/.m2/repository/org/jooq/jooq/3.11.10/jooq-3.11.10.jar:/home/user/.m2/repository/org/jooq/jooq-meta/3.11.10/jooq-meta-3.11.10.jar:/home/user/.m2/repository/org/jooq/jooq-codegen/3.11.10/jooq-codegen-3.11.10.jar:/home/user/.m2/repository/com/jolbox/bonecp/0.8.0.RELEASE/bonecp-0.8.0.RELEASE.jar:/home/user/.m2/repository/org/apache/derby/derby/10.14.2.0/derby-10.14.2.0.jar:/home/user/.m2/repository/org/xerial/sqlite-jdbc/3.25.2/sqlite-jdbc-3.25.2.jar:/home/user/.m2/repository/org/springframework/spring-jdbc/5.2.11.RELEASE/spring-jdbc-5.2.11.RELEASE.jar:/home/user/.m2/repository/org/springframework/spring-beans/5.2.11.RELEASE/spring-beans-5.2.11.RELEASE.jar:/home/user/.m2/repository/org/springframework/spring-core/5.2.11.RELEASE/spring-core-5.2.11.RELEASE.jar:/home/user/.m2/repository/org/springframework/spring-jcl/5.2.11.RELEASE/spring-jcl-5.2.11.RELEASE.jar:/home/user/.m2/repository/org/springframework/spring-tx/5.2.11.RELEASE/spring-tx-5.2.11.RELEASE.jar:/home/user/.m2/repository/org/apache/hadoop/hadoop-ozone-client/1.1.0-SNAPSHOT/hadoop-ozone-client-1.1.0-SNAPSHOT.jar:/home/user/.m2/repository/org/apache/hadoop/hadoop-ozone-filesystem/1.1.0-SNAPSHOT/hadoop-ozone-filesystem-1.1.0-SNAPSHOT.jar:/home/user/.m2/repository/org/apache/hadoop/hadoop-ozone-filesystem-common/1.1.0-SNAPSHOT/hadoop-ozone-filesystem-common-1.1.0-SNAPSHOT.jar:/home/user/.m2/repository/org/apache/hadoop/hadoop-ozone-tools/1.1.0-SNAPSHOT/hadoop-ozone-tools-1.1.0-SNAPSHOT.jar:/home/user/.m2/repository/org/apache/ratis/ratis-tools/1.1.0-0bdf24f-SNAPSHOT/ratis-tools-1.1.0-0bdf24f-SNAPSHOT.jar:/home/user/.m2/repository/org/apache/ratis/ratis-proto/1.1.0-0bdf24f-SNAPSHOT/ratis-proto-1.1.0-0bdf24f-SNAPSHOT.jar:/home/user/.m2/repository/org/apache/ratis/ratis-common/1.1.0-0bdf24f-SNAPSHOT/ratis-common-1.1.0-0bdf24f-SNAPSHOT.jar:/home/user/.m2/repository/com/amazonaws/aws-java-sdk-core/1.11.901/aws-java-sdk-core-1.11.901.jar:/home/user/.m2/repository/org/apache/httpcomponents/httpclient/4.5.13/httpclient-4.5.13.jar:/home/user/.m2/repository/org/apache/httpcomponents/httpcore/4.4.13/httpcore-4.4.13.jar:/home/user/.m2/repository/software/amazon/ion/ion-java/1.0.2/ion-java-1.0.2.jar:/home/user/.m2/repository/com/fasterxml/jackson/dataformat/jackson-dataformat-cbor/2.12.1/jackson-dataformat-cbor-2.12.1.jar:/home/user/.m2/repository/joda-time/joda-time/2.8.1/joda-time-2.8.1.jar:/home/user/.m2/repository/com/amazonaws/aws-java-sdk-s3/1.11.901/aws-java-sdk-s3-1.11.901.jar:/home/user/.m2/repository/com/amazonaws/aws-java-sdk-kms/1.11.901/aws-java-sdk-kms-1.11.901.jar:/home/user/.m2/repository/com/amazonaws/jmespath-java/1.11.901/jmespath-java-1.11.901.jar:/home/user/.m2/repository/org/kohsuke/metainf-services/metainf-services/1.8/metainf-services-1.8.jar:/home/user/.m2/repository/org/apache/hadoop/hadoop-hdds-tools/1.1.0-SNAPSHOT/hadoop-hdds-tools-1.1.0-SNAPSHOT.jar:/home/user/.m2/repository/commons-cli/commons-cli/1.2/commons-cli-1.2.jar:/home/user/.m2/repository/org/apache/commons/commons-lang3/3.7/commons-lang3-3.7.jar:/home/user/.m2/repository/org/apache/hadoop/hadoop-ozone-ozone-manager/1.1.0-SNAPSHOT/hadoop-ozone-ozone-manager-1.1.0-SNAPSHOT-tests.jar:/home/user/.m2/repository/org/apache/hadoop/hadoop-hdds-common/1.1.0-SNAPSHOT/hadoop-hdds-common-1.1.0-SNAPSHOT-tests.jar:/home/user/.m2/repository/org/apache/hadoop/hadoop-hdds-hadoop-dependency-client/1.1.0-SNAPSHOT/hadoop-hdds-hadoop-dependency-client-1.1.0-SNAPSHOT.jar:/home/user/.m2/repository/info/picocli/picocli/4.4.0/picocli-4.4.0.jar:/home/user/.m2/repository/com/fasterxml/jackson/core/jackson-annotations/2.12.1/jackson-annotations-2.12.1.jar:/home/user/.m2/repository/javax/annotation/javax.annotation-api/1.2/javax.annotation-api-1.2.jar:/home/user/.m2/repository/org/fusesource/leveldbjni/leveldbjni-all/1.8/leveldbjni-all-1.8.jar:/home/user/.m2/repository/org/apache/ratis/ratis-server/1.1.0-0bdf24f-SNAPSHOT/ratis-server-1.1.0-0bdf24f-SNAPSHOT.jar:/home/user/.m2/repository/org/apache/ratis/ratis-client/1.1.0-0bdf24f-SNAPSHOT/ratis-client-1.1.0-0bdf24f-SNAPSHOT.jar:/home/user/.m2/repository/org/apache/ratis/ratis-server-api/1.1.0-0bdf24f-SNAPSHOT/ratis-server-api-1.1.0-0bdf24f-SNAPSHOT.jar:/home/user/.m2/repository/org/apache/ratis/ratis-metrics/1.1.0-0bdf24f-SNAPSHOT/ratis-metrics-1.1.0-0bdf24f-SNAPSHOT.jar:/home/user/.m2/repository/org/apache/ratis/ratis-netty/1.1.0-0bdf24f-SNAPSHOT/ratis-netty-1.1.0-0bdf24f-SNAPSHOT.jar:/home/user/.m2/repository/org/apache/ratis/ratis-grpc/1.1.0-0bdf24f-SNAPSHOT/ratis-grpc-1.1.0-0bdf24f-SNAPSHOT.jar:/home/user/.m2/repository/org/apache/logging/log4j/log4j-api/2.13.3/log4j-api-2.13.3.jar:/home/user/.m2/repository/org/apache/logging/log4j/log4j-core/2.13.3/log4j-core-2.13.3.jar:/home/user/.m2/repository/com/lmax/disruptor/3.4.2/disruptor-3.4.2.jar:/home/user/.m2/repository/org/apache/commons/commons-pool2/2.6.0/commons-pool2-2.6.0.jar:/home/user/.m2/repository/org/bouncycastle/bcpkix-jdk15on/1.67/bcpkix-jdk15on-1.67.jar:/home/user/.m2/repository/commons-validator/commons-validator/1.6/commons-validator-1.6.jar:/home/user/.m2/repository/commons-beanutils/commons-beanutils/1.9.4/commons-beanutils-1.9.4.jar:/home/user/.m2/repository/commons-digester/commons-digester/1.8.1/commons-digester-1.8.1.jar:/home/user/.m2/repository/commons-collections/commons-collections/3.2.2/commons-collections-3.2.2.jar:/home/user/.m2/repository/io/jaegertracing/jaeger-client/1.2.0/jaeger-client-1.2.0.jar:/home/user/.m2/repository/io/jaegertracing/jaeger-thrift/1.2.0/jaeger-thrift-1.2.0.jar:/home/user/.m2/repository/org/apache/thrift/libthrift/0.13.0/libthrift-0.13.0.jar:/home/user/.m2/repository/com/squareup/okhttp3/okhttp/4.2.2/okhttp-4.2.2.jar:/home/user/.m2/repository/com/squareup/okio/okio/2.2.2/okio-2.2.2.jar:/home/user/.m2/repository/org/jetbrains/kotlin/kotlin-stdlib/1.3.50/kotlin-stdlib-1.3.50.jar:/home/user/.m2/repository/org/jetbrains/kotlin/kotlin-stdlib-common/1.3.50/kotlin-stdlib-common-1.3.50.jar:/home/user/.m2/repository/org/jetbrains/annotations/13.0/annotations-13.0.jar:/home/user/.m2/repository/io/jaegertracing/jaeger-core/1.2.0/jaeger-core-1.2.0.jar:/home/user/.m2/repository/io/jaegertracing/jaeger-tracerresolver/1.2.0/jaeger-tracerresolver-1.2.0.jar:/home/user/.m2/repository/io/opentracing/contrib/opentracing-tracerresolver/0.1.8/opentracing-tracerresolver-0.1.8.jar:/home/user/.m2/repository/io/opentracing/opentracing-util/0.33.0/opentracing-util-0.33.0.jar:/home/user/.m2/repository/io/opentracing/opentracing-api/0.33.0/opentracing-api-0.33.0.jar:/home/user/.m2/repository/io/opentracing/opentracing-noop/0.33.0/opentracing-noop-0.33.0.jar:/home/user/.m2/repository/org/yaml/snakeyaml/1.26/snakeyaml-1.26.jar:/home/user/.m2/repository/junit/junit/4.13.1/junit-4.13.1.jar:/home/user/.m2/repository/org/hamcrest/hamcrest-core/1.3/hamcrest-core-1.3.jar:/home/user/.m2/repository/org/junit/jupiter/junit-jupiter-api/5.7.0/junit-jupiter-api-5.7.0.jar:/home/user/.m2/repository/org/apiguardian/apiguardian-api/1.1.0/apiguardian-api-1.1.0.jar:/home/user/.m2/repository/org/opentest4j/opentest4j/1.2.0/opentest4j-1.2.0.jar:/home/user/.m2/repository/org/junit/platform/junit-platform-commons/1.7.0/junit-platform-commons-1.7.0.jar:/home/user/.m2/repository/org/junit/jupiter/junit-jupiter-engine/5.7.0/junit-jupiter-engine-5.7.0.jar:/home/user/.m2/repository/org/junit/platform/junit-platform-engine/1.7.0/junit-platform-engine-1.7.0.jar:/home/user/.m2/repository/org/junit/vintage/junit-vintage-engine/5.7.0/junit-vintage-engine-5.7.0.jar:/home/user/.m2/repository/org/junit/platform/junit-platform-launcher/1.7.0/junit-platform-launcher-1.7.0.jar:/home/user/.m2/repository/org/openjdk/jmh/jmh-core/1.19/jmh-core-1.19.jar:/home/user/.m2/repository/net/sf/jopt-simple/jopt-simple/4.6/jopt-simple-4.6.jar:/home/user/.m2/repository/org/apache/commons/commons-math3/3.1.1/commons-math3-3.1.1.jar:/home/user/.m2/repository/org/openjdk/jmh/jmh-generator-annprocess/1.19/jmh-generator-annprocess-1.19.jar:/home/user/.m2/repository/org/mockito/mockito-all/1.8.5/mockito-all-1.8.5.jar:/home/user/.m2/repository/org/apache/hadoop/hadoop-kms/3.2.2/hadoop-kms-3.2.2.jar:/home/user/.m2/repository/org/apache/hadoop/hadoop-auth/3.2.2/hadoop-auth-3.2.2.jar:/home/user/.m2/repository/com/nimbusds/nimbus-jose-jwt/7.9/nimbus-jose-jwt-7.9.jar:/home/user/.m2/repository/com/github/stephenc/jcip/jcip-annotations/1.0-1/jcip-annotations-1.0-1.jar:/home/user/.m2/repository/net/minidev/json-smart/2.3/json-smart-2.3.jar:/home/user/.m2/repository/net/minidev/accessors-smart/1.2/accessors-smart-1.2.jar:/home/user/.m2/repository/org/ow2/asm/asm/5.0.4/asm-5.0.4.jar:/home/user/.m2/repository/org/apache/zookeeper/zookeeper/3.4.13/zookeeper-3.4.13.jar:/home/user/.m2/repository/org/apache/yetus/audience-annotations/0.5.0/audience-annotations-0.5.0.jar:/home/user/.m2/repository/org/apache/curator/curator-framework/2.13.0/curator-framework-2.13.0.jar:/home/user/.m2/repository/com/sun/jersey/jersey-core/1.19/jersey-core-1.19.jar:/home/user/.m2/repository/javax/ws/rs/jsr311-api/1.1.1/jsr311-api-1.1.1.jar:/home/user/.m2/repository/com/sun/jersey/jersey-server/1.19/jersey-server-1.19.jar:/home/user/.m2/repository/javax/servlet/javax.servlet-api/3.1.0/javax.servlet-api-3.1.0.jar:/home/user/.m2/repository/org/eclipse/jetty/jetty-server/9.4.35.v20201120/jetty-server-9.4.35.v20201120.jar:/home/user/.m2/repository/org/eclipse/jetty/jetty-http/9.4.35.v20201120/jetty-http-9.4.35.v20201120.jar:/home/user/.m2/repository/org/eclipse/jetty/jetty-io/9.4.35.v20201120/jetty-io-9.4.35.v20201120.jar:/home/user/.m2/repository/org/eclipse/jetty/jetty-webapp/9.4.35.v20201120/jetty-webapp-9.4.35.v20201120.jar:/home/user/.m2/repository/org/eclipse/jetty/jetty-xml/9.4.35.v20201120/jetty-xml-9.4.35.v20201120.jar:/home/user/.m2/repository/org/apache/hadoop/hadoop-common/3.2.2/hadoop-common-3.2.2.jar:/home/user/.m2/repository/commons-net/commons-net/3.6/commons-net-3.6.jar:/home/user/.m2/repository/javax/activation/javax.activation-api/1.2.0/javax.activation-api-1.2.0.jar:/home/user/.m2/repository/com/sun/jersey/jersey-servlet/1.19/jersey-servlet-1.19.jar:/home/user/.m2/repository/com/sun/jersey/jersey-json/1.19/jersey-json-1.19.jar:/home/user/.m2/repository/org/codehaus/jettison/jettison/1.1/jettison-1.1.jar:/home/user/.m2/repository/org/codehaus/jackson/jackson-jaxrs/1.9.2/jackson-jaxrs-1.9.2.jar:/home/user/.m2/repository/org/codehaus/jackson/jackson-xc/1.9.2/jackson-xc-1.9.2.jar:/home/user/.m2/repository/org/apache/commons/commons-configuration2/2.1.1/commons-configuration2-2.1.1.jar:/home/user/.m2/repository/org/apache/commons/commons-text/1.4/commons-text-1.4.jar:/home/user/.m2/repository/com/google/re2j/re2j/1.1/re2j-1.1.jar:/home/user/.m2/repository/com/jcraft/jsch/0.1.54/jsch-0.1.54.jar:/home/user/.m2/repository/org/apache/curator/curator-client/2.13.0/curator-client-2.13.0.jar:/home/user/.m2/repository/org/apache/curator/curator-recipes/2.13.0/curator-recipes-2.13.0.jar:/home/user/.m2/repository/dnsjava/dnsjava/2.1.7/dnsjava-2.1.7.jar:/home/user/.m2/repository/org/slf4j/jul-to-slf4j/1.7.30/jul-to-slf4j-1.7.30.jar:/home/user/.m2/repository/org/eclipse/jetty/jetty-util/9.4.35.v20201120/jetty-util-9.4.35.v20201120.jar:/home/user/.m2/repository/com/fasterxml/jackson/core/jackson-databind/2.12.1/jackson-databind-2.12.1.jar:/home/user/.m2/repository/org/apache/hadoop/hadoop-kms/3.2.2/hadoop-kms-3.2.2-tests.jar:/home/user/.m2/repository/org/apache/hadoop/hadoop-hdds-server-scm/1.1.0-SNAPSHOT/hadoop-hdds-server-scm-1.1.0-SNAPSHOT-tests.jar:/home/user/.m2/repository/org/apache/hadoop/hadoop-hdds-container-service/1.1.0-SNAPSHOT/hadoop-hdds-container-service-1.1.0-SNAPSHOT-tests.jar:/home/user/.m2/repository/commons-codec/commons-codec/1.11/commons-codec-1.11.jar:/home/user/.m2/repository/org/apache/hadoop/hadoop-hdds-hadoop-dependency-test/1.1.0-SNAPSHOT/hadoop-hdds-hadoop-dependency-test-1.1.0-SNAPSHOT.jar:/home/user/.m2/repository/org/apache/hadoop/hadoop-common/3.2.2/hadoop-common-3.2.2-tests.jar:/home/user/.m2/repository/org/apache/hadoop/hadoop-hdfs/3.2.2/hadoop-hdfs-3.2.2-tests.jar:/home/user/.m2/repository/org/eclipse/jetty/jetty-util-ajax/9.4.35.v20201120/jetty-util-ajax-9.4.35.v20201120.jar:/home/user/.m2/repository/commons-daemon/commons-daemon/1.0.13/commons-daemon-1.0.13.jar:/home/user/.m2/repository/io/netty/netty/3.10.6.Final/netty-3.10.6.Final.jar:/home/user/.m2/repository/io/netty/netty-all/4.1.51.Final/netty-all-4.1.51.Final.jar:/home/user/.m2/repository/org/apache/htrace/htrace-core4/4.1.0-incubating/htrace-core4-4.1.0-incubating.jar:/home/user/.m2/repository/org/apache/hadoop/hadoop-distcp/3.2.2/hadoop-distcp-3.2.2.jar:/home/user/.m2/repository/org/apache/hadoop/hadoop-mapreduce-client-jobclient/3.2.2/hadoop-mapreduce-client-jobclient-3.2.2.jar:/home/user/.m2/repository/org/apache/hadoop/hadoop-mapreduce-client-common/3.2.2/hadoop-mapreduce-client-common-3.2.2.jar:/home/user/.m2/repository/org/apache/hadoop/hadoop-yarn-common/3.2.2/hadoop-yarn-common-3.2.2.jar:/home/user/.m2/repository/org/apache/hadoop/hadoop-yarn-api/3.2.2/hadoop-yarn-api-3.2.2.jar:/home/user/.m2/repository/com/sun/jersey/jersey-client/1.19/jersey-client-1.19.jar:/home/user/.m2/repository/com/sun/jersey/contribs/jersey-guice/1.19/jersey-guice-1.19.jar:/home/user/.m2/repository/com/fasterxml/jackson/jaxrs/jackson-jaxrs-json-provider/2.12.1/jackson-jaxrs-json-provider-2.12.1.jar:/home/user/.m2/repository/com/fasterxml/jackson/jaxrs/jackson-jaxrs-base/2.12.1/jackson-jaxrs-base-2.12.1.jar:/home/user/.m2/repository/org/apache/hadoop/hadoop-yarn-client/3.2.2/hadoop-yarn-client-3.2.2.jar:/home/user/.m2/repository/org/apache/hadoop/hadoop-mapreduce-client-core/3.2.2/hadoop-mapreduce-client-core-3.2.2.jar:/home/user/.m2/repository/org/apache/avro/avro/1.7.7/avro-1.7.7.jar:/home/user/.m2/repository/org/codehaus/jackson/jackson-core-asl/1.9.13/jackson-core-asl-1.9.13.jar:/home/user/.m2/repository/org/codehaus/jackson/jackson-mapper-asl/1.9.13/jackson-mapper-asl-1.9.13.jar:/home/user/.m2/repository/com/thoughtworks/paranamer/paranamer/2.3/paranamer-2.3.jar:/home/user/.m2/repository/org/xerial/snappy/snappy-java/1.0.5/snappy-java-1.0.5.jar:/home/user/.m2/repository/org/apache/hadoop/hadoop-annotations/3.2.2/hadoop-annotations-3.2.2.jar:/usr/lib/jvm/java-1.8.0-openjdk-1.8.0.232.b09-0.el7_7.x86_64/jre/../lib/tools.jar:/home/user/.m2/repository/org/apache/hadoop/hadoop-distcp/3.2.2/hadoop-distcp-3.2.2-tests.jar:"/>
    <property name="java.vm.vendor" value="Oracle Corporation"/>
    <property name="sun.arch.data.model" value="64"/>
    <property name="test.build.dir" value="/github/workspace/mnt/ozone/hadoop-ozone/integration-test/target/test-dir"/>
    <property name="test.cache.data" value=""/>
    <property name="java.vendor.url" value="http://java.oracle.com/"/>
    <property name="user.timezone" value=""/>
    <property name="java.vm.specification.version" value="1.8"/>
    <property name="os.name" value="Linux"/>
    <property name="test.build.data" value="/github/workspace/mnt/ozone/hadoop-ozone/integration-test/target/test-dir"/>
    <property name="user.country" value="US"/>
    <property name="sun.java.launcher" value="SUN_STANDARD"/>
    <property name="sun.boot.library.path" value="/usr/lib/jvm/java-1.8.0-openjdk-1.8.0.232.b09-0.el7_7.x86_64/jre/lib/amd64"/>
    <property name="sun.java.command" value="/github/workspace/mnt/ozone/hadoop-ozone/integration-test/target/surefire/surefirebooter3460479941987380020.jar /github/workspace/mnt/ozone/hadoop-ozone/integration-test/target/surefire 2021-03-17T01-37-23_114-jvmRun1 surefire2109580403264000817tmp surefire_192368809289499607537tmp"/>
    <property name="surefire.test.class.path" value="/github/workspace/mnt/ozone/hadoop-ozone/integration-test/target/test-classes:/github/workspace/mnt/ozone/hadoop-ozone/integration-test/target/classes:/home/user/.m2/repository/org/apache/hadoop/hadoop-ozone-common/1.1.0-SNAPSHOT/hadoop-ozone-common-1.1.0-SNAPSHOT.jar:/home/user/.m2/repository/org/apache/commons/commons-compress/1.4.1/commons-compress-1.4.1.jar:/home/user/.m2/repository/org/tukaani/xz/1.0/xz-1.0.jar:/home/user/.m2/repository/org/apache/hadoop/hadoop-hdds-common/1.1.0-SNAPSHOT/hadoop-hdds-common-1.1.0-SNAPSHOT.jar:/home/user/.m2/repository/org/apache/hadoop/hadoop-hdds-client/1.1.0-SNAPSHOT/hadoop-hdds-client-1.1.0-SNAPSHOT.jar:/home/user/.m2/repository/org/apache/hadoop/hadoop-ozone-interface-client/1.1.0-SNAPSHOT/hadoop-ozone-interface-client-1.1.0-SNAPSHOT.jar:/home/user/.m2/repository/org/apache/hadoop/hadoop-hdds-test-utils/1.1.0-SNAPSHOT/hadoop-hdds-test-utils-1.1.0-SNAPSHOT.jar:/home/user/.m2/repository/com/google/guava/guava/28.2-jre/guava-28.2-jre.jar:/home/user/.m2/repository/com/google/guava/failureaccess/1.0.1/failureaccess-1.0.1.jar:/home/user/.m2/repository/com/google/guava/listenablefuture/9999.0-empty-to-avoid-conflict-with-guava/listenablefuture-9999.0-empty-to-avoid-conflict-with-guava.jar:/home/user/.m2/repository/com/google/code/findbugs/jsr305/3.0.0/jsr305-3.0.0.jar:/home/user/.m2/repository/org/checkerframework/checker-qual/2.10.0/checker-qual-2.10.0.jar:/home/user/.m2/repository/com/google/errorprone/error_prone_annotations/2.2.0/error_prone_annotations-2.2.0.jar:/home/user/.m2/repository/com/google/j2objc/j2objc-annotations/1.3/j2objc-annotations-1.3.jar:/home/user/.m2/repository/commons-io/commons-io/2.5/commons-io-2.5.jar:/home/user/.m2/repository/commons-logging/commons-logging/1.2/commons-logging-1.2.jar:/home/user/.m2/repository/log4j/log4j/1.2.17/log4j-1.2.17.jar:/home/user/.m2/repository/org/slf4j/slf4j-api/1.7.30/slf4j-api-1.7.30.jar:/home/user/.m2/repository/org/apache/hadoop/hadoop-hdds-server-scm/1.1.0-SNAPSHOT/hadoop-hdds-server-scm-1.1.0-SNAPSHOT.jar:/home/user/.m2/repository/org/apache/hadoop/hadoop-hdds-container-service/1.1.0-SNAPSHOT/hadoop-hdds-container-service-1.1.0-SNAPSHOT.jar:/home/user/.m2/repository/org/apache/hadoop/hadoop-hdds-hadoop-dependency-server/1.1.0-SNAPSHOT/hadoop-hdds-hadoop-dependency-server-1.1.0-SNAPSHOT.jar:/home/user/.m2/repository/org/apache/hadoop/hadoop-hdfs/3.2.2/hadoop-hdfs-3.2.2.jar:/home/user/.m2/repository/org/apache/hadoop/hadoop-hdds-server-framework/1.1.0-SNAPSHOT/hadoop-hdds-server-framework-1.1.0-SNAPSHOT.jar:/home/user/.m2/repository/org/apache/hadoop/hadoop-hdds-interface-server/1.1.0-SNAPSHOT/hadoop-hdds-interface-server-1.1.0-SNAPSHOT.jar:/home/user/.m2/repository/org/apache/hadoop/hadoop-hdds-interface-admin/1.1.0-SNAPSHOT/hadoop-hdds-interface-admin-1.1.0-SNAPSHOT.jar:/home/user/.m2/repository/org/eclipse/jetty/jetty-servlet/9.4.35.v20201120/jetty-servlet-9.4.35.v20201120.jar:/home/user/.m2/repository/org/eclipse/jetty/jetty-security/9.4.35.v20201120/jetty-security-9.4.35.v20201120.jar:/home/user/.m2/repository/org/rocksdb/rocksdbjni/6.8.1/rocksdbjni-6.8.1.jar:/home/user/.m2/repository/io/prometheus/simpleclient_dropwizard/0.7.0/simpleclient_dropwizard-0.7.0.jar:/home/user/.m2/repository/io/prometheus/simpleclient/0.7.0/simpleclient-0.7.0.jar:/home/user/.m2/repository/io/prometheus/simpleclient_common/0.7.0/simpleclient_common-0.7.0.jar:/home/user/.m2/repository/com/fasterxml/jackson/datatype/jackson-datatype-jsr310/2.12.1/jackson-datatype-jsr310-2.12.1.jar:/home/user/.m2/repository/io/dropwizard/metrics/metrics-core/3.2.4/metrics-core-3.2.4.jar:/home/user/.m2/repository/org/apache/hadoop/hadoop-hdfs-client/3.2.2/hadoop-hdfs-client-3.2.2.jar:/home/user/.m2/repository/org/bouncycastle/bcprov-jdk15on/1.67/bcprov-jdk15on-1.67.jar:/home/user/.m2/repository/org/apache/hadoop/hadoop-ozone-ozone-manager/1.1.0-SNAPSHOT/hadoop-ozone-ozone-manager-1.1.0-SNAPSHOT.jar:/home/user/.m2/repository/org/apache/hadoop/hadoop-hdds-interface-client/1.1.0-SNAPSHOT/hadoop-hdds-interface-client-1.1.0-SNAPSHOT.jar:/home/user/.m2/repository/org/apache/ratis/ratis-thirdparty-misc/0.6.0/ratis-thirdparty-misc-0.6.0.jar:/home/user/.m2/repository/org/apache/hadoop/hadoop-ozone-interface-storage/1.1.0-SNAPSHOT/hadoop-ozone-interface-storage-1.1.0-SNAPSHOT.jar:/home/user/.m2/repository/org/apache/hadoop/hadoop-minikdc/3.2.2/hadoop-minikdc-3.2.2.jar:/home/user/.m2/repository/org/apache/kerby/kerb-simplekdc/1.0.1/kerb-simplekdc-1.0.1.jar:/home/user/.m2/repository/org/apache/kerby/kerb-client/1.0.1/kerb-client-1.0.1.jar:/home/user/.m2/repository/org/apache/kerby/kerby-config/1.0.1/kerby-config-1.0.1.jar:/home/user/.m2/repository/org/apache/kerby/kerb-core/1.0.1/kerb-core-1.0.1.jar:/home/user/.m2/repository/org/apache/kerby/kerby-pkix/1.0.1/kerby-pkix-1.0.1.jar:/home/user/.m2/repository/org/apache/kerby/kerby-asn1/1.0.1/kerby-asn1-1.0.1.jar:/home/user/.m2/repository/org/apache/kerby/kerby-util/1.0.1/kerby-util-1.0.1.jar:/home/user/.m2/repository/org/apache/kerby/kerb-common/1.0.1/kerb-common-1.0.1.jar:/home/user/.m2/repository/org/apache/kerby/kerb-crypto/1.0.1/kerb-crypto-1.0.1.jar:/home/user/.m2/repository/org/apache/kerby/kerb-util/1.0.1/kerb-util-1.0.1.jar:/home/user/.m2/repository/org/apache/kerby/token-provider/1.0.1/token-provider-1.0.1.jar:/home/user/.m2/repository/org/apache/kerby/kerb-admin/1.0.1/kerb-admin-1.0.1.jar:/home/user/.m2/repository/org/apache/kerby/kerb-server/1.0.1/kerb-server-1.0.1.jar:/home/user/.m2/repository/org/apache/kerby/kerb-identity/1.0.1/kerb-identity-1.0.1.jar:/home/user/.m2/repository/org/apache/kerby/kerby-xdr/1.0.1/kerby-xdr-1.0.1.jar:/home/user/.m2/repository/org/slf4j/slf4j-log4j12/1.7.30/slf4j-log4j12-1.7.30.jar:/home/user/.m2/repository/org/apache/hadoop/hadoop-ozone-s3gateway/1.1.0-SNAPSHOT/hadoop-ozone-s3gateway-1.1.0-SNAPSHOT.jar:/home/user/.m2/repository/org/jboss/weld/servlet/weld-servlet/2.4.7.Final/weld-servlet-2.4.7.Final.jar:/home/user/.m2/repository/org/glassfish/jersey/containers/jersey-container-servlet-core/2.27/jersey-container-servlet-core-2.27.jar:/home/user/.m2/repository/org/glassfish/hk2/external/javax.inject/2.5.0-b42/javax.inject-2.5.0-b42.jar:/home/user/.m2/repository/org/glassfish/jersey/core/jersey-common/2.27/jersey-common-2.27.jar:/home/user/.m2/repository/org/glassfish/hk2/osgi-resource-locator/1.0.1/osgi-resource-locator-1.0.1.jar:/home/user/.m2/repository/javax/ws/rs/javax.ws.rs-api/2.1/javax.ws.rs-api-2.1.jar:/home/user/.m2/repository/org/glassfish/jersey/ext/cdi/jersey-cdi1x/2.27/jersey-cdi1x-2.27.jar:/home/user/.m2/repository/org/glassfish/jersey/inject/jersey-hk2/2.27/jersey-hk2-2.27.jar:/home/user/.m2/repository/org/glassfish/hk2/hk2-locator/2.5.0-b42/hk2-locator-2.5.0-b42.jar:/home/user/.m2/repository/org/javassist/javassist/3.22.0-CR2/javassist-3.22.0-CR2.jar:/home/user/.m2/repository/org/glassfish/hk2/hk2-api/2.5.0/hk2-api-2.5.0.jar:/home/user/.m2/repository/org/glassfish/hk2/external/jakarta.inject/2.5.0/jakarta.inject-2.5.0.jar:/home/user/.m2/repository/org/glassfish/hk2/hk2-utils/2.5.0/hk2-utils-2.5.0.jar:/home/user/.m2/repository/jakarta/annotation/jakarta.annotation-api/1.3.4/jakarta.annotation-api-1.3.4.jar:/home/user/.m2/repository/org/glassfish/hk2/external/aopalliance-repackaged/2.5.0/aopalliance-repackaged-2.5.0.jar:/home/user/.m2/repository/com/fasterxml/jackson/dataformat/jackson-dataformat-xml/2.12.1/jackson-dataformat-xml-2.12.1.jar:/home/user/.m2/repository/com/fasterxml/jackson/core/jackson-core/2.12.1/jackson-core-2.12.1.jar:/home/user/.m2/repository/com/fasterxml/jackson/module/jackson-module-jaxb-annotations/2.12.1/jackson-module-jaxb-annotations-2.12.1.jar:/home/user/.m2/repository/jakarta/xml/bind/jakarta.xml.bind-api/2.3.2/jakarta.xml.bind-api-2.3.2.jar:/home/user/.m2/repository/jakarta/activation/jakarta.activation-api/1.2.1/jakarta.activation-api-1.2.1.jar:/home/user/.m2/repository/org/codehaus/woodstox/stax2-api/3.1.4/stax2-api-3.1.4.jar:/home/user/.m2/repository/com/fasterxml/woodstox/woodstox-core/5.0.3/woodstox-core-5.0.3.jar:/home/user/.m2/repository/javax/enterprise/cdi-api/1.2/cdi-api-1.2.jar:/home/user/.m2/repository/javax/el/javax.el-api/3.0.0/javax.el-api-3.0.0.jar:/home/user/.m2/repository/javax/interceptor/javax.interceptor-api/1.2/javax.interceptor-api-1.2.jar:/home/user/.m2/repository/javax/inject/javax.inject/1/javax.inject-1.jar:/home/user/.m2/repository/com/sun/xml/bind/jaxb-impl/2.3.0.1/jaxb-impl-2.3.0.1.jar:/home/user/.m2/repository/com/sun/xml/bind/jaxb-core/2.3.0.1/jaxb-core-2.3.0.1.jar:/home/user/.m2/repository/javax/xml/bind/jaxb-api/2.3.0/jaxb-api-2.3.0.jar:/home/user/.m2/repository/javax/activation/activation/1.1.1/activation-1.1.1.jar:/home/user/.m2/repository/org/apache/hadoop/hadoop-ozone-csi/1.1.0-SNAPSHOT/hadoop-ozone-csi-1.1.0-SNAPSHOT.jar:/home/user/.m2/repository/com/google/protobuf/protobuf-java-util/3.12.0/protobuf-java-util-3.12.0.jar:/home/user/.m2/repository/com/google/code/gson/gson/2.2.4/gson-2.2.4.jar:/home/user/.m2/repository/org/apache/hadoop/hadoop-hdds-config/1.1.0-SNAPSHOT/hadoop-hdds-config-1.1.0-SNAPSHOT.jar:/home/user/.m2/repository/com/google/protobuf/protobuf-java/2.5.0/protobuf-java-2.5.0.jar:/home/user/.m2/repository/io/grpc/grpc-netty/1.33.0/grpc-netty-1.33.0.jar:/home/user/.m2/repository/io/grpc/grpc-core/1.33.0/grpc-core-1.33.0.jar:/home/user/.m2/repository/com/google/android/annotations/4.1.1.4/annotations-4.1.1.4.jar:/home/user/.m2/repository/io/netty/netty-codec-http2/4.1.51.Final/netty-codec-http2-4.1.51.Final.jar:/home/user/.m2/repository/io/netty/netty-codec/4.1.51.Final/netty-codec-4.1.51.Final.jar:/home/user/.m2/repository/io/netty/netty-handler/4.1.51.Final/netty-handler-4.1.51.Final.jar:/home/user/.m2/repository/io/netty/netty-codec-http/4.1.51.Final/netty-codec-http-4.1.51.Final.jar:/home/user/.m2/repository/io/netty/netty-handler-proxy/4.1.51.Final/netty-handler-proxy-4.1.51.Final.jar:/home/user/.m2/repository/io/netty/netty-codec-socks/4.1.51.Final/netty-codec-socks-4.1.51.Final.jar:/home/user/.m2/repository/io/perfmark/perfmark-api/0.19.0/perfmark-api-0.19.0.jar:/home/user/.m2/repository/org/codehaus/mojo/animal-sniffer-annotations/1.18/animal-sniffer-annotations-1.18.jar:/home/user/.m2/repository/io/netty/netty-transport-native-epoll/4.1.51.Final/netty-transport-native-epoll-4.1.51.Final.jar:/home/user/.m2/repository/io/netty/netty-common/4.1.51.Final/netty-common-4.1.51.Final.jar:/home/user/.m2/repository/io/netty/netty-buffer/4.1.51.Final/netty-buffer-4.1.51.Final.jar:/home/user/.m2/repository/io/netty/netty-transport/4.1.51.Final/netty-transport-4.1.51.Final.jar:/home/user/.m2/repository/io/netty/netty-resolver/4.1.51.Final/netty-resolver-4.1.51.Final.jar:/home/user/.m2/repository/io/netty/netty-transport-native-unix-common/4.1.51.Final/netty-transport-native-unix-common-4.1.51.Final.jar:/home/user/.m2/repository/io/grpc/grpc-protobuf/1.33.0/grpc-protobuf-1.33.0.jar:/home/user/.m2/repository/io/grpc/grpc-api/1.33.0/grpc-api-1.33.0.jar:/home/user/.m2/repository/io/grpc/grpc-context/1.33.0/grpc-context-1.33.0.jar:/home/user/.m2/repository/com/google/api/grpc/proto-google-common-protos/1.17.0/proto-google-common-protos-1.17.0.jar:/home/user/.m2/repository/io/grpc/grpc-protobuf-lite/1.33.0/grpc-protobuf-lite-1.33.0.jar:/home/user/.m2/repository/io/grpc/grpc-stub/1.33.0/grpc-stub-1.33.0.jar:/home/user/.m2/repository/org/apache/hadoop/hadoop-ozone-recon/1.1.0-SNAPSHOT/hadoop-ozone-recon-1.1.0-SNAPSHOT.jar:/home/user/.m2/repository/org/apache/hadoop/hadoop-ozone-reconcodegen/1.1.0-SNAPSHOT/hadoop-ozone-reconcodegen-1.1.0-SNAPSHOT.jar:/home/user/.m2/repository/com/google/inject/extensions/guice-multibindings/4.0/guice-multibindings-4.0.jar:/home/user/.m2/repository/com/google/inject/guice/4.0/guice-4.0.jar:/home/user/.m2/repository/aopalliance/aopalliance/1.0/aopalliance-1.0.jar:/home/user/.m2/repository/com/google/inject/extensions/guice-assistedinject/4.0/guice-assistedinject-4.0.jar:/home/user/.m2/repository/com/google/inject/extensions/guice-servlet/4.0/guice-servlet-4.0.jar:/home/user/.m2/repository/org/glassfish/jersey/containers/jersey-container-servlet/2.27/jersey-container-servlet-2.27.jar:/home/user/.m2/repository/org/glassfish/hk2/guice-bridge/2.5.0/guice-bridge-2.5.0.jar:/home/user/.m2/repository/org/glassfish/jersey/core/jersey-server/2.27/jersey-server-2.27.jar:/home/user/.m2/repository/org/glassfish/jersey/core/jersey-client/2.27/jersey-client-2.27.jar:/home/user/.m2/repository/org/glassfish/jersey/media/jersey-media-jaxb/2.27/jersey-media-jaxb-2.27.jar:/home/user/.m2/repository/javax/validation/validation-api/1.1.0.Final/validation-api-1.1.0.Final.jar:/home/user/.m2/repository/org/glassfish/jersey/media/jersey-media-json-jackson/2.27/jersey-media-json-jackson-2.27.jar:/home/user/.m2/repository/org/glassfish/jersey/ext/jersey-entity-filtering/2.27/jersey-entity-filtering-2.27.jar:/home/user/.m2/repository/org/jooq/jooq/3.11.10/jooq-3.11.10.jar:/home/user/.m2/repository/org/jooq/jooq-meta/3.11.10/jooq-meta-3.11.10.jar:/home/user/.m2/repository/org/jooq/jooq-codegen/3.11.10/jooq-codegen-3.11.10.jar:/home/user/.m2/repository/com/jolbox/bonecp/0.8.0.RELEASE/bonecp-0.8.0.RELEASE.jar:/home/user/.m2/repository/org/apache/derby/derby/10.14.2.0/derby-10.14.2.0.jar:/home/user/.m2/repository/org/xerial/sqlite-jdbc/3.25.2/sqlite-jdbc-3.25.2.jar:/home/user/.m2/repository/org/springframework/spring-jdbc/5.2.11.RELEASE/spring-jdbc-5.2.11.RELEASE.jar:/home/user/.m2/repository/org/springframework/spring-beans/5.2.11.RELEASE/spring-beans-5.2.11.RELEASE.jar:/home/user/.m2/repository/org/springframework/spring-core/5.2.11.RELEASE/spring-core-5.2.11.RELEASE.jar:/home/user/.m2/repository/org/springframework/spring-jcl/5.2.11.RELEASE/spring-jcl-5.2.11.RELEASE.jar:/home/user/.m2/repository/org/springframework/spring-tx/5.2.11.RELEASE/spring-tx-5.2.11.RELEASE.jar:/home/user/.m2/repository/org/apache/hadoop/hadoop-ozone-client/1.1.0-SNAPSHOT/hadoop-ozone-client-1.1.0-SNAPSHOT.jar:/home/user/.m2/repository/org/apache/hadoop/hadoop-ozone-filesystem/1.1.0-SNAPSHOT/hadoop-ozone-filesystem-1.1.0-SNAPSHOT.jar:/home/user/.m2/repository/org/apache/hadoop/hadoop-ozone-filesystem-common/1.1.0-SNAPSHOT/hadoop-ozone-filesystem-common-1.1.0-SNAPSHOT.jar:/home/user/.m2/repository/org/apache/hadoop/hadoop-ozone-tools/1.1.0-SNAPSHOT/hadoop-ozone-tools-1.1.0-SNAPSHOT.jar:/home/user/.m2/repository/org/apache/ratis/ratis-tools/1.1.0-0bdf24f-SNAPSHOT/ratis-tools-1.1.0-0bdf24f-SNAPSHOT.jar:/home/user/.m2/repository/org/apache/ratis/ratis-proto/1.1.0-0bdf24f-SNAPSHOT/ratis-proto-1.1.0-0bdf24f-SNAPSHOT.jar:/home/user/.m2/repository/org/apache/ratis/ratis-common/1.1.0-0bdf24f-SNAPSHOT/ratis-common-1.1.0-0bdf24f-SNAPSHOT.jar:/home/user/.m2/repository/com/amazonaws/aws-java-sdk-core/1.11.901/aws-java-sdk-core-1.11.901.jar:/home/user/.m2/repository/org/apache/httpcomponents/httpclient/4.5.13/httpclient-4.5.13.jar:/home/user/.m2/repository/org/apache/httpcomponents/httpcore/4.4.13/httpcore-4.4.13.jar:/home/user/.m2/repository/software/amazon/ion/ion-java/1.0.2/ion-java-1.0.2.jar:/home/user/.m2/repository/com/fasterxml/jackson/dataformat/jackson-dataformat-cbor/2.12.1/jackson-dataformat-cbor-2.12.1.jar:/home/user/.m2/repository/joda-time/joda-time/2.8.1/joda-time-2.8.1.jar:/home/user/.m2/repository/com/amazonaws/aws-java-sdk-s3/1.11.901/aws-java-sdk-s3-1.11.901.jar:/home/user/.m2/repository/com/amazonaws/aws-java-sdk-kms/1.11.901/aws-java-sdk-kms-1.11.901.jar:/home/user/.m2/repository/com/amazonaws/jmespath-java/1.11.901/jmespath-java-1.11.901.jar:/home/user/.m2/repository/org/kohsuke/metainf-services/metainf-services/1.8/metainf-services-1.8.jar:/home/user/.m2/repository/org/apache/hadoop/hadoop-hdds-tools/1.1.0-SNAPSHOT/hadoop-hdds-tools-1.1.0-SNAPSHOT.jar:/home/user/.m2/repository/commons-cli/commons-cli/1.2/commons-cli-1.2.jar:/home/user/.m2/repository/org/apache/commons/commons-lang3/3.7/commons-lang3-3.7.jar:/home/user/.m2/repository/org/apache/hadoop/hadoop-ozone-ozone-manager/1.1.0-SNAPSHOT/hadoop-ozone-ozone-manager-1.1.0-SNAPSHOT-tests.jar:/home/user/.m2/repository/org/apache/hadoop/hadoop-hdds-common/1.1.0-SNAPSHOT/hadoop-hdds-common-1.1.0-SNAPSHOT-tests.jar:/home/user/.m2/repository/org/apache/hadoop/hadoop-hdds-hadoop-dependency-client/1.1.0-SNAPSHOT/hadoop-hdds-hadoop-dependency-client-1.1.0-SNAPSHOT.jar:/home/user/.m2/repository/info/picocli/picocli/4.4.0/picocli-4.4.0.jar:/home/user/.m2/repository/com/fasterxml/jackson/core/jackson-annotations/2.12.1/jackson-annotations-2.12.1.jar:/home/user/.m2/repository/javax/annotation/javax.annotation-api/1.2/javax.annotation-api-1.2.jar:/home/user/.m2/repository/org/fusesource/leveldbjni/leveldbjni-all/1.8/leveldbjni-all-1.8.jar:/home/user/.m2/repository/org/apache/ratis/ratis-server/1.1.0-0bdf24f-SNAPSHOT/ratis-server-1.1.0-0bdf24f-SNAPSHOT.jar:/home/user/.m2/repository/org/apache/ratis/ratis-client/1.1.0-0bdf24f-SNAPSHOT/ratis-client-1.1.0-0bdf24f-SNAPSHOT.jar:/home/user/.m2/repository/org/apache/ratis/ratis-server-api/1.1.0-0bdf24f-SNAPSHOT/ratis-server-api-1.1.0-0bdf24f-SNAPSHOT.jar:/home/user/.m2/repository/org/apache/ratis/ratis-metrics/1.1.0-0bdf24f-SNAPSHOT/ratis-metrics-1.1.0-0bdf24f-SNAPSHOT.jar:/home/user/.m2/repository/org/apache/ratis/ratis-netty/1.1.0-0bdf24f-SNAPSHOT/ratis-netty-1.1.0-0bdf24f-SNAPSHOT.jar:/home/user/.m2/repository/org/apache/ratis/ratis-grpc/1.1.0-0bdf24f-SNAPSHOT/ratis-grpc-1.1.0-0bdf24f-SNAPSHOT.jar:/home/user/.m2/repository/org/apache/logging/log4j/log4j-api/2.13.3/log4j-api-2.13.3.jar:/home/user/.m2/repository/org/apache/logging/log4j/log4j-core/2.13.3/log4j-core-2.13.3.jar:/home/user/.m2/repository/com/lmax/disruptor/3.4.2/disruptor-3.4.2.jar:/home/user/.m2/repository/org/apache/commons/commons-pool2/2.6.0/commons-pool2-2.6.0.jar:/home/user/.m2/repository/org/bouncycastle/bcpkix-jdk15on/1.67/bcpkix-jdk15on-1.67.jar:/home/user/.m2/repository/commons-validator/commons-validator/1.6/commons-validator-1.6.jar:/home/user/.m2/repository/commons-beanutils/commons-beanutils/1.9.4/commons-beanutils-1.9.4.jar:/home/user/.m2/repository/commons-digester/commons-digester/1.8.1/commons-digester-1.8.1.jar:/home/user/.m2/repository/commons-collections/commons-collections/3.2.2/commons-collections-3.2.2.jar:/home/user/.m2/repository/io/jaegertracing/jaeger-client/1.2.0/jaeger-client-1.2.0.jar:/home/user/.m2/repository/io/jaegertracing/jaeger-thrift/1.2.0/jaeger-thrift-1.2.0.jar:/home/user/.m2/repository/org/apache/thrift/libthrift/0.13.0/libthrift-0.13.0.jar:/home/user/.m2/repository/com/squareup/okhttp3/okhttp/4.2.2/okhttp-4.2.2.jar:/home/user/.m2/repository/com/squareup/okio/okio/2.2.2/okio-2.2.2.jar:/home/user/.m2/repository/org/jetbrains/kotlin/kotlin-stdlib/1.3.50/kotlin-stdlib-1.3.50.jar:/home/user/.m2/repository/org/jetbrains/kotlin/kotlin-stdlib-common/1.3.50/kotlin-stdlib-common-1.3.50.jar:/home/user/.m2/repository/org/jetbrains/annotations/13.0/annotations-13.0.jar:/home/user/.m2/repository/io/jaegertracing/jaeger-core/1.2.0/jaeger-core-1.2.0.jar:/home/user/.m2/repository/io/jaegertracing/jaeger-tracerresolver/1.2.0/jaeger-tracerresolver-1.2.0.jar:/home/user/.m2/repository/io/opentracing/contrib/opentracing-tracerresolver/0.1.8/opentracing-tracerresolver-0.1.8.jar:/home/user/.m2/repository/io/opentracing/opentracing-util/0.33.0/opentracing-util-0.33.0.jar:/home/user/.m2/repository/io/opentracing/opentracing-api/0.33.0/opentracing-api-0.33.0.jar:/home/user/.m2/repository/io/opentracing/opentracing-noop/0.33.0/opentracing-noop-0.33.0.jar:/home/user/.m2/repository/org/yaml/snakeyaml/1.26/snakeyaml-1.26.jar:/home/user/.m2/repository/junit/junit/4.13.1/junit-4.13.1.jar:/home/user/.m2/repository/org/hamcrest/hamcrest-core/1.3/hamcrest-core-1.3.jar:/home/user/.m2/repository/org/junit/jupiter/junit-jupiter-api/5.7.0/junit-jupiter-api-5.7.0.jar:/home/user/.m2/repository/org/apiguardian/apiguardian-api/1.1.0/apiguardian-api-1.1.0.jar:/home/user/.m2/repository/org/opentest4j/opentest4j/1.2.0/opentest4j-1.2.0.jar:/home/user/.m2/repository/org/junit/platform/junit-platform-commons/1.7.0/junit-platform-commons-1.7.0.jar:/home/user/.m2/repository/org/junit/jupiter/junit-jupiter-engine/5.7.0/junit-jupiter-engine-5.7.0.jar:/home/user/.m2/repository/org/junit/platform/junit-platform-engine/1.7.0/junit-platform-engine-1.7.0.jar:/home/user/.m2/repository/org/junit/vintage/junit-vintage-engine/5.7.0/junit-vintage-engine-5.7.0.jar:/home/user/.m2/repository/org/junit/platform/junit-platform-launcher/1.7.0/junit-platform-launcher-1.7.0.jar:/home/user/.m2/repository/org/openjdk/jmh/jmh-core/1.19/jmh-core-1.19.jar:/home/user/.m2/repository/net/sf/jopt-simple/jopt-simple/4.6/jopt-simple-4.6.jar:/home/user/.m2/repository/org/apache/commons/commons-math3/3.1.1/commons-math3-3.1.1.jar:/home/user/.m2/repository/org/openjdk/jmh/jmh-generator-annprocess/1.19/jmh-generator-annprocess-1.19.jar:/home/user/.m2/repository/org/mockito/mockito-all/1.8.5/mockito-all-1.8.5.jar:/home/user/.m2/repository/org/apache/hadoop/hadoop-kms/3.2.2/hadoop-kms-3.2.2.jar:/home/user/.m2/repository/org/apache/hadoop/hadoop-auth/3.2.2/hadoop-auth-3.2.2.jar:/home/user/.m2/repository/com/nimbusds/nimbus-jose-jwt/7.9/nimbus-jose-jwt-7.9.jar:/home/user/.m2/repository/com/github/stephenc/jcip/jcip-annotations/1.0-1/jcip-annotations-1.0-1.jar:/home/user/.m2/repository/net/minidev/json-smart/2.3/json-smart-2.3.jar:/home/user/.m2/repository/net/minidev/accessors-smart/1.2/accessors-smart-1.2.jar:/home/user/.m2/repository/org/ow2/asm/asm/5.0.4/asm-5.0.4.jar:/home/user/.m2/repository/org/apache/zookeeper/zookeeper/3.4.13/zookeeper-3.4.13.jar:/home/user/.m2/repository/org/apache/yetus/audience-annotations/0.5.0/audience-annotations-0.5.0.jar:/home/user/.m2/repository/org/apache/curator/curator-framework/2.13.0/curator-framework-2.13.0.jar:/home/user/.m2/repository/com/sun/jersey/jersey-core/1.19/jersey-core-1.19.jar:/home/user/.m2/repository/javax/ws/rs/jsr311-api/1.1.1/jsr311-api-1.1.1.jar:/home/user/.m2/repository/com/sun/jersey/jersey-server/1.19/jersey-server-1.19.jar:/home/user/.m2/repository/javax/servlet/javax.servlet-api/3.1.0/javax.servlet-api-3.1.0.jar:/home/user/.m2/repository/org/eclipse/jetty/jetty-server/9.4.35.v20201120/jetty-server-9.4.35.v20201120.jar:/home/user/.m2/repository/org/eclipse/jetty/jetty-http/9.4.35.v20201120/jetty-http-9.4.35.v20201120.jar:/home/user/.m2/repository/org/eclipse/jetty/jetty-io/9.4.35.v20201120/jetty-io-9.4.35.v20201120.jar:/home/user/.m2/repository/org/eclipse/jetty/jetty-webapp/9.4.35.v20201120/jetty-webapp-9.4.35.v20201120.jar:/home/user/.m2/repository/org/eclipse/jetty/jetty-xml/9.4.35.v20201120/jetty-xml-9.4.35.v20201120.jar:/home/user/.m2/repository/org/apache/hadoop/hadoop-common/3.2.2/hadoop-common-3.2.2.jar:/home/user/.m2/repository/commons-net/commons-net/3.6/commons-net-3.6.jar:/home/user/.m2/repository/javax/activation/javax.activation-api/1.2.0/javax.activation-api-1.2.0.jar:/home/user/.m2/repository/com/sun/jersey/jersey-servlet/1.19/jersey-servlet-1.19.jar:/home/user/.m2/repository/com/sun/jersey/jersey-json/1.19/jersey-json-1.19.jar:/home/user/.m2/repository/org/codehaus/jettison/jettison/1.1/jettison-1.1.jar:/home/user/.m2/repository/org/codehaus/jackson/jackson-jaxrs/1.9.2/jackson-jaxrs-1.9.2.jar:/home/user/.m2/repository/org/codehaus/jackson/jackson-xc/1.9.2/jackson-xc-1.9.2.jar:/home/user/.m2/repository/org/apache/commons/commons-configuration2/2.1.1/commons-configuration2-2.1.1.jar:/home/user/.m2/repository/org/apache/commons/commons-text/1.4/commons-text-1.4.jar:/home/user/.m2/repository/com/google/re2j/re2j/1.1/re2j-1.1.jar:/home/user/.m2/repository/com/jcraft/jsch/0.1.54/jsch-0.1.54.jar:/home/user/.m2/repository/org/apache/curator/curator-client/2.13.0/curator-client-2.13.0.jar:/home/user/.m2/repository/org/apache/curator/curator-recipes/2.13.0/curator-recipes-2.13.0.jar:/home/user/.m2/repository/dnsjava/dnsjava/2.1.7/dnsjava-2.1.7.jar:/home/user/.m2/repository/org/slf4j/jul-to-slf4j/1.7.30/jul-to-slf4j-1.7.30.jar:/home/user/.m2/repository/org/eclipse/jetty/jetty-util/9.4.35.v20201120/jetty-util-9.4.35.v20201120.jar:/home/user/.m2/repository/com/fasterxml/jackson/core/jackson-databind/2.12.1/jackson-databind-2.12.1.jar:/home/user/.m2/repository/org/apache/hadoop/hadoop-kms/3.2.2/hadoop-kms-3.2.2-tests.jar:/home/user/.m2/repository/org/apache/hadoop/hadoop-hdds-server-scm/1.1.0-SNAPSHOT/hadoop-hdds-server-scm-1.1.0-SNAPSHOT-tests.jar:/home/user/.m2/repository/org/apache/hadoop/hadoop-hdds-container-service/1.1.0-SNAPSHOT/hadoop-hdds-container-service-1.1.0-SNAPSHOT-tests.jar:/home/user/.m2/repository/commons-codec/commons-codec/1.11/commons-codec-1.11.jar:/home/user/.m2/repository/org/apache/hadoop/hadoop-hdds-hadoop-dependency-test/1.1.0-SNAPSHOT/hadoop-hdds-hadoop-dependency-test-1.1.0-SNAPSHOT.jar:/home/user/.m2/repository/org/apache/hadoop/hadoop-common/3.2.2/hadoop-common-3.2.2-tests.jar:/home/user/.m2/repository/org/apache/hadoop/hadoop-hdfs/3.2.2/hadoop-hdfs-3.2.2-tests.jar:/home/user/.m2/repository/org/eclipse/jetty/jetty-util-ajax/9.4.35.v20201120/jetty-util-ajax-9.4.35.v20201120.jar:/home/user/.m2/repository/commons-daemon/commons-daemon/1.0.13/commons-daemon-1.0.13.jar:/home/user/.m2/repository/io/netty/netty/3.10.6.Final/netty-3.10.6.Final.jar:/home/user/.m2/repository/io/netty/netty-all/4.1.51.Final/netty-all-4.1.51.Final.jar:/home/user/.m2/repository/org/apache/htrace/htrace-core4/4.1.0-incubating/htrace-core4-4.1.0-incubating.jar:/home/user/.m2/repository/org/apache/hadoop/hadoop-distcp/3.2.2/hadoop-distcp-3.2.2.jar:/home/user/.m2/repository/org/apache/hadoop/hadoop-mapreduce-client-jobclient/3.2.2/hadoop-mapreduce-client-jobclient-3.2.2.jar:/home/user/.m2/repository/org/apache/hadoop/hadoop-mapreduce-client-common/3.2.2/hadoop-mapreduce-client-common-3.2.2.jar:/home/user/.m2/repository/org/apache/hadoop/hadoop-yarn-common/3.2.2/hadoop-yarn-common-3.2.2.jar:/home/user/.m2/repository/org/apache/hadoop/hadoop-yarn-api/3.2.2/hadoop-yarn-api-3.2.2.jar:/home/user/.m2/repository/com/sun/jersey/jersey-client/1.19/jersey-client-1.19.jar:/home/user/.m2/repository/com/sun/jersey/contribs/jersey-guice/1.19/jersey-guice-1.19.jar:/home/user/.m2/repository/com/fasterxml/jackson/jaxrs/jackson-jaxrs-json-provider/2.12.1/jackson-jaxrs-json-provider-2.12.1.jar:/home/user/.m2/repository/com/fasterxml/jackson/jaxrs/jackson-jaxrs-base/2.12.1/jackson-jaxrs-base-2.12.1.jar:/home/user/.m2/repository/org/apache/hadoop/hadoop-yarn-client/3.2.2/hadoop-yarn-client-3.2.2.jar:/home/user/.m2/repository/org/apache/hadoop/hadoop-mapreduce-client-core/3.2.2/hadoop-mapreduce-client-core-3.2.2.jar:/home/user/.m2/repository/org/apache/avro/avro/1.7.7/avro-1.7.7.jar:/home/user/.m2/repository/org/codehaus/jackson/jackson-core-asl/1.9.13/jackson-core-asl-1.9.13.jar:/home/user/.m2/repository/org/codehaus/jackson/jackson-mapper-asl/1.9.13/jackson-mapper-asl-1.9.13.jar:/home/user/.m2/repository/com/thoughtworks/paranamer/paranamer/2.3/paranamer-2.3.jar:/home/user/.m2/repository/org/xerial/snappy/snappy-java/1.0.5/snappy-java-1.0.5.jar:/home/user/.m2/repository/org/apache/hadoop/hadoop-annotations/3.2.2/hadoop-annotations-3.2.2.jar:/usr/lib/jvm/java-1.8.0-openjdk-1.8.0.232.b09-0.el7_7.x86_64/jre/../lib/tools.jar:/home/user/.m2/repository/org/apache/hadoop/hadoop-distcp/3.2.2/hadoop-distcp-3.2.2-tests.jar:"/>
    <property name="sun.cpu.endian" value="little"/>
    <property name="user.home" value="/home/user"/>
    <property name="user.language" value="en"/>
    <property name="java.specification.vendor" value="Oracle Corporation"/>
    <property name="java.home" value="/usr/lib/jvm/java-1.8.0-openjdk-1.8.0.232.b09-0.el7_7.x86_64/jre"/>
    <property name="java.security.krb5.conf" value="/github/workspace/mnt/ozone/hadoop-ozone/integration-test/target/test-classes/krb5.conf"/>
    <property name="basedir" value="/github/workspace/mnt/ozone/hadoop-ozone/integration-test"/>
    <property name="file.separator" value="/"/>
    <property name="line.separator" value="&#10;"/>
    <property name="java.vm.specification.vendor" value="Oracle Corporation"/>
    <property name="java.specification.name" value="Java Platform API Specification"/>
    <property name="java.awt.graphicsenv" value="sun.awt.X11GraphicsEnvironment"/>
    <property name="skip.installnpx" value="true"/>
    <property name="surefire.real.class.path" value="/github/workspace/mnt/ozone/hadoop-ozone/integration-test/target/surefire/surefirebooter3460479941987380020.jar:/home/user/.m2/repository/org/jacoco/org.jacoco.agent/0.8.5/org.jacoco.agent-0.8.5-runtime.jar"/>
    <property name="hadoop.log.dir" value="/github/workspace/mnt/ozone/hadoop-ozone/integration-test/target/log"/>
    <property name="sun.boot.class.path" value="/usr/lib/jvm/java-1.8.0-openjdk-1.8.0.232.b09-0.el7_7.x86_64/jre/lib/resources.jar:/usr/lib/jvm/java-1.8.0-openjdk-1.8.0.232.b09-0.el7_7.x86_64/jre/lib/rt.jar:/usr/lib/jvm/java-1.8.0-openjdk-1.8.0.232.b09-0.el7_7.x86_64/jre/lib/sunrsasign.jar:/usr/lib/jvm/java-1.8.0-openjdk-1.8.0.232.b09-0.el7_7.x86_64/jre/lib/jsse.jar:/usr/lib/jvm/java-1.8.0-openjdk-1.8.0.232.b09-0.el7_7.x86_64/jre/lib/jce.jar:/usr/lib/jvm/java-1.8.0-openjdk-1.8.0.232.b09-0.el7_7.x86_64/jre/lib/charsets.jar:/usr/lib/jvm/java-1.8.0-openjdk-1.8.0.232.b09-0.el7_7.x86_64/jre/lib/jfr.jar:/usr/lib/jvm/java-1.8.0-openjdk-1.8.0.232.b09-0.el7_7.x86_64/jre/classes"/>
    <property name="sun.management.compiler" value="HotSpot 64-Bit Tiered Compilers"/>
    <property name="skip.npx" value="true"/>
    <property name="java.runtime.version" value="1.8.0_232-b09"/>
    <property name="java.net.preferIPv4Stack" value="true"/>
    <property name="user.name" value="jenkins1001"/>
    <property name="path.separator" value=":"/>
    <property name="java.security.egd" value="file:///dev/urandom"/>
    <property name="os.version" value="5.4.0-1040-azure"/>
    <property name="java.endorsed.dirs" value="/usr/lib/jvm/java-1.8.0-openjdk-1.8.0.232.b09-0.el7_7.x86_64/jre/lib/endorsed"/>
    <property name="java.runtime.name" value="OpenJDK Runtime Environment"/>
    <property name="file.encoding" value="ANSI_X3.4-1968"/>
    <property name="java.vm.name" value="OpenJDK 64-Bit Server VM"/>
    <property name="test.build.webapps" value=""/>
    <property name="localRepository" value="/home/user/.m2/repository"/>
    <property name="java.vendor.url.bug" value="http://bugreport.sun.com/bugreport/"/>
    <property name="java.io.tmpdir" value="/tmp"/>
    <property name="require.test.libhadoop" value=""/>
    <property name="java.version" value="1.8.0_232"/>
    <property name="user.dir" value="/github/workspace/mnt/ozone/hadoop-ozone/integration-test"/>
    <property name="os.arch" value="amd64"/>
    <property name="java.vm.specification.name" value="Java Virtual Machine Specification"/>
    <property name="test.build.classes" value="/github/workspace/mnt/ozone/hadoop-ozone/integration-test/target/test-classes"/>
    <property name="java.awt.printerjob" value="sun.print.PSPrinterJob"/>
    <property name="sun.os.patch.level" value="unknown"/>
    <property name="hadoop.tmp.dir" value="/github/workspace/mnt/ozone/hadoop-ozone/integration-test/target/tmp"/>
    <property name="java.library.path" value="/usr/lib:/usr/java/packages/lib/amd64:/usr/lib64:/lib64:/lib:/usr/lib"/>
    <property name="java.vm.info" value="mixed mode"/>
    <property name="java.vendor" value="Oracle Corporation"/>
    <property name="java.vm.version" value="25.232-b09"/>
    <property name="java.ext.dirs" value="/usr/lib/jvm/java-1.8.0-openjdk-1.8.0.232.b09-0.el7_7.x86_64/jre/lib/ext:/usr/java/packages/lib/ext"/>
    <property name="sun.io.unicode.encoding" value="UnicodeLittle"/>
    <property name="java.class.version" value="52.0"/>
  </properties>
  <testcase name="test2DatanodesFailure" classname="org.apache.hadoop.ozone.client.rpc.TestBlockOutputStreamWithFailures" time="72.128"/>
  <testcase name="testDatanodeFailureWithPreAllocation" classname="org.apache.hadoop.ozone.client.rpc.TestBlockOutputStreamWithFailures" time="81.383">
    <error message="NO_REPLICA_FOUND" type="java.lang.IllegalArgumentException">java.lang.IllegalArgumentException: NO_REPLICA_FOUND
	at com.google.common.base.Preconditions.checkArgument(Preconditions.java:142)
	at org.apache.hadoop.hdds.scm.XceiverClientManager.acquireClient(XceiverClientManager.java:168)
	at org.apache.hadoop.hdds.scm.XceiverClientManager.acquireClientForReadData(XceiverClientManager.java:161)
	at org.apache.hadoop.hdds.scm.storage.BlockInputStream.acquireClient(BlockInputStream.java:227)
	at org.apache.hadoop.hdds.scm.storage.BlockInputStream.getChunkInfos(BlockInputStream.java:201)
	at org.apache.hadoop.hdds.scm.storage.BlockInputStream.initialize(BlockInputStream.java:142)
	at org.apache.hadoop.hdds.scm.storage.BlockInputStream.read(BlockInputStream.java:276)
	at org.apache.hadoop.ozone.client.io.KeyInputStream.read(KeyInputStream.java:242)
	at org.apache.hadoop.ozone.client.io.OzoneInputStream.read(OzoneInputStream.java:52)
	at java.io.InputStream.read(InputStream.java:101)
	at org.apache.hadoop.ozone.container.TestHelper.validateData(TestHelper.java:146)
	at org.apache.hadoop.ozone.client.rpc.TestBlockOutputStreamWithFailures.validateData(TestBlockOutputStreamWithFailures.java:869)
	at org.apache.hadoop.ozone.client.rpc.TestBlockOutputStreamWithFailures.testDatanodeFailureWithPreAllocation(TestBlockOutputStreamWithFailures.java:852)
	at sun.reflect.NativeMethodAccessorImpl.invoke0(Native Method)
	at sun.reflect.NativeMethodAccessorImpl.invoke(NativeMethodAccessorImpl.java:62)
	at sun.reflect.DelegatingMethodAccessorImpl.invoke(DelegatingMethodAccessorImpl.java:43)
	at java.lang.reflect.Method.invoke(Method.java:498)
	at org.junit.runners.model.FrameworkMethod$1.runReflectiveCall(FrameworkMethod.java:59)
	at org.junit.internal.runners.model.ReflectiveCallable.run(ReflectiveCallable.java:12)
	at org.junit.runners.model.FrameworkMethod.invokeExplosively(FrameworkMethod.java:56)
	at org.junit.internal.runners.statements.InvokeMethod.evaluate(InvokeMethod.java:17)
	at org.junit.internal.runners.statements.RunBefores.evaluate(RunBefores.java:26)
	at org.junit.internal.runners.statements.RunAfters.evaluate(RunAfters.java:27)
	at org.junit.internal.runners.statements.FailOnTimeout$CallableStatement.call(FailOnTimeout.java:288)
	at org.junit.internal.runners.statements.FailOnTimeout$CallableStatement.call(FailOnTimeout.java:282)
	at java.util.concurrent.FutureTask.run(FutureTask.java:266)
	at java.lang.Thread.run(Thread.java:748)
</error>
    <system-out><![CDATA[2021-03-17 02:10:09,957 [Time-limited test] WARN  server.ServerUtils (ServerUtils.java:getScmDbDir(148)) - ozone.scm.db.dirs is not configured. We recommend adding this setting. Falling back to ozone.metadata.dirs instead.
2021-03-17 02:10:09,959 [Time-limited test] WARN  server.ServerUtils (ServerUtils.java:getScmDbDir(148)) - ozone.scm.db.dirs is not configured. We recommend adding this setting. Falling back to ozone.metadata.dirs instead.
2021-03-17 02:10:09,960 [Time-limited test] WARN  db.DBStoreBuilder (DBStoreBuilder.java:applyDBDefinition(145)) - ozone.scm.db.dirs is not configured. We recommend adding this setting. Falling back to ozone.metadata.dirs instead.
2021-03-17 02:10:09,995 [Time-limited test] INFO  net.NodeSchemaLoader (NodeSchemaLoader.java:loadSchemaFromFile(129)) - Loading schema from [jar:file:/home/user/.m2/repository/org/apache/hadoop/hadoop-hdds-common/1.1.0-SNAPSHOT/hadoop-hdds-common-1.1.0-SNAPSHOT.jar!/network-topology-default.xml, jar:file:/home/user/.m2/repository/org/apache/hadoop/hadoop-ozone-ozone-manager/1.1.0-SNAPSHOT/hadoop-ozone-ozone-manager-1.1.0-SNAPSHOT-tests.jar!/network-topology-default.xml, jar:file:/home/user/.m2/repository/org/apache/hadoop/hadoop-hdds-server-scm/1.1.0-SNAPSHOT/hadoop-hdds-server-scm-1.1.0-SNAPSHOT-tests.jar!/network-topology-default.xml]
2021-03-17 02:10:09,998 [Time-limited test] INFO  net.NodeSchemaLoader (NodeSchemaLoader.java:loadSchema(176)) - Loading network topology layer schema file
2021-03-17 02:10:10,001 [Time-limited test] WARN  server.ServerUtils (ServerUtils.java:sanitizeUserArgs(67)) - ozone.scm.dead.node.interval value = 10000 is smaller than min = 20000 based on the key value of ozone.scm.stale.node.interval, reset to the min value 20000.
2021-03-17 02:10:10,002 [Time-limited test] INFO  node.SCMNodeManager (SCMNodeManager.java:<init>(123)) - Entering startup safe mode.
2021-03-17 02:10:10,002 [Time-limited test] INFO  algorithms.ContainerPlacementPolicyFactory (ContainerPlacementPolicyFactory.java:getPolicy(60)) - Create container placement policy of type org.apache.hadoop.hdds.scm.container.placement.algorithms.SCMContainerPlacementRandom
2021-03-17 02:10:10,002 [Time-limited test] INFO  algorithms.LeaderChoosePolicyFactory (LeaderChoosePolicyFactory.java:getPolicy(57)) - Create leader choose policy of type org.apache.hadoop.hdds.scm.pipeline.leader.choose.algorithms.MinLeaderCountChoosePolicy
2021-03-17 02:10:10,002 [Time-limited test] INFO  pipeline.SCMPipelineManager (SCMPipelineManager.java:initializePipelineState(161)) - No pipeline exists in current db
2021-03-17 02:10:10,003 [Time-limited test] INFO  algorithms.PipelineChoosePolicyFactory (PipelineChoosePolicyFactory.java:createPipelineChoosePolicyFromClass(73)) - Create pipeline choose policy of type org.apache.hadoop.hdds.scm.pipeline.choose.algorithms.RandomPipelineChoosePolicy
2021-03-17 02:10:10,004 [Time-limited test] INFO  safemode.HealthyPipelineSafeModeRule (HealthyPipelineSafeModeRule.java:<init>(89)) - Total pipeline count is 0, healthy pipeline threshold count is 0
2021-03-17 02:10:10,004 [Time-limited test] INFO  safemode.OneReplicaPipelineSafeModeRule (OneReplicaPipelineSafeModeRule.java:<init>(85)) - Total pipeline count is 0, pipeline's with at least one datanode reported threshold count is 0
2021-03-17 02:10:10,006 [Time-limited test] INFO  ipc.CallQueueManager (CallQueueManager.java:<init>(85)) - Using callQueue: class java.util.concurrent.LinkedBlockingQueue, queueCapacity: 2000, scheduler: class org.apache.hadoop.ipc.DefaultRpcScheduler, ipcBackoff: false.
2021-03-17 02:10:10,011 [Socket Reader #1 for port 0] INFO  ipc.Server (Server.java:run(1255)) - Starting Socket Reader #1 for port 0
2021-03-17 02:10:10,011 [Listener at 0.0.0.0/45335] INFO  ipc.CallQueueManager (CallQueueManager.java:<init>(85)) - Using callQueue: class java.util.concurrent.LinkedBlockingQueue, queueCapacity: 2000, scheduler: class org.apache.hadoop.ipc.DefaultRpcScheduler, ipcBackoff: false.
2021-03-17 02:10:10,012 [Socket Reader #1 for port 0] INFO  ipc.Server (Server.java:run(1255)) - Starting Socket Reader #1 for port 0
2021-03-17 02:10:10,015 [Listener at 0.0.0.0/46077] INFO  ipc.CallQueueManager (CallQueueManager.java:<init>(85)) - Using callQueue: class java.util.concurrent.LinkedBlockingQueue, queueCapacity: 2000, scheduler: class org.apache.hadoop.ipc.DefaultRpcScheduler, ipcBackoff: false.
2021-03-17 02:10:10,016 [Socket Reader #1 for port 0] INFO  ipc.Server (Server.java:run(1255)) - Starting Socket Reader #1 for port 0
2021-03-17 02:10:10,022 [Listener at 0.0.0.0/35283] INFO  server.StorageContainerManager (StorageContainerManager.java:start(810)) - StorageContainerLocationProtocol RPC server is listening at /0.0.0.0:35283
2021-03-17 02:10:10,023 [Listener at 0.0.0.0/35283] WARN  impl.MetricsConfig (MetricsConfig.java:loadFirst(136)) - Cannot locate configuration: tried hadoop-metrics2-storagecontainermanager.properties,hadoop-metrics2.properties
2021-03-17 02:10:10,026 [Listener at 0.0.0.0/35283] INFO  impl.MetricsSystemImpl (MetricsSystemImpl.java:startTimer(378)) - Scheduled Metric snapshot period at 10 second(s).
2021-03-17 02:10:10,026 [Listener at 0.0.0.0/35283] INFO  impl.MetricsSystemImpl (MetricsSystemImpl.java:start(191)) - StorageContainerManager metrics system started
2021-03-17 02:10:10,043 [Listener at 0.0.0.0/35283] INFO  impl.MetricsSinkAdapter (MetricsSinkAdapter.java:start(204)) - Sink prometheus started
2021-03-17 02:10:10,043 [Listener at 0.0.0.0/35283] INFO  impl.MetricsSystemImpl (MetricsSystemImpl.java:registerSink(305)) - Registered sink prometheus
2021-03-17 02:10:10,044 [Listener at 0.0.0.0/35283] INFO  server.SCMClientProtocolServer (SCMClientProtocolServer.java:start(161)) - RPC server for Client  is listening at /0.0.0.0:35283
2021-03-17 02:10:10,044 [IPC Server Responder] INFO  ipc.Server (Server.java:run(1497)) - IPC Server Responder: starting
2021-03-17 02:10:10,046 [IPC Server listener on 0] INFO  ipc.Server (Server.java:run(1334)) - IPC Server listener on 0: starting
2021-03-17 02:10:10,055 [Listener at 0.0.0.0/35283] INFO  server.StorageContainerManager (StorageContainerManager.java:start(822)) - ScmBlockLocationProtocol RPC server is listening at /0.0.0.0:46077
2021-03-17 02:10:10,055 [Listener at 0.0.0.0/35283] INFO  server.SCMBlockProtocolServer (SCMBlockProtocolServer.java:start(150)) - RPC server for Block Protocol is listening at /0.0.0.0:46077
2021-03-17 02:10:10,056 [IPC Server Responder] INFO  ipc.Server (Server.java:run(1497)) - IPC Server Responder: starting
2021-03-17 02:10:10,060 [IPC Server listener on 0] INFO  ipc.Server (Server.java:run(1334)) - IPC Server listener on 0: starting
2021-03-17 02:10:10,063 [Listener at 0.0.0.0/35283] INFO  server.StorageContainerManager (StorageContainerManager.java:start(828)) - ScmDatanodeProtocl RPC server is listening at /0.0.0.0:45335
2021-03-17 02:10:10,064 [Listener at 0.0.0.0/35283] INFO  server.SCMDatanodeProtocolServer (SCMDatanodeProtocolServer.java:start(174)) - RPC server for DataNodes is listening at /0.0.0.0:45335
2021-03-17 02:10:10,064 [IPC Server Responder] INFO  ipc.Server (Server.java:run(1497)) - IPC Server Responder: starting
2021-03-17 02:10:10,066 [IPC Server listener on 0] INFO  ipc.Server (Server.java:run(1334)) - IPC Server listener on 0: starting
2021-03-17 02:10:10,072 [org.apache.hadoop.util.JvmPauseMonitor$Monitor@543b6e71] INFO  util.JvmPauseMonitor (JvmPauseMonitor.java:run(188)) - Starting JVM pause monitor
2021-03-17 02:10:10,076 [Listener at 0.0.0.0/35283] INFO  http.BaseHttpServer (BaseHttpServer.java:newHttpServer2BuilderForOzone(207)) - Starting Web-server for scm at: http://0.0.0.0:0
2021-03-17 02:10:10,076 [Listener at 0.0.0.0/35283] INFO  http.BaseHttpServer (BaseHttpServer.java:<init>(106)) - Hadoop Security Enabled: false Ozone Security Enabled: false Ozone HTTP Security Enabled: false 
2021-03-17 02:10:10,078 [Listener at 0.0.0.0/35283] INFO  server.AuthenticationFilter (AuthenticationFilter.java:constructSecretProvider(240)) - Unable to initialize FileSignerSecretProvider, falling back to use random secrets.
2021-03-17 02:10:10,078 [Listener at 0.0.0.0/35283] WARN  http.HttpRequestLog (HttpRequestLog.java:getRequestLog(103)) - Jetty request log can only be enabled using Log4j
2021-03-17 02:10:10,079 [Listener at 0.0.0.0/35283] INFO  http.HttpServer2 (HttpServer2.java:addGlobalFilter(1020)) - Added global filter 'safety' (class=org.apache.hadoop.hdds.server.http.HttpServer2$QuotingInputFilter)
2021-03-17 02:10:10,080 [Listener at 0.0.0.0/35283] INFO  http.HttpServer2 (HttpServer2.java:addFilter(996)) - Added filter static_user_filter (class=org.apache.hadoop.http.lib.StaticUserWebFilter$StaticUserFilter) to context scm
2021-03-17 02:10:10,080 [Listener at 0.0.0.0/35283] INFO  http.HttpServer2 (HttpServer2.java:addFilter(1004)) - Added filter static_user_filter (class=org.apache.hadoop.http.lib.StaticUserWebFilter$StaticUserFilter) to context static
2021-03-17 02:10:10,080 [Listener at 0.0.0.0/35283] INFO  http.HttpServer2 (HttpServer2.java:addFilter(1004)) - Added filter static_user_filter (class=org.apache.hadoop.http.lib.StaticUserWebFilter$StaticUserFilter) to context logs
2021-03-17 02:10:10,080 [Listener at 0.0.0.0/35283] INFO  http.HttpServer2 (HttpServer2.java:bindListener(1238)) - Jetty bound to port 42829
2021-03-17 02:10:10,080 [Listener at 0.0.0.0/35283] INFO  server.Server (Server.java:doStart(375)) - jetty-9.4.35.v20201120; built: 2020-11-20T21:17:03.964Z; git: bdc54f03a5e0a7e280fab27f55c3c75ee8da89fb; jvm 1.8.0_232-b09
2021-03-17 02:10:10,081 [Listener at 0.0.0.0/35283] INFO  server.session (DefaultSessionIdManager.java:doStart(334)) - DefaultSessionIdManager workerName=node0
2021-03-17 02:10:10,082 [Listener at 0.0.0.0/35283] INFO  server.session (DefaultSessionIdManager.java:doStart(339)) - No SessionScavenger set, using defaults
2021-03-17 02:10:10,082 [Listener at 0.0.0.0/35283] INFO  server.session (HouseKeeper.java:startScavenging(132)) - node0 Scavenging every 660000ms
2021-03-17 02:10:10,083 [Listener at 0.0.0.0/35283] INFO  handler.ContextHandler (ContextHandler.java:doStart(916)) - Started o.e.j.s.ServletContextHandler@6cde5e3b{logs,/logs,file:///github/workspace/mnt/ozone/hadoop-ozone/integration-test/target/log,AVAILABLE}
2021-03-17 02:10:10,083 [Listener at 0.0.0.0/35283] INFO  handler.ContextHandler (ContextHandler.java:doStart(916)) - Started o.e.j.s.ServletContextHandler@11c0fc22{static,/static,file:///github/workspace/mnt/ozone/hadoop-ozone/integration-test/target/test-classes/webapps/static,AVAILABLE}
2021-03-17 02:10:10,085 [Listener at 0.0.0.0/35283] INFO  handler.ContextHandler (ContextHandler.java:doStart(916)) - Started o.e.j.w.WebAppContext@1c10bd7f{scm,/,file:///github/workspace/mnt/ozone/hadoop-ozone/integration-test/target/test-classes/webapps/scm/,AVAILABLE}{file:/github/workspace/mnt/ozone/hadoop-ozone/integration-test/target/test-classes/webapps/scm}
2021-03-17 02:10:10,086 [Listener at 0.0.0.0/35283] INFO  server.AbstractConnector (AbstractConnector.java:doStart(331)) - Started ServerConnector@45ba49e6{HTTP/1.1, (http/1.1)}{0.0.0.0:42829}
2021-03-17 02:10:10,086 [Listener at 0.0.0.0/35283] INFO  server.Server (Server.java:doStart(415)) - Started @73246ms
2021-03-17 02:10:10,086 [Listener at 0.0.0.0/35283] WARN  impl.MetricsSystemImpl (MetricsSystemImpl.java:register(279)) - Sink prometheus already exists!
2021-03-17 02:10:10,089 [Listener at 0.0.0.0/35283] INFO  http.BaseHttpServer (BaseHttpServer.java:updateConnectorAddress(327)) - HTTP server of scm listening at http://0.0.0.0:42829
2021-03-17 02:10:10,089 [Listener at 0.0.0.0/35283] WARN  server.ServerUtils (ServerUtils.java:getDBPath(225)) - ozone.om.db.dirs is not configured. We recommend adding this setting. Falling back to ozone.metadata.dirs instead.
2021-03-17 02:10:10,090 [Listener at 0.0.0.0/35283] INFO  ha.OMHANodeDetails (OMHANodeDetails.java:loadOMHAConfig(104)) - ozone.om.internal.service.id is not defined, falling back to ozone.om.service.ids to find serviceID for OzoneManager if it is HA enabled cluster
2021-03-17 02:10:10,091 [Listener at 0.0.0.0/35283] INFO  ha.OMHANodeDetails (OMHANodeDetails.java:loadOMHAConfig(210)) - Configuration does not have ozone.om.address set. Falling back to the default OM address /127.0.0.1:0
2021-03-17 02:10:10,091 [Listener at 0.0.0.0/35283] INFO  ha.OMHANodeDetails (OMHANodeDetails.java:getOMNodeDetails(238)) - OM Service ID is not set. Setting it to the default ID: omServiceIdDefault
2021-03-17 02:10:10,091 [Listener at 0.0.0.0/35283] INFO  ha.OMHANodeDetails (OMHANodeDetails.java:getOMNodeDetails(245)) - OM Node ID is not set. Setting it to the default ID: om1
2021-03-17 02:10:10,091 [Listener at 0.0.0.0/35283] WARN  server.ServerUtils (ServerUtils.java:getDBPath(225)) - ozone.om.db.dirs is not configured. We recommend adding this setting. Falling back to ozone.metadata.dirs instead.
2021-03-17 02:10:10,091 [Listener at 0.0.0.0/35283] WARN  server.ServerUtils (ServerUtils.java:getDBPath(225)) - ozone.om.db.dirs is not configured. We recommend adding this setting. Falling back to ozone.metadata.dirs instead.
2021-03-17 02:10:10,096 [Listener at 0.0.0.0/35283] WARN  server.ServerUtils (ServerUtils.java:getDBPath(225)) - ozone.om.db.dirs is not configured. We recommend adding this setting. Falling back to ozone.metadata.dirs instead.
2021-03-17 02:10:10,096 [Listener at 0.0.0.0/35283] INFO  codec.OmKeyInfoCodec (OmKeyInfoCodec.java:<init>(43)) - OmKeyInfoCodec ignorePipeline = true
2021-03-17 02:10:10,096 [Listener at 0.0.0.0/35283] INFO  codec.RepeatedOmKeyInfoCodec (RepeatedOmKeyInfoCodec.java:<init>(42)) - RepeatedOmKeyInfoCodec ignorePipeline = true
2021-03-17 02:10:10,140 [Listener at 0.0.0.0/35283] INFO  om.OzoneManager (OzoneManager.java:addS3GVolumeToDB(3762)) - Created Volume s3v With Owner jenkins1001 required for S3Gateway operations.
2021-03-17 02:10:10,140 [Listener at 0.0.0.0/35283] WARN  server.ServerUtils (ServerUtils.java:getDefaultRatisDirectory(237)) - Storage directory for Ratis is not configured. It is a good idea to map this to an SSD disk. Falling back to ozone.metadata.dirs
2021-03-17 02:10:10,141 [Listener at 0.0.0.0/35283] WARN  ratis.OzoneManagerRatisServer (OzoneManagerRatisServer.java:getOMRatisSnapshotDirectory(632)) - ozone.om.ratis.snapshot.dir is not configured. Falling back to ozone.metadata.dirs config
2021-03-17 02:10:10,141 [Listener at 0.0.0.0/35283] WARN  server.ServerUtils (ServerUtils.java:getDefaultRatisDirectory(237)) - Storage directory for Ratis is not configured. It is a good idea to map this to an SSD disk. Falling back to ozone.metadata.dirs
2021-03-17 02:10:10,144 [Listener at 0.0.0.0/35283] INFO  ratis.OzoneManagerRatisServer (OzoneManagerRatisServer.java:<init>(286)) - Instantiating OM Ratis server with GroupID: omServiceIdDefault and Raft Peers: localhost:9872
2021-03-17 02:10:10,144 [Listener at 0.0.0.0/35283] INFO  ratis.OzoneManagerStateMachine (OzoneManagerStateMachine.java:loadSnapshotInfoFromDB(518)) - LastAppliedIndex is set from TransactionInfo from OM DB as (t:0, i:~)
2021-03-17 02:10:10,144 [Listener at 0.0.0.0/35283] INFO  server.RaftServer (ConfUtils.java:logGet(44)) - raft.rpc.type = GRPC (default)
2021-03-17 02:10:10,144 [Listener at 0.0.0.0/35283] INFO  grpc.GrpcFactory (GrpcFactory.java:checkPooledByteBufAllocatorUseCacheForAllThreads(48)) - PERFORMANCE WARNING: useCacheForAllThreads is true that may cause Netty to create a lot garbage objects and, as a result, trigger GC.
	It is recommended to disable useCacheForAllThreads by setting -Dorg.apache.ratis.thirdparty.io.netty.allocator.useCacheForAllThreads=false in command line.
2021-03-17 02:10:10,144 [Listener at 0.0.0.0/35283] INFO  grpc.GrpcConfigKeys (ConfUtils.java:logGet(44)) - raft.grpc.admin.port = -1 (default)
2021-03-17 02:10:10,144 [Listener at 0.0.0.0/35283] INFO  grpc.GrpcConfigKeys (ConfUtils.java:logGet(44)) - raft.grpc.server.port = 9872 (custom)
2021-03-17 02:10:10,144 [Listener at 0.0.0.0/35283] INFO  grpc.GrpcConfigKeys (ConfUtils.java:logGet(44)) - raft.grpc.client.port = -1 (default)
2021-03-17 02:10:10,144 [Listener at 0.0.0.0/35283] INFO  grpc.GrpcConfigKeys (ConfUtils.java:logGet(44)) - raft.grpc.server.port = 9872 (custom)
2021-03-17 02:10:10,145 [Listener at 0.0.0.0/35283] INFO  grpc.GrpcConfigKeys (ConfUtils.java:logGet(44)) - raft.grpc.server.port = 9872 (custom)
2021-03-17 02:10:10,145 [Listener at 0.0.0.0/35283] INFO  server.GrpcService (ConfUtils.java:logGet(44)) - raft.grpc.message.size.max = 33554432 (custom)
2021-03-17 02:10:10,145 [Listener at 0.0.0.0/35283] INFO  server.RaftServerConfigKeys (ConfUtils.java:logGet(44)) - raft.server.log.appender.buffer.byte-limit = 33554432 (custom)
2021-03-17 02:10:10,145 [Listener at 0.0.0.0/35283] INFO  server.GrpcService (ConfUtils.java:logGet(44)) - raft.grpc.flow.control.window = 1MB (=1048576) (default)
2021-03-17 02:10:10,145 [Listener at 0.0.0.0/35283] INFO  server.RaftServerConfigKeys (ConfUtils.java:logGet(44)) - raft.server.rpc.request.timeout = 3000ms (default)
2021-03-17 02:10:10,146 [Listener at 0.0.0.0/35283] INFO  impl.DataStreamServerImpl (ConfUtils.java:logGet(44)) - raft.datastream.type = DISABLED (default)
2021-03-17 02:10:10,146 [Listener at 0.0.0.0/35283] INFO  server.RaftServerConfigKeys (ConfUtils.java:logGet(44)) - raft.server.rpc.slowness.timeout = 120s (custom)
2021-03-17 02:10:10,146 [Listener at 0.0.0.0/35283] INFO  server.RaftServerConfigKeys (ConfUtils.java:logGet(44)) - raft.server.leaderelection.leader.step-down.wait-time = 10s (default)
2021-03-17 02:10:10,146 [Listener at 0.0.0.0/35283] INFO  server.RaftServerConfigKeys (ConfUtils.java:logGet(44)) - raft.server.storage.dir = [/github/workspace/mnt/ozone/hadoop-ozone/integration-test/target/test-dir/MiniOzoneClusterImpl-5543d78b-3109-4325-8e4d-d24bfba87b26/ozone-meta/ratis] (custom)
2021-03-17 02:10:10,149 [Listener at 0.0.0.0/35283] INFO  server.RaftServer (RaftServerProxy.java:addNew(95)) - om1: addNew group-C5BA1605619E:[om1|rpc:localhost:9872|priority:0] returns group-C5BA1605619E:java.util.concurrent.CompletableFuture@670ca3e[Not completed]
2021-03-17 02:10:10,149 [pool-194-thread-1] INFO  server.RaftServer$Division (RaftServerImpl.java:<init>(180)) - om1: new RaftServerImpl for group-C5BA1605619E:[om1|rpc:localhost:9872|priority:0] with OzoneManagerStateMachine:uninitialized
2021-03-17 02:10:10,149 [Listener at 0.0.0.0/35283] INFO  om.OzoneManager (OzoneManager.java:initializeRatisServer(1341)) - OzoneManager Ratis server initialized at port 9872
2021-03-17 02:10:10,152 [Listener at 0.0.0.0/35283] INFO  ipc.CallQueueManager (CallQueueManager.java:<init>(85)) - Using callQueue: class java.util.concurrent.LinkedBlockingQueue, queueCapacity: 2000, scheduler: class org.apache.hadoop.ipc.DefaultRpcScheduler, ipcBackoff: false.
2021-03-17 02:10:10,152 [pool-194-thread-1] INFO  server.RaftServerConfigKeys (ConfUtils.java:logGet(44)) - raft.server.rpc.timeout.min = 1s (custom)
2021-03-17 02:10:10,152 [pool-194-thread-1] INFO  server.RaftServerConfigKeys (ConfUtils.java:logGet(44)) - raft.server.rpc.timeout.max = 1200ms (custom)
2021-03-17 02:10:10,152 [pool-194-thread-1] INFO  server.RaftServerConfigKeys (ConfUtils.java:logGet(44)) - raft.server.rpc.sleep.time = 25ms (default)
2021-03-17 02:10:10,152 [pool-194-thread-1] INFO  server.RaftServerConfigKeys (ConfUtils.java:logGet(44)) - raft.server.rpc.slowness.timeout = 120s (custom)
2021-03-17 02:10:10,152 [pool-194-thread-1] INFO  server.RaftServerConfigKeys (ConfUtils.java:logGet(44)) - raft.server.leaderelection.leader.step-down.wait-time = 10s (default)
2021-03-17 02:10:10,152 [pool-194-thread-1] INFO  server.RaftServerConfigKeys (ConfUtils.java:logGet(44)) - raft.server.sleep.deviation.threshold = 300ms (default)
2021-03-17 02:10:10,152 [pool-194-thread-1] INFO  server.RaftServerConfigKeys (ConfUtils.java:logGet(44)) - raft.server.log.appender.install.snapshot.enabled = false (custom)
2021-03-17 02:10:10,152 [pool-194-thread-1] INFO  server.RaftServer$Division (ServerState.java:<init>(105)) - om1@group-C5BA1605619E: ConfigurationManager, init=-1: [om1|rpc:localhost:9872|priority:0], old=null, confs=<EMPTY_MAP>
2021-03-17 02:10:10,153 [pool-194-thread-1] INFO  server.RaftServerConfigKeys (ConfUtils.java:logGet(44)) - raft.server.storage.dir = [/github/workspace/mnt/ozone/hadoop-ozone/integration-test/target/test-dir/MiniOzoneClusterImpl-5543d78b-3109-4325-8e4d-d24bfba87b26/ozone-meta/ratis] (custom)
2021-03-17 02:10:10,153 [Socket Reader #1 for port 0] INFO  ipc.Server (Server.java:run(1255)) - Starting Socket Reader #1 for port 0
2021-03-17 02:10:10,153 [pool-194-thread-1] INFO  server.RaftServerConfigKeys (ConfUtils.java:logGet(44)) - raft.server.log.corruption.policy = EXCEPTION (default)
2021-03-17 02:10:10,162 [pool-194-thread-1] INFO  storage.RaftStorageDirectory (RaftStorageDirectoryImpl.java:analyzeStorage(132)) - The storage directory /github/workspace/mnt/ozone/hadoop-ozone/integration-test/target/test-dir/MiniOzoneClusterImpl-5543d78b-3109-4325-8e4d-d24bfba87b26/ozone-meta/ratis/bf265839-605b-3f16-9796-c5ba1605619e does not exist. Creating ...
2021-03-17 02:10:10,164 [pool-194-thread-1] INFO  storage.RaftStorageDirectory (RaftStorageDirectoryImpl.java:tryLock(215)) - Lock on /github/workspace/mnt/ozone/hadoop-ozone/integration-test/target/test-dir/MiniOzoneClusterImpl-5543d78b-3109-4325-8e4d-d24bfba87b26/ozone-meta/ratis/bf265839-605b-3f16-9796-c5ba1605619e/in_use.lock acquired by nodename 11586@70ca58e12b9b
2021-03-17 02:10:10,165 [pool-194-thread-1] INFO  storage.RaftStorage (RaftStorageImpl.java:format(87)) - Storage directory /github/workspace/mnt/ozone/hadoop-ozone/integration-test/target/test-dir/MiniOzoneClusterImpl-5543d78b-3109-4325-8e4d-d24bfba87b26/ozone-meta/ratis/bf265839-605b-3f16-9796-c5ba1605619e has been successfully formatted.
2021-03-17 02:10:10,165 [pool-194-thread-1] ERROR storage.RaftStorage (RaftStorageImpl.java:readRaftConfiguration(147)) - Failed reading configuration from file:/github/workspace/mnt/ozone/hadoop-ozone/integration-test/target/test-dir/MiniOzoneClusterImpl-5543d78b-3109-4325-8e4d-d24bfba87b26/ozone-meta/ratis/bf265839-605b-3f16-9796-c5ba1605619e/current/raft-meta.conf
java.io.FileNotFoundException: /github/workspace/mnt/ozone/hadoop-ozone/integration-test/target/test-dir/MiniOzoneClusterImpl-5543d78b-3109-4325-8e4d-d24bfba87b26/ozone-meta/ratis/bf265839-605b-3f16-9796-c5ba1605619e/current/raft-meta.conf (No such file or directory)
	at java.io.FileInputStream.open0(Native Method)
	at java.io.FileInputStream.open(FileInputStream.java:195)
	at java.io.FileInputStream.<init>(FileInputStream.java:138)
	at org.apache.ratis.server.storage.RaftStorageImpl.readRaftConfiguration(RaftStorageImpl.java:143)
	at org.apache.ratis.server.impl.ServerState.<init>(ServerState.java:122)
	at org.apache.ratis.server.impl.RaftServerImpl.<init>(RaftServerImpl.java:193)
	at org.apache.ratis.server.impl.RaftServerProxy.lambda$newRaftServerImpl$4(RaftServerProxy.java:266)
	at java.util.concurrent.CompletableFuture$AsyncSupply.run(CompletableFuture.java:1604)
	at java.util.concurrent.ThreadPoolExecutor.runWorker(ThreadPoolExecutor.java:1149)
	at java.util.concurrent.ThreadPoolExecutor$Worker.run(ThreadPoolExecutor.java:624)
	at java.lang.Thread.run(Thread.java:748)
2021-03-17 02:10:10,166 [pool-194-thread-1] INFO  server.RaftServerConfigKeys (ConfUtils.java:logGet(44)) - raft.server.notification.no-leader.timeout = 120s (custom)
2021-03-17 02:10:10,166 [pool-194-thread-1] INFO  server.RaftServerConfigKeys (ConfUtils.java:logGet(44)) - raft.server.log.use.memory = false (default)
2021-03-17 02:10:10,166 [pool-194-thread-1] INFO  server.RaftServerConfigKeys (ConfUtils.java:logGet(44)) - raft.server.log.purge.gap = 1000000 (custom)
2021-03-17 02:10:10,166 [pool-194-thread-1] INFO  server.RaftServerConfigKeys (ConfUtils.java:logGet(44)) - raft.server.log.appender.buffer.byte-limit = 33554432 (custom)
2021-03-17 02:10:10,166 [pool-194-thread-1] INFO  metrics.RatisMetrics (RatisMetrics.java:lambda$create$0(36)) - Creating Metrics Registry : ratis.log_worker.om1@group-C5BA1605619E
2021-03-17 02:10:10,166 [pool-194-thread-1] INFO  server.RaftServerConfigKeys (ConfUtils.java:logGet(44)) - raft.server.log.segment.size.max = 4194304 (custom)
2021-03-17 02:10:10,167 [pool-194-thread-1] INFO  server.RaftServerConfigKeys (ConfUtils.java:logGet(44)) - raft.server.log.segment.cache.num.max = 2 (custom)
2021-03-17 02:10:10,167 [pool-194-thread-1] INFO  server.RaftServerConfigKeys (ConfUtils.java:logGet(44)) - raft.server.log.segment.cache.size.max = 200MB (=209715200) (default)
2021-03-17 02:10:10,167 [pool-194-thread-1] INFO  segmented.SegmentedRaftLogWorker (SegmentedRaftLogWorker.java:<init>(181)) - new om1@group-C5BA1605619E-SegmentedRaftLogWorker for RaftStorageImpl:Storage Directory /github/workspace/mnt/ozone/hadoop-ozone/integration-test/target/test-dir/MiniOzoneClusterImpl-5543d78b-3109-4325-8e4d-d24bfba87b26/ozone-meta/ratis/bf265839-605b-3f16-9796-c5ba1605619e
2021-03-17 02:10:10,167 [pool-194-thread-1] INFO  server.RaftServerConfigKeys (ConfUtils.java:logGet(44)) - raft.server.log.queue.byte-limit = 64MB (=67108864) (default)
2021-03-17 02:10:10,167 [pool-194-thread-1] INFO  server.RaftServerConfigKeys (ConfUtils.java:logGet(44)) - raft.server.log.queue.element-limit = 4096 (default)
2021-03-17 02:10:10,167 [pool-194-thread-1] INFO  server.RaftServerConfigKeys (ConfUtils.java:logGet(44)) - raft.server.log.segment.size.max = 4194304 (custom)
2021-03-17 02:10:10,167 [pool-194-thread-1] INFO  server.RaftServerConfigKeys (ConfUtils.java:logGet(44)) - raft.server.log.preallocated.size = 4194304 (custom)
2021-03-17 02:10:10,167 [pool-194-thread-1] INFO  server.RaftServerConfigKeys (ConfUtils.java:logGet(44)) - raft.server.log.force.sync.num = 128 (default)
2021-03-17 02:10:10,167 [pool-194-thread-1] INFO  server.RaftServerConfigKeys (ConfUtils.java:logGet(44)) - raft.server.log.statemachine.data.sync = true (default)
2021-03-17 02:10:10,167 [pool-194-thread-1] INFO  server.RaftServerConfigKeys (ConfUtils.java:logGet(44)) - raft.server.log.statemachine.data.sync.timeout = 10s (default)
2021-03-17 02:10:10,167 [pool-194-thread-1] INFO  server.RaftServerConfigKeys (ConfUtils.java:logGet(44)) - raft.server.log.statemachine.data.sync.timeout.retry = -1 (default)
2021-03-17 02:10:10,168 [pool-194-thread-1] INFO  server.RaftServerConfigKeys (ConfUtils.java:logGet(44)) - raft.server.log.write.buffer.size = 64KB (=65536) (default)
2021-03-17 02:10:10,168 [pool-194-thread-1] INFO  server.RaftServerConfigKeys (ConfUtils.java:logGet(44)) - raft.server.log.statemachine.data.caching.enabled = false (default)
2021-03-17 02:10:10,168 [pool-194-thread-1] INFO  segmented.SegmentedRaftLogWorker (SegmentedRaftLogWorker.java:lambda$new$0(132)) - om1@group-C5BA1605619E-SegmentedRaftLogWorker: flushIndex: setUnconditionally 0 -> -1
2021-03-17 02:10:10,168 [pool-194-thread-1] INFO  segmented.SegmentedRaftLogWorker (SegmentedRaftLogWorker.java:lambda$new$0(132)) - om1@group-C5BA1605619E-SegmentedRaftLogWorker: safeCacheEvictIndex: setUnconditionally 0 -> -1
2021-03-17 02:10:10,168 [pool-194-thread-1] INFO  server.RaftServerConfigKeys (ConfUtils.java:logGet(44)) - raft.server.snapshot.auto.trigger.enabled = true (custom)
2021-03-17 02:10:10,168 [pool-194-thread-1] INFO  server.RaftServerConfigKeys (ConfUtils.java:logGet(44)) - raft.server.snapshot.auto.trigger.threshold = 400000 (default)
2021-03-17 02:10:10,168 [pool-194-thread-1] INFO  server.RaftServerConfigKeys (ConfUtils.java:logGet(44)) - raft.server.snapshot.retention.file.num = -1 (default)
2021-03-17 02:10:10,169 [pool-194-thread-1] INFO  server.RaftServerConfigKeys (ConfUtils.java:logGet(44)) - raft.server.log.purge.upto.snapshot.index = true (custom)
2021-03-17 02:10:10,169 [pool-194-thread-1] INFO  server.RaftServerConfigKeys (ConfUtils.java:logGet(44)) - raft.server.retrycache.expirytime = 300s (custom)
2021-03-17 02:10:10,169 [pool-194-thread-1] INFO  server.RaftServerConfigKeys (ConfUtils.java:logGet(44)) - raft.server.retrycache.statistics.expirytime = 100?s (default)
2021-03-17 02:10:10,169 [pool-194-thread-1] INFO  metrics.RatisMetrics (RatisMetrics.java:lambda$create$0(36)) - Creating Metrics Registry : ratis.leader_election.om1@group-C5BA1605619E
2021-03-17 02:10:10,169 [pool-194-thread-1] INFO  metrics.RatisMetrics (RatisMetrics.java:lambda$create$0(36)) - Creating Metrics Registry : ratis.server.om1@group-C5BA1605619E
2021-03-17 02:10:10,175 [Listener at 127.0.0.1/40005] INFO  impl.MetricsSystemImpl (MetricsSystemImpl.java:init(158)) - OzoneManager metrics system started (again)
2021-03-17 02:10:10,177 [Listener at 127.0.0.1/40005] INFO  om.OzoneManager (OzoneManager.java:start(1155)) - OzoneManager RPC server is listening at localhost/127.0.0.1:40005
2021-03-17 02:10:10,177 [Listener at 127.0.0.1/40005] INFO  ratis.OzoneManagerRatisServer (OzoneManagerRatisServer.java:start(386)) - Starting OzoneManagerRatisServer om1 at port 9872
2021-03-17 02:10:10,177 [Listener at 127.0.0.1/40005] INFO  server.RaftServer$Division (RaftServerImpl.java:start(295)) - om1@group-C5BA1605619E: start as a follower, conf=-1: [om1|rpc:localhost:9872|priority:0], old=null
2021-03-17 02:10:10,177 [Listener at 127.0.0.1/40005] INFO  server.RaftServer$Division (RaftServerImpl.java:setRole(284)) - om1@group-C5BA1605619E: changes role from      null to FOLLOWER at term 0 for startAsFollower
2021-03-17 02:10:10,177 [Listener at 127.0.0.1/40005] INFO  impl.RoleInfo (RoleInfo.java:updateAndGet(130)) - om1: start om1@group-C5BA1605619E-FollowerState
2021-03-17 02:10:10,178 [Listener at 127.0.0.1/40005] INFO  util.JmxRegister (JmxRegister.java:tryRegister(44)) - Successfully registered JMX Bean with object name Ratis:service=RaftServer,group=group-C5BA1605619E,id=om1
2021-03-17 02:10:10,178 [Listener at 127.0.0.1/40005] INFO  metrics.RatisMetrics (RatisMetrics.java:lambda$create$0(36)) - Creating Metrics Registry : ratis.state_machine.om1@group-C5BA1605619E
2021-03-17 02:10:10,182 [Listener at 127.0.0.1/40005] INFO  server.RaftServer (RaftServerProxy.java:lambda$start$5(374)) - om1: start RPC server
2021-03-17 02:10:10,182 [Listener at 127.0.0.1/40005] INFO  server.GrpcService (GrpcService.java:startImpl(253)) - om1: GrpcService started, listening on 9872
2021-03-17 02:10:10,183 [org.apache.ratis.util.JvmPauseMonitor$$Lambda$504/521752898@4ecf4b1e] INFO  util.JvmPauseMonitor (JvmPauseMonitor.java:run(103)) - JvmPauseMonitor-om1: Started
2021-03-17 02:10:10,187 [Listener at 127.0.0.1/40005] INFO  http.BaseHttpServer (BaseHttpServer.java:newHttpServer2BuilderForOzone(207)) - Starting Web-server for ozoneManager at: http://0.0.0.0:0
2021-03-17 02:10:10,187 [Listener at 127.0.0.1/40005] INFO  http.BaseHttpServer (BaseHttpServer.java:<init>(106)) - Hadoop Security Enabled: false Ozone Security Enabled: false Ozone HTTP Security Enabled: false 
2021-03-17 02:10:10,188 [Listener at 127.0.0.1/40005] INFO  server.AuthenticationFilter (AuthenticationFilter.java:constructSecretProvider(240)) - Unable to initialize FileSignerSecretProvider, falling back to use random secrets.
2021-03-17 02:10:10,189 [Listener at 127.0.0.1/40005] WARN  http.HttpRequestLog (HttpRequestLog.java:getRequestLog(103)) - Jetty request log can only be enabled using Log4j
2021-03-17 02:10:10,189 [Listener at 127.0.0.1/40005] INFO  http.HttpServer2 (HttpServer2.java:addGlobalFilter(1020)) - Added global filter 'safety' (class=org.apache.hadoop.hdds.server.http.HttpServer2$QuotingInputFilter)
2021-03-17 02:10:10,190 [Listener at 127.0.0.1/40005] INFO  http.HttpServer2 (HttpServer2.java:addFilter(996)) - Added filter static_user_filter (class=org.apache.hadoop.http.lib.StaticUserWebFilter$StaticUserFilter) to context ozoneManager
2021-03-17 02:10:10,190 [Listener at 127.0.0.1/40005] INFO  http.HttpServer2 (HttpServer2.java:addFilter(1004)) - Added filter static_user_filter (class=org.apache.hadoop.http.lib.StaticUserWebFilter$StaticUserFilter) to context logs
2021-03-17 02:10:10,190 [Listener at 127.0.0.1/40005] INFO  http.HttpServer2 (HttpServer2.java:addFilter(1004)) - Added filter static_user_filter (class=org.apache.hadoop.http.lib.StaticUserWebFilter$StaticUserFilter) to context static
2021-03-17 02:10:10,191 [Listener at 127.0.0.1/40005] INFO  http.HttpServer2 (HttpServer2.java:bindListener(1238)) - Jetty bound to port 33947
2021-03-17 02:10:10,191 [Listener at 127.0.0.1/40005] INFO  server.Server (Server.java:doStart(375)) - jetty-9.4.35.v20201120; built: 2020-11-20T21:17:03.964Z; git: bdc54f03a5e0a7e280fab27f55c3c75ee8da89fb; jvm 1.8.0_232-b09
2021-03-17 02:10:10,192 [Listener at 127.0.0.1/40005] INFO  server.session (DefaultSessionIdManager.java:doStart(334)) - DefaultSessionIdManager workerName=node0
2021-03-17 02:10:10,192 [Listener at 127.0.0.1/40005] INFO  server.session (DefaultSessionIdManager.java:doStart(339)) - No SessionScavenger set, using defaults
2021-03-17 02:10:10,192 [Listener at 127.0.0.1/40005] INFO  server.session (HouseKeeper.java:startScavenging(132)) - node0 Scavenging every 660000ms
2021-03-17 02:10:10,193 [Listener at 127.0.0.1/40005] INFO  handler.ContextHandler (ContextHandler.java:doStart(916)) - Started o.e.j.s.ServletContextHandler@48d3245b{logs,/logs,file:///github/workspace/mnt/ozone/hadoop-ozone/integration-test/target/log,AVAILABLE}
2021-03-17 02:10:10,193 [Listener at 127.0.0.1/40005] INFO  handler.ContextHandler (ContextHandler.java:doStart(916)) - Started o.e.j.s.ServletContextHandler@65fd2101{static,/static,file:///github/workspace/mnt/ozone/hadoop-ozone/integration-test/target/test-classes/webapps/static,AVAILABLE}
2021-03-17 02:10:10,195 [Listener at 127.0.0.1/40005] INFO  handler.ContextHandler (ContextHandler.java:doStart(916)) - Started o.e.j.w.WebAppContext@f9fb24b{ozoneManager,/,file:///github/workspace/mnt/ozone/hadoop-ozone/integration-test/target/test-classes/webapps/ozoneManager/,AVAILABLE}{file:/github/workspace/mnt/ozone/hadoop-ozone/integration-test/target/test-classes/webapps/ozoneManager}
2021-03-17 02:10:10,196 [Listener at 127.0.0.1/40005] INFO  server.AbstractConnector (AbstractConnector.java:doStart(331)) - Started ServerConnector@4fae2a06{HTTP/1.1, (http/1.1)}{0.0.0.0:33947}
2021-03-17 02:10:10,196 [Listener at 127.0.0.1/40005] INFO  server.Server (Server.java:doStart(415)) - Started @73356ms
2021-03-17 02:10:10,196 [Listener at 127.0.0.1/40005] WARN  impl.MetricsSystemImpl (MetricsSystemImpl.java:register(279)) - Sink prometheus already exists!
2021-03-17 02:10:10,199 [Listener at 127.0.0.1/40005] INFO  http.BaseHttpServer (BaseHttpServer.java:updateConnectorAddress(327)) - HTTP server of ozoneManager listening at http://0.0.0.0:33947
2021-03-17 02:10:10,200 [IPC Server Responder] INFO  ipc.Server (Server.java:run(1497)) - IPC Server Responder: starting
2021-03-17 02:10:10,202 [IPC Server listener on 0] INFO  ipc.Server (Server.java:run(1334)) - IPC Server listener on 0: starting
2021-03-17 02:10:10,211 [Listener at 127.0.0.1/40005] INFO  om.OzoneManager (OzoneManager.java:startTrashEmptier(1281)) - Trash Interval set to 0. Files deleted will not move to trash
2021-03-17 02:10:10,212 [org.apache.hadoop.util.JvmPauseMonitor$Monitor@2738409] INFO  util.JvmPauseMonitor (JvmPauseMonitor.java:run(188)) - Starting JVM pause monitor
2021-03-17 02:10:10,227 [Listener at 127.0.0.1/40005] INFO  impl.MetricsSystemImpl (MetricsSystemImpl.java:init(158)) - HddsDatanode metrics system started (again)
2021-03-17 02:10:10,228 [Listener at 127.0.0.1/40005] INFO  ozone.HddsDatanodeService (HddsDatanodeService.java:start(217)) - HddsDatanodeService host:70ca58e12b9b ip:172.17.0.2
2021-03-17 02:10:10,229 [Listener at 127.0.0.1/40005] INFO  volume.HddsVolume (HddsVolume.java:<init>(176)) - Creating Volume: /github/workspace/mnt/ozone/hadoop-ozone/integration-test/target/test-dir/MiniOzoneClusterImpl-5543d78b-3109-4325-8e4d-d24bfba87b26/datanode-0/data-0/containers/hdds of storage type : DISK and capacity : 9223372036854775807
2021-03-17 02:10:10,229 [Listener at 127.0.0.1/40005] INFO  volume.MutableVolumeSet (MutableVolumeSet.java:initializeVolumeSet(179)) - Added Volume : /github/workspace/mnt/ozone/hadoop-ozone/integration-test/target/test-dir/MiniOzoneClusterImpl-5543d78b-3109-4325-8e4d-d24bfba87b26/datanode-0/data-0/containers/hdds to VolumeSet
2021-03-17 02:10:10,229 [Listener at 127.0.0.1/40005] INFO  volume.ThrottledAsyncChecker (ThrottledAsyncChecker.java:schedule(141)) - Scheduling a check for /github/workspace/mnt/ozone/hadoop-ozone/integration-test/target/test-dir/MiniOzoneClusterImpl-5543d78b-3109-4325-8e4d-d24bfba87b26/datanode-0/data-0/containers/hdds
2021-03-17 02:10:10,230 [Listener at 127.0.0.1/40005] INFO  volume.HddsVolumeChecker (HddsVolumeChecker.java:checkAllVolumes(200)) - Scheduled health check for volume /github/workspace/mnt/ozone/hadoop-ozone/integration-test/target/test-dir/MiniOzoneClusterImpl-5543d78b-3109-4325-8e4d-d24bfba87b26/datanode-0/data-0/containers/hdds
2021-03-17 02:10:10,242 [Thread-730] INFO  ozoneimpl.ContainerReader (ContainerReader.java:readVolume(125)) - Start to verify containers on volume /github/workspace/mnt/ozone/hadoop-ozone/integration-test/target/test-dir/MiniOzoneClusterImpl-5543d78b-3109-4325-8e4d-d24bfba87b26/datanode-0/data-0/containers/hdds
2021-03-17 02:10:10,242 [Thread-730] INFO  ozoneimpl.ContainerReader (ContainerReader.java:readVolume(150)) - Finish verifying containers on volume /github/workspace/mnt/ozone/hadoop-ozone/integration-test/target/test-dir/MiniOzoneClusterImpl-5543d78b-3109-4325-8e4d-d24bfba87b26/datanode-0/data-0/containers/hdds
2021-03-17 02:10:10,243 [Listener at 127.0.0.1/40005] INFO  ozoneimpl.OzoneContainer (OzoneContainer.java:buildContainerSet(206)) - Build ContainerSet costs 0s
2021-03-17 02:10:10,244 [Listener at 127.0.0.1/40005] INFO  server.RaftServer (ConfUtils.java:logGet(44)) - raft.rpc.type = GRPC (default)
2021-03-17 02:10:10,244 [Listener at 127.0.0.1/40005] INFO  grpc.GrpcFactory (GrpcFactory.java:checkPooledByteBufAllocatorUseCacheForAllThreads(48)) - PERFORMANCE WARNING: useCacheForAllThreads is true that may cause Netty to create a lot garbage objects and, as a result, trigger GC.
	It is recommended to disable useCacheForAllThreads by setting -Dorg.apache.ratis.thirdparty.io.netty.allocator.useCacheForAllThreads=false in command line.
2021-03-17 02:10:10,244 [Listener at 127.0.0.1/40005] INFO  grpc.GrpcConfigKeys (ConfUtils.java:logGet(44)) - raft.grpc.admin.port = 0 (custom)
2021-03-17 02:10:10,244 [Listener at 127.0.0.1/40005] INFO  grpc.GrpcConfigKeys (ConfUtils.java:logGet(44)) - raft.grpc.client.port = 0 (custom)
2021-03-17 02:10:10,245 [Listener at 127.0.0.1/40005] INFO  grpc.GrpcConfigKeys (ConfUtils.java:logGet(44)) - raft.grpc.server.port = 0 (default)
2021-03-17 02:10:10,245 [Listener at 127.0.0.1/40005] INFO  server.GrpcService (ConfUtils.java:logGet(44)) - raft.grpc.message.size.max = 32MB (=33554432) (custom)
2021-03-17 02:10:10,245 [Listener at 127.0.0.1/40005] INFO  server.RaftServerConfigKeys (ConfUtils.java:logGet(44)) - raft.server.log.appender.buffer.byte-limit = 33554432 (custom)
2021-03-17 02:10:10,245 [Listener at 127.0.0.1/40005] INFO  server.GrpcService (ConfUtils.java:logGet(44)) - raft.grpc.flow.control.window = 5MB (=5242880) (custom)
2021-03-17 02:10:10,245 [Listener at 127.0.0.1/40005] INFO  server.RaftServerConfigKeys (ConfUtils.java:logGet(44)) - raft.server.rpc.request.timeout = 3000ms (default)
2021-03-17 02:10:10,246 [Listener at 127.0.0.1/40005] INFO  impl.DataStreamServerImpl (ConfUtils.java:logGet(44)) - raft.datastream.type = DISABLED (default)
2021-03-17 02:10:10,246 [Listener at 127.0.0.1/40005] INFO  server.RaftServerConfigKeys (ConfUtils.java:logGet(44)) - raft.server.rpc.slowness.timeout = 300000ms (custom)
2021-03-17 02:10:10,246 [Listener at 127.0.0.1/40005] INFO  server.RaftServerConfigKeys (ConfUtils.java:logGet(44)) - raft.server.leaderelection.leader.step-down.wait-time = 10s (default)
2021-03-17 02:10:10,246 [Listener at 127.0.0.1/40005] INFO  server.RaftServerConfigKeys (ConfUtils.java:logGet(44)) - raft.server.storage.dir = [/github/workspace/mnt/ozone/hadoop-ozone/integration-test/target/test-dir/MiniOzoneClusterImpl-5543d78b-3109-4325-8e4d-d24bfba87b26/datanode-0/data/ratis] (custom)
2021-03-17 02:10:10,252 [Listener at 127.0.0.1/40005] INFO  http.BaseHttpServer (BaseHttpServer.java:newHttpServer2BuilderForOzone(207)) - Starting Web-server for hddsDatanode at: http://0.0.0.0:0
2021-03-17 02:10:10,252 [Listener at 127.0.0.1/40005] INFO  http.BaseHttpServer (BaseHttpServer.java:<init>(106)) - Hadoop Security Enabled: false Ozone Security Enabled: false Ozone HTTP Security Enabled: false 
2021-03-17 02:10:10,253 [Listener at 127.0.0.1/40005] INFO  server.AuthenticationFilter (AuthenticationFilter.java:constructSecretProvider(240)) - Unable to initialize FileSignerSecretProvider, falling back to use random secrets.
2021-03-17 02:10:10,253 [Listener at 127.0.0.1/40005] WARN  http.HttpRequestLog (HttpRequestLog.java:getRequestLog(103)) - Jetty request log can only be enabled using Log4j
2021-03-17 02:10:10,254 [Listener at 127.0.0.1/40005] INFO  http.HttpServer2 (HttpServer2.java:addGlobalFilter(1020)) - Added global filter 'safety' (class=org.apache.hadoop.hdds.server.http.HttpServer2$QuotingInputFilter)
2021-03-17 02:10:10,254 [Listener at 127.0.0.1/40005] INFO  http.HttpServer2 (HttpServer2.java:addFilter(996)) - Added filter static_user_filter (class=org.apache.hadoop.http.lib.StaticUserWebFilter$StaticUserFilter) to context hddsDatanode
2021-03-17 02:10:10,254 [Listener at 127.0.0.1/40005] INFO  http.HttpServer2 (HttpServer2.java:addFilter(1004)) - Added filter static_user_filter (class=org.apache.hadoop.http.lib.StaticUserWebFilter$StaticUserFilter) to context static
2021-03-17 02:10:10,254 [Listener at 127.0.0.1/40005] INFO  http.HttpServer2 (HttpServer2.java:addFilter(1004)) - Added filter static_user_filter (class=org.apache.hadoop.http.lib.StaticUserWebFilter$StaticUserFilter) to context logs
2021-03-17 02:10:10,255 [Listener at 127.0.0.1/40005] INFO  http.HttpServer2 (HttpServer2.java:bindListener(1238)) - Jetty bound to port 35783
2021-03-17 02:10:10,255 [Listener at 127.0.0.1/40005] INFO  server.Server (Server.java:doStart(375)) - jetty-9.4.35.v20201120; built: 2020-11-20T21:17:03.964Z; git: bdc54f03a5e0a7e280fab27f55c3c75ee8da89fb; jvm 1.8.0_232-b09
2021-03-17 02:10:10,258 [Listener at 127.0.0.1/40005] INFO  server.session (DefaultSessionIdManager.java:doStart(334)) - DefaultSessionIdManager workerName=node0
2021-03-17 02:10:10,258 [Listener at 127.0.0.1/40005] INFO  server.session (DefaultSessionIdManager.java:doStart(339)) - No SessionScavenger set, using defaults
2021-03-17 02:10:10,258 [Listener at 127.0.0.1/40005] INFO  server.session (HouseKeeper.java:startScavenging(132)) - node0 Scavenging every 660000ms
2021-03-17 02:10:10,260 [Listener at 127.0.0.1/40005] INFO  handler.ContextHandler (ContextHandler.java:doStart(916)) - Started o.e.j.s.ServletContextHandler@19875abb{logs,/logs,file:///github/workspace/mnt/ozone/hadoop-ozone/integration-test/target/log,AVAILABLE}
2021-03-17 02:10:10,260 [Listener at 127.0.0.1/40005] INFO  handler.ContextHandler (ContextHandler.java:doStart(916)) - Started o.e.j.s.ServletContextHandler@6427348{static,/static,jar:file:/home/user/.m2/repository/org/apache/hadoop/hadoop-hdds-container-service/1.1.0-SNAPSHOT/hadoop-hdds-container-service-1.1.0-SNAPSHOT.jar!/webapps/static,AVAILABLE}
2021-03-17 02:10:10,408 [Listener at 127.0.0.1/40005] INFO  handler.ContextHandler (ContextHandler.java:doStart(916)) - Started o.e.j.w.WebAppContext@6193bc43{hddsDatanode,/,file:///tmp/jetty-0_0_0_0-35783-hadoop-hdds-container-service-1_1_0-SNAPSHOT_jar-_-any-7472316773199861053/webapp/,AVAILABLE}{jar:file:/home/user/.m2/repository/org/apache/hadoop/hadoop-hdds-container-service/1.1.0-SNAPSHOT/hadoop-hdds-container-service-1.1.0-SNAPSHOT.jar!/webapps/hddsDatanode}
2021-03-17 02:10:10,410 [Listener at 127.0.0.1/40005] INFO  server.AbstractConnector (AbstractConnector.java:doStart(331)) - Started ServerConnector@16d75324{HTTP/1.1, (http/1.1)}{0.0.0.0:35783}
2021-03-17 02:10:10,410 [Listener at 127.0.0.1/40005] INFO  server.Server (Server.java:doStart(415)) - Started @73570ms
2021-03-17 02:10:10,410 [Listener at 127.0.0.1/40005] WARN  impl.MetricsSystemImpl (MetricsSystemImpl.java:register(279)) - Sink prometheus already exists!
2021-03-17 02:10:10,413 [Listener at 127.0.0.1/40005] INFO  http.BaseHttpServer (BaseHttpServer.java:updateConnectorAddress(327)) - HTTP server of hddsDatanode listening at http://0.0.0.0:35783
2021-03-17 02:10:10,415 [Listener at 127.0.0.1/40005] INFO  impl.MetricsSystemImpl (MetricsSystemImpl.java:init(158)) - HddsDatanode metrics system started (again)
2021-03-17 02:10:10,416 [Listener at 127.0.0.1/40005] INFO  ozone.HddsDatanodeService (HddsDatanodeService.java:start(217)) - HddsDatanodeService host:70ca58e12b9b ip:172.17.0.2
2021-03-17 02:10:10,424 [org.apache.hadoop.util.JvmPauseMonitor$Monitor@4435fbf1] INFO  util.JvmPauseMonitor (JvmPauseMonitor.java:run(188)) - Starting JVM pause monitor
2021-03-17 02:10:10,425 [Listener at 127.0.0.1/40005] INFO  volume.HddsVolume (HddsVolume.java:<init>(176)) - Creating Volume: /github/workspace/mnt/ozone/hadoop-ozone/integration-test/target/test-dir/MiniOzoneClusterImpl-5543d78b-3109-4325-8e4d-d24bfba87b26/datanode-1/data-0/containers/hdds of storage type : DISK and capacity : 9223372036854775807
2021-03-17 02:10:10,425 [Listener at 127.0.0.1/40005] INFO  volume.MutableVolumeSet (MutableVolumeSet.java:initializeVolumeSet(179)) - Added Volume : /github/workspace/mnt/ozone/hadoop-ozone/integration-test/target/test-dir/MiniOzoneClusterImpl-5543d78b-3109-4325-8e4d-d24bfba87b26/datanode-1/data-0/containers/hdds to VolumeSet
2021-03-17 02:10:10,425 [Listener at 127.0.0.1/40005] INFO  volume.ThrottledAsyncChecker (ThrottledAsyncChecker.java:schedule(141)) - Scheduling a check for /github/workspace/mnt/ozone/hadoop-ozone/integration-test/target/test-dir/MiniOzoneClusterImpl-5543d78b-3109-4325-8e4d-d24bfba87b26/datanode-1/data-0/containers/hdds
2021-03-17 02:10:10,429 [Listener at 127.0.0.1/40005] INFO  volume.HddsVolumeChecker (HddsVolumeChecker.java:checkAllVolumes(200)) - Scheduled health check for volume /github/workspace/mnt/ozone/hadoop-ozone/integration-test/target/test-dir/MiniOzoneClusterImpl-5543d78b-3109-4325-8e4d-d24bfba87b26/datanode-1/data-0/containers/hdds
2021-03-17 02:10:10,433 [Datanode State Machine Task Thread - 0] INFO  datanode.InitDatanodeState (InitDatanodeState.java:persistContainerDatanodeDetails(145)) - DatanodeDetails is persisted to /github/workspace/mnt/ozone/hadoop-ozone/integration-test/target/test-dir/MiniOzoneClusterImpl-5543d78b-3109-4325-8e4d-d24bfba87b26/datanode-0/meta/datanode.id
2021-03-17 02:10:10,441 [Thread-741] INFO  ozoneimpl.ContainerReader (ContainerReader.java:readVolume(125)) - Start to verify containers on volume /github/workspace/mnt/ozone/hadoop-ozone/integration-test/target/test-dir/MiniOzoneClusterImpl-5543d78b-3109-4325-8e4d-d24bfba87b26/datanode-1/data-0/containers/hdds
2021-03-17 02:10:10,441 [Thread-741] INFO  ozoneimpl.ContainerReader (ContainerReader.java:readVolume(150)) - Finish verifying containers on volume /github/workspace/mnt/ozone/hadoop-ozone/integration-test/target/test-dir/MiniOzoneClusterImpl-5543d78b-3109-4325-8e4d-d24bfba87b26/datanode-1/data-0/containers/hdds
2021-03-17 02:10:10,441 [Listener at 127.0.0.1/40005] INFO  ozoneimpl.OzoneContainer (OzoneContainer.java:buildContainerSet(206)) - Build ContainerSet costs 0s
2021-03-17 02:10:10,443 [Listener at 127.0.0.1/40005] INFO  server.RaftServer (ConfUtils.java:logGet(44)) - raft.rpc.type = GRPC (default)
2021-03-17 02:10:10,443 [Listener at 127.0.0.1/40005] INFO  grpc.GrpcFactory (GrpcFactory.java:checkPooledByteBufAllocatorUseCacheForAllThreads(48)) - PERFORMANCE WARNING: useCacheForAllThreads is true that may cause Netty to create a lot garbage objects and, as a result, trigger GC.
	It is recommended to disable useCacheForAllThreads by setting -Dorg.apache.ratis.thirdparty.io.netty.allocator.useCacheForAllThreads=false in command line.
2021-03-17 02:10:10,443 [Listener at 127.0.0.1/40005] INFO  grpc.GrpcConfigKeys (ConfUtils.java:logGet(44)) - raft.grpc.admin.port = 0 (custom)
2021-03-17 02:10:10,443 [Listener at 127.0.0.1/40005] INFO  grpc.GrpcConfigKeys (ConfUtils.java:logGet(44)) - raft.grpc.client.port = 0 (custom)
2021-03-17 02:10:10,443 [Listener at 127.0.0.1/40005] INFO  grpc.GrpcConfigKeys (ConfUtils.java:logGet(44)) - raft.grpc.server.port = 0 (default)
2021-03-17 02:10:10,443 [Listener at 127.0.0.1/40005] INFO  server.GrpcService (ConfUtils.java:logGet(44)) - raft.grpc.message.size.max = 32MB (=33554432) (custom)
2021-03-17 02:10:10,444 [Listener at 127.0.0.1/40005] INFO  server.RaftServerConfigKeys (ConfUtils.java:logGet(44)) - raft.server.log.appender.buffer.byte-limit = 33554432 (custom)
2021-03-17 02:10:10,444 [Listener at 127.0.0.1/40005] INFO  server.GrpcService (ConfUtils.java:logGet(44)) - raft.grpc.flow.control.window = 5MB (=5242880) (custom)
2021-03-17 02:10:10,444 [Listener at 127.0.0.1/40005] INFO  server.RaftServerConfigKeys (ConfUtils.java:logGet(44)) - raft.server.rpc.request.timeout = 3000ms (default)
2021-03-17 02:10:10,445 [Listener at 127.0.0.1/40005] INFO  impl.DataStreamServerImpl (ConfUtils.java:logGet(44)) - raft.datastream.type = DISABLED (default)
2021-03-17 02:10:10,445 [Listener at 127.0.0.1/40005] INFO  server.RaftServerConfigKeys (ConfUtils.java:logGet(44)) - raft.server.rpc.slowness.timeout = 300000ms (custom)
2021-03-17 02:10:10,445 [Listener at 127.0.0.1/40005] INFO  server.RaftServerConfigKeys (ConfUtils.java:logGet(44)) - raft.server.leaderelection.leader.step-down.wait-time = 10s (default)
2021-03-17 02:10:10,445 [Listener at 127.0.0.1/40005] INFO  server.RaftServerConfigKeys (ConfUtils.java:logGet(44)) - raft.server.storage.dir = [/github/workspace/mnt/ozone/hadoop-ozone/integration-test/target/test-dir/MiniOzoneClusterImpl-5543d78b-3109-4325-8e4d-d24bfba87b26/datanode-1/data/ratis] (custom)
2021-03-17 02:10:10,450 [Listener at 127.0.0.1/40005] INFO  http.BaseHttpServer (BaseHttpServer.java:newHttpServer2BuilderForOzone(207)) - Starting Web-server for hddsDatanode at: http://0.0.0.0:0
2021-03-17 02:10:10,450 [Listener at 127.0.0.1/40005] INFO  http.BaseHttpServer (BaseHttpServer.java:<init>(106)) - Hadoop Security Enabled: false Ozone Security Enabled: false Ozone HTTP Security Enabled: false 
2021-03-17 02:10:10,451 [Listener at 127.0.0.1/40005] INFO  server.AuthenticationFilter (AuthenticationFilter.java:constructSecretProvider(240)) - Unable to initialize FileSignerSecretProvider, falling back to use random secrets.
2021-03-17 02:10:10,451 [Listener at 127.0.0.1/40005] WARN  http.HttpRequestLog (HttpRequestLog.java:getRequestLog(103)) - Jetty request log can only be enabled using Log4j
2021-03-17 02:10:10,452 [Listener at 127.0.0.1/40005] INFO  http.HttpServer2 (HttpServer2.java:addGlobalFilter(1020)) - Added global filter 'safety' (class=org.apache.hadoop.hdds.server.http.HttpServer2$QuotingInputFilter)
2021-03-17 02:10:10,453 [Listener at 127.0.0.1/40005] INFO  http.HttpServer2 (HttpServer2.java:addFilter(996)) - Added filter static_user_filter (class=org.apache.hadoop.http.lib.StaticUserWebFilter$StaticUserFilter) to context hddsDatanode
2021-03-17 02:10:10,453 [Listener at 127.0.0.1/40005] INFO  http.HttpServer2 (HttpServer2.java:addFilter(1004)) - Added filter static_user_filter (class=org.apache.hadoop.http.lib.StaticUserWebFilter$StaticUserFilter) to context static
2021-03-17 02:10:10,453 [Listener at 127.0.0.1/40005] INFO  http.HttpServer2 (HttpServer2.java:addFilter(1004)) - Added filter static_user_filter (class=org.apache.hadoop.http.lib.StaticUserWebFilter$StaticUserFilter) to context logs
2021-03-17 02:10:10,453 [Listener at 127.0.0.1/40005] INFO  http.HttpServer2 (HttpServer2.java:bindListener(1238)) - Jetty bound to port 35961
2021-03-17 02:10:10,453 [Listener at 127.0.0.1/40005] INFO  server.Server (Server.java:doStart(375)) - jetty-9.4.35.v20201120; built: 2020-11-20T21:17:03.964Z; git: bdc54f03a5e0a7e280fab27f55c3c75ee8da89fb; jvm 1.8.0_232-b09
2021-03-17 02:10:10,456 [Listener at 127.0.0.1/40005] INFO  server.session (DefaultSessionIdManager.java:doStart(334)) - DefaultSessionIdManager workerName=node0
2021-03-17 02:10:10,456 [Listener at 127.0.0.1/40005] INFO  server.session (DefaultSessionIdManager.java:doStart(339)) - No SessionScavenger set, using defaults
2021-03-17 02:10:10,456 [Listener at 127.0.0.1/40005] INFO  server.session (HouseKeeper.java:startScavenging(132)) - node0 Scavenging every 660000ms
2021-03-17 02:10:10,457 [Listener at 127.0.0.1/40005] INFO  handler.ContextHandler (ContextHandler.java:doStart(916)) - Started o.e.j.s.ServletContextHandler@64f8c767{logs,/logs,file:///github/workspace/mnt/ozone/hadoop-ozone/integration-test/target/log,AVAILABLE}
2021-03-17 02:10:10,457 [Listener at 127.0.0.1/40005] INFO  handler.ContextHandler (ContextHandler.java:doStart(916)) - Started o.e.j.s.ServletContextHandler@3549798c{static,/static,jar:file:/home/user/.m2/repository/org/apache/hadoop/hadoop-hdds-container-service/1.1.0-SNAPSHOT/hadoop-hdds-container-service-1.1.0-SNAPSHOT.jar!/webapps/static,AVAILABLE}
2021-03-17 02:10:10,593 [Listener at 127.0.0.1/40005] INFO  handler.ContextHandler (ContextHandler.java:doStart(916)) - Started o.e.j.w.WebAppContext@6965292d{hddsDatanode,/,file:///tmp/jetty-0_0_0_0-35961-hadoop-hdds-container-service-1_1_0-SNAPSHOT_jar-_-any-7753223855485897642/webapp/,AVAILABLE}{jar:file:/home/user/.m2/repository/org/apache/hadoop/hadoop-hdds-container-service/1.1.0-SNAPSHOT/hadoop-hdds-container-service-1.1.0-SNAPSHOT.jar!/webapps/hddsDatanode}
2021-03-17 02:10:10,594 [Listener at 127.0.0.1/40005] INFO  server.AbstractConnector (AbstractConnector.java:doStart(331)) - Started ServerConnector@6ab6233c{HTTP/1.1, (http/1.1)}{0.0.0.0:35961}
2021-03-17 02:10:10,594 [Listener at 127.0.0.1/40005] INFO  server.Server (Server.java:doStart(415)) - Started @73754ms
2021-03-17 02:10:10,594 [Listener at 127.0.0.1/40005] WARN  impl.MetricsSystemImpl (MetricsSystemImpl.java:register(279)) - Sink prometheus already exists!
2021-03-17 02:10:10,598 [Listener at 127.0.0.1/40005] INFO  http.BaseHttpServer (BaseHttpServer.java:updateConnectorAddress(327)) - HTTP server of hddsDatanode listening at http://0.0.0.0:35961
2021-03-17 02:10:10,602 [Listener at 127.0.0.1/40005] INFO  impl.MetricsSystemImpl (MetricsSystemImpl.java:init(158)) - HddsDatanode metrics system started (again)
2021-03-17 02:10:10,603 [Listener at 127.0.0.1/40005] INFO  ozone.HddsDatanodeService (HddsDatanodeService.java:start(217)) - HddsDatanodeService host:70ca58e12b9b ip:172.17.0.2
2021-03-17 02:10:10,604 [Listener at 127.0.0.1/40005] INFO  volume.HddsVolume (HddsVolume.java:<init>(176)) - Creating Volume: /github/workspace/mnt/ozone/hadoop-ozone/integration-test/target/test-dir/MiniOzoneClusterImpl-5543d78b-3109-4325-8e4d-d24bfba87b26/datanode-2/data-0/containers/hdds of storage type : DISK and capacity : 9223372036854775807
2021-03-17 02:10:10,608 [Listener at 127.0.0.1/40005] INFO  volume.MutableVolumeSet (MutableVolumeSet.java:initializeVolumeSet(179)) - Added Volume : /github/workspace/mnt/ozone/hadoop-ozone/integration-test/target/test-dir/MiniOzoneClusterImpl-5543d78b-3109-4325-8e4d-d24bfba87b26/datanode-2/data-0/containers/hdds to VolumeSet
2021-03-17 02:10:10,608 [Listener at 127.0.0.1/40005] INFO  volume.ThrottledAsyncChecker (ThrottledAsyncChecker.java:schedule(141)) - Scheduling a check for /github/workspace/mnt/ozone/hadoop-ozone/integration-test/target/test-dir/MiniOzoneClusterImpl-5543d78b-3109-4325-8e4d-d24bfba87b26/datanode-2/data-0/containers/hdds
2021-03-17 02:10:10,609 [Listener at 127.0.0.1/40005] INFO  volume.HddsVolumeChecker (HddsVolumeChecker.java:checkAllVolumes(200)) - Scheduled health check for volume /github/workspace/mnt/ozone/hadoop-ozone/integration-test/target/test-dir/MiniOzoneClusterImpl-5543d78b-3109-4325-8e4d-d24bfba87b26/datanode-2/data-0/containers/hdds
2021-03-17 02:10:10,618 [org.apache.hadoop.util.JvmPauseMonitor$Monitor@a7fbdf4] INFO  util.JvmPauseMonitor (JvmPauseMonitor.java:run(188)) - Starting JVM pause monitor
2021-03-17 02:10:10,628 [Datanode State Machine Task Thread - 0] INFO  datanode.InitDatanodeState (InitDatanodeState.java:persistContainerDatanodeDetails(145)) - DatanodeDetails is persisted to /github/workspace/mnt/ozone/hadoop-ozone/integration-test/target/test-dir/MiniOzoneClusterImpl-5543d78b-3109-4325-8e4d-d24bfba87b26/datanode-1/meta/datanode.id
2021-03-17 02:10:10,633 [Thread-752] INFO  ozoneimpl.ContainerReader (ContainerReader.java:readVolume(125)) - Start to verify containers on volume /github/workspace/mnt/ozone/hadoop-ozone/integration-test/target/test-dir/MiniOzoneClusterImpl-5543d78b-3109-4325-8e4d-d24bfba87b26/datanode-2/data-0/containers/hdds
2021-03-17 02:10:10,633 [Thread-752] INFO  ozoneimpl.ContainerReader (ContainerReader.java:readVolume(150)) - Finish verifying containers on volume /github/workspace/mnt/ozone/hadoop-ozone/integration-test/target/test-dir/MiniOzoneClusterImpl-5543d78b-3109-4325-8e4d-d24bfba87b26/datanode-2/data-0/containers/hdds
2021-03-17 02:10:10,634 [Listener at 127.0.0.1/40005] INFO  ozoneimpl.OzoneContainer (OzoneContainer.java:buildContainerSet(206)) - Build ContainerSet costs 0s
2021-03-17 02:10:10,635 [Listener at 127.0.0.1/40005] INFO  server.RaftServer (ConfUtils.java:logGet(44)) - raft.rpc.type = GRPC (default)
2021-03-17 02:10:10,635 [Listener at 127.0.0.1/40005] INFO  grpc.GrpcFactory (GrpcFactory.java:checkPooledByteBufAllocatorUseCacheForAllThreads(48)) - PERFORMANCE WARNING: useCacheForAllThreads is true that may cause Netty to create a lot garbage objects and, as a result, trigger GC.
	It is recommended to disable useCacheForAllThreads by setting -Dorg.apache.ratis.thirdparty.io.netty.allocator.useCacheForAllThreads=false in command line.
2021-03-17 02:10:10,635 [Listener at 127.0.0.1/40005] INFO  grpc.GrpcConfigKeys (ConfUtils.java:logGet(44)) - raft.grpc.admin.port = 0 (custom)
2021-03-17 02:10:10,636 [Listener at 127.0.0.1/40005] INFO  grpc.GrpcConfigKeys (ConfUtils.java:logGet(44)) - raft.grpc.client.port = 0 (custom)
2021-03-17 02:10:10,636 [Listener at 127.0.0.1/40005] INFO  grpc.GrpcConfigKeys (ConfUtils.java:logGet(44)) - raft.grpc.server.port = 0 (default)
2021-03-17 02:10:10,636 [Listener at 127.0.0.1/40005] INFO  server.GrpcService (ConfUtils.java:logGet(44)) - raft.grpc.message.size.max = 32MB (=33554432) (custom)
2021-03-17 02:10:10,636 [Listener at 127.0.0.1/40005] INFO  server.RaftServerConfigKeys (ConfUtils.java:logGet(44)) - raft.server.log.appender.buffer.byte-limit = 33554432 (custom)
2021-03-17 02:10:10,636 [Listener at 127.0.0.1/40005] INFO  server.GrpcService (ConfUtils.java:logGet(44)) - raft.grpc.flow.control.window = 5MB (=5242880) (custom)
2021-03-17 02:10:10,636 [Listener at 127.0.0.1/40005] INFO  server.RaftServerConfigKeys (ConfUtils.java:logGet(44)) - raft.server.rpc.request.timeout = 3000ms (default)
2021-03-17 02:10:10,637 [Listener at 127.0.0.1/40005] INFO  impl.DataStreamServerImpl (ConfUtils.java:logGet(44)) - raft.datastream.type = DISABLED (default)
2021-03-17 02:10:10,637 [Listener at 127.0.0.1/40005] INFO  server.RaftServerConfigKeys (ConfUtils.java:logGet(44)) - raft.server.rpc.slowness.timeout = 300000ms (custom)
2021-03-17 02:10:10,637 [Listener at 127.0.0.1/40005] INFO  server.RaftServerConfigKeys (ConfUtils.java:logGet(44)) - raft.server.leaderelection.leader.step-down.wait-time = 10s (default)
2021-03-17 02:10:10,638 [Listener at 127.0.0.1/40005] INFO  server.RaftServerConfigKeys (ConfUtils.java:logGet(44)) - raft.server.storage.dir = [/github/workspace/mnt/ozone/hadoop-ozone/integration-test/target/test-dir/MiniOzoneClusterImpl-5543d78b-3109-4325-8e4d-d24bfba87b26/datanode-2/data/ratis] (custom)
2021-03-17 02:10:10,642 [Listener at 127.0.0.1/40005] INFO  http.BaseHttpServer (BaseHttpServer.java:newHttpServer2BuilderForOzone(207)) - Starting Web-server for hddsDatanode at: http://0.0.0.0:0
2021-03-17 02:10:10,642 [Listener at 127.0.0.1/40005] INFO  http.BaseHttpServer (BaseHttpServer.java:<init>(106)) - Hadoop Security Enabled: false Ozone Security Enabled: false Ozone HTTP Security Enabled: false 
2021-03-17 02:10:10,643 [Listener at 127.0.0.1/40005] INFO  server.AuthenticationFilter (AuthenticationFilter.java:constructSecretProvider(240)) - Unable to initialize FileSignerSecretProvider, falling back to use random secrets.
2021-03-17 02:10:10,644 [Listener at 127.0.0.1/40005] WARN  http.HttpRequestLog (HttpRequestLog.java:getRequestLog(103)) - Jetty request log can only be enabled using Log4j
2021-03-17 02:10:10,644 [Listener at 127.0.0.1/40005] INFO  http.HttpServer2 (HttpServer2.java:addGlobalFilter(1020)) - Added global filter 'safety' (class=org.apache.hadoop.hdds.server.http.HttpServer2$QuotingInputFilter)
2021-03-17 02:10:10,645 [Listener at 127.0.0.1/40005] INFO  http.HttpServer2 (HttpServer2.java:addFilter(996)) - Added filter static_user_filter (class=org.apache.hadoop.http.lib.StaticUserWebFilter$StaticUserFilter) to context hddsDatanode
2021-03-17 02:10:10,645 [Listener at 127.0.0.1/40005] INFO  http.HttpServer2 (HttpServer2.java:addFilter(1004)) - Added filter static_user_filter (class=org.apache.hadoop.http.lib.StaticUserWebFilter$StaticUserFilter) to context logs
2021-03-17 02:10:10,645 [Listener at 127.0.0.1/40005] INFO  http.HttpServer2 (HttpServer2.java:addFilter(1004)) - Added filter static_user_filter (class=org.apache.hadoop.http.lib.StaticUserWebFilter$StaticUserFilter) to context static
2021-03-17 02:10:10,645 [Listener at 127.0.0.1/40005] INFO  http.HttpServer2 (HttpServer2.java:bindListener(1238)) - Jetty bound to port 39733
2021-03-17 02:10:10,645 [Listener at 127.0.0.1/40005] INFO  server.Server (Server.java:doStart(375)) - jetty-9.4.35.v20201120; built: 2020-11-20T21:17:03.964Z; git: bdc54f03a5e0a7e280fab27f55c3c75ee8da89fb; jvm 1.8.0_232-b09
2021-03-17 02:10:10,646 [Listener at 127.0.0.1/40005] INFO  server.session (DefaultSessionIdManager.java:doStart(334)) - DefaultSessionIdManager workerName=node0
2021-03-17 02:10:10,646 [Listener at 127.0.0.1/40005] INFO  server.session (DefaultSessionIdManager.java:doStart(339)) - No SessionScavenger set, using defaults
2021-03-17 02:10:10,647 [Listener at 127.0.0.1/40005] INFO  server.session (HouseKeeper.java:startScavenging(132)) - node0 Scavenging every 600000ms
2021-03-17 02:10:10,647 [Listener at 127.0.0.1/40005] INFO  handler.ContextHandler (ContextHandler.java:doStart(916)) - Started o.e.j.s.ServletContextHandler@72a95c3f{logs,/logs,file:///github/workspace/mnt/ozone/hadoop-ozone/integration-test/target/log,AVAILABLE}
2021-03-17 02:10:10,647 [Listener at 127.0.0.1/40005] INFO  handler.ContextHandler (ContextHandler.java:doStart(916)) - Started o.e.j.s.ServletContextHandler@56c90567{static,/static,jar:file:/home/user/.m2/repository/org/apache/hadoop/hadoop-hdds-container-service/1.1.0-SNAPSHOT/hadoop-hdds-container-service-1.1.0-SNAPSHOT.jar!/webapps/static,AVAILABLE}
2021-03-17 02:10:10,789 [Listener at 127.0.0.1/40005] INFO  handler.ContextHandler (ContextHandler.java:doStart(916)) - Started o.e.j.w.WebAppContext@6d5a9a9a{hddsDatanode,/,file:///tmp/jetty-0_0_0_0-39733-hadoop-hdds-container-service-1_1_0-SNAPSHOT_jar-_-any-7793430079210626943/webapp/,AVAILABLE}{jar:file:/home/user/.m2/repository/org/apache/hadoop/hadoop-hdds-container-service/1.1.0-SNAPSHOT/hadoop-hdds-container-service-1.1.0-SNAPSHOT.jar!/webapps/hddsDatanode}
2021-03-17 02:10:10,791 [Listener at 127.0.0.1/40005] INFO  server.AbstractConnector (AbstractConnector.java:doStart(331)) - Started ServerConnector@7ba33ba0{HTTP/1.1, (http/1.1)}{0.0.0.0:39733}
2021-03-17 02:10:10,791 [Listener at 127.0.0.1/40005] INFO  server.Server (Server.java:doStart(415)) - Started @73951ms
2021-03-17 02:10:10,791 [Listener at 127.0.0.1/40005] WARN  impl.MetricsSystemImpl (MetricsSystemImpl.java:register(279)) - Sink prometheus already exists!
2021-03-17 02:10:10,794 [Listener at 127.0.0.1/40005] INFO  http.BaseHttpServer (BaseHttpServer.java:updateConnectorAddress(327)) - HTTP server of hddsDatanode listening at http://0.0.0.0:39733
2021-03-17 02:10:10,798 [Listener at 127.0.0.1/40005] INFO  impl.MetricsSystemImpl (MetricsSystemImpl.java:init(158)) - HddsDatanode metrics system started (again)
2021-03-17 02:10:10,799 [Listener at 127.0.0.1/40005] INFO  ozone.HddsDatanodeService (HddsDatanodeService.java:start(217)) - HddsDatanodeService host:70ca58e12b9b ip:172.17.0.2
2021-03-17 02:10:10,800 [Listener at 127.0.0.1/40005] INFO  volume.HddsVolume (HddsVolume.java:<init>(176)) - Creating Volume: /github/workspace/mnt/ozone/hadoop-ozone/integration-test/target/test-dir/MiniOzoneClusterImpl-5543d78b-3109-4325-8e4d-d24bfba87b26/datanode-3/data-0/containers/hdds of storage type : DISK and capacity : 9223372036854775807
2021-03-17 02:10:10,800 [Listener at 127.0.0.1/40005] INFO  volume.MutableVolumeSet (MutableVolumeSet.java:initializeVolumeSet(179)) - Added Volume : /github/workspace/mnt/ozone/hadoop-ozone/integration-test/target/test-dir/MiniOzoneClusterImpl-5543d78b-3109-4325-8e4d-d24bfba87b26/datanode-3/data-0/containers/hdds to VolumeSet
2021-03-17 02:10:10,801 [Listener at 127.0.0.1/40005] INFO  volume.ThrottledAsyncChecker (ThrottledAsyncChecker.java:schedule(141)) - Scheduling a check for /github/workspace/mnt/ozone/hadoop-ozone/integration-test/target/test-dir/MiniOzoneClusterImpl-5543d78b-3109-4325-8e4d-d24bfba87b26/datanode-3/data-0/containers/hdds
2021-03-17 02:10:10,810 [Listener at 127.0.0.1/40005] INFO  volume.HddsVolumeChecker (HddsVolumeChecker.java:checkAllVolumes(200)) - Scheduled health check for volume /github/workspace/mnt/ozone/hadoop-ozone/integration-test/target/test-dir/MiniOzoneClusterImpl-5543d78b-3109-4325-8e4d-d24bfba87b26/datanode-3/data-0/containers/hdds
2021-03-17 02:10:10,822 [org.apache.hadoop.util.JvmPauseMonitor$Monitor@9df4af0] INFO  util.JvmPauseMonitor (JvmPauseMonitor.java:run(188)) - Starting JVM pause monitor
2021-03-17 02:10:10,828 [Thread-763] INFO  ozoneimpl.ContainerReader (ContainerReader.java:readVolume(125)) - Start to verify containers on volume /github/workspace/mnt/ozone/hadoop-ozone/integration-test/target/test-dir/MiniOzoneClusterImpl-5543d78b-3109-4325-8e4d-d24bfba87b26/datanode-3/data-0/containers/hdds
2021-03-17 02:10:10,829 [Datanode State Machine Task Thread - 0] INFO  datanode.InitDatanodeState (InitDatanodeState.java:persistContainerDatanodeDetails(145)) - DatanodeDetails is persisted to /github/workspace/mnt/ozone/hadoop-ozone/integration-test/target/test-dir/MiniOzoneClusterImpl-5543d78b-3109-4325-8e4d-d24bfba87b26/datanode-2/meta/datanode.id
2021-03-17 02:10:10,830 [Thread-763] INFO  ozoneimpl.ContainerReader (ContainerReader.java:readVolume(150)) - Finish verifying containers on volume /github/workspace/mnt/ozone/hadoop-ozone/integration-test/target/test-dir/MiniOzoneClusterImpl-5543d78b-3109-4325-8e4d-d24bfba87b26/datanode-3/data-0/containers/hdds
2021-03-17 02:10:10,830 [Listener at 127.0.0.1/40005] INFO  ozoneimpl.OzoneContainer (OzoneContainer.java:buildContainerSet(206)) - Build ContainerSet costs 0s
2021-03-17 02:10:10,831 [Listener at 127.0.0.1/40005] INFO  server.RaftServer (ConfUtils.java:logGet(44)) - raft.rpc.type = GRPC (default)
2021-03-17 02:10:10,832 [Listener at 127.0.0.1/40005] INFO  grpc.GrpcFactory (GrpcFactory.java:checkPooledByteBufAllocatorUseCacheForAllThreads(48)) - PERFORMANCE WARNING: useCacheForAllThreads is true that may cause Netty to create a lot garbage objects and, as a result, trigger GC.
	It is recommended to disable useCacheForAllThreads by setting -Dorg.apache.ratis.thirdparty.io.netty.allocator.useCacheForAllThreads=false in command line.
2021-03-17 02:10:10,832 [Listener at 127.0.0.1/40005] INFO  grpc.GrpcConfigKeys (ConfUtils.java:logGet(44)) - raft.grpc.admin.port = 0 (custom)
2021-03-17 02:10:10,832 [Listener at 127.0.0.1/40005] INFO  grpc.GrpcConfigKeys (ConfUtils.java:logGet(44)) - raft.grpc.client.port = 0 (custom)
2021-03-17 02:10:10,832 [Listener at 127.0.0.1/40005] INFO  grpc.GrpcConfigKeys (ConfUtils.java:logGet(44)) - raft.grpc.server.port = 0 (default)
2021-03-17 02:10:10,833 [Listener at 127.0.0.1/40005] INFO  server.GrpcService (ConfUtils.java:logGet(44)) - raft.grpc.message.size.max = 32MB (=33554432) (custom)
2021-03-17 02:10:10,833 [Listener at 127.0.0.1/40005] INFO  server.RaftServerConfigKeys (ConfUtils.java:logGet(44)) - raft.server.log.appender.buffer.byte-limit = 33554432 (custom)
2021-03-17 02:10:10,833 [Listener at 127.0.0.1/40005] INFO  server.GrpcService (ConfUtils.java:logGet(44)) - raft.grpc.flow.control.window = 5MB (=5242880) (custom)
2021-03-17 02:10:10,833 [Listener at 127.0.0.1/40005] INFO  server.RaftServerConfigKeys (ConfUtils.java:logGet(44)) - raft.server.rpc.request.timeout = 3000ms (default)
2021-03-17 02:10:10,834 [Listener at 127.0.0.1/40005] INFO  impl.DataStreamServerImpl (ConfUtils.java:logGet(44)) - raft.datastream.type = DISABLED (default)
2021-03-17 02:10:10,834 [Listener at 127.0.0.1/40005] INFO  server.RaftServerConfigKeys (ConfUtils.java:logGet(44)) - raft.server.rpc.slowness.timeout = 300000ms (custom)
2021-03-17 02:10:10,834 [Listener at 127.0.0.1/40005] INFO  server.RaftServerConfigKeys (ConfUtils.java:logGet(44)) - raft.server.leaderelection.leader.step-down.wait-time = 10s (default)
2021-03-17 02:10:10,834 [Listener at 127.0.0.1/40005] INFO  server.RaftServerConfigKeys (ConfUtils.java:logGet(44)) - raft.server.storage.dir = [/github/workspace/mnt/ozone/hadoop-ozone/integration-test/target/test-dir/MiniOzoneClusterImpl-5543d78b-3109-4325-8e4d-d24bfba87b26/datanode-3/data/ratis] (custom)
2021-03-17 02:10:10,844 [Listener at 127.0.0.1/40005] INFO  http.BaseHttpServer (BaseHttpServer.java:newHttpServer2BuilderForOzone(207)) - Starting Web-server for hddsDatanode at: http://0.0.0.0:0
2021-03-17 02:10:10,844 [Listener at 127.0.0.1/40005] INFO  http.BaseHttpServer (BaseHttpServer.java:<init>(106)) - Hadoop Security Enabled: false Ozone Security Enabled: false Ozone HTTP Security Enabled: false 
2021-03-17 02:10:10,845 [Listener at 127.0.0.1/40005] INFO  server.AuthenticationFilter (AuthenticationFilter.java:constructSecretProvider(240)) - Unable to initialize FileSignerSecretProvider, falling back to use random secrets.
2021-03-17 02:10:10,846 [Listener at 127.0.0.1/40005] WARN  http.HttpRequestLog (HttpRequestLog.java:getRequestLog(103)) - Jetty request log can only be enabled using Log4j
2021-03-17 02:10:10,846 [Listener at 127.0.0.1/40005] INFO  http.HttpServer2 (HttpServer2.java:addGlobalFilter(1020)) - Added global filter 'safety' (class=org.apache.hadoop.hdds.server.http.HttpServer2$QuotingInputFilter)
2021-03-17 02:10:10,847 [Listener at 127.0.0.1/40005] INFO  http.HttpServer2 (HttpServer2.java:addFilter(996)) - Added filter static_user_filter (class=org.apache.hadoop.http.lib.StaticUserWebFilter$StaticUserFilter) to context hddsDatanode
2021-03-17 02:10:10,847 [Listener at 127.0.0.1/40005] INFO  http.HttpServer2 (HttpServer2.java:addFilter(1004)) - Added filter static_user_filter (class=org.apache.hadoop.http.lib.StaticUserWebFilter$StaticUserFilter) to context static
2021-03-17 02:10:10,847 [Listener at 127.0.0.1/40005] INFO  http.HttpServer2 (HttpServer2.java:addFilter(1004)) - Added filter static_user_filter (class=org.apache.hadoop.http.lib.StaticUserWebFilter$StaticUserFilter) to context logs
2021-03-17 02:10:10,847 [Listener at 127.0.0.1/40005] INFO  http.HttpServer2 (HttpServer2.java:bindListener(1238)) - Jetty bound to port 44789
2021-03-17 02:10:10,847 [Listener at 127.0.0.1/40005] INFO  server.Server (Server.java:doStart(375)) - jetty-9.4.35.v20201120; built: 2020-11-20T21:17:03.964Z; git: bdc54f03a5e0a7e280fab27f55c3c75ee8da89fb; jvm 1.8.0_232-b09
2021-03-17 02:10:10,849 [Listener at 127.0.0.1/40005] INFO  server.session (DefaultSessionIdManager.java:doStart(334)) - DefaultSessionIdManager workerName=node0
2021-03-17 02:10:10,850 [Listener at 127.0.0.1/40005] INFO  server.session (DefaultSessionIdManager.java:doStart(339)) - No SessionScavenger set, using defaults
2021-03-17 02:10:10,850 [Listener at 127.0.0.1/40005] INFO  server.session (HouseKeeper.java:startScavenging(132)) - node0 Scavenging every 660000ms
2021-03-17 02:10:10,850 [Listener at 127.0.0.1/40005] INFO  handler.ContextHandler (ContextHandler.java:doStart(916)) - Started o.e.j.s.ServletContextHandler@60b09a4b{logs,/logs,file:///github/workspace/mnt/ozone/hadoop-ozone/integration-test/target/log,AVAILABLE}
2021-03-17 02:10:10,851 [Listener at 127.0.0.1/40005] INFO  handler.ContextHandler (ContextHandler.java:doStart(916)) - Started o.e.j.s.ServletContextHandler@4230a27{static,/static,jar:file:/home/user/.m2/repository/org/apache/hadoop/hadoop-hdds-container-service/1.1.0-SNAPSHOT/hadoop-hdds-container-service-1.1.0-SNAPSHOT.jar!/webapps/static,AVAILABLE}
2021-03-17 02:10:10,997 [Listener at 127.0.0.1/40005] INFO  handler.ContextHandler (ContextHandler.java:doStart(916)) - Started o.e.j.w.WebAppContext@ea61ad7{hddsDatanode,/,file:///tmp/jetty-0_0_0_0-44789-hadoop-hdds-container-service-1_1_0-SNAPSHOT_jar-_-any-7774832555050902854/webapp/,AVAILABLE}{jar:file:/home/user/.m2/repository/org/apache/hadoop/hadoop-hdds-container-service/1.1.0-SNAPSHOT/hadoop-hdds-container-service-1.1.0-SNAPSHOT.jar!/webapps/hddsDatanode}
2021-03-17 02:10:10,999 [Listener at 127.0.0.1/40005] INFO  server.AbstractConnector (AbstractConnector.java:doStart(331)) - Started ServerConnector@23fb307b{HTTP/1.1, (http/1.1)}{0.0.0.0:44789}
2021-03-17 02:10:10,999 [Listener at 127.0.0.1/40005] INFO  server.Server (Server.java:doStart(415)) - Started @74159ms
2021-03-17 02:10:10,999 [Listener at 127.0.0.1/40005] WARN  impl.MetricsSystemImpl (MetricsSystemImpl.java:register(279)) - Sink prometheus already exists!
2021-03-17 02:10:11,074 [Listener at 127.0.0.1/40005] INFO  http.BaseHttpServer (BaseHttpServer.java:updateConnectorAddress(327)) - HTTP server of hddsDatanode listening at http://0.0.0.0:44789
2021-03-17 02:10:11,082 [Listener at 127.0.0.1/40005] INFO  impl.MetricsSystemImpl (MetricsSystemImpl.java:init(158)) - HddsDatanode metrics system started (again)
2021-03-17 02:10:11,084 [org.apache.hadoop.util.JvmPauseMonitor$Monitor@73a70ed] INFO  util.JvmPauseMonitor (JvmPauseMonitor.java:run(188)) - Starting JVM pause monitor
2021-03-17 02:10:11,084 [Listener at 127.0.0.1/40005] INFO  ozone.HddsDatanodeService (HddsDatanodeService.java:start(217)) - HddsDatanodeService host:70ca58e12b9b ip:172.17.0.2
2021-03-17 02:10:11,086 [Listener at 127.0.0.1/40005] INFO  volume.HddsVolume (HddsVolume.java:<init>(176)) - Creating Volume: /github/workspace/mnt/ozone/hadoop-ozone/integration-test/target/test-dir/MiniOzoneClusterImpl-5543d78b-3109-4325-8e4d-d24bfba87b26/datanode-4/data-0/containers/hdds of storage type : DISK and capacity : 9223372036854775807
2021-03-17 02:10:11,086 [Listener at 127.0.0.1/40005] INFO  volume.MutableVolumeSet (MutableVolumeSet.java:initializeVolumeSet(179)) - Added Volume : /github/workspace/mnt/ozone/hadoop-ozone/integration-test/target/test-dir/MiniOzoneClusterImpl-5543d78b-3109-4325-8e4d-d24bfba87b26/datanode-4/data-0/containers/hdds to VolumeSet
2021-03-17 02:10:11,086 [Listener at 127.0.0.1/40005] INFO  volume.ThrottledAsyncChecker (ThrottledAsyncChecker.java:schedule(141)) - Scheduling a check for /github/workspace/mnt/ozone/hadoop-ozone/integration-test/target/test-dir/MiniOzoneClusterImpl-5543d78b-3109-4325-8e4d-d24bfba87b26/datanode-4/data-0/containers/hdds
2021-03-17 02:10:11,087 [Datanode State Machine Task Thread - 0] INFO  datanode.InitDatanodeState (InitDatanodeState.java:persistContainerDatanodeDetails(145)) - DatanodeDetails is persisted to /github/workspace/mnt/ozone/hadoop-ozone/integration-test/target/test-dir/MiniOzoneClusterImpl-5543d78b-3109-4325-8e4d-d24bfba87b26/datanode-3/meta/datanode.id
2021-03-17 02:10:11,087 [Listener at 127.0.0.1/40005] INFO  volume.HddsVolumeChecker (HddsVolumeChecker.java:checkAllVolumes(200)) - Scheduled health check for volume /github/workspace/mnt/ozone/hadoop-ozone/integration-test/target/test-dir/MiniOzoneClusterImpl-5543d78b-3109-4325-8e4d-d24bfba87b26/datanode-4/data-0/containers/hdds
2021-03-17 02:10:11,100 [Thread-774] INFO  ozoneimpl.ContainerReader (ContainerReader.java:readVolume(125)) - Start to verify containers on volume /github/workspace/mnt/ozone/hadoop-ozone/integration-test/target/test-dir/MiniOzoneClusterImpl-5543d78b-3109-4325-8e4d-d24bfba87b26/datanode-4/data-0/containers/hdds
2021-03-17 02:10:11,100 [Thread-774] INFO  ozoneimpl.ContainerReader (ContainerReader.java:readVolume(150)) - Finish verifying containers on volume /github/workspace/mnt/ozone/hadoop-ozone/integration-test/target/test-dir/MiniOzoneClusterImpl-5543d78b-3109-4325-8e4d-d24bfba87b26/datanode-4/data-0/containers/hdds
2021-03-17 02:10:11,100 [Listener at 127.0.0.1/40005] INFO  ozoneimpl.OzoneContainer (OzoneContainer.java:buildContainerSet(206)) - Build ContainerSet costs 0s
2021-03-17 02:10:11,101 [Listener at 127.0.0.1/40005] INFO  server.RaftServer (ConfUtils.java:logGet(44)) - raft.rpc.type = GRPC (default)
2021-03-17 02:10:11,102 [Listener at 127.0.0.1/40005] INFO  grpc.GrpcFactory (GrpcFactory.java:checkPooledByteBufAllocatorUseCacheForAllThreads(48)) - PERFORMANCE WARNING: useCacheForAllThreads is true that may cause Netty to create a lot garbage objects and, as a result, trigger GC.
	It is recommended to disable useCacheForAllThreads by setting -Dorg.apache.ratis.thirdparty.io.netty.allocator.useCacheForAllThreads=false in command line.
2021-03-17 02:10:11,102 [Listener at 127.0.0.1/40005] INFO  grpc.GrpcConfigKeys (ConfUtils.java:logGet(44)) - raft.grpc.admin.port = 0 (custom)
2021-03-17 02:10:11,102 [Listener at 127.0.0.1/40005] INFO  grpc.GrpcConfigKeys (ConfUtils.java:logGet(44)) - raft.grpc.client.port = 0 (custom)
2021-03-17 02:10:11,102 [Listener at 127.0.0.1/40005] INFO  grpc.GrpcConfigKeys (ConfUtils.java:logGet(44)) - raft.grpc.server.port = 0 (default)
2021-03-17 02:10:11,102 [Listener at 127.0.0.1/40005] INFO  server.GrpcService (ConfUtils.java:logGet(44)) - raft.grpc.message.size.max = 32MB (=33554432) (custom)
2021-03-17 02:10:11,102 [Listener at 127.0.0.1/40005] INFO  server.RaftServerConfigKeys (ConfUtils.java:logGet(44)) - raft.server.log.appender.buffer.byte-limit = 33554432 (custom)
2021-03-17 02:10:11,102 [Listener at 127.0.0.1/40005] INFO  server.GrpcService (ConfUtils.java:logGet(44)) - raft.grpc.flow.control.window = 5MB (=5242880) (custom)
2021-03-17 02:10:11,102 [Listener at 127.0.0.1/40005] INFO  server.RaftServerConfigKeys (ConfUtils.java:logGet(44)) - raft.server.rpc.request.timeout = 3000ms (default)
2021-03-17 02:10:11,103 [Listener at 127.0.0.1/40005] INFO  impl.DataStreamServerImpl (ConfUtils.java:logGet(44)) - raft.datastream.type = DISABLED (default)
2021-03-17 02:10:11,104 [Listener at 127.0.0.1/40005] INFO  server.RaftServerConfigKeys (ConfUtils.java:logGet(44)) - raft.server.rpc.slowness.timeout = 300000ms (custom)
2021-03-17 02:10:11,104 [Listener at 127.0.0.1/40005] INFO  server.RaftServerConfigKeys (ConfUtils.java:logGet(44)) - raft.server.leaderelection.leader.step-down.wait-time = 10s (default)
2021-03-17 02:10:11,104 [Listener at 127.0.0.1/40005] INFO  server.RaftServerConfigKeys (ConfUtils.java:logGet(44)) - raft.server.storage.dir = [/github/workspace/mnt/ozone/hadoop-ozone/integration-test/target/test-dir/MiniOzoneClusterImpl-5543d78b-3109-4325-8e4d-d24bfba87b26/datanode-4/data/ratis] (custom)
2021-03-17 02:10:11,109 [Listener at 127.0.0.1/40005] INFO  http.BaseHttpServer (BaseHttpServer.java:newHttpServer2BuilderForOzone(207)) - Starting Web-server for hddsDatanode at: http://0.0.0.0:0
2021-03-17 02:10:11,109 [Listener at 127.0.0.1/40005] INFO  http.BaseHttpServer (BaseHttpServer.java:<init>(106)) - Hadoop Security Enabled: false Ozone Security Enabled: false Ozone HTTP Security Enabled: false 
2021-03-17 02:10:11,110 [Listener at 127.0.0.1/40005] INFO  server.AuthenticationFilter (AuthenticationFilter.java:constructSecretProvider(240)) - Unable to initialize FileSignerSecretProvider, falling back to use random secrets.
2021-03-17 02:10:11,110 [Listener at 127.0.0.1/40005] WARN  http.HttpRequestLog (HttpRequestLog.java:getRequestLog(103)) - Jetty request log can only be enabled using Log4j
2021-03-17 02:10:11,111 [Listener at 127.0.0.1/40005] INFO  http.HttpServer2 (HttpServer2.java:addGlobalFilter(1020)) - Added global filter 'safety' (class=org.apache.hadoop.hdds.server.http.HttpServer2$QuotingInputFilter)
2021-03-17 02:10:11,111 [Listener at 127.0.0.1/40005] INFO  http.HttpServer2 (HttpServer2.java:addFilter(996)) - Added filter static_user_filter (class=org.apache.hadoop.http.lib.StaticUserWebFilter$StaticUserFilter) to context hddsDatanode
2021-03-17 02:10:11,112 [Listener at 127.0.0.1/40005] INFO  http.HttpServer2 (HttpServer2.java:addFilter(1004)) - Added filter static_user_filter (class=org.apache.hadoop.http.lib.StaticUserWebFilter$StaticUserFilter) to context static
2021-03-17 02:10:11,112 [Listener at 127.0.0.1/40005] INFO  http.HttpServer2 (HttpServer2.java:addFilter(1004)) - Added filter static_user_filter (class=org.apache.hadoop.http.lib.StaticUserWebFilter$StaticUserFilter) to context logs
2021-03-17 02:10:11,112 [Listener at 127.0.0.1/40005] INFO  http.HttpServer2 (HttpServer2.java:bindListener(1238)) - Jetty bound to port 42347
2021-03-17 02:10:11,112 [Listener at 127.0.0.1/40005] INFO  server.Server (Server.java:doStart(375)) - jetty-9.4.35.v20201120; built: 2020-11-20T21:17:03.964Z; git: bdc54f03a5e0a7e280fab27f55c3c75ee8da89fb; jvm 1.8.0_232-b09
2021-03-17 02:10:11,113 [Listener at 127.0.0.1/40005] INFO  server.session (DefaultSessionIdManager.java:doStart(334)) - DefaultSessionIdManager workerName=node0
2021-03-17 02:10:11,114 [Listener at 127.0.0.1/40005] INFO  server.session (DefaultSessionIdManager.java:doStart(339)) - No SessionScavenger set, using defaults
2021-03-17 02:10:11,114 [Listener at 127.0.0.1/40005] INFO  server.session (HouseKeeper.java:startScavenging(132)) - node0 Scavenging every 660000ms
2021-03-17 02:10:11,115 [Listener at 127.0.0.1/40005] INFO  handler.ContextHandler (ContextHandler.java:doStart(916)) - Started o.e.j.s.ServletContextHandler@4893041{logs,/logs,file:///github/workspace/mnt/ozone/hadoop-ozone/integration-test/target/log,AVAILABLE}
2021-03-17 02:10:11,115 [Listener at 127.0.0.1/40005] INFO  handler.ContextHandler (ContextHandler.java:doStart(916)) - Started o.e.j.s.ServletContextHandler@2356f652{static,/static,jar:file:/home/user/.m2/repository/org/apache/hadoop/hadoop-hdds-container-service/1.1.0-SNAPSHOT/hadoop-hdds-container-service-1.1.0-SNAPSHOT.jar!/webapps/static,AVAILABLE}
2021-03-17 02:10:11,240 [Thread-697] INFO  impl.FollowerState (FollowerState.java:run(133)) - om1@group-C5BA1605619E-FollowerState: change to CANDIDATE, lastRpcElapsedTime:1062185582ns, electionTimeout:1061ms
2021-03-17 02:10:11,240 [Thread-697] INFO  impl.RoleInfo (RoleInfo.java:shutdownFollowerState(108)) - om1: shutdown om1@group-C5BA1605619E-FollowerState
2021-03-17 02:10:11,240 [Thread-697] INFO  server.RaftServer$Division (RaftServerImpl.java:setRole(284)) - om1@group-C5BA1605619E: changes role from  FOLLOWER to CANDIDATE at term 0 for changeToCandidate
2021-03-17 02:10:11,240 [Thread-697] INFO  server.RaftServerConfigKeys (ConfUtils.java:logGet(44)) - raft.server.leaderelection.pre-vote = false (custom)
2021-03-17 02:10:11,240 [Thread-697] INFO  impl.RoleInfo (RoleInfo.java:updateAndGet(130)) - om1: start om1@group-C5BA1605619E-LeaderElection29
2021-03-17 02:10:11,254 [om1@group-C5BA1605619E-LeaderElection29] INFO  impl.LeaderElection (LeaderElection.java:askForVotes(307)) - om1@group-C5BA1605619E-LeaderElection29 ELECTION round 0: submit vote requests at term 1 for -1: [om1|rpc:localhost:9872|priority:0], old=null
2021-03-17 02:10:11,254 [om1@group-C5BA1605619E-LeaderElection29] INFO  impl.LeaderElection (LeaderElection.java:askForVotes(309)) - om1@group-C5BA1605619E-LeaderElection29 ELECTION round 0: result PASSED (term=1)
2021-03-17 02:10:11,254 [om1@group-C5BA1605619E-LeaderElection29] INFO  impl.RoleInfo (RoleInfo.java:shutdownLeaderElection(121)) - om1: shutdown om1@group-C5BA1605619E-LeaderElection29
2021-03-17 02:10:11,254 [om1@group-C5BA1605619E-LeaderElection29] INFO  server.RaftServer$Division (RaftServerImpl.java:setRole(284)) - om1@group-C5BA1605619E: changes role from CANDIDATE to LEADER at term 1 for changeToLeader
2021-03-17 02:10:11,254 [om1@group-C5BA1605619E-LeaderElection29] INFO  server.RaftServer$Division (ServerState.java:setLeader(271)) - om1@group-C5BA1605619E: change Leader from null to om1 at term 1 for becomeLeader, leader elected after 1088ms
2021-03-17 02:10:11,254 [om1@group-C5BA1605619E-LeaderElection29] INFO  server.RaftServerConfigKeys (ConfUtils.java:logGet(44)) - raft.server.staging.catchup.gap = 1000 (default)
2021-03-17 02:10:11,254 [om1@group-C5BA1605619E-LeaderElection29] INFO  metrics.RatisMetrics (RatisMetrics.java:lambda$create$0(36)) - Creating Metrics Registry : ratis.log_appender.om1@group-C5BA1605619E
2021-03-17 02:10:11,255 [om1@group-C5BA1605619E-LeaderElection29] INFO  server.RaftServerConfigKeys (ConfUtils.java:logGet(44)) - raft.server.write.element-limit = 4096 (default)
2021-03-17 02:10:11,255 [om1@group-C5BA1605619E-LeaderElection29] INFO  server.RaftServerConfigKeys (ConfUtils.java:logGet(44)) - raft.server.write.byte-limit = 64MB (=67108864) (default)
2021-03-17 02:10:11,255 [om1@group-C5BA1605619E-LeaderElection29] INFO  server.RaftServerConfigKeys (ConfUtils.java:logGet(44)) - raft.server.watch.timeout = 10s (default)
2021-03-17 02:10:11,255 [om1@group-C5BA1605619E-LeaderElection29] INFO  server.RaftServerConfigKeys (ConfUtils.java:logGet(44)) - raft.server.watch.timeout.denomination = 1s (default)
2021-03-17 02:10:11,255 [om1@group-C5BA1605619E-LeaderElection29] INFO  server.RaftServerConfigKeys (ConfUtils.java:logGet(44)) - raft.server.watch.element-limit = 65536 (default)
2021-03-17 02:10:11,255 [om1@group-C5BA1605619E-LeaderElection29] INFO  impl.RoleInfo (RoleInfo.java:updateAndGet(130)) - om1: start om1@group-C5BA1605619E-LeaderStateImpl
2021-03-17 02:10:11,255 [om1@group-C5BA1605619E-LeaderElection29] INFO  segmented.SegmentedRaftLogWorker (SegmentedRaftLogWorker.java:startLogSegment(392)) - om1@group-C5BA1605619E-SegmentedRaftLogWorker: Starting segment from index:0
2021-03-17 02:10:11,261 [om1@group-C5BA1605619E-LeaderElection29] INFO  server.RaftServer$Division (ServerState.java:setRaftConf(373)) - om1@group-C5BA1605619E: set configuration 0: [om1|rpc:localhost:9872|admin:|client:|dataStream:|priority:0], old=null
2021-03-17 02:10:11,271 [Listener at 127.0.0.1/40005] INFO  handler.ContextHandler (ContextHandler.java:doStart(916)) - Started o.e.j.w.WebAppContext@2430835d{hddsDatanode,/,file:///tmp/jetty-0_0_0_0-42347-hadoop-hdds-container-service-1_1_0-SNAPSHOT_jar-_-any-7745167834866938775/webapp/,AVAILABLE}{jar:file:/home/user/.m2/repository/org/apache/hadoop/hadoop-hdds-container-service/1.1.0-SNAPSHOT/hadoop-hdds-container-service-1.1.0-SNAPSHOT.jar!/webapps/hddsDatanode}
2021-03-17 02:10:11,272 [Listener at 127.0.0.1/40005] INFO  server.AbstractConnector (AbstractConnector.java:doStart(331)) - Started ServerConnector@6ce5b1d{HTTP/1.1, (http/1.1)}{0.0.0.0:42347}
2021-03-17 02:10:11,272 [Listener at 127.0.0.1/40005] INFO  server.Server (Server.java:doStart(415)) - Started @74432ms
2021-03-17 02:10:11,272 [Listener at 127.0.0.1/40005] WARN  impl.MetricsSystemImpl (MetricsSystemImpl.java:register(279)) - Sink prometheus already exists!
2021-03-17 02:10:11,275 [Listener at 127.0.0.1/40005] INFO  http.BaseHttpServer (BaseHttpServer.java:updateConnectorAddress(327)) - HTTP server of hddsDatanode listening at http://0.0.0.0:42347
2021-03-17 02:10:11,279 [Listener at 127.0.0.1/40005] INFO  impl.MetricsSystemImpl (MetricsSystemImpl.java:init(158)) - HddsDatanode metrics system started (again)
2021-03-17 02:10:11,282 [org.apache.hadoop.util.JvmPauseMonitor$Monitor@507921be] INFO  util.JvmPauseMonitor (JvmPauseMonitor.java:run(188)) - Starting JVM pause monitor
2021-03-17 02:10:11,283 [Listener at 127.0.0.1/40005] INFO  ozone.HddsDatanodeService (HddsDatanodeService.java:start(217)) - HddsDatanodeService host:70ca58e12b9b ip:172.17.0.2
2021-03-17 02:10:11,284 [om1@group-C5BA1605619E-SegmentedRaftLogWorker] INFO  segmented.SegmentedRaftLogWorker (SegmentedRaftLogWorker.java:execute(599)) - om1@group-C5BA1605619E-SegmentedRaftLogWorker: created new log segment /github/workspace/mnt/ozone/hadoop-ozone/integration-test/target/test-dir/MiniOzoneClusterImpl-5543d78b-3109-4325-8e4d-d24bfba87b26/ozone-meta/ratis/bf265839-605b-3f16-9796-c5ba1605619e/current/log_inprogress_0
2021-03-17 02:10:11,285 [Listener at 127.0.0.1/40005] INFO  volume.HddsVolume (HddsVolume.java:<init>(176)) - Creating Volume: /github/workspace/mnt/ozone/hadoop-ozone/integration-test/target/test-dir/MiniOzoneClusterImpl-5543d78b-3109-4325-8e4d-d24bfba87b26/datanode-5/data-0/containers/hdds of storage type : DISK and capacity : 9223372036854775807
2021-03-17 02:10:11,285 [Listener at 127.0.0.1/40005] INFO  volume.MutableVolumeSet (MutableVolumeSet.java:initializeVolumeSet(179)) - Added Volume : /github/workspace/mnt/ozone/hadoop-ozone/integration-test/target/test-dir/MiniOzoneClusterImpl-5543d78b-3109-4325-8e4d-d24bfba87b26/datanode-5/data-0/containers/hdds to VolumeSet
2021-03-17 02:10:11,285 [Listener at 127.0.0.1/40005] INFO  volume.ThrottledAsyncChecker (ThrottledAsyncChecker.java:schedule(141)) - Scheduling a check for /github/workspace/mnt/ozone/hadoop-ozone/integration-test/target/test-dir/MiniOzoneClusterImpl-5543d78b-3109-4325-8e4d-d24bfba87b26/datanode-5/data-0/containers/hdds
2021-03-17 02:10:11,289 [Listener at 127.0.0.1/40005] INFO  volume.HddsVolumeChecker (HddsVolumeChecker.java:checkAllVolumes(200)) - Scheduled health check for volume /github/workspace/mnt/ozone/hadoop-ozone/integration-test/target/test-dir/MiniOzoneClusterImpl-5543d78b-3109-4325-8e4d-d24bfba87b26/datanode-5/data-0/containers/hdds
2021-03-17 02:10:11,289 [Datanode State Machine Task Thread - 0] INFO  datanode.InitDatanodeState (InitDatanodeState.java:persistContainerDatanodeDetails(145)) - DatanodeDetails is persisted to /github/workspace/mnt/ozone/hadoop-ozone/integration-test/target/test-dir/MiniOzoneClusterImpl-5543d78b-3109-4325-8e4d-d24bfba87b26/datanode-4/meta/datanode.id
2021-03-17 02:10:11,301 [Thread-787] INFO  ozoneimpl.ContainerReader (ContainerReader.java:readVolume(125)) - Start to verify containers on volume /github/workspace/mnt/ozone/hadoop-ozone/integration-test/target/test-dir/MiniOzoneClusterImpl-5543d78b-3109-4325-8e4d-d24bfba87b26/datanode-5/data-0/containers/hdds
2021-03-17 02:10:11,301 [Thread-787] INFO  ozoneimpl.ContainerReader (ContainerReader.java:readVolume(150)) - Finish verifying containers on volume /github/workspace/mnt/ozone/hadoop-ozone/integration-test/target/test-dir/MiniOzoneClusterImpl-5543d78b-3109-4325-8e4d-d24bfba87b26/datanode-5/data-0/containers/hdds
2021-03-17 02:10:11,301 [Listener at 127.0.0.1/40005] INFO  ozoneimpl.OzoneContainer (OzoneContainer.java:buildContainerSet(206)) - Build ContainerSet costs 0s
2021-03-17 02:10:11,303 [Listener at 127.0.0.1/40005] INFO  server.RaftServer (ConfUtils.java:logGet(44)) - raft.rpc.type = GRPC (default)
2021-03-17 02:10:11,303 [Listener at 127.0.0.1/40005] INFO  grpc.GrpcFactory (GrpcFactory.java:checkPooledByteBufAllocatorUseCacheForAllThreads(48)) - PERFORMANCE WARNING: useCacheForAllThreads is true that may cause Netty to create a lot garbage objects and, as a result, trigger GC.
	It is recommended to disable useCacheForAllThreads by setting -Dorg.apache.ratis.thirdparty.io.netty.allocator.useCacheForAllThreads=false in command line.
2021-03-17 02:10:11,303 [Listener at 127.0.0.1/40005] INFO  grpc.GrpcConfigKeys (ConfUtils.java:logGet(44)) - raft.grpc.admin.port = 0 (custom)
2021-03-17 02:10:11,303 [Listener at 127.0.0.1/40005] INFO  grpc.GrpcConfigKeys (ConfUtils.java:logGet(44)) - raft.grpc.client.port = 0 (custom)
2021-03-17 02:10:11,303 [Listener at 127.0.0.1/40005] INFO  grpc.GrpcConfigKeys (ConfUtils.java:logGet(44)) - raft.grpc.server.port = 0 (default)
2021-03-17 02:10:11,303 [Listener at 127.0.0.1/40005] INFO  server.GrpcService (ConfUtils.java:logGet(44)) - raft.grpc.message.size.max = 32MB (=33554432) (custom)
2021-03-17 02:10:11,303 [Listener at 127.0.0.1/40005] INFO  server.RaftServerConfigKeys (ConfUtils.java:logGet(44)) - raft.server.log.appender.buffer.byte-limit = 33554432 (custom)
2021-03-17 02:10:11,304 [Listener at 127.0.0.1/40005] INFO  server.GrpcService (ConfUtils.java:logGet(44)) - raft.grpc.flow.control.window = 5MB (=5242880) (custom)
2021-03-17 02:10:11,304 [Listener at 127.0.0.1/40005] INFO  server.RaftServerConfigKeys (ConfUtils.java:logGet(44)) - raft.server.rpc.request.timeout = 3000ms (default)
2021-03-17 02:10:11,304 [Listener at 127.0.0.1/40005] INFO  impl.DataStreamServerImpl (ConfUtils.java:logGet(44)) - raft.datastream.type = DISABLED (default)
2021-03-17 02:10:11,305 [Listener at 127.0.0.1/40005] INFO  server.RaftServerConfigKeys (ConfUtils.java:logGet(44)) - raft.server.rpc.slowness.timeout = 300000ms (custom)
2021-03-17 02:10:11,305 [Listener at 127.0.0.1/40005] INFO  server.RaftServerConfigKeys (ConfUtils.java:logGet(44)) - raft.server.leaderelection.leader.step-down.wait-time = 10s (default)
2021-03-17 02:10:11,305 [Listener at 127.0.0.1/40005] INFO  server.RaftServerConfigKeys (ConfUtils.java:logGet(44)) - raft.server.storage.dir = [/github/workspace/mnt/ozone/hadoop-ozone/integration-test/target/test-dir/MiniOzoneClusterImpl-5543d78b-3109-4325-8e4d-d24bfba87b26/datanode-5/data/ratis] (custom)
2021-03-17 02:10:11,310 [Listener at 127.0.0.1/40005] INFO  http.BaseHttpServer (BaseHttpServer.java:newHttpServer2BuilderForOzone(207)) - Starting Web-server for hddsDatanode at: http://0.0.0.0:0
2021-03-17 02:10:11,310 [Listener at 127.0.0.1/40005] INFO  http.BaseHttpServer (BaseHttpServer.java:<init>(106)) - Hadoop Security Enabled: false Ozone Security Enabled: false Ozone HTTP Security Enabled: false 
2021-03-17 02:10:11,311 [Listener at 127.0.0.1/40005] INFO  server.AuthenticationFilter (AuthenticationFilter.java:constructSecretProvider(240)) - Unable to initialize FileSignerSecretProvider, falling back to use random secrets.
2021-03-17 02:10:11,311 [Listener at 127.0.0.1/40005] WARN  http.HttpRequestLog (HttpRequestLog.java:getRequestLog(103)) - Jetty request log can only be enabled using Log4j
2021-03-17 02:10:11,312 [Listener at 127.0.0.1/40005] INFO  http.HttpServer2 (HttpServer2.java:addGlobalFilter(1020)) - Added global filter 'safety' (class=org.apache.hadoop.hdds.server.http.HttpServer2$QuotingInputFilter)
2021-03-17 02:10:11,313 [Listener at 127.0.0.1/40005] INFO  http.HttpServer2 (HttpServer2.java:addFilter(996)) - Added filter static_user_filter (class=org.apache.hadoop.http.lib.StaticUserWebFilter$StaticUserFilter) to context hddsDatanode
2021-03-17 02:10:11,313 [Listener at 127.0.0.1/40005] INFO  http.HttpServer2 (HttpServer2.java:addFilter(1004)) - Added filter static_user_filter (class=org.apache.hadoop.http.lib.StaticUserWebFilter$StaticUserFilter) to context logs
2021-03-17 02:10:11,313 [Listener at 127.0.0.1/40005] INFO  http.HttpServer2 (HttpServer2.java:addFilter(1004)) - Added filter static_user_filter (class=org.apache.hadoop.http.lib.StaticUserWebFilter$StaticUserFilter) to context static
2021-03-17 02:10:11,313 [Listener at 127.0.0.1/40005] INFO  http.HttpServer2 (HttpServer2.java:bindListener(1238)) - Jetty bound to port 33311
2021-03-17 02:10:11,313 [Listener at 127.0.0.1/40005] INFO  server.Server (Server.java:doStart(375)) - jetty-9.4.35.v20201120; built: 2020-11-20T21:17:03.964Z; git: bdc54f03a5e0a7e280fab27f55c3c75ee8da89fb; jvm 1.8.0_232-b09
2021-03-17 02:10:11,314 [Listener at 127.0.0.1/40005] INFO  server.session (DefaultSessionIdManager.java:doStart(334)) - DefaultSessionIdManager workerName=node0
2021-03-17 02:10:11,314 [Listener at 127.0.0.1/40005] INFO  server.session (DefaultSessionIdManager.java:doStart(339)) - No SessionScavenger set, using defaults
2021-03-17 02:10:11,315 [Listener at 127.0.0.1/40005] INFO  server.session (HouseKeeper.java:startScavenging(132)) - node0 Scavenging every 660000ms
2021-03-17 02:10:11,315 [Listener at 127.0.0.1/40005] INFO  handler.ContextHandler (ContextHandler.java:doStart(916)) - Started o.e.j.s.ServletContextHandler@3ad93929{logs,/logs,file:///github/workspace/mnt/ozone/hadoop-ozone/integration-test/target/log,AVAILABLE}
2021-03-17 02:10:11,315 [Listener at 127.0.0.1/40005] INFO  handler.ContextHandler (ContextHandler.java:doStart(916)) - Started o.e.j.s.ServletContextHandler@29c5de8e{static,/static,jar:file:/home/user/.m2/repository/org/apache/hadoop/hadoop-hdds-container-service/1.1.0-SNAPSHOT/hadoop-hdds-container-service-1.1.0-SNAPSHOT.jar!/webapps/static,AVAILABLE}
2021-03-17 02:10:11,450 [Listener at 127.0.0.1/40005] INFO  handler.ContextHandler (ContextHandler.java:doStart(916)) - Started o.e.j.w.WebAppContext@275bd33e{hddsDatanode,/,file:///tmp/jetty-0_0_0_0-33311-hadoop-hdds-container-service-1_1_0-SNAPSHOT_jar-_-any-6390213392164775693/webapp/,AVAILABLE}{jar:file:/home/user/.m2/repository/org/apache/hadoop/hadoop-hdds-container-service/1.1.0-SNAPSHOT/hadoop-hdds-container-service-1.1.0-SNAPSHOT.jar!/webapps/hddsDatanode}
2021-03-17 02:10:11,451 [Listener at 127.0.0.1/40005] INFO  server.AbstractConnector (AbstractConnector.java:doStart(331)) - Started ServerConnector@30efec88{HTTP/1.1, (http/1.1)}{0.0.0.0:33311}
2021-03-17 02:10:11,451 [Listener at 127.0.0.1/40005] INFO  server.Server (Server.java:doStart(415)) - Started @74611ms
2021-03-17 02:10:11,451 [Listener at 127.0.0.1/40005] WARN  impl.MetricsSystemImpl (MetricsSystemImpl.java:register(279)) - Sink prometheus already exists!
2021-03-17 02:10:11,454 [Listener at 127.0.0.1/40005] INFO  http.BaseHttpServer (BaseHttpServer.java:updateConnectorAddress(327)) - HTTP server of hddsDatanode listening at http://0.0.0.0:33311
2021-03-17 02:10:11,459 [Listener at 127.0.0.1/40005] INFO  impl.MetricsSystemImpl (MetricsSystemImpl.java:init(158)) - HddsDatanode metrics system started (again)
2021-03-17 02:10:11,460 [org.apache.hadoop.util.JvmPauseMonitor$Monitor@7c32f984] INFO  util.JvmPauseMonitor (JvmPauseMonitor.java:run(188)) - Starting JVM pause monitor
2021-03-17 02:10:11,461 [Listener at 127.0.0.1/40005] INFO  ozone.HddsDatanodeService (HddsDatanodeService.java:start(217)) - HddsDatanodeService host:70ca58e12b9b ip:172.17.0.2
2021-03-17 02:10:11,461 [Datanode State Machine Task Thread - 0] INFO  datanode.InitDatanodeState (InitDatanodeState.java:persistContainerDatanodeDetails(145)) - DatanodeDetails is persisted to /github/workspace/mnt/ozone/hadoop-ozone/integration-test/target/test-dir/MiniOzoneClusterImpl-5543d78b-3109-4325-8e4d-d24bfba87b26/datanode-5/meta/datanode.id
2021-03-17 02:10:11,462 [Listener at 127.0.0.1/40005] INFO  volume.HddsVolume (HddsVolume.java:<init>(176)) - Creating Volume: /github/workspace/mnt/ozone/hadoop-ozone/integration-test/target/test-dir/MiniOzoneClusterImpl-5543d78b-3109-4325-8e4d-d24bfba87b26/datanode-6/data-0/containers/hdds of storage type : DISK and capacity : 9223372036854775807
2021-03-17 02:10:11,462 [Listener at 127.0.0.1/40005] INFO  volume.MutableVolumeSet (MutableVolumeSet.java:initializeVolumeSet(179)) - Added Volume : /github/workspace/mnt/ozone/hadoop-ozone/integration-test/target/test-dir/MiniOzoneClusterImpl-5543d78b-3109-4325-8e4d-d24bfba87b26/datanode-6/data-0/containers/hdds to VolumeSet
2021-03-17 02:10:11,462 [Listener at 127.0.0.1/40005] INFO  volume.ThrottledAsyncChecker (ThrottledAsyncChecker.java:schedule(141)) - Scheduling a check for /github/workspace/mnt/ozone/hadoop-ozone/integration-test/target/test-dir/MiniOzoneClusterImpl-5543d78b-3109-4325-8e4d-d24bfba87b26/datanode-6/data-0/containers/hdds
2021-03-17 02:10:11,463 [Listener at 127.0.0.1/40005] INFO  volume.HddsVolumeChecker (HddsVolumeChecker.java:checkAllVolumes(200)) - Scheduled health check for volume /github/workspace/mnt/ozone/hadoop-ozone/integration-test/target/test-dir/MiniOzoneClusterImpl-5543d78b-3109-4325-8e4d-d24bfba87b26/datanode-6/data-0/containers/hdds
2021-03-17 02:10:11,475 [Thread-798] INFO  ozoneimpl.ContainerReader (ContainerReader.java:readVolume(125)) - Start to verify containers on volume /github/workspace/mnt/ozone/hadoop-ozone/integration-test/target/test-dir/MiniOzoneClusterImpl-5543d78b-3109-4325-8e4d-d24bfba87b26/datanode-6/data-0/containers/hdds
2021-03-17 02:10:11,475 [Thread-798] INFO  ozoneimpl.ContainerReader (ContainerReader.java:readVolume(150)) - Finish verifying containers on volume /github/workspace/mnt/ozone/hadoop-ozone/integration-test/target/test-dir/MiniOzoneClusterImpl-5543d78b-3109-4325-8e4d-d24bfba87b26/datanode-6/data-0/containers/hdds
2021-03-17 02:10:11,475 [Listener at 127.0.0.1/40005] INFO  ozoneimpl.OzoneContainer (OzoneContainer.java:buildContainerSet(206)) - Build ContainerSet costs 0s
2021-03-17 02:10:11,477 [Listener at 127.0.0.1/40005] INFO  server.RaftServer (ConfUtils.java:logGet(44)) - raft.rpc.type = GRPC (default)
2021-03-17 02:10:11,477 [Listener at 127.0.0.1/40005] INFO  grpc.GrpcFactory (GrpcFactory.java:checkPooledByteBufAllocatorUseCacheForAllThreads(48)) - PERFORMANCE WARNING: useCacheForAllThreads is true that may cause Netty to create a lot garbage objects and, as a result, trigger GC.
	It is recommended to disable useCacheForAllThreads by setting -Dorg.apache.ratis.thirdparty.io.netty.allocator.useCacheForAllThreads=false in command line.
2021-03-17 02:10:11,477 [Listener at 127.0.0.1/40005] INFO  grpc.GrpcConfigKeys (ConfUtils.java:logGet(44)) - raft.grpc.admin.port = 0 (custom)
2021-03-17 02:10:11,477 [Listener at 127.0.0.1/40005] INFO  grpc.GrpcConfigKeys (ConfUtils.java:logGet(44)) - raft.grpc.client.port = 0 (custom)
2021-03-17 02:10:11,477 [Listener at 127.0.0.1/40005] INFO  grpc.GrpcConfigKeys (ConfUtils.java:logGet(44)) - raft.grpc.server.port = 0 (default)
2021-03-17 02:10:11,477 [Listener at 127.0.0.1/40005] INFO  server.GrpcService (ConfUtils.java:logGet(44)) - raft.grpc.message.size.max = 32MB (=33554432) (custom)
2021-03-17 02:10:11,477 [Listener at 127.0.0.1/40005] INFO  server.RaftServerConfigKeys (ConfUtils.java:logGet(44)) - raft.server.log.appender.buffer.byte-limit = 33554432 (custom)
2021-03-17 02:10:11,478 [Listener at 127.0.0.1/40005] INFO  server.GrpcService (ConfUtils.java:logGet(44)) - raft.grpc.flow.control.window = 5MB (=5242880) (custom)
2021-03-17 02:10:11,478 [Listener at 127.0.0.1/40005] INFO  server.RaftServerConfigKeys (ConfUtils.java:logGet(44)) - raft.server.rpc.request.timeout = 3000ms (default)
2021-03-17 02:10:11,478 [Listener at 127.0.0.1/40005] INFO  impl.DataStreamServerImpl (ConfUtils.java:logGet(44)) - raft.datastream.type = DISABLED (default)
2021-03-17 02:10:11,479 [Listener at 127.0.0.1/40005] INFO  server.RaftServerConfigKeys (ConfUtils.java:logGet(44)) - raft.server.rpc.slowness.timeout = 300000ms (custom)
2021-03-17 02:10:11,479 [Listener at 127.0.0.1/40005] INFO  server.RaftServerConfigKeys (ConfUtils.java:logGet(44)) - raft.server.leaderelection.leader.step-down.wait-time = 10s (default)
2021-03-17 02:10:11,479 [Listener at 127.0.0.1/40005] INFO  server.RaftServerConfigKeys (ConfUtils.java:logGet(44)) - raft.server.storage.dir = [/github/workspace/mnt/ozone/hadoop-ozone/integration-test/target/test-dir/MiniOzoneClusterImpl-5543d78b-3109-4325-8e4d-d24bfba87b26/datanode-6/data/ratis] (custom)
2021-03-17 02:10:11,483 [Listener at 127.0.0.1/40005] INFO  http.BaseHttpServer (BaseHttpServer.java:newHttpServer2BuilderForOzone(207)) - Starting Web-server for hddsDatanode at: http://0.0.0.0:0
2021-03-17 02:10:11,483 [Listener at 127.0.0.1/40005] INFO  http.BaseHttpServer (BaseHttpServer.java:<init>(106)) - Hadoop Security Enabled: false Ozone Security Enabled: false Ozone HTTP Security Enabled: false 
2021-03-17 02:10:11,484 [Listener at 127.0.0.1/40005] INFO  server.AuthenticationFilter (AuthenticationFilter.java:constructSecretProvider(240)) - Unable to initialize FileSignerSecretProvider, falling back to use random secrets.
2021-03-17 02:10:11,486 [Listener at 127.0.0.1/40005] WARN  http.HttpRequestLog (HttpRequestLog.java:getRequestLog(103)) - Jetty request log can only be enabled using Log4j
2021-03-17 02:10:11,487 [Listener at 127.0.0.1/40005] INFO  http.HttpServer2 (HttpServer2.java:addGlobalFilter(1020)) - Added global filter 'safety' (class=org.apache.hadoop.hdds.server.http.HttpServer2$QuotingInputFilter)
2021-03-17 02:10:11,487 [Listener at 127.0.0.1/40005] INFO  http.HttpServer2 (HttpServer2.java:addFilter(996)) - Added filter static_user_filter (class=org.apache.hadoop.http.lib.StaticUserWebFilter$StaticUserFilter) to context hddsDatanode
2021-03-17 02:10:11,487 [Listener at 127.0.0.1/40005] INFO  http.HttpServer2 (HttpServer2.java:addFilter(1004)) - Added filter static_user_filter (class=org.apache.hadoop.http.lib.StaticUserWebFilter$StaticUserFilter) to context logs
2021-03-17 02:10:11,487 [Listener at 127.0.0.1/40005] INFO  http.HttpServer2 (HttpServer2.java:addFilter(1004)) - Added filter static_user_filter (class=org.apache.hadoop.http.lib.StaticUserWebFilter$StaticUserFilter) to context static
2021-03-17 02:10:11,488 [Listener at 127.0.0.1/40005] INFO  http.HttpServer2 (HttpServer2.java:bindListener(1238)) - Jetty bound to port 43135
2021-03-17 02:10:11,488 [Listener at 127.0.0.1/40005] INFO  server.Server (Server.java:doStart(375)) - jetty-9.4.35.v20201120; built: 2020-11-20T21:17:03.964Z; git: bdc54f03a5e0a7e280fab27f55c3c75ee8da89fb; jvm 1.8.0_232-b09
2021-03-17 02:10:11,494 [Listener at 127.0.0.1/40005] INFO  server.session (DefaultSessionIdManager.java:doStart(334)) - DefaultSessionIdManager workerName=node0
2021-03-17 02:10:11,494 [Listener at 127.0.0.1/40005] INFO  server.session (DefaultSessionIdManager.java:doStart(339)) - No SessionScavenger set, using defaults
2021-03-17 02:10:11,494 [Listener at 127.0.0.1/40005] INFO  server.session (HouseKeeper.java:startScavenging(132)) - node0 Scavenging every 660000ms
2021-03-17 02:10:11,495 [Listener at 127.0.0.1/40005] INFO  handler.ContextHandler (ContextHandler.java:doStart(916)) - Started o.e.j.s.ServletContextHandler@24b578f5{logs,/logs,file:///github/workspace/mnt/ozone/hadoop-ozone/integration-test/target/log,AVAILABLE}
2021-03-17 02:10:11,495 [Listener at 127.0.0.1/40005] INFO  handler.ContextHandler (ContextHandler.java:doStart(916)) - Started o.e.j.s.ServletContextHandler@2b47a73f{static,/static,jar:file:/home/user/.m2/repository/org/apache/hadoop/hadoop-hdds-container-service/1.1.0-SNAPSHOT/hadoop-hdds-container-service-1.1.0-SNAPSHOT.jar!/webapps/static,AVAILABLE}
2021-03-17 02:10:11,633 [Listener at 127.0.0.1/40005] INFO  handler.ContextHandler (ContextHandler.java:doStart(916)) - Started o.e.j.w.WebAppContext@2dc014b5{hddsDatanode,/,file:///tmp/jetty-0_0_0_0-43135-hadoop-hdds-container-service-1_1_0-SNAPSHOT_jar-_-any-3467114584099263259/webapp/,AVAILABLE}{jar:file:/home/user/.m2/repository/org/apache/hadoop/hadoop-hdds-container-service/1.1.0-SNAPSHOT/hadoop-hdds-container-service-1.1.0-SNAPSHOT.jar!/webapps/hddsDatanode}
2021-03-17 02:10:11,635 [Listener at 127.0.0.1/40005] INFO  server.AbstractConnector (AbstractConnector.java:doStart(331)) - Started ServerConnector@690af7ba{HTTP/1.1, (http/1.1)}{0.0.0.0:43135}
2021-03-17 02:10:11,635 [Listener at 127.0.0.1/40005] INFO  server.Server (Server.java:doStart(415)) - Started @74795ms
2021-03-17 02:10:11,635 [Listener at 127.0.0.1/40005] WARN  impl.MetricsSystemImpl (MetricsSystemImpl.java:register(279)) - Sink prometheus already exists!
2021-03-17 02:10:11,638 [Listener at 127.0.0.1/40005] INFO  http.BaseHttpServer (BaseHttpServer.java:updateConnectorAddress(327)) - HTTP server of hddsDatanode listening at http://0.0.0.0:43135
2021-03-17 02:10:11,639 [Listener at 127.0.0.1/40005] INFO  ozone.MiniOzoneClusterImpl (MiniOzoneClusterImpl.java:lambda$waitForClusterToBeReady$0(187)) - Waiting for nodes to be ready. Got 0 of 7 DN Heartbeats.
2021-03-17 02:10:11,640 [Listener at 127.0.0.1/40005] INFO  ozone.MiniOzoneClusterImpl (MiniOzoneClusterImpl.java:lambda$waitForClusterToBeReady$0(190)) - Waiting for cluster to exit safe mode
2021-03-17 02:10:11,641 [org.apache.hadoop.util.JvmPauseMonitor$Monitor@6b3bfb3b] INFO  util.JvmPauseMonitor (JvmPauseMonitor.java:run(188)) - Starting JVM pause monitor
2021-03-17 02:10:11,642 [Datanode State Machine Task Thread - 0] INFO  datanode.InitDatanodeState (InitDatanodeState.java:persistContainerDatanodeDetails(145)) - DatanodeDetails is persisted to /github/workspace/mnt/ozone/hadoop-ozone/integration-test/target/test-dir/MiniOzoneClusterImpl-5543d78b-3109-4325-8e4d-d24bfba87b26/datanode-6/meta/datanode.id
2021-03-17 02:10:12,433 [EndpointStateMachine task thread for /0.0.0.0:45335 - 0 ] INFO  ozoneimpl.OzoneContainer (OzoneContainer.java:start(255)) - Attempting to start container services.
2021-03-17 02:10:12,433 [EndpointStateMachine task thread for /0.0.0.0:45335 - 0 ] INFO  ozoneimpl.OzoneContainer (OzoneContainer.java:startContainerScrub(219)) - Background container scanner has been disabled.
2021-03-17 02:10:12,434 [EndpointStateMachine task thread for /0.0.0.0:45335 - 0 ] INFO  replication.ReplicationServer (ReplicationServer.java:start(106)) - ReplicationServer is started using port 42099
2021-03-17 02:10:12,434 [EndpointStateMachine task thread for /0.0.0.0:45335 - 0 ] INFO  ratis.XceiverServerRatis (XceiverServerRatis.java:start(486)) - Starting XceiverServerRatis c22503ba-573b-463b-9e1c-de44cfeb847d
2021-03-17 02:10:12,435 [EndpointStateMachine task thread for /0.0.0.0:45335 - 0 ] INFO  server.RaftServer (RaftServerProxy.java:lambda$start$5(374)) - c22503ba-573b-463b-9e1c-de44cfeb847d: start RPC server
2021-03-17 02:10:12,435 [EndpointStateMachine task thread for /0.0.0.0:45335 - 0 ] INFO  server.GrpcService (GrpcService.java:startImpl(253)) - c22503ba-573b-463b-9e1c-de44cfeb847d: GrpcService started, listening on 34901
2021-03-17 02:10:12,435 [EndpointStateMachine task thread for /0.0.0.0:45335 - 0 ] INFO  ratis.XceiverServerRatis (XceiverServerRatis.java:getRealPort(507)) - XceiverServerRatis c22503ba-573b-463b-9e1c-de44cfeb847d is started using port 34901 for RATIS
2021-03-17 02:10:12,435 [org.apache.ratis.util.JvmPauseMonitor$$Lambda$504/521752898@4ef78753] INFO  util.JvmPauseMonitor (JvmPauseMonitor.java:run(103)) - JvmPauseMonitor-c22503ba-573b-463b-9e1c-de44cfeb847d: Started
2021-03-17 02:10:12,435 [EndpointStateMachine task thread for /0.0.0.0:45335 - 0 ] INFO  ratis.XceiverServerRatis (XceiverServerRatis.java:getRealPort(507)) - XceiverServerRatis c22503ba-573b-463b-9e1c-de44cfeb847d is started using port 34901 for RATIS_ADMIN
2021-03-17 02:10:12,435 [EndpointStateMachine task thread for /0.0.0.0:45335 - 0 ] INFO  ratis.XceiverServerRatis (XceiverServerRatis.java:getRealPort(507)) - XceiverServerRatis c22503ba-573b-463b-9e1c-de44cfeb847d is started using port 34901 for RATIS_SERVER
2021-03-17 02:10:12,436 [EndpointStateMachine task thread for /0.0.0.0:45335 - 0 ] INFO  server.XceiverServerGrpc (XceiverServerGrpc.java:start(135)) - XceiverServerGrpc c22503ba-573b-463b-9e1c-de44cfeb847d is started using port 45037
2021-03-17 02:10:12,622 [EndpointStateMachine task thread for /0.0.0.0:45335 - 0 ] INFO  ozoneimpl.OzoneContainer (OzoneContainer.java:start(255)) - Attempting to start container services.
2021-03-17 02:10:12,622 [EndpointStateMachine task thread for /0.0.0.0:45335 - 0 ] INFO  ozoneimpl.OzoneContainer (OzoneContainer.java:startContainerScrub(219)) - Background container scanner has been disabled.
2021-03-17 02:10:12,623 [EndpointStateMachine task thread for /0.0.0.0:45335 - 0 ] INFO  replication.ReplicationServer (ReplicationServer.java:start(106)) - ReplicationServer is started using port 41363
2021-03-17 02:10:12,623 [EndpointStateMachine task thread for /0.0.0.0:45335 - 0 ] INFO  ratis.XceiverServerRatis (XceiverServerRatis.java:start(486)) - Starting XceiverServerRatis 7be7a3ee-2c60-4daa-92d5-fce366cccc9d
2021-03-17 02:10:12,625 [EndpointStateMachine task thread for /0.0.0.0:45335 - 0 ] INFO  server.RaftServer (RaftServerProxy.java:lambda$start$5(374)) - 7be7a3ee-2c60-4daa-92d5-fce366cccc9d: start RPC server
2021-03-17 02:10:12,626 [EndpointStateMachine task thread for /0.0.0.0:45335 - 0 ] INFO  server.GrpcService (GrpcService.java:startImpl(253)) - 7be7a3ee-2c60-4daa-92d5-fce366cccc9d: GrpcService started, listening on 39539
2021-03-17 02:10:12,626 [EndpointStateMachine task thread for /0.0.0.0:45335 - 0 ] INFO  ratis.XceiverServerRatis (XceiverServerRatis.java:getRealPort(507)) - XceiverServerRatis 7be7a3ee-2c60-4daa-92d5-fce366cccc9d is started using port 39539 for RATIS
2021-03-17 02:10:12,626 [EndpointStateMachine task thread for /0.0.0.0:45335 - 0 ] INFO  ratis.XceiverServerRatis (XceiverServerRatis.java:getRealPort(507)) - XceiverServerRatis 7be7a3ee-2c60-4daa-92d5-fce366cccc9d is started using port 39539 for RATIS_ADMIN
2021-03-17 02:10:12,626 [EndpointStateMachine task thread for /0.0.0.0:45335 - 0 ] INFO  ratis.XceiverServerRatis (XceiverServerRatis.java:getRealPort(507)) - XceiverServerRatis 7be7a3ee-2c60-4daa-92d5-fce366cccc9d is started using port 39539 for RATIS_SERVER
2021-03-17 02:10:12,626 [EndpointStateMachine task thread for /0.0.0.0:45335 - 0 ] INFO  server.XceiverServerGrpc (XceiverServerGrpc.java:start(135)) - XceiverServerGrpc 7be7a3ee-2c60-4daa-92d5-fce366cccc9d is started using port 33895
2021-03-17 02:10:12,627 [org.apache.ratis.util.JvmPauseMonitor$$Lambda$504/521752898@5c2996c6] INFO  util.JvmPauseMonitor (JvmPauseMonitor.java:run(103)) - JvmPauseMonitor-7be7a3ee-2c60-4daa-92d5-fce366cccc9d: Started
2021-03-17 02:10:12,640 [Listener at 127.0.0.1/40005] INFO  ozone.MiniOzoneClusterImpl (MiniOzoneClusterImpl.java:lambda$waitForClusterToBeReady$0(187)) - Waiting for nodes to be ready. Got 0 of 7 DN Heartbeats.
2021-03-17 02:10:12,640 [Listener at 127.0.0.1/40005] INFO  ozone.MiniOzoneClusterImpl (MiniOzoneClusterImpl.java:lambda$waitForClusterToBeReady$0(190)) - Waiting for cluster to exit safe mode
2021-03-17 02:10:12,827 [EndpointStateMachine task thread for /0.0.0.0:45335 - 0 ] INFO  ozoneimpl.OzoneContainer (OzoneContainer.java:start(255)) - Attempting to start container services.
2021-03-17 02:10:12,827 [EndpointStateMachine task thread for /0.0.0.0:45335 - 0 ] INFO  ozoneimpl.OzoneContainer (OzoneContainer.java:startContainerScrub(219)) - Background container scanner has been disabled.
2021-03-17 02:10:12,828 [EndpointStateMachine task thread for /0.0.0.0:45335 - 0 ] INFO  replication.ReplicationServer (ReplicationServer.java:start(106)) - ReplicationServer is started using port 33345
2021-03-17 02:10:12,828 [EndpointStateMachine task thread for /0.0.0.0:45335 - 0 ] INFO  ratis.XceiverServerRatis (XceiverServerRatis.java:start(486)) - Starting XceiverServerRatis a3b22ff5-07c5-4717-894b-669982ee3e54
2021-03-17 02:10:12,832 [EndpointStateMachine task thread for /0.0.0.0:45335 - 0 ] INFO  server.RaftServer (RaftServerProxy.java:lambda$start$5(374)) - a3b22ff5-07c5-4717-894b-669982ee3e54: start RPC server
2021-03-17 02:10:12,832 [EndpointStateMachine task thread for /0.0.0.0:45335 - 0 ] INFO  server.GrpcService (GrpcService.java:startImpl(253)) - a3b22ff5-07c5-4717-894b-669982ee3e54: GrpcService started, listening on 42689
2021-03-17 02:10:12,833 [EndpointStateMachine task thread for /0.0.0.0:45335 - 0 ] INFO  ratis.XceiverServerRatis (XceiverServerRatis.java:getRealPort(507)) - XceiverServerRatis a3b22ff5-07c5-4717-894b-669982ee3e54 is started using port 42689 for RATIS
2021-03-17 02:10:12,833 [org.apache.ratis.util.JvmPauseMonitor$$Lambda$504/521752898@1fc3dea5] INFO  util.JvmPauseMonitor (JvmPauseMonitor.java:run(103)) - JvmPauseMonitor-a3b22ff5-07c5-4717-894b-669982ee3e54: Started
2021-03-17 02:10:12,833 [EndpointStateMachine task thread for /0.0.0.0:45335 - 0 ] INFO  ratis.XceiverServerRatis (XceiverServerRatis.java:getRealPort(507)) - XceiverServerRatis a3b22ff5-07c5-4717-894b-669982ee3e54 is started using port 42689 for RATIS_ADMIN
2021-03-17 02:10:12,833 [EndpointStateMachine task thread for /0.0.0.0:45335 - 0 ] INFO  ratis.XceiverServerRatis (XceiverServerRatis.java:getRealPort(507)) - XceiverServerRatis a3b22ff5-07c5-4717-894b-669982ee3e54 is started using port 42689 for RATIS_SERVER
2021-03-17 02:10:12,833 [EndpointStateMachine task thread for /0.0.0.0:45335 - 0 ] INFO  server.XceiverServerGrpc (XceiverServerGrpc.java:start(135)) - XceiverServerGrpc a3b22ff5-07c5-4717-894b-669982ee3e54 is started using port 37481
2021-03-17 02:10:13,088 [EndpointStateMachine task thread for /0.0.0.0:45335 - 0 ] INFO  ozoneimpl.OzoneContainer (OzoneContainer.java:start(255)) - Attempting to start container services.
2021-03-17 02:10:13,088 [EndpointStateMachine task thread for /0.0.0.0:45335 - 0 ] INFO  ozoneimpl.OzoneContainer (OzoneContainer.java:startContainerScrub(219)) - Background container scanner has been disabled.
2021-03-17 02:10:13,089 [EndpointStateMachine task thread for /0.0.0.0:45335 - 0 ] INFO  replication.ReplicationServer (ReplicationServer.java:start(106)) - ReplicationServer is started using port 46347
2021-03-17 02:10:13,089 [EndpointStateMachine task thread for /0.0.0.0:45335 - 0 ] INFO  ratis.XceiverServerRatis (XceiverServerRatis.java:start(486)) - Starting XceiverServerRatis edc886fb-3392-4280-b977-eac73b957932
2021-03-17 02:10:13,089 [EndpointStateMachine task thread for /0.0.0.0:45335 - 0 ] INFO  server.RaftServer (RaftServerProxy.java:lambda$start$5(374)) - edc886fb-3392-4280-b977-eac73b957932: start RPC server
2021-03-17 02:10:13,090 [EndpointStateMachine task thread for /0.0.0.0:45335 - 0 ] INFO  server.GrpcService (GrpcService.java:startImpl(253)) - edc886fb-3392-4280-b977-eac73b957932: GrpcService started, listening on 45405
2021-03-17 02:10:13,090 [EndpointStateMachine task thread for /0.0.0.0:45335 - 0 ] INFO  ratis.XceiverServerRatis (XceiverServerRatis.java:getRealPort(507)) - XceiverServerRatis edc886fb-3392-4280-b977-eac73b957932 is started using port 45405 for RATIS
2021-03-17 02:10:13,090 [EndpointStateMachine task thread for /0.0.0.0:45335 - 0 ] INFO  ratis.XceiverServerRatis (XceiverServerRatis.java:getRealPort(507)) - XceiverServerRatis edc886fb-3392-4280-b977-eac73b957932 is started using port 45405 for RATIS_ADMIN
2021-03-17 02:10:13,090 [org.apache.ratis.util.JvmPauseMonitor$$Lambda$504/521752898@2c2d81cc] INFO  util.JvmPauseMonitor (JvmPauseMonitor.java:run(103)) - JvmPauseMonitor-edc886fb-3392-4280-b977-eac73b957932: Started
2021-03-17 02:10:13,090 [EndpointStateMachine task thread for /0.0.0.0:45335 - 0 ] INFO  ratis.XceiverServerRatis (XceiverServerRatis.java:getRealPort(507)) - XceiverServerRatis edc886fb-3392-4280-b977-eac73b957932 is started using port 45405 for RATIS_SERVER
2021-03-17 02:10:13,090 [EndpointStateMachine task thread for /0.0.0.0:45335 - 0 ] INFO  server.XceiverServerGrpc (XceiverServerGrpc.java:start(135)) - XceiverServerGrpc edc886fb-3392-4280-b977-eac73b957932 is started using port 36351
2021-03-17 02:10:13,289 [EndpointStateMachine task thread for /0.0.0.0:45335 - 0 ] INFO  ozoneimpl.OzoneContainer (OzoneContainer.java:start(255)) - Attempting to start container services.
2021-03-17 02:10:13,289 [EndpointStateMachine task thread for /0.0.0.0:45335 - 0 ] INFO  ozoneimpl.OzoneContainer (OzoneContainer.java:startContainerScrub(219)) - Background container scanner has been disabled.
2021-03-17 02:10:13,290 [EndpointStateMachine task thread for /0.0.0.0:45335 - 0 ] INFO  replication.ReplicationServer (ReplicationServer.java:start(106)) - ReplicationServer is started using port 41081
2021-03-17 02:10:13,290 [EndpointStateMachine task thread for /0.0.0.0:45335 - 0 ] INFO  ratis.XceiverServerRatis (XceiverServerRatis.java:start(486)) - Starting XceiverServerRatis 37b60bae-9d6d-40b8-9851-2e9be12703e9
2021-03-17 02:10:13,291 [EndpointStateMachine task thread for /0.0.0.0:45335 - 0 ] INFO  server.RaftServer (RaftServerProxy.java:lambda$start$5(374)) - 37b60bae-9d6d-40b8-9851-2e9be12703e9: start RPC server
2021-03-17 02:10:13,292 [EndpointStateMachine task thread for /0.0.0.0:45335 - 0 ] INFO  server.GrpcService (GrpcService.java:startImpl(253)) - 37b60bae-9d6d-40b8-9851-2e9be12703e9: GrpcService started, listening on 46279
2021-03-17 02:10:13,293 [EndpointStateMachine task thread for /0.0.0.0:45335 - 0 ] INFO  ratis.XceiverServerRatis (XceiverServerRatis.java:getRealPort(507)) - XceiverServerRatis 37b60bae-9d6d-40b8-9851-2e9be12703e9 is started using port 46279 for RATIS
2021-03-17 02:10:13,293 [org.apache.ratis.util.JvmPauseMonitor$$Lambda$504/521752898@78519896] INFO  util.JvmPauseMonitor (JvmPauseMonitor.java:run(103)) - JvmPauseMonitor-37b60bae-9d6d-40b8-9851-2e9be12703e9: Started
2021-03-17 02:10:13,293 [EndpointStateMachine task thread for /0.0.0.0:45335 - 0 ] INFO  ratis.XceiverServerRatis (XceiverServerRatis.java:getRealPort(507)) - XceiverServerRatis 37b60bae-9d6d-40b8-9851-2e9be12703e9 is started using port 46279 for RATIS_ADMIN
2021-03-17 02:10:13,293 [EndpointStateMachine task thread for /0.0.0.0:45335 - 0 ] INFO  ratis.XceiverServerRatis (XceiverServerRatis.java:getRealPort(507)) - XceiverServerRatis 37b60bae-9d6d-40b8-9851-2e9be12703e9 is started using port 46279 for RATIS_SERVER
2021-03-17 02:10:13,293 [EndpointStateMachine task thread for /0.0.0.0:45335 - 0 ] INFO  server.XceiverServerGrpc (XceiverServerGrpc.java:start(135)) - XceiverServerGrpc 37b60bae-9d6d-40b8-9851-2e9be12703e9 is started using port 42859
2021-03-17 02:10:13,463 [EndpointStateMachine task thread for /0.0.0.0:45335 - 0 ] INFO  ozoneimpl.OzoneContainer (OzoneContainer.java:start(255)) - Attempting to start container services.
2021-03-17 02:10:13,463 [EndpointStateMachine task thread for /0.0.0.0:45335 - 0 ] INFO  ozoneimpl.OzoneContainer (OzoneContainer.java:startContainerScrub(219)) - Background container scanner has been disabled.
2021-03-17 02:10:13,465 [EndpointStateMachine task thread for /0.0.0.0:45335 - 0 ] INFO  replication.ReplicationServer (ReplicationServer.java:start(106)) - ReplicationServer is started using port 42049
2021-03-17 02:10:13,465 [EndpointStateMachine task thread for /0.0.0.0:45335 - 0 ] INFO  ratis.XceiverServerRatis (XceiverServerRatis.java:start(486)) - Starting XceiverServerRatis 888dbe71-6008-4ebf-8f97-777673ccf37c
2021-03-17 02:10:13,465 [EndpointStateMachine task thread for /0.0.0.0:45335 - 0 ] INFO  server.RaftServer (RaftServerProxy.java:lambda$start$5(374)) - 888dbe71-6008-4ebf-8f97-777673ccf37c: start RPC server
2021-03-17 02:10:13,466 [EndpointStateMachine task thread for /0.0.0.0:45335 - 0 ] INFO  server.GrpcService (GrpcService.java:startImpl(253)) - 888dbe71-6008-4ebf-8f97-777673ccf37c: GrpcService started, listening on 32769
2021-03-17 02:10:13,467 [EndpointStateMachine task thread for /0.0.0.0:45335 - 0 ] INFO  ratis.XceiverServerRatis (XceiverServerRatis.java:getRealPort(507)) - XceiverServerRatis 888dbe71-6008-4ebf-8f97-777673ccf37c is started using port 32769 for RATIS
2021-03-17 02:10:13,467 [org.apache.ratis.util.JvmPauseMonitor$$Lambda$504/521752898@7cdad834] INFO  util.JvmPauseMonitor (JvmPauseMonitor.java:run(103)) - JvmPauseMonitor-888dbe71-6008-4ebf-8f97-777673ccf37c: Started
2021-03-17 02:10:13,467 [EndpointStateMachine task thread for /0.0.0.0:45335 - 0 ] INFO  ratis.XceiverServerRatis (XceiverServerRatis.java:getRealPort(507)) - XceiverServerRatis 888dbe71-6008-4ebf-8f97-777673ccf37c is started using port 32769 for RATIS_ADMIN
2021-03-17 02:10:13,467 [EndpointStateMachine task thread for /0.0.0.0:45335 - 0 ] INFO  ratis.XceiverServerRatis (XceiverServerRatis.java:getRealPort(507)) - XceiverServerRatis 888dbe71-6008-4ebf-8f97-777673ccf37c is started using port 32769 for RATIS_SERVER
2021-03-17 02:10:13,468 [EndpointStateMachine task thread for /0.0.0.0:45335 - 0 ] INFO  server.XceiverServerGrpc (XceiverServerGrpc.java:start(135)) - XceiverServerGrpc 888dbe71-6008-4ebf-8f97-777673ccf37c is started using port 40723
2021-03-17 02:10:13,640 [Listener at 127.0.0.1/40005] INFO  ozone.MiniOzoneClusterImpl (MiniOzoneClusterImpl.java:lambda$waitForClusterToBeReady$0(187)) - Waiting for nodes to be ready. Got 0 of 7 DN Heartbeats.
2021-03-17 02:10:13,641 [Listener at 127.0.0.1/40005] INFO  ozone.MiniOzoneClusterImpl (MiniOzoneClusterImpl.java:lambda$waitForClusterToBeReady$0(190)) - Waiting for cluster to exit safe mode
2021-03-17 02:10:13,645 [EndpointStateMachine task thread for /0.0.0.0:45335 - 0 ] INFO  ozoneimpl.OzoneContainer (OzoneContainer.java:start(255)) - Attempting to start container services.
2021-03-17 02:10:13,645 [EndpointStateMachine task thread for /0.0.0.0:45335 - 0 ] INFO  ozoneimpl.OzoneContainer (OzoneContainer.java:startContainerScrub(219)) - Background container scanner has been disabled.
2021-03-17 02:10:13,646 [EndpointStateMachine task thread for /0.0.0.0:45335 - 0 ] INFO  replication.ReplicationServer (ReplicationServer.java:start(106)) - ReplicationServer is started using port 37737
2021-03-17 02:10:13,646 [EndpointStateMachine task thread for /0.0.0.0:45335 - 0 ] INFO  ratis.XceiverServerRatis (XceiverServerRatis.java:start(486)) - Starting XceiverServerRatis 13cb06b2-640f-4fce-af7e-e16c133353a1
2021-03-17 02:10:13,647 [EndpointStateMachine task thread for /0.0.0.0:45335 - 0 ] INFO  server.RaftServer (RaftServerProxy.java:lambda$start$5(374)) - 13cb06b2-640f-4fce-af7e-e16c133353a1: start RPC server
2021-03-17 02:10:13,647 [EndpointStateMachine task thread for /0.0.0.0:45335 - 0 ] INFO  server.GrpcService (GrpcService.java:startImpl(253)) - 13cb06b2-640f-4fce-af7e-e16c133353a1: GrpcService started, listening on 35095
2021-03-17 02:10:13,648 [EndpointStateMachine task thread for /0.0.0.0:45335 - 0 ] INFO  ratis.XceiverServerRatis (XceiverServerRatis.java:getRealPort(507)) - XceiverServerRatis 13cb06b2-640f-4fce-af7e-e16c133353a1 is started using port 35095 for RATIS
2021-03-17 02:10:13,648 [EndpointStateMachine task thread for /0.0.0.0:45335 - 0 ] INFO  ratis.XceiverServerRatis (XceiverServerRatis.java:getRealPort(507)) - XceiverServerRatis 13cb06b2-640f-4fce-af7e-e16c133353a1 is started using port 35095 for RATIS_ADMIN
2021-03-17 02:10:13,648 [org.apache.ratis.util.JvmPauseMonitor$$Lambda$504/521752898@39a9c978] INFO  util.JvmPauseMonitor (JvmPauseMonitor.java:run(103)) - JvmPauseMonitor-13cb06b2-640f-4fce-af7e-e16c133353a1: Started
2021-03-17 02:10:13,648 [EndpointStateMachine task thread for /0.0.0.0:45335 - 0 ] INFO  ratis.XceiverServerRatis (XceiverServerRatis.java:getRealPort(507)) - XceiverServerRatis 13cb06b2-640f-4fce-af7e-e16c133353a1 is started using port 35095 for RATIS_SERVER
2021-03-17 02:10:13,650 [EndpointStateMachine task thread for /0.0.0.0:45335 - 0 ] INFO  server.XceiverServerGrpc (XceiverServerGrpc.java:start(135)) - XceiverServerGrpc 13cb06b2-640f-4fce-af7e-e16c133353a1 is started using port 41763
2021-03-17 02:10:14,426 [IPC Server handler 2 on default port 45335] INFO  net.NetworkTopologyImpl (NetworkTopologyImpl.java:add(112)) - Added a new node: /default-rack/c22503ba-573b-463b-9e1c-de44cfeb847d
2021-03-17 02:10:14,428 [IPC Server handler 2 on default port 45335] INFO  node.SCMNodeManager (SCMNodeManager.java:register(345)) - Registered Data node : c22503ba-573b-463b-9e1c-de44cfeb847d{ip: 172.17.0.2, host: 70ca58e12b9b, ports: [REPLICATION=42099, RATIS=34901, RATIS_ADMIN=34901, RATIS_SERVER=34901, STANDALONE=45037], networkLocation: /default-rack, certSerialId: null, persistedOpState: null, persistedOpStateExpiryEpochSec: 0}
2021-03-17 02:10:14,429 [RatisPipelineUtilsThread] INFO  pipeline.RatisPipelineProvider (RatisPipelineProvider.java:lambda$create$0(161)) - Sending CreatePipelineCommand for pipeline:PipelineID=a1cf331a-0a15-452c-96f7-76dd814d993b to datanode:c22503ba-573b-463b-9e1c-de44cfeb847d
2021-03-17 02:10:14,429 [EventQueue-NodeRegistrationContainerReportForContainerSafeModeRule] INFO  safemode.SCMSafeModeManager (SCMSafeModeManager.java:validateSafeModeExitRules(214)) - ContainerSafeModeRule rule is successfully validated
2021-03-17 02:10:14,429 [RatisPipelineUtilsThread] INFO  pipeline.PipelineStateManager (PipelineStateManager.java:addPipeline(54)) - Created pipeline Pipeline[ Id: a1cf331a-0a15-452c-96f7-76dd814d993b, Nodes: c22503ba-573b-463b-9e1c-de44cfeb847d{ip: 172.17.0.2, host: 70ca58e12b9b, ports: [REPLICATION=42099, RATIS=34901, RATIS_ADMIN=34901, RATIS_SERVER=34901, STANDALONE=45037], networkLocation: /default-rack, certSerialId: null, persistedOpState: IN_SERVICE, persistedOpStateExpiryEpochSec: 0}, Type:RATIS, Factor:ONE, State:ALLOCATED, leaderId:, CreationTimestamp2021-03-17T02:10:14.429Z]
2021-03-17 02:10:14,430 [EventQueue-NodeRegistrationContainerReportForDataNodeSafeModeRule] INFO  safemode.SCMSafeModeManager (DataNodeSafeModeRule.java:process(71)) - SCM in safe mode. 1 DataNodes registered, 1 required.
2021-03-17 02:10:14,434 [EventQueue-PipelineReportForOneReplicaPipelineSafeModeRule] INFO  safemode.SCMSafeModeManager (SCMSafeModeManager.java:validateSafeModeExitRules(214)) - AtleastOneDatanodeReportedRule rule is successfully validated
2021-03-17 02:10:14,435 [EventQueue-NodeRegistrationContainerReportForDataNodeSafeModeRule] INFO  safemode.SCMSafeModeManager (SCMSafeModeManager.java:validateSafeModeExitRules(214)) - DataNodeSafeModeRule rule is successfully validated
2021-03-17 02:10:14,435 [EventQueue-NodeRegistrationContainerReportForDataNodeSafeModeRule] INFO  safemode.SCMSafeModeManager (SCMSafeModeManager.java:completePreCheck(242)) - All SCM safe mode pre check rules have passed
2021-03-17 02:10:14,435 [RatisPipelineUtilsThread] WARN  pipeline.PipelinePlacementPolicy (PipelinePlacementPolicy.java:filterViableNodes(142)) - Pipeline creation failed due to no sufficient healthy datanodes. Required 3. Found 1.
2021-03-17 02:10:14,618 [IPC Server handler 4 on default port 45335] INFO  net.NetworkTopologyImpl (NetworkTopologyImpl.java:add(112)) - Added a new node: /default-rack/7be7a3ee-2c60-4daa-92d5-fce366cccc9d
2021-03-17 02:10:14,619 [IPC Server handler 4 on default port 45335] INFO  node.SCMNodeManager (SCMNodeManager.java:register(345)) - Registered Data node : 7be7a3ee-2c60-4daa-92d5-fce366cccc9d{ip: 172.17.0.2, host: 70ca58e12b9b, ports: [REPLICATION=41363, RATIS=39539, RATIS_ADMIN=39539, RATIS_SERVER=39539, STANDALONE=33895], networkLocation: /default-rack, certSerialId: null, persistedOpState: null, persistedOpStateExpiryEpochSec: 0}
2021-03-17 02:10:14,619 [EventQueue-NodeRegistrationContainerReportForContainerSafeModeRule] INFO  safemode.SCMSafeModeManager (SCMSafeModeManager.java:validateSafeModeExitRules(214)) - ContainerSafeModeRule rule is successfully validated
2021-03-17 02:10:14,619 [EventQueue-NodeRegistrationContainerReportForDataNodeSafeModeRule] INFO  safemode.SCMSafeModeManager (SCMSafeModeManager.java:validateSafeModeExitRules(214)) - DataNodeSafeModeRule rule is successfully validated
2021-03-17 02:10:14,619 [EventQueue-PipelineReportForOneReplicaPipelineSafeModeRule] INFO  safemode.SCMSafeModeManager (SCMSafeModeManager.java:validateSafeModeExitRules(214)) - AtleastOneDatanodeReportedRule rule is successfully validated
2021-03-17 02:10:14,620 [RatisPipelineUtilsThread] INFO  pipeline.RatisPipelineProvider (RatisPipelineProvider.java:lambda$create$0(161)) - Sending CreatePipelineCommand for pipeline:PipelineID=c5eea603-c6ee-4af4-88ab-8ed7b52ccd89 to datanode:7be7a3ee-2c60-4daa-92d5-fce366cccc9d
2021-03-17 02:10:14,620 [RatisPipelineUtilsThread] INFO  pipeline.PipelineStateManager (PipelineStateManager.java:addPipeline(54)) - Created pipeline Pipeline[ Id: c5eea603-c6ee-4af4-88ab-8ed7b52ccd89, Nodes: 7be7a3ee-2c60-4daa-92d5-fce366cccc9d{ip: 172.17.0.2, host: 70ca58e12b9b, ports: [REPLICATION=41363, RATIS=39539, RATIS_ADMIN=39539, RATIS_SERVER=39539, STANDALONE=33895], networkLocation: /default-rack, certSerialId: null, persistedOpState: IN_SERVICE, persistedOpStateExpiryEpochSec: 0}, Type:RATIS, Factor:ONE, State:ALLOCATED, leaderId:, CreationTimestamp2021-03-17T02:10:14.619Z]
2021-03-17 02:10:14,620 [RatisPipelineUtilsThread] WARN  pipeline.PipelinePlacementPolicy (PipelinePlacementPolicy.java:filterViableNodes(142)) - Pipeline creation failed due to no sufficient healthy datanodes. Required 3. Found 2.
2021-03-17 02:10:14,641 [Listener at 127.0.0.1/40005] INFO  ozone.MiniOzoneClusterImpl (MiniOzoneClusterImpl.java:lambda$waitForClusterToBeReady$0(187)) - Waiting for nodes to be ready. Got 2 of 7 DN Heartbeats.
2021-03-17 02:10:14,641 [Listener at 127.0.0.1/40005] INFO  ozone.MiniOzoneClusterImpl (MiniOzoneClusterImpl.java:lambda$waitForClusterToBeReady$0(190)) - Waiting for cluster to exit safe mode
2021-03-17 02:10:14,822 [IPC Server handler 3 on default port 45335] INFO  net.NetworkTopologyImpl (NetworkTopologyImpl.java:add(112)) - Added a new node: /default-rack/a3b22ff5-07c5-4717-894b-669982ee3e54
2021-03-17 02:10:14,822 [IPC Server handler 3 on default port 45335] INFO  node.SCMNodeManager (SCMNodeManager.java:register(345)) - Registered Data node : a3b22ff5-07c5-4717-894b-669982ee3e54{ip: 172.17.0.2, host: 70ca58e12b9b, ports: [REPLICATION=33345, RATIS=42689, RATIS_ADMIN=42689, RATIS_SERVER=42689, STANDALONE=37481], networkLocation: /default-rack, certSerialId: null, persistedOpState: null, persistedOpStateExpiryEpochSec: 0}
2021-03-17 02:10:14,823 [EventQueue-NodeRegistrationContainerReportForContainerSafeModeRule] INFO  safemode.SCMSafeModeManager (SCMSafeModeManager.java:validateSafeModeExitRules(214)) - ContainerSafeModeRule rule is successfully validated
2021-03-17 02:10:14,823 [RatisPipelineUtilsThread] INFO  pipeline.RatisPipelineProvider (RatisPipelineProvider.java:lambda$create$0(161)) - Sending CreatePipelineCommand for pipeline:PipelineID=d8764373-1664-4953-abac-036e82df10be to datanode:a3b22ff5-07c5-4717-894b-669982ee3e54
2021-03-17 02:10:14,824 [RatisPipelineUtilsThread] INFO  pipeline.PipelineStateManager (PipelineStateManager.java:addPipeline(54)) - Created pipeline Pipeline[ Id: d8764373-1664-4953-abac-036e82df10be, Nodes: a3b22ff5-07c5-4717-894b-669982ee3e54{ip: 172.17.0.2, host: 70ca58e12b9b, ports: [REPLICATION=33345, RATIS=42689, RATIS_ADMIN=42689, RATIS_SERVER=42689, STANDALONE=37481], networkLocation: /default-rack, certSerialId: null, persistedOpState: IN_SERVICE, persistedOpStateExpiryEpochSec: 0}, Type:RATIS, Factor:ONE, State:ALLOCATED, leaderId:, CreationTimestamp2021-03-17T02:10:14.823Z]
2021-03-17 02:10:14,824 [RatisPipelineUtilsThread] INFO  pipeline.RatisPipelineProvider (RatisPipelineProvider.java:lambda$create$0(161)) - Sending CreatePipelineCommand for pipeline:PipelineID=8ff1614f-e393-4bbd-a079-0d254d493d02 to datanode:a3b22ff5-07c5-4717-894b-669982ee3e54
2021-03-17 02:10:14,824 [RatisPipelineUtilsThread] INFO  pipeline.RatisPipelineProvider (RatisPipelineProvider.java:lambda$create$0(161)) - Sending CreatePipelineCommand for pipeline:PipelineID=8ff1614f-e393-4bbd-a079-0d254d493d02 to datanode:c22503ba-573b-463b-9e1c-de44cfeb847d
2021-03-17 02:10:14,824 [RatisPipelineUtilsThread] INFO  pipeline.RatisPipelineProvider (RatisPipelineProvider.java:lambda$create$0(161)) - Sending CreatePipelineCommand for pipeline:PipelineID=8ff1614f-e393-4bbd-a079-0d254d493d02 to datanode:7be7a3ee-2c60-4daa-92d5-fce366cccc9d
2021-03-17 02:10:14,824 [RatisPipelineUtilsThread] INFO  pipeline.PipelineStateManager (PipelineStateManager.java:addPipeline(54)) - Created pipeline Pipeline[ Id: 8ff1614f-e393-4bbd-a079-0d254d493d02, Nodes: a3b22ff5-07c5-4717-894b-669982ee3e54{ip: 172.17.0.2, host: 70ca58e12b9b, ports: [REPLICATION=33345, RATIS=42689, RATIS_ADMIN=42689, RATIS_SERVER=42689, STANDALONE=37481], networkLocation: /default-rack, certSerialId: null, persistedOpState: IN_SERVICE, persistedOpStateExpiryEpochSec: 0}c22503ba-573b-463b-9e1c-de44cfeb847d{ip: 172.17.0.2, host: 70ca58e12b9b, ports: [REPLICATION=42099, RATIS=34901, RATIS_ADMIN=34901, RATIS_SERVER=34901, STANDALONE=45037], networkLocation: /default-rack, certSerialId: null, persistedOpState: IN_SERVICE, persistedOpStateExpiryEpochSec: 0}7be7a3ee-2c60-4daa-92d5-fce366cccc9d{ip: 172.17.0.2, host: 70ca58e12b9b, ports: [REPLICATION=41363, RATIS=39539, RATIS_ADMIN=39539, RATIS_SERVER=39539, STANDALONE=33895], networkLocation: /default-rack, certSerialId: null, persistedOpState: IN_SERVICE, persistedOpStateExpiryEpochSec: 0}, Type:RATIS, Factor:THREE, State:ALLOCATED, leaderId:, CreationTimestamp2021-03-17T02:10:14.824Z]
2021-03-17 02:10:14,825 [RatisPipelineUtilsThread] INFO  pipeline.RatisPipelineProvider (RatisPipelineProvider.java:lambda$create$0(161)) - Sending CreatePipelineCommand for pipeline:PipelineID=05ce0818-b588-4728-ba10-fae0631febcd to datanode:a3b22ff5-07c5-4717-894b-669982ee3e54
2021-03-17 02:10:14,825 [RatisPipelineUtilsThread] INFO  pipeline.RatisPipelineProvider (RatisPipelineProvider.java:lambda$create$0(161)) - Sending CreatePipelineCommand for pipeline:PipelineID=05ce0818-b588-4728-ba10-fae0631febcd to datanode:c22503ba-573b-463b-9e1c-de44cfeb847d
2021-03-17 02:10:14,825 [RatisPipelineUtilsThread] INFO  pipeline.RatisPipelineProvider (RatisPipelineProvider.java:lambda$create$0(161)) - Sending CreatePipelineCommand for pipeline:PipelineID=05ce0818-b588-4728-ba10-fae0631febcd to datanode:7be7a3ee-2c60-4daa-92d5-fce366cccc9d
2021-03-17 02:10:14,825 [EventQueue-NodeRegistrationContainerReportForDataNodeSafeModeRule] INFO  safemode.SCMSafeModeManager (SCMSafeModeManager.java:validateSafeModeExitRules(214)) - DataNodeSafeModeRule rule is successfully validated
2021-03-17 02:10:14,825 [RatisPipelineUtilsThread] INFO  pipeline.PipelineStateManager (PipelineStateManager.java:addPipeline(54)) - Created pipeline Pipeline[ Id: 05ce0818-b588-4728-ba10-fae0631febcd, Nodes: a3b22ff5-07c5-4717-894b-669982ee3e54{ip: 172.17.0.2, host: 70ca58e12b9b, ports: [REPLICATION=33345, RATIS=42689, RATIS_ADMIN=42689, RATIS_SERVER=42689, STANDALONE=37481], networkLocation: /default-rack, certSerialId: null, persistedOpState: IN_SERVICE, persistedOpStateExpiryEpochSec: 0}c22503ba-573b-463b-9e1c-de44cfeb847d{ip: 172.17.0.2, host: 70ca58e12b9b, ports: [REPLICATION=42099, RATIS=34901, RATIS_ADMIN=34901, RATIS_SERVER=34901, STANDALONE=45037], networkLocation: /default-rack, certSerialId: null, persistedOpState: IN_SERVICE, persistedOpStateExpiryEpochSec: 0}7be7a3ee-2c60-4daa-92d5-fce366cccc9d{ip: 172.17.0.2, host: 70ca58e12b9b, ports: [REPLICATION=41363, RATIS=39539, RATIS_ADMIN=39539, RATIS_SERVER=39539, STANDALONE=33895], networkLocation: /default-rack, certSerialId: null, persistedOpState: IN_SERVICE, persistedOpStateExpiryEpochSec: 0}, Type:RATIS, Factor:THREE, State:ALLOCATED, leaderId:, CreationTimestamp2021-03-17T02:10:14.825Z]
2021-03-17 02:10:14,825 [RatisPipelineUtilsThread] INFO  pipeline.SCMPipelineManager (SCMPipelineManager.java:recordMetricsForPipeline(243)) - Pipeline: PipelineID=05ce0818-b588-4728-ba10-fae0631febcd contains same datanodes as previous pipelines: PipelineID=8ff1614f-e393-4bbd-a079-0d254d493d02 nodeIds: a3b22ff5-07c5-4717-894b-669982ee3e54, c22503ba-573b-463b-9e1c-de44cfeb847d, 7be7a3ee-2c60-4daa-92d5-fce366cccc9d
2021-03-17 02:10:14,826 [EventQueue-PipelineReportForOneReplicaPipelineSafeModeRule] INFO  safemode.SCMSafeModeManager (SCMSafeModeManager.java:validateSafeModeExitRules(214)) - AtleastOneDatanodeReportedRule rule is successfully validated
2021-03-17 02:10:15,085 [IPC Server handler 0 on default port 45335] INFO  net.NetworkTopologyImpl (NetworkTopologyImpl.java:add(112)) - Added a new node: /default-rack/edc886fb-3392-4280-b977-eac73b957932
2021-03-17 02:10:15,086 [IPC Server handler 0 on default port 45335] INFO  node.SCMNodeManager (SCMNodeManager.java:register(345)) - Registered Data node : edc886fb-3392-4280-b977-eac73b957932{ip: 172.17.0.2, host: 70ca58e12b9b, ports: [REPLICATION=46347, RATIS=45405, RATIS_ADMIN=45405, RATIS_SERVER=45405, STANDALONE=36351], networkLocation: /default-rack, certSerialId: null, persistedOpState: null, persistedOpStateExpiryEpochSec: 0}
2021-03-17 02:10:15,086 [EventQueue-NodeRegistrationContainerReportForContainerSafeModeRule] INFO  safemode.SCMSafeModeManager (SCMSafeModeManager.java:validateSafeModeExitRules(214)) - ContainerSafeModeRule rule is successfully validated
2021-03-17 02:10:15,086 [EventQueue-NodeRegistrationContainerReportForDataNodeSafeModeRule] INFO  safemode.SCMSafeModeManager (SCMSafeModeManager.java:validateSafeModeExitRules(214)) - DataNodeSafeModeRule rule is successfully validated
2021-03-17 02:10:15,086 [EventQueue-PipelineReportForOneReplicaPipelineSafeModeRule] INFO  safemode.SCMSafeModeManager (SCMSafeModeManager.java:validateSafeModeExitRules(214)) - AtleastOneDatanodeReportedRule rule is successfully validated
2021-03-17 02:10:15,087 [RatisPipelineUtilsThread] INFO  pipeline.RatisPipelineProvider (RatisPipelineProvider.java:lambda$create$0(161)) - Sending CreatePipelineCommand for pipeline:PipelineID=86f0d598-410f-4fb4-8830-0a288622836c to datanode:edc886fb-3392-4280-b977-eac73b957932
2021-03-17 02:10:15,087 [RatisPipelineUtilsThread] INFO  pipeline.PipelineStateManager (PipelineStateManager.java:addPipeline(54)) - Created pipeline Pipeline[ Id: 86f0d598-410f-4fb4-8830-0a288622836c, Nodes: edc886fb-3392-4280-b977-eac73b957932{ip: 172.17.0.2, host: 70ca58e12b9b, ports: [REPLICATION=46347, RATIS=45405, RATIS_ADMIN=45405, RATIS_SERVER=45405, STANDALONE=36351], networkLocation: /default-rack, certSerialId: null, persistedOpState: IN_SERVICE, persistedOpStateExpiryEpochSec: 0}, Type:RATIS, Factor:ONE, State:ALLOCATED, leaderId:, CreationTimestamp2021-03-17T02:10:15.087Z]
2021-03-17 02:10:15,284 [IPC Server handler 1 on default port 45335] INFO  net.NetworkTopologyImpl (NetworkTopologyImpl.java:add(112)) - Added a new node: /default-rack/37b60bae-9d6d-40b8-9851-2e9be12703e9
2021-03-17 02:10:15,285 [IPC Server handler 1 on default port 45335] INFO  node.SCMNodeManager (SCMNodeManager.java:register(345)) - Registered Data node : 37b60bae-9d6d-40b8-9851-2e9be12703e9{ip: 172.17.0.2, host: 70ca58e12b9b, ports: [REPLICATION=41081, RATIS=46279, RATIS_ADMIN=46279, RATIS_SERVER=46279, STANDALONE=42859], networkLocation: /default-rack, certSerialId: null, persistedOpState: null, persistedOpStateExpiryEpochSec: 0}
2021-03-17 02:10:15,285 [EventQueue-NodeRegistrationContainerReportForContainerSafeModeRule] INFO  safemode.SCMSafeModeManager (SCMSafeModeManager.java:validateSafeModeExitRules(214)) - ContainerSafeModeRule rule is successfully validated
2021-03-17 02:10:15,285 [EventQueue-NodeRegistrationContainerReportForDataNodeSafeModeRule] INFO  safemode.SCMSafeModeManager (SCMSafeModeManager.java:validateSafeModeExitRules(214)) - DataNodeSafeModeRule rule is successfully validated
2021-03-17 02:10:15,285 [EventQueue-PipelineReportForOneReplicaPipelineSafeModeRule] INFO  safemode.SCMSafeModeManager (SCMSafeModeManager.java:validateSafeModeExitRules(214)) - AtleastOneDatanodeReportedRule rule is successfully validated
2021-03-17 02:10:15,286 [RatisPipelineUtilsThread] INFO  pipeline.RatisPipelineProvider (RatisPipelineProvider.java:lambda$create$0(161)) - Sending CreatePipelineCommand for pipeline:PipelineID=50c93adb-4d03-4ae7-ad94-c25e8b788a8f to datanode:37b60bae-9d6d-40b8-9851-2e9be12703e9
2021-03-17 02:10:15,287 [RatisPipelineUtilsThread] INFO  pipeline.PipelineStateManager (PipelineStateManager.java:addPipeline(54)) - Created pipeline Pipeline[ Id: 50c93adb-4d03-4ae7-ad94-c25e8b788a8f, Nodes: 37b60bae-9d6d-40b8-9851-2e9be12703e9{ip: 172.17.0.2, host: 70ca58e12b9b, ports: [REPLICATION=41081, RATIS=46279, RATIS_ADMIN=46279, RATIS_SERVER=46279, STANDALONE=42859], networkLocation: /default-rack, certSerialId: null, persistedOpState: IN_SERVICE, persistedOpStateExpiryEpochSec: 0}, Type:RATIS, Factor:ONE, State:ALLOCATED, leaderId:, CreationTimestamp2021-03-17T02:10:15.286Z]
2021-03-17 02:10:15,461 [IPC Server handler 4 on default port 45335] INFO  net.NetworkTopologyImpl (NetworkTopologyImpl.java:add(112)) - Added a new node: /default-rack/888dbe71-6008-4ebf-8f97-777673ccf37c
2021-03-17 02:10:15,461 [IPC Server handler 4 on default port 45335] INFO  node.SCMNodeManager (SCMNodeManager.java:register(345)) - Registered Data node : 888dbe71-6008-4ebf-8f97-777673ccf37c{ip: 172.17.0.2, host: 70ca58e12b9b, ports: [REPLICATION=42049, RATIS=32769, RATIS_ADMIN=32769, RATIS_SERVER=32769, STANDALONE=40723], networkLocation: /default-rack, certSerialId: null, persistedOpState: null, persistedOpStateExpiryEpochSec: 0}
2021-03-17 02:10:15,461 [EventQueue-NodeRegistrationContainerReportForContainerSafeModeRule] INFO  safemode.SCMSafeModeManager (SCMSafeModeManager.java:validateSafeModeExitRules(214)) - ContainerSafeModeRule rule is successfully validated
2021-03-17 02:10:15,462 [EventQueue-NodeRegistrationContainerReportForDataNodeSafeModeRule] INFO  safemode.SCMSafeModeManager (SCMSafeModeManager.java:validateSafeModeExitRules(214)) - DataNodeSafeModeRule rule is successfully validated
2021-03-17 02:10:15,462 [EventQueue-PipelineReportForOneReplicaPipelineSafeModeRule] INFO  safemode.SCMSafeModeManager (SCMSafeModeManager.java:validateSafeModeExitRules(214)) - AtleastOneDatanodeReportedRule rule is successfully validated
2021-03-17 02:10:15,462 [RatisPipelineUtilsThread] INFO  pipeline.RatisPipelineProvider (RatisPipelineProvider.java:lambda$create$0(161)) - Sending CreatePipelineCommand for pipeline:PipelineID=0b5afd2b-c7d0-4abc-b923-591bbb34f33b to datanode:888dbe71-6008-4ebf-8f97-777673ccf37c
2021-03-17 02:10:15,463 [RatisPipelineUtilsThread] INFO  pipeline.PipelineStateManager (PipelineStateManager.java:addPipeline(54)) - Created pipeline Pipeline[ Id: 0b5afd2b-c7d0-4abc-b923-591bbb34f33b, Nodes: 888dbe71-6008-4ebf-8f97-777673ccf37c{ip: 172.17.0.2, host: 70ca58e12b9b, ports: [REPLICATION=42049, RATIS=32769, RATIS_ADMIN=32769, RATIS_SERVER=32769, STANDALONE=40723], networkLocation: /default-rack, certSerialId: null, persistedOpState: IN_SERVICE, persistedOpStateExpiryEpochSec: 0}, Type:RATIS, Factor:ONE, State:ALLOCATED, leaderId:, CreationTimestamp2021-03-17T02:10:15.462Z]
2021-03-17 02:10:15,463 [RatisPipelineUtilsThread] INFO  pipeline.RatisPipelineProvider (RatisPipelineProvider.java:lambda$create$0(161)) - Sending CreatePipelineCommand for pipeline:PipelineID=eb7140b3-8d2d-4bc8-b775-7a770b342a66 to datanode:edc886fb-3392-4280-b977-eac73b957932
2021-03-17 02:10:15,463 [RatisPipelineUtilsThread] INFO  pipeline.RatisPipelineProvider (RatisPipelineProvider.java:lambda$create$0(161)) - Sending CreatePipelineCommand for pipeline:PipelineID=eb7140b3-8d2d-4bc8-b775-7a770b342a66 to datanode:888dbe71-6008-4ebf-8f97-777673ccf37c
2021-03-17 02:10:15,464 [RatisPipelineUtilsThread] INFO  pipeline.RatisPipelineProvider (RatisPipelineProvider.java:lambda$create$0(161)) - Sending CreatePipelineCommand for pipeline:PipelineID=eb7140b3-8d2d-4bc8-b775-7a770b342a66 to datanode:37b60bae-9d6d-40b8-9851-2e9be12703e9
2021-03-17 02:10:15,464 [RatisPipelineUtilsThread] INFO  pipeline.PipelineStateManager (PipelineStateManager.java:addPipeline(54)) - Created pipeline Pipeline[ Id: eb7140b3-8d2d-4bc8-b775-7a770b342a66, Nodes: edc886fb-3392-4280-b977-eac73b957932{ip: 172.17.0.2, host: 70ca58e12b9b, ports: [REPLICATION=46347, RATIS=45405, RATIS_ADMIN=45405, RATIS_SERVER=45405, STANDALONE=36351], networkLocation: /default-rack, certSerialId: null, persistedOpState: IN_SERVICE, persistedOpStateExpiryEpochSec: 0}888dbe71-6008-4ebf-8f97-777673ccf37c{ip: 172.17.0.2, host: 70ca58e12b9b, ports: [REPLICATION=42049, RATIS=32769, RATIS_ADMIN=32769, RATIS_SERVER=32769, STANDALONE=40723], networkLocation: /default-rack, certSerialId: null, persistedOpState: IN_SERVICE, persistedOpStateExpiryEpochSec: 0}37b60bae-9d6d-40b8-9851-2e9be12703e9{ip: 172.17.0.2, host: 70ca58e12b9b, ports: [REPLICATION=41081, RATIS=46279, RATIS_ADMIN=46279, RATIS_SERVER=46279, STANDALONE=42859], networkLocation: /default-rack, certSerialId: null, persistedOpState: IN_SERVICE, persistedOpStateExpiryEpochSec: 0}, Type:RATIS, Factor:THREE, State:ALLOCATED, leaderId:, CreationTimestamp2021-03-17T02:10:15.463Z]
2021-03-17 02:10:15,465 [RatisPipelineUtilsThread] INFO  pipeline.RatisPipelineProvider (RatisPipelineProvider.java:lambda$create$0(161)) - Sending CreatePipelineCommand for pipeline:PipelineID=bf048bff-8cd1-4cf6-83b3-2788439afc0c to datanode:37b60bae-9d6d-40b8-9851-2e9be12703e9
2021-03-17 02:10:15,465 [RatisPipelineUtilsThread] INFO  pipeline.RatisPipelineProvider (RatisPipelineProvider.java:lambda$create$0(161)) - Sending CreatePipelineCommand for pipeline:PipelineID=bf048bff-8cd1-4cf6-83b3-2788439afc0c to datanode:888dbe71-6008-4ebf-8f97-777673ccf37c
2021-03-17 02:10:15,465 [RatisPipelineUtilsThread] INFO  pipeline.RatisPipelineProvider (RatisPipelineProvider.java:lambda$create$0(161)) - Sending CreatePipelineCommand for pipeline:PipelineID=bf048bff-8cd1-4cf6-83b3-2788439afc0c to datanode:edc886fb-3392-4280-b977-eac73b957932
2021-03-17 02:10:15,465 [RatisPipelineUtilsThread] INFO  pipeline.PipelineStateManager (PipelineStateManager.java:addPipeline(54)) - Created pipeline Pipeline[ Id: bf048bff-8cd1-4cf6-83b3-2788439afc0c, Nodes: 37b60bae-9d6d-40b8-9851-2e9be12703e9{ip: 172.17.0.2, host: 70ca58e12b9b, ports: [REPLICATION=41081, RATIS=46279, RATIS_ADMIN=46279, RATIS_SERVER=46279, STANDALONE=42859], networkLocation: /default-rack, certSerialId: null, persistedOpState: IN_SERVICE, persistedOpStateExpiryEpochSec: 0}888dbe71-6008-4ebf-8f97-777673ccf37c{ip: 172.17.0.2, host: 70ca58e12b9b, ports: [REPLICATION=42049, RATIS=32769, RATIS_ADMIN=32769, RATIS_SERVER=32769, STANDALONE=40723], networkLocation: /default-rack, certSerialId: null, persistedOpState: IN_SERVICE, persistedOpStateExpiryEpochSec: 0}edc886fb-3392-4280-b977-eac73b957932{ip: 172.17.0.2, host: 70ca58e12b9b, ports: [REPLICATION=46347, RATIS=45405, RATIS_ADMIN=45405, RATIS_SERVER=45405, STANDALONE=36351], networkLocation: /default-rack, certSerialId: null, persistedOpState: IN_SERVICE, persistedOpStateExpiryEpochSec: 0}, Type:RATIS, Factor:THREE, State:ALLOCATED, leaderId:, CreationTimestamp2021-03-17T02:10:15.465Z]
2021-03-17 02:10:15,465 [RatisPipelineUtilsThread] INFO  pipeline.SCMPipelineManager (SCMPipelineManager.java:recordMetricsForPipeline(243)) - Pipeline: PipelineID=bf048bff-8cd1-4cf6-83b3-2788439afc0c contains same datanodes as previous pipelines: PipelineID=eb7140b3-8d2d-4bc8-b775-7a770b342a66 nodeIds: 37b60bae-9d6d-40b8-9851-2e9be12703e9, 888dbe71-6008-4ebf-8f97-777673ccf37c, edc886fb-3392-4280-b977-eac73b957932
2021-03-17 02:10:15,641 [Listener at 127.0.0.1/40005] INFO  ozone.MiniOzoneClusterImpl (MiniOzoneClusterImpl.java:lambda$waitForClusterToBeReady$0(187)) - Waiting for nodes to be ready. Got 6 of 7 DN Heartbeats.
2021-03-17 02:10:15,642 [Listener at 127.0.0.1/40005] INFO  ozone.MiniOzoneClusterImpl (MiniOzoneClusterImpl.java:lambda$waitForClusterToBeReady$0(190)) - Waiting for cluster to exit safe mode
2021-03-17 02:10:15,643 [IPC Server handler 3 on default port 45335] INFO  net.NetworkTopologyImpl (NetworkTopologyImpl.java:add(112)) - Added a new node: /default-rack/13cb06b2-640f-4fce-af7e-e16c133353a1
2021-03-17 02:10:15,644 [IPC Server handler 3 on default port 45335] INFO  node.SCMNodeManager (SCMNodeManager.java:register(345)) - Registered Data node : 13cb06b2-640f-4fce-af7e-e16c133353a1{ip: 172.17.0.2, host: 70ca58e12b9b, ports: [REPLICATION=37737, RATIS=35095, RATIS_ADMIN=35095, RATIS_SERVER=35095, STANDALONE=41763], networkLocation: /default-rack, certSerialId: null, persistedOpState: null, persistedOpStateExpiryEpochSec: 0}
2021-03-17 02:10:15,644 [EventQueue-NodeRegistrationContainerReportForContainerSafeModeRule] INFO  safemode.SCMSafeModeManager (SCMSafeModeManager.java:validateSafeModeExitRules(214)) - ContainerSafeModeRule rule is successfully validated
2021-03-17 02:10:15,644 [EventQueue-NodeRegistrationContainerReportForDataNodeSafeModeRule] INFO  safemode.SCMSafeModeManager (SCMSafeModeManager.java:validateSafeModeExitRules(214)) - DataNodeSafeModeRule rule is successfully validated
2021-03-17 02:10:15,644 [EventQueue-PipelineReportForOneReplicaPipelineSafeModeRule] INFO  safemode.SCMSafeModeManager (SCMSafeModeManager.java:validateSafeModeExitRules(214)) - AtleastOneDatanodeReportedRule rule is successfully validated
2021-03-17 02:10:15,646 [RatisPipelineUtilsThread] INFO  pipeline.RatisPipelineProvider (RatisPipelineProvider.java:lambda$create$0(161)) - Sending CreatePipelineCommand for pipeline:PipelineID=55f7e9b5-0534-4489-a221-025ad1a9a4d3 to datanode:13cb06b2-640f-4fce-af7e-e16c133353a1
2021-03-17 02:10:15,646 [RatisPipelineUtilsThread] INFO  pipeline.PipelineStateManager (PipelineStateManager.java:addPipeline(54)) - Created pipeline Pipeline[ Id: 55f7e9b5-0534-4489-a221-025ad1a9a4d3, Nodes: 13cb06b2-640f-4fce-af7e-e16c133353a1{ip: 172.17.0.2, host: 70ca58e12b9b, ports: [REPLICATION=37737, RATIS=35095, RATIS_ADMIN=35095, RATIS_SERVER=35095, STANDALONE=41763], networkLocation: /default-rack, certSerialId: null, persistedOpState: IN_SERVICE, persistedOpStateExpiryEpochSec: 0}, Type:RATIS, Factor:ONE, State:ALLOCATED, leaderId:, CreationTimestamp2021-03-17T02:10:15.646Z]
2021-03-17 02:10:16,642 [Listener at 127.0.0.1/40005] INFO  ozone.MiniOzoneClusterImpl (MiniOzoneClusterImpl.java:lambda$waitForClusterToBeReady$0(187)) - Nodes are ready. Got 7 of 7 DN Heartbeats.
2021-03-17 02:10:16,642 [Listener at 127.0.0.1/40005] INFO  ozone.MiniOzoneClusterImpl (MiniOzoneClusterImpl.java:lambda$waitForClusterToBeReady$0(190)) - Waiting for cluster to exit safe mode
2021-03-17 02:10:17,427 [Command processor thread] INFO  server.RaftServer (RaftServerProxy.java:addNew(95)) - c22503ba-573b-463b-9e1c-de44cfeb847d: addNew group-76DD814D993B:[c22503ba-573b-463b-9e1c-de44cfeb847d|rpc:172.17.0.2:34901|priority:1] returns group-76DD814D993B:java.util.concurrent.CompletableFuture@10323b88[Not completed]
2021-03-17 02:10:17,429 [pool-205-thread-1] INFO  server.RaftServer$Division (RaftServerImpl.java:<init>(180)) - c22503ba-573b-463b-9e1c-de44cfeb847d: new RaftServerImpl for group-76DD814D993B:[c22503ba-573b-463b-9e1c-de44cfeb847d|rpc:172.17.0.2:34901|priority:1] with ContainerStateMachine:uninitialized
2021-03-17 02:10:17,432 [pool-205-thread-1] INFO  server.RaftServerConfigKeys (ConfUtils.java:logGet(44)) - raft.server.rpc.timeout.min = 5s (custom)
2021-03-17 02:10:17,432 [pool-205-thread-1] INFO  server.RaftServerConfigKeys (ConfUtils.java:logGet(44)) - raft.server.rpc.timeout.max = 5200ms (custom)
2021-03-17 02:10:17,432 [pool-205-thread-1] INFO  server.RaftServerConfigKeys (ConfUtils.java:logGet(44)) - raft.server.rpc.sleep.time = 25ms (default)
2021-03-17 02:10:17,432 [pool-205-thread-1] INFO  server.RaftServerConfigKeys (ConfUtils.java:logGet(44)) - raft.server.rpc.slowness.timeout = 300000ms (custom)
2021-03-17 02:10:17,432 [pool-205-thread-1] INFO  server.RaftServerConfigKeys (ConfUtils.java:logGet(44)) - raft.server.leaderelection.leader.step-down.wait-time = 10s (default)
2021-03-17 02:10:17,432 [pool-205-thread-1] INFO  server.RaftServerConfigKeys (ConfUtils.java:logGet(44)) - raft.server.sleep.deviation.threshold = 300ms (default)
2021-03-17 02:10:17,432 [pool-205-thread-1] INFO  server.RaftServerConfigKeys (ConfUtils.java:logGet(44)) - raft.server.log.appender.install.snapshot.enabled = false (custom)
2021-03-17 02:10:17,432 [pool-205-thread-1] INFO  server.RaftServer$Division (ServerState.java:<init>(105)) - c22503ba-573b-463b-9e1c-de44cfeb847d@group-76DD814D993B: ConfigurationManager, init=-1: [c22503ba-573b-463b-9e1c-de44cfeb847d|rpc:172.17.0.2:34901|priority:1], old=null, confs=<EMPTY_MAP>
2021-03-17 02:10:17,432 [pool-205-thread-1] INFO  server.RaftServerConfigKeys (ConfUtils.java:logGet(44)) - raft.server.storage.dir = [/github/workspace/mnt/ozone/hadoop-ozone/integration-test/target/test-dir/MiniOzoneClusterImpl-5543d78b-3109-4325-8e4d-d24bfba87b26/datanode-0/data/ratis] (custom)
2021-03-17 02:10:17,432 [pool-205-thread-1] INFO  server.RaftServerConfigKeys (ConfUtils.java:logGet(44)) - raft.server.log.corruption.policy = EXCEPTION (default)
2021-03-17 02:10:17,433 [pool-205-thread-1] INFO  storage.RaftStorageDirectory (RaftStorageDirectoryImpl.java:analyzeStorage(132)) - The storage directory /github/workspace/mnt/ozone/hadoop-ozone/integration-test/target/test-dir/MiniOzoneClusterImpl-5543d78b-3109-4325-8e4d-d24bfba87b26/datanode-0/data/ratis/a1cf331a-0a15-452c-96f7-76dd814d993b does not exist. Creating ...
2021-03-17 02:10:17,434 [pool-205-thread-1] INFO  storage.RaftStorageDirectory (RaftStorageDirectoryImpl.java:tryLock(215)) - Lock on /github/workspace/mnt/ozone/hadoop-ozone/integration-test/target/test-dir/MiniOzoneClusterImpl-5543d78b-3109-4325-8e4d-d24bfba87b26/datanode-0/data/ratis/a1cf331a-0a15-452c-96f7-76dd814d993b/in_use.lock acquired by nodename 11586@70ca58e12b9b
2021-03-17 02:10:17,435 [pool-205-thread-1] INFO  storage.RaftStorage (RaftStorageImpl.java:format(87)) - Storage directory /github/workspace/mnt/ozone/hadoop-ozone/integration-test/target/test-dir/MiniOzoneClusterImpl-5543d78b-3109-4325-8e4d-d24bfba87b26/datanode-0/data/ratis/a1cf331a-0a15-452c-96f7-76dd814d993b has been successfully formatted.
2021-03-17 02:10:17,435 [pool-205-thread-1] INFO  ratis.ContainerStateMachine (ContainerStateMachine.java:loadSnapshot(223)) - group-76DD814D993B: The snapshot info is null. Setting the last applied indexto:(t:0, i:~)
2021-03-17 02:10:17,435 [pool-205-thread-1] ERROR storage.RaftStorage (RaftStorageImpl.java:readRaftConfiguration(147)) - Failed reading configuration from file:/github/workspace/mnt/ozone/hadoop-ozone/integration-test/target/test-dir/MiniOzoneClusterImpl-5543d78b-3109-4325-8e4d-d24bfba87b26/datanode-0/data/ratis/a1cf331a-0a15-452c-96f7-76dd814d993b/current/raft-meta.conf
java.io.FileNotFoundException: /github/workspace/mnt/ozone/hadoop-ozone/integration-test/target/test-dir/MiniOzoneClusterImpl-5543d78b-3109-4325-8e4d-d24bfba87b26/datanode-0/data/ratis/a1cf331a-0a15-452c-96f7-76dd814d993b/current/raft-meta.conf (No such file or directory)
	at java.io.FileInputStream.open0(Native Method)
	at java.io.FileInputStream.open(FileInputStream.java:195)
	at java.io.FileInputStream.<init>(FileInputStream.java:138)
	at org.apache.ratis.server.storage.RaftStorageImpl.readRaftConfiguration(RaftStorageImpl.java:143)
	at org.apache.ratis.server.impl.ServerState.<init>(ServerState.java:122)
	at org.apache.ratis.server.impl.RaftServerImpl.<init>(RaftServerImpl.java:193)
	at org.apache.ratis.server.impl.RaftServerProxy.lambda$newRaftServerImpl$4(RaftServerProxy.java:266)
	at java.util.concurrent.CompletableFuture$AsyncSupply.run(CompletableFuture.java:1604)
	at java.util.concurrent.ThreadPoolExecutor.runWorker(ThreadPoolExecutor.java:1149)
	at java.util.concurrent.ThreadPoolExecutor$Worker.run(ThreadPoolExecutor.java:624)
	at java.lang.Thread.run(Thread.java:748)
2021-03-17 02:10:17,435 [pool-205-thread-1] INFO  server.RaftServerConfigKeys (ConfUtils.java:logGet(44)) - raft.server.notification.no-leader.timeout = 300000ms (custom)
2021-03-17 02:10:17,436 [EventQueue-PipelineReportForPipelineReportHandler] INFO  pipeline.PipelineStateManager (PipelineStateManager.java:openPipeline(132)) - Pipeline Pipeline[ Id: a1cf331a-0a15-452c-96f7-76dd814d993b, Nodes: c22503ba-573b-463b-9e1c-de44cfeb847d{ip: 172.17.0.2, host: 70ca58e12b9b, ports: [REPLICATION=42099, RATIS=34901, RATIS_ADMIN=34901, RATIS_SERVER=34901, STANDALONE=45037], networkLocation: /default-rack, certSerialId: null, persistedOpState: IN_SERVICE, persistedOpStateExpiryEpochSec: 0}, Type:RATIS, Factor:ONE, State:ALLOCATED, leaderId:c22503ba-573b-463b-9e1c-de44cfeb847d, CreationTimestamp2021-03-17T02:10:14.429Z] moved to OPEN state
2021-03-17 02:10:17,436 [EventQueue-PipelineReportForOneReplicaPipelineSafeModeRule] INFO  safemode.SCMSafeModeManager (SCMSafeModeManager.java:validateSafeModeExitRules(214)) - AtleastOneDatanodeReportedRule rule is successfully validated
2021-03-17 02:10:17,437 [pool-205-thread-1] INFO  server.RaftServerConfigKeys (ConfUtils.java:logGet(44)) - raft.server.log.use.memory = false (default)
2021-03-17 02:10:17,437 [EventQueue-OpenPipelineForHealthyPipelineSafeModeRule] INFO  safemode.SCMSafeModeManager (HealthyPipelineSafeModeRule.java:process(128)) - SCM in safe mode. Healthy pipelines reported count is 0, required healthy pipeline reported count is 1
2021-03-17 02:10:17,437 [pool-205-thread-1] INFO  server.RaftServerConfigKeys (ConfUtils.java:logGet(44)) - raft.server.log.purge.gap = 1000000 (custom)
2021-03-17 02:10:17,437 [pool-205-thread-1] INFO  server.RaftServerConfigKeys (ConfUtils.java:logGet(44)) - raft.server.log.appender.buffer.byte-limit = 33554432 (custom)
2021-03-17 02:10:17,437 [pool-205-thread-1] INFO  metrics.RatisMetrics (RatisMetrics.java:lambda$create$0(36)) - Creating Metrics Registry : ratis.log_worker.c22503ba-573b-463b-9e1c-de44cfeb847d@group-76DD814D993B
2021-03-17 02:10:17,438 [pool-205-thread-1] INFO  server.RaftServerConfigKeys (ConfUtils.java:logGet(44)) - raft.server.log.segment.size.max = 1048576 (custom)
2021-03-17 02:10:17,438 [pool-205-thread-1] INFO  server.RaftServerConfigKeys (ConfUtils.java:logGet(44)) - raft.server.log.segment.cache.num.max = 2 (custom)
2021-03-17 02:10:17,438 [pool-205-thread-1] INFO  server.RaftServerConfigKeys (ConfUtils.java:logGet(44)) - raft.server.log.segment.cache.size.max = 200MB (=209715200) (default)
2021-03-17 02:10:17,438 [pool-205-thread-1] INFO  segmented.SegmentedRaftLogWorker (SegmentedRaftLogWorker.java:<init>(181)) - new c22503ba-573b-463b-9e1c-de44cfeb847d@group-76DD814D993B-SegmentedRaftLogWorker for RaftStorageImpl:Storage Directory /github/workspace/mnt/ozone/hadoop-ozone/integration-test/target/test-dir/MiniOzoneClusterImpl-5543d78b-3109-4325-8e4d-d24bfba87b26/datanode-0/data/ratis/a1cf331a-0a15-452c-96f7-76dd814d993b
2021-03-17 02:10:17,438 [pool-205-thread-1] INFO  server.RaftServerConfigKeys (ConfUtils.java:logGet(44)) - raft.server.log.queue.byte-limit = 2147483647 (custom)
2021-03-17 02:10:17,438 [pool-205-thread-1] INFO  server.RaftServerConfigKeys (ConfUtils.java:logGet(44)) - raft.server.log.queue.element-limit = 1024 (custom)
2021-03-17 02:10:17,438 [pool-205-thread-1] INFO  server.RaftServerConfigKeys (ConfUtils.java:logGet(44)) - raft.server.log.segment.size.max = 1048576 (custom)
2021-03-17 02:10:17,438 [pool-205-thread-1] INFO  server.RaftServerConfigKeys (ConfUtils.java:logGet(44)) - raft.server.log.preallocated.size = 16384 (custom)
2021-03-17 02:10:17,439 [pool-205-thread-1] INFO  server.RaftServerConfigKeys (ConfUtils.java:logGet(44)) - raft.server.log.force.sync.num = 128 (default)
2021-03-17 02:10:17,439 [pool-205-thread-1] INFO  server.RaftServerConfigKeys (ConfUtils.java:logGet(44)) - raft.server.log.statemachine.data.sync = true (default)
2021-03-17 02:10:17,439 [pool-205-thread-1] INFO  server.RaftServerConfigKeys (ConfUtils.java:logGet(44)) - raft.server.log.statemachine.data.sync.timeout = 10s (default)
2021-03-17 02:10:17,439 [pool-205-thread-1] INFO  server.RaftServerConfigKeys (ConfUtils.java:logGet(44)) - raft.server.log.statemachine.data.sync.timeout.retry = -1 (default)
2021-03-17 02:10:17,440 [pool-205-thread-1] INFO  server.RaftServerConfigKeys (ConfUtils.java:logGet(44)) - raft.server.log.write.buffer.size = 1048576 (custom)
2021-03-17 02:10:17,440 [pool-205-thread-1] INFO  server.RaftServerConfigKeys (ConfUtils.java:logGet(44)) - raft.server.log.statemachine.data.caching.enabled = true (custom)
2021-03-17 02:10:17,440 [pool-205-thread-1] INFO  segmented.SegmentedRaftLogWorker (SegmentedRaftLogWorker.java:lambda$new$0(132)) - c22503ba-573b-463b-9e1c-de44cfeb847d@group-76DD814D993B-SegmentedRaftLogWorker: flushIndex: setUnconditionally 0 -> -1
2021-03-17 02:10:17,441 [pool-205-thread-1] INFO  segmented.SegmentedRaftLogWorker (SegmentedRaftLogWorker.java:lambda$new$0(132)) - c22503ba-573b-463b-9e1c-de44cfeb847d@group-76DD814D993B-SegmentedRaftLogWorker: safeCacheEvictIndex: setUnconditionally 0 -> -1
2021-03-17 02:10:17,441 [pool-205-thread-1] INFO  server.RaftServerConfigKeys (ConfUtils.java:logGet(44)) - raft.server.snapshot.auto.trigger.enabled = true (custom)
2021-03-17 02:10:17,441 [pool-205-thread-1] INFO  server.RaftServerConfigKeys (ConfUtils.java:logGet(44)) - raft.server.snapshot.auto.trigger.threshold = 10000 (custom)
2021-03-17 02:10:17,441 [pool-205-thread-1] INFO  server.RaftServerConfigKeys (ConfUtils.java:logGet(44)) - raft.server.snapshot.retention.file.num = 5 (custom)
2021-03-17 02:10:17,441 [pool-205-thread-1] INFO  server.RaftServerConfigKeys (ConfUtils.java:logGet(44)) - raft.server.log.purge.upto.snapshot.index = false (default)
2021-03-17 02:10:17,441 [pool-205-thread-1] INFO  server.RaftServerConfigKeys (ConfUtils.java:logGet(44)) - raft.server.retrycache.expirytime = 600000ms (custom)
2021-03-17 02:10:17,441 [pool-205-thread-1] INFO  server.RaftServerConfigKeys (ConfUtils.java:logGet(44)) - raft.server.retrycache.statistics.expirytime = 100?s (default)
2021-03-17 02:10:17,441 [pool-205-thread-1] INFO  metrics.RatisMetrics (RatisMetrics.java:lambda$create$0(36)) - Creating Metrics Registry : ratis.leader_election.c22503ba-573b-463b-9e1c-de44cfeb847d@group-76DD814D993B
2021-03-17 02:10:17,442 [pool-205-thread-1] INFO  metrics.RatisMetrics (RatisMetrics.java:lambda$create$0(36)) - Creating Metrics Registry : ratis.server.c22503ba-573b-463b-9e1c-de44cfeb847d@group-76DD814D993B
2021-03-17 02:10:17,442 [pool-205-thread-1] INFO  server.RaftServer$Division (RaftServerImpl.java:start(295)) - c22503ba-573b-463b-9e1c-de44cfeb847d@group-76DD814D993B: start as a follower, conf=-1: [c22503ba-573b-463b-9e1c-de44cfeb847d|rpc:172.17.0.2:34901|priority:1], old=null
2021-03-17 02:10:17,443 [pool-205-thread-1] INFO  server.RaftServer$Division (RaftServerImpl.java:setRole(284)) - c22503ba-573b-463b-9e1c-de44cfeb847d@group-76DD814D993B: changes role from      null to FOLLOWER at term 0 for startAsFollower
2021-03-17 02:10:17,443 [pool-205-thread-1] INFO  impl.RoleInfo (RoleInfo.java:updateAndGet(130)) - c22503ba-573b-463b-9e1c-de44cfeb847d: start c22503ba-573b-463b-9e1c-de44cfeb847d@group-76DD814D993B-FollowerState
2021-03-17 02:10:17,446 [pool-205-thread-1] INFO  util.JmxRegister (JmxRegister.java:tryRegister(44)) - Successfully registered JMX Bean with object name Ratis:service=RaftServer,group=group-76DD814D993B,id=c22503ba-573b-463b-9e1c-de44cfeb847d
2021-03-17 02:10:17,446 [pool-205-thread-1] INFO  metrics.RatisMetrics (RatisMetrics.java:lambda$create$0(36)) - Creating Metrics Registry : ratis.state_machine.c22503ba-573b-463b-9e1c-de44cfeb847d@group-76DD814D993B
2021-03-17 02:10:17,447 [Command processor thread] INFO  commandhandler.CreatePipelineCommandHandler (CreatePipelineCommandHandler.java:handle(106)) - Created Pipeline RATIS ONE PipelineID=a1cf331a-0a15-452c-96f7-76dd814d993b.
2021-03-17 02:10:17,447 [Command processor thread] INFO  server.RaftServer (RaftServerProxy.java:addNew(95)) - c22503ba-573b-463b-9e1c-de44cfeb847d: addNew group-0D254D493D02:[c22503ba-573b-463b-9e1c-de44cfeb847d|rpc:172.17.0.2:34901|priority:1, a3b22ff5-07c5-4717-894b-669982ee3e54|rpc:172.17.0.2:42689|priority:0, 7be7a3ee-2c60-4daa-92d5-fce366cccc9d|rpc:172.17.0.2:39539|priority:0] returns group-0D254D493D02:java.util.concurrent.CompletableFuture@140dbd56[Not completed]
2021-03-17 02:10:17,448 [pool-205-thread-1] INFO  server.RaftServer$Division (RaftServerImpl.java:<init>(180)) - c22503ba-573b-463b-9e1c-de44cfeb847d: new RaftServerImpl for group-0D254D493D02:[c22503ba-573b-463b-9e1c-de44cfeb847d|rpc:172.17.0.2:34901|priority:1, a3b22ff5-07c5-4717-894b-669982ee3e54|rpc:172.17.0.2:42689|priority:0, 7be7a3ee-2c60-4daa-92d5-fce366cccc9d|rpc:172.17.0.2:39539|priority:0] with ContainerStateMachine:uninitialized
2021-03-17 02:10:17,448 [pool-205-thread-1] INFO  server.RaftServerConfigKeys (ConfUtils.java:logGet(44)) - raft.server.rpc.timeout.min = 5s (custom)
2021-03-17 02:10:17,448 [pool-205-thread-1] INFO  server.RaftServerConfigKeys (ConfUtils.java:logGet(44)) - raft.server.rpc.timeout.max = 5200ms (custom)
2021-03-17 02:10:17,448 [pool-205-thread-1] INFO  server.RaftServerConfigKeys (ConfUtils.java:logGet(44)) - raft.server.rpc.sleep.time = 25ms (default)
2021-03-17 02:10:17,448 [pool-205-thread-1] INFO  server.RaftServerConfigKeys (ConfUtils.java:logGet(44)) - raft.server.rpc.slowness.timeout = 300000ms (custom)
2021-03-17 02:10:17,448 [pool-205-thread-1] INFO  server.RaftServerConfigKeys (ConfUtils.java:logGet(44)) - raft.server.leaderelection.leader.step-down.wait-time = 10s (default)
2021-03-17 02:10:17,448 [pool-205-thread-1] INFO  server.RaftServerConfigKeys (ConfUtils.java:logGet(44)) - raft.server.sleep.deviation.threshold = 300ms (default)
2021-03-17 02:10:17,448 [pool-205-thread-1] INFO  server.RaftServerConfigKeys (ConfUtils.java:logGet(44)) - raft.server.log.appender.install.snapshot.enabled = false (custom)
2021-03-17 02:10:17,448 [pool-205-thread-1] INFO  server.RaftServer$Division (ServerState.java:<init>(105)) - c22503ba-573b-463b-9e1c-de44cfeb847d@group-0D254D493D02: ConfigurationManager, init=-1: [c22503ba-573b-463b-9e1c-de44cfeb847d|rpc:172.17.0.2:34901|priority:1, a3b22ff5-07c5-4717-894b-669982ee3e54|rpc:172.17.0.2:42689|priority:0, 7be7a3ee-2c60-4daa-92d5-fce366cccc9d|rpc:172.17.0.2:39539|priority:0], old=null, confs=<EMPTY_MAP>
2021-03-17 02:10:17,448 [pool-205-thread-1] INFO  server.RaftServerConfigKeys (ConfUtils.java:logGet(44)) - raft.server.storage.dir = [/github/workspace/mnt/ozone/hadoop-ozone/integration-test/target/test-dir/MiniOzoneClusterImpl-5543d78b-3109-4325-8e4d-d24bfba87b26/datanode-0/data/ratis] (custom)
2021-03-17 02:10:17,448 [pool-205-thread-1] INFO  server.RaftServerConfigKeys (ConfUtils.java:logGet(44)) - raft.server.log.corruption.policy = EXCEPTION (default)
2021-03-17 02:10:17,448 [pool-205-thread-1] INFO  storage.RaftStorageDirectory (RaftStorageDirectoryImpl.java:analyzeStorage(132)) - The storage directory /github/workspace/mnt/ozone/hadoop-ozone/integration-test/target/test-dir/MiniOzoneClusterImpl-5543d78b-3109-4325-8e4d-d24bfba87b26/datanode-0/data/ratis/8ff1614f-e393-4bbd-a079-0d254d493d02 does not exist. Creating ...
2021-03-17 02:10:17,450 [pool-205-thread-1] INFO  storage.RaftStorageDirectory (RaftStorageDirectoryImpl.java:tryLock(215)) - Lock on /github/workspace/mnt/ozone/hadoop-ozone/integration-test/target/test-dir/MiniOzoneClusterImpl-5543d78b-3109-4325-8e4d-d24bfba87b26/datanode-0/data/ratis/8ff1614f-e393-4bbd-a079-0d254d493d02/in_use.lock acquired by nodename 11586@70ca58e12b9b
2021-03-17 02:10:17,451 [pool-205-thread-1] INFO  storage.RaftStorage (RaftStorageImpl.java:format(87)) - Storage directory /github/workspace/mnt/ozone/hadoop-ozone/integration-test/target/test-dir/MiniOzoneClusterImpl-5543d78b-3109-4325-8e4d-d24bfba87b26/datanode-0/data/ratis/8ff1614f-e393-4bbd-a079-0d254d493d02 has been successfully formatted.
2021-03-17 02:10:17,451 [pool-205-thread-1] INFO  ratis.ContainerStateMachine (ContainerStateMachine.java:loadSnapshot(223)) - group-0D254D493D02: The snapshot info is null. Setting the last applied indexto:(t:0, i:~)
2021-03-17 02:10:17,451 [pool-205-thread-1] ERROR storage.RaftStorage (RaftStorageImpl.java:readRaftConfiguration(147)) - Failed reading configuration from file:/github/workspace/mnt/ozone/hadoop-ozone/integration-test/target/test-dir/MiniOzoneClusterImpl-5543d78b-3109-4325-8e4d-d24bfba87b26/datanode-0/data/ratis/8ff1614f-e393-4bbd-a079-0d254d493d02/current/raft-meta.conf
java.io.FileNotFoundException: /github/workspace/mnt/ozone/hadoop-ozone/integration-test/target/test-dir/MiniOzoneClusterImpl-5543d78b-3109-4325-8e4d-d24bfba87b26/datanode-0/data/ratis/8ff1614f-e393-4bbd-a079-0d254d493d02/current/raft-meta.conf (No such file or directory)
	at java.io.FileInputStream.open0(Native Method)
	at java.io.FileInputStream.open(FileInputStream.java:195)
	at java.io.FileInputStream.<init>(FileInputStream.java:138)
	at org.apache.ratis.server.storage.RaftStorageImpl.readRaftConfiguration(RaftStorageImpl.java:143)
	at org.apache.ratis.server.impl.ServerState.<init>(ServerState.java:122)
	at org.apache.ratis.server.impl.RaftServerImpl.<init>(RaftServerImpl.java:193)
	at org.apache.ratis.server.impl.RaftServerProxy.lambda$newRaftServerImpl$4(RaftServerProxy.java:266)
	at java.util.concurrent.CompletableFuture$AsyncSupply.run(CompletableFuture.java:1604)
	at java.util.concurrent.ThreadPoolExecutor.runWorker(ThreadPoolExecutor.java:1149)
	at java.util.concurrent.ThreadPoolExecutor$Worker.run(ThreadPoolExecutor.java:624)
	at java.lang.Thread.run(Thread.java:748)
2021-03-17 02:10:17,451 [pool-205-thread-1] INFO  server.RaftServerConfigKeys (ConfUtils.java:logGet(44)) - raft.server.notification.no-leader.timeout = 300000ms (custom)
2021-03-17 02:10:17,451 [pool-205-thread-1] INFO  server.RaftServerConfigKeys (ConfUtils.java:logGet(44)) - raft.server.log.use.memory = false (default)
2021-03-17 02:10:17,451 [pool-205-thread-1] INFO  server.RaftServerConfigKeys (ConfUtils.java:logGet(44)) - raft.server.log.purge.gap = 1000000 (custom)
2021-03-17 02:10:17,451 [pool-205-thread-1] INFO  server.RaftServerConfigKeys (ConfUtils.java:logGet(44)) - raft.server.log.appender.buffer.byte-limit = 33554432 (custom)
2021-03-17 02:10:17,451 [pool-205-thread-1] INFO  metrics.RatisMetrics (RatisMetrics.java:lambda$create$0(36)) - Creating Metrics Registry : ratis.log_worker.c22503ba-573b-463b-9e1c-de44cfeb847d@group-0D254D493D02
2021-03-17 02:10:17,451 [pool-205-thread-1] INFO  server.RaftServerConfigKeys (ConfUtils.java:logGet(44)) - raft.server.log.segment.size.max = 1048576 (custom)
2021-03-17 02:10:17,452 [pool-205-thread-1] INFO  server.RaftServerConfigKeys (ConfUtils.java:logGet(44)) - raft.server.log.segment.cache.num.max = 2 (custom)
2021-03-17 02:10:17,452 [pool-205-thread-1] INFO  server.RaftServerConfigKeys (ConfUtils.java:logGet(44)) - raft.server.log.segment.cache.size.max = 200MB (=209715200) (default)
2021-03-17 02:10:17,452 [pool-205-thread-1] INFO  segmented.SegmentedRaftLogWorker (SegmentedRaftLogWorker.java:<init>(181)) - new c22503ba-573b-463b-9e1c-de44cfeb847d@group-0D254D493D02-SegmentedRaftLogWorker for RaftStorageImpl:Storage Directory /github/workspace/mnt/ozone/hadoop-ozone/integration-test/target/test-dir/MiniOzoneClusterImpl-5543d78b-3109-4325-8e4d-d24bfba87b26/datanode-0/data/ratis/8ff1614f-e393-4bbd-a079-0d254d493d02
2021-03-17 02:10:17,452 [pool-205-thread-1] INFO  server.RaftServerConfigKeys (ConfUtils.java:logGet(44)) - raft.server.log.queue.byte-limit = 2147483647 (custom)
2021-03-17 02:10:17,452 [pool-205-thread-1] INFO  server.RaftServerConfigKeys (ConfUtils.java:logGet(44)) - raft.server.log.queue.element-limit = 1024 (custom)
2021-03-17 02:10:17,452 [pool-205-thread-1] INFO  server.RaftServerConfigKeys (ConfUtils.java:logGet(44)) - raft.server.log.segment.size.max = 1048576 (custom)
2021-03-17 02:10:17,452 [pool-205-thread-1] INFO  server.RaftServerConfigKeys (ConfUtils.java:logGet(44)) - raft.server.log.preallocated.size = 16384 (custom)
2021-03-17 02:10:17,452 [pool-205-thread-1] INFO  server.RaftServerConfigKeys (ConfUtils.java:logGet(44)) - raft.server.log.force.sync.num = 128 (default)
2021-03-17 02:10:17,452 [pool-205-thread-1] INFO  server.RaftServerConfigKeys (ConfUtils.java:logGet(44)) - raft.server.log.statemachine.data.sync = true (default)
2021-03-17 02:10:17,452 [pool-205-thread-1] INFO  server.RaftServerConfigKeys (ConfUtils.java:logGet(44)) - raft.server.log.statemachine.data.sync.timeout = 10s (default)
2021-03-17 02:10:17,452 [pool-205-thread-1] INFO  server.RaftServerConfigKeys (ConfUtils.java:logGet(44)) - raft.server.log.statemachine.data.sync.timeout.retry = -1 (default)
2021-03-17 02:10:17,453 [EventQueue-OpenPipelineForHealthyPipelineSafeModeRule] INFO  safemode.SCMSafeModeManager (HealthyPipelineSafeModeRule.java:process(128)) - SCM in safe mode. Healthy pipelines reported count is 0, required healthy pipeline reported count is 1
2021-03-17 02:10:17,451 [EventQueue-PipelineReportForOneReplicaPipelineSafeModeRule] INFO  safemode.SCMSafeModeManager (SCMSafeModeManager.java:validateSafeModeExitRules(214)) - AtleastOneDatanodeReportedRule rule is successfully validated
2021-03-17 02:10:17,453 [pool-205-thread-1] INFO  server.RaftServerConfigKeys (ConfUtils.java:logGet(44)) - raft.server.log.write.buffer.size = 1048576 (custom)
2021-03-17 02:10:17,454 [pool-205-thread-1] INFO  server.RaftServerConfigKeys (ConfUtils.java:logGet(44)) - raft.server.log.statemachine.data.caching.enabled = true (custom)
2021-03-17 02:10:17,454 [pool-205-thread-1] INFO  segmented.SegmentedRaftLogWorker (SegmentedRaftLogWorker.java:lambda$new$0(132)) - c22503ba-573b-463b-9e1c-de44cfeb847d@group-0D254D493D02-SegmentedRaftLogWorker: flushIndex: setUnconditionally 0 -> -1
2021-03-17 02:10:17,455 [pool-205-thread-1] INFO  segmented.SegmentedRaftLogWorker (SegmentedRaftLogWorker.java:lambda$new$0(132)) - c22503ba-573b-463b-9e1c-de44cfeb847d@group-0D254D493D02-SegmentedRaftLogWorker: safeCacheEvictIndex: setUnconditionally 0 -> -1
2021-03-17 02:10:17,458 [pool-205-thread-1] INFO  server.RaftServerConfigKeys (ConfUtils.java:logGet(44)) - raft.server.snapshot.auto.trigger.enabled = true (custom)
2021-03-17 02:10:17,458 [pool-205-thread-1] INFO  server.RaftServerConfigKeys (ConfUtils.java:logGet(44)) - raft.server.snapshot.auto.trigger.threshold = 10000 (custom)
2021-03-17 02:10:17,458 [pool-205-thread-1] INFO  server.RaftServerConfigKeys (ConfUtils.java:logGet(44)) - raft.server.snapshot.retention.file.num = 5 (custom)
2021-03-17 02:10:17,458 [pool-205-thread-1] INFO  server.RaftServerConfigKeys (ConfUtils.java:logGet(44)) - raft.server.log.purge.upto.snapshot.index = false (default)
2021-03-17 02:10:17,458 [pool-205-thread-1] INFO  server.RaftServerConfigKeys (ConfUtils.java:logGet(44)) - raft.server.retrycache.expirytime = 600000ms (custom)
2021-03-17 02:10:17,458 [pool-205-thread-1] INFO  server.RaftServerConfigKeys (ConfUtils.java:logGet(44)) - raft.server.retrycache.statistics.expirytime = 100?s (default)
2021-03-17 02:10:17,458 [pool-205-thread-1] INFO  metrics.RatisMetrics (RatisMetrics.java:lambda$create$0(36)) - Creating Metrics Registry : ratis.leader_election.c22503ba-573b-463b-9e1c-de44cfeb847d@group-0D254D493D02
2021-03-17 02:10:17,459 [pool-205-thread-1] INFO  metrics.RatisMetrics (RatisMetrics.java:lambda$create$0(36)) - Creating Metrics Registry : ratis.server.c22503ba-573b-463b-9e1c-de44cfeb847d@group-0D254D493D02
2021-03-17 02:10:17,460 [pool-205-thread-1] INFO  server.RaftServer$Division (RaftServerImpl.java:start(295)) - c22503ba-573b-463b-9e1c-de44cfeb847d@group-0D254D493D02: start as a follower, conf=-1: [c22503ba-573b-463b-9e1c-de44cfeb847d|rpc:172.17.0.2:34901|priority:1, a3b22ff5-07c5-4717-894b-669982ee3e54|rpc:172.17.0.2:42689|priority:0, 7be7a3ee-2c60-4daa-92d5-fce366cccc9d|rpc:172.17.0.2:39539|priority:0], old=null
2021-03-17 02:10:17,460 [pool-205-thread-1] INFO  server.RaftServer$Division (RaftServerImpl.java:setRole(284)) - c22503ba-573b-463b-9e1c-de44cfeb847d@group-0D254D493D02: changes role from      null to FOLLOWER at term 0 for startAsFollower
2021-03-17 02:10:17,460 [pool-205-thread-1] INFO  impl.RoleInfo (RoleInfo.java:updateAndGet(130)) - c22503ba-573b-463b-9e1c-de44cfeb847d: start c22503ba-573b-463b-9e1c-de44cfeb847d@group-0D254D493D02-FollowerState
2021-03-17 02:10:17,466 [pool-205-thread-1] INFO  util.JmxRegister (JmxRegister.java:tryRegister(44)) - Successfully registered JMX Bean with object name Ratis:service=RaftServer,group=group-0D254D493D02,id=c22503ba-573b-463b-9e1c-de44cfeb847d
2021-03-17 02:10:17,466 [pool-205-thread-1] INFO  metrics.RatisMetrics (RatisMetrics.java:lambda$create$0(36)) - Creating Metrics Registry : ratis.state_machine.c22503ba-573b-463b-9e1c-de44cfeb847d@group-0D254D493D02
2021-03-17 02:10:17,468 [Command processor thread] INFO  metrics.RatisMetrics (RatisMetrics.java:lambda$create$0(36)) - Creating Metrics Registry : ratis.client_message_metrics.client-AF1EDF4524C9->a3b22ff5-07c5-4717-894b-669982ee3e54
2021-03-17 02:10:17,473 [grpc-default-executor-1] INFO  metrics.RatisMetrics (RatisMetrics.java:lambda$create$0(36)) - Creating Metrics Registry : ratis.server_message_metrics.a3b22ff5-07c5-4717-894b-669982ee3e54
2021-03-17 02:10:17,475 [grpc-default-executor-1] INFO  server.RaftServer (RaftServerProxy.java:addNew(95)) - a3b22ff5-07c5-4717-894b-669982ee3e54: addNew group-0D254D493D02:[c22503ba-573b-463b-9e1c-de44cfeb847d|rpc:172.17.0.2:34901|dataStream:|priority:1, a3b22ff5-07c5-4717-894b-669982ee3e54|rpc:172.17.0.2:42689|dataStream:|priority:0, 7be7a3ee-2c60-4daa-92d5-fce366cccc9d|rpc:172.17.0.2:39539|dataStream:|priority:0] returns group-0D254D493D02:java.util.concurrent.CompletableFuture@2b6203ca[Not completed]
2021-03-17 02:10:17,481 [pool-237-thread-1] INFO  server.RaftServer$Division (RaftServerImpl.java:<init>(180)) - a3b22ff5-07c5-4717-894b-669982ee3e54: new RaftServerImpl for group-0D254D493D02:[c22503ba-573b-463b-9e1c-de44cfeb847d|rpc:172.17.0.2:34901|dataStream:|priority:1, a3b22ff5-07c5-4717-894b-669982ee3e54|rpc:172.17.0.2:42689|dataStream:|priority:0, 7be7a3ee-2c60-4daa-92d5-fce366cccc9d|rpc:172.17.0.2:39539|dataStream:|priority:0] with ContainerStateMachine:uninitialized
2021-03-17 02:10:17,481 [pool-237-thread-1] INFO  server.RaftServerConfigKeys (ConfUtils.java:logGet(44)) - raft.server.rpc.timeout.min = 5s (custom)
2021-03-17 02:10:17,481 [pool-237-thread-1] INFO  server.RaftServerConfigKeys (ConfUtils.java:logGet(44)) - raft.server.rpc.timeout.max = 5200ms (custom)
2021-03-17 02:10:17,481 [pool-237-thread-1] INFO  server.RaftServerConfigKeys (ConfUtils.java:logGet(44)) - raft.server.rpc.sleep.time = 25ms (default)
2021-03-17 02:10:17,482 [pool-237-thread-1] INFO  server.RaftServerConfigKeys (ConfUtils.java:logGet(44)) - raft.server.rpc.slowness.timeout = 300000ms (custom)
2021-03-17 02:10:17,482 [pool-237-thread-1] INFO  server.RaftServerConfigKeys (ConfUtils.java:logGet(44)) - raft.server.leaderelection.leader.step-down.wait-time = 10s (default)
2021-03-17 02:10:17,482 [pool-237-thread-1] INFO  server.RaftServerConfigKeys (ConfUtils.java:logGet(44)) - raft.server.sleep.deviation.threshold = 300ms (default)
2021-03-17 02:10:17,482 [pool-237-thread-1] INFO  server.RaftServerConfigKeys (ConfUtils.java:logGet(44)) - raft.server.log.appender.install.snapshot.enabled = false (custom)
2021-03-17 02:10:17,482 [pool-237-thread-1] INFO  server.RaftServer$Division (ServerState.java:<init>(105)) - a3b22ff5-07c5-4717-894b-669982ee3e54@group-0D254D493D02: ConfigurationManager, init=-1: [c22503ba-573b-463b-9e1c-de44cfeb847d|rpc:172.17.0.2:34901|dataStream:|priority:1, a3b22ff5-07c5-4717-894b-669982ee3e54|rpc:172.17.0.2:42689|dataStream:|priority:0, 7be7a3ee-2c60-4daa-92d5-fce366cccc9d|rpc:172.17.0.2:39539|dataStream:|priority:0], old=null, confs=<EMPTY_MAP>
2021-03-17 02:10:17,482 [pool-237-thread-1] INFO  server.RaftServerConfigKeys (ConfUtils.java:logGet(44)) - raft.server.storage.dir = [/github/workspace/mnt/ozone/hadoop-ozone/integration-test/target/test-dir/MiniOzoneClusterImpl-5543d78b-3109-4325-8e4d-d24bfba87b26/datanode-2/data/ratis] (custom)
2021-03-17 02:10:17,482 [pool-237-thread-1] INFO  server.RaftServerConfigKeys (ConfUtils.java:logGet(44)) - raft.server.log.corruption.policy = EXCEPTION (default)
2021-03-17 02:10:17,482 [pool-237-thread-1] INFO  storage.RaftStorageDirectory (RaftStorageDirectoryImpl.java:analyzeStorage(132)) - The storage directory /github/workspace/mnt/ozone/hadoop-ozone/integration-test/target/test-dir/MiniOzoneClusterImpl-5543d78b-3109-4325-8e4d-d24bfba87b26/datanode-2/data/ratis/8ff1614f-e393-4bbd-a079-0d254d493d02 does not exist. Creating ...
2021-03-17 02:10:17,484 [pool-237-thread-1] INFO  storage.RaftStorageDirectory (RaftStorageDirectoryImpl.java:tryLock(215)) - Lock on /github/workspace/mnt/ozone/hadoop-ozone/integration-test/target/test-dir/MiniOzoneClusterImpl-5543d78b-3109-4325-8e4d-d24bfba87b26/datanode-2/data/ratis/8ff1614f-e393-4bbd-a079-0d254d493d02/in_use.lock acquired by nodename 11586@70ca58e12b9b
2021-03-17 02:10:17,485 [pool-237-thread-1] INFO  storage.RaftStorage (RaftStorageImpl.java:format(87)) - Storage directory /github/workspace/mnt/ozone/hadoop-ozone/integration-test/target/test-dir/MiniOzoneClusterImpl-5543d78b-3109-4325-8e4d-d24bfba87b26/datanode-2/data/ratis/8ff1614f-e393-4bbd-a079-0d254d493d02 has been successfully formatted.
2021-03-17 02:10:17,485 [pool-237-thread-1] INFO  ratis.ContainerStateMachine (ContainerStateMachine.java:loadSnapshot(223)) - group-0D254D493D02: The snapshot info is null. Setting the last applied indexto:(t:0, i:~)
2021-03-17 02:10:17,485 [pool-237-thread-1] ERROR storage.RaftStorage (RaftStorageImpl.java:readRaftConfiguration(147)) - Failed reading configuration from file:/github/workspace/mnt/ozone/hadoop-ozone/integration-test/target/test-dir/MiniOzoneClusterImpl-5543d78b-3109-4325-8e4d-d24bfba87b26/datanode-2/data/ratis/8ff1614f-e393-4bbd-a079-0d254d493d02/current/raft-meta.conf
java.io.FileNotFoundException: /github/workspace/mnt/ozone/hadoop-ozone/integration-test/target/test-dir/MiniOzoneClusterImpl-5543d78b-3109-4325-8e4d-d24bfba87b26/datanode-2/data/ratis/8ff1614f-e393-4bbd-a079-0d254d493d02/current/raft-meta.conf (No such file or directory)
	at java.io.FileInputStream.open0(Native Method)
	at java.io.FileInputStream.open(FileInputStream.java:195)
	at java.io.FileInputStream.<init>(FileInputStream.java:138)
	at org.apache.ratis.server.storage.RaftStorageImpl.readRaftConfiguration(RaftStorageImpl.java:143)
	at org.apache.ratis.server.impl.ServerState.<init>(ServerState.java:122)
	at org.apache.ratis.server.impl.RaftServerImpl.<init>(RaftServerImpl.java:193)
	at org.apache.ratis.server.impl.RaftServerProxy.lambda$newRaftServerImpl$4(RaftServerProxy.java:266)
	at java.util.concurrent.CompletableFuture$AsyncSupply.run(CompletableFuture.java:1604)
	at java.util.concurrent.ThreadPoolExecutor.runWorker(ThreadPoolExecutor.java:1149)
	at java.util.concurrent.ThreadPoolExecutor$Worker.run(ThreadPoolExecutor.java:624)
	at java.lang.Thread.run(Thread.java:748)
2021-03-17 02:10:17,486 [EventQueue-PipelineReportForOneReplicaPipelineSafeModeRule] INFO  safemode.SCMSafeModeManager (SCMSafeModeManager.java:validateSafeModeExitRules(214)) - AtleastOneDatanodeReportedRule rule is successfully validated
2021-03-17 02:10:17,486 [pool-237-thread-1] INFO  server.RaftServerConfigKeys (ConfUtils.java:logGet(44)) - raft.server.notification.no-leader.timeout = 300000ms (custom)
2021-03-17 02:10:17,486 [pool-237-thread-1] INFO  server.RaftServerConfigKeys (ConfUtils.java:logGet(44)) - raft.server.log.use.memory = false (default)
2021-03-17 02:10:17,486 [pool-237-thread-1] INFO  server.RaftServerConfigKeys (ConfUtils.java:logGet(44)) - raft.server.log.purge.gap = 1000000 (custom)
2021-03-17 02:10:17,486 [pool-237-thread-1] INFO  server.RaftServerConfigKeys (ConfUtils.java:logGet(44)) - raft.server.log.appender.buffer.byte-limit = 33554432 (custom)
2021-03-17 02:10:17,486 [pool-237-thread-1] INFO  metrics.RatisMetrics (RatisMetrics.java:lambda$create$0(36)) - Creating Metrics Registry : ratis.log_worker.a3b22ff5-07c5-4717-894b-669982ee3e54@group-0D254D493D02
2021-03-17 02:10:17,487 [pool-237-thread-1] INFO  server.RaftServerConfigKeys (ConfUtils.java:logGet(44)) - raft.server.log.segment.size.max = 1048576 (custom)
2021-03-17 02:10:17,487 [pool-237-thread-1] INFO  server.RaftServerConfigKeys (ConfUtils.java:logGet(44)) - raft.server.log.segment.cache.num.max = 2 (custom)
2021-03-17 02:10:17,487 [pool-237-thread-1] INFO  server.RaftServerConfigKeys (ConfUtils.java:logGet(44)) - raft.server.log.segment.cache.size.max = 200MB (=209715200) (default)
2021-03-17 02:10:17,487 [pool-237-thread-1] INFO  segmented.SegmentedRaftLogWorker (SegmentedRaftLogWorker.java:<init>(181)) - new a3b22ff5-07c5-4717-894b-669982ee3e54@group-0D254D493D02-SegmentedRaftLogWorker for RaftStorageImpl:Storage Directory /github/workspace/mnt/ozone/hadoop-ozone/integration-test/target/test-dir/MiniOzoneClusterImpl-5543d78b-3109-4325-8e4d-d24bfba87b26/datanode-2/data/ratis/8ff1614f-e393-4bbd-a079-0d254d493d02
2021-03-17 02:10:17,487 [pool-237-thread-1] INFO  server.RaftServerConfigKeys (ConfUtils.java:logGet(44)) - raft.server.log.queue.byte-limit = 2147483647 (custom)
2021-03-17 02:10:17,487 [pool-237-thread-1] INFO  server.RaftServerConfigKeys (ConfUtils.java:logGet(44)) - raft.server.log.queue.element-limit = 1024 (custom)
2021-03-17 02:10:17,488 [pool-237-thread-1] INFO  server.RaftServerConfigKeys (ConfUtils.java:logGet(44)) - raft.server.log.segment.size.max = 1048576 (custom)
2021-03-17 02:10:17,488 [pool-237-thread-1] INFO  server.RaftServerConfigKeys (ConfUtils.java:logGet(44)) - raft.server.log.preallocated.size = 16384 (custom)
2021-03-17 02:10:17,488 [pool-237-thread-1] INFO  server.RaftServerConfigKeys (ConfUtils.java:logGet(44)) - raft.server.log.force.sync.num = 128 (default)
2021-03-17 02:10:17,488 [pool-237-thread-1] INFO  server.RaftServerConfigKeys (ConfUtils.java:logGet(44)) - raft.server.log.statemachine.data.sync = true (default)
2021-03-17 02:10:17,488 [pool-237-thread-1] INFO  server.RaftServerConfigKeys (ConfUtils.java:logGet(44)) - raft.server.log.statemachine.data.sync.timeout = 10s (default)
2021-03-17 02:10:17,488 [pool-237-thread-1] INFO  server.RaftServerConfigKeys (ConfUtils.java:logGet(44)) - raft.server.log.statemachine.data.sync.timeout.retry = -1 (default)
2021-03-17 02:10:17,489 [pool-237-thread-1] INFO  server.RaftServerConfigKeys (ConfUtils.java:logGet(44)) - raft.server.log.write.buffer.size = 1048576 (custom)
2021-03-17 02:10:17,490 [pool-237-thread-1] INFO  server.RaftServerConfigKeys (ConfUtils.java:logGet(44)) - raft.server.log.statemachine.data.caching.enabled = true (custom)
2021-03-17 02:10:17,490 [pool-237-thread-1] INFO  segmented.SegmentedRaftLogWorker (SegmentedRaftLogWorker.java:lambda$new$0(132)) - a3b22ff5-07c5-4717-894b-669982ee3e54@group-0D254D493D02-SegmentedRaftLogWorker: flushIndex: setUnconditionally 0 -> -1
2021-03-17 02:10:17,490 [pool-237-thread-1] INFO  segmented.SegmentedRaftLogWorker (SegmentedRaftLogWorker.java:lambda$new$0(132)) - a3b22ff5-07c5-4717-894b-669982ee3e54@group-0D254D493D02-SegmentedRaftLogWorker: safeCacheEvictIndex: setUnconditionally 0 -> -1
2021-03-17 02:10:17,490 [pool-237-thread-1] INFO  server.RaftServerConfigKeys (ConfUtils.java:logGet(44)) - raft.server.snapshot.auto.trigger.enabled = true (custom)
2021-03-17 02:10:17,490 [pool-237-thread-1] INFO  server.RaftServerConfigKeys (ConfUtils.java:logGet(44)) - raft.server.snapshot.auto.trigger.threshold = 10000 (custom)
2021-03-17 02:10:17,490 [pool-237-thread-1] INFO  server.RaftServerConfigKeys (ConfUtils.java:logGet(44)) - raft.server.snapshot.retention.file.num = 5 (custom)
2021-03-17 02:10:17,490 [pool-237-thread-1] INFO  server.RaftServerConfigKeys (ConfUtils.java:logGet(44)) - raft.server.log.purge.upto.snapshot.index = false (default)
2021-03-17 02:10:17,490 [pool-237-thread-1] INFO  server.RaftServerConfigKeys (ConfUtils.java:logGet(44)) - raft.server.retrycache.expirytime = 600000ms (custom)
2021-03-17 02:10:17,490 [pool-237-thread-1] INFO  server.RaftServerConfigKeys (ConfUtils.java:logGet(44)) - raft.server.retrycache.statistics.expirytime = 100?s (default)
2021-03-17 02:10:17,490 [pool-237-thread-1] INFO  metrics.RatisMetrics (RatisMetrics.java:lambda$create$0(36)) - Creating Metrics Registry : ratis.leader_election.a3b22ff5-07c5-4717-894b-669982ee3e54@group-0D254D493D02
2021-03-17 02:10:17,491 [pool-237-thread-1] INFO  metrics.RatisMetrics (RatisMetrics.java:lambda$create$0(36)) - Creating Metrics Registry : ratis.server.a3b22ff5-07c5-4717-894b-669982ee3e54@group-0D254D493D02
2021-03-17 02:10:17,491 [pool-237-thread-1] INFO  server.RaftServer$Division (RaftServerImpl.java:start(295)) - a3b22ff5-07c5-4717-894b-669982ee3e54@group-0D254D493D02: start as a follower, conf=-1: [c22503ba-573b-463b-9e1c-de44cfeb847d|rpc:172.17.0.2:34901|dataStream:|priority:1, a3b22ff5-07c5-4717-894b-669982ee3e54|rpc:172.17.0.2:42689|dataStream:|priority:0, 7be7a3ee-2c60-4daa-92d5-fce366cccc9d|rpc:172.17.0.2:39539|dataStream:|priority:0], old=null
2021-03-17 02:10:17,492 [pool-237-thread-1] INFO  server.RaftServer$Division (RaftServerImpl.java:setRole(284)) - a3b22ff5-07c5-4717-894b-669982ee3e54@group-0D254D493D02: changes role from      null to FOLLOWER at term 0 for startAsFollower
2021-03-17 02:10:17,492 [pool-237-thread-1] INFO  impl.RoleInfo (RoleInfo.java:updateAndGet(130)) - a3b22ff5-07c5-4717-894b-669982ee3e54: start a3b22ff5-07c5-4717-894b-669982ee3e54@group-0D254D493D02-FollowerState
2021-03-17 02:10:17,492 [pool-237-thread-1] INFO  util.JmxRegister (JmxRegister.java:tryRegister(44)) - Successfully registered JMX Bean with object name Ratis:service=RaftServer,group=group-0D254D493D02,id=a3b22ff5-07c5-4717-894b-669982ee3e54
2021-03-17 02:10:17,492 [pool-237-thread-1] INFO  metrics.RatisMetrics (RatisMetrics.java:lambda$create$0(36)) - Creating Metrics Registry : ratis.state_machine.a3b22ff5-07c5-4717-894b-669982ee3e54@group-0D254D493D02
2021-03-17 02:10:17,499 [Command processor thread] INFO  metrics.RatisMetrics (RatisMetrics.java:lambda$create$0(36)) - Creating Metrics Registry : ratis.client_message_metrics.client-2CDB9D3D4F0A->7be7a3ee-2c60-4daa-92d5-fce366cccc9d
2021-03-17 02:10:17,504 [grpc-default-executor-1] INFO  metrics.RatisMetrics (RatisMetrics.java:lambda$create$0(36)) - Creating Metrics Registry : ratis.server_message_metrics.7be7a3ee-2c60-4daa-92d5-fce366cccc9d
2021-03-17 02:10:17,505 [grpc-default-executor-1] INFO  server.RaftServer (RaftServerProxy.java:addNew(95)) - 7be7a3ee-2c60-4daa-92d5-fce366cccc9d: addNew group-0D254D493D02:[c22503ba-573b-463b-9e1c-de44cfeb847d|rpc:172.17.0.2:34901|dataStream:|priority:1, a3b22ff5-07c5-4717-894b-669982ee3e54|rpc:172.17.0.2:42689|dataStream:|priority:0, 7be7a3ee-2c60-4daa-92d5-fce366cccc9d|rpc:172.17.0.2:39539|dataStream:|priority:0] returns group-0D254D493D02:java.util.concurrent.CompletableFuture@2d9e8585[Not completed]
2021-03-17 02:10:17,511 [pool-221-thread-1] INFO  server.RaftServer$Division (RaftServerImpl.java:<init>(180)) - 7be7a3ee-2c60-4daa-92d5-fce366cccc9d: new RaftServerImpl for group-0D254D493D02:[c22503ba-573b-463b-9e1c-de44cfeb847d|rpc:172.17.0.2:34901|dataStream:|priority:1, a3b22ff5-07c5-4717-894b-669982ee3e54|rpc:172.17.0.2:42689|dataStream:|priority:0, 7be7a3ee-2c60-4daa-92d5-fce366cccc9d|rpc:172.17.0.2:39539|dataStream:|priority:0] with ContainerStateMachine:uninitialized
2021-03-17 02:10:17,511 [pool-221-thread-1] INFO  server.RaftServerConfigKeys (ConfUtils.java:logGet(44)) - raft.server.rpc.timeout.min = 5s (custom)
2021-03-17 02:10:17,511 [pool-221-thread-1] INFO  server.RaftServerConfigKeys (ConfUtils.java:logGet(44)) - raft.server.rpc.timeout.max = 5200ms (custom)
2021-03-17 02:10:17,511 [pool-221-thread-1] INFO  server.RaftServerConfigKeys (ConfUtils.java:logGet(44)) - raft.server.rpc.sleep.time = 25ms (default)
2021-03-17 02:10:17,511 [pool-221-thread-1] INFO  server.RaftServerConfigKeys (ConfUtils.java:logGet(44)) - raft.server.rpc.slowness.timeout = 300000ms (custom)
2021-03-17 02:10:17,511 [pool-221-thread-1] INFO  server.RaftServerConfigKeys (ConfUtils.java:logGet(44)) - raft.server.leaderelection.leader.step-down.wait-time = 10s (default)
2021-03-17 02:10:17,511 [pool-221-thread-1] INFO  server.RaftServerConfigKeys (ConfUtils.java:logGet(44)) - raft.server.sleep.deviation.threshold = 300ms (default)
2021-03-17 02:10:17,511 [pool-221-thread-1] INFO  server.RaftServerConfigKeys (ConfUtils.java:logGet(44)) - raft.server.log.appender.install.snapshot.enabled = false (custom)
2021-03-17 02:10:17,511 [pool-221-thread-1] INFO  server.RaftServer$Division (ServerState.java:<init>(105)) - 7be7a3ee-2c60-4daa-92d5-fce366cccc9d@group-0D254D493D02: ConfigurationManager, init=-1: [c22503ba-573b-463b-9e1c-de44cfeb847d|rpc:172.17.0.2:34901|dataStream:|priority:1, a3b22ff5-07c5-4717-894b-669982ee3e54|rpc:172.17.0.2:42689|dataStream:|priority:0, 7be7a3ee-2c60-4daa-92d5-fce366cccc9d|rpc:172.17.0.2:39539|dataStream:|priority:0], old=null, confs=<EMPTY_MAP>
2021-03-17 02:10:17,511 [pool-221-thread-1] INFO  server.RaftServerConfigKeys (ConfUtils.java:logGet(44)) - raft.server.storage.dir = [/github/workspace/mnt/ozone/hadoop-ozone/integration-test/target/test-dir/MiniOzoneClusterImpl-5543d78b-3109-4325-8e4d-d24bfba87b26/datanode-1/data/ratis] (custom)
2021-03-17 02:10:17,512 [pool-221-thread-1] INFO  server.RaftServerConfigKeys (ConfUtils.java:logGet(44)) - raft.server.log.corruption.policy = EXCEPTION (default)
2021-03-17 02:10:17,512 [pool-221-thread-1] INFO  storage.RaftStorageDirectory (RaftStorageDirectoryImpl.java:analyzeStorage(132)) - The storage directory /github/workspace/mnt/ozone/hadoop-ozone/integration-test/target/test-dir/MiniOzoneClusterImpl-5543d78b-3109-4325-8e4d-d24bfba87b26/datanode-1/data/ratis/8ff1614f-e393-4bbd-a079-0d254d493d02 does not exist. Creating ...
2021-03-17 02:10:17,513 [pool-221-thread-1] INFO  storage.RaftStorageDirectory (RaftStorageDirectoryImpl.java:tryLock(215)) - Lock on /github/workspace/mnt/ozone/hadoop-ozone/integration-test/target/test-dir/MiniOzoneClusterImpl-5543d78b-3109-4325-8e4d-d24bfba87b26/datanode-1/data/ratis/8ff1614f-e393-4bbd-a079-0d254d493d02/in_use.lock acquired by nodename 11586@70ca58e12b9b
2021-03-17 02:10:17,514 [pool-221-thread-1] INFO  storage.RaftStorage (RaftStorageImpl.java:format(87)) - Storage directory /github/workspace/mnt/ozone/hadoop-ozone/integration-test/target/test-dir/MiniOzoneClusterImpl-5543d78b-3109-4325-8e4d-d24bfba87b26/datanode-1/data/ratis/8ff1614f-e393-4bbd-a079-0d254d493d02 has been successfully formatted.
2021-03-17 02:10:17,515 [pool-221-thread-1] INFO  ratis.ContainerStateMachine (ContainerStateMachine.java:loadSnapshot(223)) - group-0D254D493D02: The snapshot info is null. Setting the last applied indexto:(t:0, i:~)
2021-03-17 02:10:17,515 [EventQueue-PipelineReportForOneReplicaPipelineSafeModeRule] INFO  safemode.SCMSafeModeManager (SCMSafeModeManager.java:validateSafeModeExitRules(214)) - AtleastOneDatanodeReportedRule rule is successfully validated
2021-03-17 02:10:17,515 [pool-221-thread-1] ERROR storage.RaftStorage (RaftStorageImpl.java:readRaftConfiguration(147)) - Failed reading configuration from file:/github/workspace/mnt/ozone/hadoop-ozone/integration-test/target/test-dir/MiniOzoneClusterImpl-5543d78b-3109-4325-8e4d-d24bfba87b26/datanode-1/data/ratis/8ff1614f-e393-4bbd-a079-0d254d493d02/current/raft-meta.conf
java.io.FileNotFoundException: /github/workspace/mnt/ozone/hadoop-ozone/integration-test/target/test-dir/MiniOzoneClusterImpl-5543d78b-3109-4325-8e4d-d24bfba87b26/datanode-1/data/ratis/8ff1614f-e393-4bbd-a079-0d254d493d02/current/raft-meta.conf (No such file or directory)
	at java.io.FileInputStream.open0(Native Method)
	at java.io.FileInputStream.open(FileInputStream.java:195)
	at java.io.FileInputStream.<init>(FileInputStream.java:138)
	at org.apache.ratis.server.storage.RaftStorageImpl.readRaftConfiguration(RaftStorageImpl.java:143)
	at org.apache.ratis.server.impl.ServerState.<init>(ServerState.java:122)
	at org.apache.ratis.server.impl.RaftServerImpl.<init>(RaftServerImpl.java:193)
	at org.apache.ratis.server.impl.RaftServerProxy.lambda$newRaftServerImpl$4(RaftServerProxy.java:266)
	at java.util.concurrent.CompletableFuture$AsyncSupply.run(CompletableFuture.java:1604)
	at java.util.concurrent.ThreadPoolExecutor.runWorker(ThreadPoolExecutor.java:1149)
	at java.util.concurrent.ThreadPoolExecutor$Worker.run(ThreadPoolExecutor.java:624)
	at java.lang.Thread.run(Thread.java:748)
2021-03-17 02:10:17,516 [pool-221-thread-1] INFO  server.RaftServerConfigKeys (ConfUtils.java:logGet(44)) - raft.server.notification.no-leader.timeout = 300000ms (custom)
2021-03-17 02:10:17,516 [pool-221-thread-1] INFO  server.RaftServerConfigKeys (ConfUtils.java:logGet(44)) - raft.server.log.use.memory = false (default)
2021-03-17 02:10:17,516 [pool-221-thread-1] INFO  server.RaftServerConfigKeys (ConfUtils.java:logGet(44)) - raft.server.log.purge.gap = 1000000 (custom)
2021-03-17 02:10:17,516 [pool-221-thread-1] INFO  server.RaftServerConfigKeys (ConfUtils.java:logGet(44)) - raft.server.log.appender.buffer.byte-limit = 33554432 (custom)
2021-03-17 02:10:17,516 [pool-221-thread-1] INFO  metrics.RatisMetrics (RatisMetrics.java:lambda$create$0(36)) - Creating Metrics Registry : ratis.log_worker.7be7a3ee-2c60-4daa-92d5-fce366cccc9d@group-0D254D493D02
2021-03-17 02:10:17,516 [pool-221-thread-1] INFO  server.RaftServerConfigKeys (ConfUtils.java:logGet(44)) - raft.server.log.segment.size.max = 1048576 (custom)
2021-03-17 02:10:17,517 [pool-221-thread-1] INFO  server.RaftServerConfigKeys (ConfUtils.java:logGet(44)) - raft.server.log.segment.cache.num.max = 2 (custom)
2021-03-17 02:10:17,517 [pool-221-thread-1] INFO  server.RaftServerConfigKeys (ConfUtils.java:logGet(44)) - raft.server.log.segment.cache.size.max = 200MB (=209715200) (default)
2021-03-17 02:10:17,517 [pool-221-thread-1] INFO  segmented.SegmentedRaftLogWorker (SegmentedRaftLogWorker.java:<init>(181)) - new 7be7a3ee-2c60-4daa-92d5-fce366cccc9d@group-0D254D493D02-SegmentedRaftLogWorker for RaftStorageImpl:Storage Directory /github/workspace/mnt/ozone/hadoop-ozone/integration-test/target/test-dir/MiniOzoneClusterImpl-5543d78b-3109-4325-8e4d-d24bfba87b26/datanode-1/data/ratis/8ff1614f-e393-4bbd-a079-0d254d493d02
2021-03-17 02:10:17,517 [pool-221-thread-1] INFO  server.RaftServerConfigKeys (ConfUtils.java:logGet(44)) - raft.server.log.queue.byte-limit = 2147483647 (custom)
2021-03-17 02:10:17,517 [pool-221-thread-1] INFO  server.RaftServerConfigKeys (ConfUtils.java:logGet(44)) - raft.server.log.queue.element-limit = 1024 (custom)
2021-03-17 02:10:17,517 [pool-221-thread-1] INFO  server.RaftServerConfigKeys (ConfUtils.java:logGet(44)) - raft.server.log.segment.size.max = 1048576 (custom)
2021-03-17 02:10:17,517 [pool-221-thread-1] INFO  server.RaftServerConfigKeys (ConfUtils.java:logGet(44)) - raft.server.log.preallocated.size = 16384 (custom)
2021-03-17 02:10:17,517 [pool-221-thread-1] INFO  server.RaftServerConfigKeys (ConfUtils.java:logGet(44)) - raft.server.log.force.sync.num = 128 (default)
2021-03-17 02:10:17,517 [pool-221-thread-1] INFO  server.RaftServerConfigKeys (ConfUtils.java:logGet(44)) - raft.server.log.statemachine.data.sync = true (default)
2021-03-17 02:10:17,517 [pool-221-thread-1] INFO  server.RaftServerConfigKeys (ConfUtils.java:logGet(44)) - raft.server.log.statemachine.data.sync.timeout = 10s (default)
2021-03-17 02:10:17,517 [pool-221-thread-1] INFO  server.RaftServerConfigKeys (ConfUtils.java:logGet(44)) - raft.server.log.statemachine.data.sync.timeout.retry = -1 (default)
2021-03-17 02:10:17,518 [pool-221-thread-1] INFO  server.RaftServerConfigKeys (ConfUtils.java:logGet(44)) - raft.server.log.write.buffer.size = 1048576 (custom)
2021-03-17 02:10:17,519 [pool-221-thread-1] INFO  server.RaftServerConfigKeys (ConfUtils.java:logGet(44)) - raft.server.log.statemachine.data.caching.enabled = true (custom)
2021-03-17 02:10:17,519 [pool-221-thread-1] INFO  segmented.SegmentedRaftLogWorker (SegmentedRaftLogWorker.java:lambda$new$0(132)) - 7be7a3ee-2c60-4daa-92d5-fce366cccc9d@group-0D254D493D02-SegmentedRaftLogWorker: flushIndex: setUnconditionally 0 -> -1
2021-03-17 02:10:17,519 [pool-221-thread-1] INFO  segmented.SegmentedRaftLogWorker (SegmentedRaftLogWorker.java:lambda$new$0(132)) - 7be7a3ee-2c60-4daa-92d5-fce366cccc9d@group-0D254D493D02-SegmentedRaftLogWorker: safeCacheEvictIndex: setUnconditionally 0 -> -1
2021-03-17 02:10:17,520 [pool-221-thread-1] INFO  server.RaftServerConfigKeys (ConfUtils.java:logGet(44)) - raft.server.snapshot.auto.trigger.enabled = true (custom)
2021-03-17 02:10:17,520 [pool-221-thread-1] INFO  server.RaftServerConfigKeys (ConfUtils.java:logGet(44)) - raft.server.snapshot.auto.trigger.threshold = 10000 (custom)
2021-03-17 02:10:17,520 [pool-221-thread-1] INFO  server.RaftServerConfigKeys (ConfUtils.java:logGet(44)) - raft.server.snapshot.retention.file.num = 5 (custom)
2021-03-17 02:10:17,520 [pool-221-thread-1] INFO  server.RaftServerConfigKeys (ConfUtils.java:logGet(44)) - raft.server.log.purge.upto.snapshot.index = false (default)
2021-03-17 02:10:17,520 [pool-221-thread-1] INFO  server.RaftServerConfigKeys (ConfUtils.java:logGet(44)) - raft.server.retrycache.expirytime = 600000ms (custom)
2021-03-17 02:10:17,520 [pool-221-thread-1] INFO  server.RaftServerConfigKeys (ConfUtils.java:logGet(44)) - raft.server.retrycache.statistics.expirytime = 100?s (default)
2021-03-17 02:10:17,520 [pool-221-thread-1] INFO  metrics.RatisMetrics (RatisMetrics.java:lambda$create$0(36)) - Creating Metrics Registry : ratis.leader_election.7be7a3ee-2c60-4daa-92d5-fce366cccc9d@group-0D254D493D02
2021-03-17 02:10:17,520 [pool-221-thread-1] INFO  metrics.RatisMetrics (RatisMetrics.java:lambda$create$0(36)) - Creating Metrics Registry : ratis.server.7be7a3ee-2c60-4daa-92d5-fce366cccc9d@group-0D254D493D02
2021-03-17 02:10:17,521 [pool-221-thread-1] INFO  server.RaftServer$Division (RaftServerImpl.java:start(295)) - 7be7a3ee-2c60-4daa-92d5-fce366cccc9d@group-0D254D493D02: start as a follower, conf=-1: [c22503ba-573b-463b-9e1c-de44cfeb847d|rpc:172.17.0.2:34901|dataStream:|priority:1, a3b22ff5-07c5-4717-894b-669982ee3e54|rpc:172.17.0.2:42689|dataStream:|priority:0, 7be7a3ee-2c60-4daa-92d5-fce366cccc9d|rpc:172.17.0.2:39539|dataStream:|priority:0], old=null
2021-03-17 02:10:17,521 [pool-221-thread-1] INFO  server.RaftServer$Division (RaftServerImpl.java:setRole(284)) - 7be7a3ee-2c60-4daa-92d5-fce366cccc9d@group-0D254D493D02: changes role from      null to FOLLOWER at term 0 for startAsFollower
2021-03-17 02:10:17,521 [pool-221-thread-1] INFO  impl.RoleInfo (RoleInfo.java:updateAndGet(130)) - 7be7a3ee-2c60-4daa-92d5-fce366cccc9d: start 7be7a3ee-2c60-4daa-92d5-fce366cccc9d@group-0D254D493D02-FollowerState
2021-03-17 02:10:17,521 [pool-221-thread-1] INFO  util.JmxRegister (JmxRegister.java:tryRegister(44)) - Successfully registered JMX Bean with object name Ratis:service=RaftServer,group=group-0D254D493D02,id=7be7a3ee-2c60-4daa-92d5-fce366cccc9d
2021-03-17 02:10:17,521 [pool-221-thread-1] INFO  metrics.RatisMetrics (RatisMetrics.java:lambda$create$0(36)) - Creating Metrics Registry : ratis.state_machine.7be7a3ee-2c60-4daa-92d5-fce366cccc9d@group-0D254D493D02
2021-03-17 02:10:17,524 [Command processor thread] INFO  commandhandler.CreatePipelineCommandHandler (CreatePipelineCommandHandler.java:handle(106)) - Created Pipeline RATIS THREE PipelineID=8ff1614f-e393-4bbd-a079-0d254d493d02.
2021-03-17 02:10:17,524 [Command processor thread] INFO  server.RaftServer (RaftServerProxy.java:addNew(95)) - c22503ba-573b-463b-9e1c-de44cfeb847d: addNew group-FAE0631FEBCD:[c22503ba-573b-463b-9e1c-de44cfeb847d|rpc:172.17.0.2:34901|priority:0, a3b22ff5-07c5-4717-894b-669982ee3e54|rpc:172.17.0.2:42689|priority:0, 7be7a3ee-2c60-4daa-92d5-fce366cccc9d|rpc:172.17.0.2:39539|priority:1] returns group-FAE0631FEBCD:java.util.concurrent.CompletableFuture@57c53fce[Not completed]
2021-03-17 02:10:17,525 [pool-205-thread-1] INFO  server.RaftServer$Division (RaftServerImpl.java:<init>(180)) - c22503ba-573b-463b-9e1c-de44cfeb847d: new RaftServerImpl for group-FAE0631FEBCD:[c22503ba-573b-463b-9e1c-de44cfeb847d|rpc:172.17.0.2:34901|priority:0, a3b22ff5-07c5-4717-894b-669982ee3e54|rpc:172.17.0.2:42689|priority:0, 7be7a3ee-2c60-4daa-92d5-fce366cccc9d|rpc:172.17.0.2:39539|priority:1] with ContainerStateMachine:uninitialized
2021-03-17 02:10:17,525 [pool-205-thread-1] INFO  server.RaftServerConfigKeys (ConfUtils.java:logGet(44)) - raft.server.rpc.timeout.min = 5s (custom)
2021-03-17 02:10:17,525 [pool-205-thread-1] INFO  server.RaftServerConfigKeys (ConfUtils.java:logGet(44)) - raft.server.rpc.timeout.max = 5200ms (custom)
2021-03-17 02:10:17,525 [pool-205-thread-1] INFO  server.RaftServerConfigKeys (ConfUtils.java:logGet(44)) - raft.server.rpc.sleep.time = 25ms (default)
2021-03-17 02:10:17,525 [pool-205-thread-1] INFO  server.RaftServerConfigKeys (ConfUtils.java:logGet(44)) - raft.server.rpc.slowness.timeout = 300000ms (custom)
2021-03-17 02:10:17,525 [pool-205-thread-1] INFO  server.RaftServerConfigKeys (ConfUtils.java:logGet(44)) - raft.server.leaderelection.leader.step-down.wait-time = 10s (default)
2021-03-17 02:10:17,525 [pool-205-thread-1] INFO  server.RaftServerConfigKeys (ConfUtils.java:logGet(44)) - raft.server.sleep.deviation.threshold = 300ms (default)
2021-03-17 02:10:17,526 [pool-205-thread-1] INFO  server.RaftServerConfigKeys (ConfUtils.java:logGet(44)) - raft.server.log.appender.install.snapshot.enabled = false (custom)
2021-03-17 02:10:17,526 [pool-205-thread-1] INFO  server.RaftServer$Division (ServerState.java:<init>(105)) - c22503ba-573b-463b-9e1c-de44cfeb847d@group-FAE0631FEBCD: ConfigurationManager, init=-1: [c22503ba-573b-463b-9e1c-de44cfeb847d|rpc:172.17.0.2:34901|priority:0, a3b22ff5-07c5-4717-894b-669982ee3e54|rpc:172.17.0.2:42689|priority:0, 7be7a3ee-2c60-4daa-92d5-fce366cccc9d|rpc:172.17.0.2:39539|priority:1], old=null, confs=<EMPTY_MAP>
2021-03-17 02:10:17,526 [pool-205-thread-1] INFO  server.RaftServerConfigKeys (ConfUtils.java:logGet(44)) - raft.server.storage.dir = [/github/workspace/mnt/ozone/hadoop-ozone/integration-test/target/test-dir/MiniOzoneClusterImpl-5543d78b-3109-4325-8e4d-d24bfba87b26/datanode-0/data/ratis] (custom)
2021-03-17 02:10:17,526 [pool-205-thread-1] INFO  server.RaftServerConfigKeys (ConfUtils.java:logGet(44)) - raft.server.log.corruption.policy = EXCEPTION (default)
2021-03-17 02:10:17,526 [pool-205-thread-1] INFO  storage.RaftStorageDirectory (RaftStorageDirectoryImpl.java:analyzeStorage(132)) - The storage directory /github/workspace/mnt/ozone/hadoop-ozone/integration-test/target/test-dir/MiniOzoneClusterImpl-5543d78b-3109-4325-8e4d-d24bfba87b26/datanode-0/data/ratis/05ce0818-b588-4728-ba10-fae0631febcd does not exist. Creating ...
2021-03-17 02:10:17,527 [pool-205-thread-1] INFO  storage.RaftStorageDirectory (RaftStorageDirectoryImpl.java:tryLock(215)) - Lock on /github/workspace/mnt/ozone/hadoop-ozone/integration-test/target/test-dir/MiniOzoneClusterImpl-5543d78b-3109-4325-8e4d-d24bfba87b26/datanode-0/data/ratis/05ce0818-b588-4728-ba10-fae0631febcd/in_use.lock acquired by nodename 11586@70ca58e12b9b
2021-03-17 02:10:17,529 [pool-205-thread-1] INFO  storage.RaftStorage (RaftStorageImpl.java:format(87)) - Storage directory /github/workspace/mnt/ozone/hadoop-ozone/integration-test/target/test-dir/MiniOzoneClusterImpl-5543d78b-3109-4325-8e4d-d24bfba87b26/datanode-0/data/ratis/05ce0818-b588-4728-ba10-fae0631febcd has been successfully formatted.
2021-03-17 02:10:17,529 [pool-205-thread-1] INFO  ratis.ContainerStateMachine (ContainerStateMachine.java:loadSnapshot(223)) - group-FAE0631FEBCD: The snapshot info is null. Setting the last applied indexto:(t:0, i:~)
2021-03-17 02:10:17,529 [pool-205-thread-1] ERROR storage.RaftStorage (RaftStorageImpl.java:readRaftConfiguration(147)) - Failed reading configuration from file:/github/workspace/mnt/ozone/hadoop-ozone/integration-test/target/test-dir/MiniOzoneClusterImpl-5543d78b-3109-4325-8e4d-d24bfba87b26/datanode-0/data/ratis/05ce0818-b588-4728-ba10-fae0631febcd/current/raft-meta.conf
java.io.FileNotFoundException: /github/workspace/mnt/ozone/hadoop-ozone/integration-test/target/test-dir/MiniOzoneClusterImpl-5543d78b-3109-4325-8e4d-d24bfba87b26/datanode-0/data/ratis/05ce0818-b588-4728-ba10-fae0631febcd/current/raft-meta.conf (No such file or directory)
	at java.io.FileInputStream.open0(Native Method)
	at java.io.FileInputStream.open(FileInputStream.java:195)
	at java.io.FileInputStream.<init>(FileInputStream.java:138)
	at org.apache.ratis.server.storage.RaftStorageImpl.readRaftConfiguration(RaftStorageImpl.java:143)
	at org.apache.ratis.server.impl.ServerState.<init>(ServerState.java:122)
	at org.apache.ratis.server.impl.RaftServerImpl.<init>(RaftServerImpl.java:193)
	at org.apache.ratis.server.impl.RaftServerProxy.lambda$newRaftServerImpl$4(RaftServerProxy.java:266)
	at java.util.concurrent.CompletableFuture$AsyncSupply.run(CompletableFuture.java:1604)
	at java.util.concurrent.ThreadPoolExecutor.runWorker(ThreadPoolExecutor.java:1149)
	at java.util.concurrent.ThreadPoolExecutor$Worker.run(ThreadPoolExecutor.java:624)
	at java.lang.Thread.run(Thread.java:748)
2021-03-17 02:10:17,530 [EventQueue-OpenPipelineForHealthyPipelineSafeModeRule] INFO  safemode.SCMSafeModeManager (HealthyPipelineSafeModeRule.java:process(128)) - SCM in safe mode. Healthy pipelines reported count is 0, required healthy pipeline reported count is 1
2021-03-17 02:10:17,529 [EventQueue-PipelineReportForOneReplicaPipelineSafeModeRule] INFO  safemode.SCMSafeModeManager (SCMSafeModeManager.java:validateSafeModeExitRules(214)) - AtleastOneDatanodeReportedRule rule is successfully validated
2021-03-17 02:10:17,530 [pool-205-thread-1] INFO  server.RaftServerConfigKeys (ConfUtils.java:logGet(44)) - raft.server.notification.no-leader.timeout = 300000ms (custom)
2021-03-17 02:10:17,530 [pool-205-thread-1] INFO  server.RaftServerConfigKeys (ConfUtils.java:logGet(44)) - raft.server.log.use.memory = false (default)
2021-03-17 02:10:17,530 [pool-205-thread-1] INFO  server.RaftServerConfigKeys (ConfUtils.java:logGet(44)) - raft.server.log.purge.gap = 1000000 (custom)
2021-03-17 02:10:17,530 [pool-205-thread-1] INFO  server.RaftServerConfigKeys (ConfUtils.java:logGet(44)) - raft.server.log.appender.buffer.byte-limit = 33554432 (custom)
2021-03-17 02:10:17,530 [pool-205-thread-1] INFO  metrics.RatisMetrics (RatisMetrics.java:lambda$create$0(36)) - Creating Metrics Registry : ratis.log_worker.c22503ba-573b-463b-9e1c-de44cfeb847d@group-FAE0631FEBCD
2021-03-17 02:10:17,531 [pool-205-thread-1] INFO  server.RaftServerConfigKeys (ConfUtils.java:logGet(44)) - raft.server.log.segment.size.max = 1048576 (custom)
2021-03-17 02:10:17,531 [pool-205-thread-1] INFO  server.RaftServerConfigKeys (ConfUtils.java:logGet(44)) - raft.server.log.segment.cache.num.max = 2 (custom)
2021-03-17 02:10:17,531 [pool-205-thread-1] INFO  server.RaftServerConfigKeys (ConfUtils.java:logGet(44)) - raft.server.log.segment.cache.size.max = 200MB (=209715200) (default)
2021-03-17 02:10:17,531 [pool-205-thread-1] INFO  segmented.SegmentedRaftLogWorker (SegmentedRaftLogWorker.java:<init>(181)) - new c22503ba-573b-463b-9e1c-de44cfeb847d@group-FAE0631FEBCD-SegmentedRaftLogWorker for RaftStorageImpl:Storage Directory /github/workspace/mnt/ozone/hadoop-ozone/integration-test/target/test-dir/MiniOzoneClusterImpl-5543d78b-3109-4325-8e4d-d24bfba87b26/datanode-0/data/ratis/05ce0818-b588-4728-ba10-fae0631febcd
2021-03-17 02:10:17,531 [pool-205-thread-1] INFO  server.RaftServerConfigKeys (ConfUtils.java:logGet(44)) - raft.server.log.queue.byte-limit = 2147483647 (custom)
2021-03-17 02:10:17,531 [pool-205-thread-1] INFO  server.RaftServerConfigKeys (ConfUtils.java:logGet(44)) - raft.server.log.queue.element-limit = 1024 (custom)
2021-03-17 02:10:17,531 [pool-205-thread-1] INFO  server.RaftServerConfigKeys (ConfUtils.java:logGet(44)) - raft.server.log.segment.size.max = 1048576 (custom)
2021-03-17 02:10:17,531 [pool-205-thread-1] INFO  server.RaftServerConfigKeys (ConfUtils.java:logGet(44)) - raft.server.log.preallocated.size = 16384 (custom)
2021-03-17 02:10:17,532 [pool-205-thread-1] INFO  server.RaftServerConfigKeys (ConfUtils.java:logGet(44)) - raft.server.log.force.sync.num = 128 (default)
2021-03-17 02:10:17,532 [pool-205-thread-1] INFO  server.RaftServerConfigKeys (ConfUtils.java:logGet(44)) - raft.server.log.statemachine.data.sync = true (default)
2021-03-17 02:10:17,532 [pool-205-thread-1] INFO  server.RaftServerConfigKeys (ConfUtils.java:logGet(44)) - raft.server.log.statemachine.data.sync.timeout = 10s (default)
2021-03-17 02:10:17,532 [pool-205-thread-1] INFO  server.RaftServerConfigKeys (ConfUtils.java:logGet(44)) - raft.server.log.statemachine.data.sync.timeout.retry = -1 (default)
2021-03-17 02:10:17,533 [pool-205-thread-1] INFO  server.RaftServerConfigKeys (ConfUtils.java:logGet(44)) - raft.server.log.write.buffer.size = 1048576 (custom)
2021-03-17 02:10:17,533 [pool-205-thread-1] INFO  server.RaftServerConfigKeys (ConfUtils.java:logGet(44)) - raft.server.log.statemachine.data.caching.enabled = true (custom)
2021-03-17 02:10:17,534 [pool-205-thread-1] INFO  segmented.SegmentedRaftLogWorker (SegmentedRaftLogWorker.java:lambda$new$0(132)) - c22503ba-573b-463b-9e1c-de44cfeb847d@group-FAE0631FEBCD-SegmentedRaftLogWorker: flushIndex: setUnconditionally 0 -> -1
2021-03-17 02:10:17,534 [pool-205-thread-1] INFO  segmented.SegmentedRaftLogWorker (SegmentedRaftLogWorker.java:lambda$new$0(132)) - c22503ba-573b-463b-9e1c-de44cfeb847d@group-FAE0631FEBCD-SegmentedRaftLogWorker: safeCacheEvictIndex: setUnconditionally 0 -> -1
2021-03-17 02:10:17,534 [pool-205-thread-1] INFO  server.RaftServerConfigKeys (ConfUtils.java:logGet(44)) - raft.server.snapshot.auto.trigger.enabled = true (custom)
2021-03-17 02:10:17,534 [pool-205-thread-1] INFO  server.RaftServerConfigKeys (ConfUtils.java:logGet(44)) - raft.server.snapshot.auto.trigger.threshold = 10000 (custom)
2021-03-17 02:10:17,534 [pool-205-thread-1] INFO  server.RaftServerConfigKeys (ConfUtils.java:logGet(44)) - raft.server.snapshot.retention.file.num = 5 (custom)
2021-03-17 02:10:17,534 [pool-205-thread-1] INFO  server.RaftServerConfigKeys (ConfUtils.java:logGet(44)) - raft.server.log.purge.upto.snapshot.index = false (default)
2021-03-17 02:10:17,534 [pool-205-thread-1] INFO  server.RaftServerConfigKeys (ConfUtils.java:logGet(44)) - raft.server.retrycache.expirytime = 600000ms (custom)
2021-03-17 02:10:17,534 [pool-205-thread-1] INFO  server.RaftServerConfigKeys (ConfUtils.java:logGet(44)) - raft.server.retrycache.statistics.expirytime = 100?s (default)
2021-03-17 02:10:17,534 [pool-205-thread-1] INFO  metrics.RatisMetrics (RatisMetrics.java:lambda$create$0(36)) - Creating Metrics Registry : ratis.leader_election.c22503ba-573b-463b-9e1c-de44cfeb847d@group-FAE0631FEBCD
2021-03-17 02:10:17,535 [pool-205-thread-1] INFO  metrics.RatisMetrics (RatisMetrics.java:lambda$create$0(36)) - Creating Metrics Registry : ratis.server.c22503ba-573b-463b-9e1c-de44cfeb847d@group-FAE0631FEBCD
2021-03-17 02:10:17,535 [pool-205-thread-1] INFO  server.RaftServer$Division (RaftServerImpl.java:start(295)) - c22503ba-573b-463b-9e1c-de44cfeb847d@group-FAE0631FEBCD: start as a follower, conf=-1: [c22503ba-573b-463b-9e1c-de44cfeb847d|rpc:172.17.0.2:34901|priority:0, a3b22ff5-07c5-4717-894b-669982ee3e54|rpc:172.17.0.2:42689|priority:0, 7be7a3ee-2c60-4daa-92d5-fce366cccc9d|rpc:172.17.0.2:39539|priority:1], old=null
2021-03-17 02:10:17,536 [pool-205-thread-1] INFO  server.RaftServer$Division (RaftServerImpl.java:setRole(284)) - c22503ba-573b-463b-9e1c-de44cfeb847d@group-FAE0631FEBCD: changes role from      null to FOLLOWER at term 0 for startAsFollower
2021-03-17 02:10:17,536 [pool-205-thread-1] INFO  impl.RoleInfo (RoleInfo.java:updateAndGet(130)) - c22503ba-573b-463b-9e1c-de44cfeb847d: start c22503ba-573b-463b-9e1c-de44cfeb847d@group-FAE0631FEBCD-FollowerState
2021-03-17 02:10:17,536 [pool-205-thread-1] INFO  util.JmxRegister (JmxRegister.java:tryRegister(44)) - Successfully registered JMX Bean with object name Ratis:service=RaftServer,group=group-FAE0631FEBCD,id=c22503ba-573b-463b-9e1c-de44cfeb847d
2021-03-17 02:10:17,536 [pool-205-thread-1] INFO  metrics.RatisMetrics (RatisMetrics.java:lambda$create$0(36)) - Creating Metrics Registry : ratis.state_machine.c22503ba-573b-463b-9e1c-de44cfeb847d@group-FAE0631FEBCD
2021-03-17 02:10:17,538 [Command processor thread] INFO  metrics.RatisMetrics (RatisMetrics.java:lambda$create$0(36)) - Creating Metrics Registry : ratis.client_message_metrics.client-4D20759AE252->a3b22ff5-07c5-4717-894b-669982ee3e54
2021-03-17 02:10:17,544 [grpc-default-executor-1] INFO  server.RaftServer (RaftServerProxy.java:addNew(95)) - a3b22ff5-07c5-4717-894b-669982ee3e54: addNew group-FAE0631FEBCD:[c22503ba-573b-463b-9e1c-de44cfeb847d|rpc:172.17.0.2:34901|dataStream:|priority:0, a3b22ff5-07c5-4717-894b-669982ee3e54|rpc:172.17.0.2:42689|dataStream:|priority:0, 7be7a3ee-2c60-4daa-92d5-fce366cccc9d|rpc:172.17.0.2:39539|dataStream:|priority:1] returns group-FAE0631FEBCD:java.util.concurrent.CompletableFuture@50ab285e[Not completed]
2021-03-17 02:10:17,544 [pool-237-thread-1] INFO  server.RaftServer$Division (RaftServerImpl.java:<init>(180)) - a3b22ff5-07c5-4717-894b-669982ee3e54: new RaftServerImpl for group-FAE0631FEBCD:[c22503ba-573b-463b-9e1c-de44cfeb847d|rpc:172.17.0.2:34901|dataStream:|priority:0, a3b22ff5-07c5-4717-894b-669982ee3e54|rpc:172.17.0.2:42689|dataStream:|priority:0, 7be7a3ee-2c60-4daa-92d5-fce366cccc9d|rpc:172.17.0.2:39539|dataStream:|priority:1] with ContainerStateMachine:uninitialized
2021-03-17 02:10:17,544 [pool-237-thread-1] INFO  server.RaftServerConfigKeys (ConfUtils.java:logGet(44)) - raft.server.rpc.timeout.min = 5s (custom)
2021-03-17 02:10:17,544 [pool-237-thread-1] INFO  server.RaftServerConfigKeys (ConfUtils.java:logGet(44)) - raft.server.rpc.timeout.max = 5200ms (custom)
2021-03-17 02:10:17,544 [pool-237-thread-1] INFO  server.RaftServerConfigKeys (ConfUtils.java:logGet(44)) - raft.server.rpc.sleep.time = 25ms (default)
2021-03-17 02:10:17,544 [pool-237-thread-1] INFO  server.RaftServerConfigKeys (ConfUtils.java:logGet(44)) - raft.server.rpc.slowness.timeout = 300000ms (custom)
2021-03-17 02:10:17,545 [pool-237-thread-1] INFO  server.RaftServerConfigKeys (ConfUtils.java:logGet(44)) - raft.server.leaderelection.leader.step-down.wait-time = 10s (default)
2021-03-17 02:10:17,545 [pool-237-thread-1] INFO  server.RaftServerConfigKeys (ConfUtils.java:logGet(44)) - raft.server.sleep.deviation.threshold = 300ms (default)
2021-03-17 02:10:17,545 [pool-237-thread-1] INFO  server.RaftServerConfigKeys (ConfUtils.java:logGet(44)) - raft.server.log.appender.install.snapshot.enabled = false (custom)
2021-03-17 02:10:17,545 [pool-237-thread-1] INFO  server.RaftServer$Division (ServerState.java:<init>(105)) - a3b22ff5-07c5-4717-894b-669982ee3e54@group-FAE0631FEBCD: ConfigurationManager, init=-1: [c22503ba-573b-463b-9e1c-de44cfeb847d|rpc:172.17.0.2:34901|dataStream:|priority:0, a3b22ff5-07c5-4717-894b-669982ee3e54|rpc:172.17.0.2:42689|dataStream:|priority:0, 7be7a3ee-2c60-4daa-92d5-fce366cccc9d|rpc:172.17.0.2:39539|dataStream:|priority:1], old=null, confs=<EMPTY_MAP>
2021-03-17 02:10:17,545 [pool-237-thread-1] INFO  server.RaftServerConfigKeys (ConfUtils.java:logGet(44)) - raft.server.storage.dir = [/github/workspace/mnt/ozone/hadoop-ozone/integration-test/target/test-dir/MiniOzoneClusterImpl-5543d78b-3109-4325-8e4d-d24bfba87b26/datanode-2/data/ratis] (custom)
2021-03-17 02:10:17,545 [pool-237-thread-1] INFO  server.RaftServerConfigKeys (ConfUtils.java:logGet(44)) - raft.server.log.corruption.policy = EXCEPTION (default)
2021-03-17 02:10:17,545 [pool-237-thread-1] INFO  storage.RaftStorageDirectory (RaftStorageDirectoryImpl.java:analyzeStorage(132)) - The storage directory /github/workspace/mnt/ozone/hadoop-ozone/integration-test/target/test-dir/MiniOzoneClusterImpl-5543d78b-3109-4325-8e4d-d24bfba87b26/datanode-2/data/ratis/05ce0818-b588-4728-ba10-fae0631febcd does not exist. Creating ...
2021-03-17 02:10:17,548 [pool-237-thread-1] INFO  storage.RaftStorageDirectory (RaftStorageDirectoryImpl.java:tryLock(215)) - Lock on /github/workspace/mnt/ozone/hadoop-ozone/integration-test/target/test-dir/MiniOzoneClusterImpl-5543d78b-3109-4325-8e4d-d24bfba87b26/datanode-2/data/ratis/05ce0818-b588-4728-ba10-fae0631febcd/in_use.lock acquired by nodename 11586@70ca58e12b9b
2021-03-17 02:10:17,550 [pool-237-thread-1] INFO  storage.RaftStorage (RaftStorageImpl.java:format(87)) - Storage directory /github/workspace/mnt/ozone/hadoop-ozone/integration-test/target/test-dir/MiniOzoneClusterImpl-5543d78b-3109-4325-8e4d-d24bfba87b26/datanode-2/data/ratis/05ce0818-b588-4728-ba10-fae0631febcd has been successfully formatted.
2021-03-17 02:10:17,550 [pool-237-thread-1] INFO  ratis.ContainerStateMachine (ContainerStateMachine.java:loadSnapshot(223)) - group-FAE0631FEBCD: The snapshot info is null. Setting the last applied indexto:(t:0, i:~)
2021-03-17 02:10:17,551 [EventQueue-PipelineReportForOneReplicaPipelineSafeModeRule] INFO  safemode.SCMSafeModeManager (SCMSafeModeManager.java:validateSafeModeExitRules(214)) - AtleastOneDatanodeReportedRule rule is successfully validated
2021-03-17 02:10:17,551 [pool-237-thread-1] ERROR storage.RaftStorage (RaftStorageImpl.java:readRaftConfiguration(147)) - Failed reading configuration from file:/github/workspace/mnt/ozone/hadoop-ozone/integration-test/target/test-dir/MiniOzoneClusterImpl-5543d78b-3109-4325-8e4d-d24bfba87b26/datanode-2/data/ratis/05ce0818-b588-4728-ba10-fae0631febcd/current/raft-meta.conf
java.io.FileNotFoundException: /github/workspace/mnt/ozone/hadoop-ozone/integration-test/target/test-dir/MiniOzoneClusterImpl-5543d78b-3109-4325-8e4d-d24bfba87b26/datanode-2/data/ratis/05ce0818-b588-4728-ba10-fae0631febcd/current/raft-meta.conf (No such file or directory)
	at java.io.FileInputStream.open0(Native Method)
	at java.io.FileInputStream.open(FileInputStream.java:195)
	at java.io.FileInputStream.<init>(FileInputStream.java:138)
	at org.apache.ratis.server.storage.RaftStorageImpl.readRaftConfiguration(RaftStorageImpl.java:143)
	at org.apache.ratis.server.impl.ServerState.<init>(ServerState.java:122)
	at org.apache.ratis.server.impl.RaftServerImpl.<init>(RaftServerImpl.java:193)
	at org.apache.ratis.server.impl.RaftServerProxy.lambda$newRaftServerImpl$4(RaftServerProxy.java:266)
	at java.util.concurrent.CompletableFuture$AsyncSupply.run(CompletableFuture.java:1604)
	at java.util.concurrent.ThreadPoolExecutor.runWorker(ThreadPoolExecutor.java:1149)
	at java.util.concurrent.ThreadPoolExecutor$Worker.run(ThreadPoolExecutor.java:624)
	at java.lang.Thread.run(Thread.java:748)
2021-03-17 02:10:17,551 [pool-237-thread-1] INFO  server.RaftServerConfigKeys (ConfUtils.java:logGet(44)) - raft.server.notification.no-leader.timeout = 300000ms (custom)
2021-03-17 02:10:17,551 [pool-237-thread-1] INFO  server.RaftServerConfigKeys (ConfUtils.java:logGet(44)) - raft.server.log.use.memory = false (default)
2021-03-17 02:10:17,551 [pool-237-thread-1] INFO  server.RaftServerConfigKeys (ConfUtils.java:logGet(44)) - raft.server.log.purge.gap = 1000000 (custom)
2021-03-17 02:10:17,551 [pool-237-thread-1] INFO  server.RaftServerConfigKeys (ConfUtils.java:logGet(44)) - raft.server.log.appender.buffer.byte-limit = 33554432 (custom)
2021-03-17 02:10:17,551 [pool-237-thread-1] INFO  metrics.RatisMetrics (RatisMetrics.java:lambda$create$0(36)) - Creating Metrics Registry : ratis.log_worker.a3b22ff5-07c5-4717-894b-669982ee3e54@group-FAE0631FEBCD
2021-03-17 02:10:17,552 [pool-237-thread-1] INFO  server.RaftServerConfigKeys (ConfUtils.java:logGet(44)) - raft.server.log.segment.size.max = 1048576 (custom)
2021-03-17 02:10:17,552 [pool-237-thread-1] INFO  server.RaftServerConfigKeys (ConfUtils.java:logGet(44)) - raft.server.log.segment.cache.num.max = 2 (custom)
2021-03-17 02:10:17,552 [pool-237-thread-1] INFO  server.RaftServerConfigKeys (ConfUtils.java:logGet(44)) - raft.server.log.segment.cache.size.max = 200MB (=209715200) (default)
2021-03-17 02:10:17,552 [pool-237-thread-1] INFO  segmented.SegmentedRaftLogWorker (SegmentedRaftLogWorker.java:<init>(181)) - new a3b22ff5-07c5-4717-894b-669982ee3e54@group-FAE0631FEBCD-SegmentedRaftLogWorker for RaftStorageImpl:Storage Directory /github/workspace/mnt/ozone/hadoop-ozone/integration-test/target/test-dir/MiniOzoneClusterImpl-5543d78b-3109-4325-8e4d-d24bfba87b26/datanode-2/data/ratis/05ce0818-b588-4728-ba10-fae0631febcd
2021-03-17 02:10:17,552 [pool-237-thread-1] INFO  server.RaftServerConfigKeys (ConfUtils.java:logGet(44)) - raft.server.log.queue.byte-limit = 2147483647 (custom)
2021-03-17 02:10:17,552 [pool-237-thread-1] INFO  server.RaftServerConfigKeys (ConfUtils.java:logGet(44)) - raft.server.log.queue.element-limit = 1024 (custom)
2021-03-17 02:10:17,553 [pool-237-thread-1] INFO  server.RaftServerConfigKeys (ConfUtils.java:logGet(44)) - raft.server.log.segment.size.max = 1048576 (custom)
2021-03-17 02:10:17,553 [pool-237-thread-1] INFO  server.RaftServerConfigKeys (ConfUtils.java:logGet(44)) - raft.server.log.preallocated.size = 16384 (custom)
2021-03-17 02:10:17,553 [pool-237-thread-1] INFO  server.RaftServerConfigKeys (ConfUtils.java:logGet(44)) - raft.server.log.force.sync.num = 128 (default)
2021-03-17 02:10:17,553 [pool-237-thread-1] INFO  server.RaftServerConfigKeys (ConfUtils.java:logGet(44)) - raft.server.log.statemachine.data.sync = true (default)
2021-03-17 02:10:17,553 [pool-237-thread-1] INFO  server.RaftServerConfigKeys (ConfUtils.java:logGet(44)) - raft.server.log.statemachine.data.sync.timeout = 10s (default)
2021-03-17 02:10:17,553 [pool-237-thread-1] INFO  server.RaftServerConfigKeys (ConfUtils.java:logGet(44)) - raft.server.log.statemachine.data.sync.timeout.retry = -1 (default)
2021-03-17 02:10:17,554 [pool-237-thread-1] INFO  server.RaftServerConfigKeys (ConfUtils.java:logGet(44)) - raft.server.log.write.buffer.size = 1048576 (custom)
2021-03-17 02:10:17,555 [pool-237-thread-1] INFO  server.RaftServerConfigKeys (ConfUtils.java:logGet(44)) - raft.server.log.statemachine.data.caching.enabled = true (custom)
2021-03-17 02:10:17,556 [pool-237-thread-1] INFO  segmented.SegmentedRaftLogWorker (SegmentedRaftLogWorker.java:lambda$new$0(132)) - a3b22ff5-07c5-4717-894b-669982ee3e54@group-FAE0631FEBCD-SegmentedRaftLogWorker: flushIndex: setUnconditionally 0 -> -1
2021-03-17 02:10:17,556 [pool-237-thread-1] INFO  segmented.SegmentedRaftLogWorker (SegmentedRaftLogWorker.java:lambda$new$0(132)) - a3b22ff5-07c5-4717-894b-669982ee3e54@group-FAE0631FEBCD-SegmentedRaftLogWorker: safeCacheEvictIndex: setUnconditionally 0 -> -1
2021-03-17 02:10:17,557 [pool-237-thread-1] INFO  server.RaftServerConfigKeys (ConfUtils.java:logGet(44)) - raft.server.snapshot.auto.trigger.enabled = true (custom)
2021-03-17 02:10:17,557 [pool-237-thread-1] INFO  server.RaftServerConfigKeys (ConfUtils.java:logGet(44)) - raft.server.snapshot.auto.trigger.threshold = 10000 (custom)
2021-03-17 02:10:17,557 [pool-237-thread-1] INFO  server.RaftServerConfigKeys (ConfUtils.java:logGet(44)) - raft.server.snapshot.retention.file.num = 5 (custom)
2021-03-17 02:10:17,557 [pool-237-thread-1] INFO  server.RaftServerConfigKeys (ConfUtils.java:logGet(44)) - raft.server.log.purge.upto.snapshot.index = false (default)
2021-03-17 02:10:17,557 [pool-237-thread-1] INFO  server.RaftServerConfigKeys (ConfUtils.java:logGet(44)) - raft.server.retrycache.expirytime = 600000ms (custom)
2021-03-17 02:10:17,557 [pool-237-thread-1] INFO  server.RaftServerConfigKeys (ConfUtils.java:logGet(44)) - raft.server.retrycache.statistics.expirytime = 100?s (default)
2021-03-17 02:10:17,557 [pool-237-thread-1] INFO  metrics.RatisMetrics (RatisMetrics.java:lambda$create$0(36)) - Creating Metrics Registry : ratis.leader_election.a3b22ff5-07c5-4717-894b-669982ee3e54@group-FAE0631FEBCD
2021-03-17 02:10:17,557 [pool-237-thread-1] INFO  metrics.RatisMetrics (RatisMetrics.java:lambda$create$0(36)) - Creating Metrics Registry : ratis.server.a3b22ff5-07c5-4717-894b-669982ee3e54@group-FAE0631FEBCD
2021-03-17 02:10:17,558 [pool-237-thread-1] INFO  server.RaftServer$Division (RaftServerImpl.java:start(295)) - a3b22ff5-07c5-4717-894b-669982ee3e54@group-FAE0631FEBCD: start as a follower, conf=-1: [c22503ba-573b-463b-9e1c-de44cfeb847d|rpc:172.17.0.2:34901|dataStream:|priority:0, a3b22ff5-07c5-4717-894b-669982ee3e54|rpc:172.17.0.2:42689|dataStream:|priority:0, 7be7a3ee-2c60-4daa-92d5-fce366cccc9d|rpc:172.17.0.2:39539|dataStream:|priority:1], old=null
2021-03-17 02:10:17,558 [pool-237-thread-1] INFO  server.RaftServer$Division (RaftServerImpl.java:setRole(284)) - a3b22ff5-07c5-4717-894b-669982ee3e54@group-FAE0631FEBCD: changes role from      null to FOLLOWER at term 0 for startAsFollower
2021-03-17 02:10:17,558 [pool-237-thread-1] INFO  impl.RoleInfo (RoleInfo.java:updateAndGet(130)) - a3b22ff5-07c5-4717-894b-669982ee3e54: start a3b22ff5-07c5-4717-894b-669982ee3e54@group-FAE0631FEBCD-FollowerState
2021-03-17 02:10:17,559 [pool-237-thread-1] INFO  util.JmxRegister (JmxRegister.java:tryRegister(44)) - Successfully registered JMX Bean with object name Ratis:service=RaftServer,group=group-FAE0631FEBCD,id=a3b22ff5-07c5-4717-894b-669982ee3e54
2021-03-17 02:10:17,559 [pool-237-thread-1] INFO  metrics.RatisMetrics (RatisMetrics.java:lambda$create$0(36)) - Creating Metrics Registry : ratis.state_machine.a3b22ff5-07c5-4717-894b-669982ee3e54@group-FAE0631FEBCD
2021-03-17 02:10:17,565 [Command processor thread] INFO  metrics.RatisMetrics (RatisMetrics.java:lambda$create$0(36)) - Creating Metrics Registry : ratis.client_message_metrics.client-0E92A28D5F6B->7be7a3ee-2c60-4daa-92d5-fce366cccc9d
2021-03-17 02:10:17,570 [grpc-default-executor-1] INFO  server.RaftServer (RaftServerProxy.java:addNew(95)) - 7be7a3ee-2c60-4daa-92d5-fce366cccc9d: addNew group-FAE0631FEBCD:[c22503ba-573b-463b-9e1c-de44cfeb847d|rpc:172.17.0.2:34901|dataStream:|priority:0, a3b22ff5-07c5-4717-894b-669982ee3e54|rpc:172.17.0.2:42689|dataStream:|priority:0, 7be7a3ee-2c60-4daa-92d5-fce366cccc9d|rpc:172.17.0.2:39539|dataStream:|priority:1] returns group-FAE0631FEBCD:java.util.concurrent.CompletableFuture@1b620c93[Not completed]
2021-03-17 02:10:17,571 [pool-221-thread-1] INFO  server.RaftServer$Division (RaftServerImpl.java:<init>(180)) - 7be7a3ee-2c60-4daa-92d5-fce366cccc9d: new RaftServerImpl for group-FAE0631FEBCD:[c22503ba-573b-463b-9e1c-de44cfeb847d|rpc:172.17.0.2:34901|dataStream:|priority:0, a3b22ff5-07c5-4717-894b-669982ee3e54|rpc:172.17.0.2:42689|dataStream:|priority:0, 7be7a3ee-2c60-4daa-92d5-fce366cccc9d|rpc:172.17.0.2:39539|dataStream:|priority:1] with ContainerStateMachine:uninitialized
2021-03-17 02:10:17,571 [pool-221-thread-1] INFO  server.RaftServerConfigKeys (ConfUtils.java:logGet(44)) - raft.server.rpc.timeout.min = 5s (custom)
2021-03-17 02:10:17,571 [pool-221-thread-1] INFO  server.RaftServerConfigKeys (ConfUtils.java:logGet(44)) - raft.server.rpc.timeout.max = 5200ms (custom)
2021-03-17 02:10:17,571 [pool-221-thread-1] INFO  server.RaftServerConfigKeys (ConfUtils.java:logGet(44)) - raft.server.rpc.sleep.time = 25ms (default)
2021-03-17 02:10:17,571 [pool-221-thread-1] INFO  server.RaftServerConfigKeys (ConfUtils.java:logGet(44)) - raft.server.rpc.slowness.timeout = 300000ms (custom)
2021-03-17 02:10:17,571 [pool-221-thread-1] INFO  server.RaftServerConfigKeys (ConfUtils.java:logGet(44)) - raft.server.leaderelection.leader.step-down.wait-time = 10s (default)
2021-03-17 02:10:17,571 [pool-221-thread-1] INFO  server.RaftServerConfigKeys (ConfUtils.java:logGet(44)) - raft.server.sleep.deviation.threshold = 300ms (default)
2021-03-17 02:10:17,571 [pool-221-thread-1] INFO  server.RaftServerConfigKeys (ConfUtils.java:logGet(44)) - raft.server.log.appender.install.snapshot.enabled = false (custom)
2021-03-17 02:10:17,571 [pool-221-thread-1] INFO  server.RaftServer$Division (ServerState.java:<init>(105)) - 7be7a3ee-2c60-4daa-92d5-fce366cccc9d@group-FAE0631FEBCD: ConfigurationManager, init=-1: [c22503ba-573b-463b-9e1c-de44cfeb847d|rpc:172.17.0.2:34901|dataStream:|priority:0, a3b22ff5-07c5-4717-894b-669982ee3e54|rpc:172.17.0.2:42689|dataStream:|priority:0, 7be7a3ee-2c60-4daa-92d5-fce366cccc9d|rpc:172.17.0.2:39539|dataStream:|priority:1], old=null, confs=<EMPTY_MAP>
2021-03-17 02:10:17,571 [pool-221-thread-1] INFO  server.RaftServerConfigKeys (ConfUtils.java:logGet(44)) - raft.server.storage.dir = [/github/workspace/mnt/ozone/hadoop-ozone/integration-test/target/test-dir/MiniOzoneClusterImpl-5543d78b-3109-4325-8e4d-d24bfba87b26/datanode-1/data/ratis] (custom)
2021-03-17 02:10:17,572 [pool-221-thread-1] INFO  server.RaftServerConfigKeys (ConfUtils.java:logGet(44)) - raft.server.log.corruption.policy = EXCEPTION (default)
2021-03-17 02:10:17,572 [pool-221-thread-1] INFO  storage.RaftStorageDirectory (RaftStorageDirectoryImpl.java:analyzeStorage(132)) - The storage directory /github/workspace/mnt/ozone/hadoop-ozone/integration-test/target/test-dir/MiniOzoneClusterImpl-5543d78b-3109-4325-8e4d-d24bfba87b26/datanode-1/data/ratis/05ce0818-b588-4728-ba10-fae0631febcd does not exist. Creating ...
2021-03-17 02:10:17,573 [pool-221-thread-1] INFO  storage.RaftStorageDirectory (RaftStorageDirectoryImpl.java:tryLock(215)) - Lock on /github/workspace/mnt/ozone/hadoop-ozone/integration-test/target/test-dir/MiniOzoneClusterImpl-5543d78b-3109-4325-8e4d-d24bfba87b26/datanode-1/data/ratis/05ce0818-b588-4728-ba10-fae0631febcd/in_use.lock acquired by nodename 11586@70ca58e12b9b
2021-03-17 02:10:17,574 [pool-221-thread-1] INFO  storage.RaftStorage (RaftStorageImpl.java:format(87)) - Storage directory /github/workspace/mnt/ozone/hadoop-ozone/integration-test/target/test-dir/MiniOzoneClusterImpl-5543d78b-3109-4325-8e4d-d24bfba87b26/datanode-1/data/ratis/05ce0818-b588-4728-ba10-fae0631febcd has been successfully formatted.
2021-03-17 02:10:17,575 [EventQueue-PipelineReportForOneReplicaPipelineSafeModeRule] INFO  safemode.SCMSafeModeManager (SCMSafeModeManager.java:validateSafeModeExitRules(214)) - AtleastOneDatanodeReportedRule rule is successfully validated
2021-03-17 02:10:17,575 [pool-221-thread-1] INFO  ratis.ContainerStateMachine (ContainerStateMachine.java:loadSnapshot(223)) - group-FAE0631FEBCD: The snapshot info is null. Setting the last applied indexto:(t:0, i:~)
2021-03-17 02:10:17,576 [pool-221-thread-1] ERROR storage.RaftStorage (RaftStorageImpl.java:readRaftConfiguration(147)) - Failed reading configuration from file:/github/workspace/mnt/ozone/hadoop-ozone/integration-test/target/test-dir/MiniOzoneClusterImpl-5543d78b-3109-4325-8e4d-d24bfba87b26/datanode-1/data/ratis/05ce0818-b588-4728-ba10-fae0631febcd/current/raft-meta.conf
java.io.FileNotFoundException: /github/workspace/mnt/ozone/hadoop-ozone/integration-test/target/test-dir/MiniOzoneClusterImpl-5543d78b-3109-4325-8e4d-d24bfba87b26/datanode-1/data/ratis/05ce0818-b588-4728-ba10-fae0631febcd/current/raft-meta.conf (No such file or directory)
	at java.io.FileInputStream.open0(Native Method)
	at java.io.FileInputStream.open(FileInputStream.java:195)
	at java.io.FileInputStream.<init>(FileInputStream.java:138)
	at org.apache.ratis.server.storage.RaftStorageImpl.readRaftConfiguration(RaftStorageImpl.java:143)
	at org.apache.ratis.server.impl.ServerState.<init>(ServerState.java:122)
	at org.apache.ratis.server.impl.RaftServerImpl.<init>(RaftServerImpl.java:193)
	at org.apache.ratis.server.impl.RaftServerProxy.lambda$newRaftServerImpl$4(RaftServerProxy.java:266)
	at java.util.concurrent.CompletableFuture$AsyncSupply.run(CompletableFuture.java:1604)
	at java.util.concurrent.ThreadPoolExecutor.runWorker(ThreadPoolExecutor.java:1149)
	at java.util.concurrent.ThreadPoolExecutor$Worker.run(ThreadPoolExecutor.java:624)
	at java.lang.Thread.run(Thread.java:748)
2021-03-17 02:10:17,576 [pool-221-thread-1] INFO  server.RaftServerConfigKeys (ConfUtils.java:logGet(44)) - raft.server.notification.no-leader.timeout = 300000ms (custom)
2021-03-17 02:10:17,576 [pool-221-thread-1] INFO  server.RaftServerConfigKeys (ConfUtils.java:logGet(44)) - raft.server.log.use.memory = false (default)
2021-03-17 02:10:17,576 [pool-221-thread-1] INFO  server.RaftServerConfigKeys (ConfUtils.java:logGet(44)) - raft.server.log.purge.gap = 1000000 (custom)
2021-03-17 02:10:17,576 [pool-221-thread-1] INFO  server.RaftServerConfigKeys (ConfUtils.java:logGet(44)) - raft.server.log.appender.buffer.byte-limit = 33554432 (custom)
2021-03-17 02:10:17,576 [pool-221-thread-1] INFO  metrics.RatisMetrics (RatisMetrics.java:lambda$create$0(36)) - Creating Metrics Registry : ratis.log_worker.7be7a3ee-2c60-4daa-92d5-fce366cccc9d@group-FAE0631FEBCD
2021-03-17 02:10:17,576 [pool-221-thread-1] INFO  server.RaftServerConfigKeys (ConfUtils.java:logGet(44)) - raft.server.log.segment.size.max = 1048576 (custom)
2021-03-17 02:10:17,577 [pool-221-thread-1] INFO  server.RaftServerConfigKeys (ConfUtils.java:logGet(44)) - raft.server.log.segment.cache.num.max = 2 (custom)
2021-03-17 02:10:17,577 [pool-221-thread-1] INFO  server.RaftServerConfigKeys (ConfUtils.java:logGet(44)) - raft.server.log.segment.cache.size.max = 200MB (=209715200) (default)
2021-03-17 02:10:17,577 [pool-221-thread-1] INFO  segmented.SegmentedRaftLogWorker (SegmentedRaftLogWorker.java:<init>(181)) - new 7be7a3ee-2c60-4daa-92d5-fce366cccc9d@group-FAE0631FEBCD-SegmentedRaftLogWorker for RaftStorageImpl:Storage Directory /github/workspace/mnt/ozone/hadoop-ozone/integration-test/target/test-dir/MiniOzoneClusterImpl-5543d78b-3109-4325-8e4d-d24bfba87b26/datanode-1/data/ratis/05ce0818-b588-4728-ba10-fae0631febcd
2021-03-17 02:10:17,577 [pool-221-thread-1] INFO  server.RaftServerConfigKeys (ConfUtils.java:logGet(44)) - raft.server.log.queue.byte-limit = 2147483647 (custom)
2021-03-17 02:10:17,577 [pool-221-thread-1] INFO  server.RaftServerConfigKeys (ConfUtils.java:logGet(44)) - raft.server.log.queue.element-limit = 1024 (custom)
2021-03-17 02:10:17,577 [pool-221-thread-1] INFO  server.RaftServerConfigKeys (ConfUtils.java:logGet(44)) - raft.server.log.segment.size.max = 1048576 (custom)
2021-03-17 02:10:17,577 [pool-221-thread-1] INFO  server.RaftServerConfigKeys (ConfUtils.java:logGet(44)) - raft.server.log.preallocated.size = 16384 (custom)
2021-03-17 02:10:17,577 [pool-221-thread-1] INFO  server.RaftServerConfigKeys (ConfUtils.java:logGet(44)) - raft.server.log.force.sync.num = 128 (default)
2021-03-17 02:10:17,577 [pool-221-thread-1] INFO  server.RaftServerConfigKeys (ConfUtils.java:logGet(44)) - raft.server.log.statemachine.data.sync = true (default)
2021-03-17 02:10:17,577 [pool-221-thread-1] INFO  server.RaftServerConfigKeys (ConfUtils.java:logGet(44)) - raft.server.log.statemachine.data.sync.timeout = 10s (default)
2021-03-17 02:10:17,577 [pool-221-thread-1] INFO  server.RaftServerConfigKeys (ConfUtils.java:logGet(44)) - raft.server.log.statemachine.data.sync.timeout.retry = -1 (default)
2021-03-17 02:10:17,578 [pool-221-thread-1] INFO  server.RaftServerConfigKeys (ConfUtils.java:logGet(44)) - raft.server.log.write.buffer.size = 1048576 (custom)
2021-03-17 02:10:17,579 [pool-221-thread-1] INFO  server.RaftServerConfigKeys (ConfUtils.java:logGet(44)) - raft.server.log.statemachine.data.caching.enabled = true (custom)
2021-03-17 02:10:17,579 [pool-221-thread-1] INFO  segmented.SegmentedRaftLogWorker (SegmentedRaftLogWorker.java:lambda$new$0(132)) - 7be7a3ee-2c60-4daa-92d5-fce366cccc9d@group-FAE0631FEBCD-SegmentedRaftLogWorker: flushIndex: setUnconditionally 0 -> -1
2021-03-17 02:10:17,579 [pool-221-thread-1] INFO  segmented.SegmentedRaftLogWorker (SegmentedRaftLogWorker.java:lambda$new$0(132)) - 7be7a3ee-2c60-4daa-92d5-fce366cccc9d@group-FAE0631FEBCD-SegmentedRaftLogWorker: safeCacheEvictIndex: setUnconditionally 0 -> -1
2021-03-17 02:10:17,580 [pool-221-thread-1] INFO  server.RaftServerConfigKeys (ConfUtils.java:logGet(44)) - raft.server.snapshot.auto.trigger.enabled = true (custom)
2021-03-17 02:10:17,580 [pool-221-thread-1] INFO  server.RaftServerConfigKeys (ConfUtils.java:logGet(44)) - raft.server.snapshot.auto.trigger.threshold = 10000 (custom)
2021-03-17 02:10:17,580 [pool-221-thread-1] INFO  server.RaftServerConfigKeys (ConfUtils.java:logGet(44)) - raft.server.snapshot.retention.file.num = 5 (custom)
2021-03-17 02:10:17,580 [pool-221-thread-1] INFO  server.RaftServerConfigKeys (ConfUtils.java:logGet(44)) - raft.server.log.purge.upto.snapshot.index = false (default)
2021-03-17 02:10:17,580 [pool-221-thread-1] INFO  server.RaftServerConfigKeys (ConfUtils.java:logGet(44)) - raft.server.retrycache.expirytime = 600000ms (custom)
2021-03-17 02:10:17,580 [pool-221-thread-1] INFO  server.RaftServerConfigKeys (ConfUtils.java:logGet(44)) - raft.server.retrycache.statistics.expirytime = 100?s (default)
2021-03-17 02:10:17,580 [pool-221-thread-1] INFO  metrics.RatisMetrics (RatisMetrics.java:lambda$create$0(36)) - Creating Metrics Registry : ratis.leader_election.7be7a3ee-2c60-4daa-92d5-fce366cccc9d@group-FAE0631FEBCD
2021-03-17 02:10:17,580 [pool-221-thread-1] INFO  metrics.RatisMetrics (RatisMetrics.java:lambda$create$0(36)) - Creating Metrics Registry : ratis.server.7be7a3ee-2c60-4daa-92d5-fce366cccc9d@group-FAE0631FEBCD
2021-03-17 02:10:17,581 [pool-221-thread-1] INFO  server.RaftServer$Division (RaftServerImpl.java:start(295)) - 7be7a3ee-2c60-4daa-92d5-fce366cccc9d@group-FAE0631FEBCD: start as a follower, conf=-1: [c22503ba-573b-463b-9e1c-de44cfeb847d|rpc:172.17.0.2:34901|dataStream:|priority:0, a3b22ff5-07c5-4717-894b-669982ee3e54|rpc:172.17.0.2:42689|dataStream:|priority:0, 7be7a3ee-2c60-4daa-92d5-fce366cccc9d|rpc:172.17.0.2:39539|dataStream:|priority:1], old=null
2021-03-17 02:10:17,581 [pool-221-thread-1] INFO  server.RaftServer$Division (RaftServerImpl.java:setRole(284)) - 7be7a3ee-2c60-4daa-92d5-fce366cccc9d@group-FAE0631FEBCD: changes role from      null to FOLLOWER at term 0 for startAsFollower
2021-03-17 02:10:17,581 [pool-221-thread-1] INFO  impl.RoleInfo (RoleInfo.java:updateAndGet(130)) - 7be7a3ee-2c60-4daa-92d5-fce366cccc9d: start 7be7a3ee-2c60-4daa-92d5-fce366cccc9d@group-FAE0631FEBCD-FollowerState
2021-03-17 02:10:17,582 [pool-221-thread-1] INFO  util.JmxRegister (JmxRegister.java:tryRegister(44)) - Successfully registered JMX Bean with object name Ratis:service=RaftServer,group=group-FAE0631FEBCD,id=7be7a3ee-2c60-4daa-92d5-fce366cccc9d
2021-03-17 02:10:17,582 [pool-221-thread-1] INFO  metrics.RatisMetrics (RatisMetrics.java:lambda$create$0(36)) - Creating Metrics Registry : ratis.state_machine.7be7a3ee-2c60-4daa-92d5-fce366cccc9d@group-FAE0631FEBCD
2021-03-17 02:10:17,586 [Command processor thread] INFO  commandhandler.CreatePipelineCommandHandler (CreatePipelineCommandHandler.java:handle(106)) - Created Pipeline RATIS THREE PipelineID=05ce0818-b588-4728-ba10-fae0631febcd.
2021-03-17 02:10:17,618 [Command processor thread] INFO  server.RaftServer (RaftServerProxy.java:addNew(95)) - 7be7a3ee-2c60-4daa-92d5-fce366cccc9d: addNew group-8ED7B52CCD89:[7be7a3ee-2c60-4daa-92d5-fce366cccc9d|rpc:172.17.0.2:39539|priority:1] returns group-8ED7B52CCD89:java.util.concurrent.CompletableFuture@6fd1ab38[Not completed]
2021-03-17 02:10:17,619 [pool-221-thread-1] INFO  server.RaftServer$Division (RaftServerImpl.java:<init>(180)) - 7be7a3ee-2c60-4daa-92d5-fce366cccc9d: new RaftServerImpl for group-8ED7B52CCD89:[7be7a3ee-2c60-4daa-92d5-fce366cccc9d|rpc:172.17.0.2:39539|priority:1] with ContainerStateMachine:uninitialized
2021-03-17 02:10:17,619 [pool-221-thread-1] INFO  server.RaftServerConfigKeys (ConfUtils.java:logGet(44)) - raft.server.rpc.timeout.min = 5s (custom)
2021-03-17 02:10:17,619 [pool-221-thread-1] INFO  server.RaftServerConfigKeys (ConfUtils.java:logGet(44)) - raft.server.rpc.timeout.max = 5200ms (custom)
2021-03-17 02:10:17,620 [pool-221-thread-1] INFO  server.RaftServerConfigKeys (ConfUtils.java:logGet(44)) - raft.server.rpc.sleep.time = 25ms (default)
2021-03-17 02:10:17,620 [pool-221-thread-1] INFO  server.RaftServerConfigKeys (ConfUtils.java:logGet(44)) - raft.server.rpc.slowness.timeout = 300000ms (custom)
2021-03-17 02:10:17,620 [pool-221-thread-1] INFO  server.RaftServerConfigKeys (ConfUtils.java:logGet(44)) - raft.server.leaderelection.leader.step-down.wait-time = 10s (default)
2021-03-17 02:10:17,620 [pool-221-thread-1] INFO  server.RaftServerConfigKeys (ConfUtils.java:logGet(44)) - raft.server.sleep.deviation.threshold = 300ms (default)
2021-03-17 02:10:17,620 [pool-221-thread-1] INFO  server.RaftServerConfigKeys (ConfUtils.java:logGet(44)) - raft.server.log.appender.install.snapshot.enabled = false (custom)
2021-03-17 02:10:17,620 [pool-221-thread-1] INFO  server.RaftServer$Division (ServerState.java:<init>(105)) - 7be7a3ee-2c60-4daa-92d5-fce366cccc9d@group-8ED7B52CCD89: ConfigurationManager, init=-1: [7be7a3ee-2c60-4daa-92d5-fce366cccc9d|rpc:172.17.0.2:39539|priority:1], old=null, confs=<EMPTY_MAP>
2021-03-17 02:10:17,620 [pool-221-thread-1] INFO  server.RaftServerConfigKeys (ConfUtils.java:logGet(44)) - raft.server.storage.dir = [/github/workspace/mnt/ozone/hadoop-ozone/integration-test/target/test-dir/MiniOzoneClusterImpl-5543d78b-3109-4325-8e4d-d24bfba87b26/datanode-1/data/ratis] (custom)
2021-03-17 02:10:17,620 [pool-221-thread-1] INFO  server.RaftServerConfigKeys (ConfUtils.java:logGet(44)) - raft.server.log.corruption.policy = EXCEPTION (default)
2021-03-17 02:10:17,621 [pool-221-thread-1] INFO  storage.RaftStorageDirectory (RaftStorageDirectoryImpl.java:analyzeStorage(132)) - The storage directory /github/workspace/mnt/ozone/hadoop-ozone/integration-test/target/test-dir/MiniOzoneClusterImpl-5543d78b-3109-4325-8e4d-d24bfba87b26/datanode-1/data/ratis/c5eea603-c6ee-4af4-88ab-8ed7b52ccd89 does not exist. Creating ...
2021-03-17 02:10:17,622 [pool-221-thread-1] INFO  storage.RaftStorageDirectory (RaftStorageDirectoryImpl.java:tryLock(215)) - Lock on /github/workspace/mnt/ozone/hadoop-ozone/integration-test/target/test-dir/MiniOzoneClusterImpl-5543d78b-3109-4325-8e4d-d24bfba87b26/datanode-1/data/ratis/c5eea603-c6ee-4af4-88ab-8ed7b52ccd89/in_use.lock acquired by nodename 11586@70ca58e12b9b
2021-03-17 02:10:17,623 [pool-221-thread-1] INFO  storage.RaftStorage (RaftStorageImpl.java:format(87)) - Storage directory /github/workspace/mnt/ozone/hadoop-ozone/integration-test/target/test-dir/MiniOzoneClusterImpl-5543d78b-3109-4325-8e4d-d24bfba87b26/datanode-1/data/ratis/c5eea603-c6ee-4af4-88ab-8ed7b52ccd89 has been successfully formatted.
2021-03-17 02:10:17,623 [pool-221-thread-1] INFO  ratis.ContainerStateMachine (ContainerStateMachine.java:loadSnapshot(223)) - group-8ED7B52CCD89: The snapshot info is null. Setting the last applied indexto:(t:0, i:~)
2021-03-17 02:10:17,623 [pool-221-thread-1] ERROR storage.RaftStorage (RaftStorageImpl.java:readRaftConfiguration(147)) - Failed reading configuration from file:/github/workspace/mnt/ozone/hadoop-ozone/integration-test/target/test-dir/MiniOzoneClusterImpl-5543d78b-3109-4325-8e4d-d24bfba87b26/datanode-1/data/ratis/c5eea603-c6ee-4af4-88ab-8ed7b52ccd89/current/raft-meta.conf
java.io.FileNotFoundException: /github/workspace/mnt/ozone/hadoop-ozone/integration-test/target/test-dir/MiniOzoneClusterImpl-5543d78b-3109-4325-8e4d-d24bfba87b26/datanode-1/data/ratis/c5eea603-c6ee-4af4-88ab-8ed7b52ccd89/current/raft-meta.conf (No such file or directory)
	at java.io.FileInputStream.open0(Native Method)
	at java.io.FileInputStream.open(FileInputStream.java:195)
	at java.io.FileInputStream.<init>(FileInputStream.java:138)
	at org.apache.ratis.server.storage.RaftStorageImpl.readRaftConfiguration(RaftStorageImpl.java:143)
	at org.apache.ratis.server.impl.ServerState.<init>(ServerState.java:122)
	at org.apache.ratis.server.impl.RaftServerImpl.<init>(RaftServerImpl.java:193)
	at org.apache.ratis.server.impl.RaftServerProxy.lambda$newRaftServerImpl$4(RaftServerProxy.java:266)
	at java.util.concurrent.CompletableFuture$AsyncSupply.run(CompletableFuture.java:1604)
	at java.util.concurrent.ThreadPoolExecutor.runWorker(ThreadPoolExecutor.java:1149)
	at java.util.concurrent.ThreadPoolExecutor$Worker.run(ThreadPoolExecutor.java:624)
	at java.lang.Thread.run(Thread.java:748)
2021-03-17 02:10:17,624 [pool-221-thread-1] INFO  server.RaftServerConfigKeys (ConfUtils.java:logGet(44)) - raft.server.notification.no-leader.timeout = 300000ms (custom)
2021-03-17 02:10:17,624 [pool-221-thread-1] INFO  server.RaftServerConfigKeys (ConfUtils.java:logGet(44)) - raft.server.log.use.memory = false (default)
2021-03-17 02:10:17,624 [pool-221-thread-1] INFO  server.RaftServerConfigKeys (ConfUtils.java:logGet(44)) - raft.server.log.purge.gap = 1000000 (custom)
2021-03-17 02:10:17,624 [pool-221-thread-1] INFO  server.RaftServerConfigKeys (ConfUtils.java:logGet(44)) - raft.server.log.appender.buffer.byte-limit = 33554432 (custom)
2021-03-17 02:10:17,624 [pool-221-thread-1] INFO  metrics.RatisMetrics (RatisMetrics.java:lambda$create$0(36)) - Creating Metrics Registry : ratis.log_worker.7be7a3ee-2c60-4daa-92d5-fce366cccc9d@group-8ED7B52CCD89
2021-03-17 02:10:17,624 [EventQueue-PipelineReportForPipelineReportHandler] INFO  pipeline.PipelineStateManager (PipelineStateManager.java:openPipeline(132)) - Pipeline Pipeline[ Id: c5eea603-c6ee-4af4-88ab-8ed7b52ccd89, Nodes: 7be7a3ee-2c60-4daa-92d5-fce366cccc9d{ip: 172.17.0.2, host: 70ca58e12b9b, ports: [REPLICATION=41363, RATIS=39539, RATIS_ADMIN=39539, RATIS_SERVER=39539, STANDALONE=33895], networkLocation: /default-rack, certSerialId: null, persistedOpState: IN_SERVICE, persistedOpStateExpiryEpochSec: 0}, Type:RATIS, Factor:ONE, State:ALLOCATED, leaderId:7be7a3ee-2c60-4daa-92d5-fce366cccc9d, CreationTimestamp2021-03-17T02:10:14.619Z] moved to OPEN state
2021-03-17 02:10:17,625 [EventQueue-OpenPipelineForHealthyPipelineSafeModeRule] INFO  safemode.SCMSafeModeManager (HealthyPipelineSafeModeRule.java:process(128)) - SCM in safe mode. Healthy pipelines reported count is 0, required healthy pipeline reported count is 1
2021-03-17 02:10:17,624 [EventQueue-PipelineReportForOneReplicaPipelineSafeModeRule] INFO  safemode.SCMSafeModeManager (SCMSafeModeManager.java:validateSafeModeExitRules(214)) - AtleastOneDatanodeReportedRule rule is successfully validated
2021-03-17 02:10:17,625 [pool-221-thread-1] INFO  server.RaftServerConfigKeys (ConfUtils.java:logGet(44)) - raft.server.log.segment.size.max = 1048576 (custom)
2021-03-17 02:10:17,625 [pool-221-thread-1] INFO  server.RaftServerConfigKeys (ConfUtils.java:logGet(44)) - raft.server.log.segment.cache.num.max = 2 (custom)
2021-03-17 02:10:17,625 [pool-221-thread-1] INFO  server.RaftServerConfigKeys (ConfUtils.java:logGet(44)) - raft.server.log.segment.cache.size.max = 200MB (=209715200) (default)
2021-03-17 02:10:17,626 [pool-221-thread-1] INFO  segmented.SegmentedRaftLogWorker (SegmentedRaftLogWorker.java:<init>(181)) - new 7be7a3ee-2c60-4daa-92d5-fce366cccc9d@group-8ED7B52CCD89-SegmentedRaftLogWorker for RaftStorageImpl:Storage Directory /github/workspace/mnt/ozone/hadoop-ozone/integration-test/target/test-dir/MiniOzoneClusterImpl-5543d78b-3109-4325-8e4d-d24bfba87b26/datanode-1/data/ratis/c5eea603-c6ee-4af4-88ab-8ed7b52ccd89
2021-03-17 02:10:17,626 [pool-221-thread-1] INFO  server.RaftServerConfigKeys (ConfUtils.java:logGet(44)) - raft.server.log.queue.byte-limit = 2147483647 (custom)
2021-03-17 02:10:17,626 [pool-221-thread-1] INFO  server.RaftServerConfigKeys (ConfUtils.java:logGet(44)) - raft.server.log.queue.element-limit = 1024 (custom)
2021-03-17 02:10:17,626 [pool-221-thread-1] INFO  server.RaftServerConfigKeys (ConfUtils.java:logGet(44)) - raft.server.log.segment.size.max = 1048576 (custom)
2021-03-17 02:10:17,626 [pool-221-thread-1] INFO  server.RaftServerConfigKeys (ConfUtils.java:logGet(44)) - raft.server.log.preallocated.size = 16384 (custom)
2021-03-17 02:10:17,626 [pool-221-thread-1] INFO  server.RaftServerConfigKeys (ConfUtils.java:logGet(44)) - raft.server.log.force.sync.num = 128 (default)
2021-03-17 02:10:17,626 [pool-221-thread-1] INFO  server.RaftServerConfigKeys (ConfUtils.java:logGet(44)) - raft.server.log.statemachine.data.sync = true (default)
2021-03-17 02:10:17,626 [pool-221-thread-1] INFO  server.RaftServerConfigKeys (ConfUtils.java:logGet(44)) - raft.server.log.statemachine.data.sync.timeout = 10s (default)
2021-03-17 02:10:17,626 [pool-221-thread-1] INFO  server.RaftServerConfigKeys (ConfUtils.java:logGet(44)) - raft.server.log.statemachine.data.sync.timeout.retry = -1 (default)
2021-03-17 02:10:17,627 [pool-221-thread-1] INFO  server.RaftServerConfigKeys (ConfUtils.java:logGet(44)) - raft.server.log.write.buffer.size = 1048576 (custom)
2021-03-17 02:10:17,628 [pool-221-thread-1] INFO  server.RaftServerConfigKeys (ConfUtils.java:logGet(44)) - raft.server.log.statemachine.data.caching.enabled = true (custom)
2021-03-17 02:10:17,628 [pool-221-thread-1] INFO  segmented.SegmentedRaftLogWorker (SegmentedRaftLogWorker.java:lambda$new$0(132)) - 7be7a3ee-2c60-4daa-92d5-fce366cccc9d@group-8ED7B52CCD89-SegmentedRaftLogWorker: flushIndex: setUnconditionally 0 -> -1
2021-03-17 02:10:17,628 [pool-221-thread-1] INFO  segmented.SegmentedRaftLogWorker (SegmentedRaftLogWorker.java:lambda$new$0(132)) - 7be7a3ee-2c60-4daa-92d5-fce366cccc9d@group-8ED7B52CCD89-SegmentedRaftLogWorker: safeCacheEvictIndex: setUnconditionally 0 -> -1
2021-03-17 02:10:17,628 [pool-221-thread-1] INFO  server.RaftServerConfigKeys (ConfUtils.java:logGet(44)) - raft.server.snapshot.auto.trigger.enabled = true (custom)
2021-03-17 02:10:17,628 [pool-221-thread-1] INFO  server.RaftServerConfigKeys (ConfUtils.java:logGet(44)) - raft.server.snapshot.auto.trigger.threshold = 10000 (custom)
2021-03-17 02:10:17,629 [pool-221-thread-1] INFO  server.RaftServerConfigKeys (ConfUtils.java:logGet(44)) - raft.server.snapshot.retention.file.num = 5 (custom)
2021-03-17 02:10:17,629 [pool-221-thread-1] INFO  server.RaftServerConfigKeys (ConfUtils.java:logGet(44)) - raft.server.log.purge.upto.snapshot.index = false (default)
2021-03-17 02:10:17,629 [pool-221-thread-1] INFO  server.RaftServerConfigKeys (ConfUtils.java:logGet(44)) - raft.server.retrycache.expirytime = 600000ms (custom)
2021-03-17 02:10:17,629 [pool-221-thread-1] INFO  server.RaftServerConfigKeys (ConfUtils.java:logGet(44)) - raft.server.retrycache.statistics.expirytime = 100?s (default)
2021-03-17 02:10:17,629 [pool-221-thread-1] INFO  metrics.RatisMetrics (RatisMetrics.java:lambda$create$0(36)) - Creating Metrics Registry : ratis.leader_election.7be7a3ee-2c60-4daa-92d5-fce366cccc9d@group-8ED7B52CCD89
2021-03-17 02:10:17,629 [pool-221-thread-1] INFO  metrics.RatisMetrics (RatisMetrics.java:lambda$create$0(36)) - Creating Metrics Registry : ratis.server.7be7a3ee-2c60-4daa-92d5-fce366cccc9d@group-8ED7B52CCD89
2021-03-17 02:10:17,630 [pool-221-thread-1] INFO  server.RaftServer$Division (RaftServerImpl.java:start(295)) - 7be7a3ee-2c60-4daa-92d5-fce366cccc9d@group-8ED7B52CCD89: start as a follower, conf=-1: [7be7a3ee-2c60-4daa-92d5-fce366cccc9d|rpc:172.17.0.2:39539|priority:1], old=null
2021-03-17 02:10:17,630 [pool-221-thread-1] INFO  server.RaftServer$Division (RaftServerImpl.java:setRole(284)) - 7be7a3ee-2c60-4daa-92d5-fce366cccc9d@group-8ED7B52CCD89: changes role from      null to FOLLOWER at term 0 for startAsFollower
2021-03-17 02:10:17,630 [pool-221-thread-1] INFO  impl.RoleInfo (RoleInfo.java:updateAndGet(130)) - 7be7a3ee-2c60-4daa-92d5-fce366cccc9d: start 7be7a3ee-2c60-4daa-92d5-fce366cccc9d@group-8ED7B52CCD89-FollowerState
2021-03-17 02:10:17,630 [pool-221-thread-1] INFO  util.JmxRegister (JmxRegister.java:tryRegister(44)) - Successfully registered JMX Bean with object name Ratis:service=RaftServer,group=group-8ED7B52CCD89,id=7be7a3ee-2c60-4daa-92d5-fce366cccc9d
2021-03-17 02:10:17,631 [pool-221-thread-1] INFO  metrics.RatisMetrics (RatisMetrics.java:lambda$create$0(36)) - Creating Metrics Registry : ratis.state_machine.7be7a3ee-2c60-4daa-92d5-fce366cccc9d@group-8ED7B52CCD89
2021-03-17 02:10:17,632 [Command processor thread] INFO  commandhandler.CreatePipelineCommandHandler (CreatePipelineCommandHandler.java:handle(106)) - Created Pipeline RATIS ONE PipelineID=c5eea603-c6ee-4af4-88ab-8ed7b52ccd89.
2021-03-17 02:10:17,643 [Listener at 127.0.0.1/40005] INFO  ozone.MiniOzoneClusterImpl (MiniOzoneClusterImpl.java:lambda$waitForClusterToBeReady$0(187)) - Nodes are ready. Got 7 of 7 DN Heartbeats.
2021-03-17 02:10:17,643 [Listener at 127.0.0.1/40005] INFO  ozone.MiniOzoneClusterImpl (MiniOzoneClusterImpl.java:lambda$waitForClusterToBeReady$0(190)) - Waiting for cluster to exit safe mode
2021-03-17 02:10:17,822 [Command processor thread] INFO  server.RaftServer (RaftServerProxy.java:addNew(95)) - a3b22ff5-07c5-4717-894b-669982ee3e54: addNew group-036E82DF10BE:[a3b22ff5-07c5-4717-894b-669982ee3e54|rpc:172.17.0.2:42689|priority:1] returns group-036E82DF10BE:java.util.concurrent.CompletableFuture@7f4cd9ff[Not completed]
2021-03-17 02:10:17,823 [pool-237-thread-1] INFO  server.RaftServer$Division (RaftServerImpl.java:<init>(180)) - a3b22ff5-07c5-4717-894b-669982ee3e54: new RaftServerImpl for group-036E82DF10BE:[a3b22ff5-07c5-4717-894b-669982ee3e54|rpc:172.17.0.2:42689|priority:1] with ContainerStateMachine:uninitialized
2021-03-17 02:10:17,823 [pool-237-thread-1] INFO  server.RaftServerConfigKeys (ConfUtils.java:logGet(44)) - raft.server.rpc.timeout.min = 5s (custom)
2021-03-17 02:10:17,823 [pool-237-thread-1] INFO  server.RaftServerConfigKeys (ConfUtils.java:logGet(44)) - raft.server.rpc.timeout.max = 5200ms (custom)
2021-03-17 02:10:17,823 [pool-237-thread-1] INFO  server.RaftServerConfigKeys (ConfUtils.java:logGet(44)) - raft.server.rpc.sleep.time = 25ms (default)
2021-03-17 02:10:17,823 [pool-237-thread-1] INFO  server.RaftServerConfigKeys (ConfUtils.java:logGet(44)) - raft.server.rpc.slowness.timeout = 300000ms (custom)
2021-03-17 02:10:17,823 [pool-237-thread-1] INFO  server.RaftServerConfigKeys (ConfUtils.java:logGet(44)) - raft.server.leaderelection.leader.step-down.wait-time = 10s (default)
2021-03-17 02:10:17,824 [pool-237-thread-1] INFO  server.RaftServerConfigKeys (ConfUtils.java:logGet(44)) - raft.server.sleep.deviation.threshold = 300ms (default)
2021-03-17 02:10:17,824 [pool-237-thread-1] INFO  server.RaftServerConfigKeys (ConfUtils.java:logGet(44)) - raft.server.log.appender.install.snapshot.enabled = false (custom)
2021-03-17 02:10:17,824 [pool-237-thread-1] INFO  server.RaftServer$Division (ServerState.java:<init>(105)) - a3b22ff5-07c5-4717-894b-669982ee3e54@group-036E82DF10BE: ConfigurationManager, init=-1: [a3b22ff5-07c5-4717-894b-669982ee3e54|rpc:172.17.0.2:42689|priority:1], old=null, confs=<EMPTY_MAP>
2021-03-17 02:10:17,824 [pool-237-thread-1] INFO  server.RaftServerConfigKeys (ConfUtils.java:logGet(44)) - raft.server.storage.dir = [/github/workspace/mnt/ozone/hadoop-ozone/integration-test/target/test-dir/MiniOzoneClusterImpl-5543d78b-3109-4325-8e4d-d24bfba87b26/datanode-2/data/ratis] (custom)
2021-03-17 02:10:17,824 [pool-237-thread-1] INFO  server.RaftServerConfigKeys (ConfUtils.java:logGet(44)) - raft.server.log.corruption.policy = EXCEPTION (default)
2021-03-17 02:10:17,825 [pool-237-thread-1] INFO  storage.RaftStorageDirectory (RaftStorageDirectoryImpl.java:analyzeStorage(132)) - The storage directory /github/workspace/mnt/ozone/hadoop-ozone/integration-test/target/test-dir/MiniOzoneClusterImpl-5543d78b-3109-4325-8e4d-d24bfba87b26/datanode-2/data/ratis/d8764373-1664-4953-abac-036e82df10be does not exist. Creating ...
2021-03-17 02:10:17,826 [pool-237-thread-1] INFO  storage.RaftStorageDirectory (RaftStorageDirectoryImpl.java:tryLock(215)) - Lock on /github/workspace/mnt/ozone/hadoop-ozone/integration-test/target/test-dir/MiniOzoneClusterImpl-5543d78b-3109-4325-8e4d-d24bfba87b26/datanode-2/data/ratis/d8764373-1664-4953-abac-036e82df10be/in_use.lock acquired by nodename 11586@70ca58e12b9b
2021-03-17 02:10:17,828 [pool-237-thread-1] INFO  storage.RaftStorage (RaftStorageImpl.java:format(87)) - Storage directory /github/workspace/mnt/ozone/hadoop-ozone/integration-test/target/test-dir/MiniOzoneClusterImpl-5543d78b-3109-4325-8e4d-d24bfba87b26/datanode-2/data/ratis/d8764373-1664-4953-abac-036e82df10be has been successfully formatted.
2021-03-17 02:10:17,828 [pool-237-thread-1] INFO  ratis.ContainerStateMachine (ContainerStateMachine.java:loadSnapshot(223)) - group-036E82DF10BE: The snapshot info is null. Setting the last applied indexto:(t:0, i:~)
2021-03-17 02:10:17,828 [pool-237-thread-1] ERROR storage.RaftStorage (RaftStorageImpl.java:readRaftConfiguration(147)) - Failed reading configuration from file:/github/workspace/mnt/ozone/hadoop-ozone/integration-test/target/test-dir/MiniOzoneClusterImpl-5543d78b-3109-4325-8e4d-d24bfba87b26/datanode-2/data/ratis/d8764373-1664-4953-abac-036e82df10be/current/raft-meta.conf
java.io.FileNotFoundException: /github/workspace/mnt/ozone/hadoop-ozone/integration-test/target/test-dir/MiniOzoneClusterImpl-5543d78b-3109-4325-8e4d-d24bfba87b26/datanode-2/data/ratis/d8764373-1664-4953-abac-036e82df10be/current/raft-meta.conf (No such file or directory)
	at java.io.FileInputStream.open0(Native Method)
	at java.io.FileInputStream.open(FileInputStream.java:195)
	at java.io.FileInputStream.<init>(FileInputStream.java:138)
	at org.apache.ratis.server.storage.RaftStorageImpl.readRaftConfiguration(RaftStorageImpl.java:143)
	at org.apache.ratis.server.impl.ServerState.<init>(ServerState.java:122)
	at org.apache.ratis.server.impl.RaftServerImpl.<init>(RaftServerImpl.java:193)
	at org.apache.ratis.server.impl.RaftServerProxy.lambda$newRaftServerImpl$4(RaftServerProxy.java:266)
	at java.util.concurrent.CompletableFuture$AsyncSupply.run(CompletableFuture.java:1604)
	at java.util.concurrent.ThreadPoolExecutor.runWorker(ThreadPoolExecutor.java:1149)
	at java.util.concurrent.ThreadPoolExecutor$Worker.run(ThreadPoolExecutor.java:624)
	at java.lang.Thread.run(Thread.java:748)
2021-03-17 02:10:17,828 [pool-237-thread-1] INFO  server.RaftServerConfigKeys (ConfUtils.java:logGet(44)) - raft.server.notification.no-leader.timeout = 300000ms (custom)
2021-03-17 02:10:17,828 [pool-237-thread-1] INFO  server.RaftServerConfigKeys (ConfUtils.java:logGet(44)) - raft.server.log.use.memory = false (default)
2021-03-17 02:10:17,829 [EventQueue-PipelineReportForOneReplicaPipelineSafeModeRule] INFO  safemode.SCMSafeModeManager (SCMSafeModeManager.java:validateSafeModeExitRules(214)) - AtleastOneDatanodeReportedRule rule is successfully validated
2021-03-17 02:10:17,829 [EventQueue-PipelineReportForPipelineReportHandler] INFO  pipeline.PipelineStateManager (PipelineStateManager.java:openPipeline(132)) - Pipeline Pipeline[ Id: d8764373-1664-4953-abac-036e82df10be, Nodes: a3b22ff5-07c5-4717-894b-669982ee3e54{ip: 172.17.0.2, host: 70ca58e12b9b, ports: [REPLICATION=33345, RATIS=42689, RATIS_ADMIN=42689, RATIS_SERVER=42689, STANDALONE=37481], networkLocation: /default-rack, certSerialId: null, persistedOpState: IN_SERVICE, persistedOpStateExpiryEpochSec: 0}, Type:RATIS, Factor:ONE, State:ALLOCATED, leaderId:a3b22ff5-07c5-4717-894b-669982ee3e54, CreationTimestamp2021-03-17T02:10:14.823Z] moved to OPEN state
2021-03-17 02:10:17,829 [pool-237-thread-1] INFO  server.RaftServerConfigKeys (ConfUtils.java:logGet(44)) - raft.server.log.purge.gap = 1000000 (custom)
2021-03-17 02:10:17,829 [pool-237-thread-1] INFO  server.RaftServerConfigKeys (ConfUtils.java:logGet(44)) - raft.server.log.appender.buffer.byte-limit = 33554432 (custom)
2021-03-17 02:10:17,829 [pool-237-thread-1] INFO  metrics.RatisMetrics (RatisMetrics.java:lambda$create$0(36)) - Creating Metrics Registry : ratis.log_worker.a3b22ff5-07c5-4717-894b-669982ee3e54@group-036E82DF10BE
2021-03-17 02:10:17,829 [EventQueue-OpenPipelineForHealthyPipelineSafeModeRule] INFO  safemode.SCMSafeModeManager (HealthyPipelineSafeModeRule.java:process(128)) - SCM in safe mode. Healthy pipelines reported count is 0, required healthy pipeline reported count is 1
2021-03-17 02:10:17,829 [pool-237-thread-1] INFO  server.RaftServerConfigKeys (ConfUtils.java:logGet(44)) - raft.server.log.segment.size.max = 1048576 (custom)
2021-03-17 02:10:17,830 [pool-237-thread-1] INFO  server.RaftServerConfigKeys (ConfUtils.java:logGet(44)) - raft.server.log.segment.cache.num.max = 2 (custom)
2021-03-17 02:10:17,830 [pool-237-thread-1] INFO  server.RaftServerConfigKeys (ConfUtils.java:logGet(44)) - raft.server.log.segment.cache.size.max = 200MB (=209715200) (default)
2021-03-17 02:10:17,830 [pool-237-thread-1] INFO  segmented.SegmentedRaftLogWorker (SegmentedRaftLogWorker.java:<init>(181)) - new a3b22ff5-07c5-4717-894b-669982ee3e54@group-036E82DF10BE-SegmentedRaftLogWorker for RaftStorageImpl:Storage Directory /github/workspace/mnt/ozone/hadoop-ozone/integration-test/target/test-dir/MiniOzoneClusterImpl-5543d78b-3109-4325-8e4d-d24bfba87b26/datanode-2/data/ratis/d8764373-1664-4953-abac-036e82df10be
2021-03-17 02:10:17,830 [pool-237-thread-1] INFO  server.RaftServerConfigKeys (ConfUtils.java:logGet(44)) - raft.server.log.queue.byte-limit = 2147483647 (custom)
2021-03-17 02:10:17,830 [pool-237-thread-1] INFO  server.RaftServerConfigKeys (ConfUtils.java:logGet(44)) - raft.server.log.queue.element-limit = 1024 (custom)
2021-03-17 02:10:17,830 [pool-237-thread-1] INFO  server.RaftServerConfigKeys (ConfUtils.java:logGet(44)) - raft.server.log.segment.size.max = 1048576 (custom)
2021-03-17 02:10:17,830 [pool-237-thread-1] INFO  server.RaftServerConfigKeys (ConfUtils.java:logGet(44)) - raft.server.log.preallocated.size = 16384 (custom)
2021-03-17 02:10:17,830 [pool-237-thread-1] INFO  server.RaftServerConfigKeys (ConfUtils.java:logGet(44)) - raft.server.log.force.sync.num = 128 (default)
2021-03-17 02:10:17,830 [pool-237-thread-1] INFO  server.RaftServerConfigKeys (ConfUtils.java:logGet(44)) - raft.server.log.statemachine.data.sync = true (default)
2021-03-17 02:10:17,830 [pool-237-thread-1] INFO  server.RaftServerConfigKeys (ConfUtils.java:logGet(44)) - raft.server.log.statemachine.data.sync.timeout = 10s (default)
2021-03-17 02:10:17,831 [pool-237-thread-1] INFO  server.RaftServerConfigKeys (ConfUtils.java:logGet(44)) - raft.server.log.statemachine.data.sync.timeout.retry = -1 (default)
2021-03-17 02:10:17,831 [pool-237-thread-1] INFO  server.RaftServerConfigKeys (ConfUtils.java:logGet(44)) - raft.server.log.write.buffer.size = 1048576 (custom)
2021-03-17 02:10:17,832 [pool-237-thread-1] INFO  server.RaftServerConfigKeys (ConfUtils.java:logGet(44)) - raft.server.log.statemachine.data.caching.enabled = true (custom)
2021-03-17 02:10:17,832 [pool-237-thread-1] INFO  segmented.SegmentedRaftLogWorker (SegmentedRaftLogWorker.java:lambda$new$0(132)) - a3b22ff5-07c5-4717-894b-669982ee3e54@group-036E82DF10BE-SegmentedRaftLogWorker: flushIndex: setUnconditionally 0 -> -1
2021-03-17 02:10:17,833 [pool-237-thread-1] INFO  segmented.SegmentedRaftLogWorker (SegmentedRaftLogWorker.java:lambda$new$0(132)) - a3b22ff5-07c5-4717-894b-669982ee3e54@group-036E82DF10BE-SegmentedRaftLogWorker: safeCacheEvictIndex: setUnconditionally 0 -> -1
2021-03-17 02:10:17,833 [pool-237-thread-1] INFO  server.RaftServerConfigKeys (ConfUtils.java:logGet(44)) - raft.server.snapshot.auto.trigger.enabled = true (custom)
2021-03-17 02:10:17,833 [pool-237-thread-1] INFO  server.RaftServerConfigKeys (ConfUtils.java:logGet(44)) - raft.server.snapshot.auto.trigger.threshold = 10000 (custom)
2021-03-17 02:10:17,833 [pool-237-thread-1] INFO  server.RaftServerConfigKeys (ConfUtils.java:logGet(44)) - raft.server.snapshot.retention.file.num = 5 (custom)
2021-03-17 02:10:17,833 [pool-237-thread-1] INFO  server.RaftServerConfigKeys (ConfUtils.java:logGet(44)) - raft.server.log.purge.upto.snapshot.index = false (default)
2021-03-17 02:10:17,833 [pool-237-thread-1] INFO  server.RaftServerConfigKeys (ConfUtils.java:logGet(44)) - raft.server.retrycache.expirytime = 600000ms (custom)
2021-03-17 02:10:17,833 [pool-237-thread-1] INFO  server.RaftServerConfigKeys (ConfUtils.java:logGet(44)) - raft.server.retrycache.statistics.expirytime = 100?s (default)
2021-03-17 02:10:17,833 [pool-237-thread-1] INFO  metrics.RatisMetrics (RatisMetrics.java:lambda$create$0(36)) - Creating Metrics Registry : ratis.leader_election.a3b22ff5-07c5-4717-894b-669982ee3e54@group-036E82DF10BE
2021-03-17 02:10:17,834 [pool-237-thread-1] INFO  metrics.RatisMetrics (RatisMetrics.java:lambda$create$0(36)) - Creating Metrics Registry : ratis.server.a3b22ff5-07c5-4717-894b-669982ee3e54@group-036E82DF10BE
2021-03-17 02:10:17,835 [pool-237-thread-1] INFO  server.RaftServer$Division (RaftServerImpl.java:start(295)) - a3b22ff5-07c5-4717-894b-669982ee3e54@group-036E82DF10BE: start as a follower, conf=-1: [a3b22ff5-07c5-4717-894b-669982ee3e54|rpc:172.17.0.2:42689|priority:1], old=null
2021-03-17 02:10:17,835 [pool-237-thread-1] INFO  server.RaftServer$Division (RaftServerImpl.java:setRole(284)) - a3b22ff5-07c5-4717-894b-669982ee3e54@group-036E82DF10BE: changes role from      null to FOLLOWER at term 0 for startAsFollower
2021-03-17 02:10:17,835 [pool-237-thread-1] INFO  impl.RoleInfo (RoleInfo.java:updateAndGet(130)) - a3b22ff5-07c5-4717-894b-669982ee3e54: start a3b22ff5-07c5-4717-894b-669982ee3e54@group-036E82DF10BE-FollowerState
2021-03-17 02:10:17,835 [pool-237-thread-1] INFO  util.JmxRegister (JmxRegister.java:tryRegister(44)) - Successfully registered JMX Bean with object name Ratis:service=RaftServer,group=group-036E82DF10BE,id=a3b22ff5-07c5-4717-894b-669982ee3e54
2021-03-17 02:10:17,835 [pool-237-thread-1] INFO  metrics.RatisMetrics (RatisMetrics.java:lambda$create$0(36)) - Creating Metrics Registry : ratis.state_machine.a3b22ff5-07c5-4717-894b-669982ee3e54@group-036E82DF10BE
2021-03-17 02:10:17,836 [Command processor thread] INFO  commandhandler.CreatePipelineCommandHandler (CreatePipelineCommandHandler.java:handle(106)) - Created Pipeline RATIS ONE PipelineID=d8764373-1664-4953-abac-036e82df10be.
2021-03-17 02:10:18,087 [Command processor thread] INFO  server.RaftServer (RaftServerProxy.java:addNew(95)) - edc886fb-3392-4280-b977-eac73b957932: addNew group-0A288622836C:[edc886fb-3392-4280-b977-eac73b957932|rpc:172.17.0.2:45405|priority:1] returns group-0A288622836C:java.util.concurrent.CompletableFuture@71d29d4a[Not completed]
2021-03-17 02:10:18,089 [pool-253-thread-1] INFO  server.RaftServer$Division (RaftServerImpl.java:<init>(180)) - edc886fb-3392-4280-b977-eac73b957932: new RaftServerImpl for group-0A288622836C:[edc886fb-3392-4280-b977-eac73b957932|rpc:172.17.0.2:45405|priority:1] with ContainerStateMachine:uninitialized
2021-03-17 02:10:18,089 [pool-253-thread-1] INFO  server.RaftServerConfigKeys (ConfUtils.java:logGet(44)) - raft.server.rpc.timeout.min = 5s (custom)
2021-03-17 02:10:18,089 [pool-253-thread-1] INFO  server.RaftServerConfigKeys (ConfUtils.java:logGet(44)) - raft.server.rpc.timeout.max = 5200ms (custom)
2021-03-17 02:10:18,090 [pool-253-thread-1] INFO  server.RaftServerConfigKeys (ConfUtils.java:logGet(44)) - raft.server.rpc.sleep.time = 25ms (default)
2021-03-17 02:10:18,090 [pool-253-thread-1] INFO  server.RaftServerConfigKeys (ConfUtils.java:logGet(44)) - raft.server.rpc.slowness.timeout = 300000ms (custom)
2021-03-17 02:10:18,090 [pool-253-thread-1] INFO  server.RaftServerConfigKeys (ConfUtils.java:logGet(44)) - raft.server.leaderelection.leader.step-down.wait-time = 10s (default)
2021-03-17 02:10:18,090 [pool-253-thread-1] INFO  server.RaftServerConfigKeys (ConfUtils.java:logGet(44)) - raft.server.sleep.deviation.threshold = 300ms (default)
2021-03-17 02:10:18,090 [pool-253-thread-1] INFO  server.RaftServerConfigKeys (ConfUtils.java:logGet(44)) - raft.server.log.appender.install.snapshot.enabled = false (custom)
2021-03-17 02:10:18,090 [pool-253-thread-1] INFO  server.RaftServer$Division (ServerState.java:<init>(105)) - edc886fb-3392-4280-b977-eac73b957932@group-0A288622836C: ConfigurationManager, init=-1: [edc886fb-3392-4280-b977-eac73b957932|rpc:172.17.0.2:45405|priority:1], old=null, confs=<EMPTY_MAP>
2021-03-17 02:10:18,090 [pool-253-thread-1] INFO  server.RaftServerConfigKeys (ConfUtils.java:logGet(44)) - raft.server.storage.dir = [/github/workspace/mnt/ozone/hadoop-ozone/integration-test/target/test-dir/MiniOzoneClusterImpl-5543d78b-3109-4325-8e4d-d24bfba87b26/datanode-3/data/ratis] (custom)
2021-03-17 02:10:18,090 [pool-253-thread-1] INFO  server.RaftServerConfigKeys (ConfUtils.java:logGet(44)) - raft.server.log.corruption.policy = EXCEPTION (default)
2021-03-17 02:10:18,091 [pool-253-thread-1] INFO  storage.RaftStorageDirectory (RaftStorageDirectoryImpl.java:analyzeStorage(132)) - The storage directory /github/workspace/mnt/ozone/hadoop-ozone/integration-test/target/test-dir/MiniOzoneClusterImpl-5543d78b-3109-4325-8e4d-d24bfba87b26/datanode-3/data/ratis/86f0d598-410f-4fb4-8830-0a288622836c does not exist. Creating ...
2021-03-17 02:10:18,092 [pool-253-thread-1] INFO  storage.RaftStorageDirectory (RaftStorageDirectoryImpl.java:tryLock(215)) - Lock on /github/workspace/mnt/ozone/hadoop-ozone/integration-test/target/test-dir/MiniOzoneClusterImpl-5543d78b-3109-4325-8e4d-d24bfba87b26/datanode-3/data/ratis/86f0d598-410f-4fb4-8830-0a288622836c/in_use.lock acquired by nodename 11586@70ca58e12b9b
2021-03-17 02:10:18,093 [pool-253-thread-1] INFO  storage.RaftStorage (RaftStorageImpl.java:format(87)) - Storage directory /github/workspace/mnt/ozone/hadoop-ozone/integration-test/target/test-dir/MiniOzoneClusterImpl-5543d78b-3109-4325-8e4d-d24bfba87b26/datanode-3/data/ratis/86f0d598-410f-4fb4-8830-0a288622836c has been successfully formatted.
2021-03-17 02:10:18,094 [pool-253-thread-1] INFO  ratis.ContainerStateMachine (ContainerStateMachine.java:loadSnapshot(223)) - group-0A288622836C: The snapshot info is null. Setting the last applied indexto:(t:0, i:~)
2021-03-17 02:10:18,094 [pool-253-thread-1] ERROR storage.RaftStorage (RaftStorageImpl.java:readRaftConfiguration(147)) - Failed reading configuration from file:/github/workspace/mnt/ozone/hadoop-ozone/integration-test/target/test-dir/MiniOzoneClusterImpl-5543d78b-3109-4325-8e4d-d24bfba87b26/datanode-3/data/ratis/86f0d598-410f-4fb4-8830-0a288622836c/current/raft-meta.conf
java.io.FileNotFoundException: /github/workspace/mnt/ozone/hadoop-ozone/integration-test/target/test-dir/MiniOzoneClusterImpl-5543d78b-3109-4325-8e4d-d24bfba87b26/datanode-3/data/ratis/86f0d598-410f-4fb4-8830-0a288622836c/current/raft-meta.conf (No such file or directory)
	at java.io.FileInputStream.open0(Native Method)
	at java.io.FileInputStream.open(FileInputStream.java:195)
	at java.io.FileInputStream.<init>(FileInputStream.java:138)
	at org.apache.ratis.server.storage.RaftStorageImpl.readRaftConfiguration(RaftStorageImpl.java:143)
	at org.apache.ratis.server.impl.ServerState.<init>(ServerState.java:122)
	at org.apache.ratis.server.impl.RaftServerImpl.<init>(RaftServerImpl.java:193)
	at org.apache.ratis.server.impl.RaftServerProxy.lambda$newRaftServerImpl$4(RaftServerProxy.java:266)
	at java.util.concurrent.CompletableFuture$AsyncSupply.run(CompletableFuture.java:1604)
	at java.util.concurrent.ThreadPoolExecutor.runWorker(ThreadPoolExecutor.java:1149)
	at java.util.concurrent.ThreadPoolExecutor$Worker.run(ThreadPoolExecutor.java:624)
	at java.lang.Thread.run(Thread.java:748)
2021-03-17 02:10:18,094 [pool-253-thread-1] INFO  server.RaftServerConfigKeys (ConfUtils.java:logGet(44)) - raft.server.notification.no-leader.timeout = 300000ms (custom)
2021-03-17 02:10:18,094 [pool-253-thread-1] INFO  server.RaftServerConfigKeys (ConfUtils.java:logGet(44)) - raft.server.log.use.memory = false (default)
2021-03-17 02:10:18,094 [pool-253-thread-1] INFO  server.RaftServerConfigKeys (ConfUtils.java:logGet(44)) - raft.server.log.purge.gap = 1000000 (custom)
2021-03-17 02:10:18,094 [pool-253-thread-1] INFO  server.RaftServerConfigKeys (ConfUtils.java:logGet(44)) - raft.server.log.appender.buffer.byte-limit = 33554432 (custom)
2021-03-17 02:10:18,094 [pool-253-thread-1] INFO  metrics.RatisMetrics (RatisMetrics.java:lambda$create$0(36)) - Creating Metrics Registry : ratis.log_worker.edc886fb-3392-4280-b977-eac73b957932@group-0A288622836C
2021-03-17 02:10:18,095 [EventQueue-PipelineReportForOneReplicaPipelineSafeModeRule] INFO  safemode.SCMSafeModeManager (SCMSafeModeManager.java:validateSafeModeExitRules(214)) - AtleastOneDatanodeReportedRule rule is successfully validated
2021-03-17 02:10:18,095 [pool-253-thread-1] INFO  server.RaftServerConfigKeys (ConfUtils.java:logGet(44)) - raft.server.log.segment.size.max = 1048576 (custom)
2021-03-17 02:10:18,095 [EventQueue-PipelineReportForPipelineReportHandler] INFO  pipeline.PipelineStateManager (PipelineStateManager.java:openPipeline(132)) - Pipeline Pipeline[ Id: 86f0d598-410f-4fb4-8830-0a288622836c, Nodes: edc886fb-3392-4280-b977-eac73b957932{ip: 172.17.0.2, host: 70ca58e12b9b, ports: [REPLICATION=46347, RATIS=45405, RATIS_ADMIN=45405, RATIS_SERVER=45405, STANDALONE=36351], networkLocation: /default-rack, certSerialId: null, persistedOpState: IN_SERVICE, persistedOpStateExpiryEpochSec: 0}, Type:RATIS, Factor:ONE, State:ALLOCATED, leaderId:edc886fb-3392-4280-b977-eac73b957932, CreationTimestamp2021-03-17T02:10:15.087Z] moved to OPEN state
2021-03-17 02:10:18,095 [EventQueue-OpenPipelineForHealthyPipelineSafeModeRule] INFO  safemode.SCMSafeModeManager (HealthyPipelineSafeModeRule.java:process(128)) - SCM in safe mode. Healthy pipelines reported count is 0, required healthy pipeline reported count is 1
2021-03-17 02:10:18,095 [pool-253-thread-1] INFO  server.RaftServerConfigKeys (ConfUtils.java:logGet(44)) - raft.server.log.segment.cache.num.max = 2 (custom)
2021-03-17 02:10:18,095 [pool-253-thread-1] INFO  server.RaftServerConfigKeys (ConfUtils.java:logGet(44)) - raft.server.log.segment.cache.size.max = 200MB (=209715200) (default)
2021-03-17 02:10:18,095 [pool-253-thread-1] INFO  segmented.SegmentedRaftLogWorker (SegmentedRaftLogWorker.java:<init>(181)) - new edc886fb-3392-4280-b977-eac73b957932@group-0A288622836C-SegmentedRaftLogWorker for RaftStorageImpl:Storage Directory /github/workspace/mnt/ozone/hadoop-ozone/integration-test/target/test-dir/MiniOzoneClusterImpl-5543d78b-3109-4325-8e4d-d24bfba87b26/datanode-3/data/ratis/86f0d598-410f-4fb4-8830-0a288622836c
2021-03-17 02:10:18,095 [pool-253-thread-1] INFO  server.RaftServerConfigKeys (ConfUtils.java:logGet(44)) - raft.server.log.queue.byte-limit = 2147483647 (custom)
2021-03-17 02:10:18,095 [pool-253-thread-1] INFO  server.RaftServerConfigKeys (ConfUtils.java:logGet(44)) - raft.server.log.queue.element-limit = 1024 (custom)
2021-03-17 02:10:18,095 [pool-253-thread-1] INFO  server.RaftServerConfigKeys (ConfUtils.java:logGet(44)) - raft.server.log.segment.size.max = 1048576 (custom)
2021-03-17 02:10:18,096 [pool-253-thread-1] INFO  server.RaftServerConfigKeys (ConfUtils.java:logGet(44)) - raft.server.log.preallocated.size = 16384 (custom)
2021-03-17 02:10:18,096 [pool-253-thread-1] INFO  server.RaftServerConfigKeys (ConfUtils.java:logGet(44)) - raft.server.log.force.sync.num = 128 (default)
2021-03-17 02:10:18,096 [pool-253-thread-1] INFO  server.RaftServerConfigKeys (ConfUtils.java:logGet(44)) - raft.server.log.statemachine.data.sync = true (default)
2021-03-17 02:10:18,096 [pool-253-thread-1] INFO  server.RaftServerConfigKeys (ConfUtils.java:logGet(44)) - raft.server.log.statemachine.data.sync.timeout = 10s (default)
2021-03-17 02:10:18,096 [pool-253-thread-1] INFO  server.RaftServerConfigKeys (ConfUtils.java:logGet(44)) - raft.server.log.statemachine.data.sync.timeout.retry = -1 (default)
2021-03-17 02:10:18,097 [pool-253-thread-1] INFO  server.RaftServerConfigKeys (ConfUtils.java:logGet(44)) - raft.server.log.write.buffer.size = 1048576 (custom)
2021-03-17 02:10:18,098 [pool-253-thread-1] INFO  server.RaftServerConfigKeys (ConfUtils.java:logGet(44)) - raft.server.log.statemachine.data.caching.enabled = true (custom)
2021-03-17 02:10:18,098 [pool-253-thread-1] INFO  segmented.SegmentedRaftLogWorker (SegmentedRaftLogWorker.java:lambda$new$0(132)) - edc886fb-3392-4280-b977-eac73b957932@group-0A288622836C-SegmentedRaftLogWorker: flushIndex: setUnconditionally 0 -> -1
2021-03-17 02:10:18,098 [pool-253-thread-1] INFO  segmented.SegmentedRaftLogWorker (SegmentedRaftLogWorker.java:lambda$new$0(132)) - edc886fb-3392-4280-b977-eac73b957932@group-0A288622836C-SegmentedRaftLogWorker: safeCacheEvictIndex: setUnconditionally 0 -> -1
2021-03-17 02:10:18,099 [pool-253-thread-1] INFO  server.RaftServerConfigKeys (ConfUtils.java:logGet(44)) - raft.server.snapshot.auto.trigger.enabled = true (custom)
2021-03-17 02:10:18,099 [pool-253-thread-1] INFO  server.RaftServerConfigKeys (ConfUtils.java:logGet(44)) - raft.server.snapshot.auto.trigger.threshold = 10000 (custom)
2021-03-17 02:10:18,099 [pool-253-thread-1] INFO  server.RaftServerConfigKeys (ConfUtils.java:logGet(44)) - raft.server.snapshot.retention.file.num = 5 (custom)
2021-03-17 02:10:18,099 [pool-253-thread-1] INFO  server.RaftServerConfigKeys (ConfUtils.java:logGet(44)) - raft.server.log.purge.upto.snapshot.index = false (default)
2021-03-17 02:10:18,099 [pool-253-thread-1] INFO  server.RaftServerConfigKeys (ConfUtils.java:logGet(44)) - raft.server.retrycache.expirytime = 600000ms (custom)
2021-03-17 02:10:18,099 [pool-253-thread-1] INFO  server.RaftServerConfigKeys (ConfUtils.java:logGet(44)) - raft.server.retrycache.statistics.expirytime = 100?s (default)
2021-03-17 02:10:18,099 [pool-253-thread-1] INFO  metrics.RatisMetrics (RatisMetrics.java:lambda$create$0(36)) - Creating Metrics Registry : ratis.leader_election.edc886fb-3392-4280-b977-eac73b957932@group-0A288622836C
2021-03-17 02:10:18,099 [pool-253-thread-1] INFO  metrics.RatisMetrics (RatisMetrics.java:lambda$create$0(36)) - Creating Metrics Registry : ratis.server.edc886fb-3392-4280-b977-eac73b957932@group-0A288622836C
2021-03-17 02:10:18,100 [pool-253-thread-1] INFO  server.RaftServer$Division (RaftServerImpl.java:start(295)) - edc886fb-3392-4280-b977-eac73b957932@group-0A288622836C: start as a follower, conf=-1: [edc886fb-3392-4280-b977-eac73b957932|rpc:172.17.0.2:45405|priority:1], old=null
2021-03-17 02:10:18,100 [pool-253-thread-1] INFO  server.RaftServer$Division (RaftServerImpl.java:setRole(284)) - edc886fb-3392-4280-b977-eac73b957932@group-0A288622836C: changes role from      null to FOLLOWER at term 0 for startAsFollower
2021-03-17 02:10:18,100 [pool-253-thread-1] INFO  impl.RoleInfo (RoleInfo.java:updateAndGet(130)) - edc886fb-3392-4280-b977-eac73b957932: start edc886fb-3392-4280-b977-eac73b957932@group-0A288622836C-FollowerState
2021-03-17 02:10:18,101 [pool-253-thread-1] INFO  util.JmxRegister (JmxRegister.java:tryRegister(44)) - Successfully registered JMX Bean with object name Ratis:service=RaftServer,group=group-0A288622836C,id=edc886fb-3392-4280-b977-eac73b957932
2021-03-17 02:10:18,101 [pool-253-thread-1] INFO  metrics.RatisMetrics (RatisMetrics.java:lambda$create$0(36)) - Creating Metrics Registry : ratis.state_machine.edc886fb-3392-4280-b977-eac73b957932@group-0A288622836C
2021-03-17 02:10:18,101 [Command processor thread] INFO  commandhandler.CreatePipelineCommandHandler (CreatePipelineCommandHandler.java:handle(106)) - Created Pipeline RATIS ONE PipelineID=86f0d598-410f-4fb4-8830-0a288622836c.
2021-03-17 02:10:18,102 [Command processor thread] INFO  server.RaftServer (RaftServerProxy.java:addNew(95)) - edc886fb-3392-4280-b977-eac73b957932: addNew group-7A770B342A66:[edc886fb-3392-4280-b977-eac73b957932|rpc:172.17.0.2:45405|priority:1, 888dbe71-6008-4ebf-8f97-777673ccf37c|rpc:172.17.0.2:32769|priority:0, 37b60bae-9d6d-40b8-9851-2e9be12703e9|rpc:172.17.0.2:46279|priority:0] returns group-7A770B342A66:java.util.concurrent.CompletableFuture@75ed07a8[Not completed]
2021-03-17 02:10:18,102 [pool-253-thread-1] INFO  server.RaftServer$Division (RaftServerImpl.java:<init>(180)) - edc886fb-3392-4280-b977-eac73b957932: new RaftServerImpl for group-7A770B342A66:[edc886fb-3392-4280-b977-eac73b957932|rpc:172.17.0.2:45405|priority:1, 888dbe71-6008-4ebf-8f97-777673ccf37c|rpc:172.17.0.2:32769|priority:0, 37b60bae-9d6d-40b8-9851-2e9be12703e9|rpc:172.17.0.2:46279|priority:0] with ContainerStateMachine:uninitialized
2021-03-17 02:10:18,102 [pool-253-thread-1] INFO  server.RaftServerConfigKeys (ConfUtils.java:logGet(44)) - raft.server.rpc.timeout.min = 5s (custom)
2021-03-17 02:10:18,102 [pool-253-thread-1] INFO  server.RaftServerConfigKeys (ConfUtils.java:logGet(44)) - raft.server.rpc.timeout.max = 5200ms (custom)
2021-03-17 02:10:18,103 [pool-253-thread-1] INFO  server.RaftServerConfigKeys (ConfUtils.java:logGet(44)) - raft.server.rpc.sleep.time = 25ms (default)
2021-03-17 02:10:18,103 [pool-253-thread-1] INFO  server.RaftServerConfigKeys (ConfUtils.java:logGet(44)) - raft.server.rpc.slowness.timeout = 300000ms (custom)
2021-03-17 02:10:18,103 [pool-253-thread-1] INFO  server.RaftServerConfigKeys (ConfUtils.java:logGet(44)) - raft.server.leaderelection.leader.step-down.wait-time = 10s (default)
2021-03-17 02:10:18,103 [pool-253-thread-1] INFO  server.RaftServerConfigKeys (ConfUtils.java:logGet(44)) - raft.server.sleep.deviation.threshold = 300ms (default)
2021-03-17 02:10:18,103 [pool-253-thread-1] INFO  server.RaftServerConfigKeys (ConfUtils.java:logGet(44)) - raft.server.log.appender.install.snapshot.enabled = false (custom)
2021-03-17 02:10:18,103 [pool-253-thread-1] INFO  server.RaftServer$Division (ServerState.java:<init>(105)) - edc886fb-3392-4280-b977-eac73b957932@group-7A770B342A66: ConfigurationManager, init=-1: [edc886fb-3392-4280-b977-eac73b957932|rpc:172.17.0.2:45405|priority:1, 888dbe71-6008-4ebf-8f97-777673ccf37c|rpc:172.17.0.2:32769|priority:0, 37b60bae-9d6d-40b8-9851-2e9be12703e9|rpc:172.17.0.2:46279|priority:0], old=null, confs=<EMPTY_MAP>
2021-03-17 02:10:18,103 [pool-253-thread-1] INFO  server.RaftServerConfigKeys (ConfUtils.java:logGet(44)) - raft.server.storage.dir = [/github/workspace/mnt/ozone/hadoop-ozone/integration-test/target/test-dir/MiniOzoneClusterImpl-5543d78b-3109-4325-8e4d-d24bfba87b26/datanode-3/data/ratis] (custom)
2021-03-17 02:10:18,103 [pool-253-thread-1] INFO  server.RaftServerConfigKeys (ConfUtils.java:logGet(44)) - raft.server.log.corruption.policy = EXCEPTION (default)
2021-03-17 02:10:18,103 [pool-253-thread-1] INFO  storage.RaftStorageDirectory (RaftStorageDirectoryImpl.java:analyzeStorage(132)) - The storage directory /github/workspace/mnt/ozone/hadoop-ozone/integration-test/target/test-dir/MiniOzoneClusterImpl-5543d78b-3109-4325-8e4d-d24bfba87b26/datanode-3/data/ratis/eb7140b3-8d2d-4bc8-b775-7a770b342a66 does not exist. Creating ...
2021-03-17 02:10:18,105 [pool-253-thread-1] INFO  storage.RaftStorageDirectory (RaftStorageDirectoryImpl.java:tryLock(215)) - Lock on /github/workspace/mnt/ozone/hadoop-ozone/integration-test/target/test-dir/MiniOzoneClusterImpl-5543d78b-3109-4325-8e4d-d24bfba87b26/datanode-3/data/ratis/eb7140b3-8d2d-4bc8-b775-7a770b342a66/in_use.lock acquired by nodename 11586@70ca58e12b9b
2021-03-17 02:10:18,106 [pool-253-thread-1] INFO  storage.RaftStorage (RaftStorageImpl.java:format(87)) - Storage directory /github/workspace/mnt/ozone/hadoop-ozone/integration-test/target/test-dir/MiniOzoneClusterImpl-5543d78b-3109-4325-8e4d-d24bfba87b26/datanode-3/data/ratis/eb7140b3-8d2d-4bc8-b775-7a770b342a66 has been successfully formatted.
2021-03-17 02:10:18,106 [pool-253-thread-1] INFO  ratis.ContainerStateMachine (ContainerStateMachine.java:loadSnapshot(223)) - group-7A770B342A66: The snapshot info is null. Setting the last applied indexto:(t:0, i:~)
2021-03-17 02:10:18,107 [pool-253-thread-1] ERROR storage.RaftStorage (RaftStorageImpl.java:readRaftConfiguration(147)) - Failed reading configuration from file:/github/workspace/mnt/ozone/hadoop-ozone/integration-test/target/test-dir/MiniOzoneClusterImpl-5543d78b-3109-4325-8e4d-d24bfba87b26/datanode-3/data/ratis/eb7140b3-8d2d-4bc8-b775-7a770b342a66/current/raft-meta.conf
java.io.FileNotFoundException: /github/workspace/mnt/ozone/hadoop-ozone/integration-test/target/test-dir/MiniOzoneClusterImpl-5543d78b-3109-4325-8e4d-d24bfba87b26/datanode-3/data/ratis/eb7140b3-8d2d-4bc8-b775-7a770b342a66/current/raft-meta.conf (No such file or directory)
	at java.io.FileInputStream.open0(Native Method)
	at java.io.FileInputStream.open(FileInputStream.java:195)
	at java.io.FileInputStream.<init>(FileInputStream.java:138)
	at org.apache.ratis.server.storage.RaftStorageImpl.readRaftConfiguration(RaftStorageImpl.java:143)
	at org.apache.ratis.server.impl.ServerState.<init>(ServerState.java:122)
	at org.apache.ratis.server.impl.RaftServerImpl.<init>(RaftServerImpl.java:193)
	at org.apache.ratis.server.impl.RaftServerProxy.lambda$newRaftServerImpl$4(RaftServerProxy.java:266)
	at java.util.concurrent.CompletableFuture$AsyncSupply.run(CompletableFuture.java:1604)
	at java.util.concurrent.ThreadPoolExecutor.runWorker(ThreadPoolExecutor.java:1149)
	at java.util.concurrent.ThreadPoolExecutor$Worker.run(ThreadPoolExecutor.java:624)
	at java.lang.Thread.run(Thread.java:748)
2021-03-17 02:10:18,107 [EventQueue-OpenPipelineForHealthyPipelineSafeModeRule] INFO  safemode.SCMSafeModeManager (HealthyPipelineSafeModeRule.java:process(128)) - SCM in safe mode. Healthy pipelines reported count is 0, required healthy pipeline reported count is 1
2021-03-17 02:10:18,107 [EventQueue-PipelineReportForOneReplicaPipelineSafeModeRule] INFO  safemode.SCMSafeModeManager (SCMSafeModeManager.java:validateSafeModeExitRules(214)) - AtleastOneDatanodeReportedRule rule is successfully validated
2021-03-17 02:10:18,107 [pool-253-thread-1] INFO  server.RaftServerConfigKeys (ConfUtils.java:logGet(44)) - raft.server.notification.no-leader.timeout = 300000ms (custom)
2021-03-17 02:10:18,108 [pool-253-thread-1] INFO  server.RaftServerConfigKeys (ConfUtils.java:logGet(44)) - raft.server.log.use.memory = false (default)
2021-03-17 02:10:18,108 [pool-253-thread-1] INFO  server.RaftServerConfigKeys (ConfUtils.java:logGet(44)) - raft.server.log.purge.gap = 1000000 (custom)
2021-03-17 02:10:18,109 [pool-253-thread-1] INFO  server.RaftServerConfigKeys (ConfUtils.java:logGet(44)) - raft.server.log.appender.buffer.byte-limit = 33554432 (custom)
2021-03-17 02:10:18,109 [pool-253-thread-1] INFO  metrics.RatisMetrics (RatisMetrics.java:lambda$create$0(36)) - Creating Metrics Registry : ratis.log_worker.edc886fb-3392-4280-b977-eac73b957932@group-7A770B342A66
2021-03-17 02:10:18,109 [pool-253-thread-1] INFO  server.RaftServerConfigKeys (ConfUtils.java:logGet(44)) - raft.server.log.segment.size.max = 1048576 (custom)
2021-03-17 02:10:18,109 [pool-253-thread-1] INFO  server.RaftServerConfigKeys (ConfUtils.java:logGet(44)) - raft.server.log.segment.cache.num.max = 2 (custom)
2021-03-17 02:10:18,109 [pool-253-thread-1] INFO  server.RaftServerConfigKeys (ConfUtils.java:logGet(44)) - raft.server.log.segment.cache.size.max = 200MB (=209715200) (default)
2021-03-17 02:10:18,110 [pool-253-thread-1] INFO  segmented.SegmentedRaftLogWorker (SegmentedRaftLogWorker.java:<init>(181)) - new edc886fb-3392-4280-b977-eac73b957932@group-7A770B342A66-SegmentedRaftLogWorker for RaftStorageImpl:Storage Directory /github/workspace/mnt/ozone/hadoop-ozone/integration-test/target/test-dir/MiniOzoneClusterImpl-5543d78b-3109-4325-8e4d-d24bfba87b26/datanode-3/data/ratis/eb7140b3-8d2d-4bc8-b775-7a770b342a66
2021-03-17 02:10:18,110 [pool-253-thread-1] INFO  server.RaftServerConfigKeys (ConfUtils.java:logGet(44)) - raft.server.log.queue.byte-limit = 2147483647 (custom)
2021-03-17 02:10:18,110 [pool-253-thread-1] INFO  server.RaftServerConfigKeys (ConfUtils.java:logGet(44)) - raft.server.log.queue.element-limit = 1024 (custom)
2021-03-17 02:10:18,110 [pool-253-thread-1] INFO  server.RaftServerConfigKeys (ConfUtils.java:logGet(44)) - raft.server.log.segment.size.max = 1048576 (custom)
2021-03-17 02:10:18,110 [pool-253-thread-1] INFO  server.RaftServerConfigKeys (ConfUtils.java:logGet(44)) - raft.server.log.preallocated.size = 16384 (custom)
2021-03-17 02:10:18,110 [pool-253-thread-1] INFO  server.RaftServerConfigKeys (ConfUtils.java:logGet(44)) - raft.server.log.force.sync.num = 128 (default)
2021-03-17 02:10:18,110 [pool-253-thread-1] INFO  server.RaftServerConfigKeys (ConfUtils.java:logGet(44)) - raft.server.log.statemachine.data.sync = true (default)
2021-03-17 02:10:18,110 [pool-253-thread-1] INFO  server.RaftServerConfigKeys (ConfUtils.java:logGet(44)) - raft.server.log.statemachine.data.sync.timeout = 10s (default)
2021-03-17 02:10:18,110 [pool-253-thread-1] INFO  server.RaftServerConfigKeys (ConfUtils.java:logGet(44)) - raft.server.log.statemachine.data.sync.timeout.retry = -1 (default)
2021-03-17 02:10:18,112 [pool-253-thread-1] INFO  server.RaftServerConfigKeys (ConfUtils.java:logGet(44)) - raft.server.log.write.buffer.size = 1048576 (custom)
2021-03-17 02:10:18,112 [pool-253-thread-1] INFO  server.RaftServerConfigKeys (ConfUtils.java:logGet(44)) - raft.server.log.statemachine.data.caching.enabled = true (custom)
2021-03-17 02:10:18,112 [pool-253-thread-1] INFO  segmented.SegmentedRaftLogWorker (SegmentedRaftLogWorker.java:lambda$new$0(132)) - edc886fb-3392-4280-b977-eac73b957932@group-7A770B342A66-SegmentedRaftLogWorker: flushIndex: setUnconditionally 0 -> -1
2021-03-17 02:10:18,113 [pool-253-thread-1] INFO  segmented.SegmentedRaftLogWorker (SegmentedRaftLogWorker.java:lambda$new$0(132)) - edc886fb-3392-4280-b977-eac73b957932@group-7A770B342A66-SegmentedRaftLogWorker: safeCacheEvictIndex: setUnconditionally 0 -> -1
2021-03-17 02:10:18,117 [pool-253-thread-1] INFO  server.RaftServerConfigKeys (ConfUtils.java:logGet(44)) - raft.server.snapshot.auto.trigger.enabled = true (custom)
2021-03-17 02:10:18,117 [pool-253-thread-1] INFO  server.RaftServerConfigKeys (ConfUtils.java:logGet(44)) - raft.server.snapshot.auto.trigger.threshold = 10000 (custom)
2021-03-17 02:10:18,117 [pool-253-thread-1] INFO  server.RaftServerConfigKeys (ConfUtils.java:logGet(44)) - raft.server.snapshot.retention.file.num = 5 (custom)
2021-03-17 02:10:18,117 [pool-253-thread-1] INFO  server.RaftServerConfigKeys (ConfUtils.java:logGet(44)) - raft.server.log.purge.upto.snapshot.index = false (default)
2021-03-17 02:10:18,118 [pool-253-thread-1] INFO  server.RaftServerConfigKeys (ConfUtils.java:logGet(44)) - raft.server.retrycache.expirytime = 600000ms (custom)
2021-03-17 02:10:18,118 [pool-253-thread-1] INFO  server.RaftServerConfigKeys (ConfUtils.java:logGet(44)) - raft.server.retrycache.statistics.expirytime = 100?s (default)
2021-03-17 02:10:18,118 [pool-253-thread-1] INFO  metrics.RatisMetrics (RatisMetrics.java:lambda$create$0(36)) - Creating Metrics Registry : ratis.leader_election.edc886fb-3392-4280-b977-eac73b957932@group-7A770B342A66
2021-03-17 02:10:18,118 [pool-253-thread-1] INFO  metrics.RatisMetrics (RatisMetrics.java:lambda$create$0(36)) - Creating Metrics Registry : ratis.server.edc886fb-3392-4280-b977-eac73b957932@group-7A770B342A66
2021-03-17 02:10:18,119 [pool-253-thread-1] INFO  server.RaftServer$Division (RaftServerImpl.java:start(295)) - edc886fb-3392-4280-b977-eac73b957932@group-7A770B342A66: start as a follower, conf=-1: [edc886fb-3392-4280-b977-eac73b957932|rpc:172.17.0.2:45405|priority:1, 888dbe71-6008-4ebf-8f97-777673ccf37c|rpc:172.17.0.2:32769|priority:0, 37b60bae-9d6d-40b8-9851-2e9be12703e9|rpc:172.17.0.2:46279|priority:0], old=null
2021-03-17 02:10:18,119 [pool-253-thread-1] INFO  server.RaftServer$Division (RaftServerImpl.java:setRole(284)) - edc886fb-3392-4280-b977-eac73b957932@group-7A770B342A66: changes role from      null to FOLLOWER at term 0 for startAsFollower
2021-03-17 02:10:18,119 [pool-253-thread-1] INFO  impl.RoleInfo (RoleInfo.java:updateAndGet(130)) - edc886fb-3392-4280-b977-eac73b957932: start edc886fb-3392-4280-b977-eac73b957932@group-7A770B342A66-FollowerState
2021-03-17 02:10:18,120 [pool-253-thread-1] INFO  util.JmxRegister (JmxRegister.java:tryRegister(44)) - Successfully registered JMX Bean with object name Ratis:service=RaftServer,group=group-7A770B342A66,id=edc886fb-3392-4280-b977-eac73b957932
2021-03-17 02:10:18,120 [pool-253-thread-1] INFO  metrics.RatisMetrics (RatisMetrics.java:lambda$create$0(36)) - Creating Metrics Registry : ratis.state_machine.edc886fb-3392-4280-b977-eac73b957932@group-7A770B342A66
2021-03-17 02:10:18,122 [Command processor thread] INFO  metrics.RatisMetrics (RatisMetrics.java:lambda$create$0(36)) - Creating Metrics Registry : ratis.client_message_metrics.client-0DED5626648F->888dbe71-6008-4ebf-8f97-777673ccf37c
2021-03-17 02:10:18,127 [grpc-default-executor-1] INFO  metrics.RatisMetrics (RatisMetrics.java:lambda$create$0(36)) - Creating Metrics Registry : ratis.server_message_metrics.888dbe71-6008-4ebf-8f97-777673ccf37c
2021-03-17 02:10:18,131 [grpc-default-executor-1] INFO  server.RaftServer (RaftServerProxy.java:addNew(95)) - 888dbe71-6008-4ebf-8f97-777673ccf37c: addNew group-7A770B342A66:[edc886fb-3392-4280-b977-eac73b957932|rpc:172.17.0.2:45405|dataStream:|priority:1, 888dbe71-6008-4ebf-8f97-777673ccf37c|rpc:172.17.0.2:32769|dataStream:|priority:0, 37b60bae-9d6d-40b8-9851-2e9be12703e9|rpc:172.17.0.2:46279|dataStream:|priority:0] returns group-7A770B342A66:java.util.concurrent.CompletableFuture@69ce10bb[Not completed]
2021-03-17 02:10:18,133 [pool-285-thread-1] INFO  server.RaftServer$Division (RaftServerImpl.java:<init>(180)) - 888dbe71-6008-4ebf-8f97-777673ccf37c: new RaftServerImpl for group-7A770B342A66:[edc886fb-3392-4280-b977-eac73b957932|rpc:172.17.0.2:45405|dataStream:|priority:1, 888dbe71-6008-4ebf-8f97-777673ccf37c|rpc:172.17.0.2:32769|dataStream:|priority:0, 37b60bae-9d6d-40b8-9851-2e9be12703e9|rpc:172.17.0.2:46279|dataStream:|priority:0] with ContainerStateMachine:uninitialized
2021-03-17 02:10:18,133 [pool-285-thread-1] INFO  server.RaftServerConfigKeys (ConfUtils.java:logGet(44)) - raft.server.rpc.timeout.min = 5s (custom)
2021-03-17 02:10:18,133 [pool-285-thread-1] INFO  server.RaftServerConfigKeys (ConfUtils.java:logGet(44)) - raft.server.rpc.timeout.max = 5200ms (custom)
2021-03-17 02:10:18,133 [pool-285-thread-1] INFO  server.RaftServerConfigKeys (ConfUtils.java:logGet(44)) - raft.server.rpc.sleep.time = 25ms (default)
2021-03-17 02:10:18,133 [pool-285-thread-1] INFO  server.RaftServerConfigKeys (ConfUtils.java:logGet(44)) - raft.server.rpc.slowness.timeout = 300000ms (custom)
2021-03-17 02:10:18,133 [pool-285-thread-1] INFO  server.RaftServerConfigKeys (ConfUtils.java:logGet(44)) - raft.server.leaderelection.leader.step-down.wait-time = 10s (default)
2021-03-17 02:10:18,133 [pool-285-thread-1] INFO  server.RaftServerConfigKeys (ConfUtils.java:logGet(44)) - raft.server.sleep.deviation.threshold = 300ms (default)
2021-03-17 02:10:18,133 [pool-285-thread-1] INFO  server.RaftServerConfigKeys (ConfUtils.java:logGet(44)) - raft.server.log.appender.install.snapshot.enabled = false (custom)
2021-03-17 02:10:18,133 [pool-285-thread-1] INFO  server.RaftServer$Division (ServerState.java:<init>(105)) - 888dbe71-6008-4ebf-8f97-777673ccf37c@group-7A770B342A66: ConfigurationManager, init=-1: [edc886fb-3392-4280-b977-eac73b957932|rpc:172.17.0.2:45405|dataStream:|priority:1, 888dbe71-6008-4ebf-8f97-777673ccf37c|rpc:172.17.0.2:32769|dataStream:|priority:0, 37b60bae-9d6d-40b8-9851-2e9be12703e9|rpc:172.17.0.2:46279|dataStream:|priority:0], old=null, confs=<EMPTY_MAP>
2021-03-17 02:10:18,133 [pool-285-thread-1] INFO  server.RaftServerConfigKeys (ConfUtils.java:logGet(44)) - raft.server.storage.dir = [/github/workspace/mnt/ozone/hadoop-ozone/integration-test/target/test-dir/MiniOzoneClusterImpl-5543d78b-3109-4325-8e4d-d24bfba87b26/datanode-5/data/ratis] (custom)
2021-03-17 02:10:18,134 [pool-285-thread-1] INFO  server.RaftServerConfigKeys (ConfUtils.java:logGet(44)) - raft.server.log.corruption.policy = EXCEPTION (default)
2021-03-17 02:10:18,134 [pool-285-thread-1] INFO  storage.RaftStorageDirectory (RaftStorageDirectoryImpl.java:analyzeStorage(132)) - The storage directory /github/workspace/mnt/ozone/hadoop-ozone/integration-test/target/test-dir/MiniOzoneClusterImpl-5543d78b-3109-4325-8e4d-d24bfba87b26/datanode-5/data/ratis/eb7140b3-8d2d-4bc8-b775-7a770b342a66 does not exist. Creating ...
2021-03-17 02:10:18,135 [pool-285-thread-1] INFO  storage.RaftStorageDirectory (RaftStorageDirectoryImpl.java:tryLock(215)) - Lock on /github/workspace/mnt/ozone/hadoop-ozone/integration-test/target/test-dir/MiniOzoneClusterImpl-5543d78b-3109-4325-8e4d-d24bfba87b26/datanode-5/data/ratis/eb7140b3-8d2d-4bc8-b775-7a770b342a66/in_use.lock acquired by nodename 11586@70ca58e12b9b
2021-03-17 02:10:18,136 [pool-285-thread-1] INFO  storage.RaftStorage (RaftStorageImpl.java:format(87)) - Storage directory /github/workspace/mnt/ozone/hadoop-ozone/integration-test/target/test-dir/MiniOzoneClusterImpl-5543d78b-3109-4325-8e4d-d24bfba87b26/datanode-5/data/ratis/eb7140b3-8d2d-4bc8-b775-7a770b342a66 has been successfully formatted.
2021-03-17 02:10:18,136 [pool-285-thread-1] INFO  ratis.ContainerStateMachine (ContainerStateMachine.java:loadSnapshot(223)) - group-7A770B342A66: The snapshot info is null. Setting the last applied indexto:(t:0, i:~)
2021-03-17 02:10:18,137 [EventQueue-PipelineReportForOneReplicaPipelineSafeModeRule] INFO  safemode.SCMSafeModeManager (SCMSafeModeManager.java:validateSafeModeExitRules(214)) - AtleastOneDatanodeReportedRule rule is successfully validated
2021-03-17 02:10:18,137 [pool-285-thread-1] ERROR storage.RaftStorage (RaftStorageImpl.java:readRaftConfiguration(147)) - Failed reading configuration from file:/github/workspace/mnt/ozone/hadoop-ozone/integration-test/target/test-dir/MiniOzoneClusterImpl-5543d78b-3109-4325-8e4d-d24bfba87b26/datanode-5/data/ratis/eb7140b3-8d2d-4bc8-b775-7a770b342a66/current/raft-meta.conf
java.io.FileNotFoundException: /github/workspace/mnt/ozone/hadoop-ozone/integration-test/target/test-dir/MiniOzoneClusterImpl-5543d78b-3109-4325-8e4d-d24bfba87b26/datanode-5/data/ratis/eb7140b3-8d2d-4bc8-b775-7a770b342a66/current/raft-meta.conf (No such file or directory)
	at java.io.FileInputStream.open0(Native Method)
	at java.io.FileInputStream.open(FileInputStream.java:195)
	at java.io.FileInputStream.<init>(FileInputStream.java:138)
	at org.apache.ratis.server.storage.RaftStorageImpl.readRaftConfiguration(RaftStorageImpl.java:143)
	at org.apache.ratis.server.impl.ServerState.<init>(ServerState.java:122)
	at org.apache.ratis.server.impl.RaftServerImpl.<init>(RaftServerImpl.java:193)
	at org.apache.ratis.server.impl.RaftServerProxy.lambda$newRaftServerImpl$4(RaftServerProxy.java:266)
	at java.util.concurrent.CompletableFuture$AsyncSupply.run(CompletableFuture.java:1604)
	at java.util.concurrent.ThreadPoolExecutor.runWorker(ThreadPoolExecutor.java:1149)
	at java.util.concurrent.ThreadPoolExecutor$Worker.run(ThreadPoolExecutor.java:624)
	at java.lang.Thread.run(Thread.java:748)
2021-03-17 02:10:18,138 [pool-285-thread-1] INFO  server.RaftServerConfigKeys (ConfUtils.java:logGet(44)) - raft.server.notification.no-leader.timeout = 300000ms (custom)
2021-03-17 02:10:18,138 [pool-285-thread-1] INFO  server.RaftServerConfigKeys (ConfUtils.java:logGet(44)) - raft.server.log.use.memory = false (default)
2021-03-17 02:10:18,138 [pool-285-thread-1] INFO  server.RaftServerConfigKeys (ConfUtils.java:logGet(44)) - raft.server.log.purge.gap = 1000000 (custom)
2021-03-17 02:10:18,138 [pool-285-thread-1] INFO  server.RaftServerConfigKeys (ConfUtils.java:logGet(44)) - raft.server.log.appender.buffer.byte-limit = 33554432 (custom)
2021-03-17 02:10:18,138 [pool-285-thread-1] INFO  metrics.RatisMetrics (RatisMetrics.java:lambda$create$0(36)) - Creating Metrics Registry : ratis.log_worker.888dbe71-6008-4ebf-8f97-777673ccf37c@group-7A770B342A66
2021-03-17 02:10:18,138 [pool-285-thread-1] INFO  server.RaftServerConfigKeys (ConfUtils.java:logGet(44)) - raft.server.log.segment.size.max = 1048576 (custom)
2021-03-17 02:10:18,139 [pool-285-thread-1] INFO  server.RaftServerConfigKeys (ConfUtils.java:logGet(44)) - raft.server.log.segment.cache.num.max = 2 (custom)
2021-03-17 02:10:18,140 [pool-285-thread-1] INFO  server.RaftServerConfigKeys (ConfUtils.java:logGet(44)) - raft.server.log.segment.cache.size.max = 200MB (=209715200) (default)
2021-03-17 02:10:18,140 [pool-285-thread-1] INFO  segmented.SegmentedRaftLogWorker (SegmentedRaftLogWorker.java:<init>(181)) - new 888dbe71-6008-4ebf-8f97-777673ccf37c@group-7A770B342A66-SegmentedRaftLogWorker for RaftStorageImpl:Storage Directory /github/workspace/mnt/ozone/hadoop-ozone/integration-test/target/test-dir/MiniOzoneClusterImpl-5543d78b-3109-4325-8e4d-d24bfba87b26/datanode-5/data/ratis/eb7140b3-8d2d-4bc8-b775-7a770b342a66
2021-03-17 02:10:18,140 [pool-285-thread-1] INFO  server.RaftServerConfigKeys (ConfUtils.java:logGet(44)) - raft.server.log.queue.byte-limit = 2147483647 (custom)
2021-03-17 02:10:18,141 [pool-285-thread-1] INFO  server.RaftServerConfigKeys (ConfUtils.java:logGet(44)) - raft.server.log.queue.element-limit = 1024 (custom)
2021-03-17 02:10:18,141 [pool-285-thread-1] INFO  server.RaftServerConfigKeys (ConfUtils.java:logGet(44)) - raft.server.log.segment.size.max = 1048576 (custom)
2021-03-17 02:10:18,141 [pool-285-thread-1] INFO  server.RaftServerConfigKeys (ConfUtils.java:logGet(44)) - raft.server.log.preallocated.size = 16384 (custom)
2021-03-17 02:10:18,141 [pool-285-thread-1] INFO  server.RaftServerConfigKeys (ConfUtils.java:logGet(44)) - raft.server.log.force.sync.num = 128 (default)
2021-03-17 02:10:18,141 [pool-285-thread-1] INFO  server.RaftServerConfigKeys (ConfUtils.java:logGet(44)) - raft.server.log.statemachine.data.sync = true (default)
2021-03-17 02:10:18,141 [pool-285-thread-1] INFO  server.RaftServerConfigKeys (ConfUtils.java:logGet(44)) - raft.server.log.statemachine.data.sync.timeout = 10s (default)
2021-03-17 02:10:18,141 [pool-285-thread-1] INFO  server.RaftServerConfigKeys (ConfUtils.java:logGet(44)) - raft.server.log.statemachine.data.sync.timeout.retry = -1 (default)
2021-03-17 02:10:18,142 [pool-285-thread-1] INFO  server.RaftServerConfigKeys (ConfUtils.java:logGet(44)) - raft.server.log.write.buffer.size = 1048576 (custom)
2021-03-17 02:10:18,142 [pool-285-thread-1] INFO  server.RaftServerConfigKeys (ConfUtils.java:logGet(44)) - raft.server.log.statemachine.data.caching.enabled = true (custom)
2021-03-17 02:10:18,143 [pool-285-thread-1] INFO  segmented.SegmentedRaftLogWorker (SegmentedRaftLogWorker.java:lambda$new$0(132)) - 888dbe71-6008-4ebf-8f97-777673ccf37c@group-7A770B342A66-SegmentedRaftLogWorker: flushIndex: setUnconditionally 0 -> -1
2021-03-17 02:10:18,143 [pool-285-thread-1] INFO  segmented.SegmentedRaftLogWorker (SegmentedRaftLogWorker.java:lambda$new$0(132)) - 888dbe71-6008-4ebf-8f97-777673ccf37c@group-7A770B342A66-SegmentedRaftLogWorker: safeCacheEvictIndex: setUnconditionally 0 -> -1
2021-03-17 02:10:18,143 [pool-285-thread-1] INFO  server.RaftServerConfigKeys (ConfUtils.java:logGet(44)) - raft.server.snapshot.auto.trigger.enabled = true (custom)
2021-03-17 02:10:18,143 [pool-285-thread-1] INFO  server.RaftServerConfigKeys (ConfUtils.java:logGet(44)) - raft.server.snapshot.auto.trigger.threshold = 10000 (custom)
2021-03-17 02:10:18,143 [pool-285-thread-1] INFO  server.RaftServerConfigKeys (ConfUtils.java:logGet(44)) - raft.server.snapshot.retention.file.num = 5 (custom)
2021-03-17 02:10:18,143 [pool-285-thread-1] INFO  server.RaftServerConfigKeys (ConfUtils.java:logGet(44)) - raft.server.log.purge.upto.snapshot.index = false (default)
2021-03-17 02:10:18,143 [pool-285-thread-1] INFO  server.RaftServerConfigKeys (ConfUtils.java:logGet(44)) - raft.server.retrycache.expirytime = 600000ms (custom)
2021-03-17 02:10:18,143 [pool-285-thread-1] INFO  server.RaftServerConfigKeys (ConfUtils.java:logGet(44)) - raft.server.retrycache.statistics.expirytime = 100?s (default)
2021-03-17 02:10:18,144 [pool-285-thread-1] INFO  metrics.RatisMetrics (RatisMetrics.java:lambda$create$0(36)) - Creating Metrics Registry : ratis.leader_election.888dbe71-6008-4ebf-8f97-777673ccf37c@group-7A770B342A66
2021-03-17 02:10:18,144 [pool-285-thread-1] INFO  metrics.RatisMetrics (RatisMetrics.java:lambda$create$0(36)) - Creating Metrics Registry : ratis.server.888dbe71-6008-4ebf-8f97-777673ccf37c@group-7A770B342A66
2021-03-17 02:10:18,145 [pool-285-thread-1] INFO  server.RaftServer$Division (RaftServerImpl.java:start(295)) - 888dbe71-6008-4ebf-8f97-777673ccf37c@group-7A770B342A66: start as a follower, conf=-1: [edc886fb-3392-4280-b977-eac73b957932|rpc:172.17.0.2:45405|dataStream:|priority:1, 888dbe71-6008-4ebf-8f97-777673ccf37c|rpc:172.17.0.2:32769|dataStream:|priority:0, 37b60bae-9d6d-40b8-9851-2e9be12703e9|rpc:172.17.0.2:46279|dataStream:|priority:0], old=null
2021-03-17 02:10:18,145 [pool-285-thread-1] INFO  server.RaftServer$Division (RaftServerImpl.java:setRole(284)) - 888dbe71-6008-4ebf-8f97-777673ccf37c@group-7A770B342A66: changes role from      null to FOLLOWER at term 0 for startAsFollower
2021-03-17 02:10:18,145 [pool-285-thread-1] INFO  impl.RoleInfo (RoleInfo.java:updateAndGet(130)) - 888dbe71-6008-4ebf-8f97-777673ccf37c: start 888dbe71-6008-4ebf-8f97-777673ccf37c@group-7A770B342A66-FollowerState
2021-03-17 02:10:18,145 [pool-285-thread-1] INFO  util.JmxRegister (JmxRegister.java:tryRegister(44)) - Successfully registered JMX Bean with object name Ratis:service=RaftServer,group=group-7A770B342A66,id=888dbe71-6008-4ebf-8f97-777673ccf37c
2021-03-17 02:10:18,146 [pool-285-thread-1] INFO  metrics.RatisMetrics (RatisMetrics.java:lambda$create$0(36)) - Creating Metrics Registry : ratis.state_machine.888dbe71-6008-4ebf-8f97-777673ccf37c@group-7A770B342A66
2021-03-17 02:10:18,152 [Command processor thread] INFO  metrics.RatisMetrics (RatisMetrics.java:lambda$create$0(36)) - Creating Metrics Registry : ratis.client_message_metrics.client-F08B393A70D6->37b60bae-9d6d-40b8-9851-2e9be12703e9
2021-03-17 02:10:18,159 [grpc-default-executor-1] INFO  metrics.RatisMetrics (RatisMetrics.java:lambda$create$0(36)) - Creating Metrics Registry : ratis.server_message_metrics.37b60bae-9d6d-40b8-9851-2e9be12703e9
2021-03-17 02:10:18,160 [grpc-default-executor-1] INFO  server.RaftServer (RaftServerProxy.java:addNew(95)) - 37b60bae-9d6d-40b8-9851-2e9be12703e9: addNew group-7A770B342A66:[edc886fb-3392-4280-b977-eac73b957932|rpc:172.17.0.2:45405|dataStream:|priority:1, 888dbe71-6008-4ebf-8f97-777673ccf37c|rpc:172.17.0.2:32769|dataStream:|priority:0, 37b60bae-9d6d-40b8-9851-2e9be12703e9|rpc:172.17.0.2:46279|dataStream:|priority:0] returns group-7A770B342A66:java.util.concurrent.CompletableFuture@4f5d219e[Not completed]
2021-03-17 02:10:18,162 [pool-269-thread-1] INFO  server.RaftServer$Division (RaftServerImpl.java:<init>(180)) - 37b60bae-9d6d-40b8-9851-2e9be12703e9: new RaftServerImpl for group-7A770B342A66:[edc886fb-3392-4280-b977-eac73b957932|rpc:172.17.0.2:45405|dataStream:|priority:1, 888dbe71-6008-4ebf-8f97-777673ccf37c|rpc:172.17.0.2:32769|dataStream:|priority:0, 37b60bae-9d6d-40b8-9851-2e9be12703e9|rpc:172.17.0.2:46279|dataStream:|priority:0] with ContainerStateMachine:uninitialized
2021-03-17 02:10:18,162 [pool-269-thread-1] INFO  server.RaftServerConfigKeys (ConfUtils.java:logGet(44)) - raft.server.rpc.timeout.min = 5s (custom)
2021-03-17 02:10:18,162 [pool-269-thread-1] INFO  server.RaftServerConfigKeys (ConfUtils.java:logGet(44)) - raft.server.rpc.timeout.max = 5200ms (custom)
2021-03-17 02:10:18,162 [pool-269-thread-1] INFO  server.RaftServerConfigKeys (ConfUtils.java:logGet(44)) - raft.server.rpc.sleep.time = 25ms (default)
2021-03-17 02:10:18,162 [pool-269-thread-1] INFO  server.RaftServerConfigKeys (ConfUtils.java:logGet(44)) - raft.server.rpc.slowness.timeout = 300000ms (custom)
2021-03-17 02:10:18,162 [pool-269-thread-1] INFO  server.RaftServerConfigKeys (ConfUtils.java:logGet(44)) - raft.server.leaderelection.leader.step-down.wait-time = 10s (default)
2021-03-17 02:10:18,162 [pool-269-thread-1] INFO  server.RaftServerConfigKeys (ConfUtils.java:logGet(44)) - raft.server.sleep.deviation.threshold = 300ms (default)
2021-03-17 02:10:18,162 [pool-269-thread-1] INFO  server.RaftServerConfigKeys (ConfUtils.java:logGet(44)) - raft.server.log.appender.install.snapshot.enabled = false (custom)
2021-03-17 02:10:18,162 [pool-269-thread-1] INFO  server.RaftServer$Division (ServerState.java:<init>(105)) - 37b60bae-9d6d-40b8-9851-2e9be12703e9@group-7A770B342A66: ConfigurationManager, init=-1: [edc886fb-3392-4280-b977-eac73b957932|rpc:172.17.0.2:45405|dataStream:|priority:1, 888dbe71-6008-4ebf-8f97-777673ccf37c|rpc:172.17.0.2:32769|dataStream:|priority:0, 37b60bae-9d6d-40b8-9851-2e9be12703e9|rpc:172.17.0.2:46279|dataStream:|priority:0], old=null, confs=<EMPTY_MAP>
2021-03-17 02:10:18,162 [pool-269-thread-1] INFO  server.RaftServerConfigKeys (ConfUtils.java:logGet(44)) - raft.server.storage.dir = [/github/workspace/mnt/ozone/hadoop-ozone/integration-test/target/test-dir/MiniOzoneClusterImpl-5543d78b-3109-4325-8e4d-d24bfba87b26/datanode-4/data/ratis] (custom)
2021-03-17 02:10:18,162 [pool-269-thread-1] INFO  server.RaftServerConfigKeys (ConfUtils.java:logGet(44)) - raft.server.log.corruption.policy = EXCEPTION (default)
2021-03-17 02:10:18,163 [pool-269-thread-1] INFO  storage.RaftStorageDirectory (RaftStorageDirectoryImpl.java:analyzeStorage(132)) - The storage directory /github/workspace/mnt/ozone/hadoop-ozone/integration-test/target/test-dir/MiniOzoneClusterImpl-5543d78b-3109-4325-8e4d-d24bfba87b26/datanode-4/data/ratis/eb7140b3-8d2d-4bc8-b775-7a770b342a66 does not exist. Creating ...
2021-03-17 02:10:18,164 [pool-269-thread-1] INFO  storage.RaftStorageDirectory (RaftStorageDirectoryImpl.java:tryLock(215)) - Lock on /github/workspace/mnt/ozone/hadoop-ozone/integration-test/target/test-dir/MiniOzoneClusterImpl-5543d78b-3109-4325-8e4d-d24bfba87b26/datanode-4/data/ratis/eb7140b3-8d2d-4bc8-b775-7a770b342a66/in_use.lock acquired by nodename 11586@70ca58e12b9b
2021-03-17 02:10:18,165 [pool-269-thread-1] INFO  storage.RaftStorage (RaftStorageImpl.java:format(87)) - Storage directory /github/workspace/mnt/ozone/hadoop-ozone/integration-test/target/test-dir/MiniOzoneClusterImpl-5543d78b-3109-4325-8e4d-d24bfba87b26/datanode-4/data/ratis/eb7140b3-8d2d-4bc8-b775-7a770b342a66 has been successfully formatted.
2021-03-17 02:10:18,169 [EventQueue-PipelineReportForOneReplicaPipelineSafeModeRule] INFO  safemode.SCMSafeModeManager (SCMSafeModeManager.java:validateSafeModeExitRules(214)) - AtleastOneDatanodeReportedRule rule is successfully validated
2021-03-17 02:10:18,170 [pool-269-thread-1] INFO  ratis.ContainerStateMachine (ContainerStateMachine.java:loadSnapshot(223)) - group-7A770B342A66: The snapshot info is null. Setting the last applied indexto:(t:0, i:~)
2021-03-17 02:10:18,170 [pool-269-thread-1] ERROR storage.RaftStorage (RaftStorageImpl.java:readRaftConfiguration(147)) - Failed reading configuration from file:/github/workspace/mnt/ozone/hadoop-ozone/integration-test/target/test-dir/MiniOzoneClusterImpl-5543d78b-3109-4325-8e4d-d24bfba87b26/datanode-4/data/ratis/eb7140b3-8d2d-4bc8-b775-7a770b342a66/current/raft-meta.conf
java.io.FileNotFoundException: /github/workspace/mnt/ozone/hadoop-ozone/integration-test/target/test-dir/MiniOzoneClusterImpl-5543d78b-3109-4325-8e4d-d24bfba87b26/datanode-4/data/ratis/eb7140b3-8d2d-4bc8-b775-7a770b342a66/current/raft-meta.conf (No such file or directory)
	at java.io.FileInputStream.open0(Native Method)
	at java.io.FileInputStream.open(FileInputStream.java:195)
	at java.io.FileInputStream.<init>(FileInputStream.java:138)
	at org.apache.ratis.server.storage.RaftStorageImpl.readRaftConfiguration(RaftStorageImpl.java:143)
	at org.apache.ratis.server.impl.ServerState.<init>(ServerState.java:122)
	at org.apache.ratis.server.impl.RaftServerImpl.<init>(RaftServerImpl.java:193)
	at org.apache.ratis.server.impl.RaftServerProxy.lambda$newRaftServerImpl$4(RaftServerProxy.java:266)
	at java.util.concurrent.CompletableFuture$AsyncSupply.run(CompletableFuture.java:1604)
	at java.util.concurrent.ThreadPoolExecutor.runWorker(ThreadPoolExecutor.java:1149)
	at java.util.concurrent.ThreadPoolExecutor$Worker.run(ThreadPoolExecutor.java:624)
	at java.lang.Thread.run(Thread.java:748)
2021-03-17 02:10:18,170 [pool-269-thread-1] INFO  server.RaftServerConfigKeys (ConfUtils.java:logGet(44)) - raft.server.notification.no-leader.timeout = 300000ms (custom)
2021-03-17 02:10:18,170 [pool-269-thread-1] INFO  server.RaftServerConfigKeys (ConfUtils.java:logGet(44)) - raft.server.log.use.memory = false (default)
2021-03-17 02:10:18,170 [pool-269-thread-1] INFO  server.RaftServerConfigKeys (ConfUtils.java:logGet(44)) - raft.server.log.purge.gap = 1000000 (custom)
2021-03-17 02:10:18,170 [pool-269-thread-1] INFO  server.RaftServerConfigKeys (ConfUtils.java:logGet(44)) - raft.server.log.appender.buffer.byte-limit = 33554432 (custom)
2021-03-17 02:10:18,170 [pool-269-thread-1] INFO  metrics.RatisMetrics (RatisMetrics.java:lambda$create$0(36)) - Creating Metrics Registry : ratis.log_worker.37b60bae-9d6d-40b8-9851-2e9be12703e9@group-7A770B342A66
2021-03-17 02:10:18,171 [pool-269-thread-1] INFO  server.RaftServerConfigKeys (ConfUtils.java:logGet(44)) - raft.server.log.segment.size.max = 1048576 (custom)
2021-03-17 02:10:18,172 [pool-269-thread-1] INFO  server.RaftServerConfigKeys (ConfUtils.java:logGet(44)) - raft.server.log.segment.cache.num.max = 2 (custom)
2021-03-17 02:10:18,172 [pool-269-thread-1] INFO  server.RaftServerConfigKeys (ConfUtils.java:logGet(44)) - raft.server.log.segment.cache.size.max = 200MB (=209715200) (default)
2021-03-17 02:10:18,172 [pool-269-thread-1] INFO  segmented.SegmentedRaftLogWorker (SegmentedRaftLogWorker.java:<init>(181)) - new 37b60bae-9d6d-40b8-9851-2e9be12703e9@group-7A770B342A66-SegmentedRaftLogWorker for RaftStorageImpl:Storage Directory /github/workspace/mnt/ozone/hadoop-ozone/integration-test/target/test-dir/MiniOzoneClusterImpl-5543d78b-3109-4325-8e4d-d24bfba87b26/datanode-4/data/ratis/eb7140b3-8d2d-4bc8-b775-7a770b342a66
2021-03-17 02:10:18,172 [pool-269-thread-1] INFO  server.RaftServerConfigKeys (ConfUtils.java:logGet(44)) - raft.server.log.queue.byte-limit = 2147483647 (custom)
2021-03-17 02:10:18,172 [pool-269-thread-1] INFO  server.RaftServerConfigKeys (ConfUtils.java:logGet(44)) - raft.server.log.queue.element-limit = 1024 (custom)
2021-03-17 02:10:18,172 [pool-269-thread-1] INFO  server.RaftServerConfigKeys (ConfUtils.java:logGet(44)) - raft.server.log.segment.size.max = 1048576 (custom)
2021-03-17 02:10:18,172 [pool-269-thread-1] INFO  server.RaftServerConfigKeys (ConfUtils.java:logGet(44)) - raft.server.log.preallocated.size = 16384 (custom)
2021-03-17 02:10:18,172 [pool-269-thread-1] INFO  server.RaftServerConfigKeys (ConfUtils.java:logGet(44)) - raft.server.log.force.sync.num = 128 (default)
2021-03-17 02:10:18,172 [pool-269-thread-1] INFO  server.RaftServerConfigKeys (ConfUtils.java:logGet(44)) - raft.server.log.statemachine.data.sync = true (default)
2021-03-17 02:10:18,172 [pool-269-thread-1] INFO  server.RaftServerConfigKeys (ConfUtils.java:logGet(44)) - raft.server.log.statemachine.data.sync.timeout = 10s (default)
2021-03-17 02:10:18,172 [pool-269-thread-1] INFO  server.RaftServerConfigKeys (ConfUtils.java:logGet(44)) - raft.server.log.statemachine.data.sync.timeout.retry = -1 (default)
2021-03-17 02:10:18,173 [pool-269-thread-1] INFO  server.RaftServerConfigKeys (ConfUtils.java:logGet(44)) - raft.server.log.write.buffer.size = 1048576 (custom)
2021-03-17 02:10:18,174 [pool-269-thread-1] INFO  server.RaftServerConfigKeys (ConfUtils.java:logGet(44)) - raft.server.log.statemachine.data.caching.enabled = true (custom)
2021-03-17 02:10:18,174 [pool-269-thread-1] INFO  segmented.SegmentedRaftLogWorker (SegmentedRaftLogWorker.java:lambda$new$0(132)) - 37b60bae-9d6d-40b8-9851-2e9be12703e9@group-7A770B342A66-SegmentedRaftLogWorker: flushIndex: setUnconditionally 0 -> -1
2021-03-17 02:10:18,174 [pool-269-thread-1] INFO  segmented.SegmentedRaftLogWorker (SegmentedRaftLogWorker.java:lambda$new$0(132)) - 37b60bae-9d6d-40b8-9851-2e9be12703e9@group-7A770B342A66-SegmentedRaftLogWorker: safeCacheEvictIndex: setUnconditionally 0 -> -1
2021-03-17 02:10:18,175 [pool-269-thread-1] INFO  server.RaftServerConfigKeys (ConfUtils.java:logGet(44)) - raft.server.snapshot.auto.trigger.enabled = true (custom)
2021-03-17 02:10:18,175 [pool-269-thread-1] INFO  server.RaftServerConfigKeys (ConfUtils.java:logGet(44)) - raft.server.snapshot.auto.trigger.threshold = 10000 (custom)
2021-03-17 02:10:18,175 [pool-269-thread-1] INFO  server.RaftServerConfigKeys (ConfUtils.java:logGet(44)) - raft.server.snapshot.retention.file.num = 5 (custom)
2021-03-17 02:10:18,175 [pool-269-thread-1] INFO  server.RaftServerConfigKeys (ConfUtils.java:logGet(44)) - raft.server.log.purge.upto.snapshot.index = false (default)
2021-03-17 02:10:18,175 [pool-269-thread-1] INFO  server.RaftServerConfigKeys (ConfUtils.java:logGet(44)) - raft.server.retrycache.expirytime = 600000ms (custom)
2021-03-17 02:10:18,175 [pool-269-thread-1] INFO  server.RaftServerConfigKeys (ConfUtils.java:logGet(44)) - raft.server.retrycache.statistics.expirytime = 100?s (default)
2021-03-17 02:10:18,175 [pool-269-thread-1] INFO  metrics.RatisMetrics (RatisMetrics.java:lambda$create$0(36)) - Creating Metrics Registry : ratis.leader_election.37b60bae-9d6d-40b8-9851-2e9be12703e9@group-7A770B342A66
2021-03-17 02:10:18,175 [pool-269-thread-1] INFO  metrics.RatisMetrics (RatisMetrics.java:lambda$create$0(36)) - Creating Metrics Registry : ratis.server.37b60bae-9d6d-40b8-9851-2e9be12703e9@group-7A770B342A66
2021-03-17 02:10:18,176 [pool-269-thread-1] INFO  server.RaftServer$Division (RaftServerImpl.java:start(295)) - 37b60bae-9d6d-40b8-9851-2e9be12703e9@group-7A770B342A66: start as a follower, conf=-1: [edc886fb-3392-4280-b977-eac73b957932|rpc:172.17.0.2:45405|dataStream:|priority:1, 888dbe71-6008-4ebf-8f97-777673ccf37c|rpc:172.17.0.2:32769|dataStream:|priority:0, 37b60bae-9d6d-40b8-9851-2e9be12703e9|rpc:172.17.0.2:46279|dataStream:|priority:0], old=null
2021-03-17 02:10:18,176 [pool-269-thread-1] INFO  server.RaftServer$Division (RaftServerImpl.java:setRole(284)) - 37b60bae-9d6d-40b8-9851-2e9be12703e9@group-7A770B342A66: changes role from      null to FOLLOWER at term 0 for startAsFollower
2021-03-17 02:10:18,176 [pool-269-thread-1] INFO  impl.RoleInfo (RoleInfo.java:updateAndGet(130)) - 37b60bae-9d6d-40b8-9851-2e9be12703e9: start 37b60bae-9d6d-40b8-9851-2e9be12703e9@group-7A770B342A66-FollowerState
2021-03-17 02:10:18,177 [pool-269-thread-1] INFO  util.JmxRegister (JmxRegister.java:tryRegister(44)) - Successfully registered JMX Bean with object name Ratis:service=RaftServer,group=group-7A770B342A66,id=37b60bae-9d6d-40b8-9851-2e9be12703e9
2021-03-17 02:10:18,177 [pool-269-thread-1] INFO  metrics.RatisMetrics (RatisMetrics.java:lambda$create$0(36)) - Creating Metrics Registry : ratis.state_machine.37b60bae-9d6d-40b8-9851-2e9be12703e9@group-7A770B342A66
2021-03-17 02:10:18,183 [Command processor thread] INFO  commandhandler.CreatePipelineCommandHandler (CreatePipelineCommandHandler.java:handle(106)) - Created Pipeline RATIS THREE PipelineID=eb7140b3-8d2d-4bc8-b775-7a770b342a66.
2021-03-17 02:10:18,183 [Command processor thread] INFO  server.RaftServer (RaftServerProxy.java:addNew(95)) - edc886fb-3392-4280-b977-eac73b957932: addNew group-2788439AFC0C:[edc886fb-3392-4280-b977-eac73b957932|rpc:172.17.0.2:45405|priority:0, 888dbe71-6008-4ebf-8f97-777673ccf37c|rpc:172.17.0.2:32769|priority:0, 37b60bae-9d6d-40b8-9851-2e9be12703e9|rpc:172.17.0.2:46279|priority:1] returns group-2788439AFC0C:java.util.concurrent.CompletableFuture@c0e2fd9[Not completed]
2021-03-17 02:10:18,184 [pool-253-thread-1] INFO  server.RaftServer$Division (RaftServerImpl.java:<init>(180)) - edc886fb-3392-4280-b977-eac73b957932: new RaftServerImpl for group-2788439AFC0C:[edc886fb-3392-4280-b977-eac73b957932|rpc:172.17.0.2:45405|priority:0, 888dbe71-6008-4ebf-8f97-777673ccf37c|rpc:172.17.0.2:32769|priority:0, 37b60bae-9d6d-40b8-9851-2e9be12703e9|rpc:172.17.0.2:46279|priority:1] with ContainerStateMachine:uninitialized
2021-03-17 02:10:18,184 [pool-253-thread-1] INFO  server.RaftServerConfigKeys (ConfUtils.java:logGet(44)) - raft.server.rpc.timeout.min = 5s (custom)
2021-03-17 02:10:18,184 [pool-253-thread-1] INFO  server.RaftServerConfigKeys (ConfUtils.java:logGet(44)) - raft.server.rpc.timeout.max = 5200ms (custom)
2021-03-17 02:10:18,184 [pool-253-thread-1] INFO  server.RaftServerConfigKeys (ConfUtils.java:logGet(44)) - raft.server.rpc.sleep.time = 25ms (default)
2021-03-17 02:10:18,184 [pool-253-thread-1] INFO  server.RaftServerConfigKeys (ConfUtils.java:logGet(44)) - raft.server.rpc.slowness.timeout = 300000ms (custom)
2021-03-17 02:10:18,184 [pool-253-thread-1] INFO  server.RaftServerConfigKeys (ConfUtils.java:logGet(44)) - raft.server.leaderelection.leader.step-down.wait-time = 10s (default)
2021-03-17 02:10:18,185 [pool-253-thread-1] INFO  server.RaftServerConfigKeys (ConfUtils.java:logGet(44)) - raft.server.sleep.deviation.threshold = 300ms (default)
2021-03-17 02:10:18,185 [pool-253-thread-1] INFO  server.RaftServerConfigKeys (ConfUtils.java:logGet(44)) - raft.server.log.appender.install.snapshot.enabled = false (custom)
2021-03-17 02:10:18,185 [pool-253-thread-1] INFO  server.RaftServer$Division (ServerState.java:<init>(105)) - edc886fb-3392-4280-b977-eac73b957932@group-2788439AFC0C: ConfigurationManager, init=-1: [edc886fb-3392-4280-b977-eac73b957932|rpc:172.17.0.2:45405|priority:0, 888dbe71-6008-4ebf-8f97-777673ccf37c|rpc:172.17.0.2:32769|priority:0, 37b60bae-9d6d-40b8-9851-2e9be12703e9|rpc:172.17.0.2:46279|priority:1], old=null, confs=<EMPTY_MAP>
2021-03-17 02:10:18,185 [pool-253-thread-1] INFO  server.RaftServerConfigKeys (ConfUtils.java:logGet(44)) - raft.server.storage.dir = [/github/workspace/mnt/ozone/hadoop-ozone/integration-test/target/test-dir/MiniOzoneClusterImpl-5543d78b-3109-4325-8e4d-d24bfba87b26/datanode-3/data/ratis] (custom)
2021-03-17 02:10:18,185 [pool-253-thread-1] INFO  server.RaftServerConfigKeys (ConfUtils.java:logGet(44)) - raft.server.log.corruption.policy = EXCEPTION (default)
2021-03-17 02:10:18,185 [pool-253-thread-1] INFO  storage.RaftStorageDirectory (RaftStorageDirectoryImpl.java:analyzeStorage(132)) - The storage directory /github/workspace/mnt/ozone/hadoop-ozone/integration-test/target/test-dir/MiniOzoneClusterImpl-5543d78b-3109-4325-8e4d-d24bfba87b26/datanode-3/data/ratis/bf048bff-8cd1-4cf6-83b3-2788439afc0c does not exist. Creating ...
2021-03-17 02:10:18,186 [pool-253-thread-1] INFO  storage.RaftStorageDirectory (RaftStorageDirectoryImpl.java:tryLock(215)) - Lock on /github/workspace/mnt/ozone/hadoop-ozone/integration-test/target/test-dir/MiniOzoneClusterImpl-5543d78b-3109-4325-8e4d-d24bfba87b26/datanode-3/data/ratis/bf048bff-8cd1-4cf6-83b3-2788439afc0c/in_use.lock acquired by nodename 11586@70ca58e12b9b
2021-03-17 02:10:18,187 [pool-253-thread-1] INFO  storage.RaftStorage (RaftStorageImpl.java:format(87)) - Storage directory /github/workspace/mnt/ozone/hadoop-ozone/integration-test/target/test-dir/MiniOzoneClusterImpl-5543d78b-3109-4325-8e4d-d24bfba87b26/datanode-3/data/ratis/bf048bff-8cd1-4cf6-83b3-2788439afc0c has been successfully formatted.
2021-03-17 02:10:18,188 [pool-253-thread-1] INFO  ratis.ContainerStateMachine (ContainerStateMachine.java:loadSnapshot(223)) - group-2788439AFC0C: The snapshot info is null. Setting the last applied indexto:(t:0, i:~)
2021-03-17 02:10:18,188 [pool-253-thread-1] ERROR storage.RaftStorage (RaftStorageImpl.java:readRaftConfiguration(147)) - Failed reading configuration from file:/github/workspace/mnt/ozone/hadoop-ozone/integration-test/target/test-dir/MiniOzoneClusterImpl-5543d78b-3109-4325-8e4d-d24bfba87b26/datanode-3/data/ratis/bf048bff-8cd1-4cf6-83b3-2788439afc0c/current/raft-meta.conf
java.io.FileNotFoundException: /github/workspace/mnt/ozone/hadoop-ozone/integration-test/target/test-dir/MiniOzoneClusterImpl-5543d78b-3109-4325-8e4d-d24bfba87b26/datanode-3/data/ratis/bf048bff-8cd1-4cf6-83b3-2788439afc0c/current/raft-meta.conf (No such file or directory)
	at java.io.FileInputStream.open0(Native Method)
	at java.io.FileInputStream.open(FileInputStream.java:195)
	at java.io.FileInputStream.<init>(FileInputStream.java:138)
	at org.apache.ratis.server.storage.RaftStorageImpl.readRaftConfiguration(RaftStorageImpl.java:143)
	at org.apache.ratis.server.impl.ServerState.<init>(ServerState.java:122)
	at org.apache.ratis.server.impl.RaftServerImpl.<init>(RaftServerImpl.java:193)
	at org.apache.ratis.server.impl.RaftServerProxy.lambda$newRaftServerImpl$4(RaftServerProxy.java:266)
	at java.util.concurrent.CompletableFuture$AsyncSupply.run(CompletableFuture.java:1604)
	at java.util.concurrent.ThreadPoolExecutor.runWorker(ThreadPoolExecutor.java:1149)
	at java.util.concurrent.ThreadPoolExecutor$Worker.run(ThreadPoolExecutor.java:624)
	at java.lang.Thread.run(Thread.java:748)
2021-03-17 02:10:18,188 [pool-253-thread-1] INFO  server.RaftServerConfigKeys (ConfUtils.java:logGet(44)) - raft.server.notification.no-leader.timeout = 300000ms (custom)
2021-03-17 02:10:18,188 [pool-253-thread-1] INFO  server.RaftServerConfigKeys (ConfUtils.java:logGet(44)) - raft.server.log.use.memory = false (default)
2021-03-17 02:10:18,188 [pool-253-thread-1] INFO  server.RaftServerConfigKeys (ConfUtils.java:logGet(44)) - raft.server.log.purge.gap = 1000000 (custom)
2021-03-17 02:10:18,188 [pool-253-thread-1] INFO  server.RaftServerConfigKeys (ConfUtils.java:logGet(44)) - raft.server.log.appender.buffer.byte-limit = 33554432 (custom)
2021-03-17 02:10:18,188 [pool-253-thread-1] INFO  metrics.RatisMetrics (RatisMetrics.java:lambda$create$0(36)) - Creating Metrics Registry : ratis.log_worker.edc886fb-3392-4280-b977-eac73b957932@group-2788439AFC0C
2021-03-17 02:10:18,188 [pool-253-thread-1] INFO  server.RaftServerConfigKeys (ConfUtils.java:logGet(44)) - raft.server.log.segment.size.max = 1048576 (custom)
2021-03-17 02:10:18,189 [pool-253-thread-1] INFO  server.RaftServerConfigKeys (ConfUtils.java:logGet(44)) - raft.server.log.segment.cache.num.max = 2 (custom)
2021-03-17 02:10:18,189 [pool-253-thread-1] INFO  server.RaftServerConfigKeys (ConfUtils.java:logGet(44)) - raft.server.log.segment.cache.size.max = 200MB (=209715200) (default)
2021-03-17 02:10:18,189 [pool-253-thread-1] INFO  segmented.SegmentedRaftLogWorker (SegmentedRaftLogWorker.java:<init>(181)) - new edc886fb-3392-4280-b977-eac73b957932@group-2788439AFC0C-SegmentedRaftLogWorker for RaftStorageImpl:Storage Directory /github/workspace/mnt/ozone/hadoop-ozone/integration-test/target/test-dir/MiniOzoneClusterImpl-5543d78b-3109-4325-8e4d-d24bfba87b26/datanode-3/data/ratis/bf048bff-8cd1-4cf6-83b3-2788439afc0c
2021-03-17 02:10:18,189 [EventQueue-PipelineReportForOneReplicaPipelineSafeModeRule] INFO  safemode.SCMSafeModeManager (SCMSafeModeManager.java:validateSafeModeExitRules(214)) - AtleastOneDatanodeReportedRule rule is successfully validated
2021-03-17 02:10:18,189 [EventQueue-OpenPipelineForHealthyPipelineSafeModeRule] INFO  safemode.SCMSafeModeManager (HealthyPipelineSafeModeRule.java:process(128)) - SCM in safe mode. Healthy pipelines reported count is 0, required healthy pipeline reported count is 1
2021-03-17 02:10:18,189 [pool-253-thread-1] INFO  server.RaftServerConfigKeys (ConfUtils.java:logGet(44)) - raft.server.log.queue.byte-limit = 2147483647 (custom)
2021-03-17 02:10:18,190 [pool-253-thread-1] INFO  server.RaftServerConfigKeys (ConfUtils.java:logGet(44)) - raft.server.log.queue.element-limit = 1024 (custom)
2021-03-17 02:10:18,190 [pool-253-thread-1] INFO  server.RaftServerConfigKeys (ConfUtils.java:logGet(44)) - raft.server.log.segment.size.max = 1048576 (custom)
2021-03-17 02:10:18,190 [pool-253-thread-1] INFO  server.RaftServerConfigKeys (ConfUtils.java:logGet(44)) - raft.server.log.preallocated.size = 16384 (custom)
2021-03-17 02:10:18,190 [pool-253-thread-1] INFO  server.RaftServerConfigKeys (ConfUtils.java:logGet(44)) - raft.server.log.force.sync.num = 128 (default)
2021-03-17 02:10:18,190 [pool-253-thread-1] INFO  server.RaftServerConfigKeys (ConfUtils.java:logGet(44)) - raft.server.log.statemachine.data.sync = true (default)
2021-03-17 02:10:18,190 [pool-253-thread-1] INFO  server.RaftServerConfigKeys (ConfUtils.java:logGet(44)) - raft.server.log.statemachine.data.sync.timeout = 10s (default)
2021-03-17 02:10:18,190 [pool-253-thread-1] INFO  server.RaftServerConfigKeys (ConfUtils.java:logGet(44)) - raft.server.log.statemachine.data.sync.timeout.retry = -1 (default)
2021-03-17 02:10:18,191 [pool-253-thread-1] INFO  server.RaftServerConfigKeys (ConfUtils.java:logGet(44)) - raft.server.log.write.buffer.size = 1048576 (custom)
2021-03-17 02:10:18,192 [pool-253-thread-1] INFO  server.RaftServerConfigKeys (ConfUtils.java:logGet(44)) - raft.server.log.statemachine.data.caching.enabled = true (custom)
2021-03-17 02:10:18,192 [pool-253-thread-1] INFO  segmented.SegmentedRaftLogWorker (SegmentedRaftLogWorker.java:lambda$new$0(132)) - edc886fb-3392-4280-b977-eac73b957932@group-2788439AFC0C-SegmentedRaftLogWorker: flushIndex: setUnconditionally 0 -> -1
2021-03-17 02:10:18,192 [pool-253-thread-1] INFO  segmented.SegmentedRaftLogWorker (SegmentedRaftLogWorker.java:lambda$new$0(132)) - edc886fb-3392-4280-b977-eac73b957932@group-2788439AFC0C-SegmentedRaftLogWorker: safeCacheEvictIndex: setUnconditionally 0 -> -1
2021-03-17 02:10:18,193 [pool-253-thread-1] INFO  server.RaftServerConfigKeys (ConfUtils.java:logGet(44)) - raft.server.snapshot.auto.trigger.enabled = true (custom)
2021-03-17 02:10:18,193 [pool-253-thread-1] INFO  server.RaftServerConfigKeys (ConfUtils.java:logGet(44)) - raft.server.snapshot.auto.trigger.threshold = 10000 (custom)
2021-03-17 02:10:18,193 [pool-253-thread-1] INFO  server.RaftServerConfigKeys (ConfUtils.java:logGet(44)) - raft.server.snapshot.retention.file.num = 5 (custom)
2021-03-17 02:10:18,193 [pool-253-thread-1] INFO  server.RaftServerConfigKeys (ConfUtils.java:logGet(44)) - raft.server.log.purge.upto.snapshot.index = false (default)
2021-03-17 02:10:18,193 [pool-253-thread-1] INFO  server.RaftServerConfigKeys (ConfUtils.java:logGet(44)) - raft.server.retrycache.expirytime = 600000ms (custom)
2021-03-17 02:10:18,193 [pool-253-thread-1] INFO  server.RaftServerConfigKeys (ConfUtils.java:logGet(44)) - raft.server.retrycache.statistics.expirytime = 100?s (default)
2021-03-17 02:10:18,194 [pool-253-thread-1] INFO  metrics.RatisMetrics (RatisMetrics.java:lambda$create$0(36)) - Creating Metrics Registry : ratis.leader_election.edc886fb-3392-4280-b977-eac73b957932@group-2788439AFC0C
2021-03-17 02:10:18,194 [pool-253-thread-1] INFO  metrics.RatisMetrics (RatisMetrics.java:lambda$create$0(36)) - Creating Metrics Registry : ratis.server.edc886fb-3392-4280-b977-eac73b957932@group-2788439AFC0C
2021-03-17 02:10:18,196 [pool-253-thread-1] INFO  server.RaftServer$Division (RaftServerImpl.java:start(295)) - edc886fb-3392-4280-b977-eac73b957932@group-2788439AFC0C: start as a follower, conf=-1: [edc886fb-3392-4280-b977-eac73b957932|rpc:172.17.0.2:45405|priority:0, 888dbe71-6008-4ebf-8f97-777673ccf37c|rpc:172.17.0.2:32769|priority:0, 37b60bae-9d6d-40b8-9851-2e9be12703e9|rpc:172.17.0.2:46279|priority:1], old=null
2021-03-17 02:10:18,196 [pool-253-thread-1] INFO  server.RaftServer$Division (RaftServerImpl.java:setRole(284)) - edc886fb-3392-4280-b977-eac73b957932@group-2788439AFC0C: changes role from      null to FOLLOWER at term 0 for startAsFollower
2021-03-17 02:10:18,196 [pool-253-thread-1] INFO  impl.RoleInfo (RoleInfo.java:updateAndGet(130)) - edc886fb-3392-4280-b977-eac73b957932: start edc886fb-3392-4280-b977-eac73b957932@group-2788439AFC0C-FollowerState
2021-03-17 02:10:18,196 [pool-253-thread-1] INFO  util.JmxRegister (JmxRegister.java:tryRegister(44)) - Successfully registered JMX Bean with object name Ratis:service=RaftServer,group=group-2788439AFC0C,id=edc886fb-3392-4280-b977-eac73b957932
2021-03-17 02:10:18,196 [pool-253-thread-1] INFO  metrics.RatisMetrics (RatisMetrics.java:lambda$create$0(36)) - Creating Metrics Registry : ratis.state_machine.edc886fb-3392-4280-b977-eac73b957932@group-2788439AFC0C
2021-03-17 02:10:18,198 [Command processor thread] INFO  metrics.RatisMetrics (RatisMetrics.java:lambda$create$0(36)) - Creating Metrics Registry : ratis.client_message_metrics.client-5E32573AABD9->37b60bae-9d6d-40b8-9851-2e9be12703e9
2021-03-17 02:10:18,205 [grpc-default-executor-1] INFO  server.RaftServer (RaftServerProxy.java:addNew(95)) - 37b60bae-9d6d-40b8-9851-2e9be12703e9: addNew group-2788439AFC0C:[edc886fb-3392-4280-b977-eac73b957932|rpc:172.17.0.2:45405|dataStream:|priority:0, 888dbe71-6008-4ebf-8f97-777673ccf37c|rpc:172.17.0.2:32769|dataStream:|priority:0, 37b60bae-9d6d-40b8-9851-2e9be12703e9|rpc:172.17.0.2:46279|dataStream:|priority:1] returns group-2788439AFC0C:java.util.concurrent.CompletableFuture@175c080c[Not completed]
2021-03-17 02:10:18,205 [pool-269-thread-1] INFO  server.RaftServer$Division (RaftServerImpl.java:<init>(180)) - 37b60bae-9d6d-40b8-9851-2e9be12703e9: new RaftServerImpl for group-2788439AFC0C:[edc886fb-3392-4280-b977-eac73b957932|rpc:172.17.0.2:45405|dataStream:|priority:0, 888dbe71-6008-4ebf-8f97-777673ccf37c|rpc:172.17.0.2:32769|dataStream:|priority:0, 37b60bae-9d6d-40b8-9851-2e9be12703e9|rpc:172.17.0.2:46279|dataStream:|priority:1] with ContainerStateMachine:uninitialized
2021-03-17 02:10:18,205 [pool-269-thread-1] INFO  server.RaftServerConfigKeys (ConfUtils.java:logGet(44)) - raft.server.rpc.timeout.min = 5s (custom)
2021-03-17 02:10:18,206 [pool-269-thread-1] INFO  server.RaftServerConfigKeys (ConfUtils.java:logGet(44)) - raft.server.rpc.timeout.max = 5200ms (custom)
2021-03-17 02:10:18,206 [pool-269-thread-1] INFO  server.RaftServerConfigKeys (ConfUtils.java:logGet(44)) - raft.server.rpc.sleep.time = 25ms (default)
2021-03-17 02:10:18,206 [pool-269-thread-1] INFO  server.RaftServerConfigKeys (ConfUtils.java:logGet(44)) - raft.server.rpc.slowness.timeout = 300000ms (custom)
2021-03-17 02:10:18,206 [pool-269-thread-1] INFO  server.RaftServerConfigKeys (ConfUtils.java:logGet(44)) - raft.server.leaderelection.leader.step-down.wait-time = 10s (default)
2021-03-17 02:10:18,206 [pool-269-thread-1] INFO  server.RaftServerConfigKeys (ConfUtils.java:logGet(44)) - raft.server.sleep.deviation.threshold = 300ms (default)
2021-03-17 02:10:18,206 [pool-269-thread-1] INFO  server.RaftServerConfigKeys (ConfUtils.java:logGet(44)) - raft.server.log.appender.install.snapshot.enabled = false (custom)
2021-03-17 02:10:18,206 [pool-269-thread-1] INFO  server.RaftServer$Division (ServerState.java:<init>(105)) - 37b60bae-9d6d-40b8-9851-2e9be12703e9@group-2788439AFC0C: ConfigurationManager, init=-1: [edc886fb-3392-4280-b977-eac73b957932|rpc:172.17.0.2:45405|dataStream:|priority:0, 888dbe71-6008-4ebf-8f97-777673ccf37c|rpc:172.17.0.2:32769|dataStream:|priority:0, 37b60bae-9d6d-40b8-9851-2e9be12703e9|rpc:172.17.0.2:46279|dataStream:|priority:1], old=null, confs=<EMPTY_MAP>
2021-03-17 02:10:18,206 [pool-269-thread-1] INFO  server.RaftServerConfigKeys (ConfUtils.java:logGet(44)) - raft.server.storage.dir = [/github/workspace/mnt/ozone/hadoop-ozone/integration-test/target/test-dir/MiniOzoneClusterImpl-5543d78b-3109-4325-8e4d-d24bfba87b26/datanode-4/data/ratis] (custom)
2021-03-17 02:10:18,206 [pool-269-thread-1] INFO  server.RaftServerConfigKeys (ConfUtils.java:logGet(44)) - raft.server.log.corruption.policy = EXCEPTION (default)
2021-03-17 02:10:18,206 [pool-269-thread-1] INFO  storage.RaftStorageDirectory (RaftStorageDirectoryImpl.java:analyzeStorage(132)) - The storage directory /github/workspace/mnt/ozone/hadoop-ozone/integration-test/target/test-dir/MiniOzoneClusterImpl-5543d78b-3109-4325-8e4d-d24bfba87b26/datanode-4/data/ratis/bf048bff-8cd1-4cf6-83b3-2788439afc0c does not exist. Creating ...
2021-03-17 02:10:18,207 [pool-269-thread-1] INFO  storage.RaftStorageDirectory (RaftStorageDirectoryImpl.java:tryLock(215)) - Lock on /github/workspace/mnt/ozone/hadoop-ozone/integration-test/target/test-dir/MiniOzoneClusterImpl-5543d78b-3109-4325-8e4d-d24bfba87b26/datanode-4/data/ratis/bf048bff-8cd1-4cf6-83b3-2788439afc0c/in_use.lock acquired by nodename 11586@70ca58e12b9b
2021-03-17 02:10:18,208 [pool-269-thread-1] INFO  storage.RaftStorage (RaftStorageImpl.java:format(87)) - Storage directory /github/workspace/mnt/ozone/hadoop-ozone/integration-test/target/test-dir/MiniOzoneClusterImpl-5543d78b-3109-4325-8e4d-d24bfba87b26/datanode-4/data/ratis/bf048bff-8cd1-4cf6-83b3-2788439afc0c has been successfully formatted.
2021-03-17 02:10:18,209 [pool-269-thread-1] INFO  ratis.ContainerStateMachine (ContainerStateMachine.java:loadSnapshot(223)) - group-2788439AFC0C: The snapshot info is null. Setting the last applied indexto:(t:0, i:~)
2021-03-17 02:10:18,209 [pool-269-thread-1] ERROR storage.RaftStorage (RaftStorageImpl.java:readRaftConfiguration(147)) - Failed reading configuration from file:/github/workspace/mnt/ozone/hadoop-ozone/integration-test/target/test-dir/MiniOzoneClusterImpl-5543d78b-3109-4325-8e4d-d24bfba87b26/datanode-4/data/ratis/bf048bff-8cd1-4cf6-83b3-2788439afc0c/current/raft-meta.conf
java.io.FileNotFoundException: /github/workspace/mnt/ozone/hadoop-ozone/integration-test/target/test-dir/MiniOzoneClusterImpl-5543d78b-3109-4325-8e4d-d24bfba87b26/datanode-4/data/ratis/bf048bff-8cd1-4cf6-83b3-2788439afc0c/current/raft-meta.conf (No such file or directory)
	at java.io.FileInputStream.open0(Native Method)
	at java.io.FileInputStream.open(FileInputStream.java:195)
	at java.io.FileInputStream.<init>(FileInputStream.java:138)
	at org.apache.ratis.server.storage.RaftStorageImpl.readRaftConfiguration(RaftStorageImpl.java:143)
	at org.apache.ratis.server.impl.ServerState.<init>(ServerState.java:122)
	at org.apache.ratis.server.impl.RaftServerImpl.<init>(RaftServerImpl.java:193)
	at org.apache.ratis.server.impl.RaftServerProxy.lambda$newRaftServerImpl$4(RaftServerProxy.java:266)
	at java.util.concurrent.CompletableFuture$AsyncSupply.run(CompletableFuture.java:1604)
	at java.util.concurrent.ThreadPoolExecutor.runWorker(ThreadPoolExecutor.java:1149)
	at java.util.concurrent.ThreadPoolExecutor$Worker.run(ThreadPoolExecutor.java:624)
	at java.lang.Thread.run(Thread.java:748)
2021-03-17 02:10:18,210 [pool-269-thread-1] INFO  server.RaftServerConfigKeys (ConfUtils.java:logGet(44)) - raft.server.notification.no-leader.timeout = 300000ms (custom)
2021-03-17 02:10:18,209 [EventQueue-PipelineReportForOneReplicaPipelineSafeModeRule] INFO  safemode.SCMSafeModeManager (SCMSafeModeManager.java:validateSafeModeExitRules(214)) - AtleastOneDatanodeReportedRule rule is successfully validated
2021-03-17 02:10:18,210 [pool-269-thread-1] INFO  server.RaftServerConfigKeys (ConfUtils.java:logGet(44)) - raft.server.log.use.memory = false (default)
2021-03-17 02:10:18,210 [pool-269-thread-1] INFO  server.RaftServerConfigKeys (ConfUtils.java:logGet(44)) - raft.server.log.purge.gap = 1000000 (custom)
2021-03-17 02:10:18,210 [pool-269-thread-1] INFO  server.RaftServerConfigKeys (ConfUtils.java:logGet(44)) - raft.server.log.appender.buffer.byte-limit = 33554432 (custom)
2021-03-17 02:10:18,211 [pool-269-thread-1] INFO  metrics.RatisMetrics (RatisMetrics.java:lambda$create$0(36)) - Creating Metrics Registry : ratis.log_worker.37b60bae-9d6d-40b8-9851-2e9be12703e9@group-2788439AFC0C
2021-03-17 02:10:18,211 [pool-269-thread-1] INFO  server.RaftServerConfigKeys (ConfUtils.java:logGet(44)) - raft.server.log.segment.size.max = 1048576 (custom)
2021-03-17 02:10:18,211 [pool-269-thread-1] INFO  server.RaftServerConfigKeys (ConfUtils.java:logGet(44)) - raft.server.log.segment.cache.num.max = 2 (custom)
2021-03-17 02:10:18,211 [pool-269-thread-1] INFO  server.RaftServerConfigKeys (ConfUtils.java:logGet(44)) - raft.server.log.segment.cache.size.max = 200MB (=209715200) (default)
2021-03-17 02:10:18,211 [pool-269-thread-1] INFO  segmented.SegmentedRaftLogWorker (SegmentedRaftLogWorker.java:<init>(181)) - new 37b60bae-9d6d-40b8-9851-2e9be12703e9@group-2788439AFC0C-SegmentedRaftLogWorker for RaftStorageImpl:Storage Directory /github/workspace/mnt/ozone/hadoop-ozone/integration-test/target/test-dir/MiniOzoneClusterImpl-5543d78b-3109-4325-8e4d-d24bfba87b26/datanode-4/data/ratis/bf048bff-8cd1-4cf6-83b3-2788439afc0c
2021-03-17 02:10:18,211 [pool-269-thread-1] INFO  server.RaftServerConfigKeys (ConfUtils.java:logGet(44)) - raft.server.log.queue.byte-limit = 2147483647 (custom)
2021-03-17 02:10:18,212 [pool-269-thread-1] INFO  server.RaftServerConfigKeys (ConfUtils.java:logGet(44)) - raft.server.log.queue.element-limit = 1024 (custom)
2021-03-17 02:10:18,212 [pool-269-thread-1] INFO  server.RaftServerConfigKeys (ConfUtils.java:logGet(44)) - raft.server.log.segment.size.max = 1048576 (custom)
2021-03-17 02:10:18,212 [pool-269-thread-1] INFO  server.RaftServerConfigKeys (ConfUtils.java:logGet(44)) - raft.server.log.preallocated.size = 16384 (custom)
2021-03-17 02:10:18,212 [pool-269-thread-1] INFO  server.RaftServerConfigKeys (ConfUtils.java:logGet(44)) - raft.server.log.force.sync.num = 128 (default)
2021-03-17 02:10:18,212 [pool-269-thread-1] INFO  server.RaftServerConfigKeys (ConfUtils.java:logGet(44)) - raft.server.log.statemachine.data.sync = true (default)
2021-03-17 02:10:18,212 [pool-269-thread-1] INFO  server.RaftServerConfigKeys (ConfUtils.java:logGet(44)) - raft.server.log.statemachine.data.sync.timeout = 10s (default)
2021-03-17 02:10:18,212 [pool-269-thread-1] INFO  server.RaftServerConfigKeys (ConfUtils.java:logGet(44)) - raft.server.log.statemachine.data.sync.timeout.retry = -1 (default)
2021-03-17 02:10:18,213 [pool-269-thread-1] INFO  server.RaftServerConfigKeys (ConfUtils.java:logGet(44)) - raft.server.log.write.buffer.size = 1048576 (custom)
2021-03-17 02:10:18,214 [pool-269-thread-1] INFO  server.RaftServerConfigKeys (ConfUtils.java:logGet(44)) - raft.server.log.statemachine.data.caching.enabled = true (custom)
2021-03-17 02:10:18,214 [pool-269-thread-1] INFO  segmented.SegmentedRaftLogWorker (SegmentedRaftLogWorker.java:lambda$new$0(132)) - 37b60bae-9d6d-40b8-9851-2e9be12703e9@group-2788439AFC0C-SegmentedRaftLogWorker: flushIndex: setUnconditionally 0 -> -1
2021-03-17 02:10:18,214 [pool-269-thread-1] INFO  segmented.SegmentedRaftLogWorker (SegmentedRaftLogWorker.java:lambda$new$0(132)) - 37b60bae-9d6d-40b8-9851-2e9be12703e9@group-2788439AFC0C-SegmentedRaftLogWorker: safeCacheEvictIndex: setUnconditionally 0 -> -1
2021-03-17 02:10:18,214 [pool-269-thread-1] INFO  server.RaftServerConfigKeys (ConfUtils.java:logGet(44)) - raft.server.snapshot.auto.trigger.enabled = true (custom)
2021-03-17 02:10:18,214 [pool-269-thread-1] INFO  server.RaftServerConfigKeys (ConfUtils.java:logGet(44)) - raft.server.snapshot.auto.trigger.threshold = 10000 (custom)
2021-03-17 02:10:18,214 [pool-269-thread-1] INFO  server.RaftServerConfigKeys (ConfUtils.java:logGet(44)) - raft.server.snapshot.retention.file.num = 5 (custom)
2021-03-17 02:10:18,214 [pool-269-thread-1] INFO  server.RaftServerConfigKeys (ConfUtils.java:logGet(44)) - raft.server.log.purge.upto.snapshot.index = false (default)
2021-03-17 02:10:18,214 [pool-269-thread-1] INFO  server.RaftServerConfigKeys (ConfUtils.java:logGet(44)) - raft.server.retrycache.expirytime = 600000ms (custom)
2021-03-17 02:10:18,214 [pool-269-thread-1] INFO  server.RaftServerConfigKeys (ConfUtils.java:logGet(44)) - raft.server.retrycache.statistics.expirytime = 100?s (default)
2021-03-17 02:10:18,214 [pool-269-thread-1] INFO  metrics.RatisMetrics (RatisMetrics.java:lambda$create$0(36)) - Creating Metrics Registry : ratis.leader_election.37b60bae-9d6d-40b8-9851-2e9be12703e9@group-2788439AFC0C
2021-03-17 02:10:18,215 [pool-269-thread-1] INFO  metrics.RatisMetrics (RatisMetrics.java:lambda$create$0(36)) - Creating Metrics Registry : ratis.server.37b60bae-9d6d-40b8-9851-2e9be12703e9@group-2788439AFC0C
2021-03-17 02:10:18,215 [pool-269-thread-1] INFO  server.RaftServer$Division (RaftServerImpl.java:start(295)) - 37b60bae-9d6d-40b8-9851-2e9be12703e9@group-2788439AFC0C: start as a follower, conf=-1: [edc886fb-3392-4280-b977-eac73b957932|rpc:172.17.0.2:45405|dataStream:|priority:0, 888dbe71-6008-4ebf-8f97-777673ccf37c|rpc:172.17.0.2:32769|dataStream:|priority:0, 37b60bae-9d6d-40b8-9851-2e9be12703e9|rpc:172.17.0.2:46279|dataStream:|priority:1], old=null
2021-03-17 02:10:18,215 [pool-269-thread-1] INFO  server.RaftServer$Division (RaftServerImpl.java:setRole(284)) - 37b60bae-9d6d-40b8-9851-2e9be12703e9@group-2788439AFC0C: changes role from      null to FOLLOWER at term 0 for startAsFollower
2021-03-17 02:10:18,215 [pool-269-thread-1] INFO  impl.RoleInfo (RoleInfo.java:updateAndGet(130)) - 37b60bae-9d6d-40b8-9851-2e9be12703e9: start 37b60bae-9d6d-40b8-9851-2e9be12703e9@group-2788439AFC0C-FollowerState
2021-03-17 02:10:18,216 [pool-269-thread-1] INFO  util.JmxRegister (JmxRegister.java:tryRegister(44)) - Successfully registered JMX Bean with object name Ratis:service=RaftServer,group=group-2788439AFC0C,id=37b60bae-9d6d-40b8-9851-2e9be12703e9
2021-03-17 02:10:18,216 [pool-269-thread-1] INFO  metrics.RatisMetrics (RatisMetrics.java:lambda$create$0(36)) - Creating Metrics Registry : ratis.state_machine.37b60bae-9d6d-40b8-9851-2e9be12703e9@group-2788439AFC0C
2021-03-17 02:10:18,225 [Command processor thread] INFO  metrics.RatisMetrics (RatisMetrics.java:lambda$create$0(36)) - Creating Metrics Registry : ratis.client_message_metrics.client-F11639979437->888dbe71-6008-4ebf-8f97-777673ccf37c
2021-03-17 02:10:18,230 [grpc-default-executor-1] INFO  server.RaftServer (RaftServerProxy.java:addNew(95)) - 888dbe71-6008-4ebf-8f97-777673ccf37c: addNew group-2788439AFC0C:[edc886fb-3392-4280-b977-eac73b957932|rpc:172.17.0.2:45405|dataStream:|priority:0, 888dbe71-6008-4ebf-8f97-777673ccf37c|rpc:172.17.0.2:32769|dataStream:|priority:0, 37b60bae-9d6d-40b8-9851-2e9be12703e9|rpc:172.17.0.2:46279|dataStream:|priority:1] returns group-2788439AFC0C:java.util.concurrent.CompletableFuture@4d6a8188[Not completed]
2021-03-17 02:10:18,231 [pool-285-thread-1] INFO  server.RaftServer$Division (RaftServerImpl.java:<init>(180)) - 888dbe71-6008-4ebf-8f97-777673ccf37c: new RaftServerImpl for group-2788439AFC0C:[edc886fb-3392-4280-b977-eac73b957932|rpc:172.17.0.2:45405|dataStream:|priority:0, 888dbe71-6008-4ebf-8f97-777673ccf37c|rpc:172.17.0.2:32769|dataStream:|priority:0, 37b60bae-9d6d-40b8-9851-2e9be12703e9|rpc:172.17.0.2:46279|dataStream:|priority:1] with ContainerStateMachine:uninitialized
2021-03-17 02:10:18,231 [pool-285-thread-1] INFO  server.RaftServerConfigKeys (ConfUtils.java:logGet(44)) - raft.server.rpc.timeout.min = 5s (custom)
2021-03-17 02:10:18,231 [pool-285-thread-1] INFO  server.RaftServerConfigKeys (ConfUtils.java:logGet(44)) - raft.server.rpc.timeout.max = 5200ms (custom)
2021-03-17 02:10:18,231 [pool-285-thread-1] INFO  server.RaftServerConfigKeys (ConfUtils.java:logGet(44)) - raft.server.rpc.sleep.time = 25ms (default)
2021-03-17 02:10:18,231 [pool-285-thread-1] INFO  server.RaftServerConfigKeys (ConfUtils.java:logGet(44)) - raft.server.rpc.slowness.timeout = 300000ms (custom)
2021-03-17 02:10:18,231 [pool-285-thread-1] INFO  server.RaftServerConfigKeys (ConfUtils.java:logGet(44)) - raft.server.leaderelection.leader.step-down.wait-time = 10s (default)
2021-03-17 02:10:18,231 [pool-285-thread-1] INFO  server.RaftServerConfigKeys (ConfUtils.java:logGet(44)) - raft.server.sleep.deviation.threshold = 300ms (default)
2021-03-17 02:10:18,231 [pool-285-thread-1] INFO  server.RaftServerConfigKeys (ConfUtils.java:logGet(44)) - raft.server.log.appender.install.snapshot.enabled = false (custom)
2021-03-17 02:10:18,231 [pool-285-thread-1] INFO  server.RaftServer$Division (ServerState.java:<init>(105)) - 888dbe71-6008-4ebf-8f97-777673ccf37c@group-2788439AFC0C: ConfigurationManager, init=-1: [edc886fb-3392-4280-b977-eac73b957932|rpc:172.17.0.2:45405|dataStream:|priority:0, 888dbe71-6008-4ebf-8f97-777673ccf37c|rpc:172.17.0.2:32769|dataStream:|priority:0, 37b60bae-9d6d-40b8-9851-2e9be12703e9|rpc:172.17.0.2:46279|dataStream:|priority:1], old=null, confs=<EMPTY_MAP>
2021-03-17 02:10:18,231 [pool-285-thread-1] INFO  server.RaftServerConfigKeys (ConfUtils.java:logGet(44)) - raft.server.storage.dir = [/github/workspace/mnt/ozone/hadoop-ozone/integration-test/target/test-dir/MiniOzoneClusterImpl-5543d78b-3109-4325-8e4d-d24bfba87b26/datanode-5/data/ratis] (custom)
2021-03-17 02:10:18,232 [pool-285-thread-1] INFO  server.RaftServerConfigKeys (ConfUtils.java:logGet(44)) - raft.server.log.corruption.policy = EXCEPTION (default)
2021-03-17 02:10:18,232 [pool-285-thread-1] INFO  storage.RaftStorageDirectory (RaftStorageDirectoryImpl.java:analyzeStorage(132)) - The storage directory /github/workspace/mnt/ozone/hadoop-ozone/integration-test/target/test-dir/MiniOzoneClusterImpl-5543d78b-3109-4325-8e4d-d24bfba87b26/datanode-5/data/ratis/bf048bff-8cd1-4cf6-83b3-2788439afc0c does not exist. Creating ...
2021-03-17 02:10:18,233 [pool-285-thread-1] INFO  storage.RaftStorageDirectory (RaftStorageDirectoryImpl.java:tryLock(215)) - Lock on /github/workspace/mnt/ozone/hadoop-ozone/integration-test/target/test-dir/MiniOzoneClusterImpl-5543d78b-3109-4325-8e4d-d24bfba87b26/datanode-5/data/ratis/bf048bff-8cd1-4cf6-83b3-2788439afc0c/in_use.lock acquired by nodename 11586@70ca58e12b9b
2021-03-17 02:10:18,235 [pool-285-thread-1] INFO  storage.RaftStorage (RaftStorageImpl.java:format(87)) - Storage directory /github/workspace/mnt/ozone/hadoop-ozone/integration-test/target/test-dir/MiniOzoneClusterImpl-5543d78b-3109-4325-8e4d-d24bfba87b26/datanode-5/data/ratis/bf048bff-8cd1-4cf6-83b3-2788439afc0c has been successfully formatted.
2021-03-17 02:10:18,235 [pool-285-thread-1] INFO  ratis.ContainerStateMachine (ContainerStateMachine.java:loadSnapshot(223)) - group-2788439AFC0C: The snapshot info is null. Setting the last applied indexto:(t:0, i:~)
2021-03-17 02:10:18,236 [pool-285-thread-1] ERROR storage.RaftStorage (RaftStorageImpl.java:readRaftConfiguration(147)) - Failed reading configuration from file:/github/workspace/mnt/ozone/hadoop-ozone/integration-test/target/test-dir/MiniOzoneClusterImpl-5543d78b-3109-4325-8e4d-d24bfba87b26/datanode-5/data/ratis/bf048bff-8cd1-4cf6-83b3-2788439afc0c/current/raft-meta.conf
java.io.FileNotFoundException: /github/workspace/mnt/ozone/hadoop-ozone/integration-test/target/test-dir/MiniOzoneClusterImpl-5543d78b-3109-4325-8e4d-d24bfba87b26/datanode-5/data/ratis/bf048bff-8cd1-4cf6-83b3-2788439afc0c/current/raft-meta.conf (No such file or directory)
	at java.io.FileInputStream.open0(Native Method)
	at java.io.FileInputStream.open(FileInputStream.java:195)
	at java.io.FileInputStream.<init>(FileInputStream.java:138)
	at org.apache.ratis.server.storage.RaftStorageImpl.readRaftConfiguration(RaftStorageImpl.java:143)
	at org.apache.ratis.server.impl.ServerState.<init>(ServerState.java:122)
	at org.apache.ratis.server.impl.RaftServerImpl.<init>(RaftServerImpl.java:193)
	at org.apache.ratis.server.impl.RaftServerProxy.lambda$newRaftServerImpl$4(RaftServerProxy.java:266)
	at java.util.concurrent.CompletableFuture$AsyncSupply.run(CompletableFuture.java:1604)
	at java.util.concurrent.ThreadPoolExecutor.runWorker(ThreadPoolExecutor.java:1149)
	at java.util.concurrent.ThreadPoolExecutor$Worker.run(ThreadPoolExecutor.java:624)
	at java.lang.Thread.run(Thread.java:748)
2021-03-17 02:10:18,236 [pool-285-thread-1] INFO  server.RaftServerConfigKeys (ConfUtils.java:logGet(44)) - raft.server.notification.no-leader.timeout = 300000ms (custom)
2021-03-17 02:10:18,236 [pool-285-thread-1] INFO  server.RaftServerConfigKeys (ConfUtils.java:logGet(44)) - raft.server.log.use.memory = false (default)
2021-03-17 02:10:18,236 [pool-285-thread-1] INFO  server.RaftServerConfigKeys (ConfUtils.java:logGet(44)) - raft.server.log.purge.gap = 1000000 (custom)
2021-03-17 02:10:18,236 [pool-285-thread-1] INFO  server.RaftServerConfigKeys (ConfUtils.java:logGet(44)) - raft.server.log.appender.buffer.byte-limit = 33554432 (custom)
2021-03-17 02:10:18,236 [pool-285-thread-1] INFO  metrics.RatisMetrics (RatisMetrics.java:lambda$create$0(36)) - Creating Metrics Registry : ratis.log_worker.888dbe71-6008-4ebf-8f97-777673ccf37c@group-2788439AFC0C
2021-03-17 02:10:18,236 [pool-285-thread-1] INFO  server.RaftServerConfigKeys (ConfUtils.java:logGet(44)) - raft.server.log.segment.size.max = 1048576 (custom)
2021-03-17 02:10:18,237 [pool-285-thread-1] INFO  server.RaftServerConfigKeys (ConfUtils.java:logGet(44)) - raft.server.log.segment.cache.num.max = 2 (custom)
2021-03-17 02:10:18,237 [pool-285-thread-1] INFO  server.RaftServerConfigKeys (ConfUtils.java:logGet(44)) - raft.server.log.segment.cache.size.max = 200MB (=209715200) (default)
2021-03-17 02:10:18,237 [pool-285-thread-1] INFO  segmented.SegmentedRaftLogWorker (SegmentedRaftLogWorker.java:<init>(181)) - new 888dbe71-6008-4ebf-8f97-777673ccf37c@group-2788439AFC0C-SegmentedRaftLogWorker for RaftStorageImpl:Storage Directory /github/workspace/mnt/ozone/hadoop-ozone/integration-test/target/test-dir/MiniOzoneClusterImpl-5543d78b-3109-4325-8e4d-d24bfba87b26/datanode-5/data/ratis/bf048bff-8cd1-4cf6-83b3-2788439afc0c
2021-03-17 02:10:18,237 [pool-285-thread-1] INFO  server.RaftServerConfigKeys (ConfUtils.java:logGet(44)) - raft.server.log.queue.byte-limit = 2147483647 (custom)
2021-03-17 02:10:18,237 [pool-285-thread-1] INFO  server.RaftServerConfigKeys (ConfUtils.java:logGet(44)) - raft.server.log.queue.element-limit = 1024 (custom)
2021-03-17 02:10:18,237 [pool-285-thread-1] INFO  server.RaftServerConfigKeys (ConfUtils.java:logGet(44)) - raft.server.log.segment.size.max = 1048576 (custom)
2021-03-17 02:10:18,237 [pool-285-thread-1] INFO  server.RaftServerConfigKeys (ConfUtils.java:logGet(44)) - raft.server.log.preallocated.size = 16384 (custom)
2021-03-17 02:10:18,237 [pool-285-thread-1] INFO  server.RaftServerConfigKeys (ConfUtils.java:logGet(44)) - raft.server.log.force.sync.num = 128 (default)
2021-03-17 02:10:18,237 [pool-285-thread-1] INFO  server.RaftServerConfigKeys (ConfUtils.java:logGet(44)) - raft.server.log.statemachine.data.sync = true (default)
2021-03-17 02:10:18,237 [pool-285-thread-1] INFO  server.RaftServerConfigKeys (ConfUtils.java:logGet(44)) - raft.server.log.statemachine.data.sync.timeout = 10s (default)
2021-03-17 02:10:18,237 [pool-285-thread-1] INFO  server.RaftServerConfigKeys (ConfUtils.java:logGet(44)) - raft.server.log.statemachine.data.sync.timeout.retry = -1 (default)
2021-03-17 02:10:18,239 [EventQueue-PipelineReportForOneReplicaPipelineSafeModeRule] INFO  safemode.SCMSafeModeManager (SCMSafeModeManager.java:validateSafeModeExitRules(214)) - AtleastOneDatanodeReportedRule rule is successfully validated
2021-03-17 02:10:18,240 [pool-285-thread-1] INFO  server.RaftServerConfigKeys (ConfUtils.java:logGet(44)) - raft.server.log.write.buffer.size = 1048576 (custom)
2021-03-17 02:10:18,241 [pool-285-thread-1] INFO  server.RaftServerConfigKeys (ConfUtils.java:logGet(44)) - raft.server.log.statemachine.data.caching.enabled = true (custom)
2021-03-17 02:10:18,241 [pool-285-thread-1] INFO  segmented.SegmentedRaftLogWorker (SegmentedRaftLogWorker.java:lambda$new$0(132)) - 888dbe71-6008-4ebf-8f97-777673ccf37c@group-2788439AFC0C-SegmentedRaftLogWorker: flushIndex: setUnconditionally 0 -> -1
2021-03-17 02:10:18,241 [pool-285-thread-1] INFO  segmented.SegmentedRaftLogWorker (SegmentedRaftLogWorker.java:lambda$new$0(132)) - 888dbe71-6008-4ebf-8f97-777673ccf37c@group-2788439AFC0C-SegmentedRaftLogWorker: safeCacheEvictIndex: setUnconditionally 0 -> -1
2021-03-17 02:10:18,241 [pool-285-thread-1] INFO  server.RaftServerConfigKeys (ConfUtils.java:logGet(44)) - raft.server.snapshot.auto.trigger.enabled = true (custom)
2021-03-17 02:10:18,242 [pool-285-thread-1] INFO  server.RaftServerConfigKeys (ConfUtils.java:logGet(44)) - raft.server.snapshot.auto.trigger.threshold = 10000 (custom)
2021-03-17 02:10:18,242 [pool-285-thread-1] INFO  server.RaftServerConfigKeys (ConfUtils.java:logGet(44)) - raft.server.snapshot.retention.file.num = 5 (custom)
2021-03-17 02:10:18,242 [pool-285-thread-1] INFO  server.RaftServerConfigKeys (ConfUtils.java:logGet(44)) - raft.server.log.purge.upto.snapshot.index = false (default)
2021-03-17 02:10:18,242 [pool-285-thread-1] INFO  server.RaftServerConfigKeys (ConfUtils.java:logGet(44)) - raft.server.retrycache.expirytime = 600000ms (custom)
2021-03-17 02:10:18,242 [pool-285-thread-1] INFO  server.RaftServerConfigKeys (ConfUtils.java:logGet(44)) - raft.server.retrycache.statistics.expirytime = 100?s (default)
2021-03-17 02:10:18,242 [pool-285-thread-1] INFO  metrics.RatisMetrics (RatisMetrics.java:lambda$create$0(36)) - Creating Metrics Registry : ratis.leader_election.888dbe71-6008-4ebf-8f97-777673ccf37c@group-2788439AFC0C
2021-03-17 02:10:18,242 [pool-285-thread-1] INFO  metrics.RatisMetrics (RatisMetrics.java:lambda$create$0(36)) - Creating Metrics Registry : ratis.server.888dbe71-6008-4ebf-8f97-777673ccf37c@group-2788439AFC0C
2021-03-17 02:10:18,243 [pool-285-thread-1] INFO  server.RaftServer$Division (RaftServerImpl.java:start(295)) - 888dbe71-6008-4ebf-8f97-777673ccf37c@group-2788439AFC0C: start as a follower, conf=-1: [edc886fb-3392-4280-b977-eac73b957932|rpc:172.17.0.2:45405|dataStream:|priority:0, 888dbe71-6008-4ebf-8f97-777673ccf37c|rpc:172.17.0.2:32769|dataStream:|priority:0, 37b60bae-9d6d-40b8-9851-2e9be12703e9|rpc:172.17.0.2:46279|dataStream:|priority:1], old=null
2021-03-17 02:10:18,243 [pool-285-thread-1] INFO  server.RaftServer$Division (RaftServerImpl.java:setRole(284)) - 888dbe71-6008-4ebf-8f97-777673ccf37c@group-2788439AFC0C: changes role from      null to FOLLOWER at term 0 for startAsFollower
2021-03-17 02:10:18,243 [pool-285-thread-1] INFO  impl.RoleInfo (RoleInfo.java:updateAndGet(130)) - 888dbe71-6008-4ebf-8f97-777673ccf37c: start 888dbe71-6008-4ebf-8f97-777673ccf37c@group-2788439AFC0C-FollowerState
2021-03-17 02:10:18,246 [pool-285-thread-1] INFO  util.JmxRegister (JmxRegister.java:tryRegister(44)) - Successfully registered JMX Bean with object name Ratis:service=RaftServer,group=group-2788439AFC0C,id=888dbe71-6008-4ebf-8f97-777673ccf37c
2021-03-17 02:10:18,246 [pool-285-thread-1] INFO  metrics.RatisMetrics (RatisMetrics.java:lambda$create$0(36)) - Creating Metrics Registry : ratis.state_machine.888dbe71-6008-4ebf-8f97-777673ccf37c@group-2788439AFC0C
2021-03-17 02:10:18,251 [Command processor thread] INFO  commandhandler.CreatePipelineCommandHandler (CreatePipelineCommandHandler.java:handle(106)) - Created Pipeline RATIS THREE PipelineID=bf048bff-8cd1-4cf6-83b3-2788439afc0c.
2021-03-17 02:10:18,282 [Command processor thread] INFO  server.RaftServer (RaftServerProxy.java:addNew(95)) - 37b60bae-9d6d-40b8-9851-2e9be12703e9: addNew group-C25E8B788A8F:[37b60bae-9d6d-40b8-9851-2e9be12703e9|rpc:172.17.0.2:46279|priority:1] returns group-C25E8B788A8F:java.util.concurrent.CompletableFuture@e1c931c[Not completed]
2021-03-17 02:10:18,283 [pool-269-thread-1] INFO  server.RaftServer$Division (RaftServerImpl.java:<init>(180)) - 37b60bae-9d6d-40b8-9851-2e9be12703e9: new RaftServerImpl for group-C25E8B788A8F:[37b60bae-9d6d-40b8-9851-2e9be12703e9|rpc:172.17.0.2:46279|priority:1] with ContainerStateMachine:uninitialized
2021-03-17 02:10:18,283 [pool-269-thread-1] INFO  server.RaftServerConfigKeys (ConfUtils.java:logGet(44)) - raft.server.rpc.timeout.min = 5s (custom)
2021-03-17 02:10:18,284 [pool-269-thread-1] INFO  server.RaftServerConfigKeys (ConfUtils.java:logGet(44)) - raft.server.rpc.timeout.max = 5200ms (custom)
2021-03-17 02:10:18,284 [pool-269-thread-1] INFO  server.RaftServerConfigKeys (ConfUtils.java:logGet(44)) - raft.server.rpc.sleep.time = 25ms (default)
2021-03-17 02:10:18,284 [pool-269-thread-1] INFO  server.RaftServerConfigKeys (ConfUtils.java:logGet(44)) - raft.server.rpc.slowness.timeout = 300000ms (custom)
2021-03-17 02:10:18,284 [pool-269-thread-1] INFO  server.RaftServerConfigKeys (ConfUtils.java:logGet(44)) - raft.server.leaderelection.leader.step-down.wait-time = 10s (default)
2021-03-17 02:10:18,284 [pool-269-thread-1] INFO  server.RaftServerConfigKeys (ConfUtils.java:logGet(44)) - raft.server.sleep.deviation.threshold = 300ms (default)
2021-03-17 02:10:18,284 [pool-269-thread-1] INFO  server.RaftServerConfigKeys (ConfUtils.java:logGet(44)) - raft.server.log.appender.install.snapshot.enabled = false (custom)
2021-03-17 02:10:18,284 [pool-269-thread-1] INFO  server.RaftServer$Division (ServerState.java:<init>(105)) - 37b60bae-9d6d-40b8-9851-2e9be12703e9@group-C25E8B788A8F: ConfigurationManager, init=-1: [37b60bae-9d6d-40b8-9851-2e9be12703e9|rpc:172.17.0.2:46279|priority:1], old=null, confs=<EMPTY_MAP>
2021-03-17 02:10:18,284 [pool-269-thread-1] INFO  server.RaftServerConfigKeys (ConfUtils.java:logGet(44)) - raft.server.storage.dir = [/github/workspace/mnt/ozone/hadoop-ozone/integration-test/target/test-dir/MiniOzoneClusterImpl-5543d78b-3109-4325-8e4d-d24bfba87b26/datanode-4/data/ratis] (custom)
2021-03-17 02:10:18,284 [pool-269-thread-1] INFO  server.RaftServerConfigKeys (ConfUtils.java:logGet(44)) - raft.server.log.corruption.policy = EXCEPTION (default)
2021-03-17 02:10:18,284 [pool-269-thread-1] INFO  storage.RaftStorageDirectory (RaftStorageDirectoryImpl.java:analyzeStorage(132)) - The storage directory /github/workspace/mnt/ozone/hadoop-ozone/integration-test/target/test-dir/MiniOzoneClusterImpl-5543d78b-3109-4325-8e4d-d24bfba87b26/datanode-4/data/ratis/50c93adb-4d03-4ae7-ad94-c25e8b788a8f does not exist. Creating ...
2021-03-17 02:10:18,289 [pool-269-thread-1] INFO  storage.RaftStorageDirectory (RaftStorageDirectoryImpl.java:tryLock(215)) - Lock on /github/workspace/mnt/ozone/hadoop-ozone/integration-test/target/test-dir/MiniOzoneClusterImpl-5543d78b-3109-4325-8e4d-d24bfba87b26/datanode-4/data/ratis/50c93adb-4d03-4ae7-ad94-c25e8b788a8f/in_use.lock acquired by nodename 11586@70ca58e12b9b
2021-03-17 02:10:18,290 [pool-269-thread-1] INFO  storage.RaftStorage (RaftStorageImpl.java:format(87)) - Storage directory /github/workspace/mnt/ozone/hadoop-ozone/integration-test/target/test-dir/MiniOzoneClusterImpl-5543d78b-3109-4325-8e4d-d24bfba87b26/datanode-4/data/ratis/50c93adb-4d03-4ae7-ad94-c25e8b788a8f has been successfully formatted.
2021-03-17 02:10:18,292 [EventQueue-PipelineReportForPipelineReportHandler] INFO  pipeline.PipelineStateManager (PipelineStateManager.java:openPipeline(132)) - Pipeline Pipeline[ Id: 50c93adb-4d03-4ae7-ad94-c25e8b788a8f, Nodes: 37b60bae-9d6d-40b8-9851-2e9be12703e9{ip: 172.17.0.2, host: 70ca58e12b9b, ports: [REPLICATION=41081, RATIS=46279, RATIS_ADMIN=46279, RATIS_SERVER=46279, STANDALONE=42859], networkLocation: /default-rack, certSerialId: null, persistedOpState: IN_SERVICE, persistedOpStateExpiryEpochSec: 0}, Type:RATIS, Factor:ONE, State:ALLOCATED, leaderId:37b60bae-9d6d-40b8-9851-2e9be12703e9, CreationTimestamp2021-03-17T02:10:15.286Z] moved to OPEN state
2021-03-17 02:10:18,292 [EventQueue-PipelineReportForOneReplicaPipelineSafeModeRule] INFO  safemode.SCMSafeModeManager (SCMSafeModeManager.java:validateSafeModeExitRules(214)) - AtleastOneDatanodeReportedRule rule is successfully validated
2021-03-17 02:10:18,292 [EventQueue-OpenPipelineForHealthyPipelineSafeModeRule] INFO  safemode.SCMSafeModeManager (HealthyPipelineSafeModeRule.java:process(128)) - SCM in safe mode. Healthy pipelines reported count is 0, required healthy pipeline reported count is 1
2021-03-17 02:10:18,292 [pool-269-thread-1] INFO  ratis.ContainerStateMachine (ContainerStateMachine.java:loadSnapshot(223)) - group-C25E8B788A8F: The snapshot info is null. Setting the last applied indexto:(t:0, i:~)
2021-03-17 02:10:18,292 [pool-269-thread-1] ERROR storage.RaftStorage (RaftStorageImpl.java:readRaftConfiguration(147)) - Failed reading configuration from file:/github/workspace/mnt/ozone/hadoop-ozone/integration-test/target/test-dir/MiniOzoneClusterImpl-5543d78b-3109-4325-8e4d-d24bfba87b26/datanode-4/data/ratis/50c93adb-4d03-4ae7-ad94-c25e8b788a8f/current/raft-meta.conf
java.io.FileNotFoundException: /github/workspace/mnt/ozone/hadoop-ozone/integration-test/target/test-dir/MiniOzoneClusterImpl-5543d78b-3109-4325-8e4d-d24bfba87b26/datanode-4/data/ratis/50c93adb-4d03-4ae7-ad94-c25e8b788a8f/current/raft-meta.conf (No such file or directory)
	at java.io.FileInputStream.open0(Native Method)
	at java.io.FileInputStream.open(FileInputStream.java:195)
	at java.io.FileInputStream.<init>(FileInputStream.java:138)
	at org.apache.ratis.server.storage.RaftStorageImpl.readRaftConfiguration(RaftStorageImpl.java:143)
	at org.apache.ratis.server.impl.ServerState.<init>(ServerState.java:122)
	at org.apache.ratis.server.impl.RaftServerImpl.<init>(RaftServerImpl.java:193)
	at org.apache.ratis.server.impl.RaftServerProxy.lambda$newRaftServerImpl$4(RaftServerProxy.java:266)
	at java.util.concurrent.CompletableFuture$AsyncSupply.run(CompletableFuture.java:1604)
	at java.util.concurrent.ThreadPoolExecutor.runWorker(ThreadPoolExecutor.java:1149)
	at java.util.concurrent.ThreadPoolExecutor$Worker.run(ThreadPoolExecutor.java:624)
	at java.lang.Thread.run(Thread.java:748)
2021-03-17 02:10:18,293 [pool-269-thread-1] INFO  server.RaftServerConfigKeys (ConfUtils.java:logGet(44)) - raft.server.notification.no-leader.timeout = 300000ms (custom)
2021-03-17 02:10:18,293 [pool-269-thread-1] INFO  server.RaftServerConfigKeys (ConfUtils.java:logGet(44)) - raft.server.log.use.memory = false (default)
2021-03-17 02:10:18,293 [pool-269-thread-1] INFO  server.RaftServerConfigKeys (ConfUtils.java:logGet(44)) - raft.server.log.purge.gap = 1000000 (custom)
2021-03-17 02:10:18,293 [pool-269-thread-1] INFO  server.RaftServerConfigKeys (ConfUtils.java:logGet(44)) - raft.server.log.appender.buffer.byte-limit = 33554432 (custom)
2021-03-17 02:10:18,294 [pool-269-thread-1] INFO  metrics.RatisMetrics (RatisMetrics.java:lambda$create$0(36)) - Creating Metrics Registry : ratis.log_worker.37b60bae-9d6d-40b8-9851-2e9be12703e9@group-C25E8B788A8F
2021-03-17 02:10:18,294 [pool-269-thread-1] INFO  server.RaftServerConfigKeys (ConfUtils.java:logGet(44)) - raft.server.log.segment.size.max = 1048576 (custom)
2021-03-17 02:10:18,295 [pool-269-thread-1] INFO  server.RaftServerConfigKeys (ConfUtils.java:logGet(44)) - raft.server.log.segment.cache.num.max = 2 (custom)
2021-03-17 02:10:18,295 [pool-269-thread-1] INFO  server.RaftServerConfigKeys (ConfUtils.java:logGet(44)) - raft.server.log.segment.cache.size.max = 200MB (=209715200) (default)
2021-03-17 02:10:18,295 [pool-269-thread-1] INFO  segmented.SegmentedRaftLogWorker (SegmentedRaftLogWorker.java:<init>(181)) - new 37b60bae-9d6d-40b8-9851-2e9be12703e9@group-C25E8B788A8F-SegmentedRaftLogWorker for RaftStorageImpl:Storage Directory /github/workspace/mnt/ozone/hadoop-ozone/integration-test/target/test-dir/MiniOzoneClusterImpl-5543d78b-3109-4325-8e4d-d24bfba87b26/datanode-4/data/ratis/50c93adb-4d03-4ae7-ad94-c25e8b788a8f
2021-03-17 02:10:18,295 [pool-269-thread-1] INFO  server.RaftServerConfigKeys (ConfUtils.java:logGet(44)) - raft.server.log.queue.byte-limit = 2147483647 (custom)
2021-03-17 02:10:18,295 [pool-269-thread-1] INFO  server.RaftServerConfigKeys (ConfUtils.java:logGet(44)) - raft.server.log.queue.element-limit = 1024 (custom)
2021-03-17 02:10:18,295 [pool-269-thread-1] INFO  server.RaftServerConfigKeys (ConfUtils.java:logGet(44)) - raft.server.log.segment.size.max = 1048576 (custom)
2021-03-17 02:10:18,295 [pool-269-thread-1] INFO  server.RaftServerConfigKeys (ConfUtils.java:logGet(44)) - raft.server.log.preallocated.size = 16384 (custom)
2021-03-17 02:10:18,295 [pool-269-thread-1] INFO  server.RaftServerConfigKeys (ConfUtils.java:logGet(44)) - raft.server.log.force.sync.num = 128 (default)
2021-03-17 02:10:18,295 [pool-269-thread-1] INFO  server.RaftServerConfigKeys (ConfUtils.java:logGet(44)) - raft.server.log.statemachine.data.sync = true (default)
2021-03-17 02:10:18,295 [pool-269-thread-1] INFO  server.RaftServerConfigKeys (ConfUtils.java:logGet(44)) - raft.server.log.statemachine.data.sync.timeout = 10s (default)
2021-03-17 02:10:18,296 [pool-269-thread-1] INFO  server.RaftServerConfigKeys (ConfUtils.java:logGet(44)) - raft.server.log.statemachine.data.sync.timeout.retry = -1 (default)
2021-03-17 02:10:18,298 [pool-269-thread-1] INFO  server.RaftServerConfigKeys (ConfUtils.java:logGet(44)) - raft.server.log.write.buffer.size = 1048576 (custom)
2021-03-17 02:10:18,299 [pool-269-thread-1] INFO  server.RaftServerConfigKeys (ConfUtils.java:logGet(44)) - raft.server.log.statemachine.data.caching.enabled = true (custom)
2021-03-17 02:10:18,299 [pool-269-thread-1] INFO  segmented.SegmentedRaftLogWorker (SegmentedRaftLogWorker.java:lambda$new$0(132)) - 37b60bae-9d6d-40b8-9851-2e9be12703e9@group-C25E8B788A8F-SegmentedRaftLogWorker: flushIndex: setUnconditionally 0 -> -1
2021-03-17 02:10:18,300 [pool-269-thread-1] INFO  segmented.SegmentedRaftLogWorker (SegmentedRaftLogWorker.java:lambda$new$0(132)) - 37b60bae-9d6d-40b8-9851-2e9be12703e9@group-C25E8B788A8F-SegmentedRaftLogWorker: safeCacheEvictIndex: setUnconditionally 0 -> -1
2021-03-17 02:10:18,300 [pool-269-thread-1] INFO  server.RaftServerConfigKeys (ConfUtils.java:logGet(44)) - raft.server.snapshot.auto.trigger.enabled = true (custom)
2021-03-17 02:10:18,300 [pool-269-thread-1] INFO  server.RaftServerConfigKeys (ConfUtils.java:logGet(44)) - raft.server.snapshot.auto.trigger.threshold = 10000 (custom)
2021-03-17 02:10:18,300 [pool-269-thread-1] INFO  server.RaftServerConfigKeys (ConfUtils.java:logGet(44)) - raft.server.snapshot.retention.file.num = 5 (custom)
2021-03-17 02:10:18,300 [pool-269-thread-1] INFO  server.RaftServerConfigKeys (ConfUtils.java:logGet(44)) - raft.server.log.purge.upto.snapshot.index = false (default)
2021-03-17 02:10:18,300 [pool-269-thread-1] INFO  server.RaftServerConfigKeys (ConfUtils.java:logGet(44)) - raft.server.retrycache.expirytime = 600000ms (custom)
2021-03-17 02:10:18,300 [pool-269-thread-1] INFO  server.RaftServerConfigKeys (ConfUtils.java:logGet(44)) - raft.server.retrycache.statistics.expirytime = 100?s (default)
2021-03-17 02:10:18,300 [pool-269-thread-1] INFO  metrics.RatisMetrics (RatisMetrics.java:lambda$create$0(36)) - Creating Metrics Registry : ratis.leader_election.37b60bae-9d6d-40b8-9851-2e9be12703e9@group-C25E8B788A8F
2021-03-17 02:10:18,301 [pool-269-thread-1] INFO  metrics.RatisMetrics (RatisMetrics.java:lambda$create$0(36)) - Creating Metrics Registry : ratis.server.37b60bae-9d6d-40b8-9851-2e9be12703e9@group-C25E8B788A8F
2021-03-17 02:10:18,302 [pool-269-thread-1] INFO  server.RaftServer$Division (RaftServerImpl.java:start(295)) - 37b60bae-9d6d-40b8-9851-2e9be12703e9@group-C25E8B788A8F: start as a follower, conf=-1: [37b60bae-9d6d-40b8-9851-2e9be12703e9|rpc:172.17.0.2:46279|priority:1], old=null
2021-03-17 02:10:18,302 [pool-269-thread-1] INFO  server.RaftServer$Division (RaftServerImpl.java:setRole(284)) - 37b60bae-9d6d-40b8-9851-2e9be12703e9@group-C25E8B788A8F: changes role from      null to FOLLOWER at term 0 for startAsFollower
2021-03-17 02:10:18,302 [pool-269-thread-1] INFO  impl.RoleInfo (RoleInfo.java:updateAndGet(130)) - 37b60bae-9d6d-40b8-9851-2e9be12703e9: start 37b60bae-9d6d-40b8-9851-2e9be12703e9@group-C25E8B788A8F-FollowerState
2021-03-17 02:10:18,303 [pool-269-thread-1] INFO  util.JmxRegister (JmxRegister.java:tryRegister(44)) - Successfully registered JMX Bean with object name Ratis:service=RaftServer,group=group-C25E8B788A8F,id=37b60bae-9d6d-40b8-9851-2e9be12703e9
2021-03-17 02:10:18,303 [pool-269-thread-1] INFO  metrics.RatisMetrics (RatisMetrics.java:lambda$create$0(36)) - Creating Metrics Registry : ratis.state_machine.37b60bae-9d6d-40b8-9851-2e9be12703e9@group-C25E8B788A8F
2021-03-17 02:10:18,303 [Command processor thread] INFO  commandhandler.CreatePipelineCommandHandler (CreatePipelineCommandHandler.java:handle(106)) - Created Pipeline RATIS ONE PipelineID=50c93adb-4d03-4ae7-ad94-c25e8b788a8f.
2021-03-17 02:10:18,460 [Command processor thread] INFO  server.RaftServer (RaftServerProxy.java:addNew(95)) - 888dbe71-6008-4ebf-8f97-777673ccf37c: addNew group-591BBB34F33B:[888dbe71-6008-4ebf-8f97-777673ccf37c|rpc:172.17.0.2:32769|priority:1] returns group-591BBB34F33B:java.util.concurrent.CompletableFuture@484d4966[Not completed]
2021-03-17 02:10:18,461 [pool-285-thread-1] INFO  server.RaftServer$Division (RaftServerImpl.java:<init>(180)) - 888dbe71-6008-4ebf-8f97-777673ccf37c: new RaftServerImpl for group-591BBB34F33B:[888dbe71-6008-4ebf-8f97-777673ccf37c|rpc:172.17.0.2:32769|priority:1] with ContainerStateMachine:uninitialized
2021-03-17 02:10:18,461 [pool-285-thread-1] INFO  server.RaftServerConfigKeys (ConfUtils.java:logGet(44)) - raft.server.rpc.timeout.min = 5s (custom)
2021-03-17 02:10:18,461 [pool-285-thread-1] INFO  server.RaftServerConfigKeys (ConfUtils.java:logGet(44)) - raft.server.rpc.timeout.max = 5200ms (custom)
2021-03-17 02:10:18,461 [pool-285-thread-1] INFO  server.RaftServerConfigKeys (ConfUtils.java:logGet(44)) - raft.server.rpc.sleep.time = 25ms (default)
2021-03-17 02:10:18,461 [pool-285-thread-1] INFO  server.RaftServerConfigKeys (ConfUtils.java:logGet(44)) - raft.server.rpc.slowness.timeout = 300000ms (custom)
2021-03-17 02:10:18,461 [pool-285-thread-1] INFO  server.RaftServerConfigKeys (ConfUtils.java:logGet(44)) - raft.server.leaderelection.leader.step-down.wait-time = 10s (default)
2021-03-17 02:10:18,461 [pool-285-thread-1] INFO  server.RaftServerConfigKeys (ConfUtils.java:logGet(44)) - raft.server.sleep.deviation.threshold = 300ms (default)
2021-03-17 02:10:18,462 [pool-285-thread-1] INFO  server.RaftServerConfigKeys (ConfUtils.java:logGet(44)) - raft.server.log.appender.install.snapshot.enabled = false (custom)
2021-03-17 02:10:18,462 [pool-285-thread-1] INFO  server.RaftServer$Division (ServerState.java:<init>(105)) - 888dbe71-6008-4ebf-8f97-777673ccf37c@group-591BBB34F33B: ConfigurationManager, init=-1: [888dbe71-6008-4ebf-8f97-777673ccf37c|rpc:172.17.0.2:32769|priority:1], old=null, confs=<EMPTY_MAP>
2021-03-17 02:10:18,462 [pool-285-thread-1] INFO  server.RaftServerConfigKeys (ConfUtils.java:logGet(44)) - raft.server.storage.dir = [/github/workspace/mnt/ozone/hadoop-ozone/integration-test/target/test-dir/MiniOzoneClusterImpl-5543d78b-3109-4325-8e4d-d24bfba87b26/datanode-5/data/ratis] (custom)
2021-03-17 02:10:18,462 [pool-285-thread-1] INFO  server.RaftServerConfigKeys (ConfUtils.java:logGet(44)) - raft.server.log.corruption.policy = EXCEPTION (default)
2021-03-17 02:10:18,462 [pool-285-thread-1] INFO  storage.RaftStorageDirectory (RaftStorageDirectoryImpl.java:analyzeStorage(132)) - The storage directory /github/workspace/mnt/ozone/hadoop-ozone/integration-test/target/test-dir/MiniOzoneClusterImpl-5543d78b-3109-4325-8e4d-d24bfba87b26/datanode-5/data/ratis/0b5afd2b-c7d0-4abc-b923-591bbb34f33b does not exist. Creating ...
2021-03-17 02:10:18,464 [pool-285-thread-1] INFO  storage.RaftStorageDirectory (RaftStorageDirectoryImpl.java:tryLock(215)) - Lock on /github/workspace/mnt/ozone/hadoop-ozone/integration-test/target/test-dir/MiniOzoneClusterImpl-5543d78b-3109-4325-8e4d-d24bfba87b26/datanode-5/data/ratis/0b5afd2b-c7d0-4abc-b923-591bbb34f33b/in_use.lock acquired by nodename 11586@70ca58e12b9b
2021-03-17 02:10:18,466 [pool-285-thread-1] INFO  storage.RaftStorage (RaftStorageImpl.java:format(87)) - Storage directory /github/workspace/mnt/ozone/hadoop-ozone/integration-test/target/test-dir/MiniOzoneClusterImpl-5543d78b-3109-4325-8e4d-d24bfba87b26/datanode-5/data/ratis/0b5afd2b-c7d0-4abc-b923-591bbb34f33b has been successfully formatted.
2021-03-17 02:10:18,467 [pool-285-thread-1] INFO  ratis.ContainerStateMachine (ContainerStateMachine.java:loadSnapshot(223)) - group-591BBB34F33B: The snapshot info is null. Setting the last applied indexto:(t:0, i:~)
2021-03-17 02:10:18,467 [pool-285-thread-1] ERROR storage.RaftStorage (RaftStorageImpl.java:readRaftConfiguration(147)) - Failed reading configuration from file:/github/workspace/mnt/ozone/hadoop-ozone/integration-test/target/test-dir/MiniOzoneClusterImpl-5543d78b-3109-4325-8e4d-d24bfba87b26/datanode-5/data/ratis/0b5afd2b-c7d0-4abc-b923-591bbb34f33b/current/raft-meta.conf
java.io.FileNotFoundException: /github/workspace/mnt/ozone/hadoop-ozone/integration-test/target/test-dir/MiniOzoneClusterImpl-5543d78b-3109-4325-8e4d-d24bfba87b26/datanode-5/data/ratis/0b5afd2b-c7d0-4abc-b923-591bbb34f33b/current/raft-meta.conf (No such file or directory)
	at java.io.FileInputStream.open0(Native Method)
	at java.io.FileInputStream.open(FileInputStream.java:195)
	at java.io.FileInputStream.<init>(FileInputStream.java:138)
	at org.apache.ratis.server.storage.RaftStorageImpl.readRaftConfiguration(RaftStorageImpl.java:143)
	at org.apache.ratis.server.impl.ServerState.<init>(ServerState.java:122)
	at org.apache.ratis.server.impl.RaftServerImpl.<init>(RaftServerImpl.java:193)
	at org.apache.ratis.server.impl.RaftServerProxy.lambda$newRaftServerImpl$4(RaftServerProxy.java:266)
	at java.util.concurrent.CompletableFuture$AsyncSupply.run(CompletableFuture.java:1604)
	at java.util.concurrent.ThreadPoolExecutor.runWorker(ThreadPoolExecutor.java:1149)
	at java.util.concurrent.ThreadPoolExecutor$Worker.run(ThreadPoolExecutor.java:624)
	at java.lang.Thread.run(Thread.java:748)
2021-03-17 02:10:18,467 [pool-285-thread-1] INFO  server.RaftServerConfigKeys (ConfUtils.java:logGet(44)) - raft.server.notification.no-leader.timeout = 300000ms (custom)
2021-03-17 02:10:18,467 [pool-285-thread-1] INFO  server.RaftServerConfigKeys (ConfUtils.java:logGet(44)) - raft.server.log.use.memory = false (default)
2021-03-17 02:10:18,467 [pool-285-thread-1] INFO  server.RaftServerConfigKeys (ConfUtils.java:logGet(44)) - raft.server.log.purge.gap = 1000000 (custom)
2021-03-17 02:10:18,467 [pool-285-thread-1] INFO  server.RaftServerConfigKeys (ConfUtils.java:logGet(44)) - raft.server.log.appender.buffer.byte-limit = 33554432 (custom)
2021-03-17 02:10:18,467 [pool-285-thread-1] INFO  metrics.RatisMetrics (RatisMetrics.java:lambda$create$0(36)) - Creating Metrics Registry : ratis.log_worker.888dbe71-6008-4ebf-8f97-777673ccf37c@group-591BBB34F33B
2021-03-17 02:10:18,468 [pool-285-thread-1] INFO  server.RaftServerConfigKeys (ConfUtils.java:logGet(44)) - raft.server.log.segment.size.max = 1048576 (custom)
2021-03-17 02:10:18,468 [pool-285-thread-1] INFO  server.RaftServerConfigKeys (ConfUtils.java:logGet(44)) - raft.server.log.segment.cache.num.max = 2 (custom)
2021-03-17 02:10:18,468 [pool-285-thread-1] INFO  server.RaftServerConfigKeys (ConfUtils.java:logGet(44)) - raft.server.log.segment.cache.size.max = 200MB (=209715200) (default)
2021-03-17 02:10:18,468 [pool-285-thread-1] INFO  segmented.SegmentedRaftLogWorker (SegmentedRaftLogWorker.java:<init>(181)) - new 888dbe71-6008-4ebf-8f97-777673ccf37c@group-591BBB34F33B-SegmentedRaftLogWorker for RaftStorageImpl:Storage Directory /github/workspace/mnt/ozone/hadoop-ozone/integration-test/target/test-dir/MiniOzoneClusterImpl-5543d78b-3109-4325-8e4d-d24bfba87b26/datanode-5/data/ratis/0b5afd2b-c7d0-4abc-b923-591bbb34f33b
2021-03-17 02:10:18,468 [pool-285-thread-1] INFO  server.RaftServerConfigKeys (ConfUtils.java:logGet(44)) - raft.server.log.queue.byte-limit = 2147483647 (custom)
2021-03-17 02:10:18,469 [EventQueue-PipelineReportForPipelineReportHandler] INFO  pipeline.PipelineStateManager (PipelineStateManager.java:openPipeline(132)) - Pipeline Pipeline[ Id: 0b5afd2b-c7d0-4abc-b923-591bbb34f33b, Nodes: 888dbe71-6008-4ebf-8f97-777673ccf37c{ip: 172.17.0.2, host: 70ca58e12b9b, ports: [REPLICATION=42049, RATIS=32769, RATIS_ADMIN=32769, RATIS_SERVER=32769, STANDALONE=40723], networkLocation: /default-rack, certSerialId: null, persistedOpState: IN_SERVICE, persistedOpStateExpiryEpochSec: 0}, Type:RATIS, Factor:ONE, State:ALLOCATED, leaderId:888dbe71-6008-4ebf-8f97-777673ccf37c, CreationTimestamp2021-03-17T02:10:15.462Z] moved to OPEN state
2021-03-17 02:10:18,469 [EventQueue-OpenPipelineForHealthyPipelineSafeModeRule] INFO  safemode.SCMSafeModeManager (HealthyPipelineSafeModeRule.java:process(128)) - SCM in safe mode. Healthy pipelines reported count is 0, required healthy pipeline reported count is 1
2021-03-17 02:10:18,468 [EventQueue-PipelineReportForOneReplicaPipelineSafeModeRule] INFO  safemode.SCMSafeModeManager (SCMSafeModeManager.java:validateSafeModeExitRules(214)) - AtleastOneDatanodeReportedRule rule is successfully validated
2021-03-17 02:10:18,469 [pool-285-thread-1] INFO  server.RaftServerConfigKeys (ConfUtils.java:logGet(44)) - raft.server.log.queue.element-limit = 1024 (custom)
2021-03-17 02:10:18,470 [pool-285-thread-1] INFO  server.RaftServerConfigKeys (ConfUtils.java:logGet(44)) - raft.server.log.segment.size.max = 1048576 (custom)
2021-03-17 02:10:18,470 [pool-285-thread-1] INFO  server.RaftServerConfigKeys (ConfUtils.java:logGet(44)) - raft.server.log.preallocated.size = 16384 (custom)
2021-03-17 02:10:18,470 [pool-285-thread-1] INFO  server.RaftServerConfigKeys (ConfUtils.java:logGet(44)) - raft.server.log.force.sync.num = 128 (default)
2021-03-17 02:10:18,470 [pool-285-thread-1] INFO  server.RaftServerConfigKeys (ConfUtils.java:logGet(44)) - raft.server.log.statemachine.data.sync = true (default)
2021-03-17 02:10:18,470 [pool-285-thread-1] INFO  server.RaftServerConfigKeys (ConfUtils.java:logGet(44)) - raft.server.log.statemachine.data.sync.timeout = 10s (default)
2021-03-17 02:10:18,470 [pool-285-thread-1] INFO  server.RaftServerConfigKeys (ConfUtils.java:logGet(44)) - raft.server.log.statemachine.data.sync.timeout.retry = -1 (default)
2021-03-17 02:10:18,471 [pool-285-thread-1] INFO  server.RaftServerConfigKeys (ConfUtils.java:logGet(44)) - raft.server.log.write.buffer.size = 1048576 (custom)
2021-03-17 02:10:18,471 [pool-285-thread-1] INFO  server.RaftServerConfigKeys (ConfUtils.java:logGet(44)) - raft.server.log.statemachine.data.caching.enabled = true (custom)
2021-03-17 02:10:18,472 [pool-285-thread-1] INFO  segmented.SegmentedRaftLogWorker (SegmentedRaftLogWorker.java:lambda$new$0(132)) - 888dbe71-6008-4ebf-8f97-777673ccf37c@group-591BBB34F33B-SegmentedRaftLogWorker: flushIndex: setUnconditionally 0 -> -1
2021-03-17 02:10:18,472 [pool-285-thread-1] INFO  segmented.SegmentedRaftLogWorker (SegmentedRaftLogWorker.java:lambda$new$0(132)) - 888dbe71-6008-4ebf-8f97-777673ccf37c@group-591BBB34F33B-SegmentedRaftLogWorker: safeCacheEvictIndex: setUnconditionally 0 -> -1
2021-03-17 02:10:18,472 [pool-285-thread-1] INFO  server.RaftServerConfigKeys (ConfUtils.java:logGet(44)) - raft.server.snapshot.auto.trigger.enabled = true (custom)
2021-03-17 02:10:18,472 [pool-285-thread-1] INFO  server.RaftServerConfigKeys (ConfUtils.java:logGet(44)) - raft.server.snapshot.auto.trigger.threshold = 10000 (custom)
2021-03-17 02:10:18,472 [pool-285-thread-1] INFO  server.RaftServerConfigKeys (ConfUtils.java:logGet(44)) - raft.server.snapshot.retention.file.num = 5 (custom)
2021-03-17 02:10:18,472 [pool-285-thread-1] INFO  server.RaftServerConfigKeys (ConfUtils.java:logGet(44)) - raft.server.log.purge.upto.snapshot.index = false (default)
2021-03-17 02:10:18,472 [pool-285-thread-1] INFO  server.RaftServerConfigKeys (ConfUtils.java:logGet(44)) - raft.server.retrycache.expirytime = 600000ms (custom)
2021-03-17 02:10:18,472 [pool-285-thread-1] INFO  server.RaftServerConfigKeys (ConfUtils.java:logGet(44)) - raft.server.retrycache.statistics.expirytime = 100?s (default)
2021-03-17 02:10:18,472 [pool-285-thread-1] INFO  metrics.RatisMetrics (RatisMetrics.java:lambda$create$0(36)) - Creating Metrics Registry : ratis.leader_election.888dbe71-6008-4ebf-8f97-777673ccf37c@group-591BBB34F33B
2021-03-17 02:10:18,473 [pool-285-thread-1] INFO  metrics.RatisMetrics (RatisMetrics.java:lambda$create$0(36)) - Creating Metrics Registry : ratis.server.888dbe71-6008-4ebf-8f97-777673ccf37c@group-591BBB34F33B
2021-03-17 02:10:18,473 [pool-285-thread-1] INFO  server.RaftServer$Division (RaftServerImpl.java:start(295)) - 888dbe71-6008-4ebf-8f97-777673ccf37c@group-591BBB34F33B: start as a follower, conf=-1: [888dbe71-6008-4ebf-8f97-777673ccf37c|rpc:172.17.0.2:32769|priority:1], old=null
2021-03-17 02:10:18,473 [pool-285-thread-1] INFO  server.RaftServer$Division (RaftServerImpl.java:setRole(284)) - 888dbe71-6008-4ebf-8f97-777673ccf37c@group-591BBB34F33B: changes role from      null to FOLLOWER at term 0 for startAsFollower
2021-03-17 02:10:18,473 [pool-285-thread-1] INFO  impl.RoleInfo (RoleInfo.java:updateAndGet(130)) - 888dbe71-6008-4ebf-8f97-777673ccf37c: start 888dbe71-6008-4ebf-8f97-777673ccf37c@group-591BBB34F33B-FollowerState
2021-03-17 02:10:18,480 [pool-285-thread-1] INFO  util.JmxRegister (JmxRegister.java:tryRegister(44)) - Successfully registered JMX Bean with object name Ratis:service=RaftServer,group=group-591BBB34F33B,id=888dbe71-6008-4ebf-8f97-777673ccf37c
2021-03-17 02:10:18,480 [pool-285-thread-1] INFO  metrics.RatisMetrics (RatisMetrics.java:lambda$create$0(36)) - Creating Metrics Registry : ratis.state_machine.888dbe71-6008-4ebf-8f97-777673ccf37c@group-591BBB34F33B
2021-03-17 02:10:18,480 [Command processor thread] INFO  commandhandler.CreatePipelineCommandHandler (CreatePipelineCommandHandler.java:handle(106)) - Created Pipeline RATIS ONE PipelineID=0b5afd2b-c7d0-4abc-b923-591bbb34f33b.
2021-03-17 02:10:18,530 [EventQueue-PipelineReportForOneReplicaPipelineSafeModeRule] INFO  safemode.SCMSafeModeManager (SCMSafeModeManager.java:validateSafeModeExitRules(214)) - AtleastOneDatanodeReportedRule rule is successfully validated
2021-03-17 02:10:18,530 [EventQueue-OpenPipelineForHealthyPipelineSafeModeRule] INFO  safemode.SCMSafeModeManager (HealthyPipelineSafeModeRule.java:process(128)) - SCM in safe mode. Healthy pipelines reported count is 0, required healthy pipeline reported count is 1
2021-03-17 02:10:18,625 [EventQueue-PipelineReportForOneReplicaPipelineSafeModeRule] INFO  safemode.SCMSafeModeManager (SCMSafeModeManager.java:validateSafeModeExitRules(214)) - AtleastOneDatanodeReportedRule rule is successfully validated
2021-03-17 02:10:18,625 [EventQueue-OpenPipelineForHealthyPipelineSafeModeRule] INFO  safemode.SCMSafeModeManager (HealthyPipelineSafeModeRule.java:process(128)) - SCM in safe mode. Healthy pipelines reported count is 0, required healthy pipeline reported count is 1
2021-03-17 02:10:18,644 [Command processor thread] INFO  server.RaftServer (RaftServerProxy.java:addNew(95)) - 13cb06b2-640f-4fce-af7e-e16c133353a1: addNew group-025AD1A9A4D3:[13cb06b2-640f-4fce-af7e-e16c133353a1|rpc:172.17.0.2:35095|priority:1] returns group-025AD1A9A4D3:java.util.concurrent.CompletableFuture@68e1a51c[Not completed]
2021-03-17 02:10:18,644 [Listener at 127.0.0.1/40005] INFO  ozone.MiniOzoneClusterImpl (MiniOzoneClusterImpl.java:lambda$waitForClusterToBeReady$0(187)) - Nodes are ready. Got 7 of 7 DN Heartbeats.
2021-03-17 02:10:18,644 [Listener at 127.0.0.1/40005] INFO  ozone.MiniOzoneClusterImpl (MiniOzoneClusterImpl.java:lambda$waitForClusterToBeReady$0(190)) - Waiting for cluster to exit safe mode
2021-03-17 02:10:18,645 [pool-301-thread-1] INFO  server.RaftServer$Division (RaftServerImpl.java:<init>(180)) - 13cb06b2-640f-4fce-af7e-e16c133353a1: new RaftServerImpl for group-025AD1A9A4D3:[13cb06b2-640f-4fce-af7e-e16c133353a1|rpc:172.17.0.2:35095|priority:1] with ContainerStateMachine:uninitialized
2021-03-17 02:10:18,645 [pool-301-thread-1] INFO  server.RaftServerConfigKeys (ConfUtils.java:logGet(44)) - raft.server.rpc.timeout.min = 5s (custom)
2021-03-17 02:10:18,646 [pool-301-thread-1] INFO  server.RaftServerConfigKeys (ConfUtils.java:logGet(44)) - raft.server.rpc.timeout.max = 5200ms (custom)
2021-03-17 02:10:18,646 [pool-301-thread-1] INFO  server.RaftServerConfigKeys (ConfUtils.java:logGet(44)) - raft.server.rpc.sleep.time = 25ms (default)
2021-03-17 02:10:18,646 [pool-301-thread-1] INFO  server.RaftServerConfigKeys (ConfUtils.java:logGet(44)) - raft.server.rpc.slowness.timeout = 300000ms (custom)
2021-03-17 02:10:18,646 [pool-301-thread-1] INFO  server.RaftServerConfigKeys (ConfUtils.java:logGet(44)) - raft.server.leaderelection.leader.step-down.wait-time = 10s (default)
2021-03-17 02:10:18,646 [pool-301-thread-1] INFO  server.RaftServerConfigKeys (ConfUtils.java:logGet(44)) - raft.server.sleep.deviation.threshold = 300ms (default)
2021-03-17 02:10:18,646 [pool-301-thread-1] INFO  server.RaftServerConfigKeys (ConfUtils.java:logGet(44)) - raft.server.log.appender.install.snapshot.enabled = false (custom)
2021-03-17 02:10:18,646 [pool-301-thread-1] INFO  server.RaftServer$Division (ServerState.java:<init>(105)) - 13cb06b2-640f-4fce-af7e-e16c133353a1@group-025AD1A9A4D3: ConfigurationManager, init=-1: [13cb06b2-640f-4fce-af7e-e16c133353a1|rpc:172.17.0.2:35095|priority:1], old=null, confs=<EMPTY_MAP>
2021-03-17 02:10:18,646 [pool-301-thread-1] INFO  server.RaftServerConfigKeys (ConfUtils.java:logGet(44)) - raft.server.storage.dir = [/github/workspace/mnt/ozone/hadoop-ozone/integration-test/target/test-dir/MiniOzoneClusterImpl-5543d78b-3109-4325-8e4d-d24bfba87b26/datanode-6/data/ratis] (custom)
2021-03-17 02:10:18,646 [pool-301-thread-1] INFO  server.RaftServerConfigKeys (ConfUtils.java:logGet(44)) - raft.server.log.corruption.policy = EXCEPTION (default)
2021-03-17 02:10:18,646 [pool-301-thread-1] INFO  storage.RaftStorageDirectory (RaftStorageDirectoryImpl.java:analyzeStorage(132)) - The storage directory /github/workspace/mnt/ozone/hadoop-ozone/integration-test/target/test-dir/MiniOzoneClusterImpl-5543d78b-3109-4325-8e4d-d24bfba87b26/datanode-6/data/ratis/55f7e9b5-0534-4489-a221-025ad1a9a4d3 does not exist. Creating ...
2021-03-17 02:10:18,647 [pool-301-thread-1] INFO  storage.RaftStorageDirectory (RaftStorageDirectoryImpl.java:tryLock(215)) - Lock on /github/workspace/mnt/ozone/hadoop-ozone/integration-test/target/test-dir/MiniOzoneClusterImpl-5543d78b-3109-4325-8e4d-d24bfba87b26/datanode-6/data/ratis/55f7e9b5-0534-4489-a221-025ad1a9a4d3/in_use.lock acquired by nodename 11586@70ca58e12b9b
2021-03-17 02:10:18,650 [pool-301-thread-1] INFO  storage.RaftStorage (RaftStorageImpl.java:format(87)) - Storage directory /github/workspace/mnt/ozone/hadoop-ozone/integration-test/target/test-dir/MiniOzoneClusterImpl-5543d78b-3109-4325-8e4d-d24bfba87b26/datanode-6/data/ratis/55f7e9b5-0534-4489-a221-025ad1a9a4d3 has been successfully formatted.
2021-03-17 02:10:18,650 [pool-301-thread-1] INFO  ratis.ContainerStateMachine (ContainerStateMachine.java:loadSnapshot(223)) - group-025AD1A9A4D3: The snapshot info is null. Setting the last applied indexto:(t:0, i:~)
2021-03-17 02:10:18,650 [pool-301-thread-1] ERROR storage.RaftStorage (RaftStorageImpl.java:readRaftConfiguration(147)) - Failed reading configuration from file:/github/workspace/mnt/ozone/hadoop-ozone/integration-test/target/test-dir/MiniOzoneClusterImpl-5543d78b-3109-4325-8e4d-d24bfba87b26/datanode-6/data/ratis/55f7e9b5-0534-4489-a221-025ad1a9a4d3/current/raft-meta.conf
java.io.FileNotFoundException: /github/workspace/mnt/ozone/hadoop-ozone/integration-test/target/test-dir/MiniOzoneClusterImpl-5543d78b-3109-4325-8e4d-d24bfba87b26/datanode-6/data/ratis/55f7e9b5-0534-4489-a221-025ad1a9a4d3/current/raft-meta.conf (No such file or directory)
	at java.io.FileInputStream.open0(Native Method)
	at java.io.FileInputStream.open(FileInputStream.java:195)
	at java.io.FileInputStream.<init>(FileInputStream.java:138)
	at org.apache.ratis.server.storage.RaftStorageImpl.readRaftConfiguration(RaftStorageImpl.java:143)
	at org.apache.ratis.server.impl.ServerState.<init>(ServerState.java:122)
	at org.apache.ratis.server.impl.RaftServerImpl.<init>(RaftServerImpl.java:193)
	at org.apache.ratis.server.impl.RaftServerProxy.lambda$newRaftServerImpl$4(RaftServerProxy.java:266)
	at java.util.concurrent.CompletableFuture$AsyncSupply.run(CompletableFuture.java:1604)
	at java.util.concurrent.ThreadPoolExecutor.runWorker(ThreadPoolExecutor.java:1149)
	at java.util.concurrent.ThreadPoolExecutor$Worker.run(ThreadPoolExecutor.java:624)
	at java.lang.Thread.run(Thread.java:748)
2021-03-17 02:10:18,650 [pool-301-thread-1] INFO  server.RaftServerConfigKeys (ConfUtils.java:logGet(44)) - raft.server.notification.no-leader.timeout = 300000ms (custom)
2021-03-17 02:10:18,650 [pool-301-thread-1] INFO  server.RaftServerConfigKeys (ConfUtils.java:logGet(44)) - raft.server.log.use.memory = false (default)
2021-03-17 02:10:18,650 [pool-301-thread-1] INFO  server.RaftServerConfigKeys (ConfUtils.java:logGet(44)) - raft.server.log.purge.gap = 1000000 (custom)
2021-03-17 02:10:18,650 [pool-301-thread-1] INFO  server.RaftServerConfigKeys (ConfUtils.java:logGet(44)) - raft.server.log.appender.buffer.byte-limit = 33554432 (custom)
2021-03-17 02:10:18,651 [EventQueue-PipelineReportForOneReplicaPipelineSafeModeRule] INFO  safemode.SCMSafeModeManager (SCMSafeModeManager.java:validateSafeModeExitRules(214)) - AtleastOneDatanodeReportedRule rule is successfully validated
2021-03-17 02:10:18,651 [pool-301-thread-1] INFO  metrics.RatisMetrics (RatisMetrics.java:lambda$create$0(36)) - Creating Metrics Registry : ratis.log_worker.13cb06b2-640f-4fce-af7e-e16c133353a1@group-025AD1A9A4D3
2021-03-17 02:10:18,651 [EventQueue-PipelineReportForPipelineReportHandler] INFO  pipeline.PipelineStateManager (PipelineStateManager.java:openPipeline(132)) - Pipeline Pipeline[ Id: 55f7e9b5-0534-4489-a221-025ad1a9a4d3, Nodes: 13cb06b2-640f-4fce-af7e-e16c133353a1{ip: 172.17.0.2, host: 70ca58e12b9b, ports: [REPLICATION=37737, RATIS=35095, RATIS_ADMIN=35095, RATIS_SERVER=35095, STANDALONE=41763], networkLocation: /default-rack, certSerialId: null, persistedOpState: IN_SERVICE, persistedOpStateExpiryEpochSec: 0}, Type:RATIS, Factor:ONE, State:ALLOCATED, leaderId:13cb06b2-640f-4fce-af7e-e16c133353a1, CreationTimestamp2021-03-17T02:10:15.646Z] moved to OPEN state
2021-03-17 02:10:18,651 [pool-301-thread-1] INFO  server.RaftServerConfigKeys (ConfUtils.java:logGet(44)) - raft.server.log.segment.size.max = 1048576 (custom)
2021-03-17 02:10:18,651 [EventQueue-OpenPipelineForHealthyPipelineSafeModeRule] INFO  safemode.SCMSafeModeManager (HealthyPipelineSafeModeRule.java:process(128)) - SCM in safe mode. Healthy pipelines reported count is 0, required healthy pipeline reported count is 1
2021-03-17 02:10:18,651 [pool-301-thread-1] INFO  server.RaftServerConfigKeys (ConfUtils.java:logGet(44)) - raft.server.log.segment.cache.num.max = 2 (custom)
2021-03-17 02:10:18,651 [pool-301-thread-1] INFO  server.RaftServerConfigKeys (ConfUtils.java:logGet(44)) - raft.server.log.segment.cache.size.max = 200MB (=209715200) (default)
2021-03-17 02:10:18,651 [pool-301-thread-1] INFO  segmented.SegmentedRaftLogWorker (SegmentedRaftLogWorker.java:<init>(181)) - new 13cb06b2-640f-4fce-af7e-e16c133353a1@group-025AD1A9A4D3-SegmentedRaftLogWorker for RaftStorageImpl:Storage Directory /github/workspace/mnt/ozone/hadoop-ozone/integration-test/target/test-dir/MiniOzoneClusterImpl-5543d78b-3109-4325-8e4d-d24bfba87b26/datanode-6/data/ratis/55f7e9b5-0534-4489-a221-025ad1a9a4d3
2021-03-17 02:10:18,651 [pool-301-thread-1] INFO  server.RaftServerConfigKeys (ConfUtils.java:logGet(44)) - raft.server.log.queue.byte-limit = 2147483647 (custom)
2021-03-17 02:10:18,651 [pool-301-thread-1] INFO  server.RaftServerConfigKeys (ConfUtils.java:logGet(44)) - raft.server.log.queue.element-limit = 1024 (custom)
2021-03-17 02:10:18,651 [pool-301-thread-1] INFO  server.RaftServerConfigKeys (ConfUtils.java:logGet(44)) - raft.server.log.segment.size.max = 1048576 (custom)
2021-03-17 02:10:18,651 [pool-301-thread-1] INFO  server.RaftServerConfigKeys (ConfUtils.java:logGet(44)) - raft.server.log.preallocated.size = 16384 (custom)
2021-03-17 02:10:18,651 [pool-301-thread-1] INFO  server.RaftServerConfigKeys (ConfUtils.java:logGet(44)) - raft.server.log.force.sync.num = 128 (default)
2021-03-17 02:10:18,651 [pool-301-thread-1] INFO  server.RaftServerConfigKeys (ConfUtils.java:logGet(44)) - raft.server.log.statemachine.data.sync = true (default)
2021-03-17 02:10:18,651 [pool-301-thread-1] INFO  server.RaftServerConfigKeys (ConfUtils.java:logGet(44)) - raft.server.log.statemachine.data.sync.timeout = 10s (default)
2021-03-17 02:10:18,652 [pool-301-thread-1] INFO  server.RaftServerConfigKeys (ConfUtils.java:logGet(44)) - raft.server.log.statemachine.data.sync.timeout.retry = -1 (default)
2021-03-17 02:10:18,652 [pool-301-thread-1] INFO  server.RaftServerConfigKeys (ConfUtils.java:logGet(44)) - raft.server.log.write.buffer.size = 1048576 (custom)
2021-03-17 02:10:18,653 [pool-301-thread-1] INFO  server.RaftServerConfigKeys (ConfUtils.java:logGet(44)) - raft.server.log.statemachine.data.caching.enabled = true (custom)
2021-03-17 02:10:18,653 [pool-301-thread-1] INFO  segmented.SegmentedRaftLogWorker (SegmentedRaftLogWorker.java:lambda$new$0(132)) - 13cb06b2-640f-4fce-af7e-e16c133353a1@group-025AD1A9A4D3-SegmentedRaftLogWorker: flushIndex: setUnconditionally 0 -> -1
2021-03-17 02:10:18,653 [pool-301-thread-1] INFO  segmented.SegmentedRaftLogWorker (SegmentedRaftLogWorker.java:lambda$new$0(132)) - 13cb06b2-640f-4fce-af7e-e16c133353a1@group-025AD1A9A4D3-SegmentedRaftLogWorker: safeCacheEvictIndex: setUnconditionally 0 -> -1
2021-03-17 02:10:18,653 [pool-301-thread-1] INFO  server.RaftServerConfigKeys (ConfUtils.java:logGet(44)) - raft.server.snapshot.auto.trigger.enabled = true (custom)
2021-03-17 02:10:18,653 [pool-301-thread-1] INFO  server.RaftServerConfigKeys (ConfUtils.java:logGet(44)) - raft.server.snapshot.auto.trigger.threshold = 10000 (custom)
2021-03-17 02:10:18,653 [pool-301-thread-1] INFO  server.RaftServerConfigKeys (ConfUtils.java:logGet(44)) - raft.server.snapshot.retention.file.num = 5 (custom)
2021-03-17 02:10:18,653 [pool-301-thread-1] INFO  server.RaftServerConfigKeys (ConfUtils.java:logGet(44)) - raft.server.log.purge.upto.snapshot.index = false (default)
2021-03-17 02:10:18,653 [pool-301-thread-1] INFO  server.RaftServerConfigKeys (ConfUtils.java:logGet(44)) - raft.server.retrycache.expirytime = 600000ms (custom)
2021-03-17 02:10:18,653 [pool-301-thread-1] INFO  server.RaftServerConfigKeys (ConfUtils.java:logGet(44)) - raft.server.retrycache.statistics.expirytime = 100?s (default)
2021-03-17 02:10:18,654 [pool-301-thread-1] INFO  metrics.RatisMetrics (RatisMetrics.java:lambda$create$0(36)) - Creating Metrics Registry : ratis.leader_election.13cb06b2-640f-4fce-af7e-e16c133353a1@group-025AD1A9A4D3
2021-03-17 02:10:18,654 [pool-301-thread-1] INFO  metrics.RatisMetrics (RatisMetrics.java:lambda$create$0(36)) - Creating Metrics Registry : ratis.server.13cb06b2-640f-4fce-af7e-e16c133353a1@group-025AD1A9A4D3
2021-03-17 02:10:18,655 [pool-301-thread-1] INFO  server.RaftServer$Division (RaftServerImpl.java:start(295)) - 13cb06b2-640f-4fce-af7e-e16c133353a1@group-025AD1A9A4D3: start as a follower, conf=-1: [13cb06b2-640f-4fce-af7e-e16c133353a1|rpc:172.17.0.2:35095|priority:1], old=null
2021-03-17 02:10:18,655 [pool-301-thread-1] INFO  server.RaftServer$Division (RaftServerImpl.java:setRole(284)) - 13cb06b2-640f-4fce-af7e-e16c133353a1@group-025AD1A9A4D3: changes role from      null to FOLLOWER at term 0 for startAsFollower
2021-03-17 02:10:18,655 [pool-301-thread-1] INFO  impl.RoleInfo (RoleInfo.java:updateAndGet(130)) - 13cb06b2-640f-4fce-af7e-e16c133353a1: start 13cb06b2-640f-4fce-af7e-e16c133353a1@group-025AD1A9A4D3-FollowerState
2021-03-17 02:10:18,658 [pool-301-thread-1] INFO  util.JmxRegister (JmxRegister.java:tryRegister(44)) - Successfully registered JMX Bean with object name Ratis:service=RaftServer,group=group-025AD1A9A4D3,id=13cb06b2-640f-4fce-af7e-e16c133353a1
2021-03-17 02:10:18,658 [pool-301-thread-1] INFO  metrics.RatisMetrics (RatisMetrics.java:lambda$create$0(36)) - Creating Metrics Registry : ratis.state_machine.13cb06b2-640f-4fce-af7e-e16c133353a1@group-025AD1A9A4D3
2021-03-17 02:10:18,659 [Command processor thread] INFO  commandhandler.CreatePipelineCommandHandler (CreatePipelineCommandHandler.java:handle(106)) - Created Pipeline RATIS ONE PipelineID=55f7e9b5-0534-4489-a221-025ad1a9a4d3.
2021-03-17 02:10:18,829 [EventQueue-PipelineReportForOneReplicaPipelineSafeModeRule] INFO  safemode.SCMSafeModeManager (SCMSafeModeManager.java:validateSafeModeExitRules(214)) - AtleastOneDatanodeReportedRule rule is successfully validated
2021-03-17 02:10:18,829 [EventQueue-OpenPipelineForHealthyPipelineSafeModeRule] INFO  safemode.SCMSafeModeManager (HealthyPipelineSafeModeRule.java:process(128)) - SCM in safe mode. Healthy pipelines reported count is 0, required healthy pipeline reported count is 1
2021-03-17 02:10:19,190 [EventQueue-PipelineReportForOneReplicaPipelineSafeModeRule] INFO  safemode.SCMSafeModeManager (SCMSafeModeManager.java:validateSafeModeExitRules(214)) - AtleastOneDatanodeReportedRule rule is successfully validated
2021-03-17 02:10:19,190 [EventQueue-OpenPipelineForHealthyPipelineSafeModeRule] INFO  safemode.SCMSafeModeManager (HealthyPipelineSafeModeRule.java:process(128)) - SCM in safe mode. Healthy pipelines reported count is 0, required healthy pipeline reported count is 1
2021-03-17 02:10:19,291 [EventQueue-PipelineReportForOneReplicaPipelineSafeModeRule] INFO  safemode.SCMSafeModeManager (SCMSafeModeManager.java:validateSafeModeExitRules(214)) - AtleastOneDatanodeReportedRule rule is successfully validated
2021-03-17 02:10:19,292 [EventQueue-OpenPipelineForHealthyPipelineSafeModeRule] INFO  safemode.SCMSafeModeManager (HealthyPipelineSafeModeRule.java:process(128)) - SCM in safe mode. Healthy pipelines reported count is 0, required healthy pipeline reported count is 1
2021-03-17 02:10:19,467 [EventQueue-OpenPipelineForHealthyPipelineSafeModeRule] INFO  safemode.SCMSafeModeManager (HealthyPipelineSafeModeRule.java:process(128)) - SCM in safe mode. Healthy pipelines reported count is 0, required healthy pipeline reported count is 1
2021-03-17 02:10:19,467 [EventQueue-PipelineReportForOneReplicaPipelineSafeModeRule] INFO  safemode.SCMSafeModeManager (SCMSafeModeManager.java:validateSafeModeExitRules(214)) - AtleastOneDatanodeReportedRule rule is successfully validated
2021-03-17 02:10:19,531 [EventQueue-PipelineReportForOneReplicaPipelineSafeModeRule] INFO  safemode.SCMSafeModeManager (SCMSafeModeManager.java:validateSafeModeExitRules(214)) - AtleastOneDatanodeReportedRule rule is successfully validated
2021-03-17 02:10:19,531 [EventQueue-OpenPipelineForHealthyPipelineSafeModeRule] INFO  safemode.SCMSafeModeManager (HealthyPipelineSafeModeRule.java:process(128)) - SCM in safe mode. Healthy pipelines reported count is 0, required healthy pipeline reported count is 1
2021-03-17 02:10:19,624 [EventQueue-PipelineReportForOneReplicaPipelineSafeModeRule] INFO  safemode.SCMSafeModeManager (SCMSafeModeManager.java:validateSafeModeExitRules(214)) - AtleastOneDatanodeReportedRule rule is successfully validated
2021-03-17 02:10:19,624 [EventQueue-OpenPipelineForHealthyPipelineSafeModeRule] INFO  safemode.SCMSafeModeManager (HealthyPipelineSafeModeRule.java:process(128)) - SCM in safe mode. Healthy pipelines reported count is 0, required healthy pipeline reported count is 1
2021-03-17 02:10:19,645 [Listener at 127.0.0.1/40005] INFO  ozone.MiniOzoneClusterImpl (MiniOzoneClusterImpl.java:lambda$waitForClusterToBeReady$0(187)) - Nodes are ready. Got 7 of 7 DN Heartbeats.
2021-03-17 02:10:19,645 [Listener at 127.0.0.1/40005] INFO  ozone.MiniOzoneClusterImpl (MiniOzoneClusterImpl.java:lambda$waitForClusterToBeReady$0(190)) - Waiting for cluster to exit safe mode
2021-03-17 02:10:19,651 [EventQueue-PipelineReportForOneReplicaPipelineSafeModeRule] INFO  safemode.SCMSafeModeManager (SCMSafeModeManager.java:validateSafeModeExitRules(214)) - AtleastOneDatanodeReportedRule rule is successfully validated
2021-03-17 02:10:19,652 [EventQueue-OpenPipelineForHealthyPipelineSafeModeRule] INFO  safemode.SCMSafeModeManager (HealthyPipelineSafeModeRule.java:process(128)) - SCM in safe mode. Healthy pipelines reported count is 0, required healthy pipeline reported count is 1
2021-03-17 02:10:19,829 [EventQueue-PipelineReportForOneReplicaPipelineSafeModeRule] INFO  safemode.SCMSafeModeManager (SCMSafeModeManager.java:validateSafeModeExitRules(214)) - AtleastOneDatanodeReportedRule rule is successfully validated
2021-03-17 02:10:19,829 [EventQueue-OpenPipelineForHealthyPipelineSafeModeRule] INFO  safemode.SCMSafeModeManager (HealthyPipelineSafeModeRule.java:process(128)) - SCM in safe mode. Healthy pipelines reported count is 0, required healthy pipeline reported count is 1
2021-03-17 02:10:20,194 [EventQueue-PipelineReportForOneReplicaPipelineSafeModeRule] INFO  safemode.SCMSafeModeManager (SCMSafeModeManager.java:validateSafeModeExitRules(214)) - AtleastOneDatanodeReportedRule rule is successfully validated
2021-03-17 02:10:20,194 [EventQueue-OpenPipelineForHealthyPipelineSafeModeRule] INFO  safemode.SCMSafeModeManager (HealthyPipelineSafeModeRule.java:process(128)) - SCM in safe mode. Healthy pipelines reported count is 0, required healthy pipeline reported count is 1
2021-03-17 02:10:20,292 [EventQueue-PipelineReportForOneReplicaPipelineSafeModeRule] INFO  safemode.SCMSafeModeManager (SCMSafeModeManager.java:validateSafeModeExitRules(214)) - AtleastOneDatanodeReportedRule rule is successfully validated
2021-03-17 02:10:20,292 [EventQueue-OpenPipelineForHealthyPipelineSafeModeRule] INFO  safemode.SCMSafeModeManager (HealthyPipelineSafeModeRule.java:process(128)) - SCM in safe mode. Healthy pipelines reported count is 0, required healthy pipeline reported count is 1
2021-03-17 02:10:20,468 [EventQueue-PipelineReportForOneReplicaPipelineSafeModeRule] INFO  safemode.SCMSafeModeManager (SCMSafeModeManager.java:validateSafeModeExitRules(214)) - AtleastOneDatanodeReportedRule rule is successfully validated
2021-03-17 02:10:20,468 [EventQueue-OpenPipelineForHealthyPipelineSafeModeRule] INFO  safemode.SCMSafeModeManager (HealthyPipelineSafeModeRule.java:process(128)) - SCM in safe mode. Healthy pipelines reported count is 0, required healthy pipeline reported count is 1
2021-03-17 02:10:20,531 [EventQueue-PipelineReportForOneReplicaPipelineSafeModeRule] INFO  safemode.SCMSafeModeManager (SCMSafeModeManager.java:validateSafeModeExitRules(214)) - AtleastOneDatanodeReportedRule rule is successfully validated
2021-03-17 02:10:20,531 [EventQueue-OpenPipelineForHealthyPipelineSafeModeRule] INFO  safemode.SCMSafeModeManager (HealthyPipelineSafeModeRule.java:process(128)) - SCM in safe mode. Healthy pipelines reported count is 0, required healthy pipeline reported count is 1
2021-03-17 02:10:20,625 [EventQueue-OpenPipelineForHealthyPipelineSafeModeRule] INFO  safemode.SCMSafeModeManager (HealthyPipelineSafeModeRule.java:process(128)) - SCM in safe mode. Healthy pipelines reported count is 0, required healthy pipeline reported count is 1
2021-03-17 02:10:20,625 [EventQueue-PipelineReportForOneReplicaPipelineSafeModeRule] INFO  safemode.SCMSafeModeManager (SCMSafeModeManager.java:validateSafeModeExitRules(214)) - AtleastOneDatanodeReportedRule rule is successfully validated
2021-03-17 02:10:20,645 [Listener at 127.0.0.1/40005] INFO  ozone.MiniOzoneClusterImpl (MiniOzoneClusterImpl.java:lambda$waitForClusterToBeReady$0(187)) - Nodes are ready. Got 7 of 7 DN Heartbeats.
2021-03-17 02:10:20,645 [Listener at 127.0.0.1/40005] INFO  ozone.MiniOzoneClusterImpl (MiniOzoneClusterImpl.java:lambda$waitForClusterToBeReady$0(190)) - Waiting for cluster to exit safe mode
2021-03-17 02:10:20,651 [EventQueue-PipelineReportForOneReplicaPipelineSafeModeRule] INFO  safemode.SCMSafeModeManager (SCMSafeModeManager.java:validateSafeModeExitRules(214)) - AtleastOneDatanodeReportedRule rule is successfully validated
2021-03-17 02:10:20,652 [EventQueue-OpenPipelineForHealthyPipelineSafeModeRule] INFO  safemode.SCMSafeModeManager (HealthyPipelineSafeModeRule.java:process(128)) - SCM in safe mode. Healthy pipelines reported count is 0, required healthy pipeline reported count is 1
2021-03-17 02:10:20,828 [EventQueue-OpenPipelineForHealthyPipelineSafeModeRule] INFO  safemode.SCMSafeModeManager (HealthyPipelineSafeModeRule.java:process(128)) - SCM in safe mode. Healthy pipelines reported count is 0, required healthy pipeline reported count is 1
2021-03-17 02:10:20,830 [EventQueue-PipelineReportForOneReplicaPipelineSafeModeRule] INFO  safemode.SCMSafeModeManager (SCMSafeModeManager.java:validateSafeModeExitRules(214)) - AtleastOneDatanodeReportedRule rule is successfully validated
2021-03-17 02:10:21,191 [EventQueue-OpenPipelineForHealthyPipelineSafeModeRule] INFO  safemode.SCMSafeModeManager (HealthyPipelineSafeModeRule.java:process(128)) - SCM in safe mode. Healthy pipelines reported count is 0, required healthy pipeline reported count is 1
2021-03-17 02:10:21,191 [EventQueue-PipelineReportForOneReplicaPipelineSafeModeRule] INFO  safemode.SCMSafeModeManager (SCMSafeModeManager.java:validateSafeModeExitRules(214)) - AtleastOneDatanodeReportedRule rule is successfully validated
2021-03-17 02:10:21,291 [EventQueue-PipelineReportForOneReplicaPipelineSafeModeRule] INFO  safemode.SCMSafeModeManager (SCMSafeModeManager.java:validateSafeModeExitRules(214)) - AtleastOneDatanodeReportedRule rule is successfully validated
2021-03-17 02:10:21,292 [EventQueue-OpenPipelineForHealthyPipelineSafeModeRule] INFO  safemode.SCMSafeModeManager (HealthyPipelineSafeModeRule.java:process(128)) - SCM in safe mode. Healthy pipelines reported count is 0, required healthy pipeline reported count is 1
2021-03-17 02:10:21,468 [EventQueue-PipelineReportForOneReplicaPipelineSafeModeRule] INFO  safemode.SCMSafeModeManager (SCMSafeModeManager.java:validateSafeModeExitRules(214)) - AtleastOneDatanodeReportedRule rule is successfully validated
2021-03-17 02:10:21,468 [EventQueue-OpenPipelineForHealthyPipelineSafeModeRule] INFO  safemode.SCMSafeModeManager (HealthyPipelineSafeModeRule.java:process(128)) - SCM in safe mode. Healthy pipelines reported count is 0, required healthy pipeline reported count is 1
2021-03-17 02:10:21,530 [EventQueue-OpenPipelineForHealthyPipelineSafeModeRule] INFO  safemode.SCMSafeModeManager (HealthyPipelineSafeModeRule.java:process(128)) - SCM in safe mode. Healthy pipelines reported count is 0, required healthy pipeline reported count is 1
2021-03-17 02:10:21,531 [EventQueue-PipelineReportForOneReplicaPipelineSafeModeRule] INFO  safemode.SCMSafeModeManager (SCMSafeModeManager.java:validateSafeModeExitRules(214)) - AtleastOneDatanodeReportedRule rule is successfully validated
2021-03-17 02:10:21,626 [EventQueue-OpenPipelineForHealthyPipelineSafeModeRule] INFO  safemode.SCMSafeModeManager (HealthyPipelineSafeModeRule.java:process(128)) - SCM in safe mode. Healthy pipelines reported count is 0, required healthy pipeline reported count is 1
2021-03-17 02:10:21,626 [EventQueue-PipelineReportForOneReplicaPipelineSafeModeRule] INFO  safemode.SCMSafeModeManager (SCMSafeModeManager.java:validateSafeModeExitRules(214)) - AtleastOneDatanodeReportedRule rule is successfully validated
2021-03-17 02:10:21,645 [Listener at 127.0.0.1/40005] INFO  ozone.MiniOzoneClusterImpl (MiniOzoneClusterImpl.java:lambda$waitForClusterToBeReady$0(187)) - Nodes are ready. Got 7 of 7 DN Heartbeats.
2021-03-17 02:10:21,646 [Listener at 127.0.0.1/40005] INFO  ozone.MiniOzoneClusterImpl (MiniOzoneClusterImpl.java:lambda$waitForClusterToBeReady$0(190)) - Waiting for cluster to exit safe mode
2021-03-17 02:10:21,651 [EventQueue-OpenPipelineForHealthyPipelineSafeModeRule] INFO  safemode.SCMSafeModeManager (HealthyPipelineSafeModeRule.java:process(128)) - SCM in safe mode. Healthy pipelines reported count is 0, required healthy pipeline reported count is 1
2021-03-17 02:10:21,652 [EventQueue-PipelineReportForOneReplicaPipelineSafeModeRule] INFO  safemode.SCMSafeModeManager (SCMSafeModeManager.java:validateSafeModeExitRules(214)) - AtleastOneDatanodeReportedRule rule is successfully validated
2021-03-17 02:10:21,828 [EventQueue-PipelineReportForOneReplicaPipelineSafeModeRule] INFO  safemode.SCMSafeModeManager (SCMSafeModeManager.java:validateSafeModeExitRules(214)) - AtleastOneDatanodeReportedRule rule is successfully validated
2021-03-17 02:10:21,828 [EventQueue-OpenPipelineForHealthyPipelineSafeModeRule] INFO  safemode.SCMSafeModeManager (HealthyPipelineSafeModeRule.java:process(128)) - SCM in safe mode. Healthy pipelines reported count is 0, required healthy pipeline reported count is 1
2021-03-17 02:10:22,190 [EventQueue-OpenPipelineForHealthyPipelineSafeModeRule] INFO  safemode.SCMSafeModeManager (HealthyPipelineSafeModeRule.java:process(128)) - SCM in safe mode. Healthy pipelines reported count is 0, required healthy pipeline reported count is 1
2021-03-17 02:10:22,191 [EventQueue-PipelineReportForOneReplicaPipelineSafeModeRule] INFO  safemode.SCMSafeModeManager (SCMSafeModeManager.java:validateSafeModeExitRules(214)) - AtleastOneDatanodeReportedRule rule is successfully validated
2021-03-17 02:10:22,291 [EventQueue-OpenPipelineForHealthyPipelineSafeModeRule] INFO  safemode.SCMSafeModeManager (HealthyPipelineSafeModeRule.java:process(128)) - SCM in safe mode. Healthy pipelines reported count is 0, required healthy pipeline reported count is 1
2021-03-17 02:10:22,291 [EventQueue-PipelineReportForOneReplicaPipelineSafeModeRule] INFO  safemode.SCMSafeModeManager (SCMSafeModeManager.java:validateSafeModeExitRules(214)) - AtleastOneDatanodeReportedRule rule is successfully validated
2021-03-17 02:10:22,468 [EventQueue-PipelineReportForOneReplicaPipelineSafeModeRule] INFO  safemode.SCMSafeModeManager (SCMSafeModeManager.java:validateSafeModeExitRules(214)) - AtleastOneDatanodeReportedRule rule is successfully validated
2021-03-17 02:10:22,468 [EventQueue-OpenPipelineForHealthyPipelineSafeModeRule] INFO  safemode.SCMSafeModeManager (HealthyPipelineSafeModeRule.java:process(128)) - SCM in safe mode. Healthy pipelines reported count is 0, required healthy pipeline reported count is 1
2021-03-17 02:10:22,531 [EventQueue-PipelineReportForOneReplicaPipelineSafeModeRule] INFO  safemode.SCMSafeModeManager (SCMSafeModeManager.java:validateSafeModeExitRules(214)) - AtleastOneDatanodeReportedRule rule is successfully validated
2021-03-17 02:10:22,531 [EventQueue-OpenPipelineForHealthyPipelineSafeModeRule] INFO  safemode.SCMSafeModeManager (HealthyPipelineSafeModeRule.java:process(128)) - SCM in safe mode. Healthy pipelines reported count is 0, required healthy pipeline reported count is 1
2021-03-17 02:10:22,626 [EventQueue-PipelineReportForOneReplicaPipelineSafeModeRule] INFO  safemode.SCMSafeModeManager (SCMSafeModeManager.java:validateSafeModeExitRules(214)) - AtleastOneDatanodeReportedRule rule is successfully validated
2021-03-17 02:10:22,627 [EventQueue-OpenPipelineForHealthyPipelineSafeModeRule] INFO  safemode.SCMSafeModeManager (HealthyPipelineSafeModeRule.java:process(128)) - SCM in safe mode. Healthy pipelines reported count is 0, required healthy pipeline reported count is 1
2021-03-17 02:10:22,628 [Thread-844] INFO  impl.FollowerState (FollowerState.java:run(133)) - a3b22ff5-07c5-4717-894b-669982ee3e54@group-0D254D493D02-FollowerState: change to CANDIDATE, lastRpcElapsedTime:5136117462ns, electionTimeout:5135ms
2021-03-17 02:10:22,628 [Thread-844] INFO  impl.RoleInfo (RoleInfo.java:shutdownFollowerState(108)) - a3b22ff5-07c5-4717-894b-669982ee3e54: shutdown a3b22ff5-07c5-4717-894b-669982ee3e54@group-0D254D493D02-FollowerState
2021-03-17 02:10:22,628 [Thread-844] INFO  server.RaftServer$Division (RaftServerImpl.java:setRole(284)) - a3b22ff5-07c5-4717-894b-669982ee3e54@group-0D254D493D02: changes role from  FOLLOWER to CANDIDATE at term 0 for changeToCandidate
2021-03-17 02:10:22,629 [Thread-852] INFO  impl.FollowerState (FollowerState.java:run(133)) - a3b22ff5-07c5-4717-894b-669982ee3e54@group-FAE0631FEBCD-FollowerState: change to CANDIDATE, lastRpcElapsedTime:5071125171ns, electionTimeout:5069ms
2021-03-17 02:10:22,629 [Thread-844] INFO  server.RaftServerConfigKeys (ConfUtils.java:logGet(44)) - raft.server.leaderelection.pre-vote = false (custom)
2021-03-17 02:10:22,630 [Thread-844] INFO  impl.RoleInfo (RoleInfo.java:updateAndGet(130)) - a3b22ff5-07c5-4717-894b-669982ee3e54: start a3b22ff5-07c5-4717-894b-669982ee3e54@group-0D254D493D02-LeaderElection30
2021-03-17 02:10:22,630 [Thread-852] INFO  impl.RoleInfo (RoleInfo.java:shutdownFollowerState(108)) - a3b22ff5-07c5-4717-894b-669982ee3e54: shutdown a3b22ff5-07c5-4717-894b-669982ee3e54@group-FAE0631FEBCD-FollowerState
2021-03-17 02:10:22,630 [Thread-852] INFO  server.RaftServer$Division (RaftServerImpl.java:setRole(284)) - a3b22ff5-07c5-4717-894b-669982ee3e54@group-FAE0631FEBCD: changes role from  FOLLOWER to CANDIDATE at term 0 for changeToCandidate
2021-03-17 02:10:22,630 [Thread-852] INFO  server.RaftServerConfigKeys (ConfUtils.java:logGet(44)) - raft.server.leaderelection.pre-vote = false (custom)
2021-03-17 02:10:22,630 [Thread-852] INFO  impl.RoleInfo (RoleInfo.java:updateAndGet(130)) - a3b22ff5-07c5-4717-894b-669982ee3e54: start a3b22ff5-07c5-4717-894b-669982ee3e54@group-FAE0631FEBCD-LeaderElection31
2021-03-17 02:10:22,635 [Thread-840] INFO  impl.FollowerState (FollowerState.java:run(133)) - c22503ba-573b-463b-9e1c-de44cfeb847d@group-76DD814D993B-FollowerState: change to CANDIDATE, lastRpcElapsedTime:5192133140ns, electionTimeout:5184ms
2021-03-17 02:10:22,636 [Thread-840] INFO  impl.RoleInfo (RoleInfo.java:shutdownFollowerState(108)) - c22503ba-573b-463b-9e1c-de44cfeb847d: shutdown c22503ba-573b-463b-9e1c-de44cfeb847d@group-76DD814D993B-FollowerState
2021-03-17 02:10:22,636 [Thread-840] INFO  server.RaftServer$Division (RaftServerImpl.java:setRole(284)) - c22503ba-573b-463b-9e1c-de44cfeb847d@group-76DD814D993B: changes role from  FOLLOWER to CANDIDATE at term 0 for changeToCandidate
2021-03-17 02:10:22,637 [Thread-840] INFO  server.RaftServerConfigKeys (ConfUtils.java:logGet(44)) - raft.server.leaderelection.pre-vote = false (custom)
2021-03-17 02:10:22,637 [Thread-840] INFO  impl.RoleInfo (RoleInfo.java:updateAndGet(130)) - c22503ba-573b-463b-9e1c-de44cfeb847d: start c22503ba-573b-463b-9e1c-de44cfeb847d@group-76DD814D993B-LeaderElection32
2021-03-17 02:10:22,638 [a3b22ff5-07c5-4717-894b-669982ee3e54@group-0D254D493D02-LeaderElection30] INFO  impl.LeaderElection (LeaderElection.java:askForVotes(307)) - a3b22ff5-07c5-4717-894b-669982ee3e54@group-0D254D493D02-LeaderElection30 ELECTION round 0: submit vote requests at term 1 for -1: [c22503ba-573b-463b-9e1c-de44cfeb847d|rpc:172.17.0.2:34901|dataStream:|priority:1, a3b22ff5-07c5-4717-894b-669982ee3e54|rpc:172.17.0.2:42689|dataStream:|priority:0, 7be7a3ee-2c60-4daa-92d5-fce366cccc9d|rpc:172.17.0.2:39539|dataStream:|priority:0], old=null
2021-03-17 02:10:22,640 [a3b22ff5-07c5-4717-894b-669982ee3e54@group-FAE0631FEBCD-LeaderElection31] INFO  impl.LeaderElection (LeaderElection.java:askForVotes(307)) - a3b22ff5-07c5-4717-894b-669982ee3e54@group-FAE0631FEBCD-LeaderElection31 ELECTION round 0: submit vote requests at term 1 for -1: [c22503ba-573b-463b-9e1c-de44cfeb847d|rpc:172.17.0.2:34901|dataStream:|priority:0, a3b22ff5-07c5-4717-894b-669982ee3e54|rpc:172.17.0.2:42689|dataStream:|priority:0, 7be7a3ee-2c60-4daa-92d5-fce366cccc9d|rpc:172.17.0.2:39539|dataStream:|priority:1], old=null
2021-03-17 02:10:22,643 [Thread-842] INFO  impl.FollowerState (FollowerState.java:run(133)) - c22503ba-573b-463b-9e1c-de44cfeb847d@group-0D254D493D02-FollowerState: change to CANDIDATE, lastRpcElapsedTime:5182841927ns, electionTimeout:5177ms
2021-03-17 02:10:22,643 [Thread-842] INFO  impl.RoleInfo (RoleInfo.java:shutdownFollowerState(108)) - c22503ba-573b-463b-9e1c-de44cfeb847d: shutdown c22503ba-573b-463b-9e1c-de44cfeb847d@group-0D254D493D02-FollowerState
2021-03-17 02:10:22,643 [Thread-842] INFO  server.RaftServer$Division (RaftServerImpl.java:setRole(284)) - c22503ba-573b-463b-9e1c-de44cfeb847d@group-0D254D493D02: changes role from  FOLLOWER to CANDIDATE at term 0 for changeToCandidate
2021-03-17 02:10:22,643 [c22503ba-573b-463b-9e1c-de44cfeb847d@group-76DD814D993B-LeaderElection32] INFO  impl.LeaderElection (LeaderElection.java:askForVotes(307)) - c22503ba-573b-463b-9e1c-de44cfeb847d@group-76DD814D993B-LeaderElection32 ELECTION round 0: submit vote requests at term 1 for -1: [c22503ba-573b-463b-9e1c-de44cfeb847d|rpc:172.17.0.2:34901|priority:1], old=null
2021-03-17 02:10:22,644 [c22503ba-573b-463b-9e1c-de44cfeb847d@group-76DD814D993B-LeaderElection32] INFO  impl.LeaderElection (LeaderElection.java:askForVotes(309)) - c22503ba-573b-463b-9e1c-de44cfeb847d@group-76DD814D993B-LeaderElection32 ELECTION round 0: result PASSED (term=1)
2021-03-17 02:10:22,644 [c22503ba-573b-463b-9e1c-de44cfeb847d@group-76DD814D993B-LeaderElection32] INFO  impl.RoleInfo (RoleInfo.java:shutdownLeaderElection(121)) - c22503ba-573b-463b-9e1c-de44cfeb847d: shutdown c22503ba-573b-463b-9e1c-de44cfeb847d@group-76DD814D993B-LeaderElection32
2021-03-17 02:10:22,644 [c22503ba-573b-463b-9e1c-de44cfeb847d@group-76DD814D993B-LeaderElection32] INFO  server.RaftServer$Division (RaftServerImpl.java:setRole(284)) - c22503ba-573b-463b-9e1c-de44cfeb847d@group-76DD814D993B: changes role from CANDIDATE to LEADER at term 1 for changeToLeader
2021-03-17 02:10:22,644 [c22503ba-573b-463b-9e1c-de44cfeb847d@group-76DD814D993B-LeaderElection32] INFO  ratis.XceiverServerRatis (XceiverServerRatis.java:handleLeaderChangedNotification(899)) - Leader change notification received for group: group-76DD814D993B with new leaderId: c22503ba-573b-463b-9e1c-de44cfeb847d
2021-03-17 02:10:22,644 [Thread-842] INFO  server.RaftServerConfigKeys (ConfUtils.java:logGet(44)) - raft.server.leaderelection.pre-vote = false (custom)
2021-03-17 02:10:22,645 [Thread-842] INFO  impl.RoleInfo (RoleInfo.java:updateAndGet(130)) - c22503ba-573b-463b-9e1c-de44cfeb847d: start c22503ba-573b-463b-9e1c-de44cfeb847d@group-0D254D493D02-LeaderElection33
2021-03-17 02:10:22,645 [c22503ba-573b-463b-9e1c-de44cfeb847d@group-76DD814D993B-LeaderElection32] INFO  server.RaftServer$Division (ServerState.java:setLeader(271)) - c22503ba-573b-463b-9e1c-de44cfeb847d@group-76DD814D993B: change Leader from null to c22503ba-573b-463b-9e1c-de44cfeb847d at term 1 for becomeLeader, leader elected after 5208ms
2021-03-17 02:10:22,646 [Listener at 127.0.0.1/40005] INFO  ozone.MiniOzoneClusterImpl (MiniOzoneClusterImpl.java:lambda$waitForClusterToBeReady$0(187)) - Nodes are ready. Got 7 of 7 DN Heartbeats.
2021-03-17 02:10:22,647 [Listener at 127.0.0.1/40005] INFO  ozone.MiniOzoneClusterImpl (MiniOzoneClusterImpl.java:lambda$waitForClusterToBeReady$0(190)) - Waiting for cluster to exit safe mode
2021-03-17 02:10:22,647 [grpc-default-executor-3] INFO  metrics.RatisMetrics (RatisMetrics.java:lambda$create$0(36)) - Creating Metrics Registry : ratis.server_message_metrics.c22503ba-573b-463b-9e1c-de44cfeb847d
2021-03-17 02:10:22,646 [EventQueue-OpenPipelineForHealthyPipelineSafeModeRule] INFO  safemode.SCMSafeModeManager (HealthyPipelineSafeModeRule.java:process(128)) - SCM in safe mode. Healthy pipelines reported count is 0, required healthy pipeline reported count is 1
2021-03-17 02:10:22,646 [EventQueue-PipelineReportForOneReplicaPipelineSafeModeRule] INFO  safemode.SCMSafeModeManager (SCMSafeModeManager.java:validateSafeModeExitRules(214)) - AtleastOneDatanodeReportedRule rule is successfully validated
2021-03-17 02:10:22,647 [grpc-default-executor-1] INFO  server.RaftServer$Division (RaftServerImpl.java:requestVote(1025)) - 7be7a3ee-2c60-4daa-92d5-fce366cccc9d@group-0D254D493D02: receive requestVote(ELECTION, a3b22ff5-07c5-4717-894b-669982ee3e54, group-0D254D493D02, 1, (t:0, i:0))
2021-03-17 02:10:22,648 [grpc-default-executor-1] INFO  impl.VoteContext (VoteContext.java:log(48)) - 7be7a3ee-2c60-4daa-92d5-fce366cccc9d@group-0D254D493D02-FOLLOWER: accept ELECTION from a3b22ff5-07c5-4717-894b-669982ee3e54: our priority 0 <= candidate's priority 0
2021-03-17 02:10:22,649 [grpc-default-executor-1] INFO  server.RaftServer$Division (RaftServerImpl.java:setRole(284)) - 7be7a3ee-2c60-4daa-92d5-fce366cccc9d@group-0D254D493D02: changes role from  FOLLOWER to FOLLOWER at term 1 for candidate:a3b22ff5-07c5-4717-894b-669982ee3e54
2021-03-17 02:10:22,649 [grpc-default-executor-1] INFO  impl.RoleInfo (RoleInfo.java:shutdownFollowerState(108)) - 7be7a3ee-2c60-4daa-92d5-fce366cccc9d: shutdown 7be7a3ee-2c60-4daa-92d5-fce366cccc9d@group-0D254D493D02-FollowerState
2021-03-17 02:10:22,649 [grpc-default-executor-1] INFO  impl.RoleInfo (RoleInfo.java:updateAndGet(130)) - 7be7a3ee-2c60-4daa-92d5-fce366cccc9d: start 7be7a3ee-2c60-4daa-92d5-fce366cccc9d@group-0D254D493D02-FollowerState
2021-03-17 02:10:22,649 [Thread-847] INFO  impl.FollowerState (FollowerState.java:run(142)) - 7be7a3ee-2c60-4daa-92d5-fce366cccc9d@group-0D254D493D02-FollowerState was interrupted: {}
java.lang.InterruptedException: sleep interrupted
	at java.lang.Thread.sleep(Native Method)
	at java.lang.Thread.sleep(Thread.java:340)
	at java.util.concurrent.TimeUnit.sleep(TimeUnit.java:386)
	at org.apache.ratis.util.TimeDuration.sleep(TimeDuration.java:324)
	at org.apache.ratis.util.TimeDuration.sleep(TimeDuration.java:309)
	at org.apache.ratis.server.impl.FollowerState.run(FollowerState.java:117)
2021-03-17 02:10:22,649 [c22503ba-573b-463b-9e1c-de44cfeb847d@group-76DD814D993B-LeaderElection32] INFO  server.RaftServerConfigKeys (ConfUtils.java:logGet(44)) - raft.server.staging.catchup.gap = 1000 (default)
2021-03-17 02:10:22,650 [grpc-default-executor-3] INFO  server.RaftServer$Division (RaftServerImpl.java:requestVote(1025)) - c22503ba-573b-463b-9e1c-de44cfeb847d@group-FAE0631FEBCD: receive requestVote(ELECTION, a3b22ff5-07c5-4717-894b-669982ee3e54, group-FAE0631FEBCD, 1, (t:0, i:0))
2021-03-17 02:10:22,650 [grpc-default-executor-3] INFO  impl.VoteContext (VoteContext.java:log(48)) - c22503ba-573b-463b-9e1c-de44cfeb847d@group-FAE0631FEBCD-FOLLOWER: accept ELECTION from a3b22ff5-07c5-4717-894b-669982ee3e54: our priority 0 <= candidate's priority 0
2021-03-17 02:10:22,650 [grpc-default-executor-3] INFO  server.RaftServer$Division (RaftServerImpl.java:setRole(284)) - c22503ba-573b-463b-9e1c-de44cfeb847d@group-FAE0631FEBCD: changes role from  FOLLOWER to FOLLOWER at term 1 for candidate:a3b22ff5-07c5-4717-894b-669982ee3e54
2021-03-17 02:10:22,650 [grpc-default-executor-3] INFO  impl.RoleInfo (RoleInfo.java:shutdownFollowerState(108)) - c22503ba-573b-463b-9e1c-de44cfeb847d: shutdown c22503ba-573b-463b-9e1c-de44cfeb847d@group-FAE0631FEBCD-FollowerState
2021-03-17 02:10:22,650 [grpc-default-executor-3] INFO  impl.RoleInfo (RoleInfo.java:updateAndGet(130)) - c22503ba-573b-463b-9e1c-de44cfeb847d: start c22503ba-573b-463b-9e1c-de44cfeb847d@group-FAE0631FEBCD-FollowerState
2021-03-17 02:10:22,650 [Thread-850] INFO  impl.FollowerState (FollowerState.java:run(142)) - c22503ba-573b-463b-9e1c-de44cfeb847d@group-FAE0631FEBCD-FollowerState was interrupted: {}
java.lang.InterruptedException: sleep interrupted
	at java.lang.Thread.sleep(Native Method)
	at java.lang.Thread.sleep(Thread.java:340)
	at java.util.concurrent.TimeUnit.sleep(TimeUnit.java:386)
	at org.apache.ratis.util.TimeDuration.sleep(TimeDuration.java:324)
	at org.apache.ratis.util.TimeDuration.sleep(TimeDuration.java:309)
	at org.apache.ratis.server.impl.FollowerState.run(FollowerState.java:117)
2021-03-17 02:10:22,651 [grpc-default-executor-2] INFO  server.RaftServer$Division (RaftServerImpl.java:requestVote(1025)) - c22503ba-573b-463b-9e1c-de44cfeb847d@group-0D254D493D02: receive requestVote(ELECTION, a3b22ff5-07c5-4717-894b-669982ee3e54, group-0D254D493D02, 1, (t:0, i:0))
2021-03-17 02:10:22,651 [grpc-default-executor-2] INFO  impl.VoteContext (VoteContext.java:log(48)) - c22503ba-573b-463b-9e1c-de44cfeb847d@group-0D254D493D02-CANDIDATE: reject ELECTION from a3b22ff5-07c5-4717-894b-669982ee3e54: our priority 1 > candidate's priority 0
2021-03-17 02:10:22,651 [EventQueue-PipelineReportForOneReplicaPipelineSafeModeRule] INFO  safemode.SCMSafeModeManager (SCMSafeModeManager.java:validateSafeModeExitRules(214)) - AtleastOneDatanodeReportedRule rule is successfully validated
2021-03-17 02:10:22,652 [EventQueue-OpenPipelineForHealthyPipelineSafeModeRule] INFO  safemode.SCMSafeModeManager (HealthyPipelineSafeModeRule.java:process(128)) - SCM in safe mode. Healthy pipelines reported count is 0, required healthy pipeline reported count is 1
2021-03-17 02:10:22,651 [grpc-default-executor-2] INFO  server.RaftServer$Division (RaftServerImpl.java:setRole(284)) - c22503ba-573b-463b-9e1c-de44cfeb847d@group-0D254D493D02: changes role from CANDIDATE to FOLLOWER at term 1 for candidate:a3b22ff5-07c5-4717-894b-669982ee3e54
2021-03-17 02:10:22,652 [grpc-default-executor-2] INFO  impl.RoleInfo (RoleInfo.java:shutdownLeaderElection(121)) - c22503ba-573b-463b-9e1c-de44cfeb847d: shutdown c22503ba-573b-463b-9e1c-de44cfeb847d@group-0D254D493D02-LeaderElection33
2021-03-17 02:10:22,653 [grpc-default-executor-0] INFO  server.RaftServer$Division (RaftServerImpl.java:requestVote(1025)) - 7be7a3ee-2c60-4daa-92d5-fce366cccc9d@group-FAE0631FEBCD: receive requestVote(ELECTION, a3b22ff5-07c5-4717-894b-669982ee3e54, group-FAE0631FEBCD, 1, (t:0, i:0))
2021-03-17 02:10:22,653 [grpc-default-executor-0] INFO  impl.VoteContext (VoteContext.java:log(48)) - 7be7a3ee-2c60-4daa-92d5-fce366cccc9d@group-FAE0631FEBCD-FOLLOWER: reject ELECTION from a3b22ff5-07c5-4717-894b-669982ee3e54: our priority 1 > candidate's priority 0
2021-03-17 02:10:22,654 [grpc-default-executor-0] INFO  server.RaftServer$Division (RaftServerImpl.java:setRole(284)) - 7be7a3ee-2c60-4daa-92d5-fce366cccc9d@group-FAE0631FEBCD: changes role from  FOLLOWER to FOLLOWER at term 1 for candidate:a3b22ff5-07c5-4717-894b-669982ee3e54
2021-03-17 02:10:22,654 [grpc-default-executor-0] INFO  impl.RoleInfo (RoleInfo.java:shutdownFollowerState(108)) - 7be7a3ee-2c60-4daa-92d5-fce366cccc9d: shutdown 7be7a3ee-2c60-4daa-92d5-fce366cccc9d@group-FAE0631FEBCD-FollowerState
2021-03-17 02:10:22,654 [grpc-default-executor-0] INFO  impl.RoleInfo (RoleInfo.java:updateAndGet(130)) - 7be7a3ee-2c60-4daa-92d5-fce366cccc9d: start 7be7a3ee-2c60-4daa-92d5-fce366cccc9d@group-FAE0631FEBCD-FollowerState
2021-03-17 02:10:22,654 [c22503ba-573b-463b-9e1c-de44cfeb847d@group-76DD814D993B-LeaderElection32] INFO  metrics.RatisMetrics (RatisMetrics.java:lambda$create$0(36)) - Creating Metrics Registry : ratis.log_appender.c22503ba-573b-463b-9e1c-de44cfeb847d@group-76DD814D993B
2021-03-17 02:10:22,654 [Thread-855] INFO  impl.FollowerState (FollowerState.java:run(142)) - 7be7a3ee-2c60-4daa-92d5-fce366cccc9d@group-FAE0631FEBCD-FollowerState was interrupted: {}
java.lang.InterruptedException: sleep interrupted
	at java.lang.Thread.sleep(Native Method)
	at java.lang.Thread.sleep(Thread.java:340)
	at java.util.concurrent.TimeUnit.sleep(TimeUnit.java:386)
	at org.apache.ratis.util.TimeDuration.sleep(TimeDuration.java:324)
	at org.apache.ratis.util.TimeDuration.sleep(TimeDuration.java:309)
	at org.apache.ratis.server.impl.FollowerState.run(FollowerState.java:117)
2021-03-17 02:10:22,655 [grpc-default-executor-0] INFO  server.RaftServer$Division (RaftServerImpl.java:requestVote(1057)) - 7be7a3ee-2c60-4daa-92d5-fce366cccc9d@group-FAE0631FEBCD replies to ELECTION vote request: a3b22ff5-07c5-4717-894b-669982ee3e54<-7be7a3ee-2c60-4daa-92d5-fce366cccc9d#0:FAIL-t1. Peer's state: 7be7a3ee-2c60-4daa-92d5-fce366cccc9d@group-FAE0631FEBCD:t1, leader=null, voted=null, raftlog=7be7a3ee-2c60-4daa-92d5-fce366cccc9d@group-FAE0631FEBCD-SegmentedRaftLog:OPENED:c-1,f-1,i0, conf=-1: [c22503ba-573b-463b-9e1c-de44cfeb847d|rpc:172.17.0.2:34901|dataStream:|priority:0, a3b22ff5-07c5-4717-894b-669982ee3e54|rpc:172.17.0.2:42689|dataStream:|priority:0, 7be7a3ee-2c60-4daa-92d5-fce366cccc9d|rpc:172.17.0.2:39539|dataStream:|priority:1], old=null
2021-03-17 02:10:22,656 [grpc-default-executor-1] INFO  server.RaftServer$Division (RaftServerImpl.java:requestVote(1057)) - 7be7a3ee-2c60-4daa-92d5-fce366cccc9d@group-0D254D493D02 replies to ELECTION vote request: a3b22ff5-07c5-4717-894b-669982ee3e54<-7be7a3ee-2c60-4daa-92d5-fce366cccc9d#0:OK-t1. Peer's state: 7be7a3ee-2c60-4daa-92d5-fce366cccc9d@group-0D254D493D02:t1, leader=null, voted=a3b22ff5-07c5-4717-894b-669982ee3e54, raftlog=7be7a3ee-2c60-4daa-92d5-fce366cccc9d@group-0D254D493D02-SegmentedRaftLog:OPENED:c-1,f-1,i0, conf=-1: [c22503ba-573b-463b-9e1c-de44cfeb847d|rpc:172.17.0.2:34901|dataStream:|priority:1, a3b22ff5-07c5-4717-894b-669982ee3e54|rpc:172.17.0.2:42689|dataStream:|priority:0, 7be7a3ee-2c60-4daa-92d5-fce366cccc9d|rpc:172.17.0.2:39539|dataStream:|priority:0], old=null
2021-03-17 02:10:22,656 [grpc-default-executor-3] INFO  server.RaftServer$Division (RaftServerImpl.java:requestVote(1057)) - c22503ba-573b-463b-9e1c-de44cfeb847d@group-FAE0631FEBCD replies to ELECTION vote request: a3b22ff5-07c5-4717-894b-669982ee3e54<-c22503ba-573b-463b-9e1c-de44cfeb847d#0:OK-t1. Peer's state: c22503ba-573b-463b-9e1c-de44cfeb847d@group-FAE0631FEBCD:t1, leader=null, voted=a3b22ff5-07c5-4717-894b-669982ee3e54, raftlog=c22503ba-573b-463b-9e1c-de44cfeb847d@group-FAE0631FEBCD-SegmentedRaftLog:OPENED:c-1,f-1,i0, conf=-1: [c22503ba-573b-463b-9e1c-de44cfeb847d|rpc:172.17.0.2:34901|priority:0, a3b22ff5-07c5-4717-894b-669982ee3e54|rpc:172.17.0.2:42689|priority:0, 7be7a3ee-2c60-4daa-92d5-fce366cccc9d|rpc:172.17.0.2:39539|priority:1], old=null
2021-03-17 02:10:22,656 [a3b22ff5-07c5-4717-894b-669982ee3e54@group-FAE0631FEBCD-LeaderElection31] INFO  impl.LeaderElection (LeaderElection.java:logAndReturn(89)) - a3b22ff5-07c5-4717-894b-669982ee3e54@group-FAE0631FEBCD-LeaderElection31: ELECTION REJECTED received 1 response(s) and 0 exception(s):
2021-03-17 02:10:22,656 [a3b22ff5-07c5-4717-894b-669982ee3e54@group-FAE0631FEBCD-LeaderElection31] INFO  impl.LeaderElection (LeaderElection.java:logAndReturn(93)) -   Response 0: a3b22ff5-07c5-4717-894b-669982ee3e54<-7be7a3ee-2c60-4daa-92d5-fce366cccc9d#0:FAIL-t1
2021-03-17 02:10:22,656 [a3b22ff5-07c5-4717-894b-669982ee3e54@group-FAE0631FEBCD-LeaderElection31] INFO  impl.LeaderElection (LeaderElection.java:askForVotes(309)) - a3b22ff5-07c5-4717-894b-669982ee3e54@group-FAE0631FEBCD-LeaderElection31 ELECTION round 0: result REJECTED
2021-03-17 02:10:22,656 [a3b22ff5-07c5-4717-894b-669982ee3e54@group-FAE0631FEBCD-LeaderElection31] INFO  server.RaftServer$Division (RaftServerImpl.java:setRole(284)) - a3b22ff5-07c5-4717-894b-669982ee3e54@group-FAE0631FEBCD: changes role from CANDIDATE to FOLLOWER at term 1 for REJECTED
2021-03-17 02:10:22,656 [a3b22ff5-07c5-4717-894b-669982ee3e54@group-FAE0631FEBCD-LeaderElection31] INFO  impl.RoleInfo (RoleInfo.java:shutdownLeaderElection(121)) - a3b22ff5-07c5-4717-894b-669982ee3e54: shutdown a3b22ff5-07c5-4717-894b-669982ee3e54@group-FAE0631FEBCD-LeaderElection31
2021-03-17 02:10:22,654 [c22503ba-573b-463b-9e1c-de44cfeb847d@group-76DD814D993B-LeaderElection32] INFO  server.RaftServerConfigKeys (ConfUtils.java:logGet(44)) - raft.server.write.element-limit = 1024 (custom)
2021-03-17 02:10:22,654 [grpc-default-executor-2] INFO  impl.RoleInfo (RoleInfo.java:updateAndGet(130)) - c22503ba-573b-463b-9e1c-de44cfeb847d: start c22503ba-573b-463b-9e1c-de44cfeb847d@group-0D254D493D02-FollowerState
2021-03-17 02:10:22,657 [c22503ba-573b-463b-9e1c-de44cfeb847d@group-76DD814D993B-LeaderElection32] INFO  server.RaftServerConfigKeys (ConfUtils.java:logGet(44)) - raft.server.write.byte-limit = 1073741824 (custom)
2021-03-17 02:10:22,658 [c22503ba-573b-463b-9e1c-de44cfeb847d@group-76DD814D993B-LeaderElection32] INFO  server.RaftServerConfigKeys (ConfUtils.java:logGet(44)) - raft.server.watch.timeout = 3000ms (custom)
2021-03-17 02:10:22,658 [c22503ba-573b-463b-9e1c-de44cfeb847d@group-76DD814D993B-LeaderElection32] INFO  server.RaftServerConfigKeys (ConfUtils.java:logGet(44)) - raft.server.watch.timeout.denomination = 1s (default)
2021-03-17 02:10:22,658 [c22503ba-573b-463b-9e1c-de44cfeb847d@group-76DD814D993B-LeaderElection32] INFO  server.RaftServerConfigKeys (ConfUtils.java:logGet(44)) - raft.server.watch.element-limit = 65536 (default)
2021-03-17 02:10:22,658 [c22503ba-573b-463b-9e1c-de44cfeb847d@group-76DD814D993B-LeaderElection32] INFO  impl.RoleInfo (RoleInfo.java:updateAndGet(130)) - c22503ba-573b-463b-9e1c-de44cfeb847d: start c22503ba-573b-463b-9e1c-de44cfeb847d@group-76DD814D993B-LeaderStateImpl
2021-03-17 02:10:22,658 [c22503ba-573b-463b-9e1c-de44cfeb847d@group-76DD814D993B-LeaderElection32] INFO  segmented.SegmentedRaftLogWorker (SegmentedRaftLogWorker.java:startLogSegment(392)) - c22503ba-573b-463b-9e1c-de44cfeb847d@group-76DD814D993B-SegmentedRaftLogWorker: Starting segment from index:0
2021-03-17 02:10:22,669 [a3b22ff5-07c5-4717-894b-669982ee3e54@group-FAE0631FEBCD-LeaderElection31] INFO  impl.RoleInfo (RoleInfo.java:updateAndGet(130)) - a3b22ff5-07c5-4717-894b-669982ee3e54: start a3b22ff5-07c5-4717-894b-669982ee3e54@group-FAE0631FEBCD-FollowerState
2021-03-17 02:10:22,670 [c22503ba-573b-463b-9e1c-de44cfeb847d@group-76DD814D993B-SegmentedRaftLogWorker] INFO  segmented.SegmentedRaftLogWorker (SegmentedRaftLogWorker.java:execute(599)) - c22503ba-573b-463b-9e1c-de44cfeb847d@group-76DD814D993B-SegmentedRaftLogWorker: created new log segment /github/workspace/mnt/ozone/hadoop-ozone/integration-test/target/test-dir/MiniOzoneClusterImpl-5543d78b-3109-4325-8e4d-d24bfba87b26/datanode-0/data/ratis/a1cf331a-0a15-452c-96f7-76dd814d993b/current/log_inprogress_0
2021-03-17 02:10:22,674 [c22503ba-573b-463b-9e1c-de44cfeb847d@group-76DD814D993B-LeaderElection32] INFO  server.RaftServer$Division (ServerState.java:setRaftConf(373)) - c22503ba-573b-463b-9e1c-de44cfeb847d@group-76DD814D993B: set configuration 0: [c22503ba-573b-463b-9e1c-de44cfeb847d|rpc:172.17.0.2:34901|dataStream:|priority:1], old=null
2021-03-17 02:10:22,675 [grpc-default-executor-2] INFO  server.RaftServer$Division (RaftServerImpl.java:requestVote(1057)) - c22503ba-573b-463b-9e1c-de44cfeb847d@group-0D254D493D02 replies to ELECTION vote request: a3b22ff5-07c5-4717-894b-669982ee3e54<-c22503ba-573b-463b-9e1c-de44cfeb847d#0:FAIL-t1. Peer's state: c22503ba-573b-463b-9e1c-de44cfeb847d@group-0D254D493D02:t1, leader=null, voted=null, raftlog=c22503ba-573b-463b-9e1c-de44cfeb847d@group-0D254D493D02-SegmentedRaftLog:OPENED:c-1,f-1,i0, conf=-1: [c22503ba-573b-463b-9e1c-de44cfeb847d|rpc:172.17.0.2:34901|priority:1, a3b22ff5-07c5-4717-894b-669982ee3e54|rpc:172.17.0.2:42689|priority:0, 7be7a3ee-2c60-4daa-92d5-fce366cccc9d|rpc:172.17.0.2:39539|priority:0], old=null
2021-03-17 02:10:22,676 [a3b22ff5-07c5-4717-894b-669982ee3e54@group-0D254D493D02-LeaderElection30] INFO  impl.LeaderElection (LeaderElection.java:logAndReturn(89)) - a3b22ff5-07c5-4717-894b-669982ee3e54@group-0D254D493D02-LeaderElection30: ELECTION REJECTED received 2 response(s) and 0 exception(s):
2021-03-17 02:10:22,676 [a3b22ff5-07c5-4717-894b-669982ee3e54@group-0D254D493D02-LeaderElection30] INFO  impl.LeaderElection (LeaderElection.java:logAndReturn(93)) -   Response 0: a3b22ff5-07c5-4717-894b-669982ee3e54<-c22503ba-573b-463b-9e1c-de44cfeb847d#0:FAIL-t1
2021-03-17 02:10:22,676 [a3b22ff5-07c5-4717-894b-669982ee3e54@group-0D254D493D02-LeaderElection30] INFO  impl.LeaderElection (LeaderElection.java:logAndReturn(93)) -   Response 1: a3b22ff5-07c5-4717-894b-669982ee3e54<-7be7a3ee-2c60-4daa-92d5-fce366cccc9d#0:OK-t1
2021-03-17 02:10:22,676 [a3b22ff5-07c5-4717-894b-669982ee3e54@group-0D254D493D02-LeaderElection30] INFO  impl.LeaderElection (LeaderElection.java:askForVotes(309)) - a3b22ff5-07c5-4717-894b-669982ee3e54@group-0D254D493D02-LeaderElection30 ELECTION round 0: result REJECTED
2021-03-17 02:10:22,677 [a3b22ff5-07c5-4717-894b-669982ee3e54@group-0D254D493D02-LeaderElection30] INFO  server.RaftServer$Division (RaftServerImpl.java:setRole(284)) - a3b22ff5-07c5-4717-894b-669982ee3e54@group-0D254D493D02: changes role from CANDIDATE to FOLLOWER at term 1 for REJECTED
2021-03-17 02:10:22,677 [a3b22ff5-07c5-4717-894b-669982ee3e54@group-0D254D493D02-LeaderElection30] INFO  impl.RoleInfo (RoleInfo.java:shutdownLeaderElection(121)) - a3b22ff5-07c5-4717-894b-669982ee3e54: shutdown a3b22ff5-07c5-4717-894b-669982ee3e54@group-0D254D493D02-LeaderElection30
2021-03-17 02:10:22,677 [a3b22ff5-07c5-4717-894b-669982ee3e54@group-0D254D493D02-LeaderElection30] INFO  impl.RoleInfo (RoleInfo.java:updateAndGet(130)) - a3b22ff5-07c5-4717-894b-669982ee3e54: start a3b22ff5-07c5-4717-894b-669982ee3e54@group-0D254D493D02-FollowerState
2021-03-17 02:10:22,716 [Thread-858] INFO  impl.FollowerState (FollowerState.java:run(133)) - 7be7a3ee-2c60-4daa-92d5-fce366cccc9d@group-8ED7B52CCD89-FollowerState: change to CANDIDATE, lastRpcElapsedTime:5085538391ns, electionTimeout:5084ms
2021-03-17 02:10:22,716 [Thread-858] INFO  impl.RoleInfo (RoleInfo.java:shutdownFollowerState(108)) - 7be7a3ee-2c60-4daa-92d5-fce366cccc9d: shutdown 7be7a3ee-2c60-4daa-92d5-fce366cccc9d@group-8ED7B52CCD89-FollowerState
2021-03-17 02:10:22,716 [Thread-858] INFO  server.RaftServer$Division (RaftServerImpl.java:setRole(284)) - 7be7a3ee-2c60-4daa-92d5-fce366cccc9d@group-8ED7B52CCD89: changes role from  FOLLOWER to CANDIDATE at term 0 for changeToCandidate
2021-03-17 02:10:22,717 [Thread-858] INFO  server.RaftServerConfigKeys (ConfUtils.java:logGet(44)) - raft.server.leaderelection.pre-vote = false (custom)
2021-03-17 02:10:22,717 [Thread-858] INFO  impl.RoleInfo (RoleInfo.java:updateAndGet(130)) - 7be7a3ee-2c60-4daa-92d5-fce366cccc9d: start 7be7a3ee-2c60-4daa-92d5-fce366cccc9d@group-8ED7B52CCD89-LeaderElection34
2021-03-17 02:10:22,720 [7be7a3ee-2c60-4daa-92d5-fce366cccc9d@group-8ED7B52CCD89-LeaderElection34] INFO  impl.LeaderElection (LeaderElection.java:askForVotes(307)) - 7be7a3ee-2c60-4daa-92d5-fce366cccc9d@group-8ED7B52CCD89-LeaderElection34 ELECTION round 0: submit vote requests at term 1 for -1: [7be7a3ee-2c60-4daa-92d5-fce366cccc9d|rpc:172.17.0.2:39539|priority:1], old=null
2021-03-17 02:10:22,720 [7be7a3ee-2c60-4daa-92d5-fce366cccc9d@group-8ED7B52CCD89-LeaderElection34] INFO  impl.LeaderElection (LeaderElection.java:askForVotes(309)) - 7be7a3ee-2c60-4daa-92d5-fce366cccc9d@group-8ED7B52CCD89-LeaderElection34 ELECTION round 0: result PASSED (term=1)
2021-03-17 02:10:22,720 [7be7a3ee-2c60-4daa-92d5-fce366cccc9d@group-8ED7B52CCD89-LeaderElection34] INFO  impl.RoleInfo (RoleInfo.java:shutdownLeaderElection(121)) - 7be7a3ee-2c60-4daa-92d5-fce366cccc9d: shutdown 7be7a3ee-2c60-4daa-92d5-fce366cccc9d@group-8ED7B52CCD89-LeaderElection34
2021-03-17 02:10:22,720 [7be7a3ee-2c60-4daa-92d5-fce366cccc9d@group-8ED7B52CCD89-LeaderElection34] INFO  server.RaftServer$Division (RaftServerImpl.java:setRole(284)) - 7be7a3ee-2c60-4daa-92d5-fce366cccc9d@group-8ED7B52CCD89: changes role from CANDIDATE to LEADER at term 1 for changeToLeader
2021-03-17 02:10:22,720 [7be7a3ee-2c60-4daa-92d5-fce366cccc9d@group-8ED7B52CCD89-LeaderElection34] INFO  ratis.XceiverServerRatis (XceiverServerRatis.java:handleLeaderChangedNotification(899)) - Leader change notification received for group: group-8ED7B52CCD89 with new leaderId: 7be7a3ee-2c60-4daa-92d5-fce366cccc9d
2021-03-17 02:10:22,720 [7be7a3ee-2c60-4daa-92d5-fce366cccc9d@group-8ED7B52CCD89-LeaderElection34] INFO  server.RaftServer$Division (ServerState.java:setLeader(271)) - 7be7a3ee-2c60-4daa-92d5-fce366cccc9d@group-8ED7B52CCD89: change Leader from null to 7be7a3ee-2c60-4daa-92d5-fce366cccc9d at term 1 for becomeLeader, leader elected after 5096ms
2021-03-17 02:10:22,721 [7be7a3ee-2c60-4daa-92d5-fce366cccc9d@group-8ED7B52CCD89-LeaderElection34] INFO  server.RaftServerConfigKeys (ConfUtils.java:logGet(44)) - raft.server.staging.catchup.gap = 1000 (default)
2021-03-17 02:10:22,721 [7be7a3ee-2c60-4daa-92d5-fce366cccc9d@group-8ED7B52CCD89-LeaderElection34] INFO  metrics.RatisMetrics (RatisMetrics.java:lambda$create$0(36)) - Creating Metrics Registry : ratis.log_appender.7be7a3ee-2c60-4daa-92d5-fce366cccc9d@group-8ED7B52CCD89
2021-03-17 02:10:22,721 [7be7a3ee-2c60-4daa-92d5-fce366cccc9d@group-8ED7B52CCD89-LeaderElection34] INFO  server.RaftServerConfigKeys (ConfUtils.java:logGet(44)) - raft.server.write.element-limit = 1024 (custom)
2021-03-17 02:10:22,721 [7be7a3ee-2c60-4daa-92d5-fce366cccc9d@group-8ED7B52CCD89-LeaderElection34] INFO  server.RaftServerConfigKeys (ConfUtils.java:logGet(44)) - raft.server.write.byte-limit = 1073741824 (custom)
2021-03-17 02:10:22,721 [EventQueue-PipelineReportForOneReplicaPipelineSafeModeRule] INFO  safemode.SCMSafeModeManager (SCMSafeModeManager.java:validateSafeModeExitRules(214)) - AtleastOneDatanodeReportedRule rule is successfully validated
2021-03-17 02:10:22,721 [EventQueue-OpenPipelineForHealthyPipelineSafeModeRule] INFO  safemode.SCMSafeModeManager (HealthyPipelineSafeModeRule.java:process(128)) - SCM in safe mode. Healthy pipelines reported count is 0, required healthy pipeline reported count is 1
2021-03-17 02:10:22,722 [7be7a3ee-2c60-4daa-92d5-fce366cccc9d@group-8ED7B52CCD89-LeaderElection34] INFO  server.RaftServerConfigKeys (ConfUtils.java:logGet(44)) - raft.server.watch.timeout = 3000ms (custom)
2021-03-17 02:10:22,722 [7be7a3ee-2c60-4daa-92d5-fce366cccc9d@group-8ED7B52CCD89-LeaderElection34] INFO  server.RaftServerConfigKeys (ConfUtils.java:logGet(44)) - raft.server.watch.timeout.denomination = 1s (default)
2021-03-17 02:10:22,722 [7be7a3ee-2c60-4daa-92d5-fce366cccc9d@group-8ED7B52CCD89-LeaderElection34] INFO  server.RaftServerConfigKeys (ConfUtils.java:logGet(44)) - raft.server.watch.element-limit = 65536 (default)
2021-03-17 02:10:22,722 [7be7a3ee-2c60-4daa-92d5-fce366cccc9d@group-8ED7B52CCD89-LeaderElection34] INFO  impl.RoleInfo (RoleInfo.java:updateAndGet(130)) - 7be7a3ee-2c60-4daa-92d5-fce366cccc9d: start 7be7a3ee-2c60-4daa-92d5-fce366cccc9d@group-8ED7B52CCD89-LeaderStateImpl
2021-03-17 02:10:22,722 [7be7a3ee-2c60-4daa-92d5-fce366cccc9d@group-8ED7B52CCD89-LeaderElection34] INFO  segmented.SegmentedRaftLogWorker (SegmentedRaftLogWorker.java:startLogSegment(392)) - 7be7a3ee-2c60-4daa-92d5-fce366cccc9d@group-8ED7B52CCD89-SegmentedRaftLogWorker: Starting segment from index:0
2021-03-17 02:10:22,724 [7be7a3ee-2c60-4daa-92d5-fce366cccc9d@group-8ED7B52CCD89-SegmentedRaftLogWorker] INFO  segmented.SegmentedRaftLogWorker (SegmentedRaftLogWorker.java:execute(599)) - 7be7a3ee-2c60-4daa-92d5-fce366cccc9d@group-8ED7B52CCD89-SegmentedRaftLogWorker: created new log segment /github/workspace/mnt/ozone/hadoop-ozone/integration-test/target/test-dir/MiniOzoneClusterImpl-5543d78b-3109-4325-8e4d-d24bfba87b26/datanode-1/data/ratis/c5eea603-c6ee-4af4-88ab-8ed7b52ccd89/current/log_inprogress_0
2021-03-17 02:10:22,726 [7be7a3ee-2c60-4daa-92d5-fce366cccc9d@group-8ED7B52CCD89-LeaderElection34] INFO  server.RaftServer$Division (ServerState.java:setRaftConf(373)) - 7be7a3ee-2c60-4daa-92d5-fce366cccc9d@group-8ED7B52CCD89: set configuration 0: [7be7a3ee-2c60-4daa-92d5-fce366cccc9d|rpc:172.17.0.2:39539|dataStream:|priority:1], old=null
2021-03-17 02:10:22,829 [EventQueue-PipelineReportForOneReplicaPipelineSafeModeRule] INFO  safemode.SCMSafeModeManager (SCMSafeModeManager.java:validateSafeModeExitRules(214)) - AtleastOneDatanodeReportedRule rule is successfully validated
2021-03-17 02:10:22,829 [EventQueue-OpenPipelineForHealthyPipelineSafeModeRule] INFO  safemode.SCMSafeModeManager (HealthyPipelineSafeModeRule.java:process(128)) - SCM in safe mode. Healthy pipelines reported count is 0, required healthy pipeline reported count is 1
2021-03-17 02:10:23,033 [Thread-860] INFO  impl.FollowerState (FollowerState.java:run(133)) - a3b22ff5-07c5-4717-894b-669982ee3e54@group-036E82DF10BE-FollowerState: change to CANDIDATE, lastRpcElapsedTime:5198260549ns, electionTimeout:5197ms
2021-03-17 02:10:23,034 [Thread-860] INFO  impl.RoleInfo (RoleInfo.java:shutdownFollowerState(108)) - a3b22ff5-07c5-4717-894b-669982ee3e54: shutdown a3b22ff5-07c5-4717-894b-669982ee3e54@group-036E82DF10BE-FollowerState
2021-03-17 02:10:23,034 [Thread-860] INFO  server.RaftServer$Division (RaftServerImpl.java:setRole(284)) - a3b22ff5-07c5-4717-894b-669982ee3e54@group-036E82DF10BE: changes role from  FOLLOWER to CANDIDATE at term 0 for changeToCandidate
2021-03-17 02:10:23,034 [Thread-860] INFO  server.RaftServerConfigKeys (ConfUtils.java:logGet(44)) - raft.server.leaderelection.pre-vote = false (custom)
2021-03-17 02:10:23,034 [Thread-860] INFO  impl.RoleInfo (RoleInfo.java:updateAndGet(130)) - a3b22ff5-07c5-4717-894b-669982ee3e54: start a3b22ff5-07c5-4717-894b-669982ee3e54@group-036E82DF10BE-LeaderElection35
2021-03-17 02:10:23,038 [a3b22ff5-07c5-4717-894b-669982ee3e54@group-036E82DF10BE-LeaderElection35] INFO  impl.LeaderElection (LeaderElection.java:askForVotes(307)) - a3b22ff5-07c5-4717-894b-669982ee3e54@group-036E82DF10BE-LeaderElection35 ELECTION round 0: submit vote requests at term 1 for -1: [a3b22ff5-07c5-4717-894b-669982ee3e54|rpc:172.17.0.2:42689|priority:1], old=null
2021-03-17 02:10:23,038 [a3b22ff5-07c5-4717-894b-669982ee3e54@group-036E82DF10BE-LeaderElection35] INFO  impl.LeaderElection (LeaderElection.java:askForVotes(309)) - a3b22ff5-07c5-4717-894b-669982ee3e54@group-036E82DF10BE-LeaderElection35 ELECTION round 0: result PASSED (term=1)
2021-03-17 02:10:23,038 [a3b22ff5-07c5-4717-894b-669982ee3e54@group-036E82DF10BE-LeaderElection35] INFO  impl.RoleInfo (RoleInfo.java:shutdownLeaderElection(121)) - a3b22ff5-07c5-4717-894b-669982ee3e54: shutdown a3b22ff5-07c5-4717-894b-669982ee3e54@group-036E82DF10BE-LeaderElection35
2021-03-17 02:10:23,038 [a3b22ff5-07c5-4717-894b-669982ee3e54@group-036E82DF10BE-LeaderElection35] INFO  server.RaftServer$Division (RaftServerImpl.java:setRole(284)) - a3b22ff5-07c5-4717-894b-669982ee3e54@group-036E82DF10BE: changes role from CANDIDATE to LEADER at term 1 for changeToLeader
2021-03-17 02:10:23,038 [a3b22ff5-07c5-4717-894b-669982ee3e54@group-036E82DF10BE-LeaderElection35] INFO  ratis.XceiverServerRatis (XceiverServerRatis.java:handleLeaderChangedNotification(899)) - Leader change notification received for group: group-036E82DF10BE with new leaderId: a3b22ff5-07c5-4717-894b-669982ee3e54
2021-03-17 02:10:23,038 [a3b22ff5-07c5-4717-894b-669982ee3e54@group-036E82DF10BE-LeaderElection35] INFO  server.RaftServer$Division (ServerState.java:setLeader(271)) - a3b22ff5-07c5-4717-894b-669982ee3e54@group-036E82DF10BE: change Leader from null to a3b22ff5-07c5-4717-894b-669982ee3e54 at term 1 for becomeLeader, leader elected after 5209ms
2021-03-17 02:10:23,038 [a3b22ff5-07c5-4717-894b-669982ee3e54@group-036E82DF10BE-LeaderElection35] INFO  server.RaftServerConfigKeys (ConfUtils.java:logGet(44)) - raft.server.staging.catchup.gap = 1000 (default)
2021-03-17 02:10:23,038 [a3b22ff5-07c5-4717-894b-669982ee3e54@group-036E82DF10BE-LeaderElection35] INFO  metrics.RatisMetrics (RatisMetrics.java:lambda$create$0(36)) - Creating Metrics Registry : ratis.log_appender.a3b22ff5-07c5-4717-894b-669982ee3e54@group-036E82DF10BE
2021-03-17 02:10:23,039 [a3b22ff5-07c5-4717-894b-669982ee3e54@group-036E82DF10BE-LeaderElection35] INFO  server.RaftServerConfigKeys (ConfUtils.java:logGet(44)) - raft.server.write.element-limit = 1024 (custom)
2021-03-17 02:10:23,039 [a3b22ff5-07c5-4717-894b-669982ee3e54@group-036E82DF10BE-LeaderElection35] INFO  server.RaftServerConfigKeys (ConfUtils.java:logGet(44)) - raft.server.write.byte-limit = 1073741824 (custom)
2021-03-17 02:10:23,039 [a3b22ff5-07c5-4717-894b-669982ee3e54@group-036E82DF10BE-LeaderElection35] INFO  server.RaftServerConfigKeys (ConfUtils.java:logGet(44)) - raft.server.watch.timeout = 3000ms (custom)
2021-03-17 02:10:23,039 [a3b22ff5-07c5-4717-894b-669982ee3e54@group-036E82DF10BE-LeaderElection35] INFO  server.RaftServerConfigKeys (ConfUtils.java:logGet(44)) - raft.server.watch.timeout.denomination = 1s (default)
2021-03-17 02:10:23,040 [a3b22ff5-07c5-4717-894b-669982ee3e54@group-036E82DF10BE-LeaderElection35] INFO  server.RaftServerConfigKeys (ConfUtils.java:logGet(44)) - raft.server.watch.element-limit = 65536 (default)
2021-03-17 02:10:23,040 [a3b22ff5-07c5-4717-894b-669982ee3e54@group-036E82DF10BE-LeaderElection35] INFO  impl.RoleInfo (RoleInfo.java:updateAndGet(130)) - a3b22ff5-07c5-4717-894b-669982ee3e54: start a3b22ff5-07c5-4717-894b-669982ee3e54@group-036E82DF10BE-LeaderStateImpl
2021-03-17 02:10:23,040 [a3b22ff5-07c5-4717-894b-669982ee3e54@group-036E82DF10BE-LeaderElection35] INFO  segmented.SegmentedRaftLogWorker (SegmentedRaftLogWorker.java:startLogSegment(392)) - a3b22ff5-07c5-4717-894b-669982ee3e54@group-036E82DF10BE-SegmentedRaftLogWorker: Starting segment from index:0
2021-03-17 02:10:23,040 [EventQueue-PipelineReportForOneReplicaPipelineSafeModeRule] INFO  safemode.SCMSafeModeManager (SCMSafeModeManager.java:validateSafeModeExitRules(214)) - AtleastOneDatanodeReportedRule rule is successfully validated
2021-03-17 02:10:23,040 [EventQueue-OpenPipelineForHealthyPipelineSafeModeRule] INFO  safemode.SCMSafeModeManager (HealthyPipelineSafeModeRule.java:process(128)) - SCM in safe mode. Healthy pipelines reported count is 0, required healthy pipeline reported count is 1
2021-03-17 02:10:23,042 [a3b22ff5-07c5-4717-894b-669982ee3e54@group-036E82DF10BE-SegmentedRaftLogWorker] INFO  segmented.SegmentedRaftLogWorker (SegmentedRaftLogWorker.java:execute(599)) - a3b22ff5-07c5-4717-894b-669982ee3e54@group-036E82DF10BE-SegmentedRaftLogWorker: created new log segment /github/workspace/mnt/ozone/hadoop-ozone/integration-test/target/test-dir/MiniOzoneClusterImpl-5543d78b-3109-4325-8e4d-d24bfba87b26/datanode-2/data/ratis/d8764373-1664-4953-abac-036e82df10be/current/log_inprogress_0
2021-03-17 02:10:23,042 [a3b22ff5-07c5-4717-894b-669982ee3e54@group-036E82DF10BE-LeaderElection35] INFO  server.RaftServer$Division (ServerState.java:setRaftConf(373)) - a3b22ff5-07c5-4717-894b-669982ee3e54@group-036E82DF10BE: set configuration 0: [a3b22ff5-07c5-4717-894b-669982ee3e54|rpc:172.17.0.2:42689|dataStream:|priority:1], old=null
2021-03-17 02:10:23,191 [EventQueue-PipelineReportForOneReplicaPipelineSafeModeRule] INFO  safemode.SCMSafeModeManager (SCMSafeModeManager.java:validateSafeModeExitRules(214)) - AtleastOneDatanodeReportedRule rule is successfully validated
2021-03-17 02:10:23,191 [EventQueue-OpenPipelineForHealthyPipelineSafeModeRule] INFO  safemode.SCMSafeModeManager (HealthyPipelineSafeModeRule.java:process(128)) - SCM in safe mode. Healthy pipelines reported count is 0, required healthy pipeline reported count is 1
2021-03-17 02:10:23,213 [Thread-866] INFO  impl.FollowerState (FollowerState.java:run(133)) - 888dbe71-6008-4ebf-8f97-777673ccf37c@group-7A770B342A66-FollowerState: change to CANDIDATE, lastRpcElapsedTime:5068305068ns, electionTimeout:5067ms
2021-03-17 02:10:23,214 [Thread-866] INFO  impl.RoleInfo (RoleInfo.java:shutdownFollowerState(108)) - 888dbe71-6008-4ebf-8f97-777673ccf37c: shutdown 888dbe71-6008-4ebf-8f97-777673ccf37c@group-7A770B342A66-FollowerState
2021-03-17 02:10:23,214 [Thread-866] INFO  server.RaftServer$Division (RaftServerImpl.java:setRole(284)) - 888dbe71-6008-4ebf-8f97-777673ccf37c@group-7A770B342A66: changes role from  FOLLOWER to CANDIDATE at term 0 for changeToCandidate
2021-03-17 02:10:23,215 [Thread-866] INFO  server.RaftServerConfigKeys (ConfUtils.java:logGet(44)) - raft.server.leaderelection.pre-vote = false (custom)
2021-03-17 02:10:23,215 [Thread-866] INFO  impl.RoleInfo (RoleInfo.java:updateAndGet(130)) - 888dbe71-6008-4ebf-8f97-777673ccf37c: start 888dbe71-6008-4ebf-8f97-777673ccf37c@group-7A770B342A66-LeaderElection36
2021-03-17 02:10:23,217 [888dbe71-6008-4ebf-8f97-777673ccf37c@group-7A770B342A66-LeaderElection36] INFO  impl.LeaderElection (LeaderElection.java:askForVotes(307)) - 888dbe71-6008-4ebf-8f97-777673ccf37c@group-7A770B342A66-LeaderElection36 ELECTION round 0: submit vote requests at term 1 for -1: [edc886fb-3392-4280-b977-eac73b957932|rpc:172.17.0.2:45405|dataStream:|priority:1, 888dbe71-6008-4ebf-8f97-777673ccf37c|rpc:172.17.0.2:32769|dataStream:|priority:0, 37b60bae-9d6d-40b8-9851-2e9be12703e9|rpc:172.17.0.2:46279|dataStream:|priority:0], old=null
2021-03-17 02:10:23,225 [grpc-default-executor-1] INFO  metrics.RatisMetrics (RatisMetrics.java:lambda$create$0(36)) - Creating Metrics Registry : ratis.server_message_metrics.edc886fb-3392-4280-b977-eac73b957932
2021-03-17 02:10:23,227 [grpc-default-executor-2] INFO  server.RaftServer$Division (RaftServerImpl.java:requestVote(1025)) - edc886fb-3392-4280-b977-eac73b957932@group-7A770B342A66: receive requestVote(ELECTION, 888dbe71-6008-4ebf-8f97-777673ccf37c, group-7A770B342A66, 1, (t:0, i:0))
2021-03-17 02:10:23,227 [grpc-default-executor-2] INFO  impl.VoteContext (VoteContext.java:log(48)) - edc886fb-3392-4280-b977-eac73b957932@group-7A770B342A66-FOLLOWER: reject ELECTION from 888dbe71-6008-4ebf-8f97-777673ccf37c: our priority 1 > candidate's priority 0
2021-03-17 02:10:23,227 [grpc-default-executor-2] INFO  server.RaftServer$Division (RaftServerImpl.java:setRole(284)) - edc886fb-3392-4280-b977-eac73b957932@group-7A770B342A66: changes role from  FOLLOWER to FOLLOWER at term 1 for candidate:888dbe71-6008-4ebf-8f97-777673ccf37c
2021-03-17 02:10:23,227 [grpc-default-executor-2] INFO  impl.RoleInfo (RoleInfo.java:shutdownFollowerState(108)) - edc886fb-3392-4280-b977-eac73b957932: shutdown edc886fb-3392-4280-b977-eac73b957932@group-7A770B342A66-FollowerState
2021-03-17 02:10:23,227 [grpc-default-executor-2] INFO  impl.RoleInfo (RoleInfo.java:updateAndGet(130)) - edc886fb-3392-4280-b977-eac73b957932: start edc886fb-3392-4280-b977-eac73b957932@group-7A770B342A66-FollowerState
2021-03-17 02:10:23,228 [Thread-864] INFO  impl.FollowerState (FollowerState.java:run(142)) - edc886fb-3392-4280-b977-eac73b957932@group-7A770B342A66-FollowerState was interrupted: {}
java.lang.InterruptedException: sleep interrupted
	at java.lang.Thread.sleep(Native Method)
	at java.lang.Thread.sleep(Thread.java:340)
	at java.util.concurrent.TimeUnit.sleep(TimeUnit.java:386)
	at org.apache.ratis.util.TimeDuration.sleep(TimeDuration.java:324)
	at org.apache.ratis.util.TimeDuration.sleep(TimeDuration.java:309)
	at org.apache.ratis.server.impl.FollowerState.run(FollowerState.java:117)
2021-03-17 02:10:23,228 [grpc-default-executor-1] INFO  server.RaftServer$Division (RaftServerImpl.java:requestVote(1025)) - 37b60bae-9d6d-40b8-9851-2e9be12703e9@group-7A770B342A66: receive requestVote(ELECTION, 888dbe71-6008-4ebf-8f97-777673ccf37c, group-7A770B342A66, 1, (t:0, i:0))
2021-03-17 02:10:23,228 [grpc-default-executor-1] INFO  impl.VoteContext (VoteContext.java:log(48)) - 37b60bae-9d6d-40b8-9851-2e9be12703e9@group-7A770B342A66-FOLLOWER: accept ELECTION from 888dbe71-6008-4ebf-8f97-777673ccf37c: our priority 0 <= candidate's priority 0
2021-03-17 02:10:23,228 [grpc-default-executor-1] INFO  server.RaftServer$Division (RaftServerImpl.java:setRole(284)) - 37b60bae-9d6d-40b8-9851-2e9be12703e9@group-7A770B342A66: changes role from  FOLLOWER to FOLLOWER at term 1 for candidate:888dbe71-6008-4ebf-8f97-777673ccf37c
2021-03-17 02:10:23,228 [grpc-default-executor-1] INFO  impl.RoleInfo (RoleInfo.java:shutdownFollowerState(108)) - 37b60bae-9d6d-40b8-9851-2e9be12703e9: shutdown 37b60bae-9d6d-40b8-9851-2e9be12703e9@group-7A770B342A66-FollowerState
2021-03-17 02:10:23,229 [grpc-default-executor-1] INFO  impl.RoleInfo (RoleInfo.java:updateAndGet(130)) - 37b60bae-9d6d-40b8-9851-2e9be12703e9: start 37b60bae-9d6d-40b8-9851-2e9be12703e9@group-7A770B342A66-FollowerState
2021-03-17 02:10:23,229 [Thread-869] INFO  impl.FollowerState (FollowerState.java:run(142)) - 37b60bae-9d6d-40b8-9851-2e9be12703e9@group-7A770B342A66-FollowerState was interrupted: {}
java.lang.InterruptedException: sleep interrupted
	at java.lang.Thread.sleep(Native Method)
	at java.lang.Thread.sleep(Thread.java:340)
	at java.util.concurrent.TimeUnit.sleep(TimeUnit.java:386)
	at org.apache.ratis.util.TimeDuration.sleep(TimeDuration.java:324)
	at org.apache.ratis.util.TimeDuration.sleep(TimeDuration.java:309)
	at org.apache.ratis.server.impl.FollowerState.run(FollowerState.java:117)
2021-03-17 02:10:23,230 [grpc-default-executor-2] INFO  server.RaftServer$Division (RaftServerImpl.java:requestVote(1057)) - edc886fb-3392-4280-b977-eac73b957932@group-7A770B342A66 replies to ELECTION vote request: 888dbe71-6008-4ebf-8f97-777673ccf37c<-edc886fb-3392-4280-b977-eac73b957932#0:FAIL-t1. Peer's state: edc886fb-3392-4280-b977-eac73b957932@group-7A770B342A66:t1, leader=null, voted=null, raftlog=edc886fb-3392-4280-b977-eac73b957932@group-7A770B342A66-SegmentedRaftLog:OPENED:c-1,f-1,i0, conf=-1: [edc886fb-3392-4280-b977-eac73b957932|rpc:172.17.0.2:45405|priority:1, 888dbe71-6008-4ebf-8f97-777673ccf37c|rpc:172.17.0.2:32769|priority:0, 37b60bae-9d6d-40b8-9851-2e9be12703e9|rpc:172.17.0.2:46279|priority:0], old=null
2021-03-17 02:10:23,231 [888dbe71-6008-4ebf-8f97-777673ccf37c@group-7A770B342A66-LeaderElection36] INFO  impl.LeaderElection (LeaderElection.java:logAndReturn(89)) - 888dbe71-6008-4ebf-8f97-777673ccf37c@group-7A770B342A66-LeaderElection36: ELECTION REJECTED received 1 response(s) and 0 exception(s):
2021-03-17 02:10:23,231 [888dbe71-6008-4ebf-8f97-777673ccf37c@group-7A770B342A66-LeaderElection36] INFO  impl.LeaderElection (LeaderElection.java:logAndReturn(93)) -   Response 0: 888dbe71-6008-4ebf-8f97-777673ccf37c<-edc886fb-3392-4280-b977-eac73b957932#0:FAIL-t1
2021-03-17 02:10:23,232 [888dbe71-6008-4ebf-8f97-777673ccf37c@group-7A770B342A66-LeaderElection36] INFO  impl.LeaderElection (LeaderElection.java:askForVotes(309)) - 888dbe71-6008-4ebf-8f97-777673ccf37c@group-7A770B342A66-LeaderElection36 ELECTION round 0: result REJECTED
2021-03-17 02:10:23,232 [888dbe71-6008-4ebf-8f97-777673ccf37c@group-7A770B342A66-LeaderElection36] INFO  server.RaftServer$Division (RaftServerImpl.java:setRole(284)) - 888dbe71-6008-4ebf-8f97-777673ccf37c@group-7A770B342A66: changes role from CANDIDATE to FOLLOWER at term 1 for REJECTED
2021-03-17 02:10:23,232 [888dbe71-6008-4ebf-8f97-777673ccf37c@group-7A770B342A66-LeaderElection36] INFO  impl.RoleInfo (RoleInfo.java:shutdownLeaderElection(121)) - 888dbe71-6008-4ebf-8f97-777673ccf37c: shutdown 888dbe71-6008-4ebf-8f97-777673ccf37c@group-7A770B342A66-LeaderElection36
2021-03-17 02:10:23,232 [888dbe71-6008-4ebf-8f97-777673ccf37c@group-7A770B342A66-LeaderElection36] INFO  impl.RoleInfo (RoleInfo.java:updateAndGet(130)) - 888dbe71-6008-4ebf-8f97-777673ccf37c: start 888dbe71-6008-4ebf-8f97-777673ccf37c@group-7A770B342A66-FollowerState
2021-03-17 02:10:23,232 [grpc-default-executor-1] INFO  server.RaftServer$Division (RaftServerImpl.java:requestVote(1057)) - 37b60bae-9d6d-40b8-9851-2e9be12703e9@group-7A770B342A66 replies to ELECTION vote request: 888dbe71-6008-4ebf-8f97-777673ccf37c<-37b60bae-9d6d-40b8-9851-2e9be12703e9#0:OK-t1. Peer's state: 37b60bae-9d6d-40b8-9851-2e9be12703e9@group-7A770B342A66:t1, leader=null, voted=888dbe71-6008-4ebf-8f97-777673ccf37c, raftlog=37b60bae-9d6d-40b8-9851-2e9be12703e9@group-7A770B342A66-SegmentedRaftLog:OPENED:c-1,f-1,i0, conf=-1: [edc886fb-3392-4280-b977-eac73b957932|rpc:172.17.0.2:45405|dataStream:|priority:1, 888dbe71-6008-4ebf-8f97-777673ccf37c|rpc:172.17.0.2:32769|dataStream:|priority:0, 37b60bae-9d6d-40b8-9851-2e9be12703e9|rpc:172.17.0.2:46279|dataStream:|priority:0], old=null
2021-03-17 02:10:23,236 [Thread-874] INFO  impl.FollowerState (FollowerState.java:run(133)) - 37b60bae-9d6d-40b8-9851-2e9be12703e9@group-2788439AFC0C-FollowerState: change to CANDIDATE, lastRpcElapsedTime:5020779701ns, electionTimeout:5020ms
2021-03-17 02:10:23,236 [Thread-874] INFO  impl.RoleInfo (RoleInfo.java:shutdownFollowerState(108)) - 37b60bae-9d6d-40b8-9851-2e9be12703e9: shutdown 37b60bae-9d6d-40b8-9851-2e9be12703e9@group-2788439AFC0C-FollowerState
2021-03-17 02:10:23,236 [Thread-874] INFO  server.RaftServer$Division (RaftServerImpl.java:setRole(284)) - 37b60bae-9d6d-40b8-9851-2e9be12703e9@group-2788439AFC0C: changes role from  FOLLOWER to CANDIDATE at term 0 for changeToCandidate
2021-03-17 02:10:23,237 [Thread-874] INFO  server.RaftServerConfigKeys (ConfUtils.java:logGet(44)) - raft.server.leaderelection.pre-vote = false (custom)
2021-03-17 02:10:23,237 [Thread-874] INFO  impl.RoleInfo (RoleInfo.java:updateAndGet(130)) - 37b60bae-9d6d-40b8-9851-2e9be12703e9: start 37b60bae-9d6d-40b8-9851-2e9be12703e9@group-2788439AFC0C-LeaderElection37
2021-03-17 02:10:23,239 [37b60bae-9d6d-40b8-9851-2e9be12703e9@group-2788439AFC0C-LeaderElection37] INFO  impl.LeaderElection (LeaderElection.java:askForVotes(307)) - 37b60bae-9d6d-40b8-9851-2e9be12703e9@group-2788439AFC0C-LeaderElection37 ELECTION round 0: submit vote requests at term 1 for -1: [edc886fb-3392-4280-b977-eac73b957932|rpc:172.17.0.2:45405|dataStream:|priority:0, 888dbe71-6008-4ebf-8f97-777673ccf37c|rpc:172.17.0.2:32769|dataStream:|priority:0, 37b60bae-9d6d-40b8-9851-2e9be12703e9|rpc:172.17.0.2:46279|dataStream:|priority:1], old=null
2021-03-17 02:10:23,243 [grpc-default-executor-1] INFO  server.RaftServer$Division (RaftServerImpl.java:requestVote(1025)) - edc886fb-3392-4280-b977-eac73b957932@group-2788439AFC0C: receive requestVote(ELECTION, 37b60bae-9d6d-40b8-9851-2e9be12703e9, group-2788439AFC0C, 1, (t:0, i:0))
2021-03-17 02:10:23,243 [grpc-default-executor-1] INFO  impl.VoteContext (VoteContext.java:log(48)) - edc886fb-3392-4280-b977-eac73b957932@group-2788439AFC0C-FOLLOWER: accept ELECTION from 37b60bae-9d6d-40b8-9851-2e9be12703e9: our priority 0 <= candidate's priority 1
2021-03-17 02:10:23,244 [grpc-default-executor-1] INFO  server.RaftServer$Division (RaftServerImpl.java:setRole(284)) - edc886fb-3392-4280-b977-eac73b957932@group-2788439AFC0C: changes role from  FOLLOWER to FOLLOWER at term 1 for candidate:37b60bae-9d6d-40b8-9851-2e9be12703e9
2021-03-17 02:10:23,244 [grpc-default-executor-1] INFO  impl.RoleInfo (RoleInfo.java:shutdownFollowerState(108)) - edc886fb-3392-4280-b977-eac73b957932: shutdown edc886fb-3392-4280-b977-eac73b957932@group-2788439AFC0C-FollowerState
2021-03-17 02:10:23,244 [grpc-default-executor-1] INFO  impl.RoleInfo (RoleInfo.java:updateAndGet(130)) - edc886fb-3392-4280-b977-eac73b957932: start edc886fb-3392-4280-b977-eac73b957932@group-2788439AFC0C-FollowerState
2021-03-17 02:10:23,244 [Thread-872] INFO  impl.FollowerState (FollowerState.java:run(142)) - edc886fb-3392-4280-b977-eac73b957932@group-2788439AFC0C-FollowerState was interrupted: {}
java.lang.InterruptedException: sleep interrupted
	at java.lang.Thread.sleep(Native Method)
	at java.lang.Thread.sleep(Thread.java:340)
	at java.util.concurrent.TimeUnit.sleep(TimeUnit.java:386)
	at org.apache.ratis.util.TimeDuration.sleep(TimeDuration.java:324)
	at org.apache.ratis.util.TimeDuration.sleep(TimeDuration.java:309)
	at org.apache.ratis.server.impl.FollowerState.run(FollowerState.java:117)
2021-03-17 02:10:23,245 [grpc-default-executor-1] INFO  server.RaftServer$Division (RaftServerImpl.java:requestVote(1057)) - edc886fb-3392-4280-b977-eac73b957932@group-2788439AFC0C replies to ELECTION vote request: 37b60bae-9d6d-40b8-9851-2e9be12703e9<-edc886fb-3392-4280-b977-eac73b957932#0:OK-t1. Peer's state: edc886fb-3392-4280-b977-eac73b957932@group-2788439AFC0C:t1, leader=null, voted=37b60bae-9d6d-40b8-9851-2e9be12703e9, raftlog=edc886fb-3392-4280-b977-eac73b957932@group-2788439AFC0C-SegmentedRaftLog:OPENED:c-1,f-1,i0, conf=-1: [edc886fb-3392-4280-b977-eac73b957932|rpc:172.17.0.2:45405|priority:0, 888dbe71-6008-4ebf-8f97-777673ccf37c|rpc:172.17.0.2:32769|priority:0, 37b60bae-9d6d-40b8-9851-2e9be12703e9|rpc:172.17.0.2:46279|priority:1], old=null
2021-03-17 02:10:23,247 [37b60bae-9d6d-40b8-9851-2e9be12703e9@group-2788439AFC0C-LeaderElection37] INFO  impl.LeaderElection (LeaderElection.java:logAndReturn(89)) - 37b60bae-9d6d-40b8-9851-2e9be12703e9@group-2788439AFC0C-LeaderElection37: ELECTION PASSED received 1 response(s) and 0 exception(s):
2021-03-17 02:10:23,247 [37b60bae-9d6d-40b8-9851-2e9be12703e9@group-2788439AFC0C-LeaderElection37] INFO  impl.LeaderElection (LeaderElection.java:logAndReturn(93)) -   Response 0: 37b60bae-9d6d-40b8-9851-2e9be12703e9<-edc886fb-3392-4280-b977-eac73b957932#0:OK-t1
2021-03-17 02:10:23,247 [37b60bae-9d6d-40b8-9851-2e9be12703e9@group-2788439AFC0C-LeaderElection37] INFO  impl.LeaderElection (LeaderElection.java:askForVotes(309)) - 37b60bae-9d6d-40b8-9851-2e9be12703e9@group-2788439AFC0C-LeaderElection37 ELECTION round 0: result PASSED
2021-03-17 02:10:23,247 [37b60bae-9d6d-40b8-9851-2e9be12703e9@group-2788439AFC0C-LeaderElection37] INFO  impl.RoleInfo (RoleInfo.java:shutdownLeaderElection(121)) - 37b60bae-9d6d-40b8-9851-2e9be12703e9: shutdown 37b60bae-9d6d-40b8-9851-2e9be12703e9@group-2788439AFC0C-LeaderElection37
2021-03-17 02:10:23,247 [37b60bae-9d6d-40b8-9851-2e9be12703e9@group-2788439AFC0C-LeaderElection37] INFO  server.RaftServer$Division (RaftServerImpl.java:setRole(284)) - 37b60bae-9d6d-40b8-9851-2e9be12703e9@group-2788439AFC0C: changes role from CANDIDATE to LEADER at term 1 for changeToLeader
2021-03-17 02:10:23,247 [37b60bae-9d6d-40b8-9851-2e9be12703e9@group-2788439AFC0C-LeaderElection37] INFO  ratis.XceiverServerRatis (XceiverServerRatis.java:handleLeaderChangedNotification(899)) - Leader change notification received for group: group-2788439AFC0C with new leaderId: 37b60bae-9d6d-40b8-9851-2e9be12703e9
2021-03-17 02:10:23,247 [grpc-default-executor-1] INFO  server.RaftServer$Division (RaftServerImpl.java:requestVote(1025)) - 888dbe71-6008-4ebf-8f97-777673ccf37c@group-2788439AFC0C: receive requestVote(ELECTION, 37b60bae-9d6d-40b8-9851-2e9be12703e9, group-2788439AFC0C, 1, (t:0, i:0))
2021-03-17 02:10:23,247 [grpc-default-executor-1] INFO  impl.VoteContext (VoteContext.java:log(48)) - 888dbe71-6008-4ebf-8f97-777673ccf37c@group-2788439AFC0C-FOLLOWER: accept ELECTION from 37b60bae-9d6d-40b8-9851-2e9be12703e9: our priority 0 <= candidate's priority 1
2021-03-17 02:10:23,247 [grpc-default-executor-1] INFO  server.RaftServer$Division (RaftServerImpl.java:setRole(284)) - 888dbe71-6008-4ebf-8f97-777673ccf37c@group-2788439AFC0C: changes role from  FOLLOWER to FOLLOWER at term 1 for candidate:37b60bae-9d6d-40b8-9851-2e9be12703e9
2021-03-17 02:10:23,247 [grpc-default-executor-1] INFO  impl.RoleInfo (RoleInfo.java:shutdownFollowerState(108)) - 888dbe71-6008-4ebf-8f97-777673ccf37c: shutdown 888dbe71-6008-4ebf-8f97-777673ccf37c@group-2788439AFC0C-FollowerState
2021-03-17 02:10:23,247 [grpc-default-executor-1] INFO  impl.RoleInfo (RoleInfo.java:updateAndGet(130)) - 888dbe71-6008-4ebf-8f97-777673ccf37c: start 888dbe71-6008-4ebf-8f97-777673ccf37c@group-2788439AFC0C-FollowerState
2021-03-17 02:10:23,248 [37b60bae-9d6d-40b8-9851-2e9be12703e9@group-2788439AFC0C-LeaderElection37] INFO  server.RaftServer$Division (ServerState.java:setLeader(271)) - 37b60bae-9d6d-40b8-9851-2e9be12703e9@group-2788439AFC0C: change Leader from null to 37b60bae-9d6d-40b8-9851-2e9be12703e9 at term 1 for becomeLeader, leader elected after 5037ms
2021-03-17 02:10:23,248 [37b60bae-9d6d-40b8-9851-2e9be12703e9@group-2788439AFC0C-LeaderElection37] INFO  server.RaftServerConfigKeys (ConfUtils.java:logGet(44)) - raft.server.staging.catchup.gap = 1000 (default)
2021-03-17 02:10:23,248 [Thread-877] INFO  impl.FollowerState (FollowerState.java:run(142)) - 888dbe71-6008-4ebf-8f97-777673ccf37c@group-2788439AFC0C-FollowerState was interrupted: {}
java.lang.InterruptedException: sleep interrupted
	at java.lang.Thread.sleep(Native Method)
	at java.lang.Thread.sleep(Thread.java:340)
	at java.util.concurrent.TimeUnit.sleep(TimeUnit.java:386)
	at org.apache.ratis.util.TimeDuration.sleep(TimeDuration.java:324)
	at org.apache.ratis.util.TimeDuration.sleep(TimeDuration.java:309)
	at org.apache.ratis.server.impl.FollowerState.run(FollowerState.java:117)
2021-03-17 02:10:23,248 [EventQueue-PipelineReportForOneReplicaPipelineSafeModeRule] INFO  safemode.SCMSafeModeManager (SCMSafeModeManager.java:validateSafeModeExitRules(214)) - AtleastOneDatanodeReportedRule rule is successfully validated
2021-03-17 02:10:23,248 [EventQueue-PipelineReportForPipelineReportHandler] INFO  pipeline.PipelineStateManager (PipelineStateManager.java:openPipeline(132)) - Pipeline Pipeline[ Id: bf048bff-8cd1-4cf6-83b3-2788439afc0c, Nodes: 37b60bae-9d6d-40b8-9851-2e9be12703e9{ip: 172.17.0.2, host: 70ca58e12b9b, ports: [REPLICATION=41081, RATIS=46279, RATIS_ADMIN=46279, RATIS_SERVER=46279, STANDALONE=42859], networkLocation: /default-rack, certSerialId: null, persistedOpState: IN_SERVICE, persistedOpStateExpiryEpochSec: 0}888dbe71-6008-4ebf-8f97-777673ccf37c{ip: 172.17.0.2, host: 70ca58e12b9b, ports: [REPLICATION=42049, RATIS=32769, RATIS_ADMIN=32769, RATIS_SERVER=32769, STANDALONE=40723], networkLocation: /default-rack, certSerialId: null, persistedOpState: IN_SERVICE, persistedOpStateExpiryEpochSec: 0}edc886fb-3392-4280-b977-eac73b957932{ip: 172.17.0.2, host: 70ca58e12b9b, ports: [REPLICATION=46347, RATIS=45405, RATIS_ADMIN=45405, RATIS_SERVER=45405, STANDALONE=36351], networkLocation: /default-rack, certSerialId: null, persistedOpState: IN_SERVICE, persistedOpStateExpiryEpochSec: 0}, Type:RATIS, Factor:THREE, State:ALLOCATED, leaderId:37b60bae-9d6d-40b8-9851-2e9be12703e9, CreationTimestamp2021-03-17T02:10:15.465Z] moved to OPEN state
2021-03-17 02:10:23,249 [grpc-default-executor-1] INFO  server.RaftServer$Division (RaftServerImpl.java:requestVote(1057)) - 888dbe71-6008-4ebf-8f97-777673ccf37c@group-2788439AFC0C replies to ELECTION vote request: 37b60bae-9d6d-40b8-9851-2e9be12703e9<-888dbe71-6008-4ebf-8f97-777673ccf37c#0:OK-t1. Peer's state: 888dbe71-6008-4ebf-8f97-777673ccf37c@group-2788439AFC0C:t1, leader=null, voted=37b60bae-9d6d-40b8-9851-2e9be12703e9, raftlog=888dbe71-6008-4ebf-8f97-777673ccf37c@group-2788439AFC0C-SegmentedRaftLog:OPENED:c-1,f-1,i0, conf=-1: [edc886fb-3392-4280-b977-eac73b957932|rpc:172.17.0.2:45405|dataStream:|priority:0, 888dbe71-6008-4ebf-8f97-777673ccf37c|rpc:172.17.0.2:32769|dataStream:|priority:0, 37b60bae-9d6d-40b8-9851-2e9be12703e9|rpc:172.17.0.2:46279|dataStream:|priority:1], old=null
2021-03-17 02:10:23,249 [EventQueue-OpenPipelineForHealthyPipelineSafeModeRule] INFO  safemode.SCMSafeModeManager (HealthyPipelineSafeModeRule.java:process(128)) - SCM in safe mode. Healthy pipelines reported count is 1, required healthy pipeline reported count is 1
2021-03-17 02:10:23,249 [EventQueue-OpenPipelineForHealthyPipelineSafeModeRule] INFO  safemode.SCMSafeModeManager (SCMSafeModeManager.java:validateSafeModeExitRules(214)) - HealthyPipelineSafeModeRule rule is successfully validated
2021-03-17 02:10:23,249 [EventQueue-OpenPipelineForHealthyPipelineSafeModeRule] INFO  safemode.SCMSafeModeManager (SCMSafeModeManager.java:validateSafeModeExitRules(228)) - ScmSafeModeManager, all rules are successfully validated
2021-03-17 02:10:23,249 [EventQueue-OpenPipelineForHealthyPipelineSafeModeRule] INFO  safemode.SCMSafeModeManager (SCMSafeModeManager.java:exitSafeMode(257)) - SCM exiting safe mode.
2021-03-17 02:10:23,251 [37b60bae-9d6d-40b8-9851-2e9be12703e9@group-2788439AFC0C-LeaderElection37] INFO  metrics.RatisMetrics (RatisMetrics.java:lambda$create$0(36)) - Creating Metrics Registry : ratis.log_appender.37b60bae-9d6d-40b8-9851-2e9be12703e9@group-2788439AFC0C
2021-03-17 02:10:23,251 [37b60bae-9d6d-40b8-9851-2e9be12703e9@group-2788439AFC0C-LeaderElection37] INFO  server.RaftServerConfigKeys (ConfUtils.java:logGet(44)) - raft.server.write.element-limit = 1024 (custom)
2021-03-17 02:10:23,251 [37b60bae-9d6d-40b8-9851-2e9be12703e9@group-2788439AFC0C-LeaderElection37] INFO  server.RaftServerConfigKeys (ConfUtils.java:logGet(44)) - raft.server.write.byte-limit = 1073741824 (custom)
2021-03-17 02:10:23,251 [37b60bae-9d6d-40b8-9851-2e9be12703e9@group-2788439AFC0C-LeaderElection37] INFO  server.RaftServerConfigKeys (ConfUtils.java:logGet(44)) - raft.server.watch.timeout = 3000ms (custom)
2021-03-17 02:10:23,251 [37b60bae-9d6d-40b8-9851-2e9be12703e9@group-2788439AFC0C-LeaderElection37] INFO  server.RaftServerConfigKeys (ConfUtils.java:logGet(44)) - raft.server.watch.timeout.denomination = 1s (default)
2021-03-17 02:10:23,251 [37b60bae-9d6d-40b8-9851-2e9be12703e9@group-2788439AFC0C-LeaderElection37] INFO  server.RaftServerConfigKeys (ConfUtils.java:logGet(44)) - raft.server.watch.element-limit = 65536 (default)
2021-03-17 02:10:23,252 [37b60bae-9d6d-40b8-9851-2e9be12703e9@group-2788439AFC0C-LeaderElection37] INFO  server.RaftServerConfigKeys (ConfUtils.java:logGet(44)) - raft.server.log.appender.snapshot.chunk.size.max = 16MB (=16777216) (default)
2021-03-17 02:10:23,252 [37b60bae-9d6d-40b8-9851-2e9be12703e9@group-2788439AFC0C-LeaderElection37] INFO  server.RaftServerConfigKeys (ConfUtils.java:logGet(44)) - raft.server.log.appender.buffer.byte-limit = 33554432 (custom)
2021-03-17 02:10:23,252 [37b60bae-9d6d-40b8-9851-2e9be12703e9@group-2788439AFC0C-LeaderElection37] INFO  server.RaftServerConfigKeys (ConfUtils.java:logGet(44)) - raft.server.log.appender.buffer.element-limit = 1 (custom)
2021-03-17 02:10:23,252 [37b60bae-9d6d-40b8-9851-2e9be12703e9@group-2788439AFC0C-LeaderElection37] INFO  grpc.GrpcConfigKeys (ConfUtils.java:logGet(44)) - raft.grpc.server.leader.outstanding.appends.max = 128 (default)
2021-03-17 02:10:23,252 [37b60bae-9d6d-40b8-9851-2e9be12703e9@group-2788439AFC0C-LeaderElection37] INFO  server.RaftServerConfigKeys (ConfUtils.java:logGet(44)) - raft.server.rpc.request.timeout = 3000ms (default)
2021-03-17 02:10:23,252 [37b60bae-9d6d-40b8-9851-2e9be12703e9@group-2788439AFC0C-LeaderElection37] INFO  server.RaftServerConfigKeys (ConfUtils.java:logGet(44)) - raft.server.log.appender.install.snapshot.enabled = false (custom)
2021-03-17 02:10:23,252 [37b60bae-9d6d-40b8-9851-2e9be12703e9@group-2788439AFC0C-LeaderElection37] INFO  metrics.RatisMetrics (RatisMetrics.java:lambda$create$0(36)) - Creating Metrics Registry : ratis_grpc.log_appender.37b60bae-9d6d-40b8-9851-2e9be12703e9@group-2788439AFC0C
2021-03-17 02:10:23,253 [37b60bae-9d6d-40b8-9851-2e9be12703e9@group-2788439AFC0C-LeaderElection37] INFO  server.RaftServerConfigKeys (ConfUtils.java:logGet(44)) - raft.server.log.appender.snapshot.chunk.size.max = 16MB (=16777216) (default)
2021-03-17 02:10:23,253 [37b60bae-9d6d-40b8-9851-2e9be12703e9@group-2788439AFC0C-LeaderElection37] INFO  server.RaftServerConfigKeys (ConfUtils.java:logGet(44)) - raft.server.log.appender.buffer.byte-limit = 33554432 (custom)
2021-03-17 02:10:23,253 [37b60bae-9d6d-40b8-9851-2e9be12703e9@group-2788439AFC0C-LeaderElection37] INFO  server.RaftServerConfigKeys (ConfUtils.java:logGet(44)) - raft.server.log.appender.buffer.element-limit = 1 (custom)
2021-03-17 02:10:23,253 [37b60bae-9d6d-40b8-9851-2e9be12703e9@group-2788439AFC0C-LeaderElection37] INFO  grpc.GrpcConfigKeys (ConfUtils.java:logGet(44)) - raft.grpc.server.leader.outstanding.appends.max = 128 (default)
2021-03-17 02:10:23,253 [37b60bae-9d6d-40b8-9851-2e9be12703e9@group-2788439AFC0C-LeaderElection37] INFO  server.RaftServerConfigKeys (ConfUtils.java:logGet(44)) - raft.server.rpc.request.timeout = 3000ms (default)
2021-03-17 02:10:23,253 [37b60bae-9d6d-40b8-9851-2e9be12703e9@group-2788439AFC0C-LeaderElection37] INFO  server.RaftServerConfigKeys (ConfUtils.java:logGet(44)) - raft.server.log.appender.install.snapshot.enabled = false (custom)
2021-03-17 02:10:23,254 [37b60bae-9d6d-40b8-9851-2e9be12703e9@group-2788439AFC0C-LeaderElection37] INFO  impl.RoleInfo (RoleInfo.java:updateAndGet(130)) - 37b60bae-9d6d-40b8-9851-2e9be12703e9: start 37b60bae-9d6d-40b8-9851-2e9be12703e9@group-2788439AFC0C-LeaderStateImpl
2021-03-17 02:10:23,254 [37b60bae-9d6d-40b8-9851-2e9be12703e9@group-2788439AFC0C-LeaderElection37] INFO  segmented.SegmentedRaftLogWorker (SegmentedRaftLogWorker.java:startLogSegment(392)) - 37b60bae-9d6d-40b8-9851-2e9be12703e9@group-2788439AFC0C-SegmentedRaftLogWorker: Starting segment from index:0
2021-03-17 02:10:23,255 [37b60bae-9d6d-40b8-9851-2e9be12703e9@group-2788439AFC0C-SegmentedRaftLogWorker] INFO  segmented.SegmentedRaftLogWorker (SegmentedRaftLogWorker.java:execute(599)) - 37b60bae-9d6d-40b8-9851-2e9be12703e9@group-2788439AFC0C-SegmentedRaftLogWorker: created new log segment /github/workspace/mnt/ozone/hadoop-ozone/integration-test/target/test-dir/MiniOzoneClusterImpl-5543d78b-3109-4325-8e4d-d24bfba87b26/datanode-4/data/ratis/bf048bff-8cd1-4cf6-83b3-2788439afc0c/current/log_inprogress_0
2021-03-17 02:10:23,258 [grpc-default-executor-1] INFO  ratis.XceiverServerRatis (XceiverServerRatis.java:handleLeaderChangedNotification(899)) - Leader change notification received for group: group-2788439AFC0C with new leaderId: 37b60bae-9d6d-40b8-9851-2e9be12703e9
2021-03-17 02:10:23,258 [grpc-default-executor-1] INFO  server.RaftServer$Division (ServerState.java:setLeader(271)) - edc886fb-3392-4280-b977-eac73b957932@group-2788439AFC0C: change Leader from null to 37b60bae-9d6d-40b8-9851-2e9be12703e9 at term 1 for appendEntries, leader elected after 5069ms
2021-03-17 02:10:23,266 [grpc-default-executor-3] INFO  ratis.XceiverServerRatis (XceiverServerRatis.java:handleLeaderChangedNotification(899)) - Leader change notification received for group: group-2788439AFC0C with new leaderId: 37b60bae-9d6d-40b8-9851-2e9be12703e9
2021-03-17 02:10:23,266 [37b60bae-9d6d-40b8-9851-2e9be12703e9@group-2788439AFC0C-LeaderElection37] INFO  server.RaftServer$Division (ServerState.java:setRaftConf(373)) - 37b60bae-9d6d-40b8-9851-2e9be12703e9@group-2788439AFC0C: set configuration 0: [edc886fb-3392-4280-b977-eac73b957932|rpc:172.17.0.2:45405|dataStream:|priority:0, 888dbe71-6008-4ebf-8f97-777673ccf37c|rpc:172.17.0.2:32769|dataStream:|priority:0, 37b60bae-9d6d-40b8-9851-2e9be12703e9|rpc:172.17.0.2:46279|dataStream:|priority:1], old=null
2021-03-17 02:10:23,266 [grpc-default-executor-3] INFO  server.RaftServer$Division (ServerState.java:setLeader(271)) - 888dbe71-6008-4ebf-8f97-777673ccf37c@group-2788439AFC0C: change Leader from null to 37b60bae-9d6d-40b8-9851-2e9be12703e9 at term 1 for appendEntries, leader elected after 5030ms
2021-03-17 02:10:23,277 [grpc-default-executor-3] INFO  server.RaftServer$Division (ServerState.java:setRaftConf(373)) - 888dbe71-6008-4ebf-8f97-777673ccf37c@group-2788439AFC0C: set configuration 0: [edc886fb-3392-4280-b977-eac73b957932|rpc:172.17.0.2:45405|dataStream:|priority:0, 888dbe71-6008-4ebf-8f97-777673ccf37c|rpc:172.17.0.2:32769|dataStream:|priority:0, 37b60bae-9d6d-40b8-9851-2e9be12703e9|rpc:172.17.0.2:46279|dataStream:|priority:1], old=null
2021-03-17 02:10:23,278 [grpc-default-executor-3] INFO  segmented.SegmentedRaftLogWorker (SegmentedRaftLogWorker.java:startLogSegment(392)) - 888dbe71-6008-4ebf-8f97-777673ccf37c@group-2788439AFC0C-SegmentedRaftLogWorker: Starting segment from index:0
2021-03-17 02:10:23,279 [888dbe71-6008-4ebf-8f97-777673ccf37c@group-2788439AFC0C-SegmentedRaftLogWorker] INFO  segmented.SegmentedRaftLogWorker (SegmentedRaftLogWorker.java:execute(599)) - 888dbe71-6008-4ebf-8f97-777673ccf37c@group-2788439AFC0C-SegmentedRaftLogWorker: created new log segment /github/workspace/mnt/ozone/hadoop-ozone/integration-test/target/test-dir/MiniOzoneClusterImpl-5543d78b-3109-4325-8e4d-d24bfba87b26/datanode-5/data/ratis/bf048bff-8cd1-4cf6-83b3-2788439afc0c/current/log_inprogress_0
2021-03-17 02:10:23,279 [Thread-862] INFO  impl.FollowerState (FollowerState.java:run(133)) - edc886fb-3392-4280-b977-eac73b957932@group-0A288622836C-FollowerState: change to CANDIDATE, lastRpcElapsedTime:5178944522ns, electionTimeout:5178ms
2021-03-17 02:10:23,280 [Thread-862] INFO  impl.RoleInfo (RoleInfo.java:shutdownFollowerState(108)) - edc886fb-3392-4280-b977-eac73b957932: shutdown edc886fb-3392-4280-b977-eac73b957932@group-0A288622836C-FollowerState
2021-03-17 02:10:23,280 [Thread-862] INFO  server.RaftServer$Division (RaftServerImpl.java:setRole(284)) - edc886fb-3392-4280-b977-eac73b957932@group-0A288622836C: changes role from  FOLLOWER to CANDIDATE at term 0 for changeToCandidate
2021-03-17 02:10:23,286 [grpc-default-executor-3] INFO  server.RaftServer$Division (ServerState.java:setRaftConf(373)) - edc886fb-3392-4280-b977-eac73b957932@group-2788439AFC0C: set configuration 0: [edc886fb-3392-4280-b977-eac73b957932|rpc:172.17.0.2:45405|dataStream:|priority:0, 888dbe71-6008-4ebf-8f97-777673ccf37c|rpc:172.17.0.2:32769|dataStream:|priority:0, 37b60bae-9d6d-40b8-9851-2e9be12703e9|rpc:172.17.0.2:46279|dataStream:|priority:1], old=null
2021-03-17 02:10:23,287 [grpc-default-executor-3] INFO  segmented.SegmentedRaftLogWorker (SegmentedRaftLogWorker.java:startLogSegment(392)) - edc886fb-3392-4280-b977-eac73b957932@group-2788439AFC0C-SegmentedRaftLogWorker: Starting segment from index:0
2021-03-17 02:10:23,288 [edc886fb-3392-4280-b977-eac73b957932@group-2788439AFC0C-SegmentedRaftLogWorker] INFO  segmented.SegmentedRaftLogWorker (SegmentedRaftLogWorker.java:execute(599)) - edc886fb-3392-4280-b977-eac73b957932@group-2788439AFC0C-SegmentedRaftLogWorker: created new log segment /github/workspace/mnt/ozone/hadoop-ozone/integration-test/target/test-dir/MiniOzoneClusterImpl-5543d78b-3109-4325-8e4d-d24bfba87b26/datanode-3/data/ratis/bf048bff-8cd1-4cf6-83b3-2788439afc0c/current/log_inprogress_0
2021-03-17 02:10:23,289 [Thread-862] INFO  server.RaftServerConfigKeys (ConfUtils.java:logGet(44)) - raft.server.leaderelection.pre-vote = false (custom)
2021-03-17 02:10:23,289 [Thread-862] INFO  impl.RoleInfo (RoleInfo.java:updateAndGet(130)) - edc886fb-3392-4280-b977-eac73b957932: start edc886fb-3392-4280-b977-eac73b957932@group-0A288622836C-LeaderElection38
2021-03-17 02:10:23,291 [edc886fb-3392-4280-b977-eac73b957932@group-0A288622836C-LeaderElection38] INFO  impl.LeaderElection (LeaderElection.java:askForVotes(307)) - edc886fb-3392-4280-b977-eac73b957932@group-0A288622836C-LeaderElection38 ELECTION round 0: submit vote requests at term 1 for -1: [edc886fb-3392-4280-b977-eac73b957932|rpc:172.17.0.2:45405|priority:1], old=null
2021-03-17 02:10:23,291 [edc886fb-3392-4280-b977-eac73b957932@group-0A288622836C-LeaderElection38] INFO  impl.LeaderElection (LeaderElection.java:askForVotes(309)) - edc886fb-3392-4280-b977-eac73b957932@group-0A288622836C-LeaderElection38 ELECTION round 0: result PASSED (term=1)
2021-03-17 02:10:23,292 [edc886fb-3392-4280-b977-eac73b957932@group-0A288622836C-LeaderElection38] INFO  impl.RoleInfo (RoleInfo.java:shutdownLeaderElection(121)) - edc886fb-3392-4280-b977-eac73b957932: shutdown edc886fb-3392-4280-b977-eac73b957932@group-0A288622836C-LeaderElection38
2021-03-17 02:10:23,292 [edc886fb-3392-4280-b977-eac73b957932@group-0A288622836C-LeaderElection38] INFO  server.RaftServer$Division (RaftServerImpl.java:setRole(284)) - edc886fb-3392-4280-b977-eac73b957932@group-0A288622836C: changes role from CANDIDATE to LEADER at term 1 for changeToLeader
2021-03-17 02:10:23,292 [edc886fb-3392-4280-b977-eac73b957932@group-0A288622836C-LeaderElection38] INFO  ratis.XceiverServerRatis (XceiverServerRatis.java:handleLeaderChangedNotification(899)) - Leader change notification received for group: group-0A288622836C with new leaderId: edc886fb-3392-4280-b977-eac73b957932
2021-03-17 02:10:23,292 [edc886fb-3392-4280-b977-eac73b957932@group-0A288622836C-LeaderElection38] INFO  server.RaftServer$Division (ServerState.java:setLeader(271)) - edc886fb-3392-4280-b977-eac73b957932@group-0A288622836C: change Leader from null to edc886fb-3392-4280-b977-eac73b957932 at term 1 for becomeLeader, leader elected after 5197ms
2021-03-17 02:10:23,292 [edc886fb-3392-4280-b977-eac73b957932@group-0A288622836C-LeaderElection38] INFO  server.RaftServerConfigKeys (ConfUtils.java:logGet(44)) - raft.server.staging.catchup.gap = 1000 (default)
2021-03-17 02:10:23,292 [edc886fb-3392-4280-b977-eac73b957932@group-0A288622836C-LeaderElection38] INFO  metrics.RatisMetrics (RatisMetrics.java:lambda$create$0(36)) - Creating Metrics Registry : ratis.log_appender.edc886fb-3392-4280-b977-eac73b957932@group-0A288622836C
2021-03-17 02:10:23,292 [edc886fb-3392-4280-b977-eac73b957932@group-0A288622836C-LeaderElection38] INFO  server.RaftServerConfigKeys (ConfUtils.java:logGet(44)) - raft.server.write.element-limit = 1024 (custom)
2021-03-17 02:10:23,293 [edc886fb-3392-4280-b977-eac73b957932@group-0A288622836C-LeaderElection38] INFO  server.RaftServerConfigKeys (ConfUtils.java:logGet(44)) - raft.server.write.byte-limit = 1073741824 (custom)
2021-03-17 02:10:23,293 [edc886fb-3392-4280-b977-eac73b957932@group-0A288622836C-LeaderElection38] INFO  server.RaftServerConfigKeys (ConfUtils.java:logGet(44)) - raft.server.watch.timeout = 3000ms (custom)
2021-03-17 02:10:23,293 [edc886fb-3392-4280-b977-eac73b957932@group-0A288622836C-LeaderElection38] INFO  server.RaftServerConfigKeys (ConfUtils.java:logGet(44)) - raft.server.watch.timeout.denomination = 1s (default)
2021-03-17 02:10:23,293 [edc886fb-3392-4280-b977-eac73b957932@group-0A288622836C-LeaderElection38] INFO  server.RaftServerConfigKeys (ConfUtils.java:logGet(44)) - raft.server.watch.element-limit = 65536 (default)
2021-03-17 02:10:23,293 [edc886fb-3392-4280-b977-eac73b957932@group-0A288622836C-LeaderElection38] INFO  impl.RoleInfo (RoleInfo.java:updateAndGet(130)) - edc886fb-3392-4280-b977-eac73b957932: start edc886fb-3392-4280-b977-eac73b957932@group-0A288622836C-LeaderStateImpl
2021-03-17 02:10:23,293 [edc886fb-3392-4280-b977-eac73b957932@group-0A288622836C-LeaderElection38] INFO  segmented.SegmentedRaftLogWorker (SegmentedRaftLogWorker.java:startLogSegment(392)) - edc886fb-3392-4280-b977-eac73b957932@group-0A288622836C-SegmentedRaftLogWorker: Starting segment from index:0
2021-03-17 02:10:23,294 [edc886fb-3392-4280-b977-eac73b957932@group-0A288622836C-LeaderElection38] INFO  server.RaftServer$Division (ServerState.java:setRaftConf(373)) - edc886fb-3392-4280-b977-eac73b957932@group-0A288622836C: set configuration 0: [edc886fb-3392-4280-b977-eac73b957932|rpc:172.17.0.2:45405|dataStream:|priority:1], old=null
2021-03-17 02:10:23,294 [edc886fb-3392-4280-b977-eac73b957932@group-0A288622836C-SegmentedRaftLogWorker] INFO  segmented.SegmentedRaftLogWorker (SegmentedRaftLogWorker.java:execute(599)) - edc886fb-3392-4280-b977-eac73b957932@group-0A288622836C-SegmentedRaftLogWorker: created new log segment /github/workspace/mnt/ozone/hadoop-ozone/integration-test/target/test-dir/MiniOzoneClusterImpl-5543d78b-3109-4325-8e4d-d24bfba87b26/datanode-3/data/ratis/86f0d598-410f-4fb4-8830-0a288622836c/current/log_inprogress_0
2021-03-17 02:10:23,482 [Thread-880] INFO  impl.FollowerState (FollowerState.java:run(133)) - 37b60bae-9d6d-40b8-9851-2e9be12703e9@group-C25E8B788A8F-FollowerState: change to CANDIDATE, lastRpcElapsedTime:5179177022ns, electionTimeout:5178ms
2021-03-17 02:10:23,482 [Thread-880] INFO  impl.RoleInfo (RoleInfo.java:shutdownFollowerState(108)) - 37b60bae-9d6d-40b8-9851-2e9be12703e9: shutdown 37b60bae-9d6d-40b8-9851-2e9be12703e9@group-C25E8B788A8F-FollowerState
2021-03-17 02:10:23,482 [Thread-880] INFO  server.RaftServer$Division (RaftServerImpl.java:setRole(284)) - 37b60bae-9d6d-40b8-9851-2e9be12703e9@group-C25E8B788A8F: changes role from  FOLLOWER to CANDIDATE at term 0 for changeToCandidate
2021-03-17 02:10:23,482 [Thread-880] INFO  server.RaftServerConfigKeys (ConfUtils.java:logGet(44)) - raft.server.leaderelection.pre-vote = false (custom)
2021-03-17 02:10:23,482 [Thread-880] INFO  impl.RoleInfo (RoleInfo.java:updateAndGet(130)) - 37b60bae-9d6d-40b8-9851-2e9be12703e9: start 37b60bae-9d6d-40b8-9851-2e9be12703e9@group-C25E8B788A8F-LeaderElection39
2021-03-17 02:10:23,484 [37b60bae-9d6d-40b8-9851-2e9be12703e9@group-C25E8B788A8F-LeaderElection39] INFO  impl.LeaderElection (LeaderElection.java:askForVotes(307)) - 37b60bae-9d6d-40b8-9851-2e9be12703e9@group-C25E8B788A8F-LeaderElection39 ELECTION round 0: submit vote requests at term 1 for -1: [37b60bae-9d6d-40b8-9851-2e9be12703e9|rpc:172.17.0.2:46279|priority:1], old=null
2021-03-17 02:10:23,484 [37b60bae-9d6d-40b8-9851-2e9be12703e9@group-C25E8B788A8F-LeaderElection39] INFO  impl.LeaderElection (LeaderElection.java:askForVotes(309)) - 37b60bae-9d6d-40b8-9851-2e9be12703e9@group-C25E8B788A8F-LeaderElection39 ELECTION round 0: result PASSED (term=1)
2021-03-17 02:10:23,484 [37b60bae-9d6d-40b8-9851-2e9be12703e9@group-C25E8B788A8F-LeaderElection39] INFO  impl.RoleInfo (RoleInfo.java:shutdownLeaderElection(121)) - 37b60bae-9d6d-40b8-9851-2e9be12703e9: shutdown 37b60bae-9d6d-40b8-9851-2e9be12703e9@group-C25E8B788A8F-LeaderElection39
2021-03-17 02:10:23,485 [37b60bae-9d6d-40b8-9851-2e9be12703e9@group-C25E8B788A8F-LeaderElection39] INFO  server.RaftServer$Division (RaftServerImpl.java:setRole(284)) - 37b60bae-9d6d-40b8-9851-2e9be12703e9@group-C25E8B788A8F: changes role from CANDIDATE to LEADER at term 1 for changeToLeader
2021-03-17 02:10:23,485 [37b60bae-9d6d-40b8-9851-2e9be12703e9@group-C25E8B788A8F-LeaderElection39] INFO  ratis.XceiverServerRatis (XceiverServerRatis.java:handleLeaderChangedNotification(899)) - Leader change notification received for group: group-C25E8B788A8F with new leaderId: 37b60bae-9d6d-40b8-9851-2e9be12703e9
2021-03-17 02:10:23,485 [37b60bae-9d6d-40b8-9851-2e9be12703e9@group-C25E8B788A8F-LeaderElection39] INFO  server.RaftServer$Division (ServerState.java:setLeader(271)) - 37b60bae-9d6d-40b8-9851-2e9be12703e9@group-C25E8B788A8F: change Leader from null to 37b60bae-9d6d-40b8-9851-2e9be12703e9 at term 1 for becomeLeader, leader elected after 5191ms
2021-03-17 02:10:23,485 [37b60bae-9d6d-40b8-9851-2e9be12703e9@group-C25E8B788A8F-LeaderElection39] INFO  server.RaftServerConfigKeys (ConfUtils.java:logGet(44)) - raft.server.staging.catchup.gap = 1000 (default)
2021-03-17 02:10:23,485 [37b60bae-9d6d-40b8-9851-2e9be12703e9@group-C25E8B788A8F-LeaderElection39] INFO  metrics.RatisMetrics (RatisMetrics.java:lambda$create$0(36)) - Creating Metrics Registry : ratis.log_appender.37b60bae-9d6d-40b8-9851-2e9be12703e9@group-C25E8B788A8F
2021-03-17 02:10:23,485 [37b60bae-9d6d-40b8-9851-2e9be12703e9@group-C25E8B788A8F-LeaderElection39] INFO  server.RaftServerConfigKeys (ConfUtils.java:logGet(44)) - raft.server.write.element-limit = 1024 (custom)
2021-03-17 02:10:23,485 [37b60bae-9d6d-40b8-9851-2e9be12703e9@group-C25E8B788A8F-LeaderElection39] INFO  server.RaftServerConfigKeys (ConfUtils.java:logGet(44)) - raft.server.write.byte-limit = 1073741824 (custom)
2021-03-17 02:10:23,486 [37b60bae-9d6d-40b8-9851-2e9be12703e9@group-C25E8B788A8F-LeaderElection39] INFO  server.RaftServerConfigKeys (ConfUtils.java:logGet(44)) - raft.server.watch.timeout = 3000ms (custom)
2021-03-17 02:10:23,486 [37b60bae-9d6d-40b8-9851-2e9be12703e9@group-C25E8B788A8F-LeaderElection39] INFO  server.RaftServerConfigKeys (ConfUtils.java:logGet(44)) - raft.server.watch.timeout.denomination = 1s (default)
2021-03-17 02:10:23,486 [37b60bae-9d6d-40b8-9851-2e9be12703e9@group-C25E8B788A8F-LeaderElection39] INFO  server.RaftServerConfigKeys (ConfUtils.java:logGet(44)) - raft.server.watch.element-limit = 65536 (default)
2021-03-17 02:10:23,486 [37b60bae-9d6d-40b8-9851-2e9be12703e9@group-C25E8B788A8F-LeaderElection39] INFO  impl.RoleInfo (RoleInfo.java:updateAndGet(130)) - 37b60bae-9d6d-40b8-9851-2e9be12703e9: start 37b60bae-9d6d-40b8-9851-2e9be12703e9@group-C25E8B788A8F-LeaderStateImpl
2021-03-17 02:10:23,486 [37b60bae-9d6d-40b8-9851-2e9be12703e9@group-C25E8B788A8F-LeaderElection39] INFO  segmented.SegmentedRaftLogWorker (SegmentedRaftLogWorker.java:startLogSegment(392)) - 37b60bae-9d6d-40b8-9851-2e9be12703e9@group-C25E8B788A8F-SegmentedRaftLogWorker: Starting segment from index:0
2021-03-17 02:10:23,490 [37b60bae-9d6d-40b8-9851-2e9be12703e9@group-C25E8B788A8F-LeaderElection39] INFO  server.RaftServer$Division (ServerState.java:setRaftConf(373)) - 37b60bae-9d6d-40b8-9851-2e9be12703e9@group-C25E8B788A8F: set configuration 0: [37b60bae-9d6d-40b8-9851-2e9be12703e9|rpc:172.17.0.2:46279|dataStream:|priority:1], old=null
2021-03-17 02:10:23,491 [37b60bae-9d6d-40b8-9851-2e9be12703e9@group-C25E8B788A8F-SegmentedRaftLogWorker] INFO  segmented.SegmentedRaftLogWorker (SegmentedRaftLogWorker.java:execute(599)) - 37b60bae-9d6d-40b8-9851-2e9be12703e9@group-C25E8B788A8F-SegmentedRaftLogWorker: created new log segment /github/workspace/mnt/ozone/hadoop-ozone/integration-test/target/test-dir/MiniOzoneClusterImpl-5543d78b-3109-4325-8e4d-d24bfba87b26/datanode-4/data/ratis/50c93adb-4d03-4ae7-ad94-c25e8b788a8f/current/log_inprogress_0
2021-03-17 02:10:23,647 [Thread-882] INFO  impl.FollowerState (FollowerState.java:run(133)) - 888dbe71-6008-4ebf-8f97-777673ccf37c@group-591BBB34F33B-FollowerState: change to CANDIDATE, lastRpcElapsedTime:5173753415ns, electionTimeout:5166ms
2021-03-17 02:10:23,647 [Thread-882] INFO  impl.RoleInfo (RoleInfo.java:shutdownFollowerState(108)) - 888dbe71-6008-4ebf-8f97-777673ccf37c: shutdown 888dbe71-6008-4ebf-8f97-777673ccf37c@group-591BBB34F33B-FollowerState
2021-03-17 02:10:23,647 [Thread-882] INFO  server.RaftServer$Division (RaftServerImpl.java:setRole(284)) - 888dbe71-6008-4ebf-8f97-777673ccf37c@group-591BBB34F33B: changes role from  FOLLOWER to CANDIDATE at term 0 for changeToCandidate
2021-03-17 02:10:23,648 [Listener at 127.0.0.1/40005] INFO  ozone.MiniOzoneClusterImpl (MiniOzoneClusterImpl.java:lambda$waitForClusterToBeReady$0(187)) - Nodes are ready. Got 7 of 7 DN Heartbeats.
2021-03-17 02:10:23,648 [Listener at 127.0.0.1/40005] INFO  ozone.MiniOzoneClusterImpl (MiniOzoneClusterImpl.java:lambda$waitForClusterToBeReady$0(190)) - Cluster exits safe mode
2021-03-17 02:10:23,648 [Thread-882] INFO  server.RaftServerConfigKeys (ConfUtils.java:logGet(44)) - raft.server.leaderelection.pre-vote = false (custom)
2021-03-17 02:10:23,649 [Thread-882] INFO  impl.RoleInfo (RoleInfo.java:updateAndGet(130)) - 888dbe71-6008-4ebf-8f97-777673ccf37c: start 888dbe71-6008-4ebf-8f97-777673ccf37c@group-591BBB34F33B-LeaderElection40
2021-03-17 02:10:23,652 [888dbe71-6008-4ebf-8f97-777673ccf37c@group-591BBB34F33B-LeaderElection40] INFO  impl.LeaderElection (LeaderElection.java:askForVotes(307)) - 888dbe71-6008-4ebf-8f97-777673ccf37c@group-591BBB34F33B-LeaderElection40 ELECTION round 0: submit vote requests at term 1 for -1: [888dbe71-6008-4ebf-8f97-777673ccf37c|rpc:172.17.0.2:32769|priority:1], old=null
2021-03-17 02:10:23,652 [888dbe71-6008-4ebf-8f97-777673ccf37c@group-591BBB34F33B-LeaderElection40] INFO  impl.LeaderElection (LeaderElection.java:askForVotes(309)) - 888dbe71-6008-4ebf-8f97-777673ccf37c@group-591BBB34F33B-LeaderElection40 ELECTION round 0: result PASSED (term=1)
2021-03-17 02:10:23,652 [888dbe71-6008-4ebf-8f97-777673ccf37c@group-591BBB34F33B-LeaderElection40] INFO  impl.RoleInfo (RoleInfo.java:shutdownLeaderElection(121)) - 888dbe71-6008-4ebf-8f97-777673ccf37c: shutdown 888dbe71-6008-4ebf-8f97-777673ccf37c@group-591BBB34F33B-LeaderElection40
2021-03-17 02:10:23,652 [888dbe71-6008-4ebf-8f97-777673ccf37c@group-591BBB34F33B-LeaderElection40] INFO  server.RaftServer$Division (RaftServerImpl.java:setRole(284)) - 888dbe71-6008-4ebf-8f97-777673ccf37c@group-591BBB34F33B: changes role from CANDIDATE to LEADER at term 1 for changeToLeader
2021-03-17 02:10:23,652 [888dbe71-6008-4ebf-8f97-777673ccf37c@group-591BBB34F33B-LeaderElection40] INFO  ratis.XceiverServerRatis (XceiverServerRatis.java:handleLeaderChangedNotification(899)) - Leader change notification received for group: group-591BBB34F33B with new leaderId: 888dbe71-6008-4ebf-8f97-777673ccf37c
2021-03-17 02:10:23,653 [888dbe71-6008-4ebf-8f97-777673ccf37c@group-591BBB34F33B-LeaderElection40] INFO  server.RaftServer$Division (ServerState.java:setLeader(271)) - 888dbe71-6008-4ebf-8f97-777673ccf37c@group-591BBB34F33B: change Leader from null to 888dbe71-6008-4ebf-8f97-777673ccf37c at term 1 for becomeLeader, leader elected after 5185ms
2021-03-17 02:10:23,653 [888dbe71-6008-4ebf-8f97-777673ccf37c@group-591BBB34F33B-LeaderElection40] INFO  server.RaftServerConfigKeys (ConfUtils.java:logGet(44)) - raft.server.staging.catchup.gap = 1000 (default)
2021-03-17 02:10:23,653 [888dbe71-6008-4ebf-8f97-777673ccf37c@group-591BBB34F33B-LeaderElection40] INFO  metrics.RatisMetrics (RatisMetrics.java:lambda$create$0(36)) - Creating Metrics Registry : ratis.log_appender.888dbe71-6008-4ebf-8f97-777673ccf37c@group-591BBB34F33B
2021-03-17 02:10:23,653 [888dbe71-6008-4ebf-8f97-777673ccf37c@group-591BBB34F33B-LeaderElection40] INFO  server.RaftServerConfigKeys (ConfUtils.java:logGet(44)) - raft.server.write.element-limit = 1024 (custom)
2021-03-17 02:10:23,653 [888dbe71-6008-4ebf-8f97-777673ccf37c@group-591BBB34F33B-LeaderElection40] INFO  server.RaftServerConfigKeys (ConfUtils.java:logGet(44)) - raft.server.write.byte-limit = 1073741824 (custom)
2021-03-17 02:10:23,658 [888dbe71-6008-4ebf-8f97-777673ccf37c@group-591BBB34F33B-LeaderElection40] INFO  server.RaftServerConfigKeys (ConfUtils.java:logGet(44)) - raft.server.watch.timeout = 3000ms (custom)
2021-03-17 02:10:23,658 [888dbe71-6008-4ebf-8f97-777673ccf37c@group-591BBB34F33B-LeaderElection40] INFO  server.RaftServerConfigKeys (ConfUtils.java:logGet(44)) - raft.server.watch.timeout.denomination = 1s (default)
2021-03-17 02:10:23,658 [888dbe71-6008-4ebf-8f97-777673ccf37c@group-591BBB34F33B-LeaderElection40] INFO  server.RaftServerConfigKeys (ConfUtils.java:logGet(44)) - raft.server.watch.element-limit = 65536 (default)
2021-03-17 02:10:23,658 [888dbe71-6008-4ebf-8f97-777673ccf37c@group-591BBB34F33B-LeaderElection40] INFO  impl.RoleInfo (RoleInfo.java:updateAndGet(130)) - 888dbe71-6008-4ebf-8f97-777673ccf37c: start 888dbe71-6008-4ebf-8f97-777673ccf37c@group-591BBB34F33B-LeaderStateImpl
2021-03-17 02:10:23,658 [888dbe71-6008-4ebf-8f97-777673ccf37c@group-591BBB34F33B-LeaderElection40] INFO  segmented.SegmentedRaftLogWorker (SegmentedRaftLogWorker.java:startLogSegment(392)) - 888dbe71-6008-4ebf-8f97-777673ccf37c@group-591BBB34F33B-SegmentedRaftLogWorker: Starting segment from index:0
2021-03-17 02:10:23,659 [Listener at 127.0.0.1/40005] INFO  rpc.RpcClient (RpcClient.java:createVolume(279)) - Creating Volume: testblockoutputstream, with jenkins1001 as owner and space quota set to -1 bytes, counts quota set to -1
2021-03-17 02:10:23,659 [888dbe71-6008-4ebf-8f97-777673ccf37c@group-591BBB34F33B-SegmentedRaftLogWorker] INFO  segmented.SegmentedRaftLogWorker (SegmentedRaftLogWorker.java:execute(599)) - 888dbe71-6008-4ebf-8f97-777673ccf37c@group-591BBB34F33B-SegmentedRaftLogWorker: created new log segment /github/workspace/mnt/ozone/hadoop-ozone/integration-test/target/test-dir/MiniOzoneClusterImpl-5543d78b-3109-4325-8e4d-d24bfba87b26/datanode-5/data/ratis/0b5afd2b-c7d0-4abc-b923-591bbb34f33b/current/log_inprogress_0
2021-03-17 02:10:23,663 [888dbe71-6008-4ebf-8f97-777673ccf37c@group-591BBB34F33B-LeaderElection40] INFO  server.RaftServer$Division (ServerState.java:setRaftConf(373)) - 888dbe71-6008-4ebf-8f97-777673ccf37c@group-591BBB34F33B: set configuration 0: [888dbe71-6008-4ebf-8f97-777673ccf37c|rpc:172.17.0.2:32769|dataStream:|priority:1], old=null
2021-03-17 02:10:23,674 [OM StateMachine ApplyTransaction Thread - 0] INFO  volume.OMVolumeCreateRequest (OMVolumeCreateRequest.java:validateAndUpdateCache(196)) - created volume:testblockoutputstream for user:jenkins1001
2021-03-17 02:10:23,679 [Listener at 127.0.0.1/40005] INFO  rpc.RpcClient (RpcClient.java:createBucket(441)) - Creating Bucket: testblockoutputstream/testblockoutputstream, with Versioning false and Storage Type set to DISK and Encryption set to false 
2021-03-17 02:10:23,709 [Listener at 127.0.0.1/40005] INFO  metrics.RatisMetrics (RatisMetrics.java:lambda$create$0(36)) - Creating Metrics Registry : ratis.client_message_metrics.client-AF6432E01C2B->a3b22ff5-07c5-4717-894b-669982ee3e54
2021-03-17 02:10:23,726 [Thread-884] INFO  impl.FollowerState (FollowerState.java:run(133)) - 13cb06b2-640f-4fce-af7e-e16c133353a1@group-025AD1A9A4D3-FollowerState: change to CANDIDATE, lastRpcElapsedTime:5071327171ns, electionTimeout:5071ms
2021-03-17 02:10:23,726 [Thread-884] INFO  impl.RoleInfo (RoleInfo.java:shutdownFollowerState(108)) - 13cb06b2-640f-4fce-af7e-e16c133353a1: shutdown 13cb06b2-640f-4fce-af7e-e16c133353a1@group-025AD1A9A4D3-FollowerState
2021-03-17 02:10:23,726 [Thread-884] INFO  server.RaftServer$Division (RaftServerImpl.java:setRole(284)) - 13cb06b2-640f-4fce-af7e-e16c133353a1@group-025AD1A9A4D3: changes role from  FOLLOWER to CANDIDATE at term 0 for changeToCandidate
2021-03-17 02:10:23,727 [Thread-884] INFO  server.RaftServerConfigKeys (ConfUtils.java:logGet(44)) - raft.server.leaderelection.pre-vote = false (custom)
2021-03-17 02:10:23,727 [Thread-884] INFO  impl.RoleInfo (RoleInfo.java:updateAndGet(130)) - 13cb06b2-640f-4fce-af7e-e16c133353a1: start 13cb06b2-640f-4fce-af7e-e16c133353a1@group-025AD1A9A4D3-LeaderElection41
2021-03-17 02:10:23,735 [13cb06b2-640f-4fce-af7e-e16c133353a1@group-025AD1A9A4D3-LeaderElection41] INFO  impl.LeaderElection (LeaderElection.java:askForVotes(307)) - 13cb06b2-640f-4fce-af7e-e16c133353a1@group-025AD1A9A4D3-LeaderElection41 ELECTION round 0: submit vote requests at term 1 for -1: [13cb06b2-640f-4fce-af7e-e16c133353a1|rpc:172.17.0.2:35095|priority:1], old=null
2021-03-17 02:10:23,736 [13cb06b2-640f-4fce-af7e-e16c133353a1@group-025AD1A9A4D3-LeaderElection41] INFO  impl.LeaderElection (LeaderElection.java:askForVotes(309)) - 13cb06b2-640f-4fce-af7e-e16c133353a1@group-025AD1A9A4D3-LeaderElection41 ELECTION round 0: result PASSED (term=1)
2021-03-17 02:10:23,736 [13cb06b2-640f-4fce-af7e-e16c133353a1@group-025AD1A9A4D3-LeaderElection41] INFO  impl.RoleInfo (RoleInfo.java:shutdownLeaderElection(121)) - 13cb06b2-640f-4fce-af7e-e16c133353a1: shutdown 13cb06b2-640f-4fce-af7e-e16c133353a1@group-025AD1A9A4D3-LeaderElection41
2021-03-17 02:10:23,736 [13cb06b2-640f-4fce-af7e-e16c133353a1@group-025AD1A9A4D3-LeaderElection41] INFO  server.RaftServer$Division (RaftServerImpl.java:setRole(284)) - 13cb06b2-640f-4fce-af7e-e16c133353a1@group-025AD1A9A4D3: changes role from CANDIDATE to LEADER at term 1 for changeToLeader
2021-03-17 02:10:23,736 [13cb06b2-640f-4fce-af7e-e16c133353a1@group-025AD1A9A4D3-LeaderElection41] INFO  ratis.XceiverServerRatis (XceiverServerRatis.java:handleLeaderChangedNotification(899)) - Leader change notification received for group: group-025AD1A9A4D3 with new leaderId: 13cb06b2-640f-4fce-af7e-e16c133353a1
2021-03-17 02:10:23,737 [13cb06b2-640f-4fce-af7e-e16c133353a1@group-025AD1A9A4D3-LeaderElection41] INFO  server.RaftServer$Division (ServerState.java:setLeader(271)) - 13cb06b2-640f-4fce-af7e-e16c133353a1@group-025AD1A9A4D3: change Leader from null to 13cb06b2-640f-4fce-af7e-e16c133353a1 at term 1 for becomeLeader, leader elected after 5085ms
2021-03-17 02:10:23,737 [13cb06b2-640f-4fce-af7e-e16c133353a1@group-025AD1A9A4D3-LeaderElection41] INFO  server.RaftServerConfigKeys (ConfUtils.java:logGet(44)) - raft.server.staging.catchup.gap = 1000 (default)
2021-03-17 02:10:23,737 [13cb06b2-640f-4fce-af7e-e16c133353a1@group-025AD1A9A4D3-LeaderElection41] INFO  metrics.RatisMetrics (RatisMetrics.java:lambda$create$0(36)) - Creating Metrics Registry : ratis.log_appender.13cb06b2-640f-4fce-af7e-e16c133353a1@group-025AD1A9A4D3
2021-03-17 02:10:23,738 [13cb06b2-640f-4fce-af7e-e16c133353a1@group-025AD1A9A4D3-LeaderElection41] INFO  server.RaftServerConfigKeys (ConfUtils.java:logGet(44)) - raft.server.write.element-limit = 1024 (custom)
2021-03-17 02:10:23,738 [13cb06b2-640f-4fce-af7e-e16c133353a1@group-025AD1A9A4D3-LeaderElection41] INFO  server.RaftServerConfigKeys (ConfUtils.java:logGet(44)) - raft.server.write.byte-limit = 1073741824 (custom)
2021-03-17 02:10:23,739 [13cb06b2-640f-4fce-af7e-e16c133353a1@group-025AD1A9A4D3-LeaderElection41] INFO  server.RaftServerConfigKeys (ConfUtils.java:logGet(44)) - raft.server.watch.timeout = 3000ms (custom)
2021-03-17 02:10:23,740 [13cb06b2-640f-4fce-af7e-e16c133353a1@group-025AD1A9A4D3-LeaderElection41] INFO  server.RaftServerConfigKeys (ConfUtils.java:logGet(44)) - raft.server.watch.timeout.denomination = 1s (default)
2021-03-17 02:10:23,740 [13cb06b2-640f-4fce-af7e-e16c133353a1@group-025AD1A9A4D3-LeaderElection41] INFO  server.RaftServerConfigKeys (ConfUtils.java:logGet(44)) - raft.server.watch.element-limit = 65536 (default)
2021-03-17 02:10:23,741 [13cb06b2-640f-4fce-af7e-e16c133353a1@group-025AD1A9A4D3-LeaderElection41] INFO  impl.RoleInfo (RoleInfo.java:updateAndGet(130)) - 13cb06b2-640f-4fce-af7e-e16c133353a1: start 13cb06b2-640f-4fce-af7e-e16c133353a1@group-025AD1A9A4D3-LeaderStateImpl
2021-03-17 02:10:23,742 [13cb06b2-640f-4fce-af7e-e16c133353a1@group-025AD1A9A4D3-LeaderElection41] INFO  segmented.SegmentedRaftLogWorker (SegmentedRaftLogWorker.java:startLogSegment(392)) - 13cb06b2-640f-4fce-af7e-e16c133353a1@group-025AD1A9A4D3-SegmentedRaftLogWorker: Starting segment from index:0
2021-03-17 02:10:23,742 [13cb06b2-640f-4fce-af7e-e16c133353a1@group-025AD1A9A4D3-SegmentedRaftLogWorker] INFO  segmented.SegmentedRaftLogWorker (SegmentedRaftLogWorker.java:execute(599)) - 13cb06b2-640f-4fce-af7e-e16c133353a1@group-025AD1A9A4D3-SegmentedRaftLogWorker: created new log segment /github/workspace/mnt/ozone/hadoop-ozone/integration-test/target/test-dir/MiniOzoneClusterImpl-5543d78b-3109-4325-8e4d-d24bfba87b26/datanode-6/data/ratis/55f7e9b5-0534-4489-a221-025ad1a9a4d3/current/log_inprogress_0
2021-03-17 02:10:23,749 [13cb06b2-640f-4fce-af7e-e16c133353a1@group-025AD1A9A4D3-LeaderElection41] INFO  server.RaftServer$Division (ServerState.java:setRaftConf(373)) - 13cb06b2-640f-4fce-af7e-e16c133353a1@group-025AD1A9A4D3: set configuration 0: [13cb06b2-640f-4fce-af7e-e16c133353a1|rpc:172.17.0.2:35095|dataStream:|priority:1], old=null
2021-03-17 02:10:24,754 [Datanode State Machine Thread - 0] INFO  statemachine.DatanodeStateMachine (DatanodeStateMachine.java:lambda$startDaemon$0(411)) - Ozone container server started.
2021-03-17 02:10:26,259 [EventQueue-Delayed safe mode statusForReplicationManager] INFO  container.ReplicationManager (ReplicationManager.java:start(186)) - Starting Replication Monitor Thread.
2021-03-17 02:10:26,261 [ReplicationMonitor] INFO  container.ReplicationManager (ReplicationManager.java:run(250)) - Replication Monitor Thread took 0 milliseconds for processing 3 containers.
2021-03-17 02:10:27,728 [Thread-896] INFO  impl.FollowerState (FollowerState.java:run(133)) - c22503ba-573b-463b-9e1c-de44cfeb847d@group-0D254D493D02-FollowerState: change to CANDIDATE, lastRpcElapsedTime:5073573875ns, electionTimeout:5058ms
2021-03-17 02:10:27,728 [Thread-896] INFO  impl.RoleInfo (RoleInfo.java:shutdownFollowerState(108)) - c22503ba-573b-463b-9e1c-de44cfeb847d: shutdown c22503ba-573b-463b-9e1c-de44cfeb847d@group-0D254D493D02-FollowerState
2021-03-17 02:10:27,728 [Thread-896] INFO  server.RaftServer$Division (RaftServerImpl.java:setRole(284)) - c22503ba-573b-463b-9e1c-de44cfeb847d@group-0D254D493D02: changes role from  FOLLOWER to CANDIDATE at term 1 for changeToCandidate
2021-03-17 02:10:27,728 [Thread-896] INFO  server.RaftServerConfigKeys (ConfUtils.java:logGet(44)) - raft.server.leaderelection.pre-vote = false (custom)
2021-03-17 02:10:27,728 [Thread-896] INFO  impl.RoleInfo (RoleInfo.java:updateAndGet(130)) - c22503ba-573b-463b-9e1c-de44cfeb847d: start c22503ba-573b-463b-9e1c-de44cfeb847d@group-0D254D493D02-LeaderElection42
2021-03-17 02:10:27,730 [c22503ba-573b-463b-9e1c-de44cfeb847d@group-0D254D493D02-LeaderElection42] INFO  impl.LeaderElection (LeaderElection.java:askForVotes(307)) - c22503ba-573b-463b-9e1c-de44cfeb847d@group-0D254D493D02-LeaderElection42 ELECTION round 0: submit vote requests at term 2 for -1: [c22503ba-573b-463b-9e1c-de44cfeb847d|rpc:172.17.0.2:34901|priority:1, a3b22ff5-07c5-4717-894b-669982ee3e54|rpc:172.17.0.2:42689|priority:0, 7be7a3ee-2c60-4daa-92d5-fce366cccc9d|rpc:172.17.0.2:39539|priority:0], old=null
2021-03-17 02:10:27,735 [grpc-default-executor-1] INFO  server.RaftServer$Division (RaftServerImpl.java:requestVote(1025)) - 7be7a3ee-2c60-4daa-92d5-fce366cccc9d@group-0D254D493D02: receive requestVote(ELECTION, c22503ba-573b-463b-9e1c-de44cfeb847d, group-0D254D493D02, 2, (t:0, i:0))
2021-03-17 02:10:27,735 [grpc-default-executor-1] INFO  impl.VoteContext (VoteContext.java:log(48)) - 7be7a3ee-2c60-4daa-92d5-fce366cccc9d@group-0D254D493D02-FOLLOWER: accept ELECTION from c22503ba-573b-463b-9e1c-de44cfeb847d: our priority 0 <= candidate's priority 1
2021-03-17 02:10:27,735 [grpc-default-executor-1] INFO  server.RaftServer$Division (RaftServerImpl.java:setRole(284)) - 7be7a3ee-2c60-4daa-92d5-fce366cccc9d@group-0D254D493D02: changes role from  FOLLOWER to FOLLOWER at term 2 for candidate:c22503ba-573b-463b-9e1c-de44cfeb847d
2021-03-17 02:10:27,735 [grpc-default-executor-1] INFO  impl.RoleInfo (RoleInfo.java:shutdownFollowerState(108)) - 7be7a3ee-2c60-4daa-92d5-fce366cccc9d: shutdown 7be7a3ee-2c60-4daa-92d5-fce366cccc9d@group-0D254D493D02-FollowerState
2021-03-17 02:10:27,735 [grpc-default-executor-1] INFO  impl.RoleInfo (RoleInfo.java:updateAndGet(130)) - 7be7a3ee-2c60-4daa-92d5-fce366cccc9d: start 7be7a3ee-2c60-4daa-92d5-fce366cccc9d@group-0D254D493D02-FollowerState
2021-03-17 02:10:27,735 [Thread-893] INFO  impl.FollowerState (FollowerState.java:run(142)) - 7be7a3ee-2c60-4daa-92d5-fce366cccc9d@group-0D254D493D02-FollowerState was interrupted: {}
java.lang.InterruptedException: sleep interrupted
	at java.lang.Thread.sleep(Native Method)
	at java.lang.Thread.sleep(Thread.java:340)
	at java.util.concurrent.TimeUnit.sleep(TimeUnit.java:386)
	at org.apache.ratis.util.TimeDuration.sleep(TimeDuration.java:324)
	at org.apache.ratis.util.TimeDuration.sleep(TimeDuration.java:309)
	at org.apache.ratis.server.impl.FollowerState.run(FollowerState.java:117)
2021-03-17 02:10:27,738 [grpc-default-executor-3] INFO  server.RaftServer$Division (RaftServerImpl.java:requestVote(1025)) - a3b22ff5-07c5-4717-894b-669982ee3e54@group-0D254D493D02: receive requestVote(ELECTION, c22503ba-573b-463b-9e1c-de44cfeb847d, group-0D254D493D02, 2, (t:0, i:0))
2021-03-17 02:10:27,738 [grpc-default-executor-3] INFO  impl.VoteContext (VoteContext.java:log(48)) - a3b22ff5-07c5-4717-894b-669982ee3e54@group-0D254D493D02-FOLLOWER: accept ELECTION from c22503ba-573b-463b-9e1c-de44cfeb847d: our priority 0 <= candidate's priority 1
2021-03-17 02:10:27,738 [grpc-default-executor-3] INFO  server.RaftServer$Division (RaftServerImpl.java:setRole(284)) - a3b22ff5-07c5-4717-894b-669982ee3e54@group-0D254D493D02: changes role from  FOLLOWER to FOLLOWER at term 2 for candidate:c22503ba-573b-463b-9e1c-de44cfeb847d
2021-03-17 02:10:27,738 [grpc-default-executor-3] INFO  impl.RoleInfo (RoleInfo.java:shutdownFollowerState(108)) - a3b22ff5-07c5-4717-894b-669982ee3e54: shutdown a3b22ff5-07c5-4717-894b-669982ee3e54@group-0D254D493D02-FollowerState
2021-03-17 02:10:27,739 [grpc-default-executor-3] INFO  impl.RoleInfo (RoleInfo.java:updateAndGet(130)) - a3b22ff5-07c5-4717-894b-669982ee3e54: start a3b22ff5-07c5-4717-894b-669982ee3e54@group-0D254D493D02-FollowerState
2021-03-17 02:10:27,739 [Thread-899] INFO  impl.FollowerState (FollowerState.java:run(142)) - a3b22ff5-07c5-4717-894b-669982ee3e54@group-0D254D493D02-FollowerState was interrupted: {}
java.lang.InterruptedException: sleep interrupted
	at java.lang.Thread.sleep(Native Method)
	at java.lang.Thread.sleep(Thread.java:340)
	at java.util.concurrent.TimeUnit.sleep(TimeUnit.java:386)
	at org.apache.ratis.util.TimeDuration.sleep(TimeDuration.java:324)
	at org.apache.ratis.util.TimeDuration.sleep(TimeDuration.java:309)
	at org.apache.ratis.server.impl.FollowerState.run(FollowerState.java:117)
2021-03-17 02:10:27,739 [grpc-default-executor-1] INFO  server.RaftServer$Division (RaftServerImpl.java:requestVote(1057)) - 7be7a3ee-2c60-4daa-92d5-fce366cccc9d@group-0D254D493D02 replies to ELECTION vote request: c22503ba-573b-463b-9e1c-de44cfeb847d<-7be7a3ee-2c60-4daa-92d5-fce366cccc9d#0:OK-t2. Peer's state: 7be7a3ee-2c60-4daa-92d5-fce366cccc9d@group-0D254D493D02:t2, leader=null, voted=c22503ba-573b-463b-9e1c-de44cfeb847d, raftlog=7be7a3ee-2c60-4daa-92d5-fce366cccc9d@group-0D254D493D02-SegmentedRaftLog:OPENED:c-1,f-1,i0, conf=-1: [c22503ba-573b-463b-9e1c-de44cfeb847d|rpc:172.17.0.2:34901|dataStream:|priority:1, a3b22ff5-07c5-4717-894b-669982ee3e54|rpc:172.17.0.2:42689|dataStream:|priority:0, 7be7a3ee-2c60-4daa-92d5-fce366cccc9d|rpc:172.17.0.2:39539|dataStream:|priority:0], old=null
2021-03-17 02:10:27,743 [c22503ba-573b-463b-9e1c-de44cfeb847d@group-0D254D493D02-LeaderElection42] INFO  impl.LeaderElection (LeaderElection.java:logAndReturn(89)) - c22503ba-573b-463b-9e1c-de44cfeb847d@group-0D254D493D02-LeaderElection42: ELECTION PASSED received 1 response(s) and 0 exception(s):
2021-03-17 02:10:27,743 [c22503ba-573b-463b-9e1c-de44cfeb847d@group-0D254D493D02-LeaderElection42] INFO  impl.LeaderElection (LeaderElection.java:logAndReturn(93)) -   Response 0: c22503ba-573b-463b-9e1c-de44cfeb847d<-7be7a3ee-2c60-4daa-92d5-fce366cccc9d#0:OK-t2
2021-03-17 02:10:27,743 [c22503ba-573b-463b-9e1c-de44cfeb847d@group-0D254D493D02-LeaderElection42] INFO  impl.LeaderElection (LeaderElection.java:askForVotes(309)) - c22503ba-573b-463b-9e1c-de44cfeb847d@group-0D254D493D02-LeaderElection42 ELECTION round 0: result PASSED
2021-03-17 02:10:27,743 [c22503ba-573b-463b-9e1c-de44cfeb847d@group-0D254D493D02-LeaderElection42] INFO  impl.RoleInfo (RoleInfo.java:shutdownLeaderElection(121)) - c22503ba-573b-463b-9e1c-de44cfeb847d: shutdown c22503ba-573b-463b-9e1c-de44cfeb847d@group-0D254D493D02-LeaderElection42
2021-03-17 02:10:27,743 [c22503ba-573b-463b-9e1c-de44cfeb847d@group-0D254D493D02-LeaderElection42] INFO  server.RaftServer$Division (RaftServerImpl.java:setRole(284)) - c22503ba-573b-463b-9e1c-de44cfeb847d@group-0D254D493D02: changes role from CANDIDATE to LEADER at term 2 for changeToLeader
2021-03-17 02:10:27,743 [c22503ba-573b-463b-9e1c-de44cfeb847d@group-0D254D493D02-LeaderElection42] INFO  ratis.XceiverServerRatis (XceiverServerRatis.java:handleLeaderChangedNotification(899)) - Leader change notification received for group: group-0D254D493D02 with new leaderId: c22503ba-573b-463b-9e1c-de44cfeb847d
2021-03-17 02:10:27,743 [c22503ba-573b-463b-9e1c-de44cfeb847d@group-0D254D493D02-LeaderElection42] INFO  server.RaftServer$Division (ServerState.java:setLeader(271)) - c22503ba-573b-463b-9e1c-de44cfeb847d@group-0D254D493D02: change Leader from null to c22503ba-573b-463b-9e1c-de44cfeb847d at term 2 for becomeLeader, leader elected after 10291ms
2021-03-17 02:10:27,743 [grpc-default-executor-3] INFO  server.RaftServer$Division (RaftServerImpl.java:requestVote(1057)) - a3b22ff5-07c5-4717-894b-669982ee3e54@group-0D254D493D02 replies to ELECTION vote request: c22503ba-573b-463b-9e1c-de44cfeb847d<-a3b22ff5-07c5-4717-894b-669982ee3e54#0:OK-t2. Peer's state: a3b22ff5-07c5-4717-894b-669982ee3e54@group-0D254D493D02:t2, leader=null, voted=c22503ba-573b-463b-9e1c-de44cfeb847d, raftlog=a3b22ff5-07c5-4717-894b-669982ee3e54@group-0D254D493D02-SegmentedRaftLog:OPENED:c-1,f-1,i0, conf=-1: [c22503ba-573b-463b-9e1c-de44cfeb847d|rpc:172.17.0.2:34901|dataStream:|priority:1, a3b22ff5-07c5-4717-894b-669982ee3e54|rpc:172.17.0.2:42689|dataStream:|priority:0, 7be7a3ee-2c60-4daa-92d5-fce366cccc9d|rpc:172.17.0.2:39539|dataStream:|priority:0], old=null
2021-03-17 02:10:27,743 [c22503ba-573b-463b-9e1c-de44cfeb847d@group-0D254D493D02-LeaderElection42] INFO  server.RaftServerConfigKeys (ConfUtils.java:logGet(44)) - raft.server.staging.catchup.gap = 1000 (default)
2021-03-17 02:10:27,743 [c22503ba-573b-463b-9e1c-de44cfeb847d@group-0D254D493D02-LeaderElection42] INFO  metrics.RatisMetrics (RatisMetrics.java:lambda$create$0(36)) - Creating Metrics Registry : ratis.log_appender.c22503ba-573b-463b-9e1c-de44cfeb847d@group-0D254D493D02
2021-03-17 02:10:27,743 [c22503ba-573b-463b-9e1c-de44cfeb847d@group-0D254D493D02-LeaderElection42] INFO  server.RaftServerConfigKeys (ConfUtils.java:logGet(44)) - raft.server.write.element-limit = 1024 (custom)
2021-03-17 02:10:27,743 [c22503ba-573b-463b-9e1c-de44cfeb847d@group-0D254D493D02-LeaderElection42] INFO  server.RaftServerConfigKeys (ConfUtils.java:logGet(44)) - raft.server.write.byte-limit = 1073741824 (custom)
2021-03-17 02:10:27,744 [c22503ba-573b-463b-9e1c-de44cfeb847d@group-0D254D493D02-LeaderElection42] INFO  server.RaftServerConfigKeys (ConfUtils.java:logGet(44)) - raft.server.watch.timeout = 3000ms (custom)
2021-03-17 02:10:27,744 [c22503ba-573b-463b-9e1c-de44cfeb847d@group-0D254D493D02-LeaderElection42] INFO  server.RaftServerConfigKeys (ConfUtils.java:logGet(44)) - raft.server.watch.timeout.denomination = 1s (default)
2021-03-17 02:10:27,744 [c22503ba-573b-463b-9e1c-de44cfeb847d@group-0D254D493D02-LeaderElection42] INFO  server.RaftServerConfigKeys (ConfUtils.java:logGet(44)) - raft.server.watch.element-limit = 65536 (default)
2021-03-17 02:10:27,744 [c22503ba-573b-463b-9e1c-de44cfeb847d@group-0D254D493D02-LeaderElection42] INFO  server.RaftServerConfigKeys (ConfUtils.java:logGet(44)) - raft.server.log.appender.snapshot.chunk.size.max = 16MB (=16777216) (default)
2021-03-17 02:10:27,744 [c22503ba-573b-463b-9e1c-de44cfeb847d@group-0D254D493D02-LeaderElection42] INFO  server.RaftServerConfigKeys (ConfUtils.java:logGet(44)) - raft.server.log.appender.buffer.byte-limit = 33554432 (custom)
2021-03-17 02:10:27,744 [c22503ba-573b-463b-9e1c-de44cfeb847d@group-0D254D493D02-LeaderElection42] INFO  server.RaftServerConfigKeys (ConfUtils.java:logGet(44)) - raft.server.log.appender.buffer.element-limit = 1 (custom)
2021-03-17 02:10:27,744 [c22503ba-573b-463b-9e1c-de44cfeb847d@group-0D254D493D02-LeaderElection42] INFO  grpc.GrpcConfigKeys (ConfUtils.java:logGet(44)) - raft.grpc.server.leader.outstanding.appends.max = 128 (default)
2021-03-17 02:10:27,744 [c22503ba-573b-463b-9e1c-de44cfeb847d@group-0D254D493D02-LeaderElection42] INFO  server.RaftServerConfigKeys (ConfUtils.java:logGet(44)) - raft.server.rpc.request.timeout = 3000ms (default)
2021-03-17 02:10:27,744 [c22503ba-573b-463b-9e1c-de44cfeb847d@group-0D254D493D02-LeaderElection42] INFO  server.RaftServerConfigKeys (ConfUtils.java:logGet(44)) - raft.server.log.appender.install.snapshot.enabled = false (custom)
2021-03-17 02:10:27,744 [c22503ba-573b-463b-9e1c-de44cfeb847d@group-0D254D493D02-LeaderElection42] INFO  metrics.RatisMetrics (RatisMetrics.java:lambda$create$0(36)) - Creating Metrics Registry : ratis_grpc.log_appender.c22503ba-573b-463b-9e1c-de44cfeb847d@group-0D254D493D02
2021-03-17 02:10:27,745 [c22503ba-573b-463b-9e1c-de44cfeb847d@group-0D254D493D02-LeaderElection42] INFO  server.RaftServerConfigKeys (ConfUtils.java:logGet(44)) - raft.server.log.appender.snapshot.chunk.size.max = 16MB (=16777216) (default)
2021-03-17 02:10:27,745 [c22503ba-573b-463b-9e1c-de44cfeb847d@group-0D254D493D02-LeaderElection42] INFO  server.RaftServerConfigKeys (ConfUtils.java:logGet(44)) - raft.server.log.appender.buffer.byte-limit = 33554432 (custom)
2021-03-17 02:10:27,745 [c22503ba-573b-463b-9e1c-de44cfeb847d@group-0D254D493D02-LeaderElection42] INFO  server.RaftServerConfigKeys (ConfUtils.java:logGet(44)) - raft.server.log.appender.buffer.element-limit = 1 (custom)
2021-03-17 02:10:27,745 [c22503ba-573b-463b-9e1c-de44cfeb847d@group-0D254D493D02-LeaderElection42] INFO  grpc.GrpcConfigKeys (ConfUtils.java:logGet(44)) - raft.grpc.server.leader.outstanding.appends.max = 128 (default)
2021-03-17 02:10:27,745 [c22503ba-573b-463b-9e1c-de44cfeb847d@group-0D254D493D02-LeaderElection42] INFO  server.RaftServerConfigKeys (ConfUtils.java:logGet(44)) - raft.server.rpc.request.timeout = 3000ms (default)
2021-03-17 02:10:27,745 [c22503ba-573b-463b-9e1c-de44cfeb847d@group-0D254D493D02-LeaderElection42] INFO  server.RaftServerConfigKeys (ConfUtils.java:logGet(44)) - raft.server.log.appender.install.snapshot.enabled = false (custom)
2021-03-17 02:10:27,746 [EventQueue-PipelineReportForPipelineReportHandler] INFO  pipeline.PipelineStateManager (PipelineStateManager.java:openPipeline(132)) - Pipeline Pipeline[ Id: 8ff1614f-e393-4bbd-a079-0d254d493d02, Nodes: a3b22ff5-07c5-4717-894b-669982ee3e54{ip: 172.17.0.2, host: 70ca58e12b9b, ports: [REPLICATION=33345, RATIS=42689, RATIS_ADMIN=42689, RATIS_SERVER=42689, STANDALONE=37481], networkLocation: /default-rack, certSerialId: null, persistedOpState: IN_SERVICE, persistedOpStateExpiryEpochSec: 0}c22503ba-573b-463b-9e1c-de44cfeb847d{ip: 172.17.0.2, host: 70ca58e12b9b, ports: [REPLICATION=42099, RATIS=34901, RATIS_ADMIN=34901, RATIS_SERVER=34901, STANDALONE=45037], networkLocation: /default-rack, certSerialId: null, persistedOpState: IN_SERVICE, persistedOpStateExpiryEpochSec: 0}7be7a3ee-2c60-4daa-92d5-fce366cccc9d{ip: 172.17.0.2, host: 70ca58e12b9b, ports: [REPLICATION=41363, RATIS=39539, RATIS_ADMIN=39539, RATIS_SERVER=39539, STANDALONE=33895], networkLocation: /default-rack, certSerialId: null, persistedOpState: IN_SERVICE, persistedOpStateExpiryEpochSec: 0}, Type:RATIS, Factor:THREE, State:ALLOCATED, leaderId:c22503ba-573b-463b-9e1c-de44cfeb847d, CreationTimestamp2021-03-17T02:10:14.824Z] moved to OPEN state
2021-03-17 02:10:27,747 [c22503ba-573b-463b-9e1c-de44cfeb847d@group-0D254D493D02-LeaderElection42] INFO  impl.RoleInfo (RoleInfo.java:updateAndGet(130)) - c22503ba-573b-463b-9e1c-de44cfeb847d: start c22503ba-573b-463b-9e1c-de44cfeb847d@group-0D254D493D02-LeaderStateImpl
2021-03-17 02:10:27,747 [c22503ba-573b-463b-9e1c-de44cfeb847d@group-0D254D493D02-LeaderElection42] INFO  segmented.SegmentedRaftLogWorker (SegmentedRaftLogWorker.java:startLogSegment(392)) - c22503ba-573b-463b-9e1c-de44cfeb847d@group-0D254D493D02-SegmentedRaftLogWorker: Starting segment from index:0
2021-03-17 02:10:27,749 [c22503ba-573b-463b-9e1c-de44cfeb847d@group-0D254D493D02-SegmentedRaftLogWorker] INFO  segmented.SegmentedRaftLogWorker (SegmentedRaftLogWorker.java:execute(599)) - c22503ba-573b-463b-9e1c-de44cfeb847d@group-0D254D493D02-SegmentedRaftLogWorker: created new log segment /github/workspace/mnt/ozone/hadoop-ozone/integration-test/target/test-dir/MiniOzoneClusterImpl-5543d78b-3109-4325-8e4d-d24bfba87b26/datanode-0/data/ratis/8ff1614f-e393-4bbd-a079-0d254d493d02/current/log_inprogress_0
2021-03-17 02:10:27,751 [Thread-897] INFO  impl.FollowerState (FollowerState.java:run(133)) - 7be7a3ee-2c60-4daa-92d5-fce366cccc9d@group-FAE0631FEBCD-FollowerState: change to CANDIDATE, lastRpcElapsedTime:5097004807ns, electionTimeout:5093ms
2021-03-17 02:10:27,751 [c22503ba-573b-463b-9e1c-de44cfeb847d@group-0D254D493D02-LeaderElection42] INFO  server.RaftServer$Division (ServerState.java:setRaftConf(373)) - c22503ba-573b-463b-9e1c-de44cfeb847d@group-0D254D493D02: set configuration 0: [c22503ba-573b-463b-9e1c-de44cfeb847d|rpc:172.17.0.2:34901|dataStream:|priority:1, a3b22ff5-07c5-4717-894b-669982ee3e54|rpc:172.17.0.2:42689|dataStream:|priority:0, 7be7a3ee-2c60-4daa-92d5-fce366cccc9d|rpc:172.17.0.2:39539|dataStream:|priority:0], old=null
2021-03-17 02:10:27,751 [Thread-897] INFO  impl.RoleInfo (RoleInfo.java:shutdownFollowerState(108)) - 7be7a3ee-2c60-4daa-92d5-fce366cccc9d: shutdown 7be7a3ee-2c60-4daa-92d5-fce366cccc9d@group-FAE0631FEBCD-FollowerState
2021-03-17 02:10:27,751 [Thread-897] INFO  server.RaftServer$Division (RaftServerImpl.java:setRole(284)) - 7be7a3ee-2c60-4daa-92d5-fce366cccc9d@group-FAE0631FEBCD: changes role from  FOLLOWER to CANDIDATE at term 1 for changeToCandidate
2021-03-17 02:10:27,751 [Thread-897] INFO  server.RaftServerConfigKeys (ConfUtils.java:logGet(44)) - raft.server.leaderelection.pre-vote = false (custom)
2021-03-17 02:10:27,751 [Thread-897] INFO  impl.RoleInfo (RoleInfo.java:updateAndGet(130)) - 7be7a3ee-2c60-4daa-92d5-fce366cccc9d: start 7be7a3ee-2c60-4daa-92d5-fce366cccc9d@group-FAE0631FEBCD-LeaderElection43
2021-03-17 02:10:27,752 [grpc-default-executor-1] INFO  ratis.XceiverServerRatis (XceiverServerRatis.java:handleLeaderChangedNotification(899)) - Leader change notification received for group: group-0D254D493D02 with new leaderId: c22503ba-573b-463b-9e1c-de44cfeb847d
2021-03-17 02:10:27,752 [grpc-default-executor-1] INFO  server.RaftServer$Division (ServerState.java:setLeader(271)) - a3b22ff5-07c5-4717-894b-669982ee3e54@group-0D254D493D02: change Leader from null to c22503ba-573b-463b-9e1c-de44cfeb847d at term 2 for appendEntries, leader elected after 10266ms
2021-03-17 02:10:27,756 [7be7a3ee-2c60-4daa-92d5-fce366cccc9d@group-FAE0631FEBCD-LeaderElection43] INFO  impl.LeaderElection (LeaderElection.java:askForVotes(307)) - 7be7a3ee-2c60-4daa-92d5-fce366cccc9d@group-FAE0631FEBCD-LeaderElection43 ELECTION round 0: submit vote requests at term 2 for -1: [c22503ba-573b-463b-9e1c-de44cfeb847d|rpc:172.17.0.2:34901|dataStream:|priority:0, a3b22ff5-07c5-4717-894b-669982ee3e54|rpc:172.17.0.2:42689|dataStream:|priority:0, 7be7a3ee-2c60-4daa-92d5-fce366cccc9d|rpc:172.17.0.2:39539|dataStream:|priority:1], old=null
2021-03-17 02:10:27,766 [grpc-default-executor-1] INFO  server.RaftServer$Division (ServerState.java:setRaftConf(373)) - a3b22ff5-07c5-4717-894b-669982ee3e54@group-0D254D493D02: set configuration 0: [c22503ba-573b-463b-9e1c-de44cfeb847d|rpc:172.17.0.2:34901|dataStream:|priority:1, a3b22ff5-07c5-4717-894b-669982ee3e54|rpc:172.17.0.2:42689|dataStream:|priority:0, 7be7a3ee-2c60-4daa-92d5-fce366cccc9d|rpc:172.17.0.2:39539|dataStream:|priority:0], old=null
2021-03-17 02:10:27,767 [grpc-default-executor-1] INFO  segmented.SegmentedRaftLogWorker (SegmentedRaftLogWorker.java:startLogSegment(392)) - a3b22ff5-07c5-4717-894b-669982ee3e54@group-0D254D493D02-SegmentedRaftLogWorker: Starting segment from index:0
2021-03-17 02:10:27,768 [grpc-default-executor-2] INFO  ratis.XceiverServerRatis (XceiverServerRatis.java:handleLeaderChangedNotification(899)) - Leader change notification received for group: group-0D254D493D02 with new leaderId: c22503ba-573b-463b-9e1c-de44cfeb847d
2021-03-17 02:10:27,768 [grpc-default-executor-2] INFO  server.RaftServer$Division (ServerState.java:setLeader(271)) - 7be7a3ee-2c60-4daa-92d5-fce366cccc9d@group-0D254D493D02: change Leader from null to c22503ba-573b-463b-9e1c-de44cfeb847d at term 2 for appendEntries, leader elected after 10252ms
2021-03-17 02:10:27,768 [a3b22ff5-07c5-4717-894b-669982ee3e54@group-0D254D493D02-SegmentedRaftLogWorker] INFO  segmented.SegmentedRaftLogWorker (SegmentedRaftLogWorker.java:execute(599)) - a3b22ff5-07c5-4717-894b-669982ee3e54@group-0D254D493D02-SegmentedRaftLogWorker: created new log segment /github/workspace/mnt/ozone/hadoop-ozone/integration-test/target/test-dir/MiniOzoneClusterImpl-5543d78b-3109-4325-8e4d-d24bfba87b26/datanode-2/data/ratis/8ff1614f-e393-4bbd-a079-0d254d493d02/current/log_inprogress_0
2021-03-17 02:10:27,774 [grpc-default-executor-2] INFO  server.RaftServer$Division (ServerState.java:setRaftConf(373)) - 7be7a3ee-2c60-4daa-92d5-fce366cccc9d@group-0D254D493D02: set configuration 0: [c22503ba-573b-463b-9e1c-de44cfeb847d|rpc:172.17.0.2:34901|dataStream:|priority:1, a3b22ff5-07c5-4717-894b-669982ee3e54|rpc:172.17.0.2:42689|dataStream:|priority:0, 7be7a3ee-2c60-4daa-92d5-fce366cccc9d|rpc:172.17.0.2:39539|dataStream:|priority:0], old=null
2021-03-17 02:10:27,775 [grpc-default-executor-2] INFO  segmented.SegmentedRaftLogWorker (SegmentedRaftLogWorker.java:startLogSegment(392)) - 7be7a3ee-2c60-4daa-92d5-fce366cccc9d@group-0D254D493D02-SegmentedRaftLogWorker: Starting segment from index:0
2021-03-17 02:10:27,776 [7be7a3ee-2c60-4daa-92d5-fce366cccc9d@group-0D254D493D02-SegmentedRaftLogWorker] INFO  segmented.SegmentedRaftLogWorker (SegmentedRaftLogWorker.java:execute(599)) - 7be7a3ee-2c60-4daa-92d5-fce366cccc9d@group-0D254D493D02-SegmentedRaftLogWorker: created new log segment /github/workspace/mnt/ozone/hadoop-ozone/integration-test/target/test-dir/MiniOzoneClusterImpl-5543d78b-3109-4325-8e4d-d24bfba87b26/datanode-1/data/ratis/8ff1614f-e393-4bbd-a079-0d254d493d02/current/log_inprogress_0
2021-03-17 02:10:27,786 [grpc-default-executor-2] INFO  server.RaftServer$Division (RaftServerImpl.java:requestVote(1025)) - c22503ba-573b-463b-9e1c-de44cfeb847d@group-FAE0631FEBCD: receive requestVote(ELECTION, 7be7a3ee-2c60-4daa-92d5-fce366cccc9d, group-FAE0631FEBCD, 2, (t:0, i:0))
2021-03-17 02:10:27,786 [grpc-default-executor-2] INFO  impl.VoteContext (VoteContext.java:log(48)) - c22503ba-573b-463b-9e1c-de44cfeb847d@group-FAE0631FEBCD-FOLLOWER: accept ELECTION from 7be7a3ee-2c60-4daa-92d5-fce366cccc9d: our priority 0 <= candidate's priority 1
2021-03-17 02:10:27,786 [grpc-default-executor-2] INFO  server.RaftServer$Division (RaftServerImpl.java:setRole(284)) - c22503ba-573b-463b-9e1c-de44cfeb847d@group-FAE0631FEBCD: changes role from  FOLLOWER to FOLLOWER at term 2 for candidate:7be7a3ee-2c60-4daa-92d5-fce366cccc9d
2021-03-17 02:10:27,786 [grpc-default-executor-2] INFO  impl.RoleInfo (RoleInfo.java:shutdownFollowerState(108)) - c22503ba-573b-463b-9e1c-de44cfeb847d: shutdown c22503ba-573b-463b-9e1c-de44cfeb847d@group-FAE0631FEBCD-FollowerState
2021-03-17 02:10:27,786 [grpc-default-executor-2] INFO  impl.RoleInfo (RoleInfo.java:updateAndGet(130)) - c22503ba-573b-463b-9e1c-de44cfeb847d: start c22503ba-573b-463b-9e1c-de44cfeb847d@group-FAE0631FEBCD-FollowerState
2021-03-17 02:10:27,786 [Thread-895] INFO  impl.FollowerState (FollowerState.java:run(142)) - c22503ba-573b-463b-9e1c-de44cfeb847d@group-FAE0631FEBCD-FollowerState was interrupted: {}
java.lang.InterruptedException: sleep interrupted
	at java.lang.Thread.sleep(Native Method)
	at java.lang.Thread.sleep(Thread.java:340)
	at java.util.concurrent.TimeUnit.sleep(TimeUnit.java:386)
	at org.apache.ratis.util.TimeDuration.sleep(TimeDuration.java:324)
	at org.apache.ratis.util.TimeDuration.sleep(TimeDuration.java:309)
	at org.apache.ratis.server.impl.FollowerState.run(FollowerState.java:117)
2021-03-17 02:10:27,788 [grpc-default-executor-2] INFO  server.RaftServer$Division (RaftServerImpl.java:requestVote(1057)) - c22503ba-573b-463b-9e1c-de44cfeb847d@group-FAE0631FEBCD replies to ELECTION vote request: 7be7a3ee-2c60-4daa-92d5-fce366cccc9d<-c22503ba-573b-463b-9e1c-de44cfeb847d#0:OK-t2. Peer's state: c22503ba-573b-463b-9e1c-de44cfeb847d@group-FAE0631FEBCD:t2, leader=null, voted=7be7a3ee-2c60-4daa-92d5-fce366cccc9d, raftlog=c22503ba-573b-463b-9e1c-de44cfeb847d@group-FAE0631FEBCD-SegmentedRaftLog:OPENED:c-1,f-1,i0, conf=-1: [c22503ba-573b-463b-9e1c-de44cfeb847d|rpc:172.17.0.2:34901|priority:0, a3b22ff5-07c5-4717-894b-669982ee3e54|rpc:172.17.0.2:42689|priority:0, 7be7a3ee-2c60-4daa-92d5-fce366cccc9d|rpc:172.17.0.2:39539|priority:1], old=null
2021-03-17 02:10:27,788 [grpc-default-executor-3] INFO  server.RaftServer$Division (RaftServerImpl.java:requestVote(1025)) - a3b22ff5-07c5-4717-894b-669982ee3e54@group-FAE0631FEBCD: receive requestVote(ELECTION, 7be7a3ee-2c60-4daa-92d5-fce366cccc9d, group-FAE0631FEBCD, 2, (t:0, i:0))
2021-03-17 02:10:27,788 [grpc-default-executor-3] INFO  impl.VoteContext (VoteContext.java:log(48)) - a3b22ff5-07c5-4717-894b-669982ee3e54@group-FAE0631FEBCD-FOLLOWER: accept ELECTION from 7be7a3ee-2c60-4daa-92d5-fce366cccc9d: our priority 0 <= candidate's priority 1
2021-03-17 02:10:27,788 [grpc-default-executor-3] INFO  server.RaftServer$Division (RaftServerImpl.java:setRole(284)) - a3b22ff5-07c5-4717-894b-669982ee3e54@group-FAE0631FEBCD: changes role from  FOLLOWER to FOLLOWER at term 2 for candidate:7be7a3ee-2c60-4daa-92d5-fce366cccc9d
2021-03-17 02:10:27,788 [grpc-default-executor-3] INFO  impl.RoleInfo (RoleInfo.java:shutdownFollowerState(108)) - a3b22ff5-07c5-4717-894b-669982ee3e54: shutdown a3b22ff5-07c5-4717-894b-669982ee3e54@group-FAE0631FEBCD-FollowerState
2021-03-17 02:10:27,789 [Thread-898] INFO  impl.FollowerState (FollowerState.java:run(142)) - a3b22ff5-07c5-4717-894b-669982ee3e54@group-FAE0631FEBCD-FollowerState was interrupted: {}
java.lang.InterruptedException: sleep interrupted
	at java.lang.Thread.sleep(Native Method)
	at java.lang.Thread.sleep(Thread.java:340)
	at java.util.concurrent.TimeUnit.sleep(TimeUnit.java:386)
	at org.apache.ratis.util.TimeDuration.sleep(TimeDuration.java:324)
	at org.apache.ratis.util.TimeDuration.sleep(TimeDuration.java:309)
	at org.apache.ratis.server.impl.FollowerState.run(FollowerState.java:117)
2021-03-17 02:10:27,789 [grpc-default-executor-3] INFO  impl.RoleInfo (RoleInfo.java:updateAndGet(130)) - a3b22ff5-07c5-4717-894b-669982ee3e54: start a3b22ff5-07c5-4717-894b-669982ee3e54@group-FAE0631FEBCD-FollowerState
2021-03-17 02:10:27,789 [7be7a3ee-2c60-4daa-92d5-fce366cccc9d@group-FAE0631FEBCD-LeaderElection43] INFO  impl.LeaderElection (LeaderElection.java:logAndReturn(89)) - 7be7a3ee-2c60-4daa-92d5-fce366cccc9d@group-FAE0631FEBCD-LeaderElection43: ELECTION PASSED received 1 response(s) and 0 exception(s):
2021-03-17 02:10:27,789 [7be7a3ee-2c60-4daa-92d5-fce366cccc9d@group-FAE0631FEBCD-LeaderElection43] INFO  impl.LeaderElection (LeaderElection.java:logAndReturn(93)) -   Response 0: 7be7a3ee-2c60-4daa-92d5-fce366cccc9d<-c22503ba-573b-463b-9e1c-de44cfeb847d#0:OK-t2
2021-03-17 02:10:27,789 [7be7a3ee-2c60-4daa-92d5-fce366cccc9d@group-FAE0631FEBCD-LeaderElection43] INFO  impl.LeaderElection (LeaderElection.java:askForVotes(309)) - 7be7a3ee-2c60-4daa-92d5-fce366cccc9d@group-FAE0631FEBCD-LeaderElection43 ELECTION round 0: result PASSED
2021-03-17 02:10:27,789 [7be7a3ee-2c60-4daa-92d5-fce366cccc9d@group-FAE0631FEBCD-LeaderElection43] INFO  impl.RoleInfo (RoleInfo.java:shutdownLeaderElection(121)) - 7be7a3ee-2c60-4daa-92d5-fce366cccc9d: shutdown 7be7a3ee-2c60-4daa-92d5-fce366cccc9d@group-FAE0631FEBCD-LeaderElection43
2021-03-17 02:10:27,789 [7be7a3ee-2c60-4daa-92d5-fce366cccc9d@group-FAE0631FEBCD-LeaderElection43] INFO  server.RaftServer$Division (RaftServerImpl.java:setRole(284)) - 7be7a3ee-2c60-4daa-92d5-fce366cccc9d@group-FAE0631FEBCD: changes role from CANDIDATE to LEADER at term 2 for changeToLeader
2021-03-17 02:10:27,789 [7be7a3ee-2c60-4daa-92d5-fce366cccc9d@group-FAE0631FEBCD-LeaderElection43] INFO  ratis.XceiverServerRatis (XceiverServerRatis.java:handleLeaderChangedNotification(899)) - Leader change notification received for group: group-FAE0631FEBCD with new leaderId: 7be7a3ee-2c60-4daa-92d5-fce366cccc9d
2021-03-17 02:10:27,789 [7be7a3ee-2c60-4daa-92d5-fce366cccc9d@group-FAE0631FEBCD-LeaderElection43] INFO  server.RaftServer$Division (ServerState.java:setLeader(271)) - 7be7a3ee-2c60-4daa-92d5-fce366cccc9d@group-FAE0631FEBCD: change Leader from null to 7be7a3ee-2c60-4daa-92d5-fce366cccc9d at term 2 for becomeLeader, leader elected after 10213ms
2021-03-17 02:10:27,789 [7be7a3ee-2c60-4daa-92d5-fce366cccc9d@group-FAE0631FEBCD-LeaderElection43] INFO  server.RaftServerConfigKeys (ConfUtils.java:logGet(44)) - raft.server.staging.catchup.gap = 1000 (default)
2021-03-17 02:10:27,790 [7be7a3ee-2c60-4daa-92d5-fce366cccc9d@group-FAE0631FEBCD-LeaderElection43] INFO  metrics.RatisMetrics (RatisMetrics.java:lambda$create$0(36)) - Creating Metrics Registry : ratis.log_appender.7be7a3ee-2c60-4daa-92d5-fce366cccc9d@group-FAE0631FEBCD
2021-03-17 02:10:27,790 [EventQueue-PipelineReportForPipelineReportHandler] INFO  pipeline.PipelineStateManager (PipelineStateManager.java:openPipeline(132)) - Pipeline Pipeline[ Id: 05ce0818-b588-4728-ba10-fae0631febcd, Nodes: a3b22ff5-07c5-4717-894b-669982ee3e54{ip: 172.17.0.2, host: 70ca58e12b9b, ports: [REPLICATION=33345, RATIS=42689, RATIS_ADMIN=42689, RATIS_SERVER=42689, STANDALONE=37481], networkLocation: /default-rack, certSerialId: null, persistedOpState: IN_SERVICE, persistedOpStateExpiryEpochSec: 0}c22503ba-573b-463b-9e1c-de44cfeb847d{ip: 172.17.0.2, host: 70ca58e12b9b, ports: [REPLICATION=42099, RATIS=34901, RATIS_ADMIN=34901, RATIS_SERVER=34901, STANDALONE=45037], networkLocation: /default-rack, certSerialId: null, persistedOpState: IN_SERVICE, persistedOpStateExpiryEpochSec: 0}7be7a3ee-2c60-4daa-92d5-fce366cccc9d{ip: 172.17.0.2, host: 70ca58e12b9b, ports: [REPLICATION=41363, RATIS=39539, RATIS_ADMIN=39539, RATIS_SERVER=39539, STANDALONE=33895], networkLocation: /default-rack, certSerialId: null, persistedOpState: IN_SERVICE, persistedOpStateExpiryEpochSec: 0}, Type:RATIS, Factor:THREE, State:ALLOCATED, leaderId:7be7a3ee-2c60-4daa-92d5-fce366cccc9d, CreationTimestamp2021-03-17T02:10:14.825Z] moved to OPEN state
2021-03-17 02:10:27,791 [7be7a3ee-2c60-4daa-92d5-fce366cccc9d@group-FAE0631FEBCD-LeaderElection43] INFO  server.RaftServerConfigKeys (ConfUtils.java:logGet(44)) - raft.server.write.element-limit = 1024 (custom)
2021-03-17 02:10:27,791 [7be7a3ee-2c60-4daa-92d5-fce366cccc9d@group-FAE0631FEBCD-LeaderElection43] INFO  server.RaftServerConfigKeys (ConfUtils.java:logGet(44)) - raft.server.write.byte-limit = 1073741824 (custom)
2021-03-17 02:10:27,791 [7be7a3ee-2c60-4daa-92d5-fce366cccc9d@group-FAE0631FEBCD-LeaderElection43] INFO  server.RaftServerConfigKeys (ConfUtils.java:logGet(44)) - raft.server.watch.timeout = 3000ms (custom)
2021-03-17 02:10:27,791 [7be7a3ee-2c60-4daa-92d5-fce366cccc9d@group-FAE0631FEBCD-LeaderElection43] INFO  server.RaftServerConfigKeys (ConfUtils.java:logGet(44)) - raft.server.watch.timeout.denomination = 1s (default)
2021-03-17 02:10:27,791 [7be7a3ee-2c60-4daa-92d5-fce366cccc9d@group-FAE0631FEBCD-LeaderElection43] INFO  server.RaftServerConfigKeys (ConfUtils.java:logGet(44)) - raft.server.watch.element-limit = 65536 (default)
2021-03-17 02:10:27,791 [7be7a3ee-2c60-4daa-92d5-fce366cccc9d@group-FAE0631FEBCD-LeaderElection43] INFO  server.RaftServerConfigKeys (ConfUtils.java:logGet(44)) - raft.server.log.appender.snapshot.chunk.size.max = 16MB (=16777216) (default)
2021-03-17 02:10:27,791 [7be7a3ee-2c60-4daa-92d5-fce366cccc9d@group-FAE0631FEBCD-LeaderElection43] INFO  server.RaftServerConfigKeys (ConfUtils.java:logGet(44)) - raft.server.log.appender.buffer.byte-limit = 33554432 (custom)
2021-03-17 02:10:27,791 [7be7a3ee-2c60-4daa-92d5-fce366cccc9d@group-FAE0631FEBCD-LeaderElection43] INFO  server.RaftServerConfigKeys (ConfUtils.java:logGet(44)) - raft.server.log.appender.buffer.element-limit = 1 (custom)
2021-03-17 02:10:27,791 [7be7a3ee-2c60-4daa-92d5-fce366cccc9d@group-FAE0631FEBCD-LeaderElection43] INFO  grpc.GrpcConfigKeys (ConfUtils.java:logGet(44)) - raft.grpc.server.leader.outstanding.appends.max = 128 (default)
2021-03-17 02:10:27,791 [7be7a3ee-2c60-4daa-92d5-fce366cccc9d@group-FAE0631FEBCD-LeaderElection43] INFO  server.RaftServerConfigKeys (ConfUtils.java:logGet(44)) - raft.server.rpc.request.timeout = 3000ms (default)
2021-03-17 02:10:27,791 [7be7a3ee-2c60-4daa-92d5-fce366cccc9d@group-FAE0631FEBCD-LeaderElection43] INFO  server.RaftServerConfigKeys (ConfUtils.java:logGet(44)) - raft.server.log.appender.install.snapshot.enabled = false (custom)
2021-03-17 02:10:27,792 [7be7a3ee-2c60-4daa-92d5-fce366cccc9d@group-FAE0631FEBCD-LeaderElection43] INFO  metrics.RatisMetrics (RatisMetrics.java:lambda$create$0(36)) - Creating Metrics Registry : ratis_grpc.log_appender.7be7a3ee-2c60-4daa-92d5-fce366cccc9d@group-FAE0631FEBCD
2021-03-17 02:10:27,792 [7be7a3ee-2c60-4daa-92d5-fce366cccc9d@group-FAE0631FEBCD-LeaderElection43] INFO  server.RaftServerConfigKeys (ConfUtils.java:logGet(44)) - raft.server.log.appender.snapshot.chunk.size.max = 16MB (=16777216) (default)
2021-03-17 02:10:27,792 [7be7a3ee-2c60-4daa-92d5-fce366cccc9d@group-FAE0631FEBCD-LeaderElection43] INFO  server.RaftServerConfigKeys (ConfUtils.java:logGet(44)) - raft.server.log.appender.buffer.byte-limit = 33554432 (custom)
2021-03-17 02:10:27,792 [7be7a3ee-2c60-4daa-92d5-fce366cccc9d@group-FAE0631FEBCD-LeaderElection43] INFO  server.RaftServerConfigKeys (ConfUtils.java:logGet(44)) - raft.server.log.appender.buffer.element-limit = 1 (custom)
2021-03-17 02:10:27,792 [7be7a3ee-2c60-4daa-92d5-fce366cccc9d@group-FAE0631FEBCD-LeaderElection43] INFO  grpc.GrpcConfigKeys (ConfUtils.java:logGet(44)) - raft.grpc.server.leader.outstanding.appends.max = 128 (default)
2021-03-17 02:10:27,792 [7be7a3ee-2c60-4daa-92d5-fce366cccc9d@group-FAE0631FEBCD-LeaderElection43] INFO  server.RaftServerConfigKeys (ConfUtils.java:logGet(44)) - raft.server.rpc.request.timeout = 3000ms (default)
2021-03-17 02:10:27,792 [7be7a3ee-2c60-4daa-92d5-fce366cccc9d@group-FAE0631FEBCD-LeaderElection43] INFO  server.RaftServerConfigKeys (ConfUtils.java:logGet(44)) - raft.server.log.appender.install.snapshot.enabled = false (custom)
2021-03-17 02:10:27,793 [7be7a3ee-2c60-4daa-92d5-fce366cccc9d@group-FAE0631FEBCD-LeaderElection43] INFO  impl.RoleInfo (RoleInfo.java:updateAndGet(130)) - 7be7a3ee-2c60-4daa-92d5-fce366cccc9d: start 7be7a3ee-2c60-4daa-92d5-fce366cccc9d@group-FAE0631FEBCD-LeaderStateImpl
2021-03-17 02:10:27,793 [7be7a3ee-2c60-4daa-92d5-fce366cccc9d@group-FAE0631FEBCD-LeaderElection43] INFO  segmented.SegmentedRaftLogWorker (SegmentedRaftLogWorker.java:startLogSegment(392)) - 7be7a3ee-2c60-4daa-92d5-fce366cccc9d@group-FAE0631FEBCD-SegmentedRaftLogWorker: Starting segment from index:0
2021-03-17 02:10:27,798 [7be7a3ee-2c60-4daa-92d5-fce366cccc9d@group-FAE0631FEBCD-LeaderElection43] INFO  server.RaftServer$Division (ServerState.java:setRaftConf(373)) - 7be7a3ee-2c60-4daa-92d5-fce366cccc9d@group-FAE0631FEBCD: set configuration 0: [c22503ba-573b-463b-9e1c-de44cfeb847d|rpc:172.17.0.2:34901|dataStream:|priority:0, a3b22ff5-07c5-4717-894b-669982ee3e54|rpc:172.17.0.2:42689|dataStream:|priority:0, 7be7a3ee-2c60-4daa-92d5-fce366cccc9d|rpc:172.17.0.2:39539|dataStream:|priority:1], old=null
2021-03-17 02:10:27,799 [grpc-default-executor-3] INFO  server.RaftServer$Division (RaftServerImpl.java:requestVote(1057)) - a3b22ff5-07c5-4717-894b-669982ee3e54@group-FAE0631FEBCD replies to ELECTION vote request: 7be7a3ee-2c60-4daa-92d5-fce366cccc9d<-a3b22ff5-07c5-4717-894b-669982ee3e54#0:OK-t2. Peer's state: a3b22ff5-07c5-4717-894b-669982ee3e54@group-FAE0631FEBCD:t2, leader=null, voted=7be7a3ee-2c60-4daa-92d5-fce366cccc9d, raftlog=a3b22ff5-07c5-4717-894b-669982ee3e54@group-FAE0631FEBCD-SegmentedRaftLog:OPENED:c-1,f-1,i0, conf=-1: [c22503ba-573b-463b-9e1c-de44cfeb847d|rpc:172.17.0.2:34901|dataStream:|priority:0, a3b22ff5-07c5-4717-894b-669982ee3e54|rpc:172.17.0.2:42689|dataStream:|priority:0, 7be7a3ee-2c60-4daa-92d5-fce366cccc9d|rpc:172.17.0.2:39539|dataStream:|priority:1], old=null
2021-03-17 02:10:27,800 [7be7a3ee-2c60-4daa-92d5-fce366cccc9d@group-FAE0631FEBCD-SegmentedRaftLogWorker] INFO  segmented.SegmentedRaftLogWorker (SegmentedRaftLogWorker.java:execute(599)) - 7be7a3ee-2c60-4daa-92d5-fce366cccc9d@group-FAE0631FEBCD-SegmentedRaftLogWorker: created new log segment /github/workspace/mnt/ozone/hadoop-ozone/integration-test/target/test-dir/MiniOzoneClusterImpl-5543d78b-3109-4325-8e4d-d24bfba87b26/datanode-1/data/ratis/05ce0818-b588-4728-ba10-fae0631febcd/current/log_inprogress_0
2021-03-17 02:10:27,804 [grpc-default-executor-2] INFO  ratis.XceiverServerRatis (XceiverServerRatis.java:handleLeaderChangedNotification(899)) - Leader change notification received for group: group-FAE0631FEBCD with new leaderId: 7be7a3ee-2c60-4daa-92d5-fce366cccc9d
2021-03-17 02:10:27,804 [grpc-default-executor-2] INFO  server.RaftServer$Division (ServerState.java:setLeader(271)) - a3b22ff5-07c5-4717-894b-669982ee3e54@group-FAE0631FEBCD: change Leader from null to 7be7a3ee-2c60-4daa-92d5-fce366cccc9d at term 2 for appendEntries, leader elected after 10252ms
2021-03-17 02:10:27,806 [grpc-default-executor-3] INFO  server.RaftServer$Division (ServerState.java:setRaftConf(373)) - a3b22ff5-07c5-4717-894b-669982ee3e54@group-FAE0631FEBCD: set configuration 0: [c22503ba-573b-463b-9e1c-de44cfeb847d|rpc:172.17.0.2:34901|dataStream:|priority:0, a3b22ff5-07c5-4717-894b-669982ee3e54|rpc:172.17.0.2:42689|dataStream:|priority:0, 7be7a3ee-2c60-4daa-92d5-fce366cccc9d|rpc:172.17.0.2:39539|dataStream:|priority:1], old=null
2021-03-17 02:10:27,806 [grpc-default-executor-1] INFO  ratis.XceiverServerRatis (XceiverServerRatis.java:handleLeaderChangedNotification(899)) - Leader change notification received for group: group-FAE0631FEBCD with new leaderId: 7be7a3ee-2c60-4daa-92d5-fce366cccc9d
2021-03-17 02:10:27,806 [grpc-default-executor-1] INFO  server.RaftServer$Division (ServerState.java:setLeader(271)) - c22503ba-573b-463b-9e1c-de44cfeb847d@group-FAE0631FEBCD: change Leader from null to 7be7a3ee-2c60-4daa-92d5-fce366cccc9d at term 2 for appendEntries, leader elected after 10276ms
2021-03-17 02:10:27,807 [grpc-default-executor-3] INFO  segmented.SegmentedRaftLogWorker (SegmentedRaftLogWorker.java:startLogSegment(392)) - a3b22ff5-07c5-4717-894b-669982ee3e54@group-FAE0631FEBCD-SegmentedRaftLogWorker: Starting segment from index:0
2021-03-17 02:10:27,809 [a3b22ff5-07c5-4717-894b-669982ee3e54@group-FAE0631FEBCD-SegmentedRaftLogWorker] INFO  segmented.SegmentedRaftLogWorker (SegmentedRaftLogWorker.java:execute(599)) - a3b22ff5-07c5-4717-894b-669982ee3e54@group-FAE0631FEBCD-SegmentedRaftLogWorker: created new log segment /github/workspace/mnt/ozone/hadoop-ozone/integration-test/target/test-dir/MiniOzoneClusterImpl-5543d78b-3109-4325-8e4d-d24bfba87b26/datanode-2/data/ratis/05ce0818-b588-4728-ba10-fae0631febcd/current/log_inprogress_0
2021-03-17 02:10:27,809 [grpc-default-executor-1] INFO  server.RaftServer$Division (ServerState.java:setRaftConf(373)) - c22503ba-573b-463b-9e1c-de44cfeb847d@group-FAE0631FEBCD: set configuration 0: [c22503ba-573b-463b-9e1c-de44cfeb847d|rpc:172.17.0.2:34901|dataStream:|priority:0, a3b22ff5-07c5-4717-894b-669982ee3e54|rpc:172.17.0.2:42689|dataStream:|priority:0, 7be7a3ee-2c60-4daa-92d5-fce366cccc9d|rpc:172.17.0.2:39539|dataStream:|priority:1], old=null
2021-03-17 02:10:27,809 [grpc-default-executor-1] INFO  segmented.SegmentedRaftLogWorker (SegmentedRaftLogWorker.java:startLogSegment(392)) - c22503ba-573b-463b-9e1c-de44cfeb847d@group-FAE0631FEBCD-SegmentedRaftLogWorker: Starting segment from index:0
2021-03-17 02:10:27,816 [c22503ba-573b-463b-9e1c-de44cfeb847d@group-FAE0631FEBCD-SegmentedRaftLogWorker] INFO  segmented.SegmentedRaftLogWorker (SegmentedRaftLogWorker.java:execute(599)) - c22503ba-573b-463b-9e1c-de44cfeb847d@group-FAE0631FEBCD-SegmentedRaftLogWorker: created new log segment /github/workspace/mnt/ozone/hadoop-ozone/integration-test/target/test-dir/MiniOzoneClusterImpl-5543d78b-3109-4325-8e4d-d24bfba87b26/datanode-0/data/ratis/05ce0818-b588-4728-ba10-fae0631febcd/current/log_inprogress_0
2021-03-17 02:10:28,381 [Thread-907] INFO  impl.FollowerState (FollowerState.java:run(133)) - edc886fb-3392-4280-b977-eac73b957932@group-7A770B342A66-FollowerState: change to CANDIDATE, lastRpcElapsedTime:5154079586ns, electionTimeout:5146ms
2021-03-17 02:10:28,382 [Thread-907] INFO  impl.RoleInfo (RoleInfo.java:shutdownFollowerState(108)) - edc886fb-3392-4280-b977-eac73b957932: shutdown edc886fb-3392-4280-b977-eac73b957932@group-7A770B342A66-FollowerState
2021-03-17 02:10:28,382 [Thread-907] INFO  server.RaftServer$Division (RaftServerImpl.java:setRole(284)) - edc886fb-3392-4280-b977-eac73b957932@group-7A770B342A66: changes role from  FOLLOWER to CANDIDATE at term 1 for changeToCandidate
2021-03-17 02:10:28,382 [Thread-907] INFO  server.RaftServerConfigKeys (ConfUtils.java:logGet(44)) - raft.server.leaderelection.pre-vote = false (custom)
2021-03-17 02:10:28,382 [Thread-907] INFO  impl.RoleInfo (RoleInfo.java:updateAndGet(130)) - edc886fb-3392-4280-b977-eac73b957932: start edc886fb-3392-4280-b977-eac73b957932@group-7A770B342A66-LeaderElection44
2021-03-17 02:10:28,385 [edc886fb-3392-4280-b977-eac73b957932@group-7A770B342A66-LeaderElection44] INFO  impl.LeaderElection (LeaderElection.java:askForVotes(307)) - edc886fb-3392-4280-b977-eac73b957932@group-7A770B342A66-LeaderElection44 ELECTION round 0: submit vote requests at term 2 for -1: [edc886fb-3392-4280-b977-eac73b957932|rpc:172.17.0.2:45405|priority:1, 888dbe71-6008-4ebf-8f97-777673ccf37c|rpc:172.17.0.2:32769|priority:0, 37b60bae-9d6d-40b8-9851-2e9be12703e9|rpc:172.17.0.2:46279|priority:0], old=null
2021-03-17 02:10:28,395 [Thread-908] INFO  impl.FollowerState (FollowerState.java:run(133)) - 37b60bae-9d6d-40b8-9851-2e9be12703e9@group-7A770B342A66-FollowerState: change to CANDIDATE, lastRpcElapsedTime:5163059299ns, electionTimeout:5153ms
2021-03-17 02:10:28,395 [Thread-908] INFO  impl.RoleInfo (RoleInfo.java:shutdownFollowerState(108)) - 37b60bae-9d6d-40b8-9851-2e9be12703e9: shutdown 37b60bae-9d6d-40b8-9851-2e9be12703e9@group-7A770B342A66-FollowerState
2021-03-17 02:10:28,396 [Thread-908] INFO  server.RaftServer$Division (RaftServerImpl.java:setRole(284)) - 37b60bae-9d6d-40b8-9851-2e9be12703e9@group-7A770B342A66: changes role from  FOLLOWER to CANDIDATE at term 1 for changeToCandidate
2021-03-17 02:10:28,396 [Thread-908] INFO  server.RaftServerConfigKeys (ConfUtils.java:logGet(44)) - raft.server.leaderelection.pre-vote = false (custom)
2021-03-17 02:10:28,396 [Thread-908] INFO  impl.RoleInfo (RoleInfo.java:updateAndGet(130)) - 37b60bae-9d6d-40b8-9851-2e9be12703e9: start 37b60bae-9d6d-40b8-9851-2e9be12703e9@group-7A770B342A66-LeaderElection45
2021-03-17 02:10:28,408 [grpc-default-executor-3] INFO  server.RaftServer$Division (RaftServerImpl.java:requestVote(1025)) - 888dbe71-6008-4ebf-8f97-777673ccf37c@group-7A770B342A66: receive requestVote(ELECTION, edc886fb-3392-4280-b977-eac73b957932, group-7A770B342A66, 2, (t:0, i:0))
2021-03-17 02:10:28,408 [grpc-default-executor-3] INFO  impl.VoteContext (VoteContext.java:log(48)) - 888dbe71-6008-4ebf-8f97-777673ccf37c@group-7A770B342A66-FOLLOWER: accept ELECTION from edc886fb-3392-4280-b977-eac73b957932: our priority 0 <= candidate's priority 1
2021-03-17 02:10:28,408 [grpc-default-executor-3] INFO  server.RaftServer$Division (RaftServerImpl.java:setRole(284)) - 888dbe71-6008-4ebf-8f97-777673ccf37c@group-7A770B342A66: changes role from  FOLLOWER to FOLLOWER at term 2 for candidate:edc886fb-3392-4280-b977-eac73b957932
2021-03-17 02:10:28,408 [grpc-default-executor-3] INFO  impl.RoleInfo (RoleInfo.java:shutdownFollowerState(108)) - 888dbe71-6008-4ebf-8f97-777673ccf37c: shutdown 888dbe71-6008-4ebf-8f97-777673ccf37c@group-7A770B342A66-FollowerState
2021-03-17 02:10:28,408 [grpc-default-executor-3] INFO  impl.RoleInfo (RoleInfo.java:updateAndGet(130)) - 888dbe71-6008-4ebf-8f97-777673ccf37c: start 888dbe71-6008-4ebf-8f97-777673ccf37c@group-7A770B342A66-FollowerState
2021-03-17 02:10:28,408 [Thread-909] INFO  impl.FollowerState (FollowerState.java:run(142)) - 888dbe71-6008-4ebf-8f97-777673ccf37c@group-7A770B342A66-FollowerState was interrupted: {}
java.lang.InterruptedException: sleep interrupted
	at java.lang.Thread.sleep(Native Method)
	at java.lang.Thread.sleep(Thread.java:340)
	at java.util.concurrent.TimeUnit.sleep(TimeUnit.java:386)
	at org.apache.ratis.util.TimeDuration.sleep(TimeDuration.java:324)
	at org.apache.ratis.util.TimeDuration.sleep(TimeDuration.java:309)
	at org.apache.ratis.server.impl.FollowerState.run(FollowerState.java:117)
2021-03-17 02:10:28,409 [37b60bae-9d6d-40b8-9851-2e9be12703e9@group-7A770B342A66-LeaderElection45] INFO  impl.LeaderElection (LeaderElection.java:askForVotes(307)) - 37b60bae-9d6d-40b8-9851-2e9be12703e9@group-7A770B342A66-LeaderElection45 ELECTION round 0: submit vote requests at term 2 for -1: [edc886fb-3392-4280-b977-eac73b957932|rpc:172.17.0.2:45405|dataStream:|priority:1, 888dbe71-6008-4ebf-8f97-777673ccf37c|rpc:172.17.0.2:32769|dataStream:|priority:0, 37b60bae-9d6d-40b8-9851-2e9be12703e9|rpc:172.17.0.2:46279|dataStream:|priority:0], old=null
2021-03-17 02:10:28,409 [grpc-default-executor-3] INFO  server.RaftServer$Division (RaftServerImpl.java:requestVote(1057)) - 888dbe71-6008-4ebf-8f97-777673ccf37c@group-7A770B342A66 replies to ELECTION vote request: edc886fb-3392-4280-b977-eac73b957932<-888dbe71-6008-4ebf-8f97-777673ccf37c#0:OK-t2. Peer's state: 888dbe71-6008-4ebf-8f97-777673ccf37c@group-7A770B342A66:t2, leader=null, voted=edc886fb-3392-4280-b977-eac73b957932, raftlog=888dbe71-6008-4ebf-8f97-777673ccf37c@group-7A770B342A66-SegmentedRaftLog:OPENED:c-1,f-1,i0, conf=-1: [edc886fb-3392-4280-b977-eac73b957932|rpc:172.17.0.2:45405|dataStream:|priority:1, 888dbe71-6008-4ebf-8f97-777673ccf37c|rpc:172.17.0.2:32769|dataStream:|priority:0, 37b60bae-9d6d-40b8-9851-2e9be12703e9|rpc:172.17.0.2:46279|dataStream:|priority:0], old=null
2021-03-17 02:10:28,413 [edc886fb-3392-4280-b977-eac73b957932@group-7A770B342A66-LeaderElection44] INFO  impl.LeaderElection (LeaderElection.java:logAndReturn(89)) - edc886fb-3392-4280-b977-eac73b957932@group-7A770B342A66-LeaderElection44: ELECTION PASSED received 1 response(s) and 0 exception(s):
2021-03-17 02:10:28,413 [edc886fb-3392-4280-b977-eac73b957932@group-7A770B342A66-LeaderElection44] INFO  impl.LeaderElection (LeaderElection.java:logAndReturn(93)) -   Response 0: edc886fb-3392-4280-b977-eac73b957932<-888dbe71-6008-4ebf-8f97-777673ccf37c#0:OK-t2
2021-03-17 02:10:28,413 [edc886fb-3392-4280-b977-eac73b957932@group-7A770B342A66-LeaderElection44] INFO  impl.LeaderElection (LeaderElection.java:askForVotes(309)) - edc886fb-3392-4280-b977-eac73b957932@group-7A770B342A66-LeaderElection44 ELECTION round 0: result PASSED
2021-03-17 02:10:28,413 [edc886fb-3392-4280-b977-eac73b957932@group-7A770B342A66-LeaderElection44] INFO  impl.RoleInfo (RoleInfo.java:shutdownLeaderElection(121)) - edc886fb-3392-4280-b977-eac73b957932: shutdown edc886fb-3392-4280-b977-eac73b957932@group-7A770B342A66-LeaderElection44
2021-03-17 02:10:28,413 [edc886fb-3392-4280-b977-eac73b957932@group-7A770B342A66-LeaderElection44] INFO  server.RaftServer$Division (RaftServerImpl.java:setRole(284)) - edc886fb-3392-4280-b977-eac73b957932@group-7A770B342A66: changes role from CANDIDATE to LEADER at term 2 for changeToLeader
2021-03-17 02:10:28,413 [edc886fb-3392-4280-b977-eac73b957932@group-7A770B342A66-LeaderElection44] INFO  ratis.XceiverServerRatis (XceiverServerRatis.java:handleLeaderChangedNotification(899)) - Leader change notification received for group: group-7A770B342A66 with new leaderId: edc886fb-3392-4280-b977-eac73b957932
2021-03-17 02:10:28,413 [edc886fb-3392-4280-b977-eac73b957932@group-7A770B342A66-LeaderElection44] INFO  server.RaftServer$Division (ServerState.java:setLeader(271)) - edc886fb-3392-4280-b977-eac73b957932@group-7A770B342A66: change Leader from null to edc886fb-3392-4280-b977-eac73b957932 at term 2 for becomeLeader, leader elected after 10305ms
2021-03-17 02:10:28,413 [edc886fb-3392-4280-b977-eac73b957932@group-7A770B342A66-LeaderElection44] INFO  server.RaftServerConfigKeys (ConfUtils.java:logGet(44)) - raft.server.staging.catchup.gap = 1000 (default)
2021-03-17 02:10:28,413 [edc886fb-3392-4280-b977-eac73b957932@group-7A770B342A66-LeaderElection44] INFO  metrics.RatisMetrics (RatisMetrics.java:lambda$create$0(36)) - Creating Metrics Registry : ratis.log_appender.edc886fb-3392-4280-b977-eac73b957932@group-7A770B342A66
2021-03-17 02:10:28,413 [edc886fb-3392-4280-b977-eac73b957932@group-7A770B342A66-LeaderElection44] INFO  server.RaftServerConfigKeys (ConfUtils.java:logGet(44)) - raft.server.write.element-limit = 1024 (custom)
2021-03-17 02:10:28,413 [edc886fb-3392-4280-b977-eac73b957932@group-7A770B342A66-LeaderElection44] INFO  server.RaftServerConfigKeys (ConfUtils.java:logGet(44)) - raft.server.write.byte-limit = 1073741824 (custom)
2021-03-17 02:10:28,414 [edc886fb-3392-4280-b977-eac73b957932@group-7A770B342A66-LeaderElection44] INFO  server.RaftServerConfigKeys (ConfUtils.java:logGet(44)) - raft.server.watch.timeout = 3000ms (custom)
2021-03-17 02:10:28,414 [edc886fb-3392-4280-b977-eac73b957932@group-7A770B342A66-LeaderElection44] INFO  server.RaftServerConfigKeys (ConfUtils.java:logGet(44)) - raft.server.watch.timeout.denomination = 1s (default)
2021-03-17 02:10:28,414 [edc886fb-3392-4280-b977-eac73b957932@group-7A770B342A66-LeaderElection44] INFO  server.RaftServerConfigKeys (ConfUtils.java:logGet(44)) - raft.server.watch.element-limit = 65536 (default)
2021-03-17 02:10:28,414 [edc886fb-3392-4280-b977-eac73b957932@group-7A770B342A66-LeaderElection44] INFO  server.RaftServerConfigKeys (ConfUtils.java:logGet(44)) - raft.server.log.appender.snapshot.chunk.size.max = 16MB (=16777216) (default)
2021-03-17 02:10:28,414 [edc886fb-3392-4280-b977-eac73b957932@group-7A770B342A66-LeaderElection44] INFO  server.RaftServerConfigKeys (ConfUtils.java:logGet(44)) - raft.server.log.appender.buffer.byte-limit = 33554432 (custom)
2021-03-17 02:10:28,414 [edc886fb-3392-4280-b977-eac73b957932@group-7A770B342A66-LeaderElection44] INFO  server.RaftServerConfigKeys (ConfUtils.java:logGet(44)) - raft.server.log.appender.buffer.element-limit = 1 (custom)
2021-03-17 02:10:28,414 [edc886fb-3392-4280-b977-eac73b957932@group-7A770B342A66-LeaderElection44] INFO  grpc.GrpcConfigKeys (ConfUtils.java:logGet(44)) - raft.grpc.server.leader.outstanding.appends.max = 128 (default)
2021-03-17 02:10:28,414 [edc886fb-3392-4280-b977-eac73b957932@group-7A770B342A66-LeaderElection44] INFO  server.RaftServerConfigKeys (ConfUtils.java:logGet(44)) - raft.server.rpc.request.timeout = 3000ms (default)
2021-03-17 02:10:28,414 [edc886fb-3392-4280-b977-eac73b957932@group-7A770B342A66-LeaderElection44] INFO  server.RaftServerConfigKeys (ConfUtils.java:logGet(44)) - raft.server.log.appender.install.snapshot.enabled = false (custom)
2021-03-17 02:10:28,414 [edc886fb-3392-4280-b977-eac73b957932@group-7A770B342A66-LeaderElection44] INFO  metrics.RatisMetrics (RatisMetrics.java:lambda$create$0(36)) - Creating Metrics Registry : ratis_grpc.log_appender.edc886fb-3392-4280-b977-eac73b957932@group-7A770B342A66
2021-03-17 02:10:28,415 [EventQueue-PipelineReportForPipelineReportHandler] INFO  pipeline.PipelineStateManager (PipelineStateManager.java:openPipeline(132)) - Pipeline Pipeline[ Id: eb7140b3-8d2d-4bc8-b775-7a770b342a66, Nodes: edc886fb-3392-4280-b977-eac73b957932{ip: 172.17.0.2, host: 70ca58e12b9b, ports: [REPLICATION=46347, RATIS=45405, RATIS_ADMIN=45405, RATIS_SERVER=45405, STANDALONE=36351], networkLocation: /default-rack, certSerialId: null, persistedOpState: IN_SERVICE, persistedOpStateExpiryEpochSec: 0}888dbe71-6008-4ebf-8f97-777673ccf37c{ip: 172.17.0.2, host: 70ca58e12b9b, ports: [REPLICATION=42049, RATIS=32769, RATIS_ADMIN=32769, RATIS_SERVER=32769, STANDALONE=40723], networkLocation: /default-rack, certSerialId: null, persistedOpState: IN_SERVICE, persistedOpStateExpiryEpochSec: 0}37b60bae-9d6d-40b8-9851-2e9be12703e9{ip: 172.17.0.2, host: 70ca58e12b9b, ports: [REPLICATION=41081, RATIS=46279, RATIS_ADMIN=46279, RATIS_SERVER=46279, STANDALONE=42859], networkLocation: /default-rack, certSerialId: null, persistedOpState: IN_SERVICE, persistedOpStateExpiryEpochSec: 0}, Type:RATIS, Factor:THREE, State:ALLOCATED, leaderId:edc886fb-3392-4280-b977-eac73b957932, CreationTimestamp2021-03-17T02:10:15.463Z] moved to OPEN state
2021-03-17 02:10:28,416 [grpc-default-executor-2] INFO  server.RaftServer$Division (RaftServerImpl.java:requestVote(1025)) - edc886fb-3392-4280-b977-eac73b957932@group-7A770B342A66: receive requestVote(ELECTION, 37b60bae-9d6d-40b8-9851-2e9be12703e9, group-7A770B342A66, 2, (t:0, i:0))
2021-03-17 02:10:28,416 [grpc-default-executor-1] INFO  server.RaftServer$Division (RaftServerImpl.java:requestVote(1025)) - 37b60bae-9d6d-40b8-9851-2e9be12703e9@group-7A770B342A66: receive requestVote(ELECTION, edc886fb-3392-4280-b977-eac73b957932, group-7A770B342A66, 2, (t:0, i:0))
2021-03-17 02:10:28,416 [grpc-default-executor-1] INFO  impl.VoteContext (VoteContext.java:log(48)) - 37b60bae-9d6d-40b8-9851-2e9be12703e9@group-7A770B342A66-CANDIDATE: reject ELECTION from edc886fb-3392-4280-b977-eac73b957932: already has voted for 37b60bae-9d6d-40b8-9851-2e9be12703e9 at current term 2
2021-03-17 02:10:28,416 [grpc-default-executor-1] INFO  server.RaftServer$Division (RaftServerImpl.java:requestVote(1057)) - 37b60bae-9d6d-40b8-9851-2e9be12703e9@group-7A770B342A66 replies to ELECTION vote request: edc886fb-3392-4280-b977-eac73b957932<-37b60bae-9d6d-40b8-9851-2e9be12703e9#0:FAIL-t2. Peer's state: 37b60bae-9d6d-40b8-9851-2e9be12703e9@group-7A770B342A66:t2, leader=null, voted=37b60bae-9d6d-40b8-9851-2e9be12703e9, raftlog=37b60bae-9d6d-40b8-9851-2e9be12703e9@group-7A770B342A66-SegmentedRaftLog:OPENED:c-1,f-1,i0, conf=-1: [edc886fb-3392-4280-b977-eac73b957932|rpc:172.17.0.2:45405|dataStream:|priority:1, 888dbe71-6008-4ebf-8f97-777673ccf37c|rpc:172.17.0.2:32769|dataStream:|priority:0, 37b60bae-9d6d-40b8-9851-2e9be12703e9|rpc:172.17.0.2:46279|dataStream:|priority:0], old=null
2021-03-17 02:10:28,416 [grpc-default-executor-3] INFO  server.RaftServer$Division (RaftServerImpl.java:requestVote(1025)) - 888dbe71-6008-4ebf-8f97-777673ccf37c@group-7A770B342A66: receive requestVote(ELECTION, 37b60bae-9d6d-40b8-9851-2e9be12703e9, group-7A770B342A66, 2, (t:0, i:0))
2021-03-17 02:10:28,416 [grpc-default-executor-3] INFO  impl.VoteContext (VoteContext.java:log(48)) - 888dbe71-6008-4ebf-8f97-777673ccf37c@group-7A770B342A66-FOLLOWER: reject ELECTION from 37b60bae-9d6d-40b8-9851-2e9be12703e9: already has voted for edc886fb-3392-4280-b977-eac73b957932 at current term 2
2021-03-17 02:10:28,416 [grpc-default-executor-3] INFO  server.RaftServer$Division (RaftServerImpl.java:requestVote(1057)) - 888dbe71-6008-4ebf-8f97-777673ccf37c@group-7A770B342A66 replies to ELECTION vote request: 37b60bae-9d6d-40b8-9851-2e9be12703e9<-888dbe71-6008-4ebf-8f97-777673ccf37c#0:FAIL-t2. Peer's state: 888dbe71-6008-4ebf-8f97-777673ccf37c@group-7A770B342A66:t2, leader=null, voted=edc886fb-3392-4280-b977-eac73b957932, raftlog=888dbe71-6008-4ebf-8f97-777673ccf37c@group-7A770B342A66-SegmentedRaftLog:OPENED:c-1,f-1,i0, conf=-1: [edc886fb-3392-4280-b977-eac73b957932|rpc:172.17.0.2:45405|dataStream:|priority:1, 888dbe71-6008-4ebf-8f97-777673ccf37c|rpc:172.17.0.2:32769|dataStream:|priority:0, 37b60bae-9d6d-40b8-9851-2e9be12703e9|rpc:172.17.0.2:46279|dataStream:|priority:0], old=null
2021-03-17 02:10:28,419 [edc886fb-3392-4280-b977-eac73b957932@group-7A770B342A66-LeaderElection44] INFO  server.RaftServerConfigKeys (ConfUtils.java:logGet(44)) - raft.server.log.appender.snapshot.chunk.size.max = 16MB (=16777216) (default)
2021-03-17 02:10:28,419 [edc886fb-3392-4280-b977-eac73b957932@group-7A770B342A66-LeaderElection44] INFO  server.RaftServerConfigKeys (ConfUtils.java:logGet(44)) - raft.server.log.appender.buffer.byte-limit = 33554432 (custom)
2021-03-17 02:10:28,419 [edc886fb-3392-4280-b977-eac73b957932@group-7A770B342A66-LeaderElection44] INFO  server.RaftServerConfigKeys (ConfUtils.java:logGet(44)) - raft.server.log.appender.buffer.element-limit = 1 (custom)
2021-03-17 02:10:28,419 [edc886fb-3392-4280-b977-eac73b957932@group-7A770B342A66-LeaderElection44] INFO  grpc.GrpcConfigKeys (ConfUtils.java:logGet(44)) - raft.grpc.server.leader.outstanding.appends.max = 128 (default)
2021-03-17 02:10:28,419 [edc886fb-3392-4280-b977-eac73b957932@group-7A770B342A66-LeaderElection44] INFO  server.RaftServerConfigKeys (ConfUtils.java:logGet(44)) - raft.server.rpc.request.timeout = 3000ms (default)
2021-03-17 02:10:28,419 [edc886fb-3392-4280-b977-eac73b957932@group-7A770B342A66-LeaderElection44] INFO  server.RaftServerConfigKeys (ConfUtils.java:logGet(44)) - raft.server.log.appender.install.snapshot.enabled = false (custom)
2021-03-17 02:10:28,420 [edc886fb-3392-4280-b977-eac73b957932@group-7A770B342A66-LeaderElection44] INFO  impl.RoleInfo (RoleInfo.java:updateAndGet(130)) - edc886fb-3392-4280-b977-eac73b957932: start edc886fb-3392-4280-b977-eac73b957932@group-7A770B342A66-LeaderStateImpl
2021-03-17 02:10:28,420 [edc886fb-3392-4280-b977-eac73b957932@group-7A770B342A66-LeaderElection44] INFO  segmented.SegmentedRaftLogWorker (SegmentedRaftLogWorker.java:startLogSegment(392)) - edc886fb-3392-4280-b977-eac73b957932@group-7A770B342A66-SegmentedRaftLogWorker: Starting segment from index:0
2021-03-17 02:10:28,422 [edc886fb-3392-4280-b977-eac73b957932@group-7A770B342A66-LeaderElection44] INFO  server.RaftServer$Division (ServerState.java:setRaftConf(373)) - edc886fb-3392-4280-b977-eac73b957932@group-7A770B342A66: set configuration 0: [edc886fb-3392-4280-b977-eac73b957932|rpc:172.17.0.2:45405|dataStream:|priority:1, 888dbe71-6008-4ebf-8f97-777673ccf37c|rpc:172.17.0.2:32769|dataStream:|priority:0, 37b60bae-9d6d-40b8-9851-2e9be12703e9|rpc:172.17.0.2:46279|dataStream:|priority:0], old=null
2021-03-17 02:10:28,422 [grpc-default-executor-2] INFO  impl.VoteContext (VoteContext.java:log(48)) - edc886fb-3392-4280-b977-eac73b957932@group-7A770B342A66-LEADER: reject ELECTION from 37b60bae-9d6d-40b8-9851-2e9be12703e9: already has voted for edc886fb-3392-4280-b977-eac73b957932 at current term 2
2021-03-17 02:10:28,423 [grpc-default-executor-2] INFO  server.RaftServer$Division (RaftServerImpl.java:requestVote(1057)) - edc886fb-3392-4280-b977-eac73b957932@group-7A770B342A66 replies to ELECTION vote request: 37b60bae-9d6d-40b8-9851-2e9be12703e9<-edc886fb-3392-4280-b977-eac73b957932#0:FAIL-t2. Peer's state: edc886fb-3392-4280-b977-eac73b957932@group-7A770B342A66:t2, leader=edc886fb-3392-4280-b977-eac73b957932, voted=edc886fb-3392-4280-b977-eac73b957932, raftlog=edc886fb-3392-4280-b977-eac73b957932@group-7A770B342A66-SegmentedRaftLog:OPENED:c-1,f-1,i0, conf=0: [edc886fb-3392-4280-b977-eac73b957932|rpc:172.17.0.2:45405|dataStream:|priority:1, 888dbe71-6008-4ebf-8f97-777673ccf37c|rpc:172.17.0.2:32769|dataStream:|priority:0, 37b60bae-9d6d-40b8-9851-2e9be12703e9|rpc:172.17.0.2:46279|dataStream:|priority:0], old=null
2021-03-17 02:10:28,423 [edc886fb-3392-4280-b977-eac73b957932@group-7A770B342A66-SegmentedRaftLogWorker] INFO  segmented.SegmentedRaftLogWorker (SegmentedRaftLogWorker.java:execute(599)) - edc886fb-3392-4280-b977-eac73b957932@group-7A770B342A66-SegmentedRaftLogWorker: created new log segment /github/workspace/mnt/ozone/hadoop-ozone/integration-test/target/test-dir/MiniOzoneClusterImpl-5543d78b-3109-4325-8e4d-d24bfba87b26/datanode-3/data/ratis/eb7140b3-8d2d-4bc8-b775-7a770b342a66/current/log_inprogress_0
2021-03-17 02:10:28,423 [37b60bae-9d6d-40b8-9851-2e9be12703e9@group-7A770B342A66-LeaderElection45] INFO  impl.LeaderElection (LeaderElection.java:logAndReturn(89)) - 37b60bae-9d6d-40b8-9851-2e9be12703e9@group-7A770B342A66-LeaderElection45: ELECTION REJECTED received 2 response(s) and 0 exception(s):
2021-03-17 02:10:28,423 [37b60bae-9d6d-40b8-9851-2e9be12703e9@group-7A770B342A66-LeaderElection45] INFO  impl.LeaderElection (LeaderElection.java:logAndReturn(93)) -   Response 0: 37b60bae-9d6d-40b8-9851-2e9be12703e9<-edc886fb-3392-4280-b977-eac73b957932#0:FAIL-t2
2021-03-17 02:10:28,423 [37b60bae-9d6d-40b8-9851-2e9be12703e9@group-7A770B342A66-LeaderElection45] INFO  impl.LeaderElection (LeaderElection.java:logAndReturn(93)) -   Response 1: 37b60bae-9d6d-40b8-9851-2e9be12703e9<-888dbe71-6008-4ebf-8f97-777673ccf37c#0:FAIL-t2
2021-03-17 02:10:28,424 [37b60bae-9d6d-40b8-9851-2e9be12703e9@group-7A770B342A66-LeaderElection45] INFO  impl.LeaderElection (LeaderElection.java:askForVotes(309)) - 37b60bae-9d6d-40b8-9851-2e9be12703e9@group-7A770B342A66-LeaderElection45 ELECTION round 0: result REJECTED
2021-03-17 02:10:28,424 [37b60bae-9d6d-40b8-9851-2e9be12703e9@group-7A770B342A66-LeaderElection45] INFO  server.RaftServer$Division (RaftServerImpl.java:setRole(284)) - 37b60bae-9d6d-40b8-9851-2e9be12703e9@group-7A770B342A66: changes role from CANDIDATE to FOLLOWER at term 2 for REJECTED
2021-03-17 02:10:28,424 [37b60bae-9d6d-40b8-9851-2e9be12703e9@group-7A770B342A66-LeaderElection45] INFO  impl.RoleInfo (RoleInfo.java:shutdownLeaderElection(121)) - 37b60bae-9d6d-40b8-9851-2e9be12703e9: shutdown 37b60bae-9d6d-40b8-9851-2e9be12703e9@group-7A770B342A66-LeaderElection45
2021-03-17 02:10:28,424 [37b60bae-9d6d-40b8-9851-2e9be12703e9@group-7A770B342A66-LeaderElection45] INFO  impl.RoleInfo (RoleInfo.java:updateAndGet(130)) - 37b60bae-9d6d-40b8-9851-2e9be12703e9: start 37b60bae-9d6d-40b8-9851-2e9be12703e9@group-7A770B342A66-FollowerState
2021-03-17 02:10:28,425 [grpc-default-executor-1] INFO  ratis.XceiverServerRatis (XceiverServerRatis.java:handleLeaderChangedNotification(899)) - Leader change notification received for group: group-7A770B342A66 with new leaderId: edc886fb-3392-4280-b977-eac73b957932
2021-03-17 02:10:28,425 [grpc-default-executor-1] INFO  server.RaftServer$Division (ServerState.java:setLeader(271)) - 888dbe71-6008-4ebf-8f97-777673ccf37c@group-7A770B342A66: change Leader from null to edc886fb-3392-4280-b977-eac73b957932 at term 2 for appendEntries, leader elected after 10287ms
2021-03-17 02:10:28,427 [grpc-default-executor-2] INFO  ratis.XceiverServerRatis (XceiverServerRatis.java:handleLeaderChangedNotification(899)) - Leader change notification received for group: group-7A770B342A66 with new leaderId: edc886fb-3392-4280-b977-eac73b957932
2021-03-17 02:10:28,427 [grpc-default-executor-2] INFO  server.RaftServer$Division (ServerState.java:setLeader(271)) - 37b60bae-9d6d-40b8-9851-2e9be12703e9@group-7A770B342A66: change Leader from null to edc886fb-3392-4280-b977-eac73b957932 at term 2 for appendEntries, leader elected after 10256ms
2021-03-17 02:10:28,429 [grpc-default-executor-1] INFO  server.RaftServer$Division (ServerState.java:setRaftConf(373)) - 888dbe71-6008-4ebf-8f97-777673ccf37c@group-7A770B342A66: set configuration 0: [edc886fb-3392-4280-b977-eac73b957932|rpc:172.17.0.2:45405|dataStream:|priority:1, 888dbe71-6008-4ebf-8f97-777673ccf37c|rpc:172.17.0.2:32769|dataStream:|priority:0, 37b60bae-9d6d-40b8-9851-2e9be12703e9|rpc:172.17.0.2:46279|dataStream:|priority:0], old=null
2021-03-17 02:10:28,430 [grpc-default-executor-1] INFO  segmented.SegmentedRaftLogWorker (SegmentedRaftLogWorker.java:startLogSegment(392)) - 888dbe71-6008-4ebf-8f97-777673ccf37c@group-7A770B342A66-SegmentedRaftLogWorker: Starting segment from index:0
2021-03-17 02:10:28,432 [888dbe71-6008-4ebf-8f97-777673ccf37c@group-7A770B342A66-SegmentedRaftLogWorker] INFO  segmented.SegmentedRaftLogWorker (SegmentedRaftLogWorker.java:execute(599)) - 888dbe71-6008-4ebf-8f97-777673ccf37c@group-7A770B342A66-SegmentedRaftLogWorker: created new log segment /github/workspace/mnt/ozone/hadoop-ozone/integration-test/target/test-dir/MiniOzoneClusterImpl-5543d78b-3109-4325-8e4d-d24bfba87b26/datanode-5/data/ratis/eb7140b3-8d2d-4bc8-b775-7a770b342a66/current/log_inprogress_0
2021-03-17 02:10:28,438 [grpc-default-executor-1] INFO  server.RaftServer$Division (ServerState.java:setRaftConf(373)) - 37b60bae-9d6d-40b8-9851-2e9be12703e9@group-7A770B342A66: set configuration 0: [edc886fb-3392-4280-b977-eac73b957932|rpc:172.17.0.2:45405|dataStream:|priority:1, 888dbe71-6008-4ebf-8f97-777673ccf37c|rpc:172.17.0.2:32769|dataStream:|priority:0, 37b60bae-9d6d-40b8-9851-2e9be12703e9|rpc:172.17.0.2:46279|dataStream:|priority:0], old=null
2021-03-17 02:10:28,439 [grpc-default-executor-1] INFO  segmented.SegmentedRaftLogWorker (SegmentedRaftLogWorker.java:startLogSegment(392)) - 37b60bae-9d6d-40b8-9851-2e9be12703e9@group-7A770B342A66-SegmentedRaftLogWorker: Starting segment from index:0
2021-03-17 02:10:28,440 [37b60bae-9d6d-40b8-9851-2e9be12703e9@group-7A770B342A66-SegmentedRaftLogWorker] INFO  segmented.SegmentedRaftLogWorker (SegmentedRaftLogWorker.java:execute(599)) - 37b60bae-9d6d-40b8-9851-2e9be12703e9@group-7A770B342A66-SegmentedRaftLogWorker: created new log segment /github/workspace/mnt/ozone/hadoop-ozone/integration-test/target/test-dir/MiniOzoneClusterImpl-5543d78b-3109-4325-8e4d-d24bfba87b26/datanode-4/data/ratis/eb7140b3-8d2d-4bc8-b775-7a770b342a66/current/log_inprogress_0
2021-03-17 02:10:28,783 [Listener at 127.0.0.1/40005] INFO  ozoneimpl.OzoneContainer (OzoneContainer.java:stop(273)) - Attempting to stop container services.
2021-03-17 02:10:28,784 [Listener at 127.0.0.1/40005] INFO  server.RaftServer (RaftServerProxy.java:lambda$close$6(391)) - a3b22ff5-07c5-4717-894b-669982ee3e54: close
2021-03-17 02:10:28,785 [Listener at 127.0.0.1/40005] INFO  server.RaftServer$Division (RaftServerImpl.java:lambda$close$4(406)) - a3b22ff5-07c5-4717-894b-669982ee3e54@group-036E82DF10BE: shutdown
2021-03-17 02:10:28,785 [Listener at 127.0.0.1/40005] INFO  util.JmxRegister (JmxRegister.java:unregister(73)) - Successfully un-registered JMX Bean with object name Ratis:service=RaftServer,group=group-036E82DF10BE,id=a3b22ff5-07c5-4717-894b-669982ee3e54
2021-03-17 02:10:28,785 [Listener at 127.0.0.1/40005] INFO  impl.RoleInfo (RoleInfo.java:shutdownLeaderState(91)) - a3b22ff5-07c5-4717-894b-669982ee3e54: shutdown a3b22ff5-07c5-4717-894b-669982ee3e54@group-036E82DF10BE-LeaderStateImpl
2021-03-17 02:10:28,785 [Listener at 127.0.0.1/40005] INFO  impl.PendingRequests (PendingRequests.java:sendNotLeaderResponses(249)) - a3b22ff5-07c5-4717-894b-669982ee3e54@group-036E82DF10BE-PendingRequests: sendNotLeaderResponses
2021-03-17 02:10:28,789 [Listener at 127.0.0.1/40005] INFO  metrics.RatisMetrics (RatisMetrics.java:unregister(43)) - Unregistering Metrics Registry : ratis.log_appender.a3b22ff5-07c5-4717-894b-669982ee3e54@group-036E82DF10BE
2021-03-17 02:10:28,789 [Listener at 127.0.0.1/40005] INFO  metrics.RatisMetrics (RatisMetrics.java:unregister(43)) - Unregistering Metrics Registry : ratis.server.a3b22ff5-07c5-4717-894b-669982ee3e54@group-036E82DF10BE
2021-03-17 02:10:28,790 [a3b22ff5-07c5-4717-894b-669982ee3e54@group-036E82DF10BE-StateMachineUpdater] INFO  ratis.ContainerStateMachine (ContainerStateMachine.java:takeSnapshot(291)) - group-036E82DF10BE: Taking a snapshot at:(t:1, i:11) file /github/workspace/mnt/ozone/hadoop-ozone/integration-test/target/test-dir/MiniOzoneClusterImpl-5543d78b-3109-4325-8e4d-d24bfba87b26/datanode-2/data/ratis/d8764373-1664-4953-abac-036e82df10be/sm/snapshot.1_11
2021-03-17 02:10:28,790 [Listener at 127.0.0.1/40005] INFO  impl.StateMachineUpdater (StateMachineUpdater.java:stopAndJoin(148)) - a3b22ff5-07c5-4717-894b-669982ee3e54@group-036E82DF10BE-StateMachineUpdater: set stopIndex = 11
2021-03-17 02:10:28,791 [a3b22ff5-07c5-4717-894b-669982ee3e54@group-036E82DF10BE-StateMachineUpdater] INFO  ratis.ContainerStateMachine (ContainerStateMachine.java:takeSnapshot(302)) - group-036E82DF10BE: Finished taking a snapshot at:(t:1, i:11) file:/github/workspace/mnt/ozone/hadoop-ozone/integration-test/target/test-dir/MiniOzoneClusterImpl-5543d78b-3109-4325-8e4d-d24bfba87b26/datanode-2/data/ratis/d8764373-1664-4953-abac-036e82df10be/sm/snapshot.1_11 took: 1 ms
2021-03-17 02:10:28,791 [a3b22ff5-07c5-4717-894b-669982ee3e54@group-036E82DF10BE-StateMachineUpdater] INFO  impl.StateMachineUpdater (StateMachineUpdater.java:takeSnapshot(279)) - a3b22ff5-07c5-4717-894b-669982ee3e54@group-036E82DF10BE-StateMachineUpdater: Took a snapshot at index 11
2021-03-17 02:10:28,791 [a3b22ff5-07c5-4717-894b-669982ee3e54@group-036E82DF10BE-StateMachineUpdater] INFO  impl.StateMachineUpdater (StateMachineUpdater.java:lambda$new$0(88)) - a3b22ff5-07c5-4717-894b-669982ee3e54@group-036E82DF10BE-StateMachineUpdater: snapshotIndex: updateIncreasingly -1 -> 11
2021-03-17 02:10:28,792 [a3b22ff5-07c5-4717-894b-669982ee3e54@group-036E82DF10BE-StateMachineUpdater] INFO  metrics.RatisMetrics (RatisMetrics.java:unregister(43)) - Unregistering Metrics Registry : ratis.state_machine.a3b22ff5-07c5-4717-894b-669982ee3e54@group-036E82DF10BE
2021-03-17 02:10:28,792 [Listener at 127.0.0.1/40005] INFO  server.RaftServer$Division (ServerState.java:close(405)) - a3b22ff5-07c5-4717-894b-669982ee3e54@group-036E82DF10BE: closes. applyIndex: 11
2021-03-17 02:10:28,792 [a3b22ff5-07c5-4717-894b-669982ee3e54@group-036E82DF10BE-SegmentedRaftLogWorker] INFO  segmented.SegmentedRaftLogWorker (SegmentedRaftLogWorker.java:run(326)) - a3b22ff5-07c5-4717-894b-669982ee3e54@group-036E82DF10BE-SegmentedRaftLogWorker was interrupted, exiting. There are 0 tasks remaining in the queue.
2021-03-17 02:10:28,793 [Listener at 127.0.0.1/40005] INFO  segmented.SegmentedRaftLogWorker (SegmentedRaftLogWorker.java:close(236)) - a3b22ff5-07c5-4717-894b-669982ee3e54@group-036E82DF10BE-SegmentedRaftLogWorker close()
2021-03-17 02:10:28,793 [Listener at 127.0.0.1/40005] INFO  metrics.RatisMetrics (RatisMetrics.java:unregister(43)) - Unregistering Metrics Registry : ratis.log_worker.a3b22ff5-07c5-4717-894b-669982ee3e54@group-036E82DF10BE
2021-03-17 02:10:28,794 [Listener at 127.0.0.1/40005] INFO  metrics.RatisMetrics (RatisMetrics.java:unregister(43)) - Unregistering Metrics Registry : ratis.leader_election.a3b22ff5-07c5-4717-894b-669982ee3e54@group-036E82DF10BE
2021-03-17 02:10:28,794 [Listener at 127.0.0.1/40005] INFO  metrics.RatisMetrics (RatisMetrics.java:unregister(43)) - Unregistering Metrics Registry : ratis.server.a3b22ff5-07c5-4717-894b-669982ee3e54@group-036E82DF10BE
2021-03-17 02:10:28,794 [Listener at 127.0.0.1/40005] INFO  server.RaftServer$Division (RaftServerImpl.java:lambda$close$4(406)) - a3b22ff5-07c5-4717-894b-669982ee3e54@group-FAE0631FEBCD: shutdown
2021-03-17 02:10:28,794 [Listener at 127.0.0.1/40005] INFO  util.JmxRegister (JmxRegister.java:unregister(73)) - Successfully un-registered JMX Bean with object name Ratis:service=RaftServer,group=group-FAE0631FEBCD,id=a3b22ff5-07c5-4717-894b-669982ee3e54
2021-03-17 02:10:28,794 [Listener at 127.0.0.1/40005] INFO  impl.RoleInfo (RoleInfo.java:shutdownFollowerState(108)) - a3b22ff5-07c5-4717-894b-669982ee3e54: shutdown a3b22ff5-07c5-4717-894b-669982ee3e54@group-FAE0631FEBCD-FollowerState
2021-03-17 02:10:28,794 [Listener at 127.0.0.1/40005] INFO  impl.StateMachineUpdater (StateMachineUpdater.java:stopAndJoin(148)) - a3b22ff5-07c5-4717-894b-669982ee3e54@group-FAE0631FEBCD-StateMachineUpdater: set stopIndex = 0
2021-03-17 02:10:28,794 [a3b22ff5-07c5-4717-894b-669982ee3e54@group-FAE0631FEBCD-StateMachineUpdater] INFO  ratis.ContainerStateMachine (ContainerStateMachine.java:takeSnapshot(291)) - group-FAE0631FEBCD: Taking a snapshot at:(t:2, i:0) file /github/workspace/mnt/ozone/hadoop-ozone/integration-test/target/test-dir/MiniOzoneClusterImpl-5543d78b-3109-4325-8e4d-d24bfba87b26/datanode-2/data/ratis/05ce0818-b588-4728-ba10-fae0631febcd/sm/snapshot.2_0
2021-03-17 02:10:28,794 [Thread-964] INFO  impl.FollowerState (FollowerState.java:run(142)) - a3b22ff5-07c5-4717-894b-669982ee3e54@group-FAE0631FEBCD-FollowerState was interrupted: {}
java.lang.InterruptedException: sleep interrupted
	at java.lang.Thread.sleep(Native Method)
	at java.lang.Thread.sleep(Thread.java:340)
	at java.util.concurrent.TimeUnit.sleep(TimeUnit.java:386)
	at org.apache.ratis.util.TimeDuration.sleep(TimeDuration.java:324)
	at org.apache.ratis.util.TimeDuration.sleep(TimeDuration.java:309)
	at org.apache.ratis.server.impl.FollowerState.run(FollowerState.java:117)
2021-03-17 02:10:28,795 [a3b22ff5-07c5-4717-894b-669982ee3e54@group-FAE0631FEBCD-StateMachineUpdater] INFO  ratis.ContainerStateMachine (ContainerStateMachine.java:takeSnapshot(302)) - group-FAE0631FEBCD: Finished taking a snapshot at:(t:2, i:0) file:/github/workspace/mnt/ozone/hadoop-ozone/integration-test/target/test-dir/MiniOzoneClusterImpl-5543d78b-3109-4325-8e4d-d24bfba87b26/datanode-2/data/ratis/05ce0818-b588-4728-ba10-fae0631febcd/sm/snapshot.2_0 took: 0 ms
2021-03-17 02:10:28,795 [a3b22ff5-07c5-4717-894b-669982ee3e54@group-FAE0631FEBCD-StateMachineUpdater] INFO  impl.StateMachineUpdater (StateMachineUpdater.java:takeSnapshot(279)) - a3b22ff5-07c5-4717-894b-669982ee3e54@group-FAE0631FEBCD-StateMachineUpdater: Took a snapshot at index 0
2021-03-17 02:10:28,795 [a3b22ff5-07c5-4717-894b-669982ee3e54@group-FAE0631FEBCD-StateMachineUpdater] INFO  impl.StateMachineUpdater (StateMachineUpdater.java:lambda$new$0(88)) - a3b22ff5-07c5-4717-894b-669982ee3e54@group-FAE0631FEBCD-StateMachineUpdater: snapshotIndex: updateIncreasingly -1 -> 0
2021-03-17 02:10:28,795 [a3b22ff5-07c5-4717-894b-669982ee3e54@group-FAE0631FEBCD-StateMachineUpdater] INFO  metrics.RatisMetrics (RatisMetrics.java:unregister(43)) - Unregistering Metrics Registry : ratis.state_machine.a3b22ff5-07c5-4717-894b-669982ee3e54@group-FAE0631FEBCD
2021-03-17 02:10:28,795 [Listener at 127.0.0.1/40005] INFO  server.RaftServer$Division (ServerState.java:close(405)) - a3b22ff5-07c5-4717-894b-669982ee3e54@group-FAE0631FEBCD: closes. applyIndex: 0
2021-03-17 02:10:28,796 [a3b22ff5-07c5-4717-894b-669982ee3e54@group-FAE0631FEBCD-SegmentedRaftLogWorker] INFO  segmented.SegmentedRaftLogWorker (SegmentedRaftLogWorker.java:run(326)) - a3b22ff5-07c5-4717-894b-669982ee3e54@group-FAE0631FEBCD-SegmentedRaftLogWorker was interrupted, exiting. There are 0 tasks remaining in the queue.
2021-03-17 02:10:28,797 [Listener at 127.0.0.1/40005] INFO  segmented.SegmentedRaftLogWorker (SegmentedRaftLogWorker.java:close(236)) - a3b22ff5-07c5-4717-894b-669982ee3e54@group-FAE0631FEBCD-SegmentedRaftLogWorker close()
2021-03-17 02:10:28,799 [Listener at 127.0.0.1/40005] INFO  metrics.RatisMetrics (RatisMetrics.java:unregister(43)) - Unregistering Metrics Registry : ratis.log_worker.a3b22ff5-07c5-4717-894b-669982ee3e54@group-FAE0631FEBCD
2021-03-17 02:10:28,800 [Listener at 127.0.0.1/40005] INFO  metrics.RatisMetrics (RatisMetrics.java:unregister(43)) - Unregistering Metrics Registry : ratis.leader_election.a3b22ff5-07c5-4717-894b-669982ee3e54@group-FAE0631FEBCD
2021-03-17 02:10:28,800 [Listener at 127.0.0.1/40005] INFO  metrics.RatisMetrics (RatisMetrics.java:unregister(43)) - Unregistering Metrics Registry : ratis.server.a3b22ff5-07c5-4717-894b-669982ee3e54@group-FAE0631FEBCD
2021-03-17 02:10:28,800 [Listener at 127.0.0.1/40005] INFO  server.RaftServer$Division (RaftServerImpl.java:lambda$close$4(406)) - a3b22ff5-07c5-4717-894b-669982ee3e54@group-0D254D493D02: shutdown
2021-03-17 02:10:28,800 [Listener at 127.0.0.1/40005] INFO  util.JmxRegister (JmxRegister.java:unregister(73)) - Successfully un-registered JMX Bean with object name Ratis:service=RaftServer,group=group-0D254D493D02,id=a3b22ff5-07c5-4717-894b-669982ee3e54
2021-03-17 02:10:28,800 [Listener at 127.0.0.1/40005] INFO  impl.RoleInfo (RoleInfo.java:shutdownFollowerState(108)) - a3b22ff5-07c5-4717-894b-669982ee3e54: shutdown a3b22ff5-07c5-4717-894b-669982ee3e54@group-0D254D493D02-FollowerState
2021-03-17 02:10:28,800 [Thread-952] INFO  impl.FollowerState (FollowerState.java:run(142)) - a3b22ff5-07c5-4717-894b-669982ee3e54@group-0D254D493D02-FollowerState was interrupted: {}
java.lang.InterruptedException: sleep interrupted
	at java.lang.Thread.sleep(Native Method)
	at java.lang.Thread.sleep(Thread.java:340)
	at java.util.concurrent.TimeUnit.sleep(TimeUnit.java:386)
	at org.apache.ratis.util.TimeDuration.sleep(TimeDuration.java:324)
	at org.apache.ratis.util.TimeDuration.sleep(TimeDuration.java:309)
	at org.apache.ratis.server.impl.FollowerState.run(FollowerState.java:117)
2021-03-17 02:10:28,800 [Listener at 127.0.0.1/40005] INFO  impl.StateMachineUpdater (StateMachineUpdater.java:stopAndJoin(148)) - a3b22ff5-07c5-4717-894b-669982ee3e54@group-0D254D493D02-StateMachineUpdater: set stopIndex = -1
2021-03-17 02:10:28,800 [a3b22ff5-07c5-4717-894b-669982ee3e54@group-0D254D493D02-StateMachineUpdater] INFO  metrics.RatisMetrics (RatisMetrics.java:unregister(43)) - Unregistering Metrics Registry : ratis.state_machine.a3b22ff5-07c5-4717-894b-669982ee3e54@group-0D254D493D02
2021-03-17 02:10:28,801 [Listener at 127.0.0.1/40005] INFO  server.RaftServer$Division (ServerState.java:close(405)) - a3b22ff5-07c5-4717-894b-669982ee3e54@group-0D254D493D02: closes. applyIndex: -1
2021-03-17 02:10:28,801 [a3b22ff5-07c5-4717-894b-669982ee3e54@group-0D254D493D02-SegmentedRaftLogWorker] INFO  segmented.SegmentedRaftLogWorker (SegmentedRaftLogWorker.java:run(326)) - a3b22ff5-07c5-4717-894b-669982ee3e54@group-0D254D493D02-SegmentedRaftLogWorker was interrupted, exiting. There are 0 tasks remaining in the queue.
2021-03-17 02:10:28,801 [Listener at 127.0.0.1/40005] INFO  segmented.SegmentedRaftLogWorker (SegmentedRaftLogWorker.java:close(236)) - a3b22ff5-07c5-4717-894b-669982ee3e54@group-0D254D493D02-SegmentedRaftLogWorker close()
2021-03-17 02:10:28,802 [Listener at 127.0.0.1/40005] INFO  metrics.RatisMetrics (RatisMetrics.java:unregister(43)) - Unregistering Metrics Registry : ratis.log_worker.a3b22ff5-07c5-4717-894b-669982ee3e54@group-0D254D493D02
2021-03-17 02:10:28,802 [Listener at 127.0.0.1/40005] INFO  metrics.RatisMetrics (RatisMetrics.java:unregister(43)) - Unregistering Metrics Registry : ratis.leader_election.a3b22ff5-07c5-4717-894b-669982ee3e54@group-0D254D493D02
2021-03-17 02:10:28,802 [Listener at 127.0.0.1/40005] INFO  metrics.RatisMetrics (RatisMetrics.java:unregister(43)) - Unregistering Metrics Registry : ratis.server.a3b22ff5-07c5-4717-894b-669982ee3e54@group-0D254D493D02
2021-03-17 02:10:28,802 [Listener at 127.0.0.1/40005] INFO  server.GrpcService (GrpcService.java:closeImpl(262)) - a3b22ff5-07c5-4717-894b-669982ee3e54: shutdown server with port 42689 now
2021-03-17 02:10:28,803 [grpc-default-executor-1] WARN  server.GrpcServerProtocolService (LogUtils.java:warn(122)) - a3b22ff5-07c5-4717-894b-669982ee3e54: installSnapshot onError, lastRequest: c22503ba-573b-463b-9e1c-de44cfeb847d->a3b22ff5-07c5-4717-894b-669982ee3e54#1-t2,previous=(t:0, i:0),leaderCommit=-1,initializing? true,entries: size=1, first=(t:2, i:0), CONFIGURATIONENTRY: org.apache.ratis.thirdparty.io.grpc.StatusRuntimeException: CANCELLED: client cancelled
2021-03-17 02:10:28,803 [grpc-default-executor-0] WARN  server.GrpcServerProtocolService (LogUtils.java:warn(122)) - a3b22ff5-07c5-4717-894b-669982ee3e54: installSnapshot onError, lastRequest: 7be7a3ee-2c60-4daa-92d5-fce366cccc9d->a3b22ff5-07c5-4717-894b-669982ee3e54#1-t2,previous=(t:0, i:0),leaderCommit=0,initializing? true,entries: size=1, first=(t:2, i:0), CONFIGURATIONENTRY: org.apache.ratis.thirdparty.io.grpc.StatusRuntimeException: CANCELLED: client cancelled
2021-03-17 02:10:28,804 [grpc-default-executor-5] WARN  server.GrpcLogAppender (LogUtils.java:warn(122)) - 7be7a3ee-2c60-4daa-92d5-fce366cccc9d@group-FAE0631FEBCD->a3b22ff5-07c5-4717-894b-669982ee3e54-AppendLogResponseHandler: Failed appendEntries: org.apache.ratis.thirdparty.io.grpc.StatusRuntimeException: CANCELLED: HTTP/2 error code: CANCEL
Received Rst Stream
2021-03-17 02:10:28,804 [grpc-default-executor-5] WARN  server.GrpcLogAppender (GrpcLogAppender.java:resetClient(111)) - 7be7a3ee-2c60-4daa-92d5-fce366cccc9d@group-FAE0631FEBCD->a3b22ff5-07c5-4717-894b-669982ee3e54-GrpcLogAppender: Leader has not got in touch with Follower 7be7a3ee-2c60-4daa-92d5-fce366cccc9d@group-FAE0631FEBCD->a3b22ff5-07c5-4717-894b-669982ee3e54(c0,m0,n1, attendVote=true, lastRpcSendTime=999, lastRpcResponseTime=986) yet, just keep nextIndex unchanged and retry.
2021-03-17 02:10:28,812 [grpc-default-executor-4] WARN  server.GrpcLogAppender (LogUtils.java:warn(122)) - c22503ba-573b-463b-9e1c-de44cfeb847d@group-0D254D493D02->a3b22ff5-07c5-4717-894b-669982ee3e54-AppendLogResponseHandler: Failed appendEntries: org.apache.ratis.thirdparty.io.grpc.StatusRuntimeException: CANCELLED: HTTP/2 error code: CANCEL
Received Rst Stream
2021-03-17 02:10:28,812 [grpc-default-executor-4] WARN  server.GrpcLogAppender (GrpcLogAppender.java:resetClient(111)) - c22503ba-573b-463b-9e1c-de44cfeb847d@group-0D254D493D02->a3b22ff5-07c5-4717-894b-669982ee3e54-GrpcLogAppender: Leader has not got in touch with Follower c22503ba-573b-463b-9e1c-de44cfeb847d@group-0D254D493D02->a3b22ff5-07c5-4717-894b-669982ee3e54(c-1,m0,n1, attendVote=true, lastRpcSendTime=1063, lastRpcResponseTime=1028) yet, just keep nextIndex unchanged and retry.
2021-03-17 02:10:28,821 [Listener at 127.0.0.1/40005] INFO  server.GrpcService (GrpcService.java:closeImpl(271)) - a3b22ff5-07c5-4717-894b-669982ee3e54: shutdown server with port 42689 successfully
2021-03-17 02:10:28,821 [org.apache.ratis.util.JvmPauseMonitor$$Lambda$504/521752898@1fc3dea5] INFO  util.JvmPauseMonitor (JvmPauseMonitor.java:run(109)) - JvmPauseMonitor-a3b22ff5-07c5-4717-894b-669982ee3e54: Stopped
2021-03-17 02:10:28,825 [Listener at 127.0.0.1/40005] INFO  utils.BackgroundService (BackgroundService.java:shutdown(132)) - Shutting down service BlockDeletingService
2021-03-17 02:10:28,837 [Listener at 127.0.0.1/40005] INFO  statemachine.DatanodeStateMachine (DatanodeStateMachine.java:stopDaemon(469)) - Ozone container server stopped.
2021-03-17 02:10:28,846 [Listener at 127.0.0.1/40005] INFO  handler.ContextHandler (ContextHandler.java:doStop(1154)) - Stopped o.e.j.w.WebAppContext@6d5a9a9a{hddsDatanode,/,null,STOPPED}{jar:file:/home/user/.m2/repository/org/apache/hadoop/hadoop-hdds-container-service/1.1.0-SNAPSHOT/hadoop-hdds-container-service-1.1.0-SNAPSHOT.jar!/webapps/hddsDatanode}
2021-03-17 02:10:28,854 [Listener at 127.0.0.1/40005] INFO  server.AbstractConnector (AbstractConnector.java:doStop(381)) - Stopped ServerConnector@7ba33ba0{HTTP/1.1, (http/1.1)}{0.0.0.0:0}
2021-03-17 02:10:28,854 [Listener at 127.0.0.1/40005] INFO  server.session (HouseKeeper.java:stopScavenging(149)) - node0 Stopped scavenging
2021-03-17 02:10:28,855 [Listener at 127.0.0.1/40005] INFO  handler.ContextHandler (ContextHandler.java:doStop(1154)) - Stopped o.e.j.s.ServletContextHandler@56c90567{static,/static,jar:file:/home/user/.m2/repository/org/apache/hadoop/hadoop-hdds-container-service/1.1.0-SNAPSHOT/hadoop-hdds-container-service-1.1.0-SNAPSHOT.jar!/webapps/static,STOPPED}
2021-03-17 02:10:28,858 [Listener at 127.0.0.1/40005] INFO  handler.ContextHandler (ContextHandler.java:doStop(1154)) - Stopped o.e.j.s.ServletContextHandler@72a95c3f{logs,/logs,file:///github/workspace/mnt/ozone/hadoop-ozone/integration-test/target/log,STOPPED}
2021-03-17 02:10:30,286 [grpc-default-executor-5] WARN  server.GrpcLogAppender (LogUtils.java:warn(122)) - c22503ba-573b-463b-9e1c-de44cfeb847d@group-0D254D493D02->a3b22ff5-07c5-4717-894b-669982ee3e54-AppendLogResponseHandler: Failed appendEntries: org.apache.ratis.thirdparty.io.grpc.StatusRuntimeException: UNAVAILABLE: io exception
2021-03-17 02:10:30,286 [grpc-default-executor-5] WARN  server.GrpcLogAppender (GrpcLogAppender.java:resetClient(111)) - c22503ba-573b-463b-9e1c-de44cfeb847d@group-0D254D493D02->a3b22ff5-07c5-4717-894b-669982ee3e54-GrpcLogAppender: Leader has not got in touch with Follower c22503ba-573b-463b-9e1c-de44cfeb847d@group-0D254D493D02->a3b22ff5-07c5-4717-894b-669982ee3e54(c-1,m0,n1, attendVote=true, lastRpcSendTime=1, lastRpcResponseTime=2502) yet, just keep nextIndex unchanged and retry.
2021-03-17 02:10:30,320 [grpc-default-executor-4] WARN  server.GrpcLogAppender (LogUtils.java:warn(122)) - 7be7a3ee-2c60-4daa-92d5-fce366cccc9d@group-FAE0631FEBCD->a3b22ff5-07c5-4717-894b-669982ee3e54-AppendLogResponseHandler: Failed appendEntries: org.apache.ratis.thirdparty.io.grpc.StatusRuntimeException: UNAVAILABLE: io exception
2021-03-17 02:10:30,320 [grpc-default-executor-4] WARN  server.GrpcLogAppender (GrpcLogAppender.java:resetClient(111)) - 7be7a3ee-2c60-4daa-92d5-fce366cccc9d@group-FAE0631FEBCD->a3b22ff5-07c5-4717-894b-669982ee3e54-GrpcLogAppender: Leader has not got in touch with Follower 7be7a3ee-2c60-4daa-92d5-fce366cccc9d@group-FAE0631FEBCD->a3b22ff5-07c5-4717-894b-669982ee3e54(c0,m0,n1, attendVote=true, lastRpcSendTime=0, lastRpcResponseTime=2502) yet, just keep nextIndex unchanged and retry.
2021-03-17 02:10:32,785 [grpc-default-executor-4] WARN  server.GrpcLogAppender (LogUtils.java:warn(122)) - c22503ba-573b-463b-9e1c-de44cfeb847d@group-0D254D493D02->a3b22ff5-07c5-4717-894b-669982ee3e54-AppendLogResponseHandler: Failed appendEntries: org.apache.ratis.thirdparty.io.grpc.StatusRuntimeException: UNAVAILABLE: io exception
2021-03-17 02:10:32,786 [grpc-default-executor-4] WARN  server.GrpcLogAppender (GrpcLogAppender.java:resetClient(111)) - c22503ba-573b-463b-9e1c-de44cfeb847d@group-0D254D493D02->a3b22ff5-07c5-4717-894b-669982ee3e54-GrpcLogAppender: Leader has not got in touch with Follower c22503ba-573b-463b-9e1c-de44cfeb847d@group-0D254D493D02->a3b22ff5-07c5-4717-894b-669982ee3e54(c-1,m0,n1, attendVote=true, lastRpcSendTime=2500, lastRpcResponseTime=5001) yet, just keep nextIndex unchanged and retry.
2021-03-17 02:10:32,820 [grpc-default-executor-4] WARN  server.GrpcLogAppender (LogUtils.java:warn(122)) - 7be7a3ee-2c60-4daa-92d5-fce366cccc9d@group-FAE0631FEBCD->a3b22ff5-07c5-4717-894b-669982ee3e54-AppendLogResponseHandler: Failed appendEntries: org.apache.ratis.thirdparty.io.grpc.StatusRuntimeException: UNAVAILABLE: io exception
2021-03-17 02:10:32,821 [grpc-default-executor-4] WARN  server.GrpcLogAppender (GrpcLogAppender.java:resetClient(111)) - 7be7a3ee-2c60-4daa-92d5-fce366cccc9d@group-FAE0631FEBCD->a3b22ff5-07c5-4717-894b-669982ee3e54-GrpcLogAppender: Leader has not got in touch with Follower 7be7a3ee-2c60-4daa-92d5-fce366cccc9d@group-FAE0631FEBCD->a3b22ff5-07c5-4717-894b-669982ee3e54(c0,m0,n1, attendVote=true, lastRpcSendTime=0, lastRpcResponseTime=5002) yet, just keep nextIndex unchanged and retry.
2021-03-17 02:10:33,766 [EventQueue-StaleNodeForStaleNodeHandler] INFO  node.StaleNodeHandler (StaleNodeHandler.java:onMessage(58)) - Datanode a3b22ff5-07c5-4717-894b-669982ee3e54{ip: 172.17.0.2, host: 70ca58e12b9b, ports: [REPLICATION=33345, RATIS=42689, RATIS_ADMIN=42689, RATIS_SERVER=42689, STANDALONE=37481], networkLocation: /default-rack, certSerialId: null, persistedOpState: IN_SERVICE, persistedOpStateExpiryEpochSec: 0} moved to stale state. Finalizing its pipelines [PipelineID=d8764373-1664-4953-abac-036e82df10be, PipelineID=05ce0818-b588-4728-ba10-fae0631febcd, PipelineID=8ff1614f-e393-4bbd-a079-0d254d493d02]
2021-03-17 02:10:33,766 [EventQueue-StaleNodeForStaleNodeHandler] INFO  pipeline.SCMPipelineManager (SCMPipelineManager.java:finalizeAndDestroyPipeline(483)) - Destroying pipeline:Pipeline[ Id: d8764373-1664-4953-abac-036e82df10be, Nodes: a3b22ff5-07c5-4717-894b-669982ee3e54{ip: 172.17.0.2, host: 70ca58e12b9b, ports: [REPLICATION=33345, RATIS=42689, RATIS_ADMIN=42689, RATIS_SERVER=42689, STANDALONE=37481], networkLocation: /default-rack, certSerialId: null, persistedOpState: IN_SERVICE, persistedOpStateExpiryEpochSec: 0}, Type:RATIS, Factor:ONE, State:OPEN, leaderId:a3b22ff5-07c5-4717-894b-669982ee3e54, CreationTimestamp2021-03-17T02:10:14.823Z]
2021-03-17 02:10:33,766 [EventQueue-StaleNodeForStaleNodeHandler] INFO  pipeline.PipelineStateManager (PipelineStateManager.java:finalizePipeline(121)) - Pipeline Pipeline[ Id: d8764373-1664-4953-abac-036e82df10be, Nodes: a3b22ff5-07c5-4717-894b-669982ee3e54{ip: 172.17.0.2, host: 70ca58e12b9b, ports: [REPLICATION=33345, RATIS=42689, RATIS_ADMIN=42689, RATIS_SERVER=42689, STANDALONE=37481], networkLocation: /default-rack, certSerialId: null, persistedOpState: IN_SERVICE, persistedOpStateExpiryEpochSec: 0}, Type:RATIS, Factor:ONE, State:CLOSED, leaderId:a3b22ff5-07c5-4717-894b-669982ee3e54, CreationTimestamp2021-03-17T02:10:14.823Z] moved to CLOSED state
2021-03-17 02:10:33,778 [EventQueue-CloseContainerForCloseContainerEventHandler] INFO  container.CloseContainerEventHandler (CloseContainerEventHandler.java:onMessage(61)) - Close container Event triggered for container : #1
2021-03-17 02:10:33,778 [EventQueue-StaleNodeForStaleNodeHandler] INFO  pipeline.SCMPipelineManager (SCMPipelineManager.java:finalizeAndDestroyPipeline(483)) - Destroying pipeline:Pipeline[ Id: 05ce0818-b588-4728-ba10-fae0631febcd, Nodes: a3b22ff5-07c5-4717-894b-669982ee3e54{ip: 172.17.0.2, host: 70ca58e12b9b, ports: [REPLICATION=33345, RATIS=42689, RATIS_ADMIN=42689, RATIS_SERVER=42689, STANDALONE=37481], networkLocation: /default-rack, certSerialId: null, persistedOpState: IN_SERVICE, persistedOpStateExpiryEpochSec: 0}c22503ba-573b-463b-9e1c-de44cfeb847d{ip: 172.17.0.2, host: 70ca58e12b9b, ports: [REPLICATION=42099, RATIS=34901, RATIS_ADMIN=34901, RATIS_SERVER=34901, STANDALONE=45037], networkLocation: /default-rack, certSerialId: null, persistedOpState: IN_SERVICE, persistedOpStateExpiryEpochSec: 0}7be7a3ee-2c60-4daa-92d5-fce366cccc9d{ip: 172.17.0.2, host: 70ca58e12b9b, ports: [REPLICATION=41363, RATIS=39539, RATIS_ADMIN=39539, RATIS_SERVER=39539, STANDALONE=33895], networkLocation: /default-rack, certSerialId: null, persistedOpState: IN_SERVICE, persistedOpStateExpiryEpochSec: 0}, Type:RATIS, Factor:THREE, State:OPEN, leaderId:7be7a3ee-2c60-4daa-92d5-fce366cccc9d, CreationTimestamp2021-03-17T02:10:14.825Z]
2021-03-17 02:10:33,778 [EventQueue-StaleNodeForStaleNodeHandler] INFO  pipeline.PipelineStateManager (PipelineStateManager.java:finalizePipeline(121)) - Pipeline Pipeline[ Id: 05ce0818-b588-4728-ba10-fae0631febcd, Nodes: a3b22ff5-07c5-4717-894b-669982ee3e54{ip: 172.17.0.2, host: 70ca58e12b9b, ports: [REPLICATION=33345, RATIS=42689, RATIS_ADMIN=42689, RATIS_SERVER=42689, STANDALONE=37481], networkLocation: /default-rack, certSerialId: null, persistedOpState: IN_SERVICE, persistedOpStateExpiryEpochSec: 0}c22503ba-573b-463b-9e1c-de44cfeb847d{ip: 172.17.0.2, host: 70ca58e12b9b, ports: [REPLICATION=42099, RATIS=34901, RATIS_ADMIN=34901, RATIS_SERVER=34901, STANDALONE=45037], networkLocation: /default-rack, certSerialId: null, persistedOpState: IN_SERVICE, persistedOpStateExpiryEpochSec: 0}7be7a3ee-2c60-4daa-92d5-fce366cccc9d{ip: 172.17.0.2, host: 70ca58e12b9b, ports: [REPLICATION=41363, RATIS=39539, RATIS_ADMIN=39539, RATIS_SERVER=39539, STANDALONE=33895], networkLocation: /default-rack, certSerialId: null, persistedOpState: IN_SERVICE, persistedOpStateExpiryEpochSec: 0}, Type:RATIS, Factor:THREE, State:CLOSED, leaderId:7be7a3ee-2c60-4daa-92d5-fce366cccc9d, CreationTimestamp2021-03-17T02:10:14.825Z] moved to CLOSED state
2021-03-17 02:10:33,778 [EventQueue-StaleNodeForStaleNodeHandler] INFO  pipeline.SCMPipelineManager (SCMPipelineManager.java:finalizeAndDestroyPipeline(483)) - Destroying pipeline:Pipeline[ Id: 8ff1614f-e393-4bbd-a079-0d254d493d02, Nodes: a3b22ff5-07c5-4717-894b-669982ee3e54{ip: 172.17.0.2, host: 70ca58e12b9b, ports: [REPLICATION=33345, RATIS=42689, RATIS_ADMIN=42689, RATIS_SERVER=42689, STANDALONE=37481], networkLocation: /default-rack, certSerialId: null, persistedOpState: IN_SERVICE, persistedOpStateExpiryEpochSec: 0}c22503ba-573b-463b-9e1c-de44cfeb847d{ip: 172.17.0.2, host: 70ca58e12b9b, ports: [REPLICATION=42099, RATIS=34901, RATIS_ADMIN=34901, RATIS_SERVER=34901, STANDALONE=45037], networkLocation: /default-rack, certSerialId: null, persistedOpState: IN_SERVICE, persistedOpStateExpiryEpochSec: 0}7be7a3ee-2c60-4daa-92d5-fce366cccc9d{ip: 172.17.0.2, host: 70ca58e12b9b, ports: [REPLICATION=41363, RATIS=39539, RATIS_ADMIN=39539, RATIS_SERVER=39539, STANDALONE=33895], networkLocation: /default-rack, certSerialId: null, persistedOpState: IN_SERVICE, persistedOpStateExpiryEpochSec: 0}, Type:RATIS, Factor:THREE, State:OPEN, leaderId:c22503ba-573b-463b-9e1c-de44cfeb847d, CreationTimestamp2021-03-17T02:10:14.824Z]
2021-03-17 02:10:33,779 [EventQueue-StaleNodeForStaleNodeHandler] INFO  pipeline.PipelineStateManager (PipelineStateManager.java:finalizePipeline(121)) - Pipeline Pipeline[ Id: 8ff1614f-e393-4bbd-a079-0d254d493d02, Nodes: a3b22ff5-07c5-4717-894b-669982ee3e54{ip: 172.17.0.2, host: 70ca58e12b9b, ports: [REPLICATION=33345, RATIS=42689, RATIS_ADMIN=42689, RATIS_SERVER=42689, STANDALONE=37481], networkLocation: /default-rack, certSerialId: null, persistedOpState: IN_SERVICE, persistedOpStateExpiryEpochSec: 0}c22503ba-573b-463b-9e1c-de44cfeb847d{ip: 172.17.0.2, host: 70ca58e12b9b, ports: [REPLICATION=42099, RATIS=34901, RATIS_ADMIN=34901, RATIS_SERVER=34901, STANDALONE=45037], networkLocation: /default-rack, certSerialId: null, persistedOpState: IN_SERVICE, persistedOpStateExpiryEpochSec: 0}7be7a3ee-2c60-4daa-92d5-fce366cccc9d{ip: 172.17.0.2, host: 70ca58e12b9b, ports: [REPLICATION=41363, RATIS=39539, RATIS_ADMIN=39539, RATIS_SERVER=39539, STANDALONE=33895], networkLocation: /default-rack, certSerialId: null, persistedOpState: IN_SERVICE, persistedOpStateExpiryEpochSec: 0}, Type:RATIS, Factor:THREE, State:CLOSED, leaderId:c22503ba-573b-463b-9e1c-de44cfeb847d, CreationTimestamp2021-03-17T02:10:14.824Z] moved to CLOSED state
2021-03-17 02:10:35,288 [grpc-default-executor-0] WARN  server.GrpcLogAppender (LogUtils.java:warn(122)) - c22503ba-573b-463b-9e1c-de44cfeb847d@group-0D254D493D02->a3b22ff5-07c5-4717-894b-669982ee3e54-AppendLogResponseHandler: Failed appendEntries: org.apache.ratis.thirdparty.io.grpc.StatusRuntimeException: UNAVAILABLE: io exception
2021-03-17 02:10:35,288 [grpc-default-executor-0] WARN  server.GrpcLogAppender (GrpcLogAppender.java:resetClient(111)) - c22503ba-573b-463b-9e1c-de44cfeb847d@group-0D254D493D02->a3b22ff5-07c5-4717-894b-669982ee3e54-GrpcLogAppender: Leader has not got in touch with Follower c22503ba-573b-463b-9e1c-de44cfeb847d@group-0D254D493D02->a3b22ff5-07c5-4717-894b-669982ee3e54(c-1,m0,n1, attendVote=true, lastRpcSendTime=2501, lastRpcResponseTime=7504) yet, just keep nextIndex unchanged and retry.
2021-03-17 02:10:35,320 [grpc-default-executor-0] WARN  server.GrpcLogAppender (LogUtils.java:warn(122)) - 7be7a3ee-2c60-4daa-92d5-fce366cccc9d@group-FAE0631FEBCD->a3b22ff5-07c5-4717-894b-669982ee3e54-AppendLogResponseHandler: Failed appendEntries: org.apache.ratis.thirdparty.io.grpc.StatusRuntimeException: UNAVAILABLE: io exception
2021-03-17 02:10:35,321 [grpc-default-executor-0] WARN  server.GrpcLogAppender (GrpcLogAppender.java:resetClient(111)) - 7be7a3ee-2c60-4daa-92d5-fce366cccc9d@group-FAE0631FEBCD->a3b22ff5-07c5-4717-894b-669982ee3e54-GrpcLogAppender: Leader has not got in touch with Follower 7be7a3ee-2c60-4daa-92d5-fce366cccc9d@group-FAE0631FEBCD->a3b22ff5-07c5-4717-894b-669982ee3e54(c0,m0,n1, attendVote=true, lastRpcSendTime=2500, lastRpcResponseTime=7502) yet, just keep nextIndex unchanged and retry.
2021-03-17 02:10:37,790 [grpc-default-executor-0] WARN  server.GrpcLogAppender (LogUtils.java:warn(122)) - c22503ba-573b-463b-9e1c-de44cfeb847d@group-0D254D493D02->a3b22ff5-07c5-4717-894b-669982ee3e54-AppendLogResponseHandler: Failed appendEntries: org.apache.ratis.thirdparty.io.grpc.StatusRuntimeException: UNAVAILABLE: io exception
2021-03-17 02:10:37,791 [grpc-default-executor-0] WARN  server.GrpcLogAppender (GrpcLogAppender.java:resetClient(111)) - c22503ba-573b-463b-9e1c-de44cfeb847d@group-0D254D493D02->a3b22ff5-07c5-4717-894b-669982ee3e54-GrpcLogAppender: Leader has not got in touch with Follower c22503ba-573b-463b-9e1c-de44cfeb847d@group-0D254D493D02->a3b22ff5-07c5-4717-894b-669982ee3e54(c-1,m0,n1, attendVote=true, lastRpcSendTime=2501, lastRpcResponseTime=10007) yet, just keep nextIndex unchanged and retry.
2021-03-17 02:10:37,822 [grpc-default-executor-4] WARN  server.GrpcLogAppender (LogUtils.java:warn(122)) - 7be7a3ee-2c60-4daa-92d5-fce366cccc9d@group-FAE0631FEBCD->a3b22ff5-07c5-4717-894b-669982ee3e54-AppendLogResponseHandler: Failed appendEntries: org.apache.ratis.thirdparty.io.grpc.StatusRuntimeException: UNAVAILABLE: io exception
2021-03-17 02:10:37,824 [grpc-default-executor-4] WARN  server.GrpcLogAppender (GrpcLogAppender.java:resetClient(111)) - 7be7a3ee-2c60-4daa-92d5-fce366cccc9d@group-FAE0631FEBCD->a3b22ff5-07c5-4717-894b-669982ee3e54-GrpcLogAppender: Leader has not got in touch with Follower 7be7a3ee-2c60-4daa-92d5-fce366cccc9d@group-FAE0631FEBCD->a3b22ff5-07c5-4717-894b-669982ee3e54(c0,m0,n1, attendVote=true, lastRpcSendTime=0, lastRpcResponseTime=10006) yet, just keep nextIndex unchanged and retry.
2021-03-17 02:10:40,292 [grpc-default-executor-5] WARN  server.GrpcLogAppender (LogUtils.java:warn(122)) - c22503ba-573b-463b-9e1c-de44cfeb847d@group-0D254D493D02->a3b22ff5-07c5-4717-894b-669982ee3e54-AppendLogResponseHandler: Failed appendEntries: org.apache.ratis.thirdparty.io.grpc.StatusRuntimeException: UNAVAILABLE: io exception
2021-03-17 02:10:40,293 [grpc-default-executor-5] WARN  server.GrpcLogAppender (GrpcLogAppender.java:resetClient(111)) - c22503ba-573b-463b-9e1c-de44cfeb847d@group-0D254D493D02->a3b22ff5-07c5-4717-894b-669982ee3e54-GrpcLogAppender: Leader has not got in touch with Follower c22503ba-573b-463b-9e1c-de44cfeb847d@group-0D254D493D02->a3b22ff5-07c5-4717-894b-669982ee3e54(c-1,m0,n1, attendVote=true, lastRpcSendTime=0, lastRpcResponseTime=12508) yet, just keep nextIndex unchanged and retry.
2021-03-17 02:10:40,324 [grpc-default-executor-5] WARN  server.GrpcLogAppender (LogUtils.java:warn(122)) - 7be7a3ee-2c60-4daa-92d5-fce366cccc9d@group-FAE0631FEBCD->a3b22ff5-07c5-4717-894b-669982ee3e54-AppendLogResponseHandler: Failed appendEntries: org.apache.ratis.thirdparty.io.grpc.StatusRuntimeException: UNAVAILABLE: io exception
2021-03-17 02:10:40,325 [grpc-default-executor-5] WARN  server.GrpcLogAppender (GrpcLogAppender.java:resetClient(111)) - 7be7a3ee-2c60-4daa-92d5-fce366cccc9d@group-FAE0631FEBCD->a3b22ff5-07c5-4717-894b-669982ee3e54-GrpcLogAppender: Leader has not got in touch with Follower 7be7a3ee-2c60-4daa-92d5-fce366cccc9d@group-FAE0631FEBCD->a3b22ff5-07c5-4717-894b-669982ee3e54(c0,m0,n1, attendVote=true, lastRpcSendTime=2501, lastRpcResponseTime=12506) yet, just keep nextIndex unchanged and retry.
2021-03-17 02:10:42,793 [grpc-default-executor-5] WARN  server.GrpcLogAppender (LogUtils.java:warn(122)) - c22503ba-573b-463b-9e1c-de44cfeb847d@group-0D254D493D02->a3b22ff5-07c5-4717-894b-669982ee3e54-AppendLogResponseHandler: Failed appendEntries: org.apache.ratis.thirdparty.io.grpc.StatusRuntimeException: UNAVAILABLE: io exception
2021-03-17 02:10:42,793 [grpc-default-executor-5] WARN  server.GrpcLogAppender (GrpcLogAppender.java:resetClient(111)) - c22503ba-573b-463b-9e1c-de44cfeb847d@group-0D254D493D02->a3b22ff5-07c5-4717-894b-669982ee3e54-GrpcLogAppender: Leader has not got in touch with Follower c22503ba-573b-463b-9e1c-de44cfeb847d@group-0D254D493D02->a3b22ff5-07c5-4717-894b-669982ee3e54(c-1,m0,n1, attendVote=true, lastRpcSendTime=0, lastRpcResponseTime=15009) yet, just keep nextIndex unchanged and retry.
2021-03-17 02:10:42,825 [grpc-default-executor-5] WARN  server.GrpcLogAppender (LogUtils.java:warn(122)) - 7be7a3ee-2c60-4daa-92d5-fce366cccc9d@group-FAE0631FEBCD->a3b22ff5-07c5-4717-894b-669982ee3e54-AppendLogResponseHandler: Failed appendEntries: org.apache.ratis.thirdparty.io.grpc.StatusRuntimeException: UNAVAILABLE: io exception
2021-03-17 02:10:42,826 [grpc-default-executor-5] WARN  server.GrpcLogAppender (GrpcLogAppender.java:resetClient(111)) - 7be7a3ee-2c60-4daa-92d5-fce366cccc9d@group-FAE0631FEBCD->a3b22ff5-07c5-4717-894b-669982ee3e54-GrpcLogAppender: Leader has not got in touch with Follower 7be7a3ee-2c60-4daa-92d5-fce366cccc9d@group-FAE0631FEBCD->a3b22ff5-07c5-4717-894b-669982ee3e54(c0,m0,n1, attendVote=true, lastRpcSendTime=0, lastRpcResponseTime=15007) yet, just keep nextIndex unchanged and retry.
2021-03-17 02:10:43,777 [EventQueue-DeadNodeForDeadNodeHandler] INFO  node.DeadNodeHandler (DeadNodeHandler.java:onMessage(77)) - A dead datanode is detected. a3b22ff5-07c5-4717-894b-669982ee3e54{ip: 172.17.0.2, host: 70ca58e12b9b, ports: [REPLICATION=33345, RATIS=42689, RATIS_ADMIN=42689, RATIS_SERVER=42689, STANDALONE=37481], networkLocation: /default-rack, certSerialId: null, persistedOpState: IN_SERVICE, persistedOpStateExpiryEpochSec: 0}
2021-03-17 02:10:43,778 [EventQueue-DeadNodeForDeadNodeHandler] INFO  pipeline.SCMPipelineManager (SCMPipelineManager.java:finalizeAndDestroyPipeline(483)) - Destroying pipeline:Pipeline[ Id: d8764373-1664-4953-abac-036e82df10be, Nodes: a3b22ff5-07c5-4717-894b-669982ee3e54{ip: 172.17.0.2, host: 70ca58e12b9b, ports: [REPLICATION=33345, RATIS=42689, RATIS_ADMIN=42689, RATIS_SERVER=42689, STANDALONE=37481], networkLocation: /default-rack, certSerialId: null, persistedOpState: IN_SERVICE, persistedOpStateExpiryEpochSec: 0}, Type:RATIS, Factor:ONE, State:CLOSED, leaderId:a3b22ff5-07c5-4717-894b-669982ee3e54, CreationTimestamp2021-03-17T02:10:14.823Z]
2021-03-17 02:10:43,778 [EventQueue-DeadNodeForDeadNodeHandler] INFO  pipeline.RatisPipelineProvider (RatisPipelineProvider.java:lambda$close$1(200)) - Send pipeline:PipelineID=d8764373-1664-4953-abac-036e82df10be close command to datanode a3b22ff5-07c5-4717-894b-669982ee3e54
2021-03-17 02:10:43,782 [EventQueue-DeadNodeForDeadNodeHandler] INFO  pipeline.PipelineStateManager (PipelineStateManager.java:removePipeline(106)) - Pipeline Pipeline[ Id: d8764373-1664-4953-abac-036e82df10be, Nodes: a3b22ff5-07c5-4717-894b-669982ee3e54{ip: 172.17.0.2, host: 70ca58e12b9b, ports: [REPLICATION=33345, RATIS=42689, RATIS_ADMIN=42689, RATIS_SERVER=42689, STANDALONE=37481], networkLocation: /default-rack, certSerialId: null, persistedOpState: IN_SERVICE, persistedOpStateExpiryEpochSec: 0}, Type:RATIS, Factor:ONE, State:CLOSED, leaderId:a3b22ff5-07c5-4717-894b-669982ee3e54, CreationTimestamp2021-03-17T02:10:14.823Z] removed from db
2021-03-17 02:10:43,787 [EventQueue-DeadNodeForDeadNodeHandler] INFO  pipeline.SCMPipelineManager (SCMPipelineManager.java:finalizeAndDestroyPipeline(483)) - Destroying pipeline:Pipeline[ Id: 05ce0818-b588-4728-ba10-fae0631febcd, Nodes: a3b22ff5-07c5-4717-894b-669982ee3e54{ip: 172.17.0.2, host: 70ca58e12b9b, ports: [REPLICATION=33345, RATIS=42689, RATIS_ADMIN=42689, RATIS_SERVER=42689, STANDALONE=37481], networkLocation: /default-rack, certSerialId: null, persistedOpState: IN_SERVICE, persistedOpStateExpiryEpochSec: 0}c22503ba-573b-463b-9e1c-de44cfeb847d{ip: 172.17.0.2, host: 70ca58e12b9b, ports: [REPLICATION=42099, RATIS=34901, RATIS_ADMIN=34901, RATIS_SERVER=34901, STANDALONE=45037], networkLocation: /default-rack, certSerialId: null, persistedOpState: IN_SERVICE, persistedOpStateExpiryEpochSec: 0}7be7a3ee-2c60-4daa-92d5-fce366cccc9d{ip: 172.17.0.2, host: 70ca58e12b9b, ports: [REPLICATION=41363, RATIS=39539, RATIS_ADMIN=39539, RATIS_SERVER=39539, STANDALONE=33895], networkLocation: /default-rack, certSerialId: null, persistedOpState: IN_SERVICE, persistedOpStateExpiryEpochSec: 0}, Type:RATIS, Factor:THREE, State:CLOSED, leaderId:7be7a3ee-2c60-4daa-92d5-fce366cccc9d, CreationTimestamp2021-03-17T02:10:14.825Z]
2021-03-17 02:10:43,793 [EventQueue-DeadNodeForDeadNodeHandler] INFO  pipeline.RatisPipelineProvider (RatisPipelineProvider.java:lambda$close$1(200)) - Send pipeline:PipelineID=05ce0818-b588-4728-ba10-fae0631febcd close command to datanode a3b22ff5-07c5-4717-894b-669982ee3e54
2021-03-17 02:10:43,793 [EventQueue-DeadNodeForDeadNodeHandler] INFO  pipeline.RatisPipelineProvider (RatisPipelineProvider.java:lambda$close$1(200)) - Send pipeline:PipelineID=05ce0818-b588-4728-ba10-fae0631febcd close command to datanode c22503ba-573b-463b-9e1c-de44cfeb847d
2021-03-17 02:10:43,793 [EventQueue-DeadNodeForDeadNodeHandler] INFO  pipeline.RatisPipelineProvider (RatisPipelineProvider.java:lambda$close$1(200)) - Send pipeline:PipelineID=05ce0818-b588-4728-ba10-fae0631febcd close command to datanode 7be7a3ee-2c60-4daa-92d5-fce366cccc9d
2021-03-17 02:10:43,793 [EventQueue-DeadNodeForDeadNodeHandler] INFO  pipeline.PipelineStateManager (PipelineStateManager.java:removePipeline(106)) - Pipeline Pipeline[ Id: 05ce0818-b588-4728-ba10-fae0631febcd, Nodes: a3b22ff5-07c5-4717-894b-669982ee3e54{ip: 172.17.0.2, host: 70ca58e12b9b, ports: [REPLICATION=33345, RATIS=42689, RATIS_ADMIN=42689, RATIS_SERVER=42689, STANDALONE=37481], networkLocation: /default-rack, certSerialId: null, persistedOpState: IN_SERVICE, persistedOpStateExpiryEpochSec: 0}c22503ba-573b-463b-9e1c-de44cfeb847d{ip: 172.17.0.2, host: 70ca58e12b9b, ports: [REPLICATION=42099, RATIS=34901, RATIS_ADMIN=34901, RATIS_SERVER=34901, STANDALONE=45037], networkLocation: /default-rack, certSerialId: null, persistedOpState: IN_SERVICE, persistedOpStateExpiryEpochSec: 0}7be7a3ee-2c60-4daa-92d5-fce366cccc9d{ip: 172.17.0.2, host: 70ca58e12b9b, ports: [REPLICATION=41363, RATIS=39539, RATIS_ADMIN=39539, RATIS_SERVER=39539, STANDALONE=33895], networkLocation: /default-rack, certSerialId: null, persistedOpState: IN_SERVICE, persistedOpStateExpiryEpochSec: 0}, Type:RATIS, Factor:THREE, State:CLOSED, leaderId:7be7a3ee-2c60-4daa-92d5-fce366cccc9d, CreationTimestamp2021-03-17T02:10:14.825Z] removed from db
2021-03-17 02:10:43,793 [EventQueue-DeadNodeForDeadNodeHandler] INFO  pipeline.SCMPipelineManager (SCMPipelineManager.java:finalizeAndDestroyPipeline(483)) - Destroying pipeline:Pipeline[ Id: 8ff1614f-e393-4bbd-a079-0d254d493d02, Nodes: a3b22ff5-07c5-4717-894b-669982ee3e54{ip: 172.17.0.2, host: 70ca58e12b9b, ports: [REPLICATION=33345, RATIS=42689, RATIS_ADMIN=42689, RATIS_SERVER=42689, STANDALONE=37481], networkLocation: /default-rack, certSerialId: null, persistedOpState: IN_SERVICE, persistedOpStateExpiryEpochSec: 0}c22503ba-573b-463b-9e1c-de44cfeb847d{ip: 172.17.0.2, host: 70ca58e12b9b, ports: [REPLICATION=42099, RATIS=34901, RATIS_ADMIN=34901, RATIS_SERVER=34901, STANDALONE=45037], networkLocation: /default-rack, certSerialId: null, persistedOpState: IN_SERVICE, persistedOpStateExpiryEpochSec: 0}7be7a3ee-2c60-4daa-92d5-fce366cccc9d{ip: 172.17.0.2, host: 70ca58e12b9b, ports: [REPLICATION=41363, RATIS=39539, RATIS_ADMIN=39539, RATIS_SERVER=39539, STANDALONE=33895], networkLocation: /default-rack, certSerialId: null, persistedOpState: IN_SERVICE, persistedOpStateExpiryEpochSec: 0}, Type:RATIS, Factor:THREE, State:CLOSED, leaderId:c22503ba-573b-463b-9e1c-de44cfeb847d, CreationTimestamp2021-03-17T02:10:14.824Z]
2021-03-17 02:10:43,793 [EventQueue-DeadNodeForDeadNodeHandler] INFO  pipeline.RatisPipelineProvider (RatisPipelineProvider.java:lambda$close$1(200)) - Send pipeline:PipelineID=8ff1614f-e393-4bbd-a079-0d254d493d02 close command to datanode a3b22ff5-07c5-4717-894b-669982ee3e54
2021-03-17 02:10:43,793 [EventQueue-DeadNodeForDeadNodeHandler] INFO  pipeline.RatisPipelineProvider (RatisPipelineProvider.java:lambda$close$1(200)) - Send pipeline:PipelineID=8ff1614f-e393-4bbd-a079-0d254d493d02 close command to datanode c22503ba-573b-463b-9e1c-de44cfeb847d
2021-03-17 02:10:43,794 [EventQueue-DeadNodeForDeadNodeHandler] INFO  pipeline.RatisPipelineProvider (RatisPipelineProvider.java:lambda$close$1(200)) - Send pipeline:PipelineID=8ff1614f-e393-4bbd-a079-0d254d493d02 close command to datanode 7be7a3ee-2c60-4daa-92d5-fce366cccc9d
2021-03-17 02:10:43,794 [EventQueue-DeadNodeForDeadNodeHandler] INFO  pipeline.PipelineStateManager (PipelineStateManager.java:removePipeline(106)) - Pipeline Pipeline[ Id: 8ff1614f-e393-4bbd-a079-0d254d493d02, Nodes: a3b22ff5-07c5-4717-894b-669982ee3e54{ip: 172.17.0.2, host: 70ca58e12b9b, ports: [REPLICATION=33345, RATIS=42689, RATIS_ADMIN=42689, RATIS_SERVER=42689, STANDALONE=37481], networkLocation: /default-rack, certSerialId: null, persistedOpState: IN_SERVICE, persistedOpStateExpiryEpochSec: 0}c22503ba-573b-463b-9e1c-de44cfeb847d{ip: 172.17.0.2, host: 70ca58e12b9b, ports: [REPLICATION=42099, RATIS=34901, RATIS_ADMIN=34901, RATIS_SERVER=34901, STANDALONE=45037], networkLocation: /default-rack, certSerialId: null, persistedOpState: IN_SERVICE, persistedOpStateExpiryEpochSec: 0}7be7a3ee-2c60-4daa-92d5-fce366cccc9d{ip: 172.17.0.2, host: 70ca58e12b9b, ports: [REPLICATION=41363, RATIS=39539, RATIS_ADMIN=39539, RATIS_SERVER=39539, STANDALONE=33895], networkLocation: /default-rack, certSerialId: null, persistedOpState: IN_SERVICE, persistedOpStateExpiryEpochSec: 0}, Type:RATIS, Factor:THREE, State:CLOSED, leaderId:c22503ba-573b-463b-9e1c-de44cfeb847d, CreationTimestamp2021-03-17T02:10:14.824Z] removed from db
2021-03-17 02:10:43,794 [RatisPipelineUtilsThread] INFO  pipeline.RatisPipelineProvider (RatisPipelineProvider.java:lambda$create$0(161)) - Sending CreatePipelineCommand for pipeline:PipelineID=9e161d5c-af13-4e41-81f9-8392a6716ddc to datanode:7be7a3ee-2c60-4daa-92d5-fce366cccc9d
2021-03-17 02:10:43,794 [RatisPipelineUtilsThread] INFO  pipeline.RatisPipelineProvider (RatisPipelineProvider.java:lambda$create$0(161)) - Sending CreatePipelineCommand for pipeline:PipelineID=9e161d5c-af13-4e41-81f9-8392a6716ddc to datanode:c22503ba-573b-463b-9e1c-de44cfeb847d
2021-03-17 02:10:43,794 [RatisPipelineUtilsThread] INFO  pipeline.RatisPipelineProvider (RatisPipelineProvider.java:lambda$create$0(161)) - Sending CreatePipelineCommand for pipeline:PipelineID=9e161d5c-af13-4e41-81f9-8392a6716ddc to datanode:13cb06b2-640f-4fce-af7e-e16c133353a1
2021-03-17 02:10:43,795 [RatisPipelineUtilsThread] INFO  pipeline.PipelineStateManager (PipelineStateManager.java:addPipeline(54)) - Created pipeline Pipeline[ Id: 9e161d5c-af13-4e41-81f9-8392a6716ddc, Nodes: 7be7a3ee-2c60-4daa-92d5-fce366cccc9d{ip: 172.17.0.2, host: 70ca58e12b9b, ports: [REPLICATION=41363, RATIS=39539, RATIS_ADMIN=39539, RATIS_SERVER=39539, STANDALONE=33895], networkLocation: /default-rack, certSerialId: null, persistedOpState: IN_SERVICE, persistedOpStateExpiryEpochSec: 0}c22503ba-573b-463b-9e1c-de44cfeb847d{ip: 172.17.0.2, host: 70ca58e12b9b, ports: [REPLICATION=42099, RATIS=34901, RATIS_ADMIN=34901, RATIS_SERVER=34901, STANDALONE=45037], networkLocation: /default-rack, certSerialId: null, persistedOpState: IN_SERVICE, persistedOpStateExpiryEpochSec: 0}13cb06b2-640f-4fce-af7e-e16c133353a1{ip: 172.17.0.2, host: 70ca58e12b9b, ports: [REPLICATION=37737, RATIS=35095, RATIS_ADMIN=35095, RATIS_SERVER=35095, STANDALONE=41763], networkLocation: /default-rack, certSerialId: null, persistedOpState: IN_SERVICE, persistedOpStateExpiryEpochSec: 0}, Type:RATIS, Factor:THREE, State:ALLOCATED, leaderId:, CreationTimestamp2021-03-17T02:10:43.794Z]
2021-03-17 02:10:43,795 [RatisPipelineUtilsThread] INFO  pipeline.RatisPipelineProvider (RatisPipelineProvider.java:lambda$create$0(161)) - Sending CreatePipelineCommand for pipeline:PipelineID=8e45f5d2-8210-4733-a569-37052fc88d07 to datanode:c22503ba-573b-463b-9e1c-de44cfeb847d
2021-03-17 02:10:43,795 [RatisPipelineUtilsThread] INFO  pipeline.RatisPipelineProvider (RatisPipelineProvider.java:lambda$create$0(161)) - Sending CreatePipelineCommand for pipeline:PipelineID=8e45f5d2-8210-4733-a569-37052fc88d07 to datanode:7be7a3ee-2c60-4daa-92d5-fce366cccc9d
2021-03-17 02:10:43,795 [RatisPipelineUtilsThread] INFO  pipeline.RatisPipelineProvider (RatisPipelineProvider.java:lambda$create$0(161)) - Sending CreatePipelineCommand for pipeline:PipelineID=8e45f5d2-8210-4733-a569-37052fc88d07 to datanode:13cb06b2-640f-4fce-af7e-e16c133353a1
2021-03-17 02:10:43,795 [RatisPipelineUtilsThread] INFO  pipeline.PipelineStateManager (PipelineStateManager.java:addPipeline(54)) - Created pipeline Pipeline[ Id: 8e45f5d2-8210-4733-a569-37052fc88d07, Nodes: c22503ba-573b-463b-9e1c-de44cfeb847d{ip: 172.17.0.2, host: 70ca58e12b9b, ports: [REPLICATION=42099, RATIS=34901, RATIS_ADMIN=34901, RATIS_SERVER=34901, STANDALONE=45037], networkLocation: /default-rack, certSerialId: null, persistedOpState: IN_SERVICE, persistedOpStateExpiryEpochSec: 0}7be7a3ee-2c60-4daa-92d5-fce366cccc9d{ip: 172.17.0.2, host: 70ca58e12b9b, ports: [REPLICATION=41363, RATIS=39539, RATIS_ADMIN=39539, RATIS_SERVER=39539, STANDALONE=33895], networkLocation: /default-rack, certSerialId: null, persistedOpState: IN_SERVICE, persistedOpStateExpiryEpochSec: 0}13cb06b2-640f-4fce-af7e-e16c133353a1{ip: 172.17.0.2, host: 70ca58e12b9b, ports: [REPLICATION=37737, RATIS=35095, RATIS_ADMIN=35095, RATIS_SERVER=35095, STANDALONE=41763], networkLocation: /default-rack, certSerialId: null, persistedOpState: IN_SERVICE, persistedOpStateExpiryEpochSec: 0}, Type:RATIS, Factor:THREE, State:ALLOCATED, leaderId:, CreationTimestamp2021-03-17T02:10:43.795Z]
2021-03-17 02:10:43,795 [RatisPipelineUtilsThread] INFO  pipeline.SCMPipelineManager (SCMPipelineManager.java:recordMetricsForPipeline(243)) - Pipeline: PipelineID=8e45f5d2-8210-4733-a569-37052fc88d07 contains same datanodes as previous pipelines: PipelineID=9e161d5c-af13-4e41-81f9-8392a6716ddc nodeIds: c22503ba-573b-463b-9e1c-de44cfeb847d, 7be7a3ee-2c60-4daa-92d5-fce366cccc9d, 13cb06b2-640f-4fce-af7e-e16c133353a1
2021-03-17 02:10:45,293 [grpc-default-executor-0] WARN  server.GrpcLogAppender (LogUtils.java:warn(122)) - c22503ba-573b-463b-9e1c-de44cfeb847d@group-0D254D493D02->a3b22ff5-07c5-4717-894b-669982ee3e54-AppendLogResponseHandler: Failed appendEntries: org.apache.ratis.thirdparty.io.grpc.StatusRuntimeException: UNAVAILABLE: io exception
2021-03-17 02:10:45,294 [grpc-default-executor-0] WARN  server.GrpcLogAppender (GrpcLogAppender.java:resetClient(111)) - c22503ba-573b-463b-9e1c-de44cfeb847d@group-0D254D493D02->a3b22ff5-07c5-4717-894b-669982ee3e54-GrpcLogAppender: Leader has not got in touch with Follower c22503ba-573b-463b-9e1c-de44cfeb847d@group-0D254D493D02->a3b22ff5-07c5-4717-894b-669982ee3e54(c-1,m0,n1, attendVote=true, lastRpcSendTime=2501, lastRpcResponseTime=17509) yet, just keep nextIndex unchanged and retry.
2021-03-17 02:10:45,326 [grpc-default-executor-0] WARN  server.GrpcLogAppender (LogUtils.java:warn(122)) - 7be7a3ee-2c60-4daa-92d5-fce366cccc9d@group-FAE0631FEBCD->a3b22ff5-07c5-4717-894b-669982ee3e54-AppendLogResponseHandler: Failed appendEntries: org.apache.ratis.thirdparty.io.grpc.StatusRuntimeException: UNAVAILABLE: io exception
2021-03-17 02:10:45,327 [grpc-default-executor-0] WARN  server.GrpcLogAppender (GrpcLogAppender.java:resetClient(111)) - 7be7a3ee-2c60-4daa-92d5-fce366cccc9d@group-FAE0631FEBCD->a3b22ff5-07c5-4717-894b-669982ee3e54-GrpcLogAppender: Leader has not got in touch with Follower 7be7a3ee-2c60-4daa-92d5-fce366cccc9d@group-FAE0631FEBCD->a3b22ff5-07c5-4717-894b-669982ee3e54(c0,m0,n1, attendVote=true, lastRpcSendTime=2501, lastRpcResponseTime=17508) yet, just keep nextIndex unchanged and retry.
2021-03-17 02:10:45,792 [Command processor thread] INFO  server.RaftServer (RaftServerProxy.java:remove(106)) - 7be7a3ee-2c60-4daa-92d5-fce366cccc9d: remove    LEADER 7be7a3ee-2c60-4daa-92d5-fce366cccc9d@group-FAE0631FEBCD:t2, leader=7be7a3ee-2c60-4daa-92d5-fce366cccc9d, voted=7be7a3ee-2c60-4daa-92d5-fce366cccc9d, raftlog=7be7a3ee-2c60-4daa-92d5-fce366cccc9d@group-FAE0631FEBCD-SegmentedRaftLog:OPENED:c0,f0,i0, conf=0: [c22503ba-573b-463b-9e1c-de44cfeb847d|rpc:172.17.0.2:34901|dataStream:|priority:0, a3b22ff5-07c5-4717-894b-669982ee3e54|rpc:172.17.0.2:42689|dataStream:|priority:0, 7be7a3ee-2c60-4daa-92d5-fce366cccc9d|rpc:172.17.0.2:39539|dataStream:|priority:1], old=null RUNNING
2021-03-17 02:10:45,792 [Command processor thread] INFO  server.RaftServer$Division (RaftServerImpl.java:lambda$close$4(406)) - 7be7a3ee-2c60-4daa-92d5-fce366cccc9d@group-FAE0631FEBCD: shutdown
2021-03-17 02:10:45,792 [Command processor thread] INFO  util.JmxRegister (JmxRegister.java:unregister(73)) - Successfully un-registered JMX Bean with object name Ratis:service=RaftServer,group=group-FAE0631FEBCD,id=7be7a3ee-2c60-4daa-92d5-fce366cccc9d
2021-03-17 02:10:45,792 [Command processor thread] INFO  impl.RoleInfo (RoleInfo.java:shutdownLeaderState(91)) - 7be7a3ee-2c60-4daa-92d5-fce366cccc9d: shutdown 7be7a3ee-2c60-4daa-92d5-fce366cccc9d@group-FAE0631FEBCD-LeaderStateImpl
2021-03-17 02:10:45,792 [Command processor thread] INFO  metrics.RatisMetrics (RatisMetrics.java:unregister(43)) - Unregistering Metrics Registry : ratis_grpc.log_appender.7be7a3ee-2c60-4daa-92d5-fce366cccc9d@group-FAE0631FEBCD
2021-03-17 02:10:45,792 [Command processor thread] INFO  metrics.RatisMetrics (RatisMetrics.java:unregister(43)) - Unregistering Metrics Registry : ratis_grpc.log_appender.7be7a3ee-2c60-4daa-92d5-fce366cccc9d@group-FAE0631FEBCD
2021-03-17 02:10:45,792 [7be7a3ee-2c60-4daa-92d5-fce366cccc9d@group-FAE0631FEBCD->c22503ba-573b-463b-9e1c-de44cfeb847d-GrpcLogAppender-LogAppenderDaemon] WARN  server.GrpcLogAppender (GrpcLogAppender.java:mayWait(175)) - 7be7a3ee-2c60-4daa-92d5-fce366cccc9d@group-FAE0631FEBCD->c22503ba-573b-463b-9e1c-de44cfeb847d-GrpcLogAppender: Wait interrupted by java.lang.InterruptedException
2021-03-17 02:10:45,792 [Command processor thread] INFO  impl.PendingRequests (PendingRequests.java:sendNotLeaderResponses(249)) - 7be7a3ee-2c60-4daa-92d5-fce366cccc9d@group-FAE0631FEBCD-PendingRequests: sendNotLeaderResponses
2021-03-17 02:10:45,793 [Command processor thread] INFO  metrics.RatisMetrics (RatisMetrics.java:unregister(43)) - Unregistering Metrics Registry : ratis.log_appender.7be7a3ee-2c60-4daa-92d5-fce366cccc9d@group-FAE0631FEBCD
2021-03-17 02:10:45,793 [Command processor thread] INFO  metrics.RatisMetrics (RatisMetrics.java:unregister(43)) - Unregistering Metrics Registry : ratis.server.7be7a3ee-2c60-4daa-92d5-fce366cccc9d@group-FAE0631FEBCD
2021-03-17 02:10:45,793 [Command processor thread] INFO  impl.StateMachineUpdater (StateMachineUpdater.java:stopAndJoin(148)) - 7be7a3ee-2c60-4daa-92d5-fce366cccc9d@group-FAE0631FEBCD-StateMachineUpdater: set stopIndex = 0
2021-03-17 02:10:45,793 [grpc-default-executor-0] INFO  server.GrpcServerProtocolService (GrpcServerProtocolService.java:onCompleted(138)) - c22503ba-573b-463b-9e1c-de44cfeb847d: Completed APPEND_ENTRIES, lastRequest: 7be7a3ee-2c60-4daa-92d5-fce366cccc9d->c22503ba-573b-463b-9e1c-de44cfeb847d#1-t2,previous=(t:0, i:0),leaderCommit=0,initializing? true,entries: size=1, first=(t:2, i:0), CONFIGURATIONENTRY
2021-03-17 02:10:45,794 [7be7a3ee-2c60-4daa-92d5-fce366cccc9d@group-FAE0631FEBCD-StateMachineUpdater] INFO  ratis.ContainerStateMachine (ContainerStateMachine.java:takeSnapshot(291)) - group-FAE0631FEBCD: Taking a snapshot at:(t:2, i:0) file /github/workspace/mnt/ozone/hadoop-ozone/integration-test/target/test-dir/MiniOzoneClusterImpl-5543d78b-3109-4325-8e4d-d24bfba87b26/datanode-1/data/ratis/05ce0818-b588-4728-ba10-fae0631febcd/sm/snapshot.2_0
2021-03-17 02:10:45,795 [grpc-default-executor-5] INFO  server.GrpcLogAppender (GrpcLogAppender.java:onCompleted(344)) - 7be7a3ee-2c60-4daa-92d5-fce366cccc9d@group-FAE0631FEBCD->c22503ba-573b-463b-9e1c-de44cfeb847d-AppendLogResponseHandler: follower responses appendEntries COMPLETED
2021-03-17 02:10:45,795 [grpc-default-executor-5] INFO  leader.FollowerInfo (FollowerInfoImpl.java:lambda$new$0(46)) - 7be7a3ee-2c60-4daa-92d5-fce366cccc9d@group-FAE0631FEBCD->c22503ba-573b-463b-9e1c-de44cfeb847d: nextIndex: updateUnconditionally 1 -> 0
2021-03-17 02:10:45,795 [7be7a3ee-2c60-4daa-92d5-fce366cccc9d@group-FAE0631FEBCD-StateMachineUpdater] INFO  ratis.ContainerStateMachine (ContainerStateMachine.java:takeSnapshot(302)) - group-FAE0631FEBCD: Finished taking a snapshot at:(t:2, i:0) file:/github/workspace/mnt/ozone/hadoop-ozone/integration-test/target/test-dir/MiniOzoneClusterImpl-5543d78b-3109-4325-8e4d-d24bfba87b26/datanode-1/data/ratis/05ce0818-b588-4728-ba10-fae0631febcd/sm/snapshot.2_0 took: 1 ms
2021-03-17 02:10:45,795 [7be7a3ee-2c60-4daa-92d5-fce366cccc9d@group-FAE0631FEBCD-StateMachineUpdater] INFO  impl.StateMachineUpdater (StateMachineUpdater.java:takeSnapshot(279)) - 7be7a3ee-2c60-4daa-92d5-fce366cccc9d@group-FAE0631FEBCD-StateMachineUpdater: Took a snapshot at index 0
2021-03-17 02:10:45,795 [7be7a3ee-2c60-4daa-92d5-fce366cccc9d@group-FAE0631FEBCD-StateMachineUpdater] INFO  impl.StateMachineUpdater (StateMachineUpdater.java:lambda$new$0(88)) - 7be7a3ee-2c60-4daa-92d5-fce366cccc9d@group-FAE0631FEBCD-StateMachineUpdater: snapshotIndex: updateIncreasingly -1 -> 0
2021-03-17 02:10:45,795 [7be7a3ee-2c60-4daa-92d5-fce366cccc9d@group-FAE0631FEBCD-StateMachineUpdater] INFO  metrics.RatisMetrics (RatisMetrics.java:unregister(43)) - Unregistering Metrics Registry : ratis.state_machine.7be7a3ee-2c60-4daa-92d5-fce366cccc9d@group-FAE0631FEBCD
2021-03-17 02:10:45,795 [Command processor thread] INFO  server.RaftServer$Division (ServerState.java:close(405)) - 7be7a3ee-2c60-4daa-92d5-fce366cccc9d@group-FAE0631FEBCD: closes. applyIndex: 0
2021-03-17 02:10:45,796 [7be7a3ee-2c60-4daa-92d5-fce366cccc9d@group-FAE0631FEBCD-SegmentedRaftLogWorker] INFO  segmented.SegmentedRaftLogWorker (SegmentedRaftLogWorker.java:run(326)) - 7be7a3ee-2c60-4daa-92d5-fce366cccc9d@group-FAE0631FEBCD-SegmentedRaftLogWorker was interrupted, exiting. There are 0 tasks remaining in the queue.
2021-03-17 02:10:45,799 [Command processor thread] INFO  segmented.SegmentedRaftLogWorker (SegmentedRaftLogWorker.java:close(236)) - 7be7a3ee-2c60-4daa-92d5-fce366cccc9d@group-FAE0631FEBCD-SegmentedRaftLogWorker close()
2021-03-17 02:10:45,799 [Command processor thread] INFO  metrics.RatisMetrics (RatisMetrics.java:unregister(43)) - Unregistering Metrics Registry : ratis.log_worker.7be7a3ee-2c60-4daa-92d5-fce366cccc9d@group-FAE0631FEBCD
2021-03-17 02:10:45,799 [7be7a3ee-2c60-4daa-92d5-fce366cccc9d@group-FAE0631FEBCD->a3b22ff5-07c5-4717-894b-669982ee3e54-GrpcLogAppender-LogAppenderDaemon] ERROR leader.LogAppenderDaemon (LogAppenderDaemon.java:run(86)) - 7be7a3ee-2c60-4daa-92d5-fce366cccc9d@group-FAE0631FEBCD->a3b22ff5-07c5-4717-894b-669982ee3e54-GrpcLogAppender-LogAppenderDaemon failed
java.lang.IllegalArgumentException: 7be7a3ee-2c60-4daa-92d5-fce366cccc9d@group-FAE0631FEBCD-SegmentedRaftLog is expected to be opened but it is CLOSED
	at org.apache.ratis.util.OpenCloseState.assertOpen(OpenCloseState.java:63)
	at org.apache.ratis.server.raftlog.RaftLogBase.checkLogState(RaftLogBase.java:107)
	at org.apache.ratis.server.raftlog.segmented.SegmentedRaftLog.getLastEntryTermIndex(SegmentedRaftLog.java:339)
	at org.apache.ratis.server.raftlog.RaftLog.getNextIndex(RaftLog.java:83)
	at org.apache.ratis.server.leader.LogAppenderBase.newAppendEntriesRequest(LogAppenderBase.java:138)
	at org.apache.ratis.grpc.server.GrpcLogAppender.appendLog(GrpcLogAppender.java:211)
	at org.apache.ratis.grpc.server.GrpcLogAppender.run(GrpcLogAppender.java:145)
	at org.apache.ratis.server.leader.LogAppenderDaemon.run(LogAppenderDaemon.java:77)
	at java.lang.Thread.run(Thread.java:748)
Caused by: org.apache.ratis.util.OpenCloseState$CloseTrace: Close 7be7a3ee-2c60-4daa-92d5-fce366cccc9d@group-FAE0631FEBCD-SegmentedRaftLog
	at org.apache.ratis.util.OpenCloseState.lambda$close$1(OpenCloseState.java:109)
	at java.util.concurrent.atomic.AtomicReference.getAndUpdate(AtomicReference.java:160)
	at org.apache.ratis.util.OpenCloseState.close(OpenCloseState.java:109)
	at org.apache.ratis.server.raftlog.RaftLogBase.close(RaftLogBase.java:356)
	at org.apache.ratis.server.raftlog.segmented.SegmentedRaftLog.close(SegmentedRaftLog.java:505)
	at org.apache.ratis.server.impl.ServerState.close(ServerState.java:407)
	at org.apache.ratis.server.impl.RaftServerImpl.lambda$close$4(RaftServerImpl.java:428)
	at org.apache.ratis.util.LifeCycle.lambda$checkStateAndClose$4(LifeCycle.java:299)
	at org.apache.ratis.util.LifeCycle.checkStateAndClose(LifeCycle.java:319)
	at org.apache.ratis.util.LifeCycle.checkStateAndClose(LifeCycle.java:297)
	at org.apache.ratis.server.impl.RaftServerImpl.close(RaftServerImpl.java:405)
	at org.apache.ratis.server.impl.RaftServerImpl.groupRemove(RaftServerImpl.java:370)
	at org.apache.ratis.server.impl.RaftServerProxy.lambda$groupRemoveAsync$14(RaftServerProxy.java:507)
	at java.util.concurrent.CompletableFuture.uniApply(CompletableFuture.java:616)
	at java.util.concurrent.CompletableFuture.uniApplyStage(CompletableFuture.java:628)
	at java.util.concurrent.CompletableFuture.thenApply(CompletableFuture.java:1996)
	at org.apache.ratis.server.impl.RaftServerProxy.groupRemoveAsync(RaftServerProxy.java:506)
	at org.apache.ratis.server.impl.RaftServerProxy.groupManagementAsync(RaftServerProxy.java:460)
	at org.apache.ratis.server.impl.RaftServerProxy.groupManagement(RaftServerProxy.java:440)
	at org.apache.hadoop.ozone.container.common.transport.server.ratis.XceiverServerRatis.removeGroup(XceiverServerRatis.java:817)
	at org.apache.hadoop.ozone.container.common.statemachine.commandhandler.ClosePipelineCommandHandler.handle(ClosePipelineCommandHandler.java:74)
	at org.apache.hadoop.ozone.container.common.statemachine.commandhandler.CommandDispatcher.handle(CommandDispatcher.java:99)
	at org.apache.hadoop.ozone.container.common.statemachine.DatanodeStateMachine.lambda$initCommandHandlerThread$2(DatanodeStateMachine.java:506)
	... 1 more
2021-03-17 02:10:45,800 [Command processor thread] INFO  metrics.RatisMetrics (RatisMetrics.java:unregister(43)) - Unregistering Metrics Registry : ratis.leader_election.7be7a3ee-2c60-4daa-92d5-fce366cccc9d@group-FAE0631FEBCD
2021-03-17 02:10:45,802 [Command processor thread] INFO  metrics.RatisMetrics (RatisMetrics.java:unregister(43)) - Unregistering Metrics Registry : ratis.server.7be7a3ee-2c60-4daa-92d5-fce366cccc9d@group-FAE0631FEBCD
2021-03-17 02:10:45,802 [Command processor thread] INFO  server.RaftServer$Division (RaftServerImpl.java:groupRemove(376)) - 7be7a3ee-2c60-4daa-92d5-fce366cccc9d@group-FAE0631FEBCD: Succeed to remove RaftStorageDirectory Storage Directory /github/workspace/mnt/ozone/hadoop-ozone/integration-test/target/test-dir/MiniOzoneClusterImpl-5543d78b-3109-4325-8e4d-d24bfba87b26/datanode-1/data/ratis/05ce0818-b588-4728-ba10-fae0631febcd
2021-03-17 02:10:45,807 [Command processor thread] INFO  commandhandler.ClosePipelineCommandHandler (ClosePipelineCommandHandler.java:handle(75)) - Close Pipeline PipelineID=05ce0818-b588-4728-ba10-fae0631febcd command on datanode 7be7a3ee-2c60-4daa-92d5-fce366cccc9d.
2021-03-17 02:10:45,809 [Command processor thread] INFO  server.RaftServer (RaftServerProxy.java:remove(106)) - 7be7a3ee-2c60-4daa-92d5-fce366cccc9d: remove  FOLLOWER 7be7a3ee-2c60-4daa-92d5-fce366cccc9d@group-0D254D493D02:t2, leader=c22503ba-573b-463b-9e1c-de44cfeb847d, voted=c22503ba-573b-463b-9e1c-de44cfeb847d, raftlog=7be7a3ee-2c60-4daa-92d5-fce366cccc9d@group-0D254D493D02-SegmentedRaftLog:OPENED:c0,f0,i0, conf=0: [c22503ba-573b-463b-9e1c-de44cfeb847d|rpc:172.17.0.2:34901|dataStream:|priority:1, a3b22ff5-07c5-4717-894b-669982ee3e54|rpc:172.17.0.2:42689|dataStream:|priority:0, 7be7a3ee-2c60-4daa-92d5-fce366cccc9d|rpc:172.17.0.2:39539|dataStream:|priority:0], old=null RUNNING
2021-03-17 02:10:45,809 [Command processor thread] INFO  server.RaftServer$Division (RaftServerImpl.java:lambda$close$4(406)) - 7be7a3ee-2c60-4daa-92d5-fce366cccc9d@group-0D254D493D02: shutdown
2021-03-17 02:10:45,809 [Command processor thread] INFO  util.JmxRegister (JmxRegister.java:unregister(73)) - Successfully un-registered JMX Bean with object name Ratis:service=RaftServer,group=group-0D254D493D02,id=7be7a3ee-2c60-4daa-92d5-fce366cccc9d
2021-03-17 02:10:45,809 [Command processor thread] INFO  impl.RoleInfo (RoleInfo.java:shutdownFollowerState(108)) - 7be7a3ee-2c60-4daa-92d5-fce366cccc9d: shutdown 7be7a3ee-2c60-4daa-92d5-fce366cccc9d@group-0D254D493D02-FollowerState
2021-03-17 02:10:45,809 [Thread-951] INFO  impl.FollowerState (FollowerState.java:run(142)) - 7be7a3ee-2c60-4daa-92d5-fce366cccc9d@group-0D254D493D02-FollowerState was interrupted: {}
java.lang.InterruptedException: sleep interrupted
	at java.lang.Thread.sleep(Native Method)
	at java.lang.Thread.sleep(Thread.java:340)
	at java.util.concurrent.TimeUnit.sleep(TimeUnit.java:386)
	at org.apache.ratis.util.TimeDuration.sleep(TimeDuration.java:324)
	at org.apache.ratis.util.TimeDuration.sleep(TimeDuration.java:309)
	at org.apache.ratis.server.impl.FollowerState.run(FollowerState.java:117)
2021-03-17 02:10:45,809 [7be7a3ee-2c60-4daa-92d5-fce366cccc9d@group-0D254D493D02-StateMachineUpdater] INFO  ratis.ContainerStateMachine (ContainerStateMachine.java:takeSnapshot(291)) - group-0D254D493D02: Taking a snapshot at:(t:2, i:0) file /github/workspace/mnt/ozone/hadoop-ozone/integration-test/target/test-dir/MiniOzoneClusterImpl-5543d78b-3109-4325-8e4d-d24bfba87b26/datanode-1/data/ratis/8ff1614f-e393-4bbd-a079-0d254d493d02/sm/snapshot.2_0
2021-03-17 02:10:45,809 [Command processor thread] INFO  impl.StateMachineUpdater (StateMachineUpdater.java:stopAndJoin(148)) - 7be7a3ee-2c60-4daa-92d5-fce366cccc9d@group-0D254D493D02-StateMachineUpdater: set stopIndex = 0
2021-03-17 02:10:45,810 [7be7a3ee-2c60-4daa-92d5-fce366cccc9d@group-0D254D493D02-StateMachineUpdater] INFO  ratis.ContainerStateMachine (ContainerStateMachine.java:takeSnapshot(302)) - group-0D254D493D02: Finished taking a snapshot at:(t:2, i:0) file:/github/workspace/mnt/ozone/hadoop-ozone/integration-test/target/test-dir/MiniOzoneClusterImpl-5543d78b-3109-4325-8e4d-d24bfba87b26/datanode-1/data/ratis/8ff1614f-e393-4bbd-a079-0d254d493d02/sm/snapshot.2_0 took: 0 ms
2021-03-17 02:10:45,810 [7be7a3ee-2c60-4daa-92d5-fce366cccc9d@group-0D254D493D02-StateMachineUpdater] INFO  impl.StateMachineUpdater (StateMachineUpdater.java:takeSnapshot(279)) - 7be7a3ee-2c60-4daa-92d5-fce366cccc9d@group-0D254D493D02-StateMachineUpdater: Took a snapshot at index 0
2021-03-17 02:10:45,810 [7be7a3ee-2c60-4daa-92d5-fce366cccc9d@group-0D254D493D02-StateMachineUpdater] INFO  impl.StateMachineUpdater (StateMachineUpdater.java:lambda$new$0(88)) - 7be7a3ee-2c60-4daa-92d5-fce366cccc9d@group-0D254D493D02-StateMachineUpdater: snapshotIndex: updateIncreasingly -1 -> 0
2021-03-17 02:10:45,810 [7be7a3ee-2c60-4daa-92d5-fce366cccc9d@group-0D254D493D02-StateMachineUpdater] INFO  metrics.RatisMetrics (RatisMetrics.java:unregister(43)) - Unregistering Metrics Registry : ratis.state_machine.7be7a3ee-2c60-4daa-92d5-fce366cccc9d@group-0D254D493D02
2021-03-17 02:10:45,811 [Command processor thread] INFO  server.RaftServer$Division (ServerState.java:close(405)) - 7be7a3ee-2c60-4daa-92d5-fce366cccc9d@group-0D254D493D02: closes. applyIndex: 0
2021-03-17 02:10:45,811 [7be7a3ee-2c60-4daa-92d5-fce366cccc9d@group-0D254D493D02-SegmentedRaftLogWorker] INFO  segmented.SegmentedRaftLogWorker (SegmentedRaftLogWorker.java:run(326)) - 7be7a3ee-2c60-4daa-92d5-fce366cccc9d@group-0D254D493D02-SegmentedRaftLogWorker was interrupted, exiting. There are 0 tasks remaining in the queue.
2021-03-17 02:10:45,812 [Command processor thread] INFO  segmented.SegmentedRaftLogWorker (SegmentedRaftLogWorker.java:close(236)) - 7be7a3ee-2c60-4daa-92d5-fce366cccc9d@group-0D254D493D02-SegmentedRaftLogWorker close()
2021-03-17 02:10:45,812 [Command processor thread] INFO  metrics.RatisMetrics (RatisMetrics.java:unregister(43)) - Unregistering Metrics Registry : ratis.log_worker.7be7a3ee-2c60-4daa-92d5-fce366cccc9d@group-0D254D493D02
2021-03-17 02:10:45,812 [Command processor thread] INFO  metrics.RatisMetrics (RatisMetrics.java:unregister(43)) - Unregistering Metrics Registry : ratis.leader_election.7be7a3ee-2c60-4daa-92d5-fce366cccc9d@group-0D254D493D02
2021-03-17 02:10:45,812 [Command processor thread] INFO  metrics.RatisMetrics (RatisMetrics.java:unregister(43)) - Unregistering Metrics Registry : ratis.server.7be7a3ee-2c60-4daa-92d5-fce366cccc9d@group-0D254D493D02
2021-03-17 02:10:45,813 [Command processor thread] INFO  server.RaftServer$Division (RaftServerImpl.java:groupRemove(376)) - 7be7a3ee-2c60-4daa-92d5-fce366cccc9d@group-0D254D493D02: Succeed to remove RaftStorageDirectory Storage Directory /github/workspace/mnt/ozone/hadoop-ozone/integration-test/target/test-dir/MiniOzoneClusterImpl-5543d78b-3109-4325-8e4d-d24bfba87b26/datanode-1/data/ratis/8ff1614f-e393-4bbd-a079-0d254d493d02
2021-03-17 02:10:45,813 [Command processor thread] INFO  commandhandler.ClosePipelineCommandHandler (ClosePipelineCommandHandler.java:handle(75)) - Close Pipeline PipelineID=8ff1614f-e393-4bbd-a079-0d254d493d02 command on datanode 7be7a3ee-2c60-4daa-92d5-fce366cccc9d.
2021-03-17 02:10:45,813 [Command processor thread] WARN  server.RaftServer (RaftServerProxy.java:remove(101)) - 7be7a3ee-2c60-4daa-92d5-fce366cccc9d: does not contain group: group-FAE0631FEBCD
2021-03-17 02:10:45,813 [Command processor thread] ERROR commandhandler.ClosePipelineCommandHandler (ClosePipelineCommandHandler.java:handle(78)) - Can't close pipeline PipelineID=05ce0818-b588-4728-ba10-fae0631febcd
java.io.IOException: 7be7a3ee-2c60-4daa-92d5-fce366cccc9d: Group group-FAE0631FEBCD not found.
	at org.apache.hadoop.ozone.container.common.transport.server.ratis.XceiverServerRatis.removeGroup(XceiverServerRatis.java:819)
	at org.apache.hadoop.ozone.container.common.statemachine.commandhandler.ClosePipelineCommandHandler.handle(ClosePipelineCommandHandler.java:74)
	at org.apache.hadoop.ozone.container.common.statemachine.commandhandler.CommandDispatcher.handle(CommandDispatcher.java:99)
	at org.apache.hadoop.ozone.container.common.statemachine.DatanodeStateMachine.lambda$initCommandHandlerThread$2(DatanodeStateMachine.java:506)
	at java.lang.Thread.run(Thread.java:748)
Caused by: org.apache.ratis.protocol.exceptions.GroupMismatchException: 7be7a3ee-2c60-4daa-92d5-fce366cccc9d: Group group-FAE0631FEBCD not found.
	at org.apache.ratis.server.impl.RaftServerProxy.groupRemoveAsync(RaftServerProxy.java:504)
	at org.apache.ratis.server.impl.RaftServerProxy.groupManagementAsync(RaftServerProxy.java:460)
	at org.apache.ratis.server.impl.RaftServerProxy.groupManagement(RaftServerProxy.java:440)
	at org.apache.hadoop.ozone.container.common.transport.server.ratis.XceiverServerRatis.removeGroup(XceiverServerRatis.java:817)
	... 4 more
2021-03-17 02:10:45,813 [Command processor thread] INFO  server.RaftServer (RaftServerProxy.java:addNew(95)) - 7be7a3ee-2c60-4daa-92d5-fce366cccc9d: addNew group-8392A6716DDC:[c22503ba-573b-463b-9e1c-de44cfeb847d|rpc:172.17.0.2:34901|priority:1, 7be7a3ee-2c60-4daa-92d5-fce366cccc9d|rpc:172.17.0.2:39539|priority:0, 13cb06b2-640f-4fce-af7e-e16c133353a1|rpc:172.17.0.2:35095|priority:0] returns group-8392A6716DDC:java.util.concurrent.CompletableFuture@202b5289[Not completed]
2021-03-17 02:10:45,818 [pool-221-thread-1] INFO  server.RaftServer$Division (RaftServerImpl.java:<init>(180)) - 7be7a3ee-2c60-4daa-92d5-fce366cccc9d: new RaftServerImpl for group-8392A6716DDC:[c22503ba-573b-463b-9e1c-de44cfeb847d|rpc:172.17.0.2:34901|priority:1, 7be7a3ee-2c60-4daa-92d5-fce366cccc9d|rpc:172.17.0.2:39539|priority:0, 13cb06b2-640f-4fce-af7e-e16c133353a1|rpc:172.17.0.2:35095|priority:0] with ContainerStateMachine:uninitialized
2021-03-17 02:10:45,818 [pool-221-thread-1] INFO  server.RaftServerConfigKeys (ConfUtils.java:logGet(44)) - raft.server.rpc.timeout.min = 5s (custom)
2021-03-17 02:10:45,818 [pool-221-thread-1] INFO  server.RaftServerConfigKeys (ConfUtils.java:logGet(44)) - raft.server.rpc.timeout.max = 5200ms (custom)
2021-03-17 02:10:45,818 [pool-221-thread-1] INFO  server.RaftServerConfigKeys (ConfUtils.java:logGet(44)) - raft.server.rpc.sleep.time = 25ms (default)
2021-03-17 02:10:45,818 [pool-221-thread-1] INFO  server.RaftServerConfigKeys (ConfUtils.java:logGet(44)) - raft.server.rpc.slowness.timeout = 300000ms (custom)
2021-03-17 02:10:45,818 [pool-221-thread-1] INFO  server.RaftServerConfigKeys (ConfUtils.java:logGet(44)) - raft.server.leaderelection.leader.step-down.wait-time = 10s (default)
2021-03-17 02:10:45,818 [pool-221-thread-1] INFO  server.RaftServerConfigKeys (ConfUtils.java:logGet(44)) - raft.server.sleep.deviation.threshold = 300ms (default)
2021-03-17 02:10:45,818 [pool-221-thread-1] INFO  server.RaftServerConfigKeys (ConfUtils.java:logGet(44)) - raft.server.log.appender.install.snapshot.enabled = false (custom)
2021-03-17 02:10:45,818 [pool-221-thread-1] INFO  server.RaftServer$Division (ServerState.java:<init>(105)) - 7be7a3ee-2c60-4daa-92d5-fce366cccc9d@group-8392A6716DDC: ConfigurationManager, init=-1: [c22503ba-573b-463b-9e1c-de44cfeb847d|rpc:172.17.0.2:34901|priority:1, 7be7a3ee-2c60-4daa-92d5-fce366cccc9d|rpc:172.17.0.2:39539|priority:0, 13cb06b2-640f-4fce-af7e-e16c133353a1|rpc:172.17.0.2:35095|priority:0], old=null, confs=<EMPTY_MAP>
2021-03-17 02:10:45,818 [pool-221-thread-1] INFO  server.RaftServerConfigKeys (ConfUtils.java:logGet(44)) - raft.server.storage.dir = [/github/workspace/mnt/ozone/hadoop-ozone/integration-test/target/test-dir/MiniOzoneClusterImpl-5543d78b-3109-4325-8e4d-d24bfba87b26/datanode-1/data/ratis] (custom)
2021-03-17 02:10:45,819 [pool-221-thread-1] INFO  server.RaftServerConfigKeys (ConfUtils.java:logGet(44)) - raft.server.log.corruption.policy = EXCEPTION (default)
2021-03-17 02:10:45,819 [pool-221-thread-1] INFO  storage.RaftStorageDirectory (RaftStorageDirectoryImpl.java:analyzeStorage(132)) - The storage directory /github/workspace/mnt/ozone/hadoop-ozone/integration-test/target/test-dir/MiniOzoneClusterImpl-5543d78b-3109-4325-8e4d-d24bfba87b26/datanode-1/data/ratis/9e161d5c-af13-4e41-81f9-8392a6716ddc does not exist. Creating ...
2021-03-17 02:10:45,820 [pool-221-thread-1] INFO  storage.RaftStorageDirectory (RaftStorageDirectoryImpl.java:tryLock(215)) - Lock on /github/workspace/mnt/ozone/hadoop-ozone/integration-test/target/test-dir/MiniOzoneClusterImpl-5543d78b-3109-4325-8e4d-d24bfba87b26/datanode-1/data/ratis/9e161d5c-af13-4e41-81f9-8392a6716ddc/in_use.lock acquired by nodename 11586@70ca58e12b9b
2021-03-17 02:10:45,821 [pool-221-thread-1] INFO  storage.RaftStorage (RaftStorageImpl.java:format(87)) - Storage directory /github/workspace/mnt/ozone/hadoop-ozone/integration-test/target/test-dir/MiniOzoneClusterImpl-5543d78b-3109-4325-8e4d-d24bfba87b26/datanode-1/data/ratis/9e161d5c-af13-4e41-81f9-8392a6716ddc has been successfully formatted.
2021-03-17 02:10:45,822 [pool-221-thread-1] INFO  ratis.ContainerStateMachine (ContainerStateMachine.java:loadSnapshot(223)) - group-8392A6716DDC: The snapshot info is null. Setting the last applied indexto:(t:0, i:~)
2021-03-17 02:10:45,822 [pool-221-thread-1] ERROR storage.RaftStorage (RaftStorageImpl.java:readRaftConfiguration(147)) - Failed reading configuration from file:/github/workspace/mnt/ozone/hadoop-ozone/integration-test/target/test-dir/MiniOzoneClusterImpl-5543d78b-3109-4325-8e4d-d24bfba87b26/datanode-1/data/ratis/9e161d5c-af13-4e41-81f9-8392a6716ddc/current/raft-meta.conf
java.io.FileNotFoundException: /github/workspace/mnt/ozone/hadoop-ozone/integration-test/target/test-dir/MiniOzoneClusterImpl-5543d78b-3109-4325-8e4d-d24bfba87b26/datanode-1/data/ratis/9e161d5c-af13-4e41-81f9-8392a6716ddc/current/raft-meta.conf (No such file or directory)
	at java.io.FileInputStream.open0(Native Method)
	at java.io.FileInputStream.open(FileInputStream.java:195)
	at java.io.FileInputStream.<init>(FileInputStream.java:138)
	at org.apache.ratis.server.storage.RaftStorageImpl.readRaftConfiguration(RaftStorageImpl.java:143)
	at org.apache.ratis.server.impl.ServerState.<init>(ServerState.java:122)
	at org.apache.ratis.server.impl.RaftServerImpl.<init>(RaftServerImpl.java:193)
	at org.apache.ratis.server.impl.RaftServerProxy.lambda$newRaftServerImpl$4(RaftServerProxy.java:266)
	at java.util.concurrent.CompletableFuture$AsyncSupply.run(CompletableFuture.java:1604)
	at java.util.concurrent.ThreadPoolExecutor.runWorker(ThreadPoolExecutor.java:1149)
	at java.util.concurrent.ThreadPoolExecutor$Worker.run(ThreadPoolExecutor.java:624)
	at java.lang.Thread.run(Thread.java:748)
2021-03-17 02:10:45,822 [pool-221-thread-1] INFO  server.RaftServerConfigKeys (ConfUtils.java:logGet(44)) - raft.server.notification.no-leader.timeout = 300000ms (custom)
2021-03-17 02:10:45,822 [pool-221-thread-1] INFO  server.RaftServerConfigKeys (ConfUtils.java:logGet(44)) - raft.server.log.use.memory = false (default)
2021-03-17 02:10:45,822 [pool-221-thread-1] INFO  server.RaftServerConfigKeys (ConfUtils.java:logGet(44)) - raft.server.log.purge.gap = 1000000 (custom)
2021-03-17 02:10:45,823 [pool-221-thread-1] INFO  server.RaftServerConfigKeys (ConfUtils.java:logGet(44)) - raft.server.log.appender.buffer.byte-limit = 33554432 (custom)
2021-03-17 02:10:45,823 [pool-221-thread-1] INFO  metrics.RatisMetrics (RatisMetrics.java:lambda$create$0(36)) - Creating Metrics Registry : ratis.log_worker.7be7a3ee-2c60-4daa-92d5-fce366cccc9d@group-8392A6716DDC
2021-03-17 02:10:45,823 [pool-221-thread-1] INFO  server.RaftServerConfigKeys (ConfUtils.java:logGet(44)) - raft.server.log.segment.size.max = 1048576 (custom)
2021-03-17 02:10:45,823 [pool-221-thread-1] INFO  server.RaftServerConfigKeys (ConfUtils.java:logGet(44)) - raft.server.log.segment.cache.num.max = 2 (custom)
2021-03-17 02:10:45,823 [pool-221-thread-1] INFO  server.RaftServerConfigKeys (ConfUtils.java:logGet(44)) - raft.server.log.segment.cache.size.max = 200MB (=209715200) (default)
2021-03-17 02:10:45,823 [pool-221-thread-1] INFO  segmented.SegmentedRaftLogWorker (SegmentedRaftLogWorker.java:<init>(181)) - new 7be7a3ee-2c60-4daa-92d5-fce366cccc9d@group-8392A6716DDC-SegmentedRaftLogWorker for RaftStorageImpl:Storage Directory /github/workspace/mnt/ozone/hadoop-ozone/integration-test/target/test-dir/MiniOzoneClusterImpl-5543d78b-3109-4325-8e4d-d24bfba87b26/datanode-1/data/ratis/9e161d5c-af13-4e41-81f9-8392a6716ddc
2021-03-17 02:10:45,823 [pool-221-thread-1] INFO  server.RaftServerConfigKeys (ConfUtils.java:logGet(44)) - raft.server.log.queue.byte-limit = 2147483647 (custom)
2021-03-17 02:10:45,823 [pool-221-thread-1] INFO  server.RaftServerConfigKeys (ConfUtils.java:logGet(44)) - raft.server.log.queue.element-limit = 1024 (custom)
2021-03-17 02:10:45,823 [pool-221-thread-1] INFO  server.RaftServerConfigKeys (ConfUtils.java:logGet(44)) - raft.server.log.segment.size.max = 1048576 (custom)
2021-03-17 02:10:45,823 [pool-221-thread-1] INFO  server.RaftServerConfigKeys (ConfUtils.java:logGet(44)) - raft.server.log.preallocated.size = 16384 (custom)
2021-03-17 02:10:45,823 [pool-221-thread-1] INFO  server.RaftServerConfigKeys (ConfUtils.java:logGet(44)) - raft.server.log.force.sync.num = 128 (default)
2021-03-17 02:10:45,824 [pool-221-thread-1] INFO  server.RaftServerConfigKeys (ConfUtils.java:logGet(44)) - raft.server.log.statemachine.data.sync = true (default)
2021-03-17 02:10:45,824 [pool-221-thread-1] INFO  server.RaftServerConfigKeys (ConfUtils.java:logGet(44)) - raft.server.log.statemachine.data.sync.timeout = 10s (default)
2021-03-17 02:10:45,824 [pool-221-thread-1] INFO  server.RaftServerConfigKeys (ConfUtils.java:logGet(44)) - raft.server.log.statemachine.data.sync.timeout.retry = -1 (default)
2021-03-17 02:10:45,824 [pool-221-thread-1] INFO  server.RaftServerConfigKeys (ConfUtils.java:logGet(44)) - raft.server.log.write.buffer.size = 1048576 (custom)
2021-03-17 02:10:45,825 [pool-221-thread-1] INFO  server.RaftServerConfigKeys (ConfUtils.java:logGet(44)) - raft.server.log.statemachine.data.caching.enabled = true (custom)
2021-03-17 02:10:45,826 [pool-221-thread-1] INFO  segmented.SegmentedRaftLogWorker (SegmentedRaftLogWorker.java:lambda$new$0(132)) - 7be7a3ee-2c60-4daa-92d5-fce366cccc9d@group-8392A6716DDC-SegmentedRaftLogWorker: flushIndex: setUnconditionally 0 -> -1
2021-03-17 02:10:45,826 [pool-221-thread-1] INFO  segmented.SegmentedRaftLogWorker (SegmentedRaftLogWorker.java:lambda$new$0(132)) - 7be7a3ee-2c60-4daa-92d5-fce366cccc9d@group-8392A6716DDC-SegmentedRaftLogWorker: safeCacheEvictIndex: setUnconditionally 0 -> -1
2021-03-17 02:10:45,831 [pool-221-thread-1] INFO  server.RaftServerConfigKeys (ConfUtils.java:logGet(44)) - raft.server.snapshot.auto.trigger.enabled = true (custom)
2021-03-17 02:10:45,831 [pool-221-thread-1] INFO  server.RaftServerConfigKeys (ConfUtils.java:logGet(44)) - raft.server.snapshot.auto.trigger.threshold = 10000 (custom)
2021-03-17 02:10:45,831 [pool-221-thread-1] INFO  server.RaftServerConfigKeys (ConfUtils.java:logGet(44)) - raft.server.snapshot.retention.file.num = 5 (custom)
2021-03-17 02:10:45,831 [pool-221-thread-1] INFO  server.RaftServerConfigKeys (ConfUtils.java:logGet(44)) - raft.server.log.purge.upto.snapshot.index = false (default)
2021-03-17 02:10:45,831 [pool-221-thread-1] INFO  server.RaftServerConfigKeys (ConfUtils.java:logGet(44)) - raft.server.retrycache.expirytime = 600000ms (custom)
2021-03-17 02:10:45,831 [pool-221-thread-1] INFO  server.RaftServerConfigKeys (ConfUtils.java:logGet(44)) - raft.server.retrycache.statistics.expirytime = 100?s (default)
2021-03-17 02:10:45,832 [pool-221-thread-1] INFO  metrics.RatisMetrics (RatisMetrics.java:lambda$create$0(36)) - Creating Metrics Registry : ratis.leader_election.7be7a3ee-2c60-4daa-92d5-fce366cccc9d@group-8392A6716DDC
2021-03-17 02:10:45,832 [pool-221-thread-1] INFO  metrics.RatisMetrics (RatisMetrics.java:lambda$create$0(36)) - Creating Metrics Registry : ratis.server.7be7a3ee-2c60-4daa-92d5-fce366cccc9d@group-8392A6716DDC
2021-03-17 02:10:45,833 [pool-221-thread-1] INFO  server.RaftServer$Division (RaftServerImpl.java:start(295)) - 7be7a3ee-2c60-4daa-92d5-fce366cccc9d@group-8392A6716DDC: start as a follower, conf=-1: [c22503ba-573b-463b-9e1c-de44cfeb847d|rpc:172.17.0.2:34901|priority:1, 7be7a3ee-2c60-4daa-92d5-fce366cccc9d|rpc:172.17.0.2:39539|priority:0, 13cb06b2-640f-4fce-af7e-e16c133353a1|rpc:172.17.0.2:35095|priority:0], old=null
2021-03-17 02:10:45,833 [pool-221-thread-1] INFO  server.RaftServer$Division (RaftServerImpl.java:setRole(284)) - 7be7a3ee-2c60-4daa-92d5-fce366cccc9d@group-8392A6716DDC: changes role from      null to FOLLOWER at term 0 for startAsFollower
2021-03-17 02:10:45,833 [pool-221-thread-1] INFO  impl.RoleInfo (RoleInfo.java:updateAndGet(130)) - 7be7a3ee-2c60-4daa-92d5-fce366cccc9d: start 7be7a3ee-2c60-4daa-92d5-fce366cccc9d@group-8392A6716DDC-FollowerState
2021-03-17 02:10:45,838 [pool-221-thread-1] INFO  util.JmxRegister (JmxRegister.java:tryRegister(44)) - Successfully registered JMX Bean with object name Ratis:service=RaftServer,group=group-8392A6716DDC,id=7be7a3ee-2c60-4daa-92d5-fce366cccc9d
2021-03-17 02:10:45,838 [pool-221-thread-1] INFO  metrics.RatisMetrics (RatisMetrics.java:lambda$create$0(36)) - Creating Metrics Registry : ratis.state_machine.7be7a3ee-2c60-4daa-92d5-fce366cccc9d@group-8392A6716DDC
2021-03-17 02:10:45,839 [Command processor thread] INFO  metrics.RatisMetrics (RatisMetrics.java:lambda$create$0(36)) - Creating Metrics Registry : ratis.client_message_metrics.client-B83640DBC35E->c22503ba-573b-463b-9e1c-de44cfeb847d
2021-03-17 02:10:45,844 [grpc-default-executor-0] INFO  server.RaftServer (RaftServerProxy.java:addNew(95)) - c22503ba-573b-463b-9e1c-de44cfeb847d: addNew group-8392A6716DDC:[c22503ba-573b-463b-9e1c-de44cfeb847d|rpc:172.17.0.2:34901|dataStream:|priority:1, 7be7a3ee-2c60-4daa-92d5-fce366cccc9d|rpc:172.17.0.2:39539|dataStream:|priority:0, 13cb06b2-640f-4fce-af7e-e16c133353a1|rpc:172.17.0.2:35095|dataStream:|priority:0] returns group-8392A6716DDC:java.util.concurrent.CompletableFuture@5c8a1af8[Not completed]
2021-03-17 02:10:45,845 [pool-205-thread-1] INFO  server.RaftServer$Division (RaftServerImpl.java:<init>(180)) - c22503ba-573b-463b-9e1c-de44cfeb847d: new RaftServerImpl for group-8392A6716DDC:[c22503ba-573b-463b-9e1c-de44cfeb847d|rpc:172.17.0.2:34901|dataStream:|priority:1, 7be7a3ee-2c60-4daa-92d5-fce366cccc9d|rpc:172.17.0.2:39539|dataStream:|priority:0, 13cb06b2-640f-4fce-af7e-e16c133353a1|rpc:172.17.0.2:35095|dataStream:|priority:0] with ContainerStateMachine:uninitialized
2021-03-17 02:10:45,845 [pool-205-thread-1] INFO  server.RaftServerConfigKeys (ConfUtils.java:logGet(44)) - raft.server.rpc.timeout.min = 5s (custom)
2021-03-17 02:10:45,845 [pool-205-thread-1] INFO  server.RaftServerConfigKeys (ConfUtils.java:logGet(44)) - raft.server.rpc.timeout.max = 5200ms (custom)
2021-03-17 02:10:45,845 [pool-205-thread-1] INFO  server.RaftServerConfigKeys (ConfUtils.java:logGet(44)) - raft.server.rpc.sleep.time = 25ms (default)
2021-03-17 02:10:45,846 [pool-205-thread-1] INFO  server.RaftServerConfigKeys (ConfUtils.java:logGet(44)) - raft.server.rpc.slowness.timeout = 300000ms (custom)
2021-03-17 02:10:45,846 [pool-205-thread-1] INFO  server.RaftServerConfigKeys (ConfUtils.java:logGet(44)) - raft.server.leaderelection.leader.step-down.wait-time = 10s (default)
2021-03-17 02:10:45,846 [pool-205-thread-1] INFO  server.RaftServerConfigKeys (ConfUtils.java:logGet(44)) - raft.server.sleep.deviation.threshold = 300ms (default)
2021-03-17 02:10:45,846 [pool-205-thread-1] INFO  server.RaftServerConfigKeys (ConfUtils.java:logGet(44)) - raft.server.log.appender.install.snapshot.enabled = false (custom)
2021-03-17 02:10:45,846 [pool-205-thread-1] INFO  server.RaftServer$Division (ServerState.java:<init>(105)) - c22503ba-573b-463b-9e1c-de44cfeb847d@group-8392A6716DDC: ConfigurationManager, init=-1: [c22503ba-573b-463b-9e1c-de44cfeb847d|rpc:172.17.0.2:34901|dataStream:|priority:1, 7be7a3ee-2c60-4daa-92d5-fce366cccc9d|rpc:172.17.0.2:39539|dataStream:|priority:0, 13cb06b2-640f-4fce-af7e-e16c133353a1|rpc:172.17.0.2:35095|dataStream:|priority:0], old=null, confs=<EMPTY_MAP>
2021-03-17 02:10:45,846 [pool-205-thread-1] INFO  server.RaftServerConfigKeys (ConfUtils.java:logGet(44)) - raft.server.storage.dir = [/github/workspace/mnt/ozone/hadoop-ozone/integration-test/target/test-dir/MiniOzoneClusterImpl-5543d78b-3109-4325-8e4d-d24bfba87b26/datanode-0/data/ratis] (custom)
2021-03-17 02:10:45,846 [pool-205-thread-1] INFO  server.RaftServerConfigKeys (ConfUtils.java:logGet(44)) - raft.server.log.corruption.policy = EXCEPTION (default)
2021-03-17 02:10:45,846 [pool-205-thread-1] INFO  storage.RaftStorageDirectory (RaftStorageDirectoryImpl.java:analyzeStorage(132)) - The storage directory /github/workspace/mnt/ozone/hadoop-ozone/integration-test/target/test-dir/MiniOzoneClusterImpl-5543d78b-3109-4325-8e4d-d24bfba87b26/datanode-0/data/ratis/9e161d5c-af13-4e41-81f9-8392a6716ddc does not exist. Creating ...
2021-03-17 02:10:45,847 [pool-205-thread-1] INFO  storage.RaftStorageDirectory (RaftStorageDirectoryImpl.java:tryLock(215)) - Lock on /github/workspace/mnt/ozone/hadoop-ozone/integration-test/target/test-dir/MiniOzoneClusterImpl-5543d78b-3109-4325-8e4d-d24bfba87b26/datanode-0/data/ratis/9e161d5c-af13-4e41-81f9-8392a6716ddc/in_use.lock acquired by nodename 11586@70ca58e12b9b
2021-03-17 02:10:45,848 [pool-205-thread-1] INFO  storage.RaftStorage (RaftStorageImpl.java:format(87)) - Storage directory /github/workspace/mnt/ozone/hadoop-ozone/integration-test/target/test-dir/MiniOzoneClusterImpl-5543d78b-3109-4325-8e4d-d24bfba87b26/datanode-0/data/ratis/9e161d5c-af13-4e41-81f9-8392a6716ddc has been successfully formatted.
2021-03-17 02:10:45,848 [pool-205-thread-1] INFO  ratis.ContainerStateMachine (ContainerStateMachine.java:loadSnapshot(223)) - group-8392A6716DDC: The snapshot info is null. Setting the last applied indexto:(t:0, i:~)
2021-03-17 02:10:45,848 [pool-205-thread-1] ERROR storage.RaftStorage (RaftStorageImpl.java:readRaftConfiguration(147)) - Failed reading configuration from file:/github/workspace/mnt/ozone/hadoop-ozone/integration-test/target/test-dir/MiniOzoneClusterImpl-5543d78b-3109-4325-8e4d-d24bfba87b26/datanode-0/data/ratis/9e161d5c-af13-4e41-81f9-8392a6716ddc/current/raft-meta.conf
java.io.FileNotFoundException: /github/workspace/mnt/ozone/hadoop-ozone/integration-test/target/test-dir/MiniOzoneClusterImpl-5543d78b-3109-4325-8e4d-d24bfba87b26/datanode-0/data/ratis/9e161d5c-af13-4e41-81f9-8392a6716ddc/current/raft-meta.conf (No such file or directory)
	at java.io.FileInputStream.open0(Native Method)
	at java.io.FileInputStream.open(FileInputStream.java:195)
	at java.io.FileInputStream.<init>(FileInputStream.java:138)
	at org.apache.ratis.server.storage.RaftStorageImpl.readRaftConfiguration(RaftStorageImpl.java:143)
	at org.apache.ratis.server.impl.ServerState.<init>(ServerState.java:122)
	at org.apache.ratis.server.impl.RaftServerImpl.<init>(RaftServerImpl.java:193)
	at org.apache.ratis.server.impl.RaftServerProxy.lambda$newRaftServerImpl$4(RaftServerProxy.java:266)
	at java.util.concurrent.CompletableFuture$AsyncSupply.run(CompletableFuture.java:1604)
	at java.util.concurrent.ThreadPoolExecutor.runWorker(ThreadPoolExecutor.java:1149)
	at java.util.concurrent.ThreadPoolExecutor$Worker.run(ThreadPoolExecutor.java:624)
	at java.lang.Thread.run(Thread.java:748)
2021-03-17 02:10:45,849 [pool-205-thread-1] INFO  server.RaftServerConfigKeys (ConfUtils.java:logGet(44)) - raft.server.notification.no-leader.timeout = 300000ms (custom)
2021-03-17 02:10:45,851 [pool-205-thread-1] INFO  server.RaftServerConfigKeys (ConfUtils.java:logGet(44)) - raft.server.log.use.memory = false (default)
2021-03-17 02:10:45,851 [pool-205-thread-1] INFO  server.RaftServerConfigKeys (ConfUtils.java:logGet(44)) - raft.server.log.purge.gap = 1000000 (custom)
2021-03-17 02:10:45,851 [pool-205-thread-1] INFO  server.RaftServerConfigKeys (ConfUtils.java:logGet(44)) - raft.server.log.appender.buffer.byte-limit = 33554432 (custom)
2021-03-17 02:10:45,851 [pool-205-thread-1] INFO  metrics.RatisMetrics (RatisMetrics.java:lambda$create$0(36)) - Creating Metrics Registry : ratis.log_worker.c22503ba-573b-463b-9e1c-de44cfeb847d@group-8392A6716DDC
2021-03-17 02:10:45,852 [pool-205-thread-1] INFO  server.RaftServerConfigKeys (ConfUtils.java:logGet(44)) - raft.server.log.segment.size.max = 1048576 (custom)
2021-03-17 02:10:45,852 [pool-205-thread-1] INFO  server.RaftServerConfigKeys (ConfUtils.java:logGet(44)) - raft.server.log.segment.cache.num.max = 2 (custom)
2021-03-17 02:10:45,854 [pool-205-thread-1] INFO  server.RaftServerConfigKeys (ConfUtils.java:logGet(44)) - raft.server.log.segment.cache.size.max = 200MB (=209715200) (default)
2021-03-17 02:10:45,854 [pool-205-thread-1] INFO  segmented.SegmentedRaftLogWorker (SegmentedRaftLogWorker.java:<init>(181)) - new c22503ba-573b-463b-9e1c-de44cfeb847d@group-8392A6716DDC-SegmentedRaftLogWorker for RaftStorageImpl:Storage Directory /github/workspace/mnt/ozone/hadoop-ozone/integration-test/target/test-dir/MiniOzoneClusterImpl-5543d78b-3109-4325-8e4d-d24bfba87b26/datanode-0/data/ratis/9e161d5c-af13-4e41-81f9-8392a6716ddc
2021-03-17 02:10:45,854 [pool-205-thread-1] INFO  server.RaftServerConfigKeys (ConfUtils.java:logGet(44)) - raft.server.log.queue.byte-limit = 2147483647 (custom)
2021-03-17 02:10:45,854 [pool-205-thread-1] INFO  server.RaftServerConfigKeys (ConfUtils.java:logGet(44)) - raft.server.log.queue.element-limit = 1024 (custom)
2021-03-17 02:10:45,854 [pool-205-thread-1] INFO  server.RaftServerConfigKeys (ConfUtils.java:logGet(44)) - raft.server.log.segment.size.max = 1048576 (custom)
2021-03-17 02:10:45,854 [pool-205-thread-1] INFO  server.RaftServerConfigKeys (ConfUtils.java:logGet(44)) - raft.server.log.preallocated.size = 16384 (custom)
2021-03-17 02:10:45,854 [pool-205-thread-1] INFO  server.RaftServerConfigKeys (ConfUtils.java:logGet(44)) - raft.server.log.force.sync.num = 128 (default)
2021-03-17 02:10:45,854 [pool-205-thread-1] INFO  server.RaftServerConfigKeys (ConfUtils.java:logGet(44)) - raft.server.log.statemachine.data.sync = true (default)
2021-03-17 02:10:45,854 [pool-205-thread-1] INFO  server.RaftServerConfigKeys (ConfUtils.java:logGet(44)) - raft.server.log.statemachine.data.sync.timeout = 10s (default)
2021-03-17 02:10:45,854 [pool-205-thread-1] INFO  server.RaftServerConfigKeys (ConfUtils.java:logGet(44)) - raft.server.log.statemachine.data.sync.timeout.retry = -1 (default)
2021-03-17 02:10:45,855 [pool-205-thread-1] INFO  server.RaftServerConfigKeys (ConfUtils.java:logGet(44)) - raft.server.log.write.buffer.size = 1048576 (custom)
2021-03-17 02:10:45,856 [pool-205-thread-1] INFO  server.RaftServerConfigKeys (ConfUtils.java:logGet(44)) - raft.server.log.statemachine.data.caching.enabled = true (custom)
2021-03-17 02:10:45,867 [pool-205-thread-1] INFO  segmented.SegmentedRaftLogWorker (SegmentedRaftLogWorker.java:lambda$new$0(132)) - c22503ba-573b-463b-9e1c-de44cfeb847d@group-8392A6716DDC-SegmentedRaftLogWorker: flushIndex: setUnconditionally 0 -> -1
2021-03-17 02:10:45,867 [pool-205-thread-1] INFO  segmented.SegmentedRaftLogWorker (SegmentedRaftLogWorker.java:lambda$new$0(132)) - c22503ba-573b-463b-9e1c-de44cfeb847d@group-8392A6716DDC-SegmentedRaftLogWorker: safeCacheEvictIndex: setUnconditionally 0 -> -1
2021-03-17 02:10:45,878 [pool-205-thread-1] INFO  server.RaftServerConfigKeys (ConfUtils.java:logGet(44)) - raft.server.snapshot.auto.trigger.enabled = true (custom)
2021-03-17 02:10:45,878 [pool-205-thread-1] INFO  server.RaftServerConfigKeys (ConfUtils.java:logGet(44)) - raft.server.snapshot.auto.trigger.threshold = 10000 (custom)
2021-03-17 02:10:45,878 [pool-205-thread-1] INFO  server.RaftServerConfigKeys (ConfUtils.java:logGet(44)) - raft.server.snapshot.retention.file.num = 5 (custom)
2021-03-17 02:10:45,878 [pool-205-thread-1] INFO  server.RaftServerConfigKeys (ConfUtils.java:logGet(44)) - raft.server.log.purge.upto.snapshot.index = false (default)
2021-03-17 02:10:45,878 [pool-205-thread-1] INFO  server.RaftServerConfigKeys (ConfUtils.java:logGet(44)) - raft.server.retrycache.expirytime = 600000ms (custom)
2021-03-17 02:10:45,878 [pool-205-thread-1] INFO  server.RaftServerConfigKeys (ConfUtils.java:logGet(44)) - raft.server.retrycache.statistics.expirytime = 100?s (default)
2021-03-17 02:10:45,878 [pool-205-thread-1] INFO  metrics.RatisMetrics (RatisMetrics.java:lambda$create$0(36)) - Creating Metrics Registry : ratis.leader_election.c22503ba-573b-463b-9e1c-de44cfeb847d@group-8392A6716DDC
2021-03-17 02:10:45,879 [pool-205-thread-1] INFO  metrics.RatisMetrics (RatisMetrics.java:lambda$create$0(36)) - Creating Metrics Registry : ratis.server.c22503ba-573b-463b-9e1c-de44cfeb847d@group-8392A6716DDC
2021-03-17 02:10:45,879 [pool-205-thread-1] INFO  server.RaftServer$Division (RaftServerImpl.java:start(295)) - c22503ba-573b-463b-9e1c-de44cfeb847d@group-8392A6716DDC: start as a follower, conf=-1: [c22503ba-573b-463b-9e1c-de44cfeb847d|rpc:172.17.0.2:34901|dataStream:|priority:1, 7be7a3ee-2c60-4daa-92d5-fce366cccc9d|rpc:172.17.0.2:39539|dataStream:|priority:0, 13cb06b2-640f-4fce-af7e-e16c133353a1|rpc:172.17.0.2:35095|dataStream:|priority:0], old=null
2021-03-17 02:10:45,879 [pool-205-thread-1] INFO  server.RaftServer$Division (RaftServerImpl.java:setRole(284)) - c22503ba-573b-463b-9e1c-de44cfeb847d@group-8392A6716DDC: changes role from      null to FOLLOWER at term 0 for startAsFollower
2021-03-17 02:10:45,879 [pool-205-thread-1] INFO  impl.RoleInfo (RoleInfo.java:updateAndGet(130)) - c22503ba-573b-463b-9e1c-de44cfeb847d: start c22503ba-573b-463b-9e1c-de44cfeb847d@group-8392A6716DDC-FollowerState
2021-03-17 02:10:45,882 [pool-205-thread-1] INFO  util.JmxRegister (JmxRegister.java:tryRegister(44)) - Successfully registered JMX Bean with object name Ratis:service=RaftServer,group=group-8392A6716DDC,id=c22503ba-573b-463b-9e1c-de44cfeb847d
2021-03-17 02:10:45,882 [pool-205-thread-1] INFO  metrics.RatisMetrics (RatisMetrics.java:lambda$create$0(36)) - Creating Metrics Registry : ratis.state_machine.c22503ba-573b-463b-9e1c-de44cfeb847d@group-8392A6716DDC
2021-03-17 02:10:45,958 [Command processor thread] INFO  metrics.RatisMetrics (RatisMetrics.java:lambda$create$0(36)) - Creating Metrics Registry : ratis.client_message_metrics.client-C3DC44CA3B9B->13cb06b2-640f-4fce-af7e-e16c133353a1
2021-03-17 02:10:45,963 [grpc-default-executor-0] INFO  metrics.RatisMetrics (RatisMetrics.java:lambda$create$0(36)) - Creating Metrics Registry : ratis.server_message_metrics.13cb06b2-640f-4fce-af7e-e16c133353a1
2021-03-17 02:10:45,964 [grpc-default-executor-0] INFO  server.RaftServer (RaftServerProxy.java:addNew(95)) - 13cb06b2-640f-4fce-af7e-e16c133353a1: addNew group-8392A6716DDC:[c22503ba-573b-463b-9e1c-de44cfeb847d|rpc:172.17.0.2:34901|dataStream:|priority:1, 7be7a3ee-2c60-4daa-92d5-fce366cccc9d|rpc:172.17.0.2:39539|dataStream:|priority:0, 13cb06b2-640f-4fce-af7e-e16c133353a1|rpc:172.17.0.2:35095|dataStream:|priority:0] returns group-8392A6716DDC:java.util.concurrent.CompletableFuture@693d27ee[Not completed]
2021-03-17 02:10:45,964 [pool-301-thread-1] INFO  server.RaftServer$Division (RaftServerImpl.java:<init>(180)) - 13cb06b2-640f-4fce-af7e-e16c133353a1: new RaftServerImpl for group-8392A6716DDC:[c22503ba-573b-463b-9e1c-de44cfeb847d|rpc:172.17.0.2:34901|dataStream:|priority:1, 7be7a3ee-2c60-4daa-92d5-fce366cccc9d|rpc:172.17.0.2:39539|dataStream:|priority:0, 13cb06b2-640f-4fce-af7e-e16c133353a1|rpc:172.17.0.2:35095|dataStream:|priority:0] with ContainerStateMachine:uninitialized
2021-03-17 02:10:45,964 [pool-301-thread-1] INFO  server.RaftServerConfigKeys (ConfUtils.java:logGet(44)) - raft.server.rpc.timeout.min = 5s (custom)
2021-03-17 02:10:45,964 [pool-301-thread-1] INFO  server.RaftServerConfigKeys (ConfUtils.java:logGet(44)) - raft.server.rpc.timeout.max = 5200ms (custom)
2021-03-17 02:10:45,965 [pool-301-thread-1] INFO  server.RaftServerConfigKeys (ConfUtils.java:logGet(44)) - raft.server.rpc.sleep.time = 25ms (default)
2021-03-17 02:10:45,965 [pool-301-thread-1] INFO  server.RaftServerConfigKeys (ConfUtils.java:logGet(44)) - raft.server.rpc.slowness.timeout = 300000ms (custom)
2021-03-17 02:10:45,965 [pool-301-thread-1] INFO  server.RaftServerConfigKeys (ConfUtils.java:logGet(44)) - raft.server.leaderelection.leader.step-down.wait-time = 10s (default)
2021-03-17 02:10:45,965 [pool-301-thread-1] INFO  server.RaftServerConfigKeys (ConfUtils.java:logGet(44)) - raft.server.sleep.deviation.threshold = 300ms (default)
2021-03-17 02:10:45,965 [pool-301-thread-1] INFO  server.RaftServerConfigKeys (ConfUtils.java:logGet(44)) - raft.server.log.appender.install.snapshot.enabled = false (custom)
2021-03-17 02:10:45,965 [pool-301-thread-1] INFO  server.RaftServer$Division (ServerState.java:<init>(105)) - 13cb06b2-640f-4fce-af7e-e16c133353a1@group-8392A6716DDC: ConfigurationManager, init=-1: [c22503ba-573b-463b-9e1c-de44cfeb847d|rpc:172.17.0.2:34901|dataStream:|priority:1, 7be7a3ee-2c60-4daa-92d5-fce366cccc9d|rpc:172.17.0.2:39539|dataStream:|priority:0, 13cb06b2-640f-4fce-af7e-e16c133353a1|rpc:172.17.0.2:35095|dataStream:|priority:0], old=null, confs=<EMPTY_MAP>
2021-03-17 02:10:45,965 [pool-301-thread-1] INFO  server.RaftServerConfigKeys (ConfUtils.java:logGet(44)) - raft.server.storage.dir = [/github/workspace/mnt/ozone/hadoop-ozone/integration-test/target/test-dir/MiniOzoneClusterImpl-5543d78b-3109-4325-8e4d-d24bfba87b26/datanode-6/data/ratis] (custom)
2021-03-17 02:10:45,965 [pool-301-thread-1] INFO  server.RaftServerConfigKeys (ConfUtils.java:logGet(44)) - raft.server.log.corruption.policy = EXCEPTION (default)
2021-03-17 02:10:45,965 [pool-301-thread-1] INFO  storage.RaftStorageDirectory (RaftStorageDirectoryImpl.java:analyzeStorage(132)) - The storage directory /github/workspace/mnt/ozone/hadoop-ozone/integration-test/target/test-dir/MiniOzoneClusterImpl-5543d78b-3109-4325-8e4d-d24bfba87b26/datanode-6/data/ratis/9e161d5c-af13-4e41-81f9-8392a6716ddc does not exist. Creating ...
2021-03-17 02:10:45,966 [pool-301-thread-1] INFO  storage.RaftStorageDirectory (RaftStorageDirectoryImpl.java:tryLock(215)) - Lock on /github/workspace/mnt/ozone/hadoop-ozone/integration-test/target/test-dir/MiniOzoneClusterImpl-5543d78b-3109-4325-8e4d-d24bfba87b26/datanode-6/data/ratis/9e161d5c-af13-4e41-81f9-8392a6716ddc/in_use.lock acquired by nodename 11586@70ca58e12b9b
2021-03-17 02:10:45,967 [pool-301-thread-1] INFO  storage.RaftStorage (RaftStorageImpl.java:format(87)) - Storage directory /github/workspace/mnt/ozone/hadoop-ozone/integration-test/target/test-dir/MiniOzoneClusterImpl-5543d78b-3109-4325-8e4d-d24bfba87b26/datanode-6/data/ratis/9e161d5c-af13-4e41-81f9-8392a6716ddc has been successfully formatted.
2021-03-17 02:10:45,968 [pool-301-thread-1] INFO  ratis.ContainerStateMachine (ContainerStateMachine.java:loadSnapshot(223)) - group-8392A6716DDC: The snapshot info is null. Setting the last applied indexto:(t:0, i:~)
2021-03-17 02:10:45,968 [pool-301-thread-1] ERROR storage.RaftStorage (RaftStorageImpl.java:readRaftConfiguration(147)) - Failed reading configuration from file:/github/workspace/mnt/ozone/hadoop-ozone/integration-test/target/test-dir/MiniOzoneClusterImpl-5543d78b-3109-4325-8e4d-d24bfba87b26/datanode-6/data/ratis/9e161d5c-af13-4e41-81f9-8392a6716ddc/current/raft-meta.conf
java.io.FileNotFoundException: /github/workspace/mnt/ozone/hadoop-ozone/integration-test/target/test-dir/MiniOzoneClusterImpl-5543d78b-3109-4325-8e4d-d24bfba87b26/datanode-6/data/ratis/9e161d5c-af13-4e41-81f9-8392a6716ddc/current/raft-meta.conf (No such file or directory)
	at java.io.FileInputStream.open0(Native Method)
	at java.io.FileInputStream.open(FileInputStream.java:195)
	at java.io.FileInputStream.<init>(FileInputStream.java:138)
	at org.apache.ratis.server.storage.RaftStorageImpl.readRaftConfiguration(RaftStorageImpl.java:143)
	at org.apache.ratis.server.impl.ServerState.<init>(ServerState.java:122)
	at org.apache.ratis.server.impl.RaftServerImpl.<init>(RaftServerImpl.java:193)
	at org.apache.ratis.server.impl.RaftServerProxy.lambda$newRaftServerImpl$4(RaftServerProxy.java:266)
	at java.util.concurrent.CompletableFuture$AsyncSupply.run(CompletableFuture.java:1604)
	at java.util.concurrent.ThreadPoolExecutor.runWorker(ThreadPoolExecutor.java:1149)
	at java.util.concurrent.ThreadPoolExecutor$Worker.run(ThreadPoolExecutor.java:624)
	at java.lang.Thread.run(Thread.java:748)
2021-03-17 02:10:45,968 [pool-301-thread-1] INFO  server.RaftServerConfigKeys (ConfUtils.java:logGet(44)) - raft.server.notification.no-leader.timeout = 300000ms (custom)
2021-03-17 02:10:45,968 [pool-301-thread-1] INFO  server.RaftServerConfigKeys (ConfUtils.java:logGet(44)) - raft.server.log.use.memory = false (default)
2021-03-17 02:10:45,968 [pool-301-thread-1] INFO  server.RaftServerConfigKeys (ConfUtils.java:logGet(44)) - raft.server.log.purge.gap = 1000000 (custom)
2021-03-17 02:10:45,968 [pool-301-thread-1] INFO  server.RaftServerConfigKeys (ConfUtils.java:logGet(44)) - raft.server.log.appender.buffer.byte-limit = 33554432 (custom)
2021-03-17 02:10:45,968 [pool-301-thread-1] INFO  metrics.RatisMetrics (RatisMetrics.java:lambda$create$0(36)) - Creating Metrics Registry : ratis.log_worker.13cb06b2-640f-4fce-af7e-e16c133353a1@group-8392A6716DDC
2021-03-17 02:10:45,968 [pool-301-thread-1] INFO  server.RaftServerConfigKeys (ConfUtils.java:logGet(44)) - raft.server.log.segment.size.max = 1048576 (custom)
2021-03-17 02:10:45,969 [pool-301-thread-1] INFO  server.RaftServerConfigKeys (ConfUtils.java:logGet(44)) - raft.server.log.segment.cache.num.max = 2 (custom)
2021-03-17 02:10:45,969 [pool-301-thread-1] INFO  server.RaftServerConfigKeys (ConfUtils.java:logGet(44)) - raft.server.log.segment.cache.size.max = 200MB (=209715200) (default)
2021-03-17 02:10:45,969 [pool-301-thread-1] INFO  segmented.SegmentedRaftLogWorker (SegmentedRaftLogWorker.java:<init>(181)) - new 13cb06b2-640f-4fce-af7e-e16c133353a1@group-8392A6716DDC-SegmentedRaftLogWorker for RaftStorageImpl:Storage Directory /github/workspace/mnt/ozone/hadoop-ozone/integration-test/target/test-dir/MiniOzoneClusterImpl-5543d78b-3109-4325-8e4d-d24bfba87b26/datanode-6/data/ratis/9e161d5c-af13-4e41-81f9-8392a6716ddc
2021-03-17 02:10:45,969 [pool-301-thread-1] INFO  server.RaftServerConfigKeys (ConfUtils.java:logGet(44)) - raft.server.log.queue.byte-limit = 2147483647 (custom)
2021-03-17 02:10:45,969 [pool-301-thread-1] INFO  server.RaftServerConfigKeys (ConfUtils.java:logGet(44)) - raft.server.log.queue.element-limit = 1024 (custom)
2021-03-17 02:10:45,969 [pool-301-thread-1] INFO  server.RaftServerConfigKeys (ConfUtils.java:logGet(44)) - raft.server.log.segment.size.max = 1048576 (custom)
2021-03-17 02:10:45,969 [pool-301-thread-1] INFO  server.RaftServerConfigKeys (ConfUtils.java:logGet(44)) - raft.server.log.preallocated.size = 16384 (custom)
2021-03-17 02:10:45,969 [pool-301-thread-1] INFO  server.RaftServerConfigKeys (ConfUtils.java:logGet(44)) - raft.server.log.force.sync.num = 128 (default)
2021-03-17 02:10:45,969 [pool-301-thread-1] INFO  server.RaftServerConfigKeys (ConfUtils.java:logGet(44)) - raft.server.log.statemachine.data.sync = true (default)
2021-03-17 02:10:45,969 [pool-301-thread-1] INFO  server.RaftServerConfigKeys (ConfUtils.java:logGet(44)) - raft.server.log.statemachine.data.sync.timeout = 10s (default)
2021-03-17 02:10:45,970 [pool-301-thread-1] INFO  server.RaftServerConfigKeys (ConfUtils.java:logGet(44)) - raft.server.log.statemachine.data.sync.timeout.retry = -1 (default)
2021-03-17 02:10:45,971 [pool-301-thread-1] INFO  server.RaftServerConfigKeys (ConfUtils.java:logGet(44)) - raft.server.log.write.buffer.size = 1048576 (custom)
2021-03-17 02:10:45,972 [pool-301-thread-1] INFO  server.RaftServerConfigKeys (ConfUtils.java:logGet(44)) - raft.server.log.statemachine.data.caching.enabled = true (custom)
2021-03-17 02:10:45,972 [pool-301-thread-1] INFO  segmented.SegmentedRaftLogWorker (SegmentedRaftLogWorker.java:lambda$new$0(132)) - 13cb06b2-640f-4fce-af7e-e16c133353a1@group-8392A6716DDC-SegmentedRaftLogWorker: flushIndex: setUnconditionally 0 -> -1
2021-03-17 02:10:45,972 [pool-301-thread-1] INFO  segmented.SegmentedRaftLogWorker (SegmentedRaftLogWorker.java:lambda$new$0(132)) - 13cb06b2-640f-4fce-af7e-e16c133353a1@group-8392A6716DDC-SegmentedRaftLogWorker: safeCacheEvictIndex: setUnconditionally 0 -> -1
2021-03-17 02:10:45,977 [pool-301-thread-1] INFO  server.RaftServerConfigKeys (ConfUtils.java:logGet(44)) - raft.server.snapshot.auto.trigger.enabled = true (custom)
2021-03-17 02:10:45,977 [pool-301-thread-1] INFO  server.RaftServerConfigKeys (ConfUtils.java:logGet(44)) - raft.server.snapshot.auto.trigger.threshold = 10000 (custom)
2021-03-17 02:10:45,977 [pool-301-thread-1] INFO  server.RaftServerConfigKeys (ConfUtils.java:logGet(44)) - raft.server.snapshot.retention.file.num = 5 (custom)
2021-03-17 02:10:45,977 [pool-301-thread-1] INFO  server.RaftServerConfigKeys (ConfUtils.java:logGet(44)) - raft.server.log.purge.upto.snapshot.index = false (default)
2021-03-17 02:10:45,977 [pool-301-thread-1] INFO  server.RaftServerConfigKeys (ConfUtils.java:logGet(44)) - raft.server.retrycache.expirytime = 600000ms (custom)
2021-03-17 02:10:45,977 [pool-301-thread-1] INFO  server.RaftServerConfigKeys (ConfUtils.java:logGet(44)) - raft.server.retrycache.statistics.expirytime = 100?s (default)
2021-03-17 02:10:45,978 [pool-301-thread-1] INFO  metrics.RatisMetrics (RatisMetrics.java:lambda$create$0(36)) - Creating Metrics Registry : ratis.leader_election.13cb06b2-640f-4fce-af7e-e16c133353a1@group-8392A6716DDC
2021-03-17 02:10:45,978 [pool-301-thread-1] INFO  metrics.RatisMetrics (RatisMetrics.java:lambda$create$0(36)) - Creating Metrics Registry : ratis.server.13cb06b2-640f-4fce-af7e-e16c133353a1@group-8392A6716DDC
2021-03-17 02:10:45,979 [pool-301-thread-1] INFO  server.RaftServer$Division (RaftServerImpl.java:start(295)) - 13cb06b2-640f-4fce-af7e-e16c133353a1@group-8392A6716DDC: start as a follower, conf=-1: [c22503ba-573b-463b-9e1c-de44cfeb847d|rpc:172.17.0.2:34901|dataStream:|priority:1, 7be7a3ee-2c60-4daa-92d5-fce366cccc9d|rpc:172.17.0.2:39539|dataStream:|priority:0, 13cb06b2-640f-4fce-af7e-e16c133353a1|rpc:172.17.0.2:35095|dataStream:|priority:0], old=null
2021-03-17 02:10:45,979 [pool-301-thread-1] INFO  server.RaftServer$Division (RaftServerImpl.java:setRole(284)) - 13cb06b2-640f-4fce-af7e-e16c133353a1@group-8392A6716DDC: changes role from      null to FOLLOWER at term 0 for startAsFollower
2021-03-17 02:10:45,979 [pool-301-thread-1] INFO  impl.RoleInfo (RoleInfo.java:updateAndGet(130)) - 13cb06b2-640f-4fce-af7e-e16c133353a1: start 13cb06b2-640f-4fce-af7e-e16c133353a1@group-8392A6716DDC-FollowerState
2021-03-17 02:10:45,982 [pool-301-thread-1] INFO  util.JmxRegister (JmxRegister.java:tryRegister(44)) - Successfully registered JMX Bean with object name Ratis:service=RaftServer,group=group-8392A6716DDC,id=13cb06b2-640f-4fce-af7e-e16c133353a1
2021-03-17 02:10:45,982 [pool-301-thread-1] INFO  metrics.RatisMetrics (RatisMetrics.java:lambda$create$0(36)) - Creating Metrics Registry : ratis.state_machine.13cb06b2-640f-4fce-af7e-e16c133353a1@group-8392A6716DDC
2021-03-17 02:10:46,014 [Command processor thread] INFO  commandhandler.CreatePipelineCommandHandler (CreatePipelineCommandHandler.java:handle(106)) - Created Pipeline RATIS THREE PipelineID=9e161d5c-af13-4e41-81f9-8392a6716ddc.
2021-03-17 02:10:46,015 [Command processor thread] INFO  server.RaftServer (RaftServerProxy.java:addNew(95)) - 7be7a3ee-2c60-4daa-92d5-fce366cccc9d: addNew group-37052FC88D07:[c22503ba-573b-463b-9e1c-de44cfeb847d|rpc:172.17.0.2:34901|priority:0, 7be7a3ee-2c60-4daa-92d5-fce366cccc9d|rpc:172.17.0.2:39539|priority:1, 13cb06b2-640f-4fce-af7e-e16c133353a1|rpc:172.17.0.2:35095|priority:0] returns group-37052FC88D07:java.util.concurrent.CompletableFuture@52689790[Not completed]
2021-03-17 02:10:46,015 [pool-221-thread-1] INFO  server.RaftServer$Division (RaftServerImpl.java:<init>(180)) - 7be7a3ee-2c60-4daa-92d5-fce366cccc9d: new RaftServerImpl for group-37052FC88D07:[c22503ba-573b-463b-9e1c-de44cfeb847d|rpc:172.17.0.2:34901|priority:0, 7be7a3ee-2c60-4daa-92d5-fce366cccc9d|rpc:172.17.0.2:39539|priority:1, 13cb06b2-640f-4fce-af7e-e16c133353a1|rpc:172.17.0.2:35095|priority:0] with ContainerStateMachine:uninitialized
2021-03-17 02:10:46,015 [pool-221-thread-1] INFO  server.RaftServerConfigKeys (ConfUtils.java:logGet(44)) - raft.server.rpc.timeout.min = 5s (custom)
2021-03-17 02:10:46,016 [pool-221-thread-1] INFO  server.RaftServerConfigKeys (ConfUtils.java:logGet(44)) - raft.server.rpc.timeout.max = 5200ms (custom)
2021-03-17 02:10:46,016 [pool-221-thread-1] INFO  server.RaftServerConfigKeys (ConfUtils.java:logGet(44)) - raft.server.rpc.sleep.time = 25ms (default)
2021-03-17 02:10:46,016 [pool-221-thread-1] INFO  server.RaftServerConfigKeys (ConfUtils.java:logGet(44)) - raft.server.rpc.slowness.timeout = 300000ms (custom)
2021-03-17 02:10:46,016 [pool-221-thread-1] INFO  server.RaftServerConfigKeys (ConfUtils.java:logGet(44)) - raft.server.leaderelection.leader.step-down.wait-time = 10s (default)
2021-03-17 02:10:46,016 [pool-221-thread-1] INFO  server.RaftServerConfigKeys (ConfUtils.java:logGet(44)) - raft.server.sleep.deviation.threshold = 300ms (default)
2021-03-17 02:10:46,016 [pool-221-thread-1] INFO  server.RaftServerConfigKeys (ConfUtils.java:logGet(44)) - raft.server.log.appender.install.snapshot.enabled = false (custom)
2021-03-17 02:10:46,016 [pool-221-thread-1] INFO  server.RaftServer$Division (ServerState.java:<init>(105)) - 7be7a3ee-2c60-4daa-92d5-fce366cccc9d@group-37052FC88D07: ConfigurationManager, init=-1: [c22503ba-573b-463b-9e1c-de44cfeb847d|rpc:172.17.0.2:34901|priority:0, 7be7a3ee-2c60-4daa-92d5-fce366cccc9d|rpc:172.17.0.2:39539|priority:1, 13cb06b2-640f-4fce-af7e-e16c133353a1|rpc:172.17.0.2:35095|priority:0], old=null, confs=<EMPTY_MAP>
2021-03-17 02:10:46,016 [pool-221-thread-1] INFO  server.RaftServerConfigKeys (ConfUtils.java:logGet(44)) - raft.server.storage.dir = [/github/workspace/mnt/ozone/hadoop-ozone/integration-test/target/test-dir/MiniOzoneClusterImpl-5543d78b-3109-4325-8e4d-d24bfba87b26/datanode-1/data/ratis] (custom)
2021-03-17 02:10:46,016 [pool-221-thread-1] INFO  server.RaftServerConfigKeys (ConfUtils.java:logGet(44)) - raft.server.log.corruption.policy = EXCEPTION (default)
2021-03-17 02:10:46,016 [pool-221-thread-1] INFO  storage.RaftStorageDirectory (RaftStorageDirectoryImpl.java:analyzeStorage(132)) - The storage directory /github/workspace/mnt/ozone/hadoop-ozone/integration-test/target/test-dir/MiniOzoneClusterImpl-5543d78b-3109-4325-8e4d-d24bfba87b26/datanode-1/data/ratis/8e45f5d2-8210-4733-a569-37052fc88d07 does not exist. Creating ...
2021-03-17 02:10:46,018 [pool-221-thread-1] INFO  storage.RaftStorageDirectory (RaftStorageDirectoryImpl.java:tryLock(215)) - Lock on /github/workspace/mnt/ozone/hadoop-ozone/integration-test/target/test-dir/MiniOzoneClusterImpl-5543d78b-3109-4325-8e4d-d24bfba87b26/datanode-1/data/ratis/8e45f5d2-8210-4733-a569-37052fc88d07/in_use.lock acquired by nodename 11586@70ca58e12b9b
2021-03-17 02:10:46,019 [pool-221-thread-1] INFO  storage.RaftStorage (RaftStorageImpl.java:format(87)) - Storage directory /github/workspace/mnt/ozone/hadoop-ozone/integration-test/target/test-dir/MiniOzoneClusterImpl-5543d78b-3109-4325-8e4d-d24bfba87b26/datanode-1/data/ratis/8e45f5d2-8210-4733-a569-37052fc88d07 has been successfully formatted.
2021-03-17 02:10:46,020 [pool-221-thread-1] INFO  ratis.ContainerStateMachine (ContainerStateMachine.java:loadSnapshot(223)) - group-37052FC88D07: The snapshot info is null. Setting the last applied indexto:(t:0, i:~)
2021-03-17 02:10:46,020 [pool-221-thread-1] ERROR storage.RaftStorage (RaftStorageImpl.java:readRaftConfiguration(147)) - Failed reading configuration from file:/github/workspace/mnt/ozone/hadoop-ozone/integration-test/target/test-dir/MiniOzoneClusterImpl-5543d78b-3109-4325-8e4d-d24bfba87b26/datanode-1/data/ratis/8e45f5d2-8210-4733-a569-37052fc88d07/current/raft-meta.conf
java.io.FileNotFoundException: /github/workspace/mnt/ozone/hadoop-ozone/integration-test/target/test-dir/MiniOzoneClusterImpl-5543d78b-3109-4325-8e4d-d24bfba87b26/datanode-1/data/ratis/8e45f5d2-8210-4733-a569-37052fc88d07/current/raft-meta.conf (No such file or directory)
	at java.io.FileInputStream.open0(Native Method)
	at java.io.FileInputStream.open(FileInputStream.java:195)
	at java.io.FileInputStream.<init>(FileInputStream.java:138)
	at org.apache.ratis.server.storage.RaftStorageImpl.readRaftConfiguration(RaftStorageImpl.java:143)
	at org.apache.ratis.server.impl.ServerState.<init>(ServerState.java:122)
	at org.apache.ratis.server.impl.RaftServerImpl.<init>(RaftServerImpl.java:193)
	at org.apache.ratis.server.impl.RaftServerProxy.lambda$newRaftServerImpl$4(RaftServerProxy.java:266)
	at java.util.concurrent.CompletableFuture$AsyncSupply.run(CompletableFuture.java:1604)
	at java.util.concurrent.ThreadPoolExecutor.runWorker(ThreadPoolExecutor.java:1149)
	at java.util.concurrent.ThreadPoolExecutor$Worker.run(ThreadPoolExecutor.java:624)
	at java.lang.Thread.run(Thread.java:748)
2021-03-17 02:10:46,020 [pool-221-thread-1] INFO  server.RaftServerConfigKeys (ConfUtils.java:logGet(44)) - raft.server.notification.no-leader.timeout = 300000ms (custom)
2021-03-17 02:10:46,020 [pool-221-thread-1] INFO  server.RaftServerConfigKeys (ConfUtils.java:logGet(44)) - raft.server.log.use.memory = false (default)
2021-03-17 02:10:46,020 [pool-221-thread-1] INFO  server.RaftServerConfigKeys (ConfUtils.java:logGet(44)) - raft.server.log.purge.gap = 1000000 (custom)
2021-03-17 02:10:46,020 [pool-221-thread-1] INFO  server.RaftServerConfigKeys (ConfUtils.java:logGet(44)) - raft.server.log.appender.buffer.byte-limit = 33554432 (custom)
2021-03-17 02:10:46,020 [pool-221-thread-1] INFO  metrics.RatisMetrics (RatisMetrics.java:lambda$create$0(36)) - Creating Metrics Registry : ratis.log_worker.7be7a3ee-2c60-4daa-92d5-fce366cccc9d@group-37052FC88D07
2021-03-17 02:10:46,020 [pool-221-thread-1] INFO  server.RaftServerConfigKeys (ConfUtils.java:logGet(44)) - raft.server.log.segment.size.max = 1048576 (custom)
2021-03-17 02:10:46,021 [pool-221-thread-1] INFO  server.RaftServerConfigKeys (ConfUtils.java:logGet(44)) - raft.server.log.segment.cache.num.max = 2 (custom)
2021-03-17 02:10:46,021 [pool-221-thread-1] INFO  server.RaftServerConfigKeys (ConfUtils.java:logGet(44)) - raft.server.log.segment.cache.size.max = 200MB (=209715200) (default)
2021-03-17 02:10:46,021 [pool-221-thread-1] INFO  segmented.SegmentedRaftLogWorker (SegmentedRaftLogWorker.java:<init>(181)) - new 7be7a3ee-2c60-4daa-92d5-fce366cccc9d@group-37052FC88D07-SegmentedRaftLogWorker for RaftStorageImpl:Storage Directory /github/workspace/mnt/ozone/hadoop-ozone/integration-test/target/test-dir/MiniOzoneClusterImpl-5543d78b-3109-4325-8e4d-d24bfba87b26/datanode-1/data/ratis/8e45f5d2-8210-4733-a569-37052fc88d07
2021-03-17 02:10:46,021 [pool-221-thread-1] INFO  server.RaftServerConfigKeys (ConfUtils.java:logGet(44)) - raft.server.log.queue.byte-limit = 2147483647 (custom)
2021-03-17 02:10:46,021 [pool-221-thread-1] INFO  server.RaftServerConfigKeys (ConfUtils.java:logGet(44)) - raft.server.log.queue.element-limit = 1024 (custom)
2021-03-17 02:10:46,021 [pool-221-thread-1] INFO  server.RaftServerConfigKeys (ConfUtils.java:logGet(44)) - raft.server.log.segment.size.max = 1048576 (custom)
2021-03-17 02:10:46,021 [pool-221-thread-1] INFO  server.RaftServerConfigKeys (ConfUtils.java:logGet(44)) - raft.server.log.preallocated.size = 16384 (custom)
2021-03-17 02:10:46,021 [pool-221-thread-1] INFO  server.RaftServerConfigKeys (ConfUtils.java:logGet(44)) - raft.server.log.force.sync.num = 128 (default)
2021-03-17 02:10:46,021 [pool-221-thread-1] INFO  server.RaftServerConfigKeys (ConfUtils.java:logGet(44)) - raft.server.log.statemachine.data.sync = true (default)
2021-03-17 02:10:46,021 [pool-221-thread-1] INFO  server.RaftServerConfigKeys (ConfUtils.java:logGet(44)) - raft.server.log.statemachine.data.sync.timeout = 10s (default)
2021-03-17 02:10:46,021 [pool-221-thread-1] INFO  server.RaftServerConfigKeys (ConfUtils.java:logGet(44)) - raft.server.log.statemachine.data.sync.timeout.retry = -1 (default)
2021-03-17 02:10:46,023 [pool-221-thread-1] INFO  server.RaftServerConfigKeys (ConfUtils.java:logGet(44)) - raft.server.log.write.buffer.size = 1048576 (custom)
2021-03-17 02:10:46,024 [pool-221-thread-1] INFO  server.RaftServerConfigKeys (ConfUtils.java:logGet(44)) - raft.server.log.statemachine.data.caching.enabled = true (custom)
2021-03-17 02:10:46,024 [pool-221-thread-1] INFO  segmented.SegmentedRaftLogWorker (SegmentedRaftLogWorker.java:lambda$new$0(132)) - 7be7a3ee-2c60-4daa-92d5-fce366cccc9d@group-37052FC88D07-SegmentedRaftLogWorker: flushIndex: setUnconditionally 0 -> -1
2021-03-17 02:10:46,024 [pool-221-thread-1] INFO  segmented.SegmentedRaftLogWorker (SegmentedRaftLogWorker.java:lambda$new$0(132)) - 7be7a3ee-2c60-4daa-92d5-fce366cccc9d@group-37052FC88D07-SegmentedRaftLogWorker: safeCacheEvictIndex: setUnconditionally 0 -> -1
2021-03-17 02:10:46,024 [pool-221-thread-1] INFO  server.RaftServerConfigKeys (ConfUtils.java:logGet(44)) - raft.server.snapshot.auto.trigger.enabled = true (custom)
2021-03-17 02:10:46,024 [pool-221-thread-1] INFO  server.RaftServerConfigKeys (ConfUtils.java:logGet(44)) - raft.server.snapshot.auto.trigger.threshold = 10000 (custom)
2021-03-17 02:10:46,024 [pool-221-thread-1] INFO  server.RaftServerConfigKeys (ConfUtils.java:logGet(44)) - raft.server.snapshot.retention.file.num = 5 (custom)
2021-03-17 02:10:46,025 [pool-221-thread-1] INFO  server.RaftServerConfigKeys (ConfUtils.java:logGet(44)) - raft.server.log.purge.upto.snapshot.index = false (default)
2021-03-17 02:10:46,025 [pool-221-thread-1] INFO  server.RaftServerConfigKeys (ConfUtils.java:logGet(44)) - raft.server.retrycache.expirytime = 600000ms (custom)
2021-03-17 02:10:46,025 [pool-221-thread-1] INFO  server.RaftServerConfigKeys (ConfUtils.java:logGet(44)) - raft.server.retrycache.statistics.expirytime = 100?s (default)
2021-03-17 02:10:46,025 [pool-221-thread-1] INFO  metrics.RatisMetrics (RatisMetrics.java:lambda$create$0(36)) - Creating Metrics Registry : ratis.leader_election.7be7a3ee-2c60-4daa-92d5-fce366cccc9d@group-37052FC88D07
2021-03-17 02:10:46,025 [pool-221-thread-1] INFO  metrics.RatisMetrics (RatisMetrics.java:lambda$create$0(36)) - Creating Metrics Registry : ratis.server.7be7a3ee-2c60-4daa-92d5-fce366cccc9d@group-37052FC88D07
2021-03-17 02:10:46,026 [pool-221-thread-1] INFO  server.RaftServer$Division (RaftServerImpl.java:start(295)) - 7be7a3ee-2c60-4daa-92d5-fce366cccc9d@group-37052FC88D07: start as a follower, conf=-1: [c22503ba-573b-463b-9e1c-de44cfeb847d|rpc:172.17.0.2:34901|priority:0, 7be7a3ee-2c60-4daa-92d5-fce366cccc9d|rpc:172.17.0.2:39539|priority:1, 13cb06b2-640f-4fce-af7e-e16c133353a1|rpc:172.17.0.2:35095|priority:0], old=null
2021-03-17 02:10:46,026 [pool-221-thread-1] INFO  server.RaftServer$Division (RaftServerImpl.java:setRole(284)) - 7be7a3ee-2c60-4daa-92d5-fce366cccc9d@group-37052FC88D07: changes role from      null to FOLLOWER at term 0 for startAsFollower
2021-03-17 02:10:46,026 [pool-221-thread-1] INFO  impl.RoleInfo (RoleInfo.java:updateAndGet(130)) - 7be7a3ee-2c60-4daa-92d5-fce366cccc9d: start 7be7a3ee-2c60-4daa-92d5-fce366cccc9d@group-37052FC88D07-FollowerState
2021-03-17 02:10:46,026 [pool-221-thread-1] INFO  util.JmxRegister (JmxRegister.java:tryRegister(44)) - Successfully registered JMX Bean with object name Ratis:service=RaftServer,group=group-37052FC88D07,id=7be7a3ee-2c60-4daa-92d5-fce366cccc9d
2021-03-17 02:10:46,026 [pool-221-thread-1] INFO  metrics.RatisMetrics (RatisMetrics.java:lambda$create$0(36)) - Creating Metrics Registry : ratis.state_machine.7be7a3ee-2c60-4daa-92d5-fce366cccc9d@group-37052FC88D07
2021-03-17 02:10:46,027 [Command processor thread] INFO  metrics.RatisMetrics (RatisMetrics.java:lambda$create$0(36)) - Creating Metrics Registry : ratis.client_message_metrics.client-1B2E13386BBA->c22503ba-573b-463b-9e1c-de44cfeb847d
2021-03-17 02:10:46,033 [grpc-default-executor-5] INFO  server.RaftServer (RaftServerProxy.java:addNew(95)) - c22503ba-573b-463b-9e1c-de44cfeb847d: addNew group-37052FC88D07:[c22503ba-573b-463b-9e1c-de44cfeb847d|rpc:172.17.0.2:34901|dataStream:|priority:0, 7be7a3ee-2c60-4daa-92d5-fce366cccc9d|rpc:172.17.0.2:39539|dataStream:|priority:1, 13cb06b2-640f-4fce-af7e-e16c133353a1|rpc:172.17.0.2:35095|dataStream:|priority:0] returns group-37052FC88D07:java.util.concurrent.CompletableFuture@3e5686fe[Not completed]
2021-03-17 02:10:46,033 [pool-205-thread-1] INFO  server.RaftServer$Division (RaftServerImpl.java:<init>(180)) - c22503ba-573b-463b-9e1c-de44cfeb847d: new RaftServerImpl for group-37052FC88D07:[c22503ba-573b-463b-9e1c-de44cfeb847d|rpc:172.17.0.2:34901|dataStream:|priority:0, 7be7a3ee-2c60-4daa-92d5-fce366cccc9d|rpc:172.17.0.2:39539|dataStream:|priority:1, 13cb06b2-640f-4fce-af7e-e16c133353a1|rpc:172.17.0.2:35095|dataStream:|priority:0] with ContainerStateMachine:uninitialized
2021-03-17 02:10:46,033 [pool-205-thread-1] INFO  server.RaftServerConfigKeys (ConfUtils.java:logGet(44)) - raft.server.rpc.timeout.min = 5s (custom)
2021-03-17 02:10:46,033 [pool-205-thread-1] INFO  server.RaftServerConfigKeys (ConfUtils.java:logGet(44)) - raft.server.rpc.timeout.max = 5200ms (custom)
2021-03-17 02:10:46,033 [pool-205-thread-1] INFO  server.RaftServerConfigKeys (ConfUtils.java:logGet(44)) - raft.server.rpc.sleep.time = 25ms (default)
2021-03-17 02:10:46,033 [pool-205-thread-1] INFO  server.RaftServerConfigKeys (ConfUtils.java:logGet(44)) - raft.server.rpc.slowness.timeout = 300000ms (custom)
2021-03-17 02:10:46,034 [pool-205-thread-1] INFO  server.RaftServerConfigKeys (ConfUtils.java:logGet(44)) - raft.server.leaderelection.leader.step-down.wait-time = 10s (default)
2021-03-17 02:10:46,034 [pool-205-thread-1] INFO  server.RaftServerConfigKeys (ConfUtils.java:logGet(44)) - raft.server.sleep.deviation.threshold = 300ms (default)
2021-03-17 02:10:46,034 [pool-205-thread-1] INFO  server.RaftServerConfigKeys (ConfUtils.java:logGet(44)) - raft.server.log.appender.install.snapshot.enabled = false (custom)
2021-03-17 02:10:46,034 [pool-205-thread-1] INFO  server.RaftServer$Division (ServerState.java:<init>(105)) - c22503ba-573b-463b-9e1c-de44cfeb847d@group-37052FC88D07: ConfigurationManager, init=-1: [c22503ba-573b-463b-9e1c-de44cfeb847d|rpc:172.17.0.2:34901|dataStream:|priority:0, 7be7a3ee-2c60-4daa-92d5-fce366cccc9d|rpc:172.17.0.2:39539|dataStream:|priority:1, 13cb06b2-640f-4fce-af7e-e16c133353a1|rpc:172.17.0.2:35095|dataStream:|priority:0], old=null, confs=<EMPTY_MAP>
2021-03-17 02:10:46,034 [pool-205-thread-1] INFO  server.RaftServerConfigKeys (ConfUtils.java:logGet(44)) - raft.server.storage.dir = [/github/workspace/mnt/ozone/hadoop-ozone/integration-test/target/test-dir/MiniOzoneClusterImpl-5543d78b-3109-4325-8e4d-d24bfba87b26/datanode-0/data/ratis] (custom)
2021-03-17 02:10:46,034 [pool-205-thread-1] INFO  server.RaftServerConfigKeys (ConfUtils.java:logGet(44)) - raft.server.log.corruption.policy = EXCEPTION (default)
2021-03-17 02:10:46,034 [pool-205-thread-1] INFO  storage.RaftStorageDirectory (RaftStorageDirectoryImpl.java:analyzeStorage(132)) - The storage directory /github/workspace/mnt/ozone/hadoop-ozone/integration-test/target/test-dir/MiniOzoneClusterImpl-5543d78b-3109-4325-8e4d-d24bfba87b26/datanode-0/data/ratis/8e45f5d2-8210-4733-a569-37052fc88d07 does not exist. Creating ...
2021-03-17 02:10:46,035 [pool-205-thread-1] INFO  storage.RaftStorageDirectory (RaftStorageDirectoryImpl.java:tryLock(215)) - Lock on /github/workspace/mnt/ozone/hadoop-ozone/integration-test/target/test-dir/MiniOzoneClusterImpl-5543d78b-3109-4325-8e4d-d24bfba87b26/datanode-0/data/ratis/8e45f5d2-8210-4733-a569-37052fc88d07/in_use.lock acquired by nodename 11586@70ca58e12b9b
2021-03-17 02:10:46,036 [pool-205-thread-1] INFO  storage.RaftStorage (RaftStorageImpl.java:format(87)) - Storage directory /github/workspace/mnt/ozone/hadoop-ozone/integration-test/target/test-dir/MiniOzoneClusterImpl-5543d78b-3109-4325-8e4d-d24bfba87b26/datanode-0/data/ratis/8e45f5d2-8210-4733-a569-37052fc88d07 has been successfully formatted.
2021-03-17 02:10:46,036 [pool-205-thread-1] INFO  ratis.ContainerStateMachine (ContainerStateMachine.java:loadSnapshot(223)) - group-37052FC88D07: The snapshot info is null. Setting the last applied indexto:(t:0, i:~)
2021-03-17 02:10:46,036 [pool-205-thread-1] ERROR storage.RaftStorage (RaftStorageImpl.java:readRaftConfiguration(147)) - Failed reading configuration from file:/github/workspace/mnt/ozone/hadoop-ozone/integration-test/target/test-dir/MiniOzoneClusterImpl-5543d78b-3109-4325-8e4d-d24bfba87b26/datanode-0/data/ratis/8e45f5d2-8210-4733-a569-37052fc88d07/current/raft-meta.conf
java.io.FileNotFoundException: /github/workspace/mnt/ozone/hadoop-ozone/integration-test/target/test-dir/MiniOzoneClusterImpl-5543d78b-3109-4325-8e4d-d24bfba87b26/datanode-0/data/ratis/8e45f5d2-8210-4733-a569-37052fc88d07/current/raft-meta.conf (No such file or directory)
	at java.io.FileInputStream.open0(Native Method)
	at java.io.FileInputStream.open(FileInputStream.java:195)
	at java.io.FileInputStream.<init>(FileInputStream.java:138)
	at org.apache.ratis.server.storage.RaftStorageImpl.readRaftConfiguration(RaftStorageImpl.java:143)
	at org.apache.ratis.server.impl.ServerState.<init>(ServerState.java:122)
	at org.apache.ratis.server.impl.RaftServerImpl.<init>(RaftServerImpl.java:193)
	at org.apache.ratis.server.impl.RaftServerProxy.lambda$newRaftServerImpl$4(RaftServerProxy.java:266)
	at java.util.concurrent.CompletableFuture$AsyncSupply.run(CompletableFuture.java:1604)
	at java.util.concurrent.ThreadPoolExecutor.runWorker(ThreadPoolExecutor.java:1149)
	at java.util.concurrent.ThreadPoolExecutor$Worker.run(ThreadPoolExecutor.java:624)
	at java.lang.Thread.run(Thread.java:748)
2021-03-17 02:10:46,037 [pool-205-thread-1] INFO  server.RaftServerConfigKeys (ConfUtils.java:logGet(44)) - raft.server.notification.no-leader.timeout = 300000ms (custom)
2021-03-17 02:10:46,037 [pool-205-thread-1] INFO  server.RaftServerConfigKeys (ConfUtils.java:logGet(44)) - raft.server.log.use.memory = false (default)
2021-03-17 02:10:46,037 [pool-205-thread-1] INFO  server.RaftServerConfigKeys (ConfUtils.java:logGet(44)) - raft.server.log.purge.gap = 1000000 (custom)
2021-03-17 02:10:46,037 [pool-205-thread-1] INFO  server.RaftServerConfigKeys (ConfUtils.java:logGet(44)) - raft.server.log.appender.buffer.byte-limit = 33554432 (custom)
2021-03-17 02:10:46,037 [pool-205-thread-1] INFO  metrics.RatisMetrics (RatisMetrics.java:lambda$create$0(36)) - Creating Metrics Registry : ratis.log_worker.c22503ba-573b-463b-9e1c-de44cfeb847d@group-37052FC88D07
2021-03-17 02:10:46,037 [pool-205-thread-1] INFO  server.RaftServerConfigKeys (ConfUtils.java:logGet(44)) - raft.server.log.segment.size.max = 1048576 (custom)
2021-03-17 02:10:46,037 [pool-205-thread-1] INFO  server.RaftServerConfigKeys (ConfUtils.java:logGet(44)) - raft.server.log.segment.cache.num.max = 2 (custom)
2021-03-17 02:10:46,037 [pool-205-thread-1] INFO  server.RaftServerConfigKeys (ConfUtils.java:logGet(44)) - raft.server.log.segment.cache.size.max = 200MB (=209715200) (default)
2021-03-17 02:10:46,037 [pool-205-thread-1] INFO  segmented.SegmentedRaftLogWorker (SegmentedRaftLogWorker.java:<init>(181)) - new c22503ba-573b-463b-9e1c-de44cfeb847d@group-37052FC88D07-SegmentedRaftLogWorker for RaftStorageImpl:Storage Directory /github/workspace/mnt/ozone/hadoop-ozone/integration-test/target/test-dir/MiniOzoneClusterImpl-5543d78b-3109-4325-8e4d-d24bfba87b26/datanode-0/data/ratis/8e45f5d2-8210-4733-a569-37052fc88d07
2021-03-17 02:10:46,037 [pool-205-thread-1] INFO  server.RaftServerConfigKeys (ConfUtils.java:logGet(44)) - raft.server.log.queue.byte-limit = 2147483647 (custom)
2021-03-17 02:10:46,037 [pool-205-thread-1] INFO  server.RaftServerConfigKeys (ConfUtils.java:logGet(44)) - raft.server.log.queue.element-limit = 1024 (custom)
2021-03-17 02:10:46,038 [pool-205-thread-1] INFO  server.RaftServerConfigKeys (ConfUtils.java:logGet(44)) - raft.server.log.segment.size.max = 1048576 (custom)
2021-03-17 02:10:46,038 [pool-205-thread-1] INFO  server.RaftServerConfigKeys (ConfUtils.java:logGet(44)) - raft.server.log.preallocated.size = 16384 (custom)
2021-03-17 02:10:46,038 [pool-205-thread-1] INFO  server.RaftServerConfigKeys (ConfUtils.java:logGet(44)) - raft.server.log.force.sync.num = 128 (default)
2021-03-17 02:10:46,038 [pool-205-thread-1] INFO  server.RaftServerConfigKeys (ConfUtils.java:logGet(44)) - raft.server.log.statemachine.data.sync = true (default)
2021-03-17 02:10:46,038 [pool-205-thread-1] INFO  server.RaftServerConfigKeys (ConfUtils.java:logGet(44)) - raft.server.log.statemachine.data.sync.timeout = 10s (default)
2021-03-17 02:10:46,038 [pool-205-thread-1] INFO  server.RaftServerConfigKeys (ConfUtils.java:logGet(44)) - raft.server.log.statemachine.data.sync.timeout.retry = -1 (default)
2021-03-17 02:10:46,039 [pool-205-thread-1] INFO  server.RaftServerConfigKeys (ConfUtils.java:logGet(44)) - raft.server.log.write.buffer.size = 1048576 (custom)
2021-03-17 02:10:46,040 [pool-205-thread-1] INFO  server.RaftServerConfigKeys (ConfUtils.java:logGet(44)) - raft.server.log.statemachine.data.caching.enabled = true (custom)
2021-03-17 02:10:46,040 [pool-205-thread-1] INFO  segmented.SegmentedRaftLogWorker (SegmentedRaftLogWorker.java:lambda$new$0(132)) - c22503ba-573b-463b-9e1c-de44cfeb847d@group-37052FC88D07-SegmentedRaftLogWorker: flushIndex: setUnconditionally 0 -> -1
2021-03-17 02:10:46,040 [pool-205-thread-1] INFO  segmented.SegmentedRaftLogWorker (SegmentedRaftLogWorker.java:lambda$new$0(132)) - c22503ba-573b-463b-9e1c-de44cfeb847d@group-37052FC88D07-SegmentedRaftLogWorker: safeCacheEvictIndex: setUnconditionally 0 -> -1
2021-03-17 02:10:46,050 [pool-205-thread-1] INFO  server.RaftServerConfigKeys (ConfUtils.java:logGet(44)) - raft.server.snapshot.auto.trigger.enabled = true (custom)
2021-03-17 02:10:46,050 [pool-205-thread-1] INFO  server.RaftServerConfigKeys (ConfUtils.java:logGet(44)) - raft.server.snapshot.auto.trigger.threshold = 10000 (custom)
2021-03-17 02:10:46,050 [pool-205-thread-1] INFO  server.RaftServerConfigKeys (ConfUtils.java:logGet(44)) - raft.server.snapshot.retention.file.num = 5 (custom)
2021-03-17 02:10:46,050 [pool-205-thread-1] INFO  server.RaftServerConfigKeys (ConfUtils.java:logGet(44)) - raft.server.log.purge.upto.snapshot.index = false (default)
2021-03-17 02:10:46,050 [pool-205-thread-1] INFO  server.RaftServerConfigKeys (ConfUtils.java:logGet(44)) - raft.server.retrycache.expirytime = 600000ms (custom)
2021-03-17 02:10:46,050 [pool-205-thread-1] INFO  server.RaftServerConfigKeys (ConfUtils.java:logGet(44)) - raft.server.retrycache.statistics.expirytime = 100?s (default)
2021-03-17 02:10:46,050 [pool-205-thread-1] INFO  metrics.RatisMetrics (RatisMetrics.java:lambda$create$0(36)) - Creating Metrics Registry : ratis.leader_election.c22503ba-573b-463b-9e1c-de44cfeb847d@group-37052FC88D07
2021-03-17 02:10:46,051 [pool-205-thread-1] INFO  metrics.RatisMetrics (RatisMetrics.java:lambda$create$0(36)) - Creating Metrics Registry : ratis.server.c22503ba-573b-463b-9e1c-de44cfeb847d@group-37052FC88D07
2021-03-17 02:10:46,051 [pool-205-thread-1] INFO  server.RaftServer$Division (RaftServerImpl.java:start(295)) - c22503ba-573b-463b-9e1c-de44cfeb847d@group-37052FC88D07: start as a follower, conf=-1: [c22503ba-573b-463b-9e1c-de44cfeb847d|rpc:172.17.0.2:34901|dataStream:|priority:0, 7be7a3ee-2c60-4daa-92d5-fce366cccc9d|rpc:172.17.0.2:39539|dataStream:|priority:1, 13cb06b2-640f-4fce-af7e-e16c133353a1|rpc:172.17.0.2:35095|dataStream:|priority:0], old=null
2021-03-17 02:10:46,051 [pool-205-thread-1] INFO  server.RaftServer$Division (RaftServerImpl.java:setRole(284)) - c22503ba-573b-463b-9e1c-de44cfeb847d@group-37052FC88D07: changes role from      null to FOLLOWER at term 0 for startAsFollower
2021-03-17 02:10:46,051 [pool-205-thread-1] INFO  impl.RoleInfo (RoleInfo.java:updateAndGet(130)) - c22503ba-573b-463b-9e1c-de44cfeb847d: start c22503ba-573b-463b-9e1c-de44cfeb847d@group-37052FC88D07-FollowerState
2021-03-17 02:10:46,052 [pool-205-thread-1] INFO  util.JmxRegister (JmxRegister.java:tryRegister(44)) - Successfully registered JMX Bean with object name Ratis:service=RaftServer,group=group-37052FC88D07,id=c22503ba-573b-463b-9e1c-de44cfeb847d
2021-03-17 02:10:46,052 [pool-205-thread-1] INFO  metrics.RatisMetrics (RatisMetrics.java:lambda$create$0(36)) - Creating Metrics Registry : ratis.state_machine.c22503ba-573b-463b-9e1c-de44cfeb847d@group-37052FC88D07
2021-03-17 02:10:46,067 [Command processor thread] INFO  metrics.RatisMetrics (RatisMetrics.java:lambda$create$0(36)) - Creating Metrics Registry : ratis.client_message_metrics.client-997FE708F698->13cb06b2-640f-4fce-af7e-e16c133353a1
2021-03-17 02:10:46,072 [grpc-default-executor-5] INFO  server.RaftServer (RaftServerProxy.java:addNew(95)) - 13cb06b2-640f-4fce-af7e-e16c133353a1: addNew group-37052FC88D07:[c22503ba-573b-463b-9e1c-de44cfeb847d|rpc:172.17.0.2:34901|dataStream:|priority:0, 7be7a3ee-2c60-4daa-92d5-fce366cccc9d|rpc:172.17.0.2:39539|dataStream:|priority:1, 13cb06b2-640f-4fce-af7e-e16c133353a1|rpc:172.17.0.2:35095|dataStream:|priority:0] returns group-37052FC88D07:java.util.concurrent.CompletableFuture@7629db8e[Not completed]
2021-03-17 02:10:46,072 [pool-301-thread-1] INFO  server.RaftServer$Division (RaftServerImpl.java:<init>(180)) - 13cb06b2-640f-4fce-af7e-e16c133353a1: new RaftServerImpl for group-37052FC88D07:[c22503ba-573b-463b-9e1c-de44cfeb847d|rpc:172.17.0.2:34901|dataStream:|priority:0, 7be7a3ee-2c60-4daa-92d5-fce366cccc9d|rpc:172.17.0.2:39539|dataStream:|priority:1, 13cb06b2-640f-4fce-af7e-e16c133353a1|rpc:172.17.0.2:35095|dataStream:|priority:0] with ContainerStateMachine:uninitialized
2021-03-17 02:10:46,072 [pool-301-thread-1] INFO  server.RaftServerConfigKeys (ConfUtils.java:logGet(44)) - raft.server.rpc.timeout.min = 5s (custom)
2021-03-17 02:10:46,072 [pool-301-thread-1] INFO  server.RaftServerConfigKeys (ConfUtils.java:logGet(44)) - raft.server.rpc.timeout.max = 5200ms (custom)
2021-03-17 02:10:46,072 [pool-301-thread-1] INFO  server.RaftServerConfigKeys (ConfUtils.java:logGet(44)) - raft.server.rpc.sleep.time = 25ms (default)
2021-03-17 02:10:46,073 [pool-301-thread-1] INFO  server.RaftServerConfigKeys (ConfUtils.java:logGet(44)) - raft.server.rpc.slowness.timeout = 300000ms (custom)
2021-03-17 02:10:46,073 [pool-301-thread-1] INFO  server.RaftServerConfigKeys (ConfUtils.java:logGet(44)) - raft.server.leaderelection.leader.step-down.wait-time = 10s (default)
2021-03-17 02:10:46,073 [pool-301-thread-1] INFO  server.RaftServerConfigKeys (ConfUtils.java:logGet(44)) - raft.server.sleep.deviation.threshold = 300ms (default)
2021-03-17 02:10:46,073 [pool-301-thread-1] INFO  server.RaftServerConfigKeys (ConfUtils.java:logGet(44)) - raft.server.log.appender.install.snapshot.enabled = false (custom)
2021-03-17 02:10:46,073 [pool-301-thread-1] INFO  server.RaftServer$Division (ServerState.java:<init>(105)) - 13cb06b2-640f-4fce-af7e-e16c133353a1@group-37052FC88D07: ConfigurationManager, init=-1: [c22503ba-573b-463b-9e1c-de44cfeb847d|rpc:172.17.0.2:34901|dataStream:|priority:0, 7be7a3ee-2c60-4daa-92d5-fce366cccc9d|rpc:172.17.0.2:39539|dataStream:|priority:1, 13cb06b2-640f-4fce-af7e-e16c133353a1|rpc:172.17.0.2:35095|dataStream:|priority:0], old=null, confs=<EMPTY_MAP>
2021-03-17 02:10:46,073 [pool-301-thread-1] INFO  server.RaftServerConfigKeys (ConfUtils.java:logGet(44)) - raft.server.storage.dir = [/github/workspace/mnt/ozone/hadoop-ozone/integration-test/target/test-dir/MiniOzoneClusterImpl-5543d78b-3109-4325-8e4d-d24bfba87b26/datanode-6/data/ratis] (custom)
2021-03-17 02:10:46,073 [pool-301-thread-1] INFO  server.RaftServerConfigKeys (ConfUtils.java:logGet(44)) - raft.server.log.corruption.policy = EXCEPTION (default)
2021-03-17 02:10:46,073 [pool-301-thread-1] INFO  storage.RaftStorageDirectory (RaftStorageDirectoryImpl.java:analyzeStorage(132)) - The storage directory /github/workspace/mnt/ozone/hadoop-ozone/integration-test/target/test-dir/MiniOzoneClusterImpl-5543d78b-3109-4325-8e4d-d24bfba87b26/datanode-6/data/ratis/8e45f5d2-8210-4733-a569-37052fc88d07 does not exist. Creating ...
2021-03-17 02:10:46,074 [pool-301-thread-1] INFO  storage.RaftStorageDirectory (RaftStorageDirectoryImpl.java:tryLock(215)) - Lock on /github/workspace/mnt/ozone/hadoop-ozone/integration-test/target/test-dir/MiniOzoneClusterImpl-5543d78b-3109-4325-8e4d-d24bfba87b26/datanode-6/data/ratis/8e45f5d2-8210-4733-a569-37052fc88d07/in_use.lock acquired by nodename 11586@70ca58e12b9b
2021-03-17 02:10:46,075 [pool-301-thread-1] INFO  storage.RaftStorage (RaftStorageImpl.java:format(87)) - Storage directory /github/workspace/mnt/ozone/hadoop-ozone/integration-test/target/test-dir/MiniOzoneClusterImpl-5543d78b-3109-4325-8e4d-d24bfba87b26/datanode-6/data/ratis/8e45f5d2-8210-4733-a569-37052fc88d07 has been successfully formatted.
2021-03-17 02:10:46,076 [pool-301-thread-1] INFO  ratis.ContainerStateMachine (ContainerStateMachine.java:loadSnapshot(223)) - group-37052FC88D07: The snapshot info is null. Setting the last applied indexto:(t:0, i:~)
2021-03-17 02:10:46,076 [pool-301-thread-1] ERROR storage.RaftStorage (RaftStorageImpl.java:readRaftConfiguration(147)) - Failed reading configuration from file:/github/workspace/mnt/ozone/hadoop-ozone/integration-test/target/test-dir/MiniOzoneClusterImpl-5543d78b-3109-4325-8e4d-d24bfba87b26/datanode-6/data/ratis/8e45f5d2-8210-4733-a569-37052fc88d07/current/raft-meta.conf
java.io.FileNotFoundException: /github/workspace/mnt/ozone/hadoop-ozone/integration-test/target/test-dir/MiniOzoneClusterImpl-5543d78b-3109-4325-8e4d-d24bfba87b26/datanode-6/data/ratis/8e45f5d2-8210-4733-a569-37052fc88d07/current/raft-meta.conf (No such file or directory)
	at java.io.FileInputStream.open0(Native Method)
	at java.io.FileInputStream.open(FileInputStream.java:195)
	at java.io.FileInputStream.<init>(FileInputStream.java:138)
	at org.apache.ratis.server.storage.RaftStorageImpl.readRaftConfiguration(RaftStorageImpl.java:143)
	at org.apache.ratis.server.impl.ServerState.<init>(ServerState.java:122)
	at org.apache.ratis.server.impl.RaftServerImpl.<init>(RaftServerImpl.java:193)
	at org.apache.ratis.server.impl.RaftServerProxy.lambda$newRaftServerImpl$4(RaftServerProxy.java:266)
	at java.util.concurrent.CompletableFuture$AsyncSupply.run(CompletableFuture.java:1604)
	at java.util.concurrent.ThreadPoolExecutor.runWorker(ThreadPoolExecutor.java:1149)
	at java.util.concurrent.ThreadPoolExecutor$Worker.run(ThreadPoolExecutor.java:624)
	at java.lang.Thread.run(Thread.java:748)
2021-03-17 02:10:46,076 [pool-301-thread-1] INFO  server.RaftServerConfigKeys (ConfUtils.java:logGet(44)) - raft.server.notification.no-leader.timeout = 300000ms (custom)
2021-03-17 02:10:46,076 [pool-301-thread-1] INFO  server.RaftServerConfigKeys (ConfUtils.java:logGet(44)) - raft.server.log.use.memory = false (default)
2021-03-17 02:10:46,076 [pool-301-thread-1] INFO  server.RaftServerConfigKeys (ConfUtils.java:logGet(44)) - raft.server.log.purge.gap = 1000000 (custom)
2021-03-17 02:10:46,076 [pool-301-thread-1] INFO  server.RaftServerConfigKeys (ConfUtils.java:logGet(44)) - raft.server.log.appender.buffer.byte-limit = 33554432 (custom)
2021-03-17 02:10:46,076 [pool-301-thread-1] INFO  metrics.RatisMetrics (RatisMetrics.java:lambda$create$0(36)) - Creating Metrics Registry : ratis.log_worker.13cb06b2-640f-4fce-af7e-e16c133353a1@group-37052FC88D07
2021-03-17 02:10:46,076 [pool-301-thread-1] INFO  server.RaftServerConfigKeys (ConfUtils.java:logGet(44)) - raft.server.log.segment.size.max = 1048576 (custom)
2021-03-17 02:10:46,077 [pool-301-thread-1] INFO  server.RaftServerConfigKeys (ConfUtils.java:logGet(44)) - raft.server.log.segment.cache.num.max = 2 (custom)
2021-03-17 02:10:46,077 [pool-301-thread-1] INFO  server.RaftServerConfigKeys (ConfUtils.java:logGet(44)) - raft.server.log.segment.cache.size.max = 200MB (=209715200) (default)
2021-03-17 02:10:46,077 [pool-301-thread-1] INFO  segmented.SegmentedRaftLogWorker (SegmentedRaftLogWorker.java:<init>(181)) - new 13cb06b2-640f-4fce-af7e-e16c133353a1@group-37052FC88D07-SegmentedRaftLogWorker for RaftStorageImpl:Storage Directory /github/workspace/mnt/ozone/hadoop-ozone/integration-test/target/test-dir/MiniOzoneClusterImpl-5543d78b-3109-4325-8e4d-d24bfba87b26/datanode-6/data/ratis/8e45f5d2-8210-4733-a569-37052fc88d07
2021-03-17 02:10:46,078 [pool-301-thread-1] INFO  server.RaftServerConfigKeys (ConfUtils.java:logGet(44)) - raft.server.log.queue.byte-limit = 2147483647 (custom)
2021-03-17 02:10:46,078 [pool-301-thread-1] INFO  server.RaftServerConfigKeys (ConfUtils.java:logGet(44)) - raft.server.log.queue.element-limit = 1024 (custom)
2021-03-17 02:10:46,078 [pool-301-thread-1] INFO  server.RaftServerConfigKeys (ConfUtils.java:logGet(44)) - raft.server.log.segment.size.max = 1048576 (custom)
2021-03-17 02:10:46,078 [pool-301-thread-1] INFO  server.RaftServerConfigKeys (ConfUtils.java:logGet(44)) - raft.server.log.preallocated.size = 16384 (custom)
2021-03-17 02:10:46,078 [pool-301-thread-1] INFO  server.RaftServerConfigKeys (ConfUtils.java:logGet(44)) - raft.server.log.force.sync.num = 128 (default)
2021-03-17 02:10:46,078 [pool-301-thread-1] INFO  server.RaftServerConfigKeys (ConfUtils.java:logGet(44)) - raft.server.log.statemachine.data.sync = true (default)
2021-03-17 02:10:46,078 [pool-301-thread-1] INFO  server.RaftServerConfigKeys (ConfUtils.java:logGet(44)) - raft.server.log.statemachine.data.sync.timeout = 10s (default)
2021-03-17 02:10:46,078 [pool-301-thread-1] INFO  server.RaftServerConfigKeys (ConfUtils.java:logGet(44)) - raft.server.log.statemachine.data.sync.timeout.retry = -1 (default)
2021-03-17 02:10:46,079 [pool-301-thread-1] INFO  server.RaftServerConfigKeys (ConfUtils.java:logGet(44)) - raft.server.log.write.buffer.size = 1048576 (custom)
2021-03-17 02:10:46,080 [pool-301-thread-1] INFO  server.RaftServerConfigKeys (ConfUtils.java:logGet(44)) - raft.server.log.statemachine.data.caching.enabled = true (custom)
2021-03-17 02:10:46,080 [pool-301-thread-1] INFO  segmented.SegmentedRaftLogWorker (SegmentedRaftLogWorker.java:lambda$new$0(132)) - 13cb06b2-640f-4fce-af7e-e16c133353a1@group-37052FC88D07-SegmentedRaftLogWorker: flushIndex: setUnconditionally 0 -> -1
2021-03-17 02:10:46,080 [pool-301-thread-1] INFO  segmented.SegmentedRaftLogWorker (SegmentedRaftLogWorker.java:lambda$new$0(132)) - 13cb06b2-640f-4fce-af7e-e16c133353a1@group-37052FC88D07-SegmentedRaftLogWorker: safeCacheEvictIndex: setUnconditionally 0 -> -1
2021-03-17 02:10:46,087 [pool-301-thread-1] INFO  server.RaftServerConfigKeys (ConfUtils.java:logGet(44)) - raft.server.snapshot.auto.trigger.enabled = true (custom)
2021-03-17 02:10:46,087 [pool-301-thread-1] INFO  server.RaftServerConfigKeys (ConfUtils.java:logGet(44)) - raft.server.snapshot.auto.trigger.threshold = 10000 (custom)
2021-03-17 02:10:46,087 [pool-301-thread-1] INFO  server.RaftServerConfigKeys (ConfUtils.java:logGet(44)) - raft.server.snapshot.retention.file.num = 5 (custom)
2021-03-17 02:10:46,087 [pool-301-thread-1] INFO  server.RaftServerConfigKeys (ConfUtils.java:logGet(44)) - raft.server.log.purge.upto.snapshot.index = false (default)
2021-03-17 02:10:46,087 [pool-301-thread-1] INFO  server.RaftServerConfigKeys (ConfUtils.java:logGet(44)) - raft.server.retrycache.expirytime = 600000ms (custom)
2021-03-17 02:10:46,088 [pool-301-thread-1] INFO  server.RaftServerConfigKeys (ConfUtils.java:logGet(44)) - raft.server.retrycache.statistics.expirytime = 100?s (default)
2021-03-17 02:10:46,088 [pool-301-thread-1] INFO  metrics.RatisMetrics (RatisMetrics.java:lambda$create$0(36)) - Creating Metrics Registry : ratis.leader_election.13cb06b2-640f-4fce-af7e-e16c133353a1@group-37052FC88D07
2021-03-17 02:10:46,088 [pool-301-thread-1] INFO  metrics.RatisMetrics (RatisMetrics.java:lambda$create$0(36)) - Creating Metrics Registry : ratis.server.13cb06b2-640f-4fce-af7e-e16c133353a1@group-37052FC88D07
2021-03-17 02:10:46,089 [pool-301-thread-1] INFO  server.RaftServer$Division (RaftServerImpl.java:start(295)) - 13cb06b2-640f-4fce-af7e-e16c133353a1@group-37052FC88D07: start as a follower, conf=-1: [c22503ba-573b-463b-9e1c-de44cfeb847d|rpc:172.17.0.2:34901|dataStream:|priority:0, 7be7a3ee-2c60-4daa-92d5-fce366cccc9d|rpc:172.17.0.2:39539|dataStream:|priority:1, 13cb06b2-640f-4fce-af7e-e16c133353a1|rpc:172.17.0.2:35095|dataStream:|priority:0], old=null
2021-03-17 02:10:46,089 [pool-301-thread-1] INFO  server.RaftServer$Division (RaftServerImpl.java:setRole(284)) - 13cb06b2-640f-4fce-af7e-e16c133353a1@group-37052FC88D07: changes role from      null to FOLLOWER at term 0 for startAsFollower
2021-03-17 02:10:46,089 [pool-301-thread-1] INFO  impl.RoleInfo (RoleInfo.java:updateAndGet(130)) - 13cb06b2-640f-4fce-af7e-e16c133353a1: start 13cb06b2-640f-4fce-af7e-e16c133353a1@group-37052FC88D07-FollowerState
2021-03-17 02:10:46,094 [pool-301-thread-1] INFO  util.JmxRegister (JmxRegister.java:tryRegister(44)) - Successfully registered JMX Bean with object name Ratis:service=RaftServer,group=group-37052FC88D07,id=13cb06b2-640f-4fce-af7e-e16c133353a1
2021-03-17 02:10:46,094 [pool-301-thread-1] INFO  metrics.RatisMetrics (RatisMetrics.java:lambda$create$0(36)) - Creating Metrics Registry : ratis.state_machine.13cb06b2-640f-4fce-af7e-e16c133353a1@group-37052FC88D07
2021-03-17 02:10:46,119 [Command processor thread] INFO  commandhandler.CreatePipelineCommandHandler (CreatePipelineCommandHandler.java:handle(106)) - Created Pipeline RATIS THREE PipelineID=8e45f5d2-8210-4733-a569-37052fc88d07.
2021-03-17 02:10:46,119 [Command processor thread] WARN  server.RaftServer (RaftServerProxy.java:remove(101)) - 7be7a3ee-2c60-4daa-92d5-fce366cccc9d: does not contain group: group-0D254D493D02
2021-03-17 02:10:46,119 [Command processor thread] ERROR commandhandler.ClosePipelineCommandHandler (ClosePipelineCommandHandler.java:handle(78)) - Can't close pipeline PipelineID=8ff1614f-e393-4bbd-a079-0d254d493d02
java.io.IOException: 7be7a3ee-2c60-4daa-92d5-fce366cccc9d: Group group-0D254D493D02 not found.
	at org.apache.hadoop.ozone.container.common.transport.server.ratis.XceiverServerRatis.removeGroup(XceiverServerRatis.java:819)
	at org.apache.hadoop.ozone.container.common.statemachine.commandhandler.ClosePipelineCommandHandler.handle(ClosePipelineCommandHandler.java:74)
	at org.apache.hadoop.ozone.container.common.statemachine.commandhandler.CommandDispatcher.handle(CommandDispatcher.java:99)
	at org.apache.hadoop.ozone.container.common.statemachine.DatanodeStateMachine.lambda$initCommandHandlerThread$2(DatanodeStateMachine.java:506)
	at java.lang.Thread.run(Thread.java:748)
Caused by: org.apache.ratis.protocol.exceptions.GroupMismatchException: 7be7a3ee-2c60-4daa-92d5-fce366cccc9d: Group group-0D254D493D02 not found.
	at org.apache.ratis.server.impl.RaftServerProxy.groupRemoveAsync(RaftServerProxy.java:504)
	at org.apache.ratis.server.impl.RaftServerProxy.groupManagementAsync(RaftServerProxy.java:460)
	at org.apache.ratis.server.impl.RaftServerProxy.groupManagement(RaftServerProxy.java:440)
	at org.apache.hadoop.ozone.container.common.transport.server.ratis.XceiverServerRatis.removeGroup(XceiverServerRatis.java:817)
	... 4 more
2021-03-17 02:10:46,119 [Command processor thread] WARN  server.RaftServer (RaftServerProxy.java:remove(101)) - 7be7a3ee-2c60-4daa-92d5-fce366cccc9d: does not contain group: group-FAE0631FEBCD
2021-03-17 02:10:46,119 [Command processor thread] ERROR commandhandler.ClosePipelineCommandHandler (ClosePipelineCommandHandler.java:handle(78)) - Can't close pipeline PipelineID=05ce0818-b588-4728-ba10-fae0631febcd
java.io.IOException: 7be7a3ee-2c60-4daa-92d5-fce366cccc9d: Group group-FAE0631FEBCD not found.
	at org.apache.hadoop.ozone.container.common.transport.server.ratis.XceiverServerRatis.removeGroup(XceiverServerRatis.java:819)
	at org.apache.hadoop.ozone.container.common.statemachine.commandhandler.ClosePipelineCommandHandler.handle(ClosePipelineCommandHandler.java:74)
	at org.apache.hadoop.ozone.container.common.statemachine.commandhandler.CommandDispatcher.handle(CommandDispatcher.java:99)
	at org.apache.hadoop.ozone.container.common.statemachine.DatanodeStateMachine.lambda$initCommandHandlerThread$2(DatanodeStateMachine.java:506)
	at java.lang.Thread.run(Thread.java:748)
Caused by: org.apache.ratis.protocol.exceptions.GroupMismatchException: 7be7a3ee-2c60-4daa-92d5-fce366cccc9d: Group group-FAE0631FEBCD not found.
	at org.apache.ratis.server.impl.RaftServerProxy.groupRemoveAsync(RaftServerProxy.java:504)
	at org.apache.ratis.server.impl.RaftServerProxy.groupManagementAsync(RaftServerProxy.java:460)
	at org.apache.ratis.server.impl.RaftServerProxy.groupManagement(RaftServerProxy.java:440)
	at org.apache.hadoop.ozone.container.common.transport.server.ratis.XceiverServerRatis.removeGroup(XceiverServerRatis.java:817)
	... 4 more
2021-03-17 02:10:46,119 [Command processor thread] WARN  server.RaftServer (RaftServerProxy.java:remove(101)) - 7be7a3ee-2c60-4daa-92d5-fce366cccc9d: does not contain group: group-0D254D493D02
2021-03-17 02:10:46,119 [Command processor thread] ERROR commandhandler.ClosePipelineCommandHandler (ClosePipelineCommandHandler.java:handle(78)) - Can't close pipeline PipelineID=8ff1614f-e393-4bbd-a079-0d254d493d02
java.io.IOException: 7be7a3ee-2c60-4daa-92d5-fce366cccc9d: Group group-0D254D493D02 not found.
	at org.apache.hadoop.ozone.container.common.transport.server.ratis.XceiverServerRatis.removeGroup(XceiverServerRatis.java:819)
	at org.apache.hadoop.ozone.container.common.statemachine.commandhandler.ClosePipelineCommandHandler.handle(ClosePipelineCommandHandler.java:74)
	at org.apache.hadoop.ozone.container.common.statemachine.commandhandler.CommandDispatcher.handle(CommandDispatcher.java:99)
	at org.apache.hadoop.ozone.container.common.statemachine.DatanodeStateMachine.lambda$initCommandHandlerThread$2(DatanodeStateMachine.java:506)
	at java.lang.Thread.run(Thread.java:748)
Caused by: org.apache.ratis.protocol.exceptions.GroupMismatchException: 7be7a3ee-2c60-4daa-92d5-fce366cccc9d: Group group-0D254D493D02 not found.
	at org.apache.ratis.server.impl.RaftServerProxy.groupRemoveAsync(RaftServerProxy.java:504)
	at org.apache.ratis.server.impl.RaftServerProxy.groupManagementAsync(RaftServerProxy.java:460)
	at org.apache.ratis.server.impl.RaftServerProxy.groupManagement(RaftServerProxy.java:440)
	at org.apache.hadoop.ozone.container.common.transport.server.ratis.XceiverServerRatis.removeGroup(XceiverServerRatis.java:817)
	... 4 more
2021-03-17 02:10:46,119 [Command processor thread] WARN  server.RaftServer (RaftServerProxy.java:remove(101)) - 7be7a3ee-2c60-4daa-92d5-fce366cccc9d: does not contain group: group-FAE0631FEBCD
2021-03-17 02:10:46,119 [Command processor thread] ERROR commandhandler.ClosePipelineCommandHandler (ClosePipelineCommandHandler.java:handle(78)) - Can't close pipeline PipelineID=05ce0818-b588-4728-ba10-fae0631febcd
java.io.IOException: 7be7a3ee-2c60-4daa-92d5-fce366cccc9d: Group group-FAE0631FEBCD not found.
	at org.apache.hadoop.ozone.container.common.transport.server.ratis.XceiverServerRatis.removeGroup(XceiverServerRatis.java:819)
	at org.apache.hadoop.ozone.container.common.statemachine.commandhandler.ClosePipelineCommandHandler.handle(ClosePipelineCommandHandler.java:74)
	at org.apache.hadoop.ozone.container.common.statemachine.commandhandler.CommandDispatcher.handle(CommandDispatcher.java:99)
	at org.apache.hadoop.ozone.container.common.statemachine.DatanodeStateMachine.lambda$initCommandHandlerThread$2(DatanodeStateMachine.java:506)
	at java.lang.Thread.run(Thread.java:748)
Caused by: org.apache.ratis.protocol.exceptions.GroupMismatchException: 7be7a3ee-2c60-4daa-92d5-fce366cccc9d: Group group-FAE0631FEBCD not found.
	at org.apache.ratis.server.impl.RaftServerProxy.groupRemoveAsync(RaftServerProxy.java:504)
	at org.apache.ratis.server.impl.RaftServerProxy.groupManagementAsync(RaftServerProxy.java:460)
	at org.apache.ratis.server.impl.RaftServerProxy.groupManagement(RaftServerProxy.java:440)
	at org.apache.hadoop.ozone.container.common.transport.server.ratis.XceiverServerRatis.removeGroup(XceiverServerRatis.java:817)
	... 4 more
2021-03-17 02:10:46,120 [Command processor thread] WARN  server.RaftServer (RaftServerProxy.java:remove(101)) - 7be7a3ee-2c60-4daa-92d5-fce366cccc9d: does not contain group: group-0D254D493D02
2021-03-17 02:10:46,120 [Command processor thread] ERROR commandhandler.ClosePipelineCommandHandler (ClosePipelineCommandHandler.java:handle(78)) - Can't close pipeline PipelineID=8ff1614f-e393-4bbd-a079-0d254d493d02
java.io.IOException: 7be7a3ee-2c60-4daa-92d5-fce366cccc9d: Group group-0D254D493D02 not found.
	at org.apache.hadoop.ozone.container.common.transport.server.ratis.XceiverServerRatis.removeGroup(XceiverServerRatis.java:819)
	at org.apache.hadoop.ozone.container.common.statemachine.commandhandler.ClosePipelineCommandHandler.handle(ClosePipelineCommandHandler.java:74)
	at org.apache.hadoop.ozone.container.common.statemachine.commandhandler.CommandDispatcher.handle(CommandDispatcher.java:99)
	at org.apache.hadoop.ozone.container.common.statemachine.DatanodeStateMachine.lambda$initCommandHandlerThread$2(DatanodeStateMachine.java:506)
	at java.lang.Thread.run(Thread.java:748)
Caused by: org.apache.ratis.protocol.exceptions.GroupMismatchException: 7be7a3ee-2c60-4daa-92d5-fce366cccc9d: Group group-0D254D493D02 not found.
	at org.apache.ratis.server.impl.RaftServerProxy.groupRemoveAsync(RaftServerProxy.java:504)
	at org.apache.ratis.server.impl.RaftServerProxy.groupManagementAsync(RaftServerProxy.java:460)
	at org.apache.ratis.server.impl.RaftServerProxy.groupManagement(RaftServerProxy.java:440)
	at org.apache.hadoop.ozone.container.common.transport.server.ratis.XceiverServerRatis.removeGroup(XceiverServerRatis.java:817)
	... 4 more
2021-03-17 02:10:46,752 [Command processor thread] INFO  server.RaftServer (RaftServerProxy.java:remove(106)) - c22503ba-573b-463b-9e1c-de44cfeb847d: remove  FOLLOWER c22503ba-573b-463b-9e1c-de44cfeb847d@group-FAE0631FEBCD:t2, leader=7be7a3ee-2c60-4daa-92d5-fce366cccc9d, voted=7be7a3ee-2c60-4daa-92d5-fce366cccc9d, raftlog=c22503ba-573b-463b-9e1c-de44cfeb847d@group-FAE0631FEBCD-SegmentedRaftLog:OPENED:c0,f0,i0, conf=0: [c22503ba-573b-463b-9e1c-de44cfeb847d|rpc:172.17.0.2:34901|dataStream:|priority:0, a3b22ff5-07c5-4717-894b-669982ee3e54|rpc:172.17.0.2:42689|dataStream:|priority:0, 7be7a3ee-2c60-4daa-92d5-fce366cccc9d|rpc:172.17.0.2:39539|dataStream:|priority:1], old=null RUNNING
2021-03-17 02:10:46,752 [Command processor thread] INFO  server.RaftServer$Division (RaftServerImpl.java:lambda$close$4(406)) - c22503ba-573b-463b-9e1c-de44cfeb847d@group-FAE0631FEBCD: shutdown
2021-03-17 02:10:46,752 [Command processor thread] INFO  util.JmxRegister (JmxRegister.java:unregister(73)) - Successfully un-registered JMX Bean with object name Ratis:service=RaftServer,group=group-FAE0631FEBCD,id=c22503ba-573b-463b-9e1c-de44cfeb847d
2021-03-17 02:10:46,752 [Command processor thread] INFO  impl.RoleInfo (RoleInfo.java:shutdownFollowerState(108)) - c22503ba-573b-463b-9e1c-de44cfeb847d: shutdown c22503ba-573b-463b-9e1c-de44cfeb847d@group-FAE0631FEBCD-FollowerState
2021-03-17 02:10:46,753 [Command processor thread] INFO  impl.StateMachineUpdater (StateMachineUpdater.java:stopAndJoin(148)) - c22503ba-573b-463b-9e1c-de44cfeb847d@group-FAE0631FEBCD-StateMachineUpdater: set stopIndex = 0
2021-03-17 02:10:46,753 [Thread-963] INFO  impl.FollowerState (FollowerState.java:run(142)) - c22503ba-573b-463b-9e1c-de44cfeb847d@group-FAE0631FEBCD-FollowerState was interrupted: {}
java.lang.InterruptedException: sleep interrupted
	at java.lang.Thread.sleep(Native Method)
	at java.lang.Thread.sleep(Thread.java:340)
	at java.util.concurrent.TimeUnit.sleep(TimeUnit.java:386)
	at org.apache.ratis.util.TimeDuration.sleep(TimeDuration.java:324)
	at org.apache.ratis.util.TimeDuration.sleep(TimeDuration.java:309)
	at org.apache.ratis.server.impl.FollowerState.run(FollowerState.java:117)
2021-03-17 02:10:46,753 [c22503ba-573b-463b-9e1c-de44cfeb847d@group-FAE0631FEBCD-StateMachineUpdater] INFO  ratis.ContainerStateMachine (ContainerStateMachine.java:takeSnapshot(291)) - group-FAE0631FEBCD: Taking a snapshot at:(t:2, i:0) file /github/workspace/mnt/ozone/hadoop-ozone/integration-test/target/test-dir/MiniOzoneClusterImpl-5543d78b-3109-4325-8e4d-d24bfba87b26/datanode-0/data/ratis/05ce0818-b588-4728-ba10-fae0631febcd/sm/snapshot.2_0
2021-03-17 02:10:46,757 [c22503ba-573b-463b-9e1c-de44cfeb847d@group-FAE0631FEBCD-StateMachineUpdater] INFO  ratis.ContainerStateMachine (ContainerStateMachine.java:takeSnapshot(302)) - group-FAE0631FEBCD: Finished taking a snapshot at:(t:2, i:0) file:/github/workspace/mnt/ozone/hadoop-ozone/integration-test/target/test-dir/MiniOzoneClusterImpl-5543d78b-3109-4325-8e4d-d24bfba87b26/datanode-0/data/ratis/05ce0818-b588-4728-ba10-fae0631febcd/sm/snapshot.2_0 took: 4 ms
2021-03-17 02:10:46,757 [c22503ba-573b-463b-9e1c-de44cfeb847d@group-FAE0631FEBCD-StateMachineUpdater] INFO  impl.StateMachineUpdater (StateMachineUpdater.java:takeSnapshot(279)) - c22503ba-573b-463b-9e1c-de44cfeb847d@group-FAE0631FEBCD-StateMachineUpdater: Took a snapshot at index 0
2021-03-17 02:10:46,757 [c22503ba-573b-463b-9e1c-de44cfeb847d@group-FAE0631FEBCD-StateMachineUpdater] INFO  impl.StateMachineUpdater (StateMachineUpdater.java:lambda$new$0(88)) - c22503ba-573b-463b-9e1c-de44cfeb847d@group-FAE0631FEBCD-StateMachineUpdater: snapshotIndex: updateIncreasingly -1 -> 0
2021-03-17 02:10:46,758 [c22503ba-573b-463b-9e1c-de44cfeb847d@group-FAE0631FEBCD-StateMachineUpdater] INFO  metrics.RatisMetrics (RatisMetrics.java:unregister(43)) - Unregistering Metrics Registry : ratis.state_machine.c22503ba-573b-463b-9e1c-de44cfeb847d@group-FAE0631FEBCD
2021-03-17 02:10:46,758 [Command processor thread] INFO  server.RaftServer$Division (ServerState.java:close(405)) - c22503ba-573b-463b-9e1c-de44cfeb847d@group-FAE0631FEBCD: closes. applyIndex: 0
2021-03-17 02:10:46,758 [c22503ba-573b-463b-9e1c-de44cfeb847d@group-FAE0631FEBCD-SegmentedRaftLogWorker] INFO  segmented.SegmentedRaftLogWorker (SegmentedRaftLogWorker.java:run(326)) - c22503ba-573b-463b-9e1c-de44cfeb847d@group-FAE0631FEBCD-SegmentedRaftLogWorker was interrupted, exiting. There are 0 tasks remaining in the queue.
2021-03-17 02:10:46,759 [Command processor thread] INFO  segmented.SegmentedRaftLogWorker (SegmentedRaftLogWorker.java:close(236)) - c22503ba-573b-463b-9e1c-de44cfeb847d@group-FAE0631FEBCD-SegmentedRaftLogWorker close()
2021-03-17 02:10:46,760 [Command processor thread] INFO  metrics.RatisMetrics (RatisMetrics.java:unregister(43)) - Unregistering Metrics Registry : ratis.log_worker.c22503ba-573b-463b-9e1c-de44cfeb847d@group-FAE0631FEBCD
2021-03-17 02:10:46,760 [Command processor thread] INFO  metrics.RatisMetrics (RatisMetrics.java:unregister(43)) - Unregistering Metrics Registry : ratis.leader_election.c22503ba-573b-463b-9e1c-de44cfeb847d@group-FAE0631FEBCD
2021-03-17 02:10:46,760 [Command processor thread] INFO  metrics.RatisMetrics (RatisMetrics.java:unregister(43)) - Unregistering Metrics Registry : ratis.server.c22503ba-573b-463b-9e1c-de44cfeb847d@group-FAE0631FEBCD
2021-03-17 02:10:46,760 [Command processor thread] INFO  server.RaftServer$Division (RaftServerImpl.java:groupRemove(376)) - c22503ba-573b-463b-9e1c-de44cfeb847d@group-FAE0631FEBCD: Succeed to remove RaftStorageDirectory Storage Directory /github/workspace/mnt/ozone/hadoop-ozone/integration-test/target/test-dir/MiniOzoneClusterImpl-5543d78b-3109-4325-8e4d-d24bfba87b26/datanode-0/data/ratis/05ce0818-b588-4728-ba10-fae0631febcd
2021-03-17 02:10:46,761 [Command processor thread] INFO  commandhandler.ClosePipelineCommandHandler (ClosePipelineCommandHandler.java:handle(75)) - Close Pipeline PipelineID=05ce0818-b588-4728-ba10-fae0631febcd command on datanode c22503ba-573b-463b-9e1c-de44cfeb847d.
2021-03-17 02:10:46,762 [Command processor thread] INFO  server.RaftServer (RaftServerProxy.java:remove(106)) - c22503ba-573b-463b-9e1c-de44cfeb847d: remove    LEADER c22503ba-573b-463b-9e1c-de44cfeb847d@group-0D254D493D02:t2, leader=c22503ba-573b-463b-9e1c-de44cfeb847d, voted=c22503ba-573b-463b-9e1c-de44cfeb847d, raftlog=c22503ba-573b-463b-9e1c-de44cfeb847d@group-0D254D493D02-SegmentedRaftLog:OPENED:c0,f0,i0, conf=0: [c22503ba-573b-463b-9e1c-de44cfeb847d|rpc:172.17.0.2:34901|dataStream:|priority:1, a3b22ff5-07c5-4717-894b-669982ee3e54|rpc:172.17.0.2:42689|dataStream:|priority:0, 7be7a3ee-2c60-4daa-92d5-fce366cccc9d|rpc:172.17.0.2:39539|dataStream:|priority:0], old=null RUNNING
2021-03-17 02:10:46,762 [Command processor thread] INFO  server.RaftServer$Division (RaftServerImpl.java:lambda$close$4(406)) - c22503ba-573b-463b-9e1c-de44cfeb847d@group-0D254D493D02: shutdown
2021-03-17 02:10:46,762 [Command processor thread] INFO  util.JmxRegister (JmxRegister.java:unregister(73)) - Successfully un-registered JMX Bean with object name Ratis:service=RaftServer,group=group-0D254D493D02,id=c22503ba-573b-463b-9e1c-de44cfeb847d
2021-03-17 02:10:46,762 [Command processor thread] INFO  impl.RoleInfo (RoleInfo.java:shutdownLeaderState(91)) - c22503ba-573b-463b-9e1c-de44cfeb847d: shutdown c22503ba-573b-463b-9e1c-de44cfeb847d@group-0D254D493D02-LeaderStateImpl
2021-03-17 02:10:46,762 [Command processor thread] INFO  metrics.RatisMetrics (RatisMetrics.java:unregister(43)) - Unregistering Metrics Registry : ratis_grpc.log_appender.c22503ba-573b-463b-9e1c-de44cfeb847d@group-0D254D493D02
2021-03-17 02:10:46,762 [Command processor thread] INFO  metrics.RatisMetrics (RatisMetrics.java:unregister(43)) - Unregistering Metrics Registry : ratis_grpc.log_appender.c22503ba-573b-463b-9e1c-de44cfeb847d@group-0D254D493D02
2021-03-17 02:10:46,762 [Command processor thread] INFO  impl.PendingRequests (PendingRequests.java:sendNotLeaderResponses(249)) - c22503ba-573b-463b-9e1c-de44cfeb847d@group-0D254D493D02-PendingRequests: sendNotLeaderResponses
2021-03-17 02:10:46,762 [c22503ba-573b-463b-9e1c-de44cfeb847d@group-0D254D493D02->7be7a3ee-2c60-4daa-92d5-fce366cccc9d-GrpcLogAppender-LogAppenderDaemon] WARN  server.GrpcLogAppender (GrpcLogAppender.java:mayWait(175)) - c22503ba-573b-463b-9e1c-de44cfeb847d@group-0D254D493D02->7be7a3ee-2c60-4daa-92d5-fce366cccc9d-GrpcLogAppender: Wait interrupted by java.lang.InterruptedException
2021-03-17 02:10:46,763 [Command processor thread] INFO  metrics.RatisMetrics (RatisMetrics.java:unregister(43)) - Unregistering Metrics Registry : ratis.log_appender.c22503ba-573b-463b-9e1c-de44cfeb847d@group-0D254D493D02
2021-03-17 02:10:46,763 [Command processor thread] INFO  metrics.RatisMetrics (RatisMetrics.java:unregister(43)) - Unregistering Metrics Registry : ratis.server.c22503ba-573b-463b-9e1c-de44cfeb847d@group-0D254D493D02
2021-03-17 02:10:46,763 [grpc-default-executor-5] INFO  server.GrpcServerProtocolService (GrpcServerProtocolService.java:onCompleted(138)) - 7be7a3ee-2c60-4daa-92d5-fce366cccc9d: Completed APPEND_ENTRIES, lastRequest: c22503ba-573b-463b-9e1c-de44cfeb847d->7be7a3ee-2c60-4daa-92d5-fce366cccc9d#1-t2,previous=(t:0, i:0),leaderCommit=0,initializing? true,entries: size=1, first=(t:2, i:0), CONFIGURATIONENTRY
2021-03-17 02:10:46,764 [grpc-default-executor-0] INFO  server.GrpcLogAppender (GrpcLogAppender.java:onCompleted(344)) - c22503ba-573b-463b-9e1c-de44cfeb847d@group-0D254D493D02->7be7a3ee-2c60-4daa-92d5-fce366cccc9d-AppendLogResponseHandler: follower responses appendEntries COMPLETED
2021-03-17 02:10:46,764 [grpc-default-executor-0] INFO  leader.FollowerInfo (FollowerInfoImpl.java:lambda$new$0(46)) - c22503ba-573b-463b-9e1c-de44cfeb847d@group-0D254D493D02->7be7a3ee-2c60-4daa-92d5-fce366cccc9d: nextIndex: updateUnconditionally 1 -> 0
2021-03-17 02:10:46,764 [c22503ba-573b-463b-9e1c-de44cfeb847d@group-0D254D493D02-StateMachineUpdater] INFO  ratis.ContainerStateMachine (ContainerStateMachine.java:takeSnapshot(291)) - group-0D254D493D02: Taking a snapshot at:(t:2, i:0) file /github/workspace/mnt/ozone/hadoop-ozone/integration-test/target/test-dir/MiniOzoneClusterImpl-5543d78b-3109-4325-8e4d-d24bfba87b26/datanode-0/data/ratis/8ff1614f-e393-4bbd-a079-0d254d493d02/sm/snapshot.2_0
2021-03-17 02:10:46,764 [Command processor thread] INFO  impl.StateMachineUpdater (StateMachineUpdater.java:stopAndJoin(148)) - c22503ba-573b-463b-9e1c-de44cfeb847d@group-0D254D493D02-StateMachineUpdater: set stopIndex = 0
2021-03-17 02:10:46,765 [c22503ba-573b-463b-9e1c-de44cfeb847d@group-0D254D493D02-StateMachineUpdater] INFO  ratis.ContainerStateMachine (ContainerStateMachine.java:takeSnapshot(302)) - group-0D254D493D02: Finished taking a snapshot at:(t:2, i:0) file:/github/workspace/mnt/ozone/hadoop-ozone/integration-test/target/test-dir/MiniOzoneClusterImpl-5543d78b-3109-4325-8e4d-d24bfba87b26/datanode-0/data/ratis/8ff1614f-e393-4bbd-a079-0d254d493d02/sm/snapshot.2_0 took: 0 ms
2021-03-17 02:10:46,765 [c22503ba-573b-463b-9e1c-de44cfeb847d@group-0D254D493D02-StateMachineUpdater] INFO  impl.StateMachineUpdater (StateMachineUpdater.java:takeSnapshot(279)) - c22503ba-573b-463b-9e1c-de44cfeb847d@group-0D254D493D02-StateMachineUpdater: Took a snapshot at index 0
2021-03-17 02:10:46,765 [c22503ba-573b-463b-9e1c-de44cfeb847d@group-0D254D493D02-StateMachineUpdater] INFO  impl.StateMachineUpdater (StateMachineUpdater.java:lambda$new$0(88)) - c22503ba-573b-463b-9e1c-de44cfeb847d@group-0D254D493D02-StateMachineUpdater: snapshotIndex: updateIncreasingly -1 -> 0
2021-03-17 02:10:46,765 [c22503ba-573b-463b-9e1c-de44cfeb847d@group-0D254D493D02-StateMachineUpdater] INFO  metrics.RatisMetrics (RatisMetrics.java:unregister(43)) - Unregistering Metrics Registry : ratis.state_machine.c22503ba-573b-463b-9e1c-de44cfeb847d@group-0D254D493D02
2021-03-17 02:10:46,765 [Command processor thread] INFO  server.RaftServer$Division (ServerState.java:close(405)) - c22503ba-573b-463b-9e1c-de44cfeb847d@group-0D254D493D02: closes. applyIndex: 0
2021-03-17 02:10:46,765 [c22503ba-573b-463b-9e1c-de44cfeb847d@group-0D254D493D02-SegmentedRaftLogWorker] INFO  segmented.SegmentedRaftLogWorker (SegmentedRaftLogWorker.java:run(326)) - c22503ba-573b-463b-9e1c-de44cfeb847d@group-0D254D493D02-SegmentedRaftLogWorker was interrupted, exiting. There are 0 tasks remaining in the queue.
2021-03-17 02:10:46,766 [Command processor thread] INFO  segmented.SegmentedRaftLogWorker (SegmentedRaftLogWorker.java:close(236)) - c22503ba-573b-463b-9e1c-de44cfeb847d@group-0D254D493D02-SegmentedRaftLogWorker close()
2021-03-17 02:10:46,767 [Command processor thread] INFO  metrics.RatisMetrics (RatisMetrics.java:unregister(43)) - Unregistering Metrics Registry : ratis.log_worker.c22503ba-573b-463b-9e1c-de44cfeb847d@group-0D254D493D02
2021-03-17 02:10:46,767 [Command processor thread] INFO  metrics.RatisMetrics (RatisMetrics.java:unregister(43)) - Unregistering Metrics Registry : ratis.leader_election.c22503ba-573b-463b-9e1c-de44cfeb847d@group-0D254D493D02
2021-03-17 02:10:46,767 [Command processor thread] INFO  metrics.RatisMetrics (RatisMetrics.java:unregister(43)) - Unregistering Metrics Registry : ratis.server.c22503ba-573b-463b-9e1c-de44cfeb847d@group-0D254D493D02
2021-03-17 02:10:46,767 [Command processor thread] INFO  server.RaftServer$Division (RaftServerImpl.java:groupRemove(376)) - c22503ba-573b-463b-9e1c-de44cfeb847d@group-0D254D493D02: Succeed to remove RaftStorageDirectory Storage Directory /github/workspace/mnt/ozone/hadoop-ozone/integration-test/target/test-dir/MiniOzoneClusterImpl-5543d78b-3109-4325-8e4d-d24bfba87b26/datanode-0/data/ratis/8ff1614f-e393-4bbd-a079-0d254d493d02
2021-03-17 02:10:46,768 [Command processor thread] INFO  commandhandler.ClosePipelineCommandHandler (ClosePipelineCommandHandler.java:handle(75)) - Close Pipeline PipelineID=8ff1614f-e393-4bbd-a079-0d254d493d02 command on datanode c22503ba-573b-463b-9e1c-de44cfeb847d.
2021-03-17 02:10:46,768 [Command processor thread] WARN  server.RaftServer (RaftServerProxy.java:remove(101)) - c22503ba-573b-463b-9e1c-de44cfeb847d: does not contain group: group-FAE0631FEBCD
2021-03-17 02:10:46,768 [Command processor thread] ERROR commandhandler.ClosePipelineCommandHandler (ClosePipelineCommandHandler.java:handle(78)) - Can't close pipeline PipelineID=05ce0818-b588-4728-ba10-fae0631febcd
java.io.IOException: c22503ba-573b-463b-9e1c-de44cfeb847d: Group group-FAE0631FEBCD not found.
	at org.apache.hadoop.ozone.container.common.transport.server.ratis.XceiverServerRatis.removeGroup(XceiverServerRatis.java:819)
	at org.apache.hadoop.ozone.container.common.statemachine.commandhandler.ClosePipelineCommandHandler.handle(ClosePipelineCommandHandler.java:74)
	at org.apache.hadoop.ozone.container.common.statemachine.commandhandler.CommandDispatcher.handle(CommandDispatcher.java:99)
	at org.apache.hadoop.ozone.container.common.statemachine.DatanodeStateMachine.lambda$initCommandHandlerThread$2(DatanodeStateMachine.java:506)
	at java.lang.Thread.run(Thread.java:748)
Caused by: org.apache.ratis.protocol.exceptions.GroupMismatchException: c22503ba-573b-463b-9e1c-de44cfeb847d: Group group-FAE0631FEBCD not found.
	at org.apache.ratis.server.impl.RaftServerProxy.groupRemoveAsync(RaftServerProxy.java:504)
	at org.apache.ratis.server.impl.RaftServerProxy.groupManagementAsync(RaftServerProxy.java:460)
	at org.apache.ratis.server.impl.RaftServerProxy.groupManagement(RaftServerProxy.java:440)
	at org.apache.hadoop.ozone.container.common.transport.server.ratis.XceiverServerRatis.removeGroup(XceiverServerRatis.java:817)
	... 4 more
2021-03-17 02:10:46,768 [Command processor thread] WARN  server.RaftServer (RaftServerProxy.java:remove(101)) - c22503ba-573b-463b-9e1c-de44cfeb847d: does not contain group: group-0D254D493D02
2021-03-17 02:10:46,768 [Command processor thread] ERROR commandhandler.ClosePipelineCommandHandler (ClosePipelineCommandHandler.java:handle(78)) - Can't close pipeline PipelineID=8ff1614f-e393-4bbd-a079-0d254d493d02
java.io.IOException: c22503ba-573b-463b-9e1c-de44cfeb847d: Group group-0D254D493D02 not found.
	at org.apache.hadoop.ozone.container.common.transport.server.ratis.XceiverServerRatis.removeGroup(XceiverServerRatis.java:819)
	at org.apache.hadoop.ozone.container.common.statemachine.commandhandler.ClosePipelineCommandHandler.handle(ClosePipelineCommandHandler.java:74)
	at org.apache.hadoop.ozone.container.common.statemachine.commandhandler.CommandDispatcher.handle(CommandDispatcher.java:99)
	at org.apache.hadoop.ozone.container.common.statemachine.DatanodeStateMachine.lambda$initCommandHandlerThread$2(DatanodeStateMachine.java:506)
	at java.lang.Thread.run(Thread.java:748)
Caused by: org.apache.ratis.protocol.exceptions.GroupMismatchException: c22503ba-573b-463b-9e1c-de44cfeb847d: Group group-0D254D493D02 not found.
	at org.apache.ratis.server.impl.RaftServerProxy.groupRemoveAsync(RaftServerProxy.java:504)
	at org.apache.ratis.server.impl.RaftServerProxy.groupManagementAsync(RaftServerProxy.java:460)
	at org.apache.ratis.server.impl.RaftServerProxy.groupManagement(RaftServerProxy.java:440)
	at org.apache.hadoop.ozone.container.common.transport.server.ratis.XceiverServerRatis.removeGroup(XceiverServerRatis.java:817)
	... 4 more
2021-03-17 02:10:46,768 [Command processor thread] WARN  server.RaftServer (RaftServerProxy.java:remove(101)) - c22503ba-573b-463b-9e1c-de44cfeb847d: does not contain group: group-FAE0631FEBCD
2021-03-17 02:10:46,768 [Command processor thread] ERROR commandhandler.ClosePipelineCommandHandler (ClosePipelineCommandHandler.java:handle(78)) - Can't close pipeline PipelineID=05ce0818-b588-4728-ba10-fae0631febcd
java.io.IOException: c22503ba-573b-463b-9e1c-de44cfeb847d: Group group-FAE0631FEBCD not found.
	at org.apache.hadoop.ozone.container.common.transport.server.ratis.XceiverServerRatis.removeGroup(XceiverServerRatis.java:819)
	at org.apache.hadoop.ozone.container.common.statemachine.commandhandler.ClosePipelineCommandHandler.handle(ClosePipelineCommandHandler.java:74)
	at org.apache.hadoop.ozone.container.common.statemachine.commandhandler.CommandDispatcher.handle(CommandDispatcher.java:99)
	at org.apache.hadoop.ozone.container.common.statemachine.DatanodeStateMachine.lambda$initCommandHandlerThread$2(DatanodeStateMachine.java:506)
	at java.lang.Thread.run(Thread.java:748)
Caused by: org.apache.ratis.protocol.exceptions.GroupMismatchException: c22503ba-573b-463b-9e1c-de44cfeb847d: Group group-FAE0631FEBCD not found.
	at org.apache.ratis.server.impl.RaftServerProxy.groupRemoveAsync(RaftServerProxy.java:504)
	at org.apache.ratis.server.impl.RaftServerProxy.groupManagementAsync(RaftServerProxy.java:460)
	at org.apache.ratis.server.impl.RaftServerProxy.groupManagement(RaftServerProxy.java:440)
	at org.apache.hadoop.ozone.container.common.transport.server.ratis.XceiverServerRatis.removeGroup(XceiverServerRatis.java:817)
	... 4 more
2021-03-17 02:10:46,768 [Command processor thread] WARN  server.RaftServer (RaftServerProxy.java:remove(101)) - c22503ba-573b-463b-9e1c-de44cfeb847d: does not contain group: group-0D254D493D02
2021-03-17 02:10:46,768 [Command processor thread] ERROR commandhandler.ClosePipelineCommandHandler (ClosePipelineCommandHandler.java:handle(78)) - Can't close pipeline PipelineID=8ff1614f-e393-4bbd-a079-0d254d493d02
java.io.IOException: c22503ba-573b-463b-9e1c-de44cfeb847d: Group group-0D254D493D02 not found.
	at org.apache.hadoop.ozone.container.common.transport.server.ratis.XceiverServerRatis.removeGroup(XceiverServerRatis.java:819)
	at org.apache.hadoop.ozone.container.common.statemachine.commandhandler.ClosePipelineCommandHandler.handle(ClosePipelineCommandHandler.java:74)
	at org.apache.hadoop.ozone.container.common.statemachine.commandhandler.CommandDispatcher.handle(CommandDispatcher.java:99)
	at org.apache.hadoop.ozone.container.common.statemachine.DatanodeStateMachine.lambda$initCommandHandlerThread$2(DatanodeStateMachine.java:506)
	at java.lang.Thread.run(Thread.java:748)
Caused by: org.apache.ratis.protocol.exceptions.GroupMismatchException: c22503ba-573b-463b-9e1c-de44cfeb847d: Group group-0D254D493D02 not found.
	at org.apache.ratis.server.impl.RaftServerProxy.groupRemoveAsync(RaftServerProxy.java:504)
	at org.apache.ratis.server.impl.RaftServerProxy.groupManagementAsync(RaftServerProxy.java:460)
	at org.apache.ratis.server.impl.RaftServerProxy.groupManagement(RaftServerProxy.java:440)
	at org.apache.hadoop.ozone.container.common.transport.server.ratis.XceiverServerRatis.removeGroup(XceiverServerRatis.java:817)
	... 4 more
2021-03-17 02:10:46,769 [Command processor thread] WARN  server.RaftServer (RaftServerProxy.java:remove(101)) - c22503ba-573b-463b-9e1c-de44cfeb847d: does not contain group: group-FAE0631FEBCD
2021-03-17 02:10:46,769 [Command processor thread] ERROR commandhandler.ClosePipelineCommandHandler (ClosePipelineCommandHandler.java:handle(78)) - Can't close pipeline PipelineID=05ce0818-b588-4728-ba10-fae0631febcd
java.io.IOException: c22503ba-573b-463b-9e1c-de44cfeb847d: Group group-FAE0631FEBCD not found.
	at org.apache.hadoop.ozone.container.common.transport.server.ratis.XceiverServerRatis.removeGroup(XceiverServerRatis.java:819)
	at org.apache.hadoop.ozone.container.common.statemachine.commandhandler.ClosePipelineCommandHandler.handle(ClosePipelineCommandHandler.java:74)
	at org.apache.hadoop.ozone.container.common.statemachine.commandhandler.CommandDispatcher.handle(CommandDispatcher.java:99)
	at org.apache.hadoop.ozone.container.common.statemachine.DatanodeStateMachine.lambda$initCommandHandlerThread$2(DatanodeStateMachine.java:506)
	at java.lang.Thread.run(Thread.java:748)
Caused by: org.apache.ratis.protocol.exceptions.GroupMismatchException: c22503ba-573b-463b-9e1c-de44cfeb847d: Group group-FAE0631FEBCD not found.
	at org.apache.ratis.server.impl.RaftServerProxy.groupRemoveAsync(RaftServerProxy.java:504)
	at org.apache.ratis.server.impl.RaftServerProxy.groupManagementAsync(RaftServerProxy.java:460)
	at org.apache.ratis.server.impl.RaftServerProxy.groupManagement(RaftServerProxy.java:440)
	at org.apache.hadoop.ozone.container.common.transport.server.ratis.XceiverServerRatis.removeGroup(XceiverServerRatis.java:817)
	... 4 more
2021-03-17 02:10:46,769 [Command processor thread] WARN  server.RaftServer (RaftServerProxy.java:remove(101)) - c22503ba-573b-463b-9e1c-de44cfeb847d: does not contain group: group-0D254D493D02
2021-03-17 02:10:46,769 [Command processor thread] ERROR commandhandler.ClosePipelineCommandHandler (ClosePipelineCommandHandler.java:handle(78)) - Can't close pipeline PipelineID=8ff1614f-e393-4bbd-a079-0d254d493d02
java.io.IOException: c22503ba-573b-463b-9e1c-de44cfeb847d: Group group-0D254D493D02 not found.
	at org.apache.hadoop.ozone.container.common.transport.server.ratis.XceiverServerRatis.removeGroup(XceiverServerRatis.java:819)
	at org.apache.hadoop.ozone.container.common.statemachine.commandhandler.ClosePipelineCommandHandler.handle(ClosePipelineCommandHandler.java:74)
	at org.apache.hadoop.ozone.container.common.statemachine.commandhandler.CommandDispatcher.handle(CommandDispatcher.java:99)
	at org.apache.hadoop.ozone.container.common.statemachine.DatanodeStateMachine.lambda$initCommandHandlerThread$2(DatanodeStateMachine.java:506)
	at java.lang.Thread.run(Thread.java:748)
Caused by: org.apache.ratis.protocol.exceptions.GroupMismatchException: c22503ba-573b-463b-9e1c-de44cfeb847d: Group group-0D254D493D02 not found.
	at org.apache.ratis.server.impl.RaftServerProxy.groupRemoveAsync(RaftServerProxy.java:504)
	at org.apache.ratis.server.impl.RaftServerProxy.groupManagementAsync(RaftServerProxy.java:460)
	at org.apache.ratis.server.impl.RaftServerProxy.groupManagement(RaftServerProxy.java:440)
	at org.apache.hadoop.ozone.container.common.transport.server.ratis.XceiverServerRatis.removeGroup(XceiverServerRatis.java:817)
	... 4 more
2021-03-17 02:10:48,036 [Command processor thread] WARN  server.RaftServer (RaftServerProxy.java:remove(101)) - c22503ba-573b-463b-9e1c-de44cfeb847d: does not contain group: group-FAE0631FEBCD
2021-03-17 02:10:48,036 [Command processor thread] ERROR commandhandler.ClosePipelineCommandHandler (ClosePipelineCommandHandler.java:handle(78)) - Can't close pipeline PipelineID=05ce0818-b588-4728-ba10-fae0631febcd
java.io.IOException: c22503ba-573b-463b-9e1c-de44cfeb847d: Group group-FAE0631FEBCD not found.
	at org.apache.hadoop.ozone.container.common.transport.server.ratis.XceiverServerRatis.removeGroup(XceiverServerRatis.java:819)
	at org.apache.hadoop.ozone.container.common.statemachine.commandhandler.ClosePipelineCommandHandler.handle(ClosePipelineCommandHandler.java:74)
	at org.apache.hadoop.ozone.container.common.statemachine.commandhandler.CommandDispatcher.handle(CommandDispatcher.java:99)
	at org.apache.hadoop.ozone.container.common.statemachine.DatanodeStateMachine.lambda$initCommandHandlerThread$2(DatanodeStateMachine.java:506)
	at java.lang.Thread.run(Thread.java:748)
Caused by: org.apache.ratis.protocol.exceptions.GroupMismatchException: c22503ba-573b-463b-9e1c-de44cfeb847d: Group group-FAE0631FEBCD not found.
	at org.apache.ratis.server.impl.RaftServerProxy.groupRemoveAsync(RaftServerProxy.java:504)
	at org.apache.ratis.server.impl.RaftServerProxy.groupManagementAsync(RaftServerProxy.java:460)
	at org.apache.ratis.server.impl.RaftServerProxy.groupManagement(RaftServerProxy.java:440)
	at org.apache.hadoop.ozone.container.common.transport.server.ratis.XceiverServerRatis.removeGroup(XceiverServerRatis.java:817)
	... 4 more
2021-03-17 02:10:48,037 [Command processor thread] WARN  server.RaftServer (RaftServerProxy.java:remove(101)) - c22503ba-573b-463b-9e1c-de44cfeb847d: does not contain group: group-0D254D493D02
2021-03-17 02:10:48,037 [Command processor thread] ERROR commandhandler.ClosePipelineCommandHandler (ClosePipelineCommandHandler.java:handle(78)) - Can't close pipeline PipelineID=8ff1614f-e393-4bbd-a079-0d254d493d02
java.io.IOException: c22503ba-573b-463b-9e1c-de44cfeb847d: Group group-0D254D493D02 not found.
	at org.apache.hadoop.ozone.container.common.transport.server.ratis.XceiverServerRatis.removeGroup(XceiverServerRatis.java:819)
	at org.apache.hadoop.ozone.container.common.statemachine.commandhandler.ClosePipelineCommandHandler.handle(ClosePipelineCommandHandler.java:74)
	at org.apache.hadoop.ozone.container.common.statemachine.commandhandler.CommandDispatcher.handle(CommandDispatcher.java:99)
	at org.apache.hadoop.ozone.container.common.statemachine.DatanodeStateMachine.lambda$initCommandHandlerThread$2(DatanodeStateMachine.java:506)
	at java.lang.Thread.run(Thread.java:748)
Caused by: org.apache.ratis.protocol.exceptions.GroupMismatchException: c22503ba-573b-463b-9e1c-de44cfeb847d: Group group-0D254D493D02 not found.
	at org.apache.ratis.server.impl.RaftServerProxy.groupRemoveAsync(RaftServerProxy.java:504)
	at org.apache.ratis.server.impl.RaftServerProxy.groupManagementAsync(RaftServerProxy.java:460)
	at org.apache.ratis.server.impl.RaftServerProxy.groupManagement(RaftServerProxy.java:440)
	at org.apache.hadoop.ozone.container.common.transport.server.ratis.XceiverServerRatis.removeGroup(XceiverServerRatis.java:817)
	... 4 more
2021-03-17 02:10:50,036 [Command processor thread] WARN  server.RaftServer (RaftServerProxy.java:remove(101)) - c22503ba-573b-463b-9e1c-de44cfeb847d: does not contain group: group-FAE0631FEBCD
2021-03-17 02:10:50,036 [Command processor thread] ERROR commandhandler.ClosePipelineCommandHandler (ClosePipelineCommandHandler.java:handle(78)) - Can't close pipeline PipelineID=05ce0818-b588-4728-ba10-fae0631febcd
java.io.IOException: c22503ba-573b-463b-9e1c-de44cfeb847d: Group group-FAE0631FEBCD not found.
	at org.apache.hadoop.ozone.container.common.transport.server.ratis.XceiverServerRatis.removeGroup(XceiverServerRatis.java:819)
	at org.apache.hadoop.ozone.container.common.statemachine.commandhandler.ClosePipelineCommandHandler.handle(ClosePipelineCommandHandler.java:74)
	at org.apache.hadoop.ozone.container.common.statemachine.commandhandler.CommandDispatcher.handle(CommandDispatcher.java:99)
	at org.apache.hadoop.ozone.container.common.statemachine.DatanodeStateMachine.lambda$initCommandHandlerThread$2(DatanodeStateMachine.java:506)
	at java.lang.Thread.run(Thread.java:748)
Caused by: org.apache.ratis.protocol.exceptions.GroupMismatchException: c22503ba-573b-463b-9e1c-de44cfeb847d: Group group-FAE0631FEBCD not found.
	at org.apache.ratis.server.impl.RaftServerProxy.groupRemoveAsync(RaftServerProxy.java:504)
	at org.apache.ratis.server.impl.RaftServerProxy.groupManagementAsync(RaftServerProxy.java:460)
	at org.apache.ratis.server.impl.RaftServerProxy.groupManagement(RaftServerProxy.java:440)
	at org.apache.hadoop.ozone.container.common.transport.server.ratis.XceiverServerRatis.removeGroup(XceiverServerRatis.java:817)
	... 4 more
2021-03-17 02:10:50,036 [Command processor thread] WARN  server.RaftServer (RaftServerProxy.java:remove(101)) - c22503ba-573b-463b-9e1c-de44cfeb847d: does not contain group: group-0D254D493D02
2021-03-17 02:10:50,036 [Command processor thread] ERROR commandhandler.ClosePipelineCommandHandler (ClosePipelineCommandHandler.java:handle(78)) - Can't close pipeline PipelineID=8ff1614f-e393-4bbd-a079-0d254d493d02
java.io.IOException: c22503ba-573b-463b-9e1c-de44cfeb847d: Group group-0D254D493D02 not found.
	at org.apache.hadoop.ozone.container.common.transport.server.ratis.XceiverServerRatis.removeGroup(XceiverServerRatis.java:819)
	at org.apache.hadoop.ozone.container.common.statemachine.commandhandler.ClosePipelineCommandHandler.handle(ClosePipelineCommandHandler.java:74)
	at org.apache.hadoop.ozone.container.common.statemachine.commandhandler.CommandDispatcher.handle(CommandDispatcher.java:99)
	at org.apache.hadoop.ozone.container.common.statemachine.DatanodeStateMachine.lambda$initCommandHandlerThread$2(DatanodeStateMachine.java:506)
	at java.lang.Thread.run(Thread.java:748)
Caused by: org.apache.ratis.protocol.exceptions.GroupMismatchException: c22503ba-573b-463b-9e1c-de44cfeb847d: Group group-0D254D493D02 not found.
	at org.apache.ratis.server.impl.RaftServerProxy.groupRemoveAsync(RaftServerProxy.java:504)
	at org.apache.ratis.server.impl.RaftServerProxy.groupManagementAsync(RaftServerProxy.java:460)
	at org.apache.ratis.server.impl.RaftServerProxy.groupManagement(RaftServerProxy.java:440)
	at org.apache.hadoop.ozone.container.common.transport.server.ratis.XceiverServerRatis.removeGroup(XceiverServerRatis.java:817)
	... 4 more
2021-03-17 02:10:50,037 [Command processor thread] WARN  server.RaftServer (RaftServerProxy.java:remove(101)) - c22503ba-573b-463b-9e1c-de44cfeb847d: does not contain group: group-FAE0631FEBCD
2021-03-17 02:10:50,037 [Command processor thread] ERROR commandhandler.ClosePipelineCommandHandler (ClosePipelineCommandHandler.java:handle(78)) - Can't close pipeline PipelineID=05ce0818-b588-4728-ba10-fae0631febcd
java.io.IOException: c22503ba-573b-463b-9e1c-de44cfeb847d: Group group-FAE0631FEBCD not found.
	at org.apache.hadoop.ozone.container.common.transport.server.ratis.XceiverServerRatis.removeGroup(XceiverServerRatis.java:819)
	at org.apache.hadoop.ozone.container.common.statemachine.commandhandler.ClosePipelineCommandHandler.handle(ClosePipelineCommandHandler.java:74)
	at org.apache.hadoop.ozone.container.common.statemachine.commandhandler.CommandDispatcher.handle(CommandDispatcher.java:99)
	at org.apache.hadoop.ozone.container.common.statemachine.DatanodeStateMachine.lambda$initCommandHandlerThread$2(DatanodeStateMachine.java:506)
	at java.lang.Thread.run(Thread.java:748)
Caused by: org.apache.ratis.protocol.exceptions.GroupMismatchException: c22503ba-573b-463b-9e1c-de44cfeb847d: Group group-FAE0631FEBCD not found.
	at org.apache.ratis.server.impl.RaftServerProxy.groupRemoveAsync(RaftServerProxy.java:504)
	at org.apache.ratis.server.impl.RaftServerProxy.groupManagementAsync(RaftServerProxy.java:460)
	at org.apache.ratis.server.impl.RaftServerProxy.groupManagement(RaftServerProxy.java:440)
	at org.apache.hadoop.ozone.container.common.transport.server.ratis.XceiverServerRatis.removeGroup(XceiverServerRatis.java:817)
	... 4 more
2021-03-17 02:10:50,037 [Command processor thread] WARN  server.RaftServer (RaftServerProxy.java:remove(101)) - c22503ba-573b-463b-9e1c-de44cfeb847d: does not contain group: group-0D254D493D02
2021-03-17 02:10:50,037 [Command processor thread] ERROR commandhandler.ClosePipelineCommandHandler (ClosePipelineCommandHandler.java:handle(78)) - Can't close pipeline PipelineID=8ff1614f-e393-4bbd-a079-0d254d493d02
java.io.IOException: c22503ba-573b-463b-9e1c-de44cfeb847d: Group group-0D254D493D02 not found.
	at org.apache.hadoop.ozone.container.common.transport.server.ratis.XceiverServerRatis.removeGroup(XceiverServerRatis.java:819)
	at org.apache.hadoop.ozone.container.common.statemachine.commandhandler.ClosePipelineCommandHandler.handle(ClosePipelineCommandHandler.java:74)
	at org.apache.hadoop.ozone.container.common.statemachine.commandhandler.CommandDispatcher.handle(CommandDispatcher.java:99)
	at org.apache.hadoop.ozone.container.common.statemachine.DatanodeStateMachine.lambda$initCommandHandlerThread$2(DatanodeStateMachine.java:506)
	at java.lang.Thread.run(Thread.java:748)
Caused by: org.apache.ratis.protocol.exceptions.GroupMismatchException: c22503ba-573b-463b-9e1c-de44cfeb847d: Group group-0D254D493D02 not found.
	at org.apache.ratis.server.impl.RaftServerProxy.groupRemoveAsync(RaftServerProxy.java:504)
	at org.apache.ratis.server.impl.RaftServerProxy.groupManagementAsync(RaftServerProxy.java:460)
	at org.apache.ratis.server.impl.RaftServerProxy.groupManagement(RaftServerProxy.java:440)
	at org.apache.hadoop.ozone.container.common.transport.server.ratis.XceiverServerRatis.removeGroup(XceiverServerRatis.java:817)
	... 4 more
2021-03-17 02:10:50,913 [Thread-1042] INFO  impl.FollowerState (FollowerState.java:run(133)) - c22503ba-573b-463b-9e1c-de44cfeb847d@group-8392A6716DDC-FollowerState: change to CANDIDATE, lastRpcElapsedTime:5033818616ns, electionTimeout:5031ms
2021-03-17 02:10:50,914 [Thread-1042] INFO  impl.RoleInfo (RoleInfo.java:shutdownFollowerState(108)) - c22503ba-573b-463b-9e1c-de44cfeb847d: shutdown c22503ba-573b-463b-9e1c-de44cfeb847d@group-8392A6716DDC-FollowerState
2021-03-17 02:10:50,914 [Thread-1042] INFO  server.RaftServer$Division (RaftServerImpl.java:setRole(284)) - c22503ba-573b-463b-9e1c-de44cfeb847d@group-8392A6716DDC: changes role from  FOLLOWER to CANDIDATE at term 0 for changeToCandidate
2021-03-17 02:10:50,914 [Thread-1042] INFO  server.RaftServerConfigKeys (ConfUtils.java:logGet(44)) - raft.server.leaderelection.pre-vote = false (custom)
2021-03-17 02:10:50,914 [Thread-1042] INFO  impl.RoleInfo (RoleInfo.java:updateAndGet(130)) - c22503ba-573b-463b-9e1c-de44cfeb847d: start c22503ba-573b-463b-9e1c-de44cfeb847d@group-8392A6716DDC-LeaderElection46
2021-03-17 02:10:50,917 [c22503ba-573b-463b-9e1c-de44cfeb847d@group-8392A6716DDC-LeaderElection46] INFO  impl.LeaderElection (LeaderElection.java:askForVotes(307)) - c22503ba-573b-463b-9e1c-de44cfeb847d@group-8392A6716DDC-LeaderElection46 ELECTION round 0: submit vote requests at term 1 for -1: [c22503ba-573b-463b-9e1c-de44cfeb847d|rpc:172.17.0.2:34901|dataStream:|priority:1, 7be7a3ee-2c60-4daa-92d5-fce366cccc9d|rpc:172.17.0.2:39539|dataStream:|priority:0, 13cb06b2-640f-4fce-af7e-e16c133353a1|rpc:172.17.0.2:35095|dataStream:|priority:0], old=null
2021-03-17 02:10:50,920 [grpc-default-executor-0] INFO  server.RaftServer$Division (RaftServerImpl.java:requestVote(1025)) - 7be7a3ee-2c60-4daa-92d5-fce366cccc9d@group-8392A6716DDC: receive requestVote(ELECTION, c22503ba-573b-463b-9e1c-de44cfeb847d, group-8392A6716DDC, 1, (t:0, i:0))
2021-03-17 02:10:50,920 [grpc-default-executor-0] INFO  impl.VoteContext (VoteContext.java:log(48)) - 7be7a3ee-2c60-4daa-92d5-fce366cccc9d@group-8392A6716DDC-FOLLOWER: accept ELECTION from c22503ba-573b-463b-9e1c-de44cfeb847d: our priority 0 <= candidate's priority 1
2021-03-17 02:10:50,920 [grpc-default-executor-0] INFO  server.RaftServer$Division (RaftServerImpl.java:setRole(284)) - 7be7a3ee-2c60-4daa-92d5-fce366cccc9d@group-8392A6716DDC: changes role from  FOLLOWER to FOLLOWER at term 1 for candidate:c22503ba-573b-463b-9e1c-de44cfeb847d
2021-03-17 02:10:50,920 [grpc-default-executor-0] INFO  impl.RoleInfo (RoleInfo.java:shutdownFollowerState(108)) - 7be7a3ee-2c60-4daa-92d5-fce366cccc9d: shutdown 7be7a3ee-2c60-4daa-92d5-fce366cccc9d@group-8392A6716DDC-FollowerState
2021-03-17 02:10:50,920 [grpc-default-executor-0] INFO  impl.RoleInfo (RoleInfo.java:updateAndGet(130)) - 7be7a3ee-2c60-4daa-92d5-fce366cccc9d: start 7be7a3ee-2c60-4daa-92d5-fce366cccc9d@group-8392A6716DDC-FollowerState
2021-03-17 02:10:50,920 [Thread-1038] INFO  impl.FollowerState (FollowerState.java:run(142)) - 7be7a3ee-2c60-4daa-92d5-fce366cccc9d@group-8392A6716DDC-FollowerState was interrupted: {}
java.lang.InterruptedException: sleep interrupted
	at java.lang.Thread.sleep(Native Method)
	at java.lang.Thread.sleep(Thread.java:340)
	at java.util.concurrent.TimeUnit.sleep(TimeUnit.java:386)
	at org.apache.ratis.util.TimeDuration.sleep(TimeDuration.java:324)
	at org.apache.ratis.util.TimeDuration.sleep(TimeDuration.java:309)
	at org.apache.ratis.server.impl.FollowerState.run(FollowerState.java:117)
2021-03-17 02:10:50,923 [grpc-default-executor-0] INFO  server.RaftServer$Division (RaftServerImpl.java:requestVote(1057)) - 7be7a3ee-2c60-4daa-92d5-fce366cccc9d@group-8392A6716DDC replies to ELECTION vote request: c22503ba-573b-463b-9e1c-de44cfeb847d<-7be7a3ee-2c60-4daa-92d5-fce366cccc9d#0:OK-t1. Peer's state: 7be7a3ee-2c60-4daa-92d5-fce366cccc9d@group-8392A6716DDC:t1, leader=null, voted=c22503ba-573b-463b-9e1c-de44cfeb847d, raftlog=7be7a3ee-2c60-4daa-92d5-fce366cccc9d@group-8392A6716DDC-SegmentedRaftLog:OPENED:c-1,f-1,i0, conf=-1: [c22503ba-573b-463b-9e1c-de44cfeb847d|rpc:172.17.0.2:34901|priority:1, 7be7a3ee-2c60-4daa-92d5-fce366cccc9d|rpc:172.17.0.2:39539|priority:0, 13cb06b2-640f-4fce-af7e-e16c133353a1|rpc:172.17.0.2:35095|priority:0], old=null
2021-03-17 02:10:50,925 [grpc-default-executor-0] INFO  server.RaftServer$Division (RaftServerImpl.java:requestVote(1025)) - 13cb06b2-640f-4fce-af7e-e16c133353a1@group-8392A6716DDC: receive requestVote(ELECTION, c22503ba-573b-463b-9e1c-de44cfeb847d, group-8392A6716DDC, 1, (t:0, i:0))
2021-03-17 02:10:50,925 [grpc-default-executor-0] INFO  impl.VoteContext (VoteContext.java:log(48)) - 13cb06b2-640f-4fce-af7e-e16c133353a1@group-8392A6716DDC-FOLLOWER: accept ELECTION from c22503ba-573b-463b-9e1c-de44cfeb847d: our priority 0 <= candidate's priority 1
2021-03-17 02:10:50,925 [grpc-default-executor-0] INFO  server.RaftServer$Division (RaftServerImpl.java:setRole(284)) - 13cb06b2-640f-4fce-af7e-e16c133353a1@group-8392A6716DDC: changes role from  FOLLOWER to FOLLOWER at term 1 for candidate:c22503ba-573b-463b-9e1c-de44cfeb847d
2021-03-17 02:10:50,925 [grpc-default-executor-0] INFO  impl.RoleInfo (RoleInfo.java:shutdownFollowerState(108)) - 13cb06b2-640f-4fce-af7e-e16c133353a1: shutdown 13cb06b2-640f-4fce-af7e-e16c133353a1@group-8392A6716DDC-FollowerState
2021-03-17 02:10:50,925 [grpc-default-executor-0] INFO  impl.RoleInfo (RoleInfo.java:updateAndGet(130)) - 13cb06b2-640f-4fce-af7e-e16c133353a1: start 13cb06b2-640f-4fce-af7e-e16c133353a1@group-8392A6716DDC-FollowerState
2021-03-17 02:10:50,925 [c22503ba-573b-463b-9e1c-de44cfeb847d@group-8392A6716DDC-LeaderElection46] INFO  impl.LeaderElection (LeaderElection.java:logAndReturn(89)) - c22503ba-573b-463b-9e1c-de44cfeb847d@group-8392A6716DDC-LeaderElection46: ELECTION PASSED received 1 response(s) and 0 exception(s):
2021-03-17 02:10:50,925 [c22503ba-573b-463b-9e1c-de44cfeb847d@group-8392A6716DDC-LeaderElection46] INFO  impl.LeaderElection (LeaderElection.java:logAndReturn(93)) -   Response 0: c22503ba-573b-463b-9e1c-de44cfeb847d<-7be7a3ee-2c60-4daa-92d5-fce366cccc9d#0:OK-t1
2021-03-17 02:10:50,925 [c22503ba-573b-463b-9e1c-de44cfeb847d@group-8392A6716DDC-LeaderElection46] INFO  impl.LeaderElection (LeaderElection.java:askForVotes(309)) - c22503ba-573b-463b-9e1c-de44cfeb847d@group-8392A6716DDC-LeaderElection46 ELECTION round 0: result PASSED
2021-03-17 02:10:50,925 [c22503ba-573b-463b-9e1c-de44cfeb847d@group-8392A6716DDC-LeaderElection46] INFO  impl.RoleInfo (RoleInfo.java:shutdownLeaderElection(121)) - c22503ba-573b-463b-9e1c-de44cfeb847d: shutdown c22503ba-573b-463b-9e1c-de44cfeb847d@group-8392A6716DDC-LeaderElection46
2021-03-17 02:10:50,925 [c22503ba-573b-463b-9e1c-de44cfeb847d@group-8392A6716DDC-LeaderElection46] INFO  server.RaftServer$Division (RaftServerImpl.java:setRole(284)) - c22503ba-573b-463b-9e1c-de44cfeb847d@group-8392A6716DDC: changes role from CANDIDATE to LEADER at term 1 for changeToLeader
2021-03-17 02:10:50,925 [c22503ba-573b-463b-9e1c-de44cfeb847d@group-8392A6716DDC-LeaderElection46] INFO  ratis.XceiverServerRatis (XceiverServerRatis.java:handleLeaderChangedNotification(899)) - Leader change notification received for group: group-8392A6716DDC with new leaderId: c22503ba-573b-463b-9e1c-de44cfeb847d
2021-03-17 02:10:50,926 [c22503ba-573b-463b-9e1c-de44cfeb847d@group-8392A6716DDC-LeaderElection46] INFO  server.RaftServer$Division (ServerState.java:setLeader(271)) - c22503ba-573b-463b-9e1c-de44cfeb847d@group-8392A6716DDC: change Leader from null to c22503ba-573b-463b-9e1c-de44cfeb847d at term 1 for becomeLeader, leader elected after 5076ms
2021-03-17 02:10:50,926 [c22503ba-573b-463b-9e1c-de44cfeb847d@group-8392A6716DDC-LeaderElection46] INFO  server.RaftServerConfigKeys (ConfUtils.java:logGet(44)) - raft.server.staging.catchup.gap = 1000 (default)
2021-03-17 02:10:50,926 [c22503ba-573b-463b-9e1c-de44cfeb847d@group-8392A6716DDC-LeaderElection46] INFO  metrics.RatisMetrics (RatisMetrics.java:lambda$create$0(36)) - Creating Metrics Registry : ratis.log_appender.c22503ba-573b-463b-9e1c-de44cfeb847d@group-8392A6716DDC
2021-03-17 02:10:50,926 [c22503ba-573b-463b-9e1c-de44cfeb847d@group-8392A6716DDC-LeaderElection46] INFO  server.RaftServerConfigKeys (ConfUtils.java:logGet(44)) - raft.server.write.element-limit = 1024 (custom)
2021-03-17 02:10:50,926 [c22503ba-573b-463b-9e1c-de44cfeb847d@group-8392A6716DDC-LeaderElection46] INFO  server.RaftServerConfigKeys (ConfUtils.java:logGet(44)) - raft.server.write.byte-limit = 1073741824 (custom)
2021-03-17 02:10:50,926 [grpc-default-executor-0] INFO  server.RaftServer$Division (RaftServerImpl.java:requestVote(1057)) - 13cb06b2-640f-4fce-af7e-e16c133353a1@group-8392A6716DDC replies to ELECTION vote request: c22503ba-573b-463b-9e1c-de44cfeb847d<-13cb06b2-640f-4fce-af7e-e16c133353a1#0:OK-t1. Peer's state: 13cb06b2-640f-4fce-af7e-e16c133353a1@group-8392A6716DDC:t1, leader=null, voted=c22503ba-573b-463b-9e1c-de44cfeb847d, raftlog=13cb06b2-640f-4fce-af7e-e16c133353a1@group-8392A6716DDC-SegmentedRaftLog:OPENED:c-1,f-1,i0, conf=-1: [c22503ba-573b-463b-9e1c-de44cfeb847d|rpc:172.17.0.2:34901|dataStream:|priority:1, 7be7a3ee-2c60-4daa-92d5-fce366cccc9d|rpc:172.17.0.2:39539|dataStream:|priority:0, 13cb06b2-640f-4fce-af7e-e16c133353a1|rpc:172.17.0.2:35095|dataStream:|priority:0], old=null
2021-03-17 02:10:50,927 [c22503ba-573b-463b-9e1c-de44cfeb847d@group-8392A6716DDC-LeaderElection46] INFO  server.RaftServerConfigKeys (ConfUtils.java:logGet(44)) - raft.server.watch.timeout = 3000ms (custom)
2021-03-17 02:10:50,927 [c22503ba-573b-463b-9e1c-de44cfeb847d@group-8392A6716DDC-LeaderElection46] INFO  server.RaftServerConfigKeys (ConfUtils.java:logGet(44)) - raft.server.watch.timeout.denomination = 1s (default)
2021-03-17 02:10:50,927 [c22503ba-573b-463b-9e1c-de44cfeb847d@group-8392A6716DDC-LeaderElection46] INFO  server.RaftServerConfigKeys (ConfUtils.java:logGet(44)) - raft.server.watch.element-limit = 65536 (default)
2021-03-17 02:10:50,927 [c22503ba-573b-463b-9e1c-de44cfeb847d@group-8392A6716DDC-LeaderElection46] INFO  server.RaftServerConfigKeys (ConfUtils.java:logGet(44)) - raft.server.log.appender.snapshot.chunk.size.max = 16MB (=16777216) (default)
2021-03-17 02:10:50,927 [c22503ba-573b-463b-9e1c-de44cfeb847d@group-8392A6716DDC-LeaderElection46] INFO  server.RaftServerConfigKeys (ConfUtils.java:logGet(44)) - raft.server.log.appender.buffer.byte-limit = 33554432 (custom)
2021-03-17 02:10:50,927 [c22503ba-573b-463b-9e1c-de44cfeb847d@group-8392A6716DDC-LeaderElection46] INFO  server.RaftServerConfigKeys (ConfUtils.java:logGet(44)) - raft.server.log.appender.buffer.element-limit = 1 (custom)
2021-03-17 02:10:50,927 [c22503ba-573b-463b-9e1c-de44cfeb847d@group-8392A6716DDC-LeaderElection46] INFO  grpc.GrpcConfigKeys (ConfUtils.java:logGet(44)) - raft.grpc.server.leader.outstanding.appends.max = 128 (default)
2021-03-17 02:10:50,927 [c22503ba-573b-463b-9e1c-de44cfeb847d@group-8392A6716DDC-LeaderElection46] INFO  server.RaftServerConfigKeys (ConfUtils.java:logGet(44)) - raft.server.rpc.request.timeout = 3000ms (default)
2021-03-17 02:10:50,927 [c22503ba-573b-463b-9e1c-de44cfeb847d@group-8392A6716DDC-LeaderElection46] INFO  server.RaftServerConfigKeys (ConfUtils.java:logGet(44)) - raft.server.log.appender.install.snapshot.enabled = false (custom)
2021-03-17 02:10:50,927 [c22503ba-573b-463b-9e1c-de44cfeb847d@group-8392A6716DDC-LeaderElection46] INFO  metrics.RatisMetrics (RatisMetrics.java:lambda$create$0(36)) - Creating Metrics Registry : ratis_grpc.log_appender.c22503ba-573b-463b-9e1c-de44cfeb847d@group-8392A6716DDC
2021-03-17 02:10:50,928 [c22503ba-573b-463b-9e1c-de44cfeb847d@group-8392A6716DDC-LeaderElection46] INFO  server.RaftServerConfigKeys (ConfUtils.java:logGet(44)) - raft.server.log.appender.snapshot.chunk.size.max = 16MB (=16777216) (default)
2021-03-17 02:10:50,928 [c22503ba-573b-463b-9e1c-de44cfeb847d@group-8392A6716DDC-LeaderElection46] INFO  server.RaftServerConfigKeys (ConfUtils.java:logGet(44)) - raft.server.log.appender.buffer.byte-limit = 33554432 (custom)
2021-03-17 02:10:50,928 [c22503ba-573b-463b-9e1c-de44cfeb847d@group-8392A6716DDC-LeaderElection46] INFO  server.RaftServerConfigKeys (ConfUtils.java:logGet(44)) - raft.server.log.appender.buffer.element-limit = 1 (custom)
2021-03-17 02:10:50,928 [c22503ba-573b-463b-9e1c-de44cfeb847d@group-8392A6716DDC-LeaderElection46] INFO  grpc.GrpcConfigKeys (ConfUtils.java:logGet(44)) - raft.grpc.server.leader.outstanding.appends.max = 128 (default)
2021-03-17 02:10:50,928 [c22503ba-573b-463b-9e1c-de44cfeb847d@group-8392A6716DDC-LeaderElection46] INFO  server.RaftServerConfigKeys (ConfUtils.java:logGet(44)) - raft.server.rpc.request.timeout = 3000ms (default)
2021-03-17 02:10:50,928 [c22503ba-573b-463b-9e1c-de44cfeb847d@group-8392A6716DDC-LeaderElection46] INFO  server.RaftServerConfigKeys (ConfUtils.java:logGet(44)) - raft.server.log.appender.install.snapshot.enabled = false (custom)
2021-03-17 02:10:50,929 [c22503ba-573b-463b-9e1c-de44cfeb847d@group-8392A6716DDC-LeaderElection46] INFO  impl.RoleInfo (RoleInfo.java:updateAndGet(130)) - c22503ba-573b-463b-9e1c-de44cfeb847d: start c22503ba-573b-463b-9e1c-de44cfeb847d@group-8392A6716DDC-LeaderStateImpl
2021-03-17 02:10:50,929 [c22503ba-573b-463b-9e1c-de44cfeb847d@group-8392A6716DDC-LeaderElection46] INFO  segmented.SegmentedRaftLogWorker (SegmentedRaftLogWorker.java:startLogSegment(392)) - c22503ba-573b-463b-9e1c-de44cfeb847d@group-8392A6716DDC-SegmentedRaftLogWorker: Starting segment from index:0
2021-03-17 02:10:50,926 [Thread-1045] INFO  impl.FollowerState (FollowerState.java:run(142)) - 13cb06b2-640f-4fce-af7e-e16c133353a1@group-8392A6716DDC-FollowerState was interrupted: {}
java.lang.InterruptedException: sleep interrupted
	at java.lang.Thread.sleep(Native Method)
	at java.lang.Thread.sleep(Thread.java:340)
	at java.util.concurrent.TimeUnit.sleep(TimeUnit.java:386)
	at org.apache.ratis.util.TimeDuration.sleep(TimeDuration.java:324)
	at org.apache.ratis.util.TimeDuration.sleep(TimeDuration.java:309)
	at org.apache.ratis.server.impl.FollowerState.run(FollowerState.java:117)
2021-03-17 02:10:50,935 [EventQueue-PipelineReportForPipelineReportHandler] INFO  pipeline.PipelineStateManager (PipelineStateManager.java:openPipeline(132)) - Pipeline Pipeline[ Id: 9e161d5c-af13-4e41-81f9-8392a6716ddc, Nodes: 7be7a3ee-2c60-4daa-92d5-fce366cccc9d{ip: 172.17.0.2, host: 70ca58e12b9b, ports: [REPLICATION=41363, RATIS=39539, RATIS_ADMIN=39539, RATIS_SERVER=39539, STANDALONE=33895], networkLocation: /default-rack, certSerialId: null, persistedOpState: IN_SERVICE, persistedOpStateExpiryEpochSec: 0}c22503ba-573b-463b-9e1c-de44cfeb847d{ip: 172.17.0.2, host: 70ca58e12b9b, ports: [REPLICATION=42099, RATIS=34901, RATIS_ADMIN=34901, RATIS_SERVER=34901, STANDALONE=45037], networkLocation: /default-rack, certSerialId: null, persistedOpState: IN_SERVICE, persistedOpStateExpiryEpochSec: 0}13cb06b2-640f-4fce-af7e-e16c133353a1{ip: 172.17.0.2, host: 70ca58e12b9b, ports: [REPLICATION=37737, RATIS=35095, RATIS_ADMIN=35095, RATIS_SERVER=35095, STANDALONE=41763], networkLocation: /default-rack, certSerialId: null, persistedOpState: IN_SERVICE, persistedOpStateExpiryEpochSec: 0}, Type:RATIS, Factor:THREE, State:ALLOCATED, leaderId:c22503ba-573b-463b-9e1c-de44cfeb847d, CreationTimestamp2021-03-17T02:10:43.794Z] moved to OPEN state
2021-03-17 02:10:50,935 [c22503ba-573b-463b-9e1c-de44cfeb847d@group-8392A6716DDC-SegmentedRaftLogWorker] INFO  segmented.SegmentedRaftLogWorker (SegmentedRaftLogWorker.java:execute(599)) - c22503ba-573b-463b-9e1c-de44cfeb847d@group-8392A6716DDC-SegmentedRaftLogWorker: created new log segment /github/workspace/mnt/ozone/hadoop-ozone/integration-test/target/test-dir/MiniOzoneClusterImpl-5543d78b-3109-4325-8e4d-d24bfba87b26/datanode-0/data/ratis/9e161d5c-af13-4e41-81f9-8392a6716ddc/current/log_inprogress_0
2021-03-17 02:10:50,937 [grpc-default-executor-5] INFO  ratis.XceiverServerRatis (XceiverServerRatis.java:handleLeaderChangedNotification(899)) - Leader change notification received for group: group-8392A6716DDC with new leaderId: c22503ba-573b-463b-9e1c-de44cfeb847d
2021-03-17 02:10:50,938 [grpc-default-executor-5] INFO  server.RaftServer$Division (ServerState.java:setLeader(271)) - 7be7a3ee-2c60-4daa-92d5-fce366cccc9d@group-8392A6716DDC: change Leader from null to c22503ba-573b-463b-9e1c-de44cfeb847d at term 1 for appendEntries, leader elected after 5115ms
2021-03-17 02:10:50,942 [c22503ba-573b-463b-9e1c-de44cfeb847d@group-8392A6716DDC-LeaderElection46] INFO  server.RaftServer$Division (ServerState.java:setRaftConf(373)) - c22503ba-573b-463b-9e1c-de44cfeb847d@group-8392A6716DDC: set configuration 0: [c22503ba-573b-463b-9e1c-de44cfeb847d|rpc:172.17.0.2:34901|dataStream:|priority:1, 7be7a3ee-2c60-4daa-92d5-fce366cccc9d|rpc:172.17.0.2:39539|dataStream:|priority:0, 13cb06b2-640f-4fce-af7e-e16c133353a1|rpc:172.17.0.2:35095|dataStream:|priority:0], old=null
2021-03-17 02:10:50,942 [grpc-default-executor-4] INFO  server.RaftServer$Division (ServerState.java:setRaftConf(373)) - 7be7a3ee-2c60-4daa-92d5-fce366cccc9d@group-8392A6716DDC: set configuration 0: [c22503ba-573b-463b-9e1c-de44cfeb847d|rpc:172.17.0.2:34901|dataStream:|priority:1, 7be7a3ee-2c60-4daa-92d5-fce366cccc9d|rpc:172.17.0.2:39539|dataStream:|priority:0, 13cb06b2-640f-4fce-af7e-e16c133353a1|rpc:172.17.0.2:35095|dataStream:|priority:0], old=null
2021-03-17 02:10:50,945 [grpc-default-executor-5] INFO  ratis.XceiverServerRatis (XceiverServerRatis.java:handleLeaderChangedNotification(899)) - Leader change notification received for group: group-8392A6716DDC with new leaderId: c22503ba-573b-463b-9e1c-de44cfeb847d
2021-03-17 02:10:50,945 [grpc-default-executor-5] INFO  server.RaftServer$Division (ServerState.java:setLeader(271)) - 13cb06b2-640f-4fce-af7e-e16c133353a1@group-8392A6716DDC: change Leader from null to c22503ba-573b-463b-9e1c-de44cfeb847d at term 1 for appendEntries, leader elected after 4977ms
2021-03-17 02:10:50,946 [grpc-default-executor-4] INFO  segmented.SegmentedRaftLogWorker (SegmentedRaftLogWorker.java:startLogSegment(392)) - 7be7a3ee-2c60-4daa-92d5-fce366cccc9d@group-8392A6716DDC-SegmentedRaftLogWorker: Starting segment from index:0
2021-03-17 02:10:50,948 [7be7a3ee-2c60-4daa-92d5-fce366cccc9d@group-8392A6716DDC-SegmentedRaftLogWorker] INFO  segmented.SegmentedRaftLogWorker (SegmentedRaftLogWorker.java:execute(599)) - 7be7a3ee-2c60-4daa-92d5-fce366cccc9d@group-8392A6716DDC-SegmentedRaftLogWorker: created new log segment /github/workspace/mnt/ozone/hadoop-ozone/integration-test/target/test-dir/MiniOzoneClusterImpl-5543d78b-3109-4325-8e4d-d24bfba87b26/datanode-1/data/ratis/9e161d5c-af13-4e41-81f9-8392a6716ddc/current/log_inprogress_0
2021-03-17 02:10:50,953 [grpc-default-executor-4] INFO  server.RaftServer$Division (ServerState.java:setRaftConf(373)) - 13cb06b2-640f-4fce-af7e-e16c133353a1@group-8392A6716DDC: set configuration 0: [c22503ba-573b-463b-9e1c-de44cfeb847d|rpc:172.17.0.2:34901|dataStream:|priority:1, 7be7a3ee-2c60-4daa-92d5-fce366cccc9d|rpc:172.17.0.2:39539|dataStream:|priority:0, 13cb06b2-640f-4fce-af7e-e16c133353a1|rpc:172.17.0.2:35095|dataStream:|priority:0], old=null
2021-03-17 02:10:50,953 [grpc-default-executor-4] INFO  segmented.SegmentedRaftLogWorker (SegmentedRaftLogWorker.java:startLogSegment(392)) - 13cb06b2-640f-4fce-af7e-e16c133353a1@group-8392A6716DDC-SegmentedRaftLogWorker: Starting segment from index:0
2021-03-17 02:10:50,955 [13cb06b2-640f-4fce-af7e-e16c133353a1@group-8392A6716DDC-SegmentedRaftLogWorker] INFO  segmented.SegmentedRaftLogWorker (SegmentedRaftLogWorker.java:execute(599)) - 13cb06b2-640f-4fce-af7e-e16c133353a1@group-8392A6716DDC-SegmentedRaftLogWorker: created new log segment /github/workspace/mnt/ozone/hadoop-ozone/integration-test/target/test-dir/MiniOzoneClusterImpl-5543d78b-3109-4325-8e4d-d24bfba87b26/datanode-6/data/ratis/9e161d5c-af13-4e41-81f9-8392a6716ddc/current/log_inprogress_0
2021-03-17 02:10:51,069 [Thread-1053] INFO  impl.FollowerState (FollowerState.java:run(133)) - c22503ba-573b-463b-9e1c-de44cfeb847d@group-37052FC88D07-FollowerState: change to CANDIDATE, lastRpcElapsedTime:5017973395ns, electionTimeout:5017ms
2021-03-17 02:10:51,070 [Thread-1053] INFO  impl.RoleInfo (RoleInfo.java:shutdownFollowerState(108)) - c22503ba-573b-463b-9e1c-de44cfeb847d: shutdown c22503ba-573b-463b-9e1c-de44cfeb847d@group-37052FC88D07-FollowerState
2021-03-17 02:10:51,070 [Thread-1053] INFO  server.RaftServer$Division (RaftServerImpl.java:setRole(284)) - c22503ba-573b-463b-9e1c-de44cfeb847d@group-37052FC88D07: changes role from  FOLLOWER to CANDIDATE at term 0 for changeToCandidate
2021-03-17 02:10:51,070 [Thread-1053] INFO  server.RaftServerConfigKeys (ConfUtils.java:logGet(44)) - raft.server.leaderelection.pre-vote = false (custom)
2021-03-17 02:10:51,070 [Thread-1053] INFO  impl.RoleInfo (RoleInfo.java:updateAndGet(130)) - c22503ba-573b-463b-9e1c-de44cfeb847d: start c22503ba-573b-463b-9e1c-de44cfeb847d@group-37052FC88D07-LeaderElection47
2021-03-17 02:10:51,072 [c22503ba-573b-463b-9e1c-de44cfeb847d@group-37052FC88D07-LeaderElection47] INFO  impl.LeaderElection (LeaderElection.java:askForVotes(307)) - c22503ba-573b-463b-9e1c-de44cfeb847d@group-37052FC88D07-LeaderElection47 ELECTION round 0: submit vote requests at term 1 for -1: [c22503ba-573b-463b-9e1c-de44cfeb847d|rpc:172.17.0.2:34901|dataStream:|priority:0, 7be7a3ee-2c60-4daa-92d5-fce366cccc9d|rpc:172.17.0.2:39539|dataStream:|priority:1, 13cb06b2-640f-4fce-af7e-e16c133353a1|rpc:172.17.0.2:35095|dataStream:|priority:0], old=null
2021-03-17 02:10:51,074 [grpc-default-executor-4] INFO  server.RaftServer$Division (RaftServerImpl.java:requestVote(1025)) - 7be7a3ee-2c60-4daa-92d5-fce366cccc9d@group-37052FC88D07: receive requestVote(ELECTION, c22503ba-573b-463b-9e1c-de44cfeb847d, group-37052FC88D07, 1, (t:0, i:0))
2021-03-17 02:10:51,074 [grpc-default-executor-4] INFO  impl.VoteContext (VoteContext.java:log(48)) - 7be7a3ee-2c60-4daa-92d5-fce366cccc9d@group-37052FC88D07-FOLLOWER: reject ELECTION from c22503ba-573b-463b-9e1c-de44cfeb847d: our priority 1 > candidate's priority 0
2021-03-17 02:10:51,074 [grpc-default-executor-4] INFO  server.RaftServer$Division (RaftServerImpl.java:setRole(284)) - 7be7a3ee-2c60-4daa-92d5-fce366cccc9d@group-37052FC88D07: changes role from  FOLLOWER to FOLLOWER at term 1 for candidate:c22503ba-573b-463b-9e1c-de44cfeb847d
2021-03-17 02:10:51,074 [grpc-default-executor-4] INFO  impl.RoleInfo (RoleInfo.java:shutdownFollowerState(108)) - 7be7a3ee-2c60-4daa-92d5-fce366cccc9d: shutdown 7be7a3ee-2c60-4daa-92d5-fce366cccc9d@group-37052FC88D07-FollowerState
2021-03-17 02:10:51,074 [grpc-default-executor-4] INFO  impl.RoleInfo (RoleInfo.java:updateAndGet(130)) - 7be7a3ee-2c60-4daa-92d5-fce366cccc9d: start 7be7a3ee-2c60-4daa-92d5-fce366cccc9d@group-37052FC88D07-FollowerState
2021-03-17 02:10:51,074 [Thread-1051] INFO  impl.FollowerState (FollowerState.java:run(142)) - 7be7a3ee-2c60-4daa-92d5-fce366cccc9d@group-37052FC88D07-FollowerState was interrupted: {}
java.lang.InterruptedException: sleep interrupted
	at java.lang.Thread.sleep(Native Method)
	at java.lang.Thread.sleep(Thread.java:340)
	at java.util.concurrent.TimeUnit.sleep(TimeUnit.java:386)
	at org.apache.ratis.util.TimeDuration.sleep(TimeDuration.java:324)
	at org.apache.ratis.util.TimeDuration.sleep(TimeDuration.java:309)
	at org.apache.ratis.server.impl.FollowerState.run(FollowerState.java:117)
2021-03-17 02:10:51,074 [grpc-default-executor-5] INFO  server.RaftServer$Division (RaftServerImpl.java:requestVote(1025)) - 13cb06b2-640f-4fce-af7e-e16c133353a1@group-37052FC88D07: receive requestVote(ELECTION, c22503ba-573b-463b-9e1c-de44cfeb847d, group-37052FC88D07, 1, (t:0, i:0))
2021-03-17 02:10:51,075 [grpc-default-executor-5] INFO  impl.VoteContext (VoteContext.java:log(48)) - 13cb06b2-640f-4fce-af7e-e16c133353a1@group-37052FC88D07-FOLLOWER: accept ELECTION from c22503ba-573b-463b-9e1c-de44cfeb847d: our priority 0 <= candidate's priority 0
2021-03-17 02:10:51,075 [grpc-default-executor-5] INFO  server.RaftServer$Division (RaftServerImpl.java:setRole(284)) - 13cb06b2-640f-4fce-af7e-e16c133353a1@group-37052FC88D07: changes role from  FOLLOWER to FOLLOWER at term 1 for candidate:c22503ba-573b-463b-9e1c-de44cfeb847d
2021-03-17 02:10:51,075 [grpc-default-executor-5] INFO  impl.RoleInfo (RoleInfo.java:shutdownFollowerState(108)) - 13cb06b2-640f-4fce-af7e-e16c133353a1: shutdown 13cb06b2-640f-4fce-af7e-e16c133353a1@group-37052FC88D07-FollowerState
2021-03-17 02:10:51,075 [grpc-default-executor-5] INFO  impl.RoleInfo (RoleInfo.java:updateAndGet(130)) - 13cb06b2-640f-4fce-af7e-e16c133353a1: start 13cb06b2-640f-4fce-af7e-e16c133353a1@group-37052FC88D07-FollowerState
2021-03-17 02:10:51,075 [Thread-1056] INFO  impl.FollowerState (FollowerState.java:run(142)) - 13cb06b2-640f-4fce-af7e-e16c133353a1@group-37052FC88D07-FollowerState was interrupted: {}
java.lang.InterruptedException: sleep interrupted
	at java.lang.Thread.sleep(Native Method)
	at java.lang.Thread.sleep(Thread.java:340)
	at java.util.concurrent.TimeUnit.sleep(TimeUnit.java:386)
	at org.apache.ratis.util.TimeDuration.sleep(TimeDuration.java:324)
	at org.apache.ratis.util.TimeDuration.sleep(TimeDuration.java:309)
	at org.apache.ratis.server.impl.FollowerState.run(FollowerState.java:117)
2021-03-17 02:10:51,076 [grpc-default-executor-4] INFO  server.RaftServer$Division (RaftServerImpl.java:requestVote(1057)) - 7be7a3ee-2c60-4daa-92d5-fce366cccc9d@group-37052FC88D07 replies to ELECTION vote request: c22503ba-573b-463b-9e1c-de44cfeb847d<-7be7a3ee-2c60-4daa-92d5-fce366cccc9d#0:FAIL-t1. Peer's state: 7be7a3ee-2c60-4daa-92d5-fce366cccc9d@group-37052FC88D07:t1, leader=null, voted=null, raftlog=7be7a3ee-2c60-4daa-92d5-fce366cccc9d@group-37052FC88D07-SegmentedRaftLog:OPENED:c-1,f-1,i0, conf=-1: [c22503ba-573b-463b-9e1c-de44cfeb847d|rpc:172.17.0.2:34901|priority:0, 7be7a3ee-2c60-4daa-92d5-fce366cccc9d|rpc:172.17.0.2:39539|priority:1, 13cb06b2-640f-4fce-af7e-e16c133353a1|rpc:172.17.0.2:35095|priority:0], old=null
2021-03-17 02:10:51,076 [grpc-default-executor-5] INFO  server.RaftServer$Division (RaftServerImpl.java:requestVote(1057)) - 13cb06b2-640f-4fce-af7e-e16c133353a1@group-37052FC88D07 replies to ELECTION vote request: c22503ba-573b-463b-9e1c-de44cfeb847d<-13cb06b2-640f-4fce-af7e-e16c133353a1#0:OK-t1. Peer's state: 13cb06b2-640f-4fce-af7e-e16c133353a1@group-37052FC88D07:t1, leader=null, voted=c22503ba-573b-463b-9e1c-de44cfeb847d, raftlog=13cb06b2-640f-4fce-af7e-e16c133353a1@group-37052FC88D07-SegmentedRaftLog:OPENED:c-1,f-1,i0, conf=-1: [c22503ba-573b-463b-9e1c-de44cfeb847d|rpc:172.17.0.2:34901|dataStream:|priority:0, 7be7a3ee-2c60-4daa-92d5-fce366cccc9d|rpc:172.17.0.2:39539|dataStream:|priority:1, 13cb06b2-640f-4fce-af7e-e16c133353a1|rpc:172.17.0.2:35095|dataStream:|priority:0], old=null
2021-03-17 02:10:51,078 [c22503ba-573b-463b-9e1c-de44cfeb847d@group-37052FC88D07-LeaderElection47] INFO  impl.LeaderElection (LeaderElection.java:logAndReturn(89)) - c22503ba-573b-463b-9e1c-de44cfeb847d@group-37052FC88D07-LeaderElection47: ELECTION REJECTED received 1 response(s) and 0 exception(s):
2021-03-17 02:10:51,078 [c22503ba-573b-463b-9e1c-de44cfeb847d@group-37052FC88D07-LeaderElection47] INFO  impl.LeaderElection (LeaderElection.java:logAndReturn(93)) -   Response 0: c22503ba-573b-463b-9e1c-de44cfeb847d<-7be7a3ee-2c60-4daa-92d5-fce366cccc9d#0:FAIL-t1
2021-03-17 02:10:51,078 [c22503ba-573b-463b-9e1c-de44cfeb847d@group-37052FC88D07-LeaderElection47] INFO  impl.LeaderElection (LeaderElection.java:askForVotes(309)) - c22503ba-573b-463b-9e1c-de44cfeb847d@group-37052FC88D07-LeaderElection47 ELECTION round 0: result REJECTED
2021-03-17 02:10:51,078 [c22503ba-573b-463b-9e1c-de44cfeb847d@group-37052FC88D07-LeaderElection47] INFO  server.RaftServer$Division (RaftServerImpl.java:setRole(284)) - c22503ba-573b-463b-9e1c-de44cfeb847d@group-37052FC88D07: changes role from CANDIDATE to FOLLOWER at term 1 for REJECTED
2021-03-17 02:10:51,078 [c22503ba-573b-463b-9e1c-de44cfeb847d@group-37052FC88D07-LeaderElection47] INFO  impl.RoleInfo (RoleInfo.java:shutdownLeaderElection(121)) - c22503ba-573b-463b-9e1c-de44cfeb847d: shutdown c22503ba-573b-463b-9e1c-de44cfeb847d@group-37052FC88D07-LeaderElection47
2021-03-17 02:10:51,078 [c22503ba-573b-463b-9e1c-de44cfeb847d@group-37052FC88D07-LeaderElection47] INFO  impl.RoleInfo (RoleInfo.java:updateAndGet(130)) - c22503ba-573b-463b-9e1c-de44cfeb847d: start c22503ba-573b-463b-9e1c-de44cfeb847d@group-37052FC88D07-FollowerState
2021-03-17 02:10:52,037 [Command processor thread] WARN  server.RaftServer (RaftServerProxy.java:remove(101)) - c22503ba-573b-463b-9e1c-de44cfeb847d: does not contain group: group-FAE0631FEBCD
2021-03-17 02:10:52,037 [Command processor thread] ERROR commandhandler.ClosePipelineCommandHandler (ClosePipelineCommandHandler.java:handle(78)) - Can't close pipeline PipelineID=05ce0818-b588-4728-ba10-fae0631febcd
java.io.IOException: c22503ba-573b-463b-9e1c-de44cfeb847d: Group group-FAE0631FEBCD not found.
	at org.apache.hadoop.ozone.container.common.transport.server.ratis.XceiverServerRatis.removeGroup(XceiverServerRatis.java:819)
	at org.apache.hadoop.ozone.container.common.statemachine.commandhandler.ClosePipelineCommandHandler.handle(ClosePipelineCommandHandler.java:74)
	at org.apache.hadoop.ozone.container.common.statemachine.commandhandler.CommandDispatcher.handle(CommandDispatcher.java:99)
	at org.apache.hadoop.ozone.container.common.statemachine.DatanodeStateMachine.lambda$initCommandHandlerThread$2(DatanodeStateMachine.java:506)
	at java.lang.Thread.run(Thread.java:748)
Caused by: org.apache.ratis.protocol.exceptions.GroupMismatchException: c22503ba-573b-463b-9e1c-de44cfeb847d: Group group-FAE0631FEBCD not found.
	at org.apache.ratis.server.impl.RaftServerProxy.groupRemoveAsync(RaftServerProxy.java:504)
	at org.apache.ratis.server.impl.RaftServerProxy.groupManagementAsync(RaftServerProxy.java:460)
	at org.apache.ratis.server.impl.RaftServerProxy.groupManagement(RaftServerProxy.java:440)
	at org.apache.hadoop.ozone.container.common.transport.server.ratis.XceiverServerRatis.removeGroup(XceiverServerRatis.java:817)
	... 4 more
2021-03-17 02:10:52,038 [Command processor thread] WARN  server.RaftServer (RaftServerProxy.java:remove(101)) - c22503ba-573b-463b-9e1c-de44cfeb847d: does not contain group: group-0D254D493D02
2021-03-17 02:10:52,038 [Command processor thread] ERROR commandhandler.ClosePipelineCommandHandler (ClosePipelineCommandHandler.java:handle(78)) - Can't close pipeline PipelineID=8ff1614f-e393-4bbd-a079-0d254d493d02
java.io.IOException: c22503ba-573b-463b-9e1c-de44cfeb847d: Group group-0D254D493D02 not found.
	at org.apache.hadoop.ozone.container.common.transport.server.ratis.XceiverServerRatis.removeGroup(XceiverServerRatis.java:819)
	at org.apache.hadoop.ozone.container.common.statemachine.commandhandler.ClosePipelineCommandHandler.handle(ClosePipelineCommandHandler.java:74)
	at org.apache.hadoop.ozone.container.common.statemachine.commandhandler.CommandDispatcher.handle(CommandDispatcher.java:99)
	at org.apache.hadoop.ozone.container.common.statemachine.DatanodeStateMachine.lambda$initCommandHandlerThread$2(DatanodeStateMachine.java:506)
	at java.lang.Thread.run(Thread.java:748)
Caused by: org.apache.ratis.protocol.exceptions.GroupMismatchException: c22503ba-573b-463b-9e1c-de44cfeb847d: Group group-0D254D493D02 not found.
	at org.apache.ratis.server.impl.RaftServerProxy.groupRemoveAsync(RaftServerProxy.java:504)
	at org.apache.ratis.server.impl.RaftServerProxy.groupManagementAsync(RaftServerProxy.java:460)
	at org.apache.ratis.server.impl.RaftServerProxy.groupManagement(RaftServerProxy.java:440)
	at org.apache.hadoop.ozone.container.common.transport.server.ratis.XceiverServerRatis.removeGroup(XceiverServerRatis.java:817)
	... 4 more
2021-03-17 02:10:52,042 [Command processor thread] WARN  server.RaftServer (RaftServerProxy.java:remove(101)) - c22503ba-573b-463b-9e1c-de44cfeb847d: does not contain group: group-FAE0631FEBCD
2021-03-17 02:10:52,042 [Command processor thread] ERROR commandhandler.ClosePipelineCommandHandler (ClosePipelineCommandHandler.java:handle(78)) - Can't close pipeline PipelineID=05ce0818-b588-4728-ba10-fae0631febcd
java.io.IOException: c22503ba-573b-463b-9e1c-de44cfeb847d: Group group-FAE0631FEBCD not found.
	at org.apache.hadoop.ozone.container.common.transport.server.ratis.XceiverServerRatis.removeGroup(XceiverServerRatis.java:819)
	at org.apache.hadoop.ozone.container.common.statemachine.commandhandler.ClosePipelineCommandHandler.handle(ClosePipelineCommandHandler.java:74)
	at org.apache.hadoop.ozone.container.common.statemachine.commandhandler.CommandDispatcher.handle(CommandDispatcher.java:99)
	at org.apache.hadoop.ozone.container.common.statemachine.DatanodeStateMachine.lambda$initCommandHandlerThread$2(DatanodeStateMachine.java:506)
	at java.lang.Thread.run(Thread.java:748)
Caused by: org.apache.ratis.protocol.exceptions.GroupMismatchException: c22503ba-573b-463b-9e1c-de44cfeb847d: Group group-FAE0631FEBCD not found.
	at org.apache.ratis.server.impl.RaftServerProxy.groupRemoveAsync(RaftServerProxy.java:504)
	at org.apache.ratis.server.impl.RaftServerProxy.groupManagementAsync(RaftServerProxy.java:460)
	at org.apache.ratis.server.impl.RaftServerProxy.groupManagement(RaftServerProxy.java:440)
	at org.apache.hadoop.ozone.container.common.transport.server.ratis.XceiverServerRatis.removeGroup(XceiverServerRatis.java:817)
	... 4 more
2021-03-17 02:10:52,042 [Command processor thread] WARN  server.RaftServer (RaftServerProxy.java:remove(101)) - c22503ba-573b-463b-9e1c-de44cfeb847d: does not contain group: group-0D254D493D02
2021-03-17 02:10:52,043 [Command processor thread] ERROR commandhandler.ClosePipelineCommandHandler (ClosePipelineCommandHandler.java:handle(78)) - Can't close pipeline PipelineID=8ff1614f-e393-4bbd-a079-0d254d493d02
java.io.IOException: c22503ba-573b-463b-9e1c-de44cfeb847d: Group group-0D254D493D02 not found.
	at org.apache.hadoop.ozone.container.common.transport.server.ratis.XceiverServerRatis.removeGroup(XceiverServerRatis.java:819)
	at org.apache.hadoop.ozone.container.common.statemachine.commandhandler.ClosePipelineCommandHandler.handle(ClosePipelineCommandHandler.java:74)
	at org.apache.hadoop.ozone.container.common.statemachine.commandhandler.CommandDispatcher.handle(CommandDispatcher.java:99)
	at org.apache.hadoop.ozone.container.common.statemachine.DatanodeStateMachine.lambda$initCommandHandlerThread$2(DatanodeStateMachine.java:506)
	at java.lang.Thread.run(Thread.java:748)
Caused by: org.apache.ratis.protocol.exceptions.GroupMismatchException: c22503ba-573b-463b-9e1c-de44cfeb847d: Group group-0D254D493D02 not found.
	at org.apache.ratis.server.impl.RaftServerProxy.groupRemoveAsync(RaftServerProxy.java:504)
	at org.apache.ratis.server.impl.RaftServerProxy.groupManagementAsync(RaftServerProxy.java:460)
	at org.apache.ratis.server.impl.RaftServerProxy.groupManagement(RaftServerProxy.java:440)
	at org.apache.hadoop.ozone.container.common.transport.server.ratis.XceiverServerRatis.removeGroup(XceiverServerRatis.java:817)
	... 4 more
2021-03-17 02:10:56,113 [Thread-1086] INFO  impl.FollowerState (FollowerState.java:run(133)) - c22503ba-573b-463b-9e1c-de44cfeb847d@group-37052FC88D07-FollowerState: change to CANDIDATE, lastRpcElapsedTime:5034733817ns, electionTimeout:5034ms
2021-03-17 02:10:56,113 [Thread-1086] INFO  impl.RoleInfo (RoleInfo.java:shutdownFollowerState(108)) - c22503ba-573b-463b-9e1c-de44cfeb847d: shutdown c22503ba-573b-463b-9e1c-de44cfeb847d@group-37052FC88D07-FollowerState
2021-03-17 02:10:56,113 [Thread-1086] INFO  server.RaftServer$Division (RaftServerImpl.java:setRole(284)) - c22503ba-573b-463b-9e1c-de44cfeb847d@group-37052FC88D07: changes role from  FOLLOWER to CANDIDATE at term 1 for changeToCandidate
2021-03-17 02:10:56,113 [Thread-1086] INFO  server.RaftServerConfigKeys (ConfUtils.java:logGet(44)) - raft.server.leaderelection.pre-vote = false (custom)
2021-03-17 02:10:56,113 [Thread-1086] INFO  impl.RoleInfo (RoleInfo.java:updateAndGet(130)) - c22503ba-573b-463b-9e1c-de44cfeb847d: start c22503ba-573b-463b-9e1c-de44cfeb847d@group-37052FC88D07-LeaderElection48
2021-03-17 02:10:56,115 [c22503ba-573b-463b-9e1c-de44cfeb847d@group-37052FC88D07-LeaderElection48] INFO  impl.LeaderElection (LeaderElection.java:askForVotes(307)) - c22503ba-573b-463b-9e1c-de44cfeb847d@group-37052FC88D07-LeaderElection48 ELECTION round 0: submit vote requests at term 2 for -1: [c22503ba-573b-463b-9e1c-de44cfeb847d|rpc:172.17.0.2:34901|dataStream:|priority:0, 7be7a3ee-2c60-4daa-92d5-fce366cccc9d|rpc:172.17.0.2:39539|dataStream:|priority:1, 13cb06b2-640f-4fce-af7e-e16c133353a1|rpc:172.17.0.2:35095|dataStream:|priority:0], old=null
2021-03-17 02:10:56,116 [Thread-1084] INFO  impl.FollowerState (FollowerState.java:run(133)) - 7be7a3ee-2c60-4daa-92d5-fce366cccc9d@group-37052FC88D07-FollowerState: change to CANDIDATE, lastRpcElapsedTime:5041921928ns, electionTimeout:5041ms
2021-03-17 02:10:56,116 [Thread-1084] INFO  impl.RoleInfo (RoleInfo.java:shutdownFollowerState(108)) - 7be7a3ee-2c60-4daa-92d5-fce366cccc9d: shutdown 7be7a3ee-2c60-4daa-92d5-fce366cccc9d@group-37052FC88D07-FollowerState
2021-03-17 02:10:56,116 [Thread-1084] INFO  server.RaftServer$Division (RaftServerImpl.java:setRole(284)) - 7be7a3ee-2c60-4daa-92d5-fce366cccc9d@group-37052FC88D07: changes role from  FOLLOWER to CANDIDATE at term 1 for changeToCandidate
2021-03-17 02:10:56,116 [Thread-1084] INFO  server.RaftServerConfigKeys (ConfUtils.java:logGet(44)) - raft.server.leaderelection.pre-vote = false (custom)
2021-03-17 02:10:56,116 [Thread-1084] INFO  impl.RoleInfo (RoleInfo.java:updateAndGet(130)) - 7be7a3ee-2c60-4daa-92d5-fce366cccc9d: start 7be7a3ee-2c60-4daa-92d5-fce366cccc9d@group-37052FC88D07-LeaderElection49
2021-03-17 02:10:56,119 [7be7a3ee-2c60-4daa-92d5-fce366cccc9d@group-37052FC88D07-LeaderElection49] INFO  impl.LeaderElection (LeaderElection.java:askForVotes(307)) - 7be7a3ee-2c60-4daa-92d5-fce366cccc9d@group-37052FC88D07-LeaderElection49 ELECTION round 0: submit vote requests at term 2 for -1: [c22503ba-573b-463b-9e1c-de44cfeb847d|rpc:172.17.0.2:34901|priority:0, 7be7a3ee-2c60-4daa-92d5-fce366cccc9d|rpc:172.17.0.2:39539|priority:1, 13cb06b2-640f-4fce-af7e-e16c133353a1|rpc:172.17.0.2:35095|priority:0], old=null
2021-03-17 02:10:56,119 [grpc-default-executor-1] INFO  server.RaftServer$Division (RaftServerImpl.java:requestVote(1025)) - 13cb06b2-640f-4fce-af7e-e16c133353a1@group-37052FC88D07: receive requestVote(ELECTION, c22503ba-573b-463b-9e1c-de44cfeb847d, group-37052FC88D07, 2, (t:0, i:0))
2021-03-17 02:10:56,119 [grpc-default-executor-1] INFO  impl.VoteContext (VoteContext.java:log(48)) - 13cb06b2-640f-4fce-af7e-e16c133353a1@group-37052FC88D07-FOLLOWER: accept ELECTION from c22503ba-573b-463b-9e1c-de44cfeb847d: our priority 0 <= candidate's priority 0
2021-03-17 02:10:56,119 [grpc-default-executor-1] INFO  server.RaftServer$Division (RaftServerImpl.java:setRole(284)) - 13cb06b2-640f-4fce-af7e-e16c133353a1@group-37052FC88D07: changes role from  FOLLOWER to FOLLOWER at term 2 for candidate:c22503ba-573b-463b-9e1c-de44cfeb847d
2021-03-17 02:10:56,119 [grpc-default-executor-1] INFO  impl.RoleInfo (RoleInfo.java:shutdownFollowerState(108)) - 13cb06b2-640f-4fce-af7e-e16c133353a1: shutdown 13cb06b2-640f-4fce-af7e-e16c133353a1@group-37052FC88D07-FollowerState
2021-03-17 02:10:56,120 [grpc-default-executor-5] INFO  server.RaftServer$Division (RaftServerImpl.java:requestVote(1025)) - 7be7a3ee-2c60-4daa-92d5-fce366cccc9d@group-37052FC88D07: receive requestVote(ELECTION, c22503ba-573b-463b-9e1c-de44cfeb847d, group-37052FC88D07, 2, (t:0, i:0))
2021-03-17 02:10:56,120 [grpc-default-executor-5] INFO  impl.VoteContext (VoteContext.java:log(48)) - 7be7a3ee-2c60-4daa-92d5-fce366cccc9d@group-37052FC88D07-CANDIDATE: reject ELECTION from c22503ba-573b-463b-9e1c-de44cfeb847d: already has voted for 7be7a3ee-2c60-4daa-92d5-fce366cccc9d at current term 2
2021-03-17 02:10:56,120 [grpc-default-executor-5] INFO  server.RaftServer$Division (RaftServerImpl.java:requestVote(1057)) - 7be7a3ee-2c60-4daa-92d5-fce366cccc9d@group-37052FC88D07 replies to ELECTION vote request: c22503ba-573b-463b-9e1c-de44cfeb847d<-7be7a3ee-2c60-4daa-92d5-fce366cccc9d#0:FAIL-t2. Peer's state: 7be7a3ee-2c60-4daa-92d5-fce366cccc9d@group-37052FC88D07:t2, leader=null, voted=7be7a3ee-2c60-4daa-92d5-fce366cccc9d, raftlog=7be7a3ee-2c60-4daa-92d5-fce366cccc9d@group-37052FC88D07-SegmentedRaftLog:OPENED:c-1,f-1,i0, conf=-1: [c22503ba-573b-463b-9e1c-de44cfeb847d|rpc:172.17.0.2:34901|priority:0, 7be7a3ee-2c60-4daa-92d5-fce366cccc9d|rpc:172.17.0.2:39539|priority:1, 13cb06b2-640f-4fce-af7e-e16c133353a1|rpc:172.17.0.2:35095|priority:0], old=null
2021-03-17 02:10:56,121 [grpc-default-executor-1] INFO  impl.RoleInfo (RoleInfo.java:updateAndGet(130)) - 13cb06b2-640f-4fce-af7e-e16c133353a1: start 13cb06b2-640f-4fce-af7e-e16c133353a1@group-37052FC88D07-FollowerState
2021-03-17 02:10:56,121 [Thread-1085] INFO  impl.FollowerState (FollowerState.java:run(142)) - 13cb06b2-640f-4fce-af7e-e16c133353a1@group-37052FC88D07-FollowerState was interrupted: {}
java.lang.InterruptedException: sleep interrupted
	at java.lang.Thread.sleep(Native Method)
	at java.lang.Thread.sleep(Thread.java:340)
	at java.util.concurrent.TimeUnit.sleep(TimeUnit.java:386)
	at org.apache.ratis.util.TimeDuration.sleep(TimeDuration.java:324)
	at org.apache.ratis.util.TimeDuration.sleep(TimeDuration.java:309)
	at org.apache.ratis.server.impl.FollowerState.run(FollowerState.java:117)
2021-03-17 02:10:56,125 [grpc-default-executor-5] INFO  server.RaftServer$Division (RaftServerImpl.java:requestVote(1025)) - c22503ba-573b-463b-9e1c-de44cfeb847d@group-37052FC88D07: receive requestVote(ELECTION, 7be7a3ee-2c60-4daa-92d5-fce366cccc9d, group-37052FC88D07, 2, (t:0, i:0))
2021-03-17 02:10:56,125 [grpc-default-executor-5] INFO  impl.VoteContext (VoteContext.java:log(48)) - c22503ba-573b-463b-9e1c-de44cfeb847d@group-37052FC88D07-CANDIDATE: reject ELECTION from 7be7a3ee-2c60-4daa-92d5-fce366cccc9d: already has voted for c22503ba-573b-463b-9e1c-de44cfeb847d at current term 2
2021-03-17 02:10:56,125 [grpc-default-executor-5] INFO  server.RaftServer$Division (RaftServerImpl.java:requestVote(1057)) - c22503ba-573b-463b-9e1c-de44cfeb847d@group-37052FC88D07 replies to ELECTION vote request: 7be7a3ee-2c60-4daa-92d5-fce366cccc9d<-c22503ba-573b-463b-9e1c-de44cfeb847d#0:FAIL-t2. Peer's state: c22503ba-573b-463b-9e1c-de44cfeb847d@group-37052FC88D07:t2, leader=null, voted=c22503ba-573b-463b-9e1c-de44cfeb847d, raftlog=c22503ba-573b-463b-9e1c-de44cfeb847d@group-37052FC88D07-SegmentedRaftLog:OPENED:c-1,f-1,i0, conf=-1: [c22503ba-573b-463b-9e1c-de44cfeb847d|rpc:172.17.0.2:34901|dataStream:|priority:0, 7be7a3ee-2c60-4daa-92d5-fce366cccc9d|rpc:172.17.0.2:39539|dataStream:|priority:1, 13cb06b2-640f-4fce-af7e-e16c133353a1|rpc:172.17.0.2:35095|dataStream:|priority:0], old=null
2021-03-17 02:10:56,125 [c22503ba-573b-463b-9e1c-de44cfeb847d@group-37052FC88D07-LeaderElection48] INFO  impl.LeaderElection (LeaderElection.java:logAndReturn(89)) - c22503ba-573b-463b-9e1c-de44cfeb847d@group-37052FC88D07-LeaderElection48: ELECTION REJECTED received 1 response(s) and 0 exception(s):
2021-03-17 02:10:56,126 [c22503ba-573b-463b-9e1c-de44cfeb847d@group-37052FC88D07-LeaderElection48] INFO  impl.LeaderElection (LeaderElection.java:logAndReturn(93)) -   Response 0: c22503ba-573b-463b-9e1c-de44cfeb847d<-7be7a3ee-2c60-4daa-92d5-fce366cccc9d#0:FAIL-t2
2021-03-17 02:10:56,126 [c22503ba-573b-463b-9e1c-de44cfeb847d@group-37052FC88D07-LeaderElection48] INFO  impl.LeaderElection (LeaderElection.java:askForVotes(309)) - c22503ba-573b-463b-9e1c-de44cfeb847d@group-37052FC88D07-LeaderElection48 ELECTION round 0: result REJECTED
2021-03-17 02:10:56,126 [c22503ba-573b-463b-9e1c-de44cfeb847d@group-37052FC88D07-LeaderElection48] INFO  server.RaftServer$Division (RaftServerImpl.java:setRole(284)) - c22503ba-573b-463b-9e1c-de44cfeb847d@group-37052FC88D07: changes role from CANDIDATE to FOLLOWER at term 2 for REJECTED
2021-03-17 02:10:56,126 [c22503ba-573b-463b-9e1c-de44cfeb847d@group-37052FC88D07-LeaderElection48] INFO  impl.RoleInfo (RoleInfo.java:shutdownLeaderElection(121)) - c22503ba-573b-463b-9e1c-de44cfeb847d: shutdown c22503ba-573b-463b-9e1c-de44cfeb847d@group-37052FC88D07-LeaderElection48
2021-03-17 02:10:56,126 [c22503ba-573b-463b-9e1c-de44cfeb847d@group-37052FC88D07-LeaderElection48] INFO  impl.RoleInfo (RoleInfo.java:updateAndGet(130)) - c22503ba-573b-463b-9e1c-de44cfeb847d: start c22503ba-573b-463b-9e1c-de44cfeb847d@group-37052FC88D07-FollowerState
2021-03-17 02:10:56,127 [grpc-default-executor-1] INFO  server.RaftServer$Division (RaftServerImpl.java:requestVote(1057)) - 13cb06b2-640f-4fce-af7e-e16c133353a1@group-37052FC88D07 replies to ELECTION vote request: c22503ba-573b-463b-9e1c-de44cfeb847d<-13cb06b2-640f-4fce-af7e-e16c133353a1#0:OK-t2. Peer's state: 13cb06b2-640f-4fce-af7e-e16c133353a1@group-37052FC88D07:t2, leader=null, voted=c22503ba-573b-463b-9e1c-de44cfeb847d, raftlog=13cb06b2-640f-4fce-af7e-e16c133353a1@group-37052FC88D07-SegmentedRaftLog:OPENED:c-1,f-1,i0, conf=-1: [c22503ba-573b-463b-9e1c-de44cfeb847d|rpc:172.17.0.2:34901|dataStream:|priority:0, 7be7a3ee-2c60-4daa-92d5-fce366cccc9d|rpc:172.17.0.2:39539|dataStream:|priority:1, 13cb06b2-640f-4fce-af7e-e16c133353a1|rpc:172.17.0.2:35095|dataStream:|priority:0], old=null
2021-03-17 02:10:56,129 [grpc-default-executor-1] INFO  server.RaftServer$Division (RaftServerImpl.java:requestVote(1025)) - 13cb06b2-640f-4fce-af7e-e16c133353a1@group-37052FC88D07: receive requestVote(ELECTION, 7be7a3ee-2c60-4daa-92d5-fce366cccc9d, group-37052FC88D07, 2, (t:0, i:0))
2021-03-17 02:10:56,129 [grpc-default-executor-1] INFO  impl.VoteContext (VoteContext.java:log(48)) - 13cb06b2-640f-4fce-af7e-e16c133353a1@group-37052FC88D07-FOLLOWER: reject ELECTION from 7be7a3ee-2c60-4daa-92d5-fce366cccc9d: already has voted for c22503ba-573b-463b-9e1c-de44cfeb847d at current term 2
2021-03-17 02:10:56,129 [grpc-default-executor-1] INFO  server.RaftServer$Division (RaftServerImpl.java:requestVote(1057)) - 13cb06b2-640f-4fce-af7e-e16c133353a1@group-37052FC88D07 replies to ELECTION vote request: 7be7a3ee-2c60-4daa-92d5-fce366cccc9d<-13cb06b2-640f-4fce-af7e-e16c133353a1#0:FAIL-t2. Peer's state: 13cb06b2-640f-4fce-af7e-e16c133353a1@group-37052FC88D07:t2, leader=null, voted=c22503ba-573b-463b-9e1c-de44cfeb847d, raftlog=13cb06b2-640f-4fce-af7e-e16c133353a1@group-37052FC88D07-SegmentedRaftLog:OPENED:c-1,f-1,i0, conf=-1: [c22503ba-573b-463b-9e1c-de44cfeb847d|rpc:172.17.0.2:34901|dataStream:|priority:0, 7be7a3ee-2c60-4daa-92d5-fce366cccc9d|rpc:172.17.0.2:39539|dataStream:|priority:1, 13cb06b2-640f-4fce-af7e-e16c133353a1|rpc:172.17.0.2:35095|dataStream:|priority:0], old=null
2021-03-17 02:10:56,129 [7be7a3ee-2c60-4daa-92d5-fce366cccc9d@group-37052FC88D07-LeaderElection49] INFO  impl.LeaderElection (LeaderElection.java:logAndReturn(89)) - 7be7a3ee-2c60-4daa-92d5-fce366cccc9d@group-37052FC88D07-LeaderElection49: ELECTION REJECTED received 2 response(s) and 0 exception(s):
2021-03-17 02:10:56,129 [7be7a3ee-2c60-4daa-92d5-fce366cccc9d@group-37052FC88D07-LeaderElection49] INFO  impl.LeaderElection (LeaderElection.java:logAndReturn(93)) -   Response 0: 7be7a3ee-2c60-4daa-92d5-fce366cccc9d<-c22503ba-573b-463b-9e1c-de44cfeb847d#0:FAIL-t2
2021-03-17 02:10:56,129 [7be7a3ee-2c60-4daa-92d5-fce366cccc9d@group-37052FC88D07-LeaderElection49] INFO  impl.LeaderElection (LeaderElection.java:logAndReturn(93)) -   Response 1: 7be7a3ee-2c60-4daa-92d5-fce366cccc9d<-13cb06b2-640f-4fce-af7e-e16c133353a1#0:FAIL-t2
2021-03-17 02:10:56,129 [7be7a3ee-2c60-4daa-92d5-fce366cccc9d@group-37052FC88D07-LeaderElection49] INFO  impl.LeaderElection (LeaderElection.java:askForVotes(309)) - 7be7a3ee-2c60-4daa-92d5-fce366cccc9d@group-37052FC88D07-LeaderElection49 ELECTION round 0: result REJECTED
2021-03-17 02:10:56,129 [7be7a3ee-2c60-4daa-92d5-fce366cccc9d@group-37052FC88D07-LeaderElection49] INFO  server.RaftServer$Division (RaftServerImpl.java:setRole(284)) - 7be7a3ee-2c60-4daa-92d5-fce366cccc9d@group-37052FC88D07: changes role from CANDIDATE to FOLLOWER at term 2 for REJECTED
2021-03-17 02:10:56,130 [7be7a3ee-2c60-4daa-92d5-fce366cccc9d@group-37052FC88D07-LeaderElection49] INFO  impl.RoleInfo (RoleInfo.java:shutdownLeaderElection(121)) - 7be7a3ee-2c60-4daa-92d5-fce366cccc9d: shutdown 7be7a3ee-2c60-4daa-92d5-fce366cccc9d@group-37052FC88D07-LeaderElection49
2021-03-17 02:10:56,130 [7be7a3ee-2c60-4daa-92d5-fce366cccc9d@group-37052FC88D07-LeaderElection49] INFO  impl.RoleInfo (RoleInfo.java:updateAndGet(130)) - 7be7a3ee-2c60-4daa-92d5-fce366cccc9d: start 7be7a3ee-2c60-4daa-92d5-fce366cccc9d@group-37052FC88D07-FollowerState
2021-03-17 02:11:01,243 [Thread-1106] INFO  impl.FollowerState (FollowerState.java:run(133)) - 13cb06b2-640f-4fce-af7e-e16c133353a1@group-37052FC88D07-FollowerState: change to CANDIDATE, lastRpcElapsedTime:5116491231ns, electionTimeout:5115ms
2021-03-17 02:11:01,244 [Thread-1106] INFO  impl.RoleInfo (RoleInfo.java:shutdownFollowerState(108)) - 13cb06b2-640f-4fce-af7e-e16c133353a1: shutdown 13cb06b2-640f-4fce-af7e-e16c133353a1@group-37052FC88D07-FollowerState
2021-03-17 02:11:01,244 [Thread-1106] INFO  server.RaftServer$Division (RaftServerImpl.java:setRole(284)) - 13cb06b2-640f-4fce-af7e-e16c133353a1@group-37052FC88D07: changes role from  FOLLOWER to CANDIDATE at term 2 for changeToCandidate
2021-03-17 02:11:01,244 [Thread-1106] INFO  server.RaftServerConfigKeys (ConfUtils.java:logGet(44)) - raft.server.leaderelection.pre-vote = false (custom)
2021-03-17 02:11:01,244 [Thread-1106] INFO  impl.RoleInfo (RoleInfo.java:updateAndGet(130)) - 13cb06b2-640f-4fce-af7e-e16c133353a1: start 13cb06b2-640f-4fce-af7e-e16c133353a1@group-37052FC88D07-LeaderElection50
2021-03-17 02:11:01,245 [Thread-1108] INFO  impl.FollowerState (FollowerState.java:run(133)) - 7be7a3ee-2c60-4daa-92d5-fce366cccc9d@group-37052FC88D07-FollowerState: change to CANDIDATE, lastRpcElapsedTime:5115244729ns, electionTimeout:5115ms
2021-03-17 02:11:01,245 [Thread-1108] INFO  impl.RoleInfo (RoleInfo.java:shutdownFollowerState(108)) - 7be7a3ee-2c60-4daa-92d5-fce366cccc9d: shutdown 7be7a3ee-2c60-4daa-92d5-fce366cccc9d@group-37052FC88D07-FollowerState
2021-03-17 02:11:01,245 [Thread-1108] INFO  server.RaftServer$Division (RaftServerImpl.java:setRole(284)) - 7be7a3ee-2c60-4daa-92d5-fce366cccc9d@group-37052FC88D07: changes role from  FOLLOWER to CANDIDATE at term 2 for changeToCandidate
2021-03-17 02:11:01,245 [Thread-1108] INFO  server.RaftServerConfigKeys (ConfUtils.java:logGet(44)) - raft.server.leaderelection.pre-vote = false (custom)
2021-03-17 02:11:01,245 [Thread-1108] INFO  impl.RoleInfo (RoleInfo.java:updateAndGet(130)) - 7be7a3ee-2c60-4daa-92d5-fce366cccc9d: start 7be7a3ee-2c60-4daa-92d5-fce366cccc9d@group-37052FC88D07-LeaderElection51
2021-03-17 02:11:01,246 [7be7a3ee-2c60-4daa-92d5-fce366cccc9d@group-37052FC88D07-LeaderElection51] INFO  impl.LeaderElection (LeaderElection.java:askForVotes(307)) - 7be7a3ee-2c60-4daa-92d5-fce366cccc9d@group-37052FC88D07-LeaderElection51 ELECTION round 0: submit vote requests at term 3 for -1: [c22503ba-573b-463b-9e1c-de44cfeb847d|rpc:172.17.0.2:34901|priority:0, 7be7a3ee-2c60-4daa-92d5-fce366cccc9d|rpc:172.17.0.2:39539|priority:1, 13cb06b2-640f-4fce-af7e-e16c133353a1|rpc:172.17.0.2:35095|priority:0], old=null
2021-03-17 02:11:01,247 [13cb06b2-640f-4fce-af7e-e16c133353a1@group-37052FC88D07-LeaderElection50] INFO  impl.LeaderElection (LeaderElection.java:askForVotes(307)) - 13cb06b2-640f-4fce-af7e-e16c133353a1@group-37052FC88D07-LeaderElection50 ELECTION round 0: submit vote requests at term 3 for -1: [c22503ba-573b-463b-9e1c-de44cfeb847d|rpc:172.17.0.2:34901|dataStream:|priority:0, 7be7a3ee-2c60-4daa-92d5-fce366cccc9d|rpc:172.17.0.2:39539|dataStream:|priority:1, 13cb06b2-640f-4fce-af7e-e16c133353a1|rpc:172.17.0.2:35095|dataStream:|priority:0], old=null
2021-03-17 02:11:01,250 [grpc-default-executor-1] INFO  server.RaftServer$Division (RaftServerImpl.java:requestVote(1025)) - c22503ba-573b-463b-9e1c-de44cfeb847d@group-37052FC88D07: receive requestVote(ELECTION, 7be7a3ee-2c60-4daa-92d5-fce366cccc9d, group-37052FC88D07, 3, (t:0, i:0))
2021-03-17 02:11:01,250 [grpc-default-executor-4] INFO  server.RaftServer$Division (RaftServerImpl.java:requestVote(1025)) - 13cb06b2-640f-4fce-af7e-e16c133353a1@group-37052FC88D07: receive requestVote(ELECTION, 7be7a3ee-2c60-4daa-92d5-fce366cccc9d, group-37052FC88D07, 3, (t:0, i:0))
2021-03-17 02:11:01,250 [grpc-default-executor-1] INFO  impl.VoteContext (VoteContext.java:log(48)) - c22503ba-573b-463b-9e1c-de44cfeb847d@group-37052FC88D07-FOLLOWER: accept ELECTION from 7be7a3ee-2c60-4daa-92d5-fce366cccc9d: our priority 0 <= candidate's priority 1
2021-03-17 02:11:01,250 [grpc-default-executor-4] INFO  impl.VoteContext (VoteContext.java:log(48)) - 13cb06b2-640f-4fce-af7e-e16c133353a1@group-37052FC88D07-CANDIDATE: reject ELECTION from 7be7a3ee-2c60-4daa-92d5-fce366cccc9d: already has voted for 13cb06b2-640f-4fce-af7e-e16c133353a1 at current term 3
2021-03-17 02:11:01,250 [grpc-default-executor-4] INFO  server.RaftServer$Division (RaftServerImpl.java:requestVote(1057)) - 13cb06b2-640f-4fce-af7e-e16c133353a1@group-37052FC88D07 replies to ELECTION vote request: 7be7a3ee-2c60-4daa-92d5-fce366cccc9d<-13cb06b2-640f-4fce-af7e-e16c133353a1#0:FAIL-t3. Peer's state: 13cb06b2-640f-4fce-af7e-e16c133353a1@group-37052FC88D07:t3, leader=null, voted=13cb06b2-640f-4fce-af7e-e16c133353a1, raftlog=13cb06b2-640f-4fce-af7e-e16c133353a1@group-37052FC88D07-SegmentedRaftLog:OPENED:c-1,f-1,i0, conf=-1: [c22503ba-573b-463b-9e1c-de44cfeb847d|rpc:172.17.0.2:34901|dataStream:|priority:0, 7be7a3ee-2c60-4daa-92d5-fce366cccc9d|rpc:172.17.0.2:39539|dataStream:|priority:1, 13cb06b2-640f-4fce-af7e-e16c133353a1|rpc:172.17.0.2:35095|dataStream:|priority:0], old=null
2021-03-17 02:11:01,250 [grpc-default-executor-1] INFO  server.RaftServer$Division (RaftServerImpl.java:setRole(284)) - c22503ba-573b-463b-9e1c-de44cfeb847d@group-37052FC88D07: changes role from  FOLLOWER to FOLLOWER at term 3 for candidate:7be7a3ee-2c60-4daa-92d5-fce366cccc9d
2021-03-17 02:11:01,251 [grpc-default-executor-1] INFO  impl.RoleInfo (RoleInfo.java:shutdownFollowerState(108)) - c22503ba-573b-463b-9e1c-de44cfeb847d: shutdown c22503ba-573b-463b-9e1c-de44cfeb847d@group-37052FC88D07-FollowerState
2021-03-17 02:11:01,251 [grpc-default-executor-1] INFO  impl.RoleInfo (RoleInfo.java:updateAndGet(130)) - c22503ba-573b-463b-9e1c-de44cfeb847d: start c22503ba-573b-463b-9e1c-de44cfeb847d@group-37052FC88D07-FollowerState
2021-03-17 02:11:01,254 [Thread-1107] INFO  impl.FollowerState (FollowerState.java:run(142)) - c22503ba-573b-463b-9e1c-de44cfeb847d@group-37052FC88D07-FollowerState was interrupted: {}
java.lang.InterruptedException: sleep interrupted
	at java.lang.Thread.sleep(Native Method)
	at java.lang.Thread.sleep(Thread.java:340)
	at java.util.concurrent.TimeUnit.sleep(TimeUnit.java:386)
	at org.apache.ratis.util.TimeDuration.sleep(TimeDuration.java:324)
	at org.apache.ratis.util.TimeDuration.sleep(TimeDuration.java:309)
	at org.apache.ratis.server.impl.FollowerState.run(FollowerState.java:117)
2021-03-17 02:11:01,261 [grpc-default-executor-1] INFO  server.RaftServer$Division (RaftServerImpl.java:requestVote(1057)) - c22503ba-573b-463b-9e1c-de44cfeb847d@group-37052FC88D07 replies to ELECTION vote request: 7be7a3ee-2c60-4daa-92d5-fce366cccc9d<-c22503ba-573b-463b-9e1c-de44cfeb847d#0:OK-t3. Peer's state: c22503ba-573b-463b-9e1c-de44cfeb847d@group-37052FC88D07:t3, leader=null, voted=7be7a3ee-2c60-4daa-92d5-fce366cccc9d, raftlog=c22503ba-573b-463b-9e1c-de44cfeb847d@group-37052FC88D07-SegmentedRaftLog:OPENED:c-1,f-1,i0, conf=-1: [c22503ba-573b-463b-9e1c-de44cfeb847d|rpc:172.17.0.2:34901|dataStream:|priority:0, 7be7a3ee-2c60-4daa-92d5-fce366cccc9d|rpc:172.17.0.2:39539|dataStream:|priority:1, 13cb06b2-640f-4fce-af7e-e16c133353a1|rpc:172.17.0.2:35095|dataStream:|priority:0], old=null
2021-03-17 02:11:01,262 [7be7a3ee-2c60-4daa-92d5-fce366cccc9d@group-37052FC88D07-LeaderElection51] INFO  impl.LeaderElection (LeaderElection.java:logAndReturn(89)) - 7be7a3ee-2c60-4daa-92d5-fce366cccc9d@group-37052FC88D07-LeaderElection51: ELECTION PASSED received 2 response(s) and 0 exception(s):
2021-03-17 02:11:01,262 [7be7a3ee-2c60-4daa-92d5-fce366cccc9d@group-37052FC88D07-LeaderElection51] INFO  impl.LeaderElection (LeaderElection.java:logAndReturn(93)) -   Response 0: 7be7a3ee-2c60-4daa-92d5-fce366cccc9d<-c22503ba-573b-463b-9e1c-de44cfeb847d#0:OK-t3
2021-03-17 02:11:01,262 [7be7a3ee-2c60-4daa-92d5-fce366cccc9d@group-37052FC88D07-LeaderElection51] INFO  impl.LeaderElection (LeaderElection.java:logAndReturn(93)) -   Response 1: 7be7a3ee-2c60-4daa-92d5-fce366cccc9d<-13cb06b2-640f-4fce-af7e-e16c133353a1#0:FAIL-t3
2021-03-17 02:11:01,262 [7be7a3ee-2c60-4daa-92d5-fce366cccc9d@group-37052FC88D07-LeaderElection51] INFO  impl.LeaderElection (LeaderElection.java:askForVotes(309)) - 7be7a3ee-2c60-4daa-92d5-fce366cccc9d@group-37052FC88D07-LeaderElection51 ELECTION round 0: result PASSED
2021-03-17 02:11:01,262 [7be7a3ee-2c60-4daa-92d5-fce366cccc9d@group-37052FC88D07-LeaderElection51] INFO  impl.RoleInfo (RoleInfo.java:shutdownLeaderElection(121)) - 7be7a3ee-2c60-4daa-92d5-fce366cccc9d: shutdown 7be7a3ee-2c60-4daa-92d5-fce366cccc9d@group-37052FC88D07-LeaderElection51
2021-03-17 02:11:01,262 [7be7a3ee-2c60-4daa-92d5-fce366cccc9d@group-37052FC88D07-LeaderElection51] INFO  server.RaftServer$Division (RaftServerImpl.java:setRole(284)) - 7be7a3ee-2c60-4daa-92d5-fce366cccc9d@group-37052FC88D07: changes role from CANDIDATE to LEADER at term 3 for changeToLeader
2021-03-17 02:11:01,262 [7be7a3ee-2c60-4daa-92d5-fce366cccc9d@group-37052FC88D07-LeaderElection51] INFO  ratis.XceiverServerRatis (XceiverServerRatis.java:handleLeaderChangedNotification(899)) - Leader change notification received for group: group-37052FC88D07 with new leaderId: 7be7a3ee-2c60-4daa-92d5-fce366cccc9d
2021-03-17 02:11:01,262 [7be7a3ee-2c60-4daa-92d5-fce366cccc9d@group-37052FC88D07-LeaderElection51] INFO  server.RaftServer$Division (ServerState.java:setLeader(271)) - 7be7a3ee-2c60-4daa-92d5-fce366cccc9d@group-37052FC88D07: change Leader from null to 7be7a3ee-2c60-4daa-92d5-fce366cccc9d at term 3 for becomeLeader, leader elected after 15242ms
2021-03-17 02:11:01,263 [7be7a3ee-2c60-4daa-92d5-fce366cccc9d@group-37052FC88D07-LeaderElection51] INFO  server.RaftServerConfigKeys (ConfUtils.java:logGet(44)) - raft.server.staging.catchup.gap = 1000 (default)
2021-03-17 02:11:01,263 [7be7a3ee-2c60-4daa-92d5-fce366cccc9d@group-37052FC88D07-LeaderElection51] INFO  metrics.RatisMetrics (RatisMetrics.java:lambda$create$0(36)) - Creating Metrics Registry : ratis.log_appender.7be7a3ee-2c60-4daa-92d5-fce366cccc9d@group-37052FC88D07
2021-03-17 02:11:01,263 [7be7a3ee-2c60-4daa-92d5-fce366cccc9d@group-37052FC88D07-LeaderElection51] INFO  server.RaftServerConfigKeys (ConfUtils.java:logGet(44)) - raft.server.write.element-limit = 1024 (custom)
2021-03-17 02:11:01,263 [7be7a3ee-2c60-4daa-92d5-fce366cccc9d@group-37052FC88D07-LeaderElection51] INFO  server.RaftServerConfigKeys (ConfUtils.java:logGet(44)) - raft.server.write.byte-limit = 1073741824 (custom)
2021-03-17 02:11:01,263 [7be7a3ee-2c60-4daa-92d5-fce366cccc9d@group-37052FC88D07-LeaderElection51] INFO  server.RaftServerConfigKeys (ConfUtils.java:logGet(44)) - raft.server.watch.timeout = 3000ms (custom)
2021-03-17 02:11:01,263 [7be7a3ee-2c60-4daa-92d5-fce366cccc9d@group-37052FC88D07-LeaderElection51] INFO  server.RaftServerConfigKeys (ConfUtils.java:logGet(44)) - raft.server.watch.timeout.denomination = 1s (default)
2021-03-17 02:11:01,263 [7be7a3ee-2c60-4daa-92d5-fce366cccc9d@group-37052FC88D07-LeaderElection51] INFO  server.RaftServerConfigKeys (ConfUtils.java:logGet(44)) - raft.server.watch.element-limit = 65536 (default)
2021-03-17 02:11:01,263 [grpc-default-executor-1] INFO  server.RaftServer$Division (RaftServerImpl.java:requestVote(1025)) - 7be7a3ee-2c60-4daa-92d5-fce366cccc9d@group-37052FC88D07: receive requestVote(ELECTION, 13cb06b2-640f-4fce-af7e-e16c133353a1, group-37052FC88D07, 3, (t:0, i:0))
2021-03-17 02:11:01,263 [7be7a3ee-2c60-4daa-92d5-fce366cccc9d@group-37052FC88D07-LeaderElection51] INFO  server.RaftServerConfigKeys (ConfUtils.java:logGet(44)) - raft.server.log.appender.snapshot.chunk.size.max = 16MB (=16777216) (default)
2021-03-17 02:11:01,264 [7be7a3ee-2c60-4daa-92d5-fce366cccc9d@group-37052FC88D07-LeaderElection51] INFO  server.RaftServerConfigKeys (ConfUtils.java:logGet(44)) - raft.server.log.appender.buffer.byte-limit = 33554432 (custom)
2021-03-17 02:11:01,264 [7be7a3ee-2c60-4daa-92d5-fce366cccc9d@group-37052FC88D07-LeaderElection51] INFO  server.RaftServerConfigKeys (ConfUtils.java:logGet(44)) - raft.server.log.appender.buffer.element-limit = 1 (custom)
2021-03-17 02:11:01,264 [7be7a3ee-2c60-4daa-92d5-fce366cccc9d@group-37052FC88D07-LeaderElection51] INFO  grpc.GrpcConfigKeys (ConfUtils.java:logGet(44)) - raft.grpc.server.leader.outstanding.appends.max = 128 (default)
2021-03-17 02:11:01,264 [7be7a3ee-2c60-4daa-92d5-fce366cccc9d@group-37052FC88D07-LeaderElection51] INFO  server.RaftServerConfigKeys (ConfUtils.java:logGet(44)) - raft.server.rpc.request.timeout = 3000ms (default)
2021-03-17 02:11:01,264 [7be7a3ee-2c60-4daa-92d5-fce366cccc9d@group-37052FC88D07-LeaderElection51] INFO  server.RaftServerConfigKeys (ConfUtils.java:logGet(44)) - raft.server.log.appender.install.snapshot.enabled = false (custom)
2021-03-17 02:11:01,264 [7be7a3ee-2c60-4daa-92d5-fce366cccc9d@group-37052FC88D07-LeaderElection51] INFO  metrics.RatisMetrics (RatisMetrics.java:lambda$create$0(36)) - Creating Metrics Registry : ratis_grpc.log_appender.7be7a3ee-2c60-4daa-92d5-fce366cccc9d@group-37052FC88D07
2021-03-17 02:11:01,265 [7be7a3ee-2c60-4daa-92d5-fce366cccc9d@group-37052FC88D07-LeaderElection51] INFO  server.RaftServerConfigKeys (ConfUtils.java:logGet(44)) - raft.server.log.appender.snapshot.chunk.size.max = 16MB (=16777216) (default)
2021-03-17 02:11:01,265 [7be7a3ee-2c60-4daa-92d5-fce366cccc9d@group-37052FC88D07-LeaderElection51] INFO  server.RaftServerConfigKeys (ConfUtils.java:logGet(44)) - raft.server.log.appender.buffer.byte-limit = 33554432 (custom)
2021-03-17 02:11:01,265 [7be7a3ee-2c60-4daa-92d5-fce366cccc9d@group-37052FC88D07-LeaderElection51] INFO  server.RaftServerConfigKeys (ConfUtils.java:logGet(44)) - raft.server.log.appender.buffer.element-limit = 1 (custom)
2021-03-17 02:11:01,265 [7be7a3ee-2c60-4daa-92d5-fce366cccc9d@group-37052FC88D07-LeaderElection51] INFO  grpc.GrpcConfigKeys (ConfUtils.java:logGet(44)) - raft.grpc.server.leader.outstanding.appends.max = 128 (default)
2021-03-17 02:11:01,265 [7be7a3ee-2c60-4daa-92d5-fce366cccc9d@group-37052FC88D07-LeaderElection51] INFO  server.RaftServerConfigKeys (ConfUtils.java:logGet(44)) - raft.server.rpc.request.timeout = 3000ms (default)
2021-03-17 02:11:01,266 [7be7a3ee-2c60-4daa-92d5-fce366cccc9d@group-37052FC88D07-LeaderElection51] INFO  server.RaftServerConfigKeys (ConfUtils.java:logGet(44)) - raft.server.log.appender.install.snapshot.enabled = false (custom)
2021-03-17 02:11:01,266 [EventQueue-PipelineReportForPipelineReportHandler] INFO  pipeline.PipelineStateManager (PipelineStateManager.java:openPipeline(132)) - Pipeline Pipeline[ Id: 8e45f5d2-8210-4733-a569-37052fc88d07, Nodes: c22503ba-573b-463b-9e1c-de44cfeb847d{ip: 172.17.0.2, host: 70ca58e12b9b, ports: [REPLICATION=42099, RATIS=34901, RATIS_ADMIN=34901, RATIS_SERVER=34901, STANDALONE=45037], networkLocation: /default-rack, certSerialId: null, persistedOpState: IN_SERVICE, persistedOpStateExpiryEpochSec: 0}7be7a3ee-2c60-4daa-92d5-fce366cccc9d{ip: 172.17.0.2, host: 70ca58e12b9b, ports: [REPLICATION=41363, RATIS=39539, RATIS_ADMIN=39539, RATIS_SERVER=39539, STANDALONE=33895], networkLocation: /default-rack, certSerialId: null, persistedOpState: IN_SERVICE, persistedOpStateExpiryEpochSec: 0}13cb06b2-640f-4fce-af7e-e16c133353a1{ip: 172.17.0.2, host: 70ca58e12b9b, ports: [REPLICATION=37737, RATIS=35095, RATIS_ADMIN=35095, RATIS_SERVER=35095, STANDALONE=41763], networkLocation: /default-rack, certSerialId: null, persistedOpState: IN_SERVICE, persistedOpStateExpiryEpochSec: 0}, Type:RATIS, Factor:THREE, State:ALLOCATED, leaderId:7be7a3ee-2c60-4daa-92d5-fce366cccc9d, CreationTimestamp2021-03-17T02:10:43.795Z] moved to OPEN state
2021-03-17 02:11:01,266 [7be7a3ee-2c60-4daa-92d5-fce366cccc9d@group-37052FC88D07-LeaderElection51] INFO  impl.RoleInfo (RoleInfo.java:updateAndGet(130)) - 7be7a3ee-2c60-4daa-92d5-fce366cccc9d: start 7be7a3ee-2c60-4daa-92d5-fce366cccc9d@group-37052FC88D07-LeaderStateImpl
2021-03-17 02:11:01,267 [7be7a3ee-2c60-4daa-92d5-fce366cccc9d@group-37052FC88D07-LeaderElection51] INFO  segmented.SegmentedRaftLogWorker (SegmentedRaftLogWorker.java:startLogSegment(392)) - 7be7a3ee-2c60-4daa-92d5-fce366cccc9d@group-37052FC88D07-SegmentedRaftLogWorker: Starting segment from index:0
2021-03-17 02:11:01,268 [7be7a3ee-2c60-4daa-92d5-fce366cccc9d@group-37052FC88D07-SegmentedRaftLogWorker] INFO  segmented.SegmentedRaftLogWorker (SegmentedRaftLogWorker.java:execute(599)) - 7be7a3ee-2c60-4daa-92d5-fce366cccc9d@group-37052FC88D07-SegmentedRaftLogWorker: created new log segment /github/workspace/mnt/ozone/hadoop-ozone/integration-test/target/test-dir/MiniOzoneClusterImpl-5543d78b-3109-4325-8e4d-d24bfba87b26/datanode-1/data/ratis/8e45f5d2-8210-4733-a569-37052fc88d07/current/log_inprogress_0
2021-03-17 02:11:01,277 [grpc-default-executor-4] INFO  server.RaftServer$Division (RaftServerImpl.java:requestVote(1025)) - c22503ba-573b-463b-9e1c-de44cfeb847d@group-37052FC88D07: receive requestVote(ELECTION, 13cb06b2-640f-4fce-af7e-e16c133353a1, group-37052FC88D07, 3, (t:0, i:0))
2021-03-17 02:11:01,277 [grpc-default-executor-4] INFO  impl.VoteContext (VoteContext.java:log(48)) - c22503ba-573b-463b-9e1c-de44cfeb847d@group-37052FC88D07-FOLLOWER: reject ELECTION from 13cb06b2-640f-4fce-af7e-e16c133353a1: already has voted for 7be7a3ee-2c60-4daa-92d5-fce366cccc9d at current term 3
2021-03-17 02:11:01,277 [grpc-default-executor-4] INFO  server.RaftServer$Division (RaftServerImpl.java:requestVote(1057)) - c22503ba-573b-463b-9e1c-de44cfeb847d@group-37052FC88D07 replies to ELECTION vote request: 13cb06b2-640f-4fce-af7e-e16c133353a1<-c22503ba-573b-463b-9e1c-de44cfeb847d#0:FAIL-t3. Peer's state: c22503ba-573b-463b-9e1c-de44cfeb847d@group-37052FC88D07:t3, leader=null, voted=7be7a3ee-2c60-4daa-92d5-fce366cccc9d, raftlog=c22503ba-573b-463b-9e1c-de44cfeb847d@group-37052FC88D07-SegmentedRaftLog:OPENED:c-1,f-1,i0, conf=-1: [c22503ba-573b-463b-9e1c-de44cfeb847d|rpc:172.17.0.2:34901|dataStream:|priority:0, 7be7a3ee-2c60-4daa-92d5-fce366cccc9d|rpc:172.17.0.2:39539|dataStream:|priority:1, 13cb06b2-640f-4fce-af7e-e16c133353a1|rpc:172.17.0.2:35095|dataStream:|priority:0], old=null
2021-03-17 02:11:01,279 [grpc-default-executor-4] INFO  ratis.XceiverServerRatis (XceiverServerRatis.java:handleLeaderChangedNotification(899)) - Leader change notification received for group: group-37052FC88D07 with new leaderId: 7be7a3ee-2c60-4daa-92d5-fce366cccc9d
2021-03-17 02:11:01,279 [grpc-default-executor-4] INFO  server.RaftServer$Division (ServerState.java:setLeader(271)) - c22503ba-573b-463b-9e1c-de44cfeb847d@group-37052FC88D07: change Leader from null to 7be7a3ee-2c60-4daa-92d5-fce366cccc9d at term 3 for appendEntries, leader elected after 15241ms
2021-03-17 02:11:01,283 [7be7a3ee-2c60-4daa-92d5-fce366cccc9d@group-37052FC88D07-LeaderElection51] INFO  server.RaftServer$Division (ServerState.java:setRaftConf(373)) - 7be7a3ee-2c60-4daa-92d5-fce366cccc9d@group-37052FC88D07: set configuration 0: [c22503ba-573b-463b-9e1c-de44cfeb847d|rpc:172.17.0.2:34901|dataStream:|priority:0, 7be7a3ee-2c60-4daa-92d5-fce366cccc9d|rpc:172.17.0.2:39539|dataStream:|priority:1, 13cb06b2-640f-4fce-af7e-e16c133353a1|rpc:172.17.0.2:35095|dataStream:|priority:0], old=null
2021-03-17 02:11:01,287 [grpc-default-executor-1] INFO  impl.VoteContext (VoteContext.java:log(48)) - 7be7a3ee-2c60-4daa-92d5-fce366cccc9d@group-37052FC88D07-LEADER: reject ELECTION from 13cb06b2-640f-4fce-af7e-e16c133353a1: already has voted for 7be7a3ee-2c60-4daa-92d5-fce366cccc9d at current term 3
2021-03-17 02:11:01,287 [grpc-default-executor-1] INFO  server.RaftServer$Division (RaftServerImpl.java:requestVote(1057)) - 7be7a3ee-2c60-4daa-92d5-fce366cccc9d@group-37052FC88D07 replies to ELECTION vote request: 13cb06b2-640f-4fce-af7e-e16c133353a1<-7be7a3ee-2c60-4daa-92d5-fce366cccc9d#0:FAIL-t3. Peer's state: 7be7a3ee-2c60-4daa-92d5-fce366cccc9d@group-37052FC88D07:t3, leader=7be7a3ee-2c60-4daa-92d5-fce366cccc9d, voted=7be7a3ee-2c60-4daa-92d5-fce366cccc9d, raftlog=7be7a3ee-2c60-4daa-92d5-fce366cccc9d@group-37052FC88D07-SegmentedRaftLog:OPENED:c0,f0,i0, conf=0: [c22503ba-573b-463b-9e1c-de44cfeb847d|rpc:172.17.0.2:34901|dataStream:|priority:0, 7be7a3ee-2c60-4daa-92d5-fce366cccc9d|rpc:172.17.0.2:39539|dataStream:|priority:1, 13cb06b2-640f-4fce-af7e-e16c133353a1|rpc:172.17.0.2:35095|dataStream:|priority:0], old=null
2021-03-17 02:11:01,288 [13cb06b2-640f-4fce-af7e-e16c133353a1@group-37052FC88D07-LeaderElection50] INFO  impl.LeaderElection (LeaderElection.java:logAndReturn(89)) - 13cb06b2-640f-4fce-af7e-e16c133353a1@group-37052FC88D07-LeaderElection50: ELECTION REJECTED received 2 response(s) and 0 exception(s):
2021-03-17 02:11:01,288 [13cb06b2-640f-4fce-af7e-e16c133353a1@group-37052FC88D07-LeaderElection50] INFO  impl.LeaderElection (LeaderElection.java:logAndReturn(93)) -   Response 0: 13cb06b2-640f-4fce-af7e-e16c133353a1<-c22503ba-573b-463b-9e1c-de44cfeb847d#0:FAIL-t3
2021-03-17 02:11:01,288 [13cb06b2-640f-4fce-af7e-e16c133353a1@group-37052FC88D07-LeaderElection50] INFO  impl.LeaderElection (LeaderElection.java:logAndReturn(93)) -   Response 1: 13cb06b2-640f-4fce-af7e-e16c133353a1<-7be7a3ee-2c60-4daa-92d5-fce366cccc9d#0:FAIL-t3
2021-03-17 02:11:01,288 [13cb06b2-640f-4fce-af7e-e16c133353a1@group-37052FC88D07-LeaderElection50] INFO  impl.LeaderElection (LeaderElection.java:askForVotes(309)) - 13cb06b2-640f-4fce-af7e-e16c133353a1@group-37052FC88D07-LeaderElection50 ELECTION round 0: result REJECTED
2021-03-17 02:11:01,288 [13cb06b2-640f-4fce-af7e-e16c133353a1@group-37052FC88D07-LeaderElection50] INFO  server.RaftServer$Division (RaftServerImpl.java:setRole(284)) - 13cb06b2-640f-4fce-af7e-e16c133353a1@group-37052FC88D07: changes role from CANDIDATE to FOLLOWER at term 3 for REJECTED
2021-03-17 02:11:01,288 [13cb06b2-640f-4fce-af7e-e16c133353a1@group-37052FC88D07-LeaderElection50] INFO  impl.RoleInfo (RoleInfo.java:shutdownLeaderElection(121)) - 13cb06b2-640f-4fce-af7e-e16c133353a1: shutdown 13cb06b2-640f-4fce-af7e-e16c133353a1@group-37052FC88D07-LeaderElection50
2021-03-17 02:11:01,288 [13cb06b2-640f-4fce-af7e-e16c133353a1@group-37052FC88D07-LeaderElection50] INFO  impl.RoleInfo (RoleInfo.java:updateAndGet(130)) - 13cb06b2-640f-4fce-af7e-e16c133353a1: start 13cb06b2-640f-4fce-af7e-e16c133353a1@group-37052FC88D07-FollowerState
2021-03-17 02:11:01,291 [grpc-default-executor-4] INFO  server.RaftServer$Division (ServerState.java:setRaftConf(373)) - c22503ba-573b-463b-9e1c-de44cfeb847d@group-37052FC88D07: set configuration 0: [c22503ba-573b-463b-9e1c-de44cfeb847d|rpc:172.17.0.2:34901|dataStream:|priority:0, 7be7a3ee-2c60-4daa-92d5-fce366cccc9d|rpc:172.17.0.2:39539|dataStream:|priority:1, 13cb06b2-640f-4fce-af7e-e16c133353a1|rpc:172.17.0.2:35095|dataStream:|priority:0], old=null
2021-03-17 02:11:01,292 [grpc-default-executor-4] INFO  segmented.SegmentedRaftLogWorker (SegmentedRaftLogWorker.java:startLogSegment(392)) - c22503ba-573b-463b-9e1c-de44cfeb847d@group-37052FC88D07-SegmentedRaftLogWorker: Starting segment from index:0
2021-03-17 02:11:01,294 [grpc-default-executor-1] INFO  ratis.XceiverServerRatis (XceiverServerRatis.java:handleLeaderChangedNotification(899)) - Leader change notification received for group: group-37052FC88D07 with new leaderId: 7be7a3ee-2c60-4daa-92d5-fce366cccc9d
2021-03-17 02:11:01,294 [grpc-default-executor-1] INFO  server.RaftServer$Division (ServerState.java:setLeader(271)) - 13cb06b2-640f-4fce-af7e-e16c133353a1@group-37052FC88D07: change Leader from null to 7be7a3ee-2c60-4daa-92d5-fce366cccc9d at term 3 for appendEntries, leader elected after 15218ms
2021-03-17 02:11:01,300 [grpc-default-executor-1] INFO  server.RaftServer$Division (ServerState.java:setRaftConf(373)) - 13cb06b2-640f-4fce-af7e-e16c133353a1@group-37052FC88D07: set configuration 0: [c22503ba-573b-463b-9e1c-de44cfeb847d|rpc:172.17.0.2:34901|dataStream:|priority:0, 7be7a3ee-2c60-4daa-92d5-fce366cccc9d|rpc:172.17.0.2:39539|dataStream:|priority:1, 13cb06b2-640f-4fce-af7e-e16c133353a1|rpc:172.17.0.2:35095|dataStream:|priority:0], old=null
2021-03-17 02:11:01,301 [grpc-default-executor-1] INFO  segmented.SegmentedRaftLogWorker (SegmentedRaftLogWorker.java:startLogSegment(392)) - 13cb06b2-640f-4fce-af7e-e16c133353a1@group-37052FC88D07-SegmentedRaftLogWorker: Starting segment from index:0
2021-03-17 02:11:01,301 [c22503ba-573b-463b-9e1c-de44cfeb847d@group-37052FC88D07-SegmentedRaftLogWorker] INFO  segmented.SegmentedRaftLogWorker (SegmentedRaftLogWorker.java:execute(599)) - c22503ba-573b-463b-9e1c-de44cfeb847d@group-37052FC88D07-SegmentedRaftLogWorker: created new log segment /github/workspace/mnt/ozone/hadoop-ozone/integration-test/target/test-dir/MiniOzoneClusterImpl-5543d78b-3109-4325-8e4d-d24bfba87b26/datanode-0/data/ratis/8e45f5d2-8210-4733-a569-37052fc88d07/current/log_inprogress_0
2021-03-17 02:11:01,302 [13cb06b2-640f-4fce-af7e-e16c133353a1@group-37052FC88D07-SegmentedRaftLogWorker] INFO  segmented.SegmentedRaftLogWorker (SegmentedRaftLogWorker.java:execute(599)) - 13cb06b2-640f-4fce-af7e-e16c133353a1@group-37052FC88D07-SegmentedRaftLogWorker: created new log segment /github/workspace/mnt/ozone/hadoop-ozone/integration-test/target/test-dir/MiniOzoneClusterImpl-5543d78b-3109-4325-8e4d-d24bfba87b26/datanode-6/data/ratis/8e45f5d2-8210-4733-a569-37052fc88d07/current/log_inprogress_0
2021-03-17 02:11:03,463 [grpc-default-executor-5] ERROR storage.BlockOutputStream (BlockOutputStream.java:lambda$writeChunkToContainer$3(676)) - writing chunk failed 105902704145465347_chunk_6 blockID conID: 1 locID: 105902704145465347 bcsId: 9 with exception org.apache.ratis.protocol.exceptions.RaftRetryFailureException: Failed RaftClientRequest:client-AF6432E01C2B->a3b22ff5-07c5-4717-894b-669982ee3e54@group-036E82DF10BE, cid=57, seq=10*, RW, cmdType: WriteChunk
traceID: ""
containerID: 1
datanodeUuid: "a3b22ff5-07c5-4717-894b-669982ee3e54"
writeChunk {
  blockID {
    containerID: 1
    localID: 105902704145465347
    blockCommitSequenceId: 9
  }
  chunkData {
    chunkName: "105902704145465347_chunk_6"
    offset: 450
    len: 100
    checksumData {
      type: NONE
      bytesPerChecksum: 1048576
    }
  }
}
, data.size=100 for 8 attempts with RequestTypeDependentRetryPolicy{WRITE->org.apache.ratis.retry.ExceptionDependentRetry@3d4754fc, WATCH->org.apache.ratis.retry.ExceptionDependentRetry@20471}
2021-03-17 02:11:03,464 [grpc-default-executor-5] ERROR storage.BlockOutputStream (BlockOutputStream.java:lambda$writeChunkToContainer$3(676)) - writing chunk failed 105902704145465347_chunk_7 blockID conID: 1 locID: 105902704145465347 bcsId: 9 with exception org.apache.ratis.protocol.exceptions.AlreadyClosedException: SlidingWindow$Client:client-AF6432E01C2B->RAFT is closed.
2021-03-17 02:11:03,464 [grpc-default-executor-5] ERROR storage.BlockOutputStream (BlockOutputStream.java:lambda$writeChunkToContainer$3(676)) - writing chunk failed 105902704145465347_chunk_8 blockID conID: 1 locID: 105902704145465347 bcsId: 9 with exception org.apache.ratis.protocol.exceptions.AlreadyClosedException: SlidingWindow$Client:client-AF6432E01C2B->RAFT is closed.
2021-03-17 02:11:03,464 [grpc-default-executor-5] ERROR storage.BlockOutputStream (BlockOutputStream.java:lambda$writeChunkToContainer$3(676)) - writing chunk failed 105902704145465347_chunk_9 blockID conID: 1 locID: 105902704145465347 bcsId: 9 with exception org.apache.ratis.protocol.exceptions.AlreadyClosedException: SlidingWindow$Client:client-AF6432E01C2B->RAFT is closed.
2021-03-17 02:11:03,470 [Listener at 127.0.0.1/40005] WARN  io.KeyOutputStream (KeyOutputStream.java:handleException(312)) - Encountered exception java.io.IOException: Unexpected Storage Container Exception: java.util.concurrent.CompletionException: java.util.concurrent.CompletionException: org.apache.ratis.protocol.exceptions.RaftRetryFailureException: Failed RaftClientRequest:client-AF6432E01C2B->a3b22ff5-07c5-4717-894b-669982ee3e54@group-036E82DF10BE, cid=57, seq=10*, RW, cmdType: WriteChunk
traceID: ""
containerID: 1
datanodeUuid: "a3b22ff5-07c5-4717-894b-669982ee3e54"
writeChunk {
  blockID {
    containerID: 1
    localID: 105902704145465347
    blockCommitSequenceId: 9
  }
  chunkData {
    chunkName: "105902704145465347_chunk_6"
    offset: 450
    len: 100
    checksumData {
      type: NONE
      bytesPerChecksum: 1048576
    }
  }
}
, data.size=100 for 8 attempts with RequestTypeDependentRetryPolicy{WRITE->org.apache.ratis.retry.ExceptionDependentRetry@3d4754fc, WATCH->org.apache.ratis.retry.ExceptionDependentRetry@20471} on the pipeline Pipeline[ Id: d8764373-1664-4953-abac-036e82df10be, Nodes: a3b22ff5-07c5-4717-894b-669982ee3e54{ip: 172.17.0.2, host: 70ca58e12b9b, ports: [REPLICATION=33345, RATIS=42689, RATIS_ADMIN=42689, RATIS_SERVER=42689, STANDALONE=37481], networkLocation: /default-rack, certSerialId: null, persistedOpState: IN_SERVICE, persistedOpStateExpiryEpochSec: 0}, Type:RATIS, Factor:ONE, State:OPEN, leaderId:a3b22ff5-07c5-4717-894b-669982ee3e54, CreationTimestamp2021-03-17T02:10:14.823Z]. The last committed block length is 450, uncommitted data length is 350 retry count 0
2021-03-17 02:11:03,471 [Listener at 127.0.0.1/40005] INFO  metrics.RatisMetrics (RatisMetrics.java:lambda$create$0(36)) - Creating Metrics Registry : ratis.client_message_metrics.client-ED0C494EEDC1->888dbe71-6008-4ebf-8f97-777673ccf37c
2021-03-17 02:11:03,571 [Listener at 127.0.0.1/40005] INFO  impl.MetricsSystemImpl (MetricsSystemImpl.java:init(158)) - HddsDatanode metrics system started (again)
2021-03-17 02:11:03,596 [Listener at 127.0.0.1/40005] INFO  ozone.HddsDatanodeService (HddsDatanodeService.java:start(217)) - HddsDatanodeService host:70ca58e12b9b ip:172.17.0.2
2021-03-17 02:11:03,597 [Listener at 127.0.0.1/40005] INFO  volume.HddsVolume (HddsVolume.java:<init>(176)) - Creating Volume: /github/workspace/mnt/ozone/hadoop-ozone/integration-test/target/test-dir/MiniOzoneClusterImpl-5543d78b-3109-4325-8e4d-d24bfba87b26/datanode-2/data-0/containers/hdds of storage type : DISK and capacity : 9223372036854775807
2021-03-17 02:11:03,598 [Listener at 127.0.0.1/40005] INFO  volume.MutableVolumeSet (MutableVolumeSet.java:initializeVolumeSet(179)) - Added Volume : /github/workspace/mnt/ozone/hadoop-ozone/integration-test/target/test-dir/MiniOzoneClusterImpl-5543d78b-3109-4325-8e4d-d24bfba87b26/datanode-2/data-0/containers/hdds to VolumeSet
2021-03-17 02:11:03,598 [Listener at 127.0.0.1/40005] INFO  volume.ThrottledAsyncChecker (ThrottledAsyncChecker.java:schedule(141)) - Scheduling a check for /github/workspace/mnt/ozone/hadoop-ozone/integration-test/target/test-dir/MiniOzoneClusterImpl-5543d78b-3109-4325-8e4d-d24bfba87b26/datanode-2/data-0/containers/hdds
2021-03-17 02:11:03,598 [Listener at 127.0.0.1/40005] INFO  volume.HddsVolumeChecker (HddsVolumeChecker.java:checkAllVolumes(200)) - Scheduled health check for volume /github/workspace/mnt/ozone/hadoop-ozone/integration-test/target/test-dir/MiniOzoneClusterImpl-5543d78b-3109-4325-8e4d-d24bfba87b26/datanode-2/data-0/containers/hdds
2021-03-17 02:11:03,614 [Thread-1156] INFO  ozoneimpl.ContainerReader (ContainerReader.java:readVolume(125)) - Start to verify containers on volume /github/workspace/mnt/ozone/hadoop-ozone/integration-test/target/test-dir/MiniOzoneClusterImpl-5543d78b-3109-4325-8e4d-d24bfba87b26/datanode-2/data-0/containers/hdds
2021-03-17 02:11:03,638 [Thread-1156] INFO  ozoneimpl.ContainerReader (ContainerReader.java:readVolume(150)) - Finish verifying containers on volume /github/workspace/mnt/ozone/hadoop-ozone/integration-test/target/test-dir/MiniOzoneClusterImpl-5543d78b-3109-4325-8e4d-d24bfba87b26/datanode-2/data-0/containers/hdds
2021-03-17 02:11:03,638 [Listener at 127.0.0.1/40005] INFO  ozoneimpl.OzoneContainer (OzoneContainer.java:buildContainerSet(206)) - Build ContainerSet costs 0s
2021-03-17 02:11:03,640 [Listener at 127.0.0.1/40005] INFO  server.RaftServer (ConfUtils.java:logGet(44)) - raft.rpc.type = GRPC (default)
2021-03-17 02:11:03,640 [Listener at 127.0.0.1/40005] INFO  grpc.GrpcFactory (GrpcFactory.java:checkPooledByteBufAllocatorUseCacheForAllThreads(48)) - PERFORMANCE WARNING: useCacheForAllThreads is true that may cause Netty to create a lot garbage objects and, as a result, trigger GC.
	It is recommended to disable useCacheForAllThreads by setting -Dorg.apache.ratis.thirdparty.io.netty.allocator.useCacheForAllThreads=false in command line.
2021-03-17 02:11:03,640 [Listener at 127.0.0.1/40005] INFO  grpc.GrpcConfigKeys (ConfUtils.java:logGet(44)) - raft.grpc.admin.port = 42689 (custom)
2021-03-17 02:11:03,640 [Listener at 127.0.0.1/40005] INFO  grpc.GrpcConfigKeys (ConfUtils.java:logGet(44)) - raft.grpc.client.port = 42689 (custom)
2021-03-17 02:11:03,640 [Listener at 127.0.0.1/40005] INFO  grpc.GrpcConfigKeys (ConfUtils.java:logGet(44)) - raft.grpc.server.port = 42689 (custom)
2021-03-17 02:11:03,640 [Listener at 127.0.0.1/40005] INFO  server.GrpcService (ConfUtils.java:logGet(44)) - raft.grpc.message.size.max = 32MB (=33554432) (custom)
2021-03-17 02:11:03,640 [Listener at 127.0.0.1/40005] INFO  server.RaftServerConfigKeys (ConfUtils.java:logGet(44)) - raft.server.log.appender.buffer.byte-limit = 33554432 (custom)
2021-03-17 02:11:03,640 [Listener at 127.0.0.1/40005] INFO  server.GrpcService (ConfUtils.java:logGet(44)) - raft.grpc.flow.control.window = 5MB (=5242880) (custom)
2021-03-17 02:11:03,640 [Listener at 127.0.0.1/40005] INFO  server.RaftServerConfigKeys (ConfUtils.java:logGet(44)) - raft.server.rpc.request.timeout = 3000ms (default)
2021-03-17 02:11:03,641 [Listener at 127.0.0.1/40005] INFO  impl.DataStreamServerImpl (ConfUtils.java:logGet(44)) - raft.datastream.type = DISABLED (default)
2021-03-17 02:11:03,641 [Listener at 127.0.0.1/40005] INFO  server.RaftServerConfigKeys (ConfUtils.java:logGet(44)) - raft.server.rpc.slowness.timeout = 300000ms (custom)
2021-03-17 02:11:03,642 [Listener at 127.0.0.1/40005] INFO  server.RaftServerConfigKeys (ConfUtils.java:logGet(44)) - raft.server.leaderelection.leader.step-down.wait-time = 10s (default)
2021-03-17 02:11:03,642 [Listener at 127.0.0.1/40005] INFO  server.RaftServerConfigKeys (ConfUtils.java:logGet(44)) - raft.server.storage.dir = [/github/workspace/mnt/ozone/hadoop-ozone/integration-test/target/test-dir/MiniOzoneClusterImpl-5543d78b-3109-4325-8e4d-d24bfba87b26/datanode-2/data/ratis] (custom)
2021-03-17 02:11:03,642 [Listener at 127.0.0.1/40005] INFO  server.RaftServer (RaftServerProxy.java:lambda$initGroups$1(235)) - a3b22ff5-07c5-4717-894b-669982ee3e54: found a subdirectory /github/workspace/mnt/ozone/hadoop-ozone/integration-test/target/test-dir/MiniOzoneClusterImpl-5543d78b-3109-4325-8e4d-d24bfba87b26/datanode-2/data/ratis/d8764373-1664-4953-abac-036e82df10be
2021-03-17 02:11:03,643 [Listener at 127.0.0.1/40005] INFO  server.RaftServer (RaftServerProxy.java:addNew(95)) - a3b22ff5-07c5-4717-894b-669982ee3e54: addNew group-036E82DF10BE:[] returns group-036E82DF10BE:java.util.concurrent.CompletableFuture@318d119[Not completed]
2021-03-17 02:11:03,643 [Listener at 127.0.0.1/40005] INFO  server.RaftServer (RaftServerProxy.java:lambda$initGroups$1(235)) - a3b22ff5-07c5-4717-894b-669982ee3e54: found a subdirectory /github/workspace/mnt/ozone/hadoop-ozone/integration-test/target/test-dir/MiniOzoneClusterImpl-5543d78b-3109-4325-8e4d-d24bfba87b26/datanode-2/data/ratis/05ce0818-b588-4728-ba10-fae0631febcd
2021-03-17 02:11:03,643 [Listener at 127.0.0.1/40005] INFO  server.RaftServer (RaftServerProxy.java:addNew(95)) - a3b22ff5-07c5-4717-894b-669982ee3e54: addNew group-FAE0631FEBCD:[] returns group-FAE0631FEBCD:java.util.concurrent.CompletableFuture@68741629[Not completed]
2021-03-17 02:11:03,643 [Listener at 127.0.0.1/40005] INFO  server.RaftServer (RaftServerProxy.java:lambda$initGroups$1(235)) - a3b22ff5-07c5-4717-894b-669982ee3e54: found a subdirectory /github/workspace/mnt/ozone/hadoop-ozone/integration-test/target/test-dir/MiniOzoneClusterImpl-5543d78b-3109-4325-8e4d-d24bfba87b26/datanode-2/data/ratis/8ff1614f-e393-4bbd-a079-0d254d493d02
2021-03-17 02:11:03,643 [Listener at 127.0.0.1/40005] INFO  server.RaftServer (RaftServerProxy.java:addNew(95)) - a3b22ff5-07c5-4717-894b-669982ee3e54: addNew group-0D254D493D02:[] returns group-0D254D493D02:java.util.concurrent.CompletableFuture@6f0a50af[Not completed]
2021-03-17 02:11:03,645 [pool-331-thread-1] INFO  server.RaftServer$Division (RaftServerImpl.java:<init>(180)) - a3b22ff5-07c5-4717-894b-669982ee3e54: new RaftServerImpl for group-036E82DF10BE:[] with ContainerStateMachine:uninitialized
2021-03-17 02:11:03,646 [pool-331-thread-1] INFO  server.RaftServerConfigKeys (ConfUtils.java:logGet(44)) - raft.server.rpc.timeout.min = 5s (custom)
2021-03-17 02:11:03,646 [pool-331-thread-1] INFO  server.RaftServerConfigKeys (ConfUtils.java:logGet(44)) - raft.server.rpc.timeout.max = 5200ms (custom)
2021-03-17 02:11:03,646 [pool-331-thread-1] INFO  server.RaftServerConfigKeys (ConfUtils.java:logGet(44)) - raft.server.rpc.sleep.time = 25ms (default)
2021-03-17 02:11:03,646 [pool-331-thread-1] INFO  server.RaftServerConfigKeys (ConfUtils.java:logGet(44)) - raft.server.rpc.slowness.timeout = 300000ms (custom)
2021-03-17 02:11:03,646 [pool-331-thread-1] INFO  server.RaftServerConfigKeys (ConfUtils.java:logGet(44)) - raft.server.leaderelection.leader.step-down.wait-time = 10s (default)
2021-03-17 02:11:03,646 [pool-331-thread-1] INFO  server.RaftServerConfigKeys (ConfUtils.java:logGet(44)) - raft.server.sleep.deviation.threshold = 300ms (default)
2021-03-17 02:11:03,646 [pool-331-thread-1] INFO  server.RaftServerConfigKeys (ConfUtils.java:logGet(44)) - raft.server.log.appender.install.snapshot.enabled = false (custom)
2021-03-17 02:11:03,647 [pool-331-thread-1] INFO  server.RaftServer$Division (ServerState.java:<init>(105)) - a3b22ff5-07c5-4717-894b-669982ee3e54@group-036E82DF10BE: ConfigurationManager, init=-1: [], old=null, confs=<EMPTY_MAP>
2021-03-17 02:11:03,647 [pool-331-thread-1] INFO  server.RaftServerConfigKeys (ConfUtils.java:logGet(44)) - raft.server.storage.dir = [/github/workspace/mnt/ozone/hadoop-ozone/integration-test/target/test-dir/MiniOzoneClusterImpl-5543d78b-3109-4325-8e4d-d24bfba87b26/datanode-2/data/ratis] (custom)
2021-03-17 02:11:03,647 [pool-331-thread-1] INFO  server.RaftServerConfigKeys (ConfUtils.java:logGet(44)) - raft.server.log.corruption.policy = EXCEPTION (default)
2021-03-17 02:11:03,648 [Listener at 127.0.0.1/40005] INFO  http.BaseHttpServer (BaseHttpServer.java:newHttpServer2BuilderForOzone(207)) - Starting Web-server for hddsDatanode at: http://0.0.0.0:39733
2021-03-17 02:11:03,648 [Listener at 127.0.0.1/40005] INFO  http.BaseHttpServer (BaseHttpServer.java:<init>(106)) - Hadoop Security Enabled: false Ozone Security Enabled: false Ozone HTTP Security Enabled: false 
2021-03-17 02:11:03,649 [Listener at 127.0.0.1/40005] INFO  server.AuthenticationFilter (AuthenticationFilter.java:constructSecretProvider(240)) - Unable to initialize FileSignerSecretProvider, falling back to use random secrets.
2021-03-17 02:11:03,649 [pool-331-thread-1] INFO  storage.RaftStorageDirectory (RaftStorageDirectoryImpl.java:tryLock(215)) - Lock on /github/workspace/mnt/ozone/hadoop-ozone/integration-test/target/test-dir/MiniOzoneClusterImpl-5543d78b-3109-4325-8e4d-d24bfba87b26/datanode-2/data/ratis/d8764373-1664-4953-abac-036e82df10be/in_use.lock acquired by nodename 11586@70ca58e12b9b
2021-03-17 02:11:03,650 [pool-331-thread-1] INFO  storage.RaftStorage (RaftStorageImpl.java:analyzeAndRecoverStorage(103)) - Read RaftStorageMetadata{term=1, votedFor=a3b22ff5-07c5-4717-894b-669982ee3e54} from /github/workspace/mnt/ozone/hadoop-ozone/integration-test/target/test-dir/MiniOzoneClusterImpl-5543d78b-3109-4325-8e4d-d24bfba87b26/datanode-2/data/ratis/d8764373-1664-4953-abac-036e82df10be/current/raft-meta
2021-03-17 02:11:03,651 [Listener at 127.0.0.1/40005] WARN  http.HttpRequestLog (HttpRequestLog.java:getRequestLog(103)) - Jetty request log can only be enabled using Log4j
2021-03-17 02:11:03,652 [Listener at 127.0.0.1/40005] INFO  http.HttpServer2 (HttpServer2.java:addGlobalFilter(1020)) - Added global filter 'safety' (class=org.apache.hadoop.hdds.server.http.HttpServer2$QuotingInputFilter)
2021-03-17 02:11:03,652 [Listener at 127.0.0.1/40005] INFO  http.HttpServer2 (HttpServer2.java:addFilter(996)) - Added filter static_user_filter (class=org.apache.hadoop.http.lib.StaticUserWebFilter$StaticUserFilter) to context hddsDatanode
2021-03-17 02:11:03,652 [Listener at 127.0.0.1/40005] INFO  http.HttpServer2 (HttpServer2.java:addFilter(1004)) - Added filter static_user_filter (class=org.apache.hadoop.http.lib.StaticUserWebFilter$StaticUserFilter) to context static
2021-03-17 02:11:03,652 [Listener at 127.0.0.1/40005] INFO  http.HttpServer2 (HttpServer2.java:addFilter(1004)) - Added filter static_user_filter (class=org.apache.hadoop.http.lib.StaticUserWebFilter$StaticUserFilter) to context logs
2021-03-17 02:11:03,653 [Listener at 127.0.0.1/40005] INFO  http.HttpServer2 (HttpServer2.java:bindListener(1238)) - Jetty bound to port 39733
2021-03-17 02:11:03,653 [Listener at 127.0.0.1/40005] INFO  server.Server (Server.java:doStart(375)) - jetty-9.4.35.v20201120; built: 2020-11-20T21:17:03.964Z; git: bdc54f03a5e0a7e280fab27f55c3c75ee8da89fb; jvm 1.8.0_232-b09
2021-03-17 02:11:03,654 [Listener at 127.0.0.1/40005] INFO  server.session (DefaultSessionIdManager.java:doStart(334)) - DefaultSessionIdManager workerName=node0
2021-03-17 02:11:03,654 [Listener at 127.0.0.1/40005] INFO  server.session (DefaultSessionIdManager.java:doStart(339)) - No SessionScavenger set, using defaults
2021-03-17 02:11:03,654 [Listener at 127.0.0.1/40005] INFO  server.session (HouseKeeper.java:startScavenging(132)) - node0 Scavenging every 660000ms
2021-03-17 02:11:03,655 [Listener at 127.0.0.1/40005] INFO  handler.ContextHandler (ContextHandler.java:doStart(916)) - Started o.e.j.s.ServletContextHandler@303231fc{logs,/logs,file:///github/workspace/mnt/ozone/hadoop-ozone/integration-test/target/log,AVAILABLE}
2021-03-17 02:11:03,655 [Listener at 127.0.0.1/40005] INFO  handler.ContextHandler (ContextHandler.java:doStart(916)) - Started o.e.j.s.ServletContextHandler@141e9f2f{static,/static,jar:file:/home/user/.m2/repository/org/apache/hadoop/hadoop-hdds-container-service/1.1.0-SNAPSHOT/hadoop-hdds-container-service-1.1.0-SNAPSHOT.jar!/webapps/static,AVAILABLE}
2021-03-17 02:11:03,666 [pool-331-thread-1] INFO  ratis.ContainerStateMachine (ContainerStateMachine.java:loadSnapshot(232)) - group-036E82DF10BE: Setting the last applied index to (t:1, i:11)
2021-03-17 02:11:03,669 [pool-331-thread-1] INFO  server.RaftServer$Division (ServerState.java:setRaftConf(373)) - a3b22ff5-07c5-4717-894b-669982ee3e54@group-036E82DF10BE: set configuration 0: [a3b22ff5-07c5-4717-894b-669982ee3e54|rpc:172.17.0.2:42689|dataStream:|priority:1], old=null
2021-03-17 02:11:03,669 [pool-331-thread-1] INFO  server.RaftServerConfigKeys (ConfUtils.java:logGet(44)) - raft.server.notification.no-leader.timeout = 300000ms (custom)
2021-03-17 02:11:03,669 [pool-331-thread-1] INFO  server.RaftServerConfigKeys (ConfUtils.java:logGet(44)) - raft.server.log.use.memory = false (default)
2021-03-17 02:11:03,669 [pool-331-thread-1] INFO  server.RaftServerConfigKeys (ConfUtils.java:logGet(44)) - raft.server.log.purge.gap = 1000000 (custom)
2021-03-17 02:11:03,669 [pool-331-thread-1] INFO  server.RaftServerConfigKeys (ConfUtils.java:logGet(44)) - raft.server.log.appender.buffer.byte-limit = 33554432 (custom)
2021-03-17 02:11:03,669 [pool-331-thread-1] INFO  metrics.RatisMetrics (RatisMetrics.java:lambda$create$0(36)) - Creating Metrics Registry : ratis.log_worker.a3b22ff5-07c5-4717-894b-669982ee3e54@group-036E82DF10BE
2021-03-17 02:11:03,670 [pool-331-thread-1] INFO  server.RaftServerConfigKeys (ConfUtils.java:logGet(44)) - raft.server.log.segment.size.max = 1048576 (custom)
2021-03-17 02:11:03,670 [pool-331-thread-1] INFO  server.RaftServerConfigKeys (ConfUtils.java:logGet(44)) - raft.server.log.segment.cache.num.max = 2 (custom)
2021-03-17 02:11:03,670 [pool-331-thread-1] INFO  server.RaftServerConfigKeys (ConfUtils.java:logGet(44)) - raft.server.log.segment.cache.size.max = 200MB (=209715200) (default)
2021-03-17 02:11:03,670 [pool-331-thread-1] INFO  segmented.SegmentedRaftLogWorker (SegmentedRaftLogWorker.java:<init>(181)) - new a3b22ff5-07c5-4717-894b-669982ee3e54@group-036E82DF10BE-SegmentedRaftLogWorker for RaftStorageImpl:Storage Directory /github/workspace/mnt/ozone/hadoop-ozone/integration-test/target/test-dir/MiniOzoneClusterImpl-5543d78b-3109-4325-8e4d-d24bfba87b26/datanode-2/data/ratis/d8764373-1664-4953-abac-036e82df10be
2021-03-17 02:11:03,670 [pool-331-thread-1] INFO  server.RaftServerConfigKeys (ConfUtils.java:logGet(44)) - raft.server.log.queue.byte-limit = 2147483647 (custom)
2021-03-17 02:11:03,670 [pool-331-thread-1] INFO  server.RaftServerConfigKeys (ConfUtils.java:logGet(44)) - raft.server.log.queue.element-limit = 1024 (custom)
2021-03-17 02:11:03,670 [pool-331-thread-1] INFO  server.RaftServerConfigKeys (ConfUtils.java:logGet(44)) - raft.server.log.segment.size.max = 1048576 (custom)
2021-03-17 02:11:03,671 [pool-331-thread-1] INFO  server.RaftServerConfigKeys (ConfUtils.java:logGet(44)) - raft.server.log.preallocated.size = 16384 (custom)
2021-03-17 02:11:03,671 [pool-331-thread-1] INFO  server.RaftServerConfigKeys (ConfUtils.java:logGet(44)) - raft.server.log.force.sync.num = 128 (default)
2021-03-17 02:11:03,671 [pool-331-thread-1] INFO  server.RaftServerConfigKeys (ConfUtils.java:logGet(44)) - raft.server.log.statemachine.data.sync = true (default)
2021-03-17 02:11:03,671 [pool-331-thread-1] INFO  server.RaftServerConfigKeys (ConfUtils.java:logGet(44)) - raft.server.log.statemachine.data.sync.timeout = 10s (default)
2021-03-17 02:11:03,671 [pool-331-thread-1] INFO  server.RaftServerConfigKeys (ConfUtils.java:logGet(44)) - raft.server.log.statemachine.data.sync.timeout.retry = -1 (default)
2021-03-17 02:11:03,672 [pool-331-thread-1] INFO  server.RaftServerConfigKeys (ConfUtils.java:logGet(44)) - raft.server.log.write.buffer.size = 1048576 (custom)
2021-03-17 02:11:03,672 [pool-331-thread-1] INFO  server.RaftServerConfigKeys (ConfUtils.java:logGet(44)) - raft.server.log.statemachine.data.caching.enabled = true (custom)
2021-03-17 02:11:03,679 [pool-331-thread-1] INFO  server.RaftServer$Division (ServerState.java:setRaftConf(373)) - a3b22ff5-07c5-4717-894b-669982ee3e54@group-036E82DF10BE: set configuration 0: [a3b22ff5-07c5-4717-894b-669982ee3e54|rpc:172.17.0.2:42689|dataStream:|priority:1], old=null
2021-03-17 02:11:03,679 [pool-331-thread-1] INFO  segmented.LogSegment (LogSegment.java:loadSegment(172)) - Successfully read 12 entries from segment file /github/workspace/mnt/ozone/hadoop-ozone/integration-test/target/test-dir/MiniOzoneClusterImpl-5543d78b-3109-4325-8e4d-d24bfba87b26/datanode-2/data/ratis/d8764373-1664-4953-abac-036e82df10be/current/log_inprogress_0
2021-03-17 02:11:03,680 [pool-331-thread-1] INFO  segmented.SegmentedRaftLogWorker (SegmentedRaftLogWorker.java:lambda$new$0(132)) - a3b22ff5-07c5-4717-894b-669982ee3e54@group-036E82DF10BE-SegmentedRaftLogWorker: flushIndex: setUnconditionally 0 -> 11
2021-03-17 02:11:03,680 [pool-331-thread-1] INFO  segmented.SegmentedRaftLogWorker (SegmentedRaftLogWorker.java:lambda$new$0(132)) - a3b22ff5-07c5-4717-894b-669982ee3e54@group-036E82DF10BE-SegmentedRaftLogWorker: safeCacheEvictIndex: setUnconditionally 0 -> -1
2021-03-17 02:11:03,680 [pool-331-thread-1] INFO  raftlog.RaftLog (RaftLogBase.java:lambda$new$0(53)) - a3b22ff5-07c5-4717-894b-669982ee3e54@group-036E82DF10BE-SegmentedRaftLog: commitIndex: updateToMax old=11, new=9, updated? false
2021-03-17 02:11:03,680 [pool-331-thread-1] INFO  server.RaftServerConfigKeys (ConfUtils.java:logGet(44)) - raft.server.snapshot.auto.trigger.enabled = true (custom)
2021-03-17 02:11:03,680 [pool-331-thread-1] INFO  server.RaftServerConfigKeys (ConfUtils.java:logGet(44)) - raft.server.snapshot.auto.trigger.threshold = 10000 (custom)
2021-03-17 02:11:03,680 [pool-331-thread-1] INFO  server.RaftServerConfigKeys (ConfUtils.java:logGet(44)) - raft.server.snapshot.retention.file.num = 5 (custom)
2021-03-17 02:11:03,680 [pool-331-thread-1] INFO  server.RaftServerConfigKeys (ConfUtils.java:logGet(44)) - raft.server.log.purge.upto.snapshot.index = false (default)
2021-03-17 02:11:03,680 [pool-331-thread-1] INFO  server.RaftServerConfigKeys (ConfUtils.java:logGet(44)) - raft.server.retrycache.expirytime = 600000ms (custom)
2021-03-17 02:11:03,680 [pool-331-thread-1] INFO  server.RaftServerConfigKeys (ConfUtils.java:logGet(44)) - raft.server.retrycache.statistics.expirytime = 100?s (default)
2021-03-17 02:11:03,681 [pool-331-thread-1] INFO  metrics.RatisMetrics (RatisMetrics.java:lambda$create$0(36)) - Creating Metrics Registry : ratis.leader_election.a3b22ff5-07c5-4717-894b-669982ee3e54@group-036E82DF10BE
2021-03-17 02:11:03,681 [pool-331-thread-1] INFO  metrics.RatisMetrics (RatisMetrics.java:lambda$create$0(36)) - Creating Metrics Registry : ratis.server.a3b22ff5-07c5-4717-894b-669982ee3e54@group-036E82DF10BE
2021-03-17 02:11:03,682 [pool-331-thread-1] INFO  server.RaftServer$Division (RaftServerImpl.java:<init>(180)) - a3b22ff5-07c5-4717-894b-669982ee3e54: new RaftServerImpl for group-FAE0631FEBCD:[] with ContainerStateMachine:uninitialized
2021-03-17 02:11:03,682 [pool-331-thread-1] INFO  server.RaftServerConfigKeys (ConfUtils.java:logGet(44)) - raft.server.rpc.timeout.min = 5s (custom)
2021-03-17 02:11:03,682 [pool-331-thread-1] INFO  server.RaftServerConfigKeys (ConfUtils.java:logGet(44)) - raft.server.rpc.timeout.max = 5200ms (custom)
2021-03-17 02:11:03,682 [pool-331-thread-1] INFO  server.RaftServerConfigKeys (ConfUtils.java:logGet(44)) - raft.server.rpc.sleep.time = 25ms (default)
2021-03-17 02:11:03,682 [pool-331-thread-1] INFO  server.RaftServerConfigKeys (ConfUtils.java:logGet(44)) - raft.server.rpc.slowness.timeout = 300000ms (custom)
2021-03-17 02:11:03,682 [pool-331-thread-1] INFO  server.RaftServerConfigKeys (ConfUtils.java:logGet(44)) - raft.server.leaderelection.leader.step-down.wait-time = 10s (default)
2021-03-17 02:11:03,682 [pool-331-thread-1] INFO  server.RaftServerConfigKeys (ConfUtils.java:logGet(44)) - raft.server.sleep.deviation.threshold = 300ms (default)
2021-03-17 02:11:03,683 [pool-331-thread-1] INFO  server.RaftServerConfigKeys (ConfUtils.java:logGet(44)) - raft.server.log.appender.install.snapshot.enabled = false (custom)
2021-03-17 02:11:03,683 [pool-331-thread-1] INFO  server.RaftServer$Division (ServerState.java:<init>(105)) - a3b22ff5-07c5-4717-894b-669982ee3e54@group-FAE0631FEBCD: ConfigurationManager, init=-1: [], old=null, confs=<EMPTY_MAP>
2021-03-17 02:11:03,683 [pool-331-thread-1] INFO  server.RaftServerConfigKeys (ConfUtils.java:logGet(44)) - raft.server.storage.dir = [/github/workspace/mnt/ozone/hadoop-ozone/integration-test/target/test-dir/MiniOzoneClusterImpl-5543d78b-3109-4325-8e4d-d24bfba87b26/datanode-2/data/ratis] (custom)
2021-03-17 02:11:03,683 [pool-331-thread-1] INFO  server.RaftServerConfigKeys (ConfUtils.java:logGet(44)) - raft.server.log.corruption.policy = EXCEPTION (default)
2021-03-17 02:11:03,684 [pool-331-thread-1] INFO  storage.RaftStorageDirectory (RaftStorageDirectoryImpl.java:tryLock(215)) - Lock on /github/workspace/mnt/ozone/hadoop-ozone/integration-test/target/test-dir/MiniOzoneClusterImpl-5543d78b-3109-4325-8e4d-d24bfba87b26/datanode-2/data/ratis/05ce0818-b588-4728-ba10-fae0631febcd/in_use.lock acquired by nodename 11586@70ca58e12b9b
2021-03-17 02:11:03,684 [pool-331-thread-1] INFO  storage.RaftStorage (RaftStorageImpl.java:analyzeAndRecoverStorage(103)) - Read RaftStorageMetadata{term=2, votedFor=7be7a3ee-2c60-4daa-92d5-fce366cccc9d} from /github/workspace/mnt/ozone/hadoop-ozone/integration-test/target/test-dir/MiniOzoneClusterImpl-5543d78b-3109-4325-8e4d-d24bfba87b26/datanode-2/data/ratis/05ce0818-b588-4728-ba10-fae0631febcd/current/raft-meta
2021-03-17 02:11:03,684 [pool-331-thread-1] INFO  ratis.ContainerStateMachine (ContainerStateMachine.java:loadSnapshot(232)) - group-FAE0631FEBCD: Setting the last applied index to (t:2, i:0)
2021-03-17 02:11:03,685 [pool-331-thread-1] INFO  server.RaftServer$Division (ServerState.java:setRaftConf(373)) - a3b22ff5-07c5-4717-894b-669982ee3e54@group-FAE0631FEBCD: set configuration 0: [c22503ba-573b-463b-9e1c-de44cfeb847d|rpc:172.17.0.2:34901|dataStream:|priority:0, a3b22ff5-07c5-4717-894b-669982ee3e54|rpc:172.17.0.2:42689|dataStream:|priority:0, 7be7a3ee-2c60-4daa-92d5-fce366cccc9d|rpc:172.17.0.2:39539|dataStream:|priority:1], old=null
2021-03-17 02:11:03,685 [pool-331-thread-1] INFO  server.RaftServerConfigKeys (ConfUtils.java:logGet(44)) - raft.server.notification.no-leader.timeout = 300000ms (custom)
2021-03-17 02:11:03,685 [pool-331-thread-1] INFO  server.RaftServerConfigKeys (ConfUtils.java:logGet(44)) - raft.server.log.use.memory = false (default)
2021-03-17 02:11:03,685 [pool-331-thread-1] INFO  server.RaftServerConfigKeys (ConfUtils.java:logGet(44)) - raft.server.log.purge.gap = 1000000 (custom)
2021-03-17 02:11:03,685 [pool-331-thread-1] INFO  server.RaftServerConfigKeys (ConfUtils.java:logGet(44)) - raft.server.log.appender.buffer.byte-limit = 33554432 (custom)
2021-03-17 02:11:03,685 [pool-331-thread-1] INFO  metrics.RatisMetrics (RatisMetrics.java:lambda$create$0(36)) - Creating Metrics Registry : ratis.log_worker.a3b22ff5-07c5-4717-894b-669982ee3e54@group-FAE0631FEBCD
2021-03-17 02:11:03,685 [pool-331-thread-1] INFO  server.RaftServerConfigKeys (ConfUtils.java:logGet(44)) - raft.server.log.segment.size.max = 1048576 (custom)
2021-03-17 02:11:03,685 [pool-331-thread-1] INFO  server.RaftServerConfigKeys (ConfUtils.java:logGet(44)) - raft.server.log.segment.cache.num.max = 2 (custom)
2021-03-17 02:11:03,685 [pool-331-thread-1] INFO  server.RaftServerConfigKeys (ConfUtils.java:logGet(44)) - raft.server.log.segment.cache.size.max = 200MB (=209715200) (default)
2021-03-17 02:11:03,685 [pool-331-thread-1] INFO  segmented.SegmentedRaftLogWorker (SegmentedRaftLogWorker.java:<init>(181)) - new a3b22ff5-07c5-4717-894b-669982ee3e54@group-FAE0631FEBCD-SegmentedRaftLogWorker for RaftStorageImpl:Storage Directory /github/workspace/mnt/ozone/hadoop-ozone/integration-test/target/test-dir/MiniOzoneClusterImpl-5543d78b-3109-4325-8e4d-d24bfba87b26/datanode-2/data/ratis/05ce0818-b588-4728-ba10-fae0631febcd
2021-03-17 02:11:03,686 [pool-331-thread-1] INFO  server.RaftServerConfigKeys (ConfUtils.java:logGet(44)) - raft.server.log.queue.byte-limit = 2147483647 (custom)
2021-03-17 02:11:03,686 [pool-331-thread-1] INFO  server.RaftServerConfigKeys (ConfUtils.java:logGet(44)) - raft.server.log.queue.element-limit = 1024 (custom)
2021-03-17 02:11:03,686 [pool-331-thread-1] INFO  server.RaftServerConfigKeys (ConfUtils.java:logGet(44)) - raft.server.log.segment.size.max = 1048576 (custom)
2021-03-17 02:11:03,686 [pool-331-thread-1] INFO  server.RaftServerConfigKeys (ConfUtils.java:logGet(44)) - raft.server.log.preallocated.size = 16384 (custom)
2021-03-17 02:11:03,686 [pool-331-thread-1] INFO  server.RaftServerConfigKeys (ConfUtils.java:logGet(44)) - raft.server.log.force.sync.num = 128 (default)
2021-03-17 02:11:03,686 [pool-331-thread-1] INFO  server.RaftServerConfigKeys (ConfUtils.java:logGet(44)) - raft.server.log.statemachine.data.sync = true (default)
2021-03-17 02:11:03,686 [pool-331-thread-1] INFO  server.RaftServerConfigKeys (ConfUtils.java:logGet(44)) - raft.server.log.statemachine.data.sync.timeout = 10s (default)
2021-03-17 02:11:03,686 [pool-331-thread-1] INFO  server.RaftServerConfigKeys (ConfUtils.java:logGet(44)) - raft.server.log.statemachine.data.sync.timeout.retry = -1 (default)
2021-03-17 02:11:03,687 [pool-331-thread-1] INFO  server.RaftServerConfigKeys (ConfUtils.java:logGet(44)) - raft.server.log.write.buffer.size = 1048576 (custom)
2021-03-17 02:11:03,688 [pool-331-thread-1] INFO  server.RaftServerConfigKeys (ConfUtils.java:logGet(44)) - raft.server.log.statemachine.data.caching.enabled = true (custom)
2021-03-17 02:11:03,691 [pool-331-thread-1] INFO  server.RaftServer$Division (ServerState.java:setRaftConf(373)) - a3b22ff5-07c5-4717-894b-669982ee3e54@group-FAE0631FEBCD: set configuration 0: [c22503ba-573b-463b-9e1c-de44cfeb847d|rpc:172.17.0.2:34901|dataStream:|priority:0, a3b22ff5-07c5-4717-894b-669982ee3e54|rpc:172.17.0.2:42689|dataStream:|priority:0, 7be7a3ee-2c60-4daa-92d5-fce366cccc9d|rpc:172.17.0.2:39539|dataStream:|priority:1], old=null
2021-03-17 02:11:03,691 [pool-331-thread-1] INFO  segmented.LogSegment (LogSegment.java:loadSegment(172)) - Successfully read 1 entries from segment file /github/workspace/mnt/ozone/hadoop-ozone/integration-test/target/test-dir/MiniOzoneClusterImpl-5543d78b-3109-4325-8e4d-d24bfba87b26/datanode-2/data/ratis/05ce0818-b588-4728-ba10-fae0631febcd/current/log_inprogress_0
2021-03-17 02:11:03,691 [pool-331-thread-1] INFO  segmented.SegmentedRaftLogWorker (SegmentedRaftLogWorker.java:lambda$new$0(132)) - a3b22ff5-07c5-4717-894b-669982ee3e54@group-FAE0631FEBCD-SegmentedRaftLogWorker: flushIndex: setUnconditionally 0 -> 0
2021-03-17 02:11:03,691 [pool-331-thread-1] INFO  segmented.SegmentedRaftLogWorker (SegmentedRaftLogWorker.java:lambda$new$0(132)) - a3b22ff5-07c5-4717-894b-669982ee3e54@group-FAE0631FEBCD-SegmentedRaftLogWorker: safeCacheEvictIndex: setUnconditionally 0 -> -1
2021-03-17 02:11:03,698 [pool-331-thread-1] INFO  server.RaftServerConfigKeys (ConfUtils.java:logGet(44)) - raft.server.snapshot.auto.trigger.enabled = true (custom)
2021-03-17 02:11:03,698 [pool-331-thread-1] INFO  server.RaftServerConfigKeys (ConfUtils.java:logGet(44)) - raft.server.snapshot.auto.trigger.threshold = 10000 (custom)
2021-03-17 02:11:03,698 [pool-331-thread-1] INFO  server.RaftServerConfigKeys (ConfUtils.java:logGet(44)) - raft.server.snapshot.retention.file.num = 5 (custom)
2021-03-17 02:11:03,698 [pool-331-thread-1] INFO  server.RaftServerConfigKeys (ConfUtils.java:logGet(44)) - raft.server.log.purge.upto.snapshot.index = false (default)
2021-03-17 02:11:03,698 [pool-331-thread-1] INFO  server.RaftServerConfigKeys (ConfUtils.java:logGet(44)) - raft.server.retrycache.expirytime = 600000ms (custom)
2021-03-17 02:11:03,698 [pool-331-thread-1] INFO  server.RaftServerConfigKeys (ConfUtils.java:logGet(44)) - raft.server.retrycache.statistics.expirytime = 100?s (default)
2021-03-17 02:11:03,698 [pool-331-thread-1] INFO  metrics.RatisMetrics (RatisMetrics.java:lambda$create$0(36)) - Creating Metrics Registry : ratis.leader_election.a3b22ff5-07c5-4717-894b-669982ee3e54@group-FAE0631FEBCD
2021-03-17 02:11:03,699 [pool-331-thread-1] INFO  metrics.RatisMetrics (RatisMetrics.java:lambda$create$0(36)) - Creating Metrics Registry : ratis.server.a3b22ff5-07c5-4717-894b-669982ee3e54@group-FAE0631FEBCD
2021-03-17 02:11:03,700 [pool-331-thread-1] INFO  server.RaftServer$Division (RaftServerImpl.java:<init>(180)) - a3b22ff5-07c5-4717-894b-669982ee3e54: new RaftServerImpl for group-0D254D493D02:[] with ContainerStateMachine:uninitialized
2021-03-17 02:11:03,700 [pool-331-thread-1] INFO  server.RaftServerConfigKeys (ConfUtils.java:logGet(44)) - raft.server.rpc.timeout.min = 5s (custom)
2021-03-17 02:11:03,700 [pool-331-thread-1] INFO  server.RaftServerConfigKeys (ConfUtils.java:logGet(44)) - raft.server.rpc.timeout.max = 5200ms (custom)
2021-03-17 02:11:03,700 [pool-331-thread-1] INFO  server.RaftServerConfigKeys (ConfUtils.java:logGet(44)) - raft.server.rpc.sleep.time = 25ms (default)
2021-03-17 02:11:03,700 [pool-331-thread-1] INFO  server.RaftServerConfigKeys (ConfUtils.java:logGet(44)) - raft.server.rpc.slowness.timeout = 300000ms (custom)
2021-03-17 02:11:03,700 [pool-331-thread-1] INFO  server.RaftServerConfigKeys (ConfUtils.java:logGet(44)) - raft.server.leaderelection.leader.step-down.wait-time = 10s (default)
2021-03-17 02:11:03,700 [pool-331-thread-1] INFO  server.RaftServerConfigKeys (ConfUtils.java:logGet(44)) - raft.server.sleep.deviation.threshold = 300ms (default)
2021-03-17 02:11:03,700 [pool-331-thread-1] INFO  server.RaftServerConfigKeys (ConfUtils.java:logGet(44)) - raft.server.log.appender.install.snapshot.enabled = false (custom)
2021-03-17 02:11:03,700 [pool-331-thread-1] INFO  server.RaftServer$Division (ServerState.java:<init>(105)) - a3b22ff5-07c5-4717-894b-669982ee3e54@group-0D254D493D02: ConfigurationManager, init=-1: [], old=null, confs=<EMPTY_MAP>
2021-03-17 02:11:03,700 [pool-331-thread-1] INFO  server.RaftServerConfigKeys (ConfUtils.java:logGet(44)) - raft.server.storage.dir = [/github/workspace/mnt/ozone/hadoop-ozone/integration-test/target/test-dir/MiniOzoneClusterImpl-5543d78b-3109-4325-8e4d-d24bfba87b26/datanode-2/data/ratis] (custom)
2021-03-17 02:11:03,700 [pool-331-thread-1] INFO  server.RaftServerConfigKeys (ConfUtils.java:logGet(44)) - raft.server.log.corruption.policy = EXCEPTION (default)
2021-03-17 02:11:03,702 [pool-331-thread-1] INFO  storage.RaftStorageDirectory (RaftStorageDirectoryImpl.java:tryLock(215)) - Lock on /github/workspace/mnt/ozone/hadoop-ozone/integration-test/target/test-dir/MiniOzoneClusterImpl-5543d78b-3109-4325-8e4d-d24bfba87b26/datanode-2/data/ratis/8ff1614f-e393-4bbd-a079-0d254d493d02/in_use.lock acquired by nodename 11586@70ca58e12b9b
2021-03-17 02:11:03,702 [pool-331-thread-1] INFO  storage.RaftStorage (RaftStorageImpl.java:analyzeAndRecoverStorage(103)) - Read RaftStorageMetadata{term=2, votedFor=c22503ba-573b-463b-9e1c-de44cfeb847d} from /github/workspace/mnt/ozone/hadoop-ozone/integration-test/target/test-dir/MiniOzoneClusterImpl-5543d78b-3109-4325-8e4d-d24bfba87b26/datanode-2/data/ratis/8ff1614f-e393-4bbd-a079-0d254d493d02/current/raft-meta
2021-03-17 02:11:03,702 [pool-331-thread-1] INFO  ratis.ContainerStateMachine (ContainerStateMachine.java:loadSnapshot(223)) - group-0D254D493D02: The snapshot info is null. Setting the last applied indexto:(t:0, i:~)
2021-03-17 02:11:03,702 [pool-331-thread-1] ERROR storage.RaftStorage (RaftStorageImpl.java:readRaftConfiguration(147)) - Failed reading configuration from file:/github/workspace/mnt/ozone/hadoop-ozone/integration-test/target/test-dir/MiniOzoneClusterImpl-5543d78b-3109-4325-8e4d-d24bfba87b26/datanode-2/data/ratis/8ff1614f-e393-4bbd-a079-0d254d493d02/current/raft-meta.conf
java.io.FileNotFoundException: /github/workspace/mnt/ozone/hadoop-ozone/integration-test/target/test-dir/MiniOzoneClusterImpl-5543d78b-3109-4325-8e4d-d24bfba87b26/datanode-2/data/ratis/8ff1614f-e393-4bbd-a079-0d254d493d02/current/raft-meta.conf (No such file or directory)
	at java.io.FileInputStream.open0(Native Method)
	at java.io.FileInputStream.open(FileInputStream.java:195)
	at java.io.FileInputStream.<init>(FileInputStream.java:138)
	at org.apache.ratis.server.storage.RaftStorageImpl.readRaftConfiguration(RaftStorageImpl.java:143)
	at org.apache.ratis.server.impl.ServerState.<init>(ServerState.java:122)
	at org.apache.ratis.server.impl.RaftServerImpl.<init>(RaftServerImpl.java:193)
	at org.apache.ratis.server.impl.RaftServerProxy.lambda$newRaftServerImpl$4(RaftServerProxy.java:266)
	at java.util.concurrent.CompletableFuture$AsyncSupply.run(CompletableFuture.java:1604)
	at java.util.concurrent.ThreadPoolExecutor.runWorker(ThreadPoolExecutor.java:1149)
	at java.util.concurrent.ThreadPoolExecutor$Worker.run(ThreadPoolExecutor.java:624)
	at java.lang.Thread.run(Thread.java:748)
2021-03-17 02:11:03,702 [pool-331-thread-1] INFO  server.RaftServerConfigKeys (ConfUtils.java:logGet(44)) - raft.server.notification.no-leader.timeout = 300000ms (custom)
2021-03-17 02:11:03,702 [pool-331-thread-1] INFO  server.RaftServerConfigKeys (ConfUtils.java:logGet(44)) - raft.server.log.use.memory = false (default)
2021-03-17 02:11:03,702 [pool-331-thread-1] INFO  server.RaftServerConfigKeys (ConfUtils.java:logGet(44)) - raft.server.log.purge.gap = 1000000 (custom)
2021-03-17 02:11:03,702 [pool-331-thread-1] INFO  server.RaftServerConfigKeys (ConfUtils.java:logGet(44)) - raft.server.log.appender.buffer.byte-limit = 33554432 (custom)
2021-03-17 02:11:03,703 [pool-331-thread-1] INFO  metrics.RatisMetrics (RatisMetrics.java:lambda$create$0(36)) - Creating Metrics Registry : ratis.log_worker.a3b22ff5-07c5-4717-894b-669982ee3e54@group-0D254D493D02
2021-03-17 02:11:03,703 [pool-331-thread-1] INFO  server.RaftServerConfigKeys (ConfUtils.java:logGet(44)) - raft.server.log.segment.size.max = 1048576 (custom)
2021-03-17 02:11:03,703 [pool-331-thread-1] INFO  server.RaftServerConfigKeys (ConfUtils.java:logGet(44)) - raft.server.log.segment.cache.num.max = 2 (custom)
2021-03-17 02:11:03,703 [pool-331-thread-1] INFO  server.RaftServerConfigKeys (ConfUtils.java:logGet(44)) - raft.server.log.segment.cache.size.max = 200MB (=209715200) (default)
2021-03-17 02:11:03,703 [pool-331-thread-1] INFO  segmented.SegmentedRaftLogWorker (SegmentedRaftLogWorker.java:<init>(181)) - new a3b22ff5-07c5-4717-894b-669982ee3e54@group-0D254D493D02-SegmentedRaftLogWorker for RaftStorageImpl:Storage Directory /github/workspace/mnt/ozone/hadoop-ozone/integration-test/target/test-dir/MiniOzoneClusterImpl-5543d78b-3109-4325-8e4d-d24bfba87b26/datanode-2/data/ratis/8ff1614f-e393-4bbd-a079-0d254d493d02
2021-03-17 02:11:03,703 [pool-331-thread-1] INFO  server.RaftServerConfigKeys (ConfUtils.java:logGet(44)) - raft.server.log.queue.byte-limit = 2147483647 (custom)
2021-03-17 02:11:03,703 [pool-331-thread-1] INFO  server.RaftServerConfigKeys (ConfUtils.java:logGet(44)) - raft.server.log.queue.element-limit = 1024 (custom)
2021-03-17 02:11:03,703 [pool-331-thread-1] INFO  server.RaftServerConfigKeys (ConfUtils.java:logGet(44)) - raft.server.log.segment.size.max = 1048576 (custom)
2021-03-17 02:11:03,703 [pool-331-thread-1] INFO  server.RaftServerConfigKeys (ConfUtils.java:logGet(44)) - raft.server.log.preallocated.size = 16384 (custom)
2021-03-17 02:11:03,703 [pool-331-thread-1] INFO  server.RaftServerConfigKeys (ConfUtils.java:logGet(44)) - raft.server.log.force.sync.num = 128 (default)
2021-03-17 02:11:03,703 [pool-331-thread-1] INFO  server.RaftServerConfigKeys (ConfUtils.java:logGet(44)) - raft.server.log.statemachine.data.sync = true (default)
2021-03-17 02:11:03,703 [pool-331-thread-1] INFO  server.RaftServerConfigKeys (ConfUtils.java:logGet(44)) - raft.server.log.statemachine.data.sync.timeout = 10s (default)
2021-03-17 02:11:03,703 [pool-331-thread-1] INFO  server.RaftServerConfigKeys (ConfUtils.java:logGet(44)) - raft.server.log.statemachine.data.sync.timeout.retry = -1 (default)
2021-03-17 02:11:03,704 [pool-331-thread-1] INFO  server.RaftServerConfigKeys (ConfUtils.java:logGet(44)) - raft.server.log.write.buffer.size = 1048576 (custom)
2021-03-17 02:11:03,705 [pool-331-thread-1] INFO  server.RaftServerConfigKeys (ConfUtils.java:logGet(44)) - raft.server.log.statemachine.data.caching.enabled = true (custom)
2021-03-17 02:11:03,705 [pool-331-thread-1] INFO  server.RaftServer$Division (ServerState.java:setRaftConf(373)) - a3b22ff5-07c5-4717-894b-669982ee3e54@group-0D254D493D02: set configuration 0: [c22503ba-573b-463b-9e1c-de44cfeb847d|rpc:172.17.0.2:34901|dataStream:|priority:1, a3b22ff5-07c5-4717-894b-669982ee3e54|rpc:172.17.0.2:42689|dataStream:|priority:0, 7be7a3ee-2c60-4daa-92d5-fce366cccc9d|rpc:172.17.0.2:39539|dataStream:|priority:0], old=null
2021-03-17 02:11:03,706 [pool-331-thread-1] INFO  segmented.LogSegment (LogSegment.java:loadSegment(172)) - Successfully read 1 entries from segment file /github/workspace/mnt/ozone/hadoop-ozone/integration-test/target/test-dir/MiniOzoneClusterImpl-5543d78b-3109-4325-8e4d-d24bfba87b26/datanode-2/data/ratis/8ff1614f-e393-4bbd-a079-0d254d493d02/current/log_inprogress_0
2021-03-17 02:11:03,706 [pool-331-thread-1] INFO  segmented.SegmentedRaftLogWorker (SegmentedRaftLogWorker.java:lambda$new$0(132)) - a3b22ff5-07c5-4717-894b-669982ee3e54@group-0D254D493D02-SegmentedRaftLogWorker: flushIndex: setUnconditionally 0 -> 0
2021-03-17 02:11:03,706 [pool-331-thread-1] INFO  segmented.SegmentedRaftLogWorker (SegmentedRaftLogWorker.java:lambda$new$0(132)) - a3b22ff5-07c5-4717-894b-669982ee3e54@group-0D254D493D02-SegmentedRaftLogWorker: safeCacheEvictIndex: setUnconditionally 0 -> -1
2021-03-17 02:11:03,714 [pool-331-thread-1] INFO  server.RaftServerConfigKeys (ConfUtils.java:logGet(44)) - raft.server.snapshot.auto.trigger.enabled = true (custom)
2021-03-17 02:11:03,714 [pool-331-thread-1] INFO  server.RaftServerConfigKeys (ConfUtils.java:logGet(44)) - raft.server.snapshot.auto.trigger.threshold = 10000 (custom)
2021-03-17 02:11:03,714 [pool-331-thread-1] INFO  server.RaftServerConfigKeys (ConfUtils.java:logGet(44)) - raft.server.snapshot.retention.file.num = 5 (custom)
2021-03-17 02:11:03,714 [pool-331-thread-1] INFO  server.RaftServerConfigKeys (ConfUtils.java:logGet(44)) - raft.server.log.purge.upto.snapshot.index = false (default)
2021-03-17 02:11:03,714 [pool-331-thread-1] INFO  server.RaftServerConfigKeys (ConfUtils.java:logGet(44)) - raft.server.retrycache.expirytime = 600000ms (custom)
2021-03-17 02:11:03,714 [pool-331-thread-1] INFO  server.RaftServerConfigKeys (ConfUtils.java:logGet(44)) - raft.server.retrycache.statistics.expirytime = 100?s (default)
2021-03-17 02:11:03,714 [pool-331-thread-1] INFO  metrics.RatisMetrics (RatisMetrics.java:lambda$create$0(36)) - Creating Metrics Registry : ratis.leader_election.a3b22ff5-07c5-4717-894b-669982ee3e54@group-0D254D493D02
2021-03-17 02:11:03,714 [pool-331-thread-1] INFO  metrics.RatisMetrics (RatisMetrics.java:lambda$create$0(36)) - Creating Metrics Registry : ratis.server.a3b22ff5-07c5-4717-894b-669982ee3e54@group-0D254D493D02
2021-03-17 02:11:03,820 [Listener at 127.0.0.1/40005] INFO  handler.ContextHandler (ContextHandler.java:doStart(916)) - Started o.e.j.w.WebAppContext@277e17ee{hddsDatanode,/,file:///tmp/jetty-0_0_0_0-39733-hadoop-hdds-container-service-1_1_0-SNAPSHOT_jar-_-any-9112931701405710214/webapp/,AVAILABLE}{jar:file:/home/user/.m2/repository/org/apache/hadoop/hadoop-hdds-container-service/1.1.0-SNAPSHOT/hadoop-hdds-container-service-1.1.0-SNAPSHOT.jar!/webapps/hddsDatanode}
2021-03-17 02:11:03,821 [Listener at 127.0.0.1/40005] INFO  server.AbstractConnector (AbstractConnector.java:doStart(331)) - Started ServerConnector@d2451f{HTTP/1.1, (http/1.1)}{0.0.0.0:39733}
2021-03-17 02:11:03,821 [Listener at 127.0.0.1/40005] INFO  server.Server (Server.java:doStart(415)) - Started @126982ms
2021-03-17 02:11:03,822 [Listener at 127.0.0.1/40005] WARN  impl.MetricsSystemImpl (MetricsSystemImpl.java:register(279)) - Sink prometheus already exists!
2021-03-17 02:11:03,825 [Listener at 127.0.0.1/40005] INFO  http.BaseHttpServer (BaseHttpServer.java:updateConnectorAddress(327)) - HTTP server of hddsDatanode listening at http://0.0.0.0:39733
2021-03-17 02:11:03,825 [Listener at 127.0.0.1/40005] INFO  ozone.MiniOzoneClusterImpl (MiniOzoneClusterImpl.java:lambda$waitForClusterToBeReady$0(187)) - Waiting for nodes to be ready. Got 6 of 7 DN Heartbeats.
2021-03-17 02:11:03,825 [Listener at 127.0.0.1/40005] INFO  ozone.MiniOzoneClusterImpl (MiniOzoneClusterImpl.java:lambda$waitForClusterToBeReady$0(190)) - Cluster exits safe mode
2021-03-17 02:11:03,828 [org.apache.hadoop.util.JvmPauseMonitor$Monitor@1847c0b9] INFO  util.JvmPauseMonitor (JvmPauseMonitor.java:run(188)) - Starting JVM pause monitor
2021-03-17 02:11:04,826 [Listener at 127.0.0.1/40005] INFO  ozone.MiniOzoneClusterImpl (MiniOzoneClusterImpl.java:lambda$waitForClusterToBeReady$0(187)) - Waiting for nodes to be ready. Got 6 of 7 DN Heartbeats.
2021-03-17 02:11:04,826 [Listener at 127.0.0.1/40005] INFO  ozone.MiniOzoneClusterImpl (MiniOzoneClusterImpl.java:lambda$waitForClusterToBeReady$0(190)) - Cluster exits safe mode
2021-03-17 02:11:05,826 [Listener at 127.0.0.1/40005] INFO  ozone.MiniOzoneClusterImpl (MiniOzoneClusterImpl.java:lambda$waitForClusterToBeReady$0(187)) - Waiting for nodes to be ready. Got 6 of 7 DN Heartbeats.
2021-03-17 02:11:05,826 [Listener at 127.0.0.1/40005] INFO  ozone.MiniOzoneClusterImpl (MiniOzoneClusterImpl.java:lambda$waitForClusterToBeReady$0(190)) - Cluster exits safe mode
2021-03-17 02:11:05,830 [EndpointStateMachine task thread for /0.0.0.0:45335 - 0 ] INFO  ozoneimpl.OzoneContainer (OzoneContainer.java:start(255)) - Attempting to start container services.
2021-03-17 02:11:05,830 [EndpointStateMachine task thread for /0.0.0.0:45335 - 0 ] INFO  ozoneimpl.OzoneContainer (OzoneContainer.java:startContainerScrub(219)) - Background container scanner has been disabled.
2021-03-17 02:11:05,831 [EndpointStateMachine task thread for /0.0.0.0:45335 - 0 ] INFO  replication.ReplicationServer (ReplicationServer.java:start(106)) - ReplicationServer is started using port 46761
2021-03-17 02:11:05,832 [EndpointStateMachine task thread for /0.0.0.0:45335 - 0 ] INFO  ratis.XceiverServerRatis (XceiverServerRatis.java:start(486)) - Starting XceiverServerRatis a3b22ff5-07c5-4717-894b-669982ee3e54
2021-03-17 02:11:05,834 [EndpointStateMachine task thread for /0.0.0.0:45335 - 0 ] INFO  server.RaftServer$Division (RaftServerImpl.java:start(295)) - a3b22ff5-07c5-4717-894b-669982ee3e54@group-FAE0631FEBCD: start as a follower, conf=0: [c22503ba-573b-463b-9e1c-de44cfeb847d|rpc:172.17.0.2:34901|dataStream:|priority:0, a3b22ff5-07c5-4717-894b-669982ee3e54|rpc:172.17.0.2:42689|dataStream:|priority:0, 7be7a3ee-2c60-4daa-92d5-fce366cccc9d|rpc:172.17.0.2:39539|dataStream:|priority:1], old=null
2021-03-17 02:11:05,834 [EndpointStateMachine task thread for /0.0.0.0:45335 - 0 ] INFO  server.RaftServer$Division (RaftServerImpl.java:setRole(284)) - a3b22ff5-07c5-4717-894b-669982ee3e54@group-FAE0631FEBCD: changes role from      null to FOLLOWER at term 2 for startAsFollower
2021-03-17 02:11:05,834 [EndpointStateMachine task thread for /0.0.0.0:45335 - 0 ] INFO  impl.RoleInfo (RoleInfo.java:updateAndGet(130)) - a3b22ff5-07c5-4717-894b-669982ee3e54: start a3b22ff5-07c5-4717-894b-669982ee3e54@group-FAE0631FEBCD-FollowerState
2021-03-17 02:11:05,834 [ForkJoinPool.commonPool-worker-0] INFO  server.RaftServer$Division (RaftServerImpl.java:start(295)) - a3b22ff5-07c5-4717-894b-669982ee3e54@group-036E82DF10BE: start as a follower, conf=0: [a3b22ff5-07c5-4717-894b-669982ee3e54|rpc:172.17.0.2:42689|dataStream:|priority:1], old=null
2021-03-17 02:11:05,834 [ForkJoinPool.commonPool-worker-0] INFO  server.RaftServer$Division (RaftServerImpl.java:setRole(284)) - a3b22ff5-07c5-4717-894b-669982ee3e54@group-036E82DF10BE: changes role from      null to FOLLOWER at term 1 for startAsFollower
2021-03-17 02:11:05,834 [EndpointStateMachine task thread for /0.0.0.0:45335 - 0 ] INFO  util.JmxRegister (JmxRegister.java:tryRegister(44)) - Successfully registered JMX Bean with object name Ratis:service=RaftServer,group=group-FAE0631FEBCD,id=a3b22ff5-07c5-4717-894b-669982ee3e54
2021-03-17 02:11:05,835 [EndpointStateMachine task thread for /0.0.0.0:45335 - 0 ] INFO  metrics.RatisMetrics (RatisMetrics.java:lambda$create$0(36)) - Creating Metrics Registry : ratis.state_machine.a3b22ff5-07c5-4717-894b-669982ee3e54@group-FAE0631FEBCD
2021-03-17 02:11:05,835 [ForkJoinPool.commonPool-worker-0] INFO  impl.RoleInfo (RoleInfo.java:updateAndGet(130)) - a3b22ff5-07c5-4717-894b-669982ee3e54: start a3b22ff5-07c5-4717-894b-669982ee3e54@group-036E82DF10BE-FollowerState
2021-03-17 02:11:05,835 [ForkJoinPool.commonPool-worker-0] INFO  util.JmxRegister (JmxRegister.java:tryRegister(44)) - Successfully registered JMX Bean with object name Ratis:service=RaftServer,group=group-036E82DF10BE,id=a3b22ff5-07c5-4717-894b-669982ee3e54
2021-03-17 02:11:05,835 [ForkJoinPool.commonPool-worker-0] INFO  metrics.RatisMetrics (RatisMetrics.java:lambda$create$0(36)) - Creating Metrics Registry : ratis.state_machine.a3b22ff5-07c5-4717-894b-669982ee3e54@group-036E82DF10BE
2021-03-17 02:11:05,836 [EndpointStateMachine task thread for /0.0.0.0:45335 - 0 ] INFO  server.RaftServer$Division (RaftServerImpl.java:start(295)) - a3b22ff5-07c5-4717-894b-669982ee3e54@group-0D254D493D02: start as a follower, conf=0: [c22503ba-573b-463b-9e1c-de44cfeb847d|rpc:172.17.0.2:34901|dataStream:|priority:1, a3b22ff5-07c5-4717-894b-669982ee3e54|rpc:172.17.0.2:42689|dataStream:|priority:0, 7be7a3ee-2c60-4daa-92d5-fce366cccc9d|rpc:172.17.0.2:39539|dataStream:|priority:0], old=null
2021-03-17 02:11:05,836 [EndpointStateMachine task thread for /0.0.0.0:45335 - 0 ] INFO  server.RaftServer$Division (RaftServerImpl.java:setRole(284)) - a3b22ff5-07c5-4717-894b-669982ee3e54@group-0D254D493D02: changes role from      null to FOLLOWER at term 2 for startAsFollower
2021-03-17 02:11:05,836 [EndpointStateMachine task thread for /0.0.0.0:45335 - 0 ] INFO  impl.RoleInfo (RoleInfo.java:updateAndGet(130)) - a3b22ff5-07c5-4717-894b-669982ee3e54: start a3b22ff5-07c5-4717-894b-669982ee3e54@group-0D254D493D02-FollowerState
2021-03-17 02:11:05,836 [EndpointStateMachine task thread for /0.0.0.0:45335 - 0 ] INFO  util.JmxRegister (JmxRegister.java:tryRegister(44)) - Successfully registered JMX Bean with object name Ratis:service=RaftServer,group=group-0D254D493D02,id=a3b22ff5-07c5-4717-894b-669982ee3e54
2021-03-17 02:11:05,836 [EndpointStateMachine task thread for /0.0.0.0:45335 - 0 ] INFO  metrics.RatisMetrics (RatisMetrics.java:lambda$create$0(36)) - Creating Metrics Registry : ratis.state_machine.a3b22ff5-07c5-4717-894b-669982ee3e54@group-0D254D493D02
2021-03-17 02:11:05,837 [EndpointStateMachine task thread for /0.0.0.0:45335 - 0 ] INFO  server.RaftServer (RaftServerProxy.java:lambda$start$5(374)) - a3b22ff5-07c5-4717-894b-669982ee3e54: start RPC server
2021-03-17 02:11:05,840 [EndpointStateMachine task thread for /0.0.0.0:45335 - 0 ] INFO  server.GrpcService (GrpcService.java:startImpl(253)) - a3b22ff5-07c5-4717-894b-669982ee3e54: GrpcService started, listening on 42689
2021-03-17 02:11:05,842 [EndpointStateMachine task thread for /0.0.0.0:45335 - 0 ] INFO  ratis.XceiverServerRatis (XceiverServerRatis.java:getRealPort(507)) - XceiverServerRatis a3b22ff5-07c5-4717-894b-669982ee3e54 is started using port 42689 for RATIS
2021-03-17 02:11:05,842 [EndpointStateMachine task thread for /0.0.0.0:45335 - 0 ] INFO  ratis.XceiverServerRatis (XceiverServerRatis.java:getRealPort(507)) - XceiverServerRatis a3b22ff5-07c5-4717-894b-669982ee3e54 is started using port 42689 for RATIS_ADMIN
2021-03-17 02:11:05,842 [EndpointStateMachine task thread for /0.0.0.0:45335 - 0 ] INFO  ratis.XceiverServerRatis (XceiverServerRatis.java:getRealPort(507)) - XceiverServerRatis a3b22ff5-07c5-4717-894b-669982ee3e54 is started using port 42689 for RATIS_SERVER
2021-03-17 02:11:05,844 [org.apache.ratis.util.JvmPauseMonitor$$Lambda$504/521752898@7668e052] INFO  util.JvmPauseMonitor (JvmPauseMonitor.java:run(103)) - JvmPauseMonitor-a3b22ff5-07c5-4717-894b-669982ee3e54: Started
2021-03-17 02:11:06,827 [Listener at 127.0.0.1/40005] INFO  ozone.MiniOzoneClusterImpl (MiniOzoneClusterImpl.java:lambda$waitForClusterToBeReady$0(187)) - Waiting for nodes to be ready. Got 6 of 7 DN Heartbeats.
2021-03-17 02:11:06,827 [Listener at 127.0.0.1/40005] INFO  ozone.MiniOzoneClusterImpl (MiniOzoneClusterImpl.java:lambda$waitForClusterToBeReady$0(190)) - Cluster exits safe mode
2021-03-17 02:11:07,827 [Listener at 127.0.0.1/40005] INFO  ozone.MiniOzoneClusterImpl (MiniOzoneClusterImpl.java:lambda$waitForClusterToBeReady$0(187)) - Waiting for nodes to be ready. Got 6 of 7 DN Heartbeats.
2021-03-17 02:11:07,828 [Listener at 127.0.0.1/40005] INFO  ozone.MiniOzoneClusterImpl (MiniOzoneClusterImpl.java:lambda$waitForClusterToBeReady$0(190)) - Cluster exits safe mode
2021-03-17 02:11:08,828 [Listener at 127.0.0.1/40005] INFO  ozone.MiniOzoneClusterImpl (MiniOzoneClusterImpl.java:lambda$waitForClusterToBeReady$0(187)) - Waiting for nodes to be ready. Got 6 of 7 DN Heartbeats.
2021-03-17 02:11:08,828 [Listener at 127.0.0.1/40005] INFO  ozone.MiniOzoneClusterImpl (MiniOzoneClusterImpl.java:lambda$waitForClusterToBeReady$0(190)) - Cluster exits safe mode
2021-03-17 02:11:09,829 [Listener at 127.0.0.1/40005] INFO  ozone.MiniOzoneClusterImpl (MiniOzoneClusterImpl.java:lambda$waitForClusterToBeReady$0(187)) - Waiting for nodes to be ready. Got 6 of 7 DN Heartbeats.
2021-03-17 02:11:09,829 [Listener at 127.0.0.1/40005] INFO  ozone.MiniOzoneClusterImpl (MiniOzoneClusterImpl.java:lambda$waitForClusterToBeReady$0(190)) - Cluster exits safe mode
2021-03-17 02:11:09,920 [RatisPipelineUtilsThread] INFO  pipeline.RatisPipelineProvider (RatisPipelineProvider.java:lambda$create$0(161)) - Sending CreatePipelineCommand for pipeline:PipelineID=24b398cc-d6bc-4677-94f5-8ecd2d945d0c to datanode:a3b22ff5-07c5-4717-894b-669982ee3e54
2021-03-17 02:11:09,921 [RatisPipelineUtilsThread] INFO  pipeline.PipelineStateManager (PipelineStateManager.java:addPipeline(54)) - Created pipeline Pipeline[ Id: 24b398cc-d6bc-4677-94f5-8ecd2d945d0c, Nodes: a3b22ff5-07c5-4717-894b-669982ee3e54{ip: 172.17.0.2, host: 70ca58e12b9b, ports: [REPLICATION=33345, RATIS=42689, RATIS_ADMIN=42689, RATIS_SERVER=42689, STANDALONE=37481], networkLocation: /default-rack, certSerialId: null, persistedOpState: IN_SERVICE, persistedOpStateExpiryEpochSec: 0}, Type:RATIS, Factor:ONE, State:ALLOCATED, leaderId:, CreationTimestamp2021-03-17T02:11:09.920Z]
2021-03-17 02:11:10,317 [org.apache.ratis.util.JvmPauseMonitor$$Lambda$504/521752898@39a9c978] WARN  util.JvmPauseMonitor (JvmPauseMonitor.java:detectPause(124)) - JvmPauseMonitor-13cb06b2-640f-4fce-af7e-e16c133353a1: Detected pause in JVM or host machine (eg GC): pause of approximately 143918997ns

GC pool 'PS MarkSweep' had collection(s): count=1 time=175ms
GC pool 'PS Scavenge' had collection(s): count=1 time=26ms
2021-03-17 02:11:10,318 [org.apache.ratis.util.JvmPauseMonitor$$Lambda$504/521752898@4ecf4b1e] WARN  util.JvmPauseMonitor (JvmPauseMonitor.java:detectPause(124)) - JvmPauseMonitor-om1: Detected pause in JVM or host machine (eg GC): pause of approximately 114071855ns

GC pool 'PS MarkSweep' had collection(s): count=1 time=175ms
GC pool 'PS Scavenge' had collection(s): count=1 time=26ms
2021-03-17 02:11:10,318 [org.apache.ratis.util.JvmPauseMonitor$$Lambda$504/521752898@5c2996c6] WARN  util.JvmPauseMonitor (JvmPauseMonitor.java:detectPause(124)) - JvmPauseMonitor-7be7a3ee-2c60-4daa-92d5-fce366cccc9d: Detected pause in JVM or host machine (eg GC): pause of approximately 166261628ns

GC pool 'PS MarkSweep' had collection(s): count=1 time=175ms
GC pool 'PS Scavenge' had collection(s): count=1 time=26ms
2021-03-17 02:11:10,318 [org.apache.ratis.util.JvmPauseMonitor$$Lambda$504/521752898@2c2d81cc] WARN  util.JvmPauseMonitor (JvmPauseMonitor.java:detectPause(124)) - JvmPauseMonitor-edc886fb-3392-4280-b977-eac73b957932: Detected pause in JVM or host machine (eg GC): pause of approximately 191438663ns

GC pool 'PS MarkSweep' had collection(s): count=1 time=175ms
GC pool 'PS Scavenge' had collection(s): count=1 time=26ms
2021-03-17 02:11:10,829 [Listener at 127.0.0.1/40005] INFO  ozone.MiniOzoneClusterImpl (MiniOzoneClusterImpl.java:lambda$waitForClusterToBeReady$0(187)) - Nodes are ready. Got 7 of 7 DN Heartbeats.
2021-03-17 02:11:10,829 [Listener at 127.0.0.1/40005] INFO  ozone.MiniOzoneClusterImpl (MiniOzoneClusterImpl.java:lambda$waitForClusterToBeReady$0(190)) - Cluster exits safe mode
2021-03-17 02:11:10,835 [Command processor thread] INFO  server.RaftServer (RaftServerProxy.java:remove(106)) - a3b22ff5-07c5-4717-894b-669982ee3e54: remove  FOLLOWER a3b22ff5-07c5-4717-894b-669982ee3e54@group-036E82DF10BE:t1, leader=null, voted=a3b22ff5-07c5-4717-894b-669982ee3e54, raftlog=a3b22ff5-07c5-4717-894b-669982ee3e54@group-036E82DF10BE-SegmentedRaftLog:OPENED:c11,f11,i11, conf=0: [a3b22ff5-07c5-4717-894b-669982ee3e54|rpc:172.17.0.2:42689|dataStream:|priority:1], old=null RUNNING
2021-03-17 02:11:10,836 [Command processor thread] INFO  server.RaftServer$Division (RaftServerImpl.java:lambda$close$4(406)) - a3b22ff5-07c5-4717-894b-669982ee3e54@group-036E82DF10BE: shutdown
2021-03-17 02:11:10,837 [Command processor thread] INFO  util.JmxRegister (JmxRegister.java:unregister(73)) - Successfully un-registered JMX Bean with object name Ratis:service=RaftServer,group=group-036E82DF10BE,id=a3b22ff5-07c5-4717-894b-669982ee3e54
2021-03-17 02:11:10,837 [Command processor thread] INFO  impl.RoleInfo (RoleInfo.java:shutdownFollowerState(108)) - a3b22ff5-07c5-4717-894b-669982ee3e54: shutdown a3b22ff5-07c5-4717-894b-669982ee3e54@group-036E82DF10BE-FollowerState
2021-03-17 02:11:10,837 [a3b22ff5-07c5-4717-894b-669982ee3e54@group-036E82DF10BE-StateMachineUpdater] INFO  metrics.RatisMetrics (RatisMetrics.java:unregister(43)) - Unregistering Metrics Registry : ratis.state_machine.a3b22ff5-07c5-4717-894b-669982ee3e54@group-036E82DF10BE
2021-03-17 02:11:10,837 [Thread-1173] INFO  impl.FollowerState (FollowerState.java:run(142)) - a3b22ff5-07c5-4717-894b-669982ee3e54@group-036E82DF10BE-FollowerState was interrupted: {}
java.lang.InterruptedException: sleep interrupted
	at java.lang.Thread.sleep(Native Method)
	at java.lang.Thread.sleep(Thread.java:340)
	at java.util.concurrent.TimeUnit.sleep(TimeUnit.java:386)
	at org.apache.ratis.util.TimeDuration.sleep(TimeDuration.java:324)
	at org.apache.ratis.util.TimeDuration.sleep(TimeDuration.java:309)
	at org.apache.ratis.server.impl.FollowerState.run(FollowerState.java:117)
2021-03-17 02:11:10,837 [Command processor thread] INFO  impl.StateMachineUpdater (StateMachineUpdater.java:stopAndJoin(148)) - a3b22ff5-07c5-4717-894b-669982ee3e54@group-036E82DF10BE-StateMachineUpdater: set stopIndex = 11
2021-03-17 02:11:10,838 [Command processor thread] INFO  server.RaftServer$Division (ServerState.java:close(405)) - a3b22ff5-07c5-4717-894b-669982ee3e54@group-036E82DF10BE: closes. applyIndex: 11
2021-03-17 02:11:10,838 [a3b22ff5-07c5-4717-894b-669982ee3e54@group-036E82DF10BE-SegmentedRaftLogWorker] INFO  segmented.SegmentedRaftLogWorker (SegmentedRaftLogWorker.java:run(326)) - a3b22ff5-07c5-4717-894b-669982ee3e54@group-036E82DF10BE-SegmentedRaftLogWorker was interrupted, exiting. There are 0 tasks remaining in the queue.
2021-03-17 02:11:10,841 [Command processor thread] INFO  segmented.SegmentedRaftLogWorker (SegmentedRaftLogWorker.java:close(236)) - a3b22ff5-07c5-4717-894b-669982ee3e54@group-036E82DF10BE-SegmentedRaftLogWorker close()
2021-03-17 02:11:10,842 [Command processor thread] INFO  metrics.RatisMetrics (RatisMetrics.java:unregister(43)) - Unregistering Metrics Registry : ratis.log_worker.a3b22ff5-07c5-4717-894b-669982ee3e54@group-036E82DF10BE
2021-03-17 02:11:10,843 [Command processor thread] INFO  metrics.RatisMetrics (RatisMetrics.java:unregister(43)) - Unregistering Metrics Registry : ratis.leader_election.a3b22ff5-07c5-4717-894b-669982ee3e54@group-036E82DF10BE
2021-03-17 02:11:10,843 [Command processor thread] INFO  metrics.RatisMetrics (RatisMetrics.java:unregister(43)) - Unregistering Metrics Registry : ratis.server.a3b22ff5-07c5-4717-894b-669982ee3e54@group-036E82DF10BE
2021-03-17 02:11:10,843 [Command processor thread] INFO  keyvalue.KeyValueContainer (KeyValueContainer.java:flushAndSyncDB(388)) - Container 1 is synced with bcsId 9.
2021-03-17 02:11:10,844 [Command processor thread] INFO  keyvalue.KeyValueContainer (KeyValueContainer.java:flushAndSyncDB(388)) - Container 1 is synced with bcsId 9.
2021-03-17 02:11:10,848 [EventQueue-IncrementalContainerReportForIncrementalContainerReportHandler] INFO  container.IncrementalContainerReportHandler (AbstractContainerReportHandler.java:updateContainerState(208)) - Moving container #1 to QUASI_CLOSED state, datanode a3b22ff5-07c5-4717-894b-669982ee3e54{ip: 172.17.0.2, host: 70ca58e12b9b, ports: [REPLICATION=33345, RATIS=42689, RATIS_ADMIN=42689, RATIS_SERVER=42689, STANDALONE=37481], networkLocation: /default-rack, certSerialId: null, persistedOpState: IN_SERVICE, persistedOpStateExpiryEpochSec: 0} reported QUASI_CLOSED replica.
2021-03-17 02:11:10,853 [Command processor thread] INFO  server.RaftServer$Division (RaftServerImpl.java:groupRemove(376)) - a3b22ff5-07c5-4717-894b-669982ee3e54@group-036E82DF10BE: Succeed to remove RaftStorageDirectory Storage Directory /github/workspace/mnt/ozone/hadoop-ozone/integration-test/target/test-dir/MiniOzoneClusterImpl-5543d78b-3109-4325-8e4d-d24bfba87b26/datanode-2/data/ratis/d8764373-1664-4953-abac-036e82df10be
2021-03-17 02:11:10,854 [Command processor thread] INFO  commandhandler.ClosePipelineCommandHandler (ClosePipelineCommandHandler.java:handle(75)) - Close Pipeline PipelineID=d8764373-1664-4953-abac-036e82df10be command on datanode a3b22ff5-07c5-4717-894b-669982ee3e54.
2021-03-17 02:11:10,854 [Command processor thread] INFO  server.RaftServer (RaftServerProxy.java:remove(106)) - a3b22ff5-07c5-4717-894b-669982ee3e54: remove  FOLLOWER a3b22ff5-07c5-4717-894b-669982ee3e54@group-FAE0631FEBCD:t2, leader=null, voted=7be7a3ee-2c60-4daa-92d5-fce366cccc9d, raftlog=a3b22ff5-07c5-4717-894b-669982ee3e54@group-FAE0631FEBCD-SegmentedRaftLog:OPENED:c0,f0,i0, conf=0: [c22503ba-573b-463b-9e1c-de44cfeb847d|rpc:172.17.0.2:34901|dataStream:|priority:0, a3b22ff5-07c5-4717-894b-669982ee3e54|rpc:172.17.0.2:42689|dataStream:|priority:0, 7be7a3ee-2c60-4daa-92d5-fce366cccc9d|rpc:172.17.0.2:39539|dataStream:|priority:1], old=null RUNNING
2021-03-17 02:11:10,854 [Command processor thread] INFO  server.RaftServer$Division (RaftServerImpl.java:lambda$close$4(406)) - a3b22ff5-07c5-4717-894b-669982ee3e54@group-FAE0631FEBCD: shutdown
2021-03-17 02:11:10,854 [Command processor thread] INFO  util.JmxRegister (JmxRegister.java:unregister(73)) - Successfully un-registered JMX Bean with object name Ratis:service=RaftServer,group=group-FAE0631FEBCD,id=a3b22ff5-07c5-4717-894b-669982ee3e54
2021-03-17 02:11:10,854 [Command processor thread] INFO  impl.RoleInfo (RoleInfo.java:shutdownFollowerState(108)) - a3b22ff5-07c5-4717-894b-669982ee3e54: shutdown a3b22ff5-07c5-4717-894b-669982ee3e54@group-FAE0631FEBCD-FollowerState
2021-03-17 02:11:10,854 [Thread-1172] INFO  impl.FollowerState (FollowerState.java:run(142)) - a3b22ff5-07c5-4717-894b-669982ee3e54@group-FAE0631FEBCD-FollowerState was interrupted: {}
java.lang.InterruptedException: sleep interrupted
	at java.lang.Thread.sleep(Native Method)
	at java.lang.Thread.sleep(Thread.java:340)
	at java.util.concurrent.TimeUnit.sleep(TimeUnit.java:386)
	at org.apache.ratis.util.TimeDuration.sleep(TimeDuration.java:324)
	at org.apache.ratis.util.TimeDuration.sleep(TimeDuration.java:309)
	at org.apache.ratis.server.impl.FollowerState.run(FollowerState.java:117)
2021-03-17 02:11:10,854 [Command processor thread] INFO  impl.StateMachineUpdater (StateMachineUpdater.java:stopAndJoin(148)) - a3b22ff5-07c5-4717-894b-669982ee3e54@group-FAE0631FEBCD-StateMachineUpdater: set stopIndex = 0
2021-03-17 02:11:10,854 [Listener at 127.0.0.1/40005] INFO  ozone.MiniOzoneClusterImpl (MiniOzoneClusterImpl.java:shutdown(400)) - Shutting down the Mini Ozone Cluster
2021-03-17 02:11:10,854 [Listener at 127.0.0.1/40005] INFO  ozone.MiniOzoneClusterImpl (MiniOzoneClusterImpl.java:stop(415)) - Stopping the Mini Ozone Cluster
2021-03-17 02:11:10,854 [Listener at 127.0.0.1/40005] INFO  ozone.MiniOzoneClusterImpl (MiniOzoneClusterImpl.java:stopOM(497)) - Stopping the OzoneManager
2021-03-17 02:11:10,855 [Listener at 127.0.0.1/40005] INFO  ipc.Server (Server.java:stop(3403)) - Stopping server on 40005
2021-03-17 02:11:10,855 [a3b22ff5-07c5-4717-894b-669982ee3e54@group-FAE0631FEBCD-StateMachineUpdater] INFO  metrics.RatisMetrics (RatisMetrics.java:unregister(43)) - Unregistering Metrics Registry : ratis.state_machine.a3b22ff5-07c5-4717-894b-669982ee3e54@group-FAE0631FEBCD
2021-03-17 02:11:10,855 [Command processor thread] INFO  server.RaftServer$Division (ServerState.java:close(405)) - a3b22ff5-07c5-4717-894b-669982ee3e54@group-FAE0631FEBCD: closes. applyIndex: 0
2021-03-17 02:11:10,856 [a3b22ff5-07c5-4717-894b-669982ee3e54@group-FAE0631FEBCD-SegmentedRaftLogWorker] INFO  segmented.SegmentedRaftLogWorker (SegmentedRaftLogWorker.java:run(326)) - a3b22ff5-07c5-4717-894b-669982ee3e54@group-FAE0631FEBCD-SegmentedRaftLogWorker was interrupted, exiting. There are 0 tasks remaining in the queue.
2021-03-17 02:11:10,859 [IPC Server listener on 0] INFO  ipc.Server (Server.java:run(1366)) - Stopping IPC Server listener on 0
2021-03-17 02:11:10,859 [IPC Server Responder] INFO  ipc.Server (Server.java:run(1502)) - Stopping IPC Server Responder
2021-03-17 02:11:10,859 [Listener at 127.0.0.1/40005] INFO  server.RaftServer (RaftServerProxy.java:lambda$close$6(391)) - om1: close
2021-03-17 02:11:10,859 [Listener at 127.0.0.1/40005] INFO  server.RaftServer$Division (RaftServerImpl.java:lambda$close$4(406)) - om1@group-C5BA1605619E: shutdown
2021-03-17 02:11:10,860 [Listener at 127.0.0.1/40005] INFO  util.JmxRegister (JmxRegister.java:unregister(73)) - Successfully un-registered JMX Bean with object name Ratis:service=RaftServer,group=group-C5BA1605619E,id=om1
2021-03-17 02:11:10,860 [Listener at 127.0.0.1/40005] INFO  impl.RoleInfo (RoleInfo.java:shutdownLeaderState(91)) - om1: shutdown om1@group-C5BA1605619E-LeaderStateImpl
2021-03-17 02:11:10,860 [Listener at 127.0.0.1/40005] INFO  impl.PendingRequests (PendingRequests.java:sendNotLeaderResponses(249)) - om1@group-C5BA1605619E-PendingRequests: sendNotLeaderResponses
2021-03-17 02:11:10,861 [Command processor thread] INFO  segmented.SegmentedRaftLogWorker (SegmentedRaftLogWorker.java:close(236)) - a3b22ff5-07c5-4717-894b-669982ee3e54@group-FAE0631FEBCD-SegmentedRaftLogWorker close()
2021-03-17 02:11:10,865 [Listener at 127.0.0.1/40005] INFO  metrics.RatisMetrics (RatisMetrics.java:unregister(43)) - Unregistering Metrics Registry : ratis.log_appender.om1@group-C5BA1605619E
2021-03-17 02:11:10,865 [Command processor thread] INFO  metrics.RatisMetrics (RatisMetrics.java:unregister(43)) - Unregistering Metrics Registry : ratis.log_worker.a3b22ff5-07c5-4717-894b-669982ee3e54@group-FAE0631FEBCD
2021-03-17 02:11:10,865 [Listener at 127.0.0.1/40005] INFO  metrics.RatisMetrics (RatisMetrics.java:unregister(43)) - Unregistering Metrics Registry : ratis.server.om1@group-C5BA1605619E
2021-03-17 02:11:10,865 [Command processor thread] INFO  metrics.RatisMetrics (RatisMetrics.java:unregister(43)) - Unregistering Metrics Registry : ratis.leader_election.a3b22ff5-07c5-4717-894b-669982ee3e54@group-FAE0631FEBCD
2021-03-17 02:11:10,866 [Command processor thread] INFO  metrics.RatisMetrics (RatisMetrics.java:unregister(43)) - Unregistering Metrics Registry : ratis.server.a3b22ff5-07c5-4717-894b-669982ee3e54@group-FAE0631FEBCD
2021-03-17 02:11:10,866 [Listener at 127.0.0.1/40005] INFO  impl.StateMachineUpdater (StateMachineUpdater.java:stopAndJoin(148)) - om1@group-C5BA1605619E-StateMachineUpdater: set stopIndex = 8
2021-03-17 02:11:10,866 [om1@group-C5BA1605619E-StateMachineUpdater] INFO  ratis.OzoneManagerStateMachine (OzoneManagerStateMachine.java:takeSnapshot(345)) - Current Snapshot Index (t:1, i:8)
2021-03-17 02:11:10,866 [om1@group-C5BA1605619E-StateMachineUpdater] INFO  impl.StateMachineUpdater (StateMachineUpdater.java:takeSnapshot(279)) - om1@group-C5BA1605619E-StateMachineUpdater: Took a snapshot at index 8
2021-03-17 02:11:10,866 [om1@group-C5BA1605619E-StateMachineUpdater] INFO  impl.StateMachineUpdater (StateMachineUpdater.java:lambda$new$0(88)) - om1@group-C5BA1605619E-StateMachineUpdater: snapshotIndex: updateIncreasingly -1 -> 8
2021-03-17 02:11:10,866 [om1@group-C5BA1605619E-StateMachineUpdater] INFO  metrics.RatisMetrics (RatisMetrics.java:unregister(43)) - Unregistering Metrics Registry : ratis.state_machine.om1@group-C5BA1605619E
2021-03-17 02:11:10,866 [Listener at 127.0.0.1/40005] INFO  server.RaftServer$Division (ServerState.java:close(405)) - om1@group-C5BA1605619E: closes. applyIndex: 8
2021-03-17 02:11:10,867 [om1@group-C5BA1605619E-SegmentedRaftLogWorker] INFO  segmented.SegmentedRaftLogWorker (SegmentedRaftLogWorker.java:run(326)) - om1@group-C5BA1605619E-SegmentedRaftLogWorker was interrupted, exiting. There are 0 tasks remaining in the queue.
2021-03-17 02:11:10,867 [Listener at 127.0.0.1/40005] INFO  segmented.SegmentedRaftLogWorker (SegmentedRaftLogWorker.java:close(236)) - om1@group-C5BA1605619E-SegmentedRaftLogWorker close()
2021-03-17 02:11:10,868 [Listener at 127.0.0.1/40005] INFO  metrics.RatisMetrics (RatisMetrics.java:unregister(43)) - Unregistering Metrics Registry : ratis.log_worker.om1@group-C5BA1605619E
2021-03-17 02:11:10,868 [Command processor thread] INFO  server.RaftServer$Division (RaftServerImpl.java:groupRemove(376)) - a3b22ff5-07c5-4717-894b-669982ee3e54@group-FAE0631FEBCD: Succeed to remove RaftStorageDirectory Storage Directory /github/workspace/mnt/ozone/hadoop-ozone/integration-test/target/test-dir/MiniOzoneClusterImpl-5543d78b-3109-4325-8e4d-d24bfba87b26/datanode-2/data/ratis/05ce0818-b588-4728-ba10-fae0631febcd
2021-03-17 02:11:10,868 [Listener at 127.0.0.1/40005] INFO  metrics.RatisMetrics (RatisMetrics.java:unregister(43)) - Unregistering Metrics Registry : ratis.leader_election.om1@group-C5BA1605619E
2021-03-17 02:11:10,868 [Listener at 127.0.0.1/40005] INFO  metrics.RatisMetrics (RatisMetrics.java:unregister(43)) - Unregistering Metrics Registry : ratis.server.om1@group-C5BA1605619E
2021-03-17 02:11:10,868 [Command processor thread] INFO  commandhandler.ClosePipelineCommandHandler (ClosePipelineCommandHandler.java:handle(75)) - Close Pipeline PipelineID=05ce0818-b588-4728-ba10-fae0631febcd command on datanode a3b22ff5-07c5-4717-894b-669982ee3e54.
2021-03-17 02:11:10,868 [Listener at 127.0.0.1/40005] INFO  server.GrpcService (GrpcService.java:closeImpl(262)) - om1: shutdown server with port 9872 now
2021-03-17 02:11:10,868 [Command processor thread] INFO  server.RaftServer (RaftServerProxy.java:remove(106)) - a3b22ff5-07c5-4717-894b-669982ee3e54: remove  FOLLOWER a3b22ff5-07c5-4717-894b-669982ee3e54@group-0D254D493D02:t2, leader=null, voted=c22503ba-573b-463b-9e1c-de44cfeb847d, raftlog=a3b22ff5-07c5-4717-894b-669982ee3e54@group-0D254D493D02-SegmentedRaftLog:OPENED:c-1,f0,i0, conf=0: [c22503ba-573b-463b-9e1c-de44cfeb847d|rpc:172.17.0.2:34901|dataStream:|priority:1, a3b22ff5-07c5-4717-894b-669982ee3e54|rpc:172.17.0.2:42689|dataStream:|priority:0, 7be7a3ee-2c60-4daa-92d5-fce366cccc9d|rpc:172.17.0.2:39539|dataStream:|priority:0], old=null RUNNING
2021-03-17 02:11:10,868 [Command processor thread] INFO  server.RaftServer$Division (RaftServerImpl.java:lambda$close$4(406)) - a3b22ff5-07c5-4717-894b-669982ee3e54@group-0D254D493D02: shutdown
2021-03-17 02:11:10,868 [Command processor thread] INFO  util.JmxRegister (JmxRegister.java:unregister(73)) - Successfully un-registered JMX Bean with object name Ratis:service=RaftServer,group=group-0D254D493D02,id=a3b22ff5-07c5-4717-894b-669982ee3e54
2021-03-17 02:11:10,869 [Command processor thread] INFO  impl.RoleInfo (RoleInfo.java:shutdownFollowerState(108)) - a3b22ff5-07c5-4717-894b-669982ee3e54: shutdown a3b22ff5-07c5-4717-894b-669982ee3e54@group-0D254D493D02-FollowerState
2021-03-17 02:11:10,869 [Listener at 127.0.0.1/40005] INFO  server.GrpcService (GrpcService.java:closeImpl(271)) - om1: shutdown server with port 9872 successfully
2021-03-17 02:11:10,869 [a3b22ff5-07c5-4717-894b-669982ee3e54@group-0D254D493D02-StateMachineUpdater] INFO  metrics.RatisMetrics (RatisMetrics.java:unregister(43)) - Unregistering Metrics Registry : ratis.state_machine.a3b22ff5-07c5-4717-894b-669982ee3e54@group-0D254D493D02
2021-03-17 02:11:10,869 [Command processor thread] INFO  impl.StateMachineUpdater (StateMachineUpdater.java:stopAndJoin(148)) - a3b22ff5-07c5-4717-894b-669982ee3e54@group-0D254D493D02-StateMachineUpdater: set stopIndex = -1
2021-03-17 02:11:10,869 [Thread-1174] INFO  impl.FollowerState (FollowerState.java:run(142)) - a3b22ff5-07c5-4717-894b-669982ee3e54@group-0D254D493D02-FollowerState was interrupted: {}
java.lang.InterruptedException: sleep interrupted
	at java.lang.Thread.sleep(Native Method)
	at java.lang.Thread.sleep(Thread.java:340)
	at java.util.concurrent.TimeUnit.sleep(TimeUnit.java:386)
	at org.apache.ratis.util.TimeDuration.sleep(TimeDuration.java:324)
	at org.apache.ratis.util.TimeDuration.sleep(TimeDuration.java:309)
	at org.apache.ratis.server.impl.FollowerState.run(FollowerState.java:117)
2021-03-17 02:11:10,869 [org.apache.ratis.util.JvmPauseMonitor$$Lambda$504/521752898@4ecf4b1e] INFO  util.JvmPauseMonitor (JvmPauseMonitor.java:run(109)) - JvmPauseMonitor-om1: Stopped
2021-03-17 02:11:10,869 [Command processor thread] INFO  server.RaftServer$Division (ServerState.java:close(405)) - a3b22ff5-07c5-4717-894b-669982ee3e54@group-0D254D493D02: closes. applyIndex: -1
2021-03-17 02:11:10,869 [a3b22ff5-07c5-4717-894b-669982ee3e54@group-0D254D493D02-SegmentedRaftLogWorker] INFO  segmented.SegmentedRaftLogWorker (SegmentedRaftLogWorker.java:run(326)) - a3b22ff5-07c5-4717-894b-669982ee3e54@group-0D254D493D02-SegmentedRaftLogWorker was interrupted, exiting. There are 0 tasks remaining in the queue.
2021-03-17 02:11:10,870 [Command processor thread] INFO  segmented.SegmentedRaftLogWorker (SegmentedRaftLogWorker.java:close(236)) - a3b22ff5-07c5-4717-894b-669982ee3e54@group-0D254D493D02-SegmentedRaftLogWorker close()
2021-03-17 02:11:10,870 [Listener at 127.0.0.1/40005] INFO  ratis.OzoneManagerDoubleBuffer (OzoneManagerDoubleBuffer.java:stop(425)) - Stopping OMDoubleBuffer flush thread
2021-03-17 02:11:10,870 [Command processor thread] INFO  metrics.RatisMetrics (RatisMetrics.java:unregister(43)) - Unregistering Metrics Registry : ratis.log_worker.a3b22ff5-07c5-4717-894b-669982ee3e54@group-0D254D493D02
2021-03-17 02:11:10,870 [OMDoubleBufferFlushThread] INFO  ratis.OzoneManagerDoubleBuffer (OzoneManagerDoubleBuffer.java:flushTransactions(352)) - OMDoubleBuffer flush thread OMDoubleBufferFlushThread is interrupted and will exit. OMDoubleBufferFlushThread
2021-03-17 02:11:10,870 [Command processor thread] INFO  metrics.RatisMetrics (RatisMetrics.java:unregister(43)) - Unregistering Metrics Registry : ratis.leader_election.a3b22ff5-07c5-4717-894b-669982ee3e54@group-0D254D493D02
2021-03-17 02:11:10,870 [Command processor thread] INFO  metrics.RatisMetrics (RatisMetrics.java:unregister(43)) - Unregistering Metrics Registry : ratis.server.a3b22ff5-07c5-4717-894b-669982ee3e54@group-0D254D493D02
2021-03-17 02:11:10,871 [Command processor thread] INFO  server.RaftServer$Division (RaftServerImpl.java:groupRemove(376)) - a3b22ff5-07c5-4717-894b-669982ee3e54@group-0D254D493D02: Succeed to remove RaftStorageDirectory Storage Directory /github/workspace/mnt/ozone/hadoop-ozone/integration-test/target/test-dir/MiniOzoneClusterImpl-5543d78b-3109-4325-8e4d-d24bfba87b26/datanode-2/data/ratis/8ff1614f-e393-4bbd-a079-0d254d493d02
2021-03-17 02:11:10,871 [Command processor thread] INFO  commandhandler.ClosePipelineCommandHandler (ClosePipelineCommandHandler.java:handle(75)) - Close Pipeline PipelineID=8ff1614f-e393-4bbd-a079-0d254d493d02 command on datanode a3b22ff5-07c5-4717-894b-669982ee3e54.
2021-03-17 02:11:10,871 [Command processor thread] WARN  server.RaftServer (RaftServerProxy.java:remove(101)) - a3b22ff5-07c5-4717-894b-669982ee3e54: does not contain group: group-036E82DF10BE
2021-03-17 02:11:10,871 [Command processor thread] ERROR commandhandler.ClosePipelineCommandHandler (ClosePipelineCommandHandler.java:handle(78)) - Can't close pipeline PipelineID=d8764373-1664-4953-abac-036e82df10be
java.io.IOException: a3b22ff5-07c5-4717-894b-669982ee3e54: Group group-036E82DF10BE not found.
	at org.apache.hadoop.ozone.container.common.transport.server.ratis.XceiverServerRatis.removeGroup(XceiverServerRatis.java:819)
	at org.apache.hadoop.ozone.container.common.statemachine.commandhandler.ClosePipelineCommandHandler.handle(ClosePipelineCommandHandler.java:74)
	at org.apache.hadoop.ozone.container.common.statemachine.commandhandler.CommandDispatcher.handle(CommandDispatcher.java:99)
	at org.apache.hadoop.ozone.container.common.statemachine.DatanodeStateMachine.lambda$initCommandHandlerThread$2(DatanodeStateMachine.java:506)
	at java.lang.Thread.run(Thread.java:748)
Caused by: org.apache.ratis.protocol.exceptions.GroupMismatchException: a3b22ff5-07c5-4717-894b-669982ee3e54: Group group-036E82DF10BE not found.
	at org.apache.ratis.server.impl.RaftServerProxy.groupRemoveAsync(RaftServerProxy.java:504)
	at org.apache.ratis.server.impl.RaftServerProxy.groupManagementAsync(RaftServerProxy.java:460)
	at org.apache.ratis.server.impl.RaftServerProxy.groupManagement(RaftServerProxy.java:440)
	at org.apache.hadoop.ozone.container.common.transport.server.ratis.XceiverServerRatis.removeGroup(XceiverServerRatis.java:817)
	... 4 more
2021-03-17 02:11:10,872 [Command processor thread] WARN  server.RaftServer (RaftServerProxy.java:remove(101)) - a3b22ff5-07c5-4717-894b-669982ee3e54: does not contain group: group-FAE0631FEBCD
2021-03-17 02:11:10,872 [Command processor thread] ERROR commandhandler.ClosePipelineCommandHandler (ClosePipelineCommandHandler.java:handle(78)) - Can't close pipeline PipelineID=05ce0818-b588-4728-ba10-fae0631febcd
java.io.IOException: a3b22ff5-07c5-4717-894b-669982ee3e54: Group group-FAE0631FEBCD not found.
	at org.apache.hadoop.ozone.container.common.transport.server.ratis.XceiverServerRatis.removeGroup(XceiverServerRatis.java:819)
	at org.apache.hadoop.ozone.container.common.statemachine.commandhandler.ClosePipelineCommandHandler.handle(ClosePipelineCommandHandler.java:74)
	at org.apache.hadoop.ozone.container.common.statemachine.commandhandler.CommandDispatcher.handle(CommandDispatcher.java:99)
	at org.apache.hadoop.ozone.container.common.statemachine.DatanodeStateMachine.lambda$initCommandHandlerThread$2(DatanodeStateMachine.java:506)
	at java.lang.Thread.run(Thread.java:748)
Caused by: org.apache.ratis.protocol.exceptions.GroupMismatchException: a3b22ff5-07c5-4717-894b-669982ee3e54: Group group-FAE0631FEBCD not found.
	at org.apache.ratis.server.impl.RaftServerProxy.groupRemoveAsync(RaftServerProxy.java:504)
	at org.apache.ratis.server.impl.RaftServerProxy.groupManagementAsync(RaftServerProxy.java:460)
	at org.apache.ratis.server.impl.RaftServerProxy.groupManagement(RaftServerProxy.java:440)
	at org.apache.hadoop.ozone.container.common.transport.server.ratis.XceiverServerRatis.removeGroup(XceiverServerRatis.java:817)
	... 4 more
2021-03-17 02:11:10,872 [Command processor thread] WARN  server.RaftServer (RaftServerProxy.java:remove(101)) - a3b22ff5-07c5-4717-894b-669982ee3e54: does not contain group: group-0D254D493D02
2021-03-17 02:11:10,872 [Command processor thread] ERROR commandhandler.ClosePipelineCommandHandler (ClosePipelineCommandHandler.java:handle(78)) - Can't close pipeline PipelineID=8ff1614f-e393-4bbd-a079-0d254d493d02
java.io.IOException: a3b22ff5-07c5-4717-894b-669982ee3e54: Group group-0D254D493D02 not found.
	at org.apache.hadoop.ozone.container.common.transport.server.ratis.XceiverServerRatis.removeGroup(XceiverServerRatis.java:819)
	at org.apache.hadoop.ozone.container.common.statemachine.commandhandler.ClosePipelineCommandHandler.handle(ClosePipelineCommandHandler.java:74)
	at org.apache.hadoop.ozone.container.common.statemachine.commandhandler.CommandDispatcher.handle(CommandDispatcher.java:99)
	at org.apache.hadoop.ozone.container.common.statemachine.DatanodeStateMachine.lambda$initCommandHandlerThread$2(DatanodeStateMachine.java:506)
	at java.lang.Thread.run(Thread.java:748)
Caused by: org.apache.ratis.protocol.exceptions.GroupMismatchException: a3b22ff5-07c5-4717-894b-669982ee3e54: Group group-0D254D493D02 not found.
	at org.apache.ratis.server.impl.RaftServerProxy.groupRemoveAsync(RaftServerProxy.java:504)
	at org.apache.ratis.server.impl.RaftServerProxy.groupManagementAsync(RaftServerProxy.java:460)
	at org.apache.ratis.server.impl.RaftServerProxy.groupManagement(RaftServerProxy.java:440)
	at org.apache.hadoop.ozone.container.common.transport.server.ratis.XceiverServerRatis.removeGroup(XceiverServerRatis.java:817)
	... 4 more
2021-03-17 02:11:10,873 [pool-331-thread-1] INFO  server.RaftServer$Division (RaftServerImpl.java:<init>(180)) - a3b22ff5-07c5-4717-894b-669982ee3e54: new RaftServerImpl for group-8ECD2D945D0C:[a3b22ff5-07c5-4717-894b-669982ee3e54|rpc:172.17.0.2:42689|priority:1] with ContainerStateMachine:uninitialized
2021-03-17 02:11:10,873 [pool-331-thread-1] INFO  server.RaftServerConfigKeys (ConfUtils.java:logGet(44)) - raft.server.rpc.timeout.min = 5s (custom)
2021-03-17 02:11:10,873 [pool-331-thread-1] INFO  server.RaftServerConfigKeys (ConfUtils.java:logGet(44)) - raft.server.rpc.timeout.max = 5200ms (custom)
2021-03-17 02:11:10,873 [pool-331-thread-1] INFO  server.RaftServerConfigKeys (ConfUtils.java:logGet(44)) - raft.server.rpc.sleep.time = 25ms (default)
2021-03-17 02:11:10,873 [pool-331-thread-1] INFO  server.RaftServerConfigKeys (ConfUtils.java:logGet(44)) - raft.server.rpc.slowness.timeout = 300000ms (custom)
2021-03-17 02:11:10,873 [pool-331-thread-1] INFO  server.RaftServerConfigKeys (ConfUtils.java:logGet(44)) - raft.server.leaderelection.leader.step-down.wait-time = 10s (default)
2021-03-17 02:11:10,873 [pool-331-thread-1] INFO  server.RaftServerConfigKeys (ConfUtils.java:logGet(44)) - raft.server.sleep.deviation.threshold = 300ms (default)
2021-03-17 02:11:10,873 [pool-331-thread-1] INFO  server.RaftServerConfigKeys (ConfUtils.java:logGet(44)) - raft.server.log.appender.install.snapshot.enabled = false (custom)
2021-03-17 02:11:10,873 [Listener at 127.0.0.1/40005] INFO  ratis.OzoneManagerStateMachine (HadoopExecutors.java:shutdown(118)) - Gracefully shutting down executor service. Waiting max 5 SECONDS
2021-03-17 02:11:10,873 [Listener at 127.0.0.1/40005] INFO  ratis.OzoneManagerStateMachine (HadoopExecutors.java:shutdown(129)) - Succesfully shutdown executor service
2021-03-17 02:11:10,874 [Listener at 127.0.0.1/40005] INFO  ratis.OzoneManagerStateMachine (HadoopExecutors.java:shutdown(118)) - Gracefully shutting down executor service. Waiting max 5 SECONDS
2021-03-17 02:11:10,874 [Listener at 127.0.0.1/40005] INFO  ratis.OzoneManagerStateMachine (HadoopExecutors.java:shutdown(129)) - Succesfully shutdown executor service
2021-03-17 02:11:10,874 [Listener at 127.0.0.1/40005] INFO  utils.BackgroundService (BackgroundService.java:shutdown(132)) - Shutting down service KeyDeletingService
2021-03-17 02:11:10,873 [pool-331-thread-1] INFO  server.RaftServer$Division (ServerState.java:<init>(105)) - a3b22ff5-07c5-4717-894b-669982ee3e54@group-8ECD2D945D0C: ConfigurationManager, init=-1: [a3b22ff5-07c5-4717-894b-669982ee3e54|rpc:172.17.0.2:42689|priority:1], old=null, confs=<EMPTY_MAP>
2021-03-17 02:11:10,874 [pool-331-thread-1] INFO  server.RaftServerConfigKeys (ConfUtils.java:logGet(44)) - raft.server.storage.dir = [/github/workspace/mnt/ozone/hadoop-ozone/integration-test/target/test-dir/MiniOzoneClusterImpl-5543d78b-3109-4325-8e4d-d24bfba87b26/datanode-2/data/ratis] (custom)
2021-03-17 02:11:10,874 [pool-331-thread-1] INFO  server.RaftServerConfigKeys (ConfUtils.java:logGet(44)) - raft.server.log.corruption.policy = EXCEPTION (default)
2021-03-17 02:11:10,874 [pool-331-thread-1] INFO  storage.RaftStorageDirectory (RaftStorageDirectoryImpl.java:analyzeStorage(132)) - The storage directory /github/workspace/mnt/ozone/hadoop-ozone/integration-test/target/test-dir/MiniOzoneClusterImpl-5543d78b-3109-4325-8e4d-d24bfba87b26/datanode-2/data/ratis/24b398cc-d6bc-4677-94f5-8ecd2d945d0c does not exist. Creating ...
2021-03-17 02:11:10,875 [Listener at 127.0.0.1/40005] INFO  handler.ContextHandler (ContextHandler.java:doStop(1154)) - Stopped o.e.j.w.WebAppContext@f9fb24b{ozoneManager,/,null,STOPPED}{file:/github/workspace/mnt/ozone/hadoop-ozone/integration-test/target/test-classes/webapps/ozoneManager}
2021-03-17 02:11:10,876 [pool-331-thread-1] INFO  storage.RaftStorageDirectory (RaftStorageDirectoryImpl.java:tryLock(215)) - Lock on /github/workspace/mnt/ozone/hadoop-ozone/integration-test/target/test-dir/MiniOzoneClusterImpl-5543d78b-3109-4325-8e4d-d24bfba87b26/datanode-2/data/ratis/24b398cc-d6bc-4677-94f5-8ecd2d945d0c/in_use.lock acquired by nodename 11586@70ca58e12b9b
2021-03-17 02:11:10,877 [Command processor thread] INFO  server.RaftServer (RaftServerProxy.java:addNew(95)) - a3b22ff5-07c5-4717-894b-669982ee3e54: addNew group-8ECD2D945D0C:[a3b22ff5-07c5-4717-894b-669982ee3e54|rpc:172.17.0.2:42689|priority:1] returns group-8ECD2D945D0C:java.util.concurrent.CompletableFuture@6efc4d38[Not completed]
2021-03-17 02:11:10,877 [Listener at 127.0.0.1/40005] INFO  server.AbstractConnector (AbstractConnector.java:doStop(381)) - Stopped ServerConnector@4fae2a06{HTTP/1.1, (http/1.1)}{0.0.0.0:0}
2021-03-17 02:11:10,877 [Listener at 127.0.0.1/40005] INFO  server.session (HouseKeeper.java:stopScavenging(149)) - node0 Stopped scavenging
2021-03-17 02:11:10,877 [Listener at 127.0.0.1/40005] INFO  handler.ContextHandler (ContextHandler.java:doStop(1154)) - Stopped o.e.j.s.ServletContextHandler@65fd2101{static,/static,file:///github/workspace/mnt/ozone/hadoop-ozone/integration-test/target/test-classes/webapps/static,STOPPED}
2021-03-17 02:11:10,877 [pool-331-thread-1] INFO  storage.RaftStorage (RaftStorageImpl.java:format(87)) - Storage directory /github/workspace/mnt/ozone/hadoop-ozone/integration-test/target/test-dir/MiniOzoneClusterImpl-5543d78b-3109-4325-8e4d-d24bfba87b26/datanode-2/data/ratis/24b398cc-d6bc-4677-94f5-8ecd2d945d0c has been successfully formatted.
2021-03-17 02:11:10,878 [Listener at 127.0.0.1/40005] INFO  handler.ContextHandler (ContextHandler.java:doStop(1154)) - Stopped o.e.j.s.ServletContextHandler@48d3245b{logs,/logs,file:///github/workspace/mnt/ozone/hadoop-ozone/integration-test/target/log,STOPPED}
2021-03-17 02:11:10,878 [pool-331-thread-1] INFO  ratis.ContainerStateMachine (ContainerStateMachine.java:loadSnapshot(223)) - group-8ECD2D945D0C: The snapshot info is null. Setting the last applied indexto:(t:0, i:~)
2021-03-17 02:11:10,878 [pool-331-thread-1] ERROR storage.RaftStorage (RaftStorageImpl.java:readRaftConfiguration(147)) - Failed reading configuration from file:/github/workspace/mnt/ozone/hadoop-ozone/integration-test/target/test-dir/MiniOzoneClusterImpl-5543d78b-3109-4325-8e4d-d24bfba87b26/datanode-2/data/ratis/24b398cc-d6bc-4677-94f5-8ecd2d945d0c/current/raft-meta.conf
java.io.FileNotFoundException: /github/workspace/mnt/ozone/hadoop-ozone/integration-test/target/test-dir/MiniOzoneClusterImpl-5543d78b-3109-4325-8e4d-d24bfba87b26/datanode-2/data/ratis/24b398cc-d6bc-4677-94f5-8ecd2d945d0c/current/raft-meta.conf (No such file or directory)
	at java.io.FileInputStream.open0(Native Method)
	at java.io.FileInputStream.open(FileInputStream.java:195)
	at java.io.FileInputStream.<init>(FileInputStream.java:138)
	at org.apache.ratis.server.storage.RaftStorageImpl.readRaftConfiguration(RaftStorageImpl.java:143)
	at org.apache.ratis.server.impl.ServerState.<init>(ServerState.java:122)
	at org.apache.ratis.server.impl.RaftServerImpl.<init>(RaftServerImpl.java:193)
	at org.apache.ratis.server.impl.RaftServerProxy.lambda$newRaftServerImpl$4(RaftServerProxy.java:266)
	at java.util.concurrent.CompletableFuture$AsyncSupply.run(CompletableFuture.java:1604)
	at java.util.concurrent.ThreadPoolExecutor.runWorker(ThreadPoolExecutor.java:1149)
	at java.util.concurrent.ThreadPoolExecutor$Worker.run(ThreadPoolExecutor.java:624)
	at java.lang.Thread.run(Thread.java:748)
2021-03-17 02:11:10,878 [EventQueue-PipelineReportForPipelineReportHandler] INFO  pipeline.PipelineStateManager (PipelineStateManager.java:openPipeline(132)) - Pipeline Pipeline[ Id: 24b398cc-d6bc-4677-94f5-8ecd2d945d0c, Nodes: a3b22ff5-07c5-4717-894b-669982ee3e54{ip: 172.17.0.2, host: 70ca58e12b9b, ports: [REPLICATION=33345, RATIS=42689, RATIS_ADMIN=42689, RATIS_SERVER=42689, STANDALONE=37481], networkLocation: /default-rack, certSerialId: null, persistedOpState: IN_SERVICE, persistedOpStateExpiryEpochSec: 0}, Type:RATIS, Factor:ONE, State:ALLOCATED, leaderId:a3b22ff5-07c5-4717-894b-669982ee3e54, CreationTimestamp2021-03-17T02:11:09.920Z] moved to OPEN state
2021-03-17 02:11:10,879 [pool-331-thread-1] INFO  server.RaftServerConfigKeys (ConfUtils.java:logGet(44)) - raft.server.notification.no-leader.timeout = 300000ms (custom)
2021-03-17 02:11:10,879 [pool-331-thread-1] INFO  server.RaftServerConfigKeys (ConfUtils.java:logGet(44)) - raft.server.log.use.memory = false (default)
2021-03-17 02:11:10,879 [pool-331-thread-1] INFO  server.RaftServerConfigKeys (ConfUtils.java:logGet(44)) - raft.server.log.purge.gap = 1000000 (custom)
2021-03-17 02:11:10,879 [pool-331-thread-1] INFO  server.RaftServerConfigKeys (ConfUtils.java:logGet(44)) - raft.server.log.appender.buffer.byte-limit = 33554432 (custom)
2021-03-17 02:11:10,879 [pool-331-thread-1] INFO  metrics.RatisMetrics (RatisMetrics.java:lambda$create$0(36)) - Creating Metrics Registry : ratis.log_worker.a3b22ff5-07c5-4717-894b-669982ee3e54@group-8ECD2D945D0C
2021-03-17 02:11:10,879 [pool-331-thread-1] INFO  server.RaftServerConfigKeys (ConfUtils.java:logGet(44)) - raft.server.log.segment.size.max = 1048576 (custom)
2021-03-17 02:11:10,880 [pool-331-thread-1] INFO  server.RaftServerConfigKeys (ConfUtils.java:logGet(44)) - raft.server.log.segment.cache.num.max = 2 (custom)
2021-03-17 02:11:10,880 [pool-331-thread-1] INFO  server.RaftServerConfigKeys (ConfUtils.java:logGet(44)) - raft.server.log.segment.cache.size.max = 200MB (=209715200) (default)
2021-03-17 02:11:10,880 [pool-331-thread-1] INFO  segmented.SegmentedRaftLogWorker (SegmentedRaftLogWorker.java:<init>(181)) - new a3b22ff5-07c5-4717-894b-669982ee3e54@group-8ECD2D945D0C-SegmentedRaftLogWorker for RaftStorageImpl:Storage Directory /github/workspace/mnt/ozone/hadoop-ozone/integration-test/target/test-dir/MiniOzoneClusterImpl-5543d78b-3109-4325-8e4d-d24bfba87b26/datanode-2/data/ratis/24b398cc-d6bc-4677-94f5-8ecd2d945d0c
2021-03-17 02:11:10,880 [pool-331-thread-1] INFO  server.RaftServerConfigKeys (ConfUtils.java:logGet(44)) - raft.server.log.queue.byte-limit = 2147483647 (custom)
2021-03-17 02:11:10,880 [pool-331-thread-1] INFO  server.RaftServerConfigKeys (ConfUtils.java:logGet(44)) - raft.server.log.queue.element-limit = 1024 (custom)
2021-03-17 02:11:10,880 [pool-331-thread-1] INFO  server.RaftServerConfigKeys (ConfUtils.java:logGet(44)) - raft.server.log.segment.size.max = 1048576 (custom)
2021-03-17 02:11:10,880 [pool-331-thread-1] INFO  server.RaftServerConfigKeys (ConfUtils.java:logGet(44)) - raft.server.log.preallocated.size = 16384 (custom)
2021-03-17 02:11:10,880 [pool-331-thread-1] INFO  server.RaftServerConfigKeys (ConfUtils.java:logGet(44)) - raft.server.log.force.sync.num = 128 (default)
2021-03-17 02:11:10,880 [pool-331-thread-1] INFO  server.RaftServerConfigKeys (ConfUtils.java:logGet(44)) - raft.server.log.statemachine.data.sync = true (default)
2021-03-17 02:11:10,880 [pool-331-thread-1] INFO  server.RaftServerConfigKeys (ConfUtils.java:logGet(44)) - raft.server.log.statemachine.data.sync.timeout = 10s (default)
2021-03-17 02:11:10,880 [pool-331-thread-1] INFO  server.RaftServerConfigKeys (ConfUtils.java:logGet(44)) - raft.server.log.statemachine.data.sync.timeout.retry = -1 (default)
2021-03-17 02:11:10,881 [pool-331-thread-1] INFO  server.RaftServerConfigKeys (ConfUtils.java:logGet(44)) - raft.server.log.write.buffer.size = 1048576 (custom)
2021-03-17 02:11:10,882 [pool-331-thread-1] INFO  server.RaftServerConfigKeys (ConfUtils.java:logGet(44)) - raft.server.log.statemachine.data.caching.enabled = true (custom)
2021-03-17 02:11:10,882 [pool-331-thread-1] INFO  segmented.SegmentedRaftLogWorker (SegmentedRaftLogWorker.java:lambda$new$0(132)) - a3b22ff5-07c5-4717-894b-669982ee3e54@group-8ECD2D945D0C-SegmentedRaftLogWorker: flushIndex: setUnconditionally 0 -> -1
2021-03-17 02:11:10,882 [pool-331-thread-1] INFO  segmented.SegmentedRaftLogWorker (SegmentedRaftLogWorker.java:lambda$new$0(132)) - a3b22ff5-07c5-4717-894b-669982ee3e54@group-8ECD2D945D0C-SegmentedRaftLogWorker: safeCacheEvictIndex: setUnconditionally 0 -> -1
2021-03-17 02:11:10,887 [pool-331-thread-1] INFO  server.RaftServerConfigKeys (ConfUtils.java:logGet(44)) - raft.server.snapshot.auto.trigger.enabled = true (custom)
2021-03-17 02:11:10,888 [pool-331-thread-1] INFO  server.RaftServerConfigKeys (ConfUtils.java:logGet(44)) - raft.server.snapshot.auto.trigger.threshold = 10000 (custom)
2021-03-17 02:11:10,888 [pool-331-thread-1] INFO  server.RaftServerConfigKeys (ConfUtils.java:logGet(44)) - raft.server.snapshot.retention.file.num = 5 (custom)
2021-03-17 02:11:10,888 [pool-331-thread-1] INFO  server.RaftServerConfigKeys (ConfUtils.java:logGet(44)) - raft.server.log.purge.upto.snapshot.index = false (default)
2021-03-17 02:11:10,888 [pool-331-thread-1] INFO  server.RaftServerConfigKeys (ConfUtils.java:logGet(44)) - raft.server.retrycache.expirytime = 600000ms (custom)
2021-03-17 02:11:10,888 [pool-331-thread-1] INFO  server.RaftServerConfigKeys (ConfUtils.java:logGet(44)) - raft.server.retrycache.statistics.expirytime = 100?s (default)
2021-03-17 02:11:10,888 [pool-331-thread-1] INFO  metrics.RatisMetrics (RatisMetrics.java:lambda$create$0(36)) - Creating Metrics Registry : ratis.leader_election.a3b22ff5-07c5-4717-894b-669982ee3e54@group-8ECD2D945D0C
2021-03-17 02:11:10,888 [pool-331-thread-1] INFO  metrics.RatisMetrics (RatisMetrics.java:lambda$create$0(36)) - Creating Metrics Registry : ratis.server.a3b22ff5-07c5-4717-894b-669982ee3e54@group-8ECD2D945D0C
2021-03-17 02:11:10,891 [pool-331-thread-1] INFO  server.RaftServer$Division (RaftServerImpl.java:start(295)) - a3b22ff5-07c5-4717-894b-669982ee3e54@group-8ECD2D945D0C: start as a follower, conf=-1: [a3b22ff5-07c5-4717-894b-669982ee3e54|rpc:172.17.0.2:42689|priority:1], old=null
2021-03-17 02:11:10,891 [pool-331-thread-1] INFO  server.RaftServer$Division (RaftServerImpl.java:setRole(284)) - a3b22ff5-07c5-4717-894b-669982ee3e54@group-8ECD2D945D0C: changes role from      null to FOLLOWER at term 0 for startAsFollower
2021-03-17 02:11:10,891 [pool-331-thread-1] INFO  impl.RoleInfo (RoleInfo.java:updateAndGet(130)) - a3b22ff5-07c5-4717-894b-669982ee3e54: start a3b22ff5-07c5-4717-894b-669982ee3e54@group-8ECD2D945D0C-FollowerState
2021-03-17 02:11:10,892 [pool-331-thread-1] INFO  util.JmxRegister (JmxRegister.java:tryRegister(44)) - Successfully registered JMX Bean with object name Ratis:service=RaftServer,group=group-8ECD2D945D0C,id=a3b22ff5-07c5-4717-894b-669982ee3e54
2021-03-17 02:11:10,892 [pool-331-thread-1] INFO  metrics.RatisMetrics (RatisMetrics.java:lambda$create$0(36)) - Creating Metrics Registry : ratis.state_machine.a3b22ff5-07c5-4717-894b-669982ee3e54@group-8ECD2D945D0C
2021-03-17 02:11:10,893 [Listener at 127.0.0.1/40005] INFO  ozone.MiniOzoneClusterImpl (MiniOzoneClusterImpl.java:stopDatanodes(474)) - Stopping the HddsDatanodes
2021-03-17 02:11:10,894 [Command processor thread] INFO  commandhandler.CreatePipelineCommandHandler (CreatePipelineCommandHandler.java:handle(106)) - Created Pipeline RATIS ONE PipelineID=24b398cc-d6bc-4677-94f5-8ecd2d945d0c.
2021-03-17 02:11:11,313 [Datanode State Machine Thread - 0] INFO  statemachine.DatanodeStateMachine (DatanodeStateMachine.java:lambda$startDaemon$0(411)) - Ozone container server started.
2021-03-17 02:11:11,490 [Datanode State Machine Thread - 0] INFO  statemachine.DatanodeStateMachine (DatanodeStateMachine.java:lambda$startDaemon$0(411)) - Ozone container server started.
2021-03-17 02:11:15,895 [Listener at 127.0.0.1/40005] INFO  ozoneimpl.OzoneContainer (OzoneContainer.java:stop(273)) - Attempting to stop container services.
2021-03-17 02:11:15,895 [ForkJoinPool.commonPool-worker-1] INFO  ozoneimpl.OzoneContainer (OzoneContainer.java:stop(273)) - Attempting to stop container services.
2021-03-17 02:11:15,895 [Listener at 127.0.0.1/40005] INFO  server.RaftServer (RaftServerProxy.java:lambda$close$6(391)) - 37b60bae-9d6d-40b8-9851-2e9be12703e9: close
2021-03-17 02:11:15,900 [Listener at 127.0.0.1/40005] INFO  server.RaftServer$Division (RaftServerImpl.java:lambda$close$4(406)) - 37b60bae-9d6d-40b8-9851-2e9be12703e9@group-2788439AFC0C: shutdown
2021-03-17 02:11:15,900 [Listener at 127.0.0.1/40005] INFO  util.JmxRegister (JmxRegister.java:unregister(73)) - Successfully un-registered JMX Bean with object name Ratis:service=RaftServer,group=group-2788439AFC0C,id=37b60bae-9d6d-40b8-9851-2e9be12703e9
2021-03-17 02:11:15,901 [Listener at 127.0.0.1/40005] INFO  impl.RoleInfo (RoleInfo.java:shutdownLeaderState(91)) - 37b60bae-9d6d-40b8-9851-2e9be12703e9: shutdown 37b60bae-9d6d-40b8-9851-2e9be12703e9@group-2788439AFC0C-LeaderStateImpl
2021-03-17 02:11:15,901 [Listener at 127.0.0.1/40005] INFO  metrics.RatisMetrics (RatisMetrics.java:unregister(43)) - Unregistering Metrics Registry : ratis_grpc.log_appender.37b60bae-9d6d-40b8-9851-2e9be12703e9@group-2788439AFC0C
2021-03-17 02:11:15,901 [Listener at 127.0.0.1/40005] INFO  metrics.RatisMetrics (RatisMetrics.java:unregister(43)) - Unregistering Metrics Registry : ratis_grpc.log_appender.37b60bae-9d6d-40b8-9851-2e9be12703e9@group-2788439AFC0C
2021-03-17 02:11:15,899 [ForkJoinPool.commonPool-worker-1] INFO  server.RaftServer (RaftServerProxy.java:lambda$close$6(391)) - 7be7a3ee-2c60-4daa-92d5-fce366cccc9d: close
2021-03-17 02:11:15,902 [ForkJoinPool.commonPool-worker-1] INFO  server.RaftServer$Division (RaftServerImpl.java:lambda$close$4(406)) - 7be7a3ee-2c60-4daa-92d5-fce366cccc9d@group-37052FC88D07: shutdown
2021-03-17 02:11:15,902 [ForkJoinPool.commonPool-worker-1] INFO  util.JmxRegister (JmxRegister.java:unregister(73)) - Successfully un-registered JMX Bean with object name Ratis:service=RaftServer,group=group-37052FC88D07,id=7be7a3ee-2c60-4daa-92d5-fce366cccc9d
2021-03-17 02:11:15,902 [ForkJoinPool.commonPool-worker-1] INFO  impl.RoleInfo (RoleInfo.java:shutdownLeaderState(91)) - 7be7a3ee-2c60-4daa-92d5-fce366cccc9d: shutdown 7be7a3ee-2c60-4daa-92d5-fce366cccc9d@group-37052FC88D07-LeaderStateImpl
2021-03-17 02:11:15,902 [ForkJoinPool.commonPool-worker-1] INFO  metrics.RatisMetrics (RatisMetrics.java:unregister(43)) - Unregistering Metrics Registry : ratis_grpc.log_appender.7be7a3ee-2c60-4daa-92d5-fce366cccc9d@group-37052FC88D07
2021-03-17 02:11:15,901 [37b60bae-9d6d-40b8-9851-2e9be12703e9@group-2788439AFC0C->edc886fb-3392-4280-b977-eac73b957932-GrpcLogAppender-LogAppenderDaemon] WARN  server.GrpcLogAppender (GrpcLogAppender.java:mayWait(175)) - 37b60bae-9d6d-40b8-9851-2e9be12703e9@group-2788439AFC0C->edc886fb-3392-4280-b977-eac73b957932-GrpcLogAppender: Wait interrupted by java.lang.InterruptedException
2021-03-17 02:11:15,903 [ForkJoinPool.commonPool-worker-1] INFO  metrics.RatisMetrics (RatisMetrics.java:unregister(43)) - Unregistering Metrics Registry : ratis_grpc.log_appender.7be7a3ee-2c60-4daa-92d5-fce366cccc9d@group-37052FC88D07
2021-03-17 02:11:15,903 [ForkJoinPool.commonPool-worker-1] INFO  impl.PendingRequests (PendingRequests.java:sendNotLeaderResponses(249)) - 7be7a3ee-2c60-4daa-92d5-fce366cccc9d@group-37052FC88D07-PendingRequests: sendNotLeaderResponses
2021-03-17 02:11:15,903 [7be7a3ee-2c60-4daa-92d5-fce366cccc9d@group-37052FC88D07->13cb06b2-640f-4fce-af7e-e16c133353a1-GrpcLogAppender-LogAppenderDaemon] WARN  server.GrpcLogAppender (GrpcLogAppender.java:mayWait(175)) - 7be7a3ee-2c60-4daa-92d5-fce366cccc9d@group-37052FC88D07->13cb06b2-640f-4fce-af7e-e16c133353a1-GrpcLogAppender: Wait interrupted by java.lang.InterruptedException
2021-03-17 02:11:15,903 [ForkJoinPool.commonPool-worker-1] INFO  metrics.RatisMetrics (RatisMetrics.java:unregister(43)) - Unregistering Metrics Registry : ratis.log_appender.7be7a3ee-2c60-4daa-92d5-fce366cccc9d@group-37052FC88D07
2021-03-17 02:11:15,903 [ForkJoinPool.commonPool-worker-1] INFO  metrics.RatisMetrics (RatisMetrics.java:unregister(43)) - Unregistering Metrics Registry : ratis.server.7be7a3ee-2c60-4daa-92d5-fce366cccc9d@group-37052FC88D07
2021-03-17 02:11:15,903 [grpc-default-executor-0] INFO  server.GrpcServerProtocolService (GrpcServerProtocolService.java:onCompleted(138)) - c22503ba-573b-463b-9e1c-de44cfeb847d: Completed APPEND_ENTRIES, lastRequest: 7be7a3ee-2c60-4daa-92d5-fce366cccc9d->c22503ba-573b-463b-9e1c-de44cfeb847d#1-t3,previous=(t:0, i:0),leaderCommit=-1,initializing? true,entries: size=1, first=(t:3, i:0), CONFIGURATIONENTRY
2021-03-17 02:11:15,904 [ForkJoinPool.commonPool-worker-1] INFO  impl.StateMachineUpdater (StateMachineUpdater.java:stopAndJoin(148)) - 7be7a3ee-2c60-4daa-92d5-fce366cccc9d@group-37052FC88D07-StateMachineUpdater: set stopIndex = 0
2021-03-17 02:11:15,904 [7be7a3ee-2c60-4daa-92d5-fce366cccc9d@group-37052FC88D07-StateMachineUpdater] INFO  ratis.ContainerStateMachine (ContainerStateMachine.java:takeSnapshot(291)) - group-37052FC88D07: Taking a snapshot at:(t:3, i:0) file /github/workspace/mnt/ozone/hadoop-ozone/integration-test/target/test-dir/MiniOzoneClusterImpl-5543d78b-3109-4325-8e4d-d24bfba87b26/datanode-1/data/ratis/8e45f5d2-8210-4733-a569-37052fc88d07/sm/snapshot.3_0
2021-03-17 02:11:15,904 [grpc-default-executor-4] INFO  server.GrpcLogAppender (GrpcLogAppender.java:onCompleted(344)) - 7be7a3ee-2c60-4daa-92d5-fce366cccc9d@group-37052FC88D07->c22503ba-573b-463b-9e1c-de44cfeb847d-AppendLogResponseHandler: follower responses appendEntries COMPLETED
2021-03-17 02:11:15,904 [grpc-default-executor-1] INFO  server.GrpcServerProtocolService (GrpcServerProtocolService.java:onCompleted(138)) - 13cb06b2-640f-4fce-af7e-e16c133353a1: Completed APPEND_ENTRIES, lastRequest: 7be7a3ee-2c60-4daa-92d5-fce366cccc9d->13cb06b2-640f-4fce-af7e-e16c133353a1#1-t3,previous=(t:0, i:0),leaderCommit=0,initializing? true,entries: size=1, first=(t:3, i:0), CONFIGURATIONENTRY
2021-03-17 02:11:15,904 [grpc-default-executor-4] INFO  leader.FollowerInfo (FollowerInfoImpl.java:lambda$new$0(46)) - 7be7a3ee-2c60-4daa-92d5-fce366cccc9d@group-37052FC88D07->c22503ba-573b-463b-9e1c-de44cfeb847d: nextIndex: updateUnconditionally 1 -> 0
2021-03-17 02:11:15,904 [Listener at 127.0.0.1/40005] INFO  impl.PendingRequests (PendingRequests.java:sendNotLeaderResponses(249)) - 37b60bae-9d6d-40b8-9851-2e9be12703e9@group-2788439AFC0C-PendingRequests: sendNotLeaderResponses
2021-03-17 02:11:15,904 [grpc-default-executor-5] INFO  server.GrpcServerProtocolService (GrpcServerProtocolService.java:onCompleted(138)) - edc886fb-3392-4280-b977-eac73b957932: Completed APPEND_ENTRIES, lastRequest: 37b60bae-9d6d-40b8-9851-2e9be12703e9->edc886fb-3392-4280-b977-eac73b957932#1-t1,previous=(t:0, i:0),leaderCommit=-1,initializing? true,entries: size=1, first=(t:1, i:0), CONFIGURATIONENTRY
2021-03-17 02:11:15,904 [37b60bae-9d6d-40b8-9851-2e9be12703e9@group-2788439AFC0C->888dbe71-6008-4ebf-8f97-777673ccf37c-GrpcLogAppender-LogAppenderDaemon] WARN  server.GrpcLogAppender (GrpcLogAppender.java:mayWait(175)) - 37b60bae-9d6d-40b8-9851-2e9be12703e9@group-2788439AFC0C->888dbe71-6008-4ebf-8f97-777673ccf37c-GrpcLogAppender: Wait interrupted by java.lang.InterruptedException
2021-03-17 02:11:15,905 [7be7a3ee-2c60-4daa-92d5-fce366cccc9d@group-37052FC88D07-StateMachineUpdater] INFO  ratis.ContainerStateMachine (ContainerStateMachine.java:takeSnapshot(302)) - group-37052FC88D07: Finished taking a snapshot at:(t:3, i:0) file:/github/workspace/mnt/ozone/hadoop-ozone/integration-test/target/test-dir/MiniOzoneClusterImpl-5543d78b-3109-4325-8e4d-d24bfba87b26/datanode-1/data/ratis/8e45f5d2-8210-4733-a569-37052fc88d07/sm/snapshot.3_0 took: 2 ms
2021-03-17 02:11:15,905 [grpc-default-executor-1] INFO  server.GrpcServerProtocolService (GrpcServerProtocolService.java:onCompleted(138)) - 888dbe71-6008-4ebf-8f97-777673ccf37c: Completed APPEND_ENTRIES, lastRequest: 37b60bae-9d6d-40b8-9851-2e9be12703e9->888dbe71-6008-4ebf-8f97-777673ccf37c#1-t1,previous=(t:0, i:0),leaderCommit=-1,initializing? true,entries: size=1, first=(t:1, i:0), CONFIGURATIONENTRY
2021-03-17 02:11:15,905 [7be7a3ee-2c60-4daa-92d5-fce366cccc9d@group-37052FC88D07-StateMachineUpdater] INFO  impl.StateMachineUpdater (StateMachineUpdater.java:takeSnapshot(279)) - 7be7a3ee-2c60-4daa-92d5-fce366cccc9d@group-37052FC88D07-StateMachineUpdater: Took a snapshot at index 0
2021-03-17 02:11:15,905 [7be7a3ee-2c60-4daa-92d5-fce366cccc9d@group-37052FC88D07-StateMachineUpdater] INFO  impl.StateMachineUpdater (StateMachineUpdater.java:lambda$new$0(88)) - 7be7a3ee-2c60-4daa-92d5-fce366cccc9d@group-37052FC88D07-StateMachineUpdater: snapshotIndex: updateIncreasingly -1 -> 0
2021-03-17 02:11:15,905 [7be7a3ee-2c60-4daa-92d5-fce366cccc9d@group-37052FC88D07-StateMachineUpdater] INFO  metrics.RatisMetrics (RatisMetrics.java:unregister(43)) - Unregistering Metrics Registry : ratis.state_machine.7be7a3ee-2c60-4daa-92d5-fce366cccc9d@group-37052FC88D07
2021-03-17 02:11:15,906 [grpc-default-executor-5] INFO  server.GrpcLogAppender (GrpcLogAppender.java:onCompleted(344)) - 7be7a3ee-2c60-4daa-92d5-fce366cccc9d@group-37052FC88D07->13cb06b2-640f-4fce-af7e-e16c133353a1-AppendLogResponseHandler: follower responses appendEntries COMPLETED
2021-03-17 02:11:15,906 [grpc-default-executor-5] INFO  leader.FollowerInfo (FollowerInfoImpl.java:lambda$new$0(46)) - 7be7a3ee-2c60-4daa-92d5-fce366cccc9d@group-37052FC88D07->13cb06b2-640f-4fce-af7e-e16c133353a1: nextIndex: updateUnconditionally 1 -> 0
2021-03-17 02:11:15,906 [ForkJoinPool.commonPool-worker-1] INFO  server.RaftServer$Division (ServerState.java:close(405)) - 7be7a3ee-2c60-4daa-92d5-fce366cccc9d@group-37052FC88D07: closes. applyIndex: 0
2021-03-17 02:11:15,906 [7be7a3ee-2c60-4daa-92d5-fce366cccc9d@group-37052FC88D07-SegmentedRaftLogWorker] INFO  segmented.SegmentedRaftLogWorker (SegmentedRaftLogWorker.java:run(326)) - 7be7a3ee-2c60-4daa-92d5-fce366cccc9d@group-37052FC88D07-SegmentedRaftLogWorker was interrupted, exiting. There are 0 tasks remaining in the queue.
2021-03-17 02:11:15,906 [ForkJoinPool.commonPool-worker-1] INFO  segmented.SegmentedRaftLogWorker (SegmentedRaftLogWorker.java:close(236)) - 7be7a3ee-2c60-4daa-92d5-fce366cccc9d@group-37052FC88D07-SegmentedRaftLogWorker close()
2021-03-17 02:11:15,904 [Listener at 127.0.0.1/40005] INFO  metrics.RatisMetrics (RatisMetrics.java:unregister(43)) - Unregistering Metrics Registry : ratis.log_appender.37b60bae-9d6d-40b8-9851-2e9be12703e9@group-2788439AFC0C
2021-03-17 02:11:15,907 [Listener at 127.0.0.1/40005] INFO  metrics.RatisMetrics (RatisMetrics.java:unregister(43)) - Unregistering Metrics Registry : ratis.server.37b60bae-9d6d-40b8-9851-2e9be12703e9@group-2788439AFC0C
2021-03-17 02:11:15,908 [grpc-default-executor-5] INFO  server.GrpcLogAppender (GrpcLogAppender.java:onCompleted(344)) - 37b60bae-9d6d-40b8-9851-2e9be12703e9@group-2788439AFC0C->edc886fb-3392-4280-b977-eac73b957932-AppendLogResponseHandler: follower responses appendEntries COMPLETED
2021-03-17 02:11:15,908 [Listener at 127.0.0.1/40005] INFO  impl.StateMachineUpdater (StateMachineUpdater.java:stopAndJoin(148)) - 37b60bae-9d6d-40b8-9851-2e9be12703e9@group-2788439AFC0C-StateMachineUpdater: set stopIndex = 0
2021-03-17 02:11:15,908 [37b60bae-9d6d-40b8-9851-2e9be12703e9@group-2788439AFC0C-StateMachineUpdater] INFO  ratis.ContainerStateMachine (ContainerStateMachine.java:takeSnapshot(291)) - group-2788439AFC0C: Taking a snapshot at:(t:1, i:0) file /github/workspace/mnt/ozone/hadoop-ozone/integration-test/target/test-dir/MiniOzoneClusterImpl-5543d78b-3109-4325-8e4d-d24bfba87b26/datanode-4/data/ratis/bf048bff-8cd1-4cf6-83b3-2788439afc0c/sm/snapshot.1_0
2021-03-17 02:11:15,907 [ForkJoinPool.commonPool-worker-1] INFO  metrics.RatisMetrics (RatisMetrics.java:unregister(43)) - Unregistering Metrics Registry : ratis.log_worker.7be7a3ee-2c60-4daa-92d5-fce366cccc9d@group-37052FC88D07
2021-03-17 02:11:15,908 [ForkJoinPool.commonPool-worker-1] INFO  metrics.RatisMetrics (RatisMetrics.java:unregister(43)) - Unregistering Metrics Registry : ratis.leader_election.7be7a3ee-2c60-4daa-92d5-fce366cccc9d@group-37052FC88D07
2021-03-17 02:11:15,908 [grpc-default-executor-1] INFO  server.GrpcLogAppender (GrpcLogAppender.java:onCompleted(344)) - 37b60bae-9d6d-40b8-9851-2e9be12703e9@group-2788439AFC0C->888dbe71-6008-4ebf-8f97-777673ccf37c-AppendLogResponseHandler: follower responses appendEntries COMPLETED
2021-03-17 02:11:15,909 [ForkJoinPool.commonPool-worker-1] INFO  metrics.RatisMetrics (RatisMetrics.java:unregister(43)) - Unregistering Metrics Registry : ratis.server.7be7a3ee-2c60-4daa-92d5-fce366cccc9d@group-37052FC88D07
2021-03-17 02:11:15,908 [grpc-default-executor-5] INFO  leader.FollowerInfo (FollowerInfoImpl.java:lambda$new$0(46)) - 37b60bae-9d6d-40b8-9851-2e9be12703e9@group-2788439AFC0C->edc886fb-3392-4280-b977-eac73b957932: nextIndex: updateUnconditionally 1 -> 0
2021-03-17 02:11:15,909 [37b60bae-9d6d-40b8-9851-2e9be12703e9@group-2788439AFC0C-StateMachineUpdater] INFO  ratis.ContainerStateMachine (ContainerStateMachine.java:takeSnapshot(302)) - group-2788439AFC0C: Finished taking a snapshot at:(t:1, i:0) file:/github/workspace/mnt/ozone/hadoop-ozone/integration-test/target/test-dir/MiniOzoneClusterImpl-5543d78b-3109-4325-8e4d-d24bfba87b26/datanode-4/data/ratis/bf048bff-8cd1-4cf6-83b3-2788439afc0c/sm/snapshot.1_0 took: 0 ms
2021-03-17 02:11:15,909 [37b60bae-9d6d-40b8-9851-2e9be12703e9@group-2788439AFC0C-StateMachineUpdater] INFO  impl.StateMachineUpdater (StateMachineUpdater.java:takeSnapshot(279)) - 37b60bae-9d6d-40b8-9851-2e9be12703e9@group-2788439AFC0C-StateMachineUpdater: Took a snapshot at index 0
2021-03-17 02:11:15,909 [37b60bae-9d6d-40b8-9851-2e9be12703e9@group-2788439AFC0C-StateMachineUpdater] INFO  impl.StateMachineUpdater (StateMachineUpdater.java:lambda$new$0(88)) - 37b60bae-9d6d-40b8-9851-2e9be12703e9@group-2788439AFC0C-StateMachineUpdater: snapshotIndex: updateIncreasingly -1 -> 0
2021-03-17 02:11:15,909 [37b60bae-9d6d-40b8-9851-2e9be12703e9@group-2788439AFC0C-StateMachineUpdater] INFO  metrics.RatisMetrics (RatisMetrics.java:unregister(43)) - Unregistering Metrics Registry : ratis.state_machine.37b60bae-9d6d-40b8-9851-2e9be12703e9@group-2788439AFC0C
2021-03-17 02:11:15,910 [ForkJoinPool.commonPool-worker-1] INFO  server.RaftServer$Division (RaftServerImpl.java:lambda$close$4(406)) - 7be7a3ee-2c60-4daa-92d5-fce366cccc9d@group-8ED7B52CCD89: shutdown
2021-03-17 02:11:15,910 [ForkJoinPool.commonPool-worker-1] INFO  util.JmxRegister (JmxRegister.java:unregister(73)) - Successfully un-registered JMX Bean with object name Ratis:service=RaftServer,group=group-8ED7B52CCD89,id=7be7a3ee-2c60-4daa-92d5-fce366cccc9d
2021-03-17 02:11:15,910 [Listener at 127.0.0.1/40005] INFO  server.RaftServer$Division (ServerState.java:close(405)) - 37b60bae-9d6d-40b8-9851-2e9be12703e9@group-2788439AFC0C: closes. applyIndex: 0
2021-03-17 02:11:15,909 [grpc-default-executor-1] INFO  leader.FollowerInfo (FollowerInfoImpl.java:lambda$new$0(46)) - 37b60bae-9d6d-40b8-9851-2e9be12703e9@group-2788439AFC0C->888dbe71-6008-4ebf-8f97-777673ccf37c: nextIndex: updateUnconditionally 1 -> 0
2021-03-17 02:11:15,910 [37b60bae-9d6d-40b8-9851-2e9be12703e9@group-2788439AFC0C-SegmentedRaftLogWorker] INFO  segmented.SegmentedRaftLogWorker (SegmentedRaftLogWorker.java:run(326)) - 37b60bae-9d6d-40b8-9851-2e9be12703e9@group-2788439AFC0C-SegmentedRaftLogWorker was interrupted, exiting. There are 0 tasks remaining in the queue.
2021-03-17 02:11:15,910 [ForkJoinPool.commonPool-worker-1] INFO  impl.RoleInfo (RoleInfo.java:shutdownLeaderState(91)) - 7be7a3ee-2c60-4daa-92d5-fce366cccc9d: shutdown 7be7a3ee-2c60-4daa-92d5-fce366cccc9d@group-8ED7B52CCD89-LeaderStateImpl
2021-03-17 02:11:15,910 [ForkJoinPool.commonPool-worker-1] INFO  impl.PendingRequests (PendingRequests.java:sendNotLeaderResponses(249)) - 7be7a3ee-2c60-4daa-92d5-fce366cccc9d@group-8ED7B52CCD89-PendingRequests: sendNotLeaderResponses
2021-03-17 02:11:15,911 [ForkJoinPool.commonPool-worker-1] INFO  metrics.RatisMetrics (RatisMetrics.java:unregister(43)) - Unregistering Metrics Registry : ratis.log_appender.7be7a3ee-2c60-4daa-92d5-fce366cccc9d@group-8ED7B52CCD89
2021-03-17 02:11:15,911 [ForkJoinPool.commonPool-worker-1] INFO  metrics.RatisMetrics (RatisMetrics.java:unregister(43)) - Unregistering Metrics Registry : ratis.server.7be7a3ee-2c60-4daa-92d5-fce366cccc9d@group-8ED7B52CCD89
2021-03-17 02:11:15,911 [Listener at 127.0.0.1/40005] INFO  segmented.SegmentedRaftLogWorker (SegmentedRaftLogWorker.java:close(236)) - 37b60bae-9d6d-40b8-9851-2e9be12703e9@group-2788439AFC0C-SegmentedRaftLogWorker close()
2021-03-17 02:11:15,911 [Listener at 127.0.0.1/40005] INFO  metrics.RatisMetrics (RatisMetrics.java:unregister(43)) - Unregistering Metrics Registry : ratis.log_worker.37b60bae-9d6d-40b8-9851-2e9be12703e9@group-2788439AFC0C
2021-03-17 02:11:15,911 [ForkJoinPool.commonPool-worker-1] INFO  impl.StateMachineUpdater (StateMachineUpdater.java:stopAndJoin(148)) - 7be7a3ee-2c60-4daa-92d5-fce366cccc9d@group-8ED7B52CCD89-StateMachineUpdater: set stopIndex = 0
2021-03-17 02:11:15,911 [7be7a3ee-2c60-4daa-92d5-fce366cccc9d@group-8ED7B52CCD89-StateMachineUpdater] INFO  ratis.ContainerStateMachine (ContainerStateMachine.java:takeSnapshot(291)) - group-8ED7B52CCD89: Taking a snapshot at:(t:1, i:0) file /github/workspace/mnt/ozone/hadoop-ozone/integration-test/target/test-dir/MiniOzoneClusterImpl-5543d78b-3109-4325-8e4d-d24bfba87b26/datanode-1/data/ratis/c5eea603-c6ee-4af4-88ab-8ed7b52ccd89/sm/snapshot.1_0
2021-03-17 02:11:15,911 [Listener at 127.0.0.1/40005] INFO  metrics.RatisMetrics (RatisMetrics.java:unregister(43)) - Unregistering Metrics Registry : ratis.leader_election.37b60bae-9d6d-40b8-9851-2e9be12703e9@group-2788439AFC0C
2021-03-17 02:11:15,912 [Listener at 127.0.0.1/40005] INFO  metrics.RatisMetrics (RatisMetrics.java:unregister(43)) - Unregistering Metrics Registry : ratis.server.37b60bae-9d6d-40b8-9851-2e9be12703e9@group-2788439AFC0C
2021-03-17 02:11:15,912 [Listener at 127.0.0.1/40005] INFO  server.RaftServer$Division (RaftServerImpl.java:lambda$close$4(406)) - 37b60bae-9d6d-40b8-9851-2e9be12703e9@group-7A770B342A66: shutdown
2021-03-17 02:11:15,912 [Listener at 127.0.0.1/40005] INFO  util.JmxRegister (JmxRegister.java:unregister(73)) - Successfully un-registered JMX Bean with object name Ratis:service=RaftServer,group=group-7A770B342A66,id=37b60bae-9d6d-40b8-9851-2e9be12703e9
2021-03-17 02:11:15,912 [Listener at 127.0.0.1/40005] INFO  impl.RoleInfo (RoleInfo.java:shutdownFollowerState(108)) - 37b60bae-9d6d-40b8-9851-2e9be12703e9: shutdown 37b60bae-9d6d-40b8-9851-2e9be12703e9@group-7A770B342A66-FollowerState
2021-03-17 02:11:15,912 [7be7a3ee-2c60-4daa-92d5-fce366cccc9d@group-8ED7B52CCD89-StateMachineUpdater] INFO  ratis.ContainerStateMachine (ContainerStateMachine.java:takeSnapshot(302)) - group-8ED7B52CCD89: Finished taking a snapshot at:(t:1, i:0) file:/github/workspace/mnt/ozone/hadoop-ozone/integration-test/target/test-dir/MiniOzoneClusterImpl-5543d78b-3109-4325-8e4d-d24bfba87b26/datanode-1/data/ratis/c5eea603-c6ee-4af4-88ab-8ed7b52ccd89/sm/snapshot.1_0 took: 1 ms
2021-03-17 02:11:15,912 [Thread-985] INFO  impl.FollowerState (FollowerState.java:run(142)) - 37b60bae-9d6d-40b8-9851-2e9be12703e9@group-7A770B342A66-FollowerState was interrupted: {}
java.lang.InterruptedException: sleep interrupted
	at java.lang.Thread.sleep(Native Method)
	at java.lang.Thread.sleep(Thread.java:340)
	at java.util.concurrent.TimeUnit.sleep(TimeUnit.java:386)
	at org.apache.ratis.util.TimeDuration.sleep(TimeDuration.java:324)
	at org.apache.ratis.util.TimeDuration.sleep(TimeDuration.java:309)
	at org.apache.ratis.server.impl.FollowerState.run(FollowerState.java:117)
2021-03-17 02:11:15,912 [7be7a3ee-2c60-4daa-92d5-fce366cccc9d@group-8ED7B52CCD89-StateMachineUpdater] INFO  impl.StateMachineUpdater (StateMachineUpdater.java:takeSnapshot(279)) - 7be7a3ee-2c60-4daa-92d5-fce366cccc9d@group-8ED7B52CCD89-StateMachineUpdater: Took a snapshot at index 0
2021-03-17 02:11:15,912 [7be7a3ee-2c60-4daa-92d5-fce366cccc9d@group-8ED7B52CCD89-StateMachineUpdater] INFO  impl.StateMachineUpdater (StateMachineUpdater.java:lambda$new$0(88)) - 7be7a3ee-2c60-4daa-92d5-fce366cccc9d@group-8ED7B52CCD89-StateMachineUpdater: snapshotIndex: updateIncreasingly -1 -> 0
2021-03-17 02:11:15,912 [7be7a3ee-2c60-4daa-92d5-fce366cccc9d@group-8ED7B52CCD89-StateMachineUpdater] INFO  metrics.RatisMetrics (RatisMetrics.java:unregister(43)) - Unregistering Metrics Registry : ratis.state_machine.7be7a3ee-2c60-4daa-92d5-fce366cccc9d@group-8ED7B52CCD89
2021-03-17 02:11:15,912 [ForkJoinPool.commonPool-worker-1] INFO  server.RaftServer$Division (ServerState.java:close(405)) - 7be7a3ee-2c60-4daa-92d5-fce366cccc9d@group-8ED7B52CCD89: closes. applyIndex: 0
2021-03-17 02:11:15,913 [37b60bae-9d6d-40b8-9851-2e9be12703e9@group-7A770B342A66-StateMachineUpdater] INFO  ratis.ContainerStateMachine (ContainerStateMachine.java:takeSnapshot(291)) - group-7A770B342A66: Taking a snapshot at:(t:2, i:0) file /github/workspace/mnt/ozone/hadoop-ozone/integration-test/target/test-dir/MiniOzoneClusterImpl-5543d78b-3109-4325-8e4d-d24bfba87b26/datanode-4/data/ratis/eb7140b3-8d2d-4bc8-b775-7a770b342a66/sm/snapshot.2_0
2021-03-17 02:11:15,913 [Listener at 127.0.0.1/40005] INFO  impl.StateMachineUpdater (StateMachineUpdater.java:stopAndJoin(148)) - 37b60bae-9d6d-40b8-9851-2e9be12703e9@group-7A770B342A66-StateMachineUpdater: set stopIndex = 0
2021-03-17 02:11:15,913 [7be7a3ee-2c60-4daa-92d5-fce366cccc9d@group-8ED7B52CCD89-SegmentedRaftLogWorker] INFO  segmented.SegmentedRaftLogWorker (SegmentedRaftLogWorker.java:run(326)) - 7be7a3ee-2c60-4daa-92d5-fce366cccc9d@group-8ED7B52CCD89-SegmentedRaftLogWorker was interrupted, exiting. There are 0 tasks remaining in the queue.
2021-03-17 02:11:15,913 [ForkJoinPool.commonPool-worker-1] INFO  segmented.SegmentedRaftLogWorker (SegmentedRaftLogWorker.java:close(236)) - 7be7a3ee-2c60-4daa-92d5-fce366cccc9d@group-8ED7B52CCD89-SegmentedRaftLogWorker close()
2021-03-17 02:11:15,913 [37b60bae-9d6d-40b8-9851-2e9be12703e9@group-7A770B342A66-StateMachineUpdater] INFO  ratis.ContainerStateMachine (ContainerStateMachine.java:takeSnapshot(302)) - group-7A770B342A66: Finished taking a snapshot at:(t:2, i:0) file:/github/workspace/mnt/ozone/hadoop-ozone/integration-test/target/test-dir/MiniOzoneClusterImpl-5543d78b-3109-4325-8e4d-d24bfba87b26/datanode-4/data/ratis/eb7140b3-8d2d-4bc8-b775-7a770b342a66/sm/snapshot.2_0 took: 1 ms
2021-03-17 02:11:15,914 [37b60bae-9d6d-40b8-9851-2e9be12703e9@group-7A770B342A66-StateMachineUpdater] INFO  impl.StateMachineUpdater (StateMachineUpdater.java:takeSnapshot(279)) - 37b60bae-9d6d-40b8-9851-2e9be12703e9@group-7A770B342A66-StateMachineUpdater: Took a snapshot at index 0
2021-03-17 02:11:15,914 [37b60bae-9d6d-40b8-9851-2e9be12703e9@group-7A770B342A66-StateMachineUpdater] INFO  impl.StateMachineUpdater (StateMachineUpdater.java:lambda$new$0(88)) - 37b60bae-9d6d-40b8-9851-2e9be12703e9@group-7A770B342A66-StateMachineUpdater: snapshotIndex: updateIncreasingly -1 -> 0
2021-03-17 02:11:15,914 [37b60bae-9d6d-40b8-9851-2e9be12703e9@group-7A770B342A66-StateMachineUpdater] INFO  metrics.RatisMetrics (RatisMetrics.java:unregister(43)) - Unregistering Metrics Registry : ratis.state_machine.37b60bae-9d6d-40b8-9851-2e9be12703e9@group-7A770B342A66
2021-03-17 02:11:15,914 [Listener at 127.0.0.1/40005] INFO  server.RaftServer$Division (ServerState.java:close(405)) - 37b60bae-9d6d-40b8-9851-2e9be12703e9@group-7A770B342A66: closes. applyIndex: 0
2021-03-17 02:11:15,914 [37b60bae-9d6d-40b8-9851-2e9be12703e9@group-7A770B342A66-SegmentedRaftLogWorker] INFO  segmented.SegmentedRaftLogWorker (SegmentedRaftLogWorker.java:run(326)) - 37b60bae-9d6d-40b8-9851-2e9be12703e9@group-7A770B342A66-SegmentedRaftLogWorker was interrupted, exiting. There are 0 tasks remaining in the queue.
2021-03-17 02:11:15,914 [ForkJoinPool.commonPool-worker-1] INFO  metrics.RatisMetrics (RatisMetrics.java:unregister(43)) - Unregistering Metrics Registry : ratis.log_worker.7be7a3ee-2c60-4daa-92d5-fce366cccc9d@group-8ED7B52CCD89
2021-03-17 02:11:15,914 [Listener at 127.0.0.1/40005] INFO  segmented.SegmentedRaftLogWorker (SegmentedRaftLogWorker.java:close(236)) - 37b60bae-9d6d-40b8-9851-2e9be12703e9@group-7A770B342A66-SegmentedRaftLogWorker close()
2021-03-17 02:11:15,915 [Listener at 127.0.0.1/40005] INFO  metrics.RatisMetrics (RatisMetrics.java:unregister(43)) - Unregistering Metrics Registry : ratis.log_worker.37b60bae-9d6d-40b8-9851-2e9be12703e9@group-7A770B342A66
2021-03-17 02:11:15,915 [Listener at 127.0.0.1/40005] INFO  metrics.RatisMetrics (RatisMetrics.java:unregister(43)) - Unregistering Metrics Registry : ratis.leader_election.37b60bae-9d6d-40b8-9851-2e9be12703e9@group-7A770B342A66
2021-03-17 02:11:15,915 [Listener at 127.0.0.1/40005] INFO  metrics.RatisMetrics (RatisMetrics.java:unregister(43)) - Unregistering Metrics Registry : ratis.server.37b60bae-9d6d-40b8-9851-2e9be12703e9@group-7A770B342A66
2021-03-17 02:11:15,915 [Listener at 127.0.0.1/40005] INFO  server.RaftServer$Division (RaftServerImpl.java:lambda$close$4(406)) - 37b60bae-9d6d-40b8-9851-2e9be12703e9@group-C25E8B788A8F: shutdown
2021-03-17 02:11:15,915 [Listener at 127.0.0.1/40005] INFO  util.JmxRegister (JmxRegister.java:unregister(73)) - Successfully un-registered JMX Bean with object name Ratis:service=RaftServer,group=group-C25E8B788A8F,id=37b60bae-9d6d-40b8-9851-2e9be12703e9
2021-03-17 02:11:15,915 [Listener at 127.0.0.1/40005] INFO  impl.RoleInfo (RoleInfo.java:shutdownLeaderState(91)) - 37b60bae-9d6d-40b8-9851-2e9be12703e9: shutdown 37b60bae-9d6d-40b8-9851-2e9be12703e9@group-C25E8B788A8F-LeaderStateImpl
2021-03-17 02:11:15,916 [Listener at 127.0.0.1/40005] INFO  impl.PendingRequests (PendingRequests.java:sendNotLeaderResponses(249)) - 37b60bae-9d6d-40b8-9851-2e9be12703e9@group-C25E8B788A8F-PendingRequests: sendNotLeaderResponses
2021-03-17 02:11:15,916 [Listener at 127.0.0.1/40005] INFO  metrics.RatisMetrics (RatisMetrics.java:unregister(43)) - Unregistering Metrics Registry : ratis.log_appender.37b60bae-9d6d-40b8-9851-2e9be12703e9@group-C25E8B788A8F
2021-03-17 02:11:15,916 [Listener at 127.0.0.1/40005] INFO  metrics.RatisMetrics (RatisMetrics.java:unregister(43)) - Unregistering Metrics Registry : ratis.server.37b60bae-9d6d-40b8-9851-2e9be12703e9@group-C25E8B788A8F
2021-03-17 02:11:15,915 [ForkJoinPool.commonPool-worker-1] INFO  metrics.RatisMetrics (RatisMetrics.java:unregister(43)) - Unregistering Metrics Registry : ratis.leader_election.7be7a3ee-2c60-4daa-92d5-fce366cccc9d@group-8ED7B52CCD89
2021-03-17 02:11:15,916 [ForkJoinPool.commonPool-worker-1] INFO  metrics.RatisMetrics (RatisMetrics.java:unregister(43)) - Unregistering Metrics Registry : ratis.server.7be7a3ee-2c60-4daa-92d5-fce366cccc9d@group-8ED7B52CCD89
2021-03-17 02:11:15,916 [ForkJoinPool.commonPool-worker-1] INFO  server.RaftServer$Division (RaftServerImpl.java:lambda$close$4(406)) - 7be7a3ee-2c60-4daa-92d5-fce366cccc9d@group-8392A6716DDC: shutdown
2021-03-17 02:11:15,917 [ForkJoinPool.commonPool-worker-1] INFO  util.JmxRegister (JmxRegister.java:unregister(73)) - Successfully un-registered JMX Bean with object name Ratis:service=RaftServer,group=group-8392A6716DDC,id=7be7a3ee-2c60-4daa-92d5-fce366cccc9d
2021-03-17 02:11:15,917 [ForkJoinPool.commonPool-worker-1] INFO  impl.RoleInfo (RoleInfo.java:shutdownFollowerState(108)) - 7be7a3ee-2c60-4daa-92d5-fce366cccc9d: shutdown 7be7a3ee-2c60-4daa-92d5-fce366cccc9d@group-8392A6716DDC-FollowerState
2021-03-17 02:11:15,917 [Thread-1069] INFO  impl.FollowerState (FollowerState.java:run(142)) - 7be7a3ee-2c60-4daa-92d5-fce366cccc9d@group-8392A6716DDC-FollowerState was interrupted: {}
java.lang.InterruptedException: sleep interrupted
	at java.lang.Thread.sleep(Native Method)
	at java.lang.Thread.sleep(Thread.java:340)
	at java.util.concurrent.TimeUnit.sleep(TimeUnit.java:386)
	at org.apache.ratis.util.TimeDuration.sleep(TimeDuration.java:324)
	at org.apache.ratis.util.TimeDuration.sleep(TimeDuration.java:309)
	at org.apache.ratis.server.impl.FollowerState.run(FollowerState.java:117)
2021-03-17 02:11:15,917 [ForkJoinPool.commonPool-worker-1] INFO  impl.StateMachineUpdater (StateMachineUpdater.java:stopAndJoin(148)) - 7be7a3ee-2c60-4daa-92d5-fce366cccc9d@group-8392A6716DDC-StateMachineUpdater: set stopIndex = 0
2021-03-17 02:11:15,917 [7be7a3ee-2c60-4daa-92d5-fce366cccc9d@group-8392A6716DDC-StateMachineUpdater] INFO  ratis.ContainerStateMachine (ContainerStateMachine.java:takeSnapshot(291)) - group-8392A6716DDC: Taking a snapshot at:(t:1, i:0) file /github/workspace/mnt/ozone/hadoop-ozone/integration-test/target/test-dir/MiniOzoneClusterImpl-5543d78b-3109-4325-8e4d-d24bfba87b26/datanode-1/data/ratis/9e161d5c-af13-4e41-81f9-8392a6716ddc/sm/snapshot.1_0
2021-03-17 02:11:15,917 [37b60bae-9d6d-40b8-9851-2e9be12703e9@group-C25E8B788A8F-StateMachineUpdater] INFO  ratis.ContainerStateMachine (ContainerStateMachine.java:takeSnapshot(291)) - group-C25E8B788A8F: Taking a snapshot at:(t:1, i:0) file /github/workspace/mnt/ozone/hadoop-ozone/integration-test/target/test-dir/MiniOzoneClusterImpl-5543d78b-3109-4325-8e4d-d24bfba87b26/datanode-4/data/ratis/50c93adb-4d03-4ae7-ad94-c25e8b788a8f/sm/snapshot.1_0
2021-03-17 02:11:15,917 [Listener at 127.0.0.1/40005] INFO  impl.StateMachineUpdater (StateMachineUpdater.java:stopAndJoin(148)) - 37b60bae-9d6d-40b8-9851-2e9be12703e9@group-C25E8B788A8F-StateMachineUpdater: set stopIndex = 0
2021-03-17 02:11:15,918 [7be7a3ee-2c60-4daa-92d5-fce366cccc9d@group-8392A6716DDC-StateMachineUpdater] INFO  ratis.ContainerStateMachine (ContainerStateMachine.java:takeSnapshot(302)) - group-8392A6716DDC: Finished taking a snapshot at:(t:1, i:0) file:/github/workspace/mnt/ozone/hadoop-ozone/integration-test/target/test-dir/MiniOzoneClusterImpl-5543d78b-3109-4325-8e4d-d24bfba87b26/datanode-1/data/ratis/9e161d5c-af13-4e41-81f9-8392a6716ddc/sm/snapshot.1_0 took: 1 ms
2021-03-17 02:11:15,918 [7be7a3ee-2c60-4daa-92d5-fce366cccc9d@group-8392A6716DDC-StateMachineUpdater] INFO  impl.StateMachineUpdater (StateMachineUpdater.java:takeSnapshot(279)) - 7be7a3ee-2c60-4daa-92d5-fce366cccc9d@group-8392A6716DDC-StateMachineUpdater: Took a snapshot at index 0
2021-03-17 02:11:15,918 [37b60bae-9d6d-40b8-9851-2e9be12703e9@group-C25E8B788A8F-StateMachineUpdater] INFO  ratis.ContainerStateMachine (ContainerStateMachine.java:takeSnapshot(302)) - group-C25E8B788A8F: Finished taking a snapshot at:(t:1, i:0) file:/github/workspace/mnt/ozone/hadoop-ozone/integration-test/target/test-dir/MiniOzoneClusterImpl-5543d78b-3109-4325-8e4d-d24bfba87b26/datanode-4/data/ratis/50c93adb-4d03-4ae7-ad94-c25e8b788a8f/sm/snapshot.1_0 took: 1 ms
2021-03-17 02:11:15,918 [37b60bae-9d6d-40b8-9851-2e9be12703e9@group-C25E8B788A8F-StateMachineUpdater] INFO  impl.StateMachineUpdater (StateMachineUpdater.java:takeSnapshot(279)) - 37b60bae-9d6d-40b8-9851-2e9be12703e9@group-C25E8B788A8F-StateMachineUpdater: Took a snapshot at index 0
2021-03-17 02:11:15,918 [37b60bae-9d6d-40b8-9851-2e9be12703e9@group-C25E8B788A8F-StateMachineUpdater] INFO  impl.StateMachineUpdater (StateMachineUpdater.java:lambda$new$0(88)) - 37b60bae-9d6d-40b8-9851-2e9be12703e9@group-C25E8B788A8F-StateMachineUpdater: snapshotIndex: updateIncreasingly -1 -> 0
2021-03-17 02:11:15,918 [37b60bae-9d6d-40b8-9851-2e9be12703e9@group-C25E8B788A8F-StateMachineUpdater] INFO  metrics.RatisMetrics (RatisMetrics.java:unregister(43)) - Unregistering Metrics Registry : ratis.state_machine.37b60bae-9d6d-40b8-9851-2e9be12703e9@group-C25E8B788A8F
2021-03-17 02:11:15,919 [Listener at 127.0.0.1/40005] INFO  server.RaftServer$Division (ServerState.java:close(405)) - 37b60bae-9d6d-40b8-9851-2e9be12703e9@group-C25E8B788A8F: closes. applyIndex: 0
2021-03-17 02:11:15,918 [7be7a3ee-2c60-4daa-92d5-fce366cccc9d@group-8392A6716DDC-StateMachineUpdater] INFO  impl.StateMachineUpdater (StateMachineUpdater.java:lambda$new$0(88)) - 7be7a3ee-2c60-4daa-92d5-fce366cccc9d@group-8392A6716DDC-StateMachineUpdater: snapshotIndex: updateIncreasingly -1 -> 0
2021-03-17 02:11:15,919 [37b60bae-9d6d-40b8-9851-2e9be12703e9@group-C25E8B788A8F-SegmentedRaftLogWorker] INFO  segmented.SegmentedRaftLogWorker (SegmentedRaftLogWorker.java:run(326)) - 37b60bae-9d6d-40b8-9851-2e9be12703e9@group-C25E8B788A8F-SegmentedRaftLogWorker was interrupted, exiting. There are 0 tasks remaining in the queue.
2021-03-17 02:11:15,919 [7be7a3ee-2c60-4daa-92d5-fce366cccc9d@group-8392A6716DDC-StateMachineUpdater] INFO  metrics.RatisMetrics (RatisMetrics.java:unregister(43)) - Unregistering Metrics Registry : ratis.state_machine.7be7a3ee-2c60-4daa-92d5-fce366cccc9d@group-8392A6716DDC
2021-03-17 02:11:15,919 [Listener at 127.0.0.1/40005] INFO  segmented.SegmentedRaftLogWorker (SegmentedRaftLogWorker.java:close(236)) - 37b60bae-9d6d-40b8-9851-2e9be12703e9@group-C25E8B788A8F-SegmentedRaftLogWorker close()
2021-03-17 02:11:15,919 [Listener at 127.0.0.1/40005] INFO  metrics.RatisMetrics (RatisMetrics.java:unregister(43)) - Unregistering Metrics Registry : ratis.log_worker.37b60bae-9d6d-40b8-9851-2e9be12703e9@group-C25E8B788A8F
2021-03-17 02:11:15,919 [ForkJoinPool.commonPool-worker-1] INFO  server.RaftServer$Division (ServerState.java:close(405)) - 7be7a3ee-2c60-4daa-92d5-fce366cccc9d@group-8392A6716DDC: closes. applyIndex: 0
2021-03-17 02:11:15,919 [Listener at 127.0.0.1/40005] INFO  metrics.RatisMetrics (RatisMetrics.java:unregister(43)) - Unregistering Metrics Registry : ratis.leader_election.37b60bae-9d6d-40b8-9851-2e9be12703e9@group-C25E8B788A8F
2021-03-17 02:11:15,919 [7be7a3ee-2c60-4daa-92d5-fce366cccc9d@group-8392A6716DDC-SegmentedRaftLogWorker] INFO  segmented.SegmentedRaftLogWorker (SegmentedRaftLogWorker.java:run(326)) - 7be7a3ee-2c60-4daa-92d5-fce366cccc9d@group-8392A6716DDC-SegmentedRaftLogWorker was interrupted, exiting. There are 0 tasks remaining in the queue.
2021-03-17 02:11:15,920 [ForkJoinPool.commonPool-worker-1] INFO  segmented.SegmentedRaftLogWorker (SegmentedRaftLogWorker.java:close(236)) - 7be7a3ee-2c60-4daa-92d5-fce366cccc9d@group-8392A6716DDC-SegmentedRaftLogWorker close()
2021-03-17 02:11:15,920 [Listener at 127.0.0.1/40005] INFO  metrics.RatisMetrics (RatisMetrics.java:unregister(43)) - Unregistering Metrics Registry : ratis.server.37b60bae-9d6d-40b8-9851-2e9be12703e9@group-C25E8B788A8F
2021-03-17 02:11:15,920 [Listener at 127.0.0.1/40005] INFO  server.GrpcService (GrpcService.java:closeImpl(262)) - 37b60bae-9d6d-40b8-9851-2e9be12703e9: shutdown server with port 46279 now
2021-03-17 02:11:15,920 [ForkJoinPool.commonPool-worker-1] INFO  metrics.RatisMetrics (RatisMetrics.java:unregister(43)) - Unregistering Metrics Registry : ratis.log_worker.7be7a3ee-2c60-4daa-92d5-fce366cccc9d@group-8392A6716DDC
2021-03-17 02:11:15,921 [ForkJoinPool.commonPool-worker-1] INFO  metrics.RatisMetrics (RatisMetrics.java:unregister(43)) - Unregistering Metrics Registry : ratis.leader_election.7be7a3ee-2c60-4daa-92d5-fce366cccc9d@group-8392A6716DDC
2021-03-17 02:11:15,921 [ForkJoinPool.commonPool-worker-1] INFO  metrics.RatisMetrics (RatisMetrics.java:unregister(43)) - Unregistering Metrics Registry : ratis.server.7be7a3ee-2c60-4daa-92d5-fce366cccc9d@group-8392A6716DDC
2021-03-17 02:11:15,921 [ForkJoinPool.commonPool-worker-1] INFO  server.GrpcService (GrpcService.java:closeImpl(262)) - 7be7a3ee-2c60-4daa-92d5-fce366cccc9d: shutdown server with port 39539 now
2021-03-17 02:11:15,921 [grpc-default-executor-0] WARN  server.GrpcServerProtocolService (LogUtils.java:warn(122)) - 37b60bae-9d6d-40b8-9851-2e9be12703e9: installSnapshot onError, lastRequest: edc886fb-3392-4280-b977-eac73b957932->37b60bae-9d6d-40b8-9851-2e9be12703e9#1-t2,previous=(t:0, i:0),leaderCommit=-1,initializing? true,entries: size=1, first=(t:2, i:0), CONFIGURATIONENTRY: org.apache.ratis.thirdparty.io.grpc.StatusRuntimeException: CANCELLED: client cancelled
2021-03-17 02:11:15,922 [grpc-default-executor-0] WARN  server.GrpcLogAppender (LogUtils.java:warn(122)) - edc886fb-3392-4280-b977-eac73b957932@group-7A770B342A66->37b60bae-9d6d-40b8-9851-2e9be12703e9-AppendLogResponseHandler: Failed appendEntries: org.apache.ratis.thirdparty.io.grpc.StatusRuntimeException: CANCELLED: HTTP/2 error code: CANCEL
Received Rst Stream
2021-03-17 02:11:15,923 [grpc-default-executor-0] WARN  server.GrpcLogAppender (GrpcLogAppender.java:resetClient(111)) - edc886fb-3392-4280-b977-eac73b957932@group-7A770B342A66->37b60bae-9d6d-40b8-9851-2e9be12703e9-GrpcLogAppender: Leader has not got in touch with Follower edc886fb-3392-4280-b977-eac73b957932@group-7A770B342A66->37b60bae-9d6d-40b8-9851-2e9be12703e9(c0,m0,n1, attendVote=true, lastRpcSendTime=2369, lastRpcResponseTime=2368) yet, just keep nextIndex unchanged and retry.
2021-03-17 02:11:15,925 [grpc-default-executor-1] WARN  server.GrpcServerProtocolService (LogUtils.java:warn(122)) - 7be7a3ee-2c60-4daa-92d5-fce366cccc9d: installSnapshot onError, lastRequest: c22503ba-573b-463b-9e1c-de44cfeb847d->7be7a3ee-2c60-4daa-92d5-fce366cccc9d#1-t1,previous=(t:0, i:0),leaderCommit=-1,initializing? true,entries: size=1, first=(t:1, i:0), CONFIGURATIONENTRY: org.apache.ratis.thirdparty.io.grpc.StatusRuntimeException: CANCELLED: client cancelled
2021-03-17 02:11:15,925 [grpc-default-executor-5] WARN  server.GrpcLogAppender (LogUtils.java:warn(122)) - c22503ba-573b-463b-9e1c-de44cfeb847d@group-8392A6716DDC->7be7a3ee-2c60-4daa-92d5-fce366cccc9d-AppendLogResponseHandler: Failed appendEntries: org.apache.ratis.thirdparty.io.grpc.StatusRuntimeException: CANCELLED: HTTP/2 error code: CANCEL
Received Rst Stream
2021-03-17 02:11:15,926 [grpc-default-executor-5] WARN  server.GrpcLogAppender (GrpcLogAppender.java:resetClient(111)) - c22503ba-573b-463b-9e1c-de44cfeb847d@group-8392A6716DDC->7be7a3ee-2c60-4daa-92d5-fce366cccc9d-GrpcLogAppender: Leader has not got in touch with Follower c22503ba-573b-463b-9e1c-de44cfeb847d@group-8392A6716DDC->7be7a3ee-2c60-4daa-92d5-fce366cccc9d(c0,m0,n1, attendVote=true, lastRpcSendTime=2440, lastRpcResponseTime=2438) yet, just keep nextIndex unchanged and retry.
2021-03-17 02:11:15,955 [ForkJoinPool.commonPool-worker-1] INFO  server.GrpcService (GrpcService.java:closeImpl(271)) - 7be7a3ee-2c60-4daa-92d5-fce366cccc9d: shutdown server with port 39539 successfully
2021-03-17 02:11:15,955 [org.apache.ratis.util.JvmPauseMonitor$$Lambda$504/521752898@5c2996c6] INFO  util.JvmPauseMonitor (JvmPauseMonitor.java:run(109)) - JvmPauseMonitor-7be7a3ee-2c60-4daa-92d5-fce366cccc9d: Stopped
2021-03-17 02:11:15,962 [ForkJoinPool.commonPool-worker-1] INFO  utils.BackgroundService (BackgroundService.java:shutdown(132)) - Shutting down service BlockDeletingService
2021-03-17 02:11:15,969 [Listener at 127.0.0.1/40005] INFO  server.GrpcService (GrpcService.java:closeImpl(271)) - 37b60bae-9d6d-40b8-9851-2e9be12703e9: shutdown server with port 46279 successfully
2021-03-17 02:11:15,969 [org.apache.ratis.util.JvmPauseMonitor$$Lambda$504/521752898@78519896] INFO  util.JvmPauseMonitor (JvmPauseMonitor.java:run(109)) - JvmPauseMonitor-37b60bae-9d6d-40b8-9851-2e9be12703e9: Stopped
2021-03-17 02:11:15,970 [Listener at 127.0.0.1/40005] INFO  utils.BackgroundService (BackgroundService.java:shutdown(132)) - Shutting down service BlockDeletingService
2021-03-17 02:11:15,973 [ForkJoinPool.commonPool-worker-1] INFO  statemachine.DatanodeStateMachine (DatanodeStateMachine.java:stopDaemon(469)) - Ozone container server stopped.
2021-03-17 02:11:15,974 [Listener at 127.0.0.1/40005] INFO  statemachine.DatanodeStateMachine (DatanodeStateMachine.java:stopDaemon(469)) - Ozone container server stopped.
2021-03-17 02:11:15,978 [Thread-1199] INFO  impl.FollowerState (FollowerState.java:run(133)) - a3b22ff5-07c5-4717-894b-669982ee3e54@group-8ECD2D945D0C-FollowerState: change to CANDIDATE, lastRpcElapsedTime:5087020889ns, electionTimeout:5086ms
2021-03-17 02:11:15,979 [Thread-1199] INFO  impl.RoleInfo (RoleInfo.java:shutdownFollowerState(108)) - a3b22ff5-07c5-4717-894b-669982ee3e54: shutdown a3b22ff5-07c5-4717-894b-669982ee3e54@group-8ECD2D945D0C-FollowerState
2021-03-17 02:11:15,979 [Thread-1199] INFO  server.RaftServer$Division (RaftServerImpl.java:setRole(284)) - a3b22ff5-07c5-4717-894b-669982ee3e54@group-8ECD2D945D0C: changes role from  FOLLOWER to CANDIDATE at term 0 for changeToCandidate
2021-03-17 02:11:15,979 [Thread-1199] INFO  server.RaftServerConfigKeys (ConfUtils.java:logGet(44)) - raft.server.leaderelection.pre-vote = false (custom)
2021-03-17 02:11:15,979 [Thread-1199] INFO  impl.RoleInfo (RoleInfo.java:updateAndGet(130)) - a3b22ff5-07c5-4717-894b-669982ee3e54: start a3b22ff5-07c5-4717-894b-669982ee3e54@group-8ECD2D945D0C-LeaderElection52
2021-03-17 02:11:15,982 [Listener at 127.0.0.1/40005] INFO  handler.ContextHandler (ContextHandler.java:doStop(1154)) - Stopped o.e.j.w.WebAppContext@2430835d{hddsDatanode,/,null,STOPPED}{jar:file:/home/user/.m2/repository/org/apache/hadoop/hadoop-hdds-container-service/1.1.0-SNAPSHOT/hadoop-hdds-container-service-1.1.0-SNAPSHOT.jar!/webapps/hddsDatanode}
2021-03-17 02:11:15,991 [grpc-default-executor-1] WARN  server.GrpcLogAppender (LogUtils.java:warn(122)) - c22503ba-573b-463b-9e1c-de44cfeb847d@group-8392A6716DDC->7be7a3ee-2c60-4daa-92d5-fce366cccc9d-AppendLogResponseHandler: Failed appendEntries: org.apache.ratis.thirdparty.io.grpc.StatusRuntimeException: UNAVAILABLE: io exception
2021-03-17 02:11:15,993 [grpc-default-executor-1] WARN  server.GrpcLogAppender (GrpcLogAppender.java:resetClient(111)) - c22503ba-573b-463b-9e1c-de44cfeb847d@group-8392A6716DDC->7be7a3ee-2c60-4daa-92d5-fce366cccc9d-GrpcLogAppender: Leader has not got in touch with Follower c22503ba-573b-463b-9e1c-de44cfeb847d@group-8392A6716DDC->7be7a3ee-2c60-4daa-92d5-fce366cccc9d(c0,m0,n1, attendVote=true, lastRpcSendTime=2507, lastRpcResponseTime=2506) yet, just keep nextIndex unchanged and retry.
2021-03-17 02:11:15,998 [Listener at 127.0.0.1/40005] INFO  server.AbstractConnector (AbstractConnector.java:doStop(381)) - Stopped ServerConnector@6ce5b1d{HTTP/1.1, (http/1.1)}{0.0.0.0:0}
2021-03-17 02:11:15,998 [Listener at 127.0.0.1/40005] INFO  server.session (HouseKeeper.java:stopScavenging(149)) - node0 Stopped scavenging
2021-03-17 02:11:15,999 [Listener at 127.0.0.1/40005] INFO  handler.ContextHandler (ContextHandler.java:doStop(1154)) - Stopped o.e.j.s.ServletContextHandler@2356f652{static,/static,jar:file:/home/user/.m2/repository/org/apache/hadoop/hadoop-hdds-container-service/1.1.0-SNAPSHOT/hadoop-hdds-container-service-1.1.0-SNAPSHOT.jar!/webapps/static,STOPPED}
2021-03-17 02:11:16,000 [Listener at 127.0.0.1/40005] INFO  handler.ContextHandler (ContextHandler.java:doStop(1154)) - Stopped o.e.j.s.ServletContextHandler@4893041{logs,/logs,file:///github/workspace/mnt/ozone/hadoop-ozone/integration-test/target/log,STOPPED}
2021-03-17 02:11:16,002 [a3b22ff5-07c5-4717-894b-669982ee3e54@group-8ECD2D945D0C-LeaderElection52] INFO  impl.LeaderElection (LeaderElection.java:askForVotes(307)) - a3b22ff5-07c5-4717-894b-669982ee3e54@group-8ECD2D945D0C-LeaderElection52 ELECTION round 0: submit vote requests at term 1 for -1: [a3b22ff5-07c5-4717-894b-669982ee3e54|rpc:172.17.0.2:42689|priority:1], old=null
2021-03-17 02:11:16,002 [a3b22ff5-07c5-4717-894b-669982ee3e54@group-8ECD2D945D0C-LeaderElection52] INFO  impl.LeaderElection (LeaderElection.java:askForVotes(309)) - a3b22ff5-07c5-4717-894b-669982ee3e54@group-8ECD2D945D0C-LeaderElection52 ELECTION round 0: result PASSED (term=1)
2021-03-17 02:11:16,002 [a3b22ff5-07c5-4717-894b-669982ee3e54@group-8ECD2D945D0C-LeaderElection52] INFO  impl.RoleInfo (RoleInfo.java:shutdownLeaderElection(121)) - a3b22ff5-07c5-4717-894b-669982ee3e54: shutdown a3b22ff5-07c5-4717-894b-669982ee3e54@group-8ECD2D945D0C-LeaderElection52
2021-03-17 02:11:16,002 [a3b22ff5-07c5-4717-894b-669982ee3e54@group-8ECD2D945D0C-LeaderElection52] INFO  server.RaftServer$Division (RaftServerImpl.java:setRole(284)) - a3b22ff5-07c5-4717-894b-669982ee3e54@group-8ECD2D945D0C: changes role from CANDIDATE to LEADER at term 1 for changeToLeader
2021-03-17 02:11:16,002 [a3b22ff5-07c5-4717-894b-669982ee3e54@group-8ECD2D945D0C-LeaderElection52] INFO  ratis.XceiverServerRatis (XceiverServerRatis.java:handleLeaderChangedNotification(899)) - Leader change notification received for group: group-8ECD2D945D0C with new leaderId: a3b22ff5-07c5-4717-894b-669982ee3e54
2021-03-17 02:11:16,010 [a3b22ff5-07c5-4717-894b-669982ee3e54@group-8ECD2D945D0C-LeaderElection52] INFO  server.RaftServer$Division (ServerState.java:setLeader(271)) - a3b22ff5-07c5-4717-894b-669982ee3e54@group-8ECD2D945D0C: change Leader from null to a3b22ff5-07c5-4717-894b-669982ee3e54 at term 1 for becomeLeader, leader elected after 5123ms
2021-03-17 02:11:16,010 [a3b22ff5-07c5-4717-894b-669982ee3e54@group-8ECD2D945D0C-LeaderElection52] INFO  server.RaftServerConfigKeys (ConfUtils.java:logGet(44)) - raft.server.staging.catchup.gap = 1000 (default)
2021-03-17 02:11:16,010 [a3b22ff5-07c5-4717-894b-669982ee3e54@group-8ECD2D945D0C-LeaderElection52] INFO  metrics.RatisMetrics (RatisMetrics.java:lambda$create$0(36)) - Creating Metrics Registry : ratis.log_appender.a3b22ff5-07c5-4717-894b-669982ee3e54@group-8ECD2D945D0C
2021-03-17 02:11:16,010 [a3b22ff5-07c5-4717-894b-669982ee3e54@group-8ECD2D945D0C-LeaderElection52] INFO  server.RaftServerConfigKeys (ConfUtils.java:logGet(44)) - raft.server.write.element-limit = 1024 (custom)
2021-03-17 02:11:16,010 [a3b22ff5-07c5-4717-894b-669982ee3e54@group-8ECD2D945D0C-LeaderElection52] INFO  server.RaftServerConfigKeys (ConfUtils.java:logGet(44)) - raft.server.write.byte-limit = 1073741824 (custom)
2021-03-17 02:11:16,011 [a3b22ff5-07c5-4717-894b-669982ee3e54@group-8ECD2D945D0C-LeaderElection52] INFO  server.RaftServerConfigKeys (ConfUtils.java:logGet(44)) - raft.server.watch.timeout = 3000ms (custom)
2021-03-17 02:11:16,011 [a3b22ff5-07c5-4717-894b-669982ee3e54@group-8ECD2D945D0C-LeaderElection52] INFO  server.RaftServerConfigKeys (ConfUtils.java:logGet(44)) - raft.server.watch.timeout.denomination = 1s (default)
2021-03-17 02:11:16,011 [a3b22ff5-07c5-4717-894b-669982ee3e54@group-8ECD2D945D0C-LeaderElection52] INFO  server.RaftServerConfigKeys (ConfUtils.java:logGet(44)) - raft.server.watch.element-limit = 65536 (default)
2021-03-17 02:11:16,011 [a3b22ff5-07c5-4717-894b-669982ee3e54@group-8ECD2D945D0C-LeaderElection52] INFO  impl.RoleInfo (RoleInfo.java:updateAndGet(130)) - a3b22ff5-07c5-4717-894b-669982ee3e54: start a3b22ff5-07c5-4717-894b-669982ee3e54@group-8ECD2D945D0C-LeaderStateImpl
2021-03-17 02:11:16,011 [a3b22ff5-07c5-4717-894b-669982ee3e54@group-8ECD2D945D0C-LeaderElection52] INFO  segmented.SegmentedRaftLogWorker (SegmentedRaftLogWorker.java:startLogSegment(392)) - a3b22ff5-07c5-4717-894b-669982ee3e54@group-8ECD2D945D0C-SegmentedRaftLogWorker: Starting segment from index:0
2021-03-17 02:11:16,014 [ForkJoinPool.commonPool-worker-1] INFO  handler.ContextHandler (ContextHandler.java:doStop(1154)) - Stopped o.e.j.w.WebAppContext@6965292d{hddsDatanode,/,null,STOPPED}{jar:file:/home/user/.m2/repository/org/apache/hadoop/hadoop-hdds-container-service/1.1.0-SNAPSHOT/hadoop-hdds-container-service-1.1.0-SNAPSHOT.jar!/webapps/hddsDatanode}
2021-03-17 02:11:16,015 [ForkJoinPool.commonPool-worker-1] INFO  server.AbstractConnector (AbstractConnector.java:doStop(381)) - Stopped ServerConnector@6ab6233c{HTTP/1.1, (http/1.1)}{0.0.0.0:0}
2021-03-17 02:11:16,015 [a3b22ff5-07c5-4717-894b-669982ee3e54@group-8ECD2D945D0C-LeaderElection52] INFO  server.RaftServer$Division (ServerState.java:setRaftConf(373)) - a3b22ff5-07c5-4717-894b-669982ee3e54@group-8ECD2D945D0C: set configuration 0: [a3b22ff5-07c5-4717-894b-669982ee3e54|rpc:172.17.0.2:42689|dataStream:|priority:1], old=null
2021-03-17 02:11:16,015 [ForkJoinPool.commonPool-worker-1] INFO  server.session (HouseKeeper.java:stopScavenging(149)) - node0 Stopped scavenging
2021-03-17 02:11:16,016 [ForkJoinPool.commonPool-worker-1] INFO  handler.ContextHandler (ContextHandler.java:doStop(1154)) - Stopped o.e.j.s.ServletContextHandler@3549798c{static,/static,jar:file:/home/user/.m2/repository/org/apache/hadoop/hadoop-hdds-container-service/1.1.0-SNAPSHOT/hadoop-hdds-container-service-1.1.0-SNAPSHOT.jar!/webapps/static,STOPPED}
2021-03-17 02:11:16,022 [a3b22ff5-07c5-4717-894b-669982ee3e54@group-8ECD2D945D0C-SegmentedRaftLogWorker] INFO  segmented.SegmentedRaftLogWorker (SegmentedRaftLogWorker.java:execute(599)) - a3b22ff5-07c5-4717-894b-669982ee3e54@group-8ECD2D945D0C-SegmentedRaftLogWorker: created new log segment /github/workspace/mnt/ozone/hadoop-ozone/integration-test/target/test-dir/MiniOzoneClusterImpl-5543d78b-3109-4325-8e4d-d24bfba87b26/datanode-2/data/ratis/24b398cc-d6bc-4677-94f5-8ecd2d945d0c/current/log_inprogress_0
2021-03-17 02:11:16,022 [ForkJoinPool.commonPool-worker-1] INFO  handler.ContextHandler (ContextHandler.java:doStop(1154)) - Stopped o.e.j.s.ServletContextHandler@64f8c767{logs,/logs,file:///github/workspace/mnt/ozone/hadoop-ozone/integration-test/target/log,STOPPED}
2021-03-17 02:11:16,055 [grpc-default-executor-1] WARN  server.GrpcLogAppender (LogUtils.java:warn(122)) - edc886fb-3392-4280-b977-eac73b957932@group-7A770B342A66->37b60bae-9d6d-40b8-9851-2e9be12703e9-AppendLogResponseHandler: Failed appendEntries: org.apache.ratis.thirdparty.io.grpc.StatusRuntimeException: UNAVAILABLE: io exception
2021-03-17 02:11:16,056 [grpc-default-executor-1] WARN  server.GrpcLogAppender (GrpcLogAppender.java:resetClient(111)) - edc886fb-3392-4280-b977-eac73b957932@group-7A770B342A66->37b60bae-9d6d-40b8-9851-2e9be12703e9-GrpcLogAppender: Leader has not got in touch with Follower edc886fb-3392-4280-b977-eac73b957932@group-7A770B342A66->37b60bae-9d6d-40b8-9851-2e9be12703e9(c0,m0,n1, attendVote=true, lastRpcSendTime=2503, lastRpcResponseTime=2501) yet, just keep nextIndex unchanged and retry.
2021-03-17 02:11:16,427 [Datanode State Machine Thread - 0] INFO  statemachine.DatanodeStateMachine (DatanodeStateMachine.java:lambda$startDaemon$0(411)) - Ozone container server started.
2021-03-17 02:11:17,010 [Datanode State Machine Thread - 0] INFO  statemachine.DatanodeStateMachine (DatanodeStateMachine.java:lambda$startDaemon$0(411)) - Ozone container server started.
2021-03-17 02:11:18,494 [grpc-default-executor-1] WARN  server.GrpcLogAppender (LogUtils.java:warn(122)) - c22503ba-573b-463b-9e1c-de44cfeb847d@group-8392A6716DDC->7be7a3ee-2c60-4daa-92d5-fce366cccc9d-AppendLogResponseHandler: Failed appendEntries: org.apache.ratis.thirdparty.io.grpc.StatusRuntimeException: UNAVAILABLE: io exception
2021-03-17 02:11:18,495 [grpc-default-executor-1] WARN  server.GrpcLogAppender (GrpcLogAppender.java:resetClient(111)) - c22503ba-573b-463b-9e1c-de44cfeb847d@group-8392A6716DDC->7be7a3ee-2c60-4daa-92d5-fce366cccc9d-GrpcLogAppender: Leader has not got in touch with Follower c22503ba-573b-463b-9e1c-de44cfeb847d@group-8392A6716DDC->7be7a3ee-2c60-4daa-92d5-fce366cccc9d(c0,m0,n1, attendVote=true, lastRpcSendTime=0, lastRpcResponseTime=5008) yet, just keep nextIndex unchanged and retry.
2021-03-17 02:11:18,557 [grpc-default-executor-1] WARN  server.GrpcLogAppender (LogUtils.java:warn(122)) - edc886fb-3392-4280-b977-eac73b957932@group-7A770B342A66->37b60bae-9d6d-40b8-9851-2e9be12703e9-AppendLogResponseHandler: Failed appendEntries: org.apache.ratis.thirdparty.io.grpc.StatusRuntimeException: UNAVAILABLE: io exception
2021-03-17 02:11:18,557 [grpc-default-executor-1] WARN  server.GrpcLogAppender (GrpcLogAppender.java:resetClient(111)) - edc886fb-3392-4280-b977-eac73b957932@group-7A770B342A66->37b60bae-9d6d-40b8-9851-2e9be12703e9-GrpcLogAppender: Leader has not got in touch with Follower edc886fb-3392-4280-b977-eac73b957932@group-7A770B342A66->37b60bae-9d6d-40b8-9851-2e9be12703e9(c0,m0,n1, attendVote=true, lastRpcSendTime=0, lastRpcResponseTime=5003) yet, just keep nextIndex unchanged and retry.
2021-03-17 02:11:20,332 [EventQueue-StaleNodeForStaleNodeHandler] INFO  node.StaleNodeHandler (StaleNodeHandler.java:onMessage(58)) - Datanode 7be7a3ee-2c60-4daa-92d5-fce366cccc9d{ip: 172.17.0.2, host: 70ca58e12b9b, ports: [REPLICATION=41363, RATIS=39539, RATIS_ADMIN=39539, RATIS_SERVER=39539, STANDALONE=33895], networkLocation: /default-rack, certSerialId: null, persistedOpState: IN_SERVICE, persistedOpStateExpiryEpochSec: 0} moved to stale state. Finalizing its pipelines [PipelineID=8e45f5d2-8210-4733-a569-37052fc88d07, PipelineID=c5eea603-c6ee-4af4-88ab-8ed7b52ccd89, PipelineID=9e161d5c-af13-4e41-81f9-8392a6716ddc]
2021-03-17 02:11:20,332 [EventQueue-StaleNodeForStaleNodeHandler] INFO  pipeline.SCMPipelineManager (SCMPipelineManager.java:finalizeAndDestroyPipeline(483)) - Destroying pipeline:Pipeline[ Id: 8e45f5d2-8210-4733-a569-37052fc88d07, Nodes: c22503ba-573b-463b-9e1c-de44cfeb847d{ip: 172.17.0.2, host: 70ca58e12b9b, ports: [REPLICATION=42099, RATIS=34901, RATIS_ADMIN=34901, RATIS_SERVER=34901, STANDALONE=45037], networkLocation: /default-rack, certSerialId: null, persistedOpState: IN_SERVICE, persistedOpStateExpiryEpochSec: 0}7be7a3ee-2c60-4daa-92d5-fce366cccc9d{ip: 172.17.0.2, host: 70ca58e12b9b, ports: [REPLICATION=41363, RATIS=39539, RATIS_ADMIN=39539, RATIS_SERVER=39539, STANDALONE=33895], networkLocation: /default-rack, certSerialId: null, persistedOpState: IN_SERVICE, persistedOpStateExpiryEpochSec: 0}13cb06b2-640f-4fce-af7e-e16c133353a1{ip: 172.17.0.2, host: 70ca58e12b9b, ports: [REPLICATION=37737, RATIS=35095, RATIS_ADMIN=35095, RATIS_SERVER=35095, STANDALONE=41763], networkLocation: /default-rack, certSerialId: null, persistedOpState: IN_SERVICE, persistedOpStateExpiryEpochSec: 0}, Type:RATIS, Factor:THREE, State:OPEN, leaderId:7be7a3ee-2c60-4daa-92d5-fce366cccc9d, CreationTimestamp2021-03-17T02:10:43.795Z]
2021-03-17 02:11:20,332 [EventQueue-StaleNodeForStaleNodeHandler] INFO  pipeline.PipelineStateManager (PipelineStateManager.java:finalizePipeline(121)) - Pipeline Pipeline[ Id: 8e45f5d2-8210-4733-a569-37052fc88d07, Nodes: c22503ba-573b-463b-9e1c-de44cfeb847d{ip: 172.17.0.2, host: 70ca58e12b9b, ports: [REPLICATION=42099, RATIS=34901, RATIS_ADMIN=34901, RATIS_SERVER=34901, STANDALONE=45037], networkLocation: /default-rack, certSerialId: null, persistedOpState: IN_SERVICE, persistedOpStateExpiryEpochSec: 0}7be7a3ee-2c60-4daa-92d5-fce366cccc9d{ip: 172.17.0.2, host: 70ca58e12b9b, ports: [REPLICATION=41363, RATIS=39539, RATIS_ADMIN=39539, RATIS_SERVER=39539, STANDALONE=33895], networkLocation: /default-rack, certSerialId: null, persistedOpState: IN_SERVICE, persistedOpStateExpiryEpochSec: 0}13cb06b2-640f-4fce-af7e-e16c133353a1{ip: 172.17.0.2, host: 70ca58e12b9b, ports: [REPLICATION=37737, RATIS=35095, RATIS_ADMIN=35095, RATIS_SERVER=35095, STANDALONE=41763], networkLocation: /default-rack, certSerialId: null, persistedOpState: IN_SERVICE, persistedOpStateExpiryEpochSec: 0}, Type:RATIS, Factor:THREE, State:CLOSED, leaderId:7be7a3ee-2c60-4daa-92d5-fce366cccc9d, CreationTimestamp2021-03-17T02:10:43.795Z] moved to CLOSED state
2021-03-17 02:11:20,336 [EventQueue-StaleNodeForStaleNodeHandler] INFO  pipeline.SCMPipelineManager (SCMPipelineManager.java:finalizeAndDestroyPipeline(483)) - Destroying pipeline:Pipeline[ Id: c5eea603-c6ee-4af4-88ab-8ed7b52ccd89, Nodes: 7be7a3ee-2c60-4daa-92d5-fce366cccc9d{ip: 172.17.0.2, host: 70ca58e12b9b, ports: [REPLICATION=41363, RATIS=39539, RATIS_ADMIN=39539, RATIS_SERVER=39539, STANDALONE=33895], networkLocation: /default-rack, certSerialId: null, persistedOpState: IN_SERVICE, persistedOpStateExpiryEpochSec: 0}, Type:RATIS, Factor:ONE, State:OPEN, leaderId:7be7a3ee-2c60-4daa-92d5-fce366cccc9d, CreationTimestamp2021-03-17T02:10:14.619Z]
2021-03-17 02:11:20,336 [EventQueue-StaleNodeForStaleNodeHandler] INFO  pipeline.PipelineStateManager (PipelineStateManager.java:finalizePipeline(121)) - Pipeline Pipeline[ Id: c5eea603-c6ee-4af4-88ab-8ed7b52ccd89, Nodes: 7be7a3ee-2c60-4daa-92d5-fce366cccc9d{ip: 172.17.0.2, host: 70ca58e12b9b, ports: [REPLICATION=41363, RATIS=39539, RATIS_ADMIN=39539, RATIS_SERVER=39539, STANDALONE=33895], networkLocation: /default-rack, certSerialId: null, persistedOpState: IN_SERVICE, persistedOpStateExpiryEpochSec: 0}, Type:RATIS, Factor:ONE, State:CLOSED, leaderId:7be7a3ee-2c60-4daa-92d5-fce366cccc9d, CreationTimestamp2021-03-17T02:10:14.619Z] moved to CLOSED state
2021-03-17 02:11:20,337 [EventQueue-StaleNodeForStaleNodeHandler] INFO  pipeline.SCMPipelineManager (SCMPipelineManager.java:finalizeAndDestroyPipeline(483)) - Destroying pipeline:Pipeline[ Id: 9e161d5c-af13-4e41-81f9-8392a6716ddc, Nodes: 7be7a3ee-2c60-4daa-92d5-fce366cccc9d{ip: 172.17.0.2, host: 70ca58e12b9b, ports: [REPLICATION=41363, RATIS=39539, RATIS_ADMIN=39539, RATIS_SERVER=39539, STANDALONE=33895], networkLocation: /default-rack, certSerialId: null, persistedOpState: IN_SERVICE, persistedOpStateExpiryEpochSec: 0}c22503ba-573b-463b-9e1c-de44cfeb847d{ip: 172.17.0.2, host: 70ca58e12b9b, ports: [REPLICATION=42099, RATIS=34901, RATIS_ADMIN=34901, RATIS_SERVER=34901, STANDALONE=45037], networkLocation: /default-rack, certSerialId: null, persistedOpState: IN_SERVICE, persistedOpStateExpiryEpochSec: 0}13cb06b2-640f-4fce-af7e-e16c133353a1{ip: 172.17.0.2, host: 70ca58e12b9b, ports: [REPLICATION=37737, RATIS=35095, RATIS_ADMIN=35095, RATIS_SERVER=35095, STANDALONE=41763], networkLocation: /default-rack, certSerialId: null, persistedOpState: IN_SERVICE, persistedOpStateExpiryEpochSec: 0}, Type:RATIS, Factor:THREE, State:OPEN, leaderId:c22503ba-573b-463b-9e1c-de44cfeb847d, CreationTimestamp2021-03-17T02:10:43.794Z]
2021-03-17 02:11:20,337 [EventQueue-StaleNodeForStaleNodeHandler] INFO  pipeline.PipelineStateManager (PipelineStateManager.java:finalizePipeline(121)) - Pipeline Pipeline[ Id: 9e161d5c-af13-4e41-81f9-8392a6716ddc, Nodes: 7be7a3ee-2c60-4daa-92d5-fce366cccc9d{ip: 172.17.0.2, host: 70ca58e12b9b, ports: [REPLICATION=41363, RATIS=39539, RATIS_ADMIN=39539, RATIS_SERVER=39539, STANDALONE=33895], networkLocation: /default-rack, certSerialId: null, persistedOpState: IN_SERVICE, persistedOpStateExpiryEpochSec: 0}c22503ba-573b-463b-9e1c-de44cfeb847d{ip: 172.17.0.2, host: 70ca58e12b9b, ports: [REPLICATION=42099, RATIS=34901, RATIS_ADMIN=34901, RATIS_SERVER=34901, STANDALONE=45037], networkLocation: /default-rack, certSerialId: null, persistedOpState: IN_SERVICE, persistedOpStateExpiryEpochSec: 0}13cb06b2-640f-4fce-af7e-e16c133353a1{ip: 172.17.0.2, host: 70ca58e12b9b, ports: [REPLICATION=37737, RATIS=35095, RATIS_ADMIN=35095, RATIS_SERVER=35095, STANDALONE=41763], networkLocation: /default-rack, certSerialId: null, persistedOpState: IN_SERVICE, persistedOpStateExpiryEpochSec: 0}, Type:RATIS, Factor:THREE, State:CLOSED, leaderId:c22503ba-573b-463b-9e1c-de44cfeb847d, CreationTimestamp2021-03-17T02:10:43.794Z] moved to CLOSED state
2021-03-17 02:11:20,532 [EventQueue-StaleNodeForStaleNodeHandler] INFO  node.StaleNodeHandler (StaleNodeHandler.java:onMessage(58)) - Datanode 37b60bae-9d6d-40b8-9851-2e9be12703e9{ip: 172.17.0.2, host: 70ca58e12b9b, ports: [REPLICATION=41081, RATIS=46279, RATIS_ADMIN=46279, RATIS_SERVER=46279, STANDALONE=42859], networkLocation: /default-rack, certSerialId: null, persistedOpState: IN_SERVICE, persistedOpStateExpiryEpochSec: 0} moved to stale state. Finalizing its pipelines [PipelineID=bf048bff-8cd1-4cf6-83b3-2788439afc0c, PipelineID=eb7140b3-8d2d-4bc8-b775-7a770b342a66, PipelineID=50c93adb-4d03-4ae7-ad94-c25e8b788a8f]
2021-03-17 02:11:20,532 [EventQueue-StaleNodeForStaleNodeHandler] INFO  pipeline.SCMPipelineManager (SCMPipelineManager.java:finalizeAndDestroyPipeline(483)) - Destroying pipeline:Pipeline[ Id: bf048bff-8cd1-4cf6-83b3-2788439afc0c, Nodes: 37b60bae-9d6d-40b8-9851-2e9be12703e9{ip: 172.17.0.2, host: 70ca58e12b9b, ports: [REPLICATION=41081, RATIS=46279, RATIS_ADMIN=46279, RATIS_SERVER=46279, STANDALONE=42859], networkLocation: /default-rack, certSerialId: null, persistedOpState: IN_SERVICE, persistedOpStateExpiryEpochSec: 0}888dbe71-6008-4ebf-8f97-777673ccf37c{ip: 172.17.0.2, host: 70ca58e12b9b, ports: [REPLICATION=42049, RATIS=32769, RATIS_ADMIN=32769, RATIS_SERVER=32769, STANDALONE=40723], networkLocation: /default-rack, certSerialId: null, persistedOpState: IN_SERVICE, persistedOpStateExpiryEpochSec: 0}edc886fb-3392-4280-b977-eac73b957932{ip: 172.17.0.2, host: 70ca58e12b9b, ports: [REPLICATION=46347, RATIS=45405, RATIS_ADMIN=45405, RATIS_SERVER=45405, STANDALONE=36351], networkLocation: /default-rack, certSerialId: null, persistedOpState: IN_SERVICE, persistedOpStateExpiryEpochSec: 0}, Type:RATIS, Factor:THREE, State:OPEN, leaderId:37b60bae-9d6d-40b8-9851-2e9be12703e9, CreationTimestamp2021-03-17T02:10:15.465Z]
2021-03-17 02:11:20,532 [EventQueue-StaleNodeForStaleNodeHandler] INFO  pipeline.PipelineStateManager (PipelineStateManager.java:finalizePipeline(121)) - Pipeline Pipeline[ Id: bf048bff-8cd1-4cf6-83b3-2788439afc0c, Nodes: 37b60bae-9d6d-40b8-9851-2e9be12703e9{ip: 172.17.0.2, host: 70ca58e12b9b, ports: [REPLICATION=41081, RATIS=46279, RATIS_ADMIN=46279, RATIS_SERVER=46279, STANDALONE=42859], networkLocation: /default-rack, certSerialId: null, persistedOpState: IN_SERVICE, persistedOpStateExpiryEpochSec: 0}888dbe71-6008-4ebf-8f97-777673ccf37c{ip: 172.17.0.2, host: 70ca58e12b9b, ports: [REPLICATION=42049, RATIS=32769, RATIS_ADMIN=32769, RATIS_SERVER=32769, STANDALONE=40723], networkLocation: /default-rack, certSerialId: null, persistedOpState: IN_SERVICE, persistedOpStateExpiryEpochSec: 0}edc886fb-3392-4280-b977-eac73b957932{ip: 172.17.0.2, host: 70ca58e12b9b, ports: [REPLICATION=46347, RATIS=45405, RATIS_ADMIN=45405, RATIS_SERVER=45405, STANDALONE=36351], networkLocation: /default-rack, certSerialId: null, persistedOpState: IN_SERVICE, persistedOpStateExpiryEpochSec: 0}, Type:RATIS, Factor:THREE, State:CLOSED, leaderId:37b60bae-9d6d-40b8-9851-2e9be12703e9, CreationTimestamp2021-03-17T02:10:15.465Z] moved to CLOSED state
2021-03-17 02:11:20,533 [EventQueue-StaleNodeForStaleNodeHandler] INFO  pipeline.SCMPipelineManager (SCMPipelineManager.java:finalizeAndDestroyPipeline(483)) - Destroying pipeline:Pipeline[ Id: eb7140b3-8d2d-4bc8-b775-7a770b342a66, Nodes: edc886fb-3392-4280-b977-eac73b957932{ip: 172.17.0.2, host: 70ca58e12b9b, ports: [REPLICATION=46347, RATIS=45405, RATIS_ADMIN=45405, RATIS_SERVER=45405, STANDALONE=36351], networkLocation: /default-rack, certSerialId: null, persistedOpState: IN_SERVICE, persistedOpStateExpiryEpochSec: 0}888dbe71-6008-4ebf-8f97-777673ccf37c{ip: 172.17.0.2, host: 70ca58e12b9b, ports: [REPLICATION=42049, RATIS=32769, RATIS_ADMIN=32769, RATIS_SERVER=32769, STANDALONE=40723], networkLocation: /default-rack, certSerialId: null, persistedOpState: IN_SERVICE, persistedOpStateExpiryEpochSec: 0}37b60bae-9d6d-40b8-9851-2e9be12703e9{ip: 172.17.0.2, host: 70ca58e12b9b, ports: [REPLICATION=41081, RATIS=46279, RATIS_ADMIN=46279, RATIS_SERVER=46279, STANDALONE=42859], networkLocation: /default-rack, certSerialId: null, persistedOpState: IN_SERVICE, persistedOpStateExpiryEpochSec: 0}, Type:RATIS, Factor:THREE, State:OPEN, leaderId:edc886fb-3392-4280-b977-eac73b957932, CreationTimestamp2021-03-17T02:10:15.463Z]
2021-03-17 02:11:20,533 [EventQueue-StaleNodeForStaleNodeHandler] INFO  pipeline.PipelineStateManager (PipelineStateManager.java:finalizePipeline(121)) - Pipeline Pipeline[ Id: eb7140b3-8d2d-4bc8-b775-7a770b342a66, Nodes: edc886fb-3392-4280-b977-eac73b957932{ip: 172.17.0.2, host: 70ca58e12b9b, ports: [REPLICATION=46347, RATIS=45405, RATIS_ADMIN=45405, RATIS_SERVER=45405, STANDALONE=36351], networkLocation: /default-rack, certSerialId: null, persistedOpState: IN_SERVICE, persistedOpStateExpiryEpochSec: 0}888dbe71-6008-4ebf-8f97-777673ccf37c{ip: 172.17.0.2, host: 70ca58e12b9b, ports: [REPLICATION=42049, RATIS=32769, RATIS_ADMIN=32769, RATIS_SERVER=32769, STANDALONE=40723], networkLocation: /default-rack, certSerialId: null, persistedOpState: IN_SERVICE, persistedOpStateExpiryEpochSec: 0}37b60bae-9d6d-40b8-9851-2e9be12703e9{ip: 172.17.0.2, host: 70ca58e12b9b, ports: [REPLICATION=41081, RATIS=46279, RATIS_ADMIN=46279, RATIS_SERVER=46279, STANDALONE=42859], networkLocation: /default-rack, certSerialId: null, persistedOpState: IN_SERVICE, persistedOpStateExpiryEpochSec: 0}, Type:RATIS, Factor:THREE, State:CLOSED, leaderId:edc886fb-3392-4280-b977-eac73b957932, CreationTimestamp2021-03-17T02:10:15.463Z] moved to CLOSED state
2021-03-17 02:11:20,533 [EventQueue-StaleNodeForStaleNodeHandler] INFO  pipeline.SCMPipelineManager (SCMPipelineManager.java:finalizeAndDestroyPipeline(483)) - Destroying pipeline:Pipeline[ Id: 50c93adb-4d03-4ae7-ad94-c25e8b788a8f, Nodes: 37b60bae-9d6d-40b8-9851-2e9be12703e9{ip: 172.17.0.2, host: 70ca58e12b9b, ports: [REPLICATION=41081, RATIS=46279, RATIS_ADMIN=46279, RATIS_SERVER=46279, STANDALONE=42859], networkLocation: /default-rack, certSerialId: null, persistedOpState: IN_SERVICE, persistedOpStateExpiryEpochSec: 0}, Type:RATIS, Factor:ONE, State:OPEN, leaderId:37b60bae-9d6d-40b8-9851-2e9be12703e9, CreationTimestamp2021-03-17T02:10:15.286Z]
2021-03-17 02:11:20,533 [EventQueue-StaleNodeForStaleNodeHandler] INFO  pipeline.PipelineStateManager (PipelineStateManager.java:finalizePipeline(121)) - Pipeline Pipeline[ Id: 50c93adb-4d03-4ae7-ad94-c25e8b788a8f, Nodes: 37b60bae-9d6d-40b8-9851-2e9be12703e9{ip: 172.17.0.2, host: 70ca58e12b9b, ports: [REPLICATION=41081, RATIS=46279, RATIS_ADMIN=46279, RATIS_SERVER=46279, STANDALONE=42859], networkLocation: /default-rack, certSerialId: null, persistedOpState: IN_SERVICE, persistedOpStateExpiryEpochSec: 0}, Type:RATIS, Factor:ONE, State:CLOSED, leaderId:37b60bae-9d6d-40b8-9851-2e9be12703e9, CreationTimestamp2021-03-17T02:10:15.286Z] moved to CLOSED state
2021-03-17 02:11:20,995 [grpc-default-executor-1] WARN  server.GrpcLogAppender (LogUtils.java:warn(122)) - c22503ba-573b-463b-9e1c-de44cfeb847d@group-8392A6716DDC->7be7a3ee-2c60-4daa-92d5-fce366cccc9d-AppendLogResponseHandler: Failed appendEntries: org.apache.ratis.thirdparty.io.grpc.StatusRuntimeException: UNAVAILABLE: io exception
2021-03-17 02:11:20,995 [grpc-default-executor-1] WARN  server.GrpcLogAppender (GrpcLogAppender.java:resetClient(111)) - c22503ba-573b-463b-9e1c-de44cfeb847d@group-8392A6716DDC->7be7a3ee-2c60-4daa-92d5-fce366cccc9d-GrpcLogAppender: Leader has not got in touch with Follower c22503ba-573b-463b-9e1c-de44cfeb847d@group-8392A6716DDC->7be7a3ee-2c60-4daa-92d5-fce366cccc9d(c0,m0,n1, attendVote=true, lastRpcSendTime=2500, lastRpcResponseTime=7508) yet, just keep nextIndex unchanged and retry.
2021-03-17 02:11:21,016 [Listener at 127.0.0.1/40005] INFO  ozoneimpl.OzoneContainer (OzoneContainer.java:stop(273)) - Attempting to stop container services.
2021-03-17 02:11:21,017 [Listener at 127.0.0.1/40005] INFO  server.RaftServer (RaftServerProxy.java:lambda$close$6(391)) - edc886fb-3392-4280-b977-eac73b957932: close
2021-03-17 02:11:21,017 [Listener at 127.0.0.1/40005] INFO  server.RaftServer$Division (RaftServerImpl.java:lambda$close$4(406)) - edc886fb-3392-4280-b977-eac73b957932@group-2788439AFC0C: shutdown
2021-03-17 02:11:21,017 [Listener at 127.0.0.1/40005] INFO  util.JmxRegister (JmxRegister.java:unregister(73)) - Successfully un-registered JMX Bean with object name Ratis:service=RaftServer,group=group-2788439AFC0C,id=edc886fb-3392-4280-b977-eac73b957932
2021-03-17 02:11:21,017 [Listener at 127.0.0.1/40005] INFO  impl.RoleInfo (RoleInfo.java:shutdownFollowerState(108)) - edc886fb-3392-4280-b977-eac73b957932: shutdown edc886fb-3392-4280-b977-eac73b957932@group-2788439AFC0C-FollowerState
2021-03-17 02:11:21,017 [Listener at 127.0.0.1/40005] INFO  impl.StateMachineUpdater (StateMachineUpdater.java:stopAndJoin(148)) - edc886fb-3392-4280-b977-eac73b957932@group-2788439AFC0C-StateMachineUpdater: set stopIndex = 0
2021-03-17 02:11:21,017 [Thread-913] INFO  impl.FollowerState (FollowerState.java:run(142)) - edc886fb-3392-4280-b977-eac73b957932@group-2788439AFC0C-FollowerState was interrupted: {}
java.lang.InterruptedException: sleep interrupted
	at java.lang.Thread.sleep(Native Method)
	at java.lang.Thread.sleep(Thread.java:340)
	at java.util.concurrent.TimeUnit.sleep(TimeUnit.java:386)
	at org.apache.ratis.util.TimeDuration.sleep(TimeDuration.java:324)
	at org.apache.ratis.util.TimeDuration.sleep(TimeDuration.java:309)
	at org.apache.ratis.server.impl.FollowerState.run(FollowerState.java:117)
2021-03-17 02:11:21,017 [edc886fb-3392-4280-b977-eac73b957932@group-2788439AFC0C-StateMachineUpdater] INFO  ratis.ContainerStateMachine (ContainerStateMachine.java:takeSnapshot(291)) - group-2788439AFC0C: Taking a snapshot at:(t:1, i:0) file /github/workspace/mnt/ozone/hadoop-ozone/integration-test/target/test-dir/MiniOzoneClusterImpl-5543d78b-3109-4325-8e4d-d24bfba87b26/datanode-3/data/ratis/bf048bff-8cd1-4cf6-83b3-2788439afc0c/sm/snapshot.1_0
2021-03-17 02:11:21,018 [edc886fb-3392-4280-b977-eac73b957932@group-2788439AFC0C-StateMachineUpdater] INFO  ratis.ContainerStateMachine (ContainerStateMachine.java:takeSnapshot(302)) - group-2788439AFC0C: Finished taking a snapshot at:(t:1, i:0) file:/github/workspace/mnt/ozone/hadoop-ozone/integration-test/target/test-dir/MiniOzoneClusterImpl-5543d78b-3109-4325-8e4d-d24bfba87b26/datanode-3/data/ratis/bf048bff-8cd1-4cf6-83b3-2788439afc0c/sm/snapshot.1_0 took: 1 ms
2021-03-17 02:11:21,019 [edc886fb-3392-4280-b977-eac73b957932@group-2788439AFC0C-StateMachineUpdater] INFO  impl.StateMachineUpdater (StateMachineUpdater.java:takeSnapshot(279)) - edc886fb-3392-4280-b977-eac73b957932@group-2788439AFC0C-StateMachineUpdater: Took a snapshot at index 0
2021-03-17 02:11:21,019 [edc886fb-3392-4280-b977-eac73b957932@group-2788439AFC0C-StateMachineUpdater] INFO  impl.StateMachineUpdater (StateMachineUpdater.java:lambda$new$0(88)) - edc886fb-3392-4280-b977-eac73b957932@group-2788439AFC0C-StateMachineUpdater: snapshotIndex: updateIncreasingly -1 -> 0
2021-03-17 02:11:21,019 [edc886fb-3392-4280-b977-eac73b957932@group-2788439AFC0C-StateMachineUpdater] INFO  metrics.RatisMetrics (RatisMetrics.java:unregister(43)) - Unregistering Metrics Registry : ratis.state_machine.edc886fb-3392-4280-b977-eac73b957932@group-2788439AFC0C
2021-03-17 02:11:21,020 [Listener at 127.0.0.1/40005] INFO  server.RaftServer$Division (ServerState.java:close(405)) - edc886fb-3392-4280-b977-eac73b957932@group-2788439AFC0C: closes. applyIndex: 0
2021-03-17 02:11:21,021 [edc886fb-3392-4280-b977-eac73b957932@group-2788439AFC0C-SegmentedRaftLogWorker] INFO  segmented.SegmentedRaftLogWorker (SegmentedRaftLogWorker.java:run(326)) - edc886fb-3392-4280-b977-eac73b957932@group-2788439AFC0C-SegmentedRaftLogWorker was interrupted, exiting. There are 0 tasks remaining in the queue.
2021-03-17 02:11:21,021 [Listener at 127.0.0.1/40005] INFO  segmented.SegmentedRaftLogWorker (SegmentedRaftLogWorker.java:close(236)) - edc886fb-3392-4280-b977-eac73b957932@group-2788439AFC0C-SegmentedRaftLogWorker close()
2021-03-17 02:11:21,021 [Listener at 127.0.0.1/40005] INFO  metrics.RatisMetrics (RatisMetrics.java:unregister(43)) - Unregistering Metrics Registry : ratis.log_worker.edc886fb-3392-4280-b977-eac73b957932@group-2788439AFC0C
2021-03-17 02:11:21,021 [Listener at 127.0.0.1/40005] INFO  metrics.RatisMetrics (RatisMetrics.java:unregister(43)) - Unregistering Metrics Registry : ratis.leader_election.edc886fb-3392-4280-b977-eac73b957932@group-2788439AFC0C
2021-03-17 02:11:21,021 [Listener at 127.0.0.1/40005] INFO  metrics.RatisMetrics (RatisMetrics.java:unregister(43)) - Unregistering Metrics Registry : ratis.server.edc886fb-3392-4280-b977-eac73b957932@group-2788439AFC0C
2021-03-17 02:11:21,021 [Listener at 127.0.0.1/40005] INFO  server.RaftServer$Division (RaftServerImpl.java:lambda$close$4(406)) - edc886fb-3392-4280-b977-eac73b957932@group-0A288622836C: shutdown
2021-03-17 02:11:21,021 [Listener at 127.0.0.1/40005] INFO  util.JmxRegister (JmxRegister.java:unregister(73)) - Successfully un-registered JMX Bean with object name Ratis:service=RaftServer,group=group-0A288622836C,id=edc886fb-3392-4280-b977-eac73b957932
2021-03-17 02:11:21,022 [Listener at 127.0.0.1/40005] INFO  impl.RoleInfo (RoleInfo.java:shutdownLeaderState(91)) - edc886fb-3392-4280-b977-eac73b957932: shutdown edc886fb-3392-4280-b977-eac73b957932@group-0A288622836C-LeaderStateImpl
2021-03-17 02:11:21,022 [Listener at 127.0.0.1/40005] INFO  impl.PendingRequests (PendingRequests.java:sendNotLeaderResponses(249)) - edc886fb-3392-4280-b977-eac73b957932@group-0A288622836C-PendingRequests: sendNotLeaderResponses
2021-03-17 02:11:21,022 [Listener at 127.0.0.1/40005] INFO  metrics.RatisMetrics (RatisMetrics.java:unregister(43)) - Unregistering Metrics Registry : ratis.log_appender.edc886fb-3392-4280-b977-eac73b957932@group-0A288622836C
2021-03-17 02:11:21,022 [Listener at 127.0.0.1/40005] INFO  metrics.RatisMetrics (RatisMetrics.java:unregister(43)) - Unregistering Metrics Registry : ratis.server.edc886fb-3392-4280-b977-eac73b957932@group-0A288622836C
2021-03-17 02:11:21,023 [edc886fb-3392-4280-b977-eac73b957932@group-0A288622836C-StateMachineUpdater] INFO  ratis.ContainerStateMachine (ContainerStateMachine.java:takeSnapshot(291)) - group-0A288622836C: Taking a snapshot at:(t:1, i:0) file /github/workspace/mnt/ozone/hadoop-ozone/integration-test/target/test-dir/MiniOzoneClusterImpl-5543d78b-3109-4325-8e4d-d24bfba87b26/datanode-3/data/ratis/86f0d598-410f-4fb4-8830-0a288622836c/sm/snapshot.1_0
2021-03-17 02:11:21,024 [Listener at 127.0.0.1/40005] INFO  impl.StateMachineUpdater (StateMachineUpdater.java:stopAndJoin(148)) - edc886fb-3392-4280-b977-eac73b957932@group-0A288622836C-StateMachineUpdater: set stopIndex = 0
2021-03-17 02:11:21,024 [ForkJoinPool.commonPool-worker-1] INFO  ozoneimpl.OzoneContainer (OzoneContainer.java:stop(273)) - Attempting to stop container services.
2021-03-17 02:11:21,024 [edc886fb-3392-4280-b977-eac73b957932@group-0A288622836C-StateMachineUpdater] INFO  ratis.ContainerStateMachine (ContainerStateMachine.java:takeSnapshot(302)) - group-0A288622836C: Finished taking a snapshot at:(t:1, i:0) file:/github/workspace/mnt/ozone/hadoop-ozone/integration-test/target/test-dir/MiniOzoneClusterImpl-5543d78b-3109-4325-8e4d-d24bfba87b26/datanode-3/data/ratis/86f0d598-410f-4fb4-8830-0a288622836c/sm/snapshot.1_0 took: 2 ms
2021-03-17 02:11:21,024 [ForkJoinPool.commonPool-worker-1] INFO  server.RaftServer (RaftServerProxy.java:lambda$close$6(391)) - a3b22ff5-07c5-4717-894b-669982ee3e54: close
2021-03-17 02:11:21,024 [ForkJoinPool.commonPool-worker-1] INFO  server.RaftServer$Division (RaftServerImpl.java:lambda$close$4(406)) - a3b22ff5-07c5-4717-894b-669982ee3e54@group-8ECD2D945D0C: shutdown
2021-03-17 02:11:21,025 [ForkJoinPool.commonPool-worker-1] INFO  util.JmxRegister (JmxRegister.java:unregister(73)) - Successfully un-registered JMX Bean with object name Ratis:service=RaftServer,group=group-8ECD2D945D0C,id=a3b22ff5-07c5-4717-894b-669982ee3e54
2021-03-17 02:11:21,025 [ForkJoinPool.commonPool-worker-1] INFO  impl.RoleInfo (RoleInfo.java:shutdownLeaderState(91)) - a3b22ff5-07c5-4717-894b-669982ee3e54: shutdown a3b22ff5-07c5-4717-894b-669982ee3e54@group-8ECD2D945D0C-LeaderStateImpl
2021-03-17 02:11:21,025 [ForkJoinPool.commonPool-worker-1] INFO  impl.PendingRequests (PendingRequests.java:sendNotLeaderResponses(249)) - a3b22ff5-07c5-4717-894b-669982ee3e54@group-8ECD2D945D0C-PendingRequests: sendNotLeaderResponses
2021-03-17 02:11:21,025 [ForkJoinPool.commonPool-worker-1] INFO  metrics.RatisMetrics (RatisMetrics.java:unregister(43)) - Unregistering Metrics Registry : ratis.log_appender.a3b22ff5-07c5-4717-894b-669982ee3e54@group-8ECD2D945D0C
2021-03-17 02:11:21,025 [ForkJoinPool.commonPool-worker-1] INFO  metrics.RatisMetrics (RatisMetrics.java:unregister(43)) - Unregistering Metrics Registry : ratis.server.a3b22ff5-07c5-4717-894b-669982ee3e54@group-8ECD2D945D0C
2021-03-17 02:11:21,025 [ForkJoinPool.commonPool-worker-1] INFO  impl.StateMachineUpdater (StateMachineUpdater.java:stopAndJoin(148)) - a3b22ff5-07c5-4717-894b-669982ee3e54@group-8ECD2D945D0C-StateMachineUpdater: set stopIndex = 0
2021-03-17 02:11:21,026 [a3b22ff5-07c5-4717-894b-669982ee3e54@group-8ECD2D945D0C-StateMachineUpdater] INFO  ratis.ContainerStateMachine (ContainerStateMachine.java:takeSnapshot(291)) - group-8ECD2D945D0C: Taking a snapshot at:(t:1, i:0) file /github/workspace/mnt/ozone/hadoop-ozone/integration-test/target/test-dir/MiniOzoneClusterImpl-5543d78b-3109-4325-8e4d-d24bfba87b26/datanode-2/data/ratis/24b398cc-d6bc-4677-94f5-8ecd2d945d0c/sm/snapshot.1_0
2021-03-17 02:11:21,024 [edc886fb-3392-4280-b977-eac73b957932@group-0A288622836C-StateMachineUpdater] INFO  impl.StateMachineUpdater (StateMachineUpdater.java:takeSnapshot(279)) - edc886fb-3392-4280-b977-eac73b957932@group-0A288622836C-StateMachineUpdater: Took a snapshot at index 0
2021-03-17 02:11:21,026 [edc886fb-3392-4280-b977-eac73b957932@group-0A288622836C-StateMachineUpdater] INFO  impl.StateMachineUpdater (StateMachineUpdater.java:lambda$new$0(88)) - edc886fb-3392-4280-b977-eac73b957932@group-0A288622836C-StateMachineUpdater: snapshotIndex: updateIncreasingly -1 -> 0
2021-03-17 02:11:21,026 [edc886fb-3392-4280-b977-eac73b957932@group-0A288622836C-StateMachineUpdater] INFO  metrics.RatisMetrics (RatisMetrics.java:unregister(43)) - Unregistering Metrics Registry : ratis.state_machine.edc886fb-3392-4280-b977-eac73b957932@group-0A288622836C
2021-03-17 02:11:21,026 [Listener at 127.0.0.1/40005] INFO  server.RaftServer$Division (ServerState.java:close(405)) - edc886fb-3392-4280-b977-eac73b957932@group-0A288622836C: closes. applyIndex: 0
2021-03-17 02:11:21,026 [edc886fb-3392-4280-b977-eac73b957932@group-0A288622836C-SegmentedRaftLogWorker] INFO  segmented.SegmentedRaftLogWorker (SegmentedRaftLogWorker.java:run(326)) - edc886fb-3392-4280-b977-eac73b957932@group-0A288622836C-SegmentedRaftLogWorker was interrupted, exiting. There are 0 tasks remaining in the queue.
2021-03-17 02:11:21,027 [Listener at 127.0.0.1/40005] INFO  segmented.SegmentedRaftLogWorker (SegmentedRaftLogWorker.java:close(236)) - edc886fb-3392-4280-b977-eac73b957932@group-0A288622836C-SegmentedRaftLogWorker close()
2021-03-17 02:11:21,027 [Listener at 127.0.0.1/40005] INFO  metrics.RatisMetrics (RatisMetrics.java:unregister(43)) - Unregistering Metrics Registry : ratis.log_worker.edc886fb-3392-4280-b977-eac73b957932@group-0A288622836C
2021-03-17 02:11:21,027 [a3b22ff5-07c5-4717-894b-669982ee3e54@group-8ECD2D945D0C-StateMachineUpdater] INFO  ratis.ContainerStateMachine (ContainerStateMachine.java:takeSnapshot(302)) - group-8ECD2D945D0C: Finished taking a snapshot at:(t:1, i:0) file:/github/workspace/mnt/ozone/hadoop-ozone/integration-test/target/test-dir/MiniOzoneClusterImpl-5543d78b-3109-4325-8e4d-d24bfba87b26/datanode-2/data/ratis/24b398cc-d6bc-4677-94f5-8ecd2d945d0c/sm/snapshot.1_0 took: 1 ms
2021-03-17 02:11:21,027 [a3b22ff5-07c5-4717-894b-669982ee3e54@group-8ECD2D945D0C-StateMachineUpdater] INFO  impl.StateMachineUpdater (StateMachineUpdater.java:takeSnapshot(279)) - a3b22ff5-07c5-4717-894b-669982ee3e54@group-8ECD2D945D0C-StateMachineUpdater: Took a snapshot at index 0
2021-03-17 02:11:21,027 [a3b22ff5-07c5-4717-894b-669982ee3e54@group-8ECD2D945D0C-StateMachineUpdater] INFO  impl.StateMachineUpdater (StateMachineUpdater.java:lambda$new$0(88)) - a3b22ff5-07c5-4717-894b-669982ee3e54@group-8ECD2D945D0C-StateMachineUpdater: snapshotIndex: updateIncreasingly -1 -> 0
2021-03-17 02:11:21,027 [a3b22ff5-07c5-4717-894b-669982ee3e54@group-8ECD2D945D0C-StateMachineUpdater] INFO  metrics.RatisMetrics (RatisMetrics.java:unregister(43)) - Unregistering Metrics Registry : ratis.state_machine.a3b22ff5-07c5-4717-894b-669982ee3e54@group-8ECD2D945D0C
2021-03-17 02:11:21,028 [ForkJoinPool.commonPool-worker-1] INFO  server.RaftServer$Division (ServerState.java:close(405)) - a3b22ff5-07c5-4717-894b-669982ee3e54@group-8ECD2D945D0C: closes. applyIndex: 0
2021-03-17 02:11:21,028 [a3b22ff5-07c5-4717-894b-669982ee3e54@group-8ECD2D945D0C-SegmentedRaftLogWorker] INFO  segmented.SegmentedRaftLogWorker (SegmentedRaftLogWorker.java:run(326)) - a3b22ff5-07c5-4717-894b-669982ee3e54@group-8ECD2D945D0C-SegmentedRaftLogWorker was interrupted, exiting. There are 0 tasks remaining in the queue.
2021-03-17 02:11:21,027 [Listener at 127.0.0.1/40005] INFO  metrics.RatisMetrics (RatisMetrics.java:unregister(43)) - Unregistering Metrics Registry : ratis.leader_election.edc886fb-3392-4280-b977-eac73b957932@group-0A288622836C
2021-03-17 02:11:21,035 [Listener at 127.0.0.1/40005] INFO  metrics.RatisMetrics (RatisMetrics.java:unregister(43)) - Unregistering Metrics Registry : ratis.server.edc886fb-3392-4280-b977-eac73b957932@group-0A288622836C
2021-03-17 02:11:21,035 [Listener at 127.0.0.1/40005] INFO  server.RaftServer$Division (RaftServerImpl.java:lambda$close$4(406)) - edc886fb-3392-4280-b977-eac73b957932@group-7A770B342A66: shutdown
2021-03-17 02:11:21,035 [Listener at 127.0.0.1/40005] INFO  util.JmxRegister (JmxRegister.java:unregister(73)) - Successfully un-registered JMX Bean with object name Ratis:service=RaftServer,group=group-7A770B342A66,id=edc886fb-3392-4280-b977-eac73b957932
2021-03-17 02:11:21,035 [Listener at 127.0.0.1/40005] INFO  impl.RoleInfo (RoleInfo.java:shutdownLeaderState(91)) - edc886fb-3392-4280-b977-eac73b957932: shutdown edc886fb-3392-4280-b977-eac73b957932@group-7A770B342A66-LeaderStateImpl
2021-03-17 02:11:21,035 [Listener at 127.0.0.1/40005] INFO  metrics.RatisMetrics (RatisMetrics.java:unregister(43)) - Unregistering Metrics Registry : ratis_grpc.log_appender.edc886fb-3392-4280-b977-eac73b957932@group-7A770B342A66
2021-03-17 02:11:21,036 [edc886fb-3392-4280-b977-eac73b957932@group-7A770B342A66->888dbe71-6008-4ebf-8f97-777673ccf37c-GrpcLogAppender-LogAppenderDaemon] WARN  server.GrpcLogAppender (GrpcLogAppender.java:mayWait(175)) - edc886fb-3392-4280-b977-eac73b957932@group-7A770B342A66->888dbe71-6008-4ebf-8f97-777673ccf37c-GrpcLogAppender: Wait interrupted by java.lang.InterruptedException
2021-03-17 02:11:21,036 [grpc-default-executor-1] INFO  server.GrpcServerProtocolService (GrpcServerProtocolService.java:onCompleted(138)) - 888dbe71-6008-4ebf-8f97-777673ccf37c: Completed APPEND_ENTRIES, lastRequest: edc886fb-3392-4280-b977-eac73b957932->888dbe71-6008-4ebf-8f97-777673ccf37c#1-t2,previous=(t:0, i:0),leaderCommit=-1,initializing? true,entries: size=1, first=(t:2, i:0), CONFIGURATIONENTRY
2021-03-17 02:11:21,037 [Listener at 127.0.0.1/40005] INFO  metrics.RatisMetrics (RatisMetrics.java:unregister(43)) - Unregistering Metrics Registry : ratis_grpc.log_appender.edc886fb-3392-4280-b977-eac73b957932@group-7A770B342A66
2021-03-17 02:11:21,037 [Listener at 127.0.0.1/40005] INFO  impl.PendingRequests (PendingRequests.java:sendNotLeaderResponses(249)) - edc886fb-3392-4280-b977-eac73b957932@group-7A770B342A66-PendingRequests: sendNotLeaderResponses
2021-03-17 02:11:21,037 [Listener at 127.0.0.1/40005] INFO  metrics.RatisMetrics (RatisMetrics.java:unregister(43)) - Unregistering Metrics Registry : ratis.log_appender.edc886fb-3392-4280-b977-eac73b957932@group-7A770B342A66
2021-03-17 02:11:21,037 [grpc-default-executor-5] INFO  server.GrpcLogAppender (GrpcLogAppender.java:onCompleted(344)) - edc886fb-3392-4280-b977-eac73b957932@group-7A770B342A66->888dbe71-6008-4ebf-8f97-777673ccf37c-AppendLogResponseHandler: follower responses appendEntries COMPLETED
2021-03-17 02:11:21,037 [Listener at 127.0.0.1/40005] INFO  metrics.RatisMetrics (RatisMetrics.java:unregister(43)) - Unregistering Metrics Registry : ratis.server.edc886fb-3392-4280-b977-eac73b957932@group-7A770B342A66
2021-03-17 02:11:21,037 [grpc-default-executor-5] INFO  leader.FollowerInfo (FollowerInfoImpl.java:lambda$new$0(46)) - edc886fb-3392-4280-b977-eac73b957932@group-7A770B342A66->888dbe71-6008-4ebf-8f97-777673ccf37c: nextIndex: updateUnconditionally 1 -> 0
2021-03-17 02:11:21,038 [Listener at 127.0.0.1/40005] INFO  impl.StateMachineUpdater (StateMachineUpdater.java:stopAndJoin(148)) - edc886fb-3392-4280-b977-eac73b957932@group-7A770B342A66-StateMachineUpdater: set stopIndex = 0
2021-03-17 02:11:21,038 [edc886fb-3392-4280-b977-eac73b957932@group-7A770B342A66-StateMachineUpdater] INFO  ratis.ContainerStateMachine (ContainerStateMachine.java:takeSnapshot(291)) - group-7A770B342A66: Taking a snapshot at:(t:2, i:0) file /github/workspace/mnt/ozone/hadoop-ozone/integration-test/target/test-dir/MiniOzoneClusterImpl-5543d78b-3109-4325-8e4d-d24bfba87b26/datanode-3/data/ratis/eb7140b3-8d2d-4bc8-b775-7a770b342a66/sm/snapshot.2_0
2021-03-17 02:11:21,038 [edc886fb-3392-4280-b977-eac73b957932@group-7A770B342A66-StateMachineUpdater] INFO  ratis.ContainerStateMachine (ContainerStateMachine.java:takeSnapshot(302)) - group-7A770B342A66: Finished taking a snapshot at:(t:2, i:0) file:/github/workspace/mnt/ozone/hadoop-ozone/integration-test/target/test-dir/MiniOzoneClusterImpl-5543d78b-3109-4325-8e4d-d24bfba87b26/datanode-3/data/ratis/eb7140b3-8d2d-4bc8-b775-7a770b342a66/sm/snapshot.2_0 took: 1 ms
2021-03-17 02:11:21,039 [edc886fb-3392-4280-b977-eac73b957932@group-7A770B342A66-StateMachineUpdater] INFO  impl.StateMachineUpdater (StateMachineUpdater.java:takeSnapshot(279)) - edc886fb-3392-4280-b977-eac73b957932@group-7A770B342A66-StateMachineUpdater: Took a snapshot at index 0
2021-03-17 02:11:21,039 [edc886fb-3392-4280-b977-eac73b957932@group-7A770B342A66-StateMachineUpdater] INFO  impl.StateMachineUpdater (StateMachineUpdater.java:lambda$new$0(88)) - edc886fb-3392-4280-b977-eac73b957932@group-7A770B342A66-StateMachineUpdater: snapshotIndex: updateIncreasingly -1 -> 0
2021-03-17 02:11:21,039 [edc886fb-3392-4280-b977-eac73b957932@group-7A770B342A66-StateMachineUpdater] INFO  metrics.RatisMetrics (RatisMetrics.java:unregister(43)) - Unregistering Metrics Registry : ratis.state_machine.edc886fb-3392-4280-b977-eac73b957932@group-7A770B342A66
2021-03-17 02:11:21,039 [Listener at 127.0.0.1/40005] INFO  server.RaftServer$Division (ServerState.java:close(405)) - edc886fb-3392-4280-b977-eac73b957932@group-7A770B342A66: closes. applyIndex: 0
2021-03-17 02:11:21,039 [edc886fb-3392-4280-b977-eac73b957932@group-7A770B342A66-SegmentedRaftLogWorker] INFO  segmented.SegmentedRaftLogWorker (SegmentedRaftLogWorker.java:run(326)) - edc886fb-3392-4280-b977-eac73b957932@group-7A770B342A66-SegmentedRaftLogWorker was interrupted, exiting. There are 0 tasks remaining in the queue.
2021-03-17 02:11:21,039 [Listener at 127.0.0.1/40005] INFO  segmented.SegmentedRaftLogWorker (SegmentedRaftLogWorker.java:close(236)) - edc886fb-3392-4280-b977-eac73b957932@group-7A770B342A66-SegmentedRaftLogWorker close()
2021-03-17 02:11:21,040 [Listener at 127.0.0.1/40005] INFO  metrics.RatisMetrics (RatisMetrics.java:unregister(43)) - Unregistering Metrics Registry : ratis.log_worker.edc886fb-3392-4280-b977-eac73b957932@group-7A770B342A66
2021-03-17 02:11:21,040 [Listener at 127.0.0.1/40005] INFO  metrics.RatisMetrics (RatisMetrics.java:unregister(43)) - Unregistering Metrics Registry : ratis.leader_election.edc886fb-3392-4280-b977-eac73b957932@group-7A770B342A66
2021-03-17 02:11:21,040 [Listener at 127.0.0.1/40005] INFO  metrics.RatisMetrics (RatisMetrics.java:unregister(43)) - Unregistering Metrics Registry : ratis.server.edc886fb-3392-4280-b977-eac73b957932@group-7A770B342A66
2021-03-17 02:11:21,040 [Listener at 127.0.0.1/40005] INFO  server.GrpcService (GrpcService.java:closeImpl(262)) - edc886fb-3392-4280-b977-eac73b957932: shutdown server with port 45405 now
2021-03-17 02:11:21,041 [ForkJoinPool.commonPool-worker-1] INFO  segmented.SegmentedRaftLogWorker (SegmentedRaftLogWorker.java:close(236)) - a3b22ff5-07c5-4717-894b-669982ee3e54@group-8ECD2D945D0C-SegmentedRaftLogWorker close()
2021-03-17 02:11:21,060 [Listener at 127.0.0.1/40005] INFO  server.GrpcService (GrpcService.java:closeImpl(271)) - edc886fb-3392-4280-b977-eac73b957932: shutdown server with port 45405 successfully
2021-03-17 02:11:21,060 [org.apache.ratis.util.JvmPauseMonitor$$Lambda$504/521752898@2c2d81cc] INFO  util.JvmPauseMonitor (JvmPauseMonitor.java:run(109)) - JvmPauseMonitor-edc886fb-3392-4280-b977-eac73b957932: Stopped
2021-03-17 02:11:21,069 [Listener at 127.0.0.1/40005] INFO  utils.BackgroundService (BackgroundService.java:shutdown(132)) - Shutting down service BlockDeletingService
2021-03-17 02:11:21,073 [ForkJoinPool.commonPool-worker-1] INFO  metrics.RatisMetrics (RatisMetrics.java:unregister(43)) - Unregistering Metrics Registry : ratis.log_worker.a3b22ff5-07c5-4717-894b-669982ee3e54@group-8ECD2D945D0C
2021-03-17 02:11:21,073 [ForkJoinPool.commonPool-worker-1] INFO  metrics.RatisMetrics (RatisMetrics.java:unregister(43)) - Unregistering Metrics Registry : ratis.leader_election.a3b22ff5-07c5-4717-894b-669982ee3e54@group-8ECD2D945D0C
2021-03-17 02:11:21,073 [ForkJoinPool.commonPool-worker-1] INFO  metrics.RatisMetrics (RatisMetrics.java:unregister(43)) - Unregistering Metrics Registry : ratis.server.a3b22ff5-07c5-4717-894b-669982ee3e54@group-8ECD2D945D0C
2021-03-17 02:11:21,073 [ForkJoinPool.commonPool-worker-1] INFO  server.GrpcService (GrpcService.java:closeImpl(262)) - a3b22ff5-07c5-4717-894b-669982ee3e54: shutdown server with port 42689 now
2021-03-17 02:11:21,081 [ForkJoinPool.commonPool-worker-1] INFO  server.GrpcService (GrpcService.java:closeImpl(271)) - a3b22ff5-07c5-4717-894b-669982ee3e54: shutdown server with port 42689 successfully
2021-03-17 02:11:21,082 [org.apache.ratis.util.JvmPauseMonitor$$Lambda$504/521752898@7668e052] INFO  util.JvmPauseMonitor (JvmPauseMonitor.java:run(109)) - JvmPauseMonitor-a3b22ff5-07c5-4717-894b-669982ee3e54: Stopped
2021-03-17 02:11:21,094 [Listener at 127.0.0.1/40005] INFO  statemachine.DatanodeStateMachine (DatanodeStateMachine.java:stopDaemon(469)) - Ozone container server stopped.
2021-03-17 02:11:21,102 [Listener at 127.0.0.1/40005] INFO  handler.ContextHandler (ContextHandler.java:doStop(1154)) - Stopped o.e.j.w.WebAppContext@ea61ad7{hddsDatanode,/,null,STOPPED}{jar:file:/home/user/.m2/repository/org/apache/hadoop/hadoop-hdds-container-service/1.1.0-SNAPSHOT/hadoop-hdds-container-service-1.1.0-SNAPSHOT.jar!/webapps/hddsDatanode}
2021-03-17 02:11:21,110 [ForkJoinPool.commonPool-worker-1] INFO  utils.BackgroundService (BackgroundService.java:shutdown(132)) - Shutting down service BlockDeletingService
2021-03-17 02:11:21,116 [Listener at 127.0.0.1/40005] INFO  server.AbstractConnector (AbstractConnector.java:doStop(381)) - Stopped ServerConnector@23fb307b{HTTP/1.1, (http/1.1)}{0.0.0.0:0}
2021-03-17 02:11:21,116 [Listener at 127.0.0.1/40005] INFO  server.session (HouseKeeper.java:stopScavenging(149)) - node0 Stopped scavenging
2021-03-17 02:11:21,116 [Listener at 127.0.0.1/40005] INFO  handler.ContextHandler (ContextHandler.java:doStop(1154)) - Stopped o.e.j.s.ServletContextHandler@4230a27{static,/static,jar:file:/home/user/.m2/repository/org/apache/hadoop/hadoop-hdds-container-service/1.1.0-SNAPSHOT/hadoop-hdds-container-service-1.1.0-SNAPSHOT.jar!/webapps/static,STOPPED}
2021-03-17 02:11:21,118 [Listener at 127.0.0.1/40005] INFO  handler.ContextHandler (ContextHandler.java:doStop(1154)) - Stopped o.e.j.s.ServletContextHandler@60b09a4b{logs,/logs,file:///github/workspace/mnt/ozone/hadoop-ozone/integration-test/target/log,STOPPED}
2021-03-17 02:11:21,125 [ForkJoinPool.commonPool-worker-1] INFO  statemachine.DatanodeStateMachine (DatanodeStateMachine.java:stopDaemon(469)) - Ozone container server stopped.
2021-03-17 02:11:21,158 [ForkJoinPool.commonPool-worker-1] INFO  handler.ContextHandler (ContextHandler.java:doStop(1154)) - Stopped o.e.j.w.WebAppContext@277e17ee{hddsDatanode,/,null,STOPPED}{jar:file:/home/user/.m2/repository/org/apache/hadoop/hadoop-hdds-container-service/1.1.0-SNAPSHOT/hadoop-hdds-container-service-1.1.0-SNAPSHOT.jar!/webapps/hddsDatanode}
2021-03-17 02:11:21,159 [ForkJoinPool.commonPool-worker-1] INFO  server.AbstractConnector (AbstractConnector.java:doStop(381)) - Stopped ServerConnector@d2451f{HTTP/1.1, (http/1.1)}{0.0.0.0:39733}
2021-03-17 02:11:21,159 [ForkJoinPool.commonPool-worker-1] INFO  server.session (HouseKeeper.java:stopScavenging(149)) - node0 Stopped scavenging
2021-03-17 02:11:21,160 [ForkJoinPool.commonPool-worker-1] INFO  handler.ContextHandler (ContextHandler.java:doStop(1154)) - Stopped o.e.j.s.ServletContextHandler@141e9f2f{static,/static,jar:file:/home/user/.m2/repository/org/apache/hadoop/hadoop-hdds-container-service/1.1.0-SNAPSHOT/hadoop-hdds-container-service-1.1.0-SNAPSHOT.jar!/webapps/static,STOPPED}
2021-03-17 02:11:21,161 [ForkJoinPool.commonPool-worker-1] INFO  handler.ContextHandler (ContextHandler.java:doStop(1154)) - Stopped o.e.j.s.ServletContextHandler@303231fc{logs,/logs,file:///github/workspace/mnt/ozone/hadoop-ozone/integration-test/target/log,STOPPED}
2021-03-17 02:11:21,589 [Thread-1128] INFO  impl.FollowerState (FollowerState.java:run(133)) - c22503ba-573b-463b-9e1c-de44cfeb847d@group-37052FC88D07-FollowerState: change to CANDIDATE, lastRpcElapsedTime:7757090209ns, electionTimeout:5162ms
2021-03-17 02:11:21,590 [Thread-1128] INFO  impl.RoleInfo (RoleInfo.java:shutdownFollowerState(108)) - c22503ba-573b-463b-9e1c-de44cfeb847d: shutdown c22503ba-573b-463b-9e1c-de44cfeb847d@group-37052FC88D07-FollowerState
2021-03-17 02:11:21,590 [Thread-1128] INFO  server.RaftServer$Division (RaftServerImpl.java:setRole(284)) - c22503ba-573b-463b-9e1c-de44cfeb847d@group-37052FC88D07: changes role from  FOLLOWER to CANDIDATE at term 3 for changeToCandidate
2021-03-17 02:11:21,590 [Thread-1128] INFO  server.RaftServerConfigKeys (ConfUtils.java:logGet(44)) - raft.server.leaderelection.pre-vote = false (custom)
2021-03-17 02:11:21,590 [Thread-1128] INFO  impl.RoleInfo (RoleInfo.java:updateAndGet(130)) - c22503ba-573b-463b-9e1c-de44cfeb847d: start c22503ba-573b-463b-9e1c-de44cfeb847d@group-37052FC88D07-LeaderElection53
2021-03-17 02:11:21,593 [c22503ba-573b-463b-9e1c-de44cfeb847d@group-37052FC88D07-LeaderElection53] INFO  server.RaftServer$Division (ServerState.java:setLeader(271)) - c22503ba-573b-463b-9e1c-de44cfeb847d@group-37052FC88D07: change Leader from 7be7a3ee-2c60-4daa-92d5-fce366cccc9d to null at term 3 for ELECTION
2021-03-17 02:11:21,594 [c22503ba-573b-463b-9e1c-de44cfeb847d@group-37052FC88D07-LeaderElection53] INFO  impl.LeaderElection (LeaderElection.java:askForVotes(307)) - c22503ba-573b-463b-9e1c-de44cfeb847d@group-37052FC88D07-LeaderElection53 ELECTION round 0: submit vote requests at term 4 for 0: [c22503ba-573b-463b-9e1c-de44cfeb847d|rpc:172.17.0.2:34901|dataStream:|priority:0, 7be7a3ee-2c60-4daa-92d5-fce366cccc9d|rpc:172.17.0.2:39539|dataStream:|priority:1, 13cb06b2-640f-4fce-af7e-e16c133353a1|rpc:172.17.0.2:35095|dataStream:|priority:0], old=null
2021-03-17 02:11:21,595 [c22503ba-573b-463b-9e1c-de44cfeb847d@group-37052FC88D07-LeaderElection53] INFO  impl.LeaderElection (LogUtils.java:infoOrTrace(137)) - c22503ba-573b-463b-9e1c-de44cfeb847d@group-37052FC88D07-LeaderElection53 got exception when requesting votes: java.util.concurrent.ExecutionException: org.apache.ratis.thirdparty.io.grpc.StatusRuntimeException: UNAVAILABLE: io exception
2021-03-17 02:11:21,597 [grpc-default-executor-5] INFO  server.RaftServer$Division (RaftServerImpl.java:requestVote(1025)) - 13cb06b2-640f-4fce-af7e-e16c133353a1@group-37052FC88D07: receive requestVote(ELECTION, c22503ba-573b-463b-9e1c-de44cfeb847d, group-37052FC88D07, 4, (t:3, i:0))
2021-03-17 02:11:21,597 [grpc-default-executor-5] INFO  impl.VoteContext (VoteContext.java:log(48)) - 13cb06b2-640f-4fce-af7e-e16c133353a1@group-37052FC88D07-FOLLOWER: accept ELECTION from c22503ba-573b-463b-9e1c-de44cfeb847d: our priority 0 <= candidate's priority 0
2021-03-17 02:11:21,597 [grpc-default-executor-5] INFO  server.RaftServer$Division (ServerState.java:setLeader(271)) - 13cb06b2-640f-4fce-af7e-e16c133353a1@group-37052FC88D07: change Leader from 7be7a3ee-2c60-4daa-92d5-fce366cccc9d to null at term 4 for updateCurrentTerm
2021-03-17 02:11:21,597 [grpc-default-executor-5] INFO  server.RaftServer$Division (RaftServerImpl.java:setRole(284)) - 13cb06b2-640f-4fce-af7e-e16c133353a1@group-37052FC88D07: changes role from  FOLLOWER to FOLLOWER at term 4 for candidate:c22503ba-573b-463b-9e1c-de44cfeb847d
2021-03-17 02:11:21,597 [grpc-default-executor-5] INFO  impl.RoleInfo (RoleInfo.java:shutdownFollowerState(108)) - 13cb06b2-640f-4fce-af7e-e16c133353a1: shutdown 13cb06b2-640f-4fce-af7e-e16c133353a1@group-37052FC88D07-FollowerState
2021-03-17 02:11:21,597 [grpc-default-executor-5] INFO  impl.RoleInfo (RoleInfo.java:updateAndGet(130)) - 13cb06b2-640f-4fce-af7e-e16c133353a1: start 13cb06b2-640f-4fce-af7e-e16c133353a1@group-37052FC88D07-FollowerState
2021-03-17 02:11:21,597 [Thread-1133] INFO  impl.FollowerState (FollowerState.java:run(142)) - 13cb06b2-640f-4fce-af7e-e16c133353a1@group-37052FC88D07-FollowerState was interrupted: {}
java.lang.InterruptedException: sleep interrupted
	at java.lang.Thread.sleep(Native Method)
	at java.lang.Thread.sleep(Thread.java:340)
	at java.util.concurrent.TimeUnit.sleep(TimeUnit.java:386)
	at org.apache.ratis.util.TimeDuration.sleep(TimeDuration.java:324)
	at org.apache.ratis.util.TimeDuration.sleep(TimeDuration.java:309)
	at org.apache.ratis.server.impl.FollowerState.run(FollowerState.java:117)
2021-03-17 02:11:21,599 [grpc-default-executor-5] INFO  server.RaftServer$Division (RaftServerImpl.java:requestVote(1057)) - 13cb06b2-640f-4fce-af7e-e16c133353a1@group-37052FC88D07 replies to ELECTION vote request: c22503ba-573b-463b-9e1c-de44cfeb847d<-13cb06b2-640f-4fce-af7e-e16c133353a1#0:OK-t4. Peer's state: 13cb06b2-640f-4fce-af7e-e16c133353a1@group-37052FC88D07:t4, leader=null, voted=c22503ba-573b-463b-9e1c-de44cfeb847d, raftlog=13cb06b2-640f-4fce-af7e-e16c133353a1@group-37052FC88D07-SegmentedRaftLog:OPENED:c0,f0,i0, conf=0: [c22503ba-573b-463b-9e1c-de44cfeb847d|rpc:172.17.0.2:34901|dataStream:|priority:0, 7be7a3ee-2c60-4daa-92d5-fce366cccc9d|rpc:172.17.0.2:39539|dataStream:|priority:1, 13cb06b2-640f-4fce-af7e-e16c133353a1|rpc:172.17.0.2:35095|dataStream:|priority:0], old=null
2021-03-17 02:11:21,600 [c22503ba-573b-463b-9e1c-de44cfeb847d@group-37052FC88D07-LeaderElection53] INFO  impl.LeaderElection (LeaderElection.java:logAndReturn(89)) - c22503ba-573b-463b-9e1c-de44cfeb847d@group-37052FC88D07-LeaderElection53: ELECTION PASSED received 1 response(s) and 1 exception(s):
2021-03-17 02:11:21,600 [c22503ba-573b-463b-9e1c-de44cfeb847d@group-37052FC88D07-LeaderElection53] INFO  impl.LeaderElection (LeaderElection.java:logAndReturn(93)) -   Response 0: c22503ba-573b-463b-9e1c-de44cfeb847d<-13cb06b2-640f-4fce-af7e-e16c133353a1#0:OK-t4
2021-03-17 02:11:21,600 [c22503ba-573b-463b-9e1c-de44cfeb847d@group-37052FC88D07-LeaderElection53] INFO  impl.LeaderElection (LogUtils.java:infoOrTrace(137)) -   Exception 1: java.util.concurrent.ExecutionException: org.apache.ratis.thirdparty.io.grpc.StatusRuntimeException: UNAVAILABLE: io exception
2021-03-17 02:11:21,600 [c22503ba-573b-463b-9e1c-de44cfeb847d@group-37052FC88D07-LeaderElection53] INFO  impl.LeaderElection (LeaderElection.java:askForVotes(309)) - c22503ba-573b-463b-9e1c-de44cfeb847d@group-37052FC88D07-LeaderElection53 ELECTION round 0: result PASSED
2021-03-17 02:11:21,600 [c22503ba-573b-463b-9e1c-de44cfeb847d@group-37052FC88D07-LeaderElection53] INFO  impl.RoleInfo (RoleInfo.java:shutdownLeaderElection(121)) - c22503ba-573b-463b-9e1c-de44cfeb847d: shutdown c22503ba-573b-463b-9e1c-de44cfeb847d@group-37052FC88D07-LeaderElection53
2021-03-17 02:11:21,600 [c22503ba-573b-463b-9e1c-de44cfeb847d@group-37052FC88D07-LeaderElection53] INFO  server.RaftServer$Division (RaftServerImpl.java:setRole(284)) - c22503ba-573b-463b-9e1c-de44cfeb847d@group-37052FC88D07: changes role from CANDIDATE to LEADER at term 4 for changeToLeader
2021-03-17 02:11:21,600 [c22503ba-573b-463b-9e1c-de44cfeb847d@group-37052FC88D07-LeaderElection53] INFO  ratis.XceiverServerRatis (XceiverServerRatis.java:handleLeaderChangedNotification(899)) - Leader change notification received for group: group-37052FC88D07 with new leaderId: c22503ba-573b-463b-9e1c-de44cfeb847d
2021-03-17 02:11:21,600 [c22503ba-573b-463b-9e1c-de44cfeb847d@group-37052FC88D07-LeaderElection53] INFO  server.RaftServer$Division (ServerState.java:setLeader(271)) - c22503ba-573b-463b-9e1c-de44cfeb847d@group-37052FC88D07: change Leader from null to c22503ba-573b-463b-9e1c-de44cfeb847d at term 4 for becomeLeader, leader elected after 7ms
2021-03-17 02:11:21,600 [c22503ba-573b-463b-9e1c-de44cfeb847d@group-37052FC88D07-LeaderElection53] INFO  server.RaftServerConfigKeys (ConfUtils.java:logGet(44)) - raft.server.staging.catchup.gap = 1000 (default)
2021-03-17 02:11:21,600 [c22503ba-573b-463b-9e1c-de44cfeb847d@group-37052FC88D07-LeaderElection53] INFO  metrics.RatisMetrics (RatisMetrics.java:lambda$create$0(36)) - Creating Metrics Registry : ratis.log_appender.c22503ba-573b-463b-9e1c-de44cfeb847d@group-37052FC88D07
2021-03-17 02:11:21,600 [c22503ba-573b-463b-9e1c-de44cfeb847d@group-37052FC88D07-LeaderElection53] INFO  server.RaftServerConfigKeys (ConfUtils.java:logGet(44)) - raft.server.write.element-limit = 1024 (custom)
2021-03-17 02:11:21,600 [c22503ba-573b-463b-9e1c-de44cfeb847d@group-37052FC88D07-LeaderElection53] INFO  server.RaftServerConfigKeys (ConfUtils.java:logGet(44)) - raft.server.write.byte-limit = 1073741824 (custom)
2021-03-17 02:11:21,601 [c22503ba-573b-463b-9e1c-de44cfeb847d@group-37052FC88D07-LeaderElection53] INFO  server.RaftServerConfigKeys (ConfUtils.java:logGet(44)) - raft.server.watch.timeout = 3000ms (custom)
2021-03-17 02:11:21,601 [c22503ba-573b-463b-9e1c-de44cfeb847d@group-37052FC88D07-LeaderElection53] INFO  server.RaftServerConfigKeys (ConfUtils.java:logGet(44)) - raft.server.watch.timeout.denomination = 1s (default)
2021-03-17 02:11:21,601 [c22503ba-573b-463b-9e1c-de44cfeb847d@group-37052FC88D07-LeaderElection53] INFO  server.RaftServerConfigKeys (ConfUtils.java:logGet(44)) - raft.server.watch.element-limit = 65536 (default)
2021-03-17 02:11:21,601 [c22503ba-573b-463b-9e1c-de44cfeb847d@group-37052FC88D07-LeaderElection53] INFO  server.RaftServerConfigKeys (ConfUtils.java:logGet(44)) - raft.server.log.appender.snapshot.chunk.size.max = 16MB (=16777216) (default)
2021-03-17 02:11:21,601 [c22503ba-573b-463b-9e1c-de44cfeb847d@group-37052FC88D07-LeaderElection53] INFO  server.RaftServerConfigKeys (ConfUtils.java:logGet(44)) - raft.server.log.appender.buffer.byte-limit = 33554432 (custom)
2021-03-17 02:11:21,601 [c22503ba-573b-463b-9e1c-de44cfeb847d@group-37052FC88D07-LeaderElection53] INFO  server.RaftServerConfigKeys (ConfUtils.java:logGet(44)) - raft.server.log.appender.buffer.element-limit = 1 (custom)
2021-03-17 02:11:21,601 [c22503ba-573b-463b-9e1c-de44cfeb847d@group-37052FC88D07-LeaderElection53] INFO  grpc.GrpcConfigKeys (ConfUtils.java:logGet(44)) - raft.grpc.server.leader.outstanding.appends.max = 128 (default)
2021-03-17 02:11:21,601 [c22503ba-573b-463b-9e1c-de44cfeb847d@group-37052FC88D07-LeaderElection53] INFO  server.RaftServerConfigKeys (ConfUtils.java:logGet(44)) - raft.server.rpc.request.timeout = 3000ms (default)
2021-03-17 02:11:21,601 [c22503ba-573b-463b-9e1c-de44cfeb847d@group-37052FC88D07-LeaderElection53] INFO  server.RaftServerConfigKeys (ConfUtils.java:logGet(44)) - raft.server.log.appender.install.snapshot.enabled = false (custom)
2021-03-17 02:11:21,601 [c22503ba-573b-463b-9e1c-de44cfeb847d@group-37052FC88D07-LeaderElection53] INFO  metrics.RatisMetrics (RatisMetrics.java:lambda$create$0(36)) - Creating Metrics Registry : ratis_grpc.log_appender.c22503ba-573b-463b-9e1c-de44cfeb847d@group-37052FC88D07
2021-03-17 02:11:21,602 [Datanode State Machine Thread - 0] INFO  statemachine.DatanodeStateMachine (DatanodeStateMachine.java:lambda$startDaemon$0(411)) - Ozone container server started.
2021-03-17 02:11:21,602 [c22503ba-573b-463b-9e1c-de44cfeb847d@group-37052FC88D07-LeaderElection53] INFO  server.RaftServerConfigKeys (ConfUtils.java:logGet(44)) - raft.server.log.appender.snapshot.chunk.size.max = 16MB (=16777216) (default)
2021-03-17 02:11:21,603 [c22503ba-573b-463b-9e1c-de44cfeb847d@group-37052FC88D07-LeaderElection53] INFO  server.RaftServerConfigKeys (ConfUtils.java:logGet(44)) - raft.server.log.appender.buffer.byte-limit = 33554432 (custom)
2021-03-17 02:11:21,603 [c22503ba-573b-463b-9e1c-de44cfeb847d@group-37052FC88D07-LeaderElection53] INFO  server.RaftServerConfigKeys (ConfUtils.java:logGet(44)) - raft.server.log.appender.buffer.element-limit = 1 (custom)
2021-03-17 02:11:21,603 [c22503ba-573b-463b-9e1c-de44cfeb847d@group-37052FC88D07-LeaderElection53] INFO  grpc.GrpcConfigKeys (ConfUtils.java:logGet(44)) - raft.grpc.server.leader.outstanding.appends.max = 128 (default)
2021-03-17 02:11:21,603 [c22503ba-573b-463b-9e1c-de44cfeb847d@group-37052FC88D07-LeaderElection53] INFO  server.RaftServerConfigKeys (ConfUtils.java:logGet(44)) - raft.server.rpc.request.timeout = 3000ms (default)
2021-03-17 02:11:21,603 [c22503ba-573b-463b-9e1c-de44cfeb847d@group-37052FC88D07-LeaderElection53] INFO  server.RaftServerConfigKeys (ConfUtils.java:logGet(44)) - raft.server.log.appender.install.snapshot.enabled = false (custom)
2021-03-17 02:11:21,604 [c22503ba-573b-463b-9e1c-de44cfeb847d@group-37052FC88D07-LeaderElection53] INFO  impl.RoleInfo (RoleInfo.java:updateAndGet(130)) - c22503ba-573b-463b-9e1c-de44cfeb847d: start c22503ba-573b-463b-9e1c-de44cfeb847d@group-37052FC88D07-LeaderStateImpl
2021-03-17 02:11:21,604 [c22503ba-573b-463b-9e1c-de44cfeb847d@group-37052FC88D07-LeaderElection53] INFO  segmented.SegmentedRaftLogWorker (SegmentedRaftLogWorker.java:rollLogSegment(397)) - c22503ba-573b-463b-9e1c-de44cfeb847d@group-37052FC88D07-SegmentedRaftLogWorker: Rolling segment log-0_0 to index:0
2021-03-17 02:11:21,606 [c22503ba-573b-463b-9e1c-de44cfeb847d@group-37052FC88D07-SegmentedRaftLogWorker] INFO  segmented.SegmentedRaftLogWorker (SegmentedRaftLogWorker.java:execute(556)) - c22503ba-573b-463b-9e1c-de44cfeb847d@group-37052FC88D07-SegmentedRaftLogWorker: Rolled log segment from /github/workspace/mnt/ozone/hadoop-ozone/integration-test/target/test-dir/MiniOzoneClusterImpl-5543d78b-3109-4325-8e4d-d24bfba87b26/datanode-0/data/ratis/8e45f5d2-8210-4733-a569-37052fc88d07/current/log_inprogress_0 to /github/workspace/mnt/ozone/hadoop-ozone/integration-test/target/test-dir/MiniOzoneClusterImpl-5543d78b-3109-4325-8e4d-d24bfba87b26/datanode-0/data/ratis/8e45f5d2-8210-4733-a569-37052fc88d07/current/log_0-0
2021-03-17 02:11:21,608 [c22503ba-573b-463b-9e1c-de44cfeb847d@group-37052FC88D07-SegmentedRaftLogWorker] INFO  segmented.SegmentedRaftLogWorker (SegmentedRaftLogWorker.java:execute(599)) - c22503ba-573b-463b-9e1c-de44cfeb847d@group-37052FC88D07-SegmentedRaftLogWorker: created new log segment /github/workspace/mnt/ozone/hadoop-ozone/integration-test/target/test-dir/MiniOzoneClusterImpl-5543d78b-3109-4325-8e4d-d24bfba87b26/datanode-0/data/ratis/8e45f5d2-8210-4733-a569-37052fc88d07/current/log_inprogress_1
2021-03-17 02:11:21,619 [c22503ba-573b-463b-9e1c-de44cfeb847d@group-37052FC88D07-LeaderElection53] INFO  server.RaftServer$Division (ServerState.java:setRaftConf(373)) - c22503ba-573b-463b-9e1c-de44cfeb847d@group-37052FC88D07: set configuration 1: [c22503ba-573b-463b-9e1c-de44cfeb847d|rpc:172.17.0.2:34901|dataStream:|priority:0, 7be7a3ee-2c60-4daa-92d5-fce366cccc9d|rpc:172.17.0.2:39539|dataStream:|priority:1, 13cb06b2-640f-4fce-af7e-e16c133353a1|rpc:172.17.0.2:35095|dataStream:|priority:0], old=null
2021-03-17 02:11:21,621 [grpc-default-executor-1] INFO  ratis.XceiverServerRatis (XceiverServerRatis.java:handleLeaderChangedNotification(899)) - Leader change notification received for group: group-37052FC88D07 with new leaderId: c22503ba-573b-463b-9e1c-de44cfeb847d
2021-03-17 02:11:21,621 [grpc-default-executor-1] INFO  server.RaftServer$Division (ServerState.java:setLeader(271)) - 13cb06b2-640f-4fce-af7e-e16c133353a1@group-37052FC88D07: change Leader from null to c22503ba-573b-463b-9e1c-de44cfeb847d at term 4 for appendEntries, leader elected after 24ms
2021-03-17 02:11:21,626 [grpc-default-executor-5] WARN  server.GrpcLogAppender (LogUtils.java:warn(122)) - c22503ba-573b-463b-9e1c-de44cfeb847d@group-37052FC88D07->7be7a3ee-2c60-4daa-92d5-fce366cccc9d-AppendLogResponseHandler: Failed appendEntries: org.apache.ratis.thirdparty.io.grpc.StatusRuntimeException: UNAVAILABLE: io exception
2021-03-17 02:11:21,631 [grpc-default-executor-5] WARN  server.GrpcLogAppender (GrpcLogAppender.java:resetClient(111)) - c22503ba-573b-463b-9e1c-de44cfeb847d@group-37052FC88D07->7be7a3ee-2c60-4daa-92d5-fce366cccc9d-GrpcLogAppender: Leader has not got in touch with Follower c22503ba-573b-463b-9e1c-de44cfeb847d@group-37052FC88D07->7be7a3ee-2c60-4daa-92d5-fce366cccc9d(c-1,m0,n2, attendVote=true, lastRpcSendTime=4, lastRpcResponseTime=5230) yet, just keep nextIndex unchanged and retry.
2021-03-17 02:11:21,632 [grpc-default-executor-1] INFO  server.RaftServer$Division (ServerState.java:setRaftConf(373)) - 13cb06b2-640f-4fce-af7e-e16c133353a1@group-37052FC88D07: set configuration 1: [c22503ba-573b-463b-9e1c-de44cfeb847d|rpc:172.17.0.2:34901|dataStream:|priority:0, 7be7a3ee-2c60-4daa-92d5-fce366cccc9d|rpc:172.17.0.2:39539|dataStream:|priority:1, 13cb06b2-640f-4fce-af7e-e16c133353a1|rpc:172.17.0.2:35095|dataStream:|priority:0], old=null
2021-03-17 02:11:21,632 [grpc-default-executor-1] INFO  segmented.SegmentedRaftLogWorker (SegmentedRaftLogWorker.java:rollLogSegment(397)) - 13cb06b2-640f-4fce-af7e-e16c133353a1@group-37052FC88D07-SegmentedRaftLogWorker: Rolling segment log-0_0 to index:0
2021-03-17 02:11:21,634 [13cb06b2-640f-4fce-af7e-e16c133353a1@group-37052FC88D07-SegmentedRaftLogWorker] INFO  segmented.SegmentedRaftLogWorker (SegmentedRaftLogWorker.java:execute(556)) - 13cb06b2-640f-4fce-af7e-e16c133353a1@group-37052FC88D07-SegmentedRaftLogWorker: Rolled log segment from /github/workspace/mnt/ozone/hadoop-ozone/integration-test/target/test-dir/MiniOzoneClusterImpl-5543d78b-3109-4325-8e4d-d24bfba87b26/datanode-6/data/ratis/8e45f5d2-8210-4733-a569-37052fc88d07/current/log_inprogress_0 to /github/workspace/mnt/ozone/hadoop-ozone/integration-test/target/test-dir/MiniOzoneClusterImpl-5543d78b-3109-4325-8e4d-d24bfba87b26/datanode-6/data/ratis/8e45f5d2-8210-4733-a569-37052fc88d07/current/log_0-0
2021-03-17 02:11:21,637 [13cb06b2-640f-4fce-af7e-e16c133353a1@group-37052FC88D07-SegmentedRaftLogWorker] INFO  segmented.SegmentedRaftLogWorker (SegmentedRaftLogWorker.java:execute(599)) - 13cb06b2-640f-4fce-af7e-e16c133353a1@group-37052FC88D07-SegmentedRaftLogWorker: created new log segment /github/workspace/mnt/ozone/hadoop-ozone/integration-test/target/test-dir/MiniOzoneClusterImpl-5543d78b-3109-4325-8e4d-d24bfba87b26/datanode-6/data/ratis/8e45f5d2-8210-4733-a569-37052fc88d07/current/log_inprogress_1
2021-03-17 02:11:21,646 [grpc-default-executor-1] WARN  server.GrpcLogAppender (LogUtils.java:warn(122)) - c22503ba-573b-463b-9e1c-de44cfeb847d@group-37052FC88D07->7be7a3ee-2c60-4daa-92d5-fce366cccc9d-AppendLogResponseHandler: Failed appendEntries: org.apache.ratis.thirdparty.io.grpc.StatusRuntimeException: UNAVAILABLE: io exception
2021-03-17 02:11:21,647 [grpc-default-executor-1] WARN  server.GrpcLogAppender (GrpcLogAppender.java:resetClient(111)) - c22503ba-573b-463b-9e1c-de44cfeb847d@group-37052FC88D07->7be7a3ee-2c60-4daa-92d5-fce366cccc9d-GrpcLogAppender: Leader has not got in touch with Follower c22503ba-573b-463b-9e1c-de44cfeb847d@group-37052FC88D07->7be7a3ee-2c60-4daa-92d5-fce366cccc9d(c-1,m0,n3, attendVote=true, lastRpcSendTime=19, lastRpcResponseTime=5245) yet, just keep nextIndex unchanged and retry.
2021-03-17 02:11:22,081 [Datanode State Machine Thread - 0] INFO  statemachine.DatanodeStateMachine (DatanodeStateMachine.java:lambda$startDaemon$0(411)) - Ozone container server started.
2021-03-17 02:11:23,496 [grpc-default-executor-1] WARN  server.GrpcLogAppender (LogUtils.java:warn(122)) - c22503ba-573b-463b-9e1c-de44cfeb847d@group-8392A6716DDC->7be7a3ee-2c60-4daa-92d5-fce366cccc9d-AppendLogResponseHandler: Failed appendEntries: org.apache.ratis.thirdparty.io.grpc.StatusRuntimeException: UNAVAILABLE: io exception
2021-03-17 02:11:23,497 [grpc-default-executor-1] WARN  server.GrpcLogAppender (GrpcLogAppender.java:resetClient(111)) - c22503ba-573b-463b-9e1c-de44cfeb847d@group-8392A6716DDC->7be7a3ee-2c60-4daa-92d5-fce366cccc9d-GrpcLogAppender: Leader has not got in touch with Follower c22503ba-573b-463b-9e1c-de44cfeb847d@group-8392A6716DDC->7be7a3ee-2c60-4daa-92d5-fce366cccc9d(c0,m0,n1, attendVote=true, lastRpcSendTime=0, lastRpcResponseTime=10010) yet, just keep nextIndex unchanged and retry.
2021-03-17 02:11:24,148 [grpc-default-executor-1] WARN  server.GrpcLogAppender (LogUtils.java:warn(122)) - c22503ba-573b-463b-9e1c-de44cfeb847d@group-37052FC88D07->7be7a3ee-2c60-4daa-92d5-fce366cccc9d-AppendLogResponseHandler: Failed appendEntries: org.apache.ratis.thirdparty.io.grpc.StatusRuntimeException: UNAVAILABLE: io exception
2021-03-17 02:11:24,148 [grpc-default-executor-1] WARN  server.GrpcLogAppender (GrpcLogAppender.java:resetClient(111)) - c22503ba-573b-463b-9e1c-de44cfeb847d@group-37052FC88D07->7be7a3ee-2c60-4daa-92d5-fce366cccc9d-GrpcLogAppender: Leader has not got in touch with Follower c22503ba-573b-463b-9e1c-de44cfeb847d@group-37052FC88D07->7be7a3ee-2c60-4daa-92d5-fce366cccc9d(c-1,m0,n3, attendVote=true, lastRpcSendTime=2501, lastRpcResponseTime=7747) yet, just keep nextIndex unchanged and retry.
2021-03-17 02:11:24,325 [Thread-979] INFO  impl.FollowerState (FollowerState.java:run(133)) - 888dbe71-6008-4ebf-8f97-777673ccf37c@group-7A770B342A66-FollowerState: change to CANDIDATE, lastRpcElapsedTime:5750899913ns, electionTimeout:5189ms
2021-03-17 02:11:24,325 [Thread-979] INFO  impl.RoleInfo (RoleInfo.java:shutdownFollowerState(108)) - 888dbe71-6008-4ebf-8f97-777673ccf37c: shutdown 888dbe71-6008-4ebf-8f97-777673ccf37c@group-7A770B342A66-FollowerState
2021-03-17 02:11:24,325 [Thread-979] INFO  server.RaftServer$Division (RaftServerImpl.java:setRole(284)) - 888dbe71-6008-4ebf-8f97-777673ccf37c@group-7A770B342A66: changes role from  FOLLOWER to CANDIDATE at term 2 for changeToCandidate
2021-03-17 02:11:24,325 [Thread-979] INFO  server.RaftServerConfigKeys (ConfUtils.java:logGet(44)) - raft.server.leaderelection.pre-vote = false (custom)
2021-03-17 02:11:24,325 [Thread-979] INFO  impl.RoleInfo (RoleInfo.java:updateAndGet(130)) - 888dbe71-6008-4ebf-8f97-777673ccf37c: start 888dbe71-6008-4ebf-8f97-777673ccf37c@group-7A770B342A66-LeaderElection54
2021-03-17 02:11:24,334 [888dbe71-6008-4ebf-8f97-777673ccf37c@group-7A770B342A66-LeaderElection54] INFO  server.RaftServer$Division (ServerState.java:setLeader(271)) - 888dbe71-6008-4ebf-8f97-777673ccf37c@group-7A770B342A66: change Leader from edc886fb-3392-4280-b977-eac73b957932 to null at term 2 for ELECTION
2021-03-17 02:11:24,335 [888dbe71-6008-4ebf-8f97-777673ccf37c@group-7A770B342A66-LeaderElection54] INFO  impl.LeaderElection (LeaderElection.java:askForVotes(307)) - 888dbe71-6008-4ebf-8f97-777673ccf37c@group-7A770B342A66-LeaderElection54 ELECTION round 0: submit vote requests at term 3 for 0: [edc886fb-3392-4280-b977-eac73b957932|rpc:172.17.0.2:45405|dataStream:|priority:1, 888dbe71-6008-4ebf-8f97-777673ccf37c|rpc:172.17.0.2:32769|dataStream:|priority:0, 37b60bae-9d6d-40b8-9851-2e9be12703e9|rpc:172.17.0.2:46279|dataStream:|priority:0], old=null
2021-03-17 02:11:24,355 [888dbe71-6008-4ebf-8f97-777673ccf37c@group-7A770B342A66-LeaderElection54] INFO  impl.LeaderElection (LogUtils.java:infoOrTrace(137)) - 888dbe71-6008-4ebf-8f97-777673ccf37c@group-7A770B342A66-LeaderElection54 got exception when requesting votes: java.util.concurrent.ExecutionException: org.apache.ratis.thirdparty.io.grpc.StatusRuntimeException: UNAVAILABLE: io exception
2021-03-17 02:11:24,358 [888dbe71-6008-4ebf-8f97-777673ccf37c@group-7A770B342A66-LeaderElection54] INFO  impl.LeaderElection (LogUtils.java:infoOrTrace(137)) - 888dbe71-6008-4ebf-8f97-777673ccf37c@group-7A770B342A66-LeaderElection54 got exception when requesting votes: java.util.concurrent.ExecutionException: org.apache.ratis.thirdparty.io.grpc.StatusRuntimeException: UNAVAILABLE: io exception
2021-03-17 02:11:24,358 [888dbe71-6008-4ebf-8f97-777673ccf37c@group-7A770B342A66-LeaderElection54] INFO  impl.LeaderElection (LeaderElection.java:logAndReturn(89)) - 888dbe71-6008-4ebf-8f97-777673ccf37c@group-7A770B342A66-LeaderElection54: ELECTION REJECTED received 0 response(s) and 2 exception(s):
2021-03-17 02:11:24,358 [888dbe71-6008-4ebf-8f97-777673ccf37c@group-7A770B342A66-LeaderElection54] INFO  impl.LeaderElection (LogUtils.java:infoOrTrace(137)) -   Exception 0: java.util.concurrent.ExecutionException: org.apache.ratis.thirdparty.io.grpc.StatusRuntimeException: UNAVAILABLE: io exception
2021-03-17 02:11:24,358 [888dbe71-6008-4ebf-8f97-777673ccf37c@group-7A770B342A66-LeaderElection54] INFO  impl.LeaderElection (LogUtils.java:infoOrTrace(137)) -   Exception 1: java.util.concurrent.ExecutionException: org.apache.ratis.thirdparty.io.grpc.StatusRuntimeException: UNAVAILABLE: io exception
2021-03-17 02:11:24,358 [888dbe71-6008-4ebf-8f97-777673ccf37c@group-7A770B342A66-LeaderElection54] INFO  impl.LeaderElection (LeaderElection.java:askForVotes(309)) - 888dbe71-6008-4ebf-8f97-777673ccf37c@group-7A770B342A66-LeaderElection54 ELECTION round 0: result REJECTED
2021-03-17 02:11:24,358 [888dbe71-6008-4ebf-8f97-777673ccf37c@group-7A770B342A66-LeaderElection54] INFO  server.RaftServer$Division (RaftServerImpl.java:setRole(284)) - 888dbe71-6008-4ebf-8f97-777673ccf37c@group-7A770B342A66: changes role from CANDIDATE to FOLLOWER at term 3 for REJECTED
2021-03-17 02:11:24,358 [888dbe71-6008-4ebf-8f97-777673ccf37c@group-7A770B342A66-LeaderElection54] INFO  impl.RoleInfo (RoleInfo.java:shutdownLeaderElection(121)) - 888dbe71-6008-4ebf-8f97-777673ccf37c: shutdown 888dbe71-6008-4ebf-8f97-777673ccf37c@group-7A770B342A66-LeaderElection54
2021-03-17 02:11:24,358 [888dbe71-6008-4ebf-8f97-777673ccf37c@group-7A770B342A66-LeaderElection54] INFO  impl.RoleInfo (RoleInfo.java:updateAndGet(130)) - 888dbe71-6008-4ebf-8f97-777673ccf37c: start 888dbe71-6008-4ebf-8f97-777673ccf37c@group-7A770B342A66-FollowerState
2021-03-17 02:11:24,369 [Thread-914] INFO  impl.FollowerState (FollowerState.java:run(133)) - 888dbe71-6008-4ebf-8f97-777673ccf37c@group-2788439AFC0C-FollowerState: change to CANDIDATE, lastRpcElapsedTime:8462133091ns, electionTimeout:5076ms
2021-03-17 02:11:24,369 [Thread-914] INFO  impl.RoleInfo (RoleInfo.java:shutdownFollowerState(108)) - 888dbe71-6008-4ebf-8f97-777673ccf37c: shutdown 888dbe71-6008-4ebf-8f97-777673ccf37c@group-2788439AFC0C-FollowerState
2021-03-17 02:11:24,370 [Thread-914] INFO  server.RaftServer$Division (RaftServerImpl.java:setRole(284)) - 888dbe71-6008-4ebf-8f97-777673ccf37c@group-2788439AFC0C: changes role from  FOLLOWER to CANDIDATE at term 1 for changeToCandidate
2021-03-17 02:11:24,370 [Thread-914] INFO  server.RaftServerConfigKeys (ConfUtils.java:logGet(44)) - raft.server.leaderelection.pre-vote = false (custom)
2021-03-17 02:11:24,370 [Thread-914] INFO  impl.RoleInfo (RoleInfo.java:updateAndGet(130)) - 888dbe71-6008-4ebf-8f97-777673ccf37c: start 888dbe71-6008-4ebf-8f97-777673ccf37c@group-2788439AFC0C-LeaderElection55
2021-03-17 02:11:24,374 [888dbe71-6008-4ebf-8f97-777673ccf37c@group-2788439AFC0C-LeaderElection55] INFO  server.RaftServer$Division (ServerState.java:setLeader(271)) - 888dbe71-6008-4ebf-8f97-777673ccf37c@group-2788439AFC0C: change Leader from 37b60bae-9d6d-40b8-9851-2e9be12703e9 to null at term 1 for ELECTION
2021-03-17 02:11:24,375 [888dbe71-6008-4ebf-8f97-777673ccf37c@group-2788439AFC0C-LeaderElection55] INFO  impl.LeaderElection (LeaderElection.java:askForVotes(307)) - 888dbe71-6008-4ebf-8f97-777673ccf37c@group-2788439AFC0C-LeaderElection55 ELECTION round 0: submit vote requests at term 2 for 0: [edc886fb-3392-4280-b977-eac73b957932|rpc:172.17.0.2:45405|dataStream:|priority:0, 888dbe71-6008-4ebf-8f97-777673ccf37c|rpc:172.17.0.2:32769|dataStream:|priority:0, 37b60bae-9d6d-40b8-9851-2e9be12703e9|rpc:172.17.0.2:46279|dataStream:|priority:1], old=null
2021-03-17 02:11:24,396 [888dbe71-6008-4ebf-8f97-777673ccf37c@group-2788439AFC0C-LeaderElection55] INFO  impl.LeaderElection (LogUtils.java:infoOrTrace(137)) - 888dbe71-6008-4ebf-8f97-777673ccf37c@group-2788439AFC0C-LeaderElection55 got exception when requesting votes: java.util.concurrent.ExecutionException: org.apache.ratis.thirdparty.io.grpc.StatusRuntimeException: UNAVAILABLE: io exception
2021-03-17 02:11:24,397 [888dbe71-6008-4ebf-8f97-777673ccf37c@group-2788439AFC0C-LeaderElection55] INFO  impl.LeaderElection (LogUtils.java:infoOrTrace(137)) - 888dbe71-6008-4ebf-8f97-777673ccf37c@group-2788439AFC0C-LeaderElection55 got exception when requesting votes: java.util.concurrent.ExecutionException: org.apache.ratis.thirdparty.io.grpc.StatusRuntimeException: UNAVAILABLE: io exception
2021-03-17 02:11:24,397 [888dbe71-6008-4ebf-8f97-777673ccf37c@group-2788439AFC0C-LeaderElection55] INFO  impl.LeaderElection (LeaderElection.java:logAndReturn(89)) - 888dbe71-6008-4ebf-8f97-777673ccf37c@group-2788439AFC0C-LeaderElection55: ELECTION REJECTED received 0 response(s) and 2 exception(s):
2021-03-17 02:11:24,397 [888dbe71-6008-4ebf-8f97-777673ccf37c@group-2788439AFC0C-LeaderElection55] INFO  impl.LeaderElection (LogUtils.java:infoOrTrace(137)) -   Exception 0: java.util.concurrent.ExecutionException: org.apache.ratis.thirdparty.io.grpc.StatusRuntimeException: UNAVAILABLE: io exception
2021-03-17 02:11:24,397 [888dbe71-6008-4ebf-8f97-777673ccf37c@group-2788439AFC0C-LeaderElection55] INFO  impl.LeaderElection (LogUtils.java:infoOrTrace(137)) -   Exception 1: java.util.concurrent.ExecutionException: org.apache.ratis.thirdparty.io.grpc.StatusRuntimeException: UNAVAILABLE: io exception
2021-03-17 02:11:24,397 [888dbe71-6008-4ebf-8f97-777673ccf37c@group-2788439AFC0C-LeaderElection55] INFO  impl.LeaderElection (LeaderElection.java:askForVotes(309)) - 888dbe71-6008-4ebf-8f97-777673ccf37c@group-2788439AFC0C-LeaderElection55 ELECTION round 0: result REJECTED
2021-03-17 02:11:24,397 [888dbe71-6008-4ebf-8f97-777673ccf37c@group-2788439AFC0C-LeaderElection55] INFO  server.RaftServer$Division (RaftServerImpl.java:setRole(284)) - 888dbe71-6008-4ebf-8f97-777673ccf37c@group-2788439AFC0C: changes role from CANDIDATE to FOLLOWER at term 2 for REJECTED
2021-03-17 02:11:24,397 [888dbe71-6008-4ebf-8f97-777673ccf37c@group-2788439AFC0C-LeaderElection55] INFO  impl.RoleInfo (RoleInfo.java:shutdownLeaderElection(121)) - 888dbe71-6008-4ebf-8f97-777673ccf37c: shutdown 888dbe71-6008-4ebf-8f97-777673ccf37c@group-2788439AFC0C-LeaderElection55
2021-03-17 02:11:24,397 [888dbe71-6008-4ebf-8f97-777673ccf37c@group-2788439AFC0C-LeaderElection55] INFO  impl.RoleInfo (RoleInfo.java:updateAndGet(130)) - 888dbe71-6008-4ebf-8f97-777673ccf37c: start 888dbe71-6008-4ebf-8f97-777673ccf37c@group-2788439AFC0C-FollowerState
2021-03-17 02:11:25,444 [EventQueue-StaleNodeForStaleNodeHandler] INFO  node.StaleNodeHandler (StaleNodeHandler.java:onMessage(58)) - Datanode edc886fb-3392-4280-b977-eac73b957932{ip: 172.17.0.2, host: 70ca58e12b9b, ports: [REPLICATION=46347, RATIS=45405, RATIS_ADMIN=45405, RATIS_SERVER=45405, STANDALONE=36351], networkLocation: /default-rack, certSerialId: null, persistedOpState: IN_SERVICE, persistedOpStateExpiryEpochSec: 0} moved to stale state. Finalizing its pipelines [PipelineID=bf048bff-8cd1-4cf6-83b3-2788439afc0c, PipelineID=86f0d598-410f-4fb4-8830-0a288622836c, PipelineID=eb7140b3-8d2d-4bc8-b775-7a770b342a66]
2021-03-17 02:11:25,445 [EventQueue-StaleNodeForStaleNodeHandler] INFO  pipeline.SCMPipelineManager (SCMPipelineManager.java:finalizeAndDestroyPipeline(483)) - Destroying pipeline:Pipeline[ Id: bf048bff-8cd1-4cf6-83b3-2788439afc0c, Nodes: 37b60bae-9d6d-40b8-9851-2e9be12703e9{ip: 172.17.0.2, host: 70ca58e12b9b, ports: [REPLICATION=41081, RATIS=46279, RATIS_ADMIN=46279, RATIS_SERVER=46279, STANDALONE=42859], networkLocation: /default-rack, certSerialId: null, persistedOpState: IN_SERVICE, persistedOpStateExpiryEpochSec: 0}888dbe71-6008-4ebf-8f97-777673ccf37c{ip: 172.17.0.2, host: 70ca58e12b9b, ports: [REPLICATION=42049, RATIS=32769, RATIS_ADMIN=32769, RATIS_SERVER=32769, STANDALONE=40723], networkLocation: /default-rack, certSerialId: null, persistedOpState: IN_SERVICE, persistedOpStateExpiryEpochSec: 0}edc886fb-3392-4280-b977-eac73b957932{ip: 172.17.0.2, host: 70ca58e12b9b, ports: [REPLICATION=46347, RATIS=45405, RATIS_ADMIN=45405, RATIS_SERVER=45405, STANDALONE=36351], networkLocation: /default-rack, certSerialId: null, persistedOpState: IN_SERVICE, persistedOpStateExpiryEpochSec: 0}, Type:RATIS, Factor:THREE, State:CLOSED, leaderId:37b60bae-9d6d-40b8-9851-2e9be12703e9, CreationTimestamp2021-03-17T02:10:15.465Z]
2021-03-17 02:11:25,445 [EventQueue-StaleNodeForStaleNodeHandler] INFO  pipeline.SCMPipelineManager (SCMPipelineManager.java:finalizeAndDestroyPipeline(483)) - Destroying pipeline:Pipeline[ Id: 86f0d598-410f-4fb4-8830-0a288622836c, Nodes: edc886fb-3392-4280-b977-eac73b957932{ip: 172.17.0.2, host: 70ca58e12b9b, ports: [REPLICATION=46347, RATIS=45405, RATIS_ADMIN=45405, RATIS_SERVER=45405, STANDALONE=36351], networkLocation: /default-rack, certSerialId: null, persistedOpState: IN_SERVICE, persistedOpStateExpiryEpochSec: 0}, Type:RATIS, Factor:ONE, State:OPEN, leaderId:edc886fb-3392-4280-b977-eac73b957932, CreationTimestamp2021-03-17T02:10:15.087Z]
2021-03-17 02:11:25,445 [EventQueue-StaleNodeForStaleNodeHandler] INFO  pipeline.PipelineStateManager (PipelineStateManager.java:finalizePipeline(121)) - Pipeline Pipeline[ Id: 86f0d598-410f-4fb4-8830-0a288622836c, Nodes: edc886fb-3392-4280-b977-eac73b957932{ip: 172.17.0.2, host: 70ca58e12b9b, ports: [REPLICATION=46347, RATIS=45405, RATIS_ADMIN=45405, RATIS_SERVER=45405, STANDALONE=36351], networkLocation: /default-rack, certSerialId: null, persistedOpState: IN_SERVICE, persistedOpStateExpiryEpochSec: 0}, Type:RATIS, Factor:ONE, State:CLOSED, leaderId:edc886fb-3392-4280-b977-eac73b957932, CreationTimestamp2021-03-17T02:10:15.087Z] moved to CLOSED state
2021-03-17 02:11:25,446 [EventQueue-StaleNodeForStaleNodeHandler] INFO  pipeline.SCMPipelineManager (SCMPipelineManager.java:finalizeAndDestroyPipeline(483)) - Destroying pipeline:Pipeline[ Id: eb7140b3-8d2d-4bc8-b775-7a770b342a66, Nodes: edc886fb-3392-4280-b977-eac73b957932{ip: 172.17.0.2, host: 70ca58e12b9b, ports: [REPLICATION=46347, RATIS=45405, RATIS_ADMIN=45405, RATIS_SERVER=45405, STANDALONE=36351], networkLocation: /default-rack, certSerialId: null, persistedOpState: IN_SERVICE, persistedOpStateExpiryEpochSec: 0}888dbe71-6008-4ebf-8f97-777673ccf37c{ip: 172.17.0.2, host: 70ca58e12b9b, ports: [REPLICATION=42049, RATIS=32769, RATIS_ADMIN=32769, RATIS_SERVER=32769, STANDALONE=40723], networkLocation: /default-rack, certSerialId: null, persistedOpState: IN_SERVICE, persistedOpStateExpiryEpochSec: 0}37b60bae-9d6d-40b8-9851-2e9be12703e9{ip: 172.17.0.2, host: 70ca58e12b9b, ports: [REPLICATION=41081, RATIS=46279, RATIS_ADMIN=46279, RATIS_SERVER=46279, STANDALONE=42859], networkLocation: /default-rack, certSerialId: null, persistedOpState: IN_SERVICE, persistedOpStateExpiryEpochSec: 0}, Type:RATIS, Factor:THREE, State:CLOSED, leaderId:edc886fb-3392-4280-b977-eac73b957932, CreationTimestamp2021-03-17T02:10:15.463Z]
2021-03-17 02:11:25,997 [grpc-default-executor-1] WARN  server.GrpcLogAppender (LogUtils.java:warn(122)) - c22503ba-573b-463b-9e1c-de44cfeb847d@group-8392A6716DDC->7be7a3ee-2c60-4daa-92d5-fce366cccc9d-AppendLogResponseHandler: Failed appendEntries: org.apache.ratis.thirdparty.io.grpc.StatusRuntimeException: UNAVAILABLE: io exception
2021-03-17 02:11:25,998 [grpc-default-executor-1] WARN  server.GrpcLogAppender (GrpcLogAppender.java:resetClient(111)) - c22503ba-573b-463b-9e1c-de44cfeb847d@group-8392A6716DDC->7be7a3ee-2c60-4daa-92d5-fce366cccc9d-GrpcLogAppender: Leader has not got in touch with Follower c22503ba-573b-463b-9e1c-de44cfeb847d@group-8392A6716DDC->7be7a3ee-2c60-4daa-92d5-fce366cccc9d(c0,m0,n1, attendVote=true, lastRpcSendTime=2501, lastRpcResponseTime=12510) yet, just keep nextIndex unchanged and retry.
2021-03-17 02:11:26,045 [EventQueue-StaleNodeForStaleNodeHandler] INFO  node.StaleNodeHandler (StaleNodeHandler.java:onMessage(58)) - Datanode a3b22ff5-07c5-4717-894b-669982ee3e54{ip: 172.17.0.2, host: 70ca58e12b9b, ports: [REPLICATION=33345, RATIS=42689, RATIS_ADMIN=42689, RATIS_SERVER=42689, STANDALONE=37481], networkLocation: /default-rack, certSerialId: null, persistedOpState: IN_SERVICE, persistedOpStateExpiryEpochSec: 0} moved to stale state. Finalizing its pipelines [PipelineID=24b398cc-d6bc-4677-94f5-8ecd2d945d0c]
2021-03-17 02:11:26,045 [EventQueue-StaleNodeForStaleNodeHandler] INFO  pipeline.SCMPipelineManager (SCMPipelineManager.java:finalizeAndDestroyPipeline(483)) - Destroying pipeline:Pipeline[ Id: 24b398cc-d6bc-4677-94f5-8ecd2d945d0c, Nodes: a3b22ff5-07c5-4717-894b-669982ee3e54{ip: 172.17.0.2, host: 70ca58e12b9b, ports: [REPLICATION=33345, RATIS=42689, RATIS_ADMIN=42689, RATIS_SERVER=42689, STANDALONE=37481], networkLocation: /default-rack, certSerialId: null, persistedOpState: IN_SERVICE, persistedOpStateExpiryEpochSec: 0}, Type:RATIS, Factor:ONE, State:OPEN, leaderId:a3b22ff5-07c5-4717-894b-669982ee3e54, CreationTimestamp2021-03-17T02:11:09.920Z]
2021-03-17 02:11:26,045 [EventQueue-StaleNodeForStaleNodeHandler] INFO  pipeline.PipelineStateManager (PipelineStateManager.java:finalizePipeline(121)) - Pipeline Pipeline[ Id: 24b398cc-d6bc-4677-94f5-8ecd2d945d0c, Nodes: a3b22ff5-07c5-4717-894b-669982ee3e54{ip: 172.17.0.2, host: 70ca58e12b9b, ports: [REPLICATION=33345, RATIS=42689, RATIS_ADMIN=42689, RATIS_SERVER=42689, STANDALONE=37481], networkLocation: /default-rack, certSerialId: null, persistedOpState: IN_SERVICE, persistedOpStateExpiryEpochSec: 0}, Type:RATIS, Factor:ONE, State:CLOSED, leaderId:a3b22ff5-07c5-4717-894b-669982ee3e54, CreationTimestamp2021-03-17T02:11:09.920Z] moved to CLOSED state
2021-03-17 02:11:26,120 [Listener at 127.0.0.1/40005] INFO  ozoneimpl.OzoneContainer (OzoneContainer.java:stop(273)) - Attempting to stop container services.
2021-03-17 02:11:26,120 [Listener at 127.0.0.1/40005] INFO  server.RaftServer (RaftServerProxy.java:lambda$close$6(391)) - 13cb06b2-640f-4fce-af7e-e16c133353a1: close
2021-03-17 02:11:26,120 [Listener at 127.0.0.1/40005] INFO  server.RaftServer$Division (RaftServerImpl.java:lambda$close$4(406)) - 13cb06b2-640f-4fce-af7e-e16c133353a1@group-37052FC88D07: shutdown
2021-03-17 02:11:26,121 [Listener at 127.0.0.1/40005] INFO  util.JmxRegister (JmxRegister.java:unregister(73)) - Successfully un-registered JMX Bean with object name Ratis:service=RaftServer,group=group-37052FC88D07,id=13cb06b2-640f-4fce-af7e-e16c133353a1
2021-03-17 02:11:26,121 [Listener at 127.0.0.1/40005] INFO  impl.RoleInfo (RoleInfo.java:shutdownFollowerState(108)) - 13cb06b2-640f-4fce-af7e-e16c133353a1: shutdown 13cb06b2-640f-4fce-af7e-e16c133353a1@group-37052FC88D07-FollowerState
2021-03-17 02:11:26,121 [Listener at 127.0.0.1/40005] INFO  impl.StateMachineUpdater (StateMachineUpdater.java:stopAndJoin(148)) - 13cb06b2-640f-4fce-af7e-e16c133353a1@group-37052FC88D07-StateMachineUpdater: set stopIndex = 2
2021-03-17 02:11:26,121 [Thread-1233] INFO  impl.FollowerState (FollowerState.java:run(142)) - 13cb06b2-640f-4fce-af7e-e16c133353a1@group-37052FC88D07-FollowerState was interrupted: {}
java.lang.InterruptedException: sleep interrupted
	at java.lang.Thread.sleep(Native Method)
	at java.lang.Thread.sleep(Thread.java:340)
	at java.util.concurrent.TimeUnit.sleep(TimeUnit.java:386)
	at org.apache.ratis.util.TimeDuration.sleep(TimeDuration.java:324)
	at org.apache.ratis.util.TimeDuration.sleep(TimeDuration.java:309)
	at org.apache.ratis.server.impl.FollowerState.run(FollowerState.java:117)
2021-03-17 02:11:26,121 [13cb06b2-640f-4fce-af7e-e16c133353a1@group-37052FC88D07-StateMachineUpdater] INFO  ratis.ContainerStateMachine (ContainerStateMachine.java:takeSnapshot(291)) - group-37052FC88D07: Taking a snapshot at:(t:4, i:2) file /github/workspace/mnt/ozone/hadoop-ozone/integration-test/target/test-dir/MiniOzoneClusterImpl-5543d78b-3109-4325-8e4d-d24bfba87b26/datanode-6/data/ratis/8e45f5d2-8210-4733-a569-37052fc88d07/sm/snapshot.4_2
2021-03-17 02:11:26,122 [13cb06b2-640f-4fce-af7e-e16c133353a1@group-37052FC88D07-StateMachineUpdater] INFO  ratis.ContainerStateMachine (ContainerStateMachine.java:takeSnapshot(302)) - group-37052FC88D07: Finished taking a snapshot at:(t:4, i:2) file:/github/workspace/mnt/ozone/hadoop-ozone/integration-test/target/test-dir/MiniOzoneClusterImpl-5543d78b-3109-4325-8e4d-d24bfba87b26/datanode-6/data/ratis/8e45f5d2-8210-4733-a569-37052fc88d07/sm/snapshot.4_2 took: 0 ms
2021-03-17 02:11:26,122 [13cb06b2-640f-4fce-af7e-e16c133353a1@group-37052FC88D07-StateMachineUpdater] INFO  impl.StateMachineUpdater (StateMachineUpdater.java:takeSnapshot(279)) - 13cb06b2-640f-4fce-af7e-e16c133353a1@group-37052FC88D07-StateMachineUpdater: Took a snapshot at index 2
2021-03-17 02:11:26,122 [13cb06b2-640f-4fce-af7e-e16c133353a1@group-37052FC88D07-StateMachineUpdater] INFO  impl.StateMachineUpdater (StateMachineUpdater.java:lambda$new$0(88)) - 13cb06b2-640f-4fce-af7e-e16c133353a1@group-37052FC88D07-StateMachineUpdater: snapshotIndex: updateIncreasingly -1 -> 2
2021-03-17 02:11:26,122 [13cb06b2-640f-4fce-af7e-e16c133353a1@group-37052FC88D07-StateMachineUpdater] INFO  metrics.RatisMetrics (RatisMetrics.java:unregister(43)) - Unregistering Metrics Registry : ratis.state_machine.13cb06b2-640f-4fce-af7e-e16c133353a1@group-37052FC88D07
2021-03-17 02:11:26,123 [Listener at 127.0.0.1/40005] INFO  server.RaftServer$Division (ServerState.java:close(405)) - 13cb06b2-640f-4fce-af7e-e16c133353a1@group-37052FC88D07: closes. applyIndex: 2
2021-03-17 02:11:26,123 [13cb06b2-640f-4fce-af7e-e16c133353a1@group-37052FC88D07-SegmentedRaftLogWorker] INFO  segmented.SegmentedRaftLogWorker (SegmentedRaftLogWorker.java:run(326)) - 13cb06b2-640f-4fce-af7e-e16c133353a1@group-37052FC88D07-SegmentedRaftLogWorker was interrupted, exiting. There are 0 tasks remaining in the queue.
2021-03-17 02:11:26,127 [Listener at 127.0.0.1/40005] INFO  segmented.SegmentedRaftLogWorker (SegmentedRaftLogWorker.java:close(236)) - 13cb06b2-640f-4fce-af7e-e16c133353a1@group-37052FC88D07-SegmentedRaftLogWorker close()
2021-03-17 02:11:26,127 [Listener at 127.0.0.1/40005] INFO  metrics.RatisMetrics (RatisMetrics.java:unregister(43)) - Unregistering Metrics Registry : ratis.log_worker.13cb06b2-640f-4fce-af7e-e16c133353a1@group-37052FC88D07
2021-03-17 02:11:26,127 [Listener at 127.0.0.1/40005] INFO  metrics.RatisMetrics (RatisMetrics.java:unregister(43)) - Unregistering Metrics Registry : ratis.leader_election.13cb06b2-640f-4fce-af7e-e16c133353a1@group-37052FC88D07
2021-03-17 02:11:26,128 [Listener at 127.0.0.1/40005] INFO  metrics.RatisMetrics (RatisMetrics.java:unregister(43)) - Unregistering Metrics Registry : ratis.server.13cb06b2-640f-4fce-af7e-e16c133353a1@group-37052FC88D07
2021-03-17 02:11:26,128 [Listener at 127.0.0.1/40005] INFO  server.RaftServer$Division (RaftServerImpl.java:lambda$close$4(406)) - 13cb06b2-640f-4fce-af7e-e16c133353a1@group-025AD1A9A4D3: shutdown
2021-03-17 02:11:26,128 [Listener at 127.0.0.1/40005] INFO  util.JmxRegister (JmxRegister.java:unregister(73)) - Successfully un-registered JMX Bean with object name Ratis:service=RaftServer,group=group-025AD1A9A4D3,id=13cb06b2-640f-4fce-af7e-e16c133353a1
2021-03-17 02:11:26,128 [Listener at 127.0.0.1/40005] INFO  impl.RoleInfo (RoleInfo.java:shutdownLeaderState(91)) - 13cb06b2-640f-4fce-af7e-e16c133353a1: shutdown 13cb06b2-640f-4fce-af7e-e16c133353a1@group-025AD1A9A4D3-LeaderStateImpl
2021-03-17 02:11:26,128 [Listener at 127.0.0.1/40005] INFO  impl.PendingRequests (PendingRequests.java:sendNotLeaderResponses(249)) - 13cb06b2-640f-4fce-af7e-e16c133353a1@group-025AD1A9A4D3-PendingRequests: sendNotLeaderResponses
2021-03-17 02:11:26,128 [Listener at 127.0.0.1/40005] INFO  metrics.RatisMetrics (RatisMetrics.java:unregister(43)) - Unregistering Metrics Registry : ratis.log_appender.13cb06b2-640f-4fce-af7e-e16c133353a1@group-025AD1A9A4D3
2021-03-17 02:11:26,128 [Listener at 127.0.0.1/40005] INFO  metrics.RatisMetrics (RatisMetrics.java:unregister(43)) - Unregistering Metrics Registry : ratis.server.13cb06b2-640f-4fce-af7e-e16c133353a1@group-025AD1A9A4D3
2021-03-17 02:11:26,129 [13cb06b2-640f-4fce-af7e-e16c133353a1@group-025AD1A9A4D3-StateMachineUpdater] INFO  ratis.ContainerStateMachine (ContainerStateMachine.java:takeSnapshot(291)) - group-025AD1A9A4D3: Taking a snapshot at:(t:1, i:0) file /github/workspace/mnt/ozone/hadoop-ozone/integration-test/target/test-dir/MiniOzoneClusterImpl-5543d78b-3109-4325-8e4d-d24bfba87b26/datanode-6/data/ratis/55f7e9b5-0534-4489-a221-025ad1a9a4d3/sm/snapshot.1_0
2021-03-17 02:11:26,129 [Listener at 127.0.0.1/40005] INFO  impl.StateMachineUpdater (StateMachineUpdater.java:stopAndJoin(148)) - 13cb06b2-640f-4fce-af7e-e16c133353a1@group-025AD1A9A4D3-StateMachineUpdater: set stopIndex = 0
2021-03-17 02:11:26,130 [13cb06b2-640f-4fce-af7e-e16c133353a1@group-025AD1A9A4D3-StateMachineUpdater] INFO  ratis.ContainerStateMachine (ContainerStateMachine.java:takeSnapshot(302)) - group-025AD1A9A4D3: Finished taking a snapshot at:(t:1, i:0) file:/github/workspace/mnt/ozone/hadoop-ozone/integration-test/target/test-dir/MiniOzoneClusterImpl-5543d78b-3109-4325-8e4d-d24bfba87b26/datanode-6/data/ratis/55f7e9b5-0534-4489-a221-025ad1a9a4d3/sm/snapshot.1_0 took: 0 ms
2021-03-17 02:11:26,130 [13cb06b2-640f-4fce-af7e-e16c133353a1@group-025AD1A9A4D3-StateMachineUpdater] INFO  impl.StateMachineUpdater (StateMachineUpdater.java:takeSnapshot(279)) - 13cb06b2-640f-4fce-af7e-e16c133353a1@group-025AD1A9A4D3-StateMachineUpdater: Took a snapshot at index 0
2021-03-17 02:11:26,130 [13cb06b2-640f-4fce-af7e-e16c133353a1@group-025AD1A9A4D3-StateMachineUpdater] INFO  impl.StateMachineUpdater (StateMachineUpdater.java:lambda$new$0(88)) - 13cb06b2-640f-4fce-af7e-e16c133353a1@group-025AD1A9A4D3-StateMachineUpdater: snapshotIndex: updateIncreasingly -1 -> 0
2021-03-17 02:11:26,130 [13cb06b2-640f-4fce-af7e-e16c133353a1@group-025AD1A9A4D3-StateMachineUpdater] INFO  metrics.RatisMetrics (RatisMetrics.java:unregister(43)) - Unregistering Metrics Registry : ratis.state_machine.13cb06b2-640f-4fce-af7e-e16c133353a1@group-025AD1A9A4D3
2021-03-17 02:11:26,130 [Listener at 127.0.0.1/40005] INFO  server.RaftServer$Division (ServerState.java:close(405)) - 13cb06b2-640f-4fce-af7e-e16c133353a1@group-025AD1A9A4D3: closes. applyIndex: 0
2021-03-17 02:11:26,131 [13cb06b2-640f-4fce-af7e-e16c133353a1@group-025AD1A9A4D3-SegmentedRaftLogWorker] INFO  segmented.SegmentedRaftLogWorker (SegmentedRaftLogWorker.java:run(326)) - 13cb06b2-640f-4fce-af7e-e16c133353a1@group-025AD1A9A4D3-SegmentedRaftLogWorker was interrupted, exiting. There are 0 tasks remaining in the queue.
2021-03-17 02:11:26,131 [Listener at 127.0.0.1/40005] INFO  segmented.SegmentedRaftLogWorker (SegmentedRaftLogWorker.java:close(236)) - 13cb06b2-640f-4fce-af7e-e16c133353a1@group-025AD1A9A4D3-SegmentedRaftLogWorker close()
2021-03-17 02:11:26,131 [Listener at 127.0.0.1/40005] INFO  metrics.RatisMetrics (RatisMetrics.java:unregister(43)) - Unregistering Metrics Registry : ratis.log_worker.13cb06b2-640f-4fce-af7e-e16c133353a1@group-025AD1A9A4D3
2021-03-17 02:11:26,131 [Listener at 127.0.0.1/40005] INFO  metrics.RatisMetrics (RatisMetrics.java:unregister(43)) - Unregistering Metrics Registry : ratis.leader_election.13cb06b2-640f-4fce-af7e-e16c133353a1@group-025AD1A9A4D3
2021-03-17 02:11:26,132 [Listener at 127.0.0.1/40005] INFO  metrics.RatisMetrics (RatisMetrics.java:unregister(43)) - Unregistering Metrics Registry : ratis.server.13cb06b2-640f-4fce-af7e-e16c133353a1@group-025AD1A9A4D3
2021-03-17 02:11:26,132 [Listener at 127.0.0.1/40005] INFO  server.RaftServer$Division (RaftServerImpl.java:lambda$close$4(406)) - 13cb06b2-640f-4fce-af7e-e16c133353a1@group-8392A6716DDC: shutdown
2021-03-17 02:11:26,132 [Listener at 127.0.0.1/40005] INFO  util.JmxRegister (JmxRegister.java:unregister(73)) - Successfully un-registered JMX Bean with object name Ratis:service=RaftServer,group=group-8392A6716DDC,id=13cb06b2-640f-4fce-af7e-e16c133353a1
2021-03-17 02:11:26,132 [Listener at 127.0.0.1/40005] INFO  impl.RoleInfo (RoleInfo.java:shutdownFollowerState(108)) - 13cb06b2-640f-4fce-af7e-e16c133353a1: shutdown 13cb06b2-640f-4fce-af7e-e16c133353a1@group-8392A6716DDC-FollowerState
2021-03-17 02:11:26,132 [Thread-1070] INFO  impl.FollowerState (FollowerState.java:run(142)) - 13cb06b2-640f-4fce-af7e-e16c133353a1@group-8392A6716DDC-FollowerState was interrupted: {}
java.lang.InterruptedException: sleep interrupted
	at java.lang.Thread.sleep(Native Method)
	at java.lang.Thread.sleep(Thread.java:340)
	at java.util.concurrent.TimeUnit.sleep(TimeUnit.java:386)
	at org.apache.ratis.util.TimeDuration.sleep(TimeDuration.java:324)
	at org.apache.ratis.util.TimeDuration.sleep(TimeDuration.java:309)
	at org.apache.ratis.server.impl.FollowerState.run(FollowerState.java:117)
2021-03-17 02:11:26,132 [13cb06b2-640f-4fce-af7e-e16c133353a1@group-8392A6716DDC-StateMachineUpdater] INFO  ratis.ContainerStateMachine (ContainerStateMachine.java:takeSnapshot(291)) - group-8392A6716DDC: Taking a snapshot at:(t:1, i:0) file /github/workspace/mnt/ozone/hadoop-ozone/integration-test/target/test-dir/MiniOzoneClusterImpl-5543d78b-3109-4325-8e4d-d24bfba87b26/datanode-6/data/ratis/9e161d5c-af13-4e41-81f9-8392a6716ddc/sm/snapshot.1_0
2021-03-17 02:11:26,132 [Listener at 127.0.0.1/40005] INFO  impl.StateMachineUpdater (StateMachineUpdater.java:stopAndJoin(148)) - 13cb06b2-640f-4fce-af7e-e16c133353a1@group-8392A6716DDC-StateMachineUpdater: set stopIndex = 0
2021-03-17 02:11:26,133 [13cb06b2-640f-4fce-af7e-e16c133353a1@group-8392A6716DDC-StateMachineUpdater] INFO  ratis.ContainerStateMachine (ContainerStateMachine.java:takeSnapshot(302)) - group-8392A6716DDC: Finished taking a snapshot at:(t:1, i:0) file:/github/workspace/mnt/ozone/hadoop-ozone/integration-test/target/test-dir/MiniOzoneClusterImpl-5543d78b-3109-4325-8e4d-d24bfba87b26/datanode-6/data/ratis/9e161d5c-af13-4e41-81f9-8392a6716ddc/sm/snapshot.1_0 took: 0 ms
2021-03-17 02:11:26,133 [13cb06b2-640f-4fce-af7e-e16c133353a1@group-8392A6716DDC-StateMachineUpdater] INFO  impl.StateMachineUpdater (StateMachineUpdater.java:takeSnapshot(279)) - 13cb06b2-640f-4fce-af7e-e16c133353a1@group-8392A6716DDC-StateMachineUpdater: Took a snapshot at index 0
2021-03-17 02:11:26,133 [13cb06b2-640f-4fce-af7e-e16c133353a1@group-8392A6716DDC-StateMachineUpdater] INFO  impl.StateMachineUpdater (StateMachineUpdater.java:lambda$new$0(88)) - 13cb06b2-640f-4fce-af7e-e16c133353a1@group-8392A6716DDC-StateMachineUpdater: snapshotIndex: updateIncreasingly -1 -> 0
2021-03-17 02:11:26,133 [13cb06b2-640f-4fce-af7e-e16c133353a1@group-8392A6716DDC-StateMachineUpdater] INFO  metrics.RatisMetrics (RatisMetrics.java:unregister(43)) - Unregistering Metrics Registry : ratis.state_machine.13cb06b2-640f-4fce-af7e-e16c133353a1@group-8392A6716DDC
2021-03-17 02:11:26,133 [Listener at 127.0.0.1/40005] INFO  server.RaftServer$Division (ServerState.java:close(405)) - 13cb06b2-640f-4fce-af7e-e16c133353a1@group-8392A6716DDC: closes. applyIndex: 0
2021-03-17 02:11:26,134 [13cb06b2-640f-4fce-af7e-e16c133353a1@group-8392A6716DDC-SegmentedRaftLogWorker] INFO  segmented.SegmentedRaftLogWorker (SegmentedRaftLogWorker.java:run(326)) - 13cb06b2-640f-4fce-af7e-e16c133353a1@group-8392A6716DDC-SegmentedRaftLogWorker was interrupted, exiting. There are 0 tasks remaining in the queue.
2021-03-17 02:11:26,134 [Listener at 127.0.0.1/40005] INFO  segmented.SegmentedRaftLogWorker (SegmentedRaftLogWorker.java:close(236)) - 13cb06b2-640f-4fce-af7e-e16c133353a1@group-8392A6716DDC-SegmentedRaftLogWorker close()
2021-03-17 02:11:26,134 [Listener at 127.0.0.1/40005] INFO  metrics.RatisMetrics (RatisMetrics.java:unregister(43)) - Unregistering Metrics Registry : ratis.log_worker.13cb06b2-640f-4fce-af7e-e16c133353a1@group-8392A6716DDC
2021-03-17 02:11:26,135 [Listener at 127.0.0.1/40005] INFO  metrics.RatisMetrics (RatisMetrics.java:unregister(43)) - Unregistering Metrics Registry : ratis.leader_election.13cb06b2-640f-4fce-af7e-e16c133353a1@group-8392A6716DDC
2021-03-17 02:11:26,135 [Listener at 127.0.0.1/40005] INFO  metrics.RatisMetrics (RatisMetrics.java:unregister(43)) - Unregistering Metrics Registry : ratis.server.13cb06b2-640f-4fce-af7e-e16c133353a1@group-8392A6716DDC
2021-03-17 02:11:26,135 [Listener at 127.0.0.1/40005] INFO  server.GrpcService (GrpcService.java:closeImpl(262)) - 13cb06b2-640f-4fce-af7e-e16c133353a1: shutdown server with port 35095 now
2021-03-17 02:11:26,136 [grpc-default-executor-5] WARN  server.GrpcServerProtocolService (LogUtils.java:warn(122)) - 13cb06b2-640f-4fce-af7e-e16c133353a1: installSnapshot onError, lastRequest: c22503ba-573b-463b-9e1c-de44cfeb847d->13cb06b2-640f-4fce-af7e-e16c133353a1#1-t1,previous=(t:0, i:0),leaderCommit=-1,initializing? true,entries: size=1, first=(t:1, i:0), CONFIGURATIONENTRY: org.apache.ratis.thirdparty.io.grpc.StatusRuntimeException: CANCELLED: client cancelled
2021-03-17 02:11:26,137 [grpc-default-executor-0] WARN  server.GrpcServerProtocolService (LogUtils.java:warn(122)) - 13cb06b2-640f-4fce-af7e-e16c133353a1: installSnapshot onError, lastRequest: c22503ba-573b-463b-9e1c-de44cfeb847d->13cb06b2-640f-4fce-af7e-e16c133353a1#2-t4,previous=(t:4, i:1),leaderCommit=1,initializing? true,entries: size=1, first=(t:4, i:2), METADATAENTRY(c:1): org.apache.ratis.thirdparty.io.grpc.StatusRuntimeException: CANCELLED: client cancelled
2021-03-17 02:11:26,137 [grpc-default-executor-0] WARN  server.GrpcLogAppender (LogUtils.java:warn(122)) - c22503ba-573b-463b-9e1c-de44cfeb847d@group-8392A6716DDC->13cb06b2-640f-4fce-af7e-e16c133353a1-AppendLogResponseHandler: Failed appendEntries: org.apache.ratis.thirdparty.io.grpc.StatusRuntimeException: CANCELLED: HTTP/2 error code: CANCEL
Received Rst Stream
2021-03-17 02:11:26,137 [grpc-default-executor-0] WARN  server.GrpcLogAppender (GrpcLogAppender.java:resetClient(111)) - c22503ba-573b-463b-9e1c-de44cfeb847d@group-8392A6716DDC->13cb06b2-640f-4fce-af7e-e16c133353a1-GrpcLogAppender: Leader has not got in touch with Follower c22503ba-573b-463b-9e1c-de44cfeb847d@group-8392A6716DDC->13cb06b2-640f-4fce-af7e-e16c133353a1(c0,m0,n1, attendVote=true, lastRpcSendTime=99, lastRpcResponseTime=90) yet, just keep nextIndex unchanged and retry.
2021-03-17 02:11:26,137 [grpc-default-executor-5] WARN  server.GrpcLogAppender (LogUtils.java:warn(122)) - c22503ba-573b-463b-9e1c-de44cfeb847d@group-37052FC88D07->13cb06b2-640f-4fce-af7e-e16c133353a1-AppendLogResponseHandler: Failed appendEntries: org.apache.ratis.thirdparty.io.grpc.StatusRuntimeException: CANCELLED: HTTP/2 error code: CANCEL
Received Rst Stream
2021-03-17 02:11:26,137 [grpc-default-executor-5] INFO  leader.FollowerInfo (FollowerInfoImpl.java:lambda$new$0(46)) - c22503ba-573b-463b-9e1c-de44cfeb847d@group-37052FC88D07->13cb06b2-640f-4fce-af7e-e16c133353a1: nextIndex: updateUnconditionally 3 -> 2
2021-03-17 02:11:26,153 [Listener at 127.0.0.1/40005] INFO  server.GrpcService (GrpcService.java:closeImpl(271)) - 13cb06b2-640f-4fce-af7e-e16c133353a1: shutdown server with port 35095 successfully
2021-03-17 02:11:26,153 [org.apache.ratis.util.JvmPauseMonitor$$Lambda$504/521752898@39a9c978] INFO  util.JvmPauseMonitor (JvmPauseMonitor.java:run(109)) - JvmPauseMonitor-13cb06b2-640f-4fce-af7e-e16c133353a1: Stopped
2021-03-17 02:11:26,154 [grpc-default-executor-0] WARN  server.GrpcLogAppender (LogUtils.java:warn(122)) - c22503ba-573b-463b-9e1c-de44cfeb847d@group-37052FC88D07->13cb06b2-640f-4fce-af7e-e16c133353a1-AppendLogResponseHandler: Failed appendEntries: org.apache.ratis.thirdparty.io.grpc.StatusRuntimeException: UNAVAILABLE: io exception
2021-03-17 02:11:26,155 [grpc-default-executor-0] INFO  leader.FollowerInfo (FollowerInfoImpl.java:lambda$new$0(46)) - c22503ba-573b-463b-9e1c-de44cfeb847d@group-37052FC88D07->13cb06b2-640f-4fce-af7e-e16c133353a1: nextIndex: updateUnconditionally 3 -> 2
2021-03-17 02:11:26,158 [Listener at 127.0.0.1/40005] INFO  utils.BackgroundService (BackgroundService.java:shutdown(132)) - Shutting down service BlockDeletingService
2021-03-17 02:11:26,166 [Listener at 127.0.0.1/40005] INFO  statemachine.DatanodeStateMachine (DatanodeStateMachine.java:stopDaemon(469)) - Ozone container server stopped.
2021-03-17 02:11:26,174 [Listener at 127.0.0.1/40005] INFO  handler.ContextHandler (ContextHandler.java:doStop(1154)) - Stopped o.e.j.w.WebAppContext@2dc014b5{hddsDatanode,/,null,STOPPED}{jar:file:/home/user/.m2/repository/org/apache/hadoop/hadoop-hdds-container-service/1.1.0-SNAPSHOT/hadoop-hdds-container-service-1.1.0-SNAPSHOT.jar!/webapps/hddsDatanode}
2021-03-17 02:11:26,178 [ForkJoinPool.commonPool-worker-1] INFO  ozoneimpl.OzoneContainer (OzoneContainer.java:stop(273)) - Attempting to stop container services.
2021-03-17 02:11:26,179 [ForkJoinPool.commonPool-worker-1] INFO  server.RaftServer (RaftServerProxy.java:lambda$close$6(391)) - c22503ba-573b-463b-9e1c-de44cfeb847d: close
2021-03-17 02:11:26,179 [ForkJoinPool.commonPool-worker-1] INFO  server.RaftServer$Division (RaftServerImpl.java:lambda$close$4(406)) - c22503ba-573b-463b-9e1c-de44cfeb847d@group-76DD814D993B: shutdown
2021-03-17 02:11:26,179 [ForkJoinPool.commonPool-worker-1] INFO  util.JmxRegister (JmxRegister.java:unregister(73)) - Successfully un-registered JMX Bean with object name Ratis:service=RaftServer,group=group-76DD814D993B,id=c22503ba-573b-463b-9e1c-de44cfeb847d
2021-03-17 02:11:26,180 [ForkJoinPool.commonPool-worker-1] INFO  impl.RoleInfo (RoleInfo.java:shutdownLeaderState(91)) - c22503ba-573b-463b-9e1c-de44cfeb847d: shutdown c22503ba-573b-463b-9e1c-de44cfeb847d@group-76DD814D993B-LeaderStateImpl
2021-03-17 02:11:26,180 [ForkJoinPool.commonPool-worker-1] INFO  impl.PendingRequests (PendingRequests.java:sendNotLeaderResponses(249)) - c22503ba-573b-463b-9e1c-de44cfeb847d@group-76DD814D993B-PendingRequests: sendNotLeaderResponses
2021-03-17 02:11:26,180 [ForkJoinPool.commonPool-worker-1] INFO  metrics.RatisMetrics (RatisMetrics.java:unregister(43)) - Unregistering Metrics Registry : ratis.log_appender.c22503ba-573b-463b-9e1c-de44cfeb847d@group-76DD814D993B
2021-03-17 02:11:26,180 [ForkJoinPool.commonPool-worker-1] INFO  metrics.RatisMetrics (RatisMetrics.java:unregister(43)) - Unregistering Metrics Registry : ratis.server.c22503ba-573b-463b-9e1c-de44cfeb847d@group-76DD814D993B
2021-03-17 02:11:26,180 [ForkJoinPool.commonPool-worker-1] INFO  impl.StateMachineUpdater (StateMachineUpdater.java:stopAndJoin(148)) - c22503ba-573b-463b-9e1c-de44cfeb847d@group-76DD814D993B-StateMachineUpdater: set stopIndex = 0
2021-03-17 02:11:26,181 [c22503ba-573b-463b-9e1c-de44cfeb847d@group-76DD814D993B-StateMachineUpdater] INFO  ratis.ContainerStateMachine (ContainerStateMachine.java:takeSnapshot(291)) - group-76DD814D993B: Taking a snapshot at:(t:1, i:0) file /github/workspace/mnt/ozone/hadoop-ozone/integration-test/target/test-dir/MiniOzoneClusterImpl-5543d78b-3109-4325-8e4d-d24bfba87b26/datanode-0/data/ratis/a1cf331a-0a15-452c-96f7-76dd814d993b/sm/snapshot.1_0
2021-03-17 02:11:26,181 [c22503ba-573b-463b-9e1c-de44cfeb847d@group-76DD814D993B-StateMachineUpdater] INFO  ratis.ContainerStateMachine (ContainerStateMachine.java:takeSnapshot(302)) - group-76DD814D993B: Finished taking a snapshot at:(t:1, i:0) file:/github/workspace/mnt/ozone/hadoop-ozone/integration-test/target/test-dir/MiniOzoneClusterImpl-5543d78b-3109-4325-8e4d-d24bfba87b26/datanode-0/data/ratis/a1cf331a-0a15-452c-96f7-76dd814d993b/sm/snapshot.1_0 took: 1 ms
2021-03-17 02:11:26,181 [c22503ba-573b-463b-9e1c-de44cfeb847d@group-76DD814D993B-StateMachineUpdater] INFO  impl.StateMachineUpdater (StateMachineUpdater.java:takeSnapshot(279)) - c22503ba-573b-463b-9e1c-de44cfeb847d@group-76DD814D993B-StateMachineUpdater: Took a snapshot at index 0
2021-03-17 02:11:26,181 [c22503ba-573b-463b-9e1c-de44cfeb847d@group-76DD814D993B-StateMachineUpdater] INFO  impl.StateMachineUpdater (StateMachineUpdater.java:lambda$new$0(88)) - c22503ba-573b-463b-9e1c-de44cfeb847d@group-76DD814D993B-StateMachineUpdater: snapshotIndex: updateIncreasingly -1 -> 0
2021-03-17 02:11:26,181 [c22503ba-573b-463b-9e1c-de44cfeb847d@group-76DD814D993B-StateMachineUpdater] INFO  metrics.RatisMetrics (RatisMetrics.java:unregister(43)) - Unregistering Metrics Registry : ratis.state_machine.c22503ba-573b-463b-9e1c-de44cfeb847d@group-76DD814D993B
2021-03-17 02:11:26,186 [ForkJoinPool.commonPool-worker-1] INFO  server.RaftServer$Division (ServerState.java:close(405)) - c22503ba-573b-463b-9e1c-de44cfeb847d@group-76DD814D993B: closes. applyIndex: 0
2021-03-17 02:11:26,186 [c22503ba-573b-463b-9e1c-de44cfeb847d@group-76DD814D993B-SegmentedRaftLogWorker] INFO  segmented.SegmentedRaftLogWorker (SegmentedRaftLogWorker.java:run(326)) - c22503ba-573b-463b-9e1c-de44cfeb847d@group-76DD814D993B-SegmentedRaftLogWorker was interrupted, exiting. There are 0 tasks remaining in the queue.
2021-03-17 02:11:26,186 [ForkJoinPool.commonPool-worker-1] INFO  segmented.SegmentedRaftLogWorker (SegmentedRaftLogWorker.java:close(236)) - c22503ba-573b-463b-9e1c-de44cfeb847d@group-76DD814D993B-SegmentedRaftLogWorker close()
2021-03-17 02:11:26,186 [ForkJoinPool.commonPool-worker-1] INFO  metrics.RatisMetrics (RatisMetrics.java:unregister(43)) - Unregistering Metrics Registry : ratis.log_worker.c22503ba-573b-463b-9e1c-de44cfeb847d@group-76DD814D993B
2021-03-17 02:11:26,187 [ForkJoinPool.commonPool-worker-1] INFO  metrics.RatisMetrics (RatisMetrics.java:unregister(43)) - Unregistering Metrics Registry : ratis.leader_election.c22503ba-573b-463b-9e1c-de44cfeb847d@group-76DD814D993B
2021-03-17 02:11:26,187 [ForkJoinPool.commonPool-worker-1] INFO  metrics.RatisMetrics (RatisMetrics.java:unregister(43)) - Unregistering Metrics Registry : ratis.server.c22503ba-573b-463b-9e1c-de44cfeb847d@group-76DD814D993B
2021-03-17 02:11:26,187 [ForkJoinPool.commonPool-worker-1] INFO  server.RaftServer$Division (RaftServerImpl.java:lambda$close$4(406)) - c22503ba-573b-463b-9e1c-de44cfeb847d@group-37052FC88D07: shutdown
2021-03-17 02:11:26,187 [ForkJoinPool.commonPool-worker-1] INFO  util.JmxRegister (JmxRegister.java:unregister(73)) - Successfully un-registered JMX Bean with object name Ratis:service=RaftServer,group=group-37052FC88D07,id=c22503ba-573b-463b-9e1c-de44cfeb847d
2021-03-17 02:11:26,187 [ForkJoinPool.commonPool-worker-1] INFO  impl.RoleInfo (RoleInfo.java:shutdownLeaderState(91)) - c22503ba-573b-463b-9e1c-de44cfeb847d: shutdown c22503ba-573b-463b-9e1c-de44cfeb847d@group-37052FC88D07-LeaderStateImpl
2021-03-17 02:11:26,187 [ForkJoinPool.commonPool-worker-1] INFO  metrics.RatisMetrics (RatisMetrics.java:unregister(43)) - Unregistering Metrics Registry : ratis_grpc.log_appender.c22503ba-573b-463b-9e1c-de44cfeb847d@group-37052FC88D07
2021-03-17 02:11:26,187 [ForkJoinPool.commonPool-worker-1] INFO  metrics.RatisMetrics (RatisMetrics.java:unregister(43)) - Unregistering Metrics Registry : ratis_grpc.log_appender.c22503ba-573b-463b-9e1c-de44cfeb847d@group-37052FC88D07
2021-03-17 02:11:26,187 [ForkJoinPool.commonPool-worker-1] INFO  impl.PendingRequests (PendingRequests.java:sendNotLeaderResponses(249)) - c22503ba-573b-463b-9e1c-de44cfeb847d@group-37052FC88D07-PendingRequests: sendNotLeaderResponses
2021-03-17 02:11:26,187 [c22503ba-573b-463b-9e1c-de44cfeb847d@group-37052FC88D07->13cb06b2-640f-4fce-af7e-e16c133353a1-GrpcLogAppender-LogAppenderDaemon] WARN  server.GrpcLogAppender (GrpcLogAppender.java:mayWait(175)) - c22503ba-573b-463b-9e1c-de44cfeb847d@group-37052FC88D07->13cb06b2-640f-4fce-af7e-e16c133353a1-GrpcLogAppender: Wait interrupted by java.lang.InterruptedException
2021-03-17 02:11:26,200 [ForkJoinPool.commonPool-worker-1] INFO  metrics.RatisMetrics (RatisMetrics.java:unregister(43)) - Unregistering Metrics Registry : ratis.log_appender.c22503ba-573b-463b-9e1c-de44cfeb847d@group-37052FC88D07
2021-03-17 02:11:26,200 [ForkJoinPool.commonPool-worker-1] INFO  metrics.RatisMetrics (RatisMetrics.java:unregister(43)) - Unregistering Metrics Registry : ratis.server.c22503ba-573b-463b-9e1c-de44cfeb847d@group-37052FC88D07
2021-03-17 02:11:26,200 [ForkJoinPool.commonPool-worker-1] INFO  impl.StateMachineUpdater (StateMachineUpdater.java:stopAndJoin(148)) - c22503ba-573b-463b-9e1c-de44cfeb847d@group-37052FC88D07-StateMachineUpdater: set stopIndex = 2
2021-03-17 02:11:26,201 [c22503ba-573b-463b-9e1c-de44cfeb847d@group-37052FC88D07-StateMachineUpdater] INFO  ratis.ContainerStateMachine (ContainerStateMachine.java:takeSnapshot(291)) - group-37052FC88D07: Taking a snapshot at:(t:4, i:2) file /github/workspace/mnt/ozone/hadoop-ozone/integration-test/target/test-dir/MiniOzoneClusterImpl-5543d78b-3109-4325-8e4d-d24bfba87b26/datanode-0/data/ratis/8e45f5d2-8210-4733-a569-37052fc88d07/sm/snapshot.4_2
2021-03-17 02:11:26,206 [Listener at 127.0.0.1/40005] INFO  server.AbstractConnector (AbstractConnector.java:doStop(381)) - Stopped ServerConnector@690af7ba{HTTP/1.1, (http/1.1)}{0.0.0.0:0}
2021-03-17 02:11:26,206 [Listener at 127.0.0.1/40005] INFO  server.session (HouseKeeper.java:stopScavenging(149)) - node0 Stopped scavenging
2021-03-17 02:11:26,206 [Listener at 127.0.0.1/40005] INFO  handler.ContextHandler (ContextHandler.java:doStop(1154)) - Stopped o.e.j.s.ServletContextHandler@2b47a73f{static,/static,jar:file:/home/user/.m2/repository/org/apache/hadoop/hadoop-hdds-container-service/1.1.0-SNAPSHOT/hadoop-hdds-container-service-1.1.0-SNAPSHOT.jar!/webapps/static,STOPPED}
2021-03-17 02:11:26,206 [Listener at 127.0.0.1/40005] INFO  handler.ContextHandler (ContextHandler.java:doStop(1154)) - Stopped o.e.j.s.ServletContextHandler@24b578f5{logs,/logs,file:///github/workspace/mnt/ozone/hadoop-ozone/integration-test/target/log,STOPPED}
2021-03-17 02:11:26,207 [c22503ba-573b-463b-9e1c-de44cfeb847d@group-37052FC88D07-StateMachineUpdater] INFO  ratis.ContainerStateMachine (ContainerStateMachine.java:takeSnapshot(302)) - group-37052FC88D07: Finished taking a snapshot at:(t:4, i:2) file:/github/workspace/mnt/ozone/hadoop-ozone/integration-test/target/test-dir/MiniOzoneClusterImpl-5543d78b-3109-4325-8e4d-d24bfba87b26/datanode-0/data/ratis/8e45f5d2-8210-4733-a569-37052fc88d07/sm/snapshot.4_2 took: 7 ms
2021-03-17 02:11:26,207 [c22503ba-573b-463b-9e1c-de44cfeb847d@group-37052FC88D07-StateMachineUpdater] INFO  impl.StateMachineUpdater (StateMachineUpdater.java:takeSnapshot(279)) - c22503ba-573b-463b-9e1c-de44cfeb847d@group-37052FC88D07-StateMachineUpdater: Took a snapshot at index 2
2021-03-17 02:11:26,208 [c22503ba-573b-463b-9e1c-de44cfeb847d@group-37052FC88D07-StateMachineUpdater] INFO  impl.StateMachineUpdater (StateMachineUpdater.java:lambda$new$0(88)) - c22503ba-573b-463b-9e1c-de44cfeb847d@group-37052FC88D07-StateMachineUpdater: snapshotIndex: updateIncreasingly -1 -> 2
2021-03-17 02:11:26,208 [c22503ba-573b-463b-9e1c-de44cfeb847d@group-37052FC88D07-StateMachineUpdater] INFO  metrics.RatisMetrics (RatisMetrics.java:unregister(43)) - Unregistering Metrics Registry : ratis.state_machine.c22503ba-573b-463b-9e1c-de44cfeb847d@group-37052FC88D07
2021-03-17 02:11:26,208 [ForkJoinPool.commonPool-worker-1] INFO  server.RaftServer$Division (ServerState.java:close(405)) - c22503ba-573b-463b-9e1c-de44cfeb847d@group-37052FC88D07: closes. applyIndex: 2
2021-03-17 02:11:26,208 [c22503ba-573b-463b-9e1c-de44cfeb847d@group-37052FC88D07-SegmentedRaftLogWorker] INFO  segmented.SegmentedRaftLogWorker (SegmentedRaftLogWorker.java:run(326)) - c22503ba-573b-463b-9e1c-de44cfeb847d@group-37052FC88D07-SegmentedRaftLogWorker was interrupted, exiting. There are 0 tasks remaining in the queue.
2021-03-17 02:11:26,214 [ForkJoinPool.commonPool-worker-1] INFO  segmented.SegmentedRaftLogWorker (SegmentedRaftLogWorker.java:close(236)) - c22503ba-573b-463b-9e1c-de44cfeb847d@group-37052FC88D07-SegmentedRaftLogWorker close()
2021-03-17 02:11:26,214 [ForkJoinPool.commonPool-worker-1] INFO  metrics.RatisMetrics (RatisMetrics.java:unregister(43)) - Unregistering Metrics Registry : ratis.log_worker.c22503ba-573b-463b-9e1c-de44cfeb847d@group-37052FC88D07
2021-03-17 02:11:26,214 [ForkJoinPool.commonPool-worker-1] INFO  metrics.RatisMetrics (RatisMetrics.java:unregister(43)) - Unregistering Metrics Registry : ratis.leader_election.c22503ba-573b-463b-9e1c-de44cfeb847d@group-37052FC88D07
2021-03-17 02:11:26,214 [ForkJoinPool.commonPool-worker-1] INFO  metrics.RatisMetrics (RatisMetrics.java:unregister(43)) - Unregistering Metrics Registry : ratis.server.c22503ba-573b-463b-9e1c-de44cfeb847d@group-37052FC88D07
2021-03-17 02:11:26,215 [ForkJoinPool.commonPool-worker-1] INFO  server.RaftServer$Division (RaftServerImpl.java:lambda$close$4(406)) - c22503ba-573b-463b-9e1c-de44cfeb847d@group-8392A6716DDC: shutdown
2021-03-17 02:11:26,215 [ForkJoinPool.commonPool-worker-1] INFO  util.JmxRegister (JmxRegister.java:unregister(73)) - Successfully un-registered JMX Bean with object name Ratis:service=RaftServer,group=group-8392A6716DDC,id=c22503ba-573b-463b-9e1c-de44cfeb847d
2021-03-17 02:11:26,215 [ForkJoinPool.commonPool-worker-1] INFO  impl.RoleInfo (RoleInfo.java:shutdownLeaderState(91)) - c22503ba-573b-463b-9e1c-de44cfeb847d: shutdown c22503ba-573b-463b-9e1c-de44cfeb847d@group-8392A6716DDC-LeaderStateImpl
2021-03-17 02:11:26,215 [ForkJoinPool.commonPool-worker-1] INFO  metrics.RatisMetrics (RatisMetrics.java:unregister(43)) - Unregistering Metrics Registry : ratis_grpc.log_appender.c22503ba-573b-463b-9e1c-de44cfeb847d@group-8392A6716DDC
2021-03-17 02:11:26,215 [ForkJoinPool.commonPool-worker-1] INFO  metrics.RatisMetrics (RatisMetrics.java:unregister(43)) - Unregistering Metrics Registry : ratis_grpc.log_appender.c22503ba-573b-463b-9e1c-de44cfeb847d@group-8392A6716DDC
2021-03-17 02:11:26,215 [ForkJoinPool.commonPool-worker-1] INFO  impl.PendingRequests (PendingRequests.java:sendNotLeaderResponses(249)) - c22503ba-573b-463b-9e1c-de44cfeb847d@group-8392A6716DDC-PendingRequests: sendNotLeaderResponses
2021-03-17 02:11:26,215 [ForkJoinPool.commonPool-worker-1] INFO  metrics.RatisMetrics (RatisMetrics.java:unregister(43)) - Unregistering Metrics Registry : ratis.log_appender.c22503ba-573b-463b-9e1c-de44cfeb847d@group-8392A6716DDC
2021-03-17 02:11:26,215 [ForkJoinPool.commonPool-worker-1] INFO  metrics.RatisMetrics (RatisMetrics.java:unregister(43)) - Unregistering Metrics Registry : ratis.server.c22503ba-573b-463b-9e1c-de44cfeb847d@group-8392A6716DDC
2021-03-17 02:11:26,216 [ForkJoinPool.commonPool-worker-1] INFO  impl.StateMachineUpdater (StateMachineUpdater.java:stopAndJoin(148)) - c22503ba-573b-463b-9e1c-de44cfeb847d@group-8392A6716DDC-StateMachineUpdater: set stopIndex = 0
2021-03-17 02:11:26,216 [c22503ba-573b-463b-9e1c-de44cfeb847d@group-8392A6716DDC-StateMachineUpdater] INFO  ratis.ContainerStateMachine (ContainerStateMachine.java:takeSnapshot(291)) - group-8392A6716DDC: Taking a snapshot at:(t:1, i:0) file /github/workspace/mnt/ozone/hadoop-ozone/integration-test/target/test-dir/MiniOzoneClusterImpl-5543d78b-3109-4325-8e4d-d24bfba87b26/datanode-0/data/ratis/9e161d5c-af13-4e41-81f9-8392a6716ddc/sm/snapshot.1_0
2021-03-17 02:11:26,217 [c22503ba-573b-463b-9e1c-de44cfeb847d@group-8392A6716DDC-StateMachineUpdater] INFO  ratis.ContainerStateMachine (ContainerStateMachine.java:takeSnapshot(302)) - group-8392A6716DDC: Finished taking a snapshot at:(t:1, i:0) file:/github/workspace/mnt/ozone/hadoop-ozone/integration-test/target/test-dir/MiniOzoneClusterImpl-5543d78b-3109-4325-8e4d-d24bfba87b26/datanode-0/data/ratis/9e161d5c-af13-4e41-81f9-8392a6716ddc/sm/snapshot.1_0 took: 0 ms
2021-03-17 02:11:26,217 [c22503ba-573b-463b-9e1c-de44cfeb847d@group-8392A6716DDC-StateMachineUpdater] INFO  impl.StateMachineUpdater (StateMachineUpdater.java:takeSnapshot(279)) - c22503ba-573b-463b-9e1c-de44cfeb847d@group-8392A6716DDC-StateMachineUpdater: Took a snapshot at index 0
2021-03-17 02:11:26,217 [c22503ba-573b-463b-9e1c-de44cfeb847d@group-8392A6716DDC-StateMachineUpdater] INFO  impl.StateMachineUpdater (StateMachineUpdater.java:lambda$new$0(88)) - c22503ba-573b-463b-9e1c-de44cfeb847d@group-8392A6716DDC-StateMachineUpdater: snapshotIndex: updateIncreasingly -1 -> 0
2021-03-17 02:11:26,217 [c22503ba-573b-463b-9e1c-de44cfeb847d@group-8392A6716DDC-StateMachineUpdater] INFO  metrics.RatisMetrics (RatisMetrics.java:unregister(43)) - Unregistering Metrics Registry : ratis.state_machine.c22503ba-573b-463b-9e1c-de44cfeb847d@group-8392A6716DDC
2021-03-17 02:11:26,219 [ForkJoinPool.commonPool-worker-1] INFO  server.RaftServer$Division (ServerState.java:close(405)) - c22503ba-573b-463b-9e1c-de44cfeb847d@group-8392A6716DDC: closes. applyIndex: 0
2021-03-17 02:11:26,219 [c22503ba-573b-463b-9e1c-de44cfeb847d@group-8392A6716DDC-SegmentedRaftLogWorker] INFO  segmented.SegmentedRaftLogWorker (SegmentedRaftLogWorker.java:run(326)) - c22503ba-573b-463b-9e1c-de44cfeb847d@group-8392A6716DDC-SegmentedRaftLogWorker was interrupted, exiting. There are 0 tasks remaining in the queue.
2021-03-17 02:11:26,219 [ForkJoinPool.commonPool-worker-1] INFO  segmented.SegmentedRaftLogWorker (SegmentedRaftLogWorker.java:close(236)) - c22503ba-573b-463b-9e1c-de44cfeb847d@group-8392A6716DDC-SegmentedRaftLogWorker close()
2021-03-17 02:11:26,220 [ForkJoinPool.commonPool-worker-1] INFO  metrics.RatisMetrics (RatisMetrics.java:unregister(43)) - Unregistering Metrics Registry : ratis.log_worker.c22503ba-573b-463b-9e1c-de44cfeb847d@group-8392A6716DDC
2021-03-17 02:11:26,220 [ForkJoinPool.commonPool-worker-1] INFO  metrics.RatisMetrics (RatisMetrics.java:unregister(43)) - Unregistering Metrics Registry : ratis.leader_election.c22503ba-573b-463b-9e1c-de44cfeb847d@group-8392A6716DDC
2021-03-17 02:11:26,220 [ForkJoinPool.commonPool-worker-1] INFO  metrics.RatisMetrics (RatisMetrics.java:unregister(43)) - Unregistering Metrics Registry : ratis.server.c22503ba-573b-463b-9e1c-de44cfeb847d@group-8392A6716DDC
2021-03-17 02:11:26,220 [ForkJoinPool.commonPool-worker-1] INFO  server.GrpcService (GrpcService.java:closeImpl(262)) - c22503ba-573b-463b-9e1c-de44cfeb847d: shutdown server with port 34901 now
2021-03-17 02:11:26,224 [ForkJoinPool.commonPool-worker-1] INFO  server.GrpcService (GrpcService.java:closeImpl(271)) - c22503ba-573b-463b-9e1c-de44cfeb847d: shutdown server with port 34901 successfully
2021-03-17 02:11:26,224 [org.apache.ratis.util.JvmPauseMonitor$$Lambda$504/521752898@4ef78753] INFO  util.JvmPauseMonitor (JvmPauseMonitor.java:run(109)) - JvmPauseMonitor-c22503ba-573b-463b-9e1c-de44cfeb847d: Stopped
2021-03-17 02:11:26,225 [ForkJoinPool.commonPool-worker-1] INFO  utils.BackgroundService (BackgroundService.java:shutdown(132)) - Shutting down service BlockDeletingService
2021-03-17 02:11:26,227 [ForkJoinPool.commonPool-worker-1] INFO  statemachine.DatanodeStateMachine (DatanodeStateMachine.java:stopDaemon(469)) - Ozone container server stopped.
2021-03-17 02:11:26,236 [ForkJoinPool.commonPool-worker-1] INFO  handler.ContextHandler (ContextHandler.java:doStop(1154)) - Stopped o.e.j.w.WebAppContext@6193bc43{hddsDatanode,/,null,STOPPED}{jar:file:/home/user/.m2/repository/org/apache/hadoop/hadoop-hdds-container-service/1.1.0-SNAPSHOT/hadoop-hdds-container-service-1.1.0-SNAPSHOT.jar!/webapps/hddsDatanode}
2021-03-17 02:11:26,237 [ForkJoinPool.commonPool-worker-1] INFO  server.AbstractConnector (AbstractConnector.java:doStop(381)) - Stopped ServerConnector@16d75324{HTTP/1.1, (http/1.1)}{0.0.0.0:0}
2021-03-17 02:11:26,237 [ForkJoinPool.commonPool-worker-1] INFO  server.session (HouseKeeper.java:stopScavenging(149)) - node0 Stopped scavenging
2021-03-17 02:11:26,243 [ForkJoinPool.commonPool-worker-1] INFO  handler.ContextHandler (ContextHandler.java:doStop(1154)) - Stopped o.e.j.s.ServletContextHandler@6427348{static,/static,jar:file:/home/user/.m2/repository/org/apache/hadoop/hadoop-hdds-container-service/1.1.0-SNAPSHOT/hadoop-hdds-container-service-1.1.0-SNAPSHOT.jar!/webapps/static,STOPPED}
2021-03-17 02:11:26,244 [ForkJoinPool.commonPool-worker-1] INFO  handler.ContextHandler (ContextHandler.java:doStop(1154)) - Stopped o.e.j.s.ServletContextHandler@19875abb{logs,/logs,file:///github/workspace/mnt/ozone/hadoop-ozone/integration-test/target/log,STOPPED}
2021-03-17 02:11:26,525 [Datanode State Machine Thread - 0] INFO  statemachine.DatanodeStateMachine (DatanodeStateMachine.java:lambda$startDaemon$0(411)) - Ozone container server started.
2021-03-17 02:11:29,461 [Thread-1249] INFO  impl.FollowerState (FollowerState.java:run(133)) - 888dbe71-6008-4ebf-8f97-777673ccf37c@group-2788439AFC0C-FollowerState: change to CANDIDATE, lastRpcElapsedTime:5064203256ns, electionTimeout:5055ms
2021-03-17 02:11:29,461 [Thread-1249] INFO  impl.RoleInfo (RoleInfo.java:shutdownFollowerState(108)) - 888dbe71-6008-4ebf-8f97-777673ccf37c: shutdown 888dbe71-6008-4ebf-8f97-777673ccf37c@group-2788439AFC0C-FollowerState
2021-03-17 02:11:29,461 [Thread-1249] INFO  server.RaftServer$Division (RaftServerImpl.java:setRole(284)) - 888dbe71-6008-4ebf-8f97-777673ccf37c@group-2788439AFC0C: changes role from  FOLLOWER to CANDIDATE at term 2 for changeToCandidate
2021-03-17 02:11:29,461 [Thread-1249] INFO  server.RaftServerConfigKeys (ConfUtils.java:logGet(44)) - raft.server.leaderelection.pre-vote = false (custom)
2021-03-17 02:11:29,462 [Thread-1249] INFO  impl.RoleInfo (RoleInfo.java:updateAndGet(130)) - 888dbe71-6008-4ebf-8f97-777673ccf37c: start 888dbe71-6008-4ebf-8f97-777673ccf37c@group-2788439AFC0C-LeaderElection56
2021-03-17 02:11:29,463 [888dbe71-6008-4ebf-8f97-777673ccf37c@group-2788439AFC0C-LeaderElection56] INFO  impl.LeaderElection (LeaderElection.java:askForVotes(307)) - 888dbe71-6008-4ebf-8f97-777673ccf37c@group-2788439AFC0C-LeaderElection56 ELECTION round 0: submit vote requests at term 3 for 0: [edc886fb-3392-4280-b977-eac73b957932|rpc:172.17.0.2:45405|dataStream:|priority:0, 888dbe71-6008-4ebf-8f97-777673ccf37c|rpc:172.17.0.2:32769|dataStream:|priority:0, 37b60bae-9d6d-40b8-9851-2e9be12703e9|rpc:172.17.0.2:46279|dataStream:|priority:1], old=null
2021-03-17 02:11:29,465 [888dbe71-6008-4ebf-8f97-777673ccf37c@group-2788439AFC0C-LeaderElection56] INFO  impl.LeaderElection (LogUtils.java:infoOrTrace(137)) - 888dbe71-6008-4ebf-8f97-777673ccf37c@group-2788439AFC0C-LeaderElection56 got exception when requesting votes: java.util.concurrent.ExecutionException: org.apache.ratis.thirdparty.io.grpc.StatusRuntimeException: UNAVAILABLE: io exception
2021-03-17 02:11:29,466 [888dbe71-6008-4ebf-8f97-777673ccf37c@group-2788439AFC0C-LeaderElection56] INFO  impl.LeaderElection (LogUtils.java:infoOrTrace(137)) - 888dbe71-6008-4ebf-8f97-777673ccf37c@group-2788439AFC0C-LeaderElection56 got exception when requesting votes: java.util.concurrent.ExecutionException: org.apache.ratis.thirdparty.io.grpc.StatusRuntimeException: UNAVAILABLE: io exception
2021-03-17 02:11:29,466 [888dbe71-6008-4ebf-8f97-777673ccf37c@group-2788439AFC0C-LeaderElection56] INFO  impl.LeaderElection (LeaderElection.java:logAndReturn(89)) - 888dbe71-6008-4ebf-8f97-777673ccf37c@group-2788439AFC0C-LeaderElection56: ELECTION REJECTED received 0 response(s) and 2 exception(s):
2021-03-17 02:11:29,466 [888dbe71-6008-4ebf-8f97-777673ccf37c@group-2788439AFC0C-LeaderElection56] INFO  impl.LeaderElection (LogUtils.java:infoOrTrace(137)) -   Exception 0: java.util.concurrent.ExecutionException: org.apache.ratis.thirdparty.io.grpc.StatusRuntimeException: UNAVAILABLE: io exception
2021-03-17 02:11:29,466 [888dbe71-6008-4ebf-8f97-777673ccf37c@group-2788439AFC0C-LeaderElection56] INFO  impl.LeaderElection (LogUtils.java:infoOrTrace(137)) -   Exception 1: java.util.concurrent.ExecutionException: org.apache.ratis.thirdparty.io.grpc.StatusRuntimeException: UNAVAILABLE: io exception
2021-03-17 02:11:29,466 [888dbe71-6008-4ebf-8f97-777673ccf37c@group-2788439AFC0C-LeaderElection56] INFO  impl.LeaderElection (LeaderElection.java:askForVotes(309)) - 888dbe71-6008-4ebf-8f97-777673ccf37c@group-2788439AFC0C-LeaderElection56 ELECTION round 0: result REJECTED
2021-03-17 02:11:29,466 [888dbe71-6008-4ebf-8f97-777673ccf37c@group-2788439AFC0C-LeaderElection56] INFO  server.RaftServer$Division (RaftServerImpl.java:setRole(284)) - 888dbe71-6008-4ebf-8f97-777673ccf37c@group-2788439AFC0C: changes role from CANDIDATE to FOLLOWER at term 3 for REJECTED
2021-03-17 02:11:29,466 [888dbe71-6008-4ebf-8f97-777673ccf37c@group-2788439AFC0C-LeaderElection56] INFO  impl.RoleInfo (RoleInfo.java:shutdownLeaderElection(121)) - 888dbe71-6008-4ebf-8f97-777673ccf37c: shutdown 888dbe71-6008-4ebf-8f97-777673ccf37c@group-2788439AFC0C-LeaderElection56
2021-03-17 02:11:29,466 [888dbe71-6008-4ebf-8f97-777673ccf37c@group-2788439AFC0C-LeaderElection56] INFO  impl.RoleInfo (RoleInfo.java:updateAndGet(130)) - 888dbe71-6008-4ebf-8f97-777673ccf37c: start 888dbe71-6008-4ebf-8f97-777673ccf37c@group-2788439AFC0C-FollowerState
2021-03-17 02:11:29,489 [Thread-1245] INFO  impl.FollowerState (FollowerState.java:run(133)) - 888dbe71-6008-4ebf-8f97-777673ccf37c@group-7A770B342A66-FollowerState: change to CANDIDATE, lastRpcElapsedTime:5131075849ns, electionTimeout:5123ms
2021-03-17 02:11:29,489 [Thread-1245] INFO  impl.RoleInfo (RoleInfo.java:shutdownFollowerState(108)) - 888dbe71-6008-4ebf-8f97-777673ccf37c: shutdown 888dbe71-6008-4ebf-8f97-777673ccf37c@group-7A770B342A66-FollowerState
2021-03-17 02:11:29,489 [Thread-1245] INFO  server.RaftServer$Division (RaftServerImpl.java:setRole(284)) - 888dbe71-6008-4ebf-8f97-777673ccf37c@group-7A770B342A66: changes role from  FOLLOWER to CANDIDATE at term 3 for changeToCandidate
2021-03-17 02:11:29,490 [Thread-1245] INFO  server.RaftServerConfigKeys (ConfUtils.java:logGet(44)) - raft.server.leaderelection.pre-vote = false (custom)
2021-03-17 02:11:29,490 [Thread-1245] INFO  impl.RoleInfo (RoleInfo.java:updateAndGet(130)) - 888dbe71-6008-4ebf-8f97-777673ccf37c: start 888dbe71-6008-4ebf-8f97-777673ccf37c@group-7A770B342A66-LeaderElection57
2021-03-17 02:11:29,491 [888dbe71-6008-4ebf-8f97-777673ccf37c@group-7A770B342A66-LeaderElection57] INFO  impl.LeaderElection (LeaderElection.java:askForVotes(307)) - 888dbe71-6008-4ebf-8f97-777673ccf37c@group-7A770B342A66-LeaderElection57 ELECTION round 0: submit vote requests at term 4 for 0: [edc886fb-3392-4280-b977-eac73b957932|rpc:172.17.0.2:45405|dataStream:|priority:1, 888dbe71-6008-4ebf-8f97-777673ccf37c|rpc:172.17.0.2:32769|dataStream:|priority:0, 37b60bae-9d6d-40b8-9851-2e9be12703e9|rpc:172.17.0.2:46279|dataStream:|priority:0], old=null
2021-03-17 02:11:29,492 [888dbe71-6008-4ebf-8f97-777673ccf37c@group-7A770B342A66-LeaderElection57] INFO  impl.LeaderElection (LogUtils.java:infoOrTrace(137)) - 888dbe71-6008-4ebf-8f97-777673ccf37c@group-7A770B342A66-LeaderElection57 got exception when requesting votes: java.util.concurrent.ExecutionException: org.apache.ratis.thirdparty.io.grpc.StatusRuntimeException: UNAVAILABLE: io exception
2021-03-17 02:11:29,493 [888dbe71-6008-4ebf-8f97-777673ccf37c@group-7A770B342A66-LeaderElection57] INFO  impl.LeaderElection (LogUtils.java:infoOrTrace(137)) - 888dbe71-6008-4ebf-8f97-777673ccf37c@group-7A770B342A66-LeaderElection57 got exception when requesting votes: java.util.concurrent.ExecutionException: org.apache.ratis.thirdparty.io.grpc.StatusRuntimeException: UNAVAILABLE: io exception
2021-03-17 02:11:29,493 [888dbe71-6008-4ebf-8f97-777673ccf37c@group-7A770B342A66-LeaderElection57] INFO  impl.LeaderElection (LeaderElection.java:logAndReturn(89)) - 888dbe71-6008-4ebf-8f97-777673ccf37c@group-7A770B342A66-LeaderElection57: ELECTION REJECTED received 0 response(s) and 2 exception(s):
2021-03-17 02:11:29,493 [888dbe71-6008-4ebf-8f97-777673ccf37c@group-7A770B342A66-LeaderElection57] INFO  impl.LeaderElection (LogUtils.java:infoOrTrace(137)) -   Exception 0: java.util.concurrent.ExecutionException: org.apache.ratis.thirdparty.io.grpc.StatusRuntimeException: UNAVAILABLE: io exception
2021-03-17 02:11:29,493 [888dbe71-6008-4ebf-8f97-777673ccf37c@group-7A770B342A66-LeaderElection57] INFO  impl.LeaderElection (LogUtils.java:infoOrTrace(137)) -   Exception 1: java.util.concurrent.ExecutionException: org.apache.ratis.thirdparty.io.grpc.StatusRuntimeException: UNAVAILABLE: io exception
2021-03-17 02:11:29,493 [888dbe71-6008-4ebf-8f97-777673ccf37c@group-7A770B342A66-LeaderElection57] INFO  impl.LeaderElection (LeaderElection.java:askForVotes(309)) - 888dbe71-6008-4ebf-8f97-777673ccf37c@group-7A770B342A66-LeaderElection57 ELECTION round 0: result REJECTED
2021-03-17 02:11:29,493 [888dbe71-6008-4ebf-8f97-777673ccf37c@group-7A770B342A66-LeaderElection57] INFO  server.RaftServer$Division (RaftServerImpl.java:setRole(284)) - 888dbe71-6008-4ebf-8f97-777673ccf37c@group-7A770B342A66: changes role from CANDIDATE to FOLLOWER at term 4 for REJECTED
2021-03-17 02:11:29,493 [888dbe71-6008-4ebf-8f97-777673ccf37c@group-7A770B342A66-LeaderElection57] INFO  impl.RoleInfo (RoleInfo.java:shutdownLeaderElection(121)) - 888dbe71-6008-4ebf-8f97-777673ccf37c: shutdown 888dbe71-6008-4ebf-8f97-777673ccf37c@group-7A770B342A66-LeaderElection57
2021-03-17 02:11:29,493 [888dbe71-6008-4ebf-8f97-777673ccf37c@group-7A770B342A66-LeaderElection57] INFO  impl.RoleInfo (RoleInfo.java:updateAndGet(130)) - 888dbe71-6008-4ebf-8f97-777673ccf37c: start 888dbe71-6008-4ebf-8f97-777673ccf37c@group-7A770B342A66-FollowerState
2021-03-17 02:11:30,353 [EventQueue-DeadNodeForDeadNodeHandler] INFO  node.DeadNodeHandler (DeadNodeHandler.java:onMessage(77)) - A dead datanode is detected. 7be7a3ee-2c60-4daa-92d5-fce366cccc9d{ip: 172.17.0.2, host: 70ca58e12b9b, ports: [REPLICATION=41363, RATIS=39539, RATIS_ADMIN=39539, RATIS_SERVER=39539, STANDALONE=33895], networkLocation: /default-rack, certSerialId: null, persistedOpState: IN_SERVICE, persistedOpStateExpiryEpochSec: 0}
2021-03-17 02:11:30,354 [EventQueue-DeadNodeForDeadNodeHandler] INFO  pipeline.SCMPipelineManager (SCMPipelineManager.java:finalizeAndDestroyPipeline(483)) - Destroying pipeline:Pipeline[ Id: 8e45f5d2-8210-4733-a569-37052fc88d07, Nodes: c22503ba-573b-463b-9e1c-de44cfeb847d{ip: 172.17.0.2, host: 70ca58e12b9b, ports: [REPLICATION=42099, RATIS=34901, RATIS_ADMIN=34901, RATIS_SERVER=34901, STANDALONE=45037], networkLocation: /default-rack, certSerialId: null, persistedOpState: IN_SERVICE, persistedOpStateExpiryEpochSec: 0}7be7a3ee-2c60-4daa-92d5-fce366cccc9d{ip: 172.17.0.2, host: 70ca58e12b9b, ports: [REPLICATION=41363, RATIS=39539, RATIS_ADMIN=39539, RATIS_SERVER=39539, STANDALONE=33895], networkLocation: /default-rack, certSerialId: null, persistedOpState: IN_SERVICE, persistedOpStateExpiryEpochSec: 0}13cb06b2-640f-4fce-af7e-e16c133353a1{ip: 172.17.0.2, host: 70ca58e12b9b, ports: [REPLICATION=37737, RATIS=35095, RATIS_ADMIN=35095, RATIS_SERVER=35095, STANDALONE=41763], networkLocation: /default-rack, certSerialId: null, persistedOpState: IN_SERVICE, persistedOpStateExpiryEpochSec: 0}, Type:RATIS, Factor:THREE, State:CLOSED, leaderId:7be7a3ee-2c60-4daa-92d5-fce366cccc9d, CreationTimestamp2021-03-17T02:10:43.795Z]
2021-03-17 02:11:30,354 [EventQueue-DeadNodeForDeadNodeHandler] INFO  pipeline.RatisPipelineProvider (RatisPipelineProvider.java:lambda$close$1(200)) - Send pipeline:PipelineID=8e45f5d2-8210-4733-a569-37052fc88d07 close command to datanode c22503ba-573b-463b-9e1c-de44cfeb847d
2021-03-17 02:11:30,355 [EventQueue-DeadNodeForDeadNodeHandler] INFO  pipeline.RatisPipelineProvider (RatisPipelineProvider.java:lambda$close$1(200)) - Send pipeline:PipelineID=8e45f5d2-8210-4733-a569-37052fc88d07 close command to datanode 7be7a3ee-2c60-4daa-92d5-fce366cccc9d
2021-03-17 02:11:30,355 [EventQueue-DeadNodeForDeadNodeHandler] INFO  pipeline.RatisPipelineProvider (RatisPipelineProvider.java:lambda$close$1(200)) - Send pipeline:PipelineID=8e45f5d2-8210-4733-a569-37052fc88d07 close command to datanode 13cb06b2-640f-4fce-af7e-e16c133353a1
2021-03-17 02:11:30,355 [EventQueue-DeadNodeForDeadNodeHandler] INFO  pipeline.PipelineStateManager (PipelineStateManager.java:removePipeline(106)) - Pipeline Pipeline[ Id: 8e45f5d2-8210-4733-a569-37052fc88d07, Nodes: c22503ba-573b-463b-9e1c-de44cfeb847d{ip: 172.17.0.2, host: 70ca58e12b9b, ports: [REPLICATION=42099, RATIS=34901, RATIS_ADMIN=34901, RATIS_SERVER=34901, STANDALONE=45037], networkLocation: /default-rack, certSerialId: null, persistedOpState: IN_SERVICE, persistedOpStateExpiryEpochSec: 0}7be7a3ee-2c60-4daa-92d5-fce366cccc9d{ip: 172.17.0.2, host: 70ca58e12b9b, ports: [REPLICATION=41363, RATIS=39539, RATIS_ADMIN=39539, RATIS_SERVER=39539, STANDALONE=33895], networkLocation: /default-rack, certSerialId: null, persistedOpState: IN_SERVICE, persistedOpStateExpiryEpochSec: 0}13cb06b2-640f-4fce-af7e-e16c133353a1{ip: 172.17.0.2, host: 70ca58e12b9b, ports: [REPLICATION=37737, RATIS=35095, RATIS_ADMIN=35095, RATIS_SERVER=35095, STANDALONE=41763], networkLocation: /default-rack, certSerialId: null, persistedOpState: IN_SERVICE, persistedOpStateExpiryEpochSec: 0}, Type:RATIS, Factor:THREE, State:CLOSED, leaderId:7be7a3ee-2c60-4daa-92d5-fce366cccc9d, CreationTimestamp2021-03-17T02:10:43.795Z] removed from db
2021-03-17 02:11:30,355 [EventQueue-DeadNodeForDeadNodeHandler] INFO  pipeline.SCMPipelineManager (SCMPipelineManager.java:finalizeAndDestroyPipeline(483)) - Destroying pipeline:Pipeline[ Id: c5eea603-c6ee-4af4-88ab-8ed7b52ccd89, Nodes: 7be7a3ee-2c60-4daa-92d5-fce366cccc9d{ip: 172.17.0.2, host: 70ca58e12b9b, ports: [REPLICATION=41363, RATIS=39539, RATIS_ADMIN=39539, RATIS_SERVER=39539, STANDALONE=33895], networkLocation: /default-rack, certSerialId: null, persistedOpState: IN_SERVICE, persistedOpStateExpiryEpochSec: 0}, Type:RATIS, Factor:ONE, State:CLOSED, leaderId:7be7a3ee-2c60-4daa-92d5-fce366cccc9d, CreationTimestamp2021-03-17T02:10:14.619Z]
2021-03-17 02:11:30,355 [EventQueue-DeadNodeForDeadNodeHandler] INFO  pipeline.RatisPipelineProvider (RatisPipelineProvider.java:lambda$close$1(200)) - Send pipeline:PipelineID=c5eea603-c6ee-4af4-88ab-8ed7b52ccd89 close command to datanode 7be7a3ee-2c60-4daa-92d5-fce366cccc9d
2021-03-17 02:11:30,356 [EventQueue-DeadNodeForDeadNodeHandler] INFO  pipeline.PipelineStateManager (PipelineStateManager.java:removePipeline(106)) - Pipeline Pipeline[ Id: c5eea603-c6ee-4af4-88ab-8ed7b52ccd89, Nodes: 7be7a3ee-2c60-4daa-92d5-fce366cccc9d{ip: 172.17.0.2, host: 70ca58e12b9b, ports: [REPLICATION=41363, RATIS=39539, RATIS_ADMIN=39539, RATIS_SERVER=39539, STANDALONE=33895], networkLocation: /default-rack, certSerialId: null, persistedOpState: IN_SERVICE, persistedOpStateExpiryEpochSec: 0}, Type:RATIS, Factor:ONE, State:CLOSED, leaderId:7be7a3ee-2c60-4daa-92d5-fce366cccc9d, CreationTimestamp2021-03-17T02:10:14.619Z] removed from db
2021-03-17 02:11:30,356 [EventQueue-DeadNodeForDeadNodeHandler] INFO  pipeline.SCMPipelineManager (SCMPipelineManager.java:finalizeAndDestroyPipeline(483)) - Destroying pipeline:Pipeline[ Id: 9e161d5c-af13-4e41-81f9-8392a6716ddc, Nodes: 7be7a3ee-2c60-4daa-92d5-fce366cccc9d{ip: 172.17.0.2, host: 70ca58e12b9b, ports: [REPLICATION=41363, RATIS=39539, RATIS_ADMIN=39539, RATIS_SERVER=39539, STANDALONE=33895], networkLocation: /default-rack, certSerialId: null, persistedOpState: IN_SERVICE, persistedOpStateExpiryEpochSec: 0}c22503ba-573b-463b-9e1c-de44cfeb847d{ip: 172.17.0.2, host: 70ca58e12b9b, ports: [REPLICATION=42099, RATIS=34901, RATIS_ADMIN=34901, RATIS_SERVER=34901, STANDALONE=45037], networkLocation: /default-rack, certSerialId: null, persistedOpState: IN_SERVICE, persistedOpStateExpiryEpochSec: 0}13cb06b2-640f-4fce-af7e-e16c133353a1{ip: 172.17.0.2, host: 70ca58e12b9b, ports: [REPLICATION=37737, RATIS=35095, RATIS_ADMIN=35095, RATIS_SERVER=35095, STANDALONE=41763], networkLocation: /default-rack, certSerialId: null, persistedOpState: IN_SERVICE, persistedOpStateExpiryEpochSec: 0}, Type:RATIS, Factor:THREE, State:CLOSED, leaderId:c22503ba-573b-463b-9e1c-de44cfeb847d, CreationTimestamp2021-03-17T02:10:43.794Z]
2021-03-17 02:11:30,356 [EventQueue-DeadNodeForDeadNodeHandler] INFO  pipeline.RatisPipelineProvider (RatisPipelineProvider.java:lambda$close$1(200)) - Send pipeline:PipelineID=9e161d5c-af13-4e41-81f9-8392a6716ddc close command to datanode 7be7a3ee-2c60-4daa-92d5-fce366cccc9d
2021-03-17 02:11:30,356 [EventQueue-DeadNodeForDeadNodeHandler] INFO  pipeline.RatisPipelineProvider (RatisPipelineProvider.java:lambda$close$1(200)) - Send pipeline:PipelineID=9e161d5c-af13-4e41-81f9-8392a6716ddc close command to datanode c22503ba-573b-463b-9e1c-de44cfeb847d
2021-03-17 02:11:30,356 [EventQueue-DeadNodeForDeadNodeHandler] INFO  pipeline.RatisPipelineProvider (RatisPipelineProvider.java:lambda$close$1(200)) - Send pipeline:PipelineID=9e161d5c-af13-4e41-81f9-8392a6716ddc close command to datanode 13cb06b2-640f-4fce-af7e-e16c133353a1
2021-03-17 02:11:30,356 [EventQueue-DeadNodeForDeadNodeHandler] INFO  pipeline.PipelineStateManager (PipelineStateManager.java:removePipeline(106)) - Pipeline Pipeline[ Id: 9e161d5c-af13-4e41-81f9-8392a6716ddc, Nodes: 7be7a3ee-2c60-4daa-92d5-fce366cccc9d{ip: 172.17.0.2, host: 70ca58e12b9b, ports: [REPLICATION=41363, RATIS=39539, RATIS_ADMIN=39539, RATIS_SERVER=39539, STANDALONE=33895], networkLocation: /default-rack, certSerialId: null, persistedOpState: IN_SERVICE, persistedOpStateExpiryEpochSec: 0}c22503ba-573b-463b-9e1c-de44cfeb847d{ip: 172.17.0.2, host: 70ca58e12b9b, ports: [REPLICATION=42099, RATIS=34901, RATIS_ADMIN=34901, RATIS_SERVER=34901, STANDALONE=45037], networkLocation: /default-rack, certSerialId: null, persistedOpState: IN_SERVICE, persistedOpStateExpiryEpochSec: 0}13cb06b2-640f-4fce-af7e-e16c133353a1{ip: 172.17.0.2, host: 70ca58e12b9b, ports: [REPLICATION=37737, RATIS=35095, RATIS_ADMIN=35095, RATIS_SERVER=35095, STANDALONE=41763], networkLocation: /default-rack, certSerialId: null, persistedOpState: IN_SERVICE, persistedOpStateExpiryEpochSec: 0}, Type:RATIS, Factor:THREE, State:CLOSED, leaderId:c22503ba-573b-463b-9e1c-de44cfeb847d, CreationTimestamp2021-03-17T02:10:43.794Z] removed from db
2021-03-17 02:11:30,359 [RatisPipelineUtilsThread] INFO  pipeline.RatisPipelineProvider (RatisPipelineProvider.java:lambda$create$0(161)) - Sending CreatePipelineCommand for pipeline:PipelineID=4a2f6ddd-6b67-452e-adff-3cb16a512f3c to datanode:13cb06b2-640f-4fce-af7e-e16c133353a1
2021-03-17 02:11:30,359 [RatisPipelineUtilsThread] INFO  pipeline.RatisPipelineProvider (RatisPipelineProvider.java:lambda$create$0(161)) - Sending CreatePipelineCommand for pipeline:PipelineID=4a2f6ddd-6b67-452e-adff-3cb16a512f3c to datanode:888dbe71-6008-4ebf-8f97-777673ccf37c
2021-03-17 02:11:30,359 [RatisPipelineUtilsThread] INFO  pipeline.RatisPipelineProvider (RatisPipelineProvider.java:lambda$create$0(161)) - Sending CreatePipelineCommand for pipeline:PipelineID=4a2f6ddd-6b67-452e-adff-3cb16a512f3c to datanode:c22503ba-573b-463b-9e1c-de44cfeb847d
2021-03-17 02:11:30,359 [RatisPipelineUtilsThread] INFO  pipeline.PipelineStateManager (PipelineStateManager.java:addPipeline(54)) - Created pipeline Pipeline[ Id: 4a2f6ddd-6b67-452e-adff-3cb16a512f3c, Nodes: 13cb06b2-640f-4fce-af7e-e16c133353a1{ip: 172.17.0.2, host: 70ca58e12b9b, ports: [REPLICATION=37737, RATIS=35095, RATIS_ADMIN=35095, RATIS_SERVER=35095, STANDALONE=41763], networkLocation: /default-rack, certSerialId: null, persistedOpState: IN_SERVICE, persistedOpStateExpiryEpochSec: 0}888dbe71-6008-4ebf-8f97-777673ccf37c{ip: 172.17.0.2, host: 70ca58e12b9b, ports: [REPLICATION=42049, RATIS=32769, RATIS_ADMIN=32769, RATIS_SERVER=32769, STANDALONE=40723], networkLocation: /default-rack, certSerialId: null, persistedOpState: IN_SERVICE, persistedOpStateExpiryEpochSec: 0}c22503ba-573b-463b-9e1c-de44cfeb847d{ip: 172.17.0.2, host: 70ca58e12b9b, ports: [REPLICATION=42099, RATIS=34901, RATIS_ADMIN=34901, RATIS_SERVER=34901, STANDALONE=45037], networkLocation: /default-rack, certSerialId: null, persistedOpState: IN_SERVICE, persistedOpStateExpiryEpochSec: 0}, Type:RATIS, Factor:THREE, State:ALLOCATED, leaderId:, CreationTimestamp2021-03-17T02:11:30.359Z]
2021-03-17 02:11:30,360 [RatisPipelineUtilsThread] INFO  pipeline.RatisPipelineProvider (RatisPipelineProvider.java:lambda$create$0(161)) - Sending CreatePipelineCommand for pipeline:PipelineID=a6fe26c1-585c-400e-a249-b4fc4e626c64 to datanode:888dbe71-6008-4ebf-8f97-777673ccf37c
2021-03-17 02:11:30,360 [RatisPipelineUtilsThread] INFO  pipeline.RatisPipelineProvider (RatisPipelineProvider.java:lambda$create$0(161)) - Sending CreatePipelineCommand for pipeline:PipelineID=a6fe26c1-585c-400e-a249-b4fc4e626c64 to datanode:13cb06b2-640f-4fce-af7e-e16c133353a1
2021-03-17 02:11:30,360 [RatisPipelineUtilsThread] INFO  pipeline.RatisPipelineProvider (RatisPipelineProvider.java:lambda$create$0(161)) - Sending CreatePipelineCommand for pipeline:PipelineID=a6fe26c1-585c-400e-a249-b4fc4e626c64 to datanode:c22503ba-573b-463b-9e1c-de44cfeb847d
2021-03-17 02:11:30,360 [RatisPipelineUtilsThread] INFO  pipeline.PipelineStateManager (PipelineStateManager.java:addPipeline(54)) - Created pipeline Pipeline[ Id: a6fe26c1-585c-400e-a249-b4fc4e626c64, Nodes: 888dbe71-6008-4ebf-8f97-777673ccf37c{ip: 172.17.0.2, host: 70ca58e12b9b, ports: [REPLICATION=42049, RATIS=32769, RATIS_ADMIN=32769, RATIS_SERVER=32769, STANDALONE=40723], networkLocation: /default-rack, certSerialId: null, persistedOpState: IN_SERVICE, persistedOpStateExpiryEpochSec: 0}13cb06b2-640f-4fce-af7e-e16c133353a1{ip: 172.17.0.2, host: 70ca58e12b9b, ports: [REPLICATION=37737, RATIS=35095, RATIS_ADMIN=35095, RATIS_SERVER=35095, STANDALONE=41763], networkLocation: /default-rack, certSerialId: null, persistedOpState: IN_SERVICE, persistedOpStateExpiryEpochSec: 0}c22503ba-573b-463b-9e1c-de44cfeb847d{ip: 172.17.0.2, host: 70ca58e12b9b, ports: [REPLICATION=42099, RATIS=34901, RATIS_ADMIN=34901, RATIS_SERVER=34901, STANDALONE=45037], networkLocation: /default-rack, certSerialId: null, persistedOpState: IN_SERVICE, persistedOpStateExpiryEpochSec: 0}, Type:RATIS, Factor:THREE, State:ALLOCATED, leaderId:, CreationTimestamp2021-03-17T02:11:30.360Z]
2021-03-17 02:11:30,360 [RatisPipelineUtilsThread] INFO  pipeline.SCMPipelineManager (SCMPipelineManager.java:recordMetricsForPipeline(243)) - Pipeline: PipelineID=a6fe26c1-585c-400e-a249-b4fc4e626c64 contains same datanodes as previous pipelines: PipelineID=4a2f6ddd-6b67-452e-adff-3cb16a512f3c nodeIds: 888dbe71-6008-4ebf-8f97-777673ccf37c, 13cb06b2-640f-4fce-af7e-e16c133353a1, c22503ba-573b-463b-9e1c-de44cfeb847d
2021-03-17 02:11:30,554 [EventQueue-DeadNodeForDeadNodeHandler] INFO  node.DeadNodeHandler (DeadNodeHandler.java:onMessage(77)) - A dead datanode is detected. 37b60bae-9d6d-40b8-9851-2e9be12703e9{ip: 172.17.0.2, host: 70ca58e12b9b, ports: [REPLICATION=41081, RATIS=46279, RATIS_ADMIN=46279, RATIS_SERVER=46279, STANDALONE=42859], networkLocation: /default-rack, certSerialId: null, persistedOpState: IN_SERVICE, persistedOpStateExpiryEpochSec: 0}
2021-03-17 02:11:30,554 [EventQueue-DeadNodeForDeadNodeHandler] INFO  pipeline.SCMPipelineManager (SCMPipelineManager.java:finalizeAndDestroyPipeline(483)) - Destroying pipeline:Pipeline[ Id: bf048bff-8cd1-4cf6-83b3-2788439afc0c, Nodes: 37b60bae-9d6d-40b8-9851-2e9be12703e9{ip: 172.17.0.2, host: 70ca58e12b9b, ports: [REPLICATION=41081, RATIS=46279, RATIS_ADMIN=46279, RATIS_SERVER=46279, STANDALONE=42859], networkLocation: /default-rack, certSerialId: null, persistedOpState: IN_SERVICE, persistedOpStateExpiryEpochSec: 0}888dbe71-6008-4ebf-8f97-777673ccf37c{ip: 172.17.0.2, host: 70ca58e12b9b, ports: [REPLICATION=42049, RATIS=32769, RATIS_ADMIN=32769, RATIS_SERVER=32769, STANDALONE=40723], networkLocation: /default-rack, certSerialId: null, persistedOpState: IN_SERVICE, persistedOpStateExpiryEpochSec: 0}edc886fb-3392-4280-b977-eac73b957932{ip: 172.17.0.2, host: 70ca58e12b9b, ports: [REPLICATION=46347, RATIS=45405, RATIS_ADMIN=45405, RATIS_SERVER=45405, STANDALONE=36351], networkLocation: /default-rack, certSerialId: null, persistedOpState: IN_SERVICE, persistedOpStateExpiryEpochSec: 0}, Type:RATIS, Factor:THREE, State:CLOSED, leaderId:37b60bae-9d6d-40b8-9851-2e9be12703e9, CreationTimestamp2021-03-17T02:10:15.465Z]
2021-03-17 02:11:30,555 [EventQueue-DeadNodeForDeadNodeHandler] INFO  pipeline.RatisPipelineProvider (RatisPipelineProvider.java:lambda$close$1(200)) - Send pipeline:PipelineID=bf048bff-8cd1-4cf6-83b3-2788439afc0c close command to datanode 37b60bae-9d6d-40b8-9851-2e9be12703e9
2021-03-17 02:11:30,555 [EventQueue-DeadNodeForDeadNodeHandler] INFO  pipeline.RatisPipelineProvider (RatisPipelineProvider.java:lambda$close$1(200)) - Send pipeline:PipelineID=bf048bff-8cd1-4cf6-83b3-2788439afc0c close command to datanode 888dbe71-6008-4ebf-8f97-777673ccf37c
2021-03-17 02:11:30,555 [EventQueue-DeadNodeForDeadNodeHandler] INFO  pipeline.RatisPipelineProvider (RatisPipelineProvider.java:lambda$close$1(200)) - Send pipeline:PipelineID=bf048bff-8cd1-4cf6-83b3-2788439afc0c close command to datanode edc886fb-3392-4280-b977-eac73b957932
2021-03-17 02:11:30,555 [EventQueue-DeadNodeForDeadNodeHandler] INFO  pipeline.PipelineStateManager (PipelineStateManager.java:removePipeline(106)) - Pipeline Pipeline[ Id: bf048bff-8cd1-4cf6-83b3-2788439afc0c, Nodes: 37b60bae-9d6d-40b8-9851-2e9be12703e9{ip: 172.17.0.2, host: 70ca58e12b9b, ports: [REPLICATION=41081, RATIS=46279, RATIS_ADMIN=46279, RATIS_SERVER=46279, STANDALONE=42859], networkLocation: /default-rack, certSerialId: null, persistedOpState: IN_SERVICE, persistedOpStateExpiryEpochSec: 0}888dbe71-6008-4ebf-8f97-777673ccf37c{ip: 172.17.0.2, host: 70ca58e12b9b, ports: [REPLICATION=42049, RATIS=32769, RATIS_ADMIN=32769, RATIS_SERVER=32769, STANDALONE=40723], networkLocation: /default-rack, certSerialId: null, persistedOpState: IN_SERVICE, persistedOpStateExpiryEpochSec: 0}edc886fb-3392-4280-b977-eac73b957932{ip: 172.17.0.2, host: 70ca58e12b9b, ports: [REPLICATION=46347, RATIS=45405, RATIS_ADMIN=45405, RATIS_SERVER=45405, STANDALONE=36351], networkLocation: /default-rack, certSerialId: null, persistedOpState: IN_SERVICE, persistedOpStateExpiryEpochSec: 0}, Type:RATIS, Factor:THREE, State:CLOSED, leaderId:37b60bae-9d6d-40b8-9851-2e9be12703e9, CreationTimestamp2021-03-17T02:10:15.465Z] removed from db
2021-03-17 02:11:30,556 [EventQueue-DeadNodeForDeadNodeHandler] INFO  pipeline.SCMPipelineManager (SCMPipelineManager.java:finalizeAndDestroyPipeline(483)) - Destroying pipeline:Pipeline[ Id: eb7140b3-8d2d-4bc8-b775-7a770b342a66, Nodes: edc886fb-3392-4280-b977-eac73b957932{ip: 172.17.0.2, host: 70ca58e12b9b, ports: [REPLICATION=46347, RATIS=45405, RATIS_ADMIN=45405, RATIS_SERVER=45405, STANDALONE=36351], networkLocation: /default-rack, certSerialId: null, persistedOpState: IN_SERVICE, persistedOpStateExpiryEpochSec: 0}888dbe71-6008-4ebf-8f97-777673ccf37c{ip: 172.17.0.2, host: 70ca58e12b9b, ports: [REPLICATION=42049, RATIS=32769, RATIS_ADMIN=32769, RATIS_SERVER=32769, STANDALONE=40723], networkLocation: /default-rack, certSerialId: null, persistedOpState: IN_SERVICE, persistedOpStateExpiryEpochSec: 0}37b60bae-9d6d-40b8-9851-2e9be12703e9{ip: 172.17.0.2, host: 70ca58e12b9b, ports: [REPLICATION=41081, RATIS=46279, RATIS_ADMIN=46279, RATIS_SERVER=46279, STANDALONE=42859], networkLocation: /default-rack, certSerialId: null, persistedOpState: IN_SERVICE, persistedOpStateExpiryEpochSec: 0}, Type:RATIS, Factor:THREE, State:CLOSED, leaderId:edc886fb-3392-4280-b977-eac73b957932, CreationTimestamp2021-03-17T02:10:15.463Z]
2021-03-17 02:11:30,556 [EventQueue-DeadNodeForDeadNodeHandler] INFO  pipeline.RatisPipelineProvider (RatisPipelineProvider.java:lambda$close$1(200)) - Send pipeline:PipelineID=eb7140b3-8d2d-4bc8-b775-7a770b342a66 close command to datanode edc886fb-3392-4280-b977-eac73b957932
2021-03-17 02:11:30,556 [EventQueue-DeadNodeForDeadNodeHandler] INFO  pipeline.RatisPipelineProvider (RatisPipelineProvider.java:lambda$close$1(200)) - Send pipeline:PipelineID=eb7140b3-8d2d-4bc8-b775-7a770b342a66 close command to datanode 888dbe71-6008-4ebf-8f97-777673ccf37c
2021-03-17 02:11:30,556 [EventQueue-DeadNodeForDeadNodeHandler] INFO  pipeline.RatisPipelineProvider (RatisPipelineProvider.java:lambda$close$1(200)) - Send pipeline:PipelineID=eb7140b3-8d2d-4bc8-b775-7a770b342a66 close command to datanode 37b60bae-9d6d-40b8-9851-2e9be12703e9
2021-03-17 02:11:30,557 [EventQueue-DeadNodeForDeadNodeHandler] INFO  pipeline.PipelineStateManager (PipelineStateManager.java:removePipeline(106)) - Pipeline Pipeline[ Id: eb7140b3-8d2d-4bc8-b775-7a770b342a66, Nodes: edc886fb-3392-4280-b977-eac73b957932{ip: 172.17.0.2, host: 70ca58e12b9b, ports: [REPLICATION=46347, RATIS=45405, RATIS_ADMIN=45405, RATIS_SERVER=45405, STANDALONE=36351], networkLocation: /default-rack, certSerialId: null, persistedOpState: IN_SERVICE, persistedOpStateExpiryEpochSec: 0}888dbe71-6008-4ebf-8f97-777673ccf37c{ip: 172.17.0.2, host: 70ca58e12b9b, ports: [REPLICATION=42049, RATIS=32769, RATIS_ADMIN=32769, RATIS_SERVER=32769, STANDALONE=40723], networkLocation: /default-rack, certSerialId: null, persistedOpState: IN_SERVICE, persistedOpStateExpiryEpochSec: 0}37b60bae-9d6d-40b8-9851-2e9be12703e9{ip: 172.17.0.2, host: 70ca58e12b9b, ports: [REPLICATION=41081, RATIS=46279, RATIS_ADMIN=46279, RATIS_SERVER=46279, STANDALONE=42859], networkLocation: /default-rack, certSerialId: null, persistedOpState: IN_SERVICE, persistedOpStateExpiryEpochSec: 0}, Type:RATIS, Factor:THREE, State:CLOSED, leaderId:edc886fb-3392-4280-b977-eac73b957932, CreationTimestamp2021-03-17T02:10:15.463Z] removed from db
2021-03-17 02:11:30,557 [EventQueue-DeadNodeForDeadNodeHandler] INFO  pipeline.SCMPipelineManager (SCMPipelineManager.java:finalizeAndDestroyPipeline(483)) - Destroying pipeline:Pipeline[ Id: 50c93adb-4d03-4ae7-ad94-c25e8b788a8f, Nodes: 37b60bae-9d6d-40b8-9851-2e9be12703e9{ip: 172.17.0.2, host: 70ca58e12b9b, ports: [REPLICATION=41081, RATIS=46279, RATIS_ADMIN=46279, RATIS_SERVER=46279, STANDALONE=42859], networkLocation: /default-rack, certSerialId: null, persistedOpState: IN_SERVICE, persistedOpStateExpiryEpochSec: 0}, Type:RATIS, Factor:ONE, State:CLOSED, leaderId:37b60bae-9d6d-40b8-9851-2e9be12703e9, CreationTimestamp2021-03-17T02:10:15.286Z]
2021-03-17 02:11:30,559 [EventQueue-DeadNodeForDeadNodeHandler] INFO  pipeline.RatisPipelineProvider (RatisPipelineProvider.java:lambda$close$1(200)) - Send pipeline:PipelineID=50c93adb-4d03-4ae7-ad94-c25e8b788a8f close command to datanode 37b60bae-9d6d-40b8-9851-2e9be12703e9
2021-03-17 02:11:30,559 [EventQueue-DeadNodeForDeadNodeHandler] INFO  pipeline.PipelineStateManager (PipelineStateManager.java:removePipeline(106)) - Pipeline Pipeline[ Id: 50c93adb-4d03-4ae7-ad94-c25e8b788a8f, Nodes: 37b60bae-9d6d-40b8-9851-2e9be12703e9{ip: 172.17.0.2, host: 70ca58e12b9b, ports: [REPLICATION=41081, RATIS=46279, RATIS_ADMIN=46279, RATIS_SERVER=46279, STANDALONE=42859], networkLocation: /default-rack, certSerialId: null, persistedOpState: IN_SERVICE, persistedOpStateExpiryEpochSec: 0}, Type:RATIS, Factor:ONE, State:CLOSED, leaderId:37b60bae-9d6d-40b8-9851-2e9be12703e9, CreationTimestamp2021-03-17T02:10:15.286Z] removed from db
2021-03-17 02:11:30,955 [EventQueue-StaleNodeForStaleNodeHandler] INFO  node.StaleNodeHandler (StaleNodeHandler.java:onMessage(58)) - Datanode c22503ba-573b-463b-9e1c-de44cfeb847d{ip: 172.17.0.2, host: 70ca58e12b9b, ports: [REPLICATION=42099, RATIS=34901, RATIS_ADMIN=34901, RATIS_SERVER=34901, STANDALONE=45037], networkLocation: /default-rack, certSerialId: null, persistedOpState: IN_SERVICE, persistedOpStateExpiryEpochSec: 0} moved to stale state. Finalizing its pipelines [PipelineID=a1cf331a-0a15-452c-96f7-76dd814d993b, PipelineID=4a2f6ddd-6b67-452e-adff-3cb16a512f3c, PipelineID=a6fe26c1-585c-400e-a249-b4fc4e626c64]
2021-03-17 02:11:30,955 [EventQueue-StaleNodeForStaleNodeHandler] INFO  pipeline.SCMPipelineManager (SCMPipelineManager.java:finalizeAndDestroyPipeline(483)) - Destroying pipeline:Pipeline[ Id: a1cf331a-0a15-452c-96f7-76dd814d993b, Nodes: c22503ba-573b-463b-9e1c-de44cfeb847d{ip: 172.17.0.2, host: 70ca58e12b9b, ports: [REPLICATION=42099, RATIS=34901, RATIS_ADMIN=34901, RATIS_SERVER=34901, STANDALONE=45037], networkLocation: /default-rack, certSerialId: null, persistedOpState: IN_SERVICE, persistedOpStateExpiryEpochSec: 0}, Type:RATIS, Factor:ONE, State:OPEN, leaderId:c22503ba-573b-463b-9e1c-de44cfeb847d, CreationTimestamp2021-03-17T02:10:14.429Z]
2021-03-17 02:11:30,955 [EventQueue-StaleNodeForStaleNodeHandler] INFO  pipeline.PipelineStateManager (PipelineStateManager.java:finalizePipeline(121)) - Pipeline Pipeline[ Id: a1cf331a-0a15-452c-96f7-76dd814d993b, Nodes: c22503ba-573b-463b-9e1c-de44cfeb847d{ip: 172.17.0.2, host: 70ca58e12b9b, ports: [REPLICATION=42099, RATIS=34901, RATIS_ADMIN=34901, RATIS_SERVER=34901, STANDALONE=45037], networkLocation: /default-rack, certSerialId: null, persistedOpState: IN_SERVICE, persistedOpStateExpiryEpochSec: 0}, Type:RATIS, Factor:ONE, State:CLOSED, leaderId:c22503ba-573b-463b-9e1c-de44cfeb847d, CreationTimestamp2021-03-17T02:10:14.429Z] moved to CLOSED state
2021-03-17 02:11:30,956 [EventQueue-StaleNodeForStaleNodeHandler] INFO  pipeline.SCMPipelineManager (SCMPipelineManager.java:finalizeAndDestroyPipeline(483)) - Destroying pipeline:Pipeline[ Id: 4a2f6ddd-6b67-452e-adff-3cb16a512f3c, Nodes: 13cb06b2-640f-4fce-af7e-e16c133353a1{ip: 172.17.0.2, host: 70ca58e12b9b, ports: [REPLICATION=37737, RATIS=35095, RATIS_ADMIN=35095, RATIS_SERVER=35095, STANDALONE=41763], networkLocation: /default-rack, certSerialId: null, persistedOpState: IN_SERVICE, persistedOpStateExpiryEpochSec: 0}888dbe71-6008-4ebf-8f97-777673ccf37c{ip: 172.17.0.2, host: 70ca58e12b9b, ports: [REPLICATION=42049, RATIS=32769, RATIS_ADMIN=32769, RATIS_SERVER=32769, STANDALONE=40723], networkLocation: /default-rack, certSerialId: null, persistedOpState: IN_SERVICE, persistedOpStateExpiryEpochSec: 0}c22503ba-573b-463b-9e1c-de44cfeb847d{ip: 172.17.0.2, host: 70ca58e12b9b, ports: [REPLICATION=42099, RATIS=34901, RATIS_ADMIN=34901, RATIS_SERVER=34901, STANDALONE=45037], networkLocation: /default-rack, certSerialId: null, persistedOpState: IN_SERVICE, persistedOpStateExpiryEpochSec: 0}, Type:RATIS, Factor:THREE, State:ALLOCATED, leaderId:, CreationTimestamp2021-03-17T02:11:30.359Z]
2021-03-17 02:11:30,956 [EventQueue-StaleNodeForStaleNodeHandler] INFO  pipeline.PipelineStateManager (PipelineStateManager.java:finalizePipeline(121)) - Pipeline Pipeline[ Id: 4a2f6ddd-6b67-452e-adff-3cb16a512f3c, Nodes: 13cb06b2-640f-4fce-af7e-e16c133353a1{ip: 172.17.0.2, host: 70ca58e12b9b, ports: [REPLICATION=37737, RATIS=35095, RATIS_ADMIN=35095, RATIS_SERVER=35095, STANDALONE=41763], networkLocation: /default-rack, certSerialId: null, persistedOpState: IN_SERVICE, persistedOpStateExpiryEpochSec: 0}888dbe71-6008-4ebf-8f97-777673ccf37c{ip: 172.17.0.2, host: 70ca58e12b9b, ports: [REPLICATION=42049, RATIS=32769, RATIS_ADMIN=32769, RATIS_SERVER=32769, STANDALONE=40723], networkLocation: /default-rack, certSerialId: null, persistedOpState: IN_SERVICE, persistedOpStateExpiryEpochSec: 0}c22503ba-573b-463b-9e1c-de44cfeb847d{ip: 172.17.0.2, host: 70ca58e12b9b, ports: [REPLICATION=42099, RATIS=34901, RATIS_ADMIN=34901, RATIS_SERVER=34901, STANDALONE=45037], networkLocation: /default-rack, certSerialId: null, persistedOpState: IN_SERVICE, persistedOpStateExpiryEpochSec: 0}, Type:RATIS, Factor:THREE, State:CLOSED, leaderId:, CreationTimestamp2021-03-17T02:11:30.359Z] moved to CLOSED state
2021-03-17 02:11:30,957 [EventQueue-StaleNodeForStaleNodeHandler] INFO  pipeline.SCMPipelineManager (SCMPipelineManager.java:finalizeAndDestroyPipeline(483)) - Destroying pipeline:Pipeline[ Id: a6fe26c1-585c-400e-a249-b4fc4e626c64, Nodes: 888dbe71-6008-4ebf-8f97-777673ccf37c{ip: 172.17.0.2, host: 70ca58e12b9b, ports: [REPLICATION=42049, RATIS=32769, RATIS_ADMIN=32769, RATIS_SERVER=32769, STANDALONE=40723], networkLocation: /default-rack, certSerialId: null, persistedOpState: IN_SERVICE, persistedOpStateExpiryEpochSec: 0}13cb06b2-640f-4fce-af7e-e16c133353a1{ip: 172.17.0.2, host: 70ca58e12b9b, ports: [REPLICATION=37737, RATIS=35095, RATIS_ADMIN=35095, RATIS_SERVER=35095, STANDALONE=41763], networkLocation: /default-rack, certSerialId: null, persistedOpState: IN_SERVICE, persistedOpStateExpiryEpochSec: 0}c22503ba-573b-463b-9e1c-de44cfeb847d{ip: 172.17.0.2, host: 70ca58e12b9b, ports: [REPLICATION=42099, RATIS=34901, RATIS_ADMIN=34901, RATIS_SERVER=34901, STANDALONE=45037], networkLocation: /default-rack, certSerialId: null, persistedOpState: IN_SERVICE, persistedOpStateExpiryEpochSec: 0}, Type:RATIS, Factor:THREE, State:ALLOCATED, leaderId:, CreationTimestamp2021-03-17T02:11:30.360Z]
2021-03-17 02:11:30,957 [EventQueue-StaleNodeForStaleNodeHandler] INFO  pipeline.PipelineStateManager (PipelineStateManager.java:finalizePipeline(121)) - Pipeline Pipeline[ Id: a6fe26c1-585c-400e-a249-b4fc4e626c64, Nodes: 888dbe71-6008-4ebf-8f97-777673ccf37c{ip: 172.17.0.2, host: 70ca58e12b9b, ports: [REPLICATION=42049, RATIS=32769, RATIS_ADMIN=32769, RATIS_SERVER=32769, STANDALONE=40723], networkLocation: /default-rack, certSerialId: null, persistedOpState: IN_SERVICE, persistedOpStateExpiryEpochSec: 0}13cb06b2-640f-4fce-af7e-e16c133353a1{ip: 172.17.0.2, host: 70ca58e12b9b, ports: [REPLICATION=37737, RATIS=35095, RATIS_ADMIN=35095, RATIS_SERVER=35095, STANDALONE=41763], networkLocation: /default-rack, certSerialId: null, persistedOpState: IN_SERVICE, persistedOpStateExpiryEpochSec: 0}c22503ba-573b-463b-9e1c-de44cfeb847d{ip: 172.17.0.2, host: 70ca58e12b9b, ports: [REPLICATION=42099, RATIS=34901, RATIS_ADMIN=34901, RATIS_SERVER=34901, STANDALONE=45037], networkLocation: /default-rack, certSerialId: null, persistedOpState: IN_SERVICE, persistedOpStateExpiryEpochSec: 0}, Type:RATIS, Factor:THREE, State:CLOSED, leaderId:, CreationTimestamp2021-03-17T02:11:30.360Z] moved to CLOSED state
2021-03-17 02:11:31,155 [EventQueue-StaleNodeForStaleNodeHandler] INFO  node.StaleNodeHandler (StaleNodeHandler.java:onMessage(58)) - Datanode 13cb06b2-640f-4fce-af7e-e16c133353a1{ip: 172.17.0.2, host: 70ca58e12b9b, ports: [REPLICATION=37737, RATIS=35095, RATIS_ADMIN=35095, RATIS_SERVER=35095, STANDALONE=41763], networkLocation: /default-rack, certSerialId: null, persistedOpState: IN_SERVICE, persistedOpStateExpiryEpochSec: 0} moved to stale state. Finalizing its pipelines [PipelineID=4a2f6ddd-6b67-452e-adff-3cb16a512f3c, PipelineID=55f7e9b5-0534-4489-a221-025ad1a9a4d3, PipelineID=a6fe26c1-585c-400e-a249-b4fc4e626c64]
2021-03-17 02:11:31,156 [EventQueue-StaleNodeForStaleNodeHandler] INFO  pipeline.SCMPipelineManager (SCMPipelineManager.java:finalizeAndDestroyPipeline(483)) - Destroying pipeline:Pipeline[ Id: 4a2f6ddd-6b67-452e-adff-3cb16a512f3c, Nodes: 13cb06b2-640f-4fce-af7e-e16c133353a1{ip: 172.17.0.2, host: 70ca58e12b9b, ports: [REPLICATION=37737, RATIS=35095, RATIS_ADMIN=35095, RATIS_SERVER=35095, STANDALONE=41763], networkLocation: /default-rack, certSerialId: null, persistedOpState: IN_SERVICE, persistedOpStateExpiryEpochSec: 0}888dbe71-6008-4ebf-8f97-777673ccf37c{ip: 172.17.0.2, host: 70ca58e12b9b, ports: [REPLICATION=42049, RATIS=32769, RATIS_ADMIN=32769, RATIS_SERVER=32769, STANDALONE=40723], networkLocation: /default-rack, certSerialId: null, persistedOpState: IN_SERVICE, persistedOpStateExpiryEpochSec: 0}c22503ba-573b-463b-9e1c-de44cfeb847d{ip: 172.17.0.2, host: 70ca58e12b9b, ports: [REPLICATION=42099, RATIS=34901, RATIS_ADMIN=34901, RATIS_SERVER=34901, STANDALONE=45037], networkLocation: /default-rack, certSerialId: null, persistedOpState: IN_SERVICE, persistedOpStateExpiryEpochSec: 0}, Type:RATIS, Factor:THREE, State:CLOSED, leaderId:, CreationTimestamp2021-03-17T02:11:30.359Z]
2021-03-17 02:11:31,156 [EventQueue-StaleNodeForStaleNodeHandler] INFO  pipeline.SCMPipelineManager (SCMPipelineManager.java:finalizeAndDestroyPipeline(483)) - Destroying pipeline:Pipeline[ Id: 55f7e9b5-0534-4489-a221-025ad1a9a4d3, Nodes: 13cb06b2-640f-4fce-af7e-e16c133353a1{ip: 172.17.0.2, host: 70ca58e12b9b, ports: [REPLICATION=37737, RATIS=35095, RATIS_ADMIN=35095, RATIS_SERVER=35095, STANDALONE=41763], networkLocation: /default-rack, certSerialId: null, persistedOpState: IN_SERVICE, persistedOpStateExpiryEpochSec: 0}, Type:RATIS, Factor:ONE, State:OPEN, leaderId:13cb06b2-640f-4fce-af7e-e16c133353a1, CreationTimestamp2021-03-17T02:10:15.646Z]
2021-03-17 02:11:31,156 [EventQueue-StaleNodeForStaleNodeHandler] INFO  pipeline.PipelineStateManager (PipelineStateManager.java:finalizePipeline(121)) - Pipeline Pipeline[ Id: 55f7e9b5-0534-4489-a221-025ad1a9a4d3, Nodes: 13cb06b2-640f-4fce-af7e-e16c133353a1{ip: 172.17.0.2, host: 70ca58e12b9b, ports: [REPLICATION=37737, RATIS=35095, RATIS_ADMIN=35095, RATIS_SERVER=35095, STANDALONE=41763], networkLocation: /default-rack, certSerialId: null, persistedOpState: IN_SERVICE, persistedOpStateExpiryEpochSec: 0}, Type:RATIS, Factor:ONE, State:CLOSED, leaderId:13cb06b2-640f-4fce-af7e-e16c133353a1, CreationTimestamp2021-03-17T02:10:15.646Z] moved to CLOSED state
2021-03-17 02:11:31,157 [EventQueue-StaleNodeForStaleNodeHandler] INFO  pipeline.SCMPipelineManager (SCMPipelineManager.java:finalizeAndDestroyPipeline(483)) - Destroying pipeline:Pipeline[ Id: a6fe26c1-585c-400e-a249-b4fc4e626c64, Nodes: 888dbe71-6008-4ebf-8f97-777673ccf37c{ip: 172.17.0.2, host: 70ca58e12b9b, ports: [REPLICATION=42049, RATIS=32769, RATIS_ADMIN=32769, RATIS_SERVER=32769, STANDALONE=40723], networkLocation: /default-rack, certSerialId: null, persistedOpState: IN_SERVICE, persistedOpStateExpiryEpochSec: 0}13cb06b2-640f-4fce-af7e-e16c133353a1{ip: 172.17.0.2, host: 70ca58e12b9b, ports: [REPLICATION=37737, RATIS=35095, RATIS_ADMIN=35095, RATIS_SERVER=35095, STANDALONE=41763], networkLocation: /default-rack, certSerialId: null, persistedOpState: IN_SERVICE, persistedOpStateExpiryEpochSec: 0}c22503ba-573b-463b-9e1c-de44cfeb847d{ip: 172.17.0.2, host: 70ca58e12b9b, ports: [REPLICATION=42099, RATIS=34901, RATIS_ADMIN=34901, RATIS_SERVER=34901, STANDALONE=45037], networkLocation: /default-rack, certSerialId: null, persistedOpState: IN_SERVICE, persistedOpStateExpiryEpochSec: 0}, Type:RATIS, Factor:THREE, State:CLOSED, leaderId:, CreationTimestamp2021-03-17T02:11:30.360Z]
2021-03-17 02:11:31,209 [Listener at 127.0.0.1/40005] INFO  ozoneimpl.OzoneContainer (OzoneContainer.java:stop(273)) - Attempting to stop container services.
2021-03-17 02:11:31,209 [Listener at 127.0.0.1/40005] INFO  server.RaftServer (RaftServerProxy.java:lambda$close$6(391)) - 888dbe71-6008-4ebf-8f97-777673ccf37c: close
2021-03-17 02:11:31,209 [Listener at 127.0.0.1/40005] INFO  server.RaftServer$Division (RaftServerImpl.java:lambda$close$4(406)) - 888dbe71-6008-4ebf-8f97-777673ccf37c@group-2788439AFC0C: shutdown
2021-03-17 02:11:31,210 [Listener at 127.0.0.1/40005] INFO  util.JmxRegister (JmxRegister.java:unregister(73)) - Successfully un-registered JMX Bean with object name Ratis:service=RaftServer,group=group-2788439AFC0C,id=888dbe71-6008-4ebf-8f97-777673ccf37c
2021-03-17 02:11:31,210 [Listener at 127.0.0.1/40005] INFO  impl.RoleInfo (RoleInfo.java:shutdownFollowerState(108)) - 888dbe71-6008-4ebf-8f97-777673ccf37c: shutdown 888dbe71-6008-4ebf-8f97-777673ccf37c@group-2788439AFC0C-FollowerState
2021-03-17 02:11:31,210 [Listener at 127.0.0.1/40005] INFO  impl.StateMachineUpdater (StateMachineUpdater.java:stopAndJoin(148)) - 888dbe71-6008-4ebf-8f97-777673ccf37c@group-2788439AFC0C-StateMachineUpdater: set stopIndex = 0
2021-03-17 02:11:31,210 [ForkJoinPool.commonPool-worker-0] INFO  server.RaftServer$Division (RaftServerImpl.java:lambda$close$4(406)) - 888dbe71-6008-4ebf-8f97-777673ccf37c@group-591BBB34F33B: shutdown
2021-03-17 02:11:31,210 [Thread-1254] INFO  impl.FollowerState (FollowerState.java:run(142)) - 888dbe71-6008-4ebf-8f97-777673ccf37c@group-2788439AFC0C-FollowerState was interrupted: {}
java.lang.InterruptedException: sleep interrupted
	at java.lang.Thread.sleep(Native Method)
	at java.lang.Thread.sleep(Thread.java:340)
	at java.util.concurrent.TimeUnit.sleep(TimeUnit.java:386)
	at org.apache.ratis.util.TimeDuration.sleep(TimeDuration.java:324)
	at org.apache.ratis.util.TimeDuration.sleep(TimeDuration.java:309)
	at org.apache.ratis.server.impl.FollowerState.run(FollowerState.java:117)
2021-03-17 02:11:31,211 [888dbe71-6008-4ebf-8f97-777673ccf37c@group-2788439AFC0C-StateMachineUpdater] INFO  ratis.ContainerStateMachine (ContainerStateMachine.java:takeSnapshot(291)) - group-2788439AFC0C: Taking a snapshot at:(t:1, i:0) file /github/workspace/mnt/ozone/hadoop-ozone/integration-test/target/test-dir/MiniOzoneClusterImpl-5543d78b-3109-4325-8e4d-d24bfba87b26/datanode-5/data/ratis/bf048bff-8cd1-4cf6-83b3-2788439afc0c/sm/snapshot.1_0
2021-03-17 02:11:31,211 [ForkJoinPool.commonPool-worker-0] INFO  util.JmxRegister (JmxRegister.java:unregister(73)) - Successfully un-registered JMX Bean with object name Ratis:service=RaftServer,group=group-591BBB34F33B,id=888dbe71-6008-4ebf-8f97-777673ccf37c
2021-03-17 02:11:31,211 [ForkJoinPool.commonPool-worker-0] INFO  impl.RoleInfo (RoleInfo.java:shutdownLeaderState(91)) - 888dbe71-6008-4ebf-8f97-777673ccf37c: shutdown 888dbe71-6008-4ebf-8f97-777673ccf37c@group-591BBB34F33B-LeaderStateImpl
2021-03-17 02:11:31,212 [ForkJoinPool.commonPool-worker-0] INFO  impl.PendingRequests (PendingRequests.java:sendNotLeaderResponses(249)) - 888dbe71-6008-4ebf-8f97-777673ccf37c@group-591BBB34F33B-PendingRequests: sendNotLeaderResponses
2021-03-17 02:11:31,213 [888dbe71-6008-4ebf-8f97-777673ccf37c@group-2788439AFC0C-StateMachineUpdater] INFO  ratis.ContainerStateMachine (ContainerStateMachine.java:takeSnapshot(302)) - group-2788439AFC0C: Finished taking a snapshot at:(t:1, i:0) file:/github/workspace/mnt/ozone/hadoop-ozone/integration-test/target/test-dir/MiniOzoneClusterImpl-5543d78b-3109-4325-8e4d-d24bfba87b26/datanode-5/data/ratis/bf048bff-8cd1-4cf6-83b3-2788439afc0c/sm/snapshot.1_0 took: 2 ms
2021-03-17 02:11:31,213 [888dbe71-6008-4ebf-8f97-777673ccf37c@group-2788439AFC0C-StateMachineUpdater] INFO  impl.StateMachineUpdater (StateMachineUpdater.java:takeSnapshot(279)) - 888dbe71-6008-4ebf-8f97-777673ccf37c@group-2788439AFC0C-StateMachineUpdater: Took a snapshot at index 0
2021-03-17 02:11:31,213 [888dbe71-6008-4ebf-8f97-777673ccf37c@group-2788439AFC0C-StateMachineUpdater] INFO  impl.StateMachineUpdater (StateMachineUpdater.java:lambda$new$0(88)) - 888dbe71-6008-4ebf-8f97-777673ccf37c@group-2788439AFC0C-StateMachineUpdater: snapshotIndex: updateIncreasingly -1 -> 0
2021-03-17 02:11:31,213 [ForkJoinPool.commonPool-worker-0] INFO  metrics.RatisMetrics (RatisMetrics.java:unregister(43)) - Unregistering Metrics Registry : ratis.log_appender.888dbe71-6008-4ebf-8f97-777673ccf37c@group-591BBB34F33B
2021-03-17 02:11:31,213 [888dbe71-6008-4ebf-8f97-777673ccf37c@group-2788439AFC0C-StateMachineUpdater] INFO  metrics.RatisMetrics (RatisMetrics.java:unregister(43)) - Unregistering Metrics Registry : ratis.state_machine.888dbe71-6008-4ebf-8f97-777673ccf37c@group-2788439AFC0C
2021-03-17 02:11:31,213 [ForkJoinPool.commonPool-worker-0] INFO  metrics.RatisMetrics (RatisMetrics.java:unregister(43)) - Unregistering Metrics Registry : ratis.server.888dbe71-6008-4ebf-8f97-777673ccf37c@group-591BBB34F33B
2021-03-17 02:11:31,213 [Listener at 127.0.0.1/40005] INFO  server.RaftServer$Division (ServerState.java:close(405)) - 888dbe71-6008-4ebf-8f97-777673ccf37c@group-2788439AFC0C: closes. applyIndex: 0
2021-03-17 02:11:31,214 [888dbe71-6008-4ebf-8f97-777673ccf37c@group-2788439AFC0C-SegmentedRaftLogWorker] INFO  segmented.SegmentedRaftLogWorker (SegmentedRaftLogWorker.java:run(326)) - 888dbe71-6008-4ebf-8f97-777673ccf37c@group-2788439AFC0C-SegmentedRaftLogWorker was interrupted, exiting. There are 0 tasks remaining in the queue.
2021-03-17 02:11:31,214 [Listener at 127.0.0.1/40005] INFO  segmented.SegmentedRaftLogWorker (SegmentedRaftLogWorker.java:close(236)) - 888dbe71-6008-4ebf-8f97-777673ccf37c@group-2788439AFC0C-SegmentedRaftLogWorker close()
2021-03-17 02:11:31,214 [Listener at 127.0.0.1/40005] INFO  metrics.RatisMetrics (RatisMetrics.java:unregister(43)) - Unregistering Metrics Registry : ratis.log_worker.888dbe71-6008-4ebf-8f97-777673ccf37c@group-2788439AFC0C
2021-03-17 02:11:31,214 [Listener at 127.0.0.1/40005] INFO  metrics.RatisMetrics (RatisMetrics.java:unregister(43)) - Unregistering Metrics Registry : ratis.leader_election.888dbe71-6008-4ebf-8f97-777673ccf37c@group-2788439AFC0C
2021-03-17 02:11:31,214 [Listener at 127.0.0.1/40005] INFO  metrics.RatisMetrics (RatisMetrics.java:unregister(43)) - Unregistering Metrics Registry : ratis.server.888dbe71-6008-4ebf-8f97-777673ccf37c@group-2788439AFC0C
2021-03-17 02:11:31,214 [Listener at 127.0.0.1/40005] INFO  server.RaftServer$Division (RaftServerImpl.java:lambda$close$4(406)) - 888dbe71-6008-4ebf-8f97-777673ccf37c@group-7A770B342A66: shutdown
2021-03-17 02:11:31,214 [Listener at 127.0.0.1/40005] INFO  util.JmxRegister (JmxRegister.java:unregister(73)) - Successfully un-registered JMX Bean with object name Ratis:service=RaftServer,group=group-7A770B342A66,id=888dbe71-6008-4ebf-8f97-777673ccf37c
2021-03-17 02:11:31,214 [Listener at 127.0.0.1/40005] INFO  impl.RoleInfo (RoleInfo.java:shutdownFollowerState(108)) - 888dbe71-6008-4ebf-8f97-777673ccf37c: shutdown 888dbe71-6008-4ebf-8f97-777673ccf37c@group-7A770B342A66-FollowerState
2021-03-17 02:11:31,215 [888dbe71-6008-4ebf-8f97-777673ccf37c@group-7A770B342A66-StateMachineUpdater] INFO  ratis.ContainerStateMachine (ContainerStateMachine.java:takeSnapshot(291)) - group-7A770B342A66: Taking a snapshot at:(t:2, i:0) file /github/workspace/mnt/ozone/hadoop-ozone/integration-test/target/test-dir/MiniOzoneClusterImpl-5543d78b-3109-4325-8e4d-d24bfba87b26/datanode-5/data/ratis/eb7140b3-8d2d-4bc8-b775-7a770b342a66/sm/snapshot.2_0
2021-03-17 02:11:31,215 [Listener at 127.0.0.1/40005] INFO  impl.StateMachineUpdater (StateMachineUpdater.java:stopAndJoin(148)) - 888dbe71-6008-4ebf-8f97-777673ccf37c@group-7A770B342A66-StateMachineUpdater: set stopIndex = 0
2021-03-17 02:11:31,215 [888dbe71-6008-4ebf-8f97-777673ccf37c@group-7A770B342A66-StateMachineUpdater] INFO  ratis.ContainerStateMachine (ContainerStateMachine.java:takeSnapshot(302)) - group-7A770B342A66: Finished taking a snapshot at:(t:2, i:0) file:/github/workspace/mnt/ozone/hadoop-ozone/integration-test/target/test-dir/MiniOzoneClusterImpl-5543d78b-3109-4325-8e4d-d24bfba87b26/datanode-5/data/ratis/eb7140b3-8d2d-4bc8-b775-7a770b342a66/sm/snapshot.2_0 took: 1 ms
2021-03-17 02:11:31,216 [888dbe71-6008-4ebf-8f97-777673ccf37c@group-7A770B342A66-StateMachineUpdater] INFO  impl.StateMachineUpdater (StateMachineUpdater.java:takeSnapshot(279)) - 888dbe71-6008-4ebf-8f97-777673ccf37c@group-7A770B342A66-StateMachineUpdater: Took a snapshot at index 0
2021-03-17 02:11:31,216 [888dbe71-6008-4ebf-8f97-777673ccf37c@group-7A770B342A66-StateMachineUpdater] INFO  impl.StateMachineUpdater (StateMachineUpdater.java:lambda$new$0(88)) - 888dbe71-6008-4ebf-8f97-777673ccf37c@group-7A770B342A66-StateMachineUpdater: snapshotIndex: updateIncreasingly -1 -> 0
2021-03-17 02:11:31,216 [888dbe71-6008-4ebf-8f97-777673ccf37c@group-7A770B342A66-StateMachineUpdater] INFO  metrics.RatisMetrics (RatisMetrics.java:unregister(43)) - Unregistering Metrics Registry : ratis.state_machine.888dbe71-6008-4ebf-8f97-777673ccf37c@group-7A770B342A66
2021-03-17 02:11:31,216 [888dbe71-6008-4ebf-8f97-777673ccf37c@group-591BBB34F33B-StateMachineUpdater] INFO  ratis.ContainerStateMachine (ContainerStateMachine.java:takeSnapshot(291)) - group-591BBB34F33B: Taking a snapshot at:(t:1, i:13) file /github/workspace/mnt/ozone/hadoop-ozone/integration-test/target/test-dir/MiniOzoneClusterImpl-5543d78b-3109-4325-8e4d-d24bfba87b26/datanode-5/data/ratis/0b5afd2b-c7d0-4abc-b923-591bbb34f33b/sm/snapshot.1_13
2021-03-17 02:11:31,216 [Listener at 127.0.0.1/40005] INFO  server.RaftServer$Division (ServerState.java:close(405)) - 888dbe71-6008-4ebf-8f97-777673ccf37c@group-7A770B342A66: closes. applyIndex: 0
2021-03-17 02:11:31,217 [888dbe71-6008-4ebf-8f97-777673ccf37c@group-7A770B342A66-SegmentedRaftLogWorker] INFO  segmented.SegmentedRaftLogWorker (SegmentedRaftLogWorker.java:run(326)) - 888dbe71-6008-4ebf-8f97-777673ccf37c@group-7A770B342A66-SegmentedRaftLogWorker was interrupted, exiting. There are 0 tasks remaining in the queue.
2021-03-17 02:11:31,217 [ForkJoinPool.commonPool-worker-0] INFO  impl.StateMachineUpdater (StateMachineUpdater.java:stopAndJoin(148)) - 888dbe71-6008-4ebf-8f97-777673ccf37c@group-591BBB34F33B-StateMachineUpdater: set stopIndex = 13
2021-03-17 02:11:31,217 [Thread-1258] INFO  impl.FollowerState (FollowerState.java:run(142)) - 888dbe71-6008-4ebf-8f97-777673ccf37c@group-7A770B342A66-FollowerState was interrupted: {}
java.lang.InterruptedException: sleep interrupted
	at java.lang.Thread.sleep(Native Method)
	at java.lang.Thread.sleep(Thread.java:340)
	at java.util.concurrent.TimeUnit.sleep(TimeUnit.java:386)
	at org.apache.ratis.util.TimeDuration.sleep(TimeDuration.java:324)
	at org.apache.ratis.util.TimeDuration.sleep(TimeDuration.java:309)
	at org.apache.ratis.server.impl.FollowerState.run(FollowerState.java:117)
2021-03-17 02:11:31,217 [Listener at 127.0.0.1/40005] INFO  segmented.SegmentedRaftLogWorker (SegmentedRaftLogWorker.java:close(236)) - 888dbe71-6008-4ebf-8f97-777673ccf37c@group-7A770B342A66-SegmentedRaftLogWorker close()
2021-03-17 02:11:31,218 [Listener at 127.0.0.1/40005] INFO  metrics.RatisMetrics (RatisMetrics.java:unregister(43)) - Unregistering Metrics Registry : ratis.log_worker.888dbe71-6008-4ebf-8f97-777673ccf37c@group-7A770B342A66
2021-03-17 02:11:31,218 [888dbe71-6008-4ebf-8f97-777673ccf37c@group-591BBB34F33B-StateMachineUpdater] INFO  ratis.ContainerStateMachine (ContainerStateMachine.java:takeSnapshot(302)) - group-591BBB34F33B: Finished taking a snapshot at:(t:1, i:13) file:/github/workspace/mnt/ozone/hadoop-ozone/integration-test/target/test-dir/MiniOzoneClusterImpl-5543d78b-3109-4325-8e4d-d24bfba87b26/datanode-5/data/ratis/0b5afd2b-c7d0-4abc-b923-591bbb34f33b/sm/snapshot.1_13 took: 1 ms
2021-03-17 02:11:31,218 [Listener at 127.0.0.1/40005] INFO  metrics.RatisMetrics (RatisMetrics.java:unregister(43)) - Unregistering Metrics Registry : ratis.leader_election.888dbe71-6008-4ebf-8f97-777673ccf37c@group-7A770B342A66
2021-03-17 02:11:31,218 [Listener at 127.0.0.1/40005] INFO  metrics.RatisMetrics (RatisMetrics.java:unregister(43)) - Unregistering Metrics Registry : ratis.server.888dbe71-6008-4ebf-8f97-777673ccf37c@group-7A770B342A66
2021-03-17 02:11:31,218 [888dbe71-6008-4ebf-8f97-777673ccf37c@group-591BBB34F33B-StateMachineUpdater] INFO  impl.StateMachineUpdater (StateMachineUpdater.java:takeSnapshot(279)) - 888dbe71-6008-4ebf-8f97-777673ccf37c@group-591BBB34F33B-StateMachineUpdater: Took a snapshot at index 13
2021-03-17 02:11:31,218 [888dbe71-6008-4ebf-8f97-777673ccf37c@group-591BBB34F33B-StateMachineUpdater] INFO  impl.StateMachineUpdater (StateMachineUpdater.java:lambda$new$0(88)) - 888dbe71-6008-4ebf-8f97-777673ccf37c@group-591BBB34F33B-StateMachineUpdater: snapshotIndex: updateIncreasingly -1 -> 13
2021-03-17 02:11:31,218 [888dbe71-6008-4ebf-8f97-777673ccf37c@group-591BBB34F33B-StateMachineUpdater] INFO  metrics.RatisMetrics (RatisMetrics.java:unregister(43)) - Unregistering Metrics Registry : ratis.state_machine.888dbe71-6008-4ebf-8f97-777673ccf37c@group-591BBB34F33B
2021-03-17 02:11:31,219 [ForkJoinPool.commonPool-worker-0] INFO  server.RaftServer$Division (ServerState.java:close(405)) - 888dbe71-6008-4ebf-8f97-777673ccf37c@group-591BBB34F33B: closes. applyIndex: 13
2021-03-17 02:11:31,219 [888dbe71-6008-4ebf-8f97-777673ccf37c@group-591BBB34F33B-SegmentedRaftLogWorker] INFO  segmented.SegmentedRaftLogWorker (SegmentedRaftLogWorker.java:run(326)) - 888dbe71-6008-4ebf-8f97-777673ccf37c@group-591BBB34F33B-SegmentedRaftLogWorker was interrupted, exiting. There are 0 tasks remaining in the queue.
2021-03-17 02:11:31,219 [ForkJoinPool.commonPool-worker-0] INFO  segmented.SegmentedRaftLogWorker (SegmentedRaftLogWorker.java:close(236)) - 888dbe71-6008-4ebf-8f97-777673ccf37c@group-591BBB34F33B-SegmentedRaftLogWorker close()
2021-03-17 02:11:31,219 [ForkJoinPool.commonPool-worker-0] INFO  metrics.RatisMetrics (RatisMetrics.java:unregister(43)) - Unregistering Metrics Registry : ratis.log_worker.888dbe71-6008-4ebf-8f97-777673ccf37c@group-591BBB34F33B
2021-03-17 02:11:31,219 [ForkJoinPool.commonPool-worker-0] INFO  metrics.RatisMetrics (RatisMetrics.java:unregister(43)) - Unregistering Metrics Registry : ratis.leader_election.888dbe71-6008-4ebf-8f97-777673ccf37c@group-591BBB34F33B
2021-03-17 02:11:31,219 [ForkJoinPool.commonPool-worker-0] INFO  metrics.RatisMetrics (RatisMetrics.java:unregister(43)) - Unregistering Metrics Registry : ratis.server.888dbe71-6008-4ebf-8f97-777673ccf37c@group-591BBB34F33B
2021-03-17 02:11:31,219 [Listener at 127.0.0.1/40005] INFO  server.GrpcService (GrpcService.java:closeImpl(262)) - 888dbe71-6008-4ebf-8f97-777673ccf37c: shutdown server with port 32769 now
2021-03-17 02:11:31,221 [Listener at 127.0.0.1/40005] INFO  server.GrpcService (GrpcService.java:closeImpl(271)) - 888dbe71-6008-4ebf-8f97-777673ccf37c: shutdown server with port 32769 successfully
2021-03-17 02:11:31,221 [org.apache.ratis.util.JvmPauseMonitor$$Lambda$504/521752898@7cdad834] INFO  util.JvmPauseMonitor (JvmPauseMonitor.java:run(109)) - JvmPauseMonitor-888dbe71-6008-4ebf-8f97-777673ccf37c: Stopped
2021-03-17 02:11:31,222 [Listener at 127.0.0.1/40005] INFO  utils.BackgroundService (BackgroundService.java:shutdown(132)) - Shutting down service BlockDeletingService
2021-03-17 02:11:31,223 [Listener at 127.0.0.1/40005] INFO  statemachine.DatanodeStateMachine (DatanodeStateMachine.java:stopDaemon(469)) - Ozone container server stopped.
2021-03-17 02:11:31,232 [Listener at 127.0.0.1/40005] INFO  handler.ContextHandler (ContextHandler.java:doStop(1154)) - Stopped o.e.j.w.WebAppContext@275bd33e{hddsDatanode,/,null,STOPPED}{jar:file:/home/user/.m2/repository/org/apache/hadoop/hadoop-hdds-container-service/1.1.0-SNAPSHOT/hadoop-hdds-container-service-1.1.0-SNAPSHOT.jar!/webapps/hddsDatanode}
2021-03-17 02:11:31,233 [Listener at 127.0.0.1/40005] INFO  server.AbstractConnector (AbstractConnector.java:doStop(381)) - Stopped ServerConnector@30efec88{HTTP/1.1, (http/1.1)}{0.0.0.0:0}
2021-03-17 02:11:31,233 [Listener at 127.0.0.1/40005] INFO  server.session (HouseKeeper.java:stopScavenging(149)) - node0 Stopped scavenging
2021-03-17 02:11:31,233 [Listener at 127.0.0.1/40005] INFO  handler.ContextHandler (ContextHandler.java:doStop(1154)) - Stopped o.e.j.s.ServletContextHandler@29c5de8e{static,/static,jar:file:/home/user/.m2/repository/org/apache/hadoop/hadoop-hdds-container-service/1.1.0-SNAPSHOT/hadoop-hdds-container-service-1.1.0-SNAPSHOT.jar!/webapps/static,STOPPED}
2021-03-17 02:11:31,233 [Listener at 127.0.0.1/40005] INFO  handler.ContextHandler (ContextHandler.java:doStop(1154)) - Stopped o.e.j.s.ServletContextHandler@3ad93929{logs,/logs,file:///github/workspace/mnt/ozone/hadoop-ozone/integration-test/target/log,STOPPED}
2021-03-17 02:11:31,234 [Listener at 127.0.0.1/40005] INFO  ozone.MiniOzoneClusterImpl (MiniOzoneClusterImpl.java:stopSCM(489)) - Stopping the StorageContainerManager
2021-03-17 02:11:31,234 [Listener at 127.0.0.1/40005] INFO  server.StorageContainerManager (StorageContainerManager.java:stop(861)) - Stopping Replication Manager Service.
2021-03-17 02:11:31,234 [Listener at 127.0.0.1/40005] INFO  container.ReplicationManager (ReplicationManager.java:stop(227)) - Stopping Replication Monitor Thread.
2021-03-17 02:11:31,235 [Listener at 127.0.0.1/40005] INFO  server.StorageContainerManager (StorageContainerManager.java:stop(868)) - Stopping the Datanode Admin Monitor.
2021-03-17 02:11:31,235 [Listener at 127.0.0.1/40005] INFO  server.StorageContainerManager (StorageContainerManager.java:stop(875)) - Stopping Lease Manager of the command watchers
2021-03-17 02:11:31,235 [Listener at 127.0.0.1/40005] INFO  server.StorageContainerManager (StorageContainerManager.java:stop(882)) - Stopping datanode service RPC server
2021-03-17 02:11:31,235 [Listener at 127.0.0.1/40005] INFO  server.SCMDatanodeProtocolServer (SCMDatanodeProtocolServer.java:stop(369)) - Stopping the RPC server for DataNodes
2021-03-17 02:11:31,235 [Listener at 127.0.0.1/40005] INFO  ipc.Server (Server.java:stop(3403)) - Stopping server on 45335
2021-03-17 02:11:31,236 [IPC Server listener on 0] INFO  ipc.Server (Server.java:run(1366)) - Stopping IPC Server listener on 0
2021-03-17 02:11:31,237 [IPC Server Responder] INFO  ipc.Server (Server.java:run(1502)) - Stopping IPC Server Responder
2021-03-17 02:11:31,255 [SCM Heartbeat Processing Thread - 0] WARN  node.NodeStateManager (NodeStateManager.java:scheduleNextHealthCheck(688)) - Current Thread is interrupted, shutting down HB processing thread for Node Manager.
2021-03-17 02:11:31,256 [Listener at 127.0.0.1/40005] INFO  server.StorageContainerManager (StorageContainerManager.java:stop(890)) - Stopping block service RPC server
2021-03-17 02:11:31,256 [Listener at 127.0.0.1/40005] INFO  server.SCMBlockProtocolServer (SCMBlockProtocolServer.java:stop(159)) - Stopping the RPC server for Block Protocol
2021-03-17 02:11:31,256 [Listener at 127.0.0.1/40005] INFO  ipc.Server (Server.java:stop(3403)) - Stopping server on 46077
2021-03-17 02:11:31,258 [IPC Server Responder] INFO  ipc.Server (Server.java:run(1502)) - Stopping IPC Server Responder
2021-03-17 02:11:31,258 [Listener at 127.0.0.1/40005] INFO  server.StorageContainerManager (StorageContainerManager.java:stop(897)) - Stopping the StorageContainerLocationProtocol RPC server
2021-03-17 02:11:31,258 [IPC Server listener on 0] INFO  ipc.Server (Server.java:run(1366)) - Stopping IPC Server listener on 0
2021-03-17 02:11:31,258 [Listener at 127.0.0.1/40005] INFO  server.SCMClientProtocolServer (SCMClientProtocolServer.java:stop(170)) - Stopping the RPC server for Client Protocol
2021-03-17 02:11:31,259 [Listener at 127.0.0.1/40005] INFO  ipc.Server (Server.java:stop(3403)) - Stopping server on 35283
2021-03-17 02:11:31,260 [IPC Server listener on 0] INFO  ipc.Server (Server.java:run(1366)) - Stopping IPC Server listener on 0
2021-03-17 02:11:31,260 [IPC Server Responder] INFO  ipc.Server (Server.java:run(1502)) - Stopping IPC Server Responder
2021-03-17 02:11:31,260 [Listener at 127.0.0.1/40005] INFO  server.StorageContainerManager (StorageContainerManager.java:stop(904)) - Stopping Storage Container Manager HTTP server.
2021-03-17 02:11:31,261 [Listener at 127.0.0.1/40005] INFO  handler.ContextHandler (ContextHandler.java:doStop(1154)) - Stopped o.e.j.w.WebAppContext@1c10bd7f{scm,/,null,STOPPED}{file:/github/workspace/mnt/ozone/hadoop-ozone/integration-test/target/test-classes/webapps/scm}
2021-03-17 02:11:31,261 [Listener at 127.0.0.1/40005] INFO  server.AbstractConnector (AbstractConnector.java:doStop(381)) - Stopped ServerConnector@45ba49e6{HTTP/1.1, (http/1.1)}{0.0.0.0:0}
2021-03-17 02:11:31,262 [Listener at 127.0.0.1/40005] INFO  server.session (HouseKeeper.java:stopScavenging(149)) - node0 Stopped scavenging
2021-03-17 02:11:31,262 [Listener at 127.0.0.1/40005] INFO  handler.ContextHandler (ContextHandler.java:doStop(1154)) - Stopped o.e.j.s.ServletContextHandler@11c0fc22{static,/static,file:///github/workspace/mnt/ozone/hadoop-ozone/integration-test/target/test-classes/webapps/static,STOPPED}
2021-03-17 02:11:31,262 [Listener at 127.0.0.1/40005] INFO  handler.ContextHandler (ContextHandler.java:doStop(1154)) - Stopped o.e.j.s.ServletContextHandler@6cde5e3b{logs,/logs,file:///github/workspace/mnt/ozone/hadoop-ozone/integration-test/target/log,STOPPED}
2021-03-17 02:11:31,263 [Listener at 127.0.0.1/40005] INFO  server.StorageContainerManager (StorageContainerManager.java:stop(915)) - Stopping Block Manager Service.
2021-03-17 02:11:31,263 [Listener at 127.0.0.1/40005] INFO  utils.BackgroundService (BackgroundService.java:shutdown(132)) - Shutting down service SCMBlockDeletingService
2021-03-17 02:11:31,267 [Listener at 127.0.0.1/40005] INFO  utils.BackgroundService (BackgroundService.java:shutdown(132)) - Shutting down service SCMBlockDeletingService
2021-03-17 02:11:31,269 [Listener at 127.0.0.1/40005] INFO  server.StorageContainerManager (StorageContainerManager.java:stop(940)) - Stopping SCM Event Queue.
2021-03-17 02:11:31,272 [Listener at 127.0.0.1/40005] INFO  impl.MetricsSystemImpl (MetricsSystemImpl.java:stop(210)) - Stopping HddsDatanode metrics system...
2021-03-17 02:11:31,287 [prometheus] INFO  impl.MetricsSinkAdapter (MetricsSinkAdapter.java:publishMetricsFromQueue(141)) - prometheus thread interrupted.
2021-03-17 02:11:31,288 [Listener at 127.0.0.1/40005] INFO  impl.MetricsSystemImpl (MetricsSystemImpl.java:stop(216)) - HddsDatanode metrics system stopped.
]]></system-out>
    <system-err><![CDATA[Mar 17, 2021 2:11:15 AM org.apache.ratis.thirdparty.io.grpc.internal.ManagedChannelOrphanWrapper$ManagedChannelReference cleanQueue
SEVERE: *~*~*~ Channel ManagedChannelImpl{logId=254, target=172.17.0.2:40875} was not shutdown properly!!! ~*~*~*
    Make sure to call shutdown()/shutdownNow() and wait until awaitTermination() returns true.
java.lang.RuntimeException: ManagedChannel allocation site
	at org.apache.ratis.thirdparty.io.grpc.internal.ManagedChannelOrphanWrapper$ManagedChannelReference.<init>(ManagedChannelOrphanWrapper.java:93)
	at org.apache.ratis.thirdparty.io.grpc.internal.ManagedChannelOrphanWrapper.<init>(ManagedChannelOrphanWrapper.java:53)
	at org.apache.ratis.thirdparty.io.grpc.internal.ManagedChannelOrphanWrapper.<init>(ManagedChannelOrphanWrapper.java:44)
	at org.apache.ratis.thirdparty.io.grpc.internal.ManagedChannelImplBuilder.build(ManagedChannelImplBuilder.java:596)
	at org.apache.ratis.thirdparty.io.grpc.ForwardingChannelBuilder.build(ForwardingChannelBuilder.java:255)
	at org.apache.hadoop.hdds.scm.XceiverClientGrpc.connectToDatanode(XceiverClientGrpc.java:193)
	at org.apache.hadoop.hdds.scm.XceiverClientGrpc.connect(XceiverClientGrpc.java:142)
	at org.apache.hadoop.hdds.scm.XceiverClientManager$2.call(XceiverClientManager.java:244)
	at org.apache.hadoop.hdds.scm.XceiverClientManager$2.call(XceiverClientManager.java:228)
	at com.google.common.cache.LocalCache$LocalManualCache$1.load(LocalCache.java:4876)
	at com.google.common.cache.LocalCache$LoadingValueReference.loadFuture(LocalCache.java:3529)
	at com.google.common.cache.LocalCache$Segment.loadSync(LocalCache.java:2278)
	at com.google.common.cache.LocalCache$Segment.lockedGetOrLoad(LocalCache.java:2155)
	at com.google.common.cache.LocalCache$Segment.get(LocalCache.java:2045)
	at com.google.common.cache.LocalCache.get(LocalCache.java:3951)
	at com.google.common.cache.LocalCache$LocalManualCache.get(LocalCache.java:4871)
	at org.apache.hadoop.hdds.scm.XceiverClientManager.getClient(XceiverClientManager.java:228)
	at org.apache.hadoop.hdds.scm.XceiverClientManager.acquireClient(XceiverClientManager.java:172)
	at org.apache.hadoop.hdds.scm.XceiverClientManager.acquireClientForReadData(XceiverClientManager.java:161)
	at org.apache.hadoop.hdds.scm.storage.BlockInputStream.acquireClient(BlockInputStream.java:227)
	at org.apache.hadoop.hdds.scm.storage.BlockInputStream.getChunkInfos(BlockInputStream.java:201)
	at org.apache.hadoop.hdds.scm.storage.BlockInputStream.initialize(BlockInputStream.java:142)
	at org.apache.hadoop.hdds.scm.storage.BlockInputStream.read(BlockInputStream.java:276)
	at org.apache.hadoop.ozone.client.io.KeyInputStream.read(KeyInputStream.java:242)
	at org.apache.hadoop.ozone.client.io.OzoneInputStream.read(OzoneInputStream.java:52)
	at java.io.InputStream.read(InputStream.java:101)
	at org.apache.hadoop.ozone.container.TestHelper.validateData(TestHelper.java:146)
	at org.apache.hadoop.ozone.client.rpc.TestBlockOutputStreamWithFailures.validateData(TestBlockOutputStreamWithFailures.java:869)
	at org.apache.hadoop.ozone.client.rpc.TestBlockOutputStreamWithFailures.test2DatanodesFailure(TestBlockOutputStreamWithFailures.java:440)
	at sun.reflect.NativeMethodAccessorImpl.invoke0(Native Method)
	at sun.reflect.NativeMethodAccessorImpl.invoke(NativeMethodAccessorImpl.java:62)
	at sun.reflect.DelegatingMethodAccessorImpl.invoke(DelegatingMethodAccessorImpl.java:43)
	at java.lang.reflect.Method.invoke(Method.java:498)
	at org.junit.runners.model.FrameworkMethod$1.runReflectiveCall(FrameworkMethod.java:59)
	at org.junit.internal.runners.model.ReflectiveCallable.run(ReflectiveCallable.java:12)
	at org.junit.runners.model.FrameworkMethod.invokeExplosively(FrameworkMethod.java:56)
	at org.junit.internal.runners.statements.InvokeMethod.evaluate(InvokeMethod.java:17)
	at org.junit.internal.runners.statements.RunBefores.evaluate(RunBefores.java:26)
	at org.junit.internal.runners.statements.RunAfters.evaluate(RunAfters.java:27)
	at org.junit.internal.runners.statements.FailOnTimeout$CallableStatement.call(FailOnTimeout.java:288)
	at org.junit.internal.runners.statements.FailOnTimeout$CallableStatement.call(FailOnTimeout.java:282)
	at java.util.concurrent.FutureTask.run(FutureTask.java:266)
	at java.lang.Thread.run(Thread.java:748)

Mar 17, 2021 2:11:15 AM org.apache.ratis.thirdparty.io.grpc.internal.ManagedChannelOrphanWrapper$ManagedChannelReference cleanQueue
SEVERE: *~*~*~ Channel ManagedChannelImpl{logId=244, target=172.17.0.2:43239} was not shutdown properly!!! ~*~*~*
    Make sure to call shutdown()/shutdownNow() and wait until awaitTermination() returns true.
java.lang.RuntimeException: ManagedChannel allocation site
	at org.apache.ratis.thirdparty.io.grpc.internal.ManagedChannelOrphanWrapper$ManagedChannelReference.<init>(ManagedChannelOrphanWrapper.java:93)
	at org.apache.ratis.thirdparty.io.grpc.internal.ManagedChannelOrphanWrapper.<init>(ManagedChannelOrphanWrapper.java:53)
	at org.apache.ratis.thirdparty.io.grpc.internal.ManagedChannelOrphanWrapper.<init>(ManagedChannelOrphanWrapper.java:44)
	at org.apache.ratis.thirdparty.io.grpc.internal.ManagedChannelImplBuilder.build(ManagedChannelImplBuilder.java:596)
	at org.apache.ratis.thirdparty.io.grpc.ForwardingChannelBuilder.build(ForwardingChannelBuilder.java:255)
	at org.apache.ratis.grpc.client.GrpcClientProtocolClient.buildChannel(GrpcClientProtocolClient.java:159)
	at org.apache.ratis.grpc.client.GrpcClientProtocolClient.<init>(GrpcClientProtocolClient.java:110)
	at org.apache.ratis.grpc.client.GrpcClientRpc.lambda$new$0(GrpcClientRpc.java:57)
	at org.apache.ratis.util.PeerProxyMap$PeerAndProxy.lambda$getProxy$0(PeerProxyMap.java:63)
	at org.apache.ratis.util.LifeCycle.startAndTransition(LifeCycle.java:270)
	at org.apache.ratis.util.PeerProxyMap$PeerAndProxy.getProxy(PeerProxyMap.java:62)
	at org.apache.ratis.util.PeerProxyMap.getProxy(PeerProxyMap.java:114)
	at org.apache.ratis.grpc.client.GrpcClientRpc.sendRequestAsync(GrpcClientRpc.java:67)
	at org.apache.ratis.client.impl.OrderedAsync.sendRequest(OrderedAsync.java:235)
	at org.apache.ratis.client.impl.OrderedAsync.sendRequestWithRetry(OrderedAsync.java:189)
	at org.apache.ratis.util.SlidingWindow$Client.sendOrDelayRequest(SlidingWindow.java:278)
	at org.apache.ratis.util.SlidingWindow$Client.retry(SlidingWindow.java:294)
	at org.apache.ratis.client.impl.OrderedAsync.lambda$scheduleWithTimeout$7(OrderedAsync.java:222)
	at org.apache.ratis.util.TimeoutScheduler.lambda$onTimeout$0(TimeoutScheduler.java:141)
	at org.apache.ratis.util.TimeoutScheduler.lambda$onTimeout$1(TimeoutScheduler.java:155)
	at org.apache.ratis.util.LogUtils.runAndLog(LogUtils.java:38)
	at org.apache.ratis.util.LogUtils$1.run(LogUtils.java:79)
	at java.util.concurrent.Executors$RunnableAdapter.call(Executors.java:511)
	at java.util.concurrent.FutureTask.run(FutureTask.java:266)
	at java.util.concurrent.ScheduledThreadPoolExecutor$ScheduledFutureTask.access$201(ScheduledThreadPoolExecutor.java:180)
	at java.util.concurrent.ScheduledThreadPoolExecutor$ScheduledFutureTask.run(ScheduledThreadPoolExecutor.java:293)
	at java.util.concurrent.ThreadPoolExecutor.runWorker(ThreadPoolExecutor.java:1149)
	at java.util.concurrent.ThreadPoolExecutor$Worker.run(ThreadPoolExecutor.java:624)
	at java.lang.Thread.run(Thread.java:748)

Mar 17, 2021 2:11:15 AM org.apache.ratis.thirdparty.io.grpc.internal.ManagedChannelOrphanWrapper$ManagedChannelReference cleanQueue
SEVERE: *~*~*~ Channel ManagedChannelImpl{logId=249, target=172.17.0.2:34043} was not shutdown properly!!! ~*~*~*
    Make sure to call shutdown()/shutdownNow() and wait until awaitTermination() returns true.
java.lang.RuntimeException: ManagedChannel allocation site
	at org.apache.ratis.thirdparty.io.grpc.internal.ManagedChannelOrphanWrapper$ManagedChannelReference.<init>(ManagedChannelOrphanWrapper.java:93)
	at org.apache.ratis.thirdparty.io.grpc.internal.ManagedChannelOrphanWrapper.<init>(ManagedChannelOrphanWrapper.java:53)
	at org.apache.ratis.thirdparty.io.grpc.internal.ManagedChannelOrphanWrapper.<init>(ManagedChannelOrphanWrapper.java:44)
	at org.apache.ratis.thirdparty.io.grpc.internal.ManagedChannelImplBuilder.build(ManagedChannelImplBuilder.java:596)
	at org.apache.ratis.thirdparty.io.grpc.ForwardingChannelBuilder.build(ForwardingChannelBuilder.java:255)
	at org.apache.ratis.grpc.client.GrpcClientProtocolClient.buildChannel(GrpcClientProtocolClient.java:159)
	at org.apache.ratis.grpc.client.GrpcClientProtocolClient.<init>(GrpcClientProtocolClient.java:110)
	at org.apache.ratis.grpc.client.GrpcClientRpc.lambda$new$0(GrpcClientRpc.java:57)
	at org.apache.ratis.util.PeerProxyMap$PeerAndProxy.lambda$getProxy$0(PeerProxyMap.java:63)
	at org.apache.ratis.util.LifeCycle.startAndTransition(LifeCycle.java:270)
	at org.apache.ratis.util.PeerProxyMap$PeerAndProxy.getProxy(PeerProxyMap.java:62)
	at org.apache.ratis.util.PeerProxyMap.getProxy(PeerProxyMap.java:114)
	at org.apache.ratis.grpc.client.GrpcClientRpc.sendRequestAsync(GrpcClientRpc.java:67)
	at org.apache.ratis.client.impl.OrderedAsync.sendRequest(OrderedAsync.java:235)
	at org.apache.ratis.client.impl.OrderedAsync.sendRequestWithRetry(OrderedAsync.java:189)
	at org.apache.ratis.util.SlidingWindow$Client.sendOrDelayRequest(SlidingWindow.java:278)
	at org.apache.ratis.util.SlidingWindow$Client.submitNewRequest(SlidingWindow.java:257)
	at org.apache.ratis.client.impl.OrderedAsync.send(OrderedAsync.java:170)
	at org.apache.ratis.client.impl.OrderedAsync.newInstance(OrderedAsync.java:118)
	at org.apache.ratis.client.impl.RaftClientImpl.lambda$new$0(RaftClientImpl.java:148)
	at org.apache.ratis.util.MemoizedSupplier.get(MemoizedSupplier.java:62)
	at org.apache.ratis.client.impl.RaftClientImpl.getOrderedAsync(RaftClientImpl.java:201)
	at org.apache.ratis.client.impl.AsyncImpl.send(AsyncImpl.java:41)
	at org.apache.ratis.client.impl.AsyncImpl.send(AsyncImpl.java:46)
	at org.apache.hadoop.hdds.scm.XceiverClientRatis.lambda$sendRequestAsync$3(XceiverClientRatis.java:225)
	at org.apache.hadoop.hdds.tracing.TracingUtil.executeInNewSpan(TracingUtil.java:159)
	at org.apache.hadoop.hdds.scm.XceiverClientRatis.sendRequestAsync(XceiverClientRatis.java:210)
	at org.apache.hadoop.hdds.scm.XceiverClientRatis.sendCommandAsync(XceiverClientRatis.java:306)
	at org.apache.hadoop.hdds.scm.storage.ContainerProtocolCalls.writeChunkAsync(ContainerProtocolCalls.java:304)
	at org.apache.hadoop.hdds.scm.storage.BlockOutputStream.writeChunkToContainer(BlockOutputStream.java:664)
	at org.apache.hadoop.hdds.scm.storage.BlockOutputStream.writeChunk(BlockOutputStream.java:506)
	at org.apache.hadoop.hdds.scm.storage.BlockOutputStream.writeOnRetry(BlockOutputStream.java:317)
	at org.apache.hadoop.ozone.client.io.BlockOutputStreamEntry.writeOnRetry(BlockOutputStreamEntry.java:186)
	at org.apache.hadoop.ozone.client.io.KeyOutputStream.writeToOutputStream(KeyOutputStream.java:254)
	at org.apache.hadoop.ozone.client.io.KeyOutputStream.handleWrite(KeyOutputStream.java:234)
	at org.apache.hadoop.ozone.client.io.KeyOutputStream.handleRetry(KeyOutputStream.java:417)
	at org.apache.hadoop.ozone.client.io.KeyOutputStream.handleException(KeyOutputStream.java:362)
	at org.apache.hadoop.ozone.client.io.KeyOutputStream.handleFlushOrClose(KeyOutputStream.java:473)
	at org.apache.hadoop.ozone.client.io.KeyOutputStream.handleWrite(KeyOutputStream.java:238)
	at org.apache.hadoop.ozone.client.io.KeyOutputStream.write(KeyOutputStream.java:214)
	at org.apache.hadoop.ozone.client.io.OzoneOutputStream.write(OzoneOutputStream.java:50)
	at java.io.OutputStream.write(OutputStream.java:75)
	at org.apache.hadoop.ozone.client.rpc.TestBlockOutputStreamWithFailures.test2DatanodesFailure(TestBlockOutputStreamWithFailures.java:406)
	at sun.reflect.NativeMethodAccessorImpl.invoke0(Native Method)
	at sun.reflect.NativeMethodAccessorImpl.invoke(NativeMethodAccessorImpl.java:62)
	at sun.reflect.DelegatingMethodAccessorImpl.invoke(DelegatingMethodAccessorImpl.java:43)
	at java.lang.reflect.Method.invoke(Method.java:498)
	at org.junit.runners.model.FrameworkMethod$1.runReflectiveCall(FrameworkMethod.java:59)
	at org.junit.internal.runners.model.ReflectiveCallable.run(ReflectiveCallable.java:12)
	at org.junit.runners.model.FrameworkMethod.invokeExplosively(FrameworkMethod.java:56)
	at org.junit.internal.runners.statements.InvokeMethod.evaluate(InvokeMethod.java:17)
	at org.junit.internal.runners.statements.RunBefores.evaluate(RunBefores.java:26)
	at org.junit.internal.runners.statements.RunAfters.evaluate(RunAfters.java:27)
	at org.junit.internal.runners.statements.FailOnTimeout$CallableStatement.call(FailOnTimeout.java:288)
	at org.junit.internal.runners.statements.FailOnTimeout$CallableStatement.call(FailOnTimeout.java:282)
	at java.util.concurrent.FutureTask.run(FutureTask.java:266)
	at java.lang.Thread.run(Thread.java:748)

]]></system-err>
  </testcase>
  <testcase name="testDatanodeFailureWithSingleNodeRatis" classname="org.apache.hadoop.ozone.client.rpc.TestBlockOutputStreamWithFailures" time="93.222"/>
  <testcase name="testWatchForCommitWithSingleNodeRatis" classname="org.apache.hadoop.ozone.client.rpc.TestBlockOutputStreamWithFailures" time="43.672"/>
  <testcase name="testWatchForCommitDatanodeFailure" classname="org.apache.hadoop.ozone.client.rpc.TestBlockOutputStreamWithFailures" time="36.609"/>
  <testcase name="testFailureWithPrimeSizedData" classname="org.apache.hadoop.ozone.client.rpc.TestBlockOutputStreamWithFailures" time="36.682"/>
  <testcase name="testWatchForCommitWithCloseContainerException" classname="org.apache.hadoop.ozone.client.rpc.TestBlockOutputStreamWithFailures" time="37.685"/>
  <testcase name="testExceptionDuringClose" classname="org.apache.hadoop.ozone.client.rpc.TestBlockOutputStreamWithFailures" time="41.487"/>
</testsuite>