<?xml version="1.0" encoding="UTF-8"?>
<testsuite xmlns:xsi="http://www.w3.org/2001/XMLSchema-instance" xsi:noNamespaceSchemaLocation="https://maven.apache.org/surefire/maven-surefire-plugin/xsd/surefire-test-report.xsd" name="org.apache.hadoop.ozone.client.rpc.TestDeleteWithSlowFollower" time="36.21" tests="1" errors="0" skipped="0" failures="1">
  <properties>
    <property name="awt.toolkit" value="sun.awt.X11.XToolkit"/>
    <property name="file.encoding.pkg" value="sun.io"/>
    <property name="java.specification.version" value="1.8"/>
    <property name="sun.cpu.isalist" value=""/>
    <property name="sun.jnu.encoding" value="ANSI_X3.4-1968"/>
    <property name="java.class.path" value="/github/workspace/mnt/ozone/hadoop-ozone/integration-test/target/test-classes:/github/workspace/mnt/ozone/hadoop-ozone/integration-test/target/classes:/home/user/.m2/repository/org/apache/hadoop/hadoop-ozone-common/1.1.0-SNAPSHOT/hadoop-ozone-common-1.1.0-SNAPSHOT.jar:/home/user/.m2/repository/org/apache/commons/commons-compress/1.4.1/commons-compress-1.4.1.jar:/home/user/.m2/repository/org/tukaani/xz/1.0/xz-1.0.jar:/home/user/.m2/repository/org/apache/hadoop/hadoop-hdds-common/1.1.0-SNAPSHOT/hadoop-hdds-common-1.1.0-SNAPSHOT.jar:/home/user/.m2/repository/org/apache/hadoop/hadoop-hdds-hadoop-dependency-client/1.1.0-SNAPSHOT/hadoop-hdds-hadoop-dependency-client-1.1.0-SNAPSHOT.jar:/home/user/.m2/repository/info/picocli/picocli/4.4.0/picocli-4.4.0.jar:/home/user/.m2/repository/com/fasterxml/jackson/core/jackson-annotations/2.10.3/jackson-annotations-2.10.3.jar:/home/user/.m2/repository/javax/annotation/javax.annotation-api/1.2/javax.annotation-api-1.2.jar:/home/user/.m2/repository/org/apache/ratis/ratis-server/1.0.0/ratis-server-1.0.0.jar:/home/user/.m2/repository/org/apache/ratis/ratis-client/1.0.0/ratis-client-1.0.0.jar:/home/user/.m2/repository/org/apache/ratis/ratis-metrics/1.0.0/ratis-metrics-1.0.0.jar:/home/user/.m2/repository/org/apache/ratis/ratis-netty/1.0.0/ratis-netty-1.0.0.jar:/home/user/.m2/repository/org/apache/ratis/ratis-grpc/1.0.0/ratis-grpc-1.0.0.jar:/home/user/.m2/repository/org/apache/logging/log4j/log4j-api/2.13.3/log4j-api-2.13.3.jar:/home/user/.m2/repository/org/apache/logging/log4j/log4j-core/2.13.3/log4j-core-2.13.3.jar:/home/user/.m2/repository/com/lmax/disruptor/3.4.2/disruptor-3.4.2.jar:/home/user/.m2/repository/org/apache/commons/commons-pool2/2.6.0/commons-pool2-2.6.0.jar:/home/user/.m2/repository/org/bouncycastle/bcpkix-jdk15on/1.60/bcpkix-jdk15on-1.60.jar:/home/user/.m2/repository/commons-validator/commons-validator/1.6/commons-validator-1.6.jar:/home/user/.m2/repository/commons-digester/commons-digester/1.8.1/commons-digester-1.8.1.jar:/home/user/.m2/repository/io/jaegertracing/jaeger-client/1.2.0/jaeger-client-1.2.0.jar:/home/user/.m2/repository/io/jaegertracing/jaeger-thrift/1.2.0/jaeger-thrift-1.2.0.jar:/home/user/.m2/repository/org/apache/thrift/libthrift/0.13.0/libthrift-0.13.0.jar:/home/user/.m2/repository/com/squareup/okhttp3/okhttp/4.2.2/okhttp-4.2.2.jar:/home/user/.m2/repository/com/squareup/okio/okio/2.2.2/okio-2.2.2.jar:/home/user/.m2/repository/org/jetbrains/kotlin/kotlin-stdlib/1.3.50/kotlin-stdlib-1.3.50.jar:/home/user/.m2/repository/org/jetbrains/kotlin/kotlin-stdlib-common/1.3.50/kotlin-stdlib-common-1.3.50.jar:/home/user/.m2/repository/org/jetbrains/annotations/13.0/annotations-13.0.jar:/home/user/.m2/repository/io/jaegertracing/jaeger-core/1.2.0/jaeger-core-1.2.0.jar:/home/user/.m2/repository/io/jaegertracing/jaeger-tracerresolver/1.2.0/jaeger-tracerresolver-1.2.0.jar:/home/user/.m2/repository/io/opentracing/contrib/opentracing-tracerresolver/0.1.8/opentracing-tracerresolver-0.1.8.jar:/home/user/.m2/repository/io/opentracing/opentracing-util/0.33.0/opentracing-util-0.33.0.jar:/home/user/.m2/repository/io/opentracing/opentracing-api/0.33.0/opentracing-api-0.33.0.jar:/home/user/.m2/repository/io/opentracing/opentracing-noop/0.33.0/opentracing-noop-0.33.0.jar:/home/user/.m2/repository/org/apache/hadoop/hadoop-hdds-client/1.1.0-SNAPSHOT/hadoop-hdds-client-1.1.0-SNAPSHOT.jar:/home/user/.m2/repository/org/apache/hadoop/hadoop-ozone-interface-client/1.1.0-SNAPSHOT/hadoop-ozone-interface-client-1.1.0-SNAPSHOT.jar:/home/user/.m2/repository/org/apache/hadoop/hadoop-hdds-test-utils/1.1.0-SNAPSHOT/hadoop-hdds-test-utils-1.1.0-SNAPSHOT.jar:/home/user/.m2/repository/com/google/guava/guava/28.2-jre/guava-28.2-jre.jar:/home/user/.m2/repository/com/google/guava/failureaccess/1.0.1/failureaccess-1.0.1.jar:/home/user/.m2/repository/com/google/guava/listenablefuture/9999.0-empty-to-avoid-conflict-with-guava/listenablefuture-9999.0-empty-to-avoid-conflict-with-guava.jar:/home/user/.m2/repository/com/google/code/findbugs/jsr305/3.0.0/jsr305-3.0.0.jar:/home/user/.m2/repository/org/checkerframework/checker-qual/2.10.0/checker-qual-2.10.0.jar:/home/user/.m2/repository/com/google/errorprone/error_prone_annotations/2.2.0/error_prone_annotations-2.2.0.jar:/home/user/.m2/repository/com/google/j2objc/j2objc-annotations/1.3/j2objc-annotations-1.3.jar:/home/user/.m2/repository/commons-io/commons-io/2.5/commons-io-2.5.jar:/home/user/.m2/repository/commons-logging/commons-logging/1.2/commons-logging-1.2.jar:/home/user/.m2/repository/log4j/log4j/1.2.17/log4j-1.2.17.jar:/home/user/.m2/repository/org/slf4j/slf4j-api/1.7.25/slf4j-api-1.7.25.jar:/home/user/.m2/repository/org/apache/hadoop/hadoop-hdds-server-scm/1.1.0-SNAPSHOT/hadoop-hdds-server-scm-1.1.0-SNAPSHOT.jar:/home/user/.m2/repository/org/apache/hadoop/hadoop-hdds-container-service/1.1.0-SNAPSHOT/hadoop-hdds-container-service-1.1.0-SNAPSHOT.jar:/home/user/.m2/repository/org/apache/hadoop/hadoop-hdds-hadoop-dependency-server/1.1.0-SNAPSHOT/hadoop-hdds-hadoop-dependency-server-1.1.0-SNAPSHOT.jar:/home/user/.m2/repository/org/apache/hadoop/hadoop-hdds-server-framework/1.1.0-SNAPSHOT/hadoop-hdds-server-framework-1.1.0-SNAPSHOT.jar:/home/user/.m2/repository/org/apache/hadoop/hadoop-hdds-interface-server/1.1.0-SNAPSHOT/hadoop-hdds-interface-server-1.1.0-SNAPSHOT.jar:/home/user/.m2/repository/org/apache/hadoop/hadoop-hdds-interface-admin/1.1.0-SNAPSHOT/hadoop-hdds-interface-admin-1.1.0-SNAPSHOT.jar:/home/user/.m2/repository/org/rocksdb/rocksdbjni/6.8.1/rocksdbjni-6.8.1.jar:/home/user/.m2/repository/io/prometheus/simpleclient_dropwizard/0.7.0/simpleclient_dropwizard-0.7.0.jar:/home/user/.m2/repository/io/prometheus/simpleclient/0.7.0/simpleclient-0.7.0.jar:/home/user/.m2/repository/io/prometheus/simpleclient_common/0.7.0/simpleclient_common-0.7.0.jar:/home/user/.m2/repository/com/fasterxml/jackson/datatype/jackson-datatype-jsr310/2.10.3/jackson-datatype-jsr310-2.10.3.jar:/home/user/.m2/repository/io/dropwizard/metrics/metrics-core/3.2.4/metrics-core-3.2.4.jar:/home/user/.m2/repository/org/apache/hadoop/hadoop-hdfs-client/3.2.1/hadoop-hdfs-client-3.2.1.jar:/home/user/.m2/repository/org/bouncycastle/bcprov-jdk15on/1.60/bcprov-jdk15on-1.60.jar:/home/user/.m2/repository/org/apache/hadoop/hadoop-ozone-ozone-manager/1.1.0-SNAPSHOT/hadoop-ozone-ozone-manager-1.1.0-SNAPSHOT.jar:/home/user/.m2/repository/org/apache/hadoop/hadoop-hdds-interface-client/1.1.0-SNAPSHOT/hadoop-hdds-interface-client-1.1.0-SNAPSHOT.jar:/home/user/.m2/repository/org/apache/ratis/ratis-thirdparty-misc/0.5.0/ratis-thirdparty-misc-0.5.0.jar:/home/user/.m2/repository/org/apache/hadoop/hadoop-minikdc/3.2.1/hadoop-minikdc-3.2.1.jar:/home/user/.m2/repository/org/apache/kerby/kerb-simplekdc/1.0.1/kerb-simplekdc-1.0.1.jar:/home/user/.m2/repository/org/apache/kerby/kerb-client/1.0.1/kerb-client-1.0.1.jar:/home/user/.m2/repository/org/apache/kerby/kerby-config/1.0.1/kerby-config-1.0.1.jar:/home/user/.m2/repository/org/apache/kerby/kerb-core/1.0.1/kerb-core-1.0.1.jar:/home/user/.m2/repository/org/apache/kerby/kerby-pkix/1.0.1/kerby-pkix-1.0.1.jar:/home/user/.m2/repository/org/apache/kerby/kerby-asn1/1.0.1/kerby-asn1-1.0.1.jar:/home/user/.m2/repository/org/apache/kerby/kerby-util/1.0.1/kerby-util-1.0.1.jar:/home/user/.m2/repository/org/apache/kerby/kerb-common/1.0.1/kerb-common-1.0.1.jar:/home/user/.m2/repository/org/apache/kerby/kerb-crypto/1.0.1/kerb-crypto-1.0.1.jar:/home/user/.m2/repository/org/apache/kerby/kerb-util/1.0.1/kerb-util-1.0.1.jar:/home/user/.m2/repository/org/apache/kerby/token-provider/1.0.1/token-provider-1.0.1.jar:/home/user/.m2/repository/org/apache/kerby/kerb-admin/1.0.1/kerb-admin-1.0.1.jar:/home/user/.m2/repository/org/apache/kerby/kerb-server/1.0.1/kerb-server-1.0.1.jar:/home/user/.m2/repository/org/apache/kerby/kerb-identity/1.0.1/kerb-identity-1.0.1.jar:/home/user/.m2/repository/org/apache/kerby/kerby-xdr/1.0.1/kerby-xdr-1.0.1.jar:/home/user/.m2/repository/org/slf4j/slf4j-log4j12/1.7.25/slf4j-log4j12-1.7.25.jar:/home/user/.m2/repository/org/apache/hadoop/hadoop-ozone-s3gateway/1.1.0-SNAPSHOT/hadoop-ozone-s3gateway-1.1.0-SNAPSHOT.jar:/home/user/.m2/repository/org/jboss/weld/servlet/weld-servlet/2.4.7.Final/weld-servlet-2.4.7.Final.jar:/home/user/.m2/repository/org/glassfish/jersey/containers/jersey-container-servlet-core/2.27/jersey-container-servlet-core-2.27.jar:/home/user/.m2/repository/org/glassfish/hk2/external/javax.inject/2.5.0-b42/javax.inject-2.5.0-b42.jar:/home/user/.m2/repository/org/glassfish/jersey/core/jersey-common/2.27/jersey-common-2.27.jar:/home/user/.m2/repository/org/glassfish/hk2/osgi-resource-locator/1.0.1/osgi-resource-locator-1.0.1.jar:/home/user/.m2/repository/javax/ws/rs/javax.ws.rs-api/2.1/javax.ws.rs-api-2.1.jar:/home/user/.m2/repository/org/glassfish/jersey/ext/cdi/jersey-cdi1x/2.27/jersey-cdi1x-2.27.jar:/home/user/.m2/repository/org/glassfish/jersey/inject/jersey-hk2/2.27/jersey-hk2-2.27.jar:/home/user/.m2/repository/org/glassfish/hk2/hk2-locator/2.5.0-b42/hk2-locator-2.5.0-b42.jar:/home/user/.m2/repository/org/javassist/javassist/3.22.0-CR2/javassist-3.22.0-CR2.jar:/home/user/.m2/repository/org/glassfish/hk2/hk2-api/2.5.0/hk2-api-2.5.0.jar:/home/user/.m2/repository/org/glassfish/hk2/external/jakarta.inject/2.5.0/jakarta.inject-2.5.0.jar:/home/user/.m2/repository/org/glassfish/hk2/hk2-utils/2.5.0/hk2-utils-2.5.0.jar:/home/user/.m2/repository/jakarta/annotation/jakarta.annotation-api/1.3.4/jakarta.annotation-api-1.3.4.jar:/home/user/.m2/repository/org/glassfish/hk2/external/aopalliance-repackaged/2.5.0/aopalliance-repackaged-2.5.0.jar:/home/user/.m2/repository/com/fasterxml/jackson/dataformat/jackson-dataformat-xml/2.10.3/jackson-dataformat-xml-2.10.3.jar:/home/user/.m2/repository/com/fasterxml/jackson/core/jackson-core/2.10.3/jackson-core-2.10.3.jar:/home/user/.m2/repository/com/fasterxml/jackson/module/jackson-module-jaxb-annotations/2.10.3/jackson-module-jaxb-annotations-2.10.3.jar:/home/user/.m2/repository/jakarta/xml/bind/jakarta.xml.bind-api/2.3.2/jakarta.xml.bind-api-2.3.2.jar:/home/user/.m2/repository/jakarta/activation/jakarta.activation-api/1.2.1/jakarta.activation-api-1.2.1.jar:/home/user/.m2/repository/org/codehaus/woodstox/stax2-api/3.1.4/stax2-api-3.1.4.jar:/home/user/.m2/repository/com/fasterxml/woodstox/woodstox-core/5.0.3/woodstox-core-5.0.3.jar:/home/user/.m2/repository/javax/enterprise/cdi-api/1.2/cdi-api-1.2.jar:/home/user/.m2/repository/javax/el/javax.el-api/3.0.0/javax.el-api-3.0.0.jar:/home/user/.m2/repository/javax/interceptor/javax.interceptor-api/1.2/javax.interceptor-api-1.2.jar:/home/user/.m2/repository/javax/inject/javax.inject/1/javax.inject-1.jar:/home/user/.m2/repository/com/sun/xml/bind/jaxb-impl/2.3.0.1/jaxb-impl-2.3.0.1.jar:/home/user/.m2/repository/com/sun/xml/bind/jaxb-core/2.3.0.1/jaxb-core-2.3.0.1.jar:/home/user/.m2/repository/javax/xml/bind/jaxb-api/2.3.0/jaxb-api-2.3.0.jar:/home/user/.m2/repository/javax/activation/activation/1.1.1/activation-1.1.1.jar:/home/user/.m2/repository/org/apache/hadoop/hadoop-ozone-csi/1.1.0-SNAPSHOT/hadoop-ozone-csi-1.1.0-SNAPSHOT.jar:/home/user/.m2/repository/com/google/protobuf/protobuf-java-util/3.11.0/protobuf-java-util-3.11.0.jar:/home/user/.m2/repository/com/google/code/gson/gson/2.2.4/gson-2.2.4.jar:/home/user/.m2/repository/org/apache/hadoop/hadoop-hdds-config/1.1.0-SNAPSHOT/hadoop-hdds-config-1.1.0-SNAPSHOT.jar:/home/user/.m2/repository/com/google/protobuf/protobuf-java/2.5.0/protobuf-java-2.5.0.jar:/home/user/.m2/repository/io/grpc/grpc-netty/1.29.0/grpc-netty-1.29.0.jar:/home/user/.m2/repository/io/grpc/grpc-core/1.29.0/grpc-core-1.29.0.jar:/home/user/.m2/repository/com/google/android/annotations/4.1.1.4/annotations-4.1.1.4.jar:/home/user/.m2/repository/io/perfmark/perfmark-api/0.19.0/perfmark-api-0.19.0.jar:/home/user/.m2/repository/io/netty/netty-codec-http2/4.1.48.Final/netty-codec-http2-4.1.48.Final.jar:/home/user/.m2/repository/io/netty/netty-codec/4.1.48.Final/netty-codec-4.1.48.Final.jar:/home/user/.m2/repository/io/netty/netty-handler/4.1.48.Final/netty-handler-4.1.48.Final.jar:/home/user/.m2/repository/io/netty/netty-codec-http/4.1.48.Final/netty-codec-http-4.1.48.Final.jar:/home/user/.m2/repository/io/netty/netty-handler-proxy/4.1.48.Final/netty-handler-proxy-4.1.48.Final.jar:/home/user/.m2/repository/io/netty/netty-codec-socks/4.1.48.Final/netty-codec-socks-4.1.48.Final.jar:/home/user/.m2/repository/io/netty/netty-transport-native-epoll/4.1.48.Final/netty-transport-native-epoll-4.1.48.Final.jar:/home/user/.m2/repository/io/netty/netty-common/4.1.48.Final/netty-common-4.1.48.Final.jar:/home/user/.m2/repository/io/netty/netty-buffer/4.1.48.Final/netty-buffer-4.1.48.Final.jar:/home/user/.m2/repository/io/netty/netty-transport/4.1.48.Final/netty-transport-4.1.48.Final.jar:/home/user/.m2/repository/io/netty/netty-resolver/4.1.48.Final/netty-resolver-4.1.48.Final.jar:/home/user/.m2/repository/io/netty/netty-transport-native-unix-common/4.1.48.Final/netty-transport-native-unix-common-4.1.48.Final.jar:/home/user/.m2/repository/io/grpc/grpc-protobuf/1.29.0/grpc-protobuf-1.29.0.jar:/home/user/.m2/repository/io/grpc/grpc-api/1.29.0/grpc-api-1.29.0.jar:/home/user/.m2/repository/io/grpc/grpc-context/1.29.0/grpc-context-1.29.0.jar:/home/user/.m2/repository/org/codehaus/mojo/animal-sniffer-annotations/1.18/animal-sniffer-annotations-1.18.jar:/home/user/.m2/repository/com/google/api/grpc/proto-google-common-protos/1.17.0/proto-google-common-protos-1.17.0.jar:/home/user/.m2/repository/io/grpc/grpc-protobuf-lite/1.29.0/grpc-protobuf-lite-1.29.0.jar:/home/user/.m2/repository/io/grpc/grpc-stub/1.29.0/grpc-stub-1.29.0.jar:/home/user/.m2/repository/org/apache/hadoop/hadoop-ozone-recon/1.1.0-SNAPSHOT/hadoop-ozone-recon-1.1.0-SNAPSHOT.jar:/home/user/.m2/repository/org/apache/hadoop/hadoop-ozone-reconcodegen/1.1.0-SNAPSHOT/hadoop-ozone-reconcodegen-1.1.0-SNAPSHOT.jar:/home/user/.m2/repository/com/google/inject/extensions/guice-multibindings/4.0/guice-multibindings-4.0.jar:/home/user/.m2/repository/com/google/inject/guice/4.0/guice-4.0.jar:/home/user/.m2/repository/aopalliance/aopalliance/1.0/aopalliance-1.0.jar:/home/user/.m2/repository/com/google/inject/extensions/guice-assistedinject/4.0/guice-assistedinject-4.0.jar:/home/user/.m2/repository/com/google/inject/extensions/guice-servlet/4.0/guice-servlet-4.0.jar:/home/user/.m2/repository/org/glassfish/jersey/containers/jersey-container-servlet/2.27/jersey-container-servlet-2.27.jar:/home/user/.m2/repository/org/glassfish/hk2/guice-bridge/2.5.0/guice-bridge-2.5.0.jar:/home/user/.m2/repository/org/glassfish/jersey/core/jersey-server/2.27/jersey-server-2.27.jar:/home/user/.m2/repository/org/glassfish/jersey/core/jersey-client/2.27/jersey-client-2.27.jar:/home/user/.m2/repository/org/glassfish/jersey/media/jersey-media-jaxb/2.27/jersey-media-jaxb-2.27.jar:/home/user/.m2/repository/javax/validation/validation-api/1.1.0.Final/validation-api-1.1.0.Final.jar:/home/user/.m2/repository/org/glassfish/jersey/media/jersey-media-json-jackson/2.27/jersey-media-json-jackson-2.27.jar:/home/user/.m2/repository/org/glassfish/jersey/ext/jersey-entity-filtering/2.27/jersey-entity-filtering-2.27.jar:/home/user/.m2/repository/org/jooq/jooq/3.11.10/jooq-3.11.10.jar:/home/user/.m2/repository/org/jooq/jooq-meta/3.11.10/jooq-meta-3.11.10.jar:/home/user/.m2/repository/org/jooq/jooq-codegen/3.11.10/jooq-codegen-3.11.10.jar:/home/user/.m2/repository/com/jolbox/bonecp/0.8.0.RELEASE/bonecp-0.8.0.RELEASE.jar:/home/user/.m2/repository/org/apache/derby/derby/10.14.2.0/derby-10.14.2.0.jar:/home/user/.m2/repository/org/xerial/sqlite-jdbc/3.25.2/sqlite-jdbc-3.25.2.jar:/home/user/.m2/repository/org/springframework/spring-jdbc/5.2.5.RELEASE/spring-jdbc-5.2.5.RELEASE.jar:/home/user/.m2/repository/org/springframework/spring-beans/5.2.5.RELEASE/spring-beans-5.2.5.RELEASE.jar:/home/user/.m2/repository/org/springframework/spring-core/5.2.5.RELEASE/spring-core-5.2.5.RELEASE.jar:/home/user/.m2/repository/org/springframework/spring-jcl/5.2.5.RELEASE/spring-jcl-5.2.5.RELEASE.jar:/home/user/.m2/repository/org/springframework/spring-tx/5.2.5.RELEASE/spring-tx-5.2.5.RELEASE.jar:/home/user/.m2/repository/org/apache/hadoop/hadoop-ozone-client/1.1.0-SNAPSHOT/hadoop-ozone-client-1.1.0-SNAPSHOT.jar:/home/user/.m2/repository/org/apache/hadoop/hadoop-ozone-filesystem/1.1.0-SNAPSHOT/hadoop-ozone-filesystem-1.1.0-SNAPSHOT.jar:/home/user/.m2/repository/org/apache/hadoop/hadoop-ozone-filesystem-common/1.1.0-SNAPSHOT/hadoop-ozone-filesystem-common-1.1.0-SNAPSHOT.jar:/home/user/.m2/repository/org/apache/hadoop/hadoop-ozone-tools/1.1.0-SNAPSHOT/hadoop-ozone-tools-1.1.0-SNAPSHOT.jar:/home/user/.m2/repository/org/apache/hadoop/hadoop-hdfs/3.2.1/hadoop-hdfs-3.2.1.jar:/home/user/.m2/repository/org/apache/ratis/ratis-tools/1.0.0/ratis-tools-1.0.0.jar:/home/user/.m2/repository/org/apache/ratis/ratis-proto/1.0.0/ratis-proto-1.0.0.jar:/home/user/.m2/repository/org/apache/ratis/ratis-common/1.0.0/ratis-common-1.0.0.jar:/home/user/.m2/repository/com/amazonaws/aws-java-sdk-core/1.11.615/aws-java-sdk-core-1.11.615.jar:/home/user/.m2/repository/org/apache/httpcomponents/httpclient/4.5.2/httpclient-4.5.2.jar:/home/user/.m2/repository/org/apache/httpcomponents/httpcore/4.4.4/httpcore-4.4.4.jar:/home/user/.m2/repository/software/amazon/ion/ion-java/1.0.2/ion-java-1.0.2.jar:/home/user/.m2/repository/com/fasterxml/jackson/dataformat/jackson-dataformat-cbor/2.10.3/jackson-dataformat-cbor-2.10.3.jar:/home/user/.m2/repository/joda-time/joda-time/2.8.1/joda-time-2.8.1.jar:/home/user/.m2/repository/com/amazonaws/aws-java-sdk-s3/1.11.615/aws-java-sdk-s3-1.11.615.jar:/home/user/.m2/repository/com/amazonaws/aws-java-sdk-kms/1.11.615/aws-java-sdk-kms-1.11.615.jar:/home/user/.m2/repository/com/amazonaws/jmespath-java/1.11.615/jmespath-java-1.11.615.jar:/home/user/.m2/repository/org/kohsuke/metainf-services/metainf-services/1.1/metainf-services-1.1.jar:/home/user/.m2/repository/org/apache/hadoop/hadoop-hdds-tools/1.1.0-SNAPSHOT/hadoop-hdds-tools-1.1.0-SNAPSHOT.jar:/home/user/.m2/repository/commons-cli/commons-cli/1.2/commons-cli-1.2.jar:/home/user/.m2/repository/org/apache/commons/commons-lang3/3.7/commons-lang3-3.7.jar:/home/user/.m2/repository/org/apache/hadoop/hadoop-ozone-ozone-manager/1.1.0-SNAPSHOT/hadoop-ozone-ozone-manager-1.1.0-SNAPSHOT-tests.jar:/home/user/.m2/repository/junit/junit/4.11/junit-4.11.jar:/home/user/.m2/repository/org/hamcrest/hamcrest-core/1.3/hamcrest-core-1.3.jar:/home/user/.m2/repository/org/openjdk/jmh/jmh-core/1.19/jmh-core-1.19.jar:/home/user/.m2/repository/net/sf/jopt-simple/jopt-simple/4.6/jopt-simple-4.6.jar:/home/user/.m2/repository/org/apache/commons/commons-math3/3.1.1/commons-math3-3.1.1.jar:/home/user/.m2/repository/org/openjdk/jmh/jmh-generator-annprocess/1.19/jmh-generator-annprocess-1.19.jar:/home/user/.m2/repository/org/mockito/mockito-all/1.8.5/mockito-all-1.8.5.jar:/home/user/.m2/repository/org/apache/hadoop/hadoop-kms/3.2.1/hadoop-kms-3.2.1.jar:/home/user/.m2/repository/org/apache/hadoop/hadoop-auth/3.2.1/hadoop-auth-3.2.1.jar:/home/user/.m2/repository/com/nimbusds/nimbus-jose-jwt/7.9/nimbus-jose-jwt-7.9.jar:/home/user/.m2/repository/com/github/stephenc/jcip/jcip-annotations/1.0-1/jcip-annotations-1.0-1.jar:/home/user/.m2/repository/net/minidev/json-smart/2.3/json-smart-2.3.jar:/home/user/.m2/repository/net/minidev/accessors-smart/1.2/accessors-smart-1.2.jar:/home/user/.m2/repository/org/ow2/asm/asm/5.0.4/asm-5.0.4.jar:/home/user/.m2/repository/org/apache/zookeeper/zookeeper/3.4.13/zookeeper-3.4.13.jar:/home/user/.m2/repository/org/apache/yetus/audience-annotations/0.5.0/audience-annotations-0.5.0.jar:/home/user/.m2/repository/org/apache/curator/curator-framework/2.13.0/curator-framework-2.13.0.jar:/home/user/.m2/repository/com/sun/jersey/jersey-core/1.19/jersey-core-1.19.jar:/home/user/.m2/repository/javax/ws/rs/jsr311-api/1.1.1/jsr311-api-1.1.1.jar:/home/user/.m2/repository/com/sun/jersey/jersey-server/1.19/jersey-server-1.19.jar:/home/user/.m2/repository/javax/servlet/javax.servlet-api/3.1.0/javax.servlet-api-3.1.0.jar:/home/user/.m2/repository/org/eclipse/jetty/jetty-server/9.4.26.v20200117/jetty-server-9.4.26.v20200117.jar:/home/user/.m2/repository/org/eclipse/jetty/jetty-http/9.4.26.v20200117/jetty-http-9.4.26.v20200117.jar:/home/user/.m2/repository/org/eclipse/jetty/jetty-io/9.4.26.v20200117/jetty-io-9.4.26.v20200117.jar:/home/user/.m2/repository/org/eclipse/jetty/jetty-webapp/9.4.26.v20200117/jetty-webapp-9.4.26.v20200117.jar:/home/user/.m2/repository/org/eclipse/jetty/jetty-xml/9.4.26.v20200117/jetty-xml-9.4.26.v20200117.jar:/home/user/.m2/repository/org/eclipse/jetty/jetty-servlet/9.4.26.v20200117/jetty-servlet-9.4.26.v20200117.jar:/home/user/.m2/repository/org/eclipse/jetty/jetty-security/9.4.26.v20200117/jetty-security-9.4.26.v20200117.jar:/home/user/.m2/repository/org/apache/hadoop/hadoop-common/3.2.1/hadoop-common-3.2.1.jar:/home/user/.m2/repository/commons-net/commons-net/3.6/commons-net-3.6.jar:/home/user/.m2/repository/commons-collections/commons-collections/3.2.2/commons-collections-3.2.2.jar:/home/user/.m2/repository/com/sun/jersey/jersey-servlet/1.19/jersey-servlet-1.19.jar:/home/user/.m2/repository/com/sun/jersey/jersey-json/1.19/jersey-json-1.19.jar:/home/user/.m2/repository/org/codehaus/jettison/jettison/1.1/jettison-1.1.jar:/home/user/.m2/repository/org/codehaus/jackson/jackson-jaxrs/1.9.2/jackson-jaxrs-1.9.2.jar:/home/user/.m2/repository/org/codehaus/jackson/jackson-xc/1.9.2/jackson-xc-1.9.2.jar:/home/user/.m2/repository/commons-beanutils/commons-beanutils/1.9.4/commons-beanutils-1.9.4.jar:/home/user/.m2/repository/org/apache/commons/commons-configuration2/2.1.1/commons-configuration2-2.1.1.jar:/home/user/.m2/repository/org/apache/commons/commons-text/1.4/commons-text-1.4.jar:/home/user/.m2/repository/com/google/re2j/re2j/1.1/re2j-1.1.jar:/home/user/.m2/repository/com/jcraft/jsch/0.1.54/jsch-0.1.54.jar:/home/user/.m2/repository/org/apache/curator/curator-client/2.13.0/curator-client-2.13.0.jar:/home/user/.m2/repository/org/apache/curator/curator-recipes/2.13.0/curator-recipes-2.13.0.jar:/home/user/.m2/repository/dnsjava/dnsjava/2.1.7/dnsjava-2.1.7.jar:/home/user/.m2/repository/org/slf4j/jul-to-slf4j/1.7.25/jul-to-slf4j-1.7.25.jar:/home/user/.m2/repository/org/eclipse/jetty/jetty-util/9.4.26.v20200117/jetty-util-9.4.26.v20200117.jar:/home/user/.m2/repository/com/fasterxml/jackson/core/jackson-databind/2.10.3/jackson-databind-2.10.3.jar:/home/user/.m2/repository/org/apache/hadoop/hadoop-kms/3.2.1/hadoop-kms-3.2.1-tests.jar:/home/user/.m2/repository/org/apache/hadoop/hadoop-hdds-server-scm/1.1.0-SNAPSHOT/hadoop-hdds-server-scm-1.1.0-SNAPSHOT-tests.jar:/home/user/.m2/repository/org/apache/hadoop/hadoop-hdds-container-service/1.1.0-SNAPSHOT/hadoop-hdds-container-service-1.1.0-SNAPSHOT-tests.jar:/home/user/.m2/repository/org/apache/hadoop/hadoop-hdds-common/1.1.0-SNAPSHOT/hadoop-hdds-common-1.1.0-SNAPSHOT-tests.jar:/home/user/.m2/repository/org/yaml/snakeyaml/1.16/snakeyaml-1.16.jar:/home/user/.m2/repository/org/apache/hadoop/hadoop-hdds-hadoop-dependency-test/1.1.0-SNAPSHOT/hadoop-hdds-hadoop-dependency-test-1.1.0-SNAPSHOT.jar:/home/user/.m2/repository/org/apache/hadoop/hadoop-common/3.2.1/hadoop-common-3.2.1-tests.jar:/home/user/.m2/repository/javax/servlet/jsp/jsp-api/2.1/jsp-api-2.1.jar:/home/user/.m2/repository/org/apache/hadoop/hadoop-hdfs/3.2.1/hadoop-hdfs-3.2.1-tests.jar:/home/user/.m2/repository/org/eclipse/jetty/jetty-util-ajax/9.4.26.v20200117/jetty-util-ajax-9.4.26.v20200117.jar:/home/user/.m2/repository/commons-codec/commons-codec/1.11/commons-codec-1.11.jar:/home/user/.m2/repository/commons-daemon/commons-daemon/1.0.13/commons-daemon-1.0.13.jar:/home/user/.m2/repository/io/netty/netty/3.10.5.Final/netty-3.10.5.Final.jar:/home/user/.m2/repository/io/netty/netty-all/4.1.48.Final/netty-all-4.1.48.Final.jar:/home/user/.m2/repository/org/apache/htrace/htrace-core4/4.1.0-incubating/htrace-core4-4.1.0-incubating.jar:/home/user/.m2/repository/org/fusesource/leveldbjni/leveldbjni-all/1.8/leveldbjni-all-1.8.jar:/home/user/.m2/repository/org/apache/hadoop/hadoop-distcp/3.2.1/hadoop-distcp-3.2.1.jar:/home/user/.m2/repository/org/apache/hadoop/hadoop-mapreduce-client-jobclient/3.2.1/hadoop-mapreduce-client-jobclient-3.2.1.jar:/home/user/.m2/repository/org/apache/hadoop/hadoop-mapreduce-client-common/3.2.1/hadoop-mapreduce-client-common-3.2.1.jar:/home/user/.m2/repository/org/apache/hadoop/hadoop-yarn-common/3.2.1/hadoop-yarn-common-3.2.1.jar:/home/user/.m2/repository/org/apache/hadoop/hadoop-yarn-api/3.2.1/hadoop-yarn-api-3.2.1.jar:/home/user/.m2/repository/com/sun/jersey/jersey-client/1.19/jersey-client-1.19.jar:/home/user/.m2/repository/com/sun/jersey/contribs/jersey-guice/1.19/jersey-guice-1.19.jar:/home/user/.m2/repository/com/fasterxml/jackson/jaxrs/jackson-jaxrs-json-provider/2.10.3/jackson-jaxrs-json-provider-2.10.3.jar:/home/user/.m2/repository/com/fasterxml/jackson/jaxrs/jackson-jaxrs-base/2.10.3/jackson-jaxrs-base-2.10.3.jar:/home/user/.m2/repository/org/apache/hadoop/hadoop-yarn-client/3.2.1/hadoop-yarn-client-3.2.1.jar:/home/user/.m2/repository/org/apache/hadoop/hadoop-mapreduce-client-core/3.2.1/hadoop-mapreduce-client-core-3.2.1.jar:/home/user/.m2/repository/org/apache/avro/avro/1.7.7/avro-1.7.7.jar:/home/user/.m2/repository/org/codehaus/jackson/jackson-core-asl/1.9.13/jackson-core-asl-1.9.13.jar:/home/user/.m2/repository/org/codehaus/jackson/jackson-mapper-asl/1.9.13/jackson-mapper-asl-1.9.13.jar:/home/user/.m2/repository/com/thoughtworks/paranamer/paranamer/2.3/paranamer-2.3.jar:/home/user/.m2/repository/org/xerial/snappy/snappy-java/1.0.5/snappy-java-1.0.5.jar:/home/user/.m2/repository/org/apache/hadoop/hadoop-annotations/3.2.1/hadoop-annotations-3.2.1.jar:/usr/lib/jvm/java-1.8.0-openjdk-1.8.0.232.b09-0.el7_7.x86_64/jre/../lib/tools.jar:/home/user/.m2/repository/org/apache/hadoop/hadoop-distcp/3.2.1/hadoop-distcp-3.2.1-tests.jar:"/>
    <property name="java.vm.vendor" value="Oracle Corporation"/>
    <property name="sun.arch.data.model" value="64"/>
    <property name="test.build.dir" value="/github/workspace/mnt/ozone/hadoop-ozone/integration-test/target/test-dir"/>
    <property name="test.cache.data" value=""/>
    <property name="java.vendor.url" value="http://java.oracle.com/"/>
    <property name="user.timezone" value=""/>
    <property name="java.vm.specification.version" value="1.8"/>
    <property name="os.name" value="Linux"/>
    <property name="test.build.data" value="/github/workspace/mnt/ozone/hadoop-ozone/integration-test/target/test-dir"/>
    <property name="user.country" value="US"/>
    <property name="sun.java.launcher" value="SUN_STANDARD"/>
    <property name="sun.boot.library.path" value="/usr/lib/jvm/java-1.8.0-openjdk-1.8.0.232.b09-0.el7_7.x86_64/jre/lib/amd64"/>
    <property name="sun.java.command" value="/github/workspace/mnt/ozone/hadoop-ozone/integration-test/target/surefire/surefirebooter1940661979587410544.jar /github/workspace/mnt/ozone/hadoop-ozone/integration-test/target/surefire 2020-09-02T14-17-37_914-jvmRun1 surefire8605550664991594284tmp surefire_167964956751083599161tmp"/>
    <property name="surefire.test.class.path" value="/github/workspace/mnt/ozone/hadoop-ozone/integration-test/target/test-classes:/github/workspace/mnt/ozone/hadoop-ozone/integration-test/target/classes:/home/user/.m2/repository/org/apache/hadoop/hadoop-ozone-common/1.1.0-SNAPSHOT/hadoop-ozone-common-1.1.0-SNAPSHOT.jar:/home/user/.m2/repository/org/apache/commons/commons-compress/1.4.1/commons-compress-1.4.1.jar:/home/user/.m2/repository/org/tukaani/xz/1.0/xz-1.0.jar:/home/user/.m2/repository/org/apache/hadoop/hadoop-hdds-common/1.1.0-SNAPSHOT/hadoop-hdds-common-1.1.0-SNAPSHOT.jar:/home/user/.m2/repository/org/apache/hadoop/hadoop-hdds-hadoop-dependency-client/1.1.0-SNAPSHOT/hadoop-hdds-hadoop-dependency-client-1.1.0-SNAPSHOT.jar:/home/user/.m2/repository/info/picocli/picocli/4.4.0/picocli-4.4.0.jar:/home/user/.m2/repository/com/fasterxml/jackson/core/jackson-annotations/2.10.3/jackson-annotations-2.10.3.jar:/home/user/.m2/repository/javax/annotation/javax.annotation-api/1.2/javax.annotation-api-1.2.jar:/home/user/.m2/repository/org/apache/ratis/ratis-server/1.0.0/ratis-server-1.0.0.jar:/home/user/.m2/repository/org/apache/ratis/ratis-client/1.0.0/ratis-client-1.0.0.jar:/home/user/.m2/repository/org/apache/ratis/ratis-metrics/1.0.0/ratis-metrics-1.0.0.jar:/home/user/.m2/repository/org/apache/ratis/ratis-netty/1.0.0/ratis-netty-1.0.0.jar:/home/user/.m2/repository/org/apache/ratis/ratis-grpc/1.0.0/ratis-grpc-1.0.0.jar:/home/user/.m2/repository/org/apache/logging/log4j/log4j-api/2.13.3/log4j-api-2.13.3.jar:/home/user/.m2/repository/org/apache/logging/log4j/log4j-core/2.13.3/log4j-core-2.13.3.jar:/home/user/.m2/repository/com/lmax/disruptor/3.4.2/disruptor-3.4.2.jar:/home/user/.m2/repository/org/apache/commons/commons-pool2/2.6.0/commons-pool2-2.6.0.jar:/home/user/.m2/repository/org/bouncycastle/bcpkix-jdk15on/1.60/bcpkix-jdk15on-1.60.jar:/home/user/.m2/repository/commons-validator/commons-validator/1.6/commons-validator-1.6.jar:/home/user/.m2/repository/commons-digester/commons-digester/1.8.1/commons-digester-1.8.1.jar:/home/user/.m2/repository/io/jaegertracing/jaeger-client/1.2.0/jaeger-client-1.2.0.jar:/home/user/.m2/repository/io/jaegertracing/jaeger-thrift/1.2.0/jaeger-thrift-1.2.0.jar:/home/user/.m2/repository/org/apache/thrift/libthrift/0.13.0/libthrift-0.13.0.jar:/home/user/.m2/repository/com/squareup/okhttp3/okhttp/4.2.2/okhttp-4.2.2.jar:/home/user/.m2/repository/com/squareup/okio/okio/2.2.2/okio-2.2.2.jar:/home/user/.m2/repository/org/jetbrains/kotlin/kotlin-stdlib/1.3.50/kotlin-stdlib-1.3.50.jar:/home/user/.m2/repository/org/jetbrains/kotlin/kotlin-stdlib-common/1.3.50/kotlin-stdlib-common-1.3.50.jar:/home/user/.m2/repository/org/jetbrains/annotations/13.0/annotations-13.0.jar:/home/user/.m2/repository/io/jaegertracing/jaeger-core/1.2.0/jaeger-core-1.2.0.jar:/home/user/.m2/repository/io/jaegertracing/jaeger-tracerresolver/1.2.0/jaeger-tracerresolver-1.2.0.jar:/home/user/.m2/repository/io/opentracing/contrib/opentracing-tracerresolver/0.1.8/opentracing-tracerresolver-0.1.8.jar:/home/user/.m2/repository/io/opentracing/opentracing-util/0.33.0/opentracing-util-0.33.0.jar:/home/user/.m2/repository/io/opentracing/opentracing-api/0.33.0/opentracing-api-0.33.0.jar:/home/user/.m2/repository/io/opentracing/opentracing-noop/0.33.0/opentracing-noop-0.33.0.jar:/home/user/.m2/repository/org/apache/hadoop/hadoop-hdds-client/1.1.0-SNAPSHOT/hadoop-hdds-client-1.1.0-SNAPSHOT.jar:/home/user/.m2/repository/org/apache/hadoop/hadoop-ozone-interface-client/1.1.0-SNAPSHOT/hadoop-ozone-interface-client-1.1.0-SNAPSHOT.jar:/home/user/.m2/repository/org/apache/hadoop/hadoop-hdds-test-utils/1.1.0-SNAPSHOT/hadoop-hdds-test-utils-1.1.0-SNAPSHOT.jar:/home/user/.m2/repository/com/google/guava/guava/28.2-jre/guava-28.2-jre.jar:/home/user/.m2/repository/com/google/guava/failureaccess/1.0.1/failureaccess-1.0.1.jar:/home/user/.m2/repository/com/google/guava/listenablefuture/9999.0-empty-to-avoid-conflict-with-guava/listenablefuture-9999.0-empty-to-avoid-conflict-with-guava.jar:/home/user/.m2/repository/com/google/code/findbugs/jsr305/3.0.0/jsr305-3.0.0.jar:/home/user/.m2/repository/org/checkerframework/checker-qual/2.10.0/checker-qual-2.10.0.jar:/home/user/.m2/repository/com/google/errorprone/error_prone_annotations/2.2.0/error_prone_annotations-2.2.0.jar:/home/user/.m2/repository/com/google/j2objc/j2objc-annotations/1.3/j2objc-annotations-1.3.jar:/home/user/.m2/repository/commons-io/commons-io/2.5/commons-io-2.5.jar:/home/user/.m2/repository/commons-logging/commons-logging/1.2/commons-logging-1.2.jar:/home/user/.m2/repository/log4j/log4j/1.2.17/log4j-1.2.17.jar:/home/user/.m2/repository/org/slf4j/slf4j-api/1.7.25/slf4j-api-1.7.25.jar:/home/user/.m2/repository/org/apache/hadoop/hadoop-hdds-server-scm/1.1.0-SNAPSHOT/hadoop-hdds-server-scm-1.1.0-SNAPSHOT.jar:/home/user/.m2/repository/org/apache/hadoop/hadoop-hdds-container-service/1.1.0-SNAPSHOT/hadoop-hdds-container-service-1.1.0-SNAPSHOT.jar:/home/user/.m2/repository/org/apache/hadoop/hadoop-hdds-hadoop-dependency-server/1.1.0-SNAPSHOT/hadoop-hdds-hadoop-dependency-server-1.1.0-SNAPSHOT.jar:/home/user/.m2/repository/org/apache/hadoop/hadoop-hdds-server-framework/1.1.0-SNAPSHOT/hadoop-hdds-server-framework-1.1.0-SNAPSHOT.jar:/home/user/.m2/repository/org/apache/hadoop/hadoop-hdds-interface-server/1.1.0-SNAPSHOT/hadoop-hdds-interface-server-1.1.0-SNAPSHOT.jar:/home/user/.m2/repository/org/apache/hadoop/hadoop-hdds-interface-admin/1.1.0-SNAPSHOT/hadoop-hdds-interface-admin-1.1.0-SNAPSHOT.jar:/home/user/.m2/repository/org/rocksdb/rocksdbjni/6.8.1/rocksdbjni-6.8.1.jar:/home/user/.m2/repository/io/prometheus/simpleclient_dropwizard/0.7.0/simpleclient_dropwizard-0.7.0.jar:/home/user/.m2/repository/io/prometheus/simpleclient/0.7.0/simpleclient-0.7.0.jar:/home/user/.m2/repository/io/prometheus/simpleclient_common/0.7.0/simpleclient_common-0.7.0.jar:/home/user/.m2/repository/com/fasterxml/jackson/datatype/jackson-datatype-jsr310/2.10.3/jackson-datatype-jsr310-2.10.3.jar:/home/user/.m2/repository/io/dropwizard/metrics/metrics-core/3.2.4/metrics-core-3.2.4.jar:/home/user/.m2/repository/org/apache/hadoop/hadoop-hdfs-client/3.2.1/hadoop-hdfs-client-3.2.1.jar:/home/user/.m2/repository/org/bouncycastle/bcprov-jdk15on/1.60/bcprov-jdk15on-1.60.jar:/home/user/.m2/repository/org/apache/hadoop/hadoop-ozone-ozone-manager/1.1.0-SNAPSHOT/hadoop-ozone-ozone-manager-1.1.0-SNAPSHOT.jar:/home/user/.m2/repository/org/apache/hadoop/hadoop-hdds-interface-client/1.1.0-SNAPSHOT/hadoop-hdds-interface-client-1.1.0-SNAPSHOT.jar:/home/user/.m2/repository/org/apache/ratis/ratis-thirdparty-misc/0.5.0/ratis-thirdparty-misc-0.5.0.jar:/home/user/.m2/repository/org/apache/hadoop/hadoop-minikdc/3.2.1/hadoop-minikdc-3.2.1.jar:/home/user/.m2/repository/org/apache/kerby/kerb-simplekdc/1.0.1/kerb-simplekdc-1.0.1.jar:/home/user/.m2/repository/org/apache/kerby/kerb-client/1.0.1/kerb-client-1.0.1.jar:/home/user/.m2/repository/org/apache/kerby/kerby-config/1.0.1/kerby-config-1.0.1.jar:/home/user/.m2/repository/org/apache/kerby/kerb-core/1.0.1/kerb-core-1.0.1.jar:/home/user/.m2/repository/org/apache/kerby/kerby-pkix/1.0.1/kerby-pkix-1.0.1.jar:/home/user/.m2/repository/org/apache/kerby/kerby-asn1/1.0.1/kerby-asn1-1.0.1.jar:/home/user/.m2/repository/org/apache/kerby/kerby-util/1.0.1/kerby-util-1.0.1.jar:/home/user/.m2/repository/org/apache/kerby/kerb-common/1.0.1/kerb-common-1.0.1.jar:/home/user/.m2/repository/org/apache/kerby/kerb-crypto/1.0.1/kerb-crypto-1.0.1.jar:/home/user/.m2/repository/org/apache/kerby/kerb-util/1.0.1/kerb-util-1.0.1.jar:/home/user/.m2/repository/org/apache/kerby/token-provider/1.0.1/token-provider-1.0.1.jar:/home/user/.m2/repository/org/apache/kerby/kerb-admin/1.0.1/kerb-admin-1.0.1.jar:/home/user/.m2/repository/org/apache/kerby/kerb-server/1.0.1/kerb-server-1.0.1.jar:/home/user/.m2/repository/org/apache/kerby/kerb-identity/1.0.1/kerb-identity-1.0.1.jar:/home/user/.m2/repository/org/apache/kerby/kerby-xdr/1.0.1/kerby-xdr-1.0.1.jar:/home/user/.m2/repository/org/slf4j/slf4j-log4j12/1.7.25/slf4j-log4j12-1.7.25.jar:/home/user/.m2/repository/org/apache/hadoop/hadoop-ozone-s3gateway/1.1.0-SNAPSHOT/hadoop-ozone-s3gateway-1.1.0-SNAPSHOT.jar:/home/user/.m2/repository/org/jboss/weld/servlet/weld-servlet/2.4.7.Final/weld-servlet-2.4.7.Final.jar:/home/user/.m2/repository/org/glassfish/jersey/containers/jersey-container-servlet-core/2.27/jersey-container-servlet-core-2.27.jar:/home/user/.m2/repository/org/glassfish/hk2/external/javax.inject/2.5.0-b42/javax.inject-2.5.0-b42.jar:/home/user/.m2/repository/org/glassfish/jersey/core/jersey-common/2.27/jersey-common-2.27.jar:/home/user/.m2/repository/org/glassfish/hk2/osgi-resource-locator/1.0.1/osgi-resource-locator-1.0.1.jar:/home/user/.m2/repository/javax/ws/rs/javax.ws.rs-api/2.1/javax.ws.rs-api-2.1.jar:/home/user/.m2/repository/org/glassfish/jersey/ext/cdi/jersey-cdi1x/2.27/jersey-cdi1x-2.27.jar:/home/user/.m2/repository/org/glassfish/jersey/inject/jersey-hk2/2.27/jersey-hk2-2.27.jar:/home/user/.m2/repository/org/glassfish/hk2/hk2-locator/2.5.0-b42/hk2-locator-2.5.0-b42.jar:/home/user/.m2/repository/org/javassist/javassist/3.22.0-CR2/javassist-3.22.0-CR2.jar:/home/user/.m2/repository/org/glassfish/hk2/hk2-api/2.5.0/hk2-api-2.5.0.jar:/home/user/.m2/repository/org/glassfish/hk2/external/jakarta.inject/2.5.0/jakarta.inject-2.5.0.jar:/home/user/.m2/repository/org/glassfish/hk2/hk2-utils/2.5.0/hk2-utils-2.5.0.jar:/home/user/.m2/repository/jakarta/annotation/jakarta.annotation-api/1.3.4/jakarta.annotation-api-1.3.4.jar:/home/user/.m2/repository/org/glassfish/hk2/external/aopalliance-repackaged/2.5.0/aopalliance-repackaged-2.5.0.jar:/home/user/.m2/repository/com/fasterxml/jackson/dataformat/jackson-dataformat-xml/2.10.3/jackson-dataformat-xml-2.10.3.jar:/home/user/.m2/repository/com/fasterxml/jackson/core/jackson-core/2.10.3/jackson-core-2.10.3.jar:/home/user/.m2/repository/com/fasterxml/jackson/module/jackson-module-jaxb-annotations/2.10.3/jackson-module-jaxb-annotations-2.10.3.jar:/home/user/.m2/repository/jakarta/xml/bind/jakarta.xml.bind-api/2.3.2/jakarta.xml.bind-api-2.3.2.jar:/home/user/.m2/repository/jakarta/activation/jakarta.activation-api/1.2.1/jakarta.activation-api-1.2.1.jar:/home/user/.m2/repository/org/codehaus/woodstox/stax2-api/3.1.4/stax2-api-3.1.4.jar:/home/user/.m2/repository/com/fasterxml/woodstox/woodstox-core/5.0.3/woodstox-core-5.0.3.jar:/home/user/.m2/repository/javax/enterprise/cdi-api/1.2/cdi-api-1.2.jar:/home/user/.m2/repository/javax/el/javax.el-api/3.0.0/javax.el-api-3.0.0.jar:/home/user/.m2/repository/javax/interceptor/javax.interceptor-api/1.2/javax.interceptor-api-1.2.jar:/home/user/.m2/repository/javax/inject/javax.inject/1/javax.inject-1.jar:/home/user/.m2/repository/com/sun/xml/bind/jaxb-impl/2.3.0.1/jaxb-impl-2.3.0.1.jar:/home/user/.m2/repository/com/sun/xml/bind/jaxb-core/2.3.0.1/jaxb-core-2.3.0.1.jar:/home/user/.m2/repository/javax/xml/bind/jaxb-api/2.3.0/jaxb-api-2.3.0.jar:/home/user/.m2/repository/javax/activation/activation/1.1.1/activation-1.1.1.jar:/home/user/.m2/repository/org/apache/hadoop/hadoop-ozone-csi/1.1.0-SNAPSHOT/hadoop-ozone-csi-1.1.0-SNAPSHOT.jar:/home/user/.m2/repository/com/google/protobuf/protobuf-java-util/3.11.0/protobuf-java-util-3.11.0.jar:/home/user/.m2/repository/com/google/code/gson/gson/2.2.4/gson-2.2.4.jar:/home/user/.m2/repository/org/apache/hadoop/hadoop-hdds-config/1.1.0-SNAPSHOT/hadoop-hdds-config-1.1.0-SNAPSHOT.jar:/home/user/.m2/repository/com/google/protobuf/protobuf-java/2.5.0/protobuf-java-2.5.0.jar:/home/user/.m2/repository/io/grpc/grpc-netty/1.29.0/grpc-netty-1.29.0.jar:/home/user/.m2/repository/io/grpc/grpc-core/1.29.0/grpc-core-1.29.0.jar:/home/user/.m2/repository/com/google/android/annotations/4.1.1.4/annotations-4.1.1.4.jar:/home/user/.m2/repository/io/perfmark/perfmark-api/0.19.0/perfmark-api-0.19.0.jar:/home/user/.m2/repository/io/netty/netty-codec-http2/4.1.48.Final/netty-codec-http2-4.1.48.Final.jar:/home/user/.m2/repository/io/netty/netty-codec/4.1.48.Final/netty-codec-4.1.48.Final.jar:/home/user/.m2/repository/io/netty/netty-handler/4.1.48.Final/netty-handler-4.1.48.Final.jar:/home/user/.m2/repository/io/netty/netty-codec-http/4.1.48.Final/netty-codec-http-4.1.48.Final.jar:/home/user/.m2/repository/io/netty/netty-handler-proxy/4.1.48.Final/netty-handler-proxy-4.1.48.Final.jar:/home/user/.m2/repository/io/netty/netty-codec-socks/4.1.48.Final/netty-codec-socks-4.1.48.Final.jar:/home/user/.m2/repository/io/netty/netty-transport-native-epoll/4.1.48.Final/netty-transport-native-epoll-4.1.48.Final.jar:/home/user/.m2/repository/io/netty/netty-common/4.1.48.Final/netty-common-4.1.48.Final.jar:/home/user/.m2/repository/io/netty/netty-buffer/4.1.48.Final/netty-buffer-4.1.48.Final.jar:/home/user/.m2/repository/io/netty/netty-transport/4.1.48.Final/netty-transport-4.1.48.Final.jar:/home/user/.m2/repository/io/netty/netty-resolver/4.1.48.Final/netty-resolver-4.1.48.Final.jar:/home/user/.m2/repository/io/netty/netty-transport-native-unix-common/4.1.48.Final/netty-transport-native-unix-common-4.1.48.Final.jar:/home/user/.m2/repository/io/grpc/grpc-protobuf/1.29.0/grpc-protobuf-1.29.0.jar:/home/user/.m2/repository/io/grpc/grpc-api/1.29.0/grpc-api-1.29.0.jar:/home/user/.m2/repository/io/grpc/grpc-context/1.29.0/grpc-context-1.29.0.jar:/home/user/.m2/repository/org/codehaus/mojo/animal-sniffer-annotations/1.18/animal-sniffer-annotations-1.18.jar:/home/user/.m2/repository/com/google/api/grpc/proto-google-common-protos/1.17.0/proto-google-common-protos-1.17.0.jar:/home/user/.m2/repository/io/grpc/grpc-protobuf-lite/1.29.0/grpc-protobuf-lite-1.29.0.jar:/home/user/.m2/repository/io/grpc/grpc-stub/1.29.0/grpc-stub-1.29.0.jar:/home/user/.m2/repository/org/apache/hadoop/hadoop-ozone-recon/1.1.0-SNAPSHOT/hadoop-ozone-recon-1.1.0-SNAPSHOT.jar:/home/user/.m2/repository/org/apache/hadoop/hadoop-ozone-reconcodegen/1.1.0-SNAPSHOT/hadoop-ozone-reconcodegen-1.1.0-SNAPSHOT.jar:/home/user/.m2/repository/com/google/inject/extensions/guice-multibindings/4.0/guice-multibindings-4.0.jar:/home/user/.m2/repository/com/google/inject/guice/4.0/guice-4.0.jar:/home/user/.m2/repository/aopalliance/aopalliance/1.0/aopalliance-1.0.jar:/home/user/.m2/repository/com/google/inject/extensions/guice-assistedinject/4.0/guice-assistedinject-4.0.jar:/home/user/.m2/repository/com/google/inject/extensions/guice-servlet/4.0/guice-servlet-4.0.jar:/home/user/.m2/repository/org/glassfish/jersey/containers/jersey-container-servlet/2.27/jersey-container-servlet-2.27.jar:/home/user/.m2/repository/org/glassfish/hk2/guice-bridge/2.5.0/guice-bridge-2.5.0.jar:/home/user/.m2/repository/org/glassfish/jersey/core/jersey-server/2.27/jersey-server-2.27.jar:/home/user/.m2/repository/org/glassfish/jersey/core/jersey-client/2.27/jersey-client-2.27.jar:/home/user/.m2/repository/org/glassfish/jersey/media/jersey-media-jaxb/2.27/jersey-media-jaxb-2.27.jar:/home/user/.m2/repository/javax/validation/validation-api/1.1.0.Final/validation-api-1.1.0.Final.jar:/home/user/.m2/repository/org/glassfish/jersey/media/jersey-media-json-jackson/2.27/jersey-media-json-jackson-2.27.jar:/home/user/.m2/repository/org/glassfish/jersey/ext/jersey-entity-filtering/2.27/jersey-entity-filtering-2.27.jar:/home/user/.m2/repository/org/jooq/jooq/3.11.10/jooq-3.11.10.jar:/home/user/.m2/repository/org/jooq/jooq-meta/3.11.10/jooq-meta-3.11.10.jar:/home/user/.m2/repository/org/jooq/jooq-codegen/3.11.10/jooq-codegen-3.11.10.jar:/home/user/.m2/repository/com/jolbox/bonecp/0.8.0.RELEASE/bonecp-0.8.0.RELEASE.jar:/home/user/.m2/repository/org/apache/derby/derby/10.14.2.0/derby-10.14.2.0.jar:/home/user/.m2/repository/org/xerial/sqlite-jdbc/3.25.2/sqlite-jdbc-3.25.2.jar:/home/user/.m2/repository/org/springframework/spring-jdbc/5.2.5.RELEASE/spring-jdbc-5.2.5.RELEASE.jar:/home/user/.m2/repository/org/springframework/spring-beans/5.2.5.RELEASE/spring-beans-5.2.5.RELEASE.jar:/home/user/.m2/repository/org/springframework/spring-core/5.2.5.RELEASE/spring-core-5.2.5.RELEASE.jar:/home/user/.m2/repository/org/springframework/spring-jcl/5.2.5.RELEASE/spring-jcl-5.2.5.RELEASE.jar:/home/user/.m2/repository/org/springframework/spring-tx/5.2.5.RELEASE/spring-tx-5.2.5.RELEASE.jar:/home/user/.m2/repository/org/apache/hadoop/hadoop-ozone-client/1.1.0-SNAPSHOT/hadoop-ozone-client-1.1.0-SNAPSHOT.jar:/home/user/.m2/repository/org/apache/hadoop/hadoop-ozone-filesystem/1.1.0-SNAPSHOT/hadoop-ozone-filesystem-1.1.0-SNAPSHOT.jar:/home/user/.m2/repository/org/apache/hadoop/hadoop-ozone-filesystem-common/1.1.0-SNAPSHOT/hadoop-ozone-filesystem-common-1.1.0-SNAPSHOT.jar:/home/user/.m2/repository/org/apache/hadoop/hadoop-ozone-tools/1.1.0-SNAPSHOT/hadoop-ozone-tools-1.1.0-SNAPSHOT.jar:/home/user/.m2/repository/org/apache/hadoop/hadoop-hdfs/3.2.1/hadoop-hdfs-3.2.1.jar:/home/user/.m2/repository/org/apache/ratis/ratis-tools/1.0.0/ratis-tools-1.0.0.jar:/home/user/.m2/repository/org/apache/ratis/ratis-proto/1.0.0/ratis-proto-1.0.0.jar:/home/user/.m2/repository/org/apache/ratis/ratis-common/1.0.0/ratis-common-1.0.0.jar:/home/user/.m2/repository/com/amazonaws/aws-java-sdk-core/1.11.615/aws-java-sdk-core-1.11.615.jar:/home/user/.m2/repository/org/apache/httpcomponents/httpclient/4.5.2/httpclient-4.5.2.jar:/home/user/.m2/repository/org/apache/httpcomponents/httpcore/4.4.4/httpcore-4.4.4.jar:/home/user/.m2/repository/software/amazon/ion/ion-java/1.0.2/ion-java-1.0.2.jar:/home/user/.m2/repository/com/fasterxml/jackson/dataformat/jackson-dataformat-cbor/2.10.3/jackson-dataformat-cbor-2.10.3.jar:/home/user/.m2/repository/joda-time/joda-time/2.8.1/joda-time-2.8.1.jar:/home/user/.m2/repository/com/amazonaws/aws-java-sdk-s3/1.11.615/aws-java-sdk-s3-1.11.615.jar:/home/user/.m2/repository/com/amazonaws/aws-java-sdk-kms/1.11.615/aws-java-sdk-kms-1.11.615.jar:/home/user/.m2/repository/com/amazonaws/jmespath-java/1.11.615/jmespath-java-1.11.615.jar:/home/user/.m2/repository/org/kohsuke/metainf-services/metainf-services/1.1/metainf-services-1.1.jar:/home/user/.m2/repository/org/apache/hadoop/hadoop-hdds-tools/1.1.0-SNAPSHOT/hadoop-hdds-tools-1.1.0-SNAPSHOT.jar:/home/user/.m2/repository/commons-cli/commons-cli/1.2/commons-cli-1.2.jar:/home/user/.m2/repository/org/apache/commons/commons-lang3/3.7/commons-lang3-3.7.jar:/home/user/.m2/repository/org/apache/hadoop/hadoop-ozone-ozone-manager/1.1.0-SNAPSHOT/hadoop-ozone-ozone-manager-1.1.0-SNAPSHOT-tests.jar:/home/user/.m2/repository/junit/junit/4.11/junit-4.11.jar:/home/user/.m2/repository/org/hamcrest/hamcrest-core/1.3/hamcrest-core-1.3.jar:/home/user/.m2/repository/org/openjdk/jmh/jmh-core/1.19/jmh-core-1.19.jar:/home/user/.m2/repository/net/sf/jopt-simple/jopt-simple/4.6/jopt-simple-4.6.jar:/home/user/.m2/repository/org/apache/commons/commons-math3/3.1.1/commons-math3-3.1.1.jar:/home/user/.m2/repository/org/openjdk/jmh/jmh-generator-annprocess/1.19/jmh-generator-annprocess-1.19.jar:/home/user/.m2/repository/org/mockito/mockito-all/1.8.5/mockito-all-1.8.5.jar:/home/user/.m2/repository/org/apache/hadoop/hadoop-kms/3.2.1/hadoop-kms-3.2.1.jar:/home/user/.m2/repository/org/apache/hadoop/hadoop-auth/3.2.1/hadoop-auth-3.2.1.jar:/home/user/.m2/repository/com/nimbusds/nimbus-jose-jwt/7.9/nimbus-jose-jwt-7.9.jar:/home/user/.m2/repository/com/github/stephenc/jcip/jcip-annotations/1.0-1/jcip-annotations-1.0-1.jar:/home/user/.m2/repository/net/minidev/json-smart/2.3/json-smart-2.3.jar:/home/user/.m2/repository/net/minidev/accessors-smart/1.2/accessors-smart-1.2.jar:/home/user/.m2/repository/org/ow2/asm/asm/5.0.4/asm-5.0.4.jar:/home/user/.m2/repository/org/apache/zookeeper/zookeeper/3.4.13/zookeeper-3.4.13.jar:/home/user/.m2/repository/org/apache/yetus/audience-annotations/0.5.0/audience-annotations-0.5.0.jar:/home/user/.m2/repository/org/apache/curator/curator-framework/2.13.0/curator-framework-2.13.0.jar:/home/user/.m2/repository/com/sun/jersey/jersey-core/1.19/jersey-core-1.19.jar:/home/user/.m2/repository/javax/ws/rs/jsr311-api/1.1.1/jsr311-api-1.1.1.jar:/home/user/.m2/repository/com/sun/jersey/jersey-server/1.19/jersey-server-1.19.jar:/home/user/.m2/repository/javax/servlet/javax.servlet-api/3.1.0/javax.servlet-api-3.1.0.jar:/home/user/.m2/repository/org/eclipse/jetty/jetty-server/9.4.26.v20200117/jetty-server-9.4.26.v20200117.jar:/home/user/.m2/repository/org/eclipse/jetty/jetty-http/9.4.26.v20200117/jetty-http-9.4.26.v20200117.jar:/home/user/.m2/repository/org/eclipse/jetty/jetty-io/9.4.26.v20200117/jetty-io-9.4.26.v20200117.jar:/home/user/.m2/repository/org/eclipse/jetty/jetty-webapp/9.4.26.v20200117/jetty-webapp-9.4.26.v20200117.jar:/home/user/.m2/repository/org/eclipse/jetty/jetty-xml/9.4.26.v20200117/jetty-xml-9.4.26.v20200117.jar:/home/user/.m2/repository/org/eclipse/jetty/jetty-servlet/9.4.26.v20200117/jetty-servlet-9.4.26.v20200117.jar:/home/user/.m2/repository/org/eclipse/jetty/jetty-security/9.4.26.v20200117/jetty-security-9.4.26.v20200117.jar:/home/user/.m2/repository/org/apache/hadoop/hadoop-common/3.2.1/hadoop-common-3.2.1.jar:/home/user/.m2/repository/commons-net/commons-net/3.6/commons-net-3.6.jar:/home/user/.m2/repository/commons-collections/commons-collections/3.2.2/commons-collections-3.2.2.jar:/home/user/.m2/repository/com/sun/jersey/jersey-servlet/1.19/jersey-servlet-1.19.jar:/home/user/.m2/repository/com/sun/jersey/jersey-json/1.19/jersey-json-1.19.jar:/home/user/.m2/repository/org/codehaus/jettison/jettison/1.1/jettison-1.1.jar:/home/user/.m2/repository/org/codehaus/jackson/jackson-jaxrs/1.9.2/jackson-jaxrs-1.9.2.jar:/home/user/.m2/repository/org/codehaus/jackson/jackson-xc/1.9.2/jackson-xc-1.9.2.jar:/home/user/.m2/repository/commons-beanutils/commons-beanutils/1.9.4/commons-beanutils-1.9.4.jar:/home/user/.m2/repository/org/apache/commons/commons-configuration2/2.1.1/commons-configuration2-2.1.1.jar:/home/user/.m2/repository/org/apache/commons/commons-text/1.4/commons-text-1.4.jar:/home/user/.m2/repository/com/google/re2j/re2j/1.1/re2j-1.1.jar:/home/user/.m2/repository/com/jcraft/jsch/0.1.54/jsch-0.1.54.jar:/home/user/.m2/repository/org/apache/curator/curator-client/2.13.0/curator-client-2.13.0.jar:/home/user/.m2/repository/org/apache/curator/curator-recipes/2.13.0/curator-recipes-2.13.0.jar:/home/user/.m2/repository/dnsjava/dnsjava/2.1.7/dnsjava-2.1.7.jar:/home/user/.m2/repository/org/slf4j/jul-to-slf4j/1.7.25/jul-to-slf4j-1.7.25.jar:/home/user/.m2/repository/org/eclipse/jetty/jetty-util/9.4.26.v20200117/jetty-util-9.4.26.v20200117.jar:/home/user/.m2/repository/com/fasterxml/jackson/core/jackson-databind/2.10.3/jackson-databind-2.10.3.jar:/home/user/.m2/repository/org/apache/hadoop/hadoop-kms/3.2.1/hadoop-kms-3.2.1-tests.jar:/home/user/.m2/repository/org/apache/hadoop/hadoop-hdds-server-scm/1.1.0-SNAPSHOT/hadoop-hdds-server-scm-1.1.0-SNAPSHOT-tests.jar:/home/user/.m2/repository/org/apache/hadoop/hadoop-hdds-container-service/1.1.0-SNAPSHOT/hadoop-hdds-container-service-1.1.0-SNAPSHOT-tests.jar:/home/user/.m2/repository/org/apache/hadoop/hadoop-hdds-common/1.1.0-SNAPSHOT/hadoop-hdds-common-1.1.0-SNAPSHOT-tests.jar:/home/user/.m2/repository/org/yaml/snakeyaml/1.16/snakeyaml-1.16.jar:/home/user/.m2/repository/org/apache/hadoop/hadoop-hdds-hadoop-dependency-test/1.1.0-SNAPSHOT/hadoop-hdds-hadoop-dependency-test-1.1.0-SNAPSHOT.jar:/home/user/.m2/repository/org/apache/hadoop/hadoop-common/3.2.1/hadoop-common-3.2.1-tests.jar:/home/user/.m2/repository/javax/servlet/jsp/jsp-api/2.1/jsp-api-2.1.jar:/home/user/.m2/repository/org/apache/hadoop/hadoop-hdfs/3.2.1/hadoop-hdfs-3.2.1-tests.jar:/home/user/.m2/repository/org/eclipse/jetty/jetty-util-ajax/9.4.26.v20200117/jetty-util-ajax-9.4.26.v20200117.jar:/home/user/.m2/repository/commons-codec/commons-codec/1.11/commons-codec-1.11.jar:/home/user/.m2/repository/commons-daemon/commons-daemon/1.0.13/commons-daemon-1.0.13.jar:/home/user/.m2/repository/io/netty/netty/3.10.5.Final/netty-3.10.5.Final.jar:/home/user/.m2/repository/io/netty/netty-all/4.1.48.Final/netty-all-4.1.48.Final.jar:/home/user/.m2/repository/org/apache/htrace/htrace-core4/4.1.0-incubating/htrace-core4-4.1.0-incubating.jar:/home/user/.m2/repository/org/fusesource/leveldbjni/leveldbjni-all/1.8/leveldbjni-all-1.8.jar:/home/user/.m2/repository/org/apache/hadoop/hadoop-distcp/3.2.1/hadoop-distcp-3.2.1.jar:/home/user/.m2/repository/org/apache/hadoop/hadoop-mapreduce-client-jobclient/3.2.1/hadoop-mapreduce-client-jobclient-3.2.1.jar:/home/user/.m2/repository/org/apache/hadoop/hadoop-mapreduce-client-common/3.2.1/hadoop-mapreduce-client-common-3.2.1.jar:/home/user/.m2/repository/org/apache/hadoop/hadoop-yarn-common/3.2.1/hadoop-yarn-common-3.2.1.jar:/home/user/.m2/repository/org/apache/hadoop/hadoop-yarn-api/3.2.1/hadoop-yarn-api-3.2.1.jar:/home/user/.m2/repository/com/sun/jersey/jersey-client/1.19/jersey-client-1.19.jar:/home/user/.m2/repository/com/sun/jersey/contribs/jersey-guice/1.19/jersey-guice-1.19.jar:/home/user/.m2/repository/com/fasterxml/jackson/jaxrs/jackson-jaxrs-json-provider/2.10.3/jackson-jaxrs-json-provider-2.10.3.jar:/home/user/.m2/repository/com/fasterxml/jackson/jaxrs/jackson-jaxrs-base/2.10.3/jackson-jaxrs-base-2.10.3.jar:/home/user/.m2/repository/org/apache/hadoop/hadoop-yarn-client/3.2.1/hadoop-yarn-client-3.2.1.jar:/home/user/.m2/repository/org/apache/hadoop/hadoop-mapreduce-client-core/3.2.1/hadoop-mapreduce-client-core-3.2.1.jar:/home/user/.m2/repository/org/apache/avro/avro/1.7.7/avro-1.7.7.jar:/home/user/.m2/repository/org/codehaus/jackson/jackson-core-asl/1.9.13/jackson-core-asl-1.9.13.jar:/home/user/.m2/repository/org/codehaus/jackson/jackson-mapper-asl/1.9.13/jackson-mapper-asl-1.9.13.jar:/home/user/.m2/repository/com/thoughtworks/paranamer/paranamer/2.3/paranamer-2.3.jar:/home/user/.m2/repository/org/xerial/snappy/snappy-java/1.0.5/snappy-java-1.0.5.jar:/home/user/.m2/repository/org/apache/hadoop/hadoop-annotations/3.2.1/hadoop-annotations-3.2.1.jar:/usr/lib/jvm/java-1.8.0-openjdk-1.8.0.232.b09-0.el7_7.x86_64/jre/../lib/tools.jar:/home/user/.m2/repository/org/apache/hadoop/hadoop-distcp/3.2.1/hadoop-distcp-3.2.1-tests.jar:"/>
    <property name="sun.cpu.endian" value="little"/>
    <property name="user.home" value="/home/user"/>
    <property name="user.language" value="en"/>
    <property name="java.specification.vendor" value="Oracle Corporation"/>
    <property name="java.home" value="/usr/lib/jvm/java-1.8.0-openjdk-1.8.0.232.b09-0.el7_7.x86_64/jre"/>
    <property name="java.security.krb5.conf" value="/github/workspace/mnt/ozone/hadoop-ozone/integration-test/target/test-classes/krb5.conf"/>
    <property name="basedir" value="/github/workspace/mnt/ozone/hadoop-ozone/integration-test"/>
    <property name="file.separator" value="/"/>
    <property name="line.separator" value="&#10;"/>
    <property name="java.vm.specification.vendor" value="Oracle Corporation"/>
    <property name="java.specification.name" value="Java Platform API Specification"/>
    <property name="java.awt.graphicsenv" value="sun.awt.X11GraphicsEnvironment"/>
    <property name="skip.installnpx" value="true"/>
    <property name="surefire.real.class.path" value="/github/workspace/mnt/ozone/hadoop-ozone/integration-test/target/surefire/surefirebooter1940661979587410544.jar:/home/user/.m2/repository/org/jacoco/org.jacoco.agent/0.8.5/org.jacoco.agent-0.8.5-runtime.jar"/>
    <property name="hadoop.log.dir" value="/github/workspace/mnt/ozone/hadoop-ozone/integration-test/target/log"/>
    <property name="sun.boot.class.path" value="/usr/lib/jvm/java-1.8.0-openjdk-1.8.0.232.b09-0.el7_7.x86_64/jre/lib/resources.jar:/usr/lib/jvm/java-1.8.0-openjdk-1.8.0.232.b09-0.el7_7.x86_64/jre/lib/rt.jar:/usr/lib/jvm/java-1.8.0-openjdk-1.8.0.232.b09-0.el7_7.x86_64/jre/lib/sunrsasign.jar:/usr/lib/jvm/java-1.8.0-openjdk-1.8.0.232.b09-0.el7_7.x86_64/jre/lib/jsse.jar:/usr/lib/jvm/java-1.8.0-openjdk-1.8.0.232.b09-0.el7_7.x86_64/jre/lib/jce.jar:/usr/lib/jvm/java-1.8.0-openjdk-1.8.0.232.b09-0.el7_7.x86_64/jre/lib/charsets.jar:/usr/lib/jvm/java-1.8.0-openjdk-1.8.0.232.b09-0.el7_7.x86_64/jre/lib/jfr.jar:/usr/lib/jvm/java-1.8.0-openjdk-1.8.0.232.b09-0.el7_7.x86_64/jre/classes"/>
    <property name="sun.management.compiler" value="HotSpot 64-Bit Tiered Compilers"/>
    <property name="skip.npx" value="true"/>
    <property name="java.runtime.version" value="1.8.0_232-b09"/>
    <property name="java.net.preferIPv4Stack" value="true"/>
    <property name="user.name" value="jenkins1001"/>
    <property name="path.separator" value=":"/>
    <property name="java.security.egd" value="file:///dev/urandom"/>
    <property name="os.version" value="5.3.0-1035-azure"/>
    <property name="java.endorsed.dirs" value="/usr/lib/jvm/java-1.8.0-openjdk-1.8.0.232.b09-0.el7_7.x86_64/jre/lib/endorsed"/>
    <property name="java.runtime.name" value="OpenJDK Runtime Environment"/>
    <property name="file.encoding" value="ANSI_X3.4-1968"/>
    <property name="java.vm.name" value="OpenJDK 64-Bit Server VM"/>
    <property name="test.build.webapps" value=""/>
    <property name="localRepository" value="/home/user/.m2/repository"/>
    <property name="java.vendor.url.bug" value="http://bugreport.sun.com/bugreport/"/>
    <property name="java.io.tmpdir" value="/tmp"/>
    <property name="require.test.libhadoop" value=""/>
    <property name="java.version" value="1.8.0_232"/>
    <property name="user.dir" value="/github/workspace/mnt/ozone/hadoop-ozone/integration-test"/>
    <property name="os.arch" value="amd64"/>
    <property name="java.vm.specification.name" value="Java Virtual Machine Specification"/>
    <property name="test.build.classes" value="/github/workspace/mnt/ozone/hadoop-ozone/integration-test/target/test-classes"/>
    <property name="java.awt.printerjob" value="sun.print.PSPrinterJob"/>
    <property name="sun.os.patch.level" value="unknown"/>
    <property name="hadoop.tmp.dir" value="/github/workspace/mnt/ozone/hadoop-ozone/integration-test/target/tmp"/>
    <property name="java.library.path" value="/usr/lib:/usr/java/packages/lib/amd64:/usr/lib64:/lib64:/lib:/usr/lib"/>
    <property name="java.vm.info" value="mixed mode"/>
    <property name="java.vendor" value="Oracle Corporation"/>
    <property name="java.vm.version" value="25.232-b09"/>
    <property name="java.ext.dirs" value="/usr/lib/jvm/java-1.8.0-openjdk-1.8.0.232.b09-0.el7_7.x86_64/jre/lib/ext:/usr/java/packages/lib/ext"/>
    <property name="sun.io.unicode.encoding" value="UnicodeLittle"/>
    <property name="java.class.version" value="52.0"/>
  </properties>
  <testcase name="testDeleteKeyWithSlowFollower" classname="org.apache.hadoop.ozone.client.rpc.TestDeleteWithSlowFollower" time="12.337">
    <failure type="java.lang.AssertionError">java.lang.AssertionError
	at org.junit.Assert.fail(Assert.java:86)
	at org.junit.Assert.assertTrue(Assert.java:41)
	at org.junit.Assert.assertTrue(Assert.java:52)
	at org.apache.hadoop.ozone.client.rpc.TestDeleteWithSlowFollower.testDeleteKeyWithSlowFollower(TestDeleteWithSlowFollower.java:272)
	at sun.reflect.NativeMethodAccessorImpl.invoke0(Native Method)
	at sun.reflect.NativeMethodAccessorImpl.invoke(NativeMethodAccessorImpl.java:62)
	at sun.reflect.DelegatingMethodAccessorImpl.invoke(DelegatingMethodAccessorImpl.java:43)
	at java.lang.reflect.Method.invoke(Method.java:498)
	at org.junit.runners.model.FrameworkMethod$1.runReflectiveCall(FrameworkMethod.java:47)
	at org.junit.internal.runners.model.ReflectiveCallable.run(ReflectiveCallable.java:12)
	at org.junit.runners.model.FrameworkMethod.invokeExplosively(FrameworkMethod.java:44)
	at org.junit.internal.runners.statements.InvokeMethod.evaluate(InvokeMethod.java:17)
	at org.junit.runners.ParentRunner.runLeaf(ParentRunner.java:271)
	at org.junit.runners.BlockJUnit4ClassRunner.runChild(BlockJUnit4ClassRunner.java:70)
	at org.junit.runners.BlockJUnit4ClassRunner.runChild(BlockJUnit4ClassRunner.java:50)
	at org.junit.runners.ParentRunner$3.run(ParentRunner.java:238)
	at org.junit.runners.ParentRunner$1.schedule(ParentRunner.java:63)
	at org.junit.runners.ParentRunner.runChildren(ParentRunner.java:236)
	at org.junit.runners.ParentRunner.access$000(ParentRunner.java:53)
	at org.junit.runners.ParentRunner$2.evaluate(ParentRunner.java:229)
	at org.junit.internal.runners.statements.RunBefores.evaluate(RunBefores.java:26)
	at org.junit.internal.runners.statements.RunAfters.evaluate(RunAfters.java:27)
	at org.junit.runners.ParentRunner.run(ParentRunner.java:309)
	at org.apache.maven.surefire.junit4.JUnit4Provider.execute(JUnit4Provider.java:365)
	at org.apache.maven.surefire.junit4.JUnit4Provider.executeWithRerun(JUnit4Provider.java:273)
	at org.apache.maven.surefire.junit4.JUnit4Provider.executeTestSet(JUnit4Provider.java:238)
	at org.apache.maven.surefire.junit4.JUnit4Provider.invoke(JUnit4Provider.java:159)
	at org.apache.maven.surefire.booter.ForkedBooter.invokeProviderInSameClassLoader(ForkedBooter.java:384)
	at org.apache.maven.surefire.booter.ForkedBooter.runSuitesInProcess(ForkedBooter.java:345)
	at org.apache.maven.surefire.booter.ForkedBooter.execute(ForkedBooter.java:126)
	at org.apache.maven.surefire.booter.ForkedBooter.main(ForkedBooter.java:418)
</failure>
    <system-out><![CDATA[2020-09-02 14:44:05,529 [main] WARN  server.ServerUtils (ServerUtils.java:getScmDbDir(148)) - ozone.scm.db.dirs is not configured. We recommend adding this setting. Falling back to ozone.metadata.dirs instead.
2020-09-02 14:44:05,617 [main] WARN  server.ServerUtils (ServerUtils.java:getScmDbDir(148)) - ozone.scm.db.dirs is not configured. We recommend adding this setting. Falling back to ozone.metadata.dirs instead.
2020-09-02 14:44:05,772 [main] WARN  db.DBStoreBuilder (DBStoreBuilder.java:createDBStoreBuilder(277)) - ozone.scm.db.dirs is not configured. We recommend adding this setting. Falling back to ozone.metadata.dirs instead.
2020-09-02 14:44:05,944 [main] INFO  net.NodeSchemaLoader (NodeSchemaLoader.java:loadSchemaFromFile(126)) - Loading file from sun.misc.CompoundEnumeration@4a3e3e8b
2020-09-02 14:44:05,945 [main] INFO  net.NodeSchemaLoader (NodeSchemaLoader.java:loadSchema(172)) - Loading network topology layer schema file
2020-09-02 14:44:06,052 [main] WARN  server.ServerUtils (ServerUtils.java:sanitizeUserArgs(73)) - ozone.scm.stale.node.interval value = 1000000 is larger than max = 100000 based on the key value of ozone.scm.heartbeat.thread.interval, reset to the max value 100000.
2020-09-02 14:44:06,052 [main] WARN  server.ServerUtils (ServerUtils.java:sanitizeUserArgs(73)) - ozone.scm.stale.node.interval value = 1000000 is larger than max = 100000 based on the key value of ozone.scm.heartbeat.thread.interval, reset to the max value 100000.
2020-09-02 14:44:06,058 [main] INFO  node.SCMNodeManager (SCMNodeManager.java:<init>(117)) - Entering startup safe mode.
2020-09-02 14:44:06,210 [main] INFO  algorithms.ContainerPlacementPolicyFactory (ContainerPlacementPolicyFactory.java:getPolicy(60)) - Create container placement policy of type org.apache.hadoop.hdds.scm.container.placement.algorithms.SCMContainerPlacementRandom
2020-09-02 14:44:06,242 [main] INFO  pipeline.SCMPipelineManager (SCMPipelineManager.java:initializePipelineState(161)) - No pipeline exists in current db
2020-09-02 14:44:06,282 [main] INFO  algorithms.PipelineChoosePolicyFactory (PipelineChoosePolicyFactory.java:createPipelineChoosePolicyFromClass(75)) - Create pipeline choose policy of type org.apache.hadoop.hdds.scm.pipeline.choose.algorithms.RandomPipelineChoosePolicy
2020-09-02 14:44:06,355 [main] INFO  safemode.HealthyPipelineSafeModeRule (HealthyPipelineSafeModeRule.java:<init>(89)) - Total pipeline count is 0, healthy pipeline threshold count is 0
2020-09-02 14:44:06,360 [main] INFO  safemode.OneReplicaPipelineSafeModeRule (OneReplicaPipelineSafeModeRule.java:<init>(79)) - Total pipeline count is 0, pipeline's with at least one datanode reported threshold count is 0
2020-09-02 14:44:06,788 [main] INFO  ipc.CallQueueManager (CallQueueManager.java:<init>(84)) - Using callQueue: class java.util.concurrent.LinkedBlockingQueue, queueCapacity: 2000, scheduler: class org.apache.hadoop.ipc.DefaultRpcScheduler, ipcBackoff: false.
2020-09-02 14:44:06,811 [Socket Reader #1 for port 0] INFO  ipc.Server (Server.java:run(1219)) - Starting Socket Reader #1 for port 0
2020-09-02 14:44:06,837 [Listener at 0.0.0.0/45673] INFO  ipc.CallQueueManager (CallQueueManager.java:<init>(84)) - Using callQueue: class java.util.concurrent.LinkedBlockingQueue, queueCapacity: 2000, scheduler: class org.apache.hadoop.ipc.DefaultRpcScheduler, ipcBackoff: false.
2020-09-02 14:44:06,838 [Socket Reader #1 for port 0] INFO  ipc.Server (Server.java:run(1219)) - Starting Socket Reader #1 for port 0
2020-09-02 14:44:06,849 [Listener at 0.0.0.0/35109] INFO  ipc.CallQueueManager (CallQueueManager.java:<init>(84)) - Using callQueue: class java.util.concurrent.LinkedBlockingQueue, queueCapacity: 2000, scheduler: class org.apache.hadoop.ipc.DefaultRpcScheduler, ipcBackoff: false.
2020-09-02 14:44:06,852 [Socket Reader #1 for port 0] INFO  ipc.Server (Server.java:run(1219)) - Starting Socket Reader #1 for port 0
2020-09-02 14:44:06,872 [Listener at 0.0.0.0/43959] INFO  http.BaseHttpServer (BaseHttpServer.java:newHttpServer2BuilderForOzone(207)) - Starting Web-server for scm at: http://0.0.0.0:0
2020-09-02 14:44:06,872 [Listener at 0.0.0.0/43959] INFO  http.BaseHttpServer (BaseHttpServer.java:<init>(106)) - Hadoop Security Enabled: false Ozone Security Enabled: false Ozone HTTP Security Enabled: false 
2020-09-02 14:44:06,897 [Listener at 0.0.0.0/43959] INFO  util.log (Log.java:initialized(169)) - Logging initialized @2434ms to org.eclipse.jetty.util.log.Slf4jLog
2020-09-02 14:44:07,016 [Listener at 0.0.0.0/43959] INFO  server.AuthenticationFilter (AuthenticationFilter.java:constructSecretProvider(240)) - Unable to initialize FileSignerSecretProvider, falling back to use random secrets.
2020-09-02 14:44:07,031 [Listener at 0.0.0.0/43959] WARN  http.HttpRequestLog (HttpRequestLog.java:getRequestLog(103)) - Jetty request log can only be enabled using Log4j
2020-09-02 14:44:07,036 [Listener at 0.0.0.0/43959] INFO  http.HttpServer2 (HttpServer2.java:addGlobalFilter(1019)) - Added global filter 'safety' (class=org.apache.hadoop.hdds.server.http.HttpServer2$QuotingInputFilter)
2020-09-02 14:44:07,038 [Listener at 0.0.0.0/43959] INFO  http.HttpServer2 (HttpServer2.java:addFilter(995)) - Added filter static_user_filter (class=org.apache.hadoop.http.lib.StaticUserWebFilter$StaticUserFilter) to context scm
2020-09-02 14:44:07,038 [Listener at 0.0.0.0/43959] INFO  http.HttpServer2 (HttpServer2.java:addFilter(1003)) - Added filter static_user_filter (class=org.apache.hadoop.http.lib.StaticUserWebFilter$StaticUserFilter) to context static
2020-09-02 14:44:07,039 [Listener at 0.0.0.0/43959] INFO  http.HttpServer2 (HttpServer2.java:addFilter(1003)) - Added filter static_user_filter (class=org.apache.hadoop.http.lib.StaticUserWebFilter$StaticUserFilter) to context logs
2020-09-02 14:44:07,097 [Listener at 0.0.0.0/43959] INFO  server.StorageContainerManager (StorageContainerManager.java:start(789)) - StorageContainerLocationProtocol RPC server is listening at /0.0.0.0:43959
2020-09-02 14:44:07,150 [Listener at 0.0.0.0/43959] WARN  impl.MetricsConfig (MetricsConfig.java:loadFirst(134)) - Cannot locate configuration: tried hadoop-metrics2-storagecontainermanager.properties,hadoop-metrics2.properties
2020-09-02 14:44:07,162 [Listener at 0.0.0.0/43959] INFO  impl.MetricsSystemImpl (MetricsSystemImpl.java:startTimer(374)) - Scheduled Metric snapshot period at 10 second(s).
2020-09-02 14:44:07,162 [Listener at 0.0.0.0/43959] INFO  impl.MetricsSystemImpl (MetricsSystemImpl.java:start(191)) - StorageContainerManager metrics system started
2020-09-02 14:44:07,373 [Listener at 0.0.0.0/43959] INFO  server.SCMClientProtocolServer (SCMClientProtocolServer.java:start(156)) - RPC server for Client  is listening at /0.0.0.0:43959
2020-09-02 14:44:07,373 [IPC Server Responder] INFO  ipc.Server (Server.java:run(1460)) - IPC Server Responder: starting
2020-09-02 14:44:07,374 [IPC Server listener on 0] INFO  ipc.Server (Server.java:run(1298)) - IPC Server listener on 0: starting
2020-09-02 14:44:07,377 [Listener at 0.0.0.0/43959] INFO  server.StorageContainerManager (StorageContainerManager.java:start(801)) - ScmBlockLocationProtocol RPC server is listening at /0.0.0.0:35109
2020-09-02 14:44:07,377 [Listener at 0.0.0.0/43959] INFO  server.SCMBlockProtocolServer (SCMBlockProtocolServer.java:start(149)) - RPC server for Block Protocol is listening at /0.0.0.0:35109
2020-09-02 14:44:07,378 [IPC Server Responder] INFO  ipc.Server (Server.java:run(1460)) - IPC Server Responder: starting
2020-09-02 14:44:07,378 [IPC Server listener on 0] INFO  ipc.Server (Server.java:run(1298)) - IPC Server listener on 0: starting
2020-09-02 14:44:07,381 [Listener at 0.0.0.0/43959] INFO  server.StorageContainerManager (StorageContainerManager.java:start(807)) - ScmDatanodeProtocl RPC server is listening at /0.0.0.0:45673
2020-09-02 14:44:07,381 [Listener at 0.0.0.0/43959] INFO  server.SCMDatanodeProtocolServer (SCMDatanodeProtocolServer.java:start(172)) - RPC server for DataNodes is listening at /0.0.0.0:45673
2020-09-02 14:44:07,382 [IPC Server Responder] INFO  ipc.Server (Server.java:run(1460)) - IPC Server Responder: starting
2020-09-02 14:44:07,382 [IPC Server listener on 0] INFO  ipc.Server (Server.java:run(1298)) - IPC Server listener on 0: starting
2020-09-02 14:44:07,385 [Listener at 0.0.0.0/43959] INFO  http.HttpServer2 (HttpServer2.java:bindListener(1237)) - Jetty bound to port 39327
2020-09-02 14:44:07,387 [Listener at 0.0.0.0/43959] INFO  server.Server (Server.java:doStart(359)) - jetty-9.4.26.v20200117; built: 2020-01-17T12:35:33.676Z; git: 7b38981d25d14afb4a12ff1f2596756144edf695; jvm 1.8.0_232-b09
2020-09-02 14:44:07,413 [Listener at 0.0.0.0/43959] INFO  server.session (DefaultSessionIdManager.java:doStart(333)) - DefaultSessionIdManager workerName=node0
2020-09-02 14:44:07,414 [Listener at 0.0.0.0/43959] INFO  server.session (DefaultSessionIdManager.java:doStart(338)) - No SessionScavenger set, using defaults
2020-09-02 14:44:07,415 [Listener at 0.0.0.0/43959] INFO  server.session (HouseKeeper.java:startScavenging(140)) - node0 Scavenging every 660000ms
2020-09-02 14:44:07,428 [Listener at 0.0.0.0/43959] INFO  handler.ContextHandler (ContextHandler.java:doStart(825)) - Started o.e.j.s.ServletContextHandler@536b71b4{logs,/logs,file:///github/workspace/mnt/ozone/hadoop-ozone/integration-test/target/log,AVAILABLE}
2020-09-02 14:44:07,428 [Listener at 0.0.0.0/43959] INFO  handler.ContextHandler (ContextHandler.java:doStart(825)) - Started o.e.j.s.ServletContextHandler@679dd234{static,/static,file:///github/workspace/mnt/ozone/hadoop-ozone/integration-test/target/test-classes/webapps/static,AVAILABLE}
2020-09-02 14:44:07,466 [Listener at 0.0.0.0/43959] INFO  handler.ContextHandler (ContextHandler.java:doStart(825)) - Started o.e.j.w.WebAppContext@6d0e45a5{scm,/,file:///github/workspace/mnt/ozone/hadoop-ozone/integration-test/target/test-classes/webapps/scm/,AVAILABLE}{file:/github/workspace/mnt/ozone/hadoop-ozone/integration-test/target/test-classes/webapps/scm}
2020-09-02 14:44:07,473 [Listener at 0.0.0.0/43959] INFO  server.AbstractConnector (AbstractConnector.java:doStart(330)) - Started ServerConnector@4293e066{HTTP/1.1,[http/1.1]}{0.0.0.0:39327}
2020-09-02 14:44:07,473 [Listener at 0.0.0.0/43959] INFO  server.Server (Server.java:doStart(399)) - Started @3010ms
2020-09-02 14:44:07,475 [Listener at 0.0.0.0/43959] INFO  impl.MetricsSinkAdapter (MetricsSinkAdapter.java:start(204)) - Sink prometheus started
2020-09-02 14:44:07,475 [Listener at 0.0.0.0/43959] INFO  impl.MetricsSystemImpl (MetricsSystemImpl.java:registerSink(301)) - Registered sink prometheus
2020-09-02 14:44:07,478 [Listener at 0.0.0.0/43959] INFO  http.BaseHttpServer (BaseHttpServer.java:updateConnectorAddress(327)) - HTTP server of scm listening at http://0.0.0.0:39327
2020-09-02 14:44:07,484 [Listener at 0.0.0.0/43959] WARN  server.ServerUtils (ServerUtils.java:getDBPath(225)) - ozone.om.db.dirs is not configured. We recommend adding this setting. Falling back to ozone.metadata.dirs instead.
2020-09-02 14:44:07,494 [org.apache.hadoop.util.JvmPauseMonitor$Monitor@1788cb61] INFO  util.JvmPauseMonitor (JvmPauseMonitor.java:run(188)) - Starting JVM pause monitor
2020-09-02 14:44:07,581 [Listener at 0.0.0.0/43959] INFO  ha.OMHANodeDetails (OMHANodeDetails.java:loadOMHAConfig(104)) - ozone.om.internal.service.id is not defined, falling back to ozone.om.service.ids to find serviceID for OzoneManager if it is HA enabled cluster
2020-09-02 14:44:07,584 [Listener at 0.0.0.0/43959] INFO  ha.OMHANodeDetails (OMHANodeDetails.java:loadOMHAConfig(213)) - Configuration either no ozone.om.address set. Falling back to the default OM address /127.0.0.1:0
2020-09-02 14:44:07,584 [Listener at 0.0.0.0/43959] INFO  ha.OMHANodeDetails (OMHANodeDetails.java:getOMNodeDetails(241)) - OM Service ID is not set. Setting it to the default ID: omServiceIdDefault
2020-09-02 14:44:07,586 [Listener at 0.0.0.0/43959] WARN  server.ServerUtils (ServerUtils.java:getDBPath(225)) - ozone.om.db.dirs is not configured. We recommend adding this setting. Falling back to ozone.metadata.dirs instead.
2020-09-02 14:44:07,590 [Listener at 0.0.0.0/43959] WARN  server.ServerUtils (ServerUtils.java:getDBPath(225)) - ozone.om.db.dirs is not configured. We recommend adding this setting. Falling back to ozone.metadata.dirs instead.
2020-09-02 14:44:08,310 [Listener at 0.0.0.0/43959] WARN  server.ServerUtils (ServerUtils.java:getDBPath(225)) - ozone.om.db.dirs is not configured. We recommend adding this setting. Falling back to ozone.metadata.dirs instead.
2020-09-02 14:44:08,315 [Listener at 0.0.0.0/43959] INFO  codec.OmKeyInfoCodec (OmKeyInfoCodec.java:<init>(41)) - OmKeyInfoCodec ignorePipeline = true
2020-09-02 14:44:08,316 [Listener at 0.0.0.0/43959] INFO  codec.RepeatedOmKeyInfoCodec (RepeatedOmKeyInfoCodec.java:<init>(40)) - RepeatedOmKeyInfoCodec ignorePipeline = true
2020-09-02 14:44:08,457 [Listener at 0.0.0.0/43959] INFO  om.OzoneManager (OzoneManager.java:addS3GVolumeToDB(3600)) - Created Volume s3v With Owner jenkins1001 required for S3Gateway operations.
2020-09-02 14:44:08,493 [Listener at 0.0.0.0/43959] INFO  ipc.CallQueueManager (CallQueueManager.java:<init>(84)) - Using callQueue: class java.util.concurrent.LinkedBlockingQueue, queueCapacity: 2000, scheduler: class org.apache.hadoop.ipc.DefaultRpcScheduler, ipcBackoff: false.
2020-09-02 14:44:08,496 [Socket Reader #1 for port 0] INFO  ipc.Server (Server.java:run(1219)) - Starting Socket Reader #1 for port 0
2020-09-02 14:44:08,526 [Listener at 127.0.0.1/38643] INFO  impl.MetricsSystemImpl (MetricsSystemImpl.java:init(158)) - OzoneManager metrics system started (again)
2020-09-02 14:44:08,528 [Listener at 127.0.0.1/38643] INFO  om.OzoneManager (OzoneManager.java:start(1132)) - OzoneManager RPC server is listening at localhost/127.0.0.1:38643
2020-09-02 14:44:08,545 [Listener at 127.0.0.1/38643] INFO  http.BaseHttpServer (BaseHttpServer.java:newHttpServer2BuilderForOzone(207)) - Starting Web-server for ozoneManager at: http://0.0.0.0:0
2020-09-02 14:44:08,545 [Listener at 127.0.0.1/38643] INFO  http.BaseHttpServer (BaseHttpServer.java:<init>(106)) - Hadoop Security Enabled: false Ozone Security Enabled: false Ozone HTTP Security Enabled: false 
2020-09-02 14:44:08,546 [Listener at 127.0.0.1/38643] INFO  server.AuthenticationFilter (AuthenticationFilter.java:constructSecretProvider(240)) - Unable to initialize FileSignerSecretProvider, falling back to use random secrets.
2020-09-02 14:44:08,551 [Listener at 127.0.0.1/38643] WARN  http.HttpRequestLog (HttpRequestLog.java:getRequestLog(103)) - Jetty request log can only be enabled using Log4j
2020-09-02 14:44:08,552 [Listener at 127.0.0.1/38643] INFO  http.HttpServer2 (HttpServer2.java:addGlobalFilter(1019)) - Added global filter 'safety' (class=org.apache.hadoop.hdds.server.http.HttpServer2$QuotingInputFilter)
2020-09-02 14:44:08,553 [Listener at 127.0.0.1/38643] INFO  http.HttpServer2 (HttpServer2.java:addFilter(995)) - Added filter static_user_filter (class=org.apache.hadoop.http.lib.StaticUserWebFilter$StaticUserFilter) to context ozoneManager
2020-09-02 14:44:08,553 [Listener at 127.0.0.1/38643] INFO  http.HttpServer2 (HttpServer2.java:addFilter(1003)) - Added filter static_user_filter (class=org.apache.hadoop.http.lib.StaticUserWebFilter$StaticUserFilter) to context static
2020-09-02 14:44:08,553 [Listener at 127.0.0.1/38643] INFO  http.HttpServer2 (HttpServer2.java:addFilter(1003)) - Added filter static_user_filter (class=org.apache.hadoop.http.lib.StaticUserWebFilter$StaticUserFilter) to context logs
2020-09-02 14:44:08,556 [Listener at 127.0.0.1/38643] INFO  http.HttpServer2 (HttpServer2.java:bindListener(1237)) - Jetty bound to port 46797
2020-09-02 14:44:08,556 [Listener at 127.0.0.1/38643] INFO  server.Server (Server.java:doStart(359)) - jetty-9.4.26.v20200117; built: 2020-01-17T12:35:33.676Z; git: 7b38981d25d14afb4a12ff1f2596756144edf695; jvm 1.8.0_232-b09
2020-09-02 14:44:08,559 [Listener at 127.0.0.1/38643] INFO  server.session (DefaultSessionIdManager.java:doStart(333)) - DefaultSessionIdManager workerName=node0
2020-09-02 14:44:08,559 [Listener at 127.0.0.1/38643] INFO  server.session (DefaultSessionIdManager.java:doStart(338)) - No SessionScavenger set, using defaults
2020-09-02 14:44:08,559 [Listener at 127.0.0.1/38643] INFO  server.session (HouseKeeper.java:startScavenging(140)) - node0 Scavenging every 600000ms
2020-09-02 14:44:08,560 [Listener at 127.0.0.1/38643] INFO  handler.ContextHandler (ContextHandler.java:doStart(825)) - Started o.e.j.s.ServletContextHandler@13731ff4{logs,/logs,file:///github/workspace/mnt/ozone/hadoop-ozone/integration-test/target/log,AVAILABLE}
2020-09-02 14:44:08,561 [Listener at 127.0.0.1/38643] INFO  handler.ContextHandler (ContextHandler.java:doStart(825)) - Started o.e.j.s.ServletContextHandler@61d24347{static,/static,file:///github/workspace/mnt/ozone/hadoop-ozone/integration-test/target/test-classes/webapps/static,AVAILABLE}
2020-09-02 14:44:08,565 [Listener at 127.0.0.1/38643] INFO  handler.ContextHandler (ContextHandler.java:doStart(825)) - Started o.e.j.w.WebAppContext@478cc5f1{ozoneManager,/,file:///github/workspace/mnt/ozone/hadoop-ozone/integration-test/target/test-classes/webapps/ozoneManager/,AVAILABLE}{file:/github/workspace/mnt/ozone/hadoop-ozone/integration-test/target/test-classes/webapps/ozoneManager}
2020-09-02 14:44:08,566 [Listener at 127.0.0.1/38643] INFO  server.AbstractConnector (AbstractConnector.java:doStart(330)) - Started ServerConnector@222eda8a{HTTP/1.1,[http/1.1]}{0.0.0.0:46797}
2020-09-02 14:44:08,566 [Listener at 127.0.0.1/38643] INFO  server.Server (Server.java:doStart(399)) - Started @4104ms
2020-09-02 14:44:08,567 [Listener at 127.0.0.1/38643] WARN  impl.MetricsSystemImpl (MetricsSystemImpl.java:register(276)) - Sink prometheus already exists!
2020-09-02 14:44:08,569 [Listener at 127.0.0.1/38643] INFO  http.BaseHttpServer (BaseHttpServer.java:updateConnectorAddress(327)) - HTTP server of ozoneManager listening at http://0.0.0.0:46797
2020-09-02 14:44:08,570 [IPC Server Responder] INFO  ipc.Server (Server.java:run(1460)) - IPC Server Responder: starting
2020-09-02 14:44:08,570 [IPC Server listener on 0] INFO  ipc.Server (Server.java:run(1298)) - IPC Server listener on 0: starting
2020-09-02 14:44:08,589 [org.apache.hadoop.util.JvmPauseMonitor$Monitor@613a608e] INFO  util.JvmPauseMonitor (JvmPauseMonitor.java:run(188)) - Starting JVM pause monitor
2020-09-02 14:44:08,749 [Listener at 127.0.0.1/38643] INFO  metrics.MetricRegistries (MetricRegistriesLoader.java:load(64)) - Loaded MetricRegistries class org.apache.ratis.metrics.impl.MetricRegistriesImpl
2020-09-02 14:44:08,752 [Listener at 127.0.0.1/38643] INFO  impl.MetricsSystemImpl (MetricsSystemImpl.java:init(158)) - HddsDatanode metrics system started (again)
2020-09-02 14:44:08,757 [Listener at 127.0.0.1/38643] INFO  ozone.HddsDatanodeService (HddsDatanodeService.java:start(217)) - HddsDatanodeService host:5b6fc57d11f3 ip:172.17.0.2
2020-09-02 14:44:08,836 [Listener at 127.0.0.1/38643] INFO  volume.HddsVolume (HddsVolume.java:<init>(176)) - Creating Volume: /github/workspace/mnt/ozone/hadoop-ozone/integration-test/target/test-dir/MiniOzoneClusterImpl-105acb31-bc6b-42ec-a3ae-9abe6af9d89b/datanode-0/data-0/containers/hdds of storage type : DISK and capacity : 9223372036854775807
2020-09-02 14:44:08,839 [Listener at 127.0.0.1/38643] INFO  volume.MutableVolumeSet (MutableVolumeSet.java:initializeVolumeSet(179)) - Added Volume : /github/workspace/mnt/ozone/hadoop-ozone/integration-test/target/test-dir/MiniOzoneClusterImpl-105acb31-bc6b-42ec-a3ae-9abe6af9d89b/datanode-0/data-0/containers/hdds to VolumeSet
2020-09-02 14:44:08,840 [Listener at 127.0.0.1/38643] INFO  volume.ThrottledAsyncChecker (ThrottledAsyncChecker.java:schedule(141)) - Scheduling a check for /github/workspace/mnt/ozone/hadoop-ozone/integration-test/target/test-dir/MiniOzoneClusterImpl-105acb31-bc6b-42ec-a3ae-9abe6af9d89b/datanode-0/data-0/containers/hdds
2020-09-02 14:44:08,859 [Listener at 127.0.0.1/38643] INFO  volume.HddsVolumeChecker (HddsVolumeChecker.java:checkAllVolumes(200)) - Scheduled health check for volume /github/workspace/mnt/ozone/hadoop-ozone/integration-test/target/test-dir/MiniOzoneClusterImpl-105acb31-bc6b-42ec-a3ae-9abe6af9d89b/datanode-0/data-0/containers/hdds
2020-09-02 14:44:08,881 [Thread-130] INFO  ozoneimpl.ContainerReader (ContainerReader.java:readVolume(123)) - Start to verify containers on volume /github/workspace/mnt/ozone/hadoop-ozone/integration-test/target/test-dir/MiniOzoneClusterImpl-105acb31-bc6b-42ec-a3ae-9abe6af9d89b/datanode-0/data-0/containers/hdds
2020-09-02 14:44:08,881 [Thread-130] INFO  ozoneimpl.ContainerReader (ContainerReader.java:readVolume(148)) - Finish verifying containers on volume /github/workspace/mnt/ozone/hadoop-ozone/integration-test/target/test-dir/MiniOzoneClusterImpl-105acb31-bc6b-42ec-a3ae-9abe6af9d89b/datanode-0/data-0/containers/hdds
2020-09-02 14:44:08,881 [Listener at 127.0.0.1/38643] INFO  ozoneimpl.OzoneContainer (OzoneContainer.java:buildContainerSet(196)) - Build ContainerSet costs 0s
2020-09-02 14:44:08,991 [Listener at 127.0.0.1/38643] INFO  impl.RaftServerProxy (ConfUtils.java:logGet(44)) - raft.rpc.type = GRPC (default)
2020-09-02 14:44:09,059 [Listener at 127.0.0.1/38643] INFO  grpc.GrpcFactory (GrpcFactory.java:checkPooledByteBufAllocatorUseCacheForAllThreads(45)) - PERFORMANCE WARNING: useCacheForAllThreads is true that may cause Netty to create a lot garbage objects and, as a result, trigger GC.
	It is recommended to disable useCacheForAllThreads by setting -Dorg.apache.ratis.thirdparty.io.netty.allocator.useCacheForAllThreads=false in command line.
2020-09-02 14:44:09,063 [Listener at 127.0.0.1/38643] INFO  grpc.GrpcConfigKeys (ConfUtils.java:logGet(44)) - raft.grpc.server.port = 0 (default)
2020-09-02 14:44:09,064 [Listener at 127.0.0.1/38643] INFO  server.GrpcService (ConfUtils.java:logGet(44)) - raft.grpc.message.size.max = 32MB (=33554432) (custom)
2020-09-02 14:44:09,065 [Listener at 127.0.0.1/38643] INFO  server.RaftServerConfigKeys (ConfUtils.java:logGet(44)) - raft.server.log.appender.buffer.byte-limit = 33554432 (custom)
2020-09-02 14:44:09,065 [Listener at 127.0.0.1/38643] INFO  server.GrpcService (ConfUtils.java:logGet(44)) - raft.grpc.flow.control.window = 5MB (=5242880) (custom)
2020-09-02 14:44:09,066 [Listener at 127.0.0.1/38643] INFO  server.RaftServerConfigKeys (ConfUtils.java:logGet(44)) - raft.server.rpc.request.timeout = 3000ms (default)
2020-09-02 14:44:09,283 [Listener at 127.0.0.1/38643] INFO  server.RaftServerConfigKeys (ConfUtils.java:logGet(44)) - raft.server.storage.dir = [/github/workspace/mnt/ozone/hadoop-ozone/integration-test/target/test-dir/MiniOzoneClusterImpl-105acb31-bc6b-42ec-a3ae-9abe6af9d89b/datanode-0/data/ratis] (custom)
2020-09-02 14:44:09,362 [Listener at 127.0.0.1/38643] INFO  http.BaseHttpServer (BaseHttpServer.java:newHttpServer2BuilderForOzone(207)) - Starting Web-server for hddsDatanode at: http://0.0.0.0:0
2020-09-02 14:44:09,363 [Listener at 127.0.0.1/38643] INFO  http.BaseHttpServer (BaseHttpServer.java:<init>(106)) - Hadoop Security Enabled: false Ozone Security Enabled: false Ozone HTTP Security Enabled: false 
2020-09-02 14:44:09,364 [Listener at 127.0.0.1/38643] INFO  server.AuthenticationFilter (AuthenticationFilter.java:constructSecretProvider(240)) - Unable to initialize FileSignerSecretProvider, falling back to use random secrets.
2020-09-02 14:44:09,365 [Listener at 127.0.0.1/38643] WARN  http.HttpRequestLog (HttpRequestLog.java:getRequestLog(103)) - Jetty request log can only be enabled using Log4j
2020-09-02 14:44:09,366 [Listener at 127.0.0.1/38643] INFO  http.HttpServer2 (HttpServer2.java:addGlobalFilter(1019)) - Added global filter 'safety' (class=org.apache.hadoop.hdds.server.http.HttpServer2$QuotingInputFilter)
2020-09-02 14:44:09,367 [Listener at 127.0.0.1/38643] INFO  http.HttpServer2 (HttpServer2.java:addFilter(995)) - Added filter static_user_filter (class=org.apache.hadoop.http.lib.StaticUserWebFilter$StaticUserFilter) to context hddsDatanode
2020-09-02 14:44:09,367 [Listener at 127.0.0.1/38643] INFO  http.HttpServer2 (HttpServer2.java:addFilter(1003)) - Added filter static_user_filter (class=org.apache.hadoop.http.lib.StaticUserWebFilter$StaticUserFilter) to context static
2020-09-02 14:44:09,367 [Listener at 127.0.0.1/38643] INFO  http.HttpServer2 (HttpServer2.java:addFilter(1003)) - Added filter static_user_filter (class=org.apache.hadoop.http.lib.StaticUserWebFilter$StaticUserFilter) to context logs
2020-09-02 14:44:09,367 [Listener at 127.0.0.1/38643] INFO  http.HttpServer2 (HttpServer2.java:bindListener(1237)) - Jetty bound to port 44081
2020-09-02 14:44:09,368 [Listener at 127.0.0.1/38643] INFO  server.Server (Server.java:doStart(359)) - jetty-9.4.26.v20200117; built: 2020-01-17T12:35:33.676Z; git: 7b38981d25d14afb4a12ff1f2596756144edf695; jvm 1.8.0_232-b09
2020-09-02 14:44:09,373 [Listener at 127.0.0.1/38643] INFO  server.session (DefaultSessionIdManager.java:doStart(333)) - DefaultSessionIdManager workerName=node0
2020-09-02 14:44:09,373 [Listener at 127.0.0.1/38643] INFO  server.session (DefaultSessionIdManager.java:doStart(338)) - No SessionScavenger set, using defaults
2020-09-02 14:44:09,374 [Listener at 127.0.0.1/38643] INFO  server.session (HouseKeeper.java:startScavenging(140)) - node0 Scavenging every 660000ms
2020-09-02 14:44:09,375 [Listener at 127.0.0.1/38643] INFO  handler.ContextHandler (ContextHandler.java:doStart(825)) - Started o.e.j.s.ServletContextHandler@7469c73d{logs,/logs,file:///github/workspace/mnt/ozone/hadoop-ozone/integration-test/target/log,AVAILABLE}
2020-09-02 14:44:09,376 [Listener at 127.0.0.1/38643] INFO  handler.ContextHandler (ContextHandler.java:doStart(825)) - Started o.e.j.s.ServletContextHandler@1fcb01f8{static,/static,jar:file:/home/user/.m2/repository/org/apache/hadoop/hadoop-hdds-container-service/1.1.0-SNAPSHOT/hadoop-hdds-container-service-1.1.0-SNAPSHOT.jar!/webapps/static,AVAILABLE}
2020-09-02 14:44:09,549 [Listener at 127.0.0.1/38643] INFO  handler.ContextHandler (ContextHandler.java:doStart(825)) - Started o.e.j.w.WebAppContext@57629340{hddsDatanode,/,file:///tmp/jetty-0_0_0_0-44081-hadoop-hdds-container-service-1_1_0-SNAPSHOT_jar-_-any-61137472863511128.dir/webapp/,AVAILABLE}{jar:file:/home/user/.m2/repository/org/apache/hadoop/hadoop-hdds-container-service/1.1.0-SNAPSHOT/hadoop-hdds-container-service-1.1.0-SNAPSHOT.jar!/webapps/hddsDatanode}
2020-09-02 14:44:09,553 [Listener at 127.0.0.1/38643] INFO  server.AbstractConnector (AbstractConnector.java:doStart(330)) - Started ServerConnector@2746bc43{HTTP/1.1,[http/1.1]}{0.0.0.0:44081}
2020-09-02 14:44:09,553 [Listener at 127.0.0.1/38643] INFO  server.Server (Server.java:doStart(399)) - Started @5090ms
2020-09-02 14:44:09,553 [Listener at 127.0.0.1/38643] WARN  impl.MetricsSystemImpl (MetricsSystemImpl.java:register(276)) - Sink prometheus already exists!
2020-09-02 14:44:09,556 [Listener at 127.0.0.1/38643] INFO  http.BaseHttpServer (BaseHttpServer.java:updateConnectorAddress(327)) - HTTP server of hddsDatanode listening at http://0.0.0.0:44081
2020-09-02 14:44:09,558 [Listener at 127.0.0.1/38643] INFO  impl.MetricsSystemImpl (MetricsSystemImpl.java:init(158)) - HddsDatanode metrics system started (again)
2020-09-02 14:44:09,559 [Listener at 127.0.0.1/38643] INFO  ozone.HddsDatanodeService (HddsDatanodeService.java:start(217)) - HddsDatanodeService host:5b6fc57d11f3 ip:172.17.0.2
2020-09-02 14:44:09,564 [Listener at 127.0.0.1/38643] INFO  volume.HddsVolume (HddsVolume.java:<init>(176)) - Creating Volume: /github/workspace/mnt/ozone/hadoop-ozone/integration-test/target/test-dir/MiniOzoneClusterImpl-105acb31-bc6b-42ec-a3ae-9abe6af9d89b/datanode-1/data-0/containers/hdds of storage type : DISK and capacity : 9223372036854775807
2020-09-02 14:44:09,565 [Listener at 127.0.0.1/38643] INFO  volume.MutableVolumeSet (MutableVolumeSet.java:initializeVolumeSet(179)) - Added Volume : /github/workspace/mnt/ozone/hadoop-ozone/integration-test/target/test-dir/MiniOzoneClusterImpl-105acb31-bc6b-42ec-a3ae-9abe6af9d89b/datanode-1/data-0/containers/hdds to VolumeSet
2020-09-02 14:44:09,565 [Listener at 127.0.0.1/38643] INFO  volume.ThrottledAsyncChecker (ThrottledAsyncChecker.java:schedule(141)) - Scheduling a check for /github/workspace/mnt/ozone/hadoop-ozone/integration-test/target/test-dir/MiniOzoneClusterImpl-105acb31-bc6b-42ec-a3ae-9abe6af9d89b/datanode-1/data-0/containers/hdds
2020-09-02 14:44:09,566 [Listener at 127.0.0.1/38643] INFO  volume.HddsVolumeChecker (HddsVolumeChecker.java:checkAllVolumes(200)) - Scheduled health check for volume /github/workspace/mnt/ozone/hadoop-ozone/integration-test/target/test-dir/MiniOzoneClusterImpl-105acb31-bc6b-42ec-a3ae-9abe6af9d89b/datanode-1/data-0/containers/hdds
2020-09-02 14:44:09,596 [org.apache.hadoop.util.JvmPauseMonitor$Monitor@4f96de25] INFO  util.JvmPauseMonitor (JvmPauseMonitor.java:run(188)) - Starting JVM pause monitor
2020-09-02 14:44:09,608 [Thread-139] INFO  ozoneimpl.ContainerReader (ContainerReader.java:readVolume(123)) - Start to verify containers on volume /github/workspace/mnt/ozone/hadoop-ozone/integration-test/target/test-dir/MiniOzoneClusterImpl-105acb31-bc6b-42ec-a3ae-9abe6af9d89b/datanode-1/data-0/containers/hdds
2020-09-02 14:44:09,609 [Thread-139] INFO  ozoneimpl.ContainerReader (ContainerReader.java:readVolume(148)) - Finish verifying containers on volume /github/workspace/mnt/ozone/hadoop-ozone/integration-test/target/test-dir/MiniOzoneClusterImpl-105acb31-bc6b-42ec-a3ae-9abe6af9d89b/datanode-1/data-0/containers/hdds
2020-09-02 14:44:09,609 [Listener at 127.0.0.1/38643] INFO  ozoneimpl.OzoneContainer (OzoneContainer.java:buildContainerSet(196)) - Build ContainerSet costs 0s
2020-09-02 14:44:09,612 [Listener at 127.0.0.1/38643] INFO  impl.RaftServerProxy (ConfUtils.java:logGet(44)) - raft.rpc.type = GRPC (default)
2020-09-02 14:44:09,612 [Listener at 127.0.0.1/38643] INFO  grpc.GrpcFactory (GrpcFactory.java:checkPooledByteBufAllocatorUseCacheForAllThreads(45)) - PERFORMANCE WARNING: useCacheForAllThreads is true that may cause Netty to create a lot garbage objects and, as a result, trigger GC.
	It is recommended to disable useCacheForAllThreads by setting -Dorg.apache.ratis.thirdparty.io.netty.allocator.useCacheForAllThreads=false in command line.
2020-09-02 14:44:09,612 [Listener at 127.0.0.1/38643] INFO  grpc.GrpcConfigKeys (ConfUtils.java:logGet(44)) - raft.grpc.server.port = 0 (default)
2020-09-02 14:44:09,612 [Listener at 127.0.0.1/38643] INFO  server.GrpcService (ConfUtils.java:logGet(44)) - raft.grpc.message.size.max = 32MB (=33554432) (custom)
2020-09-02 14:44:09,612 [Listener at 127.0.0.1/38643] INFO  server.RaftServerConfigKeys (ConfUtils.java:logGet(44)) - raft.server.log.appender.buffer.byte-limit = 33554432 (custom)
2020-09-02 14:44:09,612 [Listener at 127.0.0.1/38643] INFO  server.GrpcService (ConfUtils.java:logGet(44)) - raft.grpc.flow.control.window = 5MB (=5242880) (custom)
2020-09-02 14:44:09,613 [Listener at 127.0.0.1/38643] INFO  server.RaftServerConfigKeys (ConfUtils.java:logGet(44)) - raft.server.rpc.request.timeout = 3000ms (default)
2020-09-02 14:44:09,614 [Listener at 127.0.0.1/38643] INFO  server.RaftServerConfigKeys (ConfUtils.java:logGet(44)) - raft.server.storage.dir = [/github/workspace/mnt/ozone/hadoop-ozone/integration-test/target/test-dir/MiniOzoneClusterImpl-105acb31-bc6b-42ec-a3ae-9abe6af9d89b/datanode-1/data/ratis] (custom)
2020-09-02 14:44:09,622 [Listener at 127.0.0.1/38643] INFO  http.BaseHttpServer (BaseHttpServer.java:newHttpServer2BuilderForOzone(207)) - Starting Web-server for hddsDatanode at: http://0.0.0.0:0
2020-09-02 14:44:09,622 [Listener at 127.0.0.1/38643] INFO  http.BaseHttpServer (BaseHttpServer.java:<init>(106)) - Hadoop Security Enabled: false Ozone Security Enabled: false Ozone HTTP Security Enabled: false 
2020-09-02 14:44:09,623 [Listener at 127.0.0.1/38643] INFO  server.AuthenticationFilter (AuthenticationFilter.java:constructSecretProvider(240)) - Unable to initialize FileSignerSecretProvider, falling back to use random secrets.
2020-09-02 14:44:09,630 [Listener at 127.0.0.1/38643] WARN  http.HttpRequestLog (HttpRequestLog.java:getRequestLog(103)) - Jetty request log can only be enabled using Log4j
2020-09-02 14:44:09,631 [Listener at 127.0.0.1/38643] INFO  http.HttpServer2 (HttpServer2.java:addGlobalFilter(1019)) - Added global filter 'safety' (class=org.apache.hadoop.hdds.server.http.HttpServer2$QuotingInputFilter)
2020-09-02 14:44:09,632 [Listener at 127.0.0.1/38643] INFO  http.HttpServer2 (HttpServer2.java:addFilter(995)) - Added filter static_user_filter (class=org.apache.hadoop.http.lib.StaticUserWebFilter$StaticUserFilter) to context hddsDatanode
2020-09-02 14:44:09,632 [Listener at 127.0.0.1/38643] INFO  http.HttpServer2 (HttpServer2.java:addFilter(1003)) - Added filter static_user_filter (class=org.apache.hadoop.http.lib.StaticUserWebFilter$StaticUserFilter) to context static
2020-09-02 14:44:09,633 [Listener at 127.0.0.1/38643] INFO  http.HttpServer2 (HttpServer2.java:addFilter(1003)) - Added filter static_user_filter (class=org.apache.hadoop.http.lib.StaticUserWebFilter$StaticUserFilter) to context logs
2020-09-02 14:44:09,634 [Listener at 127.0.0.1/38643] INFO  http.HttpServer2 (HttpServer2.java:bindListener(1237)) - Jetty bound to port 39719
2020-09-02 14:44:09,635 [Listener at 127.0.0.1/38643] INFO  server.Server (Server.java:doStart(359)) - jetty-9.4.26.v20200117; built: 2020-01-17T12:35:33.676Z; git: 7b38981d25d14afb4a12ff1f2596756144edf695; jvm 1.8.0_232-b09
2020-09-02 14:44:09,692 [Listener at 127.0.0.1/38643] INFO  server.session (DefaultSessionIdManager.java:doStart(333)) - DefaultSessionIdManager workerName=node0
2020-09-02 14:44:09,693 [Listener at 127.0.0.1/38643] INFO  server.session (DefaultSessionIdManager.java:doStart(338)) - No SessionScavenger set, using defaults
2020-09-02 14:44:09,693 [Listener at 127.0.0.1/38643] INFO  server.session (HouseKeeper.java:startScavenging(140)) - node0 Scavenging every 600000ms
2020-09-02 14:44:09,701 [Listener at 127.0.0.1/38643] INFO  handler.ContextHandler (ContextHandler.java:doStart(825)) - Started o.e.j.s.ServletContextHandler@39068df9{logs,/logs,file:///github/workspace/mnt/ozone/hadoop-ozone/integration-test/target/log,AVAILABLE}
2020-09-02 14:44:09,701 [Listener at 127.0.0.1/38643] INFO  handler.ContextHandler (ContextHandler.java:doStart(825)) - Started o.e.j.s.ServletContextHandler@7d29fc6{static,/static,jar:file:/home/user/.m2/repository/org/apache/hadoop/hadoop-hdds-container-service/1.1.0-SNAPSHOT/hadoop-hdds-container-service-1.1.0-SNAPSHOT.jar!/webapps/static,AVAILABLE}
2020-09-02 14:44:09,749 [Datanode State Machine Task Thread - 0] INFO  datanode.InitDatanodeState (InitDatanodeState.java:persistContainerDatanodeDetails(145)) - DatanodeDetails is persisted to /github/workspace/mnt/ozone/hadoop-ozone/integration-test/target/test-dir/MiniOzoneClusterImpl-105acb31-bc6b-42ec-a3ae-9abe6af9d89b/datanode-0/meta/datanode.id
2020-09-02 14:44:09,856 [Listener at 127.0.0.1/38643] INFO  handler.ContextHandler (ContextHandler.java:doStart(825)) - Started o.e.j.w.WebAppContext@2b3ac26d{hddsDatanode,/,file:///tmp/jetty-0_0_0_0-39719-hadoop-hdds-container-service-1_1_0-SNAPSHOT_jar-_-any-1535119785941918905.dir/webapp/,AVAILABLE}{jar:file:/home/user/.m2/repository/org/apache/hadoop/hadoop-hdds-container-service/1.1.0-SNAPSHOT/hadoop-hdds-container-service-1.1.0-SNAPSHOT.jar!/webapps/hddsDatanode}
2020-09-02 14:44:09,862 [Listener at 127.0.0.1/38643] INFO  server.AbstractConnector (AbstractConnector.java:doStart(330)) - Started ServerConnector@2ff4d61b{HTTP/1.1,[http/1.1]}{0.0.0.0:39719}
2020-09-02 14:44:09,863 [Listener at 127.0.0.1/38643] INFO  server.Server (Server.java:doStart(399)) - Started @5400ms
2020-09-02 14:44:09,863 [Listener at 127.0.0.1/38643] WARN  impl.MetricsSystemImpl (MetricsSystemImpl.java:register(276)) - Sink prometheus already exists!
2020-09-02 14:44:09,866 [Listener at 127.0.0.1/38643] INFO  http.BaseHttpServer (BaseHttpServer.java:updateConnectorAddress(327)) - HTTP server of hddsDatanode listening at http://0.0.0.0:39719
2020-09-02 14:44:09,867 [Listener at 127.0.0.1/38643] INFO  impl.MetricsSystemImpl (MetricsSystemImpl.java:init(158)) - HddsDatanode metrics system started (again)
2020-09-02 14:44:09,868 [Listener at 127.0.0.1/38643] INFO  ozone.HddsDatanodeService (HddsDatanodeService.java:start(217)) - HddsDatanodeService host:5b6fc57d11f3 ip:172.17.0.2
2020-09-02 14:44:09,874 [Listener at 127.0.0.1/38643] INFO  volume.HddsVolume (HddsVolume.java:<init>(176)) - Creating Volume: /github/workspace/mnt/ozone/hadoop-ozone/integration-test/target/test-dir/MiniOzoneClusterImpl-105acb31-bc6b-42ec-a3ae-9abe6af9d89b/datanode-2/data-0/containers/hdds of storage type : DISK and capacity : 9223372036854775807
2020-09-02 14:44:09,874 [Listener at 127.0.0.1/38643] INFO  volume.MutableVolumeSet (MutableVolumeSet.java:initializeVolumeSet(179)) - Added Volume : /github/workspace/mnt/ozone/hadoop-ozone/integration-test/target/test-dir/MiniOzoneClusterImpl-105acb31-bc6b-42ec-a3ae-9abe6af9d89b/datanode-2/data-0/containers/hdds to VolumeSet
2020-09-02 14:44:09,874 [Listener at 127.0.0.1/38643] INFO  volume.ThrottledAsyncChecker (ThrottledAsyncChecker.java:schedule(141)) - Scheduling a check for /github/workspace/mnt/ozone/hadoop-ozone/integration-test/target/test-dir/MiniOzoneClusterImpl-105acb31-bc6b-42ec-a3ae-9abe6af9d89b/datanode-2/data-0/containers/hdds
2020-09-02 14:44:09,875 [Listener at 127.0.0.1/38643] INFO  volume.HddsVolumeChecker (HddsVolumeChecker.java:checkAllVolumes(200)) - Scheduled health check for volume /github/workspace/mnt/ozone/hadoop-ozone/integration-test/target/test-dir/MiniOzoneClusterImpl-105acb31-bc6b-42ec-a3ae-9abe6af9d89b/datanode-2/data-0/containers/hdds
2020-09-02 14:44:09,896 [org.apache.hadoop.util.JvmPauseMonitor$Monitor@87ef359] INFO  util.JvmPauseMonitor (JvmPauseMonitor.java:run(188)) - Starting JVM pause monitor
2020-09-02 14:44:09,905 [Datanode State Machine Task Thread - 0] INFO  datanode.InitDatanodeState (InitDatanodeState.java:persistContainerDatanodeDetails(145)) - DatanodeDetails is persisted to /github/workspace/mnt/ozone/hadoop-ozone/integration-test/target/test-dir/MiniOzoneClusterImpl-105acb31-bc6b-42ec-a3ae-9abe6af9d89b/datanode-1/meta/datanode.id
2020-09-02 14:44:09,905 [Thread-150] INFO  ozoneimpl.ContainerReader (ContainerReader.java:readVolume(123)) - Start to verify containers on volume /github/workspace/mnt/ozone/hadoop-ozone/integration-test/target/test-dir/MiniOzoneClusterImpl-105acb31-bc6b-42ec-a3ae-9abe6af9d89b/datanode-2/data-0/containers/hdds
2020-09-02 14:44:09,906 [Thread-150] INFO  ozoneimpl.ContainerReader (ContainerReader.java:readVolume(148)) - Finish verifying containers on volume /github/workspace/mnt/ozone/hadoop-ozone/integration-test/target/test-dir/MiniOzoneClusterImpl-105acb31-bc6b-42ec-a3ae-9abe6af9d89b/datanode-2/data-0/containers/hdds
2020-09-02 14:44:09,906 [Listener at 127.0.0.1/38643] INFO  ozoneimpl.OzoneContainer (OzoneContainer.java:buildContainerSet(196)) - Build ContainerSet costs 0s
2020-09-02 14:44:09,908 [Listener at 127.0.0.1/38643] INFO  impl.RaftServerProxy (ConfUtils.java:logGet(44)) - raft.rpc.type = GRPC (default)
2020-09-02 14:44:09,908 [Listener at 127.0.0.1/38643] INFO  grpc.GrpcFactory (GrpcFactory.java:checkPooledByteBufAllocatorUseCacheForAllThreads(45)) - PERFORMANCE WARNING: useCacheForAllThreads is true that may cause Netty to create a lot garbage objects and, as a result, trigger GC.
	It is recommended to disable useCacheForAllThreads by setting -Dorg.apache.ratis.thirdparty.io.netty.allocator.useCacheForAllThreads=false in command line.
2020-09-02 14:44:09,909 [Listener at 127.0.0.1/38643] INFO  grpc.GrpcConfigKeys (ConfUtils.java:logGet(44)) - raft.grpc.server.port = 0 (default)
2020-09-02 14:44:09,909 [Listener at 127.0.0.1/38643] INFO  server.GrpcService (ConfUtils.java:logGet(44)) - raft.grpc.message.size.max = 32MB (=33554432) (custom)
2020-09-02 14:44:09,909 [Listener at 127.0.0.1/38643] INFO  server.RaftServerConfigKeys (ConfUtils.java:logGet(44)) - raft.server.log.appender.buffer.byte-limit = 33554432 (custom)
2020-09-02 14:44:09,909 [Listener at 127.0.0.1/38643] INFO  server.GrpcService (ConfUtils.java:logGet(44)) - raft.grpc.flow.control.window = 5MB (=5242880) (custom)
2020-09-02 14:44:09,909 [Listener at 127.0.0.1/38643] INFO  server.RaftServerConfigKeys (ConfUtils.java:logGet(44)) - raft.server.rpc.request.timeout = 3000ms (default)
2020-09-02 14:44:09,910 [Listener at 127.0.0.1/38643] INFO  server.RaftServerConfigKeys (ConfUtils.java:logGet(44)) - raft.server.storage.dir = [/github/workspace/mnt/ozone/hadoop-ozone/integration-test/target/test-dir/MiniOzoneClusterImpl-105acb31-bc6b-42ec-a3ae-9abe6af9d89b/datanode-2/data/ratis] (custom)
2020-09-02 14:44:09,917 [Listener at 127.0.0.1/38643] INFO  http.BaseHttpServer (BaseHttpServer.java:newHttpServer2BuilderForOzone(207)) - Starting Web-server for hddsDatanode at: http://0.0.0.0:0
2020-09-02 14:44:09,917 [Listener at 127.0.0.1/38643] INFO  http.BaseHttpServer (BaseHttpServer.java:<init>(106)) - Hadoop Security Enabled: false Ozone Security Enabled: false Ozone HTTP Security Enabled: false 
2020-09-02 14:44:09,919 [Listener at 127.0.0.1/38643] INFO  server.AuthenticationFilter (AuthenticationFilter.java:constructSecretProvider(240)) - Unable to initialize FileSignerSecretProvider, falling back to use random secrets.
2020-09-02 14:44:09,919 [Listener at 127.0.0.1/38643] WARN  http.HttpRequestLog (HttpRequestLog.java:getRequestLog(103)) - Jetty request log can only be enabled using Log4j
2020-09-02 14:44:09,920 [Listener at 127.0.0.1/38643] INFO  http.HttpServer2 (HttpServer2.java:addGlobalFilter(1019)) - Added global filter 'safety' (class=org.apache.hadoop.hdds.server.http.HttpServer2$QuotingInputFilter)
2020-09-02 14:44:09,921 [Listener at 127.0.0.1/38643] INFO  http.HttpServer2 (HttpServer2.java:addFilter(995)) - Added filter static_user_filter (class=org.apache.hadoop.http.lib.StaticUserWebFilter$StaticUserFilter) to context hddsDatanode
2020-09-02 14:44:09,921 [Listener at 127.0.0.1/38643] INFO  http.HttpServer2 (HttpServer2.java:addFilter(1003)) - Added filter static_user_filter (class=org.apache.hadoop.http.lib.StaticUserWebFilter$StaticUserFilter) to context static
2020-09-02 14:44:09,921 [Listener at 127.0.0.1/38643] INFO  http.HttpServer2 (HttpServer2.java:addFilter(1003)) - Added filter static_user_filter (class=org.apache.hadoop.http.lib.StaticUserWebFilter$StaticUserFilter) to context logs
2020-09-02 14:44:09,921 [Listener at 127.0.0.1/38643] INFO  http.HttpServer2 (HttpServer2.java:bindListener(1237)) - Jetty bound to port 34531
2020-09-02 14:44:09,922 [Listener at 127.0.0.1/38643] INFO  server.Server (Server.java:doStart(359)) - jetty-9.4.26.v20200117; built: 2020-01-17T12:35:33.676Z; git: 7b38981d25d14afb4a12ff1f2596756144edf695; jvm 1.8.0_232-b09
2020-09-02 14:44:09,924 [Listener at 127.0.0.1/38643] INFO  server.session (DefaultSessionIdManager.java:doStart(333)) - DefaultSessionIdManager workerName=node0
2020-09-02 14:44:09,924 [Listener at 127.0.0.1/38643] INFO  server.session (DefaultSessionIdManager.java:doStart(338)) - No SessionScavenger set, using defaults
2020-09-02 14:44:09,924 [Listener at 127.0.0.1/38643] INFO  server.session (HouseKeeper.java:startScavenging(140)) - node0 Scavenging every 660000ms
2020-09-02 14:44:09,925 [Listener at 127.0.0.1/38643] INFO  handler.ContextHandler (ContextHandler.java:doStart(825)) - Started o.e.j.s.ServletContextHandler@3a9a12a1{logs,/logs,file:///github/workspace/mnt/ozone/hadoop-ozone/integration-test/target/log,AVAILABLE}
2020-09-02 14:44:09,926 [Listener at 127.0.0.1/38643] INFO  handler.ContextHandler (ContextHandler.java:doStart(825)) - Started o.e.j.s.ServletContextHandler@22a89db{static,/static,jar:file:/home/user/.m2/repository/org/apache/hadoop/hadoop-hdds-container-service/1.1.0-SNAPSHOT/hadoop-hdds-container-service-1.1.0-SNAPSHOT.jar!/webapps/static,AVAILABLE}
2020-09-02 14:44:10,061 [Listener at 127.0.0.1/38643] INFO  handler.ContextHandler (ContextHandler.java:doStart(825)) - Started o.e.j.w.WebAppContext@259647f2{hddsDatanode,/,file:///tmp/jetty-0_0_0_0-34531-hadoop-hdds-container-service-1_1_0-SNAPSHOT_jar-_-any-8069080121273223281.dir/webapp/,AVAILABLE}{jar:file:/home/user/.m2/repository/org/apache/hadoop/hadoop-hdds-container-service/1.1.0-SNAPSHOT/hadoop-hdds-container-service-1.1.0-SNAPSHOT.jar!/webapps/hddsDatanode}
2020-09-02 14:44:10,063 [Listener at 127.0.0.1/38643] INFO  server.AbstractConnector (AbstractConnector.java:doStart(330)) - Started ServerConnector@2c6ed95a{HTTP/1.1,[http/1.1]}{0.0.0.0:34531}
2020-09-02 14:44:10,064 [Listener at 127.0.0.1/38643] INFO  server.Server (Server.java:doStart(399)) - Started @5601ms
2020-09-02 14:44:10,064 [Listener at 127.0.0.1/38643] WARN  impl.MetricsSystemImpl (MetricsSystemImpl.java:register(276)) - Sink prometheus already exists!
2020-09-02 14:44:10,066 [Listener at 127.0.0.1/38643] INFO  http.BaseHttpServer (BaseHttpServer.java:updateConnectorAddress(327)) - HTTP server of hddsDatanode listening at http://0.0.0.0:34531
2020-09-02 14:44:10,068 [Listener at 127.0.0.1/38643] INFO  ozone.MiniOzoneClusterImpl (MiniOzoneClusterImpl.java:lambda$waitForClusterToBeReady$0(177)) - Waiting for nodes to be ready. Got 0 of 3 DN Heartbeats.
2020-09-02 14:44:10,068 [Listener at 127.0.0.1/38643] INFO  ozone.MiniOzoneClusterImpl (MiniOzoneClusterImpl.java:lambda$waitForClusterToBeReady$0(180)) - Waiting for cluster to exit safe mode
2020-09-02 14:44:10,076 [org.apache.hadoop.util.JvmPauseMonitor$Monitor@74c4d5b8] INFO  util.JvmPauseMonitor (JvmPauseMonitor.java:run(188)) - Starting JVM pause monitor
2020-09-02 14:44:10,080 [Datanode State Machine Task Thread - 0] INFO  datanode.InitDatanodeState (InitDatanodeState.java:persistContainerDatanodeDetails(145)) - DatanodeDetails is persisted to /github/workspace/mnt/ozone/hadoop-ozone/integration-test/target/test-dir/MiniOzoneClusterImpl-105acb31-bc6b-42ec-a3ae-9abe6af9d89b/datanode-2/meta/datanode.id
2020-09-02 14:44:11,068 [Listener at 127.0.0.1/38643] INFO  ozone.MiniOzoneClusterImpl (MiniOzoneClusterImpl.java:lambda$waitForClusterToBeReady$0(177)) - Waiting for nodes to be ready. Got 0 of 3 DN Heartbeats.
2020-09-02 14:44:11,068 [Listener at 127.0.0.1/38643] INFO  ozone.MiniOzoneClusterImpl (MiniOzoneClusterImpl.java:lambda$waitForClusterToBeReady$0(180)) - Waiting for cluster to exit safe mode
2020-09-02 14:44:11,666 [Datanode State Machine Task Thread - 1] INFO  ozoneimpl.OzoneContainer (OzoneContainer.java:start(245)) - Attempting to start container services.
2020-09-02 14:44:11,667 [Datanode State Machine Task Thread - 1] INFO  ozoneimpl.OzoneContainer (OzoneContainer.java:startContainerScrub(209)) - Background container scanner has been disabled.
2020-09-02 14:44:11,667 [Datanode State Machine Task Thread - 1] INFO  ratis.XceiverServerRatis (XceiverServerRatis.java:start(440)) - Starting XceiverServerRatis 5fa49f45-b68c-48b5-8544-96c6cbc5600b at port 0
2020-09-02 14:44:11,686 [Datanode State Machine Task Thread - 1] INFO  impl.RaftServerProxy (RaftServerProxy.java:lambda$start$3(304)) - 5fa49f45-b68c-48b5-8544-96c6cbc5600b: start RPC server
2020-09-02 14:44:11,745 [Datanode State Machine Task Thread - 1] INFO  server.GrpcService (GrpcService.java:startImpl(160)) - 5fa49f45-b68c-48b5-8544-96c6cbc5600b: GrpcService started, listening on 0.0.0.0/0.0.0.0:39297
2020-09-02 14:44:11,745 [Datanode State Machine Task Thread - 1] INFO  ratis.XceiverServerRatis (XceiverServerRatis.java:start(452)) - XceiverServerRatis 5fa49f45-b68c-48b5-8544-96c6cbc5600b is started using port 39297
2020-09-02 14:44:11,750 [Datanode State Machine Task Thread - 1] INFO  server.XceiverServerGrpc (XceiverServerGrpc.java:start(145)) - XceiverServerGrpc 5fa49f45-b68c-48b5-8544-96c6cbc5600b is started using port 38751
2020-09-02 14:44:11,901 [Datanode State Machine Task Thread - 1] INFO  ozoneimpl.OzoneContainer (OzoneContainer.java:start(245)) - Attempting to start container services.
2020-09-02 14:44:11,904 [Datanode State Machine Task Thread - 1] INFO  ozoneimpl.OzoneContainer (OzoneContainer.java:startContainerScrub(209)) - Background container scanner has been disabled.
2020-09-02 14:44:11,904 [Datanode State Machine Task Thread - 1] INFO  ratis.XceiverServerRatis (XceiverServerRatis.java:start(440)) - Starting XceiverServerRatis 4337a697-5889-4954-b149-eab901c85e51 at port 0
2020-09-02 14:44:11,906 [Datanode State Machine Task Thread - 1] INFO  impl.RaftServerProxy (RaftServerProxy.java:lambda$start$3(304)) - 4337a697-5889-4954-b149-eab901c85e51: start RPC server
2020-09-02 14:44:11,915 [Datanode State Machine Task Thread - 1] INFO  server.GrpcService (GrpcService.java:startImpl(160)) - 4337a697-5889-4954-b149-eab901c85e51: GrpcService started, listening on 0.0.0.0/0.0.0.0:33515
2020-09-02 14:44:11,915 [Datanode State Machine Task Thread - 1] INFO  ratis.XceiverServerRatis (XceiverServerRatis.java:start(452)) - XceiverServerRatis 4337a697-5889-4954-b149-eab901c85e51 is started using port 33515
2020-09-02 14:44:11,918 [Datanode State Machine Task Thread - 1] INFO  server.XceiverServerGrpc (XceiverServerGrpc.java:start(145)) - XceiverServerGrpc 4337a697-5889-4954-b149-eab901c85e51 is started using port 40105
2020-09-02 14:44:12,069 [Listener at 127.0.0.1/38643] INFO  ozone.MiniOzoneClusterImpl (MiniOzoneClusterImpl.java:lambda$waitForClusterToBeReady$0(177)) - Waiting for nodes to be ready. Got 0 of 3 DN Heartbeats.
2020-09-02 14:44:12,069 [Listener at 127.0.0.1/38643] INFO  ozone.MiniOzoneClusterImpl (MiniOzoneClusterImpl.java:lambda$waitForClusterToBeReady$0(180)) - Waiting for cluster to exit safe mode
2020-09-02 14:44:12,080 [Datanode State Machine Task Thread - 1] INFO  ozoneimpl.OzoneContainer (OzoneContainer.java:start(245)) - Attempting to start container services.
2020-09-02 14:44:12,080 [Datanode State Machine Task Thread - 1] INFO  ozoneimpl.OzoneContainer (OzoneContainer.java:startContainerScrub(209)) - Background container scanner has been disabled.
2020-09-02 14:44:12,080 [Datanode State Machine Task Thread - 1] INFO  ratis.XceiverServerRatis (XceiverServerRatis.java:start(440)) - Starting XceiverServerRatis 8ecf1378-8a99-44ac-adf4-e550e77c9ac9 at port 0
2020-09-02 14:44:12,081 [Datanode State Machine Task Thread - 1] INFO  impl.RaftServerProxy (RaftServerProxy.java:lambda$start$3(304)) - 8ecf1378-8a99-44ac-adf4-e550e77c9ac9: start RPC server
2020-09-02 14:44:12,087 [Datanode State Machine Task Thread - 1] INFO  server.GrpcService (GrpcService.java:startImpl(160)) - 8ecf1378-8a99-44ac-adf4-e550e77c9ac9: GrpcService started, listening on 0.0.0.0/0.0.0.0:44101
2020-09-02 14:44:12,087 [Datanode State Machine Task Thread - 1] INFO  ratis.XceiverServerRatis (XceiverServerRatis.java:start(452)) - XceiverServerRatis 8ecf1378-8a99-44ac-adf4-e550e77c9ac9 is started using port 44101
2020-09-02 14:44:12,088 [Datanode State Machine Task Thread - 1] INFO  server.XceiverServerGrpc (XceiverServerGrpc.java:start(145)) - XceiverServerGrpc 8ecf1378-8a99-44ac-adf4-e550e77c9ac9 is started using port 32949
2020-09-02 14:44:13,069 [Listener at 127.0.0.1/38643] INFO  ozone.MiniOzoneClusterImpl (MiniOzoneClusterImpl.java:lambda$waitForClusterToBeReady$0(177)) - Waiting for nodes to be ready. Got 0 of 3 DN Heartbeats.
2020-09-02 14:44:13,070 [Listener at 127.0.0.1/38643] INFO  ozone.MiniOzoneClusterImpl (MiniOzoneClusterImpl.java:lambda$waitForClusterToBeReady$0(180)) - Waiting for cluster to exit safe mode
2020-09-02 14:44:13,628 [IPC Server handler 1 on default port 45673] INFO  net.NetworkTopology (NetworkTopologyImpl.java:add(111)) - Added a new node: /default-rack/5fa49f45-b68c-48b5-8544-96c6cbc5600b
2020-09-02 14:44:13,630 [IPC Server handler 1 on default port 45673] INFO  node.SCMNodeManager (SCMNodeManager.java:register(274)) - Registered Data node : 5fa49f45-b68c-48b5-8544-96c6cbc5600b{ip: 172.17.0.2, host: 5b6fc57d11f3, networkLocation: /default-rack, certSerialId: null}
2020-09-02 14:44:13,636 [EventQueue-NodeRegistrationContainerReportForDataNodeSafeModeRule] INFO  safemode.SCMSafeModeManager (DataNodeSafeModeRule.java:process(71)) - SCM in safe mode. 1 DataNodes registered, 1 required.
2020-09-02 14:44:13,636 [EventQueue-NodeRegistrationContainerReportForDataNodeSafeModeRule] INFO  safemode.SCMSafeModeManager (SCMSafeModeManager.java:validateSafeModeExitRules(214)) - DataNodeSafeModeRule rule is successfully validated
2020-09-02 14:44:13,637 [EventQueue-NodeRegistrationContainerReportForDataNodeSafeModeRule] INFO  safemode.SCMSafeModeManager (SCMSafeModeManager.java:completePreCheck(242)) - All SCM safe mode pre check rules have passed
2020-09-02 14:44:13,645 [EventQueue-NodeRegistrationContainerReportForContainerSafeModeRule] INFO  safemode.SCMSafeModeManager (SCMSafeModeManager.java:validateSafeModeExitRules(214)) - ContainerSafeModeRule rule is successfully validated
2020-09-02 14:44:13,647 [RatisPipelineUtilsThread] INFO  pipeline.RatisPipelineProvider (RatisPipelineProvider.java:lambda$create$0(138)) - Sending CreatePipelineCommand for pipeline:PipelineID=acb28445-40e5-44d2-9b2e-317047de99b5 to datanode:5fa49f45-b68c-48b5-8544-96c6cbc5600b
2020-09-02 14:44:13,662 [RatisPipelineUtilsThread] INFO  pipeline.PipelineStateManager (PipelineStateManager.java:addPipeline(54)) - Created pipeline Pipeline[ Id: acb28445-40e5-44d2-9b2e-317047de99b5, Nodes: 5fa49f45-b68c-48b5-8544-96c6cbc5600b{ip: 172.17.0.2, host: 5b6fc57d11f3, networkLocation: /default-rack, certSerialId: null}, Type:RATIS, Factor:ONE, State:ALLOCATED, leaderId:, CreationTimestamp2020-09-02T14:44:13.643Z]
2020-09-02 14:44:13,665 [RatisPipelineUtilsThread] WARN  pipeline.PipelinePlacementPolicy (PipelinePlacementPolicy.java:filterViableNodes(139)) - Pipeline creation failed due to no sufficient healthy datanodes. Required 3. Found 1.
2020-09-02 14:44:13,901 [IPC Server handler 4 on default port 45673] INFO  net.NetworkTopology (NetworkTopologyImpl.java:add(111)) - Added a new node: /default-rack/4337a697-5889-4954-b149-eab901c85e51
2020-09-02 14:44:13,903 [IPC Server handler 4 on default port 45673] INFO  node.SCMNodeManager (SCMNodeManager.java:register(274)) - Registered Data node : 4337a697-5889-4954-b149-eab901c85e51{ip: 172.17.0.2, host: 5b6fc57d11f3, networkLocation: /default-rack, certSerialId: null}
2020-09-02 14:44:13,904 [EventQueue-NodeRegistrationContainerReportForDataNodeSafeModeRule] INFO  safemode.SCMSafeModeManager (SCMSafeModeManager.java:validateSafeModeExitRules(214)) - DataNodeSafeModeRule rule is successfully validated
2020-09-02 14:44:13,904 [EventQueue-NodeRegistrationContainerReportForContainerSafeModeRule] INFO  safemode.SCMSafeModeManager (SCMSafeModeManager.java:validateSafeModeExitRules(214)) - ContainerSafeModeRule rule is successfully validated
2020-09-02 14:44:13,906 [RatisPipelineUtilsThread] INFO  pipeline.RatisPipelineProvider (RatisPipelineProvider.java:lambda$create$0(138)) - Sending CreatePipelineCommand for pipeline:PipelineID=009ad7fa-f134-4260-93ff-2f950a47ded3 to datanode:4337a697-5889-4954-b149-eab901c85e51
2020-09-02 14:44:13,906 [RatisPipelineUtilsThread] INFO  pipeline.PipelineStateManager (PipelineStateManager.java:addPipeline(54)) - Created pipeline Pipeline[ Id: 009ad7fa-f134-4260-93ff-2f950a47ded3, Nodes: 4337a697-5889-4954-b149-eab901c85e51{ip: 172.17.0.2, host: 5b6fc57d11f3, networkLocation: /default-rack, certSerialId: null}, Type:RATIS, Factor:ONE, State:ALLOCATED, leaderId:, CreationTimestamp2020-09-02T14:44:13.906Z]
2020-09-02 14:44:13,907 [RatisPipelineUtilsThread] WARN  pipeline.PipelinePlacementPolicy (PipelinePlacementPolicy.java:filterViableNodes(139)) - Pipeline creation failed due to no sufficient healthy datanodes. Required 3. Found 2.
2020-09-02 14:44:14,070 [Listener at 127.0.0.1/38643] INFO  ozone.MiniOzoneClusterImpl (MiniOzoneClusterImpl.java:lambda$waitForClusterToBeReady$0(177)) - Waiting for nodes to be ready. Got 2 of 3 DN Heartbeats.
2020-09-02 14:44:14,070 [Listener at 127.0.0.1/38643] INFO  ozone.MiniOzoneClusterImpl (MiniOzoneClusterImpl.java:lambda$waitForClusterToBeReady$0(180)) - Waiting for cluster to exit safe mode
2020-09-02 14:44:14,079 [IPC Server handler 3 on default port 45673] INFO  net.NetworkTopology (NetworkTopologyImpl.java:add(111)) - Added a new node: /default-rack/8ecf1378-8a99-44ac-adf4-e550e77c9ac9
2020-09-02 14:44:14,079 [IPC Server handler 3 on default port 45673] INFO  node.SCMNodeManager (SCMNodeManager.java:register(274)) - Registered Data node : 8ecf1378-8a99-44ac-adf4-e550e77c9ac9{ip: 172.17.0.2, host: 5b6fc57d11f3, networkLocation: /default-rack, certSerialId: null}
2020-09-02 14:44:14,079 [EventQueue-NodeRegistrationContainerReportForDataNodeSafeModeRule] INFO  safemode.SCMSafeModeManager (SCMSafeModeManager.java:validateSafeModeExitRules(214)) - DataNodeSafeModeRule rule is successfully validated
2020-09-02 14:44:14,080 [EventQueue-NodeRegistrationContainerReportForContainerSafeModeRule] INFO  safemode.SCMSafeModeManager (SCMSafeModeManager.java:validateSafeModeExitRules(214)) - ContainerSafeModeRule rule is successfully validated
2020-09-02 14:44:14,081 [RatisPipelineUtilsThread] INFO  pipeline.RatisPipelineProvider (RatisPipelineProvider.java:lambda$create$0(138)) - Sending CreatePipelineCommand for pipeline:PipelineID=c1ea5e9c-da04-4d84-8d87-7ba954e3f49a to datanode:8ecf1378-8a99-44ac-adf4-e550e77c9ac9
2020-09-02 14:44:14,081 [RatisPipelineUtilsThread] INFO  pipeline.PipelineStateManager (PipelineStateManager.java:addPipeline(54)) - Created pipeline Pipeline[ Id: c1ea5e9c-da04-4d84-8d87-7ba954e3f49a, Nodes: 8ecf1378-8a99-44ac-adf4-e550e77c9ac9{ip: 172.17.0.2, host: 5b6fc57d11f3, networkLocation: /default-rack, certSerialId: null}, Type:RATIS, Factor:ONE, State:ALLOCATED, leaderId:, CreationTimestamp2020-09-02T14:44:14.081Z]
2020-09-02 14:44:14,087 [RatisPipelineUtilsThread] INFO  pipeline.RatisPipelineProvider (RatisPipelineProvider.java:lambda$create$0(138)) - Sending CreatePipelineCommand for pipeline:PipelineID=f22a3dfb-37d6-4071-86a1-3955f27d7d38 to datanode:8ecf1378-8a99-44ac-adf4-e550e77c9ac9
2020-09-02 14:44:14,088 [RatisPipelineUtilsThread] INFO  pipeline.RatisPipelineProvider (RatisPipelineProvider.java:lambda$create$0(138)) - Sending CreatePipelineCommand for pipeline:PipelineID=f22a3dfb-37d6-4071-86a1-3955f27d7d38 to datanode:5fa49f45-b68c-48b5-8544-96c6cbc5600b
2020-09-02 14:44:14,088 [RatisPipelineUtilsThread] INFO  pipeline.RatisPipelineProvider (RatisPipelineProvider.java:lambda$create$0(138)) - Sending CreatePipelineCommand for pipeline:PipelineID=f22a3dfb-37d6-4071-86a1-3955f27d7d38 to datanode:4337a697-5889-4954-b149-eab901c85e51
2020-09-02 14:44:14,088 [RatisPipelineUtilsThread] INFO  pipeline.PipelineStateManager (PipelineStateManager.java:addPipeline(54)) - Created pipeline Pipeline[ Id: f22a3dfb-37d6-4071-86a1-3955f27d7d38, Nodes: 8ecf1378-8a99-44ac-adf4-e550e77c9ac9{ip: 172.17.0.2, host: 5b6fc57d11f3, networkLocation: /default-rack, certSerialId: null}5fa49f45-b68c-48b5-8544-96c6cbc5600b{ip: 172.17.0.2, host: 5b6fc57d11f3, networkLocation: /default-rack, certSerialId: null}4337a697-5889-4954-b149-eab901c85e51{ip: 172.17.0.2, host: 5b6fc57d11f3, networkLocation: /default-rack, certSerialId: null}, Type:RATIS, Factor:THREE, State:ALLOCATED, leaderId:, CreationTimestamp2020-09-02T14:44:14.087Z]
2020-09-02 14:44:15,071 [Listener at 127.0.0.1/38643] INFO  ozone.MiniOzoneClusterImpl (MiniOzoneClusterImpl.java:lambda$waitForClusterToBeReady$0(177)) - Nodes are ready. Got 3 of 3 DN Heartbeats.
2020-09-02 14:44:15,071 [Listener at 127.0.0.1/38643] INFO  ozone.MiniOzoneClusterImpl (MiniOzoneClusterImpl.java:lambda$waitForClusterToBeReady$0(180)) - Waiting for cluster to exit safe mode
2020-09-02 14:44:16,071 [Listener at 127.0.0.1/38643] INFO  ozone.MiniOzoneClusterImpl (MiniOzoneClusterImpl.java:lambda$waitForClusterToBeReady$0(177)) - Nodes are ready. Got 3 of 3 DN Heartbeats.
2020-09-02 14:44:16,072 [Listener at 127.0.0.1/38643] INFO  ozone.MiniOzoneClusterImpl (MiniOzoneClusterImpl.java:lambda$waitForClusterToBeReady$0(180)) - Waiting for cluster to exit safe mode
2020-09-02 14:44:16,617 [Command processor thread] INFO  impl.RaftServerProxy (RaftServerProxy.java:addNew(89)) - 5fa49f45-b68c-48b5-8544-96c6cbc5600b: addNew group-317047DE99B5:[5fa49f45-b68c-48b5-8544-96c6cbc5600b:172.17.0.2:39297] returns group-317047DE99B5:java.util.concurrent.CompletableFuture@55c803bf[Not completed]
2020-09-02 14:44:16,632 [pool-33-thread-1] INFO  impl.RaftServerImpl (RaftServerImpl.java:<init>(107)) - 5fa49f45-b68c-48b5-8544-96c6cbc5600b: new RaftServerImpl for group-317047DE99B5:[5fa49f45-b68c-48b5-8544-96c6cbc5600b:172.17.0.2:39297] with ContainerStateMachine:uninitialized
2020-09-02 14:44:16,635 [pool-33-thread-1] INFO  server.RaftServerConfigKeys (ConfUtils.java:logGet(44)) - raft.server.rpc.timeout.min = 5s (custom)
2020-09-02 14:44:16,635 [pool-33-thread-1] INFO  server.RaftServerConfigKeys (ConfUtils.java:logGet(44)) - raft.server.rpc.timeout.max = 5200ms (custom)
2020-09-02 14:44:16,636 [pool-33-thread-1] INFO  server.RaftServerConfigKeys (ConfUtils.java:logGet(44)) - raft.server.rpcslowness.timeout = 1000000ms (custom)
2020-09-02 14:44:16,636 [pool-33-thread-1] INFO  server.RaftServerConfigKeys (ConfUtils.java:logGet(44)) - raft.server.sleep.deviation.threshold = 300 (default)
2020-09-02 14:44:16,637 [pool-33-thread-1] INFO  server.RaftServerConfigKeys (ConfUtils.java:logGet(44)) - raft.server.log.appender.install.snapshot.enabled = false (custom)
2020-09-02 14:44:16,642 [pool-33-thread-1] INFO  impl.RaftServerImpl (ServerState.java:<init>(103)) - 5fa49f45-b68c-48b5-8544-96c6cbc5600b@group-317047DE99B5: ConfigurationManager, init=-1: [5fa49f45-b68c-48b5-8544-96c6cbc5600b:172.17.0.2:39297], old=null, confs=<EMPTY_MAP>
2020-09-02 14:44:16,642 [pool-33-thread-1] INFO  server.RaftServerConfigKeys (ConfUtils.java:logGet(44)) - raft.server.storage.dir = [/github/workspace/mnt/ozone/hadoop-ozone/integration-test/target/test-dir/MiniOzoneClusterImpl-105acb31-bc6b-42ec-a3ae-9abe6af9d89b/datanode-0/data/ratis] (custom)
2020-09-02 14:44:16,647 [pool-33-thread-1] INFO  server.RaftServerConfigKeys (ConfUtils.java:logGet(44)) - raft.server.log.corruption.policy = EXCEPTION (default)
2020-09-02 14:44:16,648 [pool-33-thread-1] INFO  storage.RaftStorageDirectory (RaftStorageDirectory.java:analyzeStorage(261)) - The storage directory /github/workspace/mnt/ozone/hadoop-ozone/integration-test/target/test-dir/MiniOzoneClusterImpl-105acb31-bc6b-42ec-a3ae-9abe6af9d89b/datanode-0/data/ratis/acb28445-40e5-44d2-9b2e-317047de99b5 does not exist. Creating ...
2020-09-02 14:44:16,652 [pool-33-thread-1] INFO  storage.RaftStorageDirectory (RaftStorageDirectory.java:tryLock(343)) - Lock on /github/workspace/mnt/ozone/hadoop-ozone/integration-test/target/test-dir/MiniOzoneClusterImpl-105acb31-bc6b-42ec-a3ae-9abe6af9d89b/datanode-0/data/ratis/acb28445-40e5-44d2-9b2e-317047de99b5/in_use.lock acquired by nodename 29342@5b6fc57d11f3
2020-09-02 14:44:16,655 [pool-33-thread-1] INFO  storage.RaftStorage (RaftStorage.java:format(84)) - Storage directory /github/workspace/mnt/ozone/hadoop-ozone/integration-test/target/test-dir/MiniOzoneClusterImpl-105acb31-bc6b-42ec-a3ae-9abe6af9d89b/datanode-0/data/ratis/acb28445-40e5-44d2-9b2e-317047de99b5 has been successfully formatted.
2020-09-02 14:44:16,659 [Datanode State Machine Thread - 0] WARN  statemachine.DatanodeStateMachine (DatanodeStateMachine.java:start(245)) - Interrupt the execution.
java.lang.InterruptedException: sleep interrupted
	at java.lang.Thread.sleep(Native Method)
	at org.apache.hadoop.ozone.container.common.statemachine.DatanodeStateMachine.start(DatanodeStateMachine.java:243)
	at org.apache.hadoop.ozone.container.common.statemachine.DatanodeStateMachine.lambda$startDaemon$0(DatanodeStateMachine.java:405)
	at java.lang.Thread.run(Thread.java:748)
2020-09-02 14:44:16,661 [pool-33-thread-1] INFO  ratis.ContainerStateMachine (ContainerStateMachine.java:loadSnapshot(225)) - group-317047DE99B5: The snapshot info is null. Setting the last applied indexto:(t:0, i:~)
2020-09-02 14:44:16,662 [pool-33-thread-1] INFO  server.RaftServerConfigKeys (ConfUtils.java:logGet(44)) - raft.server.notification.no-leader.timeout = 1000000ms (custom)
2020-09-02 14:44:16,665 [EventQueue-PipelineReportForPipelineReportHandler] INFO  pipeline.PipelineStateManager (PipelineStateManager.java:openPipeline(131)) - Pipeline Pipeline[ Id: acb28445-40e5-44d2-9b2e-317047de99b5, Nodes: 5fa49f45-b68c-48b5-8544-96c6cbc5600b{ip: 172.17.0.2, host: 5b6fc57d11f3, networkLocation: /default-rack, certSerialId: null}, Type:RATIS, Factor:ONE, State:ALLOCATED, leaderId:5fa49f45-b68c-48b5-8544-96c6cbc5600b, CreationTimestamp2020-09-02T14:44:13.643Z] moved to OPEN state
2020-09-02 14:44:16,667 [pool-33-thread-1] INFO  server.RaftServerConfigKeys (ConfUtils.java:logGet(44)) - raft.server.log.use.memory = false (default)
2020-09-02 14:44:16,668 [EventQueue-OpenPipelineForHealthyPipelineSafeModeRule] INFO  safemode.SCMSafeModeManager (HealthyPipelineSafeModeRule.java:process(129)) - SCM in safe mode. Healthy pipelines reported count is 0, required healthy pipeline reported count is 1
2020-09-02 14:44:16,677 [pool-33-thread-1] INFO  server.RaftServerConfigKeys (ConfUtils.java:logGet(44)) - raft.server.log.purge.gap = 1000000 (custom)
2020-09-02 14:44:16,681 [EventQueue-OpenPipelineForOneReplicaPipelineSafeModeRule] INFO  safemode.SCMSafeModeManager (SCMSafeModeManager.java:validateSafeModeExitRules(214)) - AtleastOneDatanodeReportedRule rule is successfully validated
2020-09-02 14:44:16,682 [pool-33-thread-1] INFO  metrics.RatisMetrics (RatisMetrics.java:lambda$create$0(36)) - Creating Metrics Registry : ratis.log_worker.5fa49f45-b68c-48b5-8544-96c6cbc5600b@group-317047DE99B5
2020-09-02 14:44:16,690 [pool-33-thread-1] INFO  server.RaftServerConfigKeys (ConfUtils.java:logGet(44)) - raft.server.log.appender.buffer.byte-limit = 33554432 (custom)
2020-09-02 14:44:16,692 [pool-33-thread-1] INFO  server.RaftServerConfigKeys (ConfUtils.java:logGet(44)) - raft.server.log.segment.size.max = 1048576 (custom)
2020-09-02 14:44:16,700 [pool-33-thread-1] INFO  server.RaftServerConfigKeys (ConfUtils.java:logGet(44)) - raft.server.log.segment.cache.num.max = 2 (custom)
2020-09-02 14:44:16,706 [pool-33-thread-1] INFO  segmented.SegmentedRaftLogWorker (SegmentedRaftLogWorker.java:<init>(180)) - new 5fa49f45-b68c-48b5-8544-96c6cbc5600b@group-317047DE99B5-SegmentedRaftLogWorker for RaftStorage:Storage Directory /github/workspace/mnt/ozone/hadoop-ozone/integration-test/target/test-dir/MiniOzoneClusterImpl-105acb31-bc6b-42ec-a3ae-9abe6af9d89b/datanode-0/data/ratis/acb28445-40e5-44d2-9b2e-317047de99b5
2020-09-02 14:44:16,706 [pool-33-thread-1] INFO  server.RaftServerConfigKeys (ConfUtils.java:logGet(44)) - raft.server.log.queue.byte-limit = 2147483647 (custom)
2020-09-02 14:44:16,707 [pool-33-thread-1] INFO  server.RaftServerConfigKeys (ConfUtils.java:logGet(44)) - raft.server.log.queue.element-limit = 1024 (custom)
2020-09-02 14:44:16,708 [pool-33-thread-1] INFO  server.RaftServerConfigKeys (ConfUtils.java:logGet(44)) - raft.server.log.segment.size.max = 1048576 (custom)
2020-09-02 14:44:16,710 [pool-33-thread-1] INFO  server.RaftServerConfigKeys (ConfUtils.java:logGet(44)) - raft.server.log.preallocated.size = 16384 (custom)
2020-09-02 14:44:16,711 [pool-33-thread-1] INFO  server.RaftServerConfigKeys (ConfUtils.java:logGet(44)) - raft.server.log.write.buffer.size = 1048576 (custom)
2020-09-02 14:44:16,713 [pool-33-thread-1] INFO  server.RaftServerConfigKeys (ConfUtils.java:logGet(44)) - raft.server.log.force.sync.num = 128 (default)
2020-09-02 14:44:16,714 [pool-33-thread-1] INFO  server.RaftServerConfigKeys (ConfUtils.java:logGet(44)) - raft.server.log.statemachine.data.sync = true (default)
2020-09-02 14:44:16,714 [pool-33-thread-1] INFO  server.RaftServerConfigKeys (ConfUtils.java:logGet(44)) - raft.server.log.statemachine.data.sync.timeout = 10s (default)
2020-09-02 14:44:16,716 [pool-33-thread-1] INFO  server.RaftServerConfigKeys (ConfUtils.java:logGet(44)) - raft.server.log.statemachine.data.sync.timeout.retry = -1 (default)
2020-09-02 14:44:16,729 [pool-33-thread-1] INFO  server.RaftServerConfigKeys (ConfUtils.java:logGet(44)) - raft.server.log.statemachine.data.caching.enabled = true (custom)
2020-09-02 14:44:16,734 [pool-33-thread-1] INFO  segmented.SegmentedRaftLogWorker (SegmentedRaftLogWorker.java:lambda$new$0(129)) - 5fa49f45-b68c-48b5-8544-96c6cbc5600b@group-317047DE99B5-SegmentedRaftLogWorker: flushIndex: setUnconditionally 0 -> -1
2020-09-02 14:44:16,734 [pool-33-thread-1] INFO  segmented.SegmentedRaftLogWorker (SegmentedRaftLogWorker.java:lambda$new$0(129)) - 5fa49f45-b68c-48b5-8544-96c6cbc5600b@group-317047DE99B5-SegmentedRaftLogWorker: safeCacheEvictIndex: setUnconditionally 0 -> -1
2020-09-02 14:44:16,739 [pool-33-thread-1] INFO  server.RaftServerConfigKeys (ConfUtils.java:logGet(44)) - raft.server.snapshot.auto.trigger.enabled = true (custom)
2020-09-02 14:44:16,740 [pool-33-thread-1] INFO  server.RaftServerConfigKeys (ConfUtils.java:logGet(44)) - raft.server.snapshot.auto.trigger.threshold = 10000 (custom)
2020-09-02 14:44:16,740 [pool-33-thread-1] INFO  server.RaftServerConfigKeys (ConfUtils.java:logGet(44)) - raft.server.snapshot.retention.file.num = 5 (custom)
2020-09-02 14:44:16,741 [pool-33-thread-1] INFO  server.RaftServerConfigKeys (ConfUtils.java:logGet(44)) - raft.server.log.purge.upto.snapshot.index = false (default)
2020-09-02 14:44:16,742 [pool-33-thread-1] INFO  server.RaftServerConfigKeys (ConfUtils.java:logGet(44)) - raft.server.retrycache.expirytime = 600000ms (custom)
2020-09-02 14:44:16,771 [pool-33-thread-1] INFO  metrics.RatisMetrics (RatisMetrics.java:lambda$create$0(36)) - Creating Metrics Registry : ratis.leader_election.5fa49f45-b68c-48b5-8544-96c6cbc5600b@group-317047DE99B5
2020-09-02 14:44:16,777 [pool-33-thread-1] INFO  metrics.RatisMetrics (RatisMetrics.java:lambda$create$0(36)) - Creating Metrics Registry : ratis.server.5fa49f45-b68c-48b5-8544-96c6cbc5600b@group-317047DE99B5
2020-09-02 14:44:16,790 [pool-33-thread-1] INFO  impl.RaftServerImpl (RaftServerImpl.java:start(196)) - 5fa49f45-b68c-48b5-8544-96c6cbc5600b@group-317047DE99B5: start as a follower, conf=-1: [5fa49f45-b68c-48b5-8544-96c6cbc5600b:172.17.0.2:39297], old=null
2020-09-02 14:44:16,791 [pool-33-thread-1] INFO  impl.RaftServerImpl (RaftServerImpl.java:setRole(185)) - 5fa49f45-b68c-48b5-8544-96c6cbc5600b@group-317047DE99B5: changes role from      null to FOLLOWER at term 0 for startAsFollower
2020-09-02 14:44:16,792 [pool-33-thread-1] INFO  impl.RoleInfo (RoleInfo.java:updateAndGet(143)) - 5fa49f45-b68c-48b5-8544-96c6cbc5600b: start FollowerState
2020-09-02 14:44:16,807 [pool-33-thread-1] INFO  util.JmxRegister (JmxRegister.java:tryRegister(44)) - Successfully registered JMX Bean with object name Ratis:service=RaftServer,group=group-317047DE99B5,id=5fa49f45-b68c-48b5-8544-96c6cbc5600b
2020-09-02 14:44:16,808 [pool-33-thread-1] INFO  metrics.RatisMetrics (RatisMetrics.java:lambda$create$0(36)) - Creating Metrics Registry : ratis.state_machine.5fa49f45-b68c-48b5-8544-96c6cbc5600b@group-317047DE99B5
2020-09-02 14:44:16,825 [Command processor thread] INFO  commandhandler.CreatePipelineCommandHandler (CreatePipelineCommandHandler.java:handle(110)) - Created Pipeline RATIS ONE #id: "acb28445-40e5-44d2-9b2e-317047de99b5"
uuid128 {
  mostSigBits: -6002589920355072814
  leastSigBits: -7264814790590162507
}
.
2020-09-02 14:44:16,825 [Command processor thread] INFO  impl.RaftServerProxy (RaftServerProxy.java:addNew(89)) - 5fa49f45-b68c-48b5-8544-96c6cbc5600b: addNew group-3955F27D7D38:[5fa49f45-b68c-48b5-8544-96c6cbc5600b:172.17.0.2:39297, 8ecf1378-8a99-44ac-adf4-e550e77c9ac9:172.17.0.2:44101, 4337a697-5889-4954-b149-eab901c85e51:172.17.0.2:33515] returns group-3955F27D7D38:java.util.concurrent.CompletableFuture@75981e7f[Not completed]
2020-09-02 14:44:16,828 [pool-33-thread-1] INFO  impl.RaftServerImpl (RaftServerImpl.java:<init>(107)) - 5fa49f45-b68c-48b5-8544-96c6cbc5600b: new RaftServerImpl for group-3955F27D7D38:[5fa49f45-b68c-48b5-8544-96c6cbc5600b:172.17.0.2:39297, 8ecf1378-8a99-44ac-adf4-e550e77c9ac9:172.17.0.2:44101, 4337a697-5889-4954-b149-eab901c85e51:172.17.0.2:33515] with ContainerStateMachine:uninitialized
2020-09-02 14:44:16,828 [pool-33-thread-1] INFO  server.RaftServerConfigKeys (ConfUtils.java:logGet(44)) - raft.server.rpc.timeout.min = 5s (custom)
2020-09-02 14:44:16,828 [pool-33-thread-1] INFO  server.RaftServerConfigKeys (ConfUtils.java:logGet(44)) - raft.server.rpc.timeout.max = 5200ms (custom)
2020-09-02 14:44:16,828 [pool-33-thread-1] INFO  server.RaftServerConfigKeys (ConfUtils.java:logGet(44)) - raft.server.rpcslowness.timeout = 1000000ms (custom)
2020-09-02 14:44:16,828 [pool-33-thread-1] INFO  server.RaftServerConfigKeys (ConfUtils.java:logGet(44)) - raft.server.sleep.deviation.threshold = 300 (default)
2020-09-02 14:44:16,831 [pool-33-thread-1] INFO  server.RaftServerConfigKeys (ConfUtils.java:logGet(44)) - raft.server.log.appender.install.snapshot.enabled = false (custom)
2020-09-02 14:44:16,831 [pool-33-thread-1] INFO  impl.RaftServerImpl (ServerState.java:<init>(103)) - 5fa49f45-b68c-48b5-8544-96c6cbc5600b@group-3955F27D7D38: ConfigurationManager, init=-1: [5fa49f45-b68c-48b5-8544-96c6cbc5600b:172.17.0.2:39297, 8ecf1378-8a99-44ac-adf4-e550e77c9ac9:172.17.0.2:44101, 4337a697-5889-4954-b149-eab901c85e51:172.17.0.2:33515], old=null, confs=<EMPTY_MAP>
2020-09-02 14:44:16,831 [pool-33-thread-1] INFO  server.RaftServerConfigKeys (ConfUtils.java:logGet(44)) - raft.server.storage.dir = [/github/workspace/mnt/ozone/hadoop-ozone/integration-test/target/test-dir/MiniOzoneClusterImpl-105acb31-bc6b-42ec-a3ae-9abe6af9d89b/datanode-0/data/ratis] (custom)
2020-09-02 14:44:16,831 [pool-33-thread-1] INFO  server.RaftServerConfigKeys (ConfUtils.java:logGet(44)) - raft.server.log.corruption.policy = EXCEPTION (default)
2020-09-02 14:44:16,832 [pool-33-thread-1] INFO  storage.RaftStorageDirectory (RaftStorageDirectory.java:analyzeStorage(261)) - The storage directory /github/workspace/mnt/ozone/hadoop-ozone/integration-test/target/test-dir/MiniOzoneClusterImpl-105acb31-bc6b-42ec-a3ae-9abe6af9d89b/datanode-0/data/ratis/f22a3dfb-37d6-4071-86a1-3955f27d7d38 does not exist. Creating ...
2020-09-02 14:44:16,833 [pool-33-thread-1] INFO  storage.RaftStorageDirectory (RaftStorageDirectory.java:tryLock(343)) - Lock on /github/workspace/mnt/ozone/hadoop-ozone/integration-test/target/test-dir/MiniOzoneClusterImpl-105acb31-bc6b-42ec-a3ae-9abe6af9d89b/datanode-0/data/ratis/f22a3dfb-37d6-4071-86a1-3955f27d7d38/in_use.lock acquired by nodename 29342@5b6fc57d11f3
2020-09-02 14:44:16,834 [pool-33-thread-1] INFO  storage.RaftStorage (RaftStorage.java:format(84)) - Storage directory /github/workspace/mnt/ozone/hadoop-ozone/integration-test/target/test-dir/MiniOzoneClusterImpl-105acb31-bc6b-42ec-a3ae-9abe6af9d89b/datanode-0/data/ratis/f22a3dfb-37d6-4071-86a1-3955f27d7d38 has been successfully formatted.
2020-09-02 14:44:16,834 [Datanode State Machine Thread - 0] WARN  statemachine.DatanodeStateMachine (DatanodeStateMachine.java:start(245)) - Interrupt the execution.
java.lang.InterruptedException: sleep interrupted
	at java.lang.Thread.sleep(Native Method)
	at org.apache.hadoop.ozone.container.common.statemachine.DatanodeStateMachine.start(DatanodeStateMachine.java:243)
	at org.apache.hadoop.ozone.container.common.statemachine.DatanodeStateMachine.lambda$startDaemon$0(DatanodeStateMachine.java:405)
	at java.lang.Thread.run(Thread.java:748)
2020-09-02 14:44:16,834 [pool-33-thread-1] INFO  ratis.ContainerStateMachine (ContainerStateMachine.java:loadSnapshot(225)) - group-3955F27D7D38: The snapshot info is null. Setting the last applied indexto:(t:0, i:~)
2020-09-02 14:44:16,834 [pool-33-thread-1] INFO  server.RaftServerConfigKeys (ConfUtils.java:logGet(44)) - raft.server.notification.no-leader.timeout = 1000000ms (custom)
2020-09-02 14:44:16,834 [pool-33-thread-1] INFO  server.RaftServerConfigKeys (ConfUtils.java:logGet(44)) - raft.server.log.use.memory = false (default)
2020-09-02 14:44:16,835 [pool-33-thread-1] INFO  server.RaftServerConfigKeys (ConfUtils.java:logGet(44)) - raft.server.log.purge.gap = 1000000 (custom)
2020-09-02 14:44:16,835 [pool-33-thread-1] INFO  metrics.RatisMetrics (RatisMetrics.java:lambda$create$0(36)) - Creating Metrics Registry : ratis.log_worker.5fa49f45-b68c-48b5-8544-96c6cbc5600b@group-3955F27D7D38
2020-09-02 14:44:16,835 [pool-33-thread-1] INFO  server.RaftServerConfigKeys (ConfUtils.java:logGet(44)) - raft.server.log.appender.buffer.byte-limit = 33554432 (custom)
2020-09-02 14:44:16,835 [pool-33-thread-1] INFO  server.RaftServerConfigKeys (ConfUtils.java:logGet(44)) - raft.server.log.segment.size.max = 1048576 (custom)
2020-09-02 14:44:16,837 [pool-33-thread-1] INFO  server.RaftServerConfigKeys (ConfUtils.java:logGet(44)) - raft.server.log.segment.cache.num.max = 2 (custom)
2020-09-02 14:44:16,837 [pool-33-thread-1] INFO  segmented.SegmentedRaftLogWorker (SegmentedRaftLogWorker.java:<init>(180)) - new 5fa49f45-b68c-48b5-8544-96c6cbc5600b@group-3955F27D7D38-SegmentedRaftLogWorker for RaftStorage:Storage Directory /github/workspace/mnt/ozone/hadoop-ozone/integration-test/target/test-dir/MiniOzoneClusterImpl-105acb31-bc6b-42ec-a3ae-9abe6af9d89b/datanode-0/data/ratis/f22a3dfb-37d6-4071-86a1-3955f27d7d38
2020-09-02 14:44:16,837 [pool-33-thread-1] INFO  server.RaftServerConfigKeys (ConfUtils.java:logGet(44)) - raft.server.log.queue.byte-limit = 2147483647 (custom)
2020-09-02 14:44:16,837 [pool-33-thread-1] INFO  server.RaftServerConfigKeys (ConfUtils.java:logGet(44)) - raft.server.log.queue.element-limit = 1024 (custom)
2020-09-02 14:44:16,837 [pool-33-thread-1] INFO  server.RaftServerConfigKeys (ConfUtils.java:logGet(44)) - raft.server.log.segment.size.max = 1048576 (custom)
2020-09-02 14:44:16,837 [pool-33-thread-1] INFO  server.RaftServerConfigKeys (ConfUtils.java:logGet(44)) - raft.server.log.preallocated.size = 16384 (custom)
2020-09-02 14:44:16,837 [pool-33-thread-1] INFO  server.RaftServerConfigKeys (ConfUtils.java:logGet(44)) - raft.server.log.write.buffer.size = 1048576 (custom)
2020-09-02 14:44:16,838 [pool-33-thread-1] INFO  server.RaftServerConfigKeys (ConfUtils.java:logGet(44)) - raft.server.log.force.sync.num = 128 (default)
2020-09-02 14:44:16,838 [pool-33-thread-1] INFO  server.RaftServerConfigKeys (ConfUtils.java:logGet(44)) - raft.server.log.statemachine.data.sync = true (default)
2020-09-02 14:44:16,838 [pool-33-thread-1] INFO  server.RaftServerConfigKeys (ConfUtils.java:logGet(44)) - raft.server.log.statemachine.data.sync.timeout = 10s (default)
2020-09-02 14:44:16,838 [pool-33-thread-1] INFO  server.RaftServerConfigKeys (ConfUtils.java:logGet(44)) - raft.server.log.statemachine.data.sync.timeout.retry = -1 (default)
2020-09-02 14:44:16,840 [pool-33-thread-1] INFO  server.RaftServerConfigKeys (ConfUtils.java:logGet(44)) - raft.server.log.statemachine.data.caching.enabled = true (custom)
2020-09-02 14:44:16,840 [pool-33-thread-1] INFO  segmented.SegmentedRaftLogWorker (SegmentedRaftLogWorker.java:lambda$new$0(129)) - 5fa49f45-b68c-48b5-8544-96c6cbc5600b@group-3955F27D7D38-SegmentedRaftLogWorker: flushIndex: setUnconditionally 0 -> -1
2020-09-02 14:44:16,840 [pool-33-thread-1] INFO  segmented.SegmentedRaftLogWorker (SegmentedRaftLogWorker.java:lambda$new$0(129)) - 5fa49f45-b68c-48b5-8544-96c6cbc5600b@group-3955F27D7D38-SegmentedRaftLogWorker: safeCacheEvictIndex: setUnconditionally 0 -> -1
2020-09-02 14:44:16,844 [pool-33-thread-1] INFO  server.RaftServerConfigKeys (ConfUtils.java:logGet(44)) - raft.server.snapshot.auto.trigger.enabled = true (custom)
2020-09-02 14:44:16,844 [pool-33-thread-1] INFO  server.RaftServerConfigKeys (ConfUtils.java:logGet(44)) - raft.server.snapshot.auto.trigger.threshold = 10000 (custom)
2020-09-02 14:44:16,845 [pool-33-thread-1] INFO  server.RaftServerConfigKeys (ConfUtils.java:logGet(44)) - raft.server.snapshot.retention.file.num = 5 (custom)
2020-09-02 14:44:16,845 [pool-33-thread-1] INFO  server.RaftServerConfigKeys (ConfUtils.java:logGet(44)) - raft.server.log.purge.upto.snapshot.index = false (default)
2020-09-02 14:44:16,845 [pool-33-thread-1] INFO  server.RaftServerConfigKeys (ConfUtils.java:logGet(44)) - raft.server.retrycache.expirytime = 600000ms (custom)
2020-09-02 14:44:16,846 [pool-33-thread-1] INFO  metrics.RatisMetrics (RatisMetrics.java:lambda$create$0(36)) - Creating Metrics Registry : ratis.leader_election.5fa49f45-b68c-48b5-8544-96c6cbc5600b@group-3955F27D7D38
2020-09-02 14:44:16,847 [pool-33-thread-1] INFO  metrics.RatisMetrics (RatisMetrics.java:lambda$create$0(36)) - Creating Metrics Registry : ratis.server.5fa49f45-b68c-48b5-8544-96c6cbc5600b@group-3955F27D7D38
2020-09-02 14:44:16,851 [pool-33-thread-1] INFO  impl.RaftServerImpl (RaftServerImpl.java:start(196)) - 5fa49f45-b68c-48b5-8544-96c6cbc5600b@group-3955F27D7D38: start as a follower, conf=-1: [5fa49f45-b68c-48b5-8544-96c6cbc5600b:172.17.0.2:39297, 8ecf1378-8a99-44ac-adf4-e550e77c9ac9:172.17.0.2:44101, 4337a697-5889-4954-b149-eab901c85e51:172.17.0.2:33515], old=null
2020-09-02 14:44:16,851 [pool-33-thread-1] INFO  impl.RaftServerImpl (RaftServerImpl.java:setRole(185)) - 5fa49f45-b68c-48b5-8544-96c6cbc5600b@group-3955F27D7D38: changes role from      null to FOLLOWER at term 0 for startAsFollower
2020-09-02 14:44:16,851 [pool-33-thread-1] INFO  impl.RoleInfo (RoleInfo.java:updateAndGet(143)) - 5fa49f45-b68c-48b5-8544-96c6cbc5600b: start FollowerState
2020-09-02 14:44:16,851 [pool-33-thread-1] INFO  util.JmxRegister (JmxRegister.java:tryRegister(44)) - Successfully registered JMX Bean with object name Ratis:service=RaftServer,group=group-3955F27D7D38,id=5fa49f45-b68c-48b5-8544-96c6cbc5600b
2020-09-02 14:44:16,852 [pool-33-thread-1] INFO  metrics.RatisMetrics (RatisMetrics.java:lambda$create$0(36)) - Creating Metrics Registry : ratis.state_machine.5fa49f45-b68c-48b5-8544-96c6cbc5600b@group-3955F27D7D38
2020-09-02 14:44:16,900 [Command processor thread] INFO  impl.RaftServerProxy (RaftServerProxy.java:addNew(89)) - 4337a697-5889-4954-b149-eab901c85e51: addNew group-2F950A47DED3:[4337a697-5889-4954-b149-eab901c85e51:172.17.0.2:33515] returns group-2F950A47DED3:java.util.concurrent.CompletableFuture@c9abc9b[Not completed]
2020-09-02 14:44:16,921 [pool-48-thread-1] INFO  impl.RaftServerImpl (RaftServerImpl.java:<init>(107)) - 4337a697-5889-4954-b149-eab901c85e51: new RaftServerImpl for group-2F950A47DED3:[4337a697-5889-4954-b149-eab901c85e51:172.17.0.2:33515] with ContainerStateMachine:uninitialized
2020-09-02 14:44:16,921 [pool-48-thread-1] INFO  server.RaftServerConfigKeys (ConfUtils.java:logGet(44)) - raft.server.rpc.timeout.min = 5s (custom)
2020-09-02 14:44:16,922 [pool-48-thread-1] INFO  server.RaftServerConfigKeys (ConfUtils.java:logGet(44)) - raft.server.rpc.timeout.max = 5200ms (custom)
2020-09-02 14:44:16,922 [pool-48-thread-1] INFO  server.RaftServerConfigKeys (ConfUtils.java:logGet(44)) - raft.server.rpcslowness.timeout = 1000000ms (custom)
2020-09-02 14:44:16,922 [pool-48-thread-1] INFO  server.RaftServerConfigKeys (ConfUtils.java:logGet(44)) - raft.server.sleep.deviation.threshold = 300 (default)
2020-09-02 14:44:16,922 [pool-48-thread-1] INFO  server.RaftServerConfigKeys (ConfUtils.java:logGet(44)) - raft.server.log.appender.install.snapshot.enabled = false (custom)
2020-09-02 14:44:16,922 [pool-48-thread-1] INFO  impl.RaftServerImpl (ServerState.java:<init>(103)) - 4337a697-5889-4954-b149-eab901c85e51@group-2F950A47DED3: ConfigurationManager, init=-1: [4337a697-5889-4954-b149-eab901c85e51:172.17.0.2:33515], old=null, confs=<EMPTY_MAP>
2020-09-02 14:44:16,922 [pool-48-thread-1] INFO  server.RaftServerConfigKeys (ConfUtils.java:logGet(44)) - raft.server.storage.dir = [/github/workspace/mnt/ozone/hadoop-ozone/integration-test/target/test-dir/MiniOzoneClusterImpl-105acb31-bc6b-42ec-a3ae-9abe6af9d89b/datanode-1/data/ratis] (custom)
2020-09-02 14:44:16,922 [pool-48-thread-1] INFO  server.RaftServerConfigKeys (ConfUtils.java:logGet(44)) - raft.server.log.corruption.policy = EXCEPTION (default)
2020-09-02 14:44:16,922 [pool-48-thread-1] INFO  storage.RaftStorageDirectory (RaftStorageDirectory.java:analyzeStorage(261)) - The storage directory /github/workspace/mnt/ozone/hadoop-ozone/integration-test/target/test-dir/MiniOzoneClusterImpl-105acb31-bc6b-42ec-a3ae-9abe6af9d89b/datanode-1/data/ratis/009ad7fa-f134-4260-93ff-2f950a47ded3 does not exist. Creating ...
2020-09-02 14:44:16,924 [pool-48-thread-1] INFO  storage.RaftStorageDirectory (RaftStorageDirectory.java:tryLock(343)) - Lock on /github/workspace/mnt/ozone/hadoop-ozone/integration-test/target/test-dir/MiniOzoneClusterImpl-105acb31-bc6b-42ec-a3ae-9abe6af9d89b/datanode-1/data/ratis/009ad7fa-f134-4260-93ff-2f950a47ded3/in_use.lock acquired by nodename 29342@5b6fc57d11f3
2020-09-02 14:44:16,927 [pool-48-thread-1] INFO  storage.RaftStorage (RaftStorage.java:format(84)) - Storage directory /github/workspace/mnt/ozone/hadoop-ozone/integration-test/target/test-dir/MiniOzoneClusterImpl-105acb31-bc6b-42ec-a3ae-9abe6af9d89b/datanode-1/data/ratis/009ad7fa-f134-4260-93ff-2f950a47ded3 has been successfully formatted.
2020-09-02 14:44:16,927 [Datanode State Machine Thread - 0] WARN  statemachine.DatanodeStateMachine (DatanodeStateMachine.java:start(245)) - Interrupt the execution.
java.lang.InterruptedException: sleep interrupted
	at java.lang.Thread.sleep(Native Method)
	at org.apache.hadoop.ozone.container.common.statemachine.DatanodeStateMachine.start(DatanodeStateMachine.java:243)
	at org.apache.hadoop.ozone.container.common.statemachine.DatanodeStateMachine.lambda$startDaemon$0(DatanodeStateMachine.java:405)
	at java.lang.Thread.run(Thread.java:748)
2020-09-02 14:44:16,929 [EventQueue-PipelineReportForPipelineReportHandler] INFO  pipeline.PipelineStateManager (PipelineStateManager.java:openPipeline(131)) - Pipeline Pipeline[ Id: 009ad7fa-f134-4260-93ff-2f950a47ded3, Nodes: 4337a697-5889-4954-b149-eab901c85e51{ip: 172.17.0.2, host: 5b6fc57d11f3, networkLocation: /default-rack, certSerialId: null}, Type:RATIS, Factor:ONE, State:ALLOCATED, leaderId:4337a697-5889-4954-b149-eab901c85e51, CreationTimestamp2020-09-02T14:44:13.906Z] moved to OPEN state
2020-09-02 14:44:16,929 [EventQueue-OpenPipelineForHealthyPipelineSafeModeRule] INFO  safemode.SCMSafeModeManager (HealthyPipelineSafeModeRule.java:process(129)) - SCM in safe mode. Healthy pipelines reported count is 0, required healthy pipeline reported count is 1
2020-09-02 14:44:16,929 [EventQueue-OpenPipelineForOneReplicaPipelineSafeModeRule] INFO  safemode.SCMSafeModeManager (SCMSafeModeManager.java:validateSafeModeExitRules(214)) - AtleastOneDatanodeReportedRule rule is successfully validated
2020-09-02 14:44:16,927 [pool-48-thread-1] INFO  ratis.ContainerStateMachine (ContainerStateMachine.java:loadSnapshot(225)) - group-2F950A47DED3: The snapshot info is null. Setting the last applied indexto:(t:0, i:~)
2020-09-02 14:44:16,930 [pool-48-thread-1] INFO  server.RaftServerConfigKeys (ConfUtils.java:logGet(44)) - raft.server.notification.no-leader.timeout = 1000000ms (custom)
2020-09-02 14:44:16,930 [pool-48-thread-1] INFO  server.RaftServerConfigKeys (ConfUtils.java:logGet(44)) - raft.server.log.use.memory = false (default)
2020-09-02 14:44:16,930 [pool-48-thread-1] INFO  server.RaftServerConfigKeys (ConfUtils.java:logGet(44)) - raft.server.log.purge.gap = 1000000 (custom)
2020-09-02 14:44:16,930 [pool-48-thread-1] INFO  metrics.RatisMetrics (RatisMetrics.java:lambda$create$0(36)) - Creating Metrics Registry : ratis.log_worker.4337a697-5889-4954-b149-eab901c85e51@group-2F950A47DED3
2020-09-02 14:44:16,931 [pool-48-thread-1] INFO  server.RaftServerConfigKeys (ConfUtils.java:logGet(44)) - raft.server.log.appender.buffer.byte-limit = 33554432 (custom)
2020-09-02 14:44:16,931 [pool-48-thread-1] INFO  server.RaftServerConfigKeys (ConfUtils.java:logGet(44)) - raft.server.log.segment.size.max = 1048576 (custom)
2020-09-02 14:44:16,931 [pool-48-thread-1] INFO  server.RaftServerConfigKeys (ConfUtils.java:logGet(44)) - raft.server.log.segment.cache.num.max = 2 (custom)
2020-09-02 14:44:16,931 [pool-48-thread-1] INFO  segmented.SegmentedRaftLogWorker (SegmentedRaftLogWorker.java:<init>(180)) - new 4337a697-5889-4954-b149-eab901c85e51@group-2F950A47DED3-SegmentedRaftLogWorker for RaftStorage:Storage Directory /github/workspace/mnt/ozone/hadoop-ozone/integration-test/target/test-dir/MiniOzoneClusterImpl-105acb31-bc6b-42ec-a3ae-9abe6af9d89b/datanode-1/data/ratis/009ad7fa-f134-4260-93ff-2f950a47ded3
2020-09-02 14:44:16,932 [pool-48-thread-1] INFO  server.RaftServerConfigKeys (ConfUtils.java:logGet(44)) - raft.server.log.queue.byte-limit = 2147483647 (custom)
2020-09-02 14:44:16,932 [pool-48-thread-1] INFO  server.RaftServerConfigKeys (ConfUtils.java:logGet(44)) - raft.server.log.queue.element-limit = 1024 (custom)
2020-09-02 14:44:16,932 [pool-48-thread-1] INFO  server.RaftServerConfigKeys (ConfUtils.java:logGet(44)) - raft.server.log.segment.size.max = 1048576 (custom)
2020-09-02 14:44:16,932 [pool-48-thread-1] INFO  server.RaftServerConfigKeys (ConfUtils.java:logGet(44)) - raft.server.log.preallocated.size = 16384 (custom)
2020-09-02 14:44:16,932 [pool-48-thread-1] INFO  server.RaftServerConfigKeys (ConfUtils.java:logGet(44)) - raft.server.log.write.buffer.size = 1048576 (custom)
2020-09-02 14:44:16,932 [pool-48-thread-1] INFO  server.RaftServerConfigKeys (ConfUtils.java:logGet(44)) - raft.server.log.force.sync.num = 128 (default)
2020-09-02 14:44:16,932 [pool-48-thread-1] INFO  server.RaftServerConfigKeys (ConfUtils.java:logGet(44)) - raft.server.log.statemachine.data.sync = true (default)
2020-09-02 14:44:16,933 [pool-48-thread-1] INFO  server.RaftServerConfigKeys (ConfUtils.java:logGet(44)) - raft.server.log.statemachine.data.sync.timeout = 10s (default)
2020-09-02 14:44:16,933 [pool-48-thread-1] INFO  server.RaftServerConfigKeys (ConfUtils.java:logGet(44)) - raft.server.log.statemachine.data.sync.timeout.retry = -1 (default)
2020-09-02 14:44:16,934 [pool-48-thread-1] INFO  server.RaftServerConfigKeys (ConfUtils.java:logGet(44)) - raft.server.log.statemachine.data.caching.enabled = true (custom)
2020-09-02 14:44:16,935 [pool-48-thread-1] INFO  segmented.SegmentedRaftLogWorker (SegmentedRaftLogWorker.java:lambda$new$0(129)) - 4337a697-5889-4954-b149-eab901c85e51@group-2F950A47DED3-SegmentedRaftLogWorker: flushIndex: setUnconditionally 0 -> -1
2020-09-02 14:44:16,935 [pool-48-thread-1] INFO  segmented.SegmentedRaftLogWorker (SegmentedRaftLogWorker.java:lambda$new$0(129)) - 4337a697-5889-4954-b149-eab901c85e51@group-2F950A47DED3-SegmentedRaftLogWorker: safeCacheEvictIndex: setUnconditionally 0 -> -1
2020-09-02 14:44:16,940 [pool-48-thread-1] INFO  server.RaftServerConfigKeys (ConfUtils.java:logGet(44)) - raft.server.snapshot.auto.trigger.enabled = true (custom)
2020-09-02 14:44:16,941 [pool-48-thread-1] INFO  server.RaftServerConfigKeys (ConfUtils.java:logGet(44)) - raft.server.snapshot.auto.trigger.threshold = 10000 (custom)
2020-09-02 14:44:16,941 [pool-48-thread-1] INFO  server.RaftServerConfigKeys (ConfUtils.java:logGet(44)) - raft.server.snapshot.retention.file.num = 5 (custom)
2020-09-02 14:44:16,941 [pool-48-thread-1] INFO  server.RaftServerConfigKeys (ConfUtils.java:logGet(44)) - raft.server.log.purge.upto.snapshot.index = false (default)
2020-09-02 14:44:16,941 [pool-48-thread-1] INFO  server.RaftServerConfigKeys (ConfUtils.java:logGet(44)) - raft.server.retrycache.expirytime = 600000ms (custom)
2020-09-02 14:44:16,941 [pool-48-thread-1] INFO  metrics.RatisMetrics (RatisMetrics.java:lambda$create$0(36)) - Creating Metrics Registry : ratis.leader_election.4337a697-5889-4954-b149-eab901c85e51@group-2F950A47DED3
2020-09-02 14:44:16,942 [pool-48-thread-1] INFO  metrics.RatisMetrics (RatisMetrics.java:lambda$create$0(36)) - Creating Metrics Registry : ratis.server.4337a697-5889-4954-b149-eab901c85e51@group-2F950A47DED3
2020-09-02 14:44:16,942 [pool-48-thread-1] INFO  impl.RaftServerImpl (RaftServerImpl.java:start(196)) - 4337a697-5889-4954-b149-eab901c85e51@group-2F950A47DED3: start as a follower, conf=-1: [4337a697-5889-4954-b149-eab901c85e51:172.17.0.2:33515], old=null
2020-09-02 14:44:16,942 [pool-48-thread-1] INFO  impl.RaftServerImpl (RaftServerImpl.java:setRole(185)) - 4337a697-5889-4954-b149-eab901c85e51@group-2F950A47DED3: changes role from      null to FOLLOWER at term 0 for startAsFollower
2020-09-02 14:44:16,943 [pool-48-thread-1] INFO  impl.RoleInfo (RoleInfo.java:updateAndGet(143)) - 4337a697-5889-4954-b149-eab901c85e51: start FollowerState
2020-09-02 14:44:16,943 [pool-48-thread-1] INFO  util.JmxRegister (JmxRegister.java:tryRegister(44)) - Successfully registered JMX Bean with object name Ratis:service=RaftServer,group=group-2F950A47DED3,id=4337a697-5889-4954-b149-eab901c85e51
2020-09-02 14:44:16,954 [pool-48-thread-1] INFO  metrics.RatisMetrics (RatisMetrics.java:lambda$create$0(36)) - Creating Metrics Registry : ratis.state_machine.4337a697-5889-4954-b149-eab901c85e51@group-2F950A47DED3
2020-09-02 14:44:16,957 [Command processor thread] INFO  commandhandler.CreatePipelineCommandHandler (CreatePipelineCommandHandler.java:handle(110)) - Created Pipeline RATIS ONE #id: "009ad7fa-f134-4260-93ff-2f950a47ded3"
uuid128 {
  mostSigBits: 43584619201970784
  leastSigBits: -7782449313903812909
}
.
2020-09-02 14:44:16,973 [Command processor thread] INFO  impl.RaftServerProxy (RaftServerProxy.java:addNew(89)) - 4337a697-5889-4954-b149-eab901c85e51: addNew group-3955F27D7D38:[5fa49f45-b68c-48b5-8544-96c6cbc5600b:172.17.0.2:39297, 8ecf1378-8a99-44ac-adf4-e550e77c9ac9:172.17.0.2:44101, 4337a697-5889-4954-b149-eab901c85e51:172.17.0.2:33515] returns group-3955F27D7D38:java.util.concurrent.CompletableFuture@8a529d0[Not completed]
2020-09-02 14:44:16,974 [pool-48-thread-1] INFO  impl.RaftServerImpl (RaftServerImpl.java:<init>(107)) - 4337a697-5889-4954-b149-eab901c85e51: new RaftServerImpl for group-3955F27D7D38:[5fa49f45-b68c-48b5-8544-96c6cbc5600b:172.17.0.2:39297, 8ecf1378-8a99-44ac-adf4-e550e77c9ac9:172.17.0.2:44101, 4337a697-5889-4954-b149-eab901c85e51:172.17.0.2:33515] with ContainerStateMachine:uninitialized
2020-09-02 14:44:16,974 [pool-48-thread-1] INFO  server.RaftServerConfigKeys (ConfUtils.java:logGet(44)) - raft.server.rpc.timeout.min = 5s (custom)
2020-09-02 14:44:16,974 [pool-48-thread-1] INFO  server.RaftServerConfigKeys (ConfUtils.java:logGet(44)) - raft.server.rpc.timeout.max = 5200ms (custom)
2020-09-02 14:44:16,974 [pool-48-thread-1] INFO  server.RaftServerConfigKeys (ConfUtils.java:logGet(44)) - raft.server.rpcslowness.timeout = 1000000ms (custom)
2020-09-02 14:44:16,974 [pool-48-thread-1] INFO  server.RaftServerConfigKeys (ConfUtils.java:logGet(44)) - raft.server.sleep.deviation.threshold = 300 (default)
2020-09-02 14:44:16,974 [pool-48-thread-1] INFO  server.RaftServerConfigKeys (ConfUtils.java:logGet(44)) - raft.server.log.appender.install.snapshot.enabled = false (custom)
2020-09-02 14:44:16,975 [pool-48-thread-1] INFO  impl.RaftServerImpl (ServerState.java:<init>(103)) - 4337a697-5889-4954-b149-eab901c85e51@group-3955F27D7D38: ConfigurationManager, init=-1: [5fa49f45-b68c-48b5-8544-96c6cbc5600b:172.17.0.2:39297, 8ecf1378-8a99-44ac-adf4-e550e77c9ac9:172.17.0.2:44101, 4337a697-5889-4954-b149-eab901c85e51:172.17.0.2:33515], old=null, confs=<EMPTY_MAP>
2020-09-02 14:44:16,975 [pool-48-thread-1] INFO  server.RaftServerConfigKeys (ConfUtils.java:logGet(44)) - raft.server.storage.dir = [/github/workspace/mnt/ozone/hadoop-ozone/integration-test/target/test-dir/MiniOzoneClusterImpl-105acb31-bc6b-42ec-a3ae-9abe6af9d89b/datanode-1/data/ratis] (custom)
2020-09-02 14:44:16,975 [pool-48-thread-1] INFO  server.RaftServerConfigKeys (ConfUtils.java:logGet(44)) - raft.server.log.corruption.policy = EXCEPTION (default)
2020-09-02 14:44:16,975 [pool-48-thread-1] INFO  storage.RaftStorageDirectory (RaftStorageDirectory.java:analyzeStorage(261)) - The storage directory /github/workspace/mnt/ozone/hadoop-ozone/integration-test/target/test-dir/MiniOzoneClusterImpl-105acb31-bc6b-42ec-a3ae-9abe6af9d89b/datanode-1/data/ratis/f22a3dfb-37d6-4071-86a1-3955f27d7d38 does not exist. Creating ...
2020-09-02 14:44:16,976 [pool-48-thread-1] INFO  storage.RaftStorageDirectory (RaftStorageDirectory.java:tryLock(343)) - Lock on /github/workspace/mnt/ozone/hadoop-ozone/integration-test/target/test-dir/MiniOzoneClusterImpl-105acb31-bc6b-42ec-a3ae-9abe6af9d89b/datanode-1/data/ratis/f22a3dfb-37d6-4071-86a1-3955f27d7d38/in_use.lock acquired by nodename 29342@5b6fc57d11f3
2020-09-02 14:44:16,977 [pool-48-thread-1] INFO  storage.RaftStorage (RaftStorage.java:format(84)) - Storage directory /github/workspace/mnt/ozone/hadoop-ozone/integration-test/target/test-dir/MiniOzoneClusterImpl-105acb31-bc6b-42ec-a3ae-9abe6af9d89b/datanode-1/data/ratis/f22a3dfb-37d6-4071-86a1-3955f27d7d38 has been successfully formatted.
2020-09-02 14:44:16,977 [pool-48-thread-1] INFO  ratis.ContainerStateMachine (ContainerStateMachine.java:loadSnapshot(225)) - group-3955F27D7D38: The snapshot info is null. Setting the last applied indexto:(t:0, i:~)
2020-09-02 14:44:16,977 [pool-48-thread-1] INFO  server.RaftServerConfigKeys (ConfUtils.java:logGet(44)) - raft.server.notification.no-leader.timeout = 1000000ms (custom)
2020-09-02 14:44:16,978 [pool-48-thread-1] INFO  server.RaftServerConfigKeys (ConfUtils.java:logGet(44)) - raft.server.log.use.memory = false (default)
2020-09-02 14:44:16,978 [pool-48-thread-1] INFO  server.RaftServerConfigKeys (ConfUtils.java:logGet(44)) - raft.server.log.purge.gap = 1000000 (custom)
2020-09-02 14:44:16,978 [pool-48-thread-1] INFO  metrics.RatisMetrics (RatisMetrics.java:lambda$create$0(36)) - Creating Metrics Registry : ratis.log_worker.4337a697-5889-4954-b149-eab901c85e51@group-3955F27D7D38
2020-09-02 14:44:16,978 [pool-48-thread-1] INFO  server.RaftServerConfigKeys (ConfUtils.java:logGet(44)) - raft.server.log.appender.buffer.byte-limit = 33554432 (custom)
2020-09-02 14:44:16,978 [pool-48-thread-1] INFO  server.RaftServerConfigKeys (ConfUtils.java:logGet(44)) - raft.server.log.segment.size.max = 1048576 (custom)
2020-09-02 14:44:16,978 [pool-48-thread-1] INFO  server.RaftServerConfigKeys (ConfUtils.java:logGet(44)) - raft.server.log.segment.cache.num.max = 2 (custom)
2020-09-02 14:44:16,978 [pool-48-thread-1] INFO  segmented.SegmentedRaftLogWorker (SegmentedRaftLogWorker.java:<init>(180)) - new 4337a697-5889-4954-b149-eab901c85e51@group-3955F27D7D38-SegmentedRaftLogWorker for RaftStorage:Storage Directory /github/workspace/mnt/ozone/hadoop-ozone/integration-test/target/test-dir/MiniOzoneClusterImpl-105acb31-bc6b-42ec-a3ae-9abe6af9d89b/datanode-1/data/ratis/f22a3dfb-37d6-4071-86a1-3955f27d7d38
2020-09-02 14:44:16,979 [pool-48-thread-1] INFO  server.RaftServerConfigKeys (ConfUtils.java:logGet(44)) - raft.server.log.queue.byte-limit = 2147483647 (custom)
2020-09-02 14:44:16,979 [pool-48-thread-1] INFO  server.RaftServerConfigKeys (ConfUtils.java:logGet(44)) - raft.server.log.queue.element-limit = 1024 (custom)
2020-09-02 14:44:16,979 [pool-48-thread-1] INFO  server.RaftServerConfigKeys (ConfUtils.java:logGet(44)) - raft.server.log.segment.size.max = 1048576 (custom)
2020-09-02 14:44:16,979 [pool-48-thread-1] INFO  server.RaftServerConfigKeys (ConfUtils.java:logGet(44)) - raft.server.log.preallocated.size = 16384 (custom)
2020-09-02 14:44:16,979 [pool-48-thread-1] INFO  server.RaftServerConfigKeys (ConfUtils.java:logGet(44)) - raft.server.log.write.buffer.size = 1048576 (custom)
2020-09-02 14:44:16,979 [pool-48-thread-1] INFO  server.RaftServerConfigKeys (ConfUtils.java:logGet(44)) - raft.server.log.force.sync.num = 128 (default)
2020-09-02 14:44:16,979 [pool-48-thread-1] INFO  server.RaftServerConfigKeys (ConfUtils.java:logGet(44)) - raft.server.log.statemachine.data.sync = true (default)
2020-09-02 14:44:16,979 [pool-48-thread-1] INFO  server.RaftServerConfigKeys (ConfUtils.java:logGet(44)) - raft.server.log.statemachine.data.sync.timeout = 10s (default)
2020-09-02 14:44:16,979 [pool-48-thread-1] INFO  server.RaftServerConfigKeys (ConfUtils.java:logGet(44)) - raft.server.log.statemachine.data.sync.timeout.retry = -1 (default)
2020-09-02 14:44:16,980 [Datanode State Machine Thread - 0] WARN  statemachine.DatanodeStateMachine (DatanodeStateMachine.java:start(245)) - Interrupt the execution.
java.lang.InterruptedException: sleep interrupted
	at java.lang.Thread.sleep(Native Method)
	at org.apache.hadoop.ozone.container.common.statemachine.DatanodeStateMachine.start(DatanodeStateMachine.java:243)
	at org.apache.hadoop.ozone.container.common.statemachine.DatanodeStateMachine.lambda$startDaemon$0(DatanodeStateMachine.java:405)
	at java.lang.Thread.run(Thread.java:748)
2020-09-02 14:44:16,983 [pool-48-thread-1] INFO  server.RaftServerConfigKeys (ConfUtils.java:logGet(44)) - raft.server.log.statemachine.data.caching.enabled = true (custom)
2020-09-02 14:44:16,983 [pool-48-thread-1] INFO  segmented.SegmentedRaftLogWorker (SegmentedRaftLogWorker.java:lambda$new$0(129)) - 4337a697-5889-4954-b149-eab901c85e51@group-3955F27D7D38-SegmentedRaftLogWorker: flushIndex: setUnconditionally 0 -> -1
2020-09-02 14:44:16,983 [pool-48-thread-1] INFO  segmented.SegmentedRaftLogWorker (SegmentedRaftLogWorker.java:lambda$new$0(129)) - 4337a697-5889-4954-b149-eab901c85e51@group-3955F27D7D38-SegmentedRaftLogWorker: safeCacheEvictIndex: setUnconditionally 0 -> -1
2020-09-02 14:44:16,992 [pool-48-thread-1] INFO  server.RaftServerConfigKeys (ConfUtils.java:logGet(44)) - raft.server.snapshot.auto.trigger.enabled = true (custom)
2020-09-02 14:44:16,992 [pool-48-thread-1] INFO  server.RaftServerConfigKeys (ConfUtils.java:logGet(44)) - raft.server.snapshot.auto.trigger.threshold = 10000 (custom)
2020-09-02 14:44:16,993 [pool-48-thread-1] INFO  server.RaftServerConfigKeys (ConfUtils.java:logGet(44)) - raft.server.snapshot.retention.file.num = 5 (custom)
2020-09-02 14:44:16,993 [pool-48-thread-1] INFO  server.RaftServerConfigKeys (ConfUtils.java:logGet(44)) - raft.server.log.purge.upto.snapshot.index = false (default)
2020-09-02 14:44:16,993 [pool-48-thread-1] INFO  server.RaftServerConfigKeys (ConfUtils.java:logGet(44)) - raft.server.retrycache.expirytime = 600000ms (custom)
2020-09-02 14:44:16,993 [pool-48-thread-1] INFO  metrics.RatisMetrics (RatisMetrics.java:lambda$create$0(36)) - Creating Metrics Registry : ratis.leader_election.4337a697-5889-4954-b149-eab901c85e51@group-3955F27D7D38
2020-09-02 14:44:16,993 [pool-48-thread-1] INFO  metrics.RatisMetrics (RatisMetrics.java:lambda$create$0(36)) - Creating Metrics Registry : ratis.server.4337a697-5889-4954-b149-eab901c85e51@group-3955F27D7D38
2020-09-02 14:44:16,994 [pool-48-thread-1] INFO  impl.RaftServerImpl (RaftServerImpl.java:start(196)) - 4337a697-5889-4954-b149-eab901c85e51@group-3955F27D7D38: start as a follower, conf=-1: [5fa49f45-b68c-48b5-8544-96c6cbc5600b:172.17.0.2:39297, 8ecf1378-8a99-44ac-adf4-e550e77c9ac9:172.17.0.2:44101, 4337a697-5889-4954-b149-eab901c85e51:172.17.0.2:33515], old=null
2020-09-02 14:44:16,994 [pool-48-thread-1] INFO  impl.RaftServerImpl (RaftServerImpl.java:setRole(185)) - 4337a697-5889-4954-b149-eab901c85e51@group-3955F27D7D38: changes role from      null to FOLLOWER at term 0 for startAsFollower
2020-09-02 14:44:16,994 [pool-48-thread-1] INFO  impl.RoleInfo (RoleInfo.java:updateAndGet(143)) - 4337a697-5889-4954-b149-eab901c85e51: start FollowerState
2020-09-02 14:44:17,002 [pool-48-thread-1] INFO  util.JmxRegister (JmxRegister.java:tryRegister(44)) - Successfully registered JMX Bean with object name Ratis:service=RaftServer,group=group-3955F27D7D38,id=4337a697-5889-4954-b149-eab901c85e51
2020-09-02 14:44:17,002 [pool-48-thread-1] INFO  metrics.RatisMetrics (RatisMetrics.java:lambda$create$0(36)) - Creating Metrics Registry : ratis.state_machine.4337a697-5889-4954-b149-eab901c85e51@group-3955F27D7D38
2020-09-02 14:44:17,072 [Listener at 127.0.0.1/38643] INFO  ozone.MiniOzoneClusterImpl (MiniOzoneClusterImpl.java:lambda$waitForClusterToBeReady$0(177)) - Nodes are ready. Got 3 of 3 DN Heartbeats.
2020-09-02 14:44:17,072 [Listener at 127.0.0.1/38643] INFO  ozone.MiniOzoneClusterImpl (MiniOzoneClusterImpl.java:lambda$waitForClusterToBeReady$0(180)) - Waiting for cluster to exit safe mode
2020-09-02 14:44:17,081 [Command processor thread] INFO  impl.RaftServerProxy (RaftServerProxy.java:addNew(89)) - 8ecf1378-8a99-44ac-adf4-e550e77c9ac9: addNew group-7BA954E3F49A:[8ecf1378-8a99-44ac-adf4-e550e77c9ac9:172.17.0.2:44101] returns group-7BA954E3F49A:java.util.concurrent.CompletableFuture@6404d11b[Not completed]
2020-09-02 14:44:17,096 [pool-63-thread-1] INFO  impl.RaftServerImpl (RaftServerImpl.java:<init>(107)) - 8ecf1378-8a99-44ac-adf4-e550e77c9ac9: new RaftServerImpl for group-7BA954E3F49A:[8ecf1378-8a99-44ac-adf4-e550e77c9ac9:172.17.0.2:44101] with ContainerStateMachine:uninitialized
2020-09-02 14:44:17,096 [pool-63-thread-1] INFO  server.RaftServerConfigKeys (ConfUtils.java:logGet(44)) - raft.server.rpc.timeout.min = 5s (custom)
2020-09-02 14:44:17,097 [pool-63-thread-1] INFO  server.RaftServerConfigKeys (ConfUtils.java:logGet(44)) - raft.server.rpc.timeout.max = 5200ms (custom)
2020-09-02 14:44:17,097 [pool-63-thread-1] INFO  server.RaftServerConfigKeys (ConfUtils.java:logGet(44)) - raft.server.rpcslowness.timeout = 1000000ms (custom)
2020-09-02 14:44:17,097 [pool-63-thread-1] INFO  server.RaftServerConfigKeys (ConfUtils.java:logGet(44)) - raft.server.sleep.deviation.threshold = 300 (default)
2020-09-02 14:44:17,097 [pool-63-thread-1] INFO  server.RaftServerConfigKeys (ConfUtils.java:logGet(44)) - raft.server.log.appender.install.snapshot.enabled = false (custom)
2020-09-02 14:44:17,097 [pool-63-thread-1] INFO  impl.RaftServerImpl (ServerState.java:<init>(103)) - 8ecf1378-8a99-44ac-adf4-e550e77c9ac9@group-7BA954E3F49A: ConfigurationManager, init=-1: [8ecf1378-8a99-44ac-adf4-e550e77c9ac9:172.17.0.2:44101], old=null, confs=<EMPTY_MAP>
2020-09-02 14:44:17,097 [pool-63-thread-1] INFO  server.RaftServerConfigKeys (ConfUtils.java:logGet(44)) - raft.server.storage.dir = [/github/workspace/mnt/ozone/hadoop-ozone/integration-test/target/test-dir/MiniOzoneClusterImpl-105acb31-bc6b-42ec-a3ae-9abe6af9d89b/datanode-2/data/ratis] (custom)
2020-09-02 14:44:17,097 [pool-63-thread-1] INFO  server.RaftServerConfigKeys (ConfUtils.java:logGet(44)) - raft.server.log.corruption.policy = EXCEPTION (default)
2020-09-02 14:44:17,097 [pool-63-thread-1] INFO  storage.RaftStorageDirectory (RaftStorageDirectory.java:analyzeStorage(261)) - The storage directory /github/workspace/mnt/ozone/hadoop-ozone/integration-test/target/test-dir/MiniOzoneClusterImpl-105acb31-bc6b-42ec-a3ae-9abe6af9d89b/datanode-2/data/ratis/c1ea5e9c-da04-4d84-8d87-7ba954e3f49a does not exist. Creating ...
2020-09-02 14:44:17,099 [pool-63-thread-1] INFO  storage.RaftStorageDirectory (RaftStorageDirectory.java:tryLock(343)) - Lock on /github/workspace/mnt/ozone/hadoop-ozone/integration-test/target/test-dir/MiniOzoneClusterImpl-105acb31-bc6b-42ec-a3ae-9abe6af9d89b/datanode-2/data/ratis/c1ea5e9c-da04-4d84-8d87-7ba954e3f49a/in_use.lock acquired by nodename 29342@5b6fc57d11f3
2020-09-02 14:44:17,100 [pool-63-thread-1] INFO  storage.RaftStorage (RaftStorage.java:format(84)) - Storage directory /github/workspace/mnt/ozone/hadoop-ozone/integration-test/target/test-dir/MiniOzoneClusterImpl-105acb31-bc6b-42ec-a3ae-9abe6af9d89b/datanode-2/data/ratis/c1ea5e9c-da04-4d84-8d87-7ba954e3f49a has been successfully formatted.
2020-09-02 14:44:17,100 [Datanode State Machine Thread - 0] WARN  statemachine.DatanodeStateMachine (DatanodeStateMachine.java:start(245)) - Interrupt the execution.
java.lang.InterruptedException: sleep interrupted
	at java.lang.Thread.sleep(Native Method)
	at org.apache.hadoop.ozone.container.common.statemachine.DatanodeStateMachine.start(DatanodeStateMachine.java:243)
	at org.apache.hadoop.ozone.container.common.statemachine.DatanodeStateMachine.lambda$startDaemon$0(DatanodeStateMachine.java:405)
	at java.lang.Thread.run(Thread.java:748)
2020-09-02 14:44:17,100 [pool-63-thread-1] INFO  ratis.ContainerStateMachine (ContainerStateMachine.java:loadSnapshot(225)) - group-7BA954E3F49A: The snapshot info is null. Setting the last applied indexto:(t:0, i:~)
2020-09-02 14:44:17,100 [pool-63-thread-1] INFO  server.RaftServerConfigKeys (ConfUtils.java:logGet(44)) - raft.server.notification.no-leader.timeout = 1000000ms (custom)
2020-09-02 14:44:17,100 [pool-63-thread-1] INFO  server.RaftServerConfigKeys (ConfUtils.java:logGet(44)) - raft.server.log.use.memory = false (default)
2020-09-02 14:44:17,101 [pool-63-thread-1] INFO  server.RaftServerConfigKeys (ConfUtils.java:logGet(44)) - raft.server.log.purge.gap = 1000000 (custom)
2020-09-02 14:44:17,101 [pool-63-thread-1] INFO  metrics.RatisMetrics (RatisMetrics.java:lambda$create$0(36)) - Creating Metrics Registry : ratis.log_worker.8ecf1378-8a99-44ac-adf4-e550e77c9ac9@group-7BA954E3F49A
2020-09-02 14:44:17,101 [pool-63-thread-1] INFO  server.RaftServerConfigKeys (ConfUtils.java:logGet(44)) - raft.server.log.appender.buffer.byte-limit = 33554432 (custom)
2020-09-02 14:44:17,102 [EventQueue-PipelineReportForPipelineReportHandler] INFO  pipeline.PipelineStateManager (PipelineStateManager.java:openPipeline(131)) - Pipeline Pipeline[ Id: c1ea5e9c-da04-4d84-8d87-7ba954e3f49a, Nodes: 8ecf1378-8a99-44ac-adf4-e550e77c9ac9{ip: 172.17.0.2, host: 5b6fc57d11f3, networkLocation: /default-rack, certSerialId: null}, Type:RATIS, Factor:ONE, State:ALLOCATED, leaderId:8ecf1378-8a99-44ac-adf4-e550e77c9ac9, CreationTimestamp2020-09-02T14:44:14.081Z] moved to OPEN state
2020-09-02 14:44:17,102 [EventQueue-OpenPipelineForHealthyPipelineSafeModeRule] INFO  safemode.SCMSafeModeManager (HealthyPipelineSafeModeRule.java:process(129)) - SCM in safe mode. Healthy pipelines reported count is 0, required healthy pipeline reported count is 1
2020-09-02 14:44:17,102 [EventQueue-OpenPipelineForOneReplicaPipelineSafeModeRule] INFO  safemode.SCMSafeModeManager (SCMSafeModeManager.java:validateSafeModeExitRules(214)) - AtleastOneDatanodeReportedRule rule is successfully validated
2020-09-02 14:44:17,103 [pool-63-thread-1] INFO  server.RaftServerConfigKeys (ConfUtils.java:logGet(44)) - raft.server.log.segment.size.max = 1048576 (custom)
2020-09-02 14:44:17,103 [pool-63-thread-1] INFO  server.RaftServerConfigKeys (ConfUtils.java:logGet(44)) - raft.server.log.segment.cache.num.max = 2 (custom)
2020-09-02 14:44:17,103 [pool-63-thread-1] INFO  segmented.SegmentedRaftLogWorker (SegmentedRaftLogWorker.java:<init>(180)) - new 8ecf1378-8a99-44ac-adf4-e550e77c9ac9@group-7BA954E3F49A-SegmentedRaftLogWorker for RaftStorage:Storage Directory /github/workspace/mnt/ozone/hadoop-ozone/integration-test/target/test-dir/MiniOzoneClusterImpl-105acb31-bc6b-42ec-a3ae-9abe6af9d89b/datanode-2/data/ratis/c1ea5e9c-da04-4d84-8d87-7ba954e3f49a
2020-09-02 14:44:17,103 [pool-63-thread-1] INFO  server.RaftServerConfigKeys (ConfUtils.java:logGet(44)) - raft.server.log.queue.byte-limit = 2147483647 (custom)
2020-09-02 14:44:17,103 [pool-63-thread-1] INFO  server.RaftServerConfigKeys (ConfUtils.java:logGet(44)) - raft.server.log.queue.element-limit = 1024 (custom)
2020-09-02 14:44:17,103 [pool-63-thread-1] INFO  server.RaftServerConfigKeys (ConfUtils.java:logGet(44)) - raft.server.log.segment.size.max = 1048576 (custom)
2020-09-02 14:44:17,103 [pool-63-thread-1] INFO  server.RaftServerConfigKeys (ConfUtils.java:logGet(44)) - raft.server.log.preallocated.size = 16384 (custom)
2020-09-02 14:44:17,104 [pool-63-thread-1] INFO  server.RaftServerConfigKeys (ConfUtils.java:logGet(44)) - raft.server.log.write.buffer.size = 1048576 (custom)
2020-09-02 14:44:17,104 [pool-63-thread-1] INFO  server.RaftServerConfigKeys (ConfUtils.java:logGet(44)) - raft.server.log.force.sync.num = 128 (default)
2020-09-02 14:44:17,104 [pool-63-thread-1] INFO  server.RaftServerConfigKeys (ConfUtils.java:logGet(44)) - raft.server.log.statemachine.data.sync = true (default)
2020-09-02 14:44:17,104 [pool-63-thread-1] INFO  server.RaftServerConfigKeys (ConfUtils.java:logGet(44)) - raft.server.log.statemachine.data.sync.timeout = 10s (default)
2020-09-02 14:44:17,104 [pool-63-thread-1] INFO  server.RaftServerConfigKeys (ConfUtils.java:logGet(44)) - raft.server.log.statemachine.data.sync.timeout.retry = -1 (default)
2020-09-02 14:44:17,106 [pool-63-thread-1] INFO  server.RaftServerConfigKeys (ConfUtils.java:logGet(44)) - raft.server.log.statemachine.data.caching.enabled = true (custom)
2020-09-02 14:44:17,106 [pool-63-thread-1] INFO  segmented.SegmentedRaftLogWorker (SegmentedRaftLogWorker.java:lambda$new$0(129)) - 8ecf1378-8a99-44ac-adf4-e550e77c9ac9@group-7BA954E3F49A-SegmentedRaftLogWorker: flushIndex: setUnconditionally 0 -> -1
2020-09-02 14:44:17,106 [pool-63-thread-1] INFO  segmented.SegmentedRaftLogWorker (SegmentedRaftLogWorker.java:lambda$new$0(129)) - 8ecf1378-8a99-44ac-adf4-e550e77c9ac9@group-7BA954E3F49A-SegmentedRaftLogWorker: safeCacheEvictIndex: setUnconditionally 0 -> -1
2020-09-02 14:44:17,106 [pool-63-thread-1] INFO  server.RaftServerConfigKeys (ConfUtils.java:logGet(44)) - raft.server.snapshot.auto.trigger.enabled = true (custom)
2020-09-02 14:44:17,106 [pool-63-thread-1] INFO  server.RaftServerConfigKeys (ConfUtils.java:logGet(44)) - raft.server.snapshot.auto.trigger.threshold = 10000 (custom)
2020-09-02 14:44:17,106 [pool-63-thread-1] INFO  server.RaftServerConfigKeys (ConfUtils.java:logGet(44)) - raft.server.snapshot.retention.file.num = 5 (custom)
2020-09-02 14:44:17,106 [pool-63-thread-1] INFO  server.RaftServerConfigKeys (ConfUtils.java:logGet(44)) - raft.server.log.purge.upto.snapshot.index = false (default)
2020-09-02 14:44:17,106 [pool-63-thread-1] INFO  server.RaftServerConfigKeys (ConfUtils.java:logGet(44)) - raft.server.retrycache.expirytime = 600000ms (custom)
2020-09-02 14:44:17,107 [pool-63-thread-1] INFO  metrics.RatisMetrics (RatisMetrics.java:lambda$create$0(36)) - Creating Metrics Registry : ratis.leader_election.8ecf1378-8a99-44ac-adf4-e550e77c9ac9@group-7BA954E3F49A
2020-09-02 14:44:17,107 [pool-63-thread-1] INFO  metrics.RatisMetrics (RatisMetrics.java:lambda$create$0(36)) - Creating Metrics Registry : ratis.server.8ecf1378-8a99-44ac-adf4-e550e77c9ac9@group-7BA954E3F49A
2020-09-02 14:44:17,108 [pool-63-thread-1] INFO  impl.RaftServerImpl (RaftServerImpl.java:start(196)) - 8ecf1378-8a99-44ac-adf4-e550e77c9ac9@group-7BA954E3F49A: start as a follower, conf=-1: [8ecf1378-8a99-44ac-adf4-e550e77c9ac9:172.17.0.2:44101], old=null
2020-09-02 14:44:17,108 [pool-63-thread-1] INFO  impl.RaftServerImpl (RaftServerImpl.java:setRole(185)) - 8ecf1378-8a99-44ac-adf4-e550e77c9ac9@group-7BA954E3F49A: changes role from      null to FOLLOWER at term 0 for startAsFollower
2020-09-02 14:44:17,108 [pool-63-thread-1] INFO  impl.RoleInfo (RoleInfo.java:updateAndGet(143)) - 8ecf1378-8a99-44ac-adf4-e550e77c9ac9: start FollowerState
2020-09-02 14:44:17,108 [pool-63-thread-1] INFO  util.JmxRegister (JmxRegister.java:tryRegister(44)) - Successfully registered JMX Bean with object name Ratis:service=RaftServer,group=group-7BA954E3F49A,id=8ecf1378-8a99-44ac-adf4-e550e77c9ac9
2020-09-02 14:44:17,108 [pool-63-thread-1] INFO  metrics.RatisMetrics (RatisMetrics.java:lambda$create$0(36)) - Creating Metrics Registry : ratis.state_machine.8ecf1378-8a99-44ac-adf4-e550e77c9ac9@group-7BA954E3F49A
2020-09-02 14:44:17,109 [Command processor thread] INFO  commandhandler.CreatePipelineCommandHandler (CreatePipelineCommandHandler.java:handle(110)) - Created Pipeline RATIS ONE #id: "c1ea5e9c-da04-4d84-8d87-7ba954e3f49a"
uuid128 {
  mostSigBits: -4473659252073542268
  leastSigBits: -8248488225301859174
}
.
2020-09-02 14:44:17,109 [Command processor thread] INFO  impl.RaftServerProxy (RaftServerProxy.java:addNew(89)) - 8ecf1378-8a99-44ac-adf4-e550e77c9ac9: addNew group-3955F27D7D38:[5fa49f45-b68c-48b5-8544-96c6cbc5600b:172.17.0.2:39297, 8ecf1378-8a99-44ac-adf4-e550e77c9ac9:172.17.0.2:44101, 4337a697-5889-4954-b149-eab901c85e51:172.17.0.2:33515] returns group-3955F27D7D38:java.util.concurrent.CompletableFuture@603b4943[Not completed]
2020-09-02 14:44:17,111 [pool-63-thread-1] INFO  impl.RaftServerImpl (RaftServerImpl.java:<init>(107)) - 8ecf1378-8a99-44ac-adf4-e550e77c9ac9: new RaftServerImpl for group-3955F27D7D38:[5fa49f45-b68c-48b5-8544-96c6cbc5600b:172.17.0.2:39297, 8ecf1378-8a99-44ac-adf4-e550e77c9ac9:172.17.0.2:44101, 4337a697-5889-4954-b149-eab901c85e51:172.17.0.2:33515] with ContainerStateMachine:uninitialized
2020-09-02 14:44:17,111 [pool-63-thread-1] INFO  server.RaftServerConfigKeys (ConfUtils.java:logGet(44)) - raft.server.rpc.timeout.min = 5s (custom)
2020-09-02 14:44:17,111 [pool-63-thread-1] INFO  server.RaftServerConfigKeys (ConfUtils.java:logGet(44)) - raft.server.rpc.timeout.max = 5200ms (custom)
2020-09-02 14:44:17,111 [pool-63-thread-1] INFO  server.RaftServerConfigKeys (ConfUtils.java:logGet(44)) - raft.server.rpcslowness.timeout = 1000000ms (custom)
2020-09-02 14:44:17,111 [pool-63-thread-1] INFO  server.RaftServerConfigKeys (ConfUtils.java:logGet(44)) - raft.server.sleep.deviation.threshold = 300 (default)
2020-09-02 14:44:17,111 [pool-63-thread-1] INFO  server.RaftServerConfigKeys (ConfUtils.java:logGet(44)) - raft.server.log.appender.install.snapshot.enabled = false (custom)
2020-09-02 14:44:17,111 [pool-63-thread-1] INFO  impl.RaftServerImpl (ServerState.java:<init>(103)) - 8ecf1378-8a99-44ac-adf4-e550e77c9ac9@group-3955F27D7D38: ConfigurationManager, init=-1: [5fa49f45-b68c-48b5-8544-96c6cbc5600b:172.17.0.2:39297, 8ecf1378-8a99-44ac-adf4-e550e77c9ac9:172.17.0.2:44101, 4337a697-5889-4954-b149-eab901c85e51:172.17.0.2:33515], old=null, confs=<EMPTY_MAP>
2020-09-02 14:44:17,111 [pool-63-thread-1] INFO  server.RaftServerConfigKeys (ConfUtils.java:logGet(44)) - raft.server.storage.dir = [/github/workspace/mnt/ozone/hadoop-ozone/integration-test/target/test-dir/MiniOzoneClusterImpl-105acb31-bc6b-42ec-a3ae-9abe6af9d89b/datanode-2/data/ratis] (custom)
2020-09-02 14:44:17,111 [pool-63-thread-1] INFO  server.RaftServerConfigKeys (ConfUtils.java:logGet(44)) - raft.server.log.corruption.policy = EXCEPTION (default)
2020-09-02 14:44:17,112 [pool-63-thread-1] INFO  storage.RaftStorageDirectory (RaftStorageDirectory.java:analyzeStorage(261)) - The storage directory /github/workspace/mnt/ozone/hadoop-ozone/integration-test/target/test-dir/MiniOzoneClusterImpl-105acb31-bc6b-42ec-a3ae-9abe6af9d89b/datanode-2/data/ratis/f22a3dfb-37d6-4071-86a1-3955f27d7d38 does not exist. Creating ...
2020-09-02 14:44:17,113 [pool-63-thread-1] INFO  storage.RaftStorageDirectory (RaftStorageDirectory.java:tryLock(343)) - Lock on /github/workspace/mnt/ozone/hadoop-ozone/integration-test/target/test-dir/MiniOzoneClusterImpl-105acb31-bc6b-42ec-a3ae-9abe6af9d89b/datanode-2/data/ratis/f22a3dfb-37d6-4071-86a1-3955f27d7d38/in_use.lock acquired by nodename 29342@5b6fc57d11f3
2020-09-02 14:44:17,114 [pool-63-thread-1] INFO  storage.RaftStorage (RaftStorage.java:format(84)) - Storage directory /github/workspace/mnt/ozone/hadoop-ozone/integration-test/target/test-dir/MiniOzoneClusterImpl-105acb31-bc6b-42ec-a3ae-9abe6af9d89b/datanode-2/data/ratis/f22a3dfb-37d6-4071-86a1-3955f27d7d38 has been successfully formatted.
2020-09-02 14:44:17,114 [Datanode State Machine Thread - 0] WARN  statemachine.DatanodeStateMachine (DatanodeStateMachine.java:start(245)) - Interrupt the execution.
java.lang.InterruptedException: sleep interrupted
	at java.lang.Thread.sleep(Native Method)
	at org.apache.hadoop.ozone.container.common.statemachine.DatanodeStateMachine.start(DatanodeStateMachine.java:243)
	at org.apache.hadoop.ozone.container.common.statemachine.DatanodeStateMachine.lambda$startDaemon$0(DatanodeStateMachine.java:405)
	at java.lang.Thread.run(Thread.java:748)
2020-09-02 14:44:17,114 [pool-63-thread-1] INFO  ratis.ContainerStateMachine (ContainerStateMachine.java:loadSnapshot(225)) - group-3955F27D7D38: The snapshot info is null. Setting the last applied indexto:(t:0, i:~)
2020-09-02 14:44:17,114 [pool-63-thread-1] INFO  server.RaftServerConfigKeys (ConfUtils.java:logGet(44)) - raft.server.notification.no-leader.timeout = 1000000ms (custom)
2020-09-02 14:44:17,114 [pool-63-thread-1] INFO  server.RaftServerConfigKeys (ConfUtils.java:logGet(44)) - raft.server.log.use.memory = false (default)
2020-09-02 14:44:17,114 [pool-63-thread-1] INFO  server.RaftServerConfigKeys (ConfUtils.java:logGet(44)) - raft.server.log.purge.gap = 1000000 (custom)
2020-09-02 14:44:17,114 [pool-63-thread-1] INFO  metrics.RatisMetrics (RatisMetrics.java:lambda$create$0(36)) - Creating Metrics Registry : ratis.log_worker.8ecf1378-8a99-44ac-adf4-e550e77c9ac9@group-3955F27D7D38
2020-09-02 14:44:17,114 [pool-63-thread-1] INFO  server.RaftServerConfigKeys (ConfUtils.java:logGet(44)) - raft.server.log.appender.buffer.byte-limit = 33554432 (custom)
2020-09-02 14:44:17,115 [pool-63-thread-1] INFO  server.RaftServerConfigKeys (ConfUtils.java:logGet(44)) - raft.server.log.segment.size.max = 1048576 (custom)
2020-09-02 14:44:17,115 [pool-63-thread-1] INFO  server.RaftServerConfigKeys (ConfUtils.java:logGet(44)) - raft.server.log.segment.cache.num.max = 2 (custom)
2020-09-02 14:44:17,115 [pool-63-thread-1] INFO  segmented.SegmentedRaftLogWorker (SegmentedRaftLogWorker.java:<init>(180)) - new 8ecf1378-8a99-44ac-adf4-e550e77c9ac9@group-3955F27D7D38-SegmentedRaftLogWorker for RaftStorage:Storage Directory /github/workspace/mnt/ozone/hadoop-ozone/integration-test/target/test-dir/MiniOzoneClusterImpl-105acb31-bc6b-42ec-a3ae-9abe6af9d89b/datanode-2/data/ratis/f22a3dfb-37d6-4071-86a1-3955f27d7d38
2020-09-02 14:44:17,115 [pool-63-thread-1] INFO  server.RaftServerConfigKeys (ConfUtils.java:logGet(44)) - raft.server.log.queue.byte-limit = 2147483647 (custom)
2020-09-02 14:44:17,115 [pool-63-thread-1] INFO  server.RaftServerConfigKeys (ConfUtils.java:logGet(44)) - raft.server.log.queue.element-limit = 1024 (custom)
2020-09-02 14:44:17,115 [pool-63-thread-1] INFO  server.RaftServerConfigKeys (ConfUtils.java:logGet(44)) - raft.server.log.segment.size.max = 1048576 (custom)
2020-09-02 14:44:17,115 [pool-63-thread-1] INFO  server.RaftServerConfigKeys (ConfUtils.java:logGet(44)) - raft.server.log.preallocated.size = 16384 (custom)
2020-09-02 14:44:17,115 [pool-63-thread-1] INFO  server.RaftServerConfigKeys (ConfUtils.java:logGet(44)) - raft.server.log.write.buffer.size = 1048576 (custom)
2020-09-02 14:44:17,115 [pool-63-thread-1] INFO  server.RaftServerConfigKeys (ConfUtils.java:logGet(44)) - raft.server.log.force.sync.num = 128 (default)
2020-09-02 14:44:17,115 [pool-63-thread-1] INFO  server.RaftServerConfigKeys (ConfUtils.java:logGet(44)) - raft.server.log.statemachine.data.sync = true (default)
2020-09-02 14:44:17,115 [pool-63-thread-1] INFO  server.RaftServerConfigKeys (ConfUtils.java:logGet(44)) - raft.server.log.statemachine.data.sync.timeout = 10s (default)
2020-09-02 14:44:17,115 [pool-63-thread-1] INFO  server.RaftServerConfigKeys (ConfUtils.java:logGet(44)) - raft.server.log.statemachine.data.sync.timeout.retry = -1 (default)
2020-09-02 14:44:17,117 [pool-63-thread-1] INFO  server.RaftServerConfigKeys (ConfUtils.java:logGet(44)) - raft.server.log.statemachine.data.caching.enabled = true (custom)
2020-09-02 14:44:17,117 [pool-63-thread-1] INFO  segmented.SegmentedRaftLogWorker (SegmentedRaftLogWorker.java:lambda$new$0(129)) - 8ecf1378-8a99-44ac-adf4-e550e77c9ac9@group-3955F27D7D38-SegmentedRaftLogWorker: flushIndex: setUnconditionally 0 -> -1
2020-09-02 14:44:17,117 [pool-63-thread-1] INFO  segmented.SegmentedRaftLogWorker (SegmentedRaftLogWorker.java:lambda$new$0(129)) - 8ecf1378-8a99-44ac-adf4-e550e77c9ac9@group-3955F27D7D38-SegmentedRaftLogWorker: safeCacheEvictIndex: setUnconditionally 0 -> -1
2020-09-02 14:44:17,117 [pool-63-thread-1] INFO  server.RaftServerConfigKeys (ConfUtils.java:logGet(44)) - raft.server.snapshot.auto.trigger.enabled = true (custom)
2020-09-02 14:44:17,118 [pool-63-thread-1] INFO  server.RaftServerConfigKeys (ConfUtils.java:logGet(44)) - raft.server.snapshot.auto.trigger.threshold = 10000 (custom)
2020-09-02 14:44:17,118 [pool-63-thread-1] INFO  server.RaftServerConfigKeys (ConfUtils.java:logGet(44)) - raft.server.snapshot.retention.file.num = 5 (custom)
2020-09-02 14:44:17,118 [pool-63-thread-1] INFO  server.RaftServerConfigKeys (ConfUtils.java:logGet(44)) - raft.server.log.purge.upto.snapshot.index = false (default)
2020-09-02 14:44:17,118 [pool-63-thread-1] INFO  server.RaftServerConfigKeys (ConfUtils.java:logGet(44)) - raft.server.retrycache.expirytime = 600000ms (custom)
2020-09-02 14:44:17,118 [pool-63-thread-1] INFO  metrics.RatisMetrics (RatisMetrics.java:lambda$create$0(36)) - Creating Metrics Registry : ratis.leader_election.8ecf1378-8a99-44ac-adf4-e550e77c9ac9@group-3955F27D7D38
2020-09-02 14:44:17,118 [pool-63-thread-1] INFO  metrics.RatisMetrics (RatisMetrics.java:lambda$create$0(36)) - Creating Metrics Registry : ratis.server.8ecf1378-8a99-44ac-adf4-e550e77c9ac9@group-3955F27D7D38
2020-09-02 14:44:17,119 [pool-63-thread-1] INFO  impl.RaftServerImpl (RaftServerImpl.java:start(196)) - 8ecf1378-8a99-44ac-adf4-e550e77c9ac9@group-3955F27D7D38: start as a follower, conf=-1: [5fa49f45-b68c-48b5-8544-96c6cbc5600b:172.17.0.2:39297, 8ecf1378-8a99-44ac-adf4-e550e77c9ac9:172.17.0.2:44101, 4337a697-5889-4954-b149-eab901c85e51:172.17.0.2:33515], old=null
2020-09-02 14:44:17,119 [pool-63-thread-1] INFO  impl.RaftServerImpl (RaftServerImpl.java:setRole(185)) - 8ecf1378-8a99-44ac-adf4-e550e77c9ac9@group-3955F27D7D38: changes role from      null to FOLLOWER at term 0 for startAsFollower
2020-09-02 14:44:17,119 [pool-63-thread-1] INFO  impl.RoleInfo (RoleInfo.java:updateAndGet(143)) - 8ecf1378-8a99-44ac-adf4-e550e77c9ac9: start FollowerState
2020-09-02 14:44:17,119 [pool-63-thread-1] INFO  util.JmxRegister (JmxRegister.java:tryRegister(44)) - Successfully registered JMX Bean with object name Ratis:service=RaftServer,group=group-3955F27D7D38,id=8ecf1378-8a99-44ac-adf4-e550e77c9ac9
2020-09-02 14:44:17,120 [pool-63-thread-1] INFO  metrics.RatisMetrics (RatisMetrics.java:lambda$create$0(36)) - Creating Metrics Registry : ratis.state_machine.8ecf1378-8a99-44ac-adf4-e550e77c9ac9@group-3955F27D7D38
2020-09-02 14:44:17,534 [Command processor thread] INFO  commandhandler.CreatePipelineCommandHandler (CreatePipelineCommandHandler.java:handle(110)) - Created Pipeline RATIS THREE #id: "f22a3dfb-37d6-4071-86a1-3955f27d7d38"
uuid128 {
  mostSigBits: -996916218326269839
  leastSigBits: -8745645960073478856
}
.
2020-09-02 14:44:17,538 [Command processor thread] INFO  commandhandler.CreatePipelineCommandHandler (CreatePipelineCommandHandler.java:handle(110)) - Created Pipeline RATIS THREE #id: "f22a3dfb-37d6-4071-86a1-3955f27d7d38"
uuid128 {
  mostSigBits: -996916218326269839
  leastSigBits: -8745645960073478856
}
.
2020-09-02 14:44:17,550 [Command processor thread] INFO  commandhandler.CreatePipelineCommandHandler (CreatePipelineCommandHandler.java:handle(110)) - Created Pipeline RATIS THREE #id: "f22a3dfb-37d6-4071-86a1-3955f27d7d38"
uuid128 {
  mostSigBits: -996916218326269839
  leastSigBits: -8745645960073478856
}
.
2020-09-02 14:44:18,072 [Listener at 127.0.0.1/38643] INFO  ozone.MiniOzoneClusterImpl (MiniOzoneClusterImpl.java:lambda$waitForClusterToBeReady$0(177)) - Nodes are ready. Got 3 of 3 DN Heartbeats.
2020-09-02 14:44:18,073 [Listener at 127.0.0.1/38643] INFO  ozone.MiniOzoneClusterImpl (MiniOzoneClusterImpl.java:lambda$waitForClusterToBeReady$0(180)) - Waiting for cluster to exit safe mode
2020-09-02 14:44:19,073 [Listener at 127.0.0.1/38643] INFO  ozone.MiniOzoneClusterImpl (MiniOzoneClusterImpl.java:lambda$waitForClusterToBeReady$0(177)) - Nodes are ready. Got 3 of 3 DN Heartbeats.
2020-09-02 14:44:19,073 [Listener at 127.0.0.1/38643] INFO  ozone.MiniOzoneClusterImpl (MiniOzoneClusterImpl.java:lambda$waitForClusterToBeReady$0(180)) - Waiting for cluster to exit safe mode
2020-09-02 14:44:20,074 [Listener at 127.0.0.1/38643] INFO  ozone.MiniOzoneClusterImpl (MiniOzoneClusterImpl.java:lambda$waitForClusterToBeReady$0(177)) - Nodes are ready. Got 3 of 3 DN Heartbeats.
2020-09-02 14:44:20,074 [Listener at 127.0.0.1/38643] INFO  ozone.MiniOzoneClusterImpl (MiniOzoneClusterImpl.java:lambda$waitForClusterToBeReady$0(180)) - Waiting for cluster to exit safe mode
2020-09-02 14:44:21,074 [Listener at 127.0.0.1/38643] INFO  ozone.MiniOzoneClusterImpl (MiniOzoneClusterImpl.java:lambda$waitForClusterToBeReady$0(177)) - Nodes are ready. Got 3 of 3 DN Heartbeats.
2020-09-02 14:44:21,074 [Listener at 127.0.0.1/38643] INFO  ozone.MiniOzoneClusterImpl (MiniOzoneClusterImpl.java:lambda$waitForClusterToBeReady$0(180)) - Waiting for cluster to exit safe mode
2020-09-02 14:44:21,820 [Thread-192] INFO  impl.FollowerState (FollowerState.java:run(108)) - 5fa49f45-b68c-48b5-8544-96c6cbc5600b@group-317047DE99B5-FollowerState: change to CANDIDATE, lastRpcTime:5028ms, electionTimeout:5015ms
2020-09-02 14:44:21,821 [Thread-192] INFO  impl.RoleInfo (RoleInfo.java:shutdownFollowerState(121)) - 5fa49f45-b68c-48b5-8544-96c6cbc5600b: shutdown FollowerState
2020-09-02 14:44:21,821 [Thread-192] INFO  impl.RaftServerImpl (RaftServerImpl.java:setRole(185)) - 5fa49f45-b68c-48b5-8544-96c6cbc5600b@group-317047DE99B5: changes role from  FOLLOWER to CANDIDATE at term 0 for changeToCandidate
2020-09-02 14:44:21,823 [Thread-192] INFO  impl.RoleInfo (RoleInfo.java:updateAndGet(143)) - 5fa49f45-b68c-48b5-8544-96c6cbc5600b: start LeaderElection
2020-09-02 14:44:21,827 [5fa49f45-b68c-48b5-8544-96c6cbc5600b@group-317047DE99B5-LeaderElection1] INFO  impl.LeaderElection (LeaderElection.java:askForVotes(209)) - 5fa49f45-b68c-48b5-8544-96c6cbc5600b@group-317047DE99B5-LeaderElection1: begin an election at term 1 for -1: [5fa49f45-b68c-48b5-8544-96c6cbc5600b:172.17.0.2:39297], old=null
2020-09-02 14:44:21,828 [5fa49f45-b68c-48b5-8544-96c6cbc5600b@group-317047DE99B5-LeaderElection1] INFO  impl.RoleInfo (RoleInfo.java:shutdownLeaderElection(134)) - 5fa49f45-b68c-48b5-8544-96c6cbc5600b: shutdown LeaderElection
2020-09-02 14:44:21,828 [5fa49f45-b68c-48b5-8544-96c6cbc5600b@group-317047DE99B5-LeaderElection1] INFO  impl.RaftServerImpl (RaftServerImpl.java:setRole(185)) - 5fa49f45-b68c-48b5-8544-96c6cbc5600b@group-317047DE99B5: changes role from CANDIDATE to LEADER at term 1 for changeToLeader
2020-09-02 14:44:21,828 [5fa49f45-b68c-48b5-8544-96c6cbc5600b@group-317047DE99B5-LeaderElection1] INFO  ratis.XceiverServerRatis (XceiverServerRatis.java:handleLeaderChangedNotification(822)) - Leader change notification received for group: group-317047DE99B5 with new leaderId: 5fa49f45-b68c-48b5-8544-96c6cbc5600b
2020-09-02 14:44:21,828 [Datanode State Machine Thread - 0] WARN  statemachine.DatanodeStateMachine (DatanodeStateMachine.java:start(245)) - Interrupt the execution.
java.lang.InterruptedException: sleep interrupted
	at java.lang.Thread.sleep(Native Method)
	at org.apache.hadoop.ozone.container.common.statemachine.DatanodeStateMachine.start(DatanodeStateMachine.java:243)
	at org.apache.hadoop.ozone.container.common.statemachine.DatanodeStateMachine.lambda$startDaemon$0(DatanodeStateMachine.java:405)
	at java.lang.Thread.run(Thread.java:748)
2020-09-02 14:44:21,834 [5fa49f45-b68c-48b5-8544-96c6cbc5600b@group-317047DE99B5-LeaderElection1] INFO  impl.RaftServerImpl (ServerState.java:setLeader(255)) - 5fa49f45-b68c-48b5-8544-96c6cbc5600b@group-317047DE99B5: change Leader from null to 5fa49f45-b68c-48b5-8544-96c6cbc5600b at term 1 for becomeLeader, leader elected after 5166ms
2020-09-02 14:44:21,838 [5fa49f45-b68c-48b5-8544-96c6cbc5600b@group-317047DE99B5-LeaderElection1] INFO  server.RaftServerConfigKeys (ConfUtils.java:logGet(44)) - raft.server.staging.catchup.gap = 1000 (default)
2020-09-02 14:44:21,838 [5fa49f45-b68c-48b5-8544-96c6cbc5600b@group-317047DE99B5-LeaderElection1] INFO  server.RaftServerConfigKeys (ConfUtils.java:logGet(44)) - raft.server.rpc.sleep.time = 25ms (default)
2020-09-02 14:44:21,840 [5fa49f45-b68c-48b5-8544-96c6cbc5600b@group-317047DE99B5-LeaderElection1] INFO  metrics.RatisMetrics (RatisMetrics.java:lambda$create$0(36)) - Creating Metrics Registry : ratis.log_appender.5fa49f45-b68c-48b5-8544-96c6cbc5600b@group-317047DE99B5
2020-09-02 14:44:21,842 [5fa49f45-b68c-48b5-8544-96c6cbc5600b@group-317047DE99B5-LeaderElection1] INFO  server.RaftServerConfigKeys (ConfUtils.java:logGet(44)) - raft.server.write.element-limit = 1024 (custom)
2020-09-02 14:44:21,842 [5fa49f45-b68c-48b5-8544-96c6cbc5600b@group-317047DE99B5-LeaderElection1] INFO  server.RaftServerConfigKeys (ConfUtils.java:logGet(44)) - raft.server.write.byte-limit = 1073741824 (custom)
2020-09-02 14:44:21,847 [5fa49f45-b68c-48b5-8544-96c6cbc5600b@group-317047DE99B5-LeaderElection1] INFO  server.RaftServerConfigKeys (ConfUtils.java:logGet(44)) - raft.server.watch.timeout = 3000ms (custom)
2020-09-02 14:44:21,847 [5fa49f45-b68c-48b5-8544-96c6cbc5600b@group-317047DE99B5-LeaderElection1] INFO  server.RaftServerConfigKeys (ConfUtils.java:logGet(44)) - raft.server.watch.timeout.denomination = 1s (default)
2020-09-02 14:44:21,848 [5fa49f45-b68c-48b5-8544-96c6cbc5600b@group-317047DE99B5-LeaderElection1] INFO  server.RaftServerConfigKeys (ConfUtils.java:logGet(44)) - raft.server.watch.element-limit = 65536 (default)
2020-09-02 14:44:21,853 [5fa49f45-b68c-48b5-8544-96c6cbc5600b@group-317047DE99B5-LeaderElection1] INFO  impl.RoleInfo (RoleInfo.java:updateAndGet(143)) - 5fa49f45-b68c-48b5-8544-96c6cbc5600b: start LeaderState
2020-09-02 14:44:21,872 [5fa49f45-b68c-48b5-8544-96c6cbc5600b@group-317047DE99B5-LeaderElection1] INFO  segmented.SegmentedRaftLogWorker (SegmentedRaftLogWorker.java:startLogSegment(397)) - 5fa49f45-b68c-48b5-8544-96c6cbc5600b@group-317047DE99B5-SegmentedRaftLogWorker: Starting segment from index:0
2020-09-02 14:44:21,909 [5fa49f45-b68c-48b5-8544-96c6cbc5600b@group-317047DE99B5-LeaderElection1] INFO  impl.RaftServerImpl (ServerState.java:setRaftConf(356)) - 5fa49f45-b68c-48b5-8544-96c6cbc5600b@group-317047DE99B5: set configuration 0: [5fa49f45-b68c-48b5-8544-96c6cbc5600b:172.17.0.2:39297], old=null at 0
2020-09-02 14:44:21,994 [Thread-197] INFO  impl.FollowerState (FollowerState.java:run(108)) - 4337a697-5889-4954-b149-eab901c85e51@group-2F950A47DED3-FollowerState: change to CANDIDATE, lastRpcTime:5051ms, electionTimeout:5029ms
2020-09-02 14:44:22,000 [Thread-197] INFO  impl.RoleInfo (RoleInfo.java:shutdownFollowerState(121)) - 4337a697-5889-4954-b149-eab901c85e51: shutdown FollowerState
2020-09-02 14:44:22,000 [Thread-197] INFO  impl.RaftServerImpl (RaftServerImpl.java:setRole(185)) - 4337a697-5889-4954-b149-eab901c85e51@group-2F950A47DED3: changes role from  FOLLOWER to CANDIDATE at term 0 for changeToCandidate
2020-09-02 14:44:22,000 [Thread-197] INFO  impl.RoleInfo (RoleInfo.java:updateAndGet(143)) - 4337a697-5889-4954-b149-eab901c85e51: start LeaderElection
2020-09-02 14:44:22,002 [Thread-194] INFO  impl.FollowerState (FollowerState.java:run(108)) - 5fa49f45-b68c-48b5-8544-96c6cbc5600b@group-3955F27D7D38-FollowerState: change to CANDIDATE, lastRpcTime:5151ms, electionTimeout:5149ms
2020-09-02 14:44:22,002 [Thread-194] INFO  impl.RoleInfo (RoleInfo.java:shutdownFollowerState(121)) - 5fa49f45-b68c-48b5-8544-96c6cbc5600b: shutdown FollowerState
2020-09-02 14:44:22,002 [Thread-194] INFO  impl.RaftServerImpl (RaftServerImpl.java:setRole(185)) - 5fa49f45-b68c-48b5-8544-96c6cbc5600b@group-3955F27D7D38: changes role from  FOLLOWER to CANDIDATE at term 0 for changeToCandidate
2020-09-02 14:44:22,002 [Thread-194] INFO  impl.RoleInfo (RoleInfo.java:updateAndGet(143)) - 5fa49f45-b68c-48b5-8544-96c6cbc5600b: start LeaderElection
2020-09-02 14:44:22,011 [5fa49f45-b68c-48b5-8544-96c6cbc5600b@group-317047DE99B5-SegmentedRaftLogWorker] INFO  segmented.SegmentedRaftLogWorker (SegmentedRaftLogWorker.java:execute(596)) - 5fa49f45-b68c-48b5-8544-96c6cbc5600b@group-317047DE99B5-SegmentedRaftLogWorker: created new log segment /github/workspace/mnt/ozone/hadoop-ozone/integration-test/target/test-dir/MiniOzoneClusterImpl-105acb31-bc6b-42ec-a3ae-9abe6af9d89b/datanode-0/data/ratis/acb28445-40e5-44d2-9b2e-317047de99b5/current/log_inprogress_0
2020-09-02 14:44:22,025 [4337a697-5889-4954-b149-eab901c85e51@group-2F950A47DED3-LeaderElection2] INFO  impl.LeaderElection (LeaderElection.java:askForVotes(209)) - 4337a697-5889-4954-b149-eab901c85e51@group-2F950A47DED3-LeaderElection2: begin an election at term 1 for -1: [4337a697-5889-4954-b149-eab901c85e51:172.17.0.2:33515], old=null
2020-09-02 14:44:22,026 [4337a697-5889-4954-b149-eab901c85e51@group-2F950A47DED3-LeaderElection2] INFO  impl.RoleInfo (RoleInfo.java:shutdownLeaderElection(134)) - 4337a697-5889-4954-b149-eab901c85e51: shutdown LeaderElection
2020-09-02 14:44:22,026 [4337a697-5889-4954-b149-eab901c85e51@group-2F950A47DED3-LeaderElection2] INFO  impl.RaftServerImpl (RaftServerImpl.java:setRole(185)) - 4337a697-5889-4954-b149-eab901c85e51@group-2F950A47DED3: changes role from CANDIDATE to LEADER at term 1 for changeToLeader
2020-09-02 14:44:22,026 [4337a697-5889-4954-b149-eab901c85e51@group-2F950A47DED3-LeaderElection2] INFO  ratis.XceiverServerRatis (XceiverServerRatis.java:handleLeaderChangedNotification(822)) - Leader change notification received for group: group-2F950A47DED3 with new leaderId: 4337a697-5889-4954-b149-eab901c85e51
2020-09-02 14:44:22,026 [4337a697-5889-4954-b149-eab901c85e51@group-2F950A47DED3-LeaderElection2] INFO  impl.RaftServerImpl (ServerState.java:setLeader(255)) - 4337a697-5889-4954-b149-eab901c85e51@group-2F950A47DED3: change Leader from null to 4337a697-5889-4954-b149-eab901c85e51 at term 1 for becomeLeader, leader elected after 5096ms
2020-09-02 14:44:22,026 [Datanode State Machine Thread - 0] WARN  statemachine.DatanodeStateMachine (DatanodeStateMachine.java:start(245)) - Interrupt the execution.
java.lang.InterruptedException: sleep interrupted
	at java.lang.Thread.sleep(Native Method)
	at org.apache.hadoop.ozone.container.common.statemachine.DatanodeStateMachine.start(DatanodeStateMachine.java:243)
	at org.apache.hadoop.ozone.container.common.statemachine.DatanodeStateMachine.lambda$startDaemon$0(DatanodeStateMachine.java:405)
	at java.lang.Thread.run(Thread.java:748)
2020-09-02 14:44:22,027 [5fa49f45-b68c-48b5-8544-96c6cbc5600b@group-3955F27D7D38-LeaderElection3] INFO  impl.LeaderElection (LeaderElection.java:askForVotes(209)) - 5fa49f45-b68c-48b5-8544-96c6cbc5600b@group-3955F27D7D38-LeaderElection3: begin an election at term 1 for -1: [5fa49f45-b68c-48b5-8544-96c6cbc5600b:172.17.0.2:39297, 8ecf1378-8a99-44ac-adf4-e550e77c9ac9:172.17.0.2:44101, 4337a697-5889-4954-b149-eab901c85e51:172.17.0.2:33515], old=null
2020-09-02 14:44:22,026 [4337a697-5889-4954-b149-eab901c85e51@group-2F950A47DED3-LeaderElection2] INFO  server.RaftServerConfigKeys (ConfUtils.java:logGet(44)) - raft.server.staging.catchup.gap = 1000 (default)
2020-09-02 14:44:22,028 [4337a697-5889-4954-b149-eab901c85e51@group-2F950A47DED3-LeaderElection2] INFO  server.RaftServerConfigKeys (ConfUtils.java:logGet(44)) - raft.server.rpc.sleep.time = 25ms (default)
2020-09-02 14:44:22,028 [4337a697-5889-4954-b149-eab901c85e51@group-2F950A47DED3-LeaderElection2] INFO  metrics.RatisMetrics (RatisMetrics.java:lambda$create$0(36)) - Creating Metrics Registry : ratis.log_appender.4337a697-5889-4954-b149-eab901c85e51@group-2F950A47DED3
2020-09-02 14:44:22,029 [4337a697-5889-4954-b149-eab901c85e51@group-2F950A47DED3-LeaderElection2] INFO  server.RaftServerConfigKeys (ConfUtils.java:logGet(44)) - raft.server.write.element-limit = 1024 (custom)
2020-09-02 14:44:22,029 [4337a697-5889-4954-b149-eab901c85e51@group-2F950A47DED3-LeaderElection2] INFO  server.RaftServerConfigKeys (ConfUtils.java:logGet(44)) - raft.server.write.byte-limit = 1073741824 (custom)
2020-09-02 14:44:22,029 [4337a697-5889-4954-b149-eab901c85e51@group-2F950A47DED3-LeaderElection2] INFO  server.RaftServerConfigKeys (ConfUtils.java:logGet(44)) - raft.server.watch.timeout = 3000ms (custom)
2020-09-02 14:44:22,029 [4337a697-5889-4954-b149-eab901c85e51@group-2F950A47DED3-LeaderElection2] INFO  server.RaftServerConfigKeys (ConfUtils.java:logGet(44)) - raft.server.watch.timeout.denomination = 1s (default)
2020-09-02 14:44:22,029 [4337a697-5889-4954-b149-eab901c85e51@group-2F950A47DED3-LeaderElection2] INFO  server.RaftServerConfigKeys (ConfUtils.java:logGet(44)) - raft.server.watch.element-limit = 65536 (default)
2020-09-02 14:44:22,029 [4337a697-5889-4954-b149-eab901c85e51@group-2F950A47DED3-LeaderElection2] INFO  impl.RoleInfo (RoleInfo.java:updateAndGet(143)) - 4337a697-5889-4954-b149-eab901c85e51: start LeaderState
2020-09-02 14:44:22,030 [4337a697-5889-4954-b149-eab901c85e51@group-2F950A47DED3-LeaderElection2] INFO  segmented.SegmentedRaftLogWorker (SegmentedRaftLogWorker.java:startLogSegment(397)) - 4337a697-5889-4954-b149-eab901c85e51@group-2F950A47DED3-SegmentedRaftLogWorker: Starting segment from index:0
2020-09-02 14:44:22,031 [4337a697-5889-4954-b149-eab901c85e51@group-2F950A47DED3-SegmentedRaftLogWorker] INFO  segmented.SegmentedRaftLogWorker (SegmentedRaftLogWorker.java:execute(596)) - 4337a697-5889-4954-b149-eab901c85e51@group-2F950A47DED3-SegmentedRaftLogWorker: created new log segment /github/workspace/mnt/ozone/hadoop-ozone/integration-test/target/test-dir/MiniOzoneClusterImpl-105acb31-bc6b-42ec-a3ae-9abe6af9d89b/datanode-1/data/ratis/009ad7fa-f134-4260-93ff-2f950a47ded3/current/log_inprogress_0
2020-09-02 14:44:22,035 [4337a697-5889-4954-b149-eab901c85e51@group-2F950A47DED3-LeaderElection2] INFO  impl.RaftServerImpl (ServerState.java:setRaftConf(356)) - 4337a697-5889-4954-b149-eab901c85e51@group-2F950A47DED3: set configuration 0: [4337a697-5889-4954-b149-eab901c85e51:172.17.0.2:33515], old=null at 0
2020-09-02 14:44:22,205 [Thread-202] INFO  impl.FollowerState (FollowerState.java:run(108)) - 8ecf1378-8a99-44ac-adf4-e550e77c9ac9@group-7BA954E3F49A-FollowerState: change to CANDIDATE, lastRpcTime:5096ms, electionTimeout:5062ms
2020-09-02 14:44:22,205 [Thread-202] INFO  impl.RoleInfo (RoleInfo.java:shutdownFollowerState(121)) - 8ecf1378-8a99-44ac-adf4-e550e77c9ac9: shutdown FollowerState
2020-09-02 14:44:22,205 [Thread-202] INFO  impl.RaftServerImpl (RaftServerImpl.java:setRole(185)) - 8ecf1378-8a99-44ac-adf4-e550e77c9ac9@group-7BA954E3F49A: changes role from  FOLLOWER to CANDIDATE at term 0 for changeToCandidate
2020-09-02 14:44:22,205 [Thread-202] INFO  impl.RoleInfo (RoleInfo.java:updateAndGet(143)) - 8ecf1378-8a99-44ac-adf4-e550e77c9ac9: start LeaderElection
2020-09-02 14:44:22,206 [Thread-199] INFO  impl.FollowerState (FollowerState.java:run(108)) - 4337a697-5889-4954-b149-eab901c85e51@group-3955F27D7D38-FollowerState: change to CANDIDATE, lastRpcTime:5211ms, electionTimeout:5153ms
2020-09-02 14:44:22,206 [Thread-199] INFO  impl.RoleInfo (RoleInfo.java:shutdownFollowerState(121)) - 4337a697-5889-4954-b149-eab901c85e51: shutdown FollowerState
2020-09-02 14:44:22,206 [Thread-199] INFO  impl.RaftServerImpl (RaftServerImpl.java:setRole(185)) - 4337a697-5889-4954-b149-eab901c85e51@group-3955F27D7D38: changes role from  FOLLOWER to CANDIDATE at term 0 for changeToCandidate
2020-09-02 14:44:22,206 [Thread-199] INFO  impl.RoleInfo (RoleInfo.java:updateAndGet(143)) - 4337a697-5889-4954-b149-eab901c85e51: start LeaderElection
2020-09-02 14:44:22,209 [Listener at 127.0.0.1/38643] INFO  ozone.MiniOzoneClusterImpl (MiniOzoneClusterImpl.java:lambda$waitForClusterToBeReady$0(177)) - Nodes are ready. Got 3 of 3 DN Heartbeats.
2020-09-02 14:44:22,209 [Listener at 127.0.0.1/38643] INFO  ozone.MiniOzoneClusterImpl (MiniOzoneClusterImpl.java:lambda$waitForClusterToBeReady$0(180)) - Waiting for cluster to exit safe mode
2020-09-02 14:44:22,216 [grpc-default-executor-1] INFO  impl.RaftServerImpl (RaftServerImpl.java:setRole(185)) - 8ecf1378-8a99-44ac-adf4-e550e77c9ac9@group-3955F27D7D38: changes role from  FOLLOWER to FOLLOWER at term 1 for recognizeCandidate:5fa49f45-b68c-48b5-8544-96c6cbc5600b
2020-09-02 14:44:22,216 [grpc-default-executor-1] INFO  impl.RoleInfo (RoleInfo.java:shutdownFollowerState(121)) - 8ecf1378-8a99-44ac-adf4-e550e77c9ac9: shutdown FollowerState
2020-09-02 14:44:22,216 [grpc-default-executor-1] INFO  impl.RoleInfo (RoleInfo.java:updateAndGet(143)) - 8ecf1378-8a99-44ac-adf4-e550e77c9ac9: start FollowerState
2020-09-02 14:44:22,216 [Thread-204] INFO  impl.FollowerState (FollowerState.java:run(117)) - 8ecf1378-8a99-44ac-adf4-e550e77c9ac9@group-3955F27D7D38-FollowerState was interrupted: java.lang.InterruptedException: sleep interrupted
2020-09-02 14:44:22,232 [8ecf1378-8a99-44ac-adf4-e550e77c9ac9@group-7BA954E3F49A-LeaderElection4] INFO  impl.LeaderElection (LeaderElection.java:askForVotes(209)) - 8ecf1378-8a99-44ac-adf4-e550e77c9ac9@group-7BA954E3F49A-LeaderElection4: begin an election at term 1 for -1: [8ecf1378-8a99-44ac-adf4-e550e77c9ac9:172.17.0.2:44101], old=null
2020-09-02 14:44:22,233 [8ecf1378-8a99-44ac-adf4-e550e77c9ac9@group-7BA954E3F49A-LeaderElection4] INFO  impl.RoleInfo (RoleInfo.java:shutdownLeaderElection(134)) - 8ecf1378-8a99-44ac-adf4-e550e77c9ac9: shutdown LeaderElection
2020-09-02 14:44:22,233 [8ecf1378-8a99-44ac-adf4-e550e77c9ac9@group-7BA954E3F49A-LeaderElection4] INFO  impl.RaftServerImpl (RaftServerImpl.java:setRole(185)) - 8ecf1378-8a99-44ac-adf4-e550e77c9ac9@group-7BA954E3F49A: changes role from CANDIDATE to LEADER at term 1 for changeToLeader
2020-09-02 14:44:22,233 [8ecf1378-8a99-44ac-adf4-e550e77c9ac9@group-7BA954E3F49A-LeaderElection4] INFO  ratis.XceiverServerRatis (XceiverServerRatis.java:handleLeaderChangedNotification(822)) - Leader change notification received for group: group-7BA954E3F49A with new leaderId: 8ecf1378-8a99-44ac-adf4-e550e77c9ac9
2020-09-02 14:44:22,233 [8ecf1378-8a99-44ac-adf4-e550e77c9ac9@group-7BA954E3F49A-LeaderElection4] INFO  impl.RaftServerImpl (ServerState.java:setLeader(255)) - 8ecf1378-8a99-44ac-adf4-e550e77c9ac9@group-7BA954E3F49A: change Leader from null to 8ecf1378-8a99-44ac-adf4-e550e77c9ac9 at term 1 for becomeLeader, leader elected after 5132ms
2020-09-02 14:44:22,233 [Datanode State Machine Thread - 0] WARN  statemachine.DatanodeStateMachine (DatanodeStateMachine.java:start(245)) - Interrupt the execution.
java.lang.InterruptedException: sleep interrupted
	at java.lang.Thread.sleep(Native Method)
	at org.apache.hadoop.ozone.container.common.statemachine.DatanodeStateMachine.start(DatanodeStateMachine.java:243)
	at org.apache.hadoop.ozone.container.common.statemachine.DatanodeStateMachine.lambda$startDaemon$0(DatanodeStateMachine.java:405)
	at java.lang.Thread.run(Thread.java:748)
2020-09-02 14:44:22,234 [8ecf1378-8a99-44ac-adf4-e550e77c9ac9@group-7BA954E3F49A-LeaderElection4] INFO  server.RaftServerConfigKeys (ConfUtils.java:logGet(44)) - raft.server.staging.catchup.gap = 1000 (default)
2020-09-02 14:44:22,236 [8ecf1378-8a99-44ac-adf4-e550e77c9ac9@group-7BA954E3F49A-LeaderElection4] INFO  server.RaftServerConfigKeys (ConfUtils.java:logGet(44)) - raft.server.rpc.sleep.time = 25ms (default)
2020-09-02 14:44:22,237 [8ecf1378-8a99-44ac-adf4-e550e77c9ac9@group-7BA954E3F49A-LeaderElection4] INFO  metrics.RatisMetrics (RatisMetrics.java:lambda$create$0(36)) - Creating Metrics Registry : ratis.log_appender.8ecf1378-8a99-44ac-adf4-e550e77c9ac9@group-7BA954E3F49A
2020-09-02 14:44:22,238 [8ecf1378-8a99-44ac-adf4-e550e77c9ac9@group-7BA954E3F49A-LeaderElection4] INFO  server.RaftServerConfigKeys (ConfUtils.java:logGet(44)) - raft.server.write.element-limit = 1024 (custom)
2020-09-02 14:44:22,238 [8ecf1378-8a99-44ac-adf4-e550e77c9ac9@group-7BA954E3F49A-LeaderElection4] INFO  server.RaftServerConfigKeys (ConfUtils.java:logGet(44)) - raft.server.write.byte-limit = 1073741824 (custom)
2020-09-02 14:44:22,239 [8ecf1378-8a99-44ac-adf4-e550e77c9ac9@group-7BA954E3F49A-LeaderElection4] INFO  server.RaftServerConfigKeys (ConfUtils.java:logGet(44)) - raft.server.watch.timeout = 3000ms (custom)
2020-09-02 14:44:22,240 [8ecf1378-8a99-44ac-adf4-e550e77c9ac9@group-7BA954E3F49A-LeaderElection4] INFO  server.RaftServerConfigKeys (ConfUtils.java:logGet(44)) - raft.server.watch.timeout.denomination = 1s (default)
2020-09-02 14:44:22,240 [8ecf1378-8a99-44ac-adf4-e550e77c9ac9@group-7BA954E3F49A-LeaderElection4] INFO  server.RaftServerConfigKeys (ConfUtils.java:logGet(44)) - raft.server.watch.element-limit = 65536 (default)
2020-09-02 14:44:22,240 [8ecf1378-8a99-44ac-adf4-e550e77c9ac9@group-7BA954E3F49A-LeaderElection4] INFO  impl.RoleInfo (RoleInfo.java:updateAndGet(143)) - 8ecf1378-8a99-44ac-adf4-e550e77c9ac9: start LeaderState
2020-09-02 14:44:22,241 [8ecf1378-8a99-44ac-adf4-e550e77c9ac9@group-7BA954E3F49A-LeaderElection4] INFO  segmented.SegmentedRaftLogWorker (SegmentedRaftLogWorker.java:startLogSegment(397)) - 8ecf1378-8a99-44ac-adf4-e550e77c9ac9@group-7BA954E3F49A-SegmentedRaftLogWorker: Starting segment from index:0
2020-09-02 14:44:22,241 [4337a697-5889-4954-b149-eab901c85e51@group-3955F27D7D38-LeaderElection5] INFO  impl.LeaderElection (LeaderElection.java:askForVotes(209)) - 4337a697-5889-4954-b149-eab901c85e51@group-3955F27D7D38-LeaderElection5: begin an election at term 1 for -1: [5fa49f45-b68c-48b5-8544-96c6cbc5600b:172.17.0.2:39297, 8ecf1378-8a99-44ac-adf4-e550e77c9ac9:172.17.0.2:44101, 4337a697-5889-4954-b149-eab901c85e51:172.17.0.2:33515], old=null
2020-09-02 14:44:22,242 [8ecf1378-8a99-44ac-adf4-e550e77c9ac9@group-7BA954E3F49A-SegmentedRaftLogWorker] INFO  segmented.SegmentedRaftLogWorker (SegmentedRaftLogWorker.java:execute(596)) - 8ecf1378-8a99-44ac-adf4-e550e77c9ac9@group-7BA954E3F49A-SegmentedRaftLogWorker: created new log segment /github/workspace/mnt/ozone/hadoop-ozone/integration-test/target/test-dir/MiniOzoneClusterImpl-105acb31-bc6b-42ec-a3ae-9abe6af9d89b/datanode-2/data/ratis/c1ea5e9c-da04-4d84-8d87-7ba954e3f49a/current/log_inprogress_0
2020-09-02 14:44:22,257 [8ecf1378-8a99-44ac-adf4-e550e77c9ac9@group-7BA954E3F49A-LeaderElection4] INFO  impl.RaftServerImpl (ServerState.java:setRaftConf(356)) - 8ecf1378-8a99-44ac-adf4-e550e77c9ac9@group-7BA954E3F49A: set configuration 0: [8ecf1378-8a99-44ac-adf4-e550e77c9ac9:172.17.0.2:44101], old=null at 0
2020-09-02 14:44:22,270 [5fa49f45-b68c-48b5-8544-96c6cbc5600b@group-3955F27D7D38-LeaderElection3] INFO  impl.LeaderElection (LeaderElection.java:logAndReturn(61)) - 5fa49f45-b68c-48b5-8544-96c6cbc5600b@group-3955F27D7D38-LeaderElection3: Election PASSED; received 1 response(s) [5fa49f45-b68c-48b5-8544-96c6cbc5600b<-8ecf1378-8a99-44ac-adf4-e550e77c9ac9#0:OK-t1] and 0 exception(s); 5fa49f45-b68c-48b5-8544-96c6cbc5600b@group-3955F27D7D38:t1, leader=null, voted=5fa49f45-b68c-48b5-8544-96c6cbc5600b, raftlog=5fa49f45-b68c-48b5-8544-96c6cbc5600b@group-3955F27D7D38-SegmentedRaftLog:OPENED:c-1,f-1,i0, conf=-1: [5fa49f45-b68c-48b5-8544-96c6cbc5600b:172.17.0.2:39297, 8ecf1378-8a99-44ac-adf4-e550e77c9ac9:172.17.0.2:44101, 4337a697-5889-4954-b149-eab901c85e51:172.17.0.2:33515], old=null
2020-09-02 14:44:22,270 [5fa49f45-b68c-48b5-8544-96c6cbc5600b@group-3955F27D7D38-LeaderElection3] INFO  impl.RoleInfo (RoleInfo.java:shutdownLeaderElection(134)) - 5fa49f45-b68c-48b5-8544-96c6cbc5600b: shutdown LeaderElection
2020-09-02 14:44:22,270 [5fa49f45-b68c-48b5-8544-96c6cbc5600b@group-3955F27D7D38-LeaderElection3] INFO  impl.RaftServerImpl (RaftServerImpl.java:setRole(185)) - 5fa49f45-b68c-48b5-8544-96c6cbc5600b@group-3955F27D7D38: changes role from CANDIDATE to LEADER at term 1 for changeToLeader
2020-09-02 14:44:22,270 [5fa49f45-b68c-48b5-8544-96c6cbc5600b@group-3955F27D7D38-LeaderElection3] INFO  ratis.XceiverServerRatis (XceiverServerRatis.java:handleLeaderChangedNotification(822)) - Leader change notification received for group: group-3955F27D7D38 with new leaderId: 5fa49f45-b68c-48b5-8544-96c6cbc5600b
2020-09-02 14:44:22,271 [5fa49f45-b68c-48b5-8544-96c6cbc5600b@group-3955F27D7D38-LeaderElection3] INFO  impl.RaftServerImpl (ServerState.java:setLeader(255)) - 5fa49f45-b68c-48b5-8544-96c6cbc5600b@group-3955F27D7D38: change Leader from null to 5fa49f45-b68c-48b5-8544-96c6cbc5600b at term 1 for becomeLeader, leader elected after 5436ms
2020-09-02 14:44:22,271 [5fa49f45-b68c-48b5-8544-96c6cbc5600b@group-3955F27D7D38-LeaderElection3] INFO  server.RaftServerConfigKeys (ConfUtils.java:logGet(44)) - raft.server.staging.catchup.gap = 1000 (default)
2020-09-02 14:44:22,271 [5fa49f45-b68c-48b5-8544-96c6cbc5600b@group-3955F27D7D38-LeaderElection3] INFO  server.RaftServerConfigKeys (ConfUtils.java:logGet(44)) - raft.server.rpc.sleep.time = 25ms (default)
2020-09-02 14:44:22,271 [5fa49f45-b68c-48b5-8544-96c6cbc5600b@group-3955F27D7D38-LeaderElection3] INFO  metrics.RatisMetrics (RatisMetrics.java:lambda$create$0(36)) - Creating Metrics Registry : ratis.log_appender.5fa49f45-b68c-48b5-8544-96c6cbc5600b@group-3955F27D7D38
2020-09-02 14:44:22,271 [5fa49f45-b68c-48b5-8544-96c6cbc5600b@group-3955F27D7D38-LeaderElection3] INFO  server.RaftServerConfigKeys (ConfUtils.java:logGet(44)) - raft.server.write.element-limit = 1024 (custom)
2020-09-02 14:44:22,271 [5fa49f45-b68c-48b5-8544-96c6cbc5600b@group-3955F27D7D38-LeaderElection3] INFO  server.RaftServerConfigKeys (ConfUtils.java:logGet(44)) - raft.server.write.byte-limit = 1073741824 (custom)
2020-09-02 14:44:22,271 [5fa49f45-b68c-48b5-8544-96c6cbc5600b@group-3955F27D7D38-LeaderElection3] INFO  server.RaftServerConfigKeys (ConfUtils.java:logGet(44)) - raft.server.watch.timeout = 3000ms (custom)
2020-09-02 14:44:22,271 [5fa49f45-b68c-48b5-8544-96c6cbc5600b@group-3955F27D7D38-LeaderElection3] INFO  server.RaftServerConfigKeys (ConfUtils.java:logGet(44)) - raft.server.watch.timeout.denomination = 1s (default)
2020-09-02 14:44:22,271 [5fa49f45-b68c-48b5-8544-96c6cbc5600b@group-3955F27D7D38-LeaderElection3] INFO  server.RaftServerConfigKeys (ConfUtils.java:logGet(44)) - raft.server.watch.element-limit = 65536 (default)
2020-09-02 14:44:22,273 [Datanode State Machine Thread - 0] WARN  statemachine.DatanodeStateMachine (DatanodeStateMachine.java:start(245)) - Interrupt the execution.
java.lang.InterruptedException: sleep interrupted
	at java.lang.Thread.sleep(Native Method)
	at org.apache.hadoop.ozone.container.common.statemachine.DatanodeStateMachine.start(DatanodeStateMachine.java:243)
	at org.apache.hadoop.ozone.container.common.statemachine.DatanodeStateMachine.lambda$startDaemon$0(DatanodeStateMachine.java:405)
	at java.lang.Thread.run(Thread.java:748)
2020-09-02 14:44:22,282 [EventQueue-PipelineReportForPipelineReportHandler] INFO  pipeline.PipelineStateManager (PipelineStateManager.java:openPipeline(131)) - Pipeline Pipeline[ Id: f22a3dfb-37d6-4071-86a1-3955f27d7d38, Nodes: 8ecf1378-8a99-44ac-adf4-e550e77c9ac9{ip: 172.17.0.2, host: 5b6fc57d11f3, networkLocation: /default-rack, certSerialId: null}5fa49f45-b68c-48b5-8544-96c6cbc5600b{ip: 172.17.0.2, host: 5b6fc57d11f3, networkLocation: /default-rack, certSerialId: null}4337a697-5889-4954-b149-eab901c85e51{ip: 172.17.0.2, host: 5b6fc57d11f3, networkLocation: /default-rack, certSerialId: null}, Type:RATIS, Factor:THREE, State:ALLOCATED, leaderId:5fa49f45-b68c-48b5-8544-96c6cbc5600b, CreationTimestamp2020-09-02T14:44:14.087Z] moved to OPEN state
2020-09-02 14:44:22,282 [EventQueue-OpenPipelineForHealthyPipelineSafeModeRule] INFO  safemode.SCMSafeModeManager (HealthyPipelineSafeModeRule.java:process(129)) - SCM in safe mode. Healthy pipelines reported count is 1, required healthy pipeline reported count is 1
2020-09-02 14:44:22,282 [EventQueue-OpenPipelineForHealthyPipelineSafeModeRule] INFO  safemode.SCMSafeModeManager (SCMSafeModeManager.java:validateSafeModeExitRules(214)) - HealthyPipelineSafeModeRule rule is successfully validated
2020-09-02 14:44:22,283 [EventQueue-OpenPipelineForHealthyPipelineSafeModeRule] INFO  safemode.SCMSafeModeManager (SCMSafeModeManager.java:validateSafeModeExitRules(228)) - ScmSafeModeManager, all rules are successfully validated
2020-09-02 14:44:22,283 [EventQueue-OpenPipelineForHealthyPipelineSafeModeRule] INFO  safemode.SCMSafeModeManager (SCMSafeModeManager.java:exitSafeMode(257)) - SCM exiting safe mode.
2020-09-02 14:44:22,283 [5fa49f45-b68c-48b5-8544-96c6cbc5600b@group-3955F27D7D38-LeaderElection3] INFO  server.RaftServerConfigKeys (ConfUtils.java:logGet(44)) - raft.server.log.appender.snapshot.chunk.size.max = 16MB (=16777216) (default)
2020-09-02 14:44:22,286 [5fa49f45-b68c-48b5-8544-96c6cbc5600b@group-3955F27D7D38-LeaderElection3] INFO  server.RaftServerConfigKeys (ConfUtils.java:logGet(44)) - raft.server.log.appender.buffer.byte-limit = 33554432 (custom)
2020-09-02 14:44:22,287 [5fa49f45-b68c-48b5-8544-96c6cbc5600b@group-3955F27D7D38-LeaderElection3] INFO  server.RaftServerConfigKeys (ConfUtils.java:logGet(44)) - raft.server.log.appender.buffer.element-limit = 1 (custom)
2020-09-02 14:44:22,290 [5fa49f45-b68c-48b5-8544-96c6cbc5600b@group-3955F27D7D38-LeaderElection3] INFO  grpc.GrpcConfigKeys (ConfUtils.java:logGet(44)) - raft.grpc.server.leader.outstanding.appends.max = 128 (default)
2020-09-02 14:44:22,293 [5fa49f45-b68c-48b5-8544-96c6cbc5600b@group-3955F27D7D38-LeaderElection3] INFO  server.RaftServerConfigKeys (ConfUtils.java:logGet(44)) - raft.server.rpc.request.timeout = 3000ms (default)
2020-09-02 14:44:22,293 [5fa49f45-b68c-48b5-8544-96c6cbc5600b@group-3955F27D7D38-LeaderElection3] INFO  server.RaftServerConfigKeys (ConfUtils.java:logGet(44)) - raft.server.log.appender.install.snapshot.enabled = false (custom)
2020-09-02 14:44:22,294 [5fa49f45-b68c-48b5-8544-96c6cbc5600b@group-3955F27D7D38-LeaderElection3] INFO  metrics.RatisMetrics (RatisMetrics.java:lambda$create$0(36)) - Creating Metrics Registry : ratis_grpc.log_appender.5fa49f45-b68c-48b5-8544-96c6cbc5600b@group-3955F27D7D38
2020-09-02 14:44:22,299 [5fa49f45-b68c-48b5-8544-96c6cbc5600b@group-3955F27D7D38-LeaderElection3] INFO  server.RaftServerConfigKeys (ConfUtils.java:logGet(44)) - raft.server.log.appender.snapshot.chunk.size.max = 16MB (=16777216) (default)
2020-09-02 14:44:22,299 [5fa49f45-b68c-48b5-8544-96c6cbc5600b@group-3955F27D7D38-LeaderElection3] INFO  server.RaftServerConfigKeys (ConfUtils.java:logGet(44)) - raft.server.log.appender.buffer.byte-limit = 33554432 (custom)
2020-09-02 14:44:22,300 [5fa49f45-b68c-48b5-8544-96c6cbc5600b@group-3955F27D7D38-LeaderElection3] INFO  server.RaftServerConfigKeys (ConfUtils.java:logGet(44)) - raft.server.log.appender.buffer.element-limit = 1 (custom)
2020-09-02 14:44:22,300 [5fa49f45-b68c-48b5-8544-96c6cbc5600b@group-3955F27D7D38-LeaderElection3] INFO  grpc.GrpcConfigKeys (ConfUtils.java:logGet(44)) - raft.grpc.server.leader.outstanding.appends.max = 128 (default)
2020-09-02 14:44:22,300 [5fa49f45-b68c-48b5-8544-96c6cbc5600b@group-3955F27D7D38-LeaderElection3] INFO  server.RaftServerConfigKeys (ConfUtils.java:logGet(44)) - raft.server.rpc.request.timeout = 3000ms (default)
2020-09-02 14:44:22,300 [5fa49f45-b68c-48b5-8544-96c6cbc5600b@group-3955F27D7D38-LeaderElection3] INFO  server.RaftServerConfigKeys (ConfUtils.java:logGet(44)) - raft.server.log.appender.install.snapshot.enabled = false (custom)
2020-09-02 14:44:22,302 [5fa49f45-b68c-48b5-8544-96c6cbc5600b@group-3955F27D7D38-LeaderElection3] INFO  impl.RoleInfo (RoleInfo.java:updateAndGet(143)) - 5fa49f45-b68c-48b5-8544-96c6cbc5600b: start LeaderState
2020-09-02 14:44:22,302 [5fa49f45-b68c-48b5-8544-96c6cbc5600b@group-3955F27D7D38-LeaderElection3] INFO  segmented.SegmentedRaftLogWorker (SegmentedRaftLogWorker.java:startLogSegment(397)) - 5fa49f45-b68c-48b5-8544-96c6cbc5600b@group-3955F27D7D38-SegmentedRaftLogWorker: Starting segment from index:0
2020-09-02 14:44:22,304 [5fa49f45-b68c-48b5-8544-96c6cbc5600b@group-3955F27D7D38-LeaderElection3] INFO  impl.RaftServerImpl (ServerState.java:setRaftConf(356)) - 5fa49f45-b68c-48b5-8544-96c6cbc5600b@group-3955F27D7D38: set configuration 0: [5fa49f45-b68c-48b5-8544-96c6cbc5600b:172.17.0.2:39297, 8ecf1378-8a99-44ac-adf4-e550e77c9ac9:172.17.0.2:44101, 4337a697-5889-4954-b149-eab901c85e51:172.17.0.2:33515], old=null at 0
2020-09-02 14:44:22,305 [grpc-default-executor-1] INFO  impl.RaftServerImpl (RaftServerImpl.java:requestVote(843)) - 5fa49f45-b68c-48b5-8544-96c6cbc5600b@group-3955F27D7D38-   LEADER: Withhold vote from candidate 4337a697-5889-4954-b149-eab901c85e51 with term 1. State: leader=5fa49f45-b68c-48b5-8544-96c6cbc5600b, term=1, lastRpcElapsed=null
2020-09-02 14:44:22,305 [5fa49f45-b68c-48b5-8544-96c6cbc5600b@group-3955F27D7D38-SegmentedRaftLogWorker] INFO  segmented.SegmentedRaftLogWorker (SegmentedRaftLogWorker.java:execute(596)) - 5fa49f45-b68c-48b5-8544-96c6cbc5600b@group-3955F27D7D38-SegmentedRaftLogWorker: created new log segment /github/workspace/mnt/ozone/hadoop-ozone/integration-test/target/test-dir/MiniOzoneClusterImpl-105acb31-bc6b-42ec-a3ae-9abe6af9d89b/datanode-0/data/ratis/f22a3dfb-37d6-4071-86a1-3955f27d7d38/current/log_inprogress_0
2020-09-02 14:44:22,318 [4337a697-5889-4954-b149-eab901c85e51@group-3955F27D7D38-LeaderElection5] INFO  impl.LeaderElection (LeaderElection.java:logAndReturn(61)) - 4337a697-5889-4954-b149-eab901c85e51@group-3955F27D7D38-LeaderElection5: Election REJECTED; received 2 response(s) [4337a697-5889-4954-b149-eab901c85e51<-5fa49f45-b68c-48b5-8544-96c6cbc5600b#0:FAIL-t1, 4337a697-5889-4954-b149-eab901c85e51<-8ecf1378-8a99-44ac-adf4-e550e77c9ac9#0:FAIL-t1] and 0 exception(s); 4337a697-5889-4954-b149-eab901c85e51@group-3955F27D7D38:t1, leader=null, voted=4337a697-5889-4954-b149-eab901c85e51, raftlog=4337a697-5889-4954-b149-eab901c85e51@group-3955F27D7D38-SegmentedRaftLog:OPENED:c-1,f-1,i0, conf=-1: [5fa49f45-b68c-48b5-8544-96c6cbc5600b:172.17.0.2:39297, 8ecf1378-8a99-44ac-adf4-e550e77c9ac9:172.17.0.2:44101, 4337a697-5889-4954-b149-eab901c85e51:172.17.0.2:33515], old=null
2020-09-02 14:44:22,318 [4337a697-5889-4954-b149-eab901c85e51@group-3955F27D7D38-LeaderElection5] INFO  impl.RaftServerImpl (RaftServerImpl.java:setRole(185)) - 4337a697-5889-4954-b149-eab901c85e51@group-3955F27D7D38: changes role from CANDIDATE to FOLLOWER at term 1 for DISCOVERED_A_NEW_TERM
2020-09-02 14:44:22,318 [4337a697-5889-4954-b149-eab901c85e51@group-3955F27D7D38-LeaderElection5] INFO  impl.RoleInfo (RoleInfo.java:shutdownLeaderElection(134)) - 4337a697-5889-4954-b149-eab901c85e51: shutdown LeaderElection
2020-09-02 14:44:22,318 [4337a697-5889-4954-b149-eab901c85e51@group-3955F27D7D38-LeaderElection5] INFO  impl.RoleInfo (RoleInfo.java:updateAndGet(143)) - 4337a697-5889-4954-b149-eab901c85e51: start FollowerState
2020-09-02 14:44:22,332 [grpc-default-executor-1] INFO  ratis.XceiverServerRatis (XceiverServerRatis.java:handleLeaderChangedNotification(822)) - Leader change notification received for group: group-3955F27D7D38 with new leaderId: 5fa49f45-b68c-48b5-8544-96c6cbc5600b
2020-09-02 14:44:22,334 [grpc-default-executor-1] INFO  impl.RaftServerImpl (ServerState.java:setLeader(255)) - 8ecf1378-8a99-44ac-adf4-e550e77c9ac9@group-3955F27D7D38: change Leader from null to 5fa49f45-b68c-48b5-8544-96c6cbc5600b at term 1 for appendEntries, leader elected after 5217ms
2020-09-02 14:44:22,332 [grpc-default-executor-2] INFO  ratis.XceiverServerRatis (XceiverServerRatis.java:handleLeaderChangedNotification(822)) - Leader change notification received for group: group-3955F27D7D38 with new leaderId: 5fa49f45-b68c-48b5-8544-96c6cbc5600b
2020-09-02 14:44:22,335 [grpc-default-executor-2] INFO  impl.RaftServerImpl (ServerState.java:setLeader(255)) - 4337a697-5889-4954-b149-eab901c85e51@group-3955F27D7D38: change Leader from null to 5fa49f45-b68c-48b5-8544-96c6cbc5600b at term 1 for appendEntries, leader elected after 5355ms
2020-09-02 14:44:22,345 [grpc-default-executor-2] INFO  impl.RaftServerImpl (ServerState.java:setRaftConf(356)) - 4337a697-5889-4954-b149-eab901c85e51@group-3955F27D7D38: set configuration 0: [5fa49f45-b68c-48b5-8544-96c6cbc5600b:172.17.0.2:39297, 8ecf1378-8a99-44ac-adf4-e550e77c9ac9:172.17.0.2:44101, 4337a697-5889-4954-b149-eab901c85e51:172.17.0.2:33515], old=null at 0
2020-09-02 14:44:22,346 [grpc-default-executor-2] INFO  segmented.SegmentedRaftLogWorker (SegmentedRaftLogWorker.java:startLogSegment(397)) - 4337a697-5889-4954-b149-eab901c85e51@group-3955F27D7D38-SegmentedRaftLogWorker: Starting segment from index:0
2020-09-02 14:44:22,346 [grpc-default-executor-1] INFO  impl.RaftServerImpl (ServerState.java:setRaftConf(356)) - 8ecf1378-8a99-44ac-adf4-e550e77c9ac9@group-3955F27D7D38: set configuration 0: [5fa49f45-b68c-48b5-8544-96c6cbc5600b:172.17.0.2:39297, 8ecf1378-8a99-44ac-adf4-e550e77c9ac9:172.17.0.2:44101, 4337a697-5889-4954-b149-eab901c85e51:172.17.0.2:33515], old=null at 0
2020-09-02 14:44:22,346 [grpc-default-executor-1] INFO  segmented.SegmentedRaftLogWorker (SegmentedRaftLogWorker.java:startLogSegment(397)) - 8ecf1378-8a99-44ac-adf4-e550e77c9ac9@group-3955F27D7D38-SegmentedRaftLogWorker: Starting segment from index:0
2020-09-02 14:44:22,349 [8ecf1378-8a99-44ac-adf4-e550e77c9ac9@group-3955F27D7D38-SegmentedRaftLogWorker] INFO  segmented.SegmentedRaftLogWorker (SegmentedRaftLogWorker.java:execute(596)) - 8ecf1378-8a99-44ac-adf4-e550e77c9ac9@group-3955F27D7D38-SegmentedRaftLogWorker: created new log segment /github/workspace/mnt/ozone/hadoop-ozone/integration-test/target/test-dir/MiniOzoneClusterImpl-105acb31-bc6b-42ec-a3ae-9abe6af9d89b/datanode-2/data/ratis/f22a3dfb-37d6-4071-86a1-3955f27d7d38/current/log_inprogress_0
2020-09-02 14:44:22,350 [4337a697-5889-4954-b149-eab901c85e51@group-3955F27D7D38-SegmentedRaftLogWorker] INFO  segmented.SegmentedRaftLogWorker (SegmentedRaftLogWorker.java:execute(596)) - 4337a697-5889-4954-b149-eab901c85e51@group-3955F27D7D38-SegmentedRaftLogWorker: created new log segment /github/workspace/mnt/ozone/hadoop-ozone/integration-test/target/test-dir/MiniOzoneClusterImpl-105acb31-bc6b-42ec-a3ae-9abe6af9d89b/datanode-1/data/ratis/f22a3dfb-37d6-4071-86a1-3955f27d7d38/current/log_inprogress_0
2020-09-02 14:44:23,209 [Listener at 127.0.0.1/38643] INFO  ozone.MiniOzoneClusterImpl (MiniOzoneClusterImpl.java:lambda$waitForClusterToBeReady$0(177)) - Nodes are ready. Got 3 of 3 DN Heartbeats.
2020-09-02 14:44:23,209 [Listener at 127.0.0.1/38643] INFO  ozone.MiniOzoneClusterImpl (MiniOzoneClusterImpl.java:lambda$waitForClusterToBeReady$0(180)) - Cluster exits safe mode
2020-09-02 14:44:23,657 [Listener at 127.0.0.1/38643] INFO  rpc.RpcClient (RpcClient.java:createVolume(315)) - Creating Volume: testcontainerstatemachinefailures, with jenkins1001 as owner.
2020-09-02 14:44:23,722 [IPC Server handler 2 on default port 38643] INFO  volume.OMVolumeCreateRequest (OMVolumeCreateRequest.java:validateAndUpdateCache(195)) - created volume:testcontainerstatemachinefailures for user:jenkins1001
2020-09-02 14:44:23,738 [Listener at 127.0.0.1/38643] INFO  rpc.RpcClient (RpcClient.java:createBucket(460)) - Creating Bucket: testcontainerstatemachinefailures/testcontainerstatemachinefailures, with Versioning false and Storage Type set to DISK and Encryption set to false 
2020-09-02 14:44:23,908 [Listener at 127.0.0.1/38643] INFO  impl.MetricsSystemImpl (MetricsSystemImpl.java:init(158)) - XceiverClientMetrics metrics system started (again)
2020-09-02 14:44:23,941 [Datanode State Machine Thread - 0] INFO  statemachine.DatanodeStateMachine (DatanodeStateMachine.java:lambda$startDaemon$0(406)) - Ozone container server started.
2020-09-02 14:44:25,292 [EventQueue-Delayed safe mode statusForReplicationManager] INFO  container.ReplicationManager (ReplicationManager.java:start(177)) - Starting Replication Monitor Thread.
2020-09-02 14:44:25,298 [ReplicationMonitor] INFO  container.ReplicationManager (ReplicationManager.java:run(241)) - Replication Monitor Thread took 2 milliseconds for processing 1 containers.
2020-09-02 14:44:25,298 [EventQueue-CloseContainerForCloseContainerEventHandler] INFO  container.CloseContainerEventHandler (CloseContainerEventHandler.java:onMessage(61)) - Close container Event triggered for container : #1
2020-09-02 14:44:25,687 [Command processor thread] ERROR commandhandler.CloseContainerCommandHandler (CloseContainerCommandHandler.java:handle(85)) - Container #1 does not exist in datanode. Container close failed.
2020-09-02 14:44:25,711 [Command processor thread] ERROR commandhandler.CloseContainerCommandHandler (CloseContainerCommandHandler.java:handle(85)) - Container #1 does not exist in datanode. Container close failed.
2020-09-02 14:44:28,925 [Listener at 127.0.0.1/38643] INFO  ozoneimpl.OzoneContainer (OzoneContainer.java:stop(259)) - Attempting to stop container services.
2020-09-02 14:44:28,926 [Listener at 127.0.0.1/38643] INFO  impl.RaftServerProxy (RaftServerProxy.java:lambda$close$4(319)) - 8ecf1378-8a99-44ac-adf4-e550e77c9ac9: close
2020-09-02 14:44:28,927 [Listener at 127.0.0.1/38643] INFO  impl.RaftServerImpl (RaftServerImpl.java:lambda$shutdown$3(263)) - 8ecf1378-8a99-44ac-adf4-e550e77c9ac9@group-7BA954E3F49A: shutdown
2020-09-02 14:44:28,928 [Listener at 127.0.0.1/38643] INFO  util.JmxRegister (JmxRegister.java:unregister(73)) - Successfully un-registered JMX Bean with object name Ratis:service=RaftServer,group=group-7BA954E3F49A,id=8ecf1378-8a99-44ac-adf4-e550e77c9ac9
2020-09-02 14:44:28,928 [Listener at 127.0.0.1/38643] INFO  impl.RoleInfo (RoleInfo.java:shutdownLeaderState(104)) - 8ecf1378-8a99-44ac-adf4-e550e77c9ac9: shutdown LeaderState
2020-09-02 14:44:28,928 [Listener at 127.0.0.1/38643] INFO  impl.PendingRequests (PendingRequests.java:sendNotLeaderResponses(249)) - 8ecf1378-8a99-44ac-adf4-e550e77c9ac9@group-7BA954E3F49A-PendingRequests: sendNotLeaderResponses
2020-09-02 14:44:28,929 [Listener at 127.0.0.1/38643] INFO  metrics.RatisMetrics (RatisMetrics.java:unregister(43)) - Unregistering Metrics Registry : ratis.log_appender.8ecf1378-8a99-44ac-adf4-e550e77c9ac9@group-7BA954E3F49A
2020-09-02 14:44:28,930 [Listener at 127.0.0.1/38643] INFO  metrics.RatisMetrics (RatisMetrics.java:unregister(43)) - Unregistering Metrics Registry : ratis.server.8ecf1378-8a99-44ac-adf4-e550e77c9ac9@group-7BA954E3F49A
2020-09-02 14:44:28,930 [Listener at 127.0.0.1/38643] INFO  impl.StateMachineUpdater (StateMachineUpdater.java:stopAndJoin(142)) - 8ecf1378-8a99-44ac-adf4-e550e77c9ac9@group-7BA954E3F49A-StateMachineUpdater: set stopIndex = 0
2020-09-02 14:44:28,931 [8ecf1378-8a99-44ac-adf4-e550e77c9ac9@group-7BA954E3F49A-StateMachineUpdater] INFO  ratis.ContainerStateMachine (ContainerStateMachine.java:takeSnapshot(293)) - group-7BA954E3F49A: Taking a snapshot at:(t:1, i:0) file /github/workspace/mnt/ozone/hadoop-ozone/integration-test/target/test-dir/MiniOzoneClusterImpl-105acb31-bc6b-42ec-a3ae-9abe6af9d89b/datanode-2/data/ratis/c1ea5e9c-da04-4d84-8d87-7ba954e3f49a/sm/snapshot.1_0
2020-09-02 14:44:29,014 [8ecf1378-8a99-44ac-adf4-e550e77c9ac9@group-7BA954E3F49A-StateMachineUpdater] INFO  ratis.ContainerStateMachine (ContainerStateMachine.java:takeSnapshot(304)) - group-7BA954E3F49A: Finished taking a snapshot at:(t:1, i:0) file:/github/workspace/mnt/ozone/hadoop-ozone/integration-test/target/test-dir/MiniOzoneClusterImpl-105acb31-bc6b-42ec-a3ae-9abe6af9d89b/datanode-2/data/ratis/c1ea5e9c-da04-4d84-8d87-7ba954e3f49a/sm/snapshot.1_0 time:83
2020-09-02 14:44:29,016 [8ecf1378-8a99-44ac-adf4-e550e77c9ac9@group-7BA954E3F49A-StateMachineUpdater] INFO  impl.StateMachineUpdater (StateMachineUpdater.java:takeSnapshot(277)) - 8ecf1378-8a99-44ac-adf4-e550e77c9ac9@group-7BA954E3F49A-StateMachineUpdater: Took a snapshot at index 0
2020-09-02 14:44:29,017 [8ecf1378-8a99-44ac-adf4-e550e77c9ac9@group-7BA954E3F49A-StateMachineUpdater] INFO  impl.StateMachineUpdater (StateMachineUpdater.java:lambda$new$0(87)) - 8ecf1378-8a99-44ac-adf4-e550e77c9ac9@group-7BA954E3F49A-StateMachineUpdater: snapshotIndex: updateIncreasingly -1 -> 0
2020-09-02 14:44:29,019 [8ecf1378-8a99-44ac-adf4-e550e77c9ac9@group-7BA954E3F49A-StateMachineUpdater] INFO  metrics.RatisMetrics (RatisMetrics.java:unregister(43)) - Unregistering Metrics Registry : ratis.state_machine.8ecf1378-8a99-44ac-adf4-e550e77c9ac9@group-7BA954E3F49A
2020-09-02 14:44:29,020 [Listener at 127.0.0.1/38643] INFO  impl.RaftServerImpl (ServerState.java:close(387)) - 8ecf1378-8a99-44ac-adf4-e550e77c9ac9@group-7BA954E3F49A: closes. applyIndex: 0
2020-09-02 14:44:29,022 [8ecf1378-8a99-44ac-adf4-e550e77c9ac9@group-7BA954E3F49A-SegmentedRaftLogWorker] INFO  segmented.SegmentedRaftLogWorker (SegmentedRaftLogWorker.java:run(327)) - 8ecf1378-8a99-44ac-adf4-e550e77c9ac9@group-7BA954E3F49A-SegmentedRaftLogWorker was interrupted, exiting. There are 0 tasks remaining in the queue.
2020-09-02 14:44:29,023 [Listener at 127.0.0.1/38643] INFO  segmented.SegmentedRaftLogWorker (SegmentedRaftLogWorker.java:close(234)) - 8ecf1378-8a99-44ac-adf4-e550e77c9ac9@group-7BA954E3F49A-SegmentedRaftLogWorker close()
2020-09-02 14:44:29,025 [Listener at 127.0.0.1/38643] INFO  metrics.RatisMetrics (RatisMetrics.java:unregister(43)) - Unregistering Metrics Registry : ratis.log_worker.8ecf1378-8a99-44ac-adf4-e550e77c9ac9@group-7BA954E3F49A
2020-09-02 14:44:29,025 [Listener at 127.0.0.1/38643] INFO  metrics.RatisMetrics (RatisMetrics.java:unregister(43)) - Unregistering Metrics Registry : ratis.leader_election.8ecf1378-8a99-44ac-adf4-e550e77c9ac9@group-7BA954E3F49A
2020-09-02 14:44:29,025 [Listener at 127.0.0.1/38643] INFO  metrics.RatisMetrics (RatisMetrics.java:unregister(43)) - Unregistering Metrics Registry : ratis.server.8ecf1378-8a99-44ac-adf4-e550e77c9ac9@group-7BA954E3F49A
2020-09-02 14:44:29,025 [Listener at 127.0.0.1/38643] INFO  impl.RaftServerImpl (RaftServerImpl.java:lambda$shutdown$3(263)) - 8ecf1378-8a99-44ac-adf4-e550e77c9ac9@group-3955F27D7D38: shutdown
2020-09-02 14:44:29,025 [Listener at 127.0.0.1/38643] INFO  util.JmxRegister (JmxRegister.java:unregister(73)) - Successfully un-registered JMX Bean with object name Ratis:service=RaftServer,group=group-3955F27D7D38,id=8ecf1378-8a99-44ac-adf4-e550e77c9ac9
2020-09-02 14:44:29,025 [Listener at 127.0.0.1/38643] INFO  impl.RoleInfo (RoleInfo.java:shutdownFollowerState(121)) - 8ecf1378-8a99-44ac-adf4-e550e77c9ac9: shutdown FollowerState
2020-09-02 14:44:29,026 [Thread-229] INFO  impl.FollowerState (FollowerState.java:run(117)) - 8ecf1378-8a99-44ac-adf4-e550e77c9ac9@group-3955F27D7D38-FollowerState was interrupted: java.lang.InterruptedException: sleep interrupted
2020-09-02 14:44:29,026 [Listener at 127.0.0.1/38643] INFO  impl.StateMachineUpdater (StateMachineUpdater.java:stopAndJoin(142)) - 8ecf1378-8a99-44ac-adf4-e550e77c9ac9@group-3955F27D7D38-StateMachineUpdater: set stopIndex = 0
2020-09-02 14:44:29,027 [8ecf1378-8a99-44ac-adf4-e550e77c9ac9@group-3955F27D7D38-StateMachineUpdater] INFO  ratis.ContainerStateMachine (ContainerStateMachine.java:takeSnapshot(293)) - group-3955F27D7D38: Taking a snapshot at:(t:1, i:0) file /github/workspace/mnt/ozone/hadoop-ozone/integration-test/target/test-dir/MiniOzoneClusterImpl-105acb31-bc6b-42ec-a3ae-9abe6af9d89b/datanode-2/data/ratis/f22a3dfb-37d6-4071-86a1-3955f27d7d38/sm/snapshot.1_0
2020-09-02 14:44:29,027 [8ecf1378-8a99-44ac-adf4-e550e77c9ac9@group-3955F27D7D38-StateMachineUpdater] INFO  ratis.ContainerStateMachine (ContainerStateMachine.java:takeSnapshot(304)) - group-3955F27D7D38: Finished taking a snapshot at:(t:1, i:0) file:/github/workspace/mnt/ozone/hadoop-ozone/integration-test/target/test-dir/MiniOzoneClusterImpl-105acb31-bc6b-42ec-a3ae-9abe6af9d89b/datanode-2/data/ratis/f22a3dfb-37d6-4071-86a1-3955f27d7d38/sm/snapshot.1_0 time:1
2020-09-02 14:44:29,028 [8ecf1378-8a99-44ac-adf4-e550e77c9ac9@group-3955F27D7D38-StateMachineUpdater] INFO  impl.StateMachineUpdater (StateMachineUpdater.java:takeSnapshot(277)) - 8ecf1378-8a99-44ac-adf4-e550e77c9ac9@group-3955F27D7D38-StateMachineUpdater: Took a snapshot at index 0
2020-09-02 14:44:29,028 [8ecf1378-8a99-44ac-adf4-e550e77c9ac9@group-3955F27D7D38-StateMachineUpdater] INFO  impl.StateMachineUpdater (StateMachineUpdater.java:lambda$new$0(87)) - 8ecf1378-8a99-44ac-adf4-e550e77c9ac9@group-3955F27D7D38-StateMachineUpdater: snapshotIndex: updateIncreasingly -1 -> 0
2020-09-02 14:44:29,028 [8ecf1378-8a99-44ac-adf4-e550e77c9ac9@group-3955F27D7D38-StateMachineUpdater] INFO  metrics.RatisMetrics (RatisMetrics.java:unregister(43)) - Unregistering Metrics Registry : ratis.state_machine.8ecf1378-8a99-44ac-adf4-e550e77c9ac9@group-3955F27D7D38
2020-09-02 14:44:29,029 [Listener at 127.0.0.1/38643] INFO  impl.RaftServerImpl (ServerState.java:close(387)) - 8ecf1378-8a99-44ac-adf4-e550e77c9ac9@group-3955F27D7D38: closes. applyIndex: 0
2020-09-02 14:44:29,029 [8ecf1378-8a99-44ac-adf4-e550e77c9ac9@group-3955F27D7D38-SegmentedRaftLogWorker] INFO  segmented.SegmentedRaftLogWorker (SegmentedRaftLogWorker.java:run(327)) - 8ecf1378-8a99-44ac-adf4-e550e77c9ac9@group-3955F27D7D38-SegmentedRaftLogWorker was interrupted, exiting. There are 0 tasks remaining in the queue.
2020-09-02 14:44:29,030 [Listener at 127.0.0.1/38643] INFO  segmented.SegmentedRaftLogWorker (SegmentedRaftLogWorker.java:close(234)) - 8ecf1378-8a99-44ac-adf4-e550e77c9ac9@group-3955F27D7D38-SegmentedRaftLogWorker close()
2020-09-02 14:44:29,031 [Listener at 127.0.0.1/38643] INFO  metrics.RatisMetrics (RatisMetrics.java:unregister(43)) - Unregistering Metrics Registry : ratis.log_worker.8ecf1378-8a99-44ac-adf4-e550e77c9ac9@group-3955F27D7D38
2020-09-02 14:44:29,031 [Listener at 127.0.0.1/38643] INFO  metrics.RatisMetrics (RatisMetrics.java:unregister(43)) - Unregistering Metrics Registry : ratis.leader_election.8ecf1378-8a99-44ac-adf4-e550e77c9ac9@group-3955F27D7D38
2020-09-02 14:44:29,031 [Listener at 127.0.0.1/38643] INFO  metrics.RatisMetrics (RatisMetrics.java:unregister(43)) - Unregistering Metrics Registry : ratis.server.8ecf1378-8a99-44ac-adf4-e550e77c9ac9@group-3955F27D7D38
2020-09-02 14:44:29,031 [Listener at 127.0.0.1/38643] INFO  server.GrpcService (GrpcService.java:closeImpl(166)) - 8ecf1378-8a99-44ac-adf4-e550e77c9ac9: shutdown server with port 44101 now
2020-09-02 14:44:29,042 [grpc-default-executor-2] WARN  server.GrpcServerProtocolService (LogUtils.java:warn(122)) - 8ecf1378-8a99-44ac-adf4-e550e77c9ac9: installSnapshot onError, lastRequest: 5fa49f45-b68c-48b5-8544-96c6cbc5600b->8ecf1378-8a99-44ac-adf4-e550e77c9ac9#1-t1, previous=(t:0, i:0), leaderCommit=0, initializing? false, entries: size=1, first=(t:1, i:0), CONFIGURATIONENTRY: org.apache.ratis.thirdparty.io.grpc.StatusRuntimeException: CANCELLED: cancelled before receiving half close
2020-09-02 14:44:29,048 [grpc-default-executor-1] WARN  server.GrpcLogAppender (LogUtils.java:warn(122)) - 5fa49f45-b68c-48b5-8544-96c6cbc5600b@group-3955F27D7D38->8ecf1378-8a99-44ac-adf4-e550e77c9ac9-AppendLogResponseHandler: Failed appendEntries: org.apache.ratis.thirdparty.io.grpc.StatusRuntimeException: CANCELLED: HTTP/2 error code: CANCEL
Received Rst Stream
2020-09-02 14:44:29,049 [Listener at 127.0.0.1/38643] INFO  server.GrpcService (GrpcService.java:closeImpl(174)) - 8ecf1378-8a99-44ac-adf4-e550e77c9ac9: shutdown server with port 44101 successfully
2020-09-02 14:44:29,052 [Listener at 127.0.0.1/38643] INFO  utils.BackgroundService (BackgroundService.java:shutdown(157)) - Shutting down service BlockDeletingService
2020-09-02 14:44:29,056 [grpc-default-executor-1] INFO  impl.FollowerInfo (FollowerInfo.java:lambda$new$0(51)) - 5fa49f45-b68c-48b5-8544-96c6cbc5600b@group-3955F27D7D38->8ecf1378-8a99-44ac-adf4-e550e77c9ac9: nextIndex: updateUnconditionally 1 -> 0
2020-09-02 14:44:29,058 [Listener at 127.0.0.1/38643] INFO  statemachine.DatanodeStateMachine (DatanodeStateMachine.java:stopDaemon(454)) - Ozone container server stopped.
2020-09-02 14:44:29,068 [Listener at 127.0.0.1/38643] INFO  handler.ContextHandler (ContextHandler.java:doStop(1016)) - Stopped o.e.j.w.WebAppContext@259647f2{hddsDatanode,/,null,UNAVAILABLE}{jar:file:/home/user/.m2/repository/org/apache/hadoop/hadoop-hdds-container-service/1.1.0-SNAPSHOT/hadoop-hdds-container-service-1.1.0-SNAPSHOT.jar!/webapps/hddsDatanode}
2020-09-02 14:44:29,072 [Listener at 127.0.0.1/38643] INFO  server.AbstractConnector (AbstractConnector.java:doStop(380)) - Stopped ServerConnector@2c6ed95a{HTTP/1.1,[http/1.1]}{0.0.0.0:0}
2020-09-02 14:44:29,072 [Listener at 127.0.0.1/38643] INFO  server.session (HouseKeeper.java:stopScavenging(158)) - node0 Stopped scavenging
2020-09-02 14:44:29,072 [Listener at 127.0.0.1/38643] INFO  handler.ContextHandler (ContextHandler.java:doStop(1016)) - Stopped o.e.j.s.ServletContextHandler@22a89db{static,/static,jar:file:/home/user/.m2/repository/org/apache/hadoop/hadoop-hdds-container-service/1.1.0-SNAPSHOT/hadoop-hdds-container-service-1.1.0-SNAPSHOT.jar!/webapps/static,UNAVAILABLE}
2020-09-02 14:44:29,072 [Listener at 127.0.0.1/38643] INFO  handler.ContextHandler (ContextHandler.java:doStop(1016)) - Stopped o.e.j.s.ServletContextHandler@3a9a12a1{logs,/logs,file:///github/workspace/mnt/ozone/hadoop-ozone/integration-test/target/log,UNAVAILABLE}
2020-09-02 14:44:29,206 [grpc-default-executor-0] WARN  server.GrpcLogAppender (LogUtils.java:warn(122)) - 5fa49f45-b68c-48b5-8544-96c6cbc5600b@group-3955F27D7D38->8ecf1378-8a99-44ac-adf4-e550e77c9ac9-AppendLogResponseHandler: Failed appendEntries: org.apache.ratis.thirdparty.io.grpc.StatusRuntimeException: UNAVAILABLE: io exception
2020-09-02 14:44:29,208 [grpc-default-executor-0] INFO  impl.FollowerInfo (FollowerInfo.java:lambda$new$0(51)) - 5fa49f45-b68c-48b5-8544-96c6cbc5600b@group-3955F27D7D38->8ecf1378-8a99-44ac-adf4-e550e77c9ac9: nextIndex: updateUnconditionally 1 -> 0
2020-09-02 14:44:29,224 [grpc-default-executor-2] WARN  server.GrpcLogAppender (LogUtils.java:warn(122)) - 5fa49f45-b68c-48b5-8544-96c6cbc5600b@group-3955F27D7D38->8ecf1378-8a99-44ac-adf4-e550e77c9ac9-AppendLogResponseHandler: Failed appendEntries: org.apache.ratis.thirdparty.io.grpc.StatusRuntimeException: UNAVAILABLE: io exception
2020-09-02 14:44:29,224 [grpc-default-executor-2] INFO  impl.FollowerInfo (FollowerInfo.java:lambda$new$0(51)) - 5fa49f45-b68c-48b5-8544-96c6cbc5600b@group-3955F27D7D38->8ecf1378-8a99-44ac-adf4-e550e77c9ac9: nextIndex: updateUnconditionally 1 -> 0
2020-09-02 14:44:29,274 [Datanode State Machine Thread - 0] WARN  statemachine.DatanodeStateMachine (DatanodeStateMachine.java:start(245)) - Interrupt the execution.
java.lang.InterruptedException: sleep interrupted
	at java.lang.Thread.sleep(Native Method)
	at org.apache.hadoop.ozone.container.common.statemachine.DatanodeStateMachine.start(DatanodeStateMachine.java:243)
	at org.apache.hadoop.ozone.container.common.statemachine.DatanodeStateMachine.lambda$startDaemon$0(DatanodeStateMachine.java:405)
	at java.lang.Thread.run(Thread.java:748)
2020-09-02 14:44:29,275 [Datanode State Machine Thread - 0] WARN  statemachine.DatanodeStateMachine (DatanodeStateMachine.java:start(245)) - Interrupt the execution.
java.lang.InterruptedException: sleep interrupted
	at java.lang.Thread.sleep(Native Method)
	at org.apache.hadoop.ozone.container.common.statemachine.DatanodeStateMachine.start(DatanodeStateMachine.java:243)
	at org.apache.hadoop.ozone.container.common.statemachine.DatanodeStateMachine.lambda$startDaemon$0(DatanodeStateMachine.java:405)
	at java.lang.Thread.run(Thread.java:748)
2020-09-02 14:44:29,347 [grpc-default-executor-0] WARN  server.GrpcLogAppender (LogUtils.java:warn(122)) - 5fa49f45-b68c-48b5-8544-96c6cbc5600b@group-3955F27D7D38->8ecf1378-8a99-44ac-adf4-e550e77c9ac9-AppendLogResponseHandler: Failed appendEntries: org.apache.ratis.thirdparty.io.grpc.StatusRuntimeException: UNAVAILABLE: io exception
2020-09-02 14:44:29,363 [grpc-default-executor-0] INFO  impl.FollowerInfo (FollowerInfo.java:lambda$new$0(51)) - 5fa49f45-b68c-48b5-8544-96c6cbc5600b@group-3955F27D7D38->8ecf1378-8a99-44ac-adf4-e550e77c9ac9: nextIndex: updateUnconditionally 1 -> 0
2020-09-02 14:44:29,390 [grpc-default-executor-2] WARN  server.GrpcLogAppender (LogUtils.java:warn(122)) - 5fa49f45-b68c-48b5-8544-96c6cbc5600b@group-3955F27D7D38->8ecf1378-8a99-44ac-adf4-e550e77c9ac9-AppendLogResponseHandler: Failed appendEntries: org.apache.ratis.thirdparty.io.grpc.StatusRuntimeException: UNAVAILABLE: io exception
2020-09-02 14:44:29,391 [grpc-default-executor-2] INFO  impl.FollowerInfo (FollowerInfo.java:lambda$new$0(51)) - 5fa49f45-b68c-48b5-8544-96c6cbc5600b@group-3955F27D7D38->8ecf1378-8a99-44ac-adf4-e550e77c9ac9: nextIndex: updateUnconditionally 1 -> 0
2020-09-02 14:44:31,887 [grpc-default-executor-2] WARN  server.GrpcLogAppender (LogUtils.java:warn(122)) - 5fa49f45-b68c-48b5-8544-96c6cbc5600b@group-3955F27D7D38->8ecf1378-8a99-44ac-adf4-e550e77c9ac9-AppendLogResponseHandler: Failed appendEntries: org.apache.ratis.thirdparty.io.grpc.StatusRuntimeException: UNAVAILABLE: io exception
2020-09-02 14:44:31,889 [grpc-default-executor-2] INFO  impl.FollowerInfo (FollowerInfo.java:lambda$new$0(51)) - 5fa49f45-b68c-48b5-8544-96c6cbc5600b@group-3955F27D7D38->8ecf1378-8a99-44ac-adf4-e550e77c9ac9: nextIndex: updateUnconditionally 1 -> 0
2020-09-02 14:44:33,392 [Thread-262] INFO  client.GrpcClientProtocolService (GrpcClientProtocolService.java:lambda$processClientRequest$0(283)) - Failed RaftClientRequest:client-EEF516160D28->5fa49f45-b68c-48b5-8544-96c6cbc5600b@group-3955F27D7D38, cid=9, seq=0, Watch-ALL_COMMITTED(2), Message:<EMPTY>, reply=RaftClientReply:client-EEF516160D28->5fa49f45-b68c-48b5-8544-96c6cbc5600b@group-3955F27D7D38, cid=9, FAILED org.apache.ratis.protocol.NotReplicatedException: Request with call Id 9 and log index 2 is not yet replicated to ALL_COMMITTED, logIndex=2, commits[5fa49f45-b68c-48b5-8544-96c6cbc5600b:c4, 8ecf1378-8a99-44ac-adf4-e550e77c9ac9:c0, 4337a697-5889-4954-b149-eab901c85e51:c4]
2020-09-02 14:44:33,398 [Listener at 127.0.0.1/38643] WARN  scm.XceiverClientRatis (XceiverClientRatis.java:watchForCommit(266)) - 3 way commit failed on pipeline Pipeline[ Id: f22a3dfb-37d6-4071-86a1-3955f27d7d38, Nodes: 8ecf1378-8a99-44ac-adf4-e550e77c9ac9{ip: 172.17.0.2, host: 5b6fc57d11f3, networkLocation: /default-rack, certSerialId: null}5fa49f45-b68c-48b5-8544-96c6cbc5600b{ip: 172.17.0.2, host: 5b6fc57d11f3, networkLocation: /default-rack, certSerialId: null}4337a697-5889-4954-b149-eab901c85e51{ip: 172.17.0.2, host: 5b6fc57d11f3, networkLocation: /default-rack, certSerialId: null}, Type:RATIS, Factor:THREE, State:OPEN, leaderId:5fa49f45-b68c-48b5-8544-96c6cbc5600b, CreationTimestamp2020-09-02T14:44:14.087Z]
java.util.concurrent.ExecutionException: org.apache.ratis.protocol.NotReplicatedException: Request with call Id 9 and log index 2 is not yet replicated to ALL_COMMITTED
	at java.util.concurrent.CompletableFuture.reportGet(CompletableFuture.java:357)
	at java.util.concurrent.CompletableFuture.get(CompletableFuture.java:1908)
	at org.apache.hadoop.hdds.scm.XceiverClientRatis.watchForCommit(XceiverClientRatis.java:263)
	at org.apache.hadoop.hdds.scm.storage.CommitWatcher.watchForCommit(CommitWatcher.java:190)
	at org.apache.hadoop.hdds.scm.storage.CommitWatcher.watchOnLastIndex(CommitWatcher.java:157)
	at org.apache.hadoop.hdds.scm.storage.BlockOutputStream.watchForCommit(BlockOutputStream.java:351)
	at org.apache.hadoop.hdds.scm.storage.BlockOutputStream.handleFlush(BlockOutputStream.java:500)
	at org.apache.hadoop.hdds.scm.storage.BlockOutputStream.close(BlockOutputStream.java:514)
	at org.apache.hadoop.ozone.client.io.BlockOutputStreamEntry.close(BlockOutputStreamEntry.java:149)
	at org.apache.hadoop.ozone.client.io.KeyOutputStream.handleStreamAction(KeyOutputStream.java:483)
	at org.apache.hadoop.ozone.client.io.KeyOutputStream.handleFlushOrClose(KeyOutputStream.java:457)
	at org.apache.hadoop.ozone.client.io.KeyOutputStream.close(KeyOutputStream.java:510)
	at org.apache.hadoop.ozone.client.io.OzoneOutputStream.close(OzoneOutputStream.java:60)
	at org.apache.hadoop.ozone.client.rpc.TestDeleteWithSlowFollower.testDeleteKeyWithSlowFollower(TestDeleteWithSlowFollower.java:224)
	at sun.reflect.NativeMethodAccessorImpl.invoke0(Native Method)
	at sun.reflect.NativeMethodAccessorImpl.invoke(NativeMethodAccessorImpl.java:62)
	at sun.reflect.DelegatingMethodAccessorImpl.invoke(DelegatingMethodAccessorImpl.java:43)
	at java.lang.reflect.Method.invoke(Method.java:498)
	at org.junit.runners.model.FrameworkMethod$1.runReflectiveCall(FrameworkMethod.java:47)
	at org.junit.internal.runners.model.ReflectiveCallable.run(ReflectiveCallable.java:12)
	at org.junit.runners.model.FrameworkMethod.invokeExplosively(FrameworkMethod.java:44)
	at org.junit.internal.runners.statements.InvokeMethod.evaluate(InvokeMethod.java:17)
	at org.junit.runners.ParentRunner.runLeaf(ParentRunner.java:271)
	at org.junit.runners.BlockJUnit4ClassRunner.runChild(BlockJUnit4ClassRunner.java:70)
	at org.junit.runners.BlockJUnit4ClassRunner.runChild(BlockJUnit4ClassRunner.java:50)
	at org.junit.runners.ParentRunner$3.run(ParentRunner.java:238)
	at org.junit.runners.ParentRunner$1.schedule(ParentRunner.java:63)
	at org.junit.runners.ParentRunner.runChildren(ParentRunner.java:236)
	at org.junit.runners.ParentRunner.access$000(ParentRunner.java:53)
	at org.junit.runners.ParentRunner$2.evaluate(ParentRunner.java:229)
	at org.junit.internal.runners.statements.RunBefores.evaluate(RunBefores.java:26)
	at org.junit.internal.runners.statements.RunAfters.evaluate(RunAfters.java:27)
	at org.junit.runners.ParentRunner.run(ParentRunner.java:309)
	at org.apache.maven.surefire.junit4.JUnit4Provider.execute(JUnit4Provider.java:365)
	at org.apache.maven.surefire.junit4.JUnit4Provider.executeWithRerun(JUnit4Provider.java:273)
	at org.apache.maven.surefire.junit4.JUnit4Provider.executeTestSet(JUnit4Provider.java:238)
	at org.apache.maven.surefire.junit4.JUnit4Provider.invoke(JUnit4Provider.java:159)
	at org.apache.maven.surefire.booter.ForkedBooter.invokeProviderInSameClassLoader(ForkedBooter.java:384)
	at org.apache.maven.surefire.booter.ForkedBooter.runSuitesInProcess(ForkedBooter.java:345)
	at org.apache.maven.surefire.booter.ForkedBooter.execute(ForkedBooter.java:126)
	at org.apache.maven.surefire.booter.ForkedBooter.main(ForkedBooter.java:418)
Caused by: org.apache.ratis.protocol.NotReplicatedException: Request with call Id 9 and log index 2 is not yet replicated to ALL_COMMITTED
	at org.apache.ratis.client.impl.ClientProtoUtils.toRaftClientReply(ClientProtoUtils.java:274)
	at org.apache.ratis.grpc.client.GrpcClientProtocolClient$AsyncStreamObservers$1.onNext(GrpcClientProtocolClient.java:268)
	at org.apache.ratis.grpc.client.GrpcClientProtocolClient$AsyncStreamObservers$1.onNext(GrpcClientProtocolClient.java:263)
	at org.apache.ratis.thirdparty.io.grpc.stub.ClientCalls$StreamObserverToCallListenerAdapter.onMessage(ClientCalls.java:440)
	at org.apache.ratis.thirdparty.io.grpc.internal.ClientCallImpl$ClientStreamListenerImpl$1MessagesAvailable.runInternal(ClientCallImpl.java:658)
	at org.apache.ratis.thirdparty.io.grpc.internal.ClientCallImpl$ClientStreamListenerImpl$1MessagesAvailable.runInContext(ClientCallImpl.java:643)
	at org.apache.ratis.thirdparty.io.grpc.internal.ContextRunnable.run(ContextRunnable.java:37)
	at org.apache.ratis.thirdparty.io.grpc.internal.SerializingExecutor.run(SerializingExecutor.java:123)
	at java.util.concurrent.ThreadPoolExecutor.runWorker(ThreadPoolExecutor.java:1149)
	at java.util.concurrent.ThreadPoolExecutor$Worker.run(ThreadPoolExecutor.java:624)
	at java.lang.Thread.run(Thread.java:748)
2020-09-02 14:44:33,403 [Listener at 127.0.0.1/38643] INFO  scm.XceiverClientRatis (XceiverClientRatis.java:lambda$watchForCommit$6(284)) - Could not commit index 2 on pipeline Pipeline[ Id: f22a3dfb-37d6-4071-86a1-3955f27d7d38, Nodes: 8ecf1378-8a99-44ac-adf4-e550e77c9ac9{ip: 172.17.0.2, host: 5b6fc57d11f3, networkLocation: /default-rack, certSerialId: null}5fa49f45-b68c-48b5-8544-96c6cbc5600b{ip: 172.17.0.2, host: 5b6fc57d11f3, networkLocation: /default-rack, certSerialId: null}4337a697-5889-4954-b149-eab901c85e51{ip: 172.17.0.2, host: 5b6fc57d11f3, networkLocation: /default-rack, certSerialId: null}, Type:RATIS, Factor:THREE, State:OPEN, leaderId:5fa49f45-b68c-48b5-8544-96c6cbc5600b, CreationTimestamp2020-09-02T14:44:14.087Z] to all the nodes. Server 8ecf1378-8a99-44ac-adf4-e550e77c9ac9 has failed. Committed by majority.
2020-09-02 14:44:33,404 [Listener at 127.0.0.1/38643] WARN  storage.BlockOutputStream (BlockOutputStream.java:watchForCommit(357)) - Failed to commit BlockId conID: 1 locID: 104795856163241984 bcsId: 2 on Pipeline[ Id: f22a3dfb-37d6-4071-86a1-3955f27d7d38, Nodes: 8ecf1378-8a99-44ac-adf4-e550e77c9ac9{ip: 172.17.0.2, host: 5b6fc57d11f3, networkLocation: /default-rack, certSerialId: null}5fa49f45-b68c-48b5-8544-96c6cbc5600b{ip: 172.17.0.2, host: 5b6fc57d11f3, networkLocation: /default-rack, certSerialId: null}4337a697-5889-4954-b149-eab901c85e51{ip: 172.17.0.2, host: 5b6fc57d11f3, networkLocation: /default-rack, certSerialId: null}, Type:RATIS, Factor:THREE, State:OPEN, leaderId:5fa49f45-b68c-48b5-8544-96c6cbc5600b, CreationTimestamp2020-09-02T14:44:14.087Z]. Failed nodes: [8ecf1378-8a99-44ac-adf4-e550e77c9ac9{ip: null, host: null, networkLocation: /default-rack, certSerialId: null}]
2020-09-02 14:44:33,431 [grpc-default-executor-1] WARN  server.GrpcLogAppender (LogUtils.java:warn(122)) - 5fa49f45-b68c-48b5-8544-96c6cbc5600b@group-3955F27D7D38->8ecf1378-8a99-44ac-adf4-e550e77c9ac9-AppendLogResponseHandler: Failed appendEntries: org.apache.ratis.thirdparty.io.grpc.StatusRuntimeException: UNAVAILABLE: io exception
2020-09-02 14:44:33,432 [grpc-default-executor-1] INFO  impl.FollowerInfo (FollowerInfo.java:lambda$new$0(51)) - 5fa49f45-b68c-48b5-8544-96c6cbc5600b@group-3955F27D7D38->8ecf1378-8a99-44ac-adf4-e550e77c9ac9: nextIndex: updateUnconditionally 1 -> 0
2020-09-02 14:44:33,440 [grpc-default-executor-0] WARN  server.GrpcLogAppender (LogUtils.java:warn(122)) - 5fa49f45-b68c-48b5-8544-96c6cbc5600b@group-3955F27D7D38->8ecf1378-8a99-44ac-adf4-e550e77c9ac9-AppendLogResponseHandler: Failed appendEntries: org.apache.ratis.thirdparty.io.grpc.StatusRuntimeException: UNAVAILABLE: io exception
2020-09-02 14:44:33,441 [Datanode State Machine Thread - 0] WARN  statemachine.DatanodeStateMachine (DatanodeStateMachine.java:start(245)) - Interrupt the execution.
java.lang.InterruptedException: sleep interrupted
	at java.lang.Thread.sleep(Native Method)
	at org.apache.hadoop.ozone.container.common.statemachine.DatanodeStateMachine.start(DatanodeStateMachine.java:243)
	at org.apache.hadoop.ozone.container.common.statemachine.DatanodeStateMachine.lambda$startDaemon$0(DatanodeStateMachine.java:405)
	at java.lang.Thread.run(Thread.java:748)
2020-09-02 14:44:33,441 [grpc-default-executor-0] INFO  impl.FollowerInfo (FollowerInfo.java:lambda$new$0(51)) - 5fa49f45-b68c-48b5-8544-96c6cbc5600b@group-3955F27D7D38->8ecf1378-8a99-44ac-adf4-e550e77c9ac9: nextIndex: updateUnconditionally 1 -> 0
2020-09-02 14:44:33,444 [RatisApplyTransactionExecutor 1] INFO  interfaces.Container (KeyValueContainer.java:flushAndSyncDB(382)) - Container 1 is synced with bcsId 2.
2020-09-02 14:44:33,445 [RatisApplyTransactionExecutor 1] INFO  interfaces.Container (KeyValueContainer.java:flushAndSyncDB(382)) - Container 1 is synced with bcsId 2.
2020-09-02 14:44:33,451 [Datanode State Machine Thread - 0] WARN  statemachine.DatanodeStateMachine (DatanodeStateMachine.java:start(245)) - Interrupt the execution.
java.lang.InterruptedException: sleep interrupted
	at java.lang.Thread.sleep(Native Method)
	at org.apache.hadoop.ozone.container.common.statemachine.DatanodeStateMachine.start(DatanodeStateMachine.java:243)
	at org.apache.hadoop.ozone.container.common.statemachine.DatanodeStateMachine.lambda$startDaemon$0(DatanodeStateMachine.java:405)
	at java.lang.Thread.run(Thread.java:748)
2020-09-02 14:44:33,452 [RatisApplyTransactionExecutor 1] INFO  interfaces.Container (KeyValueContainer.java:close(320)) - Container 1 is closed with bcsId 2.
2020-09-02 14:44:33,454 [RatisApplyTransactionExecutor 1] INFO  interfaces.Container (KeyValueContainer.java:flushAndSyncDB(382)) - Container 1 is synced with bcsId 2.
2020-09-02 14:44:33,461 [grpc-default-executor-1] WARN  server.GrpcLogAppender (LogUtils.java:warn(122)) - 5fa49f45-b68c-48b5-8544-96c6cbc5600b@group-3955F27D7D38->8ecf1378-8a99-44ac-adf4-e550e77c9ac9-AppendLogResponseHandler: Failed appendEntries: org.apache.ratis.thirdparty.io.grpc.StatusRuntimeException: UNAVAILABLE: io exception
2020-09-02 14:44:33,466 [RatisApplyTransactionExecutor 1] INFO  interfaces.Container (KeyValueContainer.java:flushAndSyncDB(382)) - Container 1 is synced with bcsId 2.
2020-09-02 14:44:33,467 [grpc-default-executor-1] INFO  impl.FollowerInfo (FollowerInfo.java:lambda$new$0(51)) - 5fa49f45-b68c-48b5-8544-96c6cbc5600b@group-3955F27D7D38->8ecf1378-8a99-44ac-adf4-e550e77c9ac9: nextIndex: updateUnconditionally 1 -> 0
2020-09-02 14:44:33,471 [Datanode State Machine Thread - 0] WARN  statemachine.DatanodeStateMachine (DatanodeStateMachine.java:start(245)) - Interrupt the execution.
java.lang.InterruptedException: sleep interrupted
	at java.lang.Thread.sleep(Native Method)
	at org.apache.hadoop.ozone.container.common.statemachine.DatanodeStateMachine.start(DatanodeStateMachine.java:243)
	at org.apache.hadoop.ozone.container.common.statemachine.DatanodeStateMachine.lambda$startDaemon$0(DatanodeStateMachine.java:405)
	at java.lang.Thread.run(Thread.java:748)
2020-09-02 14:44:33,472 [EventQueue-IncrementalContainerReportForIncrementalContainerReportHandler] INFO  container.IncrementalContainerReportHandler (AbstractContainerReportHandler.java:updateContainerState(207)) - Moving container #1 to CLOSED state, datanode 5fa49f45-b68c-48b5-8544-96c6cbc5600b{ip: 172.17.0.2, host: 5b6fc57d11f3, networkLocation: /default-rack, certSerialId: null} reported CLOSED replica.
2020-09-02 14:44:33,474 [RatisApplyTransactionExecutor 1] INFO  interfaces.Container (KeyValueContainer.java:close(320)) - Container 1 is closed with bcsId 2.
2020-09-02 14:44:33,474 [Datanode State Machine Thread - 0] WARN  statemachine.DatanodeStateMachine (DatanodeStateMachine.java:start(245)) - Interrupt the execution.
java.lang.InterruptedException: sleep interrupted
	at java.lang.Thread.sleep(Native Method)
	at org.apache.hadoop.ozone.container.common.statemachine.DatanodeStateMachine.start(DatanodeStateMachine.java:243)
	at org.apache.hadoop.ozone.container.common.statemachine.DatanodeStateMachine.lambda$startDaemon$0(DatanodeStateMachine.java:405)
	at java.lang.Thread.run(Thread.java:748)
2020-09-02 14:44:33,780 [BlockDeletingService#2] WARN  background.BlockDeletingService (BlockDeletingService.java:isDeletionAllowed(186)) - Close Container log Index 2 is not replicated across all the servers in the pipeline f22a3dfb-37d6-4071-86a1-3955f27d7d38 as the min replicated index is 0. Deletion is not allowed in this container yet.
2020-09-02 14:44:33,930 [BlockDeletingService#4] WARN  background.BlockDeletingService (BlockDeletingService.java:isDeletionAllowed(186)) - Close Container log Index 2 is not replicated across all the servers in the pipeline f22a3dfb-37d6-4071-86a1-3955f27d7d38 as the min replicated index is 0. Deletion is not allowed in this container yet.
2020-09-02 14:44:34,584 [IPC Server handler 0 on default port 35109] INFO  server.SCMBlockProtocolServer (SCMBlockProtocolServer.java:deleteKeyBlocks(220)) - SCM is informed by OM to delete 1 blocks
2020-09-02 14:44:34,584 [IPC Server handler 0 on default port 35109] INFO  block.BlockManagerImpl (BlockManagerImpl.java:deleteBlocks(296)) - Deleting blocks conID: 1 locID: 104795856163241984 bcsId: 0
2020-09-02 14:44:34,781 [BlockDeletingService#2] WARN  background.BlockDeletingService (BlockDeletingService.java:isDeletionAllowed(186)) - Close Container log Index 2 is not replicated across all the servers in the pipeline f22a3dfb-37d6-4071-86a1-3955f27d7d38 as the min replicated index is 0. Deletion is not allowed in this container yet.
2020-09-02 14:44:34,932 [BlockDeletingService#4] WARN  background.BlockDeletingService (BlockDeletingService.java:isDeletionAllowed(186)) - Close Container log Index 2 is not replicated across all the servers in the pipeline f22a3dfb-37d6-4071-86a1-3955f27d7d38 as the min replicated index is 0. Deletion is not allowed in this container yet.
2020-09-02 14:44:35,522 [SCMBlockDeletingService#0] INFO  block.SCMBlockDeletingService (SCMBlockDeletingService.java:call(181)) - Totally added 2 delete blocks command for 2 datanodes, task elapsed time: 5ms
2020-09-02 14:44:35,522 [CommandWatcher-LeaseManager#LeaseMonitor] ERROR lease.LeaseManager (LeaseManager.java:run(238)) - Execution was interrupted 
java.lang.InterruptedException: sleep interrupted
	at java.lang.Thread.sleep(Native Method)
	at org.apache.hadoop.ozone.lease.LeaseManager$LeaseMonitor.run(LeaseManager.java:234)
	at java.lang.Thread.run(Thread.java:748)
2020-09-02 14:44:35,522 [CommandWatcher-LeaseManager#LeaseMonitor] ERROR lease.LeaseManager (LeaseManager.java:run(238)) - Execution was interrupted 
java.lang.InterruptedException: sleep interrupted
	at java.lang.Thread.sleep(Native Method)
	at org.apache.hadoop.ozone.lease.LeaseManager$LeaseMonitor.run(LeaseManager.java:234)
	at java.lang.Thread.run(Thread.java:748)
2020-09-02 14:44:35,782 [BlockDeletingService#2] WARN  background.BlockDeletingService (BlockDeletingService.java:isDeletionAllowed(186)) - Close Container log Index 2 is not replicated across all the servers in the pipeline f22a3dfb-37d6-4071-86a1-3955f27d7d38 as the min replicated index is 0. Deletion is not allowed in this container yet.
2020-09-02 14:44:35,933 [BlockDeletingService#4] WARN  background.BlockDeletingService (BlockDeletingService.java:isDeletionAllowed(186)) - Close Container log Index 2 is not replicated across all the servers in the pipeline f22a3dfb-37d6-4071-86a1-3955f27d7d38 as the min replicated index is 0. Deletion is not allowed in this container yet.
2020-09-02 14:44:35,959 [grpc-default-executor-0] WARN  server.GrpcLogAppender (LogUtils.java:warn(122)) - 5fa49f45-b68c-48b5-8544-96c6cbc5600b@group-3955F27D7D38->8ecf1378-8a99-44ac-adf4-e550e77c9ac9-AppendLogResponseHandler: Failed appendEntries: org.apache.ratis.thirdparty.io.grpc.StatusRuntimeException: UNAVAILABLE: io exception
2020-09-02 14:44:35,960 [grpc-default-executor-0] INFO  impl.FollowerInfo (FollowerInfo.java:lambda$new$0(51)) - 5fa49f45-b68c-48b5-8544-96c6cbc5600b@group-3955F27D7D38->8ecf1378-8a99-44ac-adf4-e550e77c9ac9: nextIndex: updateUnconditionally 1 -> 0
2020-09-02 14:44:36,078 [Command processor thread] INFO  commandhandler.DeleteBlocksCommandHandler (DeleteBlocksCommandHandler.java:handle(108)) - Start to delete container blocks, TXIDs=[1(0)], numOfContainers=1, numOfBlocks=1
2020-09-02 14:44:36,080 [Command processor thread] INFO  commandhandler.DeleteBlocksCommandHandler (DeleteBlocksCommandHandler.java:handle(108)) - Start to delete container blocks, TXIDs=[1(0)], numOfContainers=1, numOfBlocks=1
]]></system-out>
  </testcase>
</testsuite>