<?xml version="1.0" encoding="UTF-8"?>
<testsuite xmlns:xsi="http://www.w3.org/2001/XMLSchema-instance" xsi:noNamespaceSchemaLocation="https://maven.apache.org/surefire/maven-surefire-plugin/xsd/surefire-test-report.xsd" name="org.apache.hadoop.ozone.client.rpc.TestOzoneClientRetriesOnException" time="101.797" tests="2" errors="0" skipped="0" failures="1">
  <properties>
    <property name="awt.toolkit" value="sun.awt.X11.XToolkit"/>
    <property name="file.encoding.pkg" value="sun.io"/>
    <property name="java.specification.version" value="1.8"/>
    <property name="sun.cpu.isalist" value=""/>
    <property name="sun.jnu.encoding" value="ANSI_X3.4-1968"/>
    <property name="java.class.path" value="/github/workspace/mnt/ozone/hadoop-ozone/integration-test/target/test-classes:/github/workspace/mnt/ozone/hadoop-ozone/integration-test/target/classes:/home/user/.m2/repository/org/apache/hadoop/hadoop-ozone-common/1.1.0-SNAPSHOT/hadoop-ozone-common-1.1.0-SNAPSHOT.jar:/home/user/.m2/repository/org/apache/commons/commons-compress/1.4.1/commons-compress-1.4.1.jar:/home/user/.m2/repository/org/tukaani/xz/1.0/xz-1.0.jar:/home/user/.m2/repository/org/apache/hadoop/hadoop-hdds-common/1.1.0-SNAPSHOT/hadoop-hdds-common-1.1.0-SNAPSHOT.jar:/home/user/.m2/repository/org/apache/hadoop/hadoop-hdds-client/1.1.0-SNAPSHOT/hadoop-hdds-client-1.1.0-SNAPSHOT.jar:/home/user/.m2/repository/org/apache/hadoop/hadoop-ozone-interface-client/1.1.0-SNAPSHOT/hadoop-ozone-interface-client-1.1.0-SNAPSHOT.jar:/home/user/.m2/repository/org/apache/hadoop/hadoop-hdds-test-utils/1.1.0-SNAPSHOT/hadoop-hdds-test-utils-1.1.0-SNAPSHOT.jar:/home/user/.m2/repository/com/google/guava/guava/28.2-jre/guava-28.2-jre.jar:/home/user/.m2/repository/com/google/guava/failureaccess/1.0.1/failureaccess-1.0.1.jar:/home/user/.m2/repository/com/google/guava/listenablefuture/9999.0-empty-to-avoid-conflict-with-guava/listenablefuture-9999.0-empty-to-avoid-conflict-with-guava.jar:/home/user/.m2/repository/com/google/code/findbugs/jsr305/3.0.0/jsr305-3.0.0.jar:/home/user/.m2/repository/org/checkerframework/checker-qual/2.10.0/checker-qual-2.10.0.jar:/home/user/.m2/repository/com/google/errorprone/error_prone_annotations/2.2.0/error_prone_annotations-2.2.0.jar:/home/user/.m2/repository/com/google/j2objc/j2objc-annotations/1.3/j2objc-annotations-1.3.jar:/home/user/.m2/repository/commons-io/commons-io/2.5/commons-io-2.5.jar:/home/user/.m2/repository/commons-logging/commons-logging/1.2/commons-logging-1.2.jar:/home/user/.m2/repository/log4j/log4j/1.2.17/log4j-1.2.17.jar:/home/user/.m2/repository/org/slf4j/slf4j-api/1.7.30/slf4j-api-1.7.30.jar:/home/user/.m2/repository/org/apache/hadoop/hadoop-hdds-server-scm/1.1.0-SNAPSHOT/hadoop-hdds-server-scm-1.1.0-SNAPSHOT.jar:/home/user/.m2/repository/org/apache/hadoop/hadoop-hdds-container-service/1.1.0-SNAPSHOT/hadoop-hdds-container-service-1.1.0-SNAPSHOT.jar:/home/user/.m2/repository/org/apache/hadoop/hadoop-hdds-hadoop-dependency-server/1.1.0-SNAPSHOT/hadoop-hdds-hadoop-dependency-server-1.1.0-SNAPSHOT.jar:/home/user/.m2/repository/org/apache/hadoop/hadoop-hdfs/3.2.1/hadoop-hdfs-3.2.1.jar:/home/user/.m2/repository/org/apache/hadoop/hadoop-hdds-server-framework/1.1.0-SNAPSHOT/hadoop-hdds-server-framework-1.1.0-SNAPSHOT.jar:/home/user/.m2/repository/org/apache/hadoop/hadoop-hdds-interface-server/1.1.0-SNAPSHOT/hadoop-hdds-interface-server-1.1.0-SNAPSHOT.jar:/home/user/.m2/repository/org/apache/hadoop/hadoop-hdds-interface-admin/1.1.0-SNAPSHOT/hadoop-hdds-interface-admin-1.1.0-SNAPSHOT.jar:/home/user/.m2/repository/org/eclipse/jetty/jetty-servlet/9.4.34.v20201102/jetty-servlet-9.4.34.v20201102.jar:/home/user/.m2/repository/org/eclipse/jetty/jetty-security/9.4.34.v20201102/jetty-security-9.4.34.v20201102.jar:/home/user/.m2/repository/org/rocksdb/rocksdbjni/6.8.1/rocksdbjni-6.8.1.jar:/home/user/.m2/repository/io/prometheus/simpleclient_dropwizard/0.7.0/simpleclient_dropwizard-0.7.0.jar:/home/user/.m2/repository/io/prometheus/simpleclient/0.7.0/simpleclient-0.7.0.jar:/home/user/.m2/repository/io/prometheus/simpleclient_common/0.7.0/simpleclient_common-0.7.0.jar:/home/user/.m2/repository/com/fasterxml/jackson/datatype/jackson-datatype-jsr310/2.10.3/jackson-datatype-jsr310-2.10.3.jar:/home/user/.m2/repository/io/dropwizard/metrics/metrics-core/3.2.4/metrics-core-3.2.4.jar:/home/user/.m2/repository/org/apache/hadoop/hadoop-hdfs-client/3.2.1/hadoop-hdfs-client-3.2.1.jar:/home/user/.m2/repository/org/bouncycastle/bcprov-jdk15on/1.60/bcprov-jdk15on-1.60.jar:/home/user/.m2/repository/org/apache/hadoop/hadoop-ozone-ozone-manager/1.1.0-SNAPSHOT/hadoop-ozone-ozone-manager-1.1.0-SNAPSHOT.jar:/home/user/.m2/repository/org/apache/hadoop/hadoop-hdds-interface-client/1.1.0-SNAPSHOT/hadoop-hdds-interface-client-1.1.0-SNAPSHOT.jar:/home/user/.m2/repository/org/apache/ratis/ratis-thirdparty-misc/0.6.0-SNAPSHOT/ratis-thirdparty-misc-0.6.0-SNAPSHOT.jar:/home/user/.m2/repository/org/apache/hadoop/hadoop-ozone-interface-storage/1.1.0-SNAPSHOT/hadoop-ozone-interface-storage-1.1.0-SNAPSHOT.jar:/home/user/.m2/repository/org/apache/hadoop/hadoop-minikdc/3.2.1/hadoop-minikdc-3.2.1.jar:/home/user/.m2/repository/org/apache/kerby/kerb-simplekdc/1.0.1/kerb-simplekdc-1.0.1.jar:/home/user/.m2/repository/org/apache/kerby/kerb-client/1.0.1/kerb-client-1.0.1.jar:/home/user/.m2/repository/org/apache/kerby/kerby-config/1.0.1/kerby-config-1.0.1.jar:/home/user/.m2/repository/org/apache/kerby/kerb-core/1.0.1/kerb-core-1.0.1.jar:/home/user/.m2/repository/org/apache/kerby/kerby-pkix/1.0.1/kerby-pkix-1.0.1.jar:/home/user/.m2/repository/org/apache/kerby/kerby-asn1/1.0.1/kerby-asn1-1.0.1.jar:/home/user/.m2/repository/org/apache/kerby/kerby-util/1.0.1/kerby-util-1.0.1.jar:/home/user/.m2/repository/org/apache/kerby/kerb-common/1.0.1/kerb-common-1.0.1.jar:/home/user/.m2/repository/org/apache/kerby/kerb-crypto/1.0.1/kerb-crypto-1.0.1.jar:/home/user/.m2/repository/org/apache/kerby/kerb-util/1.0.1/kerb-util-1.0.1.jar:/home/user/.m2/repository/org/apache/kerby/token-provider/1.0.1/token-provider-1.0.1.jar:/home/user/.m2/repository/org/apache/kerby/kerb-admin/1.0.1/kerb-admin-1.0.1.jar:/home/user/.m2/repository/org/apache/kerby/kerb-server/1.0.1/kerb-server-1.0.1.jar:/home/user/.m2/repository/org/apache/kerby/kerb-identity/1.0.1/kerb-identity-1.0.1.jar:/home/user/.m2/repository/org/apache/kerby/kerby-xdr/1.0.1/kerby-xdr-1.0.1.jar:/home/user/.m2/repository/org/slf4j/slf4j-log4j12/1.7.30/slf4j-log4j12-1.7.30.jar:/home/user/.m2/repository/org/apache/hadoop/hadoop-ozone-s3gateway/1.1.0-SNAPSHOT/hadoop-ozone-s3gateway-1.1.0-SNAPSHOT.jar:/home/user/.m2/repository/org/jboss/weld/servlet/weld-servlet/2.4.7.Final/weld-servlet-2.4.7.Final.jar:/home/user/.m2/repository/org/glassfish/jersey/containers/jersey-container-servlet-core/2.27/jersey-container-servlet-core-2.27.jar:/home/user/.m2/repository/org/glassfish/hk2/external/javax.inject/2.5.0-b42/javax.inject-2.5.0-b42.jar:/home/user/.m2/repository/org/glassfish/jersey/core/jersey-common/2.27/jersey-common-2.27.jar:/home/user/.m2/repository/org/glassfish/hk2/osgi-resource-locator/1.0.1/osgi-resource-locator-1.0.1.jar:/home/user/.m2/repository/javax/ws/rs/javax.ws.rs-api/2.1/javax.ws.rs-api-2.1.jar:/home/user/.m2/repository/org/glassfish/jersey/ext/cdi/jersey-cdi1x/2.27/jersey-cdi1x-2.27.jar:/home/user/.m2/repository/org/glassfish/jersey/inject/jersey-hk2/2.27/jersey-hk2-2.27.jar:/home/user/.m2/repository/org/glassfish/hk2/hk2-locator/2.5.0-b42/hk2-locator-2.5.0-b42.jar:/home/user/.m2/repository/org/javassist/javassist/3.22.0-CR2/javassist-3.22.0-CR2.jar:/home/user/.m2/repository/org/glassfish/hk2/hk2-api/2.5.0/hk2-api-2.5.0.jar:/home/user/.m2/repository/org/glassfish/hk2/external/jakarta.inject/2.5.0/jakarta.inject-2.5.0.jar:/home/user/.m2/repository/org/glassfish/hk2/hk2-utils/2.5.0/hk2-utils-2.5.0.jar:/home/user/.m2/repository/jakarta/annotation/jakarta.annotation-api/1.3.4/jakarta.annotation-api-1.3.4.jar:/home/user/.m2/repository/org/glassfish/hk2/external/aopalliance-repackaged/2.5.0/aopalliance-repackaged-2.5.0.jar:/home/user/.m2/repository/com/fasterxml/jackson/dataformat/jackson-dataformat-xml/2.10.3/jackson-dataformat-xml-2.10.3.jar:/home/user/.m2/repository/com/fasterxml/jackson/core/jackson-core/2.10.3/jackson-core-2.10.3.jar:/home/user/.m2/repository/com/fasterxml/jackson/module/jackson-module-jaxb-annotations/2.10.3/jackson-module-jaxb-annotations-2.10.3.jar:/home/user/.m2/repository/jakarta/xml/bind/jakarta.xml.bind-api/2.3.2/jakarta.xml.bind-api-2.3.2.jar:/home/user/.m2/repository/jakarta/activation/jakarta.activation-api/1.2.1/jakarta.activation-api-1.2.1.jar:/home/user/.m2/repository/org/codehaus/woodstox/stax2-api/3.1.4/stax2-api-3.1.4.jar:/home/user/.m2/repository/com/fasterxml/woodstox/woodstox-core/5.0.3/woodstox-core-5.0.3.jar:/home/user/.m2/repository/javax/enterprise/cdi-api/1.2/cdi-api-1.2.jar:/home/user/.m2/repository/javax/el/javax.el-api/3.0.0/javax.el-api-3.0.0.jar:/home/user/.m2/repository/javax/interceptor/javax.interceptor-api/1.2/javax.interceptor-api-1.2.jar:/home/user/.m2/repository/javax/inject/javax.inject/1/javax.inject-1.jar:/home/user/.m2/repository/com/sun/xml/bind/jaxb-impl/2.3.0.1/jaxb-impl-2.3.0.1.jar:/home/user/.m2/repository/com/sun/xml/bind/jaxb-core/2.3.0.1/jaxb-core-2.3.0.1.jar:/home/user/.m2/repository/javax/xml/bind/jaxb-api/2.3.0/jaxb-api-2.3.0.jar:/home/user/.m2/repository/javax/activation/activation/1.1.1/activation-1.1.1.jar:/home/user/.m2/repository/org/apache/hadoop/hadoop-ozone-csi/1.1.0-SNAPSHOT/hadoop-ozone-csi-1.1.0-SNAPSHOT.jar:/home/user/.m2/repository/com/google/protobuf/protobuf-java-util/3.11.0/protobuf-java-util-3.11.0.jar:/home/user/.m2/repository/com/google/code/gson/gson/2.2.4/gson-2.2.4.jar:/home/user/.m2/repository/org/apache/hadoop/hadoop-hdds-config/1.1.0-SNAPSHOT/hadoop-hdds-config-1.1.0-SNAPSHOT.jar:/home/user/.m2/repository/com/google/protobuf/protobuf-java/2.5.0/protobuf-java-2.5.0.jar:/home/user/.m2/repository/io/grpc/grpc-netty/1.29.0/grpc-netty-1.29.0.jar:/home/user/.m2/repository/io/grpc/grpc-core/1.29.0/grpc-core-1.29.0.jar:/home/user/.m2/repository/com/google/android/annotations/4.1.1.4/annotations-4.1.1.4.jar:/home/user/.m2/repository/io/perfmark/perfmark-api/0.19.0/perfmark-api-0.19.0.jar:/home/user/.m2/repository/io/netty/netty-codec-http2/4.1.48.Final/netty-codec-http2-4.1.48.Final.jar:/home/user/.m2/repository/io/netty/netty-codec/4.1.48.Final/netty-codec-4.1.48.Final.jar:/home/user/.m2/repository/io/netty/netty-handler/4.1.48.Final/netty-handler-4.1.48.Final.jar:/home/user/.m2/repository/io/netty/netty-codec-http/4.1.48.Final/netty-codec-http-4.1.48.Final.jar:/home/user/.m2/repository/io/netty/netty-handler-proxy/4.1.48.Final/netty-handler-proxy-4.1.48.Final.jar:/home/user/.m2/repository/io/netty/netty-codec-socks/4.1.48.Final/netty-codec-socks-4.1.48.Final.jar:/home/user/.m2/repository/io/netty/netty-transport-native-epoll/4.1.48.Final/netty-transport-native-epoll-4.1.48.Final.jar:/home/user/.m2/repository/io/netty/netty-common/4.1.48.Final/netty-common-4.1.48.Final.jar:/home/user/.m2/repository/io/netty/netty-buffer/4.1.48.Final/netty-buffer-4.1.48.Final.jar:/home/user/.m2/repository/io/netty/netty-transport/4.1.48.Final/netty-transport-4.1.48.Final.jar:/home/user/.m2/repository/io/netty/netty-resolver/4.1.48.Final/netty-resolver-4.1.48.Final.jar:/home/user/.m2/repository/io/netty/netty-transport-native-unix-common/4.1.48.Final/netty-transport-native-unix-common-4.1.48.Final.jar:/home/user/.m2/repository/io/grpc/grpc-protobuf/1.29.0/grpc-protobuf-1.29.0.jar:/home/user/.m2/repository/io/grpc/grpc-api/1.29.0/grpc-api-1.29.0.jar:/home/user/.m2/repository/io/grpc/grpc-context/1.29.0/grpc-context-1.29.0.jar:/home/user/.m2/repository/org/codehaus/mojo/animal-sniffer-annotations/1.18/animal-sniffer-annotations-1.18.jar:/home/user/.m2/repository/com/google/api/grpc/proto-google-common-protos/1.17.0/proto-google-common-protos-1.17.0.jar:/home/user/.m2/repository/io/grpc/grpc-protobuf-lite/1.29.0/grpc-protobuf-lite-1.29.0.jar:/home/user/.m2/repository/io/grpc/grpc-stub/1.29.0/grpc-stub-1.29.0.jar:/home/user/.m2/repository/org/apache/hadoop/hadoop-ozone-recon/1.1.0-SNAPSHOT/hadoop-ozone-recon-1.1.0-SNAPSHOT.jar:/home/user/.m2/repository/org/apache/hadoop/hadoop-ozone-reconcodegen/1.1.0-SNAPSHOT/hadoop-ozone-reconcodegen-1.1.0-SNAPSHOT.jar:/home/user/.m2/repository/com/google/inject/extensions/guice-multibindings/4.0/guice-multibindings-4.0.jar:/home/user/.m2/repository/com/google/inject/guice/4.0/guice-4.0.jar:/home/user/.m2/repository/aopalliance/aopalliance/1.0/aopalliance-1.0.jar:/home/user/.m2/repository/com/google/inject/extensions/guice-assistedinject/4.0/guice-assistedinject-4.0.jar:/home/user/.m2/repository/com/google/inject/extensions/guice-servlet/4.0/guice-servlet-4.0.jar:/home/user/.m2/repository/org/glassfish/jersey/containers/jersey-container-servlet/2.27/jersey-container-servlet-2.27.jar:/home/user/.m2/repository/org/glassfish/hk2/guice-bridge/2.5.0/guice-bridge-2.5.0.jar:/home/user/.m2/repository/org/glassfish/jersey/core/jersey-server/2.27/jersey-server-2.27.jar:/home/user/.m2/repository/org/glassfish/jersey/core/jersey-client/2.27/jersey-client-2.27.jar:/home/user/.m2/repository/org/glassfish/jersey/media/jersey-media-jaxb/2.27/jersey-media-jaxb-2.27.jar:/home/user/.m2/repository/javax/validation/validation-api/1.1.0.Final/validation-api-1.1.0.Final.jar:/home/user/.m2/repository/org/glassfish/jersey/media/jersey-media-json-jackson/2.27/jersey-media-json-jackson-2.27.jar:/home/user/.m2/repository/org/glassfish/jersey/ext/jersey-entity-filtering/2.27/jersey-entity-filtering-2.27.jar:/home/user/.m2/repository/org/jooq/jooq/3.11.10/jooq-3.11.10.jar:/home/user/.m2/repository/org/jooq/jooq-meta/3.11.10/jooq-meta-3.11.10.jar:/home/user/.m2/repository/org/jooq/jooq-codegen/3.11.10/jooq-codegen-3.11.10.jar:/home/user/.m2/repository/com/jolbox/bonecp/0.8.0.RELEASE/bonecp-0.8.0.RELEASE.jar:/home/user/.m2/repository/org/apache/derby/derby/10.14.2.0/derby-10.14.2.0.jar:/home/user/.m2/repository/org/xerial/sqlite-jdbc/3.25.2/sqlite-jdbc-3.25.2.jar:/home/user/.m2/repository/org/springframework/spring-jdbc/5.2.5.RELEASE/spring-jdbc-5.2.5.RELEASE.jar:/home/user/.m2/repository/org/springframework/spring-beans/5.2.5.RELEASE/spring-beans-5.2.5.RELEASE.jar:/home/user/.m2/repository/org/springframework/spring-core/5.2.5.RELEASE/spring-core-5.2.5.RELEASE.jar:/home/user/.m2/repository/org/springframework/spring-jcl/5.2.5.RELEASE/spring-jcl-5.2.5.RELEASE.jar:/home/user/.m2/repository/org/springframework/spring-tx/5.2.5.RELEASE/spring-tx-5.2.5.RELEASE.jar:/home/user/.m2/repository/org/apache/hadoop/hadoop-ozone-client/1.1.0-SNAPSHOT/hadoop-ozone-client-1.1.0-SNAPSHOT.jar:/home/user/.m2/repository/org/apache/hadoop/hadoop-ozone-filesystem/1.1.0-SNAPSHOT/hadoop-ozone-filesystem-1.1.0-SNAPSHOT.jar:/home/user/.m2/repository/org/apache/hadoop/hadoop-ozone-filesystem-common/1.1.0-SNAPSHOT/hadoop-ozone-filesystem-common-1.1.0-SNAPSHOT.jar:/home/user/.m2/repository/org/apache/hadoop/hadoop-ozone-tools/1.1.0-SNAPSHOT/hadoop-ozone-tools-1.1.0-SNAPSHOT.jar:/home/user/.m2/repository/org/apache/ratis/ratis-tools/1.1.0-913f5a4-SNAPSHOT/ratis-tools-1.1.0-913f5a4-SNAPSHOT.jar:/home/user/.m2/repository/org/apache/ratis/ratis-proto/1.1.0-913f5a4-SNAPSHOT/ratis-proto-1.1.0-913f5a4-SNAPSHOT.jar:/home/user/.m2/repository/org/apache/ratis/ratis-common/1.1.0-913f5a4-SNAPSHOT/ratis-common-1.1.0-913f5a4-SNAPSHOT.jar:/home/user/.m2/repository/com/amazonaws/aws-java-sdk-core/1.11.901/aws-java-sdk-core-1.11.901.jar:/home/user/.m2/repository/org/apache/httpcomponents/httpclient/4.5.13/httpclient-4.5.13.jar:/home/user/.m2/repository/org/apache/httpcomponents/httpcore/4.4.13/httpcore-4.4.13.jar:/home/user/.m2/repository/software/amazon/ion/ion-java/1.0.2/ion-java-1.0.2.jar:/home/user/.m2/repository/com/fasterxml/jackson/dataformat/jackson-dataformat-cbor/2.10.3/jackson-dataformat-cbor-2.10.3.jar:/home/user/.m2/repository/joda-time/joda-time/2.8.1/joda-time-2.8.1.jar:/home/user/.m2/repository/com/amazonaws/aws-java-sdk-s3/1.11.901/aws-java-sdk-s3-1.11.901.jar:/home/user/.m2/repository/com/amazonaws/aws-java-sdk-kms/1.11.901/aws-java-sdk-kms-1.11.901.jar:/home/user/.m2/repository/com/amazonaws/jmespath-java/1.11.901/jmespath-java-1.11.901.jar:/home/user/.m2/repository/org/kohsuke/metainf-services/metainf-services/1.8/metainf-services-1.8.jar:/home/user/.m2/repository/org/apache/hadoop/hadoop-hdds-tools/1.1.0-SNAPSHOT/hadoop-hdds-tools-1.1.0-SNAPSHOT.jar:/home/user/.m2/repository/commons-cli/commons-cli/1.2/commons-cli-1.2.jar:/home/user/.m2/repository/org/apache/commons/commons-lang3/3.7/commons-lang3-3.7.jar:/home/user/.m2/repository/org/apache/hadoop/hadoop-ozone-ozone-manager/1.1.0-SNAPSHOT/hadoop-ozone-ozone-manager-1.1.0-SNAPSHOT-tests.jar:/home/user/.m2/repository/org/apache/hadoop/hadoop-hdds-common/1.1.0-SNAPSHOT/hadoop-hdds-common-1.1.0-SNAPSHOT-tests.jar:/home/user/.m2/repository/org/apache/hadoop/hadoop-hdds-hadoop-dependency-client/1.1.0-SNAPSHOT/hadoop-hdds-hadoop-dependency-client-1.1.0-SNAPSHOT.jar:/home/user/.m2/repository/info/picocli/picocli/4.4.0/picocli-4.4.0.jar:/home/user/.m2/repository/com/fasterxml/jackson/core/jackson-annotations/2.10.3/jackson-annotations-2.10.3.jar:/home/user/.m2/repository/javax/annotation/javax.annotation-api/1.2/javax.annotation-api-1.2.jar:/home/user/.m2/repository/org/fusesource/leveldbjni/leveldbjni-all/1.8/leveldbjni-all-1.8.jar:/home/user/.m2/repository/org/apache/ratis/ratis-server/1.1.0-913f5a4-SNAPSHOT/ratis-server-1.1.0-913f5a4-SNAPSHOT.jar:/home/user/.m2/repository/org/apache/ratis/ratis-client/1.1.0-913f5a4-SNAPSHOT/ratis-client-1.1.0-913f5a4-SNAPSHOT.jar:/home/user/.m2/repository/org/apache/ratis/ratis-metrics/1.1.0-913f5a4-SNAPSHOT/ratis-metrics-1.1.0-913f5a4-SNAPSHOT.jar:/home/user/.m2/repository/org/apache/ratis/ratis-netty/1.1.0-913f5a4-SNAPSHOT/ratis-netty-1.1.0-913f5a4-SNAPSHOT.jar:/home/user/.m2/repository/org/apache/ratis/ratis-grpc/1.1.0-913f5a4-SNAPSHOT/ratis-grpc-1.1.0-913f5a4-SNAPSHOT.jar:/home/user/.m2/repository/org/apache/logging/log4j/log4j-api/2.13.3/log4j-api-2.13.3.jar:/home/user/.m2/repository/org/apache/logging/log4j/log4j-core/2.13.3/log4j-core-2.13.3.jar:/home/user/.m2/repository/com/lmax/disruptor/3.4.2/disruptor-3.4.2.jar:/home/user/.m2/repository/org/apache/commons/commons-pool2/2.6.0/commons-pool2-2.6.0.jar:/home/user/.m2/repository/org/bouncycastle/bcpkix-jdk15on/1.60/bcpkix-jdk15on-1.60.jar:/home/user/.m2/repository/commons-validator/commons-validator/1.6/commons-validator-1.6.jar:/home/user/.m2/repository/commons-beanutils/commons-beanutils/1.9.4/commons-beanutils-1.9.4.jar:/home/user/.m2/repository/commons-digester/commons-digester/1.8.1/commons-digester-1.8.1.jar:/home/user/.m2/repository/commons-collections/commons-collections/3.2.2/commons-collections-3.2.2.jar:/home/user/.m2/repository/io/jaegertracing/jaeger-client/1.2.0/jaeger-client-1.2.0.jar:/home/user/.m2/repository/io/jaegertracing/jaeger-thrift/1.2.0/jaeger-thrift-1.2.0.jar:/home/user/.m2/repository/org/apache/thrift/libthrift/0.13.0/libthrift-0.13.0.jar:/home/user/.m2/repository/com/squareup/okhttp3/okhttp/4.2.2/okhttp-4.2.2.jar:/home/user/.m2/repository/com/squareup/okio/okio/2.2.2/okio-2.2.2.jar:/home/user/.m2/repository/org/jetbrains/kotlin/kotlin-stdlib/1.3.50/kotlin-stdlib-1.3.50.jar:/home/user/.m2/repository/org/jetbrains/kotlin/kotlin-stdlib-common/1.3.50/kotlin-stdlib-common-1.3.50.jar:/home/user/.m2/repository/org/jetbrains/annotations/13.0/annotations-13.0.jar:/home/user/.m2/repository/io/jaegertracing/jaeger-core/1.2.0/jaeger-core-1.2.0.jar:/home/user/.m2/repository/io/jaegertracing/jaeger-tracerresolver/1.2.0/jaeger-tracerresolver-1.2.0.jar:/home/user/.m2/repository/io/opentracing/contrib/opentracing-tracerresolver/0.1.8/opentracing-tracerresolver-0.1.8.jar:/home/user/.m2/repository/io/opentracing/opentracing-util/0.33.0/opentracing-util-0.33.0.jar:/home/user/.m2/repository/io/opentracing/opentracing-api/0.33.0/opentracing-api-0.33.0.jar:/home/user/.m2/repository/io/opentracing/opentracing-noop/0.33.0/opentracing-noop-0.33.0.jar:/home/user/.m2/repository/org/yaml/snakeyaml/1.26/snakeyaml-1.26.jar:/home/user/.m2/repository/junit/junit/4.11/junit-4.11.jar:/home/user/.m2/repository/org/hamcrest/hamcrest-core/1.3/hamcrest-core-1.3.jar:/home/user/.m2/repository/org/openjdk/jmh/jmh-core/1.19/jmh-core-1.19.jar:/home/user/.m2/repository/net/sf/jopt-simple/jopt-simple/4.6/jopt-simple-4.6.jar:/home/user/.m2/repository/org/apache/commons/commons-math3/3.1.1/commons-math3-3.1.1.jar:/home/user/.m2/repository/org/openjdk/jmh/jmh-generator-annprocess/1.19/jmh-generator-annprocess-1.19.jar:/home/user/.m2/repository/org/mockito/mockito-all/1.8.5/mockito-all-1.8.5.jar:/home/user/.m2/repository/org/apache/hadoop/hadoop-kms/3.2.1/hadoop-kms-3.2.1.jar:/home/user/.m2/repository/org/apache/hadoop/hadoop-auth/3.2.1/hadoop-auth-3.2.1.jar:/home/user/.m2/repository/com/nimbusds/nimbus-jose-jwt/7.9/nimbus-jose-jwt-7.9.jar:/home/user/.m2/repository/com/github/stephenc/jcip/jcip-annotations/1.0-1/jcip-annotations-1.0-1.jar:/home/user/.m2/repository/net/minidev/json-smart/2.3/json-smart-2.3.jar:/home/user/.m2/repository/net/minidev/accessors-smart/1.2/accessors-smart-1.2.jar:/home/user/.m2/repository/org/ow2/asm/asm/5.0.4/asm-5.0.4.jar:/home/user/.m2/repository/org/apache/zookeeper/zookeeper/3.4.13/zookeeper-3.4.13.jar:/home/user/.m2/repository/org/apache/yetus/audience-annotations/0.5.0/audience-annotations-0.5.0.jar:/home/user/.m2/repository/org/apache/curator/curator-framework/2.13.0/curator-framework-2.13.0.jar:/home/user/.m2/repository/com/sun/jersey/jersey-core/1.19/jersey-core-1.19.jar:/home/user/.m2/repository/javax/ws/rs/jsr311-api/1.1.1/jsr311-api-1.1.1.jar:/home/user/.m2/repository/com/sun/jersey/jersey-server/1.19/jersey-server-1.19.jar:/home/user/.m2/repository/javax/servlet/javax.servlet-api/3.1.0/javax.servlet-api-3.1.0.jar:/home/user/.m2/repository/org/eclipse/jetty/jetty-server/9.4.34.v20201102/jetty-server-9.4.34.v20201102.jar:/home/user/.m2/repository/org/eclipse/jetty/jetty-http/9.4.34.v20201102/jetty-http-9.4.34.v20201102.jar:/home/user/.m2/repository/org/eclipse/jetty/jetty-io/9.4.34.v20201102/jetty-io-9.4.34.v20201102.jar:/home/user/.m2/repository/org/eclipse/jetty/jetty-webapp/9.4.34.v20201102/jetty-webapp-9.4.34.v20201102.jar:/home/user/.m2/repository/org/eclipse/jetty/jetty-xml/9.4.34.v20201102/jetty-xml-9.4.34.v20201102.jar:/home/user/.m2/repository/org/apache/hadoop/hadoop-common/3.2.1/hadoop-common-3.2.1.jar:/home/user/.m2/repository/commons-net/commons-net/3.6/commons-net-3.6.jar:/home/user/.m2/repository/com/sun/jersey/jersey-servlet/1.19/jersey-servlet-1.19.jar:/home/user/.m2/repository/com/sun/jersey/jersey-json/1.19/jersey-json-1.19.jar:/home/user/.m2/repository/org/codehaus/jettison/jettison/1.1/jettison-1.1.jar:/home/user/.m2/repository/org/codehaus/jackson/jackson-jaxrs/1.9.2/jackson-jaxrs-1.9.2.jar:/home/user/.m2/repository/org/codehaus/jackson/jackson-xc/1.9.2/jackson-xc-1.9.2.jar:/home/user/.m2/repository/org/apache/commons/commons-configuration2/2.1.1/commons-configuration2-2.1.1.jar:/home/user/.m2/repository/org/apache/commons/commons-text/1.4/commons-text-1.4.jar:/home/user/.m2/repository/com/google/re2j/re2j/1.1/re2j-1.1.jar:/home/user/.m2/repository/com/jcraft/jsch/0.1.54/jsch-0.1.54.jar:/home/user/.m2/repository/org/apache/curator/curator-client/2.13.0/curator-client-2.13.0.jar:/home/user/.m2/repository/org/apache/curator/curator-recipes/2.13.0/curator-recipes-2.13.0.jar:/home/user/.m2/repository/dnsjava/dnsjava/2.1.7/dnsjava-2.1.7.jar:/home/user/.m2/repository/org/slf4j/jul-to-slf4j/1.7.30/jul-to-slf4j-1.7.30.jar:/home/user/.m2/repository/org/eclipse/jetty/jetty-util/9.4.34.v20201102/jetty-util-9.4.34.v20201102.jar:/home/user/.m2/repository/com/fasterxml/jackson/core/jackson-databind/2.10.3/jackson-databind-2.10.3.jar:/home/user/.m2/repository/org/apache/hadoop/hadoop-kms/3.2.1/hadoop-kms-3.2.1-tests.jar:/home/user/.m2/repository/org/apache/hadoop/hadoop-hdds-server-scm/1.1.0-SNAPSHOT/hadoop-hdds-server-scm-1.1.0-SNAPSHOT-tests.jar:/home/user/.m2/repository/org/apache/hadoop/hadoop-hdds-container-service/1.1.0-SNAPSHOT/hadoop-hdds-container-service-1.1.0-SNAPSHOT-tests.jar:/home/user/.m2/repository/commons-codec/commons-codec/1.11/commons-codec-1.11.jar:/home/user/.m2/repository/org/apache/hadoop/hadoop-hdds-hadoop-dependency-test/1.1.0-SNAPSHOT/hadoop-hdds-hadoop-dependency-test-1.1.0-SNAPSHOT.jar:/home/user/.m2/repository/org/apache/hadoop/hadoop-common/3.2.1/hadoop-common-3.2.1-tests.jar:/home/user/.m2/repository/org/apache/hadoop/hadoop-hdfs/3.2.1/hadoop-hdfs-3.2.1-tests.jar:/home/user/.m2/repository/org/eclipse/jetty/jetty-util-ajax/9.4.34.v20201102/jetty-util-ajax-9.4.34.v20201102.jar:/home/user/.m2/repository/commons-daemon/commons-daemon/1.0.13/commons-daemon-1.0.13.jar:/home/user/.m2/repository/io/netty/netty/3.10.5.Final/netty-3.10.5.Final.jar:/home/user/.m2/repository/io/netty/netty-all/4.1.48.Final/netty-all-4.1.48.Final.jar:/home/user/.m2/repository/org/apache/htrace/htrace-core4/4.1.0-incubating/htrace-core4-4.1.0-incubating.jar:/home/user/.m2/repository/org/apache/hadoop/hadoop-distcp/3.2.1/hadoop-distcp-3.2.1.jar:/home/user/.m2/repository/org/apache/hadoop/hadoop-mapreduce-client-jobclient/3.2.1/hadoop-mapreduce-client-jobclient-3.2.1.jar:/home/user/.m2/repository/org/apache/hadoop/hadoop-mapreduce-client-common/3.2.1/hadoop-mapreduce-client-common-3.2.1.jar:/home/user/.m2/repository/org/apache/hadoop/hadoop-yarn-common/3.2.1/hadoop-yarn-common-3.2.1.jar:/home/user/.m2/repository/org/apache/hadoop/hadoop-yarn-api/3.2.1/hadoop-yarn-api-3.2.1.jar:/home/user/.m2/repository/com/sun/jersey/jersey-client/1.19/jersey-client-1.19.jar:/home/user/.m2/repository/com/sun/jersey/contribs/jersey-guice/1.19/jersey-guice-1.19.jar:/home/user/.m2/repository/com/fasterxml/jackson/jaxrs/jackson-jaxrs-json-provider/2.10.3/jackson-jaxrs-json-provider-2.10.3.jar:/home/user/.m2/repository/com/fasterxml/jackson/jaxrs/jackson-jaxrs-base/2.10.3/jackson-jaxrs-base-2.10.3.jar:/home/user/.m2/repository/org/apache/hadoop/hadoop-yarn-client/3.2.1/hadoop-yarn-client-3.2.1.jar:/home/user/.m2/repository/org/apache/hadoop/hadoop-mapreduce-client-core/3.2.1/hadoop-mapreduce-client-core-3.2.1.jar:/home/user/.m2/repository/org/apache/avro/avro/1.7.7/avro-1.7.7.jar:/home/user/.m2/repository/org/codehaus/jackson/jackson-core-asl/1.9.13/jackson-core-asl-1.9.13.jar:/home/user/.m2/repository/org/codehaus/jackson/jackson-mapper-asl/1.9.13/jackson-mapper-asl-1.9.13.jar:/home/user/.m2/repository/com/thoughtworks/paranamer/paranamer/2.3/paranamer-2.3.jar:/home/user/.m2/repository/org/xerial/snappy/snappy-java/1.0.5/snappy-java-1.0.5.jar:/home/user/.m2/repository/org/apache/hadoop/hadoop-annotations/3.2.1/hadoop-annotations-3.2.1.jar:/usr/lib/jvm/java-1.8.0-openjdk-1.8.0.232.b09-0.el7_7.x86_64/jre/../lib/tools.jar:/home/user/.m2/repository/org/apache/hadoop/hadoop-distcp/3.2.1/hadoop-distcp-3.2.1-tests.jar:"/>
    <property name="java.vm.vendor" value="Oracle Corporation"/>
    <property name="sun.arch.data.model" value="64"/>
    <property name="test.build.dir" value="/github/workspace/mnt/ozone/hadoop-ozone/integration-test/target/test-dir"/>
    <property name="test.cache.data" value=""/>
    <property name="java.vendor.url" value="http://java.oracle.com/"/>
    <property name="user.timezone" value=""/>
    <property name="java.vm.specification.version" value="1.8"/>
    <property name="os.name" value="Linux"/>
    <property name="test.build.data" value="/github/workspace/mnt/ozone/hadoop-ozone/integration-test/target/test-dir"/>
    <property name="user.country" value="US"/>
    <property name="sun.java.launcher" value="SUN_STANDARD"/>
    <property name="sun.boot.library.path" value="/usr/lib/jvm/java-1.8.0-openjdk-1.8.0.232.b09-0.el7_7.x86_64/jre/lib/amd64"/>
    <property name="sun.java.command" value="/github/workspace/mnt/ozone/hadoop-ozone/integration-test/target/surefire/surefirebooter8124309106655597648.jar /github/workspace/mnt/ozone/hadoop-ozone/integration-test/target/surefire 2020-12-08T01-29-05_722-jvmRun1 surefire4022800228896494950tmp surefire_205457206174836515570tmp"/>
    <property name="surefire.test.class.path" value="/github/workspace/mnt/ozone/hadoop-ozone/integration-test/target/test-classes:/github/workspace/mnt/ozone/hadoop-ozone/integration-test/target/classes:/home/user/.m2/repository/org/apache/hadoop/hadoop-ozone-common/1.1.0-SNAPSHOT/hadoop-ozone-common-1.1.0-SNAPSHOT.jar:/home/user/.m2/repository/org/apache/commons/commons-compress/1.4.1/commons-compress-1.4.1.jar:/home/user/.m2/repository/org/tukaani/xz/1.0/xz-1.0.jar:/home/user/.m2/repository/org/apache/hadoop/hadoop-hdds-common/1.1.0-SNAPSHOT/hadoop-hdds-common-1.1.0-SNAPSHOT.jar:/home/user/.m2/repository/org/apache/hadoop/hadoop-hdds-client/1.1.0-SNAPSHOT/hadoop-hdds-client-1.1.0-SNAPSHOT.jar:/home/user/.m2/repository/org/apache/hadoop/hadoop-ozone-interface-client/1.1.0-SNAPSHOT/hadoop-ozone-interface-client-1.1.0-SNAPSHOT.jar:/home/user/.m2/repository/org/apache/hadoop/hadoop-hdds-test-utils/1.1.0-SNAPSHOT/hadoop-hdds-test-utils-1.1.0-SNAPSHOT.jar:/home/user/.m2/repository/com/google/guava/guava/28.2-jre/guava-28.2-jre.jar:/home/user/.m2/repository/com/google/guava/failureaccess/1.0.1/failureaccess-1.0.1.jar:/home/user/.m2/repository/com/google/guava/listenablefuture/9999.0-empty-to-avoid-conflict-with-guava/listenablefuture-9999.0-empty-to-avoid-conflict-with-guava.jar:/home/user/.m2/repository/com/google/code/findbugs/jsr305/3.0.0/jsr305-3.0.0.jar:/home/user/.m2/repository/org/checkerframework/checker-qual/2.10.0/checker-qual-2.10.0.jar:/home/user/.m2/repository/com/google/errorprone/error_prone_annotations/2.2.0/error_prone_annotations-2.2.0.jar:/home/user/.m2/repository/com/google/j2objc/j2objc-annotations/1.3/j2objc-annotations-1.3.jar:/home/user/.m2/repository/commons-io/commons-io/2.5/commons-io-2.5.jar:/home/user/.m2/repository/commons-logging/commons-logging/1.2/commons-logging-1.2.jar:/home/user/.m2/repository/log4j/log4j/1.2.17/log4j-1.2.17.jar:/home/user/.m2/repository/org/slf4j/slf4j-api/1.7.30/slf4j-api-1.7.30.jar:/home/user/.m2/repository/org/apache/hadoop/hadoop-hdds-server-scm/1.1.0-SNAPSHOT/hadoop-hdds-server-scm-1.1.0-SNAPSHOT.jar:/home/user/.m2/repository/org/apache/hadoop/hadoop-hdds-container-service/1.1.0-SNAPSHOT/hadoop-hdds-container-service-1.1.0-SNAPSHOT.jar:/home/user/.m2/repository/org/apache/hadoop/hadoop-hdds-hadoop-dependency-server/1.1.0-SNAPSHOT/hadoop-hdds-hadoop-dependency-server-1.1.0-SNAPSHOT.jar:/home/user/.m2/repository/org/apache/hadoop/hadoop-hdfs/3.2.1/hadoop-hdfs-3.2.1.jar:/home/user/.m2/repository/org/apache/hadoop/hadoop-hdds-server-framework/1.1.0-SNAPSHOT/hadoop-hdds-server-framework-1.1.0-SNAPSHOT.jar:/home/user/.m2/repository/org/apache/hadoop/hadoop-hdds-interface-server/1.1.0-SNAPSHOT/hadoop-hdds-interface-server-1.1.0-SNAPSHOT.jar:/home/user/.m2/repository/org/apache/hadoop/hadoop-hdds-interface-admin/1.1.0-SNAPSHOT/hadoop-hdds-interface-admin-1.1.0-SNAPSHOT.jar:/home/user/.m2/repository/org/eclipse/jetty/jetty-servlet/9.4.34.v20201102/jetty-servlet-9.4.34.v20201102.jar:/home/user/.m2/repository/org/eclipse/jetty/jetty-security/9.4.34.v20201102/jetty-security-9.4.34.v20201102.jar:/home/user/.m2/repository/org/rocksdb/rocksdbjni/6.8.1/rocksdbjni-6.8.1.jar:/home/user/.m2/repository/io/prometheus/simpleclient_dropwizard/0.7.0/simpleclient_dropwizard-0.7.0.jar:/home/user/.m2/repository/io/prometheus/simpleclient/0.7.0/simpleclient-0.7.0.jar:/home/user/.m2/repository/io/prometheus/simpleclient_common/0.7.0/simpleclient_common-0.7.0.jar:/home/user/.m2/repository/com/fasterxml/jackson/datatype/jackson-datatype-jsr310/2.10.3/jackson-datatype-jsr310-2.10.3.jar:/home/user/.m2/repository/io/dropwizard/metrics/metrics-core/3.2.4/metrics-core-3.2.4.jar:/home/user/.m2/repository/org/apache/hadoop/hadoop-hdfs-client/3.2.1/hadoop-hdfs-client-3.2.1.jar:/home/user/.m2/repository/org/bouncycastle/bcprov-jdk15on/1.60/bcprov-jdk15on-1.60.jar:/home/user/.m2/repository/org/apache/hadoop/hadoop-ozone-ozone-manager/1.1.0-SNAPSHOT/hadoop-ozone-ozone-manager-1.1.0-SNAPSHOT.jar:/home/user/.m2/repository/org/apache/hadoop/hadoop-hdds-interface-client/1.1.0-SNAPSHOT/hadoop-hdds-interface-client-1.1.0-SNAPSHOT.jar:/home/user/.m2/repository/org/apache/ratis/ratis-thirdparty-misc/0.6.0-SNAPSHOT/ratis-thirdparty-misc-0.6.0-SNAPSHOT.jar:/home/user/.m2/repository/org/apache/hadoop/hadoop-ozone-interface-storage/1.1.0-SNAPSHOT/hadoop-ozone-interface-storage-1.1.0-SNAPSHOT.jar:/home/user/.m2/repository/org/apache/hadoop/hadoop-minikdc/3.2.1/hadoop-minikdc-3.2.1.jar:/home/user/.m2/repository/org/apache/kerby/kerb-simplekdc/1.0.1/kerb-simplekdc-1.0.1.jar:/home/user/.m2/repository/org/apache/kerby/kerb-client/1.0.1/kerb-client-1.0.1.jar:/home/user/.m2/repository/org/apache/kerby/kerby-config/1.0.1/kerby-config-1.0.1.jar:/home/user/.m2/repository/org/apache/kerby/kerb-core/1.0.1/kerb-core-1.0.1.jar:/home/user/.m2/repository/org/apache/kerby/kerby-pkix/1.0.1/kerby-pkix-1.0.1.jar:/home/user/.m2/repository/org/apache/kerby/kerby-asn1/1.0.1/kerby-asn1-1.0.1.jar:/home/user/.m2/repository/org/apache/kerby/kerby-util/1.0.1/kerby-util-1.0.1.jar:/home/user/.m2/repository/org/apache/kerby/kerb-common/1.0.1/kerb-common-1.0.1.jar:/home/user/.m2/repository/org/apache/kerby/kerb-crypto/1.0.1/kerb-crypto-1.0.1.jar:/home/user/.m2/repository/org/apache/kerby/kerb-util/1.0.1/kerb-util-1.0.1.jar:/home/user/.m2/repository/org/apache/kerby/token-provider/1.0.1/token-provider-1.0.1.jar:/home/user/.m2/repository/org/apache/kerby/kerb-admin/1.0.1/kerb-admin-1.0.1.jar:/home/user/.m2/repository/org/apache/kerby/kerb-server/1.0.1/kerb-server-1.0.1.jar:/home/user/.m2/repository/org/apache/kerby/kerb-identity/1.0.1/kerb-identity-1.0.1.jar:/home/user/.m2/repository/org/apache/kerby/kerby-xdr/1.0.1/kerby-xdr-1.0.1.jar:/home/user/.m2/repository/org/slf4j/slf4j-log4j12/1.7.30/slf4j-log4j12-1.7.30.jar:/home/user/.m2/repository/org/apache/hadoop/hadoop-ozone-s3gateway/1.1.0-SNAPSHOT/hadoop-ozone-s3gateway-1.1.0-SNAPSHOT.jar:/home/user/.m2/repository/org/jboss/weld/servlet/weld-servlet/2.4.7.Final/weld-servlet-2.4.7.Final.jar:/home/user/.m2/repository/org/glassfish/jersey/containers/jersey-container-servlet-core/2.27/jersey-container-servlet-core-2.27.jar:/home/user/.m2/repository/org/glassfish/hk2/external/javax.inject/2.5.0-b42/javax.inject-2.5.0-b42.jar:/home/user/.m2/repository/org/glassfish/jersey/core/jersey-common/2.27/jersey-common-2.27.jar:/home/user/.m2/repository/org/glassfish/hk2/osgi-resource-locator/1.0.1/osgi-resource-locator-1.0.1.jar:/home/user/.m2/repository/javax/ws/rs/javax.ws.rs-api/2.1/javax.ws.rs-api-2.1.jar:/home/user/.m2/repository/org/glassfish/jersey/ext/cdi/jersey-cdi1x/2.27/jersey-cdi1x-2.27.jar:/home/user/.m2/repository/org/glassfish/jersey/inject/jersey-hk2/2.27/jersey-hk2-2.27.jar:/home/user/.m2/repository/org/glassfish/hk2/hk2-locator/2.5.0-b42/hk2-locator-2.5.0-b42.jar:/home/user/.m2/repository/org/javassist/javassist/3.22.0-CR2/javassist-3.22.0-CR2.jar:/home/user/.m2/repository/org/glassfish/hk2/hk2-api/2.5.0/hk2-api-2.5.0.jar:/home/user/.m2/repository/org/glassfish/hk2/external/jakarta.inject/2.5.0/jakarta.inject-2.5.0.jar:/home/user/.m2/repository/org/glassfish/hk2/hk2-utils/2.5.0/hk2-utils-2.5.0.jar:/home/user/.m2/repository/jakarta/annotation/jakarta.annotation-api/1.3.4/jakarta.annotation-api-1.3.4.jar:/home/user/.m2/repository/org/glassfish/hk2/external/aopalliance-repackaged/2.5.0/aopalliance-repackaged-2.5.0.jar:/home/user/.m2/repository/com/fasterxml/jackson/dataformat/jackson-dataformat-xml/2.10.3/jackson-dataformat-xml-2.10.3.jar:/home/user/.m2/repository/com/fasterxml/jackson/core/jackson-core/2.10.3/jackson-core-2.10.3.jar:/home/user/.m2/repository/com/fasterxml/jackson/module/jackson-module-jaxb-annotations/2.10.3/jackson-module-jaxb-annotations-2.10.3.jar:/home/user/.m2/repository/jakarta/xml/bind/jakarta.xml.bind-api/2.3.2/jakarta.xml.bind-api-2.3.2.jar:/home/user/.m2/repository/jakarta/activation/jakarta.activation-api/1.2.1/jakarta.activation-api-1.2.1.jar:/home/user/.m2/repository/org/codehaus/woodstox/stax2-api/3.1.4/stax2-api-3.1.4.jar:/home/user/.m2/repository/com/fasterxml/woodstox/woodstox-core/5.0.3/woodstox-core-5.0.3.jar:/home/user/.m2/repository/javax/enterprise/cdi-api/1.2/cdi-api-1.2.jar:/home/user/.m2/repository/javax/el/javax.el-api/3.0.0/javax.el-api-3.0.0.jar:/home/user/.m2/repository/javax/interceptor/javax.interceptor-api/1.2/javax.interceptor-api-1.2.jar:/home/user/.m2/repository/javax/inject/javax.inject/1/javax.inject-1.jar:/home/user/.m2/repository/com/sun/xml/bind/jaxb-impl/2.3.0.1/jaxb-impl-2.3.0.1.jar:/home/user/.m2/repository/com/sun/xml/bind/jaxb-core/2.3.0.1/jaxb-core-2.3.0.1.jar:/home/user/.m2/repository/javax/xml/bind/jaxb-api/2.3.0/jaxb-api-2.3.0.jar:/home/user/.m2/repository/javax/activation/activation/1.1.1/activation-1.1.1.jar:/home/user/.m2/repository/org/apache/hadoop/hadoop-ozone-csi/1.1.0-SNAPSHOT/hadoop-ozone-csi-1.1.0-SNAPSHOT.jar:/home/user/.m2/repository/com/google/protobuf/protobuf-java-util/3.11.0/protobuf-java-util-3.11.0.jar:/home/user/.m2/repository/com/google/code/gson/gson/2.2.4/gson-2.2.4.jar:/home/user/.m2/repository/org/apache/hadoop/hadoop-hdds-config/1.1.0-SNAPSHOT/hadoop-hdds-config-1.1.0-SNAPSHOT.jar:/home/user/.m2/repository/com/google/protobuf/protobuf-java/2.5.0/protobuf-java-2.5.0.jar:/home/user/.m2/repository/io/grpc/grpc-netty/1.29.0/grpc-netty-1.29.0.jar:/home/user/.m2/repository/io/grpc/grpc-core/1.29.0/grpc-core-1.29.0.jar:/home/user/.m2/repository/com/google/android/annotations/4.1.1.4/annotations-4.1.1.4.jar:/home/user/.m2/repository/io/perfmark/perfmark-api/0.19.0/perfmark-api-0.19.0.jar:/home/user/.m2/repository/io/netty/netty-codec-http2/4.1.48.Final/netty-codec-http2-4.1.48.Final.jar:/home/user/.m2/repository/io/netty/netty-codec/4.1.48.Final/netty-codec-4.1.48.Final.jar:/home/user/.m2/repository/io/netty/netty-handler/4.1.48.Final/netty-handler-4.1.48.Final.jar:/home/user/.m2/repository/io/netty/netty-codec-http/4.1.48.Final/netty-codec-http-4.1.48.Final.jar:/home/user/.m2/repository/io/netty/netty-handler-proxy/4.1.48.Final/netty-handler-proxy-4.1.48.Final.jar:/home/user/.m2/repository/io/netty/netty-codec-socks/4.1.48.Final/netty-codec-socks-4.1.48.Final.jar:/home/user/.m2/repository/io/netty/netty-transport-native-epoll/4.1.48.Final/netty-transport-native-epoll-4.1.48.Final.jar:/home/user/.m2/repository/io/netty/netty-common/4.1.48.Final/netty-common-4.1.48.Final.jar:/home/user/.m2/repository/io/netty/netty-buffer/4.1.48.Final/netty-buffer-4.1.48.Final.jar:/home/user/.m2/repository/io/netty/netty-transport/4.1.48.Final/netty-transport-4.1.48.Final.jar:/home/user/.m2/repository/io/netty/netty-resolver/4.1.48.Final/netty-resolver-4.1.48.Final.jar:/home/user/.m2/repository/io/netty/netty-transport-native-unix-common/4.1.48.Final/netty-transport-native-unix-common-4.1.48.Final.jar:/home/user/.m2/repository/io/grpc/grpc-protobuf/1.29.0/grpc-protobuf-1.29.0.jar:/home/user/.m2/repository/io/grpc/grpc-api/1.29.0/grpc-api-1.29.0.jar:/home/user/.m2/repository/io/grpc/grpc-context/1.29.0/grpc-context-1.29.0.jar:/home/user/.m2/repository/org/codehaus/mojo/animal-sniffer-annotations/1.18/animal-sniffer-annotations-1.18.jar:/home/user/.m2/repository/com/google/api/grpc/proto-google-common-protos/1.17.0/proto-google-common-protos-1.17.0.jar:/home/user/.m2/repository/io/grpc/grpc-protobuf-lite/1.29.0/grpc-protobuf-lite-1.29.0.jar:/home/user/.m2/repository/io/grpc/grpc-stub/1.29.0/grpc-stub-1.29.0.jar:/home/user/.m2/repository/org/apache/hadoop/hadoop-ozone-recon/1.1.0-SNAPSHOT/hadoop-ozone-recon-1.1.0-SNAPSHOT.jar:/home/user/.m2/repository/org/apache/hadoop/hadoop-ozone-reconcodegen/1.1.0-SNAPSHOT/hadoop-ozone-reconcodegen-1.1.0-SNAPSHOT.jar:/home/user/.m2/repository/com/google/inject/extensions/guice-multibindings/4.0/guice-multibindings-4.0.jar:/home/user/.m2/repository/com/google/inject/guice/4.0/guice-4.0.jar:/home/user/.m2/repository/aopalliance/aopalliance/1.0/aopalliance-1.0.jar:/home/user/.m2/repository/com/google/inject/extensions/guice-assistedinject/4.0/guice-assistedinject-4.0.jar:/home/user/.m2/repository/com/google/inject/extensions/guice-servlet/4.0/guice-servlet-4.0.jar:/home/user/.m2/repository/org/glassfish/jersey/containers/jersey-container-servlet/2.27/jersey-container-servlet-2.27.jar:/home/user/.m2/repository/org/glassfish/hk2/guice-bridge/2.5.0/guice-bridge-2.5.0.jar:/home/user/.m2/repository/org/glassfish/jersey/core/jersey-server/2.27/jersey-server-2.27.jar:/home/user/.m2/repository/org/glassfish/jersey/core/jersey-client/2.27/jersey-client-2.27.jar:/home/user/.m2/repository/org/glassfish/jersey/media/jersey-media-jaxb/2.27/jersey-media-jaxb-2.27.jar:/home/user/.m2/repository/javax/validation/validation-api/1.1.0.Final/validation-api-1.1.0.Final.jar:/home/user/.m2/repository/org/glassfish/jersey/media/jersey-media-json-jackson/2.27/jersey-media-json-jackson-2.27.jar:/home/user/.m2/repository/org/glassfish/jersey/ext/jersey-entity-filtering/2.27/jersey-entity-filtering-2.27.jar:/home/user/.m2/repository/org/jooq/jooq/3.11.10/jooq-3.11.10.jar:/home/user/.m2/repository/org/jooq/jooq-meta/3.11.10/jooq-meta-3.11.10.jar:/home/user/.m2/repository/org/jooq/jooq-codegen/3.11.10/jooq-codegen-3.11.10.jar:/home/user/.m2/repository/com/jolbox/bonecp/0.8.0.RELEASE/bonecp-0.8.0.RELEASE.jar:/home/user/.m2/repository/org/apache/derby/derby/10.14.2.0/derby-10.14.2.0.jar:/home/user/.m2/repository/org/xerial/sqlite-jdbc/3.25.2/sqlite-jdbc-3.25.2.jar:/home/user/.m2/repository/org/springframework/spring-jdbc/5.2.5.RELEASE/spring-jdbc-5.2.5.RELEASE.jar:/home/user/.m2/repository/org/springframework/spring-beans/5.2.5.RELEASE/spring-beans-5.2.5.RELEASE.jar:/home/user/.m2/repository/org/springframework/spring-core/5.2.5.RELEASE/spring-core-5.2.5.RELEASE.jar:/home/user/.m2/repository/org/springframework/spring-jcl/5.2.5.RELEASE/spring-jcl-5.2.5.RELEASE.jar:/home/user/.m2/repository/org/springframework/spring-tx/5.2.5.RELEASE/spring-tx-5.2.5.RELEASE.jar:/home/user/.m2/repository/org/apache/hadoop/hadoop-ozone-client/1.1.0-SNAPSHOT/hadoop-ozone-client-1.1.0-SNAPSHOT.jar:/home/user/.m2/repository/org/apache/hadoop/hadoop-ozone-filesystem/1.1.0-SNAPSHOT/hadoop-ozone-filesystem-1.1.0-SNAPSHOT.jar:/home/user/.m2/repository/org/apache/hadoop/hadoop-ozone-filesystem-common/1.1.0-SNAPSHOT/hadoop-ozone-filesystem-common-1.1.0-SNAPSHOT.jar:/home/user/.m2/repository/org/apache/hadoop/hadoop-ozone-tools/1.1.0-SNAPSHOT/hadoop-ozone-tools-1.1.0-SNAPSHOT.jar:/home/user/.m2/repository/org/apache/ratis/ratis-tools/1.1.0-913f5a4-SNAPSHOT/ratis-tools-1.1.0-913f5a4-SNAPSHOT.jar:/home/user/.m2/repository/org/apache/ratis/ratis-proto/1.1.0-913f5a4-SNAPSHOT/ratis-proto-1.1.0-913f5a4-SNAPSHOT.jar:/home/user/.m2/repository/org/apache/ratis/ratis-common/1.1.0-913f5a4-SNAPSHOT/ratis-common-1.1.0-913f5a4-SNAPSHOT.jar:/home/user/.m2/repository/com/amazonaws/aws-java-sdk-core/1.11.901/aws-java-sdk-core-1.11.901.jar:/home/user/.m2/repository/org/apache/httpcomponents/httpclient/4.5.13/httpclient-4.5.13.jar:/home/user/.m2/repository/org/apache/httpcomponents/httpcore/4.4.13/httpcore-4.4.13.jar:/home/user/.m2/repository/software/amazon/ion/ion-java/1.0.2/ion-java-1.0.2.jar:/home/user/.m2/repository/com/fasterxml/jackson/dataformat/jackson-dataformat-cbor/2.10.3/jackson-dataformat-cbor-2.10.3.jar:/home/user/.m2/repository/joda-time/joda-time/2.8.1/joda-time-2.8.1.jar:/home/user/.m2/repository/com/amazonaws/aws-java-sdk-s3/1.11.901/aws-java-sdk-s3-1.11.901.jar:/home/user/.m2/repository/com/amazonaws/aws-java-sdk-kms/1.11.901/aws-java-sdk-kms-1.11.901.jar:/home/user/.m2/repository/com/amazonaws/jmespath-java/1.11.901/jmespath-java-1.11.901.jar:/home/user/.m2/repository/org/kohsuke/metainf-services/metainf-services/1.8/metainf-services-1.8.jar:/home/user/.m2/repository/org/apache/hadoop/hadoop-hdds-tools/1.1.0-SNAPSHOT/hadoop-hdds-tools-1.1.0-SNAPSHOT.jar:/home/user/.m2/repository/commons-cli/commons-cli/1.2/commons-cli-1.2.jar:/home/user/.m2/repository/org/apache/commons/commons-lang3/3.7/commons-lang3-3.7.jar:/home/user/.m2/repository/org/apache/hadoop/hadoop-ozone-ozone-manager/1.1.0-SNAPSHOT/hadoop-ozone-ozone-manager-1.1.0-SNAPSHOT-tests.jar:/home/user/.m2/repository/org/apache/hadoop/hadoop-hdds-common/1.1.0-SNAPSHOT/hadoop-hdds-common-1.1.0-SNAPSHOT-tests.jar:/home/user/.m2/repository/org/apache/hadoop/hadoop-hdds-hadoop-dependency-client/1.1.0-SNAPSHOT/hadoop-hdds-hadoop-dependency-client-1.1.0-SNAPSHOT.jar:/home/user/.m2/repository/info/picocli/picocli/4.4.0/picocli-4.4.0.jar:/home/user/.m2/repository/com/fasterxml/jackson/core/jackson-annotations/2.10.3/jackson-annotations-2.10.3.jar:/home/user/.m2/repository/javax/annotation/javax.annotation-api/1.2/javax.annotation-api-1.2.jar:/home/user/.m2/repository/org/fusesource/leveldbjni/leveldbjni-all/1.8/leveldbjni-all-1.8.jar:/home/user/.m2/repository/org/apache/ratis/ratis-server/1.1.0-913f5a4-SNAPSHOT/ratis-server-1.1.0-913f5a4-SNAPSHOT.jar:/home/user/.m2/repository/org/apache/ratis/ratis-client/1.1.0-913f5a4-SNAPSHOT/ratis-client-1.1.0-913f5a4-SNAPSHOT.jar:/home/user/.m2/repository/org/apache/ratis/ratis-metrics/1.1.0-913f5a4-SNAPSHOT/ratis-metrics-1.1.0-913f5a4-SNAPSHOT.jar:/home/user/.m2/repository/org/apache/ratis/ratis-netty/1.1.0-913f5a4-SNAPSHOT/ratis-netty-1.1.0-913f5a4-SNAPSHOT.jar:/home/user/.m2/repository/org/apache/ratis/ratis-grpc/1.1.0-913f5a4-SNAPSHOT/ratis-grpc-1.1.0-913f5a4-SNAPSHOT.jar:/home/user/.m2/repository/org/apache/logging/log4j/log4j-api/2.13.3/log4j-api-2.13.3.jar:/home/user/.m2/repository/org/apache/logging/log4j/log4j-core/2.13.3/log4j-core-2.13.3.jar:/home/user/.m2/repository/com/lmax/disruptor/3.4.2/disruptor-3.4.2.jar:/home/user/.m2/repository/org/apache/commons/commons-pool2/2.6.0/commons-pool2-2.6.0.jar:/home/user/.m2/repository/org/bouncycastle/bcpkix-jdk15on/1.60/bcpkix-jdk15on-1.60.jar:/home/user/.m2/repository/commons-validator/commons-validator/1.6/commons-validator-1.6.jar:/home/user/.m2/repository/commons-beanutils/commons-beanutils/1.9.4/commons-beanutils-1.9.4.jar:/home/user/.m2/repository/commons-digester/commons-digester/1.8.1/commons-digester-1.8.1.jar:/home/user/.m2/repository/commons-collections/commons-collections/3.2.2/commons-collections-3.2.2.jar:/home/user/.m2/repository/io/jaegertracing/jaeger-client/1.2.0/jaeger-client-1.2.0.jar:/home/user/.m2/repository/io/jaegertracing/jaeger-thrift/1.2.0/jaeger-thrift-1.2.0.jar:/home/user/.m2/repository/org/apache/thrift/libthrift/0.13.0/libthrift-0.13.0.jar:/home/user/.m2/repository/com/squareup/okhttp3/okhttp/4.2.2/okhttp-4.2.2.jar:/home/user/.m2/repository/com/squareup/okio/okio/2.2.2/okio-2.2.2.jar:/home/user/.m2/repository/org/jetbrains/kotlin/kotlin-stdlib/1.3.50/kotlin-stdlib-1.3.50.jar:/home/user/.m2/repository/org/jetbrains/kotlin/kotlin-stdlib-common/1.3.50/kotlin-stdlib-common-1.3.50.jar:/home/user/.m2/repository/org/jetbrains/annotations/13.0/annotations-13.0.jar:/home/user/.m2/repository/io/jaegertracing/jaeger-core/1.2.0/jaeger-core-1.2.0.jar:/home/user/.m2/repository/io/jaegertracing/jaeger-tracerresolver/1.2.0/jaeger-tracerresolver-1.2.0.jar:/home/user/.m2/repository/io/opentracing/contrib/opentracing-tracerresolver/0.1.8/opentracing-tracerresolver-0.1.8.jar:/home/user/.m2/repository/io/opentracing/opentracing-util/0.33.0/opentracing-util-0.33.0.jar:/home/user/.m2/repository/io/opentracing/opentracing-api/0.33.0/opentracing-api-0.33.0.jar:/home/user/.m2/repository/io/opentracing/opentracing-noop/0.33.0/opentracing-noop-0.33.0.jar:/home/user/.m2/repository/org/yaml/snakeyaml/1.26/snakeyaml-1.26.jar:/home/user/.m2/repository/junit/junit/4.11/junit-4.11.jar:/home/user/.m2/repository/org/hamcrest/hamcrest-core/1.3/hamcrest-core-1.3.jar:/home/user/.m2/repository/org/openjdk/jmh/jmh-core/1.19/jmh-core-1.19.jar:/home/user/.m2/repository/net/sf/jopt-simple/jopt-simple/4.6/jopt-simple-4.6.jar:/home/user/.m2/repository/org/apache/commons/commons-math3/3.1.1/commons-math3-3.1.1.jar:/home/user/.m2/repository/org/openjdk/jmh/jmh-generator-annprocess/1.19/jmh-generator-annprocess-1.19.jar:/home/user/.m2/repository/org/mockito/mockito-all/1.8.5/mockito-all-1.8.5.jar:/home/user/.m2/repository/org/apache/hadoop/hadoop-kms/3.2.1/hadoop-kms-3.2.1.jar:/home/user/.m2/repository/org/apache/hadoop/hadoop-auth/3.2.1/hadoop-auth-3.2.1.jar:/home/user/.m2/repository/com/nimbusds/nimbus-jose-jwt/7.9/nimbus-jose-jwt-7.9.jar:/home/user/.m2/repository/com/github/stephenc/jcip/jcip-annotations/1.0-1/jcip-annotations-1.0-1.jar:/home/user/.m2/repository/net/minidev/json-smart/2.3/json-smart-2.3.jar:/home/user/.m2/repository/net/minidev/accessors-smart/1.2/accessors-smart-1.2.jar:/home/user/.m2/repository/org/ow2/asm/asm/5.0.4/asm-5.0.4.jar:/home/user/.m2/repository/org/apache/zookeeper/zookeeper/3.4.13/zookeeper-3.4.13.jar:/home/user/.m2/repository/org/apache/yetus/audience-annotations/0.5.0/audience-annotations-0.5.0.jar:/home/user/.m2/repository/org/apache/curator/curator-framework/2.13.0/curator-framework-2.13.0.jar:/home/user/.m2/repository/com/sun/jersey/jersey-core/1.19/jersey-core-1.19.jar:/home/user/.m2/repository/javax/ws/rs/jsr311-api/1.1.1/jsr311-api-1.1.1.jar:/home/user/.m2/repository/com/sun/jersey/jersey-server/1.19/jersey-server-1.19.jar:/home/user/.m2/repository/javax/servlet/javax.servlet-api/3.1.0/javax.servlet-api-3.1.0.jar:/home/user/.m2/repository/org/eclipse/jetty/jetty-server/9.4.34.v20201102/jetty-server-9.4.34.v20201102.jar:/home/user/.m2/repository/org/eclipse/jetty/jetty-http/9.4.34.v20201102/jetty-http-9.4.34.v20201102.jar:/home/user/.m2/repository/org/eclipse/jetty/jetty-io/9.4.34.v20201102/jetty-io-9.4.34.v20201102.jar:/home/user/.m2/repository/org/eclipse/jetty/jetty-webapp/9.4.34.v20201102/jetty-webapp-9.4.34.v20201102.jar:/home/user/.m2/repository/org/eclipse/jetty/jetty-xml/9.4.34.v20201102/jetty-xml-9.4.34.v20201102.jar:/home/user/.m2/repository/org/apache/hadoop/hadoop-common/3.2.1/hadoop-common-3.2.1.jar:/home/user/.m2/repository/commons-net/commons-net/3.6/commons-net-3.6.jar:/home/user/.m2/repository/com/sun/jersey/jersey-servlet/1.19/jersey-servlet-1.19.jar:/home/user/.m2/repository/com/sun/jersey/jersey-json/1.19/jersey-json-1.19.jar:/home/user/.m2/repository/org/codehaus/jettison/jettison/1.1/jettison-1.1.jar:/home/user/.m2/repository/org/codehaus/jackson/jackson-jaxrs/1.9.2/jackson-jaxrs-1.9.2.jar:/home/user/.m2/repository/org/codehaus/jackson/jackson-xc/1.9.2/jackson-xc-1.9.2.jar:/home/user/.m2/repository/org/apache/commons/commons-configuration2/2.1.1/commons-configuration2-2.1.1.jar:/home/user/.m2/repository/org/apache/commons/commons-text/1.4/commons-text-1.4.jar:/home/user/.m2/repository/com/google/re2j/re2j/1.1/re2j-1.1.jar:/home/user/.m2/repository/com/jcraft/jsch/0.1.54/jsch-0.1.54.jar:/home/user/.m2/repository/org/apache/curator/curator-client/2.13.0/curator-client-2.13.0.jar:/home/user/.m2/repository/org/apache/curator/curator-recipes/2.13.0/curator-recipes-2.13.0.jar:/home/user/.m2/repository/dnsjava/dnsjava/2.1.7/dnsjava-2.1.7.jar:/home/user/.m2/repository/org/slf4j/jul-to-slf4j/1.7.30/jul-to-slf4j-1.7.30.jar:/home/user/.m2/repository/org/eclipse/jetty/jetty-util/9.4.34.v20201102/jetty-util-9.4.34.v20201102.jar:/home/user/.m2/repository/com/fasterxml/jackson/core/jackson-databind/2.10.3/jackson-databind-2.10.3.jar:/home/user/.m2/repository/org/apache/hadoop/hadoop-kms/3.2.1/hadoop-kms-3.2.1-tests.jar:/home/user/.m2/repository/org/apache/hadoop/hadoop-hdds-server-scm/1.1.0-SNAPSHOT/hadoop-hdds-server-scm-1.1.0-SNAPSHOT-tests.jar:/home/user/.m2/repository/org/apache/hadoop/hadoop-hdds-container-service/1.1.0-SNAPSHOT/hadoop-hdds-container-service-1.1.0-SNAPSHOT-tests.jar:/home/user/.m2/repository/commons-codec/commons-codec/1.11/commons-codec-1.11.jar:/home/user/.m2/repository/org/apache/hadoop/hadoop-hdds-hadoop-dependency-test/1.1.0-SNAPSHOT/hadoop-hdds-hadoop-dependency-test-1.1.0-SNAPSHOT.jar:/home/user/.m2/repository/org/apache/hadoop/hadoop-common/3.2.1/hadoop-common-3.2.1-tests.jar:/home/user/.m2/repository/org/apache/hadoop/hadoop-hdfs/3.2.1/hadoop-hdfs-3.2.1-tests.jar:/home/user/.m2/repository/org/eclipse/jetty/jetty-util-ajax/9.4.34.v20201102/jetty-util-ajax-9.4.34.v20201102.jar:/home/user/.m2/repository/commons-daemon/commons-daemon/1.0.13/commons-daemon-1.0.13.jar:/home/user/.m2/repository/io/netty/netty/3.10.5.Final/netty-3.10.5.Final.jar:/home/user/.m2/repository/io/netty/netty-all/4.1.48.Final/netty-all-4.1.48.Final.jar:/home/user/.m2/repository/org/apache/htrace/htrace-core4/4.1.0-incubating/htrace-core4-4.1.0-incubating.jar:/home/user/.m2/repository/org/apache/hadoop/hadoop-distcp/3.2.1/hadoop-distcp-3.2.1.jar:/home/user/.m2/repository/org/apache/hadoop/hadoop-mapreduce-client-jobclient/3.2.1/hadoop-mapreduce-client-jobclient-3.2.1.jar:/home/user/.m2/repository/org/apache/hadoop/hadoop-mapreduce-client-common/3.2.1/hadoop-mapreduce-client-common-3.2.1.jar:/home/user/.m2/repository/org/apache/hadoop/hadoop-yarn-common/3.2.1/hadoop-yarn-common-3.2.1.jar:/home/user/.m2/repository/org/apache/hadoop/hadoop-yarn-api/3.2.1/hadoop-yarn-api-3.2.1.jar:/home/user/.m2/repository/com/sun/jersey/jersey-client/1.19/jersey-client-1.19.jar:/home/user/.m2/repository/com/sun/jersey/contribs/jersey-guice/1.19/jersey-guice-1.19.jar:/home/user/.m2/repository/com/fasterxml/jackson/jaxrs/jackson-jaxrs-json-provider/2.10.3/jackson-jaxrs-json-provider-2.10.3.jar:/home/user/.m2/repository/com/fasterxml/jackson/jaxrs/jackson-jaxrs-base/2.10.3/jackson-jaxrs-base-2.10.3.jar:/home/user/.m2/repository/org/apache/hadoop/hadoop-yarn-client/3.2.1/hadoop-yarn-client-3.2.1.jar:/home/user/.m2/repository/org/apache/hadoop/hadoop-mapreduce-client-core/3.2.1/hadoop-mapreduce-client-core-3.2.1.jar:/home/user/.m2/repository/org/apache/avro/avro/1.7.7/avro-1.7.7.jar:/home/user/.m2/repository/org/codehaus/jackson/jackson-core-asl/1.9.13/jackson-core-asl-1.9.13.jar:/home/user/.m2/repository/org/codehaus/jackson/jackson-mapper-asl/1.9.13/jackson-mapper-asl-1.9.13.jar:/home/user/.m2/repository/com/thoughtworks/paranamer/paranamer/2.3/paranamer-2.3.jar:/home/user/.m2/repository/org/xerial/snappy/snappy-java/1.0.5/snappy-java-1.0.5.jar:/home/user/.m2/repository/org/apache/hadoop/hadoop-annotations/3.2.1/hadoop-annotations-3.2.1.jar:/usr/lib/jvm/java-1.8.0-openjdk-1.8.0.232.b09-0.el7_7.x86_64/jre/../lib/tools.jar:/home/user/.m2/repository/org/apache/hadoop/hadoop-distcp/3.2.1/hadoop-distcp-3.2.1-tests.jar:"/>
    <property name="sun.cpu.endian" value="little"/>
    <property name="user.home" value="/home/user"/>
    <property name="user.language" value="en"/>
    <property name="java.specification.vendor" value="Oracle Corporation"/>
    <property name="java.home" value="/usr/lib/jvm/java-1.8.0-openjdk-1.8.0.232.b09-0.el7_7.x86_64/jre"/>
    <property name="java.security.krb5.conf" value="/github/workspace/mnt/ozone/hadoop-ozone/integration-test/target/test-classes/krb5.conf"/>
    <property name="basedir" value="/github/workspace/mnt/ozone/hadoop-ozone/integration-test"/>
    <property name="file.separator" value="/"/>
    <property name="line.separator" value="&#10;"/>
    <property name="java.vm.specification.vendor" value="Oracle Corporation"/>
    <property name="java.specification.name" value="Java Platform API Specification"/>
    <property name="java.awt.graphicsenv" value="sun.awt.X11GraphicsEnvironment"/>
    <property name="skip.installnpx" value="true"/>
    <property name="surefire.real.class.path" value="/github/workspace/mnt/ozone/hadoop-ozone/integration-test/target/surefire/surefirebooter8124309106655597648.jar:/home/user/.m2/repository/org/jacoco/org.jacoco.agent/0.8.5/org.jacoco.agent-0.8.5-runtime.jar"/>
    <property name="hadoop.log.dir" value="/github/workspace/mnt/ozone/hadoop-ozone/integration-test/target/log"/>
    <property name="sun.boot.class.path" value="/usr/lib/jvm/java-1.8.0-openjdk-1.8.0.232.b09-0.el7_7.x86_64/jre/lib/resources.jar:/usr/lib/jvm/java-1.8.0-openjdk-1.8.0.232.b09-0.el7_7.x86_64/jre/lib/rt.jar:/usr/lib/jvm/java-1.8.0-openjdk-1.8.0.232.b09-0.el7_7.x86_64/jre/lib/sunrsasign.jar:/usr/lib/jvm/java-1.8.0-openjdk-1.8.0.232.b09-0.el7_7.x86_64/jre/lib/jsse.jar:/usr/lib/jvm/java-1.8.0-openjdk-1.8.0.232.b09-0.el7_7.x86_64/jre/lib/jce.jar:/usr/lib/jvm/java-1.8.0-openjdk-1.8.0.232.b09-0.el7_7.x86_64/jre/lib/charsets.jar:/usr/lib/jvm/java-1.8.0-openjdk-1.8.0.232.b09-0.el7_7.x86_64/jre/lib/jfr.jar:/usr/lib/jvm/java-1.8.0-openjdk-1.8.0.232.b09-0.el7_7.x86_64/jre/classes"/>
    <property name="sun.management.compiler" value="HotSpot 64-Bit Tiered Compilers"/>
    <property name="skip.npx" value="true"/>
    <property name="java.runtime.version" value="1.8.0_232-b09"/>
    <property name="java.net.preferIPv4Stack" value="true"/>
    <property name="user.name" value="jenkins1001"/>
    <property name="path.separator" value=":"/>
    <property name="java.security.egd" value="file:///dev/urandom"/>
    <property name="os.version" value="5.4.0-1031-azure"/>
    <property name="java.endorsed.dirs" value="/usr/lib/jvm/java-1.8.0-openjdk-1.8.0.232.b09-0.el7_7.x86_64/jre/lib/endorsed"/>
    <property name="java.runtime.name" value="OpenJDK Runtime Environment"/>
    <property name="file.encoding" value="ANSI_X3.4-1968"/>
    <property name="java.vm.name" value="OpenJDK 64-Bit Server VM"/>
    <property name="test.build.webapps" value=""/>
    <property name="localRepository" value="/home/user/.m2/repository"/>
    <property name="java.vendor.url.bug" value="http://bugreport.sun.com/bugreport/"/>
    <property name="java.io.tmpdir" value="/tmp"/>
    <property name="require.test.libhadoop" value=""/>
    <property name="java.version" value="1.8.0_232"/>
    <property name="user.dir" value="/github/workspace/mnt/ozone/hadoop-ozone/integration-test"/>
    <property name="os.arch" value="amd64"/>
    <property name="java.vm.specification.name" value="Java Virtual Machine Specification"/>
    <property name="test.build.classes" value="/github/workspace/mnt/ozone/hadoop-ozone/integration-test/target/test-classes"/>
    <property name="java.awt.printerjob" value="sun.print.PSPrinterJob"/>
    <property name="sun.os.patch.level" value="unknown"/>
    <property name="hadoop.tmp.dir" value="/github/workspace/mnt/ozone/hadoop-ozone/integration-test/target/tmp"/>
    <property name="java.library.path" value="/usr/lib:/usr/java/packages/lib/amd64:/usr/lib64:/lib64:/lib:/usr/lib"/>
    <property name="java.vm.info" value="mixed mode"/>
    <property name="java.vendor" value="Oracle Corporation"/>
    <property name="java.vm.version" value="25.232-b09"/>
    <property name="java.ext.dirs" value="/usr/lib/jvm/java-1.8.0-openjdk-1.8.0.232.b09-0.el7_7.x86_64/jre/lib/ext:/usr/java/packages/lib/ext"/>
    <property name="sun.io.unicode.encoding" value="UnicodeLittle"/>
    <property name="java.class.version" value="52.0"/>
  </properties>
  <testcase name="testGroupMismatchExceptionHandling" classname="org.apache.hadoop.ozone.client.rpc.TestOzoneClientRetriesOnException" time="52.732"/>
  <testcase name="testMaxRetriesByOzoneClient" classname="org.apache.hadoop.ozone.client.rpc.TestOzoneClientRetriesOnException" time="48.807">
    <failure message="Expected exception not thrown" type="java.lang.AssertionError">java.lang.AssertionError: Expected exception not thrown
	at org.junit.Assert.fail(Assert.java:88)
	at org.apache.hadoop.ozone.client.rpc.TestOzoneClientRetriesOnException.testMaxRetriesByOzoneClient(TestOzoneClientRetriesOnException.java:235)
	at sun.reflect.NativeMethodAccessorImpl.invoke0(Native Method)
	at sun.reflect.NativeMethodAccessorImpl.invoke(NativeMethodAccessorImpl.java:62)
	at sun.reflect.DelegatingMethodAccessorImpl.invoke(DelegatingMethodAccessorImpl.java:43)
	at java.lang.reflect.Method.invoke(Method.java:498)
	at org.junit.runners.model.FrameworkMethod$1.runReflectiveCall(FrameworkMethod.java:47)
	at org.junit.internal.runners.model.ReflectiveCallable.run(ReflectiveCallable.java:12)
	at org.junit.runners.model.FrameworkMethod.invokeExplosively(FrameworkMethod.java:44)
	at org.junit.internal.runners.statements.InvokeMethod.evaluate(InvokeMethod.java:17)
	at org.junit.internal.runners.statements.RunBefores.evaluate(RunBefores.java:26)
	at org.junit.internal.runners.statements.RunAfters.evaluate(RunAfters.java:27)
	at org.junit.internal.runners.statements.FailOnTimeout$StatementThread.run(FailOnTimeout.java:74)
</failure>
    <system-out><![CDATA[2020-12-08 01:58:10,088 [Thread-380] WARN  server.ServerUtils (ServerUtils.java:getScmDbDir(148)) - ozone.scm.db.dirs is not configured. We recommend adding this setting. Falling back to ozone.metadata.dirs instead.
2020-12-08 01:58:10,090 [Thread-380] WARN  server.ServerUtils (ServerUtils.java:getScmDbDir(148)) - ozone.scm.db.dirs is not configured. We recommend adding this setting. Falling back to ozone.metadata.dirs instead.
2020-12-08 01:58:10,091 [Thread-380] WARN  db.DBStoreBuilder (DBStoreBuilder.java:applyDBDefinition(145)) - ozone.scm.db.dirs is not configured. We recommend adding this setting. Falling back to ozone.metadata.dirs instead.
2020-12-08 01:58:10,119 [Thread-380] INFO  net.NodeSchemaLoader (NodeSchemaLoader.java:loadSchemaFromFile(126)) - Loading file from sun.misc.CompoundEnumeration@5dc3ee35
2020-12-08 01:58:10,119 [Thread-380] INFO  net.NodeSchemaLoader (NodeSchemaLoader.java:loadSchema(172)) - Loading network topology layer schema file
2020-12-08 01:58:10,122 [Thread-380] WARN  server.ServerUtils (ServerUtils.java:sanitizeUserArgs(73)) - ozone.scm.stale.node.interval value = 300000 is larger than max = 100000 based on the key value of ozone.scm.heartbeat.thread.interval, reset to the max value 100000.
2020-12-08 01:58:10,122 [Thread-380] WARN  server.ServerUtils (ServerUtils.java:sanitizeUserArgs(73)) - ozone.scm.stale.node.interval value = 300000 is larger than max = 100000 based on the key value of ozone.scm.heartbeat.thread.interval, reset to the max value 100000.
2020-12-08 01:58:10,123 [Thread-380] INFO  node.SCMNodeManager (SCMNodeManager.java:<init>(123)) - Entering startup safe mode.
2020-12-08 01:58:10,124 [Thread-380] INFO  algorithms.ContainerPlacementPolicyFactory (ContainerPlacementPolicyFactory.java:getPolicy(60)) - Create container placement policy of type org.apache.hadoop.hdds.scm.container.placement.algorithms.SCMContainerPlacementRandom
2020-12-08 01:58:10,124 [Thread-380] INFO  algorithms.LeaderChoosePolicyFactory (LeaderChoosePolicyFactory.java:getPolicy(57)) - Create leader choose policy of type org.apache.hadoop.hdds.scm.pipeline.leader.choose.algorithms.DefaultLeaderChoosePolicy
2020-12-08 01:58:10,125 [Thread-380] INFO  pipeline.SCMPipelineManager (SCMPipelineManager.java:initializePipelineState(161)) - No pipeline exists in current db
2020-12-08 01:58:10,125 [Thread-380] INFO  algorithms.PipelineChoosePolicyFactory (PipelineChoosePolicyFactory.java:createPipelineChoosePolicyFromClass(75)) - Create pipeline choose policy of type org.apache.hadoop.hdds.scm.pipeline.choose.algorithms.RandomPipelineChoosePolicy
2020-12-08 01:58:10,127 [Thread-380] INFO  safemode.HealthyPipelineSafeModeRule (HealthyPipelineSafeModeRule.java:<init>(89)) - Total pipeline count is 0, healthy pipeline threshold count is 0
2020-12-08 01:58:10,127 [Thread-380] INFO  safemode.OneReplicaPipelineSafeModeRule (OneReplicaPipelineSafeModeRule.java:<init>(84)) - Total pipeline count is 0, pipeline's with at least one datanode reported threshold count is 0
2020-12-08 01:58:10,129 [Thread-380] INFO  ipc.CallQueueManager (CallQueueManager.java:<init>(84)) - Using callQueue: class java.util.concurrent.LinkedBlockingQueue, queueCapacity: 2000, scheduler: class org.apache.hadoop.ipc.DefaultRpcScheduler, ipcBackoff: false.
2020-12-08 01:58:10,133 [Socket Reader #1 for port 0] INFO  ipc.Server (Server.java:run(1219)) - Starting Socket Reader #1 for port 0
2020-12-08 01:58:10,134 [Listener at 0.0.0.0/46657] INFO  ipc.CallQueueManager (CallQueueManager.java:<init>(84)) - Using callQueue: class java.util.concurrent.LinkedBlockingQueue, queueCapacity: 2000, scheduler: class org.apache.hadoop.ipc.DefaultRpcScheduler, ipcBackoff: false.
2020-12-08 01:58:10,135 [Socket Reader #1 for port 0] INFO  ipc.Server (Server.java:run(1219)) - Starting Socket Reader #1 for port 0
2020-12-08 01:58:10,136 [Listener at 0.0.0.0/46811] INFO  ipc.CallQueueManager (CallQueueManager.java:<init>(84)) - Using callQueue: class java.util.concurrent.LinkedBlockingQueue, queueCapacity: 2000, scheduler: class org.apache.hadoop.ipc.DefaultRpcScheduler, ipcBackoff: false.
2020-12-08 01:58:10,142 [Socket Reader #1 for port 0] INFO  ipc.Server (Server.java:run(1219)) - Starting Socket Reader #1 for port 0
2020-12-08 01:58:10,147 [Listener at 0.0.0.0/36393] INFO  http.BaseHttpServer (BaseHttpServer.java:newHttpServer2BuilderForOzone(207)) - Starting Web-server for scm at: http://0.0.0.0:0
2020-12-08 01:58:10,147 [Listener at 0.0.0.0/36393] INFO  http.BaseHttpServer (BaseHttpServer.java:<init>(106)) - Hadoop Security Enabled: false Ozone Security Enabled: false Ozone HTTP Security Enabled: false 
2020-12-08 01:58:10,148 [Listener at 0.0.0.0/36393] INFO  server.AuthenticationFilter (AuthenticationFilter.java:constructSecretProvider(240)) - Unable to initialize FileSignerSecretProvider, falling back to use random secrets.
2020-12-08 01:58:10,149 [Listener at 0.0.0.0/36393] WARN  http.HttpRequestLog (HttpRequestLog.java:getRequestLog(103)) - Jetty request log can only be enabled using Log4j
2020-12-08 01:58:10,150 [Listener at 0.0.0.0/36393] INFO  http.HttpServer2 (HttpServer2.java:addGlobalFilter(1019)) - Added global filter 'safety' (class=org.apache.hadoop.hdds.server.http.HttpServer2$QuotingInputFilter)
2020-12-08 01:58:10,151 [Listener at 0.0.0.0/36393] INFO  http.HttpServer2 (HttpServer2.java:addFilter(995)) - Added filter static_user_filter (class=org.apache.hadoop.http.lib.StaticUserWebFilter$StaticUserFilter) to context scm
2020-12-08 01:58:10,151 [Listener at 0.0.0.0/36393] INFO  http.HttpServer2 (HttpServer2.java:addFilter(1003)) - Added filter static_user_filter (class=org.apache.hadoop.http.lib.StaticUserWebFilter$StaticUserFilter) to context logs
2020-12-08 01:58:10,151 [Listener at 0.0.0.0/36393] INFO  http.HttpServer2 (HttpServer2.java:addFilter(1003)) - Added filter static_user_filter (class=org.apache.hadoop.http.lib.StaticUserWebFilter$StaticUserFilter) to context static
2020-12-08 01:58:10,154 [Listener at 0.0.0.0/36393] INFO  server.StorageContainerManager (StorageContainerManager.java:start(789)) - StorageContainerLocationProtocol RPC server is listening at /0.0.0.0:36393
2020-12-08 01:58:10,155 [Listener at 0.0.0.0/36393] WARN  impl.MetricsConfig (MetricsConfig.java:loadFirst(134)) - Cannot locate configuration: tried hadoop-metrics2-storagecontainermanager.properties,hadoop-metrics2.properties
2020-12-08 01:58:10,156 [Listener at 0.0.0.0/36393] INFO  impl.MetricsSystemImpl (MetricsSystemImpl.java:startTimer(374)) - Scheduled Metric snapshot period at 10 second(s).
2020-12-08 01:58:10,156 [Listener at 0.0.0.0/36393] INFO  impl.MetricsSystemImpl (MetricsSystemImpl.java:start(191)) - StorageContainerManager metrics system started
2020-12-08 01:58:10,171 [Listener at 0.0.0.0/36393] WARN  impl.MetricsSystemImpl (MetricsSystemImpl.java:register(276)) - Sink prometheus already exists!
2020-12-08 01:58:10,194 [Listener at 0.0.0.0/36393] INFO  server.SCMClientProtocolServer (SCMClientProtocolServer.java:start(159)) - RPC server for Client  is listening at /0.0.0.0:36393
2020-12-08 01:58:10,194 [IPC Server Responder] INFO  ipc.Server (Server.java:run(1460)) - IPC Server Responder: starting
2020-12-08 01:58:10,197 [IPC Server listener on 0] INFO  ipc.Server (Server.java:run(1298)) - IPC Server listener on 0: starting
2020-12-08 01:58:10,204 [Listener at 0.0.0.0/36393] INFO  server.StorageContainerManager (StorageContainerManager.java:start(801)) - ScmBlockLocationProtocol RPC server is listening at /0.0.0.0:46811
2020-12-08 01:58:10,205 [Listener at 0.0.0.0/36393] INFO  server.SCMBlockProtocolServer (SCMBlockProtocolServer.java:start(150)) - RPC server for Block Protocol is listening at /0.0.0.0:46811
2020-12-08 01:58:10,205 [IPC Server Responder] INFO  ipc.Server (Server.java:run(1460)) - IPC Server Responder: starting
2020-12-08 01:58:10,209 [IPC Server listener on 0] INFO  ipc.Server (Server.java:run(1298)) - IPC Server listener on 0: starting
2020-12-08 01:58:10,216 [Listener at 0.0.0.0/36393] INFO  server.StorageContainerManager (StorageContainerManager.java:start(807)) - ScmDatanodeProtocl RPC server is listening at /0.0.0.0:46657
2020-12-08 01:58:10,216 [Listener at 0.0.0.0/36393] INFO  server.SCMDatanodeProtocolServer (SCMDatanodeProtocolServer.java:start(174)) - RPC server for DataNodes is listening at /0.0.0.0:46657
2020-12-08 01:58:10,218 [IPC Server Responder] INFO  ipc.Server (Server.java:run(1460)) - IPC Server Responder: starting
2020-12-08 01:58:10,218 [IPC Server listener on 0] INFO  ipc.Server (Server.java:run(1298)) - IPC Server listener on 0: starting
2020-12-08 01:58:10,225 [Listener at 0.0.0.0/36393] INFO  http.HttpServer2 (HttpServer2.java:bindListener(1237)) - Jetty bound to port 33871
2020-12-08 01:58:10,225 [Listener at 0.0.0.0/36393] INFO  server.Server (Server.java:doStart(375)) - jetty-9.4.34.v20201102; built: 2020-11-02T14:15:39.302Z; git: e46af88704a893fc12cb0e3bf46e2c7b48a009e7; jvm 1.8.0_232-b09
2020-12-08 01:58:10,227 [Listener at 0.0.0.0/36393] INFO  server.session (DefaultSessionIdManager.java:doStart(334)) - DefaultSessionIdManager workerName=node0
2020-12-08 01:58:10,228 [Listener at 0.0.0.0/36393] INFO  server.session (DefaultSessionIdManager.java:doStart(339)) - No SessionScavenger set, using defaults
2020-12-08 01:58:10,228 [Listener at 0.0.0.0/36393] INFO  server.session (HouseKeeper.java:startScavenging(132)) - node0 Scavenging every 660000ms
2020-12-08 01:58:10,228 [Listener at 0.0.0.0/36393] INFO  handler.ContextHandler (ContextHandler.java:doStart(916)) - Started o.e.j.s.ServletContextHandler@3f45797e{logs,/logs,file:///github/workspace/mnt/ozone/hadoop-ozone/integration-test/target/log,AVAILABLE}
2020-12-08 01:58:10,229 [Listener at 0.0.0.0/36393] INFO  handler.ContextHandler (ContextHandler.java:doStart(916)) - Started o.e.j.s.ServletContextHandler@6bbbcbc4{static,/static,file:///github/workspace/mnt/ozone/hadoop-ozone/integration-test/target/test-classes/webapps/static,AVAILABLE}
2020-12-08 01:58:10,232 [Listener at 0.0.0.0/36393] INFO  handler.ContextHandler (ContextHandler.java:doStart(916)) - Started o.e.j.w.WebAppContext@421507d7{scm,/,file:///github/workspace/mnt/ozone/hadoop-ozone/integration-test/target/test-classes/webapps/scm/,AVAILABLE}{file:/github/workspace/mnt/ozone/hadoop-ozone/integration-test/target/test-classes/webapps/scm}
2020-12-08 01:58:10,233 [Listener at 0.0.0.0/36393] INFO  server.AbstractConnector (AbstractConnector.java:doStart(331)) - Started ServerConnector@746ddc64{HTTP/1.1, (http/1.1)}{0.0.0.0:33871}
2020-12-08 01:58:10,233 [Listener at 0.0.0.0/36393] INFO  server.Server (Server.java:doStart(415)) - Started @53867ms
2020-12-08 01:58:10,233 [Listener at 0.0.0.0/36393] WARN  impl.MetricsSystemImpl (MetricsSystemImpl.java:register(276)) - Sink prometheus already exists!
2020-12-08 01:58:10,237 [Listener at 0.0.0.0/36393] INFO  http.BaseHttpServer (BaseHttpServer.java:updateConnectorAddress(327)) - HTTP server of scm listening at http://0.0.0.0:33871
2020-12-08 01:58:10,238 [Listener at 0.0.0.0/36393] WARN  server.ServerUtils (ServerUtils.java:getDBPath(225)) - ozone.om.db.dirs is not configured. We recommend adding this setting. Falling back to ozone.metadata.dirs instead.
2020-12-08 01:58:10,238 [org.apache.hadoop.util.JvmPauseMonitor$Monitor@4134f3e2] INFO  util.JvmPauseMonitor (JvmPauseMonitor.java:run(188)) - Starting JVM pause monitor
2020-12-08 01:58:10,239 [Listener at 0.0.0.0/36393] INFO  ha.OMHANodeDetails (OMHANodeDetails.java:loadOMHAConfig(104)) - ozone.om.internal.service.id is not defined, falling back to ozone.om.service.ids to find serviceID for OzoneManager if it is HA enabled cluster
2020-12-08 01:58:10,239 [Listener at 0.0.0.0/36393] INFO  ha.OMHANodeDetails (OMHANodeDetails.java:loadOMHAConfig(213)) - Configuration either no ozone.om.address set. Falling back to the default OM address /127.0.0.1:0
2020-12-08 01:58:10,240 [Listener at 0.0.0.0/36393] INFO  ha.OMHANodeDetails (OMHANodeDetails.java:getOMNodeDetails(241)) - OM Service ID is not set. Setting it to the default ID: omServiceIdDefault
2020-12-08 01:58:10,240 [Listener at 0.0.0.0/36393] WARN  server.ServerUtils (ServerUtils.java:getDBPath(225)) - ozone.om.db.dirs is not configured. We recommend adding this setting. Falling back to ozone.metadata.dirs instead.
2020-12-08 01:58:10,240 [Listener at 0.0.0.0/36393] WARN  server.ServerUtils (ServerUtils.java:getDBPath(225)) - ozone.om.db.dirs is not configured. We recommend adding this setting. Falling back to ozone.metadata.dirs instead.
2020-12-08 01:58:10,244 [Listener at 0.0.0.0/36393] WARN  server.ServerUtils (ServerUtils.java:getDBPath(225)) - ozone.om.db.dirs is not configured. We recommend adding this setting. Falling back to ozone.metadata.dirs instead.
2020-12-08 01:58:10,245 [Listener at 0.0.0.0/36393] INFO  codec.OmKeyInfoCodec (OmKeyInfoCodec.java:<init>(41)) - OmKeyInfoCodec ignorePipeline = true
2020-12-08 01:58:10,245 [Listener at 0.0.0.0/36393] INFO  codec.RepeatedOmKeyInfoCodec (RepeatedOmKeyInfoCodec.java:<init>(40)) - RepeatedOmKeyInfoCodec ignorePipeline = true
2020-12-08 01:58:10,300 [Listener at 0.0.0.0/36393] INFO  om.OzoneManager (OzoneManager.java:addS3GVolumeToDB(3737)) - Created Volume s3v With Owner jenkins1001 required for S3Gateway operations.
2020-12-08 01:58:10,302 [Listener at 0.0.0.0/36393] INFO  ipc.CallQueueManager (CallQueueManager.java:<init>(84)) - Using callQueue: class java.util.concurrent.LinkedBlockingQueue, queueCapacity: 2000, scheduler: class org.apache.hadoop.ipc.DefaultRpcScheduler, ipcBackoff: false.
2020-12-08 01:58:10,303 [Socket Reader #1 for port 0] INFO  ipc.Server (Server.java:run(1219)) - Starting Socket Reader #1 for port 0
2020-12-08 01:58:10,321 [Listener at 127.0.0.1/34557] INFO  impl.MetricsSystemImpl (MetricsSystemImpl.java:init(158)) - OzoneManager metrics system started (again)
2020-12-08 01:58:10,322 [Listener at 127.0.0.1/34557] INFO  om.OzoneManager (OzoneManager.java:start(1145)) - OzoneManager RPC server is listening at localhost/127.0.0.1:34557
2020-12-08 01:58:10,330 [Listener at 127.0.0.1/34557] INFO  http.BaseHttpServer (BaseHttpServer.java:newHttpServer2BuilderForOzone(207)) - Starting Web-server for ozoneManager at: http://0.0.0.0:0
2020-12-08 01:58:10,330 [Listener at 127.0.0.1/34557] INFO  http.BaseHttpServer (BaseHttpServer.java:<init>(106)) - Hadoop Security Enabled: false Ozone Security Enabled: false Ozone HTTP Security Enabled: false 
2020-12-08 01:58:10,332 [Listener at 127.0.0.1/34557] INFO  server.AuthenticationFilter (AuthenticationFilter.java:constructSecretProvider(240)) - Unable to initialize FileSignerSecretProvider, falling back to use random secrets.
2020-12-08 01:58:10,334 [Listener at 127.0.0.1/34557] WARN  http.HttpRequestLog (HttpRequestLog.java:getRequestLog(103)) - Jetty request log can only be enabled using Log4j
2020-12-08 01:58:10,334 [Listener at 127.0.0.1/34557] INFO  http.HttpServer2 (HttpServer2.java:addGlobalFilter(1019)) - Added global filter 'safety' (class=org.apache.hadoop.hdds.server.http.HttpServer2$QuotingInputFilter)
2020-12-08 01:58:10,335 [Listener at 127.0.0.1/34557] INFO  http.HttpServer2 (HttpServer2.java:addFilter(995)) - Added filter static_user_filter (class=org.apache.hadoop.http.lib.StaticUserWebFilter$StaticUserFilter) to context ozoneManager
2020-12-08 01:58:10,335 [Listener at 127.0.0.1/34557] INFO  http.HttpServer2 (HttpServer2.java:addFilter(1003)) - Added filter static_user_filter (class=org.apache.hadoop.http.lib.StaticUserWebFilter$StaticUserFilter) to context logs
2020-12-08 01:58:10,335 [Listener at 127.0.0.1/34557] INFO  http.HttpServer2 (HttpServer2.java:addFilter(1003)) - Added filter static_user_filter (class=org.apache.hadoop.http.lib.StaticUserWebFilter$StaticUserFilter) to context static
2020-12-08 01:58:10,336 [Listener at 127.0.0.1/34557] INFO  http.HttpServer2 (HttpServer2.java:bindListener(1237)) - Jetty bound to port 40415
2020-12-08 01:58:10,336 [Listener at 127.0.0.1/34557] INFO  server.Server (Server.java:doStart(375)) - jetty-9.4.34.v20201102; built: 2020-11-02T14:15:39.302Z; git: e46af88704a893fc12cb0e3bf46e2c7b48a009e7; jvm 1.8.0_232-b09
2020-12-08 01:58:10,337 [Listener at 127.0.0.1/34557] INFO  server.session (DefaultSessionIdManager.java:doStart(334)) - DefaultSessionIdManager workerName=node0
2020-12-08 01:58:10,338 [Listener at 127.0.0.1/34557] INFO  server.session (DefaultSessionIdManager.java:doStart(339)) - No SessionScavenger set, using defaults
2020-12-08 01:58:10,338 [Listener at 127.0.0.1/34557] INFO  server.session (HouseKeeper.java:startScavenging(132)) - node0 Scavenging every 660000ms
2020-12-08 01:58:10,338 [Listener at 127.0.0.1/34557] INFO  handler.ContextHandler (ContextHandler.java:doStart(916)) - Started o.e.j.s.ServletContextHandler@179780ae{logs,/logs,file:///github/workspace/mnt/ozone/hadoop-ozone/integration-test/target/log,AVAILABLE}
2020-12-08 01:58:10,339 [Listener at 127.0.0.1/34557] INFO  handler.ContextHandler (ContextHandler.java:doStart(916)) - Started o.e.j.s.ServletContextHandler@328b1271{static,/static,file:///github/workspace/mnt/ozone/hadoop-ozone/integration-test/target/test-classes/webapps/static,AVAILABLE}
2020-12-08 01:58:10,342 [Listener at 127.0.0.1/34557] INFO  handler.ContextHandler (ContextHandler.java:doStart(916)) - Started o.e.j.w.WebAppContext@663d7ed{ozoneManager,/,file:///github/workspace/mnt/ozone/hadoop-ozone/integration-test/target/test-classes/webapps/ozoneManager/,AVAILABLE}{file:/github/workspace/mnt/ozone/hadoop-ozone/integration-test/target/test-classes/webapps/ozoneManager}
2020-12-08 01:58:10,343 [Listener at 127.0.0.1/34557] INFO  server.AbstractConnector (AbstractConnector.java:doStart(331)) - Started ServerConnector@14bf392{HTTP/1.1, (http/1.1)}{0.0.0.0:40415}
2020-12-08 01:58:10,344 [Listener at 127.0.0.1/34557] INFO  server.Server (Server.java:doStart(415)) - Started @53977ms
2020-12-08 01:58:10,344 [Listener at 127.0.0.1/34557] WARN  impl.MetricsSystemImpl (MetricsSystemImpl.java:register(276)) - Sink prometheus already exists!
2020-12-08 01:58:10,347 [Listener at 127.0.0.1/34557] INFO  http.BaseHttpServer (BaseHttpServer.java:updateConnectorAddress(327)) - HTTP server of ozoneManager listening at http://0.0.0.0:40415
2020-12-08 01:58:10,347 [IPC Server Responder] INFO  ipc.Server (Server.java:run(1460)) - IPC Server Responder: starting
2020-12-08 01:58:10,348 [IPC Server listener on 0] INFO  ipc.Server (Server.java:run(1298)) - IPC Server listener on 0: starting
2020-12-08 01:58:10,360 [Listener at 127.0.0.1/34557] INFO  om.OzoneManager (OzoneManager.java:startTrashEmptier(1270)) - Trash Interval set to 0. Files deleted will not move to trash
2020-12-08 01:58:10,362 [org.apache.hadoop.util.JvmPauseMonitor$Monitor@1c5734fb] INFO  util.JvmPauseMonitor (JvmPauseMonitor.java:run(188)) - Starting JVM pause monitor
2020-12-08 01:58:10,380 [Listener at 127.0.0.1/34557] INFO  impl.MetricsSystemImpl (MetricsSystemImpl.java:init(158)) - HddsDatanode metrics system started (again)
2020-12-08 01:58:10,381 [Listener at 127.0.0.1/34557] INFO  ozone.HddsDatanodeService (HddsDatanodeService.java:start(217)) - HddsDatanodeService host:11cef1ca5a88 ip:172.17.0.2
2020-12-08 01:58:10,382 [Listener at 127.0.0.1/34557] INFO  volume.HddsVolume (HddsVolume.java:<init>(176)) - Creating Volume: /github/workspace/mnt/ozone/hadoop-ozone/integration-test/target/test-dir/MiniOzoneClusterImpl-fe278d26-eb6d-413e-b3f8-43e11913de58/datanode-0/data-0/containers/hdds of storage type : DISK and capacity : 9223372036854775807
2020-12-08 01:58:10,383 [Listener at 127.0.0.1/34557] INFO  volume.MutableVolumeSet (MutableVolumeSet.java:initializeVolumeSet(179)) - Added Volume : /github/workspace/mnt/ozone/hadoop-ozone/integration-test/target/test-dir/MiniOzoneClusterImpl-fe278d26-eb6d-413e-b3f8-43e11913de58/datanode-0/data-0/containers/hdds to VolumeSet
2020-12-08 01:58:10,383 [Listener at 127.0.0.1/34557] INFO  volume.ThrottledAsyncChecker (ThrottledAsyncChecker.java:schedule(141)) - Scheduling a check for /github/workspace/mnt/ozone/hadoop-ozone/integration-test/target/test-dir/MiniOzoneClusterImpl-fe278d26-eb6d-413e-b3f8-43e11913de58/datanode-0/data-0/containers/hdds
2020-12-08 01:58:10,383 [Listener at 127.0.0.1/34557] INFO  volume.HddsVolumeChecker (HddsVolumeChecker.java:checkAllVolumes(200)) - Scheduled health check for volume /github/workspace/mnt/ozone/hadoop-ozone/integration-test/target/test-dir/MiniOzoneClusterImpl-fe278d26-eb6d-413e-b3f8-43e11913de58/datanode-0/data-0/containers/hdds
2020-12-08 01:58:10,397 [Thread-503] INFO  ozoneimpl.ContainerReader (ContainerReader.java:readVolume(123)) - Start to verify containers on volume /github/workspace/mnt/ozone/hadoop-ozone/integration-test/target/test-dir/MiniOzoneClusterImpl-fe278d26-eb6d-413e-b3f8-43e11913de58/datanode-0/data-0/containers/hdds
2020-12-08 01:58:10,397 [Thread-503] INFO  ozoneimpl.ContainerReader (ContainerReader.java:readVolume(148)) - Finish verifying containers on volume /github/workspace/mnt/ozone/hadoop-ozone/integration-test/target/test-dir/MiniOzoneClusterImpl-fe278d26-eb6d-413e-b3f8-43e11913de58/datanode-0/data-0/containers/hdds
2020-12-08 01:58:10,397 [Listener at 127.0.0.1/34557] INFO  ozoneimpl.OzoneContainer (OzoneContainer.java:buildContainerSet(194)) - Build ContainerSet costs 0s
2020-12-08 01:58:10,399 [Listener at 127.0.0.1/34557] INFO  impl.RaftServerProxy (ConfUtils.java:logGet(44)) - raft.rpc.type = GRPC (default)
2020-12-08 01:58:10,399 [Listener at 127.0.0.1/34557] INFO  grpc.GrpcFactory (GrpcFactory.java:checkPooledByteBufAllocatorUseCacheForAllThreads(45)) - PERFORMANCE WARNING: useCacheForAllThreads is true that may cause Netty to create a lot garbage objects and, as a result, trigger GC.
	It is recommended to disable useCacheForAllThreads by setting -Dorg.apache.ratis.thirdparty.io.netty.allocator.useCacheForAllThreads=false in command line.
2020-12-08 01:58:10,399 [Listener at 127.0.0.1/34557] INFO  grpc.GrpcConfigKeys (ConfUtils.java:logGet(44)) - raft.grpc.server.port = 0 (default)
2020-12-08 01:58:10,399 [Listener at 127.0.0.1/34557] INFO  server.GrpcService (ConfUtils.java:logGet(44)) - raft.grpc.message.size.max = 32MB (=33554432) (custom)
2020-12-08 01:58:10,400 [Listener at 127.0.0.1/34557] INFO  server.RaftServerConfigKeys (ConfUtils.java:logGet(44)) - raft.server.log.appender.buffer.byte-limit = 33554432 (custom)
2020-12-08 01:58:10,400 [Listener at 127.0.0.1/34557] INFO  server.GrpcService (ConfUtils.java:logGet(44)) - raft.grpc.flow.control.window = 5MB (=5242880) (custom)
2020-12-08 01:58:10,400 [Listener at 127.0.0.1/34557] INFO  server.RaftServerConfigKeys (ConfUtils.java:logGet(44)) - raft.server.rpc.request.timeout = 60s (custom)
2020-12-08 01:58:10,401 [Listener at 127.0.0.1/34557] INFO  impl.DataStreamServerImpl (ConfUtils.java:logGet(44)) - raft.datastream.type = DISABLED (default)
2020-12-08 01:58:10,401 [Listener at 127.0.0.1/34557] INFO  server.RaftServerConfigKeys (ConfUtils.java:logGet(44)) - raft.server.storage.dir = [/github/workspace/mnt/ozone/hadoop-ozone/integration-test/target/test-dir/MiniOzoneClusterImpl-fe278d26-eb6d-413e-b3f8-43e11913de58/datanode-0/data/ratis] (custom)
2020-12-08 01:58:10,407 [Listener at 127.0.0.1/34557] INFO  http.BaseHttpServer (BaseHttpServer.java:newHttpServer2BuilderForOzone(207)) - Starting Web-server for hddsDatanode at: http://0.0.0.0:0
2020-12-08 01:58:10,407 [Listener at 127.0.0.1/34557] INFO  http.BaseHttpServer (BaseHttpServer.java:<init>(106)) - Hadoop Security Enabled: false Ozone Security Enabled: false Ozone HTTP Security Enabled: false 
2020-12-08 01:58:10,408 [Listener at 127.0.0.1/34557] INFO  server.AuthenticationFilter (AuthenticationFilter.java:constructSecretProvider(240)) - Unable to initialize FileSignerSecretProvider, falling back to use random secrets.
2020-12-08 01:58:10,408 [Listener at 127.0.0.1/34557] WARN  http.HttpRequestLog (HttpRequestLog.java:getRequestLog(103)) - Jetty request log can only be enabled using Log4j
2020-12-08 01:58:10,409 [Listener at 127.0.0.1/34557] INFO  http.HttpServer2 (HttpServer2.java:addGlobalFilter(1019)) - Added global filter 'safety' (class=org.apache.hadoop.hdds.server.http.HttpServer2$QuotingInputFilter)
2020-12-08 01:58:10,410 [Listener at 127.0.0.1/34557] INFO  http.HttpServer2 (HttpServer2.java:addFilter(995)) - Added filter static_user_filter (class=org.apache.hadoop.http.lib.StaticUserWebFilter$StaticUserFilter) to context hddsDatanode
2020-12-08 01:58:10,410 [Listener at 127.0.0.1/34557] INFO  http.HttpServer2 (HttpServer2.java:addFilter(1003)) - Added filter static_user_filter (class=org.apache.hadoop.http.lib.StaticUserWebFilter$StaticUserFilter) to context static
2020-12-08 01:58:10,410 [Listener at 127.0.0.1/34557] INFO  http.HttpServer2 (HttpServer2.java:addFilter(1003)) - Added filter static_user_filter (class=org.apache.hadoop.http.lib.StaticUserWebFilter$StaticUserFilter) to context logs
2020-12-08 01:58:10,410 [Listener at 127.0.0.1/34557] INFO  http.HttpServer2 (HttpServer2.java:bindListener(1237)) - Jetty bound to port 35873
2020-12-08 01:58:10,410 [Listener at 127.0.0.1/34557] INFO  server.Server (Server.java:doStart(375)) - jetty-9.4.34.v20201102; built: 2020-11-02T14:15:39.302Z; git: e46af88704a893fc12cb0e3bf46e2c7b48a009e7; jvm 1.8.0_232-b09
2020-12-08 01:58:10,412 [Listener at 127.0.0.1/34557] INFO  server.session (DefaultSessionIdManager.java:doStart(334)) - DefaultSessionIdManager workerName=node0
2020-12-08 01:58:10,412 [Listener at 127.0.0.1/34557] INFO  server.session (DefaultSessionIdManager.java:doStart(339)) - No SessionScavenger set, using defaults
2020-12-08 01:58:10,412 [Listener at 127.0.0.1/34557] INFO  server.session (HouseKeeper.java:startScavenging(132)) - node0 Scavenging every 660000ms
2020-12-08 01:58:10,413 [Listener at 127.0.0.1/34557] INFO  handler.ContextHandler (ContextHandler.java:doStart(916)) - Started o.e.j.s.ServletContextHandler@277222c1{logs,/logs,file:///github/workspace/mnt/ozone/hadoop-ozone/integration-test/target/log,AVAILABLE}
2020-12-08 01:58:10,413 [Listener at 127.0.0.1/34557] INFO  handler.ContextHandler (ContextHandler.java:doStart(916)) - Started o.e.j.s.ServletContextHandler@3599e389{static,/static,jar:file:/home/user/.m2/repository/org/apache/hadoop/hadoop-hdds-container-service/1.1.0-SNAPSHOT/hadoop-hdds-container-service-1.1.0-SNAPSHOT.jar!/webapps/static,AVAILABLE}
2020-12-08 01:58:10,576 [Listener at 127.0.0.1/34557] INFO  handler.ContextHandler (ContextHandler.java:doStart(916)) - Started o.e.j.w.WebAppContext@24a48089{hddsDatanode,/,file:///tmp/jetty-0_0_0_0-35873-hadoop-hdds-container-service-1_1_0-SNAPSHOT_jar-_-any-560452677769840120/webapp/,AVAILABLE}{jar:file:/home/user/.m2/repository/org/apache/hadoop/hadoop-hdds-container-service/1.1.0-SNAPSHOT/hadoop-hdds-container-service-1.1.0-SNAPSHOT.jar!/webapps/hddsDatanode}
2020-12-08 01:58:10,577 [Listener at 127.0.0.1/34557] INFO  server.AbstractConnector (AbstractConnector.java:doStart(331)) - Started ServerConnector@188cee5b{HTTP/1.1, (http/1.1)}{0.0.0.0:35873}
2020-12-08 01:58:10,578 [Listener at 127.0.0.1/34557] INFO  server.Server (Server.java:doStart(415)) - Started @54211ms
2020-12-08 01:58:10,578 [Listener at 127.0.0.1/34557] WARN  impl.MetricsSystemImpl (MetricsSystemImpl.java:register(276)) - Sink prometheus already exists!
2020-12-08 01:58:10,586 [Listener at 127.0.0.1/34557] INFO  http.BaseHttpServer (BaseHttpServer.java:updateConnectorAddress(327)) - HTTP server of hddsDatanode listening at http://0.0.0.0:35873
2020-12-08 01:58:10,586 [Listener at 127.0.0.1/34557] INFO  impl.MetricsSystemImpl (MetricsSystemImpl.java:init(158)) - HddsDatanode metrics system started (again)
2020-12-08 01:58:10,588 [Listener at 127.0.0.1/34557] INFO  ozone.HddsDatanodeService (HddsDatanodeService.java:start(217)) - HddsDatanodeService host:11cef1ca5a88 ip:172.17.0.2
2020-12-08 01:58:10,589 [Listener at 127.0.0.1/34557] INFO  volume.HddsVolume (HddsVolume.java:<init>(176)) - Creating Volume: /github/workspace/mnt/ozone/hadoop-ozone/integration-test/target/test-dir/MiniOzoneClusterImpl-fe278d26-eb6d-413e-b3f8-43e11913de58/datanode-1/data-0/containers/hdds of storage type : DISK and capacity : 9223372036854775807
2020-12-08 01:58:10,590 [Listener at 127.0.0.1/34557] INFO  volume.MutableVolumeSet (MutableVolumeSet.java:initializeVolumeSet(179)) - Added Volume : /github/workspace/mnt/ozone/hadoop-ozone/integration-test/target/test-dir/MiniOzoneClusterImpl-fe278d26-eb6d-413e-b3f8-43e11913de58/datanode-1/data-0/containers/hdds to VolumeSet
2020-12-08 01:58:10,590 [Listener at 127.0.0.1/34557] INFO  volume.ThrottledAsyncChecker (ThrottledAsyncChecker.java:schedule(141)) - Scheduling a check for /github/workspace/mnt/ozone/hadoop-ozone/integration-test/target/test-dir/MiniOzoneClusterImpl-fe278d26-eb6d-413e-b3f8-43e11913de58/datanode-1/data-0/containers/hdds
2020-12-08 01:58:10,590 [Listener at 127.0.0.1/34557] INFO  volume.HddsVolumeChecker (HddsVolumeChecker.java:checkAllVolumes(200)) - Scheduled health check for volume /github/workspace/mnt/ozone/hadoop-ozone/integration-test/target/test-dir/MiniOzoneClusterImpl-fe278d26-eb6d-413e-b3f8-43e11913de58/datanode-1/data-0/containers/hdds
2020-12-08 01:58:10,605 [org.apache.hadoop.util.JvmPauseMonitor$Monitor@58f71584] INFO  util.JvmPauseMonitor (JvmPauseMonitor.java:run(188)) - Starting JVM pause monitor
2020-12-08 01:58:10,605 [Thread-514] INFO  ozoneimpl.ContainerReader (ContainerReader.java:readVolume(123)) - Start to verify containers on volume /github/workspace/mnt/ozone/hadoop-ozone/integration-test/target/test-dir/MiniOzoneClusterImpl-fe278d26-eb6d-413e-b3f8-43e11913de58/datanode-1/data-0/containers/hdds
2020-12-08 01:58:10,606 [Thread-514] INFO  ozoneimpl.ContainerReader (ContainerReader.java:readVolume(148)) - Finish verifying containers on volume /github/workspace/mnt/ozone/hadoop-ozone/integration-test/target/test-dir/MiniOzoneClusterImpl-fe278d26-eb6d-413e-b3f8-43e11913de58/datanode-1/data-0/containers/hdds
2020-12-08 01:58:10,606 [Listener at 127.0.0.1/34557] INFO  ozoneimpl.OzoneContainer (OzoneContainer.java:buildContainerSet(194)) - Build ContainerSet costs 0s
2020-12-08 01:58:10,608 [Listener at 127.0.0.1/34557] INFO  impl.RaftServerProxy (ConfUtils.java:logGet(44)) - raft.rpc.type = GRPC (default)
2020-12-08 01:58:10,608 [Listener at 127.0.0.1/34557] INFO  grpc.GrpcFactory (GrpcFactory.java:checkPooledByteBufAllocatorUseCacheForAllThreads(45)) - PERFORMANCE WARNING: useCacheForAllThreads is true that may cause Netty to create a lot garbage objects and, as a result, trigger GC.
	It is recommended to disable useCacheForAllThreads by setting -Dorg.apache.ratis.thirdparty.io.netty.allocator.useCacheForAllThreads=false in command line.
2020-12-08 01:58:10,608 [Listener at 127.0.0.1/34557] INFO  grpc.GrpcConfigKeys (ConfUtils.java:logGet(44)) - raft.grpc.server.port = 0 (default)
2020-12-08 01:58:10,609 [Listener at 127.0.0.1/34557] INFO  server.GrpcService (ConfUtils.java:logGet(44)) - raft.grpc.message.size.max = 32MB (=33554432) (custom)
2020-12-08 01:58:10,609 [Listener at 127.0.0.1/34557] INFO  server.RaftServerConfigKeys (ConfUtils.java:logGet(44)) - raft.server.log.appender.buffer.byte-limit = 33554432 (custom)
2020-12-08 01:58:10,609 [Listener at 127.0.0.1/34557] INFO  server.GrpcService (ConfUtils.java:logGet(44)) - raft.grpc.flow.control.window = 5MB (=5242880) (custom)
2020-12-08 01:58:10,609 [Listener at 127.0.0.1/34557] INFO  server.RaftServerConfigKeys (ConfUtils.java:logGet(44)) - raft.server.rpc.request.timeout = 60s (custom)
2020-12-08 01:58:10,610 [Listener at 127.0.0.1/34557] INFO  impl.DataStreamServerImpl (ConfUtils.java:logGet(44)) - raft.datastream.type = DISABLED (default)
2020-12-08 01:58:10,610 [Listener at 127.0.0.1/34557] INFO  server.RaftServerConfigKeys (ConfUtils.java:logGet(44)) - raft.server.storage.dir = [/github/workspace/mnt/ozone/hadoop-ozone/integration-test/target/test-dir/MiniOzoneClusterImpl-fe278d26-eb6d-413e-b3f8-43e11913de58/datanode-1/data/ratis] (custom)
2020-12-08 01:58:10,612 [Datanode State Machine Task Thread - 0] INFO  datanode.InitDatanodeState (InitDatanodeState.java:persistContainerDatanodeDetails(145)) - DatanodeDetails is persisted to /github/workspace/mnt/ozone/hadoop-ozone/integration-test/target/test-dir/MiniOzoneClusterImpl-fe278d26-eb6d-413e-b3f8-43e11913de58/datanode-0/meta/datanode.id
2020-12-08 01:58:10,615 [Listener at 127.0.0.1/34557] INFO  http.BaseHttpServer (BaseHttpServer.java:newHttpServer2BuilderForOzone(207)) - Starting Web-server for hddsDatanode at: http://0.0.0.0:0
2020-12-08 01:58:10,615 [Listener at 127.0.0.1/34557] INFO  http.BaseHttpServer (BaseHttpServer.java:<init>(106)) - Hadoop Security Enabled: false Ozone Security Enabled: false Ozone HTTP Security Enabled: false 
2020-12-08 01:58:10,616 [Listener at 127.0.0.1/34557] INFO  server.AuthenticationFilter (AuthenticationFilter.java:constructSecretProvider(240)) - Unable to initialize FileSignerSecretProvider, falling back to use random secrets.
2020-12-08 01:58:10,616 [Listener at 127.0.0.1/34557] WARN  http.HttpRequestLog (HttpRequestLog.java:getRequestLog(103)) - Jetty request log can only be enabled using Log4j
2020-12-08 01:58:10,617 [Listener at 127.0.0.1/34557] INFO  http.HttpServer2 (HttpServer2.java:addGlobalFilter(1019)) - Added global filter 'safety' (class=org.apache.hadoop.hdds.server.http.HttpServer2$QuotingInputFilter)
2020-12-08 01:58:10,618 [Listener at 127.0.0.1/34557] INFO  http.HttpServer2 (HttpServer2.java:addFilter(995)) - Added filter static_user_filter (class=org.apache.hadoop.http.lib.StaticUserWebFilter$StaticUserFilter) to context hddsDatanode
2020-12-08 01:58:10,618 [Listener at 127.0.0.1/34557] INFO  http.HttpServer2 (HttpServer2.java:addFilter(1003)) - Added filter static_user_filter (class=org.apache.hadoop.http.lib.StaticUserWebFilter$StaticUserFilter) to context static
2020-12-08 01:58:10,618 [Listener at 127.0.0.1/34557] INFO  http.HttpServer2 (HttpServer2.java:addFilter(1003)) - Added filter static_user_filter (class=org.apache.hadoop.http.lib.StaticUserWebFilter$StaticUserFilter) to context logs
2020-12-08 01:58:10,618 [Listener at 127.0.0.1/34557] INFO  http.HttpServer2 (HttpServer2.java:bindListener(1237)) - Jetty bound to port 40511
2020-12-08 01:58:10,618 [Listener at 127.0.0.1/34557] INFO  server.Server (Server.java:doStart(375)) - jetty-9.4.34.v20201102; built: 2020-11-02T14:15:39.302Z; git: e46af88704a893fc12cb0e3bf46e2c7b48a009e7; jvm 1.8.0_232-b09
2020-12-08 01:58:10,620 [Listener at 127.0.0.1/34557] INFO  server.session (DefaultSessionIdManager.java:doStart(334)) - DefaultSessionIdManager workerName=node0
2020-12-08 01:58:10,620 [Listener at 127.0.0.1/34557] INFO  server.session (DefaultSessionIdManager.java:doStart(339)) - No SessionScavenger set, using defaults
2020-12-08 01:58:10,620 [Listener at 127.0.0.1/34557] INFO  server.session (HouseKeeper.java:startScavenging(132)) - node0 Scavenging every 660000ms
2020-12-08 01:58:10,621 [Listener at 127.0.0.1/34557] INFO  handler.ContextHandler (ContextHandler.java:doStart(916)) - Started o.e.j.s.ServletContextHandler@5d571d39{logs,/logs,file:///github/workspace/mnt/ozone/hadoop-ozone/integration-test/target/log,AVAILABLE}
2020-12-08 01:58:10,621 [Listener at 127.0.0.1/34557] INFO  handler.ContextHandler (ContextHandler.java:doStart(916)) - Started o.e.j.s.ServletContextHandler@15115269{static,/static,jar:file:/home/user/.m2/repository/org/apache/hadoop/hadoop-hdds-container-service/1.1.0-SNAPSHOT/hadoop-hdds-container-service-1.1.0-SNAPSHOT.jar!/webapps/static,AVAILABLE}
2020-12-08 01:58:10,792 [Listener at 127.0.0.1/34557] INFO  handler.ContextHandler (ContextHandler.java:doStart(916)) - Started o.e.j.w.WebAppContext@1af71fe2{hddsDatanode,/,file:///tmp/jetty-0_0_0_0-40511-hadoop-hdds-container-service-1_1_0-SNAPSHOT_jar-_-any-2303377357533350785/webapp/,AVAILABLE}{jar:file:/home/user/.m2/repository/org/apache/hadoop/hadoop-hdds-container-service/1.1.0-SNAPSHOT/hadoop-hdds-container-service-1.1.0-SNAPSHOT.jar!/webapps/hddsDatanode}
2020-12-08 01:58:10,794 [Listener at 127.0.0.1/34557] INFO  server.AbstractConnector (AbstractConnector.java:doStart(331)) - Started ServerConnector@374b3550{HTTP/1.1, (http/1.1)}{0.0.0.0:40511}
2020-12-08 01:58:10,794 [Listener at 127.0.0.1/34557] INFO  server.Server (Server.java:doStart(415)) - Started @54428ms
2020-12-08 01:58:10,794 [Listener at 127.0.0.1/34557] WARN  impl.MetricsSystemImpl (MetricsSystemImpl.java:register(276)) - Sink prometheus already exists!
2020-12-08 01:58:10,797 [Listener at 127.0.0.1/34557] INFO  http.BaseHttpServer (BaseHttpServer.java:updateConnectorAddress(327)) - HTTP server of hddsDatanode listening at http://0.0.0.0:40511
2020-12-08 01:58:10,802 [Listener at 127.0.0.1/34557] INFO  impl.MetricsSystemImpl (MetricsSystemImpl.java:init(158)) - HddsDatanode metrics system started (again)
2020-12-08 01:58:10,806 [Listener at 127.0.0.1/34557] INFO  ozone.HddsDatanodeService (HddsDatanodeService.java:start(217)) - HddsDatanodeService host:11cef1ca5a88 ip:172.17.0.2
2020-12-08 01:58:10,808 [Listener at 127.0.0.1/34557] INFO  volume.HddsVolume (HddsVolume.java:<init>(176)) - Creating Volume: /github/workspace/mnt/ozone/hadoop-ozone/integration-test/target/test-dir/MiniOzoneClusterImpl-fe278d26-eb6d-413e-b3f8-43e11913de58/datanode-2/data-0/containers/hdds of storage type : DISK and capacity : 9223372036854775807
2020-12-08 01:58:10,808 [Listener at 127.0.0.1/34557] INFO  volume.MutableVolumeSet (MutableVolumeSet.java:initializeVolumeSet(179)) - Added Volume : /github/workspace/mnt/ozone/hadoop-ozone/integration-test/target/test-dir/MiniOzoneClusterImpl-fe278d26-eb6d-413e-b3f8-43e11913de58/datanode-2/data-0/containers/hdds to VolumeSet
2020-12-08 01:58:10,808 [Listener at 127.0.0.1/34557] INFO  volume.ThrottledAsyncChecker (ThrottledAsyncChecker.java:schedule(141)) - Scheduling a check for /github/workspace/mnt/ozone/hadoop-ozone/integration-test/target/test-dir/MiniOzoneClusterImpl-fe278d26-eb6d-413e-b3f8-43e11913de58/datanode-2/data-0/containers/hdds
2020-12-08 01:58:10,809 [Listener at 127.0.0.1/34557] INFO  volume.HddsVolumeChecker (HddsVolumeChecker.java:checkAllVolumes(200)) - Scheduled health check for volume /github/workspace/mnt/ozone/hadoop-ozone/integration-test/target/test-dir/MiniOzoneClusterImpl-fe278d26-eb6d-413e-b3f8-43e11913de58/datanode-2/data-0/containers/hdds
2020-12-08 01:58:10,825 [org.apache.hadoop.util.JvmPauseMonitor$Monitor@4dc192d7] INFO  util.JvmPauseMonitor (JvmPauseMonitor.java:run(188)) - Starting JVM pause monitor
2020-12-08 01:58:10,826 [Thread-525] INFO  ozoneimpl.ContainerReader (ContainerReader.java:readVolume(123)) - Start to verify containers on volume /github/workspace/mnt/ozone/hadoop-ozone/integration-test/target/test-dir/MiniOzoneClusterImpl-fe278d26-eb6d-413e-b3f8-43e11913de58/datanode-2/data-0/containers/hdds
2020-12-08 01:58:10,826 [Thread-525] INFO  ozoneimpl.ContainerReader (ContainerReader.java:readVolume(148)) - Finish verifying containers on volume /github/workspace/mnt/ozone/hadoop-ozone/integration-test/target/test-dir/MiniOzoneClusterImpl-fe278d26-eb6d-413e-b3f8-43e11913de58/datanode-2/data-0/containers/hdds
2020-12-08 01:58:10,826 [Listener at 127.0.0.1/34557] INFO  ozoneimpl.OzoneContainer (OzoneContainer.java:buildContainerSet(194)) - Build ContainerSet costs 0s
2020-12-08 01:58:10,828 [Listener at 127.0.0.1/34557] INFO  impl.RaftServerProxy (ConfUtils.java:logGet(44)) - raft.rpc.type = GRPC (default)
2020-12-08 01:58:10,828 [Listener at 127.0.0.1/34557] INFO  grpc.GrpcFactory (GrpcFactory.java:checkPooledByteBufAllocatorUseCacheForAllThreads(45)) - PERFORMANCE WARNING: useCacheForAllThreads is true that may cause Netty to create a lot garbage objects and, as a result, trigger GC.
	It is recommended to disable useCacheForAllThreads by setting -Dorg.apache.ratis.thirdparty.io.netty.allocator.useCacheForAllThreads=false in command line.
2020-12-08 01:58:10,828 [Listener at 127.0.0.1/34557] INFO  grpc.GrpcConfigKeys (ConfUtils.java:logGet(44)) - raft.grpc.server.port = 0 (default)
2020-12-08 01:58:10,828 [Listener at 127.0.0.1/34557] INFO  server.GrpcService (ConfUtils.java:logGet(44)) - raft.grpc.message.size.max = 32MB (=33554432) (custom)
2020-12-08 01:58:10,828 [Listener at 127.0.0.1/34557] INFO  server.RaftServerConfigKeys (ConfUtils.java:logGet(44)) - raft.server.log.appender.buffer.byte-limit = 33554432 (custom)
2020-12-08 01:58:10,829 [Listener at 127.0.0.1/34557] INFO  server.GrpcService (ConfUtils.java:logGet(44)) - raft.grpc.flow.control.window = 5MB (=5242880) (custom)
2020-12-08 01:58:10,829 [Listener at 127.0.0.1/34557] INFO  server.RaftServerConfigKeys (ConfUtils.java:logGet(44)) - raft.server.rpc.request.timeout = 60s (custom)
2020-12-08 01:58:10,829 [Listener at 127.0.0.1/34557] INFO  impl.DataStreamServerImpl (ConfUtils.java:logGet(44)) - raft.datastream.type = DISABLED (default)
2020-12-08 01:58:10,830 [Listener at 127.0.0.1/34557] INFO  server.RaftServerConfigKeys (ConfUtils.java:logGet(44)) - raft.server.storage.dir = [/github/workspace/mnt/ozone/hadoop-ozone/integration-test/target/test-dir/MiniOzoneClusterImpl-fe278d26-eb6d-413e-b3f8-43e11913de58/datanode-2/data/ratis] (custom)
2020-12-08 01:58:10,835 [Datanode State Machine Task Thread - 0] INFO  datanode.InitDatanodeState (InitDatanodeState.java:persistContainerDatanodeDetails(145)) - DatanodeDetails is persisted to /github/workspace/mnt/ozone/hadoop-ozone/integration-test/target/test-dir/MiniOzoneClusterImpl-fe278d26-eb6d-413e-b3f8-43e11913de58/datanode-1/meta/datanode.id
2020-12-08 01:58:10,837 [Listener at 127.0.0.1/34557] INFO  http.BaseHttpServer (BaseHttpServer.java:newHttpServer2BuilderForOzone(207)) - Starting Web-server for hddsDatanode at: http://0.0.0.0:0
2020-12-08 01:58:10,837 [Listener at 127.0.0.1/34557] INFO  http.BaseHttpServer (BaseHttpServer.java:<init>(106)) - Hadoop Security Enabled: false Ozone Security Enabled: false Ozone HTTP Security Enabled: false 
2020-12-08 01:58:10,838 [Listener at 127.0.0.1/34557] INFO  server.AuthenticationFilter (AuthenticationFilter.java:constructSecretProvider(240)) - Unable to initialize FileSignerSecretProvider, falling back to use random secrets.
2020-12-08 01:58:10,844 [Listener at 127.0.0.1/34557] WARN  http.HttpRequestLog (HttpRequestLog.java:getRequestLog(103)) - Jetty request log can only be enabled using Log4j
2020-12-08 01:58:10,845 [Listener at 127.0.0.1/34557] INFO  http.HttpServer2 (HttpServer2.java:addGlobalFilter(1019)) - Added global filter 'safety' (class=org.apache.hadoop.hdds.server.http.HttpServer2$QuotingInputFilter)
2020-12-08 01:58:10,846 [Listener at 127.0.0.1/34557] INFO  http.HttpServer2 (HttpServer2.java:addFilter(995)) - Added filter static_user_filter (class=org.apache.hadoop.http.lib.StaticUserWebFilter$StaticUserFilter) to context hddsDatanode
2020-12-08 01:58:10,846 [Listener at 127.0.0.1/34557] INFO  http.HttpServer2 (HttpServer2.java:addFilter(1003)) - Added filter static_user_filter (class=org.apache.hadoop.http.lib.StaticUserWebFilter$StaticUserFilter) to context logs
2020-12-08 01:58:10,846 [Listener at 127.0.0.1/34557] INFO  http.HttpServer2 (HttpServer2.java:addFilter(1003)) - Added filter static_user_filter (class=org.apache.hadoop.http.lib.StaticUserWebFilter$StaticUserFilter) to context static
2020-12-08 01:58:10,847 [Listener at 127.0.0.1/34557] INFO  http.HttpServer2 (HttpServer2.java:bindListener(1237)) - Jetty bound to port 41837
2020-12-08 01:58:10,847 [Listener at 127.0.0.1/34557] INFO  server.Server (Server.java:doStart(375)) - jetty-9.4.34.v20201102; built: 2020-11-02T14:15:39.302Z; git: e46af88704a893fc12cb0e3bf46e2c7b48a009e7; jvm 1.8.0_232-b09
2020-12-08 01:58:10,849 [Listener at 127.0.0.1/34557] INFO  server.session (DefaultSessionIdManager.java:doStart(334)) - DefaultSessionIdManager workerName=node0
2020-12-08 01:58:10,849 [Listener at 127.0.0.1/34557] INFO  server.session (DefaultSessionIdManager.java:doStart(339)) - No SessionScavenger set, using defaults
2020-12-08 01:58:10,849 [Listener at 127.0.0.1/34557] INFO  server.session (HouseKeeper.java:startScavenging(132)) - node0 Scavenging every 600000ms
2020-12-08 01:58:10,850 [Listener at 127.0.0.1/34557] INFO  handler.ContextHandler (ContextHandler.java:doStart(916)) - Started o.e.j.s.ServletContextHandler@4445ad6{logs,/logs,file:///github/workspace/mnt/ozone/hadoop-ozone/integration-test/target/log,AVAILABLE}
2020-12-08 01:58:10,850 [Listener at 127.0.0.1/34557] INFO  handler.ContextHandler (ContextHandler.java:doStart(916)) - Started o.e.j.s.ServletContextHandler@6e89da5f{static,/static,jar:file:/home/user/.m2/repository/org/apache/hadoop/hadoop-hdds-container-service/1.1.0-SNAPSHOT/hadoop-hdds-container-service-1.1.0-SNAPSHOT.jar!/webapps/static,AVAILABLE}
2020-12-08 01:58:11,055 [Listener at 127.0.0.1/34557] INFO  handler.ContextHandler (ContextHandler.java:doStart(916)) - Started o.e.j.w.WebAppContext@4d351aef{hddsDatanode,/,file:///tmp/jetty-0_0_0_0-41837-hadoop-hdds-container-service-1_1_0-SNAPSHOT_jar-_-any-6502821323851031790/webapp/,AVAILABLE}{jar:file:/home/user/.m2/repository/org/apache/hadoop/hadoop-hdds-container-service/1.1.0-SNAPSHOT/hadoop-hdds-container-service-1.1.0-SNAPSHOT.jar!/webapps/hddsDatanode}
2020-12-08 01:58:11,056 [Listener at 127.0.0.1/34557] INFO  server.AbstractConnector (AbstractConnector.java:doStart(331)) - Started ServerConnector@798c27b6{HTTP/1.1, (http/1.1)}{0.0.0.0:41837}
2020-12-08 01:58:11,057 [Listener at 127.0.0.1/34557] INFO  server.Server (Server.java:doStart(415)) - Started @54690ms
2020-12-08 01:58:11,057 [Listener at 127.0.0.1/34557] WARN  impl.MetricsSystemImpl (MetricsSystemImpl.java:register(276)) - Sink prometheus already exists!
2020-12-08 01:58:11,060 [Listener at 127.0.0.1/34557] INFO  http.BaseHttpServer (BaseHttpServer.java:updateConnectorAddress(327)) - HTTP server of hddsDatanode listening at http://0.0.0.0:41837
2020-12-08 01:58:11,062 [Listener at 127.0.0.1/34557] INFO  impl.MetricsSystemImpl (MetricsSystemImpl.java:init(158)) - HddsDatanode metrics system started (again)
2020-12-08 01:58:11,063 [Listener at 127.0.0.1/34557] INFO  ozone.HddsDatanodeService (HddsDatanodeService.java:start(217)) - HddsDatanodeService host:11cef1ca5a88 ip:172.17.0.2
2020-12-08 01:58:11,065 [org.apache.hadoop.util.JvmPauseMonitor$Monitor@655fad9a] INFO  util.JvmPauseMonitor (JvmPauseMonitor.java:run(188)) - Starting JVM pause monitor
2020-12-08 01:58:11,066 [Listener at 127.0.0.1/34557] INFO  volume.HddsVolume (HddsVolume.java:<init>(176)) - Creating Volume: /github/workspace/mnt/ozone/hadoop-ozone/integration-test/target/test-dir/MiniOzoneClusterImpl-fe278d26-eb6d-413e-b3f8-43e11913de58/datanode-3/data-0/containers/hdds of storage type : DISK and capacity : 9223372036854775807
2020-12-08 01:58:11,066 [Listener at 127.0.0.1/34557] INFO  volume.MutableVolumeSet (MutableVolumeSet.java:initializeVolumeSet(179)) - Added Volume : /github/workspace/mnt/ozone/hadoop-ozone/integration-test/target/test-dir/MiniOzoneClusterImpl-fe278d26-eb6d-413e-b3f8-43e11913de58/datanode-3/data-0/containers/hdds to VolumeSet
2020-12-08 01:58:11,067 [Listener at 127.0.0.1/34557] INFO  volume.ThrottledAsyncChecker (ThrottledAsyncChecker.java:schedule(141)) - Scheduling a check for /github/workspace/mnt/ozone/hadoop-ozone/integration-test/target/test-dir/MiniOzoneClusterImpl-fe278d26-eb6d-413e-b3f8-43e11913de58/datanode-3/data-0/containers/hdds
2020-12-08 01:58:11,068 [Datanode State Machine Task Thread - 0] INFO  datanode.InitDatanodeState (InitDatanodeState.java:persistContainerDatanodeDetails(145)) - DatanodeDetails is persisted to /github/workspace/mnt/ozone/hadoop-ozone/integration-test/target/test-dir/MiniOzoneClusterImpl-fe278d26-eb6d-413e-b3f8-43e11913de58/datanode-2/meta/datanode.id
2020-12-08 01:58:11,069 [Listener at 127.0.0.1/34557] INFO  volume.HddsVolumeChecker (HddsVolumeChecker.java:checkAllVolumes(200)) - Scheduled health check for volume /github/workspace/mnt/ozone/hadoop-ozone/integration-test/target/test-dir/MiniOzoneClusterImpl-fe278d26-eb6d-413e-b3f8-43e11913de58/datanode-3/data-0/containers/hdds
2020-12-08 01:58:11,081 [Thread-536] INFO  ozoneimpl.ContainerReader (ContainerReader.java:readVolume(123)) - Start to verify containers on volume /github/workspace/mnt/ozone/hadoop-ozone/integration-test/target/test-dir/MiniOzoneClusterImpl-fe278d26-eb6d-413e-b3f8-43e11913de58/datanode-3/data-0/containers/hdds
2020-12-08 01:58:11,081 [Thread-536] INFO  ozoneimpl.ContainerReader (ContainerReader.java:readVolume(148)) - Finish verifying containers on volume /github/workspace/mnt/ozone/hadoop-ozone/integration-test/target/test-dir/MiniOzoneClusterImpl-fe278d26-eb6d-413e-b3f8-43e11913de58/datanode-3/data-0/containers/hdds
2020-12-08 01:58:11,082 [Listener at 127.0.0.1/34557] INFO  ozoneimpl.OzoneContainer (OzoneContainer.java:buildContainerSet(194)) - Build ContainerSet costs 0s
2020-12-08 01:58:11,084 [Listener at 127.0.0.1/34557] INFO  impl.RaftServerProxy (ConfUtils.java:logGet(44)) - raft.rpc.type = GRPC (default)
2020-12-08 01:58:11,084 [Listener at 127.0.0.1/34557] INFO  grpc.GrpcFactory (GrpcFactory.java:checkPooledByteBufAllocatorUseCacheForAllThreads(45)) - PERFORMANCE WARNING: useCacheForAllThreads is true that may cause Netty to create a lot garbage objects and, as a result, trigger GC.
	It is recommended to disable useCacheForAllThreads by setting -Dorg.apache.ratis.thirdparty.io.netty.allocator.useCacheForAllThreads=false in command line.
2020-12-08 01:58:11,084 [Listener at 127.0.0.1/34557] INFO  grpc.GrpcConfigKeys (ConfUtils.java:logGet(44)) - raft.grpc.server.port = 0 (default)
2020-12-08 01:58:11,084 [Listener at 127.0.0.1/34557] INFO  server.GrpcService (ConfUtils.java:logGet(44)) - raft.grpc.message.size.max = 32MB (=33554432) (custom)
2020-12-08 01:58:11,084 [Listener at 127.0.0.1/34557] INFO  server.RaftServerConfigKeys (ConfUtils.java:logGet(44)) - raft.server.log.appender.buffer.byte-limit = 33554432 (custom)
2020-12-08 01:58:11,084 [Listener at 127.0.0.1/34557] INFO  server.GrpcService (ConfUtils.java:logGet(44)) - raft.grpc.flow.control.window = 5MB (=5242880) (custom)
2020-12-08 01:58:11,084 [Listener at 127.0.0.1/34557] INFO  server.RaftServerConfigKeys (ConfUtils.java:logGet(44)) - raft.server.rpc.request.timeout = 60s (custom)
2020-12-08 01:58:11,085 [Listener at 127.0.0.1/34557] INFO  impl.DataStreamServerImpl (ConfUtils.java:logGet(44)) - raft.datastream.type = DISABLED (default)
2020-12-08 01:58:11,085 [Listener at 127.0.0.1/34557] INFO  server.RaftServerConfigKeys (ConfUtils.java:logGet(44)) - raft.server.storage.dir = [/github/workspace/mnt/ozone/hadoop-ozone/integration-test/target/test-dir/MiniOzoneClusterImpl-fe278d26-eb6d-413e-b3f8-43e11913de58/datanode-3/data/ratis] (custom)
2020-12-08 01:58:11,090 [Listener at 127.0.0.1/34557] INFO  http.BaseHttpServer (BaseHttpServer.java:newHttpServer2BuilderForOzone(207)) - Starting Web-server for hddsDatanode at: http://0.0.0.0:0
2020-12-08 01:58:11,090 [Listener at 127.0.0.1/34557] INFO  http.BaseHttpServer (BaseHttpServer.java:<init>(106)) - Hadoop Security Enabled: false Ozone Security Enabled: false Ozone HTTP Security Enabled: false 
2020-12-08 01:58:11,091 [Listener at 127.0.0.1/34557] INFO  server.AuthenticationFilter (AuthenticationFilter.java:constructSecretProvider(240)) - Unable to initialize FileSignerSecretProvider, falling back to use random secrets.
2020-12-08 01:58:11,092 [Listener at 127.0.0.1/34557] WARN  http.HttpRequestLog (HttpRequestLog.java:getRequestLog(103)) - Jetty request log can only be enabled using Log4j
2020-12-08 01:58:11,092 [Listener at 127.0.0.1/34557] INFO  http.HttpServer2 (HttpServer2.java:addGlobalFilter(1019)) - Added global filter 'safety' (class=org.apache.hadoop.hdds.server.http.HttpServer2$QuotingInputFilter)
2020-12-08 01:58:11,093 [Listener at 127.0.0.1/34557] INFO  http.HttpServer2 (HttpServer2.java:addFilter(995)) - Added filter static_user_filter (class=org.apache.hadoop.http.lib.StaticUserWebFilter$StaticUserFilter) to context hddsDatanode
2020-12-08 01:58:11,093 [Listener at 127.0.0.1/34557] INFO  http.HttpServer2 (HttpServer2.java:addFilter(1003)) - Added filter static_user_filter (class=org.apache.hadoop.http.lib.StaticUserWebFilter$StaticUserFilter) to context logs
2020-12-08 01:58:11,093 [Listener at 127.0.0.1/34557] INFO  http.HttpServer2 (HttpServer2.java:addFilter(1003)) - Added filter static_user_filter (class=org.apache.hadoop.http.lib.StaticUserWebFilter$StaticUserFilter) to context static
2020-12-08 01:58:11,094 [Listener at 127.0.0.1/34557] INFO  http.HttpServer2 (HttpServer2.java:bindListener(1237)) - Jetty bound to port 45031
2020-12-08 01:58:11,094 [Listener at 127.0.0.1/34557] INFO  server.Server (Server.java:doStart(375)) - jetty-9.4.34.v20201102; built: 2020-11-02T14:15:39.302Z; git: e46af88704a893fc12cb0e3bf46e2c7b48a009e7; jvm 1.8.0_232-b09
2020-12-08 01:58:11,097 [Listener at 127.0.0.1/34557] INFO  server.session (DefaultSessionIdManager.java:doStart(334)) - DefaultSessionIdManager workerName=node0
2020-12-08 01:58:11,097 [Listener at 127.0.0.1/34557] INFO  server.session (DefaultSessionIdManager.java:doStart(339)) - No SessionScavenger set, using defaults
2020-12-08 01:58:11,097 [Listener at 127.0.0.1/34557] INFO  server.session (HouseKeeper.java:startScavenging(132)) - node0 Scavenging every 600000ms
2020-12-08 01:58:11,098 [Listener at 127.0.0.1/34557] INFO  handler.ContextHandler (ContextHandler.java:doStart(916)) - Started o.e.j.s.ServletContextHandler@1aed2954{logs,/logs,file:///github/workspace/mnt/ozone/hadoop-ozone/integration-test/target/log,AVAILABLE}
2020-12-08 01:58:11,098 [Listener at 127.0.0.1/34557] INFO  handler.ContextHandler (ContextHandler.java:doStart(916)) - Started o.e.j.s.ServletContextHandler@363b659{static,/static,jar:file:/home/user/.m2/repository/org/apache/hadoop/hadoop-hdds-container-service/1.1.0-SNAPSHOT/hadoop-hdds-container-service-1.1.0-SNAPSHOT.jar!/webapps/static,AVAILABLE}
2020-12-08 01:58:11,263 [Listener at 127.0.0.1/34557] INFO  handler.ContextHandler (ContextHandler.java:doStart(916)) - Started o.e.j.w.WebAppContext@5ec6ef8{hddsDatanode,/,file:///tmp/jetty-0_0_0_0-45031-hadoop-hdds-container-service-1_1_0-SNAPSHOT_jar-_-any-7932985099228252393/webapp/,AVAILABLE}{jar:file:/home/user/.m2/repository/org/apache/hadoop/hadoop-hdds-container-service/1.1.0-SNAPSHOT/hadoop-hdds-container-service-1.1.0-SNAPSHOT.jar!/webapps/hddsDatanode}
2020-12-08 01:58:11,264 [Listener at 127.0.0.1/34557] INFO  server.AbstractConnector (AbstractConnector.java:doStart(331)) - Started ServerConnector@2602a26c{HTTP/1.1, (http/1.1)}{0.0.0.0:45031}
2020-12-08 01:58:11,265 [Listener at 127.0.0.1/34557] INFO  server.Server (Server.java:doStart(415)) - Started @54899ms
2020-12-08 01:58:11,265 [Listener at 127.0.0.1/34557] WARN  impl.MetricsSystemImpl (MetricsSystemImpl.java:register(276)) - Sink prometheus already exists!
2020-12-08 01:58:11,270 [Listener at 127.0.0.1/34557] INFO  http.BaseHttpServer (BaseHttpServer.java:updateConnectorAddress(327)) - HTTP server of hddsDatanode listening at http://0.0.0.0:45031
2020-12-08 01:58:11,278 [Listener at 127.0.0.1/34557] INFO  impl.MetricsSystemImpl (MetricsSystemImpl.java:init(158)) - HddsDatanode metrics system started (again)
2020-12-08 01:58:11,281 [Listener at 127.0.0.1/34557] INFO  ozone.HddsDatanodeService (HddsDatanodeService.java:start(217)) - HddsDatanodeService host:11cef1ca5a88 ip:172.17.0.2
2020-12-08 01:58:11,287 [Listener at 127.0.0.1/34557] INFO  volume.HddsVolume (HddsVolume.java:<init>(176)) - Creating Volume: /github/workspace/mnt/ozone/hadoop-ozone/integration-test/target/test-dir/MiniOzoneClusterImpl-fe278d26-eb6d-413e-b3f8-43e11913de58/datanode-4/data-0/containers/hdds of storage type : DISK and capacity : 9223372036854775807
2020-12-08 01:58:11,287 [Listener at 127.0.0.1/34557] INFO  volume.MutableVolumeSet (MutableVolumeSet.java:initializeVolumeSet(179)) - Added Volume : /github/workspace/mnt/ozone/hadoop-ozone/integration-test/target/test-dir/MiniOzoneClusterImpl-fe278d26-eb6d-413e-b3f8-43e11913de58/datanode-4/data-0/containers/hdds to VolumeSet
2020-12-08 01:58:11,288 [Listener at 127.0.0.1/34557] INFO  volume.ThrottledAsyncChecker (ThrottledAsyncChecker.java:schedule(141)) - Scheduling a check for /github/workspace/mnt/ozone/hadoop-ozone/integration-test/target/test-dir/MiniOzoneClusterImpl-fe278d26-eb6d-413e-b3f8-43e11913de58/datanode-4/data-0/containers/hdds
2020-12-08 01:58:11,293 [Listener at 127.0.0.1/34557] INFO  volume.HddsVolumeChecker (HddsVolumeChecker.java:checkAllVolumes(200)) - Scheduled health check for volume /github/workspace/mnt/ozone/hadoop-ozone/integration-test/target/test-dir/MiniOzoneClusterImpl-fe278d26-eb6d-413e-b3f8-43e11913de58/datanode-4/data-0/containers/hdds
2020-12-08 01:58:11,295 [Datanode State Machine Task Thread - 0] INFO  datanode.InitDatanodeState (InitDatanodeState.java:persistContainerDatanodeDetails(145)) - DatanodeDetails is persisted to /github/workspace/mnt/ozone/hadoop-ozone/integration-test/target/test-dir/MiniOzoneClusterImpl-fe278d26-eb6d-413e-b3f8-43e11913de58/datanode-3/meta/datanode.id
2020-12-08 01:58:11,298 [org.apache.hadoop.util.JvmPauseMonitor$Monitor@22c104fc] INFO  util.JvmPauseMonitor (JvmPauseMonitor.java:run(188)) - Starting JVM pause monitor
2020-12-08 01:58:11,305 [Thread-547] INFO  ozoneimpl.ContainerReader (ContainerReader.java:readVolume(123)) - Start to verify containers on volume /github/workspace/mnt/ozone/hadoop-ozone/integration-test/target/test-dir/MiniOzoneClusterImpl-fe278d26-eb6d-413e-b3f8-43e11913de58/datanode-4/data-0/containers/hdds
2020-12-08 01:58:11,306 [Thread-547] INFO  ozoneimpl.ContainerReader (ContainerReader.java:readVolume(148)) - Finish verifying containers on volume /github/workspace/mnt/ozone/hadoop-ozone/integration-test/target/test-dir/MiniOzoneClusterImpl-fe278d26-eb6d-413e-b3f8-43e11913de58/datanode-4/data-0/containers/hdds
2020-12-08 01:58:11,306 [Listener at 127.0.0.1/34557] INFO  ozoneimpl.OzoneContainer (OzoneContainer.java:buildContainerSet(194)) - Build ContainerSet costs 0s
2020-12-08 01:58:11,308 [Listener at 127.0.0.1/34557] INFO  impl.RaftServerProxy (ConfUtils.java:logGet(44)) - raft.rpc.type = GRPC (default)
2020-12-08 01:58:11,308 [Listener at 127.0.0.1/34557] INFO  grpc.GrpcFactory (GrpcFactory.java:checkPooledByteBufAllocatorUseCacheForAllThreads(45)) - PERFORMANCE WARNING: useCacheForAllThreads is true that may cause Netty to create a lot garbage objects and, as a result, trigger GC.
	It is recommended to disable useCacheForAllThreads by setting -Dorg.apache.ratis.thirdparty.io.netty.allocator.useCacheForAllThreads=false in command line.
2020-12-08 01:58:11,308 [Listener at 127.0.0.1/34557] INFO  grpc.GrpcConfigKeys (ConfUtils.java:logGet(44)) - raft.grpc.server.port = 0 (default)
2020-12-08 01:58:11,308 [Listener at 127.0.0.1/34557] INFO  server.GrpcService (ConfUtils.java:logGet(44)) - raft.grpc.message.size.max = 32MB (=33554432) (custom)
2020-12-08 01:58:11,308 [Listener at 127.0.0.1/34557] INFO  server.RaftServerConfigKeys (ConfUtils.java:logGet(44)) - raft.server.log.appender.buffer.byte-limit = 33554432 (custom)
2020-12-08 01:58:11,308 [Listener at 127.0.0.1/34557] INFO  server.GrpcService (ConfUtils.java:logGet(44)) - raft.grpc.flow.control.window = 5MB (=5242880) (custom)
2020-12-08 01:58:11,309 [Listener at 127.0.0.1/34557] INFO  server.RaftServerConfigKeys (ConfUtils.java:logGet(44)) - raft.server.rpc.request.timeout = 60s (custom)
2020-12-08 01:58:11,310 [Listener at 127.0.0.1/34557] INFO  impl.DataStreamServerImpl (ConfUtils.java:logGet(44)) - raft.datastream.type = DISABLED (default)
2020-12-08 01:58:11,310 [Listener at 127.0.0.1/34557] INFO  server.RaftServerConfigKeys (ConfUtils.java:logGet(44)) - raft.server.storage.dir = [/github/workspace/mnt/ozone/hadoop-ozone/integration-test/target/test-dir/MiniOzoneClusterImpl-fe278d26-eb6d-413e-b3f8-43e11913de58/datanode-4/data/ratis] (custom)
2020-12-08 01:58:11,315 [Listener at 127.0.0.1/34557] INFO  http.BaseHttpServer (BaseHttpServer.java:newHttpServer2BuilderForOzone(207)) - Starting Web-server for hddsDatanode at: http://0.0.0.0:0
2020-12-08 01:58:11,315 [Listener at 127.0.0.1/34557] INFO  http.BaseHttpServer (BaseHttpServer.java:<init>(106)) - Hadoop Security Enabled: false Ozone Security Enabled: false Ozone HTTP Security Enabled: false 
2020-12-08 01:58:11,316 [Listener at 127.0.0.1/34557] INFO  server.AuthenticationFilter (AuthenticationFilter.java:constructSecretProvider(240)) - Unable to initialize FileSignerSecretProvider, falling back to use random secrets.
2020-12-08 01:58:11,316 [Listener at 127.0.0.1/34557] WARN  http.HttpRequestLog (HttpRequestLog.java:getRequestLog(103)) - Jetty request log can only be enabled using Log4j
2020-12-08 01:58:11,317 [Listener at 127.0.0.1/34557] INFO  http.HttpServer2 (HttpServer2.java:addGlobalFilter(1019)) - Added global filter 'safety' (class=org.apache.hadoop.hdds.server.http.HttpServer2$QuotingInputFilter)
2020-12-08 01:58:11,318 [Listener at 127.0.0.1/34557] INFO  http.HttpServer2 (HttpServer2.java:addFilter(995)) - Added filter static_user_filter (class=org.apache.hadoop.http.lib.StaticUserWebFilter$StaticUserFilter) to context hddsDatanode
2020-12-08 01:58:11,318 [Listener at 127.0.0.1/34557] INFO  http.HttpServer2 (HttpServer2.java:addFilter(1003)) - Added filter static_user_filter (class=org.apache.hadoop.http.lib.StaticUserWebFilter$StaticUserFilter) to context static
2020-12-08 01:58:11,318 [Listener at 127.0.0.1/34557] INFO  http.HttpServer2 (HttpServer2.java:addFilter(1003)) - Added filter static_user_filter (class=org.apache.hadoop.http.lib.StaticUserWebFilter$StaticUserFilter) to context logs
2020-12-08 01:58:11,319 [Listener at 127.0.0.1/34557] INFO  http.HttpServer2 (HttpServer2.java:bindListener(1237)) - Jetty bound to port 34561
2020-12-08 01:58:11,319 [Listener at 127.0.0.1/34557] INFO  server.Server (Server.java:doStart(375)) - jetty-9.4.34.v20201102; built: 2020-11-02T14:15:39.302Z; git: e46af88704a893fc12cb0e3bf46e2c7b48a009e7; jvm 1.8.0_232-b09
2020-12-08 01:58:11,320 [Listener at 127.0.0.1/34557] INFO  server.session (DefaultSessionIdManager.java:doStart(334)) - DefaultSessionIdManager workerName=node0
2020-12-08 01:58:11,320 [Listener at 127.0.0.1/34557] INFO  server.session (DefaultSessionIdManager.java:doStart(339)) - No SessionScavenger set, using defaults
2020-12-08 01:58:11,321 [Listener at 127.0.0.1/34557] INFO  server.session (HouseKeeper.java:startScavenging(132)) - node0 Scavenging every 600000ms
2020-12-08 01:58:11,322 [Listener at 127.0.0.1/34557] INFO  handler.ContextHandler (ContextHandler.java:doStart(916)) - Started o.e.j.s.ServletContextHandler@45fe1f65{logs,/logs,file:///github/workspace/mnt/ozone/hadoop-ozone/integration-test/target/log,AVAILABLE}
2020-12-08 01:58:11,322 [Listener at 127.0.0.1/34557] INFO  handler.ContextHandler (ContextHandler.java:doStart(916)) - Started o.e.j.s.ServletContextHandler@2f22566{static,/static,jar:file:/home/user/.m2/repository/org/apache/hadoop/hadoop-hdds-container-service/1.1.0-SNAPSHOT/hadoop-hdds-container-service-1.1.0-SNAPSHOT.jar!/webapps/static,AVAILABLE}
2020-12-08 01:58:11,489 [Listener at 127.0.0.1/34557] INFO  handler.ContextHandler (ContextHandler.java:doStart(916)) - Started o.e.j.w.WebAppContext@6133a4c1{hddsDatanode,/,file:///tmp/jetty-0_0_0_0-34561-hadoop-hdds-container-service-1_1_0-SNAPSHOT_jar-_-any-3108618117381274290/webapp/,AVAILABLE}{jar:file:/home/user/.m2/repository/org/apache/hadoop/hadoop-hdds-container-service/1.1.0-SNAPSHOT/hadoop-hdds-container-service-1.1.0-SNAPSHOT.jar!/webapps/hddsDatanode}
2020-12-08 01:58:11,490 [Listener at 127.0.0.1/34557] INFO  server.AbstractConnector (AbstractConnector.java:doStart(331)) - Started ServerConnector@6b7f9fcf{HTTP/1.1, (http/1.1)}{0.0.0.0:34561}
2020-12-08 01:58:11,491 [Listener at 127.0.0.1/34557] INFO  server.Server (Server.java:doStart(415)) - Started @55124ms
2020-12-08 01:58:11,491 [Listener at 127.0.0.1/34557] WARN  impl.MetricsSystemImpl (MetricsSystemImpl.java:register(276)) - Sink prometheus already exists!
2020-12-08 01:58:11,494 [Listener at 127.0.0.1/34557] INFO  http.BaseHttpServer (BaseHttpServer.java:updateConnectorAddress(327)) - HTTP server of hddsDatanode listening at http://0.0.0.0:34561
2020-12-08 01:58:11,495 [Listener at 127.0.0.1/34557] INFO  impl.MetricsSystemImpl (MetricsSystemImpl.java:init(158)) - HddsDatanode metrics system started (again)
2020-12-08 01:58:11,497 [Listener at 127.0.0.1/34557] INFO  ozone.HddsDatanodeService (HddsDatanodeService.java:start(217)) - HddsDatanodeService host:11cef1ca5a88 ip:172.17.0.2
2020-12-08 01:58:11,499 [Listener at 127.0.0.1/34557] INFO  volume.HddsVolume (HddsVolume.java:<init>(176)) - Creating Volume: /github/workspace/mnt/ozone/hadoop-ozone/integration-test/target/test-dir/MiniOzoneClusterImpl-fe278d26-eb6d-413e-b3f8-43e11913de58/datanode-5/data-0/containers/hdds of storage type : DISK and capacity : 9223372036854775807
2020-12-08 01:58:11,499 [Listener at 127.0.0.1/34557] INFO  volume.MutableVolumeSet (MutableVolumeSet.java:initializeVolumeSet(179)) - Added Volume : /github/workspace/mnt/ozone/hadoop-ozone/integration-test/target/test-dir/MiniOzoneClusterImpl-fe278d26-eb6d-413e-b3f8-43e11913de58/datanode-5/data-0/containers/hdds to VolumeSet
2020-12-08 01:58:11,500 [Listener at 127.0.0.1/34557] INFO  volume.ThrottledAsyncChecker (ThrottledAsyncChecker.java:schedule(141)) - Scheduling a check for /github/workspace/mnt/ozone/hadoop-ozone/integration-test/target/test-dir/MiniOzoneClusterImpl-fe278d26-eb6d-413e-b3f8-43e11913de58/datanode-5/data-0/containers/hdds
2020-12-08 01:58:11,505 [Listener at 127.0.0.1/34557] INFO  volume.HddsVolumeChecker (HddsVolumeChecker.java:checkAllVolumes(200)) - Scheduled health check for volume /github/workspace/mnt/ozone/hadoop-ozone/integration-test/target/test-dir/MiniOzoneClusterImpl-fe278d26-eb6d-413e-b3f8-43e11913de58/datanode-5/data-0/containers/hdds
2020-12-08 01:58:11,521 [org.apache.hadoop.util.JvmPauseMonitor$Monitor@2cb3b9a5] INFO  util.JvmPauseMonitor (JvmPauseMonitor.java:run(188)) - Starting JVM pause monitor
2020-12-08 01:58:11,523 [Datanode State Machine Task Thread - 0] INFO  datanode.InitDatanodeState (InitDatanodeState.java:persistContainerDatanodeDetails(145)) - DatanodeDetails is persisted to /github/workspace/mnt/ozone/hadoop-ozone/integration-test/target/test-dir/MiniOzoneClusterImpl-fe278d26-eb6d-413e-b3f8-43e11913de58/datanode-4/meta/datanode.id
2020-12-08 01:58:11,530 [Thread-558] INFO  ozoneimpl.ContainerReader (ContainerReader.java:readVolume(123)) - Start to verify containers on volume /github/workspace/mnt/ozone/hadoop-ozone/integration-test/target/test-dir/MiniOzoneClusterImpl-fe278d26-eb6d-413e-b3f8-43e11913de58/datanode-5/data-0/containers/hdds
2020-12-08 01:58:11,530 [Thread-558] INFO  ozoneimpl.ContainerReader (ContainerReader.java:readVolume(148)) - Finish verifying containers on volume /github/workspace/mnt/ozone/hadoop-ozone/integration-test/target/test-dir/MiniOzoneClusterImpl-fe278d26-eb6d-413e-b3f8-43e11913de58/datanode-5/data-0/containers/hdds
2020-12-08 01:58:11,530 [Listener at 127.0.0.1/34557] INFO  ozoneimpl.OzoneContainer (OzoneContainer.java:buildContainerSet(194)) - Build ContainerSet costs 0s
2020-12-08 01:58:11,533 [Listener at 127.0.0.1/34557] INFO  impl.RaftServerProxy (ConfUtils.java:logGet(44)) - raft.rpc.type = GRPC (default)
2020-12-08 01:58:11,533 [Listener at 127.0.0.1/34557] INFO  grpc.GrpcFactory (GrpcFactory.java:checkPooledByteBufAllocatorUseCacheForAllThreads(45)) - PERFORMANCE WARNING: useCacheForAllThreads is true that may cause Netty to create a lot garbage objects and, as a result, trigger GC.
	It is recommended to disable useCacheForAllThreads by setting -Dorg.apache.ratis.thirdparty.io.netty.allocator.useCacheForAllThreads=false in command line.
2020-12-08 01:58:11,533 [Listener at 127.0.0.1/34557] INFO  grpc.GrpcConfigKeys (ConfUtils.java:logGet(44)) - raft.grpc.server.port = 0 (default)
2020-12-08 01:58:11,534 [Listener at 127.0.0.1/34557] INFO  server.GrpcService (ConfUtils.java:logGet(44)) - raft.grpc.message.size.max = 32MB (=33554432) (custom)
2020-12-08 01:58:11,534 [Listener at 127.0.0.1/34557] INFO  server.RaftServerConfigKeys (ConfUtils.java:logGet(44)) - raft.server.log.appender.buffer.byte-limit = 33554432 (custom)
2020-12-08 01:58:11,534 [Listener at 127.0.0.1/34557] INFO  server.GrpcService (ConfUtils.java:logGet(44)) - raft.grpc.flow.control.window = 5MB (=5242880) (custom)
2020-12-08 01:58:11,534 [Listener at 127.0.0.1/34557] INFO  server.RaftServerConfigKeys (ConfUtils.java:logGet(44)) - raft.server.rpc.request.timeout = 60s (custom)
2020-12-08 01:58:11,535 [Listener at 127.0.0.1/34557] INFO  impl.DataStreamServerImpl (ConfUtils.java:logGet(44)) - raft.datastream.type = DISABLED (default)
2020-12-08 01:58:11,535 [Listener at 127.0.0.1/34557] INFO  server.RaftServerConfigKeys (ConfUtils.java:logGet(44)) - raft.server.storage.dir = [/github/workspace/mnt/ozone/hadoop-ozone/integration-test/target/test-dir/MiniOzoneClusterImpl-fe278d26-eb6d-413e-b3f8-43e11913de58/datanode-5/data/ratis] (custom)
2020-12-08 01:58:11,540 [Listener at 127.0.0.1/34557] INFO  http.BaseHttpServer (BaseHttpServer.java:newHttpServer2BuilderForOzone(207)) - Starting Web-server for hddsDatanode at: http://0.0.0.0:0
2020-12-08 01:58:11,540 [Listener at 127.0.0.1/34557] INFO  http.BaseHttpServer (BaseHttpServer.java:<init>(106)) - Hadoop Security Enabled: false Ozone Security Enabled: false Ozone HTTP Security Enabled: false 
2020-12-08 01:58:11,542 [Listener at 127.0.0.1/34557] INFO  server.AuthenticationFilter (AuthenticationFilter.java:constructSecretProvider(240)) - Unable to initialize FileSignerSecretProvider, falling back to use random secrets.
2020-12-08 01:58:11,542 [Listener at 127.0.0.1/34557] WARN  http.HttpRequestLog (HttpRequestLog.java:getRequestLog(103)) - Jetty request log can only be enabled using Log4j
2020-12-08 01:58:11,543 [Listener at 127.0.0.1/34557] INFO  http.HttpServer2 (HttpServer2.java:addGlobalFilter(1019)) - Added global filter 'safety' (class=org.apache.hadoop.hdds.server.http.HttpServer2$QuotingInputFilter)
2020-12-08 01:58:11,543 [Listener at 127.0.0.1/34557] INFO  http.HttpServer2 (HttpServer2.java:addFilter(995)) - Added filter static_user_filter (class=org.apache.hadoop.http.lib.StaticUserWebFilter$StaticUserFilter) to context hddsDatanode
2020-12-08 01:58:11,543 [Listener at 127.0.0.1/34557] INFO  http.HttpServer2 (HttpServer2.java:addFilter(1003)) - Added filter static_user_filter (class=org.apache.hadoop.http.lib.StaticUserWebFilter$StaticUserFilter) to context static
2020-12-08 01:58:11,544 [Listener at 127.0.0.1/34557] INFO  http.HttpServer2 (HttpServer2.java:addFilter(1003)) - Added filter static_user_filter (class=org.apache.hadoop.http.lib.StaticUserWebFilter$StaticUserFilter) to context logs
2020-12-08 01:58:11,544 [Listener at 127.0.0.1/34557] INFO  http.HttpServer2 (HttpServer2.java:bindListener(1237)) - Jetty bound to port 45127
2020-12-08 01:58:11,544 [Listener at 127.0.0.1/34557] INFO  server.Server (Server.java:doStart(375)) - jetty-9.4.34.v20201102; built: 2020-11-02T14:15:39.302Z; git: e46af88704a893fc12cb0e3bf46e2c7b48a009e7; jvm 1.8.0_232-b09
2020-12-08 01:58:11,546 [Listener at 127.0.0.1/34557] INFO  server.session (DefaultSessionIdManager.java:doStart(334)) - DefaultSessionIdManager workerName=node0
2020-12-08 01:58:11,546 [Listener at 127.0.0.1/34557] INFO  server.session (DefaultSessionIdManager.java:doStart(339)) - No SessionScavenger set, using defaults
2020-12-08 01:58:11,547 [Listener at 127.0.0.1/34557] INFO  server.session (HouseKeeper.java:startScavenging(132)) - node0 Scavenging every 660000ms
2020-12-08 01:58:11,547 [Listener at 127.0.0.1/34557] INFO  handler.ContextHandler (ContextHandler.java:doStart(916)) - Started o.e.j.s.ServletContextHandler@71bf1f63{logs,/logs,file:///github/workspace/mnt/ozone/hadoop-ozone/integration-test/target/log,AVAILABLE}
2020-12-08 01:58:11,548 [Listener at 127.0.0.1/34557] INFO  handler.ContextHandler (ContextHandler.java:doStart(916)) - Started o.e.j.s.ServletContextHandler@61b8a589{static,/static,jar:file:/home/user/.m2/repository/org/apache/hadoop/hadoop-hdds-container-service/1.1.0-SNAPSHOT/hadoop-hdds-container-service-1.1.0-SNAPSHOT.jar!/webapps/static,AVAILABLE}
2020-12-08 01:58:11,723 [Listener at 127.0.0.1/34557] INFO  handler.ContextHandler (ContextHandler.java:doStart(916)) - Started o.e.j.w.WebAppContext@4ef7cf56{hddsDatanode,/,file:///tmp/jetty-0_0_0_0-45127-hadoop-hdds-container-service-1_1_0-SNAPSHOT_jar-_-any-5742768706936127417/webapp/,AVAILABLE}{jar:file:/home/user/.m2/repository/org/apache/hadoop/hadoop-hdds-container-service/1.1.0-SNAPSHOT/hadoop-hdds-container-service-1.1.0-SNAPSHOT.jar!/webapps/hddsDatanode}
2020-12-08 01:58:11,724 [Listener at 127.0.0.1/34557] INFO  server.AbstractConnector (AbstractConnector.java:doStart(331)) - Started ServerConnector@5c189c2{HTTP/1.1, (http/1.1)}{0.0.0.0:45127}
2020-12-08 01:58:11,724 [Listener at 127.0.0.1/34557] INFO  server.Server (Server.java:doStart(415)) - Started @55358ms
2020-12-08 01:58:11,725 [Listener at 127.0.0.1/34557] WARN  impl.MetricsSystemImpl (MetricsSystemImpl.java:register(276)) - Sink prometheus already exists!
2020-12-08 01:58:11,728 [Listener at 127.0.0.1/34557] INFO  http.BaseHttpServer (BaseHttpServer.java:updateConnectorAddress(327)) - HTTP server of hddsDatanode listening at http://0.0.0.0:45127
2020-12-08 01:58:11,729 [Listener at 127.0.0.1/34557] INFO  impl.MetricsSystemImpl (MetricsSystemImpl.java:init(158)) - HddsDatanode metrics system started (again)
2020-12-08 01:58:11,732 [Listener at 127.0.0.1/34557] INFO  ozone.HddsDatanodeService (HddsDatanodeService.java:start(217)) - HddsDatanodeService host:11cef1ca5a88 ip:172.17.0.2
2020-12-08 01:58:11,733 [org.apache.hadoop.util.JvmPauseMonitor$Monitor@2a3a0b1b] INFO  util.JvmPauseMonitor (JvmPauseMonitor.java:run(188)) - Starting JVM pause monitor
2020-12-08 01:58:11,734 [Listener at 127.0.0.1/34557] INFO  volume.HddsVolume (HddsVolume.java:<init>(176)) - Creating Volume: /github/workspace/mnt/ozone/hadoop-ozone/integration-test/target/test-dir/MiniOzoneClusterImpl-fe278d26-eb6d-413e-b3f8-43e11913de58/datanode-6/data-0/containers/hdds of storage type : DISK and capacity : 9223372036854775807
2020-12-08 01:58:11,734 [Listener at 127.0.0.1/34557] INFO  volume.MutableVolumeSet (MutableVolumeSet.java:initializeVolumeSet(179)) - Added Volume : /github/workspace/mnt/ozone/hadoop-ozone/integration-test/target/test-dir/MiniOzoneClusterImpl-fe278d26-eb6d-413e-b3f8-43e11913de58/datanode-6/data-0/containers/hdds to VolumeSet
2020-12-08 01:58:11,734 [Listener at 127.0.0.1/34557] INFO  volume.ThrottledAsyncChecker (ThrottledAsyncChecker.java:schedule(141)) - Scheduling a check for /github/workspace/mnt/ozone/hadoop-ozone/integration-test/target/test-dir/MiniOzoneClusterImpl-fe278d26-eb6d-413e-b3f8-43e11913de58/datanode-6/data-0/containers/hdds
2020-12-08 01:58:11,736 [Datanode State Machine Task Thread - 0] INFO  datanode.InitDatanodeState (InitDatanodeState.java:persistContainerDatanodeDetails(145)) - DatanodeDetails is persisted to /github/workspace/mnt/ozone/hadoop-ozone/integration-test/target/test-dir/MiniOzoneClusterImpl-fe278d26-eb6d-413e-b3f8-43e11913de58/datanode-5/meta/datanode.id
2020-12-08 01:58:11,737 [Listener at 127.0.0.1/34557] INFO  volume.HddsVolumeChecker (HddsVolumeChecker.java:checkAllVolumes(200)) - Scheduled health check for volume /github/workspace/mnt/ozone/hadoop-ozone/integration-test/target/test-dir/MiniOzoneClusterImpl-fe278d26-eb6d-413e-b3f8-43e11913de58/datanode-6/data-0/containers/hdds
2020-12-08 01:58:11,751 [Thread-569] INFO  ozoneimpl.ContainerReader (ContainerReader.java:readVolume(123)) - Start to verify containers on volume /github/workspace/mnt/ozone/hadoop-ozone/integration-test/target/test-dir/MiniOzoneClusterImpl-fe278d26-eb6d-413e-b3f8-43e11913de58/datanode-6/data-0/containers/hdds
2020-12-08 01:58:11,751 [Thread-569] INFO  ozoneimpl.ContainerReader (ContainerReader.java:readVolume(148)) - Finish verifying containers on volume /github/workspace/mnt/ozone/hadoop-ozone/integration-test/target/test-dir/MiniOzoneClusterImpl-fe278d26-eb6d-413e-b3f8-43e11913de58/datanode-6/data-0/containers/hdds
2020-12-08 01:58:11,752 [Listener at 127.0.0.1/34557] INFO  ozoneimpl.OzoneContainer (OzoneContainer.java:buildContainerSet(194)) - Build ContainerSet costs 0s
2020-12-08 01:58:11,754 [Listener at 127.0.0.1/34557] INFO  impl.RaftServerProxy (ConfUtils.java:logGet(44)) - raft.rpc.type = GRPC (default)
2020-12-08 01:58:11,754 [Listener at 127.0.0.1/34557] INFO  grpc.GrpcFactory (GrpcFactory.java:checkPooledByteBufAllocatorUseCacheForAllThreads(45)) - PERFORMANCE WARNING: useCacheForAllThreads is true that may cause Netty to create a lot garbage objects and, as a result, trigger GC.
	It is recommended to disable useCacheForAllThreads by setting -Dorg.apache.ratis.thirdparty.io.netty.allocator.useCacheForAllThreads=false in command line.
2020-12-08 01:58:11,754 [Listener at 127.0.0.1/34557] INFO  grpc.GrpcConfigKeys (ConfUtils.java:logGet(44)) - raft.grpc.server.port = 0 (default)
2020-12-08 01:58:11,754 [Listener at 127.0.0.1/34557] INFO  server.GrpcService (ConfUtils.java:logGet(44)) - raft.grpc.message.size.max = 32MB (=33554432) (custom)
2020-12-08 01:58:11,754 [Listener at 127.0.0.1/34557] INFO  server.RaftServerConfigKeys (ConfUtils.java:logGet(44)) - raft.server.log.appender.buffer.byte-limit = 33554432 (custom)
2020-12-08 01:58:11,754 [Listener at 127.0.0.1/34557] INFO  server.GrpcService (ConfUtils.java:logGet(44)) - raft.grpc.flow.control.window = 5MB (=5242880) (custom)
2020-12-08 01:58:11,754 [Listener at 127.0.0.1/34557] INFO  server.RaftServerConfigKeys (ConfUtils.java:logGet(44)) - raft.server.rpc.request.timeout = 60s (custom)
2020-12-08 01:58:11,755 [Listener at 127.0.0.1/34557] INFO  impl.DataStreamServerImpl (ConfUtils.java:logGet(44)) - raft.datastream.type = DISABLED (default)
2020-12-08 01:58:11,755 [Listener at 127.0.0.1/34557] INFO  server.RaftServerConfigKeys (ConfUtils.java:logGet(44)) - raft.server.storage.dir = [/github/workspace/mnt/ozone/hadoop-ozone/integration-test/target/test-dir/MiniOzoneClusterImpl-fe278d26-eb6d-413e-b3f8-43e11913de58/datanode-6/data/ratis] (custom)
2020-12-08 01:58:11,760 [Listener at 127.0.0.1/34557] INFO  http.BaseHttpServer (BaseHttpServer.java:newHttpServer2BuilderForOzone(207)) - Starting Web-server for hddsDatanode at: http://0.0.0.0:0
2020-12-08 01:58:11,760 [Listener at 127.0.0.1/34557] INFO  http.BaseHttpServer (BaseHttpServer.java:<init>(106)) - Hadoop Security Enabled: false Ozone Security Enabled: false Ozone HTTP Security Enabled: false 
2020-12-08 01:58:11,761 [Listener at 127.0.0.1/34557] INFO  server.AuthenticationFilter (AuthenticationFilter.java:constructSecretProvider(240)) - Unable to initialize FileSignerSecretProvider, falling back to use random secrets.
2020-12-08 01:58:11,769 [Listener at 127.0.0.1/34557] WARN  http.HttpRequestLog (HttpRequestLog.java:getRequestLog(103)) - Jetty request log can only be enabled using Log4j
2020-12-08 01:58:11,770 [Listener at 127.0.0.1/34557] INFO  http.HttpServer2 (HttpServer2.java:addGlobalFilter(1019)) - Added global filter 'safety' (class=org.apache.hadoop.hdds.server.http.HttpServer2$QuotingInputFilter)
2020-12-08 01:58:11,770 [Listener at 127.0.0.1/34557] INFO  http.HttpServer2 (HttpServer2.java:addFilter(995)) - Added filter static_user_filter (class=org.apache.hadoop.http.lib.StaticUserWebFilter$StaticUserFilter) to context hddsDatanode
2020-12-08 01:58:11,770 [Listener at 127.0.0.1/34557] INFO  http.HttpServer2 (HttpServer2.java:addFilter(1003)) - Added filter static_user_filter (class=org.apache.hadoop.http.lib.StaticUserWebFilter$StaticUserFilter) to context logs
2020-12-08 01:58:11,770 [Listener at 127.0.0.1/34557] INFO  http.HttpServer2 (HttpServer2.java:addFilter(1003)) - Added filter static_user_filter (class=org.apache.hadoop.http.lib.StaticUserWebFilter$StaticUserFilter) to context static
2020-12-08 01:58:11,771 [Listener at 127.0.0.1/34557] INFO  http.HttpServer2 (HttpServer2.java:bindListener(1237)) - Jetty bound to port 37347
2020-12-08 01:58:11,771 [Listener at 127.0.0.1/34557] INFO  server.Server (Server.java:doStart(375)) - jetty-9.4.34.v20201102; built: 2020-11-02T14:15:39.302Z; git: e46af88704a893fc12cb0e3bf46e2c7b48a009e7; jvm 1.8.0_232-b09
2020-12-08 01:58:11,773 [Listener at 127.0.0.1/34557] INFO  server.session (DefaultSessionIdManager.java:doStart(334)) - DefaultSessionIdManager workerName=node0
2020-12-08 01:58:11,773 [Listener at 127.0.0.1/34557] INFO  server.session (DefaultSessionIdManager.java:doStart(339)) - No SessionScavenger set, using defaults
2020-12-08 01:58:11,773 [Listener at 127.0.0.1/34557] INFO  server.session (HouseKeeper.java:startScavenging(132)) - node0 Scavenging every 600000ms
2020-12-08 01:58:11,774 [Listener at 127.0.0.1/34557] INFO  handler.ContextHandler (ContextHandler.java:doStart(916)) - Started o.e.j.s.ServletContextHandler@3aee0a45{logs,/logs,file:///github/workspace/mnt/ozone/hadoop-ozone/integration-test/target/log,AVAILABLE}
2020-12-08 01:58:11,774 [Listener at 127.0.0.1/34557] INFO  handler.ContextHandler (ContextHandler.java:doStart(916)) - Started o.e.j.s.ServletContextHandler@3d3f5ae1{static,/static,jar:file:/home/user/.m2/repository/org/apache/hadoop/hadoop-hdds-container-service/1.1.0-SNAPSHOT/hadoop-hdds-container-service-1.1.0-SNAPSHOT.jar!/webapps/static,AVAILABLE}
2020-12-08 01:58:11,940 [Listener at 127.0.0.1/34557] INFO  handler.ContextHandler (ContextHandler.java:doStart(916)) - Started o.e.j.w.WebAppContext@383ad740{hddsDatanode,/,file:///tmp/jetty-0_0_0_0-37347-hadoop-hdds-container-service-1_1_0-SNAPSHOT_jar-_-any-5531034238374318472/webapp/,AVAILABLE}{jar:file:/home/user/.m2/repository/org/apache/hadoop/hadoop-hdds-container-service/1.1.0-SNAPSHOT/hadoop-hdds-container-service-1.1.0-SNAPSHOT.jar!/webapps/hddsDatanode}
2020-12-08 01:58:11,941 [Listener at 127.0.0.1/34557] INFO  server.AbstractConnector (AbstractConnector.java:doStart(331)) - Started ServerConnector@1db61354{HTTP/1.1, (http/1.1)}{0.0.0.0:37347}
2020-12-08 01:58:11,941 [Listener at 127.0.0.1/34557] INFO  server.Server (Server.java:doStart(415)) - Started @55575ms
2020-12-08 01:58:11,941 [Listener at 127.0.0.1/34557] WARN  impl.MetricsSystemImpl (MetricsSystemImpl.java:register(276)) - Sink prometheus already exists!
2020-12-08 01:58:11,947 [Listener at 127.0.0.1/34557] INFO  http.BaseHttpServer (BaseHttpServer.java:updateConnectorAddress(327)) - HTTP server of hddsDatanode listening at http://0.0.0.0:37347
2020-12-08 01:58:11,948 [Listener at 127.0.0.1/34557] INFO  ozone.MiniOzoneClusterImpl (MiniOzoneClusterImpl.java:lambda$waitForClusterToBeReady$0(178)) - Waiting for nodes to be ready. Got 0 of 7 DN Heartbeats.
2020-12-08 01:58:11,948 [Listener at 127.0.0.1/34557] INFO  ozone.MiniOzoneClusterImpl (MiniOzoneClusterImpl.java:lambda$waitForClusterToBeReady$0(181)) - Waiting for cluster to exit safe mode
2020-12-08 01:58:11,953 [org.apache.hadoop.util.JvmPauseMonitor$Monitor@32e086ed] INFO  util.JvmPauseMonitor (JvmPauseMonitor.java:run(188)) - Starting JVM pause monitor
2020-12-08 01:58:11,954 [Datanode State Machine Task Thread - 0] INFO  datanode.InitDatanodeState (InitDatanodeState.java:persistContainerDatanodeDetails(145)) - DatanodeDetails is persisted to /github/workspace/mnt/ozone/hadoop-ozone/integration-test/target/test-dir/MiniOzoneClusterImpl-fe278d26-eb6d-413e-b3f8-43e11913de58/datanode-6/meta/datanode.id
2020-12-08 01:58:12,620 [EndpointStateMachine task thread for /0.0.0.0:46657 - 0 ] INFO  ozoneimpl.OzoneContainer (OzoneContainer.java:start(243)) - Attempting to start container services.
2020-12-08 01:58:12,621 [EndpointStateMachine task thread for /0.0.0.0:46657 - 0 ] INFO  ozoneimpl.OzoneContainer (OzoneContainer.java:startContainerScrub(207)) - Background container scanner has been disabled.
2020-12-08 01:58:12,621 [EndpointStateMachine task thread for /0.0.0.0:46657 - 0 ] INFO  ratis.XceiverServerRatis (XceiverServerRatis.java:start(456)) - Starting XceiverServerRatis c512f228-7a92-4ae7-b739-1627a2a73a2a at port 0
2020-12-08 01:58:12,625 [EndpointStateMachine task thread for /0.0.0.0:46657 - 0 ] INFO  impl.RaftServerProxy (RaftServerProxy.java:lambda$start$3(321)) - c512f228-7a92-4ae7-b739-1627a2a73a2a: start RPC server
2020-12-08 01:58:12,626 [EndpointStateMachine task thread for /0.0.0.0:46657 - 0 ] INFO  server.GrpcService (GrpcService.java:startImpl(177)) - c512f228-7a92-4ae7-b739-1627a2a73a2a: GrpcService started, listening on 0.0.0.0/0.0.0.0:38631
2020-12-08 01:58:12,626 [EndpointStateMachine task thread for /0.0.0.0:46657 - 0 ] INFO  ratis.XceiverServerRatis (XceiverServerRatis.java:start(468)) - XceiverServerRatis c512f228-7a92-4ae7-b739-1627a2a73a2a is started using port 38631
2020-12-08 01:58:12,627 [org.apache.ratis.server.JvmPauseMonitor@61587371-Monitor] INFO  server.RaftServerConfigKeys (ConfUtils.java:logGet(44)) - raft.server.leaderelection.leader.step-down.wait-time = 10s (default)
2020-12-08 01:58:12,627 [EndpointStateMachine task thread for /0.0.0.0:46657 - 0 ] INFO  server.XceiverServerGrpc (XceiverServerGrpc.java:start(145)) - XceiverServerGrpc c512f228-7a92-4ae7-b739-1627a2a73a2a is started using port 40861
2020-12-08 01:58:12,628 [org.apache.ratis.server.JvmPauseMonitor@61587371-Monitor] INFO  server.RaftServerConfigKeys (ConfUtils.java:logGet(44)) - raft.server.rpc.slowness.timeout = 300s (custom)
2020-12-08 01:58:12,628 [org.apache.ratis.server.JvmPauseMonitor@61587371-Monitor] INFO  server.JvmPauseMonitor (JvmPauseMonitor.java:run(129)) - Starting Ratis JVM pause monitor
2020-12-08 01:58:12,824 [EndpointStateMachine task thread for /0.0.0.0:46657 - 0 ] INFO  ozoneimpl.OzoneContainer (OzoneContainer.java:start(243)) - Attempting to start container services.
2020-12-08 01:58:12,824 [EndpointStateMachine task thread for /0.0.0.0:46657 - 0 ] INFO  ozoneimpl.OzoneContainer (OzoneContainer.java:startContainerScrub(207)) - Background container scanner has been disabled.
2020-12-08 01:58:12,824 [EndpointStateMachine task thread for /0.0.0.0:46657 - 0 ] INFO  ratis.XceiverServerRatis (XceiverServerRatis.java:start(456)) - Starting XceiverServerRatis 77c31ea0-0b12-4fcd-af92-232a93661e69 at port 0
2020-12-08 01:58:12,827 [EndpointStateMachine task thread for /0.0.0.0:46657 - 0 ] INFO  impl.RaftServerProxy (RaftServerProxy.java:lambda$start$3(321)) - 77c31ea0-0b12-4fcd-af92-232a93661e69: start RPC server
2020-12-08 01:58:12,827 [EndpointStateMachine task thread for /0.0.0.0:46657 - 0 ] INFO  server.GrpcService (GrpcService.java:startImpl(177)) - 77c31ea0-0b12-4fcd-af92-232a93661e69: GrpcService started, listening on 0.0.0.0/0.0.0.0:36781
2020-12-08 01:58:12,829 [EndpointStateMachine task thread for /0.0.0.0:46657 - 0 ] INFO  ratis.XceiverServerRatis (XceiverServerRatis.java:start(468)) - XceiverServerRatis 77c31ea0-0b12-4fcd-af92-232a93661e69 is started using port 36781
2020-12-08 01:58:12,830 [EndpointStateMachine task thread for /0.0.0.0:46657 - 0 ] INFO  server.XceiverServerGrpc (XceiverServerGrpc.java:start(145)) - XceiverServerGrpc 77c31ea0-0b12-4fcd-af92-232a93661e69 is started using port 34567
2020-12-08 01:58:12,831 [org.apache.ratis.server.JvmPauseMonitor@11984770-Monitor] INFO  server.RaftServerConfigKeys (ConfUtils.java:logGet(44)) - raft.server.leaderelection.leader.step-down.wait-time = 10s (default)
2020-12-08 01:58:12,831 [org.apache.ratis.server.JvmPauseMonitor@11984770-Monitor] INFO  server.RaftServerConfigKeys (ConfUtils.java:logGet(44)) - raft.server.rpc.slowness.timeout = 300s (custom)
2020-12-08 01:58:12,832 [org.apache.ratis.server.JvmPauseMonitor@11984770-Monitor] INFO  server.JvmPauseMonitor (JvmPauseMonitor.java:run(129)) - Starting Ratis JVM pause monitor
2020-12-08 01:58:12,949 [Listener at 127.0.0.1/34557] INFO  ozone.MiniOzoneClusterImpl (MiniOzoneClusterImpl.java:lambda$waitForClusterToBeReady$0(178)) - Waiting for nodes to be ready. Got 0 of 7 DN Heartbeats.
2020-12-08 01:58:12,949 [Listener at 127.0.0.1/34557] INFO  ozone.MiniOzoneClusterImpl (MiniOzoneClusterImpl.java:lambda$waitForClusterToBeReady$0(181)) - Waiting for cluster to exit safe mode
2020-12-08 01:58:13,068 [EndpointStateMachine task thread for /0.0.0.0:46657 - 0 ] INFO  ozoneimpl.OzoneContainer (OzoneContainer.java:start(243)) - Attempting to start container services.
2020-12-08 01:58:13,069 [EndpointStateMachine task thread for /0.0.0.0:46657 - 0 ] INFO  ozoneimpl.OzoneContainer (OzoneContainer.java:startContainerScrub(207)) - Background container scanner has been disabled.
2020-12-08 01:58:13,069 [EndpointStateMachine task thread for /0.0.0.0:46657 - 0 ] INFO  ratis.XceiverServerRatis (XceiverServerRatis.java:start(456)) - Starting XceiverServerRatis 4d7665c3-83ba-40ae-a15f-238c06fe965e at port 0
2020-12-08 01:58:13,071 [EndpointStateMachine task thread for /0.0.0.0:46657 - 0 ] INFO  impl.RaftServerProxy (RaftServerProxy.java:lambda$start$3(321)) - 4d7665c3-83ba-40ae-a15f-238c06fe965e: start RPC server
2020-12-08 01:58:13,072 [EndpointStateMachine task thread for /0.0.0.0:46657 - 0 ] INFO  server.GrpcService (GrpcService.java:startImpl(177)) - 4d7665c3-83ba-40ae-a15f-238c06fe965e: GrpcService started, listening on 0.0.0.0/0.0.0.0:40243
2020-12-08 01:58:13,073 [EndpointStateMachine task thread for /0.0.0.0:46657 - 0 ] INFO  ratis.XceiverServerRatis (XceiverServerRatis.java:start(468)) - XceiverServerRatis 4d7665c3-83ba-40ae-a15f-238c06fe965e is started using port 40243
2020-12-08 01:58:13,077 [org.apache.ratis.server.JvmPauseMonitor@7bf042db-Monitor] INFO  server.RaftServerConfigKeys (ConfUtils.java:logGet(44)) - raft.server.leaderelection.leader.step-down.wait-time = 10s (default)
2020-12-08 01:58:13,077 [org.apache.ratis.server.JvmPauseMonitor@7bf042db-Monitor] INFO  server.RaftServerConfigKeys (ConfUtils.java:logGet(44)) - raft.server.rpc.slowness.timeout = 300s (custom)
2020-12-08 01:58:13,077 [EndpointStateMachine task thread for /0.0.0.0:46657 - 0 ] INFO  server.XceiverServerGrpc (XceiverServerGrpc.java:start(145)) - XceiverServerGrpc 4d7665c3-83ba-40ae-a15f-238c06fe965e is started using port 38427
2020-12-08 01:58:13,077 [org.apache.ratis.server.JvmPauseMonitor@7bf042db-Monitor] INFO  server.JvmPauseMonitor (JvmPauseMonitor.java:run(129)) - Starting Ratis JVM pause monitor
2020-12-08 01:58:13,297 [EndpointStateMachine task thread for /0.0.0.0:46657 - 0 ] INFO  ozoneimpl.OzoneContainer (OzoneContainer.java:start(243)) - Attempting to start container services.
2020-12-08 01:58:13,297 [EndpointStateMachine task thread for /0.0.0.0:46657 - 0 ] INFO  ozoneimpl.OzoneContainer (OzoneContainer.java:startContainerScrub(207)) - Background container scanner has been disabled.
2020-12-08 01:58:13,297 [EndpointStateMachine task thread for /0.0.0.0:46657 - 0 ] INFO  ratis.XceiverServerRatis (XceiverServerRatis.java:start(456)) - Starting XceiverServerRatis f6ee95b5-7ee2-4946-b0be-20c7e4036df8 at port 0
2020-12-08 01:58:13,298 [EndpointStateMachine task thread for /0.0.0.0:46657 - 0 ] INFO  impl.RaftServerProxy (RaftServerProxy.java:lambda$start$3(321)) - f6ee95b5-7ee2-4946-b0be-20c7e4036df8: start RPC server
2020-12-08 01:58:13,299 [EndpointStateMachine task thread for /0.0.0.0:46657 - 0 ] INFO  server.GrpcService (GrpcService.java:startImpl(177)) - f6ee95b5-7ee2-4946-b0be-20c7e4036df8: GrpcService started, listening on 0.0.0.0/0.0.0.0:40029
2020-12-08 01:58:13,299 [EndpointStateMachine task thread for /0.0.0.0:46657 - 0 ] INFO  ratis.XceiverServerRatis (XceiverServerRatis.java:start(468)) - XceiverServerRatis f6ee95b5-7ee2-4946-b0be-20c7e4036df8 is started using port 40029
2020-12-08 01:58:13,299 [org.apache.ratis.server.JvmPauseMonitor@6c460084-Monitor] INFO  server.RaftServerConfigKeys (ConfUtils.java:logGet(44)) - raft.server.leaderelection.leader.step-down.wait-time = 10s (default)
2020-12-08 01:58:13,300 [EndpointStateMachine task thread for /0.0.0.0:46657 - 0 ] INFO  server.XceiverServerGrpc (XceiverServerGrpc.java:start(145)) - XceiverServerGrpc f6ee95b5-7ee2-4946-b0be-20c7e4036df8 is started using port 41093
2020-12-08 01:58:13,305 [org.apache.ratis.server.JvmPauseMonitor@6c460084-Monitor] INFO  server.RaftServerConfigKeys (ConfUtils.java:logGet(44)) - raft.server.rpc.slowness.timeout = 300s (custom)
2020-12-08 01:58:13,305 [org.apache.ratis.server.JvmPauseMonitor@6c460084-Monitor] INFO  server.JvmPauseMonitor (JvmPauseMonitor.java:run(129)) - Starting Ratis JVM pause monitor
2020-12-08 01:58:13,526 [EndpointStateMachine task thread for /0.0.0.0:46657 - 0 ] INFO  ozoneimpl.OzoneContainer (OzoneContainer.java:start(243)) - Attempting to start container services.
2020-12-08 01:58:13,527 [EndpointStateMachine task thread for /0.0.0.0:46657 - 0 ] INFO  ozoneimpl.OzoneContainer (OzoneContainer.java:startContainerScrub(207)) - Background container scanner has been disabled.
2020-12-08 01:58:13,527 [EndpointStateMachine task thread for /0.0.0.0:46657 - 0 ] INFO  ratis.XceiverServerRatis (XceiverServerRatis.java:start(456)) - Starting XceiverServerRatis 39945dd8-822d-49dd-8781-4af99b069674 at port 0
2020-12-08 01:58:13,527 [EndpointStateMachine task thread for /0.0.0.0:46657 - 0 ] INFO  impl.RaftServerProxy (RaftServerProxy.java:lambda$start$3(321)) - 39945dd8-822d-49dd-8781-4af99b069674: start RPC server
2020-12-08 01:58:13,528 [EndpointStateMachine task thread for /0.0.0.0:46657 - 0 ] INFO  server.GrpcService (GrpcService.java:startImpl(177)) - 39945dd8-822d-49dd-8781-4af99b069674: GrpcService started, listening on 0.0.0.0/0.0.0.0:35293
2020-12-08 01:58:13,529 [EndpointStateMachine task thread for /0.0.0.0:46657 - 0 ] INFO  ratis.XceiverServerRatis (XceiverServerRatis.java:start(468)) - XceiverServerRatis 39945dd8-822d-49dd-8781-4af99b069674 is started using port 35293
2020-12-08 01:58:13,529 [org.apache.ratis.server.JvmPauseMonitor@7ce8454b-Monitor] INFO  server.RaftServerConfigKeys (ConfUtils.java:logGet(44)) - raft.server.leaderelection.leader.step-down.wait-time = 10s (default)
2020-12-08 01:58:13,530 [EndpointStateMachine task thread for /0.0.0.0:46657 - 0 ] INFO  server.XceiverServerGrpc (XceiverServerGrpc.java:start(145)) - XceiverServerGrpc 39945dd8-822d-49dd-8781-4af99b069674 is started using port 36237
2020-12-08 01:58:13,533 [org.apache.ratis.server.JvmPauseMonitor@7ce8454b-Monitor] INFO  server.RaftServerConfigKeys (ConfUtils.java:logGet(44)) - raft.server.rpc.slowness.timeout = 300s (custom)
2020-12-08 01:58:13,533 [org.apache.ratis.server.JvmPauseMonitor@7ce8454b-Monitor] INFO  server.JvmPauseMonitor (JvmPauseMonitor.java:run(129)) - Starting Ratis JVM pause monitor
2020-12-08 01:58:13,736 [EndpointStateMachine task thread for /0.0.0.0:46657 - 0 ] INFO  ozoneimpl.OzoneContainer (OzoneContainer.java:start(243)) - Attempting to start container services.
2020-12-08 01:58:13,736 [EndpointStateMachine task thread for /0.0.0.0:46657 - 0 ] INFO  ozoneimpl.OzoneContainer (OzoneContainer.java:startContainerScrub(207)) - Background container scanner has been disabled.
2020-12-08 01:58:13,736 [EndpointStateMachine task thread for /0.0.0.0:46657 - 0 ] INFO  ratis.XceiverServerRatis (XceiverServerRatis.java:start(456)) - Starting XceiverServerRatis ab1d11b0-5e74-4d38-b665-6acb1b1e4e59 at port 0
2020-12-08 01:58:13,738 [EndpointStateMachine task thread for /0.0.0.0:46657 - 0 ] INFO  impl.RaftServerProxy (RaftServerProxy.java:lambda$start$3(321)) - ab1d11b0-5e74-4d38-b665-6acb1b1e4e59: start RPC server
2020-12-08 01:58:13,740 [EndpointStateMachine task thread for /0.0.0.0:46657 - 0 ] INFO  server.GrpcService (GrpcService.java:startImpl(177)) - ab1d11b0-5e74-4d38-b665-6acb1b1e4e59: GrpcService started, listening on 0.0.0.0/0.0.0.0:43893
2020-12-08 01:58:13,741 [EndpointStateMachine task thread for /0.0.0.0:46657 - 0 ] INFO  ratis.XceiverServerRatis (XceiverServerRatis.java:start(468)) - XceiverServerRatis ab1d11b0-5e74-4d38-b665-6acb1b1e4e59 is started using port 43893
2020-12-08 01:58:13,742 [org.apache.ratis.server.JvmPauseMonitor@27a0b5eb-Monitor] INFO  server.RaftServerConfigKeys (ConfUtils.java:logGet(44)) - raft.server.leaderelection.leader.step-down.wait-time = 10s (default)
2020-12-08 01:58:13,742 [org.apache.ratis.server.JvmPauseMonitor@27a0b5eb-Monitor] INFO  server.RaftServerConfigKeys (ConfUtils.java:logGet(44)) - raft.server.rpc.slowness.timeout = 300s (custom)
2020-12-08 01:58:13,742 [org.apache.ratis.server.JvmPauseMonitor@27a0b5eb-Monitor] INFO  server.JvmPauseMonitor (JvmPauseMonitor.java:run(129)) - Starting Ratis JVM pause monitor
2020-12-08 01:58:13,742 [EndpointStateMachine task thread for /0.0.0.0:46657 - 0 ] INFO  server.XceiverServerGrpc (XceiverServerGrpc.java:start(145)) - XceiverServerGrpc ab1d11b0-5e74-4d38-b665-6acb1b1e4e59 is started using port 43663
2020-12-08 01:58:13,949 [Listener at 127.0.0.1/34557] INFO  ozone.MiniOzoneClusterImpl (MiniOzoneClusterImpl.java:lambda$waitForClusterToBeReady$0(178)) - Waiting for nodes to be ready. Got 0 of 7 DN Heartbeats.
2020-12-08 01:58:13,949 [Listener at 127.0.0.1/34557] INFO  ozone.MiniOzoneClusterImpl (MiniOzoneClusterImpl.java:lambda$waitForClusterToBeReady$0(181)) - Waiting for cluster to exit safe mode
2020-12-08 01:58:13,956 [EndpointStateMachine task thread for /0.0.0.0:46657 - 0 ] INFO  ozoneimpl.OzoneContainer (OzoneContainer.java:start(243)) - Attempting to start container services.
2020-12-08 01:58:13,956 [EndpointStateMachine task thread for /0.0.0.0:46657 - 0 ] INFO  ozoneimpl.OzoneContainer (OzoneContainer.java:startContainerScrub(207)) - Background container scanner has been disabled.
2020-12-08 01:58:13,956 [EndpointStateMachine task thread for /0.0.0.0:46657 - 0 ] INFO  ratis.XceiverServerRatis (XceiverServerRatis.java:start(456)) - Starting XceiverServerRatis be1361e3-69b4-4f11-b723-c9a04e197c79 at port 0
2020-12-08 01:58:13,957 [EndpointStateMachine task thread for /0.0.0.0:46657 - 0 ] INFO  impl.RaftServerProxy (RaftServerProxy.java:lambda$start$3(321)) - be1361e3-69b4-4f11-b723-c9a04e197c79: start RPC server
2020-12-08 01:58:13,958 [EndpointStateMachine task thread for /0.0.0.0:46657 - 0 ] INFO  server.GrpcService (GrpcService.java:startImpl(177)) - be1361e3-69b4-4f11-b723-c9a04e197c79: GrpcService started, listening on 0.0.0.0/0.0.0.0:41063
2020-12-08 01:58:13,958 [EndpointStateMachine task thread for /0.0.0.0:46657 - 0 ] INFO  ratis.XceiverServerRatis (XceiverServerRatis.java:start(468)) - XceiverServerRatis be1361e3-69b4-4f11-b723-c9a04e197c79 is started using port 41063
2020-12-08 01:58:13,958 [org.apache.ratis.server.JvmPauseMonitor@12cff514-Monitor] INFO  server.RaftServerConfigKeys (ConfUtils.java:logGet(44)) - raft.server.leaderelection.leader.step-down.wait-time = 10s (default)
2020-12-08 01:58:13,958 [org.apache.ratis.server.JvmPauseMonitor@12cff514-Monitor] INFO  server.RaftServerConfigKeys (ConfUtils.java:logGet(44)) - raft.server.rpc.slowness.timeout = 300s (custom)
2020-12-08 01:58:13,959 [org.apache.ratis.server.JvmPauseMonitor@12cff514-Monitor] INFO  server.JvmPauseMonitor (JvmPauseMonitor.java:run(129)) - Starting Ratis JVM pause monitor
2020-12-08 01:58:13,959 [EndpointStateMachine task thread for /0.0.0.0:46657 - 0 ] INFO  server.XceiverServerGrpc (XceiverServerGrpc.java:start(145)) - XceiverServerGrpc be1361e3-69b4-4f11-b723-c9a04e197c79 is started using port 33341
2020-12-08 01:58:14,607 [IPC Server handler 2 on default port 46657] INFO  net.NetworkTopologyImpl (NetworkTopologyImpl.java:add(111)) - Added a new node: /default-rack/c512f228-7a92-4ae7-b739-1627a2a73a2a
2020-12-08 01:58:14,609 [IPC Server handler 2 on default port 46657] INFO  node.SCMNodeManager (SCMNodeManager.java:register(341)) - Registered Data node : c512f228-7a92-4ae7-b739-1627a2a73a2a{ip: 172.17.0.2, host: 11cef1ca5a88, networkLocation: /default-rack, certSerialId: null, persistedOpState: IN_SERVICE, persistedOpStateExpiryEpochSec: 0}
2020-12-08 01:58:14,617 [EventQueue-NodeRegistrationContainerReportForDataNodeSafeModeRule] INFO  safemode.SCMSafeModeManager (DataNodeSafeModeRule.java:process(71)) - SCM in safe mode. 1 DataNodes registered, 1 required.
2020-12-08 01:58:14,617 [EventQueue-NodeRegistrationContainerReportForDataNodeSafeModeRule] INFO  safemode.SCMSafeModeManager (SCMSafeModeManager.java:validateSafeModeExitRules(214)) - DataNodeSafeModeRule rule is successfully validated
2020-12-08 01:58:14,617 [EventQueue-NodeRegistrationContainerReportForDataNodeSafeModeRule] INFO  safemode.SCMSafeModeManager (SCMSafeModeManager.java:completePreCheck(242)) - All SCM safe mode pre check rules have passed
2020-12-08 01:58:14,621 [EventQueue-NodeRegistrationContainerReportForContainerSafeModeRule] INFO  safemode.SCMSafeModeManager (SCMSafeModeManager.java:validateSafeModeExitRules(214)) - ContainerSafeModeRule rule is successfully validated
2020-12-08 01:58:14,622 [RatisPipelineUtilsThread] INFO  pipeline.RatisPipelineProvider (RatisPipelineProvider.java:lambda$create$0(161)) - Sending CreatePipelineCommand for pipeline:PipelineID=fe26cb17-75dc-4e83-85f9-1c572ac61509 to datanode:c512f228-7a92-4ae7-b739-1627a2a73a2a
2020-12-08 01:58:14,622 [EventQueue-PipelineReportForOneReplicaPipelineSafeModeRule] INFO  safemode.SCMSafeModeManager (SCMSafeModeManager.java:validateSafeModeExitRules(214)) - AtleastOneDatanodeReportedRule rule is successfully validated
2020-12-08 01:58:14,622 [RatisPipelineUtilsThread] INFO  pipeline.PipelineStateManager (PipelineStateManager.java:addPipeline(54)) - Created pipeline Pipeline[ Id: fe26cb17-75dc-4e83-85f9-1c572ac61509, Nodes: c512f228-7a92-4ae7-b739-1627a2a73a2a{ip: 172.17.0.2, host: 11cef1ca5a88, networkLocation: /default-rack, certSerialId: null, persistedOpState: IN_SERVICE, persistedOpStateExpiryEpochSec: 0}, Type:RATIS, Factor:ONE, State:ALLOCATED, leaderId:, CreationTimestamp2020-12-08T01:58:14.622Z]
2020-12-08 01:58:14,622 [RatisPipelineUtilsThread] WARN  pipeline.PipelinePlacementPolicy (PipelinePlacementPolicy.java:filterViableNodes(139)) - Pipeline creation failed due to no sufficient healthy datanodes. Required 3. Found 1.
2020-12-08 01:58:14,822 [IPC Server handler 3 on default port 46657] INFO  net.NetworkTopologyImpl (NetworkTopologyImpl.java:add(111)) - Added a new node: /default-rack/77c31ea0-0b12-4fcd-af92-232a93661e69
2020-12-08 01:58:14,822 [IPC Server handler 3 on default port 46657] INFO  node.SCMNodeManager (SCMNodeManager.java:register(341)) - Registered Data node : 77c31ea0-0b12-4fcd-af92-232a93661e69{ip: 172.17.0.2, host: 11cef1ca5a88, networkLocation: /default-rack, certSerialId: null, persistedOpState: IN_SERVICE, persistedOpStateExpiryEpochSec: 0}
2020-12-08 01:58:14,822 [EventQueue-NodeRegistrationContainerReportForDataNodeSafeModeRule] INFO  safemode.SCMSafeModeManager (SCMSafeModeManager.java:validateSafeModeExitRules(214)) - DataNodeSafeModeRule rule is successfully validated
2020-12-08 01:58:14,822 [EventQueue-PipelineReportForOneReplicaPipelineSafeModeRule] INFO  safemode.SCMSafeModeManager (SCMSafeModeManager.java:validateSafeModeExitRules(214)) - AtleastOneDatanodeReportedRule rule is successfully validated
2020-12-08 01:58:14,822 [EventQueue-NodeRegistrationContainerReportForContainerSafeModeRule] INFO  safemode.SCMSafeModeManager (SCMSafeModeManager.java:validateSafeModeExitRules(214)) - ContainerSafeModeRule rule is successfully validated
2020-12-08 01:58:14,823 [RatisPipelineUtilsThread] INFO  pipeline.RatisPipelineProvider (RatisPipelineProvider.java:lambda$create$0(161)) - Sending CreatePipelineCommand for pipeline:PipelineID=a1e0072c-227c-4153-b6a4-63a25df52e68 to datanode:77c31ea0-0b12-4fcd-af92-232a93661e69
2020-12-08 01:58:14,823 [RatisPipelineUtilsThread] INFO  pipeline.PipelineStateManager (PipelineStateManager.java:addPipeline(54)) - Created pipeline Pipeline[ Id: a1e0072c-227c-4153-b6a4-63a25df52e68, Nodes: 77c31ea0-0b12-4fcd-af92-232a93661e69{ip: 172.17.0.2, host: 11cef1ca5a88, networkLocation: /default-rack, certSerialId: null, persistedOpState: IN_SERVICE, persistedOpStateExpiryEpochSec: 0}, Type:RATIS, Factor:ONE, State:ALLOCATED, leaderId:, CreationTimestamp2020-12-08T01:58:14.823Z]
2020-12-08 01:58:14,823 [RatisPipelineUtilsThread] WARN  pipeline.PipelinePlacementPolicy (PipelinePlacementPolicy.java:filterViableNodes(139)) - Pipeline creation failed due to no sufficient healthy datanodes. Required 3. Found 2.
2020-12-08 01:58:14,950 [Listener at 127.0.0.1/34557] INFO  ozone.MiniOzoneClusterImpl (MiniOzoneClusterImpl.java:lambda$waitForClusterToBeReady$0(178)) - Waiting for nodes to be ready. Got 2 of 7 DN Heartbeats.
2020-12-08 01:58:14,950 [Listener at 127.0.0.1/34557] INFO  ozone.MiniOzoneClusterImpl (MiniOzoneClusterImpl.java:lambda$waitForClusterToBeReady$0(181)) - Waiting for cluster to exit safe mode
2020-12-08 01:58:15,066 [IPC Server handler 4 on default port 46657] INFO  net.NetworkTopologyImpl (NetworkTopologyImpl.java:add(111)) - Added a new node: /default-rack/4d7665c3-83ba-40ae-a15f-238c06fe965e
2020-12-08 01:58:15,066 [IPC Server handler 4 on default port 46657] INFO  node.SCMNodeManager (SCMNodeManager.java:register(341)) - Registered Data node : 4d7665c3-83ba-40ae-a15f-238c06fe965e{ip: 172.17.0.2, host: 11cef1ca5a88, networkLocation: /default-rack, certSerialId: null, persistedOpState: IN_SERVICE, persistedOpStateExpiryEpochSec: 0}
2020-12-08 01:58:15,067 [EventQueue-NodeRegistrationContainerReportForDataNodeSafeModeRule] INFO  safemode.SCMSafeModeManager (SCMSafeModeManager.java:validateSafeModeExitRules(214)) - DataNodeSafeModeRule rule is successfully validated
2020-12-08 01:58:15,067 [EventQueue-NodeRegistrationContainerReportForContainerSafeModeRule] INFO  safemode.SCMSafeModeManager (SCMSafeModeManager.java:validateSafeModeExitRules(214)) - ContainerSafeModeRule rule is successfully validated
2020-12-08 01:58:15,067 [EventQueue-PipelineReportForOneReplicaPipelineSafeModeRule] INFO  safemode.SCMSafeModeManager (SCMSafeModeManager.java:validateSafeModeExitRules(214)) - AtleastOneDatanodeReportedRule rule is successfully validated
2020-12-08 01:58:15,067 [RatisPipelineUtilsThread] INFO  pipeline.RatisPipelineProvider (RatisPipelineProvider.java:lambda$create$0(161)) - Sending CreatePipelineCommand for pipeline:PipelineID=b441bde7-6302-410b-b649-39d0696f1ab4 to datanode:4d7665c3-83ba-40ae-a15f-238c06fe965e
2020-12-08 01:58:15,067 [RatisPipelineUtilsThread] INFO  pipeline.PipelineStateManager (PipelineStateManager.java:addPipeline(54)) - Created pipeline Pipeline[ Id: b441bde7-6302-410b-b649-39d0696f1ab4, Nodes: 4d7665c3-83ba-40ae-a15f-238c06fe965e{ip: 172.17.0.2, host: 11cef1ca5a88, networkLocation: /default-rack, certSerialId: null, persistedOpState: IN_SERVICE, persistedOpStateExpiryEpochSec: 0}, Type:RATIS, Factor:ONE, State:ALLOCATED, leaderId:, CreationTimestamp2020-12-08T01:58:15.067Z]
2020-12-08 01:58:15,068 [RatisPipelineUtilsThread] INFO  pipeline.RatisPipelineProvider (RatisPipelineProvider.java:lambda$create$0(161)) - Sending CreatePipelineCommand for pipeline:PipelineID=c767db6c-927c-4df9-a0a1-2a5e937cd381 to datanode:4d7665c3-83ba-40ae-a15f-238c06fe965e
2020-12-08 01:58:15,068 [RatisPipelineUtilsThread] INFO  pipeline.RatisPipelineProvider (RatisPipelineProvider.java:lambda$create$0(161)) - Sending CreatePipelineCommand for pipeline:PipelineID=c767db6c-927c-4df9-a0a1-2a5e937cd381 to datanode:77c31ea0-0b12-4fcd-af92-232a93661e69
2020-12-08 01:58:15,068 [RatisPipelineUtilsThread] INFO  pipeline.RatisPipelineProvider (RatisPipelineProvider.java:lambda$create$0(161)) - Sending CreatePipelineCommand for pipeline:PipelineID=c767db6c-927c-4df9-a0a1-2a5e937cd381 to datanode:c512f228-7a92-4ae7-b739-1627a2a73a2a
2020-12-08 01:58:15,068 [RatisPipelineUtilsThread] INFO  pipeline.PipelineStateManager (PipelineStateManager.java:addPipeline(54)) - Created pipeline Pipeline[ Id: c767db6c-927c-4df9-a0a1-2a5e937cd381, Nodes: 4d7665c3-83ba-40ae-a15f-238c06fe965e{ip: 172.17.0.2, host: 11cef1ca5a88, networkLocation: /default-rack, certSerialId: null, persistedOpState: IN_SERVICE, persistedOpStateExpiryEpochSec: 0}77c31ea0-0b12-4fcd-af92-232a93661e69{ip: 172.17.0.2, host: 11cef1ca5a88, networkLocation: /default-rack, certSerialId: null, persistedOpState: IN_SERVICE, persistedOpStateExpiryEpochSec: 0}c512f228-7a92-4ae7-b739-1627a2a73a2a{ip: 172.17.0.2, host: 11cef1ca5a88, networkLocation: /default-rack, certSerialId: null, persistedOpState: IN_SERVICE, persistedOpStateExpiryEpochSec: 0}, Type:RATIS, Factor:THREE, State:ALLOCATED, leaderId:, CreationTimestamp2020-12-08T01:58:15.068Z]
2020-12-08 01:58:15,294 [IPC Server handler 0 on default port 46657] INFO  net.NetworkTopologyImpl (NetworkTopologyImpl.java:add(111)) - Added a new node: /default-rack/f6ee95b5-7ee2-4946-b0be-20c7e4036df8
2020-12-08 01:58:15,295 [IPC Server handler 0 on default port 46657] INFO  node.SCMNodeManager (SCMNodeManager.java:register(341)) - Registered Data node : f6ee95b5-7ee2-4946-b0be-20c7e4036df8{ip: 172.17.0.2, host: 11cef1ca5a88, networkLocation: /default-rack, certSerialId: null, persistedOpState: IN_SERVICE, persistedOpStateExpiryEpochSec: 0}
2020-12-08 01:58:15,295 [RatisPipelineUtilsThread] INFO  pipeline.RatisPipelineProvider (RatisPipelineProvider.java:lambda$create$0(161)) - Sending CreatePipelineCommand for pipeline:PipelineID=9c7c0a21-e39a-4ed3-93d8-eded6259983c to datanode:f6ee95b5-7ee2-4946-b0be-20c7e4036df8
2020-12-08 01:58:15,297 [RatisPipelineUtilsThread] INFO  pipeline.PipelineStateManager (PipelineStateManager.java:addPipeline(54)) - Created pipeline Pipeline[ Id: 9c7c0a21-e39a-4ed3-93d8-eded6259983c, Nodes: f6ee95b5-7ee2-4946-b0be-20c7e4036df8{ip: 172.17.0.2, host: 11cef1ca5a88, networkLocation: /default-rack, certSerialId: null, persistedOpState: IN_SERVICE, persistedOpStateExpiryEpochSec: 0}, Type:RATIS, Factor:ONE, State:ALLOCATED, leaderId:, CreationTimestamp2020-12-08T01:58:15.295Z]
2020-12-08 01:58:15,297 [EventQueue-PipelineReportForOneReplicaPipelineSafeModeRule] INFO  safemode.SCMSafeModeManager (SCMSafeModeManager.java:validateSafeModeExitRules(214)) - AtleastOneDatanodeReportedRule rule is successfully validated
2020-12-08 01:58:15,297 [EventQueue-NodeRegistrationContainerReportForContainerSafeModeRule] INFO  safemode.SCMSafeModeManager (SCMSafeModeManager.java:validateSafeModeExitRules(214)) - ContainerSafeModeRule rule is successfully validated
2020-12-08 01:58:15,297 [EventQueue-NodeRegistrationContainerReportForDataNodeSafeModeRule] INFO  safemode.SCMSafeModeManager (SCMSafeModeManager.java:validateSafeModeExitRules(214)) - DataNodeSafeModeRule rule is successfully validated
2020-12-08 01:58:15,523 [IPC Server handler 1 on default port 46657] INFO  net.NetworkTopologyImpl (NetworkTopologyImpl.java:add(111)) - Added a new node: /default-rack/39945dd8-822d-49dd-8781-4af99b069674
2020-12-08 01:58:15,523 [IPC Server handler 1 on default port 46657] INFO  node.SCMNodeManager (SCMNodeManager.java:register(341)) - Registered Data node : 39945dd8-822d-49dd-8781-4af99b069674{ip: 172.17.0.2, host: 11cef1ca5a88, networkLocation: /default-rack, certSerialId: null, persistedOpState: IN_SERVICE, persistedOpStateExpiryEpochSec: 0}
2020-12-08 01:58:15,524 [EventQueue-NodeRegistrationContainerReportForDataNodeSafeModeRule] INFO  safemode.SCMSafeModeManager (SCMSafeModeManager.java:validateSafeModeExitRules(214)) - DataNodeSafeModeRule rule is successfully validated
2020-12-08 01:58:15,524 [EventQueue-PipelineReportForOneReplicaPipelineSafeModeRule] INFO  safemode.SCMSafeModeManager (SCMSafeModeManager.java:validateSafeModeExitRules(214)) - AtleastOneDatanodeReportedRule rule is successfully validated
2020-12-08 01:58:15,524 [EventQueue-NodeRegistrationContainerReportForContainerSafeModeRule] INFO  safemode.SCMSafeModeManager (SCMSafeModeManager.java:validateSafeModeExitRules(214)) - ContainerSafeModeRule rule is successfully validated
2020-12-08 01:58:15,524 [RatisPipelineUtilsThread] INFO  pipeline.RatisPipelineProvider (RatisPipelineProvider.java:lambda$create$0(161)) - Sending CreatePipelineCommand for pipeline:PipelineID=11a47e58-9875-4042-886f-7285c38fd8ba to datanode:39945dd8-822d-49dd-8781-4af99b069674
2020-12-08 01:58:15,524 [RatisPipelineUtilsThread] INFO  pipeline.PipelineStateManager (PipelineStateManager.java:addPipeline(54)) - Created pipeline Pipeline[ Id: 11a47e58-9875-4042-886f-7285c38fd8ba, Nodes: 39945dd8-822d-49dd-8781-4af99b069674{ip: 172.17.0.2, host: 11cef1ca5a88, networkLocation: /default-rack, certSerialId: null, persistedOpState: IN_SERVICE, persistedOpStateExpiryEpochSec: 0}, Type:RATIS, Factor:ONE, State:ALLOCATED, leaderId:, CreationTimestamp2020-12-08T01:58:15.524Z]
2020-12-08 01:58:15,735 [IPC Server handler 3 on default port 46657] INFO  net.NetworkTopologyImpl (NetworkTopologyImpl.java:add(111)) - Added a new node: /default-rack/ab1d11b0-5e74-4d38-b665-6acb1b1e4e59
2020-12-08 01:58:15,735 [IPC Server handler 3 on default port 46657] INFO  node.SCMNodeManager (SCMNodeManager.java:register(341)) - Registered Data node : ab1d11b0-5e74-4d38-b665-6acb1b1e4e59{ip: 172.17.0.2, host: 11cef1ca5a88, networkLocation: /default-rack, certSerialId: null, persistedOpState: IN_SERVICE, persistedOpStateExpiryEpochSec: 0}
2020-12-08 01:58:15,735 [EventQueue-NodeRegistrationContainerReportForContainerSafeModeRule] INFO  safemode.SCMSafeModeManager (SCMSafeModeManager.java:validateSafeModeExitRules(214)) - ContainerSafeModeRule rule is successfully validated
2020-12-08 01:58:15,735 [EventQueue-PipelineReportForOneReplicaPipelineSafeModeRule] INFO  safemode.SCMSafeModeManager (SCMSafeModeManager.java:validateSafeModeExitRules(214)) - AtleastOneDatanodeReportedRule rule is successfully validated
2020-12-08 01:58:15,735 [EventQueue-NodeRegistrationContainerReportForDataNodeSafeModeRule] INFO  safemode.SCMSafeModeManager (SCMSafeModeManager.java:validateSafeModeExitRules(214)) - DataNodeSafeModeRule rule is successfully validated
2020-12-08 01:58:15,736 [RatisPipelineUtilsThread] INFO  pipeline.RatisPipelineProvider (RatisPipelineProvider.java:lambda$create$0(161)) - Sending CreatePipelineCommand for pipeline:PipelineID=c14d7965-46e0-47c5-8601-a0906e24071f to datanode:ab1d11b0-5e74-4d38-b665-6acb1b1e4e59
2020-12-08 01:58:15,736 [RatisPipelineUtilsThread] INFO  pipeline.PipelineStateManager (PipelineStateManager.java:addPipeline(54)) - Created pipeline Pipeline[ Id: c14d7965-46e0-47c5-8601-a0906e24071f, Nodes: ab1d11b0-5e74-4d38-b665-6acb1b1e4e59{ip: 172.17.0.2, host: 11cef1ca5a88, networkLocation: /default-rack, certSerialId: null, persistedOpState: IN_SERVICE, persistedOpStateExpiryEpochSec: 0}, Type:RATIS, Factor:ONE, State:ALLOCATED, leaderId:, CreationTimestamp2020-12-08T01:58:15.736Z]
2020-12-08 01:58:15,737 [RatisPipelineUtilsThread] INFO  pipeline.RatisPipelineProvider (RatisPipelineProvider.java:lambda$create$0(161)) - Sending CreatePipelineCommand for pipeline:PipelineID=0cddbc73-56c6-4de8-8b06-bf2fc515e206 to datanode:39945dd8-822d-49dd-8781-4af99b069674
2020-12-08 01:58:15,737 [RatisPipelineUtilsThread] INFO  pipeline.RatisPipelineProvider (RatisPipelineProvider.java:lambda$create$0(161)) - Sending CreatePipelineCommand for pipeline:PipelineID=0cddbc73-56c6-4de8-8b06-bf2fc515e206 to datanode:ab1d11b0-5e74-4d38-b665-6acb1b1e4e59
2020-12-08 01:58:15,737 [RatisPipelineUtilsThread] INFO  pipeline.RatisPipelineProvider (RatisPipelineProvider.java:lambda$create$0(161)) - Sending CreatePipelineCommand for pipeline:PipelineID=0cddbc73-56c6-4de8-8b06-bf2fc515e206 to datanode:f6ee95b5-7ee2-4946-b0be-20c7e4036df8
2020-12-08 01:58:15,738 [RatisPipelineUtilsThread] INFO  pipeline.PipelineStateManager (PipelineStateManager.java:addPipeline(54)) - Created pipeline Pipeline[ Id: 0cddbc73-56c6-4de8-8b06-bf2fc515e206, Nodes: 39945dd8-822d-49dd-8781-4af99b069674{ip: 172.17.0.2, host: 11cef1ca5a88, networkLocation: /default-rack, certSerialId: null, persistedOpState: IN_SERVICE, persistedOpStateExpiryEpochSec: 0}ab1d11b0-5e74-4d38-b665-6acb1b1e4e59{ip: 172.17.0.2, host: 11cef1ca5a88, networkLocation: /default-rack, certSerialId: null, persistedOpState: IN_SERVICE, persistedOpStateExpiryEpochSec: 0}f6ee95b5-7ee2-4946-b0be-20c7e4036df8{ip: 172.17.0.2, host: 11cef1ca5a88, networkLocation: /default-rack, certSerialId: null, persistedOpState: IN_SERVICE, persistedOpStateExpiryEpochSec: 0}, Type:RATIS, Factor:THREE, State:ALLOCATED, leaderId:, CreationTimestamp2020-12-08T01:58:15.737Z]
2020-12-08 01:58:15,950 [Listener at 127.0.0.1/34557] INFO  ozone.MiniOzoneClusterImpl (MiniOzoneClusterImpl.java:lambda$waitForClusterToBeReady$0(178)) - Waiting for nodes to be ready. Got 6 of 7 DN Heartbeats.
2020-12-08 01:58:15,950 [Listener at 127.0.0.1/34557] INFO  ozone.MiniOzoneClusterImpl (MiniOzoneClusterImpl.java:lambda$waitForClusterToBeReady$0(181)) - Waiting for cluster to exit safe mode
2020-12-08 01:58:15,954 [IPC Server handler 4 on default port 46657] INFO  net.NetworkTopologyImpl (NetworkTopologyImpl.java:add(111)) - Added a new node: /default-rack/be1361e3-69b4-4f11-b723-c9a04e197c79
2020-12-08 01:58:15,955 [IPC Server handler 4 on default port 46657] INFO  node.SCMNodeManager (SCMNodeManager.java:register(341)) - Registered Data node : be1361e3-69b4-4f11-b723-c9a04e197c79{ip: 172.17.0.2, host: 11cef1ca5a88, networkLocation: /default-rack, certSerialId: null, persistedOpState: IN_SERVICE, persistedOpStateExpiryEpochSec: 0}
2020-12-08 01:58:15,956 [EventQueue-NodeRegistrationContainerReportForDataNodeSafeModeRule] INFO  safemode.SCMSafeModeManager (SCMSafeModeManager.java:validateSafeModeExitRules(214)) - DataNodeSafeModeRule rule is successfully validated
2020-12-08 01:58:15,956 [RatisPipelineUtilsThread] INFO  pipeline.RatisPipelineProvider (RatisPipelineProvider.java:lambda$create$0(161)) - Sending CreatePipelineCommand for pipeline:PipelineID=b0eee72a-d72c-4cd7-8f27-0a7006f194fa to datanode:be1361e3-69b4-4f11-b723-c9a04e197c79
2020-12-08 01:58:15,956 [EventQueue-PipelineReportForOneReplicaPipelineSafeModeRule] INFO  safemode.SCMSafeModeManager (SCMSafeModeManager.java:validateSafeModeExitRules(214)) - AtleastOneDatanodeReportedRule rule is successfully validated
2020-12-08 01:58:15,956 [EventQueue-NodeRegistrationContainerReportForContainerSafeModeRule] INFO  safemode.SCMSafeModeManager (SCMSafeModeManager.java:validateSafeModeExitRules(214)) - ContainerSafeModeRule rule is successfully validated
2020-12-08 01:58:15,956 [RatisPipelineUtilsThread] INFO  pipeline.PipelineStateManager (PipelineStateManager.java:addPipeline(54)) - Created pipeline Pipeline[ Id: b0eee72a-d72c-4cd7-8f27-0a7006f194fa, Nodes: be1361e3-69b4-4f11-b723-c9a04e197c79{ip: 172.17.0.2, host: 11cef1ca5a88, networkLocation: /default-rack, certSerialId: null, persistedOpState: IN_SERVICE, persistedOpStateExpiryEpochSec: 0}, Type:RATIS, Factor:ONE, State:ALLOCATED, leaderId:, CreationTimestamp2020-12-08T01:58:15.956Z]
2020-12-08 01:58:16,950 [Listener at 127.0.0.1/34557] INFO  ozone.MiniOzoneClusterImpl (MiniOzoneClusterImpl.java:lambda$waitForClusterToBeReady$0(178)) - Nodes are ready. Got 7 of 7 DN Heartbeats.
2020-12-08 01:58:16,951 [Listener at 127.0.0.1/34557] INFO  ozone.MiniOzoneClusterImpl (MiniOzoneClusterImpl.java:lambda$waitForClusterToBeReady$0(181)) - Waiting for cluster to exit safe mode
2020-12-08 01:58:17,608 [Command processor thread] INFO  impl.RaftServerProxy (RaftServerProxy.java:addNew(93)) - c512f228-7a92-4ae7-b739-1627a2a73a2a: addNew group-1C572AC61509:[c512f228-7a92-4ae7-b739-1627a2a73a2a|rpc:172.17.0.2:38631] returns group-1C572AC61509:java.util.concurrent.CompletableFuture@330d0293[Not completed]
2020-12-08 01:58:17,609 [pool-177-thread-1] INFO  impl.RaftServerImpl (RaftServerImpl.java:<init>(121)) - c512f228-7a92-4ae7-b739-1627a2a73a2a: new RaftServerImpl for group-1C572AC61509:[c512f228-7a92-4ae7-b739-1627a2a73a2a|rpc:172.17.0.2:38631] with ContainerStateMachine:uninitialized
2020-12-08 01:58:17,609 [pool-177-thread-1] INFO  server.RaftServerConfigKeys (ConfUtils.java:logGet(44)) - raft.server.rpc.timeout.min = 5s (custom)
2020-12-08 01:58:17,609 [pool-177-thread-1] INFO  server.RaftServerConfigKeys (ConfUtils.java:logGet(44)) - raft.server.rpc.timeout.max = 5200ms (custom)
2020-12-08 01:58:17,609 [pool-177-thread-1] INFO  server.RaftServerConfigKeys (ConfUtils.java:logGet(44)) - raft.server.rpc.slowness.timeout = 300s (custom)
2020-12-08 01:58:17,609 [pool-177-thread-1] INFO  server.RaftServerConfigKeys (ConfUtils.java:logGet(44)) - raft.server.leaderelection.leader.step-down.wait-time = 10s (default)
2020-12-08 01:58:17,609 [pool-177-thread-1] INFO  server.RaftServerConfigKeys (ConfUtils.java:logGet(44)) - raft.server.sleep.deviation.threshold = 300 (default)
2020-12-08 01:58:17,610 [pool-177-thread-1] INFO  server.RaftServerConfigKeys (ConfUtils.java:logGet(44)) - raft.server.log.appender.install.snapshot.enabled = false (custom)
2020-12-08 01:58:17,610 [pool-177-thread-1] INFO  impl.RaftServerImpl (ServerState.java:<init>(104)) - c512f228-7a92-4ae7-b739-1627a2a73a2a@group-1C572AC61509: ConfigurationManager, init=-1: [c512f228-7a92-4ae7-b739-1627a2a73a2a|rpc:172.17.0.2:38631], old=null, confs=<EMPTY_MAP>
2020-12-08 01:58:17,610 [pool-177-thread-1] INFO  server.RaftServerConfigKeys (ConfUtils.java:logGet(44)) - raft.server.storage.dir = [/github/workspace/mnt/ozone/hadoop-ozone/integration-test/target/test-dir/MiniOzoneClusterImpl-fe278d26-eb6d-413e-b3f8-43e11913de58/datanode-0/data/ratis] (custom)
2020-12-08 01:58:17,610 [pool-177-thread-1] INFO  server.RaftServerConfigKeys (ConfUtils.java:logGet(44)) - raft.server.log.corruption.policy = EXCEPTION (default)
2020-12-08 01:58:17,610 [pool-177-thread-1] INFO  storage.RaftStorageDirectory (RaftStorageDirectory.java:analyzeStorage(261)) - The storage directory /github/workspace/mnt/ozone/hadoop-ozone/integration-test/target/test-dir/MiniOzoneClusterImpl-fe278d26-eb6d-413e-b3f8-43e11913de58/datanode-0/data/ratis/fe26cb17-75dc-4e83-85f9-1c572ac61509 does not exist. Creating ...
2020-12-08 01:58:17,612 [pool-177-thread-1] INFO  storage.RaftStorageDirectory (RaftStorageDirectory.java:tryLock(343)) - Lock on /github/workspace/mnt/ozone/hadoop-ozone/integration-test/target/test-dir/MiniOzoneClusterImpl-fe278d26-eb6d-413e-b3f8-43e11913de58/datanode-0/data/ratis/fe26cb17-75dc-4e83-85f9-1c572ac61509/in_use.lock acquired by nodename 31973@11cef1ca5a88
2020-12-08 01:58:17,613 [pool-177-thread-1] INFO  storage.RaftStorage (RaftStorage.java:format(85)) - Storage directory /github/workspace/mnt/ozone/hadoop-ozone/integration-test/target/test-dir/MiniOzoneClusterImpl-fe278d26-eb6d-413e-b3f8-43e11913de58/datanode-0/data/ratis/fe26cb17-75dc-4e83-85f9-1c572ac61509 has been successfully formatted.
2020-12-08 01:58:17,614 [pool-177-thread-1] INFO  ratis.ContainerStateMachine (ContainerStateMachine.java:loadSnapshot(225)) - group-1C572AC61509: The snapshot info is null. Setting the last applied indexto:(t:0, i:~)
2020-12-08 01:58:17,614 [pool-177-thread-1] INFO  server.RaftServerConfigKeys (ConfUtils.java:logGet(44)) - raft.server.notification.no-leader.timeout = 300s (custom)
2020-12-08 01:58:17,615 [pool-177-thread-1] INFO  server.RaftServerConfigKeys (ConfUtils.java:logGet(44)) - raft.server.log.use.memory = false (default)
2020-12-08 01:58:17,615 [pool-177-thread-1] INFO  server.RaftServerConfigKeys (ConfUtils.java:logGet(44)) - raft.server.log.purge.gap = 1000000 (custom)
2020-12-08 01:58:17,615 [pool-177-thread-1] INFO  metrics.RatisMetrics (RatisMetrics.java:lambda$create$0(36)) - Creating Metrics Registry : ratis.log_worker.c512f228-7a92-4ae7-b739-1627a2a73a2a@group-1C572AC61509
2020-12-08 01:58:17,616 [EventQueue-PipelineReportForPipelineReportHandler] INFO  pipeline.PipelineStateManager (PipelineStateManager.java:openPipeline(132)) - Pipeline Pipeline[ Id: fe26cb17-75dc-4e83-85f9-1c572ac61509, Nodes: c512f228-7a92-4ae7-b739-1627a2a73a2a{ip: 172.17.0.2, host: 11cef1ca5a88, networkLocation: /default-rack, certSerialId: null, persistedOpState: IN_SERVICE, persistedOpStateExpiryEpochSec: 0}, Type:RATIS, Factor:ONE, State:ALLOCATED, leaderId:c512f228-7a92-4ae7-b739-1627a2a73a2a, CreationTimestamp2020-12-08T01:58:14.622Z] moved to OPEN state
2020-12-08 01:58:17,615 [EventQueue-PipelineReportForOneReplicaPipelineSafeModeRule] INFO  safemode.SCMSafeModeManager (SCMSafeModeManager.java:validateSafeModeExitRules(214)) - AtleastOneDatanodeReportedRule rule is successfully validated
2020-12-08 01:58:17,622 [EventQueue-OpenPipelineForHealthyPipelineSafeModeRule] INFO  safemode.SCMSafeModeManager (HealthyPipelineSafeModeRule.java:process(128)) - SCM in safe mode. Healthy pipelines reported count is 0, required healthy pipeline reported count is 1
2020-12-08 01:58:17,622 [pool-177-thread-1] INFO  server.RaftServerConfigKeys (ConfUtils.java:logGet(44)) - raft.server.log.appender.buffer.byte-limit = 33554432 (custom)
2020-12-08 01:58:17,623 [pool-177-thread-1] INFO  server.RaftServerConfigKeys (ConfUtils.java:logGet(44)) - raft.server.log.segment.size.max = 1048576 (custom)
2020-12-08 01:58:17,624 [pool-177-thread-1] INFO  server.RaftServerConfigKeys (ConfUtils.java:logGet(44)) - raft.server.log.segment.cache.num.max = 2 (custom)
2020-12-08 01:58:17,624 [pool-177-thread-1] INFO  segmented.SegmentedRaftLogWorker (SegmentedRaftLogWorker.java:<init>(180)) - new c512f228-7a92-4ae7-b739-1627a2a73a2a@group-1C572AC61509-SegmentedRaftLogWorker for RaftStorage:Storage Directory /github/workspace/mnt/ozone/hadoop-ozone/integration-test/target/test-dir/MiniOzoneClusterImpl-fe278d26-eb6d-413e-b3f8-43e11913de58/datanode-0/data/ratis/fe26cb17-75dc-4e83-85f9-1c572ac61509
2020-12-08 01:58:17,625 [pool-177-thread-1] INFO  server.RaftServerConfigKeys (ConfUtils.java:logGet(44)) - raft.server.log.queue.byte-limit = 2147483647 (custom)
2020-12-08 01:58:17,625 [pool-177-thread-1] INFO  server.RaftServerConfigKeys (ConfUtils.java:logGet(44)) - raft.server.log.queue.element-limit = 1024 (custom)
2020-12-08 01:58:17,625 [pool-177-thread-1] INFO  server.RaftServerConfigKeys (ConfUtils.java:logGet(44)) - raft.server.log.segment.size.max = 1048576 (custom)
2020-12-08 01:58:17,625 [pool-177-thread-1] INFO  server.RaftServerConfigKeys (ConfUtils.java:logGet(44)) - raft.server.log.preallocated.size = 16384 (custom)
2020-12-08 01:58:17,625 [pool-177-thread-1] INFO  server.RaftServerConfigKeys (ConfUtils.java:logGet(44)) - raft.server.log.write.buffer.size = 1048576 (custom)
2020-12-08 01:58:17,625 [pool-177-thread-1] INFO  server.RaftServerConfigKeys (ConfUtils.java:logGet(44)) - raft.server.log.force.sync.num = 128 (default)
2020-12-08 01:58:17,625 [pool-177-thread-1] INFO  server.RaftServerConfigKeys (ConfUtils.java:logGet(44)) - raft.server.log.statemachine.data.sync = true (default)
2020-12-08 01:58:17,625 [pool-177-thread-1] INFO  server.RaftServerConfigKeys (ConfUtils.java:logGet(44)) - raft.server.log.statemachine.data.sync.timeout = 10s (default)
2020-12-08 01:58:17,625 [pool-177-thread-1] INFO  server.RaftServerConfigKeys (ConfUtils.java:logGet(44)) - raft.server.log.statemachine.data.sync.timeout.retry = -1 (default)
2020-12-08 01:58:17,627 [pool-177-thread-1] INFO  server.RaftServerConfigKeys (ConfUtils.java:logGet(44)) - raft.server.log.statemachine.data.caching.enabled = true (custom)
2020-12-08 01:58:17,628 [pool-177-thread-1] INFO  segmented.SegmentedRaftLogWorker (SegmentedRaftLogWorker.java:lambda$new$0(129)) - c512f228-7a92-4ae7-b739-1627a2a73a2a@group-1C572AC61509-SegmentedRaftLogWorker: flushIndex: setUnconditionally 0 -> -1
2020-12-08 01:58:17,628 [pool-177-thread-1] INFO  segmented.SegmentedRaftLogWorker (SegmentedRaftLogWorker.java:lambda$new$0(129)) - c512f228-7a92-4ae7-b739-1627a2a73a2a@group-1C572AC61509-SegmentedRaftLogWorker: safeCacheEvictIndex: setUnconditionally 0 -> -1
2020-12-08 01:58:17,629 [pool-177-thread-1] INFO  server.RaftServerConfigKeys (ConfUtils.java:logGet(44)) - raft.server.snapshot.auto.trigger.enabled = true (custom)
2020-12-08 01:58:17,629 [pool-177-thread-1] INFO  server.RaftServerConfigKeys (ConfUtils.java:logGet(44)) - raft.server.snapshot.auto.trigger.threshold = 10000 (custom)
2020-12-08 01:58:17,629 [pool-177-thread-1] INFO  server.RaftServerConfigKeys (ConfUtils.java:logGet(44)) - raft.server.snapshot.retention.file.num = 5 (custom)
2020-12-08 01:58:17,629 [pool-177-thread-1] INFO  server.RaftServerConfigKeys (ConfUtils.java:logGet(44)) - raft.server.log.purge.upto.snapshot.index = false (default)
2020-12-08 01:58:17,629 [pool-177-thread-1] INFO  server.RaftServerConfigKeys (ConfUtils.java:logGet(44)) - raft.server.retrycache.expirytime = 600000ms (custom)
2020-12-08 01:58:17,629 [pool-177-thread-1] INFO  metrics.RatisMetrics (RatisMetrics.java:lambda$create$0(36)) - Creating Metrics Registry : ratis.leader_election.c512f228-7a92-4ae7-b739-1627a2a73a2a@group-1C572AC61509
2020-12-08 01:58:17,630 [pool-177-thread-1] INFO  metrics.RatisMetrics (RatisMetrics.java:lambda$create$0(36)) - Creating Metrics Registry : ratis.server.c512f228-7a92-4ae7-b739-1627a2a73a2a@group-1C572AC61509
2020-12-08 01:58:17,635 [pool-177-thread-1] INFO  impl.RaftServerImpl (RaftServerImpl.java:start(215)) - c512f228-7a92-4ae7-b739-1627a2a73a2a@group-1C572AC61509: start as a follower, conf=-1: [c512f228-7a92-4ae7-b739-1627a2a73a2a|rpc:172.17.0.2:38631], old=null
2020-12-08 01:58:17,636 [pool-177-thread-1] INFO  impl.RaftServerImpl (RaftServerImpl.java:setRole(204)) - c512f228-7a92-4ae7-b739-1627a2a73a2a@group-1C572AC61509: changes role from      null to FOLLOWER at term 0 for startAsFollower
2020-12-08 01:58:17,636 [pool-177-thread-1] INFO  impl.RoleInfo (RoleInfo.java:updateAndGet(143)) - c512f228-7a92-4ae7-b739-1627a2a73a2a: start c512f228-7a92-4ae7-b739-1627a2a73a2a@group-1C572AC61509-FollowerState
2020-12-08 01:58:17,636 [pool-177-thread-1] INFO  util.JmxRegister (JmxRegister.java:tryRegister(44)) - Successfully registered JMX Bean with object name Ratis:service=RaftServer,group=group-1C572AC61509,id=c512f228-7a92-4ae7-b739-1627a2a73a2a
2020-12-08 01:58:17,636 [pool-177-thread-1] INFO  metrics.RatisMetrics (RatisMetrics.java:lambda$create$0(36)) - Creating Metrics Registry : ratis.state_machine.c512f228-7a92-4ae7-b739-1627a2a73a2a@group-1C572AC61509
2020-12-08 01:58:17,637 [Command processor thread] INFO  commandhandler.CreatePipelineCommandHandler (CreatePipelineCommandHandler.java:handle(106)) - Created Pipeline RATIS ONE PipelineID=fe26cb17-75dc-4e83-85f9-1c572ac61509.
2020-12-08 01:58:17,637 [Command processor thread] INFO  impl.RaftServerProxy (RaftServerProxy.java:addNew(93)) - c512f228-7a92-4ae7-b739-1627a2a73a2a: addNew group-2A5E937CD381:[c512f228-7a92-4ae7-b739-1627a2a73a2a|rpc:172.17.0.2:38631, 4d7665c3-83ba-40ae-a15f-238c06fe965e|rpc:172.17.0.2:40243, 77c31ea0-0b12-4fcd-af92-232a93661e69|rpc:172.17.0.2:36781] returns group-2A5E937CD381:java.util.concurrent.CompletableFuture@3732902a[Not completed]
2020-12-08 01:58:17,638 [pool-177-thread-1] INFO  impl.RaftServerImpl (RaftServerImpl.java:<init>(121)) - c512f228-7a92-4ae7-b739-1627a2a73a2a: new RaftServerImpl for group-2A5E937CD381:[c512f228-7a92-4ae7-b739-1627a2a73a2a|rpc:172.17.0.2:38631, 4d7665c3-83ba-40ae-a15f-238c06fe965e|rpc:172.17.0.2:40243, 77c31ea0-0b12-4fcd-af92-232a93661e69|rpc:172.17.0.2:36781] with ContainerStateMachine:uninitialized
2020-12-08 01:58:17,638 [pool-177-thread-1] INFO  server.RaftServerConfigKeys (ConfUtils.java:logGet(44)) - raft.server.rpc.timeout.min = 5s (custom)
2020-12-08 01:58:17,638 [pool-177-thread-1] INFO  server.RaftServerConfigKeys (ConfUtils.java:logGet(44)) - raft.server.rpc.timeout.max = 5200ms (custom)
2020-12-08 01:58:17,638 [pool-177-thread-1] INFO  server.RaftServerConfigKeys (ConfUtils.java:logGet(44)) - raft.server.rpc.slowness.timeout = 300s (custom)
2020-12-08 01:58:17,638 [pool-177-thread-1] INFO  server.RaftServerConfigKeys (ConfUtils.java:logGet(44)) - raft.server.leaderelection.leader.step-down.wait-time = 10s (default)
2020-12-08 01:58:17,638 [pool-177-thread-1] INFO  server.RaftServerConfigKeys (ConfUtils.java:logGet(44)) - raft.server.sleep.deviation.threshold = 300 (default)
2020-12-08 01:58:17,638 [pool-177-thread-1] INFO  server.RaftServerConfigKeys (ConfUtils.java:logGet(44)) - raft.server.log.appender.install.snapshot.enabled = false (custom)
2020-12-08 01:58:17,638 [pool-177-thread-1] INFO  impl.RaftServerImpl (ServerState.java:<init>(104)) - c512f228-7a92-4ae7-b739-1627a2a73a2a@group-2A5E937CD381: ConfigurationManager, init=-1: [c512f228-7a92-4ae7-b739-1627a2a73a2a|rpc:172.17.0.2:38631, 4d7665c3-83ba-40ae-a15f-238c06fe965e|rpc:172.17.0.2:40243, 77c31ea0-0b12-4fcd-af92-232a93661e69|rpc:172.17.0.2:36781], old=null, confs=<EMPTY_MAP>
2020-12-08 01:58:17,638 [pool-177-thread-1] INFO  server.RaftServerConfigKeys (ConfUtils.java:logGet(44)) - raft.server.storage.dir = [/github/workspace/mnt/ozone/hadoop-ozone/integration-test/target/test-dir/MiniOzoneClusterImpl-fe278d26-eb6d-413e-b3f8-43e11913de58/datanode-0/data/ratis] (custom)
2020-12-08 01:58:17,638 [pool-177-thread-1] INFO  server.RaftServerConfigKeys (ConfUtils.java:logGet(44)) - raft.server.log.corruption.policy = EXCEPTION (default)
2020-12-08 01:58:17,638 [pool-177-thread-1] INFO  storage.RaftStorageDirectory (RaftStorageDirectory.java:analyzeStorage(261)) - The storage directory /github/workspace/mnt/ozone/hadoop-ozone/integration-test/target/test-dir/MiniOzoneClusterImpl-fe278d26-eb6d-413e-b3f8-43e11913de58/datanode-0/data/ratis/c767db6c-927c-4df9-a0a1-2a5e937cd381 does not exist. Creating ...
2020-12-08 01:58:17,642 [pool-177-thread-1] INFO  storage.RaftStorageDirectory (RaftStorageDirectory.java:tryLock(343)) - Lock on /github/workspace/mnt/ozone/hadoop-ozone/integration-test/target/test-dir/MiniOzoneClusterImpl-fe278d26-eb6d-413e-b3f8-43e11913de58/datanode-0/data/ratis/c767db6c-927c-4df9-a0a1-2a5e937cd381/in_use.lock acquired by nodename 31973@11cef1ca5a88
2020-12-08 01:58:17,643 [pool-177-thread-1] INFO  storage.RaftStorage (RaftStorage.java:format(85)) - Storage directory /github/workspace/mnt/ozone/hadoop-ozone/integration-test/target/test-dir/MiniOzoneClusterImpl-fe278d26-eb6d-413e-b3f8-43e11913de58/datanode-0/data/ratis/c767db6c-927c-4df9-a0a1-2a5e937cd381 has been successfully formatted.
2020-12-08 01:58:17,643 [pool-177-thread-1] INFO  ratis.ContainerStateMachine (ContainerStateMachine.java:loadSnapshot(225)) - group-2A5E937CD381: The snapshot info is null. Setting the last applied indexto:(t:0, i:~)
2020-12-08 01:58:17,644 [EventQueue-PipelineReportForOneReplicaPipelineSafeModeRule] INFO  safemode.SCMSafeModeManager (SCMSafeModeManager.java:validateSafeModeExitRules(214)) - AtleastOneDatanodeReportedRule rule is successfully validated
2020-12-08 01:58:17,644 [EventQueue-OpenPipelineForHealthyPipelineSafeModeRule] INFO  safemode.SCMSafeModeManager (HealthyPipelineSafeModeRule.java:process(128)) - SCM in safe mode. Healthy pipelines reported count is 0, required healthy pipeline reported count is 1
2020-12-08 01:58:17,644 [pool-177-thread-1] INFO  server.RaftServerConfigKeys (ConfUtils.java:logGet(44)) - raft.server.notification.no-leader.timeout = 300s (custom)
2020-12-08 01:58:17,645 [pool-177-thread-1] INFO  server.RaftServerConfigKeys (ConfUtils.java:logGet(44)) - raft.server.log.use.memory = false (default)
2020-12-08 01:58:17,645 [pool-177-thread-1] INFO  server.RaftServerConfigKeys (ConfUtils.java:logGet(44)) - raft.server.log.purge.gap = 1000000 (custom)
2020-12-08 01:58:17,645 [pool-177-thread-1] INFO  metrics.RatisMetrics (RatisMetrics.java:lambda$create$0(36)) - Creating Metrics Registry : ratis.log_worker.c512f228-7a92-4ae7-b739-1627a2a73a2a@group-2A5E937CD381
2020-12-08 01:58:17,645 [pool-177-thread-1] INFO  server.RaftServerConfigKeys (ConfUtils.java:logGet(44)) - raft.server.log.appender.buffer.byte-limit = 33554432 (custom)
2020-12-08 01:58:17,645 [pool-177-thread-1] INFO  server.RaftServerConfigKeys (ConfUtils.java:logGet(44)) - raft.server.log.segment.size.max = 1048576 (custom)
2020-12-08 01:58:17,646 [pool-177-thread-1] INFO  server.RaftServerConfigKeys (ConfUtils.java:logGet(44)) - raft.server.log.segment.cache.num.max = 2 (custom)
2020-12-08 01:58:17,646 [pool-177-thread-1] INFO  segmented.SegmentedRaftLogWorker (SegmentedRaftLogWorker.java:<init>(180)) - new c512f228-7a92-4ae7-b739-1627a2a73a2a@group-2A5E937CD381-SegmentedRaftLogWorker for RaftStorage:Storage Directory /github/workspace/mnt/ozone/hadoop-ozone/integration-test/target/test-dir/MiniOzoneClusterImpl-fe278d26-eb6d-413e-b3f8-43e11913de58/datanode-0/data/ratis/c767db6c-927c-4df9-a0a1-2a5e937cd381
2020-12-08 01:58:17,646 [pool-177-thread-1] INFO  server.RaftServerConfigKeys (ConfUtils.java:logGet(44)) - raft.server.log.queue.byte-limit = 2147483647 (custom)
2020-12-08 01:58:17,646 [pool-177-thread-1] INFO  server.RaftServerConfigKeys (ConfUtils.java:logGet(44)) - raft.server.log.queue.element-limit = 1024 (custom)
2020-12-08 01:58:17,646 [pool-177-thread-1] INFO  server.RaftServerConfigKeys (ConfUtils.java:logGet(44)) - raft.server.log.segment.size.max = 1048576 (custom)
2020-12-08 01:58:17,646 [pool-177-thread-1] INFO  server.RaftServerConfigKeys (ConfUtils.java:logGet(44)) - raft.server.log.preallocated.size = 16384 (custom)
2020-12-08 01:58:17,647 [pool-177-thread-1] INFO  server.RaftServerConfigKeys (ConfUtils.java:logGet(44)) - raft.server.log.write.buffer.size = 1048576 (custom)
2020-12-08 01:58:17,647 [pool-177-thread-1] INFO  server.RaftServerConfigKeys (ConfUtils.java:logGet(44)) - raft.server.log.force.sync.num = 128 (default)
2020-12-08 01:58:17,647 [pool-177-thread-1] INFO  server.RaftServerConfigKeys (ConfUtils.java:logGet(44)) - raft.server.log.statemachine.data.sync = true (default)
2020-12-08 01:58:17,647 [pool-177-thread-1] INFO  server.RaftServerConfigKeys (ConfUtils.java:logGet(44)) - raft.server.log.statemachine.data.sync.timeout = 10s (default)
2020-12-08 01:58:17,647 [pool-177-thread-1] INFO  server.RaftServerConfigKeys (ConfUtils.java:logGet(44)) - raft.server.log.statemachine.data.sync.timeout.retry = -1 (default)
2020-12-08 01:58:17,649 [pool-177-thread-1] INFO  server.RaftServerConfigKeys (ConfUtils.java:logGet(44)) - raft.server.log.statemachine.data.caching.enabled = true (custom)
2020-12-08 01:58:17,649 [pool-177-thread-1] INFO  segmented.SegmentedRaftLogWorker (SegmentedRaftLogWorker.java:lambda$new$0(129)) - c512f228-7a92-4ae7-b739-1627a2a73a2a@group-2A5E937CD381-SegmentedRaftLogWorker: flushIndex: setUnconditionally 0 -> -1
2020-12-08 01:58:17,649 [pool-177-thread-1] INFO  segmented.SegmentedRaftLogWorker (SegmentedRaftLogWorker.java:lambda$new$0(129)) - c512f228-7a92-4ae7-b739-1627a2a73a2a@group-2A5E937CD381-SegmentedRaftLogWorker: safeCacheEvictIndex: setUnconditionally 0 -> -1
2020-12-08 01:58:17,649 [pool-177-thread-1] INFO  server.RaftServerConfigKeys (ConfUtils.java:logGet(44)) - raft.server.snapshot.auto.trigger.enabled = true (custom)
2020-12-08 01:58:17,649 [pool-177-thread-1] INFO  server.RaftServerConfigKeys (ConfUtils.java:logGet(44)) - raft.server.snapshot.auto.trigger.threshold = 10000 (custom)
2020-12-08 01:58:17,649 [pool-177-thread-1] INFO  server.RaftServerConfigKeys (ConfUtils.java:logGet(44)) - raft.server.snapshot.retention.file.num = 5 (custom)
2020-12-08 01:58:17,649 [pool-177-thread-1] INFO  server.RaftServerConfigKeys (ConfUtils.java:logGet(44)) - raft.server.log.purge.upto.snapshot.index = false (default)
2020-12-08 01:58:17,649 [pool-177-thread-1] INFO  server.RaftServerConfigKeys (ConfUtils.java:logGet(44)) - raft.server.retrycache.expirytime = 600000ms (custom)
2020-12-08 01:58:17,650 [pool-177-thread-1] INFO  metrics.RatisMetrics (RatisMetrics.java:lambda$create$0(36)) - Creating Metrics Registry : ratis.leader_election.c512f228-7a92-4ae7-b739-1627a2a73a2a@group-2A5E937CD381
2020-12-08 01:58:17,650 [pool-177-thread-1] INFO  metrics.RatisMetrics (RatisMetrics.java:lambda$create$0(36)) - Creating Metrics Registry : ratis.server.c512f228-7a92-4ae7-b739-1627a2a73a2a@group-2A5E937CD381
2020-12-08 01:58:17,652 [pool-177-thread-1] INFO  impl.RaftServerImpl (RaftServerImpl.java:start(215)) - c512f228-7a92-4ae7-b739-1627a2a73a2a@group-2A5E937CD381: start as a follower, conf=-1: [c512f228-7a92-4ae7-b739-1627a2a73a2a|rpc:172.17.0.2:38631, 4d7665c3-83ba-40ae-a15f-238c06fe965e|rpc:172.17.0.2:40243, 77c31ea0-0b12-4fcd-af92-232a93661e69|rpc:172.17.0.2:36781], old=null
2020-12-08 01:58:17,652 [pool-177-thread-1] INFO  impl.RaftServerImpl (RaftServerImpl.java:setRole(204)) - c512f228-7a92-4ae7-b739-1627a2a73a2a@group-2A5E937CD381: changes role from      null to FOLLOWER at term 0 for startAsFollower
2020-12-08 01:58:17,652 [pool-177-thread-1] INFO  impl.RoleInfo (RoleInfo.java:updateAndGet(143)) - c512f228-7a92-4ae7-b739-1627a2a73a2a: start c512f228-7a92-4ae7-b739-1627a2a73a2a@group-2A5E937CD381-FollowerState
2020-12-08 01:58:17,658 [pool-177-thread-1] INFO  util.JmxRegister (JmxRegister.java:tryRegister(44)) - Successfully registered JMX Bean with object name Ratis:service=RaftServer,group=group-2A5E937CD381,id=c512f228-7a92-4ae7-b739-1627a2a73a2a
2020-12-08 01:58:17,658 [pool-177-thread-1] INFO  metrics.RatisMetrics (RatisMetrics.java:lambda$create$0(36)) - Creating Metrics Registry : ratis.state_machine.c512f228-7a92-4ae7-b739-1627a2a73a2a@group-2A5E937CD381
2020-12-08 01:58:17,660 [Command processor thread] INFO  metrics.RatisMetrics (RatisMetrics.java:lambda$create$0(36)) - Creating Metrics Registry : ratis.client_message_metrics.client-F96D1611E86E->4d7665c3-83ba-40ae-a15f-238c06fe965e
2020-12-08 01:58:17,666 [grpc-default-executor-0] INFO  metrics.RatisMetrics (RatisMetrics.java:lambda$create$0(36)) - Creating Metrics Registry : ratis.server_message_metrics.4d7665c3-83ba-40ae-a15f-238c06fe965e
2020-12-08 01:58:17,668 [grpc-default-executor-0] INFO  impl.RaftServerProxy (RaftServerProxy.java:addNew(93)) - 4d7665c3-83ba-40ae-a15f-238c06fe965e: addNew group-2A5E937CD381:[c512f228-7a92-4ae7-b739-1627a2a73a2a|rpc:172.17.0.2:38631|dataStream:, 4d7665c3-83ba-40ae-a15f-238c06fe965e|rpc:172.17.0.2:40243|dataStream:, 77c31ea0-0b12-4fcd-af92-232a93661e69|rpc:172.17.0.2:36781|dataStream:] returns group-2A5E937CD381:java.util.concurrent.CompletableFuture@526dc72[Not completed]
2020-12-08 01:58:17,669 [pool-209-thread-1] INFO  impl.RaftServerImpl (RaftServerImpl.java:<init>(121)) - 4d7665c3-83ba-40ae-a15f-238c06fe965e: new RaftServerImpl for group-2A5E937CD381:[c512f228-7a92-4ae7-b739-1627a2a73a2a|rpc:172.17.0.2:38631|dataStream:, 4d7665c3-83ba-40ae-a15f-238c06fe965e|rpc:172.17.0.2:40243|dataStream:, 77c31ea0-0b12-4fcd-af92-232a93661e69|rpc:172.17.0.2:36781|dataStream:] with ContainerStateMachine:uninitialized
2020-12-08 01:58:17,670 [pool-209-thread-1] INFO  server.RaftServerConfigKeys (ConfUtils.java:logGet(44)) - raft.server.rpc.timeout.min = 5s (custom)
2020-12-08 01:58:17,670 [pool-209-thread-1] INFO  server.RaftServerConfigKeys (ConfUtils.java:logGet(44)) - raft.server.rpc.timeout.max = 5200ms (custom)
2020-12-08 01:58:17,670 [pool-209-thread-1] INFO  server.RaftServerConfigKeys (ConfUtils.java:logGet(44)) - raft.server.rpc.slowness.timeout = 300s (custom)
2020-12-08 01:58:17,670 [pool-209-thread-1] INFO  server.RaftServerConfigKeys (ConfUtils.java:logGet(44)) - raft.server.leaderelection.leader.step-down.wait-time = 10s (default)
2020-12-08 01:58:17,670 [pool-209-thread-1] INFO  server.RaftServerConfigKeys (ConfUtils.java:logGet(44)) - raft.server.sleep.deviation.threshold = 300 (default)
2020-12-08 01:58:17,670 [pool-209-thread-1] INFO  server.RaftServerConfigKeys (ConfUtils.java:logGet(44)) - raft.server.log.appender.install.snapshot.enabled = false (custom)
2020-12-08 01:58:17,670 [pool-209-thread-1] INFO  impl.RaftServerImpl (ServerState.java:<init>(104)) - 4d7665c3-83ba-40ae-a15f-238c06fe965e@group-2A5E937CD381: ConfigurationManager, init=-1: [c512f228-7a92-4ae7-b739-1627a2a73a2a|rpc:172.17.0.2:38631|dataStream:, 4d7665c3-83ba-40ae-a15f-238c06fe965e|rpc:172.17.0.2:40243|dataStream:, 77c31ea0-0b12-4fcd-af92-232a93661e69|rpc:172.17.0.2:36781|dataStream:], old=null, confs=<EMPTY_MAP>
2020-12-08 01:58:17,670 [pool-209-thread-1] INFO  server.RaftServerConfigKeys (ConfUtils.java:logGet(44)) - raft.server.storage.dir = [/github/workspace/mnt/ozone/hadoop-ozone/integration-test/target/test-dir/MiniOzoneClusterImpl-fe278d26-eb6d-413e-b3f8-43e11913de58/datanode-2/data/ratis] (custom)
2020-12-08 01:58:17,671 [pool-209-thread-1] INFO  server.RaftServerConfigKeys (ConfUtils.java:logGet(44)) - raft.server.log.corruption.policy = EXCEPTION (default)
2020-12-08 01:58:17,671 [pool-209-thread-1] INFO  storage.RaftStorageDirectory (RaftStorageDirectory.java:analyzeStorage(261)) - The storage directory /github/workspace/mnt/ozone/hadoop-ozone/integration-test/target/test-dir/MiniOzoneClusterImpl-fe278d26-eb6d-413e-b3f8-43e11913de58/datanode-2/data/ratis/c767db6c-927c-4df9-a0a1-2a5e937cd381 does not exist. Creating ...
2020-12-08 01:58:17,672 [pool-209-thread-1] INFO  storage.RaftStorageDirectory (RaftStorageDirectory.java:tryLock(343)) - Lock on /github/workspace/mnt/ozone/hadoop-ozone/integration-test/target/test-dir/MiniOzoneClusterImpl-fe278d26-eb6d-413e-b3f8-43e11913de58/datanode-2/data/ratis/c767db6c-927c-4df9-a0a1-2a5e937cd381/in_use.lock acquired by nodename 31973@11cef1ca5a88
2020-12-08 01:58:17,673 [pool-209-thread-1] INFO  storage.RaftStorage (RaftStorage.java:format(85)) - Storage directory /github/workspace/mnt/ozone/hadoop-ozone/integration-test/target/test-dir/MiniOzoneClusterImpl-fe278d26-eb6d-413e-b3f8-43e11913de58/datanode-2/data/ratis/c767db6c-927c-4df9-a0a1-2a5e937cd381 has been successfully formatted.
2020-12-08 01:58:17,674 [pool-209-thread-1] INFO  ratis.ContainerStateMachine (ContainerStateMachine.java:loadSnapshot(225)) - group-2A5E937CD381: The snapshot info is null. Setting the last applied indexto:(t:0, i:~)
2020-12-08 01:58:17,674 [pool-209-thread-1] INFO  server.RaftServerConfigKeys (ConfUtils.java:logGet(44)) - raft.server.notification.no-leader.timeout = 300s (custom)
2020-12-08 01:58:17,674 [pool-209-thread-1] INFO  server.RaftServerConfigKeys (ConfUtils.java:logGet(44)) - raft.server.log.use.memory = false (default)
2020-12-08 01:58:17,674 [pool-209-thread-1] INFO  server.RaftServerConfigKeys (ConfUtils.java:logGet(44)) - raft.server.log.purge.gap = 1000000 (custom)
2020-12-08 01:58:17,674 [pool-209-thread-1] INFO  metrics.RatisMetrics (RatisMetrics.java:lambda$create$0(36)) - Creating Metrics Registry : ratis.log_worker.4d7665c3-83ba-40ae-a15f-238c06fe965e@group-2A5E937CD381
2020-12-08 01:58:17,674 [EventQueue-PipelineReportForOneReplicaPipelineSafeModeRule] INFO  safemode.SCMSafeModeManager (SCMSafeModeManager.java:validateSafeModeExitRules(214)) - AtleastOneDatanodeReportedRule rule is successfully validated
2020-12-08 01:58:17,674 [pool-209-thread-1] INFO  server.RaftServerConfigKeys (ConfUtils.java:logGet(44)) - raft.server.log.appender.buffer.byte-limit = 33554432 (custom)
2020-12-08 01:58:17,674 [pool-209-thread-1] INFO  server.RaftServerConfigKeys (ConfUtils.java:logGet(44)) - raft.server.log.segment.size.max = 1048576 (custom)
2020-12-08 01:58:17,675 [pool-209-thread-1] INFO  server.RaftServerConfigKeys (ConfUtils.java:logGet(44)) - raft.server.log.segment.cache.num.max = 2 (custom)
2020-12-08 01:58:17,675 [pool-209-thread-1] INFO  segmented.SegmentedRaftLogWorker (SegmentedRaftLogWorker.java:<init>(180)) - new 4d7665c3-83ba-40ae-a15f-238c06fe965e@group-2A5E937CD381-SegmentedRaftLogWorker for RaftStorage:Storage Directory /github/workspace/mnt/ozone/hadoop-ozone/integration-test/target/test-dir/MiniOzoneClusterImpl-fe278d26-eb6d-413e-b3f8-43e11913de58/datanode-2/data/ratis/c767db6c-927c-4df9-a0a1-2a5e937cd381
2020-12-08 01:58:17,675 [pool-209-thread-1] INFO  server.RaftServerConfigKeys (ConfUtils.java:logGet(44)) - raft.server.log.queue.byte-limit = 2147483647 (custom)
2020-12-08 01:58:17,676 [pool-209-thread-1] INFO  server.RaftServerConfigKeys (ConfUtils.java:logGet(44)) - raft.server.log.queue.element-limit = 1024 (custom)
2020-12-08 01:58:17,676 [pool-209-thread-1] INFO  server.RaftServerConfigKeys (ConfUtils.java:logGet(44)) - raft.server.log.segment.size.max = 1048576 (custom)
2020-12-08 01:58:17,676 [pool-209-thread-1] INFO  server.RaftServerConfigKeys (ConfUtils.java:logGet(44)) - raft.server.log.preallocated.size = 16384 (custom)
2020-12-08 01:58:17,676 [pool-209-thread-1] INFO  server.RaftServerConfigKeys (ConfUtils.java:logGet(44)) - raft.server.log.write.buffer.size = 1048576 (custom)
2020-12-08 01:58:17,676 [pool-209-thread-1] INFO  server.RaftServerConfigKeys (ConfUtils.java:logGet(44)) - raft.server.log.force.sync.num = 128 (default)
2020-12-08 01:58:17,676 [pool-209-thread-1] INFO  server.RaftServerConfigKeys (ConfUtils.java:logGet(44)) - raft.server.log.statemachine.data.sync = true (default)
2020-12-08 01:58:17,676 [pool-209-thread-1] INFO  server.RaftServerConfigKeys (ConfUtils.java:logGet(44)) - raft.server.log.statemachine.data.sync.timeout = 10s (default)
2020-12-08 01:58:17,676 [pool-209-thread-1] INFO  server.RaftServerConfigKeys (ConfUtils.java:logGet(44)) - raft.server.log.statemachine.data.sync.timeout.retry = -1 (default)
2020-12-08 01:58:17,679 [pool-209-thread-1] INFO  server.RaftServerConfigKeys (ConfUtils.java:logGet(44)) - raft.server.log.statemachine.data.caching.enabled = true (custom)
2020-12-08 01:58:17,679 [pool-209-thread-1] INFO  segmented.SegmentedRaftLogWorker (SegmentedRaftLogWorker.java:lambda$new$0(129)) - 4d7665c3-83ba-40ae-a15f-238c06fe965e@group-2A5E937CD381-SegmentedRaftLogWorker: flushIndex: setUnconditionally 0 -> -1
2020-12-08 01:58:17,679 [pool-209-thread-1] INFO  segmented.SegmentedRaftLogWorker (SegmentedRaftLogWorker.java:lambda$new$0(129)) - 4d7665c3-83ba-40ae-a15f-238c06fe965e@group-2A5E937CD381-SegmentedRaftLogWorker: safeCacheEvictIndex: setUnconditionally 0 -> -1
2020-12-08 01:58:17,679 [pool-209-thread-1] INFO  server.RaftServerConfigKeys (ConfUtils.java:logGet(44)) - raft.server.snapshot.auto.trigger.enabled = true (custom)
2020-12-08 01:58:17,679 [pool-209-thread-1] INFO  server.RaftServerConfigKeys (ConfUtils.java:logGet(44)) - raft.server.snapshot.auto.trigger.threshold = 10000 (custom)
2020-12-08 01:58:17,679 [pool-209-thread-1] INFO  server.RaftServerConfigKeys (ConfUtils.java:logGet(44)) - raft.server.snapshot.retention.file.num = 5 (custom)
2020-12-08 01:58:17,679 [pool-209-thread-1] INFO  server.RaftServerConfigKeys (ConfUtils.java:logGet(44)) - raft.server.log.purge.upto.snapshot.index = false (default)
2020-12-08 01:58:17,679 [pool-209-thread-1] INFO  server.RaftServerConfigKeys (ConfUtils.java:logGet(44)) - raft.server.retrycache.expirytime = 600000ms (custom)
2020-12-08 01:58:17,679 [pool-209-thread-1] INFO  metrics.RatisMetrics (RatisMetrics.java:lambda$create$0(36)) - Creating Metrics Registry : ratis.leader_election.4d7665c3-83ba-40ae-a15f-238c06fe965e@group-2A5E937CD381
2020-12-08 01:58:17,680 [pool-209-thread-1] INFO  metrics.RatisMetrics (RatisMetrics.java:lambda$create$0(36)) - Creating Metrics Registry : ratis.server.4d7665c3-83ba-40ae-a15f-238c06fe965e@group-2A5E937CD381
2020-12-08 01:58:17,681 [pool-209-thread-1] INFO  impl.RaftServerImpl (RaftServerImpl.java:start(215)) - 4d7665c3-83ba-40ae-a15f-238c06fe965e@group-2A5E937CD381: start as a follower, conf=-1: [c512f228-7a92-4ae7-b739-1627a2a73a2a|rpc:172.17.0.2:38631|dataStream:, 4d7665c3-83ba-40ae-a15f-238c06fe965e|rpc:172.17.0.2:40243|dataStream:, 77c31ea0-0b12-4fcd-af92-232a93661e69|rpc:172.17.0.2:36781|dataStream:], old=null
2020-12-08 01:58:17,681 [pool-209-thread-1] INFO  impl.RaftServerImpl (RaftServerImpl.java:setRole(204)) - 4d7665c3-83ba-40ae-a15f-238c06fe965e@group-2A5E937CD381: changes role from      null to FOLLOWER at term 0 for startAsFollower
2020-12-08 01:58:17,681 [pool-209-thread-1] INFO  impl.RoleInfo (RoleInfo.java:updateAndGet(143)) - 4d7665c3-83ba-40ae-a15f-238c06fe965e: start 4d7665c3-83ba-40ae-a15f-238c06fe965e@group-2A5E937CD381-FollowerState
2020-12-08 01:58:17,682 [pool-209-thread-1] INFO  util.JmxRegister (JmxRegister.java:tryRegister(44)) - Successfully registered JMX Bean with object name Ratis:service=RaftServer,group=group-2A5E937CD381,id=4d7665c3-83ba-40ae-a15f-238c06fe965e
2020-12-08 01:58:17,682 [pool-209-thread-1] INFO  metrics.RatisMetrics (RatisMetrics.java:lambda$create$0(36)) - Creating Metrics Registry : ratis.state_machine.4d7665c3-83ba-40ae-a15f-238c06fe965e@group-2A5E937CD381
2020-12-08 01:58:17,690 [Command processor thread] INFO  metrics.RatisMetrics (RatisMetrics.java:lambda$create$0(36)) - Creating Metrics Registry : ratis.client_message_metrics.client-E8EB73231391->77c31ea0-0b12-4fcd-af92-232a93661e69
2020-12-08 01:58:17,695 [grpc-default-executor-0] INFO  metrics.RatisMetrics (RatisMetrics.java:lambda$create$0(36)) - Creating Metrics Registry : ratis.server_message_metrics.77c31ea0-0b12-4fcd-af92-232a93661e69
2020-12-08 01:58:17,697 [grpc-default-executor-0] INFO  impl.RaftServerProxy (RaftServerProxy.java:addNew(93)) - 77c31ea0-0b12-4fcd-af92-232a93661e69: addNew group-2A5E937CD381:[c512f228-7a92-4ae7-b739-1627a2a73a2a|rpc:172.17.0.2:38631|dataStream:, 4d7665c3-83ba-40ae-a15f-238c06fe965e|rpc:172.17.0.2:40243|dataStream:, 77c31ea0-0b12-4fcd-af92-232a93661e69|rpc:172.17.0.2:36781|dataStream:] returns group-2A5E937CD381:java.util.concurrent.CompletableFuture@54764a12[Not completed]
2020-12-08 01:58:17,710 [pool-193-thread-1] INFO  impl.RaftServerImpl (RaftServerImpl.java:<init>(121)) - 77c31ea0-0b12-4fcd-af92-232a93661e69: new RaftServerImpl for group-2A5E937CD381:[c512f228-7a92-4ae7-b739-1627a2a73a2a|rpc:172.17.0.2:38631|dataStream:, 4d7665c3-83ba-40ae-a15f-238c06fe965e|rpc:172.17.0.2:40243|dataStream:, 77c31ea0-0b12-4fcd-af92-232a93661e69|rpc:172.17.0.2:36781|dataStream:] with ContainerStateMachine:uninitialized
2020-12-08 01:58:17,710 [pool-193-thread-1] INFO  server.RaftServerConfigKeys (ConfUtils.java:logGet(44)) - raft.server.rpc.timeout.min = 5s (custom)
2020-12-08 01:58:17,710 [pool-193-thread-1] INFO  server.RaftServerConfigKeys (ConfUtils.java:logGet(44)) - raft.server.rpc.timeout.max = 5200ms (custom)
2020-12-08 01:58:17,710 [pool-193-thread-1] INFO  server.RaftServerConfigKeys (ConfUtils.java:logGet(44)) - raft.server.rpc.slowness.timeout = 300s (custom)
2020-12-08 01:58:17,710 [pool-193-thread-1] INFO  server.RaftServerConfigKeys (ConfUtils.java:logGet(44)) - raft.server.leaderelection.leader.step-down.wait-time = 10s (default)
2020-12-08 01:58:17,710 [pool-193-thread-1] INFO  server.RaftServerConfigKeys (ConfUtils.java:logGet(44)) - raft.server.sleep.deviation.threshold = 300 (default)
2020-12-08 01:58:17,711 [pool-193-thread-1] INFO  server.RaftServerConfigKeys (ConfUtils.java:logGet(44)) - raft.server.log.appender.install.snapshot.enabled = false (custom)
2020-12-08 01:58:17,711 [pool-193-thread-1] INFO  impl.RaftServerImpl (ServerState.java:<init>(104)) - 77c31ea0-0b12-4fcd-af92-232a93661e69@group-2A5E937CD381: ConfigurationManager, init=-1: [c512f228-7a92-4ae7-b739-1627a2a73a2a|rpc:172.17.0.2:38631|dataStream:, 4d7665c3-83ba-40ae-a15f-238c06fe965e|rpc:172.17.0.2:40243|dataStream:, 77c31ea0-0b12-4fcd-af92-232a93661e69|rpc:172.17.0.2:36781|dataStream:], old=null, confs=<EMPTY_MAP>
2020-12-08 01:58:17,711 [pool-193-thread-1] INFO  server.RaftServerConfigKeys (ConfUtils.java:logGet(44)) - raft.server.storage.dir = [/github/workspace/mnt/ozone/hadoop-ozone/integration-test/target/test-dir/MiniOzoneClusterImpl-fe278d26-eb6d-413e-b3f8-43e11913de58/datanode-1/data/ratis] (custom)
2020-12-08 01:58:17,711 [pool-193-thread-1] INFO  server.RaftServerConfigKeys (ConfUtils.java:logGet(44)) - raft.server.log.corruption.policy = EXCEPTION (default)
2020-12-08 01:58:17,711 [pool-193-thread-1] INFO  storage.RaftStorageDirectory (RaftStorageDirectory.java:analyzeStorage(261)) - The storage directory /github/workspace/mnt/ozone/hadoop-ozone/integration-test/target/test-dir/MiniOzoneClusterImpl-fe278d26-eb6d-413e-b3f8-43e11913de58/datanode-1/data/ratis/c767db6c-927c-4df9-a0a1-2a5e937cd381 does not exist. Creating ...
2020-12-08 01:58:17,713 [pool-193-thread-1] INFO  storage.RaftStorageDirectory (RaftStorageDirectory.java:tryLock(343)) - Lock on /github/workspace/mnt/ozone/hadoop-ozone/integration-test/target/test-dir/MiniOzoneClusterImpl-fe278d26-eb6d-413e-b3f8-43e11913de58/datanode-1/data/ratis/c767db6c-927c-4df9-a0a1-2a5e937cd381/in_use.lock acquired by nodename 31973@11cef1ca5a88
2020-12-08 01:58:17,714 [pool-193-thread-1] INFO  storage.RaftStorage (RaftStorage.java:format(85)) - Storage directory /github/workspace/mnt/ozone/hadoop-ozone/integration-test/target/test-dir/MiniOzoneClusterImpl-fe278d26-eb6d-413e-b3f8-43e11913de58/datanode-1/data/ratis/c767db6c-927c-4df9-a0a1-2a5e937cd381 has been successfully formatted.
2020-12-08 01:58:17,715 [pool-193-thread-1] INFO  ratis.ContainerStateMachine (ContainerStateMachine.java:loadSnapshot(225)) - group-2A5E937CD381: The snapshot info is null. Setting the last applied indexto:(t:0, i:~)
2020-12-08 01:58:17,716 [pool-193-thread-1] INFO  server.RaftServerConfigKeys (ConfUtils.java:logGet(44)) - raft.server.notification.no-leader.timeout = 300s (custom)
2020-12-08 01:58:17,716 [pool-193-thread-1] INFO  server.RaftServerConfigKeys (ConfUtils.java:logGet(44)) - raft.server.log.use.memory = false (default)
2020-12-08 01:58:17,716 [pool-193-thread-1] INFO  server.RaftServerConfigKeys (ConfUtils.java:logGet(44)) - raft.server.log.purge.gap = 1000000 (custom)
2020-12-08 01:58:17,717 [EventQueue-PipelineReportForOneReplicaPipelineSafeModeRule] INFO  safemode.SCMSafeModeManager (SCMSafeModeManager.java:validateSafeModeExitRules(214)) - AtleastOneDatanodeReportedRule rule is successfully validated
2020-12-08 01:58:17,718 [pool-193-thread-1] INFO  metrics.RatisMetrics (RatisMetrics.java:lambda$create$0(36)) - Creating Metrics Registry : ratis.log_worker.77c31ea0-0b12-4fcd-af92-232a93661e69@group-2A5E937CD381
2020-12-08 01:58:17,718 [pool-193-thread-1] INFO  server.RaftServerConfigKeys (ConfUtils.java:logGet(44)) - raft.server.log.appender.buffer.byte-limit = 33554432 (custom)
2020-12-08 01:58:17,718 [pool-193-thread-1] INFO  server.RaftServerConfigKeys (ConfUtils.java:logGet(44)) - raft.server.log.segment.size.max = 1048576 (custom)
2020-12-08 01:58:17,719 [pool-193-thread-1] INFO  server.RaftServerConfigKeys (ConfUtils.java:logGet(44)) - raft.server.log.segment.cache.num.max = 2 (custom)
2020-12-08 01:58:17,721 [pool-193-thread-1] INFO  segmented.SegmentedRaftLogWorker (SegmentedRaftLogWorker.java:<init>(180)) - new 77c31ea0-0b12-4fcd-af92-232a93661e69@group-2A5E937CD381-SegmentedRaftLogWorker for RaftStorage:Storage Directory /github/workspace/mnt/ozone/hadoop-ozone/integration-test/target/test-dir/MiniOzoneClusterImpl-fe278d26-eb6d-413e-b3f8-43e11913de58/datanode-1/data/ratis/c767db6c-927c-4df9-a0a1-2a5e937cd381
2020-12-08 01:58:17,721 [pool-193-thread-1] INFO  server.RaftServerConfigKeys (ConfUtils.java:logGet(44)) - raft.server.log.queue.byte-limit = 2147483647 (custom)
2020-12-08 01:58:17,721 [pool-193-thread-1] INFO  server.RaftServerConfigKeys (ConfUtils.java:logGet(44)) - raft.server.log.queue.element-limit = 1024 (custom)
2020-12-08 01:58:17,721 [pool-193-thread-1] INFO  server.RaftServerConfigKeys (ConfUtils.java:logGet(44)) - raft.server.log.segment.size.max = 1048576 (custom)
2020-12-08 01:58:17,721 [pool-193-thread-1] INFO  server.RaftServerConfigKeys (ConfUtils.java:logGet(44)) - raft.server.log.preallocated.size = 16384 (custom)
2020-12-08 01:58:17,721 [pool-193-thread-1] INFO  server.RaftServerConfigKeys (ConfUtils.java:logGet(44)) - raft.server.log.write.buffer.size = 1048576 (custom)
2020-12-08 01:58:17,721 [pool-193-thread-1] INFO  server.RaftServerConfigKeys (ConfUtils.java:logGet(44)) - raft.server.log.force.sync.num = 128 (default)
2020-12-08 01:58:17,721 [pool-193-thread-1] INFO  server.RaftServerConfigKeys (ConfUtils.java:logGet(44)) - raft.server.log.statemachine.data.sync = true (default)
2020-12-08 01:58:17,722 [pool-193-thread-1] INFO  server.RaftServerConfigKeys (ConfUtils.java:logGet(44)) - raft.server.log.statemachine.data.sync.timeout = 10s (default)
2020-12-08 01:58:17,722 [pool-193-thread-1] INFO  server.RaftServerConfigKeys (ConfUtils.java:logGet(44)) - raft.server.log.statemachine.data.sync.timeout.retry = -1 (default)
2020-12-08 01:58:17,724 [pool-193-thread-1] INFO  server.RaftServerConfigKeys (ConfUtils.java:logGet(44)) - raft.server.log.statemachine.data.caching.enabled = true (custom)
2020-12-08 01:58:17,724 [pool-193-thread-1] INFO  segmented.SegmentedRaftLogWorker (SegmentedRaftLogWorker.java:lambda$new$0(129)) - 77c31ea0-0b12-4fcd-af92-232a93661e69@group-2A5E937CD381-SegmentedRaftLogWorker: flushIndex: setUnconditionally 0 -> -1
2020-12-08 01:58:17,724 [pool-193-thread-1] INFO  segmented.SegmentedRaftLogWorker (SegmentedRaftLogWorker.java:lambda$new$0(129)) - 77c31ea0-0b12-4fcd-af92-232a93661e69@group-2A5E937CD381-SegmentedRaftLogWorker: safeCacheEvictIndex: setUnconditionally 0 -> -1
2020-12-08 01:58:17,725 [pool-193-thread-1] INFO  server.RaftServerConfigKeys (ConfUtils.java:logGet(44)) - raft.server.snapshot.auto.trigger.enabled = true (custom)
2020-12-08 01:58:17,725 [pool-193-thread-1] INFO  server.RaftServerConfigKeys (ConfUtils.java:logGet(44)) - raft.server.snapshot.auto.trigger.threshold = 10000 (custom)
2020-12-08 01:58:17,725 [pool-193-thread-1] INFO  server.RaftServerConfigKeys (ConfUtils.java:logGet(44)) - raft.server.snapshot.retention.file.num = 5 (custom)
2020-12-08 01:58:17,725 [pool-193-thread-1] INFO  server.RaftServerConfigKeys (ConfUtils.java:logGet(44)) - raft.server.log.purge.upto.snapshot.index = false (default)
2020-12-08 01:58:17,725 [pool-193-thread-1] INFO  server.RaftServerConfigKeys (ConfUtils.java:logGet(44)) - raft.server.retrycache.expirytime = 600000ms (custom)
2020-12-08 01:58:17,725 [pool-193-thread-1] INFO  metrics.RatisMetrics (RatisMetrics.java:lambda$create$0(36)) - Creating Metrics Registry : ratis.leader_election.77c31ea0-0b12-4fcd-af92-232a93661e69@group-2A5E937CD381
2020-12-08 01:58:17,726 [pool-193-thread-1] INFO  metrics.RatisMetrics (RatisMetrics.java:lambda$create$0(36)) - Creating Metrics Registry : ratis.server.77c31ea0-0b12-4fcd-af92-232a93661e69@group-2A5E937CD381
2020-12-08 01:58:17,727 [pool-193-thread-1] INFO  impl.RaftServerImpl (RaftServerImpl.java:start(215)) - 77c31ea0-0b12-4fcd-af92-232a93661e69@group-2A5E937CD381: start as a follower, conf=-1: [c512f228-7a92-4ae7-b739-1627a2a73a2a|rpc:172.17.0.2:38631|dataStream:, 4d7665c3-83ba-40ae-a15f-238c06fe965e|rpc:172.17.0.2:40243|dataStream:, 77c31ea0-0b12-4fcd-af92-232a93661e69|rpc:172.17.0.2:36781|dataStream:], old=null
2020-12-08 01:58:17,727 [pool-193-thread-1] INFO  impl.RaftServerImpl (RaftServerImpl.java:setRole(204)) - 77c31ea0-0b12-4fcd-af92-232a93661e69@group-2A5E937CD381: changes role from      null to FOLLOWER at term 0 for startAsFollower
2020-12-08 01:58:17,727 [pool-193-thread-1] INFO  impl.RoleInfo (RoleInfo.java:updateAndGet(143)) - 77c31ea0-0b12-4fcd-af92-232a93661e69: start 77c31ea0-0b12-4fcd-af92-232a93661e69@group-2A5E937CD381-FollowerState
2020-12-08 01:58:17,740 [pool-193-thread-1] INFO  util.JmxRegister (JmxRegister.java:tryRegister(44)) - Successfully registered JMX Bean with object name Ratis:service=RaftServer,group=group-2A5E937CD381,id=77c31ea0-0b12-4fcd-af92-232a93661e69
2020-12-08 01:58:17,740 [pool-193-thread-1] INFO  metrics.RatisMetrics (RatisMetrics.java:lambda$create$0(36)) - Creating Metrics Registry : ratis.state_machine.77c31ea0-0b12-4fcd-af92-232a93661e69@group-2A5E937CD381
2020-12-08 01:58:17,751 [Command processor thread] INFO  commandhandler.CreatePipelineCommandHandler (CreatePipelineCommandHandler.java:handle(106)) - Created Pipeline RATIS THREE PipelineID=c767db6c-927c-4df9-a0a1-2a5e937cd381.
2020-12-08 01:58:17,821 [Command processor thread] INFO  impl.RaftServerProxy (RaftServerProxy.java:addNew(93)) - 77c31ea0-0b12-4fcd-af92-232a93661e69: addNew group-63A25DF52E68:[77c31ea0-0b12-4fcd-af92-232a93661e69|rpc:172.17.0.2:36781] returns group-63A25DF52E68:java.util.concurrent.CompletableFuture@59bb7734[Not completed]
2020-12-08 01:58:17,822 [pool-193-thread-1] INFO  impl.RaftServerImpl (RaftServerImpl.java:<init>(121)) - 77c31ea0-0b12-4fcd-af92-232a93661e69: new RaftServerImpl for group-63A25DF52E68:[77c31ea0-0b12-4fcd-af92-232a93661e69|rpc:172.17.0.2:36781] with ContainerStateMachine:uninitialized
2020-12-08 01:58:17,822 [pool-193-thread-1] INFO  server.RaftServerConfigKeys (ConfUtils.java:logGet(44)) - raft.server.rpc.timeout.min = 5s (custom)
2020-12-08 01:58:17,822 [pool-193-thread-1] INFO  server.RaftServerConfigKeys (ConfUtils.java:logGet(44)) - raft.server.rpc.timeout.max = 5200ms (custom)
2020-12-08 01:58:17,822 [pool-193-thread-1] INFO  server.RaftServerConfigKeys (ConfUtils.java:logGet(44)) - raft.server.rpc.slowness.timeout = 300s (custom)
2020-12-08 01:58:17,822 [pool-193-thread-1] INFO  server.RaftServerConfigKeys (ConfUtils.java:logGet(44)) - raft.server.leaderelection.leader.step-down.wait-time = 10s (default)
2020-12-08 01:58:17,822 [pool-193-thread-1] INFO  server.RaftServerConfigKeys (ConfUtils.java:logGet(44)) - raft.server.sleep.deviation.threshold = 300 (default)
2020-12-08 01:58:17,822 [pool-193-thread-1] INFO  server.RaftServerConfigKeys (ConfUtils.java:logGet(44)) - raft.server.log.appender.install.snapshot.enabled = false (custom)
2020-12-08 01:58:17,823 [pool-193-thread-1] INFO  impl.RaftServerImpl (ServerState.java:<init>(104)) - 77c31ea0-0b12-4fcd-af92-232a93661e69@group-63A25DF52E68: ConfigurationManager, init=-1: [77c31ea0-0b12-4fcd-af92-232a93661e69|rpc:172.17.0.2:36781], old=null, confs=<EMPTY_MAP>
2020-12-08 01:58:17,823 [pool-193-thread-1] INFO  server.RaftServerConfigKeys (ConfUtils.java:logGet(44)) - raft.server.storage.dir = [/github/workspace/mnt/ozone/hadoop-ozone/integration-test/target/test-dir/MiniOzoneClusterImpl-fe278d26-eb6d-413e-b3f8-43e11913de58/datanode-1/data/ratis] (custom)
2020-12-08 01:58:17,823 [pool-193-thread-1] INFO  server.RaftServerConfigKeys (ConfUtils.java:logGet(44)) - raft.server.log.corruption.policy = EXCEPTION (default)
2020-12-08 01:58:17,823 [pool-193-thread-1] INFO  storage.RaftStorageDirectory (RaftStorageDirectory.java:analyzeStorage(261)) - The storage directory /github/workspace/mnt/ozone/hadoop-ozone/integration-test/target/test-dir/MiniOzoneClusterImpl-fe278d26-eb6d-413e-b3f8-43e11913de58/datanode-1/data/ratis/a1e0072c-227c-4153-b6a4-63a25df52e68 does not exist. Creating ...
2020-12-08 01:58:17,824 [pool-193-thread-1] INFO  storage.RaftStorageDirectory (RaftStorageDirectory.java:tryLock(343)) - Lock on /github/workspace/mnt/ozone/hadoop-ozone/integration-test/target/test-dir/MiniOzoneClusterImpl-fe278d26-eb6d-413e-b3f8-43e11913de58/datanode-1/data/ratis/a1e0072c-227c-4153-b6a4-63a25df52e68/in_use.lock acquired by nodename 31973@11cef1ca5a88
2020-12-08 01:58:17,825 [pool-193-thread-1] INFO  storage.RaftStorage (RaftStorage.java:format(85)) - Storage directory /github/workspace/mnt/ozone/hadoop-ozone/integration-test/target/test-dir/MiniOzoneClusterImpl-fe278d26-eb6d-413e-b3f8-43e11913de58/datanode-1/data/ratis/a1e0072c-227c-4153-b6a4-63a25df52e68 has been successfully formatted.
2020-12-08 01:58:17,826 [pool-193-thread-1] INFO  ratis.ContainerStateMachine (ContainerStateMachine.java:loadSnapshot(225)) - group-63A25DF52E68: The snapshot info is null. Setting the last applied indexto:(t:0, i:~)
2020-12-08 01:58:17,826 [pool-193-thread-1] INFO  server.RaftServerConfigKeys (ConfUtils.java:logGet(44)) - raft.server.notification.no-leader.timeout = 300s (custom)
2020-12-08 01:58:17,826 [pool-193-thread-1] INFO  server.RaftServerConfigKeys (ConfUtils.java:logGet(44)) - raft.server.log.use.memory = false (default)
2020-12-08 01:58:17,826 [pool-193-thread-1] INFO  server.RaftServerConfigKeys (ConfUtils.java:logGet(44)) - raft.server.log.purge.gap = 1000000 (custom)
2020-12-08 01:58:17,826 [pool-193-thread-1] INFO  metrics.RatisMetrics (RatisMetrics.java:lambda$create$0(36)) - Creating Metrics Registry : ratis.log_worker.77c31ea0-0b12-4fcd-af92-232a93661e69@group-63A25DF52E68
2020-12-08 01:58:17,826 [pool-193-thread-1] INFO  server.RaftServerConfigKeys (ConfUtils.java:logGet(44)) - raft.server.log.appender.buffer.byte-limit = 33554432 (custom)
2020-12-08 01:58:17,827 [pool-193-thread-1] INFO  server.RaftServerConfigKeys (ConfUtils.java:logGet(44)) - raft.server.log.segment.size.max = 1048576 (custom)
2020-12-08 01:58:17,827 [EventQueue-PipelineReportForOneReplicaPipelineSafeModeRule] INFO  safemode.SCMSafeModeManager (SCMSafeModeManager.java:validateSafeModeExitRules(214)) - AtleastOneDatanodeReportedRule rule is successfully validated
2020-12-08 01:58:17,827 [EventQueue-PipelineReportForPipelineReportHandler] INFO  pipeline.PipelineStateManager (PipelineStateManager.java:openPipeline(132)) - Pipeline Pipeline[ Id: a1e0072c-227c-4153-b6a4-63a25df52e68, Nodes: 77c31ea0-0b12-4fcd-af92-232a93661e69{ip: 172.17.0.2, host: 11cef1ca5a88, networkLocation: /default-rack, certSerialId: null, persistedOpState: IN_SERVICE, persistedOpStateExpiryEpochSec: 0}, Type:RATIS, Factor:ONE, State:ALLOCATED, leaderId:77c31ea0-0b12-4fcd-af92-232a93661e69, CreationTimestamp2020-12-08T01:58:14.823Z] moved to OPEN state
2020-12-08 01:58:17,828 [EventQueue-OpenPipelineForHealthyPipelineSafeModeRule] INFO  safemode.SCMSafeModeManager (HealthyPipelineSafeModeRule.java:process(128)) - SCM in safe mode. Healthy pipelines reported count is 0, required healthy pipeline reported count is 1
2020-12-08 01:58:17,828 [pool-193-thread-1] INFO  server.RaftServerConfigKeys (ConfUtils.java:logGet(44)) - raft.server.log.segment.cache.num.max = 2 (custom)
2020-12-08 01:58:17,829 [pool-193-thread-1] INFO  segmented.SegmentedRaftLogWorker (SegmentedRaftLogWorker.java:<init>(180)) - new 77c31ea0-0b12-4fcd-af92-232a93661e69@group-63A25DF52E68-SegmentedRaftLogWorker for RaftStorage:Storage Directory /github/workspace/mnt/ozone/hadoop-ozone/integration-test/target/test-dir/MiniOzoneClusterImpl-fe278d26-eb6d-413e-b3f8-43e11913de58/datanode-1/data/ratis/a1e0072c-227c-4153-b6a4-63a25df52e68
2020-12-08 01:58:17,829 [pool-193-thread-1] INFO  server.RaftServerConfigKeys (ConfUtils.java:logGet(44)) - raft.server.log.queue.byte-limit = 2147483647 (custom)
2020-12-08 01:58:17,829 [pool-193-thread-1] INFO  server.RaftServerConfigKeys (ConfUtils.java:logGet(44)) - raft.server.log.queue.element-limit = 1024 (custom)
2020-12-08 01:58:17,829 [pool-193-thread-1] INFO  server.RaftServerConfigKeys (ConfUtils.java:logGet(44)) - raft.server.log.segment.size.max = 1048576 (custom)
2020-12-08 01:58:17,829 [pool-193-thread-1] INFO  server.RaftServerConfigKeys (ConfUtils.java:logGet(44)) - raft.server.log.preallocated.size = 16384 (custom)
2020-12-08 01:58:17,830 [pool-193-thread-1] INFO  server.RaftServerConfigKeys (ConfUtils.java:logGet(44)) - raft.server.log.write.buffer.size = 1048576 (custom)
2020-12-08 01:58:17,830 [pool-193-thread-1] INFO  server.RaftServerConfigKeys (ConfUtils.java:logGet(44)) - raft.server.log.force.sync.num = 128 (default)
2020-12-08 01:58:17,830 [pool-193-thread-1] INFO  server.RaftServerConfigKeys (ConfUtils.java:logGet(44)) - raft.server.log.statemachine.data.sync = true (default)
2020-12-08 01:58:17,830 [pool-193-thread-1] INFO  server.RaftServerConfigKeys (ConfUtils.java:logGet(44)) - raft.server.log.statemachine.data.sync.timeout = 10s (default)
2020-12-08 01:58:17,830 [pool-193-thread-1] INFO  server.RaftServerConfigKeys (ConfUtils.java:logGet(44)) - raft.server.log.statemachine.data.sync.timeout.retry = -1 (default)
2020-12-08 01:58:17,833 [pool-193-thread-1] INFO  server.RaftServerConfigKeys (ConfUtils.java:logGet(44)) - raft.server.log.statemachine.data.caching.enabled = true (custom)
2020-12-08 01:58:17,835 [pool-193-thread-1] INFO  segmented.SegmentedRaftLogWorker (SegmentedRaftLogWorker.java:lambda$new$0(129)) - 77c31ea0-0b12-4fcd-af92-232a93661e69@group-63A25DF52E68-SegmentedRaftLogWorker: flushIndex: setUnconditionally 0 -> -1
2020-12-08 01:58:17,835 [pool-193-thread-1] INFO  segmented.SegmentedRaftLogWorker (SegmentedRaftLogWorker.java:lambda$new$0(129)) - 77c31ea0-0b12-4fcd-af92-232a93661e69@group-63A25DF52E68-SegmentedRaftLogWorker: safeCacheEvictIndex: setUnconditionally 0 -> -1
2020-12-08 01:58:17,837 [pool-193-thread-1] INFO  server.RaftServerConfigKeys (ConfUtils.java:logGet(44)) - raft.server.snapshot.auto.trigger.enabled = true (custom)
2020-12-08 01:58:17,838 [pool-193-thread-1] INFO  server.RaftServerConfigKeys (ConfUtils.java:logGet(44)) - raft.server.snapshot.auto.trigger.threshold = 10000 (custom)
2020-12-08 01:58:17,838 [pool-193-thread-1] INFO  server.RaftServerConfigKeys (ConfUtils.java:logGet(44)) - raft.server.snapshot.retention.file.num = 5 (custom)
2020-12-08 01:58:17,838 [pool-193-thread-1] INFO  server.RaftServerConfigKeys (ConfUtils.java:logGet(44)) - raft.server.log.purge.upto.snapshot.index = false (default)
2020-12-08 01:58:17,838 [pool-193-thread-1] INFO  server.RaftServerConfigKeys (ConfUtils.java:logGet(44)) - raft.server.retrycache.expirytime = 600000ms (custom)
2020-12-08 01:58:17,838 [pool-193-thread-1] INFO  metrics.RatisMetrics (RatisMetrics.java:lambda$create$0(36)) - Creating Metrics Registry : ratis.leader_election.77c31ea0-0b12-4fcd-af92-232a93661e69@group-63A25DF52E68
2020-12-08 01:58:17,841 [pool-193-thread-1] INFO  metrics.RatisMetrics (RatisMetrics.java:lambda$create$0(36)) - Creating Metrics Registry : ratis.server.77c31ea0-0b12-4fcd-af92-232a93661e69@group-63A25DF52E68
2020-12-08 01:58:17,843 [pool-193-thread-1] INFO  impl.RaftServerImpl (RaftServerImpl.java:start(215)) - 77c31ea0-0b12-4fcd-af92-232a93661e69@group-63A25DF52E68: start as a follower, conf=-1: [77c31ea0-0b12-4fcd-af92-232a93661e69|rpc:172.17.0.2:36781], old=null
2020-12-08 01:58:17,843 [pool-193-thread-1] INFO  impl.RaftServerImpl (RaftServerImpl.java:setRole(204)) - 77c31ea0-0b12-4fcd-af92-232a93661e69@group-63A25DF52E68: changes role from      null to FOLLOWER at term 0 for startAsFollower
2020-12-08 01:58:17,843 [pool-193-thread-1] INFO  impl.RoleInfo (RoleInfo.java:updateAndGet(143)) - 77c31ea0-0b12-4fcd-af92-232a93661e69: start 77c31ea0-0b12-4fcd-af92-232a93661e69@group-63A25DF52E68-FollowerState
2020-12-08 01:58:17,843 [pool-193-thread-1] INFO  util.JmxRegister (JmxRegister.java:tryRegister(44)) - Successfully registered JMX Bean with object name Ratis:service=RaftServer,group=group-63A25DF52E68,id=77c31ea0-0b12-4fcd-af92-232a93661e69
2020-12-08 01:58:17,844 [pool-193-thread-1] INFO  metrics.RatisMetrics (RatisMetrics.java:lambda$create$0(36)) - Creating Metrics Registry : ratis.state_machine.77c31ea0-0b12-4fcd-af92-232a93661e69@group-63A25DF52E68
2020-12-08 01:58:17,845 [Command processor thread] INFO  commandhandler.CreatePipelineCommandHandler (CreatePipelineCommandHandler.java:handle(106)) - Created Pipeline RATIS ONE PipelineID=a1e0072c-227c-4153-b6a4-63a25df52e68.
2020-12-08 01:58:17,951 [Listener at 127.0.0.1/34557] INFO  ozone.MiniOzoneClusterImpl (MiniOzoneClusterImpl.java:lambda$waitForClusterToBeReady$0(178)) - Nodes are ready. Got 7 of 7 DN Heartbeats.
2020-12-08 01:58:17,951 [Listener at 127.0.0.1/34557] INFO  ozone.MiniOzoneClusterImpl (MiniOzoneClusterImpl.java:lambda$waitForClusterToBeReady$0(181)) - Waiting for cluster to exit safe mode
2020-12-08 01:58:18,065 [Command processor thread] INFO  impl.RaftServerProxy (RaftServerProxy.java:addNew(93)) - 4d7665c3-83ba-40ae-a15f-238c06fe965e: addNew group-39D0696F1AB4:[4d7665c3-83ba-40ae-a15f-238c06fe965e|rpc:172.17.0.2:40243] returns group-39D0696F1AB4:java.util.concurrent.CompletableFuture@18e5e21d[Not completed]
2020-12-08 01:58:18,066 [pool-209-thread-1] INFO  impl.RaftServerImpl (RaftServerImpl.java:<init>(121)) - 4d7665c3-83ba-40ae-a15f-238c06fe965e: new RaftServerImpl for group-39D0696F1AB4:[4d7665c3-83ba-40ae-a15f-238c06fe965e|rpc:172.17.0.2:40243] with ContainerStateMachine:uninitialized
2020-12-08 01:58:18,066 [pool-209-thread-1] INFO  server.RaftServerConfigKeys (ConfUtils.java:logGet(44)) - raft.server.rpc.timeout.min = 5s (custom)
2020-12-08 01:58:18,066 [pool-209-thread-1] INFO  server.RaftServerConfigKeys (ConfUtils.java:logGet(44)) - raft.server.rpc.timeout.max = 5200ms (custom)
2020-12-08 01:58:18,066 [pool-209-thread-1] INFO  server.RaftServerConfigKeys (ConfUtils.java:logGet(44)) - raft.server.rpc.slowness.timeout = 300s (custom)
2020-12-08 01:58:18,066 [pool-209-thread-1] INFO  server.RaftServerConfigKeys (ConfUtils.java:logGet(44)) - raft.server.leaderelection.leader.step-down.wait-time = 10s (default)
2020-12-08 01:58:18,066 [pool-209-thread-1] INFO  server.RaftServerConfigKeys (ConfUtils.java:logGet(44)) - raft.server.sleep.deviation.threshold = 300 (default)
2020-12-08 01:58:18,066 [pool-209-thread-1] INFO  server.RaftServerConfigKeys (ConfUtils.java:logGet(44)) - raft.server.log.appender.install.snapshot.enabled = false (custom)
2020-12-08 01:58:18,066 [pool-209-thread-1] INFO  impl.RaftServerImpl (ServerState.java:<init>(104)) - 4d7665c3-83ba-40ae-a15f-238c06fe965e@group-39D0696F1AB4: ConfigurationManager, init=-1: [4d7665c3-83ba-40ae-a15f-238c06fe965e|rpc:172.17.0.2:40243], old=null, confs=<EMPTY_MAP>
2020-12-08 01:58:18,066 [pool-209-thread-1] INFO  server.RaftServerConfigKeys (ConfUtils.java:logGet(44)) - raft.server.storage.dir = [/github/workspace/mnt/ozone/hadoop-ozone/integration-test/target/test-dir/MiniOzoneClusterImpl-fe278d26-eb6d-413e-b3f8-43e11913de58/datanode-2/data/ratis] (custom)
2020-12-08 01:58:18,067 [pool-209-thread-1] INFO  server.RaftServerConfigKeys (ConfUtils.java:logGet(44)) - raft.server.log.corruption.policy = EXCEPTION (default)
2020-12-08 01:58:18,067 [pool-209-thread-1] INFO  storage.RaftStorageDirectory (RaftStorageDirectory.java:analyzeStorage(261)) - The storage directory /github/workspace/mnt/ozone/hadoop-ozone/integration-test/target/test-dir/MiniOzoneClusterImpl-fe278d26-eb6d-413e-b3f8-43e11913de58/datanode-2/data/ratis/b441bde7-6302-410b-b649-39d0696f1ab4 does not exist. Creating ...
2020-12-08 01:58:18,068 [pool-209-thread-1] INFO  storage.RaftStorageDirectory (RaftStorageDirectory.java:tryLock(343)) - Lock on /github/workspace/mnt/ozone/hadoop-ozone/integration-test/target/test-dir/MiniOzoneClusterImpl-fe278d26-eb6d-413e-b3f8-43e11913de58/datanode-2/data/ratis/b441bde7-6302-410b-b649-39d0696f1ab4/in_use.lock acquired by nodename 31973@11cef1ca5a88
2020-12-08 01:58:18,069 [pool-209-thread-1] INFO  storage.RaftStorage (RaftStorage.java:format(85)) - Storage directory /github/workspace/mnt/ozone/hadoop-ozone/integration-test/target/test-dir/MiniOzoneClusterImpl-fe278d26-eb6d-413e-b3f8-43e11913de58/datanode-2/data/ratis/b441bde7-6302-410b-b649-39d0696f1ab4 has been successfully formatted.
2020-12-08 01:58:18,070 [pool-209-thread-1] INFO  ratis.ContainerStateMachine (ContainerStateMachine.java:loadSnapshot(225)) - group-39D0696F1AB4: The snapshot info is null. Setting the last applied indexto:(t:0, i:~)
2020-12-08 01:58:18,070 [pool-209-thread-1] INFO  server.RaftServerConfigKeys (ConfUtils.java:logGet(44)) - raft.server.notification.no-leader.timeout = 300s (custom)
2020-12-08 01:58:18,071 [pool-209-thread-1] INFO  server.RaftServerConfigKeys (ConfUtils.java:logGet(44)) - raft.server.log.use.memory = false (default)
2020-12-08 01:58:18,071 [pool-209-thread-1] INFO  server.RaftServerConfigKeys (ConfUtils.java:logGet(44)) - raft.server.log.purge.gap = 1000000 (custom)
2020-12-08 01:58:18,071 [pool-209-thread-1] INFO  metrics.RatisMetrics (RatisMetrics.java:lambda$create$0(36)) - Creating Metrics Registry : ratis.log_worker.4d7665c3-83ba-40ae-a15f-238c06fe965e@group-39D0696F1AB4
2020-12-08 01:58:18,071 [EventQueue-PipelineReportForPipelineReportHandler] INFO  pipeline.PipelineStateManager (PipelineStateManager.java:openPipeline(132)) - Pipeline Pipeline[ Id: b441bde7-6302-410b-b649-39d0696f1ab4, Nodes: 4d7665c3-83ba-40ae-a15f-238c06fe965e{ip: 172.17.0.2, host: 11cef1ca5a88, networkLocation: /default-rack, certSerialId: null, persistedOpState: IN_SERVICE, persistedOpStateExpiryEpochSec: 0}, Type:RATIS, Factor:ONE, State:ALLOCATED, leaderId:4d7665c3-83ba-40ae-a15f-238c06fe965e, CreationTimestamp2020-12-08T01:58:15.067Z] moved to OPEN state
2020-12-08 01:58:18,071 [pool-209-thread-1] INFO  server.RaftServerConfigKeys (ConfUtils.java:logGet(44)) - raft.server.log.appender.buffer.byte-limit = 33554432 (custom)
2020-12-08 01:58:18,071 [pool-209-thread-1] INFO  server.RaftServerConfigKeys (ConfUtils.java:logGet(44)) - raft.server.log.segment.size.max = 1048576 (custom)
2020-12-08 01:58:18,071 [EventQueue-OpenPipelineForHealthyPipelineSafeModeRule] INFO  safemode.SCMSafeModeManager (HealthyPipelineSafeModeRule.java:process(128)) - SCM in safe mode. Healthy pipelines reported count is 0, required healthy pipeline reported count is 1
2020-12-08 01:58:18,071 [EventQueue-PipelineReportForOneReplicaPipelineSafeModeRule] INFO  safemode.SCMSafeModeManager (SCMSafeModeManager.java:validateSafeModeExitRules(214)) - AtleastOneDatanodeReportedRule rule is successfully validated
2020-12-08 01:58:18,073 [pool-209-thread-1] INFO  server.RaftServerConfigKeys (ConfUtils.java:logGet(44)) - raft.server.log.segment.cache.num.max = 2 (custom)
2020-12-08 01:58:18,073 [pool-209-thread-1] INFO  segmented.SegmentedRaftLogWorker (SegmentedRaftLogWorker.java:<init>(180)) - new 4d7665c3-83ba-40ae-a15f-238c06fe965e@group-39D0696F1AB4-SegmentedRaftLogWorker for RaftStorage:Storage Directory /github/workspace/mnt/ozone/hadoop-ozone/integration-test/target/test-dir/MiniOzoneClusterImpl-fe278d26-eb6d-413e-b3f8-43e11913de58/datanode-2/data/ratis/b441bde7-6302-410b-b649-39d0696f1ab4
2020-12-08 01:58:18,073 [pool-209-thread-1] INFO  server.RaftServerConfigKeys (ConfUtils.java:logGet(44)) - raft.server.log.queue.byte-limit = 2147483647 (custom)
2020-12-08 01:58:18,073 [pool-209-thread-1] INFO  server.RaftServerConfigKeys (ConfUtils.java:logGet(44)) - raft.server.log.queue.element-limit = 1024 (custom)
2020-12-08 01:58:18,073 [pool-209-thread-1] INFO  server.RaftServerConfigKeys (ConfUtils.java:logGet(44)) - raft.server.log.segment.size.max = 1048576 (custom)
2020-12-08 01:58:18,074 [pool-209-thread-1] INFO  server.RaftServerConfigKeys (ConfUtils.java:logGet(44)) - raft.server.log.preallocated.size = 16384 (custom)
2020-12-08 01:58:18,074 [pool-209-thread-1] INFO  server.RaftServerConfigKeys (ConfUtils.java:logGet(44)) - raft.server.log.write.buffer.size = 1048576 (custom)
2020-12-08 01:58:18,074 [pool-209-thread-1] INFO  server.RaftServerConfigKeys (ConfUtils.java:logGet(44)) - raft.server.log.force.sync.num = 128 (default)
2020-12-08 01:58:18,074 [pool-209-thread-1] INFO  server.RaftServerConfigKeys (ConfUtils.java:logGet(44)) - raft.server.log.statemachine.data.sync = true (default)
2020-12-08 01:58:18,074 [pool-209-thread-1] INFO  server.RaftServerConfigKeys (ConfUtils.java:logGet(44)) - raft.server.log.statemachine.data.sync.timeout = 10s (default)
2020-12-08 01:58:18,074 [pool-209-thread-1] INFO  server.RaftServerConfigKeys (ConfUtils.java:logGet(44)) - raft.server.log.statemachine.data.sync.timeout.retry = -1 (default)
2020-12-08 01:58:18,076 [pool-209-thread-1] INFO  server.RaftServerConfigKeys (ConfUtils.java:logGet(44)) - raft.server.log.statemachine.data.caching.enabled = true (custom)
2020-12-08 01:58:18,076 [pool-209-thread-1] INFO  segmented.SegmentedRaftLogWorker (SegmentedRaftLogWorker.java:lambda$new$0(129)) - 4d7665c3-83ba-40ae-a15f-238c06fe965e@group-39D0696F1AB4-SegmentedRaftLogWorker: flushIndex: setUnconditionally 0 -> -1
2020-12-08 01:58:18,077 [pool-209-thread-1] INFO  segmented.SegmentedRaftLogWorker (SegmentedRaftLogWorker.java:lambda$new$0(129)) - 4d7665c3-83ba-40ae-a15f-238c06fe965e@group-39D0696F1AB4-SegmentedRaftLogWorker: safeCacheEvictIndex: setUnconditionally 0 -> -1
2020-12-08 01:58:18,079 [pool-209-thread-1] INFO  server.RaftServerConfigKeys (ConfUtils.java:logGet(44)) - raft.server.snapshot.auto.trigger.enabled = true (custom)
2020-12-08 01:58:18,081 [pool-209-thread-1] INFO  server.RaftServerConfigKeys (ConfUtils.java:logGet(44)) - raft.server.snapshot.auto.trigger.threshold = 10000 (custom)
2020-12-08 01:58:18,081 [pool-209-thread-1] INFO  server.RaftServerConfigKeys (ConfUtils.java:logGet(44)) - raft.server.snapshot.retention.file.num = 5 (custom)
2020-12-08 01:58:18,081 [pool-209-thread-1] INFO  server.RaftServerConfigKeys (ConfUtils.java:logGet(44)) - raft.server.log.purge.upto.snapshot.index = false (default)
2020-12-08 01:58:18,081 [pool-209-thread-1] INFO  server.RaftServerConfigKeys (ConfUtils.java:logGet(44)) - raft.server.retrycache.expirytime = 600000ms (custom)
2020-12-08 01:58:18,081 [pool-209-thread-1] INFO  metrics.RatisMetrics (RatisMetrics.java:lambda$create$0(36)) - Creating Metrics Registry : ratis.leader_election.4d7665c3-83ba-40ae-a15f-238c06fe965e@group-39D0696F1AB4
2020-12-08 01:58:18,082 [pool-209-thread-1] INFO  metrics.RatisMetrics (RatisMetrics.java:lambda$create$0(36)) - Creating Metrics Registry : ratis.server.4d7665c3-83ba-40ae-a15f-238c06fe965e@group-39D0696F1AB4
2020-12-08 01:58:18,083 [pool-209-thread-1] INFO  impl.RaftServerImpl (RaftServerImpl.java:start(215)) - 4d7665c3-83ba-40ae-a15f-238c06fe965e@group-39D0696F1AB4: start as a follower, conf=-1: [4d7665c3-83ba-40ae-a15f-238c06fe965e|rpc:172.17.0.2:40243], old=null
2020-12-08 01:58:18,083 [pool-209-thread-1] INFO  impl.RaftServerImpl (RaftServerImpl.java:setRole(204)) - 4d7665c3-83ba-40ae-a15f-238c06fe965e@group-39D0696F1AB4: changes role from      null to FOLLOWER at term 0 for startAsFollower
2020-12-08 01:58:18,083 [pool-209-thread-1] INFO  impl.RoleInfo (RoleInfo.java:updateAndGet(143)) - 4d7665c3-83ba-40ae-a15f-238c06fe965e: start 4d7665c3-83ba-40ae-a15f-238c06fe965e@group-39D0696F1AB4-FollowerState
2020-12-08 01:58:18,089 [pool-209-thread-1] INFO  util.JmxRegister (JmxRegister.java:tryRegister(44)) - Successfully registered JMX Bean with object name Ratis:service=RaftServer,group=group-39D0696F1AB4,id=4d7665c3-83ba-40ae-a15f-238c06fe965e
2020-12-08 01:58:18,089 [pool-209-thread-1] INFO  metrics.RatisMetrics (RatisMetrics.java:lambda$create$0(36)) - Creating Metrics Registry : ratis.state_machine.4d7665c3-83ba-40ae-a15f-238c06fe965e@group-39D0696F1AB4
2020-12-08 01:58:18,093 [Command processor thread] INFO  commandhandler.CreatePipelineCommandHandler (CreatePipelineCommandHandler.java:handle(106)) - Created Pipeline RATIS ONE PipelineID=b441bde7-6302-410b-b649-39d0696f1ab4.
2020-12-08 01:58:18,295 [Command processor thread] INFO  impl.RaftServerProxy (RaftServerProxy.java:addNew(93)) - f6ee95b5-7ee2-4946-b0be-20c7e4036df8: addNew group-EDED6259983C:[f6ee95b5-7ee2-4946-b0be-20c7e4036df8|rpc:172.17.0.2:40029] returns group-EDED6259983C:java.util.concurrent.CompletableFuture@19e5fe82[Not completed]
2020-12-08 01:58:18,296 [pool-225-thread-1] INFO  impl.RaftServerImpl (RaftServerImpl.java:<init>(121)) - f6ee95b5-7ee2-4946-b0be-20c7e4036df8: new RaftServerImpl for group-EDED6259983C:[f6ee95b5-7ee2-4946-b0be-20c7e4036df8|rpc:172.17.0.2:40029] with ContainerStateMachine:uninitialized
2020-12-08 01:58:18,297 [pool-225-thread-1] INFO  server.RaftServerConfigKeys (ConfUtils.java:logGet(44)) - raft.server.rpc.timeout.min = 5s (custom)
2020-12-08 01:58:18,297 [pool-225-thread-1] INFO  server.RaftServerConfigKeys (ConfUtils.java:logGet(44)) - raft.server.rpc.timeout.max = 5200ms (custom)
2020-12-08 01:58:18,297 [pool-225-thread-1] INFO  server.RaftServerConfigKeys (ConfUtils.java:logGet(44)) - raft.server.rpc.slowness.timeout = 300s (custom)
2020-12-08 01:58:18,297 [pool-225-thread-1] INFO  server.RaftServerConfigKeys (ConfUtils.java:logGet(44)) - raft.server.leaderelection.leader.step-down.wait-time = 10s (default)
2020-12-08 01:58:18,297 [pool-225-thread-1] INFO  server.RaftServerConfigKeys (ConfUtils.java:logGet(44)) - raft.server.sleep.deviation.threshold = 300 (default)
2020-12-08 01:58:18,297 [pool-225-thread-1] INFO  server.RaftServerConfigKeys (ConfUtils.java:logGet(44)) - raft.server.log.appender.install.snapshot.enabled = false (custom)
2020-12-08 01:58:18,297 [pool-225-thread-1] INFO  impl.RaftServerImpl (ServerState.java:<init>(104)) - f6ee95b5-7ee2-4946-b0be-20c7e4036df8@group-EDED6259983C: ConfigurationManager, init=-1: [f6ee95b5-7ee2-4946-b0be-20c7e4036df8|rpc:172.17.0.2:40029], old=null, confs=<EMPTY_MAP>
2020-12-08 01:58:18,298 [pool-225-thread-1] INFO  server.RaftServerConfigKeys (ConfUtils.java:logGet(44)) - raft.server.storage.dir = [/github/workspace/mnt/ozone/hadoop-ozone/integration-test/target/test-dir/MiniOzoneClusterImpl-fe278d26-eb6d-413e-b3f8-43e11913de58/datanode-3/data/ratis] (custom)
2020-12-08 01:58:18,298 [pool-225-thread-1] INFO  server.RaftServerConfigKeys (ConfUtils.java:logGet(44)) - raft.server.log.corruption.policy = EXCEPTION (default)
2020-12-08 01:58:18,298 [pool-225-thread-1] INFO  storage.RaftStorageDirectory (RaftStorageDirectory.java:analyzeStorage(261)) - The storage directory /github/workspace/mnt/ozone/hadoop-ozone/integration-test/target/test-dir/MiniOzoneClusterImpl-fe278d26-eb6d-413e-b3f8-43e11913de58/datanode-3/data/ratis/9c7c0a21-e39a-4ed3-93d8-eded6259983c does not exist. Creating ...
2020-12-08 01:58:18,299 [pool-225-thread-1] INFO  storage.RaftStorageDirectory (RaftStorageDirectory.java:tryLock(343)) - Lock on /github/workspace/mnt/ozone/hadoop-ozone/integration-test/target/test-dir/MiniOzoneClusterImpl-fe278d26-eb6d-413e-b3f8-43e11913de58/datanode-3/data/ratis/9c7c0a21-e39a-4ed3-93d8-eded6259983c/in_use.lock acquired by nodename 31973@11cef1ca5a88
2020-12-08 01:58:18,300 [pool-225-thread-1] INFO  storage.RaftStorage (RaftStorage.java:format(85)) - Storage directory /github/workspace/mnt/ozone/hadoop-ozone/integration-test/target/test-dir/MiniOzoneClusterImpl-fe278d26-eb6d-413e-b3f8-43e11913de58/datanode-3/data/ratis/9c7c0a21-e39a-4ed3-93d8-eded6259983c has been successfully formatted.
2020-12-08 01:58:18,301 [pool-225-thread-1] INFO  ratis.ContainerStateMachine (ContainerStateMachine.java:loadSnapshot(225)) - group-EDED6259983C: The snapshot info is null. Setting the last applied indexto:(t:0, i:~)
2020-12-08 01:58:18,301 [pool-225-thread-1] INFO  server.RaftServerConfigKeys (ConfUtils.java:logGet(44)) - raft.server.notification.no-leader.timeout = 300s (custom)
2020-12-08 01:58:18,302 [pool-225-thread-1] INFO  server.RaftServerConfigKeys (ConfUtils.java:logGet(44)) - raft.server.log.use.memory = false (default)
2020-12-08 01:58:18,302 [pool-225-thread-1] INFO  server.RaftServerConfigKeys (ConfUtils.java:logGet(44)) - raft.server.log.purge.gap = 1000000 (custom)
2020-12-08 01:58:18,302 [pool-225-thread-1] INFO  metrics.RatisMetrics (RatisMetrics.java:lambda$create$0(36)) - Creating Metrics Registry : ratis.log_worker.f6ee95b5-7ee2-4946-b0be-20c7e4036df8@group-EDED6259983C
2020-12-08 01:58:18,302 [EventQueue-PipelineReportForOneReplicaPipelineSafeModeRule] INFO  safemode.SCMSafeModeManager (SCMSafeModeManager.java:validateSafeModeExitRules(214)) - AtleastOneDatanodeReportedRule rule is successfully validated
2020-12-08 01:58:18,302 [pool-225-thread-1] INFO  server.RaftServerConfigKeys (ConfUtils.java:logGet(44)) - raft.server.log.appender.buffer.byte-limit = 33554432 (custom)
2020-12-08 01:58:18,302 [pool-225-thread-1] INFO  server.RaftServerConfigKeys (ConfUtils.java:logGet(44)) - raft.server.log.segment.size.max = 1048576 (custom)
2020-12-08 01:58:18,302 [EventQueue-PipelineReportForPipelineReportHandler] INFO  pipeline.PipelineStateManager (PipelineStateManager.java:openPipeline(132)) - Pipeline Pipeline[ Id: 9c7c0a21-e39a-4ed3-93d8-eded6259983c, Nodes: f6ee95b5-7ee2-4946-b0be-20c7e4036df8{ip: 172.17.0.2, host: 11cef1ca5a88, networkLocation: /default-rack, certSerialId: null, persistedOpState: IN_SERVICE, persistedOpStateExpiryEpochSec: 0}, Type:RATIS, Factor:ONE, State:ALLOCATED, leaderId:f6ee95b5-7ee2-4946-b0be-20c7e4036df8, CreationTimestamp2020-12-08T01:58:15.295Z] moved to OPEN state
2020-12-08 01:58:18,303 [EventQueue-OpenPipelineForHealthyPipelineSafeModeRule] INFO  safemode.SCMSafeModeManager (HealthyPipelineSafeModeRule.java:process(128)) - SCM in safe mode. Healthy pipelines reported count is 0, required healthy pipeline reported count is 1
2020-12-08 01:58:18,303 [pool-225-thread-1] INFO  server.RaftServerConfigKeys (ConfUtils.java:logGet(44)) - raft.server.log.segment.cache.num.max = 2 (custom)
2020-12-08 01:58:18,304 [pool-225-thread-1] INFO  segmented.SegmentedRaftLogWorker (SegmentedRaftLogWorker.java:<init>(180)) - new f6ee95b5-7ee2-4946-b0be-20c7e4036df8@group-EDED6259983C-SegmentedRaftLogWorker for RaftStorage:Storage Directory /github/workspace/mnt/ozone/hadoop-ozone/integration-test/target/test-dir/MiniOzoneClusterImpl-fe278d26-eb6d-413e-b3f8-43e11913de58/datanode-3/data/ratis/9c7c0a21-e39a-4ed3-93d8-eded6259983c
2020-12-08 01:58:18,304 [pool-225-thread-1] INFO  server.RaftServerConfigKeys (ConfUtils.java:logGet(44)) - raft.server.log.queue.byte-limit = 2147483647 (custom)
2020-12-08 01:58:18,304 [pool-225-thread-1] INFO  server.RaftServerConfigKeys (ConfUtils.java:logGet(44)) - raft.server.log.queue.element-limit = 1024 (custom)
2020-12-08 01:58:18,304 [pool-225-thread-1] INFO  server.RaftServerConfigKeys (ConfUtils.java:logGet(44)) - raft.server.log.segment.size.max = 1048576 (custom)
2020-12-08 01:58:18,304 [pool-225-thread-1] INFO  server.RaftServerConfigKeys (ConfUtils.java:logGet(44)) - raft.server.log.preallocated.size = 16384 (custom)
2020-12-08 01:58:18,304 [pool-225-thread-1] INFO  server.RaftServerConfigKeys (ConfUtils.java:logGet(44)) - raft.server.log.write.buffer.size = 1048576 (custom)
2020-12-08 01:58:18,304 [pool-225-thread-1] INFO  server.RaftServerConfigKeys (ConfUtils.java:logGet(44)) - raft.server.log.force.sync.num = 128 (default)
2020-12-08 01:58:18,304 [pool-225-thread-1] INFO  server.RaftServerConfigKeys (ConfUtils.java:logGet(44)) - raft.server.log.statemachine.data.sync = true (default)
2020-12-08 01:58:18,304 [pool-225-thread-1] INFO  server.RaftServerConfigKeys (ConfUtils.java:logGet(44)) - raft.server.log.statemachine.data.sync.timeout = 10s (default)
2020-12-08 01:58:18,304 [pool-225-thread-1] INFO  server.RaftServerConfigKeys (ConfUtils.java:logGet(44)) - raft.server.log.statemachine.data.sync.timeout.retry = -1 (default)
2020-12-08 01:58:18,307 [pool-225-thread-1] INFO  server.RaftServerConfigKeys (ConfUtils.java:logGet(44)) - raft.server.log.statemachine.data.caching.enabled = true (custom)
2020-12-08 01:58:18,307 [pool-225-thread-1] INFO  segmented.SegmentedRaftLogWorker (SegmentedRaftLogWorker.java:lambda$new$0(129)) - f6ee95b5-7ee2-4946-b0be-20c7e4036df8@group-EDED6259983C-SegmentedRaftLogWorker: flushIndex: setUnconditionally 0 -> -1
2020-12-08 01:58:18,307 [pool-225-thread-1] INFO  segmented.SegmentedRaftLogWorker (SegmentedRaftLogWorker.java:lambda$new$0(129)) - f6ee95b5-7ee2-4946-b0be-20c7e4036df8@group-EDED6259983C-SegmentedRaftLogWorker: safeCacheEvictIndex: setUnconditionally 0 -> -1
2020-12-08 01:58:18,307 [pool-225-thread-1] INFO  server.RaftServerConfigKeys (ConfUtils.java:logGet(44)) - raft.server.snapshot.auto.trigger.enabled = true (custom)
2020-12-08 01:58:18,307 [pool-225-thread-1] INFO  server.RaftServerConfigKeys (ConfUtils.java:logGet(44)) - raft.server.snapshot.auto.trigger.threshold = 10000 (custom)
2020-12-08 01:58:18,307 [pool-225-thread-1] INFO  server.RaftServerConfigKeys (ConfUtils.java:logGet(44)) - raft.server.snapshot.retention.file.num = 5 (custom)
2020-12-08 01:58:18,307 [pool-225-thread-1] INFO  server.RaftServerConfigKeys (ConfUtils.java:logGet(44)) - raft.server.log.purge.upto.snapshot.index = false (default)
2020-12-08 01:58:18,307 [pool-225-thread-1] INFO  server.RaftServerConfigKeys (ConfUtils.java:logGet(44)) - raft.server.retrycache.expirytime = 600000ms (custom)
2020-12-08 01:58:18,308 [pool-225-thread-1] INFO  metrics.RatisMetrics (RatisMetrics.java:lambda$create$0(36)) - Creating Metrics Registry : ratis.leader_election.f6ee95b5-7ee2-4946-b0be-20c7e4036df8@group-EDED6259983C
2020-12-08 01:58:18,308 [pool-225-thread-1] INFO  metrics.RatisMetrics (RatisMetrics.java:lambda$create$0(36)) - Creating Metrics Registry : ratis.server.f6ee95b5-7ee2-4946-b0be-20c7e4036df8@group-EDED6259983C
2020-12-08 01:58:18,309 [pool-225-thread-1] INFO  impl.RaftServerImpl (RaftServerImpl.java:start(215)) - f6ee95b5-7ee2-4946-b0be-20c7e4036df8@group-EDED6259983C: start as a follower, conf=-1: [f6ee95b5-7ee2-4946-b0be-20c7e4036df8|rpc:172.17.0.2:40029], old=null
2020-12-08 01:58:18,309 [pool-225-thread-1] INFO  impl.RaftServerImpl (RaftServerImpl.java:setRole(204)) - f6ee95b5-7ee2-4946-b0be-20c7e4036df8@group-EDED6259983C: changes role from      null to FOLLOWER at term 0 for startAsFollower
2020-12-08 01:58:18,310 [pool-225-thread-1] INFO  impl.RoleInfo (RoleInfo.java:updateAndGet(143)) - f6ee95b5-7ee2-4946-b0be-20c7e4036df8: start f6ee95b5-7ee2-4946-b0be-20c7e4036df8@group-EDED6259983C-FollowerState
2020-12-08 01:58:18,310 [pool-225-thread-1] INFO  util.JmxRegister (JmxRegister.java:tryRegister(44)) - Successfully registered JMX Bean with object name Ratis:service=RaftServer,group=group-EDED6259983C,id=f6ee95b5-7ee2-4946-b0be-20c7e4036df8
2020-12-08 01:58:18,310 [pool-225-thread-1] INFO  metrics.RatisMetrics (RatisMetrics.java:lambda$create$0(36)) - Creating Metrics Registry : ratis.state_machine.f6ee95b5-7ee2-4946-b0be-20c7e4036df8@group-EDED6259983C
2020-12-08 01:58:18,311 [Command processor thread] INFO  commandhandler.CreatePipelineCommandHandler (CreatePipelineCommandHandler.java:handle(106)) - Created Pipeline RATIS ONE PipelineID=9c7c0a21-e39a-4ed3-93d8-eded6259983c.
2020-12-08 01:58:18,311 [Command processor thread] INFO  impl.RaftServerProxy (RaftServerProxy.java:addNew(93)) - f6ee95b5-7ee2-4946-b0be-20c7e4036df8: addNew group-BF2FC515E206:[ab1d11b0-5e74-4d38-b665-6acb1b1e4e59|rpc:172.17.0.2:43893, f6ee95b5-7ee2-4946-b0be-20c7e4036df8|rpc:172.17.0.2:40029, 39945dd8-822d-49dd-8781-4af99b069674|rpc:172.17.0.2:35293] returns group-BF2FC515E206:java.util.concurrent.CompletableFuture@1dda7966[Not completed]
2020-12-08 01:58:18,312 [pool-225-thread-1] INFO  impl.RaftServerImpl (RaftServerImpl.java:<init>(121)) - f6ee95b5-7ee2-4946-b0be-20c7e4036df8: new RaftServerImpl for group-BF2FC515E206:[ab1d11b0-5e74-4d38-b665-6acb1b1e4e59|rpc:172.17.0.2:43893, f6ee95b5-7ee2-4946-b0be-20c7e4036df8|rpc:172.17.0.2:40029, 39945dd8-822d-49dd-8781-4af99b069674|rpc:172.17.0.2:35293] with ContainerStateMachine:uninitialized
2020-12-08 01:58:18,312 [pool-225-thread-1] INFO  server.RaftServerConfigKeys (ConfUtils.java:logGet(44)) - raft.server.rpc.timeout.min = 5s (custom)
2020-12-08 01:58:18,312 [pool-225-thread-1] INFO  server.RaftServerConfigKeys (ConfUtils.java:logGet(44)) - raft.server.rpc.timeout.max = 5200ms (custom)
2020-12-08 01:58:18,312 [pool-225-thread-1] INFO  server.RaftServerConfigKeys (ConfUtils.java:logGet(44)) - raft.server.rpc.slowness.timeout = 300s (custom)
2020-12-08 01:58:18,312 [pool-225-thread-1] INFO  server.RaftServerConfigKeys (ConfUtils.java:logGet(44)) - raft.server.leaderelection.leader.step-down.wait-time = 10s (default)
2020-12-08 01:58:18,312 [pool-225-thread-1] INFO  server.RaftServerConfigKeys (ConfUtils.java:logGet(44)) - raft.server.sleep.deviation.threshold = 300 (default)
2020-12-08 01:58:18,312 [pool-225-thread-1] INFO  server.RaftServerConfigKeys (ConfUtils.java:logGet(44)) - raft.server.log.appender.install.snapshot.enabled = false (custom)
2020-12-08 01:58:18,312 [pool-225-thread-1] INFO  impl.RaftServerImpl (ServerState.java:<init>(104)) - f6ee95b5-7ee2-4946-b0be-20c7e4036df8@group-BF2FC515E206: ConfigurationManager, init=-1: [ab1d11b0-5e74-4d38-b665-6acb1b1e4e59|rpc:172.17.0.2:43893, f6ee95b5-7ee2-4946-b0be-20c7e4036df8|rpc:172.17.0.2:40029, 39945dd8-822d-49dd-8781-4af99b069674|rpc:172.17.0.2:35293], old=null, confs=<EMPTY_MAP>
2020-12-08 01:58:18,312 [pool-225-thread-1] INFO  server.RaftServerConfigKeys (ConfUtils.java:logGet(44)) - raft.server.storage.dir = [/github/workspace/mnt/ozone/hadoop-ozone/integration-test/target/test-dir/MiniOzoneClusterImpl-fe278d26-eb6d-413e-b3f8-43e11913de58/datanode-3/data/ratis] (custom)
2020-12-08 01:58:18,313 [pool-225-thread-1] INFO  server.RaftServerConfigKeys (ConfUtils.java:logGet(44)) - raft.server.log.corruption.policy = EXCEPTION (default)
2020-12-08 01:58:18,313 [pool-225-thread-1] INFO  storage.RaftStorageDirectory (RaftStorageDirectory.java:analyzeStorage(261)) - The storage directory /github/workspace/mnt/ozone/hadoop-ozone/integration-test/target/test-dir/MiniOzoneClusterImpl-fe278d26-eb6d-413e-b3f8-43e11913de58/datanode-3/data/ratis/0cddbc73-56c6-4de8-8b06-bf2fc515e206 does not exist. Creating ...
2020-12-08 01:58:18,314 [pool-225-thread-1] INFO  storage.RaftStorageDirectory (RaftStorageDirectory.java:tryLock(343)) - Lock on /github/workspace/mnt/ozone/hadoop-ozone/integration-test/target/test-dir/MiniOzoneClusterImpl-fe278d26-eb6d-413e-b3f8-43e11913de58/datanode-3/data/ratis/0cddbc73-56c6-4de8-8b06-bf2fc515e206/in_use.lock acquired by nodename 31973@11cef1ca5a88
2020-12-08 01:58:18,315 [pool-225-thread-1] INFO  storage.RaftStorage (RaftStorage.java:format(85)) - Storage directory /github/workspace/mnt/ozone/hadoop-ozone/integration-test/target/test-dir/MiniOzoneClusterImpl-fe278d26-eb6d-413e-b3f8-43e11913de58/datanode-3/data/ratis/0cddbc73-56c6-4de8-8b06-bf2fc515e206 has been successfully formatted.
2020-12-08 01:58:18,315 [pool-225-thread-1] INFO  ratis.ContainerStateMachine (ContainerStateMachine.java:loadSnapshot(225)) - group-BF2FC515E206: The snapshot info is null. Setting the last applied indexto:(t:0, i:~)
2020-12-08 01:58:18,315 [pool-225-thread-1] INFO  server.RaftServerConfigKeys (ConfUtils.java:logGet(44)) - raft.server.notification.no-leader.timeout = 300s (custom)
2020-12-08 01:58:18,315 [pool-225-thread-1] INFO  server.RaftServerConfigKeys (ConfUtils.java:logGet(44)) - raft.server.log.use.memory = false (default)
2020-12-08 01:58:18,315 [pool-225-thread-1] INFO  server.RaftServerConfigKeys (ConfUtils.java:logGet(44)) - raft.server.log.purge.gap = 1000000 (custom)
2020-12-08 01:58:18,315 [pool-225-thread-1] INFO  metrics.RatisMetrics (RatisMetrics.java:lambda$create$0(36)) - Creating Metrics Registry : ratis.log_worker.f6ee95b5-7ee2-4946-b0be-20c7e4036df8@group-BF2FC515E206
2020-12-08 01:58:18,316 [pool-225-thread-1] INFO  server.RaftServerConfigKeys (ConfUtils.java:logGet(44)) - raft.server.log.appender.buffer.byte-limit = 33554432 (custom)
2020-12-08 01:58:18,316 [pool-225-thread-1] INFO  server.RaftServerConfigKeys (ConfUtils.java:logGet(44)) - raft.server.log.segment.size.max = 1048576 (custom)
2020-12-08 01:58:18,316 [pool-225-thread-1] INFO  server.RaftServerConfigKeys (ConfUtils.java:logGet(44)) - raft.server.log.segment.cache.num.max = 2 (custom)
2020-12-08 01:58:18,316 [pool-225-thread-1] INFO  segmented.SegmentedRaftLogWorker (SegmentedRaftLogWorker.java:<init>(180)) - new f6ee95b5-7ee2-4946-b0be-20c7e4036df8@group-BF2FC515E206-SegmentedRaftLogWorker for RaftStorage:Storage Directory /github/workspace/mnt/ozone/hadoop-ozone/integration-test/target/test-dir/MiniOzoneClusterImpl-fe278d26-eb6d-413e-b3f8-43e11913de58/datanode-3/data/ratis/0cddbc73-56c6-4de8-8b06-bf2fc515e206
2020-12-08 01:58:18,316 [pool-225-thread-1] INFO  server.RaftServerConfigKeys (ConfUtils.java:logGet(44)) - raft.server.log.queue.byte-limit = 2147483647 (custom)
2020-12-08 01:58:18,316 [pool-225-thread-1] INFO  server.RaftServerConfigKeys (ConfUtils.java:logGet(44)) - raft.server.log.queue.element-limit = 1024 (custom)
2020-12-08 01:58:18,317 [pool-225-thread-1] INFO  server.RaftServerConfigKeys (ConfUtils.java:logGet(44)) - raft.server.log.segment.size.max = 1048576 (custom)
2020-12-08 01:58:18,317 [pool-225-thread-1] INFO  server.RaftServerConfigKeys (ConfUtils.java:logGet(44)) - raft.server.log.preallocated.size = 16384 (custom)
2020-12-08 01:58:18,317 [pool-225-thread-1] INFO  server.RaftServerConfigKeys (ConfUtils.java:logGet(44)) - raft.server.log.write.buffer.size = 1048576 (custom)
2020-12-08 01:58:18,317 [pool-225-thread-1] INFO  server.RaftServerConfigKeys (ConfUtils.java:logGet(44)) - raft.server.log.force.sync.num = 128 (default)
2020-12-08 01:58:18,317 [pool-225-thread-1] INFO  server.RaftServerConfigKeys (ConfUtils.java:logGet(44)) - raft.server.log.statemachine.data.sync = true (default)
2020-12-08 01:58:18,317 [pool-225-thread-1] INFO  server.RaftServerConfigKeys (ConfUtils.java:logGet(44)) - raft.server.log.statemachine.data.sync.timeout = 10s (default)
2020-12-08 01:58:18,317 [pool-225-thread-1] INFO  server.RaftServerConfigKeys (ConfUtils.java:logGet(44)) - raft.server.log.statemachine.data.sync.timeout.retry = -1 (default)
2020-12-08 01:58:18,319 [pool-225-thread-1] INFO  server.RaftServerConfigKeys (ConfUtils.java:logGet(44)) - raft.server.log.statemachine.data.caching.enabled = true (custom)
2020-12-08 01:58:18,320 [pool-225-thread-1] INFO  segmented.SegmentedRaftLogWorker (SegmentedRaftLogWorker.java:lambda$new$0(129)) - f6ee95b5-7ee2-4946-b0be-20c7e4036df8@group-BF2FC515E206-SegmentedRaftLogWorker: flushIndex: setUnconditionally 0 -> -1
2020-12-08 01:58:18,320 [pool-225-thread-1] INFO  segmented.SegmentedRaftLogWorker (SegmentedRaftLogWorker.java:lambda$new$0(129)) - f6ee95b5-7ee2-4946-b0be-20c7e4036df8@group-BF2FC515E206-SegmentedRaftLogWorker: safeCacheEvictIndex: setUnconditionally 0 -> -1
2020-12-08 01:58:18,320 [EventQueue-OpenPipelineForHealthyPipelineSafeModeRule] INFO  safemode.SCMSafeModeManager (HealthyPipelineSafeModeRule.java:process(128)) - SCM in safe mode. Healthy pipelines reported count is 0, required healthy pipeline reported count is 1
2020-12-08 01:58:18,320 [pool-225-thread-1] INFO  server.RaftServerConfigKeys (ConfUtils.java:logGet(44)) - raft.server.snapshot.auto.trigger.enabled = true (custom)
2020-12-08 01:58:18,320 [pool-225-thread-1] INFO  server.RaftServerConfigKeys (ConfUtils.java:logGet(44)) - raft.server.snapshot.auto.trigger.threshold = 10000 (custom)
2020-12-08 01:58:18,320 [pool-225-thread-1] INFO  server.RaftServerConfigKeys (ConfUtils.java:logGet(44)) - raft.server.snapshot.retention.file.num = 5 (custom)
2020-12-08 01:58:18,320 [pool-225-thread-1] INFO  server.RaftServerConfigKeys (ConfUtils.java:logGet(44)) - raft.server.log.purge.upto.snapshot.index = false (default)
2020-12-08 01:58:18,319 [EventQueue-PipelineReportForOneReplicaPipelineSafeModeRule] INFO  safemode.SCMSafeModeManager (SCMSafeModeManager.java:validateSafeModeExitRules(214)) - AtleastOneDatanodeReportedRule rule is successfully validated
2020-12-08 01:58:18,320 [pool-225-thread-1] INFO  server.RaftServerConfigKeys (ConfUtils.java:logGet(44)) - raft.server.retrycache.expirytime = 600000ms (custom)
2020-12-08 01:58:18,321 [pool-225-thread-1] INFO  metrics.RatisMetrics (RatisMetrics.java:lambda$create$0(36)) - Creating Metrics Registry : ratis.leader_election.f6ee95b5-7ee2-4946-b0be-20c7e4036df8@group-BF2FC515E206
2020-12-08 01:58:18,321 [pool-225-thread-1] INFO  metrics.RatisMetrics (RatisMetrics.java:lambda$create$0(36)) - Creating Metrics Registry : ratis.server.f6ee95b5-7ee2-4946-b0be-20c7e4036df8@group-BF2FC515E206
2020-12-08 01:58:18,322 [pool-225-thread-1] INFO  impl.RaftServerImpl (RaftServerImpl.java:start(215)) - f6ee95b5-7ee2-4946-b0be-20c7e4036df8@group-BF2FC515E206: start as a follower, conf=-1: [ab1d11b0-5e74-4d38-b665-6acb1b1e4e59|rpc:172.17.0.2:43893, f6ee95b5-7ee2-4946-b0be-20c7e4036df8|rpc:172.17.0.2:40029, 39945dd8-822d-49dd-8781-4af99b069674|rpc:172.17.0.2:35293], old=null
2020-12-08 01:58:18,322 [pool-225-thread-1] INFO  impl.RaftServerImpl (RaftServerImpl.java:setRole(204)) - f6ee95b5-7ee2-4946-b0be-20c7e4036df8@group-BF2FC515E206: changes role from      null to FOLLOWER at term 0 for startAsFollower
2020-12-08 01:58:18,323 [pool-225-thread-1] INFO  impl.RoleInfo (RoleInfo.java:updateAndGet(143)) - f6ee95b5-7ee2-4946-b0be-20c7e4036df8: start f6ee95b5-7ee2-4946-b0be-20c7e4036df8@group-BF2FC515E206-FollowerState
2020-12-08 01:58:18,325 [pool-225-thread-1] INFO  util.JmxRegister (JmxRegister.java:tryRegister(44)) - Successfully registered JMX Bean with object name Ratis:service=RaftServer,group=group-BF2FC515E206,id=f6ee95b5-7ee2-4946-b0be-20c7e4036df8
2020-12-08 01:58:18,325 [pool-225-thread-1] INFO  metrics.RatisMetrics (RatisMetrics.java:lambda$create$0(36)) - Creating Metrics Registry : ratis.state_machine.f6ee95b5-7ee2-4946-b0be-20c7e4036df8@group-BF2FC515E206
2020-12-08 01:58:18,327 [Command processor thread] INFO  metrics.RatisMetrics (RatisMetrics.java:lambda$create$0(36)) - Creating Metrics Registry : ratis.client_message_metrics.client-E61D2DAAC066->39945dd8-822d-49dd-8781-4af99b069674
2020-12-08 01:58:18,337 [grpc-default-executor-0] INFO  metrics.RatisMetrics (RatisMetrics.java:lambda$create$0(36)) - Creating Metrics Registry : ratis.server_message_metrics.39945dd8-822d-49dd-8781-4af99b069674
2020-12-08 01:58:18,340 [grpc-default-executor-0] INFO  impl.RaftServerProxy (RaftServerProxy.java:addNew(93)) - 39945dd8-822d-49dd-8781-4af99b069674: addNew group-BF2FC515E206:[ab1d11b0-5e74-4d38-b665-6acb1b1e4e59|rpc:172.17.0.2:43893|dataStream:, f6ee95b5-7ee2-4946-b0be-20c7e4036df8|rpc:172.17.0.2:40029|dataStream:, 39945dd8-822d-49dd-8781-4af99b069674|rpc:172.17.0.2:35293|dataStream:] returns group-BF2FC515E206:java.util.concurrent.CompletableFuture@118dec4f[Not completed]
2020-12-08 01:58:18,345 [pool-241-thread-1] INFO  impl.RaftServerImpl (RaftServerImpl.java:<init>(121)) - 39945dd8-822d-49dd-8781-4af99b069674: new RaftServerImpl for group-BF2FC515E206:[ab1d11b0-5e74-4d38-b665-6acb1b1e4e59|rpc:172.17.0.2:43893|dataStream:, f6ee95b5-7ee2-4946-b0be-20c7e4036df8|rpc:172.17.0.2:40029|dataStream:, 39945dd8-822d-49dd-8781-4af99b069674|rpc:172.17.0.2:35293|dataStream:] with ContainerStateMachine:uninitialized
2020-12-08 01:58:18,347 [pool-241-thread-1] INFO  server.RaftServerConfigKeys (ConfUtils.java:logGet(44)) - raft.server.rpc.timeout.min = 5s (custom)
2020-12-08 01:58:18,348 [pool-241-thread-1] INFO  server.RaftServerConfigKeys (ConfUtils.java:logGet(44)) - raft.server.rpc.timeout.max = 5200ms (custom)
2020-12-08 01:58:18,348 [pool-241-thread-1] INFO  server.RaftServerConfigKeys (ConfUtils.java:logGet(44)) - raft.server.rpc.slowness.timeout = 300s (custom)
2020-12-08 01:58:18,348 [pool-241-thread-1] INFO  server.RaftServerConfigKeys (ConfUtils.java:logGet(44)) - raft.server.leaderelection.leader.step-down.wait-time = 10s (default)
2020-12-08 01:58:18,348 [pool-241-thread-1] INFO  server.RaftServerConfigKeys (ConfUtils.java:logGet(44)) - raft.server.sleep.deviation.threshold = 300 (default)
2020-12-08 01:58:18,348 [pool-241-thread-1] INFO  server.RaftServerConfigKeys (ConfUtils.java:logGet(44)) - raft.server.log.appender.install.snapshot.enabled = false (custom)
2020-12-08 01:58:18,348 [pool-241-thread-1] INFO  impl.RaftServerImpl (ServerState.java:<init>(104)) - 39945dd8-822d-49dd-8781-4af99b069674@group-BF2FC515E206: ConfigurationManager, init=-1: [ab1d11b0-5e74-4d38-b665-6acb1b1e4e59|rpc:172.17.0.2:43893|dataStream:, f6ee95b5-7ee2-4946-b0be-20c7e4036df8|rpc:172.17.0.2:40029|dataStream:, 39945dd8-822d-49dd-8781-4af99b069674|rpc:172.17.0.2:35293|dataStream:], old=null, confs=<EMPTY_MAP>
2020-12-08 01:58:18,348 [pool-241-thread-1] INFO  server.RaftServerConfigKeys (ConfUtils.java:logGet(44)) - raft.server.storage.dir = [/github/workspace/mnt/ozone/hadoop-ozone/integration-test/target/test-dir/MiniOzoneClusterImpl-fe278d26-eb6d-413e-b3f8-43e11913de58/datanode-4/data/ratis] (custom)
2020-12-08 01:58:18,349 [pool-241-thread-1] INFO  server.RaftServerConfigKeys (ConfUtils.java:logGet(44)) - raft.server.log.corruption.policy = EXCEPTION (default)
2020-12-08 01:58:18,349 [pool-241-thread-1] INFO  storage.RaftStorageDirectory (RaftStorageDirectory.java:analyzeStorage(261)) - The storage directory /github/workspace/mnt/ozone/hadoop-ozone/integration-test/target/test-dir/MiniOzoneClusterImpl-fe278d26-eb6d-413e-b3f8-43e11913de58/datanode-4/data/ratis/0cddbc73-56c6-4de8-8b06-bf2fc515e206 does not exist. Creating ...
2020-12-08 01:58:18,350 [pool-241-thread-1] INFO  storage.RaftStorageDirectory (RaftStorageDirectory.java:tryLock(343)) - Lock on /github/workspace/mnt/ozone/hadoop-ozone/integration-test/target/test-dir/MiniOzoneClusterImpl-fe278d26-eb6d-413e-b3f8-43e11913de58/datanode-4/data/ratis/0cddbc73-56c6-4de8-8b06-bf2fc515e206/in_use.lock acquired by nodename 31973@11cef1ca5a88
2020-12-08 01:58:18,351 [pool-241-thread-1] INFO  storage.RaftStorage (RaftStorage.java:format(85)) - Storage directory /github/workspace/mnt/ozone/hadoop-ozone/integration-test/target/test-dir/MiniOzoneClusterImpl-fe278d26-eb6d-413e-b3f8-43e11913de58/datanode-4/data/ratis/0cddbc73-56c6-4de8-8b06-bf2fc515e206 has been successfully formatted.
2020-12-08 01:58:18,353 [EventQueue-PipelineReportForOneReplicaPipelineSafeModeRule] INFO  safemode.SCMSafeModeManager (SCMSafeModeManager.java:validateSafeModeExitRules(214)) - AtleastOneDatanodeReportedRule rule is successfully validated
2020-12-08 01:58:18,354 [pool-241-thread-1] INFO  ratis.ContainerStateMachine (ContainerStateMachine.java:loadSnapshot(225)) - group-BF2FC515E206: The snapshot info is null. Setting the last applied indexto:(t:0, i:~)
2020-12-08 01:58:18,358 [pool-241-thread-1] INFO  server.RaftServerConfigKeys (ConfUtils.java:logGet(44)) - raft.server.notification.no-leader.timeout = 300s (custom)
2020-12-08 01:58:18,358 [pool-241-thread-1] INFO  server.RaftServerConfigKeys (ConfUtils.java:logGet(44)) - raft.server.log.use.memory = false (default)
2020-12-08 01:58:18,358 [pool-241-thread-1] INFO  server.RaftServerConfigKeys (ConfUtils.java:logGet(44)) - raft.server.log.purge.gap = 1000000 (custom)
2020-12-08 01:58:18,358 [pool-241-thread-1] INFO  metrics.RatisMetrics (RatisMetrics.java:lambda$create$0(36)) - Creating Metrics Registry : ratis.log_worker.39945dd8-822d-49dd-8781-4af99b069674@group-BF2FC515E206
2020-12-08 01:58:18,359 [pool-241-thread-1] INFO  server.RaftServerConfigKeys (ConfUtils.java:logGet(44)) - raft.server.log.appender.buffer.byte-limit = 33554432 (custom)
2020-12-08 01:58:18,359 [pool-241-thread-1] INFO  server.RaftServerConfigKeys (ConfUtils.java:logGet(44)) - raft.server.log.segment.size.max = 1048576 (custom)
2020-12-08 01:58:18,359 [pool-241-thread-1] INFO  server.RaftServerConfigKeys (ConfUtils.java:logGet(44)) - raft.server.log.segment.cache.num.max = 2 (custom)
2020-12-08 01:58:18,359 [pool-241-thread-1] INFO  segmented.SegmentedRaftLogWorker (SegmentedRaftLogWorker.java:<init>(180)) - new 39945dd8-822d-49dd-8781-4af99b069674@group-BF2FC515E206-SegmentedRaftLogWorker for RaftStorage:Storage Directory /github/workspace/mnt/ozone/hadoop-ozone/integration-test/target/test-dir/MiniOzoneClusterImpl-fe278d26-eb6d-413e-b3f8-43e11913de58/datanode-4/data/ratis/0cddbc73-56c6-4de8-8b06-bf2fc515e206
2020-12-08 01:58:18,360 [pool-241-thread-1] INFO  server.RaftServerConfigKeys (ConfUtils.java:logGet(44)) - raft.server.log.queue.byte-limit = 2147483647 (custom)
2020-12-08 01:58:18,360 [pool-241-thread-1] INFO  server.RaftServerConfigKeys (ConfUtils.java:logGet(44)) - raft.server.log.queue.element-limit = 1024 (custom)
2020-12-08 01:58:18,360 [pool-241-thread-1] INFO  server.RaftServerConfigKeys (ConfUtils.java:logGet(44)) - raft.server.log.segment.size.max = 1048576 (custom)
2020-12-08 01:58:18,360 [pool-241-thread-1] INFO  server.RaftServerConfigKeys (ConfUtils.java:logGet(44)) - raft.server.log.preallocated.size = 16384 (custom)
2020-12-08 01:58:18,360 [pool-241-thread-1] INFO  server.RaftServerConfigKeys (ConfUtils.java:logGet(44)) - raft.server.log.write.buffer.size = 1048576 (custom)
2020-12-08 01:58:18,361 [pool-241-thread-1] INFO  server.RaftServerConfigKeys (ConfUtils.java:logGet(44)) - raft.server.log.force.sync.num = 128 (default)
2020-12-08 01:58:18,361 [pool-241-thread-1] INFO  server.RaftServerConfigKeys (ConfUtils.java:logGet(44)) - raft.server.log.statemachine.data.sync = true (default)
2020-12-08 01:58:18,361 [pool-241-thread-1] INFO  server.RaftServerConfigKeys (ConfUtils.java:logGet(44)) - raft.server.log.statemachine.data.sync.timeout = 10s (default)
2020-12-08 01:58:18,364 [pool-241-thread-1] INFO  server.RaftServerConfigKeys (ConfUtils.java:logGet(44)) - raft.server.log.statemachine.data.sync.timeout.retry = -1 (default)
2020-12-08 01:58:18,366 [pool-241-thread-1] INFO  server.RaftServerConfigKeys (ConfUtils.java:logGet(44)) - raft.server.log.statemachine.data.caching.enabled = true (custom)
2020-12-08 01:58:18,367 [pool-241-thread-1] INFO  segmented.SegmentedRaftLogWorker (SegmentedRaftLogWorker.java:lambda$new$0(129)) - 39945dd8-822d-49dd-8781-4af99b069674@group-BF2FC515E206-SegmentedRaftLogWorker: flushIndex: setUnconditionally 0 -> -1
2020-12-08 01:58:18,367 [pool-241-thread-1] INFO  segmented.SegmentedRaftLogWorker (SegmentedRaftLogWorker.java:lambda$new$0(129)) - 39945dd8-822d-49dd-8781-4af99b069674@group-BF2FC515E206-SegmentedRaftLogWorker: safeCacheEvictIndex: setUnconditionally 0 -> -1
2020-12-08 01:58:18,367 [pool-241-thread-1] INFO  server.RaftServerConfigKeys (ConfUtils.java:logGet(44)) - raft.server.snapshot.auto.trigger.enabled = true (custom)
2020-12-08 01:58:18,367 [pool-241-thread-1] INFO  server.RaftServerConfigKeys (ConfUtils.java:logGet(44)) - raft.server.snapshot.auto.trigger.threshold = 10000 (custom)
2020-12-08 01:58:18,367 [pool-241-thread-1] INFO  server.RaftServerConfigKeys (ConfUtils.java:logGet(44)) - raft.server.snapshot.retention.file.num = 5 (custom)
2020-12-08 01:58:18,367 [pool-241-thread-1] INFO  server.RaftServerConfigKeys (ConfUtils.java:logGet(44)) - raft.server.log.purge.upto.snapshot.index = false (default)
2020-12-08 01:58:18,367 [pool-241-thread-1] INFO  server.RaftServerConfigKeys (ConfUtils.java:logGet(44)) - raft.server.retrycache.expirytime = 600000ms (custom)
2020-12-08 01:58:18,368 [pool-241-thread-1] INFO  metrics.RatisMetrics (RatisMetrics.java:lambda$create$0(36)) - Creating Metrics Registry : ratis.leader_election.39945dd8-822d-49dd-8781-4af99b069674@group-BF2FC515E206
2020-12-08 01:58:18,368 [pool-241-thread-1] INFO  metrics.RatisMetrics (RatisMetrics.java:lambda$create$0(36)) - Creating Metrics Registry : ratis.server.39945dd8-822d-49dd-8781-4af99b069674@group-BF2FC515E206
2020-12-08 01:58:18,369 [pool-241-thread-1] INFO  impl.RaftServerImpl (RaftServerImpl.java:start(215)) - 39945dd8-822d-49dd-8781-4af99b069674@group-BF2FC515E206: start as a follower, conf=-1: [ab1d11b0-5e74-4d38-b665-6acb1b1e4e59|rpc:172.17.0.2:43893|dataStream:, f6ee95b5-7ee2-4946-b0be-20c7e4036df8|rpc:172.17.0.2:40029|dataStream:, 39945dd8-822d-49dd-8781-4af99b069674|rpc:172.17.0.2:35293|dataStream:], old=null
2020-12-08 01:58:18,370 [pool-241-thread-1] INFO  impl.RaftServerImpl (RaftServerImpl.java:setRole(204)) - 39945dd8-822d-49dd-8781-4af99b069674@group-BF2FC515E206: changes role from      null to FOLLOWER at term 0 for startAsFollower
2020-12-08 01:58:18,370 [pool-241-thread-1] INFO  impl.RoleInfo (RoleInfo.java:updateAndGet(143)) - 39945dd8-822d-49dd-8781-4af99b069674: start 39945dd8-822d-49dd-8781-4af99b069674@group-BF2FC515E206-FollowerState
2020-12-08 01:58:18,370 [pool-241-thread-1] INFO  util.JmxRegister (JmxRegister.java:tryRegister(44)) - Successfully registered JMX Bean with object name Ratis:service=RaftServer,group=group-BF2FC515E206,id=39945dd8-822d-49dd-8781-4af99b069674
2020-12-08 01:58:18,370 [pool-241-thread-1] INFO  metrics.RatisMetrics (RatisMetrics.java:lambda$create$0(36)) - Creating Metrics Registry : ratis.state_machine.39945dd8-822d-49dd-8781-4af99b069674@group-BF2FC515E206
2020-12-08 01:58:18,396 [Command processor thread] INFO  metrics.RatisMetrics (RatisMetrics.java:lambda$create$0(36)) - Creating Metrics Registry : ratis.client_message_metrics.client-F70E4876B94F->ab1d11b0-5e74-4d38-b665-6acb1b1e4e59
2020-12-08 01:58:18,402 [grpc-default-executor-0] INFO  metrics.RatisMetrics (RatisMetrics.java:lambda$create$0(36)) - Creating Metrics Registry : ratis.server_message_metrics.ab1d11b0-5e74-4d38-b665-6acb1b1e4e59
2020-12-08 01:58:18,407 [grpc-default-executor-0] INFO  impl.RaftServerProxy (RaftServerProxy.java:addNew(93)) - ab1d11b0-5e74-4d38-b665-6acb1b1e4e59: addNew group-BF2FC515E206:[ab1d11b0-5e74-4d38-b665-6acb1b1e4e59|rpc:172.17.0.2:43893|dataStream:, f6ee95b5-7ee2-4946-b0be-20c7e4036df8|rpc:172.17.0.2:40029|dataStream:, 39945dd8-822d-49dd-8781-4af99b069674|rpc:172.17.0.2:35293|dataStream:] returns group-BF2FC515E206:java.util.concurrent.CompletableFuture@39a92e8[Not completed]
2020-12-08 01:58:18,409 [pool-257-thread-1] INFO  impl.RaftServerImpl (RaftServerImpl.java:<init>(121)) - ab1d11b0-5e74-4d38-b665-6acb1b1e4e59: new RaftServerImpl for group-BF2FC515E206:[ab1d11b0-5e74-4d38-b665-6acb1b1e4e59|rpc:172.17.0.2:43893|dataStream:, f6ee95b5-7ee2-4946-b0be-20c7e4036df8|rpc:172.17.0.2:40029|dataStream:, 39945dd8-822d-49dd-8781-4af99b069674|rpc:172.17.0.2:35293|dataStream:] with ContainerStateMachine:uninitialized
2020-12-08 01:58:18,410 [pool-257-thread-1] INFO  server.RaftServerConfigKeys (ConfUtils.java:logGet(44)) - raft.server.rpc.timeout.min = 5s (custom)
2020-12-08 01:58:18,410 [pool-257-thread-1] INFO  server.RaftServerConfigKeys (ConfUtils.java:logGet(44)) - raft.server.rpc.timeout.max = 5200ms (custom)
2020-12-08 01:58:18,410 [pool-257-thread-1] INFO  server.RaftServerConfigKeys (ConfUtils.java:logGet(44)) - raft.server.rpc.slowness.timeout = 300s (custom)
2020-12-08 01:58:18,410 [pool-257-thread-1] INFO  server.RaftServerConfigKeys (ConfUtils.java:logGet(44)) - raft.server.leaderelection.leader.step-down.wait-time = 10s (default)
2020-12-08 01:58:18,410 [pool-257-thread-1] INFO  server.RaftServerConfigKeys (ConfUtils.java:logGet(44)) - raft.server.sleep.deviation.threshold = 300 (default)
2020-12-08 01:58:18,410 [pool-257-thread-1] INFO  server.RaftServerConfigKeys (ConfUtils.java:logGet(44)) - raft.server.log.appender.install.snapshot.enabled = false (custom)
2020-12-08 01:58:18,410 [pool-257-thread-1] INFO  impl.RaftServerImpl (ServerState.java:<init>(104)) - ab1d11b0-5e74-4d38-b665-6acb1b1e4e59@group-BF2FC515E206: ConfigurationManager, init=-1: [ab1d11b0-5e74-4d38-b665-6acb1b1e4e59|rpc:172.17.0.2:43893|dataStream:, f6ee95b5-7ee2-4946-b0be-20c7e4036df8|rpc:172.17.0.2:40029|dataStream:, 39945dd8-822d-49dd-8781-4af99b069674|rpc:172.17.0.2:35293|dataStream:], old=null, confs=<EMPTY_MAP>
2020-12-08 01:58:18,411 [pool-257-thread-1] INFO  server.RaftServerConfigKeys (ConfUtils.java:logGet(44)) - raft.server.storage.dir = [/github/workspace/mnt/ozone/hadoop-ozone/integration-test/target/test-dir/MiniOzoneClusterImpl-fe278d26-eb6d-413e-b3f8-43e11913de58/datanode-5/data/ratis] (custom)
2020-12-08 01:58:18,411 [pool-257-thread-1] INFO  server.RaftServerConfigKeys (ConfUtils.java:logGet(44)) - raft.server.log.corruption.policy = EXCEPTION (default)
2020-12-08 01:58:18,411 [pool-257-thread-1] INFO  storage.RaftStorageDirectory (RaftStorageDirectory.java:analyzeStorage(261)) - The storage directory /github/workspace/mnt/ozone/hadoop-ozone/integration-test/target/test-dir/MiniOzoneClusterImpl-fe278d26-eb6d-413e-b3f8-43e11913de58/datanode-5/data/ratis/0cddbc73-56c6-4de8-8b06-bf2fc515e206 does not exist. Creating ...
2020-12-08 01:58:18,413 [pool-257-thread-1] INFO  storage.RaftStorageDirectory (RaftStorageDirectory.java:tryLock(343)) - Lock on /github/workspace/mnt/ozone/hadoop-ozone/integration-test/target/test-dir/MiniOzoneClusterImpl-fe278d26-eb6d-413e-b3f8-43e11913de58/datanode-5/data/ratis/0cddbc73-56c6-4de8-8b06-bf2fc515e206/in_use.lock acquired by nodename 31973@11cef1ca5a88
2020-12-08 01:58:18,414 [pool-257-thread-1] INFO  storage.RaftStorage (RaftStorage.java:format(85)) - Storage directory /github/workspace/mnt/ozone/hadoop-ozone/integration-test/target/test-dir/MiniOzoneClusterImpl-fe278d26-eb6d-413e-b3f8-43e11913de58/datanode-5/data/ratis/0cddbc73-56c6-4de8-8b06-bf2fc515e206 has been successfully formatted.
2020-12-08 01:58:18,415 [pool-257-thread-1] INFO  ratis.ContainerStateMachine (ContainerStateMachine.java:loadSnapshot(225)) - group-BF2FC515E206: The snapshot info is null. Setting the last applied indexto:(t:0, i:~)
2020-12-08 01:58:18,416 [pool-257-thread-1] INFO  server.RaftServerConfigKeys (ConfUtils.java:logGet(44)) - raft.server.notification.no-leader.timeout = 300s (custom)
2020-12-08 01:58:18,416 [pool-257-thread-1] INFO  server.RaftServerConfigKeys (ConfUtils.java:logGet(44)) - raft.server.log.use.memory = false (default)
2020-12-08 01:58:18,416 [pool-257-thread-1] INFO  server.RaftServerConfigKeys (ConfUtils.java:logGet(44)) - raft.server.log.purge.gap = 1000000 (custom)
2020-12-08 01:58:18,416 [pool-257-thread-1] INFO  metrics.RatisMetrics (RatisMetrics.java:lambda$create$0(36)) - Creating Metrics Registry : ratis.log_worker.ab1d11b0-5e74-4d38-b665-6acb1b1e4e59@group-BF2FC515E206
2020-12-08 01:58:18,416 [EventQueue-PipelineReportForOneReplicaPipelineSafeModeRule] INFO  safemode.SCMSafeModeManager (SCMSafeModeManager.java:validateSafeModeExitRules(214)) - AtleastOneDatanodeReportedRule rule is successfully validated
2020-12-08 01:58:18,416 [pool-257-thread-1] INFO  server.RaftServerConfigKeys (ConfUtils.java:logGet(44)) - raft.server.log.appender.buffer.byte-limit = 33554432 (custom)
2020-12-08 01:58:18,417 [pool-257-thread-1] INFO  server.RaftServerConfigKeys (ConfUtils.java:logGet(44)) - raft.server.log.segment.size.max = 1048576 (custom)
2020-12-08 01:58:18,417 [pool-257-thread-1] INFO  server.RaftServerConfigKeys (ConfUtils.java:logGet(44)) - raft.server.log.segment.cache.num.max = 2 (custom)
2020-12-08 01:58:18,417 [pool-257-thread-1] INFO  segmented.SegmentedRaftLogWorker (SegmentedRaftLogWorker.java:<init>(180)) - new ab1d11b0-5e74-4d38-b665-6acb1b1e4e59@group-BF2FC515E206-SegmentedRaftLogWorker for RaftStorage:Storage Directory /github/workspace/mnt/ozone/hadoop-ozone/integration-test/target/test-dir/MiniOzoneClusterImpl-fe278d26-eb6d-413e-b3f8-43e11913de58/datanode-5/data/ratis/0cddbc73-56c6-4de8-8b06-bf2fc515e206
2020-12-08 01:58:18,418 [pool-257-thread-1] INFO  server.RaftServerConfigKeys (ConfUtils.java:logGet(44)) - raft.server.log.queue.byte-limit = 2147483647 (custom)
2020-12-08 01:58:18,419 [pool-257-thread-1] INFO  server.RaftServerConfigKeys (ConfUtils.java:logGet(44)) - raft.server.log.queue.element-limit = 1024 (custom)
2020-12-08 01:58:18,419 [pool-257-thread-1] INFO  server.RaftServerConfigKeys (ConfUtils.java:logGet(44)) - raft.server.log.segment.size.max = 1048576 (custom)
2020-12-08 01:58:18,419 [pool-257-thread-1] INFO  server.RaftServerConfigKeys (ConfUtils.java:logGet(44)) - raft.server.log.preallocated.size = 16384 (custom)
2020-12-08 01:58:18,419 [pool-257-thread-1] INFO  server.RaftServerConfigKeys (ConfUtils.java:logGet(44)) - raft.server.log.write.buffer.size = 1048576 (custom)
2020-12-08 01:58:18,419 [pool-257-thread-1] INFO  server.RaftServerConfigKeys (ConfUtils.java:logGet(44)) - raft.server.log.force.sync.num = 128 (default)
2020-12-08 01:58:18,419 [pool-257-thread-1] INFO  server.RaftServerConfigKeys (ConfUtils.java:logGet(44)) - raft.server.log.statemachine.data.sync = true (default)
2020-12-08 01:58:18,419 [pool-257-thread-1] INFO  server.RaftServerConfigKeys (ConfUtils.java:logGet(44)) - raft.server.log.statemachine.data.sync.timeout = 10s (default)
2020-12-08 01:58:18,420 [pool-257-thread-1] INFO  server.RaftServerConfigKeys (ConfUtils.java:logGet(44)) - raft.server.log.statemachine.data.sync.timeout.retry = -1 (default)
2020-12-08 01:58:18,422 [pool-257-thread-1] INFO  server.RaftServerConfigKeys (ConfUtils.java:logGet(44)) - raft.server.log.statemachine.data.caching.enabled = true (custom)
2020-12-08 01:58:18,422 [pool-257-thread-1] INFO  segmented.SegmentedRaftLogWorker (SegmentedRaftLogWorker.java:lambda$new$0(129)) - ab1d11b0-5e74-4d38-b665-6acb1b1e4e59@group-BF2FC515E206-SegmentedRaftLogWorker: flushIndex: setUnconditionally 0 -> -1
2020-12-08 01:58:18,422 [pool-257-thread-1] INFO  segmented.SegmentedRaftLogWorker (SegmentedRaftLogWorker.java:lambda$new$0(129)) - ab1d11b0-5e74-4d38-b665-6acb1b1e4e59@group-BF2FC515E206-SegmentedRaftLogWorker: safeCacheEvictIndex: setUnconditionally 0 -> -1
2020-12-08 01:58:18,422 [pool-257-thread-1] INFO  server.RaftServerConfigKeys (ConfUtils.java:logGet(44)) - raft.server.snapshot.auto.trigger.enabled = true (custom)
2020-12-08 01:58:18,422 [pool-257-thread-1] INFO  server.RaftServerConfigKeys (ConfUtils.java:logGet(44)) - raft.server.snapshot.auto.trigger.threshold = 10000 (custom)
2020-12-08 01:58:18,422 [pool-257-thread-1] INFO  server.RaftServerConfigKeys (ConfUtils.java:logGet(44)) - raft.server.snapshot.retention.file.num = 5 (custom)
2020-12-08 01:58:18,423 [pool-257-thread-1] INFO  server.RaftServerConfigKeys (ConfUtils.java:logGet(44)) - raft.server.log.purge.upto.snapshot.index = false (default)
2020-12-08 01:58:18,423 [pool-257-thread-1] INFO  server.RaftServerConfigKeys (ConfUtils.java:logGet(44)) - raft.server.retrycache.expirytime = 600000ms (custom)
2020-12-08 01:58:18,423 [pool-257-thread-1] INFO  metrics.RatisMetrics (RatisMetrics.java:lambda$create$0(36)) - Creating Metrics Registry : ratis.leader_election.ab1d11b0-5e74-4d38-b665-6acb1b1e4e59@group-BF2FC515E206
2020-12-08 01:58:18,423 [pool-257-thread-1] INFO  metrics.RatisMetrics (RatisMetrics.java:lambda$create$0(36)) - Creating Metrics Registry : ratis.server.ab1d11b0-5e74-4d38-b665-6acb1b1e4e59@group-BF2FC515E206
2020-12-08 01:58:18,425 [pool-257-thread-1] INFO  impl.RaftServerImpl (RaftServerImpl.java:start(215)) - ab1d11b0-5e74-4d38-b665-6acb1b1e4e59@group-BF2FC515E206: start as a follower, conf=-1: [ab1d11b0-5e74-4d38-b665-6acb1b1e4e59|rpc:172.17.0.2:43893|dataStream:, f6ee95b5-7ee2-4946-b0be-20c7e4036df8|rpc:172.17.0.2:40029|dataStream:, 39945dd8-822d-49dd-8781-4af99b069674|rpc:172.17.0.2:35293|dataStream:], old=null
2020-12-08 01:58:18,425 [pool-257-thread-1] INFO  impl.RaftServerImpl (RaftServerImpl.java:setRole(204)) - ab1d11b0-5e74-4d38-b665-6acb1b1e4e59@group-BF2FC515E206: changes role from      null to FOLLOWER at term 0 for startAsFollower
2020-12-08 01:58:18,425 [pool-257-thread-1] INFO  impl.RoleInfo (RoleInfo.java:updateAndGet(143)) - ab1d11b0-5e74-4d38-b665-6acb1b1e4e59: start ab1d11b0-5e74-4d38-b665-6acb1b1e4e59@group-BF2FC515E206-FollowerState
2020-12-08 01:58:18,426 [pool-257-thread-1] INFO  util.JmxRegister (JmxRegister.java:tryRegister(44)) - Successfully registered JMX Bean with object name Ratis:service=RaftServer,group=group-BF2FC515E206,id=ab1d11b0-5e74-4d38-b665-6acb1b1e4e59
2020-12-08 01:58:18,426 [pool-257-thread-1] INFO  metrics.RatisMetrics (RatisMetrics.java:lambda$create$0(36)) - Creating Metrics Registry : ratis.state_machine.ab1d11b0-5e74-4d38-b665-6acb1b1e4e59@group-BF2FC515E206
2020-12-08 01:58:18,443 [Command processor thread] INFO  commandhandler.CreatePipelineCommandHandler (CreatePipelineCommandHandler.java:handle(106)) - Created Pipeline RATIS THREE PipelineID=0cddbc73-56c6-4de8-8b06-bf2fc515e206.
2020-12-08 01:58:18,522 [Command processor thread] INFO  impl.RaftServerProxy (RaftServerProxy.java:addNew(93)) - 39945dd8-822d-49dd-8781-4af99b069674: addNew group-7285C38FD8BA:[39945dd8-822d-49dd-8781-4af99b069674|rpc:172.17.0.2:35293] returns group-7285C38FD8BA:java.util.concurrent.CompletableFuture@d8d978b[Not completed]
2020-12-08 01:58:18,523 [pool-241-thread-1] INFO  impl.RaftServerImpl (RaftServerImpl.java:<init>(121)) - 39945dd8-822d-49dd-8781-4af99b069674: new RaftServerImpl for group-7285C38FD8BA:[39945dd8-822d-49dd-8781-4af99b069674|rpc:172.17.0.2:35293] with ContainerStateMachine:uninitialized
2020-12-08 01:58:18,523 [pool-241-thread-1] INFO  server.RaftServerConfigKeys (ConfUtils.java:logGet(44)) - raft.server.rpc.timeout.min = 5s (custom)
2020-12-08 01:58:18,523 [pool-241-thread-1] INFO  server.RaftServerConfigKeys (ConfUtils.java:logGet(44)) - raft.server.rpc.timeout.max = 5200ms (custom)
2020-12-08 01:58:18,523 [pool-241-thread-1] INFO  server.RaftServerConfigKeys (ConfUtils.java:logGet(44)) - raft.server.rpc.slowness.timeout = 300s (custom)
2020-12-08 01:58:18,523 [pool-241-thread-1] INFO  server.RaftServerConfigKeys (ConfUtils.java:logGet(44)) - raft.server.leaderelection.leader.step-down.wait-time = 10s (default)
2020-12-08 01:58:18,523 [pool-241-thread-1] INFO  server.RaftServerConfigKeys (ConfUtils.java:logGet(44)) - raft.server.sleep.deviation.threshold = 300 (default)
2020-12-08 01:58:18,524 [pool-241-thread-1] INFO  server.RaftServerConfigKeys (ConfUtils.java:logGet(44)) - raft.server.log.appender.install.snapshot.enabled = false (custom)
2020-12-08 01:58:18,524 [pool-241-thread-1] INFO  impl.RaftServerImpl (ServerState.java:<init>(104)) - 39945dd8-822d-49dd-8781-4af99b069674@group-7285C38FD8BA: ConfigurationManager, init=-1: [39945dd8-822d-49dd-8781-4af99b069674|rpc:172.17.0.2:35293], old=null, confs=<EMPTY_MAP>
2020-12-08 01:58:18,524 [pool-241-thread-1] INFO  server.RaftServerConfigKeys (ConfUtils.java:logGet(44)) - raft.server.storage.dir = [/github/workspace/mnt/ozone/hadoop-ozone/integration-test/target/test-dir/MiniOzoneClusterImpl-fe278d26-eb6d-413e-b3f8-43e11913de58/datanode-4/data/ratis] (custom)
2020-12-08 01:58:18,524 [pool-241-thread-1] INFO  server.RaftServerConfigKeys (ConfUtils.java:logGet(44)) - raft.server.log.corruption.policy = EXCEPTION (default)
2020-12-08 01:58:18,524 [pool-241-thread-1] INFO  storage.RaftStorageDirectory (RaftStorageDirectory.java:analyzeStorage(261)) - The storage directory /github/workspace/mnt/ozone/hadoop-ozone/integration-test/target/test-dir/MiniOzoneClusterImpl-fe278d26-eb6d-413e-b3f8-43e11913de58/datanode-4/data/ratis/11a47e58-9875-4042-886f-7285c38fd8ba does not exist. Creating ...
2020-12-08 01:58:18,526 [pool-241-thread-1] INFO  storage.RaftStorageDirectory (RaftStorageDirectory.java:tryLock(343)) - Lock on /github/workspace/mnt/ozone/hadoop-ozone/integration-test/target/test-dir/MiniOzoneClusterImpl-fe278d26-eb6d-413e-b3f8-43e11913de58/datanode-4/data/ratis/11a47e58-9875-4042-886f-7285c38fd8ba/in_use.lock acquired by nodename 31973@11cef1ca5a88
2020-12-08 01:58:18,527 [pool-241-thread-1] INFO  storage.RaftStorage (RaftStorage.java:format(85)) - Storage directory /github/workspace/mnt/ozone/hadoop-ozone/integration-test/target/test-dir/MiniOzoneClusterImpl-fe278d26-eb6d-413e-b3f8-43e11913de58/datanode-4/data/ratis/11a47e58-9875-4042-886f-7285c38fd8ba has been successfully formatted.
2020-12-08 01:58:18,528 [pool-241-thread-1] INFO  ratis.ContainerStateMachine (ContainerStateMachine.java:loadSnapshot(225)) - group-7285C38FD8BA: The snapshot info is null. Setting the last applied indexto:(t:0, i:~)
2020-12-08 01:58:18,528 [pool-241-thread-1] INFO  server.RaftServerConfigKeys (ConfUtils.java:logGet(44)) - raft.server.notification.no-leader.timeout = 300s (custom)
2020-12-08 01:58:18,529 [EventQueue-PipelineReportForPipelineReportHandler] INFO  pipeline.PipelineStateManager (PipelineStateManager.java:openPipeline(132)) - Pipeline Pipeline[ Id: 11a47e58-9875-4042-886f-7285c38fd8ba, Nodes: 39945dd8-822d-49dd-8781-4af99b069674{ip: 172.17.0.2, host: 11cef1ca5a88, networkLocation: /default-rack, certSerialId: null, persistedOpState: IN_SERVICE, persistedOpStateExpiryEpochSec: 0}, Type:RATIS, Factor:ONE, State:ALLOCATED, leaderId:39945dd8-822d-49dd-8781-4af99b069674, CreationTimestamp2020-12-08T01:58:15.524Z] moved to OPEN state
2020-12-08 01:58:18,529 [EventQueue-OpenPipelineForHealthyPipelineSafeModeRule] INFO  safemode.SCMSafeModeManager (HealthyPipelineSafeModeRule.java:process(128)) - SCM in safe mode. Healthy pipelines reported count is 0, required healthy pipeline reported count is 1
2020-12-08 01:58:18,529 [EventQueue-PipelineReportForOneReplicaPipelineSafeModeRule] INFO  safemode.SCMSafeModeManager (SCMSafeModeManager.java:validateSafeModeExitRules(214)) - AtleastOneDatanodeReportedRule rule is successfully validated
2020-12-08 01:58:18,531 [pool-241-thread-1] INFO  server.RaftServerConfigKeys (ConfUtils.java:logGet(44)) - raft.server.log.use.memory = false (default)
2020-12-08 01:58:18,532 [pool-241-thread-1] INFO  server.RaftServerConfigKeys (ConfUtils.java:logGet(44)) - raft.server.log.purge.gap = 1000000 (custom)
2020-12-08 01:58:18,532 [pool-241-thread-1] INFO  metrics.RatisMetrics (RatisMetrics.java:lambda$create$0(36)) - Creating Metrics Registry : ratis.log_worker.39945dd8-822d-49dd-8781-4af99b069674@group-7285C38FD8BA
2020-12-08 01:58:18,532 [pool-241-thread-1] INFO  server.RaftServerConfigKeys (ConfUtils.java:logGet(44)) - raft.server.log.appender.buffer.byte-limit = 33554432 (custom)
2020-12-08 01:58:18,532 [pool-241-thread-1] INFO  server.RaftServerConfigKeys (ConfUtils.java:logGet(44)) - raft.server.log.segment.size.max = 1048576 (custom)
2020-12-08 01:58:18,533 [pool-241-thread-1] INFO  server.RaftServerConfigKeys (ConfUtils.java:logGet(44)) - raft.server.log.segment.cache.num.max = 2 (custom)
2020-12-08 01:58:18,533 [pool-241-thread-1] INFO  segmented.SegmentedRaftLogWorker (SegmentedRaftLogWorker.java:<init>(180)) - new 39945dd8-822d-49dd-8781-4af99b069674@group-7285C38FD8BA-SegmentedRaftLogWorker for RaftStorage:Storage Directory /github/workspace/mnt/ozone/hadoop-ozone/integration-test/target/test-dir/MiniOzoneClusterImpl-fe278d26-eb6d-413e-b3f8-43e11913de58/datanode-4/data/ratis/11a47e58-9875-4042-886f-7285c38fd8ba
2020-12-08 01:58:18,533 [pool-241-thread-1] INFO  server.RaftServerConfigKeys (ConfUtils.java:logGet(44)) - raft.server.log.queue.byte-limit = 2147483647 (custom)
2020-12-08 01:58:18,533 [pool-241-thread-1] INFO  server.RaftServerConfigKeys (ConfUtils.java:logGet(44)) - raft.server.log.queue.element-limit = 1024 (custom)
2020-12-08 01:58:18,533 [pool-241-thread-1] INFO  server.RaftServerConfigKeys (ConfUtils.java:logGet(44)) - raft.server.log.segment.size.max = 1048576 (custom)
2020-12-08 01:58:18,534 [pool-241-thread-1] INFO  server.RaftServerConfigKeys (ConfUtils.java:logGet(44)) - raft.server.log.preallocated.size = 16384 (custom)
2020-12-08 01:58:18,534 [pool-241-thread-1] INFO  server.RaftServerConfigKeys (ConfUtils.java:logGet(44)) - raft.server.log.write.buffer.size = 1048576 (custom)
2020-12-08 01:58:18,534 [pool-241-thread-1] INFO  server.RaftServerConfigKeys (ConfUtils.java:logGet(44)) - raft.server.log.force.sync.num = 128 (default)
2020-12-08 01:58:18,534 [pool-241-thread-1] INFO  server.RaftServerConfigKeys (ConfUtils.java:logGet(44)) - raft.server.log.statemachine.data.sync = true (default)
2020-12-08 01:58:18,534 [pool-241-thread-1] INFO  server.RaftServerConfigKeys (ConfUtils.java:logGet(44)) - raft.server.log.statemachine.data.sync.timeout = 10s (default)
2020-12-08 01:58:18,534 [pool-241-thread-1] INFO  server.RaftServerConfigKeys (ConfUtils.java:logGet(44)) - raft.server.log.statemachine.data.sync.timeout.retry = -1 (default)
2020-12-08 01:58:18,537 [pool-241-thread-1] INFO  server.RaftServerConfigKeys (ConfUtils.java:logGet(44)) - raft.server.log.statemachine.data.caching.enabled = true (custom)
2020-12-08 01:58:18,537 [pool-241-thread-1] INFO  segmented.SegmentedRaftLogWorker (SegmentedRaftLogWorker.java:lambda$new$0(129)) - 39945dd8-822d-49dd-8781-4af99b069674@group-7285C38FD8BA-SegmentedRaftLogWorker: flushIndex: setUnconditionally 0 -> -1
2020-12-08 01:58:18,537 [pool-241-thread-1] INFO  segmented.SegmentedRaftLogWorker (SegmentedRaftLogWorker.java:lambda$new$0(129)) - 39945dd8-822d-49dd-8781-4af99b069674@group-7285C38FD8BA-SegmentedRaftLogWorker: safeCacheEvictIndex: setUnconditionally 0 -> -1
2020-12-08 01:58:18,537 [pool-241-thread-1] INFO  server.RaftServerConfigKeys (ConfUtils.java:logGet(44)) - raft.server.snapshot.auto.trigger.enabled = true (custom)
2020-12-08 01:58:18,537 [pool-241-thread-1] INFO  server.RaftServerConfigKeys (ConfUtils.java:logGet(44)) - raft.server.snapshot.auto.trigger.threshold = 10000 (custom)
2020-12-08 01:58:18,537 [pool-241-thread-1] INFO  server.RaftServerConfigKeys (ConfUtils.java:logGet(44)) - raft.server.snapshot.retention.file.num = 5 (custom)
2020-12-08 01:58:18,537 [pool-241-thread-1] INFO  server.RaftServerConfigKeys (ConfUtils.java:logGet(44)) - raft.server.log.purge.upto.snapshot.index = false (default)
2020-12-08 01:58:18,538 [pool-241-thread-1] INFO  server.RaftServerConfigKeys (ConfUtils.java:logGet(44)) - raft.server.retrycache.expirytime = 600000ms (custom)
2020-12-08 01:58:18,538 [pool-241-thread-1] INFO  metrics.RatisMetrics (RatisMetrics.java:lambda$create$0(36)) - Creating Metrics Registry : ratis.leader_election.39945dd8-822d-49dd-8781-4af99b069674@group-7285C38FD8BA
2020-12-08 01:58:18,538 [pool-241-thread-1] INFO  metrics.RatisMetrics (RatisMetrics.java:lambda$create$0(36)) - Creating Metrics Registry : ratis.server.39945dd8-822d-49dd-8781-4af99b069674@group-7285C38FD8BA
2020-12-08 01:58:18,539 [pool-241-thread-1] INFO  impl.RaftServerImpl (RaftServerImpl.java:start(215)) - 39945dd8-822d-49dd-8781-4af99b069674@group-7285C38FD8BA: start as a follower, conf=-1: [39945dd8-822d-49dd-8781-4af99b069674|rpc:172.17.0.2:35293], old=null
2020-12-08 01:58:18,539 [pool-241-thread-1] INFO  impl.RaftServerImpl (RaftServerImpl.java:setRole(204)) - 39945dd8-822d-49dd-8781-4af99b069674@group-7285C38FD8BA: changes role from      null to FOLLOWER at term 0 for startAsFollower
2020-12-08 01:58:18,539 [pool-241-thread-1] INFO  impl.RoleInfo (RoleInfo.java:updateAndGet(143)) - 39945dd8-822d-49dd-8781-4af99b069674: start 39945dd8-822d-49dd-8781-4af99b069674@group-7285C38FD8BA-FollowerState
2020-12-08 01:58:18,540 [pool-241-thread-1] INFO  util.JmxRegister (JmxRegister.java:tryRegister(44)) - Successfully registered JMX Bean with object name Ratis:service=RaftServer,group=group-7285C38FD8BA,id=39945dd8-822d-49dd-8781-4af99b069674
2020-12-08 01:58:18,540 [pool-241-thread-1] INFO  metrics.RatisMetrics (RatisMetrics.java:lambda$create$0(36)) - Creating Metrics Registry : ratis.state_machine.39945dd8-822d-49dd-8781-4af99b069674@group-7285C38FD8BA
2020-12-08 01:58:18,541 [Command processor thread] INFO  commandhandler.CreatePipelineCommandHandler (CreatePipelineCommandHandler.java:handle(106)) - Created Pipeline RATIS ONE PipelineID=11a47e58-9875-4042-886f-7285c38fd8ba.
2020-12-08 01:58:18,733 [Command processor thread] INFO  impl.RaftServerProxy (RaftServerProxy.java:addNew(93)) - ab1d11b0-5e74-4d38-b665-6acb1b1e4e59: addNew group-A0906E24071F:[ab1d11b0-5e74-4d38-b665-6acb1b1e4e59|rpc:172.17.0.2:43893] returns group-A0906E24071F:java.util.concurrent.CompletableFuture@5b8be453[Not completed]
2020-12-08 01:58:18,734 [pool-257-thread-1] INFO  impl.RaftServerImpl (RaftServerImpl.java:<init>(121)) - ab1d11b0-5e74-4d38-b665-6acb1b1e4e59: new RaftServerImpl for group-A0906E24071F:[ab1d11b0-5e74-4d38-b665-6acb1b1e4e59|rpc:172.17.0.2:43893] with ContainerStateMachine:uninitialized
2020-12-08 01:58:18,734 [pool-257-thread-1] INFO  server.RaftServerConfigKeys (ConfUtils.java:logGet(44)) - raft.server.rpc.timeout.min = 5s (custom)
2020-12-08 01:58:18,734 [pool-257-thread-1] INFO  server.RaftServerConfigKeys (ConfUtils.java:logGet(44)) - raft.server.rpc.timeout.max = 5200ms (custom)
2020-12-08 01:58:18,734 [pool-257-thread-1] INFO  server.RaftServerConfigKeys (ConfUtils.java:logGet(44)) - raft.server.rpc.slowness.timeout = 300s (custom)
2020-12-08 01:58:18,734 [pool-257-thread-1] INFO  server.RaftServerConfigKeys (ConfUtils.java:logGet(44)) - raft.server.leaderelection.leader.step-down.wait-time = 10s (default)
2020-12-08 01:58:18,734 [pool-257-thread-1] INFO  server.RaftServerConfigKeys (ConfUtils.java:logGet(44)) - raft.server.sleep.deviation.threshold = 300 (default)
2020-12-08 01:58:18,734 [pool-257-thread-1] INFO  server.RaftServerConfigKeys (ConfUtils.java:logGet(44)) - raft.server.log.appender.install.snapshot.enabled = false (custom)
2020-12-08 01:58:18,735 [pool-257-thread-1] INFO  impl.RaftServerImpl (ServerState.java:<init>(104)) - ab1d11b0-5e74-4d38-b665-6acb1b1e4e59@group-A0906E24071F: ConfigurationManager, init=-1: [ab1d11b0-5e74-4d38-b665-6acb1b1e4e59|rpc:172.17.0.2:43893], old=null, confs=<EMPTY_MAP>
2020-12-08 01:58:18,735 [pool-257-thread-1] INFO  server.RaftServerConfigKeys (ConfUtils.java:logGet(44)) - raft.server.storage.dir = [/github/workspace/mnt/ozone/hadoop-ozone/integration-test/target/test-dir/MiniOzoneClusterImpl-fe278d26-eb6d-413e-b3f8-43e11913de58/datanode-5/data/ratis] (custom)
2020-12-08 01:58:18,735 [pool-257-thread-1] INFO  server.RaftServerConfigKeys (ConfUtils.java:logGet(44)) - raft.server.log.corruption.policy = EXCEPTION (default)
2020-12-08 01:58:18,735 [pool-257-thread-1] INFO  storage.RaftStorageDirectory (RaftStorageDirectory.java:analyzeStorage(261)) - The storage directory /github/workspace/mnt/ozone/hadoop-ozone/integration-test/target/test-dir/MiniOzoneClusterImpl-fe278d26-eb6d-413e-b3f8-43e11913de58/datanode-5/data/ratis/c14d7965-46e0-47c5-8601-a0906e24071f does not exist. Creating ...
2020-12-08 01:58:18,736 [pool-257-thread-1] INFO  storage.RaftStorageDirectory (RaftStorageDirectory.java:tryLock(343)) - Lock on /github/workspace/mnt/ozone/hadoop-ozone/integration-test/target/test-dir/MiniOzoneClusterImpl-fe278d26-eb6d-413e-b3f8-43e11913de58/datanode-5/data/ratis/c14d7965-46e0-47c5-8601-a0906e24071f/in_use.lock acquired by nodename 31973@11cef1ca5a88
2020-12-08 01:58:18,737 [pool-257-thread-1] INFO  storage.RaftStorage (RaftStorage.java:format(85)) - Storage directory /github/workspace/mnt/ozone/hadoop-ozone/integration-test/target/test-dir/MiniOzoneClusterImpl-fe278d26-eb6d-413e-b3f8-43e11913de58/datanode-5/data/ratis/c14d7965-46e0-47c5-8601-a0906e24071f has been successfully formatted.
2020-12-08 01:58:18,738 [pool-257-thread-1] INFO  ratis.ContainerStateMachine (ContainerStateMachine.java:loadSnapshot(225)) - group-A0906E24071F: The snapshot info is null. Setting the last applied indexto:(t:0, i:~)
2020-12-08 01:58:18,738 [pool-257-thread-1] INFO  server.RaftServerConfigKeys (ConfUtils.java:logGet(44)) - raft.server.notification.no-leader.timeout = 300s (custom)
2020-12-08 01:58:18,738 [pool-257-thread-1] INFO  server.RaftServerConfigKeys (ConfUtils.java:logGet(44)) - raft.server.log.use.memory = false (default)
2020-12-08 01:58:18,738 [pool-257-thread-1] INFO  server.RaftServerConfigKeys (ConfUtils.java:logGet(44)) - raft.server.log.purge.gap = 1000000 (custom)
2020-12-08 01:58:18,738 [pool-257-thread-1] INFO  metrics.RatisMetrics (RatisMetrics.java:lambda$create$0(36)) - Creating Metrics Registry : ratis.log_worker.ab1d11b0-5e74-4d38-b665-6acb1b1e4e59@group-A0906E24071F
2020-12-08 01:58:18,739 [pool-257-thread-1] INFO  server.RaftServerConfigKeys (ConfUtils.java:logGet(44)) - raft.server.log.appender.buffer.byte-limit = 33554432 (custom)
2020-12-08 01:58:18,739 [EventQueue-PipelineReportForOneReplicaPipelineSafeModeRule] INFO  safemode.SCMSafeModeManager (SCMSafeModeManager.java:validateSafeModeExitRules(214)) - AtleastOneDatanodeReportedRule rule is successfully validated
2020-12-08 01:58:18,739 [pool-257-thread-1] INFO  server.RaftServerConfigKeys (ConfUtils.java:logGet(44)) - raft.server.log.segment.size.max = 1048576 (custom)
2020-12-08 01:58:18,739 [EventQueue-PipelineReportForPipelineReportHandler] INFO  pipeline.PipelineStateManager (PipelineStateManager.java:openPipeline(132)) - Pipeline Pipeline[ Id: c14d7965-46e0-47c5-8601-a0906e24071f, Nodes: ab1d11b0-5e74-4d38-b665-6acb1b1e4e59{ip: 172.17.0.2, host: 11cef1ca5a88, networkLocation: /default-rack, certSerialId: null, persistedOpState: IN_SERVICE, persistedOpStateExpiryEpochSec: 0}, Type:RATIS, Factor:ONE, State:ALLOCATED, leaderId:ab1d11b0-5e74-4d38-b665-6acb1b1e4e59, CreationTimestamp2020-12-08T01:58:15.736Z] moved to OPEN state
2020-12-08 01:58:18,739 [EventQueue-OpenPipelineForHealthyPipelineSafeModeRule] INFO  safemode.SCMSafeModeManager (HealthyPipelineSafeModeRule.java:process(128)) - SCM in safe mode. Healthy pipelines reported count is 0, required healthy pipeline reported count is 1
2020-12-08 01:58:18,740 [pool-257-thread-1] INFO  server.RaftServerConfigKeys (ConfUtils.java:logGet(44)) - raft.server.log.segment.cache.num.max = 2 (custom)
2020-12-08 01:58:18,741 [pool-257-thread-1] INFO  segmented.SegmentedRaftLogWorker (SegmentedRaftLogWorker.java:<init>(180)) - new ab1d11b0-5e74-4d38-b665-6acb1b1e4e59@group-A0906E24071F-SegmentedRaftLogWorker for RaftStorage:Storage Directory /github/workspace/mnt/ozone/hadoop-ozone/integration-test/target/test-dir/MiniOzoneClusterImpl-fe278d26-eb6d-413e-b3f8-43e11913de58/datanode-5/data/ratis/c14d7965-46e0-47c5-8601-a0906e24071f
2020-12-08 01:58:18,741 [pool-257-thread-1] INFO  server.RaftServerConfigKeys (ConfUtils.java:logGet(44)) - raft.server.log.queue.byte-limit = 2147483647 (custom)
2020-12-08 01:58:18,741 [pool-257-thread-1] INFO  server.RaftServerConfigKeys (ConfUtils.java:logGet(44)) - raft.server.log.queue.element-limit = 1024 (custom)
2020-12-08 01:58:18,741 [pool-257-thread-1] INFO  server.RaftServerConfigKeys (ConfUtils.java:logGet(44)) - raft.server.log.segment.size.max = 1048576 (custom)
2020-12-08 01:58:18,741 [pool-257-thread-1] INFO  server.RaftServerConfigKeys (ConfUtils.java:logGet(44)) - raft.server.log.preallocated.size = 16384 (custom)
2020-12-08 01:58:18,741 [pool-257-thread-1] INFO  server.RaftServerConfigKeys (ConfUtils.java:logGet(44)) - raft.server.log.write.buffer.size = 1048576 (custom)
2020-12-08 01:58:18,741 [pool-257-thread-1] INFO  server.RaftServerConfigKeys (ConfUtils.java:logGet(44)) - raft.server.log.force.sync.num = 128 (default)
2020-12-08 01:58:18,741 [pool-257-thread-1] INFO  server.RaftServerConfigKeys (ConfUtils.java:logGet(44)) - raft.server.log.statemachine.data.sync = true (default)
2020-12-08 01:58:18,741 [pool-257-thread-1] INFO  server.RaftServerConfigKeys (ConfUtils.java:logGet(44)) - raft.server.log.statemachine.data.sync.timeout = 10s (default)
2020-12-08 01:58:18,742 [pool-257-thread-1] INFO  server.RaftServerConfigKeys (ConfUtils.java:logGet(44)) - raft.server.log.statemachine.data.sync.timeout.retry = -1 (default)
2020-12-08 01:58:18,744 [pool-257-thread-1] INFO  server.RaftServerConfigKeys (ConfUtils.java:logGet(44)) - raft.server.log.statemachine.data.caching.enabled = true (custom)
2020-12-08 01:58:18,744 [pool-257-thread-1] INFO  segmented.SegmentedRaftLogWorker (SegmentedRaftLogWorker.java:lambda$new$0(129)) - ab1d11b0-5e74-4d38-b665-6acb1b1e4e59@group-A0906E24071F-SegmentedRaftLogWorker: flushIndex: setUnconditionally 0 -> -1
2020-12-08 01:58:18,745 [pool-257-thread-1] INFO  segmented.SegmentedRaftLogWorker (SegmentedRaftLogWorker.java:lambda$new$0(129)) - ab1d11b0-5e74-4d38-b665-6acb1b1e4e59@group-A0906E24071F-SegmentedRaftLogWorker: safeCacheEvictIndex: setUnconditionally 0 -> -1
2020-12-08 01:58:18,748 [pool-257-thread-1] INFO  server.RaftServerConfigKeys (ConfUtils.java:logGet(44)) - raft.server.snapshot.auto.trigger.enabled = true (custom)
2020-12-08 01:58:18,748 [pool-257-thread-1] INFO  server.RaftServerConfigKeys (ConfUtils.java:logGet(44)) - raft.server.snapshot.auto.trigger.threshold = 10000 (custom)
2020-12-08 01:58:18,748 [pool-257-thread-1] INFO  server.RaftServerConfigKeys (ConfUtils.java:logGet(44)) - raft.server.snapshot.retention.file.num = 5 (custom)
2020-12-08 01:58:18,748 [pool-257-thread-1] INFO  server.RaftServerConfigKeys (ConfUtils.java:logGet(44)) - raft.server.log.purge.upto.snapshot.index = false (default)
2020-12-08 01:58:18,748 [pool-257-thread-1] INFO  server.RaftServerConfigKeys (ConfUtils.java:logGet(44)) - raft.server.retrycache.expirytime = 600000ms (custom)
2020-12-08 01:58:18,749 [pool-257-thread-1] INFO  metrics.RatisMetrics (RatisMetrics.java:lambda$create$0(36)) - Creating Metrics Registry : ratis.leader_election.ab1d11b0-5e74-4d38-b665-6acb1b1e4e59@group-A0906E24071F
2020-12-08 01:58:18,749 [pool-257-thread-1] INFO  metrics.RatisMetrics (RatisMetrics.java:lambda$create$0(36)) - Creating Metrics Registry : ratis.server.ab1d11b0-5e74-4d38-b665-6acb1b1e4e59@group-A0906E24071F
2020-12-08 01:58:18,750 [pool-257-thread-1] INFO  impl.RaftServerImpl (RaftServerImpl.java:start(215)) - ab1d11b0-5e74-4d38-b665-6acb1b1e4e59@group-A0906E24071F: start as a follower, conf=-1: [ab1d11b0-5e74-4d38-b665-6acb1b1e4e59|rpc:172.17.0.2:43893], old=null
2020-12-08 01:58:18,750 [pool-257-thread-1] INFO  impl.RaftServerImpl (RaftServerImpl.java:setRole(204)) - ab1d11b0-5e74-4d38-b665-6acb1b1e4e59@group-A0906E24071F: changes role from      null to FOLLOWER at term 0 for startAsFollower
2020-12-08 01:58:18,751 [pool-257-thread-1] INFO  impl.RoleInfo (RoleInfo.java:updateAndGet(143)) - ab1d11b0-5e74-4d38-b665-6acb1b1e4e59: start ab1d11b0-5e74-4d38-b665-6acb1b1e4e59@group-A0906E24071F-FollowerState
2020-12-08 01:58:18,751 [pool-257-thread-1] INFO  util.JmxRegister (JmxRegister.java:tryRegister(44)) - Successfully registered JMX Bean with object name Ratis:service=RaftServer,group=group-A0906E24071F,id=ab1d11b0-5e74-4d38-b665-6acb1b1e4e59
2020-12-08 01:58:18,751 [pool-257-thread-1] INFO  metrics.RatisMetrics (RatisMetrics.java:lambda$create$0(36)) - Creating Metrics Registry : ratis.state_machine.ab1d11b0-5e74-4d38-b665-6acb1b1e4e59@group-A0906E24071F
2020-12-08 01:58:18,752 [Command processor thread] INFO  commandhandler.CreatePipelineCommandHandler (CreatePipelineCommandHandler.java:handle(106)) - Created Pipeline RATIS ONE PipelineID=c14d7965-46e0-47c5-8601-a0906e24071f.
2020-12-08 01:58:18,951 [Listener at 127.0.0.1/34557] INFO  ozone.MiniOzoneClusterImpl (MiniOzoneClusterImpl.java:lambda$waitForClusterToBeReady$0(178)) - Nodes are ready. Got 7 of 7 DN Heartbeats.
2020-12-08 01:58:18,951 [Listener at 127.0.0.1/34557] INFO  ozone.MiniOzoneClusterImpl (MiniOzoneClusterImpl.java:lambda$waitForClusterToBeReady$0(181)) - Waiting for cluster to exit safe mode
2020-12-08 01:58:18,957 [Command processor thread] INFO  impl.RaftServerProxy (RaftServerProxy.java:addNew(93)) - be1361e3-69b4-4f11-b723-c9a04e197c79: addNew group-0A7006F194FA:[be1361e3-69b4-4f11-b723-c9a04e197c79|rpc:172.17.0.2:41063] returns group-0A7006F194FA:java.util.concurrent.CompletableFuture@74174a6d[Not completed]
2020-12-08 01:58:18,958 [pool-273-thread-1] INFO  impl.RaftServerImpl (RaftServerImpl.java:<init>(121)) - be1361e3-69b4-4f11-b723-c9a04e197c79: new RaftServerImpl for group-0A7006F194FA:[be1361e3-69b4-4f11-b723-c9a04e197c79|rpc:172.17.0.2:41063] with ContainerStateMachine:uninitialized
2020-12-08 01:58:18,958 [pool-273-thread-1] INFO  server.RaftServerConfigKeys (ConfUtils.java:logGet(44)) - raft.server.rpc.timeout.min = 5s (custom)
2020-12-08 01:58:18,958 [pool-273-thread-1] INFO  server.RaftServerConfigKeys (ConfUtils.java:logGet(44)) - raft.server.rpc.timeout.max = 5200ms (custom)
2020-12-08 01:58:18,959 [pool-273-thread-1] INFO  server.RaftServerConfigKeys (ConfUtils.java:logGet(44)) - raft.server.rpc.slowness.timeout = 300s (custom)
2020-12-08 01:58:18,959 [pool-273-thread-1] INFO  server.RaftServerConfigKeys (ConfUtils.java:logGet(44)) - raft.server.leaderelection.leader.step-down.wait-time = 10s (default)
2020-12-08 01:58:18,959 [pool-273-thread-1] INFO  server.RaftServerConfigKeys (ConfUtils.java:logGet(44)) - raft.server.sleep.deviation.threshold = 300 (default)
2020-12-08 01:58:18,959 [pool-273-thread-1] INFO  server.RaftServerConfigKeys (ConfUtils.java:logGet(44)) - raft.server.log.appender.install.snapshot.enabled = false (custom)
2020-12-08 01:58:18,959 [pool-273-thread-1] INFO  impl.RaftServerImpl (ServerState.java:<init>(104)) - be1361e3-69b4-4f11-b723-c9a04e197c79@group-0A7006F194FA: ConfigurationManager, init=-1: [be1361e3-69b4-4f11-b723-c9a04e197c79|rpc:172.17.0.2:41063], old=null, confs=<EMPTY_MAP>
2020-12-08 01:58:18,959 [pool-273-thread-1] INFO  server.RaftServerConfigKeys (ConfUtils.java:logGet(44)) - raft.server.storage.dir = [/github/workspace/mnt/ozone/hadoop-ozone/integration-test/target/test-dir/MiniOzoneClusterImpl-fe278d26-eb6d-413e-b3f8-43e11913de58/datanode-6/data/ratis] (custom)
2020-12-08 01:58:18,959 [pool-273-thread-1] INFO  server.RaftServerConfigKeys (ConfUtils.java:logGet(44)) - raft.server.log.corruption.policy = EXCEPTION (default)
2020-12-08 01:58:18,959 [pool-273-thread-1] INFO  storage.RaftStorageDirectory (RaftStorageDirectory.java:analyzeStorage(261)) - The storage directory /github/workspace/mnt/ozone/hadoop-ozone/integration-test/target/test-dir/MiniOzoneClusterImpl-fe278d26-eb6d-413e-b3f8-43e11913de58/datanode-6/data/ratis/b0eee72a-d72c-4cd7-8f27-0a7006f194fa does not exist. Creating ...
2020-12-08 01:58:18,961 [pool-273-thread-1] INFO  storage.RaftStorageDirectory (RaftStorageDirectory.java:tryLock(343)) - Lock on /github/workspace/mnt/ozone/hadoop-ozone/integration-test/target/test-dir/MiniOzoneClusterImpl-fe278d26-eb6d-413e-b3f8-43e11913de58/datanode-6/data/ratis/b0eee72a-d72c-4cd7-8f27-0a7006f194fa/in_use.lock acquired by nodename 31973@11cef1ca5a88
2020-12-08 01:58:18,964 [pool-273-thread-1] INFO  storage.RaftStorage (RaftStorage.java:format(85)) - Storage directory /github/workspace/mnt/ozone/hadoop-ozone/integration-test/target/test-dir/MiniOzoneClusterImpl-fe278d26-eb6d-413e-b3f8-43e11913de58/datanode-6/data/ratis/b0eee72a-d72c-4cd7-8f27-0a7006f194fa has been successfully formatted.
2020-12-08 01:58:18,964 [pool-273-thread-1] INFO  ratis.ContainerStateMachine (ContainerStateMachine.java:loadSnapshot(225)) - group-0A7006F194FA: The snapshot info is null. Setting the last applied indexto:(t:0, i:~)
2020-12-08 01:58:18,964 [pool-273-thread-1] INFO  server.RaftServerConfigKeys (ConfUtils.java:logGet(44)) - raft.server.notification.no-leader.timeout = 300s (custom)
2020-12-08 01:58:18,965 [pool-273-thread-1] INFO  server.RaftServerConfigKeys (ConfUtils.java:logGet(44)) - raft.server.log.use.memory = false (default)
2020-12-08 01:58:18,965 [pool-273-thread-1] INFO  server.RaftServerConfigKeys (ConfUtils.java:logGet(44)) - raft.server.log.purge.gap = 1000000 (custom)
2020-12-08 01:58:18,965 [pool-273-thread-1] INFO  metrics.RatisMetrics (RatisMetrics.java:lambda$create$0(36)) - Creating Metrics Registry : ratis.log_worker.be1361e3-69b4-4f11-b723-c9a04e197c79@group-0A7006F194FA
2020-12-08 01:58:18,965 [pool-273-thread-1] INFO  server.RaftServerConfigKeys (ConfUtils.java:logGet(44)) - raft.server.log.appender.buffer.byte-limit = 33554432 (custom)
2020-12-08 01:58:18,965 [EventQueue-PipelineReportForOneReplicaPipelineSafeModeRule] INFO  safemode.SCMSafeModeManager (SCMSafeModeManager.java:validateSafeModeExitRules(214)) - AtleastOneDatanodeReportedRule rule is successfully validated
2020-12-08 01:58:18,965 [pool-273-thread-1] INFO  server.RaftServerConfigKeys (ConfUtils.java:logGet(44)) - raft.server.log.segment.size.max = 1048576 (custom)
2020-12-08 01:58:18,966 [EventQueue-PipelineReportForPipelineReportHandler] INFO  pipeline.PipelineStateManager (PipelineStateManager.java:openPipeline(132)) - Pipeline Pipeline[ Id: b0eee72a-d72c-4cd7-8f27-0a7006f194fa, Nodes: be1361e3-69b4-4f11-b723-c9a04e197c79{ip: 172.17.0.2, host: 11cef1ca5a88, networkLocation: /default-rack, certSerialId: null, persistedOpState: IN_SERVICE, persistedOpStateExpiryEpochSec: 0}, Type:RATIS, Factor:ONE, State:ALLOCATED, leaderId:be1361e3-69b4-4f11-b723-c9a04e197c79, CreationTimestamp2020-12-08T01:58:15.956Z] moved to OPEN state
2020-12-08 01:58:18,966 [pool-273-thread-1] INFO  server.RaftServerConfigKeys (ConfUtils.java:logGet(44)) - raft.server.log.segment.cache.num.max = 2 (custom)
2020-12-08 01:58:18,966 [pool-273-thread-1] INFO  segmented.SegmentedRaftLogWorker (SegmentedRaftLogWorker.java:<init>(180)) - new be1361e3-69b4-4f11-b723-c9a04e197c79@group-0A7006F194FA-SegmentedRaftLogWorker for RaftStorage:Storage Directory /github/workspace/mnt/ozone/hadoop-ozone/integration-test/target/test-dir/MiniOzoneClusterImpl-fe278d26-eb6d-413e-b3f8-43e11913de58/datanode-6/data/ratis/b0eee72a-d72c-4cd7-8f27-0a7006f194fa
2020-12-08 01:58:18,966 [pool-273-thread-1] INFO  server.RaftServerConfigKeys (ConfUtils.java:logGet(44)) - raft.server.log.queue.byte-limit = 2147483647 (custom)
2020-12-08 01:58:18,966 [EventQueue-OpenPipelineForHealthyPipelineSafeModeRule] INFO  safemode.SCMSafeModeManager (HealthyPipelineSafeModeRule.java:process(128)) - SCM in safe mode. Healthy pipelines reported count is 0, required healthy pipeline reported count is 1
2020-12-08 01:58:18,966 [pool-273-thread-1] INFO  server.RaftServerConfigKeys (ConfUtils.java:logGet(44)) - raft.server.log.queue.element-limit = 1024 (custom)
2020-12-08 01:58:18,967 [pool-273-thread-1] INFO  server.RaftServerConfigKeys (ConfUtils.java:logGet(44)) - raft.server.log.segment.size.max = 1048576 (custom)
2020-12-08 01:58:18,967 [pool-273-thread-1] INFO  server.RaftServerConfigKeys (ConfUtils.java:logGet(44)) - raft.server.log.preallocated.size = 16384 (custom)
2020-12-08 01:58:18,967 [pool-273-thread-1] INFO  server.RaftServerConfigKeys (ConfUtils.java:logGet(44)) - raft.server.log.write.buffer.size = 1048576 (custom)
2020-12-08 01:58:18,968 [pool-273-thread-1] INFO  server.RaftServerConfigKeys (ConfUtils.java:logGet(44)) - raft.server.log.force.sync.num = 128 (default)
2020-12-08 01:58:18,968 [pool-273-thread-1] INFO  server.RaftServerConfigKeys (ConfUtils.java:logGet(44)) - raft.server.log.statemachine.data.sync = true (default)
2020-12-08 01:58:18,968 [pool-273-thread-1] INFO  server.RaftServerConfigKeys (ConfUtils.java:logGet(44)) - raft.server.log.statemachine.data.sync.timeout = 10s (default)
2020-12-08 01:58:18,968 [pool-273-thread-1] INFO  server.RaftServerConfigKeys (ConfUtils.java:logGet(44)) - raft.server.log.statemachine.data.sync.timeout.retry = -1 (default)
2020-12-08 01:58:18,970 [pool-273-thread-1] INFO  server.RaftServerConfigKeys (ConfUtils.java:logGet(44)) - raft.server.log.statemachine.data.caching.enabled = true (custom)
2020-12-08 01:58:18,970 [pool-273-thread-1] INFO  segmented.SegmentedRaftLogWorker (SegmentedRaftLogWorker.java:lambda$new$0(129)) - be1361e3-69b4-4f11-b723-c9a04e197c79@group-0A7006F194FA-SegmentedRaftLogWorker: flushIndex: setUnconditionally 0 -> -1
2020-12-08 01:58:18,970 [pool-273-thread-1] INFO  segmented.SegmentedRaftLogWorker (SegmentedRaftLogWorker.java:lambda$new$0(129)) - be1361e3-69b4-4f11-b723-c9a04e197c79@group-0A7006F194FA-SegmentedRaftLogWorker: safeCacheEvictIndex: setUnconditionally 0 -> -1
2020-12-08 01:58:18,971 [pool-273-thread-1] INFO  server.RaftServerConfigKeys (ConfUtils.java:logGet(44)) - raft.server.snapshot.auto.trigger.enabled = true (custom)
2020-12-08 01:58:18,971 [pool-273-thread-1] INFO  server.RaftServerConfigKeys (ConfUtils.java:logGet(44)) - raft.server.snapshot.auto.trigger.threshold = 10000 (custom)
2020-12-08 01:58:18,971 [pool-273-thread-1] INFO  server.RaftServerConfigKeys (ConfUtils.java:logGet(44)) - raft.server.snapshot.retention.file.num = 5 (custom)
2020-12-08 01:58:18,971 [pool-273-thread-1] INFO  server.RaftServerConfigKeys (ConfUtils.java:logGet(44)) - raft.server.log.purge.upto.snapshot.index = false (default)
2020-12-08 01:58:18,971 [pool-273-thread-1] INFO  server.RaftServerConfigKeys (ConfUtils.java:logGet(44)) - raft.server.retrycache.expirytime = 600000ms (custom)
2020-12-08 01:58:18,972 [pool-273-thread-1] INFO  metrics.RatisMetrics (RatisMetrics.java:lambda$create$0(36)) - Creating Metrics Registry : ratis.leader_election.be1361e3-69b4-4f11-b723-c9a04e197c79@group-0A7006F194FA
2020-12-08 01:58:18,972 [pool-273-thread-1] INFO  metrics.RatisMetrics (RatisMetrics.java:lambda$create$0(36)) - Creating Metrics Registry : ratis.server.be1361e3-69b4-4f11-b723-c9a04e197c79@group-0A7006F194FA
2020-12-08 01:58:18,973 [pool-273-thread-1] INFO  impl.RaftServerImpl (RaftServerImpl.java:start(215)) - be1361e3-69b4-4f11-b723-c9a04e197c79@group-0A7006F194FA: start as a follower, conf=-1: [be1361e3-69b4-4f11-b723-c9a04e197c79|rpc:172.17.0.2:41063], old=null
2020-12-08 01:58:18,973 [pool-273-thread-1] INFO  impl.RaftServerImpl (RaftServerImpl.java:setRole(204)) - be1361e3-69b4-4f11-b723-c9a04e197c79@group-0A7006F194FA: changes role from      null to FOLLOWER at term 0 for startAsFollower
2020-12-08 01:58:18,974 [pool-273-thread-1] INFO  impl.RoleInfo (RoleInfo.java:updateAndGet(143)) - be1361e3-69b4-4f11-b723-c9a04e197c79: start be1361e3-69b4-4f11-b723-c9a04e197c79@group-0A7006F194FA-FollowerState
2020-12-08 01:58:18,974 [pool-273-thread-1] INFO  util.JmxRegister (JmxRegister.java:tryRegister(44)) - Successfully registered JMX Bean with object name Ratis:service=RaftServer,group=group-0A7006F194FA,id=be1361e3-69b4-4f11-b723-c9a04e197c79
2020-12-08 01:58:18,974 [pool-273-thread-1] INFO  metrics.RatisMetrics (RatisMetrics.java:lambda$create$0(36)) - Creating Metrics Registry : ratis.state_machine.be1361e3-69b4-4f11-b723-c9a04e197c79@group-0A7006F194FA
2020-12-08 01:58:18,975 [Command processor thread] INFO  commandhandler.CreatePipelineCommandHandler (CreatePipelineCommandHandler.java:handle(106)) - Created Pipeline RATIS ONE PipelineID=b0eee72a-d72c-4cd7-8f27-0a7006f194fa.
2020-12-08 01:58:19,952 [Listener at 127.0.0.1/34557] INFO  ozone.MiniOzoneClusterImpl (MiniOzoneClusterImpl.java:lambda$waitForClusterToBeReady$0(178)) - Nodes are ready. Got 7 of 7 DN Heartbeats.
2020-12-08 01:58:19,952 [Listener at 127.0.0.1/34557] INFO  ozone.MiniOzoneClusterImpl (MiniOzoneClusterImpl.java:lambda$waitForClusterToBeReady$0(181)) - Waiting for cluster to exit safe mode
2020-12-08 01:58:20,952 [Listener at 127.0.0.1/34557] INFO  ozone.MiniOzoneClusterImpl (MiniOzoneClusterImpl.java:lambda$waitForClusterToBeReady$0(178)) - Nodes are ready. Got 7 of 7 DN Heartbeats.
2020-12-08 01:58:20,953 [Listener at 127.0.0.1/34557] INFO  ozone.MiniOzoneClusterImpl (MiniOzoneClusterImpl.java:lambda$waitForClusterToBeReady$0(181)) - Waiting for cluster to exit safe mode
2020-12-08 01:58:21,953 [Listener at 127.0.0.1/34557] INFO  ozone.MiniOzoneClusterImpl (MiniOzoneClusterImpl.java:lambda$waitForClusterToBeReady$0(178)) - Nodes are ready. Got 7 of 7 DN Heartbeats.
2020-12-08 01:58:21,953 [Listener at 127.0.0.1/34557] INFO  ozone.MiniOzoneClusterImpl (MiniOzoneClusterImpl.java:lambda$waitForClusterToBeReady$0(181)) - Waiting for cluster to exit safe mode
2020-12-08 01:58:22,761 [Thread-618] INFO  impl.FollowerState (FollowerState.java:run(128)) - 77c31ea0-0b12-4fcd-af92-232a93661e69@group-2A5E937CD381-FollowerState: change to CANDIDATE, lastRpcTime:5033ms, electionTimeout:5020ms
2020-12-08 01:58:22,761 [Thread-618] INFO  impl.RoleInfo (RoleInfo.java:shutdownFollowerState(121)) - 77c31ea0-0b12-4fcd-af92-232a93661e69: shutdown 77c31ea0-0b12-4fcd-af92-232a93661e69@group-2A5E937CD381-FollowerState
2020-12-08 01:58:22,761 [Thread-618] INFO  impl.RaftServerImpl (RaftServerImpl.java:setRole(204)) - 77c31ea0-0b12-4fcd-af92-232a93661e69@group-2A5E937CD381: changes role from  FOLLOWER to CANDIDATE at term 0 for changeToCandidate
2020-12-08 01:58:22,762 [Thread-618] INFO  impl.RoleInfo (RoleInfo.java:updateAndGet(143)) - 77c31ea0-0b12-4fcd-af92-232a93661e69: start 77c31ea0-0b12-4fcd-af92-232a93661e69@group-2A5E937CD381-LeaderElection13
2020-12-08 01:58:22,767 [77c31ea0-0b12-4fcd-af92-232a93661e69@group-2A5E937CD381-LeaderElection13] INFO  impl.LeaderElection (LeaderElection.java:askForVotes(215)) - 77c31ea0-0b12-4fcd-af92-232a93661e69@group-2A5E937CD381-LeaderElection13: begin an election at term 1 for -1: [c512f228-7a92-4ae7-b739-1627a2a73a2a|rpc:172.17.0.2:38631|dataStream:, 4d7665c3-83ba-40ae-a15f-238c06fe965e|rpc:172.17.0.2:40243|dataStream:, 77c31ea0-0b12-4fcd-af92-232a93661e69|rpc:172.17.0.2:36781|dataStream:], old=null
2020-12-08 01:58:22,775 [grpc-default-executor-0] INFO  metrics.RatisMetrics (RatisMetrics.java:lambda$create$0(36)) - Creating Metrics Registry : ratis.server_message_metrics.c512f228-7a92-4ae7-b739-1627a2a73a2a
2020-12-08 01:58:22,782 [grpc-default-executor-0] INFO  impl.RaftServerImpl (RaftServerImpl.java:setRole(204)) - c512f228-7a92-4ae7-b739-1627a2a73a2a@group-2A5E937CD381: changes role from  FOLLOWER to FOLLOWER at term 1 for recognizeCandidate:77c31ea0-0b12-4fcd-af92-232a93661e69
2020-12-08 01:58:22,782 [grpc-default-executor-0] INFO  impl.RoleInfo (RoleInfo.java:shutdownFollowerState(121)) - c512f228-7a92-4ae7-b739-1627a2a73a2a: shutdown c512f228-7a92-4ae7-b739-1627a2a73a2a@group-2A5E937CD381-FollowerState
2020-12-08 01:58:22,782 [grpc-default-executor-0] INFO  impl.RoleInfo (RoleInfo.java:updateAndGet(143)) - c512f228-7a92-4ae7-b739-1627a2a73a2a: start c512f228-7a92-4ae7-b739-1627a2a73a2a@group-2A5E937CD381-FollowerState
2020-12-08 01:58:22,782 [Thread-613] INFO  impl.FollowerState (FollowerState.java:run(137)) - c512f228-7a92-4ae7-b739-1627a2a73a2a@group-2A5E937CD381-FollowerState was interrupted: {}
java.lang.InterruptedException: sleep interrupted
	at java.lang.Thread.sleep(Native Method)
	at org.apache.ratis.util.JavaUtils.sleep(JavaUtils.java:250)
	at org.apache.ratis.server.impl.FollowerState.run(FollowerState.java:116)
2020-12-08 01:58:22,785 [grpc-default-executor-0] INFO  impl.RaftServerImpl (RaftServerImpl.java:requestVote(963)) -  FOLLOWER c512f228-7a92-4ae7-b739-1627a2a73a2a@group-2A5E937CD381:t1, leader=null, voted=null, raftlog=c512f228-7a92-4ae7-b739-1627a2a73a2a@group-2A5E937CD381-SegmentedRaftLog:OPENED:c-1,f-1,i0, conf=-1: [c512f228-7a92-4ae7-b739-1627a2a73a2a|rpc:172.17.0.2:38631, 4d7665c3-83ba-40ae-a15f-238c06fe965e|rpc:172.17.0.2:40243, 77c31ea0-0b12-4fcd-af92-232a93661e69|rpc:172.17.0.2:36781], old=null RUNNING priority:0 candidate:77c31ea0-0b12-4fcd-af92-232a93661e69|rpc:172.17.0.2:36781 candidatePriority:0 compare:0
2020-12-08 01:58:22,789 [grpc-default-executor-2] INFO  impl.RaftServerImpl (RaftServerImpl.java:setRole(204)) - 4d7665c3-83ba-40ae-a15f-238c06fe965e@group-2A5E937CD381: changes role from  FOLLOWER to FOLLOWER at term 1 for recognizeCandidate:77c31ea0-0b12-4fcd-af92-232a93661e69
2020-12-08 01:58:22,790 [grpc-default-executor-2] INFO  impl.RoleInfo (RoleInfo.java:shutdownFollowerState(121)) - 4d7665c3-83ba-40ae-a15f-238c06fe965e: shutdown 4d7665c3-83ba-40ae-a15f-238c06fe965e@group-2A5E937CD381-FollowerState
2020-12-08 01:58:22,790 [grpc-default-executor-2] INFO  impl.RoleInfo (RoleInfo.java:updateAndGet(143)) - 4d7665c3-83ba-40ae-a15f-238c06fe965e: start 4d7665c3-83ba-40ae-a15f-238c06fe965e@group-2A5E937CD381-FollowerState
2020-12-08 01:58:22,790 [Thread-615] INFO  impl.FollowerState (FollowerState.java:run(137)) - 4d7665c3-83ba-40ae-a15f-238c06fe965e@group-2A5E937CD381-FollowerState was interrupted: {}
java.lang.InterruptedException: sleep interrupted
	at java.lang.Thread.sleep(Native Method)
	at org.apache.ratis.util.JavaUtils.sleep(JavaUtils.java:250)
	at org.apache.ratis.server.impl.FollowerState.run(FollowerState.java:116)
2020-12-08 01:58:22,791 [Thread-611] INFO  impl.FollowerState (FollowerState.java:run(128)) - c512f228-7a92-4ae7-b739-1627a2a73a2a@group-1C572AC61509-FollowerState: change to CANDIDATE, lastRpcTime:5155ms, electionTimeout:5149ms
2020-12-08 01:58:22,794 [Thread-611] INFO  impl.RoleInfo (RoleInfo.java:shutdownFollowerState(121)) - c512f228-7a92-4ae7-b739-1627a2a73a2a: shutdown c512f228-7a92-4ae7-b739-1627a2a73a2a@group-1C572AC61509-FollowerState
2020-12-08 01:58:22,794 [Thread-611] INFO  impl.RaftServerImpl (RaftServerImpl.java:setRole(204)) - c512f228-7a92-4ae7-b739-1627a2a73a2a@group-1C572AC61509: changes role from  FOLLOWER to CANDIDATE at term 0 for changeToCandidate
2020-12-08 01:58:22,794 [Thread-611] INFO  impl.RoleInfo (RoleInfo.java:updateAndGet(143)) - c512f228-7a92-4ae7-b739-1627a2a73a2a: start c512f228-7a92-4ae7-b739-1627a2a73a2a@group-1C572AC61509-LeaderElection14
2020-12-08 01:58:22,791 [grpc-default-executor-2] INFO  impl.RaftServerImpl (RaftServerImpl.java:requestVote(963)) -  FOLLOWER 4d7665c3-83ba-40ae-a15f-238c06fe965e@group-2A5E937CD381:t1, leader=null, voted=null, raftlog=4d7665c3-83ba-40ae-a15f-238c06fe965e@group-2A5E937CD381-SegmentedRaftLog:OPENED:c-1,f-1,i0, conf=-1: [c512f228-7a92-4ae7-b739-1627a2a73a2a|rpc:172.17.0.2:38631|dataStream:, 4d7665c3-83ba-40ae-a15f-238c06fe965e|rpc:172.17.0.2:40243|dataStream:, 77c31ea0-0b12-4fcd-af92-232a93661e69|rpc:172.17.0.2:36781|dataStream:], old=null RUNNING priority:0 candidate:77c31ea0-0b12-4fcd-af92-232a93661e69|rpc:172.17.0.2:36781|dataStream: candidatePriority:0 compare:0
2020-12-08 01:58:22,796 [77c31ea0-0b12-4fcd-af92-232a93661e69@group-2A5E937CD381-LeaderElection13] INFO  impl.LeaderElection (LeaderElection.java:logAndReturn(65)) - 77c31ea0-0b12-4fcd-af92-232a93661e69@group-2A5E937CD381-LeaderElection13: Election PASSED; received 1 response(s) [77c31ea0-0b12-4fcd-af92-232a93661e69<-c512f228-7a92-4ae7-b739-1627a2a73a2a#0:OK-t1] and 0 exception(s); 77c31ea0-0b12-4fcd-af92-232a93661e69@group-2A5E937CD381:t1, leader=null, voted=77c31ea0-0b12-4fcd-af92-232a93661e69, raftlog=77c31ea0-0b12-4fcd-af92-232a93661e69@group-2A5E937CD381-SegmentedRaftLog:OPENED:c-1,f-1,i0, conf=-1: [c512f228-7a92-4ae7-b739-1627a2a73a2a|rpc:172.17.0.2:38631|dataStream:, 4d7665c3-83ba-40ae-a15f-238c06fe965e|rpc:172.17.0.2:40243|dataStream:, 77c31ea0-0b12-4fcd-af92-232a93661e69|rpc:172.17.0.2:36781|dataStream:], old=null
2020-12-08 01:58:22,796 [77c31ea0-0b12-4fcd-af92-232a93661e69@group-2A5E937CD381-LeaderElection13] INFO  impl.RoleInfo (RoleInfo.java:shutdownLeaderElection(134)) - 77c31ea0-0b12-4fcd-af92-232a93661e69: shutdown 77c31ea0-0b12-4fcd-af92-232a93661e69@group-2A5E937CD381-LeaderElection13
2020-12-08 01:58:22,796 [77c31ea0-0b12-4fcd-af92-232a93661e69@group-2A5E937CD381-LeaderElection13] INFO  impl.RaftServerImpl (RaftServerImpl.java:setRole(204)) - 77c31ea0-0b12-4fcd-af92-232a93661e69@group-2A5E937CD381: changes role from CANDIDATE to LEADER at term 1 for changeToLeader
2020-12-08 01:58:22,797 [77c31ea0-0b12-4fcd-af92-232a93661e69@group-2A5E937CD381-LeaderElection13] INFO  ratis.XceiverServerRatis (XceiverServerRatis.java:handleLeaderChangedNotification(854)) - Leader change notification received for group: group-2A5E937CD381 with new leaderId: 77c31ea0-0b12-4fcd-af92-232a93661e69
2020-12-08 01:58:22,797 [77c31ea0-0b12-4fcd-af92-232a93661e69@group-2A5E937CD381-LeaderElection13] INFO  impl.RaftServerImpl (ServerState.java:setLeader(256)) - 77c31ea0-0b12-4fcd-af92-232a93661e69@group-2A5E937CD381: change Leader from null to 77c31ea0-0b12-4fcd-af92-232a93661e69 at term 1 for becomeLeader, leader elected after 5080ms
2020-12-08 01:58:22,797 [77c31ea0-0b12-4fcd-af92-232a93661e69@group-2A5E937CD381-LeaderElection13] INFO  server.RaftServerConfigKeys (ConfUtils.java:logGet(44)) - raft.server.staging.catchup.gap = 1000 (default)
2020-12-08 01:58:22,798 [77c31ea0-0b12-4fcd-af92-232a93661e69@group-2A5E937CD381-LeaderElection13] INFO  server.RaftServerConfigKeys (ConfUtils.java:logGet(44)) - raft.server.rpc.sleep.time = 25ms (default)
2020-12-08 01:58:22,798 [EventQueue-OpenPipelineForHealthyPipelineSafeModeRule] INFO  safemode.SCMSafeModeManager (HealthyPipelineSafeModeRule.java:process(128)) - SCM in safe mode. Healthy pipelines reported count is 0, required healthy pipeline reported count is 1
2020-12-08 01:58:22,798 [EventQueue-PipelineReportForPipelineReportHandler] INFO  pipeline.PipelineStateManager (PipelineStateManager.java:openPipeline(132)) - Pipeline Pipeline[ Id: c767db6c-927c-4df9-a0a1-2a5e937cd381, Nodes: 4d7665c3-83ba-40ae-a15f-238c06fe965e{ip: 172.17.0.2, host: 11cef1ca5a88, networkLocation: /default-rack, certSerialId: null, persistedOpState: IN_SERVICE, persistedOpStateExpiryEpochSec: 0}77c31ea0-0b12-4fcd-af92-232a93661e69{ip: 172.17.0.2, host: 11cef1ca5a88, networkLocation: /default-rack, certSerialId: null, persistedOpState: IN_SERVICE, persistedOpStateExpiryEpochSec: 0}c512f228-7a92-4ae7-b739-1627a2a73a2a{ip: 172.17.0.2, host: 11cef1ca5a88, networkLocation: /default-rack, certSerialId: null, persistedOpState: IN_SERVICE, persistedOpStateExpiryEpochSec: 0}, Type:RATIS, Factor:THREE, State:ALLOCATED, leaderId:77c31ea0-0b12-4fcd-af92-232a93661e69, CreationTimestamp2020-12-08T01:58:15.068Z] moved to OPEN state
2020-12-08 01:58:22,798 [EventQueue-PipelineReportForOneReplicaPipelineSafeModeRule] INFO  safemode.SCMSafeModeManager (SCMSafeModeManager.java:validateSafeModeExitRules(214)) - AtleastOneDatanodeReportedRule rule is successfully validated
2020-12-08 01:58:22,806 [EventQueue-OpenPipelineForHealthyPipelineSafeModeRule] INFO  safemode.SCMSafeModeManager (HealthyPipelineSafeModeRule.java:process(128)) - SCM in safe mode. Healthy pipelines reported count is 1, required healthy pipeline reported count is 1
2020-12-08 01:58:22,798 [77c31ea0-0b12-4fcd-af92-232a93661e69@group-2A5E937CD381-LeaderElection13] INFO  metrics.RatisMetrics (RatisMetrics.java:lambda$create$0(36)) - Creating Metrics Registry : ratis.log_appender.77c31ea0-0b12-4fcd-af92-232a93661e69@group-2A5E937CD381
2020-12-08 01:58:22,810 [EventQueue-OpenPipelineForHealthyPipelineSafeModeRule] INFO  safemode.SCMSafeModeManager (SCMSafeModeManager.java:validateSafeModeExitRules(214)) - HealthyPipelineSafeModeRule rule is successfully validated
2020-12-08 01:58:22,811 [EventQueue-OpenPipelineForHealthyPipelineSafeModeRule] INFO  safemode.SCMSafeModeManager (SCMSafeModeManager.java:validateSafeModeExitRules(228)) - ScmSafeModeManager, all rules are successfully validated
2020-12-08 01:58:22,811 [EventQueue-OpenPipelineForHealthyPipelineSafeModeRule] INFO  safemode.SCMSafeModeManager (SCMSafeModeManager.java:exitSafeMode(257)) - SCM exiting safe mode.
2020-12-08 01:58:22,811 [77c31ea0-0b12-4fcd-af92-232a93661e69@group-2A5E937CD381-LeaderElection13] INFO  server.RaftServerConfigKeys (ConfUtils.java:logGet(44)) - raft.server.write.element-limit = 1024 (custom)
2020-12-08 01:58:22,811 [77c31ea0-0b12-4fcd-af92-232a93661e69@group-2A5E937CD381-LeaderElection13] INFO  server.RaftServerConfigKeys (ConfUtils.java:logGet(44)) - raft.server.write.byte-limit = 1073741824 (custom)
2020-12-08 01:58:22,811 [c512f228-7a92-4ae7-b739-1627a2a73a2a@group-1C572AC61509-LeaderElection14] INFO  impl.LeaderElection (LeaderElection.java:askForVotes(215)) - c512f228-7a92-4ae7-b739-1627a2a73a2a@group-1C572AC61509-LeaderElection14: begin an election at term 1 for -1: [c512f228-7a92-4ae7-b739-1627a2a73a2a|rpc:172.17.0.2:38631], old=null
2020-12-08 01:58:22,812 [c512f228-7a92-4ae7-b739-1627a2a73a2a@group-1C572AC61509-LeaderElection14] INFO  impl.RoleInfo (RoleInfo.java:shutdownLeaderElection(134)) - c512f228-7a92-4ae7-b739-1627a2a73a2a: shutdown c512f228-7a92-4ae7-b739-1627a2a73a2a@group-1C572AC61509-LeaderElection14
2020-12-08 01:58:22,812 [c512f228-7a92-4ae7-b739-1627a2a73a2a@group-1C572AC61509-LeaderElection14] INFO  impl.RaftServerImpl (RaftServerImpl.java:setRole(204)) - c512f228-7a92-4ae7-b739-1627a2a73a2a@group-1C572AC61509: changes role from CANDIDATE to LEADER at term 1 for changeToLeader
2020-12-08 01:58:22,812 [c512f228-7a92-4ae7-b739-1627a2a73a2a@group-1C572AC61509-LeaderElection14] INFO  ratis.XceiverServerRatis (XceiverServerRatis.java:handleLeaderChangedNotification(854)) - Leader change notification received for group: group-1C572AC61509 with new leaderId: c512f228-7a92-4ae7-b739-1627a2a73a2a
2020-12-08 01:58:22,812 [c512f228-7a92-4ae7-b739-1627a2a73a2a@group-1C572AC61509-LeaderElection14] INFO  impl.RaftServerImpl (ServerState.java:setLeader(256)) - c512f228-7a92-4ae7-b739-1627a2a73a2a@group-1C572AC61509: change Leader from null to c512f228-7a92-4ae7-b739-1627a2a73a2a at term 1 for becomeLeader, leader elected after 5197ms
2020-12-08 01:58:22,813 [c512f228-7a92-4ae7-b739-1627a2a73a2a@group-1C572AC61509-LeaderElection14] INFO  server.RaftServerConfigKeys (ConfUtils.java:logGet(44)) - raft.server.staging.catchup.gap = 1000 (default)
2020-12-08 01:58:22,813 [c512f228-7a92-4ae7-b739-1627a2a73a2a@group-1C572AC61509-LeaderElection14] INFO  server.RaftServerConfigKeys (ConfUtils.java:logGet(44)) - raft.server.rpc.sleep.time = 25ms (default)
2020-12-08 01:58:22,813 [c512f228-7a92-4ae7-b739-1627a2a73a2a@group-1C572AC61509-LeaderElection14] INFO  metrics.RatisMetrics (RatisMetrics.java:lambda$create$0(36)) - Creating Metrics Registry : ratis.log_appender.c512f228-7a92-4ae7-b739-1627a2a73a2a@group-1C572AC61509
2020-12-08 01:58:22,814 [c512f228-7a92-4ae7-b739-1627a2a73a2a@group-1C572AC61509-LeaderElection14] INFO  server.RaftServerConfigKeys (ConfUtils.java:logGet(44)) - raft.server.write.element-limit = 1024 (custom)
2020-12-08 01:58:22,814 [c512f228-7a92-4ae7-b739-1627a2a73a2a@group-1C572AC61509-LeaderElection14] INFO  server.RaftServerConfigKeys (ConfUtils.java:logGet(44)) - raft.server.write.byte-limit = 1073741824 (custom)
2020-12-08 01:58:22,812 [77c31ea0-0b12-4fcd-af92-232a93661e69@group-2A5E937CD381-LeaderElection13] INFO  server.RaftServerConfigKeys (ConfUtils.java:logGet(44)) - raft.server.watch.timeout = 180s (custom)
2020-12-08 01:58:22,814 [77c31ea0-0b12-4fcd-af92-232a93661e69@group-2A5E937CD381-LeaderElection13] INFO  server.RaftServerConfigKeys (ConfUtils.java:logGet(44)) - raft.server.watch.timeout.denomination = 1s (default)
2020-12-08 01:58:22,814 [77c31ea0-0b12-4fcd-af92-232a93661e69@group-2A5E937CD381-LeaderElection13] INFO  server.RaftServerConfigKeys (ConfUtils.java:logGet(44)) - raft.server.watch.element-limit = 65536 (default)
2020-12-08 01:58:22,814 [c512f228-7a92-4ae7-b739-1627a2a73a2a@group-1C572AC61509-LeaderElection14] INFO  server.RaftServerConfigKeys (ConfUtils.java:logGet(44)) - raft.server.watch.timeout = 180s (custom)
2020-12-08 01:58:22,814 [c512f228-7a92-4ae7-b739-1627a2a73a2a@group-1C572AC61509-LeaderElection14] INFO  server.RaftServerConfigKeys (ConfUtils.java:logGet(44)) - raft.server.watch.timeout.denomination = 1s (default)
2020-12-08 01:58:22,815 [c512f228-7a92-4ae7-b739-1627a2a73a2a@group-1C572AC61509-LeaderElection14] INFO  server.RaftServerConfigKeys (ConfUtils.java:logGet(44)) - raft.server.watch.element-limit = 65536 (default)
2020-12-08 01:58:22,815 [c512f228-7a92-4ae7-b739-1627a2a73a2a@group-1C572AC61509-LeaderElection14] INFO  impl.RoleInfo (RoleInfo.java:updateAndGet(143)) - c512f228-7a92-4ae7-b739-1627a2a73a2a: start c512f228-7a92-4ae7-b739-1627a2a73a2a@group-1C572AC61509-LeaderState
2020-12-08 01:58:22,814 [77c31ea0-0b12-4fcd-af92-232a93661e69@group-2A5E937CD381-LeaderElection13] INFO  server.RaftServerConfigKeys (ConfUtils.java:logGet(44)) - raft.server.log.appender.snapshot.chunk.size.max = 16MB (=16777216) (default)
2020-12-08 01:58:22,815 [77c31ea0-0b12-4fcd-af92-232a93661e69@group-2A5E937CD381-LeaderElection13] INFO  server.RaftServerConfigKeys (ConfUtils.java:logGet(44)) - raft.server.log.appender.buffer.byte-limit = 33554432 (custom)
2020-12-08 01:58:22,815 [77c31ea0-0b12-4fcd-af92-232a93661e69@group-2A5E937CD381-LeaderElection13] INFO  server.RaftServerConfigKeys (ConfUtils.java:logGet(44)) - raft.server.log.appender.buffer.element-limit = 1 (custom)
2020-12-08 01:58:22,815 [77c31ea0-0b12-4fcd-af92-232a93661e69@group-2A5E937CD381-LeaderElection13] INFO  grpc.GrpcConfigKeys (ConfUtils.java:logGet(44)) - raft.grpc.server.leader.outstanding.appends.max = 128 (default)
2020-12-08 01:58:22,815 [c512f228-7a92-4ae7-b739-1627a2a73a2a@group-1C572AC61509-LeaderElection14] INFO  segmented.SegmentedRaftLogWorker (SegmentedRaftLogWorker.java:startLogSegment(398)) - c512f228-7a92-4ae7-b739-1627a2a73a2a@group-1C572AC61509-SegmentedRaftLogWorker: Starting segment from index:0
2020-12-08 01:58:22,815 [77c31ea0-0b12-4fcd-af92-232a93661e69@group-2A5E937CD381-LeaderElection13] INFO  server.RaftServerConfigKeys (ConfUtils.java:logGet(44)) - raft.server.rpc.request.timeout = 60s (custom)
2020-12-08 01:58:22,816 [77c31ea0-0b12-4fcd-af92-232a93661e69@group-2A5E937CD381-LeaderElection13] INFO  server.RaftServerConfigKeys (ConfUtils.java:logGet(44)) - raft.server.log.appender.install.snapshot.enabled = false (custom)
2020-12-08 01:58:22,817 [77c31ea0-0b12-4fcd-af92-232a93661e69@group-2A5E937CD381-LeaderElection13] INFO  metrics.RatisMetrics (RatisMetrics.java:lambda$create$0(36)) - Creating Metrics Registry : ratis_grpc.log_appender.77c31ea0-0b12-4fcd-af92-232a93661e69@group-2A5E937CD381
2020-12-08 01:58:22,816 [c512f228-7a92-4ae7-b739-1627a2a73a2a@group-1C572AC61509-LeaderElection14] INFO  impl.RaftServerImpl (ServerState.java:setRaftConf(374)) - c512f228-7a92-4ae7-b739-1627a2a73a2a@group-1C572AC61509: set configuration 0: [c512f228-7a92-4ae7-b739-1627a2a73a2a|rpc:172.17.0.2:38631|dataStream:], old=null at 0
2020-12-08 01:58:22,817 [c512f228-7a92-4ae7-b739-1627a2a73a2a@group-1C572AC61509-SegmentedRaftLogWorker] INFO  segmented.SegmentedRaftLogWorker (SegmentedRaftLogWorker.java:execute(597)) - c512f228-7a92-4ae7-b739-1627a2a73a2a@group-1C572AC61509-SegmentedRaftLogWorker: created new log segment /github/workspace/mnt/ozone/hadoop-ozone/integration-test/target/test-dir/MiniOzoneClusterImpl-fe278d26-eb6d-413e-b3f8-43e11913de58/datanode-0/data/ratis/fe26cb17-75dc-4e83-85f9-1c572ac61509/current/log_inprogress_0
2020-12-08 01:58:22,821 [77c31ea0-0b12-4fcd-af92-232a93661e69@group-2A5E937CD381-LeaderElection13] INFO  server.RaftServerConfigKeys (ConfUtils.java:logGet(44)) - raft.server.log.appender.snapshot.chunk.size.max = 16MB (=16777216) (default)
2020-12-08 01:58:22,822 [77c31ea0-0b12-4fcd-af92-232a93661e69@group-2A5E937CD381-LeaderElection13] INFO  server.RaftServerConfigKeys (ConfUtils.java:logGet(44)) - raft.server.log.appender.buffer.byte-limit = 33554432 (custom)
2020-12-08 01:58:22,822 [77c31ea0-0b12-4fcd-af92-232a93661e69@group-2A5E937CD381-LeaderElection13] INFO  server.RaftServerConfigKeys (ConfUtils.java:logGet(44)) - raft.server.log.appender.buffer.element-limit = 1 (custom)
2020-12-08 01:58:22,822 [77c31ea0-0b12-4fcd-af92-232a93661e69@group-2A5E937CD381-LeaderElection13] INFO  grpc.GrpcConfigKeys (ConfUtils.java:logGet(44)) - raft.grpc.server.leader.outstanding.appends.max = 128 (default)
2020-12-08 01:58:22,822 [77c31ea0-0b12-4fcd-af92-232a93661e69@group-2A5E937CD381-LeaderElection13] INFO  server.RaftServerConfigKeys (ConfUtils.java:logGet(44)) - raft.server.rpc.request.timeout = 60s (custom)
2020-12-08 01:58:22,822 [77c31ea0-0b12-4fcd-af92-232a93661e69@group-2A5E937CD381-LeaderElection13] INFO  server.RaftServerConfigKeys (ConfUtils.java:logGet(44)) - raft.server.log.appender.install.snapshot.enabled = false (custom)
2020-12-08 01:58:22,824 [77c31ea0-0b12-4fcd-af92-232a93661e69@group-2A5E937CD381-LeaderElection13] INFO  impl.RoleInfo (RoleInfo.java:updateAndGet(143)) - 77c31ea0-0b12-4fcd-af92-232a93661e69: start 77c31ea0-0b12-4fcd-af92-232a93661e69@group-2A5E937CD381-LeaderState
2020-12-08 01:58:22,824 [77c31ea0-0b12-4fcd-af92-232a93661e69@group-2A5E937CD381-LeaderElection13] INFO  segmented.SegmentedRaftLogWorker (SegmentedRaftLogWorker.java:startLogSegment(398)) - 77c31ea0-0b12-4fcd-af92-232a93661e69@group-2A5E937CD381-SegmentedRaftLogWorker: Starting segment from index:0
2020-12-08 01:58:22,826 [77c31ea0-0b12-4fcd-af92-232a93661e69@group-2A5E937CD381-LeaderElection13] INFO  impl.RaftServerImpl (ServerState.java:setRaftConf(374)) - 77c31ea0-0b12-4fcd-af92-232a93661e69@group-2A5E937CD381: set configuration 0: [c512f228-7a92-4ae7-b739-1627a2a73a2a|rpc:172.17.0.2:38631|dataStream:, 4d7665c3-83ba-40ae-a15f-238c06fe965e|rpc:172.17.0.2:40243|dataStream:, 77c31ea0-0b12-4fcd-af92-232a93661e69|rpc:172.17.0.2:36781|dataStream:], old=null at 0
2020-12-08 01:58:22,833 [77c31ea0-0b12-4fcd-af92-232a93661e69@group-2A5E937CD381-SegmentedRaftLogWorker] INFO  segmented.SegmentedRaftLogWorker (SegmentedRaftLogWorker.java:execute(597)) - 77c31ea0-0b12-4fcd-af92-232a93661e69@group-2A5E937CD381-SegmentedRaftLogWorker: created new log segment /github/workspace/mnt/ozone/hadoop-ozone/integration-test/target/test-dir/MiniOzoneClusterImpl-fe278d26-eb6d-413e-b3f8-43e11913de58/datanode-1/data/ratis/c767db6c-927c-4df9-a0a1-2a5e937cd381/current/log_inprogress_0
2020-12-08 01:58:22,848 [grpc-default-executor-1] INFO  ratis.XceiverServerRatis (XceiverServerRatis.java:handleLeaderChangedNotification(854)) - Leader change notification received for group: group-2A5E937CD381 with new leaderId: 77c31ea0-0b12-4fcd-af92-232a93661e69
2020-12-08 01:58:22,849 [grpc-default-executor-1] INFO  impl.RaftServerImpl (ServerState.java:setLeader(256)) - 4d7665c3-83ba-40ae-a15f-238c06fe965e@group-2A5E937CD381: change Leader from null to 77c31ea0-0b12-4fcd-af92-232a93661e69 at term 1 for appendEntries, leader elected after 5174ms
2020-12-08 01:58:22,851 [grpc-default-executor-1] INFO  impl.RaftServerImpl (ServerState.java:setRaftConf(374)) - 4d7665c3-83ba-40ae-a15f-238c06fe965e@group-2A5E937CD381: set configuration 0: [c512f228-7a92-4ae7-b739-1627a2a73a2a|rpc:172.17.0.2:38631|dataStream:, 4d7665c3-83ba-40ae-a15f-238c06fe965e|rpc:172.17.0.2:40243|dataStream:, 77c31ea0-0b12-4fcd-af92-232a93661e69|rpc:172.17.0.2:36781|dataStream:], old=null at 0
2020-12-08 01:58:22,851 [grpc-default-executor-1] INFO  segmented.SegmentedRaftLogWorker (SegmentedRaftLogWorker.java:startLogSegment(398)) - 4d7665c3-83ba-40ae-a15f-238c06fe965e@group-2A5E937CD381-SegmentedRaftLogWorker: Starting segment from index:0
2020-12-08 01:58:22,858 [grpc-default-executor-1] INFO  ratis.XceiverServerRatis (XceiverServerRatis.java:handleLeaderChangedNotification(854)) - Leader change notification received for group: group-2A5E937CD381 with new leaderId: 77c31ea0-0b12-4fcd-af92-232a93661e69
2020-12-08 01:58:22,858 [grpc-default-executor-1] INFO  impl.RaftServerImpl (ServerState.java:setLeader(256)) - c512f228-7a92-4ae7-b739-1627a2a73a2a@group-2A5E937CD381: change Leader from null to 77c31ea0-0b12-4fcd-af92-232a93661e69 at term 1 for appendEntries, leader elected after 5213ms
2020-12-08 01:58:22,859 [grpc-default-executor-1] INFO  impl.RaftServerImpl (ServerState.java:setRaftConf(374)) - c512f228-7a92-4ae7-b739-1627a2a73a2a@group-2A5E937CD381: set configuration 0: [c512f228-7a92-4ae7-b739-1627a2a73a2a|rpc:172.17.0.2:38631|dataStream:, 4d7665c3-83ba-40ae-a15f-238c06fe965e|rpc:172.17.0.2:40243|dataStream:, 77c31ea0-0b12-4fcd-af92-232a93661e69|rpc:172.17.0.2:36781|dataStream:], old=null at 0
2020-12-08 01:58:22,859 [grpc-default-executor-1] INFO  segmented.SegmentedRaftLogWorker (SegmentedRaftLogWorker.java:startLogSegment(398)) - c512f228-7a92-4ae7-b739-1627a2a73a2a@group-2A5E937CD381-SegmentedRaftLogWorker: Starting segment from index:0
2020-12-08 01:58:22,859 [4d7665c3-83ba-40ae-a15f-238c06fe965e@group-2A5E937CD381-SegmentedRaftLogWorker] INFO  segmented.SegmentedRaftLogWorker (SegmentedRaftLogWorker.java:execute(597)) - 4d7665c3-83ba-40ae-a15f-238c06fe965e@group-2A5E937CD381-SegmentedRaftLogWorker: created new log segment /github/workspace/mnt/ozone/hadoop-ozone/integration-test/target/test-dir/MiniOzoneClusterImpl-fe278d26-eb6d-413e-b3f8-43e11913de58/datanode-2/data/ratis/c767db6c-927c-4df9-a0a1-2a5e937cd381/current/log_inprogress_0
2020-12-08 01:58:22,862 [c512f228-7a92-4ae7-b739-1627a2a73a2a@group-2A5E937CD381-SegmentedRaftLogWorker] INFO  segmented.SegmentedRaftLogWorker (SegmentedRaftLogWorker.java:execute(597)) - c512f228-7a92-4ae7-b739-1627a2a73a2a@group-2A5E937CD381-SegmentedRaftLogWorker: created new log segment /github/workspace/mnt/ozone/hadoop-ozone/integration-test/target/test-dir/MiniOzoneClusterImpl-fe278d26-eb6d-413e-b3f8-43e11913de58/datanode-0/data/ratis/c767db6c-927c-4df9-a0a1-2a5e937cd381/current/log_inprogress_0
2020-12-08 01:58:22,943 [Thread-621] INFO  impl.FollowerState (FollowerState.java:run(128)) - 77c31ea0-0b12-4fcd-af92-232a93661e69@group-63A25DF52E68-FollowerState: change to CANDIDATE, lastRpcTime:5100ms, electionTimeout:5100ms
2020-12-08 01:58:22,944 [Thread-621] INFO  impl.RoleInfo (RoleInfo.java:shutdownFollowerState(121)) - 77c31ea0-0b12-4fcd-af92-232a93661e69: shutdown 77c31ea0-0b12-4fcd-af92-232a93661e69@group-63A25DF52E68-FollowerState
2020-12-08 01:58:22,944 [Thread-621] INFO  impl.RaftServerImpl (RaftServerImpl.java:setRole(204)) - 77c31ea0-0b12-4fcd-af92-232a93661e69@group-63A25DF52E68: changes role from  FOLLOWER to CANDIDATE at term 0 for changeToCandidate
2020-12-08 01:58:22,944 [Thread-621] INFO  impl.RoleInfo (RoleInfo.java:updateAndGet(143)) - 77c31ea0-0b12-4fcd-af92-232a93661e69: start 77c31ea0-0b12-4fcd-af92-232a93661e69@group-63A25DF52E68-LeaderElection15
2020-12-08 01:58:22,947 [77c31ea0-0b12-4fcd-af92-232a93661e69@group-63A25DF52E68-LeaderElection15] INFO  impl.LeaderElection (LeaderElection.java:askForVotes(215)) - 77c31ea0-0b12-4fcd-af92-232a93661e69@group-63A25DF52E68-LeaderElection15: begin an election at term 1 for -1: [77c31ea0-0b12-4fcd-af92-232a93661e69|rpc:172.17.0.2:36781], old=null
2020-12-08 01:58:22,947 [77c31ea0-0b12-4fcd-af92-232a93661e69@group-63A25DF52E68-LeaderElection15] INFO  impl.RoleInfo (RoleInfo.java:shutdownLeaderElection(134)) - 77c31ea0-0b12-4fcd-af92-232a93661e69: shutdown 77c31ea0-0b12-4fcd-af92-232a93661e69@group-63A25DF52E68-LeaderElection15
2020-12-08 01:58:22,947 [77c31ea0-0b12-4fcd-af92-232a93661e69@group-63A25DF52E68-LeaderElection15] INFO  impl.RaftServerImpl (RaftServerImpl.java:setRole(204)) - 77c31ea0-0b12-4fcd-af92-232a93661e69@group-63A25DF52E68: changes role from CANDIDATE to LEADER at term 1 for changeToLeader
2020-12-08 01:58:22,948 [77c31ea0-0b12-4fcd-af92-232a93661e69@group-63A25DF52E68-LeaderElection15] INFO  ratis.XceiverServerRatis (XceiverServerRatis.java:handleLeaderChangedNotification(854)) - Leader change notification received for group: group-63A25DF52E68 with new leaderId: 77c31ea0-0b12-4fcd-af92-232a93661e69
2020-12-08 01:58:22,948 [77c31ea0-0b12-4fcd-af92-232a93661e69@group-63A25DF52E68-LeaderElection15] INFO  impl.RaftServerImpl (ServerState.java:setLeader(256)) - 77c31ea0-0b12-4fcd-af92-232a93661e69@group-63A25DF52E68: change Leader from null to 77c31ea0-0b12-4fcd-af92-232a93661e69 at term 1 for becomeLeader, leader elected after 5121ms
2020-12-08 01:58:22,948 [77c31ea0-0b12-4fcd-af92-232a93661e69@group-63A25DF52E68-LeaderElection15] INFO  server.RaftServerConfigKeys (ConfUtils.java:logGet(44)) - raft.server.staging.catchup.gap = 1000 (default)
2020-12-08 01:58:22,948 [77c31ea0-0b12-4fcd-af92-232a93661e69@group-63A25DF52E68-LeaderElection15] INFO  server.RaftServerConfigKeys (ConfUtils.java:logGet(44)) - raft.server.rpc.sleep.time = 25ms (default)
2020-12-08 01:58:22,948 [77c31ea0-0b12-4fcd-af92-232a93661e69@group-63A25DF52E68-LeaderElection15] INFO  metrics.RatisMetrics (RatisMetrics.java:lambda$create$0(36)) - Creating Metrics Registry : ratis.log_appender.77c31ea0-0b12-4fcd-af92-232a93661e69@group-63A25DF52E68
2020-12-08 01:58:22,949 [77c31ea0-0b12-4fcd-af92-232a93661e69@group-63A25DF52E68-LeaderElection15] INFO  server.RaftServerConfigKeys (ConfUtils.java:logGet(44)) - raft.server.write.element-limit = 1024 (custom)
2020-12-08 01:58:22,949 [77c31ea0-0b12-4fcd-af92-232a93661e69@group-63A25DF52E68-LeaderElection15] INFO  server.RaftServerConfigKeys (ConfUtils.java:logGet(44)) - raft.server.write.byte-limit = 1073741824 (custom)
2020-12-08 01:58:22,950 [77c31ea0-0b12-4fcd-af92-232a93661e69@group-63A25DF52E68-LeaderElection15] INFO  server.RaftServerConfigKeys (ConfUtils.java:logGet(44)) - raft.server.watch.timeout = 180s (custom)
2020-12-08 01:58:22,950 [77c31ea0-0b12-4fcd-af92-232a93661e69@group-63A25DF52E68-LeaderElection15] INFO  server.RaftServerConfigKeys (ConfUtils.java:logGet(44)) - raft.server.watch.timeout.denomination = 1s (default)
2020-12-08 01:58:22,950 [77c31ea0-0b12-4fcd-af92-232a93661e69@group-63A25DF52E68-LeaderElection15] INFO  server.RaftServerConfigKeys (ConfUtils.java:logGet(44)) - raft.server.watch.element-limit = 65536 (default)
2020-12-08 01:58:22,950 [77c31ea0-0b12-4fcd-af92-232a93661e69@group-63A25DF52E68-LeaderElection15] INFO  impl.RoleInfo (RoleInfo.java:updateAndGet(143)) - 77c31ea0-0b12-4fcd-af92-232a93661e69: start 77c31ea0-0b12-4fcd-af92-232a93661e69@group-63A25DF52E68-LeaderState
2020-12-08 01:58:22,951 [77c31ea0-0b12-4fcd-af92-232a93661e69@group-63A25DF52E68-LeaderElection15] INFO  segmented.SegmentedRaftLogWorker (SegmentedRaftLogWorker.java:startLogSegment(398)) - 77c31ea0-0b12-4fcd-af92-232a93661e69@group-63A25DF52E68-SegmentedRaftLogWorker: Starting segment from index:0
2020-12-08 01:58:22,952 [77c31ea0-0b12-4fcd-af92-232a93661e69@group-63A25DF52E68-LeaderElection15] INFO  impl.RaftServerImpl (ServerState.java:setRaftConf(374)) - 77c31ea0-0b12-4fcd-af92-232a93661e69@group-63A25DF52E68: set configuration 0: [77c31ea0-0b12-4fcd-af92-232a93661e69|rpc:172.17.0.2:36781|dataStream:], old=null at 0
2020-12-08 01:58:22,953 [77c31ea0-0b12-4fcd-af92-232a93661e69@group-63A25DF52E68-SegmentedRaftLogWorker] INFO  segmented.SegmentedRaftLogWorker (SegmentedRaftLogWorker.java:execute(597)) - 77c31ea0-0b12-4fcd-af92-232a93661e69@group-63A25DF52E68-SegmentedRaftLogWorker: created new log segment /github/workspace/mnt/ozone/hadoop-ozone/integration-test/target/test-dir/MiniOzoneClusterImpl-fe278d26-eb6d-413e-b3f8-43e11913de58/datanode-1/data/ratis/a1e0072c-227c-4153-b6a4-63a25df52e68/current/log_inprogress_0
2020-12-08 01:58:22,957 [Listener at 127.0.0.1/34557] INFO  ozone.MiniOzoneClusterImpl (MiniOzoneClusterImpl.java:lambda$waitForClusterToBeReady$0(178)) - Nodes are ready. Got 7 of 7 DN Heartbeats.
2020-12-08 01:58:22,957 [Listener at 127.0.0.1/34557] INFO  ozone.MiniOzoneClusterImpl (MiniOzoneClusterImpl.java:lambda$waitForClusterToBeReady$0(181)) - Cluster exits safe mode
2020-12-08 01:58:22,968 [Listener at 127.0.0.1/34557] INFO  rpc.RpcClient (RpcClient.java:createVolume(272)) - Creating Volume: testblockoutputstreamwithretries, with jenkins1001 as owner.
2020-12-08 01:58:22,969 [IPC Server handler 2 on default port 34557] INFO  volume.OMVolumeCreateRequest (OMVolumeCreateRequest.java:validateAndUpdateCache(196)) - created volume:testblockoutputstreamwithretries for user:jenkins1001
2020-12-08 01:58:22,976 [Listener at 127.0.0.1/34557] INFO  rpc.RpcClient (RpcClient.java:createBucket(425)) - Creating Bucket: testblockoutputstreamwithretries/testblockoutputstreamwithretries, with Versioning false and Storage Type set to DISK and Encryption set to false 
2020-12-08 01:58:22,998 [Listener at 127.0.0.1/34557] INFO  metrics.RatisMetrics (RatisMetrics.java:lambda$create$0(36)) - Creating Metrics Registry : ratis.client_message_metrics.client-1340A0252828->4d7665c3-83ba-40ae-a15f-238c06fe965e
2020-12-08 01:58:23,147 [Thread-623] INFO  impl.FollowerState (FollowerState.java:run(128)) - 4d7665c3-83ba-40ae-a15f-238c06fe965e@group-39D0696F1AB4-FollowerState: change to CANDIDATE, lastRpcTime:5064ms, electionTimeout:5058ms
2020-12-08 01:58:23,148 [Thread-623] INFO  impl.RoleInfo (RoleInfo.java:shutdownFollowerState(121)) - 4d7665c3-83ba-40ae-a15f-238c06fe965e: shutdown 4d7665c3-83ba-40ae-a15f-238c06fe965e@group-39D0696F1AB4-FollowerState
2020-12-08 01:58:23,148 [Thread-623] INFO  impl.RaftServerImpl (RaftServerImpl.java:setRole(204)) - 4d7665c3-83ba-40ae-a15f-238c06fe965e@group-39D0696F1AB4: changes role from  FOLLOWER to CANDIDATE at term 0 for changeToCandidate
2020-12-08 01:58:23,148 [Thread-623] INFO  impl.RoleInfo (RoleInfo.java:updateAndGet(143)) - 4d7665c3-83ba-40ae-a15f-238c06fe965e: start 4d7665c3-83ba-40ae-a15f-238c06fe965e@group-39D0696F1AB4-LeaderElection16
2020-12-08 01:58:23,154 [4d7665c3-83ba-40ae-a15f-238c06fe965e@group-39D0696F1AB4-LeaderElection16] INFO  impl.LeaderElection (LeaderElection.java:askForVotes(215)) - 4d7665c3-83ba-40ae-a15f-238c06fe965e@group-39D0696F1AB4-LeaderElection16: begin an election at term 1 for -1: [4d7665c3-83ba-40ae-a15f-238c06fe965e|rpc:172.17.0.2:40243], old=null
2020-12-08 01:58:23,154 [4d7665c3-83ba-40ae-a15f-238c06fe965e@group-39D0696F1AB4-LeaderElection16] INFO  impl.RoleInfo (RoleInfo.java:shutdownLeaderElection(134)) - 4d7665c3-83ba-40ae-a15f-238c06fe965e: shutdown 4d7665c3-83ba-40ae-a15f-238c06fe965e@group-39D0696F1AB4-LeaderElection16
2020-12-08 01:58:23,154 [4d7665c3-83ba-40ae-a15f-238c06fe965e@group-39D0696F1AB4-LeaderElection16] INFO  impl.RaftServerImpl (RaftServerImpl.java:setRole(204)) - 4d7665c3-83ba-40ae-a15f-238c06fe965e@group-39D0696F1AB4: changes role from CANDIDATE to LEADER at term 1 for changeToLeader
2020-12-08 01:58:23,154 [4d7665c3-83ba-40ae-a15f-238c06fe965e@group-39D0696F1AB4-LeaderElection16] INFO  ratis.XceiverServerRatis (XceiverServerRatis.java:handleLeaderChangedNotification(854)) - Leader change notification received for group: group-39D0696F1AB4 with new leaderId: 4d7665c3-83ba-40ae-a15f-238c06fe965e
2020-12-08 01:58:23,154 [4d7665c3-83ba-40ae-a15f-238c06fe965e@group-39D0696F1AB4-LeaderElection16] INFO  impl.RaftServerImpl (ServerState.java:setLeader(256)) - 4d7665c3-83ba-40ae-a15f-238c06fe965e@group-39D0696F1AB4: change Leader from null to 4d7665c3-83ba-40ae-a15f-238c06fe965e at term 1 for becomeLeader, leader elected after 5083ms
2020-12-08 01:58:23,154 [4d7665c3-83ba-40ae-a15f-238c06fe965e@group-39D0696F1AB4-LeaderElection16] INFO  server.RaftServerConfigKeys (ConfUtils.java:logGet(44)) - raft.server.staging.catchup.gap = 1000 (default)
2020-12-08 01:58:23,154 [4d7665c3-83ba-40ae-a15f-238c06fe965e@group-39D0696F1AB4-LeaderElection16] INFO  server.RaftServerConfigKeys (ConfUtils.java:logGet(44)) - raft.server.rpc.sleep.time = 25ms (default)
2020-12-08 01:58:23,155 [4d7665c3-83ba-40ae-a15f-238c06fe965e@group-39D0696F1AB4-LeaderElection16] INFO  metrics.RatisMetrics (RatisMetrics.java:lambda$create$0(36)) - Creating Metrics Registry : ratis.log_appender.4d7665c3-83ba-40ae-a15f-238c06fe965e@group-39D0696F1AB4
2020-12-08 01:58:23,155 [4d7665c3-83ba-40ae-a15f-238c06fe965e@group-39D0696F1AB4-LeaderElection16] INFO  server.RaftServerConfigKeys (ConfUtils.java:logGet(44)) - raft.server.write.element-limit = 1024 (custom)
2020-12-08 01:58:23,155 [4d7665c3-83ba-40ae-a15f-238c06fe965e@group-39D0696F1AB4-LeaderElection16] INFO  server.RaftServerConfigKeys (ConfUtils.java:logGet(44)) - raft.server.write.byte-limit = 1073741824 (custom)
2020-12-08 01:58:23,155 [4d7665c3-83ba-40ae-a15f-238c06fe965e@group-39D0696F1AB4-LeaderElection16] INFO  server.RaftServerConfigKeys (ConfUtils.java:logGet(44)) - raft.server.watch.timeout = 180s (custom)
2020-12-08 01:58:23,156 [4d7665c3-83ba-40ae-a15f-238c06fe965e@group-39D0696F1AB4-LeaderElection16] INFO  server.RaftServerConfigKeys (ConfUtils.java:logGet(44)) - raft.server.watch.timeout.denomination = 1s (default)
2020-12-08 01:58:23,156 [4d7665c3-83ba-40ae-a15f-238c06fe965e@group-39D0696F1AB4-LeaderElection16] INFO  server.RaftServerConfigKeys (ConfUtils.java:logGet(44)) - raft.server.watch.element-limit = 65536 (default)
2020-12-08 01:58:23,156 [4d7665c3-83ba-40ae-a15f-238c06fe965e@group-39D0696F1AB4-LeaderElection16] INFO  impl.RoleInfo (RoleInfo.java:updateAndGet(143)) - 4d7665c3-83ba-40ae-a15f-238c06fe965e: start 4d7665c3-83ba-40ae-a15f-238c06fe965e@group-39D0696F1AB4-LeaderState
2020-12-08 01:58:23,156 [4d7665c3-83ba-40ae-a15f-238c06fe965e@group-39D0696F1AB4-LeaderElection16] INFO  segmented.SegmentedRaftLogWorker (SegmentedRaftLogWorker.java:startLogSegment(398)) - 4d7665c3-83ba-40ae-a15f-238c06fe965e@group-39D0696F1AB4-SegmentedRaftLogWorker: Starting segment from index:0
2020-12-08 01:58:23,158 [4d7665c3-83ba-40ae-a15f-238c06fe965e@group-39D0696F1AB4-LeaderElection16] INFO  impl.RaftServerImpl (ServerState.java:setRaftConf(374)) - 4d7665c3-83ba-40ae-a15f-238c06fe965e@group-39D0696F1AB4: set configuration 0: [4d7665c3-83ba-40ae-a15f-238c06fe965e|rpc:172.17.0.2:40243|dataStream:], old=null at 0
2020-12-08 01:58:23,159 [4d7665c3-83ba-40ae-a15f-238c06fe965e@group-39D0696F1AB4-SegmentedRaftLogWorker] INFO  segmented.SegmentedRaftLogWorker (SegmentedRaftLogWorker.java:execute(597)) - 4d7665c3-83ba-40ae-a15f-238c06fe965e@group-39D0696F1AB4-SegmentedRaftLogWorker: created new log segment /github/workspace/mnt/ozone/hadoop-ozone/integration-test/target/test-dir/MiniOzoneClusterImpl-fe278d26-eb6d-413e-b3f8-43e11913de58/datanode-2/data/ratis/b441bde7-6302-410b-b649-39d0696f1ab4/current/log_inprogress_0
2020-12-08 01:58:23,325 [Thread-625] INFO  impl.FollowerState (FollowerState.java:run(128)) - f6ee95b5-7ee2-4946-b0be-20c7e4036df8@group-EDED6259983C-FollowerState: change to CANDIDATE, lastRpcTime:5015ms, electionTimeout:5014ms
2020-12-08 01:58:23,325 [Thread-625] INFO  impl.RoleInfo (RoleInfo.java:shutdownFollowerState(121)) - f6ee95b5-7ee2-4946-b0be-20c7e4036df8: shutdown f6ee95b5-7ee2-4946-b0be-20c7e4036df8@group-EDED6259983C-FollowerState
2020-12-08 01:58:23,325 [Thread-625] INFO  impl.RaftServerImpl (RaftServerImpl.java:setRole(204)) - f6ee95b5-7ee2-4946-b0be-20c7e4036df8@group-EDED6259983C: changes role from  FOLLOWER to CANDIDATE at term 0 for changeToCandidate
2020-12-08 01:58:23,325 [Thread-625] INFO  impl.RoleInfo (RoleInfo.java:updateAndGet(143)) - f6ee95b5-7ee2-4946-b0be-20c7e4036df8: start f6ee95b5-7ee2-4946-b0be-20c7e4036df8@group-EDED6259983C-LeaderElection17
2020-12-08 01:58:23,328 [f6ee95b5-7ee2-4946-b0be-20c7e4036df8@group-EDED6259983C-LeaderElection17] INFO  impl.LeaderElection (LeaderElection.java:askForVotes(215)) - f6ee95b5-7ee2-4946-b0be-20c7e4036df8@group-EDED6259983C-LeaderElection17: begin an election at term 1 for -1: [f6ee95b5-7ee2-4946-b0be-20c7e4036df8|rpc:172.17.0.2:40029], old=null
2020-12-08 01:58:23,328 [f6ee95b5-7ee2-4946-b0be-20c7e4036df8@group-EDED6259983C-LeaderElection17] INFO  impl.RoleInfo (RoleInfo.java:shutdownLeaderElection(134)) - f6ee95b5-7ee2-4946-b0be-20c7e4036df8: shutdown f6ee95b5-7ee2-4946-b0be-20c7e4036df8@group-EDED6259983C-LeaderElection17
2020-12-08 01:58:23,328 [f6ee95b5-7ee2-4946-b0be-20c7e4036df8@group-EDED6259983C-LeaderElection17] INFO  impl.RaftServerImpl (RaftServerImpl.java:setRole(204)) - f6ee95b5-7ee2-4946-b0be-20c7e4036df8@group-EDED6259983C: changes role from CANDIDATE to LEADER at term 1 for changeToLeader
2020-12-08 01:58:23,328 [f6ee95b5-7ee2-4946-b0be-20c7e4036df8@group-EDED6259983C-LeaderElection17] INFO  ratis.XceiverServerRatis (XceiverServerRatis.java:handleLeaderChangedNotification(854)) - Leader change notification received for group: group-EDED6259983C with new leaderId: f6ee95b5-7ee2-4946-b0be-20c7e4036df8
2020-12-08 01:58:23,328 [f6ee95b5-7ee2-4946-b0be-20c7e4036df8@group-EDED6259983C-LeaderElection17] INFO  impl.RaftServerImpl (ServerState.java:setLeader(256)) - f6ee95b5-7ee2-4946-b0be-20c7e4036df8@group-EDED6259983C: change Leader from null to f6ee95b5-7ee2-4946-b0be-20c7e4036df8 at term 1 for becomeLeader, leader elected after 5026ms
2020-12-08 01:58:23,328 [f6ee95b5-7ee2-4946-b0be-20c7e4036df8@group-EDED6259983C-LeaderElection17] INFO  server.RaftServerConfigKeys (ConfUtils.java:logGet(44)) - raft.server.staging.catchup.gap = 1000 (default)
2020-12-08 01:58:23,329 [f6ee95b5-7ee2-4946-b0be-20c7e4036df8@group-EDED6259983C-LeaderElection17] INFO  server.RaftServerConfigKeys (ConfUtils.java:logGet(44)) - raft.server.rpc.sleep.time = 25ms (default)
2020-12-08 01:58:23,329 [f6ee95b5-7ee2-4946-b0be-20c7e4036df8@group-EDED6259983C-LeaderElection17] INFO  metrics.RatisMetrics (RatisMetrics.java:lambda$create$0(36)) - Creating Metrics Registry : ratis.log_appender.f6ee95b5-7ee2-4946-b0be-20c7e4036df8@group-EDED6259983C
2020-12-08 01:58:23,329 [f6ee95b5-7ee2-4946-b0be-20c7e4036df8@group-EDED6259983C-LeaderElection17] INFO  server.RaftServerConfigKeys (ConfUtils.java:logGet(44)) - raft.server.write.element-limit = 1024 (custom)
2020-12-08 01:58:23,329 [f6ee95b5-7ee2-4946-b0be-20c7e4036df8@group-EDED6259983C-LeaderElection17] INFO  server.RaftServerConfigKeys (ConfUtils.java:logGet(44)) - raft.server.write.byte-limit = 1073741824 (custom)
2020-12-08 01:58:23,329 [f6ee95b5-7ee2-4946-b0be-20c7e4036df8@group-EDED6259983C-LeaderElection17] INFO  server.RaftServerConfigKeys (ConfUtils.java:logGet(44)) - raft.server.watch.timeout = 180s (custom)
2020-12-08 01:58:23,329 [f6ee95b5-7ee2-4946-b0be-20c7e4036df8@group-EDED6259983C-LeaderElection17] INFO  server.RaftServerConfigKeys (ConfUtils.java:logGet(44)) - raft.server.watch.timeout.denomination = 1s (default)
2020-12-08 01:58:23,330 [f6ee95b5-7ee2-4946-b0be-20c7e4036df8@group-EDED6259983C-LeaderElection17] INFO  server.RaftServerConfigKeys (ConfUtils.java:logGet(44)) - raft.server.watch.element-limit = 65536 (default)
2020-12-08 01:58:23,330 [f6ee95b5-7ee2-4946-b0be-20c7e4036df8@group-EDED6259983C-LeaderElection17] INFO  impl.RoleInfo (RoleInfo.java:updateAndGet(143)) - f6ee95b5-7ee2-4946-b0be-20c7e4036df8: start f6ee95b5-7ee2-4946-b0be-20c7e4036df8@group-EDED6259983C-LeaderState
2020-12-08 01:58:23,330 [f6ee95b5-7ee2-4946-b0be-20c7e4036df8@group-EDED6259983C-LeaderElection17] INFO  segmented.SegmentedRaftLogWorker (SegmentedRaftLogWorker.java:startLogSegment(398)) - f6ee95b5-7ee2-4946-b0be-20c7e4036df8@group-EDED6259983C-SegmentedRaftLogWorker: Starting segment from index:0
2020-12-08 01:58:23,330 [f6ee95b5-7ee2-4946-b0be-20c7e4036df8@group-EDED6259983C-LeaderElection17] INFO  impl.RaftServerImpl (ServerState.java:setRaftConf(374)) - f6ee95b5-7ee2-4946-b0be-20c7e4036df8@group-EDED6259983C: set configuration 0: [f6ee95b5-7ee2-4946-b0be-20c7e4036df8|rpc:172.17.0.2:40029|dataStream:], old=null at 0
2020-12-08 01:58:23,331 [f6ee95b5-7ee2-4946-b0be-20c7e4036df8@group-EDED6259983C-SegmentedRaftLogWorker] INFO  segmented.SegmentedRaftLogWorker (SegmentedRaftLogWorker.java:execute(597)) - f6ee95b5-7ee2-4946-b0be-20c7e4036df8@group-EDED6259983C-SegmentedRaftLogWorker: created new log segment /github/workspace/mnt/ozone/hadoop-ozone/integration-test/target/test-dir/MiniOzoneClusterImpl-fe278d26-eb6d-413e-b3f8-43e11913de58/datanode-3/data/ratis/9c7c0a21-e39a-4ed3-93d8-eded6259983c/current/log_inprogress_0
2020-12-08 01:58:23,472 [Thread-627] INFO  impl.FollowerState (FollowerState.java:run(128)) - f6ee95b5-7ee2-4946-b0be-20c7e4036df8@group-BF2FC515E206-FollowerState: change to CANDIDATE, lastRpcTime:5149ms, electionTimeout:5146ms
2020-12-08 01:58:23,472 [Thread-627] INFO  impl.RoleInfo (RoleInfo.java:shutdownFollowerState(121)) - f6ee95b5-7ee2-4946-b0be-20c7e4036df8: shutdown f6ee95b5-7ee2-4946-b0be-20c7e4036df8@group-BF2FC515E206-FollowerState
2020-12-08 01:58:23,472 [Thread-627] INFO  impl.RaftServerImpl (RaftServerImpl.java:setRole(204)) - f6ee95b5-7ee2-4946-b0be-20c7e4036df8@group-BF2FC515E206: changes role from  FOLLOWER to CANDIDATE at term 0 for changeToCandidate
2020-12-08 01:58:23,472 [Thread-627] INFO  impl.RoleInfo (RoleInfo.java:updateAndGet(143)) - f6ee95b5-7ee2-4946-b0be-20c7e4036df8: start f6ee95b5-7ee2-4946-b0be-20c7e4036df8@group-BF2FC515E206-LeaderElection18
2020-12-08 01:58:23,475 [f6ee95b5-7ee2-4946-b0be-20c7e4036df8@group-BF2FC515E206-LeaderElection18] INFO  impl.LeaderElection (LeaderElection.java:askForVotes(215)) - f6ee95b5-7ee2-4946-b0be-20c7e4036df8@group-BF2FC515E206-LeaderElection18: begin an election at term 1 for -1: [ab1d11b0-5e74-4d38-b665-6acb1b1e4e59|rpc:172.17.0.2:43893, f6ee95b5-7ee2-4946-b0be-20c7e4036df8|rpc:172.17.0.2:40029, 39945dd8-822d-49dd-8781-4af99b069674|rpc:172.17.0.2:35293], old=null
2020-12-08 01:58:23,485 [grpc-default-executor-1] INFO  impl.RaftServerImpl (RaftServerImpl.java:setRole(204)) - 39945dd8-822d-49dd-8781-4af99b069674@group-BF2FC515E206: changes role from  FOLLOWER to FOLLOWER at term 1 for recognizeCandidate:f6ee95b5-7ee2-4946-b0be-20c7e4036df8
2020-12-08 01:58:23,486 [grpc-default-executor-1] INFO  impl.RoleInfo (RoleInfo.java:shutdownFollowerState(121)) - 39945dd8-822d-49dd-8781-4af99b069674: shutdown 39945dd8-822d-49dd-8781-4af99b069674@group-BF2FC515E206-FollowerState
2020-12-08 01:58:23,486 [grpc-default-executor-1] INFO  impl.RoleInfo (RoleInfo.java:updateAndGet(143)) - 39945dd8-822d-49dd-8781-4af99b069674: start 39945dd8-822d-49dd-8781-4af99b069674@group-BF2FC515E206-FollowerState
2020-12-08 01:58:23,486 [Thread-629] INFO  impl.FollowerState (FollowerState.java:run(137)) - 39945dd8-822d-49dd-8781-4af99b069674@group-BF2FC515E206-FollowerState was interrupted: {}
java.lang.InterruptedException: sleep interrupted
	at java.lang.Thread.sleep(Native Method)
	at org.apache.ratis.util.JavaUtils.sleep(JavaUtils.java:250)
	at org.apache.ratis.server.impl.FollowerState.run(FollowerState.java:116)
2020-12-08 01:58:23,489 [Thread-632] INFO  impl.FollowerState (FollowerState.java:run(128)) - ab1d11b0-5e74-4d38-b665-6acb1b1e4e59@group-BF2FC515E206-FollowerState: change to CANDIDATE, lastRpcTime:5064ms, electionTimeout:5062ms
2020-12-08 01:58:23,490 [Thread-632] INFO  impl.RoleInfo (RoleInfo.java:shutdownFollowerState(121)) - ab1d11b0-5e74-4d38-b665-6acb1b1e4e59: shutdown ab1d11b0-5e74-4d38-b665-6acb1b1e4e59@group-BF2FC515E206-FollowerState
2020-12-08 01:58:23,490 [Thread-632] INFO  impl.RaftServerImpl (RaftServerImpl.java:setRole(204)) - ab1d11b0-5e74-4d38-b665-6acb1b1e4e59@group-BF2FC515E206: changes role from  FOLLOWER to CANDIDATE at term 0 for changeToCandidate
2020-12-08 01:58:23,490 [Thread-632] INFO  impl.RoleInfo (RoleInfo.java:updateAndGet(143)) - ab1d11b0-5e74-4d38-b665-6acb1b1e4e59: start ab1d11b0-5e74-4d38-b665-6acb1b1e4e59@group-BF2FC515E206-LeaderElection19
2020-12-08 01:58:23,490 [grpc-default-executor-1] INFO  impl.RaftServerImpl (RaftServerImpl.java:requestVote(963)) -  FOLLOWER 39945dd8-822d-49dd-8781-4af99b069674@group-BF2FC515E206:t1, leader=null, voted=null, raftlog=39945dd8-822d-49dd-8781-4af99b069674@group-BF2FC515E206-SegmentedRaftLog:OPENED:c-1,f-1,i0, conf=-1: [ab1d11b0-5e74-4d38-b665-6acb1b1e4e59|rpc:172.17.0.2:43893|dataStream:, f6ee95b5-7ee2-4946-b0be-20c7e4036df8|rpc:172.17.0.2:40029|dataStream:, 39945dd8-822d-49dd-8781-4af99b069674|rpc:172.17.0.2:35293|dataStream:], old=null RUNNING priority:0 candidate:f6ee95b5-7ee2-4946-b0be-20c7e4036df8|rpc:172.17.0.2:40029|dataStream: candidatePriority:0 compare:0
2020-12-08 01:58:23,498 [f6ee95b5-7ee2-4946-b0be-20c7e4036df8@group-BF2FC515E206-LeaderElection18] INFO  impl.LeaderElection (LeaderElection.java:logAndReturn(65)) - f6ee95b5-7ee2-4946-b0be-20c7e4036df8@group-BF2FC515E206-LeaderElection18: Election PASSED; received 1 response(s) [f6ee95b5-7ee2-4946-b0be-20c7e4036df8<-39945dd8-822d-49dd-8781-4af99b069674#0:OK-t1] and 0 exception(s); f6ee95b5-7ee2-4946-b0be-20c7e4036df8@group-BF2FC515E206:t1, leader=null, voted=f6ee95b5-7ee2-4946-b0be-20c7e4036df8, raftlog=f6ee95b5-7ee2-4946-b0be-20c7e4036df8@group-BF2FC515E206-SegmentedRaftLog:OPENED:c-1,f-1,i0, conf=-1: [ab1d11b0-5e74-4d38-b665-6acb1b1e4e59|rpc:172.17.0.2:43893, f6ee95b5-7ee2-4946-b0be-20c7e4036df8|rpc:172.17.0.2:40029, 39945dd8-822d-49dd-8781-4af99b069674|rpc:172.17.0.2:35293], old=null
2020-12-08 01:58:23,498 [f6ee95b5-7ee2-4946-b0be-20c7e4036df8@group-BF2FC515E206-LeaderElection18] INFO  impl.RoleInfo (RoleInfo.java:shutdownLeaderElection(134)) - f6ee95b5-7ee2-4946-b0be-20c7e4036df8: shutdown f6ee95b5-7ee2-4946-b0be-20c7e4036df8@group-BF2FC515E206-LeaderElection18
2020-12-08 01:58:23,498 [f6ee95b5-7ee2-4946-b0be-20c7e4036df8@group-BF2FC515E206-LeaderElection18] INFO  impl.RaftServerImpl (RaftServerImpl.java:setRole(204)) - f6ee95b5-7ee2-4946-b0be-20c7e4036df8@group-BF2FC515E206: changes role from CANDIDATE to LEADER at term 1 for changeToLeader
2020-12-08 01:58:23,498 [f6ee95b5-7ee2-4946-b0be-20c7e4036df8@group-BF2FC515E206-LeaderElection18] INFO  ratis.XceiverServerRatis (XceiverServerRatis.java:handleLeaderChangedNotification(854)) - Leader change notification received for group: group-BF2FC515E206 with new leaderId: f6ee95b5-7ee2-4946-b0be-20c7e4036df8
2020-12-08 01:58:23,498 [f6ee95b5-7ee2-4946-b0be-20c7e4036df8@group-BF2FC515E206-LeaderElection18] INFO  impl.RaftServerImpl (ServerState.java:setLeader(256)) - f6ee95b5-7ee2-4946-b0be-20c7e4036df8@group-BF2FC515E206: change Leader from null to f6ee95b5-7ee2-4946-b0be-20c7e4036df8 at term 1 for becomeLeader, leader elected after 5182ms
2020-12-08 01:58:23,498 [f6ee95b5-7ee2-4946-b0be-20c7e4036df8@group-BF2FC515E206-LeaderElection18] INFO  server.RaftServerConfigKeys (ConfUtils.java:logGet(44)) - raft.server.staging.catchup.gap = 1000 (default)
2020-12-08 01:58:23,498 [f6ee95b5-7ee2-4946-b0be-20c7e4036df8@group-BF2FC515E206-LeaderElection18] INFO  server.RaftServerConfigKeys (ConfUtils.java:logGet(44)) - raft.server.rpc.sleep.time = 25ms (default)
2020-12-08 01:58:23,499 [f6ee95b5-7ee2-4946-b0be-20c7e4036df8@group-BF2FC515E206-LeaderElection18] INFO  metrics.RatisMetrics (RatisMetrics.java:lambda$create$0(36)) - Creating Metrics Registry : ratis.log_appender.f6ee95b5-7ee2-4946-b0be-20c7e4036df8@group-BF2FC515E206
2020-12-08 01:58:23,499 [f6ee95b5-7ee2-4946-b0be-20c7e4036df8@group-BF2FC515E206-LeaderElection18] INFO  server.RaftServerConfigKeys (ConfUtils.java:logGet(44)) - raft.server.write.element-limit = 1024 (custom)
2020-12-08 01:58:23,499 [f6ee95b5-7ee2-4946-b0be-20c7e4036df8@group-BF2FC515E206-LeaderElection18] INFO  server.RaftServerConfigKeys (ConfUtils.java:logGet(44)) - raft.server.write.byte-limit = 1073741824 (custom)
2020-12-08 01:58:23,499 [f6ee95b5-7ee2-4946-b0be-20c7e4036df8@group-BF2FC515E206-LeaderElection18] INFO  server.RaftServerConfigKeys (ConfUtils.java:logGet(44)) - raft.server.watch.timeout = 180s (custom)
2020-12-08 01:58:23,499 [f6ee95b5-7ee2-4946-b0be-20c7e4036df8@group-BF2FC515E206-LeaderElection18] INFO  server.RaftServerConfigKeys (ConfUtils.java:logGet(44)) - raft.server.watch.timeout.denomination = 1s (default)
2020-12-08 01:58:23,499 [f6ee95b5-7ee2-4946-b0be-20c7e4036df8@group-BF2FC515E206-LeaderElection18] INFO  server.RaftServerConfigKeys (ConfUtils.java:logGet(44)) - raft.server.watch.element-limit = 65536 (default)
2020-12-08 01:58:23,500 [EventQueue-PipelineReportForPipelineReportHandler] INFO  pipeline.PipelineStateManager (PipelineStateManager.java:openPipeline(132)) - Pipeline Pipeline[ Id: 0cddbc73-56c6-4de8-8b06-bf2fc515e206, Nodes: 39945dd8-822d-49dd-8781-4af99b069674{ip: 172.17.0.2, host: 11cef1ca5a88, networkLocation: /default-rack, certSerialId: null, persistedOpState: IN_SERVICE, persistedOpStateExpiryEpochSec: 0}ab1d11b0-5e74-4d38-b665-6acb1b1e4e59{ip: 172.17.0.2, host: 11cef1ca5a88, networkLocation: /default-rack, certSerialId: null, persistedOpState: IN_SERVICE, persistedOpStateExpiryEpochSec: 0}f6ee95b5-7ee2-4946-b0be-20c7e4036df8{ip: 172.17.0.2, host: 11cef1ca5a88, networkLocation: /default-rack, certSerialId: null, persistedOpState: IN_SERVICE, persistedOpStateExpiryEpochSec: 0}, Type:RATIS, Factor:THREE, State:ALLOCATED, leaderId:f6ee95b5-7ee2-4946-b0be-20c7e4036df8, CreationTimestamp2020-12-08T01:58:15.737Z] moved to OPEN state
2020-12-08 01:58:23,501 [grpc-default-executor-0] INFO  impl.RaftServerImpl (RaftServerImpl.java:setRole(204)) - ab1d11b0-5e74-4d38-b665-6acb1b1e4e59@group-BF2FC515E206: changes role from CANDIDATE to FOLLOWER at term 1 for recognizeCandidate:f6ee95b5-7ee2-4946-b0be-20c7e4036df8
2020-12-08 01:58:23,502 [grpc-default-executor-0] INFO  impl.RoleInfo (RoleInfo.java:shutdownLeaderElection(134)) - ab1d11b0-5e74-4d38-b665-6acb1b1e4e59: shutdown ab1d11b0-5e74-4d38-b665-6acb1b1e4e59@group-BF2FC515E206-LeaderElection19
2020-12-08 01:58:23,500 [f6ee95b5-7ee2-4946-b0be-20c7e4036df8@group-BF2FC515E206-LeaderElection18] INFO  server.RaftServerConfigKeys (ConfUtils.java:logGet(44)) - raft.server.log.appender.snapshot.chunk.size.max = 16MB (=16777216) (default)
2020-12-08 01:58:23,503 [f6ee95b5-7ee2-4946-b0be-20c7e4036df8@group-BF2FC515E206-LeaderElection18] INFO  server.RaftServerConfigKeys (ConfUtils.java:logGet(44)) - raft.server.log.appender.buffer.byte-limit = 33554432 (custom)
2020-12-08 01:58:23,503 [f6ee95b5-7ee2-4946-b0be-20c7e4036df8@group-BF2FC515E206-LeaderElection18] INFO  server.RaftServerConfigKeys (ConfUtils.java:logGet(44)) - raft.server.log.appender.buffer.element-limit = 1 (custom)
2020-12-08 01:58:23,502 [grpc-default-executor-0] INFO  impl.RoleInfo (RoleInfo.java:updateAndGet(143)) - ab1d11b0-5e74-4d38-b665-6acb1b1e4e59: start ab1d11b0-5e74-4d38-b665-6acb1b1e4e59@group-BF2FC515E206-FollowerState
2020-12-08 01:58:23,503 [f6ee95b5-7ee2-4946-b0be-20c7e4036df8@group-BF2FC515E206-LeaderElection18] INFO  grpc.GrpcConfigKeys (ConfUtils.java:logGet(44)) - raft.grpc.server.leader.outstanding.appends.max = 128 (default)
2020-12-08 01:58:23,503 [f6ee95b5-7ee2-4946-b0be-20c7e4036df8@group-BF2FC515E206-LeaderElection18] INFO  server.RaftServerConfigKeys (ConfUtils.java:logGet(44)) - raft.server.rpc.request.timeout = 60s (custom)
2020-12-08 01:58:23,503 [f6ee95b5-7ee2-4946-b0be-20c7e4036df8@group-BF2FC515E206-LeaderElection18] INFO  server.RaftServerConfigKeys (ConfUtils.java:logGet(44)) - raft.server.log.appender.install.snapshot.enabled = false (custom)
2020-12-08 01:58:23,503 [f6ee95b5-7ee2-4946-b0be-20c7e4036df8@group-BF2FC515E206-LeaderElection18] INFO  metrics.RatisMetrics (RatisMetrics.java:lambda$create$0(36)) - Creating Metrics Registry : ratis_grpc.log_appender.f6ee95b5-7ee2-4946-b0be-20c7e4036df8@group-BF2FC515E206
2020-12-08 01:58:23,508 [f6ee95b5-7ee2-4946-b0be-20c7e4036df8@group-BF2FC515E206-LeaderElection18] INFO  server.RaftServerConfigKeys (ConfUtils.java:logGet(44)) - raft.server.log.appender.snapshot.chunk.size.max = 16MB (=16777216) (default)
2020-12-08 01:58:23,509 [f6ee95b5-7ee2-4946-b0be-20c7e4036df8@group-BF2FC515E206-LeaderElection18] INFO  server.RaftServerConfigKeys (ConfUtils.java:logGet(44)) - raft.server.log.appender.buffer.byte-limit = 33554432 (custom)
2020-12-08 01:58:23,509 [f6ee95b5-7ee2-4946-b0be-20c7e4036df8@group-BF2FC515E206-LeaderElection18] INFO  server.RaftServerConfigKeys (ConfUtils.java:logGet(44)) - raft.server.log.appender.buffer.element-limit = 1 (custom)
2020-12-08 01:58:23,509 [f6ee95b5-7ee2-4946-b0be-20c7e4036df8@group-BF2FC515E206-LeaderElection18] INFO  grpc.GrpcConfigKeys (ConfUtils.java:logGet(44)) - raft.grpc.server.leader.outstanding.appends.max = 128 (default)
2020-12-08 01:58:23,509 [f6ee95b5-7ee2-4946-b0be-20c7e4036df8@group-BF2FC515E206-LeaderElection18] INFO  server.RaftServerConfigKeys (ConfUtils.java:logGet(44)) - raft.server.rpc.request.timeout = 60s (custom)
2020-12-08 01:58:23,510 [f6ee95b5-7ee2-4946-b0be-20c7e4036df8@group-BF2FC515E206-LeaderElection18] INFO  server.RaftServerConfigKeys (ConfUtils.java:logGet(44)) - raft.server.log.appender.install.snapshot.enabled = false (custom)
2020-12-08 01:58:23,518 [f6ee95b5-7ee2-4946-b0be-20c7e4036df8@group-BF2FC515E206-LeaderElection18] INFO  impl.RoleInfo (RoleInfo.java:updateAndGet(143)) - f6ee95b5-7ee2-4946-b0be-20c7e4036df8: start f6ee95b5-7ee2-4946-b0be-20c7e4036df8@group-BF2FC515E206-LeaderState
2020-12-08 01:58:23,518 [f6ee95b5-7ee2-4946-b0be-20c7e4036df8@group-BF2FC515E206-LeaderElection18] INFO  segmented.SegmentedRaftLogWorker (SegmentedRaftLogWorker.java:startLogSegment(398)) - f6ee95b5-7ee2-4946-b0be-20c7e4036df8@group-BF2FC515E206-SegmentedRaftLogWorker: Starting segment from index:0
2020-12-08 01:58:23,525 [f6ee95b5-7ee2-4946-b0be-20c7e4036df8@group-BF2FC515E206-LeaderElection18] INFO  impl.RaftServerImpl (ServerState.java:setRaftConf(374)) - f6ee95b5-7ee2-4946-b0be-20c7e4036df8@group-BF2FC515E206: set configuration 0: [ab1d11b0-5e74-4d38-b665-6acb1b1e4e59|rpc:172.17.0.2:43893|dataStream:, f6ee95b5-7ee2-4946-b0be-20c7e4036df8|rpc:172.17.0.2:40029|dataStream:, 39945dd8-822d-49dd-8781-4af99b069674|rpc:172.17.0.2:35293|dataStream:], old=null at 0
2020-12-08 01:58:23,526 [f6ee95b5-7ee2-4946-b0be-20c7e4036df8@group-BF2FC515E206-SegmentedRaftLogWorker] INFO  segmented.SegmentedRaftLogWorker (SegmentedRaftLogWorker.java:execute(597)) - f6ee95b5-7ee2-4946-b0be-20c7e4036df8@group-BF2FC515E206-SegmentedRaftLogWorker: created new log segment /github/workspace/mnt/ozone/hadoop-ozone/integration-test/target/test-dir/MiniOzoneClusterImpl-fe278d26-eb6d-413e-b3f8-43e11913de58/datanode-3/data/ratis/0cddbc73-56c6-4de8-8b06-bf2fc515e206/current/log_inprogress_0
2020-12-08 01:58:23,539 [org.apache.ratis.server.JvmPauseMonitor@7ce8454b-Monitor] WARN  server.JvmPauseMonitor (JvmPauseMonitor.java:run(141)) - Detected pause in JVM or host machine (eg GC): pause of approximately 3ms
No GCs detected
2020-12-08 01:58:23,542 [grpc-default-executor-2] INFO  ratis.XceiverServerRatis (XceiverServerRatis.java:handleLeaderChangedNotification(854)) - Leader change notification received for group: group-BF2FC515E206 with new leaderId: f6ee95b5-7ee2-4946-b0be-20c7e4036df8
2020-12-08 01:58:23,542 [grpc-default-executor-2] INFO  impl.RaftServerImpl (ServerState.java:setLeader(256)) - ab1d11b0-5e74-4d38-b665-6acb1b1e4e59@group-BF2FC515E206: change Leader from null to f6ee95b5-7ee2-4946-b0be-20c7e4036df8 at term 1 for appendEntries, leader elected after 5126ms
2020-12-08 01:58:23,546 [grpc-default-executor-0] INFO  ratis.XceiverServerRatis (XceiverServerRatis.java:handleLeaderChangedNotification(854)) - Leader change notification received for group: group-BF2FC515E206 with new leaderId: f6ee95b5-7ee2-4946-b0be-20c7e4036df8
2020-12-08 01:58:23,546 [grpc-default-executor-0] INFO  impl.RaftServerImpl (ServerState.java:setLeader(256)) - 39945dd8-822d-49dd-8781-4af99b069674@group-BF2FC515E206: change Leader from null to f6ee95b5-7ee2-4946-b0be-20c7e4036df8 at term 1 for appendEntries, leader elected after 5188ms
2020-12-08 01:58:23,548 [grpc-default-executor-2] INFO  impl.RaftServerImpl (ServerState.java:setRaftConf(374)) - ab1d11b0-5e74-4d38-b665-6acb1b1e4e59@group-BF2FC515E206: set configuration 0: [ab1d11b0-5e74-4d38-b665-6acb1b1e4e59|rpc:172.17.0.2:43893|dataStream:, f6ee95b5-7ee2-4946-b0be-20c7e4036df8|rpc:172.17.0.2:40029|dataStream:, 39945dd8-822d-49dd-8781-4af99b069674|rpc:172.17.0.2:35293|dataStream:], old=null at 0
2020-12-08 01:58:23,548 [grpc-default-executor-2] INFO  segmented.SegmentedRaftLogWorker (SegmentedRaftLogWorker.java:startLogSegment(398)) - ab1d11b0-5e74-4d38-b665-6acb1b1e4e59@group-BF2FC515E206-SegmentedRaftLogWorker: Starting segment from index:0
2020-12-08 01:58:23,550 [ab1d11b0-5e74-4d38-b665-6acb1b1e4e59@group-BF2FC515E206-SegmentedRaftLogWorker] INFO  segmented.SegmentedRaftLogWorker (SegmentedRaftLogWorker.java:execute(597)) - ab1d11b0-5e74-4d38-b665-6acb1b1e4e59@group-BF2FC515E206-SegmentedRaftLogWorker: created new log segment /github/workspace/mnt/ozone/hadoop-ozone/integration-test/target/test-dir/MiniOzoneClusterImpl-fe278d26-eb6d-413e-b3f8-43e11913de58/datanode-5/data/ratis/0cddbc73-56c6-4de8-8b06-bf2fc515e206/current/log_inprogress_0
2020-12-08 01:58:23,553 [grpc-default-executor-0] INFO  impl.RaftServerImpl (ServerState.java:setRaftConf(374)) - 39945dd8-822d-49dd-8781-4af99b069674@group-BF2FC515E206: set configuration 0: [ab1d11b0-5e74-4d38-b665-6acb1b1e4e59|rpc:172.17.0.2:43893|dataStream:, f6ee95b5-7ee2-4946-b0be-20c7e4036df8|rpc:172.17.0.2:40029|dataStream:, 39945dd8-822d-49dd-8781-4af99b069674|rpc:172.17.0.2:35293|dataStream:], old=null at 0
2020-12-08 01:58:23,553 [grpc-default-executor-0] INFO  segmented.SegmentedRaftLogWorker (SegmentedRaftLogWorker.java:startLogSegment(398)) - 39945dd8-822d-49dd-8781-4af99b069674@group-BF2FC515E206-SegmentedRaftLogWorker: Starting segment from index:0
2020-12-08 01:58:23,559 [39945dd8-822d-49dd-8781-4af99b069674@group-BF2FC515E206-SegmentedRaftLogWorker] INFO  segmented.SegmentedRaftLogWorker (SegmentedRaftLogWorker.java:execute(597)) - 39945dd8-822d-49dd-8781-4af99b069674@group-BF2FC515E206-SegmentedRaftLogWorker: created new log segment /github/workspace/mnt/ozone/hadoop-ozone/integration-test/target/test-dir/MiniOzoneClusterImpl-fe278d26-eb6d-413e-b3f8-43e11913de58/datanode-4/data/ratis/0cddbc73-56c6-4de8-8b06-bf2fc515e206/current/log_inprogress_0
2020-12-08 01:58:23,680 [Thread-635] INFO  impl.FollowerState (FollowerState.java:run(128)) - 39945dd8-822d-49dd-8781-4af99b069674@group-7285C38FD8BA-FollowerState: change to CANDIDATE, lastRpcTime:5140ms, electionTimeout:5139ms
2020-12-08 01:58:23,680 [Thread-635] INFO  impl.RoleInfo (RoleInfo.java:shutdownFollowerState(121)) - 39945dd8-822d-49dd-8781-4af99b069674: shutdown 39945dd8-822d-49dd-8781-4af99b069674@group-7285C38FD8BA-FollowerState
2020-12-08 01:58:23,680 [Thread-635] INFO  impl.RaftServerImpl (RaftServerImpl.java:setRole(204)) - 39945dd8-822d-49dd-8781-4af99b069674@group-7285C38FD8BA: changes role from  FOLLOWER to CANDIDATE at term 0 for changeToCandidate
2020-12-08 01:58:23,680 [Thread-635] INFO  impl.RoleInfo (RoleInfo.java:updateAndGet(143)) - 39945dd8-822d-49dd-8781-4af99b069674: start 39945dd8-822d-49dd-8781-4af99b069674@group-7285C38FD8BA-LeaderElection20
2020-12-08 01:58:23,690 [39945dd8-822d-49dd-8781-4af99b069674@group-7285C38FD8BA-LeaderElection20] INFO  impl.LeaderElection (LeaderElection.java:askForVotes(215)) - 39945dd8-822d-49dd-8781-4af99b069674@group-7285C38FD8BA-LeaderElection20: begin an election at term 1 for -1: [39945dd8-822d-49dd-8781-4af99b069674|rpc:172.17.0.2:35293], old=null
2020-12-08 01:58:23,690 [39945dd8-822d-49dd-8781-4af99b069674@group-7285C38FD8BA-LeaderElection20] INFO  impl.RoleInfo (RoleInfo.java:shutdownLeaderElection(134)) - 39945dd8-822d-49dd-8781-4af99b069674: shutdown 39945dd8-822d-49dd-8781-4af99b069674@group-7285C38FD8BA-LeaderElection20
2020-12-08 01:58:23,690 [39945dd8-822d-49dd-8781-4af99b069674@group-7285C38FD8BA-LeaderElection20] INFO  impl.RaftServerImpl (RaftServerImpl.java:setRole(204)) - 39945dd8-822d-49dd-8781-4af99b069674@group-7285C38FD8BA: changes role from CANDIDATE to LEADER at term 1 for changeToLeader
2020-12-08 01:58:23,690 [39945dd8-822d-49dd-8781-4af99b069674@group-7285C38FD8BA-LeaderElection20] INFO  ratis.XceiverServerRatis (XceiverServerRatis.java:handleLeaderChangedNotification(854)) - Leader change notification received for group: group-7285C38FD8BA with new leaderId: 39945dd8-822d-49dd-8781-4af99b069674
2020-12-08 01:58:23,690 [39945dd8-822d-49dd-8781-4af99b069674@group-7285C38FD8BA-LeaderElection20] INFO  impl.RaftServerImpl (ServerState.java:setLeader(256)) - 39945dd8-822d-49dd-8781-4af99b069674@group-7285C38FD8BA: change Leader from null to 39945dd8-822d-49dd-8781-4af99b069674 at term 1 for becomeLeader, leader elected after 5161ms
2020-12-08 01:58:23,691 [39945dd8-822d-49dd-8781-4af99b069674@group-7285C38FD8BA-LeaderElection20] INFO  server.RaftServerConfigKeys (ConfUtils.java:logGet(44)) - raft.server.staging.catchup.gap = 1000 (default)
2020-12-08 01:58:23,691 [39945dd8-822d-49dd-8781-4af99b069674@group-7285C38FD8BA-LeaderElection20] INFO  server.RaftServerConfigKeys (ConfUtils.java:logGet(44)) - raft.server.rpc.sleep.time = 25ms (default)
2020-12-08 01:58:23,691 [39945dd8-822d-49dd-8781-4af99b069674@group-7285C38FD8BA-LeaderElection20] INFO  metrics.RatisMetrics (RatisMetrics.java:lambda$create$0(36)) - Creating Metrics Registry : ratis.log_appender.39945dd8-822d-49dd-8781-4af99b069674@group-7285C38FD8BA
2020-12-08 01:58:23,691 [39945dd8-822d-49dd-8781-4af99b069674@group-7285C38FD8BA-LeaderElection20] INFO  server.RaftServerConfigKeys (ConfUtils.java:logGet(44)) - raft.server.write.element-limit = 1024 (custom)
2020-12-08 01:58:23,691 [39945dd8-822d-49dd-8781-4af99b069674@group-7285C38FD8BA-LeaderElection20] INFO  server.RaftServerConfigKeys (ConfUtils.java:logGet(44)) - raft.server.write.byte-limit = 1073741824 (custom)
2020-12-08 01:58:23,691 [39945dd8-822d-49dd-8781-4af99b069674@group-7285C38FD8BA-LeaderElection20] INFO  server.RaftServerConfigKeys (ConfUtils.java:logGet(44)) - raft.server.watch.timeout = 180s (custom)
2020-12-08 01:58:23,691 [39945dd8-822d-49dd-8781-4af99b069674@group-7285C38FD8BA-LeaderElection20] INFO  server.RaftServerConfigKeys (ConfUtils.java:logGet(44)) - raft.server.watch.timeout.denomination = 1s (default)
2020-12-08 01:58:23,691 [39945dd8-822d-49dd-8781-4af99b069674@group-7285C38FD8BA-LeaderElection20] INFO  server.RaftServerConfigKeys (ConfUtils.java:logGet(44)) - raft.server.watch.element-limit = 65536 (default)
2020-12-08 01:58:23,692 [39945dd8-822d-49dd-8781-4af99b069674@group-7285C38FD8BA-LeaderElection20] INFO  impl.RoleInfo (RoleInfo.java:updateAndGet(143)) - 39945dd8-822d-49dd-8781-4af99b069674: start 39945dd8-822d-49dd-8781-4af99b069674@group-7285C38FD8BA-LeaderState
2020-12-08 01:58:23,692 [39945dd8-822d-49dd-8781-4af99b069674@group-7285C38FD8BA-LeaderElection20] INFO  segmented.SegmentedRaftLogWorker (SegmentedRaftLogWorker.java:startLogSegment(398)) - 39945dd8-822d-49dd-8781-4af99b069674@group-7285C38FD8BA-SegmentedRaftLogWorker: Starting segment from index:0
2020-12-08 01:58:23,693 [39945dd8-822d-49dd-8781-4af99b069674@group-7285C38FD8BA-SegmentedRaftLogWorker] INFO  segmented.SegmentedRaftLogWorker (SegmentedRaftLogWorker.java:execute(597)) - 39945dd8-822d-49dd-8781-4af99b069674@group-7285C38FD8BA-SegmentedRaftLogWorker: created new log segment /github/workspace/mnt/ozone/hadoop-ozone/integration-test/target/test-dir/MiniOzoneClusterImpl-fe278d26-eb6d-413e-b3f8-43e11913de58/datanode-4/data/ratis/11a47e58-9875-4042-886f-7285c38fd8ba/current/log_inprogress_0
2020-12-08 01:58:23,696 [39945dd8-822d-49dd-8781-4af99b069674@group-7285C38FD8BA-LeaderElection20] INFO  impl.RaftServerImpl (ServerState.java:setRaftConf(374)) - 39945dd8-822d-49dd-8781-4af99b069674@group-7285C38FD8BA: set configuration 0: [39945dd8-822d-49dd-8781-4af99b069674|rpc:172.17.0.2:35293|dataStream:], old=null at 0
2020-12-08 01:58:23,888 [Thread-637] INFO  impl.FollowerState (FollowerState.java:run(128)) - ab1d11b0-5e74-4d38-b665-6acb1b1e4e59@group-A0906E24071F-FollowerState: change to CANDIDATE, lastRpcTime:5137ms, electionTimeout:5136ms
2020-12-08 01:58:23,889 [Thread-637] INFO  impl.RoleInfo (RoleInfo.java:shutdownFollowerState(121)) - ab1d11b0-5e74-4d38-b665-6acb1b1e4e59: shutdown ab1d11b0-5e74-4d38-b665-6acb1b1e4e59@group-A0906E24071F-FollowerState
2020-12-08 01:58:23,889 [Thread-637] INFO  impl.RaftServerImpl (RaftServerImpl.java:setRole(204)) - ab1d11b0-5e74-4d38-b665-6acb1b1e4e59@group-A0906E24071F: changes role from  FOLLOWER to CANDIDATE at term 0 for changeToCandidate
2020-12-08 01:58:23,889 [Thread-637] INFO  impl.RoleInfo (RoleInfo.java:updateAndGet(143)) - ab1d11b0-5e74-4d38-b665-6acb1b1e4e59: start ab1d11b0-5e74-4d38-b665-6acb1b1e4e59@group-A0906E24071F-LeaderElection21
2020-12-08 01:58:23,892 [ab1d11b0-5e74-4d38-b665-6acb1b1e4e59@group-A0906E24071F-LeaderElection21] INFO  impl.LeaderElection (LeaderElection.java:askForVotes(215)) - ab1d11b0-5e74-4d38-b665-6acb1b1e4e59@group-A0906E24071F-LeaderElection21: begin an election at term 1 for -1: [ab1d11b0-5e74-4d38-b665-6acb1b1e4e59|rpc:172.17.0.2:43893], old=null
2020-12-08 01:58:23,892 [ab1d11b0-5e74-4d38-b665-6acb1b1e4e59@group-A0906E24071F-LeaderElection21] INFO  impl.RoleInfo (RoleInfo.java:shutdownLeaderElection(134)) - ab1d11b0-5e74-4d38-b665-6acb1b1e4e59: shutdown ab1d11b0-5e74-4d38-b665-6acb1b1e4e59@group-A0906E24071F-LeaderElection21
2020-12-08 01:58:23,892 [ab1d11b0-5e74-4d38-b665-6acb1b1e4e59@group-A0906E24071F-LeaderElection21] INFO  impl.RaftServerImpl (RaftServerImpl.java:setRole(204)) - ab1d11b0-5e74-4d38-b665-6acb1b1e4e59@group-A0906E24071F: changes role from CANDIDATE to LEADER at term 1 for changeToLeader
2020-12-08 01:58:23,892 [ab1d11b0-5e74-4d38-b665-6acb1b1e4e59@group-A0906E24071F-LeaderElection21] INFO  ratis.XceiverServerRatis (XceiverServerRatis.java:handleLeaderChangedNotification(854)) - Leader change notification received for group: group-A0906E24071F with new leaderId: ab1d11b0-5e74-4d38-b665-6acb1b1e4e59
2020-12-08 01:58:23,892 [ab1d11b0-5e74-4d38-b665-6acb1b1e4e59@group-A0906E24071F-LeaderElection21] INFO  impl.RaftServerImpl (ServerState.java:setLeader(256)) - ab1d11b0-5e74-4d38-b665-6acb1b1e4e59@group-A0906E24071F: change Leader from null to ab1d11b0-5e74-4d38-b665-6acb1b1e4e59 at term 1 for becomeLeader, leader elected after 5154ms
2020-12-08 01:58:23,893 [ab1d11b0-5e74-4d38-b665-6acb1b1e4e59@group-A0906E24071F-LeaderElection21] INFO  server.RaftServerConfigKeys (ConfUtils.java:logGet(44)) - raft.server.staging.catchup.gap = 1000 (default)
2020-12-08 01:58:23,893 [ab1d11b0-5e74-4d38-b665-6acb1b1e4e59@group-A0906E24071F-LeaderElection21] INFO  server.RaftServerConfigKeys (ConfUtils.java:logGet(44)) - raft.server.rpc.sleep.time = 25ms (default)
2020-12-08 01:58:23,893 [ab1d11b0-5e74-4d38-b665-6acb1b1e4e59@group-A0906E24071F-LeaderElection21] INFO  metrics.RatisMetrics (RatisMetrics.java:lambda$create$0(36)) - Creating Metrics Registry : ratis.log_appender.ab1d11b0-5e74-4d38-b665-6acb1b1e4e59@group-A0906E24071F
2020-12-08 01:58:23,893 [ab1d11b0-5e74-4d38-b665-6acb1b1e4e59@group-A0906E24071F-LeaderElection21] INFO  server.RaftServerConfigKeys (ConfUtils.java:logGet(44)) - raft.server.write.element-limit = 1024 (custom)
2020-12-08 01:58:23,893 [ab1d11b0-5e74-4d38-b665-6acb1b1e4e59@group-A0906E24071F-LeaderElection21] INFO  server.RaftServerConfigKeys (ConfUtils.java:logGet(44)) - raft.server.write.byte-limit = 1073741824 (custom)
2020-12-08 01:58:23,895 [ab1d11b0-5e74-4d38-b665-6acb1b1e4e59@group-A0906E24071F-LeaderElection21] INFO  server.RaftServerConfigKeys (ConfUtils.java:logGet(44)) - raft.server.watch.timeout = 180s (custom)
2020-12-08 01:58:23,896 [ab1d11b0-5e74-4d38-b665-6acb1b1e4e59@group-A0906E24071F-LeaderElection21] INFO  server.RaftServerConfigKeys (ConfUtils.java:logGet(44)) - raft.server.watch.timeout.denomination = 1s (default)
2020-12-08 01:58:23,896 [ab1d11b0-5e74-4d38-b665-6acb1b1e4e59@group-A0906E24071F-LeaderElection21] INFO  server.RaftServerConfigKeys (ConfUtils.java:logGet(44)) - raft.server.watch.element-limit = 65536 (default)
2020-12-08 01:58:23,896 [ab1d11b0-5e74-4d38-b665-6acb1b1e4e59@group-A0906E24071F-LeaderElection21] INFO  impl.RoleInfo (RoleInfo.java:updateAndGet(143)) - ab1d11b0-5e74-4d38-b665-6acb1b1e4e59: start ab1d11b0-5e74-4d38-b665-6acb1b1e4e59@group-A0906E24071F-LeaderState
2020-12-08 01:58:23,901 [ab1d11b0-5e74-4d38-b665-6acb1b1e4e59@group-A0906E24071F-LeaderElection21] INFO  segmented.SegmentedRaftLogWorker (SegmentedRaftLogWorker.java:startLogSegment(398)) - ab1d11b0-5e74-4d38-b665-6acb1b1e4e59@group-A0906E24071F-SegmentedRaftLogWorker: Starting segment from index:0
2020-12-08 01:58:23,902 [ab1d11b0-5e74-4d38-b665-6acb1b1e4e59@group-A0906E24071F-LeaderElection21] INFO  impl.RaftServerImpl (ServerState.java:setRaftConf(374)) - ab1d11b0-5e74-4d38-b665-6acb1b1e4e59@group-A0906E24071F: set configuration 0: [ab1d11b0-5e74-4d38-b665-6acb1b1e4e59|rpc:172.17.0.2:43893|dataStream:], old=null at 0
2020-12-08 01:58:23,903 [ab1d11b0-5e74-4d38-b665-6acb1b1e4e59@group-A0906E24071F-SegmentedRaftLogWorker] INFO  segmented.SegmentedRaftLogWorker (SegmentedRaftLogWorker.java:execute(597)) - ab1d11b0-5e74-4d38-b665-6acb1b1e4e59@group-A0906E24071F-SegmentedRaftLogWorker: created new log segment /github/workspace/mnt/ozone/hadoop-ozone/integration-test/target/test-dir/MiniOzoneClusterImpl-fe278d26-eb6d-413e-b3f8-43e11913de58/datanode-5/data/ratis/c14d7965-46e0-47c5-8601-a0906e24071f/current/log_inprogress_0
2020-12-08 01:58:24,101 [Thread-639] INFO  impl.FollowerState (FollowerState.java:run(128)) - be1361e3-69b4-4f11-b723-c9a04e197c79@group-0A7006F194FA-FollowerState: change to CANDIDATE, lastRpcTime:5127ms, electionTimeout:5126ms
2020-12-08 01:58:24,101 [Thread-639] INFO  impl.RoleInfo (RoleInfo.java:shutdownFollowerState(121)) - be1361e3-69b4-4f11-b723-c9a04e197c79: shutdown be1361e3-69b4-4f11-b723-c9a04e197c79@group-0A7006F194FA-FollowerState
2020-12-08 01:58:24,101 [Thread-639] INFO  impl.RaftServerImpl (RaftServerImpl.java:setRole(204)) - be1361e3-69b4-4f11-b723-c9a04e197c79@group-0A7006F194FA: changes role from  FOLLOWER to CANDIDATE at term 0 for changeToCandidate
2020-12-08 01:58:24,101 [Thread-639] INFO  impl.RoleInfo (RoleInfo.java:updateAndGet(143)) - be1361e3-69b4-4f11-b723-c9a04e197c79: start be1361e3-69b4-4f11-b723-c9a04e197c79@group-0A7006F194FA-LeaderElection22
2020-12-08 01:58:24,104 [be1361e3-69b4-4f11-b723-c9a04e197c79@group-0A7006F194FA-LeaderElection22] INFO  impl.LeaderElection (LeaderElection.java:askForVotes(215)) - be1361e3-69b4-4f11-b723-c9a04e197c79@group-0A7006F194FA-LeaderElection22: begin an election at term 1 for -1: [be1361e3-69b4-4f11-b723-c9a04e197c79|rpc:172.17.0.2:41063], old=null
2020-12-08 01:58:24,104 [be1361e3-69b4-4f11-b723-c9a04e197c79@group-0A7006F194FA-LeaderElection22] INFO  impl.RoleInfo (RoleInfo.java:shutdownLeaderElection(134)) - be1361e3-69b4-4f11-b723-c9a04e197c79: shutdown be1361e3-69b4-4f11-b723-c9a04e197c79@group-0A7006F194FA-LeaderElection22
2020-12-08 01:58:24,104 [be1361e3-69b4-4f11-b723-c9a04e197c79@group-0A7006F194FA-LeaderElection22] INFO  impl.RaftServerImpl (RaftServerImpl.java:setRole(204)) - be1361e3-69b4-4f11-b723-c9a04e197c79@group-0A7006F194FA: changes role from CANDIDATE to LEADER at term 1 for changeToLeader
2020-12-08 01:58:24,104 [be1361e3-69b4-4f11-b723-c9a04e197c79@group-0A7006F194FA-LeaderElection22] INFO  ratis.XceiverServerRatis (XceiverServerRatis.java:handleLeaderChangedNotification(854)) - Leader change notification received for group: group-0A7006F194FA with new leaderId: be1361e3-69b4-4f11-b723-c9a04e197c79
2020-12-08 01:58:24,105 [be1361e3-69b4-4f11-b723-c9a04e197c79@group-0A7006F194FA-LeaderElection22] INFO  impl.RaftServerImpl (ServerState.java:setLeader(256)) - be1361e3-69b4-4f11-b723-c9a04e197c79@group-0A7006F194FA: change Leader from null to be1361e3-69b4-4f11-b723-c9a04e197c79 at term 1 for becomeLeader, leader elected after 5139ms
2020-12-08 01:58:24,105 [be1361e3-69b4-4f11-b723-c9a04e197c79@group-0A7006F194FA-LeaderElection22] INFO  server.RaftServerConfigKeys (ConfUtils.java:logGet(44)) - raft.server.staging.catchup.gap = 1000 (default)
2020-12-08 01:58:24,105 [be1361e3-69b4-4f11-b723-c9a04e197c79@group-0A7006F194FA-LeaderElection22] INFO  server.RaftServerConfigKeys (ConfUtils.java:logGet(44)) - raft.server.rpc.sleep.time = 25ms (default)
2020-12-08 01:58:24,105 [be1361e3-69b4-4f11-b723-c9a04e197c79@group-0A7006F194FA-LeaderElection22] INFO  metrics.RatisMetrics (RatisMetrics.java:lambda$create$0(36)) - Creating Metrics Registry : ratis.log_appender.be1361e3-69b4-4f11-b723-c9a04e197c79@group-0A7006F194FA
2020-12-08 01:58:24,105 [be1361e3-69b4-4f11-b723-c9a04e197c79@group-0A7006F194FA-LeaderElection22] INFO  server.RaftServerConfigKeys (ConfUtils.java:logGet(44)) - raft.server.write.element-limit = 1024 (custom)
2020-12-08 01:58:24,105 [be1361e3-69b4-4f11-b723-c9a04e197c79@group-0A7006F194FA-LeaderElection22] INFO  server.RaftServerConfigKeys (ConfUtils.java:logGet(44)) - raft.server.write.byte-limit = 1073741824 (custom)
2020-12-08 01:58:24,106 [be1361e3-69b4-4f11-b723-c9a04e197c79@group-0A7006F194FA-LeaderElection22] INFO  server.RaftServerConfigKeys (ConfUtils.java:logGet(44)) - raft.server.watch.timeout = 180s (custom)
2020-12-08 01:58:24,106 [be1361e3-69b4-4f11-b723-c9a04e197c79@group-0A7006F194FA-LeaderElection22] INFO  server.RaftServerConfigKeys (ConfUtils.java:logGet(44)) - raft.server.watch.timeout.denomination = 1s (default)
2020-12-08 01:58:24,106 [be1361e3-69b4-4f11-b723-c9a04e197c79@group-0A7006F194FA-LeaderElection22] INFO  server.RaftServerConfigKeys (ConfUtils.java:logGet(44)) - raft.server.watch.element-limit = 65536 (default)
2020-12-08 01:58:24,106 [be1361e3-69b4-4f11-b723-c9a04e197c79@group-0A7006F194FA-LeaderElection22] INFO  impl.RoleInfo (RoleInfo.java:updateAndGet(143)) - be1361e3-69b4-4f11-b723-c9a04e197c79: start be1361e3-69b4-4f11-b723-c9a04e197c79@group-0A7006F194FA-LeaderState
2020-12-08 01:58:24,106 [be1361e3-69b4-4f11-b723-c9a04e197c79@group-0A7006F194FA-LeaderElection22] INFO  segmented.SegmentedRaftLogWorker (SegmentedRaftLogWorker.java:startLogSegment(398)) - be1361e3-69b4-4f11-b723-c9a04e197c79@group-0A7006F194FA-SegmentedRaftLogWorker: Starting segment from index:0
2020-12-08 01:58:24,107 [be1361e3-69b4-4f11-b723-c9a04e197c79@group-0A7006F194FA-LeaderElection22] INFO  impl.RaftServerImpl (ServerState.java:setRaftConf(374)) - be1361e3-69b4-4f11-b723-c9a04e197c79@group-0A7006F194FA: set configuration 0: [be1361e3-69b4-4f11-b723-c9a04e197c79|rpc:172.17.0.2:41063|dataStream:], old=null at 0
2020-12-08 01:58:24,114 [be1361e3-69b4-4f11-b723-c9a04e197c79@group-0A7006F194FA-SegmentedRaftLogWorker] INFO  segmented.SegmentedRaftLogWorker (SegmentedRaftLogWorker.java:execute(597)) - be1361e3-69b4-4f11-b723-c9a04e197c79@group-0A7006F194FA-SegmentedRaftLogWorker: created new log segment /github/workspace/mnt/ozone/hadoop-ozone/integration-test/target/test-dir/MiniOzoneClusterImpl-fe278d26-eb6d-413e-b3f8-43e11913de58/datanode-6/data/ratis/b0eee72a-d72c-4cd7-8f27-0a7006f194fa/current/log_inprogress_0
2020-12-08 01:58:25,812 [EventQueue-Delayed safe mode statusForReplicationManager] INFO  container.ReplicationManager (ReplicationManager.java:start(186)) - Starting Replication Monitor Thread.
2020-12-08 01:58:25,815 [ReplicationMonitor] INFO  container.ReplicationManager (ReplicationManager.java:run(250)) - Replication Monitor Thread took 0 milliseconds for processing 3 containers.
2020-12-08 01:58:35,951 [Listener at 127.0.0.1/34557] INFO  metrics.RatisMetrics (RatisMetrics.java:lambda$create$0(36)) - Creating Metrics Registry : ratis.client_message_metrics.client-895C623797EA->4d7665c3-83ba-40ae-a15f-238c06fe965e
2020-12-08 01:58:35,969 [org.apache.ratis.server.JvmPauseMonitor@12cff514-Monitor] WARN  server.JvmPauseMonitor (JvmPauseMonitor.java:run(141)) - Detected pause in JVM or host machine (eg GC): pause of approximately 4ms
No GCs detected
2020-12-08 01:58:36,008 [Listener at 127.0.0.1/34557] INFO  metrics.RatisMetrics (RatisMetrics.java:lambda$create$0(36)) - Creating Metrics Registry : ratis.client_message_metrics.client-5CC3E01F1F40->be1361e3-69b4-4f11-b723-c9a04e197c79
2020-12-08 01:58:36,013 [grpc-default-executor-0] INFO  metrics.RatisMetrics (RatisMetrics.java:lambda$create$0(36)) - Creating Metrics Registry : ratis.server_message_metrics.be1361e3-69b4-4f11-b723-c9a04e197c79
2020-12-08 01:58:36,063 [Listener at 127.0.0.1/34557] INFO  metrics.RatisMetrics (RatisMetrics.java:lambda$create$0(36)) - Creating Metrics Registry : ratis.client_message_metrics.client-A154C3CDE58A->4d7665c3-83ba-40ae-a15f-238c06fe965e
2020-12-08 01:58:36,136 [EventQueue-CloseContainerForCloseContainerEventHandler] INFO  container.CloseContainerEventHandler (CloseContainerEventHandler.java:onMessage(61)) - Close container Event triggered for container : #1
2020-12-08 01:58:36,136 [EventQueue-CloseContainerForCloseContainerEventHandler] INFO  container.CloseContainerEventHandler (CloseContainerEventHandler.java:onMessage(61)) - Close container Event triggered for container : #2
2020-12-08 01:58:36,137 [EventQueue-CloseContainerForCloseContainerEventHandler] INFO  container.CloseContainerEventHandler (CloseContainerEventHandler.java:onMessage(61)) - Close container Event triggered for container : #3
2020-12-08 01:58:38,012 [RatisApplyTransactionExecutor 1] INFO  keyvalue.KeyValueContainer (KeyValueContainer.java:flushAndSyncDB(388)) - Container 1 is synced with bcsId 13.
2020-12-08 01:58:38,012 [RatisApplyTransactionExecutor 1] INFO  keyvalue.KeyValueContainer (KeyValueContainer.java:flushAndSyncDB(388)) - Container 1 is synced with bcsId 13.
2020-12-08 01:58:38,015 [RatisApplyTransactionExecutor 1] INFO  keyvalue.KeyValueContainer (KeyValueContainer.java:close(326)) - Container 1 is closed with bcsId 13.
2020-12-08 01:58:38,016 [EventQueue-IncrementalContainerReportForIncrementalContainerReportHandler] INFO  container.IncrementalContainerReportHandler (AbstractContainerReportHandler.java:updateContainerState(215)) - Moving container #1 to CLOSED state, datanode 4d7665c3-83ba-40ae-a15f-238c06fe965e{ip: 172.17.0.2, host: 11cef1ca5a88, networkLocation: /default-rack, certSerialId: null, persistedOpState: IN_SERVICE, persistedOpStateExpiryEpochSec: 0} reported CLOSED replica.
2020-12-08 01:58:38,021 [RatisApplyTransactionExecutor 2] INFO  keyvalue.KeyValueContainer (KeyValueContainer.java:flushAndSyncDB(388)) - Container 2 is synced with bcsId 0.
2020-12-08 01:58:38,022 [RatisApplyTransactionExecutor 2] INFO  keyvalue.KeyValueContainer (KeyValueContainer.java:flushAndSyncDB(388)) - Container 2 is synced with bcsId 0.
2020-12-08 01:58:38,024 [RatisApplyTransactionExecutor 2] INFO  keyvalue.KeyValueContainer (KeyValueContainer.java:close(326)) - Container 2 is closed with bcsId 0.
2020-12-08 01:58:38,025 [EventQueue-IncrementalContainerReportForIncrementalContainerReportHandler] INFO  container.IncrementalContainerReportHandler (AbstractContainerReportHandler.java:updateContainerState(215)) - Moving container #2 to CLOSED state, datanode 4d7665c3-83ba-40ae-a15f-238c06fe965e{ip: 172.17.0.2, host: 11cef1ca5a88, networkLocation: /default-rack, certSerialId: null, persistedOpState: IN_SERVICE, persistedOpStateExpiryEpochSec: 0} reported CLOSED replica.
2020-12-08 01:58:38,063 [RatisApplyTransactionExecutor 3] INFO  keyvalue.KeyValueContainer (KeyValueContainer.java:flushAndSyncDB(388)) - Container 3 is synced with bcsId 0.
2020-12-08 01:58:38,063 [RatisApplyTransactionExecutor 3] INFO  keyvalue.KeyValueContainer (KeyValueContainer.java:flushAndSyncDB(388)) - Container 3 is synced with bcsId 0.
2020-12-08 01:58:38,065 [RatisApplyTransactionExecutor 3] INFO  keyvalue.KeyValueContainer (KeyValueContainer.java:close(326)) - Container 3 is closed with bcsId 0.
2020-12-08 01:58:38,066 [EventQueue-IncrementalContainerReportForIncrementalContainerReportHandler] INFO  container.IncrementalContainerReportHandler (AbstractContainerReportHandler.java:updateContainerState(215)) - Moving container #3 to CLOSED state, datanode be1361e3-69b4-4f11-b723-c9a04e197c79{ip: 172.17.0.2, host: 11cef1ca5a88, networkLocation: /default-rack, certSerialId: null, persistedOpState: IN_SERVICE, persistedOpStateExpiryEpochSec: 0} reported CLOSED replica.
01:58:38.143 [grpc-default-executor-0] ERROR DNAudit - user=null | ip=null | op=WRITE_CHUNK {blockData=conID: 1 locID: 105342088183087107 bcsId: 13} | ret=FAILURE
org.apache.hadoop.hdds.scm.container.common.helpers.ContainerNotOpenException: Container 1 in CLOSED state
	at org.apache.hadoop.ozone.container.common.impl.HddsDispatcher.validateContainerCommand(HddsDispatcher.java:484) ~[hadoop-hdds-container-service-1.1.0-SNAPSHOT.jar:?]
	at org.apache.hadoop.ozone.container.common.transport.server.ratis.ContainerStateMachine.startTransaction(ContainerStateMachine.java:319) ~[hadoop-hdds-container-service-1.1.0-SNAPSHOT.jar:?]
	at org.apache.ratis.server.impl.RaftServerImpl.submitClientRequestAsync(RaftServerImpl.java:723) ~[ratis-server-1.1.0-913f5a4-SNAPSHOT.jar:1.1.0-913f5a4-SNAPSHOT]
	at org.apache.ratis.server.impl.RaftServerProxy.lambda$submitClientRequestAsync$7(RaftServerProxy.java:364) ~[ratis-server-1.1.0-913f5a4-SNAPSHOT.jar:1.1.0-913f5a4-SNAPSHOT]
	at org.apache.ratis.server.impl.RaftServerProxy.lambda$null$5(RaftServerProxy.java:359) ~[ratis-server-1.1.0-913f5a4-SNAPSHOT.jar:1.1.0-913f5a4-SNAPSHOT]
	at org.apache.ratis.util.JavaUtils.callAsUnchecked(JavaUtils.java:116) ~[ratis-common-1.1.0-913f5a4-SNAPSHOT.jar:1.1.0-913f5a4-SNAPSHOT]
	at org.apache.ratis.server.impl.RaftServerProxy.lambda$submitRequest$6(RaftServerProxy.java:359) ~[ratis-server-1.1.0-913f5a4-SNAPSHOT.jar:1.1.0-913f5a4-SNAPSHOT]
	at java.util.concurrent.CompletableFuture.uniComposeStage(CompletableFuture.java:995) ~[?:1.8.0_232]
	at java.util.concurrent.CompletableFuture.thenCompose(CompletableFuture.java:2137) ~[?:1.8.0_232]
	at org.apache.ratis.server.impl.RaftServerProxy.submitRequest(RaftServerProxy.java:358) ~[ratis-server-1.1.0-913f5a4-SNAPSHOT.jar:1.1.0-913f5a4-SNAPSHOT]
	at org.apache.ratis.server.impl.RaftServerProxy.submitClientRequestAsync(RaftServerProxy.java:364) ~[ratis-server-1.1.0-913f5a4-SNAPSHOT.jar:1.1.0-913f5a4-SNAPSHOT]
	at org.apache.ratis.grpc.client.GrpcClientProtocolService$RequestStreamObserver.processClientRequest(GrpcClientProtocolService.java:231) ~[ratis-grpc-1.1.0-913f5a4-SNAPSHOT.jar:1.1.0-913f5a4-SNAPSHOT]
	at org.apache.ratis.grpc.client.GrpcClientProtocolService$OrderedRequestStreamObserver.processClientRequest(GrpcClientProtocolService.java:337) ~[ratis-grpc-1.1.0-913f5a4-SNAPSHOT.jar:1.1.0-913f5a4-SNAPSHOT]
	at org.apache.ratis.util.SlidingWindow$Server.processRequestsFromHead(SlidingWindow.java:429) [ratis-common-1.1.0-913f5a4-SNAPSHOT.jar:1.1.0-913f5a4-SNAPSHOT]
	at org.apache.ratis.util.SlidingWindow$Server.receivedRequest(SlidingWindow.java:421) [ratis-common-1.1.0-913f5a4-SNAPSHOT.jar:1.1.0-913f5a4-SNAPSHOT]
	at org.apache.ratis.grpc.client.GrpcClientProtocolService$OrderedRequestStreamObserver.processClientRequest(GrpcClientProtocolService.java:361) [ratis-grpc-1.1.0-913f5a4-SNAPSHOT.jar:1.1.0-913f5a4-SNAPSHOT]
	at org.apache.ratis.grpc.client.GrpcClientProtocolService$RequestStreamObserver.onNext(GrpcClientProtocolService.java:251) [ratis-grpc-1.1.0-913f5a4-SNAPSHOT.jar:1.1.0-913f5a4-SNAPSHOT]
	at org.apache.ratis.grpc.client.GrpcClientProtocolService$RequestStreamObserver.onNext(GrpcClientProtocolService.java:174) [ratis-grpc-1.1.0-913f5a4-SNAPSHOT.jar:1.1.0-913f5a4-SNAPSHOT]
	at org.apache.ratis.thirdparty.io.grpc.stub.ServerCalls$StreamingServerCallHandler$StreamingServerCallListener.onMessage(ServerCalls.java:251) [ratis-thirdparty-misc-0.6.0-SNAPSHOT.jar:0.6.0-SNAPSHOT]
	at org.apache.ratis.thirdparty.io.grpc.ForwardingServerCallListener.onMessage(ForwardingServerCallListener.java:33) [ratis-thirdparty-misc-0.6.0-SNAPSHOT.jar:0.6.0-SNAPSHOT]
	at org.apache.ratis.thirdparty.io.grpc.internal.ServerCallImpl$ServerStreamListenerImpl.messagesAvailableInternal(ServerCallImpl.java:309) [ratis-thirdparty-misc-0.6.0-SNAPSHOT.jar:0.6.0-SNAPSHOT]
	at org.apache.ratis.thirdparty.io.grpc.internal.ServerCallImpl$ServerStreamListenerImpl.messagesAvailable(ServerCallImpl.java:292) [ratis-thirdparty-misc-0.6.0-SNAPSHOT.jar:0.6.0-SNAPSHOT]
	at org.apache.ratis.thirdparty.io.grpc.internal.ServerImpl$JumpToApplicationThreadServerStreamListener$1MessagesAvailable.runInContext(ServerImpl.java:783) [ratis-thirdparty-misc-0.6.0-SNAPSHOT.jar:0.6.0-SNAPSHOT]
	at org.apache.ratis.thirdparty.io.grpc.internal.ContextRunnable.run(ContextRunnable.java:37) [ratis-thirdparty-misc-0.6.0-SNAPSHOT.jar:0.6.0-SNAPSHOT]
	at org.apache.ratis.thirdparty.io.grpc.internal.SerializingExecutor.run(SerializingExecutor.java:123) [ratis-thirdparty-misc-0.6.0-SNAPSHOT.jar:0.6.0-SNAPSHOT]
	at java.util.concurrent.ThreadPoolExecutor.runWorker(ThreadPoolExecutor.java:1149) [?:1.8.0_232]
	at java.util.concurrent.ThreadPoolExecutor$Worker.run(ThreadPoolExecutor.java:624) [?:1.8.0_232]
	at java.lang.Thread.run(Thread.java:748) [?:1.8.0_232]
01:58:38.159 [grpc-default-executor-0] ERROR DNAudit - user=null | ip=null | op=WRITE_CHUNK {blockData=conID: 1 locID: 105342088183087107 bcsId: 13} | ret=FAILURE
org.apache.hadoop.hdds.scm.container.common.helpers.ContainerNotOpenException: Container 1 in CLOSED state
	at org.apache.hadoop.ozone.container.common.impl.HddsDispatcher.validateContainerCommand(HddsDispatcher.java:484) ~[hadoop-hdds-container-service-1.1.0-SNAPSHOT.jar:?]
	at org.apache.hadoop.ozone.container.common.transport.server.ratis.ContainerStateMachine.startTransaction(ContainerStateMachine.java:319) ~[hadoop-hdds-container-service-1.1.0-SNAPSHOT.jar:?]
	at org.apache.ratis.server.impl.RaftServerImpl.submitClientRequestAsync(RaftServerImpl.java:723) ~[ratis-server-1.1.0-913f5a4-SNAPSHOT.jar:1.1.0-913f5a4-SNAPSHOT]
	at org.apache.ratis.server.impl.RaftServerProxy.lambda$submitClientRequestAsync$7(RaftServerProxy.java:364) ~[ratis-server-1.1.0-913f5a4-SNAPSHOT.jar:1.1.0-913f5a4-SNAPSHOT]
	at org.apache.ratis.server.impl.RaftServerProxy.lambda$null$5(RaftServerProxy.java:359) ~[ratis-server-1.1.0-913f5a4-SNAPSHOT.jar:1.1.0-913f5a4-SNAPSHOT]
	at org.apache.ratis.util.JavaUtils.callAsUnchecked(JavaUtils.java:116) ~[ratis-common-1.1.0-913f5a4-SNAPSHOT.jar:1.1.0-913f5a4-SNAPSHOT]
	at org.apache.ratis.server.impl.RaftServerProxy.lambda$submitRequest$6(RaftServerProxy.java:359) ~[ratis-server-1.1.0-913f5a4-SNAPSHOT.jar:1.1.0-913f5a4-SNAPSHOT]
	at java.util.concurrent.CompletableFuture.uniComposeStage(CompletableFuture.java:995) ~[?:1.8.0_232]
	at java.util.concurrent.CompletableFuture.thenCompose(CompletableFuture.java:2137) ~[?:1.8.0_232]
	at org.apache.ratis.server.impl.RaftServerProxy.submitRequest(RaftServerProxy.java:358) ~[ratis-server-1.1.0-913f5a4-SNAPSHOT.jar:1.1.0-913f5a4-SNAPSHOT]
	at org.apache.ratis.server.impl.RaftServerProxy.submitClientRequestAsync(RaftServerProxy.java:364) ~[ratis-server-1.1.0-913f5a4-SNAPSHOT.jar:1.1.0-913f5a4-SNAPSHOT]
	at org.apache.ratis.grpc.client.GrpcClientProtocolService$RequestStreamObserver.processClientRequest(GrpcClientProtocolService.java:231) ~[ratis-grpc-1.1.0-913f5a4-SNAPSHOT.jar:1.1.0-913f5a4-SNAPSHOT]
	at org.apache.ratis.grpc.client.GrpcClientProtocolService$OrderedRequestStreamObserver.processClientRequest(GrpcClientProtocolService.java:337) ~[ratis-grpc-1.1.0-913f5a4-SNAPSHOT.jar:1.1.0-913f5a4-SNAPSHOT]
	at org.apache.ratis.util.SlidingWindow$Server.processRequestsFromHead(SlidingWindow.java:429) [ratis-common-1.1.0-913f5a4-SNAPSHOT.jar:1.1.0-913f5a4-SNAPSHOT]
	at org.apache.ratis.util.SlidingWindow$Server.receivedRequest(SlidingWindow.java:421) [ratis-common-1.1.0-913f5a4-SNAPSHOT.jar:1.1.0-913f5a4-SNAPSHOT]
	at org.apache.ratis.grpc.client.GrpcClientProtocolService$OrderedRequestStreamObserver.processClientRequest(GrpcClientProtocolService.java:361) [ratis-grpc-1.1.0-913f5a4-SNAPSHOT.jar:1.1.0-913f5a4-SNAPSHOT]
	at org.apache.ratis.grpc.client.GrpcClientProtocolService$RequestStreamObserver.onNext(GrpcClientProtocolService.java:251) [ratis-grpc-1.1.0-913f5a4-SNAPSHOT.jar:1.1.0-913f5a4-SNAPSHOT]
	at org.apache.ratis.grpc.client.GrpcClientProtocolService$RequestStreamObserver.onNext(GrpcClientProtocolService.java:174) [ratis-grpc-1.1.0-913f5a4-SNAPSHOT.jar:1.1.0-913f5a4-SNAPSHOT]
	at org.apache.ratis.thirdparty.io.grpc.stub.ServerCalls$StreamingServerCallHandler$StreamingServerCallListener.onMessage(ServerCalls.java:251) [ratis-thirdparty-misc-0.6.0-SNAPSHOT.jar:0.6.0-SNAPSHOT]
	at org.apache.ratis.thirdparty.io.grpc.ForwardingServerCallListener.onMessage(ForwardingServerCallListener.java:33) [ratis-thirdparty-misc-0.6.0-SNAPSHOT.jar:0.6.0-SNAPSHOT]
	at org.apache.ratis.thirdparty.io.grpc.internal.ServerCallImpl$ServerStreamListenerImpl.messagesAvailableInternal(ServerCallImpl.java:309) [ratis-thirdparty-misc-0.6.0-SNAPSHOT.jar:0.6.0-SNAPSHOT]
	at org.apache.ratis.thirdparty.io.grpc.internal.ServerCallImpl$ServerStreamListenerImpl.messagesAvailable(ServerCallImpl.java:292) [ratis-thirdparty-misc-0.6.0-SNAPSHOT.jar:0.6.0-SNAPSHOT]
	at org.apache.ratis.thirdparty.io.grpc.internal.ServerImpl$JumpToApplicationThreadServerStreamListener$1MessagesAvailable.runInContext(ServerImpl.java:783) [ratis-thirdparty-misc-0.6.0-SNAPSHOT.jar:0.6.0-SNAPSHOT]
	at org.apache.ratis.thirdparty.io.grpc.internal.ContextRunnable.run(ContextRunnable.java:37) [ratis-thirdparty-misc-0.6.0-SNAPSHOT.jar:0.6.0-SNAPSHOT]
	at org.apache.ratis.thirdparty.io.grpc.internal.SerializingExecutor.run(SerializingExecutor.java:123) [ratis-thirdparty-misc-0.6.0-SNAPSHOT.jar:0.6.0-SNAPSHOT]
	at java.util.concurrent.ThreadPoolExecutor.runWorker(ThreadPoolExecutor.java:1149) [?:1.8.0_232]
	at java.util.concurrent.ThreadPoolExecutor$Worker.run(ThreadPoolExecutor.java:624) [?:1.8.0_232]
	at java.lang.Thread.run(Thread.java:748) [?:1.8.0_232]
01:58:38.161 [grpc-default-executor-0] ERROR DNAudit - user=null | ip=null | op=PUT_BLOCK {blockData=[blockId=conID: 1 locID: 105342088183087107 bcsId: 0,size=600]} | ret=FAILURE
org.apache.hadoop.hdds.scm.container.common.helpers.ContainerNotOpenException: Container 1 in CLOSED state
	at org.apache.hadoop.ozone.container.common.impl.HddsDispatcher.validateContainerCommand(HddsDispatcher.java:484) ~[hadoop-hdds-container-service-1.1.0-SNAPSHOT.jar:?]
	at org.apache.hadoop.ozone.container.common.transport.server.ratis.ContainerStateMachine.startTransaction(ContainerStateMachine.java:319) ~[hadoop-hdds-container-service-1.1.0-SNAPSHOT.jar:?]
	at org.apache.ratis.server.impl.RaftServerImpl.submitClientRequestAsync(RaftServerImpl.java:723) ~[ratis-server-1.1.0-913f5a4-SNAPSHOT.jar:1.1.0-913f5a4-SNAPSHOT]
	at org.apache.ratis.server.impl.RaftServerProxy.lambda$submitClientRequestAsync$7(RaftServerProxy.java:364) ~[ratis-server-1.1.0-913f5a4-SNAPSHOT.jar:1.1.0-913f5a4-SNAPSHOT]
	at org.apache.ratis.server.impl.RaftServerProxy.lambda$null$5(RaftServerProxy.java:359) ~[ratis-server-1.1.0-913f5a4-SNAPSHOT.jar:1.1.0-913f5a4-SNAPSHOT]
	at org.apache.ratis.util.JavaUtils.callAsUnchecked(JavaUtils.java:116) ~[ratis-common-1.1.0-913f5a4-SNAPSHOT.jar:1.1.0-913f5a4-SNAPSHOT]
	at org.apache.ratis.server.impl.RaftServerProxy.lambda$submitRequest$6(RaftServerProxy.java:359) ~[ratis-server-1.1.0-913f5a4-SNAPSHOT.jar:1.1.0-913f5a4-SNAPSHOT]
	at java.util.concurrent.CompletableFuture.uniComposeStage(CompletableFuture.java:995) ~[?:1.8.0_232]
	at java.util.concurrent.CompletableFuture.thenCompose(CompletableFuture.java:2137) ~[?:1.8.0_232]
	at org.apache.ratis.server.impl.RaftServerProxy.submitRequest(RaftServerProxy.java:358) ~[ratis-server-1.1.0-913f5a4-SNAPSHOT.jar:1.1.0-913f5a4-SNAPSHOT]
	at org.apache.ratis.server.impl.RaftServerProxy.submitClientRequestAsync(RaftServerProxy.java:364) ~[ratis-server-1.1.0-913f5a4-SNAPSHOT.jar:1.1.0-913f5a4-SNAPSHOT]
	at org.apache.ratis.grpc.client.GrpcClientProtocolService$RequestStreamObserver.processClientRequest(GrpcClientProtocolService.java:231) ~[ratis-grpc-1.1.0-913f5a4-SNAPSHOT.jar:1.1.0-913f5a4-SNAPSHOT]
	at org.apache.ratis.grpc.client.GrpcClientProtocolService$OrderedRequestStreamObserver.processClientRequest(GrpcClientProtocolService.java:337) ~[ratis-grpc-1.1.0-913f5a4-SNAPSHOT.jar:1.1.0-913f5a4-SNAPSHOT]
	at org.apache.ratis.util.SlidingWindow$Server.processRequestsFromHead(SlidingWindow.java:429) [ratis-common-1.1.0-913f5a4-SNAPSHOT.jar:1.1.0-913f5a4-SNAPSHOT]
	at org.apache.ratis.util.SlidingWindow$Server.receivedRequest(SlidingWindow.java:421) [ratis-common-1.1.0-913f5a4-SNAPSHOT.jar:1.1.0-913f5a4-SNAPSHOT]
	at org.apache.ratis.grpc.client.GrpcClientProtocolService$OrderedRequestStreamObserver.processClientRequest(GrpcClientProtocolService.java:361) [ratis-grpc-1.1.0-913f5a4-SNAPSHOT.jar:1.1.0-913f5a4-SNAPSHOT]
	at org.apache.ratis.grpc.client.GrpcClientProtocolService$RequestStreamObserver.onNext(GrpcClientProtocolService.java:251) [ratis-grpc-1.1.0-913f5a4-SNAPSHOT.jar:1.1.0-913f5a4-SNAPSHOT]
	at org.apache.ratis.grpc.client.GrpcClientProtocolService$RequestStreamObserver.onNext(GrpcClientProtocolService.java:174) [ratis-grpc-1.1.0-913f5a4-SNAPSHOT.jar:1.1.0-913f5a4-SNAPSHOT]
	at org.apache.ratis.thirdparty.io.grpc.stub.ServerCalls$StreamingServerCallHandler$StreamingServerCallListener.onMessage(ServerCalls.java:251) [ratis-thirdparty-misc-0.6.0-SNAPSHOT.jar:0.6.0-SNAPSHOT]
	at org.apache.ratis.thirdparty.io.grpc.ForwardingServerCallListener.onMessage(ForwardingServerCallListener.java:33) [ratis-thirdparty-misc-0.6.0-SNAPSHOT.jar:0.6.0-SNAPSHOT]
	at org.apache.ratis.thirdparty.io.grpc.internal.ServerCallImpl$ServerStreamListenerImpl.messagesAvailableInternal(ServerCallImpl.java:309) [ratis-thirdparty-misc-0.6.0-SNAPSHOT.jar:0.6.0-SNAPSHOT]
	at org.apache.ratis.thirdparty.io.grpc.internal.ServerCallImpl$ServerStreamListenerImpl.messagesAvailable(ServerCallImpl.java:292) [ratis-thirdparty-misc-0.6.0-SNAPSHOT.jar:0.6.0-SNAPSHOT]
	at org.apache.ratis.thirdparty.io.grpc.internal.ServerImpl$JumpToApplicationThreadServerStreamListener$1MessagesAvailable.runInContext(ServerImpl.java:783) [ratis-thirdparty-misc-0.6.0-SNAPSHOT.jar:0.6.0-SNAPSHOT]
	at org.apache.ratis.thirdparty.io.grpc.internal.ContextRunnable.run(ContextRunnable.java:37) [ratis-thirdparty-misc-0.6.0-SNAPSHOT.jar:0.6.0-SNAPSHOT]
	at org.apache.ratis.thirdparty.io.grpc.internal.SerializingExecutor.run(SerializingExecutor.java:123) [ratis-thirdparty-misc-0.6.0-SNAPSHOT.jar:0.6.0-SNAPSHOT]
	at java.util.concurrent.ThreadPoolExecutor.runWorker(ThreadPoolExecutor.java:1149) [?:1.8.0_232]
	at java.util.concurrent.ThreadPoolExecutor$Worker.run(ThreadPoolExecutor.java:624) [?:1.8.0_232]
	at java.lang.Thread.run(Thread.java:748) [?:1.8.0_232]
01:58:38.179 [grpc-default-executor-0] ERROR DNAudit - user=null | ip=null | op=WRITE_CHUNK {blockData=conID: 1 locID: 105342088183087107 bcsId: 13} | ret=FAILURE
org.apache.hadoop.hdds.scm.container.common.helpers.ContainerNotOpenException: Container 1 in CLOSED state
	at org.apache.hadoop.ozone.container.common.impl.HddsDispatcher.validateContainerCommand(HddsDispatcher.java:484) ~[hadoop-hdds-container-service-1.1.0-SNAPSHOT.jar:?]
	at org.apache.hadoop.ozone.container.common.transport.server.ratis.ContainerStateMachine.startTransaction(ContainerStateMachine.java:319) ~[hadoop-hdds-container-service-1.1.0-SNAPSHOT.jar:?]
	at org.apache.ratis.server.impl.RaftServerImpl.submitClientRequestAsync(RaftServerImpl.java:723) ~[ratis-server-1.1.0-913f5a4-SNAPSHOT.jar:1.1.0-913f5a4-SNAPSHOT]
	at org.apache.ratis.server.impl.RaftServerProxy.lambda$submitClientRequestAsync$7(RaftServerProxy.java:364) ~[ratis-server-1.1.0-913f5a4-SNAPSHOT.jar:1.1.0-913f5a4-SNAPSHOT]
	at org.apache.ratis.server.impl.RaftServerProxy.lambda$null$5(RaftServerProxy.java:359) ~[ratis-server-1.1.0-913f5a4-SNAPSHOT.jar:1.1.0-913f5a4-SNAPSHOT]
	at org.apache.ratis.util.JavaUtils.callAsUnchecked(JavaUtils.java:116) ~[ratis-common-1.1.0-913f5a4-SNAPSHOT.jar:1.1.0-913f5a4-SNAPSHOT]
	at org.apache.ratis.server.impl.RaftServerProxy.lambda$submitRequest$6(RaftServerProxy.java:359) ~[ratis-server-1.1.0-913f5a4-SNAPSHOT.jar:1.1.0-913f5a4-SNAPSHOT]
	at java.util.concurrent.CompletableFuture.uniComposeStage(CompletableFuture.java:995) ~[?:1.8.0_232]
	at java.util.concurrent.CompletableFuture.thenCompose(CompletableFuture.java:2137) ~[?:1.8.0_232]
	at org.apache.ratis.server.impl.RaftServerProxy.submitRequest(RaftServerProxy.java:358) ~[ratis-server-1.1.0-913f5a4-SNAPSHOT.jar:1.1.0-913f5a4-SNAPSHOT]
	at org.apache.ratis.server.impl.RaftServerProxy.submitClientRequestAsync(RaftServerProxy.java:364) ~[ratis-server-1.1.0-913f5a4-SNAPSHOT.jar:1.1.0-913f5a4-SNAPSHOT]
	at org.apache.ratis.grpc.client.GrpcClientProtocolService$RequestStreamObserver.processClientRequest(GrpcClientProtocolService.java:231) ~[ratis-grpc-1.1.0-913f5a4-SNAPSHOT.jar:1.1.0-913f5a4-SNAPSHOT]
	at org.apache.ratis.grpc.client.GrpcClientProtocolService$OrderedRequestStreamObserver.processClientRequest(GrpcClientProtocolService.java:337) ~[ratis-grpc-1.1.0-913f5a4-SNAPSHOT.jar:1.1.0-913f5a4-SNAPSHOT]
	at org.apache.ratis.util.SlidingWindow$Server.processRequestsFromHead(SlidingWindow.java:429) [ratis-common-1.1.0-913f5a4-SNAPSHOT.jar:1.1.0-913f5a4-SNAPSHOT]
	at org.apache.ratis.util.SlidingWindow$Server.receivedRequest(SlidingWindow.java:421) [ratis-common-1.1.0-913f5a4-SNAPSHOT.jar:1.1.0-913f5a4-SNAPSHOT]
	at org.apache.ratis.grpc.client.GrpcClientProtocolService$OrderedRequestStreamObserver.processClientRequest(GrpcClientProtocolService.java:361) [ratis-grpc-1.1.0-913f5a4-SNAPSHOT.jar:1.1.0-913f5a4-SNAPSHOT]
	at org.apache.ratis.grpc.client.GrpcClientProtocolService$RequestStreamObserver.onNext(GrpcClientProtocolService.java:251) [ratis-grpc-1.1.0-913f5a4-SNAPSHOT.jar:1.1.0-913f5a4-SNAPSHOT]
	at org.apache.ratis.grpc.client.GrpcClientProtocolService$RequestStreamObserver.onNext(GrpcClientProtocolService.java:174) [ratis-grpc-1.1.0-913f5a4-SNAPSHOT.jar:1.1.0-913f5a4-SNAPSHOT]
	at org.apache.ratis.thirdparty.io.grpc.stub.ServerCalls$StreamingServerCallHandler$StreamingServerCallListener.onMessage(ServerCalls.java:251) [ratis-thirdparty-misc-0.6.0-SNAPSHOT.jar:0.6.0-SNAPSHOT]
	at org.apache.ratis.thirdparty.io.grpc.ForwardingServerCallListener.onMessage(ForwardingServerCallListener.java:33) [ratis-thirdparty-misc-0.6.0-SNAPSHOT.jar:0.6.0-SNAPSHOT]
	at org.apache.ratis.thirdparty.io.grpc.internal.ServerCallImpl$ServerStreamListenerImpl.messagesAvailableInternal(ServerCallImpl.java:309) [ratis-thirdparty-misc-0.6.0-SNAPSHOT.jar:0.6.0-SNAPSHOT]
	at org.apache.ratis.thirdparty.io.grpc.internal.ServerCallImpl$ServerStreamListenerImpl.messagesAvailable(ServerCallImpl.java:292) [ratis-thirdparty-misc-0.6.0-SNAPSHOT.jar:0.6.0-SNAPSHOT]
	at org.apache.ratis.thirdparty.io.grpc.internal.ServerImpl$JumpToApplicationThreadServerStreamListener$1MessagesAvailable.runInContext(ServerImpl.java:783) [ratis-thirdparty-misc-0.6.0-SNAPSHOT.jar:0.6.0-SNAPSHOT]
	at org.apache.ratis.thirdparty.io.grpc.internal.ContextRunnable.run(ContextRunnable.java:37) [ratis-thirdparty-misc-0.6.0-SNAPSHOT.jar:0.6.0-SNAPSHOT]
	at org.apache.ratis.thirdparty.io.grpc.internal.SerializingExecutor.run(SerializingExecutor.java:123) [ratis-thirdparty-misc-0.6.0-SNAPSHOT.jar:0.6.0-SNAPSHOT]
	at java.util.concurrent.ThreadPoolExecutor.runWorker(ThreadPoolExecutor.java:1149) [?:1.8.0_232]
	at java.util.concurrent.ThreadPoolExecutor$Worker.run(ThreadPoolExecutor.java:624) [?:1.8.0_232]
	at java.lang.Thread.run(Thread.java:748) [?:1.8.0_232]
2020-12-08 01:58:38,180 [grpc-default-executor-2] ERROR storage.BlockOutputStream (BlockOutputStream.java:lambda$writeChunkToContainer$3(677)) - writing chunk failed 105342088183087107_chunk_5 blockID conID: 1 locID: 105342088183087107 bcsId: 13 with exception org.apache.ratis.protocol.exceptions.StateMachineException: org.apache.hadoop.hdds.scm.container.common.helpers.ContainerNotOpenException from Server 4d7665c3-83ba-40ae-a15f-238c06fe965e@group-39D0696F1AB4: Container 1 in CLOSED state
2020-12-08 01:58:38,194 [grpc-default-executor-2] ERROR storage.BlockOutputStream (BlockOutputStream.java:lambda$writeChunkToContainer$3(677)) - writing chunk failed 105342088183087107_chunk_6 blockID conID: 1 locID: 105342088183087107 bcsId: 13 with exception org.apache.ratis.protocol.exceptions.StateMachineException: org.apache.hadoop.hdds.scm.container.common.helpers.ContainerNotOpenException from Server 4d7665c3-83ba-40ae-a15f-238c06fe965e@group-39D0696F1AB4: Container 1 in CLOSED state
01:58:38.196 [grpc-default-executor-0] ERROR DNAudit - user=null | ip=null | op=WRITE_CHUNK {blockData=conID: 1 locID: 105342088183087107 bcsId: 13} | ret=FAILURE
org.apache.hadoop.hdds.scm.container.common.helpers.ContainerNotOpenException: Container 1 in CLOSED state
	at org.apache.hadoop.ozone.container.common.impl.HddsDispatcher.validateContainerCommand(HddsDispatcher.java:484) ~[hadoop-hdds-container-service-1.1.0-SNAPSHOT.jar:?]
	at org.apache.hadoop.ozone.container.common.transport.server.ratis.ContainerStateMachine.startTransaction(ContainerStateMachine.java:319) ~[hadoop-hdds-container-service-1.1.0-SNAPSHOT.jar:?]
	at org.apache.ratis.server.impl.RaftServerImpl.submitClientRequestAsync(RaftServerImpl.java:723) ~[ratis-server-1.1.0-913f5a4-SNAPSHOT.jar:1.1.0-913f5a4-SNAPSHOT]
	at org.apache.ratis.server.impl.RaftServerProxy.lambda$submitClientRequestAsync$7(RaftServerProxy.java:364) ~[ratis-server-1.1.0-913f5a4-SNAPSHOT.jar:1.1.0-913f5a4-SNAPSHOT]
	at org.apache.ratis.server.impl.RaftServerProxy.lambda$null$5(RaftServerProxy.java:359) ~[ratis-server-1.1.0-913f5a4-SNAPSHOT.jar:1.1.0-913f5a4-SNAPSHOT]
	at org.apache.ratis.util.JavaUtils.callAsUnchecked(JavaUtils.java:116) ~[ratis-common-1.1.0-913f5a4-SNAPSHOT.jar:1.1.0-913f5a4-SNAPSHOT]
	at org.apache.ratis.server.impl.RaftServerProxy.lambda$submitRequest$6(RaftServerProxy.java:359) ~[ratis-server-1.1.0-913f5a4-SNAPSHOT.jar:1.1.0-913f5a4-SNAPSHOT]
	at java.util.concurrent.CompletableFuture.uniComposeStage(CompletableFuture.java:995) ~[?:1.8.0_232]
	at java.util.concurrent.CompletableFuture.thenCompose(CompletableFuture.java:2137) ~[?:1.8.0_232]
	at org.apache.ratis.server.impl.RaftServerProxy.submitRequest(RaftServerProxy.java:358) ~[ratis-server-1.1.0-913f5a4-SNAPSHOT.jar:1.1.0-913f5a4-SNAPSHOT]
	at org.apache.ratis.server.impl.RaftServerProxy.submitClientRequestAsync(RaftServerProxy.java:364) ~[ratis-server-1.1.0-913f5a4-SNAPSHOT.jar:1.1.0-913f5a4-SNAPSHOT]
	at org.apache.ratis.grpc.client.GrpcClientProtocolService$RequestStreamObserver.processClientRequest(GrpcClientProtocolService.java:231) ~[ratis-grpc-1.1.0-913f5a4-SNAPSHOT.jar:1.1.0-913f5a4-SNAPSHOT]
	at org.apache.ratis.grpc.client.GrpcClientProtocolService$OrderedRequestStreamObserver.processClientRequest(GrpcClientProtocolService.java:337) ~[ratis-grpc-1.1.0-913f5a4-SNAPSHOT.jar:1.1.0-913f5a4-SNAPSHOT]
	at org.apache.ratis.util.SlidingWindow$Server.processRequestsFromHead(SlidingWindow.java:429) [ratis-common-1.1.0-913f5a4-SNAPSHOT.jar:1.1.0-913f5a4-SNAPSHOT]
	at org.apache.ratis.util.SlidingWindow$Server.receivedRequest(SlidingWindow.java:421) [ratis-common-1.1.0-913f5a4-SNAPSHOT.jar:1.1.0-913f5a4-SNAPSHOT]
	at org.apache.ratis.grpc.client.GrpcClientProtocolService$OrderedRequestStreamObserver.processClientRequest(GrpcClientProtocolService.java:361) [ratis-grpc-1.1.0-913f5a4-SNAPSHOT.jar:1.1.0-913f5a4-SNAPSHOT]
	at org.apache.ratis.grpc.client.GrpcClientProtocolService$RequestStreamObserver.onNext(GrpcClientProtocolService.java:251) [ratis-grpc-1.1.0-913f5a4-SNAPSHOT.jar:1.1.0-913f5a4-SNAPSHOT]
	at org.apache.ratis.grpc.client.GrpcClientProtocolService$RequestStreamObserver.onNext(GrpcClientProtocolService.java:174) [ratis-grpc-1.1.0-913f5a4-SNAPSHOT.jar:1.1.0-913f5a4-SNAPSHOT]
	at org.apache.ratis.thirdparty.io.grpc.stub.ServerCalls$StreamingServerCallHandler$StreamingServerCallListener.onMessage(ServerCalls.java:251) [ratis-thirdparty-misc-0.6.0-SNAPSHOT.jar:0.6.0-SNAPSHOT]
	at org.apache.ratis.thirdparty.io.grpc.ForwardingServerCallListener.onMessage(ForwardingServerCallListener.java:33) [ratis-thirdparty-misc-0.6.0-SNAPSHOT.jar:0.6.0-SNAPSHOT]
	at org.apache.ratis.thirdparty.io.grpc.internal.ServerCallImpl$ServerStreamListenerImpl.messagesAvailableInternal(ServerCallImpl.java:309) [ratis-thirdparty-misc-0.6.0-SNAPSHOT.jar:0.6.0-SNAPSHOT]
	at org.apache.ratis.thirdparty.io.grpc.internal.ServerCallImpl$ServerStreamListenerImpl.messagesAvailable(ServerCallImpl.java:292) [ratis-thirdparty-misc-0.6.0-SNAPSHOT.jar:0.6.0-SNAPSHOT]
	at org.apache.ratis.thirdparty.io.grpc.internal.ServerImpl$JumpToApplicationThreadServerStreamListener$1MessagesAvailable.runInContext(ServerImpl.java:783) [ratis-thirdparty-misc-0.6.0-SNAPSHOT.jar:0.6.0-SNAPSHOT]
	at org.apache.ratis.thirdparty.io.grpc.internal.ContextRunnable.run(ContextRunnable.java:37) [ratis-thirdparty-misc-0.6.0-SNAPSHOT.jar:0.6.0-SNAPSHOT]
	at org.apache.ratis.thirdparty.io.grpc.internal.SerializingExecutor.run(SerializingExecutor.java:123) [ratis-thirdparty-misc-0.6.0-SNAPSHOT.jar:0.6.0-SNAPSHOT]
	at java.util.concurrent.ThreadPoolExecutor.runWorker(ThreadPoolExecutor.java:1149) [?:1.8.0_232]
	at java.util.concurrent.ThreadPoolExecutor$Worker.run(ThreadPoolExecutor.java:624) [?:1.8.0_232]
	at java.lang.Thread.run(Thread.java:748) [?:1.8.0_232]
01:58:38.201 [grpc-default-executor-0] ERROR DNAudit - user=null | ip=null | op=PUT_BLOCK {blockData=[blockId=conID: 1 locID: 105342088183087107 bcsId: 0,size=800]} | ret=FAILURE
org.apache.hadoop.hdds.scm.container.common.helpers.ContainerNotOpenException: Container 1 in CLOSED state
	at org.apache.hadoop.ozone.container.common.impl.HddsDispatcher.validateContainerCommand(HddsDispatcher.java:484) ~[hadoop-hdds-container-service-1.1.0-SNAPSHOT.jar:?]
	at org.apache.hadoop.ozone.container.common.transport.server.ratis.ContainerStateMachine.startTransaction(ContainerStateMachine.java:319) ~[hadoop-hdds-container-service-1.1.0-SNAPSHOT.jar:?]
	at org.apache.ratis.server.impl.RaftServerImpl.submitClientRequestAsync(RaftServerImpl.java:723) ~[ratis-server-1.1.0-913f5a4-SNAPSHOT.jar:1.1.0-913f5a4-SNAPSHOT]
	at org.apache.ratis.server.impl.RaftServerProxy.lambda$submitClientRequestAsync$7(RaftServerProxy.java:364) ~[ratis-server-1.1.0-913f5a4-SNAPSHOT.jar:1.1.0-913f5a4-SNAPSHOT]
	at org.apache.ratis.server.impl.RaftServerProxy.lambda$null$5(RaftServerProxy.java:359) ~[ratis-server-1.1.0-913f5a4-SNAPSHOT.jar:1.1.0-913f5a4-SNAPSHOT]
	at org.apache.ratis.util.JavaUtils.callAsUnchecked(JavaUtils.java:116) ~[ratis-common-1.1.0-913f5a4-SNAPSHOT.jar:1.1.0-913f5a4-SNAPSHOT]
	at org.apache.ratis.server.impl.RaftServerProxy.lambda$submitRequest$6(RaftServerProxy.java:359) ~[ratis-server-1.1.0-913f5a4-SNAPSHOT.jar:1.1.0-913f5a4-SNAPSHOT]
	at java.util.concurrent.CompletableFuture.uniComposeStage(CompletableFuture.java:995) ~[?:1.8.0_232]
	at java.util.concurrent.CompletableFuture.thenCompose(CompletableFuture.java:2137) ~[?:1.8.0_232]
	at org.apache.ratis.server.impl.RaftServerProxy.submitRequest(RaftServerProxy.java:358) ~[ratis-server-1.1.0-913f5a4-SNAPSHOT.jar:1.1.0-913f5a4-SNAPSHOT]
	at org.apache.ratis.server.impl.RaftServerProxy.submitClientRequestAsync(RaftServerProxy.java:364) ~[ratis-server-1.1.0-913f5a4-SNAPSHOT.jar:1.1.0-913f5a4-SNAPSHOT]
	at org.apache.ratis.grpc.client.GrpcClientProtocolService$RequestStreamObserver.processClientRequest(GrpcClientProtocolService.java:231) ~[ratis-grpc-1.1.0-913f5a4-SNAPSHOT.jar:1.1.0-913f5a4-SNAPSHOT]
	at org.apache.ratis.grpc.client.GrpcClientProtocolService$OrderedRequestStreamObserver.processClientRequest(GrpcClientProtocolService.java:337) ~[ratis-grpc-1.1.0-913f5a4-SNAPSHOT.jar:1.1.0-913f5a4-SNAPSHOT]
	at org.apache.ratis.util.SlidingWindow$Server.processRequestsFromHead(SlidingWindow.java:429) [ratis-common-1.1.0-913f5a4-SNAPSHOT.jar:1.1.0-913f5a4-SNAPSHOT]
	at org.apache.ratis.util.SlidingWindow$Server.receivedRequest(SlidingWindow.java:421) [ratis-common-1.1.0-913f5a4-SNAPSHOT.jar:1.1.0-913f5a4-SNAPSHOT]
	at org.apache.ratis.grpc.client.GrpcClientProtocolService$OrderedRequestStreamObserver.processClientRequest(GrpcClientProtocolService.java:361) [ratis-grpc-1.1.0-913f5a4-SNAPSHOT.jar:1.1.0-913f5a4-SNAPSHOT]
	at org.apache.ratis.grpc.client.GrpcClientProtocolService$RequestStreamObserver.onNext(GrpcClientProtocolService.java:251) [ratis-grpc-1.1.0-913f5a4-SNAPSHOT.jar:1.1.0-913f5a4-SNAPSHOT]
	at org.apache.ratis.grpc.client.GrpcClientProtocolService$RequestStreamObserver.onNext(GrpcClientProtocolService.java:174) [ratis-grpc-1.1.0-913f5a4-SNAPSHOT.jar:1.1.0-913f5a4-SNAPSHOT]
	at org.apache.ratis.thirdparty.io.grpc.stub.ServerCalls$StreamingServerCallHandler$StreamingServerCallListener.onMessage(ServerCalls.java:251) [ratis-thirdparty-misc-0.6.0-SNAPSHOT.jar:0.6.0-SNAPSHOT]
	at org.apache.ratis.thirdparty.io.grpc.ForwardingServerCallListener.onMessage(ForwardingServerCallListener.java:33) [ratis-thirdparty-misc-0.6.0-SNAPSHOT.jar:0.6.0-SNAPSHOT]
	at org.apache.ratis.thirdparty.io.grpc.internal.ServerCallImpl$ServerStreamListenerImpl.messagesAvailableInternal(ServerCallImpl.java:309) [ratis-thirdparty-misc-0.6.0-SNAPSHOT.jar:0.6.0-SNAPSHOT]
	at org.apache.ratis.thirdparty.io.grpc.internal.ServerCallImpl$ServerStreamListenerImpl.messagesAvailable(ServerCallImpl.java:292) [ratis-thirdparty-misc-0.6.0-SNAPSHOT.jar:0.6.0-SNAPSHOT]
	at org.apache.ratis.thirdparty.io.grpc.internal.ServerImpl$JumpToApplicationThreadServerStreamListener$1MessagesAvailable.runInContext(ServerImpl.java:783) [ratis-thirdparty-misc-0.6.0-SNAPSHOT.jar:0.6.0-SNAPSHOT]
	at org.apache.ratis.thirdparty.io.grpc.internal.ContextRunnable.run(ContextRunnable.java:37) [ratis-thirdparty-misc-0.6.0-SNAPSHOT.jar:0.6.0-SNAPSHOT]
	at org.apache.ratis.thirdparty.io.grpc.internal.SerializingExecutor.run(SerializingExecutor.java:123) [ratis-thirdparty-misc-0.6.0-SNAPSHOT.jar:0.6.0-SNAPSHOT]
	at java.util.concurrent.ThreadPoolExecutor.runWorker(ThreadPoolExecutor.java:1149) [?:1.8.0_232]
	at java.util.concurrent.ThreadPoolExecutor$Worker.run(ThreadPoolExecutor.java:624) [?:1.8.0_232]
	at java.lang.Thread.run(Thread.java:748) [?:1.8.0_232]
2020-12-08 01:58:38,211 [grpc-default-executor-0] ERROR storage.BlockOutputStream (BlockOutputStream.java:lambda$writeChunkToContainer$3(677)) - writing chunk failed 105342088183087107_chunk_7 blockID conID: 1 locID: 105342088183087107 bcsId: 13 with exception org.apache.ratis.protocol.exceptions.StateMachineException: org.apache.hadoop.hdds.scm.container.common.helpers.ContainerNotOpenException from Server 4d7665c3-83ba-40ae-a15f-238c06fe965e@group-39D0696F1AB4: Container 1 in CLOSED state
2020-12-08 01:58:38,219 [grpc-default-executor-0] ERROR storage.BlockOutputStream (BlockOutputStream.java:lambda$writeChunkToContainer$3(677)) - writing chunk failed 105342088183087107_chunk_8 blockID conID: 1 locID: 105342088183087107 bcsId: 13 with exception org.apache.ratis.protocol.exceptions.StateMachineException: org.apache.hadoop.hdds.scm.container.common.helpers.ContainerNotOpenException from Server 4d7665c3-83ba-40ae-a15f-238c06fe965e@group-39D0696F1AB4: Container 1 in CLOSED state
01:58:38.238 [grpc-default-executor-0] ERROR DNAudit - user=null | ip=null | op=WRITE_CHUNK {blockData=conID: 2 locID: 105342088183087108 bcsId: 0} | ret=FAILURE
org.apache.hadoop.hdds.scm.container.common.helpers.ContainerNotOpenException: Container 2 in CLOSED state
	at org.apache.hadoop.ozone.container.common.impl.HddsDispatcher.validateContainerCommand(HddsDispatcher.java:484) ~[hadoop-hdds-container-service-1.1.0-SNAPSHOT.jar:?]
	at org.apache.hadoop.ozone.container.common.transport.server.ratis.ContainerStateMachine.startTransaction(ContainerStateMachine.java:319) ~[hadoop-hdds-container-service-1.1.0-SNAPSHOT.jar:?]
	at org.apache.ratis.server.impl.RaftServerImpl.submitClientRequestAsync(RaftServerImpl.java:723) ~[ratis-server-1.1.0-913f5a4-SNAPSHOT.jar:1.1.0-913f5a4-SNAPSHOT]
	at org.apache.ratis.server.impl.RaftServerProxy.lambda$submitClientRequestAsync$7(RaftServerProxy.java:364) ~[ratis-server-1.1.0-913f5a4-SNAPSHOT.jar:1.1.0-913f5a4-SNAPSHOT]
	at org.apache.ratis.server.impl.RaftServerProxy.lambda$null$5(RaftServerProxy.java:359) ~[ratis-server-1.1.0-913f5a4-SNAPSHOT.jar:1.1.0-913f5a4-SNAPSHOT]
	at org.apache.ratis.util.JavaUtils.callAsUnchecked(JavaUtils.java:116) ~[ratis-common-1.1.0-913f5a4-SNAPSHOT.jar:1.1.0-913f5a4-SNAPSHOT]
	at org.apache.ratis.server.impl.RaftServerProxy.lambda$submitRequest$6(RaftServerProxy.java:359) ~[ratis-server-1.1.0-913f5a4-SNAPSHOT.jar:1.1.0-913f5a4-SNAPSHOT]
	at java.util.concurrent.CompletableFuture.uniComposeStage(CompletableFuture.java:995) ~[?:1.8.0_232]
	at java.util.concurrent.CompletableFuture.thenCompose(CompletableFuture.java:2137) ~[?:1.8.0_232]
	at org.apache.ratis.server.impl.RaftServerProxy.submitRequest(RaftServerProxy.java:358) ~[ratis-server-1.1.0-913f5a4-SNAPSHOT.jar:1.1.0-913f5a4-SNAPSHOT]
	at org.apache.ratis.server.impl.RaftServerProxy.submitClientRequestAsync(RaftServerProxy.java:364) ~[ratis-server-1.1.0-913f5a4-SNAPSHOT.jar:1.1.0-913f5a4-SNAPSHOT]
	at org.apache.ratis.grpc.client.GrpcClientProtocolService$RequestStreamObserver.processClientRequest(GrpcClientProtocolService.java:231) ~[ratis-grpc-1.1.0-913f5a4-SNAPSHOT.jar:1.1.0-913f5a4-SNAPSHOT]
	at org.apache.ratis.grpc.client.GrpcClientProtocolService$OrderedRequestStreamObserver.processClientRequest(GrpcClientProtocolService.java:337) ~[ratis-grpc-1.1.0-913f5a4-SNAPSHOT.jar:1.1.0-913f5a4-SNAPSHOT]
	at org.apache.ratis.util.SlidingWindow$Server.processRequestsFromHead(SlidingWindow.java:429) [ratis-common-1.1.0-913f5a4-SNAPSHOT.jar:1.1.0-913f5a4-SNAPSHOT]
	at org.apache.ratis.util.SlidingWindow$Server.receivedRequest(SlidingWindow.java:421) [ratis-common-1.1.0-913f5a4-SNAPSHOT.jar:1.1.0-913f5a4-SNAPSHOT]
	at org.apache.ratis.grpc.client.GrpcClientProtocolService$OrderedRequestStreamObserver.processClientRequest(GrpcClientProtocolService.java:361) [ratis-grpc-1.1.0-913f5a4-SNAPSHOT.jar:1.1.0-913f5a4-SNAPSHOT]
	at org.apache.ratis.grpc.client.GrpcClientProtocolService$RequestStreamObserver.onNext(GrpcClientProtocolService.java:251) [ratis-grpc-1.1.0-913f5a4-SNAPSHOT.jar:1.1.0-913f5a4-SNAPSHOT]
	at org.apache.ratis.grpc.client.GrpcClientProtocolService$RequestStreamObserver.onNext(GrpcClientProtocolService.java:174) [ratis-grpc-1.1.0-913f5a4-SNAPSHOT.jar:1.1.0-913f5a4-SNAPSHOT]
	at org.apache.ratis.thirdparty.io.grpc.stub.ServerCalls$StreamingServerCallHandler$StreamingServerCallListener.onMessage(ServerCalls.java:251) [ratis-thirdparty-misc-0.6.0-SNAPSHOT.jar:0.6.0-SNAPSHOT]
	at org.apache.ratis.thirdparty.io.grpc.ForwardingServerCallListener.onMessage(ForwardingServerCallListener.java:33) [ratis-thirdparty-misc-0.6.0-SNAPSHOT.jar:0.6.0-SNAPSHOT]
	at org.apache.ratis.thirdparty.io.grpc.internal.ServerCallImpl$ServerStreamListenerImpl.messagesAvailableInternal(ServerCallImpl.java:309) [ratis-thirdparty-misc-0.6.0-SNAPSHOT.jar:0.6.0-SNAPSHOT]
	at org.apache.ratis.thirdparty.io.grpc.internal.ServerCallImpl$ServerStreamListenerImpl.messagesAvailable(ServerCallImpl.java:292) [ratis-thirdparty-misc-0.6.0-SNAPSHOT.jar:0.6.0-SNAPSHOT]
	at org.apache.ratis.thirdparty.io.grpc.internal.ServerImpl$JumpToApplicationThreadServerStreamListener$1MessagesAvailable.runInContext(ServerImpl.java:783) [ratis-thirdparty-misc-0.6.0-SNAPSHOT.jar:0.6.0-SNAPSHOT]
	at org.apache.ratis.thirdparty.io.grpc.internal.ContextRunnable.run(ContextRunnable.java:37) [ratis-thirdparty-misc-0.6.0-SNAPSHOT.jar:0.6.0-SNAPSHOT]
	at org.apache.ratis.thirdparty.io.grpc.internal.SerializingExecutor.run(SerializingExecutor.java:123) [ratis-thirdparty-misc-0.6.0-SNAPSHOT.jar:0.6.0-SNAPSHOT]
	at java.util.concurrent.ThreadPoolExecutor.runWorker(ThreadPoolExecutor.java:1149) [?:1.8.0_232]
	at java.util.concurrent.ThreadPoolExecutor$Worker.run(ThreadPoolExecutor.java:624) [?:1.8.0_232]
	at java.lang.Thread.run(Thread.java:748) [?:1.8.0_232]
01:58:38.243 [grpc-default-executor-0] ERROR DNAudit - user=null | ip=null | op=WRITE_CHUNK {blockData=conID: 2 locID: 105342088183087108 bcsId: 0} | ret=FAILURE
org.apache.hadoop.hdds.scm.container.common.helpers.ContainerNotOpenException: Container 2 in CLOSED state
	at org.apache.hadoop.ozone.container.common.impl.HddsDispatcher.validateContainerCommand(HddsDispatcher.java:484) ~[hadoop-hdds-container-service-1.1.0-SNAPSHOT.jar:?]
	at org.apache.hadoop.ozone.container.common.transport.server.ratis.ContainerStateMachine.startTransaction(ContainerStateMachine.java:319) ~[hadoop-hdds-container-service-1.1.0-SNAPSHOT.jar:?]
	at org.apache.ratis.server.impl.RaftServerImpl.submitClientRequestAsync(RaftServerImpl.java:723) ~[ratis-server-1.1.0-913f5a4-SNAPSHOT.jar:1.1.0-913f5a4-SNAPSHOT]
	at org.apache.ratis.server.impl.RaftServerProxy.lambda$submitClientRequestAsync$7(RaftServerProxy.java:364) ~[ratis-server-1.1.0-913f5a4-SNAPSHOT.jar:1.1.0-913f5a4-SNAPSHOT]
	at org.apache.ratis.server.impl.RaftServerProxy.lambda$null$5(RaftServerProxy.java:359) ~[ratis-server-1.1.0-913f5a4-SNAPSHOT.jar:1.1.0-913f5a4-SNAPSHOT]
	at org.apache.ratis.util.JavaUtils.callAsUnchecked(JavaUtils.java:116) ~[ratis-common-1.1.0-913f5a4-SNAPSHOT.jar:1.1.0-913f5a4-SNAPSHOT]
	at org.apache.ratis.server.impl.RaftServerProxy.lambda$submitRequest$6(RaftServerProxy.java:359) ~[ratis-server-1.1.0-913f5a4-SNAPSHOT.jar:1.1.0-913f5a4-SNAPSHOT]
	at java.util.concurrent.CompletableFuture.uniComposeStage(CompletableFuture.java:995) ~[?:1.8.0_232]
	at java.util.concurrent.CompletableFuture.thenCompose(CompletableFuture.java:2137) ~[?:1.8.0_232]
	at org.apache.ratis.server.impl.RaftServerProxy.submitRequest(RaftServerProxy.java:358) ~[ratis-server-1.1.0-913f5a4-SNAPSHOT.jar:1.1.0-913f5a4-SNAPSHOT]
	at org.apache.ratis.server.impl.RaftServerProxy.submitClientRequestAsync(RaftServerProxy.java:364) ~[ratis-server-1.1.0-913f5a4-SNAPSHOT.jar:1.1.0-913f5a4-SNAPSHOT]
	at org.apache.ratis.grpc.client.GrpcClientProtocolService$RequestStreamObserver.processClientRequest(GrpcClientProtocolService.java:231) ~[ratis-grpc-1.1.0-913f5a4-SNAPSHOT.jar:1.1.0-913f5a4-SNAPSHOT]
	at org.apache.ratis.grpc.client.GrpcClientProtocolService$OrderedRequestStreamObserver.processClientRequest(GrpcClientProtocolService.java:337) ~[ratis-grpc-1.1.0-913f5a4-SNAPSHOT.jar:1.1.0-913f5a4-SNAPSHOT]
	at org.apache.ratis.util.SlidingWindow$Server.processRequestsFromHead(SlidingWindow.java:429) [ratis-common-1.1.0-913f5a4-SNAPSHOT.jar:1.1.0-913f5a4-SNAPSHOT]
	at org.apache.ratis.util.SlidingWindow$Server.receivedRequest(SlidingWindow.java:421) [ratis-common-1.1.0-913f5a4-SNAPSHOT.jar:1.1.0-913f5a4-SNAPSHOT]
	at org.apache.ratis.grpc.client.GrpcClientProtocolService$OrderedRequestStreamObserver.processClientRequest(GrpcClientProtocolService.java:361) [ratis-grpc-1.1.0-913f5a4-SNAPSHOT.jar:1.1.0-913f5a4-SNAPSHOT]
	at org.apache.ratis.grpc.client.GrpcClientProtocolService$RequestStreamObserver.onNext(GrpcClientProtocolService.java:251) [ratis-grpc-1.1.0-913f5a4-SNAPSHOT.jar:1.1.0-913f5a4-SNAPSHOT]
	at org.apache.ratis.grpc.client.GrpcClientProtocolService$RequestStreamObserver.onNext(GrpcClientProtocolService.java:174) [ratis-grpc-1.1.0-913f5a4-SNAPSHOT.jar:1.1.0-913f5a4-SNAPSHOT]
	at org.apache.ratis.thirdparty.io.grpc.stub.ServerCalls$StreamingServerCallHandler$StreamingServerCallListener.onMessage(ServerCalls.java:251) [ratis-thirdparty-misc-0.6.0-SNAPSHOT.jar:0.6.0-SNAPSHOT]
	at org.apache.ratis.thirdparty.io.grpc.ForwardingServerCallListener.onMessage(ForwardingServerCallListener.java:33) [ratis-thirdparty-misc-0.6.0-SNAPSHOT.jar:0.6.0-SNAPSHOT]
	at org.apache.ratis.thirdparty.io.grpc.internal.ServerCallImpl$ServerStreamListenerImpl.messagesAvailableInternal(ServerCallImpl.java:309) [ratis-thirdparty-misc-0.6.0-SNAPSHOT.jar:0.6.0-SNAPSHOT]
	at org.apache.ratis.thirdparty.io.grpc.internal.ServerCallImpl$ServerStreamListenerImpl.messagesAvailable(ServerCallImpl.java:292) [ratis-thirdparty-misc-0.6.0-SNAPSHOT.jar:0.6.0-SNAPSHOT]
	at org.apache.ratis.thirdparty.io.grpc.internal.ServerImpl$JumpToApplicationThreadServerStreamListener$1MessagesAvailable.runInContext(ServerImpl.java:783) [ratis-thirdparty-misc-0.6.0-SNAPSHOT.jar:0.6.0-SNAPSHOT]
	at org.apache.ratis.thirdparty.io.grpc.internal.ContextRunnable.run(ContextRunnable.java:37) [ratis-thirdparty-misc-0.6.0-SNAPSHOT.jar:0.6.0-SNAPSHOT]
	at org.apache.ratis.thirdparty.io.grpc.internal.SerializingExecutor.run(SerializingExecutor.java:123) [ratis-thirdparty-misc-0.6.0-SNAPSHOT.jar:0.6.0-SNAPSHOT]
	at java.util.concurrent.ThreadPoolExecutor.runWorker(ThreadPoolExecutor.java:1149) [?:1.8.0_232]
	at java.util.concurrent.ThreadPoolExecutor$Worker.run(ThreadPoolExecutor.java:624) [?:1.8.0_232]
	at java.lang.Thread.run(Thread.java:748) [?:1.8.0_232]
01:58:38.244 [grpc-default-executor-0] ERROR DNAudit - user=null | ip=null | op=PUT_BLOCK {blockData=[blockId=conID: 2 locID: 105342088183087108 bcsId: 0,size=200]} | ret=FAILURE
org.apache.hadoop.hdds.scm.container.common.helpers.ContainerNotOpenException: Container 2 in CLOSED state
	at org.apache.hadoop.ozone.container.common.impl.HddsDispatcher.validateContainerCommand(HddsDispatcher.java:484) ~[hadoop-hdds-container-service-1.1.0-SNAPSHOT.jar:?]
	at org.apache.hadoop.ozone.container.common.transport.server.ratis.ContainerStateMachine.startTransaction(ContainerStateMachine.java:319) ~[hadoop-hdds-container-service-1.1.0-SNAPSHOT.jar:?]
	at org.apache.ratis.server.impl.RaftServerImpl.submitClientRequestAsync(RaftServerImpl.java:723) ~[ratis-server-1.1.0-913f5a4-SNAPSHOT.jar:1.1.0-913f5a4-SNAPSHOT]
	at org.apache.ratis.server.impl.RaftServerProxy.lambda$submitClientRequestAsync$7(RaftServerProxy.java:364) ~[ratis-server-1.1.0-913f5a4-SNAPSHOT.jar:1.1.0-913f5a4-SNAPSHOT]
	at org.apache.ratis.server.impl.RaftServerProxy.lambda$null$5(RaftServerProxy.java:359) ~[ratis-server-1.1.0-913f5a4-SNAPSHOT.jar:1.1.0-913f5a4-SNAPSHOT]
	at org.apache.ratis.util.JavaUtils.callAsUnchecked(JavaUtils.java:116) ~[ratis-common-1.1.0-913f5a4-SNAPSHOT.jar:1.1.0-913f5a4-SNAPSHOT]
	at org.apache.ratis.server.impl.RaftServerProxy.lambda$submitRequest$6(RaftServerProxy.java:359) ~[ratis-server-1.1.0-913f5a4-SNAPSHOT.jar:1.1.0-913f5a4-SNAPSHOT]
	at java.util.concurrent.CompletableFuture.uniComposeStage(CompletableFuture.java:995) ~[?:1.8.0_232]
	at java.util.concurrent.CompletableFuture.thenCompose(CompletableFuture.java:2137) ~[?:1.8.0_232]
	at org.apache.ratis.server.impl.RaftServerProxy.submitRequest(RaftServerProxy.java:358) ~[ratis-server-1.1.0-913f5a4-SNAPSHOT.jar:1.1.0-913f5a4-SNAPSHOT]
	at org.apache.ratis.server.impl.RaftServerProxy.submitClientRequestAsync(RaftServerProxy.java:364) ~[ratis-server-1.1.0-913f5a4-SNAPSHOT.jar:1.1.0-913f5a4-SNAPSHOT]
	at org.apache.ratis.grpc.client.GrpcClientProtocolService$RequestStreamObserver.processClientRequest(GrpcClientProtocolService.java:231) ~[ratis-grpc-1.1.0-913f5a4-SNAPSHOT.jar:1.1.0-913f5a4-SNAPSHOT]
	at org.apache.ratis.grpc.client.GrpcClientProtocolService$OrderedRequestStreamObserver.processClientRequest(GrpcClientProtocolService.java:337) ~[ratis-grpc-1.1.0-913f5a4-SNAPSHOT.jar:1.1.0-913f5a4-SNAPSHOT]
	at org.apache.ratis.util.SlidingWindow$Server.processRequestsFromHead(SlidingWindow.java:429) [ratis-common-1.1.0-913f5a4-SNAPSHOT.jar:1.1.0-913f5a4-SNAPSHOT]
	at org.apache.ratis.util.SlidingWindow$Server.receivedRequest(SlidingWindow.java:421) [ratis-common-1.1.0-913f5a4-SNAPSHOT.jar:1.1.0-913f5a4-SNAPSHOT]
	at org.apache.ratis.grpc.client.GrpcClientProtocolService$OrderedRequestStreamObserver.processClientRequest(GrpcClientProtocolService.java:361) [ratis-grpc-1.1.0-913f5a4-SNAPSHOT.jar:1.1.0-913f5a4-SNAPSHOT]
	at org.apache.ratis.grpc.client.GrpcClientProtocolService$RequestStreamObserver.onNext(GrpcClientProtocolService.java:251) [ratis-grpc-1.1.0-913f5a4-SNAPSHOT.jar:1.1.0-913f5a4-SNAPSHOT]
	at org.apache.ratis.grpc.client.GrpcClientProtocolService$RequestStreamObserver.onNext(GrpcClientProtocolService.java:174) [ratis-grpc-1.1.0-913f5a4-SNAPSHOT.jar:1.1.0-913f5a4-SNAPSHOT]
	at org.apache.ratis.thirdparty.io.grpc.stub.ServerCalls$StreamingServerCallHandler$StreamingServerCallListener.onMessage(ServerCalls.java:251) [ratis-thirdparty-misc-0.6.0-SNAPSHOT.jar:0.6.0-SNAPSHOT]
	at org.apache.ratis.thirdparty.io.grpc.ForwardingServerCallListener.onMessage(ForwardingServerCallListener.java:33) [ratis-thirdparty-misc-0.6.0-SNAPSHOT.jar:0.6.0-SNAPSHOT]
	at org.apache.ratis.thirdparty.io.grpc.internal.ServerCallImpl$ServerStreamListenerImpl.messagesAvailableInternal(ServerCallImpl.java:309) [ratis-thirdparty-misc-0.6.0-SNAPSHOT.jar:0.6.0-SNAPSHOT]
	at org.apache.ratis.thirdparty.io.grpc.internal.ServerCallImpl$ServerStreamListenerImpl.messagesAvailable(ServerCallImpl.java:292) [ratis-thirdparty-misc-0.6.0-SNAPSHOT.jar:0.6.0-SNAPSHOT]
	at org.apache.ratis.thirdparty.io.grpc.internal.ServerImpl$JumpToApplicationThreadServerStreamListener$1MessagesAvailable.runInContext(ServerImpl.java:783) [ratis-thirdparty-misc-0.6.0-SNAPSHOT.jar:0.6.0-SNAPSHOT]
	at org.apache.ratis.thirdparty.io.grpc.internal.ContextRunnable.run(ContextRunnable.java:37) [ratis-thirdparty-misc-0.6.0-SNAPSHOT.jar:0.6.0-SNAPSHOT]
	at org.apache.ratis.thirdparty.io.grpc.internal.SerializingExecutor.run(SerializingExecutor.java:123) [ratis-thirdparty-misc-0.6.0-SNAPSHOT.jar:0.6.0-SNAPSHOT]
	at java.util.concurrent.ThreadPoolExecutor.runWorker(ThreadPoolExecutor.java:1149) [?:1.8.0_232]
	at java.util.concurrent.ThreadPoolExecutor$Worker.run(ThreadPoolExecutor.java:624) [?:1.8.0_232]
	at java.lang.Thread.run(Thread.java:748) [?:1.8.0_232]
01:58:38.250 [grpc-default-executor-0] ERROR DNAudit - user=null | ip=null | op=WRITE_CHUNK {blockData=conID: 2 locID: 105342088183087108 bcsId: 0} | ret=FAILURE
org.apache.hadoop.hdds.scm.container.common.helpers.ContainerNotOpenException: Container 2 in CLOSED state
	at org.apache.hadoop.ozone.container.common.impl.HddsDispatcher.validateContainerCommand(HddsDispatcher.java:484) ~[hadoop-hdds-container-service-1.1.0-SNAPSHOT.jar:?]
	at org.apache.hadoop.ozone.container.common.transport.server.ratis.ContainerStateMachine.startTransaction(ContainerStateMachine.java:319) ~[hadoop-hdds-container-service-1.1.0-SNAPSHOT.jar:?]
	at org.apache.ratis.server.impl.RaftServerImpl.submitClientRequestAsync(RaftServerImpl.java:723) ~[ratis-server-1.1.0-913f5a4-SNAPSHOT.jar:1.1.0-913f5a4-SNAPSHOT]
	at org.apache.ratis.server.impl.RaftServerProxy.lambda$submitClientRequestAsync$7(RaftServerProxy.java:364) ~[ratis-server-1.1.0-913f5a4-SNAPSHOT.jar:1.1.0-913f5a4-SNAPSHOT]
	at org.apache.ratis.server.impl.RaftServerProxy.lambda$null$5(RaftServerProxy.java:359) ~[ratis-server-1.1.0-913f5a4-SNAPSHOT.jar:1.1.0-913f5a4-SNAPSHOT]
	at org.apache.ratis.util.JavaUtils.callAsUnchecked(JavaUtils.java:116) ~[ratis-common-1.1.0-913f5a4-SNAPSHOT.jar:1.1.0-913f5a4-SNAPSHOT]
	at org.apache.ratis.server.impl.RaftServerProxy.lambda$submitRequest$6(RaftServerProxy.java:359) ~[ratis-server-1.1.0-913f5a4-SNAPSHOT.jar:1.1.0-913f5a4-SNAPSHOT]
	at java.util.concurrent.CompletableFuture.uniComposeStage(CompletableFuture.java:995) ~[?:1.8.0_232]
	at java.util.concurrent.CompletableFuture.thenCompose(CompletableFuture.java:2137) ~[?:1.8.0_232]
	at org.apache.ratis.server.impl.RaftServerProxy.submitRequest(RaftServerProxy.java:358) ~[ratis-server-1.1.0-913f5a4-SNAPSHOT.jar:1.1.0-913f5a4-SNAPSHOT]
	at org.apache.ratis.server.impl.RaftServerProxy.submitClientRequestAsync(RaftServerProxy.java:364) ~[ratis-server-1.1.0-913f5a4-SNAPSHOT.jar:1.1.0-913f5a4-SNAPSHOT]
	at org.apache.ratis.grpc.client.GrpcClientProtocolService$RequestStreamObserver.processClientRequest(GrpcClientProtocolService.java:231) ~[ratis-grpc-1.1.0-913f5a4-SNAPSHOT.jar:1.1.0-913f5a4-SNAPSHOT]
	at org.apache.ratis.grpc.client.GrpcClientProtocolService$OrderedRequestStreamObserver.processClientRequest(GrpcClientProtocolService.java:337) ~[ratis-grpc-1.1.0-913f5a4-SNAPSHOT.jar:1.1.0-913f5a4-SNAPSHOT]
	at org.apache.ratis.util.SlidingWindow$Server.processRequestsFromHead(SlidingWindow.java:429) [ratis-common-1.1.0-913f5a4-SNAPSHOT.jar:1.1.0-913f5a4-SNAPSHOT]
	at org.apache.ratis.util.SlidingWindow$Server.receivedRequest(SlidingWindow.java:421) [ratis-common-1.1.0-913f5a4-SNAPSHOT.jar:1.1.0-913f5a4-SNAPSHOT]
	at org.apache.ratis.grpc.client.GrpcClientProtocolService$OrderedRequestStreamObserver.processClientRequest(GrpcClientProtocolService.java:361) [ratis-grpc-1.1.0-913f5a4-SNAPSHOT.jar:1.1.0-913f5a4-SNAPSHOT]
	at org.apache.ratis.grpc.client.GrpcClientProtocolService$RequestStreamObserver.onNext(GrpcClientProtocolService.java:251) [ratis-grpc-1.1.0-913f5a4-SNAPSHOT.jar:1.1.0-913f5a4-SNAPSHOT]
	at org.apache.ratis.grpc.client.GrpcClientProtocolService$RequestStreamObserver.onNext(GrpcClientProtocolService.java:174) [ratis-grpc-1.1.0-913f5a4-SNAPSHOT.jar:1.1.0-913f5a4-SNAPSHOT]
	at org.apache.ratis.thirdparty.io.grpc.stub.ServerCalls$StreamingServerCallHandler$StreamingServerCallListener.onMessage(ServerCalls.java:251) [ratis-thirdparty-misc-0.6.0-SNAPSHOT.jar:0.6.0-SNAPSHOT]
	at org.apache.ratis.thirdparty.io.grpc.ForwardingServerCallListener.onMessage(ForwardingServerCallListener.java:33) [ratis-thirdparty-misc-0.6.0-SNAPSHOT.jar:0.6.0-SNAPSHOT]
	at org.apache.ratis.thirdparty.io.grpc.internal.ServerCallImpl$ServerStreamListenerImpl.messagesAvailableInternal(ServerCallImpl.java:309) [ratis-thirdparty-misc-0.6.0-SNAPSHOT.jar:0.6.0-SNAPSHOT]
	at org.apache.ratis.thirdparty.io.grpc.internal.ServerCallImpl$ServerStreamListenerImpl.messagesAvailable(ServerCallImpl.java:292) [ratis-thirdparty-misc-0.6.0-SNAPSHOT.jar:0.6.0-SNAPSHOT]
	at org.apache.ratis.thirdparty.io.grpc.internal.ServerImpl$JumpToApplicationThreadServerStreamListener$1MessagesAvailable.runInContext(ServerImpl.java:783) [ratis-thirdparty-misc-0.6.0-SNAPSHOT.jar:0.6.0-SNAPSHOT]
	at org.apache.ratis.thirdparty.io.grpc.internal.ContextRunnable.run(ContextRunnable.java:37) [ratis-thirdparty-misc-0.6.0-SNAPSHOT.jar:0.6.0-SNAPSHOT]
	at org.apache.ratis.thirdparty.io.grpc.internal.SerializingExecutor.run(SerializingExecutor.java:123) [ratis-thirdparty-misc-0.6.0-SNAPSHOT.jar:0.6.0-SNAPSHOT]
	at java.util.concurrent.ThreadPoolExecutor.runWorker(ThreadPoolExecutor.java:1149) [?:1.8.0_232]
	at java.util.concurrent.ThreadPoolExecutor$Worker.run(ThreadPoolExecutor.java:624) [?:1.8.0_232]
	at java.lang.Thread.run(Thread.java:748) [?:1.8.0_232]
01:58:38.253 [grpc-default-executor-0] ERROR DNAudit - user=null | ip=null | op=WRITE_CHUNK {blockData=conID: 2 locID: 105342088183087108 bcsId: 0} | ret=FAILURE
org.apache.hadoop.hdds.scm.container.common.helpers.ContainerNotOpenException: Container 2 in CLOSED state
	at org.apache.hadoop.ozone.container.common.impl.HddsDispatcher.validateContainerCommand(HddsDispatcher.java:484) ~[hadoop-hdds-container-service-1.1.0-SNAPSHOT.jar:?]
	at org.apache.hadoop.ozone.container.common.transport.server.ratis.ContainerStateMachine.startTransaction(ContainerStateMachine.java:319) ~[hadoop-hdds-container-service-1.1.0-SNAPSHOT.jar:?]
	at org.apache.ratis.server.impl.RaftServerImpl.submitClientRequestAsync(RaftServerImpl.java:723) ~[ratis-server-1.1.0-913f5a4-SNAPSHOT.jar:1.1.0-913f5a4-SNAPSHOT]
	at org.apache.ratis.server.impl.RaftServerProxy.lambda$submitClientRequestAsync$7(RaftServerProxy.java:364) ~[ratis-server-1.1.0-913f5a4-SNAPSHOT.jar:1.1.0-913f5a4-SNAPSHOT]
	at org.apache.ratis.server.impl.RaftServerProxy.lambda$null$5(RaftServerProxy.java:359) ~[ratis-server-1.1.0-913f5a4-SNAPSHOT.jar:1.1.0-913f5a4-SNAPSHOT]
	at org.apache.ratis.util.JavaUtils.callAsUnchecked(JavaUtils.java:116) ~[ratis-common-1.1.0-913f5a4-SNAPSHOT.jar:1.1.0-913f5a4-SNAPSHOT]
	at org.apache.ratis.server.impl.RaftServerProxy.lambda$submitRequest$6(RaftServerProxy.java:359) ~[ratis-server-1.1.0-913f5a4-SNAPSHOT.jar:1.1.0-913f5a4-SNAPSHOT]
	at java.util.concurrent.CompletableFuture.uniComposeStage(CompletableFuture.java:995) ~[?:1.8.0_232]
	at java.util.concurrent.CompletableFuture.thenCompose(CompletableFuture.java:2137) ~[?:1.8.0_232]
	at org.apache.ratis.server.impl.RaftServerProxy.submitRequest(RaftServerProxy.java:358) ~[ratis-server-1.1.0-913f5a4-SNAPSHOT.jar:1.1.0-913f5a4-SNAPSHOT]
	at org.apache.ratis.server.impl.RaftServerProxy.submitClientRequestAsync(RaftServerProxy.java:364) ~[ratis-server-1.1.0-913f5a4-SNAPSHOT.jar:1.1.0-913f5a4-SNAPSHOT]
	at org.apache.ratis.grpc.client.GrpcClientProtocolService$RequestStreamObserver.processClientRequest(GrpcClientProtocolService.java:231) ~[ratis-grpc-1.1.0-913f5a4-SNAPSHOT.jar:1.1.0-913f5a4-SNAPSHOT]
	at org.apache.ratis.grpc.client.GrpcClientProtocolService$OrderedRequestStreamObserver.processClientRequest(GrpcClientProtocolService.java:337) ~[ratis-grpc-1.1.0-913f5a4-SNAPSHOT.jar:1.1.0-913f5a4-SNAPSHOT]
	at org.apache.ratis.util.SlidingWindow$Server.processRequestsFromHead(SlidingWindow.java:429) [ratis-common-1.1.0-913f5a4-SNAPSHOT.jar:1.1.0-913f5a4-SNAPSHOT]
	at org.apache.ratis.util.SlidingWindow$Server.receivedRequest(SlidingWindow.java:421) [ratis-common-1.1.0-913f5a4-SNAPSHOT.jar:1.1.0-913f5a4-SNAPSHOT]
	at org.apache.ratis.grpc.client.GrpcClientProtocolService$OrderedRequestStreamObserver.processClientRequest(GrpcClientProtocolService.java:361) [ratis-grpc-1.1.0-913f5a4-SNAPSHOT.jar:1.1.0-913f5a4-SNAPSHOT]
	at org.apache.ratis.grpc.client.GrpcClientProtocolService$RequestStreamObserver.onNext(GrpcClientProtocolService.java:251) [ratis-grpc-1.1.0-913f5a4-SNAPSHOT.jar:1.1.0-913f5a4-SNAPSHOT]
	at org.apache.ratis.grpc.client.GrpcClientProtocolService$RequestStreamObserver.onNext(GrpcClientProtocolService.java:174) [ratis-grpc-1.1.0-913f5a4-SNAPSHOT.jar:1.1.0-913f5a4-SNAPSHOT]
	at org.apache.ratis.thirdparty.io.grpc.stub.ServerCalls$StreamingServerCallHandler$StreamingServerCallListener.onMessage(ServerCalls.java:251) [ratis-thirdparty-misc-0.6.0-SNAPSHOT.jar:0.6.0-SNAPSHOT]
	at org.apache.ratis.thirdparty.io.grpc.ForwardingServerCallListener.onMessage(ForwardingServerCallListener.java:33) [ratis-thirdparty-misc-0.6.0-SNAPSHOT.jar:0.6.0-SNAPSHOT]
	at org.apache.ratis.thirdparty.io.grpc.internal.ServerCallImpl$ServerStreamListenerImpl.messagesAvailableInternal(ServerCallImpl.java:309) [ratis-thirdparty-misc-0.6.0-SNAPSHOT.jar:0.6.0-SNAPSHOT]
	at org.apache.ratis.thirdparty.io.grpc.internal.ServerCallImpl$ServerStreamListenerImpl.messagesAvailable(ServerCallImpl.java:292) [ratis-thirdparty-misc-0.6.0-SNAPSHOT.jar:0.6.0-SNAPSHOT]
	at org.apache.ratis.thirdparty.io.grpc.internal.ServerImpl$JumpToApplicationThreadServerStreamListener$1MessagesAvailable.runInContext(ServerImpl.java:783) [ratis-thirdparty-misc-0.6.0-SNAPSHOT.jar:0.6.0-SNAPSHOT]
	at org.apache.ratis.thirdparty.io.grpc.internal.ContextRunnable.run(ContextRunnable.java:37) [ratis-thirdparty-misc-0.6.0-SNAPSHOT.jar:0.6.0-SNAPSHOT]
	at org.apache.ratis.thirdparty.io.grpc.internal.SerializingExecutor.run(SerializingExecutor.java:123) [ratis-thirdparty-misc-0.6.0-SNAPSHOT.jar:0.6.0-SNAPSHOT]
	at java.util.concurrent.ThreadPoolExecutor.runWorker(ThreadPoolExecutor.java:1149) [?:1.8.0_232]
	at java.util.concurrent.ThreadPoolExecutor$Worker.run(ThreadPoolExecutor.java:624) [?:1.8.0_232]
	at java.lang.Thread.run(Thread.java:748) [?:1.8.0_232]
2020-12-08 01:58:38,261 [grpc-default-executor-2] ERROR storage.BlockOutputStream (BlockOutputStream.java:lambda$writeChunkToContainer$3(677)) - writing chunk failed 105342088183087108_chunk_1 blockID conID: 2 locID: 105342088183087108 bcsId: 0 with exception org.apache.ratis.protocol.exceptions.StateMachineException: org.apache.hadoop.hdds.scm.container.common.helpers.ContainerNotOpenException from Server 4d7665c3-83ba-40ae-a15f-238c06fe965e@group-39D0696F1AB4: Container 2 in CLOSED state
01:58:38.262 [grpc-default-executor-0] ERROR DNAudit - user=null | ip=null | op=PUT_BLOCK {blockData=[blockId=conID: 2 locID: 105342088183087108 bcsId: 0,size=400]} | ret=FAILURE
org.apache.hadoop.hdds.scm.container.common.helpers.ContainerNotOpenException: Container 2 in CLOSED state
	at org.apache.hadoop.ozone.container.common.impl.HddsDispatcher.validateContainerCommand(HddsDispatcher.java:484) ~[hadoop-hdds-container-service-1.1.0-SNAPSHOT.jar:?]
	at org.apache.hadoop.ozone.container.common.transport.server.ratis.ContainerStateMachine.startTransaction(ContainerStateMachine.java:319) ~[hadoop-hdds-container-service-1.1.0-SNAPSHOT.jar:?]
	at org.apache.ratis.server.impl.RaftServerImpl.submitClientRequestAsync(RaftServerImpl.java:723) ~[ratis-server-1.1.0-913f5a4-SNAPSHOT.jar:1.1.0-913f5a4-SNAPSHOT]
	at org.apache.ratis.server.impl.RaftServerProxy.lambda$submitClientRequestAsync$7(RaftServerProxy.java:364) ~[ratis-server-1.1.0-913f5a4-SNAPSHOT.jar:1.1.0-913f5a4-SNAPSHOT]
	at org.apache.ratis.server.impl.RaftServerProxy.lambda$null$5(RaftServerProxy.java:359) ~[ratis-server-1.1.0-913f5a4-SNAPSHOT.jar:1.1.0-913f5a4-SNAPSHOT]
	at org.apache.ratis.util.JavaUtils.callAsUnchecked(JavaUtils.java:116) ~[ratis-common-1.1.0-913f5a4-SNAPSHOT.jar:1.1.0-913f5a4-SNAPSHOT]
	at org.apache.ratis.server.impl.RaftServerProxy.lambda$submitRequest$6(RaftServerProxy.java:359) ~[ratis-server-1.1.0-913f5a4-SNAPSHOT.jar:1.1.0-913f5a4-SNAPSHOT]
	at java.util.concurrent.CompletableFuture.uniComposeStage(CompletableFuture.java:995) ~[?:1.8.0_232]
	at java.util.concurrent.CompletableFuture.thenCompose(CompletableFuture.java:2137) ~[?:1.8.0_232]
	at org.apache.ratis.server.impl.RaftServerProxy.submitRequest(RaftServerProxy.java:358) ~[ratis-server-1.1.0-913f5a4-SNAPSHOT.jar:1.1.0-913f5a4-SNAPSHOT]
	at org.apache.ratis.server.impl.RaftServerProxy.submitClientRequestAsync(RaftServerProxy.java:364) ~[ratis-server-1.1.0-913f5a4-SNAPSHOT.jar:1.1.0-913f5a4-SNAPSHOT]
	at org.apache.ratis.grpc.client.GrpcClientProtocolService$RequestStreamObserver.processClientRequest(GrpcClientProtocolService.java:231) ~[ratis-grpc-1.1.0-913f5a4-SNAPSHOT.jar:1.1.0-913f5a4-SNAPSHOT]
	at org.apache.ratis.grpc.client.GrpcClientProtocolService$OrderedRequestStreamObserver.processClientRequest(GrpcClientProtocolService.java:337) ~[ratis-grpc-1.1.0-913f5a4-SNAPSHOT.jar:1.1.0-913f5a4-SNAPSHOT]
	at org.apache.ratis.util.SlidingWindow$Server.processRequestsFromHead(SlidingWindow.java:429) [ratis-common-1.1.0-913f5a4-SNAPSHOT.jar:1.1.0-913f5a4-SNAPSHOT]
	at org.apache.ratis.util.SlidingWindow$Server.receivedRequest(SlidingWindow.java:421) [ratis-common-1.1.0-913f5a4-SNAPSHOT.jar:1.1.0-913f5a4-SNAPSHOT]
	at org.apache.ratis.grpc.client.GrpcClientProtocolService$OrderedRequestStreamObserver.processClientRequest(GrpcClientProtocolService.java:361) [ratis-grpc-1.1.0-913f5a4-SNAPSHOT.jar:1.1.0-913f5a4-SNAPSHOT]
	at org.apache.ratis.grpc.client.GrpcClientProtocolService$RequestStreamObserver.onNext(GrpcClientProtocolService.java:251) [ratis-grpc-1.1.0-913f5a4-SNAPSHOT.jar:1.1.0-913f5a4-SNAPSHOT]
	at org.apache.ratis.grpc.client.GrpcClientProtocolService$RequestStreamObserver.onNext(GrpcClientProtocolService.java:174) [ratis-grpc-1.1.0-913f5a4-SNAPSHOT.jar:1.1.0-913f5a4-SNAPSHOT]
	at org.apache.ratis.thirdparty.io.grpc.stub.ServerCalls$StreamingServerCallHandler$StreamingServerCallListener.onMessage(ServerCalls.java:251) [ratis-thirdparty-misc-0.6.0-SNAPSHOT.jar:0.6.0-SNAPSHOT]
	at org.apache.ratis.thirdparty.io.grpc.ForwardingServerCallListener.onMessage(ForwardingServerCallListener.java:33) [ratis-thirdparty-misc-0.6.0-SNAPSHOT.jar:0.6.0-SNAPSHOT]
	at org.apache.ratis.thirdparty.io.grpc.internal.ServerCallImpl$ServerStreamListenerImpl.messagesAvailableInternal(ServerCallImpl.java:309) [ratis-thirdparty-misc-0.6.0-SNAPSHOT.jar:0.6.0-SNAPSHOT]
	at org.apache.ratis.thirdparty.io.grpc.internal.ServerCallImpl$ServerStreamListenerImpl.messagesAvailable(ServerCallImpl.java:292) [ratis-thirdparty-misc-0.6.0-SNAPSHOT.jar:0.6.0-SNAPSHOT]
	at org.apache.ratis.thirdparty.io.grpc.internal.ServerImpl$JumpToApplicationThreadServerStreamListener$1MessagesAvailable.runInContext(ServerImpl.java:783) [ratis-thirdparty-misc-0.6.0-SNAPSHOT.jar:0.6.0-SNAPSHOT]
	at org.apache.ratis.thirdparty.io.grpc.internal.ContextRunnable.run(ContextRunnable.java:37) [ratis-thirdparty-misc-0.6.0-SNAPSHOT.jar:0.6.0-SNAPSHOT]
	at org.apache.ratis.thirdparty.io.grpc.internal.SerializingExecutor.run(SerializingExecutor.java:123) [ratis-thirdparty-misc-0.6.0-SNAPSHOT.jar:0.6.0-SNAPSHOT]
	at java.util.concurrent.ThreadPoolExecutor.runWorker(ThreadPoolExecutor.java:1149) [?:1.8.0_232]
	at java.util.concurrent.ThreadPoolExecutor$Worker.run(ThreadPoolExecutor.java:624) [?:1.8.0_232]
	at java.lang.Thread.run(Thread.java:748) [?:1.8.0_232]
2020-12-08 01:58:38,270 [grpc-default-executor-0] ERROR storage.BlockOutputStream (BlockOutputStream.java:lambda$writeChunkToContainer$3(677)) - writing chunk failed 105342088183087108_chunk_2 blockID conID: 2 locID: 105342088183087108 bcsId: 0 with exception org.apache.ratis.protocol.exceptions.StateMachineException: org.apache.hadoop.hdds.scm.container.common.helpers.ContainerNotOpenException from Server 4d7665c3-83ba-40ae-a15f-238c06fe965e@group-39D0696F1AB4: Container 2 in CLOSED state
2020-12-08 01:58:38,283 [grpc-default-executor-0] ERROR storage.BlockOutputStream (BlockOutputStream.java:lambda$writeChunkToContainer$3(677)) - writing chunk failed 105342088183087108_chunk_3 blockID conID: 2 locID: 105342088183087108 bcsId: 0 with exception org.apache.ratis.protocol.exceptions.StateMachineException: org.apache.hadoop.hdds.scm.container.common.helpers.ContainerNotOpenException from Server 4d7665c3-83ba-40ae-a15f-238c06fe965e@group-39D0696F1AB4: Container 2 in CLOSED state
2020-12-08 01:58:38,290 [grpc-default-executor-0] ERROR storage.BlockOutputStream (BlockOutputStream.java:lambda$writeChunkToContainer$3(677)) - writing chunk failed 105342088183087108_chunk_4 blockID conID: 2 locID: 105342088183087108 bcsId: 0 with exception org.apache.ratis.protocol.exceptions.StateMachineException: org.apache.hadoop.hdds.scm.container.common.helpers.ContainerNotOpenException from Server 4d7665c3-83ba-40ae-a15f-238c06fe965e@group-39D0696F1AB4: Container 2 in CLOSED state
2020-12-08 01:58:38,297 [Listener at 127.0.0.1/34557] INFO  metrics.RatisMetrics (RatisMetrics.java:lambda$create$0(36)) - Creating Metrics Registry : ratis.client_message_metrics.client-BED7EF7131A7->be1361e3-69b4-4f11-b723-c9a04e197c79
01:58:38.316 [grpc-default-executor-2] ERROR DNAudit - user=null | ip=null | op=WRITE_CHUNK {blockData=conID: 3 locID: 105342088183152646 bcsId: 0} | ret=FAILURE
org.apache.hadoop.hdds.scm.container.common.helpers.ContainerNotOpenException: Container 3 in CLOSED state
	at org.apache.hadoop.ozone.container.common.impl.HddsDispatcher.validateContainerCommand(HddsDispatcher.java:484) ~[hadoop-hdds-container-service-1.1.0-SNAPSHOT.jar:?]
	at org.apache.hadoop.ozone.container.common.transport.server.ratis.ContainerStateMachine.startTransaction(ContainerStateMachine.java:319) ~[hadoop-hdds-container-service-1.1.0-SNAPSHOT.jar:?]
	at org.apache.ratis.server.impl.RaftServerImpl.submitClientRequestAsync(RaftServerImpl.java:723) ~[ratis-server-1.1.0-913f5a4-SNAPSHOT.jar:1.1.0-913f5a4-SNAPSHOT]
	at org.apache.ratis.server.impl.RaftServerProxy.lambda$submitClientRequestAsync$7(RaftServerProxy.java:364) ~[ratis-server-1.1.0-913f5a4-SNAPSHOT.jar:1.1.0-913f5a4-SNAPSHOT]
	at org.apache.ratis.server.impl.RaftServerProxy.lambda$null$5(RaftServerProxy.java:359) ~[ratis-server-1.1.0-913f5a4-SNAPSHOT.jar:1.1.0-913f5a4-SNAPSHOT]
	at org.apache.ratis.util.JavaUtils.callAsUnchecked(JavaUtils.java:116) ~[ratis-common-1.1.0-913f5a4-SNAPSHOT.jar:1.1.0-913f5a4-SNAPSHOT]
	at org.apache.ratis.server.impl.RaftServerProxy.lambda$submitRequest$6(RaftServerProxy.java:359) ~[ratis-server-1.1.0-913f5a4-SNAPSHOT.jar:1.1.0-913f5a4-SNAPSHOT]
	at java.util.concurrent.CompletableFuture.uniComposeStage(CompletableFuture.java:995) ~[?:1.8.0_232]
	at java.util.concurrent.CompletableFuture.thenCompose(CompletableFuture.java:2137) ~[?:1.8.0_232]
	at org.apache.ratis.server.impl.RaftServerProxy.submitRequest(RaftServerProxy.java:358) ~[ratis-server-1.1.0-913f5a4-SNAPSHOT.jar:1.1.0-913f5a4-SNAPSHOT]
	at org.apache.ratis.server.impl.RaftServerProxy.submitClientRequestAsync(RaftServerProxy.java:364) ~[ratis-server-1.1.0-913f5a4-SNAPSHOT.jar:1.1.0-913f5a4-SNAPSHOT]
	at org.apache.ratis.grpc.client.GrpcClientProtocolService$RequestStreamObserver.processClientRequest(GrpcClientProtocolService.java:231) ~[ratis-grpc-1.1.0-913f5a4-SNAPSHOT.jar:1.1.0-913f5a4-SNAPSHOT]
	at org.apache.ratis.grpc.client.GrpcClientProtocolService$OrderedRequestStreamObserver.processClientRequest(GrpcClientProtocolService.java:337) ~[ratis-grpc-1.1.0-913f5a4-SNAPSHOT.jar:1.1.0-913f5a4-SNAPSHOT]
	at org.apache.ratis.util.SlidingWindow$Server.processRequestsFromHead(SlidingWindow.java:429) [ratis-common-1.1.0-913f5a4-SNAPSHOT.jar:1.1.0-913f5a4-SNAPSHOT]
	at org.apache.ratis.util.SlidingWindow$Server.receivedRequest(SlidingWindow.java:421) [ratis-common-1.1.0-913f5a4-SNAPSHOT.jar:1.1.0-913f5a4-SNAPSHOT]
	at org.apache.ratis.grpc.client.GrpcClientProtocolService$OrderedRequestStreamObserver.processClientRequest(GrpcClientProtocolService.java:361) [ratis-grpc-1.1.0-913f5a4-SNAPSHOT.jar:1.1.0-913f5a4-SNAPSHOT]
	at org.apache.ratis.grpc.client.GrpcClientProtocolService$RequestStreamObserver.onNext(GrpcClientProtocolService.java:251) [ratis-grpc-1.1.0-913f5a4-SNAPSHOT.jar:1.1.0-913f5a4-SNAPSHOT]
	at org.apache.ratis.grpc.client.GrpcClientProtocolService$RequestStreamObserver.onNext(GrpcClientProtocolService.java:174) [ratis-grpc-1.1.0-913f5a4-SNAPSHOT.jar:1.1.0-913f5a4-SNAPSHOT]
	at org.apache.ratis.thirdparty.io.grpc.stub.ServerCalls$StreamingServerCallHandler$StreamingServerCallListener.onMessage(ServerCalls.java:251) [ratis-thirdparty-misc-0.6.0-SNAPSHOT.jar:0.6.0-SNAPSHOT]
	at org.apache.ratis.thirdparty.io.grpc.ForwardingServerCallListener.onMessage(ForwardingServerCallListener.java:33) [ratis-thirdparty-misc-0.6.0-SNAPSHOT.jar:0.6.0-SNAPSHOT]
	at org.apache.ratis.thirdparty.io.grpc.internal.ServerCallImpl$ServerStreamListenerImpl.messagesAvailableInternal(ServerCallImpl.java:309) [ratis-thirdparty-misc-0.6.0-SNAPSHOT.jar:0.6.0-SNAPSHOT]
	at org.apache.ratis.thirdparty.io.grpc.internal.ServerCallImpl$ServerStreamListenerImpl.messagesAvailable(ServerCallImpl.java:292) [ratis-thirdparty-misc-0.6.0-SNAPSHOT.jar:0.6.0-SNAPSHOT]
	at org.apache.ratis.thirdparty.io.grpc.internal.ServerImpl$JumpToApplicationThreadServerStreamListener$1MessagesAvailable.runInContext(ServerImpl.java:783) [ratis-thirdparty-misc-0.6.0-SNAPSHOT.jar:0.6.0-SNAPSHOT]
	at org.apache.ratis.thirdparty.io.grpc.internal.ContextRunnable.run(ContextRunnable.java:37) [ratis-thirdparty-misc-0.6.0-SNAPSHOT.jar:0.6.0-SNAPSHOT]
	at org.apache.ratis.thirdparty.io.grpc.internal.SerializingExecutor.run(SerializingExecutor.java:123) [ratis-thirdparty-misc-0.6.0-SNAPSHOT.jar:0.6.0-SNAPSHOT]
	at java.util.concurrent.ThreadPoolExecutor.runWorker(ThreadPoolExecutor.java:1149) [?:1.8.0_232]
	at java.util.concurrent.ThreadPoolExecutor$Worker.run(ThreadPoolExecutor.java:624) [?:1.8.0_232]
	at java.lang.Thread.run(Thread.java:748) [?:1.8.0_232]
01:58:38.317 [grpc-default-executor-2] ERROR DNAudit - user=null | ip=null | op=WRITE_CHUNK {blockData=conID: 3 locID: 105342088183152646 bcsId: 0} | ret=FAILURE
org.apache.hadoop.hdds.scm.container.common.helpers.ContainerNotOpenException: Container 3 in CLOSED state
	at org.apache.hadoop.ozone.container.common.impl.HddsDispatcher.validateContainerCommand(HddsDispatcher.java:484) ~[hadoop-hdds-container-service-1.1.0-SNAPSHOT.jar:?]
	at org.apache.hadoop.ozone.container.common.transport.server.ratis.ContainerStateMachine.startTransaction(ContainerStateMachine.java:319) ~[hadoop-hdds-container-service-1.1.0-SNAPSHOT.jar:?]
	at org.apache.ratis.server.impl.RaftServerImpl.submitClientRequestAsync(RaftServerImpl.java:723) ~[ratis-server-1.1.0-913f5a4-SNAPSHOT.jar:1.1.0-913f5a4-SNAPSHOT]
	at org.apache.ratis.server.impl.RaftServerProxy.lambda$submitClientRequestAsync$7(RaftServerProxy.java:364) ~[ratis-server-1.1.0-913f5a4-SNAPSHOT.jar:1.1.0-913f5a4-SNAPSHOT]
	at org.apache.ratis.server.impl.RaftServerProxy.lambda$null$5(RaftServerProxy.java:359) ~[ratis-server-1.1.0-913f5a4-SNAPSHOT.jar:1.1.0-913f5a4-SNAPSHOT]
	at org.apache.ratis.util.JavaUtils.callAsUnchecked(JavaUtils.java:116) ~[ratis-common-1.1.0-913f5a4-SNAPSHOT.jar:1.1.0-913f5a4-SNAPSHOT]
	at org.apache.ratis.server.impl.RaftServerProxy.lambda$submitRequest$6(RaftServerProxy.java:359) ~[ratis-server-1.1.0-913f5a4-SNAPSHOT.jar:1.1.0-913f5a4-SNAPSHOT]
	at java.util.concurrent.CompletableFuture.uniComposeStage(CompletableFuture.java:995) ~[?:1.8.0_232]
	at java.util.concurrent.CompletableFuture.thenCompose(CompletableFuture.java:2137) ~[?:1.8.0_232]
	at org.apache.ratis.server.impl.RaftServerProxy.submitRequest(RaftServerProxy.java:358) ~[ratis-server-1.1.0-913f5a4-SNAPSHOT.jar:1.1.0-913f5a4-SNAPSHOT]
	at org.apache.ratis.server.impl.RaftServerProxy.submitClientRequestAsync(RaftServerProxy.java:364) ~[ratis-server-1.1.0-913f5a4-SNAPSHOT.jar:1.1.0-913f5a4-SNAPSHOT]
	at org.apache.ratis.grpc.client.GrpcClientProtocolService$RequestStreamObserver.processClientRequest(GrpcClientProtocolService.java:231) ~[ratis-grpc-1.1.0-913f5a4-SNAPSHOT.jar:1.1.0-913f5a4-SNAPSHOT]
	at org.apache.ratis.grpc.client.GrpcClientProtocolService$OrderedRequestStreamObserver.processClientRequest(GrpcClientProtocolService.java:337) ~[ratis-grpc-1.1.0-913f5a4-SNAPSHOT.jar:1.1.0-913f5a4-SNAPSHOT]
	at org.apache.ratis.util.SlidingWindow$Server.processRequestsFromHead(SlidingWindow.java:429) [ratis-common-1.1.0-913f5a4-SNAPSHOT.jar:1.1.0-913f5a4-SNAPSHOT]
	at org.apache.ratis.util.SlidingWindow$Server.receivedRequest(SlidingWindow.java:421) [ratis-common-1.1.0-913f5a4-SNAPSHOT.jar:1.1.0-913f5a4-SNAPSHOT]
	at org.apache.ratis.grpc.client.GrpcClientProtocolService$OrderedRequestStreamObserver.processClientRequest(GrpcClientProtocolService.java:361) [ratis-grpc-1.1.0-913f5a4-SNAPSHOT.jar:1.1.0-913f5a4-SNAPSHOT]
	at org.apache.ratis.grpc.client.GrpcClientProtocolService$RequestStreamObserver.onNext(GrpcClientProtocolService.java:251) [ratis-grpc-1.1.0-913f5a4-SNAPSHOT.jar:1.1.0-913f5a4-SNAPSHOT]
	at org.apache.ratis.grpc.client.GrpcClientProtocolService$RequestStreamObserver.onNext(GrpcClientProtocolService.java:174) [ratis-grpc-1.1.0-913f5a4-SNAPSHOT.jar:1.1.0-913f5a4-SNAPSHOT]
	at org.apache.ratis.thirdparty.io.grpc.stub.ServerCalls$StreamingServerCallHandler$StreamingServerCallListener.onMessage(ServerCalls.java:251) [ratis-thirdparty-misc-0.6.0-SNAPSHOT.jar:0.6.0-SNAPSHOT]
	at org.apache.ratis.thirdparty.io.grpc.ForwardingServerCallListener.onMessage(ForwardingServerCallListener.java:33) [ratis-thirdparty-misc-0.6.0-SNAPSHOT.jar:0.6.0-SNAPSHOT]
	at org.apache.ratis.thirdparty.io.grpc.internal.ServerCallImpl$ServerStreamListenerImpl.messagesAvailableInternal(ServerCallImpl.java:309) [ratis-thirdparty-misc-0.6.0-SNAPSHOT.jar:0.6.0-SNAPSHOT]
	at org.apache.ratis.thirdparty.io.grpc.internal.ServerCallImpl$ServerStreamListenerImpl.messagesAvailable(ServerCallImpl.java:292) [ratis-thirdparty-misc-0.6.0-SNAPSHOT.jar:0.6.0-SNAPSHOT]
	at org.apache.ratis.thirdparty.io.grpc.internal.ServerImpl$JumpToApplicationThreadServerStreamListener$1MessagesAvailable.runInContext(ServerImpl.java:783) [ratis-thirdparty-misc-0.6.0-SNAPSHOT.jar:0.6.0-SNAPSHOT]
	at org.apache.ratis.thirdparty.io.grpc.internal.ContextRunnable.run(ContextRunnable.java:37) [ratis-thirdparty-misc-0.6.0-SNAPSHOT.jar:0.6.0-SNAPSHOT]
	at org.apache.ratis.thirdparty.io.grpc.internal.SerializingExecutor.run(SerializingExecutor.java:123) [ratis-thirdparty-misc-0.6.0-SNAPSHOT.jar:0.6.0-SNAPSHOT]
	at java.util.concurrent.ThreadPoolExecutor.runWorker(ThreadPoolExecutor.java:1149) [?:1.8.0_232]
	at java.util.concurrent.ThreadPoolExecutor$Worker.run(ThreadPoolExecutor.java:624) [?:1.8.0_232]
	at java.lang.Thread.run(Thread.java:748) [?:1.8.0_232]
2020-12-08 01:58:38,337 [grpc-default-executor-0] ERROR storage.BlockOutputStream (BlockOutputStream.java:lambda$writeChunkToContainer$3(677)) - writing chunk failed 105342088183152646_chunk_1 blockID conID: 3 locID: 105342088183152646 bcsId: 0 with exception org.apache.ratis.protocol.exceptions.StateMachineException: org.apache.hadoop.hdds.scm.container.common.helpers.ContainerNotOpenException from Server be1361e3-69b4-4f11-b723-c9a04e197c79@group-0A7006F194FA: Container 3 in CLOSED state
01:58:38.339 [grpc-default-executor-2] ERROR DNAudit - user=null | ip=null | op=PUT_BLOCK {blockData=[blockId=conID: 3 locID: 105342088183152646 bcsId: 0,size=200]} | ret=FAILURE
org.apache.hadoop.hdds.scm.container.common.helpers.ContainerNotOpenException: Container 3 in CLOSED state
	at org.apache.hadoop.ozone.container.common.impl.HddsDispatcher.validateContainerCommand(HddsDispatcher.java:484) ~[hadoop-hdds-container-service-1.1.0-SNAPSHOT.jar:?]
	at org.apache.hadoop.ozone.container.common.transport.server.ratis.ContainerStateMachine.startTransaction(ContainerStateMachine.java:319) ~[hadoop-hdds-container-service-1.1.0-SNAPSHOT.jar:?]
	at org.apache.ratis.server.impl.RaftServerImpl.submitClientRequestAsync(RaftServerImpl.java:723) ~[ratis-server-1.1.0-913f5a4-SNAPSHOT.jar:1.1.0-913f5a4-SNAPSHOT]
	at org.apache.ratis.server.impl.RaftServerProxy.lambda$submitClientRequestAsync$7(RaftServerProxy.java:364) ~[ratis-server-1.1.0-913f5a4-SNAPSHOT.jar:1.1.0-913f5a4-SNAPSHOT]
	at org.apache.ratis.server.impl.RaftServerProxy.lambda$null$5(RaftServerProxy.java:359) ~[ratis-server-1.1.0-913f5a4-SNAPSHOT.jar:1.1.0-913f5a4-SNAPSHOT]
	at org.apache.ratis.util.JavaUtils.callAsUnchecked(JavaUtils.java:116) ~[ratis-common-1.1.0-913f5a4-SNAPSHOT.jar:1.1.0-913f5a4-SNAPSHOT]
	at org.apache.ratis.server.impl.RaftServerProxy.lambda$submitRequest$6(RaftServerProxy.java:359) ~[ratis-server-1.1.0-913f5a4-SNAPSHOT.jar:1.1.0-913f5a4-SNAPSHOT]
	at java.util.concurrent.CompletableFuture.uniComposeStage(CompletableFuture.java:995) ~[?:1.8.0_232]
	at java.util.concurrent.CompletableFuture.thenCompose(CompletableFuture.java:2137) ~[?:1.8.0_232]
	at org.apache.ratis.server.impl.RaftServerProxy.submitRequest(RaftServerProxy.java:358) ~[ratis-server-1.1.0-913f5a4-SNAPSHOT.jar:1.1.0-913f5a4-SNAPSHOT]
	at org.apache.ratis.server.impl.RaftServerProxy.submitClientRequestAsync(RaftServerProxy.java:364) ~[ratis-server-1.1.0-913f5a4-SNAPSHOT.jar:1.1.0-913f5a4-SNAPSHOT]
	at org.apache.ratis.grpc.client.GrpcClientProtocolService$RequestStreamObserver.processClientRequest(GrpcClientProtocolService.java:231) ~[ratis-grpc-1.1.0-913f5a4-SNAPSHOT.jar:1.1.0-913f5a4-SNAPSHOT]
	at org.apache.ratis.grpc.client.GrpcClientProtocolService$OrderedRequestStreamObserver.processClientRequest(GrpcClientProtocolService.java:337) ~[ratis-grpc-1.1.0-913f5a4-SNAPSHOT.jar:1.1.0-913f5a4-SNAPSHOT]
	at org.apache.ratis.util.SlidingWindow$Server.processRequestsFromHead(SlidingWindow.java:429) [ratis-common-1.1.0-913f5a4-SNAPSHOT.jar:1.1.0-913f5a4-SNAPSHOT]
	at org.apache.ratis.util.SlidingWindow$Server.receivedRequest(SlidingWindow.java:421) [ratis-common-1.1.0-913f5a4-SNAPSHOT.jar:1.1.0-913f5a4-SNAPSHOT]
	at org.apache.ratis.grpc.client.GrpcClientProtocolService$OrderedRequestStreamObserver.processClientRequest(GrpcClientProtocolService.java:361) [ratis-grpc-1.1.0-913f5a4-SNAPSHOT.jar:1.1.0-913f5a4-SNAPSHOT]
	at org.apache.ratis.grpc.client.GrpcClientProtocolService$RequestStreamObserver.onNext(GrpcClientProtocolService.java:251) [ratis-grpc-1.1.0-913f5a4-SNAPSHOT.jar:1.1.0-913f5a4-SNAPSHOT]
	at org.apache.ratis.grpc.client.GrpcClientProtocolService$RequestStreamObserver.onNext(GrpcClientProtocolService.java:174) [ratis-grpc-1.1.0-913f5a4-SNAPSHOT.jar:1.1.0-913f5a4-SNAPSHOT]
	at org.apache.ratis.thirdparty.io.grpc.stub.ServerCalls$StreamingServerCallHandler$StreamingServerCallListener.onMessage(ServerCalls.java:251) [ratis-thirdparty-misc-0.6.0-SNAPSHOT.jar:0.6.0-SNAPSHOT]
	at org.apache.ratis.thirdparty.io.grpc.ForwardingServerCallListener.onMessage(ForwardingServerCallListener.java:33) [ratis-thirdparty-misc-0.6.0-SNAPSHOT.jar:0.6.0-SNAPSHOT]
	at org.apache.ratis.thirdparty.io.grpc.internal.ServerCallImpl$ServerStreamListenerImpl.messagesAvailableInternal(ServerCallImpl.java:309) [ratis-thirdparty-misc-0.6.0-SNAPSHOT.jar:0.6.0-SNAPSHOT]
	at org.apache.ratis.thirdparty.io.grpc.internal.ServerCallImpl$ServerStreamListenerImpl.messagesAvailable(ServerCallImpl.java:292) [ratis-thirdparty-misc-0.6.0-SNAPSHOT.jar:0.6.0-SNAPSHOT]
	at org.apache.ratis.thirdparty.io.grpc.internal.ServerImpl$JumpToApplicationThreadServerStreamListener$1MessagesAvailable.runInContext(ServerImpl.java:783) [ratis-thirdparty-misc-0.6.0-SNAPSHOT.jar:0.6.0-SNAPSHOT]
	at org.apache.ratis.thirdparty.io.grpc.internal.ContextRunnable.run(ContextRunnable.java:37) [ratis-thirdparty-misc-0.6.0-SNAPSHOT.jar:0.6.0-SNAPSHOT]
	at org.apache.ratis.thirdparty.io.grpc.internal.SerializingExecutor.run(SerializingExecutor.java:123) [ratis-thirdparty-misc-0.6.0-SNAPSHOT.jar:0.6.0-SNAPSHOT]
	at java.util.concurrent.ThreadPoolExecutor.runWorker(ThreadPoolExecutor.java:1149) [?:1.8.0_232]
	at java.util.concurrent.ThreadPoolExecutor$Worker.run(ThreadPoolExecutor.java:624) [?:1.8.0_232]
	at java.lang.Thread.run(Thread.java:748) [?:1.8.0_232]
01:58:38.349 [grpc-default-executor-2] ERROR DNAudit - user=null | ip=null | op=WRITE_CHUNK {blockData=conID: 3 locID: 105342088183152646 bcsId: 0} | ret=FAILURE
org.apache.hadoop.hdds.scm.container.common.helpers.ContainerNotOpenException: Container 3 in CLOSED state
	at org.apache.hadoop.ozone.container.common.impl.HddsDispatcher.validateContainerCommand(HddsDispatcher.java:484) ~[hadoop-hdds-container-service-1.1.0-SNAPSHOT.jar:?]
	at org.apache.hadoop.ozone.container.common.transport.server.ratis.ContainerStateMachine.startTransaction(ContainerStateMachine.java:319) ~[hadoop-hdds-container-service-1.1.0-SNAPSHOT.jar:?]
	at org.apache.ratis.server.impl.RaftServerImpl.submitClientRequestAsync(RaftServerImpl.java:723) ~[ratis-server-1.1.0-913f5a4-SNAPSHOT.jar:1.1.0-913f5a4-SNAPSHOT]
	at org.apache.ratis.server.impl.RaftServerProxy.lambda$submitClientRequestAsync$7(RaftServerProxy.java:364) ~[ratis-server-1.1.0-913f5a4-SNAPSHOT.jar:1.1.0-913f5a4-SNAPSHOT]
	at org.apache.ratis.server.impl.RaftServerProxy.lambda$null$5(RaftServerProxy.java:359) ~[ratis-server-1.1.0-913f5a4-SNAPSHOT.jar:1.1.0-913f5a4-SNAPSHOT]
	at org.apache.ratis.util.JavaUtils.callAsUnchecked(JavaUtils.java:116) ~[ratis-common-1.1.0-913f5a4-SNAPSHOT.jar:1.1.0-913f5a4-SNAPSHOT]
	at org.apache.ratis.server.impl.RaftServerProxy.lambda$submitRequest$6(RaftServerProxy.java:359) ~[ratis-server-1.1.0-913f5a4-SNAPSHOT.jar:1.1.0-913f5a4-SNAPSHOT]
	at java.util.concurrent.CompletableFuture.uniComposeStage(CompletableFuture.java:995) ~[?:1.8.0_232]
	at java.util.concurrent.CompletableFuture.thenCompose(CompletableFuture.java:2137) ~[?:1.8.0_232]
	at org.apache.ratis.server.impl.RaftServerProxy.submitRequest(RaftServerProxy.java:358) ~[ratis-server-1.1.0-913f5a4-SNAPSHOT.jar:1.1.0-913f5a4-SNAPSHOT]
	at org.apache.ratis.server.impl.RaftServerProxy.submitClientRequestAsync(RaftServerProxy.java:364) ~[ratis-server-1.1.0-913f5a4-SNAPSHOT.jar:1.1.0-913f5a4-SNAPSHOT]
	at org.apache.ratis.grpc.client.GrpcClientProtocolService$RequestStreamObserver.processClientRequest(GrpcClientProtocolService.java:231) ~[ratis-grpc-1.1.0-913f5a4-SNAPSHOT.jar:1.1.0-913f5a4-SNAPSHOT]
	at org.apache.ratis.grpc.client.GrpcClientProtocolService$OrderedRequestStreamObserver.processClientRequest(GrpcClientProtocolService.java:337) ~[ratis-grpc-1.1.0-913f5a4-SNAPSHOT.jar:1.1.0-913f5a4-SNAPSHOT]
	at org.apache.ratis.util.SlidingWindow$Server.processRequestsFromHead(SlidingWindow.java:429) [ratis-common-1.1.0-913f5a4-SNAPSHOT.jar:1.1.0-913f5a4-SNAPSHOT]
	at org.apache.ratis.util.SlidingWindow$Server.receivedRequest(SlidingWindow.java:421) [ratis-common-1.1.0-913f5a4-SNAPSHOT.jar:1.1.0-913f5a4-SNAPSHOT]
	at org.apache.ratis.grpc.client.GrpcClientProtocolService$OrderedRequestStreamObserver.processClientRequest(GrpcClientProtocolService.java:361) [ratis-grpc-1.1.0-913f5a4-SNAPSHOT.jar:1.1.0-913f5a4-SNAPSHOT]
	at org.apache.ratis.grpc.client.GrpcClientProtocolService$RequestStreamObserver.onNext(GrpcClientProtocolService.java:251) [ratis-grpc-1.1.0-913f5a4-SNAPSHOT.jar:1.1.0-913f5a4-SNAPSHOT]
	at org.apache.ratis.grpc.client.GrpcClientProtocolService$RequestStreamObserver.onNext(GrpcClientProtocolService.java:174) [ratis-grpc-1.1.0-913f5a4-SNAPSHOT.jar:1.1.0-913f5a4-SNAPSHOT]
	at org.apache.ratis.thirdparty.io.grpc.stub.ServerCalls$StreamingServerCallHandler$StreamingServerCallListener.onMessage(ServerCalls.java:251) [ratis-thirdparty-misc-0.6.0-SNAPSHOT.jar:0.6.0-SNAPSHOT]
	at org.apache.ratis.thirdparty.io.grpc.ForwardingServerCallListener.onMessage(ForwardingServerCallListener.java:33) [ratis-thirdparty-misc-0.6.0-SNAPSHOT.jar:0.6.0-SNAPSHOT]
	at org.apache.ratis.thirdparty.io.grpc.internal.ServerCallImpl$ServerStreamListenerImpl.messagesAvailableInternal(ServerCallImpl.java:309) [ratis-thirdparty-misc-0.6.0-SNAPSHOT.jar:0.6.0-SNAPSHOT]
	at org.apache.ratis.thirdparty.io.grpc.internal.ServerCallImpl$ServerStreamListenerImpl.messagesAvailable(ServerCallImpl.java:292) [ratis-thirdparty-misc-0.6.0-SNAPSHOT.jar:0.6.0-SNAPSHOT]
	at org.apache.ratis.thirdparty.io.grpc.internal.ServerImpl$JumpToApplicationThreadServerStreamListener$1MessagesAvailable.runInContext(ServerImpl.java:783) [ratis-thirdparty-misc-0.6.0-SNAPSHOT.jar:0.6.0-SNAPSHOT]
	at org.apache.ratis.thirdparty.io.grpc.internal.ContextRunnable.run(ContextRunnable.java:37) [ratis-thirdparty-misc-0.6.0-SNAPSHOT.jar:0.6.0-SNAPSHOT]
	at org.apache.ratis.thirdparty.io.grpc.internal.SerializingExecutor.run(SerializingExecutor.java:123) [ratis-thirdparty-misc-0.6.0-SNAPSHOT.jar:0.6.0-SNAPSHOT]
	at java.util.concurrent.ThreadPoolExecutor.runWorker(ThreadPoolExecutor.java:1149) [?:1.8.0_232]
	at java.util.concurrent.ThreadPoolExecutor$Worker.run(ThreadPoolExecutor.java:624) [?:1.8.0_232]
	at java.lang.Thread.run(Thread.java:748) [?:1.8.0_232]
2020-12-08 01:58:38,349 [grpc-default-executor-0] ERROR storage.BlockOutputStream (BlockOutputStream.java:lambda$writeChunkToContainer$3(677)) - writing chunk failed 105342088183152646_chunk_2 blockID conID: 3 locID: 105342088183152646 bcsId: 0 with exception org.apache.ratis.protocol.exceptions.StateMachineException: org.apache.hadoop.hdds.scm.container.common.helpers.ContainerNotOpenException from Server be1361e3-69b4-4f11-b723-c9a04e197c79@group-0A7006F194FA: Container 3 in CLOSED state
01:58:38.350 [grpc-default-executor-2] ERROR DNAudit - user=null | ip=null | op=WRITE_CHUNK {blockData=conID: 3 locID: 105342088183152646 bcsId: 0} | ret=FAILURE
org.apache.hadoop.hdds.scm.container.common.helpers.ContainerNotOpenException: Container 3 in CLOSED state
	at org.apache.hadoop.ozone.container.common.impl.HddsDispatcher.validateContainerCommand(HddsDispatcher.java:484) ~[hadoop-hdds-container-service-1.1.0-SNAPSHOT.jar:?]
	at org.apache.hadoop.ozone.container.common.transport.server.ratis.ContainerStateMachine.startTransaction(ContainerStateMachine.java:319) ~[hadoop-hdds-container-service-1.1.0-SNAPSHOT.jar:?]
	at org.apache.ratis.server.impl.RaftServerImpl.submitClientRequestAsync(RaftServerImpl.java:723) ~[ratis-server-1.1.0-913f5a4-SNAPSHOT.jar:1.1.0-913f5a4-SNAPSHOT]
	at org.apache.ratis.server.impl.RaftServerProxy.lambda$submitClientRequestAsync$7(RaftServerProxy.java:364) ~[ratis-server-1.1.0-913f5a4-SNAPSHOT.jar:1.1.0-913f5a4-SNAPSHOT]
	at org.apache.ratis.server.impl.RaftServerProxy.lambda$null$5(RaftServerProxy.java:359) ~[ratis-server-1.1.0-913f5a4-SNAPSHOT.jar:1.1.0-913f5a4-SNAPSHOT]
	at org.apache.ratis.util.JavaUtils.callAsUnchecked(JavaUtils.java:116) ~[ratis-common-1.1.0-913f5a4-SNAPSHOT.jar:1.1.0-913f5a4-SNAPSHOT]
	at org.apache.ratis.server.impl.RaftServerProxy.lambda$submitRequest$6(RaftServerProxy.java:359) ~[ratis-server-1.1.0-913f5a4-SNAPSHOT.jar:1.1.0-913f5a4-SNAPSHOT]
	at java.util.concurrent.CompletableFuture.uniComposeStage(CompletableFuture.java:995) ~[?:1.8.0_232]
	at java.util.concurrent.CompletableFuture.thenCompose(CompletableFuture.java:2137) ~[?:1.8.0_232]
	at org.apache.ratis.server.impl.RaftServerProxy.submitRequest(RaftServerProxy.java:358) ~[ratis-server-1.1.0-913f5a4-SNAPSHOT.jar:1.1.0-913f5a4-SNAPSHOT]
	at org.apache.ratis.server.impl.RaftServerProxy.submitClientRequestAsync(RaftServerProxy.java:364) ~[ratis-server-1.1.0-913f5a4-SNAPSHOT.jar:1.1.0-913f5a4-SNAPSHOT]
	at org.apache.ratis.grpc.client.GrpcClientProtocolService$RequestStreamObserver.processClientRequest(GrpcClientProtocolService.java:231) ~[ratis-grpc-1.1.0-913f5a4-SNAPSHOT.jar:1.1.0-913f5a4-SNAPSHOT]
	at org.apache.ratis.grpc.client.GrpcClientProtocolService$OrderedRequestStreamObserver.processClientRequest(GrpcClientProtocolService.java:337) ~[ratis-grpc-1.1.0-913f5a4-SNAPSHOT.jar:1.1.0-913f5a4-SNAPSHOT]
	at org.apache.ratis.util.SlidingWindow$Server.processRequestsFromHead(SlidingWindow.java:429) [ratis-common-1.1.0-913f5a4-SNAPSHOT.jar:1.1.0-913f5a4-SNAPSHOT]
	at org.apache.ratis.util.SlidingWindow$Server.receivedRequest(SlidingWindow.java:421) [ratis-common-1.1.0-913f5a4-SNAPSHOT.jar:1.1.0-913f5a4-SNAPSHOT]
	at org.apache.ratis.grpc.client.GrpcClientProtocolService$OrderedRequestStreamObserver.processClientRequest(GrpcClientProtocolService.java:361) [ratis-grpc-1.1.0-913f5a4-SNAPSHOT.jar:1.1.0-913f5a4-SNAPSHOT]
	at org.apache.ratis.grpc.client.GrpcClientProtocolService$RequestStreamObserver.onNext(GrpcClientProtocolService.java:251) [ratis-grpc-1.1.0-913f5a4-SNAPSHOT.jar:1.1.0-913f5a4-SNAPSHOT]
	at org.apache.ratis.grpc.client.GrpcClientProtocolService$RequestStreamObserver.onNext(GrpcClientProtocolService.java:174) [ratis-grpc-1.1.0-913f5a4-SNAPSHOT.jar:1.1.0-913f5a4-SNAPSHOT]
	at org.apache.ratis.thirdparty.io.grpc.stub.ServerCalls$StreamingServerCallHandler$StreamingServerCallListener.onMessage(ServerCalls.java:251) [ratis-thirdparty-misc-0.6.0-SNAPSHOT.jar:0.6.0-SNAPSHOT]
	at org.apache.ratis.thirdparty.io.grpc.ForwardingServerCallListener.onMessage(ForwardingServerCallListener.java:33) [ratis-thirdparty-misc-0.6.0-SNAPSHOT.jar:0.6.0-SNAPSHOT]
	at org.apache.ratis.thirdparty.io.grpc.internal.ServerCallImpl$ServerStreamListenerImpl.messagesAvailableInternal(ServerCallImpl.java:309) [ratis-thirdparty-misc-0.6.0-SNAPSHOT.jar:0.6.0-SNAPSHOT]
	at org.apache.ratis.thirdparty.io.grpc.internal.ServerCallImpl$ServerStreamListenerImpl.messagesAvailable(ServerCallImpl.java:292) [ratis-thirdparty-misc-0.6.0-SNAPSHOT.jar:0.6.0-SNAPSHOT]
	at org.apache.ratis.thirdparty.io.grpc.internal.ServerImpl$JumpToApplicationThreadServerStreamListener$1MessagesAvailable.runInContext(ServerImpl.java:783) [ratis-thirdparty-misc-0.6.0-SNAPSHOT.jar:0.6.0-SNAPSHOT]
	at org.apache.ratis.thirdparty.io.grpc.internal.ContextRunnable.run(ContextRunnable.java:37) [ratis-thirdparty-misc-0.6.0-SNAPSHOT.jar:0.6.0-SNAPSHOT]
	at org.apache.ratis.thirdparty.io.grpc.internal.SerializingExecutor.run(SerializingExecutor.java:123) [ratis-thirdparty-misc-0.6.0-SNAPSHOT.jar:0.6.0-SNAPSHOT]
	at java.util.concurrent.ThreadPoolExecutor.runWorker(ThreadPoolExecutor.java:1149) [?:1.8.0_232]
	at java.util.concurrent.ThreadPoolExecutor$Worker.run(ThreadPoolExecutor.java:624) [?:1.8.0_232]
	at java.lang.Thread.run(Thread.java:748) [?:1.8.0_232]
01:58:38.351 [grpc-default-executor-2] ERROR DNAudit - user=null | ip=null | op=PUT_BLOCK {blockData=[blockId=conID: 3 locID: 105342088183152646 bcsId: 0,size=400]} | ret=FAILURE
org.apache.hadoop.hdds.scm.container.common.helpers.ContainerNotOpenException: Container 3 in CLOSED state
	at org.apache.hadoop.ozone.container.common.impl.HddsDispatcher.validateContainerCommand(HddsDispatcher.java:484) ~[hadoop-hdds-container-service-1.1.0-SNAPSHOT.jar:?]
	at org.apache.hadoop.ozone.container.common.transport.server.ratis.ContainerStateMachine.startTransaction(ContainerStateMachine.java:319) ~[hadoop-hdds-container-service-1.1.0-SNAPSHOT.jar:?]
	at org.apache.ratis.server.impl.RaftServerImpl.submitClientRequestAsync(RaftServerImpl.java:723) ~[ratis-server-1.1.0-913f5a4-SNAPSHOT.jar:1.1.0-913f5a4-SNAPSHOT]
	at org.apache.ratis.server.impl.RaftServerProxy.lambda$submitClientRequestAsync$7(RaftServerProxy.java:364) ~[ratis-server-1.1.0-913f5a4-SNAPSHOT.jar:1.1.0-913f5a4-SNAPSHOT]
	at org.apache.ratis.server.impl.RaftServerProxy.lambda$null$5(RaftServerProxy.java:359) ~[ratis-server-1.1.0-913f5a4-SNAPSHOT.jar:1.1.0-913f5a4-SNAPSHOT]
	at org.apache.ratis.util.JavaUtils.callAsUnchecked(JavaUtils.java:116) ~[ratis-common-1.1.0-913f5a4-SNAPSHOT.jar:1.1.0-913f5a4-SNAPSHOT]
	at org.apache.ratis.server.impl.RaftServerProxy.lambda$submitRequest$6(RaftServerProxy.java:359) ~[ratis-server-1.1.0-913f5a4-SNAPSHOT.jar:1.1.0-913f5a4-SNAPSHOT]
	at java.util.concurrent.CompletableFuture.uniComposeStage(CompletableFuture.java:995) ~[?:1.8.0_232]
	at java.util.concurrent.CompletableFuture.thenCompose(CompletableFuture.java:2137) ~[?:1.8.0_232]
	at org.apache.ratis.server.impl.RaftServerProxy.submitRequest(RaftServerProxy.java:358) ~[ratis-server-1.1.0-913f5a4-SNAPSHOT.jar:1.1.0-913f5a4-SNAPSHOT]
	at org.apache.ratis.server.impl.RaftServerProxy.submitClientRequestAsync(RaftServerProxy.java:364) ~[ratis-server-1.1.0-913f5a4-SNAPSHOT.jar:1.1.0-913f5a4-SNAPSHOT]
	at org.apache.ratis.grpc.client.GrpcClientProtocolService$RequestStreamObserver.processClientRequest(GrpcClientProtocolService.java:231) ~[ratis-grpc-1.1.0-913f5a4-SNAPSHOT.jar:1.1.0-913f5a4-SNAPSHOT]
	at org.apache.ratis.grpc.client.GrpcClientProtocolService$OrderedRequestStreamObserver.processClientRequest(GrpcClientProtocolService.java:337) ~[ratis-grpc-1.1.0-913f5a4-SNAPSHOT.jar:1.1.0-913f5a4-SNAPSHOT]
	at org.apache.ratis.util.SlidingWindow$Server.processRequestsFromHead(SlidingWindow.java:429) [ratis-common-1.1.0-913f5a4-SNAPSHOT.jar:1.1.0-913f5a4-SNAPSHOT]
	at org.apache.ratis.util.SlidingWindow$Server.receivedRequest(SlidingWindow.java:421) [ratis-common-1.1.0-913f5a4-SNAPSHOT.jar:1.1.0-913f5a4-SNAPSHOT]
	at org.apache.ratis.grpc.client.GrpcClientProtocolService$OrderedRequestStreamObserver.processClientRequest(GrpcClientProtocolService.java:361) [ratis-grpc-1.1.0-913f5a4-SNAPSHOT.jar:1.1.0-913f5a4-SNAPSHOT]
	at org.apache.ratis.grpc.client.GrpcClientProtocolService$RequestStreamObserver.onNext(GrpcClientProtocolService.java:251) [ratis-grpc-1.1.0-913f5a4-SNAPSHOT.jar:1.1.0-913f5a4-SNAPSHOT]
	at org.apache.ratis.grpc.client.GrpcClientProtocolService$RequestStreamObserver.onNext(GrpcClientProtocolService.java:174) [ratis-grpc-1.1.0-913f5a4-SNAPSHOT.jar:1.1.0-913f5a4-SNAPSHOT]
	at org.apache.ratis.thirdparty.io.grpc.stub.ServerCalls$StreamingServerCallHandler$StreamingServerCallListener.onMessage(ServerCalls.java:251) [ratis-thirdparty-misc-0.6.0-SNAPSHOT.jar:0.6.0-SNAPSHOT]
	at org.apache.ratis.thirdparty.io.grpc.ForwardingServerCallListener.onMessage(ForwardingServerCallListener.java:33) [ratis-thirdparty-misc-0.6.0-SNAPSHOT.jar:0.6.0-SNAPSHOT]
	at org.apache.ratis.thirdparty.io.grpc.internal.ServerCallImpl$ServerStreamListenerImpl.messagesAvailableInternal(ServerCallImpl.java:309) [ratis-thirdparty-misc-0.6.0-SNAPSHOT.jar:0.6.0-SNAPSHOT]
	at org.apache.ratis.thirdparty.io.grpc.internal.ServerCallImpl$ServerStreamListenerImpl.messagesAvailable(ServerCallImpl.java:292) [ratis-thirdparty-misc-0.6.0-SNAPSHOT.jar:0.6.0-SNAPSHOT]
	at org.apache.ratis.thirdparty.io.grpc.internal.ServerImpl$JumpToApplicationThreadServerStreamListener$1MessagesAvailable.runInContext(ServerImpl.java:783) [ratis-thirdparty-misc-0.6.0-SNAPSHOT.jar:0.6.0-SNAPSHOT]
	at org.apache.ratis.thirdparty.io.grpc.internal.ContextRunnable.run(ContextRunnable.java:37) [ratis-thirdparty-misc-0.6.0-SNAPSHOT.jar:0.6.0-SNAPSHOT]
	at org.apache.ratis.thirdparty.io.grpc.internal.SerializingExecutor.run(SerializingExecutor.java:123) [ratis-thirdparty-misc-0.6.0-SNAPSHOT.jar:0.6.0-SNAPSHOT]
	at java.util.concurrent.ThreadPoolExecutor.runWorker(ThreadPoolExecutor.java:1149) [?:1.8.0_232]
	at java.util.concurrent.ThreadPoolExecutor$Worker.run(ThreadPoolExecutor.java:624) [?:1.8.0_232]
	at java.lang.Thread.run(Thread.java:748) [?:1.8.0_232]
2020-12-08 01:58:38,368 [grpc-default-executor-2] ERROR storage.BlockOutputStream (BlockOutputStream.java:lambda$writeChunkToContainer$3(677)) - writing chunk failed 105342088183152646_chunk_3 blockID conID: 3 locID: 105342088183152646 bcsId: 0 with exception org.apache.ratis.protocol.exceptions.StateMachineException: org.apache.hadoop.hdds.scm.container.common.helpers.ContainerNotOpenException from Server be1361e3-69b4-4f11-b723-c9a04e197c79@group-0A7006F194FA: Container 3 in CLOSED state
2020-12-08 01:58:38,370 [grpc-default-executor-2] ERROR storage.BlockOutputStream (BlockOutputStream.java:lambda$writeChunkToContainer$3(677)) - writing chunk failed 105342088183152646_chunk_4 blockID conID: 3 locID: 105342088183152646 bcsId: 0 with exception org.apache.ratis.protocol.exceptions.StateMachineException: org.apache.hadoop.hdds.scm.container.common.helpers.ContainerNotOpenException from Server be1361e3-69b4-4f11-b723-c9a04e197c79@group-0A7006F194FA: Container 3 in CLOSED state
2020-12-08 01:58:38,375 [Listener at 127.0.0.1/34557] INFO  io.BlockOutputStreamEntryPool (BlockOutputStreamEntryPool.java:allocateNewBlock(241)) - Allocating block with ExcludeList {datanodes = [], containerIds = [#1, #2, #3], pipelineIds = []}
2020-12-08 01:58:38,391 [Listener at 127.0.0.1/34557] INFO  metrics.RatisMetrics (RatisMetrics.java:lambda$create$0(36)) - Creating Metrics Registry : ratis.client_message_metrics.client-F73D99C8EF39->ab1d11b0-5e74-4d38-b665-6acb1b1e4e59
2020-12-08 01:58:38,489 [Listener at 127.0.0.1/34557] INFO  ozone.MiniOzoneClusterImpl (MiniOzoneClusterImpl.java:shutdown(388)) - Shutting down the Mini Ozone Cluster
2020-12-08 01:58:38,490 [Listener at 127.0.0.1/34557] INFO  ozone.MiniOzoneClusterImpl (MiniOzoneClusterImpl.java:stop(403)) - Stopping the Mini Ozone Cluster
2020-12-08 01:58:38,490 [Listener at 127.0.0.1/34557] INFO  ozone.MiniOzoneClusterImpl (MiniOzoneClusterImpl.java:stopOM(485)) - Stopping the OzoneManager
2020-12-08 01:58:38,490 [Listener at 127.0.0.1/34557] INFO  ipc.Server (Server.java:stop(3359)) - Stopping server on 34557
2020-12-08 01:58:38,496 [Listener at 127.0.0.1/34557] INFO  ratis.OzoneManagerDoubleBuffer (OzoneManagerDoubleBuffer.java:stop(457)) - Stopping OMDoubleBuffer flush thread
2020-12-08 01:58:38,496 [IPC Server Responder] INFO  ipc.Server (Server.java:run(1465)) - Stopping IPC Server Responder
2020-12-08 01:58:38,496 [OMDoubleBufferFlushThread] INFO  ratis.OzoneManagerDoubleBuffer (OzoneManagerDoubleBuffer.java:flushTransactions(356)) - OMDoubleBuffer flush thread OMDoubleBufferFlushThread is interrupted and will exit. OMDoubleBufferFlushThread
2020-12-08 01:58:38,496 [IPC Server listener on 0] INFO  ipc.Server (Server.java:run(1330)) - Stopping IPC Server listener on 0
2020-12-08 01:58:38,497 [Listener at 127.0.0.1/34557] INFO  utils.BackgroundService (BackgroundService.java:shutdown(132)) - Shutting down service KeyDeletingService
2020-12-08 01:58:38,497 [Listener at 127.0.0.1/34557] INFO  handler.ContextHandler (ContextHandler.java:doStop(1154)) - Stopped o.e.j.w.WebAppContext@663d7ed{ozoneManager,/,null,STOPPED}{file:/github/workspace/mnt/ozone/hadoop-ozone/integration-test/target/test-classes/webapps/ozoneManager}
2020-12-08 01:58:38,499 [Listener at 127.0.0.1/34557] INFO  server.AbstractConnector (AbstractConnector.java:doStop(381)) - Stopped ServerConnector@14bf392{HTTP/1.1, (http/1.1)}{0.0.0.0:0}
2020-12-08 01:58:38,499 [Listener at 127.0.0.1/34557] INFO  server.session (HouseKeeper.java:stopScavenging(149)) - node0 Stopped scavenging
2020-12-08 01:58:38,499 [Listener at 127.0.0.1/34557] INFO  handler.ContextHandler (ContextHandler.java:doStop(1154)) - Stopped o.e.j.s.ServletContextHandler@328b1271{static,/static,file:///github/workspace/mnt/ozone/hadoop-ozone/integration-test/target/test-classes/webapps/static,STOPPED}
2020-12-08 01:58:38,500 [Listener at 127.0.0.1/34557] INFO  handler.ContextHandler (ContextHandler.java:doStop(1154)) - Stopped o.e.j.s.ServletContextHandler@179780ae{logs,/logs,file:///github/workspace/mnt/ozone/hadoop-ozone/integration-test/target/log,STOPPED}
2020-12-08 01:58:38,503 [Listener at 127.0.0.1/34557] INFO  ozone.MiniOzoneClusterImpl (MiniOzoneClusterImpl.java:stopDatanodes(462)) - Stopping the HddsDatanodes
2020-12-08 01:58:38,692 [Datanode State Machine Thread - 0] INFO  statemachine.DatanodeStateMachine (DatanodeStateMachine.java:lambda$startDaemon$0(408)) - Ozone container server started.
2020-12-08 01:58:38,951 [Datanode State Machine Thread - 0] INFO  statemachine.DatanodeStateMachine (DatanodeStateMachine.java:lambda$startDaemon$0(408)) - Ozone container server started.
2020-12-08 01:58:43,504 [Listener at 127.0.0.1/34557] INFO  ozoneimpl.OzoneContainer (OzoneContainer.java:stop(257)) - Attempting to stop container services.
2020-12-08 01:58:43,505 [ForkJoinPool.commonPool-worker-0] INFO  ozoneimpl.OzoneContainer (OzoneContainer.java:stop(257)) - Attempting to stop container services.
2020-12-08 01:58:43,505 [Listener at 127.0.0.1/34557] INFO  impl.RaftServerProxy (RaftServerProxy.java:lambda$close$4(338)) - 39945dd8-822d-49dd-8781-4af99b069674: close
2020-12-08 01:58:43,505 [Listener at 127.0.0.1/34557] INFO  impl.RaftServerImpl (RaftServerImpl.java:lambda$shutdown$3(328)) - 39945dd8-822d-49dd-8781-4af99b069674@group-7285C38FD8BA: shutdown
2020-12-08 01:58:43,506 [Listener at 127.0.0.1/34557] INFO  util.JmxRegister (JmxRegister.java:unregister(73)) - Successfully un-registered JMX Bean with object name Ratis:service=RaftServer,group=group-7285C38FD8BA,id=39945dd8-822d-49dd-8781-4af99b069674
2020-12-08 01:58:43,506 [Listener at 127.0.0.1/34557] INFO  impl.RoleInfo (RoleInfo.java:shutdownLeaderState(104)) - 39945dd8-822d-49dd-8781-4af99b069674: shutdown 39945dd8-822d-49dd-8781-4af99b069674@group-7285C38FD8BA-LeaderState
2020-12-08 01:58:43,506 [Listener at 127.0.0.1/34557] INFO  impl.PendingRequests (PendingRequests.java:sendNotLeaderResponses(250)) - 39945dd8-822d-49dd-8781-4af99b069674@group-7285C38FD8BA-PendingRequests: sendNotLeaderResponses
2020-12-08 01:58:43,506 [ForkJoinPool.commonPool-worker-0] INFO  impl.RaftServerProxy (RaftServerProxy.java:lambda$close$4(338)) - 77c31ea0-0b12-4fcd-af92-232a93661e69: close
2020-12-08 01:58:43,506 [ForkJoinPool.commonPool-worker-0] INFO  impl.RaftServerImpl (RaftServerImpl.java:lambda$shutdown$3(328)) - 77c31ea0-0b12-4fcd-af92-232a93661e69@group-63A25DF52E68: shutdown
2020-12-08 01:58:43,506 [Listener at 127.0.0.1/34557] INFO  metrics.RatisMetrics (RatisMetrics.java:unregister(43)) - Unregistering Metrics Registry : ratis.log_appender.39945dd8-822d-49dd-8781-4af99b069674@group-7285C38FD8BA
2020-12-08 01:58:43,506 [ForkJoinPool.commonPool-worker-0] INFO  util.JmxRegister (JmxRegister.java:unregister(73)) - Successfully un-registered JMX Bean with object name Ratis:service=RaftServer,group=group-63A25DF52E68,id=77c31ea0-0b12-4fcd-af92-232a93661e69
2020-12-08 01:58:43,507 [ForkJoinPool.commonPool-worker-0] INFO  impl.RoleInfo (RoleInfo.java:shutdownLeaderState(104)) - 77c31ea0-0b12-4fcd-af92-232a93661e69: shutdown 77c31ea0-0b12-4fcd-af92-232a93661e69@group-63A25DF52E68-LeaderState
2020-12-08 01:58:43,507 [Listener at 127.0.0.1/34557] INFO  metrics.RatisMetrics (RatisMetrics.java:unregister(43)) - Unregistering Metrics Registry : ratis.server.39945dd8-822d-49dd-8781-4af99b069674@group-7285C38FD8BA
2020-12-08 01:58:43,507 [ForkJoinPool.commonPool-worker-0] INFO  impl.PendingRequests (PendingRequests.java:sendNotLeaderResponses(250)) - 77c31ea0-0b12-4fcd-af92-232a93661e69@group-63A25DF52E68-PendingRequests: sendNotLeaderResponses
2020-12-08 01:58:43,507 [ForkJoinPool.commonPool-worker-0] INFO  metrics.RatisMetrics (RatisMetrics.java:unregister(43)) - Unregistering Metrics Registry : ratis.log_appender.77c31ea0-0b12-4fcd-af92-232a93661e69@group-63A25DF52E68
2020-12-08 01:58:43,507 [ForkJoinPool.commonPool-worker-0] INFO  metrics.RatisMetrics (RatisMetrics.java:unregister(43)) - Unregistering Metrics Registry : ratis.server.77c31ea0-0b12-4fcd-af92-232a93661e69@group-63A25DF52E68
2020-12-08 01:58:43,508 [Listener at 127.0.0.1/34557] INFO  impl.StateMachineUpdater (StateMachineUpdater.java:stopAndJoin(147)) - 39945dd8-822d-49dd-8781-4af99b069674@group-7285C38FD8BA-StateMachineUpdater: set stopIndex = 0
2020-12-08 01:58:43,510 [39945dd8-822d-49dd-8781-4af99b069674@group-7285C38FD8BA-StateMachineUpdater] INFO  ratis.ContainerStateMachine (ContainerStateMachine.java:takeSnapshot(293)) - group-7285C38FD8BA: Taking a snapshot at:(t:1, i:0) file /github/workspace/mnt/ozone/hadoop-ozone/integration-test/target/test-dir/MiniOzoneClusterImpl-fe278d26-eb6d-413e-b3f8-43e11913de58/datanode-4/data/ratis/11a47e58-9875-4042-886f-7285c38fd8ba/sm/snapshot.1_0
2020-12-08 01:58:43,510 [77c31ea0-0b12-4fcd-af92-232a93661e69@group-63A25DF52E68-StateMachineUpdater] INFO  ratis.ContainerStateMachine (ContainerStateMachine.java:takeSnapshot(293)) - group-63A25DF52E68: Taking a snapshot at:(t:1, i:0) file /github/workspace/mnt/ozone/hadoop-ozone/integration-test/target/test-dir/MiniOzoneClusterImpl-fe278d26-eb6d-413e-b3f8-43e11913de58/datanode-1/data/ratis/a1e0072c-227c-4153-b6a4-63a25df52e68/sm/snapshot.1_0
2020-12-08 01:58:43,510 [ForkJoinPool.commonPool-worker-0] INFO  impl.StateMachineUpdater (StateMachineUpdater.java:stopAndJoin(147)) - 77c31ea0-0b12-4fcd-af92-232a93661e69@group-63A25DF52E68-StateMachineUpdater: set stopIndex = 0
2020-12-08 01:58:43,511 [39945dd8-822d-49dd-8781-4af99b069674@group-7285C38FD8BA-StateMachineUpdater] INFO  ratis.ContainerStateMachine (ContainerStateMachine.java:takeSnapshot(304)) - group-7285C38FD8BA: Finished taking a snapshot at:(t:1, i:0) file:/github/workspace/mnt/ozone/hadoop-ozone/integration-test/target/test-dir/MiniOzoneClusterImpl-fe278d26-eb6d-413e-b3f8-43e11913de58/datanode-4/data/ratis/11a47e58-9875-4042-886f-7285c38fd8ba/sm/snapshot.1_0 time:1
2020-12-08 01:58:43,511 [39945dd8-822d-49dd-8781-4af99b069674@group-7285C38FD8BA-StateMachineUpdater] INFO  impl.StateMachineUpdater (StateMachineUpdater.java:takeSnapshot(278)) - 39945dd8-822d-49dd-8781-4af99b069674@group-7285C38FD8BA-StateMachineUpdater: Took a snapshot at index 0
2020-12-08 01:58:43,511 [39945dd8-822d-49dd-8781-4af99b069674@group-7285C38FD8BA-StateMachineUpdater] INFO  impl.StateMachineUpdater (StateMachineUpdater.java:lambda$new$0(87)) - 39945dd8-822d-49dd-8781-4af99b069674@group-7285C38FD8BA-StateMachineUpdater: snapshotIndex: updateIncreasingly -1 -> 0
2020-12-08 01:58:43,511 [39945dd8-822d-49dd-8781-4af99b069674@group-7285C38FD8BA-StateMachineUpdater] INFO  metrics.RatisMetrics (RatisMetrics.java:unregister(43)) - Unregistering Metrics Registry : ratis.state_machine.39945dd8-822d-49dd-8781-4af99b069674@group-7285C38FD8BA
2020-12-08 01:58:43,511 [Listener at 127.0.0.1/34557] INFO  impl.RaftServerImpl (ServerState.java:close(406)) - 39945dd8-822d-49dd-8781-4af99b069674@group-7285C38FD8BA: closes. applyIndex: 0
2020-12-08 01:58:43,511 [77c31ea0-0b12-4fcd-af92-232a93661e69@group-63A25DF52E68-StateMachineUpdater] INFO  ratis.ContainerStateMachine (ContainerStateMachine.java:takeSnapshot(304)) - group-63A25DF52E68: Finished taking a snapshot at:(t:1, i:0) file:/github/workspace/mnt/ozone/hadoop-ozone/integration-test/target/test-dir/MiniOzoneClusterImpl-fe278d26-eb6d-413e-b3f8-43e11913de58/datanode-1/data/ratis/a1e0072c-227c-4153-b6a4-63a25df52e68/sm/snapshot.1_0 time:1
2020-12-08 01:58:43,512 [77c31ea0-0b12-4fcd-af92-232a93661e69@group-63A25DF52E68-StateMachineUpdater] INFO  impl.StateMachineUpdater (StateMachineUpdater.java:takeSnapshot(278)) - 77c31ea0-0b12-4fcd-af92-232a93661e69@group-63A25DF52E68-StateMachineUpdater: Took a snapshot at index 0
2020-12-08 01:58:43,512 [77c31ea0-0b12-4fcd-af92-232a93661e69@group-63A25DF52E68-StateMachineUpdater] INFO  impl.StateMachineUpdater (StateMachineUpdater.java:lambda$new$0(87)) - 77c31ea0-0b12-4fcd-af92-232a93661e69@group-63A25DF52E68-StateMachineUpdater: snapshotIndex: updateIncreasingly -1 -> 0
2020-12-08 01:58:43,512 [77c31ea0-0b12-4fcd-af92-232a93661e69@group-63A25DF52E68-StateMachineUpdater] INFO  metrics.RatisMetrics (RatisMetrics.java:unregister(43)) - Unregistering Metrics Registry : ratis.state_machine.77c31ea0-0b12-4fcd-af92-232a93661e69@group-63A25DF52E68
2020-12-08 01:58:43,512 [ForkJoinPool.commonPool-worker-0] INFO  impl.RaftServerImpl (ServerState.java:close(406)) - 77c31ea0-0b12-4fcd-af92-232a93661e69@group-63A25DF52E68: closes. applyIndex: 0
2020-12-08 01:58:43,513 [77c31ea0-0b12-4fcd-af92-232a93661e69@group-63A25DF52E68-SegmentedRaftLogWorker] INFO  segmented.SegmentedRaftLogWorker (SegmentedRaftLogWorker.java:run(329)) - 77c31ea0-0b12-4fcd-af92-232a93661e69@group-63A25DF52E68-SegmentedRaftLogWorker was interrupted, exiting. There are 0 tasks remaining in the queue.
2020-12-08 01:58:43,513 [39945dd8-822d-49dd-8781-4af99b069674@group-7285C38FD8BA-SegmentedRaftLogWorker] INFO  segmented.SegmentedRaftLogWorker (SegmentedRaftLogWorker.java:run(329)) - 39945dd8-822d-49dd-8781-4af99b069674@group-7285C38FD8BA-SegmentedRaftLogWorker was interrupted, exiting. There are 0 tasks remaining in the queue.
2020-12-08 01:58:43,513 [Listener at 127.0.0.1/34557] INFO  segmented.SegmentedRaftLogWorker (SegmentedRaftLogWorker.java:close(235)) - 39945dd8-822d-49dd-8781-4af99b069674@group-7285C38FD8BA-SegmentedRaftLogWorker close()
2020-12-08 01:58:43,513 [ForkJoinPool.commonPool-worker-0] INFO  segmented.SegmentedRaftLogWorker (SegmentedRaftLogWorker.java:close(235)) - 77c31ea0-0b12-4fcd-af92-232a93661e69@group-63A25DF52E68-SegmentedRaftLogWorker close()
2020-12-08 01:58:43,515 [Listener at 127.0.0.1/34557] INFO  metrics.RatisMetrics (RatisMetrics.java:unregister(43)) - Unregistering Metrics Registry : ratis.log_worker.39945dd8-822d-49dd-8781-4af99b069674@group-7285C38FD8BA
2020-12-08 01:58:43,516 [ForkJoinPool.commonPool-worker-0] INFO  metrics.RatisMetrics (RatisMetrics.java:unregister(43)) - Unregistering Metrics Registry : ratis.log_worker.77c31ea0-0b12-4fcd-af92-232a93661e69@group-63A25DF52E68
2020-12-08 01:58:43,516 [ForkJoinPool.commonPool-worker-0] INFO  metrics.RatisMetrics (RatisMetrics.java:unregister(43)) - Unregistering Metrics Registry : ratis.leader_election.77c31ea0-0b12-4fcd-af92-232a93661e69@group-63A25DF52E68
2020-12-08 01:58:43,516 [Listener at 127.0.0.1/34557] INFO  metrics.RatisMetrics (RatisMetrics.java:unregister(43)) - Unregistering Metrics Registry : ratis.leader_election.39945dd8-822d-49dd-8781-4af99b069674@group-7285C38FD8BA
2020-12-08 01:58:43,516 [Listener at 127.0.0.1/34557] INFO  metrics.RatisMetrics (RatisMetrics.java:unregister(43)) - Unregistering Metrics Registry : ratis.server.39945dd8-822d-49dd-8781-4af99b069674@group-7285C38FD8BA
2020-12-08 01:58:43,516 [ForkJoinPool.commonPool-worker-0] INFO  metrics.RatisMetrics (RatisMetrics.java:unregister(43)) - Unregistering Metrics Registry : ratis.server.77c31ea0-0b12-4fcd-af92-232a93661e69@group-63A25DF52E68
2020-12-08 01:58:43,517 [ForkJoinPool.commonPool-worker-0] INFO  impl.RaftServerImpl (RaftServerImpl.java:lambda$shutdown$3(328)) - 77c31ea0-0b12-4fcd-af92-232a93661e69@group-2A5E937CD381: shutdown
2020-12-08 01:58:43,517 [Listener at 127.0.0.1/34557] INFO  impl.RaftServerImpl (RaftServerImpl.java:lambda$shutdown$3(328)) - 39945dd8-822d-49dd-8781-4af99b069674@group-BF2FC515E206: shutdown
2020-12-08 01:58:43,517 [ForkJoinPool.commonPool-worker-0] INFO  util.JmxRegister (JmxRegister.java:unregister(73)) - Successfully un-registered JMX Bean with object name Ratis:service=RaftServer,group=group-2A5E937CD381,id=77c31ea0-0b12-4fcd-af92-232a93661e69
2020-12-08 01:58:43,517 [ForkJoinPool.commonPool-worker-0] INFO  impl.RoleInfo (RoleInfo.java:shutdownLeaderState(104)) - 77c31ea0-0b12-4fcd-af92-232a93661e69: shutdown 77c31ea0-0b12-4fcd-af92-232a93661e69@group-2A5E937CD381-LeaderState
2020-12-08 01:58:43,517 [ForkJoinPool.commonPool-worker-0] INFO  metrics.RatisMetrics (RatisMetrics.java:unregister(43)) - Unregistering Metrics Registry : ratis_grpc.log_appender.77c31ea0-0b12-4fcd-af92-232a93661e69@group-2A5E937CD381
2020-12-08 01:58:43,518 [ForkJoinPool.commonPool-worker-0] INFO  metrics.RatisMetrics (RatisMetrics.java:unregister(43)) - Unregistering Metrics Registry : ratis_grpc.log_appender.77c31ea0-0b12-4fcd-af92-232a93661e69@group-2A5E937CD381
2020-12-08 01:58:43,518 [org.apache.ratis.server.impl.LogAppender$AppenderDaemon$$Lambda$506/227285228@14d9dc44] WARN  server.GrpcLogAppender (GrpcLogAppender.java:mayWait(168)) - 77c31ea0-0b12-4fcd-af92-232a93661e69@group-2A5E937CD381->c512f228-7a92-4ae7-b739-1627a2a73a2a-GrpcLogAppender: Wait interrupted by java.lang.InterruptedException
2020-12-08 01:58:43,518 [Listener at 127.0.0.1/34557] INFO  util.JmxRegister (JmxRegister.java:unregister(73)) - Successfully un-registered JMX Bean with object name Ratis:service=RaftServer,group=group-BF2FC515E206,id=39945dd8-822d-49dd-8781-4af99b069674
2020-12-08 01:58:43,519 [Listener at 127.0.0.1/34557] INFO  impl.RoleInfo (RoleInfo.java:shutdownFollowerState(121)) - 39945dd8-822d-49dd-8781-4af99b069674: shutdown 39945dd8-822d-49dd-8781-4af99b069674@group-BF2FC515E206-FollowerState
2020-12-08 01:58:43,519 [Thread-668] INFO  impl.FollowerState (FollowerState.java:run(137)) - 39945dd8-822d-49dd-8781-4af99b069674@group-BF2FC515E206-FollowerState was interrupted: {}
java.lang.InterruptedException: sleep interrupted
	at java.lang.Thread.sleep(Native Method)
	at org.apache.ratis.util.JavaUtils.sleep(JavaUtils.java:250)
	at org.apache.ratis.server.impl.FollowerState.run(FollowerState.java:116)
2020-12-08 01:58:43,519 [39945dd8-822d-49dd-8781-4af99b069674@group-BF2FC515E206-StateMachineUpdater] INFO  ratis.ContainerStateMachine (ContainerStateMachine.java:takeSnapshot(293)) - group-BF2FC515E206: Taking a snapshot at:(t:1, i:0) file /github/workspace/mnt/ozone/hadoop-ozone/integration-test/target/test-dir/MiniOzoneClusterImpl-fe278d26-eb6d-413e-b3f8-43e11913de58/datanode-4/data/ratis/0cddbc73-56c6-4de8-8b06-bf2fc515e206/sm/snapshot.1_0
2020-12-08 01:58:43,519 [Listener at 127.0.0.1/34557] INFO  impl.StateMachineUpdater (StateMachineUpdater.java:stopAndJoin(147)) - 39945dd8-822d-49dd-8781-4af99b069674@group-BF2FC515E206-StateMachineUpdater: set stopIndex = 0
2020-12-08 01:58:43,518 [ForkJoinPool.commonPool-worker-0] INFO  impl.PendingRequests (PendingRequests.java:sendNotLeaderResponses(250)) - 77c31ea0-0b12-4fcd-af92-232a93661e69@group-2A5E937CD381-PendingRequests: sendNotLeaderResponses
2020-12-08 01:58:43,518 [grpc-default-executor-2] INFO  server.GrpcServerProtocolService (GrpcServerProtocolService.java:onCompleted(138)) - c512f228-7a92-4ae7-b739-1627a2a73a2a: Completed APPEND_ENTRIES, lastRequest: 77c31ea0-0b12-4fcd-af92-232a93661e69->c512f228-7a92-4ae7-b739-1627a2a73a2a#1-t1, previous=(t:0, i:0), leaderCommit=0, initializing? false, entries: size=1, first=(t:1, i:0), CONFIGURATIONENTRY
2020-12-08 01:58:43,520 [grpc-default-executor-0] INFO  server.GrpcLogAppender (GrpcLogAppender.java:onCompleted(337)) - 77c31ea0-0b12-4fcd-af92-232a93661e69@group-2A5E937CD381->c512f228-7a92-4ae7-b739-1627a2a73a2a-AppendLogResponseHandler: follower responses appendEntries COMPLETED
2020-12-08 01:58:43,521 [grpc-default-executor-0] INFO  impl.FollowerInfo (FollowerInfo.java:lambda$new$0(51)) - 77c31ea0-0b12-4fcd-af92-232a93661e69@group-2A5E937CD381->c512f228-7a92-4ae7-b739-1627a2a73a2a: nextIndex: updateUnconditionally 1 -> 0
2020-12-08 01:58:43,521 [39945dd8-822d-49dd-8781-4af99b069674@group-BF2FC515E206-StateMachineUpdater] INFO  ratis.ContainerStateMachine (ContainerStateMachine.java:takeSnapshot(304)) - group-BF2FC515E206: Finished taking a snapshot at:(t:1, i:0) file:/github/workspace/mnt/ozone/hadoop-ozone/integration-test/target/test-dir/MiniOzoneClusterImpl-fe278d26-eb6d-413e-b3f8-43e11913de58/datanode-4/data/ratis/0cddbc73-56c6-4de8-8b06-bf2fc515e206/sm/snapshot.1_0 time:2
2020-12-08 01:58:43,521 [org.apache.ratis.server.impl.LogAppender$AppenderDaemon$$Lambda$506/227285228@3f48f91d] WARN  server.GrpcLogAppender (GrpcLogAppender.java:mayWait(168)) - 77c31ea0-0b12-4fcd-af92-232a93661e69@group-2A5E937CD381->4d7665c3-83ba-40ae-a15f-238c06fe965e-GrpcLogAppender: Wait interrupted by java.lang.InterruptedException
2020-12-08 01:58:43,521 [39945dd8-822d-49dd-8781-4af99b069674@group-BF2FC515E206-StateMachineUpdater] INFO  impl.StateMachineUpdater (StateMachineUpdater.java:takeSnapshot(278)) - 39945dd8-822d-49dd-8781-4af99b069674@group-BF2FC515E206-StateMachineUpdater: Took a snapshot at index 0
2020-12-08 01:58:43,521 [39945dd8-822d-49dd-8781-4af99b069674@group-BF2FC515E206-StateMachineUpdater] INFO  impl.StateMachineUpdater (StateMachineUpdater.java:lambda$new$0(87)) - 39945dd8-822d-49dd-8781-4af99b069674@group-BF2FC515E206-StateMachineUpdater: snapshotIndex: updateIncreasingly -1 -> 0
2020-12-08 01:58:43,521 [39945dd8-822d-49dd-8781-4af99b069674@group-BF2FC515E206-StateMachineUpdater] INFO  metrics.RatisMetrics (RatisMetrics.java:unregister(43)) - Unregistering Metrics Registry : ratis.state_machine.39945dd8-822d-49dd-8781-4af99b069674@group-BF2FC515E206
2020-12-08 01:58:43,524 [ForkJoinPool.commonPool-worker-0] INFO  metrics.RatisMetrics (RatisMetrics.java:unregister(43)) - Unregistering Metrics Registry : ratis.log_appender.77c31ea0-0b12-4fcd-af92-232a93661e69@group-2A5E937CD381
2020-12-08 01:58:43,524 [ForkJoinPool.commonPool-worker-0] INFO  metrics.RatisMetrics (RatisMetrics.java:unregister(43)) - Unregistering Metrics Registry : ratis.server.77c31ea0-0b12-4fcd-af92-232a93661e69@group-2A5E937CD381
2020-12-08 01:58:43,524 [grpc-default-executor-0] INFO  server.GrpcServerProtocolService (GrpcServerProtocolService.java:onCompleted(138)) - 4d7665c3-83ba-40ae-a15f-238c06fe965e: Completed APPEND_ENTRIES, lastRequest: 77c31ea0-0b12-4fcd-af92-232a93661e69->4d7665c3-83ba-40ae-a15f-238c06fe965e#1-t1, previous=(t:0, i:0), leaderCommit=0, initializing? false, entries: size=1, first=(t:1, i:0), CONFIGURATIONENTRY
2020-12-08 01:58:43,525 [ForkJoinPool.commonPool-worker-0] INFO  impl.StateMachineUpdater (StateMachineUpdater.java:stopAndJoin(147)) - 77c31ea0-0b12-4fcd-af92-232a93661e69@group-2A5E937CD381-StateMachineUpdater: set stopIndex = 0
2020-12-08 01:58:43,525 [77c31ea0-0b12-4fcd-af92-232a93661e69@group-2A5E937CD381-StateMachineUpdater] INFO  ratis.ContainerStateMachine (ContainerStateMachine.java:takeSnapshot(293)) - group-2A5E937CD381: Taking a snapshot at:(t:1, i:0) file /github/workspace/mnt/ozone/hadoop-ozone/integration-test/target/test-dir/MiniOzoneClusterImpl-fe278d26-eb6d-413e-b3f8-43e11913de58/datanode-1/data/ratis/c767db6c-927c-4df9-a0a1-2a5e937cd381/sm/snapshot.1_0
2020-12-08 01:58:43,526 [grpc-default-executor-2] INFO  server.GrpcLogAppender (GrpcLogAppender.java:onCompleted(337)) - 77c31ea0-0b12-4fcd-af92-232a93661e69@group-2A5E937CD381->4d7665c3-83ba-40ae-a15f-238c06fe965e-AppendLogResponseHandler: follower responses appendEntries COMPLETED
2020-12-08 01:58:43,526 [77c31ea0-0b12-4fcd-af92-232a93661e69@group-2A5E937CD381-StateMachineUpdater] INFO  ratis.ContainerStateMachine (ContainerStateMachine.java:takeSnapshot(304)) - group-2A5E937CD381: Finished taking a snapshot at:(t:1, i:0) file:/github/workspace/mnt/ozone/hadoop-ozone/integration-test/target/test-dir/MiniOzoneClusterImpl-fe278d26-eb6d-413e-b3f8-43e11913de58/datanode-1/data/ratis/c767db6c-927c-4df9-a0a1-2a5e937cd381/sm/snapshot.1_0 time:1
2020-12-08 01:58:43,526 [77c31ea0-0b12-4fcd-af92-232a93661e69@group-2A5E937CD381-StateMachineUpdater] INFO  impl.StateMachineUpdater (StateMachineUpdater.java:takeSnapshot(278)) - 77c31ea0-0b12-4fcd-af92-232a93661e69@group-2A5E937CD381-StateMachineUpdater: Took a snapshot at index 0
2020-12-08 01:58:43,526 [77c31ea0-0b12-4fcd-af92-232a93661e69@group-2A5E937CD381-StateMachineUpdater] INFO  impl.StateMachineUpdater (StateMachineUpdater.java:lambda$new$0(87)) - 77c31ea0-0b12-4fcd-af92-232a93661e69@group-2A5E937CD381-StateMachineUpdater: snapshotIndex: updateIncreasingly -1 -> 0
2020-12-08 01:58:43,526 [77c31ea0-0b12-4fcd-af92-232a93661e69@group-2A5E937CD381-StateMachineUpdater] INFO  metrics.RatisMetrics (RatisMetrics.java:unregister(43)) - Unregistering Metrics Registry : ratis.state_machine.77c31ea0-0b12-4fcd-af92-232a93661e69@group-2A5E937CD381
2020-12-08 01:58:43,527 [Listener at 127.0.0.1/34557] INFO  impl.RaftServerImpl (ServerState.java:close(406)) - 39945dd8-822d-49dd-8781-4af99b069674@group-BF2FC515E206: closes. applyIndex: 0
2020-12-08 01:58:43,527 [39945dd8-822d-49dd-8781-4af99b069674@group-BF2FC515E206-SegmentedRaftLogWorker] INFO  segmented.SegmentedRaftLogWorker (SegmentedRaftLogWorker.java:run(329)) - 39945dd8-822d-49dd-8781-4af99b069674@group-BF2FC515E206-SegmentedRaftLogWorker was interrupted, exiting. There are 0 tasks remaining in the queue.
2020-12-08 01:58:43,528 [ForkJoinPool.commonPool-worker-0] INFO  impl.RaftServerImpl (ServerState.java:close(406)) - 77c31ea0-0b12-4fcd-af92-232a93661e69@group-2A5E937CD381: closes. applyIndex: 0
2020-12-08 01:58:43,528 [77c31ea0-0b12-4fcd-af92-232a93661e69@group-2A5E937CD381-SegmentedRaftLogWorker] INFO  segmented.SegmentedRaftLogWorker (SegmentedRaftLogWorker.java:run(329)) - 77c31ea0-0b12-4fcd-af92-232a93661e69@group-2A5E937CD381-SegmentedRaftLogWorker was interrupted, exiting. There are 0 tasks remaining in the queue.
2020-12-08 01:58:43,526 [grpc-default-executor-2] INFO  impl.FollowerInfo (FollowerInfo.java:lambda$new$0(51)) - 77c31ea0-0b12-4fcd-af92-232a93661e69@group-2A5E937CD381->4d7665c3-83ba-40ae-a15f-238c06fe965e: nextIndex: updateUnconditionally 1 -> 0
2020-12-08 01:58:43,529 [Listener at 127.0.0.1/34557] INFO  segmented.SegmentedRaftLogWorker (SegmentedRaftLogWorker.java:close(235)) - 39945dd8-822d-49dd-8781-4af99b069674@group-BF2FC515E206-SegmentedRaftLogWorker close()
2020-12-08 01:58:43,537 [ForkJoinPool.commonPool-worker-0] INFO  segmented.SegmentedRaftLogWorker (SegmentedRaftLogWorker.java:close(235)) - 77c31ea0-0b12-4fcd-af92-232a93661e69@group-2A5E937CD381-SegmentedRaftLogWorker close()
2020-12-08 01:58:43,538 [Listener at 127.0.0.1/34557] INFO  metrics.RatisMetrics (RatisMetrics.java:unregister(43)) - Unregistering Metrics Registry : ratis.log_worker.39945dd8-822d-49dd-8781-4af99b069674@group-BF2FC515E206
2020-12-08 01:58:43,538 [Listener at 127.0.0.1/34557] INFO  metrics.RatisMetrics (RatisMetrics.java:unregister(43)) - Unregistering Metrics Registry : ratis.leader_election.39945dd8-822d-49dd-8781-4af99b069674@group-BF2FC515E206
2020-12-08 01:58:43,538 [Listener at 127.0.0.1/34557] INFO  metrics.RatisMetrics (RatisMetrics.java:unregister(43)) - Unregistering Metrics Registry : ratis.server.39945dd8-822d-49dd-8781-4af99b069674@group-BF2FC515E206
2020-12-08 01:58:43,538 [Listener at 127.0.0.1/34557] INFO  server.GrpcService (GrpcService.java:closeImpl(184)) - 39945dd8-822d-49dd-8781-4af99b069674: shutdown server with port 35293 now
2020-12-08 01:58:43,539 [ForkJoinPool.commonPool-worker-0] INFO  metrics.RatisMetrics (RatisMetrics.java:unregister(43)) - Unregistering Metrics Registry : ratis.log_worker.77c31ea0-0b12-4fcd-af92-232a93661e69@group-2A5E937CD381
2020-12-08 01:58:43,539 [ForkJoinPool.commonPool-worker-0] INFO  metrics.RatisMetrics (RatisMetrics.java:unregister(43)) - Unregistering Metrics Registry : ratis.leader_election.77c31ea0-0b12-4fcd-af92-232a93661e69@group-2A5E937CD381
2020-12-08 01:58:43,540 [ForkJoinPool.commonPool-worker-0] INFO  metrics.RatisMetrics (RatisMetrics.java:unregister(43)) - Unregistering Metrics Registry : ratis.server.77c31ea0-0b12-4fcd-af92-232a93661e69@group-2A5E937CD381
2020-12-08 01:58:43,540 [ForkJoinPool.commonPool-worker-0] INFO  server.GrpcService (GrpcService.java:closeImpl(184)) - 77c31ea0-0b12-4fcd-af92-232a93661e69: shutdown server with port 36781 now
2020-12-08 01:58:43,540 [Listener at 127.0.0.1/34557] INFO  server.GrpcService (GrpcService.java:closeImpl(193)) - 39945dd8-822d-49dd-8781-4af99b069674: shutdown server with port 35293 successfully
2020-12-08 01:58:43,540 [grpc-default-executor-1] WARN  server.GrpcLogAppender (LogUtils.java:warn(122)) - f6ee95b5-7ee2-4946-b0be-20c7e4036df8@group-BF2FC515E206->39945dd8-822d-49dd-8781-4af99b069674-AppendLogResponseHandler: Failed appendEntries: org.apache.ratis.thirdparty.io.grpc.StatusRuntimeException: CANCELLED: HTTP/2 error code: CANCEL
Received Rst Stream
2020-12-08 01:58:43,540 [grpc-default-executor-0] WARN  server.GrpcServerProtocolService (LogUtils.java:warn(122)) - 39945dd8-822d-49dd-8781-4af99b069674: installSnapshot onError, lastRequest: f6ee95b5-7ee2-4946-b0be-20c7e4036df8->39945dd8-822d-49dd-8781-4af99b069674#1-t1, previous=(t:0, i:0), leaderCommit=0, initializing? false, entries: size=1, first=(t:1, i:0), CONFIGURATIONENTRY: org.apache.ratis.thirdparty.io.grpc.StatusRuntimeException: CANCELLED: cancelled before receiving half close
2020-12-08 01:58:43,540 [grpc-default-executor-1] WARN  server.GrpcLogAppender (GrpcLogAppender.java:resetClient(107)) - f6ee95b5-7ee2-4946-b0be-20c7e4036df8@group-BF2FC515E206->39945dd8-822d-49dd-8781-4af99b069674-GrpcLogAppender: Leader has not got in touch with Follower f6ee95b5-7ee2-4946-b0be-20c7e4036df8@group-BF2FC515E206->39945dd8-822d-49dd-8781-4af99b069674(c0,m0,n1, attendVote=true, lastRpcSendTime=2443, lastRpcResponseTime=2441) yet, just keep nextIndex unchanged and retry.
2020-12-08 01:58:43,542 [Listener at 127.0.0.1/34557] INFO  utils.BackgroundService (BackgroundService.java:shutdown(132)) - Shutting down service BlockDeletingService
2020-12-08 01:58:43,544 [Listener at 127.0.0.1/34557] INFO  statemachine.DatanodeStateMachine (DatanodeStateMachine.java:stopDaemon(461)) - Ozone container server stopped.
2020-12-08 01:58:43,552 [ForkJoinPool.commonPool-worker-0] INFO  server.GrpcService (GrpcService.java:closeImpl(193)) - 77c31ea0-0b12-4fcd-af92-232a93661e69: shutdown server with port 36781 successfully
2020-12-08 01:58:43,555 [ForkJoinPool.commonPool-worker-0] INFO  utils.BackgroundService (BackgroundService.java:shutdown(132)) - Shutting down service BlockDeletingService
2020-12-08 01:58:43,562 [Listener at 127.0.0.1/34557] INFO  handler.ContextHandler (ContextHandler.java:doStop(1154)) - Stopped o.e.j.w.WebAppContext@6133a4c1{hddsDatanode,/,null,STOPPED}{jar:file:/home/user/.m2/repository/org/apache/hadoop/hadoop-hdds-container-service/1.1.0-SNAPSHOT/hadoop-hdds-container-service-1.1.0-SNAPSHOT.jar!/webapps/hddsDatanode}
2020-12-08 01:58:43,563 [ForkJoinPool.commonPool-worker-0] INFO  statemachine.DatanodeStateMachine (DatanodeStateMachine.java:stopDaemon(461)) - Ozone container server stopped.
2020-12-08 01:58:43,571 [Listener at 127.0.0.1/34557] INFO  server.AbstractConnector (AbstractConnector.java:doStop(381)) - Stopped ServerConnector@6b7f9fcf{HTTP/1.1, (http/1.1)}{0.0.0.0:0}
2020-12-08 01:58:43,571 [Listener at 127.0.0.1/34557] INFO  server.session (HouseKeeper.java:stopScavenging(149)) - node0 Stopped scavenging
2020-12-08 01:58:43,572 [Listener at 127.0.0.1/34557] INFO  handler.ContextHandler (ContextHandler.java:doStop(1154)) - Stopped o.e.j.s.ServletContextHandler@2f22566{static,/static,jar:file:/home/user/.m2/repository/org/apache/hadoop/hadoop-hdds-container-service/1.1.0-SNAPSHOT/hadoop-hdds-container-service-1.1.0-SNAPSHOT.jar!/webapps/static,STOPPED}
2020-12-08 01:58:43,572 [Listener at 127.0.0.1/34557] INFO  handler.ContextHandler (ContextHandler.java:doStop(1154)) - Stopped o.e.j.s.ServletContextHandler@45fe1f65{logs,/logs,file:///github/workspace/mnt/ozone/hadoop-ozone/integration-test/target/log,STOPPED}
2020-12-08 01:58:43,580 [ForkJoinPool.commonPool-worker-0] INFO  handler.ContextHandler (ContextHandler.java:doStop(1154)) - Stopped o.e.j.w.WebAppContext@1af71fe2{hddsDatanode,/,null,STOPPED}{jar:file:/home/user/.m2/repository/org/apache/hadoop/hadoop-hdds-container-service/1.1.0-SNAPSHOT/hadoop-hdds-container-service-1.1.0-SNAPSHOT.jar!/webapps/hddsDatanode}
2020-12-08 01:58:43,582 [ForkJoinPool.commonPool-worker-0] INFO  server.AbstractConnector (AbstractConnector.java:doStop(381)) - Stopped ServerConnector@374b3550{HTTP/1.1, (http/1.1)}{0.0.0.0:0}
2020-12-08 01:58:43,582 [ForkJoinPool.commonPool-worker-0] INFO  server.session (HouseKeeper.java:stopScavenging(149)) - node0 Stopped scavenging
2020-12-08 01:58:43,583 [ForkJoinPool.commonPool-worker-0] INFO  handler.ContextHandler (ContextHandler.java:doStop(1154)) - Stopped o.e.j.s.ServletContextHandler@15115269{static,/static,jar:file:/home/user/.m2/repository/org/apache/hadoop/hadoop-hdds-container-service/1.1.0-SNAPSHOT/hadoop-hdds-container-service-1.1.0-SNAPSHOT.jar!/webapps/static,STOPPED}
2020-12-08 01:58:43,583 [ForkJoinPool.commonPool-worker-0] INFO  handler.ContextHandler (ContextHandler.java:doStop(1154)) - Stopped o.e.j.s.ServletContextHandler@5d571d39{logs,/logs,file:///github/workspace/mnt/ozone/hadoop-ozone/integration-test/target/log,STOPPED}
2020-12-08 01:58:43,602 [grpc-default-executor-2] WARN  server.GrpcLogAppender (LogUtils.java:warn(122)) - f6ee95b5-7ee2-4946-b0be-20c7e4036df8@group-BF2FC515E206->39945dd8-822d-49dd-8781-4af99b069674-AppendLogResponseHandler: Failed appendEntries: org.apache.ratis.thirdparty.io.grpc.StatusRuntimeException: UNAVAILABLE: io exception
2020-12-08 01:58:43,602 [grpc-default-executor-2] WARN  server.GrpcLogAppender (GrpcLogAppender.java:resetClient(107)) - f6ee95b5-7ee2-4946-b0be-20c7e4036df8@group-BF2FC515E206->39945dd8-822d-49dd-8781-4af99b069674-GrpcLogAppender: Leader has not got in touch with Follower f6ee95b5-7ee2-4946-b0be-20c7e4036df8@group-BF2FC515E206->39945dd8-822d-49dd-8781-4af99b069674(c0,m0,n1, attendVote=true, lastRpcSendTime=1, lastRpcResponseTime=2503) yet, just keep nextIndex unchanged and retry.
2020-12-08 01:58:44,033 [Datanode State Machine Thread - 0] INFO  statemachine.DatanodeStateMachine (DatanodeStateMachine.java:lambda$startDaemon$0(408)) - Ozone container server started.
2020-12-08 01:58:44,503 [Datanode State Machine Thread - 0] INFO  statemachine.DatanodeStateMachine (DatanodeStateMachine.java:lambda$startDaemon$0(408)) - Ozone container server started.
2020-12-08 01:58:46,102 [grpc-default-executor-1] WARN  server.GrpcLogAppender (LogUtils.java:warn(122)) - f6ee95b5-7ee2-4946-b0be-20c7e4036df8@group-BF2FC515E206->39945dd8-822d-49dd-8781-4af99b069674-AppendLogResponseHandler: Failed appendEntries: org.apache.ratis.thirdparty.io.grpc.StatusRuntimeException: UNAVAILABLE: io exception
2020-12-08 01:58:46,103 [grpc-default-executor-1] WARN  server.GrpcLogAppender (GrpcLogAppender.java:resetClient(107)) - f6ee95b5-7ee2-4946-b0be-20c7e4036df8@group-BF2FC515E206->39945dd8-822d-49dd-8781-4af99b069674-GrpcLogAppender: Leader has not got in touch with Follower f6ee95b5-7ee2-4946-b0be-20c7e4036df8@group-BF2FC515E206->39945dd8-822d-49dd-8781-4af99b069674(c0,m0,n1, attendVote=true, lastRpcSendTime=0, lastRpcResponseTime=5003) yet, just keep nextIndex unchanged and retry.
2020-12-08 01:58:48,385 [Thread-643] INFO  impl.FollowerState (FollowerState.java:run(128)) - c512f228-7a92-4ae7-b739-1627a2a73a2a@group-2A5E937CD381-FollowerState: change to CANDIDATE, lastRpcTime:5485ms, electionTimeout:5187ms
2020-12-08 01:58:48,385 [Thread-643] INFO  impl.RoleInfo (RoleInfo.java:shutdownFollowerState(121)) - c512f228-7a92-4ae7-b739-1627a2a73a2a: shutdown c512f228-7a92-4ae7-b739-1627a2a73a2a@group-2A5E937CD381-FollowerState
2020-12-08 01:58:48,385 [Thread-643] INFO  impl.RaftServerImpl (RaftServerImpl.java:setRole(204)) - c512f228-7a92-4ae7-b739-1627a2a73a2a@group-2A5E937CD381: changes role from  FOLLOWER to CANDIDATE at term 1 for changeToCandidate
2020-12-08 01:58:48,385 [Thread-643] INFO  impl.RoleInfo (RoleInfo.java:updateAndGet(143)) - c512f228-7a92-4ae7-b739-1627a2a73a2a: start c512f228-7a92-4ae7-b739-1627a2a73a2a@group-2A5E937CD381-LeaderElection23
2020-12-08 01:58:48,387 [c512f228-7a92-4ae7-b739-1627a2a73a2a@group-2A5E937CD381-LeaderElection23] INFO  impl.RaftServerImpl (ServerState.java:setLeader(256)) - c512f228-7a92-4ae7-b739-1627a2a73a2a@group-2A5E937CD381: change Leader from 77c31ea0-0b12-4fcd-af92-232a93661e69 to null at term 1 for initElection
2020-12-08 01:58:48,389 [c512f228-7a92-4ae7-b739-1627a2a73a2a@group-2A5E937CD381-LeaderElection23] INFO  impl.LeaderElection (LeaderElection.java:askForVotes(215)) - c512f228-7a92-4ae7-b739-1627a2a73a2a@group-2A5E937CD381-LeaderElection23: begin an election at term 2 for 0: [c512f228-7a92-4ae7-b739-1627a2a73a2a|rpc:172.17.0.2:38631|dataStream:, 4d7665c3-83ba-40ae-a15f-238c06fe965e|rpc:172.17.0.2:40243|dataStream:, 77c31ea0-0b12-4fcd-af92-232a93661e69|rpc:172.17.0.2:36781|dataStream:], old=null
2020-12-08 01:58:48,402 [grpc-default-executor-2] INFO  impl.RaftServerImpl (ServerState.java:setLeader(256)) - 4d7665c3-83ba-40ae-a15f-238c06fe965e@group-2A5E937CD381: change Leader from 77c31ea0-0b12-4fcd-af92-232a93661e69 to null at term 2 for updateCurrentTerm
2020-12-08 01:58:48,402 [grpc-default-executor-2] INFO  impl.RaftServerImpl (RaftServerImpl.java:setRole(204)) - 4d7665c3-83ba-40ae-a15f-238c06fe965e@group-2A5E937CD381: changes role from  FOLLOWER to FOLLOWER at term 2 for recognizeCandidate:c512f228-7a92-4ae7-b739-1627a2a73a2a
2020-12-08 01:58:48,402 [grpc-default-executor-2] INFO  impl.RoleInfo (RoleInfo.java:shutdownFollowerState(121)) - 4d7665c3-83ba-40ae-a15f-238c06fe965e: shutdown 4d7665c3-83ba-40ae-a15f-238c06fe965e@group-2A5E937CD381-FollowerState
2020-12-08 01:58:48,402 [grpc-default-executor-2] INFO  impl.RoleInfo (RoleInfo.java:updateAndGet(143)) - 4d7665c3-83ba-40ae-a15f-238c06fe965e: start 4d7665c3-83ba-40ae-a15f-238c06fe965e@group-2A5E937CD381-FollowerState
2020-12-08 01:58:48,402 [Thread-644] INFO  impl.FollowerState (FollowerState.java:run(137)) - 4d7665c3-83ba-40ae-a15f-238c06fe965e@group-2A5E937CD381-FollowerState was interrupted: {}
java.lang.InterruptedException: sleep interrupted
	at java.lang.Thread.sleep(Native Method)
	at org.apache.ratis.util.JavaUtils.sleep(JavaUtils.java:250)
	at org.apache.ratis.server.impl.FollowerState.run(FollowerState.java:116)
2020-12-08 01:58:48,403 [grpc-default-executor-2] INFO  impl.RaftServerImpl (RaftServerImpl.java:requestVote(963)) -  FOLLOWER 4d7665c3-83ba-40ae-a15f-238c06fe965e@group-2A5E937CD381:t2, leader=null, voted=null, raftlog=4d7665c3-83ba-40ae-a15f-238c06fe965e@group-2A5E937CD381-SegmentedRaftLog:OPENED:c0,f0,i0, conf=0: [c512f228-7a92-4ae7-b739-1627a2a73a2a|rpc:172.17.0.2:38631|dataStream:, 4d7665c3-83ba-40ae-a15f-238c06fe965e|rpc:172.17.0.2:40243|dataStream:, 77c31ea0-0b12-4fcd-af92-232a93661e69|rpc:172.17.0.2:36781|dataStream:], old=null RUNNING priority:0 candidate:c512f228-7a92-4ae7-b739-1627a2a73a2a|rpc:172.17.0.2:38631|dataStream: candidatePriority:0 compare:0
2020-12-08 01:58:48,409 [c512f228-7a92-4ae7-b739-1627a2a73a2a@group-2A5E937CD381-LeaderElection23] INFO  impl.LeaderElection (LogUtils.java:infoOrTrace(137)) - c512f228-7a92-4ae7-b739-1627a2a73a2a@group-2A5E937CD381-LeaderElection23 got exception when requesting votes: java.util.concurrent.ExecutionException: org.apache.ratis.thirdparty.io.grpc.StatusRuntimeException: UNAVAILABLE: io exception
2020-12-08 01:58:48,411 [c512f228-7a92-4ae7-b739-1627a2a73a2a@group-2A5E937CD381-LeaderElection23] INFO  impl.LeaderElection (LeaderElection.java:logAndReturn(65)) - c512f228-7a92-4ae7-b739-1627a2a73a2a@group-2A5E937CD381-LeaderElection23: Election PASSED; received 1 response(s) [c512f228-7a92-4ae7-b739-1627a2a73a2a<-4d7665c3-83ba-40ae-a15f-238c06fe965e#0:OK-t2] and 1 exception(s); c512f228-7a92-4ae7-b739-1627a2a73a2a@group-2A5E937CD381:t2, leader=null, voted=c512f228-7a92-4ae7-b739-1627a2a73a2a, raftlog=c512f228-7a92-4ae7-b739-1627a2a73a2a@group-2A5E937CD381-SegmentedRaftLog:OPENED:c0,f0,i0, conf=0: [c512f228-7a92-4ae7-b739-1627a2a73a2a|rpc:172.17.0.2:38631|dataStream:, 4d7665c3-83ba-40ae-a15f-238c06fe965e|rpc:172.17.0.2:40243|dataStream:, 77c31ea0-0b12-4fcd-af92-232a93661e69|rpc:172.17.0.2:36781|dataStream:], old=null
2020-12-08 01:58:48,411 [c512f228-7a92-4ae7-b739-1627a2a73a2a@group-2A5E937CD381-LeaderElection23] INFO  impl.LeaderElection (LogUtils.java:infoOrTrace(137)) -   Exception 0: java.util.concurrent.ExecutionException: org.apache.ratis.thirdparty.io.grpc.StatusRuntimeException: UNAVAILABLE: io exception
2020-12-08 01:58:48,411 [c512f228-7a92-4ae7-b739-1627a2a73a2a@group-2A5E937CD381-LeaderElection23] INFO  impl.RoleInfo (RoleInfo.java:shutdownLeaderElection(134)) - c512f228-7a92-4ae7-b739-1627a2a73a2a: shutdown c512f228-7a92-4ae7-b739-1627a2a73a2a@group-2A5E937CD381-LeaderElection23
2020-12-08 01:58:48,411 [c512f228-7a92-4ae7-b739-1627a2a73a2a@group-2A5E937CD381-LeaderElection23] INFO  impl.RaftServerImpl (RaftServerImpl.java:setRole(204)) - c512f228-7a92-4ae7-b739-1627a2a73a2a@group-2A5E937CD381: changes role from CANDIDATE to LEADER at term 2 for changeToLeader
2020-12-08 01:58:48,411 [c512f228-7a92-4ae7-b739-1627a2a73a2a@group-2A5E937CD381-LeaderElection23] INFO  ratis.XceiverServerRatis (XceiverServerRatis.java:handleLeaderChangedNotification(854)) - Leader change notification received for group: group-2A5E937CD381 with new leaderId: c512f228-7a92-4ae7-b739-1627a2a73a2a
2020-12-08 01:58:48,411 [c512f228-7a92-4ae7-b739-1627a2a73a2a@group-2A5E937CD381-LeaderElection23] INFO  impl.RaftServerImpl (ServerState.java:setLeader(256)) - c512f228-7a92-4ae7-b739-1627a2a73a2a@group-2A5E937CD381: change Leader from null to c512f228-7a92-4ae7-b739-1627a2a73a2a at term 2 for becomeLeader, leader elected after 24ms
2020-12-08 01:58:48,412 [c512f228-7a92-4ae7-b739-1627a2a73a2a@group-2A5E937CD381-LeaderElection23] INFO  server.RaftServerConfigKeys (ConfUtils.java:logGet(44)) - raft.server.staging.catchup.gap = 1000 (default)
2020-12-08 01:58:48,412 [c512f228-7a92-4ae7-b739-1627a2a73a2a@group-2A5E937CD381-LeaderElection23] INFO  server.RaftServerConfigKeys (ConfUtils.java:logGet(44)) - raft.server.rpc.sleep.time = 25ms (default)
2020-12-08 01:58:48,412 [c512f228-7a92-4ae7-b739-1627a2a73a2a@group-2A5E937CD381-LeaderElection23] INFO  metrics.RatisMetrics (RatisMetrics.java:lambda$create$0(36)) - Creating Metrics Registry : ratis.log_appender.c512f228-7a92-4ae7-b739-1627a2a73a2a@group-2A5E937CD381
2020-12-08 01:58:48,412 [c512f228-7a92-4ae7-b739-1627a2a73a2a@group-2A5E937CD381-LeaderElection23] INFO  server.RaftServerConfigKeys (ConfUtils.java:logGet(44)) - raft.server.write.element-limit = 1024 (custom)
2020-12-08 01:58:48,412 [c512f228-7a92-4ae7-b739-1627a2a73a2a@group-2A5E937CD381-LeaderElection23] INFO  server.RaftServerConfigKeys (ConfUtils.java:logGet(44)) - raft.server.write.byte-limit = 1073741824 (custom)
2020-12-08 01:58:48,412 [c512f228-7a92-4ae7-b739-1627a2a73a2a@group-2A5E937CD381-LeaderElection23] INFO  server.RaftServerConfigKeys (ConfUtils.java:logGet(44)) - raft.server.watch.timeout = 180s (custom)
2020-12-08 01:58:48,412 [c512f228-7a92-4ae7-b739-1627a2a73a2a@group-2A5E937CD381-LeaderElection23] INFO  server.RaftServerConfigKeys (ConfUtils.java:logGet(44)) - raft.server.watch.timeout.denomination = 1s (default)
2020-12-08 01:58:48,412 [c512f228-7a92-4ae7-b739-1627a2a73a2a@group-2A5E937CD381-LeaderElection23] INFO  server.RaftServerConfigKeys (ConfUtils.java:logGet(44)) - raft.server.watch.element-limit = 65536 (default)
2020-12-08 01:58:48,413 [c512f228-7a92-4ae7-b739-1627a2a73a2a@group-2A5E937CD381-LeaderElection23] INFO  server.RaftServerConfigKeys (ConfUtils.java:logGet(44)) - raft.server.log.appender.snapshot.chunk.size.max = 16MB (=16777216) (default)
2020-12-08 01:58:48,413 [c512f228-7a92-4ae7-b739-1627a2a73a2a@group-2A5E937CD381-LeaderElection23] INFO  server.RaftServerConfigKeys (ConfUtils.java:logGet(44)) - raft.server.log.appender.buffer.byte-limit = 33554432 (custom)
2020-12-08 01:58:48,413 [c512f228-7a92-4ae7-b739-1627a2a73a2a@group-2A5E937CD381-LeaderElection23] INFO  server.RaftServerConfigKeys (ConfUtils.java:logGet(44)) - raft.server.log.appender.buffer.element-limit = 1 (custom)
2020-12-08 01:58:48,413 [c512f228-7a92-4ae7-b739-1627a2a73a2a@group-2A5E937CD381-LeaderElection23] INFO  grpc.GrpcConfigKeys (ConfUtils.java:logGet(44)) - raft.grpc.server.leader.outstanding.appends.max = 128 (default)
2020-12-08 01:58:48,416 [c512f228-7a92-4ae7-b739-1627a2a73a2a@group-2A5E937CD381-LeaderElection23] INFO  server.RaftServerConfigKeys (ConfUtils.java:logGet(44)) - raft.server.rpc.request.timeout = 60s (custom)
2020-12-08 01:58:48,416 [c512f228-7a92-4ae7-b739-1627a2a73a2a@group-2A5E937CD381-LeaderElection23] INFO  server.RaftServerConfigKeys (ConfUtils.java:logGet(44)) - raft.server.log.appender.install.snapshot.enabled = false (custom)
2020-12-08 01:58:48,416 [c512f228-7a92-4ae7-b739-1627a2a73a2a@group-2A5E937CD381-LeaderElection23] INFO  metrics.RatisMetrics (RatisMetrics.java:lambda$create$0(36)) - Creating Metrics Registry : ratis_grpc.log_appender.c512f228-7a92-4ae7-b739-1627a2a73a2a@group-2A5E937CD381
2020-12-08 01:58:48,417 [c512f228-7a92-4ae7-b739-1627a2a73a2a@group-2A5E937CD381-LeaderElection23] INFO  server.RaftServerConfigKeys (ConfUtils.java:logGet(44)) - raft.server.log.appender.snapshot.chunk.size.max = 16MB (=16777216) (default)
2020-12-08 01:58:48,417 [c512f228-7a92-4ae7-b739-1627a2a73a2a@group-2A5E937CD381-LeaderElection23] INFO  server.RaftServerConfigKeys (ConfUtils.java:logGet(44)) - raft.server.log.appender.buffer.byte-limit = 33554432 (custom)
2020-12-08 01:58:48,417 [c512f228-7a92-4ae7-b739-1627a2a73a2a@group-2A5E937CD381-LeaderElection23] INFO  server.RaftServerConfigKeys (ConfUtils.java:logGet(44)) - raft.server.log.appender.buffer.element-limit = 1 (custom)
2020-12-08 01:58:48,418 [c512f228-7a92-4ae7-b739-1627a2a73a2a@group-2A5E937CD381-LeaderElection23] INFO  grpc.GrpcConfigKeys (ConfUtils.java:logGet(44)) - raft.grpc.server.leader.outstanding.appends.max = 128 (default)
2020-12-08 01:58:48,418 [c512f228-7a92-4ae7-b739-1627a2a73a2a@group-2A5E937CD381-LeaderElection23] INFO  server.RaftServerConfigKeys (ConfUtils.java:logGet(44)) - raft.server.rpc.request.timeout = 60s (custom)
2020-12-08 01:58:48,418 [c512f228-7a92-4ae7-b739-1627a2a73a2a@group-2A5E937CD381-LeaderElection23] INFO  server.RaftServerConfigKeys (ConfUtils.java:logGet(44)) - raft.server.log.appender.install.snapshot.enabled = false (custom)
2020-12-08 01:58:48,419 [c512f228-7a92-4ae7-b739-1627a2a73a2a@group-2A5E937CD381-LeaderElection23] INFO  impl.RoleInfo (RoleInfo.java:updateAndGet(143)) - c512f228-7a92-4ae7-b739-1627a2a73a2a: start c512f228-7a92-4ae7-b739-1627a2a73a2a@group-2A5E937CD381-LeaderState
2020-12-08 01:58:48,419 [c512f228-7a92-4ae7-b739-1627a2a73a2a@group-2A5E937CD381-LeaderElection23] INFO  segmented.SegmentedRaftLogWorker (SegmentedRaftLogWorker.java:rollLogSegment(403)) - c512f228-7a92-4ae7-b739-1627a2a73a2a@group-2A5E937CD381-SegmentedRaftLogWorker: Rolling segment log-0_0 to index:0
2020-12-08 01:58:48,421 [c512f228-7a92-4ae7-b739-1627a2a73a2a@group-2A5E937CD381-LeaderElection23] INFO  impl.RaftServerImpl (ServerState.java:setRaftConf(374)) - c512f228-7a92-4ae7-b739-1627a2a73a2a@group-2A5E937CD381: set configuration 1: [c512f228-7a92-4ae7-b739-1627a2a73a2a|rpc:172.17.0.2:38631|dataStream:, 4d7665c3-83ba-40ae-a15f-238c06fe965e|rpc:172.17.0.2:40243|dataStream:, 77c31ea0-0b12-4fcd-af92-232a93661e69|rpc:172.17.0.2:36781|dataStream:], old=null at 1
2020-12-08 01:58:48,422 [c512f228-7a92-4ae7-b739-1627a2a73a2a@group-2A5E937CD381-SegmentedRaftLogWorker] INFO  segmented.SegmentedRaftLogWorker (SegmentedRaftLogWorker.java:execute(554)) - c512f228-7a92-4ae7-b739-1627a2a73a2a@group-2A5E937CD381-SegmentedRaftLogWorker: Rolled log segment from /github/workspace/mnt/ozone/hadoop-ozone/integration-test/target/test-dir/MiniOzoneClusterImpl-fe278d26-eb6d-413e-b3f8-43e11913de58/datanode-0/data/ratis/c767db6c-927c-4df9-a0a1-2a5e937cd381/current/log_inprogress_0 to /github/workspace/mnt/ozone/hadoop-ozone/integration-test/target/test-dir/MiniOzoneClusterImpl-fe278d26-eb6d-413e-b3f8-43e11913de58/datanode-0/data/ratis/c767db6c-927c-4df9-a0a1-2a5e937cd381/current/log_0-0
2020-12-08 01:58:48,429 [grpc-default-executor-1] INFO  ratis.XceiverServerRatis (XceiverServerRatis.java:handleLeaderChangedNotification(854)) - Leader change notification received for group: group-2A5E937CD381 with new leaderId: c512f228-7a92-4ae7-b739-1627a2a73a2a
2020-12-08 01:58:48,431 [grpc-default-executor-1] INFO  impl.RaftServerImpl (ServerState.java:setLeader(256)) - 4d7665c3-83ba-40ae-a15f-238c06fe965e@group-2A5E937CD381: change Leader from null to c512f228-7a92-4ae7-b739-1627a2a73a2a at term 2 for appendEntries, leader elected after 26ms
2020-12-08 01:58:48,431 [grpc-default-executor-2] WARN  server.GrpcLogAppender (LogUtils.java:warn(122)) - c512f228-7a92-4ae7-b739-1627a2a73a2a@group-2A5E937CD381->77c31ea0-0b12-4fcd-af92-232a93661e69-AppendLogResponseHandler: Failed appendEntries: org.apache.ratis.thirdparty.io.grpc.StatusRuntimeException: UNAVAILABLE: io exception
2020-12-08 01:58:48,439 [grpc-default-executor-2] WARN  server.GrpcLogAppender (GrpcLogAppender.java:resetClient(107)) - c512f228-7a92-4ae7-b739-1627a2a73a2a@group-2A5E937CD381->77c31ea0-0b12-4fcd-af92-232a93661e69-GrpcLogAppender: Leader has not got in touch with Follower c512f228-7a92-4ae7-b739-1627a2a73a2a@group-2A5E937CD381->77c31ea0-0b12-4fcd-af92-232a93661e69(c-1,m0,n2, attendVote=true, lastRpcSendTime=7, lastRpcResponseTime=5226) yet, just keep nextIndex unchanged and retry.
2020-12-08 01:58:48,438 [c512f228-7a92-4ae7-b739-1627a2a73a2a@group-2A5E937CD381-SegmentedRaftLogWorker] INFO  segmented.SegmentedRaftLogWorker (SegmentedRaftLogWorker.java:execute(597)) - c512f228-7a92-4ae7-b739-1627a2a73a2a@group-2A5E937CD381-SegmentedRaftLogWorker: created new log segment /github/workspace/mnt/ozone/hadoop-ozone/integration-test/target/test-dir/MiniOzoneClusterImpl-fe278d26-eb6d-413e-b3f8-43e11913de58/datanode-0/data/ratis/c767db6c-927c-4df9-a0a1-2a5e937cd381/current/log_inprogress_1
2020-12-08 01:58:48,438 [grpc-default-executor-1] INFO  impl.RaftServerImpl (ServerState.java:setRaftConf(374)) - 4d7665c3-83ba-40ae-a15f-238c06fe965e@group-2A5E937CD381: set configuration 1: [c512f228-7a92-4ae7-b739-1627a2a73a2a|rpc:172.17.0.2:38631|dataStream:, 4d7665c3-83ba-40ae-a15f-238c06fe965e|rpc:172.17.0.2:40243|dataStream:, 77c31ea0-0b12-4fcd-af92-232a93661e69|rpc:172.17.0.2:36781|dataStream:], old=null at 1
2020-12-08 01:58:48,440 [grpc-default-executor-1] INFO  segmented.SegmentedRaftLogWorker (SegmentedRaftLogWorker.java:rollLogSegment(403)) - 4d7665c3-83ba-40ae-a15f-238c06fe965e@group-2A5E937CD381-SegmentedRaftLogWorker: Rolling segment log-0_0 to index:0
2020-12-08 01:58:48,441 [4d7665c3-83ba-40ae-a15f-238c06fe965e@group-2A5E937CD381-SegmentedRaftLogWorker] INFO  segmented.SegmentedRaftLogWorker (SegmentedRaftLogWorker.java:execute(554)) - 4d7665c3-83ba-40ae-a15f-238c06fe965e@group-2A5E937CD381-SegmentedRaftLogWorker: Rolled log segment from /github/workspace/mnt/ozone/hadoop-ozone/integration-test/target/test-dir/MiniOzoneClusterImpl-fe278d26-eb6d-413e-b3f8-43e11913de58/datanode-2/data/ratis/c767db6c-927c-4df9-a0a1-2a5e937cd381/current/log_inprogress_0 to /github/workspace/mnt/ozone/hadoop-ozone/integration-test/target/test-dir/MiniOzoneClusterImpl-fe278d26-eb6d-413e-b3f8-43e11913de58/datanode-2/data/ratis/c767db6c-927c-4df9-a0a1-2a5e937cd381/current/log_0-0
2020-12-08 01:58:48,443 [4d7665c3-83ba-40ae-a15f-238c06fe965e@group-2A5E937CD381-SegmentedRaftLogWorker] INFO  segmented.SegmentedRaftLogWorker (SegmentedRaftLogWorker.java:execute(597)) - 4d7665c3-83ba-40ae-a15f-238c06fe965e@group-2A5E937CD381-SegmentedRaftLogWorker: created new log segment /github/workspace/mnt/ozone/hadoop-ozone/integration-test/target/test-dir/MiniOzoneClusterImpl-fe278d26-eb6d-413e-b3f8-43e11913de58/datanode-2/data/ratis/c767db6c-927c-4df9-a0a1-2a5e937cd381/current/log_inprogress_1
2020-12-08 01:58:48,448 [grpc-default-executor-1] WARN  server.GrpcLogAppender (LogUtils.java:warn(122)) - c512f228-7a92-4ae7-b739-1627a2a73a2a@group-2A5E937CD381->77c31ea0-0b12-4fcd-af92-232a93661e69-AppendLogResponseHandler: Failed appendEntries: org.apache.ratis.thirdparty.io.grpc.StatusRuntimeException: UNAVAILABLE: io exception
2020-12-08 01:58:48,450 [grpc-default-executor-1] WARN  server.GrpcLogAppender (GrpcLogAppender.java:resetClient(107)) - c512f228-7a92-4ae7-b739-1627a2a73a2a@group-2A5E937CD381->77c31ea0-0b12-4fcd-af92-232a93661e69-GrpcLogAppender: Leader has not got in touch with Follower c512f228-7a92-4ae7-b739-1627a2a73a2a@group-2A5E937CD381->77c31ea0-0b12-4fcd-af92-232a93661e69(c-1,m0,n3, attendVote=true, lastRpcSendTime=1, lastRpcResponseTime=5236) yet, just keep nextIndex unchanged and retry.
2020-12-08 01:58:48,574 [Listener at 127.0.0.1/34557] INFO  ozoneimpl.OzoneContainer (OzoneContainer.java:stop(257)) - Attempting to stop container services.
2020-12-08 01:58:48,574 [Listener at 127.0.0.1/34557] INFO  impl.RaftServerProxy (RaftServerProxy.java:lambda$close$4(338)) - f6ee95b5-7ee2-4946-b0be-20c7e4036df8: close
2020-12-08 01:58:48,575 [Listener at 127.0.0.1/34557] INFO  impl.RaftServerImpl (RaftServerImpl.java:lambda$shutdown$3(328)) - f6ee95b5-7ee2-4946-b0be-20c7e4036df8@group-EDED6259983C: shutdown
2020-12-08 01:58:48,575 [Listener at 127.0.0.1/34557] INFO  util.JmxRegister (JmxRegister.java:unregister(73)) - Successfully un-registered JMX Bean with object name Ratis:service=RaftServer,group=group-EDED6259983C,id=f6ee95b5-7ee2-4946-b0be-20c7e4036df8
2020-12-08 01:58:48,575 [Listener at 127.0.0.1/34557] INFO  impl.RoleInfo (RoleInfo.java:shutdownLeaderState(104)) - f6ee95b5-7ee2-4946-b0be-20c7e4036df8: shutdown f6ee95b5-7ee2-4946-b0be-20c7e4036df8@group-EDED6259983C-LeaderState
2020-12-08 01:58:48,575 [Listener at 127.0.0.1/34557] INFO  impl.PendingRequests (PendingRequests.java:sendNotLeaderResponses(250)) - f6ee95b5-7ee2-4946-b0be-20c7e4036df8@group-EDED6259983C-PendingRequests: sendNotLeaderResponses
2020-12-08 01:58:48,575 [Listener at 127.0.0.1/34557] INFO  metrics.RatisMetrics (RatisMetrics.java:unregister(43)) - Unregistering Metrics Registry : ratis.log_appender.f6ee95b5-7ee2-4946-b0be-20c7e4036df8@group-EDED6259983C
2020-12-08 01:58:48,575 [Listener at 127.0.0.1/34557] INFO  metrics.RatisMetrics (RatisMetrics.java:unregister(43)) - Unregistering Metrics Registry : ratis.server.f6ee95b5-7ee2-4946-b0be-20c7e4036df8@group-EDED6259983C
2020-12-08 01:58:48,577 [Listener at 127.0.0.1/34557] INFO  impl.StateMachineUpdater (StateMachineUpdater.java:stopAndJoin(147)) - f6ee95b5-7ee2-4946-b0be-20c7e4036df8@group-EDED6259983C-StateMachineUpdater: set stopIndex = 0
2020-12-08 01:58:48,577 [f6ee95b5-7ee2-4946-b0be-20c7e4036df8@group-EDED6259983C-StateMachineUpdater] INFO  ratis.ContainerStateMachine (ContainerStateMachine.java:takeSnapshot(293)) - group-EDED6259983C: Taking a snapshot at:(t:1, i:0) file /github/workspace/mnt/ozone/hadoop-ozone/integration-test/target/test-dir/MiniOzoneClusterImpl-fe278d26-eb6d-413e-b3f8-43e11913de58/datanode-3/data/ratis/9c7c0a21-e39a-4ed3-93d8-eded6259983c/sm/snapshot.1_0
2020-12-08 01:58:48,578 [f6ee95b5-7ee2-4946-b0be-20c7e4036df8@group-EDED6259983C-StateMachineUpdater] INFO  ratis.ContainerStateMachine (ContainerStateMachine.java:takeSnapshot(304)) - group-EDED6259983C: Finished taking a snapshot at:(t:1, i:0) file:/github/workspace/mnt/ozone/hadoop-ozone/integration-test/target/test-dir/MiniOzoneClusterImpl-fe278d26-eb6d-413e-b3f8-43e11913de58/datanode-3/data/ratis/9c7c0a21-e39a-4ed3-93d8-eded6259983c/sm/snapshot.1_0 time:1
2020-12-08 01:58:48,578 [f6ee95b5-7ee2-4946-b0be-20c7e4036df8@group-EDED6259983C-StateMachineUpdater] INFO  impl.StateMachineUpdater (StateMachineUpdater.java:takeSnapshot(278)) - f6ee95b5-7ee2-4946-b0be-20c7e4036df8@group-EDED6259983C-StateMachineUpdater: Took a snapshot at index 0
2020-12-08 01:58:48,578 [f6ee95b5-7ee2-4946-b0be-20c7e4036df8@group-EDED6259983C-StateMachineUpdater] INFO  impl.StateMachineUpdater (StateMachineUpdater.java:lambda$new$0(87)) - f6ee95b5-7ee2-4946-b0be-20c7e4036df8@group-EDED6259983C-StateMachineUpdater: snapshotIndex: updateIncreasingly -1 -> 0
2020-12-08 01:58:48,578 [f6ee95b5-7ee2-4946-b0be-20c7e4036df8@group-EDED6259983C-StateMachineUpdater] INFO  metrics.RatisMetrics (RatisMetrics.java:unregister(43)) - Unregistering Metrics Registry : ratis.state_machine.f6ee95b5-7ee2-4946-b0be-20c7e4036df8@group-EDED6259983C
2020-12-08 01:58:48,579 [Listener at 127.0.0.1/34557] INFO  impl.RaftServerImpl (ServerState.java:close(406)) - f6ee95b5-7ee2-4946-b0be-20c7e4036df8@group-EDED6259983C: closes. applyIndex: 0
2020-12-08 01:58:48,579 [f6ee95b5-7ee2-4946-b0be-20c7e4036df8@group-EDED6259983C-SegmentedRaftLogWorker] INFO  segmented.SegmentedRaftLogWorker (SegmentedRaftLogWorker.java:run(329)) - f6ee95b5-7ee2-4946-b0be-20c7e4036df8@group-EDED6259983C-SegmentedRaftLogWorker was interrupted, exiting. There are 0 tasks remaining in the queue.
2020-12-08 01:58:48,580 [Listener at 127.0.0.1/34557] INFO  segmented.SegmentedRaftLogWorker (SegmentedRaftLogWorker.java:close(235)) - f6ee95b5-7ee2-4946-b0be-20c7e4036df8@group-EDED6259983C-SegmentedRaftLogWorker close()
2020-12-08 01:58:48,581 [Listener at 127.0.0.1/34557] INFO  metrics.RatisMetrics (RatisMetrics.java:unregister(43)) - Unregistering Metrics Registry : ratis.log_worker.f6ee95b5-7ee2-4946-b0be-20c7e4036df8@group-EDED6259983C
2020-12-08 01:58:48,581 [Listener at 127.0.0.1/34557] INFO  metrics.RatisMetrics (RatisMetrics.java:unregister(43)) - Unregistering Metrics Registry : ratis.leader_election.f6ee95b5-7ee2-4946-b0be-20c7e4036df8@group-EDED6259983C
2020-12-08 01:58:48,582 [Listener at 127.0.0.1/34557] INFO  metrics.RatisMetrics (RatisMetrics.java:unregister(43)) - Unregistering Metrics Registry : ratis.server.f6ee95b5-7ee2-4946-b0be-20c7e4036df8@group-EDED6259983C
2020-12-08 01:58:48,582 [Listener at 127.0.0.1/34557] INFO  impl.RaftServerImpl (RaftServerImpl.java:lambda$shutdown$3(328)) - f6ee95b5-7ee2-4946-b0be-20c7e4036df8@group-BF2FC515E206: shutdown
2020-12-08 01:58:48,582 [Listener at 127.0.0.1/34557] INFO  util.JmxRegister (JmxRegister.java:unregister(73)) - Successfully un-registered JMX Bean with object name Ratis:service=RaftServer,group=group-BF2FC515E206,id=f6ee95b5-7ee2-4946-b0be-20c7e4036df8
2020-12-08 01:58:48,582 [Listener at 127.0.0.1/34557] INFO  impl.RoleInfo (RoleInfo.java:shutdownLeaderState(104)) - f6ee95b5-7ee2-4946-b0be-20c7e4036df8: shutdown f6ee95b5-7ee2-4946-b0be-20c7e4036df8@group-BF2FC515E206-LeaderState
2020-12-08 01:58:48,583 [Listener at 127.0.0.1/34557] INFO  metrics.RatisMetrics (RatisMetrics.java:unregister(43)) - Unregistering Metrics Registry : ratis_grpc.log_appender.f6ee95b5-7ee2-4946-b0be-20c7e4036df8@group-BF2FC515E206
2020-12-08 01:58:48,583 [Listener at 127.0.0.1/34557] INFO  metrics.RatisMetrics (RatisMetrics.java:unregister(43)) - Unregistering Metrics Registry : ratis_grpc.log_appender.f6ee95b5-7ee2-4946-b0be-20c7e4036df8@group-BF2FC515E206
2020-12-08 01:58:48,583 [org.apache.ratis.server.impl.LogAppender$AppenderDaemon$$Lambda$506/227285228@507a10ef] WARN  server.GrpcLogAppender (GrpcLogAppender.java:mayWait(168)) - f6ee95b5-7ee2-4946-b0be-20c7e4036df8@group-BF2FC515E206->39945dd8-822d-49dd-8781-4af99b069674-GrpcLogAppender: Wait interrupted by java.lang.InterruptedException
2020-12-08 01:58:48,583 [org.apache.ratis.server.impl.LogAppender$AppenderDaemon$$Lambda$506/227285228@103996c1] WARN  server.GrpcLogAppender (GrpcLogAppender.java:mayWait(168)) - f6ee95b5-7ee2-4946-b0be-20c7e4036df8@group-BF2FC515E206->ab1d11b0-5e74-4d38-b665-6acb1b1e4e59-GrpcLogAppender: Wait interrupted by java.lang.InterruptedException
2020-12-08 01:58:48,583 [Listener at 127.0.0.1/34557] INFO  impl.PendingRequests (PendingRequests.java:sendNotLeaderResponses(250)) - f6ee95b5-7ee2-4946-b0be-20c7e4036df8@group-BF2FC515E206-PendingRequests: sendNotLeaderResponses
2020-12-08 01:58:48,584 [grpc-default-executor-1] INFO  server.GrpcServerProtocolService (GrpcServerProtocolService.java:onCompleted(138)) - ab1d11b0-5e74-4d38-b665-6acb1b1e4e59: Completed APPEND_ENTRIES, lastRequest: f6ee95b5-7ee2-4946-b0be-20c7e4036df8->ab1d11b0-5e74-4d38-b665-6acb1b1e4e59#1-t1, previous=(t:0, i:0), leaderCommit=0, initializing? false, entries: size=1, first=(t:1, i:0), CONFIGURATIONENTRY
2020-12-08 01:58:48,584 [Listener at 127.0.0.1/34557] INFO  metrics.RatisMetrics (RatisMetrics.java:unregister(43)) - Unregistering Metrics Registry : ratis.log_appender.f6ee95b5-7ee2-4946-b0be-20c7e4036df8@group-BF2FC515E206
2020-12-08 01:58:48,585 [Listener at 127.0.0.1/34557] INFO  metrics.RatisMetrics (RatisMetrics.java:unregister(43)) - Unregistering Metrics Registry : ratis.server.f6ee95b5-7ee2-4946-b0be-20c7e4036df8@group-BF2FC515E206
2020-12-08 01:58:48,586 [ForkJoinPool.commonPool-worker-0] INFO  ozoneimpl.OzoneContainer (OzoneContainer.java:stop(257)) - Attempting to stop container services.
2020-12-08 01:58:48,585 [grpc-default-executor-2] INFO  server.GrpcLogAppender (GrpcLogAppender.java:onCompleted(337)) - f6ee95b5-7ee2-4946-b0be-20c7e4036df8@group-BF2FC515E206->ab1d11b0-5e74-4d38-b665-6acb1b1e4e59-AppendLogResponseHandler: follower responses appendEntries COMPLETED
2020-12-08 01:58:48,586 [ForkJoinPool.commonPool-worker-0] INFO  impl.RaftServerProxy (RaftServerProxy.java:lambda$close$4(338)) - 4d7665c3-83ba-40ae-a15f-238c06fe965e: close
2020-12-08 01:58:48,586 [grpc-default-executor-2] INFO  impl.FollowerInfo (FollowerInfo.java:lambda$new$0(51)) - f6ee95b5-7ee2-4946-b0be-20c7e4036df8@group-BF2FC515E206->ab1d11b0-5e74-4d38-b665-6acb1b1e4e59: nextIndex: updateUnconditionally 1 -> 0
2020-12-08 01:58:48,586 [ForkJoinPool.commonPool-worker-0] INFO  impl.RaftServerImpl (RaftServerImpl.java:lambda$shutdown$3(328)) - 4d7665c3-83ba-40ae-a15f-238c06fe965e@group-2A5E937CD381: shutdown
2020-12-08 01:58:48,587 [ForkJoinPool.commonPool-worker-0] INFO  util.JmxRegister (JmxRegister.java:unregister(73)) - Successfully un-registered JMX Bean with object name Ratis:service=RaftServer,group=group-2A5E937CD381,id=4d7665c3-83ba-40ae-a15f-238c06fe965e
2020-12-08 01:58:48,587 [ForkJoinPool.commonPool-worker-0] INFO  impl.RoleInfo (RoleInfo.java:shutdownFollowerState(121)) - 4d7665c3-83ba-40ae-a15f-238c06fe965e: shutdown 4d7665c3-83ba-40ae-a15f-238c06fe965e@group-2A5E937CD381-FollowerState
2020-12-08 01:58:48,587 [ForkJoinPool.commonPool-worker-0] INFO  impl.StateMachineUpdater (StateMachineUpdater.java:stopAndJoin(147)) - 4d7665c3-83ba-40ae-a15f-238c06fe965e@group-2A5E937CD381-StateMachineUpdater: set stopIndex = 1
2020-12-08 01:58:48,587 [Thread-775] INFO  impl.FollowerState (FollowerState.java:run(137)) - 4d7665c3-83ba-40ae-a15f-238c06fe965e@group-2A5E937CD381-FollowerState was interrupted: {}
java.lang.InterruptedException: sleep interrupted
	at java.lang.Thread.sleep(Native Method)
	at org.apache.ratis.util.JavaUtils.sleep(JavaUtils.java:250)
	at org.apache.ratis.server.impl.FollowerState.run(FollowerState.java:116)
2020-12-08 01:58:48,588 [4d7665c3-83ba-40ae-a15f-238c06fe965e@group-2A5E937CD381-StateMachineUpdater] INFO  ratis.ContainerStateMachine (ContainerStateMachine.java:takeSnapshot(293)) - group-2A5E937CD381: Taking a snapshot at:(t:2, i:1) file /github/workspace/mnt/ozone/hadoop-ozone/integration-test/target/test-dir/MiniOzoneClusterImpl-fe278d26-eb6d-413e-b3f8-43e11913de58/datanode-2/data/ratis/c767db6c-927c-4df9-a0a1-2a5e937cd381/sm/snapshot.2_1
2020-12-08 01:58:48,589 [f6ee95b5-7ee2-4946-b0be-20c7e4036df8@group-BF2FC515E206-StateMachineUpdater] INFO  ratis.ContainerStateMachine (ContainerStateMachine.java:takeSnapshot(293)) - group-BF2FC515E206: Taking a snapshot at:(t:1, i:0) file /github/workspace/mnt/ozone/hadoop-ozone/integration-test/target/test-dir/MiniOzoneClusterImpl-fe278d26-eb6d-413e-b3f8-43e11913de58/datanode-3/data/ratis/0cddbc73-56c6-4de8-8b06-bf2fc515e206/sm/snapshot.1_0
2020-12-08 01:58:48,589 [Listener at 127.0.0.1/34557] INFO  impl.StateMachineUpdater (StateMachineUpdater.java:stopAndJoin(147)) - f6ee95b5-7ee2-4946-b0be-20c7e4036df8@group-BF2FC515E206-StateMachineUpdater: set stopIndex = 0
2020-12-08 01:58:48,590 [4d7665c3-83ba-40ae-a15f-238c06fe965e@group-2A5E937CD381-StateMachineUpdater] INFO  ratis.ContainerStateMachine (ContainerStateMachine.java:takeSnapshot(304)) - group-2A5E937CD381: Finished taking a snapshot at:(t:2, i:1) file:/github/workspace/mnt/ozone/hadoop-ozone/integration-test/target/test-dir/MiniOzoneClusterImpl-fe278d26-eb6d-413e-b3f8-43e11913de58/datanode-2/data/ratis/c767db6c-927c-4df9-a0a1-2a5e937cd381/sm/snapshot.2_1 time:2
2020-12-08 01:58:48,590 [4d7665c3-83ba-40ae-a15f-238c06fe965e@group-2A5E937CD381-StateMachineUpdater] INFO  impl.StateMachineUpdater (StateMachineUpdater.java:takeSnapshot(278)) - 4d7665c3-83ba-40ae-a15f-238c06fe965e@group-2A5E937CD381-StateMachineUpdater: Took a snapshot at index 1
2020-12-08 01:58:48,590 [4d7665c3-83ba-40ae-a15f-238c06fe965e@group-2A5E937CD381-StateMachineUpdater] INFO  impl.StateMachineUpdater (StateMachineUpdater.java:lambda$new$0(87)) - 4d7665c3-83ba-40ae-a15f-238c06fe965e@group-2A5E937CD381-StateMachineUpdater: snapshotIndex: updateIncreasingly -1 -> 1
2020-12-08 01:58:48,590 [f6ee95b5-7ee2-4946-b0be-20c7e4036df8@group-BF2FC515E206-StateMachineUpdater] INFO  ratis.ContainerStateMachine (ContainerStateMachine.java:takeSnapshot(304)) - group-BF2FC515E206: Finished taking a snapshot at:(t:1, i:0) file:/github/workspace/mnt/ozone/hadoop-ozone/integration-test/target/test-dir/MiniOzoneClusterImpl-fe278d26-eb6d-413e-b3f8-43e11913de58/datanode-3/data/ratis/0cddbc73-56c6-4de8-8b06-bf2fc515e206/sm/snapshot.1_0 time:1
2020-12-08 01:58:48,590 [4d7665c3-83ba-40ae-a15f-238c06fe965e@group-2A5E937CD381-StateMachineUpdater] INFO  metrics.RatisMetrics (RatisMetrics.java:unregister(43)) - Unregistering Metrics Registry : ratis.state_machine.4d7665c3-83ba-40ae-a15f-238c06fe965e@group-2A5E937CD381
2020-12-08 01:58:48,590 [f6ee95b5-7ee2-4946-b0be-20c7e4036df8@group-BF2FC515E206-StateMachineUpdater] INFO  impl.StateMachineUpdater (StateMachineUpdater.java:takeSnapshot(278)) - f6ee95b5-7ee2-4946-b0be-20c7e4036df8@group-BF2FC515E206-StateMachineUpdater: Took a snapshot at index 0
2020-12-08 01:58:48,590 [f6ee95b5-7ee2-4946-b0be-20c7e4036df8@group-BF2FC515E206-StateMachineUpdater] INFO  impl.StateMachineUpdater (StateMachineUpdater.java:lambda$new$0(87)) - f6ee95b5-7ee2-4946-b0be-20c7e4036df8@group-BF2FC515E206-StateMachineUpdater: snapshotIndex: updateIncreasingly -1 -> 0
2020-12-08 01:58:48,590 [f6ee95b5-7ee2-4946-b0be-20c7e4036df8@group-BF2FC515E206-StateMachineUpdater] INFO  metrics.RatisMetrics (RatisMetrics.java:unregister(43)) - Unregistering Metrics Registry : ratis.state_machine.f6ee95b5-7ee2-4946-b0be-20c7e4036df8@group-BF2FC515E206
2020-12-08 01:58:48,591 [ForkJoinPool.commonPool-worker-0] INFO  impl.RaftServerImpl (ServerState.java:close(406)) - 4d7665c3-83ba-40ae-a15f-238c06fe965e@group-2A5E937CD381: closes. applyIndex: 1
2020-12-08 01:58:48,591 [4d7665c3-83ba-40ae-a15f-238c06fe965e@group-2A5E937CD381-SegmentedRaftLogWorker] INFO  segmented.SegmentedRaftLogWorker (SegmentedRaftLogWorker.java:run(329)) - 4d7665c3-83ba-40ae-a15f-238c06fe965e@group-2A5E937CD381-SegmentedRaftLogWorker was interrupted, exiting. There are 0 tasks remaining in the queue.
2020-12-08 01:58:48,592 [ForkJoinPool.commonPool-worker-0] INFO  segmented.SegmentedRaftLogWorker (SegmentedRaftLogWorker.java:close(235)) - 4d7665c3-83ba-40ae-a15f-238c06fe965e@group-2A5E937CD381-SegmentedRaftLogWorker close()
2020-12-08 01:58:48,592 [Listener at 127.0.0.1/34557] INFO  impl.RaftServerImpl (ServerState.java:close(406)) - f6ee95b5-7ee2-4946-b0be-20c7e4036df8@group-BF2FC515E206: closes. applyIndex: 0
2020-12-08 01:58:48,595 [ForkJoinPool.commonPool-worker-0] INFO  metrics.RatisMetrics (RatisMetrics.java:unregister(43)) - Unregistering Metrics Registry : ratis.log_worker.4d7665c3-83ba-40ae-a15f-238c06fe965e@group-2A5E937CD381
2020-12-08 01:58:48,597 [ForkJoinPool.commonPool-worker-0] INFO  metrics.RatisMetrics (RatisMetrics.java:unregister(43)) - Unregistering Metrics Registry : ratis.leader_election.4d7665c3-83ba-40ae-a15f-238c06fe965e@group-2A5E937CD381
2020-12-08 01:58:48,597 [ForkJoinPool.commonPool-worker-0] INFO  metrics.RatisMetrics (RatisMetrics.java:unregister(43)) - Unregistering Metrics Registry : ratis.server.4d7665c3-83ba-40ae-a15f-238c06fe965e@group-2A5E937CD381
2020-12-08 01:58:48,597 [ForkJoinPool.commonPool-worker-0] INFO  impl.RaftServerImpl (RaftServerImpl.java:lambda$shutdown$3(328)) - 4d7665c3-83ba-40ae-a15f-238c06fe965e@group-39D0696F1AB4: shutdown
2020-12-08 01:58:48,598 [ForkJoinPool.commonPool-worker-0] INFO  util.JmxRegister (JmxRegister.java:unregister(73)) - Successfully un-registered JMX Bean with object name Ratis:service=RaftServer,group=group-39D0696F1AB4,id=4d7665c3-83ba-40ae-a15f-238c06fe965e
2020-12-08 01:58:48,598 [ForkJoinPool.commonPool-worker-0] INFO  impl.RoleInfo (RoleInfo.java:shutdownLeaderState(104)) - 4d7665c3-83ba-40ae-a15f-238c06fe965e: shutdown 4d7665c3-83ba-40ae-a15f-238c06fe965e@group-39D0696F1AB4-LeaderState
2020-12-08 01:58:48,598 [ForkJoinPool.commonPool-worker-0] INFO  impl.PendingRequests (PendingRequests.java:sendNotLeaderResponses(250)) - 4d7665c3-83ba-40ae-a15f-238c06fe965e@group-39D0696F1AB4-PendingRequests: sendNotLeaderResponses
2020-12-08 01:58:48,597 [f6ee95b5-7ee2-4946-b0be-20c7e4036df8@group-BF2FC515E206-SegmentedRaftLogWorker] INFO  segmented.SegmentedRaftLogWorker (SegmentedRaftLogWorker.java:run(329)) - f6ee95b5-7ee2-4946-b0be-20c7e4036df8@group-BF2FC515E206-SegmentedRaftLogWorker was interrupted, exiting. There are 0 tasks remaining in the queue.
2020-12-08 01:58:48,599 [Listener at 127.0.0.1/34557] INFO  segmented.SegmentedRaftLogWorker (SegmentedRaftLogWorker.java:close(235)) - f6ee95b5-7ee2-4946-b0be-20c7e4036df8@group-BF2FC515E206-SegmentedRaftLogWorker close()
2020-12-08 01:58:48,600 [Listener at 127.0.0.1/34557] INFO  metrics.RatisMetrics (RatisMetrics.java:unregister(43)) - Unregistering Metrics Registry : ratis.log_worker.f6ee95b5-7ee2-4946-b0be-20c7e4036df8@group-BF2FC515E206
2020-12-08 01:58:48,600 [Listener at 127.0.0.1/34557] INFO  metrics.RatisMetrics (RatisMetrics.java:unregister(43)) - Unregistering Metrics Registry : ratis.leader_election.f6ee95b5-7ee2-4946-b0be-20c7e4036df8@group-BF2FC515E206
2020-12-08 01:58:48,600 [Listener at 127.0.0.1/34557] INFO  metrics.RatisMetrics (RatisMetrics.java:unregister(43)) - Unregistering Metrics Registry : ratis.server.f6ee95b5-7ee2-4946-b0be-20c7e4036df8@group-BF2FC515E206
2020-12-08 01:58:48,600 [Listener at 127.0.0.1/34557] INFO  server.GrpcService (GrpcService.java:closeImpl(184)) - f6ee95b5-7ee2-4946-b0be-20c7e4036df8: shutdown server with port 40029 now
2020-12-08 01:58:48,601 [ForkJoinPool.commonPool-worker-0] INFO  metrics.RatisMetrics (RatisMetrics.java:unregister(43)) - Unregistering Metrics Registry : ratis.log_appender.4d7665c3-83ba-40ae-a15f-238c06fe965e@group-39D0696F1AB4
2020-12-08 01:58:48,602 [ForkJoinPool.commonPool-worker-0] INFO  metrics.RatisMetrics (RatisMetrics.java:unregister(43)) - Unregistering Metrics Registry : ratis.server.4d7665c3-83ba-40ae-a15f-238c06fe965e@group-39D0696F1AB4
2020-12-08 01:58:48,603 [4d7665c3-83ba-40ae-a15f-238c06fe965e@group-39D0696F1AB4-StateMachineUpdater] INFO  ratis.ContainerStateMachine (ContainerStateMachine.java:takeSnapshot(293)) - group-39D0696F1AB4: Taking a snapshot at:(t:1, i:18) file /github/workspace/mnt/ozone/hadoop-ozone/integration-test/target/test-dir/MiniOzoneClusterImpl-fe278d26-eb6d-413e-b3f8-43e11913de58/datanode-2/data/ratis/b441bde7-6302-410b-b649-39d0696f1ab4/sm/snapshot.1_18
2020-12-08 01:58:48,604 [ForkJoinPool.commonPool-worker-0] INFO  impl.StateMachineUpdater (StateMachineUpdater.java:stopAndJoin(147)) - 4d7665c3-83ba-40ae-a15f-238c06fe965e@group-39D0696F1AB4-StateMachineUpdater: set stopIndex = 18
2020-12-08 01:58:48,605 [4d7665c3-83ba-40ae-a15f-238c06fe965e@group-39D0696F1AB4-StateMachineUpdater] INFO  ratis.ContainerStateMachine (ContainerStateMachine.java:takeSnapshot(304)) - group-39D0696F1AB4: Finished taking a snapshot at:(t:1, i:18) file:/github/workspace/mnt/ozone/hadoop-ozone/integration-test/target/test-dir/MiniOzoneClusterImpl-fe278d26-eb6d-413e-b3f8-43e11913de58/datanode-2/data/ratis/b441bde7-6302-410b-b649-39d0696f1ab4/sm/snapshot.1_18 time:2
2020-12-08 01:58:48,605 [4d7665c3-83ba-40ae-a15f-238c06fe965e@group-39D0696F1AB4-StateMachineUpdater] INFO  impl.StateMachineUpdater (StateMachineUpdater.java:takeSnapshot(278)) - 4d7665c3-83ba-40ae-a15f-238c06fe965e@group-39D0696F1AB4-StateMachineUpdater: Took a snapshot at index 18
2020-12-08 01:58:48,605 [4d7665c3-83ba-40ae-a15f-238c06fe965e@group-39D0696F1AB4-StateMachineUpdater] INFO  impl.StateMachineUpdater (StateMachineUpdater.java:lambda$new$0(87)) - 4d7665c3-83ba-40ae-a15f-238c06fe965e@group-39D0696F1AB4-StateMachineUpdater: snapshotIndex: updateIncreasingly -1 -> 18
2020-12-08 01:58:48,609 [4d7665c3-83ba-40ae-a15f-238c06fe965e@group-39D0696F1AB4-StateMachineUpdater] INFO  metrics.RatisMetrics (RatisMetrics.java:unregister(43)) - Unregistering Metrics Registry : ratis.state_machine.4d7665c3-83ba-40ae-a15f-238c06fe965e@group-39D0696F1AB4
2020-12-08 01:58:48,610 [ForkJoinPool.commonPool-worker-0] INFO  impl.RaftServerImpl (ServerState.java:close(406)) - 4d7665c3-83ba-40ae-a15f-238c06fe965e@group-39D0696F1AB4: closes. applyIndex: 18
2020-12-08 01:58:48,614 [4d7665c3-83ba-40ae-a15f-238c06fe965e@group-39D0696F1AB4-SegmentedRaftLogWorker] INFO  segmented.SegmentedRaftLogWorker (SegmentedRaftLogWorker.java:run(329)) - 4d7665c3-83ba-40ae-a15f-238c06fe965e@group-39D0696F1AB4-SegmentedRaftLogWorker was interrupted, exiting. There are 0 tasks remaining in the queue.
2020-12-08 01:58:48,615 [Listener at 127.0.0.1/34557] INFO  server.GrpcService (GrpcService.java:closeImpl(193)) - f6ee95b5-7ee2-4946-b0be-20c7e4036df8: shutdown server with port 40029 successfully
2020-12-08 01:58:48,617 [Listener at 127.0.0.1/34557] INFO  utils.BackgroundService (BackgroundService.java:shutdown(132)) - Shutting down service BlockDeletingService
2020-12-08 01:58:48,620 [ForkJoinPool.commonPool-worker-0] INFO  segmented.SegmentedRaftLogWorker (SegmentedRaftLogWorker.java:close(235)) - 4d7665c3-83ba-40ae-a15f-238c06fe965e@group-39D0696F1AB4-SegmentedRaftLogWorker close()
2020-12-08 01:58:48,621 [Listener at 127.0.0.1/34557] INFO  statemachine.DatanodeStateMachine (DatanodeStateMachine.java:stopDaemon(461)) - Ozone container server stopped.
2020-12-08 01:58:48,626 [ForkJoinPool.commonPool-worker-0] INFO  metrics.RatisMetrics (RatisMetrics.java:unregister(43)) - Unregistering Metrics Registry : ratis.log_worker.4d7665c3-83ba-40ae-a15f-238c06fe965e@group-39D0696F1AB4
2020-12-08 01:58:48,626 [ForkJoinPool.commonPool-worker-0] INFO  metrics.RatisMetrics (RatisMetrics.java:unregister(43)) - Unregistering Metrics Registry : ratis.leader_election.4d7665c3-83ba-40ae-a15f-238c06fe965e@group-39D0696F1AB4
2020-12-08 01:58:48,626 [ForkJoinPool.commonPool-worker-0] INFO  metrics.RatisMetrics (RatisMetrics.java:unregister(43)) - Unregistering Metrics Registry : ratis.server.4d7665c3-83ba-40ae-a15f-238c06fe965e@group-39D0696F1AB4
2020-12-08 01:58:48,627 [ForkJoinPool.commonPool-worker-0] INFO  server.GrpcService (GrpcService.java:closeImpl(184)) - 4d7665c3-83ba-40ae-a15f-238c06fe965e: shutdown server with port 40243 now
2020-12-08 01:58:48,628 [grpc-default-executor-1] WARN  server.GrpcServerProtocolService (LogUtils.java:warn(122)) - 4d7665c3-83ba-40ae-a15f-238c06fe965e: installSnapshot onError, lastRequest: c512f228-7a92-4ae7-b739-1627a2a73a2a->4d7665c3-83ba-40ae-a15f-238c06fe965e#2-t2, previous=(t:2, i:1), leaderCommit=1, initializing? false, entries: size=1, first=(t:2, i:2), METADATAENTRY(c:1): org.apache.ratis.thirdparty.io.grpc.StatusRuntimeException: CANCELLED: cancelled before receiving half close
2020-12-08 01:58:48,629 [grpc-default-executor-1] WARN  server.GrpcLogAppender (LogUtils.java:warn(122)) - c512f228-7a92-4ae7-b739-1627a2a73a2a@group-2A5E937CD381->4d7665c3-83ba-40ae-a15f-238c06fe965e-AppendLogResponseHandler: Failed appendEntries: org.apache.ratis.thirdparty.io.grpc.StatusRuntimeException: CANCELLED: HTTP/2 error code: CANCEL
Received Rst Stream
2020-12-08 01:58:48,629 [grpc-default-executor-1] INFO  impl.FollowerInfo (FollowerInfo.java:lambda$new$0(51)) - c512f228-7a92-4ae7-b739-1627a2a73a2a@group-2A5E937CD381->4d7665c3-83ba-40ae-a15f-238c06fe965e: nextIndex: updateUnconditionally 3 -> 2
2020-12-08 01:58:48,629 [ForkJoinPool.commonPool-worker-0] INFO  server.GrpcService (GrpcService.java:closeImpl(193)) - 4d7665c3-83ba-40ae-a15f-238c06fe965e: shutdown server with port 40243 successfully
2020-12-08 01:58:48,632 [Listener at 127.0.0.1/34557] INFO  handler.ContextHandler (ContextHandler.java:doStop(1154)) - Stopped o.e.j.w.WebAppContext@5ec6ef8{hddsDatanode,/,null,STOPPED}{jar:file:/home/user/.m2/repository/org/apache/hadoop/hadoop-hdds-container-service/1.1.0-SNAPSHOT/hadoop-hdds-container-service-1.1.0-SNAPSHOT.jar!/webapps/hddsDatanode}
2020-12-08 01:58:48,633 [ForkJoinPool.commonPool-worker-0] INFO  utils.BackgroundService (BackgroundService.java:shutdown(132)) - Shutting down service BlockDeletingService
2020-12-08 01:58:48,635 [ForkJoinPool.commonPool-worker-0] INFO  statemachine.DatanodeStateMachine (DatanodeStateMachine.java:stopDaemon(461)) - Ozone container server stopped.
2020-12-08 01:58:48,641 [grpc-default-executor-1] WARN  server.GrpcLogAppender (LogUtils.java:warn(122)) - c512f228-7a92-4ae7-b739-1627a2a73a2a@group-2A5E937CD381->4d7665c3-83ba-40ae-a15f-238c06fe965e-AppendLogResponseHandler: Failed appendEntries: org.apache.ratis.thirdparty.io.grpc.StatusRuntimeException: UNAVAILABLE: io exception
2020-12-08 01:58:48,641 [grpc-default-executor-1] INFO  impl.FollowerInfo (FollowerInfo.java:lambda$new$0(51)) - c512f228-7a92-4ae7-b739-1627a2a73a2a@group-2A5E937CD381->4d7665c3-83ba-40ae-a15f-238c06fe965e: nextIndex: updateUnconditionally 3 -> 2
2020-12-08 01:58:48,641 [org.apache.ratis.server.JvmPauseMonitor@61587371-Monitor] WARN  server.JvmPauseMonitor (JvmPauseMonitor.java:run(141)) - Detected pause in JVM or host machine (eg GC): pause of approximately 3ms
No GCs detected
2020-12-08 01:58:48,648 [Listener at 127.0.0.1/34557] INFO  server.AbstractConnector (AbstractConnector.java:doStop(381)) - Stopped ServerConnector@2602a26c{HTTP/1.1, (http/1.1)}{0.0.0.0:0}
2020-12-08 01:58:48,648 [Listener at 127.0.0.1/34557] INFO  server.session (HouseKeeper.java:stopScavenging(149)) - node0 Stopped scavenging
2020-12-08 01:58:48,648 [Listener at 127.0.0.1/34557] INFO  handler.ContextHandler (ContextHandler.java:doStop(1154)) - Stopped o.e.j.s.ServletContextHandler@363b659{static,/static,jar:file:/home/user/.m2/repository/org/apache/hadoop/hadoop-hdds-container-service/1.1.0-SNAPSHOT/hadoop-hdds-container-service-1.1.0-SNAPSHOT.jar!/webapps/static,STOPPED}
2020-12-08 01:58:48,649 [Listener at 127.0.0.1/34557] INFO  handler.ContextHandler (ContextHandler.java:doStop(1154)) - Stopped o.e.j.s.ServletContextHandler@1aed2954{logs,/logs,file:///github/workspace/mnt/ozone/hadoop-ozone/integration-test/target/log,STOPPED}
2020-12-08 01:58:48,654 [ForkJoinPool.commonPool-worker-0] INFO  handler.ContextHandler (ContextHandler.java:doStop(1154)) - Stopped o.e.j.w.WebAppContext@4d351aef{hddsDatanode,/,null,STOPPED}{jar:file:/home/user/.m2/repository/org/apache/hadoop/hadoop-hdds-container-service/1.1.0-SNAPSHOT/hadoop-hdds-container-service-1.1.0-SNAPSHOT.jar!/webapps/hddsDatanode}
2020-12-08 01:58:48,655 [ForkJoinPool.commonPool-worker-0] INFO  server.AbstractConnector (AbstractConnector.java:doStop(381)) - Stopped ServerConnector@798c27b6{HTTP/1.1, (http/1.1)}{0.0.0.0:0}
2020-12-08 01:58:48,655 [ForkJoinPool.commonPool-worker-0] INFO  server.session (HouseKeeper.java:stopScavenging(149)) - node0 Stopped scavenging
2020-12-08 01:58:48,656 [ForkJoinPool.commonPool-worker-0] INFO  handler.ContextHandler (ContextHandler.java:doStop(1154)) - Stopped o.e.j.s.ServletContextHandler@6e89da5f{static,/static,jar:file:/home/user/.m2/repository/org/apache/hadoop/hadoop-hdds-container-service/1.1.0-SNAPSHOT/hadoop-hdds-container-service-1.1.0-SNAPSHOT.jar!/webapps/static,STOPPED}
2020-12-08 01:58:48,657 [ForkJoinPool.commonPool-worker-0] INFO  handler.ContextHandler (ContextHandler.java:doStop(1154)) - Stopped o.e.j.s.ServletContextHandler@4445ad6{logs,/logs,file:///github/workspace/mnt/ozone/hadoop-ozone/integration-test/target/log,STOPPED}
2020-12-08 01:58:49,077 [Datanode State Machine Thread - 0] INFO  statemachine.DatanodeStateMachine (DatanodeStateMachine.java:lambda$startDaemon$0(408)) - Ozone container server started.
2020-12-08 01:58:49,412 [Datanode State Machine Thread - 0] INFO  statemachine.DatanodeStateMachine (DatanodeStateMachine.java:lambda$startDaemon$0(408)) - Ozone container server started.
2020-12-08 01:58:50,949 [grpc-default-executor-1] WARN  server.GrpcLogAppender (LogUtils.java:warn(122)) - c512f228-7a92-4ae7-b739-1627a2a73a2a@group-2A5E937CD381->77c31ea0-0b12-4fcd-af92-232a93661e69-AppendLogResponseHandler: Failed appendEntries: org.apache.ratis.thirdparty.io.grpc.StatusRuntimeException: UNAVAILABLE: io exception
2020-12-08 01:58:50,949 [grpc-default-executor-1] WARN  server.GrpcLogAppender (GrpcLogAppender.java:resetClient(107)) - c512f228-7a92-4ae7-b739-1627a2a73a2a@group-2A5E937CD381->77c31ea0-0b12-4fcd-af92-232a93661e69-GrpcLogAppender: Leader has not got in touch with Follower c512f228-7a92-4ae7-b739-1627a2a73a2a@group-2A5E937CD381->77c31ea0-0b12-4fcd-af92-232a93661e69(c-1,m0,n3, attendVote=true, lastRpcSendTime=0, lastRpcResponseTime=7736) yet, just keep nextIndex unchanged and retry.
2020-12-08 01:58:51,138 [grpc-default-executor-1] WARN  server.GrpcLogAppender (LogUtils.java:warn(122)) - c512f228-7a92-4ae7-b739-1627a2a73a2a@group-2A5E937CD381->4d7665c3-83ba-40ae-a15f-238c06fe965e-AppendLogResponseHandler: Failed appendEntries: org.apache.ratis.thirdparty.io.grpc.StatusRuntimeException: UNAVAILABLE: io exception
2020-12-08 01:58:51,138 [grpc-default-executor-1] INFO  impl.FollowerInfo (FollowerInfo.java:lambda$new$0(51)) - c512f228-7a92-4ae7-b739-1627a2a73a2a@group-2A5E937CD381->4d7665c3-83ba-40ae-a15f-238c06fe965e: nextIndex: updateUnconditionally 3 -> 2
2020-12-08 01:58:53,450 [grpc-default-executor-1] WARN  server.GrpcLogAppender (LogUtils.java:warn(122)) - c512f228-7a92-4ae7-b739-1627a2a73a2a@group-2A5E937CD381->77c31ea0-0b12-4fcd-af92-232a93661e69-AppendLogResponseHandler: Failed appendEntries: org.apache.ratis.thirdparty.io.grpc.StatusRuntimeException: UNAVAILABLE: io exception
2020-12-08 01:58:53,450 [grpc-default-executor-1] WARN  server.GrpcLogAppender (GrpcLogAppender.java:resetClient(107)) - c512f228-7a92-4ae7-b739-1627a2a73a2a@group-2A5E937CD381->77c31ea0-0b12-4fcd-af92-232a93661e69-GrpcLogAppender: Leader has not got in touch with Follower c512f228-7a92-4ae7-b739-1627a2a73a2a@group-2A5E937CD381->77c31ea0-0b12-4fcd-af92-232a93661e69(c-1,m0,n3, attendVote=true, lastRpcSendTime=0, lastRpcResponseTime=10237) yet, just keep nextIndex unchanged and retry.
2020-12-08 01:58:53,640 [grpc-default-executor-1] WARN  server.GrpcLogAppender (LogUtils.java:warn(122)) - c512f228-7a92-4ae7-b739-1627a2a73a2a@group-2A5E937CD381->4d7665c3-83ba-40ae-a15f-238c06fe965e-AppendLogResponseHandler: Failed appendEntries: org.apache.ratis.thirdparty.io.grpc.StatusRuntimeException: UNAVAILABLE: io exception
2020-12-08 01:58:53,641 [grpc-default-executor-1] INFO  impl.FollowerInfo (FollowerInfo.java:lambda$new$0(51)) - c512f228-7a92-4ae7-b739-1627a2a73a2a@group-2A5E937CD381->4d7665c3-83ba-40ae-a15f-238c06fe965e: nextIndex: updateUnconditionally 3 -> 2
2020-12-08 01:58:53,645 [org.apache.ratis.server.JvmPauseMonitor@61587371-Monitor] WARN  server.JvmPauseMonitor (JvmPauseMonitor.java:run(141)) - Detected pause in JVM or host machine (eg GC): pause of approximately 2ms
No GCs detected
2020-12-08 01:58:53,655 [Listener at 127.0.0.1/34557] INFO  ozoneimpl.OzoneContainer (OzoneContainer.java:stop(257)) - Attempting to stop container services.
2020-12-08 01:58:53,655 [Listener at 127.0.0.1/34557] INFO  impl.RaftServerProxy (RaftServerProxy.java:lambda$close$4(338)) - be1361e3-69b4-4f11-b723-c9a04e197c79: close
2020-12-08 01:58:53,656 [Listener at 127.0.0.1/34557] INFO  impl.RaftServerImpl (RaftServerImpl.java:lambda$shutdown$3(328)) - be1361e3-69b4-4f11-b723-c9a04e197c79@group-0A7006F194FA: shutdown
2020-12-08 01:58:53,656 [Listener at 127.0.0.1/34557] INFO  util.JmxRegister (JmxRegister.java:unregister(73)) - Successfully un-registered JMX Bean with object name Ratis:service=RaftServer,group=group-0A7006F194FA,id=be1361e3-69b4-4f11-b723-c9a04e197c79
2020-12-08 01:58:53,656 [Listener at 127.0.0.1/34557] INFO  impl.RoleInfo (RoleInfo.java:shutdownLeaderState(104)) - be1361e3-69b4-4f11-b723-c9a04e197c79: shutdown be1361e3-69b4-4f11-b723-c9a04e197c79@group-0A7006F194FA-LeaderState
2020-12-08 01:58:53,656 [Listener at 127.0.0.1/34557] INFO  impl.PendingRequests (PendingRequests.java:sendNotLeaderResponses(250)) - be1361e3-69b4-4f11-b723-c9a04e197c79@group-0A7006F194FA-PendingRequests: sendNotLeaderResponses
2020-12-08 01:58:53,658 [Listener at 127.0.0.1/34557] INFO  metrics.RatisMetrics (RatisMetrics.java:unregister(43)) - Unregistering Metrics Registry : ratis.log_appender.be1361e3-69b4-4f11-b723-c9a04e197c79@group-0A7006F194FA
2020-12-08 01:58:53,658 [Listener at 127.0.0.1/34557] INFO  metrics.RatisMetrics (RatisMetrics.java:unregister(43)) - Unregistering Metrics Registry : ratis.server.be1361e3-69b4-4f11-b723-c9a04e197c79@group-0A7006F194FA
2020-12-08 01:58:53,659 [Listener at 127.0.0.1/34557] INFO  impl.StateMachineUpdater (StateMachineUpdater.java:stopAndJoin(147)) - be1361e3-69b4-4f11-b723-c9a04e197c79@group-0A7006F194FA-StateMachineUpdater: set stopIndex = 4
2020-12-08 01:58:53,662 [ForkJoinPool.commonPool-worker-0] INFO  ozoneimpl.OzoneContainer (OzoneContainer.java:stop(257)) - Attempting to stop container services.
2020-12-08 01:58:53,662 [ForkJoinPool.commonPool-worker-0] INFO  impl.RaftServerProxy (RaftServerProxy.java:lambda$close$4(338)) - c512f228-7a92-4ae7-b739-1627a2a73a2a: close
2020-12-08 01:58:53,662 [be1361e3-69b4-4f11-b723-c9a04e197c79@group-0A7006F194FA-StateMachineUpdater] INFO  ratis.ContainerStateMachine (ContainerStateMachine.java:takeSnapshot(293)) - group-0A7006F194FA: Taking a snapshot at:(t:1, i:4) file /github/workspace/mnt/ozone/hadoop-ozone/integration-test/target/test-dir/MiniOzoneClusterImpl-fe278d26-eb6d-413e-b3f8-43e11913de58/datanode-6/data/ratis/b0eee72a-d72c-4cd7-8f27-0a7006f194fa/sm/snapshot.1_4
2020-12-08 01:58:53,662 [ForkJoinPool.commonPool-worker-0] INFO  impl.RaftServerImpl (RaftServerImpl.java:lambda$shutdown$3(328)) - c512f228-7a92-4ae7-b739-1627a2a73a2a@group-2A5E937CD381: shutdown
2020-12-08 01:58:53,663 [ForkJoinPool.commonPool-worker-0] INFO  util.JmxRegister (JmxRegister.java:unregister(73)) - Successfully un-registered JMX Bean with object name Ratis:service=RaftServer,group=group-2A5E937CD381,id=c512f228-7a92-4ae7-b739-1627a2a73a2a
2020-12-08 01:58:53,663 [ForkJoinPool.commonPool-worker-0] INFO  impl.RoleInfo (RoleInfo.java:shutdownLeaderState(104)) - c512f228-7a92-4ae7-b739-1627a2a73a2a: shutdown c512f228-7a92-4ae7-b739-1627a2a73a2a@group-2A5E937CD381-LeaderState
2020-12-08 01:58:53,663 [ForkJoinPool.commonPool-worker-0] INFO  metrics.RatisMetrics (RatisMetrics.java:unregister(43)) - Unregistering Metrics Registry : ratis_grpc.log_appender.c512f228-7a92-4ae7-b739-1627a2a73a2a@group-2A5E937CD381
2020-12-08 01:58:53,663 [ForkJoinPool.commonPool-worker-0] INFO  metrics.RatisMetrics (RatisMetrics.java:unregister(43)) - Unregistering Metrics Registry : ratis_grpc.log_appender.c512f228-7a92-4ae7-b739-1627a2a73a2a@group-2A5E937CD381
2020-12-08 01:58:53,663 [ForkJoinPool.commonPool-worker-0] INFO  impl.PendingRequests (PendingRequests.java:sendNotLeaderResponses(250)) - c512f228-7a92-4ae7-b739-1627a2a73a2a@group-2A5E937CD381-PendingRequests: sendNotLeaderResponses
2020-12-08 01:58:53,663 [org.apache.ratis.server.impl.LogAppender$AppenderDaemon$$Lambda$506/227285228@63b90f1e] WARN  server.GrpcLogAppender (GrpcLogAppender.java:mayWait(168)) - c512f228-7a92-4ae7-b739-1627a2a73a2a@group-2A5E937CD381->4d7665c3-83ba-40ae-a15f-238c06fe965e-GrpcLogAppender: Wait interrupted by java.lang.InterruptedException
2020-12-08 01:58:53,664 [org.apache.ratis.server.impl.LogAppender$AppenderDaemon$$Lambda$506/227285228@59929ade] WARN  server.GrpcLogAppender (GrpcLogAppender.java:mayWait(168)) - c512f228-7a92-4ae7-b739-1627a2a73a2a@group-2A5E937CD381->77c31ea0-0b12-4fcd-af92-232a93661e69-GrpcLogAppender: Wait interrupted by java.lang.InterruptedException
2020-12-08 01:58:53,665 [be1361e3-69b4-4f11-b723-c9a04e197c79@group-0A7006F194FA-StateMachineUpdater] INFO  ratis.ContainerStateMachine (ContainerStateMachine.java:takeSnapshot(304)) - group-0A7006F194FA: Finished taking a snapshot at:(t:1, i:4) file:/github/workspace/mnt/ozone/hadoop-ozone/integration-test/target/test-dir/MiniOzoneClusterImpl-fe278d26-eb6d-413e-b3f8-43e11913de58/datanode-6/data/ratis/b0eee72a-d72c-4cd7-8f27-0a7006f194fa/sm/snapshot.1_4 time:3
2020-12-08 01:58:53,665 [be1361e3-69b4-4f11-b723-c9a04e197c79@group-0A7006F194FA-StateMachineUpdater] INFO  impl.StateMachineUpdater (StateMachineUpdater.java:takeSnapshot(278)) - be1361e3-69b4-4f11-b723-c9a04e197c79@group-0A7006F194FA-StateMachineUpdater: Took a snapshot at index 4
2020-12-08 01:58:53,665 [be1361e3-69b4-4f11-b723-c9a04e197c79@group-0A7006F194FA-StateMachineUpdater] INFO  impl.StateMachineUpdater (StateMachineUpdater.java:lambda$new$0(87)) - be1361e3-69b4-4f11-b723-c9a04e197c79@group-0A7006F194FA-StateMachineUpdater: snapshotIndex: updateIncreasingly -1 -> 4
2020-12-08 01:58:53,665 [be1361e3-69b4-4f11-b723-c9a04e197c79@group-0A7006F194FA-StateMachineUpdater] INFO  metrics.RatisMetrics (RatisMetrics.java:unregister(43)) - Unregistering Metrics Registry : ratis.state_machine.be1361e3-69b4-4f11-b723-c9a04e197c79@group-0A7006F194FA
2020-12-08 01:58:53,665 [Listener at 127.0.0.1/34557] INFO  impl.RaftServerImpl (ServerState.java:close(406)) - be1361e3-69b4-4f11-b723-c9a04e197c79@group-0A7006F194FA: closes. applyIndex: 4
2020-12-08 01:58:53,666 [be1361e3-69b4-4f11-b723-c9a04e197c79@group-0A7006F194FA-SegmentedRaftLogWorker] INFO  segmented.SegmentedRaftLogWorker (SegmentedRaftLogWorker.java:run(329)) - be1361e3-69b4-4f11-b723-c9a04e197c79@group-0A7006F194FA-SegmentedRaftLogWorker was interrupted, exiting. There are 0 tasks remaining in the queue.
2020-12-08 01:58:53,671 [ForkJoinPool.commonPool-worker-0] INFO  metrics.RatisMetrics (RatisMetrics.java:unregister(43)) - Unregistering Metrics Registry : ratis.log_appender.c512f228-7a92-4ae7-b739-1627a2a73a2a@group-2A5E937CD381
2020-12-08 01:58:53,671 [ForkJoinPool.commonPool-worker-0] INFO  metrics.RatisMetrics (RatisMetrics.java:unregister(43)) - Unregistering Metrics Registry : ratis.server.c512f228-7a92-4ae7-b739-1627a2a73a2a@group-2A5E937CD381
2020-12-08 01:58:53,671 [ForkJoinPool.commonPool-worker-0] INFO  impl.StateMachineUpdater (StateMachineUpdater.java:stopAndJoin(147)) - c512f228-7a92-4ae7-b739-1627a2a73a2a@group-2A5E937CD381-StateMachineUpdater: set stopIndex = 2
2020-12-08 01:58:53,672 [c512f228-7a92-4ae7-b739-1627a2a73a2a@group-2A5E937CD381-StateMachineUpdater] INFO  ratis.ContainerStateMachine (ContainerStateMachine.java:takeSnapshot(293)) - group-2A5E937CD381: Taking a snapshot at:(t:2, i:2) file /github/workspace/mnt/ozone/hadoop-ozone/integration-test/target/test-dir/MiniOzoneClusterImpl-fe278d26-eb6d-413e-b3f8-43e11913de58/datanode-0/data/ratis/c767db6c-927c-4df9-a0a1-2a5e937cd381/sm/snapshot.2_2
2020-12-08 01:58:53,672 [Listener at 127.0.0.1/34557] INFO  segmented.SegmentedRaftLogWorker (SegmentedRaftLogWorker.java:close(235)) - be1361e3-69b4-4f11-b723-c9a04e197c79@group-0A7006F194FA-SegmentedRaftLogWorker close()
2020-12-08 01:58:53,672 [c512f228-7a92-4ae7-b739-1627a2a73a2a@group-2A5E937CD381-StateMachineUpdater] INFO  ratis.ContainerStateMachine (ContainerStateMachine.java:takeSnapshot(304)) - group-2A5E937CD381: Finished taking a snapshot at:(t:2, i:2) file:/github/workspace/mnt/ozone/hadoop-ozone/integration-test/target/test-dir/MiniOzoneClusterImpl-fe278d26-eb6d-413e-b3f8-43e11913de58/datanode-0/data/ratis/c767db6c-927c-4df9-a0a1-2a5e937cd381/sm/snapshot.2_2 time:0
2020-12-08 01:58:53,673 [c512f228-7a92-4ae7-b739-1627a2a73a2a@group-2A5E937CD381-StateMachineUpdater] INFO  impl.StateMachineUpdater (StateMachineUpdater.java:takeSnapshot(278)) - c512f228-7a92-4ae7-b739-1627a2a73a2a@group-2A5E937CD381-StateMachineUpdater: Took a snapshot at index 2
2020-12-08 01:58:53,673 [c512f228-7a92-4ae7-b739-1627a2a73a2a@group-2A5E937CD381-StateMachineUpdater] INFO  impl.StateMachineUpdater (StateMachineUpdater.java:lambda$new$0(87)) - c512f228-7a92-4ae7-b739-1627a2a73a2a@group-2A5E937CD381-StateMachineUpdater: snapshotIndex: updateIncreasingly -1 -> 2
2020-12-08 01:58:53,673 [c512f228-7a92-4ae7-b739-1627a2a73a2a@group-2A5E937CD381-StateMachineUpdater] INFO  metrics.RatisMetrics (RatisMetrics.java:unregister(43)) - Unregistering Metrics Registry : ratis.state_machine.c512f228-7a92-4ae7-b739-1627a2a73a2a@group-2A5E937CD381
2020-12-08 01:58:53,673 [ForkJoinPool.commonPool-worker-0] INFO  impl.RaftServerImpl (ServerState.java:close(406)) - c512f228-7a92-4ae7-b739-1627a2a73a2a@group-2A5E937CD381: closes. applyIndex: 2
2020-12-08 01:58:53,673 [c512f228-7a92-4ae7-b739-1627a2a73a2a@group-2A5E937CD381-SegmentedRaftLogWorker] INFO  segmented.SegmentedRaftLogWorker (SegmentedRaftLogWorker.java:run(329)) - c512f228-7a92-4ae7-b739-1627a2a73a2a@group-2A5E937CD381-SegmentedRaftLogWorker was interrupted, exiting. There are 0 tasks remaining in the queue.
2020-12-08 01:58:53,674 [Listener at 127.0.0.1/34557] INFO  metrics.RatisMetrics (RatisMetrics.java:unregister(43)) - Unregistering Metrics Registry : ratis.log_worker.be1361e3-69b4-4f11-b723-c9a04e197c79@group-0A7006F194FA
2020-12-08 01:58:53,675 [Listener at 127.0.0.1/34557] INFO  metrics.RatisMetrics (RatisMetrics.java:unregister(43)) - Unregistering Metrics Registry : ratis.leader_election.be1361e3-69b4-4f11-b723-c9a04e197c79@group-0A7006F194FA
2020-12-08 01:58:53,676 [Listener at 127.0.0.1/34557] INFO  metrics.RatisMetrics (RatisMetrics.java:unregister(43)) - Unregistering Metrics Registry : ratis.server.be1361e3-69b4-4f11-b723-c9a04e197c79@group-0A7006F194FA
2020-12-08 01:58:53,676 [Listener at 127.0.0.1/34557] INFO  server.GrpcService (GrpcService.java:closeImpl(184)) - be1361e3-69b4-4f11-b723-c9a04e197c79: shutdown server with port 41063 now
2020-12-08 01:58:53,676 [ForkJoinPool.commonPool-worker-0] INFO  segmented.SegmentedRaftLogWorker (SegmentedRaftLogWorker.java:close(235)) - c512f228-7a92-4ae7-b739-1627a2a73a2a@group-2A5E937CD381-SegmentedRaftLogWorker close()
2020-12-08 01:58:53,676 [ForkJoinPool.commonPool-worker-0] INFO  metrics.RatisMetrics (RatisMetrics.java:unregister(43)) - Unregistering Metrics Registry : ratis.log_worker.c512f228-7a92-4ae7-b739-1627a2a73a2a@group-2A5E937CD381
2020-12-08 01:58:53,676 [ForkJoinPool.commonPool-worker-0] INFO  metrics.RatisMetrics (RatisMetrics.java:unregister(43)) - Unregistering Metrics Registry : ratis.leader_election.c512f228-7a92-4ae7-b739-1627a2a73a2a@group-2A5E937CD381
2020-12-08 01:58:53,676 [ForkJoinPool.commonPool-worker-0] INFO  metrics.RatisMetrics (RatisMetrics.java:unregister(43)) - Unregistering Metrics Registry : ratis.server.c512f228-7a92-4ae7-b739-1627a2a73a2a@group-2A5E937CD381
2020-12-08 01:58:53,677 [ForkJoinPool.commonPool-worker-0] INFO  impl.RaftServerImpl (RaftServerImpl.java:lambda$shutdown$3(328)) - c512f228-7a92-4ae7-b739-1627a2a73a2a@group-1C572AC61509: shutdown
2020-12-08 01:58:53,677 [ForkJoinPool.commonPool-worker-0] INFO  util.JmxRegister (JmxRegister.java:unregister(73)) - Successfully un-registered JMX Bean with object name Ratis:service=RaftServer,group=group-1C572AC61509,id=c512f228-7a92-4ae7-b739-1627a2a73a2a
2020-12-08 01:58:53,677 [ForkJoinPool.commonPool-worker-0] INFO  impl.RoleInfo (RoleInfo.java:shutdownLeaderState(104)) - c512f228-7a92-4ae7-b739-1627a2a73a2a: shutdown c512f228-7a92-4ae7-b739-1627a2a73a2a@group-1C572AC61509-LeaderState
2020-12-08 01:58:53,677 [ForkJoinPool.commonPool-worker-0] INFO  impl.PendingRequests (PendingRequests.java:sendNotLeaderResponses(250)) - c512f228-7a92-4ae7-b739-1627a2a73a2a@group-1C572AC61509-PendingRequests: sendNotLeaderResponses
2020-12-08 01:58:53,677 [ForkJoinPool.commonPool-worker-0] INFO  metrics.RatisMetrics (RatisMetrics.java:unregister(43)) - Unregistering Metrics Registry : ratis.log_appender.c512f228-7a92-4ae7-b739-1627a2a73a2a@group-1C572AC61509
2020-12-08 01:58:53,677 [ForkJoinPool.commonPool-worker-0] INFO  metrics.RatisMetrics (RatisMetrics.java:unregister(43)) - Unregistering Metrics Registry : ratis.server.c512f228-7a92-4ae7-b739-1627a2a73a2a@group-1C572AC61509
2020-12-08 01:58:53,678 [ForkJoinPool.commonPool-worker-0] INFO  impl.StateMachineUpdater (StateMachineUpdater.java:stopAndJoin(147)) - c512f228-7a92-4ae7-b739-1627a2a73a2a@group-1C572AC61509-StateMachineUpdater: set stopIndex = 0
2020-12-08 01:58:53,678 [c512f228-7a92-4ae7-b739-1627a2a73a2a@group-1C572AC61509-StateMachineUpdater] INFO  ratis.ContainerStateMachine (ContainerStateMachine.java:takeSnapshot(293)) - group-1C572AC61509: Taking a snapshot at:(t:1, i:0) file /github/workspace/mnt/ozone/hadoop-ozone/integration-test/target/test-dir/MiniOzoneClusterImpl-fe278d26-eb6d-413e-b3f8-43e11913de58/datanode-0/data/ratis/fe26cb17-75dc-4e83-85f9-1c572ac61509/sm/snapshot.1_0
2020-12-08 01:58:53,679 [c512f228-7a92-4ae7-b739-1627a2a73a2a@group-1C572AC61509-StateMachineUpdater] INFO  ratis.ContainerStateMachine (ContainerStateMachine.java:takeSnapshot(304)) - group-1C572AC61509: Finished taking a snapshot at:(t:1, i:0) file:/github/workspace/mnt/ozone/hadoop-ozone/integration-test/target/test-dir/MiniOzoneClusterImpl-fe278d26-eb6d-413e-b3f8-43e11913de58/datanode-0/data/ratis/fe26cb17-75dc-4e83-85f9-1c572ac61509/sm/snapshot.1_0 time:1
2020-12-08 01:58:53,680 [c512f228-7a92-4ae7-b739-1627a2a73a2a@group-1C572AC61509-StateMachineUpdater] INFO  impl.StateMachineUpdater (StateMachineUpdater.java:takeSnapshot(278)) - c512f228-7a92-4ae7-b739-1627a2a73a2a@group-1C572AC61509-StateMachineUpdater: Took a snapshot at index 0
2020-12-08 01:58:53,680 [c512f228-7a92-4ae7-b739-1627a2a73a2a@group-1C572AC61509-StateMachineUpdater] INFO  impl.StateMachineUpdater (StateMachineUpdater.java:lambda$new$0(87)) - c512f228-7a92-4ae7-b739-1627a2a73a2a@group-1C572AC61509-StateMachineUpdater: snapshotIndex: updateIncreasingly -1 -> 0
2020-12-08 01:58:53,680 [c512f228-7a92-4ae7-b739-1627a2a73a2a@group-1C572AC61509-StateMachineUpdater] INFO  metrics.RatisMetrics (RatisMetrics.java:unregister(43)) - Unregistering Metrics Registry : ratis.state_machine.c512f228-7a92-4ae7-b739-1627a2a73a2a@group-1C572AC61509
2020-12-08 01:58:53,680 [Listener at 127.0.0.1/34557] INFO  server.GrpcService (GrpcService.java:closeImpl(193)) - be1361e3-69b4-4f11-b723-c9a04e197c79: shutdown server with port 41063 successfully
2020-12-08 01:58:53,681 [ForkJoinPool.commonPool-worker-0] INFO  impl.RaftServerImpl (ServerState.java:close(406)) - c512f228-7a92-4ae7-b739-1627a2a73a2a@group-1C572AC61509: closes. applyIndex: 0
2020-12-08 01:58:53,681 [c512f228-7a92-4ae7-b739-1627a2a73a2a@group-1C572AC61509-SegmentedRaftLogWorker] INFO  segmented.SegmentedRaftLogWorker (SegmentedRaftLogWorker.java:run(329)) - c512f228-7a92-4ae7-b739-1627a2a73a2a@group-1C572AC61509-SegmentedRaftLogWorker was interrupted, exiting. There are 0 tasks remaining in the queue.
2020-12-08 01:58:53,681 [Listener at 127.0.0.1/34557] INFO  utils.BackgroundService (BackgroundService.java:shutdown(132)) - Shutting down service BlockDeletingService
2020-12-08 01:58:53,683 [Listener at 127.0.0.1/34557] INFO  statemachine.DatanodeStateMachine (DatanodeStateMachine.java:stopDaemon(461)) - Ozone container server stopped.
2020-12-08 01:58:53,683 [ForkJoinPool.commonPool-worker-0] INFO  segmented.SegmentedRaftLogWorker (SegmentedRaftLogWorker.java:close(235)) - c512f228-7a92-4ae7-b739-1627a2a73a2a@group-1C572AC61509-SegmentedRaftLogWorker close()
2020-12-08 01:58:53,683 [ForkJoinPool.commonPool-worker-0] INFO  metrics.RatisMetrics (RatisMetrics.java:unregister(43)) - Unregistering Metrics Registry : ratis.log_worker.c512f228-7a92-4ae7-b739-1627a2a73a2a@group-1C572AC61509
2020-12-08 01:58:53,683 [ForkJoinPool.commonPool-worker-0] INFO  metrics.RatisMetrics (RatisMetrics.java:unregister(43)) - Unregistering Metrics Registry : ratis.leader_election.c512f228-7a92-4ae7-b739-1627a2a73a2a@group-1C572AC61509
2020-12-08 01:58:53,683 [ForkJoinPool.commonPool-worker-0] INFO  metrics.RatisMetrics (RatisMetrics.java:unregister(43)) - Unregistering Metrics Registry : ratis.server.c512f228-7a92-4ae7-b739-1627a2a73a2a@group-1C572AC61509
2020-12-08 01:58:53,684 [ForkJoinPool.commonPool-worker-0] INFO  server.GrpcService (GrpcService.java:closeImpl(184)) - c512f228-7a92-4ae7-b739-1627a2a73a2a: shutdown server with port 38631 now
2020-12-08 01:58:53,694 [ForkJoinPool.commonPool-worker-0] INFO  server.GrpcService (GrpcService.java:closeImpl(193)) - c512f228-7a92-4ae7-b739-1627a2a73a2a: shutdown server with port 38631 successfully
2020-12-08 01:58:53,694 [Listener at 127.0.0.1/34557] INFO  handler.ContextHandler (ContextHandler.java:doStop(1154)) - Stopped o.e.j.w.WebAppContext@383ad740{hddsDatanode,/,null,STOPPED}{jar:file:/home/user/.m2/repository/org/apache/hadoop/hadoop-hdds-container-service/1.1.0-SNAPSHOT/hadoop-hdds-container-service-1.1.0-SNAPSHOT.jar!/webapps/hddsDatanode}
2020-12-08 01:58:53,695 [Listener at 127.0.0.1/34557] INFO  server.AbstractConnector (AbstractConnector.java:doStop(381)) - Stopped ServerConnector@1db61354{HTTP/1.1, (http/1.1)}{0.0.0.0:0}
2020-12-08 01:58:53,695 [Listener at 127.0.0.1/34557] INFO  server.session (HouseKeeper.java:stopScavenging(149)) - node0 Stopped scavenging
2020-12-08 01:58:53,696 [Listener at 127.0.0.1/34557] INFO  handler.ContextHandler (ContextHandler.java:doStop(1154)) - Stopped o.e.j.s.ServletContextHandler@3d3f5ae1{static,/static,jar:file:/home/user/.m2/repository/org/apache/hadoop/hadoop-hdds-container-service/1.1.0-SNAPSHOT/hadoop-hdds-container-service-1.1.0-SNAPSHOT.jar!/webapps/static,STOPPED}
2020-12-08 01:58:53,696 [Listener at 127.0.0.1/34557] INFO  handler.ContextHandler (ContextHandler.java:doStop(1154)) - Stopped o.e.j.s.ServletContextHandler@3aee0a45{logs,/logs,file:///github/workspace/mnt/ozone/hadoop-ozone/integration-test/target/log,STOPPED}
2020-12-08 01:58:53,698 [ForkJoinPool.commonPool-worker-0] INFO  utils.BackgroundService (BackgroundService.java:shutdown(132)) - Shutting down service BlockDeletingService
2020-12-08 01:58:53,700 [ForkJoinPool.commonPool-worker-0] INFO  statemachine.DatanodeStateMachine (DatanodeStateMachine.java:stopDaemon(461)) - Ozone container server stopped.
2020-12-08 01:58:53,711 [ForkJoinPool.commonPool-worker-0] INFO  handler.ContextHandler (ContextHandler.java:doStop(1154)) - Stopped o.e.j.w.WebAppContext@24a48089{hddsDatanode,/,null,STOPPED}{jar:file:/home/user/.m2/repository/org/apache/hadoop/hadoop-hdds-container-service/1.1.0-SNAPSHOT/hadoop-hdds-container-service-1.1.0-SNAPSHOT.jar!/webapps/hddsDatanode}
2020-12-08 01:58:53,711 [ForkJoinPool.commonPool-worker-0] INFO  server.AbstractConnector (AbstractConnector.java:doStop(381)) - Stopped ServerConnector@188cee5b{HTTP/1.1, (http/1.1)}{0.0.0.0:0}
2020-12-08 01:58:53,711 [ForkJoinPool.commonPool-worker-0] INFO  server.session (HouseKeeper.java:stopScavenging(149)) - node0 Stopped scavenging
2020-12-08 01:58:53,712 [ForkJoinPool.commonPool-worker-0] INFO  handler.ContextHandler (ContextHandler.java:doStop(1154)) - Stopped o.e.j.s.ServletContextHandler@3599e389{static,/static,jar:file:/home/user/.m2/repository/org/apache/hadoop/hadoop-hdds-container-service/1.1.0-SNAPSHOT/hadoop-hdds-container-service-1.1.0-SNAPSHOT.jar!/webapps/static,STOPPED}
2020-12-08 01:58:53,712 [ForkJoinPool.commonPool-worker-0] INFO  handler.ContextHandler (ContextHandler.java:doStop(1154)) - Stopped o.e.j.s.ServletContextHandler@277222c1{logs,/logs,file:///github/workspace/mnt/ozone/hadoop-ozone/integration-test/target/log,STOPPED}
2020-12-08 01:58:54,170 [Thread-671] INFO  impl.FollowerState (FollowerState.java:run(128)) - ab1d11b0-5e74-4d38-b665-6acb1b1e4e59@group-BF2FC515E206-FollowerState: change to CANDIDATE, lastRpcTime:8064ms, electionTimeout:5078ms
2020-12-08 01:58:54,171 [Thread-671] INFO  impl.RoleInfo (RoleInfo.java:shutdownFollowerState(121)) - ab1d11b0-5e74-4d38-b665-6acb1b1e4e59: shutdown ab1d11b0-5e74-4d38-b665-6acb1b1e4e59@group-BF2FC515E206-FollowerState
2020-12-08 01:58:54,171 [Thread-671] INFO  impl.RaftServerImpl (RaftServerImpl.java:setRole(204)) - ab1d11b0-5e74-4d38-b665-6acb1b1e4e59@group-BF2FC515E206: changes role from  FOLLOWER to CANDIDATE at term 1 for changeToCandidate
2020-12-08 01:58:54,171 [Thread-671] INFO  impl.RoleInfo (RoleInfo.java:updateAndGet(143)) - ab1d11b0-5e74-4d38-b665-6acb1b1e4e59: start ab1d11b0-5e74-4d38-b665-6acb1b1e4e59@group-BF2FC515E206-LeaderElection24
2020-12-08 01:58:54,172 [ab1d11b0-5e74-4d38-b665-6acb1b1e4e59@group-BF2FC515E206-LeaderElection24] INFO  impl.RaftServerImpl (ServerState.java:setLeader(256)) - ab1d11b0-5e74-4d38-b665-6acb1b1e4e59@group-BF2FC515E206: change Leader from f6ee95b5-7ee2-4946-b0be-20c7e4036df8 to null at term 1 for initElection
2020-12-08 01:58:54,173 [ab1d11b0-5e74-4d38-b665-6acb1b1e4e59@group-BF2FC515E206-LeaderElection24] INFO  impl.LeaderElection (LeaderElection.java:askForVotes(215)) - ab1d11b0-5e74-4d38-b665-6acb1b1e4e59@group-BF2FC515E206-LeaderElection24: begin an election at term 2 for 0: [ab1d11b0-5e74-4d38-b665-6acb1b1e4e59|rpc:172.17.0.2:43893|dataStream:, f6ee95b5-7ee2-4946-b0be-20c7e4036df8|rpc:172.17.0.2:40029|dataStream:, 39945dd8-822d-49dd-8781-4af99b069674|rpc:172.17.0.2:35293|dataStream:], old=null
2020-12-08 01:58:54,184 [ab1d11b0-5e74-4d38-b665-6acb1b1e4e59@group-BF2FC515E206-LeaderElection24] INFO  impl.LeaderElection (LogUtils.java:infoOrTrace(137)) - ab1d11b0-5e74-4d38-b665-6acb1b1e4e59@group-BF2FC515E206-LeaderElection24 got exception when requesting votes: java.util.concurrent.ExecutionException: org.apache.ratis.thirdparty.io.grpc.StatusRuntimeException: UNAVAILABLE: io exception
2020-12-08 01:58:54,184 [ab1d11b0-5e74-4d38-b665-6acb1b1e4e59@group-BF2FC515E206-LeaderElection24] INFO  impl.LeaderElection (LogUtils.java:infoOrTrace(137)) - ab1d11b0-5e74-4d38-b665-6acb1b1e4e59@group-BF2FC515E206-LeaderElection24 got exception when requesting votes: java.util.concurrent.ExecutionException: org.apache.ratis.thirdparty.io.grpc.StatusRuntimeException: UNAVAILABLE: io exception
2020-12-08 01:58:54,184 [ab1d11b0-5e74-4d38-b665-6acb1b1e4e59@group-BF2FC515E206-LeaderElection24] INFO  impl.LeaderElection (LeaderElection.java:logAndReturn(65)) - ab1d11b0-5e74-4d38-b665-6acb1b1e4e59@group-BF2FC515E206-LeaderElection24: Election REJECTED; received 0 response(s) [] and 2 exception(s); ab1d11b0-5e74-4d38-b665-6acb1b1e4e59@group-BF2FC515E206:t2, leader=null, voted=ab1d11b0-5e74-4d38-b665-6acb1b1e4e59, raftlog=ab1d11b0-5e74-4d38-b665-6acb1b1e4e59@group-BF2FC515E206-SegmentedRaftLog:OPENED:c0,f0,i0, conf=0: [ab1d11b0-5e74-4d38-b665-6acb1b1e4e59|rpc:172.17.0.2:43893|dataStream:, f6ee95b5-7ee2-4946-b0be-20c7e4036df8|rpc:172.17.0.2:40029|dataStream:, 39945dd8-822d-49dd-8781-4af99b069674|rpc:172.17.0.2:35293|dataStream:], old=null
2020-12-08 01:58:54,184 [ab1d11b0-5e74-4d38-b665-6acb1b1e4e59@group-BF2FC515E206-LeaderElection24] INFO  impl.LeaderElection (LogUtils.java:infoOrTrace(137)) -   Exception 0: java.util.concurrent.ExecutionException: org.apache.ratis.thirdparty.io.grpc.StatusRuntimeException: UNAVAILABLE: io exception
2020-12-08 01:58:54,184 [ab1d11b0-5e74-4d38-b665-6acb1b1e4e59@group-BF2FC515E206-LeaderElection24] INFO  impl.LeaderElection (LogUtils.java:infoOrTrace(137)) -   Exception 1: java.util.concurrent.ExecutionException: org.apache.ratis.thirdparty.io.grpc.StatusRuntimeException: UNAVAILABLE: io exception
2020-12-08 01:58:54,185 [ab1d11b0-5e74-4d38-b665-6acb1b1e4e59@group-BF2FC515E206-LeaderElection24] INFO  impl.RaftServerImpl (RaftServerImpl.java:setRole(204)) - ab1d11b0-5e74-4d38-b665-6acb1b1e4e59@group-BF2FC515E206: changes role from CANDIDATE to FOLLOWER at term 2 for DISCOVERED_A_NEW_TERM
2020-12-08 01:58:54,185 [ab1d11b0-5e74-4d38-b665-6acb1b1e4e59@group-BF2FC515E206-LeaderElection24] INFO  impl.RoleInfo (RoleInfo.java:shutdownLeaderElection(134)) - ab1d11b0-5e74-4d38-b665-6acb1b1e4e59: shutdown ab1d11b0-5e74-4d38-b665-6acb1b1e4e59@group-BF2FC515E206-LeaderElection24
2020-12-08 01:58:54,185 [ab1d11b0-5e74-4d38-b665-6acb1b1e4e59@group-BF2FC515E206-LeaderElection24] INFO  impl.RoleInfo (RoleInfo.java:updateAndGet(143)) - ab1d11b0-5e74-4d38-b665-6acb1b1e4e59: start ab1d11b0-5e74-4d38-b665-6acb1b1e4e59@group-BF2FC515E206-FollowerState
2020-12-08 01:58:54,453 [Datanode State Machine Thread - 0] INFO  statemachine.DatanodeStateMachine (DatanodeStateMachine.java:lambda$startDaemon$0(408)) - Ozone container server started.
2020-12-08 01:58:58,698 [Listener at 127.0.0.1/34557] INFO  ozoneimpl.OzoneContainer (OzoneContainer.java:stop(257)) - Attempting to stop container services.
2020-12-08 01:58:58,699 [Listener at 127.0.0.1/34557] INFO  impl.RaftServerProxy (RaftServerProxy.java:lambda$close$4(338)) - ab1d11b0-5e74-4d38-b665-6acb1b1e4e59: close
2020-12-08 01:58:58,699 [Listener at 127.0.0.1/34557] INFO  impl.RaftServerImpl (RaftServerImpl.java:lambda$shutdown$3(328)) - ab1d11b0-5e74-4d38-b665-6acb1b1e4e59@group-A0906E24071F: shutdown
2020-12-08 01:58:58,700 [Listener at 127.0.0.1/34557] INFO  util.JmxRegister (JmxRegister.java:unregister(73)) - Successfully un-registered JMX Bean with object name Ratis:service=RaftServer,group=group-A0906E24071F,id=ab1d11b0-5e74-4d38-b665-6acb1b1e4e59
2020-12-08 01:58:58,700 [Listener at 127.0.0.1/34557] INFO  impl.RoleInfo (RoleInfo.java:shutdownLeaderState(104)) - ab1d11b0-5e74-4d38-b665-6acb1b1e4e59: shutdown ab1d11b0-5e74-4d38-b665-6acb1b1e4e59@group-A0906E24071F-LeaderState
2020-12-08 01:58:58,700 [Listener at 127.0.0.1/34557] INFO  impl.PendingRequests (PendingRequests.java:sendNotLeaderResponses(250)) - ab1d11b0-5e74-4d38-b665-6acb1b1e4e59@group-A0906E24071F-PendingRequests: sendNotLeaderResponses
2020-12-08 01:58:58,711 [ForkJoinPool.commonPool-worker-1] INFO  impl.RaftServerImpl (RaftServerImpl.java:lambda$shutdown$3(328)) - ab1d11b0-5e74-4d38-b665-6acb1b1e4e59@group-BF2FC515E206: shutdown
2020-12-08 01:58:58,711 [ForkJoinPool.commonPool-worker-1] INFO  util.JmxRegister (JmxRegister.java:unregister(73)) - Successfully un-registered JMX Bean with object name Ratis:service=RaftServer,group=group-BF2FC515E206,id=ab1d11b0-5e74-4d38-b665-6acb1b1e4e59
2020-12-08 01:58:58,711 [ForkJoinPool.commonPool-worker-1] INFO  impl.RoleInfo (RoleInfo.java:shutdownFollowerState(121)) - ab1d11b0-5e74-4d38-b665-6acb1b1e4e59: shutdown ab1d11b0-5e74-4d38-b665-6acb1b1e4e59@group-BF2FC515E206-FollowerState
2020-12-08 01:58:58,712 [ForkJoinPool.commonPool-worker-1] INFO  impl.StateMachineUpdater (StateMachineUpdater.java:stopAndJoin(147)) - ab1d11b0-5e74-4d38-b665-6acb1b1e4e59@group-BF2FC515E206-StateMachineUpdater: set stopIndex = 0
2020-12-08 01:58:58,712 [Thread-785] INFO  impl.FollowerState (FollowerState.java:run(137)) - ab1d11b0-5e74-4d38-b665-6acb1b1e4e59@group-BF2FC515E206-FollowerState was interrupted: {}
java.lang.InterruptedException: sleep interrupted
	at java.lang.Thread.sleep(Native Method)
	at org.apache.ratis.util.JavaUtils.sleep(JavaUtils.java:250)
	at org.apache.ratis.server.impl.FollowerState.run(FollowerState.java:116)
2020-12-08 01:58:58,712 [ab1d11b0-5e74-4d38-b665-6acb1b1e4e59@group-BF2FC515E206-StateMachineUpdater] INFO  ratis.ContainerStateMachine (ContainerStateMachine.java:takeSnapshot(293)) - group-BF2FC515E206: Taking a snapshot at:(t:1, i:0) file /github/workspace/mnt/ozone/hadoop-ozone/integration-test/target/test-dir/MiniOzoneClusterImpl-fe278d26-eb6d-413e-b3f8-43e11913de58/datanode-5/data/ratis/0cddbc73-56c6-4de8-8b06-bf2fc515e206/sm/snapshot.1_0
2020-12-08 01:58:58,711 [Listener at 127.0.0.1/34557] INFO  metrics.RatisMetrics (RatisMetrics.java:unregister(43)) - Unregistering Metrics Registry : ratis.log_appender.ab1d11b0-5e74-4d38-b665-6acb1b1e4e59@group-A0906E24071F
2020-12-08 01:58:58,713 [ab1d11b0-5e74-4d38-b665-6acb1b1e4e59@group-BF2FC515E206-StateMachineUpdater] INFO  ratis.ContainerStateMachine (ContainerStateMachine.java:takeSnapshot(304)) - group-BF2FC515E206: Finished taking a snapshot at:(t:1, i:0) file:/github/workspace/mnt/ozone/hadoop-ozone/integration-test/target/test-dir/MiniOzoneClusterImpl-fe278d26-eb6d-413e-b3f8-43e11913de58/datanode-5/data/ratis/0cddbc73-56c6-4de8-8b06-bf2fc515e206/sm/snapshot.1_0 time:1
2020-12-08 01:58:58,713 [Listener at 127.0.0.1/34557] INFO  metrics.RatisMetrics (RatisMetrics.java:unregister(43)) - Unregistering Metrics Registry : ratis.server.ab1d11b0-5e74-4d38-b665-6acb1b1e4e59@group-A0906E24071F
2020-12-08 01:58:58,713 [ab1d11b0-5e74-4d38-b665-6acb1b1e4e59@group-BF2FC515E206-StateMachineUpdater] INFO  impl.StateMachineUpdater (StateMachineUpdater.java:takeSnapshot(278)) - ab1d11b0-5e74-4d38-b665-6acb1b1e4e59@group-BF2FC515E206-StateMachineUpdater: Took a snapshot at index 0
2020-12-08 01:58:58,713 [ab1d11b0-5e74-4d38-b665-6acb1b1e4e59@group-BF2FC515E206-StateMachineUpdater] INFO  impl.StateMachineUpdater (StateMachineUpdater.java:lambda$new$0(87)) - ab1d11b0-5e74-4d38-b665-6acb1b1e4e59@group-BF2FC515E206-StateMachineUpdater: snapshotIndex: updateIncreasingly -1 -> 0
2020-12-08 01:58:58,714 [ab1d11b0-5e74-4d38-b665-6acb1b1e4e59@group-BF2FC515E206-StateMachineUpdater] INFO  metrics.RatisMetrics (RatisMetrics.java:unregister(43)) - Unregistering Metrics Registry : ratis.state_machine.ab1d11b0-5e74-4d38-b665-6acb1b1e4e59@group-BF2FC515E206
2020-12-08 01:58:58,714 [Listener at 127.0.0.1/34557] INFO  impl.StateMachineUpdater (StateMachineUpdater.java:stopAndJoin(147)) - ab1d11b0-5e74-4d38-b665-6acb1b1e4e59@group-A0906E24071F-StateMachineUpdater: set stopIndex = 11
2020-12-08 01:58:58,714 [ForkJoinPool.commonPool-worker-1] INFO  impl.RaftServerImpl (ServerState.java:close(406)) - ab1d11b0-5e74-4d38-b665-6acb1b1e4e59@group-BF2FC515E206: closes. applyIndex: 0
2020-12-08 01:58:58,714 [ab1d11b0-5e74-4d38-b665-6acb1b1e4e59@group-BF2FC515E206-SegmentedRaftLogWorker] INFO  segmented.SegmentedRaftLogWorker (SegmentedRaftLogWorker.java:run(329)) - ab1d11b0-5e74-4d38-b665-6acb1b1e4e59@group-BF2FC515E206-SegmentedRaftLogWorker was interrupted, exiting. There are 0 tasks remaining in the queue.
2020-12-08 01:58:58,714 [ForkJoinPool.commonPool-worker-1] INFO  segmented.SegmentedRaftLogWorker (SegmentedRaftLogWorker.java:close(235)) - ab1d11b0-5e74-4d38-b665-6acb1b1e4e59@group-BF2FC515E206-SegmentedRaftLogWorker close()
2020-12-08 01:58:58,715 [ForkJoinPool.commonPool-worker-1] INFO  metrics.RatisMetrics (RatisMetrics.java:unregister(43)) - Unregistering Metrics Registry : ratis.log_worker.ab1d11b0-5e74-4d38-b665-6acb1b1e4e59@group-BF2FC515E206
2020-12-08 01:58:58,715 [ForkJoinPool.commonPool-worker-1] INFO  metrics.RatisMetrics (RatisMetrics.java:unregister(43)) - Unregistering Metrics Registry : ratis.leader_election.ab1d11b0-5e74-4d38-b665-6acb1b1e4e59@group-BF2FC515E206
2020-12-08 01:58:58,715 [ForkJoinPool.commonPool-worker-1] INFO  metrics.RatisMetrics (RatisMetrics.java:unregister(43)) - Unregistering Metrics Registry : ratis.server.ab1d11b0-5e74-4d38-b665-6acb1b1e4e59@group-BF2FC515E206
2020-12-08 01:58:58,715 [ab1d11b0-5e74-4d38-b665-6acb1b1e4e59@group-A0906E24071F-StateMachineUpdater] INFO  ratis.ContainerStateMachine (ContainerStateMachine.java:takeSnapshot(293)) - group-A0906E24071F: Taking a snapshot at:(t:1, i:11) file /github/workspace/mnt/ozone/hadoop-ozone/integration-test/target/test-dir/MiniOzoneClusterImpl-fe278d26-eb6d-413e-b3f8-43e11913de58/datanode-5/data/ratis/c14d7965-46e0-47c5-8601-a0906e24071f/sm/snapshot.1_11
2020-12-08 01:58:58,717 [ab1d11b0-5e74-4d38-b665-6acb1b1e4e59@group-A0906E24071F-StateMachineUpdater] INFO  ratis.ContainerStateMachine (ContainerStateMachine.java:takeSnapshot(304)) - group-A0906E24071F: Finished taking a snapshot at:(t:1, i:11) file:/github/workspace/mnt/ozone/hadoop-ozone/integration-test/target/test-dir/MiniOzoneClusterImpl-fe278d26-eb6d-413e-b3f8-43e11913de58/datanode-5/data/ratis/c14d7965-46e0-47c5-8601-a0906e24071f/sm/snapshot.1_11 time:2
2020-12-08 01:58:58,717 [ab1d11b0-5e74-4d38-b665-6acb1b1e4e59@group-A0906E24071F-StateMachineUpdater] INFO  impl.StateMachineUpdater (StateMachineUpdater.java:takeSnapshot(278)) - ab1d11b0-5e74-4d38-b665-6acb1b1e4e59@group-A0906E24071F-StateMachineUpdater: Took a snapshot at index 11
2020-12-08 01:58:58,717 [ab1d11b0-5e74-4d38-b665-6acb1b1e4e59@group-A0906E24071F-StateMachineUpdater] INFO  impl.StateMachineUpdater (StateMachineUpdater.java:lambda$new$0(87)) - ab1d11b0-5e74-4d38-b665-6acb1b1e4e59@group-A0906E24071F-StateMachineUpdater: snapshotIndex: updateIncreasingly -1 -> 11
2020-12-08 01:58:58,717 [ab1d11b0-5e74-4d38-b665-6acb1b1e4e59@group-A0906E24071F-StateMachineUpdater] INFO  metrics.RatisMetrics (RatisMetrics.java:unregister(43)) - Unregistering Metrics Registry : ratis.state_machine.ab1d11b0-5e74-4d38-b665-6acb1b1e4e59@group-A0906E24071F
2020-12-08 01:58:58,718 [Listener at 127.0.0.1/34557] INFO  impl.RaftServerImpl (ServerState.java:close(406)) - ab1d11b0-5e74-4d38-b665-6acb1b1e4e59@group-A0906E24071F: closes. applyIndex: 11
2020-12-08 01:58:58,718 [ab1d11b0-5e74-4d38-b665-6acb1b1e4e59@group-A0906E24071F-SegmentedRaftLogWorker] INFO  segmented.SegmentedRaftLogWorker (SegmentedRaftLogWorker.java:run(329)) - ab1d11b0-5e74-4d38-b665-6acb1b1e4e59@group-A0906E24071F-SegmentedRaftLogWorker was interrupted, exiting. There are 0 tasks remaining in the queue.
2020-12-08 01:58:58,718 [Listener at 127.0.0.1/34557] INFO  segmented.SegmentedRaftLogWorker (SegmentedRaftLogWorker.java:close(235)) - ab1d11b0-5e74-4d38-b665-6acb1b1e4e59@group-A0906E24071F-SegmentedRaftLogWorker close()
2020-12-08 01:58:58,718 [Listener at 127.0.0.1/34557] INFO  metrics.RatisMetrics (RatisMetrics.java:unregister(43)) - Unregistering Metrics Registry : ratis.log_worker.ab1d11b0-5e74-4d38-b665-6acb1b1e4e59@group-A0906E24071F
2020-12-08 01:58:58,718 [Listener at 127.0.0.1/34557] INFO  metrics.RatisMetrics (RatisMetrics.java:unregister(43)) - Unregistering Metrics Registry : ratis.leader_election.ab1d11b0-5e74-4d38-b665-6acb1b1e4e59@group-A0906E24071F
2020-12-08 01:58:58,719 [Listener at 127.0.0.1/34557] INFO  metrics.RatisMetrics (RatisMetrics.java:unregister(43)) - Unregistering Metrics Registry : ratis.server.ab1d11b0-5e74-4d38-b665-6acb1b1e4e59@group-A0906E24071F
2020-12-08 01:58:58,719 [Listener at 127.0.0.1/34557] INFO  server.GrpcService (GrpcService.java:closeImpl(184)) - ab1d11b0-5e74-4d38-b665-6acb1b1e4e59: shutdown server with port 43893 now
2020-12-08 01:58:58,722 [Listener at 127.0.0.1/34557] INFO  server.GrpcService (GrpcService.java:closeImpl(193)) - ab1d11b0-5e74-4d38-b665-6acb1b1e4e59: shutdown server with port 43893 successfully
2020-12-08 01:58:58,723 [Listener at 127.0.0.1/34557] INFO  utils.BackgroundService (BackgroundService.java:shutdown(132)) - Shutting down service BlockDeletingService
2020-12-08 01:58:58,724 [Listener at 127.0.0.1/34557] INFO  statemachine.DatanodeStateMachine (DatanodeStateMachine.java:stopDaemon(461)) - Ozone container server stopped.
2020-12-08 01:58:58,735 [Listener at 127.0.0.1/34557] INFO  handler.ContextHandler (ContextHandler.java:doStop(1154)) - Stopped o.e.j.w.WebAppContext@4ef7cf56{hddsDatanode,/,null,STOPPED}{jar:file:/home/user/.m2/repository/org/apache/hadoop/hadoop-hdds-container-service/1.1.0-SNAPSHOT/hadoop-hdds-container-service-1.1.0-SNAPSHOT.jar!/webapps/hddsDatanode}
2020-12-08 01:58:58,735 [Listener at 127.0.0.1/34557] INFO  server.AbstractConnector (AbstractConnector.java:doStop(381)) - Stopped ServerConnector@5c189c2{HTTP/1.1, (http/1.1)}{0.0.0.0:0}
2020-12-08 01:58:58,735 [Listener at 127.0.0.1/34557] INFO  server.session (HouseKeeper.java:stopScavenging(149)) - node0 Stopped scavenging
2020-12-08 01:58:58,736 [Listener at 127.0.0.1/34557] INFO  handler.ContextHandler (ContextHandler.java:doStop(1154)) - Stopped o.e.j.s.ServletContextHandler@61b8a589{static,/static,jar:file:/home/user/.m2/repository/org/apache/hadoop/hadoop-hdds-container-service/1.1.0-SNAPSHOT/hadoop-hdds-container-service-1.1.0-SNAPSHOT.jar!/webapps/static,STOPPED}
2020-12-08 01:58:58,736 [Listener at 127.0.0.1/34557] INFO  handler.ContextHandler (ContextHandler.java:doStop(1154)) - Stopped o.e.j.s.ServletContextHandler@71bf1f63{logs,/logs,file:///github/workspace/mnt/ozone/hadoop-ozone/integration-test/target/log,STOPPED}
2020-12-08 01:58:58,737 [Listener at 127.0.0.1/34557] INFO  ozone.MiniOzoneClusterImpl (MiniOzoneClusterImpl.java:stopSCM(477)) - Stopping the StorageContainerManager
2020-12-08 01:58:58,737 [Listener at 127.0.0.1/34557] INFO  server.StorageContainerManager (StorageContainerManager.java:stop(832)) - Stopping Replication Manager Service.
2020-12-08 01:58:58,737 [Listener at 127.0.0.1/34557] INFO  container.ReplicationManager (ReplicationManager.java:stop(227)) - Stopping Replication Monitor Thread.
2020-12-08 01:58:58,737 [Listener at 127.0.0.1/34557] INFO  server.StorageContainerManager (StorageContainerManager.java:stop(839)) - Stopping the Datanode Admin Monitor.
2020-12-08 01:58:58,738 [Listener at 127.0.0.1/34557] INFO  server.StorageContainerManager (StorageContainerManager.java:stop(846)) - Stopping Lease Manager of the command watchers
2020-12-08 01:58:58,738 [CommandWatcher-LeaseManager#LeaseMonitor] ERROR lease.LeaseManager (LeaseManager.java:run(238)) - Execution was interrupted 
java.lang.InterruptedException: sleep interrupted
	at java.lang.Thread.sleep(Native Method)
	at org.apache.hadoop.ozone.lease.LeaseManager$LeaseMonitor.run(LeaseManager.java:234)
	at java.lang.Thread.run(Thread.java:748)
2020-12-08 01:58:58,738 [Listener at 127.0.0.1/34557] INFO  server.StorageContainerManager (StorageContainerManager.java:stop(853)) - Stopping datanode service RPC server
2020-12-08 01:58:58,738 [Listener at 127.0.0.1/34557] INFO  server.SCMDatanodeProtocolServer (SCMDatanodeProtocolServer.java:stop(369)) - Stopping the RPC server for DataNodes
2020-12-08 01:58:58,738 [Listener at 127.0.0.1/34557] INFO  ipc.Server (Server.java:stop(3359)) - Stopping server on 46657
2020-12-08 01:58:58,739 [IPC Server listener on 0] INFO  ipc.Server (Server.java:run(1330)) - Stopping IPC Server listener on 0
2020-12-08 01:58:58,741 [IPC Server Responder] INFO  ipc.Server (Server.java:run(1465)) - Stopping IPC Server Responder
2020-12-08 01:58:58,819 [SCM Heartbeat Processing Thread - 0] WARN  node.NodeStateManager (NodeStateManager.java:scheduleNextHealthCheck(688)) - Current Thread is interrupted, shutting down HB processing thread for Node Manager.
2020-12-08 01:58:58,820 [Listener at 127.0.0.1/34557] INFO  server.StorageContainerManager (StorageContainerManager.java:stop(861)) - Stopping block service RPC server
2020-12-08 01:58:58,820 [Listener at 127.0.0.1/34557] INFO  server.SCMBlockProtocolServer (SCMBlockProtocolServer.java:stop(159)) - Stopping the RPC server for Block Protocol
2020-12-08 01:58:58,820 [Listener at 127.0.0.1/34557] INFO  ipc.Server (Server.java:stop(3359)) - Stopping server on 46811
2020-12-08 01:58:58,821 [IPC Server listener on 0] INFO  ipc.Server (Server.java:run(1330)) - Stopping IPC Server listener on 0
2020-12-08 01:58:58,823 [IPC Server Responder] INFO  ipc.Server (Server.java:run(1465)) - Stopping IPC Server Responder
2020-12-08 01:58:58,823 [Listener at 127.0.0.1/34557] INFO  server.StorageContainerManager (StorageContainerManager.java:stop(868)) - Stopping the StorageContainerLocationProtocol RPC server
2020-12-08 01:58:58,823 [Listener at 127.0.0.1/34557] INFO  server.SCMClientProtocolServer (SCMClientProtocolServer.java:stop(168)) - Stopping the RPC server for Client Protocol
2020-12-08 01:58:58,823 [Listener at 127.0.0.1/34557] INFO  ipc.Server (Server.java:stop(3359)) - Stopping server on 36393
2020-12-08 01:58:58,825 [IPC Server listener on 0] INFO  ipc.Server (Server.java:run(1330)) - Stopping IPC Server listener on 0
2020-12-08 01:58:58,826 [IPC Server Responder] INFO  ipc.Server (Server.java:run(1465)) - Stopping IPC Server Responder
2020-12-08 01:58:58,826 [Listener at 127.0.0.1/34557] INFO  server.StorageContainerManager (StorageContainerManager.java:stop(875)) - Stopping Storage Container Manager HTTP server.
2020-12-08 01:58:58,828 [Listener at 127.0.0.1/34557] INFO  handler.ContextHandler (ContextHandler.java:doStop(1154)) - Stopped o.e.j.w.WebAppContext@421507d7{scm,/,null,STOPPED}{file:/github/workspace/mnt/ozone/hadoop-ozone/integration-test/target/test-classes/webapps/scm}
2020-12-08 01:58:58,829 [Listener at 127.0.0.1/34557] INFO  server.AbstractConnector (AbstractConnector.java:doStop(381)) - Stopped ServerConnector@746ddc64{HTTP/1.1, (http/1.1)}{0.0.0.0:0}
2020-12-08 01:58:58,829 [Listener at 127.0.0.1/34557] INFO  server.session (HouseKeeper.java:stopScavenging(149)) - node0 Stopped scavenging
2020-12-08 01:58:58,829 [Listener at 127.0.0.1/34557] INFO  handler.ContextHandler (ContextHandler.java:doStop(1154)) - Stopped o.e.j.s.ServletContextHandler@6bbbcbc4{static,/static,file:///github/workspace/mnt/ozone/hadoop-ozone/integration-test/target/test-classes/webapps/static,STOPPED}
2020-12-08 01:58:58,829 [Listener at 127.0.0.1/34557] INFO  handler.ContextHandler (ContextHandler.java:doStop(1154)) - Stopped o.e.j.s.ServletContextHandler@3f45797e{logs,/logs,file:///github/workspace/mnt/ozone/hadoop-ozone/integration-test/target/log,STOPPED}
2020-12-08 01:58:58,830 [Listener at 127.0.0.1/34557] INFO  server.StorageContainerManager (StorageContainerManager.java:stop(886)) - Stopping Block Manager Service.
2020-12-08 01:58:58,830 [Listener at 127.0.0.1/34557] INFO  utils.BackgroundService (BackgroundService.java:shutdown(132)) - Shutting down service SCMBlockDeletingService
2020-12-08 01:58:58,832 [Listener at 127.0.0.1/34557] INFO  utils.BackgroundService (BackgroundService.java:shutdown(132)) - Shutting down service SCMBlockDeletingService
2020-12-08 01:58:58,832 [Listener at 127.0.0.1/34557] INFO  server.StorageContainerManager (StorageContainerManager.java:stop(911)) - Stopping SCM Event Queue.
2020-12-08 01:58:58,836 [Listener at 127.0.0.1/34557] INFO  impl.MetricsSystemImpl (MetricsSystemImpl.java:stop(210)) - Stopping HddsDatanode metrics system...
2020-12-08 01:58:58,851 [Listener at 127.0.0.1/34557] INFO  impl.MetricsSystemImpl (MetricsSystemImpl.java:stop(216)) - HddsDatanode metrics system stopped.
]]></system-out>
  </testcase>
</testsuite>