<?xml version="1.0" encoding="UTF-8"?>
<testsuite xmlns:xsi="http://www.w3.org/2001/XMLSchema-instance" xsi:noNamespaceSchemaLocation="https://maven.apache.org/surefire/maven-surefire-plugin/xsd/surefire-test-report.xsd" name="org.apache.hadoop.ozone.client.rpc.TestWatchForCommit" time="218.879" tests="4" errors="1" skipped="0" failures="0">
  <properties>
    <property name="awt.toolkit" value="sun.awt.X11.XToolkit"/>
    <property name="file.encoding.pkg" value="sun.io"/>
    <property name="java.specification.version" value="1.8"/>
    <property name="sun.cpu.isalist" value=""/>
    <property name="sun.jnu.encoding" value="ANSI_X3.4-1968"/>
    <property name="java.class.path" value="/github/workspace/mnt/ozone/hadoop-ozone/integration-test/target/test-classes:/github/workspace/mnt/ozone/hadoop-ozone/integration-test/target/classes:/home/user/.m2/repository/org/apache/hadoop/hadoop-ozone-common/1.1.0-SNAPSHOT/hadoop-ozone-common-1.1.0-SNAPSHOT.jar:/home/user/.m2/repository/org/apache/commons/commons-compress/1.4.1/commons-compress-1.4.1.jar:/home/user/.m2/repository/org/tukaani/xz/1.0/xz-1.0.jar:/home/user/.m2/repository/org/apache/hadoop/hadoop-hdds-common/1.1.0-SNAPSHOT/hadoop-hdds-common-1.1.0-SNAPSHOT.jar:/home/user/.m2/repository/org/apache/hadoop/hadoop-hdds-client/1.1.0-SNAPSHOT/hadoop-hdds-client-1.1.0-SNAPSHOT.jar:/home/user/.m2/repository/org/apache/hadoop/hadoop-ozone-interface-client/1.1.0-SNAPSHOT/hadoop-ozone-interface-client-1.1.0-SNAPSHOT.jar:/home/user/.m2/repository/org/apache/hadoop/hadoop-hdds-test-utils/1.1.0-SNAPSHOT/hadoop-hdds-test-utils-1.1.0-SNAPSHOT.jar:/home/user/.m2/repository/com/google/guava/guava/28.2-jre/guava-28.2-jre.jar:/home/user/.m2/repository/com/google/guava/failureaccess/1.0.1/failureaccess-1.0.1.jar:/home/user/.m2/repository/com/google/guava/listenablefuture/9999.0-empty-to-avoid-conflict-with-guava/listenablefuture-9999.0-empty-to-avoid-conflict-with-guava.jar:/home/user/.m2/repository/com/google/code/findbugs/jsr305/3.0.0/jsr305-3.0.0.jar:/home/user/.m2/repository/org/checkerframework/checker-qual/2.10.0/checker-qual-2.10.0.jar:/home/user/.m2/repository/com/google/errorprone/error_prone_annotations/2.2.0/error_prone_annotations-2.2.0.jar:/home/user/.m2/repository/com/google/j2objc/j2objc-annotations/1.3/j2objc-annotations-1.3.jar:/home/user/.m2/repository/commons-io/commons-io/2.5/commons-io-2.5.jar:/home/user/.m2/repository/commons-logging/commons-logging/1.2/commons-logging-1.2.jar:/home/user/.m2/repository/log4j/log4j/1.2.17/log4j-1.2.17.jar:/home/user/.m2/repository/org/slf4j/slf4j-api/1.7.30/slf4j-api-1.7.30.jar:/home/user/.m2/repository/org/apache/hadoop/hadoop-hdds-server-scm/1.1.0-SNAPSHOT/hadoop-hdds-server-scm-1.1.0-SNAPSHOT.jar:/home/user/.m2/repository/org/apache/hadoop/hadoop-hdds-container-service/1.1.0-SNAPSHOT/hadoop-hdds-container-service-1.1.0-SNAPSHOT.jar:/home/user/.m2/repository/org/apache/hadoop/hadoop-hdds-hadoop-dependency-server/1.1.0-SNAPSHOT/hadoop-hdds-hadoop-dependency-server-1.1.0-SNAPSHOT.jar:/home/user/.m2/repository/org/apache/hadoop/hadoop-hdfs/3.2.1/hadoop-hdfs-3.2.1.jar:/home/user/.m2/repository/org/apache/hadoop/hadoop-hdds-server-framework/1.1.0-SNAPSHOT/hadoop-hdds-server-framework-1.1.0-SNAPSHOT.jar:/home/user/.m2/repository/org/apache/hadoop/hadoop-hdds-interface-server/1.1.0-SNAPSHOT/hadoop-hdds-interface-server-1.1.0-SNAPSHOT.jar:/home/user/.m2/repository/org/apache/hadoop/hadoop-hdds-interface-admin/1.1.0-SNAPSHOT/hadoop-hdds-interface-admin-1.1.0-SNAPSHOT.jar:/home/user/.m2/repository/org/eclipse/jetty/jetty-servlet/9.4.34.v20201102/jetty-servlet-9.4.34.v20201102.jar:/home/user/.m2/repository/org/eclipse/jetty/jetty-security/9.4.34.v20201102/jetty-security-9.4.34.v20201102.jar:/home/user/.m2/repository/org/rocksdb/rocksdbjni/6.8.1/rocksdbjni-6.8.1.jar:/home/user/.m2/repository/io/prometheus/simpleclient_dropwizard/0.7.0/simpleclient_dropwizard-0.7.0.jar:/home/user/.m2/repository/io/prometheus/simpleclient/0.7.0/simpleclient-0.7.0.jar:/home/user/.m2/repository/io/prometheus/simpleclient_common/0.7.0/simpleclient_common-0.7.0.jar:/home/user/.m2/repository/com/fasterxml/jackson/datatype/jackson-datatype-jsr310/2.10.3/jackson-datatype-jsr310-2.10.3.jar:/home/user/.m2/repository/io/dropwizard/metrics/metrics-core/3.2.4/metrics-core-3.2.4.jar:/home/user/.m2/repository/org/apache/hadoop/hadoop-hdfs-client/3.2.1/hadoop-hdfs-client-3.2.1.jar:/home/user/.m2/repository/org/bouncycastle/bcprov-jdk15on/1.60/bcprov-jdk15on-1.60.jar:/home/user/.m2/repository/org/apache/hadoop/hadoop-ozone-ozone-manager/1.1.0-SNAPSHOT/hadoop-ozone-ozone-manager-1.1.0-SNAPSHOT.jar:/home/user/.m2/repository/org/apache/hadoop/hadoop-hdds-interface-client/1.1.0-SNAPSHOT/hadoop-hdds-interface-client-1.1.0-SNAPSHOT.jar:/home/user/.m2/repository/org/apache/ratis/ratis-thirdparty-misc/0.6.0-SNAPSHOT/ratis-thirdparty-misc-0.6.0-SNAPSHOT.jar:/home/user/.m2/repository/org/apache/hadoop/hadoop-ozone-interface-storage/1.1.0-SNAPSHOT/hadoop-ozone-interface-storage-1.1.0-SNAPSHOT.jar:/home/user/.m2/repository/org/apache/hadoop/hadoop-minikdc/3.2.1/hadoop-minikdc-3.2.1.jar:/home/user/.m2/repository/org/apache/kerby/kerb-simplekdc/1.0.1/kerb-simplekdc-1.0.1.jar:/home/user/.m2/repository/org/apache/kerby/kerb-client/1.0.1/kerb-client-1.0.1.jar:/home/user/.m2/repository/org/apache/kerby/kerby-config/1.0.1/kerby-config-1.0.1.jar:/home/user/.m2/repository/org/apache/kerby/kerb-core/1.0.1/kerb-core-1.0.1.jar:/home/user/.m2/repository/org/apache/kerby/kerby-pkix/1.0.1/kerby-pkix-1.0.1.jar:/home/user/.m2/repository/org/apache/kerby/kerby-asn1/1.0.1/kerby-asn1-1.0.1.jar:/home/user/.m2/repository/org/apache/kerby/kerby-util/1.0.1/kerby-util-1.0.1.jar:/home/user/.m2/repository/org/apache/kerby/kerb-common/1.0.1/kerb-common-1.0.1.jar:/home/user/.m2/repository/org/apache/kerby/kerb-crypto/1.0.1/kerb-crypto-1.0.1.jar:/home/user/.m2/repository/org/apache/kerby/kerb-util/1.0.1/kerb-util-1.0.1.jar:/home/user/.m2/repository/org/apache/kerby/token-provider/1.0.1/token-provider-1.0.1.jar:/home/user/.m2/repository/org/apache/kerby/kerb-admin/1.0.1/kerb-admin-1.0.1.jar:/home/user/.m2/repository/org/apache/kerby/kerb-server/1.0.1/kerb-server-1.0.1.jar:/home/user/.m2/repository/org/apache/kerby/kerb-identity/1.0.1/kerb-identity-1.0.1.jar:/home/user/.m2/repository/org/apache/kerby/kerby-xdr/1.0.1/kerby-xdr-1.0.1.jar:/home/user/.m2/repository/org/slf4j/slf4j-log4j12/1.7.30/slf4j-log4j12-1.7.30.jar:/home/user/.m2/repository/org/apache/hadoop/hadoop-ozone-s3gateway/1.1.0-SNAPSHOT/hadoop-ozone-s3gateway-1.1.0-SNAPSHOT.jar:/home/user/.m2/repository/org/jboss/weld/servlet/weld-servlet/2.4.7.Final/weld-servlet-2.4.7.Final.jar:/home/user/.m2/repository/org/glassfish/jersey/containers/jersey-container-servlet-core/2.27/jersey-container-servlet-core-2.27.jar:/home/user/.m2/repository/org/glassfish/hk2/external/javax.inject/2.5.0-b42/javax.inject-2.5.0-b42.jar:/home/user/.m2/repository/org/glassfish/jersey/core/jersey-common/2.27/jersey-common-2.27.jar:/home/user/.m2/repository/org/glassfish/hk2/osgi-resource-locator/1.0.1/osgi-resource-locator-1.0.1.jar:/home/user/.m2/repository/javax/ws/rs/javax.ws.rs-api/2.1/javax.ws.rs-api-2.1.jar:/home/user/.m2/repository/org/glassfish/jersey/ext/cdi/jersey-cdi1x/2.27/jersey-cdi1x-2.27.jar:/home/user/.m2/repository/org/glassfish/jersey/inject/jersey-hk2/2.27/jersey-hk2-2.27.jar:/home/user/.m2/repository/org/glassfish/hk2/hk2-locator/2.5.0-b42/hk2-locator-2.5.0-b42.jar:/home/user/.m2/repository/org/javassist/javassist/3.22.0-CR2/javassist-3.22.0-CR2.jar:/home/user/.m2/repository/org/glassfish/hk2/hk2-api/2.5.0/hk2-api-2.5.0.jar:/home/user/.m2/repository/org/glassfish/hk2/external/jakarta.inject/2.5.0/jakarta.inject-2.5.0.jar:/home/user/.m2/repository/org/glassfish/hk2/hk2-utils/2.5.0/hk2-utils-2.5.0.jar:/home/user/.m2/repository/jakarta/annotation/jakarta.annotation-api/1.3.4/jakarta.annotation-api-1.3.4.jar:/home/user/.m2/repository/org/glassfish/hk2/external/aopalliance-repackaged/2.5.0/aopalliance-repackaged-2.5.0.jar:/home/user/.m2/repository/com/fasterxml/jackson/dataformat/jackson-dataformat-xml/2.10.3/jackson-dataformat-xml-2.10.3.jar:/home/user/.m2/repository/com/fasterxml/jackson/core/jackson-core/2.10.3/jackson-core-2.10.3.jar:/home/user/.m2/repository/com/fasterxml/jackson/module/jackson-module-jaxb-annotations/2.10.3/jackson-module-jaxb-annotations-2.10.3.jar:/home/user/.m2/repository/jakarta/xml/bind/jakarta.xml.bind-api/2.3.2/jakarta.xml.bind-api-2.3.2.jar:/home/user/.m2/repository/jakarta/activation/jakarta.activation-api/1.2.1/jakarta.activation-api-1.2.1.jar:/home/user/.m2/repository/org/codehaus/woodstox/stax2-api/3.1.4/stax2-api-3.1.4.jar:/home/user/.m2/repository/com/fasterxml/woodstox/woodstox-core/5.0.3/woodstox-core-5.0.3.jar:/home/user/.m2/repository/javax/enterprise/cdi-api/1.2/cdi-api-1.2.jar:/home/user/.m2/repository/javax/el/javax.el-api/3.0.0/javax.el-api-3.0.0.jar:/home/user/.m2/repository/javax/interceptor/javax.interceptor-api/1.2/javax.interceptor-api-1.2.jar:/home/user/.m2/repository/javax/inject/javax.inject/1/javax.inject-1.jar:/home/user/.m2/repository/com/sun/xml/bind/jaxb-impl/2.3.0.1/jaxb-impl-2.3.0.1.jar:/home/user/.m2/repository/com/sun/xml/bind/jaxb-core/2.3.0.1/jaxb-core-2.3.0.1.jar:/home/user/.m2/repository/javax/xml/bind/jaxb-api/2.3.0/jaxb-api-2.3.0.jar:/home/user/.m2/repository/javax/activation/activation/1.1.1/activation-1.1.1.jar:/home/user/.m2/repository/org/apache/hadoop/hadoop-ozone-csi/1.1.0-SNAPSHOT/hadoop-ozone-csi-1.1.0-SNAPSHOT.jar:/home/user/.m2/repository/com/google/protobuf/protobuf-java-util/3.11.0/protobuf-java-util-3.11.0.jar:/home/user/.m2/repository/com/google/code/gson/gson/2.2.4/gson-2.2.4.jar:/home/user/.m2/repository/org/apache/hadoop/hadoop-hdds-config/1.1.0-SNAPSHOT/hadoop-hdds-config-1.1.0-SNAPSHOT.jar:/home/user/.m2/repository/com/google/protobuf/protobuf-java/2.5.0/protobuf-java-2.5.0.jar:/home/user/.m2/repository/io/grpc/grpc-netty/1.29.0/grpc-netty-1.29.0.jar:/home/user/.m2/repository/io/grpc/grpc-core/1.29.0/grpc-core-1.29.0.jar:/home/user/.m2/repository/com/google/android/annotations/4.1.1.4/annotations-4.1.1.4.jar:/home/user/.m2/repository/io/perfmark/perfmark-api/0.19.0/perfmark-api-0.19.0.jar:/home/user/.m2/repository/io/netty/netty-codec-http2/4.1.48.Final/netty-codec-http2-4.1.48.Final.jar:/home/user/.m2/repository/io/netty/netty-codec/4.1.48.Final/netty-codec-4.1.48.Final.jar:/home/user/.m2/repository/io/netty/netty-handler/4.1.48.Final/netty-handler-4.1.48.Final.jar:/home/user/.m2/repository/io/netty/netty-codec-http/4.1.48.Final/netty-codec-http-4.1.48.Final.jar:/home/user/.m2/repository/io/netty/netty-handler-proxy/4.1.48.Final/netty-handler-proxy-4.1.48.Final.jar:/home/user/.m2/repository/io/netty/netty-codec-socks/4.1.48.Final/netty-codec-socks-4.1.48.Final.jar:/home/user/.m2/repository/io/netty/netty-transport-native-epoll/4.1.48.Final/netty-transport-native-epoll-4.1.48.Final.jar:/home/user/.m2/repository/io/netty/netty-common/4.1.48.Final/netty-common-4.1.48.Final.jar:/home/user/.m2/repository/io/netty/netty-buffer/4.1.48.Final/netty-buffer-4.1.48.Final.jar:/home/user/.m2/repository/io/netty/netty-transport/4.1.48.Final/netty-transport-4.1.48.Final.jar:/home/user/.m2/repository/io/netty/netty-resolver/4.1.48.Final/netty-resolver-4.1.48.Final.jar:/home/user/.m2/repository/io/netty/netty-transport-native-unix-common/4.1.48.Final/netty-transport-native-unix-common-4.1.48.Final.jar:/home/user/.m2/repository/io/grpc/grpc-protobuf/1.29.0/grpc-protobuf-1.29.0.jar:/home/user/.m2/repository/io/grpc/grpc-api/1.29.0/grpc-api-1.29.0.jar:/home/user/.m2/repository/io/grpc/grpc-context/1.29.0/grpc-context-1.29.0.jar:/home/user/.m2/repository/org/codehaus/mojo/animal-sniffer-annotations/1.18/animal-sniffer-annotations-1.18.jar:/home/user/.m2/repository/com/google/api/grpc/proto-google-common-protos/1.17.0/proto-google-common-protos-1.17.0.jar:/home/user/.m2/repository/io/grpc/grpc-protobuf-lite/1.29.0/grpc-protobuf-lite-1.29.0.jar:/home/user/.m2/repository/io/grpc/grpc-stub/1.29.0/grpc-stub-1.29.0.jar:/home/user/.m2/repository/org/apache/hadoop/hadoop-ozone-recon/1.1.0-SNAPSHOT/hadoop-ozone-recon-1.1.0-SNAPSHOT.jar:/home/user/.m2/repository/org/apache/hadoop/hadoop-ozone-reconcodegen/1.1.0-SNAPSHOT/hadoop-ozone-reconcodegen-1.1.0-SNAPSHOT.jar:/home/user/.m2/repository/com/google/inject/extensions/guice-multibindings/4.0/guice-multibindings-4.0.jar:/home/user/.m2/repository/com/google/inject/guice/4.0/guice-4.0.jar:/home/user/.m2/repository/aopalliance/aopalliance/1.0/aopalliance-1.0.jar:/home/user/.m2/repository/com/google/inject/extensions/guice-assistedinject/4.0/guice-assistedinject-4.0.jar:/home/user/.m2/repository/com/google/inject/extensions/guice-servlet/4.0/guice-servlet-4.0.jar:/home/user/.m2/repository/org/glassfish/jersey/containers/jersey-container-servlet/2.27/jersey-container-servlet-2.27.jar:/home/user/.m2/repository/org/glassfish/hk2/guice-bridge/2.5.0/guice-bridge-2.5.0.jar:/home/user/.m2/repository/org/glassfish/jersey/core/jersey-server/2.27/jersey-server-2.27.jar:/home/user/.m2/repository/org/glassfish/jersey/core/jersey-client/2.27/jersey-client-2.27.jar:/home/user/.m2/repository/org/glassfish/jersey/media/jersey-media-jaxb/2.27/jersey-media-jaxb-2.27.jar:/home/user/.m2/repository/javax/validation/validation-api/1.1.0.Final/validation-api-1.1.0.Final.jar:/home/user/.m2/repository/org/glassfish/jersey/media/jersey-media-json-jackson/2.27/jersey-media-json-jackson-2.27.jar:/home/user/.m2/repository/org/glassfish/jersey/ext/jersey-entity-filtering/2.27/jersey-entity-filtering-2.27.jar:/home/user/.m2/repository/org/jooq/jooq/3.11.10/jooq-3.11.10.jar:/home/user/.m2/repository/org/jooq/jooq-meta/3.11.10/jooq-meta-3.11.10.jar:/home/user/.m2/repository/org/jooq/jooq-codegen/3.11.10/jooq-codegen-3.11.10.jar:/home/user/.m2/repository/com/jolbox/bonecp/0.8.0.RELEASE/bonecp-0.8.0.RELEASE.jar:/home/user/.m2/repository/org/apache/derby/derby/10.14.2.0/derby-10.14.2.0.jar:/home/user/.m2/repository/org/xerial/sqlite-jdbc/3.25.2/sqlite-jdbc-3.25.2.jar:/home/user/.m2/repository/org/springframework/spring-jdbc/5.2.5.RELEASE/spring-jdbc-5.2.5.RELEASE.jar:/home/user/.m2/repository/org/springframework/spring-beans/5.2.5.RELEASE/spring-beans-5.2.5.RELEASE.jar:/home/user/.m2/repository/org/springframework/spring-core/5.2.5.RELEASE/spring-core-5.2.5.RELEASE.jar:/home/user/.m2/repository/org/springframework/spring-jcl/5.2.5.RELEASE/spring-jcl-5.2.5.RELEASE.jar:/home/user/.m2/repository/org/springframework/spring-tx/5.2.5.RELEASE/spring-tx-5.2.5.RELEASE.jar:/home/user/.m2/repository/org/apache/hadoop/hadoop-ozone-client/1.1.0-SNAPSHOT/hadoop-ozone-client-1.1.0-SNAPSHOT.jar:/home/user/.m2/repository/org/apache/hadoop/hadoop-ozone-filesystem/1.1.0-SNAPSHOT/hadoop-ozone-filesystem-1.1.0-SNAPSHOT.jar:/home/user/.m2/repository/org/apache/hadoop/hadoop-ozone-filesystem-common/1.1.0-SNAPSHOT/hadoop-ozone-filesystem-common-1.1.0-SNAPSHOT.jar:/home/user/.m2/repository/org/apache/hadoop/hadoop-ozone-tools/1.1.0-SNAPSHOT/hadoop-ozone-tools-1.1.0-SNAPSHOT.jar:/home/user/.m2/repository/org/apache/ratis/ratis-tools/1.1.0-913f5a4-SNAPSHOT/ratis-tools-1.1.0-913f5a4-SNAPSHOT.jar:/home/user/.m2/repository/org/apache/ratis/ratis-proto/1.1.0-913f5a4-SNAPSHOT/ratis-proto-1.1.0-913f5a4-SNAPSHOT.jar:/home/user/.m2/repository/org/apache/ratis/ratis-common/1.1.0-913f5a4-SNAPSHOT/ratis-common-1.1.0-913f5a4-SNAPSHOT.jar:/home/user/.m2/repository/com/amazonaws/aws-java-sdk-core/1.11.901/aws-java-sdk-core-1.11.901.jar:/home/user/.m2/repository/org/apache/httpcomponents/httpclient/4.5.13/httpclient-4.5.13.jar:/home/user/.m2/repository/org/apache/httpcomponents/httpcore/4.4.13/httpcore-4.4.13.jar:/home/user/.m2/repository/software/amazon/ion/ion-java/1.0.2/ion-java-1.0.2.jar:/home/user/.m2/repository/com/fasterxml/jackson/dataformat/jackson-dataformat-cbor/2.10.3/jackson-dataformat-cbor-2.10.3.jar:/home/user/.m2/repository/joda-time/joda-time/2.8.1/joda-time-2.8.1.jar:/home/user/.m2/repository/com/amazonaws/aws-java-sdk-s3/1.11.901/aws-java-sdk-s3-1.11.901.jar:/home/user/.m2/repository/com/amazonaws/aws-java-sdk-kms/1.11.901/aws-java-sdk-kms-1.11.901.jar:/home/user/.m2/repository/com/amazonaws/jmespath-java/1.11.901/jmespath-java-1.11.901.jar:/home/user/.m2/repository/org/kohsuke/metainf-services/metainf-services/1.8/metainf-services-1.8.jar:/home/user/.m2/repository/org/apache/hadoop/hadoop-hdds-tools/1.1.0-SNAPSHOT/hadoop-hdds-tools-1.1.0-SNAPSHOT.jar:/home/user/.m2/repository/commons-cli/commons-cli/1.2/commons-cli-1.2.jar:/home/user/.m2/repository/org/apache/commons/commons-lang3/3.7/commons-lang3-3.7.jar:/home/user/.m2/repository/org/apache/hadoop/hadoop-ozone-ozone-manager/1.1.0-SNAPSHOT/hadoop-ozone-ozone-manager-1.1.0-SNAPSHOT-tests.jar:/home/user/.m2/repository/org/apache/hadoop/hadoop-hdds-common/1.1.0-SNAPSHOT/hadoop-hdds-common-1.1.0-SNAPSHOT-tests.jar:/home/user/.m2/repository/org/apache/hadoop/hadoop-hdds-hadoop-dependency-client/1.1.0-SNAPSHOT/hadoop-hdds-hadoop-dependency-client-1.1.0-SNAPSHOT.jar:/home/user/.m2/repository/info/picocli/picocli/4.4.0/picocli-4.4.0.jar:/home/user/.m2/repository/com/fasterxml/jackson/core/jackson-annotations/2.10.3/jackson-annotations-2.10.3.jar:/home/user/.m2/repository/javax/annotation/javax.annotation-api/1.2/javax.annotation-api-1.2.jar:/home/user/.m2/repository/org/fusesource/leveldbjni/leveldbjni-all/1.8/leveldbjni-all-1.8.jar:/home/user/.m2/repository/org/apache/ratis/ratis-server/1.1.0-913f5a4-SNAPSHOT/ratis-server-1.1.0-913f5a4-SNAPSHOT.jar:/home/user/.m2/repository/org/apache/ratis/ratis-client/1.1.0-913f5a4-SNAPSHOT/ratis-client-1.1.0-913f5a4-SNAPSHOT.jar:/home/user/.m2/repository/org/apache/ratis/ratis-metrics/1.1.0-913f5a4-SNAPSHOT/ratis-metrics-1.1.0-913f5a4-SNAPSHOT.jar:/home/user/.m2/repository/org/apache/ratis/ratis-netty/1.1.0-913f5a4-SNAPSHOT/ratis-netty-1.1.0-913f5a4-SNAPSHOT.jar:/home/user/.m2/repository/org/apache/ratis/ratis-grpc/1.1.0-913f5a4-SNAPSHOT/ratis-grpc-1.1.0-913f5a4-SNAPSHOT.jar:/home/user/.m2/repository/org/apache/logging/log4j/log4j-api/2.13.3/log4j-api-2.13.3.jar:/home/user/.m2/repository/org/apache/logging/log4j/log4j-core/2.13.3/log4j-core-2.13.3.jar:/home/user/.m2/repository/com/lmax/disruptor/3.4.2/disruptor-3.4.2.jar:/home/user/.m2/repository/org/apache/commons/commons-pool2/2.6.0/commons-pool2-2.6.0.jar:/home/user/.m2/repository/org/bouncycastle/bcpkix-jdk15on/1.60/bcpkix-jdk15on-1.60.jar:/home/user/.m2/repository/commons-validator/commons-validator/1.6/commons-validator-1.6.jar:/home/user/.m2/repository/commons-beanutils/commons-beanutils/1.9.4/commons-beanutils-1.9.4.jar:/home/user/.m2/repository/commons-digester/commons-digester/1.8.1/commons-digester-1.8.1.jar:/home/user/.m2/repository/commons-collections/commons-collections/3.2.2/commons-collections-3.2.2.jar:/home/user/.m2/repository/io/jaegertracing/jaeger-client/1.2.0/jaeger-client-1.2.0.jar:/home/user/.m2/repository/io/jaegertracing/jaeger-thrift/1.2.0/jaeger-thrift-1.2.0.jar:/home/user/.m2/repository/org/apache/thrift/libthrift/0.13.0/libthrift-0.13.0.jar:/home/user/.m2/repository/com/squareup/okhttp3/okhttp/4.2.2/okhttp-4.2.2.jar:/home/user/.m2/repository/com/squareup/okio/okio/2.2.2/okio-2.2.2.jar:/home/user/.m2/repository/org/jetbrains/kotlin/kotlin-stdlib/1.3.50/kotlin-stdlib-1.3.50.jar:/home/user/.m2/repository/org/jetbrains/kotlin/kotlin-stdlib-common/1.3.50/kotlin-stdlib-common-1.3.50.jar:/home/user/.m2/repository/org/jetbrains/annotations/13.0/annotations-13.0.jar:/home/user/.m2/repository/io/jaegertracing/jaeger-core/1.2.0/jaeger-core-1.2.0.jar:/home/user/.m2/repository/io/jaegertracing/jaeger-tracerresolver/1.2.0/jaeger-tracerresolver-1.2.0.jar:/home/user/.m2/repository/io/opentracing/contrib/opentracing-tracerresolver/0.1.8/opentracing-tracerresolver-0.1.8.jar:/home/user/.m2/repository/io/opentracing/opentracing-util/0.33.0/opentracing-util-0.33.0.jar:/home/user/.m2/repository/io/opentracing/opentracing-api/0.33.0/opentracing-api-0.33.0.jar:/home/user/.m2/repository/io/opentracing/opentracing-noop/0.33.0/opentracing-noop-0.33.0.jar:/home/user/.m2/repository/org/yaml/snakeyaml/1.26/snakeyaml-1.26.jar:/home/user/.m2/repository/junit/junit/4.11/junit-4.11.jar:/home/user/.m2/repository/org/hamcrest/hamcrest-core/1.3/hamcrest-core-1.3.jar:/home/user/.m2/repository/org/openjdk/jmh/jmh-core/1.19/jmh-core-1.19.jar:/home/user/.m2/repository/net/sf/jopt-simple/jopt-simple/4.6/jopt-simple-4.6.jar:/home/user/.m2/repository/org/apache/commons/commons-math3/3.1.1/commons-math3-3.1.1.jar:/home/user/.m2/repository/org/openjdk/jmh/jmh-generator-annprocess/1.19/jmh-generator-annprocess-1.19.jar:/home/user/.m2/repository/org/mockito/mockito-all/1.8.5/mockito-all-1.8.5.jar:/home/user/.m2/repository/org/apache/hadoop/hadoop-kms/3.2.1/hadoop-kms-3.2.1.jar:/home/user/.m2/repository/org/apache/hadoop/hadoop-auth/3.2.1/hadoop-auth-3.2.1.jar:/home/user/.m2/repository/com/nimbusds/nimbus-jose-jwt/7.9/nimbus-jose-jwt-7.9.jar:/home/user/.m2/repository/com/github/stephenc/jcip/jcip-annotations/1.0-1/jcip-annotations-1.0-1.jar:/home/user/.m2/repository/net/minidev/json-smart/2.3/json-smart-2.3.jar:/home/user/.m2/repository/net/minidev/accessors-smart/1.2/accessors-smart-1.2.jar:/home/user/.m2/repository/org/ow2/asm/asm/5.0.4/asm-5.0.4.jar:/home/user/.m2/repository/org/apache/zookeeper/zookeeper/3.4.13/zookeeper-3.4.13.jar:/home/user/.m2/repository/org/apache/yetus/audience-annotations/0.5.0/audience-annotations-0.5.0.jar:/home/user/.m2/repository/org/apache/curator/curator-framework/2.13.0/curator-framework-2.13.0.jar:/home/user/.m2/repository/com/sun/jersey/jersey-core/1.19/jersey-core-1.19.jar:/home/user/.m2/repository/javax/ws/rs/jsr311-api/1.1.1/jsr311-api-1.1.1.jar:/home/user/.m2/repository/com/sun/jersey/jersey-server/1.19/jersey-server-1.19.jar:/home/user/.m2/repository/javax/servlet/javax.servlet-api/3.1.0/javax.servlet-api-3.1.0.jar:/home/user/.m2/repository/org/eclipse/jetty/jetty-server/9.4.34.v20201102/jetty-server-9.4.34.v20201102.jar:/home/user/.m2/repository/org/eclipse/jetty/jetty-http/9.4.34.v20201102/jetty-http-9.4.34.v20201102.jar:/home/user/.m2/repository/org/eclipse/jetty/jetty-io/9.4.34.v20201102/jetty-io-9.4.34.v20201102.jar:/home/user/.m2/repository/org/eclipse/jetty/jetty-webapp/9.4.34.v20201102/jetty-webapp-9.4.34.v20201102.jar:/home/user/.m2/repository/org/eclipse/jetty/jetty-xml/9.4.34.v20201102/jetty-xml-9.4.34.v20201102.jar:/home/user/.m2/repository/org/apache/hadoop/hadoop-common/3.2.1/hadoop-common-3.2.1.jar:/home/user/.m2/repository/commons-net/commons-net/3.6/commons-net-3.6.jar:/home/user/.m2/repository/com/sun/jersey/jersey-servlet/1.19/jersey-servlet-1.19.jar:/home/user/.m2/repository/com/sun/jersey/jersey-json/1.19/jersey-json-1.19.jar:/home/user/.m2/repository/org/codehaus/jettison/jettison/1.1/jettison-1.1.jar:/home/user/.m2/repository/org/codehaus/jackson/jackson-jaxrs/1.9.2/jackson-jaxrs-1.9.2.jar:/home/user/.m2/repository/org/codehaus/jackson/jackson-xc/1.9.2/jackson-xc-1.9.2.jar:/home/user/.m2/repository/org/apache/commons/commons-configuration2/2.1.1/commons-configuration2-2.1.1.jar:/home/user/.m2/repository/org/apache/commons/commons-text/1.4/commons-text-1.4.jar:/home/user/.m2/repository/com/google/re2j/re2j/1.1/re2j-1.1.jar:/home/user/.m2/repository/com/jcraft/jsch/0.1.54/jsch-0.1.54.jar:/home/user/.m2/repository/org/apache/curator/curator-client/2.13.0/curator-client-2.13.0.jar:/home/user/.m2/repository/org/apache/curator/curator-recipes/2.13.0/curator-recipes-2.13.0.jar:/home/user/.m2/repository/dnsjava/dnsjava/2.1.7/dnsjava-2.1.7.jar:/home/user/.m2/repository/org/slf4j/jul-to-slf4j/1.7.30/jul-to-slf4j-1.7.30.jar:/home/user/.m2/repository/org/eclipse/jetty/jetty-util/9.4.34.v20201102/jetty-util-9.4.34.v20201102.jar:/home/user/.m2/repository/com/fasterxml/jackson/core/jackson-databind/2.10.3/jackson-databind-2.10.3.jar:/home/user/.m2/repository/org/apache/hadoop/hadoop-kms/3.2.1/hadoop-kms-3.2.1-tests.jar:/home/user/.m2/repository/org/apache/hadoop/hadoop-hdds-server-scm/1.1.0-SNAPSHOT/hadoop-hdds-server-scm-1.1.0-SNAPSHOT-tests.jar:/home/user/.m2/repository/org/apache/hadoop/hadoop-hdds-container-service/1.1.0-SNAPSHOT/hadoop-hdds-container-service-1.1.0-SNAPSHOT-tests.jar:/home/user/.m2/repository/commons-codec/commons-codec/1.11/commons-codec-1.11.jar:/home/user/.m2/repository/org/apache/hadoop/hadoop-hdds-hadoop-dependency-test/1.1.0-SNAPSHOT/hadoop-hdds-hadoop-dependency-test-1.1.0-SNAPSHOT.jar:/home/user/.m2/repository/org/apache/hadoop/hadoop-common/3.2.1/hadoop-common-3.2.1-tests.jar:/home/user/.m2/repository/org/apache/hadoop/hadoop-hdfs/3.2.1/hadoop-hdfs-3.2.1-tests.jar:/home/user/.m2/repository/org/eclipse/jetty/jetty-util-ajax/9.4.34.v20201102/jetty-util-ajax-9.4.34.v20201102.jar:/home/user/.m2/repository/commons-daemon/commons-daemon/1.0.13/commons-daemon-1.0.13.jar:/home/user/.m2/repository/io/netty/netty/3.10.5.Final/netty-3.10.5.Final.jar:/home/user/.m2/repository/io/netty/netty-all/4.1.48.Final/netty-all-4.1.48.Final.jar:/home/user/.m2/repository/org/apache/htrace/htrace-core4/4.1.0-incubating/htrace-core4-4.1.0-incubating.jar:/home/user/.m2/repository/org/apache/hadoop/hadoop-distcp/3.2.1/hadoop-distcp-3.2.1.jar:/home/user/.m2/repository/org/apache/hadoop/hadoop-mapreduce-client-jobclient/3.2.1/hadoop-mapreduce-client-jobclient-3.2.1.jar:/home/user/.m2/repository/org/apache/hadoop/hadoop-mapreduce-client-common/3.2.1/hadoop-mapreduce-client-common-3.2.1.jar:/home/user/.m2/repository/org/apache/hadoop/hadoop-yarn-common/3.2.1/hadoop-yarn-common-3.2.1.jar:/home/user/.m2/repository/org/apache/hadoop/hadoop-yarn-api/3.2.1/hadoop-yarn-api-3.2.1.jar:/home/user/.m2/repository/com/sun/jersey/jersey-client/1.19/jersey-client-1.19.jar:/home/user/.m2/repository/com/sun/jersey/contribs/jersey-guice/1.19/jersey-guice-1.19.jar:/home/user/.m2/repository/com/fasterxml/jackson/jaxrs/jackson-jaxrs-json-provider/2.10.3/jackson-jaxrs-json-provider-2.10.3.jar:/home/user/.m2/repository/com/fasterxml/jackson/jaxrs/jackson-jaxrs-base/2.10.3/jackson-jaxrs-base-2.10.3.jar:/home/user/.m2/repository/org/apache/hadoop/hadoop-yarn-client/3.2.1/hadoop-yarn-client-3.2.1.jar:/home/user/.m2/repository/org/apache/hadoop/hadoop-mapreduce-client-core/3.2.1/hadoop-mapreduce-client-core-3.2.1.jar:/home/user/.m2/repository/org/apache/avro/avro/1.7.7/avro-1.7.7.jar:/home/user/.m2/repository/org/codehaus/jackson/jackson-core-asl/1.9.13/jackson-core-asl-1.9.13.jar:/home/user/.m2/repository/org/codehaus/jackson/jackson-mapper-asl/1.9.13/jackson-mapper-asl-1.9.13.jar:/home/user/.m2/repository/com/thoughtworks/paranamer/paranamer/2.3/paranamer-2.3.jar:/home/user/.m2/repository/org/xerial/snappy/snappy-java/1.0.5/snappy-java-1.0.5.jar:/home/user/.m2/repository/org/apache/hadoop/hadoop-annotations/3.2.1/hadoop-annotations-3.2.1.jar:/usr/lib/jvm/java-1.8.0-openjdk-1.8.0.232.b09-0.el7_7.x86_64/jre/../lib/tools.jar:/home/user/.m2/repository/org/apache/hadoop/hadoop-distcp/3.2.1/hadoop-distcp-3.2.1-tests.jar:"/>
    <property name="java.vm.vendor" value="Oracle Corporation"/>
    <property name="sun.arch.data.model" value="64"/>
    <property name="test.build.dir" value="/github/workspace/mnt/ozone/hadoop-ozone/integration-test/target/test-dir"/>
    <property name="test.cache.data" value=""/>
    <property name="java.vendor.url" value="http://java.oracle.com/"/>
    <property name="user.timezone" value=""/>
    <property name="java.vm.specification.version" value="1.8"/>
    <property name="os.name" value="Linux"/>
    <property name="test.build.data" value="/github/workspace/mnt/ozone/hadoop-ozone/integration-test/target/test-dir"/>
    <property name="user.country" value="US"/>
    <property name="sun.java.launcher" value="SUN_STANDARD"/>
    <property name="sun.boot.library.path" value="/usr/lib/jvm/java-1.8.0-openjdk-1.8.0.232.b09-0.el7_7.x86_64/jre/lib/amd64"/>
    <property name="sun.java.command" value="/github/workspace/mnt/ozone/hadoop-ozone/integration-test/target/surefire/surefirebooter3675783135924155441.jar /github/workspace/mnt/ozone/hadoop-ozone/integration-test/target/surefire 2020-12-08T01-29-05_722-jvmRun1 surefire5327424531777677395tmp surefire_257208074825639459590tmp"/>
    <property name="surefire.test.class.path" value="/github/workspace/mnt/ozone/hadoop-ozone/integration-test/target/test-classes:/github/workspace/mnt/ozone/hadoop-ozone/integration-test/target/classes:/home/user/.m2/repository/org/apache/hadoop/hadoop-ozone-common/1.1.0-SNAPSHOT/hadoop-ozone-common-1.1.0-SNAPSHOT.jar:/home/user/.m2/repository/org/apache/commons/commons-compress/1.4.1/commons-compress-1.4.1.jar:/home/user/.m2/repository/org/tukaani/xz/1.0/xz-1.0.jar:/home/user/.m2/repository/org/apache/hadoop/hadoop-hdds-common/1.1.0-SNAPSHOT/hadoop-hdds-common-1.1.0-SNAPSHOT.jar:/home/user/.m2/repository/org/apache/hadoop/hadoop-hdds-client/1.1.0-SNAPSHOT/hadoop-hdds-client-1.1.0-SNAPSHOT.jar:/home/user/.m2/repository/org/apache/hadoop/hadoop-ozone-interface-client/1.1.0-SNAPSHOT/hadoop-ozone-interface-client-1.1.0-SNAPSHOT.jar:/home/user/.m2/repository/org/apache/hadoop/hadoop-hdds-test-utils/1.1.0-SNAPSHOT/hadoop-hdds-test-utils-1.1.0-SNAPSHOT.jar:/home/user/.m2/repository/com/google/guava/guava/28.2-jre/guava-28.2-jre.jar:/home/user/.m2/repository/com/google/guava/failureaccess/1.0.1/failureaccess-1.0.1.jar:/home/user/.m2/repository/com/google/guava/listenablefuture/9999.0-empty-to-avoid-conflict-with-guava/listenablefuture-9999.0-empty-to-avoid-conflict-with-guava.jar:/home/user/.m2/repository/com/google/code/findbugs/jsr305/3.0.0/jsr305-3.0.0.jar:/home/user/.m2/repository/org/checkerframework/checker-qual/2.10.0/checker-qual-2.10.0.jar:/home/user/.m2/repository/com/google/errorprone/error_prone_annotations/2.2.0/error_prone_annotations-2.2.0.jar:/home/user/.m2/repository/com/google/j2objc/j2objc-annotations/1.3/j2objc-annotations-1.3.jar:/home/user/.m2/repository/commons-io/commons-io/2.5/commons-io-2.5.jar:/home/user/.m2/repository/commons-logging/commons-logging/1.2/commons-logging-1.2.jar:/home/user/.m2/repository/log4j/log4j/1.2.17/log4j-1.2.17.jar:/home/user/.m2/repository/org/slf4j/slf4j-api/1.7.30/slf4j-api-1.7.30.jar:/home/user/.m2/repository/org/apache/hadoop/hadoop-hdds-server-scm/1.1.0-SNAPSHOT/hadoop-hdds-server-scm-1.1.0-SNAPSHOT.jar:/home/user/.m2/repository/org/apache/hadoop/hadoop-hdds-container-service/1.1.0-SNAPSHOT/hadoop-hdds-container-service-1.1.0-SNAPSHOT.jar:/home/user/.m2/repository/org/apache/hadoop/hadoop-hdds-hadoop-dependency-server/1.1.0-SNAPSHOT/hadoop-hdds-hadoop-dependency-server-1.1.0-SNAPSHOT.jar:/home/user/.m2/repository/org/apache/hadoop/hadoop-hdfs/3.2.1/hadoop-hdfs-3.2.1.jar:/home/user/.m2/repository/org/apache/hadoop/hadoop-hdds-server-framework/1.1.0-SNAPSHOT/hadoop-hdds-server-framework-1.1.0-SNAPSHOT.jar:/home/user/.m2/repository/org/apache/hadoop/hadoop-hdds-interface-server/1.1.0-SNAPSHOT/hadoop-hdds-interface-server-1.1.0-SNAPSHOT.jar:/home/user/.m2/repository/org/apache/hadoop/hadoop-hdds-interface-admin/1.1.0-SNAPSHOT/hadoop-hdds-interface-admin-1.1.0-SNAPSHOT.jar:/home/user/.m2/repository/org/eclipse/jetty/jetty-servlet/9.4.34.v20201102/jetty-servlet-9.4.34.v20201102.jar:/home/user/.m2/repository/org/eclipse/jetty/jetty-security/9.4.34.v20201102/jetty-security-9.4.34.v20201102.jar:/home/user/.m2/repository/org/rocksdb/rocksdbjni/6.8.1/rocksdbjni-6.8.1.jar:/home/user/.m2/repository/io/prometheus/simpleclient_dropwizard/0.7.0/simpleclient_dropwizard-0.7.0.jar:/home/user/.m2/repository/io/prometheus/simpleclient/0.7.0/simpleclient-0.7.0.jar:/home/user/.m2/repository/io/prometheus/simpleclient_common/0.7.0/simpleclient_common-0.7.0.jar:/home/user/.m2/repository/com/fasterxml/jackson/datatype/jackson-datatype-jsr310/2.10.3/jackson-datatype-jsr310-2.10.3.jar:/home/user/.m2/repository/io/dropwizard/metrics/metrics-core/3.2.4/metrics-core-3.2.4.jar:/home/user/.m2/repository/org/apache/hadoop/hadoop-hdfs-client/3.2.1/hadoop-hdfs-client-3.2.1.jar:/home/user/.m2/repository/org/bouncycastle/bcprov-jdk15on/1.60/bcprov-jdk15on-1.60.jar:/home/user/.m2/repository/org/apache/hadoop/hadoop-ozone-ozone-manager/1.1.0-SNAPSHOT/hadoop-ozone-ozone-manager-1.1.0-SNAPSHOT.jar:/home/user/.m2/repository/org/apache/hadoop/hadoop-hdds-interface-client/1.1.0-SNAPSHOT/hadoop-hdds-interface-client-1.1.0-SNAPSHOT.jar:/home/user/.m2/repository/org/apache/ratis/ratis-thirdparty-misc/0.6.0-SNAPSHOT/ratis-thirdparty-misc-0.6.0-SNAPSHOT.jar:/home/user/.m2/repository/org/apache/hadoop/hadoop-ozone-interface-storage/1.1.0-SNAPSHOT/hadoop-ozone-interface-storage-1.1.0-SNAPSHOT.jar:/home/user/.m2/repository/org/apache/hadoop/hadoop-minikdc/3.2.1/hadoop-minikdc-3.2.1.jar:/home/user/.m2/repository/org/apache/kerby/kerb-simplekdc/1.0.1/kerb-simplekdc-1.0.1.jar:/home/user/.m2/repository/org/apache/kerby/kerb-client/1.0.1/kerb-client-1.0.1.jar:/home/user/.m2/repository/org/apache/kerby/kerby-config/1.0.1/kerby-config-1.0.1.jar:/home/user/.m2/repository/org/apache/kerby/kerb-core/1.0.1/kerb-core-1.0.1.jar:/home/user/.m2/repository/org/apache/kerby/kerby-pkix/1.0.1/kerby-pkix-1.0.1.jar:/home/user/.m2/repository/org/apache/kerby/kerby-asn1/1.0.1/kerby-asn1-1.0.1.jar:/home/user/.m2/repository/org/apache/kerby/kerby-util/1.0.1/kerby-util-1.0.1.jar:/home/user/.m2/repository/org/apache/kerby/kerb-common/1.0.1/kerb-common-1.0.1.jar:/home/user/.m2/repository/org/apache/kerby/kerb-crypto/1.0.1/kerb-crypto-1.0.1.jar:/home/user/.m2/repository/org/apache/kerby/kerb-util/1.0.1/kerb-util-1.0.1.jar:/home/user/.m2/repository/org/apache/kerby/token-provider/1.0.1/token-provider-1.0.1.jar:/home/user/.m2/repository/org/apache/kerby/kerb-admin/1.0.1/kerb-admin-1.0.1.jar:/home/user/.m2/repository/org/apache/kerby/kerb-server/1.0.1/kerb-server-1.0.1.jar:/home/user/.m2/repository/org/apache/kerby/kerb-identity/1.0.1/kerb-identity-1.0.1.jar:/home/user/.m2/repository/org/apache/kerby/kerby-xdr/1.0.1/kerby-xdr-1.0.1.jar:/home/user/.m2/repository/org/slf4j/slf4j-log4j12/1.7.30/slf4j-log4j12-1.7.30.jar:/home/user/.m2/repository/org/apache/hadoop/hadoop-ozone-s3gateway/1.1.0-SNAPSHOT/hadoop-ozone-s3gateway-1.1.0-SNAPSHOT.jar:/home/user/.m2/repository/org/jboss/weld/servlet/weld-servlet/2.4.7.Final/weld-servlet-2.4.7.Final.jar:/home/user/.m2/repository/org/glassfish/jersey/containers/jersey-container-servlet-core/2.27/jersey-container-servlet-core-2.27.jar:/home/user/.m2/repository/org/glassfish/hk2/external/javax.inject/2.5.0-b42/javax.inject-2.5.0-b42.jar:/home/user/.m2/repository/org/glassfish/jersey/core/jersey-common/2.27/jersey-common-2.27.jar:/home/user/.m2/repository/org/glassfish/hk2/osgi-resource-locator/1.0.1/osgi-resource-locator-1.0.1.jar:/home/user/.m2/repository/javax/ws/rs/javax.ws.rs-api/2.1/javax.ws.rs-api-2.1.jar:/home/user/.m2/repository/org/glassfish/jersey/ext/cdi/jersey-cdi1x/2.27/jersey-cdi1x-2.27.jar:/home/user/.m2/repository/org/glassfish/jersey/inject/jersey-hk2/2.27/jersey-hk2-2.27.jar:/home/user/.m2/repository/org/glassfish/hk2/hk2-locator/2.5.0-b42/hk2-locator-2.5.0-b42.jar:/home/user/.m2/repository/org/javassist/javassist/3.22.0-CR2/javassist-3.22.0-CR2.jar:/home/user/.m2/repository/org/glassfish/hk2/hk2-api/2.5.0/hk2-api-2.5.0.jar:/home/user/.m2/repository/org/glassfish/hk2/external/jakarta.inject/2.5.0/jakarta.inject-2.5.0.jar:/home/user/.m2/repository/org/glassfish/hk2/hk2-utils/2.5.0/hk2-utils-2.5.0.jar:/home/user/.m2/repository/jakarta/annotation/jakarta.annotation-api/1.3.4/jakarta.annotation-api-1.3.4.jar:/home/user/.m2/repository/org/glassfish/hk2/external/aopalliance-repackaged/2.5.0/aopalliance-repackaged-2.5.0.jar:/home/user/.m2/repository/com/fasterxml/jackson/dataformat/jackson-dataformat-xml/2.10.3/jackson-dataformat-xml-2.10.3.jar:/home/user/.m2/repository/com/fasterxml/jackson/core/jackson-core/2.10.3/jackson-core-2.10.3.jar:/home/user/.m2/repository/com/fasterxml/jackson/module/jackson-module-jaxb-annotations/2.10.3/jackson-module-jaxb-annotations-2.10.3.jar:/home/user/.m2/repository/jakarta/xml/bind/jakarta.xml.bind-api/2.3.2/jakarta.xml.bind-api-2.3.2.jar:/home/user/.m2/repository/jakarta/activation/jakarta.activation-api/1.2.1/jakarta.activation-api-1.2.1.jar:/home/user/.m2/repository/org/codehaus/woodstox/stax2-api/3.1.4/stax2-api-3.1.4.jar:/home/user/.m2/repository/com/fasterxml/woodstox/woodstox-core/5.0.3/woodstox-core-5.0.3.jar:/home/user/.m2/repository/javax/enterprise/cdi-api/1.2/cdi-api-1.2.jar:/home/user/.m2/repository/javax/el/javax.el-api/3.0.0/javax.el-api-3.0.0.jar:/home/user/.m2/repository/javax/interceptor/javax.interceptor-api/1.2/javax.interceptor-api-1.2.jar:/home/user/.m2/repository/javax/inject/javax.inject/1/javax.inject-1.jar:/home/user/.m2/repository/com/sun/xml/bind/jaxb-impl/2.3.0.1/jaxb-impl-2.3.0.1.jar:/home/user/.m2/repository/com/sun/xml/bind/jaxb-core/2.3.0.1/jaxb-core-2.3.0.1.jar:/home/user/.m2/repository/javax/xml/bind/jaxb-api/2.3.0/jaxb-api-2.3.0.jar:/home/user/.m2/repository/javax/activation/activation/1.1.1/activation-1.1.1.jar:/home/user/.m2/repository/org/apache/hadoop/hadoop-ozone-csi/1.1.0-SNAPSHOT/hadoop-ozone-csi-1.1.0-SNAPSHOT.jar:/home/user/.m2/repository/com/google/protobuf/protobuf-java-util/3.11.0/protobuf-java-util-3.11.0.jar:/home/user/.m2/repository/com/google/code/gson/gson/2.2.4/gson-2.2.4.jar:/home/user/.m2/repository/org/apache/hadoop/hadoop-hdds-config/1.1.0-SNAPSHOT/hadoop-hdds-config-1.1.0-SNAPSHOT.jar:/home/user/.m2/repository/com/google/protobuf/protobuf-java/2.5.0/protobuf-java-2.5.0.jar:/home/user/.m2/repository/io/grpc/grpc-netty/1.29.0/grpc-netty-1.29.0.jar:/home/user/.m2/repository/io/grpc/grpc-core/1.29.0/grpc-core-1.29.0.jar:/home/user/.m2/repository/com/google/android/annotations/4.1.1.4/annotations-4.1.1.4.jar:/home/user/.m2/repository/io/perfmark/perfmark-api/0.19.0/perfmark-api-0.19.0.jar:/home/user/.m2/repository/io/netty/netty-codec-http2/4.1.48.Final/netty-codec-http2-4.1.48.Final.jar:/home/user/.m2/repository/io/netty/netty-codec/4.1.48.Final/netty-codec-4.1.48.Final.jar:/home/user/.m2/repository/io/netty/netty-handler/4.1.48.Final/netty-handler-4.1.48.Final.jar:/home/user/.m2/repository/io/netty/netty-codec-http/4.1.48.Final/netty-codec-http-4.1.48.Final.jar:/home/user/.m2/repository/io/netty/netty-handler-proxy/4.1.48.Final/netty-handler-proxy-4.1.48.Final.jar:/home/user/.m2/repository/io/netty/netty-codec-socks/4.1.48.Final/netty-codec-socks-4.1.48.Final.jar:/home/user/.m2/repository/io/netty/netty-transport-native-epoll/4.1.48.Final/netty-transport-native-epoll-4.1.48.Final.jar:/home/user/.m2/repository/io/netty/netty-common/4.1.48.Final/netty-common-4.1.48.Final.jar:/home/user/.m2/repository/io/netty/netty-buffer/4.1.48.Final/netty-buffer-4.1.48.Final.jar:/home/user/.m2/repository/io/netty/netty-transport/4.1.48.Final/netty-transport-4.1.48.Final.jar:/home/user/.m2/repository/io/netty/netty-resolver/4.1.48.Final/netty-resolver-4.1.48.Final.jar:/home/user/.m2/repository/io/netty/netty-transport-native-unix-common/4.1.48.Final/netty-transport-native-unix-common-4.1.48.Final.jar:/home/user/.m2/repository/io/grpc/grpc-protobuf/1.29.0/grpc-protobuf-1.29.0.jar:/home/user/.m2/repository/io/grpc/grpc-api/1.29.0/grpc-api-1.29.0.jar:/home/user/.m2/repository/io/grpc/grpc-context/1.29.0/grpc-context-1.29.0.jar:/home/user/.m2/repository/org/codehaus/mojo/animal-sniffer-annotations/1.18/animal-sniffer-annotations-1.18.jar:/home/user/.m2/repository/com/google/api/grpc/proto-google-common-protos/1.17.0/proto-google-common-protos-1.17.0.jar:/home/user/.m2/repository/io/grpc/grpc-protobuf-lite/1.29.0/grpc-protobuf-lite-1.29.0.jar:/home/user/.m2/repository/io/grpc/grpc-stub/1.29.0/grpc-stub-1.29.0.jar:/home/user/.m2/repository/org/apache/hadoop/hadoop-ozone-recon/1.1.0-SNAPSHOT/hadoop-ozone-recon-1.1.0-SNAPSHOT.jar:/home/user/.m2/repository/org/apache/hadoop/hadoop-ozone-reconcodegen/1.1.0-SNAPSHOT/hadoop-ozone-reconcodegen-1.1.0-SNAPSHOT.jar:/home/user/.m2/repository/com/google/inject/extensions/guice-multibindings/4.0/guice-multibindings-4.0.jar:/home/user/.m2/repository/com/google/inject/guice/4.0/guice-4.0.jar:/home/user/.m2/repository/aopalliance/aopalliance/1.0/aopalliance-1.0.jar:/home/user/.m2/repository/com/google/inject/extensions/guice-assistedinject/4.0/guice-assistedinject-4.0.jar:/home/user/.m2/repository/com/google/inject/extensions/guice-servlet/4.0/guice-servlet-4.0.jar:/home/user/.m2/repository/org/glassfish/jersey/containers/jersey-container-servlet/2.27/jersey-container-servlet-2.27.jar:/home/user/.m2/repository/org/glassfish/hk2/guice-bridge/2.5.0/guice-bridge-2.5.0.jar:/home/user/.m2/repository/org/glassfish/jersey/core/jersey-server/2.27/jersey-server-2.27.jar:/home/user/.m2/repository/org/glassfish/jersey/core/jersey-client/2.27/jersey-client-2.27.jar:/home/user/.m2/repository/org/glassfish/jersey/media/jersey-media-jaxb/2.27/jersey-media-jaxb-2.27.jar:/home/user/.m2/repository/javax/validation/validation-api/1.1.0.Final/validation-api-1.1.0.Final.jar:/home/user/.m2/repository/org/glassfish/jersey/media/jersey-media-json-jackson/2.27/jersey-media-json-jackson-2.27.jar:/home/user/.m2/repository/org/glassfish/jersey/ext/jersey-entity-filtering/2.27/jersey-entity-filtering-2.27.jar:/home/user/.m2/repository/org/jooq/jooq/3.11.10/jooq-3.11.10.jar:/home/user/.m2/repository/org/jooq/jooq-meta/3.11.10/jooq-meta-3.11.10.jar:/home/user/.m2/repository/org/jooq/jooq-codegen/3.11.10/jooq-codegen-3.11.10.jar:/home/user/.m2/repository/com/jolbox/bonecp/0.8.0.RELEASE/bonecp-0.8.0.RELEASE.jar:/home/user/.m2/repository/org/apache/derby/derby/10.14.2.0/derby-10.14.2.0.jar:/home/user/.m2/repository/org/xerial/sqlite-jdbc/3.25.2/sqlite-jdbc-3.25.2.jar:/home/user/.m2/repository/org/springframework/spring-jdbc/5.2.5.RELEASE/spring-jdbc-5.2.5.RELEASE.jar:/home/user/.m2/repository/org/springframework/spring-beans/5.2.5.RELEASE/spring-beans-5.2.5.RELEASE.jar:/home/user/.m2/repository/org/springframework/spring-core/5.2.5.RELEASE/spring-core-5.2.5.RELEASE.jar:/home/user/.m2/repository/org/springframework/spring-jcl/5.2.5.RELEASE/spring-jcl-5.2.5.RELEASE.jar:/home/user/.m2/repository/org/springframework/spring-tx/5.2.5.RELEASE/spring-tx-5.2.5.RELEASE.jar:/home/user/.m2/repository/org/apache/hadoop/hadoop-ozone-client/1.1.0-SNAPSHOT/hadoop-ozone-client-1.1.0-SNAPSHOT.jar:/home/user/.m2/repository/org/apache/hadoop/hadoop-ozone-filesystem/1.1.0-SNAPSHOT/hadoop-ozone-filesystem-1.1.0-SNAPSHOT.jar:/home/user/.m2/repository/org/apache/hadoop/hadoop-ozone-filesystem-common/1.1.0-SNAPSHOT/hadoop-ozone-filesystem-common-1.1.0-SNAPSHOT.jar:/home/user/.m2/repository/org/apache/hadoop/hadoop-ozone-tools/1.1.0-SNAPSHOT/hadoop-ozone-tools-1.1.0-SNAPSHOT.jar:/home/user/.m2/repository/org/apache/ratis/ratis-tools/1.1.0-913f5a4-SNAPSHOT/ratis-tools-1.1.0-913f5a4-SNAPSHOT.jar:/home/user/.m2/repository/org/apache/ratis/ratis-proto/1.1.0-913f5a4-SNAPSHOT/ratis-proto-1.1.0-913f5a4-SNAPSHOT.jar:/home/user/.m2/repository/org/apache/ratis/ratis-common/1.1.0-913f5a4-SNAPSHOT/ratis-common-1.1.0-913f5a4-SNAPSHOT.jar:/home/user/.m2/repository/com/amazonaws/aws-java-sdk-core/1.11.901/aws-java-sdk-core-1.11.901.jar:/home/user/.m2/repository/org/apache/httpcomponents/httpclient/4.5.13/httpclient-4.5.13.jar:/home/user/.m2/repository/org/apache/httpcomponents/httpcore/4.4.13/httpcore-4.4.13.jar:/home/user/.m2/repository/software/amazon/ion/ion-java/1.0.2/ion-java-1.0.2.jar:/home/user/.m2/repository/com/fasterxml/jackson/dataformat/jackson-dataformat-cbor/2.10.3/jackson-dataformat-cbor-2.10.3.jar:/home/user/.m2/repository/joda-time/joda-time/2.8.1/joda-time-2.8.1.jar:/home/user/.m2/repository/com/amazonaws/aws-java-sdk-s3/1.11.901/aws-java-sdk-s3-1.11.901.jar:/home/user/.m2/repository/com/amazonaws/aws-java-sdk-kms/1.11.901/aws-java-sdk-kms-1.11.901.jar:/home/user/.m2/repository/com/amazonaws/jmespath-java/1.11.901/jmespath-java-1.11.901.jar:/home/user/.m2/repository/org/kohsuke/metainf-services/metainf-services/1.8/metainf-services-1.8.jar:/home/user/.m2/repository/org/apache/hadoop/hadoop-hdds-tools/1.1.0-SNAPSHOT/hadoop-hdds-tools-1.1.0-SNAPSHOT.jar:/home/user/.m2/repository/commons-cli/commons-cli/1.2/commons-cli-1.2.jar:/home/user/.m2/repository/org/apache/commons/commons-lang3/3.7/commons-lang3-3.7.jar:/home/user/.m2/repository/org/apache/hadoop/hadoop-ozone-ozone-manager/1.1.0-SNAPSHOT/hadoop-ozone-ozone-manager-1.1.0-SNAPSHOT-tests.jar:/home/user/.m2/repository/org/apache/hadoop/hadoop-hdds-common/1.1.0-SNAPSHOT/hadoop-hdds-common-1.1.0-SNAPSHOT-tests.jar:/home/user/.m2/repository/org/apache/hadoop/hadoop-hdds-hadoop-dependency-client/1.1.0-SNAPSHOT/hadoop-hdds-hadoop-dependency-client-1.1.0-SNAPSHOT.jar:/home/user/.m2/repository/info/picocli/picocli/4.4.0/picocli-4.4.0.jar:/home/user/.m2/repository/com/fasterxml/jackson/core/jackson-annotations/2.10.3/jackson-annotations-2.10.3.jar:/home/user/.m2/repository/javax/annotation/javax.annotation-api/1.2/javax.annotation-api-1.2.jar:/home/user/.m2/repository/org/fusesource/leveldbjni/leveldbjni-all/1.8/leveldbjni-all-1.8.jar:/home/user/.m2/repository/org/apache/ratis/ratis-server/1.1.0-913f5a4-SNAPSHOT/ratis-server-1.1.0-913f5a4-SNAPSHOT.jar:/home/user/.m2/repository/org/apache/ratis/ratis-client/1.1.0-913f5a4-SNAPSHOT/ratis-client-1.1.0-913f5a4-SNAPSHOT.jar:/home/user/.m2/repository/org/apache/ratis/ratis-metrics/1.1.0-913f5a4-SNAPSHOT/ratis-metrics-1.1.0-913f5a4-SNAPSHOT.jar:/home/user/.m2/repository/org/apache/ratis/ratis-netty/1.1.0-913f5a4-SNAPSHOT/ratis-netty-1.1.0-913f5a4-SNAPSHOT.jar:/home/user/.m2/repository/org/apache/ratis/ratis-grpc/1.1.0-913f5a4-SNAPSHOT/ratis-grpc-1.1.0-913f5a4-SNAPSHOT.jar:/home/user/.m2/repository/org/apache/logging/log4j/log4j-api/2.13.3/log4j-api-2.13.3.jar:/home/user/.m2/repository/org/apache/logging/log4j/log4j-core/2.13.3/log4j-core-2.13.3.jar:/home/user/.m2/repository/com/lmax/disruptor/3.4.2/disruptor-3.4.2.jar:/home/user/.m2/repository/org/apache/commons/commons-pool2/2.6.0/commons-pool2-2.6.0.jar:/home/user/.m2/repository/org/bouncycastle/bcpkix-jdk15on/1.60/bcpkix-jdk15on-1.60.jar:/home/user/.m2/repository/commons-validator/commons-validator/1.6/commons-validator-1.6.jar:/home/user/.m2/repository/commons-beanutils/commons-beanutils/1.9.4/commons-beanutils-1.9.4.jar:/home/user/.m2/repository/commons-digester/commons-digester/1.8.1/commons-digester-1.8.1.jar:/home/user/.m2/repository/commons-collections/commons-collections/3.2.2/commons-collections-3.2.2.jar:/home/user/.m2/repository/io/jaegertracing/jaeger-client/1.2.0/jaeger-client-1.2.0.jar:/home/user/.m2/repository/io/jaegertracing/jaeger-thrift/1.2.0/jaeger-thrift-1.2.0.jar:/home/user/.m2/repository/org/apache/thrift/libthrift/0.13.0/libthrift-0.13.0.jar:/home/user/.m2/repository/com/squareup/okhttp3/okhttp/4.2.2/okhttp-4.2.2.jar:/home/user/.m2/repository/com/squareup/okio/okio/2.2.2/okio-2.2.2.jar:/home/user/.m2/repository/org/jetbrains/kotlin/kotlin-stdlib/1.3.50/kotlin-stdlib-1.3.50.jar:/home/user/.m2/repository/org/jetbrains/kotlin/kotlin-stdlib-common/1.3.50/kotlin-stdlib-common-1.3.50.jar:/home/user/.m2/repository/org/jetbrains/annotations/13.0/annotations-13.0.jar:/home/user/.m2/repository/io/jaegertracing/jaeger-core/1.2.0/jaeger-core-1.2.0.jar:/home/user/.m2/repository/io/jaegertracing/jaeger-tracerresolver/1.2.0/jaeger-tracerresolver-1.2.0.jar:/home/user/.m2/repository/io/opentracing/contrib/opentracing-tracerresolver/0.1.8/opentracing-tracerresolver-0.1.8.jar:/home/user/.m2/repository/io/opentracing/opentracing-util/0.33.0/opentracing-util-0.33.0.jar:/home/user/.m2/repository/io/opentracing/opentracing-api/0.33.0/opentracing-api-0.33.0.jar:/home/user/.m2/repository/io/opentracing/opentracing-noop/0.33.0/opentracing-noop-0.33.0.jar:/home/user/.m2/repository/org/yaml/snakeyaml/1.26/snakeyaml-1.26.jar:/home/user/.m2/repository/junit/junit/4.11/junit-4.11.jar:/home/user/.m2/repository/org/hamcrest/hamcrest-core/1.3/hamcrest-core-1.3.jar:/home/user/.m2/repository/org/openjdk/jmh/jmh-core/1.19/jmh-core-1.19.jar:/home/user/.m2/repository/net/sf/jopt-simple/jopt-simple/4.6/jopt-simple-4.6.jar:/home/user/.m2/repository/org/apache/commons/commons-math3/3.1.1/commons-math3-3.1.1.jar:/home/user/.m2/repository/org/openjdk/jmh/jmh-generator-annprocess/1.19/jmh-generator-annprocess-1.19.jar:/home/user/.m2/repository/org/mockito/mockito-all/1.8.5/mockito-all-1.8.5.jar:/home/user/.m2/repository/org/apache/hadoop/hadoop-kms/3.2.1/hadoop-kms-3.2.1.jar:/home/user/.m2/repository/org/apache/hadoop/hadoop-auth/3.2.1/hadoop-auth-3.2.1.jar:/home/user/.m2/repository/com/nimbusds/nimbus-jose-jwt/7.9/nimbus-jose-jwt-7.9.jar:/home/user/.m2/repository/com/github/stephenc/jcip/jcip-annotations/1.0-1/jcip-annotations-1.0-1.jar:/home/user/.m2/repository/net/minidev/json-smart/2.3/json-smart-2.3.jar:/home/user/.m2/repository/net/minidev/accessors-smart/1.2/accessors-smart-1.2.jar:/home/user/.m2/repository/org/ow2/asm/asm/5.0.4/asm-5.0.4.jar:/home/user/.m2/repository/org/apache/zookeeper/zookeeper/3.4.13/zookeeper-3.4.13.jar:/home/user/.m2/repository/org/apache/yetus/audience-annotations/0.5.0/audience-annotations-0.5.0.jar:/home/user/.m2/repository/org/apache/curator/curator-framework/2.13.0/curator-framework-2.13.0.jar:/home/user/.m2/repository/com/sun/jersey/jersey-core/1.19/jersey-core-1.19.jar:/home/user/.m2/repository/javax/ws/rs/jsr311-api/1.1.1/jsr311-api-1.1.1.jar:/home/user/.m2/repository/com/sun/jersey/jersey-server/1.19/jersey-server-1.19.jar:/home/user/.m2/repository/javax/servlet/javax.servlet-api/3.1.0/javax.servlet-api-3.1.0.jar:/home/user/.m2/repository/org/eclipse/jetty/jetty-server/9.4.34.v20201102/jetty-server-9.4.34.v20201102.jar:/home/user/.m2/repository/org/eclipse/jetty/jetty-http/9.4.34.v20201102/jetty-http-9.4.34.v20201102.jar:/home/user/.m2/repository/org/eclipse/jetty/jetty-io/9.4.34.v20201102/jetty-io-9.4.34.v20201102.jar:/home/user/.m2/repository/org/eclipse/jetty/jetty-webapp/9.4.34.v20201102/jetty-webapp-9.4.34.v20201102.jar:/home/user/.m2/repository/org/eclipse/jetty/jetty-xml/9.4.34.v20201102/jetty-xml-9.4.34.v20201102.jar:/home/user/.m2/repository/org/apache/hadoop/hadoop-common/3.2.1/hadoop-common-3.2.1.jar:/home/user/.m2/repository/commons-net/commons-net/3.6/commons-net-3.6.jar:/home/user/.m2/repository/com/sun/jersey/jersey-servlet/1.19/jersey-servlet-1.19.jar:/home/user/.m2/repository/com/sun/jersey/jersey-json/1.19/jersey-json-1.19.jar:/home/user/.m2/repository/org/codehaus/jettison/jettison/1.1/jettison-1.1.jar:/home/user/.m2/repository/org/codehaus/jackson/jackson-jaxrs/1.9.2/jackson-jaxrs-1.9.2.jar:/home/user/.m2/repository/org/codehaus/jackson/jackson-xc/1.9.2/jackson-xc-1.9.2.jar:/home/user/.m2/repository/org/apache/commons/commons-configuration2/2.1.1/commons-configuration2-2.1.1.jar:/home/user/.m2/repository/org/apache/commons/commons-text/1.4/commons-text-1.4.jar:/home/user/.m2/repository/com/google/re2j/re2j/1.1/re2j-1.1.jar:/home/user/.m2/repository/com/jcraft/jsch/0.1.54/jsch-0.1.54.jar:/home/user/.m2/repository/org/apache/curator/curator-client/2.13.0/curator-client-2.13.0.jar:/home/user/.m2/repository/org/apache/curator/curator-recipes/2.13.0/curator-recipes-2.13.0.jar:/home/user/.m2/repository/dnsjava/dnsjava/2.1.7/dnsjava-2.1.7.jar:/home/user/.m2/repository/org/slf4j/jul-to-slf4j/1.7.30/jul-to-slf4j-1.7.30.jar:/home/user/.m2/repository/org/eclipse/jetty/jetty-util/9.4.34.v20201102/jetty-util-9.4.34.v20201102.jar:/home/user/.m2/repository/com/fasterxml/jackson/core/jackson-databind/2.10.3/jackson-databind-2.10.3.jar:/home/user/.m2/repository/org/apache/hadoop/hadoop-kms/3.2.1/hadoop-kms-3.2.1-tests.jar:/home/user/.m2/repository/org/apache/hadoop/hadoop-hdds-server-scm/1.1.0-SNAPSHOT/hadoop-hdds-server-scm-1.1.0-SNAPSHOT-tests.jar:/home/user/.m2/repository/org/apache/hadoop/hadoop-hdds-container-service/1.1.0-SNAPSHOT/hadoop-hdds-container-service-1.1.0-SNAPSHOT-tests.jar:/home/user/.m2/repository/commons-codec/commons-codec/1.11/commons-codec-1.11.jar:/home/user/.m2/repository/org/apache/hadoop/hadoop-hdds-hadoop-dependency-test/1.1.0-SNAPSHOT/hadoop-hdds-hadoop-dependency-test-1.1.0-SNAPSHOT.jar:/home/user/.m2/repository/org/apache/hadoop/hadoop-common/3.2.1/hadoop-common-3.2.1-tests.jar:/home/user/.m2/repository/org/apache/hadoop/hadoop-hdfs/3.2.1/hadoop-hdfs-3.2.1-tests.jar:/home/user/.m2/repository/org/eclipse/jetty/jetty-util-ajax/9.4.34.v20201102/jetty-util-ajax-9.4.34.v20201102.jar:/home/user/.m2/repository/commons-daemon/commons-daemon/1.0.13/commons-daemon-1.0.13.jar:/home/user/.m2/repository/io/netty/netty/3.10.5.Final/netty-3.10.5.Final.jar:/home/user/.m2/repository/io/netty/netty-all/4.1.48.Final/netty-all-4.1.48.Final.jar:/home/user/.m2/repository/org/apache/htrace/htrace-core4/4.1.0-incubating/htrace-core4-4.1.0-incubating.jar:/home/user/.m2/repository/org/apache/hadoop/hadoop-distcp/3.2.1/hadoop-distcp-3.2.1.jar:/home/user/.m2/repository/org/apache/hadoop/hadoop-mapreduce-client-jobclient/3.2.1/hadoop-mapreduce-client-jobclient-3.2.1.jar:/home/user/.m2/repository/org/apache/hadoop/hadoop-mapreduce-client-common/3.2.1/hadoop-mapreduce-client-common-3.2.1.jar:/home/user/.m2/repository/org/apache/hadoop/hadoop-yarn-common/3.2.1/hadoop-yarn-common-3.2.1.jar:/home/user/.m2/repository/org/apache/hadoop/hadoop-yarn-api/3.2.1/hadoop-yarn-api-3.2.1.jar:/home/user/.m2/repository/com/sun/jersey/jersey-client/1.19/jersey-client-1.19.jar:/home/user/.m2/repository/com/sun/jersey/contribs/jersey-guice/1.19/jersey-guice-1.19.jar:/home/user/.m2/repository/com/fasterxml/jackson/jaxrs/jackson-jaxrs-json-provider/2.10.3/jackson-jaxrs-json-provider-2.10.3.jar:/home/user/.m2/repository/com/fasterxml/jackson/jaxrs/jackson-jaxrs-base/2.10.3/jackson-jaxrs-base-2.10.3.jar:/home/user/.m2/repository/org/apache/hadoop/hadoop-yarn-client/3.2.1/hadoop-yarn-client-3.2.1.jar:/home/user/.m2/repository/org/apache/hadoop/hadoop-mapreduce-client-core/3.2.1/hadoop-mapreduce-client-core-3.2.1.jar:/home/user/.m2/repository/org/apache/avro/avro/1.7.7/avro-1.7.7.jar:/home/user/.m2/repository/org/codehaus/jackson/jackson-core-asl/1.9.13/jackson-core-asl-1.9.13.jar:/home/user/.m2/repository/org/codehaus/jackson/jackson-mapper-asl/1.9.13/jackson-mapper-asl-1.9.13.jar:/home/user/.m2/repository/com/thoughtworks/paranamer/paranamer/2.3/paranamer-2.3.jar:/home/user/.m2/repository/org/xerial/snappy/snappy-java/1.0.5/snappy-java-1.0.5.jar:/home/user/.m2/repository/org/apache/hadoop/hadoop-annotations/3.2.1/hadoop-annotations-3.2.1.jar:/usr/lib/jvm/java-1.8.0-openjdk-1.8.0.232.b09-0.el7_7.x86_64/jre/../lib/tools.jar:/home/user/.m2/repository/org/apache/hadoop/hadoop-distcp/3.2.1/hadoop-distcp-3.2.1-tests.jar:"/>
    <property name="sun.cpu.endian" value="little"/>
    <property name="user.home" value="/home/user"/>
    <property name="user.language" value="en"/>
    <property name="java.specification.vendor" value="Oracle Corporation"/>
    <property name="java.home" value="/usr/lib/jvm/java-1.8.0-openjdk-1.8.0.232.b09-0.el7_7.x86_64/jre"/>
    <property name="java.security.krb5.conf" value="/github/workspace/mnt/ozone/hadoop-ozone/integration-test/target/test-classes/krb5.conf"/>
    <property name="basedir" value="/github/workspace/mnt/ozone/hadoop-ozone/integration-test"/>
    <property name="file.separator" value="/"/>
    <property name="line.separator" value="&#10;"/>
    <property name="java.vm.specification.vendor" value="Oracle Corporation"/>
    <property name="java.specification.name" value="Java Platform API Specification"/>
    <property name="java.awt.graphicsenv" value="sun.awt.X11GraphicsEnvironment"/>
    <property name="skip.installnpx" value="true"/>
    <property name="surefire.real.class.path" value="/github/workspace/mnt/ozone/hadoop-ozone/integration-test/target/surefire/surefirebooter3675783135924155441.jar:/home/user/.m2/repository/org/jacoco/org.jacoco.agent/0.8.5/org.jacoco.agent-0.8.5-runtime.jar"/>
    <property name="hadoop.log.dir" value="/github/workspace/mnt/ozone/hadoop-ozone/integration-test/target/log"/>
    <property name="sun.boot.class.path" value="/usr/lib/jvm/java-1.8.0-openjdk-1.8.0.232.b09-0.el7_7.x86_64/jre/lib/resources.jar:/usr/lib/jvm/java-1.8.0-openjdk-1.8.0.232.b09-0.el7_7.x86_64/jre/lib/rt.jar:/usr/lib/jvm/java-1.8.0-openjdk-1.8.0.232.b09-0.el7_7.x86_64/jre/lib/sunrsasign.jar:/usr/lib/jvm/java-1.8.0-openjdk-1.8.0.232.b09-0.el7_7.x86_64/jre/lib/jsse.jar:/usr/lib/jvm/java-1.8.0-openjdk-1.8.0.232.b09-0.el7_7.x86_64/jre/lib/jce.jar:/usr/lib/jvm/java-1.8.0-openjdk-1.8.0.232.b09-0.el7_7.x86_64/jre/lib/charsets.jar:/usr/lib/jvm/java-1.8.0-openjdk-1.8.0.232.b09-0.el7_7.x86_64/jre/lib/jfr.jar:/usr/lib/jvm/java-1.8.0-openjdk-1.8.0.232.b09-0.el7_7.x86_64/jre/classes"/>
    <property name="sun.management.compiler" value="HotSpot 64-Bit Tiered Compilers"/>
    <property name="skip.npx" value="true"/>
    <property name="java.runtime.version" value="1.8.0_232-b09"/>
    <property name="java.net.preferIPv4Stack" value="true"/>
    <property name="user.name" value="jenkins1001"/>
    <property name="path.separator" value=":"/>
    <property name="java.security.egd" value="file:///dev/urandom"/>
    <property name="os.version" value="5.4.0-1031-azure"/>
    <property name="java.endorsed.dirs" value="/usr/lib/jvm/java-1.8.0-openjdk-1.8.0.232.b09-0.el7_7.x86_64/jre/lib/endorsed"/>
    <property name="java.runtime.name" value="OpenJDK Runtime Environment"/>
    <property name="file.encoding" value="ANSI_X3.4-1968"/>
    <property name="java.vm.name" value="OpenJDK 64-Bit Server VM"/>
    <property name="test.build.webapps" value=""/>
    <property name="localRepository" value="/home/user/.m2/repository"/>
    <property name="java.vendor.url.bug" value="http://bugreport.sun.com/bugreport/"/>
    <property name="java.io.tmpdir" value="/tmp"/>
    <property name="require.test.libhadoop" value=""/>
    <property name="java.version" value="1.8.0_232"/>
    <property name="user.dir" value="/github/workspace/mnt/ozone/hadoop-ozone/integration-test"/>
    <property name="os.arch" value="amd64"/>
    <property name="java.vm.specification.name" value="Java Virtual Machine Specification"/>
    <property name="test.build.classes" value="/github/workspace/mnt/ozone/hadoop-ozone/integration-test/target/test-classes"/>
    <property name="java.awt.printerjob" value="sun.print.PSPrinterJob"/>
    <property name="sun.os.patch.level" value="unknown"/>
    <property name="hadoop.tmp.dir" value="/github/workspace/mnt/ozone/hadoop-ozone/integration-test/target/tmp"/>
    <property name="java.library.path" value="/usr/lib:/usr/java/packages/lib/amd64:/usr/lib64:/lib64:/lib:/usr/lib"/>
    <property name="java.vm.info" value="mixed mode"/>
    <property name="java.vendor" value="Oracle Corporation"/>
    <property name="java.vm.version" value="25.232-b09"/>
    <property name="java.ext.dirs" value="/usr/lib/jvm/java-1.8.0-openjdk-1.8.0.232.b09-0.el7_7.x86_64/jre/lib/ext:/usr/java/packages/lib/ext"/>
    <property name="sun.io.unicode.encoding" value="UnicodeLittle"/>
    <property name="java.class.version" value="52.0"/>
  </properties>
  <testcase name="testWatchForCommitWithKeyWrite" classname="org.apache.hadoop.ozone.client.rpc.TestWatchForCommit" time="64.268"/>
  <testcase name="testWatchForCommitForRetryfailure" classname="org.apache.hadoop.ozone.client.rpc.TestWatchForCommit" time="72.959"/>
  <testcase name="testWatchForCommitForGroupMismatchException" classname="org.apache.hadoop.ozone.client.rpc.TestWatchForCommit" time="39.037">
    <error message="dfa92053-6d36-469c-b0e7-d151100efb82: Group group-E9578CD0BABE not found." type="java.io.IOException">java.io.IOException: dfa92053-6d36-469c-b0e7-d151100efb82: Group group-E9578CD0BABE not found.
	at org.apache.hadoop.ozone.container.common.transport.server.ratis.XceiverServerRatis.removeGroup(XceiverServerRatis.java:774)
	at org.apache.hadoop.ozone.container.TestHelper.waitForPipelineClose(TestHelper.java:242)
	at org.apache.hadoop.ozone.client.rpc.TestWatchForCommit.testWatchForCommitForGroupMismatchException(TestWatchForCommit.java:353)
	at sun.reflect.NativeMethodAccessorImpl.invoke0(Native Method)
	at sun.reflect.NativeMethodAccessorImpl.invoke(NativeMethodAccessorImpl.java:62)
	at sun.reflect.DelegatingMethodAccessorImpl.invoke(DelegatingMethodAccessorImpl.java:43)
	at java.lang.reflect.Method.invoke(Method.java:498)
	at org.junit.runners.model.FrameworkMethod$1.runReflectiveCall(FrameworkMethod.java:47)
	at org.junit.internal.runners.model.ReflectiveCallable.run(ReflectiveCallable.java:12)
	at org.junit.runners.model.FrameworkMethod.invokeExplosively(FrameworkMethod.java:44)
	at org.junit.internal.runners.statements.InvokeMethod.evaluate(InvokeMethod.java:17)
	at org.junit.internal.runners.statements.RunBefores.evaluate(RunBefores.java:26)
	at org.junit.internal.runners.statements.RunAfters.evaluate(RunAfters.java:27)
	at org.junit.runners.ParentRunner.runLeaf(ParentRunner.java:271)
	at org.junit.runners.BlockJUnit4ClassRunner.runChild(BlockJUnit4ClassRunner.java:70)
	at org.junit.runners.BlockJUnit4ClassRunner.runChild(BlockJUnit4ClassRunner.java:50)
	at org.junit.runners.ParentRunner$3.run(ParentRunner.java:238)
	at org.junit.runners.ParentRunner$1.schedule(ParentRunner.java:63)
	at org.junit.runners.ParentRunner.runChildren(ParentRunner.java:236)
	at org.junit.runners.ParentRunner.access$000(ParentRunner.java:53)
	at org.junit.runners.ParentRunner$2.evaluate(ParentRunner.java:229)
	at org.junit.runners.ParentRunner.run(ParentRunner.java:309)
	at org.apache.maven.surefire.junit4.JUnit4Provider.execute(JUnit4Provider.java:365)
	at org.apache.maven.surefire.junit4.JUnit4Provider.executeWithRerun(JUnit4Provider.java:273)
	at org.apache.maven.surefire.junit4.JUnit4Provider.executeTestSet(JUnit4Provider.java:238)
	at org.apache.maven.surefire.junit4.JUnit4Provider.invoke(JUnit4Provider.java:159)
	at org.apache.maven.surefire.booter.ForkedBooter.invokeProviderInSameClassLoader(ForkedBooter.java:384)
	at org.apache.maven.surefire.booter.ForkedBooter.runSuitesInProcess(ForkedBooter.java:345)
	at org.apache.maven.surefire.booter.ForkedBooter.execute(ForkedBooter.java:126)
	at org.apache.maven.surefire.booter.ForkedBooter.main(ForkedBooter.java:418)
Caused by: org.apache.ratis.protocol.exceptions.GroupMismatchException: dfa92053-6d36-469c-b0e7-d151100efb82: Group group-E9578CD0BABE not found.
	at org.apache.ratis.server.impl.RaftServerProxy.groupRemoveAsync(RaftServerProxy.java:445)
	at org.apache.ratis.server.impl.RaftServerProxy.groupManagementAsync(RaftServerProxy.java:401)
	at org.apache.ratis.server.impl.RaftServerProxy.groupManagement(RaftServerProxy.java:381)
	at org.apache.hadoop.ozone.container.common.transport.server.ratis.XceiverServerRatis.removeGroup(XceiverServerRatis.java:772)
	... 29 more
</error>
    <system-out><![CDATA[2020-12-08 02:18:38,923 [Listener at 127.0.0.1/43941] WARN  server.ServerUtils (ServerUtils.java:getScmDbDir(148)) - ozone.scm.db.dirs is not configured. We recommend adding this setting. Falling back to ozone.metadata.dirs instead.
2020-12-08 02:18:38,926 [Listener at 127.0.0.1/43941] WARN  server.ServerUtils (ServerUtils.java:getScmDbDir(148)) - ozone.scm.db.dirs is not configured. We recommend adding this setting. Falling back to ozone.metadata.dirs instead.
2020-12-08 02:18:38,927 [Listener at 127.0.0.1/43941] WARN  db.DBStoreBuilder (DBStoreBuilder.java:applyDBDefinition(145)) - ozone.scm.db.dirs is not configured. We recommend adding this setting. Falling back to ozone.metadata.dirs instead.
2020-12-08 02:18:38,955 [Listener at 127.0.0.1/43941] INFO  net.NodeSchemaLoader (NodeSchemaLoader.java:loadSchemaFromFile(126)) - Loading file from sun.misc.CompoundEnumeration@781ebe48
2020-12-08 02:18:38,956 [Listener at 127.0.0.1/43941] INFO  net.NodeSchemaLoader (NodeSchemaLoader.java:loadSchema(172)) - Loading network topology layer schema file
2020-12-08 02:18:38,959 [Listener at 127.0.0.1/43941] INFO  node.SCMNodeManager (SCMNodeManager.java:<init>(123)) - Entering startup safe mode.
2020-12-08 02:18:38,960 [Listener at 127.0.0.1/43941] INFO  algorithms.ContainerPlacementPolicyFactory (ContainerPlacementPolicyFactory.java:getPolicy(60)) - Create container placement policy of type org.apache.hadoop.hdds.scm.container.placement.algorithms.SCMContainerPlacementRandom
2020-12-08 02:18:38,960 [Listener at 127.0.0.1/43941] INFO  algorithms.LeaderChoosePolicyFactory (LeaderChoosePolicyFactory.java:getPolicy(57)) - Create leader choose policy of type org.apache.hadoop.hdds.scm.pipeline.leader.choose.algorithms.DefaultLeaderChoosePolicy
2020-12-08 02:18:38,960 [Listener at 127.0.0.1/43941] INFO  pipeline.SCMPipelineManager (SCMPipelineManager.java:initializePipelineState(161)) - No pipeline exists in current db
2020-12-08 02:18:38,961 [Listener at 127.0.0.1/43941] INFO  algorithms.PipelineChoosePolicyFactory (PipelineChoosePolicyFactory.java:createPipelineChoosePolicyFromClass(75)) - Create pipeline choose policy of type org.apache.hadoop.hdds.scm.pipeline.choose.algorithms.RandomPipelineChoosePolicy
2020-12-08 02:18:38,962 [Listener at 127.0.0.1/43941] INFO  safemode.HealthyPipelineSafeModeRule (HealthyPipelineSafeModeRule.java:<init>(89)) - Total pipeline count is 0, healthy pipeline threshold count is 0
2020-12-08 02:18:38,962 [Listener at 127.0.0.1/43941] INFO  safemode.OneReplicaPipelineSafeModeRule (OneReplicaPipelineSafeModeRule.java:<init>(84)) - Total pipeline count is 0, pipeline's with at least one datanode reported threshold count is 0
2020-12-08 02:18:38,963 [Listener at 127.0.0.1/43941] INFO  ipc.CallQueueManager (CallQueueManager.java:<init>(84)) - Using callQueue: class java.util.concurrent.LinkedBlockingQueue, queueCapacity: 2000, scheduler: class org.apache.hadoop.ipc.DefaultRpcScheduler, ipcBackoff: false.
2020-12-08 02:18:38,964 [Socket Reader #1 for port 0] INFO  ipc.Server (Server.java:run(1219)) - Starting Socket Reader #1 for port 0
2020-12-08 02:18:38,965 [Listener at 0.0.0.0/45053] INFO  ipc.CallQueueManager (CallQueueManager.java:<init>(84)) - Using callQueue: class java.util.concurrent.LinkedBlockingQueue, queueCapacity: 2000, scheduler: class org.apache.hadoop.ipc.DefaultRpcScheduler, ipcBackoff: false.
2020-12-08 02:18:38,966 [Socket Reader #1 for port 0] INFO  ipc.Server (Server.java:run(1219)) - Starting Socket Reader #1 for port 0
2020-12-08 02:18:38,967 [Listener at 0.0.0.0/45535] INFO  ipc.CallQueueManager (CallQueueManager.java:<init>(84)) - Using callQueue: class java.util.concurrent.LinkedBlockingQueue, queueCapacity: 2000, scheduler: class org.apache.hadoop.ipc.DefaultRpcScheduler, ipcBackoff: false.
2020-12-08 02:18:38,968 [Socket Reader #1 for port 0] INFO  ipc.Server (Server.java:run(1219)) - Starting Socket Reader #1 for port 0
2020-12-08 02:18:38,973 [Listener at 0.0.0.0/46649] INFO  http.BaseHttpServer (BaseHttpServer.java:newHttpServer2BuilderForOzone(207)) - Starting Web-server for scm at: http://0.0.0.0:0
2020-12-08 02:18:38,973 [Listener at 0.0.0.0/46649] INFO  http.BaseHttpServer (BaseHttpServer.java:<init>(106)) - Hadoop Security Enabled: false Ozone Security Enabled: false Ozone HTTP Security Enabled: false 
2020-12-08 02:18:38,974 [Listener at 0.0.0.0/46649] INFO  server.AuthenticationFilter (AuthenticationFilter.java:constructSecretProvider(240)) - Unable to initialize FileSignerSecretProvider, falling back to use random secrets.
2020-12-08 02:18:38,975 [Listener at 0.0.0.0/46649] WARN  http.HttpRequestLog (HttpRequestLog.java:getRequestLog(103)) - Jetty request log can only be enabled using Log4j
2020-12-08 02:18:38,976 [Listener at 0.0.0.0/46649] INFO  http.HttpServer2 (HttpServer2.java:addGlobalFilter(1019)) - Added global filter 'safety' (class=org.apache.hadoop.hdds.server.http.HttpServer2$QuotingInputFilter)
2020-12-08 02:18:38,976 [Listener at 0.0.0.0/46649] INFO  http.HttpServer2 (HttpServer2.java:addFilter(995)) - Added filter static_user_filter (class=org.apache.hadoop.http.lib.StaticUserWebFilter$StaticUserFilter) to context scm
2020-12-08 02:18:38,976 [Listener at 0.0.0.0/46649] INFO  http.HttpServer2 (HttpServer2.java:addFilter(1003)) - Added filter static_user_filter (class=org.apache.hadoop.http.lib.StaticUserWebFilter$StaticUserFilter) to context static
2020-12-08 02:18:38,976 [Listener at 0.0.0.0/46649] INFO  http.HttpServer2 (HttpServer2.java:addFilter(1003)) - Added filter static_user_filter (class=org.apache.hadoop.http.lib.StaticUserWebFilter$StaticUserFilter) to context logs
2020-12-08 02:18:38,978 [Listener at 0.0.0.0/46649] INFO  server.StorageContainerManager (StorageContainerManager.java:start(789)) - StorageContainerLocationProtocol RPC server is listening at /0.0.0.0:46649
2020-12-08 02:18:38,980 [Listener at 0.0.0.0/46649] WARN  impl.MetricsConfig (MetricsConfig.java:loadFirst(134)) - Cannot locate configuration: tried hadoop-metrics2-storagecontainermanager.properties,hadoop-metrics2.properties
2020-12-08 02:18:38,981 [Listener at 0.0.0.0/46649] INFO  impl.MetricsSystemImpl (MetricsSystemImpl.java:startTimer(374)) - Scheduled Metric snapshot period at 10 second(s).
2020-12-08 02:18:38,981 [Listener at 0.0.0.0/46649] INFO  impl.MetricsSystemImpl (MetricsSystemImpl.java:start(191)) - StorageContainerManager metrics system started
2020-12-08 02:18:39,007 [Listener at 0.0.0.0/46649] WARN  impl.MetricsSystemImpl (MetricsSystemImpl.java:register(276)) - Sink prometheus already exists!
2020-12-08 02:18:39,013 [Listener at 0.0.0.0/46649] INFO  server.SCMClientProtocolServer (SCMClientProtocolServer.java:start(159)) - RPC server for Client  is listening at /0.0.0.0:46649
2020-12-08 02:18:39,013 [IPC Server Responder] INFO  ipc.Server (Server.java:run(1460)) - IPC Server Responder: starting
2020-12-08 02:18:39,018 [IPC Server listener on 0] INFO  ipc.Server (Server.java:run(1298)) - IPC Server listener on 0: starting
2020-12-08 02:18:39,025 [Listener at 0.0.0.0/46649] INFO  server.StorageContainerManager (StorageContainerManager.java:start(801)) - ScmBlockLocationProtocol RPC server is listening at /0.0.0.0:45535
2020-12-08 02:18:39,025 [Listener at 0.0.0.0/46649] INFO  server.SCMBlockProtocolServer (SCMBlockProtocolServer.java:start(150)) - RPC server for Block Protocol is listening at /0.0.0.0:45535
2020-12-08 02:18:39,026 [IPC Server Responder] INFO  ipc.Server (Server.java:run(1460)) - IPC Server Responder: starting
2020-12-08 02:18:39,029 [IPC Server listener on 0] INFO  ipc.Server (Server.java:run(1298)) - IPC Server listener on 0: starting
2020-12-08 02:18:39,040 [Listener at 0.0.0.0/46649] INFO  server.StorageContainerManager (StorageContainerManager.java:start(807)) - ScmDatanodeProtocl RPC server is listening at /0.0.0.0:45053
2020-12-08 02:18:39,040 [Listener at 0.0.0.0/46649] INFO  server.SCMDatanodeProtocolServer (SCMDatanodeProtocolServer.java:start(174)) - RPC server for DataNodes is listening at /0.0.0.0:45053
2020-12-08 02:18:39,041 [IPC Server Responder] INFO  ipc.Server (Server.java:run(1460)) - IPC Server Responder: starting
2020-12-08 02:18:39,041 [IPC Server listener on 0] INFO  ipc.Server (Server.java:run(1298)) - IPC Server listener on 0: starting
2020-12-08 02:18:39,049 [Listener at 0.0.0.0/46649] INFO  http.HttpServer2 (HttpServer2.java:bindListener(1237)) - Jetty bound to port 43983
2020-12-08 02:18:39,049 [Listener at 0.0.0.0/46649] INFO  server.Server (Server.java:doStart(375)) - jetty-9.4.34.v20201102; built: 2020-11-02T14:15:39.302Z; git: e46af88704a893fc12cb0e3bf46e2c7b48a009e7; jvm 1.8.0_232-b09
2020-12-08 02:18:39,051 [Listener at 0.0.0.0/46649] INFO  server.session (DefaultSessionIdManager.java:doStart(334)) - DefaultSessionIdManager workerName=node0
2020-12-08 02:18:39,051 [Listener at 0.0.0.0/46649] INFO  server.session (DefaultSessionIdManager.java:doStart(339)) - No SessionScavenger set, using defaults
2020-12-08 02:18:39,051 [Listener at 0.0.0.0/46649] INFO  server.session (HouseKeeper.java:startScavenging(132)) - node0 Scavenging every 600000ms
2020-12-08 02:18:39,052 [Listener at 0.0.0.0/46649] INFO  handler.ContextHandler (ContextHandler.java:doStart(916)) - Started o.e.j.s.ServletContextHandler@3261b8bf{logs,/logs,file:///github/workspace/mnt/ozone/hadoop-ozone/integration-test/target/log,AVAILABLE}
2020-12-08 02:18:39,053 [Listener at 0.0.0.0/46649] INFO  handler.ContextHandler (ContextHandler.java:doStart(916)) - Started o.e.j.s.ServletContextHandler@60a64104{static,/static,file:///github/workspace/mnt/ozone/hadoop-ozone/integration-test/target/test-classes/webapps/static,AVAILABLE}
2020-12-08 02:18:39,056 [Listener at 0.0.0.0/46649] INFO  handler.ContextHandler (ContextHandler.java:doStart(916)) - Started o.e.j.w.WebAppContext@21e827c8{scm,/,file:///github/workspace/mnt/ozone/hadoop-ozone/integration-test/target/test-classes/webapps/scm/,AVAILABLE}{file:/github/workspace/mnt/ozone/hadoop-ozone/integration-test/target/test-classes/webapps/scm}
2020-12-08 02:18:39,057 [Listener at 0.0.0.0/46649] INFO  server.AbstractConnector (AbstractConnector.java:doStart(331)) - Started ServerConnector@5a1dda88{HTTP/1.1, (http/1.1)}{0.0.0.0:43983}
2020-12-08 02:18:39,057 [Listener at 0.0.0.0/46649] INFO  server.Server (Server.java:doStart(415)) - Started @138254ms
2020-12-08 02:18:39,057 [Listener at 0.0.0.0/46649] WARN  impl.MetricsSystemImpl (MetricsSystemImpl.java:register(276)) - Sink prometheus already exists!
2020-12-08 02:18:39,060 [Listener at 0.0.0.0/46649] INFO  http.BaseHttpServer (BaseHttpServer.java:updateConnectorAddress(327)) - HTTP server of scm listening at http://0.0.0.0:43983
2020-12-08 02:18:39,061 [Listener at 0.0.0.0/46649] WARN  server.ServerUtils (ServerUtils.java:getDBPath(225)) - ozone.om.db.dirs is not configured. We recommend adding this setting. Falling back to ozone.metadata.dirs instead.
2020-12-08 02:18:39,061 [org.apache.hadoop.util.JvmPauseMonitor$Monitor@7aa146e5] INFO  util.JvmPauseMonitor (JvmPauseMonitor.java:run(188)) - Starting JVM pause monitor
2020-12-08 02:18:39,062 [Listener at 0.0.0.0/46649] INFO  ha.OMHANodeDetails (OMHANodeDetails.java:loadOMHAConfig(104)) - ozone.om.internal.service.id is not defined, falling back to ozone.om.service.ids to find serviceID for OzoneManager if it is HA enabled cluster
2020-12-08 02:18:39,062 [Listener at 0.0.0.0/46649] INFO  ha.OMHANodeDetails (OMHANodeDetails.java:loadOMHAConfig(213)) - Configuration either no ozone.om.address set. Falling back to the default OM address /127.0.0.1:0
2020-12-08 02:18:39,062 [Listener at 0.0.0.0/46649] INFO  ha.OMHANodeDetails (OMHANodeDetails.java:getOMNodeDetails(241)) - OM Service ID is not set. Setting it to the default ID: omServiceIdDefault
2020-12-08 02:18:39,063 [Listener at 0.0.0.0/46649] WARN  server.ServerUtils (ServerUtils.java:getDBPath(225)) - ozone.om.db.dirs is not configured. We recommend adding this setting. Falling back to ozone.metadata.dirs instead.
2020-12-08 02:18:39,068 [Listener at 0.0.0.0/46649] WARN  server.ServerUtils (ServerUtils.java:getDBPath(225)) - ozone.om.db.dirs is not configured. We recommend adding this setting. Falling back to ozone.metadata.dirs instead.
2020-12-08 02:18:39,078 [Listener at 0.0.0.0/46649] WARN  server.ServerUtils (ServerUtils.java:getDBPath(225)) - ozone.om.db.dirs is not configured. We recommend adding this setting. Falling back to ozone.metadata.dirs instead.
2020-12-08 02:18:39,079 [Listener at 0.0.0.0/46649] INFO  codec.OmKeyInfoCodec (OmKeyInfoCodec.java:<init>(41)) - OmKeyInfoCodec ignorePipeline = true
2020-12-08 02:18:39,079 [Listener at 0.0.0.0/46649] INFO  codec.RepeatedOmKeyInfoCodec (RepeatedOmKeyInfoCodec.java:<init>(40)) - RepeatedOmKeyInfoCodec ignorePipeline = true
2020-12-08 02:18:39,137 [Listener at 0.0.0.0/46649] INFO  om.OzoneManager (OzoneManager.java:addS3GVolumeToDB(3737)) - Created Volume s3v With Owner jenkins1001 required for S3Gateway operations.
2020-12-08 02:18:39,138 [Listener at 0.0.0.0/46649] INFO  ipc.CallQueueManager (CallQueueManager.java:<init>(84)) - Using callQueue: class java.util.concurrent.LinkedBlockingQueue, queueCapacity: 2000, scheduler: class org.apache.hadoop.ipc.DefaultRpcScheduler, ipcBackoff: false.
2020-12-08 02:18:39,139 [Socket Reader #1 for port 0] INFO  ipc.Server (Server.java:run(1219)) - Starting Socket Reader #1 for port 0
2020-12-08 02:18:39,152 [Listener at 127.0.0.1/40701] INFO  impl.MetricsSystemImpl (MetricsSystemImpl.java:init(158)) - OzoneManager metrics system started (again)
2020-12-08 02:18:39,154 [Listener at 127.0.0.1/40701] INFO  om.OzoneManager (OzoneManager.java:start(1145)) - OzoneManager RPC server is listening at localhost/127.0.0.1:40701
2020-12-08 02:18:39,158 [Listener at 127.0.0.1/40701] INFO  http.BaseHttpServer (BaseHttpServer.java:newHttpServer2BuilderForOzone(207)) - Starting Web-server for ozoneManager at: http://0.0.0.0:0
2020-12-08 02:18:39,158 [Listener at 127.0.0.1/40701] INFO  http.BaseHttpServer (BaseHttpServer.java:<init>(106)) - Hadoop Security Enabled: false Ozone Security Enabled: false Ozone HTTP Security Enabled: false 
2020-12-08 02:18:39,159 [Listener at 127.0.0.1/40701] INFO  server.AuthenticationFilter (AuthenticationFilter.java:constructSecretProvider(240)) - Unable to initialize FileSignerSecretProvider, falling back to use random secrets.
2020-12-08 02:18:39,159 [Listener at 127.0.0.1/40701] WARN  http.HttpRequestLog (HttpRequestLog.java:getRequestLog(103)) - Jetty request log can only be enabled using Log4j
2020-12-08 02:18:39,160 [Listener at 127.0.0.1/40701] INFO  http.HttpServer2 (HttpServer2.java:addGlobalFilter(1019)) - Added global filter 'safety' (class=org.apache.hadoop.hdds.server.http.HttpServer2$QuotingInputFilter)
2020-12-08 02:18:39,161 [Listener at 127.0.0.1/40701] INFO  http.HttpServer2 (HttpServer2.java:addFilter(995)) - Added filter static_user_filter (class=org.apache.hadoop.http.lib.StaticUserWebFilter$StaticUserFilter) to context ozoneManager
2020-12-08 02:18:39,161 [Listener at 127.0.0.1/40701] INFO  http.HttpServer2 (HttpServer2.java:addFilter(1003)) - Added filter static_user_filter (class=org.apache.hadoop.http.lib.StaticUserWebFilter$StaticUserFilter) to context logs
2020-12-08 02:18:39,161 [Listener at 127.0.0.1/40701] INFO  http.HttpServer2 (HttpServer2.java:addFilter(1003)) - Added filter static_user_filter (class=org.apache.hadoop.http.lib.StaticUserWebFilter$StaticUserFilter) to context static
2020-12-08 02:18:39,161 [Listener at 127.0.0.1/40701] INFO  http.HttpServer2 (HttpServer2.java:bindListener(1237)) - Jetty bound to port 42807
2020-12-08 02:18:39,162 [Listener at 127.0.0.1/40701] INFO  server.Server (Server.java:doStart(375)) - jetty-9.4.34.v20201102; built: 2020-11-02T14:15:39.302Z; git: e46af88704a893fc12cb0e3bf46e2c7b48a009e7; jvm 1.8.0_232-b09
2020-12-08 02:18:39,164 [Listener at 127.0.0.1/40701] INFO  server.session (DefaultSessionIdManager.java:doStart(334)) - DefaultSessionIdManager workerName=node0
2020-12-08 02:18:39,164 [Listener at 127.0.0.1/40701] INFO  server.session (DefaultSessionIdManager.java:doStart(339)) - No SessionScavenger set, using defaults
2020-12-08 02:18:39,165 [Listener at 127.0.0.1/40701] INFO  server.session (HouseKeeper.java:startScavenging(132)) - node0 Scavenging every 600000ms
2020-12-08 02:18:39,165 [Listener at 127.0.0.1/40701] INFO  handler.ContextHandler (ContextHandler.java:doStart(916)) - Started o.e.j.s.ServletContextHandler@79b2b427{logs,/logs,file:///github/workspace/mnt/ozone/hadoop-ozone/integration-test/target/log,AVAILABLE}
2020-12-08 02:18:39,166 [Listener at 127.0.0.1/40701] INFO  handler.ContextHandler (ContextHandler.java:doStart(916)) - Started o.e.j.s.ServletContextHandler@4e6a75a3{static,/static,file:///github/workspace/mnt/ozone/hadoop-ozone/integration-test/target/test-classes/webapps/static,AVAILABLE}
2020-12-08 02:18:39,168 [Listener at 127.0.0.1/40701] INFO  handler.ContextHandler (ContextHandler.java:doStart(916)) - Started o.e.j.w.WebAppContext@6ee0bfee{ozoneManager,/,file:///github/workspace/mnt/ozone/hadoop-ozone/integration-test/target/test-classes/webapps/ozoneManager/,AVAILABLE}{file:/github/workspace/mnt/ozone/hadoop-ozone/integration-test/target/test-classes/webapps/ozoneManager}
2020-12-08 02:18:39,169 [Listener at 127.0.0.1/40701] INFO  server.AbstractConnector (AbstractConnector.java:doStart(331)) - Started ServerConnector@64eb35bd{HTTP/1.1, (http/1.1)}{0.0.0.0:42807}
2020-12-08 02:18:39,169 [Listener at 127.0.0.1/40701] INFO  server.Server (Server.java:doStart(415)) - Started @138366ms
2020-12-08 02:18:39,169 [Listener at 127.0.0.1/40701] WARN  impl.MetricsSystemImpl (MetricsSystemImpl.java:register(276)) - Sink prometheus already exists!
2020-12-08 02:18:39,184 [Listener at 127.0.0.1/40701] INFO  http.BaseHttpServer (BaseHttpServer.java:updateConnectorAddress(327)) - HTTP server of ozoneManager listening at http://0.0.0.0:42807
2020-12-08 02:18:39,185 [IPC Server Responder] INFO  ipc.Server (Server.java:run(1460)) - IPC Server Responder: starting
2020-12-08 02:18:39,190 [IPC Server listener on 0] INFO  ipc.Server (Server.java:run(1298)) - IPC Server listener on 0: starting
2020-12-08 02:18:39,195 [Listener at 127.0.0.1/40701] INFO  om.OzoneManager (OzoneManager.java:startTrashEmptier(1270)) - Trash Interval set to 0. Files deleted will not move to trash
2020-12-08 02:18:39,196 [org.apache.hadoop.util.JvmPauseMonitor$Monitor@6ae91e0b] INFO  util.JvmPauseMonitor (JvmPauseMonitor.java:run(188)) - Starting JVM pause monitor
2020-12-08 02:18:39,217 [Listener at 127.0.0.1/40701] INFO  impl.MetricsSystemImpl (MetricsSystemImpl.java:init(158)) - HddsDatanode metrics system started (again)
2020-12-08 02:18:39,218 [Listener at 127.0.0.1/40701] INFO  ozone.HddsDatanodeService (HddsDatanodeService.java:start(217)) - HddsDatanodeService host:11cef1ca5a88 ip:172.17.0.2
2020-12-08 02:18:39,226 [Listener at 127.0.0.1/40701] INFO  volume.HddsVolume (HddsVolume.java:<init>(176)) - Creating Volume: /github/workspace/mnt/ozone/hadoop-ozone/integration-test/target/test-dir/MiniOzoneClusterImpl-c7e5300f-f3f2-48d9-ae25-3e63411fd680/datanode-0/data-0/containers/hdds of storage type : DISK and capacity : 9223372036854775807
2020-12-08 02:18:39,226 [Listener at 127.0.0.1/40701] INFO  volume.MutableVolumeSet (MutableVolumeSet.java:initializeVolumeSet(179)) - Added Volume : /github/workspace/mnt/ozone/hadoop-ozone/integration-test/target/test-dir/MiniOzoneClusterImpl-c7e5300f-f3f2-48d9-ae25-3e63411fd680/datanode-0/data-0/containers/hdds to VolumeSet
2020-12-08 02:18:39,226 [Listener at 127.0.0.1/40701] INFO  volume.ThrottledAsyncChecker (ThrottledAsyncChecker.java:schedule(141)) - Scheduling a check for /github/workspace/mnt/ozone/hadoop-ozone/integration-test/target/test-dir/MiniOzoneClusterImpl-c7e5300f-f3f2-48d9-ae25-3e63411fd680/datanode-0/data-0/containers/hdds
2020-12-08 02:18:39,227 [Listener at 127.0.0.1/40701] INFO  volume.HddsVolumeChecker (HddsVolumeChecker.java:checkAllVolumes(200)) - Scheduled health check for volume /github/workspace/mnt/ozone/hadoop-ozone/integration-test/target/test-dir/MiniOzoneClusterImpl-c7e5300f-f3f2-48d9-ae25-3e63411fd680/datanode-0/data-0/containers/hdds
2020-12-08 02:18:39,238 [Thread-1178] INFO  ozoneimpl.ContainerReader (ContainerReader.java:readVolume(123)) - Start to verify containers on volume /github/workspace/mnt/ozone/hadoop-ozone/integration-test/target/test-dir/MiniOzoneClusterImpl-c7e5300f-f3f2-48d9-ae25-3e63411fd680/datanode-0/data-0/containers/hdds
2020-12-08 02:18:39,239 [Thread-1178] INFO  ozoneimpl.ContainerReader (ContainerReader.java:readVolume(148)) - Finish verifying containers on volume /github/workspace/mnt/ozone/hadoop-ozone/integration-test/target/test-dir/MiniOzoneClusterImpl-c7e5300f-f3f2-48d9-ae25-3e63411fd680/datanode-0/data-0/containers/hdds
2020-12-08 02:18:39,239 [Listener at 127.0.0.1/40701] INFO  ozoneimpl.OzoneContainer (OzoneContainer.java:buildContainerSet(194)) - Build ContainerSet costs 0s
2020-12-08 02:18:39,240 [Listener at 127.0.0.1/40701] INFO  impl.RaftServerProxy (ConfUtils.java:logGet(44)) - raft.rpc.type = GRPC (default)
2020-12-08 02:18:39,240 [Listener at 127.0.0.1/40701] INFO  grpc.GrpcFactory (GrpcFactory.java:checkPooledByteBufAllocatorUseCacheForAllThreads(45)) - PERFORMANCE WARNING: useCacheForAllThreads is true that may cause Netty to create a lot garbage objects and, as a result, trigger GC.
	It is recommended to disable useCacheForAllThreads by setting -Dorg.apache.ratis.thirdparty.io.netty.allocator.useCacheForAllThreads=false in command line.
2020-12-08 02:18:39,241 [Listener at 127.0.0.1/40701] INFO  grpc.GrpcConfigKeys (ConfUtils.java:logGet(44)) - raft.grpc.server.port = 0 (default)
2020-12-08 02:18:39,241 [Listener at 127.0.0.1/40701] INFO  server.GrpcService (ConfUtils.java:logGet(44)) - raft.grpc.message.size.max = 32MB (=33554432) (custom)
2020-12-08 02:18:39,241 [Listener at 127.0.0.1/40701] INFO  server.RaftServerConfigKeys (ConfUtils.java:logGet(44)) - raft.server.log.appender.buffer.byte-limit = 33554432 (custom)
2020-12-08 02:18:39,241 [Listener at 127.0.0.1/40701] INFO  server.GrpcService (ConfUtils.java:logGet(44)) - raft.grpc.flow.control.window = 5MB (=5242880) (custom)
2020-12-08 02:18:39,241 [Listener at 127.0.0.1/40701] INFO  server.RaftServerConfigKeys (ConfUtils.java:logGet(44)) - raft.server.rpc.request.timeout = 3000ms (default)
2020-12-08 02:18:39,242 [Listener at 127.0.0.1/40701] INFO  impl.DataStreamServerImpl (ConfUtils.java:logGet(44)) - raft.datastream.type = DISABLED (default)
2020-12-08 02:18:39,242 [Listener at 127.0.0.1/40701] INFO  server.RaftServerConfigKeys (ConfUtils.java:logGet(44)) - raft.server.storage.dir = [/github/workspace/mnt/ozone/hadoop-ozone/integration-test/target/test-dir/MiniOzoneClusterImpl-c7e5300f-f3f2-48d9-ae25-3e63411fd680/datanode-0/data/ratis] (custom)
2020-12-08 02:18:39,247 [Listener at 127.0.0.1/40701] INFO  http.BaseHttpServer (BaseHttpServer.java:newHttpServer2BuilderForOzone(207)) - Starting Web-server for hddsDatanode at: http://0.0.0.0:0
2020-12-08 02:18:39,247 [Listener at 127.0.0.1/40701] INFO  http.BaseHttpServer (BaseHttpServer.java:<init>(106)) - Hadoop Security Enabled: false Ozone Security Enabled: false Ozone HTTP Security Enabled: false 
2020-12-08 02:18:39,248 [Listener at 127.0.0.1/40701] INFO  server.AuthenticationFilter (AuthenticationFilter.java:constructSecretProvider(240)) - Unable to initialize FileSignerSecretProvider, falling back to use random secrets.
2020-12-08 02:18:39,248 [Listener at 127.0.0.1/40701] WARN  http.HttpRequestLog (HttpRequestLog.java:getRequestLog(103)) - Jetty request log can only be enabled using Log4j
2020-12-08 02:18:39,249 [Listener at 127.0.0.1/40701] INFO  http.HttpServer2 (HttpServer2.java:addGlobalFilter(1019)) - Added global filter 'safety' (class=org.apache.hadoop.hdds.server.http.HttpServer2$QuotingInputFilter)
2020-12-08 02:18:39,250 [Listener at 127.0.0.1/40701] INFO  http.HttpServer2 (HttpServer2.java:addFilter(995)) - Added filter static_user_filter (class=org.apache.hadoop.http.lib.StaticUserWebFilter$StaticUserFilter) to context hddsDatanode
2020-12-08 02:18:39,250 [Listener at 127.0.0.1/40701] INFO  http.HttpServer2 (HttpServer2.java:addFilter(1003)) - Added filter static_user_filter (class=org.apache.hadoop.http.lib.StaticUserWebFilter$StaticUserFilter) to context logs
2020-12-08 02:18:39,250 [Listener at 127.0.0.1/40701] INFO  http.HttpServer2 (HttpServer2.java:addFilter(1003)) - Added filter static_user_filter (class=org.apache.hadoop.http.lib.StaticUserWebFilter$StaticUserFilter) to context static
2020-12-08 02:18:39,250 [Listener at 127.0.0.1/40701] INFO  http.HttpServer2 (HttpServer2.java:bindListener(1237)) - Jetty bound to port 39393
2020-12-08 02:18:39,250 [Listener at 127.0.0.1/40701] INFO  server.Server (Server.java:doStart(375)) - jetty-9.4.34.v20201102; built: 2020-11-02T14:15:39.302Z; git: e46af88704a893fc12cb0e3bf46e2c7b48a009e7; jvm 1.8.0_232-b09
2020-12-08 02:18:39,252 [Listener at 127.0.0.1/40701] INFO  server.session (DefaultSessionIdManager.java:doStart(334)) - DefaultSessionIdManager workerName=node0
2020-12-08 02:18:39,252 [Listener at 127.0.0.1/40701] INFO  server.session (DefaultSessionIdManager.java:doStart(339)) - No SessionScavenger set, using defaults
2020-12-08 02:18:39,252 [Listener at 127.0.0.1/40701] INFO  server.session (HouseKeeper.java:startScavenging(132)) - node0 Scavenging every 660000ms
2020-12-08 02:18:39,253 [Listener at 127.0.0.1/40701] INFO  handler.ContextHandler (ContextHandler.java:doStart(916)) - Started o.e.j.s.ServletContextHandler@157eac27{logs,/logs,file:///github/workspace/mnt/ozone/hadoop-ozone/integration-test/target/log,AVAILABLE}
2020-12-08 02:18:39,253 [Listener at 127.0.0.1/40701] INFO  handler.ContextHandler (ContextHandler.java:doStart(916)) - Started o.e.j.s.ServletContextHandler@44cefd71{static,/static,jar:file:/home/user/.m2/repository/org/apache/hadoop/hadoop-hdds-container-service/1.1.0-SNAPSHOT/hadoop-hdds-container-service-1.1.0-SNAPSHOT.jar!/webapps/static,AVAILABLE}
2020-12-08 02:18:39,414 [Listener at 127.0.0.1/40701] INFO  handler.ContextHandler (ContextHandler.java:doStart(916)) - Started o.e.j.w.WebAppContext@2eb3e308{hddsDatanode,/,file:///tmp/jetty-0_0_0_0-39393-hadoop-hdds-container-service-1_1_0-SNAPSHOT_jar-_-any-1764072904635590585/webapp/,AVAILABLE}{jar:file:/home/user/.m2/repository/org/apache/hadoop/hadoop-hdds-container-service/1.1.0-SNAPSHOT/hadoop-hdds-container-service-1.1.0-SNAPSHOT.jar!/webapps/hddsDatanode}
2020-12-08 02:18:39,416 [Listener at 127.0.0.1/40701] INFO  server.AbstractConnector (AbstractConnector.java:doStart(331)) - Started ServerConnector@1bed8afd{HTTP/1.1, (http/1.1)}{0.0.0.0:39393}
2020-12-08 02:18:39,416 [Listener at 127.0.0.1/40701] INFO  server.Server (Server.java:doStart(415)) - Started @138613ms
2020-12-08 02:18:39,416 [Listener at 127.0.0.1/40701] WARN  impl.MetricsSystemImpl (MetricsSystemImpl.java:register(276)) - Sink prometheus already exists!
2020-12-08 02:18:39,420 [Listener at 127.0.0.1/40701] INFO  http.BaseHttpServer (BaseHttpServer.java:updateConnectorAddress(327)) - HTTP server of hddsDatanode listening at http://0.0.0.0:39393
2020-12-08 02:18:39,422 [Listener at 127.0.0.1/40701] INFO  impl.MetricsSystemImpl (MetricsSystemImpl.java:init(158)) - HddsDatanode metrics system started (again)
2020-12-08 02:18:39,424 [Listener at 127.0.0.1/40701] INFO  ozone.HddsDatanodeService (HddsDatanodeService.java:start(217)) - HddsDatanodeService host:11cef1ca5a88 ip:172.17.0.2
2020-12-08 02:18:39,433 [org.apache.hadoop.util.JvmPauseMonitor$Monitor@4c3feea0] INFO  util.JvmPauseMonitor (JvmPauseMonitor.java:run(188)) - Starting JVM pause monitor
2020-12-08 02:18:39,435 [Datanode State Machine Task Thread - 0] INFO  datanode.InitDatanodeState (InitDatanodeState.java:persistContainerDatanodeDetails(145)) - DatanodeDetails is persisted to /github/workspace/mnt/ozone/hadoop-ozone/integration-test/target/test-dir/MiniOzoneClusterImpl-c7e5300f-f3f2-48d9-ae25-3e63411fd680/datanode-0/meta/datanode.id
2020-12-08 02:18:39,445 [Listener at 127.0.0.1/40701] INFO  volume.HddsVolume (HddsVolume.java:<init>(176)) - Creating Volume: /github/workspace/mnt/ozone/hadoop-ozone/integration-test/target/test-dir/MiniOzoneClusterImpl-c7e5300f-f3f2-48d9-ae25-3e63411fd680/datanode-1/data-0/containers/hdds of storage type : DISK and capacity : 9223372036854775807
2020-12-08 02:18:39,446 [Listener at 127.0.0.1/40701] INFO  volume.MutableVolumeSet (MutableVolumeSet.java:initializeVolumeSet(179)) - Added Volume : /github/workspace/mnt/ozone/hadoop-ozone/integration-test/target/test-dir/MiniOzoneClusterImpl-c7e5300f-f3f2-48d9-ae25-3e63411fd680/datanode-1/data-0/containers/hdds to VolumeSet
2020-12-08 02:18:39,446 [Listener at 127.0.0.1/40701] INFO  volume.ThrottledAsyncChecker (ThrottledAsyncChecker.java:schedule(141)) - Scheduling a check for /github/workspace/mnt/ozone/hadoop-ozone/integration-test/target/test-dir/MiniOzoneClusterImpl-c7e5300f-f3f2-48d9-ae25-3e63411fd680/datanode-1/data-0/containers/hdds
2020-12-08 02:18:39,449 [Listener at 127.0.0.1/40701] INFO  volume.HddsVolumeChecker (HddsVolumeChecker.java:checkAllVolumes(200)) - Scheduled health check for volume /github/workspace/mnt/ozone/hadoop-ozone/integration-test/target/test-dir/MiniOzoneClusterImpl-c7e5300f-f3f2-48d9-ae25-3e63411fd680/datanode-1/data-0/containers/hdds
2020-12-08 02:18:39,461 [Thread-1189] INFO  ozoneimpl.ContainerReader (ContainerReader.java:readVolume(123)) - Start to verify containers on volume /github/workspace/mnt/ozone/hadoop-ozone/integration-test/target/test-dir/MiniOzoneClusterImpl-c7e5300f-f3f2-48d9-ae25-3e63411fd680/datanode-1/data-0/containers/hdds
2020-12-08 02:18:39,461 [Thread-1189] INFO  ozoneimpl.ContainerReader (ContainerReader.java:readVolume(148)) - Finish verifying containers on volume /github/workspace/mnt/ozone/hadoop-ozone/integration-test/target/test-dir/MiniOzoneClusterImpl-c7e5300f-f3f2-48d9-ae25-3e63411fd680/datanode-1/data-0/containers/hdds
2020-12-08 02:18:39,461 [Listener at 127.0.0.1/40701] INFO  ozoneimpl.OzoneContainer (OzoneContainer.java:buildContainerSet(194)) - Build ContainerSet costs 0s
2020-12-08 02:18:39,463 [Listener at 127.0.0.1/40701] INFO  impl.RaftServerProxy (ConfUtils.java:logGet(44)) - raft.rpc.type = GRPC (default)
2020-12-08 02:18:39,463 [Listener at 127.0.0.1/40701] INFO  grpc.GrpcFactory (GrpcFactory.java:checkPooledByteBufAllocatorUseCacheForAllThreads(45)) - PERFORMANCE WARNING: useCacheForAllThreads is true that may cause Netty to create a lot garbage objects and, as a result, trigger GC.
	It is recommended to disable useCacheForAllThreads by setting -Dorg.apache.ratis.thirdparty.io.netty.allocator.useCacheForAllThreads=false in command line.
2020-12-08 02:18:39,463 [Listener at 127.0.0.1/40701] INFO  grpc.GrpcConfigKeys (ConfUtils.java:logGet(44)) - raft.grpc.server.port = 0 (default)
2020-12-08 02:18:39,463 [Listener at 127.0.0.1/40701] INFO  server.GrpcService (ConfUtils.java:logGet(44)) - raft.grpc.message.size.max = 32MB (=33554432) (custom)
2020-12-08 02:18:39,464 [Listener at 127.0.0.1/40701] INFO  server.RaftServerConfigKeys (ConfUtils.java:logGet(44)) - raft.server.log.appender.buffer.byte-limit = 33554432 (custom)
2020-12-08 02:18:39,464 [Listener at 127.0.0.1/40701] INFO  server.GrpcService (ConfUtils.java:logGet(44)) - raft.grpc.flow.control.window = 5MB (=5242880) (custom)
2020-12-08 02:18:39,464 [Listener at 127.0.0.1/40701] INFO  server.RaftServerConfigKeys (ConfUtils.java:logGet(44)) - raft.server.rpc.request.timeout = 3000ms (default)
2020-12-08 02:18:39,465 [Listener at 127.0.0.1/40701] INFO  impl.DataStreamServerImpl (ConfUtils.java:logGet(44)) - raft.datastream.type = DISABLED (default)
2020-12-08 02:18:39,465 [Listener at 127.0.0.1/40701] INFO  server.RaftServerConfigKeys (ConfUtils.java:logGet(44)) - raft.server.storage.dir = [/github/workspace/mnt/ozone/hadoop-ozone/integration-test/target/test-dir/MiniOzoneClusterImpl-c7e5300f-f3f2-48d9-ae25-3e63411fd680/datanode-1/data/ratis] (custom)
2020-12-08 02:18:39,470 [Listener at 127.0.0.1/40701] INFO  http.BaseHttpServer (BaseHttpServer.java:newHttpServer2BuilderForOzone(207)) - Starting Web-server for hddsDatanode at: http://0.0.0.0:0
2020-12-08 02:18:39,470 [Listener at 127.0.0.1/40701] INFO  http.BaseHttpServer (BaseHttpServer.java:<init>(106)) - Hadoop Security Enabled: false Ozone Security Enabled: false Ozone HTTP Security Enabled: false 
2020-12-08 02:18:39,471 [Listener at 127.0.0.1/40701] INFO  server.AuthenticationFilter (AuthenticationFilter.java:constructSecretProvider(240)) - Unable to initialize FileSignerSecretProvider, falling back to use random secrets.
2020-12-08 02:18:39,471 [Listener at 127.0.0.1/40701] WARN  http.HttpRequestLog (HttpRequestLog.java:getRequestLog(103)) - Jetty request log can only be enabled using Log4j
2020-12-08 02:18:39,472 [Listener at 127.0.0.1/40701] INFO  http.HttpServer2 (HttpServer2.java:addGlobalFilter(1019)) - Added global filter 'safety' (class=org.apache.hadoop.hdds.server.http.HttpServer2$QuotingInputFilter)
2020-12-08 02:18:39,472 [Listener at 127.0.0.1/40701] INFO  http.HttpServer2 (HttpServer2.java:addFilter(995)) - Added filter static_user_filter (class=org.apache.hadoop.http.lib.StaticUserWebFilter$StaticUserFilter) to context hddsDatanode
2020-12-08 02:18:39,472 [Listener at 127.0.0.1/40701] INFO  http.HttpServer2 (HttpServer2.java:addFilter(1003)) - Added filter static_user_filter (class=org.apache.hadoop.http.lib.StaticUserWebFilter$StaticUserFilter) to context logs
2020-12-08 02:18:39,472 [Listener at 127.0.0.1/40701] INFO  http.HttpServer2 (HttpServer2.java:addFilter(1003)) - Added filter static_user_filter (class=org.apache.hadoop.http.lib.StaticUserWebFilter$StaticUserFilter) to context static
2020-12-08 02:18:39,473 [Listener at 127.0.0.1/40701] INFO  http.HttpServer2 (HttpServer2.java:bindListener(1237)) - Jetty bound to port 37575
2020-12-08 02:18:39,473 [Listener at 127.0.0.1/40701] INFO  server.Server (Server.java:doStart(375)) - jetty-9.4.34.v20201102; built: 2020-11-02T14:15:39.302Z; git: e46af88704a893fc12cb0e3bf46e2c7b48a009e7; jvm 1.8.0_232-b09
2020-12-08 02:18:39,475 [Listener at 127.0.0.1/40701] INFO  server.session (DefaultSessionIdManager.java:doStart(334)) - DefaultSessionIdManager workerName=node0
2020-12-08 02:18:39,475 [Listener at 127.0.0.1/40701] INFO  server.session (DefaultSessionIdManager.java:doStart(339)) - No SessionScavenger set, using defaults
2020-12-08 02:18:39,475 [Listener at 127.0.0.1/40701] INFO  server.session (HouseKeeper.java:startScavenging(132)) - node0 Scavenging every 600000ms
2020-12-08 02:18:39,476 [Listener at 127.0.0.1/40701] INFO  handler.ContextHandler (ContextHandler.java:doStart(916)) - Started o.e.j.s.ServletContextHandler@1f5246e2{logs,/logs,file:///github/workspace/mnt/ozone/hadoop-ozone/integration-test/target/log,AVAILABLE}
2020-12-08 02:18:39,477 [Listener at 127.0.0.1/40701] INFO  handler.ContextHandler (ContextHandler.java:doStart(916)) - Started o.e.j.s.ServletContextHandler@7eaa78f2{static,/static,jar:file:/home/user/.m2/repository/org/apache/hadoop/hadoop-hdds-container-service/1.1.0-SNAPSHOT/hadoop-hdds-container-service-1.1.0-SNAPSHOT.jar!/webapps/static,AVAILABLE}
2020-12-08 02:18:39,634 [Listener at 127.0.0.1/40701] INFO  handler.ContextHandler (ContextHandler.java:doStart(916)) - Started o.e.j.w.WebAppContext@533e74c5{hddsDatanode,/,file:///tmp/jetty-0_0_0_0-37575-hadoop-hdds-container-service-1_1_0-SNAPSHOT_jar-_-any-2396177243898765063/webapp/,AVAILABLE}{jar:file:/home/user/.m2/repository/org/apache/hadoop/hadoop-hdds-container-service/1.1.0-SNAPSHOT/hadoop-hdds-container-service-1.1.0-SNAPSHOT.jar!/webapps/hddsDatanode}
2020-12-08 02:18:39,636 [Listener at 127.0.0.1/40701] INFO  server.AbstractConnector (AbstractConnector.java:doStart(331)) - Started ServerConnector@27f0a71d{HTTP/1.1, (http/1.1)}{0.0.0.0:37575}
2020-12-08 02:18:39,636 [Listener at 127.0.0.1/40701] INFO  server.Server (Server.java:doStart(415)) - Started @138833ms
2020-12-08 02:18:39,636 [Listener at 127.0.0.1/40701] WARN  impl.MetricsSystemImpl (MetricsSystemImpl.java:register(276)) - Sink prometheus already exists!
2020-12-08 02:18:39,640 [Listener at 127.0.0.1/40701] INFO  http.BaseHttpServer (BaseHttpServer.java:updateConnectorAddress(327)) - HTTP server of hddsDatanode listening at http://0.0.0.0:37575
2020-12-08 02:18:39,642 [Listener at 127.0.0.1/40701] INFO  impl.MetricsSystemImpl (MetricsSystemImpl.java:init(158)) - HddsDatanode metrics system started (again)
2020-12-08 02:18:39,647 [Listener at 127.0.0.1/40701] INFO  ozone.HddsDatanodeService (HddsDatanodeService.java:start(217)) - HddsDatanodeService host:11cef1ca5a88 ip:172.17.0.2
2020-12-08 02:18:39,657 [org.apache.hadoop.util.JvmPauseMonitor$Monitor@43c40912] INFO  util.JvmPauseMonitor (JvmPauseMonitor.java:run(188)) - Starting JVM pause monitor
2020-12-08 02:18:39,658 [Datanode State Machine Task Thread - 0] INFO  datanode.InitDatanodeState (InitDatanodeState.java:persistContainerDatanodeDetails(145)) - DatanodeDetails is persisted to /github/workspace/mnt/ozone/hadoop-ozone/integration-test/target/test-dir/MiniOzoneClusterImpl-c7e5300f-f3f2-48d9-ae25-3e63411fd680/datanode-1/meta/datanode.id
2020-12-08 02:18:39,659 [Listener at 127.0.0.1/40701] INFO  volume.HddsVolume (HddsVolume.java:<init>(176)) - Creating Volume: /github/workspace/mnt/ozone/hadoop-ozone/integration-test/target/test-dir/MiniOzoneClusterImpl-c7e5300f-f3f2-48d9-ae25-3e63411fd680/datanode-2/data-0/containers/hdds of storage type : DISK and capacity : 9223372036854775807
2020-12-08 02:18:39,659 [Listener at 127.0.0.1/40701] INFO  volume.MutableVolumeSet (MutableVolumeSet.java:initializeVolumeSet(179)) - Added Volume : /github/workspace/mnt/ozone/hadoop-ozone/integration-test/target/test-dir/MiniOzoneClusterImpl-c7e5300f-f3f2-48d9-ae25-3e63411fd680/datanode-2/data-0/containers/hdds to VolumeSet
2020-12-08 02:18:39,659 [Listener at 127.0.0.1/40701] INFO  volume.ThrottledAsyncChecker (ThrottledAsyncChecker.java:schedule(141)) - Scheduling a check for /github/workspace/mnt/ozone/hadoop-ozone/integration-test/target/test-dir/MiniOzoneClusterImpl-c7e5300f-f3f2-48d9-ae25-3e63411fd680/datanode-2/data-0/containers/hdds
2020-12-08 02:18:39,661 [Listener at 127.0.0.1/40701] INFO  volume.HddsVolumeChecker (HddsVolumeChecker.java:checkAllVolumes(200)) - Scheduled health check for volume /github/workspace/mnt/ozone/hadoop-ozone/integration-test/target/test-dir/MiniOzoneClusterImpl-c7e5300f-f3f2-48d9-ae25-3e63411fd680/datanode-2/data-0/containers/hdds
2020-12-08 02:18:39,674 [Thread-1200] INFO  ozoneimpl.ContainerReader (ContainerReader.java:readVolume(123)) - Start to verify containers on volume /github/workspace/mnt/ozone/hadoop-ozone/integration-test/target/test-dir/MiniOzoneClusterImpl-c7e5300f-f3f2-48d9-ae25-3e63411fd680/datanode-2/data-0/containers/hdds
2020-12-08 02:18:39,674 [Thread-1200] INFO  ozoneimpl.ContainerReader (ContainerReader.java:readVolume(148)) - Finish verifying containers on volume /github/workspace/mnt/ozone/hadoop-ozone/integration-test/target/test-dir/MiniOzoneClusterImpl-c7e5300f-f3f2-48d9-ae25-3e63411fd680/datanode-2/data-0/containers/hdds
2020-12-08 02:18:39,674 [Listener at 127.0.0.1/40701] INFO  ozoneimpl.OzoneContainer (OzoneContainer.java:buildContainerSet(194)) - Build ContainerSet costs 0s
2020-12-08 02:18:39,676 [Listener at 127.0.0.1/40701] INFO  impl.RaftServerProxy (ConfUtils.java:logGet(44)) - raft.rpc.type = GRPC (default)
2020-12-08 02:18:39,676 [Listener at 127.0.0.1/40701] INFO  grpc.GrpcFactory (GrpcFactory.java:checkPooledByteBufAllocatorUseCacheForAllThreads(45)) - PERFORMANCE WARNING: useCacheForAllThreads is true that may cause Netty to create a lot garbage objects and, as a result, trigger GC.
	It is recommended to disable useCacheForAllThreads by setting -Dorg.apache.ratis.thirdparty.io.netty.allocator.useCacheForAllThreads=false in command line.
2020-12-08 02:18:39,676 [Listener at 127.0.0.1/40701] INFO  grpc.GrpcConfigKeys (ConfUtils.java:logGet(44)) - raft.grpc.server.port = 0 (default)
2020-12-08 02:18:39,676 [Listener at 127.0.0.1/40701] INFO  server.GrpcService (ConfUtils.java:logGet(44)) - raft.grpc.message.size.max = 32MB (=33554432) (custom)
2020-12-08 02:18:39,676 [Listener at 127.0.0.1/40701] INFO  server.RaftServerConfigKeys (ConfUtils.java:logGet(44)) - raft.server.log.appender.buffer.byte-limit = 33554432 (custom)
2020-12-08 02:18:39,676 [Listener at 127.0.0.1/40701] INFO  server.GrpcService (ConfUtils.java:logGet(44)) - raft.grpc.flow.control.window = 5MB (=5242880) (custom)
2020-12-08 02:18:39,676 [Listener at 127.0.0.1/40701] INFO  server.RaftServerConfigKeys (ConfUtils.java:logGet(44)) - raft.server.rpc.request.timeout = 3000ms (default)
2020-12-08 02:18:39,677 [Listener at 127.0.0.1/40701] INFO  impl.DataStreamServerImpl (ConfUtils.java:logGet(44)) - raft.datastream.type = DISABLED (default)
2020-12-08 02:18:39,677 [Listener at 127.0.0.1/40701] INFO  server.RaftServerConfigKeys (ConfUtils.java:logGet(44)) - raft.server.storage.dir = [/github/workspace/mnt/ozone/hadoop-ozone/integration-test/target/test-dir/MiniOzoneClusterImpl-c7e5300f-f3f2-48d9-ae25-3e63411fd680/datanode-2/data/ratis] (custom)
2020-12-08 02:18:39,682 [Listener at 127.0.0.1/40701] INFO  http.BaseHttpServer (BaseHttpServer.java:newHttpServer2BuilderForOzone(207)) - Starting Web-server for hddsDatanode at: http://0.0.0.0:0
2020-12-08 02:18:39,682 [Listener at 127.0.0.1/40701] INFO  http.BaseHttpServer (BaseHttpServer.java:<init>(106)) - Hadoop Security Enabled: false Ozone Security Enabled: false Ozone HTTP Security Enabled: false 
2020-12-08 02:18:39,683 [Listener at 127.0.0.1/40701] INFO  server.AuthenticationFilter (AuthenticationFilter.java:constructSecretProvider(240)) - Unable to initialize FileSignerSecretProvider, falling back to use random secrets.
2020-12-08 02:18:39,683 [Listener at 127.0.0.1/40701] WARN  http.HttpRequestLog (HttpRequestLog.java:getRequestLog(103)) - Jetty request log can only be enabled using Log4j
2020-12-08 02:18:39,684 [Listener at 127.0.0.1/40701] INFO  http.HttpServer2 (HttpServer2.java:addGlobalFilter(1019)) - Added global filter 'safety' (class=org.apache.hadoop.hdds.server.http.HttpServer2$QuotingInputFilter)
2020-12-08 02:18:39,684 [Listener at 127.0.0.1/40701] INFO  http.HttpServer2 (HttpServer2.java:addFilter(995)) - Added filter static_user_filter (class=org.apache.hadoop.http.lib.StaticUserWebFilter$StaticUserFilter) to context hddsDatanode
2020-12-08 02:18:39,684 [Listener at 127.0.0.1/40701] INFO  http.HttpServer2 (HttpServer2.java:addFilter(1003)) - Added filter static_user_filter (class=org.apache.hadoop.http.lib.StaticUserWebFilter$StaticUserFilter) to context logs
2020-12-08 02:18:39,684 [Listener at 127.0.0.1/40701] INFO  http.HttpServer2 (HttpServer2.java:addFilter(1003)) - Added filter static_user_filter (class=org.apache.hadoop.http.lib.StaticUserWebFilter$StaticUserFilter) to context static
2020-12-08 02:18:39,685 [Listener at 127.0.0.1/40701] INFO  http.HttpServer2 (HttpServer2.java:bindListener(1237)) - Jetty bound to port 44815
2020-12-08 02:18:39,685 [Listener at 127.0.0.1/40701] INFO  server.Server (Server.java:doStart(375)) - jetty-9.4.34.v20201102; built: 2020-11-02T14:15:39.302Z; git: e46af88704a893fc12cb0e3bf46e2c7b48a009e7; jvm 1.8.0_232-b09
2020-12-08 02:18:39,689 [Listener at 127.0.0.1/40701] INFO  server.session (DefaultSessionIdManager.java:doStart(334)) - DefaultSessionIdManager workerName=node0
2020-12-08 02:18:39,689 [Listener at 127.0.0.1/40701] INFO  server.session (DefaultSessionIdManager.java:doStart(339)) - No SessionScavenger set, using defaults
2020-12-08 02:18:39,690 [Listener at 127.0.0.1/40701] INFO  server.session (HouseKeeper.java:startScavenging(132)) - node0 Scavenging every 660000ms
2020-12-08 02:18:39,690 [Listener at 127.0.0.1/40701] INFO  handler.ContextHandler (ContextHandler.java:doStart(916)) - Started o.e.j.s.ServletContextHandler@5f4f8d38{logs,/logs,file:///github/workspace/mnt/ozone/hadoop-ozone/integration-test/target/log,AVAILABLE}
2020-12-08 02:18:39,691 [Listener at 127.0.0.1/40701] INFO  handler.ContextHandler (ContextHandler.java:doStart(916)) - Started o.e.j.s.ServletContextHandler@32ebfde1{static,/static,jar:file:/home/user/.m2/repository/org/apache/hadoop/hadoop-hdds-container-service/1.1.0-SNAPSHOT/hadoop-hdds-container-service-1.1.0-SNAPSHOT.jar!/webapps/static,AVAILABLE}
2020-12-08 02:18:39,853 [Listener at 127.0.0.1/40701] INFO  handler.ContextHandler (ContextHandler.java:doStart(916)) - Started o.e.j.w.WebAppContext@148fc881{hddsDatanode,/,file:///tmp/jetty-0_0_0_0-44815-hadoop-hdds-container-service-1_1_0-SNAPSHOT_jar-_-any-6761393449422345819/webapp/,AVAILABLE}{jar:file:/home/user/.m2/repository/org/apache/hadoop/hadoop-hdds-container-service/1.1.0-SNAPSHOT/hadoop-hdds-container-service-1.1.0-SNAPSHOT.jar!/webapps/hddsDatanode}
2020-12-08 02:18:39,855 [Listener at 127.0.0.1/40701] INFO  server.AbstractConnector (AbstractConnector.java:doStart(331)) - Started ServerConnector@6e4c8583{HTTP/1.1, (http/1.1)}{0.0.0.0:44815}
2020-12-08 02:18:39,855 [Listener at 127.0.0.1/40701] INFO  server.Server (Server.java:doStart(415)) - Started @139052ms
2020-12-08 02:18:39,855 [Listener at 127.0.0.1/40701] WARN  impl.MetricsSystemImpl (MetricsSystemImpl.java:register(276)) - Sink prometheus already exists!
2020-12-08 02:18:39,858 [Listener at 127.0.0.1/40701] INFO  http.BaseHttpServer (BaseHttpServer.java:updateConnectorAddress(327)) - HTTP server of hddsDatanode listening at http://0.0.0.0:44815
2020-12-08 02:18:39,861 [Listener at 127.0.0.1/40701] INFO  impl.MetricsSystemImpl (MetricsSystemImpl.java:init(158)) - HddsDatanode metrics system started (again)
2020-12-08 02:18:39,863 [Listener at 127.0.0.1/40701] INFO  ozone.HddsDatanodeService (HddsDatanodeService.java:start(217)) - HddsDatanodeService host:11cef1ca5a88 ip:172.17.0.2
2020-12-08 02:18:39,864 [Listener at 127.0.0.1/40701] INFO  volume.HddsVolume (HddsVolume.java:<init>(176)) - Creating Volume: /github/workspace/mnt/ozone/hadoop-ozone/integration-test/target/test-dir/MiniOzoneClusterImpl-c7e5300f-f3f2-48d9-ae25-3e63411fd680/datanode-3/data-0/containers/hdds of storage type : DISK and capacity : 9223372036854775807
2020-12-08 02:18:39,865 [Listener at 127.0.0.1/40701] INFO  volume.MutableVolumeSet (MutableVolumeSet.java:initializeVolumeSet(179)) - Added Volume : /github/workspace/mnt/ozone/hadoop-ozone/integration-test/target/test-dir/MiniOzoneClusterImpl-c7e5300f-f3f2-48d9-ae25-3e63411fd680/datanode-3/data-0/containers/hdds to VolumeSet
2020-12-08 02:18:39,865 [Listener at 127.0.0.1/40701] INFO  volume.ThrottledAsyncChecker (ThrottledAsyncChecker.java:schedule(141)) - Scheduling a check for /github/workspace/mnt/ozone/hadoop-ozone/integration-test/target/test-dir/MiniOzoneClusterImpl-c7e5300f-f3f2-48d9-ae25-3e63411fd680/datanode-3/data-0/containers/hdds
2020-12-08 02:18:39,866 [Listener at 127.0.0.1/40701] INFO  volume.HddsVolumeChecker (HddsVolumeChecker.java:checkAllVolumes(200)) - Scheduled health check for volume /github/workspace/mnt/ozone/hadoop-ozone/integration-test/target/test-dir/MiniOzoneClusterImpl-c7e5300f-f3f2-48d9-ae25-3e63411fd680/datanode-3/data-0/containers/hdds
2020-12-08 02:18:39,878 [org.apache.hadoop.util.JvmPauseMonitor$Monitor@5666c53] INFO  util.JvmPauseMonitor (JvmPauseMonitor.java:run(188)) - Starting JVM pause monitor
2020-12-08 02:18:39,879 [Datanode State Machine Task Thread - 0] INFO  datanode.InitDatanodeState (InitDatanodeState.java:persistContainerDatanodeDetails(145)) - DatanodeDetails is persisted to /github/workspace/mnt/ozone/hadoop-ozone/integration-test/target/test-dir/MiniOzoneClusterImpl-c7e5300f-f3f2-48d9-ae25-3e63411fd680/datanode-2/meta/datanode.id
2020-12-08 02:18:39,879 [Thread-1211] INFO  ozoneimpl.ContainerReader (ContainerReader.java:readVolume(123)) - Start to verify containers on volume /github/workspace/mnt/ozone/hadoop-ozone/integration-test/target/test-dir/MiniOzoneClusterImpl-c7e5300f-f3f2-48d9-ae25-3e63411fd680/datanode-3/data-0/containers/hdds
2020-12-08 02:18:39,879 [Thread-1211] INFO  ozoneimpl.ContainerReader (ContainerReader.java:readVolume(148)) - Finish verifying containers on volume /github/workspace/mnt/ozone/hadoop-ozone/integration-test/target/test-dir/MiniOzoneClusterImpl-c7e5300f-f3f2-48d9-ae25-3e63411fd680/datanode-3/data-0/containers/hdds
2020-12-08 02:18:39,879 [Listener at 127.0.0.1/40701] INFO  ozoneimpl.OzoneContainer (OzoneContainer.java:buildContainerSet(194)) - Build ContainerSet costs 0s
2020-12-08 02:18:39,881 [Listener at 127.0.0.1/40701] INFO  impl.RaftServerProxy (ConfUtils.java:logGet(44)) - raft.rpc.type = GRPC (default)
2020-12-08 02:18:39,881 [Listener at 127.0.0.1/40701] INFO  grpc.GrpcFactory (GrpcFactory.java:checkPooledByteBufAllocatorUseCacheForAllThreads(45)) - PERFORMANCE WARNING: useCacheForAllThreads is true that may cause Netty to create a lot garbage objects and, as a result, trigger GC.
	It is recommended to disable useCacheForAllThreads by setting -Dorg.apache.ratis.thirdparty.io.netty.allocator.useCacheForAllThreads=false in command line.
2020-12-08 02:18:39,881 [Listener at 127.0.0.1/40701] INFO  grpc.GrpcConfigKeys (ConfUtils.java:logGet(44)) - raft.grpc.server.port = 0 (default)
2020-12-08 02:18:39,881 [Listener at 127.0.0.1/40701] INFO  server.GrpcService (ConfUtils.java:logGet(44)) - raft.grpc.message.size.max = 32MB (=33554432) (custom)
2020-12-08 02:18:39,881 [Listener at 127.0.0.1/40701] INFO  server.RaftServerConfigKeys (ConfUtils.java:logGet(44)) - raft.server.log.appender.buffer.byte-limit = 33554432 (custom)
2020-12-08 02:18:39,881 [Listener at 127.0.0.1/40701] INFO  server.GrpcService (ConfUtils.java:logGet(44)) - raft.grpc.flow.control.window = 5MB (=5242880) (custom)
2020-12-08 02:18:39,882 [Listener at 127.0.0.1/40701] INFO  server.RaftServerConfigKeys (ConfUtils.java:logGet(44)) - raft.server.rpc.request.timeout = 3000ms (default)
2020-12-08 02:18:39,882 [Listener at 127.0.0.1/40701] INFO  impl.DataStreamServerImpl (ConfUtils.java:logGet(44)) - raft.datastream.type = DISABLED (default)
2020-12-08 02:18:39,883 [Listener at 127.0.0.1/40701] INFO  server.RaftServerConfigKeys (ConfUtils.java:logGet(44)) - raft.server.storage.dir = [/github/workspace/mnt/ozone/hadoop-ozone/integration-test/target/test-dir/MiniOzoneClusterImpl-c7e5300f-f3f2-48d9-ae25-3e63411fd680/datanode-3/data/ratis] (custom)
2020-12-08 02:18:39,888 [Listener at 127.0.0.1/40701] INFO  http.BaseHttpServer (BaseHttpServer.java:newHttpServer2BuilderForOzone(207)) - Starting Web-server for hddsDatanode at: http://0.0.0.0:0
2020-12-08 02:18:39,888 [Listener at 127.0.0.1/40701] INFO  http.BaseHttpServer (BaseHttpServer.java:<init>(106)) - Hadoop Security Enabled: false Ozone Security Enabled: false Ozone HTTP Security Enabled: false 
2020-12-08 02:18:39,889 [Listener at 127.0.0.1/40701] INFO  server.AuthenticationFilter (AuthenticationFilter.java:constructSecretProvider(240)) - Unable to initialize FileSignerSecretProvider, falling back to use random secrets.
2020-12-08 02:18:39,889 [Listener at 127.0.0.1/40701] WARN  http.HttpRequestLog (HttpRequestLog.java:getRequestLog(103)) - Jetty request log can only be enabled using Log4j
2020-12-08 02:18:39,890 [Listener at 127.0.0.1/40701] INFO  http.HttpServer2 (HttpServer2.java:addGlobalFilter(1019)) - Added global filter 'safety' (class=org.apache.hadoop.hdds.server.http.HttpServer2$QuotingInputFilter)
2020-12-08 02:18:39,890 [Listener at 127.0.0.1/40701] INFO  http.HttpServer2 (HttpServer2.java:addFilter(995)) - Added filter static_user_filter (class=org.apache.hadoop.http.lib.StaticUserWebFilter$StaticUserFilter) to context hddsDatanode
2020-12-08 02:18:39,890 [Listener at 127.0.0.1/40701] INFO  http.HttpServer2 (HttpServer2.java:addFilter(1003)) - Added filter static_user_filter (class=org.apache.hadoop.http.lib.StaticUserWebFilter$StaticUserFilter) to context logs
2020-12-08 02:18:39,891 [Listener at 127.0.0.1/40701] INFO  http.HttpServer2 (HttpServer2.java:addFilter(1003)) - Added filter static_user_filter (class=org.apache.hadoop.http.lib.StaticUserWebFilter$StaticUserFilter) to context static
2020-12-08 02:18:39,891 [Listener at 127.0.0.1/40701] INFO  http.HttpServer2 (HttpServer2.java:bindListener(1237)) - Jetty bound to port 35961
2020-12-08 02:18:39,891 [Listener at 127.0.0.1/40701] INFO  server.Server (Server.java:doStart(375)) - jetty-9.4.34.v20201102; built: 2020-11-02T14:15:39.302Z; git: e46af88704a893fc12cb0e3bf46e2c7b48a009e7; jvm 1.8.0_232-b09
2020-12-08 02:18:39,897 [Listener at 127.0.0.1/40701] INFO  server.session (DefaultSessionIdManager.java:doStart(334)) - DefaultSessionIdManager workerName=node0
2020-12-08 02:18:39,898 [Listener at 127.0.0.1/40701] INFO  server.session (DefaultSessionIdManager.java:doStart(339)) - No SessionScavenger set, using defaults
2020-12-08 02:18:39,898 [Listener at 127.0.0.1/40701] INFO  server.session (HouseKeeper.java:startScavenging(132)) - node0 Scavenging every 660000ms
2020-12-08 02:18:39,899 [Listener at 127.0.0.1/40701] INFO  handler.ContextHandler (ContextHandler.java:doStart(916)) - Started o.e.j.s.ServletContextHandler@17e9e99{logs,/logs,file:///github/workspace/mnt/ozone/hadoop-ozone/integration-test/target/log,AVAILABLE}
2020-12-08 02:18:39,899 [Listener at 127.0.0.1/40701] INFO  handler.ContextHandler (ContextHandler.java:doStart(916)) - Started o.e.j.s.ServletContextHandler@9a56d2b{static,/static,jar:file:/home/user/.m2/repository/org/apache/hadoop/hadoop-hdds-container-service/1.1.0-SNAPSHOT/hadoop-hdds-container-service-1.1.0-SNAPSHOT.jar!/webapps/static,AVAILABLE}
2020-12-08 02:18:40,056 [Listener at 127.0.0.1/40701] INFO  handler.ContextHandler (ContextHandler.java:doStart(916)) - Started o.e.j.w.WebAppContext@c1b96e6{hddsDatanode,/,file:///tmp/jetty-0_0_0_0-35961-hadoop-hdds-container-service-1_1_0-SNAPSHOT_jar-_-any-5709706685501555475/webapp/,AVAILABLE}{jar:file:/home/user/.m2/repository/org/apache/hadoop/hadoop-hdds-container-service/1.1.0-SNAPSHOT/hadoop-hdds-container-service-1.1.0-SNAPSHOT.jar!/webapps/hddsDatanode}
2020-12-08 02:18:40,057 [Listener at 127.0.0.1/40701] INFO  server.AbstractConnector (AbstractConnector.java:doStart(331)) - Started ServerConnector@52647605{HTTP/1.1, (http/1.1)}{0.0.0.0:35961}
2020-12-08 02:18:40,057 [Listener at 127.0.0.1/40701] INFO  server.Server (Server.java:doStart(415)) - Started @139254ms
2020-12-08 02:18:40,057 [Listener at 127.0.0.1/40701] WARN  impl.MetricsSystemImpl (MetricsSystemImpl.java:register(276)) - Sink prometheus already exists!
2020-12-08 02:18:40,061 [Listener at 127.0.0.1/40701] INFO  http.BaseHttpServer (BaseHttpServer.java:updateConnectorAddress(327)) - HTTP server of hddsDatanode listening at http://0.0.0.0:35961
2020-12-08 02:18:40,061 [Listener at 127.0.0.1/40701] INFO  impl.MetricsSystemImpl (MetricsSystemImpl.java:init(158)) - HddsDatanode metrics system started (again)
2020-12-08 02:18:40,064 [Listener at 127.0.0.1/40701] INFO  ozone.HddsDatanodeService (HddsDatanodeService.java:start(217)) - HddsDatanodeService host:11cef1ca5a88 ip:172.17.0.2
2020-12-08 02:18:40,066 [Listener at 127.0.0.1/40701] INFO  volume.HddsVolume (HddsVolume.java:<init>(176)) - Creating Volume: /github/workspace/mnt/ozone/hadoop-ozone/integration-test/target/test-dir/MiniOzoneClusterImpl-c7e5300f-f3f2-48d9-ae25-3e63411fd680/datanode-4/data-0/containers/hdds of storage type : DISK and capacity : 9223372036854775807
2020-12-08 02:18:40,066 [Listener at 127.0.0.1/40701] INFO  volume.MutableVolumeSet (MutableVolumeSet.java:initializeVolumeSet(179)) - Added Volume : /github/workspace/mnt/ozone/hadoop-ozone/integration-test/target/test-dir/MiniOzoneClusterImpl-c7e5300f-f3f2-48d9-ae25-3e63411fd680/datanode-4/data-0/containers/hdds to VolumeSet
2020-12-08 02:18:40,066 [Listener at 127.0.0.1/40701] INFO  volume.ThrottledAsyncChecker (ThrottledAsyncChecker.java:schedule(141)) - Scheduling a check for /github/workspace/mnt/ozone/hadoop-ozone/integration-test/target/test-dir/MiniOzoneClusterImpl-c7e5300f-f3f2-48d9-ae25-3e63411fd680/datanode-4/data-0/containers/hdds
2020-12-08 02:18:40,069 [Listener at 127.0.0.1/40701] INFO  volume.HddsVolumeChecker (HddsVolumeChecker.java:checkAllVolumes(200)) - Scheduled health check for volume /github/workspace/mnt/ozone/hadoop-ozone/integration-test/target/test-dir/MiniOzoneClusterImpl-c7e5300f-f3f2-48d9-ae25-3e63411fd680/datanode-4/data-0/containers/hdds
2020-12-08 02:18:40,075 [org.apache.hadoop.util.JvmPauseMonitor$Monitor@6960ba69] INFO  util.JvmPauseMonitor (JvmPauseMonitor.java:run(188)) - Starting JVM pause monitor
2020-12-08 02:18:40,080 [Datanode State Machine Task Thread - 0] INFO  datanode.InitDatanodeState (InitDatanodeState.java:persistContainerDatanodeDetails(145)) - DatanodeDetails is persisted to /github/workspace/mnt/ozone/hadoop-ozone/integration-test/target/test-dir/MiniOzoneClusterImpl-c7e5300f-f3f2-48d9-ae25-3e63411fd680/datanode-3/meta/datanode.id
2020-12-08 02:18:40,081 [Thread-1222] INFO  ozoneimpl.ContainerReader (ContainerReader.java:readVolume(123)) - Start to verify containers on volume /github/workspace/mnt/ozone/hadoop-ozone/integration-test/target/test-dir/MiniOzoneClusterImpl-c7e5300f-f3f2-48d9-ae25-3e63411fd680/datanode-4/data-0/containers/hdds
2020-12-08 02:18:40,081 [Thread-1222] INFO  ozoneimpl.ContainerReader (ContainerReader.java:readVolume(148)) - Finish verifying containers on volume /github/workspace/mnt/ozone/hadoop-ozone/integration-test/target/test-dir/MiniOzoneClusterImpl-c7e5300f-f3f2-48d9-ae25-3e63411fd680/datanode-4/data-0/containers/hdds
2020-12-08 02:18:40,081 [Listener at 127.0.0.1/40701] INFO  ozoneimpl.OzoneContainer (OzoneContainer.java:buildContainerSet(194)) - Build ContainerSet costs 0s
2020-12-08 02:18:40,083 [Listener at 127.0.0.1/40701] INFO  impl.RaftServerProxy (ConfUtils.java:logGet(44)) - raft.rpc.type = GRPC (default)
2020-12-08 02:18:40,083 [Listener at 127.0.0.1/40701] INFO  grpc.GrpcFactory (GrpcFactory.java:checkPooledByteBufAllocatorUseCacheForAllThreads(45)) - PERFORMANCE WARNING: useCacheForAllThreads is true that may cause Netty to create a lot garbage objects and, as a result, trigger GC.
	It is recommended to disable useCacheForAllThreads by setting -Dorg.apache.ratis.thirdparty.io.netty.allocator.useCacheForAllThreads=false in command line.
2020-12-08 02:18:40,083 [Listener at 127.0.0.1/40701] INFO  grpc.GrpcConfigKeys (ConfUtils.java:logGet(44)) - raft.grpc.server.port = 0 (default)
2020-12-08 02:18:40,083 [Listener at 127.0.0.1/40701] INFO  server.GrpcService (ConfUtils.java:logGet(44)) - raft.grpc.message.size.max = 32MB (=33554432) (custom)
2020-12-08 02:18:40,083 [Listener at 127.0.0.1/40701] INFO  server.RaftServerConfigKeys (ConfUtils.java:logGet(44)) - raft.server.log.appender.buffer.byte-limit = 33554432 (custom)
2020-12-08 02:18:40,084 [Listener at 127.0.0.1/40701] INFO  server.GrpcService (ConfUtils.java:logGet(44)) - raft.grpc.flow.control.window = 5MB (=5242880) (custom)
2020-12-08 02:18:40,084 [Listener at 127.0.0.1/40701] INFO  server.RaftServerConfigKeys (ConfUtils.java:logGet(44)) - raft.server.rpc.request.timeout = 3000ms (default)
2020-12-08 02:18:40,085 [Listener at 127.0.0.1/40701] INFO  impl.DataStreamServerImpl (ConfUtils.java:logGet(44)) - raft.datastream.type = DISABLED (default)
2020-12-08 02:18:40,085 [Listener at 127.0.0.1/40701] INFO  server.RaftServerConfigKeys (ConfUtils.java:logGet(44)) - raft.server.storage.dir = [/github/workspace/mnt/ozone/hadoop-ozone/integration-test/target/test-dir/MiniOzoneClusterImpl-c7e5300f-f3f2-48d9-ae25-3e63411fd680/datanode-4/data/ratis] (custom)
2020-12-08 02:18:40,089 [Listener at 127.0.0.1/40701] INFO  http.BaseHttpServer (BaseHttpServer.java:newHttpServer2BuilderForOzone(207)) - Starting Web-server for hddsDatanode at: http://0.0.0.0:0
2020-12-08 02:18:40,090 [Listener at 127.0.0.1/40701] INFO  http.BaseHttpServer (BaseHttpServer.java:<init>(106)) - Hadoop Security Enabled: false Ozone Security Enabled: false Ozone HTTP Security Enabled: false 
2020-12-08 02:18:40,090 [Listener at 127.0.0.1/40701] INFO  server.AuthenticationFilter (AuthenticationFilter.java:constructSecretProvider(240)) - Unable to initialize FileSignerSecretProvider, falling back to use random secrets.
2020-12-08 02:18:40,091 [Listener at 127.0.0.1/40701] WARN  http.HttpRequestLog (HttpRequestLog.java:getRequestLog(103)) - Jetty request log can only be enabled using Log4j
2020-12-08 02:18:40,092 [Listener at 127.0.0.1/40701] INFO  http.HttpServer2 (HttpServer2.java:addGlobalFilter(1019)) - Added global filter 'safety' (class=org.apache.hadoop.hdds.server.http.HttpServer2$QuotingInputFilter)
2020-12-08 02:18:40,092 [Listener at 127.0.0.1/40701] INFO  http.HttpServer2 (HttpServer2.java:addFilter(995)) - Added filter static_user_filter (class=org.apache.hadoop.http.lib.StaticUserWebFilter$StaticUserFilter) to context hddsDatanode
2020-12-08 02:18:40,092 [Listener at 127.0.0.1/40701] INFO  http.HttpServer2 (HttpServer2.java:addFilter(1003)) - Added filter static_user_filter (class=org.apache.hadoop.http.lib.StaticUserWebFilter$StaticUserFilter) to context logs
2020-12-08 02:18:40,093 [Listener at 127.0.0.1/40701] INFO  http.HttpServer2 (HttpServer2.java:addFilter(1003)) - Added filter static_user_filter (class=org.apache.hadoop.http.lib.StaticUserWebFilter$StaticUserFilter) to context static
2020-12-08 02:18:40,093 [Listener at 127.0.0.1/40701] INFO  http.HttpServer2 (HttpServer2.java:bindListener(1237)) - Jetty bound to port 33671
2020-12-08 02:18:40,093 [Listener at 127.0.0.1/40701] INFO  server.Server (Server.java:doStart(375)) - jetty-9.4.34.v20201102; built: 2020-11-02T14:15:39.302Z; git: e46af88704a893fc12cb0e3bf46e2c7b48a009e7; jvm 1.8.0_232-b09
2020-12-08 02:18:40,095 [Listener at 127.0.0.1/40701] INFO  server.session (DefaultSessionIdManager.java:doStart(334)) - DefaultSessionIdManager workerName=node0
2020-12-08 02:18:40,095 [Listener at 127.0.0.1/40701] INFO  server.session (DefaultSessionIdManager.java:doStart(339)) - No SessionScavenger set, using defaults
2020-12-08 02:18:40,096 [Listener at 127.0.0.1/40701] INFO  server.session (HouseKeeper.java:startScavenging(132)) - node0 Scavenging every 660000ms
2020-12-08 02:18:40,096 [Listener at 127.0.0.1/40701] INFO  handler.ContextHandler (ContextHandler.java:doStart(916)) - Started o.e.j.s.ServletContextHandler@7b8058e0{logs,/logs,file:///github/workspace/mnt/ozone/hadoop-ozone/integration-test/target/log,AVAILABLE}
2020-12-08 02:18:40,097 [Listener at 127.0.0.1/40701] INFO  handler.ContextHandler (ContextHandler.java:doStart(916)) - Started o.e.j.s.ServletContextHandler@6281f945{static,/static,jar:file:/home/user/.m2/repository/org/apache/hadoop/hadoop-hdds-container-service/1.1.0-SNAPSHOT/hadoop-hdds-container-service-1.1.0-SNAPSHOT.jar!/webapps/static,AVAILABLE}
2020-12-08 02:18:40,274 [Listener at 127.0.0.1/40701] INFO  handler.ContextHandler (ContextHandler.java:doStart(916)) - Started o.e.j.w.WebAppContext@511b6a3{hddsDatanode,/,file:///tmp/jetty-0_0_0_0-33671-hadoop-hdds-container-service-1_1_0-SNAPSHOT_jar-_-any-2083802202058714217/webapp/,AVAILABLE}{jar:file:/home/user/.m2/repository/org/apache/hadoop/hadoop-hdds-container-service/1.1.0-SNAPSHOT/hadoop-hdds-container-service-1.1.0-SNAPSHOT.jar!/webapps/hddsDatanode}
2020-12-08 02:18:40,276 [Listener at 127.0.0.1/40701] INFO  server.AbstractConnector (AbstractConnector.java:doStart(331)) - Started ServerConnector@202001a4{HTTP/1.1, (http/1.1)}{0.0.0.0:33671}
2020-12-08 02:18:40,277 [Listener at 127.0.0.1/40701] INFO  server.Server (Server.java:doStart(415)) - Started @139474ms
2020-12-08 02:18:40,277 [Listener at 127.0.0.1/40701] WARN  impl.MetricsSystemImpl (MetricsSystemImpl.java:register(276)) - Sink prometheus already exists!
2020-12-08 02:18:40,281 [Listener at 127.0.0.1/40701] INFO  http.BaseHttpServer (BaseHttpServer.java:updateConnectorAddress(327)) - HTTP server of hddsDatanode listening at http://0.0.0.0:33671
2020-12-08 02:18:40,283 [Listener at 127.0.0.1/40701] INFO  impl.MetricsSystemImpl (MetricsSystemImpl.java:init(158)) - HddsDatanode metrics system started (again)
2020-12-08 02:18:40,285 [Listener at 127.0.0.1/40701] INFO  ozone.HddsDatanodeService (HddsDatanodeService.java:start(217)) - HddsDatanodeService host:11cef1ca5a88 ip:172.17.0.2
2020-12-08 02:18:40,287 [Listener at 127.0.0.1/40701] INFO  volume.HddsVolume (HddsVolume.java:<init>(176)) - Creating Volume: /github/workspace/mnt/ozone/hadoop-ozone/integration-test/target/test-dir/MiniOzoneClusterImpl-c7e5300f-f3f2-48d9-ae25-3e63411fd680/datanode-5/data-0/containers/hdds of storage type : DISK and capacity : 9223372036854775807
2020-12-08 02:18:40,288 [Listener at 127.0.0.1/40701] INFO  volume.MutableVolumeSet (MutableVolumeSet.java:initializeVolumeSet(179)) - Added Volume : /github/workspace/mnt/ozone/hadoop-ozone/integration-test/target/test-dir/MiniOzoneClusterImpl-c7e5300f-f3f2-48d9-ae25-3e63411fd680/datanode-5/data-0/containers/hdds to VolumeSet
2020-12-08 02:18:40,288 [Listener at 127.0.0.1/40701] INFO  volume.ThrottledAsyncChecker (ThrottledAsyncChecker.java:schedule(141)) - Scheduling a check for /github/workspace/mnt/ozone/hadoop-ozone/integration-test/target/test-dir/MiniOzoneClusterImpl-c7e5300f-f3f2-48d9-ae25-3e63411fd680/datanode-5/data-0/containers/hdds
2020-12-08 02:18:40,293 [Listener at 127.0.0.1/40701] INFO  volume.HddsVolumeChecker (HddsVolumeChecker.java:checkAllVolumes(200)) - Scheduled health check for volume /github/workspace/mnt/ozone/hadoop-ozone/integration-test/target/test-dir/MiniOzoneClusterImpl-c7e5300f-f3f2-48d9-ae25-3e63411fd680/datanode-5/data-0/containers/hdds
2020-12-08 02:18:40,293 [org.apache.hadoop.util.JvmPauseMonitor$Monitor@2b59bb5f] INFO  util.JvmPauseMonitor (JvmPauseMonitor.java:run(188)) - Starting JVM pause monitor
2020-12-08 02:18:40,296 [Datanode State Machine Task Thread - 0] INFO  datanode.InitDatanodeState (InitDatanodeState.java:persistContainerDatanodeDetails(145)) - DatanodeDetails is persisted to /github/workspace/mnt/ozone/hadoop-ozone/integration-test/target/test-dir/MiniOzoneClusterImpl-c7e5300f-f3f2-48d9-ae25-3e63411fd680/datanode-4/meta/datanode.id
2020-12-08 02:18:40,307 [Thread-1233] INFO  ozoneimpl.ContainerReader (ContainerReader.java:readVolume(123)) - Start to verify containers on volume /github/workspace/mnt/ozone/hadoop-ozone/integration-test/target/test-dir/MiniOzoneClusterImpl-c7e5300f-f3f2-48d9-ae25-3e63411fd680/datanode-5/data-0/containers/hdds
2020-12-08 02:18:40,307 [Thread-1233] INFO  ozoneimpl.ContainerReader (ContainerReader.java:readVolume(148)) - Finish verifying containers on volume /github/workspace/mnt/ozone/hadoop-ozone/integration-test/target/test-dir/MiniOzoneClusterImpl-c7e5300f-f3f2-48d9-ae25-3e63411fd680/datanode-5/data-0/containers/hdds
2020-12-08 02:18:40,307 [Listener at 127.0.0.1/40701] INFO  ozoneimpl.OzoneContainer (OzoneContainer.java:buildContainerSet(194)) - Build ContainerSet costs 0s
2020-12-08 02:18:40,309 [Listener at 127.0.0.1/40701] INFO  impl.RaftServerProxy (ConfUtils.java:logGet(44)) - raft.rpc.type = GRPC (default)
2020-12-08 02:18:40,309 [Listener at 127.0.0.1/40701] INFO  grpc.GrpcFactory (GrpcFactory.java:checkPooledByteBufAllocatorUseCacheForAllThreads(45)) - PERFORMANCE WARNING: useCacheForAllThreads is true that may cause Netty to create a lot garbage objects and, as a result, trigger GC.
	It is recommended to disable useCacheForAllThreads by setting -Dorg.apache.ratis.thirdparty.io.netty.allocator.useCacheForAllThreads=false in command line.
2020-12-08 02:18:40,309 [Listener at 127.0.0.1/40701] INFO  grpc.GrpcConfigKeys (ConfUtils.java:logGet(44)) - raft.grpc.server.port = 0 (default)
2020-12-08 02:18:40,309 [Listener at 127.0.0.1/40701] INFO  server.GrpcService (ConfUtils.java:logGet(44)) - raft.grpc.message.size.max = 32MB (=33554432) (custom)
2020-12-08 02:18:40,310 [Listener at 127.0.0.1/40701] INFO  server.RaftServerConfigKeys (ConfUtils.java:logGet(44)) - raft.server.log.appender.buffer.byte-limit = 33554432 (custom)
2020-12-08 02:18:40,310 [Listener at 127.0.0.1/40701] INFO  server.GrpcService (ConfUtils.java:logGet(44)) - raft.grpc.flow.control.window = 5MB (=5242880) (custom)
2020-12-08 02:18:40,310 [Listener at 127.0.0.1/40701] INFO  server.RaftServerConfigKeys (ConfUtils.java:logGet(44)) - raft.server.rpc.request.timeout = 3000ms (default)
2020-12-08 02:18:40,311 [Listener at 127.0.0.1/40701] INFO  impl.DataStreamServerImpl (ConfUtils.java:logGet(44)) - raft.datastream.type = DISABLED (default)
2020-12-08 02:18:40,311 [Listener at 127.0.0.1/40701] INFO  server.RaftServerConfigKeys (ConfUtils.java:logGet(44)) - raft.server.storage.dir = [/github/workspace/mnt/ozone/hadoop-ozone/integration-test/target/test-dir/MiniOzoneClusterImpl-c7e5300f-f3f2-48d9-ae25-3e63411fd680/datanode-5/data/ratis] (custom)
2020-12-08 02:18:40,316 [Listener at 127.0.0.1/40701] INFO  http.BaseHttpServer (BaseHttpServer.java:newHttpServer2BuilderForOzone(207)) - Starting Web-server for hddsDatanode at: http://0.0.0.0:0
2020-12-08 02:18:40,316 [Listener at 127.0.0.1/40701] INFO  http.BaseHttpServer (BaseHttpServer.java:<init>(106)) - Hadoop Security Enabled: false Ozone Security Enabled: false Ozone HTTP Security Enabled: false 
2020-12-08 02:18:40,317 [Listener at 127.0.0.1/40701] INFO  server.AuthenticationFilter (AuthenticationFilter.java:constructSecretProvider(240)) - Unable to initialize FileSignerSecretProvider, falling back to use random secrets.
2020-12-08 02:18:40,317 [Listener at 127.0.0.1/40701] WARN  http.HttpRequestLog (HttpRequestLog.java:getRequestLog(103)) - Jetty request log can only be enabled using Log4j
2020-12-08 02:18:40,318 [Listener at 127.0.0.1/40701] INFO  http.HttpServer2 (HttpServer2.java:addGlobalFilter(1019)) - Added global filter 'safety' (class=org.apache.hadoop.hdds.server.http.HttpServer2$QuotingInputFilter)
2020-12-08 02:18:40,318 [Listener at 127.0.0.1/40701] INFO  http.HttpServer2 (HttpServer2.java:addFilter(995)) - Added filter static_user_filter (class=org.apache.hadoop.http.lib.StaticUserWebFilter$StaticUserFilter) to context hddsDatanode
2020-12-08 02:18:40,319 [Listener at 127.0.0.1/40701] INFO  http.HttpServer2 (HttpServer2.java:addFilter(1003)) - Added filter static_user_filter (class=org.apache.hadoop.http.lib.StaticUserWebFilter$StaticUserFilter) to context static
2020-12-08 02:18:40,319 [Listener at 127.0.0.1/40701] INFO  http.HttpServer2 (HttpServer2.java:addFilter(1003)) - Added filter static_user_filter (class=org.apache.hadoop.http.lib.StaticUserWebFilter$StaticUserFilter) to context logs
2020-12-08 02:18:40,319 [Listener at 127.0.0.1/40701] INFO  http.HttpServer2 (HttpServer2.java:bindListener(1237)) - Jetty bound to port 39077
2020-12-08 02:18:40,319 [Listener at 127.0.0.1/40701] INFO  server.Server (Server.java:doStart(375)) - jetty-9.4.34.v20201102; built: 2020-11-02T14:15:39.302Z; git: e46af88704a893fc12cb0e3bf46e2c7b48a009e7; jvm 1.8.0_232-b09
2020-12-08 02:18:40,324 [Listener at 127.0.0.1/40701] INFO  server.session (DefaultSessionIdManager.java:doStart(334)) - DefaultSessionIdManager workerName=node0
2020-12-08 02:18:40,325 [Listener at 127.0.0.1/40701] INFO  server.session (DefaultSessionIdManager.java:doStart(339)) - No SessionScavenger set, using defaults
2020-12-08 02:18:40,325 [Listener at 127.0.0.1/40701] INFO  server.session (HouseKeeper.java:startScavenging(132)) - node0 Scavenging every 600000ms
2020-12-08 02:18:40,326 [Listener at 127.0.0.1/40701] INFO  handler.ContextHandler (ContextHandler.java:doStart(916)) - Started o.e.j.s.ServletContextHandler@a73b3c4{logs,/logs,file:///github/workspace/mnt/ozone/hadoop-ozone/integration-test/target/log,AVAILABLE}
2020-12-08 02:18:40,326 [Listener at 127.0.0.1/40701] INFO  handler.ContextHandler (ContextHandler.java:doStart(916)) - Started o.e.j.s.ServletContextHandler@68cca23e{static,/static,jar:file:/home/user/.m2/repository/org/apache/hadoop/hadoop-hdds-container-service/1.1.0-SNAPSHOT/hadoop-hdds-container-service-1.1.0-SNAPSHOT.jar!/webapps/static,AVAILABLE}
2020-12-08 02:18:40,491 [Listener at 127.0.0.1/40701] INFO  handler.ContextHandler (ContextHandler.java:doStart(916)) - Started o.e.j.w.WebAppContext@7bbf17d{hddsDatanode,/,file:///tmp/jetty-0_0_0_0-39077-hadoop-hdds-container-service-1_1_0-SNAPSHOT_jar-_-any-6345329547138682059/webapp/,AVAILABLE}{jar:file:/home/user/.m2/repository/org/apache/hadoop/hadoop-hdds-container-service/1.1.0-SNAPSHOT/hadoop-hdds-container-service-1.1.0-SNAPSHOT.jar!/webapps/hddsDatanode}
2020-12-08 02:18:40,492 [Listener at 127.0.0.1/40701] INFO  server.AbstractConnector (AbstractConnector.java:doStart(331)) - Started ServerConnector@58cce034{HTTP/1.1, (http/1.1)}{0.0.0.0:39077}
2020-12-08 02:18:40,493 [Listener at 127.0.0.1/40701] INFO  server.Server (Server.java:doStart(415)) - Started @139690ms
2020-12-08 02:18:40,493 [Listener at 127.0.0.1/40701] WARN  impl.MetricsSystemImpl (MetricsSystemImpl.java:register(276)) - Sink prometheus already exists!
2020-12-08 02:18:40,498 [Listener at 127.0.0.1/40701] INFO  http.BaseHttpServer (BaseHttpServer.java:updateConnectorAddress(327)) - HTTP server of hddsDatanode listening at http://0.0.0.0:39077
2020-12-08 02:18:40,501 [Listener at 127.0.0.1/40701] INFO  impl.MetricsSystemImpl (MetricsSystemImpl.java:init(158)) - HddsDatanode metrics system started (again)
2020-12-08 02:18:40,504 [Listener at 127.0.0.1/40701] INFO  ozone.HddsDatanodeService (HddsDatanodeService.java:start(217)) - HddsDatanodeService host:11cef1ca5a88 ip:172.17.0.2
2020-12-08 02:18:40,505 [org.apache.hadoop.util.JvmPauseMonitor$Monitor@51f0128e] INFO  util.JvmPauseMonitor (JvmPauseMonitor.java:run(188)) - Starting JVM pause monitor
2020-12-08 02:18:40,506 [Datanode State Machine Task Thread - 0] INFO  datanode.InitDatanodeState (InitDatanodeState.java:persistContainerDatanodeDetails(145)) - DatanodeDetails is persisted to /github/workspace/mnt/ozone/hadoop-ozone/integration-test/target/test-dir/MiniOzoneClusterImpl-c7e5300f-f3f2-48d9-ae25-3e63411fd680/datanode-5/meta/datanode.id
2020-12-08 02:18:40,506 [Listener at 127.0.0.1/40701] INFO  volume.HddsVolume (HddsVolume.java:<init>(176)) - Creating Volume: /github/workspace/mnt/ozone/hadoop-ozone/integration-test/target/test-dir/MiniOzoneClusterImpl-c7e5300f-f3f2-48d9-ae25-3e63411fd680/datanode-6/data-0/containers/hdds of storage type : DISK and capacity : 9223372036854775807
2020-12-08 02:18:40,507 [Listener at 127.0.0.1/40701] INFO  volume.MutableVolumeSet (MutableVolumeSet.java:initializeVolumeSet(179)) - Added Volume : /github/workspace/mnt/ozone/hadoop-ozone/integration-test/target/test-dir/MiniOzoneClusterImpl-c7e5300f-f3f2-48d9-ae25-3e63411fd680/datanode-6/data-0/containers/hdds to VolumeSet
2020-12-08 02:18:40,507 [Listener at 127.0.0.1/40701] INFO  volume.ThrottledAsyncChecker (ThrottledAsyncChecker.java:schedule(141)) - Scheduling a check for /github/workspace/mnt/ozone/hadoop-ozone/integration-test/target/test-dir/MiniOzoneClusterImpl-c7e5300f-f3f2-48d9-ae25-3e63411fd680/datanode-6/data-0/containers/hdds
2020-12-08 02:18:40,509 [Listener at 127.0.0.1/40701] INFO  volume.HddsVolumeChecker (HddsVolumeChecker.java:checkAllVolumes(200)) - Scheduled health check for volume /github/workspace/mnt/ozone/hadoop-ozone/integration-test/target/test-dir/MiniOzoneClusterImpl-c7e5300f-f3f2-48d9-ae25-3e63411fd680/datanode-6/data-0/containers/hdds
2020-12-08 02:18:40,522 [Thread-1244] INFO  ozoneimpl.ContainerReader (ContainerReader.java:readVolume(123)) - Start to verify containers on volume /github/workspace/mnt/ozone/hadoop-ozone/integration-test/target/test-dir/MiniOzoneClusterImpl-c7e5300f-f3f2-48d9-ae25-3e63411fd680/datanode-6/data-0/containers/hdds
2020-12-08 02:18:40,522 [Thread-1244] INFO  ozoneimpl.ContainerReader (ContainerReader.java:readVolume(148)) - Finish verifying containers on volume /github/workspace/mnt/ozone/hadoop-ozone/integration-test/target/test-dir/MiniOzoneClusterImpl-c7e5300f-f3f2-48d9-ae25-3e63411fd680/datanode-6/data-0/containers/hdds
2020-12-08 02:18:40,522 [Listener at 127.0.0.1/40701] INFO  ozoneimpl.OzoneContainer (OzoneContainer.java:buildContainerSet(194)) - Build ContainerSet costs 0s
2020-12-08 02:18:40,524 [Listener at 127.0.0.1/40701] INFO  impl.RaftServerProxy (ConfUtils.java:logGet(44)) - raft.rpc.type = GRPC (default)
2020-12-08 02:18:40,524 [Listener at 127.0.0.1/40701] INFO  grpc.GrpcFactory (GrpcFactory.java:checkPooledByteBufAllocatorUseCacheForAllThreads(45)) - PERFORMANCE WARNING: useCacheForAllThreads is true that may cause Netty to create a lot garbage objects and, as a result, trigger GC.
	It is recommended to disable useCacheForAllThreads by setting -Dorg.apache.ratis.thirdparty.io.netty.allocator.useCacheForAllThreads=false in command line.
2020-12-08 02:18:40,524 [Listener at 127.0.0.1/40701] INFO  grpc.GrpcConfigKeys (ConfUtils.java:logGet(44)) - raft.grpc.server.port = 0 (default)
2020-12-08 02:18:40,524 [Listener at 127.0.0.1/40701] INFO  server.GrpcService (ConfUtils.java:logGet(44)) - raft.grpc.message.size.max = 32MB (=33554432) (custom)
2020-12-08 02:18:40,524 [Listener at 127.0.0.1/40701] INFO  server.RaftServerConfigKeys (ConfUtils.java:logGet(44)) - raft.server.log.appender.buffer.byte-limit = 33554432 (custom)
2020-12-08 02:18:40,524 [Listener at 127.0.0.1/40701] INFO  server.GrpcService (ConfUtils.java:logGet(44)) - raft.grpc.flow.control.window = 5MB (=5242880) (custom)
2020-12-08 02:18:40,524 [Listener at 127.0.0.1/40701] INFO  server.RaftServerConfigKeys (ConfUtils.java:logGet(44)) - raft.server.rpc.request.timeout = 3000ms (default)
2020-12-08 02:18:40,525 [Listener at 127.0.0.1/40701] INFO  impl.DataStreamServerImpl (ConfUtils.java:logGet(44)) - raft.datastream.type = DISABLED (default)
2020-12-08 02:18:40,526 [Listener at 127.0.0.1/40701] INFO  server.RaftServerConfigKeys (ConfUtils.java:logGet(44)) - raft.server.storage.dir = [/github/workspace/mnt/ozone/hadoop-ozone/integration-test/target/test-dir/MiniOzoneClusterImpl-c7e5300f-f3f2-48d9-ae25-3e63411fd680/datanode-6/data/ratis] (custom)
2020-12-08 02:18:40,530 [Listener at 127.0.0.1/40701] INFO  http.BaseHttpServer (BaseHttpServer.java:newHttpServer2BuilderForOzone(207)) - Starting Web-server for hddsDatanode at: http://0.0.0.0:0
2020-12-08 02:18:40,530 [Listener at 127.0.0.1/40701] INFO  http.BaseHttpServer (BaseHttpServer.java:<init>(106)) - Hadoop Security Enabled: false Ozone Security Enabled: false Ozone HTTP Security Enabled: false 
2020-12-08 02:18:40,531 [Listener at 127.0.0.1/40701] INFO  server.AuthenticationFilter (AuthenticationFilter.java:constructSecretProvider(240)) - Unable to initialize FileSignerSecretProvider, falling back to use random secrets.
2020-12-08 02:18:40,531 [Listener at 127.0.0.1/40701] WARN  http.HttpRequestLog (HttpRequestLog.java:getRequestLog(103)) - Jetty request log can only be enabled using Log4j
2020-12-08 02:18:40,532 [Listener at 127.0.0.1/40701] INFO  http.HttpServer2 (HttpServer2.java:addGlobalFilter(1019)) - Added global filter 'safety' (class=org.apache.hadoop.hdds.server.http.HttpServer2$QuotingInputFilter)
2020-12-08 02:18:40,532 [Listener at 127.0.0.1/40701] INFO  http.HttpServer2 (HttpServer2.java:addFilter(995)) - Added filter static_user_filter (class=org.apache.hadoop.http.lib.StaticUserWebFilter$StaticUserFilter) to context hddsDatanode
2020-12-08 02:18:40,533 [Listener at 127.0.0.1/40701] INFO  http.HttpServer2 (HttpServer2.java:addFilter(1003)) - Added filter static_user_filter (class=org.apache.hadoop.http.lib.StaticUserWebFilter$StaticUserFilter) to context static
2020-12-08 02:18:40,533 [Listener at 127.0.0.1/40701] INFO  http.HttpServer2 (HttpServer2.java:addFilter(1003)) - Added filter static_user_filter (class=org.apache.hadoop.http.lib.StaticUserWebFilter$StaticUserFilter) to context logs
2020-12-08 02:18:40,534 [Listener at 127.0.0.1/40701] INFO  http.HttpServer2 (HttpServer2.java:bindListener(1237)) - Jetty bound to port 43333
2020-12-08 02:18:40,534 [Listener at 127.0.0.1/40701] INFO  server.Server (Server.java:doStart(375)) - jetty-9.4.34.v20201102; built: 2020-11-02T14:15:39.302Z; git: e46af88704a893fc12cb0e3bf46e2c7b48a009e7; jvm 1.8.0_232-b09
2020-12-08 02:18:40,535 [Listener at 127.0.0.1/40701] INFO  server.session (DefaultSessionIdManager.java:doStart(334)) - DefaultSessionIdManager workerName=node0
2020-12-08 02:18:40,535 [Listener at 127.0.0.1/40701] INFO  server.session (DefaultSessionIdManager.java:doStart(339)) - No SessionScavenger set, using defaults
2020-12-08 02:18:40,535 [Listener at 127.0.0.1/40701] INFO  server.session (HouseKeeper.java:startScavenging(132)) - node0 Scavenging every 600000ms
2020-12-08 02:18:40,536 [Listener at 127.0.0.1/40701] INFO  handler.ContextHandler (ContextHandler.java:doStart(916)) - Started o.e.j.s.ServletContextHandler@6ad57ee3{logs,/logs,file:///github/workspace/mnt/ozone/hadoop-ozone/integration-test/target/log,AVAILABLE}
2020-12-08 02:18:40,536 [Listener at 127.0.0.1/40701] INFO  handler.ContextHandler (ContextHandler.java:doStart(916)) - Started o.e.j.s.ServletContextHandler@2c720867{static,/static,jar:file:/home/user/.m2/repository/org/apache/hadoop/hadoop-hdds-container-service/1.1.0-SNAPSHOT/hadoop-hdds-container-service-1.1.0-SNAPSHOT.jar!/webapps/static,AVAILABLE}
2020-12-08 02:18:40,689 [Listener at 127.0.0.1/40701] INFO  handler.ContextHandler (ContextHandler.java:doStart(916)) - Started o.e.j.w.WebAppContext@263426ea{hddsDatanode,/,file:///tmp/jetty-0_0_0_0-43333-hadoop-hdds-container-service-1_1_0-SNAPSHOT_jar-_-any-1304865652896420305/webapp/,AVAILABLE}{jar:file:/home/user/.m2/repository/org/apache/hadoop/hadoop-hdds-container-service/1.1.0-SNAPSHOT/hadoop-hdds-container-service-1.1.0-SNAPSHOT.jar!/webapps/hddsDatanode}
2020-12-08 02:18:40,692 [Listener at 127.0.0.1/40701] INFO  server.AbstractConnector (AbstractConnector.java:doStart(331)) - Started ServerConnector@70ea72e{HTTP/1.1, (http/1.1)}{0.0.0.0:43333}
2020-12-08 02:18:40,692 [Listener at 127.0.0.1/40701] INFO  server.Server (Server.java:doStart(415)) - Started @139889ms
2020-12-08 02:18:40,692 [Listener at 127.0.0.1/40701] WARN  impl.MetricsSystemImpl (MetricsSystemImpl.java:register(276)) - Sink prometheus already exists!
2020-12-08 02:18:40,696 [Listener at 127.0.0.1/40701] INFO  http.BaseHttpServer (BaseHttpServer.java:updateConnectorAddress(327)) - HTTP server of hddsDatanode listening at http://0.0.0.0:43333
2020-12-08 02:18:40,702 [Listener at 127.0.0.1/40701] INFO  impl.MetricsSystemImpl (MetricsSystemImpl.java:init(158)) - HddsDatanode metrics system started (again)
2020-12-08 02:18:40,704 [Listener at 127.0.0.1/40701] INFO  ozone.HddsDatanodeService (HddsDatanodeService.java:start(217)) - HddsDatanodeService host:11cef1ca5a88 ip:172.17.0.2
2020-12-08 02:18:40,706 [Listener at 127.0.0.1/40701] INFO  volume.HddsVolume (HddsVolume.java:<init>(176)) - Creating Volume: /github/workspace/mnt/ozone/hadoop-ozone/integration-test/target/test-dir/MiniOzoneClusterImpl-c7e5300f-f3f2-48d9-ae25-3e63411fd680/datanode-7/data-0/containers/hdds of storage type : DISK and capacity : 9223372036854775807
2020-12-08 02:18:40,706 [Listener at 127.0.0.1/40701] INFO  volume.MutableVolumeSet (MutableVolumeSet.java:initializeVolumeSet(179)) - Added Volume : /github/workspace/mnt/ozone/hadoop-ozone/integration-test/target/test-dir/MiniOzoneClusterImpl-c7e5300f-f3f2-48d9-ae25-3e63411fd680/datanode-7/data-0/containers/hdds to VolumeSet
2020-12-08 02:18:40,706 [Listener at 127.0.0.1/40701] INFO  volume.ThrottledAsyncChecker (ThrottledAsyncChecker.java:schedule(141)) - Scheduling a check for /github/workspace/mnt/ozone/hadoop-ozone/integration-test/target/test-dir/MiniOzoneClusterImpl-c7e5300f-f3f2-48d9-ae25-3e63411fd680/datanode-7/data-0/containers/hdds
2020-12-08 02:18:40,706 [org.apache.hadoop.util.JvmPauseMonitor$Monitor@633f0e09] INFO  util.JvmPauseMonitor (JvmPauseMonitor.java:run(188)) - Starting JVM pause monitor
2020-12-08 02:18:40,707 [Listener at 127.0.0.1/40701] INFO  volume.HddsVolumeChecker (HddsVolumeChecker.java:checkAllVolumes(200)) - Scheduled health check for volume /github/workspace/mnt/ozone/hadoop-ozone/integration-test/target/test-dir/MiniOzoneClusterImpl-c7e5300f-f3f2-48d9-ae25-3e63411fd680/datanode-7/data-0/containers/hdds
2020-12-08 02:18:40,710 [Datanode State Machine Task Thread - 0] INFO  datanode.InitDatanodeState (InitDatanodeState.java:persistContainerDatanodeDetails(145)) - DatanodeDetails is persisted to /github/workspace/mnt/ozone/hadoop-ozone/integration-test/target/test-dir/MiniOzoneClusterImpl-c7e5300f-f3f2-48d9-ae25-3e63411fd680/datanode-6/meta/datanode.id
2020-12-08 02:18:40,720 [Thread-1255] INFO  ozoneimpl.ContainerReader (ContainerReader.java:readVolume(123)) - Start to verify containers on volume /github/workspace/mnt/ozone/hadoop-ozone/integration-test/target/test-dir/MiniOzoneClusterImpl-c7e5300f-f3f2-48d9-ae25-3e63411fd680/datanode-7/data-0/containers/hdds
2020-12-08 02:18:40,720 [Thread-1255] INFO  ozoneimpl.ContainerReader (ContainerReader.java:readVolume(148)) - Finish verifying containers on volume /github/workspace/mnt/ozone/hadoop-ozone/integration-test/target/test-dir/MiniOzoneClusterImpl-c7e5300f-f3f2-48d9-ae25-3e63411fd680/datanode-7/data-0/containers/hdds
2020-12-08 02:18:40,720 [Listener at 127.0.0.1/40701] INFO  ozoneimpl.OzoneContainer (OzoneContainer.java:buildContainerSet(194)) - Build ContainerSet costs 0s
2020-12-08 02:18:40,722 [Listener at 127.0.0.1/40701] INFO  impl.RaftServerProxy (ConfUtils.java:logGet(44)) - raft.rpc.type = GRPC (default)
2020-12-08 02:18:40,722 [Listener at 127.0.0.1/40701] INFO  grpc.GrpcFactory (GrpcFactory.java:checkPooledByteBufAllocatorUseCacheForAllThreads(45)) - PERFORMANCE WARNING: useCacheForAllThreads is true that may cause Netty to create a lot garbage objects and, as a result, trigger GC.
	It is recommended to disable useCacheForAllThreads by setting -Dorg.apache.ratis.thirdparty.io.netty.allocator.useCacheForAllThreads=false in command line.
2020-12-08 02:18:40,722 [Listener at 127.0.0.1/40701] INFO  grpc.GrpcConfigKeys (ConfUtils.java:logGet(44)) - raft.grpc.server.port = 0 (default)
2020-12-08 02:18:40,722 [Listener at 127.0.0.1/40701] INFO  server.GrpcService (ConfUtils.java:logGet(44)) - raft.grpc.message.size.max = 32MB (=33554432) (custom)
2020-12-08 02:18:40,722 [Listener at 127.0.0.1/40701] INFO  server.RaftServerConfigKeys (ConfUtils.java:logGet(44)) - raft.server.log.appender.buffer.byte-limit = 33554432 (custom)
2020-12-08 02:18:40,723 [Listener at 127.0.0.1/40701] INFO  server.GrpcService (ConfUtils.java:logGet(44)) - raft.grpc.flow.control.window = 5MB (=5242880) (custom)
2020-12-08 02:18:40,723 [Listener at 127.0.0.1/40701] INFO  server.RaftServerConfigKeys (ConfUtils.java:logGet(44)) - raft.server.rpc.request.timeout = 3000ms (default)
2020-12-08 02:18:40,724 [Listener at 127.0.0.1/40701] INFO  impl.DataStreamServerImpl (ConfUtils.java:logGet(44)) - raft.datastream.type = DISABLED (default)
2020-12-08 02:18:40,724 [Listener at 127.0.0.1/40701] INFO  server.RaftServerConfigKeys (ConfUtils.java:logGet(44)) - raft.server.storage.dir = [/github/workspace/mnt/ozone/hadoop-ozone/integration-test/target/test-dir/MiniOzoneClusterImpl-c7e5300f-f3f2-48d9-ae25-3e63411fd680/datanode-7/data/ratis] (custom)
2020-12-08 02:18:40,729 [Listener at 127.0.0.1/40701] INFO  http.BaseHttpServer (BaseHttpServer.java:newHttpServer2BuilderForOzone(207)) - Starting Web-server for hddsDatanode at: http://0.0.0.0:0
2020-12-08 02:18:40,729 [Listener at 127.0.0.1/40701] INFO  http.BaseHttpServer (BaseHttpServer.java:<init>(106)) - Hadoop Security Enabled: false Ozone Security Enabled: false Ozone HTTP Security Enabled: false 
2020-12-08 02:18:40,730 [Listener at 127.0.0.1/40701] INFO  server.AuthenticationFilter (AuthenticationFilter.java:constructSecretProvider(240)) - Unable to initialize FileSignerSecretProvider, falling back to use random secrets.
2020-12-08 02:18:40,733 [Listener at 127.0.0.1/40701] WARN  http.HttpRequestLog (HttpRequestLog.java:getRequestLog(103)) - Jetty request log can only be enabled using Log4j
2020-12-08 02:18:40,734 [Listener at 127.0.0.1/40701] INFO  http.HttpServer2 (HttpServer2.java:addGlobalFilter(1019)) - Added global filter 'safety' (class=org.apache.hadoop.hdds.server.http.HttpServer2$QuotingInputFilter)
2020-12-08 02:18:40,734 [Listener at 127.0.0.1/40701] INFO  http.HttpServer2 (HttpServer2.java:addFilter(995)) - Added filter static_user_filter (class=org.apache.hadoop.http.lib.StaticUserWebFilter$StaticUserFilter) to context hddsDatanode
2020-12-08 02:18:40,734 [Listener at 127.0.0.1/40701] INFO  http.HttpServer2 (HttpServer2.java:addFilter(1003)) - Added filter static_user_filter (class=org.apache.hadoop.http.lib.StaticUserWebFilter$StaticUserFilter) to context logs
2020-12-08 02:18:40,734 [Listener at 127.0.0.1/40701] INFO  http.HttpServer2 (HttpServer2.java:addFilter(1003)) - Added filter static_user_filter (class=org.apache.hadoop.http.lib.StaticUserWebFilter$StaticUserFilter) to context static
2020-12-08 02:18:40,735 [Listener at 127.0.0.1/40701] INFO  http.HttpServer2 (HttpServer2.java:bindListener(1237)) - Jetty bound to port 39923
2020-12-08 02:18:40,735 [Listener at 127.0.0.1/40701] INFO  server.Server (Server.java:doStart(375)) - jetty-9.4.34.v20201102; built: 2020-11-02T14:15:39.302Z; git: e46af88704a893fc12cb0e3bf46e2c7b48a009e7; jvm 1.8.0_232-b09
2020-12-08 02:18:40,743 [Listener at 127.0.0.1/40701] INFO  server.session (DefaultSessionIdManager.java:doStart(334)) - DefaultSessionIdManager workerName=node0
2020-12-08 02:18:40,743 [Listener at 127.0.0.1/40701] INFO  server.session (DefaultSessionIdManager.java:doStart(339)) - No SessionScavenger set, using defaults
2020-12-08 02:18:40,743 [Listener at 127.0.0.1/40701] INFO  server.session (HouseKeeper.java:startScavenging(132)) - node0 Scavenging every 600000ms
2020-12-08 02:18:40,747 [Listener at 127.0.0.1/40701] INFO  handler.ContextHandler (ContextHandler.java:doStart(916)) - Started o.e.j.s.ServletContextHandler@4fa8389b{logs,/logs,file:///github/workspace/mnt/ozone/hadoop-ozone/integration-test/target/log,AVAILABLE}
2020-12-08 02:18:40,748 [Listener at 127.0.0.1/40701] INFO  handler.ContextHandler (ContextHandler.java:doStart(916)) - Started o.e.j.s.ServletContextHandler@5f4ba89e{static,/static,jar:file:/home/user/.m2/repository/org/apache/hadoop/hadoop-hdds-container-service/1.1.0-SNAPSHOT/hadoop-hdds-container-service-1.1.0-SNAPSHOT.jar!/webapps/static,AVAILABLE}
2020-12-08 02:18:40,912 [Listener at 127.0.0.1/40701] INFO  handler.ContextHandler (ContextHandler.java:doStart(916)) - Started o.e.j.w.WebAppContext@5c84805a{hddsDatanode,/,file:///tmp/jetty-0_0_0_0-39923-hadoop-hdds-container-service-1_1_0-SNAPSHOT_jar-_-any-4713728310787644206/webapp/,AVAILABLE}{jar:file:/home/user/.m2/repository/org/apache/hadoop/hadoop-hdds-container-service/1.1.0-SNAPSHOT/hadoop-hdds-container-service-1.1.0-SNAPSHOT.jar!/webapps/hddsDatanode}
2020-12-08 02:18:40,914 [Listener at 127.0.0.1/40701] INFO  server.AbstractConnector (AbstractConnector.java:doStart(331)) - Started ServerConnector@2a8953aa{HTTP/1.1, (http/1.1)}{0.0.0.0:39923}
2020-12-08 02:18:40,914 [Listener at 127.0.0.1/40701] INFO  server.Server (Server.java:doStart(415)) - Started @140111ms
2020-12-08 02:18:40,914 [Listener at 127.0.0.1/40701] WARN  impl.MetricsSystemImpl (MetricsSystemImpl.java:register(276)) - Sink prometheus already exists!
2020-12-08 02:18:40,918 [Listener at 127.0.0.1/40701] INFO  http.BaseHttpServer (BaseHttpServer.java:updateConnectorAddress(327)) - HTTP server of hddsDatanode listening at http://0.0.0.0:39923
2020-12-08 02:18:40,918 [Listener at 127.0.0.1/40701] INFO  impl.MetricsSystemImpl (MetricsSystemImpl.java:init(158)) - HddsDatanode metrics system started (again)
2020-12-08 02:18:40,921 [Listener at 127.0.0.1/40701] INFO  ozone.HddsDatanodeService (HddsDatanodeService.java:start(217)) - HddsDatanodeService host:11cef1ca5a88 ip:172.17.0.2
2020-12-08 02:18:40,927 [Listener at 127.0.0.1/40701] INFO  volume.HddsVolume (HddsVolume.java:<init>(176)) - Creating Volume: /github/workspace/mnt/ozone/hadoop-ozone/integration-test/target/test-dir/MiniOzoneClusterImpl-c7e5300f-f3f2-48d9-ae25-3e63411fd680/datanode-8/data-0/containers/hdds of storage type : DISK and capacity : 9223372036854775807
2020-12-08 02:18:40,927 [Listener at 127.0.0.1/40701] INFO  volume.MutableVolumeSet (MutableVolumeSet.java:initializeVolumeSet(179)) - Added Volume : /github/workspace/mnt/ozone/hadoop-ozone/integration-test/target/test-dir/MiniOzoneClusterImpl-c7e5300f-f3f2-48d9-ae25-3e63411fd680/datanode-8/data-0/containers/hdds to VolumeSet
2020-12-08 02:18:40,927 [Listener at 127.0.0.1/40701] INFO  volume.ThrottledAsyncChecker (ThrottledAsyncChecker.java:schedule(141)) - Scheduling a check for /github/workspace/mnt/ozone/hadoop-ozone/integration-test/target/test-dir/MiniOzoneClusterImpl-c7e5300f-f3f2-48d9-ae25-3e63411fd680/datanode-8/data-0/containers/hdds
2020-12-08 02:18:40,927 [org.apache.hadoop.util.JvmPauseMonitor$Monitor@e4c57f0] INFO  util.JvmPauseMonitor (JvmPauseMonitor.java:run(188)) - Starting JVM pause monitor
2020-12-08 02:18:40,928 [Listener at 127.0.0.1/40701] INFO  volume.HddsVolumeChecker (HddsVolumeChecker.java:checkAllVolumes(200)) - Scheduled health check for volume /github/workspace/mnt/ozone/hadoop-ozone/integration-test/target/test-dir/MiniOzoneClusterImpl-c7e5300f-f3f2-48d9-ae25-3e63411fd680/datanode-8/data-0/containers/hdds
2020-12-08 02:18:40,939 [Datanode State Machine Task Thread - 0] INFO  datanode.InitDatanodeState (InitDatanodeState.java:persistContainerDatanodeDetails(145)) - DatanodeDetails is persisted to /github/workspace/mnt/ozone/hadoop-ozone/integration-test/target/test-dir/MiniOzoneClusterImpl-c7e5300f-f3f2-48d9-ae25-3e63411fd680/datanode-7/meta/datanode.id
2020-12-08 02:18:40,939 [Thread-1266] INFO  ozoneimpl.ContainerReader (ContainerReader.java:readVolume(123)) - Start to verify containers on volume /github/workspace/mnt/ozone/hadoop-ozone/integration-test/target/test-dir/MiniOzoneClusterImpl-c7e5300f-f3f2-48d9-ae25-3e63411fd680/datanode-8/data-0/containers/hdds
2020-12-08 02:18:40,939 [Thread-1266] INFO  ozoneimpl.ContainerReader (ContainerReader.java:readVolume(148)) - Finish verifying containers on volume /github/workspace/mnt/ozone/hadoop-ozone/integration-test/target/test-dir/MiniOzoneClusterImpl-c7e5300f-f3f2-48d9-ae25-3e63411fd680/datanode-8/data-0/containers/hdds
2020-12-08 02:18:40,940 [Listener at 127.0.0.1/40701] INFO  ozoneimpl.OzoneContainer (OzoneContainer.java:buildContainerSet(194)) - Build ContainerSet costs 0s
2020-12-08 02:18:40,941 [Listener at 127.0.0.1/40701] INFO  impl.RaftServerProxy (ConfUtils.java:logGet(44)) - raft.rpc.type = GRPC (default)
2020-12-08 02:18:40,942 [Listener at 127.0.0.1/40701] INFO  grpc.GrpcFactory (GrpcFactory.java:checkPooledByteBufAllocatorUseCacheForAllThreads(45)) - PERFORMANCE WARNING: useCacheForAllThreads is true that may cause Netty to create a lot garbage objects and, as a result, trigger GC.
	It is recommended to disable useCacheForAllThreads by setting -Dorg.apache.ratis.thirdparty.io.netty.allocator.useCacheForAllThreads=false in command line.
2020-12-08 02:18:40,942 [Listener at 127.0.0.1/40701] INFO  grpc.GrpcConfigKeys (ConfUtils.java:logGet(44)) - raft.grpc.server.port = 0 (default)
2020-12-08 02:18:40,942 [Listener at 127.0.0.1/40701] INFO  server.GrpcService (ConfUtils.java:logGet(44)) - raft.grpc.message.size.max = 32MB (=33554432) (custom)
2020-12-08 02:18:40,942 [Listener at 127.0.0.1/40701] INFO  server.RaftServerConfigKeys (ConfUtils.java:logGet(44)) - raft.server.log.appender.buffer.byte-limit = 33554432 (custom)
2020-12-08 02:18:40,942 [Listener at 127.0.0.1/40701] INFO  server.GrpcService (ConfUtils.java:logGet(44)) - raft.grpc.flow.control.window = 5MB (=5242880) (custom)
2020-12-08 02:18:40,942 [Listener at 127.0.0.1/40701] INFO  server.RaftServerConfigKeys (ConfUtils.java:logGet(44)) - raft.server.rpc.request.timeout = 3000ms (default)
2020-12-08 02:18:40,943 [Listener at 127.0.0.1/40701] INFO  impl.DataStreamServerImpl (ConfUtils.java:logGet(44)) - raft.datastream.type = DISABLED (default)
2020-12-08 02:18:40,944 [Listener at 127.0.0.1/40701] INFO  server.RaftServerConfigKeys (ConfUtils.java:logGet(44)) - raft.server.storage.dir = [/github/workspace/mnt/ozone/hadoop-ozone/integration-test/target/test-dir/MiniOzoneClusterImpl-c7e5300f-f3f2-48d9-ae25-3e63411fd680/datanode-8/data/ratis] (custom)
2020-12-08 02:18:40,948 [Listener at 127.0.0.1/40701] INFO  http.BaseHttpServer (BaseHttpServer.java:newHttpServer2BuilderForOzone(207)) - Starting Web-server for hddsDatanode at: http://0.0.0.0:0
2020-12-08 02:18:40,948 [Listener at 127.0.0.1/40701] INFO  http.BaseHttpServer (BaseHttpServer.java:<init>(106)) - Hadoop Security Enabled: false Ozone Security Enabled: false Ozone HTTP Security Enabled: false 
2020-12-08 02:18:40,949 [Listener at 127.0.0.1/40701] INFO  server.AuthenticationFilter (AuthenticationFilter.java:constructSecretProvider(240)) - Unable to initialize FileSignerSecretProvider, falling back to use random secrets.
2020-12-08 02:18:40,950 [Listener at 127.0.0.1/40701] WARN  http.HttpRequestLog (HttpRequestLog.java:getRequestLog(103)) - Jetty request log can only be enabled using Log4j
2020-12-08 02:18:40,950 [Listener at 127.0.0.1/40701] INFO  http.HttpServer2 (HttpServer2.java:addGlobalFilter(1019)) - Added global filter 'safety' (class=org.apache.hadoop.hdds.server.http.HttpServer2$QuotingInputFilter)
2020-12-08 02:18:40,951 [Listener at 127.0.0.1/40701] INFO  http.HttpServer2 (HttpServer2.java:addFilter(995)) - Added filter static_user_filter (class=org.apache.hadoop.http.lib.StaticUserWebFilter$StaticUserFilter) to context hddsDatanode
2020-12-08 02:18:40,951 [Listener at 127.0.0.1/40701] INFO  http.HttpServer2 (HttpServer2.java:addFilter(1003)) - Added filter static_user_filter (class=org.apache.hadoop.http.lib.StaticUserWebFilter$StaticUserFilter) to context static
2020-12-08 02:18:40,951 [Listener at 127.0.0.1/40701] INFO  http.HttpServer2 (HttpServer2.java:addFilter(1003)) - Added filter static_user_filter (class=org.apache.hadoop.http.lib.StaticUserWebFilter$StaticUserFilter) to context logs
2020-12-08 02:18:40,951 [Listener at 127.0.0.1/40701] INFO  http.HttpServer2 (HttpServer2.java:bindListener(1237)) - Jetty bound to port 42433
2020-12-08 02:18:40,951 [Listener at 127.0.0.1/40701] INFO  server.Server (Server.java:doStart(375)) - jetty-9.4.34.v20201102; built: 2020-11-02T14:15:39.302Z; git: e46af88704a893fc12cb0e3bf46e2c7b48a009e7; jvm 1.8.0_232-b09
2020-12-08 02:18:40,953 [Listener at 127.0.0.1/40701] INFO  server.session (DefaultSessionIdManager.java:doStart(334)) - DefaultSessionIdManager workerName=node0
2020-12-08 02:18:40,953 [Listener at 127.0.0.1/40701] INFO  server.session (DefaultSessionIdManager.java:doStart(339)) - No SessionScavenger set, using defaults
2020-12-08 02:18:40,953 [Listener at 127.0.0.1/40701] INFO  server.session (HouseKeeper.java:startScavenging(132)) - node0 Scavenging every 600000ms
2020-12-08 02:18:40,954 [Listener at 127.0.0.1/40701] INFO  handler.ContextHandler (ContextHandler.java:doStart(916)) - Started o.e.j.s.ServletContextHandler@2acacb1{logs,/logs,file:///github/workspace/mnt/ozone/hadoop-ozone/integration-test/target/log,AVAILABLE}
2020-12-08 02:18:40,954 [Listener at 127.0.0.1/40701] INFO  handler.ContextHandler (ContextHandler.java:doStart(916)) - Started o.e.j.s.ServletContextHandler@752114f1{static,/static,jar:file:/home/user/.m2/repository/org/apache/hadoop/hadoop-hdds-container-service/1.1.0-SNAPSHOT/hadoop-hdds-container-service-1.1.0-SNAPSHOT.jar!/webapps/static,AVAILABLE}
2020-12-08 02:18:41,106 [Listener at 127.0.0.1/40701] INFO  handler.ContextHandler (ContextHandler.java:doStart(916)) - Started o.e.j.w.WebAppContext@c421318{hddsDatanode,/,file:///tmp/jetty-0_0_0_0-42433-hadoop-hdds-container-service-1_1_0-SNAPSHOT_jar-_-any-7140109216914409874/webapp/,AVAILABLE}{jar:file:/home/user/.m2/repository/org/apache/hadoop/hadoop-hdds-container-service/1.1.0-SNAPSHOT/hadoop-hdds-container-service-1.1.0-SNAPSHOT.jar!/webapps/hddsDatanode}
2020-12-08 02:18:41,108 [Listener at 127.0.0.1/40701] INFO  server.AbstractConnector (AbstractConnector.java:doStart(331)) - Started ServerConnector@db52bc4{HTTP/1.1, (http/1.1)}{0.0.0.0:42433}
2020-12-08 02:18:41,108 [Listener at 127.0.0.1/40701] INFO  server.Server (Server.java:doStart(415)) - Started @140305ms
2020-12-08 02:18:41,108 [Listener at 127.0.0.1/40701] WARN  impl.MetricsSystemImpl (MetricsSystemImpl.java:register(276)) - Sink prometheus already exists!
2020-12-08 02:18:41,112 [Listener at 127.0.0.1/40701] INFO  http.BaseHttpServer (BaseHttpServer.java:updateConnectorAddress(327)) - HTTP server of hddsDatanode listening at http://0.0.0.0:42433
2020-12-08 02:18:41,118 [Listener at 127.0.0.1/40701] INFO  ozone.MiniOzoneClusterImpl (MiniOzoneClusterImpl.java:lambda$waitForClusterToBeReady$0(178)) - Waiting for nodes to be ready. Got 0 of 9 DN Heartbeats.
2020-12-08 02:18:41,118 [Listener at 127.0.0.1/40701] INFO  ozone.MiniOzoneClusterImpl (MiniOzoneClusterImpl.java:lambda$waitForClusterToBeReady$0(181)) - Waiting for cluster to exit safe mode
2020-12-08 02:18:41,119 [org.apache.hadoop.util.JvmPauseMonitor$Monitor@c9102e2] INFO  util.JvmPauseMonitor (JvmPauseMonitor.java:run(188)) - Starting JVM pause monitor
2020-12-08 02:18:41,120 [Datanode State Machine Task Thread - 0] INFO  datanode.InitDatanodeState (InitDatanodeState.java:persistContainerDatanodeDetails(145)) - DatanodeDetails is persisted to /github/workspace/mnt/ozone/hadoop-ozone/integration-test/target/test-dir/MiniOzoneClusterImpl-c7e5300f-f3f2-48d9-ae25-3e63411fd680/datanode-8/meta/datanode.id
2020-12-08 02:18:41,443 [EndpointStateMachine task thread for /0.0.0.0:45053 - 0 ] INFO  ozoneimpl.OzoneContainer (OzoneContainer.java:start(243)) - Attempting to start container services.
2020-12-08 02:18:41,443 [EndpointStateMachine task thread for /0.0.0.0:45053 - 0 ] INFO  ozoneimpl.OzoneContainer (OzoneContainer.java:startContainerScrub(207)) - Background container scanner has been disabled.
2020-12-08 02:18:41,443 [EndpointStateMachine task thread for /0.0.0.0:45053 - 0 ] INFO  ratis.XceiverServerRatis (XceiverServerRatis.java:start(456)) - Starting XceiverServerRatis dfa92053-6d36-469c-b0e7-d151100efb82 at port 0
2020-12-08 02:18:41,443 [EndpointStateMachine task thread for /0.0.0.0:45053 - 0 ] INFO  impl.RaftServerProxy (RaftServerProxy.java:lambda$start$3(321)) - dfa92053-6d36-469c-b0e7-d151100efb82: start RPC server
2020-12-08 02:18:41,444 [EndpointStateMachine task thread for /0.0.0.0:45053 - 0 ] INFO  server.GrpcService (GrpcService.java:startImpl(177)) - dfa92053-6d36-469c-b0e7-d151100efb82: GrpcService started, listening on 0.0.0.0/0.0.0.0:42811
2020-12-08 02:18:41,444 [EndpointStateMachine task thread for /0.0.0.0:45053 - 0 ] INFO  ratis.XceiverServerRatis (XceiverServerRatis.java:start(468)) - XceiverServerRatis dfa92053-6d36-469c-b0e7-d151100efb82 is started using port 42811
2020-12-08 02:18:41,446 [EndpointStateMachine task thread for /0.0.0.0:45053 - 0 ] INFO  server.XceiverServerGrpc (XceiverServerGrpc.java:start(145)) - XceiverServerGrpc dfa92053-6d36-469c-b0e7-d151100efb82 is started using port 39223
2020-12-08 02:18:41,446 [org.apache.ratis.server.JvmPauseMonitor@4e0f1d8d-Monitor] INFO  server.RaftServerConfigKeys (ConfUtils.java:logGet(44)) - raft.server.leaderelection.leader.step-down.wait-time = 10s (default)
2020-12-08 02:18:41,447 [org.apache.ratis.server.JvmPauseMonitor@4e0f1d8d-Monitor] INFO  server.RaftServerConfigKeys (ConfUtils.java:logGet(44)) - raft.server.rpc.slowness.timeout = 300000ms (custom)
2020-12-08 02:18:41,448 [org.apache.ratis.server.JvmPauseMonitor@4e0f1d8d-Monitor] INFO  server.JvmPauseMonitor (JvmPauseMonitor.java:run(129)) - Starting Ratis JVM pause monitor
2020-12-08 02:18:41,662 [EndpointStateMachine task thread for /0.0.0.0:45053 - 0 ] INFO  ozoneimpl.OzoneContainer (OzoneContainer.java:start(243)) - Attempting to start container services.
2020-12-08 02:18:41,662 [EndpointStateMachine task thread for /0.0.0.0:45053 - 0 ] INFO  ozoneimpl.OzoneContainer (OzoneContainer.java:startContainerScrub(207)) - Background container scanner has been disabled.
2020-12-08 02:18:41,662 [EndpointStateMachine task thread for /0.0.0.0:45053 - 0 ] INFO  ratis.XceiverServerRatis (XceiverServerRatis.java:start(456)) - Starting XceiverServerRatis 4e005ff2-b0a1-49c5-ae0b-0004e66f3274 at port 0
2020-12-08 02:18:41,663 [EndpointStateMachine task thread for /0.0.0.0:45053 - 0 ] INFO  impl.RaftServerProxy (RaftServerProxy.java:lambda$start$3(321)) - 4e005ff2-b0a1-49c5-ae0b-0004e66f3274: start RPC server
2020-12-08 02:18:41,664 [EndpointStateMachine task thread for /0.0.0.0:45053 - 0 ] INFO  server.GrpcService (GrpcService.java:startImpl(177)) - 4e005ff2-b0a1-49c5-ae0b-0004e66f3274: GrpcService started, listening on 0.0.0.0/0.0.0.0:37623
2020-12-08 02:18:41,664 [EndpointStateMachine task thread for /0.0.0.0:45053 - 0 ] INFO  ratis.XceiverServerRatis (XceiverServerRatis.java:start(468)) - XceiverServerRatis 4e005ff2-b0a1-49c5-ae0b-0004e66f3274 is started using port 37623
2020-12-08 02:18:41,664 [org.apache.ratis.server.JvmPauseMonitor@39b04523-Monitor] INFO  server.RaftServerConfigKeys (ConfUtils.java:logGet(44)) - raft.server.leaderelection.leader.step-down.wait-time = 10s (default)
2020-12-08 02:18:41,666 [org.apache.ratis.server.JvmPauseMonitor@39b04523-Monitor] INFO  server.RaftServerConfigKeys (ConfUtils.java:logGet(44)) - raft.server.rpc.slowness.timeout = 300000ms (custom)
2020-12-08 02:18:41,666 [org.apache.ratis.server.JvmPauseMonitor@39b04523-Monitor] INFO  server.JvmPauseMonitor (JvmPauseMonitor.java:run(129)) - Starting Ratis JVM pause monitor
2020-12-08 02:18:41,664 [EndpointStateMachine task thread for /0.0.0.0:45053 - 0 ] INFO  server.XceiverServerGrpc (XceiverServerGrpc.java:start(145)) - XceiverServerGrpc 4e005ff2-b0a1-49c5-ae0b-0004e66f3274 is started using port 42197
2020-12-08 02:18:41,881 [EndpointStateMachine task thread for /0.0.0.0:45053 - 0 ] INFO  ozoneimpl.OzoneContainer (OzoneContainer.java:start(243)) - Attempting to start container services.
2020-12-08 02:18:41,881 [EndpointStateMachine task thread for /0.0.0.0:45053 - 0 ] INFO  ozoneimpl.OzoneContainer (OzoneContainer.java:startContainerScrub(207)) - Background container scanner has been disabled.
2020-12-08 02:18:41,881 [EndpointStateMachine task thread for /0.0.0.0:45053 - 0 ] INFO  ratis.XceiverServerRatis (XceiverServerRatis.java:start(456)) - Starting XceiverServerRatis 0e1de31d-e867-4945-8f7b-16c35f8e70a9 at port 0
2020-12-08 02:18:41,882 [EndpointStateMachine task thread for /0.0.0.0:45053 - 0 ] INFO  impl.RaftServerProxy (RaftServerProxy.java:lambda$start$3(321)) - 0e1de31d-e867-4945-8f7b-16c35f8e70a9: start RPC server
2020-12-08 02:18:41,882 [EndpointStateMachine task thread for /0.0.0.0:45053 - 0 ] INFO  server.GrpcService (GrpcService.java:startImpl(177)) - 0e1de31d-e867-4945-8f7b-16c35f8e70a9: GrpcService started, listening on 0.0.0.0/0.0.0.0:36897
2020-12-08 02:18:41,883 [EndpointStateMachine task thread for /0.0.0.0:45053 - 0 ] INFO  ratis.XceiverServerRatis (XceiverServerRatis.java:start(468)) - XceiverServerRatis 0e1de31d-e867-4945-8f7b-16c35f8e70a9 is started using port 36897
2020-12-08 02:18:41,883 [org.apache.ratis.server.JvmPauseMonitor@1f8ba3c2-Monitor] INFO  server.RaftServerConfigKeys (ConfUtils.java:logGet(44)) - raft.server.leaderelection.leader.step-down.wait-time = 10s (default)
2020-12-08 02:18:41,883 [org.apache.ratis.server.JvmPauseMonitor@1f8ba3c2-Monitor] INFO  server.RaftServerConfigKeys (ConfUtils.java:logGet(44)) - raft.server.rpc.slowness.timeout = 300000ms (custom)
2020-12-08 02:18:41,883 [org.apache.ratis.server.JvmPauseMonitor@1f8ba3c2-Monitor] INFO  server.JvmPauseMonitor (JvmPauseMonitor.java:run(129)) - Starting Ratis JVM pause monitor
2020-12-08 02:18:41,883 [EndpointStateMachine task thread for /0.0.0.0:45053 - 0 ] INFO  server.XceiverServerGrpc (XceiverServerGrpc.java:start(145)) - XceiverServerGrpc 0e1de31d-e867-4945-8f7b-16c35f8e70a9 is started using port 33329
2020-12-08 02:18:42,077 [EndpointStateMachine task thread for /0.0.0.0:45053 - 0 ] INFO  ozoneimpl.OzoneContainer (OzoneContainer.java:start(243)) - Attempting to start container services.
2020-12-08 02:18:42,078 [EndpointStateMachine task thread for /0.0.0.0:45053 - 0 ] INFO  ozoneimpl.OzoneContainer (OzoneContainer.java:startContainerScrub(207)) - Background container scanner has been disabled.
2020-12-08 02:18:42,078 [EndpointStateMachine task thread for /0.0.0.0:45053 - 0 ] INFO  ratis.XceiverServerRatis (XceiverServerRatis.java:start(456)) - Starting XceiverServerRatis 8a6e4045-11b4-4c02-b30b-59b4d0471a8a at port 0
2020-12-08 02:18:42,081 [EndpointStateMachine task thread for /0.0.0.0:45053 - 0 ] INFO  impl.RaftServerProxy (RaftServerProxy.java:lambda$start$3(321)) - 8a6e4045-11b4-4c02-b30b-59b4d0471a8a: start RPC server
2020-12-08 02:18:42,082 [EndpointStateMachine task thread for /0.0.0.0:45053 - 0 ] INFO  server.GrpcService (GrpcService.java:startImpl(177)) - 8a6e4045-11b4-4c02-b30b-59b4d0471a8a: GrpcService started, listening on 0.0.0.0/0.0.0.0:41653
2020-12-08 02:18:42,082 [EndpointStateMachine task thread for /0.0.0.0:45053 - 0 ] INFO  ratis.XceiverServerRatis (XceiverServerRatis.java:start(468)) - XceiverServerRatis 8a6e4045-11b4-4c02-b30b-59b4d0471a8a is started using port 41653
2020-12-08 02:18:42,082 [org.apache.ratis.server.JvmPauseMonitor@680ec5a0-Monitor] INFO  server.RaftServerConfigKeys (ConfUtils.java:logGet(44)) - raft.server.leaderelection.leader.step-down.wait-time = 10s (default)
2020-12-08 02:18:42,083 [org.apache.ratis.server.JvmPauseMonitor@680ec5a0-Monitor] INFO  server.RaftServerConfigKeys (ConfUtils.java:logGet(44)) - raft.server.rpc.slowness.timeout = 300000ms (custom)
2020-12-08 02:18:42,083 [org.apache.ratis.server.JvmPauseMonitor@680ec5a0-Monitor] INFO  server.JvmPauseMonitor (JvmPauseMonitor.java:run(129)) - Starting Ratis JVM pause monitor
2020-12-08 02:18:42,084 [EndpointStateMachine task thread for /0.0.0.0:45053 - 0 ] INFO  server.XceiverServerGrpc (XceiverServerGrpc.java:start(145)) - XceiverServerGrpc 8a6e4045-11b4-4c02-b30b-59b4d0471a8a is started using port 45203
2020-12-08 02:18:42,118 [Listener at 127.0.0.1/40701] INFO  ozone.MiniOzoneClusterImpl (MiniOzoneClusterImpl.java:lambda$waitForClusterToBeReady$0(178)) - Waiting for nodes to be ready. Got 0 of 9 DN Heartbeats.
2020-12-08 02:18:42,119 [Listener at 127.0.0.1/40701] INFO  ozone.MiniOzoneClusterImpl (MiniOzoneClusterImpl.java:lambda$waitForClusterToBeReady$0(181)) - Waiting for cluster to exit safe mode
2020-12-08 02:18:42,296 [EndpointStateMachine task thread for /0.0.0.0:45053 - 0 ] INFO  ozoneimpl.OzoneContainer (OzoneContainer.java:start(243)) - Attempting to start container services.
2020-12-08 02:18:42,296 [EndpointStateMachine task thread for /0.0.0.0:45053 - 0 ] INFO  ozoneimpl.OzoneContainer (OzoneContainer.java:startContainerScrub(207)) - Background container scanner has been disabled.
2020-12-08 02:18:42,296 [EndpointStateMachine task thread for /0.0.0.0:45053 - 0 ] INFO  ratis.XceiverServerRatis (XceiverServerRatis.java:start(456)) - Starting XceiverServerRatis bef787c3-a919-4f9b-887c-fdb68b2678bc at port 0
2020-12-08 02:18:42,302 [EndpointStateMachine task thread for /0.0.0.0:45053 - 0 ] INFO  impl.RaftServerProxy (RaftServerProxy.java:lambda$start$3(321)) - bef787c3-a919-4f9b-887c-fdb68b2678bc: start RPC server
2020-12-08 02:18:42,303 [EndpointStateMachine task thread for /0.0.0.0:45053 - 0 ] INFO  server.GrpcService (GrpcService.java:startImpl(177)) - bef787c3-a919-4f9b-887c-fdb68b2678bc: GrpcService started, listening on 0.0.0.0/0.0.0.0:36967
2020-12-08 02:18:42,303 [EndpointStateMachine task thread for /0.0.0.0:45053 - 0 ] INFO  ratis.XceiverServerRatis (XceiverServerRatis.java:start(468)) - XceiverServerRatis bef787c3-a919-4f9b-887c-fdb68b2678bc is started using port 36967
2020-12-08 02:18:42,304 [org.apache.ratis.server.JvmPauseMonitor@a2e313e-Monitor] INFO  server.RaftServerConfigKeys (ConfUtils.java:logGet(44)) - raft.server.leaderelection.leader.step-down.wait-time = 10s (default)
2020-12-08 02:18:42,304 [org.apache.ratis.server.JvmPauseMonitor@a2e313e-Monitor] INFO  server.RaftServerConfigKeys (ConfUtils.java:logGet(44)) - raft.server.rpc.slowness.timeout = 300000ms (custom)
2020-12-08 02:18:42,304 [org.apache.ratis.server.JvmPauseMonitor@a2e313e-Monitor] INFO  server.JvmPauseMonitor (JvmPauseMonitor.java:run(129)) - Starting Ratis JVM pause monitor
2020-12-08 02:18:42,304 [EndpointStateMachine task thread for /0.0.0.0:45053 - 0 ] INFO  server.XceiverServerGrpc (XceiverServerGrpc.java:start(145)) - XceiverServerGrpc bef787c3-a919-4f9b-887c-fdb68b2678bc is started using port 46331
2020-12-08 02:18:42,508 [EndpointStateMachine task thread for /0.0.0.0:45053 - 0 ] INFO  ozoneimpl.OzoneContainer (OzoneContainer.java:start(243)) - Attempting to start container services.
2020-12-08 02:18:42,508 [EndpointStateMachine task thread for /0.0.0.0:45053 - 0 ] INFO  ozoneimpl.OzoneContainer (OzoneContainer.java:startContainerScrub(207)) - Background container scanner has been disabled.
2020-12-08 02:18:42,508 [EndpointStateMachine task thread for /0.0.0.0:45053 - 0 ] INFO  ratis.XceiverServerRatis (XceiverServerRatis.java:start(456)) - Starting XceiverServerRatis e6ce4bfb-70cc-4dab-829a-840fddc24c05 at port 0
2020-12-08 02:18:42,512 [EndpointStateMachine task thread for /0.0.0.0:45053 - 0 ] INFO  impl.RaftServerProxy (RaftServerProxy.java:lambda$start$3(321)) - e6ce4bfb-70cc-4dab-829a-840fddc24c05: start RPC server
2020-12-08 02:18:42,512 [EndpointStateMachine task thread for /0.0.0.0:45053 - 0 ] INFO  server.GrpcService (GrpcService.java:startImpl(177)) - e6ce4bfb-70cc-4dab-829a-840fddc24c05: GrpcService started, listening on 0.0.0.0/0.0.0.0:45869
2020-12-08 02:18:42,513 [EndpointStateMachine task thread for /0.0.0.0:45053 - 0 ] INFO  ratis.XceiverServerRatis (XceiverServerRatis.java:start(468)) - XceiverServerRatis e6ce4bfb-70cc-4dab-829a-840fddc24c05 is started using port 45869
2020-12-08 02:18:42,514 [org.apache.ratis.server.JvmPauseMonitor@4bd5b5da-Monitor] INFO  server.RaftServerConfigKeys (ConfUtils.java:logGet(44)) - raft.server.leaderelection.leader.step-down.wait-time = 10s (default)
2020-12-08 02:18:42,514 [EndpointStateMachine task thread for /0.0.0.0:45053 - 0 ] INFO  server.XceiverServerGrpc (XceiverServerGrpc.java:start(145)) - XceiverServerGrpc e6ce4bfb-70cc-4dab-829a-840fddc24c05 is started using port 45245
2020-12-08 02:18:42,514 [org.apache.ratis.server.JvmPauseMonitor@4bd5b5da-Monitor] INFO  server.RaftServerConfigKeys (ConfUtils.java:logGet(44)) - raft.server.rpc.slowness.timeout = 300000ms (custom)
2020-12-08 02:18:42,514 [org.apache.ratis.server.JvmPauseMonitor@4bd5b5da-Monitor] INFO  server.JvmPauseMonitor (JvmPauseMonitor.java:run(129)) - Starting Ratis JVM pause monitor
2020-12-08 02:18:42,709 [EndpointStateMachine task thread for /0.0.0.0:45053 - 0 ] INFO  ozoneimpl.OzoneContainer (OzoneContainer.java:start(243)) - Attempting to start container services.
2020-12-08 02:18:42,709 [EndpointStateMachine task thread for /0.0.0.0:45053 - 0 ] INFO  ozoneimpl.OzoneContainer (OzoneContainer.java:startContainerScrub(207)) - Background container scanner has been disabled.
2020-12-08 02:18:42,709 [EndpointStateMachine task thread for /0.0.0.0:45053 - 0 ] INFO  ratis.XceiverServerRatis (XceiverServerRatis.java:start(456)) - Starting XceiverServerRatis 66346d6a-4140-4d92-b7fe-10723d1ff793 at port 0
2020-12-08 02:18:42,710 [EndpointStateMachine task thread for /0.0.0.0:45053 - 0 ] INFO  impl.RaftServerProxy (RaftServerProxy.java:lambda$start$3(321)) - 66346d6a-4140-4d92-b7fe-10723d1ff793: start RPC server
2020-12-08 02:18:42,710 [EndpointStateMachine task thread for /0.0.0.0:45053 - 0 ] INFO  server.GrpcService (GrpcService.java:startImpl(177)) - 66346d6a-4140-4d92-b7fe-10723d1ff793: GrpcService started, listening on 0.0.0.0/0.0.0.0:45391
2020-12-08 02:18:42,710 [EndpointStateMachine task thread for /0.0.0.0:45053 - 0 ] INFO  ratis.XceiverServerRatis (XceiverServerRatis.java:start(468)) - XceiverServerRatis 66346d6a-4140-4d92-b7fe-10723d1ff793 is started using port 45391
2020-12-08 02:18:42,711 [org.apache.ratis.server.JvmPauseMonitor@5c5347f6-Monitor] INFO  server.RaftServerConfigKeys (ConfUtils.java:logGet(44)) - raft.server.leaderelection.leader.step-down.wait-time = 10s (default)
2020-12-08 02:18:42,711 [org.apache.ratis.server.JvmPauseMonitor@5c5347f6-Monitor] INFO  server.RaftServerConfigKeys (ConfUtils.java:logGet(44)) - raft.server.rpc.slowness.timeout = 300000ms (custom)
2020-12-08 02:18:42,711 [org.apache.ratis.server.JvmPauseMonitor@5c5347f6-Monitor] INFO  server.JvmPauseMonitor (JvmPauseMonitor.java:run(129)) - Starting Ratis JVM pause monitor
2020-12-08 02:18:42,711 [EndpointStateMachine task thread for /0.0.0.0:45053 - 0 ] INFO  server.XceiverServerGrpc (XceiverServerGrpc.java:start(145)) - XceiverServerGrpc 66346d6a-4140-4d92-b7fe-10723d1ff793 is started using port 40463
2020-12-08 02:18:42,930 [EndpointStateMachine task thread for /0.0.0.0:45053 - 0 ] INFO  ozoneimpl.OzoneContainer (OzoneContainer.java:start(243)) - Attempting to start container services.
2020-12-08 02:18:42,930 [EndpointStateMachine task thread for /0.0.0.0:45053 - 0 ] INFO  ozoneimpl.OzoneContainer (OzoneContainer.java:startContainerScrub(207)) - Background container scanner has been disabled.
2020-12-08 02:18:42,930 [EndpointStateMachine task thread for /0.0.0.0:45053 - 0 ] INFO  ratis.XceiverServerRatis (XceiverServerRatis.java:start(456)) - Starting XceiverServerRatis 605841cf-842d-40a4-b286-0dc4c4c02111 at port 0
2020-12-08 02:18:42,931 [EndpointStateMachine task thread for /0.0.0.0:45053 - 0 ] INFO  impl.RaftServerProxy (RaftServerProxy.java:lambda$start$3(321)) - 605841cf-842d-40a4-b286-0dc4c4c02111: start RPC server
2020-12-08 02:18:42,932 [EndpointStateMachine task thread for /0.0.0.0:45053 - 0 ] INFO  server.GrpcService (GrpcService.java:startImpl(177)) - 605841cf-842d-40a4-b286-0dc4c4c02111: GrpcService started, listening on 0.0.0.0/0.0.0.0:33255
2020-12-08 02:18:42,932 [EndpointStateMachine task thread for /0.0.0.0:45053 - 0 ] INFO  ratis.XceiverServerRatis (XceiverServerRatis.java:start(468)) - XceiverServerRatis 605841cf-842d-40a4-b286-0dc4c4c02111 is started using port 33255
2020-12-08 02:18:42,932 [org.apache.ratis.server.JvmPauseMonitor@6570c080-Monitor] INFO  server.RaftServerConfigKeys (ConfUtils.java:logGet(44)) - raft.server.leaderelection.leader.step-down.wait-time = 10s (default)
2020-12-08 02:18:42,932 [EndpointStateMachine task thread for /0.0.0.0:45053 - 0 ] INFO  server.XceiverServerGrpc (XceiverServerGrpc.java:start(145)) - XceiverServerGrpc 605841cf-842d-40a4-b286-0dc4c4c02111 is started using port 43891
2020-12-08 02:18:42,933 [org.apache.ratis.server.JvmPauseMonitor@6570c080-Monitor] INFO  server.RaftServerConfigKeys (ConfUtils.java:logGet(44)) - raft.server.rpc.slowness.timeout = 300000ms (custom)
2020-12-08 02:18:42,933 [org.apache.ratis.server.JvmPauseMonitor@6570c080-Monitor] INFO  server.JvmPauseMonitor (JvmPauseMonitor.java:run(129)) - Starting Ratis JVM pause monitor
2020-12-08 02:18:43,119 [Listener at 127.0.0.1/40701] INFO  ozone.MiniOzoneClusterImpl (MiniOzoneClusterImpl.java:lambda$waitForClusterToBeReady$0(178)) - Waiting for nodes to be ready. Got 0 of 9 DN Heartbeats.
2020-12-08 02:18:43,119 [Listener at 127.0.0.1/40701] INFO  ozone.MiniOzoneClusterImpl (MiniOzoneClusterImpl.java:lambda$waitForClusterToBeReady$0(181)) - Waiting for cluster to exit safe mode
2020-12-08 02:18:43,124 [EndpointStateMachine task thread for /0.0.0.0:45053 - 0 ] INFO  ozoneimpl.OzoneContainer (OzoneContainer.java:start(243)) - Attempting to start container services.
2020-12-08 02:18:43,124 [EndpointStateMachine task thread for /0.0.0.0:45053 - 0 ] INFO  ozoneimpl.OzoneContainer (OzoneContainer.java:startContainerScrub(207)) - Background container scanner has been disabled.
2020-12-08 02:18:43,124 [EndpointStateMachine task thread for /0.0.0.0:45053 - 0 ] INFO  ratis.XceiverServerRatis (XceiverServerRatis.java:start(456)) - Starting XceiverServerRatis c88aba9b-104c-49ca-9c62-2596b924fb37 at port 0
2020-12-08 02:18:43,125 [EndpointStateMachine task thread for /0.0.0.0:45053 - 0 ] INFO  impl.RaftServerProxy (RaftServerProxy.java:lambda$start$3(321)) - c88aba9b-104c-49ca-9c62-2596b924fb37: start RPC server
2020-12-08 02:18:43,126 [EndpointStateMachine task thread for /0.0.0.0:45053 - 0 ] INFO  server.GrpcService (GrpcService.java:startImpl(177)) - c88aba9b-104c-49ca-9c62-2596b924fb37: GrpcService started, listening on 0.0.0.0/0.0.0.0:45221
2020-12-08 02:18:43,126 [EndpointStateMachine task thread for /0.0.0.0:45053 - 0 ] INFO  ratis.XceiverServerRatis (XceiverServerRatis.java:start(468)) - XceiverServerRatis c88aba9b-104c-49ca-9c62-2596b924fb37 is started using port 45221
2020-12-08 02:18:43,128 [org.apache.ratis.server.JvmPauseMonitor@5a8aeb4-Monitor] INFO  server.RaftServerConfigKeys (ConfUtils.java:logGet(44)) - raft.server.leaderelection.leader.step-down.wait-time = 10s (default)
2020-12-08 02:18:43,128 [org.apache.ratis.server.JvmPauseMonitor@5a8aeb4-Monitor] INFO  server.RaftServerConfigKeys (ConfUtils.java:logGet(44)) - raft.server.rpc.slowness.timeout = 300000ms (custom)
2020-12-08 02:18:43,128 [org.apache.ratis.server.JvmPauseMonitor@5a8aeb4-Monitor] INFO  server.JvmPauseMonitor (JvmPauseMonitor.java:run(129)) - Starting Ratis JVM pause monitor
2020-12-08 02:18:43,128 [EndpointStateMachine task thread for /0.0.0.0:45053 - 0 ] INFO  server.XceiverServerGrpc (XceiverServerGrpc.java:start(145)) - XceiverServerGrpc c88aba9b-104c-49ca-9c62-2596b924fb37 is started using port 44219
2020-12-08 02:18:43,434 [IPC Server handler 1 on default port 45053] INFO  net.NetworkTopologyImpl (NetworkTopologyImpl.java:add(111)) - Added a new node: /default-rack/dfa92053-6d36-469c-b0e7-d151100efb82
2020-12-08 02:18:43,436 [IPC Server handler 1 on default port 45053] INFO  node.SCMNodeManager (SCMNodeManager.java:register(341)) - Registered Data node : dfa92053-6d36-469c-b0e7-d151100efb82{ip: 172.17.0.2, host: 11cef1ca5a88, networkLocation: /default-rack, certSerialId: null, persistedOpState: IN_SERVICE, persistedOpStateExpiryEpochSec: 0}
2020-12-08 02:18:43,436 [RatisPipelineUtilsThread] INFO  pipeline.RatisPipelineProvider (RatisPipelineProvider.java:lambda$create$0(161)) - Sending CreatePipelineCommand for pipeline:PipelineID=7e8222e2-90dd-4cb2-933c-f109ba2fd34a to datanode:dfa92053-6d36-469c-b0e7-d151100efb82
2020-12-08 02:18:43,437 [EventQueue-NodeRegistrationContainerReportForDataNodeSafeModeRule] INFO  safemode.SCMSafeModeManager (DataNodeSafeModeRule.java:process(71)) - SCM in safe mode. 1 DataNodes registered, 1 required.
2020-12-08 02:18:43,437 [EventQueue-NodeRegistrationContainerReportForDataNodeSafeModeRule] INFO  safemode.SCMSafeModeManager (SCMSafeModeManager.java:validateSafeModeExitRules(214)) - DataNodeSafeModeRule rule is successfully validated
2020-12-08 02:18:43,437 [EventQueue-NodeRegistrationContainerReportForDataNodeSafeModeRule] INFO  safemode.SCMSafeModeManager (SCMSafeModeManager.java:completePreCheck(242)) - All SCM safe mode pre check rules have passed
2020-12-08 02:18:43,438 [RatisPipelineUtilsThread] INFO  pipeline.PipelineStateManager (PipelineStateManager.java:addPipeline(54)) - Created pipeline Pipeline[ Id: 7e8222e2-90dd-4cb2-933c-f109ba2fd34a, Nodes: dfa92053-6d36-469c-b0e7-d151100efb82{ip: 172.17.0.2, host: 11cef1ca5a88, networkLocation: /default-rack, certSerialId: null, persistedOpState: IN_SERVICE, persistedOpStateExpiryEpochSec: 0}, Type:RATIS, Factor:ONE, State:ALLOCATED, leaderId:, CreationTimestamp2020-12-08T02:18:43.436Z]
2020-12-08 02:18:43,439 [RatisPipelineUtilsThread] WARN  pipeline.PipelinePlacementPolicy (PipelinePlacementPolicy.java:filterViableNodes(139)) - Pipeline creation failed due to no sufficient healthy datanodes. Required 3. Found 1.
2020-12-08 02:18:43,440 [EventQueue-NodeRegistrationContainerReportForContainerSafeModeRule] INFO  safemode.SCMSafeModeManager (SCMSafeModeManager.java:validateSafeModeExitRules(214)) - ContainerSafeModeRule rule is successfully validated
2020-12-08 02:18:43,441 [EventQueue-PipelineReportForOneReplicaPipelineSafeModeRule] INFO  safemode.SCMSafeModeManager (SCMSafeModeManager.java:validateSafeModeExitRules(214)) - AtleastOneDatanodeReportedRule rule is successfully validated
2020-12-08 02:18:43,658 [IPC Server handler 3 on default port 45053] INFO  net.NetworkTopologyImpl (NetworkTopologyImpl.java:add(111)) - Added a new node: /default-rack/4e005ff2-b0a1-49c5-ae0b-0004e66f3274
2020-12-08 02:18:43,659 [IPC Server handler 3 on default port 45053] INFO  node.SCMNodeManager (SCMNodeManager.java:register(341)) - Registered Data node : 4e005ff2-b0a1-49c5-ae0b-0004e66f3274{ip: 172.17.0.2, host: 11cef1ca5a88, networkLocation: /default-rack, certSerialId: null, persistedOpState: IN_SERVICE, persistedOpStateExpiryEpochSec: 0}
2020-12-08 02:18:43,659 [EventQueue-NodeRegistrationContainerReportForDataNodeSafeModeRule] INFO  safemode.SCMSafeModeManager (SCMSafeModeManager.java:validateSafeModeExitRules(214)) - DataNodeSafeModeRule rule is successfully validated
2020-12-08 02:18:43,659 [EventQueue-NodeRegistrationContainerReportForContainerSafeModeRule] INFO  safemode.SCMSafeModeManager (SCMSafeModeManager.java:validateSafeModeExitRules(214)) - ContainerSafeModeRule rule is successfully validated
2020-12-08 02:18:43,659 [EventQueue-PipelineReportForOneReplicaPipelineSafeModeRule] INFO  safemode.SCMSafeModeManager (SCMSafeModeManager.java:validateSafeModeExitRules(214)) - AtleastOneDatanodeReportedRule rule is successfully validated
2020-12-08 02:18:43,660 [RatisPipelineUtilsThread] INFO  pipeline.RatisPipelineProvider (RatisPipelineProvider.java:lambda$create$0(161)) - Sending CreatePipelineCommand for pipeline:PipelineID=843bdb48-87af-4c6e-b8ba-2e615d348faa to datanode:4e005ff2-b0a1-49c5-ae0b-0004e66f3274
2020-12-08 02:18:43,660 [RatisPipelineUtilsThread] INFO  pipeline.PipelineStateManager (PipelineStateManager.java:addPipeline(54)) - Created pipeline Pipeline[ Id: 843bdb48-87af-4c6e-b8ba-2e615d348faa, Nodes: 4e005ff2-b0a1-49c5-ae0b-0004e66f3274{ip: 172.17.0.2, host: 11cef1ca5a88, networkLocation: /default-rack, certSerialId: null, persistedOpState: IN_SERVICE, persistedOpStateExpiryEpochSec: 0}, Type:RATIS, Factor:ONE, State:ALLOCATED, leaderId:, CreationTimestamp2020-12-08T02:18:43.660Z]
2020-12-08 02:18:43,660 [RatisPipelineUtilsThread] WARN  pipeline.PipelinePlacementPolicy (PipelinePlacementPolicy.java:filterViableNodes(139)) - Pipeline creation failed due to no sufficient healthy datanodes. Required 3. Found 2.
2020-12-08 02:18:43,879 [IPC Server handler 4 on default port 45053] INFO  net.NetworkTopologyImpl (NetworkTopologyImpl.java:add(111)) - Added a new node: /default-rack/0e1de31d-e867-4945-8f7b-16c35f8e70a9
2020-12-08 02:18:43,879 [IPC Server handler 4 on default port 45053] INFO  node.SCMNodeManager (SCMNodeManager.java:register(341)) - Registered Data node : 0e1de31d-e867-4945-8f7b-16c35f8e70a9{ip: 172.17.0.2, host: 11cef1ca5a88, networkLocation: /default-rack, certSerialId: null, persistedOpState: IN_SERVICE, persistedOpStateExpiryEpochSec: 0}
2020-12-08 02:18:43,879 [EventQueue-PipelineReportForOneReplicaPipelineSafeModeRule] INFO  safemode.SCMSafeModeManager (SCMSafeModeManager.java:validateSafeModeExitRules(214)) - AtleastOneDatanodeReportedRule rule is successfully validated
2020-12-08 02:18:43,879 [EventQueue-NodeRegistrationContainerReportForContainerSafeModeRule] INFO  safemode.SCMSafeModeManager (SCMSafeModeManager.java:validateSafeModeExitRules(214)) - ContainerSafeModeRule rule is successfully validated
2020-12-08 02:18:43,880 [EventQueue-NodeRegistrationContainerReportForDataNodeSafeModeRule] INFO  safemode.SCMSafeModeManager (SCMSafeModeManager.java:validateSafeModeExitRules(214)) - DataNodeSafeModeRule rule is successfully validated
2020-12-08 02:18:43,880 [RatisPipelineUtilsThread] INFO  pipeline.RatisPipelineProvider (RatisPipelineProvider.java:lambda$create$0(161)) - Sending CreatePipelineCommand for pipeline:PipelineID=3272823c-2aab-4f9b-b8e8-2bf14c3d98db to datanode:0e1de31d-e867-4945-8f7b-16c35f8e70a9
2020-12-08 02:18:43,880 [RatisPipelineUtilsThread] INFO  pipeline.PipelineStateManager (PipelineStateManager.java:addPipeline(54)) - Created pipeline Pipeline[ Id: 3272823c-2aab-4f9b-b8e8-2bf14c3d98db, Nodes: 0e1de31d-e867-4945-8f7b-16c35f8e70a9{ip: 172.17.0.2, host: 11cef1ca5a88, networkLocation: /default-rack, certSerialId: null, persistedOpState: IN_SERVICE, persistedOpStateExpiryEpochSec: 0}, Type:RATIS, Factor:ONE, State:ALLOCATED, leaderId:, CreationTimestamp2020-12-08T02:18:43.880Z]
2020-12-08 02:18:43,880 [RatisPipelineUtilsThread] INFO  pipeline.RatisPipelineProvider (RatisPipelineProvider.java:lambda$create$0(161)) - Sending CreatePipelineCommand for pipeline:PipelineID=30c5d1af-a688-44e8-a255-e9578cd0babe to datanode:4e005ff2-b0a1-49c5-ae0b-0004e66f3274
2020-12-08 02:18:43,881 [RatisPipelineUtilsThread] INFO  pipeline.RatisPipelineProvider (RatisPipelineProvider.java:lambda$create$0(161)) - Sending CreatePipelineCommand for pipeline:PipelineID=30c5d1af-a688-44e8-a255-e9578cd0babe to datanode:dfa92053-6d36-469c-b0e7-d151100efb82
2020-12-08 02:18:43,881 [RatisPipelineUtilsThread] INFO  pipeline.RatisPipelineProvider (RatisPipelineProvider.java:lambda$create$0(161)) - Sending CreatePipelineCommand for pipeline:PipelineID=30c5d1af-a688-44e8-a255-e9578cd0babe to datanode:0e1de31d-e867-4945-8f7b-16c35f8e70a9
2020-12-08 02:18:43,881 [RatisPipelineUtilsThread] INFO  pipeline.PipelineStateManager (PipelineStateManager.java:addPipeline(54)) - Created pipeline Pipeline[ Id: 30c5d1af-a688-44e8-a255-e9578cd0babe, Nodes: 4e005ff2-b0a1-49c5-ae0b-0004e66f3274{ip: 172.17.0.2, host: 11cef1ca5a88, networkLocation: /default-rack, certSerialId: null, persistedOpState: IN_SERVICE, persistedOpStateExpiryEpochSec: 0}dfa92053-6d36-469c-b0e7-d151100efb82{ip: 172.17.0.2, host: 11cef1ca5a88, networkLocation: /default-rack, certSerialId: null, persistedOpState: IN_SERVICE, persistedOpStateExpiryEpochSec: 0}0e1de31d-e867-4945-8f7b-16c35f8e70a9{ip: 172.17.0.2, host: 11cef1ca5a88, networkLocation: /default-rack, certSerialId: null, persistedOpState: IN_SERVICE, persistedOpStateExpiryEpochSec: 0}, Type:RATIS, Factor:THREE, State:ALLOCATED, leaderId:, CreationTimestamp2020-12-08T02:18:43.880Z]
2020-12-08 02:18:44,075 [IPC Server handler 0 on default port 45053] INFO  net.NetworkTopologyImpl (NetworkTopologyImpl.java:add(111)) - Added a new node: /default-rack/8a6e4045-11b4-4c02-b30b-59b4d0471a8a
2020-12-08 02:18:44,076 [IPC Server handler 0 on default port 45053] INFO  node.SCMNodeManager (SCMNodeManager.java:register(341)) - Registered Data node : 8a6e4045-11b4-4c02-b30b-59b4d0471a8a{ip: 172.17.0.2, host: 11cef1ca5a88, networkLocation: /default-rack, certSerialId: null, persistedOpState: IN_SERVICE, persistedOpStateExpiryEpochSec: 0}
2020-12-08 02:18:44,076 [EventQueue-NodeRegistrationContainerReportForContainerSafeModeRule] INFO  safemode.SCMSafeModeManager (SCMSafeModeManager.java:validateSafeModeExitRules(214)) - ContainerSafeModeRule rule is successfully validated
2020-12-08 02:18:44,077 [EventQueue-PipelineReportForOneReplicaPipelineSafeModeRule] INFO  safemode.SCMSafeModeManager (SCMSafeModeManager.java:validateSafeModeExitRules(214)) - AtleastOneDatanodeReportedRule rule is successfully validated
2020-12-08 02:18:44,077 [EventQueue-NodeRegistrationContainerReportForDataNodeSafeModeRule] INFO  safemode.SCMSafeModeManager (SCMSafeModeManager.java:validateSafeModeExitRules(214)) - DataNodeSafeModeRule rule is successfully validated
2020-12-08 02:18:44,077 [RatisPipelineUtilsThread] INFO  pipeline.RatisPipelineProvider (RatisPipelineProvider.java:lambda$create$0(161)) - Sending CreatePipelineCommand for pipeline:PipelineID=612e32f5-aa10-482a-ad6d-602bdef1a831 to datanode:8a6e4045-11b4-4c02-b30b-59b4d0471a8a
2020-12-08 02:18:44,078 [RatisPipelineUtilsThread] INFO  pipeline.PipelineStateManager (PipelineStateManager.java:addPipeline(54)) - Created pipeline Pipeline[ Id: 612e32f5-aa10-482a-ad6d-602bdef1a831, Nodes: 8a6e4045-11b4-4c02-b30b-59b4d0471a8a{ip: 172.17.0.2, host: 11cef1ca5a88, networkLocation: /default-rack, certSerialId: null, persistedOpState: IN_SERVICE, persistedOpStateExpiryEpochSec: 0}, Type:RATIS, Factor:ONE, State:ALLOCATED, leaderId:, CreationTimestamp2020-12-08T02:18:44.077Z]
2020-12-08 02:18:44,119 [Listener at 127.0.0.1/40701] INFO  ozone.MiniOzoneClusterImpl (MiniOzoneClusterImpl.java:lambda$waitForClusterToBeReady$0(178)) - Waiting for nodes to be ready. Got 4 of 9 DN Heartbeats.
2020-12-08 02:18:44,120 [Listener at 127.0.0.1/40701] INFO  ozone.MiniOzoneClusterImpl (MiniOzoneClusterImpl.java:lambda$waitForClusterToBeReady$0(181)) - Waiting for cluster to exit safe mode
2020-12-08 02:18:44,295 [IPC Server handler 1 on default port 45053] INFO  net.NetworkTopologyImpl (NetworkTopologyImpl.java:add(111)) - Added a new node: /default-rack/bef787c3-a919-4f9b-887c-fdb68b2678bc
2020-12-08 02:18:44,295 [IPC Server handler 1 on default port 45053] INFO  node.SCMNodeManager (SCMNodeManager.java:register(341)) - Registered Data node : bef787c3-a919-4f9b-887c-fdb68b2678bc{ip: 172.17.0.2, host: 11cef1ca5a88, networkLocation: /default-rack, certSerialId: null, persistedOpState: IN_SERVICE, persistedOpStateExpiryEpochSec: 0}
2020-12-08 02:18:44,295 [EventQueue-PipelineReportForOneReplicaPipelineSafeModeRule] INFO  safemode.SCMSafeModeManager (SCMSafeModeManager.java:validateSafeModeExitRules(214)) - AtleastOneDatanodeReportedRule rule is successfully validated
2020-12-08 02:18:44,295 [EventQueue-NodeRegistrationContainerReportForContainerSafeModeRule] INFO  safemode.SCMSafeModeManager (SCMSafeModeManager.java:validateSafeModeExitRules(214)) - ContainerSafeModeRule rule is successfully validated
2020-12-08 02:18:44,295 [EventQueue-NodeRegistrationContainerReportForDataNodeSafeModeRule] INFO  safemode.SCMSafeModeManager (SCMSafeModeManager.java:validateSafeModeExitRules(214)) - DataNodeSafeModeRule rule is successfully validated
2020-12-08 02:18:44,297 [RatisPipelineUtilsThread] INFO  pipeline.RatisPipelineProvider (RatisPipelineProvider.java:lambda$create$0(161)) - Sending CreatePipelineCommand for pipeline:PipelineID=81748940-a9f4-4d3c-b549-2c9564a021f4 to datanode:bef787c3-a919-4f9b-887c-fdb68b2678bc
2020-12-08 02:18:44,298 [RatisPipelineUtilsThread] INFO  pipeline.PipelineStateManager (PipelineStateManager.java:addPipeline(54)) - Created pipeline Pipeline[ Id: 81748940-a9f4-4d3c-b549-2c9564a021f4, Nodes: bef787c3-a919-4f9b-887c-fdb68b2678bc{ip: 172.17.0.2, host: 11cef1ca5a88, networkLocation: /default-rack, certSerialId: null, persistedOpState: IN_SERVICE, persistedOpStateExpiryEpochSec: 0}, Type:RATIS, Factor:ONE, State:ALLOCATED, leaderId:, CreationTimestamp2020-12-08T02:18:44.297Z]
2020-12-08 02:18:44,507 [IPC Server handler 3 on default port 45053] INFO  net.NetworkTopologyImpl (NetworkTopologyImpl.java:add(111)) - Added a new node: /default-rack/e6ce4bfb-70cc-4dab-829a-840fddc24c05
2020-12-08 02:18:44,507 [IPC Server handler 3 on default port 45053] INFO  node.SCMNodeManager (SCMNodeManager.java:register(341)) - Registered Data node : e6ce4bfb-70cc-4dab-829a-840fddc24c05{ip: 172.17.0.2, host: 11cef1ca5a88, networkLocation: /default-rack, certSerialId: null, persistedOpState: IN_SERVICE, persistedOpStateExpiryEpochSec: 0}
2020-12-08 02:18:44,507 [EventQueue-NodeRegistrationContainerReportForContainerSafeModeRule] INFO  safemode.SCMSafeModeManager (SCMSafeModeManager.java:validateSafeModeExitRules(214)) - ContainerSafeModeRule rule is successfully validated
2020-12-08 02:18:44,507 [EventQueue-PipelineReportForOneReplicaPipelineSafeModeRule] INFO  safemode.SCMSafeModeManager (SCMSafeModeManager.java:validateSafeModeExitRules(214)) - AtleastOneDatanodeReportedRule rule is successfully validated
2020-12-08 02:18:44,508 [EventQueue-NodeRegistrationContainerReportForDataNodeSafeModeRule] INFO  safemode.SCMSafeModeManager (SCMSafeModeManager.java:validateSafeModeExitRules(214)) - DataNodeSafeModeRule rule is successfully validated
2020-12-08 02:18:44,508 [RatisPipelineUtilsThread] INFO  pipeline.RatisPipelineProvider (RatisPipelineProvider.java:lambda$create$0(161)) - Sending CreatePipelineCommand for pipeline:PipelineID=ebb32eae-a800-4d70-bece-1dfe0cb169d6 to datanode:e6ce4bfb-70cc-4dab-829a-840fddc24c05
2020-12-08 02:18:44,509 [RatisPipelineUtilsThread] INFO  pipeline.PipelineStateManager (PipelineStateManager.java:addPipeline(54)) - Created pipeline Pipeline[ Id: ebb32eae-a800-4d70-bece-1dfe0cb169d6, Nodes: e6ce4bfb-70cc-4dab-829a-840fddc24c05{ip: 172.17.0.2, host: 11cef1ca5a88, networkLocation: /default-rack, certSerialId: null, persistedOpState: IN_SERVICE, persistedOpStateExpiryEpochSec: 0}, Type:RATIS, Factor:ONE, State:ALLOCATED, leaderId:, CreationTimestamp2020-12-08T02:18:44.508Z]
2020-12-08 02:18:44,509 [RatisPipelineUtilsThread] INFO  pipeline.RatisPipelineProvider (RatisPipelineProvider.java:lambda$create$0(161)) - Sending CreatePipelineCommand for pipeline:PipelineID=6fefb3bb-b5ac-4da2-a6d0-c451e46a2ca6 to datanode:e6ce4bfb-70cc-4dab-829a-840fddc24c05
2020-12-08 02:18:44,509 [RatisPipelineUtilsThread] INFO  pipeline.RatisPipelineProvider (RatisPipelineProvider.java:lambda$create$0(161)) - Sending CreatePipelineCommand for pipeline:PipelineID=6fefb3bb-b5ac-4da2-a6d0-c451e46a2ca6 to datanode:bef787c3-a919-4f9b-887c-fdb68b2678bc
2020-12-08 02:18:44,509 [RatisPipelineUtilsThread] INFO  pipeline.RatisPipelineProvider (RatisPipelineProvider.java:lambda$create$0(161)) - Sending CreatePipelineCommand for pipeline:PipelineID=6fefb3bb-b5ac-4da2-a6d0-c451e46a2ca6 to datanode:8a6e4045-11b4-4c02-b30b-59b4d0471a8a
2020-12-08 02:18:44,510 [RatisPipelineUtilsThread] INFO  pipeline.PipelineStateManager (PipelineStateManager.java:addPipeline(54)) - Created pipeline Pipeline[ Id: 6fefb3bb-b5ac-4da2-a6d0-c451e46a2ca6, Nodes: e6ce4bfb-70cc-4dab-829a-840fddc24c05{ip: 172.17.0.2, host: 11cef1ca5a88, networkLocation: /default-rack, certSerialId: null, persistedOpState: IN_SERVICE, persistedOpStateExpiryEpochSec: 0}bef787c3-a919-4f9b-887c-fdb68b2678bc{ip: 172.17.0.2, host: 11cef1ca5a88, networkLocation: /default-rack, certSerialId: null, persistedOpState: IN_SERVICE, persistedOpStateExpiryEpochSec: 0}8a6e4045-11b4-4c02-b30b-59b4d0471a8a{ip: 172.17.0.2, host: 11cef1ca5a88, networkLocation: /default-rack, certSerialId: null, persistedOpState: IN_SERVICE, persistedOpStateExpiryEpochSec: 0}, Type:RATIS, Factor:THREE, State:ALLOCATED, leaderId:, CreationTimestamp2020-12-08T02:18:44.509Z]
2020-12-08 02:18:44,707 [IPC Server handler 4 on default port 45053] INFO  net.NetworkTopologyImpl (NetworkTopologyImpl.java:add(111)) - Added a new node: /default-rack/66346d6a-4140-4d92-b7fe-10723d1ff793
2020-12-08 02:18:44,707 [IPC Server handler 4 on default port 45053] INFO  node.SCMNodeManager (SCMNodeManager.java:register(341)) - Registered Data node : 66346d6a-4140-4d92-b7fe-10723d1ff793{ip: 172.17.0.2, host: 11cef1ca5a88, networkLocation: /default-rack, certSerialId: null, persistedOpState: IN_SERVICE, persistedOpStateExpiryEpochSec: 0}
2020-12-08 02:18:44,707 [EventQueue-NodeRegistrationContainerReportForContainerSafeModeRule] INFO  safemode.SCMSafeModeManager (SCMSafeModeManager.java:validateSafeModeExitRules(214)) - ContainerSafeModeRule rule is successfully validated
2020-12-08 02:18:44,708 [EventQueue-PipelineReportForOneReplicaPipelineSafeModeRule] INFO  safemode.SCMSafeModeManager (SCMSafeModeManager.java:validateSafeModeExitRules(214)) - AtleastOneDatanodeReportedRule rule is successfully validated
2020-12-08 02:18:44,709 [EventQueue-NodeRegistrationContainerReportForDataNodeSafeModeRule] INFO  safemode.SCMSafeModeManager (SCMSafeModeManager.java:validateSafeModeExitRules(214)) - DataNodeSafeModeRule rule is successfully validated
2020-12-08 02:18:44,709 [RatisPipelineUtilsThread] INFO  pipeline.RatisPipelineProvider (RatisPipelineProvider.java:lambda$create$0(161)) - Sending CreatePipelineCommand for pipeline:PipelineID=7130ddae-296a-4d78-b6e2-5dbfb2906017 to datanode:66346d6a-4140-4d92-b7fe-10723d1ff793
2020-12-08 02:18:44,709 [RatisPipelineUtilsThread] INFO  pipeline.PipelineStateManager (PipelineStateManager.java:addPipeline(54)) - Created pipeline Pipeline[ Id: 7130ddae-296a-4d78-b6e2-5dbfb2906017, Nodes: 66346d6a-4140-4d92-b7fe-10723d1ff793{ip: 172.17.0.2, host: 11cef1ca5a88, networkLocation: /default-rack, certSerialId: null, persistedOpState: IN_SERVICE, persistedOpStateExpiryEpochSec: 0}, Type:RATIS, Factor:ONE, State:ALLOCATED, leaderId:, CreationTimestamp2020-12-08T02:18:44.709Z]
2020-12-08 02:18:44,928 [IPC Server handler 5 on default port 45053] INFO  net.NetworkTopologyImpl (NetworkTopologyImpl.java:add(111)) - Added a new node: /default-rack/605841cf-842d-40a4-b286-0dc4c4c02111
2020-12-08 02:18:44,928 [IPC Server handler 5 on default port 45053] INFO  node.SCMNodeManager (SCMNodeManager.java:register(341)) - Registered Data node : 605841cf-842d-40a4-b286-0dc4c4c02111{ip: 172.17.0.2, host: 11cef1ca5a88, networkLocation: /default-rack, certSerialId: null, persistedOpState: IN_SERVICE, persistedOpStateExpiryEpochSec: 0}
2020-12-08 02:18:44,929 [EventQueue-NodeRegistrationContainerReportForDataNodeSafeModeRule] INFO  safemode.SCMSafeModeManager (SCMSafeModeManager.java:validateSafeModeExitRules(214)) - DataNodeSafeModeRule rule is successfully validated
2020-12-08 02:18:44,929 [EventQueue-NodeRegistrationContainerReportForContainerSafeModeRule] INFO  safemode.SCMSafeModeManager (SCMSafeModeManager.java:validateSafeModeExitRules(214)) - ContainerSafeModeRule rule is successfully validated
2020-12-08 02:18:44,929 [EventQueue-PipelineReportForOneReplicaPipelineSafeModeRule] INFO  safemode.SCMSafeModeManager (SCMSafeModeManager.java:validateSafeModeExitRules(214)) - AtleastOneDatanodeReportedRule rule is successfully validated
2020-12-08 02:18:44,929 [RatisPipelineUtilsThread] INFO  pipeline.RatisPipelineProvider (RatisPipelineProvider.java:lambda$create$0(161)) - Sending CreatePipelineCommand for pipeline:PipelineID=38792a85-9449-44f2-9ccf-bda3e98b5dcd to datanode:605841cf-842d-40a4-b286-0dc4c4c02111
2020-12-08 02:18:44,930 [RatisPipelineUtilsThread] INFO  pipeline.PipelineStateManager (PipelineStateManager.java:addPipeline(54)) - Created pipeline Pipeline[ Id: 38792a85-9449-44f2-9ccf-bda3e98b5dcd, Nodes: 605841cf-842d-40a4-b286-0dc4c4c02111{ip: 172.17.0.2, host: 11cef1ca5a88, networkLocation: /default-rack, certSerialId: null, persistedOpState: IN_SERVICE, persistedOpStateExpiryEpochSec: 0}, Type:RATIS, Factor:ONE, State:ALLOCATED, leaderId:, CreationTimestamp2020-12-08T02:18:44.929Z]
2020-12-08 02:18:45,120 [Listener at 127.0.0.1/40701] INFO  ozone.MiniOzoneClusterImpl (MiniOzoneClusterImpl.java:lambda$waitForClusterToBeReady$0(178)) - Waiting for nodes to be ready. Got 8 of 9 DN Heartbeats.
2020-12-08 02:18:45,120 [Listener at 127.0.0.1/40701] INFO  ozone.MiniOzoneClusterImpl (MiniOzoneClusterImpl.java:lambda$waitForClusterToBeReady$0(181)) - Waiting for cluster to exit safe mode
2020-12-08 02:18:45,120 [IPC Server handler 2 on default port 45053] INFO  net.NetworkTopologyImpl (NetworkTopologyImpl.java:add(111)) - Added a new node: /default-rack/c88aba9b-104c-49ca-9c62-2596b924fb37
2020-12-08 02:18:45,121 [IPC Server handler 2 on default port 45053] INFO  node.SCMNodeManager (SCMNodeManager.java:register(341)) - Registered Data node : c88aba9b-104c-49ca-9c62-2596b924fb37{ip: 172.17.0.2, host: 11cef1ca5a88, networkLocation: /default-rack, certSerialId: null, persistedOpState: IN_SERVICE, persistedOpStateExpiryEpochSec: 0}
2020-12-08 02:18:45,121 [EventQueue-PipelineReportForOneReplicaPipelineSafeModeRule] INFO  safemode.SCMSafeModeManager (SCMSafeModeManager.java:validateSafeModeExitRules(214)) - AtleastOneDatanodeReportedRule rule is successfully validated
2020-12-08 02:18:45,121 [EventQueue-NodeRegistrationContainerReportForDataNodeSafeModeRule] INFO  safemode.SCMSafeModeManager (SCMSafeModeManager.java:validateSafeModeExitRules(214)) - DataNodeSafeModeRule rule is successfully validated
2020-12-08 02:18:45,121 [EventQueue-NodeRegistrationContainerReportForContainerSafeModeRule] INFO  safemode.SCMSafeModeManager (SCMSafeModeManager.java:validateSafeModeExitRules(214)) - ContainerSafeModeRule rule is successfully validated
2020-12-08 02:18:45,121 [RatisPipelineUtilsThread] INFO  pipeline.RatisPipelineProvider (RatisPipelineProvider.java:lambda$create$0(161)) - Sending CreatePipelineCommand for pipeline:PipelineID=e3cf9f81-6356-4ab5-bd47-f3e41c57198d to datanode:c88aba9b-104c-49ca-9c62-2596b924fb37
2020-12-08 02:18:45,122 [RatisPipelineUtilsThread] INFO  pipeline.PipelineStateManager (PipelineStateManager.java:addPipeline(54)) - Created pipeline Pipeline[ Id: e3cf9f81-6356-4ab5-bd47-f3e41c57198d, Nodes: c88aba9b-104c-49ca-9c62-2596b924fb37{ip: 172.17.0.2, host: 11cef1ca5a88, networkLocation: /default-rack, certSerialId: null, persistedOpState: IN_SERVICE, persistedOpStateExpiryEpochSec: 0}, Type:RATIS, Factor:ONE, State:ALLOCATED, leaderId:, CreationTimestamp2020-12-08T02:18:45.121Z]
2020-12-08 02:18:45,122 [RatisPipelineUtilsThread] INFO  pipeline.RatisPipelineProvider (RatisPipelineProvider.java:lambda$create$0(161)) - Sending CreatePipelineCommand for pipeline:PipelineID=e69dd776-de2f-4d57-b56f-f5201121a75b to datanode:c88aba9b-104c-49ca-9c62-2596b924fb37
2020-12-08 02:18:45,122 [RatisPipelineUtilsThread] INFO  pipeline.RatisPipelineProvider (RatisPipelineProvider.java:lambda$create$0(161)) - Sending CreatePipelineCommand for pipeline:PipelineID=e69dd776-de2f-4d57-b56f-f5201121a75b to datanode:66346d6a-4140-4d92-b7fe-10723d1ff793
2020-12-08 02:18:45,122 [RatisPipelineUtilsThread] INFO  pipeline.RatisPipelineProvider (RatisPipelineProvider.java:lambda$create$0(161)) - Sending CreatePipelineCommand for pipeline:PipelineID=e69dd776-de2f-4d57-b56f-f5201121a75b to datanode:605841cf-842d-40a4-b286-0dc4c4c02111
2020-12-08 02:18:45,123 [RatisPipelineUtilsThread] INFO  pipeline.PipelineStateManager (PipelineStateManager.java:addPipeline(54)) - Created pipeline Pipeline[ Id: e69dd776-de2f-4d57-b56f-f5201121a75b, Nodes: c88aba9b-104c-49ca-9c62-2596b924fb37{ip: 172.17.0.2, host: 11cef1ca5a88, networkLocation: /default-rack, certSerialId: null, persistedOpState: IN_SERVICE, persistedOpStateExpiryEpochSec: 0}66346d6a-4140-4d92-b7fe-10723d1ff793{ip: 172.17.0.2, host: 11cef1ca5a88, networkLocation: /default-rack, certSerialId: null, persistedOpState: IN_SERVICE, persistedOpStateExpiryEpochSec: 0}605841cf-842d-40a4-b286-0dc4c4c02111{ip: 172.17.0.2, host: 11cef1ca5a88, networkLocation: /default-rack, certSerialId: null, persistedOpState: IN_SERVICE, persistedOpStateExpiryEpochSec: 0}, Type:RATIS, Factor:THREE, State:ALLOCATED, leaderId:, CreationTimestamp2020-12-08T02:18:45.122Z]
2020-12-08 02:18:46,120 [Listener at 127.0.0.1/40701] INFO  ozone.MiniOzoneClusterImpl (MiniOzoneClusterImpl.java:lambda$waitForClusterToBeReady$0(178)) - Nodes are ready. Got 9 of 9 DN Heartbeats.
2020-12-08 02:18:46,121 [Listener at 127.0.0.1/40701] INFO  ozone.MiniOzoneClusterImpl (MiniOzoneClusterImpl.java:lambda$waitForClusterToBeReady$0(181)) - Waiting for cluster to exit safe mode
2020-12-08 02:18:46,434 [Command processor thread] INFO  impl.RaftServerProxy (RaftServerProxy.java:addNew(93)) - dfa92053-6d36-469c-b0e7-d151100efb82: addNew group-F109BA2FD34A:[dfa92053-6d36-469c-b0e7-d151100efb82|rpc:172.17.0.2:42811] returns group-F109BA2FD34A:java.util.concurrent.CompletableFuture@28c69954[Not completed]
2020-12-08 02:18:46,438 [pool-395-thread-1] INFO  impl.RaftServerImpl (RaftServerImpl.java:<init>(121)) - dfa92053-6d36-469c-b0e7-d151100efb82: new RaftServerImpl for group-F109BA2FD34A:[dfa92053-6d36-469c-b0e7-d151100efb82|rpc:172.17.0.2:42811] with ContainerStateMachine:uninitialized
2020-12-08 02:18:46,439 [pool-395-thread-1] INFO  server.RaftServerConfigKeys (ConfUtils.java:logGet(44)) - raft.server.rpc.timeout.min = 5s (custom)
2020-12-08 02:18:46,439 [pool-395-thread-1] INFO  server.RaftServerConfigKeys (ConfUtils.java:logGet(44)) - raft.server.rpc.timeout.max = 5200ms (custom)
2020-12-08 02:18:46,439 [pool-395-thread-1] INFO  server.RaftServerConfigKeys (ConfUtils.java:logGet(44)) - raft.server.rpc.slowness.timeout = 300000ms (custom)
2020-12-08 02:18:46,439 [pool-395-thread-1] INFO  server.RaftServerConfigKeys (ConfUtils.java:logGet(44)) - raft.server.leaderelection.leader.step-down.wait-time = 10s (default)
2020-12-08 02:18:46,440 [pool-395-thread-1] INFO  server.RaftServerConfigKeys (ConfUtils.java:logGet(44)) - raft.server.sleep.deviation.threshold = 300 (default)
2020-12-08 02:18:46,440 [pool-395-thread-1] INFO  server.RaftServerConfigKeys (ConfUtils.java:logGet(44)) - raft.server.log.appender.install.snapshot.enabled = false (custom)
2020-12-08 02:18:46,440 [pool-395-thread-1] INFO  impl.RaftServerImpl (ServerState.java:<init>(104)) - dfa92053-6d36-469c-b0e7-d151100efb82@group-F109BA2FD34A: ConfigurationManager, init=-1: [dfa92053-6d36-469c-b0e7-d151100efb82|rpc:172.17.0.2:42811], old=null, confs=<EMPTY_MAP>
2020-12-08 02:18:46,440 [pool-395-thread-1] INFO  server.RaftServerConfigKeys (ConfUtils.java:logGet(44)) - raft.server.storage.dir = [/github/workspace/mnt/ozone/hadoop-ozone/integration-test/target/test-dir/MiniOzoneClusterImpl-c7e5300f-f3f2-48d9-ae25-3e63411fd680/datanode-0/data/ratis] (custom)
2020-12-08 02:18:46,440 [pool-395-thread-1] INFO  server.RaftServerConfigKeys (ConfUtils.java:logGet(44)) - raft.server.log.corruption.policy = EXCEPTION (default)
2020-12-08 02:18:46,440 [pool-395-thread-1] INFO  storage.RaftStorageDirectory (RaftStorageDirectory.java:analyzeStorage(261)) - The storage directory /github/workspace/mnt/ozone/hadoop-ozone/integration-test/target/test-dir/MiniOzoneClusterImpl-c7e5300f-f3f2-48d9-ae25-3e63411fd680/datanode-0/data/ratis/7e8222e2-90dd-4cb2-933c-f109ba2fd34a does not exist. Creating ...
2020-12-08 02:18:46,442 [pool-395-thread-1] INFO  storage.RaftStorageDirectory (RaftStorageDirectory.java:tryLock(343)) - Lock on /github/workspace/mnt/ozone/hadoop-ozone/integration-test/target/test-dir/MiniOzoneClusterImpl-c7e5300f-f3f2-48d9-ae25-3e63411fd680/datanode-0/data/ratis/7e8222e2-90dd-4cb2-933c-f109ba2fd34a/in_use.lock acquired by nodename 18611@11cef1ca5a88
2020-12-08 02:18:46,443 [pool-395-thread-1] INFO  storage.RaftStorage (RaftStorage.java:format(85)) - Storage directory /github/workspace/mnt/ozone/hadoop-ozone/integration-test/target/test-dir/MiniOzoneClusterImpl-c7e5300f-f3f2-48d9-ae25-3e63411fd680/datanode-0/data/ratis/7e8222e2-90dd-4cb2-933c-f109ba2fd34a has been successfully formatted.
2020-12-08 02:18:46,444 [pool-395-thread-1] INFO  ratis.ContainerStateMachine (ContainerStateMachine.java:loadSnapshot(225)) - group-F109BA2FD34A: The snapshot info is null. Setting the last applied indexto:(t:0, i:~)
2020-12-08 02:18:46,444 [pool-395-thread-1] INFO  server.RaftServerConfigKeys (ConfUtils.java:logGet(44)) - raft.server.notification.no-leader.timeout = 300000ms (custom)
2020-12-08 02:18:46,444 [pool-395-thread-1] INFO  server.RaftServerConfigKeys (ConfUtils.java:logGet(44)) - raft.server.log.use.memory = false (default)
2020-12-08 02:18:46,444 [pool-395-thread-1] INFO  server.RaftServerConfigKeys (ConfUtils.java:logGet(44)) - raft.server.log.purge.gap = 1000000 (custom)
2020-12-08 02:18:46,444 [pool-395-thread-1] INFO  metrics.RatisMetrics (RatisMetrics.java:lambda$create$0(36)) - Creating Metrics Registry : ratis.log_worker.dfa92053-6d36-469c-b0e7-d151100efb82@group-F109BA2FD34A
2020-12-08 02:18:46,445 [EventQueue-PipelineReportForPipelineReportHandler] INFO  pipeline.PipelineStateManager (PipelineStateManager.java:openPipeline(132)) - Pipeline Pipeline[ Id: 7e8222e2-90dd-4cb2-933c-f109ba2fd34a, Nodes: dfa92053-6d36-469c-b0e7-d151100efb82{ip: 172.17.0.2, host: 11cef1ca5a88, networkLocation: /default-rack, certSerialId: null, persistedOpState: IN_SERVICE, persistedOpStateExpiryEpochSec: 0}, Type:RATIS, Factor:ONE, State:ALLOCATED, leaderId:dfa92053-6d36-469c-b0e7-d151100efb82, CreationTimestamp2020-12-08T02:18:43.436Z] moved to OPEN state
2020-12-08 02:18:46,445 [pool-395-thread-1] INFO  server.RaftServerConfigKeys (ConfUtils.java:logGet(44)) - raft.server.log.appender.buffer.byte-limit = 33554432 (custom)
2020-12-08 02:18:46,445 [pool-395-thread-1] INFO  server.RaftServerConfigKeys (ConfUtils.java:logGet(44)) - raft.server.log.segment.size.max = 1048576 (custom)
2020-12-08 02:18:46,445 [EventQueue-PipelineReportForOneReplicaPipelineSafeModeRule] INFO  safemode.SCMSafeModeManager (SCMSafeModeManager.java:validateSafeModeExitRules(214)) - AtleastOneDatanodeReportedRule rule is successfully validated
2020-12-08 02:18:46,446 [pool-395-thread-1] INFO  server.RaftServerConfigKeys (ConfUtils.java:logGet(44)) - raft.server.log.segment.cache.num.max = 2 (custom)
2020-12-08 02:18:46,446 [pool-395-thread-1] INFO  segmented.SegmentedRaftLogWorker (SegmentedRaftLogWorker.java:<init>(180)) - new dfa92053-6d36-469c-b0e7-d151100efb82@group-F109BA2FD34A-SegmentedRaftLogWorker for RaftStorage:Storage Directory /github/workspace/mnt/ozone/hadoop-ozone/integration-test/target/test-dir/MiniOzoneClusterImpl-c7e5300f-f3f2-48d9-ae25-3e63411fd680/datanode-0/data/ratis/7e8222e2-90dd-4cb2-933c-f109ba2fd34a
2020-12-08 02:18:46,446 [pool-395-thread-1] INFO  server.RaftServerConfigKeys (ConfUtils.java:logGet(44)) - raft.server.log.queue.byte-limit = 2147483647 (custom)
2020-12-08 02:18:46,446 [pool-395-thread-1] INFO  server.RaftServerConfigKeys (ConfUtils.java:logGet(44)) - raft.server.log.queue.element-limit = 1024 (custom)
2020-12-08 02:18:46,447 [pool-395-thread-1] INFO  server.RaftServerConfigKeys (ConfUtils.java:logGet(44)) - raft.server.log.segment.size.max = 1048576 (custom)
2020-12-08 02:18:46,447 [pool-395-thread-1] INFO  server.RaftServerConfigKeys (ConfUtils.java:logGet(44)) - raft.server.log.preallocated.size = 16384 (custom)
2020-12-08 02:18:46,447 [pool-395-thread-1] INFO  server.RaftServerConfigKeys (ConfUtils.java:logGet(44)) - raft.server.log.write.buffer.size = 1048576 (custom)
2020-12-08 02:18:46,447 [pool-395-thread-1] INFO  server.RaftServerConfigKeys (ConfUtils.java:logGet(44)) - raft.server.log.force.sync.num = 128 (default)
2020-12-08 02:18:46,447 [pool-395-thread-1] INFO  server.RaftServerConfigKeys (ConfUtils.java:logGet(44)) - raft.server.log.statemachine.data.sync = true (default)
2020-12-08 02:18:46,447 [pool-395-thread-1] INFO  server.RaftServerConfigKeys (ConfUtils.java:logGet(44)) - raft.server.log.statemachine.data.sync.timeout = 10s (default)
2020-12-08 02:18:46,447 [pool-395-thread-1] INFO  server.RaftServerConfigKeys (ConfUtils.java:logGet(44)) - raft.server.log.statemachine.data.sync.timeout.retry = -1 (default)
2020-12-08 02:18:46,446 [EventQueue-OpenPipelineForHealthyPipelineSafeModeRule] INFO  safemode.SCMSafeModeManager (HealthyPipelineSafeModeRule.java:process(128)) - SCM in safe mode. Healthy pipelines reported count is 0, required healthy pipeline reported count is 1
2020-12-08 02:18:46,449 [pool-395-thread-1] INFO  server.RaftServerConfigKeys (ConfUtils.java:logGet(44)) - raft.server.log.statemachine.data.caching.enabled = true (custom)
2020-12-08 02:18:46,449 [pool-395-thread-1] INFO  segmented.SegmentedRaftLogWorker (SegmentedRaftLogWorker.java:lambda$new$0(129)) - dfa92053-6d36-469c-b0e7-d151100efb82@group-F109BA2FD34A-SegmentedRaftLogWorker: flushIndex: setUnconditionally 0 -> -1
2020-12-08 02:18:46,449 [pool-395-thread-1] INFO  segmented.SegmentedRaftLogWorker (SegmentedRaftLogWorker.java:lambda$new$0(129)) - dfa92053-6d36-469c-b0e7-d151100efb82@group-F109BA2FD34A-SegmentedRaftLogWorker: safeCacheEvictIndex: setUnconditionally 0 -> -1
2020-12-08 02:18:46,450 [pool-395-thread-1] INFO  server.RaftServerConfigKeys (ConfUtils.java:logGet(44)) - raft.server.snapshot.auto.trigger.enabled = true (custom)
2020-12-08 02:18:46,450 [pool-395-thread-1] INFO  server.RaftServerConfigKeys (ConfUtils.java:logGet(44)) - raft.server.snapshot.auto.trigger.threshold = 10000 (custom)
2020-12-08 02:18:46,450 [pool-395-thread-1] INFO  server.RaftServerConfigKeys (ConfUtils.java:logGet(44)) - raft.server.snapshot.retention.file.num = 5 (custom)
2020-12-08 02:18:46,450 [pool-395-thread-1] INFO  server.RaftServerConfigKeys (ConfUtils.java:logGet(44)) - raft.server.log.purge.upto.snapshot.index = false (default)
2020-12-08 02:18:46,450 [pool-395-thread-1] INFO  server.RaftServerConfigKeys (ConfUtils.java:logGet(44)) - raft.server.retrycache.expirytime = 600000ms (custom)
2020-12-08 02:18:46,452 [pool-395-thread-1] INFO  metrics.RatisMetrics (RatisMetrics.java:lambda$create$0(36)) - Creating Metrics Registry : ratis.leader_election.dfa92053-6d36-469c-b0e7-d151100efb82@group-F109BA2FD34A
2020-12-08 02:18:46,452 [pool-395-thread-1] INFO  metrics.RatisMetrics (RatisMetrics.java:lambda$create$0(36)) - Creating Metrics Registry : ratis.server.dfa92053-6d36-469c-b0e7-d151100efb82@group-F109BA2FD34A
2020-12-08 02:18:46,454 [pool-395-thread-1] INFO  impl.RaftServerImpl (RaftServerImpl.java:start(215)) - dfa92053-6d36-469c-b0e7-d151100efb82@group-F109BA2FD34A: start as a follower, conf=-1: [dfa92053-6d36-469c-b0e7-d151100efb82|rpc:172.17.0.2:42811], old=null
2020-12-08 02:18:46,454 [pool-395-thread-1] INFO  impl.RaftServerImpl (RaftServerImpl.java:setRole(204)) - dfa92053-6d36-469c-b0e7-d151100efb82@group-F109BA2FD34A: changes role from      null to FOLLOWER at term 0 for startAsFollower
2020-12-08 02:18:46,455 [pool-395-thread-1] INFO  impl.RoleInfo (RoleInfo.java:updateAndGet(143)) - dfa92053-6d36-469c-b0e7-d151100efb82: start dfa92053-6d36-469c-b0e7-d151100efb82@group-F109BA2FD34A-FollowerState
2020-12-08 02:18:46,455 [pool-395-thread-1] INFO  util.JmxRegister (JmxRegister.java:tryRegister(44)) - Successfully registered JMX Bean with object name Ratis:service=RaftServer,group=group-F109BA2FD34A,id=dfa92053-6d36-469c-b0e7-d151100efb82
2020-12-08 02:18:46,455 [pool-395-thread-1] INFO  metrics.RatisMetrics (RatisMetrics.java:lambda$create$0(36)) - Creating Metrics Registry : ratis.state_machine.dfa92053-6d36-469c-b0e7-d151100efb82@group-F109BA2FD34A
2020-12-08 02:18:46,457 [Command processor thread] INFO  commandhandler.CreatePipelineCommandHandler (CreatePipelineCommandHandler.java:handle(106)) - Created Pipeline RATIS ONE PipelineID=7e8222e2-90dd-4cb2-933c-f109ba2fd34a.
2020-12-08 02:18:46,457 [Command processor thread] INFO  impl.RaftServerProxy (RaftServerProxy.java:addNew(93)) - dfa92053-6d36-469c-b0e7-d151100efb82: addNew group-E9578CD0BABE:[4e005ff2-b0a1-49c5-ae0b-0004e66f3274|rpc:172.17.0.2:37623, 0e1de31d-e867-4945-8f7b-16c35f8e70a9|rpc:172.17.0.2:36897, dfa92053-6d36-469c-b0e7-d151100efb82|rpc:172.17.0.2:42811] returns group-E9578CD0BABE:java.util.concurrent.CompletableFuture@2cf91894[Not completed]
2020-12-08 02:18:46,459 [pool-395-thread-1] INFO  impl.RaftServerImpl (RaftServerImpl.java:<init>(121)) - dfa92053-6d36-469c-b0e7-d151100efb82: new RaftServerImpl for group-E9578CD0BABE:[4e005ff2-b0a1-49c5-ae0b-0004e66f3274|rpc:172.17.0.2:37623, 0e1de31d-e867-4945-8f7b-16c35f8e70a9|rpc:172.17.0.2:36897, dfa92053-6d36-469c-b0e7-d151100efb82|rpc:172.17.0.2:42811] with ContainerStateMachine:uninitialized
2020-12-08 02:18:46,459 [pool-395-thread-1] INFO  server.RaftServerConfigKeys (ConfUtils.java:logGet(44)) - raft.server.rpc.timeout.min = 5s (custom)
2020-12-08 02:18:46,459 [pool-395-thread-1] INFO  server.RaftServerConfigKeys (ConfUtils.java:logGet(44)) - raft.server.rpc.timeout.max = 5200ms (custom)
2020-12-08 02:18:46,459 [pool-395-thread-1] INFO  server.RaftServerConfigKeys (ConfUtils.java:logGet(44)) - raft.server.rpc.slowness.timeout = 300000ms (custom)
2020-12-08 02:18:46,459 [pool-395-thread-1] INFO  server.RaftServerConfigKeys (ConfUtils.java:logGet(44)) - raft.server.leaderelection.leader.step-down.wait-time = 10s (default)
2020-12-08 02:18:46,460 [pool-395-thread-1] INFO  server.RaftServerConfigKeys (ConfUtils.java:logGet(44)) - raft.server.sleep.deviation.threshold = 300 (default)
2020-12-08 02:18:46,460 [pool-395-thread-1] INFO  server.RaftServerConfigKeys (ConfUtils.java:logGet(44)) - raft.server.log.appender.install.snapshot.enabled = false (custom)
2020-12-08 02:18:46,460 [pool-395-thread-1] INFO  impl.RaftServerImpl (ServerState.java:<init>(104)) - dfa92053-6d36-469c-b0e7-d151100efb82@group-E9578CD0BABE: ConfigurationManager, init=-1: [4e005ff2-b0a1-49c5-ae0b-0004e66f3274|rpc:172.17.0.2:37623, 0e1de31d-e867-4945-8f7b-16c35f8e70a9|rpc:172.17.0.2:36897, dfa92053-6d36-469c-b0e7-d151100efb82|rpc:172.17.0.2:42811], old=null, confs=<EMPTY_MAP>
2020-12-08 02:18:46,460 [pool-395-thread-1] INFO  server.RaftServerConfigKeys (ConfUtils.java:logGet(44)) - raft.server.storage.dir = [/github/workspace/mnt/ozone/hadoop-ozone/integration-test/target/test-dir/MiniOzoneClusterImpl-c7e5300f-f3f2-48d9-ae25-3e63411fd680/datanode-0/data/ratis] (custom)
2020-12-08 02:18:46,460 [pool-395-thread-1] INFO  server.RaftServerConfigKeys (ConfUtils.java:logGet(44)) - raft.server.log.corruption.policy = EXCEPTION (default)
2020-12-08 02:18:46,460 [pool-395-thread-1] INFO  storage.RaftStorageDirectory (RaftStorageDirectory.java:analyzeStorage(261)) - The storage directory /github/workspace/mnt/ozone/hadoop-ozone/integration-test/target/test-dir/MiniOzoneClusterImpl-c7e5300f-f3f2-48d9-ae25-3e63411fd680/datanode-0/data/ratis/30c5d1af-a688-44e8-a255-e9578cd0babe does not exist. Creating ...
2020-12-08 02:18:46,462 [pool-395-thread-1] INFO  storage.RaftStorageDirectory (RaftStorageDirectory.java:tryLock(343)) - Lock on /github/workspace/mnt/ozone/hadoop-ozone/integration-test/target/test-dir/MiniOzoneClusterImpl-c7e5300f-f3f2-48d9-ae25-3e63411fd680/datanode-0/data/ratis/30c5d1af-a688-44e8-a255-e9578cd0babe/in_use.lock acquired by nodename 18611@11cef1ca5a88
2020-12-08 02:18:46,465 [pool-395-thread-1] INFO  storage.RaftStorage (RaftStorage.java:format(85)) - Storage directory /github/workspace/mnt/ozone/hadoop-ozone/integration-test/target/test-dir/MiniOzoneClusterImpl-c7e5300f-f3f2-48d9-ae25-3e63411fd680/datanode-0/data/ratis/30c5d1af-a688-44e8-a255-e9578cd0babe has been successfully formatted.
2020-12-08 02:18:46,466 [pool-395-thread-1] INFO  ratis.ContainerStateMachine (ContainerStateMachine.java:loadSnapshot(225)) - group-E9578CD0BABE: The snapshot info is null. Setting the last applied indexto:(t:0, i:~)
2020-12-08 02:18:46,466 [pool-395-thread-1] INFO  server.RaftServerConfigKeys (ConfUtils.java:logGet(44)) - raft.server.notification.no-leader.timeout = 300000ms (custom)
2020-12-08 02:18:46,466 [pool-395-thread-1] INFO  server.RaftServerConfigKeys (ConfUtils.java:logGet(44)) - raft.server.log.use.memory = false (default)
2020-12-08 02:18:46,466 [pool-395-thread-1] INFO  server.RaftServerConfigKeys (ConfUtils.java:logGet(44)) - raft.server.log.purge.gap = 1000000 (custom)
2020-12-08 02:18:46,466 [pool-395-thread-1] INFO  metrics.RatisMetrics (RatisMetrics.java:lambda$create$0(36)) - Creating Metrics Registry : ratis.log_worker.dfa92053-6d36-469c-b0e7-d151100efb82@group-E9578CD0BABE
2020-12-08 02:18:46,467 [EventQueue-PipelineReportForOneReplicaPipelineSafeModeRule] INFO  safemode.SCMSafeModeManager (SCMSafeModeManager.java:validateSafeModeExitRules(214)) - AtleastOneDatanodeReportedRule rule is successfully validated
2020-12-08 02:18:46,467 [EventQueue-OpenPipelineForHealthyPipelineSafeModeRule] INFO  safemode.SCMSafeModeManager (HealthyPipelineSafeModeRule.java:process(128)) - SCM in safe mode. Healthy pipelines reported count is 0, required healthy pipeline reported count is 1
2020-12-08 02:18:46,467 [pool-395-thread-1] INFO  server.RaftServerConfigKeys (ConfUtils.java:logGet(44)) - raft.server.log.appender.buffer.byte-limit = 33554432 (custom)
2020-12-08 02:18:46,467 [pool-395-thread-1] INFO  server.RaftServerConfigKeys (ConfUtils.java:logGet(44)) - raft.server.log.segment.size.max = 1048576 (custom)
2020-12-08 02:18:46,468 [pool-395-thread-1] INFO  server.RaftServerConfigKeys (ConfUtils.java:logGet(44)) - raft.server.log.segment.cache.num.max = 2 (custom)
2020-12-08 02:18:46,468 [pool-395-thread-1] INFO  segmented.SegmentedRaftLogWorker (SegmentedRaftLogWorker.java:<init>(180)) - new dfa92053-6d36-469c-b0e7-d151100efb82@group-E9578CD0BABE-SegmentedRaftLogWorker for RaftStorage:Storage Directory /github/workspace/mnt/ozone/hadoop-ozone/integration-test/target/test-dir/MiniOzoneClusterImpl-c7e5300f-f3f2-48d9-ae25-3e63411fd680/datanode-0/data/ratis/30c5d1af-a688-44e8-a255-e9578cd0babe
2020-12-08 02:18:46,468 [pool-395-thread-1] INFO  server.RaftServerConfigKeys (ConfUtils.java:logGet(44)) - raft.server.log.queue.byte-limit = 2147483647 (custom)
2020-12-08 02:18:46,468 [pool-395-thread-1] INFO  server.RaftServerConfigKeys (ConfUtils.java:logGet(44)) - raft.server.log.queue.element-limit = 1024 (custom)
2020-12-08 02:18:46,468 [pool-395-thread-1] INFO  server.RaftServerConfigKeys (ConfUtils.java:logGet(44)) - raft.server.log.segment.size.max = 1048576 (custom)
2020-12-08 02:18:46,468 [pool-395-thread-1] INFO  server.RaftServerConfigKeys (ConfUtils.java:logGet(44)) - raft.server.log.preallocated.size = 16384 (custom)
2020-12-08 02:18:46,469 [pool-395-thread-1] INFO  server.RaftServerConfigKeys (ConfUtils.java:logGet(44)) - raft.server.log.write.buffer.size = 1048576 (custom)
2020-12-08 02:18:46,469 [pool-395-thread-1] INFO  server.RaftServerConfigKeys (ConfUtils.java:logGet(44)) - raft.server.log.force.sync.num = 128 (default)
2020-12-08 02:18:46,469 [pool-395-thread-1] INFO  server.RaftServerConfigKeys (ConfUtils.java:logGet(44)) - raft.server.log.statemachine.data.sync = true (default)
2020-12-08 02:18:46,469 [pool-395-thread-1] INFO  server.RaftServerConfigKeys (ConfUtils.java:logGet(44)) - raft.server.log.statemachine.data.sync.timeout = 10s (default)
2020-12-08 02:18:46,469 [pool-395-thread-1] INFO  server.RaftServerConfigKeys (ConfUtils.java:logGet(44)) - raft.server.log.statemachine.data.sync.timeout.retry = -1 (default)
2020-12-08 02:18:46,475 [pool-395-thread-1] INFO  server.RaftServerConfigKeys (ConfUtils.java:logGet(44)) - raft.server.log.statemachine.data.caching.enabled = true (custom)
2020-12-08 02:18:46,475 [pool-395-thread-1] INFO  segmented.SegmentedRaftLogWorker (SegmentedRaftLogWorker.java:lambda$new$0(129)) - dfa92053-6d36-469c-b0e7-d151100efb82@group-E9578CD0BABE-SegmentedRaftLogWorker: flushIndex: setUnconditionally 0 -> -1
2020-12-08 02:18:46,475 [pool-395-thread-1] INFO  segmented.SegmentedRaftLogWorker (SegmentedRaftLogWorker.java:lambda$new$0(129)) - dfa92053-6d36-469c-b0e7-d151100efb82@group-E9578CD0BABE-SegmentedRaftLogWorker: safeCacheEvictIndex: setUnconditionally 0 -> -1
2020-12-08 02:18:46,477 [pool-395-thread-1] INFO  server.RaftServerConfigKeys (ConfUtils.java:logGet(44)) - raft.server.snapshot.auto.trigger.enabled = true (custom)
2020-12-08 02:18:46,477 [pool-395-thread-1] INFO  server.RaftServerConfigKeys (ConfUtils.java:logGet(44)) - raft.server.snapshot.auto.trigger.threshold = 10000 (custom)
2020-12-08 02:18:46,477 [pool-395-thread-1] INFO  server.RaftServerConfigKeys (ConfUtils.java:logGet(44)) - raft.server.snapshot.retention.file.num = 5 (custom)
2020-12-08 02:18:46,477 [pool-395-thread-1] INFO  server.RaftServerConfigKeys (ConfUtils.java:logGet(44)) - raft.server.log.purge.upto.snapshot.index = false (default)
2020-12-08 02:18:46,477 [pool-395-thread-1] INFO  server.RaftServerConfigKeys (ConfUtils.java:logGet(44)) - raft.server.retrycache.expirytime = 600000ms (custom)
2020-12-08 02:18:46,477 [pool-395-thread-1] INFO  metrics.RatisMetrics (RatisMetrics.java:lambda$create$0(36)) - Creating Metrics Registry : ratis.leader_election.dfa92053-6d36-469c-b0e7-d151100efb82@group-E9578CD0BABE
2020-12-08 02:18:46,478 [pool-395-thread-1] INFO  metrics.RatisMetrics (RatisMetrics.java:lambda$create$0(36)) - Creating Metrics Registry : ratis.server.dfa92053-6d36-469c-b0e7-d151100efb82@group-E9578CD0BABE
2020-12-08 02:18:46,479 [pool-395-thread-1] INFO  impl.RaftServerImpl (RaftServerImpl.java:start(215)) - dfa92053-6d36-469c-b0e7-d151100efb82@group-E9578CD0BABE: start as a follower, conf=-1: [4e005ff2-b0a1-49c5-ae0b-0004e66f3274|rpc:172.17.0.2:37623, 0e1de31d-e867-4945-8f7b-16c35f8e70a9|rpc:172.17.0.2:36897, dfa92053-6d36-469c-b0e7-d151100efb82|rpc:172.17.0.2:42811], old=null
2020-12-08 02:18:46,479 [pool-395-thread-1] INFO  impl.RaftServerImpl (RaftServerImpl.java:setRole(204)) - dfa92053-6d36-469c-b0e7-d151100efb82@group-E9578CD0BABE: changes role from      null to FOLLOWER at term 0 for startAsFollower
2020-12-08 02:18:46,479 [pool-395-thread-1] INFO  impl.RoleInfo (RoleInfo.java:updateAndGet(143)) - dfa92053-6d36-469c-b0e7-d151100efb82: start dfa92053-6d36-469c-b0e7-d151100efb82@group-E9578CD0BABE-FollowerState
2020-12-08 02:18:46,481 [pool-395-thread-1] INFO  util.JmxRegister (JmxRegister.java:tryRegister(44)) - Successfully registered JMX Bean with object name Ratis:service=RaftServer,group=group-E9578CD0BABE,id=dfa92053-6d36-469c-b0e7-d151100efb82
2020-12-08 02:18:46,481 [pool-395-thread-1] INFO  metrics.RatisMetrics (RatisMetrics.java:lambda$create$0(36)) - Creating Metrics Registry : ratis.state_machine.dfa92053-6d36-469c-b0e7-d151100efb82@group-E9578CD0BABE
2020-12-08 02:18:46,486 [Command processor thread] INFO  metrics.RatisMetrics (RatisMetrics.java:lambda$create$0(36)) - Creating Metrics Registry : ratis.client_message_metrics.client-32E45CAC6519->4e005ff2-b0a1-49c5-ae0b-0004e66f3274
2020-12-08 02:18:46,497 [grpc-default-executor-4] INFO  metrics.RatisMetrics (RatisMetrics.java:lambda$create$0(36)) - Creating Metrics Registry : ratis.server_message_metrics.4e005ff2-b0a1-49c5-ae0b-0004e66f3274
2020-12-08 02:18:46,501 [grpc-default-executor-4] INFO  impl.RaftServerProxy (RaftServerProxy.java:addNew(93)) - 4e005ff2-b0a1-49c5-ae0b-0004e66f3274: addNew group-E9578CD0BABE:[4e005ff2-b0a1-49c5-ae0b-0004e66f3274|rpc:172.17.0.2:37623|dataStream:, 0e1de31d-e867-4945-8f7b-16c35f8e70a9|rpc:172.17.0.2:36897|dataStream:, dfa92053-6d36-469c-b0e7-d151100efb82|rpc:172.17.0.2:42811|dataStream:] returns group-E9578CD0BABE:java.util.concurrent.CompletableFuture@7104aa4c[Not completed]
2020-12-08 02:18:46,504 [pool-411-thread-1] INFO  impl.RaftServerImpl (RaftServerImpl.java:<init>(121)) - 4e005ff2-b0a1-49c5-ae0b-0004e66f3274: new RaftServerImpl for group-E9578CD0BABE:[4e005ff2-b0a1-49c5-ae0b-0004e66f3274|rpc:172.17.0.2:37623|dataStream:, 0e1de31d-e867-4945-8f7b-16c35f8e70a9|rpc:172.17.0.2:36897|dataStream:, dfa92053-6d36-469c-b0e7-d151100efb82|rpc:172.17.0.2:42811|dataStream:] with ContainerStateMachine:uninitialized
2020-12-08 02:18:46,505 [pool-411-thread-1] INFO  server.RaftServerConfigKeys (ConfUtils.java:logGet(44)) - raft.server.rpc.timeout.min = 5s (custom)
2020-12-08 02:18:46,505 [pool-411-thread-1] INFO  server.RaftServerConfigKeys (ConfUtils.java:logGet(44)) - raft.server.rpc.timeout.max = 5200ms (custom)
2020-12-08 02:18:46,506 [pool-411-thread-1] INFO  server.RaftServerConfigKeys (ConfUtils.java:logGet(44)) - raft.server.rpc.slowness.timeout = 300000ms (custom)
2020-12-08 02:18:46,509 [pool-411-thread-1] INFO  server.RaftServerConfigKeys (ConfUtils.java:logGet(44)) - raft.server.leaderelection.leader.step-down.wait-time = 10s (default)
2020-12-08 02:18:46,509 [pool-411-thread-1] INFO  server.RaftServerConfigKeys (ConfUtils.java:logGet(44)) - raft.server.sleep.deviation.threshold = 300 (default)
2020-12-08 02:18:46,509 [pool-411-thread-1] INFO  server.RaftServerConfigKeys (ConfUtils.java:logGet(44)) - raft.server.log.appender.install.snapshot.enabled = false (custom)
2020-12-08 02:18:46,509 [pool-411-thread-1] INFO  impl.RaftServerImpl (ServerState.java:<init>(104)) - 4e005ff2-b0a1-49c5-ae0b-0004e66f3274@group-E9578CD0BABE: ConfigurationManager, init=-1: [4e005ff2-b0a1-49c5-ae0b-0004e66f3274|rpc:172.17.0.2:37623|dataStream:, 0e1de31d-e867-4945-8f7b-16c35f8e70a9|rpc:172.17.0.2:36897|dataStream:, dfa92053-6d36-469c-b0e7-d151100efb82|rpc:172.17.0.2:42811|dataStream:], old=null, confs=<EMPTY_MAP>
2020-12-08 02:18:46,510 [pool-411-thread-1] INFO  server.RaftServerConfigKeys (ConfUtils.java:logGet(44)) - raft.server.storage.dir = [/github/workspace/mnt/ozone/hadoop-ozone/integration-test/target/test-dir/MiniOzoneClusterImpl-c7e5300f-f3f2-48d9-ae25-3e63411fd680/datanode-1/data/ratis] (custom)
2020-12-08 02:18:46,510 [pool-411-thread-1] INFO  server.RaftServerConfigKeys (ConfUtils.java:logGet(44)) - raft.server.log.corruption.policy = EXCEPTION (default)
2020-12-08 02:18:46,510 [pool-411-thread-1] INFO  storage.RaftStorageDirectory (RaftStorageDirectory.java:analyzeStorage(261)) - The storage directory /github/workspace/mnt/ozone/hadoop-ozone/integration-test/target/test-dir/MiniOzoneClusterImpl-c7e5300f-f3f2-48d9-ae25-3e63411fd680/datanode-1/data/ratis/30c5d1af-a688-44e8-a255-e9578cd0babe does not exist. Creating ...
2020-12-08 02:18:46,511 [pool-411-thread-1] INFO  storage.RaftStorageDirectory (RaftStorageDirectory.java:tryLock(343)) - Lock on /github/workspace/mnt/ozone/hadoop-ozone/integration-test/target/test-dir/MiniOzoneClusterImpl-c7e5300f-f3f2-48d9-ae25-3e63411fd680/datanode-1/data/ratis/30c5d1af-a688-44e8-a255-e9578cd0babe/in_use.lock acquired by nodename 18611@11cef1ca5a88
2020-12-08 02:18:46,512 [pool-411-thread-1] INFO  storage.RaftStorage (RaftStorage.java:format(85)) - Storage directory /github/workspace/mnt/ozone/hadoop-ozone/integration-test/target/test-dir/MiniOzoneClusterImpl-c7e5300f-f3f2-48d9-ae25-3e63411fd680/datanode-1/data/ratis/30c5d1af-a688-44e8-a255-e9578cd0babe has been successfully formatted.
2020-12-08 02:18:46,515 [pool-411-thread-1] INFO  ratis.ContainerStateMachine (ContainerStateMachine.java:loadSnapshot(225)) - group-E9578CD0BABE: The snapshot info is null. Setting the last applied indexto:(t:0, i:~)
2020-12-08 02:18:46,515 [pool-411-thread-1] INFO  server.RaftServerConfigKeys (ConfUtils.java:logGet(44)) - raft.server.notification.no-leader.timeout = 300000ms (custom)
2020-12-08 02:18:46,525 [pool-411-thread-1] INFO  server.RaftServerConfigKeys (ConfUtils.java:logGet(44)) - raft.server.log.use.memory = false (default)
2020-12-08 02:18:46,525 [pool-411-thread-1] INFO  server.RaftServerConfigKeys (ConfUtils.java:logGet(44)) - raft.server.log.purge.gap = 1000000 (custom)
2020-12-08 02:18:46,525 [pool-411-thread-1] INFO  metrics.RatisMetrics (RatisMetrics.java:lambda$create$0(36)) - Creating Metrics Registry : ratis.log_worker.4e005ff2-b0a1-49c5-ae0b-0004e66f3274@group-E9578CD0BABE
2020-12-08 02:18:46,526 [pool-411-thread-1] INFO  server.RaftServerConfigKeys (ConfUtils.java:logGet(44)) - raft.server.log.appender.buffer.byte-limit = 33554432 (custom)
2020-12-08 02:18:46,526 [pool-411-thread-1] INFO  server.RaftServerConfigKeys (ConfUtils.java:logGet(44)) - raft.server.log.segment.size.max = 1048576 (custom)
2020-12-08 02:18:46,526 [pool-411-thread-1] INFO  server.RaftServerConfigKeys (ConfUtils.java:logGet(44)) - raft.server.log.segment.cache.num.max = 2 (custom)
2020-12-08 02:18:46,526 [pool-411-thread-1] INFO  segmented.SegmentedRaftLogWorker (SegmentedRaftLogWorker.java:<init>(180)) - new 4e005ff2-b0a1-49c5-ae0b-0004e66f3274@group-E9578CD0BABE-SegmentedRaftLogWorker for RaftStorage:Storage Directory /github/workspace/mnt/ozone/hadoop-ozone/integration-test/target/test-dir/MiniOzoneClusterImpl-c7e5300f-f3f2-48d9-ae25-3e63411fd680/datanode-1/data/ratis/30c5d1af-a688-44e8-a255-e9578cd0babe
2020-12-08 02:18:46,526 [pool-411-thread-1] INFO  server.RaftServerConfigKeys (ConfUtils.java:logGet(44)) - raft.server.log.queue.byte-limit = 2147483647 (custom)
2020-12-08 02:18:46,526 [pool-411-thread-1] INFO  server.RaftServerConfigKeys (ConfUtils.java:logGet(44)) - raft.server.log.queue.element-limit = 1024 (custom)
2020-12-08 02:18:46,527 [pool-411-thread-1] INFO  server.RaftServerConfigKeys (ConfUtils.java:logGet(44)) - raft.server.log.segment.size.max = 1048576 (custom)
2020-12-08 02:18:46,527 [pool-411-thread-1] INFO  server.RaftServerConfigKeys (ConfUtils.java:logGet(44)) - raft.server.log.preallocated.size = 16384 (custom)
2020-12-08 02:18:46,527 [pool-411-thread-1] INFO  server.RaftServerConfigKeys (ConfUtils.java:logGet(44)) - raft.server.log.write.buffer.size = 1048576 (custom)
2020-12-08 02:18:46,527 [pool-411-thread-1] INFO  server.RaftServerConfigKeys (ConfUtils.java:logGet(44)) - raft.server.log.force.sync.num = 128 (default)
2020-12-08 02:18:46,527 [pool-411-thread-1] INFO  server.RaftServerConfigKeys (ConfUtils.java:logGet(44)) - raft.server.log.statemachine.data.sync = true (default)
2020-12-08 02:18:46,527 [pool-411-thread-1] INFO  server.RaftServerConfigKeys (ConfUtils.java:logGet(44)) - raft.server.log.statemachine.data.sync.timeout = 10s (default)
2020-12-08 02:18:46,527 [pool-411-thread-1] INFO  server.RaftServerConfigKeys (ConfUtils.java:logGet(44)) - raft.server.log.statemachine.data.sync.timeout.retry = -1 (default)
2020-12-08 02:18:46,529 [pool-411-thread-1] INFO  server.RaftServerConfigKeys (ConfUtils.java:logGet(44)) - raft.server.log.statemachine.data.caching.enabled = true (custom)
2020-12-08 02:18:46,530 [pool-411-thread-1] INFO  segmented.SegmentedRaftLogWorker (SegmentedRaftLogWorker.java:lambda$new$0(129)) - 4e005ff2-b0a1-49c5-ae0b-0004e66f3274@group-E9578CD0BABE-SegmentedRaftLogWorker: flushIndex: setUnconditionally 0 -> -1
2020-12-08 02:18:46,530 [pool-411-thread-1] INFO  segmented.SegmentedRaftLogWorker (SegmentedRaftLogWorker.java:lambda$new$0(129)) - 4e005ff2-b0a1-49c5-ae0b-0004e66f3274@group-E9578CD0BABE-SegmentedRaftLogWorker: safeCacheEvictIndex: setUnconditionally 0 -> -1
2020-12-08 02:18:46,531 [pool-411-thread-1] INFO  server.RaftServerConfigKeys (ConfUtils.java:logGet(44)) - raft.server.snapshot.auto.trigger.enabled = true (custom)
2020-12-08 02:18:46,531 [pool-411-thread-1] INFO  server.RaftServerConfigKeys (ConfUtils.java:logGet(44)) - raft.server.snapshot.auto.trigger.threshold = 10000 (custom)
2020-12-08 02:18:46,531 [pool-411-thread-1] INFO  server.RaftServerConfigKeys (ConfUtils.java:logGet(44)) - raft.server.snapshot.retention.file.num = 5 (custom)
2020-12-08 02:18:46,531 [pool-411-thread-1] INFO  server.RaftServerConfigKeys (ConfUtils.java:logGet(44)) - raft.server.log.purge.upto.snapshot.index = false (default)
2020-12-08 02:18:46,531 [pool-411-thread-1] INFO  server.RaftServerConfigKeys (ConfUtils.java:logGet(44)) - raft.server.retrycache.expirytime = 600000ms (custom)
2020-12-08 02:18:46,531 [pool-411-thread-1] INFO  metrics.RatisMetrics (RatisMetrics.java:lambda$create$0(36)) - Creating Metrics Registry : ratis.leader_election.4e005ff2-b0a1-49c5-ae0b-0004e66f3274@group-E9578CD0BABE
2020-12-08 02:18:46,532 [pool-411-thread-1] INFO  metrics.RatisMetrics (RatisMetrics.java:lambda$create$0(36)) - Creating Metrics Registry : ratis.server.4e005ff2-b0a1-49c5-ae0b-0004e66f3274@group-E9578CD0BABE
2020-12-08 02:18:46,534 [EventQueue-PipelineReportForOneReplicaPipelineSafeModeRule] INFO  safemode.SCMSafeModeManager (SCMSafeModeManager.java:validateSafeModeExitRules(214)) - AtleastOneDatanodeReportedRule rule is successfully validated
2020-12-08 02:18:46,535 [pool-411-thread-1] INFO  impl.RaftServerImpl (RaftServerImpl.java:start(215)) - 4e005ff2-b0a1-49c5-ae0b-0004e66f3274@group-E9578CD0BABE: start as a follower, conf=-1: [4e005ff2-b0a1-49c5-ae0b-0004e66f3274|rpc:172.17.0.2:37623|dataStream:, 0e1de31d-e867-4945-8f7b-16c35f8e70a9|rpc:172.17.0.2:36897|dataStream:, dfa92053-6d36-469c-b0e7-d151100efb82|rpc:172.17.0.2:42811|dataStream:], old=null
2020-12-08 02:18:46,535 [pool-411-thread-1] INFO  impl.RaftServerImpl (RaftServerImpl.java:setRole(204)) - 4e005ff2-b0a1-49c5-ae0b-0004e66f3274@group-E9578CD0BABE: changes role from      null to FOLLOWER at term 0 for startAsFollower
2020-12-08 02:18:46,535 [pool-411-thread-1] INFO  impl.RoleInfo (RoleInfo.java:updateAndGet(143)) - 4e005ff2-b0a1-49c5-ae0b-0004e66f3274: start 4e005ff2-b0a1-49c5-ae0b-0004e66f3274@group-E9578CD0BABE-FollowerState
2020-12-08 02:18:46,536 [pool-411-thread-1] INFO  util.JmxRegister (JmxRegister.java:tryRegister(44)) - Successfully registered JMX Bean with object name Ratis:service=RaftServer,group=group-E9578CD0BABE,id=4e005ff2-b0a1-49c5-ae0b-0004e66f3274
2020-12-08 02:18:46,536 [pool-411-thread-1] INFO  metrics.RatisMetrics (RatisMetrics.java:lambda$create$0(36)) - Creating Metrics Registry : ratis.state_machine.4e005ff2-b0a1-49c5-ae0b-0004e66f3274@group-E9578CD0BABE
2020-12-08 02:18:46,547 [Command processor thread] INFO  metrics.RatisMetrics (RatisMetrics.java:lambda$create$0(36)) - Creating Metrics Registry : ratis.client_message_metrics.client-0A2356C328D6->0e1de31d-e867-4945-8f7b-16c35f8e70a9
2020-12-08 02:18:46,555 [grpc-default-executor-4] INFO  metrics.RatisMetrics (RatisMetrics.java:lambda$create$0(36)) - Creating Metrics Registry : ratis.server_message_metrics.0e1de31d-e867-4945-8f7b-16c35f8e70a9
2020-12-08 02:18:46,559 [grpc-default-executor-4] INFO  impl.RaftServerProxy (RaftServerProxy.java:addNew(93)) - 0e1de31d-e867-4945-8f7b-16c35f8e70a9: addNew group-E9578CD0BABE:[4e005ff2-b0a1-49c5-ae0b-0004e66f3274|rpc:172.17.0.2:37623|dataStream:, 0e1de31d-e867-4945-8f7b-16c35f8e70a9|rpc:172.17.0.2:36897|dataStream:, dfa92053-6d36-469c-b0e7-d151100efb82|rpc:172.17.0.2:42811|dataStream:] returns group-E9578CD0BABE:java.util.concurrent.CompletableFuture@20222eb0[Not completed]
2020-12-08 02:18:46,560 [pool-427-thread-1] INFO  impl.RaftServerImpl (RaftServerImpl.java:<init>(121)) - 0e1de31d-e867-4945-8f7b-16c35f8e70a9: new RaftServerImpl for group-E9578CD0BABE:[4e005ff2-b0a1-49c5-ae0b-0004e66f3274|rpc:172.17.0.2:37623|dataStream:, 0e1de31d-e867-4945-8f7b-16c35f8e70a9|rpc:172.17.0.2:36897|dataStream:, dfa92053-6d36-469c-b0e7-d151100efb82|rpc:172.17.0.2:42811|dataStream:] with ContainerStateMachine:uninitialized
2020-12-08 02:18:46,561 [pool-427-thread-1] INFO  server.RaftServerConfigKeys (ConfUtils.java:logGet(44)) - raft.server.rpc.timeout.min = 5s (custom)
2020-12-08 02:18:46,561 [pool-427-thread-1] INFO  server.RaftServerConfigKeys (ConfUtils.java:logGet(44)) - raft.server.rpc.timeout.max = 5200ms (custom)
2020-12-08 02:18:46,561 [pool-427-thread-1] INFO  server.RaftServerConfigKeys (ConfUtils.java:logGet(44)) - raft.server.rpc.slowness.timeout = 300000ms (custom)
2020-12-08 02:18:46,561 [pool-427-thread-1] INFO  server.RaftServerConfigKeys (ConfUtils.java:logGet(44)) - raft.server.leaderelection.leader.step-down.wait-time = 10s (default)
2020-12-08 02:18:46,561 [pool-427-thread-1] INFO  server.RaftServerConfigKeys (ConfUtils.java:logGet(44)) - raft.server.sleep.deviation.threshold = 300 (default)
2020-12-08 02:18:46,561 [pool-427-thread-1] INFO  server.RaftServerConfigKeys (ConfUtils.java:logGet(44)) - raft.server.log.appender.install.snapshot.enabled = false (custom)
2020-12-08 02:18:46,562 [pool-427-thread-1] INFO  impl.RaftServerImpl (ServerState.java:<init>(104)) - 0e1de31d-e867-4945-8f7b-16c35f8e70a9@group-E9578CD0BABE: ConfigurationManager, init=-1: [4e005ff2-b0a1-49c5-ae0b-0004e66f3274|rpc:172.17.0.2:37623|dataStream:, 0e1de31d-e867-4945-8f7b-16c35f8e70a9|rpc:172.17.0.2:36897|dataStream:, dfa92053-6d36-469c-b0e7-d151100efb82|rpc:172.17.0.2:42811|dataStream:], old=null, confs=<EMPTY_MAP>
2020-12-08 02:18:46,562 [pool-427-thread-1] INFO  server.RaftServerConfigKeys (ConfUtils.java:logGet(44)) - raft.server.storage.dir = [/github/workspace/mnt/ozone/hadoop-ozone/integration-test/target/test-dir/MiniOzoneClusterImpl-c7e5300f-f3f2-48d9-ae25-3e63411fd680/datanode-2/data/ratis] (custom)
2020-12-08 02:18:46,562 [pool-427-thread-1] INFO  server.RaftServerConfigKeys (ConfUtils.java:logGet(44)) - raft.server.log.corruption.policy = EXCEPTION (default)
2020-12-08 02:18:46,562 [pool-427-thread-1] INFO  storage.RaftStorageDirectory (RaftStorageDirectory.java:analyzeStorage(261)) - The storage directory /github/workspace/mnt/ozone/hadoop-ozone/integration-test/target/test-dir/MiniOzoneClusterImpl-c7e5300f-f3f2-48d9-ae25-3e63411fd680/datanode-2/data/ratis/30c5d1af-a688-44e8-a255-e9578cd0babe does not exist. Creating ...
2020-12-08 02:18:46,564 [pool-427-thread-1] INFO  storage.RaftStorageDirectory (RaftStorageDirectory.java:tryLock(343)) - Lock on /github/workspace/mnt/ozone/hadoop-ozone/integration-test/target/test-dir/MiniOzoneClusterImpl-c7e5300f-f3f2-48d9-ae25-3e63411fd680/datanode-2/data/ratis/30c5d1af-a688-44e8-a255-e9578cd0babe/in_use.lock acquired by nodename 18611@11cef1ca5a88
2020-12-08 02:18:46,572 [pool-427-thread-1] INFO  storage.RaftStorage (RaftStorage.java:format(85)) - Storage directory /github/workspace/mnt/ozone/hadoop-ozone/integration-test/target/test-dir/MiniOzoneClusterImpl-c7e5300f-f3f2-48d9-ae25-3e63411fd680/datanode-2/data/ratis/30c5d1af-a688-44e8-a255-e9578cd0babe has been successfully formatted.
2020-12-08 02:18:46,573 [pool-427-thread-1] INFO  ratis.ContainerStateMachine (ContainerStateMachine.java:loadSnapshot(225)) - group-E9578CD0BABE: The snapshot info is null. Setting the last applied indexto:(t:0, i:~)
2020-12-08 02:18:46,573 [pool-427-thread-1] INFO  server.RaftServerConfigKeys (ConfUtils.java:logGet(44)) - raft.server.notification.no-leader.timeout = 300000ms (custom)
2020-12-08 02:18:46,574 [pool-427-thread-1] INFO  server.RaftServerConfigKeys (ConfUtils.java:logGet(44)) - raft.server.log.use.memory = false (default)
2020-12-08 02:18:46,574 [pool-427-thread-1] INFO  server.RaftServerConfigKeys (ConfUtils.java:logGet(44)) - raft.server.log.purge.gap = 1000000 (custom)
2020-12-08 02:18:46,574 [pool-427-thread-1] INFO  metrics.RatisMetrics (RatisMetrics.java:lambda$create$0(36)) - Creating Metrics Registry : ratis.log_worker.0e1de31d-e867-4945-8f7b-16c35f8e70a9@group-E9578CD0BABE
2020-12-08 02:18:46,575 [EventQueue-PipelineReportForOneReplicaPipelineSafeModeRule] INFO  safemode.SCMSafeModeManager (SCMSafeModeManager.java:validateSafeModeExitRules(214)) - AtleastOneDatanodeReportedRule rule is successfully validated
2020-12-08 02:18:46,575 [pool-427-thread-1] INFO  server.RaftServerConfigKeys (ConfUtils.java:logGet(44)) - raft.server.log.appender.buffer.byte-limit = 33554432 (custom)
2020-12-08 02:18:46,575 [pool-427-thread-1] INFO  server.RaftServerConfigKeys (ConfUtils.java:logGet(44)) - raft.server.log.segment.size.max = 1048576 (custom)
2020-12-08 02:18:46,576 [pool-427-thread-1] INFO  server.RaftServerConfigKeys (ConfUtils.java:logGet(44)) - raft.server.log.segment.cache.num.max = 2 (custom)
2020-12-08 02:18:46,576 [pool-427-thread-1] INFO  segmented.SegmentedRaftLogWorker (SegmentedRaftLogWorker.java:<init>(180)) - new 0e1de31d-e867-4945-8f7b-16c35f8e70a9@group-E9578CD0BABE-SegmentedRaftLogWorker for RaftStorage:Storage Directory /github/workspace/mnt/ozone/hadoop-ozone/integration-test/target/test-dir/MiniOzoneClusterImpl-c7e5300f-f3f2-48d9-ae25-3e63411fd680/datanode-2/data/ratis/30c5d1af-a688-44e8-a255-e9578cd0babe
2020-12-08 02:18:46,576 [pool-427-thread-1] INFO  server.RaftServerConfigKeys (ConfUtils.java:logGet(44)) - raft.server.log.queue.byte-limit = 2147483647 (custom)
2020-12-08 02:18:46,576 [pool-427-thread-1] INFO  server.RaftServerConfigKeys (ConfUtils.java:logGet(44)) - raft.server.log.queue.element-limit = 1024 (custom)
2020-12-08 02:18:46,576 [pool-427-thread-1] INFO  server.RaftServerConfigKeys (ConfUtils.java:logGet(44)) - raft.server.log.segment.size.max = 1048576 (custom)
2020-12-08 02:18:46,576 [pool-427-thread-1] INFO  server.RaftServerConfigKeys (ConfUtils.java:logGet(44)) - raft.server.log.preallocated.size = 16384 (custom)
2020-12-08 02:18:46,577 [pool-427-thread-1] INFO  server.RaftServerConfigKeys (ConfUtils.java:logGet(44)) - raft.server.log.write.buffer.size = 1048576 (custom)
2020-12-08 02:18:46,577 [pool-427-thread-1] INFO  server.RaftServerConfigKeys (ConfUtils.java:logGet(44)) - raft.server.log.force.sync.num = 128 (default)
2020-12-08 02:18:46,577 [pool-427-thread-1] INFO  server.RaftServerConfigKeys (ConfUtils.java:logGet(44)) - raft.server.log.statemachine.data.sync = true (default)
2020-12-08 02:18:46,577 [pool-427-thread-1] INFO  server.RaftServerConfigKeys (ConfUtils.java:logGet(44)) - raft.server.log.statemachine.data.sync.timeout = 10s (default)
2020-12-08 02:18:46,578 [pool-427-thread-1] INFO  server.RaftServerConfigKeys (ConfUtils.java:logGet(44)) - raft.server.log.statemachine.data.sync.timeout.retry = -1 (default)
2020-12-08 02:18:46,580 [pool-427-thread-1] INFO  server.RaftServerConfigKeys (ConfUtils.java:logGet(44)) - raft.server.log.statemachine.data.caching.enabled = true (custom)
2020-12-08 02:18:46,580 [pool-427-thread-1] INFO  segmented.SegmentedRaftLogWorker (SegmentedRaftLogWorker.java:lambda$new$0(129)) - 0e1de31d-e867-4945-8f7b-16c35f8e70a9@group-E9578CD0BABE-SegmentedRaftLogWorker: flushIndex: setUnconditionally 0 -> -1
2020-12-08 02:18:46,580 [pool-427-thread-1] INFO  segmented.SegmentedRaftLogWorker (SegmentedRaftLogWorker.java:lambda$new$0(129)) - 0e1de31d-e867-4945-8f7b-16c35f8e70a9@group-E9578CD0BABE-SegmentedRaftLogWorker: safeCacheEvictIndex: setUnconditionally 0 -> -1
2020-12-08 02:18:46,580 [pool-427-thread-1] INFO  server.RaftServerConfigKeys (ConfUtils.java:logGet(44)) - raft.server.snapshot.auto.trigger.enabled = true (custom)
2020-12-08 02:18:46,580 [pool-427-thread-1] INFO  server.RaftServerConfigKeys (ConfUtils.java:logGet(44)) - raft.server.snapshot.auto.trigger.threshold = 10000 (custom)
2020-12-08 02:18:46,581 [pool-427-thread-1] INFO  server.RaftServerConfigKeys (ConfUtils.java:logGet(44)) - raft.server.snapshot.retention.file.num = 5 (custom)
2020-12-08 02:18:46,581 [pool-427-thread-1] INFO  server.RaftServerConfigKeys (ConfUtils.java:logGet(44)) - raft.server.log.purge.upto.snapshot.index = false (default)
2020-12-08 02:18:46,581 [pool-427-thread-1] INFO  server.RaftServerConfigKeys (ConfUtils.java:logGet(44)) - raft.server.retrycache.expirytime = 600000ms (custom)
2020-12-08 02:18:46,581 [pool-427-thread-1] INFO  metrics.RatisMetrics (RatisMetrics.java:lambda$create$0(36)) - Creating Metrics Registry : ratis.leader_election.0e1de31d-e867-4945-8f7b-16c35f8e70a9@group-E9578CD0BABE
2020-12-08 02:18:46,581 [pool-427-thread-1] INFO  metrics.RatisMetrics (RatisMetrics.java:lambda$create$0(36)) - Creating Metrics Registry : ratis.server.0e1de31d-e867-4945-8f7b-16c35f8e70a9@group-E9578CD0BABE
2020-12-08 02:18:46,582 [pool-427-thread-1] INFO  impl.RaftServerImpl (RaftServerImpl.java:start(215)) - 0e1de31d-e867-4945-8f7b-16c35f8e70a9@group-E9578CD0BABE: start as a follower, conf=-1: [4e005ff2-b0a1-49c5-ae0b-0004e66f3274|rpc:172.17.0.2:37623|dataStream:, 0e1de31d-e867-4945-8f7b-16c35f8e70a9|rpc:172.17.0.2:36897|dataStream:, dfa92053-6d36-469c-b0e7-d151100efb82|rpc:172.17.0.2:42811|dataStream:], old=null
2020-12-08 02:18:46,582 [pool-427-thread-1] INFO  impl.RaftServerImpl (RaftServerImpl.java:setRole(204)) - 0e1de31d-e867-4945-8f7b-16c35f8e70a9@group-E9578CD0BABE: changes role from      null to FOLLOWER at term 0 for startAsFollower
2020-12-08 02:18:46,583 [pool-427-thread-1] INFO  impl.RoleInfo (RoleInfo.java:updateAndGet(143)) - 0e1de31d-e867-4945-8f7b-16c35f8e70a9: start 0e1de31d-e867-4945-8f7b-16c35f8e70a9@group-E9578CD0BABE-FollowerState
2020-12-08 02:18:46,583 [pool-427-thread-1] INFO  util.JmxRegister (JmxRegister.java:tryRegister(44)) - Successfully registered JMX Bean with object name Ratis:service=RaftServer,group=group-E9578CD0BABE,id=0e1de31d-e867-4945-8f7b-16c35f8e70a9
2020-12-08 02:18:46,583 [pool-427-thread-1] INFO  metrics.RatisMetrics (RatisMetrics.java:lambda$create$0(36)) - Creating Metrics Registry : ratis.state_machine.0e1de31d-e867-4945-8f7b-16c35f8e70a9@group-E9578CD0BABE
2020-12-08 02:18:46,588 [Command processor thread] INFO  commandhandler.CreatePipelineCommandHandler (CreatePipelineCommandHandler.java:handle(106)) - Created Pipeline RATIS THREE PipelineID=30c5d1af-a688-44e8-a255-e9578cd0babe.
2020-12-08 02:18:46,658 [Command processor thread] INFO  impl.RaftServerProxy (RaftServerProxy.java:addNew(93)) - 4e005ff2-b0a1-49c5-ae0b-0004e66f3274: addNew group-2E615D348FAA:[4e005ff2-b0a1-49c5-ae0b-0004e66f3274|rpc:172.17.0.2:37623] returns group-2E615D348FAA:java.util.concurrent.CompletableFuture@70daabed[Not completed]
2020-12-08 02:18:46,659 [pool-411-thread-1] INFO  impl.RaftServerImpl (RaftServerImpl.java:<init>(121)) - 4e005ff2-b0a1-49c5-ae0b-0004e66f3274: new RaftServerImpl for group-2E615D348FAA:[4e005ff2-b0a1-49c5-ae0b-0004e66f3274|rpc:172.17.0.2:37623] with ContainerStateMachine:uninitialized
2020-12-08 02:18:46,659 [pool-411-thread-1] INFO  server.RaftServerConfigKeys (ConfUtils.java:logGet(44)) - raft.server.rpc.timeout.min = 5s (custom)
2020-12-08 02:18:46,659 [pool-411-thread-1] INFO  server.RaftServerConfigKeys (ConfUtils.java:logGet(44)) - raft.server.rpc.timeout.max = 5200ms (custom)
2020-12-08 02:18:46,659 [pool-411-thread-1] INFO  server.RaftServerConfigKeys (ConfUtils.java:logGet(44)) - raft.server.rpc.slowness.timeout = 300000ms (custom)
2020-12-08 02:18:46,659 [pool-411-thread-1] INFO  server.RaftServerConfigKeys (ConfUtils.java:logGet(44)) - raft.server.leaderelection.leader.step-down.wait-time = 10s (default)
2020-12-08 02:18:46,659 [pool-411-thread-1] INFO  server.RaftServerConfigKeys (ConfUtils.java:logGet(44)) - raft.server.sleep.deviation.threshold = 300 (default)
2020-12-08 02:18:46,659 [pool-411-thread-1] INFO  server.RaftServerConfigKeys (ConfUtils.java:logGet(44)) - raft.server.log.appender.install.snapshot.enabled = false (custom)
2020-12-08 02:18:46,659 [pool-411-thread-1] INFO  impl.RaftServerImpl (ServerState.java:<init>(104)) - 4e005ff2-b0a1-49c5-ae0b-0004e66f3274@group-2E615D348FAA: ConfigurationManager, init=-1: [4e005ff2-b0a1-49c5-ae0b-0004e66f3274|rpc:172.17.0.2:37623], old=null, confs=<EMPTY_MAP>
2020-12-08 02:18:46,659 [pool-411-thread-1] INFO  server.RaftServerConfigKeys (ConfUtils.java:logGet(44)) - raft.server.storage.dir = [/github/workspace/mnt/ozone/hadoop-ozone/integration-test/target/test-dir/MiniOzoneClusterImpl-c7e5300f-f3f2-48d9-ae25-3e63411fd680/datanode-1/data/ratis] (custom)
2020-12-08 02:18:46,659 [pool-411-thread-1] INFO  server.RaftServerConfigKeys (ConfUtils.java:logGet(44)) - raft.server.log.corruption.policy = EXCEPTION (default)
2020-12-08 02:18:46,660 [pool-411-thread-1] INFO  storage.RaftStorageDirectory (RaftStorageDirectory.java:analyzeStorage(261)) - The storage directory /github/workspace/mnt/ozone/hadoop-ozone/integration-test/target/test-dir/MiniOzoneClusterImpl-c7e5300f-f3f2-48d9-ae25-3e63411fd680/datanode-1/data/ratis/843bdb48-87af-4c6e-b8ba-2e615d348faa does not exist. Creating ...
2020-12-08 02:18:46,661 [pool-411-thread-1] INFO  storage.RaftStorageDirectory (RaftStorageDirectory.java:tryLock(343)) - Lock on /github/workspace/mnt/ozone/hadoop-ozone/integration-test/target/test-dir/MiniOzoneClusterImpl-c7e5300f-f3f2-48d9-ae25-3e63411fd680/datanode-1/data/ratis/843bdb48-87af-4c6e-b8ba-2e615d348faa/in_use.lock acquired by nodename 18611@11cef1ca5a88
2020-12-08 02:18:46,662 [pool-411-thread-1] INFO  storage.RaftStorage (RaftStorage.java:format(85)) - Storage directory /github/workspace/mnt/ozone/hadoop-ozone/integration-test/target/test-dir/MiniOzoneClusterImpl-c7e5300f-f3f2-48d9-ae25-3e63411fd680/datanode-1/data/ratis/843bdb48-87af-4c6e-b8ba-2e615d348faa has been successfully formatted.
2020-12-08 02:18:46,662 [pool-411-thread-1] INFO  ratis.ContainerStateMachine (ContainerStateMachine.java:loadSnapshot(225)) - group-2E615D348FAA: The snapshot info is null. Setting the last applied indexto:(t:0, i:~)
2020-12-08 02:18:46,662 [pool-411-thread-1] INFO  server.RaftServerConfigKeys (ConfUtils.java:logGet(44)) - raft.server.notification.no-leader.timeout = 300000ms (custom)
2020-12-08 02:18:46,663 [pool-411-thread-1] INFO  server.RaftServerConfigKeys (ConfUtils.java:logGet(44)) - raft.server.log.use.memory = false (default)
2020-12-08 02:18:46,663 [pool-411-thread-1] INFO  server.RaftServerConfigKeys (ConfUtils.java:logGet(44)) - raft.server.log.purge.gap = 1000000 (custom)
2020-12-08 02:18:46,663 [EventQueue-PipelineReportForPipelineReportHandler] INFO  pipeline.PipelineStateManager (PipelineStateManager.java:openPipeline(132)) - Pipeline Pipeline[ Id: 843bdb48-87af-4c6e-b8ba-2e615d348faa, Nodes: 4e005ff2-b0a1-49c5-ae0b-0004e66f3274{ip: 172.17.0.2, host: 11cef1ca5a88, networkLocation: /default-rack, certSerialId: null, persistedOpState: IN_SERVICE, persistedOpStateExpiryEpochSec: 0}, Type:RATIS, Factor:ONE, State:ALLOCATED, leaderId:4e005ff2-b0a1-49c5-ae0b-0004e66f3274, CreationTimestamp2020-12-08T02:18:43.660Z] moved to OPEN state
2020-12-08 02:18:46,663 [EventQueue-PipelineReportForOneReplicaPipelineSafeModeRule] INFO  safemode.SCMSafeModeManager (SCMSafeModeManager.java:validateSafeModeExitRules(214)) - AtleastOneDatanodeReportedRule rule is successfully validated
2020-12-08 02:18:46,664 [EventQueue-OpenPipelineForHealthyPipelineSafeModeRule] INFO  safemode.SCMSafeModeManager (HealthyPipelineSafeModeRule.java:process(128)) - SCM in safe mode. Healthy pipelines reported count is 0, required healthy pipeline reported count is 1
2020-12-08 02:18:46,665 [pool-411-thread-1] INFO  metrics.RatisMetrics (RatisMetrics.java:lambda$create$0(36)) - Creating Metrics Registry : ratis.log_worker.4e005ff2-b0a1-49c5-ae0b-0004e66f3274@group-2E615D348FAA
2020-12-08 02:18:46,665 [pool-411-thread-1] INFO  server.RaftServerConfigKeys (ConfUtils.java:logGet(44)) - raft.server.log.appender.buffer.byte-limit = 33554432 (custom)
2020-12-08 02:18:46,665 [pool-411-thread-1] INFO  server.RaftServerConfigKeys (ConfUtils.java:logGet(44)) - raft.server.log.segment.size.max = 1048576 (custom)
2020-12-08 02:18:46,666 [pool-411-thread-1] INFO  server.RaftServerConfigKeys (ConfUtils.java:logGet(44)) - raft.server.log.segment.cache.num.max = 2 (custom)
2020-12-08 02:18:46,666 [pool-411-thread-1] INFO  segmented.SegmentedRaftLogWorker (SegmentedRaftLogWorker.java:<init>(180)) - new 4e005ff2-b0a1-49c5-ae0b-0004e66f3274@group-2E615D348FAA-SegmentedRaftLogWorker for RaftStorage:Storage Directory /github/workspace/mnt/ozone/hadoop-ozone/integration-test/target/test-dir/MiniOzoneClusterImpl-c7e5300f-f3f2-48d9-ae25-3e63411fd680/datanode-1/data/ratis/843bdb48-87af-4c6e-b8ba-2e615d348faa
2020-12-08 02:18:46,666 [pool-411-thread-1] INFO  server.RaftServerConfigKeys (ConfUtils.java:logGet(44)) - raft.server.log.queue.byte-limit = 2147483647 (custom)
2020-12-08 02:18:46,666 [pool-411-thread-1] INFO  server.RaftServerConfigKeys (ConfUtils.java:logGet(44)) - raft.server.log.queue.element-limit = 1024 (custom)
2020-12-08 02:18:46,667 [pool-411-thread-1] INFO  server.RaftServerConfigKeys (ConfUtils.java:logGet(44)) - raft.server.log.segment.size.max = 1048576 (custom)
2020-12-08 02:18:46,667 [pool-411-thread-1] INFO  server.RaftServerConfigKeys (ConfUtils.java:logGet(44)) - raft.server.log.preallocated.size = 16384 (custom)
2020-12-08 02:18:46,667 [pool-411-thread-1] INFO  server.RaftServerConfigKeys (ConfUtils.java:logGet(44)) - raft.server.log.write.buffer.size = 1048576 (custom)
2020-12-08 02:18:46,667 [pool-411-thread-1] INFO  server.RaftServerConfigKeys (ConfUtils.java:logGet(44)) - raft.server.log.force.sync.num = 128 (default)
2020-12-08 02:18:46,667 [pool-411-thread-1] INFO  server.RaftServerConfigKeys (ConfUtils.java:logGet(44)) - raft.server.log.statemachine.data.sync = true (default)
2020-12-08 02:18:46,667 [pool-411-thread-1] INFO  server.RaftServerConfigKeys (ConfUtils.java:logGet(44)) - raft.server.log.statemachine.data.sync.timeout = 10s (default)
2020-12-08 02:18:46,667 [pool-411-thread-1] INFO  server.RaftServerConfigKeys (ConfUtils.java:logGet(44)) - raft.server.log.statemachine.data.sync.timeout.retry = -1 (default)
2020-12-08 02:18:46,669 [pool-411-thread-1] INFO  server.RaftServerConfigKeys (ConfUtils.java:logGet(44)) - raft.server.log.statemachine.data.caching.enabled = true (custom)
2020-12-08 02:18:46,670 [pool-411-thread-1] INFO  segmented.SegmentedRaftLogWorker (SegmentedRaftLogWorker.java:lambda$new$0(129)) - 4e005ff2-b0a1-49c5-ae0b-0004e66f3274@group-2E615D348FAA-SegmentedRaftLogWorker: flushIndex: setUnconditionally 0 -> -1
2020-12-08 02:18:46,670 [pool-411-thread-1] INFO  segmented.SegmentedRaftLogWorker (SegmentedRaftLogWorker.java:lambda$new$0(129)) - 4e005ff2-b0a1-49c5-ae0b-0004e66f3274@group-2E615D348FAA-SegmentedRaftLogWorker: safeCacheEvictIndex: setUnconditionally 0 -> -1
2020-12-08 02:18:46,670 [pool-411-thread-1] INFO  server.RaftServerConfigKeys (ConfUtils.java:logGet(44)) - raft.server.snapshot.auto.trigger.enabled = true (custom)
2020-12-08 02:18:46,670 [pool-411-thread-1] INFO  server.RaftServerConfigKeys (ConfUtils.java:logGet(44)) - raft.server.snapshot.auto.trigger.threshold = 10000 (custom)
2020-12-08 02:18:46,670 [pool-411-thread-1] INFO  server.RaftServerConfigKeys (ConfUtils.java:logGet(44)) - raft.server.snapshot.retention.file.num = 5 (custom)
2020-12-08 02:18:46,670 [pool-411-thread-1] INFO  server.RaftServerConfigKeys (ConfUtils.java:logGet(44)) - raft.server.log.purge.upto.snapshot.index = false (default)
2020-12-08 02:18:46,670 [pool-411-thread-1] INFO  server.RaftServerConfigKeys (ConfUtils.java:logGet(44)) - raft.server.retrycache.expirytime = 600000ms (custom)
2020-12-08 02:18:46,670 [pool-411-thread-1] INFO  metrics.RatisMetrics (RatisMetrics.java:lambda$create$0(36)) - Creating Metrics Registry : ratis.leader_election.4e005ff2-b0a1-49c5-ae0b-0004e66f3274@group-2E615D348FAA
2020-12-08 02:18:46,671 [pool-411-thread-1] INFO  metrics.RatisMetrics (RatisMetrics.java:lambda$create$0(36)) - Creating Metrics Registry : ratis.server.4e005ff2-b0a1-49c5-ae0b-0004e66f3274@group-2E615D348FAA
2020-12-08 02:18:46,672 [pool-411-thread-1] INFO  impl.RaftServerImpl (RaftServerImpl.java:start(215)) - 4e005ff2-b0a1-49c5-ae0b-0004e66f3274@group-2E615D348FAA: start as a follower, conf=-1: [4e005ff2-b0a1-49c5-ae0b-0004e66f3274|rpc:172.17.0.2:37623], old=null
2020-12-08 02:18:46,672 [pool-411-thread-1] INFO  impl.RaftServerImpl (RaftServerImpl.java:setRole(204)) - 4e005ff2-b0a1-49c5-ae0b-0004e66f3274@group-2E615D348FAA: changes role from      null to FOLLOWER at term 0 for startAsFollower
2020-12-08 02:18:46,672 [pool-411-thread-1] INFO  impl.RoleInfo (RoleInfo.java:updateAndGet(143)) - 4e005ff2-b0a1-49c5-ae0b-0004e66f3274: start 4e005ff2-b0a1-49c5-ae0b-0004e66f3274@group-2E615D348FAA-FollowerState
2020-12-08 02:18:46,673 [pool-411-thread-1] INFO  util.JmxRegister (JmxRegister.java:tryRegister(44)) - Successfully registered JMX Bean with object name Ratis:service=RaftServer,group=group-2E615D348FAA,id=4e005ff2-b0a1-49c5-ae0b-0004e66f3274
2020-12-08 02:18:46,674 [pool-411-thread-1] INFO  metrics.RatisMetrics (RatisMetrics.java:lambda$create$0(36)) - Creating Metrics Registry : ratis.state_machine.4e005ff2-b0a1-49c5-ae0b-0004e66f3274@group-2E615D348FAA
2020-12-08 02:18:46,675 [Command processor thread] INFO  commandhandler.CreatePipelineCommandHandler (CreatePipelineCommandHandler.java:handle(106)) - Created Pipeline RATIS ONE PipelineID=843bdb48-87af-4c6e-b8ba-2e615d348faa.
2020-12-08 02:18:46,878 [Command processor thread] INFO  impl.RaftServerProxy (RaftServerProxy.java:addNew(93)) - 0e1de31d-e867-4945-8f7b-16c35f8e70a9: addNew group-2BF14C3D98DB:[0e1de31d-e867-4945-8f7b-16c35f8e70a9|rpc:172.17.0.2:36897] returns group-2BF14C3D98DB:java.util.concurrent.CompletableFuture@1d34aecc[Not completed]
2020-12-08 02:18:46,879 [pool-427-thread-1] INFO  impl.RaftServerImpl (RaftServerImpl.java:<init>(121)) - 0e1de31d-e867-4945-8f7b-16c35f8e70a9: new RaftServerImpl for group-2BF14C3D98DB:[0e1de31d-e867-4945-8f7b-16c35f8e70a9|rpc:172.17.0.2:36897] with ContainerStateMachine:uninitialized
2020-12-08 02:18:46,879 [pool-427-thread-1] INFO  server.RaftServerConfigKeys (ConfUtils.java:logGet(44)) - raft.server.rpc.timeout.min = 5s (custom)
2020-12-08 02:18:46,879 [pool-427-thread-1] INFO  server.RaftServerConfigKeys (ConfUtils.java:logGet(44)) - raft.server.rpc.timeout.max = 5200ms (custom)
2020-12-08 02:18:46,879 [pool-427-thread-1] INFO  server.RaftServerConfigKeys (ConfUtils.java:logGet(44)) - raft.server.rpc.slowness.timeout = 300000ms (custom)
2020-12-08 02:18:46,879 [pool-427-thread-1] INFO  server.RaftServerConfigKeys (ConfUtils.java:logGet(44)) - raft.server.leaderelection.leader.step-down.wait-time = 10s (default)
2020-12-08 02:18:46,879 [pool-427-thread-1] INFO  server.RaftServerConfigKeys (ConfUtils.java:logGet(44)) - raft.server.sleep.deviation.threshold = 300 (default)
2020-12-08 02:18:46,880 [pool-427-thread-1] INFO  server.RaftServerConfigKeys (ConfUtils.java:logGet(44)) - raft.server.log.appender.install.snapshot.enabled = false (custom)
2020-12-08 02:18:46,880 [pool-427-thread-1] INFO  impl.RaftServerImpl (ServerState.java:<init>(104)) - 0e1de31d-e867-4945-8f7b-16c35f8e70a9@group-2BF14C3D98DB: ConfigurationManager, init=-1: [0e1de31d-e867-4945-8f7b-16c35f8e70a9|rpc:172.17.0.2:36897], old=null, confs=<EMPTY_MAP>
2020-12-08 02:18:46,880 [pool-427-thread-1] INFO  server.RaftServerConfigKeys (ConfUtils.java:logGet(44)) - raft.server.storage.dir = [/github/workspace/mnt/ozone/hadoop-ozone/integration-test/target/test-dir/MiniOzoneClusterImpl-c7e5300f-f3f2-48d9-ae25-3e63411fd680/datanode-2/data/ratis] (custom)
2020-12-08 02:18:46,880 [pool-427-thread-1] INFO  server.RaftServerConfigKeys (ConfUtils.java:logGet(44)) - raft.server.log.corruption.policy = EXCEPTION (default)
2020-12-08 02:18:46,880 [pool-427-thread-1] INFO  storage.RaftStorageDirectory (RaftStorageDirectory.java:analyzeStorage(261)) - The storage directory /github/workspace/mnt/ozone/hadoop-ozone/integration-test/target/test-dir/MiniOzoneClusterImpl-c7e5300f-f3f2-48d9-ae25-3e63411fd680/datanode-2/data/ratis/3272823c-2aab-4f9b-b8e8-2bf14c3d98db does not exist. Creating ...
2020-12-08 02:18:46,881 [pool-427-thread-1] INFO  storage.RaftStorageDirectory (RaftStorageDirectory.java:tryLock(343)) - Lock on /github/workspace/mnt/ozone/hadoop-ozone/integration-test/target/test-dir/MiniOzoneClusterImpl-c7e5300f-f3f2-48d9-ae25-3e63411fd680/datanode-2/data/ratis/3272823c-2aab-4f9b-b8e8-2bf14c3d98db/in_use.lock acquired by nodename 18611@11cef1ca5a88
2020-12-08 02:18:46,883 [pool-427-thread-1] INFO  storage.RaftStorage (RaftStorage.java:format(85)) - Storage directory /github/workspace/mnt/ozone/hadoop-ozone/integration-test/target/test-dir/MiniOzoneClusterImpl-c7e5300f-f3f2-48d9-ae25-3e63411fd680/datanode-2/data/ratis/3272823c-2aab-4f9b-b8e8-2bf14c3d98db has been successfully formatted.
2020-12-08 02:18:46,883 [pool-427-thread-1] INFO  ratis.ContainerStateMachine (ContainerStateMachine.java:loadSnapshot(225)) - group-2BF14C3D98DB: The snapshot info is null. Setting the last applied indexto:(t:0, i:~)
2020-12-08 02:18:46,883 [pool-427-thread-1] INFO  server.RaftServerConfigKeys (ConfUtils.java:logGet(44)) - raft.server.notification.no-leader.timeout = 300000ms (custom)
2020-12-08 02:18:46,883 [pool-427-thread-1] INFO  server.RaftServerConfigKeys (ConfUtils.java:logGet(44)) - raft.server.log.use.memory = false (default)
2020-12-08 02:18:46,883 [pool-427-thread-1] INFO  server.RaftServerConfigKeys (ConfUtils.java:logGet(44)) - raft.server.log.purge.gap = 1000000 (custom)
2020-12-08 02:18:46,884 [pool-427-thread-1] INFO  metrics.RatisMetrics (RatisMetrics.java:lambda$create$0(36)) - Creating Metrics Registry : ratis.log_worker.0e1de31d-e867-4945-8f7b-16c35f8e70a9@group-2BF14C3D98DB
2020-12-08 02:18:46,884 [pool-427-thread-1] INFO  server.RaftServerConfigKeys (ConfUtils.java:logGet(44)) - raft.server.log.appender.buffer.byte-limit = 33554432 (custom)
2020-12-08 02:18:46,884 [EventQueue-PipelineReportForPipelineReportHandler] INFO  pipeline.PipelineStateManager (PipelineStateManager.java:openPipeline(132)) - Pipeline Pipeline[ Id: 3272823c-2aab-4f9b-b8e8-2bf14c3d98db, Nodes: 0e1de31d-e867-4945-8f7b-16c35f8e70a9{ip: 172.17.0.2, host: 11cef1ca5a88, networkLocation: /default-rack, certSerialId: null, persistedOpState: IN_SERVICE, persistedOpStateExpiryEpochSec: 0}, Type:RATIS, Factor:ONE, State:ALLOCATED, leaderId:0e1de31d-e867-4945-8f7b-16c35f8e70a9, CreationTimestamp2020-12-08T02:18:43.880Z] moved to OPEN state
2020-12-08 02:18:46,885 [EventQueue-OpenPipelineForHealthyPipelineSafeModeRule] INFO  safemode.SCMSafeModeManager (HealthyPipelineSafeModeRule.java:process(128)) - SCM in safe mode. Healthy pipelines reported count is 0, required healthy pipeline reported count is 1
2020-12-08 02:18:46,884 [EventQueue-PipelineReportForOneReplicaPipelineSafeModeRule] INFO  safemode.SCMSafeModeManager (SCMSafeModeManager.java:validateSafeModeExitRules(214)) - AtleastOneDatanodeReportedRule rule is successfully validated
2020-12-08 02:18:46,886 [pool-427-thread-1] INFO  server.RaftServerConfigKeys (ConfUtils.java:logGet(44)) - raft.server.log.segment.size.max = 1048576 (custom)
2020-12-08 02:18:46,887 [pool-427-thread-1] INFO  server.RaftServerConfigKeys (ConfUtils.java:logGet(44)) - raft.server.log.segment.cache.num.max = 2 (custom)
2020-12-08 02:18:46,887 [pool-427-thread-1] INFO  segmented.SegmentedRaftLogWorker (SegmentedRaftLogWorker.java:<init>(180)) - new 0e1de31d-e867-4945-8f7b-16c35f8e70a9@group-2BF14C3D98DB-SegmentedRaftLogWorker for RaftStorage:Storage Directory /github/workspace/mnt/ozone/hadoop-ozone/integration-test/target/test-dir/MiniOzoneClusterImpl-c7e5300f-f3f2-48d9-ae25-3e63411fd680/datanode-2/data/ratis/3272823c-2aab-4f9b-b8e8-2bf14c3d98db
2020-12-08 02:18:46,887 [pool-427-thread-1] INFO  server.RaftServerConfigKeys (ConfUtils.java:logGet(44)) - raft.server.log.queue.byte-limit = 2147483647 (custom)
2020-12-08 02:18:46,887 [pool-427-thread-1] INFO  server.RaftServerConfigKeys (ConfUtils.java:logGet(44)) - raft.server.log.queue.element-limit = 1024 (custom)
2020-12-08 02:18:46,887 [pool-427-thread-1] INFO  server.RaftServerConfigKeys (ConfUtils.java:logGet(44)) - raft.server.log.segment.size.max = 1048576 (custom)
2020-12-08 02:18:46,887 [pool-427-thread-1] INFO  server.RaftServerConfigKeys (ConfUtils.java:logGet(44)) - raft.server.log.preallocated.size = 16384 (custom)
2020-12-08 02:18:46,887 [pool-427-thread-1] INFO  server.RaftServerConfigKeys (ConfUtils.java:logGet(44)) - raft.server.log.write.buffer.size = 1048576 (custom)
2020-12-08 02:18:46,890 [pool-427-thread-1] INFO  server.RaftServerConfigKeys (ConfUtils.java:logGet(44)) - raft.server.log.force.sync.num = 128 (default)
2020-12-08 02:18:46,890 [pool-427-thread-1] INFO  server.RaftServerConfigKeys (ConfUtils.java:logGet(44)) - raft.server.log.statemachine.data.sync = true (default)
2020-12-08 02:18:46,890 [pool-427-thread-1] INFO  server.RaftServerConfigKeys (ConfUtils.java:logGet(44)) - raft.server.log.statemachine.data.sync.timeout = 10s (default)
2020-12-08 02:18:46,891 [pool-427-thread-1] INFO  server.RaftServerConfigKeys (ConfUtils.java:logGet(44)) - raft.server.log.statemachine.data.sync.timeout.retry = -1 (default)
2020-12-08 02:18:46,893 [pool-427-thread-1] INFO  server.RaftServerConfigKeys (ConfUtils.java:logGet(44)) - raft.server.log.statemachine.data.caching.enabled = true (custom)
2020-12-08 02:18:46,893 [pool-427-thread-1] INFO  segmented.SegmentedRaftLogWorker (SegmentedRaftLogWorker.java:lambda$new$0(129)) - 0e1de31d-e867-4945-8f7b-16c35f8e70a9@group-2BF14C3D98DB-SegmentedRaftLogWorker: flushIndex: setUnconditionally 0 -> -1
2020-12-08 02:18:46,893 [pool-427-thread-1] INFO  segmented.SegmentedRaftLogWorker (SegmentedRaftLogWorker.java:lambda$new$0(129)) - 0e1de31d-e867-4945-8f7b-16c35f8e70a9@group-2BF14C3D98DB-SegmentedRaftLogWorker: safeCacheEvictIndex: setUnconditionally 0 -> -1
2020-12-08 02:18:46,894 [pool-427-thread-1] INFO  server.RaftServerConfigKeys (ConfUtils.java:logGet(44)) - raft.server.snapshot.auto.trigger.enabled = true (custom)
2020-12-08 02:18:46,895 [pool-427-thread-1] INFO  server.RaftServerConfigKeys (ConfUtils.java:logGet(44)) - raft.server.snapshot.auto.trigger.threshold = 10000 (custom)
2020-12-08 02:18:46,895 [pool-427-thread-1] INFO  server.RaftServerConfigKeys (ConfUtils.java:logGet(44)) - raft.server.snapshot.retention.file.num = 5 (custom)
2020-12-08 02:18:46,895 [pool-427-thread-1] INFO  server.RaftServerConfigKeys (ConfUtils.java:logGet(44)) - raft.server.log.purge.upto.snapshot.index = false (default)
2020-12-08 02:18:46,895 [pool-427-thread-1] INFO  server.RaftServerConfigKeys (ConfUtils.java:logGet(44)) - raft.server.retrycache.expirytime = 600000ms (custom)
2020-12-08 02:18:46,895 [pool-427-thread-1] INFO  metrics.RatisMetrics (RatisMetrics.java:lambda$create$0(36)) - Creating Metrics Registry : ratis.leader_election.0e1de31d-e867-4945-8f7b-16c35f8e70a9@group-2BF14C3D98DB
2020-12-08 02:18:46,896 [pool-427-thread-1] INFO  metrics.RatisMetrics (RatisMetrics.java:lambda$create$0(36)) - Creating Metrics Registry : ratis.server.0e1de31d-e867-4945-8f7b-16c35f8e70a9@group-2BF14C3D98DB
2020-12-08 02:18:46,897 [pool-427-thread-1] INFO  impl.RaftServerImpl (RaftServerImpl.java:start(215)) - 0e1de31d-e867-4945-8f7b-16c35f8e70a9@group-2BF14C3D98DB: start as a follower, conf=-1: [0e1de31d-e867-4945-8f7b-16c35f8e70a9|rpc:172.17.0.2:36897], old=null
2020-12-08 02:18:46,897 [pool-427-thread-1] INFO  impl.RaftServerImpl (RaftServerImpl.java:setRole(204)) - 0e1de31d-e867-4945-8f7b-16c35f8e70a9@group-2BF14C3D98DB: changes role from      null to FOLLOWER at term 0 for startAsFollower
2020-12-08 02:18:46,897 [pool-427-thread-1] INFO  impl.RoleInfo (RoleInfo.java:updateAndGet(143)) - 0e1de31d-e867-4945-8f7b-16c35f8e70a9: start 0e1de31d-e867-4945-8f7b-16c35f8e70a9@group-2BF14C3D98DB-FollowerState
2020-12-08 02:18:46,898 [pool-427-thread-1] INFO  util.JmxRegister (JmxRegister.java:tryRegister(44)) - Successfully registered JMX Bean with object name Ratis:service=RaftServer,group=group-2BF14C3D98DB,id=0e1de31d-e867-4945-8f7b-16c35f8e70a9
2020-12-08 02:18:46,898 [pool-427-thread-1] INFO  metrics.RatisMetrics (RatisMetrics.java:lambda$create$0(36)) - Creating Metrics Registry : ratis.state_machine.0e1de31d-e867-4945-8f7b-16c35f8e70a9@group-2BF14C3D98DB
2020-12-08 02:18:46,899 [Command processor thread] INFO  commandhandler.CreatePipelineCommandHandler (CreatePipelineCommandHandler.java:handle(106)) - Created Pipeline RATIS ONE PipelineID=3272823c-2aab-4f9b-b8e8-2bf14c3d98db.
2020-12-08 02:18:47,075 [Command processor thread] INFO  impl.RaftServerProxy (RaftServerProxy.java:addNew(93)) - 8a6e4045-11b4-4c02-b30b-59b4d0471a8a: addNew group-602BDEF1A831:[8a6e4045-11b4-4c02-b30b-59b4d0471a8a|rpc:172.17.0.2:41653] returns group-602BDEF1A831:java.util.concurrent.CompletableFuture@26afffb2[Not completed]
2020-12-08 02:18:47,076 [pool-443-thread-1] INFO  impl.RaftServerImpl (RaftServerImpl.java:<init>(121)) - 8a6e4045-11b4-4c02-b30b-59b4d0471a8a: new RaftServerImpl for group-602BDEF1A831:[8a6e4045-11b4-4c02-b30b-59b4d0471a8a|rpc:172.17.0.2:41653] with ContainerStateMachine:uninitialized
2020-12-08 02:18:47,078 [pool-443-thread-1] INFO  server.RaftServerConfigKeys (ConfUtils.java:logGet(44)) - raft.server.rpc.timeout.min = 5s (custom)
2020-12-08 02:18:47,078 [pool-443-thread-1] INFO  server.RaftServerConfigKeys (ConfUtils.java:logGet(44)) - raft.server.rpc.timeout.max = 5200ms (custom)
2020-12-08 02:18:47,078 [pool-443-thread-1] INFO  server.RaftServerConfigKeys (ConfUtils.java:logGet(44)) - raft.server.rpc.slowness.timeout = 300000ms (custom)
2020-12-08 02:18:47,078 [pool-443-thread-1] INFO  server.RaftServerConfigKeys (ConfUtils.java:logGet(44)) - raft.server.leaderelection.leader.step-down.wait-time = 10s (default)
2020-12-08 02:18:47,078 [pool-443-thread-1] INFO  server.RaftServerConfigKeys (ConfUtils.java:logGet(44)) - raft.server.sleep.deviation.threshold = 300 (default)
2020-12-08 02:18:47,078 [pool-443-thread-1] INFO  server.RaftServerConfigKeys (ConfUtils.java:logGet(44)) - raft.server.log.appender.install.snapshot.enabled = false (custom)
2020-12-08 02:18:47,078 [pool-443-thread-1] INFO  impl.RaftServerImpl (ServerState.java:<init>(104)) - 8a6e4045-11b4-4c02-b30b-59b4d0471a8a@group-602BDEF1A831: ConfigurationManager, init=-1: [8a6e4045-11b4-4c02-b30b-59b4d0471a8a|rpc:172.17.0.2:41653], old=null, confs=<EMPTY_MAP>
2020-12-08 02:18:47,078 [pool-443-thread-1] INFO  server.RaftServerConfigKeys (ConfUtils.java:logGet(44)) - raft.server.storage.dir = [/github/workspace/mnt/ozone/hadoop-ozone/integration-test/target/test-dir/MiniOzoneClusterImpl-c7e5300f-f3f2-48d9-ae25-3e63411fd680/datanode-3/data/ratis] (custom)
2020-12-08 02:18:47,079 [pool-443-thread-1] INFO  server.RaftServerConfigKeys (ConfUtils.java:logGet(44)) - raft.server.log.corruption.policy = EXCEPTION (default)
2020-12-08 02:18:47,079 [pool-443-thread-1] INFO  storage.RaftStorageDirectory (RaftStorageDirectory.java:analyzeStorage(261)) - The storage directory /github/workspace/mnt/ozone/hadoop-ozone/integration-test/target/test-dir/MiniOzoneClusterImpl-c7e5300f-f3f2-48d9-ae25-3e63411fd680/datanode-3/data/ratis/612e32f5-aa10-482a-ad6d-602bdef1a831 does not exist. Creating ...
2020-12-08 02:18:47,084 [pool-443-thread-1] INFO  storage.RaftStorageDirectory (RaftStorageDirectory.java:tryLock(343)) - Lock on /github/workspace/mnt/ozone/hadoop-ozone/integration-test/target/test-dir/MiniOzoneClusterImpl-c7e5300f-f3f2-48d9-ae25-3e63411fd680/datanode-3/data/ratis/612e32f5-aa10-482a-ad6d-602bdef1a831/in_use.lock acquired by nodename 18611@11cef1ca5a88
2020-12-08 02:18:47,085 [pool-443-thread-1] INFO  storage.RaftStorage (RaftStorage.java:format(85)) - Storage directory /github/workspace/mnt/ozone/hadoop-ozone/integration-test/target/test-dir/MiniOzoneClusterImpl-c7e5300f-f3f2-48d9-ae25-3e63411fd680/datanode-3/data/ratis/612e32f5-aa10-482a-ad6d-602bdef1a831 has been successfully formatted.
2020-12-08 02:18:47,086 [pool-443-thread-1] INFO  ratis.ContainerStateMachine (ContainerStateMachine.java:loadSnapshot(225)) - group-602BDEF1A831: The snapshot info is null. Setting the last applied indexto:(t:0, i:~)
2020-12-08 02:18:47,087 [pool-443-thread-1] INFO  server.RaftServerConfigKeys (ConfUtils.java:logGet(44)) - raft.server.notification.no-leader.timeout = 300000ms (custom)
2020-12-08 02:18:47,087 [pool-443-thread-1] INFO  server.RaftServerConfigKeys (ConfUtils.java:logGet(44)) - raft.server.log.use.memory = false (default)
2020-12-08 02:18:47,087 [pool-443-thread-1] INFO  server.RaftServerConfigKeys (ConfUtils.java:logGet(44)) - raft.server.log.purge.gap = 1000000 (custom)
2020-12-08 02:18:47,087 [EventQueue-PipelineReportForPipelineReportHandler] INFO  pipeline.PipelineStateManager (PipelineStateManager.java:openPipeline(132)) - Pipeline Pipeline[ Id: 612e32f5-aa10-482a-ad6d-602bdef1a831, Nodes: 8a6e4045-11b4-4c02-b30b-59b4d0471a8a{ip: 172.17.0.2, host: 11cef1ca5a88, networkLocation: /default-rack, certSerialId: null, persistedOpState: IN_SERVICE, persistedOpStateExpiryEpochSec: 0}, Type:RATIS, Factor:ONE, State:ALLOCATED, leaderId:8a6e4045-11b4-4c02-b30b-59b4d0471a8a, CreationTimestamp2020-12-08T02:18:44.077Z] moved to OPEN state
2020-12-08 02:18:47,088 [pool-443-thread-1] INFO  metrics.RatisMetrics (RatisMetrics.java:lambda$create$0(36)) - Creating Metrics Registry : ratis.log_worker.8a6e4045-11b4-4c02-b30b-59b4d0471a8a@group-602BDEF1A831
2020-12-08 02:18:47,088 [EventQueue-OpenPipelineForHealthyPipelineSafeModeRule] INFO  safemode.SCMSafeModeManager (HealthyPipelineSafeModeRule.java:process(128)) - SCM in safe mode. Healthy pipelines reported count is 0, required healthy pipeline reported count is 1
2020-12-08 02:18:47,087 [EventQueue-PipelineReportForOneReplicaPipelineSafeModeRule] INFO  safemode.SCMSafeModeManager (SCMSafeModeManager.java:validateSafeModeExitRules(214)) - AtleastOneDatanodeReportedRule rule is successfully validated
2020-12-08 02:18:47,088 [pool-443-thread-1] INFO  server.RaftServerConfigKeys (ConfUtils.java:logGet(44)) - raft.server.log.appender.buffer.byte-limit = 33554432 (custom)
2020-12-08 02:18:47,091 [pool-443-thread-1] INFO  server.RaftServerConfigKeys (ConfUtils.java:logGet(44)) - raft.server.log.segment.size.max = 1048576 (custom)
2020-12-08 02:18:47,092 [pool-443-thread-1] INFO  server.RaftServerConfigKeys (ConfUtils.java:logGet(44)) - raft.server.log.segment.cache.num.max = 2 (custom)
2020-12-08 02:18:47,092 [pool-443-thread-1] INFO  segmented.SegmentedRaftLogWorker (SegmentedRaftLogWorker.java:<init>(180)) - new 8a6e4045-11b4-4c02-b30b-59b4d0471a8a@group-602BDEF1A831-SegmentedRaftLogWorker for RaftStorage:Storage Directory /github/workspace/mnt/ozone/hadoop-ozone/integration-test/target/test-dir/MiniOzoneClusterImpl-c7e5300f-f3f2-48d9-ae25-3e63411fd680/datanode-3/data/ratis/612e32f5-aa10-482a-ad6d-602bdef1a831
2020-12-08 02:18:47,092 [pool-443-thread-1] INFO  server.RaftServerConfigKeys (ConfUtils.java:logGet(44)) - raft.server.log.queue.byte-limit = 2147483647 (custom)
2020-12-08 02:18:47,092 [pool-443-thread-1] INFO  server.RaftServerConfigKeys (ConfUtils.java:logGet(44)) - raft.server.log.queue.element-limit = 1024 (custom)
2020-12-08 02:18:47,092 [pool-443-thread-1] INFO  server.RaftServerConfigKeys (ConfUtils.java:logGet(44)) - raft.server.log.segment.size.max = 1048576 (custom)
2020-12-08 02:18:47,092 [pool-443-thread-1] INFO  server.RaftServerConfigKeys (ConfUtils.java:logGet(44)) - raft.server.log.preallocated.size = 16384 (custom)
2020-12-08 02:18:47,093 [pool-443-thread-1] INFO  server.RaftServerConfigKeys (ConfUtils.java:logGet(44)) - raft.server.log.write.buffer.size = 1048576 (custom)
2020-12-08 02:18:47,093 [pool-443-thread-1] INFO  server.RaftServerConfigKeys (ConfUtils.java:logGet(44)) - raft.server.log.force.sync.num = 128 (default)
2020-12-08 02:18:47,093 [pool-443-thread-1] INFO  server.RaftServerConfigKeys (ConfUtils.java:logGet(44)) - raft.server.log.statemachine.data.sync = true (default)
2020-12-08 02:18:47,093 [pool-443-thread-1] INFO  server.RaftServerConfigKeys (ConfUtils.java:logGet(44)) - raft.server.log.statemachine.data.sync.timeout = 10s (default)
2020-12-08 02:18:47,093 [pool-443-thread-1] INFO  server.RaftServerConfigKeys (ConfUtils.java:logGet(44)) - raft.server.log.statemachine.data.sync.timeout.retry = -1 (default)
2020-12-08 02:18:47,094 [pool-443-thread-1] INFO  server.RaftServerConfigKeys (ConfUtils.java:logGet(44)) - raft.server.log.statemachine.data.caching.enabled = true (custom)
2020-12-08 02:18:47,095 [pool-443-thread-1] INFO  segmented.SegmentedRaftLogWorker (SegmentedRaftLogWorker.java:lambda$new$0(129)) - 8a6e4045-11b4-4c02-b30b-59b4d0471a8a@group-602BDEF1A831-SegmentedRaftLogWorker: flushIndex: setUnconditionally 0 -> -1
2020-12-08 02:18:47,095 [pool-443-thread-1] INFO  segmented.SegmentedRaftLogWorker (SegmentedRaftLogWorker.java:lambda$new$0(129)) - 8a6e4045-11b4-4c02-b30b-59b4d0471a8a@group-602BDEF1A831-SegmentedRaftLogWorker: safeCacheEvictIndex: setUnconditionally 0 -> -1
2020-12-08 02:18:47,095 [pool-443-thread-1] INFO  server.RaftServerConfigKeys (ConfUtils.java:logGet(44)) - raft.server.snapshot.auto.trigger.enabled = true (custom)
2020-12-08 02:18:47,095 [pool-443-thread-1] INFO  server.RaftServerConfigKeys (ConfUtils.java:logGet(44)) - raft.server.snapshot.auto.trigger.threshold = 10000 (custom)
2020-12-08 02:18:47,095 [pool-443-thread-1] INFO  server.RaftServerConfigKeys (ConfUtils.java:logGet(44)) - raft.server.snapshot.retention.file.num = 5 (custom)
2020-12-08 02:18:47,095 [pool-443-thread-1] INFO  server.RaftServerConfigKeys (ConfUtils.java:logGet(44)) - raft.server.log.purge.upto.snapshot.index = false (default)
2020-12-08 02:18:47,095 [pool-443-thread-1] INFO  server.RaftServerConfigKeys (ConfUtils.java:logGet(44)) - raft.server.retrycache.expirytime = 600000ms (custom)
2020-12-08 02:18:47,096 [pool-443-thread-1] INFO  metrics.RatisMetrics (RatisMetrics.java:lambda$create$0(36)) - Creating Metrics Registry : ratis.leader_election.8a6e4045-11b4-4c02-b30b-59b4d0471a8a@group-602BDEF1A831
2020-12-08 02:18:47,096 [pool-443-thread-1] INFO  metrics.RatisMetrics (RatisMetrics.java:lambda$create$0(36)) - Creating Metrics Registry : ratis.server.8a6e4045-11b4-4c02-b30b-59b4d0471a8a@group-602BDEF1A831
2020-12-08 02:18:47,098 [pool-443-thread-1] INFO  impl.RaftServerImpl (RaftServerImpl.java:start(215)) - 8a6e4045-11b4-4c02-b30b-59b4d0471a8a@group-602BDEF1A831: start as a follower, conf=-1: [8a6e4045-11b4-4c02-b30b-59b4d0471a8a|rpc:172.17.0.2:41653], old=null
2020-12-08 02:18:47,098 [pool-443-thread-1] INFO  impl.RaftServerImpl (RaftServerImpl.java:setRole(204)) - 8a6e4045-11b4-4c02-b30b-59b4d0471a8a@group-602BDEF1A831: changes role from      null to FOLLOWER at term 0 for startAsFollower
2020-12-08 02:18:47,098 [pool-443-thread-1] INFO  impl.RoleInfo (RoleInfo.java:updateAndGet(143)) - 8a6e4045-11b4-4c02-b30b-59b4d0471a8a: start 8a6e4045-11b4-4c02-b30b-59b4d0471a8a@group-602BDEF1A831-FollowerState
2020-12-08 02:18:47,098 [pool-443-thread-1] INFO  util.JmxRegister (JmxRegister.java:tryRegister(44)) - Successfully registered JMX Bean with object name Ratis:service=RaftServer,group=group-602BDEF1A831,id=8a6e4045-11b4-4c02-b30b-59b4d0471a8a
2020-12-08 02:18:47,098 [pool-443-thread-1] INFO  metrics.RatisMetrics (RatisMetrics.java:lambda$create$0(36)) - Creating Metrics Registry : ratis.state_machine.8a6e4045-11b4-4c02-b30b-59b4d0471a8a@group-602BDEF1A831
2020-12-08 02:18:47,099 [Command processor thread] INFO  commandhandler.CreatePipelineCommandHandler (CreatePipelineCommandHandler.java:handle(106)) - Created Pipeline RATIS ONE PipelineID=612e32f5-aa10-482a-ad6d-602bdef1a831.
2020-12-08 02:18:47,099 [Command processor thread] INFO  impl.RaftServerProxy (RaftServerProxy.java:addNew(93)) - 8a6e4045-11b4-4c02-b30b-59b4d0471a8a: addNew group-C451E46A2CA6:[e6ce4bfb-70cc-4dab-829a-840fddc24c05|rpc:172.17.0.2:45869, bef787c3-a919-4f9b-887c-fdb68b2678bc|rpc:172.17.0.2:36967, 8a6e4045-11b4-4c02-b30b-59b4d0471a8a|rpc:172.17.0.2:41653] returns group-C451E46A2CA6:java.util.concurrent.CompletableFuture@22907fbf[Not completed]
2020-12-08 02:18:47,100 [pool-443-thread-1] INFO  impl.RaftServerImpl (RaftServerImpl.java:<init>(121)) - 8a6e4045-11b4-4c02-b30b-59b4d0471a8a: new RaftServerImpl for group-C451E46A2CA6:[e6ce4bfb-70cc-4dab-829a-840fddc24c05|rpc:172.17.0.2:45869, bef787c3-a919-4f9b-887c-fdb68b2678bc|rpc:172.17.0.2:36967, 8a6e4045-11b4-4c02-b30b-59b4d0471a8a|rpc:172.17.0.2:41653] with ContainerStateMachine:uninitialized
2020-12-08 02:18:47,100 [pool-443-thread-1] INFO  server.RaftServerConfigKeys (ConfUtils.java:logGet(44)) - raft.server.rpc.timeout.min = 5s (custom)
2020-12-08 02:18:47,100 [pool-443-thread-1] INFO  server.RaftServerConfigKeys (ConfUtils.java:logGet(44)) - raft.server.rpc.timeout.max = 5200ms (custom)
2020-12-08 02:18:47,100 [pool-443-thread-1] INFO  server.RaftServerConfigKeys (ConfUtils.java:logGet(44)) - raft.server.rpc.slowness.timeout = 300000ms (custom)
2020-12-08 02:18:47,100 [pool-443-thread-1] INFO  server.RaftServerConfigKeys (ConfUtils.java:logGet(44)) - raft.server.leaderelection.leader.step-down.wait-time = 10s (default)
2020-12-08 02:18:47,100 [pool-443-thread-1] INFO  server.RaftServerConfigKeys (ConfUtils.java:logGet(44)) - raft.server.sleep.deviation.threshold = 300 (default)
2020-12-08 02:18:47,101 [pool-443-thread-1] INFO  server.RaftServerConfigKeys (ConfUtils.java:logGet(44)) - raft.server.log.appender.install.snapshot.enabled = false (custom)
2020-12-08 02:18:47,101 [pool-443-thread-1] INFO  impl.RaftServerImpl (ServerState.java:<init>(104)) - 8a6e4045-11b4-4c02-b30b-59b4d0471a8a@group-C451E46A2CA6: ConfigurationManager, init=-1: [e6ce4bfb-70cc-4dab-829a-840fddc24c05|rpc:172.17.0.2:45869, bef787c3-a919-4f9b-887c-fdb68b2678bc|rpc:172.17.0.2:36967, 8a6e4045-11b4-4c02-b30b-59b4d0471a8a|rpc:172.17.0.2:41653], old=null, confs=<EMPTY_MAP>
2020-12-08 02:18:47,101 [pool-443-thread-1] INFO  server.RaftServerConfigKeys (ConfUtils.java:logGet(44)) - raft.server.storage.dir = [/github/workspace/mnt/ozone/hadoop-ozone/integration-test/target/test-dir/MiniOzoneClusterImpl-c7e5300f-f3f2-48d9-ae25-3e63411fd680/datanode-3/data/ratis] (custom)
2020-12-08 02:18:47,101 [pool-443-thread-1] INFO  server.RaftServerConfigKeys (ConfUtils.java:logGet(44)) - raft.server.log.corruption.policy = EXCEPTION (default)
2020-12-08 02:18:47,101 [pool-443-thread-1] INFO  storage.RaftStorageDirectory (RaftStorageDirectory.java:analyzeStorage(261)) - The storage directory /github/workspace/mnt/ozone/hadoop-ozone/integration-test/target/test-dir/MiniOzoneClusterImpl-c7e5300f-f3f2-48d9-ae25-3e63411fd680/datanode-3/data/ratis/6fefb3bb-b5ac-4da2-a6d0-c451e46a2ca6 does not exist. Creating ...
2020-12-08 02:18:47,102 [pool-443-thread-1] INFO  storage.RaftStorageDirectory (RaftStorageDirectory.java:tryLock(343)) - Lock on /github/workspace/mnt/ozone/hadoop-ozone/integration-test/target/test-dir/MiniOzoneClusterImpl-c7e5300f-f3f2-48d9-ae25-3e63411fd680/datanode-3/data/ratis/6fefb3bb-b5ac-4da2-a6d0-c451e46a2ca6/in_use.lock acquired by nodename 18611@11cef1ca5a88
2020-12-08 02:18:47,103 [pool-443-thread-1] INFO  storage.RaftStorage (RaftStorage.java:format(85)) - Storage directory /github/workspace/mnt/ozone/hadoop-ozone/integration-test/target/test-dir/MiniOzoneClusterImpl-c7e5300f-f3f2-48d9-ae25-3e63411fd680/datanode-3/data/ratis/6fefb3bb-b5ac-4da2-a6d0-c451e46a2ca6 has been successfully formatted.
2020-12-08 02:18:47,104 [pool-443-thread-1] INFO  ratis.ContainerStateMachine (ContainerStateMachine.java:loadSnapshot(225)) - group-C451E46A2CA6: The snapshot info is null. Setting the last applied indexto:(t:0, i:~)
2020-12-08 02:18:47,104 [pool-443-thread-1] INFO  server.RaftServerConfigKeys (ConfUtils.java:logGet(44)) - raft.server.notification.no-leader.timeout = 300000ms (custom)
2020-12-08 02:18:47,104 [EventQueue-OpenPipelineForHealthyPipelineSafeModeRule] INFO  safemode.SCMSafeModeManager (HealthyPipelineSafeModeRule.java:process(128)) - SCM in safe mode. Healthy pipelines reported count is 0, required healthy pipeline reported count is 1
2020-12-08 02:18:47,104 [EventQueue-PipelineReportForOneReplicaPipelineSafeModeRule] INFO  safemode.SCMSafeModeManager (SCMSafeModeManager.java:validateSafeModeExitRules(214)) - AtleastOneDatanodeReportedRule rule is successfully validated
2020-12-08 02:18:47,105 [pool-443-thread-1] INFO  server.RaftServerConfigKeys (ConfUtils.java:logGet(44)) - raft.server.log.use.memory = false (default)
2020-12-08 02:18:47,106 [pool-443-thread-1] INFO  server.RaftServerConfigKeys (ConfUtils.java:logGet(44)) - raft.server.log.purge.gap = 1000000 (custom)
2020-12-08 02:18:47,106 [pool-443-thread-1] INFO  metrics.RatisMetrics (RatisMetrics.java:lambda$create$0(36)) - Creating Metrics Registry : ratis.log_worker.8a6e4045-11b4-4c02-b30b-59b4d0471a8a@group-C451E46A2CA6
2020-12-08 02:18:47,106 [pool-443-thread-1] INFO  server.RaftServerConfigKeys (ConfUtils.java:logGet(44)) - raft.server.log.appender.buffer.byte-limit = 33554432 (custom)
2020-12-08 02:18:47,106 [pool-443-thread-1] INFO  server.RaftServerConfigKeys (ConfUtils.java:logGet(44)) - raft.server.log.segment.size.max = 1048576 (custom)
2020-12-08 02:18:47,107 [pool-443-thread-1] INFO  server.RaftServerConfigKeys (ConfUtils.java:logGet(44)) - raft.server.log.segment.cache.num.max = 2 (custom)
2020-12-08 02:18:47,107 [pool-443-thread-1] INFO  segmented.SegmentedRaftLogWorker (SegmentedRaftLogWorker.java:<init>(180)) - new 8a6e4045-11b4-4c02-b30b-59b4d0471a8a@group-C451E46A2CA6-SegmentedRaftLogWorker for RaftStorage:Storage Directory /github/workspace/mnt/ozone/hadoop-ozone/integration-test/target/test-dir/MiniOzoneClusterImpl-c7e5300f-f3f2-48d9-ae25-3e63411fd680/datanode-3/data/ratis/6fefb3bb-b5ac-4da2-a6d0-c451e46a2ca6
2020-12-08 02:18:47,107 [pool-443-thread-1] INFO  server.RaftServerConfigKeys (ConfUtils.java:logGet(44)) - raft.server.log.queue.byte-limit = 2147483647 (custom)
2020-12-08 02:18:47,107 [pool-443-thread-1] INFO  server.RaftServerConfigKeys (ConfUtils.java:logGet(44)) - raft.server.log.queue.element-limit = 1024 (custom)
2020-12-08 02:18:47,107 [pool-443-thread-1] INFO  server.RaftServerConfigKeys (ConfUtils.java:logGet(44)) - raft.server.log.segment.size.max = 1048576 (custom)
2020-12-08 02:18:47,107 [pool-443-thread-1] INFO  server.RaftServerConfigKeys (ConfUtils.java:logGet(44)) - raft.server.log.preallocated.size = 16384 (custom)
2020-12-08 02:18:47,107 [pool-443-thread-1] INFO  server.RaftServerConfigKeys (ConfUtils.java:logGet(44)) - raft.server.log.write.buffer.size = 1048576 (custom)
2020-12-08 02:18:47,107 [pool-443-thread-1] INFO  server.RaftServerConfigKeys (ConfUtils.java:logGet(44)) - raft.server.log.force.sync.num = 128 (default)
2020-12-08 02:18:47,107 [pool-443-thread-1] INFO  server.RaftServerConfigKeys (ConfUtils.java:logGet(44)) - raft.server.log.statemachine.data.sync = true (default)
2020-12-08 02:18:47,107 [pool-443-thread-1] INFO  server.RaftServerConfigKeys (ConfUtils.java:logGet(44)) - raft.server.log.statemachine.data.sync.timeout = 10s (default)
2020-12-08 02:18:47,108 [pool-443-thread-1] INFO  server.RaftServerConfigKeys (ConfUtils.java:logGet(44)) - raft.server.log.statemachine.data.sync.timeout.retry = -1 (default)
2020-12-08 02:18:47,110 [pool-443-thread-1] INFO  server.RaftServerConfigKeys (ConfUtils.java:logGet(44)) - raft.server.log.statemachine.data.caching.enabled = true (custom)
2020-12-08 02:18:47,110 [pool-443-thread-1] INFO  segmented.SegmentedRaftLogWorker (SegmentedRaftLogWorker.java:lambda$new$0(129)) - 8a6e4045-11b4-4c02-b30b-59b4d0471a8a@group-C451E46A2CA6-SegmentedRaftLogWorker: flushIndex: setUnconditionally 0 -> -1
2020-12-08 02:18:47,110 [pool-443-thread-1] INFO  segmented.SegmentedRaftLogWorker (SegmentedRaftLogWorker.java:lambda$new$0(129)) - 8a6e4045-11b4-4c02-b30b-59b4d0471a8a@group-C451E46A2CA6-SegmentedRaftLogWorker: safeCacheEvictIndex: setUnconditionally 0 -> -1
2020-12-08 02:18:47,111 [pool-443-thread-1] INFO  server.RaftServerConfigKeys (ConfUtils.java:logGet(44)) - raft.server.snapshot.auto.trigger.enabled = true (custom)
2020-12-08 02:18:47,111 [pool-443-thread-1] INFO  server.RaftServerConfigKeys (ConfUtils.java:logGet(44)) - raft.server.snapshot.auto.trigger.threshold = 10000 (custom)
2020-12-08 02:18:47,111 [pool-443-thread-1] INFO  server.RaftServerConfigKeys (ConfUtils.java:logGet(44)) - raft.server.snapshot.retention.file.num = 5 (custom)
2020-12-08 02:18:47,111 [pool-443-thread-1] INFO  server.RaftServerConfigKeys (ConfUtils.java:logGet(44)) - raft.server.log.purge.upto.snapshot.index = false (default)
2020-12-08 02:18:47,111 [pool-443-thread-1] INFO  server.RaftServerConfigKeys (ConfUtils.java:logGet(44)) - raft.server.retrycache.expirytime = 600000ms (custom)
2020-12-08 02:18:47,111 [pool-443-thread-1] INFO  metrics.RatisMetrics (RatisMetrics.java:lambda$create$0(36)) - Creating Metrics Registry : ratis.leader_election.8a6e4045-11b4-4c02-b30b-59b4d0471a8a@group-C451E46A2CA6
2020-12-08 02:18:47,112 [pool-443-thread-1] INFO  metrics.RatisMetrics (RatisMetrics.java:lambda$create$0(36)) - Creating Metrics Registry : ratis.server.8a6e4045-11b4-4c02-b30b-59b4d0471a8a@group-C451E46A2CA6
2020-12-08 02:18:47,113 [pool-443-thread-1] INFO  impl.RaftServerImpl (RaftServerImpl.java:start(215)) - 8a6e4045-11b4-4c02-b30b-59b4d0471a8a@group-C451E46A2CA6: start as a follower, conf=-1: [e6ce4bfb-70cc-4dab-829a-840fddc24c05|rpc:172.17.0.2:45869, bef787c3-a919-4f9b-887c-fdb68b2678bc|rpc:172.17.0.2:36967, 8a6e4045-11b4-4c02-b30b-59b4d0471a8a|rpc:172.17.0.2:41653], old=null
2020-12-08 02:18:47,113 [pool-443-thread-1] INFO  impl.RaftServerImpl (RaftServerImpl.java:setRole(204)) - 8a6e4045-11b4-4c02-b30b-59b4d0471a8a@group-C451E46A2CA6: changes role from      null to FOLLOWER at term 0 for startAsFollower
2020-12-08 02:18:47,113 [pool-443-thread-1] INFO  impl.RoleInfo (RoleInfo.java:updateAndGet(143)) - 8a6e4045-11b4-4c02-b30b-59b4d0471a8a: start 8a6e4045-11b4-4c02-b30b-59b4d0471a8a@group-C451E46A2CA6-FollowerState
2020-12-08 02:18:47,114 [pool-443-thread-1] INFO  util.JmxRegister (JmxRegister.java:tryRegister(44)) - Successfully registered JMX Bean with object name Ratis:service=RaftServer,group=group-C451E46A2CA6,id=8a6e4045-11b4-4c02-b30b-59b4d0471a8a
2020-12-08 02:18:47,114 [pool-443-thread-1] INFO  metrics.RatisMetrics (RatisMetrics.java:lambda$create$0(36)) - Creating Metrics Registry : ratis.state_machine.8a6e4045-11b4-4c02-b30b-59b4d0471a8a@group-C451E46A2CA6
2020-12-08 02:18:47,116 [Command processor thread] INFO  metrics.RatisMetrics (RatisMetrics.java:lambda$create$0(36)) - Creating Metrics Registry : ratis.client_message_metrics.client-E6E2083DE0E1->e6ce4bfb-70cc-4dab-829a-840fddc24c05
2020-12-08 02:18:47,121 [Listener at 127.0.0.1/40701] INFO  ozone.MiniOzoneClusterImpl (MiniOzoneClusterImpl.java:lambda$waitForClusterToBeReady$0(178)) - Nodes are ready. Got 9 of 9 DN Heartbeats.
2020-12-08 02:18:47,121 [Listener at 127.0.0.1/40701] INFO  ozone.MiniOzoneClusterImpl (MiniOzoneClusterImpl.java:lambda$waitForClusterToBeReady$0(181)) - Waiting for cluster to exit safe mode
2020-12-08 02:18:47,125 [grpc-default-executor-4] INFO  metrics.RatisMetrics (RatisMetrics.java:lambda$create$0(36)) - Creating Metrics Registry : ratis.server_message_metrics.e6ce4bfb-70cc-4dab-829a-840fddc24c05
2020-12-08 02:18:47,127 [grpc-default-executor-4] INFO  impl.RaftServerProxy (RaftServerProxy.java:addNew(93)) - e6ce4bfb-70cc-4dab-829a-840fddc24c05: addNew group-C451E46A2CA6:[e6ce4bfb-70cc-4dab-829a-840fddc24c05|rpc:172.17.0.2:45869|dataStream:, bef787c3-a919-4f9b-887c-fdb68b2678bc|rpc:172.17.0.2:36967|dataStream:, 8a6e4045-11b4-4c02-b30b-59b4d0471a8a|rpc:172.17.0.2:41653|dataStream:] returns group-C451E46A2CA6:java.util.concurrent.CompletableFuture@1a0e2bb[Not completed]
2020-12-08 02:18:47,128 [pool-475-thread-1] INFO  impl.RaftServerImpl (RaftServerImpl.java:<init>(121)) - e6ce4bfb-70cc-4dab-829a-840fddc24c05: new RaftServerImpl for group-C451E46A2CA6:[e6ce4bfb-70cc-4dab-829a-840fddc24c05|rpc:172.17.0.2:45869|dataStream:, bef787c3-a919-4f9b-887c-fdb68b2678bc|rpc:172.17.0.2:36967|dataStream:, 8a6e4045-11b4-4c02-b30b-59b4d0471a8a|rpc:172.17.0.2:41653|dataStream:] with ContainerStateMachine:uninitialized
2020-12-08 02:18:47,129 [pool-475-thread-1] INFO  server.RaftServerConfigKeys (ConfUtils.java:logGet(44)) - raft.server.rpc.timeout.min = 5s (custom)
2020-12-08 02:18:47,129 [pool-475-thread-1] INFO  server.RaftServerConfigKeys (ConfUtils.java:logGet(44)) - raft.server.rpc.timeout.max = 5200ms (custom)
2020-12-08 02:18:47,129 [pool-475-thread-1] INFO  server.RaftServerConfigKeys (ConfUtils.java:logGet(44)) - raft.server.rpc.slowness.timeout = 300000ms (custom)
2020-12-08 02:18:47,129 [pool-475-thread-1] INFO  server.RaftServerConfigKeys (ConfUtils.java:logGet(44)) - raft.server.leaderelection.leader.step-down.wait-time = 10s (default)
2020-12-08 02:18:47,129 [pool-475-thread-1] INFO  server.RaftServerConfigKeys (ConfUtils.java:logGet(44)) - raft.server.sleep.deviation.threshold = 300 (default)
2020-12-08 02:18:47,129 [pool-475-thread-1] INFO  server.RaftServerConfigKeys (ConfUtils.java:logGet(44)) - raft.server.log.appender.install.snapshot.enabled = false (custom)
2020-12-08 02:18:47,130 [pool-475-thread-1] INFO  impl.RaftServerImpl (ServerState.java:<init>(104)) - e6ce4bfb-70cc-4dab-829a-840fddc24c05@group-C451E46A2CA6: ConfigurationManager, init=-1: [e6ce4bfb-70cc-4dab-829a-840fddc24c05|rpc:172.17.0.2:45869|dataStream:, bef787c3-a919-4f9b-887c-fdb68b2678bc|rpc:172.17.0.2:36967|dataStream:, 8a6e4045-11b4-4c02-b30b-59b4d0471a8a|rpc:172.17.0.2:41653|dataStream:], old=null, confs=<EMPTY_MAP>
2020-12-08 02:18:47,130 [pool-475-thread-1] INFO  server.RaftServerConfigKeys (ConfUtils.java:logGet(44)) - raft.server.storage.dir = [/github/workspace/mnt/ozone/hadoop-ozone/integration-test/target/test-dir/MiniOzoneClusterImpl-c7e5300f-f3f2-48d9-ae25-3e63411fd680/datanode-5/data/ratis] (custom)
2020-12-08 02:18:47,130 [pool-475-thread-1] INFO  server.RaftServerConfigKeys (ConfUtils.java:logGet(44)) - raft.server.log.corruption.policy = EXCEPTION (default)
2020-12-08 02:18:47,130 [pool-475-thread-1] INFO  storage.RaftStorageDirectory (RaftStorageDirectory.java:analyzeStorage(261)) - The storage directory /github/workspace/mnt/ozone/hadoop-ozone/integration-test/target/test-dir/MiniOzoneClusterImpl-c7e5300f-f3f2-48d9-ae25-3e63411fd680/datanode-5/data/ratis/6fefb3bb-b5ac-4da2-a6d0-c451e46a2ca6 does not exist. Creating ...
2020-12-08 02:18:47,131 [pool-475-thread-1] INFO  storage.RaftStorageDirectory (RaftStorageDirectory.java:tryLock(343)) - Lock on /github/workspace/mnt/ozone/hadoop-ozone/integration-test/target/test-dir/MiniOzoneClusterImpl-c7e5300f-f3f2-48d9-ae25-3e63411fd680/datanode-5/data/ratis/6fefb3bb-b5ac-4da2-a6d0-c451e46a2ca6/in_use.lock acquired by nodename 18611@11cef1ca5a88
2020-12-08 02:18:47,132 [pool-475-thread-1] INFO  storage.RaftStorage (RaftStorage.java:format(85)) - Storage directory /github/workspace/mnt/ozone/hadoop-ozone/integration-test/target/test-dir/MiniOzoneClusterImpl-c7e5300f-f3f2-48d9-ae25-3e63411fd680/datanode-5/data/ratis/6fefb3bb-b5ac-4da2-a6d0-c451e46a2ca6 has been successfully formatted.
2020-12-08 02:18:47,134 [pool-475-thread-1] INFO  ratis.ContainerStateMachine (ContainerStateMachine.java:loadSnapshot(225)) - group-C451E46A2CA6: The snapshot info is null. Setting the last applied indexto:(t:0, i:~)
2020-12-08 02:18:47,134 [pool-475-thread-1] INFO  server.RaftServerConfigKeys (ConfUtils.java:logGet(44)) - raft.server.notification.no-leader.timeout = 300000ms (custom)
2020-12-08 02:18:47,135 [pool-475-thread-1] INFO  server.RaftServerConfigKeys (ConfUtils.java:logGet(44)) - raft.server.log.use.memory = false (default)
2020-12-08 02:18:47,135 [pool-475-thread-1] INFO  server.RaftServerConfigKeys (ConfUtils.java:logGet(44)) - raft.server.log.purge.gap = 1000000 (custom)
2020-12-08 02:18:47,135 [pool-475-thread-1] INFO  metrics.RatisMetrics (RatisMetrics.java:lambda$create$0(36)) - Creating Metrics Registry : ratis.log_worker.e6ce4bfb-70cc-4dab-829a-840fddc24c05@group-C451E46A2CA6
2020-12-08 02:18:47,135 [EventQueue-PipelineReportForOneReplicaPipelineSafeModeRule] INFO  safemode.SCMSafeModeManager (SCMSafeModeManager.java:validateSafeModeExitRules(214)) - AtleastOneDatanodeReportedRule rule is successfully validated
2020-12-08 02:18:47,135 [pool-475-thread-1] INFO  server.RaftServerConfigKeys (ConfUtils.java:logGet(44)) - raft.server.log.appender.buffer.byte-limit = 33554432 (custom)
2020-12-08 02:18:47,135 [pool-475-thread-1] INFO  server.RaftServerConfigKeys (ConfUtils.java:logGet(44)) - raft.server.log.segment.size.max = 1048576 (custom)
2020-12-08 02:18:47,136 [pool-475-thread-1] INFO  server.RaftServerConfigKeys (ConfUtils.java:logGet(44)) - raft.server.log.segment.cache.num.max = 2 (custom)
2020-12-08 02:18:47,136 [pool-475-thread-1] INFO  segmented.SegmentedRaftLogWorker (SegmentedRaftLogWorker.java:<init>(180)) - new e6ce4bfb-70cc-4dab-829a-840fddc24c05@group-C451E46A2CA6-SegmentedRaftLogWorker for RaftStorage:Storage Directory /github/workspace/mnt/ozone/hadoop-ozone/integration-test/target/test-dir/MiniOzoneClusterImpl-c7e5300f-f3f2-48d9-ae25-3e63411fd680/datanode-5/data/ratis/6fefb3bb-b5ac-4da2-a6d0-c451e46a2ca6
2020-12-08 02:18:47,136 [pool-475-thread-1] INFO  server.RaftServerConfigKeys (ConfUtils.java:logGet(44)) - raft.server.log.queue.byte-limit = 2147483647 (custom)
2020-12-08 02:18:47,137 [pool-475-thread-1] INFO  server.RaftServerConfigKeys (ConfUtils.java:logGet(44)) - raft.server.log.queue.element-limit = 1024 (custom)
2020-12-08 02:18:47,137 [pool-475-thread-1] INFO  server.RaftServerConfigKeys (ConfUtils.java:logGet(44)) - raft.server.log.segment.size.max = 1048576 (custom)
2020-12-08 02:18:47,137 [pool-475-thread-1] INFO  server.RaftServerConfigKeys (ConfUtils.java:logGet(44)) - raft.server.log.preallocated.size = 16384 (custom)
2020-12-08 02:18:47,137 [pool-475-thread-1] INFO  server.RaftServerConfigKeys (ConfUtils.java:logGet(44)) - raft.server.log.write.buffer.size = 1048576 (custom)
2020-12-08 02:18:47,137 [pool-475-thread-1] INFO  server.RaftServerConfigKeys (ConfUtils.java:logGet(44)) - raft.server.log.force.sync.num = 128 (default)
2020-12-08 02:18:47,137 [pool-475-thread-1] INFO  server.RaftServerConfigKeys (ConfUtils.java:logGet(44)) - raft.server.log.statemachine.data.sync = true (default)
2020-12-08 02:18:47,137 [pool-475-thread-1] INFO  server.RaftServerConfigKeys (ConfUtils.java:logGet(44)) - raft.server.log.statemachine.data.sync.timeout = 10s (default)
2020-12-08 02:18:47,137 [pool-475-thread-1] INFO  server.RaftServerConfigKeys (ConfUtils.java:logGet(44)) - raft.server.log.statemachine.data.sync.timeout.retry = -1 (default)
2020-12-08 02:18:47,139 [pool-475-thread-1] INFO  server.RaftServerConfigKeys (ConfUtils.java:logGet(44)) - raft.server.log.statemachine.data.caching.enabled = true (custom)
2020-12-08 02:18:47,139 [pool-475-thread-1] INFO  segmented.SegmentedRaftLogWorker (SegmentedRaftLogWorker.java:lambda$new$0(129)) - e6ce4bfb-70cc-4dab-829a-840fddc24c05@group-C451E46A2CA6-SegmentedRaftLogWorker: flushIndex: setUnconditionally 0 -> -1
2020-12-08 02:18:47,140 [pool-475-thread-1] INFO  segmented.SegmentedRaftLogWorker (SegmentedRaftLogWorker.java:lambda$new$0(129)) - e6ce4bfb-70cc-4dab-829a-840fddc24c05@group-C451E46A2CA6-SegmentedRaftLogWorker: safeCacheEvictIndex: setUnconditionally 0 -> -1
2020-12-08 02:18:47,140 [pool-475-thread-1] INFO  server.RaftServerConfigKeys (ConfUtils.java:logGet(44)) - raft.server.snapshot.auto.trigger.enabled = true (custom)
2020-12-08 02:18:47,140 [pool-475-thread-1] INFO  server.RaftServerConfigKeys (ConfUtils.java:logGet(44)) - raft.server.snapshot.auto.trigger.threshold = 10000 (custom)
2020-12-08 02:18:47,140 [pool-475-thread-1] INFO  server.RaftServerConfigKeys (ConfUtils.java:logGet(44)) - raft.server.snapshot.retention.file.num = 5 (custom)
2020-12-08 02:18:47,140 [pool-475-thread-1] INFO  server.RaftServerConfigKeys (ConfUtils.java:logGet(44)) - raft.server.log.purge.upto.snapshot.index = false (default)
2020-12-08 02:18:47,140 [pool-475-thread-1] INFO  server.RaftServerConfigKeys (ConfUtils.java:logGet(44)) - raft.server.retrycache.expirytime = 600000ms (custom)
2020-12-08 02:18:47,140 [pool-475-thread-1] INFO  metrics.RatisMetrics (RatisMetrics.java:lambda$create$0(36)) - Creating Metrics Registry : ratis.leader_election.e6ce4bfb-70cc-4dab-829a-840fddc24c05@group-C451E46A2CA6
2020-12-08 02:18:47,141 [pool-475-thread-1] INFO  metrics.RatisMetrics (RatisMetrics.java:lambda$create$0(36)) - Creating Metrics Registry : ratis.server.e6ce4bfb-70cc-4dab-829a-840fddc24c05@group-C451E46A2CA6
2020-12-08 02:18:47,142 [pool-475-thread-1] INFO  impl.RaftServerImpl (RaftServerImpl.java:start(215)) - e6ce4bfb-70cc-4dab-829a-840fddc24c05@group-C451E46A2CA6: start as a follower, conf=-1: [e6ce4bfb-70cc-4dab-829a-840fddc24c05|rpc:172.17.0.2:45869|dataStream:, bef787c3-a919-4f9b-887c-fdb68b2678bc|rpc:172.17.0.2:36967|dataStream:, 8a6e4045-11b4-4c02-b30b-59b4d0471a8a|rpc:172.17.0.2:41653|dataStream:], old=null
2020-12-08 02:18:47,143 [pool-475-thread-1] INFO  impl.RaftServerImpl (RaftServerImpl.java:setRole(204)) - e6ce4bfb-70cc-4dab-829a-840fddc24c05@group-C451E46A2CA6: changes role from      null to FOLLOWER at term 0 for startAsFollower
2020-12-08 02:18:47,143 [pool-475-thread-1] INFO  impl.RoleInfo (RoleInfo.java:updateAndGet(143)) - e6ce4bfb-70cc-4dab-829a-840fddc24c05: start e6ce4bfb-70cc-4dab-829a-840fddc24c05@group-C451E46A2CA6-FollowerState
2020-12-08 02:18:47,143 [pool-475-thread-1] INFO  util.JmxRegister (JmxRegister.java:tryRegister(44)) - Successfully registered JMX Bean with object name Ratis:service=RaftServer,group=group-C451E46A2CA6,id=e6ce4bfb-70cc-4dab-829a-840fddc24c05
2020-12-08 02:18:47,143 [pool-475-thread-1] INFO  metrics.RatisMetrics (RatisMetrics.java:lambda$create$0(36)) - Creating Metrics Registry : ratis.state_machine.e6ce4bfb-70cc-4dab-829a-840fddc24c05@group-C451E46A2CA6
2020-12-08 02:18:47,151 [Command processor thread] INFO  metrics.RatisMetrics (RatisMetrics.java:lambda$create$0(36)) - Creating Metrics Registry : ratis.client_message_metrics.client-C2F0F58A8CE6->bef787c3-a919-4f9b-887c-fdb68b2678bc
2020-12-08 02:18:47,160 [grpc-default-executor-4] INFO  metrics.RatisMetrics (RatisMetrics.java:lambda$create$0(36)) - Creating Metrics Registry : ratis.server_message_metrics.bef787c3-a919-4f9b-887c-fdb68b2678bc
2020-12-08 02:18:47,165 [grpc-default-executor-4] INFO  impl.RaftServerProxy (RaftServerProxy.java:addNew(93)) - bef787c3-a919-4f9b-887c-fdb68b2678bc: addNew group-C451E46A2CA6:[e6ce4bfb-70cc-4dab-829a-840fddc24c05|rpc:172.17.0.2:45869|dataStream:, bef787c3-a919-4f9b-887c-fdb68b2678bc|rpc:172.17.0.2:36967|dataStream:, 8a6e4045-11b4-4c02-b30b-59b4d0471a8a|rpc:172.17.0.2:41653|dataStream:] returns group-C451E46A2CA6:java.util.concurrent.CompletableFuture@589d87eb[Not completed]
2020-12-08 02:18:47,167 [pool-459-thread-1] INFO  impl.RaftServerImpl (RaftServerImpl.java:<init>(121)) - bef787c3-a919-4f9b-887c-fdb68b2678bc: new RaftServerImpl for group-C451E46A2CA6:[e6ce4bfb-70cc-4dab-829a-840fddc24c05|rpc:172.17.0.2:45869|dataStream:, bef787c3-a919-4f9b-887c-fdb68b2678bc|rpc:172.17.0.2:36967|dataStream:, 8a6e4045-11b4-4c02-b30b-59b4d0471a8a|rpc:172.17.0.2:41653|dataStream:] with ContainerStateMachine:uninitialized
2020-12-08 02:18:47,169 [pool-459-thread-1] INFO  server.RaftServerConfigKeys (ConfUtils.java:logGet(44)) - raft.server.rpc.timeout.min = 5s (custom)
2020-12-08 02:18:47,169 [pool-459-thread-1] INFO  server.RaftServerConfigKeys (ConfUtils.java:logGet(44)) - raft.server.rpc.timeout.max = 5200ms (custom)
2020-12-08 02:18:47,169 [pool-459-thread-1] INFO  server.RaftServerConfigKeys (ConfUtils.java:logGet(44)) - raft.server.rpc.slowness.timeout = 300000ms (custom)
2020-12-08 02:18:47,169 [pool-459-thread-1] INFO  server.RaftServerConfigKeys (ConfUtils.java:logGet(44)) - raft.server.leaderelection.leader.step-down.wait-time = 10s (default)
2020-12-08 02:18:47,169 [pool-459-thread-1] INFO  server.RaftServerConfigKeys (ConfUtils.java:logGet(44)) - raft.server.sleep.deviation.threshold = 300 (default)
2020-12-08 02:18:47,169 [pool-459-thread-1] INFO  server.RaftServerConfigKeys (ConfUtils.java:logGet(44)) - raft.server.log.appender.install.snapshot.enabled = false (custom)
2020-12-08 02:18:47,169 [pool-459-thread-1] INFO  impl.RaftServerImpl (ServerState.java:<init>(104)) - bef787c3-a919-4f9b-887c-fdb68b2678bc@group-C451E46A2CA6: ConfigurationManager, init=-1: [e6ce4bfb-70cc-4dab-829a-840fddc24c05|rpc:172.17.0.2:45869|dataStream:, bef787c3-a919-4f9b-887c-fdb68b2678bc|rpc:172.17.0.2:36967|dataStream:, 8a6e4045-11b4-4c02-b30b-59b4d0471a8a|rpc:172.17.0.2:41653|dataStream:], old=null, confs=<EMPTY_MAP>
2020-12-08 02:18:47,169 [pool-459-thread-1] INFO  server.RaftServerConfigKeys (ConfUtils.java:logGet(44)) - raft.server.storage.dir = [/github/workspace/mnt/ozone/hadoop-ozone/integration-test/target/test-dir/MiniOzoneClusterImpl-c7e5300f-f3f2-48d9-ae25-3e63411fd680/datanode-4/data/ratis] (custom)
2020-12-08 02:18:47,170 [pool-459-thread-1] INFO  server.RaftServerConfigKeys (ConfUtils.java:logGet(44)) - raft.server.log.corruption.policy = EXCEPTION (default)
2020-12-08 02:18:47,170 [pool-459-thread-1] INFO  storage.RaftStorageDirectory (RaftStorageDirectory.java:analyzeStorage(261)) - The storage directory /github/workspace/mnt/ozone/hadoop-ozone/integration-test/target/test-dir/MiniOzoneClusterImpl-c7e5300f-f3f2-48d9-ae25-3e63411fd680/datanode-4/data/ratis/6fefb3bb-b5ac-4da2-a6d0-c451e46a2ca6 does not exist. Creating ...
2020-12-08 02:18:47,171 [pool-459-thread-1] INFO  storage.RaftStorageDirectory (RaftStorageDirectory.java:tryLock(343)) - Lock on /github/workspace/mnt/ozone/hadoop-ozone/integration-test/target/test-dir/MiniOzoneClusterImpl-c7e5300f-f3f2-48d9-ae25-3e63411fd680/datanode-4/data/ratis/6fefb3bb-b5ac-4da2-a6d0-c451e46a2ca6/in_use.lock acquired by nodename 18611@11cef1ca5a88
2020-12-08 02:18:47,172 [pool-459-thread-1] INFO  storage.RaftStorage (RaftStorage.java:format(85)) - Storage directory /github/workspace/mnt/ozone/hadoop-ozone/integration-test/target/test-dir/MiniOzoneClusterImpl-c7e5300f-f3f2-48d9-ae25-3e63411fd680/datanode-4/data/ratis/6fefb3bb-b5ac-4da2-a6d0-c451e46a2ca6 has been successfully formatted.
2020-12-08 02:18:47,174 [pool-459-thread-1] INFO  ratis.ContainerStateMachine (ContainerStateMachine.java:loadSnapshot(225)) - group-C451E46A2CA6: The snapshot info is null. Setting the last applied indexto:(t:0, i:~)
2020-12-08 02:18:47,174 [pool-459-thread-1] INFO  server.RaftServerConfigKeys (ConfUtils.java:logGet(44)) - raft.server.notification.no-leader.timeout = 300000ms (custom)
2020-12-08 02:18:47,175 [pool-459-thread-1] INFO  server.RaftServerConfigKeys (ConfUtils.java:logGet(44)) - raft.server.log.use.memory = false (default)
2020-12-08 02:18:47,175 [pool-459-thread-1] INFO  server.RaftServerConfigKeys (ConfUtils.java:logGet(44)) - raft.server.log.purge.gap = 1000000 (custom)
2020-12-08 02:18:47,176 [EventQueue-PipelineReportForOneReplicaPipelineSafeModeRule] INFO  safemode.SCMSafeModeManager (SCMSafeModeManager.java:validateSafeModeExitRules(214)) - AtleastOneDatanodeReportedRule rule is successfully validated
2020-12-08 02:18:47,176 [pool-459-thread-1] INFO  metrics.RatisMetrics (RatisMetrics.java:lambda$create$0(36)) - Creating Metrics Registry : ratis.log_worker.bef787c3-a919-4f9b-887c-fdb68b2678bc@group-C451E46A2CA6
2020-12-08 02:18:47,176 [pool-459-thread-1] INFO  server.RaftServerConfigKeys (ConfUtils.java:logGet(44)) - raft.server.log.appender.buffer.byte-limit = 33554432 (custom)
2020-12-08 02:18:47,176 [pool-459-thread-1] INFO  server.RaftServerConfigKeys (ConfUtils.java:logGet(44)) - raft.server.log.segment.size.max = 1048576 (custom)
2020-12-08 02:18:47,177 [pool-459-thread-1] INFO  server.RaftServerConfigKeys (ConfUtils.java:logGet(44)) - raft.server.log.segment.cache.num.max = 2 (custom)
2020-12-08 02:18:47,177 [pool-459-thread-1] INFO  segmented.SegmentedRaftLogWorker (SegmentedRaftLogWorker.java:<init>(180)) - new bef787c3-a919-4f9b-887c-fdb68b2678bc@group-C451E46A2CA6-SegmentedRaftLogWorker for RaftStorage:Storage Directory /github/workspace/mnt/ozone/hadoop-ozone/integration-test/target/test-dir/MiniOzoneClusterImpl-c7e5300f-f3f2-48d9-ae25-3e63411fd680/datanode-4/data/ratis/6fefb3bb-b5ac-4da2-a6d0-c451e46a2ca6
2020-12-08 02:18:47,177 [pool-459-thread-1] INFO  server.RaftServerConfigKeys (ConfUtils.java:logGet(44)) - raft.server.log.queue.byte-limit = 2147483647 (custom)
2020-12-08 02:18:47,177 [pool-459-thread-1] INFO  server.RaftServerConfigKeys (ConfUtils.java:logGet(44)) - raft.server.log.queue.element-limit = 1024 (custom)
2020-12-08 02:18:47,177 [pool-459-thread-1] INFO  server.RaftServerConfigKeys (ConfUtils.java:logGet(44)) - raft.server.log.segment.size.max = 1048576 (custom)
2020-12-08 02:18:47,177 [pool-459-thread-1] INFO  server.RaftServerConfigKeys (ConfUtils.java:logGet(44)) - raft.server.log.preallocated.size = 16384 (custom)
2020-12-08 02:18:47,178 [pool-459-thread-1] INFO  server.RaftServerConfigKeys (ConfUtils.java:logGet(44)) - raft.server.log.write.buffer.size = 1048576 (custom)
2020-12-08 02:18:47,178 [pool-459-thread-1] INFO  server.RaftServerConfigKeys (ConfUtils.java:logGet(44)) - raft.server.log.force.sync.num = 128 (default)
2020-12-08 02:18:47,178 [pool-459-thread-1] INFO  server.RaftServerConfigKeys (ConfUtils.java:logGet(44)) - raft.server.log.statemachine.data.sync = true (default)
2020-12-08 02:18:47,178 [pool-459-thread-1] INFO  server.RaftServerConfigKeys (ConfUtils.java:logGet(44)) - raft.server.log.statemachine.data.sync.timeout = 10s (default)
2020-12-08 02:18:47,178 [pool-459-thread-1] INFO  server.RaftServerConfigKeys (ConfUtils.java:logGet(44)) - raft.server.log.statemachine.data.sync.timeout.retry = -1 (default)
2020-12-08 02:18:47,179 [pool-459-thread-1] INFO  server.RaftServerConfigKeys (ConfUtils.java:logGet(44)) - raft.server.log.statemachine.data.caching.enabled = true (custom)
2020-12-08 02:18:47,179 [pool-459-thread-1] INFO  segmented.SegmentedRaftLogWorker (SegmentedRaftLogWorker.java:lambda$new$0(129)) - bef787c3-a919-4f9b-887c-fdb68b2678bc@group-C451E46A2CA6-SegmentedRaftLogWorker: flushIndex: setUnconditionally 0 -> -1
2020-12-08 02:18:47,179 [pool-459-thread-1] INFO  segmented.SegmentedRaftLogWorker (SegmentedRaftLogWorker.java:lambda$new$0(129)) - bef787c3-a919-4f9b-887c-fdb68b2678bc@group-C451E46A2CA6-SegmentedRaftLogWorker: safeCacheEvictIndex: setUnconditionally 0 -> -1
2020-12-08 02:18:47,180 [pool-459-thread-1] INFO  server.RaftServerConfigKeys (ConfUtils.java:logGet(44)) - raft.server.snapshot.auto.trigger.enabled = true (custom)
2020-12-08 02:18:47,180 [pool-459-thread-1] INFO  server.RaftServerConfigKeys (ConfUtils.java:logGet(44)) - raft.server.snapshot.auto.trigger.threshold = 10000 (custom)
2020-12-08 02:18:47,180 [pool-459-thread-1] INFO  server.RaftServerConfigKeys (ConfUtils.java:logGet(44)) - raft.server.snapshot.retention.file.num = 5 (custom)
2020-12-08 02:18:47,180 [pool-459-thread-1] INFO  server.RaftServerConfigKeys (ConfUtils.java:logGet(44)) - raft.server.log.purge.upto.snapshot.index = false (default)
2020-12-08 02:18:47,180 [pool-459-thread-1] INFO  server.RaftServerConfigKeys (ConfUtils.java:logGet(44)) - raft.server.retrycache.expirytime = 600000ms (custom)
2020-12-08 02:18:47,180 [pool-459-thread-1] INFO  metrics.RatisMetrics (RatisMetrics.java:lambda$create$0(36)) - Creating Metrics Registry : ratis.leader_election.bef787c3-a919-4f9b-887c-fdb68b2678bc@group-C451E46A2CA6
2020-12-08 02:18:47,181 [pool-459-thread-1] INFO  metrics.RatisMetrics (RatisMetrics.java:lambda$create$0(36)) - Creating Metrics Registry : ratis.server.bef787c3-a919-4f9b-887c-fdb68b2678bc@group-C451E46A2CA6
2020-12-08 02:18:47,182 [pool-459-thread-1] INFO  impl.RaftServerImpl (RaftServerImpl.java:start(215)) - bef787c3-a919-4f9b-887c-fdb68b2678bc@group-C451E46A2CA6: start as a follower, conf=-1: [e6ce4bfb-70cc-4dab-829a-840fddc24c05|rpc:172.17.0.2:45869|dataStream:, bef787c3-a919-4f9b-887c-fdb68b2678bc|rpc:172.17.0.2:36967|dataStream:, 8a6e4045-11b4-4c02-b30b-59b4d0471a8a|rpc:172.17.0.2:41653|dataStream:], old=null
2020-12-08 02:18:47,182 [pool-459-thread-1] INFO  impl.RaftServerImpl (RaftServerImpl.java:setRole(204)) - bef787c3-a919-4f9b-887c-fdb68b2678bc@group-C451E46A2CA6: changes role from      null to FOLLOWER at term 0 for startAsFollower
2020-12-08 02:18:47,182 [pool-459-thread-1] INFO  impl.RoleInfo (RoleInfo.java:updateAndGet(143)) - bef787c3-a919-4f9b-887c-fdb68b2678bc: start bef787c3-a919-4f9b-887c-fdb68b2678bc@group-C451E46A2CA6-FollowerState
2020-12-08 02:18:47,185 [pool-459-thread-1] INFO  util.JmxRegister (JmxRegister.java:tryRegister(44)) - Successfully registered JMX Bean with object name Ratis:service=RaftServer,group=group-C451E46A2CA6,id=bef787c3-a919-4f9b-887c-fdb68b2678bc
2020-12-08 02:18:47,185 [pool-459-thread-1] INFO  metrics.RatisMetrics (RatisMetrics.java:lambda$create$0(36)) - Creating Metrics Registry : ratis.state_machine.bef787c3-a919-4f9b-887c-fdb68b2678bc@group-C451E46A2CA6
2020-12-08 02:18:47,193 [Command processor thread] INFO  commandhandler.CreatePipelineCommandHandler (CreatePipelineCommandHandler.java:handle(106)) - Created Pipeline RATIS THREE PipelineID=6fefb3bb-b5ac-4da2-a6d0-c451e46a2ca6.
2020-12-08 02:18:47,294 [Command processor thread] INFO  impl.RaftServerProxy (RaftServerProxy.java:addNew(93)) - bef787c3-a919-4f9b-887c-fdb68b2678bc: addNew group-2C9564A021F4:[bef787c3-a919-4f9b-887c-fdb68b2678bc|rpc:172.17.0.2:36967] returns group-2C9564A021F4:java.util.concurrent.CompletableFuture@5c36481c[Not completed]
2020-12-08 02:18:47,294 [pool-459-thread-1] INFO  impl.RaftServerImpl (RaftServerImpl.java:<init>(121)) - bef787c3-a919-4f9b-887c-fdb68b2678bc: new RaftServerImpl for group-2C9564A021F4:[bef787c3-a919-4f9b-887c-fdb68b2678bc|rpc:172.17.0.2:36967] with ContainerStateMachine:uninitialized
2020-12-08 02:18:47,295 [pool-459-thread-1] INFO  server.RaftServerConfigKeys (ConfUtils.java:logGet(44)) - raft.server.rpc.timeout.min = 5s (custom)
2020-12-08 02:18:47,295 [pool-459-thread-1] INFO  server.RaftServerConfigKeys (ConfUtils.java:logGet(44)) - raft.server.rpc.timeout.max = 5200ms (custom)
2020-12-08 02:18:47,295 [pool-459-thread-1] INFO  server.RaftServerConfigKeys (ConfUtils.java:logGet(44)) - raft.server.rpc.slowness.timeout = 300000ms (custom)
2020-12-08 02:18:47,295 [pool-459-thread-1] INFO  server.RaftServerConfigKeys (ConfUtils.java:logGet(44)) - raft.server.leaderelection.leader.step-down.wait-time = 10s (default)
2020-12-08 02:18:47,295 [pool-459-thread-1] INFO  server.RaftServerConfigKeys (ConfUtils.java:logGet(44)) - raft.server.sleep.deviation.threshold = 300 (default)
2020-12-08 02:18:47,295 [pool-459-thread-1] INFO  server.RaftServerConfigKeys (ConfUtils.java:logGet(44)) - raft.server.log.appender.install.snapshot.enabled = false (custom)
2020-12-08 02:18:47,295 [pool-459-thread-1] INFO  impl.RaftServerImpl (ServerState.java:<init>(104)) - bef787c3-a919-4f9b-887c-fdb68b2678bc@group-2C9564A021F4: ConfigurationManager, init=-1: [bef787c3-a919-4f9b-887c-fdb68b2678bc|rpc:172.17.0.2:36967], old=null, confs=<EMPTY_MAP>
2020-12-08 02:18:47,295 [pool-459-thread-1] INFO  server.RaftServerConfigKeys (ConfUtils.java:logGet(44)) - raft.server.storage.dir = [/github/workspace/mnt/ozone/hadoop-ozone/integration-test/target/test-dir/MiniOzoneClusterImpl-c7e5300f-f3f2-48d9-ae25-3e63411fd680/datanode-4/data/ratis] (custom)
2020-12-08 02:18:47,295 [pool-459-thread-1] INFO  server.RaftServerConfigKeys (ConfUtils.java:logGet(44)) - raft.server.log.corruption.policy = EXCEPTION (default)
2020-12-08 02:18:47,296 [pool-459-thread-1] INFO  storage.RaftStorageDirectory (RaftStorageDirectory.java:analyzeStorage(261)) - The storage directory /github/workspace/mnt/ozone/hadoop-ozone/integration-test/target/test-dir/MiniOzoneClusterImpl-c7e5300f-f3f2-48d9-ae25-3e63411fd680/datanode-4/data/ratis/81748940-a9f4-4d3c-b549-2c9564a021f4 does not exist. Creating ...
2020-12-08 02:18:47,297 [pool-459-thread-1] INFO  storage.RaftStorageDirectory (RaftStorageDirectory.java:tryLock(343)) - Lock on /github/workspace/mnt/ozone/hadoop-ozone/integration-test/target/test-dir/MiniOzoneClusterImpl-c7e5300f-f3f2-48d9-ae25-3e63411fd680/datanode-4/data/ratis/81748940-a9f4-4d3c-b549-2c9564a021f4/in_use.lock acquired by nodename 18611@11cef1ca5a88
2020-12-08 02:18:47,300 [pool-459-thread-1] INFO  storage.RaftStorage (RaftStorage.java:format(85)) - Storage directory /github/workspace/mnt/ozone/hadoop-ozone/integration-test/target/test-dir/MiniOzoneClusterImpl-c7e5300f-f3f2-48d9-ae25-3e63411fd680/datanode-4/data/ratis/81748940-a9f4-4d3c-b549-2c9564a021f4 has been successfully formatted.
2020-12-08 02:18:47,301 [pool-459-thread-1] INFO  ratis.ContainerStateMachine (ContainerStateMachine.java:loadSnapshot(225)) - group-2C9564A021F4: The snapshot info is null. Setting the last applied indexto:(t:0, i:~)
2020-12-08 02:18:47,301 [pool-459-thread-1] INFO  server.RaftServerConfigKeys (ConfUtils.java:logGet(44)) - raft.server.notification.no-leader.timeout = 300000ms (custom)
2020-12-08 02:18:47,302 [EventQueue-PipelineReportForPipelineReportHandler] INFO  pipeline.PipelineStateManager (PipelineStateManager.java:openPipeline(132)) - Pipeline Pipeline[ Id: 81748940-a9f4-4d3c-b549-2c9564a021f4, Nodes: bef787c3-a919-4f9b-887c-fdb68b2678bc{ip: 172.17.0.2, host: 11cef1ca5a88, networkLocation: /default-rack, certSerialId: null, persistedOpState: IN_SERVICE, persistedOpStateExpiryEpochSec: 0}, Type:RATIS, Factor:ONE, State:ALLOCATED, leaderId:bef787c3-a919-4f9b-887c-fdb68b2678bc, CreationTimestamp2020-12-08T02:18:44.297Z] moved to OPEN state
2020-12-08 02:18:47,303 [EventQueue-OpenPipelineForHealthyPipelineSafeModeRule] INFO  safemode.SCMSafeModeManager (HealthyPipelineSafeModeRule.java:process(128)) - SCM in safe mode. Healthy pipelines reported count is 0, required healthy pipeline reported count is 1
2020-12-08 02:18:47,302 [EventQueue-PipelineReportForOneReplicaPipelineSafeModeRule] INFO  safemode.SCMSafeModeManager (SCMSafeModeManager.java:validateSafeModeExitRules(214)) - AtleastOneDatanodeReportedRule rule is successfully validated
2020-12-08 02:18:47,306 [pool-459-thread-1] INFO  server.RaftServerConfigKeys (ConfUtils.java:logGet(44)) - raft.server.log.use.memory = false (default)
2020-12-08 02:18:47,306 [pool-459-thread-1] INFO  server.RaftServerConfigKeys (ConfUtils.java:logGet(44)) - raft.server.log.purge.gap = 1000000 (custom)
2020-12-08 02:18:47,306 [pool-459-thread-1] INFO  metrics.RatisMetrics (RatisMetrics.java:lambda$create$0(36)) - Creating Metrics Registry : ratis.log_worker.bef787c3-a919-4f9b-887c-fdb68b2678bc@group-2C9564A021F4
2020-12-08 02:18:47,307 [pool-459-thread-1] INFO  server.RaftServerConfigKeys (ConfUtils.java:logGet(44)) - raft.server.log.appender.buffer.byte-limit = 33554432 (custom)
2020-12-08 02:18:47,307 [pool-459-thread-1] INFO  server.RaftServerConfigKeys (ConfUtils.java:logGet(44)) - raft.server.log.segment.size.max = 1048576 (custom)
2020-12-08 02:18:47,308 [pool-459-thread-1] INFO  server.RaftServerConfigKeys (ConfUtils.java:logGet(44)) - raft.server.log.segment.cache.num.max = 2 (custom)
2020-12-08 02:18:47,308 [pool-459-thread-1] INFO  segmented.SegmentedRaftLogWorker (SegmentedRaftLogWorker.java:<init>(180)) - new bef787c3-a919-4f9b-887c-fdb68b2678bc@group-2C9564A021F4-SegmentedRaftLogWorker for RaftStorage:Storage Directory /github/workspace/mnt/ozone/hadoop-ozone/integration-test/target/test-dir/MiniOzoneClusterImpl-c7e5300f-f3f2-48d9-ae25-3e63411fd680/datanode-4/data/ratis/81748940-a9f4-4d3c-b549-2c9564a021f4
2020-12-08 02:18:47,308 [pool-459-thread-1] INFO  server.RaftServerConfigKeys (ConfUtils.java:logGet(44)) - raft.server.log.queue.byte-limit = 2147483647 (custom)
2020-12-08 02:18:47,308 [pool-459-thread-1] INFO  server.RaftServerConfigKeys (ConfUtils.java:logGet(44)) - raft.server.log.queue.element-limit = 1024 (custom)
2020-12-08 02:18:47,309 [pool-459-thread-1] INFO  server.RaftServerConfigKeys (ConfUtils.java:logGet(44)) - raft.server.log.segment.size.max = 1048576 (custom)
2020-12-08 02:18:47,309 [pool-459-thread-1] INFO  server.RaftServerConfigKeys (ConfUtils.java:logGet(44)) - raft.server.log.preallocated.size = 16384 (custom)
2020-12-08 02:18:47,309 [pool-459-thread-1] INFO  server.RaftServerConfigKeys (ConfUtils.java:logGet(44)) - raft.server.log.write.buffer.size = 1048576 (custom)
2020-12-08 02:18:47,309 [pool-459-thread-1] INFO  server.RaftServerConfigKeys (ConfUtils.java:logGet(44)) - raft.server.log.force.sync.num = 128 (default)
2020-12-08 02:18:47,312 [pool-459-thread-1] INFO  server.RaftServerConfigKeys (ConfUtils.java:logGet(44)) - raft.server.log.statemachine.data.sync = true (default)
2020-12-08 02:18:47,312 [pool-459-thread-1] INFO  server.RaftServerConfigKeys (ConfUtils.java:logGet(44)) - raft.server.log.statemachine.data.sync.timeout = 10s (default)
2020-12-08 02:18:47,312 [pool-459-thread-1] INFO  server.RaftServerConfigKeys (ConfUtils.java:logGet(44)) - raft.server.log.statemachine.data.sync.timeout.retry = -1 (default)
2020-12-08 02:18:47,315 [pool-459-thread-1] INFO  server.RaftServerConfigKeys (ConfUtils.java:logGet(44)) - raft.server.log.statemachine.data.caching.enabled = true (custom)
2020-12-08 02:18:47,315 [pool-459-thread-1] INFO  segmented.SegmentedRaftLogWorker (SegmentedRaftLogWorker.java:lambda$new$0(129)) - bef787c3-a919-4f9b-887c-fdb68b2678bc@group-2C9564A021F4-SegmentedRaftLogWorker: flushIndex: setUnconditionally 0 -> -1
2020-12-08 02:18:47,315 [pool-459-thread-1] INFO  segmented.SegmentedRaftLogWorker (SegmentedRaftLogWorker.java:lambda$new$0(129)) - bef787c3-a919-4f9b-887c-fdb68b2678bc@group-2C9564A021F4-SegmentedRaftLogWorker: safeCacheEvictIndex: setUnconditionally 0 -> -1
2020-12-08 02:18:47,315 [pool-459-thread-1] INFO  server.RaftServerConfigKeys (ConfUtils.java:logGet(44)) - raft.server.snapshot.auto.trigger.enabled = true (custom)
2020-12-08 02:18:47,315 [pool-459-thread-1] INFO  server.RaftServerConfigKeys (ConfUtils.java:logGet(44)) - raft.server.snapshot.auto.trigger.threshold = 10000 (custom)
2020-12-08 02:18:47,315 [pool-459-thread-1] INFO  server.RaftServerConfigKeys (ConfUtils.java:logGet(44)) - raft.server.snapshot.retention.file.num = 5 (custom)
2020-12-08 02:18:47,315 [pool-459-thread-1] INFO  server.RaftServerConfigKeys (ConfUtils.java:logGet(44)) - raft.server.log.purge.upto.snapshot.index = false (default)
2020-12-08 02:18:47,316 [pool-459-thread-1] INFO  server.RaftServerConfigKeys (ConfUtils.java:logGet(44)) - raft.server.retrycache.expirytime = 600000ms (custom)
2020-12-08 02:18:47,316 [pool-459-thread-1] INFO  metrics.RatisMetrics (RatisMetrics.java:lambda$create$0(36)) - Creating Metrics Registry : ratis.leader_election.bef787c3-a919-4f9b-887c-fdb68b2678bc@group-2C9564A021F4
2020-12-08 02:18:47,316 [pool-459-thread-1] INFO  metrics.RatisMetrics (RatisMetrics.java:lambda$create$0(36)) - Creating Metrics Registry : ratis.server.bef787c3-a919-4f9b-887c-fdb68b2678bc@group-2C9564A021F4
2020-12-08 02:18:47,317 [pool-459-thread-1] INFO  impl.RaftServerImpl (RaftServerImpl.java:start(215)) - bef787c3-a919-4f9b-887c-fdb68b2678bc@group-2C9564A021F4: start as a follower, conf=-1: [bef787c3-a919-4f9b-887c-fdb68b2678bc|rpc:172.17.0.2:36967], old=null
2020-12-08 02:18:47,317 [pool-459-thread-1] INFO  impl.RaftServerImpl (RaftServerImpl.java:setRole(204)) - bef787c3-a919-4f9b-887c-fdb68b2678bc@group-2C9564A021F4: changes role from      null to FOLLOWER at term 0 for startAsFollower
2020-12-08 02:18:47,317 [pool-459-thread-1] INFO  impl.RoleInfo (RoleInfo.java:updateAndGet(143)) - bef787c3-a919-4f9b-887c-fdb68b2678bc: start bef787c3-a919-4f9b-887c-fdb68b2678bc@group-2C9564A021F4-FollowerState
2020-12-08 02:18:47,318 [pool-459-thread-1] INFO  util.JmxRegister (JmxRegister.java:tryRegister(44)) - Successfully registered JMX Bean with object name Ratis:service=RaftServer,group=group-2C9564A021F4,id=bef787c3-a919-4f9b-887c-fdb68b2678bc
2020-12-08 02:18:47,318 [pool-459-thread-1] INFO  metrics.RatisMetrics (RatisMetrics.java:lambda$create$0(36)) - Creating Metrics Registry : ratis.state_machine.bef787c3-a919-4f9b-887c-fdb68b2678bc@group-2C9564A021F4
2020-12-08 02:18:47,319 [Command processor thread] INFO  commandhandler.CreatePipelineCommandHandler (CreatePipelineCommandHandler.java:handle(106)) - Created Pipeline RATIS ONE PipelineID=81748940-a9f4-4d3c-b549-2c9564a021f4.
2020-12-08 02:18:47,506 [Command processor thread] INFO  impl.RaftServerProxy (RaftServerProxy.java:addNew(93)) - e6ce4bfb-70cc-4dab-829a-840fddc24c05: addNew group-1DFE0CB169D6:[e6ce4bfb-70cc-4dab-829a-840fddc24c05|rpc:172.17.0.2:45869] returns group-1DFE0CB169D6:java.util.concurrent.CompletableFuture@7754295c[Not completed]
2020-12-08 02:18:47,507 [pool-475-thread-1] INFO  impl.RaftServerImpl (RaftServerImpl.java:<init>(121)) - e6ce4bfb-70cc-4dab-829a-840fddc24c05: new RaftServerImpl for group-1DFE0CB169D6:[e6ce4bfb-70cc-4dab-829a-840fddc24c05|rpc:172.17.0.2:45869] with ContainerStateMachine:uninitialized
2020-12-08 02:18:47,507 [pool-475-thread-1] INFO  server.RaftServerConfigKeys (ConfUtils.java:logGet(44)) - raft.server.rpc.timeout.min = 5s (custom)
2020-12-08 02:18:47,507 [pool-475-thread-1] INFO  server.RaftServerConfigKeys (ConfUtils.java:logGet(44)) - raft.server.rpc.timeout.max = 5200ms (custom)
2020-12-08 02:18:47,508 [pool-475-thread-1] INFO  server.RaftServerConfigKeys (ConfUtils.java:logGet(44)) - raft.server.rpc.slowness.timeout = 300000ms (custom)
2020-12-08 02:18:47,508 [pool-475-thread-1] INFO  server.RaftServerConfigKeys (ConfUtils.java:logGet(44)) - raft.server.leaderelection.leader.step-down.wait-time = 10s (default)
2020-12-08 02:18:47,508 [pool-475-thread-1] INFO  server.RaftServerConfigKeys (ConfUtils.java:logGet(44)) - raft.server.sleep.deviation.threshold = 300 (default)
2020-12-08 02:18:47,508 [pool-475-thread-1] INFO  server.RaftServerConfigKeys (ConfUtils.java:logGet(44)) - raft.server.log.appender.install.snapshot.enabled = false (custom)
2020-12-08 02:18:47,508 [pool-475-thread-1] INFO  impl.RaftServerImpl (ServerState.java:<init>(104)) - e6ce4bfb-70cc-4dab-829a-840fddc24c05@group-1DFE0CB169D6: ConfigurationManager, init=-1: [e6ce4bfb-70cc-4dab-829a-840fddc24c05|rpc:172.17.0.2:45869], old=null, confs=<EMPTY_MAP>
2020-12-08 02:18:47,508 [pool-475-thread-1] INFO  server.RaftServerConfigKeys (ConfUtils.java:logGet(44)) - raft.server.storage.dir = [/github/workspace/mnt/ozone/hadoop-ozone/integration-test/target/test-dir/MiniOzoneClusterImpl-c7e5300f-f3f2-48d9-ae25-3e63411fd680/datanode-5/data/ratis] (custom)
2020-12-08 02:18:47,508 [pool-475-thread-1] INFO  server.RaftServerConfigKeys (ConfUtils.java:logGet(44)) - raft.server.log.corruption.policy = EXCEPTION (default)
2020-12-08 02:18:47,508 [pool-475-thread-1] INFO  storage.RaftStorageDirectory (RaftStorageDirectory.java:analyzeStorage(261)) - The storage directory /github/workspace/mnt/ozone/hadoop-ozone/integration-test/target/test-dir/MiniOzoneClusterImpl-c7e5300f-f3f2-48d9-ae25-3e63411fd680/datanode-5/data/ratis/ebb32eae-a800-4d70-bece-1dfe0cb169d6 does not exist. Creating ...
2020-12-08 02:18:47,626 [pool-475-thread-1] INFO  storage.RaftStorageDirectory (RaftStorageDirectory.java:tryLock(343)) - Lock on /github/workspace/mnt/ozone/hadoop-ozone/integration-test/target/test-dir/MiniOzoneClusterImpl-c7e5300f-f3f2-48d9-ae25-3e63411fd680/datanode-5/data/ratis/ebb32eae-a800-4d70-bece-1dfe0cb169d6/in_use.lock acquired by nodename 18611@11cef1ca5a88
2020-12-08 02:18:47,707 [Command processor thread] INFO  impl.RaftServerProxy (RaftServerProxy.java:addNew(93)) - 66346d6a-4140-4d92-b7fe-10723d1ff793: addNew group-5DBFB2906017:[66346d6a-4140-4d92-b7fe-10723d1ff793|rpc:172.17.0.2:45391] returns group-5DBFB2906017:java.util.concurrent.CompletableFuture@40199b05[Not completed]
2020-12-08 02:18:47,708 [pool-491-thread-1] INFO  impl.RaftServerImpl (RaftServerImpl.java:<init>(121)) - 66346d6a-4140-4d92-b7fe-10723d1ff793: new RaftServerImpl for group-5DBFB2906017:[66346d6a-4140-4d92-b7fe-10723d1ff793|rpc:172.17.0.2:45391] with ContainerStateMachine:uninitialized
2020-12-08 02:18:47,709 [pool-491-thread-1] INFO  server.RaftServerConfigKeys (ConfUtils.java:logGet(44)) - raft.server.rpc.timeout.min = 5s (custom)
2020-12-08 02:18:47,709 [pool-491-thread-1] INFO  server.RaftServerConfigKeys (ConfUtils.java:logGet(44)) - raft.server.rpc.timeout.max = 5200ms (custom)
2020-12-08 02:18:47,709 [pool-491-thread-1] INFO  server.RaftServerConfigKeys (ConfUtils.java:logGet(44)) - raft.server.rpc.slowness.timeout = 300000ms (custom)
2020-12-08 02:18:47,709 [pool-491-thread-1] INFO  server.RaftServerConfigKeys (ConfUtils.java:logGet(44)) - raft.server.leaderelection.leader.step-down.wait-time = 10s (default)
2020-12-08 02:18:47,709 [pool-491-thread-1] INFO  server.RaftServerConfigKeys (ConfUtils.java:logGet(44)) - raft.server.sleep.deviation.threshold = 300 (default)
2020-12-08 02:18:47,709 [pool-491-thread-1] INFO  server.RaftServerConfigKeys (ConfUtils.java:logGet(44)) - raft.server.log.appender.install.snapshot.enabled = false (custom)
2020-12-08 02:18:47,709 [pool-491-thread-1] INFO  impl.RaftServerImpl (ServerState.java:<init>(104)) - 66346d6a-4140-4d92-b7fe-10723d1ff793@group-5DBFB2906017: ConfigurationManager, init=-1: [66346d6a-4140-4d92-b7fe-10723d1ff793|rpc:172.17.0.2:45391], old=null, confs=<EMPTY_MAP>
2020-12-08 02:18:47,709 [pool-491-thread-1] INFO  server.RaftServerConfigKeys (ConfUtils.java:logGet(44)) - raft.server.storage.dir = [/github/workspace/mnt/ozone/hadoop-ozone/integration-test/target/test-dir/MiniOzoneClusterImpl-c7e5300f-f3f2-48d9-ae25-3e63411fd680/datanode-6/data/ratis] (custom)
2020-12-08 02:18:47,710 [pool-491-thread-1] INFO  server.RaftServerConfigKeys (ConfUtils.java:logGet(44)) - raft.server.log.corruption.policy = EXCEPTION (default)
2020-12-08 02:18:47,710 [pool-491-thread-1] INFO  storage.RaftStorageDirectory (RaftStorageDirectory.java:analyzeStorage(261)) - The storage directory /github/workspace/mnt/ozone/hadoop-ozone/integration-test/target/test-dir/MiniOzoneClusterImpl-c7e5300f-f3f2-48d9-ae25-3e63411fd680/datanode-6/data/ratis/7130ddae-296a-4d78-b6e2-5dbfb2906017 does not exist. Creating ...
2020-12-08 02:18:47,720 [pool-475-thread-1] INFO  storage.RaftStorage (RaftStorage.java:format(85)) - Storage directory /github/workspace/mnt/ozone/hadoop-ozone/integration-test/target/test-dir/MiniOzoneClusterImpl-c7e5300f-f3f2-48d9-ae25-3e63411fd680/datanode-5/data/ratis/ebb32eae-a800-4d70-bece-1dfe0cb169d6 has been successfully formatted.
2020-12-08 02:18:47,721 [pool-475-thread-1] INFO  ratis.ContainerStateMachine (ContainerStateMachine.java:loadSnapshot(225)) - group-1DFE0CB169D6: The snapshot info is null. Setting the last applied indexto:(t:0, i:~)
2020-12-08 02:18:47,721 [pool-475-thread-1] INFO  server.RaftServerConfigKeys (ConfUtils.java:logGet(44)) - raft.server.notification.no-leader.timeout = 300000ms (custom)
2020-12-08 02:18:47,721 [pool-475-thread-1] INFO  server.RaftServerConfigKeys (ConfUtils.java:logGet(44)) - raft.server.log.use.memory = false (default)
2020-12-08 02:18:47,721 [pool-475-thread-1] INFO  server.RaftServerConfigKeys (ConfUtils.java:logGet(44)) - raft.server.log.purge.gap = 1000000 (custom)
2020-12-08 02:18:47,721 [pool-475-thread-1] INFO  metrics.RatisMetrics (RatisMetrics.java:lambda$create$0(36)) - Creating Metrics Registry : ratis.log_worker.e6ce4bfb-70cc-4dab-829a-840fddc24c05@group-1DFE0CB169D6
2020-12-08 02:18:47,721 [pool-475-thread-1] INFO  server.RaftServerConfigKeys (ConfUtils.java:logGet(44)) - raft.server.log.appender.buffer.byte-limit = 33554432 (custom)
2020-12-08 02:18:47,721 [pool-475-thread-1] INFO  server.RaftServerConfigKeys (ConfUtils.java:logGet(44)) - raft.server.log.segment.size.max = 1048576 (custom)
2020-12-08 02:18:47,722 [pool-475-thread-1] INFO  server.RaftServerConfigKeys (ConfUtils.java:logGet(44)) - raft.server.log.segment.cache.num.max = 2 (custom)
2020-12-08 02:18:47,722 [pool-475-thread-1] INFO  segmented.SegmentedRaftLogWorker (SegmentedRaftLogWorker.java:<init>(180)) - new e6ce4bfb-70cc-4dab-829a-840fddc24c05@group-1DFE0CB169D6-SegmentedRaftLogWorker for RaftStorage:Storage Directory /github/workspace/mnt/ozone/hadoop-ozone/integration-test/target/test-dir/MiniOzoneClusterImpl-c7e5300f-f3f2-48d9-ae25-3e63411fd680/datanode-5/data/ratis/ebb32eae-a800-4d70-bece-1dfe0cb169d6
2020-12-08 02:18:47,722 [pool-475-thread-1] INFO  server.RaftServerConfigKeys (ConfUtils.java:logGet(44)) - raft.server.log.queue.byte-limit = 2147483647 (custom)
2020-12-08 02:18:47,722 [pool-475-thread-1] INFO  server.RaftServerConfigKeys (ConfUtils.java:logGet(44)) - raft.server.log.queue.element-limit = 1024 (custom)
2020-12-08 02:18:47,722 [pool-475-thread-1] INFO  server.RaftServerConfigKeys (ConfUtils.java:logGet(44)) - raft.server.log.segment.size.max = 1048576 (custom)
2020-12-08 02:18:47,722 [pool-475-thread-1] INFO  server.RaftServerConfigKeys (ConfUtils.java:logGet(44)) - raft.server.log.preallocated.size = 16384 (custom)
2020-12-08 02:18:47,723 [pool-475-thread-1] INFO  server.RaftServerConfigKeys (ConfUtils.java:logGet(44)) - raft.server.log.write.buffer.size = 1048576 (custom)
2020-12-08 02:18:47,723 [pool-475-thread-1] INFO  server.RaftServerConfigKeys (ConfUtils.java:logGet(44)) - raft.server.log.force.sync.num = 128 (default)
2020-12-08 02:18:47,723 [pool-475-thread-1] INFO  server.RaftServerConfigKeys (ConfUtils.java:logGet(44)) - raft.server.log.statemachine.data.sync = true (default)
2020-12-08 02:18:47,723 [pool-475-thread-1] INFO  server.RaftServerConfigKeys (ConfUtils.java:logGet(44)) - raft.server.log.statemachine.data.sync.timeout = 10s (default)
2020-12-08 02:18:47,723 [pool-475-thread-1] INFO  server.RaftServerConfigKeys (ConfUtils.java:logGet(44)) - raft.server.log.statemachine.data.sync.timeout.retry = -1 (default)
2020-12-08 02:18:47,723 [pool-491-thread-1] INFO  storage.RaftStorageDirectory (RaftStorageDirectory.java:tryLock(343)) - Lock on /github/workspace/mnt/ozone/hadoop-ozone/integration-test/target/test-dir/MiniOzoneClusterImpl-c7e5300f-f3f2-48d9-ae25-3e63411fd680/datanode-6/data/ratis/7130ddae-296a-4d78-b6e2-5dbfb2906017/in_use.lock acquired by nodename 18611@11cef1ca5a88
2020-12-08 02:18:47,724 [EventQueue-PipelineReportForPipelineReportHandler] INFO  pipeline.PipelineStateManager (PipelineStateManager.java:openPipeline(132)) - Pipeline Pipeline[ Id: ebb32eae-a800-4d70-bece-1dfe0cb169d6, Nodes: e6ce4bfb-70cc-4dab-829a-840fddc24c05{ip: 172.17.0.2, host: 11cef1ca5a88, networkLocation: /default-rack, certSerialId: null, persistedOpState: IN_SERVICE, persistedOpStateExpiryEpochSec: 0}, Type:RATIS, Factor:ONE, State:ALLOCATED, leaderId:e6ce4bfb-70cc-4dab-829a-840fddc24c05, CreationTimestamp2020-12-08T02:18:44.508Z] moved to OPEN state
2020-12-08 02:18:47,724 [EventQueue-PipelineReportForOneReplicaPipelineSafeModeRule] INFO  safemode.SCMSafeModeManager (SCMSafeModeManager.java:validateSafeModeExitRules(214)) - AtleastOneDatanodeReportedRule rule is successfully validated
2020-12-08 02:18:47,724 [EventQueue-OpenPipelineForHealthyPipelineSafeModeRule] INFO  safemode.SCMSafeModeManager (HealthyPipelineSafeModeRule.java:process(128)) - SCM in safe mode. Healthy pipelines reported count is 0, required healthy pipeline reported count is 1
2020-12-08 02:18:47,727 [pool-475-thread-1] INFO  server.RaftServerConfigKeys (ConfUtils.java:logGet(44)) - raft.server.log.statemachine.data.caching.enabled = true (custom)
2020-12-08 02:18:47,727 [pool-475-thread-1] INFO  segmented.SegmentedRaftLogWorker (SegmentedRaftLogWorker.java:lambda$new$0(129)) - e6ce4bfb-70cc-4dab-829a-840fddc24c05@group-1DFE0CB169D6-SegmentedRaftLogWorker: flushIndex: setUnconditionally 0 -> -1
2020-12-08 02:18:47,727 [pool-475-thread-1] INFO  segmented.SegmentedRaftLogWorker (SegmentedRaftLogWorker.java:lambda$new$0(129)) - e6ce4bfb-70cc-4dab-829a-840fddc24c05@group-1DFE0CB169D6-SegmentedRaftLogWorker: safeCacheEvictIndex: setUnconditionally 0 -> -1
2020-12-08 02:18:47,727 [pool-475-thread-1] INFO  server.RaftServerConfigKeys (ConfUtils.java:logGet(44)) - raft.server.snapshot.auto.trigger.enabled = true (custom)
2020-12-08 02:18:47,727 [pool-475-thread-1] INFO  server.RaftServerConfigKeys (ConfUtils.java:logGet(44)) - raft.server.snapshot.auto.trigger.threshold = 10000 (custom)
2020-12-08 02:18:47,727 [pool-475-thread-1] INFO  server.RaftServerConfigKeys (ConfUtils.java:logGet(44)) - raft.server.snapshot.retention.file.num = 5 (custom)
2020-12-08 02:18:47,727 [pool-475-thread-1] INFO  server.RaftServerConfigKeys (ConfUtils.java:logGet(44)) - raft.server.log.purge.upto.snapshot.index = false (default)
2020-12-08 02:18:47,728 [pool-475-thread-1] INFO  server.RaftServerConfigKeys (ConfUtils.java:logGet(44)) - raft.server.retrycache.expirytime = 600000ms (custom)
2020-12-08 02:18:47,728 [pool-475-thread-1] INFO  metrics.RatisMetrics (RatisMetrics.java:lambda$create$0(36)) - Creating Metrics Registry : ratis.leader_election.e6ce4bfb-70cc-4dab-829a-840fddc24c05@group-1DFE0CB169D6
2020-12-08 02:18:47,728 [pool-475-thread-1] INFO  metrics.RatisMetrics (RatisMetrics.java:lambda$create$0(36)) - Creating Metrics Registry : ratis.server.e6ce4bfb-70cc-4dab-829a-840fddc24c05@group-1DFE0CB169D6
2020-12-08 02:18:47,729 [pool-475-thread-1] INFO  impl.RaftServerImpl (RaftServerImpl.java:start(215)) - e6ce4bfb-70cc-4dab-829a-840fddc24c05@group-1DFE0CB169D6: start as a follower, conf=-1: [e6ce4bfb-70cc-4dab-829a-840fddc24c05|rpc:172.17.0.2:45869], old=null
2020-12-08 02:18:47,729 [pool-475-thread-1] INFO  impl.RaftServerImpl (RaftServerImpl.java:setRole(204)) - e6ce4bfb-70cc-4dab-829a-840fddc24c05@group-1DFE0CB169D6: changes role from      null to FOLLOWER at term 0 for startAsFollower
2020-12-08 02:18:47,730 [pool-475-thread-1] INFO  impl.RoleInfo (RoleInfo.java:updateAndGet(143)) - e6ce4bfb-70cc-4dab-829a-840fddc24c05: start e6ce4bfb-70cc-4dab-829a-840fddc24c05@group-1DFE0CB169D6-FollowerState
2020-12-08 02:18:47,730 [pool-475-thread-1] INFO  util.JmxRegister (JmxRegister.java:tryRegister(44)) - Successfully registered JMX Bean with object name Ratis:service=RaftServer,group=group-1DFE0CB169D6,id=e6ce4bfb-70cc-4dab-829a-840fddc24c05
2020-12-08 02:18:47,730 [pool-475-thread-1] INFO  metrics.RatisMetrics (RatisMetrics.java:lambda$create$0(36)) - Creating Metrics Registry : ratis.state_machine.e6ce4bfb-70cc-4dab-829a-840fddc24c05@group-1DFE0CB169D6
2020-12-08 02:18:47,731 [Command processor thread] INFO  commandhandler.CreatePipelineCommandHandler (CreatePipelineCommandHandler.java:handle(106)) - Created Pipeline RATIS ONE PipelineID=ebb32eae-a800-4d70-bece-1dfe0cb169d6.
2020-12-08 02:18:47,928 [Command processor thread] INFO  impl.RaftServerProxy (RaftServerProxy.java:addNew(93)) - 605841cf-842d-40a4-b286-0dc4c4c02111: addNew group-BDA3E98B5DCD:[605841cf-842d-40a4-b286-0dc4c4c02111|rpc:172.17.0.2:33255] returns group-BDA3E98B5DCD:java.util.concurrent.CompletableFuture@1795bf88[Not completed]
2020-12-08 02:18:47,929 [pool-507-thread-1] INFO  impl.RaftServerImpl (RaftServerImpl.java:<init>(121)) - 605841cf-842d-40a4-b286-0dc4c4c02111: new RaftServerImpl for group-BDA3E98B5DCD:[605841cf-842d-40a4-b286-0dc4c4c02111|rpc:172.17.0.2:33255] with ContainerStateMachine:uninitialized
2020-12-08 02:18:47,930 [pool-507-thread-1] INFO  server.RaftServerConfigKeys (ConfUtils.java:logGet(44)) - raft.server.rpc.timeout.min = 5s (custom)
2020-12-08 02:18:47,930 [pool-507-thread-1] INFO  server.RaftServerConfigKeys (ConfUtils.java:logGet(44)) - raft.server.rpc.timeout.max = 5200ms (custom)
2020-12-08 02:18:47,930 [pool-507-thread-1] INFO  server.RaftServerConfigKeys (ConfUtils.java:logGet(44)) - raft.server.rpc.slowness.timeout = 300000ms (custom)
2020-12-08 02:18:47,930 [pool-507-thread-1] INFO  server.RaftServerConfigKeys (ConfUtils.java:logGet(44)) - raft.server.leaderelection.leader.step-down.wait-time = 10s (default)
2020-12-08 02:18:47,931 [pool-507-thread-1] INFO  server.RaftServerConfigKeys (ConfUtils.java:logGet(44)) - raft.server.sleep.deviation.threshold = 300 (default)
2020-12-08 02:18:47,931 [pool-507-thread-1] INFO  server.RaftServerConfigKeys (ConfUtils.java:logGet(44)) - raft.server.log.appender.install.snapshot.enabled = false (custom)
2020-12-08 02:18:47,931 [pool-507-thread-1] INFO  impl.RaftServerImpl (ServerState.java:<init>(104)) - 605841cf-842d-40a4-b286-0dc4c4c02111@group-BDA3E98B5DCD: ConfigurationManager, init=-1: [605841cf-842d-40a4-b286-0dc4c4c02111|rpc:172.17.0.2:33255], old=null, confs=<EMPTY_MAP>
2020-12-08 02:18:47,931 [pool-507-thread-1] INFO  server.RaftServerConfigKeys (ConfUtils.java:logGet(44)) - raft.server.storage.dir = [/github/workspace/mnt/ozone/hadoop-ozone/integration-test/target/test-dir/MiniOzoneClusterImpl-c7e5300f-f3f2-48d9-ae25-3e63411fd680/datanode-7/data/ratis] (custom)
2020-12-08 02:18:47,931 [pool-507-thread-1] INFO  server.RaftServerConfigKeys (ConfUtils.java:logGet(44)) - raft.server.log.corruption.policy = EXCEPTION (default)
2020-12-08 02:18:47,931 [pool-507-thread-1] INFO  storage.RaftStorageDirectory (RaftStorageDirectory.java:analyzeStorage(261)) - The storage directory /github/workspace/mnt/ozone/hadoop-ozone/integration-test/target/test-dir/MiniOzoneClusterImpl-c7e5300f-f3f2-48d9-ae25-3e63411fd680/datanode-7/data/ratis/38792a85-9449-44f2-9ccf-bda3e98b5dcd does not exist. Creating ...
2020-12-08 02:18:48,017 [pool-491-thread-1] INFO  storage.RaftStorage (RaftStorage.java:format(85)) - Storage directory /github/workspace/mnt/ozone/hadoop-ozone/integration-test/target/test-dir/MiniOzoneClusterImpl-c7e5300f-f3f2-48d9-ae25-3e63411fd680/datanode-6/data/ratis/7130ddae-296a-4d78-b6e2-5dbfb2906017 has been successfully formatted.
2020-12-08 02:18:48,019 [pool-491-thread-1] INFO  ratis.ContainerStateMachine (ContainerStateMachine.java:loadSnapshot(225)) - group-5DBFB2906017: The snapshot info is null. Setting the last applied indexto:(t:0, i:~)
2020-12-08 02:18:48,019 [pool-491-thread-1] INFO  server.RaftServerConfigKeys (ConfUtils.java:logGet(44)) - raft.server.notification.no-leader.timeout = 300000ms (custom)
2020-12-08 02:18:48,019 [pool-491-thread-1] INFO  server.RaftServerConfigKeys (ConfUtils.java:logGet(44)) - raft.server.log.use.memory = false (default)
2020-12-08 02:18:48,019 [pool-491-thread-1] INFO  server.RaftServerConfigKeys (ConfUtils.java:logGet(44)) - raft.server.log.purge.gap = 1000000 (custom)
2020-12-08 02:18:48,020 [pool-491-thread-1] INFO  metrics.RatisMetrics (RatisMetrics.java:lambda$create$0(36)) - Creating Metrics Registry : ratis.log_worker.66346d6a-4140-4d92-b7fe-10723d1ff793@group-5DBFB2906017
2020-12-08 02:18:48,020 [pool-491-thread-1] INFO  server.RaftServerConfigKeys (ConfUtils.java:logGet(44)) - raft.server.log.appender.buffer.byte-limit = 33554432 (custom)
2020-12-08 02:18:48,020 [pool-491-thread-1] INFO  server.RaftServerConfigKeys (ConfUtils.java:logGet(44)) - raft.server.log.segment.size.max = 1048576 (custom)
2020-12-08 02:18:48,020 [pool-491-thread-1] INFO  server.RaftServerConfigKeys (ConfUtils.java:logGet(44)) - raft.server.log.segment.cache.num.max = 2 (custom)
2020-12-08 02:18:48,020 [pool-491-thread-1] INFO  segmented.SegmentedRaftLogWorker (SegmentedRaftLogWorker.java:<init>(180)) - new 66346d6a-4140-4d92-b7fe-10723d1ff793@group-5DBFB2906017-SegmentedRaftLogWorker for RaftStorage:Storage Directory /github/workspace/mnt/ozone/hadoop-ozone/integration-test/target/test-dir/MiniOzoneClusterImpl-c7e5300f-f3f2-48d9-ae25-3e63411fd680/datanode-6/data/ratis/7130ddae-296a-4d78-b6e2-5dbfb2906017
2020-12-08 02:18:48,020 [pool-491-thread-1] INFO  server.RaftServerConfigKeys (ConfUtils.java:logGet(44)) - raft.server.log.queue.byte-limit = 2147483647 (custom)
2020-12-08 02:18:48,020 [EventQueue-PipelineReportForPipelineReportHandler] INFO  pipeline.PipelineStateManager (PipelineStateManager.java:openPipeline(132)) - Pipeline Pipeline[ Id: 7130ddae-296a-4d78-b6e2-5dbfb2906017, Nodes: 66346d6a-4140-4d92-b7fe-10723d1ff793{ip: 172.17.0.2, host: 11cef1ca5a88, networkLocation: /default-rack, certSerialId: null, persistedOpState: IN_SERVICE, persistedOpStateExpiryEpochSec: 0}, Type:RATIS, Factor:ONE, State:ALLOCATED, leaderId:66346d6a-4140-4d92-b7fe-10723d1ff793, CreationTimestamp2020-12-08T02:18:44.709Z] moved to OPEN state
2020-12-08 02:18:48,020 [EventQueue-PipelineReportForOneReplicaPipelineSafeModeRule] INFO  safemode.SCMSafeModeManager (SCMSafeModeManager.java:validateSafeModeExitRules(214)) - AtleastOneDatanodeReportedRule rule is successfully validated
2020-12-08 02:18:48,020 [pool-491-thread-1] INFO  server.RaftServerConfigKeys (ConfUtils.java:logGet(44)) - raft.server.log.queue.element-limit = 1024 (custom)
2020-12-08 02:18:48,021 [pool-491-thread-1] INFO  server.RaftServerConfigKeys (ConfUtils.java:logGet(44)) - raft.server.log.segment.size.max = 1048576 (custom)
2020-12-08 02:18:48,021 [pool-491-thread-1] INFO  server.RaftServerConfigKeys (ConfUtils.java:logGet(44)) - raft.server.log.preallocated.size = 16384 (custom)
2020-12-08 02:18:48,021 [pool-491-thread-1] INFO  server.RaftServerConfigKeys (ConfUtils.java:logGet(44)) - raft.server.log.write.buffer.size = 1048576 (custom)
2020-12-08 02:18:48,022 [pool-491-thread-1] INFO  server.RaftServerConfigKeys (ConfUtils.java:logGet(44)) - raft.server.log.force.sync.num = 128 (default)
2020-12-08 02:18:48,021 [EventQueue-OpenPipelineForHealthyPipelineSafeModeRule] INFO  safemode.SCMSafeModeManager (HealthyPipelineSafeModeRule.java:process(128)) - SCM in safe mode. Healthy pipelines reported count is 0, required healthy pipeline reported count is 1
2020-12-08 02:18:48,022 [pool-491-thread-1] INFO  server.RaftServerConfigKeys (ConfUtils.java:logGet(44)) - raft.server.log.statemachine.data.sync = true (default)
2020-12-08 02:18:48,022 [pool-491-thread-1] INFO  server.RaftServerConfigKeys (ConfUtils.java:logGet(44)) - raft.server.log.statemachine.data.sync.timeout = 10s (default)
2020-12-08 02:18:48,022 [pool-491-thread-1] INFO  server.RaftServerConfigKeys (ConfUtils.java:logGet(44)) - raft.server.log.statemachine.data.sync.timeout.retry = -1 (default)
2020-12-08 02:18:48,023 [pool-491-thread-1] INFO  server.RaftServerConfigKeys (ConfUtils.java:logGet(44)) - raft.server.log.statemachine.data.caching.enabled = true (custom)
2020-12-08 02:18:48,023 [pool-491-thread-1] INFO  segmented.SegmentedRaftLogWorker (SegmentedRaftLogWorker.java:lambda$new$0(129)) - 66346d6a-4140-4d92-b7fe-10723d1ff793@group-5DBFB2906017-SegmentedRaftLogWorker: flushIndex: setUnconditionally 0 -> -1
2020-12-08 02:18:48,023 [pool-491-thread-1] INFO  segmented.SegmentedRaftLogWorker (SegmentedRaftLogWorker.java:lambda$new$0(129)) - 66346d6a-4140-4d92-b7fe-10723d1ff793@group-5DBFB2906017-SegmentedRaftLogWorker: safeCacheEvictIndex: setUnconditionally 0 -> -1
2020-12-08 02:18:48,024 [pool-491-thread-1] INFO  server.RaftServerConfigKeys (ConfUtils.java:logGet(44)) - raft.server.snapshot.auto.trigger.enabled = true (custom)
2020-12-08 02:18:48,024 [pool-491-thread-1] INFO  server.RaftServerConfigKeys (ConfUtils.java:logGet(44)) - raft.server.snapshot.auto.trigger.threshold = 10000 (custom)
2020-12-08 02:18:48,024 [pool-491-thread-1] INFO  server.RaftServerConfigKeys (ConfUtils.java:logGet(44)) - raft.server.snapshot.retention.file.num = 5 (custom)
2020-12-08 02:18:48,024 [pool-491-thread-1] INFO  server.RaftServerConfigKeys (ConfUtils.java:logGet(44)) - raft.server.log.purge.upto.snapshot.index = false (default)
2020-12-08 02:18:48,024 [pool-491-thread-1] INFO  server.RaftServerConfigKeys (ConfUtils.java:logGet(44)) - raft.server.retrycache.expirytime = 600000ms (custom)
2020-12-08 02:18:48,024 [pool-491-thread-1] INFO  metrics.RatisMetrics (RatisMetrics.java:lambda$create$0(36)) - Creating Metrics Registry : ratis.leader_election.66346d6a-4140-4d92-b7fe-10723d1ff793@group-5DBFB2906017
2020-12-08 02:18:48,025 [pool-491-thread-1] INFO  metrics.RatisMetrics (RatisMetrics.java:lambda$create$0(36)) - Creating Metrics Registry : ratis.server.66346d6a-4140-4d92-b7fe-10723d1ff793@group-5DBFB2906017
2020-12-08 02:18:48,026 [pool-491-thread-1] INFO  impl.RaftServerImpl (RaftServerImpl.java:start(215)) - 66346d6a-4140-4d92-b7fe-10723d1ff793@group-5DBFB2906017: start as a follower, conf=-1: [66346d6a-4140-4d92-b7fe-10723d1ff793|rpc:172.17.0.2:45391], old=null
2020-12-08 02:18:48,026 [pool-491-thread-1] INFO  impl.RaftServerImpl (RaftServerImpl.java:setRole(204)) - 66346d6a-4140-4d92-b7fe-10723d1ff793@group-5DBFB2906017: changes role from      null to FOLLOWER at term 0 for startAsFollower
2020-12-08 02:18:48,026 [pool-491-thread-1] INFO  impl.RoleInfo (RoleInfo.java:updateAndGet(143)) - 66346d6a-4140-4d92-b7fe-10723d1ff793: start 66346d6a-4140-4d92-b7fe-10723d1ff793@group-5DBFB2906017-FollowerState
2020-12-08 02:18:48,027 [pool-491-thread-1] INFO  util.JmxRegister (JmxRegister.java:tryRegister(44)) - Successfully registered JMX Bean with object name Ratis:service=RaftServer,group=group-5DBFB2906017,id=66346d6a-4140-4d92-b7fe-10723d1ff793
2020-12-08 02:18:48,027 [pool-491-thread-1] INFO  metrics.RatisMetrics (RatisMetrics.java:lambda$create$0(36)) - Creating Metrics Registry : ratis.state_machine.66346d6a-4140-4d92-b7fe-10723d1ff793@group-5DBFB2906017
2020-12-08 02:18:48,028 [Command processor thread] INFO  commandhandler.CreatePipelineCommandHandler (CreatePipelineCommandHandler.java:handle(106)) - Created Pipeline RATIS ONE PipelineID=7130ddae-296a-4d78-b6e2-5dbfb2906017.
2020-12-08 02:18:48,028 [Command processor thread] INFO  impl.RaftServerProxy (RaftServerProxy.java:addNew(93)) - 66346d6a-4140-4d92-b7fe-10723d1ff793: addNew group-F5201121A75B:[c88aba9b-104c-49ca-9c62-2596b924fb37|rpc:172.17.0.2:45221, 66346d6a-4140-4d92-b7fe-10723d1ff793|rpc:172.17.0.2:45391, 605841cf-842d-40a4-b286-0dc4c4c02111|rpc:172.17.0.2:33255] returns group-F5201121A75B:java.util.concurrent.CompletableFuture@442607de[Not completed]
2020-12-08 02:18:48,028 [pool-491-thread-1] INFO  impl.RaftServerImpl (RaftServerImpl.java:<init>(121)) - 66346d6a-4140-4d92-b7fe-10723d1ff793: new RaftServerImpl for group-F5201121A75B:[c88aba9b-104c-49ca-9c62-2596b924fb37|rpc:172.17.0.2:45221, 66346d6a-4140-4d92-b7fe-10723d1ff793|rpc:172.17.0.2:45391, 605841cf-842d-40a4-b286-0dc4c4c02111|rpc:172.17.0.2:33255] with ContainerStateMachine:uninitialized
2020-12-08 02:18:48,028 [pool-491-thread-1] INFO  server.RaftServerConfigKeys (ConfUtils.java:logGet(44)) - raft.server.rpc.timeout.min = 5s (custom)
2020-12-08 02:18:48,029 [pool-491-thread-1] INFO  server.RaftServerConfigKeys (ConfUtils.java:logGet(44)) - raft.server.rpc.timeout.max = 5200ms (custom)
2020-12-08 02:18:48,029 [pool-491-thread-1] INFO  server.RaftServerConfigKeys (ConfUtils.java:logGet(44)) - raft.server.rpc.slowness.timeout = 300000ms (custom)
2020-12-08 02:18:48,029 [pool-491-thread-1] INFO  server.RaftServerConfigKeys (ConfUtils.java:logGet(44)) - raft.server.leaderelection.leader.step-down.wait-time = 10s (default)
2020-12-08 02:18:48,029 [pool-491-thread-1] INFO  server.RaftServerConfigKeys (ConfUtils.java:logGet(44)) - raft.server.sleep.deviation.threshold = 300 (default)
2020-12-08 02:18:48,029 [pool-491-thread-1] INFO  server.RaftServerConfigKeys (ConfUtils.java:logGet(44)) - raft.server.log.appender.install.snapshot.enabled = false (custom)
2020-12-08 02:18:48,029 [pool-491-thread-1] INFO  impl.RaftServerImpl (ServerState.java:<init>(104)) - 66346d6a-4140-4d92-b7fe-10723d1ff793@group-F5201121A75B: ConfigurationManager, init=-1: [c88aba9b-104c-49ca-9c62-2596b924fb37|rpc:172.17.0.2:45221, 66346d6a-4140-4d92-b7fe-10723d1ff793|rpc:172.17.0.2:45391, 605841cf-842d-40a4-b286-0dc4c4c02111|rpc:172.17.0.2:33255], old=null, confs=<EMPTY_MAP>
2020-12-08 02:18:48,029 [pool-491-thread-1] INFO  server.RaftServerConfigKeys (ConfUtils.java:logGet(44)) - raft.server.storage.dir = [/github/workspace/mnt/ozone/hadoop-ozone/integration-test/target/test-dir/MiniOzoneClusterImpl-c7e5300f-f3f2-48d9-ae25-3e63411fd680/datanode-6/data/ratis] (custom)
2020-12-08 02:18:48,029 [pool-491-thread-1] INFO  server.RaftServerConfigKeys (ConfUtils.java:logGet(44)) - raft.server.log.corruption.policy = EXCEPTION (default)
2020-12-08 02:18:48,029 [pool-491-thread-1] INFO  storage.RaftStorageDirectory (RaftStorageDirectory.java:analyzeStorage(261)) - The storage directory /github/workspace/mnt/ozone/hadoop-ozone/integration-test/target/test-dir/MiniOzoneClusterImpl-c7e5300f-f3f2-48d9-ae25-3e63411fd680/datanode-6/data/ratis/e69dd776-de2f-4d57-b56f-f5201121a75b does not exist. Creating ...
2020-12-08 02:18:48,120 [Command processor thread] INFO  impl.RaftServerProxy (RaftServerProxy.java:addNew(93)) - c88aba9b-104c-49ca-9c62-2596b924fb37: addNew group-F3E41C57198D:[c88aba9b-104c-49ca-9c62-2596b924fb37|rpc:172.17.0.2:45221] returns group-F3E41C57198D:java.util.concurrent.CompletableFuture@603e7f7[Not completed]
2020-12-08 02:18:48,121 [pool-523-thread-1] INFO  impl.RaftServerImpl (RaftServerImpl.java:<init>(121)) - c88aba9b-104c-49ca-9c62-2596b924fb37: new RaftServerImpl for group-F3E41C57198D:[c88aba9b-104c-49ca-9c62-2596b924fb37|rpc:172.17.0.2:45221] with ContainerStateMachine:uninitialized
2020-12-08 02:18:48,121 [pool-523-thread-1] INFO  server.RaftServerConfigKeys (ConfUtils.java:logGet(44)) - raft.server.rpc.timeout.min = 5s (custom)
2020-12-08 02:18:48,121 [pool-523-thread-1] INFO  server.RaftServerConfigKeys (ConfUtils.java:logGet(44)) - raft.server.rpc.timeout.max = 5200ms (custom)
2020-12-08 02:18:48,121 [pool-523-thread-1] INFO  server.RaftServerConfigKeys (ConfUtils.java:logGet(44)) - raft.server.rpc.slowness.timeout = 300000ms (custom)
2020-12-08 02:18:48,121 [pool-523-thread-1] INFO  server.RaftServerConfigKeys (ConfUtils.java:logGet(44)) - raft.server.leaderelection.leader.step-down.wait-time = 10s (default)
2020-12-08 02:18:48,121 [pool-523-thread-1] INFO  server.RaftServerConfigKeys (ConfUtils.java:logGet(44)) - raft.server.sleep.deviation.threshold = 300 (default)
2020-12-08 02:18:48,121 [pool-523-thread-1] INFO  server.RaftServerConfigKeys (ConfUtils.java:logGet(44)) - raft.server.log.appender.install.snapshot.enabled = false (custom)
2020-12-08 02:18:48,121 [pool-523-thread-1] INFO  impl.RaftServerImpl (ServerState.java:<init>(104)) - c88aba9b-104c-49ca-9c62-2596b924fb37@group-F3E41C57198D: ConfigurationManager, init=-1: [c88aba9b-104c-49ca-9c62-2596b924fb37|rpc:172.17.0.2:45221], old=null, confs=<EMPTY_MAP>
2020-12-08 02:18:48,121 [Listener at 127.0.0.1/40701] INFO  ozone.MiniOzoneClusterImpl (MiniOzoneClusterImpl.java:lambda$waitForClusterToBeReady$0(178)) - Nodes are ready. Got 9 of 9 DN Heartbeats.
2020-12-08 02:18:48,121 [Listener at 127.0.0.1/40701] INFO  ozone.MiniOzoneClusterImpl (MiniOzoneClusterImpl.java:lambda$waitForClusterToBeReady$0(181)) - Waiting for cluster to exit safe mode
2020-12-08 02:18:48,121 [pool-523-thread-1] INFO  server.RaftServerConfigKeys (ConfUtils.java:logGet(44)) - raft.server.storage.dir = [/github/workspace/mnt/ozone/hadoop-ozone/integration-test/target/test-dir/MiniOzoneClusterImpl-c7e5300f-f3f2-48d9-ae25-3e63411fd680/datanode-8/data/ratis] (custom)
2020-12-08 02:18:48,122 [pool-523-thread-1] INFO  server.RaftServerConfigKeys (ConfUtils.java:logGet(44)) - raft.server.log.corruption.policy = EXCEPTION (default)
2020-12-08 02:18:48,122 [pool-523-thread-1] INFO  storage.RaftStorageDirectory (RaftStorageDirectory.java:analyzeStorage(261)) - The storage directory /github/workspace/mnt/ozone/hadoop-ozone/integration-test/target/test-dir/MiniOzoneClusterImpl-c7e5300f-f3f2-48d9-ae25-3e63411fd680/datanode-8/data/ratis/e3cf9f81-6356-4ab5-bd47-f3e41c57198d does not exist. Creating ...
2020-12-08 02:18:48,376 [pool-507-thread-1] INFO  storage.RaftStorageDirectory (RaftStorageDirectory.java:tryLock(343)) - Lock on /github/workspace/mnt/ozone/hadoop-ozone/integration-test/target/test-dir/MiniOzoneClusterImpl-c7e5300f-f3f2-48d9-ae25-3e63411fd680/datanode-7/data/ratis/38792a85-9449-44f2-9ccf-bda3e98b5dcd/in_use.lock acquired by nodename 18611@11cef1ca5a88
2020-12-08 02:18:48,376 [pool-491-thread-1] INFO  storage.RaftStorageDirectory (RaftStorageDirectory.java:tryLock(343)) - Lock on /github/workspace/mnt/ozone/hadoop-ozone/integration-test/target/test-dir/MiniOzoneClusterImpl-c7e5300f-f3f2-48d9-ae25-3e63411fd680/datanode-6/data/ratis/e69dd776-de2f-4d57-b56f-f5201121a75b/in_use.lock acquired by nodename 18611@11cef1ca5a88
2020-12-08 02:18:48,379 [pool-507-thread-1] INFO  storage.RaftStorage (RaftStorage.java:format(85)) - Storage directory /github/workspace/mnt/ozone/hadoop-ozone/integration-test/target/test-dir/MiniOzoneClusterImpl-c7e5300f-f3f2-48d9-ae25-3e63411fd680/datanode-7/data/ratis/38792a85-9449-44f2-9ccf-bda3e98b5dcd has been successfully formatted.
2020-12-08 02:18:48,380 [pool-491-thread-1] INFO  storage.RaftStorage (RaftStorage.java:format(85)) - Storage directory /github/workspace/mnt/ozone/hadoop-ozone/integration-test/target/test-dir/MiniOzoneClusterImpl-c7e5300f-f3f2-48d9-ae25-3e63411fd680/datanode-6/data/ratis/e69dd776-de2f-4d57-b56f-f5201121a75b has been successfully formatted.
2020-12-08 02:18:48,381 [pool-507-thread-1] INFO  ratis.ContainerStateMachine (ContainerStateMachine.java:loadSnapshot(225)) - group-BDA3E98B5DCD: The snapshot info is null. Setting the last applied indexto:(t:0, i:~)
2020-12-08 02:18:48,382 [pool-507-thread-1] INFO  server.RaftServerConfigKeys (ConfUtils.java:logGet(44)) - raft.server.notification.no-leader.timeout = 300000ms (custom)
2020-12-08 02:18:48,383 [pool-507-thread-1] INFO  server.RaftServerConfigKeys (ConfUtils.java:logGet(44)) - raft.server.log.use.memory = false (default)
2020-12-08 02:18:48,383 [pool-507-thread-1] INFO  server.RaftServerConfigKeys (ConfUtils.java:logGet(44)) - raft.server.log.purge.gap = 1000000 (custom)
2020-12-08 02:18:48,383 [pool-507-thread-1] INFO  metrics.RatisMetrics (RatisMetrics.java:lambda$create$0(36)) - Creating Metrics Registry : ratis.log_worker.605841cf-842d-40a4-b286-0dc4c4c02111@group-BDA3E98B5DCD
2020-12-08 02:18:48,383 [pool-507-thread-1] INFO  server.RaftServerConfigKeys (ConfUtils.java:logGet(44)) - raft.server.log.appender.buffer.byte-limit = 33554432 (custom)
2020-12-08 02:18:48,383 [pool-507-thread-1] INFO  server.RaftServerConfigKeys (ConfUtils.java:logGet(44)) - raft.server.log.segment.size.max = 1048576 (custom)
2020-12-08 02:18:48,384 [pool-507-thread-1] INFO  server.RaftServerConfigKeys (ConfUtils.java:logGet(44)) - raft.server.log.segment.cache.num.max = 2 (custom)
2020-12-08 02:18:48,384 [pool-507-thread-1] INFO  segmented.SegmentedRaftLogWorker (SegmentedRaftLogWorker.java:<init>(180)) - new 605841cf-842d-40a4-b286-0dc4c4c02111@group-BDA3E98B5DCD-SegmentedRaftLogWorker for RaftStorage:Storage Directory /github/workspace/mnt/ozone/hadoop-ozone/integration-test/target/test-dir/MiniOzoneClusterImpl-c7e5300f-f3f2-48d9-ae25-3e63411fd680/datanode-7/data/ratis/38792a85-9449-44f2-9ccf-bda3e98b5dcd
2020-12-08 02:18:48,384 [pool-507-thread-1] INFO  server.RaftServerConfigKeys (ConfUtils.java:logGet(44)) - raft.server.log.queue.byte-limit = 2147483647 (custom)
2020-12-08 02:18:48,384 [pool-507-thread-1] INFO  server.RaftServerConfigKeys (ConfUtils.java:logGet(44)) - raft.server.log.queue.element-limit = 1024 (custom)
2020-12-08 02:18:48,384 [pool-507-thread-1] INFO  server.RaftServerConfigKeys (ConfUtils.java:logGet(44)) - raft.server.log.segment.size.max = 1048576 (custom)
2020-12-08 02:18:48,384 [pool-507-thread-1] INFO  server.RaftServerConfigKeys (ConfUtils.java:logGet(44)) - raft.server.log.preallocated.size = 16384 (custom)
2020-12-08 02:18:48,384 [pool-507-thread-1] INFO  server.RaftServerConfigKeys (ConfUtils.java:logGet(44)) - raft.server.log.write.buffer.size = 1048576 (custom)
2020-12-08 02:18:48,384 [pool-507-thread-1] INFO  server.RaftServerConfigKeys (ConfUtils.java:logGet(44)) - raft.server.log.force.sync.num = 128 (default)
2020-12-08 02:18:48,384 [pool-507-thread-1] INFO  server.RaftServerConfigKeys (ConfUtils.java:logGet(44)) - raft.server.log.statemachine.data.sync = true (default)
2020-12-08 02:18:48,384 [pool-507-thread-1] INFO  server.RaftServerConfigKeys (ConfUtils.java:logGet(44)) - raft.server.log.statemachine.data.sync.timeout = 10s (default)
2020-12-08 02:18:48,384 [pool-507-thread-1] INFO  server.RaftServerConfigKeys (ConfUtils.java:logGet(44)) - raft.server.log.statemachine.data.sync.timeout.retry = -1 (default)
2020-12-08 02:18:48,386 [pool-507-thread-1] INFO  server.RaftServerConfigKeys (ConfUtils.java:logGet(44)) - raft.server.log.statemachine.data.caching.enabled = true (custom)
2020-12-08 02:18:48,387 [pool-507-thread-1] INFO  segmented.SegmentedRaftLogWorker (SegmentedRaftLogWorker.java:lambda$new$0(129)) - 605841cf-842d-40a4-b286-0dc4c4c02111@group-BDA3E98B5DCD-SegmentedRaftLogWorker: flushIndex: setUnconditionally 0 -> -1
2020-12-08 02:18:48,387 [pool-507-thread-1] INFO  segmented.SegmentedRaftLogWorker (SegmentedRaftLogWorker.java:lambda$new$0(129)) - 605841cf-842d-40a4-b286-0dc4c4c02111@group-BDA3E98B5DCD-SegmentedRaftLogWorker: safeCacheEvictIndex: setUnconditionally 0 -> -1
2020-12-08 02:18:48,382 [EventQueue-PipelineReportForPipelineReportHandler] INFO  pipeline.PipelineStateManager (PipelineStateManager.java:openPipeline(132)) - Pipeline Pipeline[ Id: 38792a85-9449-44f2-9ccf-bda3e98b5dcd, Nodes: 605841cf-842d-40a4-b286-0dc4c4c02111{ip: 172.17.0.2, host: 11cef1ca5a88, networkLocation: /default-rack, certSerialId: null, persistedOpState: IN_SERVICE, persistedOpStateExpiryEpochSec: 0}, Type:RATIS, Factor:ONE, State:ALLOCATED, leaderId:605841cf-842d-40a4-b286-0dc4c4c02111, CreationTimestamp2020-12-08T02:18:44.929Z] moved to OPEN state
2020-12-08 02:18:48,388 [EventQueue-OpenPipelineForHealthyPipelineSafeModeRule] INFO  safemode.SCMSafeModeManager (HealthyPipelineSafeModeRule.java:process(128)) - SCM in safe mode. Healthy pipelines reported count is 0, required healthy pipeline reported count is 1
2020-12-08 02:18:48,388 [EventQueue-OpenPipelineForHealthyPipelineSafeModeRule] INFO  safemode.SCMSafeModeManager (HealthyPipelineSafeModeRule.java:process(128)) - SCM in safe mode. Healthy pipelines reported count is 0, required healthy pipeline reported count is 1
2020-12-08 02:18:48,388 [pool-507-thread-1] INFO  server.RaftServerConfigKeys (ConfUtils.java:logGet(44)) - raft.server.snapshot.auto.trigger.enabled = true (custom)
2020-12-08 02:18:48,394 [pool-507-thread-1] INFO  server.RaftServerConfigKeys (ConfUtils.java:logGet(44)) - raft.server.snapshot.auto.trigger.threshold = 10000 (custom)
2020-12-08 02:18:48,394 [pool-507-thread-1] INFO  server.RaftServerConfigKeys (ConfUtils.java:logGet(44)) - raft.server.snapshot.retention.file.num = 5 (custom)
2020-12-08 02:18:48,394 [pool-507-thread-1] INFO  server.RaftServerConfigKeys (ConfUtils.java:logGet(44)) - raft.server.log.purge.upto.snapshot.index = false (default)
2020-12-08 02:18:48,394 [pool-507-thread-1] INFO  server.RaftServerConfigKeys (ConfUtils.java:logGet(44)) - raft.server.retrycache.expirytime = 600000ms (custom)
2020-12-08 02:18:48,394 [pool-507-thread-1] INFO  metrics.RatisMetrics (RatisMetrics.java:lambda$create$0(36)) - Creating Metrics Registry : ratis.leader_election.605841cf-842d-40a4-b286-0dc4c4c02111@group-BDA3E98B5DCD
2020-12-08 02:18:48,394 [pool-507-thread-1] INFO  metrics.RatisMetrics (RatisMetrics.java:lambda$create$0(36)) - Creating Metrics Registry : ratis.server.605841cf-842d-40a4-b286-0dc4c4c02111@group-BDA3E98B5DCD
2020-12-08 02:18:48,396 [pool-507-thread-1] INFO  impl.RaftServerImpl (RaftServerImpl.java:start(215)) - 605841cf-842d-40a4-b286-0dc4c4c02111@group-BDA3E98B5DCD: start as a follower, conf=-1: [605841cf-842d-40a4-b286-0dc4c4c02111|rpc:172.17.0.2:33255], old=null
2020-12-08 02:18:48,396 [pool-507-thread-1] INFO  impl.RaftServerImpl (RaftServerImpl.java:setRole(204)) - 605841cf-842d-40a4-b286-0dc4c4c02111@group-BDA3E98B5DCD: changes role from      null to FOLLOWER at term 0 for startAsFollower
2020-12-08 02:18:48,396 [pool-507-thread-1] INFO  impl.RoleInfo (RoleInfo.java:updateAndGet(143)) - 605841cf-842d-40a4-b286-0dc4c4c02111: start 605841cf-842d-40a4-b286-0dc4c4c02111@group-BDA3E98B5DCD-FollowerState
2020-12-08 02:18:48,382 [pool-523-thread-1] INFO  storage.RaftStorageDirectory (RaftStorageDirectory.java:tryLock(343)) - Lock on /github/workspace/mnt/ozone/hadoop-ozone/integration-test/target/test-dir/MiniOzoneClusterImpl-c7e5300f-f3f2-48d9-ae25-3e63411fd680/datanode-8/data/ratis/e3cf9f81-6356-4ab5-bd47-f3e41c57198d/in_use.lock acquired by nodename 18611@11cef1ca5a88
2020-12-08 02:18:48,382 [EventQueue-PipelineReportForOneReplicaPipelineSafeModeRule] INFO  safemode.SCMSafeModeManager (SCMSafeModeManager.java:validateSafeModeExitRules(214)) - AtleastOneDatanodeReportedRule rule is successfully validated
2020-12-08 02:18:48,396 [EventQueue-PipelineReportForOneReplicaPipelineSafeModeRule] INFO  safemode.SCMSafeModeManager (SCMSafeModeManager.java:validateSafeModeExitRules(214)) - AtleastOneDatanodeReportedRule rule is successfully validated
2020-12-08 02:18:48,381 [pool-491-thread-1] INFO  ratis.ContainerStateMachine (ContainerStateMachine.java:loadSnapshot(225)) - group-F5201121A75B: The snapshot info is null. Setting the last applied indexto:(t:0, i:~)
2020-12-08 02:18:48,396 [pool-491-thread-1] INFO  server.RaftServerConfigKeys (ConfUtils.java:logGet(44)) - raft.server.notification.no-leader.timeout = 300000ms (custom)
2020-12-08 02:18:48,397 [pool-491-thread-1] INFO  server.RaftServerConfigKeys (ConfUtils.java:logGet(44)) - raft.server.log.use.memory = false (default)
2020-12-08 02:18:48,397 [pool-491-thread-1] INFO  server.RaftServerConfigKeys (ConfUtils.java:logGet(44)) - raft.server.log.purge.gap = 1000000 (custom)
2020-12-08 02:18:48,397 [pool-507-thread-1] INFO  util.JmxRegister (JmxRegister.java:tryRegister(44)) - Successfully registered JMX Bean with object name Ratis:service=RaftServer,group=group-BDA3E98B5DCD,id=605841cf-842d-40a4-b286-0dc4c4c02111
2020-12-08 02:18:48,397 [pool-507-thread-1] INFO  metrics.RatisMetrics (RatisMetrics.java:lambda$create$0(36)) - Creating Metrics Registry : ratis.state_machine.605841cf-842d-40a4-b286-0dc4c4c02111@group-BDA3E98B5DCD
2020-12-08 02:18:48,397 [pool-491-thread-1] INFO  metrics.RatisMetrics (RatisMetrics.java:lambda$create$0(36)) - Creating Metrics Registry : ratis.log_worker.66346d6a-4140-4d92-b7fe-10723d1ff793@group-F5201121A75B
2020-12-08 02:18:48,397 [pool-491-thread-1] INFO  server.RaftServerConfigKeys (ConfUtils.java:logGet(44)) - raft.server.log.appender.buffer.byte-limit = 33554432 (custom)
2020-12-08 02:18:48,397 [pool-491-thread-1] INFO  server.RaftServerConfigKeys (ConfUtils.java:logGet(44)) - raft.server.log.segment.size.max = 1048576 (custom)
2020-12-08 02:18:48,399 [pool-491-thread-1] INFO  server.RaftServerConfigKeys (ConfUtils.java:logGet(44)) - raft.server.log.segment.cache.num.max = 2 (custom)
2020-12-08 02:18:48,399 [pool-491-thread-1] INFO  segmented.SegmentedRaftLogWorker (SegmentedRaftLogWorker.java:<init>(180)) - new 66346d6a-4140-4d92-b7fe-10723d1ff793@group-F5201121A75B-SegmentedRaftLogWorker for RaftStorage:Storage Directory /github/workspace/mnt/ozone/hadoop-ozone/integration-test/target/test-dir/MiniOzoneClusterImpl-c7e5300f-f3f2-48d9-ae25-3e63411fd680/datanode-6/data/ratis/e69dd776-de2f-4d57-b56f-f5201121a75b
2020-12-08 02:18:48,399 [pool-491-thread-1] INFO  server.RaftServerConfigKeys (ConfUtils.java:logGet(44)) - raft.server.log.queue.byte-limit = 2147483647 (custom)
2020-12-08 02:18:48,399 [pool-491-thread-1] INFO  server.RaftServerConfigKeys (ConfUtils.java:logGet(44)) - raft.server.log.queue.element-limit = 1024 (custom)
2020-12-08 02:18:48,399 [pool-491-thread-1] INFO  server.RaftServerConfigKeys (ConfUtils.java:logGet(44)) - raft.server.log.segment.size.max = 1048576 (custom)
2020-12-08 02:18:48,399 [pool-491-thread-1] INFO  server.RaftServerConfigKeys (ConfUtils.java:logGet(44)) - raft.server.log.preallocated.size = 16384 (custom)
2020-12-08 02:18:48,399 [pool-491-thread-1] INFO  server.RaftServerConfigKeys (ConfUtils.java:logGet(44)) - raft.server.log.write.buffer.size = 1048576 (custom)
2020-12-08 02:18:48,399 [pool-491-thread-1] INFO  server.RaftServerConfigKeys (ConfUtils.java:logGet(44)) - raft.server.log.force.sync.num = 128 (default)
2020-12-08 02:18:48,399 [pool-491-thread-1] INFO  server.RaftServerConfigKeys (ConfUtils.java:logGet(44)) - raft.server.log.statemachine.data.sync = true (default)
2020-12-08 02:18:48,399 [pool-491-thread-1] INFO  server.RaftServerConfigKeys (ConfUtils.java:logGet(44)) - raft.server.log.statemachine.data.sync.timeout = 10s (default)
2020-12-08 02:18:48,399 [pool-491-thread-1] INFO  server.RaftServerConfigKeys (ConfUtils.java:logGet(44)) - raft.server.log.statemachine.data.sync.timeout.retry = -1 (default)
2020-12-08 02:18:48,400 [pool-523-thread-1] INFO  storage.RaftStorage (RaftStorage.java:format(85)) - Storage directory /github/workspace/mnt/ozone/hadoop-ozone/integration-test/target/test-dir/MiniOzoneClusterImpl-c7e5300f-f3f2-48d9-ae25-3e63411fd680/datanode-8/data/ratis/e3cf9f81-6356-4ab5-bd47-f3e41c57198d has been successfully formatted.
2020-12-08 02:18:48,401 [pool-523-thread-1] INFO  ratis.ContainerStateMachine (ContainerStateMachine.java:loadSnapshot(225)) - group-F3E41C57198D: The snapshot info is null. Setting the last applied indexto:(t:0, i:~)
2020-12-08 02:18:48,402 [pool-523-thread-1] INFO  server.RaftServerConfigKeys (ConfUtils.java:logGet(44)) - raft.server.notification.no-leader.timeout = 300000ms (custom)
2020-12-08 02:18:48,402 [pool-523-thread-1] INFO  server.RaftServerConfigKeys (ConfUtils.java:logGet(44)) - raft.server.log.use.memory = false (default)
2020-12-08 02:18:48,402 [pool-523-thread-1] INFO  server.RaftServerConfigKeys (ConfUtils.java:logGet(44)) - raft.server.log.purge.gap = 1000000 (custom)
2020-12-08 02:18:48,402 [pool-523-thread-1] INFO  metrics.RatisMetrics (RatisMetrics.java:lambda$create$0(36)) - Creating Metrics Registry : ratis.log_worker.c88aba9b-104c-49ca-9c62-2596b924fb37@group-F3E41C57198D
2020-12-08 02:18:48,402 [Command processor thread] INFO  commandhandler.CreatePipelineCommandHandler (CreatePipelineCommandHandler.java:handle(106)) - Created Pipeline RATIS ONE PipelineID=38792a85-9449-44f2-9ccf-bda3e98b5dcd.
2020-12-08 02:18:48,402 [pool-523-thread-1] INFO  server.RaftServerConfigKeys (ConfUtils.java:logGet(44)) - raft.server.log.appender.buffer.byte-limit = 33554432 (custom)
2020-12-08 02:18:48,402 [pool-523-thread-1] INFO  server.RaftServerConfigKeys (ConfUtils.java:logGet(44)) - raft.server.log.segment.size.max = 1048576 (custom)
2020-12-08 02:18:48,403 [EventQueue-PipelineReportForPipelineReportHandler] INFO  pipeline.PipelineStateManager (PipelineStateManager.java:openPipeline(132)) - Pipeline Pipeline[ Id: e3cf9f81-6356-4ab5-bd47-f3e41c57198d, Nodes: c88aba9b-104c-49ca-9c62-2596b924fb37{ip: 172.17.0.2, host: 11cef1ca5a88, networkLocation: /default-rack, certSerialId: null, persistedOpState: IN_SERVICE, persistedOpStateExpiryEpochSec: 0}, Type:RATIS, Factor:ONE, State:ALLOCATED, leaderId:c88aba9b-104c-49ca-9c62-2596b924fb37, CreationTimestamp2020-12-08T02:18:45.121Z] moved to OPEN state
2020-12-08 02:18:48,403 [EventQueue-OpenPipelineForHealthyPipelineSafeModeRule] INFO  safemode.SCMSafeModeManager (HealthyPipelineSafeModeRule.java:process(128)) - SCM in safe mode. Healthy pipelines reported count is 0, required healthy pipeline reported count is 1
2020-12-08 02:18:48,402 [Command processor thread] INFO  impl.RaftServerProxy (RaftServerProxy.java:addNew(93)) - 605841cf-842d-40a4-b286-0dc4c4c02111: addNew group-F5201121A75B:[c88aba9b-104c-49ca-9c62-2596b924fb37|rpc:172.17.0.2:45221, 66346d6a-4140-4d92-b7fe-10723d1ff793|rpc:172.17.0.2:45391, 605841cf-842d-40a4-b286-0dc4c4c02111|rpc:172.17.0.2:33255] returns group-F5201121A75B:java.util.concurrent.CompletableFuture@13aa39a2[Not completed]
2020-12-08 02:18:48,404 [pool-507-thread-1] INFO  impl.RaftServerImpl (RaftServerImpl.java:<init>(121)) - 605841cf-842d-40a4-b286-0dc4c4c02111: new RaftServerImpl for group-F5201121A75B:[c88aba9b-104c-49ca-9c62-2596b924fb37|rpc:172.17.0.2:45221, 66346d6a-4140-4d92-b7fe-10723d1ff793|rpc:172.17.0.2:45391, 605841cf-842d-40a4-b286-0dc4c4c02111|rpc:172.17.0.2:33255] with ContainerStateMachine:uninitialized
2020-12-08 02:18:48,404 [pool-507-thread-1] INFO  server.RaftServerConfigKeys (ConfUtils.java:logGet(44)) - raft.server.rpc.timeout.min = 5s (custom)
2020-12-08 02:18:48,405 [pool-507-thread-1] INFO  server.RaftServerConfigKeys (ConfUtils.java:logGet(44)) - raft.server.rpc.timeout.max = 5200ms (custom)
2020-12-08 02:18:48,405 [pool-507-thread-1] INFO  server.RaftServerConfigKeys (ConfUtils.java:logGet(44)) - raft.server.rpc.slowness.timeout = 300000ms (custom)
2020-12-08 02:18:48,405 [pool-507-thread-1] INFO  server.RaftServerConfigKeys (ConfUtils.java:logGet(44)) - raft.server.leaderelection.leader.step-down.wait-time = 10s (default)
2020-12-08 02:18:48,405 [pool-507-thread-1] INFO  server.RaftServerConfigKeys (ConfUtils.java:logGet(44)) - raft.server.sleep.deviation.threshold = 300 (default)
2020-12-08 02:18:48,405 [pool-507-thread-1] INFO  server.RaftServerConfigKeys (ConfUtils.java:logGet(44)) - raft.server.log.appender.install.snapshot.enabled = false (custom)
2020-12-08 02:18:48,405 [pool-507-thread-1] INFO  impl.RaftServerImpl (ServerState.java:<init>(104)) - 605841cf-842d-40a4-b286-0dc4c4c02111@group-F5201121A75B: ConfigurationManager, init=-1: [c88aba9b-104c-49ca-9c62-2596b924fb37|rpc:172.17.0.2:45221, 66346d6a-4140-4d92-b7fe-10723d1ff793|rpc:172.17.0.2:45391, 605841cf-842d-40a4-b286-0dc4c4c02111|rpc:172.17.0.2:33255], old=null, confs=<EMPTY_MAP>
2020-12-08 02:18:48,405 [pool-507-thread-1] INFO  server.RaftServerConfigKeys (ConfUtils.java:logGet(44)) - raft.server.storage.dir = [/github/workspace/mnt/ozone/hadoop-ozone/integration-test/target/test-dir/MiniOzoneClusterImpl-c7e5300f-f3f2-48d9-ae25-3e63411fd680/datanode-7/data/ratis] (custom)
2020-12-08 02:18:48,406 [pool-507-thread-1] INFO  server.RaftServerConfigKeys (ConfUtils.java:logGet(44)) - raft.server.log.corruption.policy = EXCEPTION (default)
2020-12-08 02:18:48,406 [pool-507-thread-1] INFO  storage.RaftStorageDirectory (RaftStorageDirectory.java:analyzeStorage(261)) - The storage directory /github/workspace/mnt/ozone/hadoop-ozone/integration-test/target/test-dir/MiniOzoneClusterImpl-c7e5300f-f3f2-48d9-ae25-3e63411fd680/datanode-7/data/ratis/e69dd776-de2f-4d57-b56f-f5201121a75b does not exist. Creating ...
2020-12-08 02:18:48,408 [EventQueue-PipelineReportForOneReplicaPipelineSafeModeRule] INFO  safemode.SCMSafeModeManager (SCMSafeModeManager.java:validateSafeModeExitRules(214)) - AtleastOneDatanodeReportedRule rule is successfully validated
2020-12-08 02:18:48,409 [pool-491-thread-1] INFO  server.RaftServerConfigKeys (ConfUtils.java:logGet(44)) - raft.server.log.statemachine.data.caching.enabled = true (custom)
2020-12-08 02:18:48,410 [pool-491-thread-1] INFO  segmented.SegmentedRaftLogWorker (SegmentedRaftLogWorker.java:lambda$new$0(129)) - 66346d6a-4140-4d92-b7fe-10723d1ff793@group-F5201121A75B-SegmentedRaftLogWorker: flushIndex: setUnconditionally 0 -> -1
2020-12-08 02:18:48,410 [pool-491-thread-1] INFO  segmented.SegmentedRaftLogWorker (SegmentedRaftLogWorker.java:lambda$new$0(129)) - 66346d6a-4140-4d92-b7fe-10723d1ff793@group-F5201121A75B-SegmentedRaftLogWorker: safeCacheEvictIndex: setUnconditionally 0 -> -1
2020-12-08 02:18:48,410 [pool-507-thread-1] INFO  storage.RaftStorageDirectory (RaftStorageDirectory.java:tryLock(343)) - Lock on /github/workspace/mnt/ozone/hadoop-ozone/integration-test/target/test-dir/MiniOzoneClusterImpl-c7e5300f-f3f2-48d9-ae25-3e63411fd680/datanode-7/data/ratis/e69dd776-de2f-4d57-b56f-f5201121a75b/in_use.lock acquired by nodename 18611@11cef1ca5a88
2020-12-08 02:18:48,408 [pool-523-thread-1] INFO  server.RaftServerConfigKeys (ConfUtils.java:logGet(44)) - raft.server.log.segment.cache.num.max = 2 (custom)
2020-12-08 02:18:48,410 [pool-523-thread-1] INFO  segmented.SegmentedRaftLogWorker (SegmentedRaftLogWorker.java:<init>(180)) - new c88aba9b-104c-49ca-9c62-2596b924fb37@group-F3E41C57198D-SegmentedRaftLogWorker for RaftStorage:Storage Directory /github/workspace/mnt/ozone/hadoop-ozone/integration-test/target/test-dir/MiniOzoneClusterImpl-c7e5300f-f3f2-48d9-ae25-3e63411fd680/datanode-8/data/ratis/e3cf9f81-6356-4ab5-bd47-f3e41c57198d
2020-12-08 02:18:48,410 [pool-523-thread-1] INFO  server.RaftServerConfigKeys (ConfUtils.java:logGet(44)) - raft.server.log.queue.byte-limit = 2147483647 (custom)
2020-12-08 02:18:48,410 [pool-523-thread-1] INFO  server.RaftServerConfigKeys (ConfUtils.java:logGet(44)) - raft.server.log.queue.element-limit = 1024 (custom)
2020-12-08 02:18:48,410 [pool-523-thread-1] INFO  server.RaftServerConfigKeys (ConfUtils.java:logGet(44)) - raft.server.log.segment.size.max = 1048576 (custom)
2020-12-08 02:18:48,411 [pool-523-thread-1] INFO  server.RaftServerConfigKeys (ConfUtils.java:logGet(44)) - raft.server.log.preallocated.size = 16384 (custom)
2020-12-08 02:18:48,411 [pool-523-thread-1] INFO  server.RaftServerConfigKeys (ConfUtils.java:logGet(44)) - raft.server.log.write.buffer.size = 1048576 (custom)
2020-12-08 02:18:48,411 [pool-523-thread-1] INFO  server.RaftServerConfigKeys (ConfUtils.java:logGet(44)) - raft.server.log.force.sync.num = 128 (default)
2020-12-08 02:18:48,411 [pool-523-thread-1] INFO  server.RaftServerConfigKeys (ConfUtils.java:logGet(44)) - raft.server.log.statemachine.data.sync = true (default)
2020-12-08 02:18:48,411 [pool-523-thread-1] INFO  server.RaftServerConfigKeys (ConfUtils.java:logGet(44)) - raft.server.log.statemachine.data.sync.timeout = 10s (default)
2020-12-08 02:18:48,411 [pool-523-thread-1] INFO  server.RaftServerConfigKeys (ConfUtils.java:logGet(44)) - raft.server.log.statemachine.data.sync.timeout.retry = -1 (default)
2020-12-08 02:18:48,411 [pool-491-thread-1] INFO  server.RaftServerConfigKeys (ConfUtils.java:logGet(44)) - raft.server.snapshot.auto.trigger.enabled = true (custom)
2020-12-08 02:18:48,411 [pool-491-thread-1] INFO  server.RaftServerConfigKeys (ConfUtils.java:logGet(44)) - raft.server.snapshot.auto.trigger.threshold = 10000 (custom)
2020-12-08 02:18:48,411 [pool-491-thread-1] INFO  server.RaftServerConfigKeys (ConfUtils.java:logGet(44)) - raft.server.snapshot.retention.file.num = 5 (custom)
2020-12-08 02:18:48,411 [pool-491-thread-1] INFO  server.RaftServerConfigKeys (ConfUtils.java:logGet(44)) - raft.server.log.purge.upto.snapshot.index = false (default)
2020-12-08 02:18:48,411 [pool-491-thread-1] INFO  server.RaftServerConfigKeys (ConfUtils.java:logGet(44)) - raft.server.retrycache.expirytime = 600000ms (custom)
2020-12-08 02:18:48,411 [pool-491-thread-1] INFO  metrics.RatisMetrics (RatisMetrics.java:lambda$create$0(36)) - Creating Metrics Registry : ratis.leader_election.66346d6a-4140-4d92-b7fe-10723d1ff793@group-F5201121A75B
2020-12-08 02:18:48,412 [pool-491-thread-1] INFO  metrics.RatisMetrics (RatisMetrics.java:lambda$create$0(36)) - Creating Metrics Registry : ratis.server.66346d6a-4140-4d92-b7fe-10723d1ff793@group-F5201121A75B
2020-12-08 02:18:48,413 [pool-491-thread-1] INFO  impl.RaftServerImpl (RaftServerImpl.java:start(215)) - 66346d6a-4140-4d92-b7fe-10723d1ff793@group-F5201121A75B: start as a follower, conf=-1: [c88aba9b-104c-49ca-9c62-2596b924fb37|rpc:172.17.0.2:45221, 66346d6a-4140-4d92-b7fe-10723d1ff793|rpc:172.17.0.2:45391, 605841cf-842d-40a4-b286-0dc4c4c02111|rpc:172.17.0.2:33255], old=null
2020-12-08 02:18:48,413 [pool-491-thread-1] INFO  impl.RaftServerImpl (RaftServerImpl.java:setRole(204)) - 66346d6a-4140-4d92-b7fe-10723d1ff793@group-F5201121A75B: changes role from      null to FOLLOWER at term 0 for startAsFollower
2020-12-08 02:18:48,414 [pool-491-thread-1] INFO  impl.RoleInfo (RoleInfo.java:updateAndGet(143)) - 66346d6a-4140-4d92-b7fe-10723d1ff793: start 66346d6a-4140-4d92-b7fe-10723d1ff793@group-F5201121A75B-FollowerState
2020-12-08 02:18:48,414 [pool-507-thread-1] INFO  storage.RaftStorage (RaftStorage.java:format(85)) - Storage directory /github/workspace/mnt/ozone/hadoop-ozone/integration-test/target/test-dir/MiniOzoneClusterImpl-c7e5300f-f3f2-48d9-ae25-3e63411fd680/datanode-7/data/ratis/e69dd776-de2f-4d57-b56f-f5201121a75b has been successfully formatted.
2020-12-08 02:18:48,414 [pool-491-thread-1] INFO  util.JmxRegister (JmxRegister.java:tryRegister(44)) - Successfully registered JMX Bean with object name Ratis:service=RaftServer,group=group-F5201121A75B,id=66346d6a-4140-4d92-b7fe-10723d1ff793
2020-12-08 02:18:48,414 [pool-491-thread-1] INFO  metrics.RatisMetrics (RatisMetrics.java:lambda$create$0(36)) - Creating Metrics Registry : ratis.state_machine.66346d6a-4140-4d92-b7fe-10723d1ff793@group-F5201121A75B
2020-12-08 02:18:48,417 [pool-523-thread-1] INFO  server.RaftServerConfigKeys (ConfUtils.java:logGet(44)) - raft.server.log.statemachine.data.caching.enabled = true (custom)
2020-12-08 02:18:48,417 [Command processor thread] INFO  metrics.RatisMetrics (RatisMetrics.java:lambda$create$0(36)) - Creating Metrics Registry : ratis.client_message_metrics.client-423371088B51->c88aba9b-104c-49ca-9c62-2596b924fb37
2020-12-08 02:18:48,417 [pool-507-thread-1] INFO  ratis.ContainerStateMachine (ContainerStateMachine.java:loadSnapshot(225)) - group-F5201121A75B: The snapshot info is null. Setting the last applied indexto:(t:0, i:~)
2020-12-08 02:18:48,417 [pool-507-thread-1] INFO  server.RaftServerConfigKeys (ConfUtils.java:logGet(44)) - raft.server.notification.no-leader.timeout = 300000ms (custom)
2020-12-08 02:18:48,417 [pool-507-thread-1] INFO  server.RaftServerConfigKeys (ConfUtils.java:logGet(44)) - raft.server.log.use.memory = false (default)
2020-12-08 02:18:48,418 [pool-507-thread-1] INFO  server.RaftServerConfigKeys (ConfUtils.java:logGet(44)) - raft.server.log.purge.gap = 1000000 (custom)
2020-12-08 02:18:48,418 [pool-507-thread-1] INFO  metrics.RatisMetrics (RatisMetrics.java:lambda$create$0(36)) - Creating Metrics Registry : ratis.log_worker.605841cf-842d-40a4-b286-0dc4c4c02111@group-F5201121A75B
2020-12-08 02:18:48,418 [pool-507-thread-1] INFO  server.RaftServerConfigKeys (ConfUtils.java:logGet(44)) - raft.server.log.appender.buffer.byte-limit = 33554432 (custom)
2020-12-08 02:18:48,418 [pool-507-thread-1] INFO  server.RaftServerConfigKeys (ConfUtils.java:logGet(44)) - raft.server.log.segment.size.max = 1048576 (custom)
2020-12-08 02:18:48,418 [pool-507-thread-1] INFO  server.RaftServerConfigKeys (ConfUtils.java:logGet(44)) - raft.server.log.segment.cache.num.max = 2 (custom)
2020-12-08 02:18:48,419 [pool-507-thread-1] INFO  segmented.SegmentedRaftLogWorker (SegmentedRaftLogWorker.java:<init>(180)) - new 605841cf-842d-40a4-b286-0dc4c4c02111@group-F5201121A75B-SegmentedRaftLogWorker for RaftStorage:Storage Directory /github/workspace/mnt/ozone/hadoop-ozone/integration-test/target/test-dir/MiniOzoneClusterImpl-c7e5300f-f3f2-48d9-ae25-3e63411fd680/datanode-7/data/ratis/e69dd776-de2f-4d57-b56f-f5201121a75b
2020-12-08 02:18:48,419 [pool-507-thread-1] INFO  server.RaftServerConfigKeys (ConfUtils.java:logGet(44)) - raft.server.log.queue.byte-limit = 2147483647 (custom)
2020-12-08 02:18:48,419 [pool-507-thread-1] INFO  server.RaftServerConfigKeys (ConfUtils.java:logGet(44)) - raft.server.log.queue.element-limit = 1024 (custom)
2020-12-08 02:18:48,419 [pool-507-thread-1] INFO  server.RaftServerConfigKeys (ConfUtils.java:logGet(44)) - raft.server.log.segment.size.max = 1048576 (custom)
2020-12-08 02:18:48,419 [pool-507-thread-1] INFO  server.RaftServerConfigKeys (ConfUtils.java:logGet(44)) - raft.server.log.preallocated.size = 16384 (custom)
2020-12-08 02:18:48,419 [pool-507-thread-1] INFO  server.RaftServerConfigKeys (ConfUtils.java:logGet(44)) - raft.server.log.write.buffer.size = 1048576 (custom)
2020-12-08 02:18:48,419 [pool-507-thread-1] INFO  server.RaftServerConfigKeys (ConfUtils.java:logGet(44)) - raft.server.log.force.sync.num = 128 (default)
2020-12-08 02:18:48,419 [pool-507-thread-1] INFO  server.RaftServerConfigKeys (ConfUtils.java:logGet(44)) - raft.server.log.statemachine.data.sync = true (default)
2020-12-08 02:18:48,419 [pool-507-thread-1] INFO  server.RaftServerConfigKeys (ConfUtils.java:logGet(44)) - raft.server.log.statemachine.data.sync.timeout = 10s (default)
2020-12-08 02:18:48,419 [pool-507-thread-1] INFO  server.RaftServerConfigKeys (ConfUtils.java:logGet(44)) - raft.server.log.statemachine.data.sync.timeout.retry = -1 (default)
2020-12-08 02:18:48,419 [EventQueue-OpenPipelineForHealthyPipelineSafeModeRule] INFO  safemode.SCMSafeModeManager (HealthyPipelineSafeModeRule.java:process(128)) - SCM in safe mode. Healthy pipelines reported count is 0, required healthy pipeline reported count is 1
2020-12-08 02:18:48,417 [pool-523-thread-1] INFO  segmented.SegmentedRaftLogWorker (SegmentedRaftLogWorker.java:lambda$new$0(129)) - c88aba9b-104c-49ca-9c62-2596b924fb37@group-F3E41C57198D-SegmentedRaftLogWorker: flushIndex: setUnconditionally 0 -> -1
2020-12-08 02:18:48,420 [pool-523-thread-1] INFO  segmented.SegmentedRaftLogWorker (SegmentedRaftLogWorker.java:lambda$new$0(129)) - c88aba9b-104c-49ca-9c62-2596b924fb37@group-F3E41C57198D-SegmentedRaftLogWorker: safeCacheEvictIndex: setUnconditionally 0 -> -1
2020-12-08 02:18:48,419 [EventQueue-PipelineReportForOneReplicaPipelineSafeModeRule] INFO  safemode.SCMSafeModeManager (SCMSafeModeManager.java:validateSafeModeExitRules(214)) - AtleastOneDatanodeReportedRule rule is successfully validated
2020-12-08 02:18:48,420 [pool-523-thread-1] INFO  server.RaftServerConfigKeys (ConfUtils.java:logGet(44)) - raft.server.snapshot.auto.trigger.enabled = true (custom)
2020-12-08 02:18:48,420 [pool-523-thread-1] INFO  server.RaftServerConfigKeys (ConfUtils.java:logGet(44)) - raft.server.snapshot.auto.trigger.threshold = 10000 (custom)
2020-12-08 02:18:48,420 [pool-523-thread-1] INFO  server.RaftServerConfigKeys (ConfUtils.java:logGet(44)) - raft.server.snapshot.retention.file.num = 5 (custom)
2020-12-08 02:18:48,420 [pool-523-thread-1] INFO  server.RaftServerConfigKeys (ConfUtils.java:logGet(44)) - raft.server.log.purge.upto.snapshot.index = false (default)
2020-12-08 02:18:48,421 [pool-523-thread-1] INFO  server.RaftServerConfigKeys (ConfUtils.java:logGet(44)) - raft.server.retrycache.expirytime = 600000ms (custom)
2020-12-08 02:18:48,421 [pool-523-thread-1] INFO  metrics.RatisMetrics (RatisMetrics.java:lambda$create$0(36)) - Creating Metrics Registry : ratis.leader_election.c88aba9b-104c-49ca-9c62-2596b924fb37@group-F3E41C57198D
2020-12-08 02:18:48,426 [pool-523-thread-1] INFO  metrics.RatisMetrics (RatisMetrics.java:lambda$create$0(36)) - Creating Metrics Registry : ratis.server.c88aba9b-104c-49ca-9c62-2596b924fb37@group-F3E41C57198D
2020-12-08 02:18:48,428 [grpc-default-executor-4] INFO  metrics.RatisMetrics (RatisMetrics.java:lambda$create$0(36)) - Creating Metrics Registry : ratis.server_message_metrics.c88aba9b-104c-49ca-9c62-2596b924fb37
2020-12-08 02:18:48,429 [pool-507-thread-1] INFO  server.RaftServerConfigKeys (ConfUtils.java:logGet(44)) - raft.server.log.statemachine.data.caching.enabled = true (custom)
2020-12-08 02:18:48,429 [pool-507-thread-1] INFO  segmented.SegmentedRaftLogWorker (SegmentedRaftLogWorker.java:lambda$new$0(129)) - 605841cf-842d-40a4-b286-0dc4c4c02111@group-F5201121A75B-SegmentedRaftLogWorker: flushIndex: setUnconditionally 0 -> -1
2020-12-08 02:18:48,429 [pool-507-thread-1] INFO  segmented.SegmentedRaftLogWorker (SegmentedRaftLogWorker.java:lambda$new$0(129)) - 605841cf-842d-40a4-b286-0dc4c4c02111@group-F5201121A75B-SegmentedRaftLogWorker: safeCacheEvictIndex: setUnconditionally 0 -> -1
2020-12-08 02:18:48,430 [pool-523-thread-1] INFO  impl.RaftServerImpl (RaftServerImpl.java:start(215)) - c88aba9b-104c-49ca-9c62-2596b924fb37@group-F3E41C57198D: start as a follower, conf=-1: [c88aba9b-104c-49ca-9c62-2596b924fb37|rpc:172.17.0.2:45221], old=null
2020-12-08 02:18:48,430 [pool-523-thread-1] INFO  impl.RaftServerImpl (RaftServerImpl.java:setRole(204)) - c88aba9b-104c-49ca-9c62-2596b924fb37@group-F3E41C57198D: changes role from      null to FOLLOWER at term 0 for startAsFollower
2020-12-08 02:18:48,430 [pool-507-thread-1] INFO  server.RaftServerConfigKeys (ConfUtils.java:logGet(44)) - raft.server.snapshot.auto.trigger.enabled = true (custom)
2020-12-08 02:18:48,430 [pool-507-thread-1] INFO  server.RaftServerConfigKeys (ConfUtils.java:logGet(44)) - raft.server.snapshot.auto.trigger.threshold = 10000 (custom)
2020-12-08 02:18:48,430 [pool-507-thread-1] INFO  server.RaftServerConfigKeys (ConfUtils.java:logGet(44)) - raft.server.snapshot.retention.file.num = 5 (custom)
2020-12-08 02:18:48,430 [pool-507-thread-1] INFO  server.RaftServerConfigKeys (ConfUtils.java:logGet(44)) - raft.server.log.purge.upto.snapshot.index = false (default)
2020-12-08 02:18:48,430 [pool-507-thread-1] INFO  server.RaftServerConfigKeys (ConfUtils.java:logGet(44)) - raft.server.retrycache.expirytime = 600000ms (custom)
2020-12-08 02:18:48,431 [pool-507-thread-1] INFO  metrics.RatisMetrics (RatisMetrics.java:lambda$create$0(36)) - Creating Metrics Registry : ratis.leader_election.605841cf-842d-40a4-b286-0dc4c4c02111@group-F5201121A75B
2020-12-08 02:18:48,431 [pool-507-thread-1] INFO  metrics.RatisMetrics (RatisMetrics.java:lambda$create$0(36)) - Creating Metrics Registry : ratis.server.605841cf-842d-40a4-b286-0dc4c4c02111@group-F5201121A75B
2020-12-08 02:18:48,433 [pool-507-thread-1] INFO  impl.RaftServerImpl (RaftServerImpl.java:start(215)) - 605841cf-842d-40a4-b286-0dc4c4c02111@group-F5201121A75B: start as a follower, conf=-1: [c88aba9b-104c-49ca-9c62-2596b924fb37|rpc:172.17.0.2:45221, 66346d6a-4140-4d92-b7fe-10723d1ff793|rpc:172.17.0.2:45391, 605841cf-842d-40a4-b286-0dc4c4c02111|rpc:172.17.0.2:33255], old=null
2020-12-08 02:18:48,433 [pool-507-thread-1] INFO  impl.RaftServerImpl (RaftServerImpl.java:setRole(204)) - 605841cf-842d-40a4-b286-0dc4c4c02111@group-F5201121A75B: changes role from      null to FOLLOWER at term 0 for startAsFollower
2020-12-08 02:18:48,433 [pool-507-thread-1] INFO  impl.RoleInfo (RoleInfo.java:updateAndGet(143)) - 605841cf-842d-40a4-b286-0dc4c4c02111: start 605841cf-842d-40a4-b286-0dc4c4c02111@group-F5201121A75B-FollowerState
2020-12-08 02:18:48,434 [pool-507-thread-1] INFO  util.JmxRegister (JmxRegister.java:tryRegister(44)) - Successfully registered JMX Bean with object name Ratis:service=RaftServer,group=group-F5201121A75B,id=605841cf-842d-40a4-b286-0dc4c4c02111
2020-12-08 02:18:48,434 [pool-507-thread-1] INFO  metrics.RatisMetrics (RatisMetrics.java:lambda$create$0(36)) - Creating Metrics Registry : ratis.state_machine.605841cf-842d-40a4-b286-0dc4c4c02111@group-F5201121A75B
2020-12-08 02:18:48,434 [pool-523-thread-1] INFO  impl.RoleInfo (RoleInfo.java:updateAndGet(143)) - c88aba9b-104c-49ca-9c62-2596b924fb37: start c88aba9b-104c-49ca-9c62-2596b924fb37@group-F3E41C57198D-FollowerState
2020-12-08 02:18:48,435 [Command processor thread] INFO  metrics.RatisMetrics (RatisMetrics.java:lambda$create$0(36)) - Creating Metrics Registry : ratis.client_message_metrics.client-03EF4D744E6F->c88aba9b-104c-49ca-9c62-2596b924fb37
2020-12-08 02:18:48,437 [org.apache.ratis.server.JvmPauseMonitor@6570c080-Monitor] WARN  server.JvmPauseMonitor (JvmPauseMonitor.java:run(141)) - Detected pause in JVM or host machine (eg GC): pause of approximately 2ms
No GCs detected
2020-12-08 02:18:48,437 [pool-523-thread-1] INFO  util.JmxRegister (JmxRegister.java:tryRegister(44)) - Successfully registered JMX Bean with object name Ratis:service=RaftServer,group=group-F3E41C57198D,id=c88aba9b-104c-49ca-9c62-2596b924fb37
2020-12-08 02:18:48,437 [pool-523-thread-1] INFO  metrics.RatisMetrics (RatisMetrics.java:lambda$create$0(36)) - Creating Metrics Registry : ratis.state_machine.c88aba9b-104c-49ca-9c62-2596b924fb37@group-F3E41C57198D
2020-12-08 02:18:48,450 [Command processor thread] INFO  commandhandler.CreatePipelineCommandHandler (CreatePipelineCommandHandler.java:handle(106)) - Created Pipeline RATIS ONE PipelineID=e3cf9f81-6356-4ab5-bd47-f3e41c57198d.
2020-12-08 02:18:48,451 [pool-523-thread-1] INFO  impl.RaftServerImpl (RaftServerImpl.java:<init>(121)) - c88aba9b-104c-49ca-9c62-2596b924fb37: new RaftServerImpl for group-F5201121A75B:[c88aba9b-104c-49ca-9c62-2596b924fb37|rpc:172.17.0.2:45221|dataStream:, 66346d6a-4140-4d92-b7fe-10723d1ff793|rpc:172.17.0.2:45391|dataStream:, 605841cf-842d-40a4-b286-0dc4c4c02111|rpc:172.17.0.2:33255|dataStream:] with ContainerStateMachine:uninitialized
2020-12-08 02:18:48,451 [pool-523-thread-1] INFO  server.RaftServerConfigKeys (ConfUtils.java:logGet(44)) - raft.server.rpc.timeout.min = 5s (custom)
2020-12-08 02:18:48,451 [pool-523-thread-1] INFO  server.RaftServerConfigKeys (ConfUtils.java:logGet(44)) - raft.server.rpc.timeout.max = 5200ms (custom)
2020-12-08 02:18:48,451 [pool-523-thread-1] INFO  server.RaftServerConfigKeys (ConfUtils.java:logGet(44)) - raft.server.rpc.slowness.timeout = 300000ms (custom)
2020-12-08 02:18:48,451 [pool-523-thread-1] INFO  server.RaftServerConfigKeys (ConfUtils.java:logGet(44)) - raft.server.leaderelection.leader.step-down.wait-time = 10s (default)
2020-12-08 02:18:48,451 [pool-523-thread-1] INFO  server.RaftServerConfigKeys (ConfUtils.java:logGet(44)) - raft.server.sleep.deviation.threshold = 300 (default)
2020-12-08 02:18:48,451 [pool-523-thread-1] INFO  server.RaftServerConfigKeys (ConfUtils.java:logGet(44)) - raft.server.log.appender.install.snapshot.enabled = false (custom)
2020-12-08 02:18:48,451 [pool-523-thread-1] INFO  impl.RaftServerImpl (ServerState.java:<init>(104)) - c88aba9b-104c-49ca-9c62-2596b924fb37@group-F5201121A75B: ConfigurationManager, init=-1: [c88aba9b-104c-49ca-9c62-2596b924fb37|rpc:172.17.0.2:45221|dataStream:, 66346d6a-4140-4d92-b7fe-10723d1ff793|rpc:172.17.0.2:45391|dataStream:, 605841cf-842d-40a4-b286-0dc4c4c02111|rpc:172.17.0.2:33255|dataStream:], old=null, confs=<EMPTY_MAP>
2020-12-08 02:18:48,451 [pool-523-thread-1] INFO  server.RaftServerConfigKeys (ConfUtils.java:logGet(44)) - raft.server.storage.dir = [/github/workspace/mnt/ozone/hadoop-ozone/integration-test/target/test-dir/MiniOzoneClusterImpl-c7e5300f-f3f2-48d9-ae25-3e63411fd680/datanode-8/data/ratis] (custom)
2020-12-08 02:18:48,452 [pool-523-thread-1] INFO  server.RaftServerConfigKeys (ConfUtils.java:logGet(44)) - raft.server.log.corruption.policy = EXCEPTION (default)
2020-12-08 02:18:48,452 [pool-523-thread-1] INFO  storage.RaftStorageDirectory (RaftStorageDirectory.java:analyzeStorage(261)) - The storage directory /github/workspace/mnt/ozone/hadoop-ozone/integration-test/target/test-dir/MiniOzoneClusterImpl-c7e5300f-f3f2-48d9-ae25-3e63411fd680/datanode-8/data/ratis/e69dd776-de2f-4d57-b56f-f5201121a75b does not exist. Creating ...
2020-12-08 02:18:48,450 [grpc-default-executor-4] INFO  impl.RaftServerProxy (RaftServerProxy.java:addNew(93)) - c88aba9b-104c-49ca-9c62-2596b924fb37: addNew group-F5201121A75B:[c88aba9b-104c-49ca-9c62-2596b924fb37|rpc:172.17.0.2:45221|dataStream:, 66346d6a-4140-4d92-b7fe-10723d1ff793|rpc:172.17.0.2:45391|dataStream:, 605841cf-842d-40a4-b286-0dc4c4c02111|rpc:172.17.0.2:33255|dataStream:] returns group-F5201121A75B:java.util.concurrent.CompletableFuture@9389459[Not completed]
2020-12-08 02:18:48,453 [Command processor thread] ERROR commandhandler.CreatePipelineCommandHandler (CreatePipelineCommandHandler.java:handle(111)) - Can't create pipeline RATIS THREE PipelineID=e69dd776-de2f-4d57-b56f-f5201121a75b
java.io.IOException: c88aba9b-104c-49ca-9c62-2596b924fb37: Failed to add group-F5201121A75B:[c88aba9b-104c-49ca-9c62-2596b924fb37|rpc:172.17.0.2:45221, 66346d6a-4140-4d92-b7fe-10723d1ff793|rpc:172.17.0.2:45391, 605841cf-842d-40a4-b286-0dc4c4c02111|rpc:172.17.0.2:33255] since the group already exists in the map.
	at org.apache.hadoop.ozone.container.common.transport.server.ratis.XceiverServerRatis.addGroup(XceiverServerRatis.java:754)
	at org.apache.hadoop.ozone.container.common.statemachine.commandhandler.CreatePipelineCommandHandler.handle(CreatePipelineCommandHandler.java:92)
	at org.apache.hadoop.ozone.container.common.statemachine.commandhandler.CommandDispatcher.handle(CommandDispatcher.java:99)
	at org.apache.hadoop.ozone.container.common.statemachine.DatanodeStateMachine.lambda$initCommandHandlerThread$2(DatanodeStateMachine.java:498)
	at java.lang.Thread.run(Thread.java:748)
Caused by: org.apache.ratis.protocol.exceptions.AlreadyExistsException: c88aba9b-104c-49ca-9c62-2596b924fb37: Failed to add group-F5201121A75B:[c88aba9b-104c-49ca-9c62-2596b924fb37|rpc:172.17.0.2:45221, 66346d6a-4140-4d92-b7fe-10723d1ff793|rpc:172.17.0.2:45391, 605841cf-842d-40a4-b286-0dc4c4c02111|rpc:172.17.0.2:33255] since the group already exists in the map.
	at org.apache.ratis.server.impl.RaftServerProxy$ImplMap.addNew(RaftServerProxy.java:87)
	at org.apache.ratis.server.impl.RaftServerProxy.groupAddAsync(RaftServerProxy.java:413)
	at org.apache.ratis.server.impl.RaftServerProxy.groupManagementAsync(RaftServerProxy.java:397)
	at org.apache.ratis.server.impl.RaftServerProxy.groupManagement(RaftServerProxy.java:381)
	at org.apache.hadoop.ozone.container.common.transport.server.ratis.XceiverServerRatis.addGroup(XceiverServerRatis.java:752)
	... 4 more
2020-12-08 02:18:48,454 [pool-523-thread-1] INFO  storage.RaftStorageDirectory (RaftStorageDirectory.java:tryLock(343)) - Lock on /github/workspace/mnt/ozone/hadoop-ozone/integration-test/target/test-dir/MiniOzoneClusterImpl-c7e5300f-f3f2-48d9-ae25-3e63411fd680/datanode-8/data/ratis/e69dd776-de2f-4d57-b56f-f5201121a75b/in_use.lock acquired by nodename 18611@11cef1ca5a88
2020-12-08 02:18:48,456 [pool-523-thread-1] INFO  storage.RaftStorage (RaftStorage.java:format(85)) - Storage directory /github/workspace/mnt/ozone/hadoop-ozone/integration-test/target/test-dir/MiniOzoneClusterImpl-c7e5300f-f3f2-48d9-ae25-3e63411fd680/datanode-8/data/ratis/e69dd776-de2f-4d57-b56f-f5201121a75b has been successfully formatted.
2020-12-08 02:18:48,456 [pool-523-thread-1] INFO  ratis.ContainerStateMachine (ContainerStateMachine.java:loadSnapshot(225)) - group-F5201121A75B: The snapshot info is null. Setting the last applied indexto:(t:0, i:~)
2020-12-08 02:18:48,456 [pool-523-thread-1] INFO  server.RaftServerConfigKeys (ConfUtils.java:logGet(44)) - raft.server.notification.no-leader.timeout = 300000ms (custom)
2020-12-08 02:18:48,456 [pool-523-thread-1] INFO  server.RaftServerConfigKeys (ConfUtils.java:logGet(44)) - raft.server.log.use.memory = false (default)
2020-12-08 02:18:48,456 [pool-523-thread-1] INFO  server.RaftServerConfigKeys (ConfUtils.java:logGet(44)) - raft.server.log.purge.gap = 1000000 (custom)
2020-12-08 02:18:48,456 [pool-523-thread-1] INFO  metrics.RatisMetrics (RatisMetrics.java:lambda$create$0(36)) - Creating Metrics Registry : ratis.log_worker.c88aba9b-104c-49ca-9c62-2596b924fb37@group-F5201121A75B
2020-12-08 02:18:48,456 [pool-523-thread-1] INFO  server.RaftServerConfigKeys (ConfUtils.java:logGet(44)) - raft.server.log.appender.buffer.byte-limit = 33554432 (custom)
2020-12-08 02:18:48,456 [pool-523-thread-1] INFO  server.RaftServerConfigKeys (ConfUtils.java:logGet(44)) - raft.server.log.segment.size.max = 1048576 (custom)
2020-12-08 02:18:48,457 [pool-523-thread-1] INFO  server.RaftServerConfigKeys (ConfUtils.java:logGet(44)) - raft.server.log.segment.cache.num.max = 2 (custom)
2020-12-08 02:18:48,457 [pool-523-thread-1] INFO  segmented.SegmentedRaftLogWorker (SegmentedRaftLogWorker.java:<init>(180)) - new c88aba9b-104c-49ca-9c62-2596b924fb37@group-F5201121A75B-SegmentedRaftLogWorker for RaftStorage:Storage Directory /github/workspace/mnt/ozone/hadoop-ozone/integration-test/target/test-dir/MiniOzoneClusterImpl-c7e5300f-f3f2-48d9-ae25-3e63411fd680/datanode-8/data/ratis/e69dd776-de2f-4d57-b56f-f5201121a75b
2020-12-08 02:18:48,457 [pool-523-thread-1] INFO  server.RaftServerConfigKeys (ConfUtils.java:logGet(44)) - raft.server.log.queue.byte-limit = 2147483647 (custom)
2020-12-08 02:18:48,457 [pool-523-thread-1] INFO  server.RaftServerConfigKeys (ConfUtils.java:logGet(44)) - raft.server.log.queue.element-limit = 1024 (custom)
2020-12-08 02:18:48,457 [pool-523-thread-1] INFO  server.RaftServerConfigKeys (ConfUtils.java:logGet(44)) - raft.server.log.segment.size.max = 1048576 (custom)
2020-12-08 02:18:48,457 [pool-523-thread-1] INFO  server.RaftServerConfigKeys (ConfUtils.java:logGet(44)) - raft.server.log.preallocated.size = 16384 (custom)
2020-12-08 02:18:48,457 [pool-523-thread-1] INFO  server.RaftServerConfigKeys (ConfUtils.java:logGet(44)) - raft.server.log.write.buffer.size = 1048576 (custom)
2020-12-08 02:18:48,457 [pool-523-thread-1] INFO  server.RaftServerConfigKeys (ConfUtils.java:logGet(44)) - raft.server.log.force.sync.num = 128 (default)
2020-12-08 02:18:48,457 [pool-523-thread-1] INFO  server.RaftServerConfigKeys (ConfUtils.java:logGet(44)) - raft.server.log.statemachine.data.sync = true (default)
2020-12-08 02:18:48,457 [pool-523-thread-1] INFO  server.RaftServerConfigKeys (ConfUtils.java:logGet(44)) - raft.server.log.statemachine.data.sync.timeout = 10s (default)
2020-12-08 02:18:48,458 [pool-523-thread-1] INFO  server.RaftServerConfigKeys (ConfUtils.java:logGet(44)) - raft.server.log.statemachine.data.sync.timeout.retry = -1 (default)
2020-12-08 02:18:48,459 [EventQueue-OpenPipelineForHealthyPipelineSafeModeRule] INFO  safemode.SCMSafeModeManager (HealthyPipelineSafeModeRule.java:process(128)) - SCM in safe mode. Healthy pipelines reported count is 0, required healthy pipeline reported count is 1
2020-12-08 02:18:48,459 [EventQueue-PipelineReportForOneReplicaPipelineSafeModeRule] INFO  safemode.SCMSafeModeManager (SCMSafeModeManager.java:validateSafeModeExitRules(214)) - AtleastOneDatanodeReportedRule rule is successfully validated
2020-12-08 02:18:48,461 [pool-523-thread-1] INFO  server.RaftServerConfigKeys (ConfUtils.java:logGet(44)) - raft.server.log.statemachine.data.caching.enabled = true (custom)
2020-12-08 02:18:48,461 [pool-523-thread-1] INFO  segmented.SegmentedRaftLogWorker (SegmentedRaftLogWorker.java:lambda$new$0(129)) - c88aba9b-104c-49ca-9c62-2596b924fb37@group-F5201121A75B-SegmentedRaftLogWorker: flushIndex: setUnconditionally 0 -> -1
2020-12-08 02:18:48,461 [pool-523-thread-1] INFO  segmented.SegmentedRaftLogWorker (SegmentedRaftLogWorker.java:lambda$new$0(129)) - c88aba9b-104c-49ca-9c62-2596b924fb37@group-F5201121A75B-SegmentedRaftLogWorker: safeCacheEvictIndex: setUnconditionally 0 -> -1
2020-12-08 02:18:48,473 [pool-523-thread-1] INFO  server.RaftServerConfigKeys (ConfUtils.java:logGet(44)) - raft.server.snapshot.auto.trigger.enabled = true (custom)
2020-12-08 02:18:48,479 [pool-523-thread-1] INFO  server.RaftServerConfigKeys (ConfUtils.java:logGet(44)) - raft.server.snapshot.auto.trigger.threshold = 10000 (custom)
2020-12-08 02:18:48,481 [pool-523-thread-1] INFO  server.RaftServerConfigKeys (ConfUtils.java:logGet(44)) - raft.server.snapshot.retention.file.num = 5 (custom)
2020-12-08 02:18:48,481 [pool-523-thread-1] INFO  server.RaftServerConfigKeys (ConfUtils.java:logGet(44)) - raft.server.log.purge.upto.snapshot.index = false (default)
2020-12-08 02:18:48,481 [pool-523-thread-1] INFO  server.RaftServerConfigKeys (ConfUtils.java:logGet(44)) - raft.server.retrycache.expirytime = 600000ms (custom)
2020-12-08 02:18:48,481 [pool-523-thread-1] INFO  metrics.RatisMetrics (RatisMetrics.java:lambda$create$0(36)) - Creating Metrics Registry : ratis.leader_election.c88aba9b-104c-49ca-9c62-2596b924fb37@group-F5201121A75B
2020-12-08 02:18:48,481 [pool-523-thread-1] INFO  metrics.RatisMetrics (RatisMetrics.java:lambda$create$0(36)) - Creating Metrics Registry : ratis.server.c88aba9b-104c-49ca-9c62-2596b924fb37@group-F5201121A75B
2020-12-08 02:18:48,482 [pool-523-thread-1] INFO  impl.RaftServerImpl (RaftServerImpl.java:start(215)) - c88aba9b-104c-49ca-9c62-2596b924fb37@group-F5201121A75B: start as a follower, conf=-1: [c88aba9b-104c-49ca-9c62-2596b924fb37|rpc:172.17.0.2:45221|dataStream:, 66346d6a-4140-4d92-b7fe-10723d1ff793|rpc:172.17.0.2:45391|dataStream:, 605841cf-842d-40a4-b286-0dc4c4c02111|rpc:172.17.0.2:33255|dataStream:], old=null
2020-12-08 02:18:48,483 [pool-523-thread-1] INFO  impl.RaftServerImpl (RaftServerImpl.java:setRole(204)) - c88aba9b-104c-49ca-9c62-2596b924fb37@group-F5201121A75B: changes role from      null to FOLLOWER at term 0 for startAsFollower
2020-12-08 02:18:48,483 [pool-523-thread-1] INFO  impl.RoleInfo (RoleInfo.java:updateAndGet(143)) - c88aba9b-104c-49ca-9c62-2596b924fb37: start c88aba9b-104c-49ca-9c62-2596b924fb37@group-F5201121A75B-FollowerState
2020-12-08 02:18:48,483 [pool-523-thread-1] INFO  util.JmxRegister (JmxRegister.java:tryRegister(44)) - Successfully registered JMX Bean with object name Ratis:service=RaftServer,group=group-F5201121A75B,id=c88aba9b-104c-49ca-9c62-2596b924fb37
2020-12-08 02:18:48,483 [pool-523-thread-1] INFO  metrics.RatisMetrics (RatisMetrics.java:lambda$create$0(36)) - Creating Metrics Registry : ratis.state_machine.c88aba9b-104c-49ca-9c62-2596b924fb37@group-F5201121A75B
2020-12-08 02:18:48,488 [Command processor thread] INFO  metrics.RatisMetrics (RatisMetrics.java:lambda$create$0(36)) - Creating Metrics Registry : ratis.client_message_metrics.client-6320E1470DE4->66346d6a-4140-4d92-b7fe-10723d1ff793
2020-12-08 02:18:48,491 [Command processor thread] INFO  metrics.RatisMetrics (RatisMetrics.java:lambda$create$0(36)) - Creating Metrics Registry : ratis.client_message_metrics.client-3A8A638599FA->605841cf-842d-40a4-b286-0dc4c4c02111
2020-12-08 02:18:48,495 [grpc-default-executor-1] INFO  metrics.RatisMetrics (RatisMetrics.java:lambda$create$0(36)) - Creating Metrics Registry : ratis.server_message_metrics.605841cf-842d-40a4-b286-0dc4c4c02111
2020-12-08 02:18:48,497 [grpc-default-executor-4] INFO  metrics.RatisMetrics (RatisMetrics.java:lambda$create$0(36)) - Creating Metrics Registry : ratis.server_message_metrics.66346d6a-4140-4d92-b7fe-10723d1ff793
2020-12-08 02:18:48,523 [Command processor thread] INFO  commandhandler.CreatePipelineCommandHandler (CreatePipelineCommandHandler.java:handle(106)) - Created Pipeline RATIS THREE PipelineID=e69dd776-de2f-4d57-b56f-f5201121a75b.
2020-12-08 02:18:48,524 [Command processor thread] INFO  commandhandler.CreatePipelineCommandHandler (CreatePipelineCommandHandler.java:handle(106)) - Created Pipeline RATIS THREE PipelineID=e69dd776-de2f-4d57-b56f-f5201121a75b.
2020-12-08 02:18:49,122 [Listener at 127.0.0.1/40701] INFO  ozone.MiniOzoneClusterImpl (MiniOzoneClusterImpl.java:lambda$waitForClusterToBeReady$0(178)) - Nodes are ready. Got 9 of 9 DN Heartbeats.
2020-12-08 02:18:49,122 [Listener at 127.0.0.1/40701] INFO  ozone.MiniOzoneClusterImpl (MiniOzoneClusterImpl.java:lambda$waitForClusterToBeReady$0(181)) - Waiting for cluster to exit safe mode
2020-12-08 02:18:50,122 [Listener at 127.0.0.1/40701] INFO  ozone.MiniOzoneClusterImpl (MiniOzoneClusterImpl.java:lambda$waitForClusterToBeReady$0(178)) - Nodes are ready. Got 9 of 9 DN Heartbeats.
2020-12-08 02:18:50,122 [Listener at 127.0.0.1/40701] INFO  ozone.MiniOzoneClusterImpl (MiniOzoneClusterImpl.java:lambda$waitForClusterToBeReady$0(181)) - Waiting for cluster to exit safe mode
2020-12-08 02:18:51,123 [Listener at 127.0.0.1/40701] INFO  ozone.MiniOzoneClusterImpl (MiniOzoneClusterImpl.java:lambda$waitForClusterToBeReady$0(178)) - Nodes are ready. Got 9 of 9 DN Heartbeats.
2020-12-08 02:18:51,123 [Listener at 127.0.0.1/40701] INFO  ozone.MiniOzoneClusterImpl (MiniOzoneClusterImpl.java:lambda$waitForClusterToBeReady$0(181)) - Waiting for cluster to exit safe mode
2020-12-08 02:18:51,541 [Thread-1318] INFO  impl.FollowerState (FollowerState.java:run(128)) - 4e005ff2-b0a1-49c5-ae0b-0004e66f3274@group-E9578CD0BABE-FollowerState: change to CANDIDATE, lastRpcTime:5005ms, electionTimeout:5004ms
2020-12-08 02:18:51,542 [Thread-1318] INFO  impl.RoleInfo (RoleInfo.java:shutdownFollowerState(121)) - 4e005ff2-b0a1-49c5-ae0b-0004e66f3274: shutdown 4e005ff2-b0a1-49c5-ae0b-0004e66f3274@group-E9578CD0BABE-FollowerState
2020-12-08 02:18:51,542 [Thread-1318] INFO  impl.RaftServerImpl (RaftServerImpl.java:setRole(204)) - 4e005ff2-b0a1-49c5-ae0b-0004e66f3274@group-E9578CD0BABE: changes role from  FOLLOWER to CANDIDATE at term 0 for changeToCandidate
2020-12-08 02:18:51,542 [Thread-1318] INFO  impl.RoleInfo (RoleInfo.java:updateAndGet(143)) - 4e005ff2-b0a1-49c5-ae0b-0004e66f3274: start 4e005ff2-b0a1-49c5-ae0b-0004e66f3274@group-E9578CD0BABE-LeaderElection38
2020-12-08 02:18:51,546 [4e005ff2-b0a1-49c5-ae0b-0004e66f3274@group-E9578CD0BABE-LeaderElection38] INFO  impl.LeaderElection (LeaderElection.java:askForVotes(215)) - 4e005ff2-b0a1-49c5-ae0b-0004e66f3274@group-E9578CD0BABE-LeaderElection38: begin an election at term 1 for -1: [4e005ff2-b0a1-49c5-ae0b-0004e66f3274|rpc:172.17.0.2:37623|dataStream:, 0e1de31d-e867-4945-8f7b-16c35f8e70a9|rpc:172.17.0.2:36897|dataStream:, dfa92053-6d36-469c-b0e7-d151100efb82|rpc:172.17.0.2:42811|dataStream:], old=null
2020-12-08 02:18:51,555 [grpc-default-executor-4] INFO  impl.RaftServerImpl (RaftServerImpl.java:setRole(204)) - 0e1de31d-e867-4945-8f7b-16c35f8e70a9@group-E9578CD0BABE: changes role from  FOLLOWER to FOLLOWER at term 1 for recognizeCandidate:4e005ff2-b0a1-49c5-ae0b-0004e66f3274
2020-12-08 02:18:51,555 [grpc-default-executor-4] INFO  impl.RoleInfo (RoleInfo.java:shutdownFollowerState(121)) - 0e1de31d-e867-4945-8f7b-16c35f8e70a9: shutdown 0e1de31d-e867-4945-8f7b-16c35f8e70a9@group-E9578CD0BABE-FollowerState
2020-12-08 02:18:51,555 [grpc-default-executor-4] INFO  impl.RoleInfo (RoleInfo.java:updateAndGet(143)) - 0e1de31d-e867-4945-8f7b-16c35f8e70a9: start 0e1de31d-e867-4945-8f7b-16c35f8e70a9@group-E9578CD0BABE-FollowerState
2020-12-08 02:18:51,556 [Thread-1321] INFO  impl.FollowerState (FollowerState.java:run(137)) - 0e1de31d-e867-4945-8f7b-16c35f8e70a9@group-E9578CD0BABE-FollowerState was interrupted: {}
java.lang.InterruptedException: sleep interrupted
	at java.lang.Thread.sleep(Native Method)
	at org.apache.ratis.util.JavaUtils.sleep(JavaUtils.java:250)
	at org.apache.ratis.server.impl.FollowerState.run(FollowerState.java:116)
2020-12-08 02:18:51,556 [grpc-default-executor-4] INFO  impl.RaftServerImpl (RaftServerImpl.java:requestVote(963)) -  FOLLOWER 0e1de31d-e867-4945-8f7b-16c35f8e70a9@group-E9578CD0BABE:t1, leader=null, voted=null, raftlog=0e1de31d-e867-4945-8f7b-16c35f8e70a9@group-E9578CD0BABE-SegmentedRaftLog:OPENED:c-1,f-1,i0, conf=-1: [4e005ff2-b0a1-49c5-ae0b-0004e66f3274|rpc:172.17.0.2:37623|dataStream:, 0e1de31d-e867-4945-8f7b-16c35f8e70a9|rpc:172.17.0.2:36897|dataStream:, dfa92053-6d36-469c-b0e7-d151100efb82|rpc:172.17.0.2:42811|dataStream:], old=null RUNNING priority:0 candidate:4e005ff2-b0a1-49c5-ae0b-0004e66f3274|rpc:172.17.0.2:37623|dataStream: candidatePriority:0 compare:0
2020-12-08 02:18:51,559 [grpc-default-executor-4] INFO  metrics.RatisMetrics (RatisMetrics.java:lambda$create$0(36)) - Creating Metrics Registry : ratis.server_message_metrics.dfa92053-6d36-469c-b0e7-d151100efb82
2020-12-08 02:18:51,561 [4e005ff2-b0a1-49c5-ae0b-0004e66f3274@group-E9578CD0BABE-LeaderElection38] INFO  impl.LeaderElection (LeaderElection.java:logAndReturn(65)) - 4e005ff2-b0a1-49c5-ae0b-0004e66f3274@group-E9578CD0BABE-LeaderElection38: Election PASSED; received 1 response(s) [4e005ff2-b0a1-49c5-ae0b-0004e66f3274<-0e1de31d-e867-4945-8f7b-16c35f8e70a9#0:OK-t1] and 0 exception(s); 4e005ff2-b0a1-49c5-ae0b-0004e66f3274@group-E9578CD0BABE:t1, leader=null, voted=4e005ff2-b0a1-49c5-ae0b-0004e66f3274, raftlog=4e005ff2-b0a1-49c5-ae0b-0004e66f3274@group-E9578CD0BABE-SegmentedRaftLog:OPENED:c-1,f-1,i0, conf=-1: [4e005ff2-b0a1-49c5-ae0b-0004e66f3274|rpc:172.17.0.2:37623|dataStream:, 0e1de31d-e867-4945-8f7b-16c35f8e70a9|rpc:172.17.0.2:36897|dataStream:, dfa92053-6d36-469c-b0e7-d151100efb82|rpc:172.17.0.2:42811|dataStream:], old=null
2020-12-08 02:18:51,564 [4e005ff2-b0a1-49c5-ae0b-0004e66f3274@group-E9578CD0BABE-LeaderElection38] INFO  impl.RoleInfo (RoleInfo.java:shutdownLeaderElection(134)) - 4e005ff2-b0a1-49c5-ae0b-0004e66f3274: shutdown 4e005ff2-b0a1-49c5-ae0b-0004e66f3274@group-E9578CD0BABE-LeaderElection38
2020-12-08 02:18:51,565 [grpc-default-executor-4] INFO  impl.RaftServerImpl (RaftServerImpl.java:setRole(204)) - dfa92053-6d36-469c-b0e7-d151100efb82@group-E9578CD0BABE: changes role from  FOLLOWER to FOLLOWER at term 1 for recognizeCandidate:4e005ff2-b0a1-49c5-ae0b-0004e66f3274
2020-12-08 02:18:51,565 [4e005ff2-b0a1-49c5-ae0b-0004e66f3274@group-E9578CD0BABE-LeaderElection38] INFO  impl.RaftServerImpl (RaftServerImpl.java:setRole(204)) - 4e005ff2-b0a1-49c5-ae0b-0004e66f3274@group-E9578CD0BABE: changes role from CANDIDATE to LEADER at term 1 for changeToLeader
2020-12-08 02:18:51,565 [4e005ff2-b0a1-49c5-ae0b-0004e66f3274@group-E9578CD0BABE-LeaderElection38] INFO  ratis.XceiverServerRatis (XceiverServerRatis.java:handleLeaderChangedNotification(854)) - Leader change notification received for group: group-E9578CD0BABE with new leaderId: 4e005ff2-b0a1-49c5-ae0b-0004e66f3274
2020-12-08 02:18:51,566 [4e005ff2-b0a1-49c5-ae0b-0004e66f3274@group-E9578CD0BABE-LeaderElection38] INFO  impl.RaftServerImpl (ServerState.java:setLeader(256)) - 4e005ff2-b0a1-49c5-ae0b-0004e66f3274@group-E9578CD0BABE: change Leader from null to 4e005ff2-b0a1-49c5-ae0b-0004e66f3274 at term 1 for becomeLeader, leader elected after 5050ms
2020-12-08 02:18:51,566 [4e005ff2-b0a1-49c5-ae0b-0004e66f3274@group-E9578CD0BABE-LeaderElection38] INFO  server.RaftServerConfigKeys (ConfUtils.java:logGet(44)) - raft.server.staging.catchup.gap = 1000 (default)
2020-12-08 02:18:51,566 [4e005ff2-b0a1-49c5-ae0b-0004e66f3274@group-E9578CD0BABE-LeaderElection38] INFO  server.RaftServerConfigKeys (ConfUtils.java:logGet(44)) - raft.server.rpc.sleep.time = 25ms (default)
2020-12-08 02:18:51,565 [grpc-default-executor-4] INFO  impl.RoleInfo (RoleInfo.java:shutdownFollowerState(121)) - dfa92053-6d36-469c-b0e7-d151100efb82: shutdown dfa92053-6d36-469c-b0e7-d151100efb82@group-E9578CD0BABE-FollowerState
2020-12-08 02:18:51,566 [Thread-1316] INFO  impl.FollowerState (FollowerState.java:run(137)) - dfa92053-6d36-469c-b0e7-d151100efb82@group-E9578CD0BABE-FollowerState was interrupted: {}
java.lang.InterruptedException: sleep interrupted
	at java.lang.Thread.sleep(Native Method)
	at org.apache.ratis.util.JavaUtils.sleep(JavaUtils.java:250)
	at org.apache.ratis.server.impl.FollowerState.run(FollowerState.java:116)
2020-12-08 02:18:51,566 [4e005ff2-b0a1-49c5-ae0b-0004e66f3274@group-E9578CD0BABE-LeaderElection38] INFO  metrics.RatisMetrics (RatisMetrics.java:lambda$create$0(36)) - Creating Metrics Registry : ratis.log_appender.4e005ff2-b0a1-49c5-ae0b-0004e66f3274@group-E9578CD0BABE
2020-12-08 02:18:51,566 [grpc-default-executor-4] INFO  impl.RoleInfo (RoleInfo.java:updateAndGet(143)) - dfa92053-6d36-469c-b0e7-d151100efb82: start dfa92053-6d36-469c-b0e7-d151100efb82@group-E9578CD0BABE-FollowerState
2020-12-08 02:18:51,567 [grpc-default-executor-4] INFO  impl.RaftServerImpl (RaftServerImpl.java:requestVote(963)) -  FOLLOWER dfa92053-6d36-469c-b0e7-d151100efb82@group-E9578CD0BABE:t1, leader=null, voted=null, raftlog=dfa92053-6d36-469c-b0e7-d151100efb82@group-E9578CD0BABE-SegmentedRaftLog:OPENED:c-1,f-1,i0, conf=-1: [4e005ff2-b0a1-49c5-ae0b-0004e66f3274|rpc:172.17.0.2:37623, 0e1de31d-e867-4945-8f7b-16c35f8e70a9|rpc:172.17.0.2:36897, dfa92053-6d36-469c-b0e7-d151100efb82|rpc:172.17.0.2:42811], old=null RUNNING priority:0 candidate:4e005ff2-b0a1-49c5-ae0b-0004e66f3274|rpc:172.17.0.2:37623 candidatePriority:0 compare:0
2020-12-08 02:18:51,568 [EventQueue-PipelineReportForOneReplicaPipelineSafeModeRule] INFO  safemode.SCMSafeModeManager (SCMSafeModeManager.java:validateSafeModeExitRules(214)) - AtleastOneDatanodeReportedRule rule is successfully validated
2020-12-08 02:18:51,568 [EventQueue-PipelineReportForPipelineReportHandler] INFO  pipeline.PipelineStateManager (PipelineStateManager.java:openPipeline(132)) - Pipeline Pipeline[ Id: 30c5d1af-a688-44e8-a255-e9578cd0babe, Nodes: 4e005ff2-b0a1-49c5-ae0b-0004e66f3274{ip: 172.17.0.2, host: 11cef1ca5a88, networkLocation: /default-rack, certSerialId: null, persistedOpState: IN_SERVICE, persistedOpStateExpiryEpochSec: 0}dfa92053-6d36-469c-b0e7-d151100efb82{ip: 172.17.0.2, host: 11cef1ca5a88, networkLocation: /default-rack, certSerialId: null, persistedOpState: IN_SERVICE, persistedOpStateExpiryEpochSec: 0}0e1de31d-e867-4945-8f7b-16c35f8e70a9{ip: 172.17.0.2, host: 11cef1ca5a88, networkLocation: /default-rack, certSerialId: null, persistedOpState: IN_SERVICE, persistedOpStateExpiryEpochSec: 0}, Type:RATIS, Factor:THREE, State:ALLOCATED, leaderId:4e005ff2-b0a1-49c5-ae0b-0004e66f3274, CreationTimestamp2020-12-08T02:18:43.880Z] moved to OPEN state
2020-12-08 02:18:51,567 [4e005ff2-b0a1-49c5-ae0b-0004e66f3274@group-E9578CD0BABE-LeaderElection38] INFO  server.RaftServerConfigKeys (ConfUtils.java:logGet(44)) - raft.server.write.element-limit = 1024 (custom)
2020-12-08 02:18:51,574 [4e005ff2-b0a1-49c5-ae0b-0004e66f3274@group-E9578CD0BABE-LeaderElection38] INFO  server.RaftServerConfigKeys (ConfUtils.java:logGet(44)) - raft.server.write.byte-limit = 1073741824 (custom)
2020-12-08 02:18:51,574 [4e005ff2-b0a1-49c5-ae0b-0004e66f3274@group-E9578CD0BABE-LeaderElection38] INFO  server.RaftServerConfigKeys (ConfUtils.java:logGet(44)) - raft.server.watch.timeout = 3000ms (custom)
2020-12-08 02:18:51,574 [4e005ff2-b0a1-49c5-ae0b-0004e66f3274@group-E9578CD0BABE-LeaderElection38] INFO  server.RaftServerConfigKeys (ConfUtils.java:logGet(44)) - raft.server.watch.timeout.denomination = 1s (default)
2020-12-08 02:18:51,574 [4e005ff2-b0a1-49c5-ae0b-0004e66f3274@group-E9578CD0BABE-LeaderElection38] INFO  server.RaftServerConfigKeys (ConfUtils.java:logGet(44)) - raft.server.watch.element-limit = 65536 (default)
2020-12-08 02:18:51,574 [4e005ff2-b0a1-49c5-ae0b-0004e66f3274@group-E9578CD0BABE-LeaderElection38] INFO  server.RaftServerConfigKeys (ConfUtils.java:logGet(44)) - raft.server.log.appender.snapshot.chunk.size.max = 16MB (=16777216) (default)
2020-12-08 02:18:51,575 [4e005ff2-b0a1-49c5-ae0b-0004e66f3274@group-E9578CD0BABE-LeaderElection38] INFO  server.RaftServerConfigKeys (ConfUtils.java:logGet(44)) - raft.server.log.appender.buffer.byte-limit = 33554432 (custom)
2020-12-08 02:18:51,575 [4e005ff2-b0a1-49c5-ae0b-0004e66f3274@group-E9578CD0BABE-LeaderElection38] INFO  server.RaftServerConfigKeys (ConfUtils.java:logGet(44)) - raft.server.log.appender.buffer.element-limit = 1 (custom)
2020-12-08 02:18:51,575 [4e005ff2-b0a1-49c5-ae0b-0004e66f3274@group-E9578CD0BABE-LeaderElection38] INFO  grpc.GrpcConfigKeys (ConfUtils.java:logGet(44)) - raft.grpc.server.leader.outstanding.appends.max = 128 (default)
2020-12-08 02:18:51,575 [4e005ff2-b0a1-49c5-ae0b-0004e66f3274@group-E9578CD0BABE-LeaderElection38] INFO  server.RaftServerConfigKeys (ConfUtils.java:logGet(44)) - raft.server.rpc.request.timeout = 3000ms (default)
2020-12-08 02:18:51,575 [4e005ff2-b0a1-49c5-ae0b-0004e66f3274@group-E9578CD0BABE-LeaderElection38] INFO  server.RaftServerConfigKeys (ConfUtils.java:logGet(44)) - raft.server.log.appender.install.snapshot.enabled = false (custom)
2020-12-08 02:18:51,575 [4e005ff2-b0a1-49c5-ae0b-0004e66f3274@group-E9578CD0BABE-LeaderElection38] INFO  metrics.RatisMetrics (RatisMetrics.java:lambda$create$0(36)) - Creating Metrics Registry : ratis_grpc.log_appender.4e005ff2-b0a1-49c5-ae0b-0004e66f3274@group-E9578CD0BABE
2020-12-08 02:18:51,576 [4e005ff2-b0a1-49c5-ae0b-0004e66f3274@group-E9578CD0BABE-LeaderElection38] INFO  server.RaftServerConfigKeys (ConfUtils.java:logGet(44)) - raft.server.log.appender.snapshot.chunk.size.max = 16MB (=16777216) (default)
2020-12-08 02:18:51,577 [4e005ff2-b0a1-49c5-ae0b-0004e66f3274@group-E9578CD0BABE-LeaderElection38] INFO  server.RaftServerConfigKeys (ConfUtils.java:logGet(44)) - raft.server.log.appender.buffer.byte-limit = 33554432 (custom)
2020-12-08 02:18:51,577 [4e005ff2-b0a1-49c5-ae0b-0004e66f3274@group-E9578CD0BABE-LeaderElection38] INFO  server.RaftServerConfigKeys (ConfUtils.java:logGet(44)) - raft.server.log.appender.buffer.element-limit = 1 (custom)
2020-12-08 02:18:51,579 [4e005ff2-b0a1-49c5-ae0b-0004e66f3274@group-E9578CD0BABE-LeaderElection38] INFO  grpc.GrpcConfigKeys (ConfUtils.java:logGet(44)) - raft.grpc.server.leader.outstanding.appends.max = 128 (default)
2020-12-08 02:18:51,587 [4e005ff2-b0a1-49c5-ae0b-0004e66f3274@group-E9578CD0BABE-LeaderElection38] INFO  server.RaftServerConfigKeys (ConfUtils.java:logGet(44)) - raft.server.rpc.request.timeout = 3000ms (default)
2020-12-08 02:18:51,579 [EventQueue-OpenPipelineForHealthyPipelineSafeModeRule] INFO  safemode.SCMSafeModeManager (HealthyPipelineSafeModeRule.java:process(128)) - SCM in safe mode. Healthy pipelines reported count is 1, required healthy pipeline reported count is 1
2020-12-08 02:18:51,588 [EventQueue-OpenPipelineForHealthyPipelineSafeModeRule] INFO  safemode.SCMSafeModeManager (SCMSafeModeManager.java:validateSafeModeExitRules(214)) - HealthyPipelineSafeModeRule rule is successfully validated
2020-12-08 02:18:51,588 [EventQueue-OpenPipelineForHealthyPipelineSafeModeRule] INFO  safemode.SCMSafeModeManager (SCMSafeModeManager.java:validateSafeModeExitRules(228)) - ScmSafeModeManager, all rules are successfully validated
2020-12-08 02:18:51,588 [EventQueue-OpenPipelineForHealthyPipelineSafeModeRule] INFO  safemode.SCMSafeModeManager (SCMSafeModeManager.java:exitSafeMode(257)) - SCM exiting safe mode.
2020-12-08 02:18:51,587 [4e005ff2-b0a1-49c5-ae0b-0004e66f3274@group-E9578CD0BABE-LeaderElection38] INFO  server.RaftServerConfigKeys (ConfUtils.java:logGet(44)) - raft.server.log.appender.install.snapshot.enabled = false (custom)
2020-12-08 02:18:51,590 [4e005ff2-b0a1-49c5-ae0b-0004e66f3274@group-E9578CD0BABE-LeaderElection38] INFO  impl.RoleInfo (RoleInfo.java:updateAndGet(143)) - 4e005ff2-b0a1-49c5-ae0b-0004e66f3274: start 4e005ff2-b0a1-49c5-ae0b-0004e66f3274@group-E9578CD0BABE-LeaderState
2020-12-08 02:18:51,590 [4e005ff2-b0a1-49c5-ae0b-0004e66f3274@group-E9578CD0BABE-LeaderElection38] INFO  segmented.SegmentedRaftLogWorker (SegmentedRaftLogWorker.java:startLogSegment(398)) - 4e005ff2-b0a1-49c5-ae0b-0004e66f3274@group-E9578CD0BABE-SegmentedRaftLogWorker: Starting segment from index:0
2020-12-08 02:18:51,592 [4e005ff2-b0a1-49c5-ae0b-0004e66f3274@group-E9578CD0BABE-LeaderElection38] INFO  impl.RaftServerImpl (ServerState.java:setRaftConf(374)) - 4e005ff2-b0a1-49c5-ae0b-0004e66f3274@group-E9578CD0BABE: set configuration 0: [4e005ff2-b0a1-49c5-ae0b-0004e66f3274|rpc:172.17.0.2:37623|dataStream:, 0e1de31d-e867-4945-8f7b-16c35f8e70a9|rpc:172.17.0.2:36897|dataStream:, dfa92053-6d36-469c-b0e7-d151100efb82|rpc:172.17.0.2:42811|dataStream:], old=null at 0
2020-12-08 02:18:51,592 [4e005ff2-b0a1-49c5-ae0b-0004e66f3274@group-E9578CD0BABE-SegmentedRaftLogWorker] INFO  segmented.SegmentedRaftLogWorker (SegmentedRaftLogWorker.java:execute(597)) - 4e005ff2-b0a1-49c5-ae0b-0004e66f3274@group-E9578CD0BABE-SegmentedRaftLogWorker: created new log segment /github/workspace/mnt/ozone/hadoop-ozone/integration-test/target/test-dir/MiniOzoneClusterImpl-c7e5300f-f3f2-48d9-ae25-3e63411fd680/datanode-1/data/ratis/30c5d1af-a688-44e8-a255-e9578cd0babe/current/log_inprogress_0
2020-12-08 02:18:51,599 [grpc-default-executor-4] INFO  ratis.XceiverServerRatis (XceiverServerRatis.java:handleLeaderChangedNotification(854)) - Leader change notification received for group: group-E9578CD0BABE with new leaderId: 4e005ff2-b0a1-49c5-ae0b-0004e66f3274
2020-12-08 02:18:51,600 [grpc-default-executor-4] INFO  impl.RaftServerImpl (ServerState.java:setLeader(256)) - 0e1de31d-e867-4945-8f7b-16c35f8e70a9@group-E9578CD0BABE: change Leader from null to 4e005ff2-b0a1-49c5-ae0b-0004e66f3274 at term 1 for appendEntries, leader elected after 5026ms
2020-12-08 02:18:51,602 [grpc-default-executor-4] INFO  impl.RaftServerImpl (ServerState.java:setRaftConf(374)) - 0e1de31d-e867-4945-8f7b-16c35f8e70a9@group-E9578CD0BABE: set configuration 0: [4e005ff2-b0a1-49c5-ae0b-0004e66f3274|rpc:172.17.0.2:37623|dataStream:, 0e1de31d-e867-4945-8f7b-16c35f8e70a9|rpc:172.17.0.2:36897|dataStream:, dfa92053-6d36-469c-b0e7-d151100efb82|rpc:172.17.0.2:42811|dataStream:], old=null at 0
2020-12-08 02:18:51,602 [grpc-default-executor-4] INFO  segmented.SegmentedRaftLogWorker (SegmentedRaftLogWorker.java:startLogSegment(398)) - 0e1de31d-e867-4945-8f7b-16c35f8e70a9@group-E9578CD0BABE-SegmentedRaftLogWorker: Starting segment from index:0
2020-12-08 02:18:51,604 [grpc-default-executor-1] INFO  ratis.XceiverServerRatis (XceiverServerRatis.java:handleLeaderChangedNotification(854)) - Leader change notification received for group: group-E9578CD0BABE with new leaderId: 4e005ff2-b0a1-49c5-ae0b-0004e66f3274
2020-12-08 02:18:51,604 [grpc-default-executor-1] INFO  impl.RaftServerImpl (ServerState.java:setLeader(256)) - dfa92053-6d36-469c-b0e7-d151100efb82@group-E9578CD0BABE: change Leader from null to 4e005ff2-b0a1-49c5-ae0b-0004e66f3274 at term 1 for appendEntries, leader elected after 5138ms
2020-12-08 02:18:51,609 [0e1de31d-e867-4945-8f7b-16c35f8e70a9@group-E9578CD0BABE-SegmentedRaftLogWorker] INFO  segmented.SegmentedRaftLogWorker (SegmentedRaftLogWorker.java:execute(597)) - 0e1de31d-e867-4945-8f7b-16c35f8e70a9@group-E9578CD0BABE-SegmentedRaftLogWorker: created new log segment /github/workspace/mnt/ozone/hadoop-ozone/integration-test/target/test-dir/MiniOzoneClusterImpl-c7e5300f-f3f2-48d9-ae25-3e63411fd680/datanode-2/data/ratis/30c5d1af-a688-44e8-a255-e9578cd0babe/current/log_inprogress_0
2020-12-08 02:18:51,616 [grpc-default-executor-1] INFO  impl.RaftServerImpl (ServerState.java:setRaftConf(374)) - dfa92053-6d36-469c-b0e7-d151100efb82@group-E9578CD0BABE: set configuration 0: [4e005ff2-b0a1-49c5-ae0b-0004e66f3274|rpc:172.17.0.2:37623|dataStream:, 0e1de31d-e867-4945-8f7b-16c35f8e70a9|rpc:172.17.0.2:36897|dataStream:, dfa92053-6d36-469c-b0e7-d151100efb82|rpc:172.17.0.2:42811|dataStream:], old=null at 0
2020-12-08 02:18:51,617 [grpc-default-executor-1] INFO  segmented.SegmentedRaftLogWorker (SegmentedRaftLogWorker.java:startLogSegment(398)) - dfa92053-6d36-469c-b0e7-d151100efb82@group-E9578CD0BABE-SegmentedRaftLogWorker: Starting segment from index:0
2020-12-08 02:18:51,620 [dfa92053-6d36-469c-b0e7-d151100efb82@group-E9578CD0BABE-SegmentedRaftLogWorker] INFO  segmented.SegmentedRaftLogWorker (SegmentedRaftLogWorker.java:execute(597)) - dfa92053-6d36-469c-b0e7-d151100efb82@group-E9578CD0BABE-SegmentedRaftLogWorker: created new log segment /github/workspace/mnt/ozone/hadoop-ozone/integration-test/target/test-dir/MiniOzoneClusterImpl-c7e5300f-f3f2-48d9-ae25-3e63411fd680/datanode-0/data/ratis/30c5d1af-a688-44e8-a255-e9578cd0babe/current/log_inprogress_0
2020-12-08 02:18:51,646 [Thread-1314] INFO  impl.FollowerState (FollowerState.java:run(128)) - dfa92053-6d36-469c-b0e7-d151100efb82@group-F109BA2FD34A-FollowerState: change to CANDIDATE, lastRpcTime:5191ms, electionTimeout:5190ms
2020-12-08 02:18:51,646 [Thread-1314] INFO  impl.RoleInfo (RoleInfo.java:shutdownFollowerState(121)) - dfa92053-6d36-469c-b0e7-d151100efb82: shutdown dfa92053-6d36-469c-b0e7-d151100efb82@group-F109BA2FD34A-FollowerState
2020-12-08 02:18:51,646 [Thread-1314] INFO  impl.RaftServerImpl (RaftServerImpl.java:setRole(204)) - dfa92053-6d36-469c-b0e7-d151100efb82@group-F109BA2FD34A: changes role from  FOLLOWER to CANDIDATE at term 0 for changeToCandidate
2020-12-08 02:18:51,646 [Thread-1314] INFO  impl.RoleInfo (RoleInfo.java:updateAndGet(143)) - dfa92053-6d36-469c-b0e7-d151100efb82: start dfa92053-6d36-469c-b0e7-d151100efb82@group-F109BA2FD34A-LeaderElection39
2020-12-08 02:18:51,652 [dfa92053-6d36-469c-b0e7-d151100efb82@group-F109BA2FD34A-LeaderElection39] INFO  impl.LeaderElection (LeaderElection.java:askForVotes(215)) - dfa92053-6d36-469c-b0e7-d151100efb82@group-F109BA2FD34A-LeaderElection39: begin an election at term 1 for -1: [dfa92053-6d36-469c-b0e7-d151100efb82|rpc:172.17.0.2:42811], old=null
2020-12-08 02:18:51,653 [dfa92053-6d36-469c-b0e7-d151100efb82@group-F109BA2FD34A-LeaderElection39] INFO  impl.RoleInfo (RoleInfo.java:shutdownLeaderElection(134)) - dfa92053-6d36-469c-b0e7-d151100efb82: shutdown dfa92053-6d36-469c-b0e7-d151100efb82@group-F109BA2FD34A-LeaderElection39
2020-12-08 02:18:51,653 [dfa92053-6d36-469c-b0e7-d151100efb82@group-F109BA2FD34A-LeaderElection39] INFO  impl.RaftServerImpl (RaftServerImpl.java:setRole(204)) - dfa92053-6d36-469c-b0e7-d151100efb82@group-F109BA2FD34A: changes role from CANDIDATE to LEADER at term 1 for changeToLeader
2020-12-08 02:18:51,653 [dfa92053-6d36-469c-b0e7-d151100efb82@group-F109BA2FD34A-LeaderElection39] INFO  ratis.XceiverServerRatis (XceiverServerRatis.java:handleLeaderChangedNotification(854)) - Leader change notification received for group: group-F109BA2FD34A with new leaderId: dfa92053-6d36-469c-b0e7-d151100efb82
2020-12-08 02:18:51,653 [dfa92053-6d36-469c-b0e7-d151100efb82@group-F109BA2FD34A-LeaderElection39] INFO  impl.RaftServerImpl (ServerState.java:setLeader(256)) - dfa92053-6d36-469c-b0e7-d151100efb82@group-F109BA2FD34A: change Leader from null to dfa92053-6d36-469c-b0e7-d151100efb82 at term 1 for becomeLeader, leader elected after 5208ms
2020-12-08 02:18:51,653 [dfa92053-6d36-469c-b0e7-d151100efb82@group-F109BA2FD34A-LeaderElection39] INFO  server.RaftServerConfigKeys (ConfUtils.java:logGet(44)) - raft.server.staging.catchup.gap = 1000 (default)
2020-12-08 02:18:51,654 [dfa92053-6d36-469c-b0e7-d151100efb82@group-F109BA2FD34A-LeaderElection39] INFO  server.RaftServerConfigKeys (ConfUtils.java:logGet(44)) - raft.server.rpc.sleep.time = 25ms (default)
2020-12-08 02:18:51,654 [dfa92053-6d36-469c-b0e7-d151100efb82@group-F109BA2FD34A-LeaderElection39] INFO  metrics.RatisMetrics (RatisMetrics.java:lambda$create$0(36)) - Creating Metrics Registry : ratis.log_appender.dfa92053-6d36-469c-b0e7-d151100efb82@group-F109BA2FD34A
2020-12-08 02:18:51,654 [dfa92053-6d36-469c-b0e7-d151100efb82@group-F109BA2FD34A-LeaderElection39] INFO  server.RaftServerConfigKeys (ConfUtils.java:logGet(44)) - raft.server.write.element-limit = 1024 (custom)
2020-12-08 02:18:51,655 [dfa92053-6d36-469c-b0e7-d151100efb82@group-F109BA2FD34A-LeaderElection39] INFO  server.RaftServerConfigKeys (ConfUtils.java:logGet(44)) - raft.server.write.byte-limit = 1073741824 (custom)
2020-12-08 02:18:51,655 [dfa92053-6d36-469c-b0e7-d151100efb82@group-F109BA2FD34A-LeaderElection39] INFO  server.RaftServerConfigKeys (ConfUtils.java:logGet(44)) - raft.server.watch.timeout = 3000ms (custom)
2020-12-08 02:18:51,655 [dfa92053-6d36-469c-b0e7-d151100efb82@group-F109BA2FD34A-LeaderElection39] INFO  server.RaftServerConfigKeys (ConfUtils.java:logGet(44)) - raft.server.watch.timeout.denomination = 1s (default)
2020-12-08 02:18:51,655 [dfa92053-6d36-469c-b0e7-d151100efb82@group-F109BA2FD34A-LeaderElection39] INFO  server.RaftServerConfigKeys (ConfUtils.java:logGet(44)) - raft.server.watch.element-limit = 65536 (default)
2020-12-08 02:18:51,655 [dfa92053-6d36-469c-b0e7-d151100efb82@group-F109BA2FD34A-LeaderElection39] INFO  impl.RoleInfo (RoleInfo.java:updateAndGet(143)) - dfa92053-6d36-469c-b0e7-d151100efb82: start dfa92053-6d36-469c-b0e7-d151100efb82@group-F109BA2FD34A-LeaderState
2020-12-08 02:18:51,656 [dfa92053-6d36-469c-b0e7-d151100efb82@group-F109BA2FD34A-LeaderElection39] INFO  segmented.SegmentedRaftLogWorker (SegmentedRaftLogWorker.java:startLogSegment(398)) - dfa92053-6d36-469c-b0e7-d151100efb82@group-F109BA2FD34A-SegmentedRaftLogWorker: Starting segment from index:0
2020-12-08 02:18:51,656 [dfa92053-6d36-469c-b0e7-d151100efb82@group-F109BA2FD34A-LeaderElection39] INFO  impl.RaftServerImpl (ServerState.java:setRaftConf(374)) - dfa92053-6d36-469c-b0e7-d151100efb82@group-F109BA2FD34A: set configuration 0: [dfa92053-6d36-469c-b0e7-d151100efb82|rpc:172.17.0.2:42811|dataStream:], old=null at 0
2020-12-08 02:18:51,657 [dfa92053-6d36-469c-b0e7-d151100efb82@group-F109BA2FD34A-SegmentedRaftLogWorker] INFO  segmented.SegmentedRaftLogWorker (SegmentedRaftLogWorker.java:execute(597)) - dfa92053-6d36-469c-b0e7-d151100efb82@group-F109BA2FD34A-SegmentedRaftLogWorker: created new log segment /github/workspace/mnt/ozone/hadoop-ozone/integration-test/target/test-dir/MiniOzoneClusterImpl-c7e5300f-f3f2-48d9-ae25-3e63411fd680/datanode-0/data/ratis/7e8222e2-90dd-4cb2-933c-f109ba2fd34a/current/log_inprogress_0
2020-12-08 02:18:51,803 [Thread-1324] INFO  impl.FollowerState (FollowerState.java:run(128)) - 4e005ff2-b0a1-49c5-ae0b-0004e66f3274@group-2E615D348FAA-FollowerState: change to CANDIDATE, lastRpcTime:5130ms, electionTimeout:5129ms
2020-12-08 02:18:51,803 [Thread-1324] INFO  impl.RoleInfo (RoleInfo.java:shutdownFollowerState(121)) - 4e005ff2-b0a1-49c5-ae0b-0004e66f3274: shutdown 4e005ff2-b0a1-49c5-ae0b-0004e66f3274@group-2E615D348FAA-FollowerState
2020-12-08 02:18:51,803 [Thread-1324] INFO  impl.RaftServerImpl (RaftServerImpl.java:setRole(204)) - 4e005ff2-b0a1-49c5-ae0b-0004e66f3274@group-2E615D348FAA: changes role from  FOLLOWER to CANDIDATE at term 0 for changeToCandidate
2020-12-08 02:18:51,803 [Thread-1324] INFO  impl.RoleInfo (RoleInfo.java:updateAndGet(143)) - 4e005ff2-b0a1-49c5-ae0b-0004e66f3274: start 4e005ff2-b0a1-49c5-ae0b-0004e66f3274@group-2E615D348FAA-LeaderElection40
2020-12-08 02:18:51,807 [4e005ff2-b0a1-49c5-ae0b-0004e66f3274@group-2E615D348FAA-LeaderElection40] INFO  impl.LeaderElection (LeaderElection.java:askForVotes(215)) - 4e005ff2-b0a1-49c5-ae0b-0004e66f3274@group-2E615D348FAA-LeaderElection40: begin an election at term 1 for -1: [4e005ff2-b0a1-49c5-ae0b-0004e66f3274|rpc:172.17.0.2:37623], old=null
2020-12-08 02:18:51,807 [4e005ff2-b0a1-49c5-ae0b-0004e66f3274@group-2E615D348FAA-LeaderElection40] INFO  impl.RoleInfo (RoleInfo.java:shutdownLeaderElection(134)) - 4e005ff2-b0a1-49c5-ae0b-0004e66f3274: shutdown 4e005ff2-b0a1-49c5-ae0b-0004e66f3274@group-2E615D348FAA-LeaderElection40
2020-12-08 02:18:51,807 [4e005ff2-b0a1-49c5-ae0b-0004e66f3274@group-2E615D348FAA-LeaderElection40] INFO  impl.RaftServerImpl (RaftServerImpl.java:setRole(204)) - 4e005ff2-b0a1-49c5-ae0b-0004e66f3274@group-2E615D348FAA: changes role from CANDIDATE to LEADER at term 1 for changeToLeader
2020-12-08 02:18:51,807 [4e005ff2-b0a1-49c5-ae0b-0004e66f3274@group-2E615D348FAA-LeaderElection40] INFO  ratis.XceiverServerRatis (XceiverServerRatis.java:handleLeaderChangedNotification(854)) - Leader change notification received for group: group-2E615D348FAA with new leaderId: 4e005ff2-b0a1-49c5-ae0b-0004e66f3274
2020-12-08 02:18:51,808 [4e005ff2-b0a1-49c5-ae0b-0004e66f3274@group-2E615D348FAA-LeaderElection40] INFO  impl.RaftServerImpl (ServerState.java:setLeader(256)) - 4e005ff2-b0a1-49c5-ae0b-0004e66f3274@group-2E615D348FAA: change Leader from null to 4e005ff2-b0a1-49c5-ae0b-0004e66f3274 at term 1 for becomeLeader, leader elected after 5145ms
2020-12-08 02:18:51,808 [4e005ff2-b0a1-49c5-ae0b-0004e66f3274@group-2E615D348FAA-LeaderElection40] INFO  server.RaftServerConfigKeys (ConfUtils.java:logGet(44)) - raft.server.staging.catchup.gap = 1000 (default)
2020-12-08 02:18:51,808 [4e005ff2-b0a1-49c5-ae0b-0004e66f3274@group-2E615D348FAA-LeaderElection40] INFO  server.RaftServerConfigKeys (ConfUtils.java:logGet(44)) - raft.server.rpc.sleep.time = 25ms (default)
2020-12-08 02:18:51,808 [4e005ff2-b0a1-49c5-ae0b-0004e66f3274@group-2E615D348FAA-LeaderElection40] INFO  metrics.RatisMetrics (RatisMetrics.java:lambda$create$0(36)) - Creating Metrics Registry : ratis.log_appender.4e005ff2-b0a1-49c5-ae0b-0004e66f3274@group-2E615D348FAA
2020-12-08 02:18:51,809 [4e005ff2-b0a1-49c5-ae0b-0004e66f3274@group-2E615D348FAA-LeaderElection40] INFO  server.RaftServerConfigKeys (ConfUtils.java:logGet(44)) - raft.server.write.element-limit = 1024 (custom)
2020-12-08 02:18:51,809 [4e005ff2-b0a1-49c5-ae0b-0004e66f3274@group-2E615D348FAA-LeaderElection40] INFO  server.RaftServerConfigKeys (ConfUtils.java:logGet(44)) - raft.server.write.byte-limit = 1073741824 (custom)
2020-12-08 02:18:51,810 [4e005ff2-b0a1-49c5-ae0b-0004e66f3274@group-2E615D348FAA-LeaderElection40] INFO  server.RaftServerConfigKeys (ConfUtils.java:logGet(44)) - raft.server.watch.timeout = 3000ms (custom)
2020-12-08 02:18:51,810 [4e005ff2-b0a1-49c5-ae0b-0004e66f3274@group-2E615D348FAA-LeaderElection40] INFO  server.RaftServerConfigKeys (ConfUtils.java:logGet(44)) - raft.server.watch.timeout.denomination = 1s (default)
2020-12-08 02:18:51,810 [4e005ff2-b0a1-49c5-ae0b-0004e66f3274@group-2E615D348FAA-LeaderElection40] INFO  server.RaftServerConfigKeys (ConfUtils.java:logGet(44)) - raft.server.watch.element-limit = 65536 (default)
2020-12-08 02:18:51,810 [4e005ff2-b0a1-49c5-ae0b-0004e66f3274@group-2E615D348FAA-LeaderElection40] INFO  impl.RoleInfo (RoleInfo.java:updateAndGet(143)) - 4e005ff2-b0a1-49c5-ae0b-0004e66f3274: start 4e005ff2-b0a1-49c5-ae0b-0004e66f3274@group-2E615D348FAA-LeaderState
2020-12-08 02:18:51,811 [4e005ff2-b0a1-49c5-ae0b-0004e66f3274@group-2E615D348FAA-LeaderElection40] INFO  segmented.SegmentedRaftLogWorker (SegmentedRaftLogWorker.java:startLogSegment(398)) - 4e005ff2-b0a1-49c5-ae0b-0004e66f3274@group-2E615D348FAA-SegmentedRaftLogWorker: Starting segment from index:0
2020-12-08 02:18:51,812 [4e005ff2-b0a1-49c5-ae0b-0004e66f3274@group-2E615D348FAA-SegmentedRaftLogWorker] INFO  segmented.SegmentedRaftLogWorker (SegmentedRaftLogWorker.java:execute(597)) - 4e005ff2-b0a1-49c5-ae0b-0004e66f3274@group-2E615D348FAA-SegmentedRaftLogWorker: created new log segment /github/workspace/mnt/ozone/hadoop-ozone/integration-test/target/test-dir/MiniOzoneClusterImpl-c7e5300f-f3f2-48d9-ae25-3e63411fd680/datanode-1/data/ratis/843bdb48-87af-4c6e-b8ba-2e615d348faa/current/log_inprogress_0
2020-12-08 02:18:51,814 [4e005ff2-b0a1-49c5-ae0b-0004e66f3274@group-2E615D348FAA-LeaderElection40] INFO  impl.RaftServerImpl (ServerState.java:setRaftConf(374)) - 4e005ff2-b0a1-49c5-ae0b-0004e66f3274@group-2E615D348FAA: set configuration 0: [4e005ff2-b0a1-49c5-ae0b-0004e66f3274|rpc:172.17.0.2:37623|dataStream:], old=null at 0
2020-12-08 02:18:51,931 [Thread-1326] INFO  impl.FollowerState (FollowerState.java:run(128)) - 0e1de31d-e867-4945-8f7b-16c35f8e70a9@group-2BF14C3D98DB-FollowerState: change to CANDIDATE, lastRpcTime:5033ms, electionTimeout:5032ms
2020-12-08 02:18:51,931 [Thread-1326] INFO  impl.RoleInfo (RoleInfo.java:shutdownFollowerState(121)) - 0e1de31d-e867-4945-8f7b-16c35f8e70a9: shutdown 0e1de31d-e867-4945-8f7b-16c35f8e70a9@group-2BF14C3D98DB-FollowerState
2020-12-08 02:18:51,932 [Thread-1326] INFO  impl.RaftServerImpl (RaftServerImpl.java:setRole(204)) - 0e1de31d-e867-4945-8f7b-16c35f8e70a9@group-2BF14C3D98DB: changes role from  FOLLOWER to CANDIDATE at term 0 for changeToCandidate
2020-12-08 02:18:51,932 [Thread-1326] INFO  impl.RoleInfo (RoleInfo.java:updateAndGet(143)) - 0e1de31d-e867-4945-8f7b-16c35f8e70a9: start 0e1de31d-e867-4945-8f7b-16c35f8e70a9@group-2BF14C3D98DB-LeaderElection41
2020-12-08 02:18:51,936 [0e1de31d-e867-4945-8f7b-16c35f8e70a9@group-2BF14C3D98DB-LeaderElection41] INFO  impl.LeaderElection (LeaderElection.java:askForVotes(215)) - 0e1de31d-e867-4945-8f7b-16c35f8e70a9@group-2BF14C3D98DB-LeaderElection41: begin an election at term 1 for -1: [0e1de31d-e867-4945-8f7b-16c35f8e70a9|rpc:172.17.0.2:36897], old=null
2020-12-08 02:18:51,936 [0e1de31d-e867-4945-8f7b-16c35f8e70a9@group-2BF14C3D98DB-LeaderElection41] INFO  impl.RoleInfo (RoleInfo.java:shutdownLeaderElection(134)) - 0e1de31d-e867-4945-8f7b-16c35f8e70a9: shutdown 0e1de31d-e867-4945-8f7b-16c35f8e70a9@group-2BF14C3D98DB-LeaderElection41
2020-12-08 02:18:51,936 [0e1de31d-e867-4945-8f7b-16c35f8e70a9@group-2BF14C3D98DB-LeaderElection41] INFO  impl.RaftServerImpl (RaftServerImpl.java:setRole(204)) - 0e1de31d-e867-4945-8f7b-16c35f8e70a9@group-2BF14C3D98DB: changes role from CANDIDATE to LEADER at term 1 for changeToLeader
2020-12-08 02:18:51,936 [0e1de31d-e867-4945-8f7b-16c35f8e70a9@group-2BF14C3D98DB-LeaderElection41] INFO  ratis.XceiverServerRatis (XceiverServerRatis.java:handleLeaderChangedNotification(854)) - Leader change notification received for group: group-2BF14C3D98DB with new leaderId: 0e1de31d-e867-4945-8f7b-16c35f8e70a9
2020-12-08 02:18:51,936 [0e1de31d-e867-4945-8f7b-16c35f8e70a9@group-2BF14C3D98DB-LeaderElection41] INFO  impl.RaftServerImpl (ServerState.java:setLeader(256)) - 0e1de31d-e867-4945-8f7b-16c35f8e70a9@group-2BF14C3D98DB: change Leader from null to 0e1de31d-e867-4945-8f7b-16c35f8e70a9 at term 1 for becomeLeader, leader elected after 5053ms
2020-12-08 02:18:51,937 [0e1de31d-e867-4945-8f7b-16c35f8e70a9@group-2BF14C3D98DB-LeaderElection41] INFO  server.RaftServerConfigKeys (ConfUtils.java:logGet(44)) - raft.server.staging.catchup.gap = 1000 (default)
2020-12-08 02:18:51,937 [0e1de31d-e867-4945-8f7b-16c35f8e70a9@group-2BF14C3D98DB-LeaderElection41] INFO  server.RaftServerConfigKeys (ConfUtils.java:logGet(44)) - raft.server.rpc.sleep.time = 25ms (default)
2020-12-08 02:18:51,937 [0e1de31d-e867-4945-8f7b-16c35f8e70a9@group-2BF14C3D98DB-LeaderElection41] INFO  metrics.RatisMetrics (RatisMetrics.java:lambda$create$0(36)) - Creating Metrics Registry : ratis.log_appender.0e1de31d-e867-4945-8f7b-16c35f8e70a9@group-2BF14C3D98DB
2020-12-08 02:18:51,939 [0e1de31d-e867-4945-8f7b-16c35f8e70a9@group-2BF14C3D98DB-LeaderElection41] INFO  server.RaftServerConfigKeys (ConfUtils.java:logGet(44)) - raft.server.write.element-limit = 1024 (custom)
2020-12-08 02:18:51,939 [0e1de31d-e867-4945-8f7b-16c35f8e70a9@group-2BF14C3D98DB-LeaderElection41] INFO  server.RaftServerConfigKeys (ConfUtils.java:logGet(44)) - raft.server.write.byte-limit = 1073741824 (custom)
2020-12-08 02:18:51,939 [0e1de31d-e867-4945-8f7b-16c35f8e70a9@group-2BF14C3D98DB-LeaderElection41] INFO  server.RaftServerConfigKeys (ConfUtils.java:logGet(44)) - raft.server.watch.timeout = 3000ms (custom)
2020-12-08 02:18:51,939 [0e1de31d-e867-4945-8f7b-16c35f8e70a9@group-2BF14C3D98DB-LeaderElection41] INFO  server.RaftServerConfigKeys (ConfUtils.java:logGet(44)) - raft.server.watch.timeout.denomination = 1s (default)
2020-12-08 02:18:51,939 [0e1de31d-e867-4945-8f7b-16c35f8e70a9@group-2BF14C3D98DB-LeaderElection41] INFO  server.RaftServerConfigKeys (ConfUtils.java:logGet(44)) - raft.server.watch.element-limit = 65536 (default)
2020-12-08 02:18:51,939 [0e1de31d-e867-4945-8f7b-16c35f8e70a9@group-2BF14C3D98DB-LeaderElection41] INFO  impl.RoleInfo (RoleInfo.java:updateAndGet(143)) - 0e1de31d-e867-4945-8f7b-16c35f8e70a9: start 0e1de31d-e867-4945-8f7b-16c35f8e70a9@group-2BF14C3D98DB-LeaderState
2020-12-08 02:18:51,940 [0e1de31d-e867-4945-8f7b-16c35f8e70a9@group-2BF14C3D98DB-LeaderElection41] INFO  segmented.SegmentedRaftLogWorker (SegmentedRaftLogWorker.java:startLogSegment(398)) - 0e1de31d-e867-4945-8f7b-16c35f8e70a9@group-2BF14C3D98DB-SegmentedRaftLogWorker: Starting segment from index:0
2020-12-08 02:18:51,941 [0e1de31d-e867-4945-8f7b-16c35f8e70a9@group-2BF14C3D98DB-LeaderElection41] INFO  impl.RaftServerImpl (ServerState.java:setRaftConf(374)) - 0e1de31d-e867-4945-8f7b-16c35f8e70a9@group-2BF14C3D98DB: set configuration 0: [0e1de31d-e867-4945-8f7b-16c35f8e70a9|rpc:172.17.0.2:36897|dataStream:], old=null at 0
2020-12-08 02:18:51,942 [0e1de31d-e867-4945-8f7b-16c35f8e70a9@group-2BF14C3D98DB-SegmentedRaftLogWorker] INFO  segmented.SegmentedRaftLogWorker (SegmentedRaftLogWorker.java:execute(597)) - 0e1de31d-e867-4945-8f7b-16c35f8e70a9@group-2BF14C3D98DB-SegmentedRaftLogWorker: created new log segment /github/workspace/mnt/ozone/hadoop-ozone/integration-test/target/test-dir/MiniOzoneClusterImpl-c7e5300f-f3f2-48d9-ae25-3e63411fd680/datanode-2/data/ratis/3272823c-2aab-4f9b-b8e8-2bf14c3d98db/current/log_inprogress_0
2020-12-08 02:18:52,123 [Listener at 127.0.0.1/40701] INFO  ozone.MiniOzoneClusterImpl (MiniOzoneClusterImpl.java:lambda$waitForClusterToBeReady$0(178)) - Nodes are ready. Got 9 of 9 DN Heartbeats.
2020-12-08 02:18:52,124 [Listener at 127.0.0.1/40701] INFO  ozone.MiniOzoneClusterImpl (MiniOzoneClusterImpl.java:lambda$waitForClusterToBeReady$0(181)) - Cluster exits safe mode
2020-12-08 02:18:52,124 [Thread-1328] INFO  impl.FollowerState (FollowerState.java:run(128)) - 8a6e4045-11b4-4c02-b30b-59b4d0471a8a@group-602BDEF1A831-FollowerState: change to CANDIDATE, lastRpcTime:5026ms, electionTimeout:5026ms
2020-12-08 02:18:52,124 [Thread-1328] INFO  impl.RoleInfo (RoleInfo.java:shutdownFollowerState(121)) - 8a6e4045-11b4-4c02-b30b-59b4d0471a8a: shutdown 8a6e4045-11b4-4c02-b30b-59b4d0471a8a@group-602BDEF1A831-FollowerState
2020-12-08 02:18:52,124 [Thread-1328] INFO  impl.RaftServerImpl (RaftServerImpl.java:setRole(204)) - 8a6e4045-11b4-4c02-b30b-59b4d0471a8a@group-602BDEF1A831: changes role from  FOLLOWER to CANDIDATE at term 0 for changeToCandidate
2020-12-08 02:18:52,125 [Thread-1328] INFO  impl.RoleInfo (RoleInfo.java:updateAndGet(143)) - 8a6e4045-11b4-4c02-b30b-59b4d0471a8a: start 8a6e4045-11b4-4c02-b30b-59b4d0471a8a@group-602BDEF1A831-LeaderElection42
2020-12-08 02:18:52,132 [org.apache.ratis.server.JvmPauseMonitor@5a8aeb4-Monitor] WARN  server.JvmPauseMonitor (JvmPauseMonitor.java:run(141)) - Detected pause in JVM or host machine (eg GC): pause of approximately 1ms
No GCs detected
2020-12-08 02:18:52,135 [8a6e4045-11b4-4c02-b30b-59b4d0471a8a@group-602BDEF1A831-LeaderElection42] INFO  impl.LeaderElection (LeaderElection.java:askForVotes(215)) - 8a6e4045-11b4-4c02-b30b-59b4d0471a8a@group-602BDEF1A831-LeaderElection42: begin an election at term 1 for -1: [8a6e4045-11b4-4c02-b30b-59b4d0471a8a|rpc:172.17.0.2:41653], old=null
2020-12-08 02:18:52,135 [8a6e4045-11b4-4c02-b30b-59b4d0471a8a@group-602BDEF1A831-LeaderElection42] INFO  impl.RoleInfo (RoleInfo.java:shutdownLeaderElection(134)) - 8a6e4045-11b4-4c02-b30b-59b4d0471a8a: shutdown 8a6e4045-11b4-4c02-b30b-59b4d0471a8a@group-602BDEF1A831-LeaderElection42
2020-12-08 02:18:52,135 [8a6e4045-11b4-4c02-b30b-59b4d0471a8a@group-602BDEF1A831-LeaderElection42] INFO  impl.RaftServerImpl (RaftServerImpl.java:setRole(204)) - 8a6e4045-11b4-4c02-b30b-59b4d0471a8a@group-602BDEF1A831: changes role from CANDIDATE to LEADER at term 1 for changeToLeader
2020-12-08 02:18:52,135 [8a6e4045-11b4-4c02-b30b-59b4d0471a8a@group-602BDEF1A831-LeaderElection42] INFO  ratis.XceiverServerRatis (XceiverServerRatis.java:handleLeaderChangedNotification(854)) - Leader change notification received for group: group-602BDEF1A831 with new leaderId: 8a6e4045-11b4-4c02-b30b-59b4d0471a8a
2020-12-08 02:18:52,135 [8a6e4045-11b4-4c02-b30b-59b4d0471a8a@group-602BDEF1A831-LeaderElection42] INFO  impl.RaftServerImpl (ServerState.java:setLeader(256)) - 8a6e4045-11b4-4c02-b30b-59b4d0471a8a@group-602BDEF1A831: change Leader from null to 8a6e4045-11b4-4c02-b30b-59b4d0471a8a at term 1 for becomeLeader, leader elected after 5048ms
2020-12-08 02:18:52,135 [8a6e4045-11b4-4c02-b30b-59b4d0471a8a@group-602BDEF1A831-LeaderElection42] INFO  server.RaftServerConfigKeys (ConfUtils.java:logGet(44)) - raft.server.staging.catchup.gap = 1000 (default)
2020-12-08 02:18:52,136 [8a6e4045-11b4-4c02-b30b-59b4d0471a8a@group-602BDEF1A831-LeaderElection42] INFO  server.RaftServerConfigKeys (ConfUtils.java:logGet(44)) - raft.server.rpc.sleep.time = 25ms (default)
2020-12-08 02:18:52,136 [8a6e4045-11b4-4c02-b30b-59b4d0471a8a@group-602BDEF1A831-LeaderElection42] INFO  metrics.RatisMetrics (RatisMetrics.java:lambda$create$0(36)) - Creating Metrics Registry : ratis.log_appender.8a6e4045-11b4-4c02-b30b-59b4d0471a8a@group-602BDEF1A831
2020-12-08 02:18:52,137 [8a6e4045-11b4-4c02-b30b-59b4d0471a8a@group-602BDEF1A831-LeaderElection42] INFO  server.RaftServerConfigKeys (ConfUtils.java:logGet(44)) - raft.server.write.element-limit = 1024 (custom)
2020-12-08 02:18:52,137 [8a6e4045-11b4-4c02-b30b-59b4d0471a8a@group-602BDEF1A831-LeaderElection42] INFO  server.RaftServerConfigKeys (ConfUtils.java:logGet(44)) - raft.server.write.byte-limit = 1073741824 (custom)
2020-12-08 02:18:52,138 [8a6e4045-11b4-4c02-b30b-59b4d0471a8a@group-602BDEF1A831-LeaderElection42] INFO  server.RaftServerConfigKeys (ConfUtils.java:logGet(44)) - raft.server.watch.timeout = 3000ms (custom)
2020-12-08 02:18:52,138 [8a6e4045-11b4-4c02-b30b-59b4d0471a8a@group-602BDEF1A831-LeaderElection42] INFO  server.RaftServerConfigKeys (ConfUtils.java:logGet(44)) - raft.server.watch.timeout.denomination = 1s (default)
2020-12-08 02:18:52,138 [8a6e4045-11b4-4c02-b30b-59b4d0471a8a@group-602BDEF1A831-LeaderElection42] INFO  server.RaftServerConfigKeys (ConfUtils.java:logGet(44)) - raft.server.watch.element-limit = 65536 (default)
2020-12-08 02:18:52,138 [8a6e4045-11b4-4c02-b30b-59b4d0471a8a@group-602BDEF1A831-LeaderElection42] INFO  impl.RoleInfo (RoleInfo.java:updateAndGet(143)) - 8a6e4045-11b4-4c02-b30b-59b4d0471a8a: start 8a6e4045-11b4-4c02-b30b-59b4d0471a8a@group-602BDEF1A831-LeaderState
2020-12-08 02:18:52,138 [8a6e4045-11b4-4c02-b30b-59b4d0471a8a@group-602BDEF1A831-LeaderElection42] INFO  segmented.SegmentedRaftLogWorker (SegmentedRaftLogWorker.java:startLogSegment(398)) - 8a6e4045-11b4-4c02-b30b-59b4d0471a8a@group-602BDEF1A831-SegmentedRaftLogWorker: Starting segment from index:0
2020-12-08 02:18:52,140 [Listener at 127.0.0.1/40701] INFO  rpc.RpcClient (RpcClient.java:createVolume(272)) - Creating Volume: watchforcommithandlingtest, with jenkins1001 as owner.
2020-12-08 02:18:52,140 [8a6e4045-11b4-4c02-b30b-59b4d0471a8a@group-602BDEF1A831-SegmentedRaftLogWorker] INFO  segmented.SegmentedRaftLogWorker (SegmentedRaftLogWorker.java:execute(597)) - 8a6e4045-11b4-4c02-b30b-59b4d0471a8a@group-602BDEF1A831-SegmentedRaftLogWorker: created new log segment /github/workspace/mnt/ozone/hadoop-ozone/integration-test/target/test-dir/MiniOzoneClusterImpl-c7e5300f-f3f2-48d9-ae25-3e63411fd680/datanode-3/data/ratis/612e32f5-aa10-482a-ad6d-602bdef1a831/current/log_inprogress_0
2020-12-08 02:18:52,145 [IPC Server handler 1 on default port 40701] INFO  volume.OMVolumeCreateRequest (OMVolumeCreateRequest.java:validateAndUpdateCache(196)) - created volume:watchforcommithandlingtest for user:jenkins1001
2020-12-08 02:18:52,150 [8a6e4045-11b4-4c02-b30b-59b4d0471a8a@group-602BDEF1A831-LeaderElection42] INFO  impl.RaftServerImpl (ServerState.java:setRaftConf(374)) - 8a6e4045-11b4-4c02-b30b-59b4d0471a8a@group-602BDEF1A831: set configuration 0: [8a6e4045-11b4-4c02-b30b-59b4d0471a8a|rpc:172.17.0.2:41653|dataStream:], old=null at 0
2020-12-08 02:18:52,153 [Listener at 127.0.0.1/40701] INFO  rpc.RpcClient (RpcClient.java:createBucket(425)) - Creating Bucket: watchforcommithandlingtest/watchforcommithandlingtest, with Versioning false and Storage Type set to DISK and Encryption set to false 
2020-12-08 02:18:52,158 [Listener at 127.0.0.1/40701] INFO  ozone.MiniOzoneClusterImpl (MiniOzoneClusterImpl.java:getStorageContainerLocationClient(290)) - Creating StorageContainerLocationProtocol RPC client with address /0.0.0.0:46649
2020-12-08 02:18:52,167 [Thread-1330] INFO  impl.FollowerState (FollowerState.java:run(128)) - 8a6e4045-11b4-4c02-b30b-59b4d0471a8a@group-C451E46A2CA6-FollowerState: change to CANDIDATE, lastRpcTime:5054ms, electionTimeout:5053ms
2020-12-08 02:18:52,168 [Thread-1330] INFO  impl.RoleInfo (RoleInfo.java:shutdownFollowerState(121)) - 8a6e4045-11b4-4c02-b30b-59b4d0471a8a: shutdown 8a6e4045-11b4-4c02-b30b-59b4d0471a8a@group-C451E46A2CA6-FollowerState
2020-12-08 02:18:52,168 [Thread-1330] INFO  impl.RaftServerImpl (RaftServerImpl.java:setRole(204)) - 8a6e4045-11b4-4c02-b30b-59b4d0471a8a@group-C451E46A2CA6: changes role from  FOLLOWER to CANDIDATE at term 0 for changeToCandidate
2020-12-08 02:18:52,168 [Thread-1330] INFO  impl.RoleInfo (RoleInfo.java:updateAndGet(143)) - 8a6e4045-11b4-4c02-b30b-59b4d0471a8a: start 8a6e4045-11b4-4c02-b30b-59b4d0471a8a@group-C451E46A2CA6-LeaderElection43
2020-12-08 02:18:52,177 [Listener at 127.0.0.1/40701] INFO  metrics.RatisMetrics (RatisMetrics.java:lambda$create$0(36)) - Creating Metrics Registry : ratis.client_message_metrics.client-248D91696340->4e005ff2-b0a1-49c5-ae0b-0004e66f3274
2020-12-08 02:18:52,178 [8a6e4045-11b4-4c02-b30b-59b4d0471a8a@group-C451E46A2CA6-LeaderElection43] INFO  impl.LeaderElection (LeaderElection.java:askForVotes(215)) - 8a6e4045-11b4-4c02-b30b-59b4d0471a8a@group-C451E46A2CA6-LeaderElection43: begin an election at term 1 for -1: [e6ce4bfb-70cc-4dab-829a-840fddc24c05|rpc:172.17.0.2:45869, bef787c3-a919-4f9b-887c-fdb68b2678bc|rpc:172.17.0.2:36967, 8a6e4045-11b4-4c02-b30b-59b4d0471a8a|rpc:172.17.0.2:41653], old=null
2020-12-08 02:18:52,240 [Thread-1332] INFO  impl.FollowerState (FollowerState.java:run(128)) - e6ce4bfb-70cc-4dab-829a-840fddc24c05@group-C451E46A2CA6-FollowerState: change to CANDIDATE, lastRpcTime:5097ms, electionTimeout:5078ms
2020-12-08 02:18:52,240 [Thread-1332] INFO  impl.RoleInfo (RoleInfo.java:shutdownFollowerState(121)) - e6ce4bfb-70cc-4dab-829a-840fddc24c05: shutdown e6ce4bfb-70cc-4dab-829a-840fddc24c05@group-C451E46A2CA6-FollowerState
2020-12-08 02:18:52,240 [Thread-1332] INFO  impl.RaftServerImpl (RaftServerImpl.java:setRole(204)) - e6ce4bfb-70cc-4dab-829a-840fddc24c05@group-C451E46A2CA6: changes role from  FOLLOWER to CANDIDATE at term 0 for changeToCandidate
2020-12-08 02:18:52,240 [Thread-1332] INFO  impl.RoleInfo (RoleInfo.java:updateAndGet(143)) - e6ce4bfb-70cc-4dab-829a-840fddc24c05: start e6ce4bfb-70cc-4dab-829a-840fddc24c05@group-C451E46A2CA6-LeaderElection44
2020-12-08 02:18:52,250 [org.apache.ratis.server.JvmPauseMonitor@5c5347f6-Monitor] WARN  server.JvmPauseMonitor (JvmPauseMonitor.java:run(141)) - Detected pause in JVM or host machine (eg GC): pause of approximately 36ms
GC pool 'PS Scavenge' had collection(s): count=1 time=59ms
2020-12-08 02:18:52,258 [Thread-1335] INFO  impl.FollowerState (FollowerState.java:run(128)) - bef787c3-a919-4f9b-887c-fdb68b2678bc@group-C451E46A2CA6-FollowerState: change to CANDIDATE, lastRpcTime:5075ms, electionTimeout:5071ms
2020-12-08 02:18:52,258 [Thread-1335] INFO  impl.RoleInfo (RoleInfo.java:shutdownFollowerState(121)) - bef787c3-a919-4f9b-887c-fdb68b2678bc: shutdown bef787c3-a919-4f9b-887c-fdb68b2678bc@group-C451E46A2CA6-FollowerState
2020-12-08 02:18:52,258 [Thread-1335] INFO  impl.RaftServerImpl (RaftServerImpl.java:setRole(204)) - bef787c3-a919-4f9b-887c-fdb68b2678bc@group-C451E46A2CA6: changes role from  FOLLOWER to CANDIDATE at term 0 for changeToCandidate
2020-12-08 02:18:52,258 [Thread-1335] INFO  impl.RoleInfo (RoleInfo.java:updateAndGet(143)) - bef787c3-a919-4f9b-887c-fdb68b2678bc: start bef787c3-a919-4f9b-887c-fdb68b2678bc@group-C451E46A2CA6-LeaderElection45
2020-12-08 02:18:52,281 [e6ce4bfb-70cc-4dab-829a-840fddc24c05@group-C451E46A2CA6-LeaderElection44] INFO  impl.LeaderElection (LeaderElection.java:askForVotes(215)) - e6ce4bfb-70cc-4dab-829a-840fddc24c05@group-C451E46A2CA6-LeaderElection44: begin an election at term 1 for -1: [e6ce4bfb-70cc-4dab-829a-840fddc24c05|rpc:172.17.0.2:45869|dataStream:, bef787c3-a919-4f9b-887c-fdb68b2678bc|rpc:172.17.0.2:36967|dataStream:, 8a6e4045-11b4-4c02-b30b-59b4d0471a8a|rpc:172.17.0.2:41653|dataStream:], old=null
2020-12-08 02:18:52,291 [grpc-default-executor-4] INFO  impl.RaftServerImpl (RaftServerImpl.java:setRole(204)) - bef787c3-a919-4f9b-887c-fdb68b2678bc@group-C451E46A2CA6: changes role from CANDIDATE to FOLLOWER at term 1 for recognizeCandidate:8a6e4045-11b4-4c02-b30b-59b4d0471a8a
2020-12-08 02:18:52,291 [grpc-default-executor-4] INFO  impl.RoleInfo (RoleInfo.java:shutdownLeaderElection(134)) - bef787c3-a919-4f9b-887c-fdb68b2678bc: shutdown bef787c3-a919-4f9b-887c-fdb68b2678bc@group-C451E46A2CA6-LeaderElection45
2020-12-08 02:18:52,291 [grpc-default-executor-4] INFO  impl.RoleInfo (RoleInfo.java:updateAndGet(143)) - bef787c3-a919-4f9b-887c-fdb68b2678bc: start bef787c3-a919-4f9b-887c-fdb68b2678bc@group-C451E46A2CA6-FollowerState
2020-12-08 02:18:52,310 [grpc-default-executor-4] INFO  metrics.RatisMetrics (RatisMetrics.java:lambda$create$0(36)) - Creating Metrics Registry : ratis.server_message_metrics.8a6e4045-11b4-4c02-b30b-59b4d0471a8a
2020-12-08 02:18:52,325 [8a6e4045-11b4-4c02-b30b-59b4d0471a8a@group-C451E46A2CA6-LeaderElection43] INFO  impl.LeaderElection (LeaderElection.java:logAndReturn(65)) - 8a6e4045-11b4-4c02-b30b-59b4d0471a8a@group-C451E46A2CA6-LeaderElection43: Election REJECTED; received 2 response(s) [8a6e4045-11b4-4c02-b30b-59b4d0471a8a<-e6ce4bfb-70cc-4dab-829a-840fddc24c05#0:FAIL-t1, 8a6e4045-11b4-4c02-b30b-59b4d0471a8a<-bef787c3-a919-4f9b-887c-fdb68b2678bc#0:FAIL-t1] and 0 exception(s); 8a6e4045-11b4-4c02-b30b-59b4d0471a8a@group-C451E46A2CA6:t1, leader=null, voted=8a6e4045-11b4-4c02-b30b-59b4d0471a8a, raftlog=8a6e4045-11b4-4c02-b30b-59b4d0471a8a@group-C451E46A2CA6-SegmentedRaftLog:OPENED:c-1,f-1,i0, conf=-1: [e6ce4bfb-70cc-4dab-829a-840fddc24c05|rpc:172.17.0.2:45869, bef787c3-a919-4f9b-887c-fdb68b2678bc|rpc:172.17.0.2:36967, 8a6e4045-11b4-4c02-b30b-59b4d0471a8a|rpc:172.17.0.2:41653], old=null
2020-12-08 02:18:52,326 [8a6e4045-11b4-4c02-b30b-59b4d0471a8a@group-C451E46A2CA6-LeaderElection43] INFO  impl.RaftServerImpl (RaftServerImpl.java:setRole(204)) - 8a6e4045-11b4-4c02-b30b-59b4d0471a8a@group-C451E46A2CA6: changes role from CANDIDATE to FOLLOWER at term 1 for DISCOVERED_A_NEW_TERM
2020-12-08 02:18:52,326 [8a6e4045-11b4-4c02-b30b-59b4d0471a8a@group-C451E46A2CA6-LeaderElection43] INFO  impl.RoleInfo (RoleInfo.java:shutdownLeaderElection(134)) - 8a6e4045-11b4-4c02-b30b-59b4d0471a8a: shutdown 8a6e4045-11b4-4c02-b30b-59b4d0471a8a@group-C451E46A2CA6-LeaderElection43
2020-12-08 02:18:52,326 [grpc-default-executor-2] INFO  impl.RaftServerImpl (RaftServerImpl.java:setRole(204)) - bef787c3-a919-4f9b-887c-fdb68b2678bc@group-C451E46A2CA6: changes role from  FOLLOWER to FOLLOWER at term 1 for recognizeCandidate:e6ce4bfb-70cc-4dab-829a-840fddc24c05
2020-12-08 02:18:52,327 [grpc-default-executor-2] INFO  impl.RoleInfo (RoleInfo.java:shutdownFollowerState(121)) - bef787c3-a919-4f9b-887c-fdb68b2678bc: shutdown bef787c3-a919-4f9b-887c-fdb68b2678bc@group-C451E46A2CA6-FollowerState
2020-12-08 02:18:52,326 [8a6e4045-11b4-4c02-b30b-59b4d0471a8a@group-C451E46A2CA6-LeaderElection43] INFO  impl.RoleInfo (RoleInfo.java:updateAndGet(143)) - 8a6e4045-11b4-4c02-b30b-59b4d0471a8a: start 8a6e4045-11b4-4c02-b30b-59b4d0471a8a@group-C451E46A2CA6-FollowerState
2020-12-08 02:18:52,327 [grpc-default-executor-2] INFO  impl.RoleInfo (RoleInfo.java:updateAndGet(143)) - bef787c3-a919-4f9b-887c-fdb68b2678bc: start bef787c3-a919-4f9b-887c-fdb68b2678bc@group-C451E46A2CA6-FollowerState
2020-12-08 02:18:52,327 [Thread-1389] INFO  impl.FollowerState (FollowerState.java:run(137)) - bef787c3-a919-4f9b-887c-fdb68b2678bc@group-C451E46A2CA6-FollowerState was interrupted: {}
java.lang.InterruptedException: sleep interrupted
	at java.lang.Thread.sleep(Native Method)
	at org.apache.ratis.util.JavaUtils.sleep(JavaUtils.java:250)
	at org.apache.ratis.server.impl.FollowerState.run(FollowerState.java:116)
2020-12-08 02:18:52,330 [grpc-default-executor-2] INFO  impl.RaftServerImpl (RaftServerImpl.java:requestVote(963)) -  FOLLOWER bef787c3-a919-4f9b-887c-fdb68b2678bc@group-C451E46A2CA6:t1, leader=null, voted=null, raftlog=bef787c3-a919-4f9b-887c-fdb68b2678bc@group-C451E46A2CA6-SegmentedRaftLog:OPENED:c-1,f-1,i0, conf=-1: [e6ce4bfb-70cc-4dab-829a-840fddc24c05|rpc:172.17.0.2:45869|dataStream:, bef787c3-a919-4f9b-887c-fdb68b2678bc|rpc:172.17.0.2:36967|dataStream:, 8a6e4045-11b4-4c02-b30b-59b4d0471a8a|rpc:172.17.0.2:41653|dataStream:], old=null RUNNING priority:0 candidate:e6ce4bfb-70cc-4dab-829a-840fddc24c05|rpc:172.17.0.2:45869|dataStream: candidatePriority:0 compare:0
2020-12-08 02:18:52,339 [e6ce4bfb-70cc-4dab-829a-840fddc24c05@group-C451E46A2CA6-LeaderElection44] INFO  impl.LeaderElection (LeaderElection.java:logAndReturn(65)) - e6ce4bfb-70cc-4dab-829a-840fddc24c05@group-C451E46A2CA6-LeaderElection44: Election PASSED; received 2 response(s) [e6ce4bfb-70cc-4dab-829a-840fddc24c05<-8a6e4045-11b4-4c02-b30b-59b4d0471a8a#0:FAIL-t1, e6ce4bfb-70cc-4dab-829a-840fddc24c05<-bef787c3-a919-4f9b-887c-fdb68b2678bc#0:OK-t1] and 0 exception(s); e6ce4bfb-70cc-4dab-829a-840fddc24c05@group-C451E46A2CA6:t1, leader=null, voted=e6ce4bfb-70cc-4dab-829a-840fddc24c05, raftlog=e6ce4bfb-70cc-4dab-829a-840fddc24c05@group-C451E46A2CA6-SegmentedRaftLog:OPENED:c-1,f-1,i0, conf=-1: [e6ce4bfb-70cc-4dab-829a-840fddc24c05|rpc:172.17.0.2:45869|dataStream:, bef787c3-a919-4f9b-887c-fdb68b2678bc|rpc:172.17.0.2:36967|dataStream:, 8a6e4045-11b4-4c02-b30b-59b4d0471a8a|rpc:172.17.0.2:41653|dataStream:], old=null
2020-12-08 02:18:52,339 [e6ce4bfb-70cc-4dab-829a-840fddc24c05@group-C451E46A2CA6-LeaderElection44] INFO  impl.RoleInfo (RoleInfo.java:shutdownLeaderElection(134)) - e6ce4bfb-70cc-4dab-829a-840fddc24c05: shutdown e6ce4bfb-70cc-4dab-829a-840fddc24c05@group-C451E46A2CA6-LeaderElection44
2020-12-08 02:18:52,339 [e6ce4bfb-70cc-4dab-829a-840fddc24c05@group-C451E46A2CA6-LeaderElection44] INFO  impl.RaftServerImpl (RaftServerImpl.java:setRole(204)) - e6ce4bfb-70cc-4dab-829a-840fddc24c05@group-C451E46A2CA6: changes role from CANDIDATE to LEADER at term 1 for changeToLeader
2020-12-08 02:18:52,339 [e6ce4bfb-70cc-4dab-829a-840fddc24c05@group-C451E46A2CA6-LeaderElection44] INFO  ratis.XceiverServerRatis (XceiverServerRatis.java:handleLeaderChangedNotification(854)) - Leader change notification received for group: group-C451E46A2CA6 with new leaderId: e6ce4bfb-70cc-4dab-829a-840fddc24c05
2020-12-08 02:18:52,347 [e6ce4bfb-70cc-4dab-829a-840fddc24c05@group-C451E46A2CA6-LeaderElection44] INFO  impl.RaftServerImpl (ServerState.java:setLeader(256)) - e6ce4bfb-70cc-4dab-829a-840fddc24c05@group-C451E46A2CA6: change Leader from null to e6ce4bfb-70cc-4dab-829a-840fddc24c05 at term 1 for becomeLeader, leader elected after 5205ms
2020-12-08 02:18:52,347 [e6ce4bfb-70cc-4dab-829a-840fddc24c05@group-C451E46A2CA6-LeaderElection44] INFO  server.RaftServerConfigKeys (ConfUtils.java:logGet(44)) - raft.server.staging.catchup.gap = 1000 (default)
2020-12-08 02:18:52,347 [e6ce4bfb-70cc-4dab-829a-840fddc24c05@group-C451E46A2CA6-LeaderElection44] INFO  server.RaftServerConfigKeys (ConfUtils.java:logGet(44)) - raft.server.rpc.sleep.time = 25ms (default)
2020-12-08 02:18:52,347 [e6ce4bfb-70cc-4dab-829a-840fddc24c05@group-C451E46A2CA6-LeaderElection44] INFO  metrics.RatisMetrics (RatisMetrics.java:lambda$create$0(36)) - Creating Metrics Registry : ratis.log_appender.e6ce4bfb-70cc-4dab-829a-840fddc24c05@group-C451E46A2CA6
2020-12-08 02:18:52,348 [e6ce4bfb-70cc-4dab-829a-840fddc24c05@group-C451E46A2CA6-LeaderElection44] INFO  server.RaftServerConfigKeys (ConfUtils.java:logGet(44)) - raft.server.write.element-limit = 1024 (custom)
2020-12-08 02:18:52,348 [e6ce4bfb-70cc-4dab-829a-840fddc24c05@group-C451E46A2CA6-LeaderElection44] INFO  server.RaftServerConfigKeys (ConfUtils.java:logGet(44)) - raft.server.write.byte-limit = 1073741824 (custom)
2020-12-08 02:18:52,348 [e6ce4bfb-70cc-4dab-829a-840fddc24c05@group-C451E46A2CA6-LeaderElection44] INFO  server.RaftServerConfigKeys (ConfUtils.java:logGet(44)) - raft.server.watch.timeout = 3000ms (custom)
2020-12-08 02:18:52,348 [e6ce4bfb-70cc-4dab-829a-840fddc24c05@group-C451E46A2CA6-LeaderElection44] INFO  server.RaftServerConfigKeys (ConfUtils.java:logGet(44)) - raft.server.watch.timeout.denomination = 1s (default)
2020-12-08 02:18:52,348 [e6ce4bfb-70cc-4dab-829a-840fddc24c05@group-C451E46A2CA6-LeaderElection44] INFO  server.RaftServerConfigKeys (ConfUtils.java:logGet(44)) - raft.server.watch.element-limit = 65536 (default)
2020-12-08 02:18:52,349 [e6ce4bfb-70cc-4dab-829a-840fddc24c05@group-C451E46A2CA6-LeaderElection44] INFO  server.RaftServerConfigKeys (ConfUtils.java:logGet(44)) - raft.server.log.appender.snapshot.chunk.size.max = 16MB (=16777216) (default)
2020-12-08 02:18:52,349 [e6ce4bfb-70cc-4dab-829a-840fddc24c05@group-C451E46A2CA6-LeaderElection44] INFO  server.RaftServerConfigKeys (ConfUtils.java:logGet(44)) - raft.server.log.appender.buffer.byte-limit = 33554432 (custom)
2020-12-08 02:18:52,349 [e6ce4bfb-70cc-4dab-829a-840fddc24c05@group-C451E46A2CA6-LeaderElection44] INFO  server.RaftServerConfigKeys (ConfUtils.java:logGet(44)) - raft.server.log.appender.buffer.element-limit = 1 (custom)
2020-12-08 02:18:52,350 [EventQueue-PipelineReportForPipelineReportHandler] INFO  pipeline.PipelineStateManager (PipelineStateManager.java:openPipeline(132)) - Pipeline Pipeline[ Id: 6fefb3bb-b5ac-4da2-a6d0-c451e46a2ca6, Nodes: e6ce4bfb-70cc-4dab-829a-840fddc24c05{ip: 172.17.0.2, host: 11cef1ca5a88, networkLocation: /default-rack, certSerialId: null, persistedOpState: IN_SERVICE, persistedOpStateExpiryEpochSec: 0}bef787c3-a919-4f9b-887c-fdb68b2678bc{ip: 172.17.0.2, host: 11cef1ca5a88, networkLocation: /default-rack, certSerialId: null, persistedOpState: IN_SERVICE, persistedOpStateExpiryEpochSec: 0}8a6e4045-11b4-4c02-b30b-59b4d0471a8a{ip: 172.17.0.2, host: 11cef1ca5a88, networkLocation: /default-rack, certSerialId: null, persistedOpState: IN_SERVICE, persistedOpStateExpiryEpochSec: 0}, Type:RATIS, Factor:THREE, State:ALLOCATED, leaderId:e6ce4bfb-70cc-4dab-829a-840fddc24c05, CreationTimestamp2020-12-08T02:18:44.509Z] moved to OPEN state
2020-12-08 02:18:52,368 [e6ce4bfb-70cc-4dab-829a-840fddc24c05@group-C451E46A2CA6-LeaderElection44] INFO  grpc.GrpcConfigKeys (ConfUtils.java:logGet(44)) - raft.grpc.server.leader.outstanding.appends.max = 128 (default)
2020-12-08 02:18:52,368 [e6ce4bfb-70cc-4dab-829a-840fddc24c05@group-C451E46A2CA6-LeaderElection44] INFO  server.RaftServerConfigKeys (ConfUtils.java:logGet(44)) - raft.server.rpc.request.timeout = 3000ms (default)
2020-12-08 02:18:52,368 [e6ce4bfb-70cc-4dab-829a-840fddc24c05@group-C451E46A2CA6-LeaderElection44] INFO  server.RaftServerConfigKeys (ConfUtils.java:logGet(44)) - raft.server.log.appender.install.snapshot.enabled = false (custom)
2020-12-08 02:18:52,368 [e6ce4bfb-70cc-4dab-829a-840fddc24c05@group-C451E46A2CA6-LeaderElection44] INFO  metrics.RatisMetrics (RatisMetrics.java:lambda$create$0(36)) - Creating Metrics Registry : ratis_grpc.log_appender.e6ce4bfb-70cc-4dab-829a-840fddc24c05@group-C451E46A2CA6
2020-12-08 02:18:52,370 [e6ce4bfb-70cc-4dab-829a-840fddc24c05@group-C451E46A2CA6-LeaderElection44] INFO  server.RaftServerConfigKeys (ConfUtils.java:logGet(44)) - raft.server.log.appender.snapshot.chunk.size.max = 16MB (=16777216) (default)
2020-12-08 02:18:52,370 [e6ce4bfb-70cc-4dab-829a-840fddc24c05@group-C451E46A2CA6-LeaderElection44] INFO  server.RaftServerConfigKeys (ConfUtils.java:logGet(44)) - raft.server.log.appender.buffer.byte-limit = 33554432 (custom)
2020-12-08 02:18:52,370 [e6ce4bfb-70cc-4dab-829a-840fddc24c05@group-C451E46A2CA6-LeaderElection44] INFO  server.RaftServerConfigKeys (ConfUtils.java:logGet(44)) - raft.server.log.appender.buffer.element-limit = 1 (custom)
2020-12-08 02:18:52,370 [e6ce4bfb-70cc-4dab-829a-840fddc24c05@group-C451E46A2CA6-LeaderElection44] INFO  grpc.GrpcConfigKeys (ConfUtils.java:logGet(44)) - raft.grpc.server.leader.outstanding.appends.max = 128 (default)
2020-12-08 02:18:52,370 [e6ce4bfb-70cc-4dab-829a-840fddc24c05@group-C451E46A2CA6-LeaderElection44] INFO  server.RaftServerConfigKeys (ConfUtils.java:logGet(44)) - raft.server.rpc.request.timeout = 3000ms (default)
2020-12-08 02:18:52,370 [e6ce4bfb-70cc-4dab-829a-840fddc24c05@group-C451E46A2CA6-LeaderElection44] INFO  server.RaftServerConfigKeys (ConfUtils.java:logGet(44)) - raft.server.log.appender.install.snapshot.enabled = false (custom)
2020-12-08 02:18:52,372 [e6ce4bfb-70cc-4dab-829a-840fddc24c05@group-C451E46A2CA6-LeaderElection44] INFO  impl.RoleInfo (RoleInfo.java:updateAndGet(143)) - e6ce4bfb-70cc-4dab-829a-840fddc24c05: start e6ce4bfb-70cc-4dab-829a-840fddc24c05@group-C451E46A2CA6-LeaderState
2020-12-08 02:18:52,374 [e6ce4bfb-70cc-4dab-829a-840fddc24c05@group-C451E46A2CA6-LeaderElection44] INFO  segmented.SegmentedRaftLogWorker (SegmentedRaftLogWorker.java:startLogSegment(398)) - e6ce4bfb-70cc-4dab-829a-840fddc24c05@group-C451E46A2CA6-SegmentedRaftLogWorker: Starting segment from index:0
2020-12-08 02:18:52,375 [e6ce4bfb-70cc-4dab-829a-840fddc24c05@group-C451E46A2CA6-LeaderElection44] INFO  impl.RaftServerImpl (ServerState.java:setRaftConf(374)) - e6ce4bfb-70cc-4dab-829a-840fddc24c05@group-C451E46A2CA6: set configuration 0: [e6ce4bfb-70cc-4dab-829a-840fddc24c05|rpc:172.17.0.2:45869|dataStream:, bef787c3-a919-4f9b-887c-fdb68b2678bc|rpc:172.17.0.2:36967|dataStream:, 8a6e4045-11b4-4c02-b30b-59b4d0471a8a|rpc:172.17.0.2:41653|dataStream:], old=null at 0
2020-12-08 02:18:52,378 [e6ce4bfb-70cc-4dab-829a-840fddc24c05@group-C451E46A2CA6-SegmentedRaftLogWorker] INFO  segmented.SegmentedRaftLogWorker (SegmentedRaftLogWorker.java:execute(597)) - e6ce4bfb-70cc-4dab-829a-840fddc24c05@group-C451E46A2CA6-SegmentedRaftLogWorker: created new log segment /github/workspace/mnt/ozone/hadoop-ozone/integration-test/target/test-dir/MiniOzoneClusterImpl-c7e5300f-f3f2-48d9-ae25-3e63411fd680/datanode-5/data/ratis/6fefb3bb-b5ac-4da2-a6d0-c451e46a2ca6/current/log_inprogress_0
2020-12-08 02:18:52,381 [grpc-default-executor-4] INFO  ratis.XceiverServerRatis (XceiverServerRatis.java:handleLeaderChangedNotification(854)) - Leader change notification received for group: group-C451E46A2CA6 with new leaderId: e6ce4bfb-70cc-4dab-829a-840fddc24c05
2020-12-08 02:18:52,381 [grpc-default-executor-4] INFO  impl.RaftServerImpl (ServerState.java:setLeader(256)) - bef787c3-a919-4f9b-887c-fdb68b2678bc@group-C451E46A2CA6: change Leader from null to e6ce4bfb-70cc-4dab-829a-840fddc24c05 at term 1 for appendEntries, leader elected after 5206ms
2020-12-08 02:18:52,396 [Listener at 127.0.0.1/40701] INFO  pipeline.SCMPipelineManager (SCMPipelineManager.java:finalizeAndDestroyPipeline(482)) - Destroying pipeline:Pipeline[ Id: 30c5d1af-a688-44e8-a255-e9578cd0babe, Nodes: 4e005ff2-b0a1-49c5-ae0b-0004e66f3274{ip: 172.17.0.2, host: 11cef1ca5a88, networkLocation: /default-rack, certSerialId: null, persistedOpState: IN_SERVICE, persistedOpStateExpiryEpochSec: 0}dfa92053-6d36-469c-b0e7-d151100efb82{ip: 172.17.0.2, host: 11cef1ca5a88, networkLocation: /default-rack, certSerialId: null, persistedOpState: IN_SERVICE, persistedOpStateExpiryEpochSec: 0}0e1de31d-e867-4945-8f7b-16c35f8e70a9{ip: 172.17.0.2, host: 11cef1ca5a88, networkLocation: /default-rack, certSerialId: null, persistedOpState: IN_SERVICE, persistedOpStateExpiryEpochSec: 0}, Type:RATIS, Factor:THREE, State:OPEN, leaderId:4e005ff2-b0a1-49c5-ae0b-0004e66f3274, CreationTimestamp2020-12-08T02:18:43.880Z]
2020-12-08 02:18:52,396 [Listener at 127.0.0.1/40701] INFO  pipeline.PipelineStateManager (PipelineStateManager.java:finalizePipeline(121)) - Pipeline Pipeline[ Id: 30c5d1af-a688-44e8-a255-e9578cd0babe, Nodes: 4e005ff2-b0a1-49c5-ae0b-0004e66f3274{ip: 172.17.0.2, host: 11cef1ca5a88, networkLocation: /default-rack, certSerialId: null, persistedOpState: IN_SERVICE, persistedOpStateExpiryEpochSec: 0}dfa92053-6d36-469c-b0e7-d151100efb82{ip: 172.17.0.2, host: 11cef1ca5a88, networkLocation: /default-rack, certSerialId: null, persistedOpState: IN_SERVICE, persistedOpStateExpiryEpochSec: 0}0e1de31d-e867-4945-8f7b-16c35f8e70a9{ip: 172.17.0.2, host: 11cef1ca5a88, networkLocation: /default-rack, certSerialId: null, persistedOpState: IN_SERVICE, persistedOpStateExpiryEpochSec: 0}, Type:RATIS, Factor:THREE, State:CLOSED, leaderId:4e005ff2-b0a1-49c5-ae0b-0004e66f3274, CreationTimestamp2020-12-08T02:18:43.880Z] moved to CLOSED state
2020-12-08 02:18:52,397 [Listener at 127.0.0.1/40701] INFO  pipeline.RatisPipelineProvider (RatisPipelineProvider.java:lambda$close$1(199)) - Send pipeline:PipelineID=30c5d1af-a688-44e8-a255-e9578cd0babe close command to datanode 4e005ff2-b0a1-49c5-ae0b-0004e66f3274
2020-12-08 02:18:52,397 [Listener at 127.0.0.1/40701] INFO  pipeline.RatisPipelineProvider (RatisPipelineProvider.java:lambda$close$1(199)) - Send pipeline:PipelineID=30c5d1af-a688-44e8-a255-e9578cd0babe close command to datanode dfa92053-6d36-469c-b0e7-d151100efb82
2020-12-08 02:18:52,397 [Listener at 127.0.0.1/40701] INFO  pipeline.RatisPipelineProvider (RatisPipelineProvider.java:lambda$close$1(199)) - Send pipeline:PipelineID=30c5d1af-a688-44e8-a255-e9578cd0babe close command to datanode 0e1de31d-e867-4945-8f7b-16c35f8e70a9
2020-12-08 02:18:52,397 [Listener at 127.0.0.1/40701] INFO  pipeline.PipelineStateManager (PipelineStateManager.java:removePipeline(106)) - Pipeline Pipeline[ Id: 30c5d1af-a688-44e8-a255-e9578cd0babe, Nodes: 4e005ff2-b0a1-49c5-ae0b-0004e66f3274{ip: 172.17.0.2, host: 11cef1ca5a88, networkLocation: /default-rack, certSerialId: null, persistedOpState: IN_SERVICE, persistedOpStateExpiryEpochSec: 0}dfa92053-6d36-469c-b0e7-d151100efb82{ip: 172.17.0.2, host: 11cef1ca5a88, networkLocation: /default-rack, certSerialId: null, persistedOpState: IN_SERVICE, persistedOpStateExpiryEpochSec: 0}0e1de31d-e867-4945-8f7b-16c35f8e70a9{ip: 172.17.0.2, host: 11cef1ca5a88, networkLocation: /default-rack, certSerialId: null, persistedOpState: IN_SERVICE, persistedOpStateExpiryEpochSec: 0}, Type:RATIS, Factor:THREE, State:CLOSED, leaderId:4e005ff2-b0a1-49c5-ae0b-0004e66f3274, CreationTimestamp2020-12-08T02:18:43.880Z] removed from db
2020-12-08 02:18:52,398 [Listener at 127.0.0.1/40701] INFO  impl.RaftServerProxy (RaftServerProxy.java:remove(104)) - 4e005ff2-b0a1-49c5-ae0b-0004e66f3274: remove    LEADER 4e005ff2-b0a1-49c5-ae0b-0004e66f3274@group-E9578CD0BABE:t1, leader=4e005ff2-b0a1-49c5-ae0b-0004e66f3274, voted=4e005ff2-b0a1-49c5-ae0b-0004e66f3274, raftlog=4e005ff2-b0a1-49c5-ae0b-0004e66f3274@group-E9578CD0BABE-SegmentedRaftLog:OPENED:c2,f2,i2, conf=0: [4e005ff2-b0a1-49c5-ae0b-0004e66f3274|rpc:172.17.0.2:37623|dataStream:, 0e1de31d-e867-4945-8f7b-16c35f8e70a9|rpc:172.17.0.2:36897|dataStream:, dfa92053-6d36-469c-b0e7-d151100efb82|rpc:172.17.0.2:42811|dataStream:], old=null RUNNING
2020-12-08 02:18:52,400 [grpc-default-executor-1] INFO  ratis.XceiverServerRatis (XceiverServerRatis.java:handleLeaderChangedNotification(854)) - Leader change notification received for group: group-C451E46A2CA6 with new leaderId: e6ce4bfb-70cc-4dab-829a-840fddc24c05
2020-12-08 02:18:52,414 [grpc-default-executor-1] INFO  impl.RaftServerImpl (ServerState.java:setLeader(256)) - 8a6e4045-11b4-4c02-b30b-59b4d0471a8a@group-C451E46A2CA6: change Leader from null to e6ce4bfb-70cc-4dab-829a-840fddc24c05 at term 1 for appendEntries, leader elected after 5296ms
2020-12-08 02:18:52,406 [RatisPipelineUtilsThread] INFO  pipeline.RatisPipelineProvider (RatisPipelineProvider.java:lambda$create$0(161)) - Sending CreatePipelineCommand for pipeline:PipelineID=408dade4-1d96-4f3b-8d08-f4ec93ae6281 to datanode:4e005ff2-b0a1-49c5-ae0b-0004e66f3274
2020-12-08 02:18:52,418 [RatisPipelineUtilsThread] INFO  pipeline.RatisPipelineProvider (RatisPipelineProvider.java:lambda$create$0(161)) - Sending CreatePipelineCommand for pipeline:PipelineID=408dade4-1d96-4f3b-8d08-f4ec93ae6281 to datanode:dfa92053-6d36-469c-b0e7-d151100efb82
2020-12-08 02:18:52,419 [RatisPipelineUtilsThread] INFO  pipeline.RatisPipelineProvider (RatisPipelineProvider.java:lambda$create$0(161)) - Sending CreatePipelineCommand for pipeline:PipelineID=408dade4-1d96-4f3b-8d08-f4ec93ae6281 to datanode:0e1de31d-e867-4945-8f7b-16c35f8e70a9
2020-12-08 02:18:52,419 [RatisPipelineUtilsThread] INFO  pipeline.PipelineStateManager (PipelineStateManager.java:addPipeline(54)) - Created pipeline Pipeline[ Id: 408dade4-1d96-4f3b-8d08-f4ec93ae6281, Nodes: 4e005ff2-b0a1-49c5-ae0b-0004e66f3274{ip: 172.17.0.2, host: 11cef1ca5a88, networkLocation: /default-rack, certSerialId: null, persistedOpState: IN_SERVICE, persistedOpStateExpiryEpochSec: 0}dfa92053-6d36-469c-b0e7-d151100efb82{ip: 172.17.0.2, host: 11cef1ca5a88, networkLocation: /default-rack, certSerialId: null, persistedOpState: IN_SERVICE, persistedOpStateExpiryEpochSec: 0}0e1de31d-e867-4945-8f7b-16c35f8e70a9{ip: 172.17.0.2, host: 11cef1ca5a88, networkLocation: /default-rack, certSerialId: null, persistedOpState: IN_SERVICE, persistedOpStateExpiryEpochSec: 0}, Type:RATIS, Factor:THREE, State:ALLOCATED, leaderId:, CreationTimestamp2020-12-08T02:18:52.406Z]
2020-12-08 02:18:52,406 [EventQueue-CloseContainerForCloseContainerEventHandler] INFO  container.CloseContainerEventHandler (CloseContainerEventHandler.java:onMessage(61)) - Close container Event triggered for container : #1
2020-12-08 02:18:52,421 [EventQueue-CloseContainerForCloseContainerEventHandler] WARN  container.SCMContainerManager (SCMContainerManager.java:updateContainerState(367)) - Unable to remove container #1 from pipeline PipelineID=30c5d1af-a688-44e8-a255-e9578cd0babe  as the pipeline no longer exists
2020-12-08 02:18:52,401 [Listener at 127.0.0.1/40701] INFO  impl.RaftServerImpl (RaftServerImpl.java:lambda$shutdown$3(328)) - 4e005ff2-b0a1-49c5-ae0b-0004e66f3274@group-E9578CD0BABE: shutdown
2020-12-08 02:18:52,422 [Listener at 127.0.0.1/40701] INFO  util.JmxRegister (JmxRegister.java:unregister(73)) - Successfully un-registered JMX Bean with object name Ratis:service=RaftServer,group=group-E9578CD0BABE,id=4e005ff2-b0a1-49c5-ae0b-0004e66f3274
2020-12-08 02:18:52,424 [Listener at 127.0.0.1/40701] INFO  impl.RoleInfo (RoleInfo.java:shutdownLeaderState(104)) - 4e005ff2-b0a1-49c5-ae0b-0004e66f3274: shutdown 4e005ff2-b0a1-49c5-ae0b-0004e66f3274@group-E9578CD0BABE-LeaderState
2020-12-08 02:18:52,424 [Listener at 127.0.0.1/40701] INFO  metrics.RatisMetrics (RatisMetrics.java:unregister(43)) - Unregistering Metrics Registry : ratis_grpc.log_appender.4e005ff2-b0a1-49c5-ae0b-0004e66f3274@group-E9578CD0BABE
2020-12-08 02:18:52,424 [Listener at 127.0.0.1/40701] INFO  metrics.RatisMetrics (RatisMetrics.java:unregister(43)) - Unregistering Metrics Registry : ratis_grpc.log_appender.4e005ff2-b0a1-49c5-ae0b-0004e66f3274@group-E9578CD0BABE
2020-12-08 02:18:52,424 [Listener at 127.0.0.1/40701] INFO  impl.PendingRequests (PendingRequests.java:sendNotLeaderResponses(250)) - 4e005ff2-b0a1-49c5-ae0b-0004e66f3274@group-E9578CD0BABE-PendingRequests: sendNotLeaderResponses
2020-12-08 02:18:52,400 [grpc-default-executor-4] INFO  impl.RaftServerImpl (ServerState.java:setRaftConf(374)) - bef787c3-a919-4f9b-887c-fdb68b2678bc@group-C451E46A2CA6: set configuration 0: [e6ce4bfb-70cc-4dab-829a-840fddc24c05|rpc:172.17.0.2:45869|dataStream:, bef787c3-a919-4f9b-887c-fdb68b2678bc|rpc:172.17.0.2:36967|dataStream:, 8a6e4045-11b4-4c02-b30b-59b4d0471a8a|rpc:172.17.0.2:41653|dataStream:], old=null at 0
2020-12-08 02:18:52,424 [org.apache.ratis.server.impl.LogAppender$AppenderDaemon$$Lambda$479/1454461240@4823ccf1] WARN  server.GrpcLogAppender (GrpcLogAppender.java:mayWait(168)) - 4e005ff2-b0a1-49c5-ae0b-0004e66f3274@group-E9578CD0BABE->dfa92053-6d36-469c-b0e7-d151100efb82-GrpcLogAppender: Wait interrupted by java.lang.InterruptedException
2020-12-08 02:18:52,425 [grpc-default-executor-4] INFO  segmented.SegmentedRaftLogWorker (SegmentedRaftLogWorker.java:startLogSegment(398)) - bef787c3-a919-4f9b-887c-fdb68b2678bc@group-C451E46A2CA6-SegmentedRaftLogWorker: Starting segment from index:0
2020-12-08 02:18:52,425 [grpc-default-executor-2] INFO  server.GrpcServerProtocolService (GrpcServerProtocolService.java:onCompleted(138)) - dfa92053-6d36-469c-b0e7-d151100efb82: Completed APPEND_ENTRIES, lastRequest: 4e005ff2-b0a1-49c5-ae0b-0004e66f3274->dfa92053-6d36-469c-b0e7-d151100efb82#5-t1, previous=(t:1, i:1), leaderCommit=1, initializing? false, entries: size=1, first=(t:1, i:2), METADATAENTRY(c:1)
2020-12-08 02:18:52,424 [org.apache.ratis.server.impl.LogAppender$AppenderDaemon$$Lambda$479/1454461240@2c65ea6c] WARN  server.GrpcLogAppender (GrpcLogAppender.java:mayWait(168)) - 4e005ff2-b0a1-49c5-ae0b-0004e66f3274@group-E9578CD0BABE->0e1de31d-e867-4945-8f7b-16c35f8e70a9-GrpcLogAppender: Wait interrupted by java.lang.InterruptedException
2020-12-08 02:18:52,415 [grpc-default-executor-1] INFO  impl.RaftServerImpl (ServerState.java:setRaftConf(374)) - 8a6e4045-11b4-4c02-b30b-59b4d0471a8a@group-C451E46A2CA6: set configuration 0: [e6ce4bfb-70cc-4dab-829a-840fddc24c05|rpc:172.17.0.2:45869|dataStream:, bef787c3-a919-4f9b-887c-fdb68b2678bc|rpc:172.17.0.2:36967|dataStream:, 8a6e4045-11b4-4c02-b30b-59b4d0471a8a|rpc:172.17.0.2:41653|dataStream:], old=null at 0
2020-12-08 02:18:52,415 [Thread-1338] INFO  impl.FollowerState (FollowerState.java:run(128)) - bef787c3-a919-4f9b-887c-fdb68b2678bc@group-2C9564A021F4-FollowerState: change to CANDIDATE, lastRpcTime:5097ms, electionTimeout:5089ms
2020-12-08 02:18:52,429 [grpc-default-executor-4] INFO  server.GrpcServerProtocolService (GrpcServerProtocolService.java:onCompleted(138)) - 0e1de31d-e867-4945-8f7b-16c35f8e70a9: Completed APPEND_ENTRIES, lastRequest: 4e005ff2-b0a1-49c5-ae0b-0004e66f3274->0e1de31d-e867-4945-8f7b-16c35f8e70a9#6-t1, previous=(t:1, i:1), leaderCommit=1, initializing? false, entries: size=1, first=(t:1, i:2), METADATAENTRY(c:1)
2020-12-08 02:18:52,431 [Listener at 127.0.0.1/40701] INFO  metrics.RatisMetrics (RatisMetrics.java:unregister(43)) - Unregistering Metrics Registry : ratis.log_appender.4e005ff2-b0a1-49c5-ae0b-0004e66f3274@group-E9578CD0BABE
2020-12-08 02:18:52,432 [Listener at 127.0.0.1/40701] INFO  metrics.RatisMetrics (RatisMetrics.java:unregister(43)) - Unregistering Metrics Registry : ratis.server.4e005ff2-b0a1-49c5-ae0b-0004e66f3274@group-E9578CD0BABE
2020-12-08 02:18:52,433 [grpc-default-executor-1] INFO  segmented.SegmentedRaftLogWorker (SegmentedRaftLogWorker.java:startLogSegment(398)) - 8a6e4045-11b4-4c02-b30b-59b4d0471a8a@group-C451E46A2CA6-SegmentedRaftLogWorker: Starting segment from index:0
2020-12-08 02:18:52,433 [Thread-1338] INFO  impl.RoleInfo (RoleInfo.java:shutdownFollowerState(121)) - bef787c3-a919-4f9b-887c-fdb68b2678bc: shutdown bef787c3-a919-4f9b-887c-fdb68b2678bc@group-2C9564A021F4-FollowerState
2020-12-08 02:18:52,433 [Thread-1338] INFO  impl.RaftServerImpl (RaftServerImpl.java:setRole(204)) - bef787c3-a919-4f9b-887c-fdb68b2678bc@group-2C9564A021F4: changes role from  FOLLOWER to CANDIDATE at term 0 for changeToCandidate
2020-12-08 02:18:52,433 [bef787c3-a919-4f9b-887c-fdb68b2678bc@group-C451E46A2CA6-SegmentedRaftLogWorker] INFO  segmented.SegmentedRaftLogWorker (SegmentedRaftLogWorker.java:execute(597)) - bef787c3-a919-4f9b-887c-fdb68b2678bc@group-C451E46A2CA6-SegmentedRaftLogWorker: created new log segment /github/workspace/mnt/ozone/hadoop-ozone/integration-test/target/test-dir/MiniOzoneClusterImpl-c7e5300f-f3f2-48d9-ae25-3e63411fd680/datanode-4/data/ratis/6fefb3bb-b5ac-4da2-a6d0-c451e46a2ca6/current/log_inprogress_0
2020-12-08 02:18:52,437 [4e005ff2-b0a1-49c5-ae0b-0004e66f3274@group-E9578CD0BABE-StateMachineUpdater] INFO  ratis.ContainerStateMachine (ContainerStateMachine.java:takeSnapshot(293)) - group-E9578CD0BABE: Taking a snapshot at:(t:1, i:2) file /github/workspace/mnt/ozone/hadoop-ozone/integration-test/target/test-dir/MiniOzoneClusterImpl-c7e5300f-f3f2-48d9-ae25-3e63411fd680/datanode-1/data/ratis/30c5d1af-a688-44e8-a255-e9578cd0babe/sm/snapshot.1_2
2020-12-08 02:18:52,437 [Listener at 127.0.0.1/40701] INFO  impl.StateMachineUpdater (StateMachineUpdater.java:stopAndJoin(147)) - 4e005ff2-b0a1-49c5-ae0b-0004e66f3274@group-E9578CD0BABE-StateMachineUpdater: set stopIndex = 2
2020-12-08 02:18:52,439 [4e005ff2-b0a1-49c5-ae0b-0004e66f3274@group-E9578CD0BABE-StateMachineUpdater] INFO  ratis.ContainerStateMachine (ContainerStateMachine.java:takeSnapshot(304)) - group-E9578CD0BABE: Finished taking a snapshot at:(t:1, i:2) file:/github/workspace/mnt/ozone/hadoop-ozone/integration-test/target/test-dir/MiniOzoneClusterImpl-c7e5300f-f3f2-48d9-ae25-3e63411fd680/datanode-1/data/ratis/30c5d1af-a688-44e8-a255-e9578cd0babe/sm/snapshot.1_2 time:2
2020-12-08 02:18:52,439 [4e005ff2-b0a1-49c5-ae0b-0004e66f3274@group-E9578CD0BABE-StateMachineUpdater] INFO  impl.StateMachineUpdater (StateMachineUpdater.java:takeSnapshot(278)) - 4e005ff2-b0a1-49c5-ae0b-0004e66f3274@group-E9578CD0BABE-StateMachineUpdater: Took a snapshot at index 2
2020-12-08 02:18:52,439 [4e005ff2-b0a1-49c5-ae0b-0004e66f3274@group-E9578CD0BABE-StateMachineUpdater] INFO  impl.StateMachineUpdater (StateMachineUpdater.java:lambda$new$0(87)) - 4e005ff2-b0a1-49c5-ae0b-0004e66f3274@group-E9578CD0BABE-StateMachineUpdater: snapshotIndex: updateIncreasingly -1 -> 2
2020-12-08 02:18:52,440 [4e005ff2-b0a1-49c5-ae0b-0004e66f3274@group-E9578CD0BABE-StateMachineUpdater] INFO  metrics.RatisMetrics (RatisMetrics.java:unregister(43)) - Unregistering Metrics Registry : ratis.state_machine.4e005ff2-b0a1-49c5-ae0b-0004e66f3274@group-E9578CD0BABE
2020-12-08 02:18:52,441 [Listener at 127.0.0.1/40701] INFO  impl.RaftServerImpl (ServerState.java:close(406)) - 4e005ff2-b0a1-49c5-ae0b-0004e66f3274@group-E9578CD0BABE: closes. applyIndex: 2
2020-12-08 02:18:52,442 [grpc-default-executor-6] INFO  server.GrpcLogAppender (GrpcLogAppender.java:onCompleted(337)) - 4e005ff2-b0a1-49c5-ae0b-0004e66f3274@group-E9578CD0BABE->dfa92053-6d36-469c-b0e7-d151100efb82-AppendLogResponseHandler: follower responses appendEntries COMPLETED
2020-12-08 02:18:52,442 [grpc-default-executor-6] INFO  impl.FollowerInfo (FollowerInfo.java:lambda$new$0(51)) - 4e005ff2-b0a1-49c5-ae0b-0004e66f3274@group-E9578CD0BABE->dfa92053-6d36-469c-b0e7-d151100efb82: nextIndex: updateUnconditionally 3 -> 2
2020-12-08 02:18:52,445 [Thread-1338] INFO  impl.RoleInfo (RoleInfo.java:updateAndGet(143)) - bef787c3-a919-4f9b-887c-fdb68b2678bc: start bef787c3-a919-4f9b-887c-fdb68b2678bc@group-2C9564A021F4-LeaderElection46
2020-12-08 02:18:52,447 [4e005ff2-b0a1-49c5-ae0b-0004e66f3274@group-E9578CD0BABE-SegmentedRaftLogWorker] INFO  segmented.SegmentedRaftLogWorker (SegmentedRaftLogWorker.java:run(329)) - 4e005ff2-b0a1-49c5-ae0b-0004e66f3274@group-E9578CD0BABE-SegmentedRaftLogWorker was interrupted, exiting. There are 0 tasks remaining in the queue.
2020-12-08 02:18:52,450 [Listener at 127.0.0.1/40701] INFO  segmented.SegmentedRaftLogWorker (SegmentedRaftLogWorker.java:close(235)) - 4e005ff2-b0a1-49c5-ae0b-0004e66f3274@group-E9578CD0BABE-SegmentedRaftLogWorker close()
2020-12-08 02:18:52,452 [Listener at 127.0.0.1/40701] INFO  metrics.RatisMetrics (RatisMetrics.java:unregister(43)) - Unregistering Metrics Registry : ratis.log_worker.4e005ff2-b0a1-49c5-ae0b-0004e66f3274@group-E9578CD0BABE
2020-12-08 02:18:52,452 [Listener at 127.0.0.1/40701] INFO  metrics.RatisMetrics (RatisMetrics.java:unregister(43)) - Unregistering Metrics Registry : ratis.leader_election.4e005ff2-b0a1-49c5-ae0b-0004e66f3274@group-E9578CD0BABE
2020-12-08 02:18:52,452 [Listener at 127.0.0.1/40701] INFO  metrics.RatisMetrics (RatisMetrics.java:unregister(43)) - Unregistering Metrics Registry : ratis.server.4e005ff2-b0a1-49c5-ae0b-0004e66f3274@group-E9578CD0BABE
2020-12-08 02:18:52,459 [8a6e4045-11b4-4c02-b30b-59b4d0471a8a@group-C451E46A2CA6-SegmentedRaftLogWorker] INFO  segmented.SegmentedRaftLogWorker (SegmentedRaftLogWorker.java:execute(597)) - 8a6e4045-11b4-4c02-b30b-59b4d0471a8a@group-C451E46A2CA6-SegmentedRaftLogWorker: created new log segment /github/workspace/mnt/ozone/hadoop-ozone/integration-test/target/test-dir/MiniOzoneClusterImpl-c7e5300f-f3f2-48d9-ae25-3e63411fd680/datanode-3/data/ratis/6fefb3bb-b5ac-4da2-a6d0-c451e46a2ca6/current/log_inprogress_0
2020-12-08 02:18:52,462 [Listener at 127.0.0.1/40701] INFO  keyvalue.KeyValueContainer (KeyValueContainer.java:flushAndSyncDB(388)) - Container 1 is synced with bcsId 0.
2020-12-08 02:18:52,462 [Listener at 127.0.0.1/40701] INFO  keyvalue.KeyValueContainer (KeyValueContainer.java:flushAndSyncDB(388)) - Container 1 is synced with bcsId 0.
2020-12-08 02:18:52,464 [grpc-default-executor-7] INFO  server.GrpcLogAppender (GrpcLogAppender.java:onCompleted(337)) - 4e005ff2-b0a1-49c5-ae0b-0004e66f3274@group-E9578CD0BABE->0e1de31d-e867-4945-8f7b-16c35f8e70a9-AppendLogResponseHandler: follower responses appendEntries COMPLETED
2020-12-08 02:18:52,464 [grpc-default-executor-7] INFO  impl.FollowerInfo (FollowerInfo.java:lambda$new$0(51)) - 4e005ff2-b0a1-49c5-ae0b-0004e66f3274@group-E9578CD0BABE->0e1de31d-e867-4945-8f7b-16c35f8e70a9: nextIndex: updateUnconditionally 3 -> 2
2020-12-08 02:18:52,477 [Listener at 127.0.0.1/40701] INFO  impl.RaftServerImpl (RaftServerImpl.java:groupRemove(299)) - 4e005ff2-b0a1-49c5-ae0b-0004e66f3274@group-E9578CD0BABE: Succeed to remove RaftStorageDirectory Storage Directory /github/workspace/mnt/ozone/hadoop-ozone/integration-test/target/test-dir/MiniOzoneClusterImpl-c7e5300f-f3f2-48d9-ae25-3e63411fd680/datanode-1/data/ratis/30c5d1af-a688-44e8-a255-e9578cd0babe
2020-12-08 02:18:52,480 [EventQueue-IncrementalContainerReportForIncrementalContainerReportHandler] INFO  container.IncrementalContainerReportHandler (AbstractContainerReportHandler.java:updateContainerState(208)) - Moving container #1 to QUASI_CLOSED state, datanode 4e005ff2-b0a1-49c5-ae0b-0004e66f3274{ip: 172.17.0.2, host: 11cef1ca5a88, networkLocation: /default-rack, certSerialId: null, persistedOpState: IN_SERVICE, persistedOpStateExpiryEpochSec: 0} reported QUASI_CLOSED replica.
2020-12-08 02:18:52,477 [Command processor thread] INFO  impl.RaftServerProxy (RaftServerProxy.java:remove(104)) - dfa92053-6d36-469c-b0e7-d151100efb82: remove  FOLLOWER dfa92053-6d36-469c-b0e7-d151100efb82@group-E9578CD0BABE:t1, leader=4e005ff2-b0a1-49c5-ae0b-0004e66f3274, voted=4e005ff2-b0a1-49c5-ae0b-0004e66f3274, raftlog=dfa92053-6d36-469c-b0e7-d151100efb82@group-E9578CD0BABE-SegmentedRaftLog:OPENED:c1,f2,i2, conf=0: [4e005ff2-b0a1-49c5-ae0b-0004e66f3274|rpc:172.17.0.2:37623|dataStream:, 0e1de31d-e867-4945-8f7b-16c35f8e70a9|rpc:172.17.0.2:36897|dataStream:, dfa92053-6d36-469c-b0e7-d151100efb82|rpc:172.17.0.2:42811|dataStream:], old=null RUNNING
2020-12-08 02:18:52,480 [Command processor thread] INFO  impl.RaftServerImpl (RaftServerImpl.java:lambda$shutdown$3(328)) - dfa92053-6d36-469c-b0e7-d151100efb82@group-E9578CD0BABE: shutdown
2020-12-08 02:18:52,480 [Listener at 127.0.0.1/40701] WARN  impl.RaftServerProxy (RaftServerProxy.java:remove(99)) - dfa92053-6d36-469c-b0e7-d151100efb82: does not contain group: group-E9578CD0BABE
2020-12-08 02:18:52,486 [bef787c3-a919-4f9b-887c-fdb68b2678bc@group-2C9564A021F4-LeaderElection46] INFO  impl.LeaderElection (LeaderElection.java:askForVotes(215)) - bef787c3-a919-4f9b-887c-fdb68b2678bc@group-2C9564A021F4-LeaderElection46: begin an election at term 1 for -1: [bef787c3-a919-4f9b-887c-fdb68b2678bc|rpc:172.17.0.2:36967], old=null
2020-12-08 02:18:52,486 [bef787c3-a919-4f9b-887c-fdb68b2678bc@group-2C9564A021F4-LeaderElection46] INFO  impl.RoleInfo (RoleInfo.java:shutdownLeaderElection(134)) - bef787c3-a919-4f9b-887c-fdb68b2678bc: shutdown bef787c3-a919-4f9b-887c-fdb68b2678bc@group-2C9564A021F4-LeaderElection46
2020-12-08 02:18:52,486 [bef787c3-a919-4f9b-887c-fdb68b2678bc@group-2C9564A021F4-LeaderElection46] INFO  impl.RaftServerImpl (RaftServerImpl.java:setRole(204)) - bef787c3-a919-4f9b-887c-fdb68b2678bc@group-2C9564A021F4: changes role from CANDIDATE to LEADER at term 1 for changeToLeader
2020-12-08 02:18:52,486 [bef787c3-a919-4f9b-887c-fdb68b2678bc@group-2C9564A021F4-LeaderElection46] INFO  ratis.XceiverServerRatis (XceiverServerRatis.java:handleLeaderChangedNotification(854)) - Leader change notification received for group: group-2C9564A021F4 with new leaderId: bef787c3-a919-4f9b-887c-fdb68b2678bc
2020-12-08 02:18:52,487 [bef787c3-a919-4f9b-887c-fdb68b2678bc@group-2C9564A021F4-LeaderElection46] INFO  impl.RaftServerImpl (ServerState.java:setLeader(256)) - bef787c3-a919-4f9b-887c-fdb68b2678bc@group-2C9564A021F4: change Leader from null to bef787c3-a919-4f9b-887c-fdb68b2678bc at term 1 for becomeLeader, leader elected after 5185ms
2020-12-08 02:18:52,487 [bef787c3-a919-4f9b-887c-fdb68b2678bc@group-2C9564A021F4-LeaderElection46] INFO  server.RaftServerConfigKeys (ConfUtils.java:logGet(44)) - raft.server.staging.catchup.gap = 1000 (default)
2020-12-08 02:18:52,487 [bef787c3-a919-4f9b-887c-fdb68b2678bc@group-2C9564A021F4-LeaderElection46] INFO  server.RaftServerConfigKeys (ConfUtils.java:logGet(44)) - raft.server.rpc.sleep.time = 25ms (default)
2020-12-08 02:18:52,487 [bef787c3-a919-4f9b-887c-fdb68b2678bc@group-2C9564A021F4-LeaderElection46] INFO  metrics.RatisMetrics (RatisMetrics.java:lambda$create$0(36)) - Creating Metrics Registry : ratis.log_appender.bef787c3-a919-4f9b-887c-fdb68b2678bc@group-2C9564A021F4
2020-12-08 02:18:52,487 [bef787c3-a919-4f9b-887c-fdb68b2678bc@group-2C9564A021F4-LeaderElection46] INFO  server.RaftServerConfigKeys (ConfUtils.java:logGet(44)) - raft.server.write.element-limit = 1024 (custom)
2020-12-08 02:18:52,487 [bef787c3-a919-4f9b-887c-fdb68b2678bc@group-2C9564A021F4-LeaderElection46] INFO  server.RaftServerConfigKeys (ConfUtils.java:logGet(44)) - raft.server.write.byte-limit = 1073741824 (custom)
2020-12-08 02:18:52,489 [bef787c3-a919-4f9b-887c-fdb68b2678bc@group-2C9564A021F4-LeaderElection46] INFO  server.RaftServerConfigKeys (ConfUtils.java:logGet(44)) - raft.server.watch.timeout = 3000ms (custom)
2020-12-08 02:18:52,480 [Command processor thread] INFO  util.JmxRegister (JmxRegister.java:unregister(73)) - Successfully un-registered JMX Bean with object name Ratis:service=RaftServer,group=group-E9578CD0BABE,id=dfa92053-6d36-469c-b0e7-d151100efb82
2020-12-08 02:18:52,489 [Command processor thread] INFO  impl.RoleInfo (RoleInfo.java:shutdownFollowerState(121)) - dfa92053-6d36-469c-b0e7-d151100efb82: shutdown dfa92053-6d36-469c-b0e7-d151100efb82@group-E9578CD0BABE-FollowerState
2020-12-08 02:18:52,489 [Command processor thread] INFO  impl.StateMachineUpdater (StateMachineUpdater.java:stopAndJoin(147)) - dfa92053-6d36-469c-b0e7-d151100efb82@group-E9578CD0BABE-StateMachineUpdater: set stopIndex = 1
2020-12-08 02:18:52,490 [Thread-1362] INFO  impl.FollowerState (FollowerState.java:run(137)) - dfa92053-6d36-469c-b0e7-d151100efb82@group-E9578CD0BABE-FollowerState was interrupted: {}
java.lang.InterruptedException: sleep interrupted
	at java.lang.Thread.sleep(Native Method)
	at org.apache.ratis.util.JavaUtils.sleep(JavaUtils.java:250)
	at org.apache.ratis.server.impl.FollowerState.run(FollowerState.java:116)
2020-12-08 02:18:52,491 [dfa92053-6d36-469c-b0e7-d151100efb82@group-E9578CD0BABE-StateMachineUpdater] INFO  ratis.ContainerStateMachine (ContainerStateMachine.java:takeSnapshot(293)) - group-E9578CD0BABE: Taking a snapshot at:(t:1, i:1) file /github/workspace/mnt/ozone/hadoop-ozone/integration-test/target/test-dir/MiniOzoneClusterImpl-c7e5300f-f3f2-48d9-ae25-3e63411fd680/datanode-0/data/ratis/30c5d1af-a688-44e8-a255-e9578cd0babe/sm/snapshot.1_1
2020-12-08 02:18:52,497 [bef787c3-a919-4f9b-887c-fdb68b2678bc@group-2C9564A021F4-LeaderElection46] INFO  server.RaftServerConfigKeys (ConfUtils.java:logGet(44)) - raft.server.watch.timeout.denomination = 1s (default)
2020-12-08 02:18:52,497 [bef787c3-a919-4f9b-887c-fdb68b2678bc@group-2C9564A021F4-LeaderElection46] INFO  server.RaftServerConfigKeys (ConfUtils.java:logGet(44)) - raft.server.watch.element-limit = 65536 (default)
2020-12-08 02:18:52,497 [bef787c3-a919-4f9b-887c-fdb68b2678bc@group-2C9564A021F4-LeaderElection46] INFO  impl.RoleInfo (RoleInfo.java:updateAndGet(143)) - bef787c3-a919-4f9b-887c-fdb68b2678bc: start bef787c3-a919-4f9b-887c-fdb68b2678bc@group-2C9564A021F4-LeaderState
2020-12-08 02:18:52,497 [bef787c3-a919-4f9b-887c-fdb68b2678bc@group-2C9564A021F4-LeaderElection46] INFO  segmented.SegmentedRaftLogWorker (SegmentedRaftLogWorker.java:startLogSegment(398)) - bef787c3-a919-4f9b-887c-fdb68b2678bc@group-2C9564A021F4-SegmentedRaftLogWorker: Starting segment from index:0
2020-12-08 02:18:52,498 [bef787c3-a919-4f9b-887c-fdb68b2678bc@group-2C9564A021F4-LeaderElection46] INFO  impl.RaftServerImpl (ServerState.java:setRaftConf(374)) - bef787c3-a919-4f9b-887c-fdb68b2678bc@group-2C9564A021F4: set configuration 0: [bef787c3-a919-4f9b-887c-fdb68b2678bc|rpc:172.17.0.2:36967|dataStream:], old=null at 0
2020-12-08 02:18:52,498 [Listener at 127.0.0.1/40701] INFO  ozone.MiniOzoneClusterImpl (MiniOzoneClusterImpl.java:shutdown(388)) - Shutting down the Mini Ozone Cluster
2020-12-08 02:18:52,499 [bef787c3-a919-4f9b-887c-fdb68b2678bc@group-2C9564A021F4-SegmentedRaftLogWorker] INFO  segmented.SegmentedRaftLogWorker (SegmentedRaftLogWorker.java:execute(597)) - bef787c3-a919-4f9b-887c-fdb68b2678bc@group-2C9564A021F4-SegmentedRaftLogWorker: created new log segment /github/workspace/mnt/ozone/hadoop-ozone/integration-test/target/test-dir/MiniOzoneClusterImpl-c7e5300f-f3f2-48d9-ae25-3e63411fd680/datanode-4/data/ratis/81748940-a9f4-4d3c-b549-2c9564a021f4/current/log_inprogress_0
2020-12-08 02:18:52,499 [Listener at 127.0.0.1/40701] INFO  ozone.MiniOzoneClusterImpl (MiniOzoneClusterImpl.java:stop(403)) - Stopping the Mini Ozone Cluster
2020-12-08 02:18:52,500 [Listener at 127.0.0.1/40701] INFO  ozone.MiniOzoneClusterImpl (MiniOzoneClusterImpl.java:stopOM(485)) - Stopping the OzoneManager
2020-12-08 02:18:52,500 [Listener at 127.0.0.1/40701] INFO  ipc.Server (Server.java:stop(3359)) - Stopping server on 40701
2020-12-08 02:18:52,502 [dfa92053-6d36-469c-b0e7-d151100efb82@group-E9578CD0BABE-StateMachineUpdater] INFO  ratis.ContainerStateMachine (ContainerStateMachine.java:takeSnapshot(304)) - group-E9578CD0BABE: Finished taking a snapshot at:(t:1, i:1) file:/github/workspace/mnt/ozone/hadoop-ozone/integration-test/target/test-dir/MiniOzoneClusterImpl-c7e5300f-f3f2-48d9-ae25-3e63411fd680/datanode-0/data/ratis/30c5d1af-a688-44e8-a255-e9578cd0babe/sm/snapshot.1_1 time:11
2020-12-08 02:18:52,503 [dfa92053-6d36-469c-b0e7-d151100efb82@group-E9578CD0BABE-StateMachineUpdater] INFO  impl.StateMachineUpdater (StateMachineUpdater.java:takeSnapshot(278)) - dfa92053-6d36-469c-b0e7-d151100efb82@group-E9578CD0BABE-StateMachineUpdater: Took a snapshot at index 1
2020-12-08 02:18:52,503 [dfa92053-6d36-469c-b0e7-d151100efb82@group-E9578CD0BABE-StateMachineUpdater] INFO  impl.StateMachineUpdater (StateMachineUpdater.java:lambda$new$0(87)) - dfa92053-6d36-469c-b0e7-d151100efb82@group-E9578CD0BABE-StateMachineUpdater: snapshotIndex: updateIncreasingly -1 -> 1
2020-12-08 02:18:52,503 [dfa92053-6d36-469c-b0e7-d151100efb82@group-E9578CD0BABE-StateMachineUpdater] INFO  metrics.RatisMetrics (RatisMetrics.java:unregister(43)) - Unregistering Metrics Registry : ratis.state_machine.dfa92053-6d36-469c-b0e7-d151100efb82@group-E9578CD0BABE
2020-12-08 02:18:52,503 [Command processor thread] INFO  impl.RaftServerImpl (ServerState.java:close(406)) - dfa92053-6d36-469c-b0e7-d151100efb82@group-E9578CD0BABE: closes. applyIndex: 1
2020-12-08 02:18:52,503 [dfa92053-6d36-469c-b0e7-d151100efb82@group-E9578CD0BABE-SegmentedRaftLogWorker] INFO  segmented.SegmentedRaftLogWorker (SegmentedRaftLogWorker.java:run(329)) - dfa92053-6d36-469c-b0e7-d151100efb82@group-E9578CD0BABE-SegmentedRaftLogWorker was interrupted, exiting. There are 0 tasks remaining in the queue.
2020-12-08 02:18:52,506 [Command processor thread] INFO  segmented.SegmentedRaftLogWorker (SegmentedRaftLogWorker.java:close(235)) - dfa92053-6d36-469c-b0e7-d151100efb82@group-E9578CD0BABE-SegmentedRaftLogWorker close()
2020-12-08 02:18:52,508 [Command processor thread] INFO  metrics.RatisMetrics (RatisMetrics.java:unregister(43)) - Unregistering Metrics Registry : ratis.log_worker.dfa92053-6d36-469c-b0e7-d151100efb82@group-E9578CD0BABE
2020-12-08 02:18:52,508 [Command processor thread] INFO  metrics.RatisMetrics (RatisMetrics.java:unregister(43)) - Unregistering Metrics Registry : ratis.leader_election.dfa92053-6d36-469c-b0e7-d151100efb82@group-E9578CD0BABE
2020-12-08 02:18:52,508 [Command processor thread] INFO  metrics.RatisMetrics (RatisMetrics.java:unregister(43)) - Unregistering Metrics Registry : ratis.server.dfa92053-6d36-469c-b0e7-d151100efb82@group-E9578CD0BABE
2020-12-08 02:18:52,514 [IPC Server listener on 0] INFO  ipc.Server (Server.java:run(1330)) - Stopping IPC Server listener on 0
2020-12-08 02:18:52,514 [IPC Server Responder] INFO  ipc.Server (Server.java:run(1465)) - Stopping IPC Server Responder
2020-12-08 02:18:52,514 [Listener at 127.0.0.1/40701] INFO  ratis.OzoneManagerDoubleBuffer (OzoneManagerDoubleBuffer.java:stop(457)) - Stopping OMDoubleBuffer flush thread
2020-12-08 02:18:52,515 [OMDoubleBufferFlushThread] INFO  ratis.OzoneManagerDoubleBuffer (OzoneManagerDoubleBuffer.java:flushTransactions(356)) - OMDoubleBuffer flush thread OMDoubleBufferFlushThread is interrupted and will exit. OMDoubleBufferFlushThread
2020-12-08 02:18:52,515 [Listener at 127.0.0.1/40701] INFO  utils.BackgroundService (BackgroundService.java:shutdown(132)) - Shutting down service KeyDeletingService
2020-12-08 02:18:52,515 [Listener at 127.0.0.1/40701] INFO  handler.ContextHandler (ContextHandler.java:doStop(1154)) - Stopped o.e.j.w.WebAppContext@6ee0bfee{ozoneManager,/,null,STOPPED}{file:/github/workspace/mnt/ozone/hadoop-ozone/integration-test/target/test-classes/webapps/ozoneManager}
2020-12-08 02:18:52,518 [Listener at 127.0.0.1/40701] INFO  server.AbstractConnector (AbstractConnector.java:doStop(381)) - Stopped ServerConnector@64eb35bd{HTTP/1.1, (http/1.1)}{0.0.0.0:0}
2020-12-08 02:18:52,519 [Listener at 127.0.0.1/40701] INFO  server.session (HouseKeeper.java:stopScavenging(149)) - node0 Stopped scavenging
2020-12-08 02:18:52,519 [Listener at 127.0.0.1/40701] INFO  handler.ContextHandler (ContextHandler.java:doStop(1154)) - Stopped o.e.j.s.ServletContextHandler@4e6a75a3{static,/static,file:///github/workspace/mnt/ozone/hadoop-ozone/integration-test/target/test-classes/webapps/static,STOPPED}
2020-12-08 02:18:52,519 [Listener at 127.0.0.1/40701] INFO  handler.ContextHandler (ContextHandler.java:doStop(1154)) - Stopped o.e.j.s.ServletContextHandler@79b2b427{logs,/logs,file:///github/workspace/mnt/ozone/hadoop-ozone/integration-test/target/log,STOPPED}
2020-12-08 02:18:52,516 [Command processor thread] INFO  keyvalue.KeyValueContainer (KeyValueContainer.java:flushAndSyncDB(388)) - Container 1 is synced with bcsId 0.
2020-12-08 02:18:52,519 [Command processor thread] INFO  keyvalue.KeyValueContainer (KeyValueContainer.java:flushAndSyncDB(388)) - Container 1 is synced with bcsId 0.
2020-12-08 02:18:52,523 [Listener at 127.0.0.1/40701] INFO  ozone.MiniOzoneClusterImpl (MiniOzoneClusterImpl.java:stopDatanodes(462)) - Stopping the HddsDatanodes
2020-12-08 02:18:52,524 [Command processor thread] INFO  impl.RaftServerImpl (RaftServerImpl.java:groupRemove(299)) - dfa92053-6d36-469c-b0e7-d151100efb82@group-E9578CD0BABE: Succeed to remove RaftStorageDirectory Storage Directory /github/workspace/mnt/ozone/hadoop-ozone/integration-test/target/test-dir/MiniOzoneClusterImpl-c7e5300f-f3f2-48d9-ae25-3e63411fd680/datanode-0/data/ratis/30c5d1af-a688-44e8-a255-e9578cd0babe
2020-12-08 02:18:52,524 [Command processor thread] INFO  commandhandler.ClosePipelineCommandHandler (ClosePipelineCommandHandler.java:handle(75)) - Close Pipeline PipelineID=30c5d1af-a688-44e8-a255-e9578cd0babe command on datanode dfa92053-6d36-469c-b0e7-d151100efb82.
2020-12-08 02:18:52,524 [Command processor thread] INFO  impl.RaftServerProxy (RaftServerProxy.java:addNew(93)) - dfa92053-6d36-469c-b0e7-d151100efb82: addNew group-F4EC93AE6281:[4e005ff2-b0a1-49c5-ae0b-0004e66f3274|rpc:172.17.0.2:37623, 0e1de31d-e867-4945-8f7b-16c35f8e70a9|rpc:172.17.0.2:36897, dfa92053-6d36-469c-b0e7-d151100efb82|rpc:172.17.0.2:42811] returns group-F4EC93AE6281:java.util.concurrent.CompletableFuture@386a2dd1[Not completed]
2020-12-08 02:18:52,525 [pool-395-thread-1] INFO  impl.RaftServerImpl (RaftServerImpl.java:<init>(121)) - dfa92053-6d36-469c-b0e7-d151100efb82: new RaftServerImpl for group-F4EC93AE6281:[4e005ff2-b0a1-49c5-ae0b-0004e66f3274|rpc:172.17.0.2:37623, 0e1de31d-e867-4945-8f7b-16c35f8e70a9|rpc:172.17.0.2:36897, dfa92053-6d36-469c-b0e7-d151100efb82|rpc:172.17.0.2:42811] with ContainerStateMachine:uninitialized
2020-12-08 02:18:52,525 [pool-395-thread-1] INFO  server.RaftServerConfigKeys (ConfUtils.java:logGet(44)) - raft.server.rpc.timeout.min = 5s (custom)
2020-12-08 02:18:52,525 [pool-395-thread-1] INFO  server.RaftServerConfigKeys (ConfUtils.java:logGet(44)) - raft.server.rpc.timeout.max = 5200ms (custom)
2020-12-08 02:18:52,526 [pool-395-thread-1] INFO  server.RaftServerConfigKeys (ConfUtils.java:logGet(44)) - raft.server.rpc.slowness.timeout = 300000ms (custom)
2020-12-08 02:18:52,526 [pool-395-thread-1] INFO  server.RaftServerConfigKeys (ConfUtils.java:logGet(44)) - raft.server.leaderelection.leader.step-down.wait-time = 10s (default)
2020-12-08 02:18:52,526 [pool-395-thread-1] INFO  server.RaftServerConfigKeys (ConfUtils.java:logGet(44)) - raft.server.sleep.deviation.threshold = 300 (default)
2020-12-08 02:18:52,526 [pool-395-thread-1] INFO  server.RaftServerConfigKeys (ConfUtils.java:logGet(44)) - raft.server.log.appender.install.snapshot.enabled = false (custom)
2020-12-08 02:18:52,526 [pool-395-thread-1] INFO  impl.RaftServerImpl (ServerState.java:<init>(104)) - dfa92053-6d36-469c-b0e7-d151100efb82@group-F4EC93AE6281: ConfigurationManager, init=-1: [4e005ff2-b0a1-49c5-ae0b-0004e66f3274|rpc:172.17.0.2:37623, 0e1de31d-e867-4945-8f7b-16c35f8e70a9|rpc:172.17.0.2:36897, dfa92053-6d36-469c-b0e7-d151100efb82|rpc:172.17.0.2:42811], old=null, confs=<EMPTY_MAP>
2020-12-08 02:18:52,526 [pool-395-thread-1] INFO  server.RaftServerConfigKeys (ConfUtils.java:logGet(44)) - raft.server.storage.dir = [/github/workspace/mnt/ozone/hadoop-ozone/integration-test/target/test-dir/MiniOzoneClusterImpl-c7e5300f-f3f2-48d9-ae25-3e63411fd680/datanode-0/data/ratis] (custom)
2020-12-08 02:18:52,526 [pool-395-thread-1] INFO  server.RaftServerConfigKeys (ConfUtils.java:logGet(44)) - raft.server.log.corruption.policy = EXCEPTION (default)
2020-12-08 02:18:52,526 [pool-395-thread-1] INFO  storage.RaftStorageDirectory (RaftStorageDirectory.java:analyzeStorage(261)) - The storage directory /github/workspace/mnt/ozone/hadoop-ozone/integration-test/target/test-dir/MiniOzoneClusterImpl-c7e5300f-f3f2-48d9-ae25-3e63411fd680/datanode-0/data/ratis/408dade4-1d96-4f3b-8d08-f4ec93ae6281 does not exist. Creating ...
2020-12-08 02:18:52,528 [pool-395-thread-1] INFO  storage.RaftStorageDirectory (RaftStorageDirectory.java:tryLock(343)) - Lock on /github/workspace/mnt/ozone/hadoop-ozone/integration-test/target/test-dir/MiniOzoneClusterImpl-c7e5300f-f3f2-48d9-ae25-3e63411fd680/datanode-0/data/ratis/408dade4-1d96-4f3b-8d08-f4ec93ae6281/in_use.lock acquired by nodename 18611@11cef1ca5a88
2020-12-08 02:18:52,529 [pool-395-thread-1] INFO  storage.RaftStorage (RaftStorage.java:format(85)) - Storage directory /github/workspace/mnt/ozone/hadoop-ozone/integration-test/target/test-dir/MiniOzoneClusterImpl-c7e5300f-f3f2-48d9-ae25-3e63411fd680/datanode-0/data/ratis/408dade4-1d96-4f3b-8d08-f4ec93ae6281 has been successfully formatted.
2020-12-08 02:18:52,529 [pool-395-thread-1] INFO  ratis.ContainerStateMachine (ContainerStateMachine.java:loadSnapshot(225)) - group-F4EC93AE6281: The snapshot info is null. Setting the last applied indexto:(t:0, i:~)
2020-12-08 02:18:52,529 [pool-395-thread-1] INFO  server.RaftServerConfigKeys (ConfUtils.java:logGet(44)) - raft.server.notification.no-leader.timeout = 300000ms (custom)
2020-12-08 02:18:52,529 [pool-395-thread-1] INFO  server.RaftServerConfigKeys (ConfUtils.java:logGet(44)) - raft.server.log.use.memory = false (default)
2020-12-08 02:18:52,530 [pool-395-thread-1] INFO  server.RaftServerConfigKeys (ConfUtils.java:logGet(44)) - raft.server.log.purge.gap = 1000000 (custom)
2020-12-08 02:18:52,530 [pool-395-thread-1] INFO  metrics.RatisMetrics (RatisMetrics.java:lambda$create$0(36)) - Creating Metrics Registry : ratis.log_worker.dfa92053-6d36-469c-b0e7-d151100efb82@group-F4EC93AE6281
2020-12-08 02:18:52,530 [pool-395-thread-1] INFO  server.RaftServerConfigKeys (ConfUtils.java:logGet(44)) - raft.server.log.appender.buffer.byte-limit = 33554432 (custom)
2020-12-08 02:18:52,530 [pool-395-thread-1] INFO  server.RaftServerConfigKeys (ConfUtils.java:logGet(44)) - raft.server.log.segment.size.max = 1048576 (custom)
2020-12-08 02:18:52,530 [pool-395-thread-1] INFO  server.RaftServerConfigKeys (ConfUtils.java:logGet(44)) - raft.server.log.segment.cache.num.max = 2 (custom)
2020-12-08 02:18:52,531 [pool-395-thread-1] INFO  segmented.SegmentedRaftLogWorker (SegmentedRaftLogWorker.java:<init>(180)) - new dfa92053-6d36-469c-b0e7-d151100efb82@group-F4EC93AE6281-SegmentedRaftLogWorker for RaftStorage:Storage Directory /github/workspace/mnt/ozone/hadoop-ozone/integration-test/target/test-dir/MiniOzoneClusterImpl-c7e5300f-f3f2-48d9-ae25-3e63411fd680/datanode-0/data/ratis/408dade4-1d96-4f3b-8d08-f4ec93ae6281
2020-12-08 02:18:52,531 [pool-395-thread-1] INFO  server.RaftServerConfigKeys (ConfUtils.java:logGet(44)) - raft.server.log.queue.byte-limit = 2147483647 (custom)
2020-12-08 02:18:52,531 [pool-395-thread-1] INFO  server.RaftServerConfigKeys (ConfUtils.java:logGet(44)) - raft.server.log.queue.element-limit = 1024 (custom)
2020-12-08 02:18:52,531 [pool-395-thread-1] INFO  server.RaftServerConfigKeys (ConfUtils.java:logGet(44)) - raft.server.log.segment.size.max = 1048576 (custom)
2020-12-08 02:18:52,531 [pool-395-thread-1] INFO  server.RaftServerConfigKeys (ConfUtils.java:logGet(44)) - raft.server.log.preallocated.size = 16384 (custom)
2020-12-08 02:18:52,531 [pool-395-thread-1] INFO  server.RaftServerConfigKeys (ConfUtils.java:logGet(44)) - raft.server.log.write.buffer.size = 1048576 (custom)
2020-12-08 02:18:52,531 [pool-395-thread-1] INFO  server.RaftServerConfigKeys (ConfUtils.java:logGet(44)) - raft.server.log.force.sync.num = 128 (default)
2020-12-08 02:18:52,531 [pool-395-thread-1] INFO  server.RaftServerConfigKeys (ConfUtils.java:logGet(44)) - raft.server.log.statemachine.data.sync = true (default)
2020-12-08 02:18:52,531 [pool-395-thread-1] INFO  server.RaftServerConfigKeys (ConfUtils.java:logGet(44)) - raft.server.log.statemachine.data.sync.timeout = 10s (default)
2020-12-08 02:18:52,531 [pool-395-thread-1] INFO  server.RaftServerConfigKeys (ConfUtils.java:logGet(44)) - raft.server.log.statemachine.data.sync.timeout.retry = -1 (default)
2020-12-08 02:18:52,533 [pool-395-thread-1] INFO  server.RaftServerConfigKeys (ConfUtils.java:logGet(44)) - raft.server.log.statemachine.data.caching.enabled = true (custom)
2020-12-08 02:18:52,533 [pool-395-thread-1] INFO  segmented.SegmentedRaftLogWorker (SegmentedRaftLogWorker.java:lambda$new$0(129)) - dfa92053-6d36-469c-b0e7-d151100efb82@group-F4EC93AE6281-SegmentedRaftLogWorker: flushIndex: setUnconditionally 0 -> -1
2020-12-08 02:18:52,533 [pool-395-thread-1] INFO  segmented.SegmentedRaftLogWorker (SegmentedRaftLogWorker.java:lambda$new$0(129)) - dfa92053-6d36-469c-b0e7-d151100efb82@group-F4EC93AE6281-SegmentedRaftLogWorker: safeCacheEvictIndex: setUnconditionally 0 -> -1
2020-12-08 02:18:52,539 [pool-395-thread-1] INFO  server.RaftServerConfigKeys (ConfUtils.java:logGet(44)) - raft.server.snapshot.auto.trigger.enabled = true (custom)
2020-12-08 02:18:52,539 [pool-395-thread-1] INFO  server.RaftServerConfigKeys (ConfUtils.java:logGet(44)) - raft.server.snapshot.auto.trigger.threshold = 10000 (custom)
2020-12-08 02:18:52,539 [pool-395-thread-1] INFO  server.RaftServerConfigKeys (ConfUtils.java:logGet(44)) - raft.server.snapshot.retention.file.num = 5 (custom)
2020-12-08 02:18:52,539 [pool-395-thread-1] INFO  server.RaftServerConfigKeys (ConfUtils.java:logGet(44)) - raft.server.log.purge.upto.snapshot.index = false (default)
2020-12-08 02:18:52,539 [pool-395-thread-1] INFO  server.RaftServerConfigKeys (ConfUtils.java:logGet(44)) - raft.server.retrycache.expirytime = 600000ms (custom)
2020-12-08 02:18:52,539 [pool-395-thread-1] INFO  metrics.RatisMetrics (RatisMetrics.java:lambda$create$0(36)) - Creating Metrics Registry : ratis.leader_election.dfa92053-6d36-469c-b0e7-d151100efb82@group-F4EC93AE6281
2020-12-08 02:18:52,540 [pool-395-thread-1] INFO  metrics.RatisMetrics (RatisMetrics.java:lambda$create$0(36)) - Creating Metrics Registry : ratis.server.dfa92053-6d36-469c-b0e7-d151100efb82@group-F4EC93AE6281
2020-12-08 02:18:52,541 [pool-395-thread-1] INFO  impl.RaftServerImpl (RaftServerImpl.java:start(215)) - dfa92053-6d36-469c-b0e7-d151100efb82@group-F4EC93AE6281: start as a follower, conf=-1: [4e005ff2-b0a1-49c5-ae0b-0004e66f3274|rpc:172.17.0.2:37623, 0e1de31d-e867-4945-8f7b-16c35f8e70a9|rpc:172.17.0.2:36897, dfa92053-6d36-469c-b0e7-d151100efb82|rpc:172.17.0.2:42811], old=null
2020-12-08 02:18:52,541 [pool-395-thread-1] INFO  impl.RaftServerImpl (RaftServerImpl.java:setRole(204)) - dfa92053-6d36-469c-b0e7-d151100efb82@group-F4EC93AE6281: changes role from      null to FOLLOWER at term 0 for startAsFollower
2020-12-08 02:18:52,541 [pool-395-thread-1] INFO  impl.RoleInfo (RoleInfo.java:updateAndGet(143)) - dfa92053-6d36-469c-b0e7-d151100efb82: start dfa92053-6d36-469c-b0e7-d151100efb82@group-F4EC93AE6281-FollowerState
2020-12-08 02:18:52,544 [pool-395-thread-1] INFO  util.JmxRegister (JmxRegister.java:tryRegister(44)) - Successfully registered JMX Bean with object name Ratis:service=RaftServer,group=group-F4EC93AE6281,id=dfa92053-6d36-469c-b0e7-d151100efb82
2020-12-08 02:18:52,544 [pool-395-thread-1] INFO  metrics.RatisMetrics (RatisMetrics.java:lambda$create$0(36)) - Creating Metrics Registry : ratis.state_machine.dfa92053-6d36-469c-b0e7-d151100efb82@group-F4EC93AE6281
2020-12-08 02:18:52,546 [Command processor thread] INFO  metrics.RatisMetrics (RatisMetrics.java:lambda$create$0(36)) - Creating Metrics Registry : ratis.client_message_metrics.client-F33E80188687->4e005ff2-b0a1-49c5-ae0b-0004e66f3274
2020-12-08 02:18:52,559 [grpc-default-executor-1] INFO  impl.RaftServerProxy (RaftServerProxy.java:addNew(93)) - 4e005ff2-b0a1-49c5-ae0b-0004e66f3274: addNew group-F4EC93AE6281:[4e005ff2-b0a1-49c5-ae0b-0004e66f3274|rpc:172.17.0.2:37623|dataStream:, 0e1de31d-e867-4945-8f7b-16c35f8e70a9|rpc:172.17.0.2:36897|dataStream:, dfa92053-6d36-469c-b0e7-d151100efb82|rpc:172.17.0.2:42811|dataStream:] returns group-F4EC93AE6281:java.util.concurrent.CompletableFuture@2f7b7c58[Not completed]
2020-12-08 02:18:52,560 [pool-411-thread-1] INFO  impl.RaftServerImpl (RaftServerImpl.java:<init>(121)) - 4e005ff2-b0a1-49c5-ae0b-0004e66f3274: new RaftServerImpl for group-F4EC93AE6281:[4e005ff2-b0a1-49c5-ae0b-0004e66f3274|rpc:172.17.0.2:37623|dataStream:, 0e1de31d-e867-4945-8f7b-16c35f8e70a9|rpc:172.17.0.2:36897|dataStream:, dfa92053-6d36-469c-b0e7-d151100efb82|rpc:172.17.0.2:42811|dataStream:] with ContainerStateMachine:uninitialized
2020-12-08 02:18:52,560 [pool-411-thread-1] INFO  server.RaftServerConfigKeys (ConfUtils.java:logGet(44)) - raft.server.rpc.timeout.min = 5s (custom)
2020-12-08 02:18:52,560 [pool-411-thread-1] INFO  server.RaftServerConfigKeys (ConfUtils.java:logGet(44)) - raft.server.rpc.timeout.max = 5200ms (custom)
2020-12-08 02:18:52,560 [pool-411-thread-1] INFO  server.RaftServerConfigKeys (ConfUtils.java:logGet(44)) - raft.server.rpc.slowness.timeout = 300000ms (custom)
2020-12-08 02:18:52,560 [pool-411-thread-1] INFO  server.RaftServerConfigKeys (ConfUtils.java:logGet(44)) - raft.server.leaderelection.leader.step-down.wait-time = 10s (default)
2020-12-08 02:18:52,560 [pool-411-thread-1] INFO  server.RaftServerConfigKeys (ConfUtils.java:logGet(44)) - raft.server.sleep.deviation.threshold = 300 (default)
2020-12-08 02:18:52,560 [pool-411-thread-1] INFO  server.RaftServerConfigKeys (ConfUtils.java:logGet(44)) - raft.server.log.appender.install.snapshot.enabled = false (custom)
2020-12-08 02:18:52,560 [pool-411-thread-1] INFO  impl.RaftServerImpl (ServerState.java:<init>(104)) - 4e005ff2-b0a1-49c5-ae0b-0004e66f3274@group-F4EC93AE6281: ConfigurationManager, init=-1: [4e005ff2-b0a1-49c5-ae0b-0004e66f3274|rpc:172.17.0.2:37623|dataStream:, 0e1de31d-e867-4945-8f7b-16c35f8e70a9|rpc:172.17.0.2:36897|dataStream:, dfa92053-6d36-469c-b0e7-d151100efb82|rpc:172.17.0.2:42811|dataStream:], old=null, confs=<EMPTY_MAP>
2020-12-08 02:18:52,560 [pool-411-thread-1] INFO  server.RaftServerConfigKeys (ConfUtils.java:logGet(44)) - raft.server.storage.dir = [/github/workspace/mnt/ozone/hadoop-ozone/integration-test/target/test-dir/MiniOzoneClusterImpl-c7e5300f-f3f2-48d9-ae25-3e63411fd680/datanode-1/data/ratis] (custom)
2020-12-08 02:18:52,560 [pool-411-thread-1] INFO  server.RaftServerConfigKeys (ConfUtils.java:logGet(44)) - raft.server.log.corruption.policy = EXCEPTION (default)
2020-12-08 02:18:52,561 [pool-411-thread-1] INFO  storage.RaftStorageDirectory (RaftStorageDirectory.java:analyzeStorage(261)) - The storage directory /github/workspace/mnt/ozone/hadoop-ozone/integration-test/target/test-dir/MiniOzoneClusterImpl-c7e5300f-f3f2-48d9-ae25-3e63411fd680/datanode-1/data/ratis/408dade4-1d96-4f3b-8d08-f4ec93ae6281 does not exist. Creating ...
2020-12-08 02:18:52,562 [pool-411-thread-1] INFO  storage.RaftStorageDirectory (RaftStorageDirectory.java:tryLock(343)) - Lock on /github/workspace/mnt/ozone/hadoop-ozone/integration-test/target/test-dir/MiniOzoneClusterImpl-c7e5300f-f3f2-48d9-ae25-3e63411fd680/datanode-1/data/ratis/408dade4-1d96-4f3b-8d08-f4ec93ae6281/in_use.lock acquired by nodename 18611@11cef1ca5a88
2020-12-08 02:18:52,563 [pool-411-thread-1] INFO  storage.RaftStorage (RaftStorage.java:format(85)) - Storage directory /github/workspace/mnt/ozone/hadoop-ozone/integration-test/target/test-dir/MiniOzoneClusterImpl-c7e5300f-f3f2-48d9-ae25-3e63411fd680/datanode-1/data/ratis/408dade4-1d96-4f3b-8d08-f4ec93ae6281 has been successfully formatted.
2020-12-08 02:18:52,564 [pool-411-thread-1] INFO  ratis.ContainerStateMachine (ContainerStateMachine.java:loadSnapshot(225)) - group-F4EC93AE6281: The snapshot info is null. Setting the last applied indexto:(t:0, i:~)
2020-12-08 02:18:52,564 [pool-411-thread-1] INFO  server.RaftServerConfigKeys (ConfUtils.java:logGet(44)) - raft.server.notification.no-leader.timeout = 300000ms (custom)
2020-12-08 02:18:52,564 [pool-411-thread-1] INFO  server.RaftServerConfigKeys (ConfUtils.java:logGet(44)) - raft.server.log.use.memory = false (default)
2020-12-08 02:18:52,564 [pool-411-thread-1] INFO  server.RaftServerConfigKeys (ConfUtils.java:logGet(44)) - raft.server.log.purge.gap = 1000000 (custom)
2020-12-08 02:18:52,564 [pool-411-thread-1] INFO  metrics.RatisMetrics (RatisMetrics.java:lambda$create$0(36)) - Creating Metrics Registry : ratis.log_worker.4e005ff2-b0a1-49c5-ae0b-0004e66f3274@group-F4EC93AE6281
2020-12-08 02:18:52,564 [pool-411-thread-1] INFO  server.RaftServerConfigKeys (ConfUtils.java:logGet(44)) - raft.server.log.appender.buffer.byte-limit = 33554432 (custom)
2020-12-08 02:18:52,565 [pool-411-thread-1] INFO  server.RaftServerConfigKeys (ConfUtils.java:logGet(44)) - raft.server.log.segment.size.max = 1048576 (custom)
2020-12-08 02:18:52,565 [pool-411-thread-1] INFO  server.RaftServerConfigKeys (ConfUtils.java:logGet(44)) - raft.server.log.segment.cache.num.max = 2 (custom)
2020-12-08 02:18:52,566 [pool-411-thread-1] INFO  segmented.SegmentedRaftLogWorker (SegmentedRaftLogWorker.java:<init>(180)) - new 4e005ff2-b0a1-49c5-ae0b-0004e66f3274@group-F4EC93AE6281-SegmentedRaftLogWorker for RaftStorage:Storage Directory /github/workspace/mnt/ozone/hadoop-ozone/integration-test/target/test-dir/MiniOzoneClusterImpl-c7e5300f-f3f2-48d9-ae25-3e63411fd680/datanode-1/data/ratis/408dade4-1d96-4f3b-8d08-f4ec93ae6281
2020-12-08 02:18:52,566 [pool-411-thread-1] INFO  server.RaftServerConfigKeys (ConfUtils.java:logGet(44)) - raft.server.log.queue.byte-limit = 2147483647 (custom)
2020-12-08 02:18:52,566 [pool-411-thread-1] INFO  server.RaftServerConfigKeys (ConfUtils.java:logGet(44)) - raft.server.log.queue.element-limit = 1024 (custom)
2020-12-08 02:18:52,566 [pool-411-thread-1] INFO  server.RaftServerConfigKeys (ConfUtils.java:logGet(44)) - raft.server.log.segment.size.max = 1048576 (custom)
2020-12-08 02:18:52,566 [pool-411-thread-1] INFO  server.RaftServerConfigKeys (ConfUtils.java:logGet(44)) - raft.server.log.preallocated.size = 16384 (custom)
2020-12-08 02:18:52,566 [pool-411-thread-1] INFO  server.RaftServerConfigKeys (ConfUtils.java:logGet(44)) - raft.server.log.write.buffer.size = 1048576 (custom)
2020-12-08 02:18:52,566 [pool-411-thread-1] INFO  server.RaftServerConfigKeys (ConfUtils.java:logGet(44)) - raft.server.log.force.sync.num = 128 (default)
2020-12-08 02:18:52,566 [pool-411-thread-1] INFO  server.RaftServerConfigKeys (ConfUtils.java:logGet(44)) - raft.server.log.statemachine.data.sync = true (default)
2020-12-08 02:18:52,566 [pool-411-thread-1] INFO  server.RaftServerConfigKeys (ConfUtils.java:logGet(44)) - raft.server.log.statemachine.data.sync.timeout = 10s (default)
2020-12-08 02:18:52,566 [pool-411-thread-1] INFO  server.RaftServerConfigKeys (ConfUtils.java:logGet(44)) - raft.server.log.statemachine.data.sync.timeout.retry = -1 (default)
2020-12-08 02:18:52,569 [pool-411-thread-1] INFO  server.RaftServerConfigKeys (ConfUtils.java:logGet(44)) - raft.server.log.statemachine.data.caching.enabled = true (custom)
2020-12-08 02:18:52,574 [pool-411-thread-1] INFO  segmented.SegmentedRaftLogWorker (SegmentedRaftLogWorker.java:lambda$new$0(129)) - 4e005ff2-b0a1-49c5-ae0b-0004e66f3274@group-F4EC93AE6281-SegmentedRaftLogWorker: flushIndex: setUnconditionally 0 -> -1
2020-12-08 02:18:52,574 [pool-411-thread-1] INFO  segmented.SegmentedRaftLogWorker (SegmentedRaftLogWorker.java:lambda$new$0(129)) - 4e005ff2-b0a1-49c5-ae0b-0004e66f3274@group-F4EC93AE6281-SegmentedRaftLogWorker: safeCacheEvictIndex: setUnconditionally 0 -> -1
2020-12-08 02:18:52,575 [pool-411-thread-1] INFO  server.RaftServerConfigKeys (ConfUtils.java:logGet(44)) - raft.server.snapshot.auto.trigger.enabled = true (custom)
2020-12-08 02:18:52,575 [pool-411-thread-1] INFO  server.RaftServerConfigKeys (ConfUtils.java:logGet(44)) - raft.server.snapshot.auto.trigger.threshold = 10000 (custom)
2020-12-08 02:18:52,575 [pool-411-thread-1] INFO  server.RaftServerConfigKeys (ConfUtils.java:logGet(44)) - raft.server.snapshot.retention.file.num = 5 (custom)
2020-12-08 02:18:52,575 [pool-411-thread-1] INFO  server.RaftServerConfigKeys (ConfUtils.java:logGet(44)) - raft.server.log.purge.upto.snapshot.index = false (default)
2020-12-08 02:18:52,575 [pool-411-thread-1] INFO  server.RaftServerConfigKeys (ConfUtils.java:logGet(44)) - raft.server.retrycache.expirytime = 600000ms (custom)
2020-12-08 02:18:52,575 [pool-411-thread-1] INFO  metrics.RatisMetrics (RatisMetrics.java:lambda$create$0(36)) - Creating Metrics Registry : ratis.leader_election.4e005ff2-b0a1-49c5-ae0b-0004e66f3274@group-F4EC93AE6281
2020-12-08 02:18:52,576 [pool-411-thread-1] INFO  metrics.RatisMetrics (RatisMetrics.java:lambda$create$0(36)) - Creating Metrics Registry : ratis.server.4e005ff2-b0a1-49c5-ae0b-0004e66f3274@group-F4EC93AE6281
2020-12-08 02:18:52,577 [pool-411-thread-1] INFO  impl.RaftServerImpl (RaftServerImpl.java:start(215)) - 4e005ff2-b0a1-49c5-ae0b-0004e66f3274@group-F4EC93AE6281: start as a follower, conf=-1: [4e005ff2-b0a1-49c5-ae0b-0004e66f3274|rpc:172.17.0.2:37623|dataStream:, 0e1de31d-e867-4945-8f7b-16c35f8e70a9|rpc:172.17.0.2:36897|dataStream:, dfa92053-6d36-469c-b0e7-d151100efb82|rpc:172.17.0.2:42811|dataStream:], old=null
2020-12-08 02:18:52,577 [pool-411-thread-1] INFO  impl.RaftServerImpl (RaftServerImpl.java:setRole(204)) - 4e005ff2-b0a1-49c5-ae0b-0004e66f3274@group-F4EC93AE6281: changes role from      null to FOLLOWER at term 0 for startAsFollower
2020-12-08 02:18:52,577 [pool-411-thread-1] INFO  impl.RoleInfo (RoleInfo.java:updateAndGet(143)) - 4e005ff2-b0a1-49c5-ae0b-0004e66f3274: start 4e005ff2-b0a1-49c5-ae0b-0004e66f3274@group-F4EC93AE6281-FollowerState
2020-12-08 02:18:52,580 [pool-411-thread-1] INFO  util.JmxRegister (JmxRegister.java:tryRegister(44)) - Successfully registered JMX Bean with object name Ratis:service=RaftServer,group=group-F4EC93AE6281,id=4e005ff2-b0a1-49c5-ae0b-0004e66f3274
2020-12-08 02:18:52,580 [pool-411-thread-1] INFO  metrics.RatisMetrics (RatisMetrics.java:lambda$create$0(36)) - Creating Metrics Registry : ratis.state_machine.4e005ff2-b0a1-49c5-ae0b-0004e66f3274@group-F4EC93AE6281
2020-12-08 02:18:52,587 [org.apache.ratis.server.JvmPauseMonitor@680ec5a0-Monitor] WARN  server.JvmPauseMonitor (JvmPauseMonitor.java:run(141)) - Detected pause in JVM or host machine (eg GC): pause of approximately 1ms
GC pool 'PS Scavenge' had collection(s): count=1 time=59ms
2020-12-08 02:18:52,590 [Command processor thread] INFO  metrics.RatisMetrics (RatisMetrics.java:lambda$create$0(36)) - Creating Metrics Registry : ratis.client_message_metrics.client-B0CC7955C7B3->0e1de31d-e867-4945-8f7b-16c35f8e70a9
2020-12-08 02:18:52,596 [grpc-default-executor-1] INFO  impl.RaftServerProxy (RaftServerProxy.java:addNew(93)) - 0e1de31d-e867-4945-8f7b-16c35f8e70a9: addNew group-F4EC93AE6281:[4e005ff2-b0a1-49c5-ae0b-0004e66f3274|rpc:172.17.0.2:37623|dataStream:, 0e1de31d-e867-4945-8f7b-16c35f8e70a9|rpc:172.17.0.2:36897|dataStream:, dfa92053-6d36-469c-b0e7-d151100efb82|rpc:172.17.0.2:42811|dataStream:] returns group-F4EC93AE6281:java.util.concurrent.CompletableFuture@60fa806e[Not completed]
2020-12-08 02:18:52,597 [pool-427-thread-1] INFO  impl.RaftServerImpl (RaftServerImpl.java:<init>(121)) - 0e1de31d-e867-4945-8f7b-16c35f8e70a9: new RaftServerImpl for group-F4EC93AE6281:[4e005ff2-b0a1-49c5-ae0b-0004e66f3274|rpc:172.17.0.2:37623|dataStream:, 0e1de31d-e867-4945-8f7b-16c35f8e70a9|rpc:172.17.0.2:36897|dataStream:, dfa92053-6d36-469c-b0e7-d151100efb82|rpc:172.17.0.2:42811|dataStream:] with ContainerStateMachine:uninitialized
2020-12-08 02:18:52,597 [pool-427-thread-1] INFO  server.RaftServerConfigKeys (ConfUtils.java:logGet(44)) - raft.server.rpc.timeout.min = 5s (custom)
2020-12-08 02:18:52,597 [pool-427-thread-1] INFO  server.RaftServerConfigKeys (ConfUtils.java:logGet(44)) - raft.server.rpc.timeout.max = 5200ms (custom)
2020-12-08 02:18:52,597 [pool-427-thread-1] INFO  server.RaftServerConfigKeys (ConfUtils.java:logGet(44)) - raft.server.rpc.slowness.timeout = 300000ms (custom)
2020-12-08 02:18:52,597 [pool-427-thread-1] INFO  server.RaftServerConfigKeys (ConfUtils.java:logGet(44)) - raft.server.leaderelection.leader.step-down.wait-time = 10s (default)
2020-12-08 02:18:52,597 [pool-427-thread-1] INFO  server.RaftServerConfigKeys (ConfUtils.java:logGet(44)) - raft.server.sleep.deviation.threshold = 300 (default)
2020-12-08 02:18:52,597 [pool-427-thread-1] INFO  server.RaftServerConfigKeys (ConfUtils.java:logGet(44)) - raft.server.log.appender.install.snapshot.enabled = false (custom)
2020-12-08 02:18:52,597 [pool-427-thread-1] INFO  impl.RaftServerImpl (ServerState.java:<init>(104)) - 0e1de31d-e867-4945-8f7b-16c35f8e70a9@group-F4EC93AE6281: ConfigurationManager, init=-1: [4e005ff2-b0a1-49c5-ae0b-0004e66f3274|rpc:172.17.0.2:37623|dataStream:, 0e1de31d-e867-4945-8f7b-16c35f8e70a9|rpc:172.17.0.2:36897|dataStream:, dfa92053-6d36-469c-b0e7-d151100efb82|rpc:172.17.0.2:42811|dataStream:], old=null, confs=<EMPTY_MAP>
2020-12-08 02:18:52,598 [pool-427-thread-1] INFO  server.RaftServerConfigKeys (ConfUtils.java:logGet(44)) - raft.server.storage.dir = [/github/workspace/mnt/ozone/hadoop-ozone/integration-test/target/test-dir/MiniOzoneClusterImpl-c7e5300f-f3f2-48d9-ae25-3e63411fd680/datanode-2/data/ratis] (custom)
2020-12-08 02:18:52,598 [pool-427-thread-1] INFO  server.RaftServerConfigKeys (ConfUtils.java:logGet(44)) - raft.server.log.corruption.policy = EXCEPTION (default)
2020-12-08 02:18:52,598 [pool-427-thread-1] INFO  storage.RaftStorageDirectory (RaftStorageDirectory.java:analyzeStorage(261)) - The storage directory /github/workspace/mnt/ozone/hadoop-ozone/integration-test/target/test-dir/MiniOzoneClusterImpl-c7e5300f-f3f2-48d9-ae25-3e63411fd680/datanode-2/data/ratis/408dade4-1d96-4f3b-8d08-f4ec93ae6281 does not exist. Creating ...
2020-12-08 02:18:52,599 [pool-427-thread-1] INFO  storage.RaftStorageDirectory (RaftStorageDirectory.java:tryLock(343)) - Lock on /github/workspace/mnt/ozone/hadoop-ozone/integration-test/target/test-dir/MiniOzoneClusterImpl-c7e5300f-f3f2-48d9-ae25-3e63411fd680/datanode-2/data/ratis/408dade4-1d96-4f3b-8d08-f4ec93ae6281/in_use.lock acquired by nodename 18611@11cef1ca5a88
2020-12-08 02:18:52,600 [pool-427-thread-1] INFO  storage.RaftStorage (RaftStorage.java:format(85)) - Storage directory /github/workspace/mnt/ozone/hadoop-ozone/integration-test/target/test-dir/MiniOzoneClusterImpl-c7e5300f-f3f2-48d9-ae25-3e63411fd680/datanode-2/data/ratis/408dade4-1d96-4f3b-8d08-f4ec93ae6281 has been successfully formatted.
2020-12-08 02:18:52,601 [pool-427-thread-1] INFO  ratis.ContainerStateMachine (ContainerStateMachine.java:loadSnapshot(225)) - group-F4EC93AE6281: The snapshot info is null. Setting the last applied indexto:(t:0, i:~)
2020-12-08 02:18:52,601 [Datanode State Machine Thread - 0] INFO  statemachine.DatanodeStateMachine (DatanodeStateMachine.java:lambda$startDaemon$0(408)) - Ozone container server started.
2020-12-08 02:18:52,601 [pool-427-thread-1] INFO  server.RaftServerConfigKeys (ConfUtils.java:logGet(44)) - raft.server.notification.no-leader.timeout = 300000ms (custom)
2020-12-08 02:18:52,601 [pool-427-thread-1] INFO  server.RaftServerConfigKeys (ConfUtils.java:logGet(44)) - raft.server.log.use.memory = false (default)
2020-12-08 02:18:52,601 [pool-427-thread-1] INFO  server.RaftServerConfigKeys (ConfUtils.java:logGet(44)) - raft.server.log.purge.gap = 1000000 (custom)
2020-12-08 02:18:52,601 [pool-427-thread-1] INFO  metrics.RatisMetrics (RatisMetrics.java:lambda$create$0(36)) - Creating Metrics Registry : ratis.log_worker.0e1de31d-e867-4945-8f7b-16c35f8e70a9@group-F4EC93AE6281
2020-12-08 02:18:52,601 [pool-427-thread-1] INFO  server.RaftServerConfigKeys (ConfUtils.java:logGet(44)) - raft.server.log.appender.buffer.byte-limit = 33554432 (custom)
2020-12-08 02:18:52,602 [pool-427-thread-1] INFO  server.RaftServerConfigKeys (ConfUtils.java:logGet(44)) - raft.server.log.segment.size.max = 1048576 (custom)
2020-12-08 02:18:52,602 [pool-427-thread-1] INFO  server.RaftServerConfigKeys (ConfUtils.java:logGet(44)) - raft.server.log.segment.cache.num.max = 2 (custom)
2020-12-08 02:18:52,602 [pool-427-thread-1] INFO  segmented.SegmentedRaftLogWorker (SegmentedRaftLogWorker.java:<init>(180)) - new 0e1de31d-e867-4945-8f7b-16c35f8e70a9@group-F4EC93AE6281-SegmentedRaftLogWorker for RaftStorage:Storage Directory /github/workspace/mnt/ozone/hadoop-ozone/integration-test/target/test-dir/MiniOzoneClusterImpl-c7e5300f-f3f2-48d9-ae25-3e63411fd680/datanode-2/data/ratis/408dade4-1d96-4f3b-8d08-f4ec93ae6281
2020-12-08 02:18:52,602 [pool-427-thread-1] INFO  server.RaftServerConfigKeys (ConfUtils.java:logGet(44)) - raft.server.log.queue.byte-limit = 2147483647 (custom)
2020-12-08 02:18:52,602 [pool-427-thread-1] INFO  server.RaftServerConfigKeys (ConfUtils.java:logGet(44)) - raft.server.log.queue.element-limit = 1024 (custom)
2020-12-08 02:18:52,603 [pool-427-thread-1] INFO  server.RaftServerConfigKeys (ConfUtils.java:logGet(44)) - raft.server.log.segment.size.max = 1048576 (custom)
2020-12-08 02:18:52,603 [pool-427-thread-1] INFO  server.RaftServerConfigKeys (ConfUtils.java:logGet(44)) - raft.server.log.preallocated.size = 16384 (custom)
2020-12-08 02:18:52,603 [pool-427-thread-1] INFO  server.RaftServerConfigKeys (ConfUtils.java:logGet(44)) - raft.server.log.write.buffer.size = 1048576 (custom)
2020-12-08 02:18:52,603 [pool-427-thread-1] INFO  server.RaftServerConfigKeys (ConfUtils.java:logGet(44)) - raft.server.log.force.sync.num = 128 (default)
2020-12-08 02:18:52,603 [pool-427-thread-1] INFO  server.RaftServerConfigKeys (ConfUtils.java:logGet(44)) - raft.server.log.statemachine.data.sync = true (default)
2020-12-08 02:18:52,603 [pool-427-thread-1] INFO  server.RaftServerConfigKeys (ConfUtils.java:logGet(44)) - raft.server.log.statemachine.data.sync.timeout = 10s (default)
2020-12-08 02:18:52,603 [pool-427-thread-1] INFO  server.RaftServerConfigKeys (ConfUtils.java:logGet(44)) - raft.server.log.statemachine.data.sync.timeout.retry = -1 (default)
2020-12-08 02:18:52,605 [pool-427-thread-1] INFO  server.RaftServerConfigKeys (ConfUtils.java:logGet(44)) - raft.server.log.statemachine.data.caching.enabled = true (custom)
2020-12-08 02:18:52,605 [pool-427-thread-1] INFO  segmented.SegmentedRaftLogWorker (SegmentedRaftLogWorker.java:lambda$new$0(129)) - 0e1de31d-e867-4945-8f7b-16c35f8e70a9@group-F4EC93AE6281-SegmentedRaftLogWorker: flushIndex: setUnconditionally 0 -> -1
2020-12-08 02:18:52,606 [pool-427-thread-1] INFO  segmented.SegmentedRaftLogWorker (SegmentedRaftLogWorker.java:lambda$new$0(129)) - 0e1de31d-e867-4945-8f7b-16c35f8e70a9@group-F4EC93AE6281-SegmentedRaftLogWorker: safeCacheEvictIndex: setUnconditionally 0 -> -1
2020-12-08 02:18:52,606 [pool-427-thread-1] INFO  server.RaftServerConfigKeys (ConfUtils.java:logGet(44)) - raft.server.snapshot.auto.trigger.enabled = true (custom)
2020-12-08 02:18:52,606 [pool-427-thread-1] INFO  server.RaftServerConfigKeys (ConfUtils.java:logGet(44)) - raft.server.snapshot.auto.trigger.threshold = 10000 (custom)
2020-12-08 02:18:52,606 [pool-427-thread-1] INFO  server.RaftServerConfigKeys (ConfUtils.java:logGet(44)) - raft.server.snapshot.retention.file.num = 5 (custom)
2020-12-08 02:18:52,606 [pool-427-thread-1] INFO  server.RaftServerConfigKeys (ConfUtils.java:logGet(44)) - raft.server.log.purge.upto.snapshot.index = false (default)
2020-12-08 02:18:52,606 [pool-427-thread-1] INFO  server.RaftServerConfigKeys (ConfUtils.java:logGet(44)) - raft.server.retrycache.expirytime = 600000ms (custom)
2020-12-08 02:18:52,606 [pool-427-thread-1] INFO  metrics.RatisMetrics (RatisMetrics.java:lambda$create$0(36)) - Creating Metrics Registry : ratis.leader_election.0e1de31d-e867-4945-8f7b-16c35f8e70a9@group-F4EC93AE6281
2020-12-08 02:18:52,607 [pool-427-thread-1] INFO  metrics.RatisMetrics (RatisMetrics.java:lambda$create$0(36)) - Creating Metrics Registry : ratis.server.0e1de31d-e867-4945-8f7b-16c35f8e70a9@group-F4EC93AE6281
2020-12-08 02:18:52,609 [pool-427-thread-1] INFO  impl.RaftServerImpl (RaftServerImpl.java:start(215)) - 0e1de31d-e867-4945-8f7b-16c35f8e70a9@group-F4EC93AE6281: start as a follower, conf=-1: [4e005ff2-b0a1-49c5-ae0b-0004e66f3274|rpc:172.17.0.2:37623|dataStream:, 0e1de31d-e867-4945-8f7b-16c35f8e70a9|rpc:172.17.0.2:36897|dataStream:, dfa92053-6d36-469c-b0e7-d151100efb82|rpc:172.17.0.2:42811|dataStream:], old=null
2020-12-08 02:18:52,609 [pool-427-thread-1] INFO  impl.RaftServerImpl (RaftServerImpl.java:setRole(204)) - 0e1de31d-e867-4945-8f7b-16c35f8e70a9@group-F4EC93AE6281: changes role from      null to FOLLOWER at term 0 for startAsFollower
2020-12-08 02:18:52,609 [pool-427-thread-1] INFO  impl.RoleInfo (RoleInfo.java:updateAndGet(143)) - 0e1de31d-e867-4945-8f7b-16c35f8e70a9: start 0e1de31d-e867-4945-8f7b-16c35f8e70a9@group-F4EC93AE6281-FollowerState
2020-12-08 02:18:52,609 [pool-427-thread-1] INFO  util.JmxRegister (JmxRegister.java:tryRegister(44)) - Successfully registered JMX Bean with object name Ratis:service=RaftServer,group=group-F4EC93AE6281,id=0e1de31d-e867-4945-8f7b-16c35f8e70a9
2020-12-08 02:18:52,609 [pool-427-thread-1] INFO  metrics.RatisMetrics (RatisMetrics.java:lambda$create$0(36)) - Creating Metrics Registry : ratis.state_machine.0e1de31d-e867-4945-8f7b-16c35f8e70a9@group-F4EC93AE6281
2020-12-08 02:18:52,618 [Command processor thread] INFO  commandhandler.CreatePipelineCommandHandler (CreatePipelineCommandHandler.java:handle(106)) - Created Pipeline RATIS THREE PipelineID=408dade4-1d96-4f3b-8d08-f4ec93ae6281.
2020-12-08 02:18:52,740 [Thread-1340] INFO  impl.FollowerState (FollowerState.java:run(128)) - e6ce4bfb-70cc-4dab-829a-840fddc24c05@group-1DFE0CB169D6-FollowerState: change to CANDIDATE, lastRpcTime:5010ms, electionTimeout:5009ms
2020-12-08 02:18:52,740 [Thread-1340] INFO  impl.RoleInfo (RoleInfo.java:shutdownFollowerState(121)) - e6ce4bfb-70cc-4dab-829a-840fddc24c05: shutdown e6ce4bfb-70cc-4dab-829a-840fddc24c05@group-1DFE0CB169D6-FollowerState
2020-12-08 02:18:52,740 [Thread-1340] INFO  impl.RaftServerImpl (RaftServerImpl.java:setRole(204)) - e6ce4bfb-70cc-4dab-829a-840fddc24c05@group-1DFE0CB169D6: changes role from  FOLLOWER to CANDIDATE at term 0 for changeToCandidate
2020-12-08 02:18:52,740 [Thread-1340] INFO  impl.RoleInfo (RoleInfo.java:updateAndGet(143)) - e6ce4bfb-70cc-4dab-829a-840fddc24c05: start e6ce4bfb-70cc-4dab-829a-840fddc24c05@group-1DFE0CB169D6-LeaderElection47
2020-12-08 02:18:52,745 [e6ce4bfb-70cc-4dab-829a-840fddc24c05@group-1DFE0CB169D6-LeaderElection47] INFO  impl.LeaderElection (LeaderElection.java:askForVotes(215)) - e6ce4bfb-70cc-4dab-829a-840fddc24c05@group-1DFE0CB169D6-LeaderElection47: begin an election at term 1 for -1: [e6ce4bfb-70cc-4dab-829a-840fddc24c05|rpc:172.17.0.2:45869], old=null
2020-12-08 02:18:52,745 [e6ce4bfb-70cc-4dab-829a-840fddc24c05@group-1DFE0CB169D6-LeaderElection47] INFO  impl.RoleInfo (RoleInfo.java:shutdownLeaderElection(134)) - e6ce4bfb-70cc-4dab-829a-840fddc24c05: shutdown e6ce4bfb-70cc-4dab-829a-840fddc24c05@group-1DFE0CB169D6-LeaderElection47
2020-12-08 02:18:52,745 [e6ce4bfb-70cc-4dab-829a-840fddc24c05@group-1DFE0CB169D6-LeaderElection47] INFO  impl.RaftServerImpl (RaftServerImpl.java:setRole(204)) - e6ce4bfb-70cc-4dab-829a-840fddc24c05@group-1DFE0CB169D6: changes role from CANDIDATE to LEADER at term 1 for changeToLeader
2020-12-08 02:18:52,745 [e6ce4bfb-70cc-4dab-829a-840fddc24c05@group-1DFE0CB169D6-LeaderElection47] INFO  ratis.XceiverServerRatis (XceiverServerRatis.java:handleLeaderChangedNotification(854)) - Leader change notification received for group: group-1DFE0CB169D6 with new leaderId: e6ce4bfb-70cc-4dab-829a-840fddc24c05
2020-12-08 02:18:52,745 [e6ce4bfb-70cc-4dab-829a-840fddc24c05@group-1DFE0CB169D6-LeaderElection47] INFO  impl.RaftServerImpl (ServerState.java:setLeader(256)) - e6ce4bfb-70cc-4dab-829a-840fddc24c05@group-1DFE0CB169D6: change Leader from null to e6ce4bfb-70cc-4dab-829a-840fddc24c05 at term 1 for becomeLeader, leader elected after 5024ms
2020-12-08 02:18:52,745 [e6ce4bfb-70cc-4dab-829a-840fddc24c05@group-1DFE0CB169D6-LeaderElection47] INFO  server.RaftServerConfigKeys (ConfUtils.java:logGet(44)) - raft.server.staging.catchup.gap = 1000 (default)
2020-12-08 02:18:52,745 [e6ce4bfb-70cc-4dab-829a-840fddc24c05@group-1DFE0CB169D6-LeaderElection47] INFO  server.RaftServerConfigKeys (ConfUtils.java:logGet(44)) - raft.server.rpc.sleep.time = 25ms (default)
2020-12-08 02:18:52,750 [e6ce4bfb-70cc-4dab-829a-840fddc24c05@group-1DFE0CB169D6-LeaderElection47] INFO  metrics.RatisMetrics (RatisMetrics.java:lambda$create$0(36)) - Creating Metrics Registry : ratis.log_appender.e6ce4bfb-70cc-4dab-829a-840fddc24c05@group-1DFE0CB169D6
2020-12-08 02:18:52,750 [e6ce4bfb-70cc-4dab-829a-840fddc24c05@group-1DFE0CB169D6-LeaderElection47] INFO  server.RaftServerConfigKeys (ConfUtils.java:logGet(44)) - raft.server.write.element-limit = 1024 (custom)
2020-12-08 02:18:52,751 [e6ce4bfb-70cc-4dab-829a-840fddc24c05@group-1DFE0CB169D6-LeaderElection47] INFO  server.RaftServerConfigKeys (ConfUtils.java:logGet(44)) - raft.server.write.byte-limit = 1073741824 (custom)
2020-12-08 02:18:52,751 [e6ce4bfb-70cc-4dab-829a-840fddc24c05@group-1DFE0CB169D6-LeaderElection47] INFO  server.RaftServerConfigKeys (ConfUtils.java:logGet(44)) - raft.server.watch.timeout = 3000ms (custom)
2020-12-08 02:18:52,752 [e6ce4bfb-70cc-4dab-829a-840fddc24c05@group-1DFE0CB169D6-LeaderElection47] INFO  server.RaftServerConfigKeys (ConfUtils.java:logGet(44)) - raft.server.watch.timeout.denomination = 1s (default)
2020-12-08 02:18:52,752 [e6ce4bfb-70cc-4dab-829a-840fddc24c05@group-1DFE0CB169D6-LeaderElection47] INFO  server.RaftServerConfigKeys (ConfUtils.java:logGet(44)) - raft.server.watch.element-limit = 65536 (default)
2020-12-08 02:18:52,752 [e6ce4bfb-70cc-4dab-829a-840fddc24c05@group-1DFE0CB169D6-LeaderElection47] INFO  impl.RoleInfo (RoleInfo.java:updateAndGet(143)) - e6ce4bfb-70cc-4dab-829a-840fddc24c05: start e6ce4bfb-70cc-4dab-829a-840fddc24c05@group-1DFE0CB169D6-LeaderState
2020-12-08 02:18:52,753 [e6ce4bfb-70cc-4dab-829a-840fddc24c05@group-1DFE0CB169D6-LeaderElection47] INFO  segmented.SegmentedRaftLogWorker (SegmentedRaftLogWorker.java:startLogSegment(398)) - e6ce4bfb-70cc-4dab-829a-840fddc24c05@group-1DFE0CB169D6-SegmentedRaftLogWorker: Starting segment from index:0
2020-12-08 02:18:52,753 [e6ce4bfb-70cc-4dab-829a-840fddc24c05@group-1DFE0CB169D6-LeaderElection47] INFO  impl.RaftServerImpl (ServerState.java:setRaftConf(374)) - e6ce4bfb-70cc-4dab-829a-840fddc24c05@group-1DFE0CB169D6: set configuration 0: [e6ce4bfb-70cc-4dab-829a-840fddc24c05|rpc:172.17.0.2:45869|dataStream:], old=null at 0
2020-12-08 02:18:52,754 [e6ce4bfb-70cc-4dab-829a-840fddc24c05@group-1DFE0CB169D6-SegmentedRaftLogWorker] INFO  segmented.SegmentedRaftLogWorker (SegmentedRaftLogWorker.java:execute(597)) - e6ce4bfb-70cc-4dab-829a-840fddc24c05@group-1DFE0CB169D6-SegmentedRaftLogWorker: created new log segment /github/workspace/mnt/ozone/hadoop-ozone/integration-test/target/test-dir/MiniOzoneClusterImpl-c7e5300f-f3f2-48d9-ae25-3e63411fd680/datanode-5/data/ratis/ebb32eae-a800-4d70-bece-1dfe0cb169d6/current/log_inprogress_0
2020-12-08 02:18:53,152 [Thread-1342] INFO  impl.FollowerState (FollowerState.java:run(128)) - 66346d6a-4140-4d92-b7fe-10723d1ff793@group-5DBFB2906017-FollowerState: change to CANDIDATE, lastRpcTime:5125ms, electionTimeout:5125ms
2020-12-08 02:18:53,152 [Thread-1342] INFO  impl.RoleInfo (RoleInfo.java:shutdownFollowerState(121)) - 66346d6a-4140-4d92-b7fe-10723d1ff793: shutdown 66346d6a-4140-4d92-b7fe-10723d1ff793@group-5DBFB2906017-FollowerState
2020-12-08 02:18:53,152 [Thread-1342] INFO  impl.RaftServerImpl (RaftServerImpl.java:setRole(204)) - 66346d6a-4140-4d92-b7fe-10723d1ff793@group-5DBFB2906017: changes role from  FOLLOWER to CANDIDATE at term 0 for changeToCandidate
2020-12-08 02:18:53,152 [Thread-1342] INFO  impl.RoleInfo (RoleInfo.java:updateAndGet(143)) - 66346d6a-4140-4d92-b7fe-10723d1ff793: start 66346d6a-4140-4d92-b7fe-10723d1ff793@group-5DBFB2906017-LeaderElection48
2020-12-08 02:18:53,158 [66346d6a-4140-4d92-b7fe-10723d1ff793@group-5DBFB2906017-LeaderElection48] INFO  impl.LeaderElection (LeaderElection.java:askForVotes(215)) - 66346d6a-4140-4d92-b7fe-10723d1ff793@group-5DBFB2906017-LeaderElection48: begin an election at term 1 for -1: [66346d6a-4140-4d92-b7fe-10723d1ff793|rpc:172.17.0.2:45391], old=null
2020-12-08 02:18:53,158 [66346d6a-4140-4d92-b7fe-10723d1ff793@group-5DBFB2906017-LeaderElection48] INFO  impl.RoleInfo (RoleInfo.java:shutdownLeaderElection(134)) - 66346d6a-4140-4d92-b7fe-10723d1ff793: shutdown 66346d6a-4140-4d92-b7fe-10723d1ff793@group-5DBFB2906017-LeaderElection48
2020-12-08 02:18:53,158 [66346d6a-4140-4d92-b7fe-10723d1ff793@group-5DBFB2906017-LeaderElection48] INFO  impl.RaftServerImpl (RaftServerImpl.java:setRole(204)) - 66346d6a-4140-4d92-b7fe-10723d1ff793@group-5DBFB2906017: changes role from CANDIDATE to LEADER at term 1 for changeToLeader
2020-12-08 02:18:53,159 [66346d6a-4140-4d92-b7fe-10723d1ff793@group-5DBFB2906017-LeaderElection48] INFO  ratis.XceiverServerRatis (XceiverServerRatis.java:handleLeaderChangedNotification(854)) - Leader change notification received for group: group-5DBFB2906017 with new leaderId: 66346d6a-4140-4d92-b7fe-10723d1ff793
2020-12-08 02:18:53,159 [66346d6a-4140-4d92-b7fe-10723d1ff793@group-5DBFB2906017-LeaderElection48] INFO  impl.RaftServerImpl (ServerState.java:setLeader(256)) - 66346d6a-4140-4d92-b7fe-10723d1ff793@group-5DBFB2906017: change Leader from null to 66346d6a-4140-4d92-b7fe-10723d1ff793 at term 1 for becomeLeader, leader elected after 5139ms
2020-12-08 02:18:53,159 [66346d6a-4140-4d92-b7fe-10723d1ff793@group-5DBFB2906017-LeaderElection48] INFO  server.RaftServerConfigKeys (ConfUtils.java:logGet(44)) - raft.server.staging.catchup.gap = 1000 (default)
2020-12-08 02:18:53,159 [66346d6a-4140-4d92-b7fe-10723d1ff793@group-5DBFB2906017-LeaderElection48] INFO  server.RaftServerConfigKeys (ConfUtils.java:logGet(44)) - raft.server.rpc.sleep.time = 25ms (default)
2020-12-08 02:18:53,159 [66346d6a-4140-4d92-b7fe-10723d1ff793@group-5DBFB2906017-LeaderElection48] INFO  metrics.RatisMetrics (RatisMetrics.java:lambda$create$0(36)) - Creating Metrics Registry : ratis.log_appender.66346d6a-4140-4d92-b7fe-10723d1ff793@group-5DBFB2906017
2020-12-08 02:18:53,160 [66346d6a-4140-4d92-b7fe-10723d1ff793@group-5DBFB2906017-LeaderElection48] INFO  server.RaftServerConfigKeys (ConfUtils.java:logGet(44)) - raft.server.write.element-limit = 1024 (custom)
2020-12-08 02:18:53,160 [66346d6a-4140-4d92-b7fe-10723d1ff793@group-5DBFB2906017-LeaderElection48] INFO  server.RaftServerConfigKeys (ConfUtils.java:logGet(44)) - raft.server.write.byte-limit = 1073741824 (custom)
2020-12-08 02:18:53,160 [66346d6a-4140-4d92-b7fe-10723d1ff793@group-5DBFB2906017-LeaderElection48] INFO  server.RaftServerConfigKeys (ConfUtils.java:logGet(44)) - raft.server.watch.timeout = 3000ms (custom)
2020-12-08 02:18:53,160 [66346d6a-4140-4d92-b7fe-10723d1ff793@group-5DBFB2906017-LeaderElection48] INFO  server.RaftServerConfigKeys (ConfUtils.java:logGet(44)) - raft.server.watch.timeout.denomination = 1s (default)
2020-12-08 02:18:53,160 [66346d6a-4140-4d92-b7fe-10723d1ff793@group-5DBFB2906017-LeaderElection48] INFO  server.RaftServerConfigKeys (ConfUtils.java:logGet(44)) - raft.server.watch.element-limit = 65536 (default)
2020-12-08 02:18:53,161 [66346d6a-4140-4d92-b7fe-10723d1ff793@group-5DBFB2906017-LeaderElection48] INFO  impl.RoleInfo (RoleInfo.java:updateAndGet(143)) - 66346d6a-4140-4d92-b7fe-10723d1ff793: start 66346d6a-4140-4d92-b7fe-10723d1ff793@group-5DBFB2906017-LeaderState
2020-12-08 02:18:53,161 [66346d6a-4140-4d92-b7fe-10723d1ff793@group-5DBFB2906017-LeaderElection48] INFO  segmented.SegmentedRaftLogWorker (SegmentedRaftLogWorker.java:startLogSegment(398)) - 66346d6a-4140-4d92-b7fe-10723d1ff793@group-5DBFB2906017-SegmentedRaftLogWorker: Starting segment from index:0
2020-12-08 02:18:53,162 [66346d6a-4140-4d92-b7fe-10723d1ff793@group-5DBFB2906017-LeaderElection48] INFO  impl.RaftServerImpl (ServerState.java:setRaftConf(374)) - 66346d6a-4140-4d92-b7fe-10723d1ff793@group-5DBFB2906017: set configuration 0: [66346d6a-4140-4d92-b7fe-10723d1ff793|rpc:172.17.0.2:45391|dataStream:], old=null at 0
2020-12-08 02:18:53,162 [66346d6a-4140-4d92-b7fe-10723d1ff793@group-5DBFB2906017-SegmentedRaftLogWorker] INFO  segmented.SegmentedRaftLogWorker (SegmentedRaftLogWorker.java:execute(597)) - 66346d6a-4140-4d92-b7fe-10723d1ff793@group-5DBFB2906017-SegmentedRaftLogWorker: created new log segment /github/workspace/mnt/ozone/hadoop-ozone/integration-test/target/test-dir/MiniOzoneClusterImpl-c7e5300f-f3f2-48d9-ae25-3e63411fd680/datanode-6/data/ratis/7130ddae-296a-4d78-b6e2-5dbfb2906017/current/log_inprogress_0
2020-12-08 02:18:53,439 [Thread-1344] INFO  impl.FollowerState (FollowerState.java:run(128)) - 605841cf-842d-40a4-b286-0dc4c4c02111@group-BDA3E98B5DCD-FollowerState: change to CANDIDATE, lastRpcTime:5042ms, electionTimeout:5041ms
2020-12-08 02:18:53,439 [Thread-1344] INFO  impl.RoleInfo (RoleInfo.java:shutdownFollowerState(121)) - 605841cf-842d-40a4-b286-0dc4c4c02111: shutdown 605841cf-842d-40a4-b286-0dc4c4c02111@group-BDA3E98B5DCD-FollowerState
2020-12-08 02:18:53,439 [Thread-1344] INFO  impl.RaftServerImpl (RaftServerImpl.java:setRole(204)) - 605841cf-842d-40a4-b286-0dc4c4c02111@group-BDA3E98B5DCD: changes role from  FOLLOWER to CANDIDATE at term 0 for changeToCandidate
2020-12-08 02:18:53,439 [Thread-1344] INFO  impl.RoleInfo (RoleInfo.java:updateAndGet(143)) - 605841cf-842d-40a4-b286-0dc4c4c02111: start 605841cf-842d-40a4-b286-0dc4c4c02111@group-BDA3E98B5DCD-LeaderElection49
2020-12-08 02:18:53,451 [605841cf-842d-40a4-b286-0dc4c4c02111@group-BDA3E98B5DCD-LeaderElection49] INFO  impl.LeaderElection (LeaderElection.java:askForVotes(215)) - 605841cf-842d-40a4-b286-0dc4c4c02111@group-BDA3E98B5DCD-LeaderElection49: begin an election at term 1 for -1: [605841cf-842d-40a4-b286-0dc4c4c02111|rpc:172.17.0.2:33255], old=null
2020-12-08 02:18:53,451 [605841cf-842d-40a4-b286-0dc4c4c02111@group-BDA3E98B5DCD-LeaderElection49] INFO  impl.RoleInfo (RoleInfo.java:shutdownLeaderElection(134)) - 605841cf-842d-40a4-b286-0dc4c4c02111: shutdown 605841cf-842d-40a4-b286-0dc4c4c02111@group-BDA3E98B5DCD-LeaderElection49
2020-12-08 02:18:53,451 [605841cf-842d-40a4-b286-0dc4c4c02111@group-BDA3E98B5DCD-LeaderElection49] INFO  impl.RaftServerImpl (RaftServerImpl.java:setRole(204)) - 605841cf-842d-40a4-b286-0dc4c4c02111@group-BDA3E98B5DCD: changes role from CANDIDATE to LEADER at term 1 for changeToLeader
2020-12-08 02:18:53,451 [605841cf-842d-40a4-b286-0dc4c4c02111@group-BDA3E98B5DCD-LeaderElection49] INFO  ratis.XceiverServerRatis (XceiverServerRatis.java:handleLeaderChangedNotification(854)) - Leader change notification received for group: group-BDA3E98B5DCD with new leaderId: 605841cf-842d-40a4-b286-0dc4c4c02111
2020-12-08 02:18:53,451 [605841cf-842d-40a4-b286-0dc4c4c02111@group-BDA3E98B5DCD-LeaderElection49] INFO  impl.RaftServerImpl (ServerState.java:setLeader(256)) - 605841cf-842d-40a4-b286-0dc4c4c02111@group-BDA3E98B5DCD: change Leader from null to 605841cf-842d-40a4-b286-0dc4c4c02111 at term 1 for becomeLeader, leader elected after 5068ms
2020-12-08 02:18:53,451 [605841cf-842d-40a4-b286-0dc4c4c02111@group-BDA3E98B5DCD-LeaderElection49] INFO  server.RaftServerConfigKeys (ConfUtils.java:logGet(44)) - raft.server.staging.catchup.gap = 1000 (default)
2020-12-08 02:18:53,452 [605841cf-842d-40a4-b286-0dc4c4c02111@group-BDA3E98B5DCD-LeaderElection49] INFO  server.RaftServerConfigKeys (ConfUtils.java:logGet(44)) - raft.server.rpc.sleep.time = 25ms (default)
2020-12-08 02:18:53,452 [605841cf-842d-40a4-b286-0dc4c4c02111@group-BDA3E98B5DCD-LeaderElection49] INFO  metrics.RatisMetrics (RatisMetrics.java:lambda$create$0(36)) - Creating Metrics Registry : ratis.log_appender.605841cf-842d-40a4-b286-0dc4c4c02111@group-BDA3E98B5DCD
2020-12-08 02:18:53,452 [Thread-1348] INFO  impl.FollowerState (FollowerState.java:run(128)) - c88aba9b-104c-49ca-9c62-2596b924fb37@group-F3E41C57198D-FollowerState: change to CANDIDATE, lastRpcTime:5017ms, electionTimeout:5010ms
2020-12-08 02:18:53,452 [Thread-1348] INFO  impl.RoleInfo (RoleInfo.java:shutdownFollowerState(121)) - c88aba9b-104c-49ca-9c62-2596b924fb37: shutdown c88aba9b-104c-49ca-9c62-2596b924fb37@group-F3E41C57198D-FollowerState
2020-12-08 02:18:53,452 [Thread-1348] INFO  impl.RaftServerImpl (RaftServerImpl.java:setRole(204)) - c88aba9b-104c-49ca-9c62-2596b924fb37@group-F3E41C57198D: changes role from  FOLLOWER to CANDIDATE at term 0 for changeToCandidate
2020-12-08 02:18:53,452 [Thread-1348] INFO  impl.RoleInfo (RoleInfo.java:updateAndGet(143)) - c88aba9b-104c-49ca-9c62-2596b924fb37: start c88aba9b-104c-49ca-9c62-2596b924fb37@group-F3E41C57198D-LeaderElection50
2020-12-08 02:18:53,452 [605841cf-842d-40a4-b286-0dc4c4c02111@group-BDA3E98B5DCD-LeaderElection49] INFO  server.RaftServerConfigKeys (ConfUtils.java:logGet(44)) - raft.server.write.element-limit = 1024 (custom)
2020-12-08 02:18:53,452 [605841cf-842d-40a4-b286-0dc4c4c02111@group-BDA3E98B5DCD-LeaderElection49] INFO  server.RaftServerConfigKeys (ConfUtils.java:logGet(44)) - raft.server.write.byte-limit = 1073741824 (custom)
2020-12-08 02:18:53,453 [605841cf-842d-40a4-b286-0dc4c4c02111@group-BDA3E98B5DCD-LeaderElection49] INFO  server.RaftServerConfigKeys (ConfUtils.java:logGet(44)) - raft.server.watch.timeout = 3000ms (custom)
2020-12-08 02:18:53,453 [605841cf-842d-40a4-b286-0dc4c4c02111@group-BDA3E98B5DCD-LeaderElection49] INFO  server.RaftServerConfigKeys (ConfUtils.java:logGet(44)) - raft.server.watch.timeout.denomination = 1s (default)
2020-12-08 02:18:53,453 [605841cf-842d-40a4-b286-0dc4c4c02111@group-BDA3E98B5DCD-LeaderElection49] INFO  server.RaftServerConfigKeys (ConfUtils.java:logGet(44)) - raft.server.watch.element-limit = 65536 (default)
2020-12-08 02:18:53,453 [605841cf-842d-40a4-b286-0dc4c4c02111@group-BDA3E98B5DCD-LeaderElection49] INFO  impl.RoleInfo (RoleInfo.java:updateAndGet(143)) - 605841cf-842d-40a4-b286-0dc4c4c02111: start 605841cf-842d-40a4-b286-0dc4c4c02111@group-BDA3E98B5DCD-LeaderState
2020-12-08 02:18:53,454 [605841cf-842d-40a4-b286-0dc4c4c02111@group-BDA3E98B5DCD-LeaderElection49] INFO  segmented.SegmentedRaftLogWorker (SegmentedRaftLogWorker.java:startLogSegment(398)) - 605841cf-842d-40a4-b286-0dc4c4c02111@group-BDA3E98B5DCD-SegmentedRaftLogWorker: Starting segment from index:0
2020-12-08 02:18:53,462 [Thread-1350] INFO  impl.FollowerState (FollowerState.java:run(128)) - 605841cf-842d-40a4-b286-0dc4c4c02111@group-F5201121A75B-FollowerState: change to CANDIDATE, lastRpcTime:5028ms, electionTimeout:5025ms
2020-12-08 02:18:53,462 [Thread-1350] INFO  impl.RoleInfo (RoleInfo.java:shutdownFollowerState(121)) - 605841cf-842d-40a4-b286-0dc4c4c02111: shutdown 605841cf-842d-40a4-b286-0dc4c4c02111@group-F5201121A75B-FollowerState
2020-12-08 02:18:53,462 [Thread-1350] INFO  impl.RaftServerImpl (RaftServerImpl.java:setRole(204)) - 605841cf-842d-40a4-b286-0dc4c4c02111@group-F5201121A75B: changes role from  FOLLOWER to CANDIDATE at term 0 for changeToCandidate
2020-12-08 02:18:53,462 [Thread-1350] INFO  impl.RoleInfo (RoleInfo.java:updateAndGet(143)) - 605841cf-842d-40a4-b286-0dc4c4c02111: start 605841cf-842d-40a4-b286-0dc4c4c02111@group-F5201121A75B-LeaderElection51
2020-12-08 02:18:53,469 [605841cf-842d-40a4-b286-0dc4c4c02111@group-BDA3E98B5DCD-LeaderElection49] INFO  impl.RaftServerImpl (ServerState.java:setRaftConf(374)) - 605841cf-842d-40a4-b286-0dc4c4c02111@group-BDA3E98B5DCD: set configuration 0: [605841cf-842d-40a4-b286-0dc4c4c02111|rpc:172.17.0.2:33255|dataStream:], old=null at 0
2020-12-08 02:18:53,469 [605841cf-842d-40a4-b286-0dc4c4c02111@group-BDA3E98B5DCD-SegmentedRaftLogWorker] INFO  segmented.SegmentedRaftLogWorker (SegmentedRaftLogWorker.java:execute(597)) - 605841cf-842d-40a4-b286-0dc4c4c02111@group-BDA3E98B5DCD-SegmentedRaftLogWorker: created new log segment /github/workspace/mnt/ozone/hadoop-ozone/integration-test/target/test-dir/MiniOzoneClusterImpl-c7e5300f-f3f2-48d9-ae25-3e63411fd680/datanode-7/data/ratis/38792a85-9449-44f2-9ccf-bda3e98b5dcd/current/log_inprogress_0
2020-12-08 02:18:53,483 [c88aba9b-104c-49ca-9c62-2596b924fb37@group-F3E41C57198D-LeaderElection50] INFO  impl.LeaderElection (LeaderElection.java:askForVotes(215)) - c88aba9b-104c-49ca-9c62-2596b924fb37@group-F3E41C57198D-LeaderElection50: begin an election at term 1 for -1: [c88aba9b-104c-49ca-9c62-2596b924fb37|rpc:172.17.0.2:45221], old=null
2020-12-08 02:18:53,483 [c88aba9b-104c-49ca-9c62-2596b924fb37@group-F3E41C57198D-LeaderElection50] INFO  impl.RoleInfo (RoleInfo.java:shutdownLeaderElection(134)) - c88aba9b-104c-49ca-9c62-2596b924fb37: shutdown c88aba9b-104c-49ca-9c62-2596b924fb37@group-F3E41C57198D-LeaderElection50
2020-12-08 02:18:53,483 [c88aba9b-104c-49ca-9c62-2596b924fb37@group-F3E41C57198D-LeaderElection50] INFO  impl.RaftServerImpl (RaftServerImpl.java:setRole(204)) - c88aba9b-104c-49ca-9c62-2596b924fb37@group-F3E41C57198D: changes role from CANDIDATE to LEADER at term 1 for changeToLeader
2020-12-08 02:18:53,483 [c88aba9b-104c-49ca-9c62-2596b924fb37@group-F3E41C57198D-LeaderElection50] INFO  ratis.XceiverServerRatis (XceiverServerRatis.java:handleLeaderChangedNotification(854)) - Leader change notification received for group: group-F3E41C57198D with new leaderId: c88aba9b-104c-49ca-9c62-2596b924fb37
2020-12-08 02:18:53,483 [c88aba9b-104c-49ca-9c62-2596b924fb37@group-F3E41C57198D-LeaderElection50] INFO  impl.RaftServerImpl (ServerState.java:setLeader(256)) - c88aba9b-104c-49ca-9c62-2596b924fb37@group-F3E41C57198D: change Leader from null to c88aba9b-104c-49ca-9c62-2596b924fb37 at term 1 for becomeLeader, leader elected after 5081ms
2020-12-08 02:18:53,483 [c88aba9b-104c-49ca-9c62-2596b924fb37@group-F3E41C57198D-LeaderElection50] INFO  server.RaftServerConfigKeys (ConfUtils.java:logGet(44)) - raft.server.staging.catchup.gap = 1000 (default)
2020-12-08 02:18:53,483 [c88aba9b-104c-49ca-9c62-2596b924fb37@group-F3E41C57198D-LeaderElection50] INFO  server.RaftServerConfigKeys (ConfUtils.java:logGet(44)) - raft.server.rpc.sleep.time = 25ms (default)
2020-12-08 02:18:53,483 [c88aba9b-104c-49ca-9c62-2596b924fb37@group-F3E41C57198D-LeaderElection50] INFO  metrics.RatisMetrics (RatisMetrics.java:lambda$create$0(36)) - Creating Metrics Registry : ratis.log_appender.c88aba9b-104c-49ca-9c62-2596b924fb37@group-F3E41C57198D
2020-12-08 02:18:53,484 [c88aba9b-104c-49ca-9c62-2596b924fb37@group-F3E41C57198D-LeaderElection50] INFO  server.RaftServerConfigKeys (ConfUtils.java:logGet(44)) - raft.server.write.element-limit = 1024 (custom)
2020-12-08 02:18:53,484 [c88aba9b-104c-49ca-9c62-2596b924fb37@group-F3E41C57198D-LeaderElection50] INFO  server.RaftServerConfigKeys (ConfUtils.java:logGet(44)) - raft.server.write.byte-limit = 1073741824 (custom)
2020-12-08 02:18:53,487 [Datanode State Machine Thread - 0] INFO  statemachine.DatanodeStateMachine (DatanodeStateMachine.java:lambda$startDaemon$0(408)) - Ozone container server started.
2020-12-08 02:18:53,495 [c88aba9b-104c-49ca-9c62-2596b924fb37@group-F3E41C57198D-LeaderElection50] INFO  server.RaftServerConfigKeys (ConfUtils.java:logGet(44)) - raft.server.watch.timeout = 3000ms (custom)
2020-12-08 02:18:53,495 [c88aba9b-104c-49ca-9c62-2596b924fb37@group-F3E41C57198D-LeaderElection50] INFO  server.RaftServerConfigKeys (ConfUtils.java:logGet(44)) - raft.server.watch.timeout.denomination = 1s (default)
2020-12-08 02:18:53,495 [c88aba9b-104c-49ca-9c62-2596b924fb37@group-F3E41C57198D-LeaderElection50] INFO  server.RaftServerConfigKeys (ConfUtils.java:logGet(44)) - raft.server.watch.element-limit = 65536 (default)
2020-12-08 02:18:53,495 [c88aba9b-104c-49ca-9c62-2596b924fb37@group-F3E41C57198D-LeaderElection50] INFO  impl.RoleInfo (RoleInfo.java:updateAndGet(143)) - c88aba9b-104c-49ca-9c62-2596b924fb37: start c88aba9b-104c-49ca-9c62-2596b924fb37@group-F3E41C57198D-LeaderState
2020-12-08 02:18:53,496 [c88aba9b-104c-49ca-9c62-2596b924fb37@group-F3E41C57198D-LeaderElection50] INFO  segmented.SegmentedRaftLogWorker (SegmentedRaftLogWorker.java:startLogSegment(398)) - c88aba9b-104c-49ca-9c62-2596b924fb37@group-F3E41C57198D-SegmentedRaftLogWorker: Starting segment from index:0
2020-12-08 02:18:53,505 [c88aba9b-104c-49ca-9c62-2596b924fb37@group-F3E41C57198D-LeaderElection50] INFO  impl.RaftServerImpl (ServerState.java:setRaftConf(374)) - c88aba9b-104c-49ca-9c62-2596b924fb37@group-F3E41C57198D: set configuration 0: [c88aba9b-104c-49ca-9c62-2596b924fb37|rpc:172.17.0.2:45221|dataStream:], old=null at 0
2020-12-08 02:18:53,509 [Thread-1346] INFO  impl.FollowerState (FollowerState.java:run(128)) - 66346d6a-4140-4d92-b7fe-10723d1ff793@group-F5201121A75B-FollowerState: change to CANDIDATE, lastRpcTime:5095ms, electionTimeout:5084ms
2020-12-08 02:18:53,509 [Thread-1346] INFO  impl.RoleInfo (RoleInfo.java:shutdownFollowerState(121)) - 66346d6a-4140-4d92-b7fe-10723d1ff793: shutdown 66346d6a-4140-4d92-b7fe-10723d1ff793@group-F5201121A75B-FollowerState
2020-12-08 02:18:53,509 [Thread-1346] INFO  impl.RaftServerImpl (RaftServerImpl.java:setRole(204)) - 66346d6a-4140-4d92-b7fe-10723d1ff793@group-F5201121A75B: changes role from  FOLLOWER to CANDIDATE at term 0 for changeToCandidate
2020-12-08 02:18:53,509 [Thread-1346] INFO  impl.RoleInfo (RoleInfo.java:updateAndGet(143)) - 66346d6a-4140-4d92-b7fe-10723d1ff793: start 66346d6a-4140-4d92-b7fe-10723d1ff793@group-F5201121A75B-LeaderElection52
2020-12-08 02:18:53,509 [c88aba9b-104c-49ca-9c62-2596b924fb37@group-F3E41C57198D-SegmentedRaftLogWorker] INFO  segmented.SegmentedRaftLogWorker (SegmentedRaftLogWorker.java:execute(597)) - c88aba9b-104c-49ca-9c62-2596b924fb37@group-F3E41C57198D-SegmentedRaftLogWorker: created new log segment /github/workspace/mnt/ozone/hadoop-ozone/integration-test/target/test-dir/MiniOzoneClusterImpl-c7e5300f-f3f2-48d9-ae25-3e63411fd680/datanode-8/data/ratis/e3cf9f81-6356-4ab5-bd47-f3e41c57198d/current/log_inprogress_0
2020-12-08 02:18:53,521 [org.apache.ratis.server.JvmPauseMonitor@4bd5b5da-Monitor] WARN  server.JvmPauseMonitor (JvmPauseMonitor.java:run(141)) - Detected pause in JVM or host machine (eg GC): pause of approximately 3ms
GC pool 'PS Scavenge' had collection(s): count=1 time=59ms
2020-12-08 02:18:53,531 [66346d6a-4140-4d92-b7fe-10723d1ff793@group-F5201121A75B-LeaderElection52] INFO  impl.LeaderElection (LeaderElection.java:askForVotes(215)) - 66346d6a-4140-4d92-b7fe-10723d1ff793@group-F5201121A75B-LeaderElection52: begin an election at term 1 for -1: [c88aba9b-104c-49ca-9c62-2596b924fb37|rpc:172.17.0.2:45221, 66346d6a-4140-4d92-b7fe-10723d1ff793|rpc:172.17.0.2:45391, 605841cf-842d-40a4-b286-0dc4c4c02111|rpc:172.17.0.2:33255], old=null
2020-12-08 02:18:53,531 [605841cf-842d-40a4-b286-0dc4c4c02111@group-F5201121A75B-LeaderElection51] INFO  impl.LeaderElection (LeaderElection.java:askForVotes(215)) - 605841cf-842d-40a4-b286-0dc4c4c02111@group-F5201121A75B-LeaderElection51: begin an election at term 1 for -1: [c88aba9b-104c-49ca-9c62-2596b924fb37|rpc:172.17.0.2:45221, 66346d6a-4140-4d92-b7fe-10723d1ff793|rpc:172.17.0.2:45391, 605841cf-842d-40a4-b286-0dc4c4c02111|rpc:172.17.0.2:33255], old=null
2020-12-08 02:18:53,565 [grpc-default-executor-1] INFO  impl.RaftServerImpl (RaftServerImpl.java:setRole(204)) - c88aba9b-104c-49ca-9c62-2596b924fb37@group-F5201121A75B: changes role from  FOLLOWER to FOLLOWER at term 1 for recognizeCandidate:66346d6a-4140-4d92-b7fe-10723d1ff793
2020-12-08 02:18:53,565 [grpc-default-executor-1] INFO  impl.RoleInfo (RoleInfo.java:shutdownFollowerState(121)) - c88aba9b-104c-49ca-9c62-2596b924fb37: shutdown c88aba9b-104c-49ca-9c62-2596b924fb37@group-F5201121A75B-FollowerState
2020-12-08 02:18:53,565 [grpc-default-executor-1] INFO  impl.RoleInfo (RoleInfo.java:updateAndGet(143)) - c88aba9b-104c-49ca-9c62-2596b924fb37: start c88aba9b-104c-49ca-9c62-2596b924fb37@group-F5201121A75B-FollowerState
2020-12-08 02:18:53,565 [Thread-1353] INFO  impl.FollowerState (FollowerState.java:run(137)) - c88aba9b-104c-49ca-9c62-2596b924fb37@group-F5201121A75B-FollowerState was interrupted: {}
java.lang.InterruptedException: sleep interrupted
	at java.lang.Thread.sleep(Native Method)
	at org.apache.ratis.util.JavaUtils.sleep(JavaUtils.java:250)
	at org.apache.ratis.server.impl.FollowerState.run(FollowerState.java:116)
2020-12-08 02:18:53,570 [grpc-default-executor-1] INFO  impl.RaftServerImpl (RaftServerImpl.java:requestVote(963)) -  FOLLOWER c88aba9b-104c-49ca-9c62-2596b924fb37@group-F5201121A75B:t1, leader=null, voted=null, raftlog=c88aba9b-104c-49ca-9c62-2596b924fb37@group-F5201121A75B-SegmentedRaftLog:OPENED:c-1,f-1,i0, conf=-1: [c88aba9b-104c-49ca-9c62-2596b924fb37|rpc:172.17.0.2:45221|dataStream:, 66346d6a-4140-4d92-b7fe-10723d1ff793|rpc:172.17.0.2:45391|dataStream:, 605841cf-842d-40a4-b286-0dc4c4c02111|rpc:172.17.0.2:33255|dataStream:], old=null RUNNING priority:0 candidate:66346d6a-4140-4d92-b7fe-10723d1ff793|rpc:172.17.0.2:45391|dataStream: candidatePriority:0 compare:0
2020-12-08 02:18:53,573 [Command processor thread] WARN  impl.RaftServerProxy (RaftServerProxy.java:remove(99)) - 4e005ff2-b0a1-49c5-ae0b-0004e66f3274: does not contain group: group-E9578CD0BABE
2020-12-08 02:18:53,573 [Command processor thread] ERROR commandhandler.ClosePipelineCommandHandler (ClosePipelineCommandHandler.java:handle(78)) - Can't close pipeline PipelineID=30c5d1af-a688-44e8-a255-e9578cd0babe
java.io.IOException: 4e005ff2-b0a1-49c5-ae0b-0004e66f3274: Group group-E9578CD0BABE not found.
	at org.apache.hadoop.ozone.container.common.transport.server.ratis.XceiverServerRatis.removeGroup(XceiverServerRatis.java:774)
	at org.apache.hadoop.ozone.container.common.statemachine.commandhandler.ClosePipelineCommandHandler.handle(ClosePipelineCommandHandler.java:74)
	at org.apache.hadoop.ozone.container.common.statemachine.commandhandler.CommandDispatcher.handle(CommandDispatcher.java:99)
	at org.apache.hadoop.ozone.container.common.statemachine.DatanodeStateMachine.lambda$initCommandHandlerThread$2(DatanodeStateMachine.java:498)
	at java.lang.Thread.run(Thread.java:748)
Caused by: org.apache.ratis.protocol.exceptions.GroupMismatchException: 4e005ff2-b0a1-49c5-ae0b-0004e66f3274: Group group-E9578CD0BABE not found.
	at org.apache.ratis.server.impl.RaftServerProxy.groupRemoveAsync(RaftServerProxy.java:445)
	at org.apache.ratis.server.impl.RaftServerProxy.groupManagementAsync(RaftServerProxy.java:401)
	at org.apache.ratis.server.impl.RaftServerProxy.groupManagement(RaftServerProxy.java:381)
	at org.apache.hadoop.ozone.container.common.transport.server.ratis.XceiverServerRatis.removeGroup(XceiverServerRatis.java:772)
	... 4 more
2020-12-08 02:18:53,597 [66346d6a-4140-4d92-b7fe-10723d1ff793@group-F5201121A75B-LeaderElection52] INFO  impl.LeaderElection (LeaderElection.java:logAndReturn(65)) - 66346d6a-4140-4d92-b7fe-10723d1ff793@group-F5201121A75B-LeaderElection52: Election PASSED; received 1 response(s) [66346d6a-4140-4d92-b7fe-10723d1ff793<-c88aba9b-104c-49ca-9c62-2596b924fb37#0:OK-t1] and 0 exception(s); 66346d6a-4140-4d92-b7fe-10723d1ff793@group-F5201121A75B:t1, leader=null, voted=66346d6a-4140-4d92-b7fe-10723d1ff793, raftlog=66346d6a-4140-4d92-b7fe-10723d1ff793@group-F5201121A75B-SegmentedRaftLog:OPENED:c-1,f-1,i0, conf=-1: [c88aba9b-104c-49ca-9c62-2596b924fb37|rpc:172.17.0.2:45221, 66346d6a-4140-4d92-b7fe-10723d1ff793|rpc:172.17.0.2:45391, 605841cf-842d-40a4-b286-0dc4c4c02111|rpc:172.17.0.2:33255], old=null
2020-12-08 02:18:53,602 [66346d6a-4140-4d92-b7fe-10723d1ff793@group-F5201121A75B-LeaderElection52] INFO  impl.RoleInfo (RoleInfo.java:shutdownLeaderElection(134)) - 66346d6a-4140-4d92-b7fe-10723d1ff793: shutdown 66346d6a-4140-4d92-b7fe-10723d1ff793@group-F5201121A75B-LeaderElection52
2020-12-08 02:18:53,602 [66346d6a-4140-4d92-b7fe-10723d1ff793@group-F5201121A75B-LeaderElection52] INFO  impl.RaftServerImpl (RaftServerImpl.java:setRole(204)) - 66346d6a-4140-4d92-b7fe-10723d1ff793@group-F5201121A75B: changes role from CANDIDATE to LEADER at term 1 for changeToLeader
2020-12-08 02:18:53,602 [66346d6a-4140-4d92-b7fe-10723d1ff793@group-F5201121A75B-LeaderElection52] INFO  ratis.XceiverServerRatis (XceiverServerRatis.java:handleLeaderChangedNotification(854)) - Leader change notification received for group: group-F5201121A75B with new leaderId: 66346d6a-4140-4d92-b7fe-10723d1ff793
2020-12-08 02:18:53,602 [66346d6a-4140-4d92-b7fe-10723d1ff793@group-F5201121A75B-LeaderElection52] INFO  impl.RaftServerImpl (ServerState.java:setLeader(256)) - 66346d6a-4140-4d92-b7fe-10723d1ff793@group-F5201121A75B: change Leader from null to 66346d6a-4140-4d92-b7fe-10723d1ff793 at term 1 for becomeLeader, leader elected after 5205ms
2020-12-08 02:18:53,602 [66346d6a-4140-4d92-b7fe-10723d1ff793@group-F5201121A75B-LeaderElection52] INFO  server.RaftServerConfigKeys (ConfUtils.java:logGet(44)) - raft.server.staging.catchup.gap = 1000 (default)
2020-12-08 02:18:53,602 [66346d6a-4140-4d92-b7fe-10723d1ff793@group-F5201121A75B-LeaderElection52] INFO  server.RaftServerConfigKeys (ConfUtils.java:logGet(44)) - raft.server.rpc.sleep.time = 25ms (default)
2020-12-08 02:18:53,602 [66346d6a-4140-4d92-b7fe-10723d1ff793@group-F5201121A75B-LeaderElection52] INFO  metrics.RatisMetrics (RatisMetrics.java:lambda$create$0(36)) - Creating Metrics Registry : ratis.log_appender.66346d6a-4140-4d92-b7fe-10723d1ff793@group-F5201121A75B
2020-12-08 02:18:53,602 [66346d6a-4140-4d92-b7fe-10723d1ff793@group-F5201121A75B-LeaderElection52] INFO  server.RaftServerConfigKeys (ConfUtils.java:logGet(44)) - raft.server.write.element-limit = 1024 (custom)
2020-12-08 02:18:53,602 [66346d6a-4140-4d92-b7fe-10723d1ff793@group-F5201121A75B-LeaderElection52] INFO  server.RaftServerConfigKeys (ConfUtils.java:logGet(44)) - raft.server.write.byte-limit = 1073741824 (custom)
2020-12-08 02:18:53,603 [66346d6a-4140-4d92-b7fe-10723d1ff793@group-F5201121A75B-LeaderElection52] INFO  server.RaftServerConfigKeys (ConfUtils.java:logGet(44)) - raft.server.watch.timeout = 3000ms (custom)
2020-12-08 02:18:53,603 [66346d6a-4140-4d92-b7fe-10723d1ff793@group-F5201121A75B-LeaderElection52] INFO  server.RaftServerConfigKeys (ConfUtils.java:logGet(44)) - raft.server.watch.timeout.denomination = 1s (default)
2020-12-08 02:18:53,603 [66346d6a-4140-4d92-b7fe-10723d1ff793@group-F5201121A75B-LeaderElection52] INFO  server.RaftServerConfigKeys (ConfUtils.java:logGet(44)) - raft.server.watch.element-limit = 65536 (default)
2020-12-08 02:18:53,603 [66346d6a-4140-4d92-b7fe-10723d1ff793@group-F5201121A75B-LeaderElection52] INFO  server.RaftServerConfigKeys (ConfUtils.java:logGet(44)) - raft.server.log.appender.snapshot.chunk.size.max = 16MB (=16777216) (default)
2020-12-08 02:18:53,603 [66346d6a-4140-4d92-b7fe-10723d1ff793@group-F5201121A75B-LeaderElection52] INFO  server.RaftServerConfigKeys (ConfUtils.java:logGet(44)) - raft.server.log.appender.buffer.byte-limit = 33554432 (custom)
2020-12-08 02:18:53,603 [66346d6a-4140-4d92-b7fe-10723d1ff793@group-F5201121A75B-LeaderElection52] INFO  server.RaftServerConfigKeys (ConfUtils.java:logGet(44)) - raft.server.log.appender.buffer.element-limit = 1 (custom)
2020-12-08 02:18:53,603 [66346d6a-4140-4d92-b7fe-10723d1ff793@group-F5201121A75B-LeaderElection52] INFO  grpc.GrpcConfigKeys (ConfUtils.java:logGet(44)) - raft.grpc.server.leader.outstanding.appends.max = 128 (default)
2020-12-08 02:18:53,604 [66346d6a-4140-4d92-b7fe-10723d1ff793@group-F5201121A75B-LeaderElection52] INFO  server.RaftServerConfigKeys (ConfUtils.java:logGet(44)) - raft.server.rpc.request.timeout = 3000ms (default)
2020-12-08 02:18:53,604 [66346d6a-4140-4d92-b7fe-10723d1ff793@group-F5201121A75B-LeaderElection52] INFO  server.RaftServerConfigKeys (ConfUtils.java:logGet(44)) - raft.server.log.appender.install.snapshot.enabled = false (custom)
2020-12-08 02:18:53,604 [66346d6a-4140-4d92-b7fe-10723d1ff793@group-F5201121A75B-LeaderElection52] INFO  metrics.RatisMetrics (RatisMetrics.java:lambda$create$0(36)) - Creating Metrics Registry : ratis_grpc.log_appender.66346d6a-4140-4d92-b7fe-10723d1ff793@group-F5201121A75B
2020-12-08 02:18:53,606 [66346d6a-4140-4d92-b7fe-10723d1ff793@group-F5201121A75B-LeaderElection52] INFO  server.RaftServerConfigKeys (ConfUtils.java:logGet(44)) - raft.server.log.appender.snapshot.chunk.size.max = 16MB (=16777216) (default)
2020-12-08 02:18:53,607 [66346d6a-4140-4d92-b7fe-10723d1ff793@group-F5201121A75B-LeaderElection52] INFO  server.RaftServerConfigKeys (ConfUtils.java:logGet(44)) - raft.server.log.appender.buffer.byte-limit = 33554432 (custom)
2020-12-08 02:18:53,607 [66346d6a-4140-4d92-b7fe-10723d1ff793@group-F5201121A75B-LeaderElection52] INFO  server.RaftServerConfigKeys (ConfUtils.java:logGet(44)) - raft.server.log.appender.buffer.element-limit = 1 (custom)
2020-12-08 02:18:53,607 [66346d6a-4140-4d92-b7fe-10723d1ff793@group-F5201121A75B-LeaderElection52] INFO  grpc.GrpcConfigKeys (ConfUtils.java:logGet(44)) - raft.grpc.server.leader.outstanding.appends.max = 128 (default)
2020-12-08 02:18:53,607 [66346d6a-4140-4d92-b7fe-10723d1ff793@group-F5201121A75B-LeaderElection52] INFO  server.RaftServerConfigKeys (ConfUtils.java:logGet(44)) - raft.server.rpc.request.timeout = 3000ms (default)
2020-12-08 02:18:53,607 [66346d6a-4140-4d92-b7fe-10723d1ff793@group-F5201121A75B-LeaderElection52] INFO  server.RaftServerConfigKeys (ConfUtils.java:logGet(44)) - raft.server.log.appender.install.snapshot.enabled = false (custom)
2020-12-08 02:18:53,609 [66346d6a-4140-4d92-b7fe-10723d1ff793@group-F5201121A75B-LeaderElection52] INFO  impl.RoleInfo (RoleInfo.java:updateAndGet(143)) - 66346d6a-4140-4d92-b7fe-10723d1ff793: start 66346d6a-4140-4d92-b7fe-10723d1ff793@group-F5201121A75B-LeaderState
2020-12-08 02:18:53,609 [66346d6a-4140-4d92-b7fe-10723d1ff793@group-F5201121A75B-LeaderElection52] INFO  segmented.SegmentedRaftLogWorker (SegmentedRaftLogWorker.java:startLogSegment(398)) - 66346d6a-4140-4d92-b7fe-10723d1ff793@group-F5201121A75B-SegmentedRaftLogWorker: Starting segment from index:0
2020-12-08 02:18:53,611 [EventQueue-PipelineReportForPipelineReportHandler] INFO  pipeline.PipelineStateManager (PipelineStateManager.java:openPipeline(132)) - Pipeline Pipeline[ Id: e69dd776-de2f-4d57-b56f-f5201121a75b, Nodes: c88aba9b-104c-49ca-9c62-2596b924fb37{ip: 172.17.0.2, host: 11cef1ca5a88, networkLocation: /default-rack, certSerialId: null, persistedOpState: IN_SERVICE, persistedOpStateExpiryEpochSec: 0}66346d6a-4140-4d92-b7fe-10723d1ff793{ip: 172.17.0.2, host: 11cef1ca5a88, networkLocation: /default-rack, certSerialId: null, persistedOpState: IN_SERVICE, persistedOpStateExpiryEpochSec: 0}605841cf-842d-40a4-b286-0dc4c4c02111{ip: 172.17.0.2, host: 11cef1ca5a88, networkLocation: /default-rack, certSerialId: null, persistedOpState: IN_SERVICE, persistedOpStateExpiryEpochSec: 0}, Type:RATIS, Factor:THREE, State:ALLOCATED, leaderId:66346d6a-4140-4d92-b7fe-10723d1ff793, CreationTimestamp2020-12-08T02:18:45.122Z] moved to OPEN state
2020-12-08 02:18:53,611 [66346d6a-4140-4d92-b7fe-10723d1ff793@group-F5201121A75B-LeaderElection52] INFO  impl.RaftServerImpl (ServerState.java:setRaftConf(374)) - 66346d6a-4140-4d92-b7fe-10723d1ff793@group-F5201121A75B: set configuration 0: [c88aba9b-104c-49ca-9c62-2596b924fb37|rpc:172.17.0.2:45221|dataStream:, 66346d6a-4140-4d92-b7fe-10723d1ff793|rpc:172.17.0.2:45391|dataStream:, 605841cf-842d-40a4-b286-0dc4c4c02111|rpc:172.17.0.2:33255|dataStream:], old=null at 0
2020-12-08 02:18:53,611 [66346d6a-4140-4d92-b7fe-10723d1ff793@group-F5201121A75B-SegmentedRaftLogWorker] INFO  segmented.SegmentedRaftLogWorker (SegmentedRaftLogWorker.java:execute(597)) - 66346d6a-4140-4d92-b7fe-10723d1ff793@group-F5201121A75B-SegmentedRaftLogWorker: created new log segment /github/workspace/mnt/ozone/hadoop-ozone/integration-test/target/test-dir/MiniOzoneClusterImpl-c7e5300f-f3f2-48d9-ae25-3e63411fd680/datanode-6/data/ratis/e69dd776-de2f-4d57-b56f-f5201121a75b/current/log_inprogress_0
2020-12-08 02:18:53,628 [605841cf-842d-40a4-b286-0dc4c4c02111@group-F5201121A75B-LeaderElection51] INFO  impl.LeaderElection (LeaderElection.java:logAndReturn(65)) - 605841cf-842d-40a4-b286-0dc4c4c02111@group-F5201121A75B-LeaderElection51: Election REJECTED; received 2 response(s) [605841cf-842d-40a4-b286-0dc4c4c02111<-66346d6a-4140-4d92-b7fe-10723d1ff793#0:FAIL-t1, 605841cf-842d-40a4-b286-0dc4c4c02111<-c88aba9b-104c-49ca-9c62-2596b924fb37#0:FAIL-t1] and 0 exception(s); 605841cf-842d-40a4-b286-0dc4c4c02111@group-F5201121A75B:t1, leader=null, voted=605841cf-842d-40a4-b286-0dc4c4c02111, raftlog=605841cf-842d-40a4-b286-0dc4c4c02111@group-F5201121A75B-SegmentedRaftLog:OPENED:c-1,f-1,i0, conf=-1: [c88aba9b-104c-49ca-9c62-2596b924fb37|rpc:172.17.0.2:45221, 66346d6a-4140-4d92-b7fe-10723d1ff793|rpc:172.17.0.2:45391, 605841cf-842d-40a4-b286-0dc4c4c02111|rpc:172.17.0.2:33255], old=null
2020-12-08 02:18:53,628 [605841cf-842d-40a4-b286-0dc4c4c02111@group-F5201121A75B-LeaderElection51] INFO  impl.RaftServerImpl (RaftServerImpl.java:setRole(204)) - 605841cf-842d-40a4-b286-0dc4c4c02111@group-F5201121A75B: changes role from CANDIDATE to FOLLOWER at term 1 for DISCOVERED_A_NEW_TERM
2020-12-08 02:18:53,628 [605841cf-842d-40a4-b286-0dc4c4c02111@group-F5201121A75B-LeaderElection51] INFO  impl.RoleInfo (RoleInfo.java:shutdownLeaderElection(134)) - 605841cf-842d-40a4-b286-0dc4c4c02111: shutdown 605841cf-842d-40a4-b286-0dc4c4c02111@group-F5201121A75B-LeaderElection51
2020-12-08 02:18:53,628 [605841cf-842d-40a4-b286-0dc4c4c02111@group-F5201121A75B-LeaderElection51] INFO  impl.RoleInfo (RoleInfo.java:updateAndGet(143)) - 605841cf-842d-40a4-b286-0dc4c4c02111: start 605841cf-842d-40a4-b286-0dc4c4c02111@group-F5201121A75B-FollowerState
2020-12-08 02:18:53,638 [grpc-default-executor-7] INFO  ratis.XceiverServerRatis (XceiverServerRatis.java:handleLeaderChangedNotification(854)) - Leader change notification received for group: group-F5201121A75B with new leaderId: 66346d6a-4140-4d92-b7fe-10723d1ff793
2020-12-08 02:18:53,639 [grpc-default-executor-7] INFO  impl.RaftServerImpl (ServerState.java:setLeader(256)) - c88aba9b-104c-49ca-9c62-2596b924fb37@group-F5201121A75B: change Leader from null to 66346d6a-4140-4d92-b7fe-10723d1ff793 at term 1 for appendEntries, leader elected after 5182ms
2020-12-08 02:18:53,644 [grpc-default-executor-2] INFO  ratis.XceiverServerRatis (XceiverServerRatis.java:handleLeaderChangedNotification(854)) - Leader change notification received for group: group-F5201121A75B with new leaderId: 66346d6a-4140-4d92-b7fe-10723d1ff793
2020-12-08 02:18:53,644 [grpc-default-executor-2] INFO  impl.RaftServerImpl (ServerState.java:setLeader(256)) - 605841cf-842d-40a4-b286-0dc4c4c02111@group-F5201121A75B: change Leader from null to 66346d6a-4140-4d92-b7fe-10723d1ff793 at term 1 for appendEntries, leader elected after 5226ms
2020-12-08 02:18:53,645 [grpc-default-executor-5] INFO  impl.RaftServerImpl (ServerState.java:setRaftConf(374)) - c88aba9b-104c-49ca-9c62-2596b924fb37@group-F5201121A75B: set configuration 0: [c88aba9b-104c-49ca-9c62-2596b924fb37|rpc:172.17.0.2:45221|dataStream:, 66346d6a-4140-4d92-b7fe-10723d1ff793|rpc:172.17.0.2:45391|dataStream:, 605841cf-842d-40a4-b286-0dc4c4c02111|rpc:172.17.0.2:33255|dataStream:], old=null at 0
2020-12-08 02:18:53,645 [grpc-default-executor-2] INFO  impl.RaftServerImpl (ServerState.java:setRaftConf(374)) - 605841cf-842d-40a4-b286-0dc4c4c02111@group-F5201121A75B: set configuration 0: [c88aba9b-104c-49ca-9c62-2596b924fb37|rpc:172.17.0.2:45221|dataStream:, 66346d6a-4140-4d92-b7fe-10723d1ff793|rpc:172.17.0.2:45391|dataStream:, 605841cf-842d-40a4-b286-0dc4c4c02111|rpc:172.17.0.2:33255|dataStream:], old=null at 0
2020-12-08 02:18:53,646 [grpc-default-executor-5] INFO  segmented.SegmentedRaftLogWorker (SegmentedRaftLogWorker.java:startLogSegment(398)) - c88aba9b-104c-49ca-9c62-2596b924fb37@group-F5201121A75B-SegmentedRaftLogWorker: Starting segment from index:0
2020-12-08 02:18:53,646 [grpc-default-executor-2] INFO  segmented.SegmentedRaftLogWorker (SegmentedRaftLogWorker.java:startLogSegment(398)) - 605841cf-842d-40a4-b286-0dc4c4c02111@group-F5201121A75B-SegmentedRaftLogWorker: Starting segment from index:0
2020-12-08 02:18:53,648 [605841cf-842d-40a4-b286-0dc4c4c02111@group-F5201121A75B-SegmentedRaftLogWorker] INFO  segmented.SegmentedRaftLogWorker (SegmentedRaftLogWorker.java:execute(597)) - 605841cf-842d-40a4-b286-0dc4c4c02111@group-F5201121A75B-SegmentedRaftLogWorker: created new log segment /github/workspace/mnt/ozone/hadoop-ozone/integration-test/target/test-dir/MiniOzoneClusterImpl-c7e5300f-f3f2-48d9-ae25-3e63411fd680/datanode-7/data/ratis/e69dd776-de2f-4d57-b56f-f5201121a75b/current/log_inprogress_0
2020-12-08 02:18:53,648 [c88aba9b-104c-49ca-9c62-2596b924fb37@group-F5201121A75B-SegmentedRaftLogWorker] INFO  segmented.SegmentedRaftLogWorker (SegmentedRaftLogWorker.java:execute(597)) - c88aba9b-104c-49ca-9c62-2596b924fb37@group-F5201121A75B-SegmentedRaftLogWorker: created new log segment /github/workspace/mnt/ozone/hadoop-ozone/integration-test/target/test-dir/MiniOzoneClusterImpl-c7e5300f-f3f2-48d9-ae25-3e63411fd680/datanode-8/data/ratis/e69dd776-de2f-4d57-b56f-f5201121a75b/current/log_inprogress_0
2020-12-08 02:18:54,590 [EventQueue-Delayed safe mode statusForReplicationManager] INFO  container.ReplicationManager (ReplicationManager.java:start(186)) - Starting Replication Monitor Thread.
2020-12-08 02:18:54,595 [ReplicationMonitor] INFO  container.ReplicationManager (ReplicationManager.java:forceCloseContainer(633)) - Force closing container #1 with BCSID 0, which is in QUASI_CLOSED state.
2020-12-08 02:18:54,596 [ReplicationMonitor] INFO  container.ReplicationManager (ReplicationManager.java:sendCloseCommand(948)) - Sending close container command for container #1 to datanode dfa92053-6d36-469c-b0e7-d151100efb82{ip: 172.17.0.2, host: 11cef1ca5a88, networkLocation: /default-rack, certSerialId: null, persistedOpState: IN_SERVICE, persistedOpStateExpiryEpochSec: 0}.
2020-12-08 02:18:54,596 [ReplicationMonitor] INFO  container.ReplicationManager (ReplicationManager.java:sendCloseCommand(948)) - Sending close container command for container #1 to datanode 4e005ff2-b0a1-49c5-ae0b-0004e66f3274{ip: 172.17.0.2, host: 11cef1ca5a88, networkLocation: /default-rack, certSerialId: null, persistedOpState: IN_SERVICE, persistedOpStateExpiryEpochSec: 0}.
2020-12-08 02:18:54,597 [ReplicationMonitor] INFO  container.ReplicationManager (ReplicationManager.java:run(250)) - Replication Monitor Thread took 5 milliseconds for processing 1 containers.
2020-12-08 02:18:56,530 [Command processor thread] INFO  keyvalue.KeyValueContainer (KeyValueContainer.java:flushAndSyncDB(388)) - Container 1 is synced with bcsId 0.
2020-12-08 02:18:56,530 [Command processor thread] INFO  keyvalue.KeyValueContainer (KeyValueContainer.java:flushAndSyncDB(388)) - Container 1 is synced with bcsId 0.
2020-12-08 02:18:56,535 [Command processor thread] INFO  keyvalue.KeyValueContainer (KeyValueContainer.java:close(326)) - Container 1 is closed with bcsId 0.
2020-12-08 02:18:56,536 [EventQueue-IncrementalContainerReportForIncrementalContainerReportHandler] INFO  container.IncrementalContainerReportHandler (AbstractContainerReportHandler.java:updateContainerState(241)) - Moving container #1 to CLOSED state, datanode dfa92053-6d36-469c-b0e7-d151100efb82{ip: 172.17.0.2, host: 11cef1ca5a88, networkLocation: /default-rack, certSerialId: null, persistedOpState: IN_SERVICE, persistedOpStateExpiryEpochSec: 0} reported CLOSED replica.
2020-12-08 02:18:57,524 [ForkJoinPool.commonPool-worker-1] INFO  ozoneimpl.OzoneContainer (OzoneContainer.java:stop(257)) - Attempting to stop container services.
2020-12-08 02:18:57,524 [Listener at 127.0.0.1/40701] INFO  ozoneimpl.OzoneContainer (OzoneContainer.java:stop(257)) - Attempting to stop container services.
2020-12-08 02:18:57,524 [Listener at 127.0.0.1/40701] INFO  impl.RaftServerProxy (RaftServerProxy.java:lambda$close$4(338)) - bef787c3-a919-4f9b-887c-fdb68b2678bc: close
2020-12-08 02:18:57,524 [ForkJoinPool.commonPool-worker-1] INFO  impl.RaftServerProxy (RaftServerProxy.java:lambda$close$4(338)) - 0e1de31d-e867-4945-8f7b-16c35f8e70a9: close
2020-12-08 02:18:57,524 [Listener at 127.0.0.1/40701] INFO  impl.RaftServerImpl (RaftServerImpl.java:lambda$shutdown$3(328)) - bef787c3-a919-4f9b-887c-fdb68b2678bc@group-2C9564A021F4: shutdown
2020-12-08 02:18:57,525 [Listener at 127.0.0.1/40701] INFO  util.JmxRegister (JmxRegister.java:unregister(73)) - Successfully un-registered JMX Bean with object name Ratis:service=RaftServer,group=group-2C9564A021F4,id=bef787c3-a919-4f9b-887c-fdb68b2678bc
2020-12-08 02:18:57,525 [Listener at 127.0.0.1/40701] INFO  impl.RoleInfo (RoleInfo.java:shutdownLeaderState(104)) - bef787c3-a919-4f9b-887c-fdb68b2678bc: shutdown bef787c3-a919-4f9b-887c-fdb68b2678bc@group-2C9564A021F4-LeaderState
2020-12-08 02:18:57,525 [ForkJoinPool.commonPool-worker-1] INFO  impl.RaftServerImpl (RaftServerImpl.java:lambda$shutdown$3(328)) - 0e1de31d-e867-4945-8f7b-16c35f8e70a9@group-2BF14C3D98DB: shutdown
2020-12-08 02:18:57,525 [ForkJoinPool.commonPool-worker-1] INFO  util.JmxRegister (JmxRegister.java:unregister(73)) - Successfully un-registered JMX Bean with object name Ratis:service=RaftServer,group=group-2BF14C3D98DB,id=0e1de31d-e867-4945-8f7b-16c35f8e70a9
2020-12-08 02:18:57,526 [ForkJoinPool.commonPool-worker-1] INFO  impl.RoleInfo (RoleInfo.java:shutdownLeaderState(104)) - 0e1de31d-e867-4945-8f7b-16c35f8e70a9: shutdown 0e1de31d-e867-4945-8f7b-16c35f8e70a9@group-2BF14C3D98DB-LeaderState
2020-12-08 02:18:57,525 [Listener at 127.0.0.1/40701] INFO  impl.PendingRequests (PendingRequests.java:sendNotLeaderResponses(250)) - bef787c3-a919-4f9b-887c-fdb68b2678bc@group-2C9564A021F4-PendingRequests: sendNotLeaderResponses
2020-12-08 02:18:57,526 [ForkJoinPool.commonPool-worker-1] INFO  impl.PendingRequests (PendingRequests.java:sendNotLeaderResponses(250)) - 0e1de31d-e867-4945-8f7b-16c35f8e70a9@group-2BF14C3D98DB-PendingRequests: sendNotLeaderResponses
2020-12-08 02:18:57,526 [Listener at 127.0.0.1/40701] INFO  metrics.RatisMetrics (RatisMetrics.java:unregister(43)) - Unregistering Metrics Registry : ratis.log_appender.bef787c3-a919-4f9b-887c-fdb68b2678bc@group-2C9564A021F4
2020-12-08 02:18:57,526 [ForkJoinPool.commonPool-worker-1] INFO  metrics.RatisMetrics (RatisMetrics.java:unregister(43)) - Unregistering Metrics Registry : ratis.log_appender.0e1de31d-e867-4945-8f7b-16c35f8e70a9@group-2BF14C3D98DB
2020-12-08 02:18:57,527 [ForkJoinPool.commonPool-worker-1] INFO  metrics.RatisMetrics (RatisMetrics.java:unregister(43)) - Unregistering Metrics Registry : ratis.server.0e1de31d-e867-4945-8f7b-16c35f8e70a9@group-2BF14C3D98DB
2020-12-08 02:18:57,527 [ForkJoinPool.commonPool-worker-1] INFO  impl.StateMachineUpdater (StateMachineUpdater.java:stopAndJoin(147)) - 0e1de31d-e867-4945-8f7b-16c35f8e70a9@group-2BF14C3D98DB-StateMachineUpdater: set stopIndex = 0
2020-12-08 02:18:57,526 [Listener at 127.0.0.1/40701] INFO  metrics.RatisMetrics (RatisMetrics.java:unregister(43)) - Unregistering Metrics Registry : ratis.server.bef787c3-a919-4f9b-887c-fdb68b2678bc@group-2C9564A021F4
2020-12-08 02:18:57,528 [0e1de31d-e867-4945-8f7b-16c35f8e70a9@group-2BF14C3D98DB-StateMachineUpdater] INFO  ratis.ContainerStateMachine (ContainerStateMachine.java:takeSnapshot(293)) - group-2BF14C3D98DB: Taking a snapshot at:(t:1, i:0) file /github/workspace/mnt/ozone/hadoop-ozone/integration-test/target/test-dir/MiniOzoneClusterImpl-c7e5300f-f3f2-48d9-ae25-3e63411fd680/datanode-2/data/ratis/3272823c-2aab-4f9b-b8e8-2bf14c3d98db/sm/snapshot.1_0
2020-12-08 02:18:57,528 [0e1de31d-e867-4945-8f7b-16c35f8e70a9@group-2BF14C3D98DB-StateMachineUpdater] INFO  ratis.ContainerStateMachine (ContainerStateMachine.java:takeSnapshot(304)) - group-2BF14C3D98DB: Finished taking a snapshot at:(t:1, i:0) file:/github/workspace/mnt/ozone/hadoop-ozone/integration-test/target/test-dir/MiniOzoneClusterImpl-c7e5300f-f3f2-48d9-ae25-3e63411fd680/datanode-2/data/ratis/3272823c-2aab-4f9b-b8e8-2bf14c3d98db/sm/snapshot.1_0 time:0
2020-12-08 02:18:57,529 [Listener at 127.0.0.1/40701] INFO  impl.StateMachineUpdater (StateMachineUpdater.java:stopAndJoin(147)) - bef787c3-a919-4f9b-887c-fdb68b2678bc@group-2C9564A021F4-StateMachineUpdater: set stopIndex = 0
2020-12-08 02:18:57,529 [bef787c3-a919-4f9b-887c-fdb68b2678bc@group-2C9564A021F4-StateMachineUpdater] INFO  ratis.ContainerStateMachine (ContainerStateMachine.java:takeSnapshot(293)) - group-2C9564A021F4: Taking a snapshot at:(t:1, i:0) file /github/workspace/mnt/ozone/hadoop-ozone/integration-test/target/test-dir/MiniOzoneClusterImpl-c7e5300f-f3f2-48d9-ae25-3e63411fd680/datanode-4/data/ratis/81748940-a9f4-4d3c-b549-2c9564a021f4/sm/snapshot.1_0
2020-12-08 02:18:57,529 [0e1de31d-e867-4945-8f7b-16c35f8e70a9@group-2BF14C3D98DB-StateMachineUpdater] INFO  impl.StateMachineUpdater (StateMachineUpdater.java:takeSnapshot(278)) - 0e1de31d-e867-4945-8f7b-16c35f8e70a9@group-2BF14C3D98DB-StateMachineUpdater: Took a snapshot at index 0
2020-12-08 02:18:57,529 [0e1de31d-e867-4945-8f7b-16c35f8e70a9@group-2BF14C3D98DB-StateMachineUpdater] INFO  impl.StateMachineUpdater (StateMachineUpdater.java:lambda$new$0(87)) - 0e1de31d-e867-4945-8f7b-16c35f8e70a9@group-2BF14C3D98DB-StateMachineUpdater: snapshotIndex: updateIncreasingly -1 -> 0
2020-12-08 02:18:57,529 [0e1de31d-e867-4945-8f7b-16c35f8e70a9@group-2BF14C3D98DB-StateMachineUpdater] INFO  metrics.RatisMetrics (RatisMetrics.java:unregister(43)) - Unregistering Metrics Registry : ratis.state_machine.0e1de31d-e867-4945-8f7b-16c35f8e70a9@group-2BF14C3D98DB
2020-12-08 02:18:57,529 [bef787c3-a919-4f9b-887c-fdb68b2678bc@group-2C9564A021F4-StateMachineUpdater] INFO  ratis.ContainerStateMachine (ContainerStateMachine.java:takeSnapshot(304)) - group-2C9564A021F4: Finished taking a snapshot at:(t:1, i:0) file:/github/workspace/mnt/ozone/hadoop-ozone/integration-test/target/test-dir/MiniOzoneClusterImpl-c7e5300f-f3f2-48d9-ae25-3e63411fd680/datanode-4/data/ratis/81748940-a9f4-4d3c-b549-2c9564a021f4/sm/snapshot.1_0 time:0
2020-12-08 02:18:57,530 [bef787c3-a919-4f9b-887c-fdb68b2678bc@group-2C9564A021F4-StateMachineUpdater] INFO  impl.StateMachineUpdater (StateMachineUpdater.java:takeSnapshot(278)) - bef787c3-a919-4f9b-887c-fdb68b2678bc@group-2C9564A021F4-StateMachineUpdater: Took a snapshot at index 0
2020-12-08 02:18:57,530 [bef787c3-a919-4f9b-887c-fdb68b2678bc@group-2C9564A021F4-StateMachineUpdater] INFO  impl.StateMachineUpdater (StateMachineUpdater.java:lambda$new$0(87)) - bef787c3-a919-4f9b-887c-fdb68b2678bc@group-2C9564A021F4-StateMachineUpdater: snapshotIndex: updateIncreasingly -1 -> 0
2020-12-08 02:18:57,530 [bef787c3-a919-4f9b-887c-fdb68b2678bc@group-2C9564A021F4-StateMachineUpdater] INFO  metrics.RatisMetrics (RatisMetrics.java:unregister(43)) - Unregistering Metrics Registry : ratis.state_machine.bef787c3-a919-4f9b-887c-fdb68b2678bc@group-2C9564A021F4
2020-12-08 02:18:57,530 [Listener at 127.0.0.1/40701] INFO  impl.RaftServerImpl (ServerState.java:close(406)) - bef787c3-a919-4f9b-887c-fdb68b2678bc@group-2C9564A021F4: closes. applyIndex: 0
2020-12-08 02:18:57,530 [ForkJoinPool.commonPool-worker-1] INFO  impl.RaftServerImpl (ServerState.java:close(406)) - 0e1de31d-e867-4945-8f7b-16c35f8e70a9@group-2BF14C3D98DB: closes. applyIndex: 0
2020-12-08 02:18:57,530 [bef787c3-a919-4f9b-887c-fdb68b2678bc@group-2C9564A021F4-SegmentedRaftLogWorker] INFO  segmented.SegmentedRaftLogWorker (SegmentedRaftLogWorker.java:run(329)) - bef787c3-a919-4f9b-887c-fdb68b2678bc@group-2C9564A021F4-SegmentedRaftLogWorker was interrupted, exiting. There are 0 tasks remaining in the queue.
2020-12-08 02:18:57,531 [0e1de31d-e867-4945-8f7b-16c35f8e70a9@group-2BF14C3D98DB-SegmentedRaftLogWorker] INFO  segmented.SegmentedRaftLogWorker (SegmentedRaftLogWorker.java:run(329)) - 0e1de31d-e867-4945-8f7b-16c35f8e70a9@group-2BF14C3D98DB-SegmentedRaftLogWorker was interrupted, exiting. There are 0 tasks remaining in the queue.
2020-12-08 02:18:57,532 [Listener at 127.0.0.1/40701] INFO  segmented.SegmentedRaftLogWorker (SegmentedRaftLogWorker.java:close(235)) - bef787c3-a919-4f9b-887c-fdb68b2678bc@group-2C9564A021F4-SegmentedRaftLogWorker close()
2020-12-08 02:18:57,532 [ForkJoinPool.commonPool-worker-1] INFO  segmented.SegmentedRaftLogWorker (SegmentedRaftLogWorker.java:close(235)) - 0e1de31d-e867-4945-8f7b-16c35f8e70a9@group-2BF14C3D98DB-SegmentedRaftLogWorker close()
2020-12-08 02:18:57,535 [Listener at 127.0.0.1/40701] INFO  metrics.RatisMetrics (RatisMetrics.java:unregister(43)) - Unregistering Metrics Registry : ratis.log_worker.bef787c3-a919-4f9b-887c-fdb68b2678bc@group-2C9564A021F4
2020-12-08 02:18:57,541 [ForkJoinPool.commonPool-worker-1] INFO  metrics.RatisMetrics (RatisMetrics.java:unregister(43)) - Unregistering Metrics Registry : ratis.log_worker.0e1de31d-e867-4945-8f7b-16c35f8e70a9@group-2BF14C3D98DB
2020-12-08 02:18:57,542 [ForkJoinPool.commonPool-worker-1] INFO  metrics.RatisMetrics (RatisMetrics.java:unregister(43)) - Unregistering Metrics Registry : ratis.leader_election.0e1de31d-e867-4945-8f7b-16c35f8e70a9@group-2BF14C3D98DB
2020-12-08 02:18:57,542 [ForkJoinPool.commonPool-worker-1] INFO  metrics.RatisMetrics (RatisMetrics.java:unregister(43)) - Unregistering Metrics Registry : ratis.server.0e1de31d-e867-4945-8f7b-16c35f8e70a9@group-2BF14C3D98DB
2020-12-08 02:18:57,542 [ForkJoinPool.commonPool-worker-1] INFO  impl.RaftServerImpl (RaftServerImpl.java:lambda$shutdown$3(328)) - 0e1de31d-e867-4945-8f7b-16c35f8e70a9@group-E9578CD0BABE: shutdown
2020-12-08 02:18:57,542 [ForkJoinPool.commonPool-worker-1] INFO  util.JmxRegister (JmxRegister.java:unregister(73)) - Successfully un-registered JMX Bean with object name Ratis:service=RaftServer,group=group-E9578CD0BABE,id=0e1de31d-e867-4945-8f7b-16c35f8e70a9
2020-12-08 02:18:57,542 [ForkJoinPool.commonPool-worker-1] INFO  impl.RoleInfo (RoleInfo.java:shutdownFollowerState(121)) - 0e1de31d-e867-4945-8f7b-16c35f8e70a9: shutdown 0e1de31d-e867-4945-8f7b-16c35f8e70a9@group-E9578CD0BABE-FollowerState
2020-12-08 02:18:57,542 [ForkJoinPool.commonPool-worker-1] INFO  impl.StateMachineUpdater (StateMachineUpdater.java:stopAndJoin(147)) - 0e1de31d-e867-4945-8f7b-16c35f8e70a9@group-E9578CD0BABE-StateMachineUpdater: set stopIndex = 1
2020-12-08 02:18:57,542 [Listener at 127.0.0.1/40701] INFO  metrics.RatisMetrics (RatisMetrics.java:unregister(43)) - Unregistering Metrics Registry : ratis.leader_election.bef787c3-a919-4f9b-887c-fdb68b2678bc@group-2C9564A021F4
2020-12-08 02:18:57,543 [0e1de31d-e867-4945-8f7b-16c35f8e70a9@group-E9578CD0BABE-StateMachineUpdater] INFO  ratis.ContainerStateMachine (ContainerStateMachine.java:takeSnapshot(293)) - group-E9578CD0BABE: Taking a snapshot at:(t:1, i:1) file /github/workspace/mnt/ozone/hadoop-ozone/integration-test/target/test-dir/MiniOzoneClusterImpl-c7e5300f-f3f2-48d9-ae25-3e63411fd680/datanode-2/data/ratis/30c5d1af-a688-44e8-a255-e9578cd0babe/sm/snapshot.1_1
2020-12-08 02:18:57,542 [Thread-1360] INFO  impl.FollowerState (FollowerState.java:run(137)) - 0e1de31d-e867-4945-8f7b-16c35f8e70a9@group-E9578CD0BABE-FollowerState was interrupted: {}
java.lang.InterruptedException: sleep interrupted
	at java.lang.Thread.sleep(Native Method)
	at org.apache.ratis.util.JavaUtils.sleep(JavaUtils.java:250)
	at org.apache.ratis.server.impl.FollowerState.run(FollowerState.java:116)
2020-12-08 02:18:57,543 [Listener at 127.0.0.1/40701] INFO  metrics.RatisMetrics (RatisMetrics.java:unregister(43)) - Unregistering Metrics Registry : ratis.server.bef787c3-a919-4f9b-887c-fdb68b2678bc@group-2C9564A021F4
2020-12-08 02:18:57,544 [Listener at 127.0.0.1/40701] INFO  impl.RaftServerImpl (RaftServerImpl.java:lambda$shutdown$3(328)) - bef787c3-a919-4f9b-887c-fdb68b2678bc@group-C451E46A2CA6: shutdown
2020-12-08 02:18:57,544 [Listener at 127.0.0.1/40701] INFO  util.JmxRegister (JmxRegister.java:unregister(73)) - Successfully un-registered JMX Bean with object name Ratis:service=RaftServer,group=group-C451E46A2CA6,id=bef787c3-a919-4f9b-887c-fdb68b2678bc
2020-12-08 02:18:57,544 [Listener at 127.0.0.1/40701] INFO  impl.RoleInfo (RoleInfo.java:shutdownFollowerState(121)) - bef787c3-a919-4f9b-887c-fdb68b2678bc: shutdown bef787c3-a919-4f9b-887c-fdb68b2678bc@group-C451E46A2CA6-FollowerState
2020-12-08 02:18:57,544 [0e1de31d-e867-4945-8f7b-16c35f8e70a9@group-E9578CD0BABE-StateMachineUpdater] INFO  ratis.ContainerStateMachine (ContainerStateMachine.java:takeSnapshot(304)) - group-E9578CD0BABE: Finished taking a snapshot at:(t:1, i:1) file:/github/workspace/mnt/ozone/hadoop-ozone/integration-test/target/test-dir/MiniOzoneClusterImpl-c7e5300f-f3f2-48d9-ae25-3e63411fd680/datanode-2/data/ratis/30c5d1af-a688-44e8-a255-e9578cd0babe/sm/snapshot.1_1 time:1
2020-12-08 02:18:57,544 [Listener at 127.0.0.1/40701] INFO  impl.StateMachineUpdater (StateMachineUpdater.java:stopAndJoin(147)) - bef787c3-a919-4f9b-887c-fdb68b2678bc@group-C451E46A2CA6-StateMachineUpdater: set stopIndex = 0
2020-12-08 02:18:57,545 [Thread-1393] INFO  impl.FollowerState (FollowerState.java:run(137)) - bef787c3-a919-4f9b-887c-fdb68b2678bc@group-C451E46A2CA6-FollowerState was interrupted: {}
java.lang.InterruptedException: sleep interrupted
	at java.lang.Thread.sleep(Native Method)
	at org.apache.ratis.util.JavaUtils.sleep(JavaUtils.java:250)
	at org.apache.ratis.server.impl.FollowerState.run(FollowerState.java:116)
2020-12-08 02:18:57,545 [bef787c3-a919-4f9b-887c-fdb68b2678bc@group-C451E46A2CA6-StateMachineUpdater] INFO  ratis.ContainerStateMachine (ContainerStateMachine.java:takeSnapshot(293)) - group-C451E46A2CA6: Taking a snapshot at:(t:1, i:0) file /github/workspace/mnt/ozone/hadoop-ozone/integration-test/target/test-dir/MiniOzoneClusterImpl-c7e5300f-f3f2-48d9-ae25-3e63411fd680/datanode-4/data/ratis/6fefb3bb-b5ac-4da2-a6d0-c451e46a2ca6/sm/snapshot.1_0
2020-12-08 02:18:57,544 [0e1de31d-e867-4945-8f7b-16c35f8e70a9@group-E9578CD0BABE-StateMachineUpdater] INFO  impl.StateMachineUpdater (StateMachineUpdater.java:takeSnapshot(278)) - 0e1de31d-e867-4945-8f7b-16c35f8e70a9@group-E9578CD0BABE-StateMachineUpdater: Took a snapshot at index 1
2020-12-08 02:18:57,545 [0e1de31d-e867-4945-8f7b-16c35f8e70a9@group-E9578CD0BABE-StateMachineUpdater] INFO  impl.StateMachineUpdater (StateMachineUpdater.java:lambda$new$0(87)) - 0e1de31d-e867-4945-8f7b-16c35f8e70a9@group-E9578CD0BABE-StateMachineUpdater: snapshotIndex: updateIncreasingly -1 -> 1
2020-12-08 02:18:57,545 [0e1de31d-e867-4945-8f7b-16c35f8e70a9@group-E9578CD0BABE-StateMachineUpdater] INFO  metrics.RatisMetrics (RatisMetrics.java:unregister(43)) - Unregistering Metrics Registry : ratis.state_machine.0e1de31d-e867-4945-8f7b-16c35f8e70a9@group-E9578CD0BABE
2020-12-08 02:18:57,546 [bef787c3-a919-4f9b-887c-fdb68b2678bc@group-C451E46A2CA6-StateMachineUpdater] INFO  ratis.ContainerStateMachine (ContainerStateMachine.java:takeSnapshot(304)) - group-C451E46A2CA6: Finished taking a snapshot at:(t:1, i:0) file:/github/workspace/mnt/ozone/hadoop-ozone/integration-test/target/test-dir/MiniOzoneClusterImpl-c7e5300f-f3f2-48d9-ae25-3e63411fd680/datanode-4/data/ratis/6fefb3bb-b5ac-4da2-a6d0-c451e46a2ca6/sm/snapshot.1_0 time:1
2020-12-08 02:18:57,546 [bef787c3-a919-4f9b-887c-fdb68b2678bc@group-C451E46A2CA6-StateMachineUpdater] INFO  impl.StateMachineUpdater (StateMachineUpdater.java:takeSnapshot(278)) - bef787c3-a919-4f9b-887c-fdb68b2678bc@group-C451E46A2CA6-StateMachineUpdater: Took a snapshot at index 0
2020-12-08 02:18:57,546 [bef787c3-a919-4f9b-887c-fdb68b2678bc@group-C451E46A2CA6-StateMachineUpdater] INFO  impl.StateMachineUpdater (StateMachineUpdater.java:lambda$new$0(87)) - bef787c3-a919-4f9b-887c-fdb68b2678bc@group-C451E46A2CA6-StateMachineUpdater: snapshotIndex: updateIncreasingly -1 -> 0
2020-12-08 02:18:57,546 [bef787c3-a919-4f9b-887c-fdb68b2678bc@group-C451E46A2CA6-StateMachineUpdater] INFO  metrics.RatisMetrics (RatisMetrics.java:unregister(43)) - Unregistering Metrics Registry : ratis.state_machine.bef787c3-a919-4f9b-887c-fdb68b2678bc@group-C451E46A2CA6
2020-12-08 02:18:57,546 [ForkJoinPool.commonPool-worker-1] INFO  impl.RaftServerImpl (ServerState.java:close(406)) - 0e1de31d-e867-4945-8f7b-16c35f8e70a9@group-E9578CD0BABE: closes. applyIndex: 1
2020-12-08 02:18:57,546 [Listener at 127.0.0.1/40701] INFO  impl.RaftServerImpl (ServerState.java:close(406)) - bef787c3-a919-4f9b-887c-fdb68b2678bc@group-C451E46A2CA6: closes. applyIndex: 0
2020-12-08 02:18:57,546 [0e1de31d-e867-4945-8f7b-16c35f8e70a9@group-E9578CD0BABE-SegmentedRaftLogWorker] INFO  segmented.SegmentedRaftLogWorker (SegmentedRaftLogWorker.java:run(329)) - 0e1de31d-e867-4945-8f7b-16c35f8e70a9@group-E9578CD0BABE-SegmentedRaftLogWorker was interrupted, exiting. There are 0 tasks remaining in the queue.
2020-12-08 02:18:57,547 [bef787c3-a919-4f9b-887c-fdb68b2678bc@group-C451E46A2CA6-SegmentedRaftLogWorker] INFO  segmented.SegmentedRaftLogWorker (SegmentedRaftLogWorker.java:run(329)) - bef787c3-a919-4f9b-887c-fdb68b2678bc@group-C451E46A2CA6-SegmentedRaftLogWorker was interrupted, exiting. There are 0 tasks remaining in the queue.
2020-12-08 02:18:57,554 [ForkJoinPool.commonPool-worker-1] INFO  segmented.SegmentedRaftLogWorker (SegmentedRaftLogWorker.java:close(235)) - 0e1de31d-e867-4945-8f7b-16c35f8e70a9@group-E9578CD0BABE-SegmentedRaftLogWorker close()
2020-12-08 02:18:57,554 [Listener at 127.0.0.1/40701] INFO  segmented.SegmentedRaftLogWorker (SegmentedRaftLogWorker.java:close(235)) - bef787c3-a919-4f9b-887c-fdb68b2678bc@group-C451E46A2CA6-SegmentedRaftLogWorker close()
2020-12-08 02:18:57,556 [ForkJoinPool.commonPool-worker-1] INFO  metrics.RatisMetrics (RatisMetrics.java:unregister(43)) - Unregistering Metrics Registry : ratis.log_worker.0e1de31d-e867-4945-8f7b-16c35f8e70a9@group-E9578CD0BABE
2020-12-08 02:18:57,556 [ForkJoinPool.commonPool-worker-1] INFO  metrics.RatisMetrics (RatisMetrics.java:unregister(43)) - Unregistering Metrics Registry : ratis.leader_election.0e1de31d-e867-4945-8f7b-16c35f8e70a9@group-E9578CD0BABE
2020-12-08 02:18:57,556 [ForkJoinPool.commonPool-worker-1] INFO  metrics.RatisMetrics (RatisMetrics.java:unregister(43)) - Unregistering Metrics Registry : ratis.server.0e1de31d-e867-4945-8f7b-16c35f8e70a9@group-E9578CD0BABE
2020-12-08 02:18:57,556 [ForkJoinPool.commonPool-worker-1] INFO  impl.RaftServerImpl (RaftServerImpl.java:lambda$shutdown$3(328)) - 0e1de31d-e867-4945-8f7b-16c35f8e70a9@group-F4EC93AE6281: shutdown
2020-12-08 02:18:57,556 [ForkJoinPool.commonPool-worker-1] INFO  util.JmxRegister (JmxRegister.java:unregister(73)) - Successfully un-registered JMX Bean with object name Ratis:service=RaftServer,group=group-F4EC93AE6281,id=0e1de31d-e867-4945-8f7b-16c35f8e70a9
2020-12-08 02:18:57,556 [ForkJoinPool.commonPool-worker-1] INFO  impl.RoleInfo (RoleInfo.java:shutdownFollowerState(121)) - 0e1de31d-e867-4945-8f7b-16c35f8e70a9: shutdown 0e1de31d-e867-4945-8f7b-16c35f8e70a9@group-F4EC93AE6281-FollowerState
2020-12-08 02:18:57,557 [Thread-1418] INFO  impl.FollowerState (FollowerState.java:run(137)) - 0e1de31d-e867-4945-8f7b-16c35f8e70a9@group-F4EC93AE6281-FollowerState was interrupted: {}
java.lang.InterruptedException: sleep interrupted
	at java.lang.Thread.sleep(Native Method)
	at org.apache.ratis.util.JavaUtils.sleep(JavaUtils.java:250)
	at org.apache.ratis.server.impl.FollowerState.run(FollowerState.java:116)
2020-12-08 02:18:57,557 [ForkJoinPool.commonPool-worker-1] INFO  impl.StateMachineUpdater (StateMachineUpdater.java:stopAndJoin(147)) - 0e1de31d-e867-4945-8f7b-16c35f8e70a9@group-F4EC93AE6281-StateMachineUpdater: set stopIndex = -1
2020-12-08 02:18:57,557 [0e1de31d-e867-4945-8f7b-16c35f8e70a9@group-F4EC93AE6281-StateMachineUpdater] INFO  metrics.RatisMetrics (RatisMetrics.java:unregister(43)) - Unregistering Metrics Registry : ratis.state_machine.0e1de31d-e867-4945-8f7b-16c35f8e70a9@group-F4EC93AE6281
2020-12-08 02:18:57,557 [ForkJoinPool.commonPool-worker-1] INFO  impl.RaftServerImpl (ServerState.java:close(406)) - 0e1de31d-e867-4945-8f7b-16c35f8e70a9@group-F4EC93AE6281: closes. applyIndex: -1
2020-12-08 02:18:57,557 [Listener at 127.0.0.1/40701] INFO  metrics.RatisMetrics (RatisMetrics.java:unregister(43)) - Unregistering Metrics Registry : ratis.log_worker.bef787c3-a919-4f9b-887c-fdb68b2678bc@group-C451E46A2CA6
2020-12-08 02:18:57,557 [0e1de31d-e867-4945-8f7b-16c35f8e70a9@group-F4EC93AE6281-SegmentedRaftLogWorker] INFO  segmented.SegmentedRaftLogWorker (SegmentedRaftLogWorker.java:run(329)) - 0e1de31d-e867-4945-8f7b-16c35f8e70a9@group-F4EC93AE6281-SegmentedRaftLogWorker was interrupted, exiting. There are 0 tasks remaining in the queue.
2020-12-08 02:18:57,558 [ForkJoinPool.commonPool-worker-1] INFO  segmented.SegmentedRaftLogWorker (SegmentedRaftLogWorker.java:close(235)) - 0e1de31d-e867-4945-8f7b-16c35f8e70a9@group-F4EC93AE6281-SegmentedRaftLogWorker close()
2020-12-08 02:18:57,558 [Listener at 127.0.0.1/40701] INFO  metrics.RatisMetrics (RatisMetrics.java:unregister(43)) - Unregistering Metrics Registry : ratis.leader_election.bef787c3-a919-4f9b-887c-fdb68b2678bc@group-C451E46A2CA6
2020-12-08 02:18:57,558 [Listener at 127.0.0.1/40701] INFO  metrics.RatisMetrics (RatisMetrics.java:unregister(43)) - Unregistering Metrics Registry : ratis.server.bef787c3-a919-4f9b-887c-fdb68b2678bc@group-C451E46A2CA6
2020-12-08 02:18:57,558 [Listener at 127.0.0.1/40701] INFO  server.GrpcService (GrpcService.java:closeImpl(184)) - bef787c3-a919-4f9b-887c-fdb68b2678bc: shutdown server with port 36967 now
2020-12-08 02:18:57,560 [ForkJoinPool.commonPool-worker-1] INFO  metrics.RatisMetrics (RatisMetrics.java:unregister(43)) - Unregistering Metrics Registry : ratis.log_worker.0e1de31d-e867-4945-8f7b-16c35f8e70a9@group-F4EC93AE6281
2020-12-08 02:18:57,560 [ForkJoinPool.commonPool-worker-1] INFO  metrics.RatisMetrics (RatisMetrics.java:unregister(43)) - Unregistering Metrics Registry : ratis.leader_election.0e1de31d-e867-4945-8f7b-16c35f8e70a9@group-F4EC93AE6281
2020-12-08 02:18:57,560 [ForkJoinPool.commonPool-worker-1] INFO  metrics.RatisMetrics (RatisMetrics.java:unregister(43)) - Unregistering Metrics Registry : ratis.server.0e1de31d-e867-4945-8f7b-16c35f8e70a9@group-F4EC93AE6281
2020-12-08 02:18:57,560 [ForkJoinPool.commonPool-worker-1] INFO  server.GrpcService (GrpcService.java:closeImpl(184)) - 0e1de31d-e867-4945-8f7b-16c35f8e70a9: shutdown server with port 36897 now
2020-12-08 02:18:57,562 [Listener at 127.0.0.1/40701] INFO  server.GrpcService (GrpcService.java:closeImpl(193)) - bef787c3-a919-4f9b-887c-fdb68b2678bc: shutdown server with port 36967 successfully
2020-12-08 02:18:57,563 [ForkJoinPool.commonPool-worker-1] INFO  server.GrpcService (GrpcService.java:closeImpl(193)) - 0e1de31d-e867-4945-8f7b-16c35f8e70a9: shutdown server with port 36897 successfully
2020-12-08 02:18:57,563 [grpc-default-executor-7] WARN  server.GrpcLogAppender (LogUtils.java:warn(122)) - e6ce4bfb-70cc-4dab-829a-840fddc24c05@group-C451E46A2CA6->bef787c3-a919-4f9b-887c-fdb68b2678bc-AppendLogResponseHandler: Failed appendEntries: org.apache.ratis.thirdparty.io.grpc.StatusRuntimeException: CANCELLED: HTTP/2 error code: CANCEL
Received Rst Stream
2020-12-08 02:18:57,563 [grpc-default-executor-7] WARN  server.GrpcLogAppender (GrpcLogAppender.java:resetClient(107)) - e6ce4bfb-70cc-4dab-829a-840fddc24c05@group-C451E46A2CA6->bef787c3-a919-4f9b-887c-fdb68b2678bc-GrpcLogAppender: Leader has not got in touch with Follower e6ce4bfb-70cc-4dab-829a-840fddc24c05@group-C451E46A2CA6->bef787c3-a919-4f9b-887c-fdb68b2678bc(c0,m0,n1, attendVote=true, lastRpcSendTime=108, lastRpcResponseTime=107) yet, just keep nextIndex unchanged and retry.
2020-12-08 02:18:57,565 [grpc-default-executor-5] WARN  server.GrpcServerProtocolService (LogUtils.java:warn(122)) - bef787c3-a919-4f9b-887c-fdb68b2678bc: installSnapshot onError, lastRequest: e6ce4bfb-70cc-4dab-829a-840fddc24c05->bef787c3-a919-4f9b-887c-fdb68b2678bc#1-t1, previous=(t:0, i:0), leaderCommit=-1, initializing? false, entries: size=1, first=(t:1, i:0), CONFIGURATIONENTRY: org.apache.ratis.thirdparty.io.grpc.StatusRuntimeException: CANCELLED: cancelled before receiving half close
2020-12-08 02:18:57,566 [Command processor thread] INFO  keyvalue.KeyValueContainer (KeyValueContainer.java:flushAndSyncDB(388)) - Container 1 is synced with bcsId 0.
2020-12-08 02:18:57,566 [Command processor thread] INFO  keyvalue.KeyValueContainer (KeyValueContainer.java:flushAndSyncDB(388)) - Container 1 is synced with bcsId 0.
2020-12-08 02:18:57,569 [ForkJoinPool.commonPool-worker-1] INFO  utils.BackgroundService (BackgroundService.java:shutdown(132)) - Shutting down service BlockDeletingService
2020-12-08 02:18:57,570 [Command processor thread] INFO  keyvalue.KeyValueContainer (KeyValueContainer.java:close(326)) - Container 1 is closed with bcsId 0.
2020-12-08 02:18:57,569 [Listener at 127.0.0.1/40701] INFO  utils.BackgroundService (BackgroundService.java:shutdown(132)) - Shutting down service BlockDeletingService
2020-12-08 02:18:57,582 [ForkJoinPool.commonPool-worker-1] INFO  statemachine.DatanodeStateMachine (DatanodeStateMachine.java:stopDaemon(461)) - Ozone container server stopped.
2020-12-08 02:18:57,584 [Listener at 127.0.0.1/40701] INFO  statemachine.DatanodeStateMachine (DatanodeStateMachine.java:stopDaemon(461)) - Ozone container server stopped.
2020-12-08 02:18:57,607 [Listener at 127.0.0.1/40701] INFO  handler.ContextHandler (ContextHandler.java:doStop(1154)) - Stopped o.e.j.w.WebAppContext@511b6a3{hddsDatanode,/,null,STOPPED}{jar:file:/home/user/.m2/repository/org/apache/hadoop/hadoop-hdds-container-service/1.1.0-SNAPSHOT/hadoop-hdds-container-service-1.1.0-SNAPSHOT.jar!/webapps/hddsDatanode}
2020-12-08 02:18:57,608 [Listener at 127.0.0.1/40701] INFO  server.AbstractConnector (AbstractConnector.java:doStop(381)) - Stopped ServerConnector@202001a4{HTTP/1.1, (http/1.1)}{0.0.0.0:0}
2020-12-08 02:18:57,608 [Listener at 127.0.0.1/40701] INFO  server.session (HouseKeeper.java:stopScavenging(149)) - node0 Stopped scavenging
2020-12-08 02:18:57,610 [ForkJoinPool.commonPool-worker-1] INFO  handler.ContextHandler (ContextHandler.java:doStop(1154)) - Stopped o.e.j.w.WebAppContext@148fc881{hddsDatanode,/,null,STOPPED}{jar:file:/home/user/.m2/repository/org/apache/hadoop/hadoop-hdds-container-service/1.1.0-SNAPSHOT/hadoop-hdds-container-service-1.1.0-SNAPSHOT.jar!/webapps/hddsDatanode}
2020-12-08 02:18:57,610 [ForkJoinPool.commonPool-worker-1] INFO  server.AbstractConnector (AbstractConnector.java:doStop(381)) - Stopped ServerConnector@6e4c8583{HTTP/1.1, (http/1.1)}{0.0.0.0:0}
2020-12-08 02:18:57,610 [ForkJoinPool.commonPool-worker-1] INFO  server.session (HouseKeeper.java:stopScavenging(149)) - node0 Stopped scavenging
2020-12-08 02:18:57,611 [Listener at 127.0.0.1/40701] INFO  handler.ContextHandler (ContextHandler.java:doStop(1154)) - Stopped o.e.j.s.ServletContextHandler@6281f945{static,/static,jar:file:/home/user/.m2/repository/org/apache/hadoop/hadoop-hdds-container-service/1.1.0-SNAPSHOT/hadoop-hdds-container-service-1.1.0-SNAPSHOT.jar!/webapps/static,STOPPED}
2020-12-08 02:18:57,611 [Listener at 127.0.0.1/40701] INFO  handler.ContextHandler (ContextHandler.java:doStop(1154)) - Stopped o.e.j.s.ServletContextHandler@7b8058e0{logs,/logs,file:///github/workspace/mnt/ozone/hadoop-ozone/integration-test/target/log,STOPPED}
2020-12-08 02:18:57,613 [ForkJoinPool.commonPool-worker-1] INFO  handler.ContextHandler (ContextHandler.java:doStop(1154)) - Stopped o.e.j.s.ServletContextHandler@32ebfde1{static,/static,jar:file:/home/user/.m2/repository/org/apache/hadoop/hadoop-hdds-container-service/1.1.0-SNAPSHOT/hadoop-hdds-container-service-1.1.0-SNAPSHOT.jar!/webapps/static,STOPPED}
2020-12-08 02:18:57,614 [ForkJoinPool.commonPool-worker-1] INFO  handler.ContextHandler (ContextHandler.java:doStop(1154)) - Stopped o.e.j.s.ServletContextHandler@5f4f8d38{logs,/logs,file:///github/workspace/mnt/ozone/hadoop-ozone/integration-test/target/log,STOPPED}
2020-12-08 02:18:57,653 [Thread-1413] INFO  impl.FollowerState (FollowerState.java:run(128)) - dfa92053-6d36-469c-b0e7-d151100efb82@group-F4EC93AE6281-FollowerState: change to CANDIDATE, lastRpcTime:5111ms, electionTimeout:5109ms
2020-12-08 02:18:57,653 [Thread-1413] INFO  impl.RoleInfo (RoleInfo.java:shutdownFollowerState(121)) - dfa92053-6d36-469c-b0e7-d151100efb82: shutdown dfa92053-6d36-469c-b0e7-d151100efb82@group-F4EC93AE6281-FollowerState
2020-12-08 02:18:57,653 [Thread-1413] INFO  impl.RaftServerImpl (RaftServerImpl.java:setRole(204)) - dfa92053-6d36-469c-b0e7-d151100efb82@group-F4EC93AE6281: changes role from  FOLLOWER to CANDIDATE at term 0 for changeToCandidate
2020-12-08 02:18:57,653 [Thread-1413] INFO  impl.RoleInfo (RoleInfo.java:updateAndGet(143)) - dfa92053-6d36-469c-b0e7-d151100efb82: start dfa92053-6d36-469c-b0e7-d151100efb82@group-F4EC93AE6281-LeaderElection53
2020-12-08 02:18:57,658 [dfa92053-6d36-469c-b0e7-d151100efb82@group-F4EC93AE6281-LeaderElection53] INFO  impl.LeaderElection (LeaderElection.java:askForVotes(215)) - dfa92053-6d36-469c-b0e7-d151100efb82@group-F4EC93AE6281-LeaderElection53: begin an election at term 1 for -1: [4e005ff2-b0a1-49c5-ae0b-0004e66f3274|rpc:172.17.0.2:37623, 0e1de31d-e867-4945-8f7b-16c35f8e70a9|rpc:172.17.0.2:36897, dfa92053-6d36-469c-b0e7-d151100efb82|rpc:172.17.0.2:42811], old=null
2020-12-08 02:18:57,664 [grpc-default-executor-5] INFO  impl.RaftServerImpl (RaftServerImpl.java:setRole(204)) - 4e005ff2-b0a1-49c5-ae0b-0004e66f3274@group-F4EC93AE6281: changes role from  FOLLOWER to FOLLOWER at term 1 for recognizeCandidate:dfa92053-6d36-469c-b0e7-d151100efb82
2020-12-08 02:18:57,664 [grpc-default-executor-5] INFO  impl.RoleInfo (RoleInfo.java:shutdownFollowerState(121)) - 4e005ff2-b0a1-49c5-ae0b-0004e66f3274: shutdown 4e005ff2-b0a1-49c5-ae0b-0004e66f3274@group-F4EC93AE6281-FollowerState
2020-12-08 02:18:57,664 [grpc-default-executor-5] INFO  impl.RoleInfo (RoleInfo.java:updateAndGet(143)) - 4e005ff2-b0a1-49c5-ae0b-0004e66f3274: start 4e005ff2-b0a1-49c5-ae0b-0004e66f3274@group-F4EC93AE6281-FollowerState
2020-12-08 02:18:57,666 [grpc-default-executor-5] INFO  impl.RaftServerImpl (RaftServerImpl.java:requestVote(963)) -  FOLLOWER 4e005ff2-b0a1-49c5-ae0b-0004e66f3274@group-F4EC93AE6281:t1, leader=null, voted=null, raftlog=4e005ff2-b0a1-49c5-ae0b-0004e66f3274@group-F4EC93AE6281-SegmentedRaftLog:OPENED:c-1,f-1,i0, conf=-1: [4e005ff2-b0a1-49c5-ae0b-0004e66f3274|rpc:172.17.0.2:37623|dataStream:, 0e1de31d-e867-4945-8f7b-16c35f8e70a9|rpc:172.17.0.2:36897|dataStream:, dfa92053-6d36-469c-b0e7-d151100efb82|rpc:172.17.0.2:42811|dataStream:], old=null RUNNING priority:0 candidate:dfa92053-6d36-469c-b0e7-d151100efb82|rpc:172.17.0.2:42811|dataStream: candidatePriority:0 compare:0
2020-12-08 02:18:57,667 [Thread-1415] INFO  impl.FollowerState (FollowerState.java:run(137)) - 4e005ff2-b0a1-49c5-ae0b-0004e66f3274@group-F4EC93AE6281-FollowerState was interrupted: {}
java.lang.InterruptedException: sleep interrupted
	at java.lang.Thread.sleep(Native Method)
	at org.apache.ratis.util.JavaUtils.sleep(JavaUtils.java:250)
	at org.apache.ratis.server.impl.FollowerState.run(FollowerState.java:116)
2020-12-08 02:18:57,671 [dfa92053-6d36-469c-b0e7-d151100efb82@group-F4EC93AE6281-LeaderElection53] INFO  impl.LeaderElection (LeaderElection.java:logAndReturn(65)) - dfa92053-6d36-469c-b0e7-d151100efb82@group-F4EC93AE6281-LeaderElection53: Election PASSED; received 1 response(s) [dfa92053-6d36-469c-b0e7-d151100efb82<-4e005ff2-b0a1-49c5-ae0b-0004e66f3274#0:OK-t1] and 0 exception(s); dfa92053-6d36-469c-b0e7-d151100efb82@group-F4EC93AE6281:t1, leader=null, voted=dfa92053-6d36-469c-b0e7-d151100efb82, raftlog=dfa92053-6d36-469c-b0e7-d151100efb82@group-F4EC93AE6281-SegmentedRaftLog:OPENED:c-1,f-1,i0, conf=-1: [4e005ff2-b0a1-49c5-ae0b-0004e66f3274|rpc:172.17.0.2:37623, 0e1de31d-e867-4945-8f7b-16c35f8e70a9|rpc:172.17.0.2:36897, dfa92053-6d36-469c-b0e7-d151100efb82|rpc:172.17.0.2:42811], old=null
2020-12-08 02:18:57,671 [dfa92053-6d36-469c-b0e7-d151100efb82@group-F4EC93AE6281-LeaderElection53] INFO  impl.RoleInfo (RoleInfo.java:shutdownLeaderElection(134)) - dfa92053-6d36-469c-b0e7-d151100efb82: shutdown dfa92053-6d36-469c-b0e7-d151100efb82@group-F4EC93AE6281-LeaderElection53
2020-12-08 02:18:57,671 [dfa92053-6d36-469c-b0e7-d151100efb82@group-F4EC93AE6281-LeaderElection53] INFO  impl.RaftServerImpl (RaftServerImpl.java:setRole(204)) - dfa92053-6d36-469c-b0e7-d151100efb82@group-F4EC93AE6281: changes role from CANDIDATE to LEADER at term 1 for changeToLeader
2020-12-08 02:18:57,671 [dfa92053-6d36-469c-b0e7-d151100efb82@group-F4EC93AE6281-LeaderElection53] INFO  ratis.XceiverServerRatis (XceiverServerRatis.java:handleLeaderChangedNotification(854)) - Leader change notification received for group: group-F4EC93AE6281 with new leaderId: dfa92053-6d36-469c-b0e7-d151100efb82
2020-12-08 02:18:57,671 [dfa92053-6d36-469c-b0e7-d151100efb82@group-F4EC93AE6281-LeaderElection53] INFO  impl.RaftServerImpl (ServerState.java:setLeader(256)) - dfa92053-6d36-469c-b0e7-d151100efb82@group-F4EC93AE6281: change Leader from null to dfa92053-6d36-469c-b0e7-d151100efb82 at term 1 for becomeLeader, leader elected after 5141ms
2020-12-08 02:18:57,671 [dfa92053-6d36-469c-b0e7-d151100efb82@group-F4EC93AE6281-LeaderElection53] INFO  server.RaftServerConfigKeys (ConfUtils.java:logGet(44)) - raft.server.staging.catchup.gap = 1000 (default)
2020-12-08 02:18:57,671 [dfa92053-6d36-469c-b0e7-d151100efb82@group-F4EC93AE6281-LeaderElection53] INFO  server.RaftServerConfigKeys (ConfUtils.java:logGet(44)) - raft.server.rpc.sleep.time = 25ms (default)
2020-12-08 02:18:57,671 [dfa92053-6d36-469c-b0e7-d151100efb82@group-F4EC93AE6281-LeaderElection53] INFO  metrics.RatisMetrics (RatisMetrics.java:lambda$create$0(36)) - Creating Metrics Registry : ratis.log_appender.dfa92053-6d36-469c-b0e7-d151100efb82@group-F4EC93AE6281
2020-12-08 02:18:57,671 [dfa92053-6d36-469c-b0e7-d151100efb82@group-F4EC93AE6281-LeaderElection53] INFO  server.RaftServerConfigKeys (ConfUtils.java:logGet(44)) - raft.server.write.element-limit = 1024 (custom)
2020-12-08 02:18:57,672 [dfa92053-6d36-469c-b0e7-d151100efb82@group-F4EC93AE6281-LeaderElection53] INFO  server.RaftServerConfigKeys (ConfUtils.java:logGet(44)) - raft.server.write.byte-limit = 1073741824 (custom)
2020-12-08 02:18:57,672 [dfa92053-6d36-469c-b0e7-d151100efb82@group-F4EC93AE6281-LeaderElection53] INFO  server.RaftServerConfigKeys (ConfUtils.java:logGet(44)) - raft.server.watch.timeout = 3000ms (custom)
2020-12-08 02:18:57,672 [dfa92053-6d36-469c-b0e7-d151100efb82@group-F4EC93AE6281-LeaderElection53] INFO  server.RaftServerConfigKeys (ConfUtils.java:logGet(44)) - raft.server.watch.timeout.denomination = 1s (default)
2020-12-08 02:18:57,672 [dfa92053-6d36-469c-b0e7-d151100efb82@group-F4EC93AE6281-LeaderElection53] INFO  server.RaftServerConfigKeys (ConfUtils.java:logGet(44)) - raft.server.watch.element-limit = 65536 (default)
2020-12-08 02:18:57,672 [dfa92053-6d36-469c-b0e7-d151100efb82@group-F4EC93AE6281-LeaderElection53] INFO  server.RaftServerConfigKeys (ConfUtils.java:logGet(44)) - raft.server.log.appender.snapshot.chunk.size.max = 16MB (=16777216) (default)
2020-12-08 02:18:57,672 [dfa92053-6d36-469c-b0e7-d151100efb82@group-F4EC93AE6281-LeaderElection53] INFO  server.RaftServerConfigKeys (ConfUtils.java:logGet(44)) - raft.server.log.appender.buffer.byte-limit = 33554432 (custom)
2020-12-08 02:18:57,672 [dfa92053-6d36-469c-b0e7-d151100efb82@group-F4EC93AE6281-LeaderElection53] INFO  server.RaftServerConfigKeys (ConfUtils.java:logGet(44)) - raft.server.log.appender.buffer.element-limit = 1 (custom)
2020-12-08 02:18:57,673 [dfa92053-6d36-469c-b0e7-d151100efb82@group-F4EC93AE6281-LeaderElection53] INFO  grpc.GrpcConfigKeys (ConfUtils.java:logGet(44)) - raft.grpc.server.leader.outstanding.appends.max = 128 (default)
2020-12-08 02:18:57,673 [dfa92053-6d36-469c-b0e7-d151100efb82@group-F4EC93AE6281-LeaderElection53] INFO  server.RaftServerConfigKeys (ConfUtils.java:logGet(44)) - raft.server.rpc.request.timeout = 3000ms (default)
2020-12-08 02:18:57,673 [dfa92053-6d36-469c-b0e7-d151100efb82@group-F4EC93AE6281-LeaderElection53] INFO  server.RaftServerConfigKeys (ConfUtils.java:logGet(44)) - raft.server.log.appender.install.snapshot.enabled = false (custom)
2020-12-08 02:18:57,673 [dfa92053-6d36-469c-b0e7-d151100efb82@group-F4EC93AE6281-LeaderElection53] INFO  metrics.RatisMetrics (RatisMetrics.java:lambda$create$0(36)) - Creating Metrics Registry : ratis_grpc.log_appender.dfa92053-6d36-469c-b0e7-d151100efb82@group-F4EC93AE6281
2020-12-08 02:18:57,675 [dfa92053-6d36-469c-b0e7-d151100efb82@group-F4EC93AE6281-LeaderElection53] INFO  server.RaftServerConfigKeys (ConfUtils.java:logGet(44)) - raft.server.log.appender.snapshot.chunk.size.max = 16MB (=16777216) (default)
2020-12-08 02:18:57,676 [dfa92053-6d36-469c-b0e7-d151100efb82@group-F4EC93AE6281-LeaderElection53] INFO  server.RaftServerConfigKeys (ConfUtils.java:logGet(44)) - raft.server.log.appender.buffer.byte-limit = 33554432 (custom)
2020-12-08 02:18:57,676 [dfa92053-6d36-469c-b0e7-d151100efb82@group-F4EC93AE6281-LeaderElection53] INFO  server.RaftServerConfigKeys (ConfUtils.java:logGet(44)) - raft.server.log.appender.buffer.element-limit = 1 (custom)
2020-12-08 02:18:57,676 [dfa92053-6d36-469c-b0e7-d151100efb82@group-F4EC93AE6281-LeaderElection53] INFO  grpc.GrpcConfigKeys (ConfUtils.java:logGet(44)) - raft.grpc.server.leader.outstanding.appends.max = 128 (default)
2020-12-08 02:18:57,676 [dfa92053-6d36-469c-b0e7-d151100efb82@group-F4EC93AE6281-LeaderElection53] INFO  server.RaftServerConfigKeys (ConfUtils.java:logGet(44)) - raft.server.rpc.request.timeout = 3000ms (default)
2020-12-08 02:18:57,676 [dfa92053-6d36-469c-b0e7-d151100efb82@group-F4EC93AE6281-LeaderElection53] INFO  server.RaftServerConfigKeys (ConfUtils.java:logGet(44)) - raft.server.log.appender.install.snapshot.enabled = false (custom)
2020-12-08 02:18:57,680 [dfa92053-6d36-469c-b0e7-d151100efb82@group-F4EC93AE6281-LeaderElection53] INFO  impl.RoleInfo (RoleInfo.java:updateAndGet(143)) - dfa92053-6d36-469c-b0e7-d151100efb82: start dfa92053-6d36-469c-b0e7-d151100efb82@group-F4EC93AE6281-LeaderState
2020-12-08 02:18:57,680 [dfa92053-6d36-469c-b0e7-d151100efb82@group-F4EC93AE6281-LeaderElection53] INFO  segmented.SegmentedRaftLogWorker (SegmentedRaftLogWorker.java:startLogSegment(398)) - dfa92053-6d36-469c-b0e7-d151100efb82@group-F4EC93AE6281-SegmentedRaftLogWorker: Starting segment from index:0
2020-12-08 02:18:57,682 [dfa92053-6d36-469c-b0e7-d151100efb82@group-F4EC93AE6281-SegmentedRaftLogWorker] INFO  segmented.SegmentedRaftLogWorker (SegmentedRaftLogWorker.java:execute(597)) - dfa92053-6d36-469c-b0e7-d151100efb82@group-F4EC93AE6281-SegmentedRaftLogWorker: created new log segment /github/workspace/mnt/ozone/hadoop-ozone/integration-test/target/test-dir/MiniOzoneClusterImpl-c7e5300f-f3f2-48d9-ae25-3e63411fd680/datanode-0/data/ratis/408dade4-1d96-4f3b-8d08-f4ec93ae6281/current/log_inprogress_0
2020-12-08 02:18:57,684 [dfa92053-6d36-469c-b0e7-d151100efb82@group-F4EC93AE6281-LeaderElection53] INFO  impl.RaftServerImpl (ServerState.java:setRaftConf(374)) - dfa92053-6d36-469c-b0e7-d151100efb82@group-F4EC93AE6281: set configuration 0: [4e005ff2-b0a1-49c5-ae0b-0004e66f3274|rpc:172.17.0.2:37623|dataStream:, 0e1de31d-e867-4945-8f7b-16c35f8e70a9|rpc:172.17.0.2:36897|dataStream:, dfa92053-6d36-469c-b0e7-d151100efb82|rpc:172.17.0.2:42811|dataStream:], old=null at 0
2020-12-08 02:18:57,698 [grpc-default-executor-5] WARN  server.GrpcLogAppender (LogUtils.java:warn(122)) - dfa92053-6d36-469c-b0e7-d151100efb82@group-F4EC93AE6281->0e1de31d-e867-4945-8f7b-16c35f8e70a9-AppendLogResponseHandler: Failed appendEntries: org.apache.ratis.thirdparty.io.grpc.StatusRuntimeException: UNAVAILABLE: io exception
2020-12-08 02:18:57,698 [grpc-default-executor-5] WARN  server.GrpcLogAppender (GrpcLogAppender.java:resetClient(107)) - dfa92053-6d36-469c-b0e7-d151100efb82@group-F4EC93AE6281->0e1de31d-e867-4945-8f7b-16c35f8e70a9-GrpcLogAppender: Leader has not got in touch with Follower dfa92053-6d36-469c-b0e7-d151100efb82@group-F4EC93AE6281->0e1de31d-e867-4945-8f7b-16c35f8e70a9(c-1,m0,n0, attendVote=true, lastRpcSendTime=5226, lastRpcResponseTime=5226) yet, just keep nextIndex unchanged and retry.
2020-12-08 02:18:57,703 [grpc-default-executor-7] INFO  ratis.XceiverServerRatis (XceiverServerRatis.java:handleLeaderChangedNotification(854)) - Leader change notification received for group: group-F4EC93AE6281 with new leaderId: dfa92053-6d36-469c-b0e7-d151100efb82
2020-12-08 02:18:57,703 [grpc-default-executor-7] INFO  impl.RaftServerImpl (ServerState.java:setLeader(256)) - 4e005ff2-b0a1-49c5-ae0b-0004e66f3274@group-F4EC93AE6281: change Leader from null to dfa92053-6d36-469c-b0e7-d151100efb82 at term 1 for appendEntries, leader elected after 5139ms
2020-12-08 02:18:57,707 [grpc-default-executor-5] WARN  server.GrpcLogAppender (LogUtils.java:warn(122)) - dfa92053-6d36-469c-b0e7-d151100efb82@group-F4EC93AE6281->0e1de31d-e867-4945-8f7b-16c35f8e70a9-AppendLogResponseHandler: Failed appendEntries: org.apache.ratis.thirdparty.io.grpc.StatusRuntimeException: UNAVAILABLE: io exception
2020-12-08 02:18:57,707 [grpc-default-executor-5] WARN  server.GrpcLogAppender (GrpcLogAppender.java:resetClient(107)) - dfa92053-6d36-469c-b0e7-d151100efb82@group-F4EC93AE6281->0e1de31d-e867-4945-8f7b-16c35f8e70a9-GrpcLogAppender: Leader has not got in touch with Follower dfa92053-6d36-469c-b0e7-d151100efb82@group-F4EC93AE6281->0e1de31d-e867-4945-8f7b-16c35f8e70a9(c-1,m0,n1, attendVote=true, lastRpcSendTime=0, lastRpcResponseTime=5235) yet, just keep nextIndex unchanged and retry.
2020-12-08 02:18:57,708 [grpc-default-executor-2] INFO  impl.RaftServerImpl (ServerState.java:setRaftConf(374)) - 4e005ff2-b0a1-49c5-ae0b-0004e66f3274@group-F4EC93AE6281: set configuration 0: [4e005ff2-b0a1-49c5-ae0b-0004e66f3274|rpc:172.17.0.2:37623|dataStream:, 0e1de31d-e867-4945-8f7b-16c35f8e70a9|rpc:172.17.0.2:36897|dataStream:, dfa92053-6d36-469c-b0e7-d151100efb82|rpc:172.17.0.2:42811|dataStream:], old=null at 0
2020-12-08 02:18:57,709 [grpc-default-executor-2] INFO  segmented.SegmentedRaftLogWorker (SegmentedRaftLogWorker.java:startLogSegment(398)) - 4e005ff2-b0a1-49c5-ae0b-0004e66f3274@group-F4EC93AE6281-SegmentedRaftLogWorker: Starting segment from index:0
2020-12-08 02:18:57,710 [4e005ff2-b0a1-49c5-ae0b-0004e66f3274@group-F4EC93AE6281-SegmentedRaftLogWorker] INFO  segmented.SegmentedRaftLogWorker (SegmentedRaftLogWorker.java:execute(597)) - 4e005ff2-b0a1-49c5-ae0b-0004e66f3274@group-F4EC93AE6281-SegmentedRaftLogWorker: created new log segment /github/workspace/mnt/ozone/hadoop-ozone/integration-test/target/test-dir/MiniOzoneClusterImpl-c7e5300f-f3f2-48d9-ae25-3e63411fd680/datanode-1/data/ratis/408dade4-1d96-4f3b-8d08-f4ec93ae6281/current/log_inprogress_0
2020-12-08 02:18:57,746 [Datanode State Machine Thread - 0] INFO  statemachine.DatanodeStateMachine (DatanodeStateMachine.java:lambda$startDaemon$0(408)) - Ozone container server started.
2020-12-08 02:18:58,136 [Datanode State Machine Thread - 0] INFO  statemachine.DatanodeStateMachine (DatanodeStateMachine.java:lambda$startDaemon$0(408)) - Ozone container server started.
2020-12-08 02:18:59,957 [grpc-default-executor-7] WARN  server.GrpcLogAppender (LogUtils.java:warn(122)) - e6ce4bfb-70cc-4dab-829a-840fddc24c05@group-C451E46A2CA6->bef787c3-a919-4f9b-887c-fdb68b2678bc-AppendLogResponseHandler: Failed appendEntries: org.apache.ratis.thirdparty.io.grpc.StatusRuntimeException: UNAVAILABLE: io exception
2020-12-08 02:18:59,958 [grpc-default-executor-7] WARN  server.GrpcLogAppender (GrpcLogAppender.java:resetClient(107)) - e6ce4bfb-70cc-4dab-829a-840fddc24c05@group-C451E46A2CA6->bef787c3-a919-4f9b-887c-fdb68b2678bc-GrpcLogAppender: Leader has not got in touch with Follower e6ce4bfb-70cc-4dab-829a-840fddc24c05@group-C451E46A2CA6->bef787c3-a919-4f9b-887c-fdb68b2678bc(c0,m0,n1, attendVote=true, lastRpcSendTime=1, lastRpcResponseTime=2502) yet, just keep nextIndex unchanged and retry.
2020-12-08 02:19:00,208 [grpc-default-executor-7] WARN  server.GrpcLogAppender (LogUtils.java:warn(122)) - dfa92053-6d36-469c-b0e7-d151100efb82@group-F4EC93AE6281->0e1de31d-e867-4945-8f7b-16c35f8e70a9-AppendLogResponseHandler: Failed appendEntries: org.apache.ratis.thirdparty.io.grpc.StatusRuntimeException: UNAVAILABLE: io exception
2020-12-08 02:19:00,208 [grpc-default-executor-7] WARN  server.GrpcLogAppender (GrpcLogAppender.java:resetClient(107)) - dfa92053-6d36-469c-b0e7-d151100efb82@group-F4EC93AE6281->0e1de31d-e867-4945-8f7b-16c35f8e70a9-GrpcLogAppender: Leader has not got in touch with Follower dfa92053-6d36-469c-b0e7-d151100efb82@group-F4EC93AE6281->0e1de31d-e867-4945-8f7b-16c35f8e70a9(c-1,m0,n1, attendVote=true, lastRpcSendTime=0, lastRpcResponseTime=7736) yet, just keep nextIndex unchanged and retry.
2020-12-08 02:19:02,458 [grpc-default-executor-7] WARN  server.GrpcLogAppender (LogUtils.java:warn(122)) - e6ce4bfb-70cc-4dab-829a-840fddc24c05@group-C451E46A2CA6->bef787c3-a919-4f9b-887c-fdb68b2678bc-AppendLogResponseHandler: Failed appendEntries: org.apache.ratis.thirdparty.io.grpc.StatusRuntimeException: UNAVAILABLE: io exception
2020-12-08 02:19:02,459 [grpc-default-executor-7] WARN  server.GrpcLogAppender (GrpcLogAppender.java:resetClient(107)) - e6ce4bfb-70cc-4dab-829a-840fddc24c05@group-C451E46A2CA6->bef787c3-a919-4f9b-887c-fdb68b2678bc-GrpcLogAppender: Leader has not got in touch with Follower e6ce4bfb-70cc-4dab-829a-840fddc24c05@group-C451E46A2CA6->bef787c3-a919-4f9b-887c-fdb68b2678bc(c0,m0,n1, attendVote=true, lastRpcSendTime=0, lastRpcResponseTime=5003) yet, just keep nextIndex unchanged and retry.
2020-12-08 02:19:02,614 [Listener at 127.0.0.1/40701] INFO  ozoneimpl.OzoneContainer (OzoneContainer.java:stop(257)) - Attempting to stop container services.
2020-12-08 02:19:02,615 [Listener at 127.0.0.1/40701] INFO  impl.RaftServerProxy (RaftServerProxy.java:lambda$close$4(338)) - e6ce4bfb-70cc-4dab-829a-840fddc24c05: close
2020-12-08 02:19:02,615 [ForkJoinPool.commonPool-worker-1] INFO  ozoneimpl.OzoneContainer (OzoneContainer.java:stop(257)) - Attempting to stop container services.
2020-12-08 02:19:02,615 [Listener at 127.0.0.1/40701] INFO  impl.RaftServerImpl (RaftServerImpl.java:lambda$shutdown$3(328)) - e6ce4bfb-70cc-4dab-829a-840fddc24c05@group-C451E46A2CA6: shutdown
2020-12-08 02:19:02,615 [Listener at 127.0.0.1/40701] INFO  util.JmxRegister (JmxRegister.java:unregister(73)) - Successfully un-registered JMX Bean with object name Ratis:service=RaftServer,group=group-C451E46A2CA6,id=e6ce4bfb-70cc-4dab-829a-840fddc24c05
2020-12-08 02:19:02,615 [ForkJoinPool.commonPool-worker-1] INFO  impl.RaftServerProxy (RaftServerProxy.java:lambda$close$4(338)) - 8a6e4045-11b4-4c02-b30b-59b4d0471a8a: close
2020-12-08 02:19:02,616 [Listener at 127.0.0.1/40701] INFO  impl.RoleInfo (RoleInfo.java:shutdownLeaderState(104)) - e6ce4bfb-70cc-4dab-829a-840fddc24c05: shutdown e6ce4bfb-70cc-4dab-829a-840fddc24c05@group-C451E46A2CA6-LeaderState
2020-12-08 02:19:02,616 [Listener at 127.0.0.1/40701] INFO  metrics.RatisMetrics (RatisMetrics.java:unregister(43)) - Unregistering Metrics Registry : ratis_grpc.log_appender.e6ce4bfb-70cc-4dab-829a-840fddc24c05@group-C451E46A2CA6
2020-12-08 02:19:02,616 [Listener at 127.0.0.1/40701] INFO  metrics.RatisMetrics (RatisMetrics.java:unregister(43)) - Unregistering Metrics Registry : ratis_grpc.log_appender.e6ce4bfb-70cc-4dab-829a-840fddc24c05@group-C451E46A2CA6
2020-12-08 02:19:02,616 [Listener at 127.0.0.1/40701] INFO  impl.PendingRequests (PendingRequests.java:sendNotLeaderResponses(250)) - e6ce4bfb-70cc-4dab-829a-840fddc24c05@group-C451E46A2CA6-PendingRequests: sendNotLeaderResponses
2020-12-08 02:19:02,617 [Listener at 127.0.0.1/40701] INFO  metrics.RatisMetrics (RatisMetrics.java:unregister(43)) - Unregistering Metrics Registry : ratis.log_appender.e6ce4bfb-70cc-4dab-829a-840fddc24c05@group-C451E46A2CA6
2020-12-08 02:19:02,617 [Listener at 127.0.0.1/40701] INFO  metrics.RatisMetrics (RatisMetrics.java:unregister(43)) - Unregistering Metrics Registry : ratis.server.e6ce4bfb-70cc-4dab-829a-840fddc24c05@group-C451E46A2CA6
2020-12-08 02:19:02,618 [Listener at 127.0.0.1/40701] INFO  impl.StateMachineUpdater (StateMachineUpdater.java:stopAndJoin(147)) - e6ce4bfb-70cc-4dab-829a-840fddc24c05@group-C451E46A2CA6-StateMachineUpdater: set stopIndex = 0
2020-12-08 02:19:02,616 [ForkJoinPool.commonPool-worker-1] INFO  impl.RaftServerImpl (RaftServerImpl.java:lambda$shutdown$3(328)) - 8a6e4045-11b4-4c02-b30b-59b4d0471a8a@group-602BDEF1A831: shutdown
2020-12-08 02:19:02,618 [ForkJoinPool.commonPool-worker-1] INFO  util.JmxRegister (JmxRegister.java:unregister(73)) - Successfully un-registered JMX Bean with object name Ratis:service=RaftServer,group=group-602BDEF1A831,id=8a6e4045-11b4-4c02-b30b-59b4d0471a8a
2020-12-08 02:19:02,618 [ForkJoinPool.commonPool-worker-1] INFO  impl.RoleInfo (RoleInfo.java:shutdownLeaderState(104)) - 8a6e4045-11b4-4c02-b30b-59b4d0471a8a: shutdown 8a6e4045-11b4-4c02-b30b-59b4d0471a8a@group-602BDEF1A831-LeaderState
2020-12-08 02:19:02,616 [org.apache.ratis.server.impl.LogAppender$AppenderDaemon$$Lambda$479/1454461240@27bcec57] WARN  server.GrpcLogAppender (GrpcLogAppender.java:mayWait(168)) - e6ce4bfb-70cc-4dab-829a-840fddc24c05@group-C451E46A2CA6->8a6e4045-11b4-4c02-b30b-59b4d0471a8a-GrpcLogAppender: Wait interrupted by java.lang.InterruptedException
2020-12-08 02:19:02,616 [org.apache.ratis.server.impl.LogAppender$AppenderDaemon$$Lambda$479/1454461240@5085bcd6] WARN  server.GrpcLogAppender (GrpcLogAppender.java:mayWait(168)) - e6ce4bfb-70cc-4dab-829a-840fddc24c05@group-C451E46A2CA6->bef787c3-a919-4f9b-887c-fdb68b2678bc-GrpcLogAppender: Wait interrupted by java.lang.InterruptedException
2020-12-08 02:19:02,618 [ForkJoinPool.commonPool-worker-1] INFO  impl.PendingRequests (PendingRequests.java:sendNotLeaderResponses(250)) - 8a6e4045-11b4-4c02-b30b-59b4d0471a8a@group-602BDEF1A831-PendingRequests: sendNotLeaderResponses
2020-12-08 02:19:02,619 [ForkJoinPool.commonPool-worker-1] INFO  metrics.RatisMetrics (RatisMetrics.java:unregister(43)) - Unregistering Metrics Registry : ratis.log_appender.8a6e4045-11b4-4c02-b30b-59b4d0471a8a@group-602BDEF1A831
2020-12-08 02:19:02,619 [ForkJoinPool.commonPool-worker-1] INFO  metrics.RatisMetrics (RatisMetrics.java:unregister(43)) - Unregistering Metrics Registry : ratis.server.8a6e4045-11b4-4c02-b30b-59b4d0471a8a@group-602BDEF1A831
2020-12-08 02:19:02,618 [e6ce4bfb-70cc-4dab-829a-840fddc24c05@group-C451E46A2CA6-StateMachineUpdater] INFO  ratis.ContainerStateMachine (ContainerStateMachine.java:takeSnapshot(293)) - group-C451E46A2CA6: Taking a snapshot at:(t:1, i:0) file /github/workspace/mnt/ozone/hadoop-ozone/integration-test/target/test-dir/MiniOzoneClusterImpl-c7e5300f-f3f2-48d9-ae25-3e63411fd680/datanode-5/data/ratis/6fefb3bb-b5ac-4da2-a6d0-c451e46a2ca6/sm/snapshot.1_0
2020-12-08 02:19:02,619 [grpc-default-executor-7] INFO  server.GrpcServerProtocolService (GrpcServerProtocolService.java:onCompleted(138)) - 8a6e4045-11b4-4c02-b30b-59b4d0471a8a: Completed APPEND_ENTRIES, lastRequest: e6ce4bfb-70cc-4dab-829a-840fddc24c05->8a6e4045-11b4-4c02-b30b-59b4d0471a8a#1-t1, previous=(t:0, i:0), leaderCommit=-1, initializing? false, entries: size=1, first=(t:1, i:0), CONFIGURATIONENTRY
2020-12-08 02:19:02,620 [e6ce4bfb-70cc-4dab-829a-840fddc24c05@group-C451E46A2CA6-StateMachineUpdater] INFO  ratis.ContainerStateMachine (ContainerStateMachine.java:takeSnapshot(304)) - group-C451E46A2CA6: Finished taking a snapshot at:(t:1, i:0) file:/github/workspace/mnt/ozone/hadoop-ozone/integration-test/target/test-dir/MiniOzoneClusterImpl-c7e5300f-f3f2-48d9-ae25-3e63411fd680/datanode-5/data/ratis/6fefb3bb-b5ac-4da2-a6d0-c451e46a2ca6/sm/snapshot.1_0 time:2
2020-12-08 02:19:02,621 [e6ce4bfb-70cc-4dab-829a-840fddc24c05@group-C451E46A2CA6-StateMachineUpdater] INFO  impl.StateMachineUpdater (StateMachineUpdater.java:takeSnapshot(278)) - e6ce4bfb-70cc-4dab-829a-840fddc24c05@group-C451E46A2CA6-StateMachineUpdater: Took a snapshot at index 0
2020-12-08 02:19:02,621 [e6ce4bfb-70cc-4dab-829a-840fddc24c05@group-C451E46A2CA6-StateMachineUpdater] INFO  impl.StateMachineUpdater (StateMachineUpdater.java:lambda$new$0(87)) - e6ce4bfb-70cc-4dab-829a-840fddc24c05@group-C451E46A2CA6-StateMachineUpdater: snapshotIndex: updateIncreasingly -1 -> 0
2020-12-08 02:19:02,621 [e6ce4bfb-70cc-4dab-829a-840fddc24c05@group-C451E46A2CA6-StateMachineUpdater] INFO  metrics.RatisMetrics (RatisMetrics.java:unregister(43)) - Unregistering Metrics Registry : ratis.state_machine.e6ce4bfb-70cc-4dab-829a-840fddc24c05@group-C451E46A2CA6
2020-12-08 02:19:02,621 [Listener at 127.0.0.1/40701] INFO  impl.RaftServerImpl (ServerState.java:close(406)) - e6ce4bfb-70cc-4dab-829a-840fddc24c05@group-C451E46A2CA6: closes. applyIndex: 0
2020-12-08 02:19:02,621 [e6ce4bfb-70cc-4dab-829a-840fddc24c05@group-C451E46A2CA6-SegmentedRaftLogWorker] INFO  segmented.SegmentedRaftLogWorker (SegmentedRaftLogWorker.java:run(329)) - e6ce4bfb-70cc-4dab-829a-840fddc24c05@group-C451E46A2CA6-SegmentedRaftLogWorker was interrupted, exiting. There are 0 tasks remaining in the queue.
2020-12-08 02:19:02,623 [Listener at 127.0.0.1/40701] INFO  segmented.SegmentedRaftLogWorker (SegmentedRaftLogWorker.java:close(235)) - e6ce4bfb-70cc-4dab-829a-840fddc24c05@group-C451E46A2CA6-SegmentedRaftLogWorker close()
2020-12-08 02:19:02,624 [Listener at 127.0.0.1/40701] INFO  metrics.RatisMetrics (RatisMetrics.java:unregister(43)) - Unregistering Metrics Registry : ratis.log_worker.e6ce4bfb-70cc-4dab-829a-840fddc24c05@group-C451E46A2CA6
2020-12-08 02:19:02,625 [Listener at 127.0.0.1/40701] INFO  metrics.RatisMetrics (RatisMetrics.java:unregister(43)) - Unregistering Metrics Registry : ratis.leader_election.e6ce4bfb-70cc-4dab-829a-840fddc24c05@group-C451E46A2CA6
2020-12-08 02:19:02,625 [Listener at 127.0.0.1/40701] INFO  metrics.RatisMetrics (RatisMetrics.java:unregister(43)) - Unregistering Metrics Registry : ratis.server.e6ce4bfb-70cc-4dab-829a-840fddc24c05@group-C451E46A2CA6
2020-12-08 02:19:02,625 [Listener at 127.0.0.1/40701] INFO  impl.RaftServerImpl (RaftServerImpl.java:lambda$shutdown$3(328)) - e6ce4bfb-70cc-4dab-829a-840fddc24c05@group-1DFE0CB169D6: shutdown
2020-12-08 02:19:02,626 [grpc-default-executor-2] INFO  server.GrpcLogAppender (GrpcLogAppender.java:onCompleted(337)) - e6ce4bfb-70cc-4dab-829a-840fddc24c05@group-C451E46A2CA6->8a6e4045-11b4-4c02-b30b-59b4d0471a8a-AppendLogResponseHandler: follower responses appendEntries COMPLETED
2020-12-08 02:19:02,627 [grpc-default-executor-2] INFO  impl.FollowerInfo (FollowerInfo.java:lambda$new$0(51)) - e6ce4bfb-70cc-4dab-829a-840fddc24c05@group-C451E46A2CA6->8a6e4045-11b4-4c02-b30b-59b4d0471a8a: nextIndex: updateUnconditionally 1 -> 0
2020-12-08 02:19:02,628 [ForkJoinPool.commonPool-worker-1] INFO  impl.StateMachineUpdater (StateMachineUpdater.java:stopAndJoin(147)) - 8a6e4045-11b4-4c02-b30b-59b4d0471a8a@group-602BDEF1A831-StateMachineUpdater: set stopIndex = 0
2020-12-08 02:19:02,628 [8a6e4045-11b4-4c02-b30b-59b4d0471a8a@group-602BDEF1A831-StateMachineUpdater] INFO  ratis.ContainerStateMachine (ContainerStateMachine.java:takeSnapshot(293)) - group-602BDEF1A831: Taking a snapshot at:(t:1, i:0) file /github/workspace/mnt/ozone/hadoop-ozone/integration-test/target/test-dir/MiniOzoneClusterImpl-c7e5300f-f3f2-48d9-ae25-3e63411fd680/datanode-3/data/ratis/612e32f5-aa10-482a-ad6d-602bdef1a831/sm/snapshot.1_0
2020-12-08 02:19:02,628 [Listener at 127.0.0.1/40701] INFO  util.JmxRegister (JmxRegister.java:unregister(73)) - Successfully un-registered JMX Bean with object name Ratis:service=RaftServer,group=group-1DFE0CB169D6,id=e6ce4bfb-70cc-4dab-829a-840fddc24c05
2020-12-08 02:19:02,629 [Listener at 127.0.0.1/40701] INFO  impl.RoleInfo (RoleInfo.java:shutdownLeaderState(104)) - e6ce4bfb-70cc-4dab-829a-840fddc24c05: shutdown e6ce4bfb-70cc-4dab-829a-840fddc24c05@group-1DFE0CB169D6-LeaderState
2020-12-08 02:19:02,629 [Listener at 127.0.0.1/40701] INFO  impl.PendingRequests (PendingRequests.java:sendNotLeaderResponses(250)) - e6ce4bfb-70cc-4dab-829a-840fddc24c05@group-1DFE0CB169D6-PendingRequests: sendNotLeaderResponses
2020-12-08 02:19:02,629 [8a6e4045-11b4-4c02-b30b-59b4d0471a8a@group-602BDEF1A831-StateMachineUpdater] INFO  ratis.ContainerStateMachine (ContainerStateMachine.java:takeSnapshot(304)) - group-602BDEF1A831: Finished taking a snapshot at:(t:1, i:0) file:/github/workspace/mnt/ozone/hadoop-ozone/integration-test/target/test-dir/MiniOzoneClusterImpl-c7e5300f-f3f2-48d9-ae25-3e63411fd680/datanode-3/data/ratis/612e32f5-aa10-482a-ad6d-602bdef1a831/sm/snapshot.1_0 time:1
2020-12-08 02:19:02,629 [8a6e4045-11b4-4c02-b30b-59b4d0471a8a@group-602BDEF1A831-StateMachineUpdater] INFO  impl.StateMachineUpdater (StateMachineUpdater.java:takeSnapshot(278)) - 8a6e4045-11b4-4c02-b30b-59b4d0471a8a@group-602BDEF1A831-StateMachineUpdater: Took a snapshot at index 0
2020-12-08 02:19:02,629 [8a6e4045-11b4-4c02-b30b-59b4d0471a8a@group-602BDEF1A831-StateMachineUpdater] INFO  impl.StateMachineUpdater (StateMachineUpdater.java:lambda$new$0(87)) - 8a6e4045-11b4-4c02-b30b-59b4d0471a8a@group-602BDEF1A831-StateMachineUpdater: snapshotIndex: updateIncreasingly -1 -> 0
2020-12-08 02:19:02,629 [8a6e4045-11b4-4c02-b30b-59b4d0471a8a@group-602BDEF1A831-StateMachineUpdater] INFO  metrics.RatisMetrics (RatisMetrics.java:unregister(43)) - Unregistering Metrics Registry : ratis.state_machine.8a6e4045-11b4-4c02-b30b-59b4d0471a8a@group-602BDEF1A831
2020-12-08 02:19:02,630 [ForkJoinPool.commonPool-worker-1] INFO  impl.RaftServerImpl (ServerState.java:close(406)) - 8a6e4045-11b4-4c02-b30b-59b4d0471a8a@group-602BDEF1A831: closes. applyIndex: 0
2020-12-08 02:19:02,630 [8a6e4045-11b4-4c02-b30b-59b4d0471a8a@group-602BDEF1A831-SegmentedRaftLogWorker] INFO  segmented.SegmentedRaftLogWorker (SegmentedRaftLogWorker.java:run(329)) - 8a6e4045-11b4-4c02-b30b-59b4d0471a8a@group-602BDEF1A831-SegmentedRaftLogWorker was interrupted, exiting. There are 0 tasks remaining in the queue.
2020-12-08 02:19:02,630 [Listener at 127.0.0.1/40701] INFO  metrics.RatisMetrics (RatisMetrics.java:unregister(43)) - Unregistering Metrics Registry : ratis.log_appender.e6ce4bfb-70cc-4dab-829a-840fddc24c05@group-1DFE0CB169D6
2020-12-08 02:19:02,631 [Listener at 127.0.0.1/40701] INFO  metrics.RatisMetrics (RatisMetrics.java:unregister(43)) - Unregistering Metrics Registry : ratis.server.e6ce4bfb-70cc-4dab-829a-840fddc24c05@group-1DFE0CB169D6
2020-12-08 02:19:02,632 [Listener at 127.0.0.1/40701] INFO  impl.StateMachineUpdater (StateMachineUpdater.java:stopAndJoin(147)) - e6ce4bfb-70cc-4dab-829a-840fddc24c05@group-1DFE0CB169D6-StateMachineUpdater: set stopIndex = 0
2020-12-08 02:19:02,632 [e6ce4bfb-70cc-4dab-829a-840fddc24c05@group-1DFE0CB169D6-StateMachineUpdater] INFO  ratis.ContainerStateMachine (ContainerStateMachine.java:takeSnapshot(293)) - group-1DFE0CB169D6: Taking a snapshot at:(t:1, i:0) file /github/workspace/mnt/ozone/hadoop-ozone/integration-test/target/test-dir/MiniOzoneClusterImpl-c7e5300f-f3f2-48d9-ae25-3e63411fd680/datanode-5/data/ratis/ebb32eae-a800-4d70-bece-1dfe0cb169d6/sm/snapshot.1_0
2020-12-08 02:19:02,632 [ForkJoinPool.commonPool-worker-1] INFO  segmented.SegmentedRaftLogWorker (SegmentedRaftLogWorker.java:close(235)) - 8a6e4045-11b4-4c02-b30b-59b4d0471a8a@group-602BDEF1A831-SegmentedRaftLogWorker close()
2020-12-08 02:19:02,635 [ForkJoinPool.commonPool-worker-1] INFO  metrics.RatisMetrics (RatisMetrics.java:unregister(43)) - Unregistering Metrics Registry : ratis.log_worker.8a6e4045-11b4-4c02-b30b-59b4d0471a8a@group-602BDEF1A831
2020-12-08 02:19:02,635 [e6ce4bfb-70cc-4dab-829a-840fddc24c05@group-1DFE0CB169D6-StateMachineUpdater] INFO  ratis.ContainerStateMachine (ContainerStateMachine.java:takeSnapshot(304)) - group-1DFE0CB169D6: Finished taking a snapshot at:(t:1, i:0) file:/github/workspace/mnt/ozone/hadoop-ozone/integration-test/target/test-dir/MiniOzoneClusterImpl-c7e5300f-f3f2-48d9-ae25-3e63411fd680/datanode-5/data/ratis/ebb32eae-a800-4d70-bece-1dfe0cb169d6/sm/snapshot.1_0 time:3
2020-12-08 02:19:02,635 [ForkJoinPool.commonPool-worker-1] INFO  metrics.RatisMetrics (RatisMetrics.java:unregister(43)) - Unregistering Metrics Registry : ratis.leader_election.8a6e4045-11b4-4c02-b30b-59b4d0471a8a@group-602BDEF1A831
2020-12-08 02:19:02,635 [e6ce4bfb-70cc-4dab-829a-840fddc24c05@group-1DFE0CB169D6-StateMachineUpdater] INFO  impl.StateMachineUpdater (StateMachineUpdater.java:takeSnapshot(278)) - e6ce4bfb-70cc-4dab-829a-840fddc24c05@group-1DFE0CB169D6-StateMachineUpdater: Took a snapshot at index 0
2020-12-08 02:19:02,635 [e6ce4bfb-70cc-4dab-829a-840fddc24c05@group-1DFE0CB169D6-StateMachineUpdater] INFO  impl.StateMachineUpdater (StateMachineUpdater.java:lambda$new$0(87)) - e6ce4bfb-70cc-4dab-829a-840fddc24c05@group-1DFE0CB169D6-StateMachineUpdater: snapshotIndex: updateIncreasingly -1 -> 0
2020-12-08 02:19:02,635 [ForkJoinPool.commonPool-worker-1] INFO  metrics.RatisMetrics (RatisMetrics.java:unregister(43)) - Unregistering Metrics Registry : ratis.server.8a6e4045-11b4-4c02-b30b-59b4d0471a8a@group-602BDEF1A831
2020-12-08 02:19:02,635 [e6ce4bfb-70cc-4dab-829a-840fddc24c05@group-1DFE0CB169D6-StateMachineUpdater] INFO  metrics.RatisMetrics (RatisMetrics.java:unregister(43)) - Unregistering Metrics Registry : ratis.state_machine.e6ce4bfb-70cc-4dab-829a-840fddc24c05@group-1DFE0CB169D6
2020-12-08 02:19:02,636 [ForkJoinPool.commonPool-worker-1] INFO  impl.RaftServerImpl (RaftServerImpl.java:lambda$shutdown$3(328)) - 8a6e4045-11b4-4c02-b30b-59b4d0471a8a@group-C451E46A2CA6: shutdown
2020-12-08 02:19:02,636 [ForkJoinPool.commonPool-worker-1] INFO  util.JmxRegister (JmxRegister.java:unregister(73)) - Successfully un-registered JMX Bean with object name Ratis:service=RaftServer,group=group-C451E46A2CA6,id=8a6e4045-11b4-4c02-b30b-59b4d0471a8a
2020-12-08 02:19:02,636 [ForkJoinPool.commonPool-worker-1] INFO  impl.RoleInfo (RoleInfo.java:shutdownFollowerState(121)) - 8a6e4045-11b4-4c02-b30b-59b4d0471a8a: shutdown 8a6e4045-11b4-4c02-b30b-59b4d0471a8a@group-C451E46A2CA6-FollowerState
2020-12-08 02:19:02,636 [Thread-1392] INFO  impl.FollowerState (FollowerState.java:run(137)) - 8a6e4045-11b4-4c02-b30b-59b4d0471a8a@group-C451E46A2CA6-FollowerState was interrupted: {}
java.lang.InterruptedException: sleep interrupted
	at java.lang.Thread.sleep(Native Method)
	at org.apache.ratis.util.JavaUtils.sleep(JavaUtils.java:250)
	at org.apache.ratis.server.impl.FollowerState.run(FollowerState.java:116)
2020-12-08 02:19:02,636 [ForkJoinPool.commonPool-worker-1] INFO  impl.StateMachineUpdater (StateMachineUpdater.java:stopAndJoin(147)) - 8a6e4045-11b4-4c02-b30b-59b4d0471a8a@group-C451E46A2CA6-StateMachineUpdater: set stopIndex = 0
2020-12-08 02:19:02,637 [Listener at 127.0.0.1/40701] INFO  impl.RaftServerImpl (ServerState.java:close(406)) - e6ce4bfb-70cc-4dab-829a-840fddc24c05@group-1DFE0CB169D6: closes. applyIndex: 0
2020-12-08 02:19:02,637 [8a6e4045-11b4-4c02-b30b-59b4d0471a8a@group-C451E46A2CA6-StateMachineUpdater] INFO  ratis.ContainerStateMachine (ContainerStateMachine.java:takeSnapshot(293)) - group-C451E46A2CA6: Taking a snapshot at:(t:1, i:0) file /github/workspace/mnt/ozone/hadoop-ozone/integration-test/target/test-dir/MiniOzoneClusterImpl-c7e5300f-f3f2-48d9-ae25-3e63411fd680/datanode-3/data/ratis/6fefb3bb-b5ac-4da2-a6d0-c451e46a2ca6/sm/snapshot.1_0
2020-12-08 02:19:02,637 [e6ce4bfb-70cc-4dab-829a-840fddc24c05@group-1DFE0CB169D6-SegmentedRaftLogWorker] INFO  segmented.SegmentedRaftLogWorker (SegmentedRaftLogWorker.java:run(329)) - e6ce4bfb-70cc-4dab-829a-840fddc24c05@group-1DFE0CB169D6-SegmentedRaftLogWorker was interrupted, exiting. There are 0 tasks remaining in the queue.
2020-12-08 02:19:02,637 [8a6e4045-11b4-4c02-b30b-59b4d0471a8a@group-C451E46A2CA6-StateMachineUpdater] INFO  ratis.ContainerStateMachine (ContainerStateMachine.java:takeSnapshot(304)) - group-C451E46A2CA6: Finished taking a snapshot at:(t:1, i:0) file:/github/workspace/mnt/ozone/hadoop-ozone/integration-test/target/test-dir/MiniOzoneClusterImpl-c7e5300f-f3f2-48d9-ae25-3e63411fd680/datanode-3/data/ratis/6fefb3bb-b5ac-4da2-a6d0-c451e46a2ca6/sm/snapshot.1_0 time:0
2020-12-08 02:19:02,637 [Listener at 127.0.0.1/40701] INFO  segmented.SegmentedRaftLogWorker (SegmentedRaftLogWorker.java:close(235)) - e6ce4bfb-70cc-4dab-829a-840fddc24c05@group-1DFE0CB169D6-SegmentedRaftLogWorker close()
2020-12-08 02:19:02,638 [8a6e4045-11b4-4c02-b30b-59b4d0471a8a@group-C451E46A2CA6-StateMachineUpdater] INFO  impl.StateMachineUpdater (StateMachineUpdater.java:takeSnapshot(278)) - 8a6e4045-11b4-4c02-b30b-59b4d0471a8a@group-C451E46A2CA6-StateMachineUpdater: Took a snapshot at index 0
2020-12-08 02:19:02,638 [8a6e4045-11b4-4c02-b30b-59b4d0471a8a@group-C451E46A2CA6-StateMachineUpdater] INFO  impl.StateMachineUpdater (StateMachineUpdater.java:lambda$new$0(87)) - 8a6e4045-11b4-4c02-b30b-59b4d0471a8a@group-C451E46A2CA6-StateMachineUpdater: snapshotIndex: updateIncreasingly -1 -> 0
2020-12-08 02:19:02,638 [8a6e4045-11b4-4c02-b30b-59b4d0471a8a@group-C451E46A2CA6-StateMachineUpdater] INFO  metrics.RatisMetrics (RatisMetrics.java:unregister(43)) - Unregistering Metrics Registry : ratis.state_machine.8a6e4045-11b4-4c02-b30b-59b4d0471a8a@group-C451E46A2CA6
2020-12-08 02:19:02,638 [ForkJoinPool.commonPool-worker-1] INFO  impl.RaftServerImpl (ServerState.java:close(406)) - 8a6e4045-11b4-4c02-b30b-59b4d0471a8a@group-C451E46A2CA6: closes. applyIndex: 0
2020-12-08 02:19:02,639 [8a6e4045-11b4-4c02-b30b-59b4d0471a8a@group-C451E46A2CA6-SegmentedRaftLogWorker] INFO  segmented.SegmentedRaftLogWorker (SegmentedRaftLogWorker.java:run(329)) - 8a6e4045-11b4-4c02-b30b-59b4d0471a8a@group-C451E46A2CA6-SegmentedRaftLogWorker was interrupted, exiting. There are 0 tasks remaining in the queue.
2020-12-08 02:19:02,639 [Listener at 127.0.0.1/40701] INFO  metrics.RatisMetrics (RatisMetrics.java:unregister(43)) - Unregistering Metrics Registry : ratis.log_worker.e6ce4bfb-70cc-4dab-829a-840fddc24c05@group-1DFE0CB169D6
2020-12-08 02:19:02,643 [ForkJoinPool.commonPool-worker-1] INFO  segmented.SegmentedRaftLogWorker (SegmentedRaftLogWorker.java:close(235)) - 8a6e4045-11b4-4c02-b30b-59b4d0471a8a@group-C451E46A2CA6-SegmentedRaftLogWorker close()
2020-12-08 02:19:02,644 [Listener at 127.0.0.1/40701] INFO  metrics.RatisMetrics (RatisMetrics.java:unregister(43)) - Unregistering Metrics Registry : ratis.leader_election.e6ce4bfb-70cc-4dab-829a-840fddc24c05@group-1DFE0CB169D6
2020-12-08 02:19:02,644 [Listener at 127.0.0.1/40701] INFO  metrics.RatisMetrics (RatisMetrics.java:unregister(43)) - Unregistering Metrics Registry : ratis.server.e6ce4bfb-70cc-4dab-829a-840fddc24c05@group-1DFE0CB169D6
2020-12-08 02:19:02,645 [Listener at 127.0.0.1/40701] INFO  server.GrpcService (GrpcService.java:closeImpl(184)) - e6ce4bfb-70cc-4dab-829a-840fddc24c05: shutdown server with port 45869 now
2020-12-08 02:19:02,645 [ForkJoinPool.commonPool-worker-1] INFO  metrics.RatisMetrics (RatisMetrics.java:unregister(43)) - Unregistering Metrics Registry : ratis.log_worker.8a6e4045-11b4-4c02-b30b-59b4d0471a8a@group-C451E46A2CA6
2020-12-08 02:19:02,645 [ForkJoinPool.commonPool-worker-1] INFO  metrics.RatisMetrics (RatisMetrics.java:unregister(43)) - Unregistering Metrics Registry : ratis.leader_election.8a6e4045-11b4-4c02-b30b-59b4d0471a8a@group-C451E46A2CA6
2020-12-08 02:19:02,645 [ForkJoinPool.commonPool-worker-1] INFO  metrics.RatisMetrics (RatisMetrics.java:unregister(43)) - Unregistering Metrics Registry : ratis.server.8a6e4045-11b4-4c02-b30b-59b4d0471a8a@group-C451E46A2CA6
2020-12-08 02:19:02,645 [ForkJoinPool.commonPool-worker-1] INFO  server.GrpcService (GrpcService.java:closeImpl(184)) - 8a6e4045-11b4-4c02-b30b-59b4d0471a8a: shutdown server with port 41653 now
2020-12-08 02:19:02,650 [ForkJoinPool.commonPool-worker-1] INFO  server.GrpcService (GrpcService.java:closeImpl(193)) - 8a6e4045-11b4-4c02-b30b-59b4d0471a8a: shutdown server with port 41653 successfully
2020-12-08 02:19:02,651 [Listener at 127.0.0.1/40701] INFO  server.GrpcService (GrpcService.java:closeImpl(193)) - e6ce4bfb-70cc-4dab-829a-840fddc24c05: shutdown server with port 45869 successfully
2020-12-08 02:19:02,653 [ForkJoinPool.commonPool-worker-1] INFO  utils.BackgroundService (BackgroundService.java:shutdown(132)) - Shutting down service BlockDeletingService
2020-12-08 02:19:02,654 [Listener at 127.0.0.1/40701] INFO  utils.BackgroundService (BackgroundService.java:shutdown(132)) - Shutting down service BlockDeletingService
2020-12-08 02:19:02,655 [ForkJoinPool.commonPool-worker-1] INFO  statemachine.DatanodeStateMachine (DatanodeStateMachine.java:stopDaemon(461)) - Ozone container server stopped.
2020-12-08 02:19:02,655 [Listener at 127.0.0.1/40701] INFO  statemachine.DatanodeStateMachine (DatanodeStateMachine.java:stopDaemon(461)) - Ozone container server stopped.
2020-12-08 02:19:02,676 [ForkJoinPool.commonPool-worker-1] INFO  handler.ContextHandler (ContextHandler.java:doStop(1154)) - Stopped o.e.j.w.WebAppContext@c1b96e6{hddsDatanode,/,null,STOPPED}{jar:file:/home/user/.m2/repository/org/apache/hadoop/hadoop-hdds-container-service/1.1.0-SNAPSHOT/hadoop-hdds-container-service-1.1.0-SNAPSHOT.jar!/webapps/hddsDatanode}
2020-12-08 02:19:02,676 [Listener at 127.0.0.1/40701] INFO  handler.ContextHandler (ContextHandler.java:doStop(1154)) - Stopped o.e.j.w.WebAppContext@7bbf17d{hddsDatanode,/,null,STOPPED}{jar:file:/home/user/.m2/repository/org/apache/hadoop/hadoop-hdds-container-service/1.1.0-SNAPSHOT/hadoop-hdds-container-service-1.1.0-SNAPSHOT.jar!/webapps/hddsDatanode}
2020-12-08 02:19:02,676 [ForkJoinPool.commonPool-worker-1] INFO  server.AbstractConnector (AbstractConnector.java:doStop(381)) - Stopped ServerConnector@52647605{HTTP/1.1, (http/1.1)}{0.0.0.0:0}
2020-12-08 02:19:02,676 [ForkJoinPool.commonPool-worker-1] INFO  server.session (HouseKeeper.java:stopScavenging(149)) - node0 Stopped scavenging
2020-12-08 02:19:02,677 [ForkJoinPool.commonPool-worker-1] INFO  handler.ContextHandler (ContextHandler.java:doStop(1154)) - Stopped o.e.j.s.ServletContextHandler@9a56d2b{static,/static,jar:file:/home/user/.m2/repository/org/apache/hadoop/hadoop-hdds-container-service/1.1.0-SNAPSHOT/hadoop-hdds-container-service-1.1.0-SNAPSHOT.jar!/webapps/static,STOPPED}
2020-12-08 02:19:02,678 [Listener at 127.0.0.1/40701] INFO  server.AbstractConnector (AbstractConnector.java:doStop(381)) - Stopped ServerConnector@58cce034{HTTP/1.1, (http/1.1)}{0.0.0.0:0}
2020-12-08 02:19:02,678 [Listener at 127.0.0.1/40701] INFO  server.session (HouseKeeper.java:stopScavenging(149)) - node0 Stopped scavenging
2020-12-08 02:19:02,678 [ForkJoinPool.commonPool-worker-1] INFO  handler.ContextHandler (ContextHandler.java:doStop(1154)) - Stopped o.e.j.s.ServletContextHandler@17e9e99{logs,/logs,file:///github/workspace/mnt/ozone/hadoop-ozone/integration-test/target/log,STOPPED}
2020-12-08 02:19:02,680 [Listener at 127.0.0.1/40701] INFO  handler.ContextHandler (ContextHandler.java:doStop(1154)) - Stopped o.e.j.s.ServletContextHandler@68cca23e{static,/static,jar:file:/home/user/.m2/repository/org/apache/hadoop/hadoop-hdds-container-service/1.1.0-SNAPSHOT/hadoop-hdds-container-service-1.1.0-SNAPSHOT.jar!/webapps/static,STOPPED}
2020-12-08 02:19:02,680 [Listener at 127.0.0.1/40701] INFO  handler.ContextHandler (ContextHandler.java:doStop(1154)) - Stopped o.e.j.s.ServletContextHandler@a73b3c4{logs,/logs,file:///github/workspace/mnt/ozone/hadoop-ozone/integration-test/target/log,STOPPED}
2020-12-08 02:19:02,709 [grpc-default-executor-7] WARN  server.GrpcLogAppender (LogUtils.java:warn(122)) - dfa92053-6d36-469c-b0e7-d151100efb82@group-F4EC93AE6281->0e1de31d-e867-4945-8f7b-16c35f8e70a9-AppendLogResponseHandler: Failed appendEntries: org.apache.ratis.thirdparty.io.grpc.StatusRuntimeException: UNAVAILABLE: io exception
2020-12-08 02:19:02,709 [grpc-default-executor-7] WARN  server.GrpcLogAppender (GrpcLogAppender.java:resetClient(107)) - dfa92053-6d36-469c-b0e7-d151100efb82@group-F4EC93AE6281->0e1de31d-e867-4945-8f7b-16c35f8e70a9-GrpcLogAppender: Leader has not got in touch with Follower dfa92053-6d36-469c-b0e7-d151100efb82@group-F4EC93AE6281->0e1de31d-e867-4945-8f7b-16c35f8e70a9(c-1,m0,n1, attendVote=true, lastRpcSendTime=0, lastRpcResponseTime=10237) yet, just keep nextIndex unchanged and retry.
2020-12-08 02:19:03,455 [Datanode State Machine Thread - 0] INFO  statemachine.DatanodeStateMachine (DatanodeStateMachine.java:lambda$startDaemon$0(408)) - Ozone container server started.
2020-12-08 02:19:03,674 [Datanode State Machine Thread - 0] INFO  statemachine.DatanodeStateMachine (DatanodeStateMachine.java:lambda$startDaemon$0(408)) - Ozone container server started.
2020-12-08 02:19:05,209 [grpc-default-executor-7] WARN  server.GrpcLogAppender (LogUtils.java:warn(122)) - dfa92053-6d36-469c-b0e7-d151100efb82@group-F4EC93AE6281->0e1de31d-e867-4945-8f7b-16c35f8e70a9-AppendLogResponseHandler: Failed appendEntries: org.apache.ratis.thirdparty.io.grpc.StatusRuntimeException: UNAVAILABLE: io exception
2020-12-08 02:19:05,210 [grpc-default-executor-7] WARN  server.GrpcLogAppender (GrpcLogAppender.java:resetClient(107)) - dfa92053-6d36-469c-b0e7-d151100efb82@group-F4EC93AE6281->0e1de31d-e867-4945-8f7b-16c35f8e70a9-GrpcLogAppender: Leader has not got in touch with Follower dfa92053-6d36-469c-b0e7-d151100efb82@group-F4EC93AE6281->0e1de31d-e867-4945-8f7b-16c35f8e70a9(c-1,m0,n1, attendVote=true, lastRpcSendTime=0, lastRpcResponseTime=12737) yet, just keep nextIndex unchanged and retry.
2020-12-08 02:19:07,682 [Listener at 127.0.0.1/40701] INFO  ozoneimpl.OzoneContainer (OzoneContainer.java:stop(257)) - Attempting to stop container services.
2020-12-08 02:19:07,682 [Listener at 127.0.0.1/40701] INFO  impl.RaftServerProxy (RaftServerProxy.java:lambda$close$4(338)) - 605841cf-842d-40a4-b286-0dc4c4c02111: close
2020-12-08 02:19:07,682 [Listener at 127.0.0.1/40701] INFO  impl.RaftServerImpl (RaftServerImpl.java:lambda$shutdown$3(328)) - 605841cf-842d-40a4-b286-0dc4c4c02111@group-F5201121A75B: shutdown
2020-12-08 02:19:07,683 [Listener at 127.0.0.1/40701] INFO  util.JmxRegister (JmxRegister.java:unregister(73)) - Successfully un-registered JMX Bean with object name Ratis:service=RaftServer,group=group-F5201121A75B,id=605841cf-842d-40a4-b286-0dc4c4c02111
2020-12-08 02:19:07,683 [Listener at 127.0.0.1/40701] INFO  impl.RoleInfo (RoleInfo.java:shutdownFollowerState(121)) - 605841cf-842d-40a4-b286-0dc4c4c02111: shutdown 605841cf-842d-40a4-b286-0dc4c4c02111@group-F5201121A75B-FollowerState
2020-12-08 02:19:07,683 [Listener at 127.0.0.1/40701] INFO  impl.StateMachineUpdater (StateMachineUpdater.java:stopAndJoin(147)) - 605841cf-842d-40a4-b286-0dc4c4c02111@group-F5201121A75B-StateMachineUpdater: set stopIndex = 0
2020-12-08 02:19:07,683 [Thread-1439] INFO  impl.FollowerState (FollowerState.java:run(137)) - 605841cf-842d-40a4-b286-0dc4c4c02111@group-F5201121A75B-FollowerState was interrupted: {}
java.lang.InterruptedException: sleep interrupted
	at java.lang.Thread.sleep(Native Method)
	at org.apache.ratis.util.JavaUtils.sleep(JavaUtils.java:250)
	at org.apache.ratis.server.impl.FollowerState.run(FollowerState.java:116)
2020-12-08 02:19:07,684 [605841cf-842d-40a4-b286-0dc4c4c02111@group-F5201121A75B-StateMachineUpdater] INFO  ratis.ContainerStateMachine (ContainerStateMachine.java:takeSnapshot(293)) - group-F5201121A75B: Taking a snapshot at:(t:1, i:0) file /github/workspace/mnt/ozone/hadoop-ozone/integration-test/target/test-dir/MiniOzoneClusterImpl-c7e5300f-f3f2-48d9-ae25-3e63411fd680/datanode-7/data/ratis/e69dd776-de2f-4d57-b56f-f5201121a75b/sm/snapshot.1_0
2020-12-08 02:19:07,685 [ForkJoinPool.commonPool-worker-1] INFO  ozoneimpl.OzoneContainer (OzoneContainer.java:stop(257)) - Attempting to stop container services.
2020-12-08 02:19:07,685 [ForkJoinPool.commonPool-worker-1] INFO  impl.RaftServerProxy (RaftServerProxy.java:lambda$close$4(338)) - dfa92053-6d36-469c-b0e7-d151100efb82: close
2020-12-08 02:19:07,685 [ForkJoinPool.commonPool-worker-1] INFO  impl.RaftServerImpl (RaftServerImpl.java:lambda$shutdown$3(328)) - dfa92053-6d36-469c-b0e7-d151100efb82@group-F109BA2FD34A: shutdown
2020-12-08 02:19:07,685 [ForkJoinPool.commonPool-worker-1] INFO  util.JmxRegister (JmxRegister.java:unregister(73)) - Successfully un-registered JMX Bean with object name Ratis:service=RaftServer,group=group-F109BA2FD34A,id=dfa92053-6d36-469c-b0e7-d151100efb82
2020-12-08 02:19:07,685 [ForkJoinPool.commonPool-worker-1] INFO  impl.RoleInfo (RoleInfo.java:shutdownLeaderState(104)) - dfa92053-6d36-469c-b0e7-d151100efb82: shutdown dfa92053-6d36-469c-b0e7-d151100efb82@group-F109BA2FD34A-LeaderState
2020-12-08 02:19:07,685 [605841cf-842d-40a4-b286-0dc4c4c02111@group-F5201121A75B-StateMachineUpdater] INFO  ratis.ContainerStateMachine (ContainerStateMachine.java:takeSnapshot(304)) - group-F5201121A75B: Finished taking a snapshot at:(t:1, i:0) file:/github/workspace/mnt/ozone/hadoop-ozone/integration-test/target/test-dir/MiniOzoneClusterImpl-c7e5300f-f3f2-48d9-ae25-3e63411fd680/datanode-7/data/ratis/e69dd776-de2f-4d57-b56f-f5201121a75b/sm/snapshot.1_0 time:1
2020-12-08 02:19:07,685 [ForkJoinPool.commonPool-worker-1] INFO  impl.PendingRequests (PendingRequests.java:sendNotLeaderResponses(250)) - dfa92053-6d36-469c-b0e7-d151100efb82@group-F109BA2FD34A-PendingRequests: sendNotLeaderResponses
2020-12-08 02:19:07,686 [ForkJoinPool.commonPool-worker-1] INFO  metrics.RatisMetrics (RatisMetrics.java:unregister(43)) - Unregistering Metrics Registry : ratis.log_appender.dfa92053-6d36-469c-b0e7-d151100efb82@group-F109BA2FD34A
2020-12-08 02:19:07,686 [605841cf-842d-40a4-b286-0dc4c4c02111@group-F5201121A75B-StateMachineUpdater] INFO  impl.StateMachineUpdater (StateMachineUpdater.java:takeSnapshot(278)) - 605841cf-842d-40a4-b286-0dc4c4c02111@group-F5201121A75B-StateMachineUpdater: Took a snapshot at index 0
2020-12-08 02:19:07,686 [ForkJoinPool.commonPool-worker-1] INFO  metrics.RatisMetrics (RatisMetrics.java:unregister(43)) - Unregistering Metrics Registry : ratis.server.dfa92053-6d36-469c-b0e7-d151100efb82@group-F109BA2FD34A
2020-12-08 02:19:07,686 [605841cf-842d-40a4-b286-0dc4c4c02111@group-F5201121A75B-StateMachineUpdater] INFO  impl.StateMachineUpdater (StateMachineUpdater.java:lambda$new$0(87)) - 605841cf-842d-40a4-b286-0dc4c4c02111@group-F5201121A75B-StateMachineUpdater: snapshotIndex: updateIncreasingly -1 -> 0
2020-12-08 02:19:07,687 [605841cf-842d-40a4-b286-0dc4c4c02111@group-F5201121A75B-StateMachineUpdater] INFO  metrics.RatisMetrics (RatisMetrics.java:unregister(43)) - Unregistering Metrics Registry : ratis.state_machine.605841cf-842d-40a4-b286-0dc4c4c02111@group-F5201121A75B
2020-12-08 02:19:07,687 [Listener at 127.0.0.1/40701] INFO  impl.RaftServerImpl (ServerState.java:close(406)) - 605841cf-842d-40a4-b286-0dc4c4c02111@group-F5201121A75B: closes. applyIndex: 0
2020-12-08 02:19:07,688 [ForkJoinPool.commonPool-worker-1] INFO  impl.StateMachineUpdater (StateMachineUpdater.java:stopAndJoin(147)) - dfa92053-6d36-469c-b0e7-d151100efb82@group-F109BA2FD34A-StateMachineUpdater: set stopIndex = 0
2020-12-08 02:19:07,688 [dfa92053-6d36-469c-b0e7-d151100efb82@group-F109BA2FD34A-StateMachineUpdater] INFO  ratis.ContainerStateMachine (ContainerStateMachine.java:takeSnapshot(293)) - group-F109BA2FD34A: Taking a snapshot at:(t:1, i:0) file /github/workspace/mnt/ozone/hadoop-ozone/integration-test/target/test-dir/MiniOzoneClusterImpl-c7e5300f-f3f2-48d9-ae25-3e63411fd680/datanode-0/data/ratis/7e8222e2-90dd-4cb2-933c-f109ba2fd34a/sm/snapshot.1_0
2020-12-08 02:19:07,688 [605841cf-842d-40a4-b286-0dc4c4c02111@group-F5201121A75B-SegmentedRaftLogWorker] INFO  segmented.SegmentedRaftLogWorker (SegmentedRaftLogWorker.java:run(329)) - 605841cf-842d-40a4-b286-0dc4c4c02111@group-F5201121A75B-SegmentedRaftLogWorker was interrupted, exiting. There are 0 tasks remaining in the queue.
2020-12-08 02:19:07,693 [dfa92053-6d36-469c-b0e7-d151100efb82@group-F109BA2FD34A-StateMachineUpdater] INFO  ratis.ContainerStateMachine (ContainerStateMachine.java:takeSnapshot(304)) - group-F109BA2FD34A: Finished taking a snapshot at:(t:1, i:0) file:/github/workspace/mnt/ozone/hadoop-ozone/integration-test/target/test-dir/MiniOzoneClusterImpl-c7e5300f-f3f2-48d9-ae25-3e63411fd680/datanode-0/data/ratis/7e8222e2-90dd-4cb2-933c-f109ba2fd34a/sm/snapshot.1_0 time:5
2020-12-08 02:19:07,694 [dfa92053-6d36-469c-b0e7-d151100efb82@group-F109BA2FD34A-StateMachineUpdater] INFO  impl.StateMachineUpdater (StateMachineUpdater.java:takeSnapshot(278)) - dfa92053-6d36-469c-b0e7-d151100efb82@group-F109BA2FD34A-StateMachineUpdater: Took a snapshot at index 0
2020-12-08 02:19:07,694 [dfa92053-6d36-469c-b0e7-d151100efb82@group-F109BA2FD34A-StateMachineUpdater] INFO  impl.StateMachineUpdater (StateMachineUpdater.java:lambda$new$0(87)) - dfa92053-6d36-469c-b0e7-d151100efb82@group-F109BA2FD34A-StateMachineUpdater: snapshotIndex: updateIncreasingly -1 -> 0
2020-12-08 02:19:07,694 [dfa92053-6d36-469c-b0e7-d151100efb82@group-F109BA2FD34A-StateMachineUpdater] INFO  metrics.RatisMetrics (RatisMetrics.java:unregister(43)) - Unregistering Metrics Registry : ratis.state_machine.dfa92053-6d36-469c-b0e7-d151100efb82@group-F109BA2FD34A
2020-12-08 02:19:07,694 [ForkJoinPool.commonPool-worker-1] INFO  impl.RaftServerImpl (ServerState.java:close(406)) - dfa92053-6d36-469c-b0e7-d151100efb82@group-F109BA2FD34A: closes. applyIndex: 0
2020-12-08 02:19:07,694 [Listener at 127.0.0.1/40701] INFO  segmented.SegmentedRaftLogWorker (SegmentedRaftLogWorker.java:close(235)) - 605841cf-842d-40a4-b286-0dc4c4c02111@group-F5201121A75B-SegmentedRaftLogWorker close()
2020-12-08 02:19:07,694 [dfa92053-6d36-469c-b0e7-d151100efb82@group-F109BA2FD34A-SegmentedRaftLogWorker] INFO  segmented.SegmentedRaftLogWorker (SegmentedRaftLogWorker.java:run(329)) - dfa92053-6d36-469c-b0e7-d151100efb82@group-F109BA2FD34A-SegmentedRaftLogWorker was interrupted, exiting. There are 0 tasks remaining in the queue.
2020-12-08 02:19:07,696 [Listener at 127.0.0.1/40701] INFO  metrics.RatisMetrics (RatisMetrics.java:unregister(43)) - Unregistering Metrics Registry : ratis.log_worker.605841cf-842d-40a4-b286-0dc4c4c02111@group-F5201121A75B
2020-12-08 02:19:07,696 [Listener at 127.0.0.1/40701] INFO  metrics.RatisMetrics (RatisMetrics.java:unregister(43)) - Unregistering Metrics Registry : ratis.leader_election.605841cf-842d-40a4-b286-0dc4c4c02111@group-F5201121A75B
2020-12-08 02:19:07,696 [Listener at 127.0.0.1/40701] INFO  metrics.RatisMetrics (RatisMetrics.java:unregister(43)) - Unregistering Metrics Registry : ratis.server.605841cf-842d-40a4-b286-0dc4c4c02111@group-F5201121A75B
2020-12-08 02:19:07,697 [Listener at 127.0.0.1/40701] INFO  impl.RaftServerImpl (RaftServerImpl.java:lambda$shutdown$3(328)) - 605841cf-842d-40a4-b286-0dc4c4c02111@group-BDA3E98B5DCD: shutdown
2020-12-08 02:19:07,697 [Listener at 127.0.0.1/40701] INFO  util.JmxRegister (JmxRegister.java:unregister(73)) - Successfully un-registered JMX Bean with object name Ratis:service=RaftServer,group=group-BDA3E98B5DCD,id=605841cf-842d-40a4-b286-0dc4c4c02111
2020-12-08 02:19:07,697 [Listener at 127.0.0.1/40701] INFO  impl.RoleInfo (RoleInfo.java:shutdownLeaderState(104)) - 605841cf-842d-40a4-b286-0dc4c4c02111: shutdown 605841cf-842d-40a4-b286-0dc4c4c02111@group-BDA3E98B5DCD-LeaderState
2020-12-08 02:19:07,697 [Listener at 127.0.0.1/40701] INFO  impl.PendingRequests (PendingRequests.java:sendNotLeaderResponses(250)) - 605841cf-842d-40a4-b286-0dc4c4c02111@group-BDA3E98B5DCD-PendingRequests: sendNotLeaderResponses
2020-12-08 02:19:07,697 [Listener at 127.0.0.1/40701] INFO  metrics.RatisMetrics (RatisMetrics.java:unregister(43)) - Unregistering Metrics Registry : ratis.log_appender.605841cf-842d-40a4-b286-0dc4c4c02111@group-BDA3E98B5DCD
2020-12-08 02:19:07,697 [Listener at 127.0.0.1/40701] INFO  metrics.RatisMetrics (RatisMetrics.java:unregister(43)) - Unregistering Metrics Registry : ratis.server.605841cf-842d-40a4-b286-0dc4c4c02111@group-BDA3E98B5DCD
2020-12-08 02:19:07,698 [Listener at 127.0.0.1/40701] INFO  impl.StateMachineUpdater (StateMachineUpdater.java:stopAndJoin(147)) - 605841cf-842d-40a4-b286-0dc4c4c02111@group-BDA3E98B5DCD-StateMachineUpdater: set stopIndex = 0
2020-12-08 02:19:07,699 [605841cf-842d-40a4-b286-0dc4c4c02111@group-BDA3E98B5DCD-StateMachineUpdater] INFO  ratis.ContainerStateMachine (ContainerStateMachine.java:takeSnapshot(293)) - group-BDA3E98B5DCD: Taking a snapshot at:(t:1, i:0) file /github/workspace/mnt/ozone/hadoop-ozone/integration-test/target/test-dir/MiniOzoneClusterImpl-c7e5300f-f3f2-48d9-ae25-3e63411fd680/datanode-7/data/ratis/38792a85-9449-44f2-9ccf-bda3e98b5dcd/sm/snapshot.1_0
2020-12-08 02:19:07,701 [605841cf-842d-40a4-b286-0dc4c4c02111@group-BDA3E98B5DCD-StateMachineUpdater] INFO  ratis.ContainerStateMachine (ContainerStateMachine.java:takeSnapshot(304)) - group-BDA3E98B5DCD: Finished taking a snapshot at:(t:1, i:0) file:/github/workspace/mnt/ozone/hadoop-ozone/integration-test/target/test-dir/MiniOzoneClusterImpl-c7e5300f-f3f2-48d9-ae25-3e63411fd680/datanode-7/data/ratis/38792a85-9449-44f2-9ccf-bda3e98b5dcd/sm/snapshot.1_0 time:2
2020-12-08 02:19:07,701 [605841cf-842d-40a4-b286-0dc4c4c02111@group-BDA3E98B5DCD-StateMachineUpdater] INFO  impl.StateMachineUpdater (StateMachineUpdater.java:takeSnapshot(278)) - 605841cf-842d-40a4-b286-0dc4c4c02111@group-BDA3E98B5DCD-StateMachineUpdater: Took a snapshot at index 0
2020-12-08 02:19:07,701 [605841cf-842d-40a4-b286-0dc4c4c02111@group-BDA3E98B5DCD-StateMachineUpdater] INFO  impl.StateMachineUpdater (StateMachineUpdater.java:lambda$new$0(87)) - 605841cf-842d-40a4-b286-0dc4c4c02111@group-BDA3E98B5DCD-StateMachineUpdater: snapshotIndex: updateIncreasingly -1 -> 0
2020-12-08 02:19:07,701 [605841cf-842d-40a4-b286-0dc4c4c02111@group-BDA3E98B5DCD-StateMachineUpdater] INFO  metrics.RatisMetrics (RatisMetrics.java:unregister(43)) - Unregistering Metrics Registry : ratis.state_machine.605841cf-842d-40a4-b286-0dc4c4c02111@group-BDA3E98B5DCD
2020-12-08 02:19:07,701 [Listener at 127.0.0.1/40701] INFO  impl.RaftServerImpl (ServerState.java:close(406)) - 605841cf-842d-40a4-b286-0dc4c4c02111@group-BDA3E98B5DCD: closes. applyIndex: 0
2020-12-08 02:19:07,702 [ForkJoinPool.commonPool-worker-1] INFO  segmented.SegmentedRaftLogWorker (SegmentedRaftLogWorker.java:close(235)) - dfa92053-6d36-469c-b0e7-d151100efb82@group-F109BA2FD34A-SegmentedRaftLogWorker close()
2020-12-08 02:19:07,702 [605841cf-842d-40a4-b286-0dc4c4c02111@group-BDA3E98B5DCD-SegmentedRaftLogWorker] INFO  segmented.SegmentedRaftLogWorker (SegmentedRaftLogWorker.java:run(329)) - 605841cf-842d-40a4-b286-0dc4c4c02111@group-BDA3E98B5DCD-SegmentedRaftLogWorker was interrupted, exiting. There are 0 tasks remaining in the queue.
2020-12-08 02:19:07,703 [ForkJoinPool.commonPool-worker-1] INFO  metrics.RatisMetrics (RatisMetrics.java:unregister(43)) - Unregistering Metrics Registry : ratis.log_worker.dfa92053-6d36-469c-b0e7-d151100efb82@group-F109BA2FD34A
2020-12-08 02:19:07,703 [ForkJoinPool.commonPool-worker-1] INFO  metrics.RatisMetrics (RatisMetrics.java:unregister(43)) - Unregistering Metrics Registry : ratis.leader_election.dfa92053-6d36-469c-b0e7-d151100efb82@group-F109BA2FD34A
2020-12-08 02:19:07,703 [ForkJoinPool.commonPool-worker-1] INFO  metrics.RatisMetrics (RatisMetrics.java:unregister(43)) - Unregistering Metrics Registry : ratis.server.dfa92053-6d36-469c-b0e7-d151100efb82@group-F109BA2FD34A
2020-12-08 02:19:07,703 [ForkJoinPool.commonPool-worker-1] INFO  impl.RaftServerImpl (RaftServerImpl.java:lambda$shutdown$3(328)) - dfa92053-6d36-469c-b0e7-d151100efb82@group-F4EC93AE6281: shutdown
2020-12-08 02:19:07,704 [ForkJoinPool.commonPool-worker-1] INFO  util.JmxRegister (JmxRegister.java:unregister(73)) - Successfully un-registered JMX Bean with object name Ratis:service=RaftServer,group=group-F4EC93AE6281,id=dfa92053-6d36-469c-b0e7-d151100efb82
2020-12-08 02:19:07,704 [ForkJoinPool.commonPool-worker-1] INFO  impl.RoleInfo (RoleInfo.java:shutdownLeaderState(104)) - dfa92053-6d36-469c-b0e7-d151100efb82: shutdown dfa92053-6d36-469c-b0e7-d151100efb82@group-F4EC93AE6281-LeaderState
2020-12-08 02:19:07,704 [ForkJoinPool.commonPool-worker-1] INFO  metrics.RatisMetrics (RatisMetrics.java:unregister(43)) - Unregistering Metrics Registry : ratis_grpc.log_appender.dfa92053-6d36-469c-b0e7-d151100efb82@group-F4EC93AE6281
2020-12-08 02:19:07,704 [ForkJoinPool.commonPool-worker-1] INFO  metrics.RatisMetrics (RatisMetrics.java:unregister(43)) - Unregistering Metrics Registry : ratis_grpc.log_appender.dfa92053-6d36-469c-b0e7-d151100efb82@group-F4EC93AE6281
2020-12-08 02:19:07,704 [org.apache.ratis.server.impl.LogAppender$AppenderDaemon$$Lambda$479/1454461240@38bb7b16] WARN  server.GrpcLogAppender (GrpcLogAppender.java:mayWait(168)) - dfa92053-6d36-469c-b0e7-d151100efb82@group-F4EC93AE6281->4e005ff2-b0a1-49c5-ae0b-0004e66f3274-GrpcLogAppender: Wait interrupted by java.lang.InterruptedException
2020-12-08 02:19:07,704 [Listener at 127.0.0.1/40701] INFO  segmented.SegmentedRaftLogWorker (SegmentedRaftLogWorker.java:close(235)) - 605841cf-842d-40a4-b286-0dc4c4c02111@group-BDA3E98B5DCD-SegmentedRaftLogWorker close()
2020-12-08 02:19:07,706 [grpc-default-executor-2] INFO  server.GrpcServerProtocolService (GrpcServerProtocolService.java:onCompleted(138)) - 4e005ff2-b0a1-49c5-ae0b-0004e66f3274: Completed APPEND_ENTRIES, lastRequest: dfa92053-6d36-469c-b0e7-d151100efb82->4e005ff2-b0a1-49c5-ae0b-0004e66f3274#1-t1, previous=(t:0, i:0), leaderCommit=0, initializing? false, entries: size=1, first=(t:1, i:0), CONFIGURATIONENTRY
2020-12-08 02:19:07,706 [grpc-default-executor-7] INFO  server.GrpcLogAppender (GrpcLogAppender.java:onCompleted(337)) - dfa92053-6d36-469c-b0e7-d151100efb82@group-F4EC93AE6281->4e005ff2-b0a1-49c5-ae0b-0004e66f3274-AppendLogResponseHandler: follower responses appendEntries COMPLETED
2020-12-08 02:19:07,705 [org.apache.ratis.server.impl.LogAppender$AppenderDaemon$$Lambda$479/1454461240@31af26d9] WARN  server.GrpcLogAppender (GrpcLogAppender.java:mayWait(168)) - dfa92053-6d36-469c-b0e7-d151100efb82@group-F4EC93AE6281->0e1de31d-e867-4945-8f7b-16c35f8e70a9-GrpcLogAppender: Wait interrupted by java.lang.InterruptedException
2020-12-08 02:19:07,705 [ForkJoinPool.commonPool-worker-1] INFO  impl.PendingRequests (PendingRequests.java:sendNotLeaderResponses(250)) - dfa92053-6d36-469c-b0e7-d151100efb82@group-F4EC93AE6281-PendingRequests: sendNotLeaderResponses
2020-12-08 02:19:07,707 [grpc-default-executor-7] INFO  impl.FollowerInfo (FollowerInfo.java:lambda$new$0(51)) - dfa92053-6d36-469c-b0e7-d151100efb82@group-F4EC93AE6281->4e005ff2-b0a1-49c5-ae0b-0004e66f3274: nextIndex: updateUnconditionally 1 -> 0
2020-12-08 02:19:07,707 [ForkJoinPool.commonPool-worker-1] INFO  metrics.RatisMetrics (RatisMetrics.java:unregister(43)) - Unregistering Metrics Registry : ratis.log_appender.dfa92053-6d36-469c-b0e7-d151100efb82@group-F4EC93AE6281
2020-12-08 02:19:07,708 [ForkJoinPool.commonPool-worker-1] INFO  metrics.RatisMetrics (RatisMetrics.java:unregister(43)) - Unregistering Metrics Registry : ratis.server.dfa92053-6d36-469c-b0e7-d151100efb82@group-F4EC93AE6281
2020-12-08 02:19:07,708 [Listener at 127.0.0.1/40701] INFO  metrics.RatisMetrics (RatisMetrics.java:unregister(43)) - Unregistering Metrics Registry : ratis.log_worker.605841cf-842d-40a4-b286-0dc4c4c02111@group-BDA3E98B5DCD
2020-12-08 02:19:07,708 [Listener at 127.0.0.1/40701] INFO  metrics.RatisMetrics (RatisMetrics.java:unregister(43)) - Unregistering Metrics Registry : ratis.leader_election.605841cf-842d-40a4-b286-0dc4c4c02111@group-BDA3E98B5DCD
2020-12-08 02:19:07,709 [Listener at 127.0.0.1/40701] INFO  metrics.RatisMetrics (RatisMetrics.java:unregister(43)) - Unregistering Metrics Registry : ratis.server.605841cf-842d-40a4-b286-0dc4c4c02111@group-BDA3E98B5DCD
2020-12-08 02:19:07,709 [Listener at 127.0.0.1/40701] INFO  server.GrpcService (GrpcService.java:closeImpl(184)) - 605841cf-842d-40a4-b286-0dc4c4c02111: shutdown server with port 33255 now
2020-12-08 02:19:07,710 [ForkJoinPool.commonPool-worker-1] INFO  impl.StateMachineUpdater (StateMachineUpdater.java:stopAndJoin(147)) - dfa92053-6d36-469c-b0e7-d151100efb82@group-F4EC93AE6281-StateMachineUpdater: set stopIndex = 0
2020-12-08 02:19:07,710 [dfa92053-6d36-469c-b0e7-d151100efb82@group-F4EC93AE6281-StateMachineUpdater] INFO  ratis.ContainerStateMachine (ContainerStateMachine.java:takeSnapshot(293)) - group-F4EC93AE6281: Taking a snapshot at:(t:1, i:0) file /github/workspace/mnt/ozone/hadoop-ozone/integration-test/target/test-dir/MiniOzoneClusterImpl-c7e5300f-f3f2-48d9-ae25-3e63411fd680/datanode-0/data/ratis/408dade4-1d96-4f3b-8d08-f4ec93ae6281/sm/snapshot.1_0
2020-12-08 02:19:07,711 [dfa92053-6d36-469c-b0e7-d151100efb82@group-F4EC93AE6281-StateMachineUpdater] INFO  ratis.ContainerStateMachine (ContainerStateMachine.java:takeSnapshot(304)) - group-F4EC93AE6281: Finished taking a snapshot at:(t:1, i:0) file:/github/workspace/mnt/ozone/hadoop-ozone/integration-test/target/test-dir/MiniOzoneClusterImpl-c7e5300f-f3f2-48d9-ae25-3e63411fd680/datanode-0/data/ratis/408dade4-1d96-4f3b-8d08-f4ec93ae6281/sm/snapshot.1_0 time:1
2020-12-08 02:19:07,711 [dfa92053-6d36-469c-b0e7-d151100efb82@group-F4EC93AE6281-StateMachineUpdater] INFO  impl.StateMachineUpdater (StateMachineUpdater.java:takeSnapshot(278)) - dfa92053-6d36-469c-b0e7-d151100efb82@group-F4EC93AE6281-StateMachineUpdater: Took a snapshot at index 0
2020-12-08 02:19:07,711 [dfa92053-6d36-469c-b0e7-d151100efb82@group-F4EC93AE6281-StateMachineUpdater] INFO  impl.StateMachineUpdater (StateMachineUpdater.java:lambda$new$0(87)) - dfa92053-6d36-469c-b0e7-d151100efb82@group-F4EC93AE6281-StateMachineUpdater: snapshotIndex: updateIncreasingly -1 -> 0
2020-12-08 02:19:07,711 [dfa92053-6d36-469c-b0e7-d151100efb82@group-F4EC93AE6281-StateMachineUpdater] INFO  metrics.RatisMetrics (RatisMetrics.java:unregister(43)) - Unregistering Metrics Registry : ratis.state_machine.dfa92053-6d36-469c-b0e7-d151100efb82@group-F4EC93AE6281
2020-12-08 02:19:07,711 [ForkJoinPool.commonPool-worker-1] INFO  impl.RaftServerImpl (ServerState.java:close(406)) - dfa92053-6d36-469c-b0e7-d151100efb82@group-F4EC93AE6281: closes. applyIndex: 0
2020-12-08 02:19:07,712 [grpc-default-executor-2] WARN  server.GrpcServerProtocolService (LogUtils.java:warn(122)) - 605841cf-842d-40a4-b286-0dc4c4c02111: installSnapshot onError, lastRequest: 66346d6a-4140-4d92-b7fe-10723d1ff793->605841cf-842d-40a4-b286-0dc4c4c02111#1-t1, previous=(t:0, i:0), leaderCommit=0, initializing? false, entries: size=1, first=(t:1, i:0), CONFIGURATIONENTRY: org.apache.ratis.thirdparty.io.grpc.StatusRuntimeException: CANCELLED: cancelled before receiving half close
2020-12-08 02:19:07,712 [dfa92053-6d36-469c-b0e7-d151100efb82@group-F4EC93AE6281-SegmentedRaftLogWorker] INFO  segmented.SegmentedRaftLogWorker (SegmentedRaftLogWorker.java:run(329)) - dfa92053-6d36-469c-b0e7-d151100efb82@group-F4EC93AE6281-SegmentedRaftLogWorker was interrupted, exiting. There are 0 tasks remaining in the queue.
2020-12-08 02:19:07,712 [ForkJoinPool.commonPool-worker-1] INFO  segmented.SegmentedRaftLogWorker (SegmentedRaftLogWorker.java:close(235)) - dfa92053-6d36-469c-b0e7-d151100efb82@group-F4EC93AE6281-SegmentedRaftLogWorker close()
2020-12-08 02:19:07,713 [grpc-default-executor-2] WARN  server.GrpcLogAppender (LogUtils.java:warn(122)) - 66346d6a-4140-4d92-b7fe-10723d1ff793@group-F5201121A75B->605841cf-842d-40a4-b286-0dc4c4c02111-AppendLogResponseHandler: Failed appendEntries: org.apache.ratis.thirdparty.io.grpc.StatusRuntimeException: CANCELLED: HTTP/2 error code: CANCEL
Received Rst Stream
2020-12-08 02:19:07,713 [grpc-default-executor-2] WARN  server.GrpcLogAppender (GrpcLogAppender.java:resetClient(107)) - 66346d6a-4140-4d92-b7fe-10723d1ff793@group-F5201121A75B->605841cf-842d-40a4-b286-0dc4c4c02111-GrpcLogAppender: Leader has not got in touch with Follower 66346d6a-4140-4d92-b7fe-10723d1ff793@group-F5201121A75B->605841cf-842d-40a4-b286-0dc4c4c02111(c0,m0,n1, attendVote=true, lastRpcSendTime=1545, lastRpcResponseTime=1543) yet, just keep nextIndex unchanged and retry.
2020-12-08 02:19:07,715 [ForkJoinPool.commonPool-worker-1] INFO  metrics.RatisMetrics (RatisMetrics.java:unregister(43)) - Unregistering Metrics Registry : ratis.log_worker.dfa92053-6d36-469c-b0e7-d151100efb82@group-F4EC93AE6281
2020-12-08 02:19:07,715 [ForkJoinPool.commonPool-worker-1] INFO  metrics.RatisMetrics (RatisMetrics.java:unregister(43)) - Unregistering Metrics Registry : ratis.leader_election.dfa92053-6d36-469c-b0e7-d151100efb82@group-F4EC93AE6281
2020-12-08 02:19:07,715 [ForkJoinPool.commonPool-worker-1] INFO  metrics.RatisMetrics (RatisMetrics.java:unregister(43)) - Unregistering Metrics Registry : ratis.server.dfa92053-6d36-469c-b0e7-d151100efb82@group-F4EC93AE6281
2020-12-08 02:19:07,715 [ForkJoinPool.commonPool-worker-1] INFO  server.GrpcService (GrpcService.java:closeImpl(184)) - dfa92053-6d36-469c-b0e7-d151100efb82: shutdown server with port 42811 now
2020-12-08 02:19:07,720 [ForkJoinPool.commonPool-worker-1] INFO  server.GrpcService (GrpcService.java:closeImpl(193)) - dfa92053-6d36-469c-b0e7-d151100efb82: shutdown server with port 42811 successfully
2020-12-08 02:19:07,724 [ForkJoinPool.commonPool-worker-1] INFO  utils.BackgroundService (BackgroundService.java:shutdown(132)) - Shutting down service BlockDeletingService
2020-12-08 02:19:07,725 [ForkJoinPool.commonPool-worker-1] INFO  statemachine.DatanodeStateMachine (DatanodeStateMachine.java:stopDaemon(461)) - Ozone container server stopped.
2020-12-08 02:19:07,727 [Listener at 127.0.0.1/40701] INFO  server.GrpcService (GrpcService.java:closeImpl(193)) - 605841cf-842d-40a4-b286-0dc4c4c02111: shutdown server with port 33255 successfully
2020-12-08 02:19:07,728 [Listener at 127.0.0.1/40701] INFO  utils.BackgroundService (BackgroundService.java:shutdown(132)) - Shutting down service BlockDeletingService
2020-12-08 02:19:07,730 [Listener at 127.0.0.1/40701] INFO  statemachine.DatanodeStateMachine (DatanodeStateMachine.java:stopDaemon(461)) - Ozone container server stopped.
2020-12-08 02:19:07,741 [Listener at 127.0.0.1/40701] INFO  handler.ContextHandler (ContextHandler.java:doStop(1154)) - Stopped o.e.j.w.WebAppContext@5c84805a{hddsDatanode,/,null,STOPPED}{jar:file:/home/user/.m2/repository/org/apache/hadoop/hadoop-hdds-container-service/1.1.0-SNAPSHOT/hadoop-hdds-container-service-1.1.0-SNAPSHOT.jar!/webapps/hddsDatanode}
2020-12-08 02:19:07,741 [ForkJoinPool.commonPool-worker-1] INFO  handler.ContextHandler (ContextHandler.java:doStop(1154)) - Stopped o.e.j.w.WebAppContext@2eb3e308{hddsDatanode,/,null,STOPPED}{jar:file:/home/user/.m2/repository/org/apache/hadoop/hadoop-hdds-container-service/1.1.0-SNAPSHOT/hadoop-hdds-container-service-1.1.0-SNAPSHOT.jar!/webapps/hddsDatanode}
2020-12-08 02:19:07,742 [Listener at 127.0.0.1/40701] INFO  server.AbstractConnector (AbstractConnector.java:doStop(381)) - Stopped ServerConnector@2a8953aa{HTTP/1.1, (http/1.1)}{0.0.0.0:0}
2020-12-08 02:19:07,742 [Listener at 127.0.0.1/40701] INFO  server.session (HouseKeeper.java:stopScavenging(149)) - node0 Stopped scavenging
2020-12-08 02:19:07,742 [Listener at 127.0.0.1/40701] INFO  handler.ContextHandler (ContextHandler.java:doStop(1154)) - Stopped o.e.j.s.ServletContextHandler@5f4ba89e{static,/static,jar:file:/home/user/.m2/repository/org/apache/hadoop/hadoop-hdds-container-service/1.1.0-SNAPSHOT/hadoop-hdds-container-service-1.1.0-SNAPSHOT.jar!/webapps/static,STOPPED}
2020-12-08 02:19:07,742 [Listener at 127.0.0.1/40701] INFO  handler.ContextHandler (ContextHandler.java:doStop(1154)) - Stopped o.e.j.s.ServletContextHandler@4fa8389b{logs,/logs,file:///github/workspace/mnt/ozone/hadoop-ozone/integration-test/target/log,STOPPED}
2020-12-08 02:19:07,745 [ForkJoinPool.commonPool-worker-1] INFO  server.AbstractConnector (AbstractConnector.java:doStop(381)) - Stopped ServerConnector@1bed8afd{HTTP/1.1, (http/1.1)}{0.0.0.0:0}
2020-12-08 02:19:07,745 [ForkJoinPool.commonPool-worker-1] INFO  server.session (HouseKeeper.java:stopScavenging(149)) - node0 Stopped scavenging
2020-12-08 02:19:07,746 [ForkJoinPool.commonPool-worker-1] INFO  handler.ContextHandler (ContextHandler.java:doStop(1154)) - Stopped o.e.j.s.ServletContextHandler@44cefd71{static,/static,jar:file:/home/user/.m2/repository/org/apache/hadoop/hadoop-hdds-container-service/1.1.0-SNAPSHOT/hadoop-hdds-container-service-1.1.0-SNAPSHOT.jar!/webapps/static,STOPPED}
2020-12-08 02:19:07,747 [ForkJoinPool.commonPool-worker-1] INFO  handler.ContextHandler (ContextHandler.java:doStop(1154)) - Stopped o.e.j.s.ServletContextHandler@157eac27{logs,/logs,file:///github/workspace/mnt/ozone/hadoop-ozone/integration-test/target/log,STOPPED}
2020-12-08 02:19:08,484 [Datanode State Machine Thread - 0] INFO  statemachine.DatanodeStateMachine (DatanodeStateMachine.java:lambda$startDaemon$0(408)) - Ozone container server started.
2020-12-08 02:19:08,571 [Datanode State Machine Thread - 0] INFO  statemachine.DatanodeStateMachine (DatanodeStateMachine.java:lambda$startDaemon$0(408)) - Ozone container server started.
2020-12-08 02:19:08,672 [grpc-default-executor-2] WARN  server.GrpcLogAppender (LogUtils.java:warn(122)) - 66346d6a-4140-4d92-b7fe-10723d1ff793@group-F5201121A75B->605841cf-842d-40a4-b286-0dc4c4c02111-AppendLogResponseHandler: Failed appendEntries: org.apache.ratis.thirdparty.io.grpc.StatusRuntimeException: UNAVAILABLE: io exception
2020-12-08 02:19:08,673 [grpc-default-executor-2] WARN  server.GrpcLogAppender (GrpcLogAppender.java:resetClient(107)) - 66346d6a-4140-4d92-b7fe-10723d1ff793@group-F5201121A75B->605841cf-842d-40a4-b286-0dc4c4c02111-GrpcLogAppender: Leader has not got in touch with Follower 66346d6a-4140-4d92-b7fe-10723d1ff793@group-F5201121A75B->605841cf-842d-40a4-b286-0dc4c4c02111(c0,m0,n1, attendVote=true, lastRpcSendTime=1, lastRpcResponseTime=2503) yet, just keep nextIndex unchanged and retry.
2020-12-08 02:19:11,173 [grpc-default-executor-2] WARN  server.GrpcLogAppender (LogUtils.java:warn(122)) - 66346d6a-4140-4d92-b7fe-10723d1ff793@group-F5201121A75B->605841cf-842d-40a4-b286-0dc4c4c02111-AppendLogResponseHandler: Failed appendEntries: org.apache.ratis.thirdparty.io.grpc.StatusRuntimeException: UNAVAILABLE: io exception
2020-12-08 02:19:11,174 [grpc-default-executor-2] WARN  server.GrpcLogAppender (GrpcLogAppender.java:resetClient(107)) - 66346d6a-4140-4d92-b7fe-10723d1ff793@group-F5201121A75B->605841cf-842d-40a4-b286-0dc4c4c02111-GrpcLogAppender: Leader has not got in touch with Follower 66346d6a-4140-4d92-b7fe-10723d1ff793@group-F5201121A75B->605841cf-842d-40a4-b286-0dc4c4c02111(c0,m0,n1, attendVote=true, lastRpcSendTime=0, lastRpcResponseTime=5003) yet, just keep nextIndex unchanged and retry.
2020-12-08 02:19:11,677 [org.apache.ratis.server.JvmPauseMonitor@39b04523-Monitor] WARN  server.JvmPauseMonitor (JvmPauseMonitor.java:run(141)) - Detected pause in JVM or host machine (eg GC): pause of approximately 3ms
GC pool 'PS Scavenge' had collection(s): count=1 time=59ms
2020-12-08 02:19:12,744 [Listener at 127.0.0.1/40701] INFO  ozoneimpl.OzoneContainer (OzoneContainer.java:stop(257)) - Attempting to stop container services.
2020-12-08 02:19:12,744 [Listener at 127.0.0.1/40701] INFO  impl.RaftServerProxy (RaftServerProxy.java:lambda$close$4(338)) - c88aba9b-104c-49ca-9c62-2596b924fb37: close
2020-12-08 02:19:12,745 [Listener at 127.0.0.1/40701] INFO  impl.RaftServerImpl (RaftServerImpl.java:lambda$shutdown$3(328)) - c88aba9b-104c-49ca-9c62-2596b924fb37@group-F3E41C57198D: shutdown
2020-12-08 02:19:12,745 [Listener at 127.0.0.1/40701] INFO  util.JmxRegister (JmxRegister.java:unregister(73)) - Successfully un-registered JMX Bean with object name Ratis:service=RaftServer,group=group-F3E41C57198D,id=c88aba9b-104c-49ca-9c62-2596b924fb37
2020-12-08 02:19:12,745 [Listener at 127.0.0.1/40701] INFO  impl.RoleInfo (RoleInfo.java:shutdownLeaderState(104)) - c88aba9b-104c-49ca-9c62-2596b924fb37: shutdown c88aba9b-104c-49ca-9c62-2596b924fb37@group-F3E41C57198D-LeaderState
2020-12-08 02:19:12,745 [Listener at 127.0.0.1/40701] INFO  impl.PendingRequests (PendingRequests.java:sendNotLeaderResponses(250)) - c88aba9b-104c-49ca-9c62-2596b924fb37@group-F3E41C57198D-PendingRequests: sendNotLeaderResponses
2020-12-08 02:19:12,746 [Listener at 127.0.0.1/40701] INFO  metrics.RatisMetrics (RatisMetrics.java:unregister(43)) - Unregistering Metrics Registry : ratis.log_appender.c88aba9b-104c-49ca-9c62-2596b924fb37@group-F3E41C57198D
2020-12-08 02:19:12,746 [Listener at 127.0.0.1/40701] INFO  metrics.RatisMetrics (RatisMetrics.java:unregister(43)) - Unregistering Metrics Registry : ratis.server.c88aba9b-104c-49ca-9c62-2596b924fb37@group-F3E41C57198D
2020-12-08 02:19:12,747 [Listener at 127.0.0.1/40701] INFO  impl.StateMachineUpdater (StateMachineUpdater.java:stopAndJoin(147)) - c88aba9b-104c-49ca-9c62-2596b924fb37@group-F3E41C57198D-StateMachineUpdater: set stopIndex = 0
2020-12-08 02:19:12,747 [c88aba9b-104c-49ca-9c62-2596b924fb37@group-F3E41C57198D-StateMachineUpdater] INFO  ratis.ContainerStateMachine (ContainerStateMachine.java:takeSnapshot(293)) - group-F3E41C57198D: Taking a snapshot at:(t:1, i:0) file /github/workspace/mnt/ozone/hadoop-ozone/integration-test/target/test-dir/MiniOzoneClusterImpl-c7e5300f-f3f2-48d9-ae25-3e63411fd680/datanode-8/data/ratis/e3cf9f81-6356-4ab5-bd47-f3e41c57198d/sm/snapshot.1_0
2020-12-08 02:19:12,748 [c88aba9b-104c-49ca-9c62-2596b924fb37@group-F3E41C57198D-StateMachineUpdater] INFO  ratis.ContainerStateMachine (ContainerStateMachine.java:takeSnapshot(304)) - group-F3E41C57198D: Finished taking a snapshot at:(t:1, i:0) file:/github/workspace/mnt/ozone/hadoop-ozone/integration-test/target/test-dir/MiniOzoneClusterImpl-c7e5300f-f3f2-48d9-ae25-3e63411fd680/datanode-8/data/ratis/e3cf9f81-6356-4ab5-bd47-f3e41c57198d/sm/snapshot.1_0 time:1
2020-12-08 02:19:12,748 [ForkJoinPool.commonPool-worker-1] INFO  ozoneimpl.OzoneContainer (OzoneContainer.java:stop(257)) - Attempting to stop container services.
2020-12-08 02:19:12,749 [c88aba9b-104c-49ca-9c62-2596b924fb37@group-F3E41C57198D-StateMachineUpdater] INFO  impl.StateMachineUpdater (StateMachineUpdater.java:takeSnapshot(278)) - c88aba9b-104c-49ca-9c62-2596b924fb37@group-F3E41C57198D-StateMachineUpdater: Took a snapshot at index 0
2020-12-08 02:19:12,749 [c88aba9b-104c-49ca-9c62-2596b924fb37@group-F3E41C57198D-StateMachineUpdater] INFO  impl.StateMachineUpdater (StateMachineUpdater.java:lambda$new$0(87)) - c88aba9b-104c-49ca-9c62-2596b924fb37@group-F3E41C57198D-StateMachineUpdater: snapshotIndex: updateIncreasingly -1 -> 0
2020-12-08 02:19:12,749 [c88aba9b-104c-49ca-9c62-2596b924fb37@group-F3E41C57198D-StateMachineUpdater] INFO  metrics.RatisMetrics (RatisMetrics.java:unregister(43)) - Unregistering Metrics Registry : ratis.state_machine.c88aba9b-104c-49ca-9c62-2596b924fb37@group-F3E41C57198D
2020-12-08 02:19:12,749 [Listener at 127.0.0.1/40701] INFO  impl.RaftServerImpl (ServerState.java:close(406)) - c88aba9b-104c-49ca-9c62-2596b924fb37@group-F3E41C57198D: closes. applyIndex: 0
2020-12-08 02:19:12,749 [ForkJoinPool.commonPool-worker-1] INFO  impl.RaftServerProxy (RaftServerProxy.java:lambda$close$4(338)) - 4e005ff2-b0a1-49c5-ae0b-0004e66f3274: close
2020-12-08 02:19:12,749 [ForkJoinPool.commonPool-worker-1] INFO  impl.RaftServerImpl (RaftServerImpl.java:lambda$shutdown$3(328)) - 4e005ff2-b0a1-49c5-ae0b-0004e66f3274@group-2E615D348FAA: shutdown
2020-12-08 02:19:12,749 [c88aba9b-104c-49ca-9c62-2596b924fb37@group-F3E41C57198D-SegmentedRaftLogWorker] INFO  segmented.SegmentedRaftLogWorker (SegmentedRaftLogWorker.java:run(329)) - c88aba9b-104c-49ca-9c62-2596b924fb37@group-F3E41C57198D-SegmentedRaftLogWorker was interrupted, exiting. There are 0 tasks remaining in the queue.
2020-12-08 02:19:12,750 [ForkJoinPool.commonPool-worker-1] INFO  util.JmxRegister (JmxRegister.java:unregister(73)) - Successfully un-registered JMX Bean with object name Ratis:service=RaftServer,group=group-2E615D348FAA,id=4e005ff2-b0a1-49c5-ae0b-0004e66f3274
2020-12-08 02:19:12,750 [ForkJoinPool.commonPool-worker-1] INFO  impl.RoleInfo (RoleInfo.java:shutdownLeaderState(104)) - 4e005ff2-b0a1-49c5-ae0b-0004e66f3274: shutdown 4e005ff2-b0a1-49c5-ae0b-0004e66f3274@group-2E615D348FAA-LeaderState
2020-12-08 02:19:12,750 [Listener at 127.0.0.1/40701] INFO  segmented.SegmentedRaftLogWorker (SegmentedRaftLogWorker.java:close(235)) - c88aba9b-104c-49ca-9c62-2596b924fb37@group-F3E41C57198D-SegmentedRaftLogWorker close()
2020-12-08 02:19:12,750 [ForkJoinPool.commonPool-worker-1] INFO  impl.PendingRequests (PendingRequests.java:sendNotLeaderResponses(250)) - 4e005ff2-b0a1-49c5-ae0b-0004e66f3274@group-2E615D348FAA-PendingRequests: sendNotLeaderResponses
2020-12-08 02:19:12,751 [Listener at 127.0.0.1/40701] INFO  metrics.RatisMetrics (RatisMetrics.java:unregister(43)) - Unregistering Metrics Registry : ratis.log_worker.c88aba9b-104c-49ca-9c62-2596b924fb37@group-F3E41C57198D
2020-12-08 02:19:12,751 [ForkJoinPool.commonPool-worker-1] INFO  metrics.RatisMetrics (RatisMetrics.java:unregister(43)) - Unregistering Metrics Registry : ratis.log_appender.4e005ff2-b0a1-49c5-ae0b-0004e66f3274@group-2E615D348FAA
2020-12-08 02:19:12,752 [Listener at 127.0.0.1/40701] INFO  metrics.RatisMetrics (RatisMetrics.java:unregister(43)) - Unregistering Metrics Registry : ratis.leader_election.c88aba9b-104c-49ca-9c62-2596b924fb37@group-F3E41C57198D
2020-12-08 02:19:12,752 [ForkJoinPool.commonPool-worker-1] INFO  metrics.RatisMetrics (RatisMetrics.java:unregister(43)) - Unregistering Metrics Registry : ratis.server.4e005ff2-b0a1-49c5-ae0b-0004e66f3274@group-2E615D348FAA
2020-12-08 02:19:12,753 [ForkJoinPool.commonPool-worker-1] INFO  impl.StateMachineUpdater (StateMachineUpdater.java:stopAndJoin(147)) - 4e005ff2-b0a1-49c5-ae0b-0004e66f3274@group-2E615D348FAA-StateMachineUpdater: set stopIndex = 0
2020-12-08 02:19:12,752 [Listener at 127.0.0.1/40701] INFO  metrics.RatisMetrics (RatisMetrics.java:unregister(43)) - Unregistering Metrics Registry : ratis.server.c88aba9b-104c-49ca-9c62-2596b924fb37@group-F3E41C57198D
2020-12-08 02:19:12,753 [4e005ff2-b0a1-49c5-ae0b-0004e66f3274@group-2E615D348FAA-StateMachineUpdater] INFO  ratis.ContainerStateMachine (ContainerStateMachine.java:takeSnapshot(293)) - group-2E615D348FAA: Taking a snapshot at:(t:1, i:0) file /github/workspace/mnt/ozone/hadoop-ozone/integration-test/target/test-dir/MiniOzoneClusterImpl-c7e5300f-f3f2-48d9-ae25-3e63411fd680/datanode-1/data/ratis/843bdb48-87af-4c6e-b8ba-2e615d348faa/sm/snapshot.1_0
2020-12-08 02:19:12,753 [Listener at 127.0.0.1/40701] INFO  impl.RaftServerImpl (RaftServerImpl.java:lambda$shutdown$3(328)) - c88aba9b-104c-49ca-9c62-2596b924fb37@group-F5201121A75B: shutdown
2020-12-08 02:19:12,754 [Listener at 127.0.0.1/40701] INFO  util.JmxRegister (JmxRegister.java:unregister(73)) - Successfully un-registered JMX Bean with object name Ratis:service=RaftServer,group=group-F5201121A75B,id=c88aba9b-104c-49ca-9c62-2596b924fb37
2020-12-08 02:19:12,754 [4e005ff2-b0a1-49c5-ae0b-0004e66f3274@group-2E615D348FAA-StateMachineUpdater] INFO  ratis.ContainerStateMachine (ContainerStateMachine.java:takeSnapshot(304)) - group-2E615D348FAA: Finished taking a snapshot at:(t:1, i:0) file:/github/workspace/mnt/ozone/hadoop-ozone/integration-test/target/test-dir/MiniOzoneClusterImpl-c7e5300f-f3f2-48d9-ae25-3e63411fd680/datanode-1/data/ratis/843bdb48-87af-4c6e-b8ba-2e615d348faa/sm/snapshot.1_0 time:1
2020-12-08 02:19:12,754 [Listener at 127.0.0.1/40701] INFO  impl.RoleInfo (RoleInfo.java:shutdownFollowerState(121)) - c88aba9b-104c-49ca-9c62-2596b924fb37: shutdown c88aba9b-104c-49ca-9c62-2596b924fb37@group-F5201121A75B-FollowerState
2020-12-08 02:19:12,754 [4e005ff2-b0a1-49c5-ae0b-0004e66f3274@group-2E615D348FAA-StateMachineUpdater] INFO  impl.StateMachineUpdater (StateMachineUpdater.java:takeSnapshot(278)) - 4e005ff2-b0a1-49c5-ae0b-0004e66f3274@group-2E615D348FAA-StateMachineUpdater: Took a snapshot at index 0
2020-12-08 02:19:12,754 [Listener at 127.0.0.1/40701] INFO  impl.StateMachineUpdater (StateMachineUpdater.java:stopAndJoin(147)) - c88aba9b-104c-49ca-9c62-2596b924fb37@group-F5201121A75B-StateMachineUpdater: set stopIndex = 0
2020-12-08 02:19:12,755 [c88aba9b-104c-49ca-9c62-2596b924fb37@group-F5201121A75B-StateMachineUpdater] INFO  ratis.ContainerStateMachine (ContainerStateMachine.java:takeSnapshot(293)) - group-F5201121A75B: Taking a snapshot at:(t:1, i:0) file /github/workspace/mnt/ozone/hadoop-ozone/integration-test/target/test-dir/MiniOzoneClusterImpl-c7e5300f-f3f2-48d9-ae25-3e63411fd680/datanode-8/data/ratis/e69dd776-de2f-4d57-b56f-f5201121a75b/sm/snapshot.1_0
2020-12-08 02:19:12,754 [Thread-1434] INFO  impl.FollowerState (FollowerState.java:run(137)) - c88aba9b-104c-49ca-9c62-2596b924fb37@group-F5201121A75B-FollowerState was interrupted: {}
java.lang.InterruptedException: sleep interrupted
	at java.lang.Thread.sleep(Native Method)
	at org.apache.ratis.util.JavaUtils.sleep(JavaUtils.java:250)
	at org.apache.ratis.server.impl.FollowerState.run(FollowerState.java:116)
2020-12-08 02:19:12,754 [4e005ff2-b0a1-49c5-ae0b-0004e66f3274@group-2E615D348FAA-StateMachineUpdater] INFO  impl.StateMachineUpdater (StateMachineUpdater.java:lambda$new$0(87)) - 4e005ff2-b0a1-49c5-ae0b-0004e66f3274@group-2E615D348FAA-StateMachineUpdater: snapshotIndex: updateIncreasingly -1 -> 0
2020-12-08 02:19:12,755 [c88aba9b-104c-49ca-9c62-2596b924fb37@group-F5201121A75B-StateMachineUpdater] INFO  ratis.ContainerStateMachine (ContainerStateMachine.java:takeSnapshot(304)) - group-F5201121A75B: Finished taking a snapshot at:(t:1, i:0) file:/github/workspace/mnt/ozone/hadoop-ozone/integration-test/target/test-dir/MiniOzoneClusterImpl-c7e5300f-f3f2-48d9-ae25-3e63411fd680/datanode-8/data/ratis/e69dd776-de2f-4d57-b56f-f5201121a75b/sm/snapshot.1_0 time:0
2020-12-08 02:19:12,755 [4e005ff2-b0a1-49c5-ae0b-0004e66f3274@group-2E615D348FAA-StateMachineUpdater] INFO  metrics.RatisMetrics (RatisMetrics.java:unregister(43)) - Unregistering Metrics Registry : ratis.state_machine.4e005ff2-b0a1-49c5-ae0b-0004e66f3274@group-2E615D348FAA
2020-12-08 02:19:12,755 [c88aba9b-104c-49ca-9c62-2596b924fb37@group-F5201121A75B-StateMachineUpdater] INFO  impl.StateMachineUpdater (StateMachineUpdater.java:takeSnapshot(278)) - c88aba9b-104c-49ca-9c62-2596b924fb37@group-F5201121A75B-StateMachineUpdater: Took a snapshot at index 0
2020-12-08 02:19:12,755 [c88aba9b-104c-49ca-9c62-2596b924fb37@group-F5201121A75B-StateMachineUpdater] INFO  impl.StateMachineUpdater (StateMachineUpdater.java:lambda$new$0(87)) - c88aba9b-104c-49ca-9c62-2596b924fb37@group-F5201121A75B-StateMachineUpdater: snapshotIndex: updateIncreasingly -1 -> 0
2020-12-08 02:19:12,756 [c88aba9b-104c-49ca-9c62-2596b924fb37@group-F5201121A75B-StateMachineUpdater] INFO  metrics.RatisMetrics (RatisMetrics.java:unregister(43)) - Unregistering Metrics Registry : ratis.state_machine.c88aba9b-104c-49ca-9c62-2596b924fb37@group-F5201121A75B
2020-12-08 02:19:12,756 [Listener at 127.0.0.1/40701] INFO  impl.RaftServerImpl (ServerState.java:close(406)) - c88aba9b-104c-49ca-9c62-2596b924fb37@group-F5201121A75B: closes. applyIndex: 0
2020-12-08 02:19:12,755 [ForkJoinPool.commonPool-worker-1] INFO  impl.RaftServerImpl (ServerState.java:close(406)) - 4e005ff2-b0a1-49c5-ae0b-0004e66f3274@group-2E615D348FAA: closes. applyIndex: 0
2020-12-08 02:19:12,756 [c88aba9b-104c-49ca-9c62-2596b924fb37@group-F5201121A75B-SegmentedRaftLogWorker] INFO  segmented.SegmentedRaftLogWorker (SegmentedRaftLogWorker.java:run(329)) - c88aba9b-104c-49ca-9c62-2596b924fb37@group-F5201121A75B-SegmentedRaftLogWorker was interrupted, exiting. There are 0 tasks remaining in the queue.
2020-12-08 02:19:12,757 [Listener at 127.0.0.1/40701] INFO  segmented.SegmentedRaftLogWorker (SegmentedRaftLogWorker.java:close(235)) - c88aba9b-104c-49ca-9c62-2596b924fb37@group-F5201121A75B-SegmentedRaftLogWorker close()
2020-12-08 02:19:12,757 [4e005ff2-b0a1-49c5-ae0b-0004e66f3274@group-2E615D348FAA-SegmentedRaftLogWorker] INFO  segmented.SegmentedRaftLogWorker (SegmentedRaftLogWorker.java:run(329)) - 4e005ff2-b0a1-49c5-ae0b-0004e66f3274@group-2E615D348FAA-SegmentedRaftLogWorker was interrupted, exiting. There are 0 tasks remaining in the queue.
2020-12-08 02:19:12,757 [ForkJoinPool.commonPool-worker-1] INFO  segmented.SegmentedRaftLogWorker (SegmentedRaftLogWorker.java:close(235)) - 4e005ff2-b0a1-49c5-ae0b-0004e66f3274@group-2E615D348FAA-SegmentedRaftLogWorker close()
2020-12-08 02:19:12,758 [Listener at 127.0.0.1/40701] INFO  metrics.RatisMetrics (RatisMetrics.java:unregister(43)) - Unregistering Metrics Registry : ratis.log_worker.c88aba9b-104c-49ca-9c62-2596b924fb37@group-F5201121A75B
2020-12-08 02:19:12,758 [ForkJoinPool.commonPool-worker-1] INFO  metrics.RatisMetrics (RatisMetrics.java:unregister(43)) - Unregistering Metrics Registry : ratis.log_worker.4e005ff2-b0a1-49c5-ae0b-0004e66f3274@group-2E615D348FAA
2020-12-08 02:19:12,759 [ForkJoinPool.commonPool-worker-1] INFO  metrics.RatisMetrics (RatisMetrics.java:unregister(43)) - Unregistering Metrics Registry : ratis.leader_election.4e005ff2-b0a1-49c5-ae0b-0004e66f3274@group-2E615D348FAA
2020-12-08 02:19:12,759 [ForkJoinPool.commonPool-worker-1] INFO  metrics.RatisMetrics (RatisMetrics.java:unregister(43)) - Unregistering Metrics Registry : ratis.server.4e005ff2-b0a1-49c5-ae0b-0004e66f3274@group-2E615D348FAA
2020-12-08 02:19:12,759 [ForkJoinPool.commonPool-worker-1] INFO  impl.RaftServerImpl (RaftServerImpl.java:lambda$shutdown$3(328)) - 4e005ff2-b0a1-49c5-ae0b-0004e66f3274@group-F4EC93AE6281: shutdown
2020-12-08 02:19:12,759 [ForkJoinPool.commonPool-worker-1] INFO  util.JmxRegister (JmxRegister.java:unregister(73)) - Successfully un-registered JMX Bean with object name Ratis:service=RaftServer,group=group-F4EC93AE6281,id=4e005ff2-b0a1-49c5-ae0b-0004e66f3274
2020-12-08 02:19:12,760 [ForkJoinPool.commonPool-worker-1] INFO  impl.RoleInfo (RoleInfo.java:shutdownFollowerState(121)) - 4e005ff2-b0a1-49c5-ae0b-0004e66f3274: shutdown 4e005ff2-b0a1-49c5-ae0b-0004e66f3274@group-F4EC93AE6281-FollowerState
2020-12-08 02:19:12,760 [ForkJoinPool.commonPool-worker-1] INFO  impl.StateMachineUpdater (StateMachineUpdater.java:stopAndJoin(147)) - 4e005ff2-b0a1-49c5-ae0b-0004e66f3274@group-F4EC93AE6281-StateMachineUpdater: set stopIndex = 0
2020-12-08 02:19:12,760 [Listener at 127.0.0.1/40701] INFO  metrics.RatisMetrics (RatisMetrics.java:unregister(43)) - Unregistering Metrics Registry : ratis.leader_election.c88aba9b-104c-49ca-9c62-2596b924fb37@group-F5201121A75B
2020-12-08 02:19:12,760 [Listener at 127.0.0.1/40701] INFO  metrics.RatisMetrics (RatisMetrics.java:unregister(43)) - Unregistering Metrics Registry : ratis.server.c88aba9b-104c-49ca-9c62-2596b924fb37@group-F5201121A75B
2020-12-08 02:19:12,760 [4e005ff2-b0a1-49c5-ae0b-0004e66f3274@group-F4EC93AE6281-StateMachineUpdater] INFO  ratis.ContainerStateMachine (ContainerStateMachine.java:takeSnapshot(293)) - group-F4EC93AE6281: Taking a snapshot at:(t:1, i:0) file /github/workspace/mnt/ozone/hadoop-ozone/integration-test/target/test-dir/MiniOzoneClusterImpl-c7e5300f-f3f2-48d9-ae25-3e63411fd680/datanode-1/data/ratis/408dade4-1d96-4f3b-8d08-f4ec93ae6281/sm/snapshot.1_0
2020-12-08 02:19:12,761 [Listener at 127.0.0.1/40701] INFO  server.GrpcService (GrpcService.java:closeImpl(184)) - c88aba9b-104c-49ca-9c62-2596b924fb37: shutdown server with port 45221 now
2020-12-08 02:19:12,760 [Thread-1455] INFO  impl.FollowerState (FollowerState.java:run(137)) - 4e005ff2-b0a1-49c5-ae0b-0004e66f3274@group-F4EC93AE6281-FollowerState was interrupted: {}
java.lang.InterruptedException: sleep interrupted
	at java.lang.Thread.sleep(Native Method)
	at org.apache.ratis.util.JavaUtils.sleep(JavaUtils.java:250)
	at org.apache.ratis.server.impl.FollowerState.run(FollowerState.java:116)
2020-12-08 02:19:12,761 [4e005ff2-b0a1-49c5-ae0b-0004e66f3274@group-F4EC93AE6281-StateMachineUpdater] INFO  ratis.ContainerStateMachine (ContainerStateMachine.java:takeSnapshot(304)) - group-F4EC93AE6281: Finished taking a snapshot at:(t:1, i:0) file:/github/workspace/mnt/ozone/hadoop-ozone/integration-test/target/test-dir/MiniOzoneClusterImpl-c7e5300f-f3f2-48d9-ae25-3e63411fd680/datanode-1/data/ratis/408dade4-1d96-4f3b-8d08-f4ec93ae6281/sm/snapshot.1_0 time:1
2020-12-08 02:19:12,761 [4e005ff2-b0a1-49c5-ae0b-0004e66f3274@group-F4EC93AE6281-StateMachineUpdater] INFO  impl.StateMachineUpdater (StateMachineUpdater.java:takeSnapshot(278)) - 4e005ff2-b0a1-49c5-ae0b-0004e66f3274@group-F4EC93AE6281-StateMachineUpdater: Took a snapshot at index 0
2020-12-08 02:19:12,761 [4e005ff2-b0a1-49c5-ae0b-0004e66f3274@group-F4EC93AE6281-StateMachineUpdater] INFO  impl.StateMachineUpdater (StateMachineUpdater.java:lambda$new$0(87)) - 4e005ff2-b0a1-49c5-ae0b-0004e66f3274@group-F4EC93AE6281-StateMachineUpdater: snapshotIndex: updateIncreasingly -1 -> 0
2020-12-08 02:19:12,761 [4e005ff2-b0a1-49c5-ae0b-0004e66f3274@group-F4EC93AE6281-StateMachineUpdater] INFO  metrics.RatisMetrics (RatisMetrics.java:unregister(43)) - Unregistering Metrics Registry : ratis.state_machine.4e005ff2-b0a1-49c5-ae0b-0004e66f3274@group-F4EC93AE6281
2020-12-08 02:19:12,762 [ForkJoinPool.commonPool-worker-1] INFO  impl.RaftServerImpl (ServerState.java:close(406)) - 4e005ff2-b0a1-49c5-ae0b-0004e66f3274@group-F4EC93AE6281: closes. applyIndex: 0
2020-12-08 02:19:12,762 [4e005ff2-b0a1-49c5-ae0b-0004e66f3274@group-F4EC93AE6281-SegmentedRaftLogWorker] INFO  segmented.SegmentedRaftLogWorker (SegmentedRaftLogWorker.java:run(329)) - 4e005ff2-b0a1-49c5-ae0b-0004e66f3274@group-F4EC93AE6281-SegmentedRaftLogWorker was interrupted, exiting. There are 0 tasks remaining in the queue.
2020-12-08 02:19:12,762 [ForkJoinPool.commonPool-worker-1] INFO  segmented.SegmentedRaftLogWorker (SegmentedRaftLogWorker.java:close(235)) - 4e005ff2-b0a1-49c5-ae0b-0004e66f3274@group-F4EC93AE6281-SegmentedRaftLogWorker close()
2020-12-08 02:19:12,763 [grpc-default-executor-7] WARN  server.GrpcServerProtocolService (LogUtils.java:warn(122)) - c88aba9b-104c-49ca-9c62-2596b924fb37: installSnapshot onError, lastRequest: 66346d6a-4140-4d92-b7fe-10723d1ff793->c88aba9b-104c-49ca-9c62-2596b924fb37#1-t1, previous=(t:0, i:0), leaderCommit=0, initializing? false, entries: size=1, first=(t:1, i:0), CONFIGURATIONENTRY: org.apache.ratis.thirdparty.io.grpc.StatusRuntimeException: CANCELLED: cancelled before receiving half close
2020-12-08 02:19:12,763 [Listener at 127.0.0.1/40701] INFO  server.GrpcService (GrpcService.java:closeImpl(193)) - c88aba9b-104c-49ca-9c62-2596b924fb37: shutdown server with port 45221 successfully
2020-12-08 02:19:12,764 [ForkJoinPool.commonPool-worker-1] INFO  metrics.RatisMetrics (RatisMetrics.java:unregister(43)) - Unregistering Metrics Registry : ratis.log_worker.4e005ff2-b0a1-49c5-ae0b-0004e66f3274@group-F4EC93AE6281
2020-12-08 02:19:12,763 [grpc-default-executor-5] WARN  server.GrpcLogAppender (LogUtils.java:warn(122)) - 66346d6a-4140-4d92-b7fe-10723d1ff793@group-F5201121A75B->c88aba9b-104c-49ca-9c62-2596b924fb37-AppendLogResponseHandler: Failed appendEntries: org.apache.ratis.thirdparty.io.grpc.StatusRuntimeException: CANCELLED: HTTP/2 error code: CANCEL
Received Rst Stream
2020-12-08 02:19:12,764 [ForkJoinPool.commonPool-worker-1] INFO  metrics.RatisMetrics (RatisMetrics.java:unregister(43)) - Unregistering Metrics Registry : ratis.leader_election.4e005ff2-b0a1-49c5-ae0b-0004e66f3274@group-F4EC93AE6281
2020-12-08 02:19:12,764 [grpc-default-executor-5] WARN  server.GrpcLogAppender (GrpcLogAppender.java:resetClient(107)) - 66346d6a-4140-4d92-b7fe-10723d1ff793@group-F5201121A75B->c88aba9b-104c-49ca-9c62-2596b924fb37-GrpcLogAppender: Leader has not got in touch with Follower 66346d6a-4140-4d92-b7fe-10723d1ff793@group-F5201121A75B->c88aba9b-104c-49ca-9c62-2596b924fb37(c0,m0,n1, attendVote=true, lastRpcSendTime=1590, lastRpcResponseTime=1588) yet, just keep nextIndex unchanged and retry.
2020-12-08 02:19:12,764 [ForkJoinPool.commonPool-worker-1] INFO  metrics.RatisMetrics (RatisMetrics.java:unregister(43)) - Unregistering Metrics Registry : ratis.server.4e005ff2-b0a1-49c5-ae0b-0004e66f3274@group-F4EC93AE6281
2020-12-08 02:19:12,765 [ForkJoinPool.commonPool-worker-1] INFO  server.GrpcService (GrpcService.java:closeImpl(184)) - 4e005ff2-b0a1-49c5-ae0b-0004e66f3274: shutdown server with port 37623 now
2020-12-08 02:19:12,773 [ForkJoinPool.commonPool-worker-1] INFO  server.GrpcService (GrpcService.java:closeImpl(193)) - 4e005ff2-b0a1-49c5-ae0b-0004e66f3274: shutdown server with port 37623 successfully
2020-12-08 02:19:12,775 [Listener at 127.0.0.1/40701] INFO  utils.BackgroundService (BackgroundService.java:shutdown(132)) - Shutting down service BlockDeletingService
2020-12-08 02:19:12,775 [ForkJoinPool.commonPool-worker-1] INFO  utils.BackgroundService (BackgroundService.java:shutdown(132)) - Shutting down service BlockDeletingService
2020-12-08 02:19:12,778 [Listener at 127.0.0.1/40701] INFO  statemachine.DatanodeStateMachine (DatanodeStateMachine.java:stopDaemon(461)) - Ozone container server stopped.
2020-12-08 02:19:12,778 [ForkJoinPool.commonPool-worker-1] INFO  statemachine.DatanodeStateMachine (DatanodeStateMachine.java:stopDaemon(461)) - Ozone container server stopped.
2020-12-08 02:19:12,793 [Listener at 127.0.0.1/40701] INFO  handler.ContextHandler (ContextHandler.java:doStop(1154)) - Stopped o.e.j.w.WebAppContext@c421318{hddsDatanode,/,null,STOPPED}{jar:file:/home/user/.m2/repository/org/apache/hadoop/hadoop-hdds-container-service/1.1.0-SNAPSHOT/hadoop-hdds-container-service-1.1.0-SNAPSHOT.jar!/webapps/hddsDatanode}
2020-12-08 02:19:12,793 [Listener at 127.0.0.1/40701] INFO  server.AbstractConnector (AbstractConnector.java:doStop(381)) - Stopped ServerConnector@db52bc4{HTTP/1.1, (http/1.1)}{0.0.0.0:0}
2020-12-08 02:19:12,794 [Listener at 127.0.0.1/40701] INFO  server.session (HouseKeeper.java:stopScavenging(149)) - node0 Stopped scavenging
2020-12-08 02:19:12,794 [Listener at 127.0.0.1/40701] INFO  handler.ContextHandler (ContextHandler.java:doStop(1154)) - Stopped o.e.j.s.ServletContextHandler@752114f1{static,/static,jar:file:/home/user/.m2/repository/org/apache/hadoop/hadoop-hdds-container-service/1.1.0-SNAPSHOT/hadoop-hdds-container-service-1.1.0-SNAPSHOT.jar!/webapps/static,STOPPED}
2020-12-08 02:19:12,794 [Listener at 127.0.0.1/40701] INFO  handler.ContextHandler (ContextHandler.java:doStop(1154)) - Stopped o.e.j.s.ServletContextHandler@2acacb1{logs,/logs,file:///github/workspace/mnt/ozone/hadoop-ozone/integration-test/target/log,STOPPED}
2020-12-08 02:19:12,800 [ForkJoinPool.commonPool-worker-1] INFO  handler.ContextHandler (ContextHandler.java:doStop(1154)) - Stopped o.e.j.w.WebAppContext@533e74c5{hddsDatanode,/,null,STOPPED}{jar:file:/home/user/.m2/repository/org/apache/hadoop/hadoop-hdds-container-service/1.1.0-SNAPSHOT/hadoop-hdds-container-service-1.1.0-SNAPSHOT.jar!/webapps/hddsDatanode}
2020-12-08 02:19:12,800 [ForkJoinPool.commonPool-worker-1] INFO  server.AbstractConnector (AbstractConnector.java:doStop(381)) - Stopped ServerConnector@27f0a71d{HTTP/1.1, (http/1.1)}{0.0.0.0:0}
2020-12-08 02:19:12,800 [ForkJoinPool.commonPool-worker-1] INFO  server.session (HouseKeeper.java:stopScavenging(149)) - node0 Stopped scavenging
2020-12-08 02:19:12,801 [ForkJoinPool.commonPool-worker-1] INFO  handler.ContextHandler (ContextHandler.java:doStop(1154)) - Stopped o.e.j.s.ServletContextHandler@7eaa78f2{static,/static,jar:file:/home/user/.m2/repository/org/apache/hadoop/hadoop-hdds-container-service/1.1.0-SNAPSHOT/hadoop-hdds-container-service-1.1.0-SNAPSHOT.jar!/webapps/static,STOPPED}
2020-12-08 02:19:12,802 [ForkJoinPool.commonPool-worker-1] INFO  handler.ContextHandler (ContextHandler.java:doStop(1154)) - Stopped o.e.j.s.ServletContextHandler@1f5246e2{logs,/logs,file:///github/workspace/mnt/ozone/hadoop-ozone/integration-test/target/log,STOPPED}
2020-12-08 02:19:13,609 [Datanode State Machine Thread - 0] INFO  statemachine.DatanodeStateMachine (DatanodeStateMachine.java:lambda$startDaemon$0(408)) - Ozone container server started.
2020-12-08 02:19:13,674 [grpc-default-executor-5] WARN  server.GrpcLogAppender (LogUtils.java:warn(122)) - 66346d6a-4140-4d92-b7fe-10723d1ff793@group-F5201121A75B->605841cf-842d-40a4-b286-0dc4c4c02111-AppendLogResponseHandler: Failed appendEntries: org.apache.ratis.thirdparty.io.grpc.StatusRuntimeException: UNAVAILABLE: io exception
2020-12-08 02:19:13,675 [grpc-default-executor-5] WARN  server.GrpcLogAppender (GrpcLogAppender.java:resetClient(107)) - 66346d6a-4140-4d92-b7fe-10723d1ff793@group-F5201121A75B->605841cf-842d-40a4-b286-0dc4c4c02111-GrpcLogAppender: Leader has not got in touch with Follower 66346d6a-4140-4d92-b7fe-10723d1ff793@group-F5201121A75B->605841cf-842d-40a4-b286-0dc4c4c02111(c0,m0,n1, attendVote=true, lastRpcSendTime=0, lastRpcResponseTime=7505) yet, just keep nextIndex unchanged and retry.
2020-12-08 02:19:13,677 [grpc-default-executor-2] WARN  server.GrpcLogAppender (LogUtils.java:warn(122)) - 66346d6a-4140-4d92-b7fe-10723d1ff793@group-F5201121A75B->c88aba9b-104c-49ca-9c62-2596b924fb37-AppendLogResponseHandler: Failed appendEntries: org.apache.ratis.thirdparty.io.grpc.StatusRuntimeException: UNAVAILABLE: io exception
2020-12-08 02:19:13,678 [grpc-default-executor-2] WARN  server.GrpcLogAppender (GrpcLogAppender.java:resetClient(107)) - 66346d6a-4140-4d92-b7fe-10723d1ff793@group-F5201121A75B->c88aba9b-104c-49ca-9c62-2596b924fb37-GrpcLogAppender: Leader has not got in touch with Follower 66346d6a-4140-4d92-b7fe-10723d1ff793@group-F5201121A75B->c88aba9b-104c-49ca-9c62-2596b924fb37(c0,m0,n1, attendVote=true, lastRpcSendTime=0, lastRpcResponseTime=2501) yet, just keep nextIndex unchanged and retry.
2020-12-08 02:19:16,175 [grpc-default-executor-2] WARN  server.GrpcLogAppender (LogUtils.java:warn(122)) - 66346d6a-4140-4d92-b7fe-10723d1ff793@group-F5201121A75B->605841cf-842d-40a4-b286-0dc4c4c02111-AppendLogResponseHandler: Failed appendEntries: org.apache.ratis.thirdparty.io.grpc.StatusRuntimeException: UNAVAILABLE: io exception
2020-12-08 02:19:16,176 [grpc-default-executor-2] WARN  server.GrpcLogAppender (GrpcLogAppender.java:resetClient(107)) - 66346d6a-4140-4d92-b7fe-10723d1ff793@group-F5201121A75B->605841cf-842d-40a4-b286-0dc4c4c02111-GrpcLogAppender: Leader has not got in touch with Follower 66346d6a-4140-4d92-b7fe-10723d1ff793@group-F5201121A75B->605841cf-842d-40a4-b286-0dc4c4c02111(c0,m0,n1, attendVote=true, lastRpcSendTime=0, lastRpcResponseTime=10006) yet, just keep nextIndex unchanged and retry.
2020-12-08 02:19:16,178 [grpc-default-executor-2] WARN  server.GrpcLogAppender (LogUtils.java:warn(122)) - 66346d6a-4140-4d92-b7fe-10723d1ff793@group-F5201121A75B->c88aba9b-104c-49ca-9c62-2596b924fb37-AppendLogResponseHandler: Failed appendEntries: org.apache.ratis.thirdparty.io.grpc.StatusRuntimeException: UNAVAILABLE: io exception
2020-12-08 02:19:16,178 [grpc-default-executor-2] WARN  server.GrpcLogAppender (GrpcLogAppender.java:resetClient(107)) - 66346d6a-4140-4d92-b7fe-10723d1ff793@group-F5201121A75B->c88aba9b-104c-49ca-9c62-2596b924fb37-GrpcLogAppender: Leader has not got in touch with Follower 66346d6a-4140-4d92-b7fe-10723d1ff793@group-F5201121A75B->c88aba9b-104c-49ca-9c62-2596b924fb37(c0,m0,n1, attendVote=true, lastRpcSendTime=2501, lastRpcResponseTime=5001) yet, just keep nextIndex unchanged and retry.
2020-12-08 02:19:17,797 [Listener at 127.0.0.1/40701] INFO  ozoneimpl.OzoneContainer (OzoneContainer.java:stop(257)) - Attempting to stop container services.
2020-12-08 02:19:17,797 [Listener at 127.0.0.1/40701] INFO  impl.RaftServerProxy (RaftServerProxy.java:lambda$close$4(338)) - 66346d6a-4140-4d92-b7fe-10723d1ff793: close
2020-12-08 02:19:17,798 [Listener at 127.0.0.1/40701] INFO  impl.RaftServerImpl (RaftServerImpl.java:lambda$shutdown$3(328)) - 66346d6a-4140-4d92-b7fe-10723d1ff793@group-5DBFB2906017: shutdown
2020-12-08 02:19:17,798 [Listener at 127.0.0.1/40701] INFO  util.JmxRegister (JmxRegister.java:unregister(73)) - Successfully un-registered JMX Bean with object name Ratis:service=RaftServer,group=group-5DBFB2906017,id=66346d6a-4140-4d92-b7fe-10723d1ff793
2020-12-08 02:19:17,798 [Listener at 127.0.0.1/40701] INFO  impl.RoleInfo (RoleInfo.java:shutdownLeaderState(104)) - 66346d6a-4140-4d92-b7fe-10723d1ff793: shutdown 66346d6a-4140-4d92-b7fe-10723d1ff793@group-5DBFB2906017-LeaderState
2020-12-08 02:19:17,798 [Listener at 127.0.0.1/40701] INFO  impl.PendingRequests (PendingRequests.java:sendNotLeaderResponses(250)) - 66346d6a-4140-4d92-b7fe-10723d1ff793@group-5DBFB2906017-PendingRequests: sendNotLeaderResponses
2020-12-08 02:19:17,799 [Listener at 127.0.0.1/40701] INFO  metrics.RatisMetrics (RatisMetrics.java:unregister(43)) - Unregistering Metrics Registry : ratis.log_appender.66346d6a-4140-4d92-b7fe-10723d1ff793@group-5DBFB2906017
2020-12-08 02:19:17,799 [Listener at 127.0.0.1/40701] INFO  metrics.RatisMetrics (RatisMetrics.java:unregister(43)) - Unregistering Metrics Registry : ratis.server.66346d6a-4140-4d92-b7fe-10723d1ff793@group-5DBFB2906017
2020-12-08 02:19:17,800 [Listener at 127.0.0.1/40701] INFO  impl.StateMachineUpdater (StateMachineUpdater.java:stopAndJoin(147)) - 66346d6a-4140-4d92-b7fe-10723d1ff793@group-5DBFB2906017-StateMachineUpdater: set stopIndex = 0
2020-12-08 02:19:17,800 [66346d6a-4140-4d92-b7fe-10723d1ff793@group-5DBFB2906017-StateMachineUpdater] INFO  ratis.ContainerStateMachine (ContainerStateMachine.java:takeSnapshot(293)) - group-5DBFB2906017: Taking a snapshot at:(t:1, i:0) file /github/workspace/mnt/ozone/hadoop-ozone/integration-test/target/test-dir/MiniOzoneClusterImpl-c7e5300f-f3f2-48d9-ae25-3e63411fd680/datanode-6/data/ratis/7130ddae-296a-4d78-b6e2-5dbfb2906017/sm/snapshot.1_0
2020-12-08 02:19:17,801 [66346d6a-4140-4d92-b7fe-10723d1ff793@group-5DBFB2906017-StateMachineUpdater] INFO  ratis.ContainerStateMachine (ContainerStateMachine.java:takeSnapshot(304)) - group-5DBFB2906017: Finished taking a snapshot at:(t:1, i:0) file:/github/workspace/mnt/ozone/hadoop-ozone/integration-test/target/test-dir/MiniOzoneClusterImpl-c7e5300f-f3f2-48d9-ae25-3e63411fd680/datanode-6/data/ratis/7130ddae-296a-4d78-b6e2-5dbfb2906017/sm/snapshot.1_0 time:1
2020-12-08 02:19:17,801 [66346d6a-4140-4d92-b7fe-10723d1ff793@group-5DBFB2906017-StateMachineUpdater] INFO  impl.StateMachineUpdater (StateMachineUpdater.java:takeSnapshot(278)) - 66346d6a-4140-4d92-b7fe-10723d1ff793@group-5DBFB2906017-StateMachineUpdater: Took a snapshot at index 0
2020-12-08 02:19:17,802 [66346d6a-4140-4d92-b7fe-10723d1ff793@group-5DBFB2906017-StateMachineUpdater] INFO  impl.StateMachineUpdater (StateMachineUpdater.java:lambda$new$0(87)) - 66346d6a-4140-4d92-b7fe-10723d1ff793@group-5DBFB2906017-StateMachineUpdater: snapshotIndex: updateIncreasingly -1 -> 0
2020-12-08 02:19:17,802 [66346d6a-4140-4d92-b7fe-10723d1ff793@group-5DBFB2906017-StateMachineUpdater] INFO  metrics.RatisMetrics (RatisMetrics.java:unregister(43)) - Unregistering Metrics Registry : ratis.state_machine.66346d6a-4140-4d92-b7fe-10723d1ff793@group-5DBFB2906017
2020-12-08 02:19:17,802 [Listener at 127.0.0.1/40701] INFO  impl.RaftServerImpl (ServerState.java:close(406)) - 66346d6a-4140-4d92-b7fe-10723d1ff793@group-5DBFB2906017: closes. applyIndex: 0
2020-12-08 02:19:17,802 [66346d6a-4140-4d92-b7fe-10723d1ff793@group-5DBFB2906017-SegmentedRaftLogWorker] INFO  segmented.SegmentedRaftLogWorker (SegmentedRaftLogWorker.java:run(329)) - 66346d6a-4140-4d92-b7fe-10723d1ff793@group-5DBFB2906017-SegmentedRaftLogWorker was interrupted, exiting. There are 0 tasks remaining in the queue.
2020-12-08 02:19:17,802 [Listener at 127.0.0.1/40701] INFO  segmented.SegmentedRaftLogWorker (SegmentedRaftLogWorker.java:close(235)) - 66346d6a-4140-4d92-b7fe-10723d1ff793@group-5DBFB2906017-SegmentedRaftLogWorker close()
2020-12-08 02:19:17,804 [Listener at 127.0.0.1/40701] INFO  metrics.RatisMetrics (RatisMetrics.java:unregister(43)) - Unregistering Metrics Registry : ratis.log_worker.66346d6a-4140-4d92-b7fe-10723d1ff793@group-5DBFB2906017
2020-12-08 02:19:17,804 [Listener at 127.0.0.1/40701] INFO  metrics.RatisMetrics (RatisMetrics.java:unregister(43)) - Unregistering Metrics Registry : ratis.leader_election.66346d6a-4140-4d92-b7fe-10723d1ff793@group-5DBFB2906017
2020-12-08 02:19:17,805 [Listener at 127.0.0.1/40701] INFO  metrics.RatisMetrics (RatisMetrics.java:unregister(43)) - Unregistering Metrics Registry : ratis.server.66346d6a-4140-4d92-b7fe-10723d1ff793@group-5DBFB2906017
2020-12-08 02:19:17,805 [Listener at 127.0.0.1/40701] INFO  impl.RaftServerImpl (RaftServerImpl.java:lambda$shutdown$3(328)) - 66346d6a-4140-4d92-b7fe-10723d1ff793@group-F5201121A75B: shutdown
2020-12-08 02:19:17,805 [Listener at 127.0.0.1/40701] INFO  util.JmxRegister (JmxRegister.java:unregister(73)) - Successfully un-registered JMX Bean with object name Ratis:service=RaftServer,group=group-F5201121A75B,id=66346d6a-4140-4d92-b7fe-10723d1ff793
2020-12-08 02:19:17,805 [Listener at 127.0.0.1/40701] INFO  impl.RoleInfo (RoleInfo.java:shutdownLeaderState(104)) - 66346d6a-4140-4d92-b7fe-10723d1ff793: shutdown 66346d6a-4140-4d92-b7fe-10723d1ff793@group-F5201121A75B-LeaderState
2020-12-08 02:19:17,805 [Listener at 127.0.0.1/40701] INFO  metrics.RatisMetrics (RatisMetrics.java:unregister(43)) - Unregistering Metrics Registry : ratis_grpc.log_appender.66346d6a-4140-4d92-b7fe-10723d1ff793@group-F5201121A75B
2020-12-08 02:19:17,805 [Listener at 127.0.0.1/40701] INFO  metrics.RatisMetrics (RatisMetrics.java:unregister(43)) - Unregistering Metrics Registry : ratis_grpc.log_appender.66346d6a-4140-4d92-b7fe-10723d1ff793@group-F5201121A75B
2020-12-08 02:19:17,805 [org.apache.ratis.server.impl.LogAppender$AppenderDaemon$$Lambda$479/1454461240@75533f6] WARN  server.GrpcLogAppender (GrpcLogAppender.java:mayWait(168)) - 66346d6a-4140-4d92-b7fe-10723d1ff793@group-F5201121A75B->c88aba9b-104c-49ca-9c62-2596b924fb37-GrpcLogAppender: Wait interrupted by java.lang.InterruptedException
2020-12-08 02:19:17,806 [Listener at 127.0.0.1/40701] INFO  impl.PendingRequests (PendingRequests.java:sendNotLeaderResponses(250)) - 66346d6a-4140-4d92-b7fe-10723d1ff793@group-F5201121A75B-PendingRequests: sendNotLeaderResponses
2020-12-08 02:19:17,806 [org.apache.ratis.server.impl.LogAppender$AppenderDaemon$$Lambda$479/1454461240@7a6961a0] WARN  server.GrpcLogAppender (GrpcLogAppender.java:mayWait(168)) - 66346d6a-4140-4d92-b7fe-10723d1ff793@group-F5201121A75B->605841cf-842d-40a4-b286-0dc4c4c02111-GrpcLogAppender: Wait interrupted by java.lang.InterruptedException
2020-12-08 02:19:17,806 [Listener at 127.0.0.1/40701] INFO  metrics.RatisMetrics (RatisMetrics.java:unregister(43)) - Unregistering Metrics Registry : ratis.log_appender.66346d6a-4140-4d92-b7fe-10723d1ff793@group-F5201121A75B
2020-12-08 02:19:17,807 [Listener at 127.0.0.1/40701] INFO  metrics.RatisMetrics (RatisMetrics.java:unregister(43)) - Unregistering Metrics Registry : ratis.server.66346d6a-4140-4d92-b7fe-10723d1ff793@group-F5201121A75B
2020-12-08 02:19:17,807 [Listener at 127.0.0.1/40701] INFO  impl.StateMachineUpdater (StateMachineUpdater.java:stopAndJoin(147)) - 66346d6a-4140-4d92-b7fe-10723d1ff793@group-F5201121A75B-StateMachineUpdater: set stopIndex = 0
2020-12-08 02:19:17,808 [66346d6a-4140-4d92-b7fe-10723d1ff793@group-F5201121A75B-StateMachineUpdater] INFO  ratis.ContainerStateMachine (ContainerStateMachine.java:takeSnapshot(293)) - group-F5201121A75B: Taking a snapshot at:(t:1, i:0) file /github/workspace/mnt/ozone/hadoop-ozone/integration-test/target/test-dir/MiniOzoneClusterImpl-c7e5300f-f3f2-48d9-ae25-3e63411fd680/datanode-6/data/ratis/e69dd776-de2f-4d57-b56f-f5201121a75b/sm/snapshot.1_0
2020-12-08 02:19:17,808 [66346d6a-4140-4d92-b7fe-10723d1ff793@group-F5201121A75B-StateMachineUpdater] INFO  ratis.ContainerStateMachine (ContainerStateMachine.java:takeSnapshot(304)) - group-F5201121A75B: Finished taking a snapshot at:(t:1, i:0) file:/github/workspace/mnt/ozone/hadoop-ozone/integration-test/target/test-dir/MiniOzoneClusterImpl-c7e5300f-f3f2-48d9-ae25-3e63411fd680/datanode-6/data/ratis/e69dd776-de2f-4d57-b56f-f5201121a75b/sm/snapshot.1_0 time:0
2020-12-08 02:19:17,809 [66346d6a-4140-4d92-b7fe-10723d1ff793@group-F5201121A75B-StateMachineUpdater] INFO  impl.StateMachineUpdater (StateMachineUpdater.java:takeSnapshot(278)) - 66346d6a-4140-4d92-b7fe-10723d1ff793@group-F5201121A75B-StateMachineUpdater: Took a snapshot at index 0
2020-12-08 02:19:17,809 [66346d6a-4140-4d92-b7fe-10723d1ff793@group-F5201121A75B-StateMachineUpdater] INFO  impl.StateMachineUpdater (StateMachineUpdater.java:lambda$new$0(87)) - 66346d6a-4140-4d92-b7fe-10723d1ff793@group-F5201121A75B-StateMachineUpdater: snapshotIndex: updateIncreasingly -1 -> 0
2020-12-08 02:19:17,809 [66346d6a-4140-4d92-b7fe-10723d1ff793@group-F5201121A75B-StateMachineUpdater] INFO  metrics.RatisMetrics (RatisMetrics.java:unregister(43)) - Unregistering Metrics Registry : ratis.state_machine.66346d6a-4140-4d92-b7fe-10723d1ff793@group-F5201121A75B
2020-12-08 02:19:17,809 [Listener at 127.0.0.1/40701] INFO  impl.RaftServerImpl (ServerState.java:close(406)) - 66346d6a-4140-4d92-b7fe-10723d1ff793@group-F5201121A75B: closes. applyIndex: 0
2020-12-08 02:19:17,809 [66346d6a-4140-4d92-b7fe-10723d1ff793@group-F5201121A75B-SegmentedRaftLogWorker] INFO  segmented.SegmentedRaftLogWorker (SegmentedRaftLogWorker.java:run(329)) - 66346d6a-4140-4d92-b7fe-10723d1ff793@group-F5201121A75B-SegmentedRaftLogWorker was interrupted, exiting. There are 0 tasks remaining in the queue.
2020-12-08 02:19:17,809 [Listener at 127.0.0.1/40701] INFO  segmented.SegmentedRaftLogWorker (SegmentedRaftLogWorker.java:close(235)) - 66346d6a-4140-4d92-b7fe-10723d1ff793@group-F5201121A75B-SegmentedRaftLogWorker close()
2020-12-08 02:19:17,810 [Listener at 127.0.0.1/40701] INFO  metrics.RatisMetrics (RatisMetrics.java:unregister(43)) - Unregistering Metrics Registry : ratis.log_worker.66346d6a-4140-4d92-b7fe-10723d1ff793@group-F5201121A75B
2020-12-08 02:19:17,810 [Listener at 127.0.0.1/40701] INFO  metrics.RatisMetrics (RatisMetrics.java:unregister(43)) - Unregistering Metrics Registry : ratis.leader_election.66346d6a-4140-4d92-b7fe-10723d1ff793@group-F5201121A75B
2020-12-08 02:19:17,810 [Listener at 127.0.0.1/40701] INFO  metrics.RatisMetrics (RatisMetrics.java:unregister(43)) - Unregistering Metrics Registry : ratis.server.66346d6a-4140-4d92-b7fe-10723d1ff793@group-F5201121A75B
2020-12-08 02:19:17,810 [Listener at 127.0.0.1/40701] INFO  server.GrpcService (GrpcService.java:closeImpl(184)) - 66346d6a-4140-4d92-b7fe-10723d1ff793: shutdown server with port 45391 now
2020-12-08 02:19:17,821 [Listener at 127.0.0.1/40701] INFO  server.GrpcService (GrpcService.java:closeImpl(193)) - 66346d6a-4140-4d92-b7fe-10723d1ff793: shutdown server with port 45391 successfully
2020-12-08 02:19:17,822 [Listener at 127.0.0.1/40701] INFO  utils.BackgroundService (BackgroundService.java:shutdown(132)) - Shutting down service BlockDeletingService
2020-12-08 02:19:17,823 [Listener at 127.0.0.1/40701] INFO  statemachine.DatanodeStateMachine (DatanodeStateMachine.java:stopDaemon(461)) - Ozone container server stopped.
2020-12-08 02:19:17,833 [Listener at 127.0.0.1/40701] INFO  handler.ContextHandler (ContextHandler.java:doStop(1154)) - Stopped o.e.j.w.WebAppContext@263426ea{hddsDatanode,/,null,STOPPED}{jar:file:/home/user/.m2/repository/org/apache/hadoop/hadoop-hdds-container-service/1.1.0-SNAPSHOT/hadoop-hdds-container-service-1.1.0-SNAPSHOT.jar!/webapps/hddsDatanode}
2020-12-08 02:19:17,834 [Listener at 127.0.0.1/40701] INFO  server.AbstractConnector (AbstractConnector.java:doStop(381)) - Stopped ServerConnector@70ea72e{HTTP/1.1, (http/1.1)}{0.0.0.0:0}
2020-12-08 02:19:17,834 [Listener at 127.0.0.1/40701] INFO  server.session (HouseKeeper.java:stopScavenging(149)) - node0 Stopped scavenging
2020-12-08 02:19:17,834 [Listener at 127.0.0.1/40701] INFO  handler.ContextHandler (ContextHandler.java:doStop(1154)) - Stopped o.e.j.s.ServletContextHandler@2c720867{static,/static,jar:file:/home/user/.m2/repository/org/apache/hadoop/hadoop-hdds-container-service/1.1.0-SNAPSHOT/hadoop-hdds-container-service-1.1.0-SNAPSHOT.jar!/webapps/static,STOPPED}
2020-12-08 02:19:17,835 [Listener at 127.0.0.1/40701] INFO  handler.ContextHandler (ContextHandler.java:doStop(1154)) - Stopped o.e.j.s.ServletContextHandler@6ad57ee3{logs,/logs,file:///github/workspace/mnt/ozone/hadoop-ozone/integration-test/target/log,STOPPED}
2020-12-08 02:19:17,836 [Listener at 127.0.0.1/40701] INFO  ozone.MiniOzoneClusterImpl (MiniOzoneClusterImpl.java:stopSCM(477)) - Stopping the StorageContainerManager
2020-12-08 02:19:17,836 [Listener at 127.0.0.1/40701] INFO  server.StorageContainerManager (StorageContainerManager.java:stop(832)) - Stopping Replication Manager Service.
2020-12-08 02:19:17,836 [Listener at 127.0.0.1/40701] INFO  container.ReplicationManager (ReplicationManager.java:stop(227)) - Stopping Replication Monitor Thread.
2020-12-08 02:19:17,836 [Listener at 127.0.0.1/40701] INFO  server.StorageContainerManager (StorageContainerManager.java:stop(839)) - Stopping the Datanode Admin Monitor.
2020-12-08 02:19:17,837 [Listener at 127.0.0.1/40701] INFO  server.StorageContainerManager (StorageContainerManager.java:stop(846)) - Stopping Lease Manager of the command watchers
2020-12-08 02:19:17,837 [Listener at 127.0.0.1/40701] INFO  server.StorageContainerManager (StorageContainerManager.java:stop(853)) - Stopping datanode service RPC server
2020-12-08 02:19:17,837 [Listener at 127.0.0.1/40701] INFO  server.SCMDatanodeProtocolServer (SCMDatanodeProtocolServer.java:stop(369)) - Stopping the RPC server for DataNodes
2020-12-08 02:19:17,837 [Listener at 127.0.0.1/40701] INFO  ipc.Server (Server.java:stop(3359)) - Stopping server on 45053
2020-12-08 02:19:17,837 [CommandWatcher-LeaseManager#LeaseMonitor] ERROR lease.LeaseManager (LeaseManager.java:run(238)) - Execution was interrupted 
java.lang.InterruptedException: sleep interrupted
	at java.lang.Thread.sleep(Native Method)
	at org.apache.hadoop.ozone.lease.LeaseManager$LeaseMonitor.run(LeaseManager.java:234)
	at java.lang.Thread.run(Thread.java:748)
2020-12-08 02:19:17,839 [IPC Server listener on 0] INFO  ipc.Server (Server.java:run(1330)) - Stopping IPC Server listener on 0
2020-12-08 02:19:17,840 [IPC Server Responder] INFO  ipc.Server (Server.java:run(1465)) - Stopping IPC Server Responder
2020-12-08 02:19:17,897 [SCM Heartbeat Processing Thread - 0] WARN  node.NodeStateManager (NodeStateManager.java:scheduleNextHealthCheck(688)) - Current Thread is interrupted, shutting down HB processing thread for Node Manager.
2020-12-08 02:19:17,897 [Listener at 127.0.0.1/40701] INFO  server.StorageContainerManager (StorageContainerManager.java:stop(861)) - Stopping block service RPC server
2020-12-08 02:19:17,898 [Listener at 127.0.0.1/40701] INFO  server.SCMBlockProtocolServer (SCMBlockProtocolServer.java:stop(159)) - Stopping the RPC server for Block Protocol
2020-12-08 02:19:17,898 [Listener at 127.0.0.1/40701] INFO  ipc.Server (Server.java:stop(3359)) - Stopping server on 45535
2020-12-08 02:19:17,898 [IPC Server listener on 0] INFO  ipc.Server (Server.java:run(1330)) - Stopping IPC Server listener on 0
2020-12-08 02:19:17,900 [IPC Server Responder] INFO  ipc.Server (Server.java:run(1465)) - Stopping IPC Server Responder
2020-12-08 02:19:17,901 [Listener at 127.0.0.1/40701] INFO  server.StorageContainerManager (StorageContainerManager.java:stop(868)) - Stopping the StorageContainerLocationProtocol RPC server
2020-12-08 02:19:17,901 [Listener at 127.0.0.1/40701] INFO  server.SCMClientProtocolServer (SCMClientProtocolServer.java:stop(168)) - Stopping the RPC server for Client Protocol
2020-12-08 02:19:17,901 [Listener at 127.0.0.1/40701] INFO  ipc.Server (Server.java:stop(3359)) - Stopping server on 46649
2020-12-08 02:19:17,902 [IPC Server listener on 0] INFO  ipc.Server (Server.java:run(1330)) - Stopping IPC Server listener on 0
2020-12-08 02:19:17,903 [IPC Server Responder] INFO  ipc.Server (Server.java:run(1465)) - Stopping IPC Server Responder
2020-12-08 02:19:17,905 [Listener at 127.0.0.1/40701] INFO  server.StorageContainerManager (StorageContainerManager.java:stop(875)) - Stopping Storage Container Manager HTTP server.
2020-12-08 02:19:17,906 [Listener at 127.0.0.1/40701] INFO  handler.ContextHandler (ContextHandler.java:doStop(1154)) - Stopped o.e.j.w.WebAppContext@21e827c8{scm,/,null,STOPPED}{file:/github/workspace/mnt/ozone/hadoop-ozone/integration-test/target/test-classes/webapps/scm}
2020-12-08 02:19:17,906 [Listener at 127.0.0.1/40701] INFO  server.AbstractConnector (AbstractConnector.java:doStop(381)) - Stopped ServerConnector@5a1dda88{HTTP/1.1, (http/1.1)}{0.0.0.0:0}
2020-12-08 02:19:17,906 [Listener at 127.0.0.1/40701] INFO  server.session (HouseKeeper.java:stopScavenging(149)) - node0 Stopped scavenging
2020-12-08 02:19:17,907 [Listener at 127.0.0.1/40701] INFO  handler.ContextHandler (ContextHandler.java:doStop(1154)) - Stopped o.e.j.s.ServletContextHandler@60a64104{static,/static,file:///github/workspace/mnt/ozone/hadoop-ozone/integration-test/target/test-classes/webapps/static,STOPPED}
2020-12-08 02:19:17,907 [Listener at 127.0.0.1/40701] INFO  handler.ContextHandler (ContextHandler.java:doStop(1154)) - Stopped o.e.j.s.ServletContextHandler@3261b8bf{logs,/logs,file:///github/workspace/mnt/ozone/hadoop-ozone/integration-test/target/log,STOPPED}
2020-12-08 02:19:17,908 [Listener at 127.0.0.1/40701] INFO  server.StorageContainerManager (StorageContainerManager.java:stop(886)) - Stopping Block Manager Service.
2020-12-08 02:19:17,908 [Listener at 127.0.0.1/40701] INFO  utils.BackgroundService (BackgroundService.java:shutdown(132)) - Shutting down service SCMBlockDeletingService
2020-12-08 02:19:17,909 [Listener at 127.0.0.1/40701] INFO  utils.BackgroundService (BackgroundService.java:shutdown(132)) - Shutting down service SCMBlockDeletingService
2020-12-08 02:19:17,909 [Listener at 127.0.0.1/40701] INFO  server.StorageContainerManager (StorageContainerManager.java:stop(911)) - Stopping SCM Event Queue.
2020-12-08 02:19:17,912 [Listener at 127.0.0.1/40701] INFO  impl.MetricsSystemImpl (MetricsSystemImpl.java:stop(210)) - Stopping HddsDatanode metrics system...
2020-12-08 02:19:17,918 [Listener at 127.0.0.1/40701] INFO  impl.MetricsSystemImpl (MetricsSystemImpl.java:stop(216)) - HddsDatanode metrics system stopped.
]]></system-out>
    <system-err><![CDATA[Dec 08, 2020 2:18:52 AM org.apache.ratis.thirdparty.io.grpc.internal.ManagedChannelOrphanWrapper$ManagedChannelReference cleanQueue
SEVERE: *~*~*~ Channel ManagedChannelImpl{logId=435, target=172.17.0.2:37037} was not shutdown properly!!! ~*~*~*
    Make sure to call shutdown()/shutdownNow() and wait until awaitTermination() returns true.
java.lang.RuntimeException: ManagedChannel allocation site
	at org.apache.ratis.thirdparty.io.grpc.internal.ManagedChannelOrphanWrapper$ManagedChannelReference.<init>(ManagedChannelOrphanWrapper.java:93)
	at org.apache.ratis.thirdparty.io.grpc.internal.ManagedChannelOrphanWrapper.<init>(ManagedChannelOrphanWrapper.java:53)
	at org.apache.ratis.thirdparty.io.grpc.internal.ManagedChannelOrphanWrapper.<init>(ManagedChannelOrphanWrapper.java:44)
	at org.apache.ratis.thirdparty.io.grpc.internal.AbstractManagedChannelImplBuilder.build(AbstractManagedChannelImplBuilder.java:518)
	at org.apache.ratis.grpc.client.GrpcClientProtocolClient.<init>(GrpcClientProtocolClient.java:133)
	at org.apache.ratis.grpc.client.GrpcClientRpc.lambda$new$0(GrpcClientRpc.java:56)
	at org.apache.ratis.util.PeerProxyMap$PeerAndProxy.lambda$getProxy$0(PeerProxyMap.java:63)
	at org.apache.ratis.util.LifeCycle.startAndTransition(LifeCycle.java:222)
	at org.apache.ratis.util.PeerProxyMap$PeerAndProxy.getProxy(PeerProxyMap.java:62)
	at org.apache.ratis.util.PeerProxyMap.getProxy(PeerProxyMap.java:114)
	at org.apache.ratis.grpc.client.GrpcClientRpc.sendRequestAsyncUnordered(GrpcClientRpc.java:79)
	at org.apache.ratis.client.impl.UnorderedAsync.sendRequestWithRetry(UnorderedAsync.java:76)
	at org.apache.ratis.client.impl.UnorderedAsync.lambda$null$2(UnorderedAsync.java:124)
	at org.apache.ratis.util.TimeoutScheduler.lambda$onTimeout$0(TimeoutScheduler.java:141)
	at org.apache.ratis.util.TimeoutScheduler.lambda$onTimeout$1(TimeoutScheduler.java:155)
	at org.apache.ratis.util.LogUtils.runAndLog(LogUtils.java:38)
	at org.apache.ratis.util.LogUtils$1.run(LogUtils.java:79)
	at java.util.concurrent.Executors$RunnableAdapter.call(Executors.java:511)
	at java.util.concurrent.FutureTask.run(FutureTask.java:266)
	at java.util.concurrent.ScheduledThreadPoolExecutor$ScheduledFutureTask.access$201(ScheduledThreadPoolExecutor.java:180)
	at java.util.concurrent.ScheduledThreadPoolExecutor$ScheduledFutureTask.run(ScheduledThreadPoolExecutor.java:293)
	at java.util.concurrent.ThreadPoolExecutor.runWorker(ThreadPoolExecutor.java:1149)
	at java.util.concurrent.ThreadPoolExecutor$Worker.run(ThreadPoolExecutor.java:624)
	at java.lang.Thread.run(Thread.java:748)

]]></system-err>
  </testcase>
  <testcase name="test2WayCommitForTimeoutException" classname="org.apache.hadoop.ozone.client.rpc.TestWatchForCommit" time="42.484"/>
</testsuite>